<?xml version="1.0" encoding="utf-8"?>
<TestRun id="99e381d0-4c7c-49dd-8ed3-aa85b7d71a01" name="@pkrvmfkh1xnbeme 2025-07-09 18:48:02" xmlns="http://microsoft.com/schemas/VisualStudio/TeamTest/2010">
  <Times creation="2025-07-09T18:48:02.8080579+00:00" queuing="2025-07-09T18:48:02.8080580+00:00" start="2025-07-09T18:48:00.4562637+00:00" finish="2025-07-09T18:48:02.8192751+00:00" />
  <TestSettings name="default" id="f3534224-2d59-41ac-8689-36ecb1d9d8e9">
    <Deployment runDeploymentRoot="_pkrvmfkh1xnbeme_2025-07-09_18_48_02" />
  </TestSettings>
  <Results>
    <UnitTestResult executionId="42c242d3-8963-4abd-a854-c5e512128860" testId="0e7fdc74-f163-d4d3-0269-4d27e0fc62ec" testName="CustomConstructorWithThisInitializerShouldHaveInitializerPopulated" computerName="pkrvmfkh1xnbeme" duration="00:00:00.0385750" startTime="2025-07-09T18:48:02.6539936+00:00" endTime="2025-07-09T18:48:02.6925678+00:00" testType="13cdc9d9-ddb5-4fa4-a97d-d965ccfc6d4b" outcome="Passed" testListId="8c84fa94-04c1-424b-9868-57a2d4851a1d" relativeResultsDirectory="42c242d3-8963-4abd-a854-c5e512128860" />
    <UnitTestResult executionId="6d21c8b4-c9c4-4e25-8637-dbc2c4582050" testId="6bd7a7fe-7997-570b-3fa0-de1f60f7b80e" testName="CustomConstructorWithBaseInitializerShouldHaveInitializerPopulated" computerName="pkrvmfkh1xnbeme" duration="00:00:01.2362330" startTime="2025-07-09T18:48:01.3756579+00:00" endTime="2025-07-09T18:48:02.6117826+00:00" testType="13cdc9d9-ddb5-4fa4-a97d-d965ccfc6d4b" outcome="Passed" testListId="8c84fa94-04c1-424b-9868-57a2d4851a1d" relativeResultsDirectory="6d21c8b4-c9c4-4e25-8637-dbc2c4582050" />
    <UnitTestResult executionId="7666506e-459f-4b34-928f-980978181d2c" testId="18284965-caa9-19be-bcfc-7aaeae04db65" testName="CustomConstructorWithoutInitializerShouldHaveNullInitializer" computerName="pkrvmfkh1xnbeme" duration="00:00:00.0392730" startTime="2025-07-09T18:48:02.6146714+00:00" endTime="2025-07-09T18:48:02.6539445+00:00" testType="13cdc9d9-ddb5-4fa4-a97d-d965ccfc6d4b" outcome="Passed" testListId="8c84fa94-04c1-424b-9868-57a2d4851a1d" relativeResultsDirectory="7666506e-459f-4b34-928f-980978181d2c" />
  </Results>
  <TestDefinitions>
    <UnitTest name="CustomConstructorWithoutInitializerShouldHaveNullInitializer" storage="/home/runner/work/typespec/typespec/packages/http-client-csharp/generator/artifacts/bin/microsoft.typespec.generator.tests/debug/net8.0/microsoft.typespec.generator.tests.dll" id="18284965-caa9-19be-bcfc-7aaeae04db65">
      <Execution id="7666506e-459f-4b34-928f-980978181d2c" />
      <TestMethod codeBase="/home/runner/work/typespec/typespec/packages/http-client-csharp/generator/artifacts/bin/Microsoft.TypeSpec.Generator.Tests/Debug/net8.0/Microsoft.TypeSpec.Generator.Tests.dll" adapterTypeName="executor://nunit3testexecutor/" className="Microsoft.TypeSpec.Generator.Tests.Providers.NamedTypeSymbolProviders.ConstructorInitializerTests" name="CustomConstructorWithoutInitializerShouldHaveNullInitializer" />
    </UnitTest>
    <UnitTest name="CustomConstructorWithThisInitializerShouldHaveInitializerPopulated" storage="/home/runner/work/typespec/typespec/packages/http-client-csharp/generator/artifacts/bin/microsoft.typespec.generator.tests/debug/net8.0/microsoft.typespec.generator.tests.dll" id="0e7fdc74-f163-d4d3-0269-4d27e0fc62ec">
      <Execution id="42c242d3-8963-4abd-a854-c5e512128860" />
      <TestMethod codeBase="/home/runner/work/typespec/typespec/packages/http-client-csharp/generator/artifacts/bin/Microsoft.TypeSpec.Generator.Tests/Debug/net8.0/Microsoft.TypeSpec.Generator.Tests.dll" adapterTypeName="executor://nunit3testexecutor/" className="Microsoft.TypeSpec.Generator.Tests.Providers.NamedTypeSymbolProviders.ConstructorInitializerTests" name="CustomConstructorWithThisInitializerShouldHaveInitializerPopulated" />
    </UnitTest>
    <UnitTest name="CustomConstructorWithBaseInitializerShouldHaveInitializerPopulated" storage="/home/runner/work/typespec/typespec/packages/http-client-csharp/generator/artifacts/bin/microsoft.typespec.generator.tests/debug/net8.0/microsoft.typespec.generator.tests.dll" id="6bd7a7fe-7997-570b-3fa0-de1f60f7b80e">
      <Execution id="6d21c8b4-c9c4-4e25-8637-dbc2c4582050" />
      <TestMethod codeBase="/home/runner/work/typespec/typespec/packages/http-client-csharp/generator/artifacts/bin/Microsoft.TypeSpec.Generator.Tests/Debug/net8.0/Microsoft.TypeSpec.Generator.Tests.dll" adapterTypeName="executor://nunit3testexecutor/" className="Microsoft.TypeSpec.Generator.Tests.Providers.NamedTypeSymbolProviders.ConstructorInitializerTests" name="CustomConstructorWithBaseInitializerShouldHaveInitializerPopulated" />
    </UnitTest>
  </TestDefinitions>
  <TestEntries>
    <TestEntry testId="0e7fdc74-f163-d4d3-0269-4d27e0fc62ec" executionId="42c242d3-8963-4abd-a854-c5e512128860" testListId="8c84fa94-04c1-424b-9868-57a2d4851a1d" />
    <TestEntry testId="6bd7a7fe-7997-570b-3fa0-de1f60f7b80e" executionId="6d21c8b4-c9c4-4e25-8637-dbc2c4582050" testListId="8c84fa94-04c1-424b-9868-57a2d4851a1d" />
    <TestEntry testId="18284965-caa9-19be-bcfc-7aaeae04db65" executionId="7666506e-459f-4b34-928f-980978181d2c" testListId="8c84fa94-04c1-424b-9868-57a2d4851a1d" />
  </TestEntries>
  <TestLists>
    <TestList name="Results Not in a List" id="8c84fa94-04c1-424b-9868-57a2d4851a1d" />
    <TestList name="All Loaded Results" id="19431567-8539-422a-85d7-44ee4e166bda" />
  </TestLists>
  <ResultSummary outcome="Completed">
    <Counters total="3" executed="3" passed="3" failed="0" error="0" timeout="0" aborted="0" inconclusive="0" passedButRunAborted="0" notRunnable="0" notExecuted="0" disconnected="0" warning="0" completed="0" inProgress="0" pending="0" />
    <Output>
      <StdOut>NUnit Adapter 4.5.0.0: Test execution started
Running selected tests in /home/runner/work/typespec/typespec/packages/http-client-csharp/generator/artifacts/bin/Microsoft.TypeSpec.Generator.Tests/Debug/net8.0/Microsoft.TypeSpec.Generator.Tests.dll
   NUnit3TestExecutor discovered 3 of 3 NUnit test cases using Current Discovery mode, Non-Explicit run
NUnit Adapter 4.5.0.0: Test execution complete
</StdOut>
    </Output>
  </ResultSummary>
</TestRun>