<?xml version="1.0" encoding="utf-8"?>
<TestRun id="3f35c4d5-faef-4db2-9cda-7c1ad88bda81" name="@pkrvmfkh1xnbeme 2025-07-09 18:53:43" xmlns="http://microsoft.com/schemas/VisualStudio/TeamTest/2010">
  <Times creation="2025-07-09T18:53:43.7241081+00:00" queuing="2025-07-09T18:53:43.7241082+00:00" start="2025-07-09T18:53:42.3998615+00:00" finish="2025-07-09T18:53:53.4316306+00:00" />
  <TestSettings name="default" id="91544a72-72d5-4954-9eb9-1fc2d07b0b44">
    <Deployment runDeploymentRoot="_pkrvmfkh1xnbeme_2025-07-09_18_53_43" />
  </TestSettings>
  <Results>
    <UnitTestResult executionId="4dadfaf7-6185-4b4e-81ac-1939bddc4a5e" testId="cfd0af04-f3dc-0a74-1e9d-e96e41c6efc6" testName="TestIsCSharpKeyword(&quot;unmanaged&quot;,True)" computerName="pkrvmfkh1xnbeme" duration="00:00:00.0003360" startTime="2025-07-09T18:53:52.9744335+00:00" endTime="2025-07-09T18:53:52.9747694+00:00" testType="13cdc9d9-ddb5-4fa4-a97d-d965ccfc6d4b" outcome="Passed" testListId="8c84fa94-04c1-424b-9868-57a2d4851a1d" relativeResultsDirectory="4dadfaf7-6185-4b4e-81ac-1939bddc4a5e" />
    <UnitTestResult executionId="832a6ba9-36cc-4231-9533-1dd8d6ac8919" testId="a9a0a623-de99-ffd6-5c43-ed9a99915615" testName="NotNullOrEmptyStringThrowsOnEmpty" computerName="pkrvmfkh1xnbeme" duration="00:00:00.0003700" startTime="2025-07-09T18:53:46.9726296+00:00" endTime="2025-07-09T18:53:46.9729995+00:00" testType="13cdc9d9-ddb5-4fa4-a97d-d965ccfc6d4b" outcome="Passed" testListId="8c84fa94-04c1-424b-9868-57a2d4851a1d" relativeResultsDirectory="832a6ba9-36cc-4231-9533-1dd8d6ac8919" />
    <UnitTestResult executionId="7d5b082c-6013-44b6-ab79-e3a26b623334" testId="e2039d45-fd2d-c132-a00d-e948754ce65d" testName="ShouldDiscoverPlugins" computerName="pkrvmfkh1xnbeme" duration="00:00:00.0621100" startTime="2025-07-09T18:53:52.7330033+00:00" endTime="2025-07-09T18:53:52.7951133+00:00" testType="13cdc9d9-ddb5-4fa4-a97d-d965ccfc6d4b" outcome="Passed" testListId="8c84fa94-04c1-424b-9868-57a2d4851a1d" relativeResultsDirectory="7d5b082c-6013-44b6-ab79-e3a26b623334" />
    <UnitTestResult executionId="c694101e-7bf6-4224-8078-079df465ed45" testId="40a85c6c-c756-5b14-9ac1-b54d809a5569" testName="IsList(System.Int32,False)" computerName="pkrvmfkh1xnbeme" duration="00:00:00.0002090" startTime="2025-07-09T18:53:46.9400330+00:00" endTime="2025-07-09T18:53:46.9402415+00:00" testType="13cdc9d9-ddb5-4fa4-a97d-d965ccfc6d4b" outcome="Passed" testListId="8c84fa94-04c1-424b-9868-57a2d4851a1d" relativeResultsDirectory="c694101e-7bf6-4224-8078-079df465ed45" />
    <UnitTestResult executionId="c2f9b01d-61a6-4170-b9a9-86214465538d" testId="91b95da8-603f-b232-9073-55e1b9d916b9" testName="ListExpression(System.Collections.Generic.IDictionary`2[System.Collections.Generic.IDictionary`2[System.Int32,System.String],System.Collections.Generic.IDictionary`2[System.String,System.Int32]])" computerName="pkrvmfkh1xnbeme" duration="00:00:00.0002490" startTime="2025-07-09T18:53:46.0558573+00:00" endTime="2025-07-09T18:53:46.0561062+00:00" testType="13cdc9d9-ddb5-4fa4-a97d-d965ccfc6d4b" outcome="Passed" testListId="8c84fa94-04c1-424b-9868-57a2d4851a1d" relativeResultsDirectory="c2f9b01d-61a6-4170-b9a9-86214465538d" />
    <UnitTestResult executionId="8624d39e-6070-4d17-9f3f-1ba11053060a" testId="0d425a27-31f7-19b7-e956-36a35d28d84b" testName="CodeWriter_WriteProperty_IndexerProperty_ExpressionBody_WithExplicitInterface" computerName="pkrvmfkh1xnbeme" duration="00:00:00.0006100" startTime="2025-07-09T18:53:53.0080071+00:00" endTime="2025-07-09T18:53:53.0086167+00:00" testType="13cdc9d9-ddb5-4fa4-a97d-d965ccfc6d4b" outcome="Passed" testListId="8c84fa94-04c1-424b-9868-57a2d4851a1d" relativeResultsDirectory="8624d39e-6070-4d17-9f3f-1ba11053060a" />
    <UnitTestResult executionId="267550c1-c114-4cab-ab96-9acd60142d72" testId="ea284939-9f63-406e-d9b3-5d8dcdf48b5d" testName="TestBuildModelWithNonBodyPropertyKinds" computerName="pkrvmfkh1xnbeme" duration="00:00:00.0027490" startTime="2025-07-09T18:53:51.8260407+00:00" endTime="2025-07-09T18:53:51.8287892+00:00" testType="13cdc9d9-ddb5-4fa4-a97d-d965ccfc6d4b" outcome="Passed" testListId="8c84fa94-04c1-424b-9868-57a2d4851a1d" relativeResultsDirectory="267550c1-c114-4cab-ab96-9acd60142d72" />
    <UnitTestResult executionId="832c377d-2c8d-4e8a-8d7c-38fd730f2fb4" testId="42128f80-2763-b343-717b-a3b1c007eecb" testName="SerializationCtorForUnknownTakesDiscriminator" computerName="pkrvmfkh1xnbeme" duration="00:00:00.0016710" startTime="2025-07-09T18:53:49.3679889+00:00" endTime="2025-07-09T18:53:49.3696598+00:00" testType="13cdc9d9-ddb5-4fa4-a97d-d965ccfc6d4b" outcome="Passed" testListId="8c84fa94-04c1-424b-9868-57a2d4851a1d" relativeResultsDirectory="832c377d-2c8d-4e8a-8d7c-38fd730f2fb4" />
    <UnitTestResult executionId="3ad93b6a-4909-4feb-9eb0-446372ec1d2a" testId="e16b20de-eff3-a90a-31e9-7af8dfaecfc5" testName="Nullable_HasValue_ReturnsTrue" computerName="pkrvmfkh1xnbeme" duration="00:00:00.0001930" startTime="2025-07-09T18:53:52.3822420+00:00" endTime="2025-07-09T18:53:52.3824348+00:00" testType="13cdc9d9-ddb5-4fa4-a97d-d965ccfc6d4b" outcome="Passed" testListId="8c84fa94-04c1-424b-9868-57a2d4851a1d" relativeResultsDirectory="3ad93b6a-4909-4feb-9eb0-446372ec1d2a" />
    <UnitTestResult executionId="54f5ab42-723a-4cec-b856-0b62b182e0e8" testId="4c1684c0-a2e7-4381-d0c9-50e5430b44d5" testName="ValidateGetFormattableStringFormatParts(&quot;{0}{1}&quot;,[Part { Value = 0, IsLiteral = False, ArgumentIndex = 0 }, Part { Value = 1, IsLiteral = False, ArgumentIndex = 1 }])" computerName="pkrvmfkh1xnbeme" duration="00:00:00.0005370" startTime="2025-07-09T18:53:52.9825755+00:00" endTime="2025-07-09T18:53:52.9831127+00:00" testType="13cdc9d9-ddb5-4fa4-a97d-d965ccfc6d4b" outcome="Passed" testListId="8c84fa94-04c1-424b-9868-57a2d4851a1d" relativeResultsDirectory="54f5ab42-723a-4cec-b856-0b62b182e0e8" />
    <UnitTestResult executionId="e489d6c9-1019-4fb7-bf7f-3dfd4a7ead80" testId="e3aa2b3a-2115-a524-d4fb-137c0c750156" testName="NonFrameworkTypeEqualsEquivalentFrameworkType(System.String[])" computerName="pkrvmfkh1xnbeme" duration="00:00:00.0000690" startTime="2025-07-09T18:53:46.9464350+00:00" endTime="2025-07-09T18:53:46.9465041+00:00" testType="13cdc9d9-ddb5-4fa4-a97d-d965ccfc6d4b" outcome="Passed" testListId="8c84fa94-04c1-424b-9868-57a2d4851a1d" relativeResultsDirectory="e489d6c9-1019-4fb7-bf7f-3dfd4a7ead80" />
    <UnitTestResult executionId="4d62a55c-870b-4246-ab07-803bea42064b" testId="bbcaa4b0-3f46-3a73-7692-7ddd079c6af7" testName="WithRefCopiesProperties" computerName="pkrvmfkh1xnbeme" duration="00:00:00.0013710" startTime="2025-07-09T18:53:52.3962304+00:00" endTime="2025-07-09T18:53:52.3976013+00:00" testType="13cdc9d9-ddb5-4fa4-a97d-d965ccfc6d4b" outcome="Passed" testListId="8c84fa94-04c1-424b-9868-57a2d4851a1d" relativeResultsDirectory="4d62a55c-870b-4246-ab07-803bea42064b" />
    <UnitTestResult executionId="92291e4e-0f0e-47cd-8f90-2ac5a9e14814" testId="de98a727-0b3e-6420-a7b9-0aff9c315a0d" testName="TestIsCSharpKeyword(&quot;switch&quot;,True)" computerName="pkrvmfkh1xnbeme" duration="00:00:00.0005070" startTime="2025-07-09T18:53:52.9695861+00:00" endTime="2025-07-09T18:53:52.9700931+00:00" testType="13cdc9d9-ddb5-4fa4-a97d-d965ccfc6d4b" outcome="Passed" testListId="8c84fa94-04c1-424b-9868-57a2d4851a1d" relativeResultsDirectory="92291e4e-0f0e-47cd-8f90-2ac5a9e14814" />
    <UnitTestResult executionId="9981c865-6d3e-4e37-a245-a0a45c3e8a5e" testId="89041d36-049e-3945-5bbf-ee519760b97a" testName="TestToApiVersionValue(&quot;V2024_01_01_RC&quot;,&quot;2024-01-01-rc&quot;)" computerName="pkrvmfkh1xnbeme" duration="00:00:00.0000450" startTime="2025-07-09T18:53:52.9806663+00:00" endTime="2025-07-09T18:53:52.9807115+00:00" testType="13cdc9d9-ddb5-4fa4-a97d-d965ccfc6d4b" outcome="Passed" testListId="8c84fa94-04c1-424b-9868-57a2d4851a1d" relativeResultsDirectory="9981c865-6d3e-4e37-a245-a0a45c3e8a5e" />
    <UnitTestResult executionId="52c52ce1-1060-4cf7-b304-59ae8dfbcaa9" testId="197b1472-f12b-518d-0951-8d2db78ad7ca" testName="NotEqualToFrameworkType(System.Collections.Generic.IList`1[System.Int32],System.Int32)" computerName="pkrvmfkh1xnbeme" duration="00:00:00.0002020" startTime="2025-07-09T18:53:46.9482357+00:00" endTime="2025-07-09T18:53:46.9484376+00:00" testType="13cdc9d9-ddb5-4fa4-a97d-d965ccfc6d4b" outcome="Passed" testListId="8c84fa94-04c1-424b-9868-57a2d4851a1d" relativeResultsDirectory="52c52ce1-1060-4cf7-b304-59ae8dfbcaa9" />
    <UnitTestResult executionId="07958cec-c891-4676-9bdf-65619b4faa06" testId="c716316b-4173-8c15-b7a2-0d312c5ddde0" testName="ValidatePropertyTypes(System.ValueTuple`3[System.Collections.Generic.List`1[Microsoft.TypeSpec.Generator.Tests.PropertyType],System.String,System.Int32])" computerName="pkrvmfkh1xnbeme" duration="00:00:00.0148550" startTime="2025-07-09T18:53:52.2921536+00:00" endTime="2025-07-09T18:53:52.3070082+00:00" testType="13cdc9d9-ddb5-4fa4-a97d-d965ccfc6d4b" outcome="Passed" testListId="8c84fa94-04c1-424b-9868-57a2d4851a1d" relativeResultsDirectory="07958cec-c891-4676-9bdf-65619b4faa06" />
    <UnitTestResult executionId="00a8123e-c34c-42b2-b793-6c7f97c3dab8" testId="f7358e73-f45b-ed04-d227-c7ce733a2b97" testName="VerifyTupleExpressionAssignment" computerName="pkrvmfkh1xnbeme" duration="00:00:00.0011900" startTime="2025-07-09T18:53:46.0684879+00:00" endTime="2025-07-09T18:53:46.0696778+00:00" testType="13cdc9d9-ddb5-4fa4-a97d-d965ccfc6d4b" outcome="Passed" testListId="8c84fa94-04c1-424b-9868-57a2d4851a1d" relativeResultsDirectory="00a8123e-c34c-42b2-b793-6c7f97c3dab8" />
    <UnitTestResult executionId="5c5f595e-8fac-4317-9868-265048ea792c" testId="1afc3708-f9f2-1899-b0c8-9a23a00892d0" testName="SystemTypeOperatorTestNotEqual(System.Collections.Generic.IList`1[T],System.Collections.Generic.IList`1[System.Int32])" computerName="pkrvmfkh1xnbeme" duration="00:00:00.0006080" startTime="2025-07-09T18:53:46.0821049+00:00" endTime="2025-07-09T18:53:46.0827124+00:00" testType="13cdc9d9-ddb5-4fa4-a97d-d965ccfc6d4b" outcome="Passed" testListId="8c84fa94-04c1-424b-9868-57a2d4851a1d" relativeResultsDirectory="5c5f595e-8fac-4317-9868-265048ea792c" />
    <UnitTestResult executionId="44583643-5fe9-433b-ae9a-c7538dd2ea32" testId="b741ee7a-e6f0-2058-da0b-e4c9dde534c3" testName="NotEqualToFrameworkType(System.Collections.Generic.IList`1[System.Int32],System.Collections.Generic.ICollection`1[System.Int32])" computerName="pkrvmfkh1xnbeme" duration="00:00:00.0002850" startTime="2025-07-09T18:53:46.9491232+00:00" endTime="2025-07-09T18:53:46.9494082+00:00" testType="13cdc9d9-ddb5-4fa4-a97d-d965ccfc6d4b" outcome="Passed" testListId="8c84fa94-04c1-424b-9868-57a2d4851a1d" relativeResultsDirectory="44583643-5fe9-433b-ae9a-c7538dd2ea32" />
    <UnitTestResult executionId="01bb6fb2-82da-4975-b9bc-a4cfdfe317ef" testId="68a85961-9245-ef89-9384-7c147c86200d" testName="RemoveElement" computerName="pkrvmfkh1xnbeme" duration="00:00:00.0002260" startTime="2025-07-09T18:53:47.0561039+00:00" endTime="2025-07-09T18:53:47.0563294+00:00" testType="13cdc9d9-ddb5-4fa4-a97d-d965ccfc6d4b" outcome="Passed" testListId="8c84fa94-04c1-424b-9868-57a2d4851a1d" relativeResultsDirectory="01bb6fb2-82da-4975-b9bc-a4cfdfe317ef" />
    <UnitTestResult executionId="ab2d6939-aea4-4241-bb94-2ad485ce4656" testId="46ebacfc-585a-45bd-fa8a-333ce302a0d7" testName="TestSpecialWords" computerName="pkrvmfkh1xnbeme" duration="00:00:00.0007540" startTime="2025-07-09T18:53:52.4262826+00:00" endTime="2025-07-09T18:53:52.4270365+00:00" testType="13cdc9d9-ddb5-4fa4-a97d-d965ccfc6d4b" outcome="Passed" testListId="8c84fa94-04c1-424b-9868-57a2d4851a1d" relativeResultsDirectory="ab2d6939-aea4-4241-bb94-2ad485ce4656" />
    <UnitTestResult executionId="473050f2-b463-4541-806c-5c419df2f55f" testId="5a223c4c-43e6-8a01-1da1-2bc5f9ab8941" testName="BackCompatibility_OnlyParamOrderingChanged" computerName="pkrvmfkh1xnbeme" duration="00:00:00.0255470" startTime="2025-07-09T18:53:48.4014866+00:00" endTime="2025-07-09T18:53:48.4270335+00:00" testType="13cdc9d9-ddb5-4fa4-a97d-d965ccfc6d4b" outcome="Passed" testListId="8c84fa94-04c1-424b-9868-57a2d4851a1d" relativeResultsDirectory="473050f2-b463-4541-806c-5c419df2f55f" />
    <UnitTestResult executionId="1eeb4a17-57d2-4840-999c-90ab9e64012d" testId="5a7c7526-dbb1-3787-def7-1b33c31dd0d7" testName="TestIsCSharpKeyword(&quot;short&quot;,True)" computerName="pkrvmfkh1xnbeme" duration="00:00:00.0003240" startTime="2025-07-09T18:53:52.9673830+00:00" endTime="2025-07-09T18:53:52.9677065+00:00" testType="13cdc9d9-ddb5-4fa4-a97d-d965ccfc6d4b" outcome="Passed" testListId="8c84fa94-04c1-424b-9868-57a2d4851a1d" relativeResultsDirectory="1eeb4a17-57d2-4840-999c-90ab9e64012d" />
    <UnitTestResult executionId="84b498f7-2e6a-43f8-a555-a3a613ea0294" testId="6a84dd81-0c57-940b-ae30-24f96fd86b92" testName="TestBreakLines_AllLiteralsNoArgs" computerName="pkrvmfkh1xnbeme" duration="00:00:00.0002250" startTime="2025-07-09T18:53:52.8556841+00:00" endTime="2025-07-09T18:53:52.8559093+00:00" testType="13cdc9d9-ddb5-4fa4-a97d-d965ccfc6d4b" outcome="Passed" testListId="8c84fa94-04c1-424b-9868-57a2d4851a1d" relativeResultsDirectory="84b498f7-2e6a-43f8-a555-a3a613ea0294" />
    <UnitTestResult executionId="0b79346c-f2fd-45c6-8a50-3acc4f540dd1" testId="8b915ac3-5c09-a33c-76c3-2bbb3fbc3f08" testName="TestLoadBaselineContractLoadsTypeSuccessfully_UnevaluatedTargetFrameworks()" computerName="pkrvmfkh1xnbeme" duration="00:00:00.0201460" startTime="2025-07-09T18:53:46.6159686+00:00" endTime="2025-07-09T18:53:46.6361138+00:00" testType="13cdc9d9-ddb5-4fa4-a97d-d965ccfc6d4b" outcome="Passed" testListId="8c84fa94-04c1-424b-9868-57a2d4851a1d" relativeResultsDirectory="0b79346c-f2fd-45c6-8a50-3acc4f540dd1" />
    <UnitTestResult executionId="8e047c8d-3231-4989-9d6f-3de99e65e392" testId="6a61ae6d-dd9d-8e10-2fa5-74148326aae9" testName="VisitsMethods" computerName="pkrvmfkh1xnbeme" duration="00:00:00.0011210" startTime="2025-07-09T18:53:46.7525604+00:00" endTime="2025-07-09T18:53:46.7536811+00:00" testType="13cdc9d9-ddb5-4fa4-a97d-d965ccfc6d4b" outcome="Passed" testListId="8c84fa94-04c1-424b-9868-57a2d4851a1d" relativeResultsDirectory="8e047c8d-3231-4989-9d6f-3de99e65e392" />
    <UnitTestResult executionId="376e4dae-abc2-4375-a69f-9234a95ce386" testId="4cc9d4ab-e132-c853-fa2e-dbbd8b513879" testName="VisitsFields" computerName="pkrvmfkh1xnbeme" duration="00:00:00.0012600" startTime="2025-07-09T18:53:46.7512499+00:00" endTime="2025-07-09T18:53:46.7525099+00:00" testType="13cdc9d9-ddb5-4fa4-a97d-d965ccfc6d4b" outcome="Passed" testListId="8c84fa94-04c1-424b-9868-57a2d4851a1d" relativeResultsDirectory="376e4dae-abc2-4375-a69f-9234a95ce386" />
    <UnitTestResult executionId="336b87f4-09a5-44ff-bbdf-49514f2c114b" testId="6927a10a-5b6a-7178-59d0-24e82e00a882" testName="TestAttributes" computerName="pkrvmfkh1xnbeme" duration="00:00:00.0011920" startTime="2025-07-09T18:53:47.2695369+00:00" endTime="2025-07-09T18:53:47.2707285+00:00" testType="13cdc9d9-ddb5-4fa4-a97d-d965ccfc6d4b" outcome="Passed" testListId="8c84fa94-04c1-424b-9868-57a2d4851a1d" relativeResultsDirectory="336b87f4-09a5-44ff-bbdf-49514f2c114b" />
    <UnitTestResult executionId="12de3335-d7c2-4794-b749-c991ece79180" testId="b6db30fd-3332-fff3-0038-e76827e7300b" testName="CodeWriter_WriteProperty_IndexerProperty_ExpressionBody" computerName="pkrvmfkh1xnbeme" duration="00:00:00.0005450" startTime="2025-07-09T18:53:53.0074384+00:00" endTime="2025-07-09T18:53:53.0079831+00:00" testType="13cdc9d9-ddb5-4fa4-a97d-d965ccfc6d4b" outcome="Passed" testListId="8c84fa94-04c1-424b-9868-57a2d4851a1d" relativeResultsDirectory="12de3335-d7c2-4794-b749-c991ece79180" />
    <UnitTestResult executionId="11be6046-05a7-4e3c-8160-402a68b5ef98" testId="cafe0a4b-3d0e-f664-9631-edd1f0d2dc2e" testName="List_Defined_ReturnsTrue" computerName="pkrvmfkh1xnbeme" duration="00:00:00.0004940" startTime="2025-07-09T18:53:52.3815598+00:00" endTime="2025-07-09T18:53:52.3820535+00:00" testType="13cdc9d9-ddb5-4fa4-a97d-d965ccfc6d4b" outcome="Passed" testListId="8c84fa94-04c1-424b-9868-57a2d4851a1d" relativeResultsDirectory="11be6046-05a7-4e3c-8160-402a68b5ef98" />
    <UnitTestResult executionId="5c8fa1c3-dd82-4844-9b07-db11cdb9e34a" testId="5ed6d2f0-916e-9077-823c-7fdd9975f314" testName="CanCustomizeWithVisitor" computerName="pkrvmfkh1xnbeme" duration="00:00:00.0011910" startTime="2025-07-09T18:53:50.7858175+00:00" endTime="2025-07-09T18:53:50.7870080+00:00" testType="13cdc9d9-ddb5-4fa4-a97d-d965ccfc6d4b" outcome="Passed" testListId="8c84fa94-04c1-424b-9868-57a2d4851a1d" relativeResultsDirectory="5c8fa1c3-dd82-4844-9b07-db11cdb9e34a" />
    <UnitTestResult executionId="bf062eeb-e7ac-423e-9717-918a11bd3400" testId="1f0e8cee-aee2-c865-db79-0658a5f7e3b3" testName="IsCollectionType(System.Collections.Generic.List`1[T],True)" computerName="pkrvmfkh1xnbeme" duration="00:00:00.0001210" startTime="2025-07-09T18:53:46.9388818+00:00" endTime="2025-07-09T18:53:46.9390026+00:00" testType="13cdc9d9-ddb5-4fa4-a97d-d965ccfc6d4b" outcome="Passed" testListId="8c84fa94-04c1-424b-9868-57a2d4851a1d" relativeResultsDirectory="bf062eeb-e7ac-423e-9717-918a11bd3400" />
    <UnitTestResult executionId="911761f3-6c82-4bbb-b956-316bfecc290d" testId="1558228e-d5be-e738-5994-fd41d8ca6f08" testName="TestIsCSharpKeyword(&quot;true&quot;,True)" computerName="pkrvmfkh1xnbeme" duration="00:00:00.0003260" startTime="2025-07-09T18:53:52.9707639+00:00" endTime="2025-07-09T18:53:52.9710895+00:00" testType="13cdc9d9-ddb5-4fa4-a97d-d965ccfc6d4b" outcome="Passed" testListId="8c84fa94-04c1-424b-9868-57a2d4851a1d" relativeResultsDirectory="911761f3-6c82-4bbb-b956-316bfecc290d" />
    <UnitTestResult executionId="f19865d4-b6a8-4cf6-9952-0aa08d7d1ff1" testId="db96f5ae-9f1f-2fcc-fe19-986560c60177" testName="CodeWriter_WriteProperty_IndexerProperty_MethodPropertyBody_WithExplicitInterface" computerName="pkrvmfkh1xnbeme" duration="00:00:00.0006810" startTime="2025-07-09T18:53:53.0094117+00:00" endTime="2025-07-09T18:53:53.0100922+00:00" testType="13cdc9d9-ddb5-4fa4-a97d-d965ccfc6d4b" outcome="Passed" testListId="8c84fa94-04c1-424b-9868-57a2d4851a1d" relativeResultsDirectory="f19865d4-b6a8-4cf6-9952-0aa08d7d1ff1" />
    <UnitTestResult executionId="a29f7717-bc5a-475a-bf35-b228f2fdf745" testId="94cbbdc2-b821-63bc-f296-3e04f8e03274" testName="VisitMethodToRenameParameterName" computerName="pkrvmfkh1xnbeme" duration="00:00:00.0019550" startTime="2025-07-09T18:53:46.7480843+00:00" endTime="2025-07-09T18:53:46.7500392+00:00" testType="13cdc9d9-ddb5-4fa4-a97d-d965ccfc6d4b" outcome="Passed" testListId="8c84fa94-04c1-424b-9868-57a2d4851a1d" relativeResultsDirectory="a29f7717-bc5a-475a-bf35-b228f2fdf745" />
    <UnitTestResult executionId="e205e6bb-a91d-43f5-a507-8e7322b6ce0c" testId="3ef7420c-d306-f082-a482-ad3bb0121ce4" testName="ValidateAnonymousSingleProperty" computerName="pkrvmfkh1xnbeme" duration="00:00:00.0003700" startTime="2025-07-09T18:53:52.6389650+00:00" endTime="2025-07-09T18:53:52.6393352+00:00" testType="13cdc9d9-ddb5-4fa4-a97d-d965ccfc6d4b" outcome="Passed" testListId="8c84fa94-04c1-424b-9868-57a2d4851a1d" relativeResultsDirectory="e205e6bb-a91d-43f5-a507-8e7322b6ce0c" />
    <UnitTestResult executionId="0eadc858-a6f5-4c0c-97be-1c31f6ad83d5" testId="dd08354a-dbba-b331-ea92-2d10eb1d0fce" testName="GetGenericTypeDefinition(System.Collections.Generic.IDictionary`2[System.Int32,System.String],System.Collections.Generic.IDictionary`2[TKey,TValue],False)" computerName="pkrvmfkh1xnbeme" duration="00:00:00.0020020" startTime="2025-07-09T18:53:46.9268134+00:00" endTime="2025-07-09T18:53:46.9288154+00:00" testType="13cdc9d9-ddb5-4fa4-a97d-d965ccfc6d4b" outcome="Passed" testListId="8c84fa94-04c1-424b-9868-57a2d4851a1d" relativeResultsDirectory="0eadc858-a6f5-4c0c-97be-1c31f6ad83d5" />
    <UnitTestResult executionId="bf6e2056-0f31-4c7e-afe1-9a951e6adbd2" testId="d671edcd-436b-332e-33a1-90b451097361" testName="TestCancellationTokenEnumerator()" computerName="pkrvmfkh1xnbeme" duration="00:00:00.0007610" startTime="2025-07-09T18:53:46.9705652+00:00" endTime="2025-07-09T18:53:46.9713261+00:00" testType="13cdc9d9-ddb5-4fa4-a97d-d965ccfc6d4b" outcome="Passed" testListId="8c84fa94-04c1-424b-9868-57a2d4851a1d" relativeResultsDirectory="bf6e2056-0f31-4c7e-afe1-9a951e6adbd2" />
    <UnitTestResult executionId="cec022a7-df14-4439-8c62-976bf9843f71" testId="2ad6e120-d9a9-8c8f-b8c4-8df96217afde" testName="TestLoadLastContractView" computerName="pkrvmfkh1xnbeme" duration="00:00:00.0222890" startTime="2025-07-09T18:53:52.6038004+00:00" endTime="2025-07-09T18:53:52.6260894+00:00" testType="13cdc9d9-ddb5-4fa4-a97d-d965ccfc6d4b" outcome="Passed" testListId="8c84fa94-04c1-424b-9868-57a2d4851a1d" relativeResultsDirectory="cec022a7-df14-4439-8c62-976bf9843f71" />
    <UnitTestResult executionId="87ea311a-952d-40ef-8017-44072ada9020" testId="c919db04-6c42-7f3d-0e7b-2e5f9ca8157a" testName="IntSerializationFormat(UInt16,null)" computerName="pkrvmfkh1xnbeme" duration="00:00:00.0004550" startTime="2025-07-09T18:53:52.8488931+00:00" endTime="2025-07-09T18:53:52.8493477+00:00" testType="13cdc9d9-ddb5-4fa4-a97d-d965ccfc6d4b" outcome="Passed" testListId="8c84fa94-04c1-424b-9868-57a2d4851a1d" relativeResultsDirectory="87ea311a-952d-40ef-8017-44072ada9020" />
    <UnitTestResult executionId="fb99c68e-6d04-4c27-9e8c-053d5a3f99ad" testId="7169fa09-1f39-0413-c906-4d8b86b23d63" testName="KeyValuePairExpression(System.Collections.Generic.IList`1[T],System.Int32)" computerName="pkrvmfkh1xnbeme" duration="00:00:00.0003360" startTime="2025-07-09T18:53:46.0467130+00:00" endTime="2025-07-09T18:53:46.0470490+00:00" testType="13cdc9d9-ddb5-4fa4-a97d-d965ccfc6d4b" outcome="Passed" testListId="8c84fa94-04c1-424b-9868-57a2d4851a1d" relativeResultsDirectory="fb99c68e-6d04-4c27-9e8c-053d5a3f99ad" />
    <UnitTestResult executionId="8b423559-1554-4ea7-b6fa-1d7271cfb0af" testId="7bbe00f7-a481-c476-9f13-da55ba670a72" testName="ListExpressionAddItem" computerName="pkrvmfkh1xnbeme" duration="00:00:00.0002799" startTime="2025-07-09T18:53:46.0561361+00:00" endTime="2025-07-09T18:53:46.0564164+00:00" testType="13cdc9d9-ddb5-4fa4-a97d-d965ccfc6d4b" outcome="Passed" testListId="8c84fa94-04c1-424b-9868-57a2d4851a1d" relativeResultsDirectory="8b423559-1554-4ea7-b6fa-1d7271cfb0af" />
    <UnitTestResult executionId="c4eb0429-712f-48e6-9da6-6bbb3f0ca623" testId="33a726c2-b72a-feb7-5786-a21c52f7478c" testName="CanChangeWhileStatement" computerName="pkrvmfkh1xnbeme" duration="00:00:00.0013460" startTime="2025-07-09T18:53:52.8258149+00:00" endTime="2025-07-09T18:53:52.8271611+00:00" testType="13cdc9d9-ddb5-4fa4-a97d-d965ccfc6d4b" outcome="Passed" testListId="8c84fa94-04c1-424b-9868-57a2d4851a1d" relativeResultsDirectory="c4eb0429-712f-48e6-9da6-6bbb3f0ca623" />
    <UnitTestResult executionId="5874bc68-e0d9-48c6-804d-f5cf4d081fc0" testId="681f0015-fec7-0905-a553-b0e79b4d8d7f" testName="VariableExpressionWithRef" computerName="pkrvmfkh1xnbeme" duration="00:00:00.0002210" startTime="2025-07-09T18:53:46.0887205+00:00" endTime="2025-07-09T18:53:46.0889417+00:00" testType="13cdc9d9-ddb5-4fa4-a97d-d965ccfc6d4b" outcome="Passed" testListId="8c84fa94-04c1-424b-9868-57a2d4851a1d" relativeResultsDirectory="5874bc68-e0d9-48c6-804d-f5cf4d081fc0" />
    <UnitTestResult executionId="c708fff2-841b-46d6-95b7-36e9e233c394" testId="5fa08762-c225-80b2-5d21-73957ee628b2" testName="SerializationCtorInitializerHasToStringForEnumParam" computerName="pkrvmfkh1xnbeme" duration="00:00:00.0018190" startTime="2025-07-09T18:53:51.7990388+00:00" endTime="2025-07-09T18:53:51.8008577+00:00" testType="13cdc9d9-ddb5-4fa4-a97d-d965ccfc6d4b" outcome="Passed" testListId="8c84fa94-04c1-424b-9868-57a2d4851a1d" relativeResultsDirectory="c708fff2-841b-46d6-95b7-36e9e233c394" />
    <UnitTestResult executionId="56c16b19-f9b2-4c78-a915-111994092a3d" testId="314ed5eb-05ef-f064-7467-995a31d3e7f4" testName="TypesAreNotEqual(System.Collections.Generic.IList`1[System.Int32],System.Int32)" computerName="pkrvmfkh1xnbeme" duration="00:00:00.0002470" startTime="2025-07-09T18:53:46.9600169+00:00" endTime="2025-07-09T18:53:46.9602638+00:00" testType="13cdc9d9-ddb5-4fa4-a97d-d965ccfc6d4b" outcome="Passed" testListId="8c84fa94-04c1-424b-9868-57a2d4851a1d" relativeResultsDirectory="56c16b19-f9b2-4c78-a915-111994092a3d" />
    <UnitTestResult executionId="70d78247-ce04-4423-8944-244c1662b23b" testId="728bdcae-6695-3542-b84c-d6fe04d3f51c" testName="AttributeStatementWithNoArgument" computerName="pkrvmfkh1xnbeme" duration="00:00:00.0002570" startTime="2025-07-09T18:53:52.7969596+00:00" endTime="2025-07-09T18:53:52.7972170+00:00" testType="13cdc9d9-ddb5-4fa4-a97d-d965ccfc6d4b" outcome="Passed" testListId="8c84fa94-04c1-424b-9868-57a2d4851a1d" relativeResultsDirectory="70d78247-ce04-4423-8944-244c1662b23b" />
    <UnitTestResult executionId="10599226-7f39-4c41-bfa9-b5acb2bb0557" testId="a2424176-655c-fb0b-22a0-4128920a29db" testName="TestParseConfig_OutputFolder(&quot;{\n                    \&quot;output-folder\&quot;: \&quot;outputFolder\&quot;,\n                    \&quot;package-name\&quot;: \&quot;libraryName\&quot;\n                }&quot;,False)" computerName="pkrvmfkh1xnbeme" duration="00:00:00.0008870" startTime="2025-07-09T18:53:43.6293181+00:00" endTime="2025-07-09T18:53:43.6302053+00:00" testType="13cdc9d9-ddb5-4fa4-a97d-d965ccfc6d4b" outcome="Passed" testListId="8c84fa94-04c1-424b-9868-57a2d4851a1d" relativeResultsDirectory="10599226-7f39-4c41-bfa9-b5acb2bb0557" />
    <UnitTestResult executionId="46944b5d-dc89-4b13-b915-024847325c9d" testId="a8baf934-7123-2b6e-5a99-f97458b8d9f1" testName="TestToApiVersionValueWithCustomSeparator(&quot;V2024_01_01&quot;,&quot;_&quot;,&quot;2024_01_01&quot;)" computerName="pkrvmfkh1xnbeme" duration="00:00:00.0000330" startTime="2025-07-09T18:53:52.9814422+00:00" endTime="2025-07-09T18:53:52.9814750+00:00" testType="13cdc9d9-ddb5-4fa4-a97d-d965ccfc6d4b" outcome="Passed" testListId="8c84fa94-04c1-424b-9868-57a2d4851a1d" relativeResultsDirectory="46944b5d-dc89-4b13-b915-024847325c9d" />
    <UnitTestResult executionId="a2fbf85a-1754-4e00-9266-31dd40d79884" testId="0af45fc5-5f23-7fbe-155d-cce3f2750d12" testName="TryCatchFinallyUpdate" computerName="pkrvmfkh1xnbeme" duration="00:00:00.0010240" startTime="2025-07-09T18:53:52.8175737+00:00" endTime="2025-07-09T18:53:52.8185973+00:00" testType="13cdc9d9-ddb5-4fa4-a97d-d965ccfc6d4b" outcome="Passed" testListId="8c84fa94-04c1-424b-9868-57a2d4851a1d" relativeResultsDirectory="a2fbf85a-1754-4e00-9266-31dd40d79884" />
    <UnitTestResult executionId="2954943f-b086-434b-9ff3-5f35ec3bf7e9" testId="a3f851c8-9a0d-02ea-6b79-be0a84771d5e" testName="TestBreakLines_AllLiteralsNoArgsWithMixedCRLF" computerName="pkrvmfkh1xnbeme" duration="00:00:00.0000610" startTime="2025-07-09T18:53:52.8560911+00:00" endTime="2025-07-09T18:53:52.8561521+00:00" testType="13cdc9d9-ddb5-4fa4-a97d-d965ccfc6d4b" outcome="Passed" testListId="8c84fa94-04c1-424b-9868-57a2d4851a1d" relativeResultsDirectory="2954943f-b086-434b-9ff3-5f35ec3bf7e9" />
    <UnitTestResult executionId="bdaf951e-757e-46ee-af05-35f6cc4dc8b7" testId="2e841bb7-e17f-2666-0014-ab34cba60f28" testName="UndefinedByDefault" computerName="pkrvmfkh1xnbeme" duration="00:00:00.0001160" startTime="2025-07-09T18:53:47.0523784+00:00" endTime="2025-07-09T18:53:47.0524938+00:00" testType="13cdc9d9-ddb5-4fa4-a97d-d965ccfc6d4b" outcome="Passed" testListId="8c84fa94-04c1-424b-9868-57a2d4851a1d" relativeResultsDirectory="bdaf951e-757e-46ee-af05-35f6cc4dc8b7" />
    <UnitTestResult executionId="0a2c5aae-ee48-43ec-9c53-b549442e04ac" testId="d3963586-e2ca-4e80-b578-88a902fe01e7" testName="ListExpression(System.Double)" computerName="pkrvmfkh1xnbeme" duration="00:00:00.0002020" startTime="2025-07-09T18:53:46.0534193+00:00" endTime="2025-07-09T18:53:46.0536216+00:00" testType="13cdc9d9-ddb5-4fa4-a97d-d965ccfc6d4b" outcome="Passed" testListId="8c84fa94-04c1-424b-9868-57a2d4851a1d" relativeResultsDirectory="0a2c5aae-ee48-43ec-9c53-b549442e04ac" />
    <UnitTestResult executionId="0d9fc797-c714-4a2d-b9d9-f474af6f368d" testId="275244f1-260b-8169-32ed-eb20f650345d" testName="BodyHasSetterValidation(&quot;intOnNoUsageModel&quot;,Microsoft.TypeSpec.Generator.Input.InputModelType,False,null)" computerName="pkrvmfkh1xnbeme" duration="00:00:00.0005109" startTime="2025-07-09T18:53:52.4071090+00:00" endTime="2025-07-09T18:53:52.4076194+00:00" testType="13cdc9d9-ddb5-4fa4-a97d-d965ccfc6d4b" outcome="Passed" testListId="8c84fa94-04c1-424b-9868-57a2d4851a1d" relativeResultsDirectory="0d9fc797-c714-4a2d-b9d9-f474af6f368d" />
    <UnitTestResult executionId="3a8b18cf-bf51-4bd7-be1e-bfb704ee9bd0" testId="26b5d5c1-e705-32b0-2159-1d5a15990b3c" testName="BuildEnumType_ValidateStringBasedFixedEnum()" computerName="pkrvmfkh1xnbeme" duration="00:00:00.0012720" startTime="2025-07-09T18:53:47.2531887+00:00" endTime="2025-07-09T18:53:47.2544601+00:00" testType="13cdc9d9-ddb5-4fa4-a97d-d965ccfc6d4b" outcome="Passed" testListId="8c84fa94-04c1-424b-9868-57a2d4851a1d" relativeResultsDirectory="3a8b18cf-bf51-4bd7-be1e-bfb704ee9bd0" />
    <UnitTestResult executionId="e8dc6bca-61b6-41b7-8ea6-3fc1c1f280e3" testId="1987b856-ca1c-f390-f03f-982fd981aad7" testName="TypesAreNotEqualWhenNullabilityIsDifferent(System.Collections.Generic.IDictionary`2[System.Collections.Generic.IDictionary`2[System.Int32,System.String],System.Collections.Generic.IDictionary`2[System.String,System.Int32]])" computerName="pkrvmfkh1xnbeme" duration="00:00:00.0002450" startTime="2025-07-09T18:53:46.9662528+00:00" endTime="2025-07-09T18:53:46.9664973+00:00" testType="13cdc9d9-ddb5-4fa4-a97d-d965ccfc6d4b" outcome="Passed" testListId="8c84fa94-04c1-424b-9868-57a2d4851a1d" relativeResultsDirectory="e8dc6bca-61b6-41b7-8ea6-3fc1c1f280e3" />
    <UnitTestResult executionId="787a01b2-f956-498d-8ce0-01d79b2cbcec" testId="d78fd4cb-df66-5873-0931-c2673f628faa" testName="TestToApiVersionValue(&quot;V3_0&quot;,&quot;3-0&quot;)" computerName="pkrvmfkh1xnbeme" duration="00:00:00.0000510" startTime="2025-07-09T18:53:52.9805588+00:00" endTime="2025-07-09T18:53:52.9806099+00:00" testType="13cdc9d9-ddb5-4fa4-a97d-d965ccfc6d4b" outcome="Passed" testListId="8c84fa94-04c1-424b-9868-57a2d4851a1d" relativeResultsDirectory="787a01b2-f956-498d-8ce0-01d79b2cbcec" />
    <UnitTestResult executionId="ca785ccb-a529-4c80-ad81-0cd5a93ba4dc" testId="9d42c549-bb49-ff20-8f38-9140741be034" testName="TestIsCSharpKeyword(&quot;into&quot;,True)" computerName="pkrvmfkh1xnbeme" duration="00:00:00.0003190" startTime="2025-07-09T18:53:52.9344717+00:00" endTime="2025-07-09T18:53:52.9347902+00:00" testType="13cdc9d9-ddb5-4fa4-a97d-d965ccfc6d4b" outcome="Passed" testListId="8c84fa94-04c1-424b-9868-57a2d4851a1d" relativeResultsDirectory="ca785ccb-a529-4c80-ad81-0cd5a93ba4dc" />
    <UnitTestResult executionId="87be4ccc-e529-4612-b535-662dc5c89462" testId="292fcb11-3235-5d58-6743-74ed56c23f7c" testName="IntSerializationFormat(Int64,&quot;string&quot;)" computerName="pkrvmfkh1xnbeme" duration="00:00:00.0004700" startTime="2025-07-09T18:53:52.8474402+00:00" endTime="2025-07-09T18:53:52.8479098+00:00" testType="13cdc9d9-ddb5-4fa4-a97d-d965ccfc6d4b" outcome="Passed" testListId="8c84fa94-04c1-424b-9868-57a2d4851a1d" relativeResultsDirectory="87be4ccc-e529-4612-b535-662dc5c89462" />
    <UnitTestResult executionId="b734974d-7ea1-4421-af5d-611c88529400" testId="161e78a2-985b-73b5-20a4-3feb854ec30e" testName="CanChangeMemberExpression" computerName="pkrvmfkh1xnbeme" duration="00:00:00.0010039" startTime="2025-07-09T18:53:46.0149424+00:00" endTime="2025-07-09T18:53:46.0159465+00:00" testType="13cdc9d9-ddb5-4fa4-a97d-d965ccfc6d4b" outcome="Passed" testListId="8c84fa94-04c1-424b-9868-57a2d4851a1d" relativeResultsDirectory="b734974d-7ea1-4421-af5d-611c88529400" />
    <UnitTestResult executionId="1d715ade-4693-455c-9cfc-19c0d107b4e9" testId="132b2b53-d44e-8789-c425-fe7fc1e38244" testName="ScopeStoredTwiceInNestedBlock" computerName="pkrvmfkh1xnbeme" duration="00:00:00.0005680" startTime="2025-07-09T18:53:52.9902619+00:00" endTime="2025-07-09T18:53:52.9908295+00:00" testType="13cdc9d9-ddb5-4fa4-a97d-d965ccfc6d4b" outcome="Passed" testListId="8c84fa94-04c1-424b-9868-57a2d4851a1d" relativeResultsDirectory="1d715ade-4693-455c-9cfc-19c0d107b4e9" />
    <UnitTestResult executionId="77fa1bd1-f5a8-4b9a-9909-7571039d4396" testId="33a180ed-590d-42e0-e9de-194f4f8f4962" testName="TestUpdateCanonicalView" computerName="pkrvmfkh1xnbeme" duration="00:00:00.0009210" startTime="2025-07-09T18:53:52.6261185+00:00" endTime="2025-07-09T18:53:52.6270398+00:00" testType="13cdc9d9-ddb5-4fa4-a97d-d965ccfc6d4b" outcome="Passed" testListId="8c84fa94-04c1-424b-9868-57a2d4851a1d" relativeResultsDirectory="77fa1bd1-f5a8-4b9a-9909-7571039d4396" />
    <UnitTestResult executionId="046e50a5-8229-46e7-b12d-2da1d3a07b90" testId="313f1625-01d4-1a17-c4a9-ba74446a7696" testName="CanCustomizeExtensibleEnumAccessibility" computerName="pkrvmfkh1xnbeme" duration="00:00:00.0696060" startTime="2025-07-09T18:53:47.1642195+00:00" endTime="2025-07-09T18:53:47.2338251+00:00" testType="13cdc9d9-ddb5-4fa4-a97d-d965ccfc6d4b" outcome="Passed" testListId="8c84fa94-04c1-424b-9868-57a2d4851a1d" relativeResultsDirectory="046e50a5-8229-46e7-b12d-2da1d3a07b90" />
    <UnitTestResult executionId="fe08e160-e303-4d56-944d-277a958f0c90" testId="3bc16559-3f1a-487f-4d9b-ee3c1eff2335" testName="ExtensibleStringEnumTypeProvider" computerName="pkrvmfkh1xnbeme" duration="00:00:00.0009660" startTime="2025-07-09T18:53:52.8387484+00:00" endTime="2025-07-09T18:53:52.8397147+00:00" testType="13cdc9d9-ddb5-4fa4-a97d-d965ccfc6d4b" outcome="Passed" testListId="8c84fa94-04c1-424b-9868-57a2d4851a1d" relativeResultsDirectory="fe08e160-e303-4d56-944d-277a958f0c90" />
    <UnitTestResult executionId="cfde1ef8-4e83-495a-8d8d-c5ae1ba9ad4d" testId="5421f54a-a02f-943d-b2bb-0b6cb00f03bd" testName="BodyHasSetterValidation(&quot;readOnlyStringOnInputModel&quot;,Microsoft.TypeSpec.Generator.Input.InputModelType,False,null)" computerName="pkrvmfkh1xnbeme" duration="00:00:00.0007720" startTime="2025-07-09T18:53:52.4052640+00:00" endTime="2025-07-09T18:53:52.4060362+00:00" testType="13cdc9d9-ddb5-4fa4-a97d-d965ccfc6d4b" outcome="Passed" testListId="8c84fa94-04c1-424b-9868-57a2d4851a1d" relativeResultsDirectory="cfde1ef8-4e83-495a-8d8d-c5ae1ba9ad4d" />
    <UnitTestResult executionId="a2629baf-dca7-4307-b528-c554ad6dea6c" testId="d112d793-2e94-bed3-e25b-2d1af937a1e4" testName="TestBreakLines_OneArgOnlyWithCR" computerName="pkrvmfkh1xnbeme" duration="00:00:00.0000620" startTime="2025-07-09T18:53:52.8562306+00:00" endTime="2025-07-09T18:53:52.8562924+00:00" testType="13cdc9d9-ddb5-4fa4-a97d-d965ccfc6d4b" outcome="Passed" testListId="8c84fa94-04c1-424b-9868-57a2d4851a1d" relativeResultsDirectory="a2629baf-dca7-4307-b528-c554ad6dea6c" />
    <UnitTestResult executionId="e1617986-c8ad-44de-aae5-218fe243330c" testId="80e8783e-2944-8a5b-ac7e-c8c21d872c1f" testName="SystemTypeOperatorTestEqual(System.Single)" computerName="pkrvmfkh1xnbeme" duration="00:00:00.0001760" startTime="2025-07-09T18:53:46.0773350+00:00" endTime="2025-07-09T18:53:46.0775110+00:00" testType="13cdc9d9-ddb5-4fa4-a97d-d965ccfc6d4b" outcome="Passed" testListId="8c84fa94-04c1-424b-9868-57a2d4851a1d" relativeResultsDirectory="e1617986-c8ad-44de-aae5-218fe243330c" />
    <UnitTestResult executionId="e405cf49-1b44-430c-9d4d-9ec6c942c375" testId="afec90f6-9620-161f-dfc2-32352e356193" testName="CollectionProperty(global::System.Collections.Generic.IList&lt;string&gt;,Microsoft.TypeSpec.Generator.Input.InputModelProperty,global::System.Collections.Generic.IReadOnlyList&lt;string&gt;)" computerName="pkrvmfkh1xnbeme" duration="00:00:00.0008760" startTime="2025-07-09T18:53:52.4187662+00:00" endTime="2025-07-09T18:53:52.4196419+00:00" testType="13cdc9d9-ddb5-4fa4-a97d-d965ccfc6d4b" outcome="Passed" testListId="8c84fa94-04c1-424b-9868-57a2d4851a1d" relativeResultsDirectory="e405cf49-1b44-430c-9d4d-9ec6c942c375" />
    <UnitTestResult executionId="7b3d42ba-2d41-4c93-acc8-602b47d4caad" testId="9071ed67-966f-b1ae-e980-c083f720d08b" testName="TypesAreEqual(System.Int32)" computerName="pkrvmfkh1xnbeme" duration="00:00:00.0002200" startTime="2025-07-09T18:53:46.9525700+00:00" endTime="2025-07-09T18:53:46.9527901+00:00" testType="13cdc9d9-ddb5-4fa4-a97d-d965ccfc6d4b" outcome="Passed" testListId="8c84fa94-04c1-424b-9868-57a2d4851a1d" relativeResultsDirectory="7b3d42ba-2d41-4c93-acc8-602b47d4caad" />
    <UnitTestResult executionId="9e34adce-6676-4501-a947-b041cff35b84" testId="e1ff934e-07a0-0a26-a8e7-0fb4a8f73c6c" testName="TestBuildSecondaryConstructor(False)" computerName="pkrvmfkh1xnbeme" duration="00:00:00.0008410" startTime="2025-07-09T18:53:51.8443128+00:00" endTime="2025-07-09T18:53:51.8451532+00:00" testType="13cdc9d9-ddb5-4fa4-a97d-d965ccfc6d4b" outcome="Passed" testListId="8c84fa94-04c1-424b-9868-57a2d4851a1d" relativeResultsDirectory="9e34adce-6676-4501-a947-b041cff35b84" />
    <UnitTestResult executionId="61034161-b849-456e-b13b-16d8bb0b037a" testId="fd8f3f21-e3fc-5557-187a-5397b25a9e29" testName="CanReplaceModelMethod" computerName="pkrvmfkh1xnbeme" duration="00:00:00.1145700" startTime="2025-07-09T18:53:47.8966206+00:00" endTime="2025-07-09T18:53:48.0111899+00:00" testType="13cdc9d9-ddb5-4fa4-a97d-d965ccfc6d4b" outcome="Passed" testListId="8c84fa94-04c1-424b-9868-57a2d4851a1d" relativeResultsDirectory="61034161-b849-456e-b13b-16d8bb0b037a" />
    <UnitTestResult executionId="edf75331-da9d-46c7-8ddd-060412194f4b" testId="a4098945-aef8-d604-acc8-f0f260fbcbe3" testName="SerializationCtorShouldNotDuplicateBaseProperties" computerName="pkrvmfkh1xnbeme" duration="00:00:00.0017660" startTime="2025-07-09T18:53:51.8049634+00:00" endTime="2025-07-09T18:53:51.8067292+00:00" testType="13cdc9d9-ddb5-4fa4-a97d-d965ccfc6d4b" outcome="Passed" testListId="8c84fa94-04c1-424b-9868-57a2d4851a1d" relativeResultsDirectory="edf75331-da9d-46c7-8ddd-060412194f4b" />
    <UnitTestResult executionId="41aa2932-1223-4aaf-9be6-d2980fb43b63" testId="2e335e06-be84-eebd-8429-513bccec0e21" testName="BodyHasSetterValidation(&quot;nullableDictionaryOnInputModel&quot;,Microsoft.TypeSpec.Generator.Input.InputModelType,False,null)" computerName="pkrvmfkh1xnbeme" duration="00:00:00.0006489" startTime="2025-07-09T18:53:52.4127581+00:00" endTime="2025-07-09T18:53:52.4134073+00:00" testType="13cdc9d9-ddb5-4fa4-a97d-d965ccfc6d4b" outcome="Passed" testListId="8c84fa94-04c1-424b-9868-57a2d4851a1d" relativeResultsDirectory="41aa2932-1223-4aaf-9be6-d2980fb43b63" />
    <UnitTestResult executionId="c5a47f0f-c97f-4c02-a519-db4a3bb3abe8" testId="2232bf9a-59eb-5452-bf1a-81958d9f43ed" testName="BuildEnumType_ValidateFloatBasedExtensibleEnum()" computerName="pkrvmfkh1xnbeme" duration="00:00:00.0077190" startTime="2025-07-09T18:53:47.2376870+00:00" endTime="2025-07-09T18:53:47.2454055+00:00" testType="13cdc9d9-ddb5-4fa4-a97d-d965ccfc6d4b" outcome="Passed" testListId="8c84fa94-04c1-424b-9868-57a2d4851a1d" relativeResultsDirectory="c5a47f0f-c97f-4c02-a519-db4a3bb3abe8" />
    <UnitTestResult executionId="46b66353-857f-43e8-95d9-8049463a0ee2" testId="9ba4b360-4393-bee9-6b8f-bd1ee1dd20e9" testName="SeeCRefType(System.Int32,False)" computerName="pkrvmfkh1xnbeme" duration="00:00:00.0004060" startTime="2025-07-09T18:53:53.0157433+00:00" endTime="2025-07-09T18:53:53.0161489+00:00" testType="13cdc9d9-ddb5-4fa4-a97d-d965ccfc6d4b" outcome="Passed" testListId="8c84fa94-04c1-424b-9868-57a2d4851a1d" relativeResultsDirectory="46b66353-857f-43e8-95d9-8049463a0ee2" />
    <UnitTestResult executionId="55f20353-ae36-4bba-baa0-b9d6c55e9e7e" testId="5ae472fb-6ea9-c188-3f0e-6629f16f8c6c" testName="GetElementType_Dictionary" computerName="pkrvmfkh1xnbeme" duration="00:00:00.0006470" startTime="2025-07-09T18:53:46.9137109+00:00" endTime="2025-07-09T18:53:46.9143575+00:00" testType="13cdc9d9-ddb5-4fa4-a97d-d965ccfc6d4b" outcome="Passed" testListId="8c84fa94-04c1-424b-9868-57a2d4851a1d" relativeResultsDirectory="55f20353-ae36-4bba-baa0-b9d6c55e9e7e" />
    <UnitTestResult executionId="afc38961-202a-4338-8ba4-37eadb7445c8" testId="aff9b247-e2ea-7389-05de-ce1036715c81" testName="TestWhileStatement" computerName="pkrvmfkh1xnbeme" duration="00:00:00.0005980" startTime="2025-07-09T18:53:52.8128299+00:00" endTime="2025-07-09T18:53:52.8134280+00:00" testType="13cdc9d9-ddb5-4fa4-a97d-d965ccfc6d4b" outcome="Passed" testListId="8c84fa94-04c1-424b-9868-57a2d4851a1d" relativeResultsDirectory="afc38961-202a-4338-8ba4-37eadb7445c8" />
    <UnitTestResult executionId="f23a0062-b1ee-4c5c-ae9d-8b53a7a36682" testId="2dbe48d0-ea66-2f9c-042c-b20f4122277a" testName="DictionaryExpressionAddItems" computerName="pkrvmfkh1xnbeme" duration="00:00:00.0004630" startTime="2025-07-09T18:53:46.0424771+00:00" endTime="2025-07-09T18:53:46.0429397+00:00" testType="13cdc9d9-ddb5-4fa4-a97d-d965ccfc6d4b" outcome="Passed" testListId="8c84fa94-04c1-424b-9868-57a2d4851a1d" relativeResultsDirectory="f23a0062-b1ee-4c5c-ae9d-8b53a7a36682" />
    <UnitTestResult executionId="81020290-c895-4a75-a5b2-e4fc6d24a8eb" testId="1af4ac2d-863e-cbc7-a2d1-1c8e6844de6b" testName="SingleLineSummary" computerName="pkrvmfkh1xnbeme" duration="00:00:00.0003370" startTime="2025-07-09T18:53:53.0170557+00:00" endTime="2025-07-09T18:53:53.0173927+00:00" testType="13cdc9d9-ddb5-4fa4-a97d-d965ccfc6d4b" outcome="Passed" testListId="8c84fa94-04c1-424b-9868-57a2d4851a1d" relativeResultsDirectory="81020290-c895-4a75-a5b2-e4fc6d24a8eb" />
    <UnitTestResult executionId="5357b1b1-53ad-4c27-af1c-cf57366b9c3f" testId="b6fa813b-230f-c96a-8dbd-f2bf0543fc9a" testName="TestBuildProperties_ValidatePropertySetters(Microsoft.TypeSpec.Generator.Input.InputModelProperty,global::System.Collections.Generic.IReadOnlyList&lt;string&gt;,False)" computerName="pkrvmfkh1xnbeme" duration="00:00:00.0012930" startTime="2025-07-09T18:53:51.8336282+00:00" endTime="2025-07-09T18:53:51.8349210+00:00" testType="13cdc9d9-ddb5-4fa4-a97d-d965ccfc6d4b" outcome="Passed" testListId="8c84fa94-04c1-424b-9868-57a2d4851a1d" relativeResultsDirectory="5357b1b1-53ad-4c27-af1c-cf57366b9c3f" />
    <UnitTestResult executionId="2c6721d7-1e95-45e7-9aad-1fb3b64b0da6" testId="9dc37f2a-c5ae-ddf1-babf-93c860dad240" testName="CreateForeachStatement" computerName="pkrvmfkh1xnbeme" duration="00:00:00.0003340" startTime="2025-07-09T18:53:52.7996197+00:00" endTime="2025-07-09T18:53:52.7999537+00:00" testType="13cdc9d9-ddb5-4fa4-a97d-d965ccfc6d4b" outcome="Passed" testListId="8c84fa94-04c1-424b-9868-57a2d4851a1d" relativeResultsDirectory="2c6721d7-1e95-45e7-9aad-1fb3b64b0da6" />
    <UnitTestResult executionId="cf58fc4d-2353-4d49-b27d-529771c4959e" testId="ae6efea9-c0e0-125e-34be-38fda421ccf0" testName="ValidatePropertyTypes(System.Collections.Generic.IList`1[Microsoft.TypeSpec.Generator.Tests.PropertyType])" computerName="pkrvmfkh1xnbeme" duration="00:00:00.0089830" startTime="2025-07-09T18:53:52.1592720+00:00" endTime="2025-07-09T18:53:52.1682549+00:00" testType="13cdc9d9-ddb5-4fa4-a97d-d965ccfc6d4b" outcome="Passed" testListId="8c84fa94-04c1-424b-9868-57a2d4851a1d" relativeResultsDirectory="cf58fc4d-2353-4d49-b27d-529771c4959e" />
    <UnitTestResult executionId="8822de14-247c-4937-8c02-76cdcaa6df99" testId="921becbe-871e-b5c6-0fad-012382fc0bba" testName="TypeModifiersTest(Private, Class)" computerName="pkrvmfkh1xnbeme" duration="00:00:00.0005090" startTime="2025-07-09T18:53:53.0184637+00:00" endTime="2025-07-09T18:53:53.0189730+00:00" testType="13cdc9d9-ddb5-4fa4-a97d-d965ccfc6d4b" outcome="Passed" testListId="8c84fa94-04c1-424b-9868-57a2d4851a1d" relativeResultsDirectory="8822de14-247c-4937-8c02-76cdcaa6df99" />
    <UnitTestResult executionId="8d0474eb-e208-4900-a2d1-6c9bdd28ce12" testId="3140ba5e-963b-4052-bcda-569db27c5b8b" testName="TypeModifiersTest(Public, Class, Partial, Abstract)" computerName="pkrvmfkh1xnbeme" duration="00:00:00.0000830" startTime="2025-07-09T18:53:53.0195394+00:00" endTime="2025-07-09T18:53:53.0196220+00:00" testType="13cdc9d9-ddb5-4fa4-a97d-d965ccfc6d4b" outcome="Passed" testListId="8c84fa94-04c1-424b-9868-57a2d4851a1d" relativeResultsDirectory="8d0474eb-e208-4900-a2d1-6c9bdd28ce12" />
    <UnitTestResult executionId="ab2f8409-2102-45fa-ae10-8f6aab78378e" testId="e8583dfe-bef2-ad72-ae84-7a0c797fce55" testName="IsList(System.Collections.Generic.List`1[T],True)" computerName="pkrvmfkh1xnbeme" duration="00:00:00.0000940" startTime="2025-07-09T18:53:46.9411965+00:00" endTime="2025-07-09T18:53:46.9412907+00:00" testType="13cdc9d9-ddb5-4fa4-a97d-d965ccfc6d4b" outcome="Passed" testListId="8c84fa94-04c1-424b-9868-57a2d4851a1d" relativeResultsDirectory="ab2f8409-2102-45fa-ae10-8f6aab78378e" />
    <UnitTestResult executionId="45a41214-46e9-49d9-8962-7709eafc3a44" testId="fc6d4e05-e972-9b67-7fd5-ed8afffa3d04" testName="IsDictionary(System.Collections.Generic.IReadOnlyDictionary`2[TKey,TValue],True)" computerName="pkrvmfkh1xnbeme" duration="00:00:00.0000760" startTime="2025-07-09T18:53:46.9398358+00:00" endTime="2025-07-09T18:53:46.9399117+00:00" testType="13cdc9d9-ddb5-4fa4-a97d-d965ccfc6d4b" outcome="Passed" testListId="8c84fa94-04c1-424b-9868-57a2d4851a1d" relativeResultsDirectory="45a41214-46e9-49d9-8962-7709eafc3a44" />
    <UnitTestResult executionId="6d6f5840-f4d3-4759-b85d-d785a087b373" testId="86bafbda-1d9a-b11b-f929-7fdf29a2579b" testName="TestIsCSharpKeyword(&quot;out&quot;,True)" computerName="pkrvmfkh1xnbeme" duration="00:00:00.0005550" startTime="2025-07-09T18:53:52.9622838+00:00" endTime="2025-07-09T18:53:52.9628390+00:00" testType="13cdc9d9-ddb5-4fa4-a97d-d965ccfc6d4b" outcome="Passed" testListId="8c84fa94-04c1-424b-9868-57a2d4851a1d" relativeResultsDirectory="6d6f5840-f4d3-4759-b85d-d785a087b373" />
    <UnitTestResult executionId="29fa19db-4acb-47bc-ad76-ff41bca112e2" testId="a7701d02-1efd-9241-2671-8b40eb52b3c6" testName="FullyQualifiedNamePopulatedForFrameworkTypes(System.Collections.Generic.IDictionary`2[TKey,TValue])" computerName="pkrvmfkh1xnbeme" duration="00:00:00.0001920" startTime="2025-07-09T18:53:46.9127610+00:00" endTime="2025-07-09T18:53:46.9129529+00:00" testType="13cdc9d9-ddb5-4fa4-a97d-d965ccfc6d4b" outcome="Passed" testListId="8c84fa94-04c1-424b-9868-57a2d4851a1d" relativeResultsDirectory="29fa19db-4acb-47bc-ad76-ff41bca112e2" />
    <UnitTestResult executionId="9acc41e2-ab61-40a2-b529-1203f900d745" testId="75d50189-0337-ea36-24ba-1508c78257cc" testName="TestToApiVersionMemberName(&quot;v1.0.0&quot;,&quot;V1_0_0&quot;)" computerName="pkrvmfkh1xnbeme" duration="00:00:00.0002940" startTime="2025-07-09T18:53:52.9795415+00:00" endTime="2025-07-09T18:53:52.9798354+00:00" testType="13cdc9d9-ddb5-4fa4-a97d-d965ccfc6d4b" outcome="Passed" testListId="8c84fa94-04c1-424b-9868-57a2d4851a1d" relativeResultsDirectory="9acc41e2-ab61-40a2-b529-1203f900d745" />
    <UnitTestResult executionId="4cd6d3f7-0c41-4de6-b0f0-d7f325f72f1a" testId="c1a4ca7e-58dd-da5f-71c8-6ba4d461996f" testName="CanResetTypeProvider" computerName="pkrvmfkh1xnbeme" duration="00:00:00.0019150" startTime="2025-07-09T18:53:52.4968413+00:00" endTime="2025-07-09T18:53:52.4987567+00:00" testType="13cdc9d9-ddb5-4fa4-a97d-d965ccfc6d4b" outcome="Passed" testListId="8c84fa94-04c1-424b-9868-57a2d4851a1d" relativeResultsDirectory="4cd6d3f7-0c41-4de6-b0f0-d7f325f72f1a" />
    <UnitTestResult executionId="cea80723-e961-4b59-bc46-9196d7bc7fca" testId="0b5b322e-e6b9-b53b-ee88-d28c8e0125c9" testName="DoesNotRemoveMethodsThatDoNotMatch" computerName="pkrvmfkh1xnbeme" duration="00:00:00.1335010" startTime="2025-07-09T18:53:49.0404512+00:00" endTime="2025-07-09T18:53:49.1739522+00:00" testType="13cdc9d9-ddb5-4fa4-a97d-d965ccfc6d4b" outcome="Passed" testListId="8c84fa94-04c1-424b-9868-57a2d4851a1d" relativeResultsDirectory="cea80723-e961-4b59-bc46-9196d7bc7fca" />
    <UnitTestResult executionId="fb275c4d-2a24-4d26-92cd-4df5d15dfd34" testId="6adc1957-da8b-7549-e382-0a1db259d822" testName="XmlDocForParameterWithInvalidIdentifierName(&quot;void&quot;)" computerName="pkrvmfkh1xnbeme" duration="00:00:00.0000680" startTime="2025-07-09T18:53:52.8339665+00:00" endTime="2025-07-09T18:53:52.8340341+00:00" testType="13cdc9d9-ddb5-4fa4-a97d-d965ccfc6d4b" outcome="Passed" testListId="8c84fa94-04c1-424b-9868-57a2d4851a1d" relativeResultsDirectory="fb275c4d-2a24-4d26-92cd-4df5d15dfd34" />
    <UnitTestResult executionId="dad20923-6261-49bb-a43a-0ad2086855b8" testId="f94d6958-6588-1f41-34b4-8cd145a4db4b" testName="CodeGenTypeAttributeEmitted" computerName="pkrvmfkh1xnbeme" duration="00:00:00.0001220" startTime="2025-07-09T18:53:45.9707199+00:00" endTime="2025-07-09T18:53:45.9708417+00:00" testType="13cdc9d9-ddb5-4fa4-a97d-d965ccfc6d4b" outcome="Passed" testListId="8c84fa94-04c1-424b-9868-57a2d4851a1d" relativeResultsDirectory="dad20923-6261-49bb-a43a-0ad2086855b8" />
    <UnitTestResult executionId="eb13af7e-949c-4c66-938b-2f9b25bf5010" testId="6f3c6e12-9b74-aadd-c68d-32108b90a62a" testName="ForStatementWithAddMethod" computerName="pkrvmfkh1xnbeme" duration="00:00:00.0004790" startTime="2025-07-09T18:53:52.8018240+00:00" endTime="2025-07-09T18:53:52.8023031+00:00" testType="13cdc9d9-ddb5-4fa4-a97d-d965ccfc6d4b" outcome="Passed" testListId="8c84fa94-04c1-424b-9868-57a2d4851a1d" relativeResultsDirectory="eb13af7e-949c-4c66-938b-2f9b25bf5010" />
    <UnitTestResult executionId="9ce72359-2fe2-4750-ae90-7de1aec8c834" testId="98434a80-fdf6-c589-8491-27597fe52c2d" testName="TestIsCSharpKeyword(&quot;enum&quot;,True)" computerName="pkrvmfkh1xnbeme" duration="00:00:00.0003470" startTime="2025-07-09T18:53:52.9268555+00:00" endTime="2025-07-09T18:53:52.9272022+00:00" testType="13cdc9d9-ddb5-4fa4-a97d-d965ccfc6d4b" outcome="Passed" testListId="8c84fa94-04c1-424b-9868-57a2d4851a1d" relativeResultsDirectory="9ce72359-2fe2-4750-ae90-7de1aec8c834" />
    <UnitTestResult executionId="350215cb-9591-4fd6-aef2-16a8b87da6f7" testId="32887e39-d2d6-395d-8476-5506e3754a7e" testName="ExtensibleStringNullableEnumType" computerName="pkrvmfkh1xnbeme" duration="00:00:00.0007500" startTime="2025-07-09T18:53:52.8397377+00:00" endTime="2025-07-09T18:53:52.8404880+00:00" testType="13cdc9d9-ddb5-4fa4-a97d-d965ccfc6d4b" outcome="Passed" testListId="8c84fa94-04c1-424b-9868-57a2d4851a1d" relativeResultsDirectory="350215cb-9591-4fd6-aef2-16a8b87da6f7" />
    <UnitTestResult executionId="041b0a73-5b31-441f-a92f-8dcb94d6d889" testId="a05419fb-fa34-bae2-fbb2-d46c53d46cfa" testName="KeyValuePairExpression(System.Collections.Generic.IDictionary`2[System.Int32,System.String],System.Collections.Generic.IDictionary`2[System.String,System.Int32])" computerName="pkrvmfkh1xnbeme" duration="00:00:00.0004110" startTime="2025-07-09T18:53:46.0513305+00:00" endTime="2025-07-09T18:53:46.0517413+00:00" testType="13cdc9d9-ddb5-4fa4-a97d-d965ccfc6d4b" outcome="Passed" testListId="8c84fa94-04c1-424b-9868-57a2d4851a1d" relativeResultsDirectory="041b0a73-5b31-441f-a92f-8dcb94d6d889" />
    <UnitTestResult executionId="18fd706b-f5a8-46b3-8810-545f2193e69e" testId="0bef4102-12a6-3b9f-b397-11bd8ec3188e" testName="ValidatePropertyTypes(System.Nullable`1[Microsoft.TypeSpec.Generator.Tests.Providers.NamedTypeSymbolProviders.NamedTypeSymbolProviderTests+SomeEnum],True)" computerName="pkrvmfkh1xnbeme" duration="00:00:00.0084280" startTime="2025-07-09T18:53:52.2638803+00:00" endTime="2025-07-09T18:53:52.2723084+00:00" testType="13cdc9d9-ddb5-4fa4-a97d-d965ccfc6d4b" outcome="Passed" testListId="8c84fa94-04c1-424b-9868-57a2d4851a1d" relativeResultsDirectory="18fd706b-f5a8-46b3-8810-545f2193e69e" />
    <UnitTestResult executionId="35e8187f-de34-42e0-ba74-a4285cb0e898" testId="9101ab3b-170b-d074-831e-6bbc24513159" testName="ValidatePropertyTypes(System.ReadOnlyMemory`1[System.Byte])" computerName="pkrvmfkh1xnbeme" duration="00:00:00.0089130" startTime="2025-07-09T18:53:52.1863688+00:00" endTime="2025-07-09T18:53:52.1952816+00:00" testType="13cdc9d9-ddb5-4fa4-a97d-d965ccfc6d4b" outcome="Passed" testListId="8c84fa94-04c1-424b-9868-57a2d4851a1d" relativeResultsDirectory="35e8187f-de34-42e0-ba74-a4285cb0e898" />
    <UnitTestResult executionId="bf266cbf-9252-40fb-8a45-71e2d69bf284" testId="7bf947ee-381a-1499-30ec-e9b2891d9285" testName="TestPascalCaseProperty" computerName="pkrvmfkh1xnbeme" duration="00:00:00.0007739" startTime="2025-07-09T18:53:52.4246689+00:00" endTime="2025-07-09T18:53:52.4254426+00:00" testType="13cdc9d9-ddb5-4fa4-a97d-d965ccfc6d4b" outcome="Passed" testListId="8c84fa94-04c1-424b-9868-57a2d4851a1d" relativeResultsDirectory="bf266cbf-9252-40fb-8a45-71e2d69bf284" />
    <UnitTestResult executionId="0c2d3e6f-315d-49d1-bf0f-ec4f5aa543cf" testId="483288a8-d0a2-64bb-409d-d76b11e5343a" testName="ScopeStoredOnceInSameBlock" computerName="pkrvmfkh1xnbeme" duration="00:00:00.0005410" startTime="2025-07-09T18:53:52.9891873+00:00" endTime="2025-07-09T18:53:52.9897285+00:00" testType="13cdc9d9-ddb5-4fa4-a97d-d965ccfc6d4b" outcome="Passed" testListId="8c84fa94-04c1-424b-9868-57a2d4851a1d" relativeResultsDirectory="0c2d3e6f-315d-49d1-bf0f-ec4f5aa543cf" />
    <UnitTestResult executionId="7ee4ac1e-f736-4f12-97c6-e4e1e0d8c5cf" testId="711d2162-2b98-a5ab-d146-f061d4a9490c" testName="TestIsCSharpKeyword(&quot;by&quot;,True)" computerName="pkrvmfkh1xnbeme" duration="00:00:00.0003220" startTime="2025-07-09T18:53:52.9205400+00:00" endTime="2025-07-09T18:53:52.9208616+00:00" testType="13cdc9d9-ddb5-4fa4-a97d-d965ccfc6d4b" outcome="Passed" testListId="8c84fa94-04c1-424b-9868-57a2d4851a1d" relativeResultsDirectory="7ee4ac1e-f736-4f12-97c6-e4e1e0d8c5cf" />
    <UnitTestResult executionId="a367514a-9ef3-486e-8f64-446429a95d18" testId="e17d0d65-c0f5-823b-3b4b-8a272abd951c" testName="CanCustomizePropertyIntoReadOnlyMemory" computerName="pkrvmfkh1xnbeme" duration="00:00:00.0490080" startTime="2025-07-09T18:53:50.6331597+00:00" endTime="2025-07-09T18:53:50.6821675+00:00" testType="13cdc9d9-ddb5-4fa4-a97d-d965ccfc6d4b" outcome="Passed" testListId="8c84fa94-04c1-424b-9868-57a2d4851a1d" relativeResultsDirectory="a367514a-9ef3-486e-8f64-446429a95d18" />
    <UnitTestResult executionId="2d5ac42c-109f-4209-a3c5-59d46e372fa1" testId="4cc3e218-b161-c62c-d836-0284324d6237" testName="HashCodesAreNotEqual(System.Collections.Generic.IList`1[System.Int32],System.Int32)" computerName="pkrvmfkh1xnbeme" duration="00:00:00.0003089" startTime="2025-07-09T18:53:46.9332389+00:00" endTime="2025-07-09T18:53:46.9335473+00:00" testType="13cdc9d9-ddb5-4fa4-a97d-d965ccfc6d4b" outcome="Passed" testListId="8c84fa94-04c1-424b-9868-57a2d4851a1d" relativeResultsDirectory="2d5ac42c-109f-4209-a3c5-59d46e372fa1" />
    <UnitTestResult executionId="3c2db502-48c1-4822-b6db-c94cc39fe1a2" testId="38ccc626-a6f2-185e-9424-13a507faa6f1" testName="CanAddElement" computerName="pkrvmfkh1xnbeme" duration="00:00:00.0010219" startTime="2025-07-09T18:53:47.0481403+00:00" endTime="2025-07-09T18:53:47.0491626+00:00" testType="13cdc9d9-ddb5-4fa4-a97d-d965ccfc6d4b" outcome="Passed" testListId="8c84fa94-04c1-424b-9868-57a2d4851a1d" relativeResultsDirectory="3c2db502-48c1-4822-b6db-c94cc39fe1a2" />
    <UnitTestResult executionId="1e050f90-ff4c-48c3-9661-6aa85c795881" testId="5faa7576-5bd9-c01f-8a77-6447b82cf9b2" testName="BinaryOperatorExpressionWithOrOperator" computerName="pkrvmfkh1xnbeme" duration="00:00:00.0002820" startTime="2025-07-09T18:53:46.0212353+00:00" endTime="2025-07-09T18:53:46.0215172+00:00" testType="13cdc9d9-ddb5-4fa4-a97d-d965ccfc6d4b" outcome="Passed" testListId="8c84fa94-04c1-424b-9868-57a2d4851a1d" relativeResultsDirectory="1e050f90-ff4c-48c3-9661-6aa85c795881" />
    <UnitTestResult executionId="ab7fd9a4-d48f-4b99-9594-98668cc25570" testId="b3a33a9e-e0dc-2e99-7a41-ba2ae1eef3a8" testName="TestIsCSharpKeyword(&quot;on&quot;,True)" computerName="pkrvmfkh1xnbeme" duration="00:00:00.0003070" startTime="2025-07-09T18:53:52.9616560+00:00" endTime="2025-07-09T18:53:52.9619628+00:00" testType="13cdc9d9-ddb5-4fa4-a97d-d965ccfc6d4b" outcome="Passed" testListId="8c84fa94-04c1-424b-9868-57a2d4851a1d" relativeResultsDirectory="ab7fd9a4-d48f-4b99-9594-98668cc25570" />
    <UnitTestResult executionId="b3b7549d-1576-458a-a91b-e27acf5760e9" testId="42f71591-d73c-8990-98f8-f6f3fe171c28" testName="NotEqualToFrameworkType(System.Collections.Generic.IList`1[System.Int32],System.Collections.Generic.IList`1[T])" computerName="pkrvmfkh1xnbeme" duration="00:00:00.0002300" startTime="2025-07-09T18:53:46.9484470+00:00" endTime="2025-07-09T18:53:46.9486773+00:00" testType="13cdc9d9-ddb5-4fa4-a97d-d965ccfc6d4b" outcome="Passed" testListId="8c84fa94-04c1-424b-9868-57a2d4851a1d" relativeResultsDirectory="b3b7549d-1576-458a-a91b-e27acf5760e9" />
    <UnitTestResult executionId="3e521d86-2bcc-41d6-90b9-7954aacc0026" testId="047897f4-dbdf-d695-96c6-b995af803b8e" testName="TestBreakLines_FormatSpecifierInArg" computerName="pkrvmfkh1xnbeme" duration="00:00:00.0000470" startTime="2025-07-09T18:53:52.8579535+00:00" endTime="2025-07-09T18:53:52.8580005+00:00" testType="13cdc9d9-ddb5-4fa4-a97d-d965ccfc6d4b" outcome="Passed" testListId="8c84fa94-04c1-424b-9868-57a2d4851a1d" relativeResultsDirectory="3e521d86-2bcc-41d6-90b9-7954aacc0026" />
    <UnitTestResult executionId="12517e10-e17c-4784-b8a9-a1d7018b888d" testId="d0d08358-736f-27e8-0ef9-204e43fa6c4d" testName="CSharpTypeOperatorTestEqual(bool)" computerName="pkrvmfkh1xnbeme" duration="00:00:00.0000380" startTime="2025-07-09T18:53:46.0742893+00:00" endTime="2025-07-09T18:53:46.0743268+00:00" testType="13cdc9d9-ddb5-4fa4-a97d-d965ccfc6d4b" outcome="Passed" testListId="8c84fa94-04c1-424b-9868-57a2d4851a1d" relativeResultsDirectory="12517e10-e17c-4784-b8a9-a1d7018b888d" />
    <UnitTestResult executionId="f2c38a26-1de6-4bfd-a5cc-9af98ecb7b74" testId="162ec600-3c0d-b20b-0ef0-589a4bc1ab7f" testName="TestIsCSharpKeyword(&quot;case&quot;,True)" computerName="pkrvmfkh1xnbeme" duration="00:00:00.0003140" startTime="2025-07-09T18:53:52.9212049+00:00" endTime="2025-07-09T18:53:52.9215192+00:00" testType="13cdc9d9-ddb5-4fa4-a97d-d965ccfc6d4b" outcome="Passed" testListId="8c84fa94-04c1-424b-9868-57a2d4851a1d" relativeResultsDirectory="f2c38a26-1de6-4bfd-a5cc-9af98ecb7b74" />
    <UnitTestResult executionId="a14746ba-f66c-4702-895d-db14ece610c4" testId="32f519da-a40b-b181-4d83-4257f290e3db" testName="CanChangePropertyNameAndRedefineOriginal" computerName="pkrvmfkh1xnbeme" duration="00:00:00.0570940" startTime="2025-07-09T18:53:50.3321850+00:00" endTime="2025-07-09T18:53:50.3892786+00:00" testType="13cdc9d9-ddb5-4fa4-a97d-d965ccfc6d4b" outcome="Passed" testListId="8c84fa94-04c1-424b-9868-57a2d4851a1d" relativeResultsDirectory="a14746ba-f66c-4702-895d-db14ece610c4" />
    <UnitTestResult executionId="46ae1557-e2b0-407b-aedb-4e9d01f628b9" testId="38eb63dc-b52d-8bce-48df-09a5bf3605fa" testName="TypesAreEqual(System.Collections.Generic.IList`1[System.Int32])" computerName="pkrvmfkh1xnbeme" duration="00:00:00.0001470" startTime="2025-07-09T18:53:46.9530648+00:00" endTime="2025-07-09T18:53:46.9532113+00:00" testType="13cdc9d9-ddb5-4fa4-a97d-d965ccfc6d4b" outcome="Passed" testListId="8c84fa94-04c1-424b-9868-57a2d4851a1d" relativeResultsDirectory="46ae1557-e2b0-407b-aedb-4e9d01f628b9" />
    <UnitTestResult executionId="ff3194a7-9695-47b9-bb54-1daa74fa7255" testId="5cebd592-bd9a-5f69-76f3-70a1b64fb493" testName="AttributeStatementWithArgumentsAndNamedArguments" computerName="pkrvmfkh1xnbeme" duration="00:00:00.0003920" startTime="2025-07-09T18:53:52.7958641+00:00" endTime="2025-07-09T18:53:52.7962564+00:00" testType="13cdc9d9-ddb5-4fa4-a97d-d965ccfc6d4b" outcome="Passed" testListId="8c84fa94-04c1-424b-9868-57a2d4851a1d" relativeResultsDirectory="ff3194a7-9695-47b9-bb54-1daa74fa7255" />
    <UnitTestResult executionId="86da047c-e49f-4a0d-a784-9c08d602c670" testId="ee183c42-8169-b412-bfe9-e9d7ac90c9a4" testName="ValidatePropertyTypes(System.Nullable`1[System.ReadOnlyMemory`1[System.Byte]])" computerName="pkrvmfkh1xnbeme" duration="00:00:00.0084330" startTime="2025-07-09T18:53:52.1779075+00:00" endTime="2025-07-09T18:53:52.1863405+00:00" testType="13cdc9d9-ddb5-4fa4-a97d-d965ccfc6d4b" outcome="Passed" testListId="8c84fa94-04c1-424b-9868-57a2d4851a1d" relativeResultsDirectory="86da047c-e49f-4a0d-a784-9c08d602c670" />
    <UnitTestResult executionId="a9fc3490-771f-422b-900c-501a6e7d968b" testId="7f92474a-3ae5-e825-288d-feb3f92941e7" testName="ValidateParameters(System.Nullable`1[System.Double],LiteralExpression { Literal = 2.2 })" computerName="pkrvmfkh1xnbeme" duration="00:00:00.0112560" startTime="2025-07-09T18:53:52.0004071+00:00" endTime="2025-07-09T18:53:52.0116632+00:00" testType="13cdc9d9-ddb5-4fa4-a97d-d965ccfc6d4b" outcome="Passed" testListId="8c84fa94-04c1-424b-9868-57a2d4851a1d" relativeResultsDirectory="a9fc3490-771f-422b-900c-501a6e7d968b" />
    <UnitTestResult executionId="bc2c1b6b-3095-4163-a601-a09b9a126d1b" testId="a32824ae-7238-9f3a-7ce6-ca85f736eecd" testName="TestToApiVersionValue(&quot;V2023-12-31&quot;,&quot;2023-12-31&quot;)" computerName="pkrvmfkh1xnbeme" duration="00:00:00.0000430" startTime="2025-07-09T18:53:52.9808675+00:00" endTime="2025-07-09T18:53:52.9809101+00:00" testType="13cdc9d9-ddb5-4fa4-a97d-d965ccfc6d4b" outcome="Passed" testListId="8c84fa94-04c1-424b-9868-57a2d4851a1d" relativeResultsDirectory="bc2c1b6b-3095-4163-a601-a09b9a126d1b" />
    <UnitTestResult executionId="08e57af6-97f9-43ed-8982-50f78851f49c" testId="d6ec974b-6353-2efc-76e0-fff1e88333cb" testName="TypesAreNotEqual(System.Collections.Generic.IDictionary`2[System.Int32,System.String],System.Collections.Generic.Dictionary`2[System.Int32,System.String])" computerName="pkrvmfkh1xnbeme" duration="00:00:00.0002500" startTime="2025-07-09T18:53:46.9622459+00:00" endTime="2025-07-09T18:53:46.9624960+00:00" testType="13cdc9d9-ddb5-4fa4-a97d-d965ccfc6d4b" outcome="Passed" testListId="8c84fa94-04c1-424b-9868-57a2d4851a1d" relativeResultsDirectory="08e57af6-97f9-43ed-8982-50f78851f49c" />
    <UnitTestResult executionId="96be5023-50eb-4634-a00b-ea881ec0a11e" testId="84c06b8b-8cb9-f6cb-e4e2-8264159a20ad" testName="ScopeStoredTwiceInSkippedNestedBlock" computerName="pkrvmfkh1xnbeme" duration="00:00:00.0005300" startTime="2025-07-09T18:53:52.9908448+00:00" endTime="2025-07-09T18:53:52.9913747+00:00" testType="13cdc9d9-ddb5-4fa4-a97d-d965ccfc6d4b" outcome="Passed" testListId="8c84fa94-04c1-424b-9868-57a2d4851a1d" relativeResultsDirectory="96be5023-50eb-4634-a00b-ea881ec0a11e" />
    <UnitTestResult executionId="ebdfe676-ae5d-4c32-a039-e18615f499b8" testId="90bf6b45-fed4-fe2b-c5f1-66836f3259c4" testName="TestWriteValueExpression_CustomExpression" computerName="pkrvmfkh1xnbeme" duration="00:00:00.0003869" startTime="2025-07-09T18:53:52.9929057+00:00" endTime="2025-07-09T18:53:52.9932926+00:00" testType="13cdc9d9-ddb5-4fa4-a97d-d965ccfc6d4b" outcome="Passed" testListId="8c84fa94-04c1-424b-9868-57a2d4851a1d" relativeResultsDirectory="ebdfe676-ae5d-4c32-a039-e18615f499b8" />
    <UnitTestResult executionId="a2eb0a29-1ea5-44d0-94a6-55627a31c8db" testId="e1ad1f4d-9d91-fbf4-5cbe-b153c5408369" testName="TestYieldReturnStatement" computerName="pkrvmfkh1xnbeme" duration="00:00:00.0003720" startTime="2025-07-09T18:53:52.8138387+00:00" endTime="2025-07-09T18:53:52.8142101+00:00" testType="13cdc9d9-ddb5-4fa4-a97d-d965ccfc6d4b" outcome="Passed" testListId="8c84fa94-04c1-424b-9868-57a2d4851a1d" relativeResultsDirectory="a2eb0a29-1ea5-44d0-94a6-55627a31c8db" />
    <UnitTestResult executionId="5c570811-1bb5-45fc-869f-61b86a147abf" testId="79f04eff-f207-05e6-57f3-7e80f6692a74" testName="CanRemoveMethods" computerName="pkrvmfkh1xnbeme" duration="00:00:00.1142680" startTime="2025-07-09T18:53:48.6849488+00:00" endTime="2025-07-09T18:53:48.7992162+00:00" testType="13cdc9d9-ddb5-4fa4-a97d-d965ccfc6d4b" outcome="Passed" testListId="8c84fa94-04c1-424b-9868-57a2d4851a1d" relativeResultsDirectory="5c570811-1bb5-45fc-869f-61b86a147abf" />
    <UnitTestResult executionId="65cbc7d7-748d-406b-a686-b797383b8bd5" testId="9b3cfa10-15f6-641d-d610-9fb90dcc2420" testName="TypesWithDifferentDeclaringTypesAreNotEqual" computerName="pkrvmfkh1xnbeme" duration="00:00:00.0002940" startTime="2025-07-09T18:53:46.9665410+00:00" endTime="2025-07-09T18:53:46.9668350+00:00" testType="13cdc9d9-ddb5-4fa4-a97d-d965ccfc6d4b" outcome="Passed" testListId="8c84fa94-04c1-424b-9868-57a2d4851a1d" relativeResultsDirectory="65cbc7d7-748d-406b-a686-b797383b8bd5" />
    <UnitTestResult executionId="0760aaa0-7db2-4df3-b0e5-a11355b16149" testId="b1ea02bb-c410-8851-b718-5c2f496a74f6" testName="UnreferencedTypeHandling(&quot;internalize&quot;)" computerName="pkrvmfkh1xnbeme" duration="00:00:00.0005390" startTime="2025-07-09T18:53:43.6337318+00:00" endTime="2025-07-09T18:53:43.6342703+00:00" testType="13cdc9d9-ddb5-4fa4-a97d-d965ccfc6d4b" outcome="Passed" testListId="8c84fa94-04c1-424b-9868-57a2d4851a1d" relativeResultsDirectory="0760aaa0-7db2-4df3-b0e5-a11355b16149" />
    <UnitTestResult executionId="e021e684-a9c6-452c-b82d-7fdff36f198e" testId="d832ca72-8ed0-0f15-973d-4e0a54c1c11e" testName="TestIsCSharpKeyword(&quot;where&quot;,True)" computerName="pkrvmfkh1xnbeme" duration="00:00:00.0003669" startTime="2025-07-09T18:53:52.9778955+00:00" endTime="2025-07-09T18:53:52.9782627+00:00" testType="13cdc9d9-ddb5-4fa4-a97d-d965ccfc6d4b" outcome="Passed" testListId="8c84fa94-04c1-424b-9868-57a2d4851a1d" relativeResultsDirectory="e021e684-a9c6-452c-b82d-7fdff36f198e" />
    <UnitTestResult executionId="a2e2df73-2833-4db6-b2bc-3492d49edbe3" testId="58c2a48b-8bbe-0380-caa2-a75f54af8cb9" testName="ValidateParameters(System.String,ScopedApi { Original = LiteralExpression { Literal = Foo }, Type = string })" computerName="pkrvmfkh1xnbeme" duration="00:00:00.0101600" startTime="2025-07-09T18:53:51.9746053+00:00" endTime="2025-07-09T18:53:51.9847655+00:00" testType="13cdc9d9-ddb5-4fa4-a97d-d965ccfc6d4b" outcome="Passed" testListId="8c84fa94-04c1-424b-9868-57a2d4851a1d" relativeResultsDirectory="a2e2df73-2833-4db6-b2bc-3492d49edbe3" />
    <UnitTestResult executionId="6c485474-c524-41f9-bce0-71967b0ab0fe" testId="e5ffa856-2a3d-4756-1353-c73d0329c101" testName="TypesAreNotEqualWhenNullabilityIsDifferent(System.Collections.Generic.IDictionary`2[System.String,System.Int32])" computerName="pkrvmfkh1xnbeme" duration="00:00:00.0002190" startTime="2025-07-09T18:53:46.9655139+00:00" endTime="2025-07-09T18:53:46.9657327+00:00" testType="13cdc9d9-ddb5-4fa4-a97d-d965ccfc6d4b" outcome="Passed" testListId="8c84fa94-04c1-424b-9868-57a2d4851a1d" relativeResultsDirectory="6c485474-c524-41f9-bce0-71967b0ab0fe" />
    <UnitTestResult executionId="a79d9ce7-dc60-4210-a1bb-9cbf38217b2f" testId="0b571c5d-6760-ff1b-1a63-3687d380bbd8" testName="TestIsCSharpKeyword(&quot;join&quot;,True)" computerName="pkrvmfkh1xnbeme" duration="00:00:00.0002990" startTime="2025-07-09T18:53:52.9351161+00:00" endTime="2025-07-09T18:53:52.9354155+00:00" testType="13cdc9d9-ddb5-4fa4-a97d-d965ccfc6d4b" outcome="Passed" testListId="8c84fa94-04c1-424b-9868-57a2d4851a1d" relativeResultsDirectory="a79d9ce7-dc60-4210-a1bb-9cbf38217b2f" />
    <UnitTestResult executionId="1cfc7036-5fd2-4d7b-9193-a007b9a8690b" testId="9d50704a-b227-d7a3-39a9-b894a0d5a877" testName="SystemTypeOperatorTestNotEqual(System.Collections.Generic.IDictionary`2[System.Int32,System.String],System.Collections.Generic.Dictionary`2[System.Int32,System.String])" computerName="pkrvmfkh1xnbeme" duration="00:00:00.0003030" startTime="2025-07-09T18:53:46.0843219+00:00" endTime="2025-07-09T18:53:46.0846248+00:00" testType="13cdc9d9-ddb5-4fa4-a97d-d965ccfc6d4b" outcome="Passed" testListId="8c84fa94-04c1-424b-9868-57a2d4851a1d" relativeResultsDirectory="1cfc7036-5fd2-4d7b-9193-a007b9a8690b" />
    <UnitTestResult executionId="832972ae-8ec0-476d-8375-6cb8e716308c" testId="4227ff06-9010-e871-ce9c-b32ecf923096" testName="SystemTypeOperatorTestNotEqual(System.Collections.Generic.IDictionary`2[System.Int32,System.String],System.Collections.Generic.Dictionary`2[TKey,TValue])" computerName="pkrvmfkh1xnbeme" duration="00:00:00.0002680" startTime="2025-07-09T18:53:46.0837628+00:00" endTime="2025-07-09T18:53:46.0840307+00:00" testType="13cdc9d9-ddb5-4fa4-a97d-d965ccfc6d4b" outcome="Passed" testListId="8c84fa94-04c1-424b-9868-57a2d4851a1d" relativeResultsDirectory="832972ae-8ec0-476d-8375-6cb8e716308c" />
    <UnitTestResult executionId="a34ee0a1-3858-4184-a676-a3da20dd763a" testId="f95f54b0-b26c-1837-7e7c-6d7991c125cc" testName="TestAttributes" computerName="pkrvmfkh1xnbeme" duration="00:00:00.0011890" startTime="2025-07-09T18:53:52.4217372+00:00" endTime="2025-07-09T18:53:52.4229265+00:00" testType="13cdc9d9-ddb5-4fa4-a97d-d965ccfc6d4b" outcome="Passed" testListId="8c84fa94-04c1-424b-9868-57a2d4851a1d" relativeResultsDirectory="a34ee0a1-3858-4184-a676-a3da20dd763a" />
    <UnitTestResult executionId="e990fa9d-1db7-493f-8ee0-3d0f36e51e59" testId="bf677aec-7ef0-def2-9b66-e1eef9bbe9cb" testName="ValidateArrayHandling" computerName="pkrvmfkh1xnbeme" duration="00:00:00.0008050" startTime="2025-07-09T18:53:52.3933207+00:00" endTime="2025-07-09T18:53:52.3941253+00:00" testType="13cdc9d9-ddb5-4fa4-a97d-d965ccfc6d4b" outcome="Passed" testListId="8c84fa94-04c1-424b-9868-57a2d4851a1d" relativeResultsDirectory="e990fa9d-1db7-493f-8ee0-3d0f36e51e59" />
    <UnitTestResult executionId="4f1ec4fc-fd9a-48a6-8014-84fb0e1e1061" testId="466caf75-9147-2919-3448-981a8ec4c4ac" testName="TestToApiVersionValueWithCustomSeparator(&quot;V1_2_3&quot;,&quot;/&quot;,&quot;1/2/3&quot;)" computerName="pkrvmfkh1xnbeme" duration="00:00:00.0000490" startTime="2025-07-09T18:53:52.9813860+00:00" endTime="2025-07-09T18:53:52.9814345+00:00" testType="13cdc9d9-ddb5-4fa4-a97d-d965ccfc6d4b" outcome="Passed" testListId="8c84fa94-04c1-424b-9868-57a2d4851a1d" relativeResultsDirectory="4f1ec4fc-fd9a-48a6-8014-84fb0e1e1061" />
    <UnitTestResult executionId="7feb2974-b5a1-4a6e-ace8-e11560459c93" testId="810d110e-23ba-2c22-88ce-6f797edf0b84" testName="ValidateParameters(System.Nullable`1[System.Single],LiteralExpression { Literal = 2.2 })" computerName="pkrvmfkh1xnbeme" duration="00:00:00.0102390" startTime="2025-07-09T18:53:52.0248181+00:00" endTime="2025-07-09T18:53:52.0350573+00:00" testType="13cdc9d9-ddb5-4fa4-a97d-d965ccfc6d4b" outcome="Passed" testListId="8c84fa94-04c1-424b-9868-57a2d4851a1d" relativeResultsDirectory="7feb2974-b5a1-4a6e-ace8-e11560459c93" />
    <UnitTestResult executionId="6249b08d-391a-41b2-8faf-cd505b372367" testId="bdc2b68d-febd-eaad-9bfc-6b14ef865371" testName="SeeCRefType(System.Collections.Generic.KeyValuePair`2[TKey,TValue],False)" computerName="pkrvmfkh1xnbeme" duration="00:00:00.0002160" startTime="2025-07-09T18:53:53.0165988+00:00" endTime="2025-07-09T18:53:53.0168148+00:00" testType="13cdc9d9-ddb5-4fa4-a97d-d965ccfc6d4b" outcome="Passed" testListId="8c84fa94-04c1-424b-9868-57a2d4851a1d" relativeResultsDirectory="6249b08d-391a-41b2-8faf-cd505b372367" />
    <UnitTestResult executionId="483053f5-45af-458e-aa8e-1f0dfb698593" testId="b6ccfb03-57bd-fcc1-ee6c-193db3aea94f" testName="CanChangeExtensibleEnumToEnum" computerName="pkrvmfkh1xnbeme" duration="00:00:00.0755210" startTime="2025-07-09T18:53:49.6912802+00:00" endTime="2025-07-09T18:53:49.7668009+00:00" testType="13cdc9d9-ddb5-4fa4-a97d-d965ccfc6d4b" outcome="Passed" testListId="8c84fa94-04c1-424b-9868-57a2d4851a1d" relativeResultsDirectory="483053f5-45af-458e-aa8e-1f0dfb698593" />
    <UnitTestResult executionId="24620574-4940-4fb5-a4a4-427e6f2bc906" testId="6f25e87d-dfd4-a691-983e-a932f0aa8e59" testName="TestIsCSharpKeyword(&quot;null&quot;,True)" computerName="pkrvmfkh1xnbeme" duration="00:00:00.0003080" startTime="2025-07-09T18:53:52.9609867+00:00" endTime="2025-07-09T18:53:52.9612952+00:00" testType="13cdc9d9-ddb5-4fa4-a97d-d965ccfc6d4b" outcome="Passed" testListId="8c84fa94-04c1-424b-9868-57a2d4851a1d" relativeResultsDirectory="24620574-4940-4fb5-a4a4-427e6f2bc906" />
    <UnitTestResult executionId="e8640119-6b50-4783-b798-a950ea1016d9" testId="0d41fd72-8779-fb89-400f-320ee73a98bb" testName="TestParseVersionString(&quot;1.0.0&quot;,&quot;1.0.0&quot;,1.0.0,False)" computerName="pkrvmfkh1xnbeme" duration="00:00:00.0010330" startTime="2025-07-09T18:53:52.9111540+00:00" endTime="2025-07-09T18:53:52.9121872+00:00" testType="13cdc9d9-ddb5-4fa4-a97d-d965ccfc6d4b" outcome="Passed" testListId="8c84fa94-04c1-424b-9868-57a2d4851a1d" relativeResultsDirectory="e8640119-6b50-4783-b798-a950ea1016d9" />
    <UnitTestResult executionId="5df70e14-eb48-45cf-8815-6e19f457686b" testId="8dbe9241-7d5f-15da-b04a-1ada9b786356" testName="TestBuildFields(False,True)" computerName="pkrvmfkh1xnbeme" duration="00:00:00.0005509" startTime="2025-07-09T18:53:51.8248882+00:00" endTime="2025-07-09T18:53:51.8254393+00:00" testType="13cdc9d9-ddb5-4fa4-a97d-d965ccfc6d4b" outcome="Passed" testListId="8c84fa94-04c1-424b-9868-57a2d4851a1d" relativeResultsDirectory="5df70e14-eb48-45cf-8815-6e19f457686b" />
    <UnitTestResult executionId="a65c158d-775c-47bf-bbd4-46810da48aca" testId="74f5e4a5-156f-e5fa-3912-1acc1239d040" testName="ValidateMethods" computerName="pkrvmfkh1xnbeme" duration="00:00:00.0486860" startTime="2025-07-09T18:53:46.9920364+00:00" endTime="2025-07-09T18:53:47.0407225+00:00" testType="13cdc9d9-ddb5-4fa4-a97d-d965ccfc6d4b" outcome="Passed" testListId="8c84fa94-04c1-424b-9868-57a2d4851a1d" relativeResultsDirectory="a65c158d-775c-47bf-bbd4-46810da48aca" />
    <UnitTestResult executionId="8a4c077d-c552-42dd-befd-07cb151a92c3" testId="e16c19c6-63a6-b892-b6c4-e3e509cc27d9" testName="EnumerableExpressionWithAnyMethodCall" computerName="pkrvmfkh1xnbeme" duration="00:00:00.0007890" startTime="2025-07-09T18:53:46.0429656+00:00" endTime="2025-07-09T18:53:46.0437550+00:00" testType="13cdc9d9-ddb5-4fa4-a97d-d965ccfc6d4b" outcome="Passed" testListId="8c84fa94-04c1-424b-9868-57a2d4851a1d" relativeResultsDirectory="8a4c077d-c552-42dd-befd-07cb151a92c3" />
    <UnitTestResult executionId="7fc9b303-e93f-424d-b809-68ded9ae3c2b" testId="01843238-0d15-9fab-27fe-a2a41aee1839" testName="SystemTypeOperatorTestEqual(System.Boolean)" computerName="pkrvmfkh1xnbeme" duration="00:00:00.0001290" startTime="2025-07-09T18:53:46.0777062+00:00" endTime="2025-07-09T18:53:46.0778352+00:00" testType="13cdc9d9-ddb5-4fa4-a97d-d965ccfc6d4b" outcome="Passed" testListId="8c84fa94-04c1-424b-9868-57a2d4851a1d" relativeResultsDirectory="7fc9b303-e93f-424d-b809-68ded9ae3c2b" />
    <UnitTestResult executionId="b915c406-d595-4748-8aa3-a17b976906bc" testId="15e9c99e-de4e-9516-e261-2eeaf52def6d" testName="TestWriteValueExpression_DefaultCastExpression(System.Double,22,&quot;((double)22)&quot;)" computerName="pkrvmfkh1xnbeme" duration="00:00:00.0002870" startTime="2025-07-09T18:53:52.9939477+00:00" endTime="2025-07-09T18:53:52.9942346+00:00" testType="13cdc9d9-ddb5-4fa4-a97d-d965ccfc6d4b" outcome="Passed" testListId="8c84fa94-04c1-424b-9868-57a2d4851a1d" relativeResultsDirectory="b915c406-d595-4748-8aa3-a17b976906bc" />
    <UnitTestResult executionId="8c779e89-73b8-4ef4-b52d-7a74b8e5d3a5" testId="687df4df-3aed-17f2-92c3-f7a65e0c7c53" testName="SeeCRefType(System.Int32,True)" computerName="pkrvmfkh1xnbeme" duration="00:00:00.0001740" startTime="2025-07-09T18:53:53.0161628+00:00" endTime="2025-07-09T18:53:53.0163371+00:00" testType="13cdc9d9-ddb5-4fa4-a97d-d965ccfc6d4b" outcome="Passed" testListId="8c84fa94-04c1-424b-9868-57a2d4851a1d" relativeResultsDirectory="8c779e89-73b8-4ef4-b52d-7a74b8e5d3a5" />
    <UnitTestResult executionId="5cc1b4ad-250d-4c17-9b8d-10115a7ab117" testId="67aaf6ef-c8af-9bdf-61a4-bec58e4167ef" testName="ClearResetsUndefined" computerName="pkrvmfkh1xnbeme" duration="00:00:00.0004640" startTime="2025-07-09T18:53:47.0491866+00:00" endTime="2025-07-09T18:53:47.0496506+00:00" testType="13cdc9d9-ddb5-4fa4-a97d-d965ccfc6d4b" outcome="Passed" testListId="8c84fa94-04c1-424b-9868-57a2d4851a1d" relativeResultsDirectory="5cc1b4ad-250d-4c17-9b8d-10115a7ab117" />
    <UnitTestResult executionId="a76046ee-91fd-4df8-848f-cd9e9f4155a6" testId="2d409205-bd6b-eece-0bf9-3da5a8853c4a" testName="CanChangeExpressionStatement" computerName="pkrvmfkh1xnbeme" duration="00:00:00.0022550" startTime="2025-07-09T18:53:46.0104311+00:00" endTime="2025-07-09T18:53:46.0126859+00:00" testType="13cdc9d9-ddb5-4fa4-a97d-d965ccfc6d4b" outcome="Passed" testListId="8c84fa94-04c1-424b-9868-57a2d4851a1d" relativeResultsDirectory="a76046ee-91fd-4df8-848f-cd9e9f4155a6" />
    <UnitTestResult executionId="4de3e408-0369-47fd-948d-043d340133cf" testId="9abb5060-f190-1d75-919a-72d88288d474" testName="TestBreakLines_LiteralOpenAndCloseBraceWithLineBreaks" computerName="pkrvmfkh1xnbeme" duration="00:00:00.0000800" startTime="2025-07-09T18:53:52.8572282+00:00" endTime="2025-07-09T18:53:52.8573083+00:00" testType="13cdc9d9-ddb5-4fa4-a97d-d965ccfc6d4b" outcome="Passed" testListId="8c84fa94-04c1-424b-9868-57a2d4851a1d" relativeResultsDirectory="4de3e408-0369-47fd-948d-043d340133cf" />
    <UnitTestResult executionId="4a4e4191-210d-4ed6-ac7d-52ac0b09bf81" testId="dede0568-9d47-e49f-1a9a-a43efd7db022" testName="ReadOnlyDict_Defined_ReturnsTrue" computerName="pkrvmfkh1xnbeme" duration="00:00:00.0009600" startTime="2025-07-09T18:53:52.3827557+00:00" endTime="2025-07-09T18:53:52.3837156+00:00" testType="13cdc9d9-ddb5-4fa4-a97d-d965ccfc6d4b" outcome="Passed" testListId="8c84fa94-04c1-424b-9868-57a2d4851a1d" relativeResultsDirectory="4a4e4191-210d-4ed6-ac7d-52ac0b09bf81" />
    <UnitTestResult executionId="c8de4e90-72ca-41eb-8b1c-d12e5e30ae84" testId="6724e4f1-a2a0-88f4-a38f-02052c7a33f5" testName="ValidateDictionaryWithValues" computerName="pkrvmfkh1xnbeme" duration="00:00:00.0004450" startTime="2025-07-09T18:53:52.6397796+00:00" endTime="2025-07-09T18:53:52.6402239+00:00" testType="13cdc9d9-ddb5-4fa4-a97d-d965ccfc6d4b" outcome="Passed" testListId="8c84fa94-04c1-424b-9868-57a2d4851a1d" relativeResultsDirectory="c8de4e90-72ca-41eb-8b1c-d12e5e30ae84" />
    <UnitTestResult executionId="a1330481-3e68-4daf-97bc-680e36f7d167" testId="1d75a603-9ec7-f832-dc7d-8c1b85abdd83" testName="TestIsCSharpKeyword(&quot;double&quot;,True)" computerName="pkrvmfkh1xnbeme" duration="00:00:00.0003260" startTime="2025-07-09T18:53:52.9254964+00:00" endTime="2025-07-09T18:53:52.9258222+00:00" testType="13cdc9d9-ddb5-4fa4-a97d-d965ccfc6d4b" outcome="Passed" testListId="8c84fa94-04c1-424b-9868-57a2d4851a1d" relativeResultsDirectory="a1330481-3e68-4daf-97bc-680e36f7d167" />
    <UnitTestResult executionId="96fecc3a-5421-4ddc-ba2e-c784c29a3339" testId="085b8d2d-ebc4-2e5c-c0bf-665d09661988" testName="TestBreakLines_NullArgument" computerName="pkrvmfkh1xnbeme" duration="00:00:00.0000510" startTime="2025-07-09T18:53:52.8567342+00:00" endTime="2025-07-09T18:53:52.8567855+00:00" testType="13cdc9d9-ddb5-4fa4-a97d-d965ccfc6d4b" outcome="Passed" testListId="8c84fa94-04c1-424b-9868-57a2d4851a1d" relativeResultsDirectory="96fecc3a-5421-4ddc-ba2e-c784c29a3339" />
    <UnitTestResult executionId="ebbaf232-67cf-4611-9307-055945914097" testId="2956291e-4314-cc23-4bcb-88b96d7c8b03" testName="ValidatePropertyTypes(System.Nullable`1[System.Double])" computerName="pkrvmfkh1xnbeme" duration="00:00:00.0082700" startTime="2025-07-09T18:53:52.1156386+00:00" endTime="2025-07-09T18:53:52.1239081+00:00" testType="13cdc9d9-ddb5-4fa4-a97d-d965ccfc6d4b" outcome="Passed" testListId="8c84fa94-04c1-424b-9868-57a2d4851a1d" relativeResultsDirectory="ebbaf232-67cf-4611-9307-055945914097" />
    <UnitTestResult executionId="4e9c329d-93ab-483f-aae2-9f990cf93eb9" testId="e2019408-a247-cd92-a372-7004d0253e97" testName="ValidateFloat" computerName="pkrvmfkh1xnbeme" duration="00:00:00.0001970" startTime="2025-07-09T18:53:52.6402486+00:00" endTime="2025-07-09T18:53:52.6404453+00:00" testType="13cdc9d9-ddb5-4fa4-a97d-d965ccfc6d4b" outcome="Passed" testListId="8c84fa94-04c1-424b-9868-57a2d4851a1d" relativeResultsDirectory="4e9c329d-93ab-483f-aae2-9f990cf93eb9" />
    <UnitTestResult executionId="d5c422da-c604-489d-8ae4-1118e504f732" testId="5de66f25-ef3a-2c38-2754-ebfa2b1d19c7" testName="IsList(System.Collections.Generic.IList`1[T],True)" computerName="pkrvmfkh1xnbeme" duration="00:00:00.0000930" startTime="2025-07-09T18:53:46.9410929+00:00" endTime="2025-07-09T18:53:46.9411862+00:00" testType="13cdc9d9-ddb5-4fa4-a97d-d965ccfc6d4b" outcome="Passed" testListId="8c84fa94-04c1-424b-9868-57a2d4851a1d" relativeResultsDirectory="d5c422da-c604-489d-8ae4-1118e504f732" />
    <UnitTestResult executionId="5daa8b06-664b-46eb-bf39-1866cf7262df" testId="b79a46ba-f324-98d6-56e4-62dd91ee450a" testName="VariableExpressionWithoutRef" computerName="pkrvmfkh1xnbeme" duration="00:00:00.0002580" startTime="2025-07-09T18:53:46.0884475+00:00" endTime="2025-07-09T18:53:46.0887057+00:00" testType="13cdc9d9-ddb5-4fa4-a97d-d965ccfc6d4b" outcome="Passed" testListId="8c84fa94-04c1-424b-9868-57a2d4851a1d" relativeResultsDirectory="5daa8b06-664b-46eb-bf39-1866cf7262df" />
    <UnitTestResult executionId="69dc5c9a-8ba2-429b-880a-157335ae59a8" testId="4a0a4794-a815-d62d-213d-900e17753073" testName="ValidateNullableTypes(System.Nullable`1[Microsoft.TypeSpec.Generator.Tests.Primitives.CSharpTypeTests+TestStruct`1[System.Int32]],[int],True)" computerName="pkrvmfkh1xnbeme" duration="00:00:00.0000820" startTime="2025-07-09T18:53:46.9677161+00:00" endTime="2025-07-09T18:53:46.9677974+00:00" testType="13cdc9d9-ddb5-4fa4-a97d-d965ccfc6d4b" outcome="Passed" testListId="8c84fa94-04c1-424b-9868-57a2d4851a1d" relativeResultsDirectory="69dc5c9a-8ba2-429b-880a-157335ae59a8" />
    <UnitTestResult executionId="d3901086-20f2-4dd9-a828-f24387b6d906" testId="cfee214c-88a1-d6af-e219-440c39e0637e" testName="NotEqualToFrameworkType(System.Int32,System.String)" computerName="pkrvmfkh1xnbeme" duration="00:00:00.0003730" startTime="2025-07-09T18:53:46.9469586+00:00" endTime="2025-07-09T18:53:46.9473317+00:00" testType="13cdc9d9-ddb5-4fa4-a97d-d965ccfc6d4b" outcome="Passed" testListId="8c84fa94-04c1-424b-9868-57a2d4851a1d" relativeResultsDirectory="d3901086-20f2-4dd9-a828-f24387b6d906" />
    <UnitTestResult executionId="f62b8e68-a802-4da5-a219-bfb042203ede" testId="9d9fb6c2-9184-4538-4081-364acb08e5ea" testName="SystemTypeOperatorTestNotEqual(System.Collections.Generic.IDictionary`2[System.Int32,System.String],System.Collections.Generic.IDictionary`2[System.String,System.Int32])" computerName="pkrvmfkh1xnbeme" duration="00:00:00.0002670" startTime="2025-07-09T18:53:46.0846375+00:00" endTime="2025-07-09T18:53:46.0849041+00:00" testType="13cdc9d9-ddb5-4fa4-a97d-d965ccfc6d4b" outcome="Passed" testListId="8c84fa94-04c1-424b-9868-57a2d4851a1d" relativeResultsDirectory="f62b8e68-a802-4da5-a219-bfb042203ede" />
    <UnitTestResult executionId="bf548472-7a5a-48b9-bdec-32abcf1fbf74" testId="fb1051f4-7c0e-47f7-1ca4-457f2fed6fc8" testName="TestIsCSharpKeyword(&quot;as&quot;,True)" computerName="pkrvmfkh1xnbeme" duration="00:00:00.0003520" startTime="2025-07-09T18:53:52.9177379+00:00" endTime="2025-07-09T18:53:52.9180901+00:00" testType="13cdc9d9-ddb5-4fa4-a97d-d965ccfc6d4b" outcome="Passed" testListId="8c84fa94-04c1-424b-9868-57a2d4851a1d" relativeResultsDirectory="bf548472-7a5a-48b9-bdec-32abcf1fbf74" />
    <UnitTestResult executionId="985c256a-12f9-455a-a4c9-2bc6f2a4e084" testId="2234441e-20a3-5910-1d29-7e976e13e77e" testName="OmitsModelFactoryMethodIfModelTypeInternal" computerName="pkrvmfkh1xnbeme" duration="00:00:00.1358939" startTime="2025-07-09T18:53:48.0776879+00:00" endTime="2025-07-09T18:53:48.2135817+00:00" testType="13cdc9d9-ddb5-4fa4-a97d-d965ccfc6d4b" outcome="Passed" testListId="8c84fa94-04c1-424b-9868-57a2d4851a1d" relativeResultsDirectory="985c256a-12f9-455a-a4c9-2bc6f2a4e084" />
    <UnitTestResult executionId="b4631257-3d64-462d-b35e-1d168b2d11ea" testId="e1da224a-6889-e7f0-4909-8f9f1d973abe" testName="DoesNotIncludeReqCustomFieldLiteralInDefaultCtor" computerName="pkrvmfkh1xnbeme" duration="00:00:00.1112950" startTime="2025-07-09T18:53:51.4978537+00:00" endTime="2025-07-09T18:53:51.6091484+00:00" testType="13cdc9d9-ddb5-4fa4-a97d-d965ccfc6d4b" outcome="Passed" testListId="8c84fa94-04c1-424b-9868-57a2d4851a1d" relativeResultsDirectory="b4631257-3d64-462d-b35e-1d168b2d11ea" />
    <UnitTestResult executionId="57f5bed4-320f-4909-a23e-78def4c432ca" testId="8184f7a8-0925-f1d0-46b4-d23e51b3f952" testName="TestIsCSharpKeyword(&quot;return&quot;,True)" computerName="pkrvmfkh1xnbeme" duration="00:00:00.0003620" startTime="2025-07-09T18:53:52.9660466+00:00" endTime="2025-07-09T18:53:52.9664082+00:00" testType="13cdc9d9-ddb5-4fa4-a97d-d965ccfc6d4b" outcome="Passed" testListId="8c84fa94-04c1-424b-9868-57a2d4851a1d" relativeResultsDirectory="57f5bed4-320f-4909-a23e-78def4c432ca" />
    <UnitTestResult executionId="5ab4db27-9375-472f-8cb0-907cc8f2804a" testId="9e0c2ec8-5eaf-e430-242e-e3a4a1117926" testName="TestIsCSharpKeyword(&quot;class&quot;,True)" computerName="pkrvmfkh1xnbeme" duration="00:00:00.0004130" startTime="2025-07-09T18:53:52.9227317+00:00" endTime="2025-07-09T18:53:52.9231446+00:00" testType="13cdc9d9-ddb5-4fa4-a97d-d965ccfc6d4b" outcome="Passed" testListId="8c84fa94-04c1-424b-9868-57a2d4851a1d" relativeResultsDirectory="5ab4db27-9375-472f-8cb0-907cc8f2804a" />
    <UnitTestResult executionId="19ec4d24-d3b9-4e8e-a73e-a91fbd3d3695" testId="f985d6d7-ca7f-a617-f08c-6bd1fda62de2" testName="TestToApiVersionValueWithCustomSeparator(&quot;V1_0&quot;,&quot;:&quot;,&quot;1:0&quot;)" computerName="pkrvmfkh1xnbeme" duration="00:00:00.0000310" startTime="2025-07-09T18:53:52.9814815+00:00" endTime="2025-07-09T18:53:52.9815126+00:00" testType="13cdc9d9-ddb5-4fa4-a97d-d965ccfc6d4b" outcome="Passed" testListId="8c84fa94-04c1-424b-9868-57a2d4851a1d" relativeResultsDirectory="19ec4d24-d3b9-4e8e-a73e-a91fbd3d3695" />
    <UnitTestResult executionId="29502785-c3cc-4ffc-aa79-bc850e1168d1" testId="7103c3bf-290e-0e84-ab82-b0411b9aaf06" testName="ValidateParameters(System.Double,LiteralExpression { Literal = 2.2 })" computerName="pkrvmfkh1xnbeme" duration="00:00:00.0155840" startTime="2025-07-09T18:53:51.9847953+00:00" endTime="2025-07-09T18:53:52.0003791+00:00" testType="13cdc9d9-ddb5-4fa4-a97d-d965ccfc6d4b" outcome="Passed" testListId="8c84fa94-04c1-424b-9868-57a2d4851a1d" relativeResultsDirectory="29502785-c3cc-4ffc-aa79-bc850e1168d1" />
    <UnitTestResult executionId="e566f7f5-877f-4b23-b48c-1b90a3864a8a" testId="58810f2f-120a-dde5-f64a-e389418b9f70" testName="ValidateParameters(System.BinaryData,KeywordExpression { Keyword = default, Expression =  })" computerName="pkrvmfkh1xnbeme" duration="00:00:00.0278760" startTime="2025-07-09T18:53:52.0684284+00:00" endTime="2025-07-09T18:53:52.0963041+00:00" testType="13cdc9d9-ddb5-4fa4-a97d-d965ccfc6d4b" outcome="Passed" testListId="8c84fa94-04c1-424b-9868-57a2d4851a1d" relativeResultsDirectory="e566f7f5-877f-4b23-b48c-1b90a3864a8a" />
    <UnitTestResult executionId="5314ff1f-6920-4f4c-92a0-d81119cc083b" testId="af410c3c-f253-5fd0-9db8-de46a7d0f5fe" testName="IsArray(System.ReadOnlyMemory`1[T],False)" computerName="pkrvmfkh1xnbeme" duration="00:00:00.0000860" startTime="2025-07-09T18:53:46.9367687+00:00" endTime="2025-07-09T18:53:46.9368547+00:00" testType="13cdc9d9-ddb5-4fa4-a97d-d965ccfc6d4b" outcome="Passed" testListId="8c84fa94-04c1-424b-9868-57a2d4851a1d" relativeResultsDirectory="5314ff1f-6920-4f4c-92a0-d81119cc083b" />
    <UnitTestResult executionId="66e5af22-f038-4a81-a92c-1c30c250ac47" testId="f6e27fe0-f979-15d0-c02d-597aa53727aa" testName="TestIsCSharpKeyword(&quot;descending&quot;,True)" computerName="pkrvmfkh1xnbeme" duration="00:00:00.0003120" startTime="2025-07-09T18:53:52.9248601+00:00" endTime="2025-07-09T18:53:52.9251720+00:00" testType="13cdc9d9-ddb5-4fa4-a97d-d965ccfc6d4b" outcome="Passed" testListId="8c84fa94-04c1-424b-9868-57a2d4851a1d" relativeResultsDirectory="66e5af22-f038-4a81-a92c-1c30c250ac47" />
    <UnitTestResult executionId="568db0e3-4d4d-4c19-927b-1702f85412f4" testId="044d0f6a-b329-ed6e-1689-3b6bd6c4e587" testName="NonFrameworkTypeEqualsEquivalentFrameworkType(System.Nullable`1[System.Int32])" computerName="pkrvmfkh1xnbeme" duration="00:00:00.0001080" startTime="2025-07-09T18:53:46.9468035+00:00" endTime="2025-07-09T18:53:46.9469114+00:00" testType="13cdc9d9-ddb5-4fa4-a97d-d965ccfc6d4b" outcome="Passed" testListId="8c84fa94-04c1-424b-9868-57a2d4851a1d" relativeResultsDirectory="568db0e3-4d4d-4c19-927b-1702f85412f4" />
    <UnitTestResult executionId="43688214-38be-4bfb-842a-cb6691f9517e" testId="4e6172dd-a8ae-4649-46ad-c01f8989b925" testName="TestKebabCaseProperty" computerName="pkrvmfkh1xnbeme" duration="00:00:00.0008190" startTime="2025-07-09T18:53:52.4238269+00:00" endTime="2025-07-09T18:53:52.4246458+00:00" testType="13cdc9d9-ddb5-4fa4-a97d-d965ccfc6d4b" outcome="Passed" testListId="8c84fa94-04c1-424b-9868-57a2d4851a1d" relativeResultsDirectory="43688214-38be-4bfb-842a-cb6691f9517e" />
    <UnitTestResult executionId="51cb9b07-d004-4190-ae0f-2387fe305f23" testId="5bb85660-5994-97e8-8c84-3696fcb21e85" testName="DeclarationTest" computerName="pkrvmfkh1xnbeme" duration="00:00:00.0004120" startTime="2025-07-09T18:53:52.9878307+00:00" endTime="2025-07-09T18:53:52.9882428+00:00" testType="13cdc9d9-ddb5-4fa4-a97d-d965ccfc6d4b" outcome="Passed" testListId="8c84fa94-04c1-424b-9868-57a2d4851a1d" relativeResultsDirectory="51cb9b07-d004-4190-ae0f-2387fe305f23" />
    <UnitTestResult executionId="12db73e7-e459-46a2-88d8-57ae2a04ba32" testId="d15a4e41-7131-c4a7-4dde-718e5b891cc6" testName="TestToApiVersionValue(&quot;V1_2_3_Beta&quot;,&quot;1-2-3-beta&quot;)" computerName="pkrvmfkh1xnbeme" duration="00:00:00.0000840" startTime="2025-07-09T18:53:52.9804647+00:00" endTime="2025-07-09T18:53:52.9805489+00:00" testType="13cdc9d9-ddb5-4fa4-a97d-d965ccfc6d4b" outcome="Passed" testListId="8c84fa94-04c1-424b-9868-57a2d4851a1d" relativeResultsDirectory="12db73e7-e459-46a2-88d8-57ae2a04ba32" />
    <UnitTestResult executionId="f5704006-da68-419c-abdd-8e59f4eb9ec2" testId="9bc367b0-2d6d-e25e-f385-beb1c03bb00d" testName="IntSerializationFormat(UInt32,null)" computerName="pkrvmfkh1xnbeme" duration="00:00:00.0005950" startTime="2025-07-09T18:53:52.8498943+00:00" endTime="2025-07-09T18:53:52.8504890+00:00" testType="13cdc9d9-ddb5-4fa4-a97d-d965ccfc6d4b" outcome="Passed" testListId="8c84fa94-04c1-424b-9868-57a2d4851a1d" relativeResultsDirectory="f5704006-da68-419c-abdd-8e59f4eb9ec2" />
    <UnitTestResult executionId="7e735a06-9349-4202-b78e-240e836c0baa" testId="7a8b2689-370c-14e9-bd4f-3671c0089d93" testName="DoesNotReplaceDefaultConstructorIfNotCustomized" computerName="pkrvmfkh1xnbeme" duration="00:00:00.0663900" startTime="2025-07-09T18:53:51.7134273+00:00" endTime="2025-07-09T18:53:51.7798173+00:00" testType="13cdc9d9-ddb5-4fa4-a97d-d965ccfc6d4b" outcome="Passed" testListId="8c84fa94-04c1-424b-9868-57a2d4851a1d" relativeResultsDirectory="7e735a06-9349-4202-b78e-240e836c0baa" />
    <UnitTestResult executionId="6cadbca2-8a71-496c-851a-743303b2c592" testId="fb85973b-8642-8a59-070d-2778a6c01518" testName="InvalidDocCommentWithCref" computerName="pkrvmfkh1xnbeme" duration="00:00:00.0004130" startTime="2025-07-09T18:53:52.8346296+00:00" endTime="2025-07-09T18:53:52.8350430+00:00" testType="13cdc9d9-ddb5-4fa4-a97d-d965ccfc6d4b" outcome="Passed" testListId="8c84fa94-04c1-424b-9868-57a2d4851a1d" relativeResultsDirectory="6cadbca2-8a71-496c-851a-743303b2c592" />
    <UnitTestResult executionId="979f56f4-c728-4d1e-bb9d-a87031efe23c" testId="1969ceb8-602a-924c-92ca-c1dd100f12af" testName="TestToApiVersionValueWithPrefixAndSeparator(&quot;V1_0_0&quot;,&quot;v&quot;,&quot;.&quot;,&quot;v1.0.0&quot;)" computerName="pkrvmfkh1xnbeme" duration="00:00:00.0001680" startTime="2025-07-09T18:53:52.9815702+00:00" endTime="2025-07-09T18:53:52.9817382+00:00" testType="13cdc9d9-ddb5-4fa4-a97d-d965ccfc6d4b" outcome="Passed" testListId="8c84fa94-04c1-424b-9868-57a2d4851a1d" relativeResultsDirectory="979f56f4-c728-4d1e-bb9d-a87031efe23c" />
    <UnitTestResult executionId="ac987b25-7aa3-4016-aaa4-ed2ac3e8539a" testId="85df4eb4-d835-924f-a189-abc8eacc8831" testName="CanUpdateTypeProvider" computerName="pkrvmfkh1xnbeme" duration="00:00:00.0017340" startTime="2025-07-09T18:53:52.4987843+00:00" endTime="2025-07-09T18:53:52.5005185+00:00" testType="13cdc9d9-ddb5-4fa4-a97d-d965ccfc6d4b" outcome="Passed" testListId="8c84fa94-04c1-424b-9868-57a2d4851a1d" relativeResultsDirectory="ac987b25-7aa3-4016-aaa4-ed2ac3e8539a" />
    <UnitTestResult executionId="fbe4de81-d39c-4c48-8f02-d1cc934e3caf" testId="beb5b189-2536-cd9f-c963-dbc836000f93" testName="ValidatePropertyTypes(System.Nullable`1[System.Single])" computerName="pkrvmfkh1xnbeme" duration="00:00:00.0089680" startTime="2025-07-09T18:53:52.1239362+00:00" endTime="2025-07-09T18:53:52.1329041+00:00" testType="13cdc9d9-ddb5-4fa4-a97d-d965ccfc6d4b" outcome="Passed" testListId="8c84fa94-04c1-424b-9868-57a2d4851a1d" relativeResultsDirectory="fbe4de81-d39c-4c48-8f02-d1cc934e3caf" />
    <UnitTestResult executionId="54a196b6-c933-4b3b-8704-db1be92d1a18" testId="90f09ce4-a85b-f50e-1814-72145292da2d" testName="InvalidPropertyDocsThrows" computerName="pkrvmfkh1xnbeme" duration="00:00:00.0105560" startTime="2025-07-09T18:53:52.3600530+00:00" endTime="2025-07-09T18:53:52.3706088+00:00" testType="13cdc9d9-ddb5-4fa4-a97d-d965ccfc6d4b" outcome="Passed" testListId="8c84fa94-04c1-424b-9868-57a2d4851a1d" relativeResultsDirectory="54a196b6-c933-4b3b-8704-db1be92d1a18" />
    <UnitTestResult executionId="0d26e0da-3d45-4cdf-8060-c5b0d802b88a" testId="ea46db01-4d22-4ba0-0f88-098fd49f94c1" testName="TypesAreEqual(System.Collections.Generic.IDictionary`2[System.String,System.Int32])" computerName="pkrvmfkh1xnbeme" duration="00:00:00.0002050" startTime="2025-07-09T18:53:46.9534500+00:00" endTime="2025-07-09T18:53:46.9536553+00:00" testType="13cdc9d9-ddb5-4fa4-a97d-d965ccfc6d4b" outcome="Passed" testListId="8c84fa94-04c1-424b-9868-57a2d4851a1d" relativeResultsDirectory="0d26e0da-3d45-4cdf-8060-c5b0d802b88a" />
    <UnitTestResult executionId="e153f25b-43de-4426-a9f0-a94b1efc8258" testId="bf083934-02bd-da8e-82a4-0acf0a077e53" testName="HashCodesAreNotEqual(System.Collections.Generic.IList`1[T],System.Int32)" computerName="pkrvmfkh1xnbeme" duration="00:00:00.0003300" startTime="2025-07-09T18:53:46.9325075+00:00" endTime="2025-07-09T18:53:46.9328372+00:00" testType="13cdc9d9-ddb5-4fa4-a97d-d965ccfc6d4b" outcome="Passed" testListId="8c84fa94-04c1-424b-9868-57a2d4851a1d" relativeResultsDirectory="e153f25b-43de-4426-a9f0-a94b1efc8258" />
    <UnitTestResult executionId="0b9b2ab1-f5de-43cc-b734-54cc490c879c" testId="395d029c-2c31-08ff-3127-fc125409b9c5" testName="TestIsCSharpKeyword(&quot;yield&quot;,True)" computerName="pkrvmfkh1xnbeme" duration="00:00:00.0003610" startTime="2025-07-09T18:53:52.9787682+00:00" endTime="2025-07-09T18:53:52.9791294+00:00" testType="13cdc9d9-ddb5-4fa4-a97d-d965ccfc6d4b" outcome="Passed" testListId="8c84fa94-04c1-424b-9868-57a2d4851a1d" relativeResultsDirectory="0b9b2ab1-f5de-43cc-b734-54cc490c879c" />
    <UnitTestResult executionId="6010836f-3634-47b2-acf6-2f12ae05f9d3" testId="28823402-f570-a9ee-cd35-954faff45017" testName="HashCodesAreEqual(System.Collections.Generic.IDictionary`2[System.Collections.Generic.IDictionary`2[System.Int32,System.String],System.Collections.Generic.IDictionary`2[System.String,System.Int32]])" computerName="pkrvmfkh1xnbeme" duration="00:00:00.0001700" startTime="2025-07-09T18:53:46.9312888+00:00" endTime="2025-07-09T18:53:46.9314590+00:00" testType="13cdc9d9-ddb5-4fa4-a97d-d965ccfc6d4b" outcome="Passed" testListId="8c84fa94-04c1-424b-9868-57a2d4851a1d" relativeResultsDirectory="6010836f-3634-47b2-acf6-2f12ae05f9d3" />
    <UnitTestResult executionId="60531d0e-04d5-4aeb-8386-fde3146658d0" testId="9c269d02-40ef-d512-2a3f-df61e04eb23d" testName="ValidatePropertyTypes(Microsoft.TypeSpec.Generator.Tests.PropertyType)" computerName="pkrvmfkh1xnbeme" duration="00:00:00.0075130" startTime="2025-07-09T18:53:52.1329320+00:00" endTime="2025-07-09T18:53:52.1404449+00:00" testType="13cdc9d9-ddb5-4fa4-a97d-d965ccfc6d4b" outcome="Passed" testListId="8c84fa94-04c1-424b-9868-57a2d4851a1d" relativeResultsDirectory="60531d0e-04d5-4aeb-8386-fde3146658d0" />
    <UnitTestResult executionId="e65db12d-3f29-464c-8560-eef7d0707398" testId="217604e7-6db4-012e-0a6a-1649f099f543" testName="ListExpression(System.Guid)" computerName="pkrvmfkh1xnbeme" duration="00:00:00.0001700" startTime="2025-07-09T18:53:46.0539808+00:00" endTime="2025-07-09T18:53:46.0541506+00:00" testType="13cdc9d9-ddb5-4fa4-a97d-d965ccfc6d4b" outcome="Passed" testListId="8c84fa94-04c1-424b-9868-57a2d4851a1d" relativeResultsDirectory="e65db12d-3f29-464c-8560-eef7d0707398" />
    <UnitTestResult executionId="ae6283ed-5412-42d5-8ac2-e9153ee63e6e" testId="aaf67773-3bfa-3e18-1a8e-ed21d37b689e" testName="ValidateParameters(System.Int32,ScopedApi { Original = LiteralExpression { Literal = 2 }, Type = int })" computerName="pkrvmfkh1xnbeme" duration="00:00:00.0099860" startTime="2025-07-09T18:53:51.9645926+00:00" endTime="2025-07-09T18:53:51.9745782+00:00" testType="13cdc9d9-ddb5-4fa4-a97d-d965ccfc6d4b" outcome="Passed" testListId="8c84fa94-04c1-424b-9868-57a2d4851a1d" relativeResultsDirectory="ae6283ed-5412-42d5-8ac2-e9153ee63e6e" />
    <UnitTestResult executionId="69e1a0db-00a7-43cf-b543-da8b9dc2fc69" testId="f3cf7100-5773-859d-7955-02f51d4e15e4" testName="NotEqualToFrameworkType(System.Int32,System.Collections.Generic.IList`1[T])" computerName="pkrvmfkh1xnbeme" duration="00:00:00.0004180" startTime="2025-07-09T18:53:46.9473492+00:00" endTime="2025-07-09T18:53:46.9477673+00:00" testType="13cdc9d9-ddb5-4fa4-a97d-d965ccfc6d4b" outcome="Passed" testListId="8c84fa94-04c1-424b-9868-57a2d4851a1d" relativeResultsDirectory="69e1a0db-00a7-43cf-b543-da8b9dc2fc69" />
    <UnitTestResult executionId="746cf426-2fe5-4f33-8e66-cdcaae9fdadb" testId="54f4c0fb-569b-b0d0-4603-50fa3a676bc1" testName="AttributeStatementWithOneArgument" computerName="pkrvmfkh1xnbeme" duration="00:00:00.0003190" startTime="2025-07-09T18:53:52.7972403+00:00" endTime="2025-07-09T18:53:52.7975590+00:00" testType="13cdc9d9-ddb5-4fa4-a97d-d965ccfc6d4b" outcome="Passed" testListId="8c84fa94-04c1-424b-9868-57a2d4851a1d" relativeResultsDirectory="746cf426-2fe5-4f33-8e66-cdcaae9fdadb" />
    <UnitTestResult executionId="acd2d195-f99b-41c2-9e70-b40223e197f1" testId="454bc96e-cf2d-beb4-25e3-6a23f16aa2c3" testName="SingleLineCommentStatement" computerName="pkrvmfkh1xnbeme" duration="00:00:00.0004780" startTime="2025-07-09T18:53:52.8048438+00:00" endTime="2025-07-09T18:53:52.8053221+00:00" testType="13cdc9d9-ddb5-4fa4-a97d-d965ccfc6d4b" outcome="Passed" testListId="8c84fa94-04c1-424b-9868-57a2d4851a1d" relativeResultsDirectory="acd2d195-f99b-41c2-9e70-b40223e197f1" />
    <UnitTestResult executionId="720f9acb-8118-41b8-8473-01d924da3989" testId="01f1813e-f675-c996-b8ea-5d1bca3b327d" testName="TestBuildFields(False,False)" computerName="pkrvmfkh1xnbeme" duration="00:00:00.0005400" startTime="2025-07-09T18:53:51.8254633+00:00" endTime="2025-07-09T18:53:51.8260030+00:00" testType="13cdc9d9-ddb5-4fa4-a97d-d965ccfc6d4b" outcome="Passed" testListId="8c84fa94-04c1-424b-9868-57a2d4851a1d" relativeResultsDirectory="720f9acb-8118-41b8-8473-01d924da3989" />
    <UnitTestResult executionId="5c5820a1-83af-4661-a103-cdbaa7da5dc6" testId="0f09c207-3f02-b90b-54fe-4e7bf9ba9c9a" testName="Json_Defined_ReturnsTrue" computerName="pkrvmfkh1xnbeme" duration="00:00:00.0002850" startTime="2025-07-09T18:53:52.3810913+00:00" endTime="2025-07-09T18:53:52.3813757+00:00" testType="13cdc9d9-ddb5-4fa4-a97d-d965ccfc6d4b" outcome="Passed" testListId="8c84fa94-04c1-424b-9868-57a2d4851a1d" relativeResultsDirectory="5c5820a1-83af-4661-a103-cdbaa7da5dc6" />
    <UnitTestResult executionId="eb055a3d-d38b-4279-a80e-4a3b71515fb7" testId="229736e4-e626-8640-1665-cf30e4fb5f47" testName="ValidateGetFormattableStringFormatParts(&quot;This {0} has literal {{, {1} and }} in the middle&quot;,[Part { Value = This , IsLiteral = True, ArgumentIndex = -1 }, Part { Value = 0, IsLiteral = False, ArgumentIndex = 0 }, Part { Value =  has literal {, IsLiteral = True, ArgumentIndex = -1 }, Part { Value = , , IsLiteral = True, ArgumentIndex = -1 }, Part { Value = 1, IsLiteral = False, ArgumentIndex = 1 }, ...])" computerName="pkrvmfkh1xnbeme" duration="00:00:00.0001130" startTime="2025-07-09T18:53:52.9839532+00:00" endTime="2025-07-09T18:53:52.9840660+00:00" testType="13cdc9d9-ddb5-4fa4-a97d-d965ccfc6d4b" outcome="Passed" testListId="8c84fa94-04c1-424b-9868-57a2d4851a1d" relativeResultsDirectory="eb055a3d-d38b-4279-a80e-4a3b71515fb7" />
    <UnitTestResult executionId="15da672d-142d-4718-ba96-4d87c4aa15d6" testId="e62b0ac9-01f2-0e89-3974-9ee36ffb1441" testName="TestIsCSharpKeyword(&quot;var&quot;,True)" computerName="pkrvmfkh1xnbeme" duration="00:00:00.0003060" startTime="2025-07-09T18:53:52.9757347+00:00" endTime="2025-07-09T18:53:52.9760406+00:00" testType="13cdc9d9-ddb5-4fa4-a97d-d965ccfc6d4b" outcome="Passed" testListId="8c84fa94-04c1-424b-9868-57a2d4851a1d" relativeResultsDirectory="15da672d-142d-4718-ba96-4d87c4aa15d6" />
    <UnitTestResult executionId="8e135792-e02d-4656-9560-f347fa40ac67" testId="a41a7c4c-0deb-b46d-278a-5d45b39a1f16" testName="NonFrameworkTypeEqualsEquivalentFrameworkType(System.Int32)" computerName="pkrvmfkh1xnbeme" duration="00:00:00.0006900" startTime="2025-07-09T18:53:46.9452967+00:00" endTime="2025-07-09T18:53:46.9459867+00:00" testType="13cdc9d9-ddb5-4fa4-a97d-d965ccfc6d4b" outcome="Passed" testListId="8c84fa94-04c1-424b-9868-57a2d4851a1d" relativeResultsDirectory="8e135792-e02d-4656-9560-f347fa40ac67" />
    <UnitTestResult executionId="07a0a6c5-72d8-4465-a345-c34d5abf5b34" testId="7d88b10d-ba74-c0cc-940c-36cf86d367fe" testName="IsReadOnlyDictionary(System.ReadOnlyMemory`1[T],False)" computerName="pkrvmfkh1xnbeme" duration="00:00:00.0000950" startTime="2025-07-09T18:53:46.9419401+00:00" endTime="2025-07-09T18:53:46.9420351+00:00" testType="13cdc9d9-ddb5-4fa4-a97d-d965ccfc6d4b" outcome="Passed" testListId="8c84fa94-04c1-424b-9868-57a2d4851a1d" relativeResultsDirectory="07a0a6c5-72d8-4465-a345-c34d5abf5b34" />
    <UnitTestResult executionId="d0a6524b-2e37-49a2-aa5b-3bbbe3ba6cd9" testId="fe360101-5261-e820-b6ee-890e4a245a37" testName="TestToApiVersionValueWithVersionPrefix(&quot;V1_2_3_Beta&quot;,&quot;release-&quot;,&quot;release-1-2-3-beta&quot;)" computerName="pkrvmfkh1xnbeme" duration="00:00:00.0000490" startTime="2025-07-09T18:53:52.9824665+00:00" endTime="2025-07-09T18:53:52.9825157+00:00" testType="13cdc9d9-ddb5-4fa4-a97d-d965ccfc6d4b" outcome="Passed" testListId="8c84fa94-04c1-424b-9868-57a2d4851a1d" relativeResultsDirectory="d0a6524b-2e37-49a2-aa5b-3bbbe3ba6cd9" />
    <UnitTestResult executionId="907bdb3d-6494-465f-a572-2f90ebdab188" testId="9603258b-9293-f1c7-573c-f9bb95b92fab" testName="TestCSharpGen_ValidGenerator" computerName="pkrvmfkh1xnbeme" duration="00:00:02.2561770" startTime="2025-07-09T18:53:43.6357330+00:00" endTime="2025-07-09T18:53:45.8919097+00:00" testType="13cdc9d9-ddb5-4fa4-a97d-d965ccfc6d4b" outcome="Passed" testListId="8c84fa94-04c1-424b-9868-57a2d4851a1d" relativeResultsDirectory="907bdb3d-6494-465f-a572-2f90ebdab188" />
    <UnitTestResult executionId="fa65c5d6-aab8-4250-b4fe-a46b4e7ee202" testId="f1edc6f8-f6fe-b8f1-8afc-54af87691e26" testName="ModelWithCustomFixedEnumDiscriminator" computerName="pkrvmfkh1xnbeme" duration="00:00:00.0605760" startTime="2025-07-09T18:53:49.3048554+00:00" endTime="2025-07-09T18:53:49.3654314+00:00" testType="13cdc9d9-ddb5-4fa4-a97d-d965ccfc6d4b" outcome="Passed" testListId="8c84fa94-04c1-424b-9868-57a2d4851a1d" relativeResultsDirectory="fa65c5d6-aab8-4250-b4fe-a46b4e7ee202" />
    <UnitTestResult executionId="c141b8b5-0f3e-4028-a21b-db2c261c18d2" testId="4fb2cc97-89c3-8e80-7aea-e40e8b77feab" testName="IntSerializationFormat(Int16,null)" computerName="pkrvmfkh1xnbeme" duration="00:00:00.0005050" startTime="2025-07-09T18:53:52.8448239+00:00" endTime="2025-07-09T18:53:52.8453290+00:00" testType="13cdc9d9-ddb5-4fa4-a97d-d965ccfc6d4b" outcome="Passed" testListId="8c84fa94-04c1-424b-9868-57a2d4851a1d" relativeResultsDirectory="c141b8b5-0f3e-4028-a21b-db2c261c18d2" />
    <UnitTestResult executionId="ed167cc9-74a8-40b3-a9de-a9d848f0f0d2" testId="b914f567-408b-f9a4-2318-41294179616b" testName="ImplicitOperatorMethodSignatureThrowsIfReturnTypeIsNull" computerName="pkrvmfkh1xnbeme" duration="00:00:00.0009270" startTime="2025-07-09T18:53:47.2685690+00:00" endTime="2025-07-09T18:53:47.2694959+00:00" testType="13cdc9d9-ddb5-4fa4-a97d-d965ccfc6d4b" outcome="Passed" testListId="8c84fa94-04c1-424b-9868-57a2d4851a1d" relativeResultsDirectory="ed167cc9-74a8-40b3-a9de-a9d848f0f0d2" />
    <UnitTestResult executionId="590e3130-b13a-4e90-8940-bf9e24b744cb" testId="815fb8f0-ad01-b4ee-797b-d30a532621d6" testName="TestIsCSharpKeyword(&quot;when&quot;,True)" computerName="pkrvmfkh1xnbeme" duration="00:00:00.0004010" startTime="2025-07-09T18:53:52.9774828+00:00" endTime="2025-07-09T18:53:52.9778835+00:00" testType="13cdc9d9-ddb5-4fa4-a97d-d965ccfc6d4b" outcome="Passed" testListId="8c84fa94-04c1-424b-9868-57a2d4851a1d" relativeResultsDirectory="590e3130-b13a-4e90-8940-bf9e24b744cb" />
    <UnitTestResult executionId="c32dc05e-4a5f-42b5-bffd-d887c1866d40" testId="ad21f910-faaa-b344-8f9e-a93a8dc67bfd" testName="RewriterIsInvoked" computerName="pkrvmfkh1xnbeme" duration="00:00:00.2150730" startTime="2025-07-09T18:53:53.0197689+00:00" endTime="2025-07-09T18:53:53.2348421+00:00" testType="13cdc9d9-ddb5-4fa4-a97d-d965ccfc6d4b" outcome="Passed" testListId="8c84fa94-04c1-424b-9868-57a2d4851a1d" relativeResultsDirectory="c32dc05e-4a5f-42b5-bffd-d887c1866d40" />
    <UnitTestResult executionId="a03d0c2e-5289-474e-89cc-9eb74410767e" testId="6dcce33e-e4dd-e512-2dac-808b601252cd" testName="TestIsCSharpKeyword(&quot;static&quot;,True)" computerName="pkrvmfkh1xnbeme" duration="00:00:00.0003410" startTime="2025-07-09T18:53:52.9683440+00:00" endTime="2025-07-09T18:53:52.9686852+00:00" testType="13cdc9d9-ddb5-4fa4-a97d-d965ccfc6d4b" outcome="Passed" testListId="8c84fa94-04c1-424b-9868-57a2d4851a1d" relativeResultsDirectory="a03d0c2e-5289-474e-89cc-9eb74410767e" />
    <UnitTestResult executionId="c5a916b3-52c9-492d-b8ab-1f2f1b2d4d7c" testId="086cdbc8-f4dc-63d0-e491-6978aab04bd3" testName="NotEqualToFrameworkType(System.Collections.Generic.IList`1[T],System.Int32)" computerName="pkrvmfkh1xnbeme" duration="00:00:00.0002320" startTime="2025-07-09T18:53:46.9477827+00:00" endTime="2025-07-09T18:53:46.9480147+00:00" testType="13cdc9d9-ddb5-4fa4-a97d-d965ccfc6d4b" outcome="Passed" testListId="8c84fa94-04c1-424b-9868-57a2d4851a1d" relativeResultsDirectory="c5a916b3-52c9-492d-b8ab-1f2f1b2d4d7c" />
    <UnitTestResult executionId="cf608099-7754-401f-bd52-b8287fba5988" testId="81d66d52-8188-08f0-3991-7d18e0bec362" testName="DictionaryExpression(System.Collections.Generic.IList`1[T],System.Int32)" computerName="pkrvmfkh1xnbeme" duration="00:00:00.0006420" startTime="2025-07-09T18:53:46.0340944+00:00" endTime="2025-07-09T18:53:46.0347365+00:00" testType="13cdc9d9-ddb5-4fa4-a97d-d965ccfc6d4b" outcome="Passed" testListId="8c84fa94-04c1-424b-9868-57a2d4851a1d" relativeResultsDirectory="cf608099-7754-401f-bd52-b8287fba5988" />
    <UnitTestResult executionId="06ce645e-5d61-406a-bd19-39a4d7d63e7b" testId="01a170ae-9e27-1ba0-c187-8c04af592931" testName="IsCollectionType(System.Collections.Generic.IReadOnlyCollection`1[T],False)" computerName="pkrvmfkh1xnbeme" duration="00:00:00.0001310" startTime="2025-07-09T18:53:46.9377684+00:00" endTime="2025-07-09T18:53:46.9378998+00:00" testType="13cdc9d9-ddb5-4fa4-a97d-d965ccfc6d4b" outcome="Passed" testListId="8c84fa94-04c1-424b-9868-57a2d4851a1d" relativeResultsDirectory="06ce645e-5d61-406a-bd19-39a4d7d63e7b" />
    <UnitTestResult executionId="1cffcc80-c2e5-4160-9f65-fad55f8eed2b" testId="2c51d3b6-1bce-7242-bc6d-4c3bab5a68f1" testName="SelectGeneratorCallsPluginsBeforeConfigure" computerName="pkrvmfkh1xnbeme" duration="00:00:00.0040860" startTime="2025-07-09T18:53:52.7258199+00:00" endTime="2025-07-09T18:53:52.7299061+00:00" testType="13cdc9d9-ddb5-4fa4-a97d-d965ccfc6d4b" outcome="Passed" testListId="8c84fa94-04c1-424b-9868-57a2d4851a1d" relativeResultsDirectory="1cffcc80-c2e5-4160-9f65-fad55f8eed2b" />
    <UnitTestResult executionId="d1c90b6f-1713-485b-8f04-cd59f4cee1ff" testId="4bc2dbf4-4d7b-95c4-53ef-acd6ed6fb604" testName="BuildModelAsStruct" computerName="pkrvmfkh1xnbeme" duration="00:00:00.0018020" startTime="2025-07-09T18:53:51.7833608+00:00" endTime="2025-07-09T18:53:51.7851629+00:00" testType="13cdc9d9-ddb5-4fa4-a97d-d965ccfc6d4b" outcome="Passed" testListId="8c84fa94-04c1-424b-9868-57a2d4851a1d" relativeResultsDirectory="d1c90b6f-1713-485b-8f04-cd59f4cee1ff" />
    <UnitTestResult executionId="1f50eea3-3bcd-44db-87c8-69115cd28453" testId="3828f2a7-f139-002b-fb55-f0000180d1f6" testName="KeyValuePairExpression(System.Collections.Generic.IList`1[System.Int32],System.Collections.Generic.IList`1[System.String])" computerName="pkrvmfkh1xnbeme" duration="00:00:00.0003289" startTime="2025-07-09T18:53:46.0484175+00:00" endTime="2025-07-09T18:53:46.0487460+00:00" testType="13cdc9d9-ddb5-4fa4-a97d-d965ccfc6d4b" outcome="Passed" testListId="8c84fa94-04c1-424b-9868-57a2d4851a1d" relativeResultsDirectory="1f50eea3-3bcd-44db-87c8-69115cd28453" />
    <UnitTestResult executionId="20473ec4-7632-491a-9492-d5463acf59c0" testId="7c3fdd62-4e56-8c23-4c82-22dddd3e2da0" testName="PropertyInitializationType_ReadOnlyMemory" computerName="pkrvmfkh1xnbeme" duration="00:00:00.0002050" startTime="2025-07-09T18:53:46.9518311+00:00" endTime="2025-07-09T18:53:46.9520363+00:00" testType="13cdc9d9-ddb5-4fa4-a97d-d965ccfc6d4b" outcome="Passed" testListId="8c84fa94-04c1-424b-9868-57a2d4851a1d" relativeResultsDirectory="20473ec4-7632-491a-9492-d5463acf59c0" />
    <UnitTestResult executionId="37c270fd-d4ef-40e8-83cd-9394e520672e" testId="f38b93d6-78ea-bd8d-6741-0e7bcbb506ca" testName="BackCompatibility_NoCurrentOverloadFound" computerName="pkrvmfkh1xnbeme" duration="00:00:00.0240460" startTime="2025-07-09T18:53:48.3774088+00:00" endTime="2025-07-09T18:53:48.4014550+00:00" testType="13cdc9d9-ddb5-4fa4-a97d-d965ccfc6d4b" outcome="Passed" testListId="8c84fa94-04c1-424b-9868-57a2d4851a1d" relativeResultsDirectory="37c270fd-d4ef-40e8-83cd-9394e520672e" />
    <UnitTestResult executionId="52c7d2e6-fb2e-4b42-9f12-fcf328ad3b74" testId="b0406023-9e17-42af-fbaf-e1a01317df38" testName="TryCatchFinallyStatementWithTryAndCatch" computerName="pkrvmfkh1xnbeme" duration="00:00:00.0004070" startTime="2025-07-09T18:53:52.8165078+00:00" endTime="2025-07-09T18:53:52.8169144+00:00" testType="13cdc9d9-ddb5-4fa4-a97d-d965ccfc6d4b" outcome="Passed" testListId="8c84fa94-04c1-424b-9868-57a2d4851a1d" relativeResultsDirectory="52c7d2e6-fb2e-4b42-9f12-fcf328ad3b74" />
    <UnitTestResult executionId="bd96aa79-d798-4158-9e34-62eebb69414a" testId="a0f47aa3-90be-a10d-6bdd-4f3eed0942ec" testName="CodeWriter_WriteMethod_GenericConstraints" computerName="pkrvmfkh1xnbeme" duration="00:00:00.0008960" startTime="2025-07-09T18:53:53.0027472+00:00" endTime="2025-07-09T18:53:53.0036428+00:00" testType="13cdc9d9-ddb5-4fa4-a97d-d965ccfc6d4b" outcome="Passed" testListId="8c84fa94-04c1-424b-9868-57a2d4851a1d" relativeResultsDirectory="bd96aa79-d798-4158-9e34-62eebb69414a" />
    <UnitTestResult executionId="262c0570-00c3-4108-9c2a-157feeacc4ba" testId="fc635ae0-ae9b-6db5-4856-13ca6bd520f6" testName="CanCallInvokeWithTypeArgs" computerName="pkrvmfkh1xnbeme" duration="00:00:00.0007420" startTime="2025-07-09T18:53:46.0731428+00:00" endTime="2025-07-09T18:53:46.0738844+00:00" testType="13cdc9d9-ddb5-4fa4-a97d-d965ccfc6d4b" outcome="Passed" testListId="8c84fa94-04c1-424b-9868-57a2d4851a1d" relativeResultsDirectory="262c0570-00c3-4108-9c2a-157feeacc4ba" />
    <UnitTestResult executionId="d2e0c72f-d7ab-434a-bd84-c3abd8b543cf" testId="2c3719e4-73e2-bca8-6192-023a0218f59a" testName="TestIsCSharpKeyword(&quot;ulong&quot;,True)" computerName="pkrvmfkh1xnbeme" duration="00:00:00.0004600" startTime="2025-07-09T18:53:52.9736482+00:00" endTime="2025-07-09T18:53:52.9741078+00:00" testType="13cdc9d9-ddb5-4fa4-a97d-d965ccfc6d4b" outcome="Passed" testListId="8c84fa94-04c1-424b-9868-57a2d4851a1d" relativeResultsDirectory="d2e0c72f-d7ab-434a-bd84-c3abd8b543cf" />
    <UnitTestResult executionId="e080f53a-c307-44a7-ae86-17b7fa6e9844" testId="9c2c1bd9-2a2a-c166-0951-28f8ec3b71c2" testName="TestIsCSharpKeyword(&quot;remove&quot;,True)" computerName="pkrvmfkh1xnbeme" duration="00:00:00.0004550" startTime="2025-07-09T18:53:52.9655791+00:00" endTime="2025-07-09T18:53:52.9660335+00:00" testType="13cdc9d9-ddb5-4fa4-a97d-d965ccfc6d4b" outcome="Passed" testListId="8c84fa94-04c1-424b-9868-57a2d4851a1d" relativeResultsDirectory="e080f53a-c307-44a7-ae86-17b7fa6e9844" />
    <UnitTestResult executionId="17060b7d-426e-4b4b-952a-1c5390bd5a30" testId="3fb77e71-d30e-3ed0-4b65-0df4eb79a621" testName="IsReadOnlyList(System.Collections.Generic.IReadOnlyList`1[T],True)" computerName="pkrvmfkh1xnbeme" duration="00:00:00.0001010" startTime="2025-07-09T18:53:46.9426829+00:00" endTime="2025-07-09T18:53:46.9427840+00:00" testType="13cdc9d9-ddb5-4fa4-a97d-d965ccfc6d4b" outcome="Passed" testListId="8c84fa94-04c1-424b-9868-57a2d4851a1d" relativeResultsDirectory="17060b7d-426e-4b4b-952a-1c5390bd5a30" />
    <UnitTestResult executionId="2d626459-4aa3-45d9-b390-0d69309b5adb" testId="aef7c318-9887-3e82-6908-075bf1e38c39" testName="TestBuildConstructor_ValidateConstructorsInDerivedModel" computerName="pkrvmfkh1xnbeme" duration="00:00:00.0030220" startTime="2025-07-09T18:53:51.8190737+00:00" endTime="2025-07-09T18:53:51.8220952+00:00" testType="13cdc9d9-ddb5-4fa4-a97d-d965ccfc6d4b" outcome="Passed" testListId="8c84fa94-04c1-424b-9868-57a2d4851a1d" relativeResultsDirectory="2d626459-4aa3-45d9-b390-0d69309b5adb" />
    <UnitTestResult executionId="3e818688-92cb-44f0-9394-af5e10fad064" testId="3ccfa2f6-0e86-62eb-ad07-89f01dd93902" testName="KeyValuePairExpression(System.Int32,System.Collections.Generic.IList`1[System.Int32])" computerName="pkrvmfkh1xnbeme" duration="00:00:00.0003110" startTime="2025-07-09T18:53:46.0470722+00:00" endTime="2025-07-09T18:53:46.0473835+00:00" testType="13cdc9d9-ddb5-4fa4-a97d-d965ccfc6d4b" outcome="Passed" testListId="8c84fa94-04c1-424b-9868-57a2d4851a1d" relativeResultsDirectory="3e818688-92cb-44f0-9394-af5e10fad064" />
    <UnitTestResult executionId="aab3c2ec-778a-4bba-809f-df4e90a94b2a" testId="4fa0749a-9226-fbf0-7fab-089e2afe9755" testName="TestIsCSharpKeyword(&quot;fixed&quot;,True)" computerName="pkrvmfkh1xnbeme" duration="00:00:00.0004330" startTime="2025-07-09T18:53:52.9294705+00:00" endTime="2025-07-09T18:53:52.9299033+00:00" testType="13cdc9d9-ddb5-4fa4-a97d-d965ccfc6d4b" outcome="Passed" testListId="8c84fa94-04c1-424b-9868-57a2d4851a1d" relativeResultsDirectory="aab3c2ec-778a-4bba-809f-df4e90a94b2a" />
    <UnitTestResult executionId="c16e1727-009b-4f76-92c7-0123546ef2d9" testId="949b11ab-2e2b-305b-de35-2bb0f2255527" testName="NotNullThrowsOnNull" computerName="pkrvmfkh1xnbeme" duration="00:00:00.0003640" startTime="2025-07-09T18:53:46.9733738+00:00" endTime="2025-07-09T18:53:46.9737373+00:00" testType="13cdc9d9-ddb5-4fa4-a97d-d965ccfc6d4b" outcome="Passed" testListId="8c84fa94-04c1-424b-9868-57a2d4851a1d" relativeResultsDirectory="c16e1727-009b-4f76-92c7-0123546ef2d9" />
    <UnitTestResult executionId="44b761c0-84a6-46e4-84d2-4c157e3f66d4" testId="505a857b-da4d-f58f-a6af-4665396ee207" testName="NotEqualToFrameworkType(System.Int32,System.Collections.Generic.IList`1[System.Int32])" computerName="pkrvmfkh1xnbeme" duration="00:00:00.0002010" startTime="2025-07-09T18:53:46.9480250+00:00" endTime="2025-07-09T18:53:46.9482260+00:00" testType="13cdc9d9-ddb5-4fa4-a97d-d965ccfc6d4b" outcome="Passed" testListId="8c84fa94-04c1-424b-9868-57a2d4851a1d" relativeResultsDirectory="44b761c0-84a6-46e4-84d2-4c157e3f66d4" />
    <UnitTestResult executionId="84d85d80-a5d1-40c7-8ea5-370e0ebc2079" testId="c5a6f9b8-2be1-5845-0cfa-0cdabfe6a5fe" testName="TestIsCSharpKeyword(&quot;false&quot;,True)" computerName="pkrvmfkh1xnbeme" duration="00:00:00.0003080" startTime="2025-07-09T18:53:52.9286243+00:00" endTime="2025-07-09T18:53:52.9289324+00:00" testType="13cdc9d9-ddb5-4fa4-a97d-d965ccfc6d4b" outcome="Passed" testListId="8c84fa94-04c1-424b-9868-57a2d4851a1d" relativeResultsDirectory="84d85d80-a5d1-40c7-8ea5-370e0ebc2079" />
    <UnitTestResult executionId="a7d154b3-a1c6-46ae-a2af-7f83596d64a8" testId="96b32ab3-1bef-b570-9a41-56c009665258" testName="ValidateAnonymousSingleLine" computerName="pkrvmfkh1xnbeme" duration="00:00:00.0008880" startTime="2025-07-09T18:53:46.0612847+00:00" endTime="2025-07-09T18:53:46.0621731+00:00" testType="13cdc9d9-ddb5-4fa4-a97d-d965ccfc6d4b" outcome="Passed" testListId="8c84fa94-04c1-424b-9868-57a2d4851a1d" relativeResultsDirectory="a7d154b3-a1c6-46ae-a2af-7f83596d64a8" />
    <UnitTestResult executionId="a59baff5-6999-4388-a433-8cfe6cc2a008" testId="0efee447-18f8-7559-9564-d3100ee72ab5" testName="CodeWriter_WriteProperty_IndexerProperty_AutoBody_WithExplicitInterface" computerName="pkrvmfkh1xnbeme" duration="00:00:00.0006780" startTime="2025-07-09T18:53:53.0067368+00:00" endTime="2025-07-09T18:53:53.0074152+00:00" testType="13cdc9d9-ddb5-4fa4-a97d-d965ccfc6d4b" outcome="Passed" testListId="8c84fa94-04c1-424b-9868-57a2d4851a1d" relativeResultsDirectory="a59baff5-6999-4388-a433-8cfe6cc2a008" />
    <UnitTestResult executionId="b51e99fe-22a7-4a79-81e0-820cc4b264fa" testId="b86559c3-e87a-12ca-e3c8-ff77b6bb3945" testName="TypesAreNotEqual(System.Int32,System.Collections.Generic.IList`1[T])" computerName="pkrvmfkh1xnbeme" duration="00:00:00.0004420" startTime="2025-07-09T18:53:46.9589878+00:00" endTime="2025-07-09T18:53:46.9594293+00:00" testType="13cdc9d9-ddb5-4fa4-a97d-d965ccfc6d4b" outcome="Passed" testListId="8c84fa94-04c1-424b-9868-57a2d4851a1d" relativeResultsDirectory="b51e99fe-22a7-4a79-81e0-820cc4b264fa" />
    <UnitTestResult executionId="5b12f62f-af88-4a75-8f9f-4e87a29e39ec" testId="49d00e4b-9bd0-a7f2-46b1-60b16750ffa9" testName="CanChangeListOfEnumPropToListOfExtensibleEnumField" computerName="pkrvmfkh1xnbeme" duration="00:00:00.0639840" startTime="2025-07-09T18:53:49.8676284+00:00" endTime="2025-07-09T18:53:49.9316119+00:00" testType="13cdc9d9-ddb5-4fa4-a97d-d965ccfc6d4b" outcome="Passed" testListId="8c84fa94-04c1-424b-9868-57a2d4851a1d" relativeResultsDirectory="5b12f62f-af88-4a75-8f9f-4e87a29e39ec" />
    <UnitTestResult executionId="1479388b-900e-461a-9b39-7155963b3d00" testId="79735f05-3144-a23c-4610-1cf651108e8b" testName="SwitchStatementWithSingleCase" computerName="pkrvmfkh1xnbeme" duration="00:00:00.0003150" startTime="2025-07-09T18:53:52.8070514+00:00" endTime="2025-07-09T18:53:52.8073665+00:00" testType="13cdc9d9-ddb5-4fa4-a97d-d965ccfc6d4b" outcome="Passed" testListId="8c84fa94-04c1-424b-9868-57a2d4851a1d" relativeResultsDirectory="1479388b-900e-461a-9b39-7155963b3d00" />
    <UnitTestResult executionId="00fbeff5-2e72-4453-bd38-72514d48573e" testId="53789d2a-b56c-fa09-a401-1af46d9fa92d" testName="TestIsCSharpKeyword(&quot;decimal&quot;,True)" computerName="pkrvmfkh1xnbeme" duration="00:00:00.0003160" startTime="2025-07-09T18:53:52.9238591+00:00" endTime="2025-07-09T18:53:52.9241749+00:00" testType="13cdc9d9-ddb5-4fa4-a97d-d965ccfc6d4b" outcome="Passed" testListId="8c84fa94-04c1-424b-9868-57a2d4851a1d" relativeResultsDirectory="00fbeff5-2e72-4453-bd38-72514d48573e" />
    <UnitTestResult executionId="c34475ed-cb90-4c53-b55c-3649e9671e8b" testId="5c2bcd3c-e1e4-71de-ffcb-e7b29b0143b1" testName="ValidateFields" computerName="pkrvmfkh1xnbeme" duration="00:00:00.0014640" startTime="2025-07-09T18:53:51.9587734+00:00" endTime="2025-07-09T18:53:51.9602372+00:00" testType="13cdc9d9-ddb5-4fa4-a97d-d965ccfc6d4b" outcome="Passed" testListId="8c84fa94-04c1-424b-9868-57a2d4851a1d" relativeResultsDirectory="c34475ed-cb90-4c53-b55c-3649e9671e8b" />
    <UnitTestResult executionId="6f811702-7600-4601-bf57-0eaf650de4da" testId="bf371bb9-d33a-35c0-72da-089829f58fdc" testName="ModelWithNestedDiscriminators" computerName="pkrvmfkh1xnbeme" duration="00:00:00.0024990" startTime="2025-07-09T18:53:49.3654633+00:00" endTime="2025-07-09T18:53:49.3679619+00:00" testType="13cdc9d9-ddb5-4fa4-a97d-d965ccfc6d4b" outcome="Passed" testListId="8c84fa94-04c1-424b-9868-57a2d4851a1d" relativeResultsDirectory="6f811702-7600-4601-bf57-0eaf650de4da" />
    <UnitTestResult executionId="e5c1c5a6-2383-4191-b560-8a1f1e931c78" testId="e5fda425-e643-4d56-4679-880d3e597ce8" testName="TestAttributes" computerName="pkrvmfkh1xnbeme" duration="00:00:00.0040679" startTime="2025-07-09T18:53:47.0566446+00:00" endTime="2025-07-09T18:53:47.0607130+00:00" testType="13cdc9d9-ddb5-4fa4-a97d-d965ccfc6d4b" outcome="Passed" testListId="8c84fa94-04c1-424b-9868-57a2d4851a1d" relativeResultsDirectory="e5c1c5a6-2383-4191-b560-8a1f1e931c78" />
    <UnitTestResult executionId="2d53c032-fc81-4638-97ee-d18bbc66bec6" testId="8b8fd5fd-534c-6452-45ae-d942a5ce1235" testName="TestIsCSharpKeyword(&quot;foreach&quot;,True)" computerName="pkrvmfkh1xnbeme" duration="00:00:00.0003050" startTime="2025-07-09T18:53:52.9305938+00:00" endTime="2025-07-09T18:53:52.9308986+00:00" testType="13cdc9d9-ddb5-4fa4-a97d-d965ccfc6d4b" outcome="Passed" testListId="8c84fa94-04c1-424b-9868-57a2d4851a1d" relativeResultsDirectory="2d53c032-fc81-4638-97ee-d18bbc66bec6" />
    <UnitTestResult executionId="ac3723a6-1dcd-4630-9af6-67ed5e8d78d6" testId="935a63b5-070b-d745-9989-b4b59e3623fb" testName="TypesAreNotEqual(System.Collections.Generic.IList`1[System.Int32],System.Collections.Generic.IList`1[T])" computerName="pkrvmfkh1xnbeme" duration="00:00:00.0002470" startTime="2025-07-09T18:53:46.9602734+00:00" endTime="2025-07-09T18:53:46.9605200+00:00" testType="13cdc9d9-ddb5-4fa4-a97d-d965ccfc6d4b" outcome="Passed" testListId="8c84fa94-04c1-424b-9868-57a2d4851a1d" relativeResultsDirectory="ac3723a6-1dcd-4630-9af6-67ed5e8d78d6" />
    <UnitTestResult executionId="7a92ceb0-b734-46f5-9315-7d281bdad770" testId="247f928b-316a-0f4f-31ea-10aeb575bfe1" testName="ValidateNullableTypes(System.Guid,[],False)" computerName="pkrvmfkh1xnbeme" duration="00:00:00.0000670" startTime="2025-07-09T18:53:46.9674787+00:00" endTime="2025-07-09T18:53:46.9675459+00:00" testType="13cdc9d9-ddb5-4fa4-a97d-d965ccfc6d4b" outcome="Passed" testListId="8c84fa94-04c1-424b-9868-57a2d4851a1d" relativeResultsDirectory="7a92ceb0-b734-46f5-9315-7d281bdad770" />
    <UnitTestResult executionId="8d9825af-fa15-4c09-bd0f-4a248a357fc1" testId="117c3c6c-56ff-0758-cb45-a15a3d43f18a" testName="CanUpdateWithReset" computerName="pkrvmfkh1xnbeme" duration="00:00:00.0008930" startTime="2025-07-09T18:53:52.5005558+00:00" endTime="2025-07-09T18:53:52.5014485+00:00" testType="13cdc9d9-ddb5-4fa4-a97d-d965ccfc6d4b" outcome="Passed" testListId="8c84fa94-04c1-424b-9868-57a2d4851a1d" relativeResultsDirectory="8d9825af-fa15-4c09-bd0f-4a248a357fc1" />
    <UnitTestResult executionId="5a92fa5d-36ed-41b6-9b28-2f2555e101fc" testId="98dd78b1-1ecf-225c-2dae-28d00044714f" testName="TestBreakLines_LineBreaksInFormat" computerName="pkrvmfkh1xnbeme" duration="00:00:00.0000730" startTime="2025-07-09T18:53:52.8565060+00:00" endTime="2025-07-09T18:53:52.8565785+00:00" testType="13cdc9d9-ddb5-4fa4-a97d-d965ccfc6d4b" outcome="Passed" testListId="8c84fa94-04c1-424b-9868-57a2d4851a1d" relativeResultsDirectory="5a92fa5d-36ed-41b6-9b28-2f2555e101fc" />
    <UnitTestResult executionId="98894f0b-b301-43ae-890a-9b50f0156584" testId="33ed9017-7e7c-361a-8faa-044865994803" testName="DictionaryExpression(System.Collections.Generic.IList`1[T],System.Collections.Generic.IList`1[System.Int32])" computerName="pkrvmfkh1xnbeme" duration="00:00:00.0029530" startTime="2025-07-09T18:53:46.0358451+00:00" endTime="2025-07-09T18:53:46.0387976+00:00" testType="13cdc9d9-ddb5-4fa4-a97d-d965ccfc6d4b" outcome="Passed" testListId="8c84fa94-04c1-424b-9868-57a2d4851a1d" relativeResultsDirectory="98894f0b-b301-43ae-890a-9b50f0156584" />
    <UnitTestResult executionId="10c2d190-1be7-497b-9a6d-d8d6cad08fea" testId="e45411d7-d681-5609-09bb-285dbf9df069" testName="TestIsCSharpKeyword(&quot;get&quot;,True)" computerName="pkrvmfkh1xnbeme" duration="00:00:00.0003170" startTime="2025-07-09T18:53:52.9312302+00:00" endTime="2025-07-09T18:53:52.9315466+00:00" testType="13cdc9d9-ddb5-4fa4-a97d-d965ccfc6d4b" outcome="Passed" testListId="8c84fa94-04c1-424b-9868-57a2d4851a1d" relativeResultsDirectory="10c2d190-1be7-497b-9a6d-d8d6cad08fea" />
    <UnitTestResult executionId="7721990f-a46e-4191-8d8a-2649a8c15bea" testId="d9eec0b3-0c26-d703-46db-e70053729640" testName="TestParseVersionString(&quot;1.0.0-beta.1&quot;,&quot;1.0.0-beta.1&quot;,1.0.0-beta.1,False)" computerName="pkrvmfkh1xnbeme" duration="00:00:00.0009150" startTime="2025-07-09T18:53:52.9122111+00:00" endTime="2025-07-09T18:53:52.9131258+00:00" testType="13cdc9d9-ddb5-4fa4-a97d-d965ccfc6d4b" outcome="Passed" testListId="8c84fa94-04c1-424b-9868-57a2d4851a1d" relativeResultsDirectory="7721990f-a46e-4191-8d8a-2649a8c15bea" />
    <UnitTestResult executionId="80cefa2d-fff1-41b8-a675-ee85ea727d63" testId="6a279228-cef0-ee53-5d2a-fffd8e3d09df" testName="KeyValuePairExpression(System.Collections.Generic.IDictionary`2[System.Int32,System.String],System.Collections.Generic.Dictionary`2[System.Int32,System.Int32])" computerName="pkrvmfkh1xnbeme" duration="00:00:00.0006700" startTime="2025-07-09T18:53:46.0498793+00:00" endTime="2025-07-09T18:53:46.0505492+00:00" testType="13cdc9d9-ddb5-4fa4-a97d-d965ccfc6d4b" outcome="Passed" testListId="8c84fa94-04c1-424b-9868-57a2d4851a1d" relativeResultsDirectory="80cefa2d-fff1-41b8-a675-ee85ea727d63" />
    <UnitTestResult executionId="38ed8bb0-aa98-445e-9866-036a5c933fd9" testId="f2c2d0f2-52a5-b67d-67ca-5f196a1da558" testName="TestWriteValueExpression_DefaultCastExpression(System.String,22,&quot;((string)22)&quot;)" computerName="pkrvmfkh1xnbeme" duration="00:00:00.0001000" startTime="2025-07-09T18:53:52.9942510+00:00" endTime="2025-07-09T18:53:52.9943508+00:00" testType="13cdc9d9-ddb5-4fa4-a97d-d965ccfc6d4b" outcome="Passed" testListId="8c84fa94-04c1-424b-9868-57a2d4851a1d" relativeResultsDirectory="38ed8bb0-aa98-445e-9866-036a5c933fd9" />
    <UnitTestResult executionId="174219ab-94d9-4def-a467-cf2e53578aea" testId="9c68e8ba-d79b-4649-1a25-9088e672ac51" testName="CanChangeListOfEnumPropToListOfExtensibleEnum" computerName="pkrvmfkh1xnbeme" duration="00:00:00.0498580" startTime="2025-07-09T18:53:49.8177447+00:00" endTime="2025-07-09T18:53:49.8676026+00:00" testType="13cdc9d9-ddb5-4fa4-a97d-d965ccfc6d4b" outcome="Passed" testListId="8c84fa94-04c1-424b-9868-57a2d4851a1d" relativeResultsDirectory="174219ab-94d9-4def-a467-cf2e53578aea" />
    <UnitTestResult executionId="79ac6fb8-d80a-40f8-bd86-54e3da4e5e17" testId="ddbf9f41-333e-ad7f-5f05-c14b6d215576" testName="WorkspaceMetadataReferenceResolverCtor" computerName="pkrvmfkh1xnbeme" duration="00:00:00.0005570" startTime="2025-07-09T18:53:46.9080216+00:00" endTime="2025-07-09T18:53:46.9085787+00:00" testType="13cdc9d9-ddb5-4fa4-a97d-d965ccfc6d4b" outcome="Passed" testListId="8c84fa94-04c1-424b-9868-57a2d4851a1d" relativeResultsDirectory="79ac6fb8-d80a-40f8-bd86-54e3da4e5e17" />
    <UnitTestResult executionId="3c480001-6176-4012-96a7-67ef6bfd4eaf" testId="3d5e263b-51f7-ab2a-f3b8-127bc771666c" testName="ValidateParameters(System.Single,LiteralExpression { Literal = 2.2 })" computerName="pkrvmfkh1xnbeme" duration="00:00:00.0130969" startTime="2025-07-09T18:53:52.0116934+00:00" endTime="2025-07-09T18:53:52.0247903+00:00" testType="13cdc9d9-ddb5-4fa4-a97d-d965ccfc6d4b" outcome="Passed" testListId="8c84fa94-04c1-424b-9868-57a2d4851a1d" relativeResultsDirectory="3c480001-6176-4012-96a7-67ef6bfd4eaf" />
    <UnitTestResult executionId="ee8ca613-34f1-4253-9a34-8d566f5bfe4d" testId="75f57e5a-f3d7-e861-6737-1c0304792061" testName="TestUpdate" computerName="pkrvmfkh1xnbeme" duration="00:00:00.0020530" startTime="2025-07-09T18:53:47.2707592+00:00" endTime="2025-07-09T18:53:47.2728119+00:00" testType="13cdc9d9-ddb5-4fa4-a97d-d965ccfc6d4b" outcome="Passed" testListId="8c84fa94-04c1-424b-9868-57a2d4851a1d" relativeResultsDirectory="ee8ca613-34f1-4253-9a34-8d566f5bfe4d" />
    <UnitTestResult executionId="cbe88f39-86ff-4c03-8f7f-4609120eccdc" testId="50e9d186-4dd3-ea4c-d0cc-3d3c6b1e2c99" testName="ForeachStatementWithAddMethod" computerName="pkrvmfkh1xnbeme" duration="00:00:00.0004720" startTime="2025-07-09T18:53:52.8013376+00:00" endTime="2025-07-09T18:53:52.8018096+00:00" testType="13cdc9d9-ddb5-4fa4-a97d-d965ccfc6d4b" outcome="Passed" testListId="8c84fa94-04c1-424b-9868-57a2d4851a1d" relativeResultsDirectory="cbe88f39-86ff-4c03-8f7f-4609120eccdc" />
    <UnitTestResult executionId="d41321c3-c66b-4d1c-8dae-d69122491e28" testId="6483fdf4-0bed-466d-dfea-6ad36d9bfb4c" testName="HashCodesAreNotEqual(System.Collections.Generic.IList`1[System.Int32],System.Collections.Generic.IList`1[T])" computerName="pkrvmfkh1xnbeme" duration="00:00:00.0003040" startTime="2025-07-09T18:53:46.9335711+00:00" endTime="2025-07-09T18:53:46.9338750+00:00" testType="13cdc9d9-ddb5-4fa4-a97d-d965ccfc6d4b" outcome="Passed" testListId="8c84fa94-04c1-424b-9868-57a2d4851a1d" relativeResultsDirectory="d41321c3-c66b-4d1c-8dae-d69122491e28" />
    <UnitTestResult executionId="bff38b57-d577-4888-a1ac-2f53fb136dc9" testId="d7410c30-2c38-57f3-a26d-1ba9591f6649" testName="CSharpTypeOperatorTestEqual(int)" computerName="pkrvmfkh1xnbeme" duration="00:00:00.0001280" startTime="2025-07-09T18:53:46.0739303+00:00" endTime="2025-07-09T18:53:46.0740582+00:00" testType="13cdc9d9-ddb5-4fa4-a97d-d965ccfc6d4b" outcome="Passed" testListId="8c84fa94-04c1-424b-9868-57a2d4851a1d" relativeResultsDirectory="bff38b57-d577-4888-a1ac-2f53fb136dc9" />
    <UnitTestResult executionId="1207d6c4-046e-442e-bf55-98dde8c92d1b" testId="4706d989-7332-52ee-a47a-b404a2d3bd89" testName="SystemTypeOperatorTestNotEqual(System.Collections.Generic.IList`1[System.Int32],System.Int32)" computerName="pkrvmfkh1xnbeme" duration="00:00:00.0003030" startTime="2025-07-09T18:53:46.0814982+00:00" endTime="2025-07-09T18:53:46.0818013+00:00" testType="13cdc9d9-ddb5-4fa4-a97d-d965ccfc6d4b" outcome="Passed" testListId="8c84fa94-04c1-424b-9868-57a2d4851a1d" relativeResultsDirectory="1207d6c4-046e-442e-bf55-98dde8c92d1b" />
    <UnitTestResult executionId="3937b6fc-278e-4a2f-b155-47e0a79de7c5" testId="800adef5-f024-3821-03a2-7be53313576d" testName="ValidateNamespaceNestedType" computerName="pkrvmfkh1xnbeme" duration="00:00:00.0006130" startTime="2025-07-09T18:53:51.9639468+00:00" endTime="2025-07-09T18:53:51.9645594+00:00" testType="13cdc9d9-ddb5-4fa4-a97d-d965ccfc6d4b" outcome="Passed" testListId="8c84fa94-04c1-424b-9868-57a2d4851a1d" relativeResultsDirectory="3937b6fc-278e-4a2f-b155-47e0a79de7c5" />
    <UnitTestResult executionId="7ab4fa6a-b141-463d-850d-97e0ebff0d83" testId="d9c3ce3b-8702-a133-592b-969dbdd99e09" testName="TestBuildProperties_ValidateInheritHierarchyWithOverride" computerName="pkrvmfkh1xnbeme" duration="00:00:00.0013550" startTime="2025-07-09T18:53:51.8305935+00:00" endTime="2025-07-09T18:53:51.8319484+00:00" testType="13cdc9d9-ddb5-4fa4-a97d-d965ccfc6d4b" outcome="Passed" testListId="8c84fa94-04c1-424b-9868-57a2d4851a1d" relativeResultsDirectory="7ab4fa6a-b141-463d-850d-97e0ebff0d83" />
    <UnitTestResult executionId="e5a337bf-1c04-4ab7-8d89-d5faba6d4288" testId="39e90891-1755-09db-4d1c-c4c73e640727" testName="TestFlatten" computerName="pkrvmfkh1xnbeme" duration="00:00:00.0004470" startTime="2025-07-09T18:53:52.8080746+00:00" endTime="2025-07-09T18:53:52.8085215+00:00" testType="13cdc9d9-ddb5-4fa4-a97d-d965ccfc6d4b" outcome="Passed" testListId="8c84fa94-04c1-424b-9868-57a2d4851a1d" relativeResultsDirectory="e5a337bf-1c04-4ab7-8d89-d5faba6d4288" />
    <UnitTestResult executionId="5041437f-8c25-47d2-baad-c381c249beda" testId="660a7022-b9e5-687f-481d-9421a8a5b037" testName="ExtensibleStringEnumType" computerName="pkrvmfkh1xnbeme" duration="00:00:00.0008390" startTime="2025-07-09T18:53:52.8378838+00:00" endTime="2025-07-09T18:53:52.8387223+00:00" testType="13cdc9d9-ddb5-4fa4-a97d-d965ccfc6d4b" outcome="Passed" testListId="8c84fa94-04c1-424b-9868-57a2d4851a1d" relativeResultsDirectory="5041437f-8c25-47d2-baad-c381c249beda" />
    <UnitTestResult executionId="29eeb35f-dbf4-46ff-b50e-1a222f34a8cf" testId="303e9c2b-b83c-9a8d-47ab-7f218582b8e3" testName="NotNullOrEmptyString" computerName="pkrvmfkh1xnbeme" duration="00:00:00.0002320" startTime="2025-07-09T18:53:46.9723813+00:00" endTime="2025-07-09T18:53:46.9726136+00:00" testType="13cdc9d9-ddb5-4fa4-a97d-d965ccfc6d4b" outcome="Passed" testListId="8c84fa94-04c1-424b-9868-57a2d4851a1d" relativeResultsDirectory="29eeb35f-dbf4-46ff-b50e-1a222f34a8cf" />
    <UnitTestResult executionId="b38c7d6d-be28-4be0-900d-8f0b454aa461" testId="71fb2054-74d5-0dc0-6f0f-e7c68fca9316" testName="ValidateNullableTypes(System.Nullable`1[System.Int32],[],True)" computerName="pkrvmfkh1xnbeme" duration="00:00:00.0002840" startTime="2025-07-09T18:53:46.9671042+00:00" endTime="2025-07-09T18:53:46.9673876+00:00" testType="13cdc9d9-ddb5-4fa4-a97d-d965ccfc6d4b" outcome="Passed" testListId="8c84fa94-04c1-424b-9868-57a2d4851a1d" relativeResultsDirectory="b38c7d6d-be28-4be0-900d-8f0b454aa461" />
    <UnitTestResult executionId="b30c728a-2991-43c1-8a19-d65d67d0f574" testId="87c101e5-56d9-f2b1-8080-1a4f5d9b19b7" testName="TestIsCSharpKeyword(&quot;default&quot;,True)" computerName="pkrvmfkh1xnbeme" duration="00:00:00.0003130" startTime="2025-07-09T18:53:52.9241893+00:00" endTime="2025-07-09T18:53:52.9245027+00:00" testType="13cdc9d9-ddb5-4fa4-a97d-d965ccfc6d4b" outcome="Passed" testListId="8c84fa94-04c1-424b-9868-57a2d4851a1d" relativeResultsDirectory="b30c728a-2991-43c1-8a19-d65d67d0f574" />
    <UnitTestResult executionId="488462dd-d7aa-4914-8ca6-27daf4c82586" testId="34a52cdc-2177-3e63-5d86-a0fa5315fe07" testName="TestLoadBaselineContractLoadsTypeSuccessfully()" computerName="pkrvmfkh1xnbeme" duration="00:00:00.5267500" startTime="2025-07-09T18:53:46.0891340+00:00" endTime="2025-07-09T18:53:46.6158839+00:00" testType="13cdc9d9-ddb5-4fa4-a97d-d965ccfc6d4b" outcome="Passed" testListId="8c84fa94-04c1-424b-9868-57a2d4851a1d" relativeResultsDirectory="488462dd-d7aa-4914-8ca6-27daf4c82586" />
    <UnitTestResult executionId="8712e3cd-2de8-461d-a64e-98adc3bc3b30" testId="d0ead31a-dfa4-4fab-bef3-937ea9925c36" testName="TestIfElsePreprocessorStatement" computerName="pkrvmfkh1xnbeme" duration="00:00:00.0008940" startTime="2025-07-09T18:53:52.8090048+00:00" endTime="2025-07-09T18:53:52.8098990+00:00" testType="13cdc9d9-ddb5-4fa4-a97d-d965ccfc6d4b" outcome="Passed" testListId="8c84fa94-04c1-424b-9868-57a2d4851a1d" relativeResultsDirectory="8712e3cd-2de8-461d-a64e-98adc3bc3b30" />
    <UnitTestResult executionId="f3803bad-b319-44f5-aa04-65b55332b30c" testId="76ebe5d4-05d1-3fc5-6c36-90701e535064" testName="TestIsCSharpKeyword(&quot;for&quot;,True)" computerName="pkrvmfkh1xnbeme" duration="00:00:00.0003300" startTime="2025-07-09T18:53:52.9302489+00:00" endTime="2025-07-09T18:53:52.9305791+00:00" testType="13cdc9d9-ddb5-4fa4-a97d-d965ccfc6d4b" outcome="Passed" testListId="8c84fa94-04c1-424b-9868-57a2d4851a1d" relativeResultsDirectory="f3803bad-b319-44f5-aa04-65b55332b30c" />
    <UnitTestResult executionId="3fea6d15-5b0b-4d12-ad02-96c0ad731ad0" testId="c61c9d73-dda0-6953-3043-f3e6255aa186" testName="BodyHasSetterValidation(&quot;readOnlyDictionaryOnInputOutputModel&quot;,Microsoft.TypeSpec.Generator.Input.InputModelType,False,null)" computerName="pkrvmfkh1xnbeme" duration="00:00:00.0005180" startTime="2025-07-09T18:53:52.4116252+00:00" endTime="2025-07-09T18:53:52.4121430+00:00" testType="13cdc9d9-ddb5-4fa4-a97d-d965ccfc6d4b" outcome="Passed" testListId="8c84fa94-04c1-424b-9868-57a2d4851a1d" relativeResultsDirectory="3fea6d15-5b0b-4d12-ad02-96c0ad731ad0" />
    <UnitTestResult executionId="be17ecfb-4a72-449b-ad64-1e401b55aef9" testId="46dd2cf8-a790-10e4-882d-8d6a5b52f88d" testName="Equals(Microsoft.TypeSpec.Generator.Providers.ParameterProvider,Microsoft.TypeSpec.Generator.Providers.ParameterProvider,False)" computerName="pkrvmfkh1xnbeme" duration="00:00:00.0002420" startTime="2025-07-09T18:53:52.3909944+00:00" endTime="2025-07-09T18:53:52.3912362+00:00" testType="13cdc9d9-ddb5-4fa4-a97d-d965ccfc6d4b" outcome="Passed" testListId="8c84fa94-04c1-424b-9868-57a2d4851a1d" relativeResultsDirectory="be17ecfb-4a72-449b-ad64-1e401b55aef9" />
    <UnitTestResult executionId="824ff909-f744-425a-bc36-6424d022f692" testId="a828753d-bb9b-7fb8-4322-9fddca1c056b" testName="TestIsCSharpKeyword(&quot;internal&quot;,True)" computerName="pkrvmfkh1xnbeme" duration="00:00:00.0003040" startTime="2025-07-09T18:53:52.9341547+00:00" endTime="2025-07-09T18:53:52.9344584+00:00" testType="13cdc9d9-ddb5-4fa4-a97d-d965ccfc6d4b" outcome="Passed" testListId="8c84fa94-04c1-424b-9868-57a2d4851a1d" relativeResultsDirectory="824ff909-f744-425a-bc36-6424d022f692" />
    <UnitTestResult executionId="a8f3ef2d-1404-46e8-a6c7-69f694c78fe3" testId="8b789692-7fa9-8c51-af77-5dd69c682321" testName="IfStatementWithBoolExpression" computerName="pkrvmfkh1xnbeme" duration="00:00:00.0002860" startTime="2025-07-09T18:53:52.8043796+00:00" endTime="2025-07-09T18:53:52.8046657+00:00" testType="13cdc9d9-ddb5-4fa4-a97d-d965ccfc6d4b" outcome="Passed" testListId="8c84fa94-04c1-424b-9868-57a2d4851a1d" relativeResultsDirectory="a8f3ef2d-1404-46e8-a6c7-69f694c78fe3" />
    <UnitTestResult executionId="52a869b9-6b05-404c-81cd-c633ad988394" testId="63bda76b-9897-fc88-3daa-45c6aeb71a3f" testName="ValidateNullableTypes(Microsoft.TypeSpec.Generator.Tests.Primitives.CSharpTypeTests+TestStruct`1[Microsoft.TypeSpec.Generator.Tests.Primitives.CSharpTypeTests+TestStruct`1[System.Int32]],[global::Microsoft.TypeSpec.Generator.Tests.Primitives.CSharpTypeTests.TestStruct&lt;int&gt;],False)" computerName="pkrvmfkh1xnbeme" duration="00:00:00.0000540" startTime="2025-07-09T18:53:46.9679983+00:00" endTime="2025-07-09T18:53:46.9680517+00:00" testType="13cdc9d9-ddb5-4fa4-a97d-d965ccfc6d4b" outcome="Passed" testListId="8c84fa94-04c1-424b-9868-57a2d4851a1d" relativeResultsDirectory="52a869b9-6b05-404c-81cd-c633ad988394" />
    <UnitTestResult executionId="200fc16c-ec7d-4f10-96a3-b7e01717b397" testId="4a271c8b-f717-5134-7b1b-028baff8810b" testName="KeyValuePairExpression(System.Collections.Generic.IDictionary`2[System.Int32,System.String],System.Collections.Generic.Dictionary`2[System.Int32,System.String])" computerName="pkrvmfkh1xnbeme" duration="00:00:00.0007120" startTime="2025-07-09T18:53:46.0505941+00:00" endTime="2025-07-09T18:53:46.0513064+00:00" testType="13cdc9d9-ddb5-4fa4-a97d-d965ccfc6d4b" outcome="Passed" testListId="8c84fa94-04c1-424b-9868-57a2d4851a1d" relativeResultsDirectory="200fc16c-ec7d-4f10-96a3-b7e01717b397" />
    <UnitTestResult executionId="82f316ea-ce95-4586-92c8-e90609cc1a20" testId="8dc400ca-5cc8-9db4-4ad6-cd18dc7eb619" testName="TestIsCSharpKeyword(&quot;if&quot;,True)" computerName="pkrvmfkh1xnbeme" duration="00:00:00.0004890" startTime="2025-07-09T18:53:52.9321791+00:00" endTime="2025-07-09T18:53:52.9326675+00:00" testType="13cdc9d9-ddb5-4fa4-a97d-d965ccfc6d4b" outcome="Passed" testListId="8c84fa94-04c1-424b-9868-57a2d4851a1d" relativeResultsDirectory="82f316ea-ce95-4586-92c8-e90609cc1a20" />
    <UnitTestResult executionId="578ff0e9-bab6-409b-9508-8d30a84d3645" testId="77d60e7c-643e-6c20-3cd0-1fd3cd3b2695" testName="CatchStatementWithMultipleLineBody" computerName="pkrvmfkh1xnbeme" duration="00:00:00.0002860" startTime="2025-07-09T18:53:52.7991049+00:00" endTime="2025-07-09T18:53:52.7993912+00:00" testType="13cdc9d9-ddb5-4fa4-a97d-d965ccfc6d4b" outcome="Passed" testListId="8c84fa94-04c1-424b-9868-57a2d4851a1d" relativeResultsDirectory="578ff0e9-bab6-409b-9508-8d30a84d3645" />
    <UnitTestResult executionId="99bee2b2-d565-4dcb-90da-005801ce6bd7" testId="07831204-b898-6007-d61d-e5d965a368fb" testName="CacheFrameworkTypes" computerName="pkrvmfkh1xnbeme" duration="00:00:00.0002140" startTime="2025-07-09T18:53:46.9092796+00:00" endTime="2025-07-09T18:53:46.9094940+00:00" testType="13cdc9d9-ddb5-4fa4-a97d-d965ccfc6d4b" outcome="Passed" testListId="8c84fa94-04c1-424b-9868-57a2d4851a1d" relativeResultsDirectory="99bee2b2-d565-4dcb-90da-005801ce6bd7" />
    <UnitTestResult executionId="17095373-a4f6-460b-b8dd-5e20d2636fed" testId="089e7413-e8ec-1975-7958-928c9e66b647" testName="ModelWithCustomExtensibleEnumDiscriminator" computerName="pkrvmfkh1xnbeme" duration="00:00:00.0563540" startTime="2025-07-09T18:53:49.2484746+00:00" endTime="2025-07-09T18:53:49.3048286+00:00" testType="13cdc9d9-ddb5-4fa4-a97d-d965ccfc6d4b" outcome="Passed" testListId="8c84fa94-04c1-424b-9868-57a2d4851a1d" relativeResultsDirectory="17095373-a4f6-460b-b8dd-5e20d2636fed" />
    <UnitTestResult executionId="a5c0f66f-7c78-4c77-8bdf-958f7316efc3" testId="f53f973d-cb80-9861-5d3f-ae579bbed924" testName="RemovedInputModelCausesExceptionWhenReferencedInDifferentModel" computerName="pkrvmfkh1xnbeme" duration="00:00:00.0020520" startTime="2025-07-09T18:53:46.7082225+00:00" endTime="2025-07-09T18:53:46.7102746+00:00" testType="13cdc9d9-ddb5-4fa4-a97d-d965ccfc6d4b" outcome="Passed" testListId="8c84fa94-04c1-424b-9868-57a2d4851a1d" relativeResultsDirectory="a5c0f66f-7c78-4c77-8bdf-958f7316efc3" />
    <UnitTestResult executionId="06deb56d-4f70-4ed0-9ad0-3581a381dc77" testId="2b30d78e-2780-638d-4d4e-ad1bdc603ccd" testName="TypesAreNotEqualWhenNullabilityIsDifferent(System.Collections.Generic.IDictionary`2[System.String,System.Nullable`1[System.Int32]])" computerName="pkrvmfkh1xnbeme" duration="00:00:00.0002310" startTime="2025-07-09T18:53:46.9657458+00:00" endTime="2025-07-09T18:53:46.9659766+00:00" testType="13cdc9d9-ddb5-4fa4-a97d-d965ccfc6d4b" outcome="Passed" testListId="8c84fa94-04c1-424b-9868-57a2d4851a1d" relativeResultsDirectory="06deb56d-4f70-4ed0-9ad0-3581a381dc77" />
    <UnitTestResult executionId="5e3fc07d-5962-43fe-bdd4-ec5d68b3a500" testId="1eba5726-210c-03a3-c4f4-4ae5f5484de3" testName="TestIsCSharpKeyword(&quot;abstract&quot;,True)" computerName="pkrvmfkh1xnbeme" duration="00:00:00.0004830" startTime="2025-07-09T18:53:52.9160980+00:00" endTime="2025-07-09T18:53:52.9165808+00:00" testType="13cdc9d9-ddb5-4fa4-a97d-d965ccfc6d4b" outcome="Passed" testListId="8c84fa94-04c1-424b-9868-57a2d4851a1d" relativeResultsDirectory="5e3fc07d-5962-43fe-bdd4-ec5d68b3a500" />
    <UnitTestResult executionId="4dbd0ca0-b2de-4c8b-8154-fe1c546349da" testId="8f5ff714-8385-8d42-3067-444f3820b02e" testName="TypesAreNotEqualWhenNullabilityIsDifferent(System.Collections.Generic.IDictionary`2[System.Int32,System.String])" computerName="pkrvmfkh1xnbeme" duration="00:00:00.0002290" startTime="2025-07-09T18:53:46.9650123+00:00" endTime="2025-07-09T18:53:46.9652412+00:00" testType="13cdc9d9-ddb5-4fa4-a97d-d965ccfc6d4b" outcome="Passed" testListId="8c84fa94-04c1-424b-9868-57a2d4851a1d" relativeResultsDirectory="4dbd0ca0-b2de-4c8b-8154-fe1c546349da" />
    <UnitTestResult executionId="fd6fb318-a052-41bc-b3df-480d5bae28ec" testId="1589c5b5-6a59-c4da-22fa-39108093107e" testName="SeeCRefType(System.Collections.Generic.List`1[T],False)" computerName="pkrvmfkh1xnbeme" duration="00:00:00.0002320" startTime="2025-07-09T18:53:53.0163495+00:00" endTime="2025-07-09T18:53:53.0165813+00:00" testType="13cdc9d9-ddb5-4fa4-a97d-d965ccfc6d4b" outcome="Passed" testListId="8c84fa94-04c1-424b-9868-57a2d4851a1d" relativeResultsDirectory="fd6fb318-a052-41bc-b3df-480d5bae28ec" />
    <UnitTestResult executionId="b6c4e28c-94c0-45c5-87bd-736cb16b6283" testId="23c59f2d-7d8b-10cc-504a-a960e4958c91" testName="Dict_Undefined_ReturnsFalse" computerName="pkrvmfkh1xnbeme" duration="00:00:00.0001620" startTime="2025-07-09T18:53:52.3809137+00:00" endTime="2025-07-09T18:53:52.3810759+00:00" testType="13cdc9d9-ddb5-4fa4-a97d-d965ccfc6d4b" outcome="Passed" testListId="8c84fa94-04c1-424b-9868-57a2d4851a1d" relativeResultsDirectory="b6c4e28c-94c0-45c5-87bd-736cb16b6283" />
    <UnitTestResult executionId="83fe9ec9-976a-4fae-a371-8255f457f4af" testId="f42bde8d-1a55-f048-63d7-d9e08364b0f8" testName="CodeWriter_WriteProperty_IndexerProperty_MethodPropertyBody" computerName="pkrvmfkh1xnbeme" duration="00:00:00.0007500" startTime="2025-07-09T18:53:53.0086385+00:00" endTime="2025-07-09T18:53:53.0093882+00:00" testType="13cdc9d9-ddb5-4fa4-a97d-d965ccfc6d4b" outcome="Passed" testListId="8c84fa94-04c1-424b-9868-57a2d4851a1d" relativeResultsDirectory="83fe9ec9-976a-4fae-a371-8255f457f4af" />
    <UnitTestResult executionId="74713429-6534-4c37-961e-d7da3b0c99ac" testId="2bd83da8-d8fb-a3a6-2379-337ad4affd31" testName="VisitsConstructors" computerName="pkrvmfkh1xnbeme" duration="00:00:00.0011590" startTime="2025-07-09T18:53:46.7500652+00:00" endTime="2025-07-09T18:53:46.7512237+00:00" testType="13cdc9d9-ddb5-4fa4-a97d-d965ccfc6d4b" outcome="Passed" testListId="8c84fa94-04c1-424b-9868-57a2d4851a1d" relativeResultsDirectory="74713429-6534-4c37-961e-d7da3b0c99ac" />
    <UnitTestResult executionId="e176867d-59ba-4928-b91e-087f1fbfe863" testId="b250ea56-6610-6e43-ecb1-15681dd59882" testName="BuildPropertyDescription(Microsoft.TypeSpec.Generator.Input.InputModelProperty,global::System.Collections.Generic.IDictionary&lt;string, string&gt;)" computerName="pkrvmfkh1xnbeme" duration="00:00:00.0000570" startTime="2025-07-09T18:53:52.3997343+00:00" endTime="2025-07-09T18:53:52.3997909+00:00" testType="13cdc9d9-ddb5-4fa4-a97d-d965ccfc6d4b" outcome="Passed" testListId="8c84fa94-04c1-424b-9868-57a2d4851a1d" relativeResultsDirectory="e176867d-59ba-4928-b91e-087f1fbfe863" />
    <UnitTestResult executionId="a27c4acd-43e8-4fec-ad71-f850e61aef7e" testId="c8329772-cb20-c52c-c174-fe72a0244e74" testName="TypesAreNotEqualWhenNullabilityIsDifferent(System.Collections.Generic.IDictionary`2[System.String,System.String])" computerName="pkrvmfkh1xnbeme" duration="00:00:00.0002410" startTime="2025-07-09T18:53:46.9652589+00:00" endTime="2025-07-09T18:53:46.9654999+00:00" testType="13cdc9d9-ddb5-4fa4-a97d-d965ccfc6d4b" outcome="Passed" testListId="8c84fa94-04c1-424b-9868-57a2d4851a1d" relativeResultsDirectory="a27c4acd-43e8-4fec-ad71-f850e61aef7e" />
    <UnitTestResult executionId="9c02d840-5522-41c5-b84f-4238dce44eb3" testId="0597e3c8-92de-759a-9177-026541f5e955" testName="TypesAreNotEqualWhenNullabilityIsDifferent(System.Collections.Generic.IList`1[System.Nullable`1[System.Int32]])" computerName="pkrvmfkh1xnbeme" duration="00:00:00.0002530" startTime="2025-07-09T18:53:46.9645013+00:00" endTime="2025-07-09T18:53:46.9647546+00:00" testType="13cdc9d9-ddb5-4fa4-a97d-d965ccfc6d4b" outcome="Passed" testListId="8c84fa94-04c1-424b-9868-57a2d4851a1d" relativeResultsDirectory="9c02d840-5522-41c5-b84f-4238dce44eb3" />
    <UnitTestResult executionId="4c8c3081-3395-4d63-9dcb-bb0f3a971db1" testId="9295c6d5-381d-235c-2ad2-b93bd04edb90" testName="EqualToFrameworkType(System.Int32)" computerName="pkrvmfkh1xnbeme" duration="00:00:00.0002300" startTime="2025-07-09T18:53:46.9095567+00:00" endTime="2025-07-09T18:53:46.9097864+00:00" testType="13cdc9d9-ddb5-4fa4-a97d-d965ccfc6d4b" outcome="Passed" testListId="8c84fa94-04c1-424b-9868-57a2d4851a1d" relativeResultsDirectory="4c8c3081-3395-4d63-9dcb-bb0f3a971db1" />
    <UnitTestResult executionId="4e283e76-6031-4b80-a21d-b46cbb380cae" testId="4f1d847e-f0c4-8e4c-8126-90a2523dd339" testName="HashCodesAreNotEqual(System.Int32,System.Collections.Generic.IList`1[T])" computerName="pkrvmfkh1xnbeme" duration="00:00:00.0004940" startTime="2025-07-09T18:53:46.9319949+00:00" endTime="2025-07-09T18:53:46.9324883+00:00" testType="13cdc9d9-ddb5-4fa4-a97d-d965ccfc6d4b" outcome="Passed" testListId="8c84fa94-04c1-424b-9868-57a2d4851a1d" relativeResultsDirectory="4e283e76-6031-4b80-a21d-b46cbb380cae" />
    <UnitTestResult executionId="ae2be2c6-a2b1-41a6-bc9f-6c63fbbdbf2c" testId="ca849d53-e0a1-e7ec-36aa-de29b920565f" testName="DoesNotVisitMethodsWhenTypeIsNulledOut" computerName="pkrvmfkh1xnbeme" duration="00:00:00.0018090" startTime="2025-07-09T18:53:46.7445127+00:00" endTime="2025-07-09T18:53:46.7463216+00:00" testType="13cdc9d9-ddb5-4fa4-a97d-d965ccfc6d4b" outcome="Passed" testListId="8c84fa94-04c1-424b-9868-57a2d4851a1d" relativeResultsDirectory="ae2be2c6-a2b1-41a6-bc9f-6c63fbbdbf2c" />
    <UnitTestResult executionId="f32dd933-8927-49d2-8047-7161c1c9a2dc" testId="b16f7419-6346-6c6e-74b5-620d6ea5c8b0" testName="TypesAreEqual(System.Collections.Generic.IDictionary`2[TKey,TValue])" computerName="pkrvmfkh1xnbeme" duration="00:00:00.0001070" startTime="2025-07-09T18:53:46.9532213+00:00" endTime="2025-07-09T18:53:46.9533283+00:00" testType="13cdc9d9-ddb5-4fa4-a97d-d965ccfc6d4b" outcome="Passed" testListId="8c84fa94-04c1-424b-9868-57a2d4851a1d" relativeResultsDirectory="f32dd933-8927-49d2-8047-7161c1c9a2dc" />
    <UnitTestResult executionId="0a6268eb-26de-4ce1-abe7-72d0ffe25732" testId="dd78af76-d896-680f-1e62-b95dc0a25a53" testName="XmlDocsAreWritten" computerName="pkrvmfkh1xnbeme" duration="00:00:00.0021030" startTime="2025-07-09T18:53:51.8482427+00:00" endTime="2025-07-09T18:53:51.8503461+00:00" testType="13cdc9d9-ddb5-4fa4-a97d-d965ccfc6d4b" outcome="Passed" testListId="8c84fa94-04c1-424b-9868-57a2d4851a1d" relativeResultsDirectory="0a6268eb-26de-4ce1-abe7-72d0ffe25732" />
    <UnitTestResult executionId="0bec5fe8-0e9f-45d2-82bf-770221912e28" testId="29f56393-0f9d-2dc2-8e0a-4b7171cb8b99" testName="TestBreakLines_LiteralOpenAndCloseBraceWithLineBreaksAndT" computerName="pkrvmfkh1xnbeme" duration="00:00:00.0000820" startTime="2025-07-09T18:53:52.8573219+00:00" endTime="2025-07-09T18:53:52.8574036+00:00" testType="13cdc9d9-ddb5-4fa4-a97d-d965ccfc6d4b" outcome="Passed" testListId="8c84fa94-04c1-424b-9868-57a2d4851a1d" relativeResultsDirectory="0bec5fe8-0e9f-45d2-82bf-770221912e28" />
    <UnitTestResult executionId="a278cac4-e72e-4ecc-94f0-906583dde8fb" testId="a446c41e-a2d7-c61d-3fb5-258c083bd6cf" testName="SystemTypeOperatorTestNotEqual(System.Int32,System.Collections.Generic.IList`1[System.Int32])" computerName="pkrvmfkh1xnbeme" duration="00:00:00.0002670" startTime="2025-07-09T18:53:46.0812204+00:00" endTime="2025-07-09T18:53:46.0814869+00:00" testType="13cdc9d9-ddb5-4fa4-a97d-d965ccfc6d4b" outcome="Passed" testListId="8c84fa94-04c1-424b-9868-57a2d4851a1d" relativeResultsDirectory="a278cac4-e72e-4ecc-94f0-906583dde8fb" />
    <UnitTestResult executionId="d7e99f23-7ee9-4d8c-a15f-e771739ff844" testId="d042a881-6eca-108b-73cf-e9042034daf8" testName="ValidateUnion(System.Int32,System.String,System.Single)" computerName="pkrvmfkh1xnbeme" duration="00:00:00.0005840" startTime="2025-07-09T18:53:46.9683114+00:00" endTime="2025-07-09T18:53:46.9688953+00:00" testType="13cdc9d9-ddb5-4fa4-a97d-d965ccfc6d4b" outcome="Passed" testListId="8c84fa94-04c1-424b-9868-57a2d4851a1d" relativeResultsDirectory="d7e99f23-7ee9-4d8c-a15f-e771739ff844" />
    <UnitTestResult executionId="06f9a0f0-2744-45c5-8d95-4eb565c5c3ee" testId="0e7fdc74-f163-d4d3-0269-4d27e0fc62ec" testName="CustomConstructorWithThisInitializerShouldHaveInitializerPopulated" computerName="pkrvmfkh1xnbeme" duration="00:00:00.0191150" startTime="2025-07-09T18:53:51.8948675+00:00" endTime="2025-07-09T18:53:51.9139828+00:00" testType="13cdc9d9-ddb5-4fa4-a97d-d965ccfc6d4b" outcome="Passed" testListId="8c84fa94-04c1-424b-9868-57a2d4851a1d" relativeResultsDirectory="06f9a0f0-2744-45c5-8d95-4eb565c5c3ee" />
    <UnitTestResult executionId="aebb66e1-4c5c-4681-8acd-63e03b2c930a" testId="5da3b2e4-6a9f-a9a6-4eb1-98b652557c46" testName="TestBuildAdditionalProperties(Microsoft.TypeSpec.Generator.Input.InputModelType,True,1)" computerName="pkrvmfkh1xnbeme" duration="00:00:00.0005670" startTime="2025-07-09T18:53:51.8142849+00:00" endTime="2025-07-09T18:53:51.8148513+00:00" testType="13cdc9d9-ddb5-4fa4-a97d-d965ccfc6d4b" outcome="Passed" testListId="8c84fa94-04c1-424b-9868-57a2d4851a1d" relativeResultsDirectory="aebb66e1-4c5c-4681-8acd-63e03b2c930a" />
    <UnitTestResult executionId="ba2e4811-f47c-433f-8709-597560e9ae2f" testId="25f7e17b-8e22-d088-c812-a9c87cae4a57" testName="TestBuildConstructor_ValidateConstructors" computerName="pkrvmfkh1xnbeme" duration="00:00:00.0035880" startTime="2025-07-09T18:53:51.8154627+00:00" endTime="2025-07-09T18:53:51.8190501+00:00" testType="13cdc9d9-ddb5-4fa4-a97d-d965ccfc6d4b" outcome="Passed" testListId="8c84fa94-04c1-424b-9868-57a2d4851a1d" relativeResultsDirectory="ba2e4811-f47c-433f-8709-597560e9ae2f" />
    <UnitTestResult executionId="f55e72db-07ef-47e8-ae9b-1ce5f9880825" testId="d658d123-051f-351d-7f72-2cb4dd202acf" testName="BodyHasSetterValidation(&quot;readOnlyDictionaryOnOutputModel&quot;,Microsoft.TypeSpec.Generator.Input.InputModelType,False,null)" computerName="pkrvmfkh1xnbeme" duration="00:00:00.0004980" startTime="2025-07-09T18:53:52.4111045+00:00" endTime="2025-07-09T18:53:52.4116027+00:00" testType="13cdc9d9-ddb5-4fa4-a97d-d965ccfc6d4b" outcome="Passed" testListId="8c84fa94-04c1-424b-9868-57a2d4851a1d" relativeResultsDirectory="f55e72db-07ef-47e8-ae9b-1ce5f9880825" />
    <UnitTestResult executionId="18df2736-39a9-49a2-9eba-b49c0460b21f" testId="ebe1cb31-9c82-dbb6-a15e-a7ddeb2e1d02" testName="TestBuildSecondaryConstructor(True)" computerName="pkrvmfkh1xnbeme" duration="00:00:00.0013699" startTime="2025-07-09T18:53:51.8429177+00:00" endTime="2025-07-09T18:53:51.8442877+00:00" testType="13cdc9d9-ddb5-4fa4-a97d-d965ccfc6d4b" outcome="Passed" testListId="8c84fa94-04c1-424b-9868-57a2d4851a1d" relativeResultsDirectory="18df2736-39a9-49a2-9eba-b49c0460b21f" />
    <UnitTestResult executionId="6be43d84-4ddb-45af-8e4d-7a4e48c38061" testId="a0ec3c59-43eb-f219-9588-0746bc9109a3" testName="IsCollectionType(System.Collections.Generic.IDictionary`2[System.String,System.String],True)" computerName="pkrvmfkh1xnbeme" duration="00:00:00.0001280" startTime="2025-07-09T18:53:46.9379112+00:00" endTime="2025-07-09T18:53:46.9380388+00:00" testType="13cdc9d9-ddb5-4fa4-a97d-d965ccfc6d4b" outcome="Passed" testListId="8c84fa94-04c1-424b-9868-57a2d4851a1d" relativeResultsDirectory="6be43d84-4ddb-45af-8e4d-7a4e48c38061" />
    <UnitTestResult executionId="402b4c51-f7bf-4c38-b241-aa93f0ff472e" testId="2591579f-bb00-b03a-a482-62f784ac0bad" testName="TestIsCSharpKeyword(&quot;sealed&quot;,True)" computerName="pkrvmfkh1xnbeme" duration="00:00:00.0003089" startTime="2025-07-09T18:53:52.9667538+00:00" endTime="2025-07-09T18:53:52.9670625+00:00" testType="13cdc9d9-ddb5-4fa4-a97d-d965ccfc6d4b" outcome="Passed" testListId="8c84fa94-04c1-424b-9868-57a2d4851a1d" relativeResultsDirectory="402b4c51-f7bf-4c38-b241-aa93f0ff472e" />
    <UnitTestResult executionId="8dd7de5c-519c-4ecf-aca3-c90e48df7a3d" testId="882c8151-bb71-0704-8aa3-5cc3b6900c69" testName="UseNewInstanceExpression" computerName="pkrvmfkh1xnbeme" duration="00:00:00.0021820" startTime="2025-07-09T18:53:46.0580848+00:00" endTime="2025-07-09T18:53:46.0602669+00:00" testType="13cdc9d9-ddb5-4fa4-a97d-d965ccfc6d4b" outcome="Passed" testListId="8c84fa94-04c1-424b-9868-57a2d4851a1d" relativeResultsDirectory="8dd7de5c-519c-4ecf-aca3-c90e48df7a3d" />
    <UnitTestResult executionId="75252400-724b-4b68-89cb-13ab633fadd0" testId="44cba4f7-5a18-ba1c-b948-fba329c2d655" testName="CodeWriter_WriteProperty_AutoBody_WithExplicitInterface" computerName="pkrvmfkh1xnbeme" duration="00:00:00.0006540" startTime="2025-07-09T18:53:53.0042962+00:00" endTime="2025-07-09T18:53:53.0049505+00:00" testType="13cdc9d9-ddb5-4fa4-a97d-d965ccfc6d4b" outcome="Passed" testListId="8c84fa94-04c1-424b-9868-57a2d4851a1d" relativeResultsDirectory="75252400-724b-4b68-89cb-13ab633fadd0" />
    <UnitTestResult executionId="b86a53e2-a45c-49c5-bdf6-365dffc943df" testId="abf07fb5-5ca6-e6f4-25ba-9e3e6d7cf133" testName="SystemTypeOperatorTestEqual(System.Int32)" computerName="pkrvmfkh1xnbeme" duration="00:00:00.0004940" startTime="2025-07-09T18:53:46.0764819+00:00" endTime="2025-07-09T18:53:46.0769759+00:00" testType="13cdc9d9-ddb5-4fa4-a97d-d965ccfc6d4b" outcome="Passed" testListId="8c84fa94-04c1-424b-9868-57a2d4851a1d" relativeResultsDirectory="b86a53e2-a45c-49c5-bdf6-365dffc943df" />
    <UnitTestResult executionId="005769c9-6c80-48f9-8bee-ce811b85d41e" testId="06278a9c-3e40-0213-a3b2-aaf46ee40394" testName="SystemTypeOperatorTestNotEqual(System.Collections.Generic.IDictionary`2[System.Collections.Generic.IDictionary`2[System.Int32,System.String],System.Collections.Generic.IDictionary`2[System.String,System.Int32]],System.Collections.Generic.IDictionary`2[System.Collections.Generic.IDictionary`2[System.String,System.Int32],System.Collections.Generic.IDictionary`2[System.String,System.Int32]])" computerName="pkrvmfkh1xnbeme" duration="00:00:00.0033740" startTime="2025-07-09T18:53:46.0849151+00:00" endTime="2025-07-09T18:53:46.0882892+00:00" testType="13cdc9d9-ddb5-4fa4-a97d-d965ccfc6d4b" outcome="Passed" testListId="8c84fa94-04c1-424b-9868-57a2d4851a1d" relativeResultsDirectory="005769c9-6c80-48f9-8bee-ce811b85d41e" />
    <UnitTestResult executionId="8cabf76d-2b7a-4997-978a-1be79b9c8bcb" testId="50956c27-d293-40eb-346f-e6ad01ce9e0a" testName="IsReadOnlyList(System.Collections.Generic.IReadOnlyCollection`1[T],False)" computerName="pkrvmfkh1xnbeme" duration="00:00:00.0000740" startTime="2025-07-09T18:53:46.9427957+00:00" endTime="2025-07-09T18:53:46.9428700+00:00" testType="13cdc9d9-ddb5-4fa4-a97d-d965ccfc6d4b" outcome="Passed" testListId="8c84fa94-04c1-424b-9868-57a2d4851a1d" relativeResultsDirectory="8cabf76d-2b7a-4997-978a-1be79b9c8bcb" />
    <UnitTestResult executionId="43835aca-2735-49d5-9be7-bb00a59d4eee" testId="a09333b2-f10a-bc2b-8099-668cd5240c5d" testName="TestIsCSharpKeyword(&quot;lock&quot;,True)" computerName="pkrvmfkh1xnbeme" duration="00:00:00.0003080" startTime="2025-07-09T18:53:52.9358599+00:00" endTime="2025-07-09T18:53:52.9361682+00:00" testType="13cdc9d9-ddb5-4fa4-a97d-d965ccfc6d4b" outcome="Passed" testListId="8c84fa94-04c1-424b-9868-57a2d4851a1d" relativeResultsDirectory="43835aca-2735-49d5-9be7-bb00a59d4eee" />
    <UnitTestResult executionId="3d325008-6d3b-4bdb-8bbb-c168ec388b9a" testId="d7dda8eb-22f6-cb6e-895d-54644281133c" testName="GetElementType_ReadOnlyMemory" computerName="pkrvmfkh1xnbeme" duration="00:00:00.0123700" startTime="2025-07-09T18:53:46.9143720+00:00" endTime="2025-07-09T18:53:46.9267416+00:00" testType="13cdc9d9-ddb5-4fa4-a97d-d965ccfc6d4b" outcome="Passed" testListId="8c84fa94-04c1-424b-9868-57a2d4851a1d" relativeResultsDirectory="3d325008-6d3b-4bdb-8bbb-c168ec388b9a" />
    <UnitTestResult executionId="4abaa763-f1e6-407c-9043-7b5842fa2316" testId="689d3c83-8152-0cff-faf9-9f0f3389c334" testName="CanUpdatePropertyProvider" computerName="pkrvmfkh1xnbeme" duration="00:00:00.0025970" startTime="2025-07-09T18:53:52.4161273+00:00" endTime="2025-07-09T18:53:52.4187244+00:00" testType="13cdc9d9-ddb5-4fa4-a97d-d965ccfc6d4b" outcome="Passed" testListId="8c84fa94-04c1-424b-9868-57a2d4851a1d" relativeResultsDirectory="4abaa763-f1e6-407c-9043-7b5842fa2316" />
    <UnitTestResult executionId="e21863a5-28fc-49b0-82ff-d4acece5b68b" testId="be49ff59-04e9-8655-a106-47f9f995ba2c" testName="TestIsCSharpKeyword(&quot;explicit&quot;,True)" computerName="pkrvmfkh1xnbeme" duration="00:00:00.0003100" startTime="2025-07-09T18:53:52.9279341+00:00" endTime="2025-07-09T18:53:52.9282439+00:00" testType="13cdc9d9-ddb5-4fa4-a97d-d965ccfc6d4b" outcome="Passed" testListId="8c84fa94-04c1-424b-9868-57a2d4851a1d" relativeResultsDirectory="e21863a5-28fc-49b0-82ff-d4acece5b68b" />
    <UnitTestResult executionId="70ebd873-29b8-40a0-9c31-66379a607f50" testId="19957d96-1633-4d7e-9bbc-0391b74c0a69" testName="FinallyStatementWithEmptyBody" computerName="pkrvmfkh1xnbeme" duration="00:00:00.0003190" startTime="2025-07-09T18:53:52.8005809+00:00" endTime="2025-07-09T18:53:52.8009002+00:00" testType="13cdc9d9-ddb5-4fa4-a97d-d965ccfc6d4b" outcome="Passed" testListId="8c84fa94-04c1-424b-9868-57a2d4851a1d" relativeResultsDirectory="70ebd873-29b8-40a0-9c31-66379a607f50" />
    <UnitTestResult executionId="fef25beb-31fc-41c2-949e-743db4df1774" testId="20b95b17-bc37-c884-12d4-53d4352329e4" testName="LicenseInfoIsNullWhenNotInConfig" computerName="pkrvmfkh1xnbeme" duration="00:00:00.0008820" startTime="2025-07-09T18:53:43.6082981+00:00" endTime="2025-07-09T18:53:43.6091796+00:00" testType="13cdc9d9-ddb5-4fa4-a97d-d965ccfc6d4b" outcome="Passed" testListId="8c84fa94-04c1-424b-9868-57a2d4851a1d" relativeResultsDirectory="fef25beb-31fc-41c2-949e-743db4df1774" />
    <UnitTestResult executionId="bf854571-322b-460d-8910-c1225a5c2786" testId="dc269f56-e8f1-7215-de57-f294735827ca" testName="VisitsProperties" computerName="pkrvmfkh1xnbeme" duration="00:00:00.0011540" startTime="2025-07-09T18:53:46.7537051+00:00" endTime="2025-07-09T18:53:46.7548592+00:00" testType="13cdc9d9-ddb5-4fa4-a97d-d965ccfc6d4b" outcome="Passed" testListId="8c84fa94-04c1-424b-9868-57a2d4851a1d" relativeResultsDirectory="bf854571-322b-460d-8910-c1225a5c2786" />
    <UnitTestResult executionId="c2f1eead-2140-44df-9a53-0c2a6e209fa7" testId="67ca227b-fc3f-9d3d-2e4b-6cc288f33c16" testName="ValidatePropertyTypes(System.Int32)" computerName="pkrvmfkh1xnbeme" duration="00:00:00.0084860" startTime="2025-07-09T18:53:52.0981191+00:00" endTime="2025-07-09T18:53:52.1066054+00:00" testType="13cdc9d9-ddb5-4fa4-a97d-d965ccfc6d4b" outcome="Passed" testListId="8c84fa94-04c1-424b-9868-57a2d4851a1d" relativeResultsDirectory="c2f1eead-2140-44df-9a53-0c2a6e209fa7" />
    <UnitTestResult executionId="fd2af30d-59cc-47b2-b7e9-901f9816d517" testId="a83c55d9-b4b3-f28e-764f-b9b4aa5db19f" testName="TestBuildAdditionalProperties(Microsoft.TypeSpec.Generator.Input.InputModelType,False,1)" computerName="pkrvmfkh1xnbeme" duration="00:00:00.0011050" startTime="2025-07-09T18:53:51.8094980+00:00" endTime="2025-07-09T18:53:51.8106027+00:00" testType="13cdc9d9-ddb5-4fa4-a97d-d965ccfc6d4b" outcome="Passed" testListId="8c84fa94-04c1-424b-9868-57a2d4851a1d" relativeResultsDirectory="fd2af30d-59cc-47b2-b7e9-901f9816d517" />
    <UnitTestResult executionId="d3be8a0d-c1d0-461b-9887-d7354007b2b4" testId="6a772daa-9b1f-2af8-0451-3bbbb2e9aaf2" testName="KeyValuePairExpression(System.Tuple`1[T1],System.Tuple`2[T1,T2])" computerName="pkrvmfkh1xnbeme" duration="00:00:00.0003230" startTime="2025-07-09T18:53:46.0490676+00:00" endTime="2025-07-09T18:53:46.0493907+00:00" testType="13cdc9d9-ddb5-4fa4-a97d-d965ccfc6d4b" outcome="Passed" testListId="8c84fa94-04c1-424b-9868-57a2d4851a1d" relativeResultsDirectory="d3be8a0d-c1d0-461b-9887-d7354007b2b4" />
    <UnitTestResult executionId="cb784c06-41cd-42eb-a531-96eb28c5b113" testId="12d4cfce-f952-5050-cfbd-0ed55f90dabf" testName="DerivedShouldNotHaveDiscriminatorParameter" computerName="pkrvmfkh1xnbeme" duration="00:00:00.0019320" startTime="2025-07-09T18:53:47.2909780+00:00" endTime="2025-07-09T18:53:47.2929098+00:00" testType="13cdc9d9-ddb5-4fa4-a97d-d965ccfc6d4b" outcome="Passed" testListId="8c84fa94-04c1-424b-9868-57a2d4851a1d" relativeResultsDirectory="cb784c06-41cd-42eb-a531-96eb28c5b113" />
    <UnitTestResult executionId="6784b7d7-d632-4668-9078-973eb50d8a4a" testId="f6fc8666-1c36-4694-0d5b-6ae5f4168221" testName="VisitorsAreVisited" computerName="pkrvmfkh1xnbeme" duration="00:00:00.0765280" startTime="2025-07-09T18:53:45.8919517+00:00" endTime="2025-07-09T18:53:45.9684800+00:00" testType="13cdc9d9-ddb5-4fa4-a97d-d965ccfc6d4b" outcome="Passed" testListId="8c84fa94-04c1-424b-9868-57a2d4851a1d" relativeResultsDirectory="6784b7d7-d632-4668-9078-973eb50d8a4a" />
    <UnitTestResult executionId="eced473a-81a1-48b7-8891-de09ec8d0fbe" testId="e30731ec-43c6-5ac1-37df-96bb816e2e6e" testName="FullyQualifiedNamePopulatedForFrameworkTypes(System.Collections.Generic.IList`1[System.Int32])" computerName="pkrvmfkh1xnbeme" duration="00:00:00.0001570" startTime="2025-07-09T18:53:46.9125875+00:00" endTime="2025-07-09T18:53:46.9127442+00:00" testType="13cdc9d9-ddb5-4fa4-a97d-d965ccfc6d4b" outcome="Passed" testListId="8c84fa94-04c1-424b-9868-57a2d4851a1d" relativeResultsDirectory="eced473a-81a1-48b7-8891-de09ec8d0fbe" />
    <UnitTestResult executionId="59cff11e-7015-45f9-8b43-a8a0a44566d3" testId="ce33973f-1182-a17f-313c-67aea25866dc" testName="TypeModifiersTest(Public, Class, Abstract)" computerName="pkrvmfkh1xnbeme" duration="00:00:00.0000810" startTime="2025-07-09T18:53:53.0194347+00:00" endTime="2025-07-09T18:53:53.0195151+00:00" testType="13cdc9d9-ddb5-4fa4-a97d-d965ccfc6d4b" outcome="Passed" testListId="8c84fa94-04c1-424b-9868-57a2d4851a1d" relativeResultsDirectory="59cff11e-7015-45f9-8b43-a8a0a44566d3" />
    <UnitTestResult executionId="c659ef89-cde7-4f19-8183-752d60b7b121" testId="b3824d22-3e00-1c68-500f-810bf79cb1ce" testName="ListExpression(System.String)" computerName="pkrvmfkh1xnbeme" duration="00:00:00.0001510" startTime="2025-07-09T18:53:46.0538197+00:00" endTime="2025-07-09T18:53:46.0539707+00:00" testType="13cdc9d9-ddb5-4fa4-a97d-d965ccfc6d4b" outcome="Passed" testListId="8c84fa94-04c1-424b-9868-57a2d4851a1d" relativeResultsDirectory="c659ef89-cde7-4f19-8183-752d60b7b121" />
    <UnitTestResult executionId="86a5fbf4-5b16-41c1-9aeb-2667ad2b2410" testId="2b4ddf01-34e6-feac-bd63-f83f794c26c5" testName="ValidatePropertyTypes(System.ReadOnlyMemory`1[System.Object])" computerName="pkrvmfkh1xnbeme" duration="00:00:00.0083850" startTime="2025-07-09T18:53:52.1953103+00:00" endTime="2025-07-09T18:53:52.2036953+00:00" testType="13cdc9d9-ddb5-4fa4-a97d-d965ccfc6d4b" outcome="Passed" testListId="8c84fa94-04c1-424b-9868-57a2d4851a1d" relativeResultsDirectory="86a5fbf4-5b16-41c1-9aeb-2667ad2b2410" />
    <UnitTestResult executionId="da29bb04-f2a3-4a1b-9b94-af8973457742" testId="403c4e51-5e40-a145-92da-61e89f4ace2f" testName="CanAddVisitors" computerName="pkrvmfkh1xnbeme" duration="00:00:00.0003910" startTime="2025-07-09T18:53:46.6387374+00:00" endTime="2025-07-09T18:53:46.6391284+00:00" testType="13cdc9d9-ddb5-4fa4-a97d-d965ccfc6d4b" outcome="Passed" testListId="8c84fa94-04c1-424b-9868-57a2d4851a1d" relativeResultsDirectory="da29bb04-f2a3-4a1b-9b94-af8973457742" />
    <UnitTestResult executionId="198fde1c-56da-462f-9309-3f45bc332530" testId="d4fb8fd2-b16e-7d60-d77f-0dd20fb6de20" testName="BaseShouldReturnUnknownVariant" computerName="pkrvmfkh1xnbeme" duration="00:00:00.0020420" startTime="2025-07-09T18:53:47.2889059+00:00" endTime="2025-07-09T18:53:47.2909473+00:00" testType="13cdc9d9-ddb5-4fa4-a97d-d965ccfc6d4b" outcome="Passed" testListId="8c84fa94-04c1-424b-9868-57a2d4851a1d" relativeResultsDirectory="198fde1c-56da-462f-9309-3f45bc332530" />
    <UnitTestResult executionId="c007af53-4252-44f7-b593-1fa97a74d1ae" testId="08762cc6-38cc-e74a-881a-ce9c51c386ad" testName="PluginAddsVisitorToGenerator" computerName="pkrvmfkh1xnbeme" duration="00:00:00.0022800" startTime="2025-07-09T18:53:46.6363087+00:00" endTime="2025-07-09T18:53:46.6385888+00:00" testType="13cdc9d9-ddb5-4fa4-a97d-d965ccfc6d4b" outcome="Passed" testListId="8c84fa94-04c1-424b-9868-57a2d4851a1d" relativeResultsDirectory="c007af53-4252-44f7-b593-1fa97a74d1ae" />
    <UnitTestResult executionId="c717ff2a-8d81-44f5-b862-cfcb1701b69c" testId="dd29f2c4-275d-da53-83a7-e4d640caf277" testName="UnknownVariantHasPetBase" computerName="pkrvmfkh1xnbeme" duration="00:00:00.0014960" startTime="2025-07-09T18:53:49.3696852+00:00" endTime="2025-07-09T18:53:49.3711806+00:00" testType="13cdc9d9-ddb5-4fa4-a97d-d965ccfc6d4b" outcome="Passed" testListId="8c84fa94-04c1-424b-9868-57a2d4851a1d" relativeResultsDirectory="c717ff2a-8d81-44f5-b862-cfcb1701b69c" />
    <UnitTestResult executionId="5a2b5229-f8ae-4156-b4e4-12c4fce6b303" testId="f36e613e-8af1-7694-fe1e-c337099c7740" testName="ContainsWorks" computerName="pkrvmfkh1xnbeme" duration="00:00:00.0002740" startTime="2025-07-09T18:53:47.0545356+00:00" endTime="2025-07-09T18:53:47.0548099+00:00" testType="13cdc9d9-ddb5-4fa4-a97d-d965ccfc6d4b" outcome="Passed" testListId="8c84fa94-04c1-424b-9868-57a2d4851a1d" relativeResultsDirectory="5a2b5229-f8ae-4156-b4e4-12c4fce6b303" />
    <UnitTestResult executionId="01ce2c72-a525-40fa-8fba-f119c72382ba" testId="d2d663b7-a77a-22d6-7ecf-d2dffc892def" testName="BuildEnumType_ValidateFloatBasedFixedEnum()" computerName="pkrvmfkh1xnbeme" duration="00:00:00.0019630" startTime="2025-07-09T18:53:47.2454644+00:00" endTime="2025-07-09T18:53:47.2474268+00:00" testType="13cdc9d9-ddb5-4fa4-a97d-d965ccfc6d4b" outcome="Passed" testListId="8c84fa94-04c1-424b-9868-57a2d4851a1d" relativeResultsDirectory="01ce2c72-a525-40fa-8fba-f119c72382ba" />
    <UnitTestResult executionId="cdf534dc-5b48-4225-8d35-36506faddaa3" testId="7cd79aa4-0dcd-4ce3-d03a-09f624e3af36" testName="TypesAreNotEqual(System.Int32,System.Collections.Generic.IList`1[System.Int32])" computerName="pkrvmfkh1xnbeme" duration="00:00:00.0002590" startTime="2025-07-09T18:53:46.9597473+00:00" endTime="2025-07-09T18:53:46.9600063+00:00" testType="13cdc9d9-ddb5-4fa4-a97d-d965ccfc6d4b" outcome="Passed" testListId="8c84fa94-04c1-424b-9868-57a2d4851a1d" relativeResultsDirectory="cdf534dc-5b48-4225-8d35-36506faddaa3" />
    <UnitTestResult executionId="58e23a13-7e88-4785-9d44-159c0bce342f" testId="15d88251-7ed4-f222-62c6-38a94c9ed088" testName="TestWriteValueExpression_DefaultCollectionInitializerExpression(&quot;foo&quot;,&quot;{ \&quot;foo\&quot; }&quot;)" computerName="pkrvmfkh1xnbeme" duration="00:00:00.0007410" startTime="2025-07-09T18:53:52.9943924+00:00" endTime="2025-07-09T18:53:52.9951330+00:00" testType="13cdc9d9-ddb5-4fa4-a97d-d965ccfc6d4b" outcome="Passed" testListId="8c84fa94-04c1-424b-9868-57a2d4851a1d" relativeResultsDirectory="58e23a13-7e88-4785-9d44-159c0bce342f" />
    <UnitTestResult executionId="034673cf-51f0-4334-9ce3-d5372b5c0725" testId="f488b9a4-b789-7988-0526-71e40f53c221" testName="TestIsCSharpKeyword(&quot;break&quot;,True)" computerName="pkrvmfkh1xnbeme" duration="00:00:00.0003260" startTime="2025-07-09T18:53:52.9201855+00:00" endTime="2025-07-09T18:53:52.9205114+00:00" testType="13cdc9d9-ddb5-4fa4-a97d-d965ccfc6d4b" outcome="Passed" testListId="8c84fa94-04c1-424b-9868-57a2d4851a1d" relativeResultsDirectory="034673cf-51f0-4334-9ce3-d5372b5c0725" />
    <UnitTestResult executionId="7d75bfd7-72c6-4ceb-9e98-b777261adb5e" testId="334b38bd-8b63-9fa0-f809-425ea283cd1c" testName="ReadOperationsDoNotChange" computerName="pkrvmfkh1xnbeme" duration="00:00:00.0020660" startTime="2025-07-09T18:53:47.0496746+00:00" endTime="2025-07-09T18:53:47.0517401+00:00" testType="13cdc9d9-ddb5-4fa4-a97d-d965ccfc6d4b" outcome="Passed" testListId="8c84fa94-04c1-424b-9868-57a2d4851a1d" relativeResultsDirectory="7d75bfd7-72c6-4ceb-9e98-b777261adb5e" />
    <UnitTestResult executionId="b80b1beb-3620-4f0f-8038-552d1addb329" testId="dbd204dc-e937-d695-c501-20aa7fe433ee" testName="SharedSourceFilesAreReduced" computerName="pkrvmfkh1xnbeme" duration="00:00:00.0838490" startTime="2025-07-09T18:53:46.8176365+00:00" endTime="2025-07-09T18:53:46.9014855+00:00" testType="13cdc9d9-ddb5-4fa4-a97d-d965ccfc6d4b" outcome="Passed" testListId="8c84fa94-04c1-424b-9868-57a2d4851a1d" relativeResultsDirectory="b80b1beb-3620-4f0f-8038-552d1addb329" />
    <UnitTestResult executionId="6c6eba50-b8d4-4c70-bde9-d0a1acfd2c7c" testId="d9d96d9d-71ec-3a93-82a5-e837f1654d0f" testName="DictionaryExpression(System.Collections.Generic.IList`1[System.Int32],System.Collections.Generic.IList`1[T])" computerName="pkrvmfkh1xnbeme" duration="00:00:00.0003210" startTime="2025-07-09T18:53:46.0355032+00:00" endTime="2025-07-09T18:53:46.0358238+00:00" testType="13cdc9d9-ddb5-4fa4-a97d-d965ccfc6d4b" outcome="Passed" testListId="8c84fa94-04c1-424b-9868-57a2d4851a1d" relativeResultsDirectory="6c6eba50-b8d4-4c70-bde9-d0a1acfd2c7c" />
    <UnitTestResult executionId="44d4f057-fe44-47b7-b44d-3d7b7458bad2" testId="8f58d932-596f-8a50-3cdc-61d496c37322" testName="NoExtensionMethods" computerName="pkrvmfkh1xnbeme" duration="00:00:00.0002070" startTime="2025-07-09T18:53:52.9926826+00:00" endTime="2025-07-09T18:53:52.9928890+00:00" testType="13cdc9d9-ddb5-4fa4-a97d-d965ccfc6d4b" outcome="Passed" testListId="8c84fa94-04c1-424b-9868-57a2d4851a1d" relativeResultsDirectory="44d4f057-fe44-47b7-b44d-3d7b7458bad2" />
    <UnitTestResult executionId="4acd4a4c-d546-45c7-ae39-9012a5e7f543" testId="aebbc01e-bae2-2ac6-3cb2-b6b2aee8eb37" testName="TestIsCSharpKeyword(&quot;private&quot;,True)" computerName="pkrvmfkh1xnbeme" duration="00:00:00.0003050" startTime="2025-07-09T18:53:52.9639760+00:00" endTime="2025-07-09T18:53:52.9642805+00:00" testType="13cdc9d9-ddb5-4fa4-a97d-d965ccfc6d4b" outcome="Passed" testListId="8c84fa94-04c1-424b-9868-57a2d4851a1d" relativeResultsDirectory="4acd4a4c-d546-45c7-ae39-9012a5e7f543" />
    <UnitTestResult executionId="0fba74cb-3eb5-4cf3-81ce-26efb02fad8f" testId="6a240a6a-f74d-5b42-c5f5-258ba3c705b6" testName="TypesAreNotEqual(System.Collections.Generic.IList`1[T],System.Int32)" computerName="pkrvmfkh1xnbeme" duration="00:00:00.0002910" startTime="2025-07-09T18:53:46.9594446+00:00" endTime="2025-07-09T18:53:46.9597360+00:00" testType="13cdc9d9-ddb5-4fa4-a97d-d965ccfc6d4b" outcome="Passed" testListId="8c84fa94-04c1-424b-9868-57a2d4851a1d" relativeResultsDirectory="0fba74cb-3eb5-4cf3-81ce-26efb02fad8f" />
    <UnitTestResult executionId="8d2f7c6d-06a8-4fae-9e4d-a491f1d8fd9c" testId="346c6662-0edd-cc36-ad4f-90e5d7ae9dff" testName="TypesAreNotEqualWhenNullabilityIsDifferent(System.Int32)" computerName="pkrvmfkh1xnbeme" duration="00:00:00.0004050" startTime="2025-07-09T18:53:46.9635672+00:00" endTime="2025-07-09T18:53:46.9639723+00:00" testType="13cdc9d9-ddb5-4fa4-a97d-d965ccfc6d4b" outcome="Passed" testListId="8c84fa94-04c1-424b-9868-57a2d4851a1d" relativeResultsDirectory="8d2f7c6d-06a8-4fae-9e4d-a491f1d8fd9c" />
    <UnitTestResult executionId="45f0ae04-aa5f-4bd0-9eac-a79ed59251c9" testId="78071e57-0f3f-0eb8-0f70-0a63091fc8ea" testName="CorrectlyHandlesCurlyBraces" computerName="pkrvmfkh1xnbeme" duration="00:00:00.0002550" startTime="2025-07-09T18:53:53.0116435+00:00" endTime="2025-07-09T18:53:53.0118988+00:00" testType="13cdc9d9-ddb5-4fa4-a97d-d965ccfc6d4b" outcome="Passed" testListId="8c84fa94-04c1-424b-9868-57a2d4851a1d" relativeResultsDirectory="45f0ae04-aa5f-4bd0-9eac-a79ed59251c9" />
    <UnitTestResult executionId="899cb0d8-b13b-4818-97b8-c1792a22316a" testId="5e32974e-efed-22fb-edf9-d7bb324b61c3" testName="IsDictionary(System.Int32,False)" computerName="pkrvmfkh1xnbeme" duration="00:00:00.0002400" startTime="2025-07-09T18:53:46.9391795+00:00" endTime="2025-07-09T18:53:46.9394188+00:00" testType="13cdc9d9-ddb5-4fa4-a97d-d965ccfc6d4b" outcome="Passed" testListId="8c84fa94-04c1-424b-9868-57a2d4851a1d" relativeResultsDirectory="899cb0d8-b13b-4818-97b8-c1792a22316a" />
    <UnitTestResult executionId="5b89494e-4df8-476a-8281-31a63a4d5188" testId="2bca310c-6c4d-019b-2536-3cb3e435465c" testName="IsList(System.Collections.Generic.IReadOnlyCollection`1[T],False)" computerName="pkrvmfkh1xnbeme" duration="00:00:00.0001080" startTime="2025-07-09T18:53:46.9409747+00:00" endTime="2025-07-09T18:53:46.9410824+00:00" testType="13cdc9d9-ddb5-4fa4-a97d-d965ccfc6d4b" outcome="Passed" testListId="8c84fa94-04c1-424b-9868-57a2d4851a1d" relativeResultsDirectory="5b89494e-4df8-476a-8281-31a63a4d5188" />
    <UnitTestResult executionId="571c8b58-f944-4d72-94da-ffc9e910ab9e" testId="6d095f19-6ce0-f4cf-fdb2-2e457561105a" testName="CanInsertElement" computerName="pkrvmfkh1xnbeme" duration="00:00:00.0002780" startTime="2025-07-09T18:53:47.0539130+00:00" endTime="2025-07-09T18:53:47.0541906+00:00" testType="13cdc9d9-ddb5-4fa4-a97d-d965ccfc6d4b" outcome="Passed" testListId="8c84fa94-04c1-424b-9868-57a2d4851a1d" relativeResultsDirectory="571c8b58-f944-4d72-94da-ffc9e910ab9e" />
    <UnitTestResult executionId="8764401c-5318-43e3-b3f7-d71ef54668a5" testId="4fa59de3-16ee-f63a-90dc-e1083c762eaf" testName="ValidatePropertyTypes(System.String)" computerName="pkrvmfkh1xnbeme" duration="00:00:00.0089820" startTime="2025-07-09T18:53:52.1066300+00:00" endTime="2025-07-09T18:53:52.1156118+00:00" testType="13cdc9d9-ddb5-4fa4-a97d-d965ccfc6d4b" outcome="Passed" testListId="8c84fa94-04c1-424b-9868-57a2d4851a1d" relativeResultsDirectory="8764401c-5318-43e3-b3f7-d71ef54668a5" />
    <UnitTestResult executionId="491061ae-c386-4283-b572-611fe2ae708d" testId="a5600f2d-e677-9440-1ef3-65c53524b73d" testName="OmitsModelFactoryMethodIfParamTypeInternal" computerName="pkrvmfkh1xnbeme" duration="00:00:00.1134190" startTime="2025-07-09T18:53:48.2136210+00:00" endTime="2025-07-09T18:53:48.3270397+00:00" testType="13cdc9d9-ddb5-4fa4-a97d-d965ccfc6d4b" outcome="Passed" testListId="8c84fa94-04c1-424b-9868-57a2d4851a1d" relativeResultsDirectory="491061ae-c386-4283-b572-611fe2ae708d" />
    <UnitTestResult executionId="379fad38-da26-4241-beee-6734586c90cc" testId="ac825821-a39a-af30-c00b-9869f405d2fa" testName="InvalidDocComment" computerName="pkrvmfkh1xnbeme" duration="00:00:00.0003570" startTime="2025-07-09T18:53:52.8342560+00:00" endTime="2025-07-09T18:53:52.8346131+00:00" testType="13cdc9d9-ddb5-4fa4-a97d-d965ccfc6d4b" outcome="Passed" testListId="8c84fa94-04c1-424b-9868-57a2d4851a1d" relativeResultsDirectory="379fad38-da26-4241-beee-6734586c90cc" />
    <UnitTestResult executionId="9890207c-94e8-47a3-ba69-203dbcbff9b1" testId="cbadf323-978d-feac-6b8c-ad70a7d953f8" testName="CatchStatementWithEmptyBody" computerName="pkrvmfkh1xnbeme" duration="00:00:00.0004310" startTime="2025-07-09T18:53:52.7986479+00:00" endTime="2025-07-09T18:53:52.7990792+00:00" testType="13cdc9d9-ddb5-4fa4-a97d-d965ccfc6d4b" outcome="Passed" testListId="8c84fa94-04c1-424b-9868-57a2d4851a1d" relativeResultsDirectory="9890207c-94e8-47a3-ba69-203dbcbff9b1" />
    <UnitTestResult executionId="461e914e-784a-452c-88d7-2e8e1c4e6e51" testId="ebcd8270-e8ae-26ec-794a-535c952bff35" testName="TypesAreNotEqualWhenNullabilityIsDifferent(System.Collections.Generic.IDictionary`2[System.Nullable`1[System.Int32],System.String])" computerName="pkrvmfkh1xnbeme" duration="00:00:00.0002509" startTime="2025-07-09T18:53:46.9659894+00:00" endTime="2025-07-09T18:53:46.9662399+00:00" testType="13cdc9d9-ddb5-4fa4-a97d-d965ccfc6d4b" outcome="Passed" testListId="8c84fa94-04c1-424b-9868-57a2d4851a1d" relativeResultsDirectory="461e914e-784a-452c-88d7-2e8e1c4e6e51" />
    <UnitTestResult executionId="b8c778e4-4458-421d-a82d-d97a59308cba" testId="46dcdbc3-9a94-118d-ee9e-54f4a5b4a315" testName="TestBuildProperties_ValidatePropertySetters(Microsoft.TypeSpec.Generator.Input.InputModelProperty,string,True)" computerName="pkrvmfkh1xnbeme" duration="00:00:00.0010860" startTime="2025-07-09T18:53:51.8382918+00:00" endTime="2025-07-09T18:53:51.8393776+00:00" testType="13cdc9d9-ddb5-4fa4-a97d-d965ccfc6d4b" outcome="Passed" testListId="8c84fa94-04c1-424b-9868-57a2d4851a1d" relativeResultsDirectory="b8c778e4-4458-421d-a82d-d97a59308cba" />
    <UnitTestResult executionId="d5644c57-f117-4cd7-b595-1a7065c297c4" testId="1bd1468e-4b03-99f3-870a-93d26181d5f7" testName="SystemTypeOperatorTestEqual(System.Collections.Generic.IDictionary`2[System.Collections.Generic.IDictionary`2[System.Int32,System.String],System.Collections.Generic.IDictionary`2[System.String,System.Int32]])" computerName="pkrvmfkh1xnbeme" duration="00:00:00.0001299" startTime="2025-07-09T18:53:46.0798198+00:00" endTime="2025-07-09T18:53:46.0799501+00:00" testType="13cdc9d9-ddb5-4fa4-a97d-d965ccfc6d4b" outcome="Passed" testListId="8c84fa94-04c1-424b-9868-57a2d4851a1d" relativeResultsDirectory="d5644c57-f117-4cd7-b595-1a7065c297c4" />
    <UnitTestResult executionId="903b0135-b3a8-4234-9e00-00e7288f5b7f" testId="ea5ab445-ca0a-35eb-ec63-41856a96f8e9" testName="DictionaryExpression(System.Int32,System.Collections.Generic.IList`1[T])" computerName="pkrvmfkh1xnbeme" duration="00:00:00.0010470" startTime="2025-07-09T18:53:46.0330155+00:00" endTime="2025-07-09T18:53:46.0340623+00:00" testType="13cdc9d9-ddb5-4fa4-a97d-d965ccfc6d4b" outcome="Passed" testListId="8c84fa94-04c1-424b-9868-57a2d4851a1d" relativeResultsDirectory="903b0135-b3a8-4234-9e00-00e7288f5b7f" />
    <UnitTestResult executionId="1985a1c9-f7bd-4a32-82ab-c244088a597c" testId="a65e734d-45c8-d2d9-06b2-e2f5db3a88c6" testName="KeyValuePairExpression(System.Int32,System.Collections.Generic.IList`1[T])" computerName="pkrvmfkh1xnbeme" duration="00:00:00.0005689" startTime="2025-07-09T18:53:46.0461188+00:00" endTime="2025-07-09T18:53:46.0466879+00:00" testType="13cdc9d9-ddb5-4fa4-a97d-d965ccfc6d4b" outcome="Passed" testListId="8c84fa94-04c1-424b-9868-57a2d4851a1d" relativeResultsDirectory="1985a1c9-f7bd-4a32-82ab-c244088a597c" />
    <UnitTestResult executionId="a0a4e10d-5643-4328-b696-838e43ec92fc" testId="4eca8843-35a3-b741-8711-c5436301e264" testName="FullyQualifiedNamePopulatedForTypeProviders" computerName="pkrvmfkh1xnbeme" duration="00:00:00.0001930" startTime="2025-07-09T18:53:46.9135043+00:00" endTime="2025-07-09T18:53:46.9136971+00:00" testType="13cdc9d9-ddb5-4fa4-a97d-d965ccfc6d4b" outcome="Passed" testListId="8c84fa94-04c1-424b-9868-57a2d4851a1d" relativeResultsDirectory="a0a4e10d-5643-4328-b696-838e43ec92fc" />
    <UnitTestResult executionId="ec7a9578-71a2-40dd-93e5-67f1bd7e824f" testId="b73775d0-ec90-51db-86a9-2842703c350a" testName="NotEqualToFrameworkType(System.Collections.Generic.IDictionary`2[System.Int32,System.String],System.Collections.Generic.Dictionary`2[System.Int32,System.String])" computerName="pkrvmfkh1xnbeme" duration="00:00:00.0002300" startTime="2025-07-09T18:53:46.9494224+00:00" endTime="2025-07-09T18:53:46.9496522+00:00" testType="13cdc9d9-ddb5-4fa4-a97d-d965ccfc6d4b" outcome="Passed" testListId="8c84fa94-04c1-424b-9868-57a2d4851a1d" relativeResultsDirectory="ec7a9578-71a2-40dd-93e5-67f1bd7e824f" />
    <UnitTestResult executionId="659fb03e-a48e-4b0a-8b45-5e6a98a8fb61" testId="4c30c1c1-0b1a-add3-c6f0-ac02c548707d" testName="TestAttributes" computerName="pkrvmfkh1xnbeme" duration="00:00:00.0010850" startTime="2025-07-09T18:53:47.2573106+00:00" endTime="2025-07-09T18:53:47.2583956+00:00" testType="13cdc9d9-ddb5-4fa4-a97d-d965ccfc6d4b" outcome="Passed" testListId="8c84fa94-04c1-424b-9868-57a2d4851a1d" relativeResultsDirectory="659fb03e-a48e-4b0a-8b45-5e6a98a8fb61" />
    <UnitTestResult executionId="c0059eda-7630-46be-ba62-19f7ced4d3c1" testId="393a5d92-f61b-33c1-f6ef-562b28684423" testName="ValidateCSharpType" computerName="pkrvmfkh1xnbeme" duration="00:00:00.0002470" startTime="2025-07-09T18:53:51.9585031+00:00" endTime="2025-07-09T18:53:51.9587497+00:00" testType="13cdc9d9-ddb5-4fa4-a97d-d965ccfc6d4b" outcome="Passed" testListId="8c84fa94-04c1-424b-9868-57a2d4851a1d" relativeResultsDirectory="c0059eda-7630-46be-ba62-19f7ced4d3c1" />
    <UnitTestResult executionId="561a360b-4785-4839-9c8f-7e5204579182" testId="0e103695-05d1-7061-85b7-e9b693599e18" testName="ValidatePropertyTypes(System.Collections.Generic.IDictionary`2[System.String,Microsoft.TypeSpec.Generator.Tests.Providers.NamedTypeSymbolProviders.NamedTypeSymbolProviderTests+SomeEnum])" computerName="pkrvmfkh1xnbeme" duration="00:00:00.0197810" startTime="2025-07-09T18:53:52.2723382+00:00" endTime="2025-07-09T18:53:52.2921194+00:00" testType="13cdc9d9-ddb5-4fa4-a97d-d965ccfc6d4b" outcome="Passed" testListId="8c84fa94-04c1-424b-9868-57a2d4851a1d" relativeResultsDirectory="561a360b-4785-4839-9c8f-7e5204579182" />
    <UnitTestResult executionId="7e8cf253-4cc8-442d-bcc1-09c711a0025b" testId="aba21fba-3a83-b83e-3067-7a92c86f8cc1" testName="IntSerializationFormat(UInt8,&quot;string&quot;)" computerName="pkrvmfkh1xnbeme" duration="00:00:00.0004650" startTime="2025-07-09T18:53:52.8484050+00:00" endTime="2025-07-09T18:53:52.8488696+00:00" testType="13cdc9d9-ddb5-4fa4-a97d-d965ccfc6d4b" outcome="Passed" testListId="8c84fa94-04c1-424b-9868-57a2d4851a1d" relativeResultsDirectory="7e8cf253-4cc8-442d-bcc1-09c711a0025b" />
    <UnitTestResult executionId="ad998440-e551-460e-8bad-5cf5eceb7d28" testId="87fb9c2d-22c3-717c-a03f-71d69a0c9974" testName="TestDownloadAndInstallPackage(False)" computerName="pkrvmfkh1xnbeme" duration="00:00:00.0044430" startTime="2025-07-09T18:53:52.9066498+00:00" endTime="2025-07-09T18:53:52.9110925+00:00" testType="13cdc9d9-ddb5-4fa4-a97d-d965ccfc6d4b" outcome="Passed" testListId="8c84fa94-04c1-424b-9868-57a2d4851a1d" relativeResultsDirectory="ad998440-e551-460e-8bad-5cf5eceb7d28" />
    <UnitTestResult executionId="a0ebb8bb-ca11-4289-97b9-e8da16ab391e" testId="5614474b-bec0-bc74-791b-2bf41ef06cf6" testName="ReadOperationsDoNotChange" computerName="pkrvmfkh1xnbeme" duration="00:00:00.0012430" startTime="2025-07-09T18:53:47.0548351+00:00" endTime="2025-07-09T18:53:47.0560779+00:00" testType="13cdc9d9-ddb5-4fa4-a97d-d965ccfc6d4b" outcome="Passed" testListId="8c84fa94-04c1-424b-9868-57a2d4851a1d" relativeResultsDirectory="a0ebb8bb-ca11-4289-97b9-e8da16ab391e" />
    <UnitTestResult executionId="7612f37d-a38e-477e-8e38-f18d1093a551" testId="550966a6-bbcc-4995-d41a-ce48c1a7afe5" testName="CanChangeAccessibilityOfModelFactory" computerName="pkrvmfkh1xnbeme" duration="00:00:00.2294590" startTime="2025-07-09T18:53:47.2950563+00:00" endTime="2025-07-09T18:53:47.5245150+00:00" testType="13cdc9d9-ddb5-4fa4-a97d-d965ccfc6d4b" outcome="Passed" testListId="8c84fa94-04c1-424b-9868-57a2d4851a1d" relativeResultsDirectory="7612f37d-a38e-477e-8e38-f18d1093a551" />
    <UnitTestResult executionId="150c688d-bd21-4ec6-a500-f3e01e8496fc" testId="05ca333e-1e37-fa77-0589-78d191bd21f4" testName="DerivedUsesExpressionBodyPropertyWhenNarrowed" computerName="pkrvmfkh1xnbeme" duration="00:00:00.0014270" startTime="2025-07-09T18:53:51.7870517+00:00" endTime="2025-07-09T18:53:51.7884789+00:00" testType="13cdc9d9-ddb5-4fa4-a97d-d965ccfc6d4b" outcome="Passed" testListId="8c84fa94-04c1-424b-9868-57a2d4851a1d" relativeResultsDirectory="150c688d-bd21-4ec6-a500-f3e01e8496fc" />
    <UnitTestResult executionId="8c95e65b-de7b-41fb-ba4c-d0945bb635dd" testId="e6141757-1949-33fd-9164-ebe2f3c18056" testName="AssignmentExpression" computerName="pkrvmfkh1xnbeme" duration="00:00:00.0005780" startTime="2025-07-09T18:53:45.9889878+00:00" endTime="2025-07-09T18:53:45.9895660+00:00" testType="13cdc9d9-ddb5-4fa4-a97d-d965ccfc6d4b" outcome="Passed" testListId="8c84fa94-04c1-424b-9868-57a2d4851a1d" relativeResultsDirectory="8c95e65b-de7b-41fb-ba4c-d0945bb635dd" />
    <UnitTestResult executionId="dc49a9fa-85b2-46b4-99f0-14b6311ed238" testId="316695fe-fe44-56ff-a574-62c66c41d5dc" testName="DoesNotVisitFieldsWhenTypeIsNulledOut" computerName="pkrvmfkh1xnbeme" duration="00:00:00.0046190" startTime="2025-07-09T18:53:46.7398679+00:00" endTime="2025-07-09T18:53:46.7444872+00:00" testType="13cdc9d9-ddb5-4fa4-a97d-d965ccfc6d4b" outcome="Passed" testListId="8c84fa94-04c1-424b-9868-57a2d4851a1d" relativeResultsDirectory="dc49a9fa-85b2-46b4-99f0-14b6311ed238" />
    <UnitTestResult executionId="4b4af861-6732-426f-a44d-dfb5de842208" testId="b8963b3f-1c89-3a1b-21d2-4e3e800c4852" testName="CanUpdateFieldProvider" computerName="pkrvmfkh1xnbeme" duration="00:00:00.0017830" startTime="2025-07-09T18:53:47.2555022+00:00" endTime="2025-07-09T18:53:47.2572851+00:00" testType="13cdc9d9-ddb5-4fa4-a97d-d965ccfc6d4b" outcome="Passed" testListId="8c84fa94-04c1-424b-9868-57a2d4851a1d" relativeResultsDirectory="4b4af861-6732-426f-a44d-dfb5de842208" />
    <UnitTestResult executionId="10945161-ee82-4bd7-acaf-6da925691b55" testId="082f8576-8f23-5f24-78f5-9d571f45ba9a" testName="TestBuildFields(True,True)" computerName="pkrvmfkh1xnbeme" duration="00:00:00.0018300" startTime="2025-07-09T18:53:51.8221395+00:00" endTime="2025-07-09T18:53:51.8239696+00:00" testType="13cdc9d9-ddb5-4fa4-a97d-d965ccfc6d4b" outcome="Passed" testListId="8c84fa94-04c1-424b-9868-57a2d4851a1d" relativeResultsDirectory="10945161-ee82-4bd7-acaf-6da925691b55" />
    <UnitTestResult executionId="3e6f87fa-9187-4bb2-9c1e-eca136418051" testId="114346b0-fd0c-f14f-c636-286c8a30704e" testName="TestArrayInitializerExpression" computerName="pkrvmfkh1xnbeme" duration="00:00:00.0134130" startTime="2025-07-09T18:53:45.9908050+00:00" endTime="2025-07-09T18:53:46.0042177+00:00" testType="13cdc9d9-ddb5-4fa4-a97d-d965ccfc6d4b" outcome="Passed" testListId="8c84fa94-04c1-424b-9868-57a2d4851a1d" relativeResultsDirectory="3e6f87fa-9187-4bb2-9c1e-eca136418051" />
    <UnitTestResult executionId="8507b6d0-6f30-43f1-951d-a588aaf7040e" testId="40740957-aa3a-aa1e-7f4d-0c7e04db2fce" testName="ValidatePropertyTypes(System.BinaryData)" computerName="pkrvmfkh1xnbeme" duration="00:00:00.0073870" startTime="2025-07-09T18:53:52.2483347+00:00" endTime="2025-07-09T18:53:52.2557216+00:00" testType="13cdc9d9-ddb5-4fa4-a97d-d965ccfc6d4b" outcome="Passed" testListId="8c84fa94-04c1-424b-9868-57a2d4851a1d" relativeResultsDirectory="8507b6d0-6f30-43f1-951d-a588aaf7040e" />
    <UnitTestResult executionId="2ec25474-7547-4e8e-b478-d52cf0484660" testId="6bf34791-b2a0-872b-bf4c-b106d34dc5b0" testName="Equals(Microsoft.TypeSpec.Generator.Providers.ParameterProvider,null,False)" computerName="pkrvmfkh1xnbeme" duration="00:00:00.0002100" startTime="2025-07-09T18:53:52.3907701+00:00" endTime="2025-07-09T18:53:52.3909800+00:00" testType="13cdc9d9-ddb5-4fa4-a97d-d965ccfc6d4b" outcome="Passed" testListId="8c84fa94-04c1-424b-9868-57a2d4851a1d" relativeResultsDirectory="2ec25474-7547-4e8e-b478-d52cf0484660" />
    <UnitTestResult executionId="165df989-7aab-4917-a6fa-2938abc15352" testId="8a73d751-7991-d109-adb1-43f8de641f5f" testName="TestParseVersionString(&quot;invalid&quot;,null,null,True)" computerName="pkrvmfkh1xnbeme" duration="00:00:00.0010910" startTime="2025-07-09T18:53:52.9147806+00:00" endTime="2025-07-09T18:53:52.9158709+00:00" testType="13cdc9d9-ddb5-4fa4-a97d-d965ccfc6d4b" outcome="Passed" testListId="8c84fa94-04c1-424b-9868-57a2d4851a1d" relativeResultsDirectory="165df989-7aab-4917-a6fa-2938abc15352" />
    <UnitTestResult executionId="d60f420b-4d06-4293-9e4b-dae05d0c4827" testId="9c3a772f-df25-e699-a77f-57ce06730355" testName="TestToApiVersionValueWithCustomSeparator(&quot;V1_0_0&quot;,&quot;.&quot;,&quot;1.0.0&quot;)" computerName="pkrvmfkh1xnbeme" duration="00:00:00.0001680" startTime="2025-07-09T18:53:52.9809392+00:00" endTime="2025-07-09T18:53:52.9811065+00:00" testType="13cdc9d9-ddb5-4fa4-a97d-d965ccfc6d4b" outcome="Passed" testListId="8c84fa94-04c1-424b-9868-57a2d4851a1d" relativeResultsDirectory="d60f420b-4d06-4293-9e4b-dae05d0c4827" />
    <UnitTestResult executionId="fadf5e78-4bd0-4017-a20d-2caae576e7a6" testId="1d94f4ee-e18a-f6a6-0d4e-d94116d380e6" testName="TestBreakLines_OneArgOnly" computerName="pkrvmfkh1xnbeme" duration="00:00:00.0000630" startTime="2025-07-09T18:53:52.8561595+00:00" endTime="2025-07-09T18:53:52.8562229+00:00" testType="13cdc9d9-ddb5-4fa4-a97d-d965ccfc6d4b" outcome="Passed" testListId="8c84fa94-04c1-424b-9868-57a2d4851a1d" relativeResultsDirectory="fadf5e78-4bd0-4017-a20d-2caae576e7a6" />
    <UnitTestResult executionId="c0e72014-fc0b-4f86-8536-b3973b639e72" testId="6afd2284-a12c-4b44-ec89-155ada5d0ac1" testName="IntSerializationFormat(UInt32,&quot;string&quot;)" computerName="pkrvmfkh1xnbeme" duration="00:00:00.0004670" startTime="2025-07-09T18:53:52.8505129+00:00" endTime="2025-07-09T18:53:52.8509794+00:00" testType="13cdc9d9-ddb5-4fa4-a97d-d965ccfc6d4b" outcome="Passed" testListId="8c84fa94-04c1-424b-9868-57a2d4851a1d" relativeResultsDirectory="c0e72014-fc0b-4f86-8536-b3973b639e72" />
    <UnitTestResult executionId="0b54a580-904d-47a1-a03c-6dccc2a02e2e" testId="82a3ffcb-4933-9ef9-47d0-727653463d86" testName="ValidateNullableTypes(Microsoft.TypeSpec.Generator.Tests.Primitives.CSharpTypeTests+TestStruct`1[System.Int32],[int],False)" computerName="pkrvmfkh1xnbeme" duration="00:00:00.0000760" startTime="2025-07-09T18:53:46.9676275+00:00" endTime="2025-07-09T18:53:46.9677037+00:00" testType="13cdc9d9-ddb5-4fa4-a97d-d965ccfc6d4b" outcome="Passed" testListId="8c84fa94-04c1-424b-9868-57a2d4851a1d" relativeResultsDirectory="0b54a580-904d-47a1-a03c-6dccc2a02e2e" />
    <UnitTestResult executionId="39d383ed-27c0-4d4e-8fdd-6bbe4f246633" testId="8b1b2bbb-0a07-9f48-24fa-4014225300ee" testName="CollectionProperty(string,Microsoft.TypeSpec.Generator.Input.InputModelProperty,string)" computerName="pkrvmfkh1xnbeme" duration="00:00:00.0006460" startTime="2025-07-09T18:53:52.4210585+00:00" endTime="2025-07-09T18:53:52.4217045+00:00" testType="13cdc9d9-ddb5-4fa4-a97d-d965ccfc6d4b" outcome="Passed" testListId="8c84fa94-04c1-424b-9868-57a2d4851a1d" relativeResultsDirectory="39d383ed-27c0-4d4e-8fdd-6bbe4f246633" />
    <UnitTestResult executionId="f1917f20-8995-424f-92f7-b0d2652396dd" testId="26d6e61d-3424-d277-97b9-45867b7105f8" testName="DuplicatePropertyHasVirtualAndOverrideKeyword" computerName="pkrvmfkh1xnbeme" duration="00:00:00.0021250" startTime="2025-07-09T18:53:51.7885090+00:00" endTime="2025-07-09T18:53:51.7906337+00:00" testType="13cdc9d9-ddb5-4fa4-a97d-d965ccfc6d4b" outcome="Passed" testListId="8c84fa94-04c1-424b-9868-57a2d4851a1d" relativeResultsDirectory="f1917f20-8995-424f-92f7-b0d2652396dd" />
    <UnitTestResult executionId="e2140b4a-ea37-410b-9763-ecdf568aff9a" testId="eb168110-7166-e8a6-2128-9f569836286f" testName="BackCompatibility_NewModelPropertyAdded" computerName="pkrvmfkh1xnbeme" duration="00:00:00.0288340" startTime="2025-07-09T18:53:48.3485432+00:00" endTime="2025-07-09T18:53:48.3773774+00:00" testType="13cdc9d9-ddb5-4fa4-a97d-d965ccfc6d4b" outcome="Passed" testListId="8c84fa94-04c1-424b-9868-57a2d4851a1d" relativeResultsDirectory="e2140b4a-ea37-410b-9763-ecdf568aff9a" />
    <UnitTestResult executionId="ca32f2a8-292d-468c-a552-f4fdc85482a2" testId="738f574b-be84-9882-b212-75f98e3d3994" testName="PropertyInitializationType_Dictionary(System.Collections.Generic.IReadOnlyDictionary`2[TKey,TValue])" computerName="pkrvmfkh1xnbeme" duration="00:00:00.0002140" startTime="2025-07-09T18:53:46.9508867+00:00" endTime="2025-07-09T18:53:46.9511003+00:00" testType="13cdc9d9-ddb5-4fa4-a97d-d965ccfc6d4b" outcome="Passed" testListId="8c84fa94-04c1-424b-9868-57a2d4851a1d" relativeResultsDirectory="ca32f2a8-292d-468c-a552-f4fdc85482a2" />
    <UnitTestResult executionId="e6806669-e76b-481b-8271-d73999343e98" testId="e58a0d93-6593-9fa6-846c-b3b312bc33fa" testName="BaseShouldHaveDiscriminatorParameter" computerName="pkrvmfkh1xnbeme" duration="00:00:00.0158720" startTime="2025-07-09T18:53:47.2730021+00:00" endTime="2025-07-09T18:53:47.2888740+00:00" testType="13cdc9d9-ddb5-4fa4-a97d-d965ccfc6d4b" outcome="Passed" testListId="8c84fa94-04c1-424b-9868-57a2d4851a1d" relativeResultsDirectory="e6806669-e76b-481b-8271-d73999343e98" />
    <UnitTestResult executionId="bea9ade8-f9fb-4179-bfd5-1d0fa0e1bc9f" testId="e383c9f1-dc66-ae8e-61d4-3c1233ef0bb2" testName="HashCodesAreNotEqual(System.Collections.Generic.IList`1[System.Int32],System.Collections.Generic.IList`1[System.String])" computerName="pkrvmfkh1xnbeme" duration="00:00:00.0002920" startTime="2025-07-09T18:53:46.9342169+00:00" endTime="2025-07-09T18:53:46.9345084+00:00" testType="13cdc9d9-ddb5-4fa4-a97d-d965ccfc6d4b" outcome="Passed" testListId="8c84fa94-04c1-424b-9868-57a2d4851a1d" relativeResultsDirectory="bea9ade8-f9fb-4179-bfd5-1d0fa0e1bc9f" />
    <UnitTestResult executionId="6ccc2b4a-b890-475e-960a-616cb60ca2d1" testId="6ac53b5c-7cd2-8f9d-1e23-a01593f44a06" testName="ValidateGetFormattableStringFormatParts(&quot;something&quot;,[Part { Value = something, IsLiteral = True, ArgumentIndex = -1 }])" computerName="pkrvmfkh1xnbeme" duration="00:00:00.0002260" startTime="2025-07-09T18:53:52.9831270+00:00" endTime="2025-07-09T18:53:52.9833526+00:00" testType="13cdc9d9-ddb5-4fa4-a97d-d965ccfc6d4b" outcome="Passed" testListId="8c84fa94-04c1-424b-9868-57a2d4851a1d" relativeResultsDirectory="6ccc2b4a-b890-475e-960a-616cb60ca2d1" />
    <UnitTestResult executionId="fe1b0278-b857-4029-a4d9-4e038ef4a5cf" testId="1d88f3ee-2148-4435-1f51-6e187f3a8f8a" testName="TestIsCSharpKeyword(&quot;equals&quot;,True)" computerName="pkrvmfkh1xnbeme" duration="00:00:00.0003480" startTime="2025-07-09T18:53:52.9272201+00:00" endTime="2025-07-09T18:53:52.9275677+00:00" testType="13cdc9d9-ddb5-4fa4-a97d-d965ccfc6d4b" outcome="Passed" testListId="8c84fa94-04c1-424b-9868-57a2d4851a1d" relativeResultsDirectory="fe1b0278-b857-4029-a4d9-4e038ef4a5cf" />
    <UnitTestResult executionId="60e62980-88cd-4232-b6bc-e6d5c4bf3b45" testId="e4533c6c-cf44-9409-0bf0-ba815e23e9b7" testName="TestIsCSharpKeyword(&quot;catch&quot;,True)" computerName="pkrvmfkh1xnbeme" duration="00:00:00.0003170" startTime="2025-07-09T18:53:52.9215470+00:00" endTime="2025-07-09T18:53:52.9218642+00:00" testType="13cdc9d9-ddb5-4fa4-a97d-d965ccfc6d4b" outcome="Passed" testListId="8c84fa94-04c1-424b-9868-57a2d4851a1d" relativeResultsDirectory="60e62980-88cd-4232-b6bc-e6d5c4bf3b45" />
    <UnitTestResult executionId="e3ddfc01-aaed-4ad4-88b9-042753ec0ba5" testId="46b84018-7720-3036-e1d7-60256291efb9" testName="TestVerbose()" computerName="pkrvmfkh1xnbeme" duration="00:00:00.0003810" startTime="2025-07-09T18:53:45.9883885+00:00" endTime="2025-07-09T18:53:45.9887696+00:00" testType="13cdc9d9-ddb5-4fa4-a97d-d965ccfc6d4b" outcome="Passed" testListId="8c84fa94-04c1-424b-9868-57a2d4851a1d" relativeResultsDirectory="e3ddfc01-aaed-4ad4-88b9-042753ec0ba5" />
    <UnitTestResult executionId="56cc25ed-889e-44e8-b055-efdc7d495cd1" testId="3fd2378d-2fdc-6393-d094-32038415f145" testName="TestIsCSharpKeyword(&quot;bool&quot;,True)" computerName="pkrvmfkh1xnbeme" duration="00:00:00.0003240" startTime="2025-07-09T18:53:52.9198465+00:00" endTime="2025-07-09T18:53:52.9201703+00:00" testType="13cdc9d9-ddb5-4fa4-a97d-d965ccfc6d4b" outcome="Passed" testListId="8c84fa94-04c1-424b-9868-57a2d4851a1d" relativeResultsDirectory="56cc25ed-889e-44e8-b055-efdc7d495cd1" />
    <UnitTestResult executionId="f4b6372e-c7e7-4afd-8db5-362f700542da" testId="6b3b85a7-b6db-ea59-f47e-9c3b44b6ea78" testName="CodeWriter_WriteField" computerName="pkrvmfkh1xnbeme" duration="00:00:00.0006940" startTime="2025-07-09T18:53:52.9961643+00:00" endTime="2025-07-09T18:53:52.9968582+00:00" testType="13cdc9d9-ddb5-4fa4-a97d-d965ccfc6d4b" outcome="Passed" testListId="8c84fa94-04c1-424b-9868-57a2d4851a1d" relativeResultsDirectory="f4b6372e-c7e7-4afd-8db5-362f700542da" />
    <UnitTestResult executionId="abd0380e-ccc3-4879-b06e-957bffaab132" testId="f4dfe096-289b-8e1f-f467-270ed66a728d" testName="IntSerializationFormat(UInt64,null)" computerName="pkrvmfkh1xnbeme" duration="00:00:00.0035890" startTime="2025-07-09T18:53:52.8510033+00:00" endTime="2025-07-09T18:53:52.8545925+00:00" testType="13cdc9d9-ddb5-4fa4-a97d-d965ccfc6d4b" outcome="Passed" testListId="8c84fa94-04c1-424b-9868-57a2d4851a1d" relativeResultsDirectory="abd0380e-ccc3-4879-b06e-957bffaab132" />
    <UnitTestResult executionId="3cf89e97-7228-4398-a9b4-8f9f9834836e" testId="fb25ea5e-68ae-184e-a1ca-0844b7170b44" testName="TypesAreNotEqual(System.Collections.Generic.IDictionary`2[System.Int32,System.String],System.Collections.Generic.Dictionary`2[System.Int32,System.Int32])" computerName="pkrvmfkh1xnbeme" duration="00:00:00.0002470" startTime="2025-07-09T18:53:46.9619888+00:00" endTime="2025-07-09T18:53:46.9622361+00:00" testType="13cdc9d9-ddb5-4fa4-a97d-d965ccfc6d4b" outcome="Passed" testListId="8c84fa94-04c1-424b-9868-57a2d4851a1d" relativeResultsDirectory="3cf89e97-7228-4398-a9b4-8f9f9834836e" />
    <UnitTestResult executionId="5b54ebaf-6284-4916-a4e5-cfa84a4bc19b" testId="67412a9c-0104-f5de-b394-b2c1af9eecbf" testName="FullyQualifiedNamePopulatedForFrameworkTypes(System.Collections.Generic.IDictionary`2[System.String,System.Int32])" computerName="pkrvmfkh1xnbeme" duration="00:00:00.0001430" startTime="2025-07-09T18:53:46.9131291+00:00" endTime="2025-07-09T18:53:46.9132722+00:00" testType="13cdc9d9-ddb5-4fa4-a97d-d965ccfc6d4b" outcome="Passed" testListId="8c84fa94-04c1-424b-9868-57a2d4851a1d" relativeResultsDirectory="5b54ebaf-6284-4916-a4e5-cfa84a4bc19b" />
    <UnitTestResult executionId="f4564a03-cffb-4eed-9909-3b42fe22f105" testId="c84e1522-8e1c-2ce1-86d8-ca3ed0f06d31" testName="TestYieldBreakStatement" computerName="pkrvmfkh1xnbeme" duration="00:00:00.0003620" startTime="2025-07-09T18:53:52.8134525+00:00" endTime="2025-07-09T18:53:52.8138146+00:00" testType="13cdc9d9-ddb5-4fa4-a97d-d965ccfc6d4b" outcome="Passed" testListId="8c84fa94-04c1-424b-9868-57a2d4851a1d" relativeResultsDirectory="f4564a03-cffb-4eed-9909-3b42fe22f105" />
    <UnitTestResult executionId="40fabc0d-374c-4bf5-a851-6224fbc8f1a4" testId="07008d94-fa7b-c33e-c12a-f3e6c127fdc5" testName="ToPublicInputParameterCopiesProperties" computerName="pkrvmfkh1xnbeme" duration="00:00:00.0010310" startTime="2025-07-09T18:53:52.3922638+00:00" endTime="2025-07-09T18:53:52.3932942+00:00" testType="13cdc9d9-ddb5-4fa4-a97d-d965ccfc6d4b" outcome="Passed" testListId="8c84fa94-04c1-424b-9868-57a2d4851a1d" relativeResultsDirectory="40fabc0d-374c-4bf5-a851-6224fbc8f1a4" />
    <UnitTestResult executionId="41e6d568-e563-4ced-a042-49c23ade6ce4" testId="605250e0-7a04-68c9-46f9-72dee413bc1f" testName="DoesNotReplaceMethodIfNotCustomized" computerName="pkrvmfkh1xnbeme" duration="00:00:00.0664270" startTime="2025-07-09T18:53:48.0112218+00:00" endTime="2025-07-09T18:53:48.0776488+00:00" testType="13cdc9d9-ddb5-4fa4-a97d-d965ccfc6d4b" outcome="Passed" testListId="8c84fa94-04c1-424b-9868-57a2d4851a1d" relativeResultsDirectory="41e6d568-e563-4ced-a042-49c23ade6ce4" />
    <UnitTestResult executionId="9bcc49de-3936-4be4-afee-c2253a7cb81f" testId="af7d41e3-f32d-421b-cda7-698b15153704" testName="TestIsCSharpKeyword(&quot;float&quot;,True)" computerName="pkrvmfkh1xnbeme" duration="00:00:00.0003100" startTime="2025-07-09T18:53:52.9299239+00:00" endTime="2025-07-09T18:53:52.9302336+00:00" testType="13cdc9d9-ddb5-4fa4-a97d-d965ccfc6d4b" outcome="Passed" testListId="8c84fa94-04c1-424b-9868-57a2d4851a1d" relativeResultsDirectory="9bcc49de-3936-4be4-afee-c2253a7cb81f" />
    <UnitTestResult executionId="d6eac4bf-085b-42fa-b2b9-00fbc8ee3f62" testId="3a028288-8eb0-b563-580d-e5c9889ffc64" testName="ValidateNamespace" computerName="pkrvmfkh1xnbeme" duration="00:00:00.0001640" startTime="2025-07-09T18:53:51.9637692+00:00" endTime="2025-07-09T18:53:51.9639332+00:00" testType="13cdc9d9-ddb5-4fa4-a97d-d965ccfc6d4b" outcome="Passed" testListId="8c84fa94-04c1-424b-9868-57a2d4851a1d" relativeResultsDirectory="d6eac4bf-085b-42fa-b2b9-00fbc8ee3f62" />
    <UnitTestResult executionId="6fc475c6-c61c-44e5-a746-82117d250401" testId="61101eb8-17a2-7af4-05b9-65841f68ef5f" testName="AssignValueIfNullStatement" computerName="pkrvmfkh1xnbeme" duration="00:00:00.0003780" startTime="2025-07-09T18:53:45.9895844+00:00" endTime="2025-07-09T18:53:45.9899624+00:00" testType="13cdc9d9-ddb5-4fa4-a97d-d965ccfc6d4b" outcome="Passed" testListId="8c84fa94-04c1-424b-9868-57a2d4851a1d" relativeResultsDirectory="6fc475c6-c61c-44e5-a746-82117d250401" />
    <UnitTestResult executionId="ba368b2d-206b-44fb-9000-722c178a3206" testId="e4116b0b-4cab-b6e9-91e8-e18464a3f1c5" testName="IsReadWriteDictionary(System.Collections.Generic.IReadOnlyDictionary`2[TKey,TValue],False)" computerName="pkrvmfkh1xnbeme" duration="00:00:00.0000800" startTime="2025-07-09T18:53:46.9440835+00:00" endTime="2025-07-09T18:53:46.9441639+00:00" testType="13cdc9d9-ddb5-4fa4-a97d-d965ccfc6d4b" outcome="Passed" testListId="8c84fa94-04c1-424b-9868-57a2d4851a1d" relativeResultsDirectory="ba368b2d-206b-44fb-9000-722c178a3206" />
    <UnitTestResult executionId="7e8e3e20-1ff5-4ff6-9043-9bf13e4f7ac2" testId="6a114c62-b108-96f0-a37a-172432e1c5dc" testName="CanChangePropertyName" computerName="pkrvmfkh1xnbeme" duration="00:00:00.0500140" startTime="2025-07-09T18:53:50.2821403+00:00" endTime="2025-07-09T18:53:50.3321540+00:00" testType="13cdc9d9-ddb5-4fa4-a97d-d965ccfc6d4b" outcome="Passed" testListId="8c84fa94-04c1-424b-9868-57a2d4851a1d" relativeResultsDirectory="7e8e3e20-1ff5-4ff6-9043-9bf13e4f7ac2" />
    <UnitTestResult executionId="a8ce02ab-18d3-4374-8aa6-c84a053b49d2" testId="6bd7a7fe-7997-570b-3fa0-de1f60f7b80e" testName="CustomConstructorWithBaseInitializerShouldHaveInitializerPopulated" computerName="pkrvmfkh1xnbeme" duration="00:00:00.0203640" startTime="2025-07-09T18:53:51.8505130+00:00" endTime="2025-07-09T18:53:51.8708771+00:00" testType="13cdc9d9-ddb5-4fa4-a97d-d965ccfc6d4b" outcome="Passed" testListId="8c84fa94-04c1-424b-9868-57a2d4851a1d" relativeResultsDirectory="a8ce02ab-18d3-4374-8aa6-c84a053b49d2" />
    <UnitTestResult executionId="8c2cb1d0-e0be-4fa2-a9ff-3339245fcefb" testId="8872864a-b6f9-7c4e-549d-25987a6de165" testName="CanChangeIfElseStatement" computerName="pkrvmfkh1xnbeme" duration="00:00:00.0015260" startTime="2025-07-09T18:53:52.8214286+00:00" endTime="2025-07-09T18:53:52.8229542+00:00" testType="13cdc9d9-ddb5-4fa4-a97d-d965ccfc6d4b" outcome="Passed" testListId="8c84fa94-04c1-424b-9868-57a2d4851a1d" relativeResultsDirectory="8c2cb1d0-e0be-4fa2-a9ff-3339245fcefb" />
    <UnitTestResult executionId="59157f73-70d0-4889-9543-5b339d351f58" testId="62232ef3-0e18-add8-8d4e-aaf97dfe638c" testName="SystemTypeOperatorTestNotEqual(System.Collections.Generic.IList`1[System.Int32],System.Collections.Generic.ICollection`1[System.Int32])" computerName="pkrvmfkh1xnbeme" duration="00:00:00.0003720" startTime="2025-07-09T18:53:46.0830480+00:00" endTime="2025-07-09T18:53:46.0834198+00:00" testType="13cdc9d9-ddb5-4fa4-a97d-d965ccfc6d4b" outcome="Passed" testListId="8c84fa94-04c1-424b-9868-57a2d4851a1d" relativeResultsDirectory="59157f73-70d0-4889-9543-5b339d351f58" />
    <UnitTestResult executionId="4361c4f2-7b1b-41de-8859-3d1bed9e29e8" testId="c45fc3c6-4264-b296-c4f3-e8618808a521" testName="NotEqualToFrameworkType(System.Collections.Generic.IList`1[System.Int32],System.Collections.Generic.IList`1[System.String])" computerName="pkrvmfkh1xnbeme" duration="00:00:00.0002050" startTime="2025-07-09T18:53:46.9489037+00:00" endTime="2025-07-09T18:53:46.9491087+00:00" testType="13cdc9d9-ddb5-4fa4-a97d-d965ccfc6d4b" outcome="Passed" testListId="8c84fa94-04c1-424b-9868-57a2d4851a1d" relativeResultsDirectory="4361c4f2-7b1b-41de-8859-3d1bed9e29e8" />
    <UnitTestResult executionId="1dc87d5c-da3f-4d99-a829-352cadfde985" testId="0d94413d-5980-00bb-76ff-2898fec51ab1" testName="IsCollectionType(System.Collections.Generic.ICollection`1[T],True)" computerName="pkrvmfkh1xnbeme" duration="00:00:00.0001270" startTime="2025-07-09T18:53:46.9390138+00:00" endTime="2025-07-09T18:53:46.9391404+00:00" testType="13cdc9d9-ddb5-4fa4-a97d-d965ccfc6d4b" outcome="Passed" testListId="8c84fa94-04c1-424b-9868-57a2d4851a1d" relativeResultsDirectory="1dc87d5c-da3f-4d99-a829-352cadfde985" />
    <UnitTestResult executionId="04d6d23a-db37-45c2-8d86-340d14c5f436" testId="eddc0227-f630-b98d-8e2d-2452df4d5cde" testName="TestIsCSharpKeyword(&quot;readonly&quot;,True)" computerName="pkrvmfkh1xnbeme" duration="00:00:00.0003080" startTime="2025-07-09T18:53:52.9649325+00:00" endTime="2025-07-09T18:53:52.9652403+00:00" testType="13cdc9d9-ddb5-4fa4-a97d-d965ccfc6d4b" outcome="Passed" testListId="8c84fa94-04c1-424b-9868-57a2d4851a1d" relativeResultsDirectory="04d6d23a-db37-45c2-8d86-340d14c5f436" />
    <UnitTestResult executionId="a6405ca4-4f9d-4f74-8665-e71f2a3a0264" testId="afe1a25a-3395-d21e-c029-121274c82e10" testName="HashCodesAreNotEqual(System.Collections.Generic.IDictionary`2[System.Int32,System.String],System.Collections.Generic.IDictionary`2[System.String,System.Int32])" computerName="pkrvmfkh1xnbeme" duration="00:00:00.0002820" startTime="2025-07-09T18:53:46.9351822+00:00" endTime="2025-07-09T18:53:46.9354646+00:00" testType="13cdc9d9-ddb5-4fa4-a97d-d965ccfc6d4b" outcome="Passed" testListId="8c84fa94-04c1-424b-9868-57a2d4851a1d" relativeResultsDirectory="a6405ca4-4f9d-4f74-8665-e71f2a3a0264" />
    <UnitTestResult executionId="077d1d2d-4a2b-4327-8e17-e6ab3bd85521" testId="c72aeb4d-0dde-4a3e-8524-1f70b6a178f3" testName="SeeCRefType(System.Collections.Generic.KeyValuePair`2[System.Int32,System.String],True)" computerName="pkrvmfkh1xnbeme" duration="00:00:00.0002030" startTime="2025-07-09T18:53:53.0168282+00:00" endTime="2025-07-09T18:53:53.0170306+00:00" testType="13cdc9d9-ddb5-4fa4-a97d-d965ccfc6d4b" outcome="Passed" testListId="8c84fa94-04c1-424b-9868-57a2d4851a1d" relativeResultsDirectory="077d1d2d-4a2b-4327-8e17-e6ab3bd85521" />
    <UnitTestResult executionId="6bb8b3d3-3a1c-4362-a63b-aa926e82107d" testId="c4b5614e-f225-4d29-b459-a865e1a4493a" testName="TypeChangeNarrowPropertyHasNewKeyWord" computerName="pkrvmfkh1xnbeme" duration="00:00:00.0017700" startTime="2025-07-09T18:53:51.8451885+00:00" endTime="2025-07-09T18:53:51.8469588+00:00" testType="13cdc9d9-ddb5-4fa4-a97d-d965ccfc6d4b" outcome="Passed" testListId="8c84fa94-04c1-424b-9868-57a2d4851a1d" relativeResultsDirectory="6bb8b3d3-3a1c-4362-a63b-aa926e82107d" />
    <UnitTestResult executionId="e88a2619-7416-462a-af04-e5e8a2394d95" testId="921f0437-d036-ac9e-3cba-d8023f470487" testName="ValidateNullableTypes(System.Nullable`1[Microsoft.TypeSpec.Generator.Tests.Primitives.CSharpTypeTests+TestStruct`1[Microsoft.TypeSpec.Generator.Tests.Primitives.CSharpTypeTests+TestStruct`1[System.Int32]]],[global::Microsoft.TypeSpec.Generator.Tests.Primitives.CSharpTypeTests.TestStruct&lt;int&gt;],True)" computerName="pkrvmfkh1xnbeme" duration="00:00:00.0000580" startTime="2025-07-09T18:53:46.9680618+00:00" endTime="2025-07-09T18:53:46.9681199+00:00" testType="13cdc9d9-ddb5-4fa4-a97d-d965ccfc6d4b" outcome="Passed" testListId="8c84fa94-04c1-424b-9868-57a2d4851a1d" relativeResultsDirectory="e88a2619-7416-462a-af04-e5e8a2394d95" />
    <UnitTestResult executionId="f5a818f8-0b1c-4633-b78e-4877bb39becd" testId="0a7a7e63-88a2-4884-414e-cc3049a88c19" testName="CanChangeAssignmentExpression" computerName="pkrvmfkh1xnbeme" duration="00:00:00.0035270" startTime="2025-07-09T18:53:46.0068790+00:00" endTime="2025-07-09T18:53:46.0104055+00:00" testType="13cdc9d9-ddb5-4fa4-a97d-d965ccfc6d4b" outcome="Passed" testListId="8c84fa94-04c1-424b-9868-57a2d4851a1d" relativeResultsDirectory="f5a818f8-0b1c-4633-b78e-4877bb39becd" />
    <UnitTestResult executionId="c5598e60-f7fd-4c43-85ae-33df4f89cc71" testId="9e872515-5269-fd11-ee3a-0400c7b6cc18" testName="TestIsCSharpKeyword(&quot;throw&quot;,True)" computerName="pkrvmfkh1xnbeme" duration="00:00:00.0003280" startTime="2025-07-09T18:53:52.9704274+00:00" endTime="2025-07-09T18:53:52.9707551+00:00" testType="13cdc9d9-ddb5-4fa4-a97d-d965ccfc6d4b" outcome="Passed" testListId="8c84fa94-04c1-424b-9868-57a2d4851a1d" relativeResultsDirectory="c5598e60-f7fd-4c43-85ae-33df4f89cc71" />
    <UnitTestResult executionId="a69f4786-3d13-4d93-af6c-c4bae4052ce1" testId="48a5ec62-9af9-57c5-3941-8ab94b38f690" testName="IntSerializationFormat(Int8,null)" computerName="pkrvmfkh1xnbeme" duration="00:00:00.0004490" startTime="2025-07-09T18:53:52.8438449+00:00" endTime="2025-07-09T18:53:52.8442938+00:00" testType="13cdc9d9-ddb5-4fa4-a97d-d965ccfc6d4b" outcome="Passed" testListId="8c84fa94-04c1-424b-9868-57a2d4851a1d" relativeResultsDirectory="a69f4786-3d13-4d93-af6c-c4bae4052ce1" />
    <UnitTestResult executionId="7b241f2a-cc96-4523-ba27-b7b039487bdf" testId="1a86996e-43b2-eaea-70a8-80ee5eba7cee" testName="BuildPropertyDescription(Microsoft.TypeSpec.Generator.Input.InputModelProperty,string)" computerName="pkrvmfkh1xnbeme" duration="00:00:00.0000430" startTime="2025-07-09T18:53:52.3998004+00:00" endTime="2025-07-09T18:53:52.3998430+00:00" testType="13cdc9d9-ddb5-4fa4-a97d-d965ccfc6d4b" outcome="Passed" testListId="8c84fa94-04c1-424b-9868-57a2d4851a1d" relativeResultsDirectory="7b241f2a-cc96-4523-ba27-b7b039487bdf" />
    <UnitTestResult executionId="1cc829e1-5885-4ee6-9c52-45536984f64f" testId="d328b59f-8c45-6551-a565-0b5da9eb7464" testName="RemoveElement" computerName="pkrvmfkh1xnbeme" duration="00:00:00.0005880" startTime="2025-07-09T18:53:47.0517665+00:00" endTime="2025-07-09T18:53:47.0523547+00:00" testType="13cdc9d9-ddb5-4fa4-a97d-d965ccfc6d4b" outcome="Passed" testListId="8c84fa94-04c1-424b-9868-57a2d4851a1d" relativeResultsDirectory="1cc829e1-5885-4ee6-9c52-45536984f64f" />
    <UnitTestResult executionId="141d9605-034d-443a-a243-342cfe6089b0" testId="2236bcfd-9f7b-7b49-98ae-7a33571d1d8d" testName="TestParseConfig_AdditionalConfigOptions" computerName="pkrvmfkh1xnbeme" duration="00:00:00.0029730" startTime="2025-07-09T18:53:43.6231049+00:00" endTime="2025-07-09T18:53:43.6260775+00:00" testType="13cdc9d9-ddb5-4fa4-a97d-d965ccfc6d4b" outcome="Passed" testListId="8c84fa94-04c1-424b-9868-57a2d4851a1d" relativeResultsDirectory="141d9605-034d-443a-a243-342cfe6089b0" />
    <UnitTestResult executionId="9afd1f13-e181-4557-85f0-c6dc885ff7b2" testId="2717c16e-7d4e-6367-c2b5-b4d663618cf6" testName="ValidateInstance" computerName="pkrvmfkh1xnbeme" duration="00:00:00.0004030" startTime="2025-07-09T18:53:52.6412206+00:00" endTime="2025-07-09T18:53:52.6416237+00:00" testType="13cdc9d9-ddb5-4fa4-a97d-d965ccfc6d4b" outcome="Passed" testListId="8c84fa94-04c1-424b-9868-57a2d4851a1d" relativeResultsDirectory="9afd1f13-e181-4557-85f0-c6dc885ff7b2" />
    <UnitTestResult executionId="b9eea8c1-7efb-430e-a3a8-0bd493093b48" testId="00ef2a3e-7ff0-9d6e-68c3-ad85f3770520" testName="KeyValuePairExpression(System.Collections.Generic.IList`1[System.Int32],System.Int32)" computerName="pkrvmfkh1xnbeme" duration="00:00:00.0003240" startTime="2025-07-09T18:53:46.0474060+00:00" endTime="2025-07-09T18:53:46.0477294+00:00" testType="13cdc9d9-ddb5-4fa4-a97d-d965ccfc6d4b" outcome="Passed" testListId="8c84fa94-04c1-424b-9868-57a2d4851a1d" relativeResultsDirectory="b9eea8c1-7efb-430e-a3a8-0bd493093b48" />
    <UnitTestResult executionId="e4267b84-dcbc-41a1-940b-aa63da0ec4e4" testId="9f73a637-0534-0960-9ad3-7d40b1e02040" testName="TestBreakLines_AllLiteralsNoArgsWithCRLF" computerName="pkrvmfkh1xnbeme" duration="00:00:00.0000630" startTime="2025-07-09T18:53:52.8560206+00:00" endTime="2025-07-09T18:53:52.8560831+00:00" testType="13cdc9d9-ddb5-4fa4-a97d-d965ccfc6d4b" outcome="Passed" testListId="8c84fa94-04c1-424b-9868-57a2d4851a1d" relativeResultsDirectory="e4267b84-dcbc-41a1-940b-aa63da0ec4e4" />
    <UnitTestResult executionId="58c446aa-35ef-4c77-9ea8-0a83f8eeeee2" testId="5e2677de-e2fa-6a52-218a-17f0c0c4b43b" testName="TestGetUnionTypesDescriptions" computerName="pkrvmfkh1xnbeme" duration="00:00:00.0030590" startTime="2025-07-09T18:53:52.4000627+00:00" endTime="2025-07-09T18:53:52.4031215+00:00" testType="13cdc9d9-ddb5-4fa4-a97d-d965ccfc6d4b" outcome="Passed" testListId="8c84fa94-04c1-424b-9868-57a2d4851a1d" relativeResultsDirectory="58c446aa-35ef-4c77-9ea8-0a83f8eeeee2" />
    <UnitTestResult executionId="64d20553-5c6e-429d-b41d-2d05ada05cfb" testId="5a3b7081-56d0-2ca3-77b9-ccdb29902878" testName="BodyHasSetterValidation(&quot;nonReadOnlyStringPropOnStruct&quot;,Microsoft.TypeSpec.Generator.Input.InputModelType,True,Struct)" computerName="pkrvmfkh1xnbeme" duration="00:00:00.0006400" startTime="2025-07-09T18:53:52.4141342+00:00" endTime="2025-07-09T18:53:52.4147738+00:00" testType="13cdc9d9-ddb5-4fa4-a97d-d965ccfc6d4b" outcome="Passed" testListId="8c84fa94-04c1-424b-9868-57a2d4851a1d" relativeResultsDirectory="64d20553-5c6e-429d-b41d-2d05ada05cfb" />
    <UnitTestResult executionId="60391546-c13a-4e8a-ad99-d7f88ab951a7" testId="3416710f-7f2b-30de-6fba-ccb66a1f8d4a" testName="BuildPropertyDescription(Microsoft.TypeSpec.Generator.Input.InputModelProperty,global::System.BinaryData)" computerName="pkrvmfkh1xnbeme" duration="00:00:00.0001890" startTime="2025-07-09T18:53:52.3998519+00:00" endTime="2025-07-09T18:53:52.4000410+00:00" testType="13cdc9d9-ddb5-4fa4-a97d-d965ccfc6d4b" outcome="Passed" testListId="8c84fa94-04c1-424b-9868-57a2d4851a1d" relativeResultsDirectory="60391546-c13a-4e8a-ad99-d7f88ab951a7" />
    <UnitTestResult executionId="099799f4-2ebb-4a92-b4bb-1379de1a194d" testId="138890cc-832b-4381-a02a-530cf0ec764b" testName="SiblingScopeLinesUseSameName" computerName="pkrvmfkh1xnbeme" duration="00:00:00.0005700" startTime="2025-07-09T18:53:52.9847059+00:00" endTime="2025-07-09T18:53:52.9852753+00:00" testType="13cdc9d9-ddb5-4fa4-a97d-d965ccfc6d4b" outcome="Passed" testListId="8c84fa94-04c1-424b-9868-57a2d4851a1d" relativeResultsDirectory="099799f4-2ebb-4a92-b4bb-1379de1a194d" />
    <UnitTestResult executionId="27109386-a6b3-4556-bf15-bbb1a299108b" testId="98f05983-1e7e-ea2f-d552-d801d6e799d0" testName="Equals_SameInstance_ReturnsTrue" computerName="pkrvmfkh1xnbeme" duration="00:00:00.0002130" startTime="2025-07-09T18:53:52.3914021+00:00" endTime="2025-07-09T18:53:52.3916151+00:00" testType="13cdc9d9-ddb5-4fa4-a97d-d965ccfc6d4b" outcome="Passed" testListId="8c84fa94-04c1-424b-9868-57a2d4851a1d" relativeResultsDirectory="27109386-a6b3-4556-bf15-bbb1a299108b" />
    <UnitTestResult executionId="2f545f9c-2486-4832-964f-4863d772ba59" testId="4a01f513-c69a-d2a9-9918-136f1da2989d" testName="VisitsTypes" computerName="pkrvmfkh1xnbeme" duration="00:00:00.0009800" startTime="2025-07-09T18:53:46.7602522+00:00" endTime="2025-07-09T18:53:46.7612319+00:00" testType="13cdc9d9-ddb5-4fa4-a97d-d965ccfc6d4b" outcome="Passed" testListId="8c84fa94-04c1-424b-9868-57a2d4851a1d" relativeResultsDirectory="2f545f9c-2486-4832-964f-4863d772ba59" />
    <UnitTestResult executionId="53293173-e85d-4d3c-ba81-249cb0cb4d37" testId="3f6f6f9e-8d6b-5b7c-97fa-e5fcc084c74f" testName="UnreferencedTypeHandling(&quot;removeOrInternalize&quot;)" computerName="pkrvmfkh1xnbeme" duration="00:00:00.0018510" startTime="2025-07-09T18:53:43.6310249+00:00" endTime="2025-07-09T18:53:43.6328753+00:00" testType="13cdc9d9-ddb5-4fa4-a97d-d965ccfc6d4b" outcome="Passed" testListId="8c84fa94-04c1-424b-9868-57a2d4851a1d" relativeResultsDirectory="53293173-e85d-4d3c-ba81-249cb0cb4d37" />
    <UnitTestResult executionId="abd9d31b-3f91-418b-af9d-eaac59e346a4" testId="6612c975-b994-d74a-f726-d19195d3a56a" testName="SystemTypeOperatorTestEqual(System.Collections.Generic.IDictionary`2[System.String,System.Int32])" computerName="pkrvmfkh1xnbeme" duration="00:00:00.0001710" startTime="2025-07-09T18:53:46.0796358+00:00" endTime="2025-07-09T18:53:46.0798066+00:00" testType="13cdc9d9-ddb5-4fa4-a97d-d965ccfc6d4b" outcome="Passed" testListId="8c84fa94-04c1-424b-9868-57a2d4851a1d" relativeResultsDirectory="abd9d31b-3f91-418b-af9d-eaac59e346a4" />
    <UnitTestResult executionId="19bea01a-6fab-4eb5-b0ea-c17fb6ece530" testId="8406b15f-417e-0deb-cb89-8f582c80cc41" testName="BinaryOperatorExpressionWithAndOperator" computerName="pkrvmfkh1xnbeme" duration="00:00:00.0002780" startTime="2025-07-09T18:53:46.0209416+00:00" endTime="2025-07-09T18:53:46.0212194+00:00" testType="13cdc9d9-ddb5-4fa4-a97d-d965ccfc6d4b" outcome="Passed" testListId="8c84fa94-04c1-424b-9868-57a2d4851a1d" relativeResultsDirectory="19bea01a-6fab-4eb5-b0ea-c17fb6ece530" />
    <UnitTestResult executionId="0d699c93-0114-4023-9a3d-56c3d34b62df" testId="5da3b2e4-6a9f-a9a6-4eb1-98b652557c46" testName="TestBuildAdditionalProperties(Microsoft.TypeSpec.Generator.Input.InputModelType,True,1)" computerName="pkrvmfkh1xnbeme" duration="00:00:00.0005500" startTime="2025-07-09T18:53:51.8148754+00:00" endTime="2025-07-09T18:53:51.8154249+00:00" testType="13cdc9d9-ddb5-4fa4-a97d-d965ccfc6d4b" outcome="Passed" testListId="8c84fa94-04c1-424b-9868-57a2d4851a1d" relativeResultsDirectory="0d699c93-0114-4023-9a3d-56c3d34b62df" />
    <UnitTestResult executionId="bf0b88bb-8616-41e4-a4cb-dbff3908756f" testId="6ebbf36c-1344-67da-0a21-dbfd36142b2b" testName="BodyHasSetterValidation(&quot;propInReadOnlyStruct&quot;,Microsoft.TypeSpec.Generator.Input.InputModelType,False,Struct, ReadOnly)" computerName="pkrvmfkh1xnbeme" duration="00:00:00.0006320" startTime="2025-07-09T18:53:52.4154524+00:00" endTime="2025-07-09T18:53:52.4160844+00:00" testType="13cdc9d9-ddb5-4fa4-a97d-d965ccfc6d4b" outcome="Passed" testListId="8c84fa94-04c1-424b-9868-57a2d4851a1d" relativeResultsDirectory="bf0b88bb-8616-41e4-a4cb-dbff3908756f" />
    <UnitTestResult executionId="b52b58e1-ccb2-49d8-8942-7ed050ff62ce" testId="a363397a-b049-e8e3-0f2f-edcbc5a1470c" testName="DerivedCtorHasAdditionalBinaryDataPropertiesParam" computerName="pkrvmfkh1xnbeme" duration="00:00:00.0012700" startTime="2025-07-09T18:53:49.2397403+00:00" endTime="2025-07-09T18:53:49.2410102+00:00" testType="13cdc9d9-ddb5-4fa4-a97d-d965ccfc6d4b" outcome="Passed" testListId="8c84fa94-04c1-424b-9868-57a2d4851a1d" relativeResultsDirectory="b52b58e1-ccb2-49d8-8942-7ed050ff62ce" />
    <UnitTestResult executionId="1bfc522a-29a1-4c49-a910-7318779a42b1" testId="7a445a81-f4ec-22c7-8ca5-d27f5cfca804" testName="DerivedPublicCtorShouldSetDiscriminator" computerName="pkrvmfkh1xnbeme" duration="00:00:00.0010990" startTime="2025-07-09T18:53:49.2439232+00:00" endTime="2025-07-09T18:53:49.2450219+00:00" testType="13cdc9d9-ddb5-4fa4-a97d-d965ccfc6d4b" outcome="Passed" testListId="8c84fa94-04c1-424b-9868-57a2d4851a1d" relativeResultsDirectory="1bfc522a-29a1-4c49-a910-7318779a42b1" />
    <UnitTestResult executionId="fe6a28b3-87d9-4420-b394-c2326cc6aeaa" testId="3be806f7-f582-ad07-2c81-d19696092c39" testName="ValueTypeHasNoValidation(Microsoft.TypeSpec.Generator.Input.InputEnumType)" computerName="pkrvmfkh1xnbeme" duration="00:00:00.0005740" startTime="2025-07-09T18:53:52.3956215+00:00" endTime="2025-07-09T18:53:52.3961954+00:00" testType="13cdc9d9-ddb5-4fa4-a97d-d965ccfc6d4b" outcome="Passed" testListId="8c84fa94-04c1-424b-9868-57a2d4851a1d" relativeResultsDirectory="fe6a28b3-87d9-4420-b394-c2326cc6aeaa" />
    <UnitTestResult executionId="e0bc5cbc-7bbf-4465-901e-5733e0bc375a" testId="a041969d-c809-06e6-80f1-a7685876bd1d" testName="IsArray(System.Int32,False)" computerName="pkrvmfkh1xnbeme" duration="00:00:00.0002509" startTime="2025-07-09T18:53:46.9358268+00:00" endTime="2025-07-09T18:53:46.9360781+00:00" testType="13cdc9d9-ddb5-4fa4-a97d-d965ccfc6d4b" outcome="Passed" testListId="8c84fa94-04c1-424b-9868-57a2d4851a1d" relativeResultsDirectory="e0bc5cbc-7bbf-4465-901e-5733e0bc375a" />
    <UnitTestResult executionId="c09b442d-3e30-440f-9826-87586d75adc9" testId="c344cf1e-4a6e-3e26-a891-220afb7b43b7" testName="VerifyTupleExpressionWithRef" computerName="pkrvmfkh1xnbeme" duration="00:00:00.0003390" startTime="2025-07-09T18:53:46.0697028+00:00" endTime="2025-07-09T18:53:46.0700416+00:00" testType="13cdc9d9-ddb5-4fa4-a97d-d965ccfc6d4b" outcome="Passed" testListId="8c84fa94-04c1-424b-9868-57a2d4851a1d" relativeResultsDirectory="c09b442d-3e30-440f-9826-87586d75adc9" />
    <UnitTestResult executionId="3295218a-3114-4f88-85c7-a542383a35bf" testId="925664ea-f241-90ce-7bb2-fb84bcf32f7a" testName="TestReportDiagnosticWithoutTarget()" computerName="pkrvmfkh1xnbeme" duration="00:00:00.0017030" startTime="2025-07-09T18:53:45.9845555+00:00" endTime="2025-07-09T18:53:45.9862582+00:00" testType="13cdc9d9-ddb5-4fa4-a97d-d965ccfc6d4b" outcome="Passed" testListId="8c84fa94-04c1-424b-9868-57a2d4851a1d" relativeResultsDirectory="3295218a-3114-4f88-85c7-a542383a35bf" />
    <UnitTestResult executionId="c87ace9d-ff09-4f2c-a128-f0d93c89565e" testId="8e573d90-3905-3ac5-00ac-63bb86ee5890" testName="TestBuildProperties_ValidatePropertySetters(Microsoft.TypeSpec.Generator.Input.InputModelProperty,global::System.Collections.Generic.IDictionary&lt;string, string&gt;,False)" computerName="pkrvmfkh1xnbeme" duration="00:00:00.0011019" startTime="2025-07-09T18:53:51.8360597+00:00" endTime="2025-07-09T18:53:51.8371617+00:00" testType="13cdc9d9-ddb5-4fa4-a97d-d965ccfc6d4b" outcome="Passed" testListId="8c84fa94-04c1-424b-9868-57a2d4851a1d" relativeResultsDirectory="c87ace9d-ff09-4f2c-a128-f0d93c89565e" />
    <UnitTestResult executionId="c7246741-8dc0-4fe2-bb0d-44ddc76b39b4" testId="816b2ac7-a43f-4c86-3132-8faeff3af2a9" testName="FormatInFormat" computerName="pkrvmfkh1xnbeme" duration="00:00:00.0003170" startTime="2025-07-09T18:53:53.0137477+00:00" endTime="2025-07-09T18:53:53.0140648+00:00" testType="13cdc9d9-ddb5-4fa4-a97d-d965ccfc6d4b" outcome="Passed" testListId="8c84fa94-04c1-424b-9868-57a2d4851a1d" relativeResultsDirectory="c7246741-8dc0-4fe2-bb0d-44ddc76b39b4" />
    <UnitTestResult executionId="b2092c9a-5031-4fb4-850b-418791892e24" testId="a83c55d9-b4b3-f28e-764f-b9b4aa5db19f" testName="TestBuildAdditionalProperties(Microsoft.TypeSpec.Generator.Input.InputModelType,False,1)" computerName="pkrvmfkh1xnbeme" duration="00:00:00.0005730" startTime="2025-07-09T18:53:51.8113953+00:00" endTime="2025-07-09T18:53:51.8119685+00:00" testType="13cdc9d9-ddb5-4fa4-a97d-d965ccfc6d4b" outcome="Passed" testListId="8c84fa94-04c1-424b-9868-57a2d4851a1d" relativeResultsDirectory="b2092c9a-5031-4fb4-850b-418791892e24" />
    <UnitTestResult executionId="450157c4-38ce-4652-99ad-436dabbe5b01" testId="58fd8b43-652d-5b59-d404-5219bfb48dc4" testName="SwitchStatementEnumeratingCases" computerName="pkrvmfkh1xnbeme" duration="00:00:00.0013980" startTime="2025-07-09T18:53:52.8053356+00:00" endTime="2025-07-09T18:53:52.8067333+00:00" testType="13cdc9d9-ddb5-4fa4-a97d-d965ccfc6d4b" outcome="Passed" testListId="8c84fa94-04c1-424b-9868-57a2d4851a1d" relativeResultsDirectory="450157c4-38ce-4652-99ad-436dabbe5b01" />
    <UnitTestResult executionId="5e9d06f0-e72b-4fc5-ac11-aeed4caccb08" testId="3cafcacb-32ad-b342-352f-c0a96f21cf8a" testName="ValidateMethods" computerName="pkrvmfkh1xnbeme" duration="00:00:00.0255690" startTime="2025-07-09T18:53:51.9141441+00:00" endTime="2025-07-09T18:53:51.9397127+00:00" testType="13cdc9d9-ddb5-4fa4-a97d-d965ccfc6d4b" outcome="Passed" testListId="8c84fa94-04c1-424b-9868-57a2d4851a1d" relativeResultsDirectory="5e9d06f0-e72b-4fc5-ac11-aeed4caccb08" />
    <UnitTestResult executionId="7e87d39d-d4b4-4c06-b70a-ed7168503442" testId="0109c8ab-ee05-8dbe-890d-f0bf776f02fb" testName="TestToApiVersionValueWithPrefixAndSeparator(&quot;V2022_05_15_Preview&quot;,&quot;v&quot;,&quot;/&quot;,&quot;v2022/05/15/preview&quot;)" computerName="pkrvmfkh1xnbeme" duration="00:00:00.0002230" startTime="2025-07-09T18:53:52.9817550+00:00" endTime="2025-07-09T18:53:52.9819779+00:00" testType="13cdc9d9-ddb5-4fa4-a97d-d965ccfc6d4b" outcome="Passed" testListId="8c84fa94-04c1-424b-9868-57a2d4851a1d" relativeResultsDirectory="7e87d39d-d4b4-4c06-b70a-ed7168503442" />
    <UnitTestResult executionId="cb2144a4-6ac7-48e8-9e97-2373c15a6929" testId="dded287a-998e-cb9d-f92d-9256dc53a795" testName="ValidateProperties" computerName="pkrvmfkh1xnbeme" duration="00:00:00.0017020" startTime="2025-07-09T18:53:52.0963604+00:00" endTime="2025-07-09T18:53:52.0980621+00:00" testType="13cdc9d9-ddb5-4fa4-a97d-d965ccfc6d4b" outcome="Passed" testListId="8c84fa94-04c1-424b-9868-57a2d4851a1d" relativeResultsDirectory="cb2144a4-6ac7-48e8-9e97-2373c15a6929" />
    <UnitTestResult executionId="c4ea2513-d3c6-4650-8abc-0d9eaa640f94" testId="950aeb7f-7cec-78f7-24fb-dace29f10a19" testName="ValidDocsDoNotThrow" computerName="pkrvmfkh1xnbeme" duration="00:00:00.0090890" startTime="2025-07-09T18:53:52.3706349+00:00" endTime="2025-07-09T18:53:52.3797238+00:00" testType="13cdc9d9-ddb5-4fa4-a97d-d965ccfc6d4b" outcome="Passed" testListId="8c84fa94-04c1-424b-9868-57a2d4851a1d" relativeResultsDirectory="c4ea2513-d3c6-4650-8abc-0d9eaa640f94" />
    <UnitTestResult executionId="9bcc2bca-ef77-4bfd-9154-aca7bfbc1940" testId="b41d5d14-9db4-82d3-9ad6-f42ca197a12f" testName="ValidateNullableTypes(System.Nullable`1[Microsoft.TypeSpec.Generator.Tests.Primitives.CSharpTypeTests+TestStruct`1[System.Nullable`1[System.Int32]]],[int?],True)" computerName="pkrvmfkh1xnbeme" duration="00:00:00.0000660" startTime="2025-07-09T18:53:46.9679216+00:00" endTime="2025-07-09T18:53:46.9679880+00:00" testType="13cdc9d9-ddb5-4fa4-a97d-d965ccfc6d4b" outcome="Passed" testListId="8c84fa94-04c1-424b-9868-57a2d4851a1d" relativeResultsDirectory="9bcc2bca-ef77-4bfd-9154-aca7bfbc1940" />
    <UnitTestResult executionId="56015e81-3915-4e3c-84af-379e7237065f" testId="45f96de3-d049-8a9e-87e9-7145fd26e8ec" testName="FullyQualifiedNamePopulatedForFrameworkTypes(System.Collections.Generic.IDictionary`2[System.Collections.Generic.IDictionary`2[System.Int32,System.String],System.Collections.Generic.IDictionary`2[System.String,System.Int32]])" computerName="pkrvmfkh1xnbeme" duration="00:00:00.0001870" startTime="2025-07-09T18:53:46.9132860+00:00" endTime="2025-07-09T18:53:46.9134732+00:00" testType="13cdc9d9-ddb5-4fa4-a97d-d965ccfc6d4b" outcome="Passed" testListId="8c84fa94-04c1-424b-9868-57a2d4851a1d" relativeResultsDirectory="56015e81-3915-4e3c-84af-379e7237065f" />
    <UnitTestResult executionId="b49b88cb-39d7-46a1-9b2c-879a8a02e229" testId="01fae031-7483-b5ad-f374-e6d1c6f24e58" testName="CanChangePropertyAccessibility" computerName="pkrvmfkh1xnbeme" duration="00:00:00.1101470" startTime="2025-07-09T18:53:50.1719433+00:00" endTime="2025-07-09T18:53:50.2820895+00:00" testType="13cdc9d9-ddb5-4fa4-a97d-d965ccfc6d4b" outcome="Passed" testListId="8c84fa94-04c1-424b-9868-57a2d4851a1d" relativeResultsDirectory="b49b88cb-39d7-46a1-9b2c-879a8a02e229" />
    <UnitTestResult executionId="a63ed172-c7e7-4256-9dc2-8b3862ac5434" testId="18284965-caa9-19be-bcfc-7aaeae04db65" testName="CustomConstructorWithoutInitializerShouldHaveNullInitializer" computerName="pkrvmfkh1xnbeme" duration="00:00:00.0239310" startTime="2025-07-09T18:53:51.8709082+00:00" endTime="2025-07-09T18:53:51.8948393+00:00" testType="13cdc9d9-ddb5-4fa4-a97d-d965ccfc6d4b" outcome="Passed" testListId="8c84fa94-04c1-424b-9868-57a2d4851a1d" relativeResultsDirectory="a63ed172-c7e7-4256-9dc2-8b3862ac5434" />
    <UnitTestResult executionId="b184fea8-fe78-46a8-89b6-5b529a5808ca" testId="ad405981-b262-d2c1-3af9-18da6417b9a4" testName="TestBreakLines_RecursiveFormattableStringsWithAllLineBreaks" computerName="pkrvmfkh1xnbeme" duration="00:00:00.0000920" startTime="2025-07-09T18:53:52.8577578+00:00" endTime="2025-07-09T18:53:52.8578498+00:00" testType="13cdc9d9-ddb5-4fa4-a97d-d965ccfc6d4b" outcome="Passed" testListId="8c84fa94-04c1-424b-9868-57a2d4851a1d" relativeResultsDirectory="b184fea8-fe78-46a8-89b6-5b529a5808ca" />
    <UnitTestResult executionId="a5706d89-78fc-4b3e-99a6-97a8879de11f" testId="321bae8d-4b23-8ae4-5b88-5171b0e824e4" testName="IfStatementWithAddMethod" computerName="pkrvmfkh1xnbeme" duration="00:00:00.0003850" startTime="2025-07-09T18:53:52.8039655+00:00" endTime="2025-07-09T18:53:52.8043507+00:00" testType="13cdc9d9-ddb5-4fa4-a97d-d965ccfc6d4b" outcome="Passed" testListId="8c84fa94-04c1-424b-9868-57a2d4851a1d" relativeResultsDirectory="a5706d89-78fc-4b3e-99a6-97a8879de11f" />
    <UnitTestResult executionId="b716f506-b4d9-4ffd-8035-890b0855c14f" testId="b93e230f-c49c-564b-996d-dea1fded8624" testName="TestIsCSharpKeyword(&quot;using&quot;,True)" computerName="pkrvmfkh1xnbeme" duration="00:00:00.0003260" startTime="2025-07-09T18:53:52.9753992+00:00" endTime="2025-07-09T18:53:52.9757250+00:00" testType="13cdc9d9-ddb5-4fa4-a97d-d965ccfc6d4b" outcome="Passed" testListId="8c84fa94-04c1-424b-9868-57a2d4851a1d" relativeResultsDirectory="b716f506-b4d9-4ffd-8035-890b0855c14f" />
    <UnitTestResult executionId="fb5e0056-5380-45e3-95e6-e928d6d61365" testId="a4721eb0-8fb7-597b-946b-9a40bbf20beb" testName="IntSerializationFormat(SafeInt,null)" computerName="pkrvmfkh1xnbeme" duration="00:00:00.0005140" startTime="2025-07-09T18:53:52.8428072+00:00" endTime="2025-07-09T18:53:52.8433215+00:00" testType="13cdc9d9-ddb5-4fa4-a97d-d965ccfc6d4b" outcome="Passed" testListId="8c84fa94-04c1-424b-9868-57a2d4851a1d" relativeResultsDirectory="fb5e0056-5380-45e3-95e6-e928d6d61365" />
    <UnitTestResult executionId="74c29421-b1f8-4515-8408-838008b4f9c4" testId="19c6427d-1cc5-f3a5-e1e7-57d8b4ee9bd2" testName="EqualToFrameworkType(System.Collections.Generic.IDictionary`2[System.Int32,System.Int32])" computerName="pkrvmfkh1xnbeme" duration="00:00:00.0001140" startTime="2025-07-09T18:53:46.9105700+00:00" endTime="2025-07-09T18:53:46.9106836+00:00" testType="13cdc9d9-ddb5-4fa4-a97d-d965ccfc6d4b" outcome="Passed" testListId="8c84fa94-04c1-424b-9868-57a2d4851a1d" relativeResultsDirectory="74c29421-b1f8-4515-8408-838008b4f9c4" />
    <UnitTestResult executionId="217a47c4-93d0-4ef0-8433-142027d2b5c0" testId="6076c739-3e10-92f4-3ec4-0352280e9551" testName="InitCtorShouldNotAssignBaseFieldBothRequired" computerName="pkrvmfkh1xnbeme" duration="00:00:00.0021310" startTime="2025-07-09T18:53:51.7953692+00:00" endTime="2025-07-09T18:53:51.7975001+00:00" testType="13cdc9d9-ddb5-4fa4-a97d-d965ccfc6d4b" outcome="Passed" testListId="8c84fa94-04c1-424b-9868-57a2d4851a1d" relativeResultsDirectory="217a47c4-93d0-4ef0-8433-142027d2b5c0" />
    <UnitTestResult executionId="32a493eb-d764-4e3f-92bb-348be70f76d6" testId="1fdb4f22-5a36-01a8-1855-f965a4a85cda" testName="ListExpression(System.Collections.Generic.IList`1[T])" computerName="pkrvmfkh1xnbeme" duration="00:00:00.0002570" startTime="2025-07-09T18:53:46.0541619+00:00" endTime="2025-07-09T18:53:46.0544192+00:00" testType="13cdc9d9-ddb5-4fa4-a97d-d965ccfc6d4b" outcome="Passed" testListId="8c84fa94-04c1-424b-9868-57a2d4851a1d" relativeResultsDirectory="32a493eb-d764-4e3f-92bb-348be70f76d6" />
    <UnitTestResult executionId="d49a847a-0ce8-4d2a-b778-1cc4ac777d22" testId="0cc64dd4-287f-646c-5601-47af79298911" testName="IsReadWriteList(System.Collections.Generic.IReadOnlyCollection`1[T],False)" computerName="pkrvmfkh1xnbeme" duration="00:00:00.0000860" startTime="2025-07-09T18:53:46.9448964+00:00" endTime="2025-07-09T18:53:46.9449823+00:00" testType="13cdc9d9-ddb5-4fa4-a97d-d965ccfc6d4b" outcome="Passed" testListId="8c84fa94-04c1-424b-9868-57a2d4851a1d" relativeResultsDirectory="d49a847a-0ce8-4d2a-b778-1cc4ac777d22" />
    <UnitTestResult executionId="d6f302e2-0ad3-4b6d-acf3-a68ad2e8c38c" testId="64dba5e6-e4e2-6bd2-0a47-e237fafea9f7" testName="TestToApiVersionValue(&quot;V1_0_0_Alpha&quot;,&quot;1-0-0-alpha&quot;)" computerName="pkrvmfkh1xnbeme" duration="00:00:00.0000440" startTime="2025-07-09T18:53:52.9807186+00:00" endTime="2025-07-09T18:53:52.9807625+00:00" testType="13cdc9d9-ddb5-4fa4-a97d-d965ccfc6d4b" outcome="Passed" testListId="8c84fa94-04c1-424b-9868-57a2d4851a1d" relativeResultsDirectory="d6f302e2-0ad3-4b6d-acf3-a68ad2e8c38c" />
    <UnitTestResult executionId="03647c0f-95e0-4c23-9a8a-1e72890abb34" testId="564c086f-2644-89cd-217d-660107701449" testName="PropertyInitializationType_Dictionary(System.Collections.Generic.IDictionary`2[TKey,TValue])" computerName="pkrvmfkh1xnbeme" duration="00:00:00.0007540" startTime="2025-07-09T18:53:46.9501177+00:00" endTime="2025-07-09T18:53:46.9508717+00:00" testType="13cdc9d9-ddb5-4fa4-a97d-d965ccfc6d4b" outcome="Passed" testListId="8c84fa94-04c1-424b-9868-57a2d4851a1d" relativeResultsDirectory="03647c0f-95e0-4c23-9a8a-1e72890abb34" />
    <UnitTestResult executionId="ef592033-8425-4fb8-9764-b91ee58172b1" testId="bbdc8830-7862-5302-411c-040e318e8f70" testName="CanEnumerateItems" computerName="pkrvmfkh1xnbeme" duration="00:00:00.0004120" startTime="2025-07-09T18:53:47.0534764+00:00" endTime="2025-07-09T18:53:47.0538878+00:00" testType="13cdc9d9-ddb5-4fa4-a97d-d965ccfc6d4b" outcome="Passed" testListId="8c84fa94-04c1-424b-9868-57a2d4851a1d" relativeResultsDirectory="ef592033-8425-4fb8-9764-b91ee58172b1" />
    <UnitTestResult executionId="a171f970-faba-4b2b-a982-9b9a2581fa99" testId="d1fa7d85-5780-0f20-ee4e-83b10fd1d81e" testName="HashCodesAreEqual(System.Collections.Generic.IDictionary`2[TKey,TValue])" computerName="pkrvmfkh1xnbeme" duration="00:00:00.0002150" startTime="2025-07-09T18:53:46.9307154+00:00" endTime="2025-07-09T18:53:46.9309307+00:00" testType="13cdc9d9-ddb5-4fa4-a97d-d965ccfc6d4b" outcome="Passed" testListId="8c84fa94-04c1-424b-9868-57a2d4851a1d" relativeResultsDirectory="a171f970-faba-4b2b-a982-9b9a2581fa99" />
    <UnitTestResult executionId="98b577ad-a648-4233-a3b9-bea379eccf30" testId="2fad9bdc-11bd-393a-baa9-09a36df552c4" testName="TestIsCSharpKeyword(&quot;int&quot;,True)" computerName="pkrvmfkh1xnbeme" duration="00:00:00.0003480" startTime="2025-07-09T18:53:52.9334691+00:00" endTime="2025-07-09T18:53:52.9338171+00:00" testType="13cdc9d9-ddb5-4fa4-a97d-d965ccfc6d4b" outcome="Passed" testListId="8c84fa94-04c1-424b-9868-57a2d4851a1d" relativeResultsDirectory="98b577ad-a648-4233-a3b9-bea379eccf30" />
    <UnitTestResult executionId="19def680-64ed-424a-a28c-b96b71de63a1" testId="7eb545f0-c08c-0fe9-5f32-a5873e3d410e" testName="TestIsCSharpKeyword(&quot;delegate&quot;,True)" computerName="pkrvmfkh1xnbeme" duration="00:00:00.0003270" startTime="2025-07-09T18:53:52.9245173+00:00" endTime="2025-07-09T18:53:52.9248445+00:00" testType="13cdc9d9-ddb5-4fa4-a97d-d965ccfc6d4b" outcome="Passed" testListId="8c84fa94-04c1-424b-9868-57a2d4851a1d" relativeResultsDirectory="19def680-64ed-424a-a28c-b96b71de63a1" />
    <UnitTestResult executionId="e74cfcdc-0ba0-4f70-ab6a-1458306bba5d" testId="eb783c97-e276-1c62-fa4b-42372d4256f9" testName="Equals(Microsoft.TypeSpec.Generator.Providers.ParameterProvider,Microsoft.TypeSpec.Generator.Providers.ParameterProvider,True)" computerName="pkrvmfkh1xnbeme" duration="00:00:00.0000490" startTime="2025-07-09T18:53:52.3912607+00:00" endTime="2025-07-09T18:53:52.3913097+00:00" testType="13cdc9d9-ddb5-4fa4-a97d-d965ccfc6d4b" outcome="Passed" testListId="8c84fa94-04c1-424b-9868-57a2d4851a1d" relativeResultsDirectory="e74cfcdc-0ba0-4f70-ab6a-1458306bba5d" />
    <UnitTestResult executionId="987e860f-5810-40e6-b1d0-d4d7bbe59ca1" testId="44f3642a-9a44-e5e0-4d9a-8317e240098a" testName="IsList(System.Collections.Generic.IEnumerable`1[T],True)" computerName="pkrvmfkh1xnbeme" duration="00:00:00.0000950" startTime="2025-07-09T18:53:46.9407341+00:00" endTime="2025-07-09T18:53:46.9408289+00:00" testType="13cdc9d9-ddb5-4fa4-a97d-d965ccfc6d4b" outcome="Passed" testListId="8c84fa94-04c1-424b-9868-57a2d4851a1d" relativeResultsDirectory="987e860f-5810-40e6-b1d0-d4d7bbe59ca1" />
    <UnitTestResult executionId="24f85a23-01e4-4e85-b99c-34d624fdad4a" testId="32c6af81-7f72-ae75-868d-39dbfdfbacf5" testName="IfStatementAddBracesOptionFalse" computerName="pkrvmfkh1xnbeme" duration="00:00:00.0001340" startTime="2025-07-09T18:53:52.8036647+00:00" endTime="2025-07-09T18:53:52.8037991+00:00" testType="13cdc9d9-ddb5-4fa4-a97d-d965ccfc6d4b" outcome="Passed" testListId="8c84fa94-04c1-424b-9868-57a2d4851a1d" relativeResultsDirectory="24f85a23-01e4-4e85-b99c-34d624fdad4a" />
    <UnitTestResult executionId="01a351ad-042b-4007-9b8a-f10b942977fc" testId="0dc11377-fff4-751d-96d1-181066aa4b1f" testName="IsArray(System.String[],True)" computerName="pkrvmfkh1xnbeme" duration="00:00:00.0005280" startTime="2025-07-09T18:53:46.9361078+00:00" endTime="2025-07-09T18:53:46.9366361+00:00" testType="13cdc9d9-ddb5-4fa4-a97d-d965ccfc6d4b" outcome="Passed" testListId="8c84fa94-04c1-424b-9868-57a2d4851a1d" relativeResultsDirectory="01a351ad-042b-4007-9b8a-f10b942977fc" />
    <UnitTestResult executionId="c69e8cc2-3d87-42aa-9b3c-fdafb88c94a4" testId="f9da7f0a-44ad-cac9-73d9-a57c239d21b4" testName="HashCodesAreEqual(System.Collections.Generic.IDictionary`2[System.Int32,System.Int32])" computerName="pkrvmfkh1xnbeme" duration="00:00:00.0001620" startTime="2025-07-09T18:53:46.9309448+00:00" endTime="2025-07-09T18:53:46.9311071+00:00" testType="13cdc9d9-ddb5-4fa4-a97d-d965ccfc6d4b" outcome="Passed" testListId="8c84fa94-04c1-424b-9868-57a2d4851a1d" relativeResultsDirectory="c69e8cc2-3d87-42aa-9b3c-fdafb88c94a4" />
    <UnitTestResult executionId="e0efc49b-014b-4262-ae8c-90c6ac360ca2" testId="160787b0-1efb-d2b7-8a3c-4607909e6802" testName="VariableNameNotReusedWhenUsedInChildScope" computerName="pkrvmfkh1xnbeme" duration="00:00:00.0003140" startTime="2025-07-09T18:53:52.9852894+00:00" endTime="2025-07-09T18:53:52.9856030+00:00" testType="13cdc9d9-ddb5-4fa4-a97d-d965ccfc6d4b" outcome="Passed" testListId="8c84fa94-04c1-424b-9868-57a2d4851a1d" relativeResultsDirectory="e0efc49b-014b-4262-ae8c-90c6ac360ca2" />
    <UnitTestResult executionId="a62d50a7-6d1f-492f-a726-765349b88e1f" testId="b59faecf-6f2e-dbb5-b5da-4e8c965aa622" testName="TestBuildProperties_ValidatePropertySetters(Microsoft.TypeSpec.Generator.Input.InputModelProperty,string,False)" computerName="pkrvmfkh1xnbeme" duration="00:00:00.0011470" startTime="2025-07-09T18:53:51.8394024+00:00" endTime="2025-07-09T18:53:51.8405492+00:00" testType="13cdc9d9-ddb5-4fa4-a97d-d965ccfc6d4b" outcome="Passed" testListId="8c84fa94-04c1-424b-9868-57a2d4851a1d" relativeResultsDirectory="a62d50a7-6d1f-492f-a726-765349b88e1f" />
    <UnitTestResult executionId="2dfbe952-3b33-40d3-ad8b-2b35f92cb0a7" testId="6144c959-1755-c3dd-7cef-76f3edd5e264" testName="SiblingScopeLinesUseSameName" computerName="pkrvmfkh1xnbeme" duration="00:00:00.0004530" startTime="2025-07-09T18:53:52.8317688+00:00" endTime="2025-07-09T18:53:52.8322222+00:00" testType="13cdc9d9-ddb5-4fa4-a97d-d965ccfc6d4b" outcome="Passed" testListId="8c84fa94-04c1-424b-9868-57a2d4851a1d" relativeResultsDirectory="2dfbe952-3b33-40d3-ad8b-2b35f92cb0a7" />
    <UnitTestResult executionId="be530292-6e67-40df-b966-47c16a0e6ab9" testId="da1f5979-147d-33a6-599b-ca19e039d5bc" testName="GetOrderedPluginDlls" computerName="pkrvmfkh1xnbeme" duration="00:00:00.0035060" startTime="2025-07-09T18:53:52.7113091+00:00" endTime="2025-07-09T18:53:52.7148150+00:00" testType="13cdc9d9-ddb5-4fa4-a97d-d965ccfc6d4b" outcome="Passed" testListId="8c84fa94-04c1-424b-9868-57a2d4851a1d" relativeResultsDirectory="be530292-6e67-40df-b966-47c16a0e6ab9" />
    <UnitTestResult executionId="83d668b3-5911-46bb-bcdf-7532d02fd04b" testId="c8c67187-0fbb-2f54-b6f1-3a6d5e156fac" testName="TestAdditionalPropertiesPropertyNamesAndAccessors" computerName="pkrvmfkh1xnbeme" duration="00:00:00.0026990" startTime="2025-07-09T18:53:51.8067545+00:00" endTime="2025-07-09T18:53:51.8094534+00:00" testType="13cdc9d9-ddb5-4fa4-a97d-d965ccfc6d4b" outcome="Passed" testListId="8c84fa94-04c1-424b-9868-57a2d4851a1d" relativeResultsDirectory="83d668b3-5911-46bb-bcdf-7532d02fd04b" />
    <UnitTestResult executionId="6f2bcdcf-3e65-43c7-a53f-ef08196bed7b" testId="c7a0c7b3-9846-2a4b-b8bb-61d83e352bfb" testName="TypesAreEqualForGenericTypes(System.Collections.Generic.IReadOnlyList`1[T],[System.String])" computerName="pkrvmfkh1xnbeme" duration="00:00:00.0003600" startTime="2025-07-09T18:53:46.9550729+00:00" endTime="2025-07-09T18:53:46.9554331+00:00" testType="13cdc9d9-ddb5-4fa4-a97d-d965ccfc6d4b" outcome="Passed" testListId="8c84fa94-04c1-424b-9868-57a2d4851a1d" relativeResultsDirectory="6f2bcdcf-3e65-43c7-a53f-ef08196bed7b" />
    <UnitTestResult executionId="bf0638d0-028d-4e1e-8f28-c04703cd7d47" testId="f30472ac-a944-bd45-9054-2cf614ac9580" testName="IntSerializationFormat(Integer,null)" computerName="pkrvmfkh1xnbeme" duration="00:00:00.0007610" startTime="2025-07-09T18:53:52.8413389+00:00" endTime="2025-07-09T18:53:52.8420997+00:00" testType="13cdc9d9-ddb5-4fa4-a97d-d965ccfc6d4b" outcome="Passed" testListId="8c84fa94-04c1-424b-9868-57a2d4851a1d" relativeResultsDirectory="bf0638d0-028d-4e1e-8f28-c04703cd7d47" />
    <UnitTestResult executionId="65ddb2ca-8050-494c-9962-1862211d25c8" testId="09cddab9-eb31-04da-1175-a69e6fc6e11a" testName="IntSerializationFormat(Int32,null)" computerName="pkrvmfkh1xnbeme" duration="00:00:00.0004530" startTime="2025-07-09T18:53:52.8459934+00:00" endTime="2025-07-09T18:53:52.8464461+00:00" testType="13cdc9d9-ddb5-4fa4-a97d-d965ccfc6d4b" outcome="Passed" testListId="8c84fa94-04c1-424b-9868-57a2d4851a1d" relativeResultsDirectory="65ddb2ca-8050-494c-9962-1862211d25c8" />
    <UnitTestResult executionId="7493bffe-4895-45c0-b905-d39055f31eaa" testId="0f9d72e7-4b12-d747-8149-f85ab4ea8696" testName="IsReadWriteList(System.Int32,False)" computerName="pkrvmfkh1xnbeme" duration="00:00:00.0002120" startTime="2025-07-09T18:53:46.9442023+00:00" endTime="2025-07-09T18:53:46.9444138+00:00" testType="13cdc9d9-ddb5-4fa4-a97d-d965ccfc6d4b" outcome="Passed" testListId="8c84fa94-04c1-424b-9868-57a2d4851a1d" relativeResultsDirectory="7493bffe-4895-45c0-b905-d39055f31eaa" />
    <UnitTestResult executionId="2603a757-d06e-4018-aa35-58b81269290d" testId="f41ad874-8379-435c-16a6-3393d7b84b2d" testName="BuildTypeProviders_Override" computerName="pkrvmfkh1xnbeme" duration="00:00:00.0037860" startTime="2025-07-09T18:53:46.7104230+00:00" endTime="2025-07-09T18:53:46.7142093+00:00" testType="13cdc9d9-ddb5-4fa4-a97d-d965ccfc6d4b" outcome="Passed" testListId="8c84fa94-04c1-424b-9868-57a2d4851a1d" relativeResultsDirectory="2603a757-d06e-4018-aa35-58b81269290d" />
    <UnitTestResult executionId="9576d5a2-8abb-4866-a100-962f86a9bfcb" testId="763a6323-3950-5210-95f7-b639e604c6d4" testName="TypeProviderWriter_WriteModelAsStruct" computerName="pkrvmfkh1xnbeme" duration="00:00:00.0011160" startTime="2025-07-09T18:53:53.2371662+00:00" endTime="2025-07-09T18:53:53.2382818+00:00" testType="13cdc9d9-ddb5-4fa4-a97d-d965ccfc6d4b" outcome="Passed" testListId="8c84fa94-04c1-424b-9868-57a2d4851a1d" relativeResultsDirectory="9576d5a2-8abb-4866-a100-962f86a9bfcb" />
    <UnitTestResult executionId="a14f7b44-fbaf-40a8-89af-a11b03c76d0f" testId="1fc847a6-e70a-2855-aa14-40c36f34aab7" testName="TestIsCSharpKeyword(&quot;set&quot;,True)" computerName="pkrvmfkh1xnbeme" duration="00:00:00.0003060" startTime="2025-07-09T18:53:52.9670701+00:00" endTime="2025-07-09T18:53:52.9673759+00:00" testType="13cdc9d9-ddb5-4fa4-a97d-d965ccfc6d4b" outcome="Passed" testListId="8c84fa94-04c1-424b-9868-57a2d4851a1d" relativeResultsDirectory="a14f7b44-fbaf-40a8-89af-a11b03c76d0f" />
    <UnitTestResult executionId="d6bf6a58-472c-43d3-acf4-3ff682fceba2" testId="da477cfb-19a2-e344-47c1-5d2441f8f2a1" testName="TypesAreNotEqualWhenNullabilityIsDifferent(System.Collections.Generic.IList`1[System.String])" computerName="pkrvmfkh1xnbeme" duration="00:00:00.0002300" startTime="2025-07-09T18:53:46.9647676+00:00" endTime="2025-07-09T18:53:46.9649970+00:00" testType="13cdc9d9-ddb5-4fa4-a97d-d965ccfc6d4b" outcome="Passed" testListId="8c84fa94-04c1-424b-9868-57a2d4851a1d" relativeResultsDirectory="d6bf6a58-472c-43d3-acf4-3ff682fceba2" />
    <UnitTestResult executionId="ddd63612-77cb-412f-a2b0-7f5b28c235ee" testId="66f00b6b-7e66-d43e-f104-8a2b5185043b" testName="TestIsCSharpKeyword(&quot;uint&quot;,True)" computerName="pkrvmfkh1xnbeme" duration="00:00:00.0005380" startTime="2025-07-09T18:53:52.9730965+00:00" endTime="2025-07-09T18:53:52.9736340+00:00" testType="13cdc9d9-ddb5-4fa4-a97d-d965ccfc6d4b" outcome="Passed" testListId="8c84fa94-04c1-424b-9868-57a2d4851a1d" relativeResultsDirectory="ddd63612-77cb-412f-a2b0-7f5b28c235ee" />
    <UnitTestResult executionId="73bf1444-cd30-43fa-9d42-907e4bd74d99" testId="2aced093-2a6f-e352-05e1-094b8ca32711" testName="CanChangeVariableExpression" computerName="pkrvmfkh1xnbeme" duration="00:00:00.0010010" startTime="2025-07-09T18:53:46.0159717+00:00" endTime="2025-07-09T18:53:46.0169730+00:00" testType="13cdc9d9-ddb5-4fa4-a97d-d965ccfc6d4b" outcome="Passed" testListId="8c84fa94-04c1-424b-9868-57a2d4851a1d" relativeResultsDirectory="73bf1444-cd30-43fa-9d42-907e4bd74d99" />
    <UnitTestResult executionId="8ad0a7f4-664e-402f-bdcd-cc50f7985138" testId="65447680-2649-575c-78cc-9a2645bae4cc" testName="IsList(System.Collections.Generic.IReadOnlyList`1[T],True)" computerName="pkrvmfkh1xnbeme" duration="00:00:00.0001210" startTime="2025-07-09T18:53:46.9408399+00:00" endTime="2025-07-09T18:53:46.9409611+00:00" testType="13cdc9d9-ddb5-4fa4-a97d-d965ccfc6d4b" outcome="Passed" testListId="8c84fa94-04c1-424b-9868-57a2d4851a1d" relativeResultsDirectory="8ad0a7f4-664e-402f-bdcd-cc50f7985138" />
    <UnitTestResult executionId="b5d4b037-ae2c-4401-a26e-1cfabcf4ce2b" testId="3f82880f-669e-4c80-f5cb-7b52a5ea247e" testName="KeyValuePairExpression(System.Int32,System.String)" computerName="pkrvmfkh1xnbeme" duration="00:00:00.0022940" startTime="2025-07-09T18:53:46.0437983+00:00" endTime="2025-07-09T18:53:46.0460921+00:00" testType="13cdc9d9-ddb5-4fa4-a97d-d965ccfc6d4b" outcome="Passed" testListId="8c84fa94-04c1-424b-9868-57a2d4851a1d" relativeResultsDirectory="b5d4b037-ae2c-4401-a26e-1cfabcf4ce2b" />
    <UnitTestResult executionId="5d658c46-84d7-46b7-9145-63b6e746729f" testId="ca610a9c-ba67-5df9-9fb1-df42d8ef7ec4" testName="TestToApiVersionMemberName(&quot;1.0.0&quot;,&quot;V1_0_0&quot;)" computerName="pkrvmfkh1xnbeme" duration="00:00:00.0003100" startTime="2025-07-09T18:53:52.9791990+00:00" endTime="2025-07-09T18:53:52.9795089+00:00" testType="13cdc9d9-ddb5-4fa4-a97d-d965ccfc6d4b" outcome="Passed" testListId="8c84fa94-04c1-424b-9868-57a2d4851a1d" relativeResultsDirectory="5d658c46-84d7-46b7-9145-63b6e746729f" />
    <UnitTestResult executionId="1308818a-b78c-4bfc-b57a-ab67d3503528" testId="597bd723-9003-2a88-ade0-4bc49ffe996b" testName="ValidatePropertyTypes(System.Collections.Generic.IEnumerable`1[Microsoft.TypeSpec.Generator.Tests.PropertyType])" computerName="pkrvmfkh1xnbeme" duration="00:00:00.0091559" startTime="2025-07-09T18:53:52.2124409+00:00" endTime="2025-07-09T18:53:52.2215969+00:00" testType="13cdc9d9-ddb5-4fa4-a97d-d965ccfc6d4b" outcome="Passed" testListId="8c84fa94-04c1-424b-9868-57a2d4851a1d" relativeResultsDirectory="1308818a-b78c-4bfc-b57a-ab67d3503528" />
    <UnitTestResult executionId="329bb7a5-b93f-43d2-aec2-19b17b02927c" testId="54de8916-5b62-ba46-e8c2-27c2d49d182d" testName="TestParseConfig_LibraryName(&quot;{\n                    \&quot;output-folder\&quot;: \&quot;outputFolder\&quot;,\n                    \&quot;package-name\&quot;: \&quot;libraryName\&quot;,\n                }&quot;,False)" computerName="pkrvmfkh1xnbeme" duration="00:00:00.0003180" startTime="2025-07-09T18:53:43.6261344+00:00" endTime="2025-07-09T18:53:43.6264521+00:00" testType="13cdc9d9-ddb5-4fa4-a97d-d965ccfc6d4b" outcome="Passed" testListId="8c84fa94-04c1-424b-9868-57a2d4851a1d" relativeResultsDirectory="329bb7a5-b93f-43d2-aec2-19b17b02927c" />
    <UnitTestResult executionId="b45ba155-ad92-4d99-b8b3-4fe5f315bb2f" testId="86b6936d-d0a3-0fe4-51f4-73e029925e7c" testName="ReadOnlyDict_Undefined_ReturnsFalse" computerName="pkrvmfkh1xnbeme" duration="00:00:00.0001540" startTime="2025-07-09T18:53:52.3837400+00:00" endTime="2025-07-09T18:53:52.3838943+00:00" testType="13cdc9d9-ddb5-4fa4-a97d-d965ccfc6d4b" outcome="Passed" testListId="8c84fa94-04c1-424b-9868-57a2d4851a1d" relativeResultsDirectory="b45ba155-ad92-4d99-b8b3-4fe5f315bb2f" />
    <UnitTestResult executionId="a3e046ba-c289-4f26-9b40-f03d53f78866" testId="5e313791-9716-3c77-4680-c6a571a33fba" testName="ValidateModifiers" computerName="pkrvmfkh1xnbeme" duration="00:00:00.0001600" startTime="2025-07-09T18:53:51.9634629+00:00" endTime="2025-07-09T18:53:51.9636229+00:00" testType="13cdc9d9-ddb5-4fa4-a97d-d965ccfc6d4b" outcome="Passed" testListId="8c84fa94-04c1-424b-9868-57a2d4851a1d" relativeResultsDirectory="a3e046ba-c289-4f26-9b40-f03d53f78866" />
    <UnitTestResult executionId="b7ee52fd-e4d5-4f57-856f-dd8867f3045c" testId="28c89347-07cb-f303-2d19-a9e42b6e0950" testName="CanAddLicenseInfo" computerName="pkrvmfkh1xnbeme" duration="00:00:00.1319300" startTime="2025-07-09T18:53:43.4313395+00:00" endTime="2025-07-09T18:53:43.5631633+00:00" testType="13cdc9d9-ddb5-4fa4-a97d-d965ccfc6d4b" outcome="Passed" testListId="8c84fa94-04c1-424b-9868-57a2d4851a1d" relativeResultsDirectory="b7ee52fd-e4d5-4f57-856f-dd8867f3045c" />
    <UnitTestResult executionId="ff870b04-1f8a-47fc-a863-796caec027c6" testId="8f4ab2fc-20d9-03f6-a5f1-0258786d5836" testName="CanCallInvokeWithTypeArgs" computerName="pkrvmfkh1xnbeme" duration="00:00:00.0004460" startTime="2025-07-09T18:53:52.3842366+00:00" endTime="2025-07-09T18:53:52.3846823+00:00" testType="13cdc9d9-ddb5-4fa4-a97d-d965ccfc6d4b" outcome="Passed" testListId="8c84fa94-04c1-424b-9868-57a2d4851a1d" relativeResultsDirectory="ff870b04-1f8a-47fc-a863-796caec027c6" />
    <UnitTestResult executionId="bef27e5b-fb38-4af6-8277-cd71d1001a3f" testId="642252cc-ee55-63d1-36e9-8adcb260ce39" testName="TestIsCSharpKeyword(&quot;stackalloc&quot;,True)" computerName="pkrvmfkh1xnbeme" duration="00:00:00.0003070" startTime="2025-07-09T18:53:52.9680304+00:00" endTime="2025-07-09T18:53:52.9683369+00:00" testType="13cdc9d9-ddb5-4fa4-a97d-d965ccfc6d4b" outcome="Passed" testListId="8c84fa94-04c1-424b-9868-57a2d4851a1d" relativeResultsDirectory="bef27e5b-fb38-4af6-8277-cd71d1001a3f" />
    <UnitTestResult executionId="aef22680-8bb8-498b-a0b8-24d31500c9ee" testId="529e11c5-7768-7957-da11-f5bd2add9362" testName="BackCompat_GAApiVersionsAdded" computerName="pkrvmfkh1xnbeme" duration="00:00:00.0717349" startTime="2025-07-09T18:53:47.0620122+00:00" endTime="2025-07-09T18:53:47.1337467+00:00" testType="13cdc9d9-ddb5-4fa4-a97d-d965ccfc6d4b" outcome="Passed" testListId="8c84fa94-04c1-424b-9868-57a2d4851a1d" relativeResultsDirectory="aef22680-8bb8-498b-a0b8-24d31500c9ee" />
    <UnitTestResult executionId="9152d608-4ef5-45ac-b227-b70ff58150bc" testId="a56ddb79-3317-b80b-98c4-2292384250b4" testName="CanCustomizeModelFullConstructor(False)" computerName="pkrvmfkh1xnbeme" duration="00:00:00.1573180" startTime="2025-07-09T18:53:47.7392413+00:00" endTime="2025-07-09T18:53:47.8965584+00:00" testType="13cdc9d9-ddb5-4fa4-a97d-d965ccfc6d4b" outcome="Passed" testListId="8c84fa94-04c1-424b-9868-57a2d4851a1d" relativeResultsDirectory="9152d608-4ef5-45ac-b227-b70ff58150bc" />
    <UnitTestResult executionId="66d84952-f7af-4054-86dd-fbb0eb261a3d" testId="efa41d69-047a-862e-3b9a-3e60dad1df59" testName="ListParamShape" computerName="pkrvmfkh1xnbeme" duration="00:00:00.0025640" startTime="2025-07-09T18:53:48.4324794+00:00" endTime="2025-07-09T18:53:48.4350438+00:00" testType="13cdc9d9-ddb5-4fa4-a97d-d965ccfc6d4b" outcome="Passed" testListId="8c84fa94-04c1-424b-9868-57a2d4851a1d" relativeResultsDirectory="66d84952-f7af-4054-86dd-fbb0eb261a3d" />
    <UnitTestResult executionId="7da7c091-14e4-482a-a2ec-66fffe675f89" testId="64db45f7-a1e7-2f85-1ccb-40bdd95795a4" testName="TestInfo()" computerName="pkrvmfkh1xnbeme" duration="00:00:00.0004990" startTime="2025-07-09T18:53:45.9839754+00:00" endTime="2025-07-09T18:53:45.9844742+00:00" testType="13cdc9d9-ddb5-4fa4-a97d-d965ccfc6d4b" outcome="Passed" testListId="8c84fa94-04c1-424b-9868-57a2d4851a1d" relativeResultsDirectory="7da7c091-14e4-482a-a2ec-66fffe675f89" />
    <UnitTestResult executionId="c41657aa-b5c1-4369-bedf-708fc2bd93c5" testId="23153d45-25e8-2ed0-0a84-a9cd8065ee19" testName="TestDownloadAndInstallPackage(True)" computerName="pkrvmfkh1xnbeme" duration="00:00:00.0467040" startTime="2025-07-09T18:53:52.8599228+00:00" endTime="2025-07-09T18:53:52.9066264+00:00" testType="13cdc9d9-ddb5-4fa4-a97d-d965ccfc6d4b" outcome="Passed" testListId="8c84fa94-04c1-424b-9868-57a2d4851a1d" relativeResultsDirectory="c41657aa-b5c1-4369-bedf-708fc2bd93c5" />
    <UnitTestResult executionId="21484b5f-e50a-4015-80f9-4f623cb95865" testId="e9ddef06-7dfd-fff2-8df3-6a0be02fd7d9" testName="BuildEnumType_ValidateIntBasedFixedEnum()" computerName="pkrvmfkh1xnbeme" duration="00:00:00.0013540" startTime="2025-07-09T18:53:47.2492708+00:00" endTime="2025-07-09T18:53:47.2506246+00:00" testType="13cdc9d9-ddb5-4fa4-a97d-d965ccfc6d4b" outcome="Passed" testListId="8c84fa94-04c1-424b-9868-57a2d4851a1d" relativeResultsDirectory="21484b5f-e50a-4015-80f9-4f623cb95865" />
    <UnitTestResult executionId="3b329e8a-273d-4553-8f97-ff354dbc0fd6" testId="3ec5ba8b-f48c-92cb-ad25-87e8cf58b5f8" testName="IsReadWriteDictionary(System.Collections.Generic.IDictionary`2[System.String,System.String],True)" computerName="pkrvmfkh1xnbeme" duration="00:00:00.0002660" startTime="2025-07-09T18:53:46.9436977+00:00" endTime="2025-07-09T18:53:46.9439634+00:00" testType="13cdc9d9-ddb5-4fa4-a97d-d965ccfc6d4b" outcome="Passed" testListId="8c84fa94-04c1-424b-9868-57a2d4851a1d" relativeResultsDirectory="3b329e8a-273d-4553-8f97-ff354dbc0fd6" />
    <UnitTestResult executionId="c0b6683c-98cf-4b25-9e89-397aa65faf19" testId="88560383-7a45-4a35-1f88-1bd254fd94a7" testName="TypesAreNotEqual(System.Collections.Generic.IDictionary`2[System.Collections.Generic.IDictionary`2[System.Int32,System.String],System.Collections.Generic.IDictionary`2[System.String,System.Int32]],System.Collections.Generic.IDictionary`2[System.Collections.Generic.IDictionary`2[System.String,System.Int32],System.Collections.Generic.IDictionary`2[System.String,System.Int32]])" computerName="pkrvmfkh1xnbeme" duration="00:00:00.0002560" startTime="2025-07-09T18:53:46.9627956+00:00" endTime="2025-07-09T18:53:46.9630516+00:00" testType="13cdc9d9-ddb5-4fa4-a97d-d965ccfc6d4b" outcome="Passed" testListId="8c84fa94-04c1-424b-9868-57a2d4851a1d" relativeResultsDirectory="c0b6683c-98cf-4b25-9e89-397aa65faf19" />
    <UnitTestResult executionId="de4ede80-b71e-4b73-9bc5-770a1eeaa57f" testId="fe0f7012-72f1-1691-a889-2acdf9e700c3" testName="InvalidDocInFormatArg" computerName="pkrvmfkh1xnbeme" duration="00:00:00.0002930" startTime="2025-07-09T18:53:52.8354081+00:00" endTime="2025-07-09T18:53:52.8357012+00:00" testType="13cdc9d9-ddb5-4fa4-a97d-d965ccfc6d4b" outcome="Passed" testListId="8c84fa94-04c1-424b-9868-57a2d4851a1d" relativeResultsDirectory="de4ede80-b71e-4b73-9bc5-770a1eeaa57f" />
    <UnitTestResult executionId="81c7ab07-ee84-4f05-ae6f-a7d289fb5cd9" testId="f93f42bb-5da8-211b-13aa-634298979707" testName="IsReadWriteDictionary(System.Int32,False)" computerName="pkrvmfkh1xnbeme" duration="00:00:00.0002210" startTime="2025-07-09T18:53:46.9434619+00:00" endTime="2025-07-09T18:53:46.9436827+00:00" testType="13cdc9d9-ddb5-4fa4-a97d-d965ccfc6d4b" outcome="Passed" testListId="8c84fa94-04c1-424b-9868-57a2d4851a1d" relativeResultsDirectory="81c7ab07-ee84-4f05-ae6f-a7d289fb5cd9" />
    <UnitTestResult executionId="72f42586-b81d-436f-9d46-201d995ef4e5" testId="67400dc0-2be8-6421-c6f9-06c2f3c9beb6" testName="TestBreakLines_AllLiteralsNoArgsWithCR" computerName="pkrvmfkh1xnbeme" duration="00:00:00.0000790" startTime="2025-07-09T18:53:52.8559331+00:00" endTime="2025-07-09T18:53:52.8560119+00:00" testType="13cdc9d9-ddb5-4fa4-a97d-d965ccfc6d4b" outcome="Passed" testListId="8c84fa94-04c1-424b-9868-57a2d4851a1d" relativeResultsDirectory="72f42586-b81d-436f-9d46-201d995ef4e5" />
    <UnitTestResult executionId="a5fb40e8-df0c-4bed-9007-9470e87005fc" testId="8eb8d35e-824b-7a2f-1ee3-affba1ece6ab" testName="TryStatementWithMultipleLineBody" computerName="pkrvmfkh1xnbeme" duration="00:00:00.0002940" startTime="2025-07-09T18:53:52.8188085+00:00" endTime="2025-07-09T18:53:52.8191028+00:00" testType="13cdc9d9-ddb5-4fa4-a97d-d965ccfc6d4b" outcome="Passed" testListId="8c84fa94-04c1-424b-9868-57a2d4851a1d" relativeResultsDirectory="a5fb40e8-df0c-4bed-9007-9470e87005fc" />
    <UnitTestResult executionId="aeb09e3d-030e-425d-9478-000b1a5d67d8" testId="0c23041d-c653-bb0d-7faf-563309162fe4" testName="DisableDocsForType" computerName="pkrvmfkh1xnbeme" duration="00:00:00.0158310" startTime="2025-07-09T18:53:43.5924381+00:00" endTime="2025-07-09T18:53:43.6082686+00:00" testType="13cdc9d9-ddb5-4fa4-a97d-d965ccfc6d4b" outcome="Passed" testListId="8c84fa94-04c1-424b-9868-57a2d4851a1d" relativeResultsDirectory="aeb09e3d-030e-425d-9478-000b1a5d67d8" />
    <UnitTestResult executionId="eaf5d5b6-d99c-4e36-b163-eca82b789ceb" testId="592e74ff-3455-fef7-3f49-357d335bc5de" testName="ValidateName" computerName="pkrvmfkh1xnbeme" duration="00:00:00.0010500" startTime="2025-07-09T18:53:47.0420718+00:00" endTime="2025-07-09T18:53:47.0431218+00:00" testType="13cdc9d9-ddb5-4fa4-a97d-d965ccfc6d4b" outcome="Passed" testListId="8c84fa94-04c1-424b-9868-57a2d4851a1d" relativeResultsDirectory="eaf5d5b6-d99c-4e36-b163-eca82b789ceb" />
    <UnitTestResult executionId="598f1eec-1760-4024-bb33-fb35697410f7" testId="368193ca-abd8-bca1-3e99-48db0eca7bfc" testName="ValidateNullableTypes(Microsoft.TypeSpec.Generator.Tests.Primitives.CSharpTypeTests+TestStruct`1[System.Nullable`1[System.Int32]],[int?],False)" computerName="pkrvmfkh1xnbeme" duration="00:00:00.0000940" startTime="2025-07-09T18:53:46.9678136+00:00" endTime="2025-07-09T18:53:46.9679072+00:00" testType="13cdc9d9-ddb5-4fa4-a97d-d965ccfc6d4b" outcome="Passed" testListId="8c84fa94-04c1-424b-9868-57a2d4851a1d" relativeResultsDirectory="598f1eec-1760-4024-bb33-fb35697410f7" />
    <UnitTestResult executionId="18bdb100-fbd5-4b64-b8b0-41d3c5933255" testId="8d3616fd-3513-88bb-16af-418f5e2f0ef4" testName="TypeOfStatement(System.Int32,&quot;typeof(int)&quot;)" computerName="pkrvmfkh1xnbeme" duration="00:00:00.0007990" startTime="2025-07-09T18:53:46.0705518+00:00" endTime="2025-07-09T18:53:46.0713507+00:00" testType="13cdc9d9-ddb5-4fa4-a97d-d965ccfc6d4b" outcome="Passed" testListId="8c84fa94-04c1-424b-9868-57a2d4851a1d" relativeResultsDirectory="18bdb100-fbd5-4b64-b8b0-41d3c5933255" />
    <UnitTestResult executionId="7248300d-b233-48f3-b2a5-a962a4d283c2" testId="680db675-7d70-5c15-5383-abec258f0d3c" testName="IfStatementWithDefaultOptions" computerName="pkrvmfkh1xnbeme" duration="00:00:00.0001399" startTime="2025-07-09T18:53:52.8046870+00:00" endTime="2025-07-09T18:53:52.8048269+00:00" testType="13cdc9d9-ddb5-4fa4-a97d-d965ccfc6d4b" outcome="Passed" testListId="8c84fa94-04c1-424b-9868-57a2d4851a1d" relativeResultsDirectory="7248300d-b233-48f3-b2a5-a962a4d283c2" />
    <UnitTestResult executionId="dfcd7f6a-71df-4a63-8e45-734d2cfe026c" testId="4347d80b-19f7-e06d-caef-277a011bf971" testName="TestIsCSharpKeyword(&quot;await&quot;,True)" computerName="pkrvmfkh1xnbeme" duration="00:00:00.0005260" startTime="2025-07-09T18:53:52.9188375+00:00" endTime="2025-07-09T18:53:52.9193629+00:00" testType="13cdc9d9-ddb5-4fa4-a97d-d965ccfc6d4b" outcome="Passed" testListId="8c84fa94-04c1-424b-9868-57a2d4851a1d" relativeResultsDirectory="dfcd7f6a-71df-4a63-8e45-734d2cfe026c" />
    <UnitTestResult executionId="56c8df50-79d6-4573-822c-05bd68b10f71" testId="928f080a-2ca5-1016-2506-1535fb3977cd" testName="DiscriminatorEnumParamShape" computerName="pkrvmfkh1xnbeme" duration="00:00:00.0026760" startTime="2025-07-09T18:53:48.4297778+00:00" endTime="2025-07-09T18:53:48.4324540+00:00" testType="13cdc9d9-ddb5-4fa4-a97d-d965ccfc6d4b" outcome="Passed" testListId="8c84fa94-04c1-424b-9868-57a2d4851a1d" relativeResultsDirectory="56c8df50-79d6-4573-822c-05bd68b10f71" />
    <UnitTestResult executionId="ba959901-66be-418d-8c4a-e343717a4a47" testId="4c8ec50b-8c5a-aec9-c5b3-70243e209d42" testName="DictionaryParamShape" computerName="pkrvmfkh1xnbeme" duration="00:00:00.0026909" startTime="2025-07-09T18:53:48.4270601+00:00" endTime="2025-07-09T18:53:48.4297509+00:00" testType="13cdc9d9-ddb5-4fa4-a97d-d965ccfc6d4b" outcome="Passed" testListId="8c84fa94-04c1-424b-9868-57a2d4851a1d" relativeResultsDirectory="ba959901-66be-418d-8c4a-e343717a4a47" />
    <UnitTestResult executionId="059e4e35-829b-4eb5-b438-1d3ba2707376" testId="8eb852a2-4a4f-862c-25b2-0750277a1109" testName="TypesAreEqualForGenericTypes(System.Collections.Generic.IDictionary`2[TKey,TValue],[System.String, System.String])" computerName="pkrvmfkh1xnbeme" duration="00:00:00.0001850" startTime="2025-07-09T18:53:46.9554483+00:00" endTime="2025-07-09T18:53:46.9556334+00:00" testType="13cdc9d9-ddb5-4fa4-a97d-d965ccfc6d4b" outcome="Passed" testListId="8c84fa94-04c1-424b-9868-57a2d4851a1d" relativeResultsDirectory="059e4e35-829b-4eb5-b438-1d3ba2707376" />
    <UnitTestResult executionId="d5d6e151-b7fc-46be-be34-48ac50607490" testId="c750f97e-dda7-af8d-a7e5-cad6c9aee199" testName="InvokeToDouble" computerName="pkrvmfkh1xnbeme" duration="00:00:00.0003550" startTime="2025-07-09T18:53:52.6286515+00:00" endTime="2025-07-09T18:53:52.6290064+00:00" testType="13cdc9d9-ddb5-4fa4-a97d-d965ccfc6d4b" outcome="Passed" testListId="8c84fa94-04c1-424b-9868-57a2d4851a1d" relativeResultsDirectory="d5d6e151-b7fc-46be-be34-48ac50607490" />
    <UnitTestResult executionId="ee7af04f-ab8f-4822-935c-203fc28acd10" testId="0dc7140d-4bbf-efdd-6caf-673aa037fb11" testName="TestBreakLines_LiteralOpenAndCloseBraceWithT" computerName="pkrvmfkh1xnbeme" duration="00:00:00.0000670" startTime="2025-07-09T18:53:52.8570558+00:00" endTime="2025-07-09T18:53:52.8571232+00:00" testType="13cdc9d9-ddb5-4fa4-a97d-d965ccfc6d4b" outcome="Passed" testListId="8c84fa94-04c1-424b-9868-57a2d4851a1d" relativeResultsDirectory="ee7af04f-ab8f-4822-935c-203fc28acd10" />
    <UnitTestResult executionId="226fccd9-7b05-47ab-a3bc-6eed37b872b0" testId="ae193638-acd8-a527-e257-07f3dcf34f52" testName="BuildPropertyDescription(Microsoft.TypeSpec.Generator.Input.InputModelProperty,global::System.Collections.Generic.IReadOnlyList&lt;global::System.BinaryData&gt;)" computerName="pkrvmfkh1xnbeme" duration="00:00:00.0004770" startTime="2025-07-09T18:53:52.3989728+00:00" endTime="2025-07-09T18:53:52.3994500+00:00" testType="13cdc9d9-ddb5-4fa4-a97d-d965ccfc6d4b" outcome="Passed" testListId="8c84fa94-04c1-424b-9868-57a2d4851a1d" relativeResultsDirectory="226fccd9-7b05-47ab-a3bc-6eed37b872b0" />
    <UnitTestResult executionId="7f206e19-e94f-4c97-98be-ecd4df1ceca9" testId="2bd55a3c-b8eb-48c6-3c31-edf0c324bdb0" testName="List_Undefined_ReturnsFalse" computerName="pkrvmfkh1xnbeme" duration="00:00:00.0001499" startTime="2025-07-09T18:53:52.3820786+00:00" endTime="2025-07-09T18:53:52.3822283+00:00" testType="13cdc9d9-ddb5-4fa4-a97d-d965ccfc6d4b" outcome="Passed" testListId="8c84fa94-04c1-424b-9868-57a2d4851a1d" relativeResultsDirectory="7f206e19-e94f-4c97-98be-ecd4df1ceca9" />
    <UnitTestResult executionId="e66e34a4-e5b4-46f9-8d22-31f9c5113342" testId="20555999-6988-8b37-7eac-56c9d5fe797e" testName="DoesNotGenerateExistingProperty" computerName="pkrvmfkh1xnbeme" duration="00:00:00.1455050" startTime="2025-07-09T18:53:51.3523086+00:00" endTime="2025-07-09T18:53:51.4978128+00:00" testType="13cdc9d9-ddb5-4fa4-a97d-d965ccfc6d4b" outcome="Passed" testListId="8c84fa94-04c1-424b-9868-57a2d4851a1d" relativeResultsDirectory="e66e34a4-e5b4-46f9-8d22-31f9c5113342" />
    <UnitTestResult executionId="a9632d70-f86e-4c57-a8f0-0cdbf16102d7" testId="707fb3d0-03de-bdac-591f-7d133eb012d7" testName="CSharpTypeOperatorTestEqual(global::System.Collections.Generic.IList&lt;T&gt;)" computerName="pkrvmfkh1xnbeme" duration="00:00:00.0000290" startTime="2025-07-09T18:53:46.0743348+00:00" endTime="2025-07-09T18:53:46.0743637+00:00" testType="13cdc9d9-ddb5-4fa4-a97d-d965ccfc6d4b" outcome="Passed" testListId="8c84fa94-04c1-424b-9868-57a2d4851a1d" relativeResultsDirectory="a9632d70-f86e-4c57-a8f0-0cdbf16102d7" />
    <UnitTestResult executionId="b88a0f34-d689-483f-a38d-3dbe5768dc74" testId="869fadce-b516-c257-0c95-62752d314964" testName="TestToApiVersionMemberName(&quot;V1.0.0&quot;,&quot;V1_0_0&quot;)" computerName="pkrvmfkh1xnbeme" duration="00:00:00.0000510" startTime="2025-07-09T18:53:52.9798494+00:00" endTime="2025-07-09T18:53:52.9799004+00:00" testType="13cdc9d9-ddb5-4fa4-a97d-d965ccfc6d4b" outcome="Passed" testListId="8c84fa94-04c1-424b-9868-57a2d4851a1d" relativeResultsDirectory="b88a0f34-d689-483f-a38d-3dbe5768dc74" />
    <UnitTestResult executionId="67832b95-38d5-4e60-8438-704aea01c41c" testId="27bca920-a72d-e65e-33db-54c0a6ef7019" testName="SystemTypeOperatorTestNotEqual(System.Collections.Generic.IDictionary`2[System.Int32,System.String],System.Collections.Generic.Dictionary`2[System.Int32,System.Int32])" computerName="pkrvmfkh1xnbeme" duration="00:00:00.0002690" startTime="2025-07-09T18:53:46.0840418+00:00" endTime="2025-07-09T18:53:46.0843109+00:00" testType="13cdc9d9-ddb5-4fa4-a97d-d965ccfc6d4b" outcome="Passed" testListId="8c84fa94-04c1-424b-9868-57a2d4851a1d" relativeResultsDirectory="67832b95-38d5-4e60-8438-704aea01c41c" />
    <UnitTestResult executionId="ff861901-461e-472d-a1aa-421a422f551e" testId="ed65733d-7af3-f495-5fb1-3e84aed28606" testName="CodeWriter_WriteProperty_MethodPropertyBody_WithExplicitInterface" computerName="pkrvmfkh1xnbeme" duration="00:00:00.0006990" startTime="2025-07-09T18:53:53.0109172+00:00" endTime="2025-07-09T18:53:53.0116161+00:00" testType="13cdc9d9-ddb5-4fa4-a97d-d965ccfc6d4b" outcome="Passed" testListId="8c84fa94-04c1-424b-9868-57a2d4851a1d" relativeResultsDirectory="ff861901-461e-472d-a1aa-421a422f551e" />
    <UnitTestResult executionId="59ca28b3-a073-48a1-81c0-a5418d3ba33d" testId="3e0d26d4-5c71-07fd-d917-3aefdd4eeb1b" testName="SystemTypeOperatorTestNotEqual(System.Int32,System.Collections.Generic.IList`1[T])" computerName="pkrvmfkh1xnbeme" duration="00:00:00.0004670" startTime="2025-07-09T18:53:46.0804427+00:00" endTime="2025-07-09T18:53:46.0809097+00:00" testType="13cdc9d9-ddb5-4fa4-a97d-d965ccfc6d4b" outcome="Passed" testListId="8c84fa94-04c1-424b-9868-57a2d4851a1d" relativeResultsDirectory="59ca28b3-a073-48a1-81c0-a5418d3ba33d" />
    <UnitTestResult executionId="3757ab5e-cb15-4fbb-9c82-334be00ff359" testId="88acfffa-6ebd-143d-ed22-519c4f519ea6" testName="DictionaryExpression(System.Collections.Generic.IDictionary`2[System.Int32,System.String],System.Collections.Generic.Dictionary`2[System.Int32,System.Int32])" computerName="pkrvmfkh1xnbeme" duration="00:00:00.0005490" startTime="2025-07-09T18:53:46.0401900+00:00" endTime="2025-07-09T18:53:46.0407388+00:00" testType="13cdc9d9-ddb5-4fa4-a97d-d965ccfc6d4b" outcome="Passed" testListId="8c84fa94-04c1-424b-9868-57a2d4851a1d" relativeResultsDirectory="3757ab5e-cb15-4fbb-9c82-334be00ff359" />
    <UnitTestResult executionId="0879ddff-7d86-4349-9974-191308b01d93" testId="2238aa25-e5a6-8e7f-9981-e7e7ad9efecb" testName="TestIsCSharpKeyword(&quot;alias&quot;,True)" computerName="pkrvmfkh1xnbeme" duration="00:00:00.0003620" startTime="2025-07-09T18:53:52.9173568+00:00" endTime="2025-07-09T18:53:52.9177191+00:00" testType="13cdc9d9-ddb5-4fa4-a97d-d965ccfc6d4b" outcome="Passed" testListId="8c84fa94-04c1-424b-9868-57a2d4851a1d" relativeResultsDirectory="0879ddff-7d86-4349-9974-191308b01d93" />
    <UnitTestResult executionId="44270c88-f5fc-4089-a067-27626f8f197a" testId="77f7ee0e-886f-f898-6f5d-3b61078bccf6" testName="CanUpdateMemberExpression" computerName="pkrvmfkh1xnbeme" duration="00:00:00.0006650" startTime="2025-07-09T18:53:46.0194275+00:00" endTime="2025-07-09T18:53:46.0200924+00:00" testType="13cdc9d9-ddb5-4fa4-a97d-d965ccfc6d4b" outcome="Passed" testListId="8c84fa94-04c1-424b-9868-57a2d4851a1d" relativeResultsDirectory="44270c88-f5fc-4089-a067-27626f8f197a" />
    <UnitTestResult executionId="7acf26b1-29dc-4d24-a4fa-debb4ab95893" testId="51f0d52a-a255-7a92-fcbc-d358b1f05aba" testName="ValidateInstanceCtorWithArguments" computerName="pkrvmfkh1xnbeme" duration="00:00:00.0005490" startTime="2025-07-09T18:53:52.6428678+00:00" endTime="2025-07-09T18:53:52.6434164+00:00" testType="13cdc9d9-ddb5-4fa4-a97d-d965ccfc6d4b" outcome="Passed" testListId="8c84fa94-04c1-424b-9868-57a2d4851a1d" relativeResultsDirectory="7acf26b1-29dc-4d24-a4fa-debb4ab95893" />
    <UnitTestResult executionId="73937c5d-87ee-47f3-91c6-83d4431aec7b" testId="19d767e5-20f1-fedf-7a8f-c8f1a86fdf3c" testName="AssertNotNull" computerName="pkrvmfkh1xnbeme" duration="00:00:00.0003430" startTime="2025-07-09T18:53:52.6276984+00:00" endTime="2025-07-09T18:53:52.6280409+00:00" testType="13cdc9d9-ddb5-4fa4-a97d-d965ccfc6d4b" outcome="Passed" testListId="8c84fa94-04c1-424b-9868-57a2d4851a1d" relativeResultsDirectory="73937c5d-87ee-47f3-91c6-83d4431aec7b" />
    <UnitTestResult executionId="3d481d5c-183a-42ef-9511-b9355e3016d2" testId="51fb16f6-66c4-0050-c71e-12ab273ae4b0" testName="TestToApiVersionValue(&quot;V2023_12_31&quot;,&quot;2023-12-31&quot;)" computerName="pkrvmfkh1xnbeme" duration="00:00:00.0000430" startTime="2025-07-09T18:53:52.9808182+00:00" endTime="2025-07-09T18:53:52.9808612+00:00" testType="13cdc9d9-ddb5-4fa4-a97d-d965ccfc6d4b" outcome="Passed" testListId="8c84fa94-04c1-424b-9868-57a2d4851a1d" relativeResultsDirectory="3d481d5c-183a-42ef-9511-b9355e3016d2" />
    <UnitTestResult executionId="d9717f40-0278-4976-9f18-f218db2241e0" testId="474ce8e7-95be-0f6b-ada6-532566f43080" testName="NotEqualToFrameworkType(System.Collections.Generic.IDictionary`2[System.Int32,System.String],System.Collections.Generic.IDictionary`2[System.String,System.Int32])" computerName="pkrvmfkh1xnbeme" duration="00:00:00.0002040" startTime="2025-07-09T18:53:46.9496633+00:00" endTime="2025-07-09T18:53:46.9498677+00:00" testType="13cdc9d9-ddb5-4fa4-a97d-d965ccfc6d4b" outcome="Passed" testListId="8c84fa94-04c1-424b-9868-57a2d4851a1d" relativeResultsDirectory="d9717f40-0278-4976-9f18-f218db2241e0" />
    <UnitTestResult executionId="c50f2f00-ae27-4d47-b99e-7cb003826246" testId="3077df90-1ad1-72b0-e0da-9c7463ee4e06" testName="DictionaryExpression(System.Int32,System.Collections.Generic.IList`1[System.Int32])" computerName="pkrvmfkh1xnbeme" duration="00:00:00.0004040" startTime="2025-07-09T18:53:46.0347674+00:00" endTime="2025-07-09T18:53:46.0351716+00:00" testType="13cdc9d9-ddb5-4fa4-a97d-d965ccfc6d4b" outcome="Passed" testListId="8c84fa94-04c1-424b-9868-57a2d4851a1d" relativeResultsDirectory="c50f2f00-ae27-4d47-b99e-7cb003826246" />
    <UnitTestResult executionId="567c9f55-8d06-404e-af31-1d092d2e2abf" testId="a4842a65-d964-6c02-a2c8-82738a9f92f7" testName="ListExpression(System.Collections.Generic.IList`1[System.Int32])" computerName="pkrvmfkh1xnbeme" duration="00:00:00.0003460" startTime="2025-07-09T18:53:46.0544346+00:00" endTime="2025-07-09T18:53:46.0547807+00:00" testType="13cdc9d9-ddb5-4fa4-a97d-d965ccfc6d4b" outcome="Passed" testListId="8c84fa94-04c1-424b-9868-57a2d4851a1d" relativeResultsDirectory="567c9f55-8d06-404e-af31-1d092d2e2abf" />
    <UnitTestResult executionId="b7086bb6-2db2-4e74-9e44-d96ad97052ff" testId="ab73acdd-95e9-5ad8-a1fc-01f362166b52" testName="HashCodesAreNotEqual(System.Collections.Generic.IList`1[System.Int32],System.Collections.Generic.ICollection`1[System.Int32])" computerName="pkrvmfkh1xnbeme" duration="00:00:00.0002920" startTime="2025-07-09T18:53:46.9345506+00:00" endTime="2025-07-09T18:53:46.9348429+00:00" testType="13cdc9d9-ddb5-4fa4-a97d-d965ccfc6d4b" outcome="Passed" testListId="8c84fa94-04c1-424b-9868-57a2d4851a1d" relativeResultsDirectory="b7086bb6-2db2-4e74-9e44-d96ad97052ff" />
    <UnitTestResult executionId="efb440c5-f4a5-4555-bcdc-5a3b984cd614" testId="4c473b77-5141-9692-a6bc-fdecd1328753" testName="CanCustomizeDiscriminator" computerName="pkrvmfkh1xnbeme" duration="00:00:00.0539670" startTime="2025-07-09T18:53:49.1837724+00:00" endTime="2025-07-09T18:53:49.2377395+00:00" testType="13cdc9d9-ddb5-4fa4-a97d-d965ccfc6d4b" outcome="Passed" testListId="8c84fa94-04c1-424b-9868-57a2d4851a1d" relativeResultsDirectory="efb440c5-f4a5-4555-bcdc-5a3b984cd614" />
    <UnitTestResult executionId="ac40e6b1-8035-4cc2-997f-601ab3b90dec" testId="05dbcc0e-37b6-5c61-b5f8-c3fc14476401" testName="TestCustomizeNestedTypes(False)" computerName="pkrvmfkh1xnbeme" duration="00:00:00.0518380" startTime="2025-07-09T18:53:52.5014957+00:00" endTime="2025-07-09T18:53:52.5533339+00:00" testType="13cdc9d9-ddb5-4fa4-a97d-d965ccfc6d4b" outcome="Passed" testListId="8c84fa94-04c1-424b-9868-57a2d4851a1d" relativeResultsDirectory="ac40e6b1-8035-4cc2-997f-601ab3b90dec" />
    <UnitTestResult executionId="7277f56b-f529-4d45-8c6f-c2aba2ab7ded" testId="7c0e6e89-86f1-1219-b859-69fb4d47a693" testName="ValidateConstructors" computerName="pkrvmfkh1xnbeme" duration="00:00:00.0041220" startTime="2025-07-09T18:53:51.9543538+00:00" endTime="2025-07-09T18:53:51.9584762+00:00" testType="13cdc9d9-ddb5-4fa4-a97d-d965ccfc6d4b" outcome="Passed" testListId="8c84fa94-04c1-424b-9868-57a2d4851a1d" relativeResultsDirectory="7277f56b-f529-4d45-8c6f-c2aba2ab7ded" />
    <UnitTestResult executionId="fc6071c8-b0ce-4411-937d-e293317f3925" testId="9554f1d9-c0c2-1eff-7d16-d20ed944a47c" testName="TestIsCSharpKeyword(&quot;sizeof&quot;,True)" computerName="pkrvmfkh1xnbeme" duration="00:00:00.0003080" startTime="2025-07-09T18:53:52.9677149+00:00" endTime="2025-07-09T18:53:52.9680230+00:00" testType="13cdc9d9-ddb5-4fa4-a97d-d965ccfc6d4b" outcome="Passed" testListId="8c84fa94-04c1-424b-9868-57a2d4851a1d" relativeResultsDirectory="fc6071c8-b0ce-4411-937d-e293317f3925" />
    <UnitTestResult executionId="a2479340-e726-458c-8af6-cc7381250e41" testId="36772fb5-fc9c-f8d7-9432-25b80df59621" testName="CanUpdateSwitchStatement" computerName="pkrvmfkh1xnbeme" duration="00:00:00.0008410" startTime="2025-07-09T18:53:52.8299881+00:00" endTime="2025-07-09T18:53:52.8308286+00:00" testType="13cdc9d9-ddb5-4fa4-a97d-d965ccfc6d4b" outcome="Passed" testListId="8c84fa94-04c1-424b-9868-57a2d4851a1d" relativeResultsDirectory="a2479340-e726-458c-8af6-cc7381250e41" />
    <UnitTestResult executionId="6b969689-6be8-484d-851d-18eee7604154" testId="92d52b5a-3c86-52a1-0ff1-d8084a85e71a" testName="KeyValuePairExpression(System.Collections.Generic.IDictionary`2[System.Int32,System.String],System.Collections.Generic.Dictionary`2[TKey,TValue])" computerName="pkrvmfkh1xnbeme" duration="00:00:00.0004570" startTime="2025-07-09T18:53:46.0494044+00:00" endTime="2025-07-09T18:53:46.0498614+00:00" testType="13cdc9d9-ddb5-4fa4-a97d-d965ccfc6d4b" outcome="Passed" testListId="8c84fa94-04c1-424b-9868-57a2d4851a1d" relativeResultsDirectory="6b969689-6be8-484d-851d-18eee7604154" />
    <UnitTestResult executionId="91432d9a-dd10-4b64-86be-74ab17f3f87a" testId="3a11d461-dba6-2763-896b-5c577d735925" testName="TypeModifiersTest(Internal, Class, Static)" computerName="pkrvmfkh1xnbeme" duration="00:00:00.0001220" startTime="2025-07-09T18:53:53.0193006+00:00" endTime="2025-07-09T18:53:53.0194227+00:00" testType="13cdc9d9-ddb5-4fa4-a97d-d965ccfc6d4b" outcome="Passed" testListId="8c84fa94-04c1-424b-9868-57a2d4851a1d" relativeResultsDirectory="91432d9a-dd10-4b64-86be-74ab17f3f87a" />
    <UnitTestResult executionId="8491d285-aca5-4c5c-8b9d-d2c2130b0658" testId="3ff88c0d-3eff-1706-3dde-1df6a72189c7" testName="ValidateGetFormattableStringFormatParts(&quot;This {0} has literal {{ and }} in the middle&quot;,[Part { Value = This , IsLiteral = True, ArgumentIndex = -1 }, Part { Value = 0, IsLiteral = False, ArgumentIndex = 0 }, Part { Value =  has literal {, IsLiteral = True, ArgumentIndex = -1 }, Part { Value =  and }, IsLiteral = True, ArgumentIndex = -1 }, Part { Value =  in the middle, IsLiteral = True, ArgumentIndex = -1 }])" computerName="pkrvmfkh1xnbeme" duration="00:00:00.0000970" startTime="2025-07-09T18:53:52.9838483+00:00" endTime="2025-07-09T18:53:52.9839449+00:00" testType="13cdc9d9-ddb5-4fa4-a97d-d965ccfc6d4b" outcome="Passed" testListId="8c84fa94-04c1-424b-9868-57a2d4851a1d" relativeResultsDirectory="8491d285-aca5-4c5c-8b9d-d2c2130b0658" />
    <UnitTestResult executionId="61cc3062-9661-4e7a-a1dc-5e42ab174cbd" testId="346c6662-0edd-cc36-ad4f-90e5d7ae9dff" testName="TypesAreNotEqualWhenNullabilityIsDifferent(System.Int32)" computerName="pkrvmfkh1xnbeme" duration="00:00:00.0004430" startTime="2025-07-09T18:53:46.9631000+00:00" endTime="2025-07-09T18:53:46.9635423+00:00" testType="13cdc9d9-ddb5-4fa4-a97d-d965ccfc6d4b" outcome="Passed" testListId="8c84fa94-04c1-424b-9868-57a2d4851a1d" relativeResultsDirectory="61cc3062-9661-4e7a-a1dc-5e42ab174cbd" />
    <UnitTestResult executionId="67ec4d19-f2b6-460b-bb58-3fe3083a0ba9" testId="6db4613b-cb5a-a295-9422-b05106c1521b" testName="BaseKindPropertyIsNotVirtual" computerName="pkrvmfkh1xnbeme" duration="00:00:00.0016730" startTime="2025-07-09T18:53:49.1790833+00:00" endTime="2025-07-09T18:53:49.1807565+00:00" testType="13cdc9d9-ddb5-4fa4-a97d-d965ccfc6d4b" outcome="Passed" testListId="8c84fa94-04c1-424b-9868-57a2d4851a1d" relativeResultsDirectory="67ec4d19-f2b6-460b-bb58-3fe3083a0ba9" />
    <UnitTestResult executionId="9bad1076-6ba3-4b94-9a38-c2a1f708a882" testId="7a48136c-ae1a-e05a-6a4a-e1f5a7d37d2f" testName="ValidateNullableTypes(Microsoft.TypeSpec.Generator.Tests.Primitives.CSharpTypeTests+TestStruct`1[System.Nullable`1[Microsoft.TypeSpec.Generator.Tests.Primitives.CSharpTypeTests+TestStruct`1[System.Int32]]],[global::Microsoft.TypeSpec.Generator.Tests.Primitives.CSharpTypeTests.TestStruct&lt;int&gt;?],False)" computerName="pkrvmfkh1xnbeme" duration="00:00:00.0000690" startTime="2025-07-09T18:53:46.9681349+00:00" endTime="2025-07-09T18:53:46.9682042+00:00" testType="13cdc9d9-ddb5-4fa4-a97d-d965ccfc6d4b" outcome="Passed" testListId="8c84fa94-04c1-424b-9868-57a2d4851a1d" relativeResultsDirectory="9bad1076-6ba3-4b94-9a38-c2a1f708a882" />
    <UnitTestResult executionId="1b913dd7-2aba-4399-9c55-2bb87ac9ec5e" testId="10919949-7cd9-7d31-a3b9-aca500ef147a" testName="IsReadOnlyList(System.Collections.Generic.IList`1[T],False)" computerName="pkrvmfkh1xnbeme" duration="00:00:00.0000740" startTime="2025-07-09T18:53:46.9428803+00:00" endTime="2025-07-09T18:53:46.9429545+00:00" testType="13cdc9d9-ddb5-4fa4-a97d-d965ccfc6d4b" outcome="Passed" testListId="8c84fa94-04c1-424b-9868-57a2d4851a1d" relativeResultsDirectory="1b913dd7-2aba-4399-9c55-2bb87ac9ec5e" />
    <UnitTestResult executionId="7b0f5d0f-5d17-43e5-b30b-8d87397d8512" testId="75baa22c-11f8-7c55-75b1-4e2e9d85fbec" testName="GetGenericTypeDefinitionForConstructedType()" computerName="pkrvmfkh1xnbeme" duration="00:00:00.0002290" startTime="2025-07-09T18:53:46.9297208+00:00" endTime="2025-07-09T18:53:46.9299493+00:00" testType="13cdc9d9-ddb5-4fa4-a97d-d965ccfc6d4b" outcome="Passed" testListId="8c84fa94-04c1-424b-9868-57a2d4851a1d" relativeResultsDirectory="7b0f5d0f-5d17-43e5-b30b-8d87397d8512" />
    <UnitTestResult executionId="3b17c794-6d1a-4200-b03e-45457bd57a81" testId="1aa0e048-8454-4b5a-6b8f-4adbe8aad08e" testName="ValidateNamespace" computerName="pkrvmfkh1xnbeme" duration="00:00:00.0009910" startTime="2025-07-09T18:53:47.0431465+00:00" endTime="2025-07-09T18:53:47.0441377+00:00" testType="13cdc9d9-ddb5-4fa4-a97d-d965ccfc6d4b" outcome="Passed" testListId="8c84fa94-04c1-424b-9868-57a2d4851a1d" relativeResultsDirectory="3b17c794-6d1a-4200-b03e-45457bd57a81" />
    <UnitTestResult executionId="d90bd120-3185-4575-aef7-616c0c1feac1" testId="dd4f2c85-e2a6-e051-43ff-048d83edd353" testName="TestIsCSharpKeyword(&quot;ascending&quot;,True)" computerName="pkrvmfkh1xnbeme" duration="00:00:00.0003410" startTime="2025-07-09T18:53:52.9181118+00:00" endTime="2025-07-09T18:53:52.9184530+00:00" testType="13cdc9d9-ddb5-4fa4-a97d-d965ccfc6d4b" outcome="Passed" testListId="8c84fa94-04c1-424b-9868-57a2d4851a1d" relativeResultsDirectory="d90bd120-3185-4575-aef7-616c0c1feac1" />
    <UnitTestResult executionId="33190b3f-71a8-474e-9589-a6c397e93672" testId="753f0a40-a782-3885-7c0a-e9e27810f20a" testName="TestIsCSharpKeyword(&quot;long&quot;,True)" computerName="pkrvmfkh1xnbeme" duration="00:00:00.0004240" startTime="2025-07-09T18:53:52.9361763+00:00" endTime="2025-07-09T18:53:52.9365999+00:00" testType="13cdc9d9-ddb5-4fa4-a97d-d965ccfc6d4b" outcome="Passed" testListId="8c84fa94-04c1-424b-9868-57a2d4851a1d" relativeResultsDirectory="33190b3f-71a8-474e-9589-a6c397e93672" />
    <UnitTestResult executionId="be191160-ca8c-4962-b844-99755b4d3ce1" testId="dec4d542-ee31-44e2-7823-0250ddb712cd" testName="DoesNotGenerateCustomPropertyFromBase" computerName="pkrvmfkh1xnbeme" duration="00:00:00.1022540" startTime="2025-07-09T18:53:51.2500219+00:00" endTime="2025-07-09T18:53:51.3522750+00:00" testType="13cdc9d9-ddb5-4fa4-a97d-d965ccfc6d4b" outcome="Passed" testListId="8c84fa94-04c1-424b-9868-57a2d4851a1d" relativeResultsDirectory="be191160-ca8c-4962-b844-99755b4d3ce1" />
    <UnitTestResult executionId="59648449-da76-4eee-b3b6-3a31e0fd6c67" testId="7c86940f-8bd1-1d77-6307-fc9803576fb0" testName="TypesAreNotEqualWhenNullabilityIsDifferent(System.Collections.Generic.IList`1[System.Int32])" computerName="pkrvmfkh1xnbeme" duration="00:00:00.0002350" startTime="2025-07-09T18:53:46.9642541+00:00" endTime="2025-07-09T18:53:46.9644886+00:00" testType="13cdc9d9-ddb5-4fa4-a97d-d965ccfc6d4b" outcome="Passed" testListId="8c84fa94-04c1-424b-9868-57a2d4851a1d" relativeResultsDirectory="59648449-da76-4eee-b3b6-3a31e0fd6c67" />
    <UnitTestResult executionId="0d6d3a21-5694-47f6-9de3-57d239bcd60b" testId="07f683e9-fcfc-a97b-4836-6544efd7827d" testName="ValidatePropertyTypes(System.Collections.Generic.IDictionary`2[System.Int32,System.Int32])" computerName="pkrvmfkh1xnbeme" duration="00:00:00.0087100" startTime="2025-07-09T18:53:52.2395961+00:00" endTime="2025-07-09T18:53:52.2483057+00:00" testType="13cdc9d9-ddb5-4fa4-a97d-d965ccfc6d4b" outcome="Passed" testListId="8c84fa94-04c1-424b-9868-57a2d4851a1d" relativeResultsDirectory="0d6d3a21-5694-47f6-9de3-57d239bcd60b" />
    <UnitTestResult executionId="f53e67de-4a43-41d5-bafe-590001fa2335" testId="42ab1a53-5dd7-1f8b-4b46-663e9b803cb1" testName="TypesAreNotEqual(System.Collections.Generic.IDictionary`2[System.Int32,System.String],System.Collections.Generic.IDictionary`2[System.String,System.Int32])" computerName="pkrvmfkh1xnbeme" duration="00:00:00.0002780" startTime="2025-07-09T18:53:46.9625061+00:00" endTime="2025-07-09T18:53:46.9627839+00:00" testType="13cdc9d9-ddb5-4fa4-a97d-d965ccfc6d4b" outcome="Passed" testListId="8c84fa94-04c1-424b-9868-57a2d4851a1d" relativeResultsDirectory="f53e67de-4a43-41d5-bafe-590001fa2335" />
    <UnitTestResult executionId="b4abef98-1c10-46a3-91f3-3474863bf1fa" testId="59a9d30f-f5bb-c511-df6c-f751a47e7e48" testName="CorrectValidationIsAppliedToParameter(String,False,None)" computerName="pkrvmfkh1xnbeme" duration="00:00:00.0008840" startTime="2025-07-09T18:53:52.3872826+00:00" endTime="2025-07-09T18:53:52.3881661+00:00" testType="13cdc9d9-ddb5-4fa4-a97d-d965ccfc6d4b" outcome="Passed" testListId="8c84fa94-04c1-424b-9868-57a2d4851a1d" relativeResultsDirectory="b4abef98-1c10-46a3-91f3-3474863bf1fa" />
    <UnitTestResult executionId="4d907c33-769e-487c-aa37-0c44f1fe28d6" testId="155b9ba4-9dd0-8413-bf06-25a339f50100" testName="TestIsCSharpKeyword(&quot;override&quot;,True)" computerName="pkrvmfkh1xnbeme" duration="00:00:00.0004550" startTime="2025-07-09T18:53:52.9628562+00:00" endTime="2025-07-09T18:53:52.9633112+00:00" testType="13cdc9d9-ddb5-4fa4-a97d-d965ccfc6d4b" outcome="Passed" testListId="8c84fa94-04c1-424b-9868-57a2d4851a1d" relativeResultsDirectory="4d907c33-769e-487c-aa37-0c44f1fe28d6" />
    <UnitTestResult executionId="764c9340-f25e-4803-a094-0f786018f01a" testId="5158dc5f-4924-ea66-f362-5aff5c0fd1e5" testName="FixedStringEnumType" computerName="pkrvmfkh1xnbeme" duration="00:00:00.0007860" startTime="2025-07-09T18:53:52.8405122+00:00" endTime="2025-07-09T18:53:52.8412980+00:00" testType="13cdc9d9-ddb5-4fa4-a97d-d965ccfc6d4b" outcome="Passed" testListId="8c84fa94-04c1-424b-9868-57a2d4851a1d" relativeResultsDirectory="764c9340-f25e-4803-a094-0f786018f01a" />
    <UnitTestResult executionId="b8d25483-4612-4a77-8d59-e223e4838688" testId="b888e675-3eac-834f-10b9-417da3997633" testName="TestIsCSharpKeyword(&quot;virtual&quot;,True)" computerName="pkrvmfkh1xnbeme" duration="00:00:00.0003610" startTime="2025-07-09T18:53:52.9760478+00:00" endTime="2025-07-09T18:53:52.9764088+00:00" testType="13cdc9d9-ddb5-4fa4-a97d-d965ccfc6d4b" outcome="Passed" testListId="8c84fa94-04c1-424b-9868-57a2d4851a1d" relativeResultsDirectory="b8d25483-4612-4a77-8d59-e223e4838688" />
    <UnitTestResult executionId="388ac491-7ebb-4e3f-adaa-20d156301966" testId="e38d521a-d8ef-d897-1466-b34349cd481c" testName="KeyValuePairExpression(System.Collections.Generic.IList`1[System.Int32],System.Collections.Generic.ICollection`1[System.Int32])" computerName="pkrvmfkh1xnbeme" duration="00:00:00.0002880" startTime="2025-07-09T18:53:46.0487681+00:00" endTime="2025-07-09T18:53:46.0490560+00:00" testType="13cdc9d9-ddb5-4fa4-a97d-d965ccfc6d4b" outcome="Passed" testListId="8c84fa94-04c1-424b-9868-57a2d4851a1d" relativeResultsDirectory="388ac491-7ebb-4e3f-adaa-20d156301966" />
    <UnitTestResult executionId="5ac89a53-6d61-434a-ac14-d224cbb33406" testId="fcfa3660-08a8-7556-7d3f-b80d482c06c9" testName="CodeWriter_WriteProperty_IndexerProperty_AutoBody" computerName="pkrvmfkh1xnbeme" duration="00:00:00.0007710" startTime="2025-07-09T18:53:53.0059426+00:00" endTime="2025-07-09T18:53:53.0067136+00:00" testType="13cdc9d9-ddb5-4fa4-a97d-d965ccfc6d4b" outcome="Passed" testListId="8c84fa94-04c1-424b-9868-57a2d4851a1d" relativeResultsDirectory="5ac89a53-6d61-434a-ac14-d224cbb33406" />
    <UnitTestResult executionId="53c87d90-0374-46ea-8eb0-6b55e00ccd2d" testId="1ed7f2e7-7840-1569-725b-1f86aae73915" testName="CanCleanUpRemovedReferencesToRemovedModels" computerName="pkrvmfkh1xnbeme" duration="00:00:00.0381480" startTime="2025-07-09T18:53:46.6393178+00:00" endTime="2025-07-09T18:53:46.6774658+00:00" testType="13cdc9d9-ddb5-4fa4-a97d-d965ccfc6d4b" outcome="Passed" testListId="8c84fa94-04c1-424b-9868-57a2d4851a1d" relativeResultsDirectory="53c87d90-0374-46ea-8eb0-6b55e00ccd2d" />
    <UnitTestResult executionId="a8047559-3b70-4329-bf75-791dfadd8f38" testId="6b9d4dd7-60b6-0173-a67f-30594f6b04fd" testName="TestToApiVersionValueWithPrefixAndSeparator(&quot;V1_2_3&quot;,&quot;v&quot;,&quot;_&quot;,&quot;v1_2_3&quot;)" computerName="pkrvmfkh1xnbeme" duration="00:00:00.0000550" startTime="2025-07-09T18:53:52.9819933+00:00" endTime="2025-07-09T18:53:52.9820480+00:00" testType="13cdc9d9-ddb5-4fa4-a97d-d965ccfc6d4b" outcome="Passed" testListId="8c84fa94-04c1-424b-9868-57a2d4851a1d" relativeResultsDirectory="a8047559-3b70-4329-bf75-791dfadd8f38" />
    <UnitTestResult executionId="962055f2-6ce1-4cf2-aa1c-e41465da7ffe" testId="17566836-d206-69c3-d248-ee6f84b95f0f" testName="TestIsCSharpKeyword(&quot;global&quot;,True)" computerName="pkrvmfkh1xnbeme" duration="00:00:00.0003030" startTime="2025-07-09T18:53:52.9315622+00:00" endTime="2025-07-09T18:53:52.9318650+00:00" testType="13cdc9d9-ddb5-4fa4-a97d-d965ccfc6d4b" outcome="Passed" testListId="8c84fa94-04c1-424b-9868-57a2d4851a1d" relativeResultsDirectory="962055f2-6ce1-4cf2-aa1c-e41465da7ffe" />
    <UnitTestResult executionId="9fc68b2e-9287-496c-957a-8506cb4fe499" testId="13a897e0-f375-521a-df84-96ce547f4800" testName="TestIsCSharpKeyword(&quot;from&quot;,True)" computerName="pkrvmfkh1xnbeme" duration="00:00:00.0003030" startTime="2025-07-09T18:53:52.9309135+00:00" endTime="2025-07-09T18:53:52.9312161+00:00" testType="13cdc9d9-ddb5-4fa4-a97d-d965ccfc6d4b" outcome="Passed" testListId="8c84fa94-04c1-424b-9868-57a2d4851a1d" relativeResultsDirectory="9fc68b2e-9287-496c-957a-8506cb4fe499" />
    <UnitTestResult executionId="fae9bcd6-9bcd-42b9-964f-448e84a73f19" testId="57267976-4404-7aed-4d71-8ab7daa0d5b5" testName="TestBreakLines_LiteralOpenBrace" computerName="pkrvmfkh1xnbeme" duration="00:00:00.0000550" startTime="2025-07-09T18:53:52.8568642+00:00" endTime="2025-07-09T18:53:52.8569195+00:00" testType="13cdc9d9-ddb5-4fa4-a97d-d965ccfc6d4b" outcome="Passed" testListId="8c84fa94-04c1-424b-9868-57a2d4851a1d" relativeResultsDirectory="fae9bcd6-9bcd-42b9-964f-448e84a73f19" />
    <UnitTestResult executionId="af0aecb4-bafa-448f-8c7e-ee1af92ee288" testId="1770c101-c981-d8e8-6bf9-47ebaaeb1a16" testName="IntSerializationFormat(UInt64,&quot;string&quot;)" computerName="pkrvmfkh1xnbeme" duration="00:00:00.0004590" startTime="2025-07-09T18:53:52.8546136+00:00" endTime="2025-07-09T18:53:52.8550728+00:00" testType="13cdc9d9-ddb5-4fa4-a97d-d965ccfc6d4b" outcome="Passed" testListId="8c84fa94-04c1-424b-9868-57a2d4851a1d" relativeResultsDirectory="af0aecb4-bafa-448f-8c7e-ee1af92ee288" />
    <UnitTestResult executionId="0f6881e8-e551-4aab-9ea9-22c8948fe8ee" testId="5aa2bcc6-0d2c-e30e-49bf-d1c95c743531" testName="TestBuildProperties_WithAdditionalProperties" computerName="pkrvmfkh1xnbeme" duration="00:00:00.0011740" startTime="2025-07-09T18:53:51.8417019+00:00" endTime="2025-07-09T18:53:51.8428755+00:00" testType="13cdc9d9-ddb5-4fa4-a97d-d965ccfc6d4b" outcome="Passed" testListId="8c84fa94-04c1-424b-9868-57a2d4851a1d" relativeResultsDirectory="0f6881e8-e551-4aab-9ea9-22c8948fe8ee" />
    <UnitTestResult executionId="70fae935-f167-4691-bb32-117580724a1f" testId="e0067154-4a91-34dc-2b59-0dc5f5ca0f7e" testName="ListExpression(System.Collections.Generic.IDictionary`2[TKey,TValue])" computerName="pkrvmfkh1xnbeme" duration="00:00:00.0003300" startTime="2025-07-09T18:53:46.0547987+00:00" endTime="2025-07-09T18:53:46.0551288+00:00" testType="13cdc9d9-ddb5-4fa4-a97d-d965ccfc6d4b" outcome="Passed" testListId="8c84fa94-04c1-424b-9868-57a2d4851a1d" relativeResultsDirectory="70fae935-f167-4691-bb32-117580724a1f" />
    <UnitTestResult executionId="df8cc7e1-8b43-4a9c-8bad-21c5336d620a" testId="3bc81a66-af20-0c50-ba41-cb29d122696b" testName="TestIsCSharpKeyword(&quot;volatile&quot;,True)" computerName="pkrvmfkh1xnbeme" duration="00:00:00.0004540" startTime="2025-07-09T18:53:52.9770139+00:00" endTime="2025-07-09T18:53:52.9774679+00:00" testType="13cdc9d9-ddb5-4fa4-a97d-d965ccfc6d4b" outcome="Passed" testListId="8c84fa94-04c1-424b-9868-57a2d4851a1d" relativeResultsDirectory="df8cc7e1-8b43-4a9c-8bad-21c5336d620a" />
    <UnitTestResult executionId="35ffb9a0-bc6d-4d46-914a-57b70c326fd9" testId="df9ce3dc-e15d-d5e4-5c59-819333fff628" testName="TestIsCSharpKeyword(&quot;finally&quot;,True)" computerName="pkrvmfkh1xnbeme" duration="00:00:00.0005120" startTime="2025-07-09T18:53:52.9289412+00:00" endTime="2025-07-09T18:53:52.9294526+00:00" testType="13cdc9d9-ddb5-4fa4-a97d-d965ccfc6d4b" outcome="Passed" testListId="8c84fa94-04c1-424b-9868-57a2d4851a1d" relativeResultsDirectory="35ffb9a0-bc6d-4d46-914a-57b70c326fd9" />
    <UnitTestResult executionId="2c548c9f-8e41-4c0f-bb54-2eeb6b0184f3" testId="a915ac9c-4cbc-0417-dc03-8596623f4337" testName="CodeGenSerializationAttributeEmitted" computerName="pkrvmfkh1xnbeme" duration="00:00:00.0005410" startTime="2025-07-09T18:53:45.9689763+00:00" endTime="2025-07-09T18:53:45.9695172+00:00" testType="13cdc9d9-ddb5-4fa4-a97d-d965ccfc6d4b" outcome="Passed" testListId="8c84fa94-04c1-424b-9868-57a2d4851a1d" relativeResultsDirectory="2c548c9f-8e41-4c0f-bb54-2eeb6b0184f3" />
    <UnitTestResult executionId="80e51885-60a0-4184-8a5e-69a8024ff82d" testId="b74d9560-3d49-85a9-01b1-b6fbdbffcd79" testName="SerializationCtorShouldNotAssignBaseField" computerName="pkrvmfkh1xnbeme" duration="00:00:00.0019880" startTime="2025-07-09T18:53:51.8008827+00:00" endTime="2025-07-09T18:53:51.8028703+00:00" testType="13cdc9d9-ddb5-4fa4-a97d-d965ccfc6d4b" outcome="Passed" testListId="8c84fa94-04c1-424b-9868-57a2d4851a1d" relativeResultsDirectory="80e51885-60a0-4184-8a5e-69a8024ff82d" />
    <UnitTestResult executionId="1ffbbc0e-64cd-4577-9c20-bb6b91b70ef2" testId="6e1e695d-4421-afac-2e3e-65d407f908bb" testName="InvalidDocComment" computerName="pkrvmfkh1xnbeme" duration="00:00:00.0003360" startTime="2025-07-09T18:53:52.8323700+00:00" endTime="2025-07-09T18:53:52.8327064+00:00" testType="13cdc9d9-ddb5-4fa4-a97d-d965ccfc6d4b" outcome="Passed" testListId="8c84fa94-04c1-424b-9868-57a2d4851a1d" relativeResultsDirectory="1ffbbc0e-64cd-4577-9c20-bb6b91b70ef2" />
    <UnitTestResult executionId="78acb3e2-3c8d-4d17-9abf-47310bfed0d6" testId="c88dfe59-8fc6-b7b3-cd91-beff1d32ec9e" testName="TestIsCSharpKeyword(&quot;else&quot;,True)" computerName="pkrvmfkh1xnbeme" duration="00:00:00.0004240" startTime="2025-07-09T18:53:52.9264093+00:00" endTime="2025-07-09T18:53:52.9268331+00:00" testType="13cdc9d9-ddb5-4fa4-a97d-d965ccfc6d4b" outcome="Passed" testListId="8c84fa94-04c1-424b-9868-57a2d4851a1d" relativeResultsDirectory="78acb3e2-3c8d-4d17-9abf-47310bfed0d6" />
    <UnitTestResult executionId="ff5f3c9f-6995-4568-b0ce-d48a2bd08c8d" testId="769f76de-22e9-2899-6146-006a3253a4bd" testName="IsReadOnlyList(System.Collections.Generic.IEnumerable`1[T],True)" computerName="pkrvmfkh1xnbeme" duration="00:00:00.0003020" startTime="2025-07-09T18:53:46.9423639+00:00" endTime="2025-07-09T18:53:46.9426653+00:00" testType="13cdc9d9-ddb5-4fa4-a97d-d965ccfc6d4b" outcome="Passed" testListId="8c84fa94-04c1-424b-9868-57a2d4851a1d" relativeResultsDirectory="ff5f3c9f-6995-4568-b0ce-d48a2bd08c8d" />
    <UnitTestResult executionId="a1ba358f-031c-4687-94f6-6cb4c1fa2510" testId="4228c33d-9ac1-acd5-28cd-e0118a4cda84" testName="CSharpTypeOperatorTestNotEqual(global::System.Collections.Generic.IList&lt;T&gt;,global::System.Collections.Generic.IDictionary&lt;TKey, TValue&gt;)" computerName="pkrvmfkh1xnbeme" duration="00:00:00.0000760" startTime="2025-07-09T18:53:46.0753775+00:00" endTime="2025-07-09T18:53:46.0754538+00:00" testType="13cdc9d9-ddb5-4fa4-a97d-d965ccfc6d4b" outcome="Passed" testListId="8c84fa94-04c1-424b-9868-57a2d4851a1d" relativeResultsDirectory="a1ba358f-031c-4687-94f6-6cb4c1fa2510" />
    <UnitTestResult executionId="a7f99af5-6167-4723-8acf-ce52decc4632" testId="55ce5247-e731-1e4f-d91f-c42500d9a460" testName="TestBreakLines_AllLineBreaks" computerName="pkrvmfkh1xnbeme" duration="00:00:00.0004140" startTime="2025-07-09T18:53:52.8552470+00:00" endTime="2025-07-09T18:53:52.8556613+00:00" testType="13cdc9d9-ddb5-4fa4-a97d-d965ccfc6d4b" outcome="Passed" testListId="8c84fa94-04c1-424b-9868-57a2d4851a1d" relativeResultsDirectory="a7f99af5-6167-4723-8acf-ce52decc4632" />
    <UnitTestResult executionId="2cb08616-2e45-44ba-aa87-8da8fedb14c9" testId="6c2b2dca-1f37-1c27-4806-c98da0869728" testName="ValidateFrameworkInstanceWithArguments" computerName="pkrvmfkh1xnbeme" duration="00:00:00.0002250" startTime="2025-07-09T18:53:52.6409717+00:00" endTime="2025-07-09T18:53:52.6411964+00:00" testType="13cdc9d9-ddb5-4fa4-a97d-d965ccfc6d4b" outcome="Passed" testListId="8c84fa94-04c1-424b-9868-57a2d4851a1d" relativeResultsDirectory="2cb08616-2e45-44ba-aa87-8da8fedb14c9" />
    <UnitTestResult executionId="1fe15392-016a-4477-8547-f0a5aa5cfad5" testId="bb1cdb21-163e-5d0c-3e09-b402ddc7bfed" testName="ResolveMissingAssembly_NotFoundInProbingPaths" computerName="pkrvmfkh1xnbeme" duration="00:00:00.0063000" startTime="2025-07-09T18:53:46.9016956+00:00" endTime="2025-07-09T18:53:46.9079952+00:00" testType="13cdc9d9-ddb5-4fa4-a97d-d965ccfc6d4b" outcome="Passed" testListId="8c84fa94-04c1-424b-9868-57a2d4851a1d" relativeResultsDirectory="1fe15392-016a-4477-8547-f0a5aa5cfad5" />
    <UnitTestResult executionId="19888fb2-707e-447b-9d4b-695fff81aeaf" testId="be24d1a3-e710-9b19-9ace-6dda9699adb5" testName="IfStatementInlineOptionTrue" computerName="pkrvmfkh1xnbeme" duration="00:00:00.0001350" startTime="2025-07-09T18:53:52.8038170+00:00" endTime="2025-07-09T18:53:52.8039520+00:00" testType="13cdc9d9-ddb5-4fa4-a97d-d965ccfc6d4b" outcome="Passed" testListId="8c84fa94-04c1-424b-9868-57a2d4851a1d" relativeResultsDirectory="19888fb2-707e-447b-9d4b-695fff81aeaf" />
    <UnitTestResult executionId="fb8576e6-5e2a-4cbd-b0df-3b8e5721b052" testId="522d659a-f9be-7995-e9e5-e4d2d980d8bf" testName="BodyHasSetterValidation(&quot;requiredReadOnlyStringPropOnStruct&quot;,Microsoft.TypeSpec.Generator.Input.InputModelType,False,Struct)" computerName="pkrvmfkh1xnbeme" duration="00:00:00.0006269" startTime="2025-07-09T18:53:52.4148006+00:00" endTime="2025-07-09T18:53:52.4154270+00:00" testType="13cdc9d9-ddb5-4fa4-a97d-d965ccfc6d4b" outcome="Passed" testListId="8c84fa94-04c1-424b-9868-57a2d4851a1d" relativeResultsDirectory="fb8576e6-5e2a-4cbd-b0df-3b8e5721b052" />
    <UnitTestResult executionId="79f4598f-728d-4cde-b7ac-edcfcfefe2f4" testId="da50189e-1654-a614-5cf7-55d31b87632c" testName="KeyValuePairExpression(System.Collections.Generic.IList`1[T],System.Collections.Generic.IList`1[System.Int32])" computerName="pkrvmfkh1xnbeme" duration="00:00:00.0003010" startTime="2025-07-09T18:53:46.0480963+00:00" endTime="2025-07-09T18:53:46.0483975+00:00" testType="13cdc9d9-ddb5-4fa4-a97d-d965ccfc6d4b" outcome="Passed" testListId="8c84fa94-04c1-424b-9868-57a2d4851a1d" relativeResultsDirectory="79f4598f-728d-4cde-b7ac-edcfcfefe2f4" />
    <UnitTestResult executionId="6d61b788-af74-449e-bfc8-b2d0e3f5d847" testId="0e4a4fd7-6670-968d-49ed-29500bf79202" testName="Dict_Defined_ReturnsTrue" computerName="pkrvmfkh1xnbeme" duration="00:00:00.0009720" startTime="2025-07-09T18:53:52.3799159+00:00" endTime="2025-07-09T18:53:52.3808880+00:00" testType="13cdc9d9-ddb5-4fa4-a97d-d965ccfc6d4b" outcome="Passed" testListId="8c84fa94-04c1-424b-9868-57a2d4851a1d" relativeResultsDirectory="6d61b788-af74-449e-bfc8-b2d0e3f5d847" />
    <UnitTestResult executionId="41ca8bfd-d4b2-4cdf-9e6b-6507a70cc2c0" testId="c15ec7ee-e6cf-9247-8dfd-571f02430628" testName="CreateUnknownVariant" computerName="pkrvmfkh1xnbeme" duration="00:00:00.0019380" startTime="2025-07-09T18:53:49.2377766+00:00" endTime="2025-07-09T18:53:49.2397140+00:00" testType="13cdc9d9-ddb5-4fa4-a97d-d965ccfc6d4b" outcome="Passed" testListId="8c84fa94-04c1-424b-9868-57a2d4851a1d" relativeResultsDirectory="41ca8bfd-d4b2-4cdf-9e6b-6507a70cc2c0" />
    <UnitTestResult executionId="02eb842a-b939-4395-84b9-45e70dc613b1" testId="2da1f0d6-58b2-9512-705e-b8c09a60c00e" testName="CanAddElement" computerName="pkrvmfkh1xnbeme" duration="00:00:00.0008110" startTime="2025-07-09T18:53:47.0526496+00:00" endTime="2025-07-09T18:53:47.0534605+00:00" testType="13cdc9d9-ddb5-4fa4-a97d-d965ccfc6d4b" outcome="Passed" testListId="8c84fa94-04c1-424b-9868-57a2d4851a1d" relativeResultsDirectory="02eb842a-b939-4395-84b9-45e70dc613b1" />
    <UnitTestResult executionId="8eca8c76-f2da-456f-998d-3790044aa2da" testId="284f9bbe-728c-fdce-8c84-66a8d4916b74" testName="FullyQualifiedName_NestedTypes" computerName="pkrvmfkh1xnbeme" duration="00:00:00.0004210" startTime="2025-07-09T18:53:46.9113698+00:00" endTime="2025-07-09T18:53:46.9117910+00:00" testType="13cdc9d9-ddb5-4fa4-a97d-d965ccfc6d4b" outcome="Passed" testListId="8c84fa94-04c1-424b-9868-57a2d4851a1d" relativeResultsDirectory="8eca8c76-f2da-456f-998d-3790044aa2da" />
    <UnitTestResult executionId="ddc5607b-8027-43bb-aca1-8a21f4e862d9" testId="905dfdc6-9448-9f00-51aa-f98f66624d9e" testName="IsList(System.Collections.Generic.ICollection`1[T],True)" computerName="pkrvmfkh1xnbeme" duration="00:00:00.0000930" startTime="2025-07-09T18:53:46.9413012+00:00" endTime="2025-07-09T18:53:46.9413946+00:00" testType="13cdc9d9-ddb5-4fa4-a97d-d965ccfc6d4b" outcome="Passed" testListId="8c84fa94-04c1-424b-9868-57a2d4851a1d" relativeResultsDirectory="ddc5607b-8027-43bb-aca1-8a21f4e862d9" />
    <UnitTestResult executionId="4d93cb3c-15f0-4e0d-93ca-5317a163d191" testId="e8fcf8fd-c75a-f604-1183-86082f314579" testName="IsReadWriteList(System.Collections.Generic.ICollection`1[T],True)" computerName="pkrvmfkh1xnbeme" duration="00:00:00.0000820" startTime="2025-07-09T18:53:46.9451778+00:00" endTime="2025-07-09T18:53:46.9452601+00:00" testType="13cdc9d9-ddb5-4fa4-a97d-d965ccfc6d4b" outcome="Passed" testListId="8c84fa94-04c1-424b-9868-57a2d4851a1d" relativeResultsDirectory="4d93cb3c-15f0-4e0d-93ca-5317a163d191" />
    <UnitTestResult executionId="22b051c2-3355-4a78-a0a8-1ca8fa80464e" testId="c6392d65-60e0-09da-dd41-09756e593911" testName="BaseShouldBeAbstract(Microsoft.TypeSpec.Generator.Input.InputModelType,&quot;/// &lt;summary&gt;\n/// pet description\n/// Please note this is the abstract base class. The derived classes available for instantiation are: &lt;see cref=\&quot;Cat\&quot;/&gt;, &lt;see cref=\&quot;Dog\&quot;/&gt;, and &lt;see cref=\&quot;AnotherAnimal\&quot;/&gt;.\n/// &lt;/summary&gt;\n&quot;)" computerName="pkrvmfkh1xnbeme" duration="00:00:00.0013649" startTime="2025-07-09T18:53:49.1808025+00:00" endTime="2025-07-09T18:53:49.1821672+00:00" testType="13cdc9d9-ddb5-4fa4-a97d-d965ccfc6d4b" outcome="Passed" testListId="8c84fa94-04c1-424b-9868-57a2d4851a1d" relativeResultsDirectory="22b051c2-3355-4a78-a0a8-1ca8fa80464e" />
    <UnitTestResult executionId="d57a2204-e954-41fe-a418-8ababa097e70" testId="26df80e7-3a90-605e-f925-16b6d478c788" testName="IsList(System.ReadOnlyMemory`1[T],True)" computerName="pkrvmfkh1xnbeme" duration="00:00:00.0001120" startTime="2025-07-09T18:53:46.9406114+00:00" endTime="2025-07-09T18:53:46.9407229+00:00" testType="13cdc9d9-ddb5-4fa4-a97d-d965ccfc6d4b" outcome="Passed" testListId="8c84fa94-04c1-424b-9868-57a2d4851a1d" relativeResultsDirectory="d57a2204-e954-41fe-a418-8ababa097e70" />
    <UnitTestResult executionId="5c7b628a-41fb-44f2-b52d-548b1562da76" testId="4d4bf712-4670-0f1f-bf49-a2e97a29ef2e" testName="CorrectValidationIsAppliedToParameter(Url,False,None)" computerName="pkrvmfkh1xnbeme" duration="00:00:00.0006669" startTime="2025-07-09T18:53:52.3900362+00:00" endTime="2025-07-09T18:53:52.3907035+00:00" testType="13cdc9d9-ddb5-4fa4-a97d-d965ccfc6d4b" outcome="Passed" testListId="8c84fa94-04c1-424b-9868-57a2d4851a1d" relativeResultsDirectory="5c7b628a-41fb-44f2-b52d-548b1562da76" />
    <UnitTestResult executionId="873f44b7-c090-40ec-bb9e-9da52aa57d97" testId="50d4599d-441b-6d48-33c5-276e0531443b" testName="DisableDocsForMethod" computerName="pkrvmfkh1xnbeme" duration="00:00:00.0067780" startTime="2025-07-09T18:53:43.5803581+00:00" endTime="2025-07-09T18:53:43.5871357+00:00" testType="13cdc9d9-ddb5-4fa4-a97d-d965ccfc6d4b" outcome="Passed" testListId="8c84fa94-04c1-424b-9868-57a2d4851a1d" relativeResultsDirectory="873f44b7-c090-40ec-bb9e-9da52aa57d97" />
    <UnitTestResult executionId="5a4e697d-7f56-44fb-9939-b4c45e001d55" testId="87c01078-6de1-9cc2-c82f-b4fae10d0ccc" testName="TestIsCSharpKeyword(&quot;continue&quot;,True)" computerName="pkrvmfkh1xnbeme" duration="00:00:00.0003470" startTime="2025-07-09T18:53:52.9234933+00:00" endTime="2025-07-09T18:53:52.9238398+00:00" testType="13cdc9d9-ddb5-4fa4-a97d-d965ccfc6d4b" outcome="Passed" testListId="8c84fa94-04c1-424b-9868-57a2d4851a1d" relativeResultsDirectory="5a4e697d-7f56-44fb-9939-b4c45e001d55" />
    <UnitTestResult executionId="e2b850a3-1ef0-4e7b-8c1a-c3c03db0e868" testId="4eef0cf0-2982-f513-aee1-115e40428440" testName="BodyHasSetterValidation(&quot;nullableCollectionOnInputModel&quot;,Microsoft.TypeSpec.Generator.Input.InputModelType,False,null)" computerName="pkrvmfkh1xnbeme" duration="00:00:00.0005120" startTime="2025-07-09T18:53:52.4100527+00:00" endTime="2025-07-09T18:53:52.4105648+00:00" testType="13cdc9d9-ddb5-4fa4-a97d-d965ccfc6d4b" outcome="Passed" testListId="8c84fa94-04c1-424b-9868-57a2d4851a1d" relativeResultsDirectory="e2b850a3-1ef0-4e7b-8c1a-c3c03db0e868" />
    <UnitTestResult executionId="b6b942ce-e4e4-4ebd-8aef-8c896f0e8d4d" testId="5f5bcfaf-cfd9-b964-4d3b-0be4872b8e61" testName="SkipInternalModels" computerName="pkrvmfkh1xnbeme" duration="00:00:00.0018540" startTime="2025-07-09T18:53:48.4357287+00:00" endTime="2025-07-09T18:53:48.4375826+00:00" testType="13cdc9d9-ddb5-4fa4-a97d-d965ccfc6d4b" outcome="Passed" testListId="8c84fa94-04c1-424b-9868-57a2d4851a1d" relativeResultsDirectory="b6b942ce-e4e4-4ebd-8aef-8c896f0e8d4d" />
    <UnitTestResult executionId="efa4fc67-b2dc-486c-ab9f-38521d6ce9e4" testId="c55050c0-1d45-725e-2617-d72f76287147" testName="HashCodesAreEqual(System.Collections.Generic.IDictionary`2[System.String,System.Int32])" computerName="pkrvmfkh1xnbeme" duration="00:00:00.0001570" startTime="2025-07-09T18:53:46.9311198+00:00" endTime="2025-07-09T18:53:46.9312766+00:00" testType="13cdc9d9-ddb5-4fa4-a97d-d965ccfc6d4b" outcome="Passed" testListId="8c84fa94-04c1-424b-9868-57a2d4851a1d" relativeResultsDirectory="efa4fc67-b2dc-486c-ab9f-38521d6ce9e4" />
    <UnitTestResult executionId="94922325-23bd-4c3d-be03-e93a83e43b00" testId="b3ed2cd2-f22a-e86b-ed85-bfe669051bb8" testName="VerifyBaseTypeIsNull" computerName="pkrvmfkh1xnbeme" duration="00:00:00.0035910" startTime="2025-07-09T18:53:51.9397403+00:00" endTime="2025-07-09T18:53:51.9433310+00:00" testType="13cdc9d9-ddb5-4fa4-a97d-d965ccfc6d4b" outcome="Passed" testListId="8c84fa94-04c1-424b-9868-57a2d4851a1d" relativeResultsDirectory="94922325-23bd-4c3d-be03-e93a83e43b00" />
    <UnitTestResult executionId="fc34200f-3d2e-4582-a7b6-27c5fd841059" testId="d5b4e9f5-f4d0-85d8-bb34-96f7deb58741" testName="CanChangeSwitchStatement" computerName="pkrvmfkh1xnbeme" duration="00:00:00.0018840" startTime="2025-07-09T18:53:52.8239057+00:00" endTime="2025-07-09T18:53:52.8257896+00:00" testType="13cdc9d9-ddb5-4fa4-a97d-d965ccfc6d4b" outcome="Passed" testListId="8c84fa94-04c1-424b-9868-57a2d4851a1d" relativeResultsDirectory="fc34200f-3d2e-4582-a7b6-27c5fd841059" />
    <UnitTestResult executionId="bccee5f5-6a0d-46f5-9829-02b00c9b5f3f" testId="84836fff-5066-5659-deb1-f30fe6cf59f2" testName="IntSerializationFormat(Int8,&quot;string&quot;)" computerName="pkrvmfkh1xnbeme" duration="00:00:00.0004929" startTime="2025-07-09T18:53:52.8443174+00:00" endTime="2025-07-09T18:53:52.8448104+00:00" testType="13cdc9d9-ddb5-4fa4-a97d-d965ccfc6d4b" outcome="Passed" testListId="8c84fa94-04c1-424b-9868-57a2d4851a1d" relativeResultsDirectory="bccee5f5-6a0d-46f5-9829-02b00c9b5f3f" />
    <UnitTestResult executionId="f1ba7b3f-b745-42f1-809b-fbd012a6a620" testId="3e0080a5-9006-e0a9-05c4-318190bbf374" testName="CorrectValidationIsAppliedToParameter(String,True,AssertNotNullOrEmpty)" computerName="pkrvmfkh1xnbeme" duration="00:00:00.0025280" startTime="2025-07-09T18:53:52.3847290+00:00" endTime="2025-07-09T18:53:52.3872570+00:00" testType="13cdc9d9-ddb5-4fa4-a97d-d965ccfc6d4b" outcome="Passed" testListId="8c84fa94-04c1-424b-9868-57a2d4851a1d" relativeResultsDirectory="f1ba7b3f-b745-42f1-809b-fbd012a6a620" />
    <UnitTestResult executionId="0f762d38-80f5-4083-aa1c-bb0f368ff871" testId="ca916ec1-2373-0743-a45d-3badde2f97f1" testName="IsReadOnlyDictionary(System.Collections.Generic.IReadOnlyDictionary`2[TKey,TValue],True)" computerName="pkrvmfkh1xnbeme" duration="00:00:00.0000800" startTime="2025-07-09T18:53:46.9420463+00:00" endTime="2025-07-09T18:53:46.9421264+00:00" testType="13cdc9d9-ddb5-4fa4-a97d-d965ccfc6d4b" outcome="Passed" testListId="8c84fa94-04c1-424b-9868-57a2d4851a1d" relativeResultsDirectory="0f762d38-80f5-4083-aa1c-bb0f368ff871" />
    <UnitTestResult executionId="388258b2-be9a-4b84-9b40-beb2bebe8e98" testId="f45be8ae-f0ce-46ea-c86d-91c428e59f55" testName="TestBreakLines_LiteralOpenAndCloseBraceWithArgs" computerName="pkrvmfkh1xnbeme" duration="00:00:00.0000780" startTime="2025-07-09T18:53:52.8571367+00:00" endTime="2025-07-09T18:53:52.8572145+00:00" testType="13cdc9d9-ddb5-4fa4-a97d-d965ccfc6d4b" outcome="Passed" testListId="8c84fa94-04c1-424b-9868-57a2d4851a1d" relativeResultsDirectory="388258b2-be9a-4b84-9b40-beb2bebe8e98" />
    <UnitTestResult executionId="71662aa6-b56f-4c9c-b928-0cd8b6fd5db8" testId="0380a994-cb1e-d971-17c9-30c75820a28e" testName="UnknownVariantIsInternal" computerName="pkrvmfkh1xnbeme" duration="00:00:00.0014020" startTime="2025-07-09T18:53:49.3712062+00:00" endTime="2025-07-09T18:53:49.3726083+00:00" testType="13cdc9d9-ddb5-4fa4-a97d-d965ccfc6d4b" outcome="Passed" testListId="8c84fa94-04c1-424b-9868-57a2d4851a1d" relativeResultsDirectory="71662aa6-b56f-4c9c-b928-0cd8b6fd5db8" />
    <UnitTestResult executionId="7ccace6e-d4fe-421c-b86f-b3b2ceb76df3" testId="7b2bde76-c4df-aa8b-e1f7-800bedb22f31" testName="SystemTypeOperatorTestEqual(System.Int64)" computerName="pkrvmfkh1xnbeme" duration="00:00:00.0003280" startTime="2025-07-09T18:53:46.0769916+00:00" endTime="2025-07-09T18:53:46.0773199+00:00" testType="13cdc9d9-ddb5-4fa4-a97d-d965ccfc6d4b" outcome="Passed" testListId="8c84fa94-04c1-424b-9868-57a2d4851a1d" relativeResultsDirectory="7ccace6e-d4fe-421c-b86f-b3b2ceb76df3" />
    <UnitTestResult executionId="85639549-086a-495b-8a0c-2569c332e6c6" testId="0d2ce44e-c56c-0338-a04e-c3b9a8e7c5f5" testName="TestBuildProperties_ValidatePropertySetters(Microsoft.TypeSpec.Generator.Input.InputModelProperty,global::System.Collections.Generic.IList&lt;string&gt;,False)" computerName="pkrvmfkh1xnbeme" duration="00:00:00.0016140" startTime="2025-07-09T18:53:51.8319908+00:00" endTime="2025-07-09T18:53:51.8336050+00:00" testType="13cdc9d9-ddb5-4fa4-a97d-d965ccfc6d4b" outcome="Passed" testListId="8c84fa94-04c1-424b-9868-57a2d4851a1d" relativeResultsDirectory="85639549-086a-495b-8a0c-2569c332e6c6" />
    <UnitTestResult executionId="74c4f3da-69ad-4696-b69e-bc00bdc028ad" testId="3d2fee23-fa62-b49e-d623-aac59a5c0265" testName="VerifyTupleExpressionWrite" computerName="pkrvmfkh1xnbeme" duration="00:00:00.0003220" startTime="2025-07-09T18:53:46.0700564+00:00" endTime="2025-07-09T18:53:46.0703785+00:00" testType="13cdc9d9-ddb5-4fa4-a97d-d965ccfc6d4b" outcome="Passed" testListId="8c84fa94-04c1-424b-9868-57a2d4851a1d" relativeResultsDirectory="74c4f3da-69ad-4696-b69e-bc00bdc028ad" />
    <UnitTestResult executionId="bf307ad9-e28b-4796-870c-1f8b07fe6a6e" testId="1639ef3f-9cb3-4dd0-1247-456c5f771eb9" testName="IsReadOnlyMemory(System.ReadOnlyMemory`1[T],True)" computerName="pkrvmfkh1xnbeme" duration="00:00:00.0002420" startTime="2025-07-09T18:53:46.9431766+00:00" endTime="2025-07-09T18:53:46.9434187+00:00" testType="13cdc9d9-ddb5-4fa4-a97d-d965ccfc6d4b" outcome="Passed" testListId="8c84fa94-04c1-424b-9868-57a2d4851a1d" relativeResultsDirectory="bf307ad9-e28b-4796-870c-1f8b07fe6a6e" />
    <UnitTestResult executionId="d34b545f-1de0-4f62-b4f0-46c5261c1518" testId="36b001ef-f209-92e0-c905-a05873818879" testName="TestSnakeCaseProperty" computerName="pkrvmfkh1xnbeme" duration="00:00:00.0007910" startTime="2025-07-09T18:53:52.4254674+00:00" endTime="2025-07-09T18:53:52.4262579+00:00" testType="13cdc9d9-ddb5-4fa4-a97d-d965ccfc6d4b" outcome="Passed" testListId="8c84fa94-04c1-424b-9868-57a2d4851a1d" relativeResultsDirectory="d34b545f-1de0-4f62-b4f0-46c5261c1518" />
    <UnitTestResult executionId="541d071c-47e4-40db-8561-bee5375e1a08" testId="249b2ac8-e68f-ba42-20ef-e0e8dbce8067" testName="InvalidParameterDocsThrows" computerName="pkrvmfkh1xnbeme" duration="00:00:00.0528140" startTime="2025-07-09T18:53:52.3072100+00:00" endTime="2025-07-09T18:53:52.3600237+00:00" testType="13cdc9d9-ddb5-4fa4-a97d-d965ccfc6d4b" outcome="Passed" testListId="8c84fa94-04c1-424b-9868-57a2d4851a1d" relativeResultsDirectory="541d071c-47e4-40db-8561-bee5375e1a08" />
    <UnitTestResult executionId="f94cfa80-d535-4556-9e40-77f9fc010a25" testId="3cac2c60-f1c9-2ed2-1385-b1fd41397e72" testName="SelectGeneratorThrowsWhenNoMatch" computerName="pkrvmfkh1xnbeme" duration="00:00:00.0007500" startTime="2025-07-09T18:53:52.7322289+00:00" endTime="2025-07-09T18:53:52.7329786+00:00" testType="13cdc9d9-ddb5-4fa4-a97d-d965ccfc6d4b" outcome="Passed" testListId="8c84fa94-04c1-424b-9868-57a2d4851a1d" relativeResultsDirectory="f94cfa80-d535-4556-9e40-77f9fc010a25" />
    <UnitTestResult executionId="c141caf6-1afc-4c4c-bfb3-2f8ea7bc1229" testId="36d446b4-f7a6-82f4-b811-f718141f12a6" testName="AsParameterRespectsChangesToFieldType" computerName="pkrvmfkh1xnbeme" duration="00:00:00.0008370" startTime="2025-07-09T18:53:47.2546409+00:00" endTime="2025-07-09T18:53:47.2554782+00:00" testType="13cdc9d9-ddb5-4fa4-a97d-d965ccfc6d4b" outcome="Passed" testListId="8c84fa94-04c1-424b-9868-57a2d4851a1d" relativeResultsDirectory="c141caf6-1afc-4c4c-bfb3-2f8ea7bc1229" />
    <UnitTestResult executionId="c2605488-de38-4f52-b0d6-a1521e287fd2" testId="e529b671-4072-6117-ed04-0e2e051c553f" testName="DictionaryExpression(System.Collections.Generic.IList`1[System.Int32],System.Int32)" computerName="pkrvmfkh1xnbeme" duration="00:00:00.0002890" startTime="2025-07-09T18:53:46.0351947+00:00" endTime="2025-07-09T18:53:46.0354840+00:00" testType="13cdc9d9-ddb5-4fa4-a97d-d965ccfc6d4b" outcome="Passed" testListId="8c84fa94-04c1-424b-9868-57a2d4851a1d" relativeResultsDirectory="c2605488-de38-4f52-b0d6-a1521e287fd2" />
    <UnitTestResult executionId="273702a7-1bb9-4671-884a-1e0fa085fec1" testId="ab655b06-e7da-ba83-91c6-6676025d835e" testName="DoesNotVisitPropertiesWhenTypeIsNulledOut" computerName="pkrvmfkh1xnbeme" duration="00:00:00.0017130" startTime="2025-07-09T18:53:46.7463474+00:00" endTime="2025-07-09T18:53:46.7480603+00:00" testType="13cdc9d9-ddb5-4fa4-a97d-d965ccfc6d4b" outcome="Passed" testListId="8c84fa94-04c1-424b-9868-57a2d4851a1d" relativeResultsDirectory="273702a7-1bb9-4671-884a-1e0fa085fec1" />
    <UnitTestResult executionId="9df0a916-08b1-4f0d-a5b5-33b9f4ac8325" testId="21001f4f-7188-3241-0430-3531d1b521bc" testName="GeneratesNewNamesInChildScope" computerName="pkrvmfkh1xnbeme" duration="00:00:00.0004410" startTime="2025-07-09T18:53:52.9842503+00:00" endTime="2025-07-09T18:53:52.9846913+00:00" testType="13cdc9d9-ddb5-4fa4-a97d-d965ccfc6d4b" outcome="Passed" testListId="8c84fa94-04c1-424b-9868-57a2d4851a1d" relativeResultsDirectory="9df0a916-08b1-4f0d-a5b5-33b9f4ac8325" />
    <UnitTestResult executionId="00a8d406-288a-47fe-b69d-424459404400" testId="150db943-c8d9-babf-885a-3b2c2432d509" testName="ListExpression(System.Int64)" computerName="pkrvmfkh1xnbeme" duration="00:00:00.0003260" startTime="2025-07-09T18:53:46.0528774+00:00" endTime="2025-07-09T18:53:46.0532032+00:00" testType="13cdc9d9-ddb5-4fa4-a97d-d965ccfc6d4b" outcome="Passed" testListId="8c84fa94-04c1-424b-9868-57a2d4851a1d" relativeResultsDirectory="00a8d406-288a-47fe-b69d-424459404400" />
    <UnitTestResult executionId="dba4c7c0-293c-49fe-b5f9-f7efd45f7501" testId="e3808a39-6626-04fc-4a46-f479127fa804" testName="HashCodesAreEqual(System.Collections.Generic.IList`1[T])" computerName="pkrvmfkh1xnbeme" duration="00:00:00.0002850" startTime="2025-07-09T18:53:46.9302665+00:00" endTime="2025-07-09T18:53:46.9305518+00:00" testType="13cdc9d9-ddb5-4fa4-a97d-d965ccfc6d4b" outcome="Passed" testListId="8c84fa94-04c1-424b-9868-57a2d4851a1d" relativeResultsDirectory="dba4c7c0-293c-49fe-b5f9-f7efd45f7501" />
    <UnitTestResult executionId="3bfd9a05-7e52-464d-b3c6-864ae478e9d0" testId="71d86dd6-367d-5902-c936-70dc223913e1" testName="DiscriminatedModelWithUnknownValueThrows" computerName="pkrvmfkh1xnbeme" duration="00:00:00.0007300" startTime="2025-07-09T18:53:49.2468336+00:00" endTime="2025-07-09T18:53:49.2475631+00:00" testType="13cdc9d9-ddb5-4fa4-a97d-d965ccfc6d4b" outcome="Passed" testListId="8c84fa94-04c1-424b-9868-57a2d4851a1d" relativeResultsDirectory="3bfd9a05-7e52-464d-b3c6-864ae478e9d0" />
    <UnitTestResult executionId="b4fbec72-3715-459d-9a83-35ce30105099" testId="2fe0ce30-023a-d677-13ee-2b4363be581f" testName="ListExpression(System.Int32)" computerName="pkrvmfkh1xnbeme" duration="00:00:00.0006620" startTime="2025-07-09T18:53:46.0521905+00:00" endTime="2025-07-09T18:53:46.0528518+00:00" testType="13cdc9d9-ddb5-4fa4-a97d-d965ccfc6d4b" outcome="Passed" testListId="8c84fa94-04c1-424b-9868-57a2d4851a1d" relativeResultsDirectory="b4fbec72-3715-459d-9a83-35ce30105099" />
    <UnitTestResult executionId="14085153-428a-4615-b748-61505b5e669b" testId="9f1dafa7-46ea-b3b8-922f-7e2b781a7ceb" testName="TestIsCSharpKeyword(&quot;extern&quot;,True)" computerName="pkrvmfkh1xnbeme" duration="00:00:00.0003550" startTime="2025-07-09T18:53:52.9282585+00:00" endTime="2025-07-09T18:53:52.9286133+00:00" testType="13cdc9d9-ddb5-4fa4-a97d-d965ccfc6d4b" outcome="Passed" testListId="8c84fa94-04c1-424b-9868-57a2d4851a1d" relativeResultsDirectory="14085153-428a-4615-b748-61505b5e669b" />
    <UnitTestResult executionId="dd5b077c-b174-4b49-867f-738fe8d35f69" testId="c60130b7-97e5-1a5f-9286-3db764dfef7d" testName="IsDictionary(System.ReadOnlyMemory`1[T],False)" computerName="pkrvmfkh1xnbeme" duration="00:00:00.0000910" startTime="2025-07-09T18:53:46.9397342+00:00" endTime="2025-07-09T18:53:46.9398250+00:00" testType="13cdc9d9-ddb5-4fa4-a97d-d965ccfc6d4b" outcome="Passed" testListId="8c84fa94-04c1-424b-9868-57a2d4851a1d" relativeResultsDirectory="dd5b077c-b174-4b49-867f-738fe8d35f69" />
    <UnitTestResult executionId="089bfb37-00f9-41e0-b4dd-dd339741aa29" testId="0f11278f-9664-24e1-72c4-4100f1fa8197" testName="ValidateDictionary" computerName="pkrvmfkh1xnbeme" duration="00:00:00.0003959" startTime="2025-07-09T18:53:52.6393591+00:00" endTime="2025-07-09T18:53:52.6397548+00:00" testType="13cdc9d9-ddb5-4fa4-a97d-d965ccfc6d4b" outcome="Passed" testListId="8c84fa94-04c1-424b-9868-57a2d4851a1d" relativeResultsDirectory="089bfb37-00f9-41e0-b4dd-dd339741aa29" />
    <UnitTestResult executionId="634174dc-2b48-4bb3-8eb2-b777edb7c70f" testId="e303d999-2b6c-2af9-2825-d923ed6aba31" testName="TestParseCommandLineOptionsArgs([&quot;../inputDir&quot;, &quot;-g CodeModelGenerator&quot;],False)" computerName="pkrvmfkh1xnbeme" duration="00:00:00.0663720" startTime="2025-07-09T18:53:52.6447839+00:00" endTime="2025-07-09T18:53:52.7111555+00:00" testType="13cdc9d9-ddb5-4fa4-a97d-d965ccfc6d4b" outcome="Passed" testListId="8c84fa94-04c1-424b-9868-57a2d4851a1d" relativeResultsDirectory="634174dc-2b48-4bb3-8eb2-b777edb7c70f" />
    <UnitTestResult executionId="69e1e5da-5b90-49db-ac58-ca5c86f7ace1" testId="ffafe886-db52-5cdf-21f6-dc5e02604ae3" testName="IsReadOnlyDictionary(System.Int32,False)" computerName="pkrvmfkh1xnbeme" duration="00:00:00.0002160" startTime="2025-07-09T18:53:46.9414306+00:00" endTime="2025-07-09T18:53:46.9416459+00:00" testType="13cdc9d9-ddb5-4fa4-a97d-d965ccfc6d4b" outcome="Passed" testListId="8c84fa94-04c1-424b-9868-57a2d4851a1d" relativeResultsDirectory="69e1e5da-5b90-49db-ac58-ca5c86f7ace1" />
    <UnitTestResult executionId="df710ece-3946-41e9-9f66-017d9bf6e13e" testId="8cb888f8-fcf7-8b11-26ea-f6f3a12256ea" testName="BaseShouldBeAbstract(Microsoft.TypeSpec.Generator.Input.InputModelType,&quot;/// &lt;summary&gt;\n/// pet description\n/// Please note this is the abstract base class. The derived classes available for instantiation are: &lt;see cref=\&quot;Cat\&quot;/&gt; and &lt;see cref=\&quot;Dog\&quot;/&gt;.\n/// &lt;/summary&gt;\n&quot;)" computerName="pkrvmfkh1xnbeme" duration="00:00:00.0008970" startTime="2025-07-09T18:53:49.1821904+00:00" endTime="2025-07-09T18:53:49.1830869+00:00" testType="13cdc9d9-ddb5-4fa4-a97d-d965ccfc6d4b" outcome="Passed" testListId="8c84fa94-04c1-424b-9868-57a2d4851a1d" relativeResultsDirectory="df710ece-3946-41e9-9f66-017d9bf6e13e" />
    <UnitTestResult executionId="10948583-3b1f-4d75-bc76-1db0442a44e5" testId="2bf86ef9-8073-f648-a9b3-116f450a09fe" testName="HashCodesAreNotEqual(System.Collections.Generic.IDictionary`2[System.Int32,System.String],System.Collections.Generic.Dictionary`2[System.Int32,System.String])" computerName="pkrvmfkh1xnbeme" duration="00:00:00.0002980" startTime="2025-07-09T18:53:46.9348640+00:00" endTime="2025-07-09T18:53:46.9351618+00:00" testType="13cdc9d9-ddb5-4fa4-a97d-d965ccfc6d4b" outcome="Passed" testListId="8c84fa94-04c1-424b-9868-57a2d4851a1d" relativeResultsDirectory="10948583-3b1f-4d75-bc76-1db0442a44e5" />
    <UnitTestResult executionId="fbf92378-25b2-43a5-ad34-ff5278909d88" testId="b75dbff8-492f-b9d8-9330-adf317c28bd9" testName="CanChangePropertyType" computerName="pkrvmfkh1xnbeme" duration="00:00:00.0487060" startTime="2025-07-09T18:53:50.3893085+00:00" endTime="2025-07-09T18:53:50.4380144+00:00" testType="13cdc9d9-ddb5-4fa4-a97d-d965ccfc6d4b" outcome="Passed" testListId="8c84fa94-04c1-424b-9868-57a2d4851a1d" relativeResultsDirectory="fbf92378-25b2-43a5-ad34-ff5278909d88" />
    <UnitTestResult executionId="d365eb0a-8f34-4d61-bcb3-d9f8d802c0b6" testId="aa77dcb4-629c-c970-35f0-7c6df7feae23" testName="TestIsCSharpKeyword(&quot;void&quot;,True)" computerName="pkrvmfkh1xnbeme" duration="00:00:00.0005710" startTime="2025-07-09T18:53:52.9764246+00:00" endTime="2025-07-09T18:53:52.9769952+00:00" testType="13cdc9d9-ddb5-4fa4-a97d-d965ccfc6d4b" outcome="Passed" testListId="8c84fa94-04c1-424b-9868-57a2d4851a1d" relativeResultsDirectory="d365eb0a-8f34-4d61-bcb3-d9f8d802c0b6" />
    <UnitTestResult executionId="67565391-8774-4d43-a979-a87868d29431" testId="f978fc6b-dcf1-e1b9-355c-6fcb1045a872" testName="ValidateModifiers" computerName="pkrvmfkh1xnbeme" duration="00:00:00.0012940" startTime="2025-07-09T18:53:47.0407516+00:00" endTime="2025-07-09T18:53:47.0420457+00:00" testType="13cdc9d9-ddb5-4fa4-a97d-d965ccfc6d4b" outcome="Passed" testListId="8c84fa94-04c1-424b-9868-57a2d4851a1d" relativeResultsDirectory="67565391-8774-4d43-a979-a87868d29431" />
    <UnitTestResult executionId="3615a0d9-6621-457b-9d8b-3520b3a5ef2b" testId="ae60ce96-2a23-7960-98da-758a2ef4dcc2" testName="ValidateString" computerName="pkrvmfkh1xnbeme" duration="00:00:00.0002530" startTime="2025-07-09T18:53:52.6438660+00:00" endTime="2025-07-09T18:53:52.6441185+00:00" testType="13cdc9d9-ddb5-4fa4-a97d-d965ccfc6d4b" outcome="Passed" testListId="8c84fa94-04c1-424b-9868-57a2d4851a1d" relativeResultsDirectory="3615a0d9-6621-457b-9d8b-3520b3a5ef2b" />
    <UnitTestResult executionId="6be0c167-0f5b-40e9-b7e6-f2114105e972" testId="6ae2e32b-e312-97af-fb1c-95c52237f233" testName="TypesAreEqual(System.Collections.Generic.IDictionary`2[System.Collections.Generic.IDictionary`2[System.Int32,System.String],System.Collections.Generic.IDictionary`2[System.String,System.Int32]])" computerName="pkrvmfkh1xnbeme" duration="00:00:00.0001190" startTime="2025-07-09T18:53:46.9536701+00:00" endTime="2025-07-09T18:53:46.9537894+00:00" testType="13cdc9d9-ddb5-4fa4-a97d-d965ccfc6d4b" outcome="Passed" testListId="8c84fa94-04c1-424b-9868-57a2d4851a1d" relativeResultsDirectory="6be0c167-0f5b-40e9-b7e6-f2114105e972" />
    <UnitTestResult executionId="68b8955f-0df7-4725-b794-0d40e9d2e7d2" testId="0fe591bd-5294-b0b8-b514-391806a3b142" testName="TypesAreNotEqual(System.Collections.Generic.IList`1[System.Int32],System.Collections.Generic.IList`1[System.String])" computerName="pkrvmfkh1xnbeme" duration="00:00:00.0002550" startTime="2025-07-09T18:53:46.9609093+00:00" endTime="2025-07-09T18:53:46.9611640+00:00" testType="13cdc9d9-ddb5-4fa4-a97d-d965ccfc6d4b" outcome="Passed" testListId="8c84fa94-04c1-424b-9868-57a2d4851a1d" relativeResultsDirectory="68b8955f-0df7-4725-b794-0d40e9d2e7d2" />
    <UnitTestResult executionId="8e23230f-cc6f-4834-9dee-ed075c1f1247" testId="9bb22f05-4791-90bc-3b45-29eda32cd041" testName="ValidateMethods" computerName="pkrvmfkh1xnbeme" duration="00:00:00.0031740" startTime="2025-07-09T18:53:51.9602632+00:00" endTime="2025-07-09T18:53:51.9634369+00:00" testType="13cdc9d9-ddb5-4fa4-a97d-d965ccfc6d4b" outcome="Passed" testListId="8c84fa94-04c1-424b-9868-57a2d4851a1d" relativeResultsDirectory="8e23230f-cc6f-4834-9dee-ed075c1f1247" />
    <UnitTestResult executionId="4136221c-2cb9-4ff3-8fc5-3e9963f7caf3" testId="d3da00c3-aa14-49d5-9976-788854971981" testName="TestWriteMethodDeclarationNoScope_ConstructorSignature" computerName="pkrvmfkh1xnbeme" duration="00:00:00.0003300" startTime="2025-07-09T18:53:53.0180926+00:00" endTime="2025-07-09T18:53:53.0184223+00:00" testType="13cdc9d9-ddb5-4fa4-a97d-d965ccfc6d4b" outcome="Passed" testListId="8c84fa94-04c1-424b-9868-57a2d4851a1d" relativeResultsDirectory="4136221c-2cb9-4ff3-8fc5-3e9963f7caf3" />
    <UnitTestResult executionId="9c368592-83f0-4792-8685-9f686422d23b" testId="8d0e76e1-7de8-e197-f803-2767813ece35" testName="TypeModifiersTest(Public, Class, Partial)" computerName="pkrvmfkh1xnbeme" duration="00:00:00.0002970" startTime="2025-07-09T18:53:53.0189872+00:00" endTime="2025-07-09T18:53:53.0192838+00:00" testType="13cdc9d9-ddb5-4fa4-a97d-d965ccfc6d4b" outcome="Passed" testListId="8c84fa94-04c1-424b-9868-57a2d4851a1d" relativeResultsDirectory="9c368592-83f0-4792-8685-9f686422d23b" />
    <UnitTestResult executionId="b0d7fc34-685a-415d-a0f9-b2ec2bb9205e" testId="e600fb81-0027-c971-f9c3-ea12b0e3838e" testName="ValidatePropertyTypes(System.String[])" computerName="pkrvmfkh1xnbeme" duration="00:00:00.0094090" startTime="2025-07-09T18:53:52.2301610+00:00" endTime="2025-07-09T18:53:52.2395695+00:00" testType="13cdc9d9-ddb5-4fa4-a97d-d965ccfc6d4b" outcome="Passed" testListId="8c84fa94-04c1-424b-9868-57a2d4851a1d" relativeResultsDirectory="b0d7fc34-685a-415d-a0f9-b2ec2bb9205e" />
    <UnitTestResult executionId="cdd02e5e-9bf0-40a5-baeb-4d1fb2942167" testId="3d79305c-5a98-d601-ac9c-4bf67660f1e8" testName="CustomCodeAttributesAreLoadedIntoAttributeStatements" computerName="pkrvmfkh1xnbeme" duration="00:00:00.1345000" startTime="2025-07-09T18:53:48.7992668+00:00" endTime="2025-07-09T18:53:48.9337667+00:00" testType="13cdc9d9-ddb5-4fa4-a97d-d965ccfc6d4b" outcome="Passed" testListId="8c84fa94-04c1-424b-9868-57a2d4851a1d" relativeResultsDirectory="cdd02e5e-9bf0-40a5-baeb-4d1fb2942167" />
    <UnitTestResult executionId="7acde75d-6094-487c-a764-99c0cdec5a79" testId="7fcc0b52-7c7d-2ba2-4751-3821e4104464" testName="ClearResetsUndefined" computerName="pkrvmfkh1xnbeme" duration="00:00:00.0002840" startTime="2025-07-09T18:53:47.0542138+00:00" endTime="2025-07-09T18:53:47.0544972+00:00" testType="13cdc9d9-ddb5-4fa4-a97d-d965ccfc6d4b" outcome="Passed" testListId="8c84fa94-04c1-424b-9868-57a2d4851a1d" relativeResultsDirectory="7acde75d-6094-487c-a764-99c0cdec5a79" />
    <UnitTestResult executionId="12e9b5fe-94ea-4e97-a712-577f4fa0b6c8" testId="f10cc00c-79c1-4d9c-8c29-de5a72b85501" testName="SystemTypeOperatorTestEqual(System.Collections.Generic.IList`1[System.Int32])" computerName="pkrvmfkh1xnbeme" duration="00:00:00.0002760" startTime="2025-07-09T18:53:46.0786990+00:00" endTime="2025-07-09T18:53:46.0789751+00:00" testType="13cdc9d9-ddb5-4fa4-a97d-d965ccfc6d4b" outcome="Passed" testListId="8c84fa94-04c1-424b-9868-57a2d4851a1d" relativeResultsDirectory="12e9b5fe-94ea-4e97-a712-577f4fa0b6c8" />
    <UnitTestResult executionId="27b6ddcb-5bb8-4996-b789-6c653caa38f2" testId="595f6a65-900b-e46f-44db-f3736418db5b" testName="ValidateAnonymousWithPropertiesSingleLine" computerName="pkrvmfkh1xnbeme" duration="00:00:00.0002730" startTime="2025-07-09T18:53:46.0621996+00:00" endTime="2025-07-09T18:53:46.0624729+00:00" testType="13cdc9d9-ddb5-4fa4-a97d-d965ccfc6d4b" outcome="Passed" testListId="8c84fa94-04c1-424b-9868-57a2d4851a1d" relativeResultsDirectory="27b6ddcb-5bb8-4996-b789-6c653caa38f2" />
    <UnitTestResult executionId="697a1e73-6944-4e24-bb97-35e0bbd2f66d" testId="0f29e433-ce66-01a6-7acb-28bce10d26ca" testName="IsReadWriteList(System.Collections.Generic.List`1[T],True)" computerName="pkrvmfkh1xnbeme" duration="00:00:00.0000810" startTime="2025-07-09T18:53:46.9450860+00:00" endTime="2025-07-09T18:53:46.9451675+00:00" testType="13cdc9d9-ddb5-4fa4-a97d-d965ccfc6d4b" outcome="Passed" testListId="8c84fa94-04c1-424b-9868-57a2d4851a1d" relativeResultsDirectory="697a1e73-6944-4e24-bb97-35e0bbd2f66d" />
    <UnitTestResult executionId="6822143c-3cac-46aa-9516-aa83e7aca14c" testId="898f17e3-1177-42cd-4c82-d7559e1b2361" testName="DictionaryExpression(System.Tuple`1[T1],System.Tuple`2[T1,T2])" computerName="pkrvmfkh1xnbeme" duration="00:00:00.0003089" startTime="2025-07-09T18:53:46.0395548+00:00" endTime="2025-07-09T18:53:46.0398638+00:00" testType="13cdc9d9-ddb5-4fa4-a97d-d965ccfc6d4b" outcome="Passed" testListId="8c84fa94-04c1-424b-9868-57a2d4851a1d" relativeResultsDirectory="6822143c-3cac-46aa-9516-aa83e7aca14c" />
    <UnitTestResult executionId="edd6f367-5754-4d80-8892-336cd54307a4" testId="a3aa98b9-ebc2-8976-affc-ff2d6fa4cb7a" testName="PreVisitsProperties" computerName="pkrvmfkh1xnbeme" duration="00:00:00.0093560" startTime="2025-07-09T18:53:46.6988404+00:00" endTime="2025-07-09T18:53:46.7081965+00:00" testType="13cdc9d9-ddb5-4fa4-a97d-d965ccfc6d4b" outcome="Passed" testListId="8c84fa94-04c1-424b-9868-57a2d4851a1d" relativeResultsDirectory="edd6f367-5754-4d80-8892-336cd54307a4" />
    <UnitTestResult executionId="272253c9-4dd9-476f-9bc2-7822eecc7745" testId="7dcecb19-e03f-ca26-f49c-22f6c7ef82e3" testName="CodeWriter_WriteProperty_ExpressionBody" computerName="pkrvmfkh1xnbeme" duration="00:00:00.0005090" startTime="2025-07-09T18:53:53.0049744+00:00" endTime="2025-07-09T18:53:53.0054831+00:00" testType="13cdc9d9-ddb5-4fa4-a97d-d965ccfc6d4b" outcome="Passed" testListId="8c84fa94-04c1-424b-9868-57a2d4851a1d" relativeResultsDirectory="272253c9-4dd9-476f-9bc2-7822eecc7745" />
    <UnitTestResult executionId="0f77f10f-4180-4dc4-bacc-04e90cfa7248" testId="60e89033-289b-6c28-2165-4ca101b6fc5d" testName="CanUpdateVariableExpression" computerName="pkrvmfkh1xnbeme" duration="00:00:00.0006570" startTime="2025-07-09T18:53:46.0201175+00:00" endTime="2025-07-09T18:53:46.0207744+00:00" testType="13cdc9d9-ddb5-4fa4-a97d-d965ccfc6d4b" outcome="Passed" testListId="8c84fa94-04c1-424b-9868-57a2d4851a1d" relativeResultsDirectory="0f77f10f-4180-4dc4-bacc-04e90cfa7248" />
    <UnitTestResult executionId="7fb60691-743d-42b5-ac09-6bd413b8f479" testId="6aa0ad0c-ce2a-1ae2-99d8-fcadab3a7add" testName="TestToApiVersionValue(&quot;V1_0_0&quot;,&quot;1-0-0&quot;)" computerName="pkrvmfkh1xnbeme" duration="00:00:00.0001610" startTime="2025-07-09T18:53:52.9800708+00:00" endTime="2025-07-09T18:53:52.9802316+00:00" testType="13cdc9d9-ddb5-4fa4-a97d-d965ccfc6d4b" outcome="Passed" testListId="8c84fa94-04c1-424b-9868-57a2d4851a1d" relativeResultsDirectory="7fb60691-743d-42b5-ac09-6bd413b8f479" />
    <UnitTestResult executionId="f9b543db-676e-4883-a01f-b2998ddbeab4" testId="b47dd208-7232-a7b2-1939-15611c344fe4" testName="ValidateNullableTypes(System.Nullable`1[Microsoft.TypeSpec.Generator.Tests.Primitives.CSharpTypeTests+TestStruct`1[System.Nullable`1[Microsoft.TypeSpec.Generator.Tests.Primitives.CSharpTypeTests+TestStruct`1[System.Int32]]]],[global::Microsoft.TypeSpec.Generator.Tests.Primitives.CSharpTypeTests.TestStruct&lt;int&gt;?],True)" computerName="pkrvmfkh1xnbeme" duration="00:00:00.0000590" startTime="2025-07-09T18:53:46.9682153+00:00" endTime="2025-07-09T18:53:46.9682742+00:00" testType="13cdc9d9-ddb5-4fa4-a97d-d965ccfc6d4b" outcome="Passed" testListId="8c84fa94-04c1-424b-9868-57a2d4851a1d" relativeResultsDirectory="f9b543db-676e-4883-a01f-b2998ddbeab4" />
    <UnitTestResult executionId="6ac320f0-44bb-45e9-baeb-64ea9f2430ec" testId="8e15f030-cf1b-d32c-93b7-137e329bcf03" testName="InvokeToInt32" computerName="pkrvmfkh1xnbeme" duration="00:00:00.0003470" startTime="2025-07-09T18:53:52.6290209+00:00" endTime="2025-07-09T18:53:52.6293682+00:00" testType="13cdc9d9-ddb5-4fa4-a97d-d965ccfc6d4b" outcome="Passed" testListId="8c84fa94-04c1-424b-9868-57a2d4851a1d" relativeResultsDirectory="6ac320f0-44bb-45e9-baeb-64ea9f2430ec" />
    <UnitTestResult executionId="d708d5ac-d5dc-46b4-a7ff-008b69d43455" testId="3c3ad267-fe4c-e9ff-2334-9888a91f01da" testName="BuildPropertyDescription(Microsoft.TypeSpec.Generator.Input.InputModelProperty,global::System.Collections.Generic.IList&lt;string&gt;)" computerName="pkrvmfkh1xnbeme" duration="00:00:00.0011680" startTime="2025-07-09T18:53:52.3977791+00:00" endTime="2025-07-09T18:53:52.3989468+00:00" testType="13cdc9d9-ddb5-4fa4-a97d-d965ccfc6d4b" outcome="Passed" testListId="8c84fa94-04c1-424b-9868-57a2d4851a1d" relativeResultsDirectory="d708d5ac-d5dc-46b4-a7ff-008b69d43455" />
    <UnitTestResult executionId="324676d4-47c1-475e-9dd6-5f7a5f8528d6" testId="b68bdc1e-7304-801d-1e3d-8649f1db1512" testName="TestWriteValueExpression_DefaultCollectionInitializerExpression(&quot;bar&quot;,&quot;{ \&quot;bar\&quot; }&quot;)" computerName="pkrvmfkh1xnbeme" duration="00:00:00.0003200" startTime="2025-07-09T18:53:52.9951496+00:00" endTime="2025-07-09T18:53:52.9954692+00:00" testType="13cdc9d9-ddb5-4fa4-a97d-d965ccfc6d4b" outcome="Passed" testListId="8c84fa94-04c1-424b-9868-57a2d4851a1d" relativeResultsDirectory="324676d4-47c1-475e-9dd6-5f7a5f8528d6" />
    <UnitTestResult executionId="324afcf8-1cda-41dc-b013-d09dfc013f3b" testId="7431a02c-3ec5-4e94-1096-d10672b17fe9" testName="SystemTypeOperatorTestEqual(System.Double)" computerName="pkrvmfkh1xnbeme" duration="00:00:00.0001470" startTime="2025-07-09T18:53:46.0775475+00:00" endTime="2025-07-09T18:53:46.0776944+00:00" testType="13cdc9d9-ddb5-4fa4-a97d-d965ccfc6d4b" outcome="Passed" testListId="8c84fa94-04c1-424b-9868-57a2d4851a1d" relativeResultsDirectory="324afcf8-1cda-41dc-b013-d09dfc013f3b" />
    <UnitTestResult executionId="cd10a597-4f8c-4bed-a604-fb90f9e59502" testId="0d29e5b2-5da1-fce3-df65-d20edd141d9a" testName="TestFlatten_CorrectNestedOrder" computerName="pkrvmfkh1xnbeme" duration="00:00:00.0004190" startTime="2025-07-09T18:53:52.8085612+00:00" endTime="2025-07-09T18:53:52.8089805+00:00" testType="13cdc9d9-ddb5-4fa4-a97d-d965ccfc6d4b" outcome="Passed" testListId="8c84fa94-04c1-424b-9868-57a2d4851a1d" relativeResultsDirectory="cd10a597-4f8c-4bed-a604-fb90f9e59502" />
    <UnitTestResult executionId="8458262b-630b-4321-aeda-0672ba980616" testId="2daa200d-5979-dd1f-ee8e-99b19a63d1ac" testName="ValidateParameters(System.Int64,ScopedApi { Original = LiteralExpression { Literal = 2 }, Type = long })" computerName="pkrvmfkh1xnbeme" duration="00:00:00.0121210" startTime="2025-07-09T18:53:52.0350885+00:00" endTime="2025-07-09T18:53:52.0472095+00:00" testType="13cdc9d9-ddb5-4fa4-a97d-d965ccfc6d4b" outcome="Passed" testListId="8c84fa94-04c1-424b-9868-57a2d4851a1d" relativeResultsDirectory="8458262b-630b-4321-aeda-0672ba980616" />
    <UnitTestResult executionId="a8496bde-9e4c-4b7c-b619-f074b43c6b8c" testId="7dd8be0b-3cc0-5246-8517-74fcee7c02eb" testName="GetGenericTypeDefinition(System.Collections.Generic.KeyValuePair`2[System.Int32,System.String],System.Collections.Generic.KeyValuePair`2[TKey,TValue],True)" computerName="pkrvmfkh1xnbeme" duration="00:00:00.0001920" startTime="2025-07-09T18:53:46.9294772+00:00" endTime="2025-07-09T18:53:46.9296689+00:00" testType="13cdc9d9-ddb5-4fa4-a97d-d965ccfc6d4b" outcome="Passed" testListId="8c84fa94-04c1-424b-9868-57a2d4851a1d" relativeResultsDirectory="a8496bde-9e4c-4b7c-b619-f074b43c6b8c" />
    <UnitTestResult executionId="94b2f4ff-6942-4d57-87c5-16da0c0faf64" testId="ecdb70d8-9075-9d1c-7be9-1f20d9e44583" testName="TestSwitchStatementWithUsingStatementWrite" computerName="pkrvmfkh1xnbeme" duration="00:00:00.0013610" startTime="2025-07-09T18:53:52.8114447+00:00" endTime="2025-07-09T18:53:52.8128058+00:00" testType="13cdc9d9-ddb5-4fa4-a97d-d965ccfc6d4b" outcome="Passed" testListId="8c84fa94-04c1-424b-9868-57a2d4851a1d" relativeResultsDirectory="94b2f4ff-6942-4d57-87c5-16da0c0faf64" />
    <UnitTestResult executionId="df258c25-1bf5-46d9-836b-9d70619b468f" testId="6830570b-6b8d-b4b8-7c7b-a733b2906570" testName="CSharpTypeOperatorTestNotEqual(string,int)" computerName="pkrvmfkh1xnbeme" duration="00:00:00.0004070" startTime="2025-07-09T18:53:46.0748500+00:00" endTime="2025-07-09T18:53:46.0752567+00:00" testType="13cdc9d9-ddb5-4fa4-a97d-d965ccfc6d4b" outcome="Passed" testListId="8c84fa94-04c1-424b-9868-57a2d4851a1d" relativeResultsDirectory="df258c25-1bf5-46d9-836b-9d70619b468f" />
    <UnitTestResult executionId="89726669-38be-4a04-bf23-1342104cad66" testId="bbf2dee1-fe9f-643e-2466-0ea37b55232e" testName="MultiLineSummary" computerName="pkrvmfkh1xnbeme" duration="00:00:00.0008250" startTime="2025-07-09T18:53:53.0140912+00:00" endTime="2025-07-09T18:53:53.0149160+00:00" testType="13cdc9d9-ddb5-4fa4-a97d-d965ccfc6d4b" outcome="Passed" testListId="8c84fa94-04c1-424b-9868-57a2d4851a1d" relativeResultsDirectory="89726669-38be-4a04-bf23-1342104cad66" />
    <UnitTestResult executionId="d75869fe-3665-4f54-8b16-5200f5f3f120" testId="75294453-38c3-0103-a312-a963689198db" testName="TestIsCSharpKeyword(&quot;while&quot;,True)" computerName="pkrvmfkh1xnbeme" duration="00:00:00.0004820" startTime="2025-07-09T18:53:52.9782731+00:00" endTime="2025-07-09T18:53:52.9787552+00:00" testType="13cdc9d9-ddb5-4fa4-a97d-d965ccfc6d4b" outcome="Passed" testListId="8c84fa94-04c1-424b-9868-57a2d4851a1d" relativeResultsDirectory="d75869fe-3665-4f54-8b16-5200f5f3f120" />
    <UnitTestResult executionId="0a995bd6-fc3c-478e-87e7-6b0e4f27ff5f" testId="07e64b3a-aa9b-ba14-4041-8a83b36381b9" testName="OperandOnLeft" computerName="pkrvmfkh1xnbeme" duration="00:00:00.0002610" startTime="2025-07-09T18:53:46.0724759+00:00" endTime="2025-07-09T18:53:46.0727366+00:00" testType="13cdc9d9-ddb5-4fa4-a97d-d965ccfc6d4b" outcome="Passed" testListId="8c84fa94-04c1-424b-9868-57a2d4851a1d" relativeResultsDirectory="0a995bd6-fc3c-478e-87e7-6b0e4f27ff5f" />
    <UnitTestResult executionId="1172b7f4-6b9f-4f3a-b326-7276bff779a9" testId="16c4748f-5659-f1a1-bdb2-fa1948c411de" testName="NullConditionalOperatorNotChangeOriginalType" computerName="pkrvmfkh1xnbeme" duration="00:00:00.0014290" startTime="2025-07-09T18:53:46.0564309+00:00" endTime="2025-07-09T18:53:46.0578592+00:00" testType="13cdc9d9-ddb5-4fa4-a97d-d965ccfc6d4b" outcome="Passed" testListId="8c84fa94-04c1-424b-9868-57a2d4851a1d" relativeResultsDirectory="1172b7f4-6b9f-4f3a-b326-7276bff779a9" />
    <UnitTestResult executionId="6478565f-9c30-4cc7-8610-b76da6aa5dca" testId="ded5e78c-3c9a-2cdb-1f2d-a6dc4bedee40" testName="AsParameterRespectsChangesToPropertyType" computerName="pkrvmfkh1xnbeme" duration="00:00:00.0008850" startTime="2025-07-09T18:53:52.4033136+00:00" endTime="2025-07-09T18:53:52.4041990+00:00" testType="13cdc9d9-ddb5-4fa4-a97d-d965ccfc6d4b" outcome="Passed" testListId="8c84fa94-04c1-424b-9868-57a2d4851a1d" relativeResultsDirectory="6478565f-9c30-4cc7-8610-b76da6aa5dca" />
    <UnitTestResult executionId="1bc57e88-311b-4037-9af5-72f5cbda9e31" testId="45b44dd3-d284-879a-8717-71f2dd6524b4" testName="BuildEnumType_ValidateStringBasedExtensibleEnum()" computerName="pkrvmfkh1xnbeme" duration="00:00:00.0024340" startTime="2025-07-09T18:53:47.2506816+00:00" endTime="2025-07-09T18:53:47.2531152+00:00" testType="13cdc9d9-ddb5-4fa4-a97d-d965ccfc6d4b" outcome="Passed" testListId="8c84fa94-04c1-424b-9868-57a2d4851a1d" relativeResultsDirectory="1bc57e88-311b-4037-9af5-72f5cbda9e31" />
    <UnitTestResult executionId="6cbe4be9-9f18-4b9f-a6f0-f37aa913ab2f" testId="9bd88f60-5e10-717c-4f00-2d1160d34c36" testName="SystemTypeOperatorTestEqual(System.Collections.Generic.IList`1[T])" computerName="pkrvmfkh1xnbeme" duration="00:00:00.0003020" startTime="2025-07-09T18:53:46.0783788+00:00" endTime="2025-07-09T18:53:46.0786807+00:00" testType="13cdc9d9-ddb5-4fa4-a97d-d965ccfc6d4b" outcome="Passed" testListId="8c84fa94-04c1-424b-9868-57a2d4851a1d" relativeResultsDirectory="6cbe4be9-9f18-4b9f-a6f0-f37aa913ab2f" />
    <UnitTestResult executionId="21d77977-89f7-4fda-8963-303b3fca0d9a" testId="9f5dc4d0-4f46-51dc-f0d6-39607e3de400" testName="IsCollectionType(System.Int32[],False)" computerName="pkrvmfkh1xnbeme" duration="00:00:00.0001370" startTime="2025-07-09T18:53:46.9376200+00:00" endTime="2025-07-09T18:53:46.9377572+00:00" testType="13cdc9d9-ddb5-4fa4-a97d-d965ccfc6d4b" outcome="Passed" testListId="8c84fa94-04c1-424b-9868-57a2d4851a1d" relativeResultsDirectory="21d77977-89f7-4fda-8963-303b3fca0d9a" />
    <UnitTestResult executionId="8860f823-a13b-4773-a0af-9fbdf6b61936" testId="89b4f1fb-719f-d5f6-027b-21d7af10c7f4" testName="IfElseStatementWithConditionAndStatements" computerName="pkrvmfkh1xnbeme" duration="00:00:00.0009859" startTime="2025-07-09T18:53:52.8023205+00:00" endTime="2025-07-09T18:53:52.8033068+00:00" testType="13cdc9d9-ddb5-4fa4-a97d-d965ccfc6d4b" outcome="Passed" testListId="8c84fa94-04c1-424b-9868-57a2d4851a1d" relativeResultsDirectory="8860f823-a13b-4773-a0af-9fbdf6b61936" />
    <UnitTestResult executionId="937812a5-3f98-4dac-824c-0198df4d1b1e" testId="3cda19e1-59de-ba4e-e758-64eb15e58d14" testName="TestIsCSharpKeyword(&quot;byte&quot;,True)" computerName="pkrvmfkh1xnbeme" duration="00:00:00.0003140" startTime="2025-07-09T18:53:52.9208774+00:00" endTime="2025-07-09T18:53:52.9211912+00:00" testType="13cdc9d9-ddb5-4fa4-a97d-d965ccfc6d4b" outcome="Passed" testListId="8c84fa94-04c1-424b-9868-57a2d4851a1d" relativeResultsDirectory="937812a5-3f98-4dac-824c-0198df4d1b1e" />
    <UnitTestResult executionId="eb09ac9b-6a8f-46af-b1b3-7d9724f36842" testId="843d022d-7ec7-2445-18f9-50d152325c1d" testName="ValidatePropertyTypes(System.Collections.Generic.IList`1[System.String])" computerName="pkrvmfkh1xnbeme" duration="00:00:00.0090170" startTime="2025-07-09T18:53:52.1502265+00:00" endTime="2025-07-09T18:53:52.1592431+00:00" testType="13cdc9d9-ddb5-4fa4-a97d-d965ccfc6d4b" outcome="Passed" testListId="8c84fa94-04c1-424b-9868-57a2d4851a1d" relativeResultsDirectory="eb09ac9b-6a8f-46af-b1b3-7d9724f36842" />
    <UnitTestResult executionId="3ef0e038-e065-42ef-b442-3b065b759948" testId="c62acbd5-f5ca-70bc-9003-eefbff2dbd95" testName="BackCompat_PrereleaseApiVersionsAdded" computerName="pkrvmfkh1xnbeme" duration="00:00:00.0302430" startTime="2025-07-09T18:53:47.1337857+00:00" endTime="2025-07-09T18:53:47.1640282+00:00" testType="13cdc9d9-ddb5-4fa4-a97d-d965ccfc6d4b" outcome="Passed" testListId="8c84fa94-04c1-424b-9868-57a2d4851a1d" relativeResultsDirectory="3ef0e038-e065-42ef-b442-3b065b759948" />
    <UnitTestResult executionId="467eb05c-6e21-4c80-bf3f-c604c3b64c6e" testId="80263573-de35-009a-43df-814f8f35d8dc" testName="CanUpdateAssignmentExpression" computerName="pkrvmfkh1xnbeme" duration="00:00:00.0008770" startTime="2025-07-09T18:53:46.0169979+00:00" endTime="2025-07-09T18:53:46.0178744+00:00" testType="13cdc9d9-ddb5-4fa4-a97d-d965ccfc6d4b" outcome="Passed" testListId="8c84fa94-04c1-424b-9868-57a2d4851a1d" relativeResultsDirectory="467eb05c-6e21-4c80-bf3f-c604c3b64c6e" />
    <UnitTestResult executionId="8da5a885-41d2-4d01-8d3c-d9ff8441751c" testId="d99f95d8-0393-f564-dc7f-beb07a7c0e4b" testName="TryStatementWithEmptyBody" computerName="pkrvmfkh1xnbeme" duration="00:00:00.0001670" startTime="2025-07-09T18:53:52.8186244+00:00" endTime="2025-07-09T18:53:52.8187911+00:00" testType="13cdc9d9-ddb5-4fa4-a97d-d965ccfc6d4b" outcome="Passed" testListId="8c84fa94-04c1-424b-9868-57a2d4851a1d" relativeResultsDirectory="8da5a885-41d2-4d01-8d3c-d9ff8441751c" />
    <UnitTestResult executionId="c0587ada-8659-4489-bb35-ffe39126b878" testId="1bb18234-8df6-ac7b-6641-714d9c785229" testName="ValidateParameters(System.Object,KeywordExpression { Keyword = default, Expression =  })" computerName="pkrvmfkh1xnbeme" duration="00:00:00.0102310" startTime="2025-07-09T18:53:52.0581679+00:00" endTime="2025-07-09T18:53:52.0683988+00:00" testType="13cdc9d9-ddb5-4fa4-a97d-d965ccfc6d4b" outcome="Passed" testListId="8c84fa94-04c1-424b-9868-57a2d4851a1d" relativeResultsDirectory="c0587ada-8659-4489-bb35-ffe39126b878" />
    <UnitTestResult executionId="643a4cd8-75d2-44e4-aac8-f836933e5cbb" testId="27c997a8-1c3d-3fbf-ae32-afe57f16f961" testName="CanUpdateExpressionStatement" computerName="pkrvmfkh1xnbeme" duration="00:00:00.0008440" startTime="2025-07-09T18:53:46.0178996+00:00" endTime="2025-07-09T18:53:46.0187430+00:00" testType="13cdc9d9-ddb5-4fa4-a97d-d965ccfc6d4b" outcome="Passed" testListId="8c84fa94-04c1-424b-9868-57a2d4851a1d" relativeResultsDirectory="643a4cd8-75d2-44e4-aac8-f836933e5cbb" />
    <UnitTestResult executionId="ca4800f5-7609-41a0-8159-0ccc4358eecf" testId="27f495c0-a85b-03c6-c5ad-db73bb996ca9" testName="FinallyStatementWithMultipleLineBody" computerName="pkrvmfkh1xnbeme" duration="00:00:00.0002100" startTime="2025-07-09T18:53:52.8009242+00:00" endTime="2025-07-09T18:53:52.8011344+00:00" testType="13cdc9d9-ddb5-4fa4-a97d-d965ccfc6d4b" outcome="Passed" testListId="8c84fa94-04c1-424b-9868-57a2d4851a1d" relativeResultsDirectory="ca4800f5-7609-41a0-8159-0ccc4358eecf" />
    <UnitTestResult executionId="9409b58a-fb61-45fa-939d-94afc1f504d4" testId="1433ebb5-79e1-e24b-a6a4-f85d023188e2" testName="SelectGeneratorFindsMatchingGenerator" computerName="pkrvmfkh1xnbeme" duration="00:00:00.0008340" startTime="2025-07-09T18:53:52.7299315+00:00" endTime="2025-07-09T18:53:52.7307653+00:00" testType="13cdc9d9-ddb5-4fa4-a97d-d965ccfc6d4b" outcome="Passed" testListId="8c84fa94-04c1-424b-9868-57a2d4851a1d" relativeResultsDirectory="9409b58a-fb61-45fa-939d-94afc1f504d4" />
    <UnitTestResult executionId="00f505c8-febe-432f-8e72-a751c1decc0b" testId="422d58df-bd54-7767-dc16-1a66de87ac79" testName="TestBreakLines_OneArgOnlyWithMultipleCRs" computerName="pkrvmfkh1xnbeme" duration="00:00:00.0000630" startTime="2025-07-09T18:53:52.8563002+00:00" endTime="2025-07-09T18:53:52.8563630+00:00" testType="13cdc9d9-ddb5-4fa4-a97d-d965ccfc6d4b" outcome="Passed" testListId="8c84fa94-04c1-424b-9868-57a2d4851a1d" relativeResultsDirectory="00f505c8-febe-432f-8e72-a751c1decc0b" />
    <UnitTestResult executionId="af3ef8b9-5b37-4590-b513-232b9862092f" testId="1397bb06-2115-0e62-eb47-0e650d5ec1ab" testName="NotNullOrEmptyStringThrowsOnNull" computerName="pkrvmfkh1xnbeme" duration="00:00:00.0003420" startTime="2025-07-09T18:53:46.9730146+00:00" endTime="2025-07-09T18:53:46.9733568+00:00" testType="13cdc9d9-ddb5-4fa4-a97d-d965ccfc6d4b" outcome="Passed" testListId="8c84fa94-04c1-424b-9868-57a2d4851a1d" relativeResultsDirectory="af3ef8b9-5b37-4590-b513-232b9862092f" />
    <UnitTestResult executionId="f8959b53-78dd-4872-a53a-0810172fbaa9" testId="2f20f457-4f30-a82d-3ca5-006ea3a6967b" testName="GetGenericTypeDefinition(System.Collections.Generic.IDictionary`2[System.Int32,System.Collections.Generic.IList`1[System.String]],System.Collections.Generic.IDictionary`2[TKey,TValue],False)" computerName="pkrvmfkh1xnbeme" duration="00:00:00.0004410" startTime="2025-07-09T18:53:46.9288396+00:00" endTime="2025-07-09T18:53:46.9292801+00:00" testType="13cdc9d9-ddb5-4fa4-a97d-d965ccfc6d4b" outcome="Passed" testListId="8c84fa94-04c1-424b-9868-57a2d4851a1d" relativeResultsDirectory="f8959b53-78dd-4872-a53a-0810172fbaa9" />
    <UnitTestResult executionId="34cd9f94-d604-4b40-abba-fb87b32e7ac3" testId="6313edd0-c7f1-6a4c-49d6-de9a9caa9631" testName="TestBuildProperties_ValidatePropertySetters(Microsoft.TypeSpec.Generator.Input.InputModelProperty,global::System.ReadOnlyMemory&lt;T&gt;,True)" computerName="pkrvmfkh1xnbeme" duration="00:00:00.0010920" startTime="2025-07-09T18:53:51.8405738+00:00" endTime="2025-07-09T18:53:51.8416653+00:00" testType="13cdc9d9-ddb5-4fa4-a97d-d965ccfc6d4b" outcome="Passed" testListId="8c84fa94-04c1-424b-9868-57a2d4851a1d" relativeResultsDirectory="34cd9f94-d604-4b40-abba-fb87b32e7ac3" />
    <UnitTestResult executionId="8d6b5a30-058c-4633-9b2e-bccd6e4391fb" testId="c4571099-984e-0746-0f58-01c6262b858c" testName="UnaryOperatorStatementWithValidExpression" computerName="pkrvmfkh1xnbeme" duration="00:00:00.0002500" startTime="2025-07-09T18:53:46.0727516+00:00" endTime="2025-07-09T18:53:46.0730018+00:00" testType="13cdc9d9-ddb5-4fa4-a97d-d965ccfc6d4b" outcome="Passed" testListId="8c84fa94-04c1-424b-9868-57a2d4851a1d" relativeResultsDirectory="8d6b5a30-058c-4633-9b2e-bccd6e4391fb" />
    <UnitTestResult executionId="6d8e43d7-1233-4063-a2dc-7863ecb56b94" testId="603829a1-9432-edd0-0c5d-714ad2a8180a" testName="CatchStatementWithOneLineBody" computerName="pkrvmfkh1xnbeme" duration="00:00:00.0001930" startTime="2025-07-09T18:53:52.7994131+00:00" endTime="2025-07-09T18:53:52.7996061+00:00" testType="13cdc9d9-ddb5-4fa4-a97d-d965ccfc6d4b" outcome="Passed" testListId="8c84fa94-04c1-424b-9868-57a2d4851a1d" relativeResultsDirectory="6d8e43d7-1233-4063-a2dc-7863ecb56b94" />
    <UnitTestResult executionId="0278270f-d819-4861-8fda-e7e8df1e9d5d" testId="2ab45ef2-5a8f-9eb5-ac3d-8a1501facb84" testName="TestIsCSharpKeyword(&quot;protected&quot;,True)" computerName="pkrvmfkh1xnbeme" duration="00:00:00.0003230" startTime="2025-07-09T18:53:52.9642883+00:00" endTime="2025-07-09T18:53:52.9646114+00:00" testType="13cdc9d9-ddb5-4fa4-a97d-d965ccfc6d4b" outcome="Passed" testListId="8c84fa94-04c1-424b-9868-57a2d4851a1d" relativeResultsDirectory="0278270f-d819-4861-8fda-e7e8df1e9d5d" />
    <UnitTestResult executionId="64deb231-32f9-42a8-9912-1700f9ae36bb" testId="13aa93a9-9887-5976-a503-d32f80c971bf" testName="TestBreakLines_LiteralOpenAndCloseBraceWithLineBreaksAndArgs" computerName="pkrvmfkh1xnbeme" duration="00:00:00.0000850" startTime="2025-07-09T18:53:52.8574173+00:00" endTime="2025-07-09T18:53:52.8575022+00:00" testType="13cdc9d9-ddb5-4fa4-a97d-d965ccfc6d4b" outcome="Passed" testListId="8c84fa94-04c1-424b-9868-57a2d4851a1d" relativeResultsDirectory="64deb231-32f9-42a8-9912-1700f9ae36bb" />
    <UnitTestResult executionId="a76421bd-ba66-4af8-8e88-9f725a2ff12a" testId="a83c55d9-b4b3-f28e-764f-b9b4aa5db19f" testName="TestBuildAdditionalProperties(Microsoft.TypeSpec.Generator.Input.InputModelType,False,1)" computerName="pkrvmfkh1xnbeme" duration="00:00:00.0010180" startTime="2025-07-09T18:53:51.8132422+00:00" endTime="2025-07-09T18:53:51.8142603+00:00" testType="13cdc9d9-ddb5-4fa4-a97d-d965ccfc6d4b" outcome="Passed" testListId="8c84fa94-04c1-424b-9868-57a2d4851a1d" relativeResultsDirectory="a76421bd-ba66-4af8-8e88-9f725a2ff12a" />
    <UnitTestResult executionId="9e78ebc2-b8ce-4432-91db-2ec2c50a8f9e" testId="63f8f19d-81ae-3bb0-eb37-dee460c33487" testName="TestParseConfig_LibraryName(&quot;{\n                    \&quot;output-folder\&quot;: \&quot;outputFolder\&quot;\n                }&quot;,True)" computerName="pkrvmfkh1xnbeme" duration="00:00:00.0005360" startTime="2025-07-09T18:53:43.6264695+00:00" endTime="2025-07-09T18:53:43.6270054+00:00" testType="13cdc9d9-ddb5-4fa4-a97d-d965ccfc6d4b" outcome="Passed" testListId="8c84fa94-04c1-424b-9868-57a2d4851a1d" relativeResultsDirectory="9e78ebc2-b8ce-4432-91db-2ec2c50a8f9e" />
    <UnitTestResult executionId="aaaca23a-f14a-4fec-b67e-1ab8961fa0e7" testId="3da57dc7-1aa2-af9c-2b93-fecb846d2a04" testName="BuildEnumType_ValidateIntBasedExtensibleEnum()" computerName="pkrvmfkh1xnbeme" duration="00:00:00.0017180" startTime="2025-07-09T18:53:47.2474856+00:00" endTime="2025-07-09T18:53:47.2492038+00:00" testType="13cdc9d9-ddb5-4fa4-a97d-d965ccfc6d4b" outcome="Passed" testListId="8c84fa94-04c1-424b-9868-57a2d4851a1d" relativeResultsDirectory="aaaca23a-f14a-4fec-b67e-1ab8961fa0e7" />
    <UnitTestResult executionId="baa482f4-1423-413f-9e2f-7a76894bc073" testId="8ef60467-882c-a14f-0d3a-dcd702174d08" testName="InvalidDocCommentWithExtra" computerName="pkrvmfkh1xnbeme" duration="00:00:00.0002999" startTime="2025-07-09T18:53:52.8327347+00:00" endTime="2025-07-09T18:53:52.8330345+00:00" testType="13cdc9d9-ddb5-4fa4-a97d-d965ccfc6d4b" outcome="Passed" testListId="8c84fa94-04c1-424b-9868-57a2d4851a1d" relativeResultsDirectory="baa482f4-1423-413f-9e2f-7a76894bc073" />
    <UnitTestResult executionId="f6a9ae3b-af67-4ee3-b773-c043c0eaacc9" testId="06e082f2-fed5-3e28-d24e-9a7024a7a9f5" testName="DerivedPublicCtorShouldNotHaveKindParam" computerName="pkrvmfkh1xnbeme" duration="00:00:00.0011030" startTime="2025-07-09T18:53:49.2427932+00:00" endTime="2025-07-09T18:53:49.2438963+00:00" testType="13cdc9d9-ddb5-4fa4-a97d-d965ccfc6d4b" outcome="Passed" testListId="8c84fa94-04c1-424b-9868-57a2d4851a1d" relativeResultsDirectory="f6a9ae3b-af67-4ee3-b773-c043c0eaacc9" />
    <UnitTestResult executionId="5e425244-0c61-418a-aa50-1eaca3b90393" testId="f07babac-a0b5-3d43-96b4-02fbbf582157" testName="TestIsCSharpKeyword(&quot;let&quot;,True)" computerName="pkrvmfkh1xnbeme" duration="00:00:00.0004240" startTime="2025-07-09T18:53:52.9354231+00:00" endTime="2025-07-09T18:53:52.9358467+00:00" testType="13cdc9d9-ddb5-4fa4-a97d-d965ccfc6d4b" outcome="Passed" testListId="8c84fa94-04c1-424b-9868-57a2d4851a1d" relativeResultsDirectory="5e425244-0c61-418a-aa50-1eaca3b90393" />
    <UnitTestResult executionId="826c2f4f-09c9-4f19-86f2-4ce5bfc70f70" testId="f61f78ee-776e-6806-ce8e-707947cc453b" testName="TestIsCSharpKeyword(&quot;object&quot;,True)" computerName="pkrvmfkh1xnbeme" duration="00:00:00.0003360" startTime="2025-07-09T18:53:52.9613095+00:00" endTime="2025-07-09T18:53:52.9616456+00:00" testType="13cdc9d9-ddb5-4fa4-a97d-d965ccfc6d4b" outcome="Passed" testListId="8c84fa94-04c1-424b-9868-57a2d4851a1d" relativeResultsDirectory="826c2f4f-09c9-4f19-86f2-4ce5bfc70f70" />
    <UnitTestResult executionId="202eae76-135d-4480-b3ed-0589bdf7ad61" testId="e1612184-9311-cf3b-b8e5-f009d0763ff6" testName="CreateEnum_WithDeclaringType" computerName="pkrvmfkh1xnbeme" duration="00:00:00.0010920" startTime="2025-07-09T18:53:52.8358347+00:00" endTime="2025-07-09T18:53:52.8369270+00:00" testType="13cdc9d9-ddb5-4fa4-a97d-d965ccfc6d4b" outcome="Passed" testListId="8c84fa94-04c1-424b-9868-57a2d4851a1d" relativeResultsDirectory="202eae76-135d-4480-b3ed-0589bdf7ad61" />
    <UnitTestResult executionId="b9d995c3-3b6c-480d-a9eb-02345b34fda6" testId="1ec71f08-8756-efd1-0447-6483a5a189fe" testName="ListExpression(System.Collections.Generic.IDictionary`2[System.Int32,System.Int32])" computerName="pkrvmfkh1xnbeme" duration="00:00:00.0003330" startTime="2025-07-09T18:53:46.0551461+00:00" endTime="2025-07-09T18:53:46.0554792+00:00" testType="13cdc9d9-ddb5-4fa4-a97d-d965ccfc6d4b" outcome="Passed" testListId="8c84fa94-04c1-424b-9868-57a2d4851a1d" relativeResultsDirectory="b9d995c3-3b6c-480d-a9eb-02345b34fda6" />
    <UnitTestResult executionId="e31e9fa3-a47e-497c-9146-8d8534ebcea9" testId="b92fe475-11af-e5d9-4e0f-6f5ce83c386e" testName="CodeGenMemberAttributeEmitted" computerName="pkrvmfkh1xnbeme" duration="00:00:00.0002690" startTime="2025-07-09T18:53:45.9686919+00:00" endTime="2025-07-09T18:53:45.9689612+00:00" testType="13cdc9d9-ddb5-4fa4-a97d-d965ccfc6d4b" outcome="Passed" testListId="8c84fa94-04c1-424b-9868-57a2d4851a1d" relativeResultsDirectory="e31e9fa3-a47e-497c-9146-8d8534ebcea9" />
    <UnitTestResult executionId="53616603-3d02-4c15-aac0-05d6dd2300dd" testId="2b2ec6d4-cf3e-4cc0-d6a8-69e39e2aebe3" testName="TestBuildProperties_ValidatePropertySetters(Microsoft.TypeSpec.Generator.Input.InputModelProperty,global::System.Collections.Generic.IDictionary&lt;string, string&gt;,True)" computerName="pkrvmfkh1xnbeme" duration="00:00:00.0010820" startTime="2025-07-09T18:53:51.8371862+00:00" endTime="2025-07-09T18:53:51.8382685+00:00" testType="13cdc9d9-ddb5-4fa4-a97d-d965ccfc6d4b" outcome="Passed" testListId="8c84fa94-04c1-424b-9868-57a2d4851a1d" relativeResultsDirectory="53616603-3d02-4c15-aac0-05d6dd2300dd" />
    <UnitTestResult executionId="273302dd-cc47-4eff-bb7e-178b23d0a284" testId="9f21cc6d-6a39-c32d-7707-7dd3e59ad042" testName="BodyHasSetterValidation(&quot;intOnInputModel&quot;,Microsoft.TypeSpec.Generator.Input.InputModelType,True,null)" computerName="pkrvmfkh1xnbeme" duration="00:00:00.0005170" startTime="2025-07-09T18:53:52.4060603+00:00" endTime="2025-07-09T18:53:52.4065771+00:00" testType="13cdc9d9-ddb5-4fa4-a97d-d965ccfc6d4b" outcome="Passed" testListId="8c84fa94-04c1-424b-9868-57a2d4851a1d" relativeResultsDirectory="273302dd-cc47-4eff-bb7e-178b23d0a284" />
    <UnitTestResult executionId="3fd7e48b-adae-46af-b2e5-cfec13af4a4f" testId="e033eccc-dd6f-7cc6-38e0-10c622134639" testName="CorrectValidationIsAppliedToParameter(Int32,False,None)" computerName="pkrvmfkh1xnbeme" duration="00:00:00.0005689" startTime="2025-07-09T18:53:52.3888350+00:00" endTime="2025-07-09T18:53:52.3894034+00:00" testType="13cdc9d9-ddb5-4fa4-a97d-d965ccfc6d4b" outcome="Passed" testListId="8c84fa94-04c1-424b-9868-57a2d4851a1d" relativeResultsDirectory="3fd7e48b-adae-46af-b2e5-cfec13af4a4f" />
    <UnitTestResult executionId="f6e369e0-2031-4ffa-b07e-f55b14ffc805" testId="15ded8ec-de1a-7ade-c1cf-a3c58aebd8e9" testName="IsReadOnlyDictionary(System.Collections.Generic.IDictionary`2[System.String,System.String],False)" computerName="pkrvmfkh1xnbeme" duration="00:00:00.0002640" startTime="2025-07-09T18:53:46.9416610+00:00" endTime="2025-07-09T18:53:46.9419251+00:00" testType="13cdc9d9-ddb5-4fa4-a97d-d965ccfc6d4b" outcome="Passed" testListId="8c84fa94-04c1-424b-9868-57a2d4851a1d" relativeResultsDirectory="f6e369e0-2031-4ffa-b07e-f55b14ffc805" />
    <UnitTestResult executionId="1122cad2-3022-4db0-9507-217679c1cd43" testId="b4765288-7dfb-2aff-8e32-4472b27e8e24" testName="Str_NotNull_ReturnsTrue" computerName="pkrvmfkh1xnbeme" duration="00:00:00.0001550" startTime="2025-07-09T18:53:52.3839084+00:00" endTime="2025-07-09T18:53:52.3840628+00:00" testType="13cdc9d9-ddb5-4fa4-a97d-d965ccfc6d4b" outcome="Passed" testListId="8c84fa94-04c1-424b-9868-57a2d4851a1d" relativeResultsDirectory="1122cad2-3022-4db0-9507-217679c1cd43" />
    <UnitTestResult executionId="aa26b0a8-81b8-44e3-8847-14792da13a01" testId="cd6e2b9e-9f67-f804-8b85-5013159a56e8" testName="TestBuildFields(True,False)" computerName="pkrvmfkh1xnbeme" duration="00:00:00.0008680" startTime="2025-07-09T18:53:51.8239952+00:00" endTime="2025-07-09T18:53:51.8248631+00:00" testType="13cdc9d9-ddb5-4fa4-a97d-d965ccfc6d4b" outcome="Passed" testListId="8c84fa94-04c1-424b-9868-57a2d4851a1d" relativeResultsDirectory="aa26b0a8-81b8-44e3-8847-14792da13a01" />
    <UnitTestResult executionId="ca74a9ac-7483-4f73-8dbe-ad7bf61cd459" testId="adb48672-2eac-7363-7f29-632c9a4e67c2" testName="ValueTypeHasNoValidation(Microsoft.TypeSpec.Generator.Input.InputPrimitiveType)" computerName="pkrvmfkh1xnbeme" duration="00:00:00.0007240" startTime="2025-07-09T18:53:52.3941753+00:00" endTime="2025-07-09T18:53:52.3948989+00:00" testType="13cdc9d9-ddb5-4fa4-a97d-d965ccfc6d4b" outcome="Passed" testListId="8c84fa94-04c1-424b-9868-57a2d4851a1d" relativeResultsDirectory="ca74a9ac-7483-4f73-8dbe-ad7bf61cd459" />
    <UnitTestResult executionId="45aae048-5b0e-418e-9fe4-f4016631eb85" testId="fa8b3fdc-ba75-465d-a464-837c3526a595" testName="TypeOfStatement(System.Collections.Generic.Dictionary`2[System.String,System.Collections.Generic.List`1[System.Int32]],&quot;typeof(global::System.Collections.Generic.Dictionary&lt;string, global::System.Collections.Generic.List&lt;int&gt;&gt;)&quot;)" computerName="pkrvmfkh1xnbeme" duration="00:00:00.0002070" startTime="2025-07-09T18:53:46.0720885+00:00" endTime="2025-07-09T18:53:46.0722952+00:00" testType="13cdc9d9-ddb5-4fa4-a97d-d965ccfc6d4b" outcome="Passed" testListId="8c84fa94-04c1-424b-9868-57a2d4851a1d" relativeResultsDirectory="45aae048-5b0e-418e-9fe4-f4016631eb85" />
    <UnitTestResult executionId="d33610e9-fa5b-4bba-b407-50dea1f03e4c" testId="0ad03df0-2c8e-3063-3679-db1f3d8f66b9" testName="IsReadWriteList(System.Collections.Generic.IEnumerable`1[T],False)" computerName="pkrvmfkh1xnbeme" duration="00:00:00.0003080" startTime="2025-07-09T18:53:46.9444366+00:00" endTime="2025-07-09T18:53:46.9447441+00:00" testType="13cdc9d9-ddb5-4fa4-a97d-d965ccfc6d4b" outcome="Passed" testListId="8c84fa94-04c1-424b-9868-57a2d4851a1d" relativeResultsDirectory="d33610e9-fa5b-4bba-b407-50dea1f03e4c" />
    <UnitTestResult executionId="ac41d591-e4bc-4e0a-b168-c6335febf2fe" testId="53f5e0ed-a10d-c8d7-09b2-0ab0c77c3c1e" testName="UnreferencedTypeHandling(&quot;keepAll&quot;)" computerName="pkrvmfkh1xnbeme" duration="00:00:00.0008210" startTime="2025-07-09T18:53:43.6328954+00:00" endTime="2025-07-09T18:53:43.6337160+00:00" testType="13cdc9d9-ddb5-4fa4-a97d-d965ccfc6d4b" outcome="Passed" testListId="8c84fa94-04c1-424b-9868-57a2d4851a1d" relativeResultsDirectory="ac41d591-e4bc-4e0a-b168-c6335febf2fe" />
    <UnitTestResult executionId="1b8ed904-f228-47a9-986b-be5d007a0029" testId="ce22bdda-0f72-3167-91e6-e08a408aba11" testName="TypesAreNotEqual(System.Collections.Generic.IDictionary`2[System.Int32,System.String],System.Collections.Generic.Dictionary`2[TKey,TValue])" computerName="pkrvmfkh1xnbeme" duration="00:00:00.0002540" startTime="2025-07-09T18:53:46.9617239+00:00" endTime="2025-07-09T18:53:46.9619782+00:00" testType="13cdc9d9-ddb5-4fa4-a97d-d965ccfc6d4b" outcome="Passed" testListId="8c84fa94-04c1-424b-9868-57a2d4851a1d" relativeResultsDirectory="1b8ed904-f228-47a9-986b-be5d007a0029" />
    <UnitTestResult executionId="fe2c572b-0eee-4081-a392-eb855f858911" testId="701480bc-794c-e347-f8dc-b70bf5187b01" testName="IsReadWriteList(System.Collections.Generic.IReadOnlyList`1[T],False)" computerName="pkrvmfkh1xnbeme" duration="00:00:00.0001190" startTime="2025-07-09T18:53:46.9447641+00:00" endTime="2025-07-09T18:53:46.9448834+00:00" testType="13cdc9d9-ddb5-4fa4-a97d-d965ccfc6d4b" outcome="Passed" testListId="8c84fa94-04c1-424b-9868-57a2d4851a1d" relativeResultsDirectory="fe2c572b-0eee-4081-a392-eb855f858911" />
    <UnitTestResult executionId="d1483075-ac9d-482a-9cb5-f7f510478e7c" testId="9981af29-f413-bc75-f232-824ab5f47c5e" testName="XmlDocForParameterWithInvalidIdentifierName(&quot;param&quot;)" computerName="pkrvmfkh1xnbeme" duration="00:00:00.0001990" startTime="2025-07-09T18:53:52.8337540+00:00" endTime="2025-07-09T18:53:52.8339527+00:00" testType="13cdc9d9-ddb5-4fa4-a97d-d965ccfc6d4b" outcome="Passed" testListId="8c84fa94-04c1-424b-9868-57a2d4851a1d" relativeResultsDirectory="d1483075-ac9d-482a-9cb5-f7f510478e7c" />
    <UnitTestResult executionId="fed73d0b-0497-4c24-9864-f0d325c31f2c" testId="f158d5cf-8a1b-9031-7b5f-5b22da549395" testName="TestIsCSharpKeyword(&quot;interface&quot;,True)" computerName="pkrvmfkh1xnbeme" duration="00:00:00.0003040" startTime="2025-07-09T18:53:52.9338361+00:00" endTime="2025-07-09T18:53:52.9341398+00:00" testType="13cdc9d9-ddb5-4fa4-a97d-d965ccfc6d4b" outcome="Passed" testListId="8c84fa94-04c1-424b-9868-57a2d4851a1d" relativeResultsDirectory="fed73d0b-0497-4c24-9864-f0d325c31f2c" />
    <UnitTestResult executionId="e37c68b0-7605-4723-bb38-af9c157ee5cd" testId="223682b2-dc94-4913-3c8c-c908480aee98" testName="CanCustomizeTypeRenamedInVisitor" computerName="pkrvmfkh1xnbeme" duration="00:00:00.0468640" startTime="2025-07-09T18:53:50.6829504+00:00" endTime="2025-07-09T18:53:50.7298145+00:00" testType="13cdc9d9-ddb5-4fa4-a97d-d965ccfc6d4b" outcome="Passed" testListId="8c84fa94-04c1-424b-9868-57a2d4851a1d" relativeResultsDirectory="e37c68b0-7605-4723-bb38-af9c157ee5cd" />
    <UnitTestResult executionId="86410460-a7d1-49b6-aa52-1f9ff8210ab0" testId="98cf208a-6989-033b-bddf-d928a0690081" testName="CanChangeEnumMemberName" computerName="pkrvmfkh1xnbeme" duration="00:00:00.0519960" startTime="2025-07-09T18:53:49.5401376+00:00" endTime="2025-07-09T18:53:49.5921331+00:00" testType="13cdc9d9-ddb5-4fa4-a97d-d965ccfc6d4b" outcome="Passed" testListId="8c84fa94-04c1-424b-9868-57a2d4851a1d" relativeResultsDirectory="86410460-a7d1-49b6-aa52-1f9ff8210ab0" />
    <UnitTestResult executionId="3e4b82af-5f39-4c0c-94d7-e2cb9fb4cab0" testId="ab0afd2c-7ed1-31db-9bc5-bb5e9defc981" testName="TestIsCSharpKeyword(&quot;goto&quot;,True)" computerName="pkrvmfkh1xnbeme" duration="00:00:00.0002990" startTime="2025-07-09T18:53:52.9318726+00:00" endTime="2025-07-09T18:53:52.9321715+00:00" testType="13cdc9d9-ddb5-4fa4-a97d-d965ccfc6d4b" outcome="Passed" testListId="8c84fa94-04c1-424b-9868-57a2d4851a1d" relativeResultsDirectory="3e4b82af-5f39-4c0c-94d7-e2cb9fb4cab0" />
    <UnitTestResult executionId="0cfcb3e2-fe88-4611-801d-2f6aa82e5258" testId="58a21691-74cf-e102-02a3-70f82a9abff5" testName="CSharpTypeOperatorTestEqual(string)" computerName="pkrvmfkh1xnbeme" duration="00:00:00.0002020" startTime="2025-07-09T18:53:46.0740729+00:00" endTime="2025-07-09T18:53:46.0742744+00:00" testType="13cdc9d9-ddb5-4fa4-a97d-d965ccfc6d4b" outcome="Passed" testListId="8c84fa94-04c1-424b-9868-57a2d4851a1d" relativeResultsDirectory="0cfcb3e2-fe88-4611-801d-2f6aa82e5258" />
    <UnitTestResult executionId="d4f6457e-0bab-4f16-ae71-31e85dd71554" testId="357f1d80-bf4c-c33a-7f7f-9813a78197d6" testName="TestUpdateInvokeInstanceMethodExpression" computerName="pkrvmfkh1xnbeme" duration="00:00:00.0007630" startTime="2025-07-09T18:53:46.0059531+00:00" endTime="2025-07-09T18:53:46.0067156+00:00" testType="13cdc9d9-ddb5-4fa4-a97d-d965ccfc6d4b" outcome="Passed" testListId="8c84fa94-04c1-424b-9868-57a2d4851a1d" relativeResultsDirectory="d4f6457e-0bab-4f16-ae71-31e85dd71554" />
    <UnitTestResult executionId="ae099011-86b9-4881-984f-ae28c075d71f" testId="226be470-5ed7-a113-35ac-4a7a3002033d" testName="CanUpdateWhileStatement" computerName="pkrvmfkh1xnbeme" duration="00:00:00.0007550" startTime="2025-07-09T18:53:52.8308540+00:00" endTime="2025-07-09T18:53:52.8316084+00:00" testType="13cdc9d9-ddb5-4fa4-a97d-d965ccfc6d4b" outcome="Passed" testListId="8c84fa94-04c1-424b-9868-57a2d4851a1d" relativeResultsDirectory="ae099011-86b9-4881-984f-ae28c075d71f" />
    <UnitTestResult executionId="c3d62a06-c577-4b1a-800b-507e088747d2" testId="217673f1-9964-d1c6-721a-99bdd8567cb8" testName="TypeOfStatement(System.Collections.Generic.List`1[System.String],&quot;typeof(global::System.Collections.Generic.List&lt;string&gt;)&quot;)" computerName="pkrvmfkh1xnbeme" duration="00:00:00.0004680" startTime="2025-07-09T18:53:46.0713821+00:00" endTime="2025-07-09T18:53:46.0718496+00:00" testType="13cdc9d9-ddb5-4fa4-a97d-d965ccfc6d4b" outcome="Passed" testListId="8c84fa94-04c1-424b-9868-57a2d4851a1d" relativeResultsDirectory="c3d62a06-c577-4b1a-800b-507e088747d2" />
    <UnitTestResult executionId="d139cede-93ab-430d-92d3-50ccec92bfff" testId="b6b7338b-4970-ce48-bc58-d9b3eefe54de" testName="CanAddProperties" computerName="pkrvmfkh1xnbeme" duration="00:00:00.0496440" startTime="2025-07-09T18:53:49.3727734+00:00" endTime="2025-07-09T18:53:49.4224172+00:00" testType="13cdc9d9-ddb5-4fa4-a97d-d965ccfc6d4b" outcome="Passed" testListId="8c84fa94-04c1-424b-9868-57a2d4851a1d" relativeResultsDirectory="d139cede-93ab-430d-92d3-50ccec92bfff" />
    <UnitTestResult executionId="995ca8f2-08d7-4aa8-849f-328d7a2ee3d0" testId="39b2cad0-5cfd-5913-414b-d32f4ac973ba" testName="BodyHasSetterValidation(&quot;intOnOutputModel&quot;,Microsoft.TypeSpec.Generator.Input.InputModelType,False,null)" computerName="pkrvmfkh1xnbeme" duration="00:00:00.0004850" startTime="2025-07-09T18:53:52.4065999+00:00" endTime="2025-07-09T18:53:52.4070847+00:00" testType="13cdc9d9-ddb5-4fa4-a97d-d965ccfc6d4b" outcome="Passed" testListId="8c84fa94-04c1-424b-9868-57a2d4851a1d" relativeResultsDirectory="995ca8f2-08d7-4aa8-849f-328d7a2ee3d0" />
    <UnitTestResult executionId="c153186c-723d-4687-a24d-543e3f31ce2f" testId="0733d45a-5f43-51ef-b8dc-2f7e48283054" testName="ValidatePropertyTypes(System.Collections.Generic.IEnumerable`1[System.TimeSpan])" computerName="pkrvmfkh1xnbeme" duration="00:00:00.0085080" startTime="2025-07-09T18:53:52.2216236+00:00" endTime="2025-07-09T18:53:52.2301317+00:00" testType="13cdc9d9-ddb5-4fa4-a97d-d965ccfc6d4b" outcome="Passed" testListId="8c84fa94-04c1-424b-9868-57a2d4851a1d" relativeResultsDirectory="c153186c-723d-4687-a24d-543e3f31ce2f" />
    <UnitTestResult executionId="c3658ae5-8bc2-4849-8097-e33fd7f9fd08" testId="41a8b570-2cd7-f1c5-8cce-3304a7315d93" testName="CanChangeToStruct()" computerName="pkrvmfkh1xnbeme" duration="00:00:00.0668800" startTime="2025-07-09T18:53:50.4868680+00:00" endTime="2025-07-09T18:53:50.5537477+00:00" testType="13cdc9d9-ddb5-4fa4-a97d-d965ccfc6d4b" outcome="Passed" testListId="8c84fa94-04c1-424b-9868-57a2d4851a1d" relativeResultsDirectory="c3658ae5-8bc2-4849-8097-e33fd7f9fd08" />
    <UnitTestResult executionId="3a3d34e0-aeda-48e0-b756-838e532e5994" testId="57d1c2f3-42b7-0db1-6c7b-0c5a18b24b77" testName="SelectGeneratorAppliesAllPlugins" computerName="pkrvmfkh1xnbeme" duration="00:00:00.0109560" startTime="2025-07-09T18:53:52.7148408+00:00" endTime="2025-07-09T18:53:52.7257963+00:00" testType="13cdc9d9-ddb5-4fa4-a97d-d965ccfc6d4b" outcome="Passed" testListId="8c84fa94-04c1-424b-9868-57a2d4851a1d" relativeResultsDirectory="3a3d34e0-aeda-48e0-b756-838e532e5994" />
    <UnitTestResult executionId="728120e9-afdb-4c15-9371-b6fd6a7c0b59" testId="f3c5c92b-129c-ce91-00fd-5641143a8603" testName="DoesNotRemoveConstructorsThatDoNotMatch" computerName="pkrvmfkh1xnbeme" duration="00:00:00.1066020" startTime="2025-07-09T18:53:48.9338075+00:00" endTime="2025-07-09T18:53:49.0404098+00:00" testType="13cdc9d9-ddb5-4fa4-a97d-d965ccfc6d4b" outcome="Passed" testListId="8c84fa94-04c1-424b-9868-57a2d4851a1d" relativeResultsDirectory="728120e9-afdb-4c15-9371-b6fd6a7c0b59" />
    <UnitTestResult executionId="a28547f8-1246-4574-9b5f-2872e6f3ff2c" testId="c182167c-eed5-d433-5f05-9b16b5f214d2" testName="TestIsCSharpKeyword(&quot;partial&quot;,True)" computerName="pkrvmfkh1xnbeme" duration="00:00:00.0003060" startTime="2025-07-09T18:53:52.9636623+00:00" endTime="2025-07-09T18:53:52.9639684+00:00" testType="13cdc9d9-ddb5-4fa4-a97d-d965ccfc6d4b" outcome="Passed" testListId="8c84fa94-04c1-424b-9868-57a2d4851a1d" relativeResultsDirectory="a28547f8-1246-4574-9b5f-2872e6f3ff2c" />
    <UnitTestResult executionId="85c1df21-d212-4593-b73e-34fd1a6054be" testId="d36eaaf9-365f-b70a-5ce1-c881529024e6" testName="TestIsCSharpKeyword(&quot;char&quot;,True)" computerName="pkrvmfkh1xnbeme" duration="00:00:00.0003100" startTime="2025-07-09T18:53:52.9218721+00:00" endTime="2025-07-09T18:53:52.9221817+00:00" testType="13cdc9d9-ddb5-4fa4-a97d-d965ccfc6d4b" outcome="Passed" testListId="8c84fa94-04c1-424b-9868-57a2d4851a1d" relativeResultsDirectory="85c1df21-d212-4593-b73e-34fd1a6054be" />
    <UnitTestResult executionId="629410df-9923-4063-a9f1-e67f544c154c" testId="4fbdb465-712a-f2fe-5f43-f7e5faabbe8f" testName="BodyHasSetterValidation(&quot;readOnlyCollectionOnInputOutputModel&quot;,Microsoft.TypeSpec.Generator.Input.InputModelType,False,null)" computerName="pkrvmfkh1xnbeme" duration="00:00:00.0005480" startTime="2025-07-09T18:53:52.4089385+00:00" endTime="2025-07-09T18:53:52.4094865+00:00" testType="13cdc9d9-ddb5-4fa4-a97d-d965ccfc6d4b" outcome="Passed" testListId="8c84fa94-04c1-424b-9868-57a2d4851a1d" relativeResultsDirectory="629410df-9923-4063-a9f1-e67f544c154c" />
    <UnitTestResult executionId="cb733e0e-81f7-4efd-b021-f909ff5e8b34" testId="796e2043-ae75-c474-f100-7651f640179d" testName="ValidatePropertyTypes(System.Collections.Generic.IList`1[Microsoft.TypeSpec.Generator.Tests.Providers.NamedTypeSymbolProviders.NamedTypeSymbolProviderTests+SomeEnum])" computerName="pkrvmfkh1xnbeme" duration="00:00:00.0095980" startTime="2025-07-09T18:53:52.1682829+00:00" endTime="2025-07-09T18:53:52.1778803+00:00" testType="13cdc9d9-ddb5-4fa4-a97d-d965ccfc6d4b" outcome="Passed" testListId="8c84fa94-04c1-424b-9868-57a2d4851a1d" relativeResultsDirectory="cb733e0e-81f7-4efd-b021-f909ff5e8b34" />
    <UnitTestResult executionId="8a89ca5e-7b43-4541-8fb1-5b924d7174b6" testId="daf4bcf3-541d-b532-1ace-61928ff39f81" testName="NotEqualToFrameworkType(System.Collections.Generic.IDictionary`2[System.Collections.Generic.IDictionary`2[System.Int32,System.String],System.Collections.Generic.IDictionary`2[System.String,System.Int32]],System.Collections.Generic.IDictionary`2[System.Collections.Generic.IDictionary`2[System.String,System.Int32],System.Collections.Generic.IDictionary`2[System.String,System.Int32]])" computerName="pkrvmfkh1xnbeme" duration="00:00:00.0002060" startTime="2025-07-09T18:53:46.9498776+00:00" endTime="2025-07-09T18:53:46.9500833+00:00" testType="13cdc9d9-ddb5-4fa4-a97d-d965ccfc6d4b" outcome="Passed" testListId="8c84fa94-04c1-424b-9868-57a2d4851a1d" relativeResultsDirectory="8a89ca5e-7b43-4541-8fb1-5b924d7174b6" />
    <UnitTestResult executionId="fa576b40-ee6f-4360-aedb-e24185021835" testId="938a6a0f-925c-2381-ee5e-bf7971b9771b" testName="AttributeStatementWithMultipleArguments" computerName="pkrvmfkh1xnbeme" duration="00:00:00.0003060" startTime="2025-07-09T18:53:52.7962811+00:00" endTime="2025-07-09T18:53:52.7965873+00:00" testType="13cdc9d9-ddb5-4fa4-a97d-d965ccfc6d4b" outcome="Passed" testListId="8c84fa94-04c1-424b-9868-57a2d4851a1d" relativeResultsDirectory="fa576b40-ee6f-4360-aedb-e24185021835" />
    <UnitTestResult executionId="8a2e2b38-ff6e-494b-a641-3c01a5fc76d9" testId="c094ec8d-70f8-9c58-813c-afbff0e8c977" testName="TestIsCSharpKeyword(&quot;operator&quot;,True)" computerName="pkrvmfkh1xnbeme" duration="00:00:00.0003040" startTime="2025-07-09T18:53:52.9619713+00:00" endTime="2025-07-09T18:53:52.9622749+00:00" testType="13cdc9d9-ddb5-4fa4-a97d-d965ccfc6d4b" outcome="Passed" testListId="8c84fa94-04c1-424b-9868-57a2d4851a1d" relativeResultsDirectory="8a2e2b38-ff6e-494b-a641-3c01a5fc76d9" />
    <UnitTestResult executionId="e1aa893d-8a71-4f92-9904-81b1875753be" testId="70fe1480-61c7-cccd-c239-7d8ddf592d46" testName="TestCamelCaseProperty" computerName="pkrvmfkh1xnbeme" duration="00:00:00.0008510" startTime="2025-07-09T18:53:52.4229512+00:00" endTime="2025-07-09T18:53:52.4238023+00:00" testType="13cdc9d9-ddb5-4fa4-a97d-d965ccfc6d4b" outcome="Passed" testListId="8c84fa94-04c1-424b-9868-57a2d4851a1d" relativeResultsDirectory="e1aa893d-8a71-4f92-9904-81b1875753be" />
    <UnitTestResult executionId="a254fb4c-347f-4bdc-9096-e8b051f1c1b6" testId="7d171e13-c9df-baa0-eec3-c2493f4df9f0" testName="KeyValuePairExpression(System.Collections.Generic.IDictionary`2[System.Collections.Generic.IDictionary`2[System.Int32,System.String],System.Collections.Generic.IDictionary`2[System.String,System.Int32]],System.Collections.Generic.IDictionary`2[System.Collections.Generic.IDictionary`2[System.String,System.Int32],System.Collections.Generic.IDictionary`2[System.String,System.Int32]])" computerName="pkrvmfkh1xnbeme" duration="00:00:00.0003720" startTime="2025-07-09T18:53:46.0517605+00:00" endTime="2025-07-09T18:53:46.0521324+00:00" testType="13cdc9d9-ddb5-4fa4-a97d-d965ccfc6d4b" outcome="Passed" testListId="8c84fa94-04c1-424b-9868-57a2d4851a1d" relativeResultsDirectory="a254fb4c-347f-4bdc-9096-e8b051f1c1b6" />
    <UnitTestResult executionId="3028d9da-3e25-426b-aa23-5bf4d8985d6e" testId="ac593a88-6f0a-acc8-69cd-01fa06d80aea" testName="CanChangeEnumToExtensibleEnum" computerName="pkrvmfkh1xnbeme" duration="00:00:00.0505900" startTime="2025-07-09T18:53:49.6406568+00:00" endTime="2025-07-09T18:53:49.6912470+00:00" testType="13cdc9d9-ddb5-4fa4-a97d-d965ccfc6d4b" outcome="Passed" testListId="8c84fa94-04c1-424b-9868-57a2d4851a1d" relativeResultsDirectory="3028d9da-3e25-426b-aa23-5bf4d8985d6e" />
    <UnitTestResult executionId="94502fb9-006d-4dea-a7fd-40ad52f1e8ec" testId="4dd825a3-3345-47c4-575c-4dfe20a8f4ec" testName="IntSerializationFormat(UInt8,null)" computerName="pkrvmfkh1xnbeme" duration="00:00:00.0004480" startTime="2025-07-09T18:53:52.8479335+00:00" endTime="2025-07-09T18:53:52.8483814+00:00" testType="13cdc9d9-ddb5-4fa4-a97d-d965ccfc6d4b" outcome="Passed" testListId="8c84fa94-04c1-424b-9868-57a2d4851a1d" relativeResultsDirectory="94502fb9-006d-4dea-a7fd-40ad52f1e8ec" />
    <UnitTestResult executionId="e1b5549d-c17f-4ff5-b984-07bd1e18f2d5" testId="d72030c3-f0e8-7e1b-156d-6a3e88a93e71" testName="AlreadyDeclaredVariableIsRenamedInScopeWithConflictingName" computerName="pkrvmfkh1xnbeme" duration="00:00:00.0006390" startTime="2025-07-09T18:53:52.9865795+00:00" endTime="2025-07-09T18:53:52.9872180+00:00" testType="13cdc9d9-ddb5-4fa4-a97d-d965ccfc6d4b" outcome="Passed" testListId="8c84fa94-04c1-424b-9868-57a2d4851a1d" relativeResultsDirectory="e1b5549d-c17f-4ff5-b984-07bd1e18f2d5" />
    <UnitTestResult executionId="74d4a75a-7e16-4107-9f43-cd8343a66624" testId="4e187832-e6d7-274e-de18-d6e472e9c8b8" testName="NonFrameworkTypeEqualsEquivalentFrameworkType(System.String)" computerName="pkrvmfkh1xnbeme" duration="00:00:00.0003120" startTime="2025-07-09T18:53:46.9460027+00:00" endTime="2025-07-09T18:53:46.9463147+00:00" testType="13cdc9d9-ddb5-4fa4-a97d-d965ccfc6d4b" outcome="Passed" testListId="8c84fa94-04c1-424b-9868-57a2d4851a1d" relativeResultsDirectory="74d4a75a-7e16-4107-9f43-cd8343a66624" />
    <UnitTestResult executionId="eb685d59-59b9-4725-adb1-16619fecc446" testId="d214d9bf-c979-4d01-7b7e-9ec0a3b519be" testName="CorrectValidationIsAppliedToParameter(Url,True,AssertNotNull)" computerName="pkrvmfkh1xnbeme" duration="00:00:00.0005950" startTime="2025-07-09T18:53:52.3894278+00:00" endTime="2025-07-09T18:53:52.3900223+00:00" testType="13cdc9d9-ddb5-4fa4-a97d-d965ccfc6d4b" outcome="Passed" testListId="8c84fa94-04c1-424b-9868-57a2d4851a1d" relativeResultsDirectory="eb685d59-59b9-4725-adb1-16619fecc446" />
    <UnitTestResult executionId="a942247e-038e-44de-aceb-e22de0ba3653" testId="dc6af082-e6f7-18e6-ae27-8be735eb8abb" testName="MultipleAsSameObject" computerName="pkrvmfkh1xnbeme" duration="00:00:00.0009470" startTime="2025-07-09T18:53:46.0754869+00:00" endTime="2025-07-09T18:53:46.0764334+00:00" testType="13cdc9d9-ddb5-4fa4-a97d-d965ccfc6d4b" outcome="Passed" testListId="8c84fa94-04c1-424b-9868-57a2d4851a1d" relativeResultsDirectory="a942247e-038e-44de-aceb-e22de0ba3653" />
    <UnitTestResult executionId="a16f0c49-4106-4b65-875b-5330b6c0366b" testId="adb48672-2eac-7363-7f29-632c9a4e67c2" testName="ValueTypeHasNoValidation(Microsoft.TypeSpec.Generator.Input.InputPrimitiveType)" computerName="pkrvmfkh1xnbeme" duration="00:00:00.0006730" startTime="2025-07-09T18:53:52.3949254+00:00" endTime="2025-07-09T18:53:52.3955983+00:00" testType="13cdc9d9-ddb5-4fa4-a97d-d965ccfc6d4b" outcome="Passed" testListId="8c84fa94-04c1-424b-9868-57a2d4851a1d" relativeResultsDirectory="a16f0c49-4106-4b65-875b-5330b6c0366b" />
    <UnitTestResult executionId="795a469c-e0c9-444c-a2c5-f61c4d029c9c" testId="7b3e720a-98f9-c552-ec66-aefc0ee15cd3" testName="ScopeDeclaredTwiceForMethodSignatureParam" computerName="pkrvmfkh1xnbeme" duration="00:00:00.0009110" startTime="2025-07-09T18:53:52.9882598+00:00" endTime="2025-07-09T18:53:52.9891706+00:00" testType="13cdc9d9-ddb5-4fa4-a97d-d965ccfc6d4b" outcome="Passed" testListId="8c84fa94-04c1-424b-9868-57a2d4851a1d" relativeResultsDirectory="795a469c-e0c9-444c-a2c5-f61c4d029c9c" />
    <UnitTestResult executionId="b938db21-28c5-483d-a91c-0b7882285bd2" testId="b7947d45-60a9-2d63-7dd9-a1f04fb27474" testName="TestBreakLines_LiteralOpenAndCloseBraceWithLineBreaksAndArgsContainingLineBreaks" computerName="pkrvmfkh1xnbeme" duration="00:00:00.0001090" startTime="2025-07-09T18:53:52.8575163+00:00" endTime="2025-07-09T18:53:52.8576250+00:00" testType="13cdc9d9-ddb5-4fa4-a97d-d965ccfc6d4b" outcome="Passed" testListId="8c84fa94-04c1-424b-9868-57a2d4851a1d" relativeResultsDirectory="b938db21-28c5-483d-a91c-0b7882285bd2" />
    <UnitTestResult executionId="3c20cfea-0044-4ff7-89ad-02993f96d216" testId="525820bd-70f9-c50b-e951-035a7b299aba" testName="TypesAreNotEqualWhenNullabilityIsDifferent(System.Collections.Generic.IList`1[T])" computerName="pkrvmfkh1xnbeme" duration="00:00:00.0002540" startTime="2025-07-09T18:53:46.9639870+00:00" endTime="2025-07-09T18:53:46.9642409+00:00" testType="13cdc9d9-ddb5-4fa4-a97d-d965ccfc6d4b" outcome="Passed" testListId="8c84fa94-04c1-424b-9868-57a2d4851a1d" relativeResultsDirectory="3c20cfea-0044-4ff7-89ad-02993f96d216" />
    <UnitTestResult executionId="87877337-c850-4cd1-9aa9-5ba5572bfdb3" testId="48d24184-8e01-c4ac-6f97-2c911c31572e" testName="ConstantsShouldNotBeTurnedIntoEnums" computerName="pkrvmfkh1xnbeme" duration="00:00:00.0176500" startTime="2025-07-09T18:53:46.7142374+00:00" endTime="2025-07-09T18:53:46.7318871+00:00" testType="13cdc9d9-ddb5-4fa4-a97d-d965ccfc6d4b" outcome="Passed" testListId="8c84fa94-04c1-424b-9868-57a2d4851a1d" relativeResultsDirectory="87877337-c850-4cd1-9aa9-5ba5572bfdb3" />
    <UnitTestResult executionId="aa5cc4d5-bdab-40c4-b1a5-d1f188c03cd9" testId="d6ab8784-a562-88ce-de27-5ea7dc59536d" testName="BuildEnumType_ValidateApiVersionEnum()" computerName="pkrvmfkh1xnbeme" duration="00:00:00.0035560" startTime="2025-07-09T18:53:47.2340685+00:00" endTime="2025-07-09T18:53:47.2376243+00:00" testType="13cdc9d9-ddb5-4fa4-a97d-d965ccfc6d4b" outcome="Passed" testListId="8c84fa94-04c1-424b-9868-57a2d4851a1d" relativeResultsDirectory="aa5cc4d5-bdab-40c4-b1a5-d1f188c03cd9" />
    <UnitTestResult executionId="b532fcbb-3a47-4e66-bd16-79b01497f59a" testId="4b750040-5eee-93a9-4ee4-76adf886dd3e" testName="ValidateListParameterHandlingInConstructor" computerName="pkrvmfkh1xnbeme" duration="00:00:00.0012359" startTime="2025-07-09T18:53:51.8469842+00:00" endTime="2025-07-09T18:53:51.8482199+00:00" testType="13cdc9d9-ddb5-4fa4-a97d-d965ccfc6d4b" outcome="Passed" testListId="8c84fa94-04c1-424b-9868-57a2d4851a1d" relativeResultsDirectory="b532fcbb-3a47-4e66-bd16-79b01497f59a" />
    <UnitTestResult executionId="0f70142d-3fd1-4678-ac03-4224613421e6" testId="df5557b0-a3f0-dee6-c2c9-9b29d323a624" testName="Json_Undefined_ReturnsFalse" computerName="pkrvmfkh1xnbeme" duration="00:00:00.0001420" startTime="2025-07-09T18:53:52.3814023+00:00" endTime="2025-07-09T18:53:52.3815438+00:00" testType="13cdc9d9-ddb5-4fa4-a97d-d965ccfc6d4b" outcome="Passed" testListId="8c84fa94-04c1-424b-9868-57a2d4851a1d" relativeResultsDirectory="0f70142d-3fd1-4678-ac03-4224613421e6" />
    <UnitTestResult executionId="a80c098d-93f8-409a-bb8d-428ff0180b13" testId="028837c7-ad39-d1f0-5344-2d64886044c8" testName="DictionaryExpression(System.Collections.Generic.IList`1[System.Int32],System.Collections.Generic.IList`1[System.String])" computerName="pkrvmfkh1xnbeme" duration="00:00:00.0003680" startTime="2025-07-09T18:53:46.0388216+00:00" endTime="2025-07-09T18:53:46.0391899+00:00" testType="13cdc9d9-ddb5-4fa4-a97d-d965ccfc6d4b" outcome="Passed" testListId="8c84fa94-04c1-424b-9868-57a2d4851a1d" relativeResultsDirectory="a80c098d-93f8-409a-bb8d-428ff0180b13" />
    <UnitTestResult executionId="76aa19a6-1dcc-4eca-a7df-10d345c4eb02" testId="d83e331a-6182-870f-673e-6fa3094220de" testName="CanRemoveConstructorContainingGeneratedType" computerName="pkrvmfkh1xnbeme" duration="00:00:00.1240790" startTime="2025-07-09T18:53:48.4377508+00:00" endTime="2025-07-09T18:53:48.5618298+00:00" testType="13cdc9d9-ddb5-4fa4-a97d-d965ccfc6d4b" outcome="Passed" testListId="8c84fa94-04c1-424b-9868-57a2d4851a1d" relativeResultsDirectory="76aa19a6-1dcc-4eca-a7df-10d345c4eb02" />
    <UnitTestResult executionId="a0103730-f41c-4beb-b3d9-2ad596173c52" testId="eae9acd1-08ab-2e6a-b6e3-33ad1a80573f" testName="EqualToFrameworkType(System.Collections.Generic.IDictionary`2[TKey,TValue])" computerName="pkrvmfkh1xnbeme" duration="00:00:00.0001340" startTime="2025-07-09T18:53:46.9104239+00:00" endTime="2025-07-09T18:53:46.9105577+00:00" testType="13cdc9d9-ddb5-4fa4-a97d-d965ccfc6d4b" outcome="Passed" testListId="8c84fa94-04c1-424b-9868-57a2d4851a1d" relativeResultsDirectory="a0103730-f41c-4beb-b3d9-2ad596173c52" />
    <UnitTestResult executionId="78dfc0a3-69f7-40cd-b073-067b8bc04280" testId="424f07bc-982a-2a72-59d7-7230434d889e" testName="DoesNotIncludeReqCustomLiteralInDefaultCtor" computerName="pkrvmfkh1xnbeme" duration="00:00:00.1042130" startTime="2025-07-09T18:53:51.6091806+00:00" endTime="2025-07-09T18:53:51.7133931+00:00" testType="13cdc9d9-ddb5-4fa4-a97d-d965ccfc6d4b" outcome="Passed" testListId="8c84fa94-04c1-424b-9868-57a2d4851a1d" relativeResultsDirectory="78dfc0a3-69f7-40cd-b073-067b8bc04280" />
    <UnitTestResult executionId="4281bc7b-dd8e-42d2-b2a7-954e9a0c4412" testId="88b8d77b-9173-60f5-1ba8-e590c04c1ba2" testName="XmlDocForParameterWithInvalidIdentifierName(&quot;@what&quot;)" computerName="pkrvmfkh1xnbeme" duration="00:00:00.0000810" startTime="2025-07-09T18:53:52.8340438+00:00" endTime="2025-07-09T18:53:52.8341250+00:00" testType="13cdc9d9-ddb5-4fa4-a97d-d965ccfc6d4b" outcome="Passed" testListId="8c84fa94-04c1-424b-9868-57a2d4851a1d" relativeResultsDirectory="4281bc7b-dd8e-42d2-b2a7-954e9a0c4412" />
    <UnitTestResult executionId="f4d109b1-d574-4cf2-9525-a5760402f717" testId="510f488c-f92d-9264-a2ec-36cdef2d5fcc" testName="TestBreakLines_LineBreakInArgument" computerName="pkrvmfkh1xnbeme" duration="00:00:00.0000670" startTime="2025-07-09T18:53:52.8565879+00:00" endTime="2025-07-09T18:53:52.8566547+00:00" testType="13cdc9d9-ddb5-4fa4-a97d-d965ccfc6d4b" outcome="Passed" testListId="8c84fa94-04c1-424b-9868-57a2d4851a1d" relativeResultsDirectory="f4d109b1-d574-4cf2-9525-a5760402f717" />
    <UnitTestResult executionId="d7c759dc-06f2-4fa9-a811-b8499815d515" testId="f4f2bfbe-d51e-17bb-1c22-7669c0e25469" testName="CanChangeIfStatement" computerName="pkrvmfkh1xnbeme" duration="00:00:00.0009030" startTime="2025-07-09T18:53:52.8229787+00:00" endTime="2025-07-09T18:53:52.8238814+00:00" testType="13cdc9d9-ddb5-4fa4-a97d-d965ccfc6d4b" outcome="Passed" testListId="8c84fa94-04c1-424b-9868-57a2d4851a1d" relativeResultsDirectory="d7c759dc-06f2-4fa9-a811-b8499815d515" />
    <UnitTestResult executionId="a664bb07-9ad1-4c15-8fdb-fd957c3c1b61" testId="45b7f0be-7eb7-877e-9317-f8cc3e0bc50c" testName="DeclarationCanBeUsedTwice" computerName="pkrvmfkh1xnbeme" duration="00:00:00.0005790" startTime="2025-07-09T18:53:52.9872347+00:00" endTime="2025-07-09T18:53:52.9878140+00:00" testType="13cdc9d9-ddb5-4fa4-a97d-d965ccfc6d4b" outcome="Passed" testListId="8c84fa94-04c1-424b-9868-57a2d4851a1d" relativeResultsDirectory="a664bb07-9ad1-4c15-8fdb-fd957c3c1b61" />
    <UnitTestResult executionId="c3596e44-f4ff-40ee-ba64-38e77bf85c0e" testId="e88e6018-9b4b-9299-f58a-7a9bec78f031" testName="TestIsCSharpKeyword(&quot;struct&quot;,True)" computerName="pkrvmfkh1xnbeme" duration="00:00:00.0005530" startTime="2025-07-09T18:53:52.9690156+00:00" endTime="2025-07-09T18:53:52.9695688+00:00" testType="13cdc9d9-ddb5-4fa4-a97d-d965ccfc6d4b" outcome="Passed" testListId="8c84fa94-04c1-424b-9868-57a2d4851a1d" relativeResultsDirectory="c3596e44-f4ff-40ee-ba64-38e77bf85c0e" />
    <UnitTestResult executionId="ec30be00-0f43-4c1d-a36b-a0c61e2522d3" testId="9b8906a6-79be-0e23-6f06-b03319ed63b9" testName="CanReplaceField" computerName="pkrvmfkh1xnbeme" duration="00:00:00.1087870" startTime="2025-07-09T18:53:51.1412015+00:00" endTime="2025-07-09T18:53:51.2499887+00:00" testType="13cdc9d9-ddb5-4fa4-a97d-d965ccfc6d4b" outcome="Passed" testListId="8c84fa94-04c1-424b-9868-57a2d4851a1d" relativeResultsDirectory="ec30be00-0f43-4c1d-a36b-a0c61e2522d3" />
    <UnitTestResult executionId="0a96f481-ecf7-4cce-8a94-9ab50ed3b5a6" testId="6cba2c50-94ed-d513-411c-1dad5e4670fc" testName="UndefinedByDefault" computerName="pkrvmfkh1xnbeme" duration="00:00:00.0001380" startTime="2025-07-09T18:53:47.0563523+00:00" endTime="2025-07-09T18:53:47.0564904+00:00" testType="13cdc9d9-ddb5-4fa4-a97d-d965ccfc6d4b" outcome="Passed" testListId="8c84fa94-04c1-424b-9868-57a2d4851a1d" relativeResultsDirectory="0a96f481-ecf7-4cce-8a94-9ab50ed3b5a6" />
    <UnitTestResult executionId="31032aac-209d-4b2d-82e2-a179ae5451fb" testId="591c9942-2970-8e99-2318-857d33506a92" testName="IntSerializationFormat(Int32,&quot;string&quot;)" computerName="pkrvmfkh1xnbeme" duration="00:00:00.0004720" startTime="2025-07-09T18:53:52.8464696+00:00" endTime="2025-07-09T18:53:52.8469417+00:00" testType="13cdc9d9-ddb5-4fa4-a97d-d965ccfc6d4b" outcome="Passed" testListId="8c84fa94-04c1-424b-9868-57a2d4851a1d" relativeResultsDirectory="31032aac-209d-4b2d-82e2-a179ae5451fb" />
    <UnitTestResult executionId="1167bfa2-1ae2-4ef7-8cbc-e89b9a7ab038" testId="a4145f53-d016-44f2-4fa4-5e271b51a2aa" testName="EqualToFrameworkType(System.Collections.Generic.IDictionary`2[System.String,System.Int32])" computerName="pkrvmfkh1xnbeme" duration="00:00:00.0001060" startTime="2025-07-09T18:53:46.9106938+00:00" endTime="2025-07-09T18:53:46.9108002+00:00" testType="13cdc9d9-ddb5-4fa4-a97d-d965ccfc6d4b" outcome="Passed" testListId="8c84fa94-04c1-424b-9868-57a2d4851a1d" relativeResultsDirectory="1167bfa2-1ae2-4ef7-8cbc-e89b9a7ab038" />
    <UnitTestResult executionId="a95d5289-91bc-4ee0-b643-88120295bec9" testId="1cb028a9-44fc-784f-9be5-6dc2c8f8970d" testName="ValidateNullableValueType" computerName="pkrvmfkh1xnbeme" duration="00:00:00.0058380" startTime="2025-07-09T18:53:46.0624980+00:00" endTime="2025-07-09T18:53:46.0683362+00:00" testType="13cdc9d9-ddb5-4fa4-a97d-d965ccfc6d4b" outcome="Passed" testListId="8c84fa94-04c1-424b-9868-57a2d4851a1d" relativeResultsDirectory="a95d5289-91bc-4ee0-b643-88120295bec9" />
    <UnitTestResult executionId="343da0f9-c332-4f69-b7c1-4065e2d195eb" testId="3783207c-0994-a414-b926-d293477c64b8" testName="TestWriteValueExpression_DefaultCastExpression(System.Int32,22.2d,&quot;((int)22.2)&quot;)" computerName="pkrvmfkh1xnbeme" duration="00:00:00.0005990" startTime="2025-07-09T18:53:52.9933313+00:00" endTime="2025-07-09T18:53:52.9939305+00:00" testType="13cdc9d9-ddb5-4fa4-a97d-d965ccfc6d4b" outcome="Passed" testListId="8c84fa94-04c1-424b-9868-57a2d4851a1d" relativeResultsDirectory="343da0f9-c332-4f69-b7c1-4065e2d195eb" />
    <UnitTestResult executionId="2d8ec6b8-d49c-4811-a27b-dd4069e5ac12" testId="ef003b7c-c59d-5e45-7984-bdc602ac516c" testName="CanChangeForStatement" computerName="pkrvmfkh1xnbeme" duration="00:00:00.0019680" startTime="2025-07-09T18:53:52.8194372+00:00" endTime="2025-07-09T18:53:52.8214055+00:00" testType="13cdc9d9-ddb5-4fa4-a97d-d965ccfc6d4b" outcome="Passed" testListId="8c84fa94-04c1-424b-9868-57a2d4851a1d" relativeResultsDirectory="2d8ec6b8-d49c-4811-a27b-dd4069e5ac12" />
    <UnitTestResult executionId="e021656f-fa62-49b4-88c3-dff2cc1d179a" testId="7788ecc7-909e-0936-6cdb-ea230b89cfd9" testName="TypesAreEqual(System.Collections.Generic.IList`1[T])" computerName="pkrvmfkh1xnbeme" duration="00:00:00.0002450" startTime="2025-07-09T18:53:46.9528050+00:00" endTime="2025-07-09T18:53:46.9530500+00:00" testType="13cdc9d9-ddb5-4fa4-a97d-d965ccfc6d4b" outcome="Passed" testListId="8c84fa94-04c1-424b-9868-57a2d4851a1d" relativeResultsDirectory="e021656f-fa62-49b4-88c3-dff2cc1d179a" />
    <UnitTestResult executionId="11e72dbf-0706-49cc-81b3-63de88848f07" testId="476b0c76-e6b5-6271-7e54-845594595bc8" testName="TypeProviderWriter_WriteModel" computerName="pkrvmfkh1xnbeme" duration="00:00:00.0012539" startTime="2025-07-09T18:53:53.2358822+00:00" endTime="2025-07-09T18:53:53.2371363+00:00" testType="13cdc9d9-ddb5-4fa4-a97d-d965ccfc6d4b" outcome="Passed" testListId="8c84fa94-04c1-424b-9868-57a2d4851a1d" relativeResultsDirectory="11e72dbf-0706-49cc-81b3-63de88848f07" />
    <UnitTestResult executionId="74c5cc56-6ab0-4df2-b464-12cc3fb00703" testId="6a7db910-f8fc-fe59-a78d-bdbd0dc39474" testName="TestIsCSharpKeyword(&quot;unchecked&quot;,True)" computerName="pkrvmfkh1xnbeme" duration="00:00:00.0003080" startTime="2025-07-09T18:53:52.9741179+00:00" endTime="2025-07-09T18:53:52.9744258+00:00" testType="13cdc9d9-ddb5-4fa4-a97d-d965ccfc6d4b" outcome="Passed" testListId="8c84fa94-04c1-424b-9868-57a2d4851a1d" relativeResultsDirectory="74c5cc56-6ab0-4df2-b464-12cc3fb00703" />
    <UnitTestResult executionId="a6df6e60-32f3-4ed1-94fe-aacc8ba100d1" testId="45b3490f-cb67-0cb2-9ab2-cc2e9dd5a232" testName="IsReadWriteDictionary(System.ReadOnlyMemory`1[T],False)" computerName="pkrvmfkh1xnbeme" duration="00:00:00.0000940" startTime="2025-07-09T18:53:46.9439784+00:00" endTime="2025-07-09T18:53:46.9440728+00:00" testType="13cdc9d9-ddb5-4fa4-a97d-d965ccfc6d4b" outcome="Passed" testListId="8c84fa94-04c1-424b-9868-57a2d4851a1d" relativeResultsDirectory="a6df6e60-32f3-4ed1-94fe-aacc8ba100d1" />
    <UnitTestResult executionId="2115d434-387a-433c-98d9-3f3c9e73a768" testId="54fa4a71-6b61-4153-bfb9-f6c8f55523ed" testName="ListExpression(System.Single)" computerName="pkrvmfkh1xnbeme" duration="00:00:00.0001800" startTime="2025-07-09T18:53:46.0532280+00:00" endTime="2025-07-09T18:53:46.0534082+00:00" testType="13cdc9d9-ddb5-4fa4-a97d-d965ccfc6d4b" outcome="Passed" testListId="8c84fa94-04c1-424b-9868-57a2d4851a1d" relativeResultsDirectory="2115d434-387a-433c-98d9-3f3c9e73a768" />
    <UnitTestResult executionId="24bb6124-ab64-464d-ba12-3a1c25f18ee5" testId="678b2ab9-5250-0c7e-77aa-1dd093e379a0" testName="TestIsCSharpKeyword(&quot;unsafe&quot;,True)" computerName="pkrvmfkh1xnbeme" duration="00:00:00.0003030" startTime="2025-07-09T18:53:52.9747803+00:00" endTime="2025-07-09T18:53:52.9750830+00:00" testType="13cdc9d9-ddb5-4fa4-a97d-d965ccfc6d4b" outcome="Passed" testListId="8c84fa94-04c1-424b-9868-57a2d4851a1d" relativeResultsDirectory="24bb6124-ab64-464d-ba12-3a1c25f18ee5" />
    <UnitTestResult executionId="94b21864-4e89-40d8-8a41-2466733e6bd3" testId="8e557d55-0858-3f88-21ef-6e2592d9681c" testName="SystemTypeOperatorTestEqual(System.Collections.Generic.IDictionary`2[System.Int32,System.Int32])" computerName="pkrvmfkh1xnbeme" duration="00:00:00.0003080" startTime="2025-07-09T18:53:46.0793101+00:00" endTime="2025-07-09T18:53:46.0796176+00:00" testType="13cdc9d9-ddb5-4fa4-a97d-d965ccfc6d4b" outcome="Passed" testListId="8c84fa94-04c1-424b-9868-57a2d4851a1d" relativeResultsDirectory="94b21864-4e89-40d8-8a41-2466733e6bd3" />
    <UnitTestResult executionId="ca3762f6-1bc1-497d-8640-4d2a0fe6cee3" testId="6dc31423-c6e1-1e58-72ce-34561ebc651b" testName="TypesAreNotEqual(System.Collections.Generic.IList`1[T],System.Collections.Generic.IList`1[System.Int32])" computerName="pkrvmfkh1xnbeme" duration="00:00:00.0003480" startTime="2025-07-09T18:53:46.9605466+00:00" endTime="2025-07-09T18:53:46.9608949+00:00" testType="13cdc9d9-ddb5-4fa4-a97d-d965ccfc6d4b" outcome="Passed" testListId="8c84fa94-04c1-424b-9868-57a2d4851a1d" relativeResultsDirectory="ca3762f6-1bc1-497d-8640-4d2a0fe6cee3" />
    <UnitTestResult executionId="d35b1364-793f-41f2-bc97-ae6eac4ecaac" testId="17d65b15-06b6-e8a5-500a-36ea94523572" testName="DerivedShouldUseItsDiscriminatorValueInModelFactory" computerName="pkrvmfkh1xnbeme" duration="00:00:00.0019270" startTime="2025-07-09T18:53:47.2929425+00:00" endTime="2025-07-09T18:53:47.2948698+00:00" testType="13cdc9d9-ddb5-4fa4-a97d-d965ccfc6d4b" outcome="Passed" testListId="8c84fa94-04c1-424b-9868-57a2d4851a1d" relativeResultsDirectory="d35b1364-793f-41f2-bc97-ae6eac4ecaac" />
    <UnitTestResult executionId="0912aad0-3311-4dc6-9087-7d08c11b8193" testId="8a650ea1-7058-18c5-0dfb-0417c818b122" testName="DictionaryExpression(System.Collections.Generic.IDictionary`2[System.Collections.Generic.IDictionary`2[System.Int32,System.String],System.Collections.Generic.IDictionary`2[System.String,System.Int32]],System.Collections.Generic.IDictionary`2[System.Collections.Generic.IDictionary`2[System.String,System.Int32],System.Collections.Generic.IDictionary`2[System.String,System.Int32]])" computerName="pkrvmfkh1xnbeme" duration="00:00:00.0003970" startTime="2025-07-09T18:53:46.0420355+00:00" endTime="2025-07-09T18:53:46.0424320+00:00" testType="13cdc9d9-ddb5-4fa4-a97d-d965ccfc6d4b" outcome="Passed" testListId="8c84fa94-04c1-424b-9868-57a2d4851a1d" relativeResultsDirectory="0912aad0-3311-4dc6-9087-7d08c11b8193" />
    <UnitTestResult executionId="a6d3a6eb-f288-4053-a0eb-38f2a379e35d" testId="8771b944-e50b-4cd8-1411-3ff539561cbb" testName="TestIsCSharpKeyword(&quot;nameof&quot;,True)" computerName="pkrvmfkh1xnbeme" duration="00:00:00.0003530" startTime="2025-07-09T18:53:52.9366197+00:00" endTime="2025-07-09T18:53:52.9369726+00:00" testType="13cdc9d9-ddb5-4fa4-a97d-d965ccfc6d4b" outcome="Passed" testListId="8c84fa94-04c1-424b-9868-57a2d4851a1d" relativeResultsDirectory="a6d3a6eb-f288-4053-a0eb-38f2a379e35d" />
    <UnitTestResult executionId="16a02941-de86-4b79-8c8f-8ce428052d88" testId="3a0e894d-6f76-5b80-5d98-bb50aeb3f367" testName="TestReportDiagnosticWithTarget()" computerName="pkrvmfkh1xnbeme" duration="00:00:00.0020020" startTime="2025-07-09T18:53:45.9863109+00:00" endTime="2025-07-09T18:53:45.9883122+00:00" testType="13cdc9d9-ddb5-4fa4-a97d-d965ccfc6d4b" outcome="Passed" testListId="8c84fa94-04c1-424b-9868-57a2d4851a1d" relativeResultsDirectory="16a02941-de86-4b79-8c8f-8ce428052d88" />
    <UnitTestResult executionId="22197c03-6a19-47a4-8b59-26adcc30bf79" testId="0865271e-949d-3653-c464-83e8e0e3368f" testName="CanChangeDictOfEnumPropToDictOfExtensibleEnum" computerName="pkrvmfkh1xnbeme" duration="00:00:00.0674420" startTime="2025-07-09T18:53:49.4726606+00:00" endTime="2025-07-09T18:53:49.5401023+00:00" testType="13cdc9d9-ddb5-4fa4-a97d-d965ccfc6d4b" outcome="Passed" testListId="8c84fa94-04c1-424b-9868-57a2d4851a1d" relativeResultsDirectory="22197c03-6a19-47a4-8b59-26adcc30bf79" />
    <UnitTestResult executionId="84620016-bd3f-4b12-a27f-b8cb9a81c1c4" testId="8881821b-7d3d-8cd9-b7c7-0410f06440ab" testName="ValidateNullableTypes(System.Uri,[],False)" computerName="pkrvmfkh1xnbeme" duration="00:00:00.0000649" startTime="2025-07-09T18:53:46.9674021+00:00" endTime="2025-07-09T18:53:46.9674671+00:00" testType="13cdc9d9-ddb5-4fa4-a97d-d965ccfc6d4b" outcome="Passed" testListId="8c84fa94-04c1-424b-9868-57a2d4851a1d" relativeResultsDirectory="84620016-bd3f-4b12-a27f-b8cb9a81c1c4" />
    <UnitTestResult executionId="6282404c-76ce-4482-8302-431b2fe7319f" testId="67b808f1-3424-c706-0626-61cae95290b0" testName="TryCatchFinallyStatementWithTryOnly" computerName="pkrvmfkh1xnbeme" duration="00:00:00.0003120" startTime="2025-07-09T18:53:52.8172413+00:00" endTime="2025-07-09T18:53:52.8175535+00:00" testType="13cdc9d9-ddb5-4fa4-a97d-d965ccfc6d4b" outcome="Passed" testListId="8c84fa94-04c1-424b-9868-57a2d4851a1d" relativeResultsDirectory="6282404c-76ce-4482-8302-431b2fe7319f" />
    <UnitTestResult executionId="86147950-bc3b-4fc6-aa96-e555c050b678" testId="dfcbe56b-8c05-75b1-eb7b-04b5bd15f4af" testName="PreVisitsModel" computerName="pkrvmfkh1xnbeme" duration="00:00:00.0048660" startTime="2025-07-09T18:53:46.6939511+00:00" endTime="2025-07-09T18:53:46.6988169+00:00" testType="13cdc9d9-ddb5-4fa4-a97d-d965ccfc6d4b" outcome="Passed" testListId="8c84fa94-04c1-424b-9868-57a2d4851a1d" relativeResultsDirectory="86147950-bc3b-4fc6-aa96-e555c050b678" />
    <UnitTestResult executionId="c79b26f1-e2e7-45d1-a3b7-ac5ff53418f9" testId="000ee0da-ca82-cbe1-fd94-939f4b297425" testName="CollectionProperty(global::System.Collections.Generic.IList&lt;string&gt;,Microsoft.TypeSpec.Generator.Input.InputModelProperty,global::System.Collections.Generic.IList&lt;string&gt;)" computerName="pkrvmfkh1xnbeme" duration="00:00:00.0007260" startTime="2025-07-09T18:53:52.4196655+00:00" endTime="2025-07-09T18:53:52.4203916+00:00" testType="13cdc9d9-ddb5-4fa4-a97d-d965ccfc6d4b" outcome="Passed" testListId="8c84fa94-04c1-424b-9868-57a2d4851a1d" relativeResultsDirectory="c79b26f1-e2e7-45d1-a3b7-ac5ff53418f9" />
    <UnitTestResult executionId="6bbf1fe9-ccb0-42e7-92e8-380f9b63a095" testId="8b100791-a571-8d3b-d8ba-0fa5bc0bdb14" testName="ValidateGetFormattableStringFormatParts(&quot;This {0} has literal {{&quot;,[Part { Value = This , IsLiteral = True, ArgumentIndex = -1 }, Part { Value = 0, IsLiteral = False, ArgumentIndex = 0 }, Part { Value =  has literal {, IsLiteral = True, ArgumentIndex = -1 }])" computerName="pkrvmfkh1xnbeme" duration="00:00:00.0000980" startTime="2025-07-09T18:53:52.9834679+00:00" endTime="2025-07-09T18:53:52.9835658+00:00" testType="13cdc9d9-ddb5-4fa4-a97d-d965ccfc6d4b" outcome="Passed" testListId="8c84fa94-04c1-424b-9868-57a2d4851a1d" relativeResultsDirectory="6bbf1fe9-ccb0-42e7-92e8-380f9b63a095" />
    <UnitTestResult executionId="d9d67311-a24b-4733-adb4-49edc8b93ad1" testId="ab044dc5-46ec-22e2-2eee-9d2467c2c640" testName="IntSerializationFormat(SafeInt,&quot;string&quot;)" computerName="pkrvmfkh1xnbeme" duration="00:00:00.0004750" startTime="2025-07-09T18:53:52.8433464+00:00" endTime="2025-07-09T18:53:52.8438212+00:00" testType="13cdc9d9-ddb5-4fa4-a97d-d965ccfc6d4b" outcome="Passed" testListId="8c84fa94-04c1-424b-9868-57a2d4851a1d" relativeResultsDirectory="d9d67311-a24b-4733-adb4-49edc8b93ad1" />
    <UnitTestResult executionId="81b8303f-c99e-4adf-a9e0-22f3759ad5fa" testId="b4c4f3da-9e88-35cf-efa9-ad93d58c250a" testName="CanUpdateIfElseStatement" computerName="pkrvmfkh1xnbeme" duration="00:00:00.0008280" startTime="2025-07-09T18:53:52.8282776+00:00" endTime="2025-07-09T18:53:52.8291051+00:00" testType="13cdc9d9-ddb5-4fa4-a97d-d965ccfc6d4b" outcome="Passed" testListId="8c84fa94-04c1-424b-9868-57a2d4851a1d" relativeResultsDirectory="81b8303f-c99e-4adf-a9e0-22f3759ad5fa" />
    <UnitTestResult executionId="69c98c38-27f5-4f59-95dc-924b8c95d8cd" testId="16cba511-891e-7392-2428-5a629bf36350" testName="CanChangePropertyTypeToEnum" computerName="pkrvmfkh1xnbeme" duration="00:00:00.0487670" startTime="2025-07-09T18:53:50.4380438+00:00" endTime="2025-07-09T18:53:50.4868102+00:00" testType="13cdc9d9-ddb5-4fa4-a97d-d965ccfc6d4b" outcome="Passed" testListId="8c84fa94-04c1-424b-9868-57a2d4851a1d" relativeResultsDirectory="69c98c38-27f5-4f59-95dc-924b8c95d8cd" />
    <UnitTestResult executionId="22897b43-c564-48f8-a63f-bcfc35d442cb" testId="1dcd271b-663b-5d22-6b54-4d0246bd6b05" testName="AttributeStatementWithOneNamedArgument" computerName="pkrvmfkh1xnbeme" duration="00:00:00.0002870" startTime="2025-07-09T18:53:52.7975726+00:00" endTime="2025-07-09T18:53:52.7978597+00:00" testType="13cdc9d9-ddb5-4fa4-a97d-d965ccfc6d4b" outcome="Passed" testListId="8c84fa94-04c1-424b-9868-57a2d4851a1d" relativeResultsDirectory="22897b43-c564-48f8-a63f-bcfc35d442cb" />
    <UnitTestResult executionId="d5ee4ad2-1e3b-460c-9016-2822328e7bb6" testId="5c292b76-226d-bd23-5888-221e583ba883" testName="IsReadWriteList(System.Collections.Generic.IList`1[T],True)" computerName="pkrvmfkh1xnbeme" duration="00:00:00.0000830" startTime="2025-07-09T18:53:46.9449926+00:00" endTime="2025-07-09T18:53:46.9450758+00:00" testType="13cdc9d9-ddb5-4fa4-a97d-d965ccfc6d4b" outcome="Passed" testListId="8c84fa94-04c1-424b-9868-57a2d4851a1d" relativeResultsDirectory="d5ee4ad2-1e3b-460c-9016-2822328e7bb6" />
    <UnitTestResult executionId="e4ce6cac-eeb0-407c-93c0-6967e58d3459" testId="0a450331-8760-b921-9350-6f9b8db96189" testName="CanChangeModelToAbstract" computerName="pkrvmfkh1xnbeme" duration="00:00:00.1456210" startTime="2025-07-09T18:53:50.0262837+00:00" endTime="2025-07-09T18:53:50.1719044+00:00" testType="13cdc9d9-ddb5-4fa4-a97d-d965ccfc6d4b" outcome="Passed" testListId="8c84fa94-04c1-424b-9868-57a2d4851a1d" relativeResultsDirectory="e4ce6cac-eeb0-407c-93c0-6967e58d3459" />
    <UnitTestResult executionId="dbb06467-0736-43b1-94a0-56332c0628fe" testId="ec1daf19-40c8-1beb-7617-255f73a9ae68" testName="CanCustomizeTypeWithChangedNamespaceInVisitor" computerName="pkrvmfkh1xnbeme" duration="00:00:00.0559480" startTime="2025-07-09T18:53:50.7298413+00:00" endTime="2025-07-09T18:53:50.7857893+00:00" testType="13cdc9d9-ddb5-4fa4-a97d-d965ccfc6d4b" outcome="Passed" testListId="8c84fa94-04c1-424b-9868-57a2d4851a1d" relativeResultsDirectory="dbb06467-0736-43b1-94a0-56332c0628fe" />
    <UnitTestResult executionId="ac137ff7-2752-4ca3-9bca-307f4c02b059" testId="522ce947-ee66-4fd5-7c75-c945a2f3a9e4" testName="InitCtorInitializerShouldHaveCorrectParamName" computerName="pkrvmfkh1xnbeme" duration="00:00:00.0019530" startTime="2025-07-09T18:53:51.7906611+00:00" endTime="2025-07-09T18:53:51.7926142+00:00" testType="13cdc9d9-ddb5-4fa4-a97d-d965ccfc6d4b" outcome="Passed" testListId="8c84fa94-04c1-424b-9868-57a2d4851a1d" relativeResultsDirectory="ac137ff7-2752-4ca3-9bca-307f4c02b059" />
    <UnitTestResult executionId="049b43c5-e4c0-4f6d-aa9d-3d2f81a8fa58" testId="15c00c5b-637d-e90a-7be2-553cb45778fd" testName="SelectGeneratorStopsIfPluginThrows" computerName="pkrvmfkh1xnbeme" duration="00:00:00.0014139" startTime="2025-07-09T18:53:52.7307891+00:00" endTime="2025-07-09T18:53:52.7322033+00:00" testType="13cdc9d9-ddb5-4fa4-a97d-d965ccfc6d4b" outcome="Passed" testListId="8c84fa94-04c1-424b-9868-57a2d4851a1d" relativeResultsDirectory="049b43c5-e4c0-4f6d-aa9d-3d2f81a8fa58" />
    <UnitTestResult executionId="23750800-904d-4488-acf7-078ce78b444d" testId="de5f874a-3067-e711-a28a-4ee0d29700d2" testName="IsCollectionType(System.Collections.Generic.IList`1[T],True)" computerName="pkrvmfkh1xnbeme" duration="00:00:00.0001250" startTime="2025-07-09T18:53:46.9387455+00:00" endTime="2025-07-09T18:53:46.9388705+00:00" testType="13cdc9d9-ddb5-4fa4-a97d-d965ccfc6d4b" outcome="Passed" testListId="8c84fa94-04c1-424b-9868-57a2d4851a1d" relativeResultsDirectory="23750800-904d-4488-acf7-078ce78b444d" />
    <UnitTestResult executionId="f117733c-781b-4bca-ab67-ada9f73194f4" testId="b0a2d587-6bb7-b9cd-98e2-4e8794ebff1f" testName="ValidateScope" computerName="pkrvmfkh1xnbeme" duration="00:00:00.0011260" startTime="2025-07-09T18:53:47.0607365+00:00" endTime="2025-07-09T18:53:47.0618621+00:00" testType="13cdc9d9-ddb5-4fa4-a97d-d965ccfc6d4b" outcome="Passed" testListId="8c84fa94-04c1-424b-9868-57a2d4851a1d" relativeResultsDirectory="f117733c-781b-4bca-ab67-ada9f73194f4" />
    <UnitTestResult executionId="66495ccd-5846-48ff-9e31-820071b8af70" testId="758f6201-9ba2-fd48-9cbf-e75fc1748c14" testName="CanCustomizeNestedTypesWithRenamedDeclaringType" computerName="pkrvmfkh1xnbeme" duration="00:00:00.0675070" startTime="2025-07-09T18:53:52.4292955+00:00" endTime="2025-07-09T18:53:52.4968022+00:00" testType="13cdc9d9-ddb5-4fa4-a97d-d965ccfc6d4b" outcome="Passed" testListId="8c84fa94-04c1-424b-9868-57a2d4851a1d" relativeResultsDirectory="66495ccd-5846-48ff-9e31-820071b8af70" />
    <UnitTestResult executionId="e1a0d2ba-b274-4bb9-8809-860ee8db961f" testId="b3dd3cff-c586-d5fd-aa58-8c389c726f95" testName="CreateSameEnum" computerName="pkrvmfkh1xnbeme" duration="00:00:00.0009080" startTime="2025-07-09T18:53:52.8369534+00:00" endTime="2025-07-09T18:53:52.8378612+00:00" testType="13cdc9d9-ddb5-4fa4-a97d-d965ccfc6d4b" outcome="Passed" testListId="8c84fa94-04c1-424b-9868-57a2d4851a1d" relativeResultsDirectory="e1a0d2ba-b274-4bb9-8809-860ee8db961f" />
    <UnitTestResult executionId="1cde8928-3e2d-413f-a6b3-75c52bd394f6" testId="dbbc46fc-2f8c-eaad-1ad7-99c0d1b206f4" testName="EqualToFrameworkType(System.Collections.Generic.IList`1[System.Int32])" computerName="pkrvmfkh1xnbeme" duration="00:00:00.0001370" startTime="2025-07-09T18:53:46.9102762+00:00" endTime="2025-07-09T18:53:46.9104129+00:00" testType="13cdc9d9-ddb5-4fa4-a97d-d965ccfc6d4b" outcome="Passed" testListId="8c84fa94-04c1-424b-9868-57a2d4851a1d" relativeResultsDirectory="1cde8928-3e2d-413f-a6b3-75c52bd394f6" />
    <UnitTestResult executionId="1d5f2157-47df-48b6-8142-2fd0a74a8121" testId="fa77b169-7afb-e8ac-24d0-340be81330f8" testName="ValidateInstanceCtor" computerName="pkrvmfkh1xnbeme" duration="00:00:00.0012010" startTime="2025-07-09T18:53:52.6416377+00:00" endTime="2025-07-09T18:53:52.6428383+00:00" testType="13cdc9d9-ddb5-4fa4-a97d-d965ccfc6d4b" outcome="Passed" testListId="8c84fa94-04c1-424b-9868-57a2d4851a1d" relativeResultsDirectory="1d5f2157-47df-48b6-8142-2fd0a74a8121" />
    <UnitTestResult executionId="2fd5bbe8-19fb-4788-9444-98ef0d6df530" testId="6d44a4f8-4f17-926e-54f6-59f6ee49f887" testName="CanChangeModelName" computerName="pkrvmfkh1xnbeme" duration="00:00:00.0473600" startTime="2025-07-09T18:53:49.9316410+00:00" endTime="2025-07-09T18:53:49.9790012+00:00" testType="13cdc9d9-ddb5-4fa4-a97d-d965ccfc6d4b" outcome="Passed" testListId="8c84fa94-04c1-424b-9868-57a2d4851a1d" relativeResultsDirectory="2fd5bbe8-19fb-4788-9444-98ef0d6df530" />
    <UnitTestResult executionId="3f7ea9d7-61dd-4008-b2e9-89e1ccf87dab" testId="be4e2c1f-dcc5-75fe-28b6-bdd6952f77a4" testName="HashCodesAreNotEqual(System.Int32,System.String)" computerName="pkrvmfkh1xnbeme" duration="00:00:00.0004750" startTime="2025-07-09T18:53:46.9315055+00:00" endTime="2025-07-09T18:53:46.9319801+00:00" testType="13cdc9d9-ddb5-4fa4-a97d-d965ccfc6d4b" outcome="Passed" testListId="8c84fa94-04c1-424b-9868-57a2d4851a1d" relativeResultsDirectory="3f7ea9d7-61dd-4008-b2e9-89e1ccf87dab" />
    <UnitTestResult executionId="0073d87a-1b9d-4a49-ab45-8dded6e2eed7" testId="ce4913c1-a0f9-1cf2-b59f-15e9ced5df57" testName="SystemTypeOperatorTestNotEqual(System.Tuple`1[T1],System.Tuple`2[T1,T2])" computerName="pkrvmfkh1xnbeme" duration="00:00:00.0003160" startTime="2025-07-09T18:53:46.0834342+00:00" endTime="2025-07-09T18:53:46.0837495+00:00" testType="13cdc9d9-ddb5-4fa4-a97d-d965ccfc6d4b" outcome="Passed" testListId="8c84fa94-04c1-424b-9868-57a2d4851a1d" relativeResultsDirectory="0073d87a-1b9d-4a49-ab45-8dded6e2eed7" />
    <UnitTestResult executionId="c653b402-dfcb-451c-8fb9-9aff01de3e2c" testId="b498280c-f2d3-17a4-6d60-75dd66905459" testName="InvalidDocCommentWithCrefMethod" computerName="pkrvmfkh1xnbeme" duration="00:00:00.0003330" startTime="2025-07-09T18:53:52.8350605+00:00" endTime="2025-07-09T18:53:52.8353936+00:00" testType="13cdc9d9-ddb5-4fa4-a97d-d965ccfc6d4b" outcome="Passed" testListId="8c84fa94-04c1-424b-9868-57a2d4851a1d" relativeResultsDirectory="c653b402-dfcb-451c-8fb9-9aff01de3e2c" />
    <UnitTestResult executionId="84637d09-c17f-46c8-a371-86ad7f48673c" testId="676d3434-3893-6785-c96f-60f5092b8641" testName="CanChangeModelNameAndToStructAtSameTime" computerName="pkrvmfkh1xnbeme" duration="00:00:00.0472240" startTime="2025-07-09T18:53:49.9790307+00:00" endTime="2025-07-09T18:53:50.0262545+00:00" testType="13cdc9d9-ddb5-4fa4-a97d-d965ccfc6d4b" outcome="Passed" testListId="8c84fa94-04c1-424b-9868-57a2d4851a1d" relativeResultsDirectory="84637d09-c17f-46c8-a371-86ad7f48673c" />
    <UnitTestResult executionId="34a26475-97f0-4af9-974a-9ef98f4ba0db" testId="27b269da-c72b-75a0-be64-578adcdac447" testName="IsCollectionType(System.Collections.Generic.IEnumerable`1[T],True)" computerName="pkrvmfkh1xnbeme" duration="00:00:00.0002250" startTime="2025-07-09T18:53:46.9383599+00:00" endTime="2025-07-09T18:53:46.9385849+00:00" testType="13cdc9d9-ddb5-4fa4-a97d-d965ccfc6d4b" outcome="Passed" testListId="8c84fa94-04c1-424b-9868-57a2d4851a1d" relativeResultsDirectory="34a26475-97f0-4af9-974a-9ef98f4ba0db" />
    <UnitTestResult executionId="14335d37-5659-4b57-af70-6acc8ef210b3" testId="86260b11-31a2-c0bf-b9cd-f2bbf9751145" testName="TestBreakLines_LiteralOpenAndCloseBrace" computerName="pkrvmfkh1xnbeme" duration="00:00:00.0000560" startTime="2025-07-09T18:53:52.8569864+00:00" endTime="2025-07-09T18:53:52.8570422+00:00" testType="13cdc9d9-ddb5-4fa4-a97d-d965ccfc6d4b" outcome="Passed" testListId="8c84fa94-04c1-424b-9868-57a2d4851a1d" relativeResultsDirectory="14335d37-5659-4b57-af70-6acc8ef210b3" />
    <UnitTestResult executionId="1d3917fe-0ad8-428d-a440-b6b393cb5b35" testId="7931a1f1-556c-d72b-5e33-a8475a65aefc" testName="CanChangeFrameworkTypeToCustomEnum" computerName="pkrvmfkh1xnbeme" duration="00:00:00.0508710" startTime="2025-07-09T18:53:49.7668418+00:00" endTime="2025-07-09T18:53:49.8177130+00:00" testType="13cdc9d9-ddb5-4fa4-a97d-d965ccfc6d4b" outcome="Passed" testListId="8c84fa94-04c1-424b-9868-57a2d4851a1d" relativeResultsDirectory="1d3917fe-0ad8-428d-a440-b6b393cb5b35" />
    <UnitTestResult executionId="9d4a2d5f-1cbb-4a1b-988a-158520006145" testId="a1548790-4891-1ac9-dde6-2a20e441f625" testName="TestParseVersionString(&quot;1.0.0.0-beta.1&quot;,&quot;1.0.0-beta.1&quot;,1.0.0-beta.1,False)" computerName="pkrvmfkh1xnbeme" duration="00:00:00.0016050" startTime="2025-07-09T18:53:52.9131507+00:00" endTime="2025-07-09T18:53:52.9147558+00:00" testType="13cdc9d9-ddb5-4fa4-a97d-d965ccfc6d4b" outcome="Passed" testListId="8c84fa94-04c1-424b-9868-57a2d4851a1d" relativeResultsDirectory="9d4a2d5f-1cbb-4a1b-988a-158520006145" />
    <UnitTestResult executionId="09a43dd3-4207-4d2b-ac97-05ecb8b8661d" testId="e1bfabc8-9f04-8734-9894-416f16862390" testName="TestInvokeInstanceMethodExpression" computerName="pkrvmfkh1xnbeme" duration="00:00:00.0011660" startTime="2025-07-09T18:53:46.0042508+00:00" endTime="2025-07-09T18:53:46.0054168+00:00" testType="13cdc9d9-ddb5-4fa4-a97d-d965ccfc6d4b" outcome="Passed" testListId="8c84fa94-04c1-424b-9868-57a2d4851a1d" relativeResultsDirectory="09a43dd3-4207-4d2b-ac97-05ecb8b8661d" />
    <UnitTestResult executionId="45af5410-bc2d-4540-885b-2210964c7c7a" testId="a55375cd-1f09-0d30-7bd7-d8f7c39a5114" testName="XmlDocForParameterWithInvalidIdentifierName(&quot;new-parameter&quot;)" computerName="pkrvmfkh1xnbeme" duration="00:00:00.0006520" startTime="2025-07-09T18:53:52.8330771+00:00" endTime="2025-07-09T18:53:52.8337290+00:00" testType="13cdc9d9-ddb5-4fa4-a97d-d965ccfc6d4b" outcome="Passed" testListId="8c84fa94-04c1-424b-9868-57a2d4851a1d" relativeResultsDirectory="45af5410-bc2d-4540-885b-2210964c7c7a" />
    <UnitTestResult executionId="b0d4918c-3676-401c-9780-07400383982e" testId="75a80a46-3e28-4e58-89f5-a07382154d8f" testName="IntSerializationFormat(Integer,&quot;string&quot;)" computerName="pkrvmfkh1xnbeme" duration="00:00:00.0006590" startTime="2025-07-09T18:53:52.8421242+00:00" endTime="2025-07-09T18:53:52.8427835+00:00" testType="13cdc9d9-ddb5-4fa4-a97d-d965ccfc6d4b" outcome="Passed" testListId="8c84fa94-04c1-424b-9868-57a2d4851a1d" relativeResultsDirectory="b0d4918c-3676-401c-9780-07400383982e" />
    <UnitTestResult executionId="b0f6a03a-aeda-44c7-b010-3578f2e4aaa9" testId="2c12d7fd-8a2e-6665-485d-62246fe5579a" testName="BodyHasSetterValidation(&quot;readOnlyString&quot;,Microsoft.TypeSpec.Generator.Input.InputModelType,False,null)" computerName="pkrvmfkh1xnbeme" duration="00:00:00.0009970" startTime="2025-07-09T18:53:52.4042419+00:00" endTime="2025-07-09T18:53:52.4052388+00:00" testType="13cdc9d9-ddb5-4fa4-a97d-d965ccfc6d4b" outcome="Passed" testListId="8c84fa94-04c1-424b-9868-57a2d4851a1d" relativeResultsDirectory="b0f6a03a-aeda-44c7-b010-3578f2e4aaa9" />
    <UnitTestResult executionId="8a28aa17-2b82-4ae3-bd7b-f2a672c4eb69" testId="bd1195d7-b276-2894-f72d-0b6a10b6c58a" testName="IsCollectionType(System.ReadOnlyMemory`1[T],True)" computerName="pkrvmfkh1xnbeme" duration="00:00:00.0001520" startTime="2025-07-09T18:53:46.9381924+00:00" endTime="2025-07-09T18:53:46.9383446+00:00" testType="13cdc9d9-ddb5-4fa4-a97d-d965ccfc6d4b" outcome="Passed" testListId="8c84fa94-04c1-424b-9868-57a2d4851a1d" relativeResultsDirectory="8a28aa17-2b82-4ae3-bd7b-f2a672c4eb69" />
    <UnitTestResult executionId="f9fbf802-a3e8-4bc6-ae28-308f628b5d2e" testId="32867f33-873c-055e-5be2-a3beec6f0a0a" testName="TestIsCSharpKeyword(&quot;this&quot;,True)" computerName="pkrvmfkh1xnbeme" duration="00:00:00.0003130" startTime="2025-07-09T18:53:52.9701066+00:00" endTime="2025-07-09T18:53:52.9704197+00:00" testType="13cdc9d9-ddb5-4fa4-a97d-d965ccfc6d4b" outcome="Passed" testListId="8c84fa94-04c1-424b-9868-57a2d4851a1d" relativeResultsDirectory="f9fbf802-a3e8-4bc6-ae28-308f628b5d2e" />
    <UnitTestResult executionId="ab19983a-886a-403d-bf40-6becc144f99c" testId="55c7ac99-2754-0ae1-072c-c79552cdf20a" testName="CanChangeEnumName" computerName="pkrvmfkh1xnbeme" duration="00:00:00.0484650" startTime="2025-07-09T18:53:49.5921627+00:00" endTime="2025-07-09T18:53:49.6406271+00:00" testType="13cdc9d9-ddb5-4fa4-a97d-d965ccfc6d4b" outcome="Passed" testListId="8c84fa94-04c1-424b-9868-57a2d4851a1d" relativeResultsDirectory="ab19983a-886a-403d-bf40-6becc144f99c" />
    <UnitTestResult executionId="5e6e6283-6f6f-4353-b668-575adadc4ec2" testId="d18f8a01-3ed9-5f14-93b2-142ed3d7ed6c" testName="NotNullNullableInt32ThrowsOnNull" computerName="pkrvmfkh1xnbeme" duration="00:00:00.0003810" startTime="2025-07-09T18:53:46.9719824+00:00" endTime="2025-07-09T18:53:46.9723630+00:00" testType="13cdc9d9-ddb5-4fa4-a97d-d965ccfc6d4b" outcome="Passed" testListId="8c84fa94-04c1-424b-9868-57a2d4851a1d" relativeResultsDirectory="5e6e6283-6f6f-4353-b668-575adadc4ec2" />
    <UnitTestResult executionId="d68943e3-d83b-4a80-85a1-962bd7ab2d16" testId="44b1d068-c95b-4b39-daad-8af25da5f591" testName="EqualToFrameworkType(System.Collections.Generic.IDictionary`2[System.Collections.Generic.IDictionary`2[System.Int32,System.String],System.Collections.Generic.IDictionary`2[System.String,System.Int32]])" computerName="pkrvmfkh1xnbeme" duration="00:00:00.0001090" startTime="2025-07-09T18:53:46.9108102+00:00" endTime="2025-07-09T18:53:46.9109196+00:00" testType="13cdc9d9-ddb5-4fa4-a97d-d965ccfc6d4b" outcome="Passed" testListId="8c84fa94-04c1-424b-9868-57a2d4851a1d" relativeResultsDirectory="d68943e3-d83b-4a80-85a1-962bd7ab2d16" />
    <UnitTestResult executionId="1df9acaa-e53b-4fe1-bf6a-50f450abdde8" testId="4463e422-b5d5-04bb-3b26-1b04e0f08860" testName="DisableDocsForField" computerName="pkrvmfkh1xnbeme" duration="00:00:00.0143310" startTime="2025-07-09T18:53:43.5659749+00:00" endTime="2025-07-09T18:53:43.5803064+00:00" testType="13cdc9d9-ddb5-4fa4-a97d-d965ccfc6d4b" outcome="Passed" testListId="8c84fa94-04c1-424b-9868-57a2d4851a1d" relativeResultsDirectory="1df9acaa-e53b-4fe1-bf6a-50f450abdde8" />
    <UnitTestResult executionId="67b90655-3d64-4f1d-a2be-aa835210f647" testId="d9f1c952-724b-22d5-1cf2-9a9691b6ae3f" testName="HashCodesAreEqual(System.Int32)" computerName="pkrvmfkh1xnbeme" duration="00:00:00.0002590" startTime="2025-07-09T18:53:46.9299928+00:00" endTime="2025-07-09T18:53:46.9302518+00:00" testType="13cdc9d9-ddb5-4fa4-a97d-d965ccfc6d4b" outcome="Passed" testListId="8c84fa94-04c1-424b-9868-57a2d4851a1d" relativeResultsDirectory="67b90655-3d64-4f1d-a2be-aa835210f647" />
    <UnitTestResult executionId="145baa32-00d8-4cb4-8d9d-04bcbd02d4e3" testId="81082d72-a555-e204-63e6-057001f26d29" testName="CSharpTypeOperatorTestNotEqual(bool,string)" computerName="pkrvmfkh1xnbeme" duration="00:00:00.0000840" startTime="2025-07-09T18:53:46.0752754+00:00" endTime="2025-07-09T18:53:46.0753592+00:00" testType="13cdc9d9-ddb5-4fa4-a97d-d965ccfc6d4b" outcome="Passed" testListId="8c84fa94-04c1-424b-9868-57a2d4851a1d" relativeResultsDirectory="145baa32-00d8-4cb4-8d9d-04bcbd02d4e3" />
    <UnitTestResult executionId="f803ab8a-397f-4f73-88bc-ddeef40e2bb1" testId="d97e98fc-ba5c-40e9-3016-94bbef50b084" testName="CanRemoveField" computerName="pkrvmfkh1xnbeme" duration="00:00:00.1338280" startTime="2025-07-09T18:53:50.7870324+00:00" endTime="2025-07-09T18:53:50.9208606+00:00" testType="13cdc9d9-ddb5-4fa4-a97d-d965ccfc6d4b" outcome="Passed" testListId="8c84fa94-04c1-424b-9868-57a2d4851a1d" relativeResultsDirectory="f803ab8a-397f-4f73-88bc-ddeef40e2bb1" />
    <UnitTestResult executionId="1c56291a-aa33-48bb-a5ac-41e2dceaabde" testId="a48939ad-47d0-7294-e913-221d99f955ca" testName="IntSerializationFormat(Int64,null)" computerName="pkrvmfkh1xnbeme" duration="00:00:00.0004520" startTime="2025-07-09T18:53:52.8469651+00:00" endTime="2025-07-09T18:53:52.8474174+00:00" testType="13cdc9d9-ddb5-4fa4-a97d-d965ccfc6d4b" outcome="Passed" testListId="8c84fa94-04c1-424b-9868-57a2d4851a1d" relativeResultsDirectory="1c56291a-aa33-48bb-a5ac-41e2dceaabde" />
    <UnitTestResult executionId="fb89bfe3-2f28-4509-a72b-44d026e0a6b4" testId="07c3a402-cd09-a0c4-bf85-77477acb1847" testName="IsArray(System.Collections.Generic.List`1[T],False)" computerName="pkrvmfkh1xnbeme" duration="00:00:00.0001020" startTime="2025-07-09T18:53:46.9368661+00:00" endTime="2025-07-09T18:53:46.9369684+00:00" testType="13cdc9d9-ddb5-4fa4-a97d-d965ccfc6d4b" outcome="Passed" testListId="8c84fa94-04c1-424b-9868-57a2d4851a1d" relativeResultsDirectory="fb89bfe3-2f28-4509-a72b-44d026e0a6b4" />
    <UnitTestResult executionId="0c4e5c24-e479-405a-83fe-ff46210af315" testId="2a3166cf-5ffa-ce6a-5a68-45b3b87b3718" testName="TestIsCSharpKeyword(&quot;try&quot;,True)" computerName="pkrvmfkh1xnbeme" duration="00:00:00.0013760" startTime="2025-07-09T18:53:52.9710998+00:00" endTime="2025-07-09T18:53:52.9724755+00:00" testType="13cdc9d9-ddb5-4fa4-a97d-d965ccfc6d4b" outcome="Passed" testListId="8c84fa94-04c1-424b-9868-57a2d4851a1d" relativeResultsDirectory="0c4e5c24-e479-405a-83fe-ff46210af315" />
    <UnitTestResult executionId="0f530912-861e-4ea3-b029-d931205686ec" testId="004ff7b0-cbff-4a7d-975f-b69ec93a62c2" testName="DictionaryExpression(System.Collections.Generic.IDictionary`2[System.Int32,System.String],System.Collections.Generic.IDictionary`2[System.String,System.Int32])" computerName="pkrvmfkh1xnbeme" duration="00:00:00.0006220" startTime="2025-07-09T18:53:46.0413829+00:00" endTime="2025-07-09T18:53:46.0420045+00:00" testType="13cdc9d9-ddb5-4fa4-a97d-d965ccfc6d4b" outcome="Passed" testListId="8c84fa94-04c1-424b-9868-57a2d4851a1d" relativeResultsDirectory="0f530912-861e-4ea3-b029-d931205686ec" />
    <UnitTestResult executionId="10f2fd48-535f-4613-9c97-4799b7a7d5a2" testId="884bf3c3-69ed-0831-190b-9fe3ac2b98d1" testName="TestToString(System.Int32,&quot;int&quot;)" computerName="pkrvmfkh1xnbeme" duration="00:00:00.0001970" startTime="2025-07-09T18:53:46.9520690+00:00" endTime="2025-07-09T18:53:46.9522655+00:00" testType="13cdc9d9-ddb5-4fa4-a97d-d965ccfc6d4b" outcome="Passed" testListId="8c84fa94-04c1-424b-9868-57a2d4851a1d" relativeResultsDirectory="10f2fd48-535f-4613-9c97-4799b7a7d5a2" />
    <UnitTestResult executionId="9497ea5d-d4ba-4aad-a138-ed2cce874ed8" testId="a393e5db-5a23-010b-d3f3-cbff13003adf" testName="ValidateName" computerName="pkrvmfkh1xnbeme" duration="00:00:00.0001190" startTime="2025-07-09T18:53:51.9636371+00:00" endTime="2025-07-09T18:53:51.9637557+00:00" testType="13cdc9d9-ddb5-4fa4-a97d-d965ccfc6d4b" outcome="Passed" testListId="8c84fa94-04c1-424b-9868-57a2d4851a1d" relativeResultsDirectory="9497ea5d-d4ba-4aad-a138-ed2cce874ed8" />
    <UnitTestResult executionId="1ff07e31-1296-4b93-87bc-49d00d36da19" testId="20b462f4-c96b-2673-837e-d6d7e8986772" testName="EqualToFrameworkType(System.Collections.Generic.IList`1[T])" computerName="pkrvmfkh1xnbeme" duration="00:00:00.0004400" startTime="2025-07-09T18:53:46.9098111+00:00" endTime="2025-07-09T18:53:46.9102506+00:00" testType="13cdc9d9-ddb5-4fa4-a97d-d965ccfc6d4b" outcome="Passed" testListId="8c84fa94-04c1-424b-9868-57a2d4851a1d" relativeResultsDirectory="1ff07e31-1296-4b93-87bc-49d00d36da19" />
    <UnitTestResult executionId="9a8c1893-31dd-4f20-8b8d-8864130c9160" testId="34132c40-1345-4eb9-1b5c-a904805a939d" testName="TryCatchFinallyStatementWithTryCatchAndFinally" computerName="pkrvmfkh1xnbeme" duration="00:00:00.0002770" startTime="2025-07-09T18:53:52.8169391+00:00" endTime="2025-07-09T18:53:52.8172157+00:00" testType="13cdc9d9-ddb5-4fa4-a97d-d965ccfc6d4b" outcome="Passed" testListId="8c84fa94-04c1-424b-9868-57a2d4851a1d" relativeResultsDirectory="9a8c1893-31dd-4f20-8b8d-8864130c9160" />
    <UnitTestResult executionId="6d385d04-6726-4b52-8631-9257e01b548c" testId="c23993e9-a578-82da-0307-f45668a6af07" testName="CanUpdateInvokeMethodExpression" computerName="pkrvmfkh1xnbeme" duration="00:00:00.0006340" startTime="2025-07-09T18:53:46.0187675+00:00" endTime="2025-07-09T18:53:46.0194018+00:00" testType="13cdc9d9-ddb5-4fa4-a97d-d965ccfc6d4b" outcome="Passed" testListId="8c84fa94-04c1-424b-9868-57a2d4851a1d" relativeResultsDirectory="6d385d04-6726-4b52-8631-9257e01b548c" />
    <UnitTestResult executionId="855aebf9-2295-498b-a88a-8398d79b98e1" testId="c02dd453-152c-0611-b51b-d11ed74a9d2c" testName="TestToApiVersionValue(&quot;V10_5_2&quot;,&quot;10-5-2&quot;)" computerName="pkrvmfkh1xnbeme" duration="00:00:00.0000430" startTime="2025-07-09T18:53:52.9807690+00:00" endTime="2025-07-09T18:53:52.9808120+00:00" testType="13cdc9d9-ddb5-4fa4-a97d-d965ccfc6d4b" outcome="Passed" testListId="8c84fa94-04c1-424b-9868-57a2d4851a1d" relativeResultsDirectory="855aebf9-2295-498b-a88a-8398d79b98e1" />
    <UnitTestResult executionId="04dff189-ef52-4187-8aee-beb0272b9c1a" testId="d4fbd879-3ad8-65ae-2ab6-7cbd4095d149" testName="TestToApiVersionValueWithCustomSeparator(&quot;V2022_05_15_Preview&quot;,&quot;.&quot;,&quot;2022.05.15.preview&quot;)" computerName="pkrvmfkh1xnbeme" duration="00:00:00.0002500" startTime="2025-07-09T18:53:52.9811225+00:00" endTime="2025-07-09T18:53:52.9813722+00:00" testType="13cdc9d9-ddb5-4fa4-a97d-d965ccfc6d4b" outcome="Passed" testListId="8c84fa94-04c1-424b-9868-57a2d4851a1d" relativeResultsDirectory="04dff189-ef52-4187-8aee-beb0272b9c1a" />
    <UnitTestResult executionId="89b84499-a550-4aab-82c8-c34366c5597f" testId="922a2c12-e9aa-d1ce-97c8-d1c9e5c95c54" testName="ExplicitOperatorMethodSignatureDoesNotThrowIfReturnTypeIsNull" computerName="pkrvmfkh1xnbeme" duration="00:00:00.0012290" startTime="2025-07-09T18:53:47.2673184+00:00" endTime="2025-07-09T18:53:47.2685469+00:00" testType="13cdc9d9-ddb5-4fa4-a97d-d965ccfc6d4b" outcome="Passed" testListId="8c84fa94-04c1-424b-9868-57a2d4851a1d" relativeResultsDirectory="89b84499-a550-4aab-82c8-c34366c5597f" />
    <UnitTestResult executionId="c0dbe73e-e003-4811-b047-ec75637c85d1" testId="36f565da-6c41-27fb-f0ad-2851820a6c55" testName="BaseConstructorShouldBePrivateProtected" computerName="pkrvmfkh1xnbeme" duration="00:00:00.0013710" startTime="2025-07-09T18:53:49.1741807+00:00" endTime="2025-07-09T18:53:49.1755520+00:00" testType="13cdc9d9-ddb5-4fa4-a97d-d965ccfc6d4b" outcome="Passed" testListId="8c84fa94-04c1-424b-9868-57a2d4851a1d" relativeResultsDirectory="c0dbe73e-e003-4811-b047-ec75637c85d1" />
    <UnitTestResult executionId="da02e15d-bf3f-44b0-aad9-dcfef713b740" testId="eecc404d-052a-2f47-4d54-cb8073db15f9" testName="TestIsCSharpKeyword(&quot;checked&quot;,True)" computerName="pkrvmfkh1xnbeme" duration="00:00:00.0005260" startTime="2025-07-09T18:53:52.9221889+00:00" endTime="2025-07-09T18:53:52.9227150+00:00" testType="13cdc9d9-ddb5-4fa4-a97d-d965ccfc6d4b" outcome="Passed" testListId="8c84fa94-04c1-424b-9868-57a2d4851a1d" relativeResultsDirectory="da02e15d-bf3f-44b0-aad9-dcfef713b740" />
    <UnitTestResult executionId="e67b10b1-fb1a-4e31-83ca-829506bd3cca" testId="8c7f23de-4825-a330-b941-09191ec939d3" testName="NotEqualToFrameworkType(System.Collections.Generic.IList`1[T],System.Collections.Generic.IList`1[System.Int32])" computerName="pkrvmfkh1xnbeme" duration="00:00:00.0002060" startTime="2025-07-09T18:53:46.9486884+00:00" endTime="2025-07-09T18:53:46.9488941+00:00" testType="13cdc9d9-ddb5-4fa4-a97d-d965ccfc6d4b" outcome="Passed" testListId="8c84fa94-04c1-424b-9868-57a2d4851a1d" relativeResultsDirectory="e67b10b1-fb1a-4e31-83ca-829506bd3cca" />
    <UnitTestResult executionId="83381d0f-a5c4-43b8-b01d-d8b032cc0695" testId="002574d2-7793-d63b-b71c-bb7a382ebec7" testName="SingleLineSummaryWithLineBreaks" computerName="pkrvmfkh1xnbeme" duration="00:00:00.0003330" startTime="2025-07-09T18:53:53.0174065+00:00" endTime="2025-07-09T18:53:53.0177396+00:00" testType="13cdc9d9-ddb5-4fa4-a97d-d965ccfc6d4b" outcome="Passed" testListId="8c84fa94-04c1-424b-9868-57a2d4851a1d" relativeResultsDirectory="83381d0f-a5c4-43b8-b01d-d8b032cc0695" />
    <UnitTestResult executionId="f26c25d3-7bb8-419a-ba59-3f7e29fe0a51" testId="23a391d0-ab70-8eb8-4b45-9d92a8568c29" testName="TestIsCSharpKeyword(&quot;const&quot;,True)" computerName="pkrvmfkh1xnbeme" duration="00:00:00.0003140" startTime="2025-07-09T18:53:52.9231647+00:00" endTime="2025-07-09T18:53:52.9234789+00:00" testType="13cdc9d9-ddb5-4fa4-a97d-d965ccfc6d4b" outcome="Passed" testListId="8c84fa94-04c1-424b-9868-57a2d4851a1d" relativeResultsDirectory="f26c25d3-7bb8-419a-ba59-3f7e29fe0a51" />
    <UnitTestResult executionId="47885ea5-3b3a-45ad-88db-52bd081123f4" testId="60dd2445-e8bb-0222-1da7-aff558a8ae4d" testName="TestBreakLines_TrivialFormatSpecifier" computerName="pkrvmfkh1xnbeme" duration="00:00:00.0000590" startTime="2025-07-09T18:53:52.8567930+00:00" endTime="2025-07-09T18:53:52.8568519+00:00" testType="13cdc9d9-ddb5-4fa4-a97d-d965ccfc6d4b" outcome="Passed" testListId="8c84fa94-04c1-424b-9868-57a2d4851a1d" relativeResultsDirectory="47885ea5-3b3a-45ad-88db-52bd081123f4" />
    <UnitTestResult executionId="579f8132-1880-4f86-b0aa-2ffb41eab698" testId="e83dff0e-bd53-1b60-eee1-9ed21bff1027" testName="DoesNotVisitConstructorsWhenTypeIsNulledOut" computerName="pkrvmfkh1xnbeme" duration="00:00:00.0078030" startTime="2025-07-09T18:53:46.7320389+00:00" endTime="2025-07-09T18:53:46.7398420+00:00" testType="13cdc9d9-ddb5-4fa4-a97d-d965ccfc6d4b" outcome="Passed" testListId="8c84fa94-04c1-424b-9868-57a2d4851a1d" relativeResultsDirectory="579f8132-1880-4f86-b0aa-2ffb41eab698" />
    <UnitTestResult executionId="dc58fd48-b1b4-4d40-b24a-6d389867763b" testId="47b3000e-8ac5-6579-3164-71c34dcf5c68" testName="BuildPropertyDescription(Microsoft.TypeSpec.Generator.Input.InputModelProperty,global::System.Collections.Generic.IDictionary&lt;string, global::System.BinaryData&gt;)" computerName="pkrvmfkh1xnbeme" duration="00:00:00.0002400" startTime="2025-07-09T18:53:52.3994736+00:00" endTime="2025-07-09T18:53:52.3997136+00:00" testType="13cdc9d9-ddb5-4fa4-a97d-d965ccfc6d4b" outcome="Passed" testListId="8c84fa94-04c1-424b-9868-57a2d4851a1d" relativeResultsDirectory="dc58fd48-b1b4-4d40-b24a-6d389867763b" />
    <UnitTestResult executionId="bdc67d20-eb8f-499e-8761-4904ad1e01d4" testId="237c61c6-1f2d-6b79-8b65-64735f1ec6bd" testName="TryCatchFinallyStatementWithMultipleCatches" computerName="pkrvmfkh1xnbeme" duration="00:00:00.0022460" startTime="2025-07-09T18:53:52.8142356+00:00" endTime="2025-07-09T18:53:52.8164817+00:00" testType="13cdc9d9-ddb5-4fa4-a97d-d965ccfc6d4b" outcome="Passed" testListId="8c84fa94-04c1-424b-9868-57a2d4851a1d" relativeResultsDirectory="bdc67d20-eb8f-499e-8761-4904ad1e01d4" />
    <UnitTestResult executionId="eee86726-24f3-493f-af60-84ea460bf365" testId="a83c55d9-b4b3-f28e-764f-b9b4aa5db19f" testName="TestBuildAdditionalProperties(Microsoft.TypeSpec.Generator.Input.InputModelType,False,1)" computerName="pkrvmfkh1xnbeme" duration="00:00:00.0007440" startTime="2025-07-09T18:53:51.8106257+00:00" endTime="2025-07-09T18:53:51.8113700+00:00" testType="13cdc9d9-ddb5-4fa4-a97d-d965ccfc6d4b" outcome="Passed" testListId="8c84fa94-04c1-424b-9868-57a2d4851a1d" relativeResultsDirectory="eee86726-24f3-493f-af60-84ea460bf365" />
    <UnitTestResult executionId="1a4080b4-6938-4048-8021-d5e345e1abd6" testId="74305036-72d1-9364-ca62-aaf7612d9918" testName="DictionaryExpression(System.Int32,System.String)" computerName="pkrvmfkh1xnbeme" duration="00:00:00.0114130" startTime="2025-07-09T18:53:46.0215729+00:00" endTime="2025-07-09T18:53:46.0329853+00:00" testType="13cdc9d9-ddb5-4fa4-a97d-d965ccfc6d4b" outcome="Passed" testListId="8c84fa94-04c1-424b-9868-57a2d4851a1d" relativeResultsDirectory="1a4080b4-6938-4048-8021-d5e345e1abd6" />
    <UnitTestResult executionId="0ca6ae23-ef4e-47a0-b403-345ea9356933" testId="e79ee870-84fd-ee32-152b-bd13bd15383d" testName="TestIsCSharpKeyword(&quot;typeof&quot;,True)" computerName="pkrvmfkh1xnbeme" duration="00:00:00.0005850" startTime="2025-07-09T18:53:52.9724914+00:00" endTime="2025-07-09T18:53:52.9730759+00:00" testType="13cdc9d9-ddb5-4fa4-a97d-d965ccfc6d4b" outcome="Passed" testListId="8c84fa94-04c1-424b-9868-57a2d4851a1d" relativeResultsDirectory="0ca6ae23-ef4e-47a0-b403-345ea9356933" />
    <UnitTestResult executionId="d913f070-ded1-4d92-8cae-472465efc772" testId="d08b732b-ab91-c5d8-c6fb-eaa5596c2a72" testName="IsReadOnlyList(System.Int32,False)" computerName="pkrvmfkh1xnbeme" duration="00:00:00.0001870" startTime="2025-07-09T18:53:46.9421627+00:00" endTime="2025-07-09T18:53:46.9423491+00:00" testType="13cdc9d9-ddb5-4fa4-a97d-d965ccfc6d4b" outcome="Passed" testListId="8c84fa94-04c1-424b-9868-57a2d4851a1d" relativeResultsDirectory="d913f070-ded1-4d92-8cae-472465efc772" />
    <UnitTestResult executionId="45395df4-fca9-4249-9485-20e1cf9eb6ef" testId="2b25a1d3-06eb-bfd5-b4e0-2bcd8206f4cc" testName="TestCustomizeNestedTypes(True)" computerName="pkrvmfkh1xnbeme" duration="00:00:00.0503860" startTime="2025-07-09T18:53:52.5533617+00:00" endTime="2025-07-09T18:53:52.6037471+00:00" testType="13cdc9d9-ddb5-4fa4-a97d-d965ccfc6d4b" outcome="Passed" testListId="8c84fa94-04c1-424b-9868-57a2d4851a1d" relativeResultsDirectory="45395df4-fca9-4249-9485-20e1cf9eb6ef" />
    <UnitTestResult executionId="d6d83765-34f5-46c8-90fe-3acf911fb4fb" testId="46dd2cf8-a790-10e4-882d-8d6a5b52f88d" testName="Equals(Microsoft.TypeSpec.Generator.Providers.ParameterProvider,Microsoft.TypeSpec.Generator.Providers.ParameterProvider,False)" computerName="pkrvmfkh1xnbeme" duration="00:00:00.0000280" startTime="2025-07-09T18:53:52.3913548+00:00" endTime="2025-07-09T18:53:52.3913831+00:00" testType="13cdc9d9-ddb5-4fa4-a97d-d965ccfc6d4b" outcome="Passed" testListId="8c84fa94-04c1-424b-9868-57a2d4851a1d" relativeResultsDirectory="d6d83765-34f5-46c8-90fe-3acf911fb4fb" />
    <UnitTestResult executionId="55c0a8f4-f739-4506-a586-526aea67d960" testId="28d58687-9a3c-83dc-7ff0-615b7cce9893" testName="TestBreakLines_OneArgOnlyWithCRLF" computerName="pkrvmfkh1xnbeme" duration="00:00:00.0000610" startTime="2025-07-09T18:53:52.8563704+00:00" endTime="2025-07-09T18:53:52.8564311+00:00" testType="13cdc9d9-ddb5-4fa4-a97d-d965ccfc6d4b" outcome="Passed" testListId="8c84fa94-04c1-424b-9868-57a2d4851a1d" relativeResultsDirectory="55c0a8f4-f739-4506-a586-526aea67d960" />
    <UnitTestResult executionId="f2d8220f-a7ca-44e6-ba26-db54fdc34279" testId="5cb6a6fe-da0f-e4aa-4724-5a31bd25ee8c" testName="SystemTypeOperatorTestNotEqual(System.Collections.Generic.IList`1[T],System.Int32)" computerName="pkrvmfkh1xnbeme" duration="00:00:00.0002840" startTime="2025-07-09T18:53:46.0809249+00:00" endTime="2025-07-09T18:53:46.0812086+00:00" testType="13cdc9d9-ddb5-4fa4-a97d-d965ccfc6d4b" outcome="Passed" testListId="8c84fa94-04c1-424b-9868-57a2d4851a1d" relativeResultsDirectory="f2d8220f-a7ca-44e6-ba26-db54fdc34279" />
    <UnitTestResult executionId="e422878b-f467-452e-9564-a5758f604d62" testId="2e353a49-9676-3f79-69fa-f42788fbc4b6" testName="TypesAreEqualForGenericTypes(System.Collections.Generic.IDictionary`2[TKey,TValue],[System.String, System.Collections.Generic.IDictionary`2[System.String,System.Int32]])" computerName="pkrvmfkh1xnbeme" duration="00:00:00.0001570" startTime="2025-07-09T18:53:46.9558033+00:00" endTime="2025-07-09T18:53:46.9559597+00:00" testType="13cdc9d9-ddb5-4fa4-a97d-d965ccfc6d4b" outcome="Passed" testListId="8c84fa94-04c1-424b-9868-57a2d4851a1d" relativeResultsDirectory="e422878b-f467-452e-9564-a5758f604d62" />
    <UnitTestResult executionId="36117133-fdb8-40b6-b3ff-57838ff369c5" testId="afbc18a2-d513-8802-fe89-8856a237affe" testName="TestToApiVersionValue(&quot;V2022_05_15_Preview&quot;,&quot;2022-05-15-preview&quot;)" computerName="pkrvmfkh1xnbeme" duration="00:00:00.0002030" startTime="2025-07-09T18:53:52.9802464+00:00" endTime="2025-07-09T18:53:52.9804495+00:00" testType="13cdc9d9-ddb5-4fa4-a97d-d965ccfc6d4b" outcome="Passed" testListId="8c84fa94-04c1-424b-9868-57a2d4851a1d" relativeResultsDirectory="36117133-fdb8-40b6-b3ff-57838ff369c5" />
    <UnitTestResult executionId="95a09227-3a33-4beb-8034-a3f0574cc29e" testId="0e8bf738-d499-552d-27ab-7888b4afc768" testName="BodyHasSetterValidation(&quot;nullableDictionaryOnInputOutputModel&quot;,Microsoft.TypeSpec.Generator.Input.InputModelType,True,null)" computerName="pkrvmfkh1xnbeme" duration="00:00:00.0006750" startTime="2025-07-09T18:53:52.4134340+00:00" endTime="2025-07-09T18:53:52.4141085+00:00" testType="13cdc9d9-ddb5-4fa4-a97d-d965ccfc6d4b" outcome="Passed" testListId="8c84fa94-04c1-424b-9868-57a2d4851a1d" relativeResultsDirectory="95a09227-3a33-4beb-8034-a3f0574cc29e" />
    <UnitTestResult executionId="5fa75bfe-3d97-480d-8e42-e4d9d5e841f4" testId="ecb78671-0760-ce16-1e30-d4cd0229b1d5" testName="TestToApiVersionMemberName(&quot;V2022.05.15-preview&quot;,&quot;V2022_05_15_Preview&quot;)" computerName="pkrvmfkh1xnbeme" duration="00:00:00.0000360" startTime="2025-07-09T18:53:52.9800033+00:00" endTime="2025-07-09T18:53:52.9800393+00:00" testType="13cdc9d9-ddb5-4fa4-a97d-d965ccfc6d4b" outcome="Passed" testListId="8c84fa94-04c1-424b-9868-57a2d4851a1d" relativeResultsDirectory="5fa75bfe-3d97-480d-8e42-e4d9d5e841f4" />
    <UnitTestResult executionId="be9fb35f-fceb-4726-b925-2ba820397a9b" testId="b5a6e0dd-1d44-429e-d055-0e98d67be23c" testName="SwitchStatementWithMultipleCases" computerName="pkrvmfkh1xnbeme" duration="00:00:00.0002720" startTime="2025-07-09T18:53:52.8067567+00:00" endTime="2025-07-09T18:53:52.8070289+00:00" testType="13cdc9d9-ddb5-4fa4-a97d-d965ccfc6d4b" outcome="Passed" testListId="8c84fa94-04c1-424b-9868-57a2d4851a1d" relativeResultsDirectory="be9fb35f-fceb-4726-b925-2ba820397a9b" />
    <UnitTestResult executionId="e216315b-6e98-4be7-ab16-9e0e3e871e4d" testId="2f49ddd4-65d3-e4fb-77a7-72c40a358641" testName="DerivedExpressionBodyDoesNotHaveSetterWhenNarrowed" computerName="pkrvmfkh1xnbeme" duration="00:00:00.0018310" startTime="2025-07-09T18:53:51.7851916+00:00" endTime="2025-07-09T18:53:51.7870220+00:00" testType="13cdc9d9-ddb5-4fa4-a97d-d965ccfc6d4b" outcome="Passed" testListId="8c84fa94-04c1-424b-9868-57a2d4851a1d" relativeResultsDirectory="e216315b-6e98-4be7-ab16-9e0e3e871e4d" />
    <UnitTestResult executionId="b2e6065a-8503-494a-ba45-07a8eeec7561" testId="be1834c1-3cb8-0877-f11f-759d3416c3b6" testName="TestIsCSharpKeyword(&quot;is&quot;,True)" computerName="pkrvmfkh1xnbeme" duration="00:00:00.0003020" startTime="2025-07-09T18:53:52.9348066+00:00" endTime="2025-07-09T18:53:52.9351086+00:00" testType="13cdc9d9-ddb5-4fa4-a97d-d965ccfc6d4b" outcome="Passed" testListId="8c84fa94-04c1-424b-9868-57a2d4851a1d" relativeResultsDirectory="b2e6065a-8503-494a-ba45-07a8eeec7561" />
    <UnitTestResult executionId="5c3e8146-1edb-4c89-bd04-8e14bdd1a5d5" testId="8aade108-d007-6038-7bea-48f8a2d9146b" testName="IntSerializationFormat(UInt16,&quot;string&quot;)" computerName="pkrvmfkh1xnbeme" duration="00:00:00.0005160" startTime="2025-07-09T18:53:52.8493612+00:00" endTime="2025-07-09T18:53:52.8498771+00:00" testType="13cdc9d9-ddb5-4fa4-a97d-d965ccfc6d4b" outcome="Passed" testListId="8c84fa94-04c1-424b-9868-57a2d4851a1d" relativeResultsDirectory="5c3e8146-1edb-4c89-bd04-8e14bdd1a5d5" />
    <UnitTestResult executionId="50dd7336-0ddf-41b3-95e7-61f8ffb35c98" testId="18b3de60-28a6-0693-3c77-327be7914558" testName="ValidateNullableTypes(System.Nullable`1[System.Guid],[],True)" computerName="pkrvmfkh1xnbeme" duration="00:00:00.0000530" startTime="2025-07-09T18:53:46.9675598+00:00" endTime="2025-07-09T18:53:46.9676127+00:00" testType="13cdc9d9-ddb5-4fa4-a97d-d965ccfc6d4b" outcome="Passed" testListId="8c84fa94-04c1-424b-9868-57a2d4851a1d" relativeResultsDirectory="50dd7336-0ddf-41b3-95e7-61f8ffb35c98" />
    <UnitTestResult executionId="e103aa5c-755b-494c-bb31-78e01df62a55" testId="86767825-956f-aa8f-4968-e740336c9aa5" testName="TestBreakLines_LiteralCloseBrace" computerName="pkrvmfkh1xnbeme" duration="00:00:00.0000480" startTime="2025-07-09T18:53:52.8569294+00:00" endTime="2025-07-09T18:53:52.8569770+00:00" testType="13cdc9d9-ddb5-4fa4-a97d-d965ccfc6d4b" outcome="Passed" testListId="8c84fa94-04c1-424b-9868-57a2d4851a1d" relativeResultsDirectory="e103aa5c-755b-494c-bb31-78e01df62a55" />
    <UnitTestResult executionId="b4020459-9df8-4691-a451-a02c9baa397f" testId="270b440f-1f3c-3767-f929-42e0d541f4dd" testName="TestIsCSharpKeyword(&quot;do&quot;,True)" computerName="pkrvmfkh1xnbeme" duration="00:00:00.0003080" startTime="2025-07-09T18:53:52.9251803+00:00" endTime="2025-07-09T18:53:52.9254887+00:00" testType="13cdc9d9-ddb5-4fa4-a97d-d965ccfc6d4b" outcome="Passed" testListId="8c84fa94-04c1-424b-9868-57a2d4851a1d" relativeResultsDirectory="b4020459-9df8-4691-a451-a02c9baa397f" />
    <UnitTestResult executionId="d389d31e-c277-4ed5-855b-9d753db5a7a7" testId="08a90619-da84-380e-ed0e-dc7c7348d1d7" testName="DerivedHasNoKindProperty" computerName="pkrvmfkh1xnbeme" duration="00:00:00.0017330" startTime="2025-07-09T18:53:49.2410345+00:00" endTime="2025-07-09T18:53:49.2427675+00:00" testType="13cdc9d9-ddb5-4fa4-a97d-d965ccfc6d4b" outcome="Passed" testListId="8c84fa94-04c1-424b-9868-57a2d4851a1d" relativeResultsDirectory="d389d31e-c277-4ed5-855b-9d753db5a7a7" />
    <UnitTestResult executionId="cee93c63-1f51-4927-aad4-22dac2db28f6" testId="d532a0a5-d4b5-89bf-ed30-c628d8430ed9" testName="IsCollectionType(System.Int32,False)" computerName="pkrvmfkh1xnbeme" duration="00:00:00.0002450" startTime="2025-07-09T18:53:46.9370107+00:00" endTime="2025-07-09T18:53:46.9372552+00:00" testType="13cdc9d9-ddb5-4fa4-a97d-d965ccfc6d4b" outcome="Passed" testListId="8c84fa94-04c1-424b-9868-57a2d4851a1d" relativeResultsDirectory="cee93c63-1f51-4927-aad4-22dac2db28f6" />
    <UnitTestResult executionId="79f881da-9d42-4991-a836-eb2a50b5a3e3" testId="076a8002-6416-8c57-eb7c-5d7cc84b56ad" testName="Write_Override" computerName="pkrvmfkh1xnbeme" duration="00:00:00.0021370" startTime="2025-07-09T18:53:53.2383117+00:00" endTime="2025-07-09T18:53:53.2404484+00:00" testType="13cdc9d9-ddb5-4fa4-a97d-d965ccfc6d4b" outcome="Passed" testListId="8c84fa94-04c1-424b-9868-57a2d4851a1d" relativeResultsDirectory="79f881da-9d42-4991-a836-eb2a50b5a3e3" />
    <UnitTestResult executionId="b6043ffe-80a2-4131-86c4-60526a3e8deb" testId="324bd578-405c-8b22-f175-28ae68baa7fd" testName="IsCollectionType(System.Collections.Generic.IReadOnlyList`1[T],True)" computerName="pkrvmfkh1xnbeme" duration="00:00:00.0001330" startTime="2025-07-09T18:53:46.9386006+00:00" endTime="2025-07-09T18:53:46.9387338+00:00" testType="13cdc9d9-ddb5-4fa4-a97d-d965ccfc6d4b" outcome="Passed" testListId="8c84fa94-04c1-424b-9868-57a2d4851a1d" relativeResultsDirectory="b6043ffe-80a2-4131-86c4-60526a3e8deb" />
    <UnitTestResult executionId="2c929ce4-4ad7-4791-9101-8531c52be864" testId="08fc9853-2db6-098a-f86d-309b8ce35b91" testName="CanChangeTypeNameAfterTypeNamespace" computerName="pkrvmfkh1xnbeme" duration="00:00:00.0025990" startTime="2025-07-09T18:53:50.5538033+00:00" endTime="2025-07-09T18:53:50.5564022+00:00" testType="13cdc9d9-ddb5-4fa4-a97d-d965ccfc6d4b" outcome="Passed" testListId="8c84fa94-04c1-424b-9868-57a2d4851a1d" relativeResultsDirectory="2c929ce4-4ad7-4791-9101-8531c52be864" />
    <UnitTestResult executionId="ad05e3d4-9b8d-4f7e-b4d9-16d1b1477512" testId="85dca114-94e3-64ab-f901-03fdec6a7e84" testName="ValidateInstanceWithArguments" computerName="pkrvmfkh1xnbeme" duration="00:00:00.0003900" startTime="2025-07-09T18:53:52.6434474+00:00" endTime="2025-07-09T18:53:52.6438369+00:00" testType="13cdc9d9-ddb5-4fa4-a97d-d965ccfc6d4b" outcome="Passed" testListId="8c84fa94-04c1-424b-9868-57a2d4851a1d" relativeResultsDirectory="ad05e3d4-9b8d-4f7e-b4d9-16d1b1477512" />
    <UnitTestResult executionId="a32c06c2-e3a0-4743-903e-2535b2654390" testId="ac442438-d123-1eb0-fc6e-97447f034152" testName="TestIsCSharpKeyword(&quot;event&quot;,True)" computerName="pkrvmfkh1xnbeme" duration="00:00:00.0003320" startTime="2025-07-09T18:53:52.9275848+00:00" endTime="2025-07-09T18:53:52.9279167+00:00" testType="13cdc9d9-ddb5-4fa4-a97d-d965ccfc6d4b" outcome="Passed" testListId="8c84fa94-04c1-424b-9868-57a2d4851a1d" relativeResultsDirectory="a32c06c2-e3a0-4743-903e-2535b2654390" />
    <UnitTestResult executionId="ac109228-aaee-460b-95f9-258ca943177a" testId="ef66b331-522b-1775-36e8-8860fe69cd8c" testName="FullyQualifiedName" computerName="pkrvmfkh1xnbeme" duration="00:00:00.0004110" startTime="2025-07-09T18:53:46.9109434+00:00" endTime="2025-07-09T18:53:46.9113547+00:00" testType="13cdc9d9-ddb5-4fa4-a97d-d965ccfc6d4b" outcome="Passed" testListId="8c84fa94-04c1-424b-9868-57a2d4851a1d" relativeResultsDirectory="ac109228-aaee-460b-95f9-258ca943177a" />
    <UnitTestResult executionId="765cf1ab-5d87-45b8-b76d-2d49ba855a86" testId="2778d050-be18-0e1b-eac3-753c3cbeca39" testName="ValidateProperties" computerName="pkrvmfkh1xnbeme" duration="00:00:00.0038160" startTime="2025-07-09T18:53:47.0441650+00:00" endTime="2025-07-09T18:53:47.0479810+00:00" testType="13cdc9d9-ddb5-4fa4-a97d-d965ccfc6d4b" outcome="Passed" testListId="8c84fa94-04c1-424b-9868-57a2d4851a1d" relativeResultsDirectory="765cf1ab-5d87-45b8-b76d-2d49ba855a86" />
    <UnitTestResult executionId="645d667e-6905-45e4-b39b-4706413d2267" testId="5535077b-880b-c2d9-2b4e-7f8cf6d1bf0a" testName="TestBuildAdditionalProperties(Microsoft.TypeSpec.Generator.Input.InputModelType,False,2)" computerName="pkrvmfkh1xnbeme" duration="00:00:00.0006120" startTime="2025-07-09T18:53:51.8119931+00:00" endTime="2025-07-09T18:53:51.8126053+00:00" testType="13cdc9d9-ddb5-4fa4-a97d-d965ccfc6d4b" outcome="Passed" testListId="8c84fa94-04c1-424b-9868-57a2d4851a1d" relativeResultsDirectory="645d667e-6905-45e4-b39b-4706413d2267" />
    <UnitTestResult executionId="c23042b4-5884-4519-8bc7-4c61389092ae" testId="6ceae3fc-dabf-6e75-8a34-9ca65dbb83f3" testName="ValidateAnonymousMultipleProperties" computerName="pkrvmfkh1xnbeme" duration="00:00:00.0094010" startTime="2025-07-09T18:53:52.6295422+00:00" endTime="2025-07-09T18:53:52.6389425+00:00" testType="13cdc9d9-ddb5-4fa4-a97d-d965ccfc6d4b" outcome="Passed" testListId="8c84fa94-04c1-424b-9868-57a2d4851a1d" relativeResultsDirectory="c23042b4-5884-4519-8bc7-4c61389092ae" />
    <UnitTestResult executionId="43d75822-be7f-4f40-bd24-be07805dd74f" testId="abdfa71c-d861-a0bd-95a8-0382e940dc7f" testName="BodyHasSetterValidation(&quot;nullableDictionaryOnOutputModel&quot;,Microsoft.TypeSpec.Generator.Input.InputModelType,False,null)" computerName="pkrvmfkh1xnbeme" duration="00:00:00.0005590" startTime="2025-07-09T18:53:52.4121674+00:00" endTime="2025-07-09T18:53:52.4127261+00:00" testType="13cdc9d9-ddb5-4fa4-a97d-d965ccfc6d4b" outcome="Passed" testListId="8c84fa94-04c1-424b-9868-57a2d4851a1d" relativeResultsDirectory="43d75822-be7f-4f40-bd24-be07805dd74f" />
    <UnitTestResult executionId="f6eb2c59-a7fc-439b-a1c2-2fe43db5ab68" testId="7c12a820-76ca-f90c-b690-f1efcde03290" testName="TestParseConfig_OutputFolder(&quot;{\n                    \&quot;package-name\&quot;: \&quot;libraryName\&quot;\n                }&quot;,True)" computerName="pkrvmfkh1xnbeme" duration="00:00:00.0006780" startTime="2025-07-09T18:53:43.6302226+00:00" endTime="2025-07-09T18:53:43.6309010+00:00" testType="13cdc9d9-ddb5-4fa4-a97d-d965ccfc6d4b" outcome="Passed" testListId="8c84fa94-04c1-424b-9868-57a2d4851a1d" relativeResultsDirectory="f6eb2c59-a7fc-439b-a1c2-2fe43db5ab68" />
    <UnitTestResult executionId="bef0c9dc-9161-4170-94e5-63d8ec34faa0" testId="d61833da-4157-f98d-9798-aa46af98fdca" testName="DictionaryExpression(System.Collections.Generic.IDictionary`2[System.Int32,System.String],System.Collections.Generic.Dictionary`2[System.Int32,System.String])" computerName="pkrvmfkh1xnbeme" duration="00:00:00.0005950" startTime="2025-07-09T18:53:46.0407572+00:00" endTime="2025-07-09T18:53:46.0413526+00:00" testType="13cdc9d9-ddb5-4fa4-a97d-d965ccfc6d4b" outcome="Passed" testListId="8c84fa94-04c1-424b-9868-57a2d4851a1d" relativeResultsDirectory="bef0c9dc-9161-4170-94e5-63d8ec34faa0" />
    <UnitTestResult executionId="6f5c7a6a-5f8e-44cd-940f-2a1259253dd0" testId="15c8f6b5-fe67-dd09-0739-842a5798798e" testName="CodeWriter_WriteProperty_AutoBody" computerName="pkrvmfkh1xnbeme" duration="00:00:00.0006140" startTime="2025-07-09T18:53:53.0036680+00:00" endTime="2025-07-09T18:53:53.0042818+00:00" testType="13cdc9d9-ddb5-4fa4-a97d-d965ccfc6d4b" outcome="Passed" testListId="8c84fa94-04c1-424b-9868-57a2d4851a1d" relativeResultsDirectory="6f5c7a6a-5f8e-44cd-940f-2a1259253dd0" />
    <UnitTestResult executionId="c82be7a3-3ed7-4343-aebc-6caf2b3c51f4" testId="437fc918-e6ce-c47e-6602-d58b0391b027" testName="TypesAreEqualForGenericTypes(System.Collections.Generic.IList`1[T],[System.Int32])" computerName="pkrvmfkh1xnbeme" duration="00:00:00.0012330" startTime="2025-07-09T18:53:46.9538249+00:00" endTime="2025-07-09T18:53:46.9550575+00:00" testType="13cdc9d9-ddb5-4fa4-a97d-d965ccfc6d4b" outcome="Passed" testListId="8c84fa94-04c1-424b-9868-57a2d4851a1d" relativeResultsDirectory="c82be7a3-3ed7-4343-aebc-6caf2b3c51f4" />
    <UnitTestResult executionId="9c601d5a-6684-4ff5-ad6b-681977aa6938" testId="0d3b2ab8-ddbb-e697-1229-88a5d0c6e9c5" testName="CanChangeInvokeMethodExpression" computerName="pkrvmfkh1xnbeme" duration="00:00:00.0021970" startTime="2025-07-09T18:53:46.0127191+00:00" endTime="2025-07-09T18:53:46.0149160+00:00" testType="13cdc9d9-ddb5-4fa4-a97d-d965ccfc6d4b" outcome="Passed" testListId="8c84fa94-04c1-424b-9868-57a2d4851a1d" relativeResultsDirectory="9c601d5a-6684-4ff5-ad6b-681977aa6938" />
    <UnitTestResult executionId="682b8b59-8a61-4136-a0ba-5b881d385dc9" testId="425f0968-bc6c-b822-0d8e-78aac815df6b" testName="SeeCRefType(System.String,False)" computerName="pkrvmfkh1xnbeme" duration="00:00:00.0004890" startTime="2025-07-09T18:53:53.0152303+00:00" endTime="2025-07-09T18:53:53.0157196+00:00" testType="13cdc9d9-ddb5-4fa4-a97d-d965ccfc6d4b" outcome="Passed" testListId="8c84fa94-04c1-424b-9868-57a2d4851a1d" relativeResultsDirectory="682b8b59-8a61-4136-a0ba-5b881d385dc9" />
    <UnitTestResult executionId="150b28cf-845d-4292-9c60-2b5327a7a8f6" testId="7a9d7a85-06b9-1f06-a722-56b4f14fc78c" testName="ValidateStringU8" computerName="pkrvmfkh1xnbeme" duration="00:00:00.0004070" startTime="2025-07-09T18:53:52.6441511+00:00" endTime="2025-07-09T18:53:52.6445583+00:00" testType="13cdc9d9-ddb5-4fa4-a97d-d965ccfc6d4b" outcome="Passed" testListId="8c84fa94-04c1-424b-9868-57a2d4851a1d" relativeResultsDirectory="150b28cf-845d-4292-9c60-2b5327a7a8f6" />
    <UnitTestResult executionId="ba6f10d0-239c-4bbc-9052-dd79542d9e8f" testId="843d022d-7ec7-2445-18f9-50d152325c1d" testName="ValidatePropertyTypes(System.Collections.Generic.IList`1[System.String])" computerName="pkrvmfkh1xnbeme" duration="00:00:00.0097220" startTime="2025-07-09T18:53:52.1404750+00:00" endTime="2025-07-09T18:53:52.1501973+00:00" testType="13cdc9d9-ddb5-4fa4-a97d-d965ccfc6d4b" outcome="Passed" testListId="8c84fa94-04c1-424b-9868-57a2d4851a1d" relativeResultsDirectory="ba6f10d0-239c-4bbc-9052-dd79542d9e8f" />
    <UnitTestResult executionId="eef68b36-e2e2-44a5-a45e-f7c499e690ab" testId="b86743f7-46c6-e9bc-1592-f2d49757a1d2" testName="CodeGenSuppressAttributeEmitted" computerName="pkrvmfkh1xnbeme" duration="00:00:00.0011320" startTime="2025-07-09T18:53:45.9695621+00:00" endTime="2025-07-09T18:53:45.9706940+00:00" testType="13cdc9d9-ddb5-4fa4-a97d-d965ccfc6d4b" outcome="Passed" testListId="8c84fa94-04c1-424b-9868-57a2d4851a1d" relativeResultsDirectory="eef68b36-e2e2-44a5-a45e-f7c499e690ab" />
    <UnitTestResult executionId="d5ba3b53-105e-4e7e-a51b-ac5820139f58" testId="754f1bd6-1597-f89f-623b-19a3c18446c5" testName="FinallyStatementWithOneLineBody" computerName="pkrvmfkh1xnbeme" duration="00:00:00.0001670" startTime="2025-07-09T18:53:52.8011574+00:00" endTime="2025-07-09T18:53:52.8013240+00:00" testType="13cdc9d9-ddb5-4fa4-a97d-d965ccfc6d4b" outcome="Passed" testListId="8c84fa94-04c1-424b-9868-57a2d4851a1d" relativeResultsDirectory="d5ba3b53-105e-4e7e-a51b-ac5820139f58" />
    <UnitTestResult executionId="5f589811-466a-49af-8e6a-b60de275ee86" testId="d4e5e104-5606-3dd9-f6e5-12f84f352341" testName="CanRemoveConstructors" computerName="pkrvmfkh1xnbeme" duration="00:00:00.1230360" startTime="2025-07-09T18:53:48.5618735+00:00" endTime="2025-07-09T18:53:48.6849090+00:00" testType="13cdc9d9-ddb5-4fa4-a97d-d965ccfc6d4b" outcome="Passed" testListId="8c84fa94-04c1-424b-9868-57a2d4851a1d" relativeResultsDirectory="5f589811-466a-49af-8e6a-b60de275ee86" />
    <UnitTestResult executionId="12268b41-c124-4ce6-b114-3f01b26413bd" testId="1e96bc18-78dc-e7bb-47d5-2a19920930e6" testName="DiscriminatorPropertyShouldBeInternal" computerName="pkrvmfkh1xnbeme" duration="00:00:00.0008630" startTime="2025-07-09T18:53:49.2475866+00:00" endTime="2025-07-09T18:53:49.2484497+00:00" testType="13cdc9d9-ddb5-4fa4-a97d-d965ccfc6d4b" outcome="Passed" testListId="8c84fa94-04c1-424b-9868-57a2d4851a1d" relativeResultsDirectory="12268b41-c124-4ce6-b114-3f01b26413bd" />
    <UnitTestResult executionId="ebd1a81e-d7a7-420d-89b9-9b23d5a724e8" testId="6e2d3c67-3080-1e7b-8e65-c4a3c7af675b" testName="BodyHasSetterValidation(&quot;nullableCollectionOnInputOutputModel&quot;,Microsoft.TypeSpec.Generator.Input.InputModelType,True,null)" computerName="pkrvmfkh1xnbeme" duration="00:00:00.0004940" startTime="2025-07-09T18:53:52.4105863+00:00" endTime="2025-07-09T18:53:52.4110804+00:00" testType="13cdc9d9-ddb5-4fa4-a97d-d965ccfc6d4b" outcome="Passed" testListId="8c84fa94-04c1-424b-9868-57a2d4851a1d" relativeResultsDirectory="ebd1a81e-d7a7-420d-89b9-9b23d5a724e8" />
    <UnitTestResult executionId="d80d08ca-caaa-474e-a92c-e965b5a8fcdb" testId="32b76892-837e-aaf5-5dd1-2631a0c6f451" testName="SerializationCtorShouldNotAssignBaseFieldDerivedRequired" computerName="pkrvmfkh1xnbeme" duration="00:00:00.0020439" startTime="2025-07-09T18:53:51.8028949+00:00" endTime="2025-07-09T18:53:51.8049388+00:00" testType="13cdc9d9-ddb5-4fa4-a97d-d965ccfc6d4b" outcome="Passed" testListId="8c84fa94-04c1-424b-9868-57a2d4851a1d" relativeResultsDirectory="d80d08ca-caaa-474e-a92c-e965b5a8fcdb" />
    <UnitTestResult executionId="6ad0d771-b40a-46f9-91d5-ac98463285c5" testId="56b675d3-d852-6a04-d666-605aa73761b3" testName="SystemTypeOperatorTestNotEqual(System.Collections.Generic.IList`1[System.Int32],System.Collections.Generic.IList`1[T])" computerName="pkrvmfkh1xnbeme" duration="00:00:00.0002750" startTime="2025-07-09T18:53:46.0818145+00:00" endTime="2025-07-09T18:53:46.0820890+00:00" testType="13cdc9d9-ddb5-4fa4-a97d-d965ccfc6d4b" outcome="Passed" testListId="8c84fa94-04c1-424b-9868-57a2d4851a1d" relativeResultsDirectory="6ad0d771-b40a-46f9-91d5-ac98463285c5" />
    <UnitTestResult executionId="864656f3-fe6e-4276-b5bd-3486ffc513e8" testId="52e83c3f-2bec-88c9-7c60-dae6bc617340" testName="TestIsCSharpKeyword(&quot;base&quot;,True)" computerName="pkrvmfkh1xnbeme" duration="00:00:00.0004460" startTime="2025-07-09T18:53:52.9193794+00:00" endTime="2025-07-09T18:53:52.9198256+00:00" testType="13cdc9d9-ddb5-4fa4-a97d-d965ccfc6d4b" outcome="Passed" testListId="8c84fa94-04c1-424b-9868-57a2d4851a1d" relativeResultsDirectory="864656f3-fe6e-4276-b5bd-3486ffc513e8" />
    <UnitTestResult executionId="e0c1fb4d-ad57-44b6-ae25-619d3e217754" testId="e68b2339-3b42-ec37-1498-f16fb572e243" testName="CanChangeTypeNamespaceAfterTypeName" computerName="pkrvmfkh1xnbeme" duration="00:00:00.0021260" startTime="2025-07-09T18:53:50.5564323+00:00" endTime="2025-07-09T18:53:50.5585583+00:00" testType="13cdc9d9-ddb5-4fa4-a97d-d965ccfc6d4b" outcome="Passed" testListId="8c84fa94-04c1-424b-9868-57a2d4851a1d" relativeResultsDirectory="e0c1fb4d-ad57-44b6-ae25-619d3e217754" />
    <UnitTestResult executionId="8f4b4b1c-f177-44ef-9c03-90c4566adab2" testId="f64fc73a-8eca-1242-c007-1a6c4232130f" testName="TestIsCSharpKeyword(&quot;async&quot;,True)" computerName="pkrvmfkh1xnbeme" duration="00:00:00.0003620" startTime="2025-07-09T18:53:52.9184640+00:00" endTime="2025-07-09T18:53:52.9188263+00:00" testType="13cdc9d9-ddb5-4fa4-a97d-d965ccfc6d4b" outcome="Passed" testListId="8c84fa94-04c1-424b-9868-57a2d4851a1d" relativeResultsDirectory="8f4b4b1c-f177-44ef-9c03-90c4566adab2" />
    <UnitTestResult executionId="1921d291-b40e-4932-a2cf-48436e166c1b" testId="103f63bc-36fd-3259-ded9-b15d3dd5bad3" testName="TestIsCSharpKeyword(&quot;implicit&quot;,True)" computerName="pkrvmfkh1xnbeme" duration="00:00:00.0004390" startTime="2025-07-09T18:53:52.9326838+00:00" endTime="2025-07-09T18:53:52.9331226+00:00" testType="13cdc9d9-ddb5-4fa4-a97d-d965ccfc6d4b" outcome="Passed" testListId="8c84fa94-04c1-424b-9868-57a2d4851a1d" relativeResultsDirectory="1921d291-b40e-4932-a2cf-48436e166c1b" />
    <UnitTestResult executionId="805e58b9-1cf3-4315-84cf-0afce1f7c2f1" testId="bbb9f240-1054-c03c-e79e-ecd00d8b30f4" testName="ValidateFrameworkInstance" computerName="pkrvmfkh1xnbeme" duration="00:00:00.0004790" startTime="2025-07-09T18:53:52.6404691+00:00" endTime="2025-07-09T18:53:52.6409476+00:00" testType="13cdc9d9-ddb5-4fa4-a97d-d965ccfc6d4b" outcome="Passed" testListId="8c84fa94-04c1-424b-9868-57a2d4851a1d" relativeResultsDirectory="805e58b9-1cf3-4315-84cf-0afce1f7c2f1" />
    <UnitTestResult executionId="fa26dfd2-4cab-4c7a-ab84-831e1b33dd98" testId="0451834b-5d61-8a2a-2271-a0d29dce553b" testName="BodyHasSetterValidation(&quot;readOnlyCollectionOnOutputModel&quot;,Microsoft.TypeSpec.Generator.Input.InputModelType,False,null)" computerName="pkrvmfkh1xnbeme" duration="00:00:00.0007000" startTime="2025-07-09T18:53:52.4082078+00:00" endTime="2025-07-09T18:53:52.4089075+00:00" testType="13cdc9d9-ddb5-4fa4-a97d-d965ccfc6d4b" outcome="Passed" testListId="8c84fa94-04c1-424b-9868-57a2d4851a1d" relativeResultsDirectory="fa26dfd2-4cab-4c7a-ab84-831e1b33dd98" />
    <UnitTestResult executionId="50e70435-719a-4a81-8a30-3e43a298bc02" testId="0abdadec-f565-037d-9e00-3cb09d5bba6f" testName="TestToApiVersionMemberName(&quot;v2022.05.15_Preview&quot;,&quot;V2022_05_15_Preview&quot;)" computerName="pkrvmfkh1xnbeme" duration="00:00:00.0000360" startTime="2025-07-09T18:53:52.9799603+00:00" endTime="2025-07-09T18:53:52.9799966+00:00" testType="13cdc9d9-ddb5-4fa4-a97d-d965ccfc6d4b" outcome="Passed" testListId="8c84fa94-04c1-424b-9868-57a2d4851a1d" relativeResultsDirectory="50e70435-719a-4a81-8a30-3e43a298bc02" />
    <UnitTestResult executionId="d92aba44-7420-4286-bb1b-c99ae4ef2b18" testId="7d2a67de-d580-bdbf-18ba-4a6da46d0911" testName="IsCollectionType(System.Collections.Generic.IReadOnlyDictionary`2[TKey,TValue],True)" computerName="pkrvmfkh1xnbeme" duration="00:00:00.0001310" startTime="2025-07-09T18:53:46.9380501+00:00" endTime="2025-07-09T18:53:46.9381809+00:00" testType="13cdc9d9-ddb5-4fa4-a97d-d965ccfc6d4b" outcome="Passed" testListId="8c84fa94-04c1-424b-9868-57a2d4851a1d" relativeResultsDirectory="d92aba44-7420-4286-bb1b-c99ae4ef2b18" />
    <UnitTestResult executionId="8600a89c-7f1d-4376-b919-81fd747d29d0" testId="23519c24-ab5f-d52c-5a79-c6c42f23d463" testName="NotSameInstance" computerName="pkrvmfkh1xnbeme" duration="00:00:00.0006089" startTime="2025-07-09T18:53:52.3916295+00:00" endTime="2025-07-09T18:53:52.3922382+00:00" testType="13cdc9d9-ddb5-4fa4-a97d-d965ccfc6d4b" outcome="Passed" testListId="8c84fa94-04c1-424b-9868-57a2d4851a1d" relativeResultsDirectory="8600a89c-7f1d-4376-b919-81fd747d29d0" />
    <UnitTestResult executionId="03dcc080-a5c2-4dde-81ec-50a24c3fe0ca" testId="002367fe-4f76-ffa5-1fac-d1fee281a0ba" testName="BuildBaseType" computerName="pkrvmfkh1xnbeme" duration="00:00:00.0009570" startTime="2025-07-09T18:53:51.7823754+00:00" endTime="2025-07-09T18:53:51.7833318+00:00" testType="13cdc9d9-ddb5-4fa4-a97d-d965ccfc6d4b" outcome="Passed" testListId="8c84fa94-04c1-424b-9868-57a2d4851a1d" relativeResultsDirectory="03dcc080-a5c2-4dde-81ec-50a24c3fe0ca" />
    <UnitTestResult executionId="12517892-23af-4846-b451-6d0e9bbe096f" testId="71ef8e60-0c55-283f-ffd3-ddbc9700ada5" testName="CorrectValidationIsAppliedToParameter(Int32,True,None)" computerName="pkrvmfkh1xnbeme" duration="00:00:00.0006200" startTime="2025-07-09T18:53:52.3881905+00:00" endTime="2025-07-09T18:53:52.3888103+00:00" testType="13cdc9d9-ddb5-4fa4-a97d-d965ccfc6d4b" outcome="Passed" testListId="8c84fa94-04c1-424b-9868-57a2d4851a1d" relativeResultsDirectory="12517892-23af-4846-b451-6d0e9bbe096f" />
    <UnitTestResult executionId="f2620a48-813a-4d9e-bada-f2c1ce8d2ba6" testId="081f51aa-0473-38ec-5d39-d05e7a7dd898" testName="CanReplaceConstructor" computerName="pkrvmfkh1xnbeme" duration="00:00:00.1048670" startTime="2025-07-09T18:53:51.0363024+00:00" endTime="2025-07-09T18:53:51.1411689+00:00" testType="13cdc9d9-ddb5-4fa4-a97d-d965ccfc6d4b" outcome="Passed" testListId="8c84fa94-04c1-424b-9868-57a2d4851a1d" relativeResultsDirectory="f2620a48-813a-4d9e-bada-f2c1ce8d2ba6" />
    <UnitTestResult executionId="91f91cb6-a4cd-46ac-a5b4-80e3f9bcd80d" testId="555db1c4-be7e-5701-ff82-5827a820f79a" testName="SystemTypeOperatorTestNotEqual(System.Int32,System.String)" computerName="pkrvmfkh1xnbeme" duration="00:00:00.0004390" startTime="2025-07-09T18:53:46.0799887+00:00" endTime="2025-07-09T18:53:46.0804276+00:00" testType="13cdc9d9-ddb5-4fa4-a97d-d965ccfc6d4b" outcome="Passed" testListId="8c84fa94-04c1-424b-9868-57a2d4851a1d" relativeResultsDirectory="91f91cb6-a4cd-46ac-a5b4-80e3f9bcd80d" />
    <UnitTestResult executionId="ad2bf95a-6fd1-4ff2-93d1-ff209ee61591" testId="4e86e2c7-87b8-1bb0-2680-5455cfd9c169" testName="BodyHasSetterValidation(&quot;nullableCollectionOnOutputModel&quot;,Microsoft.TypeSpec.Generator.Input.InputModelType,False,null)" computerName="pkrvmfkh1xnbeme" duration="00:00:00.0005170" startTime="2025-07-09T18:53:52.4095111+00:00" endTime="2025-07-09T18:53:52.4100281+00:00" testType="13cdc9d9-ddb5-4fa4-a97d-d965ccfc6d4b" outcome="Passed" testListId="8c84fa94-04c1-424b-9868-57a2d4851a1d" relativeResultsDirectory="ad2bf95a-6fd1-4ff2-93d1-ff209ee61591" />
    <UnitTestResult executionId="e3b17515-f5c3-41c4-8d39-96e61a8ea91e" testId="4abfd303-145b-aaaf-d908-db43e32b70f9" testName="VisitsSerializationProviderMembers" computerName="pkrvmfkh1xnbeme" duration="00:00:00.0053440" startTime="2025-07-09T18:53:46.7548837+00:00" endTime="2025-07-09T18:53:46.7602273+00:00" testType="13cdc9d9-ddb5-4fa4-a97d-d965ccfc6d4b" outcome="Passed" testListId="8c84fa94-04c1-424b-9868-57a2d4851a1d" relativeResultsDirectory="e3b17515-f5c3-41c4-8d39-96e61a8ea91e" />
    <UnitTestResult executionId="7c4f57bb-4218-4de1-8aee-94f3085c3ac0" testId="abba7765-5d41-ca95-2786-a85f227f410c" testName="SystemTypeOperatorTestEqual(System.Guid)" computerName="pkrvmfkh1xnbeme" duration="00:00:00.0002730" startTime="2025-07-09T18:53:46.0780878+00:00" endTime="2025-07-09T18:53:46.0783610+00:00" testType="13cdc9d9-ddb5-4fa4-a97d-d965ccfc6d4b" outcome="Passed" testListId="8c84fa94-04c1-424b-9868-57a2d4851a1d" relativeResultsDirectory="7c4f57bb-4218-4de1-8aee-94f3085c3ac0" />
    <UnitTestResult executionId="69aa0fc1-e1ba-4a09-adfd-cbad14590a01" testId="a14652c6-fdd8-386f-4941-8b34becaae32" testName="DictionaryExpression(System.Collections.Generic.IList`1[System.Int32],System.Collections.Generic.ICollection`1[System.Int32])" computerName="pkrvmfkh1xnbeme" duration="00:00:00.0003070" startTime="2025-07-09T18:53:46.0392115+00:00" endTime="2025-07-09T18:53:46.0395179+00:00" testType="13cdc9d9-ddb5-4fa4-a97d-d965ccfc6d4b" outcome="Passed" testListId="8c84fa94-04c1-424b-9868-57a2d4851a1d" relativeResultsDirectory="69aa0fc1-e1ba-4a09-adfd-cbad14590a01" />
    <UnitTestResult executionId="ce13268f-5633-487b-b729-0e4216f96632" testId="e2910d93-3de2-05e5-781b-94402e2af719" testName="CodeWriter_WriteProperty_MethodPropertyBody" computerName="pkrvmfkh1xnbeme" duration="00:00:00.0007840" startTime="2025-07-09T18:53:53.0101060+00:00" endTime="2025-07-09T18:53:53.0108903+00:00" testType="13cdc9d9-ddb5-4fa4-a97d-d965ccfc6d4b" outcome="Passed" testListId="8c84fa94-04c1-424b-9868-57a2d4851a1d" relativeResultsDirectory="ce13268f-5633-487b-b729-0e4216f96632" />
    <UnitTestResult executionId="e2a399c6-94fe-4a82-b94a-17f55ba23dfe" testId="597bd723-9003-2a88-ade0-4bc49ffe996b" testName="ValidatePropertyTypes(System.Collections.Generic.IEnumerable`1[Microsoft.TypeSpec.Generator.Tests.PropertyType])" computerName="pkrvmfkh1xnbeme" duration="00:00:00.0086890" startTime="2025-07-09T18:53:52.2037232+00:00" endTime="2025-07-09T18:53:52.2124125+00:00" testType="13cdc9d9-ddb5-4fa4-a97d-d965ccfc6d4b" outcome="Passed" testListId="8c84fa94-04c1-424b-9868-57a2d4851a1d" relativeResultsDirectory="e2a399c6-94fe-4a82-b94a-17f55ba23dfe" />
    <UnitTestResult executionId="4f3cef55-c27c-4712-8175-0bee63a62fbf" testId="82e56ba7-7d19-7156-0276-1085547a24bc" testName="NotNullNullableInt32" computerName="pkrvmfkh1xnbeme" duration="00:00:00.0002110" startTime="2025-07-09T18:53:46.9717557+00:00" endTime="2025-07-09T18:53:46.9719666+00:00" testType="13cdc9d9-ddb5-4fa4-a97d-d965ccfc6d4b" outcome="Passed" testListId="8c84fa94-04c1-424b-9868-57a2d4851a1d" relativeResultsDirectory="4f3cef55-c27c-4712-8175-0bee63a62fbf" />
    <UnitTestResult executionId="ee9e7f4f-d3cd-44b1-9cbc-828a2c14ff3d" testId="017b84c0-d041-5ec5-367a-bfeae91ba208" testName="FullyQualifiedNamePopulatedForFrameworkTypes(System.Int32)" computerName="pkrvmfkh1xnbeme" duration="00:00:00.0003720" startTime="2025-07-09T18:53:46.9118340+00:00" endTime="2025-07-09T18:53:46.9122055+00:00" testType="13cdc9d9-ddb5-4fa4-a97d-d965ccfc6d4b" outcome="Passed" testListId="8c84fa94-04c1-424b-9868-57a2d4851a1d" relativeResultsDirectory="ee9e7f4f-d3cd-44b1-9cbc-828a2c14ff3d" />
    <UnitTestResult executionId="59ac786e-b83b-459f-8d63-a0b2a531f8f9" testId="9ef6126e-f7cc-14c5-4ccf-4831db9c92a1" testName="CanCustomizeDiscriminatorModel" computerName="pkrvmfkh1xnbeme" duration="00:00:00.0745420" startTime="2025-07-09T18:53:50.5585845+00:00" endTime="2025-07-09T18:53:50.6331265+00:00" testType="13cdc9d9-ddb5-4fa4-a97d-d965ccfc6d4b" outcome="Passed" testListId="8c84fa94-04c1-424b-9868-57a2d4851a1d" relativeResultsDirectory="59ac786e-b83b-459f-8d63-a0b2a531f8f9" />
    <UnitTestResult executionId="cfc8d4ba-44a8-46b4-9c37-32636137c5ab" testId="b0d5fa01-abbf-d6d5-4645-52f24b6e850a" testName="PropertyInitializationType_List(System.Collections.Generic.IEnumerable`1[T])" computerName="pkrvmfkh1xnbeme" duration="00:00:00.0000860" startTime="2025-07-09T18:53:46.9517222+00:00" endTime="2025-07-09T18:53:46.9518084+00:00" testType="13cdc9d9-ddb5-4fa4-a97d-d965ccfc6d4b" outcome="Passed" testListId="8c84fa94-04c1-424b-9868-57a2d4851a1d" relativeResultsDirectory="cfc8d4ba-44a8-46b4-9c37-32636137c5ab" />
    <UnitTestResult executionId="3ef2d255-63dd-4405-8fad-e646fc4cb5dd" testId="fd6ac72c-2559-1f43-5efd-6333eb448135" testName="PreVisitsEnum" computerName="pkrvmfkh1xnbeme" duration="00:00:00.0164330" startTime="2025-07-09T18:53:46.6774930+00:00" endTime="2025-07-09T18:53:46.6939254+00:00" testType="13cdc9d9-ddb5-4fa4-a97d-d965ccfc6d4b" outcome="Passed" testListId="8c84fa94-04c1-424b-9868-57a2d4851a1d" relativeResultsDirectory="3ef2d255-63dd-4405-8fad-e646fc4cb5dd" />
    <UnitTestResult executionId="21f6237c-6e72-4164-a203-9f7228bac9ff" testId="e8dadef5-733a-1ff1-73c3-c957c2313ea8" testName="OptionalityChangeNarrowPropertyHasNewKeyword" computerName="pkrvmfkh1xnbeme" duration="00:00:00.0014720" startTime="2025-07-09T18:53:51.7975406+00:00" endTime="2025-07-09T18:53:51.7990130+00:00" testType="13cdc9d9-ddb5-4fa4-a97d-d965ccfc6d4b" outcome="Passed" testListId="8c84fa94-04c1-424b-9868-57a2d4851a1d" relativeResultsDirectory="21f6237c-6e72-4164-a203-9f7228bac9ff" />
    <UnitTestResult executionId="fe0b3abb-5f63-4527-87d3-25ace23eb26b" testId="f612166a-4245-7d44-9b6c-42070a4d1ea1" testName="IsReadOnlyMemory(System.Int32,False)" computerName="pkrvmfkh1xnbeme" duration="00:00:00.0001720" startTime="2025-07-09T18:53:46.9429898+00:00" endTime="2025-07-09T18:53:46.9431616+00:00" testType="13cdc9d9-ddb5-4fa4-a97d-d965ccfc6d4b" outcome="Passed" testListId="8c84fa94-04c1-424b-9868-57a2d4851a1d" relativeResultsDirectory="fe0b3abb-5f63-4527-87d3-25ace23eb26b" />
    <UnitTestResult executionId="13f1c34a-9a15-450a-8b5b-55439c32f9fb" testId="a14b4a97-4047-fba6-27cb-72dd2783ad1d" testName="DictionaryExpression(System.Collections.Generic.IDictionary`2[System.Int32,System.String],System.Collections.Generic.Dictionary`2[TKey,TValue])" computerName="pkrvmfkh1xnbeme" duration="00:00:00.0003010" startTime="2025-07-09T18:53:46.0398767+00:00" endTime="2025-07-09T18:53:46.0401778+00:00" testType="13cdc9d9-ddb5-4fa4-a97d-d965ccfc6d4b" outcome="Passed" testListId="8c84fa94-04c1-424b-9868-57a2d4851a1d" relativeResultsDirectory="13f1c34a-9a15-450a-8b5b-55439c32f9fb" />
    <UnitTestResult executionId="481f1139-1e35-427f-b11c-9767dd1fd84f" testId="7b5a5011-8ead-4a1a-b27f-f4fe1ca00646" testName="CanCustomizeRelativeFilePath" computerName="pkrvmfkh1xnbeme" duration="00:00:00.0007370" startTime="2025-07-09T18:53:50.6821980+00:00" endTime="2025-07-09T18:53:50.6829351+00:00" testType="13cdc9d9-ddb5-4fa4-a97d-d965ccfc6d4b" outcome="Passed" testListId="8c84fa94-04c1-424b-9868-57a2d4851a1d" relativeResultsDirectory="481f1139-1e35-427f-b11c-9767dd1fd84f" />
    <UnitTestResult executionId="876f839a-f1d7-4f21-a2c5-f1de10c01b16" testId="c38ca7fb-221e-789a-b35a-4962e2d383a8" testName="CodeWriter_WriteProperty_ExpressionBody_WithExplicitInterface" computerName="pkrvmfkh1xnbeme" duration="00:00:00.0004110" startTime="2025-07-09T18:53:53.0055080+00:00" endTime="2025-07-09T18:53:53.0059188+00:00" testType="13cdc9d9-ddb5-4fa4-a97d-d965ccfc6d4b" outcome="Passed" testListId="8c84fa94-04c1-424b-9868-57a2d4851a1d" relativeResultsDirectory="876f839a-f1d7-4f21-a2c5-f1de10c01b16" />
    <UnitTestResult executionId="9fd7b171-a588-451a-9e2b-fc30f1b5e859" testId="117f282b-9661-8610-dd34-bd4b21fe10d7" testName="TestToApiVersionMemberName(&quot;V2022.05.15_Preview&quot;,&quot;V2022_05_15_Preview&quot;)" computerName="pkrvmfkh1xnbeme" duration="00:00:00.0000450" startTime="2025-07-09T18:53:52.9799081+00:00" endTime="2025-07-09T18:53:52.9799531+00:00" testType="13cdc9d9-ddb5-4fa4-a97d-d965ccfc6d4b" outcome="Passed" testListId="8c84fa94-04c1-424b-9868-57a2d4851a1d" relativeResultsDirectory="9fd7b171-a588-451a-9e2b-fc30f1b5e859" />
    <UnitTestResult executionId="239a45b5-0344-4181-a5bf-2b08b992b679" testId="d5e66563-8444-3eea-e5eb-82b4ca6ef68d" testName="RemovesInvalidUsings" computerName="pkrvmfkh1xnbeme" duration="00:00:00.0185250" startTime="2025-07-09T18:53:46.7988778+00:00" endTime="2025-07-09T18:53:46.8174026+00:00" testType="13cdc9d9-ddb5-4fa4-a97d-d965ccfc6d4b" outcome="Passed" testListId="8c84fa94-04c1-424b-9868-57a2d4851a1d" relativeResultsDirectory="239a45b5-0344-4181-a5bf-2b08b992b679" />
    <UnitTestResult executionId="2570a363-7ff6-4bc0-82de-cce7a6737672" testId="315fc9d1-2762-1c20-7cbb-ff0e06212694" testName="IsDictionary(System.Collections.Generic.IDictionary`2[TKey,TValue],True)" computerName="pkrvmfkh1xnbeme" duration="00:00:00.0002850" startTime="2025-07-09T18:53:46.9394338+00:00" endTime="2025-07-09T18:53:46.9397190+00:00" testType="13cdc9d9-ddb5-4fa4-a97d-d965ccfc6d4b" outcome="Passed" testListId="8c84fa94-04c1-424b-9868-57a2d4851a1d" relativeResultsDirectory="2570a363-7ff6-4bc0-82de-cce7a6737672" />
    <UnitTestResult executionId="74dd7bf1-34c5-4d1d-9a2c-c53ecefb0316" testId="147ed72c-94aa-9837-ccfc-800bae76e1c0" testName="ModelFactoryName" computerName="pkrvmfkh1xnbeme" duration="00:00:00.0006350" startTime="2025-07-09T18:53:48.4350687+00:00" endTime="2025-07-09T18:53:48.4357040+00:00" testType="13cdc9d9-ddb5-4fa4-a97d-d965ccfc6d4b" outcome="Passed" testListId="8c84fa94-04c1-424b-9868-57a2d4851a1d" relativeResultsDirectory="74dd7bf1-34c5-4d1d-9a2c-c53ecefb0316" />
    <UnitTestResult executionId="28019353-ffa4-48ca-8cb3-bd027f0d46de" testId="ec599911-31c6-a6d9-315e-7655be866ef6" testName="TestToApiVersionValue(&quot;V3&quot;,&quot;3&quot;)" computerName="pkrvmfkh1xnbeme" duration="00:00:00.0000430" startTime="2025-07-09T18:53:52.9806167+00:00" endTime="2025-07-09T18:53:52.9806600+00:00" testType="13cdc9d9-ddb5-4fa4-a97d-d965ccfc6d4b" outcome="Passed" testListId="8c84fa94-04c1-424b-9868-57a2d4851a1d" relativeResultsDirectory="28019353-ffa4-48ca-8cb3-bd027f0d46de" />
    <UnitTestResult executionId="652ae3f6-8f15-42d7-bba1-2858399bb3fc" testId="76bb760b-94c3-9f49-a667-ff04e895a19d" testName="HashCodesAreNotEqual(System.Collections.Generic.IDictionary`2[System.Collections.Generic.IDictionary`2[System.Int32,System.String],System.Collections.Generic.IDictionary`2[System.String,System.Int32]],System.Collections.Generic.IDictionary`2[System.Collections.Generic.IDictionary`2[System.String,System.Int32],System.Collections.Generic.IDictionary`2[System.String,System.Int32]])" computerName="pkrvmfkh1xnbeme" duration="00:00:00.0002830" startTime="2025-07-09T18:53:46.9354768+00:00" endTime="2025-07-09T18:53:46.9357601+00:00" testType="13cdc9d9-ddb5-4fa4-a97d-d965ccfc6d4b" outcome="Passed" testListId="8c84fa94-04c1-424b-9868-57a2d4851a1d" relativeResultsDirectory="652ae3f6-8f15-42d7-bba1-2858399bb3fc" />
    <UnitTestResult executionId="32fe73af-bdc8-4066-8db8-6b2d6d5aa219" testId="093c6a46-e3b1-4e81-ea85-713dc797f64e" testName="TestInitialize_NoFileFound" computerName="pkrvmfkh1xnbeme" duration="00:00:00.0060480" startTime="2025-07-09T18:53:43.6170274+00:00" endTime="2025-07-09T18:53:43.6230756+00:00" testType="13cdc9d9-ddb5-4fa4-a97d-d965ccfc6d4b" outcome="Passed" testListId="8c84fa94-04c1-424b-9868-57a2d4851a1d" relativeResultsDirectory="32fe73af-bdc8-4066-8db8-6b2d6d5aa219" />
    <UnitTestResult executionId="443c0e70-8b70-434e-b84d-6e8d4f106aec" testId="4f9ccf09-01c7-bb0c-873e-d0e8496ff122" testName="DiscriminatedModelWithNoSubTypesHasUnknownVariant" computerName="pkrvmfkh1xnbeme" duration="00:00:00.0017640" startTime="2025-07-09T18:53:49.2450451+00:00" endTime="2025-07-09T18:53:49.2468088+00:00" testType="13cdc9d9-ddb5-4fa4-a97d-d965ccfc6d4b" outcome="Passed" testListId="8c84fa94-04c1-424b-9868-57a2d4851a1d" relativeResultsDirectory="443c0e70-8b70-434e-b84d-6e8d4f106aec" />
    <UnitTestResult executionId="92108675-fde7-4e0b-b51b-b8f96b1f9023" testId="8b908069-3601-8ab8-3293-9df091546406" testName="KeyValuePairExpression(System.Collections.Generic.IList`1[System.Int32],System.Collections.Generic.IList`1[T])" computerName="pkrvmfkh1xnbeme" duration="00:00:00.0003230" startTime="2025-07-09T18:53:46.0477509+00:00" endTime="2025-07-09T18:53:46.0480740+00:00" testType="13cdc9d9-ddb5-4fa4-a97d-d965ccfc6d4b" outcome="Passed" testListId="8c84fa94-04c1-424b-9868-57a2d4851a1d" relativeResultsDirectory="92108675-fde7-4e0b-b51b-b8f96b1f9023" />
    <UnitTestResult executionId="209e4617-7c98-4b00-8455-f5a74add05c2" testId="b9931b0d-3bd6-388f-fc27-2598dbc51a4b" testName="ValidateGetFormattableStringFormatParts(&quot;This {0} has literal }} and {1}&quot;,[Part { Value = This , IsLiteral = True, ArgumentIndex = -1 }, Part { Value = 0, IsLiteral = False, ArgumentIndex = 0 }, Part { Value =  has literal }, IsLiteral = True, ArgumentIndex = -1 }, Part { Value =  and , IsLiteral = True, ArgumentIndex = -1 }, Part { Value = 1, IsLiteral = False, ArgumentIndex = 1 }])" computerName="pkrvmfkh1xnbeme" duration="00:00:00.0001420" startTime="2025-07-09T18:53:52.9836938+00:00" endTime="2025-07-09T18:53:52.9838357+00:00" testType="13cdc9d9-ddb5-4fa4-a97d-d965ccfc6d4b" outcome="Passed" testListId="8c84fa94-04c1-424b-9868-57a2d4851a1d" relativeResultsDirectory="209e4617-7c98-4b00-8455-f5a74add05c2" />
    <UnitTestResult executionId="d859d8bc-7e97-4566-9e47-d620c34569df" testId="66d84296-71e8-000e-094d-50c5e3b925a5" testName="TestToApiVersionValueWithVersionPrefix(&quot;V2022_05_15&quot;,&quot;v&quot;,&quot;v2022-05-15&quot;)" computerName="pkrvmfkh1xnbeme" duration="00:00:00.0002180" startTime="2025-07-09T18:53:52.9822348+00:00" endTime="2025-07-09T18:53:52.9824526+00:00" testType="13cdc9d9-ddb5-4fa4-a97d-d965ccfc6d4b" outcome="Passed" testListId="8c84fa94-04c1-424b-9868-57a2d4851a1d" relativeResultsDirectory="d859d8bc-7e97-4566-9e47-d620c34569df" />
    <UnitTestResult executionId="086c5dd4-b1b5-426c-ac9f-4260ee7f9c82" testId="3d3a32f5-bedd-f047-ab68-20f8c211f087" testName="TestBuildProperties_ValidatePropertySetters(Microsoft.TypeSpec.Generator.Input.InputModelProperty,global::System.Collections.Generic.IList&lt;string&gt;,True)" computerName="pkrvmfkh1xnbeme" duration="00:00:00.0010900" startTime="2025-07-09T18:53:51.8349454+00:00" endTime="2025-07-09T18:53:51.8360353+00:00" testType="13cdc9d9-ddb5-4fa4-a97d-d965ccfc6d4b" outcome="Passed" testListId="8c84fa94-04c1-424b-9868-57a2d4851a1d" relativeResultsDirectory="086c5dd4-b1b5-426c-ac9f-4260ee7f9c82" />
    <UnitTestResult executionId="e1ce7429-f0e6-479b-874a-f664fff5e5d8" testId="fd624a63-82fa-89d1-c7b1-d6777f0bac80" testName="CanUpdateIfStatement" computerName="pkrvmfkh1xnbeme" duration="00:00:00.0008350" startTime="2025-07-09T18:53:52.8291300+00:00" endTime="2025-07-09T18:53:52.8299649+00:00" testType="13cdc9d9-ddb5-4fa4-a97d-d965ccfc6d4b" outcome="Passed" testListId="8c84fa94-04c1-424b-9868-57a2d4851a1d" relativeResultsDirectory="e1ce7429-f0e6-479b-874a-f664fff5e5d8" />
    <UnitTestResult executionId="41ef1363-e4c2-4c62-b521-94ad70c4354f" testId="da2560df-f453-65b8-0f8c-71b1a4763201" testName="PropertyInitializationType_List(System.Collections.Generic.IReadOnlyList`1[T])" computerName="pkrvmfkh1xnbeme" duration="00:00:00.0003010" startTime="2025-07-09T18:53:46.9514067+00:00" endTime="2025-07-09T18:53:46.9517074+00:00" testType="13cdc9d9-ddb5-4fa4-a97d-d965ccfc6d4b" outcome="Passed" testListId="8c84fa94-04c1-424b-9868-57a2d4851a1d" relativeResultsDirectory="41ef1363-e4c2-4c62-b521-94ad70c4354f" />
    <UnitTestResult executionId="737149df-f879-4ea2-b17f-bc7dd232c19b" testId="338f0f35-366f-e576-5590-d6b40c0f65f3" testName="ValidateGetFormattableStringFormatParts(&quot;something{0}else{1}&quot;,[Part { Value = something, IsLiteral = True, ArgumentIndex = -1 }, Part { Value = 0, IsLiteral = False, ArgumentIndex = 0 }, Part { Value = else, IsLiteral = True, ArgumentIndex = -1 }, Part { Value = 1, IsLiteral = False, ArgumentIndex = 1 }])" computerName="pkrvmfkh1xnbeme" duration="00:00:00.0000920" startTime="2025-07-09T18:53:52.9833665+00:00" endTime="2025-07-09T18:53:52.9834587+00:00" testType="13cdc9d9-ddb5-4fa4-a97d-d965ccfc6d4b" outcome="Passed" testListId="8c84fa94-04c1-424b-9868-57a2d4851a1d" relativeResultsDirectory="737149df-f879-4ea2-b17f-bc7dd232c19b" />
    <UnitTestResult executionId="0fa8c597-02c2-4ca2-9b4e-9d0a91f0a873" testId="d3aa593b-e5a9-6757-4073-1c7109f8ae34" testName="HashCodesAreNotEqual(System.Int32,System.Collections.Generic.IList`1[System.Int32])" computerName="pkrvmfkh1xnbeme" duration="00:00:00.0003720" startTime="2025-07-09T18:53:46.9328524+00:00" endTime="2025-07-09T18:53:46.9332246+00:00" testType="13cdc9d9-ddb5-4fa4-a97d-d965ccfc6d4b" outcome="Passed" testListId="8c84fa94-04c1-424b-9868-57a2d4851a1d" relativeResultsDirectory="0fa8c597-02c2-4ca2-9b4e-9d0a91f0a873" />
    <UnitTestResult executionId="a139230a-4f32-44c1-af5c-5af94fd59b17" testId="69f1ed1b-11e5-b127-77c6-ccd3be0c26db" testName="IntSerializationFormat(Int16,&quot;string&quot;)" computerName="pkrvmfkh1xnbeme" duration="00:00:00.0006240" startTime="2025-07-09T18:53:52.8453461+00:00" endTime="2025-07-09T18:53:52.8459699+00:00" testType="13cdc9d9-ddb5-4fa4-a97d-d965ccfc6d4b" outcome="Passed" testListId="8c84fa94-04c1-424b-9868-57a2d4851a1d" relativeResultsDirectory="a139230a-4f32-44c1-af5c-5af94fd59b17" />
    <UnitTestResult executionId="a7aed024-e2e1-4034-b1e3-5e17e2e51bfa" testId="c8fad434-c90e-02c1-1a72-f8552a249e5f" testName="IsDictionary(System.Collections.Generic.List`1[T],False)" computerName="pkrvmfkh1xnbeme" duration="00:00:00.0000740" startTime="2025-07-09T18:53:46.9399228+00:00" endTime="2025-07-09T18:53:46.9399963+00:00" testType="13cdc9d9-ddb5-4fa4-a97d-d965ccfc6d4b" outcome="Passed" testListId="8c84fa94-04c1-424b-9868-57a2d4851a1d" relativeResultsDirectory="a7aed024-e2e1-4034-b1e3-5e17e2e51bfa" />
    <UnitTestResult executionId="f24063a7-1ca0-46d6-a525-d31b29407cec" testId="216079ac-b730-022d-e5a4-fb32e7a98a8e" testName="ListExpression(System.Boolean)" computerName="pkrvmfkh1xnbeme" duration="00:00:00.0001740" startTime="2025-07-09T18:53:46.0536339+00:00" endTime="2025-07-09T18:53:46.0538082+00:00" testType="13cdc9d9-ddb5-4fa4-a97d-d965ccfc6d4b" outcome="Passed" testListId="8c84fa94-04c1-424b-9868-57a2d4851a1d" relativeResultsDirectory="f24063a7-1ca0-46d6-a525-d31b29407cec" />
    <UnitTestResult executionId="ff90e897-4400-4a96-a200-d6315b505e46" testId="7abc69b9-3a95-a1b8-64e1-e290890b2be0" testName="DisableDocsForProperty" computerName="pkrvmfkh1xnbeme" duration="00:00:00.0052660" startTime="2025-07-09T18:53:43.5871536+00:00" endTime="2025-07-09T18:53:43.5924192+00:00" testType="13cdc9d9-ddb5-4fa4-a97d-d965ccfc6d4b" outcome="Passed" testListId="8c84fa94-04c1-424b-9868-57a2d4851a1d" relativeResultsDirectory="ff90e897-4400-4a96-a200-d6315b505e46" />
    <UnitTestResult executionId="016b9d36-c64a-4114-bc9d-761c16dbc5ee" testId="00bb520d-7eb6-d24c-9557-f3fca3618123" testName="TestIsCSharpKeyword(&quot;string&quot;,True)" computerName="pkrvmfkh1xnbeme" duration="00:00:00.0003130" startTime="2025-07-09T18:53:52.9686952+00:00" endTime="2025-07-09T18:53:52.9690080+00:00" testType="13cdc9d9-ddb5-4fa4-a97d-d965ccfc6d4b" outcome="Passed" testListId="8c84fa94-04c1-424b-9868-57a2d4851a1d" relativeResultsDirectory="016b9d36-c64a-4114-bc9d-761c16dbc5ee" />
    <UnitTestResult executionId="6770f0cb-c051-4e2b-abc6-86b2e80863a6" testId="fafa9852-426b-6b05-2684-4864e7941f0d" testName="TypesAreNotEqual(System.Collections.Generic.IList`1[System.Int32],System.Collections.Generic.ICollection`1[System.Int32])" computerName="pkrvmfkh1xnbeme" duration="00:00:00.0002490" startTime="2025-07-09T18:53:46.9611744+00:00" endTime="2025-07-09T18:53:46.9614231+00:00" testType="13cdc9d9-ddb5-4fa4-a97d-d965ccfc6d4b" outcome="Passed" testListId="8c84fa94-04c1-424b-9868-57a2d4851a1d" relativeResultsDirectory="6770f0cb-c051-4e2b-abc6-86b2e80863a6" />
    <UnitTestResult executionId="ac1fda0e-fd72-419f-b60e-7ca343093608" testId="8f101769-b224-d5b5-9226-fb891fbfd579" testName="BuildXmlDocsAddsCorrectExceptions" computerName="pkrvmfkh1xnbeme" duration="00:00:00.0015980" startTime="2025-07-09T18:53:52.8581402+00:00" endTime="2025-07-09T18:53:52.8597379+00:00" testType="13cdc9d9-ddb5-4fa4-a97d-d965ccfc6d4b" outcome="Passed" testListId="8c84fa94-04c1-424b-9868-57a2d4851a1d" relativeResultsDirectory="ac1fda0e-fd72-419f-b60e-7ca343093608" />
    <UnitTestResult executionId="38f9ef23-e1a1-4d83-8b3a-77e18b8d4efd" testId="46dd2cf8-a790-10e4-882d-8d6a5b52f88d" testName="Equals(Microsoft.TypeSpec.Generator.Providers.ParameterProvider,Microsoft.TypeSpec.Generator.Providers.ParameterProvider,False)" computerName="pkrvmfkh1xnbeme" duration="00:00:00.0000290" startTime="2025-07-09T18:53:52.3913181+00:00" endTime="2025-07-09T18:53:52.3913469+00:00" testType="13cdc9d9-ddb5-4fa4-a97d-d965ccfc6d4b" outcome="Passed" testListId="8c84fa94-04c1-424b-9868-57a2d4851a1d" relativeResultsDirectory="38f9ef23-e1a1-4d83-8b3a-77e18b8d4efd" />
    <UnitTestResult executionId="86e450ce-47e5-496c-80f4-01fb1ca99988" testId="ef93e544-041e-84fd-ce12-e47f85e7956a" testName="TestToApiVersionValueWithVersionPrefix(&quot;V1_0_0&quot;,&quot;api-version-&quot;,&quot;api-version-1-0-0&quot;)" computerName="pkrvmfkh1xnbeme" duration="00:00:00.0001390" startTime="2025-07-09T18:53:52.9820821+00:00" endTime="2025-07-09T18:53:52.9822207+00:00" testType="13cdc9d9-ddb5-4fa4-a97d-d965ccfc6d4b" outcome="Passed" testListId="8c84fa94-04c1-424b-9868-57a2d4851a1d" relativeResultsDirectory="86e450ce-47e5-496c-80f4-01fb1ca99988" />
    <UnitTestResult executionId="98e6224c-470e-4956-9961-62f666dd8d2f" testId="96a6c01b-7307-ab09-5ffb-857da77b8125" testName="TestIsCSharpKeyword(&quot;ref&quot;,True)" computerName="pkrvmfkh1xnbeme" duration="00:00:00.0003230" startTime="2025-07-09T18:53:52.9652477+00:00" endTime="2025-07-09T18:53:52.9655707+00:00" testType="13cdc9d9-ddb5-4fa4-a97d-d965ccfc6d4b" outcome="Passed" testListId="8c84fa94-04c1-424b-9868-57a2d4851a1d" relativeResultsDirectory="98e6224c-470e-4956-9961-62f666dd8d2f" />
    <UnitTestResult executionId="27ca7194-b9ef-4b9b-8407-41f0d09a5b2b" testId="d5e75387-5861-e45f-bd5e-55e1328985a3" testName="Obj_NotNull_ReturnsTrue" computerName="pkrvmfkh1xnbeme" duration="00:00:00.0001430" startTime="2025-07-09T18:53:52.3825997+00:00" endTime="2025-07-09T18:53:52.3827421+00:00" testType="13cdc9d9-ddb5-4fa4-a97d-d965ccfc6d4b" outcome="Passed" testListId="8c84fa94-04c1-424b-9868-57a2d4851a1d" relativeResultsDirectory="27ca7194-b9ef-4b9b-8407-41f0d09a5b2b" />
    <UnitTestResult executionId="e7939952-5586-477e-b610-f6d06c640f4d" testId="54646a39-c2a8-7dab-6bc2-8822d2e37c7a" testName="TestIsCSharpKeyword(&quot;in&quot;,True)" computerName="pkrvmfkh1xnbeme" duration="00:00:00.0003110" startTime="2025-07-09T18:53:52.9331433+00:00" endTime="2025-07-09T18:53:52.9334540+00:00" testType="13cdc9d9-ddb5-4fa4-a97d-d965ccfc6d4b" outcome="Passed" testListId="8c84fa94-04c1-424b-9868-57a2d4851a1d" relativeResultsDirectory="e7939952-5586-477e-b610-f6d06c640f4d" />
    <UnitTestResult executionId="b3f1535f-92f0-47e8-8ac7-c495d22a8515" testId="761e888f-aae6-3d89-0576-6d173465af03" testName="CSharpTypeOperatorTestNotEqual(int,bool)" computerName="pkrvmfkh1xnbeme" duration="00:00:00.0004380" startTime="2025-07-09T18:53:46.0743963+00:00" endTime="2025-07-09T18:53:46.0748342+00:00" testType="13cdc9d9-ddb5-4fa4-a97d-d965ccfc6d4b" outcome="Passed" testListId="8c84fa94-04c1-424b-9868-57a2d4851a1d" relativeResultsDirectory="b3f1535f-92f0-47e8-8ac7-c495d22a8515" />
    <UnitTestResult executionId="57737b01-5940-4c77-9854-49c56edd54f2" testId="8d8b4499-7d5a-f585-2c5d-08a09dc2d28e" testName="FullyQualifiedNamePopulatedForFrameworkTypes(System.Collections.Generic.IDictionary`2[System.Int32,System.Int32])" computerName="pkrvmfkh1xnbeme" duration="00:00:00.0001480" startTime="2025-07-09T18:53:46.9129661+00:00" endTime="2025-07-09T18:53:46.9131135+00:00" testType="13cdc9d9-ddb5-4fa4-a97d-d965ccfc6d4b" outcome="Passed" testListId="8c84fa94-04c1-424b-9868-57a2d4851a1d" relativeResultsDirectory="57737b01-5940-4c77-9854-49c56edd54f2" />
    <UnitTestResult executionId="5f2e079f-ba47-4edc-a1ee-6153abfb3827" testId="9f8beda9-9478-ee60-1af4-cbd90177d26b" testName="BaseHasFieldWhenPropertyIsNarrowed" computerName="pkrvmfkh1xnbeme" duration="00:00:00.0022180" startTime="2025-07-09T18:53:51.7801280+00:00" endTime="2025-07-09T18:53:51.7823458+00:00" testType="13cdc9d9-ddb5-4fa4-a97d-d965ccfc6d4b" outcome="Passed" testListId="8c84fa94-04c1-424b-9868-57a2d4851a1d" relativeResultsDirectory="5f2e079f-ba47-4edc-a1ee-6153abfb3827" />
    <UnitTestResult executionId="053b3a4f-2be0-4ad5-82c2-474d4972cbf2" testId="0da80a08-ca3c-7829-f6f5-00c58a9eeb90" testName="TestBuildAdditionalProperties(Microsoft.TypeSpec.Generator.Input.InputModelType,False,3)" computerName="pkrvmfkh1xnbeme" duration="00:00:00.0005900" startTime="2025-07-09T18:53:51.8126280+00:00" endTime="2025-07-09T18:53:51.8132179+00:00" testType="13cdc9d9-ddb5-4fa4-a97d-d965ccfc6d4b" outcome="Passed" testListId="8c84fa94-04c1-424b-9868-57a2d4851a1d" relativeResultsDirectory="053b3a4f-2be0-4ad5-82c2-474d4972cbf2" />
    <UnitTestResult executionId="91d3f359-9f3b-4b3b-9ebf-1c7391be142e" testId="a238520c-0691-f91c-9bea-8ed5e0feceeb" testName="TestToString(System.String,&quot;string&quot;)" computerName="pkrvmfkh1xnbeme" duration="00:00:00.0002170" startTime="2025-07-09T18:53:46.9522802+00:00" endTime="2025-07-09T18:53:46.9524974+00:00" testType="13cdc9d9-ddb5-4fa4-a97d-d965ccfc6d4b" outcome="Passed" testListId="8c84fa94-04c1-424b-9868-57a2d4851a1d" relativeResultsDirectory="91d3f359-9f3b-4b3b-9ebf-1c7391be142e" />
    <UnitTestResult executionId="5248687e-0a05-4c57-ad72-978f84c7b801" testId="17709349-ae15-d50f-ede0-4fa70e827d75" testName="TestNewInstanceExpression" computerName="pkrvmfkh1xnbeme" duration="00:00:00.0004820" startTime="2025-07-09T18:53:46.0054425+00:00" endTime="2025-07-09T18:53:46.0059247+00:00" testType="13cdc9d9-ddb5-4fa4-a97d-d965ccfc6d4b" outcome="Passed" testListId="8c84fa94-04c1-424b-9868-57a2d4851a1d" relativeResultsDirectory="5248687e-0a05-4c57-ad72-978f84c7b801" />
    <UnitTestResult executionId="321afd29-7f78-434c-b383-4f29100dd337" testId="2bf46f67-6735-8fe7-01a5-c799708dd839" testName="TestWriteArguments" computerName="pkrvmfkh1xnbeme" duration="00:00:00.0003170" startTime="2025-07-09T18:53:53.0177532+00:00" endTime="2025-07-09T18:53:53.0180698+00:00" testType="13cdc9d9-ddb5-4fa4-a97d-d965ccfc6d4b" outcome="Passed" testListId="8c84fa94-04c1-424b-9868-57a2d4851a1d" relativeResultsDirectory="321afd29-7f78-434c-b383-4f29100dd337" />
    <UnitTestResult executionId="d2de442d-fb22-48b2-8fad-63e4c0c60aeb" testId="757e6f2c-7e74-d8a0-5a5a-005c55559bcc" testName="TestBreakLines_MultipleLineBreaks" computerName="pkrvmfkh1xnbeme" duration="00:00:00.0000880" startTime="2025-07-09T18:53:52.8578576+00:00" endTime="2025-07-09T18:53:52.8579456+00:00" testType="13cdc9d9-ddb5-4fa4-a97d-d965ccfc6d4b" outcome="Passed" testListId="8c84fa94-04c1-424b-9868-57a2d4851a1d" relativeResultsDirectory="d2de442d-fb22-48b2-8fad-63e4c0c60aeb" />
    <UnitTestResult executionId="6cd14374-18bf-42bc-a905-cf168f15688f" testId="3f7b061b-9bd8-be66-3398-f580790975a1" testName="DoesNotRemoveValidUsings" computerName="pkrvmfkh1xnbeme" duration="00:00:00.0374570" startTime="2025-07-09T18:53:46.7613836+00:00" endTime="2025-07-09T18:53:46.7988403+00:00" testType="13cdc9d9-ddb5-4fa4-a97d-d965ccfc6d4b" outcome="Passed" testListId="8c84fa94-04c1-424b-9868-57a2d4851a1d" relativeResultsDirectory="6cd14374-18bf-42bc-a905-cf168f15688f" />
    <UnitTestResult executionId="cfdb3a6d-8881-49cb-8325-28ae1a8be087" testId="26c3acd7-4184-26e1-d7e3-91a6ca233acf" testName="TestIsCSharpKeyword(&quot;public&quot;,True)" computerName="pkrvmfkh1xnbeme" duration="00:00:00.0003050" startTime="2025-07-09T18:53:52.9646209+00:00" endTime="2025-07-09T18:53:52.9649254+00:00" testType="13cdc9d9-ddb5-4fa4-a97d-d965ccfc6d4b" outcome="Passed" testListId="8c84fa94-04c1-424b-9868-57a2d4851a1d" relativeResultsDirectory="cfdb3a6d-8881-49cb-8325-28ae1a8be087" />
    <UnitTestResult executionId="98db8ef1-b063-4c61-8b0c-d624419a5093" testId="b080ddbc-74ae-fb36-8466-9ecac9193025" testName="ListExpression(System.Collections.Generic.IDictionary`2[System.String,System.Int32])" computerName="pkrvmfkh1xnbeme" duration="00:00:00.0003430" startTime="2025-07-09T18:53:46.0554968+00:00" endTime="2025-07-09T18:53:46.0558400+00:00" testType="13cdc9d9-ddb5-4fa4-a97d-d965ccfc6d4b" outcome="Passed" testListId="8c84fa94-04c1-424b-9868-57a2d4851a1d" relativeResultsDirectory="98db8ef1-b063-4c61-8b0c-d624419a5093" />
    <UnitTestResult executionId="1954269e-aa68-4178-9bd6-8df84e4a715e" testId="bdb990f7-f868-3321-b44d-97f49c3f2f2d" testName="IsCollectionType(System.String[],False)" computerName="pkrvmfkh1xnbeme" duration="00:00:00.0003260" startTime="2025-07-09T18:53:46.9372714+00:00" endTime="2025-07-09T18:53:46.9375974+00:00" testType="13cdc9d9-ddb5-4fa4-a97d-d965ccfc6d4b" outcome="Passed" testListId="8c84fa94-04c1-424b-9868-57a2d4851a1d" relativeResultsDirectory="1954269e-aa68-4178-9bd6-8df84e4a715e" />
    <UnitTestResult executionId="6690184d-ecda-4a1f-9531-0e5a2971bc65" testId="7b78ffae-a6a9-ee3b-0943-f6470028f614" testName="IsList(System.Collections.Generic.IDictionary`2[TKey,TValue],False)" computerName="pkrvmfkh1xnbeme" duration="00:00:00.0003400" startTime="2025-07-09T18:53:46.9402564+00:00" endTime="2025-07-09T18:53:46.9405964+00:00" testType="13cdc9d9-ddb5-4fa4-a97d-d965ccfc6d4b" outcome="Passed" testListId="8c84fa94-04c1-424b-9868-57a2d4851a1d" relativeResultsDirectory="6690184d-ecda-4a1f-9531-0e5a2971bc65" />
    <UnitTestResult executionId="7cd39d3e-fd55-4ded-94a8-26385cc25fa1" testId="f84942d2-535b-3018-9a4e-000a5c0311ac" testName="TestIsCSharpKeyword(&quot;sbyte&quot;,True)" computerName="pkrvmfkh1xnbeme" duration="00:00:00.0003270" startTime="2025-07-09T18:53:52.9664177+00:00" endTime="2025-07-09T18:53:52.9667448+00:00" testType="13cdc9d9-ddb5-4fa4-a97d-d965ccfc6d4b" outcome="Passed" testListId="8c84fa94-04c1-424b-9868-57a2d4851a1d" relativeResultsDirectory="7cd39d3e-fd55-4ded-94a8-26385cc25fa1" />
    <UnitTestResult executionId="77729ddd-1067-4831-8bc2-b4501c20e4c0" testId="aadbf138-cb2d-aacd-56b6-6bc70de2458c" testName="AttributeStatementWithNamedArguments" computerName="pkrvmfkh1xnbeme" duration="00:00:00.0003270" startTime="2025-07-09T18:53:52.7966088+00:00" endTime="2025-07-09T18:53:52.7969357+00:00" testType="13cdc9d9-ddb5-4fa4-a97d-d965ccfc6d4b" outcome="Passed" testListId="8c84fa94-04c1-424b-9868-57a2d4851a1d" relativeResultsDirectory="77729ddd-1067-4831-8bc2-b4501c20e4c0" />
    <UnitTestResult executionId="5494b478-7ac2-4ea5-95aa-81aa14b7a60a" testId="fe8c4e40-243c-dad9-951e-88123b66df02" testName="HashCodesAreNotEqual(System.Collections.Generic.IList`1[T],System.Collections.Generic.IList`1[System.Int32])" computerName="pkrvmfkh1xnbeme" duration="00:00:00.0002990" startTime="2025-07-09T18:53:46.9338972+00:00" endTime="2025-07-09T18:53:46.9341962+00:00" testType="13cdc9d9-ddb5-4fa4-a97d-d965ccfc6d4b" outcome="Passed" testListId="8c84fa94-04c1-424b-9868-57a2d4851a1d" relativeResultsDirectory="5494b478-7ac2-4ea5-95aa-81aa14b7a60a" />
    <UnitTestResult executionId="05dca0ed-9dbc-4578-90ca-b4479c7f1274" testId="70714372-dd45-00e7-5cd7-f28250e592ca" testName="SystemTypeOperatorTestEqual(System.String)" computerName="pkrvmfkh1xnbeme" duration="00:00:00.0002280" startTime="2025-07-09T18:53:46.0778451+00:00" endTime="2025-07-09T18:53:46.0780728+00:00" testType="13cdc9d9-ddb5-4fa4-a97d-d965ccfc6d4b" outcome="Passed" testListId="8c84fa94-04c1-424b-9868-57a2d4851a1d" relativeResultsDirectory="05dca0ed-9dbc-4578-90ca-b4479c7f1274" />
    <UnitTestResult executionId="d93f0823-8f29-402f-8d9b-1a1632c08ad1" testId="033d4d5e-95f6-b1c3-e77b-5a087cc7f433" testName="TestInitialize" computerName="pkrvmfkh1xnbeme" duration="00:00:00.0077920" startTime="2025-07-09T18:53:43.6092086+00:00" endTime="2025-07-09T18:53:43.6170009+00:00" testType="13cdc9d9-ddb5-4fa4-a97d-d965ccfc6d4b" outcome="Passed" testListId="8c84fa94-04c1-424b-9868-57a2d4851a1d" relativeResultsDirectory="d93f0823-8f29-402f-8d9b-1a1632c08ad1" />
    <UnitTestResult executionId="79c757a9-adcd-4fb5-b601-1360fe0e36d0" testId="16d57f1c-05ad-2682-d96a-76fdbc5ac200" testName="CanUpdateForStatement" computerName="pkrvmfkh1xnbeme" duration="00:00:00.0010620" startTime="2025-07-09T18:53:52.8271856+00:00" endTime="2025-07-09T18:53:52.8282480+00:00" testType="13cdc9d9-ddb5-4fa4-a97d-d965ccfc6d4b" outcome="Passed" testListId="8c84fa94-04c1-424b-9868-57a2d4851a1d" relativeResultsDirectory="79c757a9-adcd-4fb5-b601-1360fe0e36d0" />
    <UnitTestResult executionId="9e0c405d-b426-4d57-b9d3-6429e43e0db2" testId="02dfa4b1-415b-f67b-9581-3ee214fdaf4e" testName="TestBreakLines_OneArgOnlyWithMixedCRLF" computerName="pkrvmfkh1xnbeme" duration="00:00:00.0000600" startTime="2025-07-09T18:53:52.8564385+00:00" endTime="2025-07-09T18:53:52.8564987+00:00" testType="13cdc9d9-ddb5-4fa4-a97d-d965ccfc6d4b" outcome="Passed" testListId="8c84fa94-04c1-424b-9868-57a2d4851a1d" relativeResultsDirectory="9e0c405d-b426-4d57-b9d3-6429e43e0db2" />
    <UnitTestResult executionId="10acde6b-988f-4857-a8fc-be77c22e99e3" testId="362568e4-a0ce-c0eb-049c-c36562ab7906" testName="TestBuildProperties_ValidateInheritHierarchyWithNew" computerName="pkrvmfkh1xnbeme" duration="00:00:00.0017580" startTime="2025-07-09T18:53:51.8288145+00:00" endTime="2025-07-09T18:53:51.8305724+00:00" testType="13cdc9d9-ddb5-4fa4-a97d-d965ccfc6d4b" outcome="Passed" testListId="8c84fa94-04c1-424b-9868-57a2d4851a1d" relativeResultsDirectory="10acde6b-988f-4857-a8fc-be77c22e99e3" />
    <UnitTestResult executionId="059a44a6-9e7e-4f08-9178-785d057ac5a3" testId="c78949e1-1970-ebda-ab9c-731ba033e64a" testName="TestBreakLines_RecursiveFormattableStrings" computerName="pkrvmfkh1xnbeme" duration="00:00:00.0000749" startTime="2025-07-09T18:53:52.8576749+00:00" endTime="2025-07-09T18:53:52.8577495+00:00" testType="13cdc9d9-ddb5-4fa4-a97d-d965ccfc6d4b" outcome="Passed" testListId="8c84fa94-04c1-424b-9868-57a2d4851a1d" relativeResultsDirectory="059a44a6-9e7e-4f08-9178-785d057ac5a3" />
    <UnitTestResult executionId="49fc6d2c-ebbf-4c58-9c31-76a767362490" testId="513b1e89-dfec-3248-0fba-6472ac1fefd2" testName="CollectionProperty(global::System.Collections.Generic.IDictionary&lt;string, int&gt;,Microsoft.TypeSpec.Generator.Input.InputModelProperty,global::System.Collections.Generic.IReadOnlyDictionary&lt;string, int&gt;)" computerName="pkrvmfkh1xnbeme" duration="00:00:00.0006240" startTime="2025-07-09T18:53:52.4204162+00:00" endTime="2025-07-09T18:53:52.4210399+00:00" testType="13cdc9d9-ddb5-4fa4-a97d-d965ccfc6d4b" outcome="Passed" testListId="8c84fa94-04c1-424b-9868-57a2d4851a1d" relativeResultsDirectory="49fc6d2c-ebbf-4c58-9c31-76a767362490" />
    <UnitTestResult executionId="b567aa80-14c7-45cc-9a08-020fbff139f3" testId="fadbdbac-e482-4c2f-a41c-8efb1b08e4bb" testName="TypesAreNotEqual(System.Int32,System.String)" computerName="pkrvmfkh1xnbeme" duration="00:00:00.0006089" startTime="2025-07-09T18:53:46.9560176+00:00" endTime="2025-07-09T18:53:46.9566262+00:00" testType="13cdc9d9-ddb5-4fa4-a97d-d965ccfc6d4b" outcome="Passed" testListId="8c84fa94-04c1-424b-9868-57a2d4851a1d" relativeResultsDirectory="b567aa80-14c7-45cc-9a08-020fbff139f3" />
    <UnitTestResult executionId="7c20cd1c-69ac-43cf-935f-b405d5726db5" testId="fac61793-0a59-5f51-54da-13b08eaee73e" testName="VerifyPropertyCanBeLoaded" computerName="pkrvmfkh1xnbeme" duration="00:00:00.0069130" startTime="2025-07-09T18:53:51.9433569+00:00" endTime="2025-07-09T18:53:51.9502700+00:00" testType="13cdc9d9-ddb5-4fa4-a97d-d965ccfc6d4b" outcome="Passed" testListId="8c84fa94-04c1-424b-9868-57a2d4851a1d" relativeResultsDirectory="7c20cd1c-69ac-43cf-935f-b405d5726db5" />
    <UnitTestResult executionId="f246e9e5-f9c4-420a-b722-7af401c0ac81" testId="ee189b7f-b48c-e861-72bf-b7f28dd5cf0b" testName="CorrectUsingIsAppliedForImplicitOperatorMethod" computerName="pkrvmfkh1xnbeme" duration="00:00:00.0087309" startTime="2025-07-09T18:53:47.2585628+00:00" endTime="2025-07-09T18:53:47.2672936+00:00" testType="13cdc9d9-ddb5-4fa4-a97d-d965ccfc6d4b" outcome="Passed" testListId="8c84fa94-04c1-424b-9868-57a2d4851a1d" relativeResultsDirectory="f246e9e5-f9c4-420a-b722-7af401c0ac81" />
    <UnitTestResult executionId="8357f986-8247-467f-a5cb-5268ab381e14" testId="a8756cb4-2eb1-60b3-ac3c-344dbcb8eada" testName="TestIsCSharpKeyword(&quot;namespace&quot;,True)" computerName="pkrvmfkh1xnbeme" duration="00:00:00.0236340" startTime="2025-07-09T18:53:52.9369927+00:00" endTime="2025-07-09T18:53:52.9606267+00:00" testType="13cdc9d9-ddb5-4fa4-a97d-d965ccfc6d4b" outcome="Passed" testListId="8c84fa94-04c1-424b-9868-57a2d4851a1d" relativeResultsDirectory="8357f986-8247-467f-a5cb-5268ab381e14" />
    <UnitTestResult executionId="b28d8033-88b2-4402-b1bf-af2259ea37fe" testId="907ea4bd-38f6-7f48-c9e6-1f394fd34443" testName="InitCtorShouldAssignBaseFieldDerivedRequired" computerName="pkrvmfkh1xnbeme" duration="00:00:00.0027100" startTime="2025-07-09T18:53:51.7926376+00:00" endTime="2025-07-09T18:53:51.7953478+00:00" testType="13cdc9d9-ddb5-4fa4-a97d-d965ccfc6d4b" outcome="Passed" testListId="8c84fa94-04c1-424b-9868-57a2d4851a1d" relativeResultsDirectory="b28d8033-88b2-4402-b1bf-af2259ea37fe" />
    <UnitTestResult executionId="04f61264-b041-43ab-aec1-655a158a6174" testId="6445d3d6-ffa3-2623-b9bf-ecec79bf0d48" testName="CanChangeAccessibility" computerName="pkrvmfkh1xnbeme" duration="00:00:00.0501860" startTime="2025-07-09T18:53:49.4224468+00:00" endTime="2025-07-09T18:53:49.4726324+00:00" testType="13cdc9d9-ddb5-4fa4-a97d-d965ccfc6d4b" outcome="Passed" testListId="8c84fa94-04c1-424b-9868-57a2d4851a1d" relativeResultsDirectory="04f61264-b041-43ab-aec1-655a158a6174" />
    <UnitTestResult executionId="f1a24ca0-ad39-4146-82a4-244171b401cc" testId="a5540c0f-f1fa-9e7d-2b05-d2d2c90fc688" testName="IsArray(System.Int32[],True)" computerName="pkrvmfkh1xnbeme" duration="00:00:00.0001030" startTime="2025-07-09T18:53:46.9366540+00:00" endTime="2025-07-09T18:53:46.9367572+00:00" testType="13cdc9d9-ddb5-4fa4-a97d-d965ccfc6d4b" outcome="Passed" testListId="8c84fa94-04c1-424b-9868-57a2d4851a1d" relativeResultsDirectory="f1a24ca0-ad39-4146-82a4-244171b401cc" />
    <UnitTestResult executionId="bfe0a3e5-ddf6-42f5-9030-f8900cfa1f83" testId="af243bb7-2497-e4e2-f004-65289b8ac189" testName="NotNull(&quot;test&quot;)" computerName="pkrvmfkh1xnbeme" duration="00:00:00.0002300" startTime="2025-07-09T18:53:46.9714975+00:00" endTime="2025-07-09T18:53:46.9717275+00:00" testType="13cdc9d9-ddb5-4fa4-a97d-d965ccfc6d4b" outcome="Passed" testListId="8c84fa94-04c1-424b-9868-57a2d4851a1d" relativeResultsDirectory="bfe0a3e5-ddf6-42f5-9030-f8900cfa1f83" />
    <UnitTestResult executionId="3e767d7f-b49c-4c17-8843-1abb1544a1ee" testId="2a974fab-ba67-ce97-7c56-448e81324bfb" testName="TestBreakLines_LineBreaksAtEndOfArgument" computerName="pkrvmfkh1xnbeme" duration="00:00:00.0000640" startTime="2025-07-09T18:53:52.8566623+00:00" endTime="2025-07-09T18:53:52.8567265+00:00" testType="13cdc9d9-ddb5-4fa4-a97d-d965ccfc6d4b" outcome="Passed" testListId="8c84fa94-04c1-424b-9868-57a2d4851a1d" relativeResultsDirectory="3e767d7f-b49c-4c17-8843-1abb1544a1ee" />
    <UnitTestResult executionId="c0f60a73-9885-4c4a-8420-b4622aa1f9cc" testId="852b3365-7284-16fe-f3df-952833d2b770" testName="TestIsCSharpKeyword(&quot;dynamic&quot;,False)" computerName="pkrvmfkh1xnbeme" duration="00:00:00.0005580" startTime="2025-07-09T18:53:52.9258353+00:00" endTime="2025-07-09T18:53:52.9263930+00:00" testType="13cdc9d9-ddb5-4fa4-a97d-d965ccfc6d4b" outcome="Passed" testListId="8c84fa94-04c1-424b-9868-57a2d4851a1d" relativeResultsDirectory="c0f60a73-9885-4c4a-8420-b4622aa1f9cc" />
    <UnitTestResult executionId="0a4c8c04-11ac-47c5-a64e-4d2fb6a29a79" testId="cfada09c-183a-4770-9bf9-ce63dabf4dcb" testName="ScopeStoredTwiceInMultipleBlock" computerName="pkrvmfkh1xnbeme" duration="00:00:00.0005019" startTime="2025-07-09T18:53:52.9897449+00:00" endTime="2025-07-09T18:53:52.9902465+00:00" testType="13cdc9d9-ddb5-4fa4-a97d-d965ccfc6d4b" outcome="Passed" testListId="8c84fa94-04c1-424b-9868-57a2d4851a1d" relativeResultsDirectory="0a4c8c04-11ac-47c5-a64e-4d2fb6a29a79" />
    <UnitTestResult executionId="b665e0d6-ad5e-48fe-aca2-02a9948bd6f3" testId="5d824b67-f14a-a3ef-6f6d-b5503b2915cc" testName="TestSwitchStatementWithMultipleCasesWrite" computerName="pkrvmfkh1xnbeme" duration="00:00:00.0015000" startTime="2025-07-09T18:53:52.8099228+00:00" endTime="2025-07-09T18:53:52.8114225+00:00" testType="13cdc9d9-ddb5-4fa4-a97d-d965ccfc6d4b" outcome="Passed" testListId="8c84fa94-04c1-424b-9868-57a2d4851a1d" relativeResultsDirectory="b665e0d6-ad5e-48fe-aca2-02a9948bd6f3" />
    <UnitTestResult executionId="b6804f8e-d137-4aaf-940d-7fb4fc1e1e43" testId="95ec9315-2124-92d2-df37-cd2df12d7f21" testName="TestIsCSharpKeyword(&quot;ushort&quot;,True)" computerName="pkrvmfkh1xnbeme" duration="00:00:00.0003020" startTime="2025-07-09T18:53:52.9750906+00:00" endTime="2025-07-09T18:53:52.9753923+00:00" testType="13cdc9d9-ddb5-4fa4-a97d-d965ccfc6d4b" outcome="Passed" testListId="8c84fa94-04c1-424b-9868-57a2d4851a1d" relativeResultsDirectory="b6804f8e-d137-4aaf-940d-7fb4fc1e1e43" />
    <UnitTestResult executionId="ed981d2b-b98a-4c37-a86a-a87876a10902" testId="753f3254-0639-2ca8-0747-eb1ca24362bb" testName="TypesAreEqualForGenericTypes(System.Collections.Generic.IReadOnlyDictionary`2[TKey,TValue],[System.String, System.Int32])" computerName="pkrvmfkh1xnbeme" duration="00:00:00.0001450" startTime="2025-07-09T18:53:46.9556469+00:00" endTime="2025-07-09T18:53:46.9557914+00:00" testType="13cdc9d9-ddb5-4fa4-a97d-d965ccfc6d4b" outcome="Passed" testListId="8c84fa94-04c1-424b-9868-57a2d4851a1d" relativeResultsDirectory="ed981d2b-b98a-4c37-a86a-a87876a10902" />
    <UnitTestResult executionId="f807679c-627c-48f1-9700-4ee9e1203388" testId="bc057fca-fb18-c66b-7400-9f93d27e65bd" testName="TypesAreEqual(System.Collections.Generic.IDictionary`2[System.Int32,System.Int32])" computerName="pkrvmfkh1xnbeme" duration="00:00:00.0001020" startTime="2025-07-09T18:53:46.9533382+00:00" endTime="2025-07-09T18:53:46.9534404+00:00" testType="13cdc9d9-ddb5-4fa4-a97d-d965ccfc6d4b" outcome="Passed" testListId="8c84fa94-04c1-424b-9868-57a2d4851a1d" relativeResultsDirectory="f807679c-627c-48f1-9700-4ee9e1203388" />
    <UnitTestResult executionId="8e98f896-2eaf-4334-938c-c9a5f2a5af57" testId="0ef1efdb-8db0-5aec-eb35-571c55712401" testName="Nullable_NoValue_ReturnsFalse" computerName="pkrvmfkh1xnbeme" duration="00:00:00.0001270" startTime="2025-07-09T18:53:52.3824588+00:00" endTime="2025-07-09T18:53:52.3825858+00:00" testType="13cdc9d9-ddb5-4fa4-a97d-d965ccfc6d4b" outcome="Passed" testListId="8c84fa94-04c1-424b-9868-57a2d4851a1d" relativeResultsDirectory="8e98f896-2eaf-4334-938c-c9a5f2a5af57" />
    <UnitTestResult executionId="64ea498c-83be-4a18-924a-c0c84451fc1f" testId="185dbb4d-75ae-8bb0-5710-325836db379a" testName="CanRemoveProperty" computerName="pkrvmfkh1xnbeme" duration="00:00:00.1153650" startTime="2025-07-09T18:53:50.9208946+00:00" endTime="2025-07-09T18:53:51.0362590+00:00" testType="13cdc9d9-ddb5-4fa4-a97d-d965ccfc6d4b" outcome="Passed" testListId="8c84fa94-04c1-424b-9868-57a2d4851a1d" relativeResultsDirectory="64ea498c-83be-4a18-924a-c0c84451fc1f" />
    <UnitTestResult executionId="b51a3bd5-2246-4242-8de7-b31b55c8f796" testId="5c6aca6c-7764-085c-17f7-a78d3193dc56" testName="GetGenericTypeDefinition(System.Collections.Generic.KeyValuePair`2[System.Int32,System.String],System.Collections.Generic.KeyValuePair`2[TKey,TValue],False)" computerName="pkrvmfkh1xnbeme" duration="00:00:00.0001610" startTime="2025-07-09T18:53:46.9293041+00:00" endTime="2025-07-09T18:53:46.9294651+00:00" testType="13cdc9d9-ddb5-4fa4-a97d-d965ccfc6d4b" outcome="Passed" testListId="8c84fa94-04c1-424b-9868-57a2d4851a1d" relativeResultsDirectory="b51a3bd5-2246-4242-8de7-b31b55c8f796" />
    <UnitTestResult executionId="4efc7473-c7e1-4611-b33e-c52cb8772188" testId="6540102f-53e3-717e-261b-01f05cff9c00" testName="ValidateAttributes" computerName="pkrvmfkh1xnbeme" duration="00:00:00.0014470" startTime="2025-07-09T18:53:52.4276861+00:00" endTime="2025-07-09T18:53:52.4291330+00:00" testType="13cdc9d9-ddb5-4fa4-a97d-d965ccfc6d4b" outcome="Passed" testListId="8c84fa94-04c1-424b-9868-57a2d4851a1d" relativeResultsDirectory="4efc7473-c7e1-4611-b33e-c52cb8772188" />
    <UnitTestResult executionId="44e95d47-7c12-482f-abd6-05f61f58e0a6" testId="d8820f6c-b583-54f8-a42b-8e0896c5d242" testName="ValidateParameters(System.Boolean,ScopedApi { Original = KeywordExpression { Keyword = false, Expression =  }, Type = bool })" computerName="pkrvmfkh1xnbeme" duration="00:00:00.0108990" startTime="2025-07-09T18:53:52.0472392+00:00" endTime="2025-07-09T18:53:52.0581384+00:00" testType="13cdc9d9-ddb5-4fa4-a97d-d965ccfc6d4b" outcome="Passed" testListId="8c84fa94-04c1-424b-9868-57a2d4851a1d" relativeResultsDirectory="44e95d47-7c12-482f-abd6-05f61f58e0a6" />
    <UnitTestResult executionId="9b66027e-9ed8-4f0f-a78e-1f399604ba16" testId="02b2ecf0-344b-f2d8-9989-75e3a6ad38f1" testName="PropertyInitializationType_List(System.Collections.Generic.IList`1[T])" computerName="pkrvmfkh1xnbeme" duration="00:00:00.0002470" startTime="2025-07-09T18:53:46.9511451+00:00" endTime="2025-07-09T18:53:46.9513919+00:00" testType="13cdc9d9-ddb5-4fa4-a97d-d965ccfc6d4b" outcome="Passed" testListId="8c84fa94-04c1-424b-9868-57a2d4851a1d" relativeResultsDirectory="9b66027e-9ed8-4f0f-a78e-1f399604ba16" />
    <UnitTestResult executionId="52d8963d-3a52-4e1f-aea4-beba47316aa1" testId="e678aa05-b6ee-1d32-a4ac-844b80c01900" testName="CreateForStatement" computerName="pkrvmfkh1xnbeme" duration="00:00:00.0005830" startTime="2025-07-09T18:53:52.7999774+00:00" endTime="2025-07-09T18:53:52.8005601+00:00" testType="13cdc9d9-ddb5-4fa4-a97d-d965ccfc6d4b" outcome="Passed" testListId="8c84fa94-04c1-424b-9868-57a2d4851a1d" relativeResultsDirectory="52d8963d-3a52-4e1f-aea4-beba47316aa1" />
    <UnitTestResult executionId="ee41cdcd-3212-4058-81cd-cc77a554f412" testId="98e6239d-900e-ef9b-d147-c65df38299e5" testName="TestIsCSharpKeyword(&quot;add&quot;,True)" computerName="pkrvmfkh1xnbeme" duration="00:00:00.0007220" startTime="2025-07-09T18:53:52.9166105+00:00" endTime="2025-07-09T18:53:52.9173320+00:00" testType="13cdc9d9-ddb5-4fa4-a97d-d965ccfc6d4b" outcome="Passed" testListId="8c84fa94-04c1-424b-9868-57a2d4851a1d" relativeResultsDirectory="ee41cdcd-3212-4058-81cd-cc77a554f412" />
    <UnitTestResult executionId="dfb58858-4b4e-43c5-aedc-284d2e44ae2e" testId="375da16e-ebee-ecc7-797b-929b41394d34" testName="BodyHasSetterValidation(&quot;requiredIntOnInputModel&quot;,Microsoft.TypeSpec.Generator.Input.InputModelType,False,null)" computerName="pkrvmfkh1xnbeme" duration="00:00:00.0005509" startTime="2025-07-09T18:53:52.4076330+00:00" endTime="2025-07-09T18:53:52.4081837+00:00" testType="13cdc9d9-ddb5-4fa4-a97d-d965ccfc6d4b" outcome="Passed" testListId="8c84fa94-04c1-424b-9868-57a2d4851a1d" relativeResultsDirectory="dfb58858-4b4e-43c5-aedc-284d2e44ae2e" />
    <UnitTestResult executionId="7db5c226-453d-4d61-a90b-d7a059f0830b" testId="e9f10229-8baf-8511-aaf1-898413fde524" testName="TypesAreNotEqual(System.Tuple`1[T1],System.Tuple`2[T1,T2])" computerName="pkrvmfkh1xnbeme" duration="00:00:00.0002790" startTime="2025-07-09T18:53:46.9614333+00:00" endTime="2025-07-09T18:53:46.9617122+00:00" testType="13cdc9d9-ddb5-4fa4-a97d-d965ccfc6d4b" outcome="Passed" testListId="8c84fa94-04c1-424b-9868-57a2d4851a1d" relativeResultsDirectory="7db5c226-453d-4d61-a90b-d7a059f0830b" />
    <UnitTestResult executionId="ec74bf94-7bf0-4a8b-af45-3ff3d8e6ce14" testId="dd87ee55-be86-4561-2c78-31eae9576adb" testName="TestIsCSharpKeyword(&quot;params&quot;,True)" computerName="pkrvmfkh1xnbeme" duration="00:00:00.0003289" startTime="2025-07-09T18:53:52.9633238+00:00" endTime="2025-07-09T18:53:52.9636531+00:00" testType="13cdc9d9-ddb5-4fa4-a97d-d965ccfc6d4b" outcome="Passed" testListId="8c84fa94-04c1-424b-9868-57a2d4851a1d" relativeResultsDirectory="ec74bf94-7bf0-4a8b-af45-3ff3d8e6ce14" />
    <UnitTestResult executionId="561ce00c-2ecb-4b03-95cb-dec06c3c67e9" testId="baa2ee8d-7419-884e-fbda-a4096ed36542" testName="ValidateNullableTypes(System.Int32,[],False)" computerName="pkrvmfkh1xnbeme" duration="00:00:00.0002190" startTime="2025-07-09T18:53:46.9668693+00:00" endTime="2025-07-09T18:53:46.9670880+00:00" testType="13cdc9d9-ddb5-4fa4-a97d-d965ccfc6d4b" outcome="Passed" testListId="8c84fa94-04c1-424b-9868-57a2d4851a1d" relativeResultsDirectory="561ce00c-2ecb-4b03-95cb-dec06c3c67e9" />
    <UnitTestResult executionId="3ea06201-e409-4222-8459-07e5efdb2513" testId="b925c03c-3e11-1e83-cdd0-43a44262035e" testName="TestDoWhileStatement" computerName="pkrvmfkh1xnbeme" duration="00:00:00.0006620" startTime="2025-07-09T18:53:52.8073883+00:00" endTime="2025-07-09T18:53:52.8080505+00:00" testType="13cdc9d9-ddb5-4fa4-a97d-d965ccfc6d4b" outcome="Passed" testListId="8c84fa94-04c1-424b-9868-57a2d4851a1d" relativeResultsDirectory="3ea06201-e409-4222-8459-07e5efdb2513" />
    <UnitTestResult executionId="1fcb91b5-cd15-40c9-ad54-22c7c6ec3fe5" testId="0a898da9-dffd-95c1-e7c6-9b21510a6c07" testName="IfElseStatementWithIfAndElse" computerName="pkrvmfkh1xnbeme" duration="00:00:00.0003070" startTime="2025-07-09T18:53:52.8033339+00:00" endTime="2025-07-09T18:53:52.8036404+00:00" testType="13cdc9d9-ddb5-4fa4-a97d-d965ccfc6d4b" outcome="Passed" testListId="8c84fa94-04c1-424b-9868-57a2d4851a1d" relativeResultsDirectory="1fcb91b5-cd15-40c9-ad54-22c7c6ec3fe5" />
    <UnitTestResult executionId="797da90a-e5f1-4ac6-ad06-6874382d4fa9" testId="4b0495f2-4b55-bc93-8a31-4245199393b9" testName="ValidateGetFormattableStringFormatParts(&quot;This {0} has literal }}&quot;,[Part { Value = This , IsLiteral = True, ArgumentIndex = -1 }, Part { Value = 0, IsLiteral = False, ArgumentIndex = 0 }, Part { Value =  has literal }, IsLiteral = True, ArgumentIndex = -1 }])" computerName="pkrvmfkh1xnbeme" duration="00:00:00.0001020" startTime="2025-07-09T18:53:52.9835774+00:00" endTime="2025-07-09T18:53:52.9836790+00:00" testType="13cdc9d9-ddb5-4fa4-a97d-d965ccfc6d4b" outcome="Passed" testListId="8c84fa94-04c1-424b-9868-57a2d4851a1d" relativeResultsDirectory="797da90a-e5f1-4ac6-ad06-6874382d4fa9" />
    <UnitTestResult executionId="6dc4eaed-a26b-487a-99e0-16bc9c943e5b" testId="42ffd2ee-9394-da38-d190-db8c81cb9215" testName="HashCodesAreEqual(System.Collections.Generic.IList`1[System.Int32])" computerName="pkrvmfkh1xnbeme" duration="00:00:00.0001370" startTime="2025-07-09T18:53:46.9305675+00:00" endTime="2025-07-09T18:53:46.9307044+00:00" testType="13cdc9d9-ddb5-4fa4-a97d-d965ccfc6d4b" outcome="Passed" testListId="8c84fa94-04c1-424b-9868-57a2d4851a1d" relativeResultsDirectory="6dc4eaed-a26b-487a-99e0-16bc9c943e5b" />
    <UnitTestResult executionId="58fb9b8f-1f01-4c83-bd16-64c045fdc2be" testId="c91f2bb4-bfe2-3d5a-2d96-cf75d7c69cd6" testName="TestIsCSharpKeyword(&quot;new&quot;,True)" computerName="pkrvmfkh1xnbeme" duration="00:00:00.0003210" startTime="2025-07-09T18:53:52.9606493+00:00" endTime="2025-07-09T18:53:52.9609704+00:00" testType="13cdc9d9-ddb5-4fa4-a97d-d965ccfc6d4b" outcome="Passed" testListId="8c84fa94-04c1-424b-9868-57a2d4851a1d" relativeResultsDirectory="58fb9b8f-1f01-4c83-bd16-64c045fdc2be" />
    <UnitTestResult executionId="cea935b9-3d43-4bed-a5c2-e14327e8347c" testId="7aff9321-daf7-b692-cf25-44ce506ab0ca" testName="TestDebug()" computerName="pkrvmfkh1xnbeme" duration="00:00:00.0128710" startTime="2025-07-09T18:53:45.9710408+00:00" endTime="2025-07-09T18:53:45.9839116+00:00" testType="13cdc9d9-ddb5-4fa4-a97d-d965ccfc6d4b" outcome="Passed" testListId="8c84fa94-04c1-424b-9868-57a2d4851a1d" relativeResultsDirectory="cea935b9-3d43-4bed-a5c2-e14327e8347c" />
    <UnitTestResult executionId="a03e4d85-13b4-4f6d-bd59-3cfb07dbd006" testId="0b61410d-7c21-eb75-e03e-b626691120bc" testName="ValidatePropertyTypes(Microsoft.TypeSpec.Generator.Tests.Providers.NamedTypeSymbolProviders.NamedTypeSymbolProviderTests+SomeEnum,True)" computerName="pkrvmfkh1xnbeme" duration="00:00:00.0081030" startTime="2025-07-09T18:53:52.2557499+00:00" endTime="2025-07-09T18:53:52.2638530+00:00" testType="13cdc9d9-ddb5-4fa4-a97d-d965ccfc6d4b" outcome="Passed" testListId="8c84fa94-04c1-424b-9868-57a2d4851a1d" relativeResultsDirectory="a03e4d85-13b4-4f6d-bd59-3cfb07dbd006" />
    <UnitTestResult executionId="51dc54c5-884f-4c3e-8506-5afc3015b189" testId="a60ad471-5145-4543-967b-f726d62bddba" testName="TypeOfStatement(System.Collections.Generic.Dictionary`2[System.String,System.Int32],&quot;typeof(global::System.Collections.Generic.Dictionary&lt;string, int&gt;)&quot;)" computerName="pkrvmfkh1xnbeme" duration="00:00:00.0001910" startTime="2025-07-09T18:53:46.0718801+00:00" endTime="2025-07-09T18:53:46.0720709+00:00" testType="13cdc9d9-ddb5-4fa4-a97d-d965ccfc6d4b" outcome="Passed" testListId="8c84fa94-04c1-424b-9868-57a2d4851a1d" relativeResultsDirectory="51dc54c5-884f-4c3e-8506-5afc3015b189" />
    <UnitTestResult executionId="a9bd83ca-dad1-4877-95b0-8026d6fce9be" testId="9ed569d3-b1bc-6948-f927-e67b03ca5920" testName="BaseShouldBeAbstract(Microsoft.TypeSpec.Generator.Input.InputModelType,&quot;/// &lt;summary&gt;\n/// animal description\n/// Please note this is the abstract base class. The derived classes available for instantiation are: &lt;see cref=\&quot;Dinosaur\&quot;/&gt;.\n/// &lt;/summary&gt;\n&quot;)" computerName="pkrvmfkh1xnbeme" duration="00:00:00.0006200" startTime="2025-07-09T18:53:49.1831119+00:00" endTime="2025-07-09T18:53:49.1837317+00:00" testType="13cdc9d9-ddb5-4fa4-a97d-d965ccfc6d4b" outcome="Passed" testListId="8c84fa94-04c1-424b-9868-57a2d4851a1d" relativeResultsDirectory="a9bd83ca-dad1-4877-95b0-8026d6fce9be" />
    <UnitTestResult executionId="3767df91-3631-4806-9816-62d96ea396f9" testId="a3671b25-e736-7625-0c73-c0aba38c6de3" testName="AdditionalPropertiesParamShape" computerName="pkrvmfkh1xnbeme" duration="00:00:00.0211950" startTime="2025-07-09T18:53:48.3272991+00:00" endTime="2025-07-09T18:53:48.3484944+00:00" testType="13cdc9d9-ddb5-4fa4-a97d-d965ccfc6d4b" outcome="Passed" testListId="8c84fa94-04c1-424b-9868-57a2d4851a1d" relativeResultsDirectory="3767df91-3631-4806-9816-62d96ea396f9" />
    <UnitTestResult executionId="09059336-2bba-4302-967d-f9f8667873a7" testId="49800c27-39bc-20f4-fbcf-393ddfc11db8" testName="EnumerableFormatInFormat" computerName="pkrvmfkh1xnbeme" duration="00:00:00.0018000" startTime="2025-07-09T18:53:53.0119253+00:00" endTime="2025-07-09T18:53:53.0137250+00:00" testType="13cdc9d9-ddb5-4fa4-a97d-d965ccfc6d4b" outcome="Passed" testListId="8c84fa94-04c1-424b-9868-57a2d4851a1d" relativeResultsDirectory="09059336-2bba-4302-967d-f9f8667873a7" />
    <UnitTestResult executionId="a6b08f90-02ae-408f-8286-d4244ffd25af" testId="473af683-fbb7-769a-d5dc-655d5c483f51" testName="SystemTypeOperatorTestEqual(System.Collections.Generic.IDictionary`2[TKey,TValue])" computerName="pkrvmfkh1xnbeme" duration="00:00:00.0002999" startTime="2025-07-09T18:53:46.0789926+00:00" endTime="2025-07-09T18:53:46.0792929+00:00" testType="13cdc9d9-ddb5-4fa4-a97d-d965ccfc6d4b" outcome="Passed" testListId="8c84fa94-04c1-424b-9868-57a2d4851a1d" relativeResultsDirectory="a6b08f90-02ae-408f-8286-d4244ffd25af" />
    <UnitTestResult executionId="e86df4ab-f0b3-47ab-9f7c-22be856123d5" testId="8663a06c-e6d1-9c91-f350-300011ab6250" testName="NonFrameworkTypeEqualsEquivalentFrameworkType(System.Collections.Generic.IDictionary`2[System.Int32,System.String])" computerName="pkrvmfkh1xnbeme" duration="00:00:00.0002730" startTime="2025-07-09T18:53:46.9465134+00:00" endTime="2025-07-09T18:53:46.9467866+00:00" testType="13cdc9d9-ddb5-4fa4-a97d-d965ccfc6d4b" outcome="Passed" testListId="8c84fa94-04c1-424b-9868-57a2d4851a1d" relativeResultsDirectory="e86df4ab-f0b3-47ab-9f7c-22be856123d5" />
    <UnitTestResult executionId="77e543f2-afa6-4404-99ca-c6dd643f5427" testId="bda75a14-e3da-e4ed-22ed-7b7f1b3c3dc7" testName="TestCancellationToken" computerName="pkrvmfkh1xnbeme" duration="00:00:00.0007440" startTime="2025-07-09T18:53:46.9697568+00:00" endTime="2025-07-09T18:53:46.9705008+00:00" testType="13cdc9d9-ddb5-4fa4-a97d-d965ccfc6d4b" outcome="Passed" testListId="8c84fa94-04c1-424b-9868-57a2d4851a1d" relativeResultsDirectory="77e543f2-afa6-4404-99ca-c6dd643f5427" />
    <UnitTestResult executionId="31901603-7f4a-45dc-8eaa-abea1a7f8fa7" testId="70673848-d263-54b7-60e9-b610268cc307" testName="BaseDoesNotHaveDiscriminatorField" computerName="pkrvmfkh1xnbeme" duration="00:00:00.0034800" startTime="2025-07-09T18:53:49.1755762+00:00" endTime="2025-07-09T18:53:49.1790566+00:00" testType="13cdc9d9-ddb5-4fa4-a97d-d965ccfc6d4b" outcome="Passed" testListId="8c84fa94-04c1-424b-9868-57a2d4851a1d" relativeResultsDirectory="31901603-7f4a-45dc-8eaa-abea1a7f8fa7" />
    <UnitTestResult executionId="d70c6c02-941a-4c86-b267-92d091c06cc3" testId="502b7805-573f-098c-a1ea-7183f9d6a96e" testName="TryStatementWithOneLineBody" computerName="pkrvmfkh1xnbeme" duration="00:00:00.0001780" startTime="2025-07-09T18:53:52.8191250+00:00" endTime="2025-07-09T18:53:52.8193030+00:00" testType="13cdc9d9-ddb5-4fa4-a97d-d965ccfc6d4b" outcome="Passed" testListId="8c84fa94-04c1-424b-9868-57a2d4851a1d" relativeResultsDirectory="d70c6c02-941a-4c86-b267-92d091c06cc3" />
    <UnitTestResult executionId="566baf63-e58f-4280-8682-0ba6ed9b0f39" testId="a83e1891-87fa-9bd7-022f-4671d75b6092" testName="NonFrameworkTypeEqualsEquivalentFrameworkType(System.Int32[])" computerName="pkrvmfkh1xnbeme" duration="00:00:00.0000950" startTime="2025-07-09T18:53:46.9463301+00:00" endTime="2025-07-09T18:53:46.9464252+00:00" testType="13cdc9d9-ddb5-4fa4-a97d-d965ccfc6d4b" outcome="Passed" testListId="8c84fa94-04c1-424b-9868-57a2d4851a1d" relativeResultsDirectory="566baf63-e58f-4280-8682-0ba6ed9b0f39" />
    <UnitTestResult executionId="e11a0fb3-438b-4277-93b5-07f60987b061" testId="fd8b3364-50f5-7130-781e-8e24e19fa407" testName="FullyQualifiedNamePopulatedForFrameworkTypes(System.Collections.Generic.IList`1[T])" computerName="pkrvmfkh1xnbeme" duration="00:00:00.0003520" startTime="2025-07-09T18:53:46.9122206+00:00" endTime="2025-07-09T18:53:46.9125728+00:00" testType="13cdc9d9-ddb5-4fa4-a97d-d965ccfc6d4b" outcome="Passed" testListId="8c84fa94-04c1-424b-9868-57a2d4851a1d" relativeResultsDirectory="e11a0fb3-438b-4277-93b5-07f60987b061" />
    <UnitTestResult executionId="f6abfa07-9a8c-41d5-a7db-360c2a660981" testId="8fac75ec-d821-801f-fb9e-0009c6ac0a62" testName="CanCustomizeModelFullConstructor(True)" computerName="pkrvmfkh1xnbeme" duration="00:00:00.2144600" startTime="2025-07-09T18:53:47.5247436+00:00" endTime="2025-07-09T18:53:47.7392025+00:00" testType="13cdc9d9-ddb5-4fa4-a97d-d965ccfc6d4b" outcome="Passed" testListId="8c84fa94-04c1-424b-9868-57a2d4851a1d" relativeResultsDirectory="f6abfa07-9a8c-41d5-a7db-360c2a660981" />
    <UnitTestResult executionId="70e79bb5-08e3-4ca2-89ea-2bcf6fbe4845" testId="56f1303c-bd77-d411-6f2f-5d70cb38dc56" testName="SystemTypeOperatorTestNotEqual(System.Collections.Generic.IList`1[System.Int32],System.Collections.Generic.IList`1[System.String])" computerName="pkrvmfkh1xnbeme" duration="00:00:00.0003050" startTime="2025-07-09T18:53:46.0827302+00:00" endTime="2025-07-09T18:53:46.0830347+00:00" testType="13cdc9d9-ddb5-4fa4-a97d-d965ccfc6d4b" outcome="Passed" testListId="8c84fa94-04c1-424b-9868-57a2d4851a1d" relativeResultsDirectory="70e79bb5-08e3-4ca2-89ea-2bcf6fbe4845" />
    <UnitTestResult executionId="53ea973c-4340-442e-aa56-bfe8ca6f6531" testId="b3d3b2e9-ab1d-fc48-4579-5f1be78ecdc1" testName="NoEmptySummary" computerName="pkrvmfkh1xnbeme" duration="00:00:00.0002420" startTime="2025-07-09T18:53:53.0149423+00:00" endTime="2025-07-09T18:53:53.0151841+00:00" testType="13cdc9d9-ddb5-4fa4-a97d-d965ccfc6d4b" outcome="Passed" testListId="8c84fa94-04c1-424b-9868-57a2d4851a1d" relativeResultsDirectory="53ea973c-4340-442e-aa56-bfe8ca6f6531" />
  </Results>
  <TestDefinitions>
    <UnitTest name="NotEqualToFrameworkType(System.Collections.Generic.IList`1[T],System.Int32)" storage="/home/runner/work/typespec/typespec/packages/http-client-csharp/generator/artifacts/bin/microsoft.typespec.generator.tests/debug/net8.0/microsoft.typespec.generator.tests.dll" id="086cdbc8-f4dc-63d0-e491-6978aab04bd3">
      <Execution id="c5a916b3-52c9-492d-b8ab-1f2f1b2d4d7c" />
      <TestMethod codeBase="/home/runner/work/typespec/typespec/packages/http-client-csharp/generator/artifacts/bin/Microsoft.TypeSpec.Generator.Tests/Debug/net8.0/Microsoft.TypeSpec.Generator.Tests.dll" adapterTypeName="executor://nunit3testexecutor/" className="Microsoft.TypeSpec.Generator.Tests.Primitives.CSharpTypeTests" name="NotEqualToFrameworkType(System.Collections.Generic.IList`1[T],System.Int32)" />
    </UnitTest>
    <UnitTest name="BuildEnumType_ValidateFloatBasedExtensibleEnum()" storage="/home/runner/work/typespec/typespec/packages/http-client-csharp/generator/artifacts/bin/microsoft.typespec.generator.tests/debug/net8.0/microsoft.typespec.generator.tests.dll" id="2232bf9a-59eb-5452-bf1a-81958d9f43ed">
      <Execution id="c5a47f0f-c97f-4c02-a519-db4a3bb3abe8" />
      <TestMethod codeBase="/home/runner/work/typespec/typespec/packages/http-client-csharp/generator/artifacts/bin/Microsoft.TypeSpec.Generator.Tests/Debug/net8.0/Microsoft.TypeSpec.Generator.Tests.dll" adapterTypeName="executor://nunit3testexecutor/" className="Microsoft.TypeSpec.Generator.Tests.Providers.EnumProviderTests" name="BuildEnumType_ValidateFloatBasedExtensibleEnum()" />
    </UnitTest>
    <UnitTest name="CanUpdateIfElseStatement" storage="/home/runner/work/typespec/typespec/packages/http-client-csharp/generator/artifacts/bin/microsoft.typespec.generator.tests/debug/net8.0/microsoft.typespec.generator.tests.dll" id="b4c4f3da-9e88-35cf-efa9-ad93d58c250a">
      <Execution id="81b8303f-c99e-4adf-a9e0-22f3759ad5fa" />
      <TestMethod codeBase="/home/runner/work/typespec/typespec/packages/http-client-csharp/generator/artifacts/bin/Microsoft.TypeSpec.Generator.Tests/Debug/net8.0/Microsoft.TypeSpec.Generator.Tests.dll" adapterTypeName="executor://nunit3testexecutor/" className="Microsoft.TypeSpec.Generator.Tests.Statements.StatementVisitorTests" name="CanUpdateIfElseStatement" />
    </UnitTest>
    <UnitTest name="CodeWriter_WriteProperty_MethodPropertyBody" storage="/home/runner/work/typespec/typespec/packages/http-client-csharp/generator/artifacts/bin/microsoft.typespec.generator.tests/debug/net8.0/microsoft.typespec.generator.tests.dll" id="e2910d93-3de2-05e5-781b-94402e2af719">
      <Execution id="ce13268f-5633-487b-b729-0e4216f96632" />
      <TestMethod codeBase="/home/runner/work/typespec/typespec/packages/http-client-csharp/generator/artifacts/bin/Microsoft.TypeSpec.Generator.Tests/Debug/net8.0/Microsoft.TypeSpec.Generator.Tests.dll" adapterTypeName="executor://nunit3testexecutor/" className="Microsoft.TypeSpec.Generator.Tests.Writers.CodeWriterTests" name="CodeWriter_WriteProperty_MethodPropertyBody" />
    </UnitTest>
    <UnitTest name="TestBreakLines_AllLiteralsNoArgsWithMixedCRLF" storage="/home/runner/work/typespec/typespec/packages/http-client-csharp/generator/artifacts/bin/microsoft.typespec.generator.tests/debug/net8.0/microsoft.typespec.generator.tests.dll" id="a3f851c8-9a0d-02ea-6b79-be0a84771d5e">
      <Execution id="2954943f-b086-434b-9ff3-5f35ec3bf7e9" />
      <TestMethod codeBase="/home/runner/work/typespec/typespec/packages/http-client-csharp/generator/artifacts/bin/Microsoft.TypeSpec.Generator.Tests/Debug/net8.0/Microsoft.TypeSpec.Generator.Tests.dll" adapterTypeName="executor://nunit3testexecutor/" className="Microsoft.TypeSpec.Generator.Tests.Utilities.FormattableStringHelpersTests" name="TestBreakLines_AllLiteralsNoArgsWithMixedCRLF" />
    </UnitTest>
    <UnitTest name="TestIsCSharpKeyword(&quot;bool&quot;,True)" storage="/home/runner/work/typespec/typespec/packages/http-client-csharp/generator/artifacts/bin/microsoft.typespec.generator.tests/debug/net8.0/microsoft.typespec.generator.tests.dll" id="3fd2378d-2fdc-6393-d094-32038415f145">
      <Execution id="56cc25ed-889e-44e8-b055-efdc7d495cd1" />
      <TestMethod codeBase="/home/runner/work/typespec/typespec/packages/http-client-csharp/generator/artifacts/bin/Microsoft.TypeSpec.Generator.Tests/Debug/net8.0/Microsoft.TypeSpec.Generator.Tests.dll" adapterTypeName="executor://nunit3testexecutor/" className="Microsoft.TypeSpec.Generator.Tests.Utilities.StringExtensionsTests" name="TestIsCSharpKeyword(&quot;bool&quot;,True)" />
    </UnitTest>
    <UnitTest name="DerivedPublicCtorShouldSetDiscriminator" storage="/home/runner/work/typespec/typespec/packages/http-client-csharp/generator/artifacts/bin/microsoft.typespec.generator.tests/debug/net8.0/microsoft.typespec.generator.tests.dll" id="7a445a81-f4ec-22c7-8ca5-d27f5cfca804">
      <Execution id="1bfc522a-29a1-4c49-a910-7318779a42b1" />
      <TestMethod codeBase="/home/runner/work/typespec/typespec/packages/http-client-csharp/generator/artifacts/bin/Microsoft.TypeSpec.Generator.Tests/Debug/net8.0/Microsoft.TypeSpec.Generator.Tests.dll" adapterTypeName="executor://nunit3testexecutor/" className="Microsoft.TypeSpec.Generator.Tests.Providers.ModelProviders.DiscriminatorTests" name="DerivedPublicCtorShouldSetDiscriminator" />
    </UnitTest>
    <UnitTest name="FullyQualifiedName" storage="/home/runner/work/typespec/typespec/packages/http-client-csharp/generator/artifacts/bin/microsoft.typespec.generator.tests/debug/net8.0/microsoft.typespec.generator.tests.dll" id="ef66b331-522b-1775-36e8-8860fe69cd8c">
      <Execution id="ac109228-aaee-460b-95f9-258ca943177a" />
      <TestMethod codeBase="/home/runner/work/typespec/typespec/packages/http-client-csharp/generator/artifacts/bin/Microsoft.TypeSpec.Generator.Tests/Debug/net8.0/Microsoft.TypeSpec.Generator.Tests.dll" adapterTypeName="executor://nunit3testexecutor/" className="Microsoft.TypeSpec.Generator.Tests.Primitives.CSharpTypeTests" name="FullyQualifiedName" />
    </UnitTest>
    <UnitTest name="TestToApiVersionValue(&quot;V2023_12_31&quot;,&quot;2023-12-31&quot;)" storage="/home/runner/work/typespec/typespec/packages/http-client-csharp/generator/artifacts/bin/microsoft.typespec.generator.tests/debug/net8.0/microsoft.typespec.generator.tests.dll" id="51fb16f6-66c4-0050-c71e-12ab273ae4b0">
      <Execution id="3d481d5c-183a-42ef-9511-b9355e3016d2" />
      <TestMethod codeBase="/home/runner/work/typespec/typespec/packages/http-client-csharp/generator/artifacts/bin/Microsoft.TypeSpec.Generator.Tests/Debug/net8.0/Microsoft.TypeSpec.Generator.Tests.dll" adapterTypeName="executor://nunit3testexecutor/" className="Microsoft.TypeSpec.Generator.Tests.Utilities.StringExtensionsTests" name="TestToApiVersionValue(&quot;V2023_12_31&quot;,&quot;2023-12-31&quot;)" />
    </UnitTest>
    <UnitTest name="ValidateArrayHandling" storage="/home/runner/work/typespec/typespec/packages/http-client-csharp/generator/artifacts/bin/microsoft.typespec.generator.tests/debug/net8.0/microsoft.typespec.generator.tests.dll" id="bf677aec-7ef0-def2-9b66-e1eef9bbe9cb">
      <Execution id="e990fa9d-1db7-493f-8ee0-3d0f36e51e59" />
      <TestMethod codeBase="/home/runner/work/typespec/typespec/packages/http-client-csharp/generator/artifacts/bin/Microsoft.TypeSpec.Generator.Tests/Debug/net8.0/Microsoft.TypeSpec.Generator.Tests.dll" adapterTypeName="executor://nunit3testexecutor/" className="Microsoft.TypeSpec.Generator.Tests.Providers.ParameterProviderTests" name="ValidateArrayHandling" />
    </UnitTest>
    <UnitTest name="SystemTypeOperatorTestNotEqual(System.Collections.Generic.IDictionary`2[System.Collections.Generic.IDictionary`2[System.Int32,System.String],System.Collections.Generic.IDictionary`2[System.String,System.Int32]],System.Collections.Generic.IDictionary`2[System.Collections.Generic.IDictionary`2[System.String,System.Int32],System.Collections.Generic.IDictionary`2[System.String,System.Int32]])" storage="/home/runner/work/typespec/typespec/packages/http-client-csharp/generator/artifacts/bin/microsoft.typespec.generator.tests/debug/net8.0/microsoft.typespec.generator.tests.dll" id="06278a9c-3e40-0213-a3b2-aaf46ee40394">
      <Execution id="005769c9-6c80-48f9-8bee-ce811b85d41e" />
      <TestMethod codeBase="/home/runner/work/typespec/typespec/packages/http-client-csharp/generator/artifacts/bin/Microsoft.TypeSpec.Generator.Tests/Debug/net8.0/Microsoft.TypeSpec.Generator.Tests.dll" adapterTypeName="executor://nunit3testexecutor/" className="Microsoft.TypeSpec.Generator.Tests.Expressions.ValueExpressionTests" name="SystemTypeOperatorTestNotEqual(System.Collections.Generic.IDictionary`2[System.Collections.Generic.IDictionary`2[System.Int32,System.String],System.Collections.Generic.IDictionary`2[System.String,System.Int32]],System.Collections.Generic.IDictionary`2[System.Collections.Generic.IDictionary`2[System.String,System.Int32],System.Collections.Generic.IDictionary`2[System.String,System.Int32]])" />
    </UnitTest>
    <UnitTest name="DiscriminatorPropertyShouldBeInternal" storage="/home/runner/work/typespec/typespec/packages/http-client-csharp/generator/artifacts/bin/microsoft.typespec.generator.tests/debug/net8.0/microsoft.typespec.generator.tests.dll" id="1e96bc18-78dc-e7bb-47d5-2a19920930e6">
      <Execution id="12268b41-c124-4ce6-b114-3f01b26413bd" />
      <TestMethod codeBase="/home/runner/work/typespec/typespec/packages/http-client-csharp/generator/artifacts/bin/Microsoft.TypeSpec.Generator.Tests/Debug/net8.0/Microsoft.TypeSpec.Generator.Tests.dll" adapterTypeName="executor://nunit3testexecutor/" className="Microsoft.TypeSpec.Generator.Tests.Providers.ModelProviders.DiscriminatorTests" name="DiscriminatorPropertyShouldBeInternal" />
    </UnitTest>
    <UnitTest name="IsCollectionType(System.Collections.Generic.List`1[T],True)" storage="/home/runner/work/typespec/typespec/packages/http-client-csharp/generator/artifacts/bin/microsoft.typespec.generator.tests/debug/net8.0/microsoft.typespec.generator.tests.dll" id="1f0e8cee-aee2-c865-db79-0658a5f7e3b3">
      <Execution id="bf062eeb-e7ac-423e-9717-918a11bd3400" />
      <TestMethod codeBase="/home/runner/work/typespec/typespec/packages/http-client-csharp/generator/artifacts/bin/Microsoft.TypeSpec.Generator.Tests/Debug/net8.0/Microsoft.TypeSpec.Generator.Tests.dll" adapterTypeName="executor://nunit3testexecutor/" className="Microsoft.TypeSpec.Generator.Tests.Primitives.CSharpTypeTests" name="IsCollectionType(System.Collections.Generic.List`1[T],True)" />
    </UnitTest>
    <UnitTest name="ReadOperationsDoNotChange" storage="/home/runner/work/typespec/typespec/packages/http-client-csharp/generator/artifacts/bin/microsoft.typespec.generator.tests/debug/net8.0/microsoft.typespec.generator.tests.dll" id="5614474b-bec0-bc74-791b-2bf41ef06cf6">
      <Execution id="a0ebb8bb-ca11-4289-97b9-e8da16ab391e" />
      <TestMethod codeBase="/home/runner/work/typespec/typespec/packages/http-client-csharp/generator/artifacts/bin/Microsoft.TypeSpec.Generator.Tests/Debug/net8.0/Microsoft.TypeSpec.Generator.Tests.dll" adapterTypeName="executor://nunit3testexecutor/" className="Microsoft.TypeSpec.Generator.Tests.Providers.ChangeTrackingListTest" name="ReadOperationsDoNotChange" />
    </UnitTest>
    <UnitTest name="TestBreakLines_MultipleLineBreaks" storage="/home/runner/work/typespec/typespec/packages/http-client-csharp/generator/artifacts/bin/microsoft.typespec.generator.tests/debug/net8.0/microsoft.typespec.generator.tests.dll" id="757e6f2c-7e74-d8a0-5a5a-005c55559bcc">
      <Execution id="d2de442d-fb22-48b2-8fad-63e4c0c60aeb" />
      <TestMethod codeBase="/home/runner/work/typespec/typespec/packages/http-client-csharp/generator/artifacts/bin/Microsoft.TypeSpec.Generator.Tests/Debug/net8.0/Microsoft.TypeSpec.Generator.Tests.dll" adapterTypeName="executor://nunit3testexecutor/" className="Microsoft.TypeSpec.Generator.Tests.Utilities.FormattableStringHelpersTests" name="TestBreakLines_MultipleLineBreaks" />
    </UnitTest>
    <UnitTest name="EqualToFrameworkType(System.Collections.Generic.IDictionary`2[System.String,System.Int32])" storage="/home/runner/work/typespec/typespec/packages/http-client-csharp/generator/artifacts/bin/microsoft.typespec.generator.tests/debug/net8.0/microsoft.typespec.generator.tests.dll" id="a4145f53-d016-44f2-4fa4-5e271b51a2aa">
      <Execution id="1167bfa2-1ae2-4ef7-8cbc-e89b9a7ab038" />
      <TestMethod codeBase="/home/runner/work/typespec/typespec/packages/http-client-csharp/generator/artifacts/bin/Microsoft.TypeSpec.Generator.Tests/Debug/net8.0/Microsoft.TypeSpec.Generator.Tests.dll" adapterTypeName="executor://nunit3testexecutor/" className="Microsoft.TypeSpec.Generator.Tests.Primitives.CSharpTypeTests" name="EqualToFrameworkType(System.Collections.Generic.IDictionary`2[System.String,System.Int32])" />
    </UnitTest>
    <UnitTest name="FinallyStatementWithOneLineBody" storage="/home/runner/work/typespec/typespec/packages/http-client-csharp/generator/artifacts/bin/microsoft.typespec.generator.tests/debug/net8.0/microsoft.typespec.generator.tests.dll" id="754f1bd6-1597-f89f-623b-19a3c18446c5">
      <Execution id="d5ba3b53-105e-4e7e-a51b-ac5820139f58" />
      <TestMethod codeBase="/home/runner/work/typespec/typespec/packages/http-client-csharp/generator/artifacts/bin/Microsoft.TypeSpec.Generator.Tests/Debug/net8.0/Microsoft.TypeSpec.Generator.Tests.dll" adapterTypeName="executor://nunit3testexecutor/" className="Microsoft.TypeSpec.Generator.Tests.Statements.StatementTests" name="FinallyStatementWithOneLineBody" />
    </UnitTest>
    <UnitTest name="TryStatementWithOneLineBody" storage="/home/runner/work/typespec/typespec/packages/http-client-csharp/generator/artifacts/bin/microsoft.typespec.generator.tests/debug/net8.0/microsoft.typespec.generator.tests.dll" id="502b7805-573f-098c-a1ea-7183f9d6a96e">
      <Execution id="d70c6c02-941a-4c86-b267-92d091c06cc3" />
      <TestMethod codeBase="/home/runner/work/typespec/typespec/packages/http-client-csharp/generator/artifacts/bin/Microsoft.TypeSpec.Generator.Tests/Debug/net8.0/Microsoft.TypeSpec.Generator.Tests.dll" adapterTypeName="executor://nunit3testexecutor/" className="Microsoft.TypeSpec.Generator.Tests.Statements.StatementTests" name="TryStatementWithOneLineBody" />
    </UnitTest>
    <UnitTest name="ValidatePropertyTypes(System.BinaryData)" storage="/home/runner/work/typespec/typespec/packages/http-client-csharp/generator/artifacts/bin/microsoft.typespec.generator.tests/debug/net8.0/microsoft.typespec.generator.tests.dll" id="40740957-aa3a-aa1e-7f4d-0c7e04db2fce">
      <Execution id="8507b6d0-6f30-43f1-951d-a588aaf7040e" />
      <TestMethod codeBase="/home/runner/work/typespec/typespec/packages/http-client-csharp/generator/artifacts/bin/Microsoft.TypeSpec.Generator.Tests/Debug/net8.0/Microsoft.TypeSpec.Generator.Tests.dll" adapterTypeName="executor://nunit3testexecutor/" className="Microsoft.TypeSpec.Generator.Tests.Providers.NamedTypeSymbolProviders.NamedTypeSymbolProviderTests" name="ValidatePropertyTypes(System.BinaryData)" />
    </UnitTest>
    <UnitTest name="GetGenericTypeDefinitionForConstructedType()" storage="/home/runner/work/typespec/typespec/packages/http-client-csharp/generator/artifacts/bin/microsoft.typespec.generator.tests/debug/net8.0/microsoft.typespec.generator.tests.dll" id="75baa22c-11f8-7c55-75b1-4e2e9d85fbec">
      <Execution id="7b0f5d0f-5d17-43e5-b30b-8d87397d8512" />
      <TestMethod codeBase="/home/runner/work/typespec/typespec/packages/http-client-csharp/generator/artifacts/bin/Microsoft.TypeSpec.Generator.Tests/Debug/net8.0/Microsoft.TypeSpec.Generator.Tests.dll" adapterTypeName="executor://nunit3testexecutor/" className="Microsoft.TypeSpec.Generator.Tests.Primitives.CSharpTypeTests" name="GetGenericTypeDefinitionForConstructedType()" />
    </UnitTest>
    <UnitTest name="TestLoadBaselineContractLoadsTypeSuccessfully()" storage="/home/runner/work/typespec/typespec/packages/http-client-csharp/generator/artifacts/bin/microsoft.typespec.generator.tests/debug/net8.0/microsoft.typespec.generator.tests.dll" id="34a52cdc-2177-3e63-5d86-a0fa5315fe07">
      <Execution id="488462dd-d7aa-4914-8ca6-27daf4c82586" />
      <TestMethod codeBase="/home/runner/work/typespec/typespec/packages/http-client-csharp/generator/artifacts/bin/Microsoft.TypeSpec.Generator.Tests/Debug/net8.0/Microsoft.TypeSpec.Generator.Tests.dll" adapterTypeName="executor://nunit3testexecutor/" className="Microsoft.TypeSpec.Generator.Tests.GeneratedCodeWorkspaceTests" name="TestLoadBaselineContractLoadsTypeSuccessfully()" />
    </UnitTest>
    <UnitTest name="BuildEnumType_ValidateIntBasedFixedEnum()" storage="/home/runner/work/typespec/typespec/packages/http-client-csharp/generator/artifacts/bin/microsoft.typespec.generator.tests/debug/net8.0/microsoft.typespec.generator.tests.dll" id="e9ddef06-7dfd-fff2-8df3-6a0be02fd7d9">
      <Execution id="21484b5f-e50a-4015-80f9-4f623cb95865" />
      <TestMethod codeBase="/home/runner/work/typespec/typespec/packages/http-client-csharp/generator/artifacts/bin/Microsoft.TypeSpec.Generator.Tests/Debug/net8.0/Microsoft.TypeSpec.Generator.Tests.dll" adapterTypeName="executor://nunit3testexecutor/" className="Microsoft.TypeSpec.Generator.Tests.Providers.EnumProviderTests" name="BuildEnumType_ValidateIntBasedFixedEnum()" />
    </UnitTest>
    <UnitTest name="CanUpdateIfStatement" storage="/home/runner/work/typespec/typespec/packages/http-client-csharp/generator/artifacts/bin/microsoft.typespec.generator.tests/debug/net8.0/microsoft.typespec.generator.tests.dll" id="fd624a63-82fa-89d1-c7b1-d6777f0bac80">
      <Execution id="e1ce7429-f0e6-479b-874a-f664fff5e5d8" />
      <TestMethod codeBase="/home/runner/work/typespec/typespec/packages/http-client-csharp/generator/artifacts/bin/Microsoft.TypeSpec.Generator.Tests/Debug/net8.0/Microsoft.TypeSpec.Generator.Tests.dll" adapterTypeName="executor://nunit3testexecutor/" className="Microsoft.TypeSpec.Generator.Tests.Statements.StatementVisitorTests" name="CanUpdateIfStatement" />
    </UnitTest>
    <UnitTest name="VerifyBaseTypeIsNull" storage="/home/runner/work/typespec/typespec/packages/http-client-csharp/generator/artifacts/bin/microsoft.typespec.generator.tests/debug/net8.0/microsoft.typespec.generator.tests.dll" id="b3ed2cd2-f22a-e86b-ed85-bfe669051bb8">
      <Execution id="94922325-23bd-4c3d-be03-e93a83e43b00" />
      <TestMethod codeBase="/home/runner/work/typespec/typespec/packages/http-client-csharp/generator/artifacts/bin/Microsoft.TypeSpec.Generator.Tests/Debug/net8.0/Microsoft.TypeSpec.Generator.Tests.dll" adapterTypeName="executor://nunit3testexecutor/" className="Microsoft.TypeSpec.Generator.Tests.Providers.NamedTypeSymbolProviders.InterfaceTests" name="VerifyBaseTypeIsNull" />
    </UnitTest>
    <UnitTest name="CanChangeEnumName" storage="/home/runner/work/typespec/typespec/packages/http-client-csharp/generator/artifacts/bin/microsoft.typespec.generator.tests/debug/net8.0/microsoft.typespec.generator.tests.dll" id="55c7ac99-2754-0ae1-072c-c79552cdf20a">
      <Execution id="ab19983a-886a-403d-bf40-6becc144f99c" />
      <TestMethod codeBase="/home/runner/work/typespec/typespec/packages/http-client-csharp/generator/artifacts/bin/Microsoft.TypeSpec.Generator.Tests/Debug/net8.0/Microsoft.TypeSpec.Generator.Tests.dll" adapterTypeName="executor://nunit3testexecutor/" className="Microsoft.TypeSpec.Generator.Tests.Providers.ModelProviders.ModelCustomizationTests" name="CanChangeEnumName" />
    </UnitTest>
    <UnitTest name="CollectionProperty(string,Microsoft.TypeSpec.Generator.Input.InputModelProperty,string)" storage="/home/runner/work/typespec/typespec/packages/http-client-csharp/generator/artifacts/bin/microsoft.typespec.generator.tests/debug/net8.0/microsoft.typespec.generator.tests.dll" id="8b1b2bbb-0a07-9f48-24fa-4014225300ee">
      <Execution id="39d383ed-27c0-4d4e-8fdd-6bbe4f246633" />
      <TestMethod codeBase="/home/runner/work/typespec/typespec/packages/http-client-csharp/generator/artifacts/bin/Microsoft.TypeSpec.Generator.Tests/Debug/net8.0/Microsoft.TypeSpec.Generator.Tests.dll" adapterTypeName="executor://nunit3testexecutor/" className="Microsoft.TypeSpec.Generator.Tests.Providers.PropertyProviderTests" name="CollectionProperty(string,Microsoft.TypeSpec.Generator.Input.InputModelProperty,string)" />
    </UnitTest>
    <UnitTest name="ValidatePropertyTypes(System.String[])" storage="/home/runner/work/typespec/typespec/packages/http-client-csharp/generator/artifacts/bin/microsoft.typespec.generator.tests/debug/net8.0/microsoft.typespec.generator.tests.dll" id="e600fb81-0027-c971-f9c3-ea12b0e3838e">
      <Execution id="b0d7fc34-685a-415d-a0f9-b2ec2bb9205e" />
      <TestMethod codeBase="/home/runner/work/typespec/typespec/packages/http-client-csharp/generator/artifacts/bin/Microsoft.TypeSpec.Generator.Tests/Debug/net8.0/Microsoft.TypeSpec.Generator.Tests.dll" adapterTypeName="executor://nunit3testexecutor/" className="Microsoft.TypeSpec.Generator.Tests.Providers.NamedTypeSymbolProviders.NamedTypeSymbolProviderTests" name="ValidatePropertyTypes(System.String[])" />
    </UnitTest>
    <UnitTest name="TypesAreNotEqualWhenNullabilityIsDifferent(System.Collections.Generic.IList`1[T])" storage="/home/runner/work/typespec/typespec/packages/http-client-csharp/generator/artifacts/bin/microsoft.typespec.generator.tests/debug/net8.0/microsoft.typespec.generator.tests.dll" id="525820bd-70f9-c50b-e951-035a7b299aba">
      <Execution id="3c20cfea-0044-4ff7-89ad-02993f96d216" />
      <TestMethod codeBase="/home/runner/work/typespec/typespec/packages/http-client-csharp/generator/artifacts/bin/Microsoft.TypeSpec.Generator.Tests/Debug/net8.0/Microsoft.TypeSpec.Generator.Tests.dll" adapterTypeName="executor://nunit3testexecutor/" className="Microsoft.TypeSpec.Generator.Tests.Primitives.CSharpTypeTests" name="TypesAreNotEqualWhenNullabilityIsDifferent(System.Collections.Generic.IList`1[T])" />
    </UnitTest>
    <UnitTest name="TestPascalCaseProperty" storage="/home/runner/work/typespec/typespec/packages/http-client-csharp/generator/artifacts/bin/microsoft.typespec.generator.tests/debug/net8.0/microsoft.typespec.generator.tests.dll" id="7bf947ee-381a-1499-30ec-e9b2891d9285">
      <Execution id="bf266cbf-9252-40fb-8a45-71e2d69bf284" />
      <TestMethod codeBase="/home/runner/work/typespec/typespec/packages/http-client-csharp/generator/artifacts/bin/Microsoft.TypeSpec.Generator.Tests/Debug/net8.0/Microsoft.TypeSpec.Generator.Tests.dll" adapterTypeName="executor://nunit3testexecutor/" className="Microsoft.TypeSpec.Generator.Tests.Providers.PropertyProviderTests" name="TestPascalCaseProperty" />
    </UnitTest>
    <UnitTest name="TypesAreNotEqual(System.Int32,System.Collections.Generic.IList`1[System.Int32])" storage="/home/runner/work/typespec/typespec/packages/http-client-csharp/generator/artifacts/bin/microsoft.typespec.generator.tests/debug/net8.0/microsoft.typespec.generator.tests.dll" id="7cd79aa4-0dcd-4ce3-d03a-09f624e3af36">
      <Execution id="cdf534dc-5b48-4225-8d35-36506faddaa3" />
      <TestMethod codeBase="/home/runner/work/typespec/typespec/packages/http-client-csharp/generator/artifacts/bin/Microsoft.TypeSpec.Generator.Tests/Debug/net8.0/Microsoft.TypeSpec.Generator.Tests.dll" adapterTypeName="executor://nunit3testexecutor/" className="Microsoft.TypeSpec.Generator.Tests.Primitives.CSharpTypeTests" name="TypesAreNotEqual(System.Int32,System.Collections.Generic.IList`1[System.Int32])" />
    </UnitTest>
    <UnitTest name="ValidateName" storage="/home/runner/work/typespec/typespec/packages/http-client-csharp/generator/artifacts/bin/microsoft.typespec.generator.tests/debug/net8.0/microsoft.typespec.generator.tests.dll" id="592e74ff-3455-fef7-3f49-357d335bc5de">
      <Execution id="eaf5d5b6-d99c-4e36-b163-eca82b789ceb" />
      <TestMethod codeBase="/home/runner/work/typespec/typespec/packages/http-client-csharp/generator/artifacts/bin/Microsoft.TypeSpec.Generator.Tests/Debug/net8.0/Microsoft.TypeSpec.Generator.Tests.dll" adapterTypeName="executor://nunit3testexecutor/" className="Microsoft.TypeSpec.Generator.Tests.Providers.CanonicalTypeProviderTests" name="ValidateName" />
    </UnitTest>
    <UnitTest name="SelectGeneratorStopsIfPluginThrows" storage="/home/runner/work/typespec/typespec/packages/http-client-csharp/generator/artifacts/bin/microsoft.typespec.generator.tests/debug/net8.0/microsoft.typespec.generator.tests.dll" id="15c00c5b-637d-e90a-7be2-553cb45778fd">
      <Execution id="049b43c5-e4c0-4f6d-aa9d-3d2f81a8fa58" />
      <TestMethod codeBase="/home/runner/work/typespec/typespec/packages/http-client-csharp/generator/artifacts/bin/Microsoft.TypeSpec.Generator.Tests/Debug/net8.0/Microsoft.TypeSpec.Generator.Tests.dll" adapterTypeName="executor://nunit3testexecutor/" className="Microsoft.TypeSpec.Generator.Tests.StartUp.GeneratorHandlerTests" name="SelectGeneratorStopsIfPluginThrows" />
    </UnitTest>
    <UnitTest name="SingleLineCommentStatement" storage="/home/runner/work/typespec/typespec/packages/http-client-csharp/generator/artifacts/bin/microsoft.typespec.generator.tests/debug/net8.0/microsoft.typespec.generator.tests.dll" id="454bc96e-cf2d-beb4-25e3-6a23f16aa2c3">
      <Execution id="acd2d195-f99b-41c2-9e70-b40223e197f1" />
      <TestMethod codeBase="/home/runner/work/typespec/typespec/packages/http-client-csharp/generator/artifacts/bin/Microsoft.TypeSpec.Generator.Tests/Debug/net8.0/Microsoft.TypeSpec.Generator.Tests.dll" adapterTypeName="executor://nunit3testexecutor/" className="Microsoft.TypeSpec.Generator.Tests.Statements.StatementTests" name="SingleLineCommentStatement" />
    </UnitTest>
    <UnitTest name="CreateUnknownVariant" storage="/home/runner/work/typespec/typespec/packages/http-client-csharp/generator/artifacts/bin/microsoft.typespec.generator.tests/debug/net8.0/microsoft.typespec.generator.tests.dll" id="c15ec7ee-e6cf-9247-8dfd-571f02430628">
      <Execution id="41ca8bfd-d4b2-4cdf-9e6b-6507a70cc2c0" />
      <TestMethod codeBase="/home/runner/work/typespec/typespec/packages/http-client-csharp/generator/artifacts/bin/Microsoft.TypeSpec.Generator.Tests/Debug/net8.0/Microsoft.TypeSpec.Generator.Tests.dll" adapterTypeName="executor://nunit3testexecutor/" className="Microsoft.TypeSpec.Generator.Tests.Providers.ModelProviders.DiscriminatorTests" name="CreateUnknownVariant" />
    </UnitTest>
    <UnitTest name="ListExpression(System.Collections.Generic.IDictionary`2[System.Int32,System.Int32])" storage="/home/runner/work/typespec/typespec/packages/http-client-csharp/generator/artifacts/bin/microsoft.typespec.generator.tests/debug/net8.0/microsoft.typespec.generator.tests.dll" id="1ec71f08-8756-efd1-0447-6483a5a189fe">
      <Execution id="b9d995c3-3b6c-480d-a9eb-02345b34fda6" />
      <TestMethod codeBase="/home/runner/work/typespec/typespec/packages/http-client-csharp/generator/artifacts/bin/Microsoft.TypeSpec.Generator.Tests/Debug/net8.0/Microsoft.TypeSpec.Generator.Tests.dll" adapterTypeName="executor://nunit3testexecutor/" className="Microsoft.TypeSpec.Generator.Tests.Expressions.KnownValueExpressionsTests" name="ListExpression(System.Collections.Generic.IDictionary`2[System.Int32,System.Int32])" />
    </UnitTest>
    <UnitTest name="CanCustomizeModelFullConstructor(True)" storage="/home/runner/work/typespec/typespec/packages/http-client-csharp/generator/artifacts/bin/microsoft.typespec.generator.tests/debug/net8.0/microsoft.typespec.generator.tests.dll" id="8fac75ec-d821-801f-fb9e-0009c6ac0a62">
      <Execution id="f6abfa07-9a8c-41d5-a7db-360c2a660981" />
      <TestMethod codeBase="/home/runner/work/typespec/typespec/packages/http-client-csharp/generator/artifacts/bin/Microsoft.TypeSpec.Generator.Tests/Debug/net8.0/Microsoft.TypeSpec.Generator.Tests.dll" adapterTypeName="executor://nunit3testexecutor/" className="Microsoft.TypeSpec.Generator.Tests.Providers.ModelFactories.ModelFactoriesCustomizationTests" name="CanCustomizeModelFullConstructor(True)" />
    </UnitTest>
    <UnitTest name="ValidateUnion(System.Int32,System.String,System.Single)" storage="/home/runner/work/typespec/typespec/packages/http-client-csharp/generator/artifacts/bin/microsoft.typespec.generator.tests/debug/net8.0/microsoft.typespec.generator.tests.dll" id="d042a881-6eca-108b-73cf-e9042034daf8">
      <Execution id="d7e99f23-7ee9-4d8c-a15f-e771739ff844" />
      <TestMethod codeBase="/home/runner/work/typespec/typespec/packages/http-client-csharp/generator/artifacts/bin/Microsoft.TypeSpec.Generator.Tests/Debug/net8.0/Microsoft.TypeSpec.Generator.Tests.dll" adapterTypeName="executor://nunit3testexecutor/" className="Microsoft.TypeSpec.Generator.Tests.Primitives.CSharpTypeTests" name="ValidateUnion(System.Int32,System.String,System.Single)" />
    </UnitTest>
    <UnitTest name="HashCodesAreNotEqual(System.Collections.Generic.IList`1[System.Int32],System.Collections.Generic.IList`1[System.String])" storage="/home/runner/work/typespec/typespec/packages/http-client-csharp/generator/artifacts/bin/microsoft.typespec.generator.tests/debug/net8.0/microsoft.typespec.generator.tests.dll" id="e383c9f1-dc66-ae8e-61d4-3c1233ef0bb2">
      <Execution id="bea9ade8-f9fb-4179-bfd5-1d0fa0e1bc9f" />
      <TestMethod codeBase="/home/runner/work/typespec/typespec/packages/http-client-csharp/generator/artifacts/bin/Microsoft.TypeSpec.Generator.Tests/Debug/net8.0/Microsoft.TypeSpec.Generator.Tests.dll" adapterTypeName="executor://nunit3testexecutor/" className="Microsoft.TypeSpec.Generator.Tests.Primitives.CSharpTypeTests" name="HashCodesAreNotEqual(System.Collections.Generic.IList`1[System.Int32],System.Collections.Generic.IList`1[System.String])" />
    </UnitTest>
    <UnitTest name="InvokeToDouble" storage="/home/runner/work/typespec/typespec/packages/http-client-csharp/generator/artifacts/bin/microsoft.typespec.generator.tests/debug/net8.0/microsoft.typespec.generator.tests.dll" id="c750f97e-dda7-af8d-a7e5-cad6c9aee199">
      <Execution id="d5d6e151-b7fc-46be-be34-48ac50607490" />
      <TestMethod codeBase="/home/runner/work/typespec/typespec/packages/http-client-csharp/generator/artifacts/bin/Microsoft.TypeSpec.Generator.Tests/Debug/net8.0/Microsoft.TypeSpec.Generator.Tests.dll" adapterTypeName="executor://nunit3testexecutor/" className="Microsoft.TypeSpec.Generator.Tests.Snippets.ConvertSnippetsTests" name="InvokeToDouble" />
    </UnitTest>
    <UnitTest name="NoEmptySummary" storage="/home/runner/work/typespec/typespec/packages/http-client-csharp/generator/artifacts/bin/microsoft.typespec.generator.tests/debug/net8.0/microsoft.typespec.generator.tests.dll" id="b3d3b2e9-ab1d-fc48-4579-5f1be78ecdc1">
      <Execution id="53ea973c-4340-442e-aa56-bfe8ca6f6531" />
      <TestMethod codeBase="/home/runner/work/typespec/typespec/packages/http-client-csharp/generator/artifacts/bin/Microsoft.TypeSpec.Generator.Tests/Debug/net8.0/Microsoft.TypeSpec.Generator.Tests.dll" adapterTypeName="executor://nunit3testexecutor/" className="Microsoft.TypeSpec.Generator.Tests.Writers.CodeWriterTests" name="NoEmptySummary" />
    </UnitTest>
    <UnitTest name="TestIsCSharpKeyword(&quot;unmanaged&quot;,True)" storage="/home/runner/work/typespec/typespec/packages/http-client-csharp/generator/artifacts/bin/microsoft.typespec.generator.tests/debug/net8.0/microsoft.typespec.generator.tests.dll" id="cfd0af04-f3dc-0a74-1e9d-e96e41c6efc6">
      <Execution id="4dadfaf7-6185-4b4e-81ac-1939bddc4a5e" />
      <TestMethod codeBase="/home/runner/work/typespec/typespec/packages/http-client-csharp/generator/artifacts/bin/Microsoft.TypeSpec.Generator.Tests/Debug/net8.0/Microsoft.TypeSpec.Generator.Tests.dll" adapterTypeName="executor://nunit3testexecutor/" className="Microsoft.TypeSpec.Generator.Tests.Utilities.StringExtensionsTests" name="TestIsCSharpKeyword(&quot;unmanaged&quot;,True)" />
    </UnitTest>
    <UnitTest name="BodyHasSetterValidation(&quot;nullableCollectionOnInputModel&quot;,Microsoft.TypeSpec.Generator.Input.InputModelType,False,null)" storage="/home/runner/work/typespec/typespec/packages/http-client-csharp/generator/artifacts/bin/microsoft.typespec.generator.tests/debug/net8.0/microsoft.typespec.generator.tests.dll" id="4eef0cf0-2982-f513-aee1-115e40428440">
      <Execution id="e2b850a3-1ef0-4e7b-8c1a-c3c03db0e868" />
      <TestMethod codeBase="/home/runner/work/typespec/typespec/packages/http-client-csharp/generator/artifacts/bin/Microsoft.TypeSpec.Generator.Tests/Debug/net8.0/Microsoft.TypeSpec.Generator.Tests.dll" adapterTypeName="executor://nunit3testexecutor/" className="Microsoft.TypeSpec.Generator.Tests.Providers.PropertyProviderTests" name="BodyHasSetterValidation(&quot;nullableCollectionOnInputModel&quot;,Microsoft.TypeSpec.Generator.Input.InputModelType,False,null)" />
    </UnitTest>
    <UnitTest name="TestToApiVersionValue(&quot;V10_5_2&quot;,&quot;10-5-2&quot;)" storage="/home/runner/work/typespec/typespec/packages/http-client-csharp/generator/artifacts/bin/microsoft.typespec.generator.tests/debug/net8.0/microsoft.typespec.generator.tests.dll" id="c02dd453-152c-0611-b51b-d11ed74a9d2c">
      <Execution id="855aebf9-2295-498b-a88a-8398d79b98e1" />
      <TestMethod codeBase="/home/runner/work/typespec/typespec/packages/http-client-csharp/generator/artifacts/bin/Microsoft.TypeSpec.Generator.Tests/Debug/net8.0/Microsoft.TypeSpec.Generator.Tests.dll" adapterTypeName="executor://nunit3testexecutor/" className="Microsoft.TypeSpec.Generator.Tests.Utilities.StringExtensionsTests" name="TestToApiVersionValue(&quot;V10_5_2&quot;,&quot;10-5-2&quot;)" />
    </UnitTest>
    <UnitTest name="ScopeStoredTwiceInMultipleBlock" storage="/home/runner/work/typespec/typespec/packages/http-client-csharp/generator/artifacts/bin/microsoft.typespec.generator.tests/debug/net8.0/microsoft.typespec.generator.tests.dll" id="cfada09c-183a-4770-9bf9-ce63dabf4dcb">
      <Execution id="0a4c8c04-11ac-47c5-a64e-4d2fb6a29a79" />
      <TestMethod codeBase="/home/runner/work/typespec/typespec/packages/http-client-csharp/generator/artifacts/bin/Microsoft.TypeSpec.Generator.Tests/Debug/net8.0/Microsoft.TypeSpec.Generator.Tests.dll" adapterTypeName="executor://nunit3testexecutor/" className="Microsoft.TypeSpec.Generator.Tests.Writers.CodeWriterDeclarationTests" name="ScopeStoredTwiceInMultipleBlock" />
    </UnitTest>
    <UnitTest name="SwitchStatementWithMultipleCases" storage="/home/runner/work/typespec/typespec/packages/http-client-csharp/generator/artifacts/bin/microsoft.typespec.generator.tests/debug/net8.0/microsoft.typespec.generator.tests.dll" id="b5a6e0dd-1d44-429e-d055-0e98d67be23c">
      <Execution id="be9fb35f-fceb-4726-b925-2ba820397a9b" />
      <TestMethod codeBase="/home/runner/work/typespec/typespec/packages/http-client-csharp/generator/artifacts/bin/Microsoft.TypeSpec.Generator.Tests/Debug/net8.0/Microsoft.TypeSpec.Generator.Tests.dll" adapterTypeName="executor://nunit3testexecutor/" className="Microsoft.TypeSpec.Generator.Tests.Statements.StatementTests" name="SwitchStatementWithMultipleCases" />
    </UnitTest>
    <UnitTest name="CanCustomizeDiscriminator" storage="/home/runner/work/typespec/typespec/packages/http-client-csharp/generator/artifacts/bin/microsoft.typespec.generator.tests/debug/net8.0/microsoft.typespec.generator.tests.dll" id="4c473b77-5141-9692-a6bc-fdecd1328753">
      <Execution id="efb440c5-f4a5-4555-bcdc-5a3b984cd614" />
      <TestMethod codeBase="/home/runner/work/typespec/typespec/packages/http-client-csharp/generator/artifacts/bin/Microsoft.TypeSpec.Generator.Tests/Debug/net8.0/Microsoft.TypeSpec.Generator.Tests.dll" adapterTypeName="executor://nunit3testexecutor/" className="Microsoft.TypeSpec.Generator.Tests.Providers.ModelProviders.DiscriminatorTests" name="CanCustomizeDiscriminator" />
    </UnitTest>
    <UnitTest name="TestIsCSharpKeyword(&quot;null&quot;,True)" storage="/home/runner/work/typespec/typespec/packages/http-client-csharp/generator/artifacts/bin/microsoft.typespec.generator.tests/debug/net8.0/microsoft.typespec.generator.tests.dll" id="6f25e87d-dfd4-a691-983e-a932f0aa8e59">
      <Execution id="24620574-4940-4fb5-a4a4-427e6f2bc906" />
      <TestMethod codeBase="/home/runner/work/typespec/typespec/packages/http-client-csharp/generator/artifacts/bin/Microsoft.TypeSpec.Generator.Tests/Debug/net8.0/Microsoft.TypeSpec.Generator.Tests.dll" adapterTypeName="executor://nunit3testexecutor/" className="Microsoft.TypeSpec.Generator.Tests.Utilities.StringExtensionsTests" name="TestIsCSharpKeyword(&quot;null&quot;,True)" />
    </UnitTest>
    <UnitTest name="TestYieldBreakStatement" storage="/home/runner/work/typespec/typespec/packages/http-client-csharp/generator/artifacts/bin/microsoft.typespec.generator.tests/debug/net8.0/microsoft.typespec.generator.tests.dll" id="c84e1522-8e1c-2ce1-86d8-ca3ed0f06d31">
      <Execution id="f4564a03-cffb-4eed-9909-3b42fe22f105" />
      <TestMethod codeBase="/home/runner/work/typespec/typespec/packages/http-client-csharp/generator/artifacts/bin/Microsoft.TypeSpec.Generator.Tests/Debug/net8.0/Microsoft.TypeSpec.Generator.Tests.dll" adapterTypeName="executor://nunit3testexecutor/" className="Microsoft.TypeSpec.Generator.Tests.Statements.StatementTests" name="TestYieldBreakStatement" />
    </UnitTest>
    <UnitTest name="TestToApiVersionValueWithCustomSeparator(&quot;V1_0_0&quot;,&quot;.&quot;,&quot;1.0.0&quot;)" storage="/home/runner/work/typespec/typespec/packages/http-client-csharp/generator/artifacts/bin/microsoft.typespec.generator.tests/debug/net8.0/microsoft.typespec.generator.tests.dll" id="9c3a772f-df25-e699-a77f-57ce06730355">
      <Execution id="d60f420b-4d06-4293-9e4b-dae05d0c4827" />
      <TestMethod codeBase="/home/runner/work/typespec/typespec/packages/http-client-csharp/generator/artifacts/bin/Microsoft.TypeSpec.Generator.Tests/Debug/net8.0/Microsoft.TypeSpec.Generator.Tests.dll" adapterTypeName="executor://nunit3testexecutor/" className="Microsoft.TypeSpec.Generator.Tests.Utilities.StringExtensionsTests" name="TestToApiVersionValueWithCustomSeparator(&quot;V1_0_0&quot;,&quot;.&quot;,&quot;1.0.0&quot;)" />
    </UnitTest>
    <UnitTest name="ValidateFrameworkInstance" storage="/home/runner/work/typespec/typespec/packages/http-client-csharp/generator/artifacts/bin/microsoft.typespec.generator.tests/debug/net8.0/microsoft.typespec.generator.tests.dll" id="bbb9f240-1054-c03c-e79e-ecd00d8b30f4">
      <Execution id="805e58b9-1cf3-4315-84cf-0afce1f7c2f1" />
      <TestMethod codeBase="/home/runner/work/typespec/typespec/packages/http-client-csharp/generator/artifacts/bin/Microsoft.TypeSpec.Generator.Tests/Debug/net8.0/Microsoft.TypeSpec.Generator.Tests.dll" adapterTypeName="executor://nunit3testexecutor/" className="Microsoft.TypeSpec.Generator.Tests.Snippets.SnippetTests" name="ValidateFrameworkInstance" />
    </UnitTest>
    <UnitTest name="TestVerbose()" storage="/home/runner/work/typespec/typespec/packages/http-client-csharp/generator/artifacts/bin/microsoft.typespec.generator.tests/debug/net8.0/microsoft.typespec.generator.tests.dll" id="46b84018-7720-3036-e1d7-60256291efb9">
      <Execution id="e3ddfc01-aaed-4ad4-88b9-042753ec0ba5" />
      <TestMethod codeBase="/home/runner/work/typespec/typespec/packages/http-client-csharp/generator/artifacts/bin/Microsoft.TypeSpec.Generator.Tests/Debug/net8.0/Microsoft.TypeSpec.Generator.Tests.dll" adapterTypeName="executor://nunit3testexecutor/" className="Microsoft.TypeSpec.Generator.Tests.EmitterRpc.EmitterTests" name="TestVerbose()" />
    </UnitTest>
    <UnitTest name="SystemTypeOperatorTestEqual(System.Int64)" storage="/home/runner/work/typespec/typespec/packages/http-client-csharp/generator/artifacts/bin/microsoft.typespec.generator.tests/debug/net8.0/microsoft.typespec.generator.tests.dll" id="7b2bde76-c4df-aa8b-e1f7-800bedb22f31">
      <Execution id="7ccace6e-d4fe-421c-b86f-b3b2ceb76df3" />
      <TestMethod codeBase="/home/runner/work/typespec/typespec/packages/http-client-csharp/generator/artifacts/bin/Microsoft.TypeSpec.Generator.Tests/Debug/net8.0/Microsoft.TypeSpec.Generator.Tests.dll" adapterTypeName="executor://nunit3testexecutor/" className="Microsoft.TypeSpec.Generator.Tests.Expressions.ValueExpressionTests" name="SystemTypeOperatorTestEqual(System.Int64)" />
    </UnitTest>
    <UnitTest name="BackCompatibility_NewModelPropertyAdded" storage="/home/runner/work/typespec/typespec/packages/http-client-csharp/generator/artifacts/bin/microsoft.typespec.generator.tests/debug/net8.0/microsoft.typespec.generator.tests.dll" id="eb168110-7166-e8a6-2128-9f569836286f">
      <Execution id="e2140b4a-ea37-410b-9763-ecdf568aff9a" />
      <TestMethod codeBase="/home/runner/work/typespec/typespec/packages/http-client-csharp/generator/artifacts/bin/Microsoft.TypeSpec.Generator.Tests/Debug/net8.0/Microsoft.TypeSpec.Generator.Tests.dll" adapterTypeName="executor://nunit3testexecutor/" className="Microsoft.TypeSpec.Generator.Tests.Providers.ModelFactories.ModelFactoryProviderTests" name="BackCompatibility_NewModelPropertyAdded" />
    </UnitTest>
    <UnitTest name="LicenseInfoIsNullWhenNotInConfig" storage="/home/runner/work/typespec/typespec/packages/http-client-csharp/generator/artifacts/bin/microsoft.typespec.generator.tests/debug/net8.0/microsoft.typespec.generator.tests.dll" id="20b95b17-bc37-c884-12d4-53d4352329e4">
      <Execution id="fef25beb-31fc-41c2-949e-743db4df1774" />
      <TestMethod codeBase="/home/runner/work/typespec/typespec/packages/http-client-csharp/generator/artifacts/bin/Microsoft.TypeSpec.Generator.Tests/Debug/net8.0/Microsoft.TypeSpec.Generator.Tests.dll" adapterTypeName="executor://nunit3testexecutor/" className="Microsoft.TypeSpec.Generator.Tests.ConfigurationTests" name="LicenseInfoIsNullWhenNotInConfig" />
    </UnitTest>
    <UnitTest name="TestAttributes" storage="/home/runner/work/typespec/typespec/packages/http-client-csharp/generator/artifacts/bin/microsoft.typespec.generator.tests/debug/net8.0/microsoft.typespec.generator.tests.dll" id="6927a10a-5b6a-7178-59d0-24e82e00a882">
      <Execution id="336b87f4-09a5-44ff-bbdf-49514f2c114b" />
      <TestMethod codeBase="/home/runner/work/typespec/typespec/packages/http-client-csharp/generator/artifacts/bin/Microsoft.TypeSpec.Generator.Tests/Debug/net8.0/Microsoft.TypeSpec.Generator.Tests.dll" adapterTypeName="executor://nunit3testexecutor/" className="Microsoft.TypeSpec.Generator.Tests.Providers.MethodProviderTests" name="TestAttributes" />
    </UnitTest>
    <UnitTest name="ValidateParameters(System.Int32,ScopedApi { Original = LiteralExpression { Literal = 2 }, Type = int })" storage="/home/runner/work/typespec/typespec/packages/http-client-csharp/generator/artifacts/bin/microsoft.typespec.generator.tests/debug/net8.0/microsoft.typespec.generator.tests.dll" id="aaf67773-3bfa-3e18-1a8e-ed21d37b689e">
      <Execution id="ae6283ed-5412-42d5-8ac2-e9153ee63e6e" />
      <TestMethod codeBase="/home/runner/work/typespec/typespec/packages/http-client-csharp/generator/artifacts/bin/Microsoft.TypeSpec.Generator.Tests/Debug/net8.0/Microsoft.TypeSpec.Generator.Tests.dll" adapterTypeName="executor://nunit3testexecutor/" className="Microsoft.TypeSpec.Generator.Tests.Providers.NamedTypeSymbolProviders.NamedTypeSymbolProviderTests" name="ValidateParameters(System.Int32,ScopedApi { Original = LiteralExpression { Literal = 2 }, Type = int })" />
    </UnitTest>
    <UnitTest name="TypesAreNotEqualWhenNullabilityIsDifferent(System.Collections.Generic.IList`1[System.Nullable`1[System.Int32]])" storage="/home/runner/work/typespec/typespec/packages/http-client-csharp/generator/artifacts/bin/microsoft.typespec.generator.tests/debug/net8.0/microsoft.typespec.generator.tests.dll" id="0597e3c8-92de-759a-9177-026541f5e955">
      <Execution id="9c02d840-5522-41c5-b84f-4238dce44eb3" />
      <TestMethod codeBase="/home/runner/work/typespec/typespec/packages/http-client-csharp/generator/artifacts/bin/Microsoft.TypeSpec.Generator.Tests/Debug/net8.0/Microsoft.TypeSpec.Generator.Tests.dll" adapterTypeName="executor://nunit3testexecutor/" className="Microsoft.TypeSpec.Generator.Tests.Primitives.CSharpTypeTests" name="TypesAreNotEqualWhenNullabilityIsDifferent(System.Collections.Generic.IList`1[System.Nullable`1[System.Int32]])" />
    </UnitTest>
    <UnitTest name="TestSpecialWords" storage="/home/runner/work/typespec/typespec/packages/http-client-csharp/generator/artifacts/bin/microsoft.typespec.generator.tests/debug/net8.0/microsoft.typespec.generator.tests.dll" id="46ebacfc-585a-45bd-fa8a-333ce302a0d7">
      <Execution id="ab2d6939-aea4-4241-bb94-2ad485ce4656" />
      <TestMethod codeBase="/home/runner/work/typespec/typespec/packages/http-client-csharp/generator/artifacts/bin/Microsoft.TypeSpec.Generator.Tests/Debug/net8.0/Microsoft.TypeSpec.Generator.Tests.dll" adapterTypeName="executor://nunit3testexecutor/" className="Microsoft.TypeSpec.Generator.Tests.Providers.PropertyProviderTests" name="TestSpecialWords" />
    </UnitTest>
    <UnitTest name="ValidateInstanceCtorWithArguments" storage="/home/runner/work/typespec/typespec/packages/http-client-csharp/generator/artifacts/bin/microsoft.typespec.generator.tests/debug/net8.0/microsoft.typespec.generator.tests.dll" id="51f0d52a-a255-7a92-fcbc-d358b1f05aba">
      <Execution id="7acf26b1-29dc-4d24-a4fa-debb4ab95893" />
      <TestMethod codeBase="/home/runner/work/typespec/typespec/packages/http-client-csharp/generator/artifacts/bin/Microsoft.TypeSpec.Generator.Tests/Debug/net8.0/Microsoft.TypeSpec.Generator.Tests.dll" adapterTypeName="executor://nunit3testexecutor/" className="Microsoft.TypeSpec.Generator.Tests.Snippets.SnippetTests" name="ValidateInstanceCtorWithArguments" />
    </UnitTest>
    <UnitTest name="GetGenericTypeDefinition(System.Collections.Generic.KeyValuePair`2[System.Int32,System.String],System.Collections.Generic.KeyValuePair`2[TKey,TValue],False)" storage="/home/runner/work/typespec/typespec/packages/http-client-csharp/generator/artifacts/bin/microsoft.typespec.generator.tests/debug/net8.0/microsoft.typespec.generator.tests.dll" id="5c6aca6c-7764-085c-17f7-a78d3193dc56">
      <Execution id="b51a3bd5-2246-4242-8de7-b31b55c8f796" />
      <TestMethod codeBase="/home/runner/work/typespec/typespec/packages/http-client-csharp/generator/artifacts/bin/Microsoft.TypeSpec.Generator.Tests/Debug/net8.0/Microsoft.TypeSpec.Generator.Tests.dll" adapterTypeName="executor://nunit3testexecutor/" className="Microsoft.TypeSpec.Generator.Tests.Primitives.CSharpTypeTests" name="GetGenericTypeDefinition(System.Collections.Generic.KeyValuePair`2[System.Int32,System.String],System.Collections.Generic.KeyValuePair`2[TKey,TValue],False)" />
    </UnitTest>
    <UnitTest name="PreVisitsProperties" storage="/home/runner/work/typespec/typespec/packages/http-client-csharp/generator/artifacts/bin/microsoft.typespec.generator.tests/debug/net8.0/microsoft.typespec.generator.tests.dll" id="a3aa98b9-ebc2-8976-affc-ff2d6fa4cb7a">
      <Execution id="edd6f367-5754-4d80-8892-336cd54307a4" />
      <TestMethod codeBase="/home/runner/work/typespec/typespec/packages/http-client-csharp/generator/artifacts/bin/Microsoft.TypeSpec.Generator.Tests/Debug/net8.0/Microsoft.TypeSpec.Generator.Tests.dll" adapterTypeName="executor://nunit3testexecutor/" className="Microsoft.TypeSpec.Generator.Tests.InputLibraryVisitorTests" name="PreVisitsProperties" />
    </UnitTest>
    <UnitTest name="UseNewInstanceExpression" storage="/home/runner/work/typespec/typespec/packages/http-client-csharp/generator/artifacts/bin/microsoft.typespec.generator.tests/debug/net8.0/microsoft.typespec.generator.tests.dll" id="882c8151-bb71-0704-8aa3-5cc3b6900c69">
      <Execution id="8dd7de5c-519c-4ecf-aca3-c90e48df7a3d" />
      <TestMethod codeBase="/home/runner/work/typespec/typespec/packages/http-client-csharp/generator/artifacts/bin/Microsoft.TypeSpec.Generator.Tests/Debug/net8.0/Microsoft.TypeSpec.Generator.Tests.dll" adapterTypeName="executor://nunit3testexecutor/" className="Microsoft.TypeSpec.Generator.Tests.Expressions.NewDictionaryExpressionTests" name="UseNewInstanceExpression" />
    </UnitTest>
    <UnitTest name="IntSerializationFormat(Int16,&quot;string&quot;)" storage="/home/runner/work/typespec/typespec/packages/http-client-csharp/generator/artifacts/bin/microsoft.typespec.generator.tests/debug/net8.0/microsoft.typespec.generator.tests.dll" id="69f1ed1b-11e5-b127-77c6-ccd3be0c26db">
      <Execution id="a139230a-4f32-44c1-af5c-5af94fd59b17" />
      <TestMethod codeBase="/home/runner/work/typespec/typespec/packages/http-client-csharp/generator/artifacts/bin/Microsoft.TypeSpec.Generator.Tests/Debug/net8.0/Microsoft.TypeSpec.Generator.Tests.dll" adapterTypeName="executor://nunit3testexecutor/" className="Microsoft.TypeSpec.Generator.Tests.TypeFactoryTests" name="IntSerializationFormat(Int16,&quot;string&quot;)" />
    </UnitTest>
    <UnitTest name="NotNull(&quot;test&quot;)" storage="/home/runner/work/typespec/typespec/packages/http-client-csharp/generator/artifacts/bin/microsoft.typespec.generator.tests/debug/net8.0/microsoft.typespec.generator.tests.dll" id="af243bb7-2497-e4e2-f004-65289b8ac189">
      <Execution id="bfe0a3e5-ddf6-42f5-9030-f8900cfa1f83" />
      <TestMethod codeBase="/home/runner/work/typespec/typespec/packages/http-client-csharp/generator/artifacts/bin/Microsoft.TypeSpec.Generator.Tests/Debug/net8.0/Microsoft.TypeSpec.Generator.Tests.dll" adapterTypeName="executor://nunit3testexecutor/" className="Microsoft.TypeSpec.Generator.Tests.Providers.ArgumentTests" name="NotNull(&quot;test&quot;)" />
    </UnitTest>
    <UnitTest name="ValidateMethods" storage="/home/runner/work/typespec/typespec/packages/http-client-csharp/generator/artifacts/bin/microsoft.typespec.generator.tests/debug/net8.0/microsoft.typespec.generator.tests.dll" id="9bb22f05-4791-90bc-3b45-29eda32cd041">
      <Execution id="8e23230f-cc6f-4834-9dee-ed075c1f1247" />
      <TestMethod codeBase="/home/runner/work/typespec/typespec/packages/http-client-csharp/generator/artifacts/bin/Microsoft.TypeSpec.Generator.Tests/Debug/net8.0/Microsoft.TypeSpec.Generator.Tests.dll" adapterTypeName="executor://nunit3testexecutor/" className="Microsoft.TypeSpec.Generator.Tests.Providers.NamedTypeSymbolProviders.NamedTypeSymbolProviderTests" name="ValidateMethods" />
    </UnitTest>
    <UnitTest name="IsDictionary(System.Collections.Generic.IDictionary`2[TKey,TValue],True)" storage="/home/runner/work/typespec/typespec/packages/http-client-csharp/generator/artifacts/bin/microsoft.typespec.generator.tests/debug/net8.0/microsoft.typespec.generator.tests.dll" id="315fc9d1-2762-1c20-7cbb-ff0e06212694">
      <Execution id="2570a363-7ff6-4bc0-82de-cce7a6737672" />
      <TestMethod codeBase="/home/runner/work/typespec/typespec/packages/http-client-csharp/generator/artifacts/bin/Microsoft.TypeSpec.Generator.Tests/Debug/net8.0/Microsoft.TypeSpec.Generator.Tests.dll" adapterTypeName="executor://nunit3testexecutor/" className="Microsoft.TypeSpec.Generator.Tests.Primitives.CSharpTypeTests" name="IsDictionary(System.Collections.Generic.IDictionary`2[TKey,TValue],True)" />
    </UnitTest>
    <UnitTest name="ValidateParameters(System.BinaryData,KeywordExpression { Keyword = default, Expression =  })" storage="/home/runner/work/typespec/typespec/packages/http-client-csharp/generator/artifacts/bin/microsoft.typespec.generator.tests/debug/net8.0/microsoft.typespec.generator.tests.dll" id="58810f2f-120a-dde5-f64a-e389418b9f70">
      <Execution id="e566f7f5-877f-4b23-b48c-1b90a3864a8a" />
      <TestMethod codeBase="/home/runner/work/typespec/typespec/packages/http-client-csharp/generator/artifacts/bin/Microsoft.TypeSpec.Generator.Tests/Debug/net8.0/Microsoft.TypeSpec.Generator.Tests.dll" adapterTypeName="executor://nunit3testexecutor/" className="Microsoft.TypeSpec.Generator.Tests.Providers.NamedTypeSymbolProviders.NamedTypeSymbolProviderTests" name="ValidateParameters(System.BinaryData,KeywordExpression { Keyword = default, Expression =  })" />
    </UnitTest>
    <UnitTest name="ReadOperationsDoNotChange" storage="/home/runner/work/typespec/typespec/packages/http-client-csharp/generator/artifacts/bin/microsoft.typespec.generator.tests/debug/net8.0/microsoft.typespec.generator.tests.dll" id="334b38bd-8b63-9fa0-f809-425ea283cd1c">
      <Execution id="7d75bfd7-72c6-4ceb-9e98-b777261adb5e" />
      <TestMethod codeBase="/home/runner/work/typespec/typespec/packages/http-client-csharp/generator/artifacts/bin/Microsoft.TypeSpec.Generator.Tests/Debug/net8.0/Microsoft.TypeSpec.Generator.Tests.dll" adapterTypeName="executor://nunit3testexecutor/" className="Microsoft.TypeSpec.Generator.Tests.Providers.ChangeTrackingDictionaryTest" name="ReadOperationsDoNotChange" />
    </UnitTest>
    <UnitTest name="CSharpTypeOperatorTestEqual(bool)" storage="/home/runner/work/typespec/typespec/packages/http-client-csharp/generator/artifacts/bin/microsoft.typespec.generator.tests/debug/net8.0/microsoft.typespec.generator.tests.dll" id="d0d08358-736f-27e8-0ef9-204e43fa6c4d">
      <Execution id="12517e10-e17c-4784-b8a9-a1d7018b888d" />
      <TestMethod codeBase="/home/runner/work/typespec/typespec/packages/http-client-csharp/generator/artifacts/bin/Microsoft.TypeSpec.Generator.Tests/Debug/net8.0/Microsoft.TypeSpec.Generator.Tests.dll" adapterTypeName="executor://nunit3testexecutor/" className="Microsoft.TypeSpec.Generator.Tests.Expressions.ValueExpressionTests" name="CSharpTypeOperatorTestEqual(bool)" />
    </UnitTest>
    <UnitTest name="IsArray(System.String[],True)" storage="/home/runner/work/typespec/typespec/packages/http-client-csharp/generator/artifacts/bin/microsoft.typespec.generator.tests/debug/net8.0/microsoft.typespec.generator.tests.dll" id="0dc11377-fff4-751d-96d1-181066aa4b1f">
      <Execution id="01a351ad-042b-4007-9b8a-f10b942977fc" />
      <TestMethod codeBase="/home/runner/work/typespec/typespec/packages/http-client-csharp/generator/artifacts/bin/Microsoft.TypeSpec.Generator.Tests/Debug/net8.0/Microsoft.TypeSpec.Generator.Tests.dll" adapterTypeName="executor://nunit3testexecutor/" className="Microsoft.TypeSpec.Generator.Tests.Primitives.CSharpTypeTests" name="IsArray(System.String[],True)" />
    </UnitTest>
    <UnitTest name="CanUpdateInvokeMethodExpression" storage="/home/runner/work/typespec/typespec/packages/http-client-csharp/generator/artifacts/bin/microsoft.typespec.generator.tests/debug/net8.0/microsoft.typespec.generator.tests.dll" id="c23993e9-a578-82da-0307-f45668a6af07">
      <Execution id="6d385d04-6726-4b52-8631-9257e01b548c" />
      <TestMethod codeBase="/home/runner/work/typespec/typespec/packages/http-client-csharp/generator/artifacts/bin/Microsoft.TypeSpec.Generator.Tests/Debug/net8.0/Microsoft.TypeSpec.Generator.Tests.dll" adapterTypeName="executor://nunit3testexecutor/" className="Microsoft.TypeSpec.Generator.Tests.Expressions.ExpressionVisitorTests" name="CanUpdateInvokeMethodExpression" />
    </UnitTest>
    <UnitTest name="BodyHasSetterValidation(&quot;readOnlyCollectionOnInputOutputModel&quot;,Microsoft.TypeSpec.Generator.Input.InputModelType,False,null)" storage="/home/runner/work/typespec/typespec/packages/http-client-csharp/generator/artifacts/bin/microsoft.typespec.generator.tests/debug/net8.0/microsoft.typespec.generator.tests.dll" id="4fbdb465-712a-f2fe-5f43-f7e5faabbe8f">
      <Execution id="629410df-9923-4063-a9f1-e67f544c154c" />
      <TestMethod codeBase="/home/runner/work/typespec/typespec/packages/http-client-csharp/generator/artifacts/bin/Microsoft.TypeSpec.Generator.Tests/Debug/net8.0/Microsoft.TypeSpec.Generator.Tests.dll" adapterTypeName="executor://nunit3testexecutor/" className="Microsoft.TypeSpec.Generator.Tests.Providers.PropertyProviderTests" name="BodyHasSetterValidation(&quot;readOnlyCollectionOnInputOutputModel&quot;,Microsoft.TypeSpec.Generator.Input.InputModelType,False,null)" />
    </UnitTest>
    <UnitTest name="ExplicitOperatorMethodSignatureDoesNotThrowIfReturnTypeIsNull" storage="/home/runner/work/typespec/typespec/packages/http-client-csharp/generator/artifacts/bin/microsoft.typespec.generator.tests/debug/net8.0/microsoft.typespec.generator.tests.dll" id="922a2c12-e9aa-d1ce-97c8-d1c9e5c95c54">
      <Execution id="89b84499-a550-4aab-82c8-c34366c5597f" />
      <TestMethod codeBase="/home/runner/work/typespec/typespec/packages/http-client-csharp/generator/artifacts/bin/Microsoft.TypeSpec.Generator.Tests/Debug/net8.0/Microsoft.TypeSpec.Generator.Tests.dll" adapterTypeName="executor://nunit3testexecutor/" className="Microsoft.TypeSpec.Generator.Tests.Providers.MethodProviderTests" name="ExplicitOperatorMethodSignatureDoesNotThrowIfReturnTypeIsNull" />
    </UnitTest>
    <UnitTest name="TypeProviderWriter_WriteModelAsStruct" storage="/home/runner/work/typespec/typespec/packages/http-client-csharp/generator/artifacts/bin/microsoft.typespec.generator.tests/debug/net8.0/microsoft.typespec.generator.tests.dll" id="763a6323-3950-5210-95f7-b639e604c6d4">
      <Execution id="9576d5a2-8abb-4866-a100-962f86a9bfcb" />
      <TestMethod codeBase="/home/runner/work/typespec/typespec/packages/http-client-csharp/generator/artifacts/bin/Microsoft.TypeSpec.Generator.Tests/Debug/net8.0/Microsoft.TypeSpec.Generator.Tests.dll" adapterTypeName="executor://nunit3testexecutor/" className="Microsoft.TypeSpec.Generator.Tests.Writers.TypeProviderWriterTests" name="TypeProviderWriter_WriteModelAsStruct" />
    </UnitTest>
    <UnitTest name="TestIsCSharpKeyword(&quot;case&quot;,True)" storage="/home/runner/work/typespec/typespec/packages/http-client-csharp/generator/artifacts/bin/microsoft.typespec.generator.tests/debug/net8.0/microsoft.typespec.generator.tests.dll" id="162ec600-3c0d-b20b-0ef0-589a4bc1ab7f">
      <Execution id="f2c38a26-1de6-4bfd-a5cc-9af98ecb7b74" />
      <TestMethod codeBase="/home/runner/work/typespec/typespec/packages/http-client-csharp/generator/artifacts/bin/Microsoft.TypeSpec.Generator.Tests/Debug/net8.0/Microsoft.TypeSpec.Generator.Tests.dll" adapterTypeName="executor://nunit3testexecutor/" className="Microsoft.TypeSpec.Generator.Tests.Utilities.StringExtensionsTests" name="TestIsCSharpKeyword(&quot;case&quot;,True)" />
    </UnitTest>
    <UnitTest name="NonFrameworkTypeEqualsEquivalentFrameworkType(System.Collections.Generic.IDictionary`2[System.Int32,System.String])" storage="/home/runner/work/typespec/typespec/packages/http-client-csharp/generator/artifacts/bin/microsoft.typespec.generator.tests/debug/net8.0/microsoft.typespec.generator.tests.dll" id="8663a06c-e6d1-9c91-f350-300011ab6250">
      <Execution id="e86df4ab-f0b3-47ab-9f7c-22be856123d5" />
      <TestMethod codeBase="/home/runner/work/typespec/typespec/packages/http-client-csharp/generator/artifacts/bin/Microsoft.TypeSpec.Generator.Tests/Debug/net8.0/Microsoft.TypeSpec.Generator.Tests.dll" adapterTypeName="executor://nunit3testexecutor/" className="Microsoft.TypeSpec.Generator.Tests.Primitives.CSharpTypeTests" name="NonFrameworkTypeEqualsEquivalentFrameworkType(System.Collections.Generic.IDictionary`2[System.Int32,System.String])" />
    </UnitTest>
    <UnitTest name="WithRefCopiesProperties" storage="/home/runner/work/typespec/typespec/packages/http-client-csharp/generator/artifacts/bin/microsoft.typespec.generator.tests/debug/net8.0/microsoft.typespec.generator.tests.dll" id="bbcaa4b0-3f46-3a73-7692-7ddd079c6af7">
      <Execution id="4d62a55c-870b-4246-ab07-803bea42064b" />
      <TestMethod codeBase="/home/runner/work/typespec/typespec/packages/http-client-csharp/generator/artifacts/bin/Microsoft.TypeSpec.Generator.Tests/Debug/net8.0/Microsoft.TypeSpec.Generator.Tests.dll" adapterTypeName="executor://nunit3testexecutor/" className="Microsoft.TypeSpec.Generator.Tests.Providers.ParameterProviderTests" name="WithRefCopiesProperties" />
    </UnitTest>
    <UnitTest name="IntSerializationFormat(UInt8,null)" storage="/home/runner/work/typespec/typespec/packages/http-client-csharp/generator/artifacts/bin/microsoft.typespec.generator.tests/debug/net8.0/microsoft.typespec.generator.tests.dll" id="4dd825a3-3345-47c4-575c-4dfe20a8f4ec">
      <Execution id="94502fb9-006d-4dea-a7fd-40ad52f1e8ec" />
      <TestMethod codeBase="/home/runner/work/typespec/typespec/packages/http-client-csharp/generator/artifacts/bin/Microsoft.TypeSpec.Generator.Tests/Debug/net8.0/Microsoft.TypeSpec.Generator.Tests.dll" adapterTypeName="executor://nunit3testexecutor/" className="Microsoft.TypeSpec.Generator.Tests.TypeFactoryTests" name="IntSerializationFormat(UInt8,null)" />
    </UnitTest>
    <UnitTest name="BodyHasSetterValidation(&quot;propInReadOnlyStruct&quot;,Microsoft.TypeSpec.Generator.Input.InputModelType,False,Struct, ReadOnly)" storage="/home/runner/work/typespec/typespec/packages/http-client-csharp/generator/artifacts/bin/microsoft.typespec.generator.tests/debug/net8.0/microsoft.typespec.generator.tests.dll" id="6ebbf36c-1344-67da-0a21-dbfd36142b2b">
      <Execution id="bf0b88bb-8616-41e4-a4cb-dbff3908756f" />
      <TestMethod codeBase="/home/runner/work/typespec/typespec/packages/http-client-csharp/generator/artifacts/bin/Microsoft.TypeSpec.Generator.Tests/Debug/net8.0/Microsoft.TypeSpec.Generator.Tests.dll" adapterTypeName="executor://nunit3testexecutor/" className="Microsoft.TypeSpec.Generator.Tests.Providers.PropertyProviderTests" name="BodyHasSetterValidation(&quot;propInReadOnlyStruct&quot;,Microsoft.TypeSpec.Generator.Input.InputModelType,False,Struct, ReadOnly)" />
    </UnitTest>
    <UnitTest name="SystemTypeOperatorTestNotEqual(System.Collections.Generic.IDictionary`2[System.Int32,System.String],System.Collections.Generic.IDictionary`2[System.String,System.Int32])" storage="/home/runner/work/typespec/typespec/packages/http-client-csharp/generator/artifacts/bin/microsoft.typespec.generator.tests/debug/net8.0/microsoft.typespec.generator.tests.dll" id="9d9fb6c2-9184-4538-4081-364acb08e5ea">
      <Execution id="f62b8e68-a802-4da5-a219-bfb042203ede" />
      <TestMethod codeBase="/home/runner/work/typespec/typespec/packages/http-client-csharp/generator/artifacts/bin/Microsoft.TypeSpec.Generator.Tests/Debug/net8.0/Microsoft.TypeSpec.Generator.Tests.dll" adapterTypeName="executor://nunit3testexecutor/" className="Microsoft.TypeSpec.Generator.Tests.Expressions.ValueExpressionTests" name="SystemTypeOperatorTestNotEqual(System.Collections.Generic.IDictionary`2[System.Int32,System.String],System.Collections.Generic.IDictionary`2[System.String,System.Int32])" />
    </UnitTest>
    <UnitTest name="CSharpTypeOperatorTestEqual(int)" storage="/home/runner/work/typespec/typespec/packages/http-client-csharp/generator/artifacts/bin/microsoft.typespec.generator.tests/debug/net8.0/microsoft.typespec.generator.tests.dll" id="d7410c30-2c38-57f3-a26d-1ba9591f6649">
      <Execution id="bff38b57-d577-4888-a1ac-2f53fb136dc9" />
      <TestMethod codeBase="/home/runner/work/typespec/typespec/packages/http-client-csharp/generator/artifacts/bin/Microsoft.TypeSpec.Generator.Tests/Debug/net8.0/Microsoft.TypeSpec.Generator.Tests.dll" adapterTypeName="executor://nunit3testexecutor/" className="Microsoft.TypeSpec.Generator.Tests.Expressions.ValueExpressionTests" name="CSharpTypeOperatorTestEqual(int)" />
    </UnitTest>
    <UnitTest name="TestIsCSharpKeyword(&quot;is&quot;,True)" storage="/home/runner/work/typespec/typespec/packages/http-client-csharp/generator/artifacts/bin/microsoft.typespec.generator.tests/debug/net8.0/microsoft.typespec.generator.tests.dll" id="be1834c1-3cb8-0877-f11f-759d3416c3b6">
      <Execution id="b2e6065a-8503-494a-ba45-07a8eeec7561" />
      <TestMethod codeBase="/home/runner/work/typespec/typespec/packages/http-client-csharp/generator/artifacts/bin/Microsoft.TypeSpec.Generator.Tests/Debug/net8.0/Microsoft.TypeSpec.Generator.Tests.dll" adapterTypeName="executor://nunit3testexecutor/" className="Microsoft.TypeSpec.Generator.Tests.Utilities.StringExtensionsTests" name="TestIsCSharpKeyword(&quot;is&quot;,True)" />
    </UnitTest>
    <UnitTest name="ClearResetsUndefined" storage="/home/runner/work/typespec/typespec/packages/http-client-csharp/generator/artifacts/bin/microsoft.typespec.generator.tests/debug/net8.0/microsoft.typespec.generator.tests.dll" id="7fcc0b52-7c7d-2ba2-4751-3821e4104464">
      <Execution id="7acde75d-6094-487c-a764-99c0cdec5a79" />
      <TestMethod codeBase="/home/runner/work/typespec/typespec/packages/http-client-csharp/generator/artifacts/bin/Microsoft.TypeSpec.Generator.Tests/Debug/net8.0/Microsoft.TypeSpec.Generator.Tests.dll" adapterTypeName="executor://nunit3testexecutor/" className="Microsoft.TypeSpec.Generator.Tests.Providers.ChangeTrackingListTest" name="ClearResetsUndefined" />
    </UnitTest>
    <UnitTest name="TestIsCSharpKeyword(&quot;object&quot;,True)" storage="/home/runner/work/typespec/typespec/packages/http-client-csharp/generator/artifacts/bin/microsoft.typespec.generator.tests/debug/net8.0/microsoft.typespec.generator.tests.dll" id="f61f78ee-776e-6806-ce8e-707947cc453b">
      <Execution id="826c2f4f-09c9-4f19-86f2-4ce5bfc70f70" />
      <TestMethod codeBase="/home/runner/work/typespec/typespec/packages/http-client-csharp/generator/artifacts/bin/Microsoft.TypeSpec.Generator.Tests/Debug/net8.0/Microsoft.TypeSpec.Generator.Tests.dll" adapterTypeName="executor://nunit3testexecutor/" className="Microsoft.TypeSpec.Generator.Tests.Utilities.StringExtensionsTests" name="TestIsCSharpKeyword(&quot;object&quot;,True)" />
    </UnitTest>
    <UnitTest name="TypeModifiersTest(Public, Class, Partial)" storage="/home/runner/work/typespec/typespec/packages/http-client-csharp/generator/artifacts/bin/microsoft.typespec.generator.tests/debug/net8.0/microsoft.typespec.generator.tests.dll" id="8d0e76e1-7de8-e197-f803-2767813ece35">
      <Execution id="9c368592-83f0-4792-8685-9f686422d23b" />
      <TestMethod codeBase="/home/runner/work/typespec/typespec/packages/http-client-csharp/generator/artifacts/bin/Microsoft.TypeSpec.Generator.Tests/Debug/net8.0/Microsoft.TypeSpec.Generator.Tests.dll" adapterTypeName="executor://nunit3testexecutor/" className="Microsoft.TypeSpec.Generator.Tests.Writers.CodeWriterTests" name="TypeModifiersTest(Public, Class, Partial)" />
    </UnitTest>
    <UnitTest name="TypesAreNotEqualWhenNullabilityIsDifferent(System.Collections.Generic.IList`1[System.Int32])" storage="/home/runner/work/typespec/typespec/packages/http-client-csharp/generator/artifacts/bin/microsoft.typespec.generator.tests/debug/net8.0/microsoft.typespec.generator.tests.dll" id="7c86940f-8bd1-1d77-6307-fc9803576fb0">
      <Execution id="59648449-da76-4eee-b3b6-3a31e0fd6c67" />
      <TestMethod codeBase="/home/runner/work/typespec/typespec/packages/http-client-csharp/generator/artifacts/bin/Microsoft.TypeSpec.Generator.Tests/Debug/net8.0/Microsoft.TypeSpec.Generator.Tests.dll" adapterTypeName="executor://nunit3testexecutor/" className="Microsoft.TypeSpec.Generator.Tests.Primitives.CSharpTypeTests" name="TypesAreNotEqualWhenNullabilityIsDifferent(System.Collections.Generic.IList`1[System.Int32])" />
    </UnitTest>
    <UnitTest name="TestWriteValueExpression_DefaultCollectionInitializerExpression(&quot;bar&quot;,&quot;{ \&quot;bar\&quot; }&quot;)" storage="/home/runner/work/typespec/typespec/packages/http-client-csharp/generator/artifacts/bin/microsoft.typespec.generator.tests/debug/net8.0/microsoft.typespec.generator.tests.dll" id="b68bdc1e-7304-801d-1e3d-8649f1db1512">
      <Execution id="324676d4-47c1-475e-9dd6-5f7a5f8528d6" />
      <TestMethod codeBase="/home/runner/work/typespec/typespec/packages/http-client-csharp/generator/artifacts/bin/Microsoft.TypeSpec.Generator.Tests/Debug/net8.0/Microsoft.TypeSpec.Generator.Tests.dll" adapterTypeName="executor://nunit3testexecutor/" className="Microsoft.TypeSpec.Generator.Tests.Writers.CodeWriterExtensionTests" name="TestWriteValueExpression_DefaultCollectionInitializerExpression(&quot;bar&quot;,&quot;{ \&quot;bar\&quot; }&quot;)" />
    </UnitTest>
    <UnitTest name="HashCodesAreEqual(System.Collections.Generic.IDictionary`2[System.Int32,System.Int32])" storage="/home/runner/work/typespec/typespec/packages/http-client-csharp/generator/artifacts/bin/microsoft.typespec.generator.tests/debug/net8.0/microsoft.typespec.generator.tests.dll" id="f9da7f0a-44ad-cac9-73d9-a57c239d21b4">
      <Execution id="c69e8cc2-3d87-42aa-9b3c-fdafb88c94a4" />
      <TestMethod codeBase="/home/runner/work/typespec/typespec/packages/http-client-csharp/generator/artifacts/bin/Microsoft.TypeSpec.Generator.Tests/Debug/net8.0/Microsoft.TypeSpec.Generator.Tests.dll" adapterTypeName="executor://nunit3testexecutor/" className="Microsoft.TypeSpec.Generator.Tests.Primitives.CSharpTypeTests" name="HashCodesAreEqual(System.Collections.Generic.IDictionary`2[System.Int32,System.Int32])" />
    </UnitTest>
    <UnitTest name="TestBreakLines_LineBreaksAtEndOfArgument" storage="/home/runner/work/typespec/typespec/packages/http-client-csharp/generator/artifacts/bin/microsoft.typespec.generator.tests/debug/net8.0/microsoft.typespec.generator.tests.dll" id="2a974fab-ba67-ce97-7c56-448e81324bfb">
      <Execution id="3e767d7f-b49c-4c17-8843-1abb1544a1ee" />
      <TestMethod codeBase="/home/runner/work/typespec/typespec/packages/http-client-csharp/generator/artifacts/bin/Microsoft.TypeSpec.Generator.Tests/Debug/net8.0/Microsoft.TypeSpec.Generator.Tests.dll" adapterTypeName="executor://nunit3testexecutor/" className="Microsoft.TypeSpec.Generator.Tests.Utilities.FormattableStringHelpersTests" name="TestBreakLines_LineBreaksAtEndOfArgument" />
    </UnitTest>
    <UnitTest name="ValidateDictionaryWithValues" storage="/home/runner/work/typespec/typespec/packages/http-client-csharp/generator/artifacts/bin/microsoft.typespec.generator.tests/debug/net8.0/microsoft.typespec.generator.tests.dll" id="6724e4f1-a2a0-88f4-a38f-02052c7a33f5">
      <Execution id="c8de4e90-72ca-41eb-8b1c-d12e5e30ae84" />
      <TestMethod codeBase="/home/runner/work/typespec/typespec/packages/http-client-csharp/generator/artifacts/bin/Microsoft.TypeSpec.Generator.Tests/Debug/net8.0/Microsoft.TypeSpec.Generator.Tests.dll" adapterTypeName="executor://nunit3testexecutor/" className="Microsoft.TypeSpec.Generator.Tests.Snippets.SnippetTests" name="ValidateDictionaryWithValues" />
    </UnitTest>
    <UnitTest name="ValidatePropertyTypes(System.Collections.Generic.IList`1[System.String])" storage="/home/runner/work/typespec/typespec/packages/http-client-csharp/generator/artifacts/bin/microsoft.typespec.generator.tests/debug/net8.0/microsoft.typespec.generator.tests.dll" id="843d022d-7ec7-2445-18f9-50d152325c1d">
      <Execution id="ba6f10d0-239c-4bbc-9052-dd79542d9e8f" />
      <TestMethod codeBase="/home/runner/work/typespec/typespec/packages/http-client-csharp/generator/artifacts/bin/Microsoft.TypeSpec.Generator.Tests/Debug/net8.0/Microsoft.TypeSpec.Generator.Tests.dll" adapterTypeName="executor://nunit3testexecutor/" className="Microsoft.TypeSpec.Generator.Tests.Providers.NamedTypeSymbolProviders.NamedTypeSymbolProviderTests" name="ValidatePropertyTypes(System.Collections.Generic.IList`1[System.String])" />
    </UnitTest>
    <UnitTest name="TestBuildProperties_ValidatePropertySetters(Microsoft.TypeSpec.Generator.Input.InputModelProperty,global::System.Collections.Generic.IDictionary&lt;string, string&gt;,True)" storage="/home/runner/work/typespec/typespec/packages/http-client-csharp/generator/artifacts/bin/microsoft.typespec.generator.tests/debug/net8.0/microsoft.typespec.generator.tests.dll" id="2b2ec6d4-cf3e-4cc0-d6a8-69e39e2aebe3">
      <Execution id="53616603-3d02-4c15-aac0-05d6dd2300dd" />
      <TestMethod codeBase="/home/runner/work/typespec/typespec/packages/http-client-csharp/generator/artifacts/bin/Microsoft.TypeSpec.Generator.Tests/Debug/net8.0/Microsoft.TypeSpec.Generator.Tests.dll" adapterTypeName="executor://nunit3testexecutor/" className="Microsoft.TypeSpec.Generator.Tests.Providers.ModelProviders.ModelProviderTests" name="TestBuildProperties_ValidatePropertySetters(Microsoft.TypeSpec.Generator.Input.InputModelProperty,global::System.Collections.Generic.IDictionary&lt;string, string&gt;,True)" />
    </UnitTest>
    <UnitTest name="TestIsCSharpKeyword(&quot;abstract&quot;,True)" storage="/home/runner/work/typespec/typespec/packages/http-client-csharp/generator/artifacts/bin/microsoft.typespec.generator.tests/debug/net8.0/microsoft.typespec.generator.tests.dll" id="1eba5726-210c-03a3-c4f4-4ae5f5484de3">
      <Execution id="5e3fc07d-5962-43fe-bdd4-ec5d68b3a500" />
      <TestMethod codeBase="/home/runner/work/typespec/typespec/packages/http-client-csharp/generator/artifacts/bin/Microsoft.TypeSpec.Generator.Tests/Debug/net8.0/Microsoft.TypeSpec.Generator.Tests.dll" adapterTypeName="executor://nunit3testexecutor/" className="Microsoft.TypeSpec.Generator.Tests.Utilities.StringExtensionsTests" name="TestIsCSharpKeyword(&quot;abstract&quot;,True)" />
    </UnitTest>
    <UnitTest name="FullyQualifiedNamePopulatedForFrameworkTypes(System.Collections.Generic.IDictionary`2[System.Collections.Generic.IDictionary`2[System.Int32,System.String],System.Collections.Generic.IDictionary`2[System.String,System.Int32]])" storage="/home/runner/work/typespec/typespec/packages/http-client-csharp/generator/artifacts/bin/microsoft.typespec.generator.tests/debug/net8.0/microsoft.typespec.generator.tests.dll" id="45f96de3-d049-8a9e-87e9-7145fd26e8ec">
      <Execution id="56015e81-3915-4e3c-84af-379e7237065f" />
      <TestMethod codeBase="/home/runner/work/typespec/typespec/packages/http-client-csharp/generator/artifacts/bin/Microsoft.TypeSpec.Generator.Tests/Debug/net8.0/Microsoft.TypeSpec.Generator.Tests.dll" adapterTypeName="executor://nunit3testexecutor/" className="Microsoft.TypeSpec.Generator.Tests.Primitives.CSharpTypeTests" name="FullyQualifiedNamePopulatedForFrameworkTypes(System.Collections.Generic.IDictionary`2[System.Collections.Generic.IDictionary`2[System.Int32,System.String],System.Collections.Generic.IDictionary`2[System.String,System.Int32]])" />
    </UnitTest>
    <UnitTest name="ValidateParameters(System.Double,LiteralExpression { Literal = 2.2 })" storage="/home/runner/work/typespec/typespec/packages/http-client-csharp/generator/artifacts/bin/microsoft.typespec.generator.tests/debug/net8.0/microsoft.typespec.generator.tests.dll" id="7103c3bf-290e-0e84-ab82-b0411b9aaf06">
      <Execution id="29502785-c3cc-4ffc-aa79-bc850e1168d1" />
      <TestMethod codeBase="/home/runner/work/typespec/typespec/packages/http-client-csharp/generator/artifacts/bin/Microsoft.TypeSpec.Generator.Tests/Debug/net8.0/Microsoft.TypeSpec.Generator.Tests.dll" adapterTypeName="executor://nunit3testexecutor/" className="Microsoft.TypeSpec.Generator.Tests.Providers.NamedTypeSymbolProviders.NamedTypeSymbolProviderTests" name="ValidateParameters(System.Double,LiteralExpression { Literal = 2.2 })" />
    </UnitTest>
    <UnitTest name="TestToApiVersionValue(&quot;V1_2_3_Beta&quot;,&quot;1-2-3-beta&quot;)" storage="/home/runner/work/typespec/typespec/packages/http-client-csharp/generator/artifacts/bin/microsoft.typespec.generator.tests/debug/net8.0/microsoft.typespec.generator.tests.dll" id="d15a4e41-7131-c4a7-4dde-718e5b891cc6">
      <Execution id="12db73e7-e459-46a2-88d8-57ae2a04ba32" />
      <TestMethod codeBase="/home/runner/work/typespec/typespec/packages/http-client-csharp/generator/artifacts/bin/Microsoft.TypeSpec.Generator.Tests/Debug/net8.0/Microsoft.TypeSpec.Generator.Tests.dll" adapterTypeName="executor://nunit3testexecutor/" className="Microsoft.TypeSpec.Generator.Tests.Utilities.StringExtensionsTests" name="TestToApiVersionValue(&quot;V1_2_3_Beta&quot;,&quot;1-2-3-beta&quot;)" />
    </UnitTest>
    <UnitTest name="CreateForStatement" storage="/home/runner/work/typespec/typespec/packages/http-client-csharp/generator/artifacts/bin/microsoft.typespec.generator.tests/debug/net8.0/microsoft.typespec.generator.tests.dll" id="e678aa05-b6ee-1d32-a4ac-844b80c01900">
      <Execution id="52d8963d-3a52-4e1f-aea4-beba47316aa1" />
      <TestMethod codeBase="/home/runner/work/typespec/typespec/packages/http-client-csharp/generator/artifacts/bin/Microsoft.TypeSpec.Generator.Tests/Debug/net8.0/Microsoft.TypeSpec.Generator.Tests.dll" adapterTypeName="executor://nunit3testexecutor/" className="Microsoft.TypeSpec.Generator.Tests.Statements.StatementTests" name="CreateForStatement" />
    </UnitTest>
    <UnitTest name="BuildEnumType_ValidateStringBasedFixedEnum()" storage="/home/runner/work/typespec/typespec/packages/http-client-csharp/generator/artifacts/bin/microsoft.typespec.generator.tests/debug/net8.0/microsoft.typespec.generator.tests.dll" id="26b5d5c1-e705-32b0-2159-1d5a15990b3c">
      <Execution id="3a8b18cf-bf51-4bd7-be1e-bfb704ee9bd0" />
      <TestMethod codeBase="/home/runner/work/typespec/typespec/packages/http-client-csharp/generator/artifacts/bin/Microsoft.TypeSpec.Generator.Tests/Debug/net8.0/Microsoft.TypeSpec.Generator.Tests.dll" adapterTypeName="executor://nunit3testexecutor/" className="Microsoft.TypeSpec.Generator.Tests.Providers.EnumProviderTests" name="BuildEnumType_ValidateStringBasedFixedEnum()" />
    </UnitTest>
    <UnitTest name="TestNewInstanceExpression" storage="/home/runner/work/typespec/typespec/packages/http-client-csharp/generator/artifacts/bin/microsoft.typespec.generator.tests/debug/net8.0/microsoft.typespec.generator.tests.dll" id="17709349-ae15-d50f-ede0-4fa70e827d75">
      <Execution id="5248687e-0a05-4c57-ad72-978f84c7b801" />
      <TestMethod codeBase="/home/runner/work/typespec/typespec/packages/http-client-csharp/generator/artifacts/bin/Microsoft.TypeSpec.Generator.Tests/Debug/net8.0/Microsoft.TypeSpec.Generator.Tests.dll" adapterTypeName="executor://nunit3testexecutor/" className="Microsoft.TypeSpec.Generator.Tests.Expressions.ExpressionsTests" name="TestNewInstanceExpression" />
    </UnitTest>
    <UnitTest name="TestBreakLines_OneArgOnlyWithMultipleCRs" storage="/home/runner/work/typespec/typespec/packages/http-client-csharp/generator/artifacts/bin/microsoft.typespec.generator.tests/debug/net8.0/microsoft.typespec.generator.tests.dll" id="422d58df-bd54-7767-dc16-1a66de87ac79">
      <Execution id="00f505c8-febe-432f-8e72-a751c1decc0b" />
      <TestMethod codeBase="/home/runner/work/typespec/typespec/packages/http-client-csharp/generator/artifacts/bin/Microsoft.TypeSpec.Generator.Tests/Debug/net8.0/Microsoft.TypeSpec.Generator.Tests.dll" adapterTypeName="executor://nunit3testexecutor/" className="Microsoft.TypeSpec.Generator.Tests.Utilities.FormattableStringHelpersTests" name="TestBreakLines_OneArgOnlyWithMultipleCRs" />
    </UnitTest>
    <UnitTest name="TestIsCSharpKeyword(&quot;typeof&quot;,True)" storage="/home/runner/work/typespec/typespec/packages/http-client-csharp/generator/artifacts/bin/microsoft.typespec.generator.tests/debug/net8.0/microsoft.typespec.generator.tests.dll" id="e79ee870-84fd-ee32-152b-bd13bd15383d">
      <Execution id="0ca6ae23-ef4e-47a0-b403-345ea9356933" />
      <TestMethod codeBase="/home/runner/work/typespec/typespec/packages/http-client-csharp/generator/artifacts/bin/Microsoft.TypeSpec.Generator.Tests/Debug/net8.0/Microsoft.TypeSpec.Generator.Tests.dll" adapterTypeName="executor://nunit3testexecutor/" className="Microsoft.TypeSpec.Generator.Tests.Utilities.StringExtensionsTests" name="TestIsCSharpKeyword(&quot;typeof&quot;,True)" />
    </UnitTest>
    <UnitTest name="TestIsCSharpKeyword(&quot;get&quot;,True)" storage="/home/runner/work/typespec/typespec/packages/http-client-csharp/generator/artifacts/bin/microsoft.typespec.generator.tests/debug/net8.0/microsoft.typespec.generator.tests.dll" id="e45411d7-d681-5609-09bb-285dbf9df069">
      <Execution id="10c2d190-1be7-497b-9a6d-d8d6cad08fea" />
      <TestMethod codeBase="/home/runner/work/typespec/typespec/packages/http-client-csharp/generator/artifacts/bin/Microsoft.TypeSpec.Generator.Tests/Debug/net8.0/Microsoft.TypeSpec.Generator.Tests.dll" adapterTypeName="executor://nunit3testexecutor/" className="Microsoft.TypeSpec.Generator.Tests.Utilities.StringExtensionsTests" name="TestIsCSharpKeyword(&quot;get&quot;,True)" />
    </UnitTest>
    <UnitTest name="TypesAreNotEqualWhenNullabilityIsDifferent(System.Collections.Generic.IDictionary`2[System.String,System.String])" storage="/home/runner/work/typespec/typespec/packages/http-client-csharp/generator/artifacts/bin/microsoft.typespec.generator.tests/debug/net8.0/microsoft.typespec.generator.tests.dll" id="c8329772-cb20-c52c-c174-fe72a0244e74">
      <Execution id="a27c4acd-43e8-4fec-ad71-f850e61aef7e" />
      <TestMethod codeBase="/home/runner/work/typespec/typespec/packages/http-client-csharp/generator/artifacts/bin/Microsoft.TypeSpec.Generator.Tests/Debug/net8.0/Microsoft.TypeSpec.Generator.Tests.dll" adapterTypeName="executor://nunit3testexecutor/" className="Microsoft.TypeSpec.Generator.Tests.Primitives.CSharpTypeTests" name="TypesAreNotEqualWhenNullabilityIsDifferent(System.Collections.Generic.IDictionary`2[System.String,System.String])" />
    </UnitTest>
    <UnitTest name="IsCollectionType(System.Int32[],False)" storage="/home/runner/work/typespec/typespec/packages/http-client-csharp/generator/artifacts/bin/microsoft.typespec.generator.tests/debug/net8.0/microsoft.typespec.generator.tests.dll" id="9f5dc4d0-4f46-51dc-f0d6-39607e3de400">
      <Execution id="21d77977-89f7-4fda-8963-303b3fca0d9a" />
      <TestMethod codeBase="/home/runner/work/typespec/typespec/packages/http-client-csharp/generator/artifacts/bin/Microsoft.TypeSpec.Generator.Tests/Debug/net8.0/Microsoft.TypeSpec.Generator.Tests.dll" adapterTypeName="executor://nunit3testexecutor/" className="Microsoft.TypeSpec.Generator.Tests.Primitives.CSharpTypeTests" name="IsCollectionType(System.Int32[],False)" />
    </UnitTest>
    <UnitTest name="HashCodesAreNotEqual(System.Collections.Generic.IDictionary`2[System.Collections.Generic.IDictionary`2[System.Int32,System.String],System.Collections.Generic.IDictionary`2[System.String,System.Int32]],System.Collections.Generic.IDictionary`2[System.Collections.Generic.IDictionary`2[System.String,System.Int32],System.Collections.Generic.IDictionary`2[System.String,System.Int32]])" storage="/home/runner/work/typespec/typespec/packages/http-client-csharp/generator/artifacts/bin/microsoft.typespec.generator.tests/debug/net8.0/microsoft.typespec.generator.tests.dll" id="76bb760b-94c3-9f49-a667-ff04e895a19d">
      <Execution id="652ae3f6-8f15-42d7-bba1-2858399bb3fc" />
      <TestMethod codeBase="/home/runner/work/typespec/typespec/packages/http-client-csharp/generator/artifacts/bin/Microsoft.TypeSpec.Generator.Tests/Debug/net8.0/Microsoft.TypeSpec.Generator.Tests.dll" adapterTypeName="executor://nunit3testexecutor/" className="Microsoft.TypeSpec.Generator.Tests.Primitives.CSharpTypeTests" name="HashCodesAreNotEqual(System.Collections.Generic.IDictionary`2[System.Collections.Generic.IDictionary`2[System.Int32,System.String],System.Collections.Generic.IDictionary`2[System.String,System.Int32]],System.Collections.Generic.IDictionary`2[System.Collections.Generic.IDictionary`2[System.String,System.Int32],System.Collections.Generic.IDictionary`2[System.String,System.Int32]])" />
    </UnitTest>
    <UnitTest name="XmlDocsAreWritten" storage="/home/runner/work/typespec/typespec/packages/http-client-csharp/generator/artifacts/bin/microsoft.typespec.generator.tests/debug/net8.0/microsoft.typespec.generator.tests.dll" id="dd78af76-d896-680f-1e62-b95dc0a25a53">
      <Execution id="0a6268eb-26de-4ce1-abe7-72d0ffe25732" />
      <TestMethod codeBase="/home/runner/work/typespec/typespec/packages/http-client-csharp/generator/artifacts/bin/Microsoft.TypeSpec.Generator.Tests/Debug/net8.0/Microsoft.TypeSpec.Generator.Tests.dll" adapterTypeName="executor://nunit3testexecutor/" className="Microsoft.TypeSpec.Generator.Tests.Providers.ModelProviders.ModelProviderTests" name="XmlDocsAreWritten" />
    </UnitTest>
    <UnitTest name="CSharpTypeOperatorTestNotEqual(bool,string)" storage="/home/runner/work/typespec/typespec/packages/http-client-csharp/generator/artifacts/bin/microsoft.typespec.generator.tests/debug/net8.0/microsoft.typespec.generator.tests.dll" id="81082d72-a555-e204-63e6-057001f26d29">
      <Execution id="145baa32-00d8-4cb4-8d9d-04bcbd02d4e3" />
      <TestMethod codeBase="/home/runner/work/typespec/typespec/packages/http-client-csharp/generator/artifacts/bin/Microsoft.TypeSpec.Generator.Tests/Debug/net8.0/Microsoft.TypeSpec.Generator.Tests.dll" adapterTypeName="executor://nunit3testexecutor/" className="Microsoft.TypeSpec.Generator.Tests.Expressions.ValueExpressionTests" name="CSharpTypeOperatorTestNotEqual(bool,string)" />
    </UnitTest>
    <UnitTest name="IsCollectionType(System.String[],False)" storage="/home/runner/work/typespec/typespec/packages/http-client-csharp/generator/artifacts/bin/microsoft.typespec.generator.tests/debug/net8.0/microsoft.typespec.generator.tests.dll" id="bdb990f7-f868-3321-b44d-97f49c3f2f2d">
      <Execution id="1954269e-aa68-4178-9bd6-8df84e4a715e" />
      <TestMethod codeBase="/home/runner/work/typespec/typespec/packages/http-client-csharp/generator/artifacts/bin/Microsoft.TypeSpec.Generator.Tests/Debug/net8.0/Microsoft.TypeSpec.Generator.Tests.dll" adapterTypeName="executor://nunit3testexecutor/" className="Microsoft.TypeSpec.Generator.Tests.Primitives.CSharpTypeTests" name="IsCollectionType(System.String[],False)" />
    </UnitTest>
    <UnitTest name="CSharpTypeOperatorTestNotEqual(string,int)" storage="/home/runner/work/typespec/typespec/packages/http-client-csharp/generator/artifacts/bin/microsoft.typespec.generator.tests/debug/net8.0/microsoft.typespec.generator.tests.dll" id="6830570b-6b8d-b4b8-7c7b-a733b2906570">
      <Execution id="df258c25-1bf5-46d9-836b-9d70619b468f" />
      <TestMethod codeBase="/home/runner/work/typespec/typespec/packages/http-client-csharp/generator/artifacts/bin/Microsoft.TypeSpec.Generator.Tests/Debug/net8.0/Microsoft.TypeSpec.Generator.Tests.dll" adapterTypeName="executor://nunit3testexecutor/" className="Microsoft.TypeSpec.Generator.Tests.Expressions.ValueExpressionTests" name="CSharpTypeOperatorTestNotEqual(string,int)" />
    </UnitTest>
    <UnitTest name="TestLoadLastContractView" storage="/home/runner/work/typespec/typespec/packages/http-client-csharp/generator/artifacts/bin/microsoft.typespec.generator.tests/debug/net8.0/microsoft.typespec.generator.tests.dll" id="2ad6e120-d9a9-8c8f-b8c4-8df96217afde">
      <Execution id="cec022a7-df14-4439-8c62-976bf9843f71" />
      <TestMethod codeBase="/home/runner/work/typespec/typespec/packages/http-client-csharp/generator/artifacts/bin/Microsoft.TypeSpec.Generator.Tests/Debug/net8.0/Microsoft.TypeSpec.Generator.Tests.dll" adapterTypeName="executor://nunit3testexecutor/" className="Microsoft.TypeSpec.Generator.Tests.Providers.TypeProviderTests" name="TestLoadLastContractView" />
    </UnitTest>
    <UnitTest name="ValidatePropertyTypes(System.Collections.Generic.IDictionary`2[System.Int32,System.Int32])" storage="/home/runner/work/typespec/typespec/packages/http-client-csharp/generator/artifacts/bin/microsoft.typespec.generator.tests/debug/net8.0/microsoft.typespec.generator.tests.dll" id="07f683e9-fcfc-a97b-4836-6544efd7827d">
      <Execution id="0d6d3a21-5694-47f6-9de3-57d239bcd60b" />
      <TestMethod codeBase="/home/runner/work/typespec/typespec/packages/http-client-csharp/generator/artifacts/bin/Microsoft.TypeSpec.Generator.Tests/Debug/net8.0/Microsoft.TypeSpec.Generator.Tests.dll" adapterTypeName="executor://nunit3testexecutor/" className="Microsoft.TypeSpec.Generator.Tests.Providers.NamedTypeSymbolProviders.NamedTypeSymbolProviderTests" name="ValidatePropertyTypes(System.Collections.Generic.IDictionary`2[System.Int32,System.Int32])" />
    </UnitTest>
    <UnitTest name="SerializationCtorInitializerHasToStringForEnumParam" storage="/home/runner/work/typespec/typespec/packages/http-client-csharp/generator/artifacts/bin/microsoft.typespec.generator.tests/debug/net8.0/microsoft.typespec.generator.tests.dll" id="5fa08762-c225-80b2-5d21-73957ee628b2">
      <Execution id="c708fff2-841b-46d6-95b7-36e9e233c394" />
      <TestMethod codeBase="/home/runner/work/typespec/typespec/packages/http-client-csharp/generator/artifacts/bin/Microsoft.TypeSpec.Generator.Tests/Debug/net8.0/Microsoft.TypeSpec.Generator.Tests.dll" adapterTypeName="executor://nunit3testexecutor/" className="Microsoft.TypeSpec.Generator.Tests.Providers.ModelProviders.ModelProviderTests" name="SerializationCtorInitializerHasToStringForEnumParam" />
    </UnitTest>
    <UnitTest name="IsDictionary(System.ReadOnlyMemory`1[T],False)" storage="/home/runner/work/typespec/typespec/packages/http-client-csharp/generator/artifacts/bin/microsoft.typespec.generator.tests/debug/net8.0/microsoft.typespec.generator.tests.dll" id="c60130b7-97e5-1a5f-9286-3db764dfef7d">
      <Execution id="dd5b077c-b174-4b49-867f-738fe8d35f69" />
      <TestMethod codeBase="/home/runner/work/typespec/typespec/packages/http-client-csharp/generator/artifacts/bin/Microsoft.TypeSpec.Generator.Tests/Debug/net8.0/Microsoft.TypeSpec.Generator.Tests.dll" adapterTypeName="executor://nunit3testexecutor/" className="Microsoft.TypeSpec.Generator.Tests.Primitives.CSharpTypeTests" name="IsDictionary(System.ReadOnlyMemory`1[T],False)" />
    </UnitTest>
    <UnitTest name="ValidateProperties" storage="/home/runner/work/typespec/typespec/packages/http-client-csharp/generator/artifacts/bin/microsoft.typespec.generator.tests/debug/net8.0/microsoft.typespec.generator.tests.dll" id="2778d050-be18-0e1b-eac3-753c3cbeca39">
      <Execution id="765cf1ab-5d87-45b8-b76d-2d49ba855a86" />
      <TestMethod codeBase="/home/runner/work/typespec/typespec/packages/http-client-csharp/generator/artifacts/bin/Microsoft.TypeSpec.Generator.Tests/Debug/net8.0/Microsoft.TypeSpec.Generator.Tests.dll" adapterTypeName="executor://nunit3testexecutor/" className="Microsoft.TypeSpec.Generator.Tests.Providers.CanonicalTypeProviderTests" name="ValidateProperties" />
    </UnitTest>
    <UnitTest name="PreVisitsModel" storage="/home/runner/work/typespec/typespec/packages/http-client-csharp/generator/artifacts/bin/microsoft.typespec.generator.tests/debug/net8.0/microsoft.typespec.generator.tests.dll" id="dfcbe56b-8c05-75b1-eb7b-04b5bd15f4af">
      <Execution id="86147950-bc3b-4fc6-aa96-e555c050b678" />
      <TestMethod codeBase="/home/runner/work/typespec/typespec/packages/http-client-csharp/generator/artifacts/bin/Microsoft.TypeSpec.Generator.Tests/Debug/net8.0/Microsoft.TypeSpec.Generator.Tests.dll" adapterTypeName="executor://nunit3testexecutor/" className="Microsoft.TypeSpec.Generator.Tests.InputLibraryVisitorTests" name="PreVisitsModel" />
    </UnitTest>
    <UnitTest name="TestBreakLines_LiteralOpenBrace" storage="/home/runner/work/typespec/typespec/packages/http-client-csharp/generator/artifacts/bin/microsoft.typespec.generator.tests/debug/net8.0/microsoft.typespec.generator.tests.dll" id="57267976-4404-7aed-4d71-8ab7daa0d5b5">
      <Execution id="fae9bcd6-9bcd-42b9-964f-448e84a73f19" />
      <TestMethod codeBase="/home/runner/work/typespec/typespec/packages/http-client-csharp/generator/artifacts/bin/Microsoft.TypeSpec.Generator.Tests/Debug/net8.0/Microsoft.TypeSpec.Generator.Tests.dll" adapterTypeName="executor://nunit3testexecutor/" className="Microsoft.TypeSpec.Generator.Tests.Utilities.FormattableStringHelpersTests" name="TestBreakLines_LiteralOpenBrace" />
    </UnitTest>
    <UnitTest name="TestIsCSharpKeyword(&quot;fixed&quot;,True)" storage="/home/runner/work/typespec/typespec/packages/http-client-csharp/generator/artifacts/bin/microsoft.typespec.generator.tests/debug/net8.0/microsoft.typespec.generator.tests.dll" id="4fa0749a-9226-fbf0-7fab-089e2afe9755">
      <Execution id="aab3c2ec-778a-4bba-809f-df4e90a94b2a" />
      <TestMethod codeBase="/home/runner/work/typespec/typespec/packages/http-client-csharp/generator/artifacts/bin/Microsoft.TypeSpec.Generator.Tests/Debug/net8.0/Microsoft.TypeSpec.Generator.Tests.dll" adapterTypeName="executor://nunit3testexecutor/" className="Microsoft.TypeSpec.Generator.Tests.Utilities.StringExtensionsTests" name="TestIsCSharpKeyword(&quot;fixed&quot;,True)" />
    </UnitTest>
    <UnitTest name="HashCodesAreEqual(System.Collections.Generic.IDictionary`2[TKey,TValue])" storage="/home/runner/work/typespec/typespec/packages/http-client-csharp/generator/artifacts/bin/microsoft.typespec.generator.tests/debug/net8.0/microsoft.typespec.generator.tests.dll" id="d1fa7d85-5780-0f20-ee4e-83b10fd1d81e">
      <Execution id="a171f970-faba-4b2b-a982-9b9a2581fa99" />
      <TestMethod codeBase="/home/runner/work/typespec/typespec/packages/http-client-csharp/generator/artifacts/bin/Microsoft.TypeSpec.Generator.Tests/Debug/net8.0/Microsoft.TypeSpec.Generator.Tests.dll" adapterTypeName="executor://nunit3testexecutor/" className="Microsoft.TypeSpec.Generator.Tests.Primitives.CSharpTypeTests" name="HashCodesAreEqual(System.Collections.Generic.IDictionary`2[TKey,TValue])" />
    </UnitTest>
    <UnitTest name="ShouldDiscoverPlugins" storage="/home/runner/work/typespec/typespec/packages/http-client-csharp/generator/artifacts/bin/microsoft.typespec.generator.tests/debug/net8.0/microsoft.typespec.generator.tests.dll" id="e2039d45-fd2d-c132-a00d-e948754ce65d">
      <Execution id="7d5b082c-6013-44b6-ab79-e3a26b623334" />
      <TestMethod codeBase="/home/runner/work/typespec/typespec/packages/http-client-csharp/generator/artifacts/bin/Microsoft.TypeSpec.Generator.Tests/Debug/net8.0/Microsoft.TypeSpec.Generator.Tests.dll" adapterTypeName="executor://nunit3testexecutor/" className="Microsoft.TypeSpec.Generator.Tests.StartUp.GeneratorHandlerTests" name="ShouldDiscoverPlugins" />
    </UnitTest>
    <UnitTest name="SelectGeneratorCallsPluginsBeforeConfigure" storage="/home/runner/work/typespec/typespec/packages/http-client-csharp/generator/artifacts/bin/microsoft.typespec.generator.tests/debug/net8.0/microsoft.typespec.generator.tests.dll" id="2c51d3b6-1bce-7242-bc6d-4c3bab5a68f1">
      <Execution id="1cffcc80-c2e5-4160-9f65-fad55f8eed2b" />
      <TestMethod codeBase="/home/runner/work/typespec/typespec/packages/http-client-csharp/generator/artifacts/bin/Microsoft.TypeSpec.Generator.Tests/Debug/net8.0/Microsoft.TypeSpec.Generator.Tests.dll" adapterTypeName="executor://nunit3testexecutor/" className="Microsoft.TypeSpec.Generator.Tests.StartUp.GeneratorHandlerTests" name="SelectGeneratorCallsPluginsBeforeConfigure" />
    </UnitTest>
    <UnitTest name="DisableDocsForProperty" storage="/home/runner/work/typespec/typespec/packages/http-client-csharp/generator/artifacts/bin/microsoft.typespec.generator.tests/debug/net8.0/microsoft.typespec.generator.tests.dll" id="7abc69b9-3a95-a1b8-64e1-e290890b2be0">
      <Execution id="ff90e897-4400-4a96-a200-d6315b505e46" />
      <TestMethod codeBase="/home/runner/work/typespec/typespec/packages/http-client-csharp/generator/artifacts/bin/Microsoft.TypeSpec.Generator.Tests/Debug/net8.0/Microsoft.TypeSpec.Generator.Tests.dll" adapterTypeName="executor://nunit3testexecutor/" className="Microsoft.TypeSpec.Generator.Tests.ConfigurationTests" name="DisableDocsForProperty" />
    </UnitTest>
    <UnitTest name="TestIsCSharpKeyword(&quot;virtual&quot;,True)" storage="/home/runner/work/typespec/typespec/packages/http-client-csharp/generator/artifacts/bin/microsoft.typespec.generator.tests/debug/net8.0/microsoft.typespec.generator.tests.dll" id="b888e675-3eac-834f-10b9-417da3997633">
      <Execution id="b8d25483-4612-4a77-8d59-e223e4838688" />
      <TestMethod codeBase="/home/runner/work/typespec/typespec/packages/http-client-csharp/generator/artifacts/bin/Microsoft.TypeSpec.Generator.Tests/Debug/net8.0/Microsoft.TypeSpec.Generator.Tests.dll" adapterTypeName="executor://nunit3testexecutor/" className="Microsoft.TypeSpec.Generator.Tests.Utilities.StringExtensionsTests" name="TestIsCSharpKeyword(&quot;virtual&quot;,True)" />
    </UnitTest>
    <UnitTest name="TestIsCSharpKeyword(&quot;out&quot;,True)" storage="/home/runner/work/typespec/typespec/packages/http-client-csharp/generator/artifacts/bin/microsoft.typespec.generator.tests/debug/net8.0/microsoft.typespec.generator.tests.dll" id="86bafbda-1d9a-b11b-f929-7fdf29a2579b">
      <Execution id="6d6f5840-f4d3-4759-b85d-d785a087b373" />
      <TestMethod codeBase="/home/runner/work/typespec/typespec/packages/http-client-csharp/generator/artifacts/bin/Microsoft.TypeSpec.Generator.Tests/Debug/net8.0/Microsoft.TypeSpec.Generator.Tests.dll" adapterTypeName="executor://nunit3testexecutor/" className="Microsoft.TypeSpec.Generator.Tests.Utilities.StringExtensionsTests" name="TestIsCSharpKeyword(&quot;out&quot;,True)" />
    </UnitTest>
    <UnitTest name="TestIsCSharpKeyword(&quot;int&quot;,True)" storage="/home/runner/work/typespec/typespec/packages/http-client-csharp/generator/artifacts/bin/microsoft.typespec.generator.tests/debug/net8.0/microsoft.typespec.generator.tests.dll" id="2fad9bdc-11bd-393a-baa9-09a36df552c4">
      <Execution id="98b577ad-a648-4233-a3b9-bea379eccf30" />
      <TestMethod codeBase="/home/runner/work/typespec/typespec/packages/http-client-csharp/generator/artifacts/bin/Microsoft.TypeSpec.Generator.Tests/Debug/net8.0/Microsoft.TypeSpec.Generator.Tests.dll" adapterTypeName="executor://nunit3testexecutor/" className="Microsoft.TypeSpec.Generator.Tests.Utilities.StringExtensionsTests" name="TestIsCSharpKeyword(&quot;int&quot;,True)" />
    </UnitTest>
    <UnitTest name="DisableDocsForField" storage="/home/runner/work/typespec/typespec/packages/http-client-csharp/generator/artifacts/bin/microsoft.typespec.generator.tests/debug/net8.0/microsoft.typespec.generator.tests.dll" id="4463e422-b5d5-04bb-3b26-1b04e0f08860">
      <Execution id="1df9acaa-e53b-4fe1-bf6a-50f450abdde8" />
      <TestMethod codeBase="/home/runner/work/typespec/typespec/packages/http-client-csharp/generator/artifacts/bin/Microsoft.TypeSpec.Generator.Tests/Debug/net8.0/Microsoft.TypeSpec.Generator.Tests.dll" adapterTypeName="executor://nunit3testexecutor/" className="Microsoft.TypeSpec.Generator.Tests.ConfigurationTests" name="DisableDocsForField" />
    </UnitTest>
    <UnitTest name="IsCollectionType(System.Collections.Generic.IReadOnlyList`1[T],True)" storage="/home/runner/work/typespec/typespec/packages/http-client-csharp/generator/artifacts/bin/microsoft.typespec.generator.tests/debug/net8.0/microsoft.typespec.generator.tests.dll" id="324bd578-405c-8b22-f175-28ae68baa7fd">
      <Execution id="b6043ffe-80a2-4131-86c4-60526a3e8deb" />
      <TestMethod codeBase="/home/runner/work/typespec/typespec/packages/http-client-csharp/generator/artifacts/bin/Microsoft.TypeSpec.Generator.Tests/Debug/net8.0/Microsoft.TypeSpec.Generator.Tests.dll" adapterTypeName="executor://nunit3testexecutor/" className="Microsoft.TypeSpec.Generator.Tests.Primitives.CSharpTypeTests" name="IsCollectionType(System.Collections.Generic.IReadOnlyList`1[T],True)" />
    </UnitTest>
    <UnitTest name="TestIsCSharpKeyword(&quot;unchecked&quot;,True)" storage="/home/runner/work/typespec/typespec/packages/http-client-csharp/generator/artifacts/bin/microsoft.typespec.generator.tests/debug/net8.0/microsoft.typespec.generator.tests.dll" id="6a7db910-f8fc-fe59-a78d-bdbd0dc39474">
      <Execution id="74c5cc56-6ab0-4df2-b464-12cc3fb00703" />
      <TestMethod codeBase="/home/runner/work/typespec/typespec/packages/http-client-csharp/generator/artifacts/bin/Microsoft.TypeSpec.Generator.Tests/Debug/net8.0/Microsoft.TypeSpec.Generator.Tests.dll" adapterTypeName="executor://nunit3testexecutor/" className="Microsoft.TypeSpec.Generator.Tests.Utilities.StringExtensionsTests" name="TestIsCSharpKeyword(&quot;unchecked&quot;,True)" />
    </UnitTest>
    <UnitTest name="TypeOfStatement(System.Int32,&quot;typeof(int)&quot;)" storage="/home/runner/work/typespec/typespec/packages/http-client-csharp/generator/artifacts/bin/microsoft.typespec.generator.tests/debug/net8.0/microsoft.typespec.generator.tests.dll" id="8d3616fd-3513-88bb-16af-418f5e2f0ef4">
      <Execution id="18bdb100-fbd5-4b64-b8b0-41d3c5933255" />
      <TestMethod codeBase="/home/runner/work/typespec/typespec/packages/http-client-csharp/generator/artifacts/bin/Microsoft.TypeSpec.Generator.Tests/Debug/net8.0/Microsoft.TypeSpec.Generator.Tests.dll" adapterTypeName="executor://nunit3testexecutor/" className="Microsoft.TypeSpec.Generator.Tests.Expressions.TypeOfExpressionTests" name="TypeOfStatement(System.Int32,&quot;typeof(int)&quot;)" />
    </UnitTest>
    <UnitTest name="BodyHasSetterValidation(&quot;intOnOutputModel&quot;,Microsoft.TypeSpec.Generator.Input.InputModelType,False,null)" storage="/home/runner/work/typespec/typespec/packages/http-client-csharp/generator/artifacts/bin/microsoft.typespec.generator.tests/debug/net8.0/microsoft.typespec.generator.tests.dll" id="39b2cad0-5cfd-5913-414b-d32f4ac973ba">
      <Execution id="995ca8f2-08d7-4aa8-849f-328d7a2ee3d0" />
      <TestMethod codeBase="/home/runner/work/typespec/typespec/packages/http-client-csharp/generator/artifacts/bin/Microsoft.TypeSpec.Generator.Tests/Debug/net8.0/Microsoft.TypeSpec.Generator.Tests.dll" adapterTypeName="executor://nunit3testexecutor/" className="Microsoft.TypeSpec.Generator.Tests.Providers.PropertyProviderTests" name="BodyHasSetterValidation(&quot;intOnOutputModel&quot;,Microsoft.TypeSpec.Generator.Input.InputModelType,False,null)" />
    </UnitTest>
    <UnitTest name="HashCodesAreEqual(System.Collections.Generic.IDictionary`2[System.String,System.Int32])" storage="/home/runner/work/typespec/typespec/packages/http-client-csharp/generator/artifacts/bin/microsoft.typespec.generator.tests/debug/net8.0/microsoft.typespec.generator.tests.dll" id="c55050c0-1d45-725e-2617-d72f76287147">
      <Execution id="efa4fc67-b2dc-486c-ab9f-38521d6ce9e4" />
      <TestMethod codeBase="/home/runner/work/typespec/typespec/packages/http-client-csharp/generator/artifacts/bin/Microsoft.TypeSpec.Generator.Tests/Debug/net8.0/Microsoft.TypeSpec.Generator.Tests.dll" adapterTypeName="executor://nunit3testexecutor/" className="Microsoft.TypeSpec.Generator.Tests.Primitives.CSharpTypeTests" name="HashCodesAreEqual(System.Collections.Generic.IDictionary`2[System.String,System.Int32])" />
    </UnitTest>
    <UnitTest name="TestToString(System.Int32,&quot;int&quot;)" storage="/home/runner/work/typespec/typespec/packages/http-client-csharp/generator/artifacts/bin/microsoft.typespec.generator.tests/debug/net8.0/microsoft.typespec.generator.tests.dll" id="884bf3c3-69ed-0831-190b-9fe3ac2b98d1">
      <Execution id="10f2fd48-535f-4613-9c97-4799b7a7d5a2" />
      <TestMethod codeBase="/home/runner/work/typespec/typespec/packages/http-client-csharp/generator/artifacts/bin/Microsoft.TypeSpec.Generator.Tests/Debug/net8.0/Microsoft.TypeSpec.Generator.Tests.dll" adapterTypeName="executor://nunit3testexecutor/" className="Microsoft.TypeSpec.Generator.Tests.Primitives.CSharpTypeTests" name="TestToString(System.Int32,&quot;int&quot;)" />
    </UnitTest>
    <UnitTest name="VisitsFields" storage="/home/runner/work/typespec/typespec/packages/http-client-csharp/generator/artifacts/bin/microsoft.typespec.generator.tests/debug/net8.0/microsoft.typespec.generator.tests.dll" id="4cc9d4ab-e132-c853-fa2e-dbbd8b513879">
      <Execution id="376e4dae-abc2-4375-a69f-9234a95ce386" />
      <TestMethod codeBase="/home/runner/work/typespec/typespec/packages/http-client-csharp/generator/artifacts/bin/Microsoft.TypeSpec.Generator.Tests/Debug/net8.0/Microsoft.TypeSpec.Generator.Tests.dll" adapterTypeName="executor://nunit3testexecutor/" className="Microsoft.TypeSpec.Generator.Tests.OutputLibraryVisitorTests" name="VisitsFields" />
    </UnitTest>
    <UnitTest name="NotNullThrowsOnNull" storage="/home/runner/work/typespec/typespec/packages/http-client-csharp/generator/artifacts/bin/microsoft.typespec.generator.tests/debug/net8.0/microsoft.typespec.generator.tests.dll" id="949b11ab-2e2b-305b-de35-2bb0f2255527">
      <Execution id="c16e1727-009b-4f76-92c7-0123546ef2d9" />
      <TestMethod codeBase="/home/runner/work/typespec/typespec/packages/http-client-csharp/generator/artifacts/bin/Microsoft.TypeSpec.Generator.Tests/Debug/net8.0/Microsoft.TypeSpec.Generator.Tests.dll" adapterTypeName="executor://nunit3testexecutor/" className="Microsoft.TypeSpec.Generator.Tests.Providers.ArgumentTests" name="NotNullThrowsOnNull" />
    </UnitTest>
    <UnitTest name="TypeModifiersTest(Internal, Class, Static)" storage="/home/runner/work/typespec/typespec/packages/http-client-csharp/generator/artifacts/bin/microsoft.typespec.generator.tests/debug/net8.0/microsoft.typespec.generator.tests.dll" id="3a11d461-dba6-2763-896b-5c577d735925">
      <Execution id="91432d9a-dd10-4b64-86be-74ab17f3f87a" />
      <TestMethod codeBase="/home/runner/work/typespec/typespec/packages/http-client-csharp/generator/artifacts/bin/Microsoft.TypeSpec.Generator.Tests/Debug/net8.0/Microsoft.TypeSpec.Generator.Tests.dll" adapterTypeName="executor://nunit3testexecutor/" className="Microsoft.TypeSpec.Generator.Tests.Writers.CodeWriterTests" name="TypeModifiersTest(Internal, Class, Static)" />
    </UnitTest>
    <UnitTest name="TryCatchFinallyStatementWithTryAndCatch" storage="/home/runner/work/typespec/typespec/packages/http-client-csharp/generator/artifacts/bin/microsoft.typespec.generator.tests/debug/net8.0/microsoft.typespec.generator.tests.dll" id="b0406023-9e17-42af-fbaf-e1a01317df38">
      <Execution id="52c7d2e6-fb2e-4b42-9f12-fcf328ad3b74" />
      <TestMethod codeBase="/home/runner/work/typespec/typespec/packages/http-client-csharp/generator/artifacts/bin/Microsoft.TypeSpec.Generator.Tests/Debug/net8.0/Microsoft.TypeSpec.Generator.Tests.dll" adapterTypeName="executor://nunit3testexecutor/" className="Microsoft.TypeSpec.Generator.Tests.Statements.StatementTests" name="TryCatchFinallyStatementWithTryAndCatch" />
    </UnitTest>
    <UnitTest name="SystemTypeOperatorTestEqual(System.Single)" storage="/home/runner/work/typespec/typespec/packages/http-client-csharp/generator/artifacts/bin/microsoft.typespec.generator.tests/debug/net8.0/microsoft.typespec.generator.tests.dll" id="80e8783e-2944-8a5b-ac7e-c8c21d872c1f">
      <Execution id="e1617986-c8ad-44de-aae5-218fe243330c" />
      <TestMethod codeBase="/home/runner/work/typespec/typespec/packages/http-client-csharp/generator/artifacts/bin/Microsoft.TypeSpec.Generator.Tests/Debug/net8.0/Microsoft.TypeSpec.Generator.Tests.dll" adapterTypeName="executor://nunit3testexecutor/" className="Microsoft.TypeSpec.Generator.Tests.Expressions.ValueExpressionTests" name="SystemTypeOperatorTestEqual(System.Single)" />
    </UnitTest>
    <UnitTest name="SystemTypeOperatorTestEqual(System.String)" storage="/home/runner/work/typespec/typespec/packages/http-client-csharp/generator/artifacts/bin/microsoft.typespec.generator.tests/debug/net8.0/microsoft.typespec.generator.tests.dll" id="70714372-dd45-00e7-5cd7-f28250e592ca">
      <Execution id="05dca0ed-9dbc-4578-90ca-b4479c7f1274" />
      <TestMethod codeBase="/home/runner/work/typespec/typespec/packages/http-client-csharp/generator/artifacts/bin/Microsoft.TypeSpec.Generator.Tests/Debug/net8.0/Microsoft.TypeSpec.Generator.Tests.dll" adapterTypeName="executor://nunit3testexecutor/" className="Microsoft.TypeSpec.Generator.Tests.Expressions.ValueExpressionTests" name="SystemTypeOperatorTestEqual(System.String)" />
    </UnitTest>
    <UnitTest name="TestBreakLines_RecursiveFormattableStrings" storage="/home/runner/work/typespec/typespec/packages/http-client-csharp/generator/artifacts/bin/microsoft.typespec.generator.tests/debug/net8.0/microsoft.typespec.generator.tests.dll" id="c78949e1-1970-ebda-ab9c-731ba033e64a">
      <Execution id="059a44a6-9e7e-4f08-9178-785d057ac5a3" />
      <TestMethod codeBase="/home/runner/work/typespec/typespec/packages/http-client-csharp/generator/artifacts/bin/Microsoft.TypeSpec.Generator.Tests/Debug/net8.0/Microsoft.TypeSpec.Generator.Tests.dll" adapterTypeName="executor://nunit3testexecutor/" className="Microsoft.TypeSpec.Generator.Tests.Utilities.FormattableStringHelpersTests" name="TestBreakLines_RecursiveFormattableStrings" />
    </UnitTest>
    <UnitTest name="TestCustomizeNestedTypes(True)" storage="/home/runner/work/typespec/typespec/packages/http-client-csharp/generator/artifacts/bin/microsoft.typespec.generator.tests/debug/net8.0/microsoft.typespec.generator.tests.dll" id="2b25a1d3-06eb-bfd5-b4e0-2bcd8206f4cc">
      <Execution id="45395df4-fca9-4249-9485-20e1cf9eb6ef" />
      <TestMethod codeBase="/home/runner/work/typespec/typespec/packages/http-client-csharp/generator/artifacts/bin/Microsoft.TypeSpec.Generator.Tests/Debug/net8.0/Microsoft.TypeSpec.Generator.Tests.dll" adapterTypeName="executor://nunit3testexecutor/" className="Microsoft.TypeSpec.Generator.Tests.Providers.TypeProviderTests" name="TestCustomizeNestedTypes(True)" />
    </UnitTest>
    <UnitTest name="DictionaryExpression(System.Collections.Generic.IList`1[T],System.Int32)" storage="/home/runner/work/typespec/typespec/packages/http-client-csharp/generator/artifacts/bin/microsoft.typespec.generator.tests/debug/net8.0/microsoft.typespec.generator.tests.dll" id="81d66d52-8188-08f0-3991-7d18e0bec362">
      <Execution id="cf608099-7754-401f-bd52-b8287fba5988" />
      <TestMethod codeBase="/home/runner/work/typespec/typespec/packages/http-client-csharp/generator/artifacts/bin/Microsoft.TypeSpec.Generator.Tests/Debug/net8.0/Microsoft.TypeSpec.Generator.Tests.dll" adapterTypeName="executor://nunit3testexecutor/" className="Microsoft.TypeSpec.Generator.Tests.Expressions.KnownValueExpressionsTests" name="DictionaryExpression(System.Collections.Generic.IList`1[T],System.Int32)" />
    </UnitTest>
    <UnitTest name="CanUpdateExpressionStatement" storage="/home/runner/work/typespec/typespec/packages/http-client-csharp/generator/artifacts/bin/microsoft.typespec.generator.tests/debug/net8.0/microsoft.typespec.generator.tests.dll" id="27c997a8-1c3d-3fbf-ae32-afe57f16f961">
      <Execution id="643a4cd8-75d2-44e4-aac8-f836933e5cbb" />
      <TestMethod codeBase="/home/runner/work/typespec/typespec/packages/http-client-csharp/generator/artifacts/bin/Microsoft.TypeSpec.Generator.Tests/Debug/net8.0/Microsoft.TypeSpec.Generator.Tests.dll" adapterTypeName="executor://nunit3testexecutor/" className="Microsoft.TypeSpec.Generator.Tests.Expressions.ExpressionVisitorTests" name="CanUpdateExpressionStatement" />
    </UnitTest>
    <UnitTest name="TestIsCSharpKeyword(&quot;from&quot;,True)" storage="/home/runner/work/typespec/typespec/packages/http-client-csharp/generator/artifacts/bin/microsoft.typespec.generator.tests/debug/net8.0/microsoft.typespec.generator.tests.dll" id="13a897e0-f375-521a-df84-96ce547f4800">
      <Execution id="9fc68b2e-9287-496c-957a-8506cb4fe499" />
      <TestMethod codeBase="/home/runner/work/typespec/typespec/packages/http-client-csharp/generator/artifacts/bin/Microsoft.TypeSpec.Generator.Tests/Debug/net8.0/Microsoft.TypeSpec.Generator.Tests.dll" adapterTypeName="executor://nunit3testexecutor/" className="Microsoft.TypeSpec.Generator.Tests.Utilities.StringExtensionsTests" name="TestIsCSharpKeyword(&quot;from&quot;,True)" />
    </UnitTest>
    <UnitTest name="GetGenericTypeDefinition(System.Collections.Generic.IDictionary`2[System.Int32,System.Collections.Generic.IList`1[System.String]],System.Collections.Generic.IDictionary`2[TKey,TValue],False)" storage="/home/runner/work/typespec/typespec/packages/http-client-csharp/generator/artifacts/bin/microsoft.typespec.generator.tests/debug/net8.0/microsoft.typespec.generator.tests.dll" id="2f20f457-4f30-a82d-3ca5-006ea3a6967b">
      <Execution id="f8959b53-78dd-4872-a53a-0810172fbaa9" />
      <TestMethod codeBase="/home/runner/work/typespec/typespec/packages/http-client-csharp/generator/artifacts/bin/Microsoft.TypeSpec.Generator.Tests/Debug/net8.0/Microsoft.TypeSpec.Generator.Tests.dll" adapterTypeName="executor://nunit3testexecutor/" className="Microsoft.TypeSpec.Generator.Tests.Primitives.CSharpTypeTests" name="GetGenericTypeDefinition(System.Collections.Generic.IDictionary`2[System.Int32,System.Collections.Generic.IList`1[System.String]],System.Collections.Generic.IDictionary`2[TKey,TValue],False)" />
    </UnitTest>
    <UnitTest name="TestWriteValueExpression_DefaultCastExpression(System.Double,22,&quot;((double)22)&quot;)" storage="/home/runner/work/typespec/typespec/packages/http-client-csharp/generator/artifacts/bin/microsoft.typespec.generator.tests/debug/net8.0/microsoft.typespec.generator.tests.dll" id="15e9c99e-de4e-9516-e261-2eeaf52def6d">
      <Execution id="b915c406-d595-4748-8aa3-a17b976906bc" />
      <TestMethod codeBase="/home/runner/work/typespec/typespec/packages/http-client-csharp/generator/artifacts/bin/Microsoft.TypeSpec.Generator.Tests/Debug/net8.0/Microsoft.TypeSpec.Generator.Tests.dll" adapterTypeName="executor://nunit3testexecutor/" className="Microsoft.TypeSpec.Generator.Tests.Writers.CodeWriterExtensionTests" name="TestWriteValueExpression_DefaultCastExpression(System.Double,22,&quot;((double)22)&quot;)" />
    </UnitTest>
    <UnitTest name="EnumerableExpressionWithAnyMethodCall" storage="/home/runner/work/typespec/typespec/packages/http-client-csharp/generator/artifacts/bin/microsoft.typespec.generator.tests/debug/net8.0/microsoft.typespec.generator.tests.dll" id="e16c19c6-63a6-b892-b6c4-e3e509cc27d9">
      <Execution id="8a4c077d-c552-42dd-befd-07cb151a92c3" />
      <TestMethod codeBase="/home/runner/work/typespec/typespec/packages/http-client-csharp/generator/artifacts/bin/Microsoft.TypeSpec.Generator.Tests/Debug/net8.0/Microsoft.TypeSpec.Generator.Tests.dll" adapterTypeName="executor://nunit3testexecutor/" className="Microsoft.TypeSpec.Generator.Tests.Expressions.KnownValueExpressionsTests" name="EnumerableExpressionWithAnyMethodCall" />
    </UnitTest>
    <UnitTest name="CanCustomizeTypeWithChangedNamespaceInVisitor" storage="/home/runner/work/typespec/typespec/packages/http-client-csharp/generator/artifacts/bin/microsoft.typespec.generator.tests/debug/net8.0/microsoft.typespec.generator.tests.dll" id="ec1daf19-40c8-1beb-7617-255f73a9ae68">
      <Execution id="dbb06467-0736-43b1-94a0-56332c0628fe" />
      <TestMethod codeBase="/home/runner/work/typespec/typespec/packages/http-client-csharp/generator/artifacts/bin/Microsoft.TypeSpec.Generator.Tests/Debug/net8.0/Microsoft.TypeSpec.Generator.Tests.dll" adapterTypeName="executor://nunit3testexecutor/" className="Microsoft.TypeSpec.Generator.Tests.Providers.ModelProviders.ModelCustomizationTests" name="CanCustomizeTypeWithChangedNamespaceInVisitor" />
    </UnitTest>
    <UnitTest name="BodyHasSetterValidation(&quot;nullableDictionaryOnInputModel&quot;,Microsoft.TypeSpec.Generator.Input.InputModelType,False,null)" storage="/home/runner/work/typespec/typespec/packages/http-client-csharp/generator/artifacts/bin/microsoft.typespec.generator.tests/debug/net8.0/microsoft.typespec.generator.tests.dll" id="2e335e06-be84-eebd-8429-513bccec0e21">
      <Execution id="41aa2932-1223-4aaf-9be6-d2980fb43b63" />
      <TestMethod codeBase="/home/runner/work/typespec/typespec/packages/http-client-csharp/generator/artifacts/bin/Microsoft.TypeSpec.Generator.Tests/Debug/net8.0/Microsoft.TypeSpec.Generator.Tests.dll" adapterTypeName="executor://nunit3testexecutor/" className="Microsoft.TypeSpec.Generator.Tests.Providers.PropertyProviderTests" name="BodyHasSetterValidation(&quot;nullableDictionaryOnInputModel&quot;,Microsoft.TypeSpec.Generator.Input.InputModelType,False,null)" />
    </UnitTest>
    <UnitTest name="DoesNotVisitPropertiesWhenTypeIsNulledOut" storage="/home/runner/work/typespec/typespec/packages/http-client-csharp/generator/artifacts/bin/microsoft.typespec.generator.tests/debug/net8.0/microsoft.typespec.generator.tests.dll" id="ab655b06-e7da-ba83-91c6-6676025d835e">
      <Execution id="273702a7-1bb9-4671-884a-1e0fa085fec1" />
      <TestMethod codeBase="/home/runner/work/typespec/typespec/packages/http-client-csharp/generator/artifacts/bin/Microsoft.TypeSpec.Generator.Tests/Debug/net8.0/Microsoft.TypeSpec.Generator.Tests.dll" adapterTypeName="executor://nunit3testexecutor/" className="Microsoft.TypeSpec.Generator.Tests.OutputLibraryVisitorTests" name="DoesNotVisitPropertiesWhenTypeIsNulledOut" />
    </UnitTest>
    <UnitTest name="TestIsCSharpKeyword(&quot;ascending&quot;,True)" storage="/home/runner/work/typespec/typespec/packages/http-client-csharp/generator/artifacts/bin/microsoft.typespec.generator.tests/debug/net8.0/microsoft.typespec.generator.tests.dll" id="dd4f2c85-e2a6-e051-43ff-048d83edd353">
      <Execution id="d90bd120-3185-4575-aef7-616c0c1feac1" />
      <TestMethod codeBase="/home/runner/work/typespec/typespec/packages/http-client-csharp/generator/artifacts/bin/Microsoft.TypeSpec.Generator.Tests/Debug/net8.0/Microsoft.TypeSpec.Generator.Tests.dll" adapterTypeName="executor://nunit3testexecutor/" className="Microsoft.TypeSpec.Generator.Tests.Utilities.StringExtensionsTests" name="TestIsCSharpKeyword(&quot;ascending&quot;,True)" />
    </UnitTest>
    <UnitTest name="TestIsCSharpKeyword(&quot;ref&quot;,True)" storage="/home/runner/work/typespec/typespec/packages/http-client-csharp/generator/artifacts/bin/microsoft.typespec.generator.tests/debug/net8.0/microsoft.typespec.generator.tests.dll" id="96a6c01b-7307-ab09-5ffb-857da77b8125">
      <Execution id="98e6224c-470e-4956-9961-62f666dd8d2f" />
      <TestMethod codeBase="/home/runner/work/typespec/typespec/packages/http-client-csharp/generator/artifacts/bin/Microsoft.TypeSpec.Generator.Tests/Debug/net8.0/Microsoft.TypeSpec.Generator.Tests.dll" adapterTypeName="executor://nunit3testexecutor/" className="Microsoft.TypeSpec.Generator.Tests.Utilities.StringExtensionsTests" name="TestIsCSharpKeyword(&quot;ref&quot;,True)" />
    </UnitTest>
    <UnitTest name="BodyHasSetterValidation(&quot;nullableDictionaryOnInputOutputModel&quot;,Microsoft.TypeSpec.Generator.Input.InputModelType,True,null)" storage="/home/runner/work/typespec/typespec/packages/http-client-csharp/generator/artifacts/bin/microsoft.typespec.generator.tests/debug/net8.0/microsoft.typespec.generator.tests.dll" id="0e8bf738-d499-552d-27ab-7888b4afc768">
      <Execution id="95a09227-3a33-4beb-8034-a3f0574cc29e" />
      <TestMethod codeBase="/home/runner/work/typespec/typespec/packages/http-client-csharp/generator/artifacts/bin/Microsoft.TypeSpec.Generator.Tests/Debug/net8.0/Microsoft.TypeSpec.Generator.Tests.dll" adapterTypeName="executor://nunit3testexecutor/" className="Microsoft.TypeSpec.Generator.Tests.Providers.PropertyProviderTests" name="BodyHasSetterValidation(&quot;nullableDictionaryOnInputOutputModel&quot;,Microsoft.TypeSpec.Generator.Input.InputModelType,True,null)" />
    </UnitTest>
    <UnitTest name="DiscriminatedModelWithUnknownValueThrows" storage="/home/runner/work/typespec/typespec/packages/http-client-csharp/generator/artifacts/bin/microsoft.typespec.generator.tests/debug/net8.0/microsoft.typespec.generator.tests.dll" id="71d86dd6-367d-5902-c936-70dc223913e1">
      <Execution id="3bfd9a05-7e52-464d-b3c6-864ae478e9d0" />
      <TestMethod codeBase="/home/runner/work/typespec/typespec/packages/http-client-csharp/generator/artifacts/bin/Microsoft.TypeSpec.Generator.Tests/Debug/net8.0/Microsoft.TypeSpec.Generator.Tests.dll" adapterTypeName="executor://nunit3testexecutor/" className="Microsoft.TypeSpec.Generator.Tests.Providers.ModelProviders.DiscriminatorTests" name="DiscriminatedModelWithUnknownValueThrows" />
    </UnitTest>
    <UnitTest name="TestWhileStatement" storage="/home/runner/work/typespec/typespec/packages/http-client-csharp/generator/artifacts/bin/microsoft.typespec.generator.tests/debug/net8.0/microsoft.typespec.generator.tests.dll" id="aff9b247-e2ea-7389-05de-ce1036715c81">
      <Execution id="afc38961-202a-4338-8ba4-37eadb7445c8" />
      <TestMethod codeBase="/home/runner/work/typespec/typespec/packages/http-client-csharp/generator/artifacts/bin/Microsoft.TypeSpec.Generator.Tests/Debug/net8.0/Microsoft.TypeSpec.Generator.Tests.dll" adapterTypeName="executor://nunit3testexecutor/" className="Microsoft.TypeSpec.Generator.Tests.Statements.StatementTests" name="TestWhileStatement" />
    </UnitTest>
    <UnitTest name="TestIsCSharpKeyword(&quot;default&quot;,True)" storage="/home/runner/work/typespec/typespec/packages/http-client-csharp/generator/artifacts/bin/microsoft.typespec.generator.tests/debug/net8.0/microsoft.typespec.generator.tests.dll" id="87c101e5-56d9-f2b1-8080-1a4f5d9b19b7">
      <Execution id="b30c728a-2991-43c1-8a19-d65d67d0f574" />
      <TestMethod codeBase="/home/runner/work/typespec/typespec/packages/http-client-csharp/generator/artifacts/bin/Microsoft.TypeSpec.Generator.Tests/Debug/net8.0/Microsoft.TypeSpec.Generator.Tests.dll" adapterTypeName="executor://nunit3testexecutor/" className="Microsoft.TypeSpec.Generator.Tests.Utilities.StringExtensionsTests" name="TestIsCSharpKeyword(&quot;default&quot;,True)" />
    </UnitTest>
    <UnitTest name="VerifyTupleExpressionAssignment" storage="/home/runner/work/typespec/typespec/packages/http-client-csharp/generator/artifacts/bin/microsoft.typespec.generator.tests/debug/net8.0/microsoft.typespec.generator.tests.dll" id="f7358e73-f45b-ed04-d227-c7ce733a2b97">
      <Execution id="00a8123e-c34c-42b2-b793-6c7f97c3dab8" />
      <TestMethod codeBase="/home/runner/work/typespec/typespec/packages/http-client-csharp/generator/artifacts/bin/Microsoft.TypeSpec.Generator.Tests/Debug/net8.0/Microsoft.TypeSpec.Generator.Tests.dll" adapterTypeName="executor://nunit3testexecutor/" className="Microsoft.TypeSpec.Generator.Tests.Expressions.TupleExpressionTests" name="VerifyTupleExpressionAssignment" />
    </UnitTest>
    <UnitTest name="TestIsCSharpKeyword(&quot;volatile&quot;,True)" storage="/home/runner/work/typespec/typespec/packages/http-client-csharp/generator/artifacts/bin/microsoft.typespec.generator.tests/debug/net8.0/microsoft.typespec.generator.tests.dll" id="3bc81a66-af20-0c50-ba41-cb29d122696b">
      <Execution id="df8cc7e1-8b43-4a9c-8bad-21c5336d620a" />
      <TestMethod codeBase="/home/runner/work/typespec/typespec/packages/http-client-csharp/generator/artifacts/bin/Microsoft.TypeSpec.Generator.Tests/Debug/net8.0/Microsoft.TypeSpec.Generator.Tests.dll" adapterTypeName="executor://nunit3testexecutor/" className="Microsoft.TypeSpec.Generator.Tests.Utilities.StringExtensionsTests" name="TestIsCSharpKeyword(&quot;volatile&quot;,True)" />
    </UnitTest>
    <UnitTest name="TestIsCSharpKeyword(&quot;continue&quot;,True)" storage="/home/runner/work/typespec/typespec/packages/http-client-csharp/generator/artifacts/bin/microsoft.typespec.generator.tests/debug/net8.0/microsoft.typespec.generator.tests.dll" id="87c01078-6de1-9cc2-c82f-b4fae10d0ccc">
      <Execution id="5a4e697d-7f56-44fb-9939-b4c45e001d55" />
      <TestMethod codeBase="/home/runner/work/typespec/typespec/packages/http-client-csharp/generator/artifacts/bin/Microsoft.TypeSpec.Generator.Tests/Debug/net8.0/Microsoft.TypeSpec.Generator.Tests.dll" adapterTypeName="executor://nunit3testexecutor/" className="Microsoft.TypeSpec.Generator.Tests.Utilities.StringExtensionsTests" name="TestIsCSharpKeyword(&quot;continue&quot;,True)" />
    </UnitTest>
    <UnitTest name="IsReadOnlyList(System.Int32,False)" storage="/home/runner/work/typespec/typespec/packages/http-client-csharp/generator/artifacts/bin/microsoft.typespec.generator.tests/debug/net8.0/microsoft.typespec.generator.tests.dll" id="d08b732b-ab91-c5d8-c6fb-eaa5596c2a72">
      <Execution id="d913f070-ded1-4d92-8cae-472465efc772" />
      <TestMethod codeBase="/home/runner/work/typespec/typespec/packages/http-client-csharp/generator/artifacts/bin/Microsoft.TypeSpec.Generator.Tests/Debug/net8.0/Microsoft.TypeSpec.Generator.Tests.dll" adapterTypeName="executor://nunit3testexecutor/" className="Microsoft.TypeSpec.Generator.Tests.Primitives.CSharpTypeTests" name="IsReadOnlyList(System.Int32,False)" />
    </UnitTest>
    <UnitTest name="InvalidDocComment" storage="/home/runner/work/typespec/typespec/packages/http-client-csharp/generator/artifacts/bin/microsoft.typespec.generator.tests/debug/net8.0/microsoft.typespec.generator.tests.dll" id="ac825821-a39a-af30-c00b-9869f405d2fa">
      <Execution id="379fad38-da26-4241-beee-6734586c90cc" />
      <TestMethod codeBase="/home/runner/work/typespec/typespec/packages/http-client-csharp/generator/artifacts/bin/Microsoft.TypeSpec.Generator.Tests/Debug/net8.0/Microsoft.TypeSpec.Generator.Tests.dll" adapterTypeName="executor://nunit3testexecutor/" className="Microsoft.TypeSpec.Generator.Tests.Statements.XmlDocStatementTests" name="InvalidDocComment" />
    </UnitTest>
    <UnitTest name="CanChangeIfElseStatement" storage="/home/runner/work/typespec/typespec/packages/http-client-csharp/generator/artifacts/bin/microsoft.typespec.generator.tests/debug/net8.0/microsoft.typespec.generator.tests.dll" id="8872864a-b6f9-7c4e-549d-25987a6de165">
      <Execution id="8c2cb1d0-e0be-4fa2-a9ff-3339245fcefb" />
      <TestMethod codeBase="/home/runner/work/typespec/typespec/packages/http-client-csharp/generator/artifacts/bin/Microsoft.TypeSpec.Generator.Tests/Debug/net8.0/Microsoft.TypeSpec.Generator.Tests.dll" adapterTypeName="executor://nunit3testexecutor/" className="Microsoft.TypeSpec.Generator.Tests.Statements.StatementVisitorTests" name="CanChangeIfElseStatement" />
    </UnitTest>
    <UnitTest name="TestBreakLines_LiteralOpenAndCloseBraceWithLineBreaks" storage="/home/runner/work/typespec/typespec/packages/http-client-csharp/generator/artifacts/bin/microsoft.typespec.generator.tests/debug/net8.0/microsoft.typespec.generator.tests.dll" id="9abb5060-f190-1d75-919a-72d88288d474">
      <Execution id="4de3e408-0369-47fd-948d-043d340133cf" />
      <TestMethod codeBase="/home/runner/work/typespec/typespec/packages/http-client-csharp/generator/artifacts/bin/Microsoft.TypeSpec.Generator.Tests/Debug/net8.0/Microsoft.TypeSpec.Generator.Tests.dll" adapterTypeName="executor://nunit3testexecutor/" className="Microsoft.TypeSpec.Generator.Tests.Utilities.FormattableStringHelpersTests" name="TestBreakLines_LiteralOpenAndCloseBraceWithLineBreaks" />
    </UnitTest>
    <UnitTest name="TypesAreEqual(System.Collections.Generic.IDictionary`2[System.Int32,System.Int32])" storage="/home/runner/work/typespec/typespec/packages/http-client-csharp/generator/artifacts/bin/microsoft.typespec.generator.tests/debug/net8.0/microsoft.typespec.generator.tests.dll" id="bc057fca-fb18-c66b-7400-9f93d27e65bd">
      <Execution id="f807679c-627c-48f1-9700-4ee9e1203388" />
      <TestMethod codeBase="/home/runner/work/typespec/typespec/packages/http-client-csharp/generator/artifacts/bin/Microsoft.TypeSpec.Generator.Tests/Debug/net8.0/Microsoft.TypeSpec.Generator.Tests.dll" adapterTypeName="executor://nunit3testexecutor/" className="Microsoft.TypeSpec.Generator.Tests.Primitives.CSharpTypeTests" name="TypesAreEqual(System.Collections.Generic.IDictionary`2[System.Int32,System.Int32])" />
    </UnitTest>
    <UnitTest name="BuildModelAsStruct" storage="/home/runner/work/typespec/typespec/packages/http-client-csharp/generator/artifacts/bin/microsoft.typespec.generator.tests/debug/net8.0/microsoft.typespec.generator.tests.dll" id="4bc2dbf4-4d7b-95c4-53ef-acd6ed6fb604">
      <Execution id="d1c90b6f-1713-485b-8f04-cd59f4cee1ff" />
      <TestMethod codeBase="/home/runner/work/typespec/typespec/packages/http-client-csharp/generator/artifacts/bin/Microsoft.TypeSpec.Generator.Tests/Debug/net8.0/Microsoft.TypeSpec.Generator.Tests.dll" adapterTypeName="executor://nunit3testexecutor/" className="Microsoft.TypeSpec.Generator.Tests.Providers.ModelProviders.ModelProviderTests" name="BuildModelAsStruct" />
    </UnitTest>
    <UnitTest name="NullConditionalOperatorNotChangeOriginalType" storage="/home/runner/work/typespec/typespec/packages/http-client-csharp/generator/artifacts/bin/microsoft.typespec.generator.tests/debug/net8.0/microsoft.typespec.generator.tests.dll" id="16c4748f-5659-f1a1-bdb2-fa1948c411de">
      <Execution id="1172b7f4-6b9f-4f3a-b326-7276bff779a9" />
      <TestMethod codeBase="/home/runner/work/typespec/typespec/packages/http-client-csharp/generator/artifacts/bin/Microsoft.TypeSpec.Generator.Tests/Debug/net8.0/Microsoft.TypeSpec.Generator.Tests.dll" adapterTypeName="executor://nunit3testexecutor/" className="Microsoft.TypeSpec.Generator.Tests.Expressions.KnownValueExpressionsTests" name="NullConditionalOperatorNotChangeOriginalType" />
    </UnitTest>
    <UnitTest name="TestBuildProperties_ValidatePropertySetters(Microsoft.TypeSpec.Generator.Input.InputModelProperty,global::System.ReadOnlyMemory&lt;T&gt;,True)" storage="/home/runner/work/typespec/typespec/packages/http-client-csharp/generator/artifacts/bin/microsoft.typespec.generator.tests/debug/net8.0/microsoft.typespec.generator.tests.dll" id="6313edd0-c7f1-6a4c-49d6-de9a9caa9631">
      <Execution id="34cd9f94-d604-4b40-abba-fb87b32e7ac3" />
      <TestMethod codeBase="/home/runner/work/typespec/typespec/packages/http-client-csharp/generator/artifacts/bin/Microsoft.TypeSpec.Generator.Tests/Debug/net8.0/Microsoft.TypeSpec.Generator.Tests.dll" adapterTypeName="executor://nunit3testexecutor/" className="Microsoft.TypeSpec.Generator.Tests.Providers.ModelProviders.ModelProviderTests" name="TestBuildProperties_ValidatePropertySetters(Microsoft.TypeSpec.Generator.Input.InputModelProperty,global::System.ReadOnlyMemory&lt;T&gt;,True)" />
    </UnitTest>
    <UnitTest name="SerializationCtorShouldNotAssignBaseField" storage="/home/runner/work/typespec/typespec/packages/http-client-csharp/generator/artifacts/bin/microsoft.typespec.generator.tests/debug/net8.0/microsoft.typespec.generator.tests.dll" id="b74d9560-3d49-85a9-01b1-b6fbdbffcd79">
      <Execution id="80e51885-60a0-4184-8a5e-69a8024ff82d" />
      <TestMethod codeBase="/home/runner/work/typespec/typespec/packages/http-client-csharp/generator/artifacts/bin/Microsoft.TypeSpec.Generator.Tests/Debug/net8.0/Microsoft.TypeSpec.Generator.Tests.dll" adapterTypeName="executor://nunit3testexecutor/" className="Microsoft.TypeSpec.Generator.Tests.Providers.ModelProviders.ModelProviderTests" name="SerializationCtorShouldNotAssignBaseField" />
    </UnitTest>
    <UnitTest name="CodeWriter_WriteProperty_IndexerProperty_MethodPropertyBody_WithExplicitInterface" storage="/home/runner/work/typespec/typespec/packages/http-client-csharp/generator/artifacts/bin/microsoft.typespec.generator.tests/debug/net8.0/microsoft.typespec.generator.tests.dll" id="db96f5ae-9f1f-2fcc-fe19-986560c60177">
      <Execution id="f19865d4-b6a8-4cf6-9952-0aa08d7d1ff1" />
      <TestMethod codeBase="/home/runner/work/typespec/typespec/packages/http-client-csharp/generator/artifacts/bin/Microsoft.TypeSpec.Generator.Tests/Debug/net8.0/Microsoft.TypeSpec.Generator.Tests.dll" adapterTypeName="executor://nunit3testexecutor/" className="Microsoft.TypeSpec.Generator.Tests.Writers.CodeWriterTests" name="CodeWriter_WriteProperty_IndexerProperty_MethodPropertyBody_WithExplicitInterface" />
    </UnitTest>
    <UnitTest name="EqualToFrameworkType(System.Int32)" storage="/home/runner/work/typespec/typespec/packages/http-client-csharp/generator/artifacts/bin/microsoft.typespec.generator.tests/debug/net8.0/microsoft.typespec.generator.tests.dll" id="9295c6d5-381d-235c-2ad2-b93bd04edb90">
      <Execution id="4c8c3081-3395-4d63-9dcb-bb0f3a971db1" />
      <TestMethod codeBase="/home/runner/work/typespec/typespec/packages/http-client-csharp/generator/artifacts/bin/Microsoft.TypeSpec.Generator.Tests/Debug/net8.0/Microsoft.TypeSpec.Generator.Tests.dll" adapterTypeName="executor://nunit3testexecutor/" className="Microsoft.TypeSpec.Generator.Tests.Primitives.CSharpTypeTests" name="EqualToFrameworkType(System.Int32)" />
    </UnitTest>
    <UnitTest name="DictionaryExpression(System.Collections.Generic.IList`1[System.Int32],System.Int32)" storage="/home/runner/work/typespec/typespec/packages/http-client-csharp/generator/artifacts/bin/microsoft.typespec.generator.tests/debug/net8.0/microsoft.typespec.generator.tests.dll" id="e529b671-4072-6117-ed04-0e2e051c553f">
      <Execution id="c2605488-de38-4f52-b0d6-a1521e287fd2" />
      <TestMethod codeBase="/home/runner/work/typespec/typespec/packages/http-client-csharp/generator/artifacts/bin/Microsoft.TypeSpec.Generator.Tests/Debug/net8.0/Microsoft.TypeSpec.Generator.Tests.dll" adapterTypeName="executor://nunit3testexecutor/" className="Microsoft.TypeSpec.Generator.Tests.Expressions.KnownValueExpressionsTests" name="DictionaryExpression(System.Collections.Generic.IList`1[System.Int32],System.Int32)" />
    </UnitTest>
    <UnitTest name="CanChangeTypeNameAfterTypeNamespace" storage="/home/runner/work/typespec/typespec/packages/http-client-csharp/generator/artifacts/bin/microsoft.typespec.generator.tests/debug/net8.0/microsoft.typespec.generator.tests.dll" id="08fc9853-2db6-098a-f86d-309b8ce35b91">
      <Execution id="2c929ce4-4ad7-4791-9101-8531c52be864" />
      <TestMethod codeBase="/home/runner/work/typespec/typespec/packages/http-client-csharp/generator/artifacts/bin/Microsoft.TypeSpec.Generator.Tests/Debug/net8.0/Microsoft.TypeSpec.Generator.Tests.dll" adapterTypeName="executor://nunit3testexecutor/" className="Microsoft.TypeSpec.Generator.Tests.Providers.ModelProviders.ModelCustomizationTests" name="CanChangeTypeNameAfterTypeNamespace" />
    </UnitTest>
    <UnitTest name="Equals(Microsoft.TypeSpec.Generator.Providers.ParameterProvider,Microsoft.TypeSpec.Generator.Providers.ParameterProvider,False)" storage="/home/runner/work/typespec/typespec/packages/http-client-csharp/generator/artifacts/bin/microsoft.typespec.generator.tests/debug/net8.0/microsoft.typespec.generator.tests.dll" id="46dd2cf8-a790-10e4-882d-8d6a5b52f88d">
      <Execution id="be17ecfb-4a72-449b-ad64-1e401b55aef9" />
      <TestMethod codeBase="/home/runner/work/typespec/typespec/packages/http-client-csharp/generator/artifacts/bin/Microsoft.TypeSpec.Generator.Tests/Debug/net8.0/Microsoft.TypeSpec.Generator.Tests.dll" adapterTypeName="executor://nunit3testexecutor/" className="Microsoft.TypeSpec.Generator.Tests.Providers.ParameterProviderTests" name="Equals(Microsoft.TypeSpec.Generator.Providers.ParameterProvider,Microsoft.TypeSpec.Generator.Providers.ParameterProvider,False)" />
    </UnitTest>
    <UnitTest name="SystemTypeOperatorTestEqual(System.Collections.Generic.IDictionary`2[System.Int32,System.Int32])" storage="/home/runner/work/typespec/typespec/packages/http-client-csharp/generator/artifacts/bin/microsoft.typespec.generator.tests/debug/net8.0/microsoft.typespec.generator.tests.dll" id="8e557d55-0858-3f88-21ef-6e2592d9681c">
      <Execution id="94b21864-4e89-40d8-8a41-2466733e6bd3" />
      <TestMethod codeBase="/home/runner/work/typespec/typespec/packages/http-client-csharp/generator/artifacts/bin/Microsoft.TypeSpec.Generator.Tests/Debug/net8.0/Microsoft.TypeSpec.Generator.Tests.dll" adapterTypeName="executor://nunit3testexecutor/" className="Microsoft.TypeSpec.Generator.Tests.Expressions.ValueExpressionTests" name="SystemTypeOperatorTestEqual(System.Collections.Generic.IDictionary`2[System.Int32,System.Int32])" />
    </UnitTest>
    <UnitTest name="IsReadWriteList(System.Int32,False)" storage="/home/runner/work/typespec/typespec/packages/http-client-csharp/generator/artifacts/bin/microsoft.typespec.generator.tests/debug/net8.0/microsoft.typespec.generator.tests.dll" id="0f9d72e7-4b12-d747-8149-f85ab4ea8696">
      <Execution id="7493bffe-4895-45c0-b905-d39055f31eaa" />
      <TestMethod codeBase="/home/runner/work/typespec/typespec/packages/http-client-csharp/generator/artifacts/bin/Microsoft.TypeSpec.Generator.Tests/Debug/net8.0/Microsoft.TypeSpec.Generator.Tests.dll" adapterTypeName="executor://nunit3testexecutor/" className="Microsoft.TypeSpec.Generator.Tests.Primitives.CSharpTypeTests" name="IsReadWriteList(System.Int32,False)" />
    </UnitTest>
    <UnitTest name="ModelWithCustomFixedEnumDiscriminator" storage="/home/runner/work/typespec/typespec/packages/http-client-csharp/generator/artifacts/bin/microsoft.typespec.generator.tests/debug/net8.0/microsoft.typespec.generator.tests.dll" id="f1edc6f8-f6fe-b8f1-8afc-54af87691e26">
      <Execution id="fa65c5d6-aab8-4250-b4fe-a46b4e7ee202" />
      <TestMethod codeBase="/home/runner/work/typespec/typespec/packages/http-client-csharp/generator/artifacts/bin/Microsoft.TypeSpec.Generator.Tests/Debug/net8.0/Microsoft.TypeSpec.Generator.Tests.dll" adapterTypeName="executor://nunit3testexecutor/" className="Microsoft.TypeSpec.Generator.Tests.Providers.ModelProviders.DiscriminatorTests" name="ModelWithCustomFixedEnumDiscriminator" />
    </UnitTest>
    <UnitTest name="SeeCRefType(System.Int32,True)" storage="/home/runner/work/typespec/typespec/packages/http-client-csharp/generator/artifacts/bin/microsoft.typespec.generator.tests/debug/net8.0/microsoft.typespec.generator.tests.dll" id="687df4df-3aed-17f2-92c3-f7a65e0c7c53">
      <Execution id="8c779e89-73b8-4ef4-b52d-7a74b8e5d3a5" />
      <TestMethod codeBase="/home/runner/work/typespec/typespec/packages/http-client-csharp/generator/artifacts/bin/Microsoft.TypeSpec.Generator.Tests/Debug/net8.0/Microsoft.TypeSpec.Generator.Tests.dll" adapterTypeName="executor://nunit3testexecutor/" className="Microsoft.TypeSpec.Generator.Tests.Writers.CodeWriterTests" name="SeeCRefType(System.Int32,True)" />
    </UnitTest>
    <UnitTest name="NotNullOrEmptyString" storage="/home/runner/work/typespec/typespec/packages/http-client-csharp/generator/artifacts/bin/microsoft.typespec.generator.tests/debug/net8.0/microsoft.typespec.generator.tests.dll" id="303e9c2b-b83c-9a8d-47ab-7f218582b8e3">
      <Execution id="29eeb35f-dbf4-46ff-b50e-1a222f34a8cf" />
      <TestMethod codeBase="/home/runner/work/typespec/typespec/packages/http-client-csharp/generator/artifacts/bin/Microsoft.TypeSpec.Generator.Tests/Debug/net8.0/Microsoft.TypeSpec.Generator.Tests.dll" adapterTypeName="executor://nunit3testexecutor/" className="Microsoft.TypeSpec.Generator.Tests.Providers.ArgumentTests" name="NotNullOrEmptyString" />
    </UnitTest>
    <UnitTest name="TestBreakLines_LiteralOpenAndCloseBraceWithT" storage="/home/runner/work/typespec/typespec/packages/http-client-csharp/generator/artifacts/bin/microsoft.typespec.generator.tests/debug/net8.0/microsoft.typespec.generator.tests.dll" id="0dc7140d-4bbf-efdd-6caf-673aa037fb11">
      <Execution id="ee7af04f-ab8f-4822-935c-203fc28acd10" />
      <TestMethod codeBase="/home/runner/work/typespec/typespec/packages/http-client-csharp/generator/artifacts/bin/Microsoft.TypeSpec.Generator.Tests/Debug/net8.0/Microsoft.TypeSpec.Generator.Tests.dll" adapterTypeName="executor://nunit3testexecutor/" className="Microsoft.TypeSpec.Generator.Tests.Utilities.FormattableStringHelpersTests" name="TestBreakLines_LiteralOpenAndCloseBraceWithT" />
    </UnitTest>
    <UnitTest name="ValidateProperties" storage="/home/runner/work/typespec/typespec/packages/http-client-csharp/generator/artifacts/bin/microsoft.typespec.generator.tests/debug/net8.0/microsoft.typespec.generator.tests.dll" id="dded287a-998e-cb9d-f92d-9256dc53a795">
      <Execution id="cb2144a4-6ac7-48e8-9e97-2373c15a6929" />
      <TestMethod codeBase="/home/runner/work/typespec/typespec/packages/http-client-csharp/generator/artifacts/bin/Microsoft.TypeSpec.Generator.Tests/Debug/net8.0/Microsoft.TypeSpec.Generator.Tests.dll" adapterTypeName="executor://nunit3testexecutor/" className="Microsoft.TypeSpec.Generator.Tests.Providers.NamedTypeSymbolProviders.NamedTypeSymbolProviderTests" name="ValidateProperties" />
    </UnitTest>
    <UnitTest name="ValidateGetFormattableStringFormatParts(&quot;{0}{1}&quot;,[Part { Value = 0, IsLiteral = False, ArgumentIndex = 0 }, Part { Value = 1, IsLiteral = False, ArgumentIndex = 1 }])" storage="/home/runner/work/typespec/typespec/packages/http-client-csharp/generator/artifacts/bin/microsoft.typespec.generator.tests/debug/net8.0/microsoft.typespec.generator.tests.dll" id="4c1684c0-a2e7-4381-d0c9-50e5430b44d5">
      <Execution id="54f5ab42-723a-4cec-b856-0b62b182e0e8" />
      <TestMethod codeBase="/home/runner/work/typespec/typespec/packages/http-client-csharp/generator/artifacts/bin/Microsoft.TypeSpec.Generator.Tests/Debug/net8.0/Microsoft.TypeSpec.Generator.Tests.dll" adapterTypeName="executor://nunit3testexecutor/" className="Microsoft.TypeSpec.Generator.Tests.Utilities.StringExtensionsTests" name="ValidateGetFormattableStringFormatParts(&quot;{0}{1}&quot;,[Part { Value = 0, IsLiteral = False, ArgumentIndex = 0 }, Part { Value = 1, IsLiteral = False, ArgumentIndex = 1 }])" />
    </UnitTest>
    <UnitTest name="ValidateNamespace" storage="/home/runner/work/typespec/typespec/packages/http-client-csharp/generator/artifacts/bin/microsoft.typespec.generator.tests/debug/net8.0/microsoft.typespec.generator.tests.dll" id="1aa0e048-8454-4b5a-6b8f-4adbe8aad08e">
      <Execution id="3b17c794-6d1a-4200-b03e-45457bd57a81" />
      <TestMethod codeBase="/home/runner/work/typespec/typespec/packages/http-client-csharp/generator/artifacts/bin/Microsoft.TypeSpec.Generator.Tests/Debug/net8.0/Microsoft.TypeSpec.Generator.Tests.dll" adapterTypeName="executor://nunit3testexecutor/" className="Microsoft.TypeSpec.Generator.Tests.Providers.CanonicalTypeProviderTests" name="ValidateNamespace" />
    </UnitTest>
    <UnitTest name="InvalidDocComment" storage="/home/runner/work/typespec/typespec/packages/http-client-csharp/generator/artifacts/bin/microsoft.typespec.generator.tests/debug/net8.0/microsoft.typespec.generator.tests.dll" id="6e1e695d-4421-afac-2e3e-65d407f908bb">
      <Execution id="1ffbbc0e-64cd-4577-9c20-bb6b91b70ef2" />
      <TestMethod codeBase="/home/runner/work/typespec/typespec/packages/http-client-csharp/generator/artifacts/bin/Microsoft.TypeSpec.Generator.Tests/Debug/net8.0/Microsoft.TypeSpec.Generator.Tests.dll" adapterTypeName="executor://nunit3testexecutor/" className="Microsoft.TypeSpec.Generator.Tests.Statements.XmlDocParamStatementTests" name="InvalidDocComment" />
    </UnitTest>
    <UnitTest name="CodeWriter_WriteProperty_AutoBody_WithExplicitInterface" storage="/home/runner/work/typespec/typespec/packages/http-client-csharp/generator/artifacts/bin/microsoft.typespec.generator.tests/debug/net8.0/microsoft.typespec.generator.tests.dll" id="44cba4f7-5a18-ba1c-b948-fba329c2d655">
      <Execution id="75252400-724b-4b68-89cb-13ab633fadd0" />
      <TestMethod codeBase="/home/runner/work/typespec/typespec/packages/http-client-csharp/generator/artifacts/bin/Microsoft.TypeSpec.Generator.Tests/Debug/net8.0/Microsoft.TypeSpec.Generator.Tests.dll" adapterTypeName="executor://nunit3testexecutor/" className="Microsoft.TypeSpec.Generator.Tests.Writers.CodeWriterTests" name="CodeWriter_WriteProperty_AutoBody_WithExplicitInterface" />
    </UnitTest>
    <UnitTest name="TestAttributes" storage="/home/runner/work/typespec/typespec/packages/http-client-csharp/generator/artifacts/bin/microsoft.typespec.generator.tests/debug/net8.0/microsoft.typespec.generator.tests.dll" id="4c30c1c1-0b1a-add3-c6f0-ac02c548707d">
      <Execution id="659fb03e-a48e-4b0a-8b45-5e6a98a8fb61" />
      <TestMethod codeBase="/home/runner/work/typespec/typespec/packages/http-client-csharp/generator/artifacts/bin/Microsoft.TypeSpec.Generator.Tests/Debug/net8.0/Microsoft.TypeSpec.Generator.Tests.dll" adapterTypeName="executor://nunit3testexecutor/" className="Microsoft.TypeSpec.Generator.Tests.Providers.FieldProviderTests" name="TestAttributes" />
    </UnitTest>
    <UnitTest name="CanRemoveField" storage="/home/runner/work/typespec/typespec/packages/http-client-csharp/generator/artifacts/bin/microsoft.typespec.generator.tests/debug/net8.0/microsoft.typespec.generator.tests.dll" id="d97e98fc-ba5c-40e9-3016-94bbef50b084">
      <Execution id="f803ab8a-397f-4f73-88bc-ddeef40e2bb1" />
      <TestMethod codeBase="/home/runner/work/typespec/typespec/packages/http-client-csharp/generator/artifacts/bin/Microsoft.TypeSpec.Generator.Tests/Debug/net8.0/Microsoft.TypeSpec.Generator.Tests.dll" adapterTypeName="executor://nunit3testexecutor/" className="Microsoft.TypeSpec.Generator.Tests.Providers.ModelProviders.ModelCustomizationTests" name="CanRemoveField" />
    </UnitTest>
    <UnitTest name="TestCustomizeNestedTypes(False)" storage="/home/runner/work/typespec/typespec/packages/http-client-csharp/generator/artifacts/bin/microsoft.typespec.generator.tests/debug/net8.0/microsoft.typespec.generator.tests.dll" id="05dbcc0e-37b6-5c61-b5f8-c3fc14476401">
      <Execution id="ac40e6b1-8035-4cc2-997f-601ab3b90dec" />
      <TestMethod codeBase="/home/runner/work/typespec/typespec/packages/http-client-csharp/generator/artifacts/bin/Microsoft.TypeSpec.Generator.Tests/Debug/net8.0/Microsoft.TypeSpec.Generator.Tests.dll" adapterTypeName="executor://nunit3testexecutor/" className="Microsoft.TypeSpec.Generator.Tests.Providers.TypeProviderTests" name="TestCustomizeNestedTypes(False)" />
    </UnitTest>
    <UnitTest name="TestInvokeInstanceMethodExpression" storage="/home/runner/work/typespec/typespec/packages/http-client-csharp/generator/artifacts/bin/microsoft.typespec.generator.tests/debug/net8.0/microsoft.typespec.generator.tests.dll" id="e1bfabc8-9f04-8734-9894-416f16862390">
      <Execution id="09a43dd3-4207-4d2b-ac97-05ecb8b8661d" />
      <TestMethod codeBase="/home/runner/work/typespec/typespec/packages/http-client-csharp/generator/artifacts/bin/Microsoft.TypeSpec.Generator.Tests/Debug/net8.0/Microsoft.TypeSpec.Generator.Tests.dll" adapterTypeName="executor://nunit3testexecutor/" className="Microsoft.TypeSpec.Generator.Tests.Expressions.ExpressionsTests" name="TestInvokeInstanceMethodExpression" />
    </UnitTest>
    <UnitTest name="TestToApiVersionValueWithVersionPrefix(&quot;V2022_05_15&quot;,&quot;v&quot;,&quot;v2022-05-15&quot;)" storage="/home/runner/work/typespec/typespec/packages/http-client-csharp/generator/artifacts/bin/microsoft.typespec.generator.tests/debug/net8.0/microsoft.typespec.generator.tests.dll" id="66d84296-71e8-000e-094d-50c5e3b925a5">
      <Execution id="d859d8bc-7e97-4566-9e47-d620c34569df" />
      <TestMethod codeBase="/home/runner/work/typespec/typespec/packages/http-client-csharp/generator/artifacts/bin/Microsoft.TypeSpec.Generator.Tests/Debug/net8.0/Microsoft.TypeSpec.Generator.Tests.dll" adapterTypeName="executor://nunit3testexecutor/" className="Microsoft.TypeSpec.Generator.Tests.Utilities.StringExtensionsTests" name="TestToApiVersionValueWithVersionPrefix(&quot;V2022_05_15&quot;,&quot;v&quot;,&quot;v2022-05-15&quot;)" />
    </UnitTest>
    <UnitTest name="List_Undefined_ReturnsFalse" storage="/home/runner/work/typespec/typespec/packages/http-client-csharp/generator/artifacts/bin/microsoft.typespec.generator.tests/debug/net8.0/microsoft.typespec.generator.tests.dll" id="2bd55a3c-b8eb-48c6-3c31-edf0c324bdb0">
      <Execution id="7f206e19-e94f-4c97-98be-ecd4df1ceca9" />
      <TestMethod codeBase="/home/runner/work/typespec/typespec/packages/http-client-csharp/generator/artifacts/bin/Microsoft.TypeSpec.Generator.Tests/Debug/net8.0/Microsoft.TypeSpec.Generator.Tests.dll" adapterTypeName="executor://nunit3testexecutor/" className="Microsoft.TypeSpec.Generator.Tests.Providers.OptionalTests" name="List_Undefined_ReturnsFalse" />
    </UnitTest>
    <UnitTest name="CanChangePropertyName" storage="/home/runner/work/typespec/typespec/packages/http-client-csharp/generator/artifacts/bin/microsoft.typespec.generator.tests/debug/net8.0/microsoft.typespec.generator.tests.dll" id="6a114c62-b108-96f0-a37a-172432e1c5dc">
      <Execution id="7e8e3e20-1ff5-4ff6-9043-9bf13e4f7ac2" />
      <TestMethod codeBase="/home/runner/work/typespec/typespec/packages/http-client-csharp/generator/artifacts/bin/Microsoft.TypeSpec.Generator.Tests/Debug/net8.0/Microsoft.TypeSpec.Generator.Tests.dll" adapterTypeName="executor://nunit3testexecutor/" className="Microsoft.TypeSpec.Generator.Tests.Providers.ModelProviders.ModelCustomizationTests" name="CanChangePropertyName" />
    </UnitTest>
    <UnitTest name="ContainsWorks" storage="/home/runner/work/typespec/typespec/packages/http-client-csharp/generator/artifacts/bin/microsoft.typespec.generator.tests/debug/net8.0/microsoft.typespec.generator.tests.dll" id="f36e613e-8af1-7694-fe1e-c337099c7740">
      <Execution id="5a2b5229-f8ae-4156-b4e4-12c4fce6b303" />
      <TestMethod codeBase="/home/runner/work/typespec/typespec/packages/http-client-csharp/generator/artifacts/bin/Microsoft.TypeSpec.Generator.Tests/Debug/net8.0/Microsoft.TypeSpec.Generator.Tests.dll" adapterTypeName="executor://nunit3testexecutor/" className="Microsoft.TypeSpec.Generator.Tests.Providers.ChangeTrackingListTest" name="ContainsWorks" />
    </UnitTest>
    <UnitTest name="AsParameterRespectsChangesToFieldType" storage="/home/runner/work/typespec/typespec/packages/http-client-csharp/generator/artifacts/bin/microsoft.typespec.generator.tests/debug/net8.0/microsoft.typespec.generator.tests.dll" id="36d446b4-f7a6-82f4-b811-f718141f12a6">
      <Execution id="c141caf6-1afc-4c4c-bfb3-2f8ea7bc1229" />
      <TestMethod codeBase="/home/runner/work/typespec/typespec/packages/http-client-csharp/generator/artifacts/bin/Microsoft.TypeSpec.Generator.Tests/Debug/net8.0/Microsoft.TypeSpec.Generator.Tests.dll" adapterTypeName="executor://nunit3testexecutor/" className="Microsoft.TypeSpec.Generator.Tests.Providers.FieldProviderTests" name="AsParameterRespectsChangesToFieldType" />
    </UnitTest>
    <UnitTest name="TypesAreNotEqualWhenNullabilityIsDifferent(System.Int32)" storage="/home/runner/work/typespec/typespec/packages/http-client-csharp/generator/artifacts/bin/microsoft.typespec.generator.tests/debug/net8.0/microsoft.typespec.generator.tests.dll" id="346c6662-0edd-cc36-ad4f-90e5d7ae9dff">
      <Execution id="61cc3062-9661-4e7a-a1dc-5e42ab174cbd" />
      <TestMethod codeBase="/home/runner/work/typespec/typespec/packages/http-client-csharp/generator/artifacts/bin/Microsoft.TypeSpec.Generator.Tests/Debug/net8.0/Microsoft.TypeSpec.Generator.Tests.dll" adapterTypeName="executor://nunit3testexecutor/" className="Microsoft.TypeSpec.Generator.Tests.Primitives.CSharpTypeTests" name="TypesAreNotEqualWhenNullabilityIsDifferent(System.Int32)" />
    </UnitTest>
    <UnitTest name="TestIsCSharpKeyword(&quot;when&quot;,True)" storage="/home/runner/work/typespec/typespec/packages/http-client-csharp/generator/artifacts/bin/microsoft.typespec.generator.tests/debug/net8.0/microsoft.typespec.generator.tests.dll" id="815fb8f0-ad01-b4ee-797b-d30a532621d6">
      <Execution id="590e3130-b13a-4e90-8940-bf9e24b744cb" />
      <TestMethod codeBase="/home/runner/work/typespec/typespec/packages/http-client-csharp/generator/artifacts/bin/Microsoft.TypeSpec.Generator.Tests/Debug/net8.0/Microsoft.TypeSpec.Generator.Tests.dll" adapterTypeName="executor://nunit3testexecutor/" className="Microsoft.TypeSpec.Generator.Tests.Utilities.StringExtensionsTests" name="TestIsCSharpKeyword(&quot;when&quot;,True)" />
    </UnitTest>
    <UnitTest name="ValidateCSharpType" storage="/home/runner/work/typespec/typespec/packages/http-client-csharp/generator/artifacts/bin/microsoft.typespec.generator.tests/debug/net8.0/microsoft.typespec.generator.tests.dll" id="393a5d92-f61b-33c1-f6ef-562b28684423">
      <Execution id="c0059eda-7630-46be-ba62-19f7ced4d3c1" />
      <TestMethod codeBase="/home/runner/work/typespec/typespec/packages/http-client-csharp/generator/artifacts/bin/Microsoft.TypeSpec.Generator.Tests/Debug/net8.0/Microsoft.TypeSpec.Generator.Tests.dll" adapterTypeName="executor://nunit3testexecutor/" className="Microsoft.TypeSpec.Generator.Tests.Providers.NamedTypeSymbolProviders.NamedTypeSymbolProviderTests" name="ValidateCSharpType" />
    </UnitTest>
    <UnitTest name="TypeOfStatement(System.Collections.Generic.Dictionary`2[System.String,System.Int32],&quot;typeof(global::System.Collections.Generic.Dictionary&lt;string, int&gt;)&quot;)" storage="/home/runner/work/typespec/typespec/packages/http-client-csharp/generator/artifacts/bin/microsoft.typespec.generator.tests/debug/net8.0/microsoft.typespec.generator.tests.dll" id="a60ad471-5145-4543-967b-f726d62bddba">
      <Execution id="51dc54c5-884f-4c3e-8506-5afc3015b189" />
      <TestMethod codeBase="/home/runner/work/typespec/typespec/packages/http-client-csharp/generator/artifacts/bin/Microsoft.TypeSpec.Generator.Tests/Debug/net8.0/Microsoft.TypeSpec.Generator.Tests.dll" adapterTypeName="executor://nunit3testexecutor/" className="Microsoft.TypeSpec.Generator.Tests.Expressions.TypeOfExpressionTests" name="TypeOfStatement(System.Collections.Generic.Dictionary`2[System.String,System.Int32],&quot;typeof(global::System.Collections.Generic.Dictionary&lt;string, int&gt;)&quot;)" />
    </UnitTest>
    <UnitTest name="TryCatchFinallyStatementWithTryOnly" storage="/home/runner/work/typespec/typespec/packages/http-client-csharp/generator/artifacts/bin/microsoft.typespec.generator.tests/debug/net8.0/microsoft.typespec.generator.tests.dll" id="67b808f1-3424-c706-0626-61cae95290b0">
      <Execution id="6282404c-76ce-4482-8302-431b2fe7319f" />
      <TestMethod codeBase="/home/runner/work/typespec/typespec/packages/http-client-csharp/generator/artifacts/bin/Microsoft.TypeSpec.Generator.Tests/Debug/net8.0/Microsoft.TypeSpec.Generator.Tests.dll" adapterTypeName="executor://nunit3testexecutor/" className="Microsoft.TypeSpec.Generator.Tests.Statements.StatementTests" name="TryCatchFinallyStatementWithTryOnly" />
    </UnitTest>
    <UnitTest name="TestIsCSharpKeyword(&quot;var&quot;,True)" storage="/home/runner/work/typespec/typespec/packages/http-client-csharp/generator/artifacts/bin/microsoft.typespec.generator.tests/debug/net8.0/microsoft.typespec.generator.tests.dll" id="e62b0ac9-01f2-0e89-3974-9ee36ffb1441">
      <Execution id="15da672d-142d-4718-ba96-4d87c4aa15d6" />
      <TestMethod codeBase="/home/runner/work/typespec/typespec/packages/http-client-csharp/generator/artifacts/bin/Microsoft.TypeSpec.Generator.Tests/Debug/net8.0/Microsoft.TypeSpec.Generator.Tests.dll" adapterTypeName="executor://nunit3testexecutor/" className="Microsoft.TypeSpec.Generator.Tests.Utilities.StringExtensionsTests" name="TestIsCSharpKeyword(&quot;var&quot;,True)" />
    </UnitTest>
    <UnitTest name="RemoveElement" storage="/home/runner/work/typespec/typespec/packages/http-client-csharp/generator/artifacts/bin/microsoft.typespec.generator.tests/debug/net8.0/microsoft.typespec.generator.tests.dll" id="68a85961-9245-ef89-9384-7c147c86200d">
      <Execution id="01bb6fb2-82da-4975-b9bc-a4cfdfe317ef" />
      <TestMethod codeBase="/home/runner/work/typespec/typespec/packages/http-client-csharp/generator/artifacts/bin/Microsoft.TypeSpec.Generator.Tests/Debug/net8.0/Microsoft.TypeSpec.Generator.Tests.dll" adapterTypeName="executor://nunit3testexecutor/" className="Microsoft.TypeSpec.Generator.Tests.Providers.ChangeTrackingListTest" name="RemoveElement" />
    </UnitTest>
    <UnitTest name="RewriterIsInvoked" storage="/home/runner/work/typespec/typespec/packages/http-client-csharp/generator/artifacts/bin/microsoft.typespec.generator.tests/debug/net8.0/microsoft.typespec.generator.tests.dll" id="ad21f910-faaa-b344-8f9e-a93a8dc67bfd">
      <Execution id="c32dc05e-4a5f-42b5-bffd-d887c1866d40" />
      <TestMethod codeBase="/home/runner/work/typespec/typespec/packages/http-client-csharp/generator/artifacts/bin/Microsoft.TypeSpec.Generator.Tests/Debug/net8.0/Microsoft.TypeSpec.Generator.Tests.dll" adapterTypeName="executor://nunit3testexecutor/" className="Microsoft.TypeSpec.Generator.Tests.Writers.RewriterTests" name="RewriterIsInvoked" />
    </UnitTest>
    <UnitTest name="TestBreakLines_LineBreaksInFormat" storage="/home/runner/work/typespec/typespec/packages/http-client-csharp/generator/artifacts/bin/microsoft.typespec.generator.tests/debug/net8.0/microsoft.typespec.generator.tests.dll" id="98dd78b1-1ecf-225c-2dae-28d00044714f">
      <Execution id="5a92fa5d-36ed-41b6-9b28-2f2555e101fc" />
      <TestMethod codeBase="/home/runner/work/typespec/typespec/packages/http-client-csharp/generator/artifacts/bin/Microsoft.TypeSpec.Generator.Tests/Debug/net8.0/Microsoft.TypeSpec.Generator.Tests.dll" adapterTypeName="executor://nunit3testexecutor/" className="Microsoft.TypeSpec.Generator.Tests.Utilities.FormattableStringHelpersTests" name="TestBreakLines_LineBreaksInFormat" />
    </UnitTest>
    <UnitTest name="ResolveMissingAssembly_NotFoundInProbingPaths" storage="/home/runner/work/typespec/typespec/packages/http-client-csharp/generator/artifacts/bin/microsoft.typespec.generator.tests/debug/net8.0/microsoft.typespec.generator.tests.dll" id="bb1cdb21-163e-5d0c-3e09-b402ddc7bfed">
      <Execution id="1fe15392-016a-4477-8547-f0a5aa5cfad5" />
      <TestMethod codeBase="/home/runner/work/typespec/typespec/packages/http-client-csharp/generator/artifacts/bin/Microsoft.TypeSpec.Generator.Tests/Debug/net8.0/Microsoft.TypeSpec.Generator.Tests.dll" adapterTypeName="executor://nunit3testexecutor/" className="Microsoft.TypeSpec.Generator.Tests.PostProcessing.WorkspaceMetadataReferenceResolverTests" name="ResolveMissingAssembly_NotFoundInProbingPaths" />
    </UnitTest>
    <UnitTest name="RemovesInvalidUsings" storage="/home/runner/work/typespec/typespec/packages/http-client-csharp/generator/artifacts/bin/microsoft.typespec.generator.tests/debug/net8.0/microsoft.typespec.generator.tests.dll" id="d5e66563-8444-3eea-e5eb-82b4ca6ef68d">
      <Execution id="239a45b5-0344-4181-a5bf-2b08b992b679" />
      <TestMethod codeBase="/home/runner/work/typespec/typespec/packages/http-client-csharp/generator/artifacts/bin/Microsoft.TypeSpec.Generator.Tests/Debug/net8.0/Microsoft.TypeSpec.Generator.Tests.dll" adapterTypeName="executor://nunit3testexecutor/" className="Microsoft.TypeSpec.Generator.Tests.PostProcessing.PostProcessorTests" name="RemovesInvalidUsings" />
    </UnitTest>
    <UnitTest name="SystemTypeOperatorTestEqual(System.Collections.Generic.IDictionary`2[System.Collections.Generic.IDictionary`2[System.Int32,System.String],System.Collections.Generic.IDictionary`2[System.String,System.Int32]])" storage="/home/runner/work/typespec/typespec/packages/http-client-csharp/generator/artifacts/bin/microsoft.typespec.generator.tests/debug/net8.0/microsoft.typespec.generator.tests.dll" id="1bd1468e-4b03-99f3-870a-93d26181d5f7">
      <Execution id="d5644c57-f117-4cd7-b595-1a7065c297c4" />
      <TestMethod codeBase="/home/runner/work/typespec/typespec/packages/http-client-csharp/generator/artifacts/bin/Microsoft.TypeSpec.Generator.Tests/Debug/net8.0/Microsoft.TypeSpec.Generator.Tests.dll" adapterTypeName="executor://nunit3testexecutor/" className="Microsoft.TypeSpec.Generator.Tests.Expressions.ValueExpressionTests" name="SystemTypeOperatorTestEqual(System.Collections.Generic.IDictionary`2[System.Collections.Generic.IDictionary`2[System.Int32,System.String],System.Collections.Generic.IDictionary`2[System.String,System.Int32]])" />
    </UnitTest>
    <UnitTest name="TestIsCSharpKeyword(&quot;class&quot;,True)" storage="/home/runner/work/typespec/typespec/packages/http-client-csharp/generator/artifacts/bin/microsoft.typespec.generator.tests/debug/net8.0/microsoft.typespec.generator.tests.dll" id="9e0c2ec8-5eaf-e430-242e-e3a4a1117926">
      <Execution id="5ab4db27-9375-472f-8cb0-907cc8f2804a" />
      <TestMethod codeBase="/home/runner/work/typespec/typespec/packages/http-client-csharp/generator/artifacts/bin/Microsoft.TypeSpec.Generator.Tests/Debug/net8.0/Microsoft.TypeSpec.Generator.Tests.dll" adapterTypeName="executor://nunit3testexecutor/" className="Microsoft.TypeSpec.Generator.Tests.Utilities.StringExtensionsTests" name="TestIsCSharpKeyword(&quot;class&quot;,True)" />
    </UnitTest>
    <UnitTest name="FixedStringEnumType" storage="/home/runner/work/typespec/typespec/packages/http-client-csharp/generator/artifacts/bin/microsoft.typespec.generator.tests/debug/net8.0/microsoft.typespec.generator.tests.dll" id="5158dc5f-4924-ea66-f362-5aff5c0fd1e5">
      <Execution id="764c9340-f25e-4803-a094-0f786018f01a" />
      <TestMethod codeBase="/home/runner/work/typespec/typespec/packages/http-client-csharp/generator/artifacts/bin/Microsoft.TypeSpec.Generator.Tests/Debug/net8.0/Microsoft.TypeSpec.Generator.Tests.dll" adapterTypeName="executor://nunit3testexecutor/" className="Microsoft.TypeSpec.Generator.Tests.TypeFactoryTests" name="FixedStringEnumType" />
    </UnitTest>
    <UnitTest name="CustomCodeAttributesAreLoadedIntoAttributeStatements" storage="/home/runner/work/typespec/typespec/packages/http-client-csharp/generator/artifacts/bin/microsoft.typespec.generator.tests/debug/net8.0/microsoft.typespec.generator.tests.dll" id="3d79305c-5a98-d601-ac9c-4bf67660f1e8">
      <Execution id="cdd02e5e-9bf0-40a5-baeb-4d1fb2942167" />
      <TestMethod codeBase="/home/runner/work/typespec/typespec/packages/http-client-csharp/generator/artifacts/bin/Microsoft.TypeSpec.Generator.Tests/Debug/net8.0/Microsoft.TypeSpec.Generator.Tests.dll" adapterTypeName="executor://nunit3testexecutor/" className="Microsoft.TypeSpec.Generator.Tests.Providers.ModelProviders.ClientCustomizationTests" name="CustomCodeAttributesAreLoadedIntoAttributeStatements" />
    </UnitTest>
    <UnitTest name="AttributeStatementWithArgumentsAndNamedArguments" storage="/home/runner/work/typespec/typespec/packages/http-client-csharp/generator/artifacts/bin/microsoft.typespec.generator.tests/debug/net8.0/microsoft.typespec.generator.tests.dll" id="5cebd592-bd9a-5f69-76f3-70a1b64fb493">
      <Execution id="ff3194a7-9695-47b9-bb54-1daa74fa7255" />
      <TestMethod codeBase="/home/runner/work/typespec/typespec/packages/http-client-csharp/generator/artifacts/bin/Microsoft.TypeSpec.Generator.Tests/Debug/net8.0/Microsoft.TypeSpec.Generator.Tests.dll" adapterTypeName="executor://nunit3testexecutor/" className="Microsoft.TypeSpec.Generator.Tests.Statements.AttributeStatementTests" name="AttributeStatementWithArgumentsAndNamedArguments" />
    </UnitTest>
    <UnitTest name="CanChangePropertyType" storage="/home/runner/work/typespec/typespec/packages/http-client-csharp/generator/artifacts/bin/microsoft.typespec.generator.tests/debug/net8.0/microsoft.typespec.generator.tests.dll" id="b75dbff8-492f-b9d8-9330-adf317c28bd9">
      <Execution id="fbf92378-25b2-43a5-ad34-ff5278909d88" />
      <TestMethod codeBase="/home/runner/work/typespec/typespec/packages/http-client-csharp/generator/artifacts/bin/Microsoft.TypeSpec.Generator.Tests/Debug/net8.0/Microsoft.TypeSpec.Generator.Tests.dll" adapterTypeName="executor://nunit3testexecutor/" className="Microsoft.TypeSpec.Generator.Tests.Providers.ModelProviders.ModelCustomizationTests" name="CanChangePropertyType" />
    </UnitTest>
    <UnitTest name="BaseHasFieldWhenPropertyIsNarrowed" storage="/home/runner/work/typespec/typespec/packages/http-client-csharp/generator/artifacts/bin/microsoft.typespec.generator.tests/debug/net8.0/microsoft.typespec.generator.tests.dll" id="9f8beda9-9478-ee60-1af4-cbd90177d26b">
      <Execution id="5f2e079f-ba47-4edc-a1ee-6153abfb3827" />
      <TestMethod codeBase="/home/runner/work/typespec/typespec/packages/http-client-csharp/generator/artifacts/bin/Microsoft.TypeSpec.Generator.Tests/Debug/net8.0/Microsoft.TypeSpec.Generator.Tests.dll" adapterTypeName="executor://nunit3testexecutor/" className="Microsoft.TypeSpec.Generator.Tests.Providers.ModelProviders.ModelProviderTests" name="BaseHasFieldWhenPropertyIsNarrowed" />
    </UnitTest>
    <UnitTest name="TestYieldReturnStatement" storage="/home/runner/work/typespec/typespec/packages/http-client-csharp/generator/artifacts/bin/microsoft.typespec.generator.tests/debug/net8.0/microsoft.typespec.generator.tests.dll" id="e1ad1f4d-9d91-fbf4-5cbe-b153c5408369">
      <Execution id="a2eb0a29-1ea5-44d0-94a6-55627a31c8db" />
      <TestMethod codeBase="/home/runner/work/typespec/typespec/packages/http-client-csharp/generator/artifacts/bin/Microsoft.TypeSpec.Generator.Tests/Debug/net8.0/Microsoft.TypeSpec.Generator.Tests.dll" adapterTypeName="executor://nunit3testexecutor/" className="Microsoft.TypeSpec.Generator.Tests.Statements.StatementTests" name="TestYieldReturnStatement" />
    </UnitTest>
    <UnitTest name="BodyHasSetterValidation(&quot;nonReadOnlyStringPropOnStruct&quot;,Microsoft.TypeSpec.Generator.Input.InputModelType,True,Struct)" storage="/home/runner/work/typespec/typespec/packages/http-client-csharp/generator/artifacts/bin/microsoft.typespec.generator.tests/debug/net8.0/microsoft.typespec.generator.tests.dll" id="5a3b7081-56d0-2ca3-77b9-ccdb29902878">
      <Execution id="64d20553-5c6e-429d-b41d-2d05ada05cfb" />
      <TestMethod codeBase="/home/runner/work/typespec/typespec/packages/http-client-csharp/generator/artifacts/bin/Microsoft.TypeSpec.Generator.Tests/Debug/net8.0/Microsoft.TypeSpec.Generator.Tests.dll" adapterTypeName="executor://nunit3testexecutor/" className="Microsoft.TypeSpec.Generator.Tests.Providers.PropertyProviderTests" name="BodyHasSetterValidation(&quot;nonReadOnlyStringPropOnStruct&quot;,Microsoft.TypeSpec.Generator.Input.InputModelType,True,Struct)" />
    </UnitTest>
    <UnitTest name="IsCollectionType(System.Collections.Generic.ICollection`1[T],True)" storage="/home/runner/work/typespec/typespec/packages/http-client-csharp/generator/artifacts/bin/microsoft.typespec.generator.tests/debug/net8.0/microsoft.typespec.generator.tests.dll" id="0d94413d-5980-00bb-76ff-2898fec51ab1">
      <Execution id="1dc87d5c-da3f-4d99-a829-352cadfde985" />
      <TestMethod codeBase="/home/runner/work/typespec/typespec/packages/http-client-csharp/generator/artifacts/bin/Microsoft.TypeSpec.Generator.Tests/Debug/net8.0/Microsoft.TypeSpec.Generator.Tests.dll" adapterTypeName="executor://nunit3testexecutor/" className="Microsoft.TypeSpec.Generator.Tests.Primitives.CSharpTypeTests" name="IsCollectionType(System.Collections.Generic.ICollection`1[T],True)" />
    </UnitTest>
    <UnitTest name="IsReadWriteList(System.Collections.Generic.IList`1[T],True)" storage="/home/runner/work/typespec/typespec/packages/http-client-csharp/generator/artifacts/bin/microsoft.typespec.generator.tests/debug/net8.0/microsoft.typespec.generator.tests.dll" id="5c292b76-226d-bd23-5888-221e583ba883">
      <Execution id="d5ee4ad2-1e3b-460c-9016-2822328e7bb6" />
      <TestMethod codeBase="/home/runner/work/typespec/typespec/packages/http-client-csharp/generator/artifacts/bin/Microsoft.TypeSpec.Generator.Tests/Debug/net8.0/Microsoft.TypeSpec.Generator.Tests.dll" adapterTypeName="executor://nunit3testexecutor/" className="Microsoft.TypeSpec.Generator.Tests.Primitives.CSharpTypeTests" name="IsReadWriteList(System.Collections.Generic.IList`1[T],True)" />
    </UnitTest>
    <UnitTest name="HashCodesAreNotEqual(System.Collections.Generic.IDictionary`2[System.Int32,System.String],System.Collections.Generic.Dictionary`2[System.Int32,System.String])" storage="/home/runner/work/typespec/typespec/packages/http-client-csharp/generator/artifacts/bin/microsoft.typespec.generator.tests/debug/net8.0/microsoft.typespec.generator.tests.dll" id="2bf86ef9-8073-f648-a9b3-116f450a09fe">
      <Execution id="10948583-3b1f-4d75-bc76-1db0442a44e5" />
      <TestMethod codeBase="/home/runner/work/typespec/typespec/packages/http-client-csharp/generator/artifacts/bin/Microsoft.TypeSpec.Generator.Tests/Debug/net8.0/Microsoft.TypeSpec.Generator.Tests.dll" adapterTypeName="executor://nunit3testexecutor/" className="Microsoft.TypeSpec.Generator.Tests.Primitives.CSharpTypeTests" name="HashCodesAreNotEqual(System.Collections.Generic.IDictionary`2[System.Int32,System.String],System.Collections.Generic.Dictionary`2[System.Int32,System.String])" />
    </UnitTest>
    <UnitTest name="TestInfo()" storage="/home/runner/work/typespec/typespec/packages/http-client-csharp/generator/artifacts/bin/microsoft.typespec.generator.tests/debug/net8.0/microsoft.typespec.generator.tests.dll" id="64db45f7-a1e7-2f85-1ccb-40bdd95795a4">
      <Execution id="7da7c091-14e4-482a-a2ec-66fffe675f89" />
      <TestMethod codeBase="/home/runner/work/typespec/typespec/packages/http-client-csharp/generator/artifacts/bin/Microsoft.TypeSpec.Generator.Tests/Debug/net8.0/Microsoft.TypeSpec.Generator.Tests.dll" adapterTypeName="executor://nunit3testexecutor/" className="Microsoft.TypeSpec.Generator.Tests.EmitterRpc.EmitterTests" name="TestInfo()" />
    </UnitTest>
    <UnitTest name="TestToApiVersionValue(&quot;V2024_01_01_RC&quot;,&quot;2024-01-01-rc&quot;)" storage="/home/runner/work/typespec/typespec/packages/http-client-csharp/generator/artifacts/bin/microsoft.typespec.generator.tests/debug/net8.0/microsoft.typespec.generator.tests.dll" id="89041d36-049e-3945-5bbf-ee519760b97a">
      <Execution id="9981c865-6d3e-4e37-a245-a0a45c3e8a5e" />
      <TestMethod codeBase="/home/runner/work/typespec/typespec/packages/http-client-csharp/generator/artifacts/bin/Microsoft.TypeSpec.Generator.Tests/Debug/net8.0/Microsoft.TypeSpec.Generator.Tests.dll" adapterTypeName="executor://nunit3testexecutor/" className="Microsoft.TypeSpec.Generator.Tests.Utilities.StringExtensionsTests" name="TestToApiVersionValue(&quot;V2024_01_01_RC&quot;,&quot;2024-01-01-rc&quot;)" />
    </UnitTest>
    <UnitTest name="IsCollectionType(System.Collections.Generic.IReadOnlyCollection`1[T],False)" storage="/home/runner/work/typespec/typespec/packages/http-client-csharp/generator/artifacts/bin/microsoft.typespec.generator.tests/debug/net8.0/microsoft.typespec.generator.tests.dll" id="01a170ae-9e27-1ba0-c187-8c04af592931">
      <Execution id="06ce645e-5d61-406a-bd19-39a4d7d63e7b" />
      <TestMethod codeBase="/home/runner/work/typespec/typespec/packages/http-client-csharp/generator/artifacts/bin/Microsoft.TypeSpec.Generator.Tests/Debug/net8.0/Microsoft.TypeSpec.Generator.Tests.dll" adapterTypeName="executor://nunit3testexecutor/" className="Microsoft.TypeSpec.Generator.Tests.Primitives.CSharpTypeTests" name="IsCollectionType(System.Collections.Generic.IReadOnlyCollection`1[T],False)" />
    </UnitTest>
    <UnitTest name="XmlDocForParameterWithInvalidIdentifierName(&quot;void&quot;)" storage="/home/runner/work/typespec/typespec/packages/http-client-csharp/generator/artifacts/bin/microsoft.typespec.generator.tests/debug/net8.0/microsoft.typespec.generator.tests.dll" id="6adc1957-da8b-7549-e382-0a1db259d822">
      <Execution id="fb275c4d-2a24-4d26-92cd-4df5d15dfd34" />
      <TestMethod codeBase="/home/runner/work/typespec/typespec/packages/http-client-csharp/generator/artifacts/bin/Microsoft.TypeSpec.Generator.Tests/Debug/net8.0/Microsoft.TypeSpec.Generator.Tests.dll" adapterTypeName="executor://nunit3testexecutor/" className="Microsoft.TypeSpec.Generator.Tests.Statements.XmlDocParamStatementTests" name="XmlDocForParameterWithInvalidIdentifierName(&quot;void&quot;)" />
    </UnitTest>
    <UnitTest name="TestBreakLines_LiteralOpenAndCloseBraceWithLineBreaksAndArgsContainingLineBreaks" storage="/home/runner/work/typespec/typespec/packages/http-client-csharp/generator/artifacts/bin/microsoft.typespec.generator.tests/debug/net8.0/microsoft.typespec.generator.tests.dll" id="b7947d45-60a9-2d63-7dd9-a1f04fb27474">
      <Execution id="b938db21-28c5-483d-a91c-0b7882285bd2" />
      <TestMethod codeBase="/home/runner/work/typespec/typespec/packages/http-client-csharp/generator/artifacts/bin/Microsoft.TypeSpec.Generator.Tests/Debug/net8.0/Microsoft.TypeSpec.Generator.Tests.dll" adapterTypeName="executor://nunit3testexecutor/" className="Microsoft.TypeSpec.Generator.Tests.Utilities.FormattableStringHelpersTests" name="TestBreakLines_LiteralOpenAndCloseBraceWithLineBreaksAndArgsContainingLineBreaks" />
    </UnitTest>
    <UnitTest name="TestIsCSharpKeyword(&quot;sizeof&quot;,True)" storage="/home/runner/work/typespec/typespec/packages/http-client-csharp/generator/artifacts/bin/microsoft.typespec.generator.tests/debug/net8.0/microsoft.typespec.generator.tests.dll" id="9554f1d9-c0c2-1eff-7d16-d20ed944a47c">
      <Execution id="fc6071c8-b0ce-4411-937d-e293317f3925" />
      <TestMethod codeBase="/home/runner/work/typespec/typespec/packages/http-client-csharp/generator/artifacts/bin/Microsoft.TypeSpec.Generator.Tests/Debug/net8.0/Microsoft.TypeSpec.Generator.Tests.dll" adapterTypeName="executor://nunit3testexecutor/" className="Microsoft.TypeSpec.Generator.Tests.Utilities.StringExtensionsTests" name="TestIsCSharpKeyword(&quot;sizeof&quot;,True)" />
    </UnitTest>
    <UnitTest name="ValidatePropertyTypes(System.Collections.Generic.IList`1[Microsoft.TypeSpec.Generator.Tests.PropertyType])" storage="/home/runner/work/typespec/typespec/packages/http-client-csharp/generator/artifacts/bin/microsoft.typespec.generator.tests/debug/net8.0/microsoft.typespec.generator.tests.dll" id="ae6efea9-c0e0-125e-34be-38fda421ccf0">
      <Execution id="cf58fc4d-2353-4d49-b27d-529771c4959e" />
      <TestMethod codeBase="/home/runner/work/typespec/typespec/packages/http-client-csharp/generator/artifacts/bin/Microsoft.TypeSpec.Generator.Tests/Debug/net8.0/Microsoft.TypeSpec.Generator.Tests.dll" adapterTypeName="executor://nunit3testexecutor/" className="Microsoft.TypeSpec.Generator.Tests.Providers.NamedTypeSymbolProviders.NamedTypeSymbolProviderTests" name="ValidatePropertyTypes(System.Collections.Generic.IList`1[Microsoft.TypeSpec.Generator.Tests.PropertyType])" />
    </UnitTest>
    <UnitTest name="ListExpression(System.Single)" storage="/home/runner/work/typespec/typespec/packages/http-client-csharp/generator/artifacts/bin/microsoft.typespec.generator.tests/debug/net8.0/microsoft.typespec.generator.tests.dll" id="54fa4a71-6b61-4153-bfb9-f6c8f55523ed">
      <Execution id="2115d434-387a-433c-98d9-3f3c9e73a768" />
      <TestMethod codeBase="/home/runner/work/typespec/typespec/packages/http-client-csharp/generator/artifacts/bin/Microsoft.TypeSpec.Generator.Tests/Debug/net8.0/Microsoft.TypeSpec.Generator.Tests.dll" adapterTypeName="executor://nunit3testexecutor/" className="Microsoft.TypeSpec.Generator.Tests.Expressions.KnownValueExpressionsTests" name="ListExpression(System.Single)" />
    </UnitTest>
    <UnitTest name="DerivedPublicCtorShouldNotHaveKindParam" storage="/home/runner/work/typespec/typespec/packages/http-client-csharp/generator/artifacts/bin/microsoft.typespec.generator.tests/debug/net8.0/microsoft.typespec.generator.tests.dll" id="06e082f2-fed5-3e28-d24e-9a7024a7a9f5">
      <Execution id="f6a9ae3b-af67-4ee3-b773-c043c0eaacc9" />
      <TestMethod codeBase="/home/runner/work/typespec/typespec/packages/http-client-csharp/generator/artifacts/bin/Microsoft.TypeSpec.Generator.Tests/Debug/net8.0/Microsoft.TypeSpec.Generator.Tests.dll" adapterTypeName="executor://nunit3testexecutor/" className="Microsoft.TypeSpec.Generator.Tests.Providers.ModelProviders.DiscriminatorTests" name="DerivedPublicCtorShouldNotHaveKindParam" />
    </UnitTest>
    <UnitTest name="InitCtorInitializerShouldHaveCorrectParamName" storage="/home/runner/work/typespec/typespec/packages/http-client-csharp/generator/artifacts/bin/microsoft.typespec.generator.tests/debug/net8.0/microsoft.typespec.generator.tests.dll" id="522ce947-ee66-4fd5-7c75-c945a2f3a9e4">
      <Execution id="ac137ff7-2752-4ca3-9bca-307f4c02b059" />
      <TestMethod codeBase="/home/runner/work/typespec/typespec/packages/http-client-csharp/generator/artifacts/bin/Microsoft.TypeSpec.Generator.Tests/Debug/net8.0/Microsoft.TypeSpec.Generator.Tests.dll" adapterTypeName="executor://nunit3testexecutor/" className="Microsoft.TypeSpec.Generator.Tests.Providers.ModelProviders.ModelProviderTests" name="InitCtorInitializerShouldHaveCorrectParamName" />
    </UnitTest>
    <UnitTest name="TestBuildConstructor_ValidateConstructors" storage="/home/runner/work/typespec/typespec/packages/http-client-csharp/generator/artifacts/bin/microsoft.typespec.generator.tests/debug/net8.0/microsoft.typespec.generator.tests.dll" id="25f7e17b-8e22-d088-c812-a9c87cae4a57">
      <Execution id="ba2e4811-f47c-433f-8709-597560e9ae2f" />
      <TestMethod codeBase="/home/runner/work/typespec/typespec/packages/http-client-csharp/generator/artifacts/bin/Microsoft.TypeSpec.Generator.Tests/Debug/net8.0/Microsoft.TypeSpec.Generator.Tests.dll" adapterTypeName="executor://nunit3testexecutor/" className="Microsoft.TypeSpec.Generator.Tests.Providers.ModelProviders.ModelProviderTests" name="TestBuildConstructor_ValidateConstructors" />
    </UnitTest>
    <UnitTest name="BackCompatibility_OnlyParamOrderingChanged" storage="/home/runner/work/typespec/typespec/packages/http-client-csharp/generator/artifacts/bin/microsoft.typespec.generator.tests/debug/net8.0/microsoft.typespec.generator.tests.dll" id="5a223c4c-43e6-8a01-1da1-2bc5f9ab8941">
      <Execution id="473050f2-b463-4541-806c-5c419df2f55f" />
      <TestMethod codeBase="/home/runner/work/typespec/typespec/packages/http-client-csharp/generator/artifacts/bin/Microsoft.TypeSpec.Generator.Tests/Debug/net8.0/Microsoft.TypeSpec.Generator.Tests.dll" adapterTypeName="executor://nunit3testexecutor/" className="Microsoft.TypeSpec.Generator.Tests.Providers.ModelFactories.ModelFactoryProviderTests" name="BackCompatibility_OnlyParamOrderingChanged" />
    </UnitTest>
    <UnitTest name="TestIsCSharpKeyword(&quot;delegate&quot;,True)" storage="/home/runner/work/typespec/typespec/packages/http-client-csharp/generator/artifacts/bin/microsoft.typespec.generator.tests/debug/net8.0/microsoft.typespec.generator.tests.dll" id="7eb545f0-c08c-0fe9-5f32-a5873e3d410e">
      <Execution id="19def680-64ed-424a-a28c-b96b71de63a1" />
      <TestMethod codeBase="/home/runner/work/typespec/typespec/packages/http-client-csharp/generator/artifacts/bin/Microsoft.TypeSpec.Generator.Tests/Debug/net8.0/Microsoft.TypeSpec.Generator.Tests.dll" adapterTypeName="executor://nunit3testexecutor/" className="Microsoft.TypeSpec.Generator.Tests.Utilities.StringExtensionsTests" name="TestIsCSharpKeyword(&quot;delegate&quot;,True)" />
    </UnitTest>
    <UnitTest name="DoesNotReplaceDefaultConstructorIfNotCustomized" storage="/home/runner/work/typespec/typespec/packages/http-client-csharp/generator/artifacts/bin/microsoft.typespec.generator.tests/debug/net8.0/microsoft.typespec.generator.tests.dll" id="7a8b2689-370c-14e9-bd4f-3671c0089d93">
      <Execution id="7e735a06-9349-4202-b78e-240e836c0baa" />
      <TestMethod codeBase="/home/runner/work/typespec/typespec/packages/http-client-csharp/generator/artifacts/bin/Microsoft.TypeSpec.Generator.Tests/Debug/net8.0/Microsoft.TypeSpec.Generator.Tests.dll" adapterTypeName="executor://nunit3testexecutor/" className="Microsoft.TypeSpec.Generator.Tests.Providers.ModelProviders.ModelCustomizationTests" name="DoesNotReplaceDefaultConstructorIfNotCustomized" />
    </UnitTest>
    <UnitTest name="DictionaryExpression(System.Collections.Generic.IDictionary`2[System.Int32,System.String],System.Collections.Generic.Dictionary`2[System.Int32,System.String])" storage="/home/runner/work/typespec/typespec/packages/http-client-csharp/generator/artifacts/bin/microsoft.typespec.generator.tests/debug/net8.0/microsoft.typespec.generator.tests.dll" id="d61833da-4157-f98d-9798-aa46af98fdca">
      <Execution id="bef0c9dc-9161-4170-94e5-63d8ec34faa0" />
      <TestMethod codeBase="/home/runner/work/typespec/typespec/packages/http-client-csharp/generator/artifacts/bin/Microsoft.TypeSpec.Generator.Tests/Debug/net8.0/Microsoft.TypeSpec.Generator.Tests.dll" adapterTypeName="executor://nunit3testexecutor/" className="Microsoft.TypeSpec.Generator.Tests.Expressions.KnownValueExpressionsTests" name="DictionaryExpression(System.Collections.Generic.IDictionary`2[System.Int32,System.String],System.Collections.Generic.Dictionary`2[System.Int32,System.String])" />
    </UnitTest>
    <UnitTest name="CanChangeDictOfEnumPropToDictOfExtensibleEnum" storage="/home/runner/work/typespec/typespec/packages/http-client-csharp/generator/artifacts/bin/microsoft.typespec.generator.tests/debug/net8.0/microsoft.typespec.generator.tests.dll" id="0865271e-949d-3653-c464-83e8e0e3368f">
      <Execution id="22197c03-6a19-47a4-8b59-26adcc30bf79" />
      <TestMethod codeBase="/home/runner/work/typespec/typespec/packages/http-client-csharp/generator/artifacts/bin/Microsoft.TypeSpec.Generator.Tests/Debug/net8.0/Microsoft.TypeSpec.Generator.Tests.dll" adapterTypeName="executor://nunit3testexecutor/" className="Microsoft.TypeSpec.Generator.Tests.Providers.ModelProviders.ModelCustomizationTests" name="CanChangeDictOfEnumPropToDictOfExtensibleEnum" />
    </UnitTest>
    <UnitTest name="TestReportDiagnosticWithoutTarget()" storage="/home/runner/work/typespec/typespec/packages/http-client-csharp/generator/artifacts/bin/microsoft.typespec.generator.tests/debug/net8.0/microsoft.typespec.generator.tests.dll" id="925664ea-f241-90ce-7bb2-fb84bcf32f7a">
      <Execution id="3295218a-3114-4f88-85c7-a542383a35bf" />
      <TestMethod codeBase="/home/runner/work/typespec/typespec/packages/http-client-csharp/generator/artifacts/bin/Microsoft.TypeSpec.Generator.Tests/Debug/net8.0/Microsoft.TypeSpec.Generator.Tests.dll" adapterTypeName="executor://nunit3testexecutor/" className="Microsoft.TypeSpec.Generator.Tests.EmitterRpc.EmitterTests" name="TestReportDiagnosticWithoutTarget()" />
    </UnitTest>
    <UnitTest name="ValidateGetFormattableStringFormatParts(&quot;This {0} has literal {{ and }} in the middle&quot;,[Part { Value = This , IsLiteral = True, ArgumentIndex = -1 }, Part { Value = 0, IsLiteral = False, ArgumentIndex = 0 }, Part { Value =  has literal {, IsLiteral = True, ArgumentIndex = -1 }, Part { Value =  and }, IsLiteral = True, ArgumentIndex = -1 }, Part { Value =  in the middle, IsLiteral = True, ArgumentIndex = -1 }])" storage="/home/runner/work/typespec/typespec/packages/http-client-csharp/generator/artifacts/bin/microsoft.typespec.generator.tests/debug/net8.0/microsoft.typespec.generator.tests.dll" id="3ff88c0d-3eff-1706-3dde-1df6a72189c7">
      <Execution id="8491d285-aca5-4c5c-8b9d-d2c2130b0658" />
      <TestMethod codeBase="/home/runner/work/typespec/typespec/packages/http-client-csharp/generator/artifacts/bin/Microsoft.TypeSpec.Generator.Tests/Debug/net8.0/Microsoft.TypeSpec.Generator.Tests.dll" adapterTypeName="executor://nunit3testexecutor/" className="Microsoft.TypeSpec.Generator.Tests.Utilities.StringExtensionsTests" name="ValidateGetFormattableStringFormatParts(&quot;This {0} has literal {{ and }} in the middle&quot;,[Part { Value = This , IsLiteral = True, ArgumentIndex = -1 }, Part { Value = 0, IsLiteral = False, ArgumentIndex = 0 }, Part { Value =  has literal {, IsLiteral = True, ArgumentIndex = -1 }, Part { Value =  and }, IsLiteral = True, ArgumentIndex = -1 }, Part { Value =  in the middle, IsLiteral = True, ArgumentIndex = -1 }])" />
    </UnitTest>
    <UnitTest name="BuildPropertyDescription(Microsoft.TypeSpec.Generator.Input.InputModelProperty,global::System.Collections.Generic.IList&lt;string&gt;)" storage="/home/runner/work/typespec/typespec/packages/http-client-csharp/generator/artifacts/bin/microsoft.typespec.generator.tests/debug/net8.0/microsoft.typespec.generator.tests.dll" id="3c3ad267-fe4c-e9ff-2334-9888a91f01da">
      <Execution id="d708d5ac-d5dc-46b4-a7ff-008b69d43455" />
      <TestMethod codeBase="/home/runner/work/typespec/typespec/packages/http-client-csharp/generator/artifacts/bin/Microsoft.TypeSpec.Generator.Tests/Debug/net8.0/Microsoft.TypeSpec.Generator.Tests.dll" adapterTypeName="executor://nunit3testexecutor/" className="Microsoft.TypeSpec.Generator.Tests.Providers.PropertyDescriptionTests" name="BuildPropertyDescription(Microsoft.TypeSpec.Generator.Input.InputModelProperty,global::System.Collections.Generic.IList&lt;string&gt;)" />
    </UnitTest>
    <UnitTest name="HashCodesAreNotEqual(System.Collections.Generic.IList`1[System.Int32],System.Int32)" storage="/home/runner/work/typespec/typespec/packages/http-client-csharp/generator/artifacts/bin/microsoft.typespec.generator.tests/debug/net8.0/microsoft.typespec.generator.tests.dll" id="4cc3e218-b161-c62c-d836-0284324d6237">
      <Execution id="2d5ac42c-109f-4209-a3c5-59d46e372fa1" />
      <TestMethod codeBase="/home/runner/work/typespec/typespec/packages/http-client-csharp/generator/artifacts/bin/Microsoft.TypeSpec.Generator.Tests/Debug/net8.0/Microsoft.TypeSpec.Generator.Tests.dll" adapterTypeName="executor://nunit3testexecutor/" className="Microsoft.TypeSpec.Generator.Tests.Primitives.CSharpTypeTests" name="HashCodesAreNotEqual(System.Collections.Generic.IList`1[System.Int32],System.Int32)" />
    </UnitTest>
    <UnitTest name="TypesAreNotEqual(System.Collections.Generic.IDictionary`2[System.Int32,System.String],System.Collections.Generic.Dictionary`2[System.Int32,System.Int32])" storage="/home/runner/work/typespec/typespec/packages/http-client-csharp/generator/artifacts/bin/microsoft.typespec.generator.tests/debug/net8.0/microsoft.typespec.generator.tests.dll" id="fb25ea5e-68ae-184e-a1ca-0844b7170b44">
      <Execution id="3cf89e97-7228-4398-a9b4-8f9f9834836e" />
      <TestMethod codeBase="/home/runner/work/typespec/typespec/packages/http-client-csharp/generator/artifacts/bin/Microsoft.TypeSpec.Generator.Tests/Debug/net8.0/Microsoft.TypeSpec.Generator.Tests.dll" adapterTypeName="executor://nunit3testexecutor/" className="Microsoft.TypeSpec.Generator.Tests.Primitives.CSharpTypeTests" name="TypesAreNotEqual(System.Collections.Generic.IDictionary`2[System.Int32,System.String],System.Collections.Generic.Dictionary`2[System.Int32,System.Int32])" />
    </UnitTest>
    <UnitTest name="SystemTypeOperatorTestNotEqual(System.Int32,System.Collections.Generic.IList`1[T])" storage="/home/runner/work/typespec/typespec/packages/http-client-csharp/generator/artifacts/bin/microsoft.typespec.generator.tests/debug/net8.0/microsoft.typespec.generator.tests.dll" id="3e0d26d4-5c71-07fd-d917-3aefdd4eeb1b">
      <Execution id="59ca28b3-a073-48a1-81c0-a5418d3ba33d" />
      <TestMethod codeBase="/home/runner/work/typespec/typespec/packages/http-client-csharp/generator/artifacts/bin/Microsoft.TypeSpec.Generator.Tests/Debug/net8.0/Microsoft.TypeSpec.Generator.Tests.dll" adapterTypeName="executor://nunit3testexecutor/" className="Microsoft.TypeSpec.Generator.Tests.Expressions.ValueExpressionTests" name="SystemTypeOperatorTestNotEqual(System.Int32,System.Collections.Generic.IList`1[T])" />
    </UnitTest>
    <UnitTest name="TestIsCSharpKeyword(&quot;struct&quot;,True)" storage="/home/runner/work/typespec/typespec/packages/http-client-csharp/generator/artifacts/bin/microsoft.typespec.generator.tests/debug/net8.0/microsoft.typespec.generator.tests.dll" id="e88e6018-9b4b-9299-f58a-7a9bec78f031">
      <Execution id="c3596e44-f4ff-40ee-ba64-38e77bf85c0e" />
      <TestMethod codeBase="/home/runner/work/typespec/typespec/packages/http-client-csharp/generator/artifacts/bin/Microsoft.TypeSpec.Generator.Tests/Debug/net8.0/Microsoft.TypeSpec.Generator.Tests.dll" adapterTypeName="executor://nunit3testexecutor/" className="Microsoft.TypeSpec.Generator.Tests.Utilities.StringExtensionsTests" name="TestIsCSharpKeyword(&quot;struct&quot;,True)" />
    </UnitTest>
    <UnitTest name="InvokeToInt32" storage="/home/runner/work/typespec/typespec/packages/http-client-csharp/generator/artifacts/bin/microsoft.typespec.generator.tests/debug/net8.0/microsoft.typespec.generator.tests.dll" id="8e15f030-cf1b-d32c-93b7-137e329bcf03">
      <Execution id="6ac320f0-44bb-45e9-baeb-64ea9f2430ec" />
      <TestMethod codeBase="/home/runner/work/typespec/typespec/packages/http-client-csharp/generator/artifacts/bin/Microsoft.TypeSpec.Generator.Tests/Debug/net8.0/Microsoft.TypeSpec.Generator.Tests.dll" adapterTypeName="executor://nunit3testexecutor/" className="Microsoft.TypeSpec.Generator.Tests.Snippets.ConvertSnippetsTests" name="InvokeToInt32" />
    </UnitTest>
    <UnitTest name="IsReadWriteList(System.Collections.Generic.IReadOnlyCollection`1[T],False)" storage="/home/runner/work/typespec/typespec/packages/http-client-csharp/generator/artifacts/bin/microsoft.typespec.generator.tests/debug/net8.0/microsoft.typespec.generator.tests.dll" id="0cc64dd4-287f-646c-5601-47af79298911">
      <Execution id="d49a847a-0ce8-4d2a-b778-1cc4ac777d22" />
      <TestMethod codeBase="/home/runner/work/typespec/typespec/packages/http-client-csharp/generator/artifacts/bin/Microsoft.TypeSpec.Generator.Tests/Debug/net8.0/Microsoft.TypeSpec.Generator.Tests.dll" adapterTypeName="executor://nunit3testexecutor/" className="Microsoft.TypeSpec.Generator.Tests.Primitives.CSharpTypeTests" name="IsReadWriteList(System.Collections.Generic.IReadOnlyCollection`1[T],False)" />
    </UnitTest>
    <UnitTest name="GetGenericTypeDefinition(System.Collections.Generic.IDictionary`2[System.Int32,System.String],System.Collections.Generic.IDictionary`2[TKey,TValue],False)" storage="/home/runner/work/typespec/typespec/packages/http-client-csharp/generator/artifacts/bin/microsoft.typespec.generator.tests/debug/net8.0/microsoft.typespec.generator.tests.dll" id="dd08354a-dbba-b331-ea92-2d10eb1d0fce">
      <Execution id="0eadc858-a6f5-4c0c-97be-1c31f6ad83d5" />
      <TestMethod codeBase="/home/runner/work/typespec/typespec/packages/http-client-csharp/generator/artifacts/bin/Microsoft.TypeSpec.Generator.Tests/Debug/net8.0/Microsoft.TypeSpec.Generator.Tests.dll" adapterTypeName="executor://nunit3testexecutor/" className="Microsoft.TypeSpec.Generator.Tests.Primitives.CSharpTypeTests" name="GetGenericTypeDefinition(System.Collections.Generic.IDictionary`2[System.Int32,System.String],System.Collections.Generic.IDictionary`2[TKey,TValue],False)" />
    </UnitTest>
    <UnitTest name="WorkspaceMetadataReferenceResolverCtor" storage="/home/runner/work/typespec/typespec/packages/http-client-csharp/generator/artifacts/bin/microsoft.typespec.generator.tests/debug/net8.0/microsoft.typespec.generator.tests.dll" id="ddbf9f41-333e-ad7f-5f05-c14b6d215576">
      <Execution id="79ac6fb8-d80a-40f8-bd86-54e3da4e5e17" />
      <TestMethod codeBase="/home/runner/work/typespec/typespec/packages/http-client-csharp/generator/artifacts/bin/Microsoft.TypeSpec.Generator.Tests/Debug/net8.0/Microsoft.TypeSpec.Generator.Tests.dll" adapterTypeName="executor://nunit3testexecutor/" className="Microsoft.TypeSpec.Generator.Tests.PostProcessing.WorkspaceMetadataReferenceResolverTests" name="WorkspaceMetadataReferenceResolverCtor" />
    </UnitTest>
    <UnitTest name="NotNullOrEmptyStringThrowsOnNull" storage="/home/runner/work/typespec/typespec/packages/http-client-csharp/generator/artifacts/bin/microsoft.typespec.generator.tests/debug/net8.0/microsoft.typespec.generator.tests.dll" id="1397bb06-2115-0e62-eb47-0e650d5ec1ab">
      <Execution id="af3ef8b9-5b37-4590-b513-232b9862092f" />
      <TestMethod codeBase="/home/runner/work/typespec/typespec/packages/http-client-csharp/generator/artifacts/bin/Microsoft.TypeSpec.Generator.Tests/Debug/net8.0/Microsoft.TypeSpec.Generator.Tests.dll" adapterTypeName="executor://nunit3testexecutor/" className="Microsoft.TypeSpec.Generator.Tests.Providers.ArgumentTests" name="NotNullOrEmptyStringThrowsOnNull" />
    </UnitTest>
    <UnitTest name="TypesAreEqualForGenericTypes(System.Collections.Generic.IReadOnlyDictionary`2[TKey,TValue],[System.String, System.Int32])" storage="/home/runner/work/typespec/typespec/packages/http-client-csharp/generator/artifacts/bin/microsoft.typespec.generator.tests/debug/net8.0/microsoft.typespec.generator.tests.dll" id="753f3254-0639-2ca8-0747-eb1ca24362bb">
      <Execution id="ed981d2b-b98a-4c37-a86a-a87876a10902" />
      <TestMethod codeBase="/home/runner/work/typespec/typespec/packages/http-client-csharp/generator/artifacts/bin/Microsoft.TypeSpec.Generator.Tests/Debug/net8.0/Microsoft.TypeSpec.Generator.Tests.dll" adapterTypeName="executor://nunit3testexecutor/" className="Microsoft.TypeSpec.Generator.Tests.Primitives.CSharpTypeTests" name="TypesAreEqualForGenericTypes(System.Collections.Generic.IReadOnlyDictionary`2[TKey,TValue],[System.String, System.Int32])" />
    </UnitTest>
    <UnitTest name="TryCatchFinallyStatementWithTryCatchAndFinally" storage="/home/runner/work/typespec/typespec/packages/http-client-csharp/generator/artifacts/bin/microsoft.typespec.generator.tests/debug/net8.0/microsoft.typespec.generator.tests.dll" id="34132c40-1345-4eb9-1b5c-a904805a939d">
      <Execution id="9a8c1893-31dd-4f20-8b8d-8864130c9160" />
      <TestMethod codeBase="/home/runner/work/typespec/typespec/packages/http-client-csharp/generator/artifacts/bin/Microsoft.TypeSpec.Generator.Tests/Debug/net8.0/Microsoft.TypeSpec.Generator.Tests.dll" adapterTypeName="executor://nunit3testexecutor/" className="Microsoft.TypeSpec.Generator.Tests.Statements.StatementTests" name="TryCatchFinallyStatementWithTryCatchAndFinally" />
    </UnitTest>
    <UnitTest name="SiblingScopeLinesUseSameName" storage="/home/runner/work/typespec/typespec/packages/http-client-csharp/generator/artifacts/bin/microsoft.typespec.generator.tests/debug/net8.0/microsoft.typespec.generator.tests.dll" id="138890cc-832b-4381-a02a-530cf0ec764b">
      <Execution id="099799f4-2ebb-4a92-b4bb-1379de1a194d" />
      <TestMethod codeBase="/home/runner/work/typespec/typespec/packages/http-client-csharp/generator/artifacts/bin/Microsoft.TypeSpec.Generator.Tests/Debug/net8.0/Microsoft.TypeSpec.Generator.Tests.dll" adapterTypeName="executor://nunit3testexecutor/" className="Microsoft.TypeSpec.Generator.Tests.Writers.CodeScopeTests" name="SiblingScopeLinesUseSameName" />
    </UnitTest>
    <UnitTest name="KeyValuePairExpression(System.Int32,System.String)" storage="/home/runner/work/typespec/typespec/packages/http-client-csharp/generator/artifacts/bin/microsoft.typespec.generator.tests/debug/net8.0/microsoft.typespec.generator.tests.dll" id="3f82880f-669e-4c80-f5cb-7b52a5ea247e">
      <Execution id="b5d4b037-ae2c-4401-a26e-1cfabcf4ce2b" />
      <TestMethod codeBase="/home/runner/work/typespec/typespec/packages/http-client-csharp/generator/artifacts/bin/Microsoft.TypeSpec.Generator.Tests/Debug/net8.0/Microsoft.TypeSpec.Generator.Tests.dll" adapterTypeName="executor://nunit3testexecutor/" className="Microsoft.TypeSpec.Generator.Tests.Expressions.KnownValueExpressionsTests" name="KeyValuePairExpression(System.Int32,System.String)" />
    </UnitTest>
    <UnitTest name="TestToApiVersionMemberName(&quot;v1.0.0&quot;,&quot;V1_0_0&quot;)" storage="/home/runner/work/typespec/typespec/packages/http-client-csharp/generator/artifacts/bin/microsoft.typespec.generator.tests/debug/net8.0/microsoft.typespec.generator.tests.dll" id="75d50189-0337-ea36-24ba-1508c78257cc">
      <Execution id="9acc41e2-ab61-40a2-b529-1203f900d745" />
      <TestMethod codeBase="/home/runner/work/typespec/typespec/packages/http-client-csharp/generator/artifacts/bin/Microsoft.TypeSpec.Generator.Tests/Debug/net8.0/Microsoft.TypeSpec.Generator.Tests.dll" adapterTypeName="executor://nunit3testexecutor/" className="Microsoft.TypeSpec.Generator.Tests.Utilities.StringExtensionsTests" name="TestToApiVersionMemberName(&quot;v1.0.0&quot;,&quot;V1_0_0&quot;)" />
    </UnitTest>
    <UnitTest name="BuildBaseType" storage="/home/runner/work/typespec/typespec/packages/http-client-csharp/generator/artifacts/bin/microsoft.typespec.generator.tests/debug/net8.0/microsoft.typespec.generator.tests.dll" id="002367fe-4f76-ffa5-1fac-d1fee281a0ba">
      <Execution id="03dcc080-a5c2-4dde-81ec-50a24c3fe0ca" />
      <TestMethod codeBase="/home/runner/work/typespec/typespec/packages/http-client-csharp/generator/artifacts/bin/Microsoft.TypeSpec.Generator.Tests/Debug/net8.0/Microsoft.TypeSpec.Generator.Tests.dll" adapterTypeName="executor://nunit3testexecutor/" className="Microsoft.TypeSpec.Generator.Tests.Providers.ModelProviders.ModelProviderTests" name="BuildBaseType" />
    </UnitTest>
    <UnitTest name="BodyHasSetterValidation(&quot;readOnlyStringOnInputModel&quot;,Microsoft.TypeSpec.Generator.Input.InputModelType,False,null)" storage="/home/runner/work/typespec/typespec/packages/http-client-csharp/generator/artifacts/bin/microsoft.typespec.generator.tests/debug/net8.0/microsoft.typespec.generator.tests.dll" id="5421f54a-a02f-943d-b2bb-0b6cb00f03bd">
      <Execution id="cfde1ef8-4e83-495a-8d8d-c5ae1ba9ad4d" />
      <TestMethod codeBase="/home/runner/work/typespec/typespec/packages/http-client-csharp/generator/artifacts/bin/Microsoft.TypeSpec.Generator.Tests/Debug/net8.0/Microsoft.TypeSpec.Generator.Tests.dll" adapterTypeName="executor://nunit3testexecutor/" className="Microsoft.TypeSpec.Generator.Tests.Providers.PropertyProviderTests" name="BodyHasSetterValidation(&quot;readOnlyStringOnInputModel&quot;,Microsoft.TypeSpec.Generator.Input.InputModelType,False,null)" />
    </UnitTest>
    <UnitTest name="CodeWriter_WriteProperty_IndexerProperty_ExpressionBody" storage="/home/runner/work/typespec/typespec/packages/http-client-csharp/generator/artifacts/bin/microsoft.typespec.generator.tests/debug/net8.0/microsoft.typespec.generator.tests.dll" id="b6db30fd-3332-fff3-0038-e76827e7300b">
      <Execution id="12de3335-d7c2-4794-b749-c991ece79180" />
      <TestMethod codeBase="/home/runner/work/typespec/typespec/packages/http-client-csharp/generator/artifacts/bin/Microsoft.TypeSpec.Generator.Tests/Debug/net8.0/Microsoft.TypeSpec.Generator.Tests.dll" adapterTypeName="executor://nunit3testexecutor/" className="Microsoft.TypeSpec.Generator.Tests.Writers.CodeWriterTests" name="CodeWriter_WriteProperty_IndexerProperty_ExpressionBody" />
    </UnitTest>
    <UnitTest name="DerivedExpressionBodyDoesNotHaveSetterWhenNarrowed" storage="/home/runner/work/typespec/typespec/packages/http-client-csharp/generator/artifacts/bin/microsoft.typespec.generator.tests/debug/net8.0/microsoft.typespec.generator.tests.dll" id="2f49ddd4-65d3-e4fb-77a7-72c40a358641">
      <Execution id="e216315b-6e98-4be7-ab16-9e0e3e871e4d" />
      <TestMethod codeBase="/home/runner/work/typespec/typespec/packages/http-client-csharp/generator/artifacts/bin/Microsoft.TypeSpec.Generator.Tests/Debug/net8.0/Microsoft.TypeSpec.Generator.Tests.dll" adapterTypeName="executor://nunit3testexecutor/" className="Microsoft.TypeSpec.Generator.Tests.Providers.ModelProviders.ModelProviderTests" name="DerivedExpressionBodyDoesNotHaveSetterWhenNarrowed" />
    </UnitTest>
    <UnitTest name="NotNullOrEmptyStringThrowsOnEmpty" storage="/home/runner/work/typespec/typespec/packages/http-client-csharp/generator/artifacts/bin/microsoft.typespec.generator.tests/debug/net8.0/microsoft.typespec.generator.tests.dll" id="a9a0a623-de99-ffd6-5c43-ed9a99915615">
      <Execution id="832a6ba9-36cc-4231-9533-1dd8d6ac8919" />
      <TestMethod codeBase="/home/runner/work/typespec/typespec/packages/http-client-csharp/generator/artifacts/bin/Microsoft.TypeSpec.Generator.Tests/Debug/net8.0/Microsoft.TypeSpec.Generator.Tests.dll" adapterTypeName="executor://nunit3testexecutor/" className="Microsoft.TypeSpec.Generator.Tests.Providers.ArgumentTests" name="NotNullOrEmptyStringThrowsOnEmpty" />
    </UnitTest>
    <UnitTest name="DoesNotRemoveValidUsings" storage="/home/runner/work/typespec/typespec/packages/http-client-csharp/generator/artifacts/bin/microsoft.typespec.generator.tests/debug/net8.0/microsoft.typespec.generator.tests.dll" id="3f7b061b-9bd8-be66-3398-f580790975a1">
      <Execution id="6cd14374-18bf-42bc-a905-cf168f15688f" />
      <TestMethod codeBase="/home/runner/work/typespec/typespec/packages/http-client-csharp/generator/artifacts/bin/Microsoft.TypeSpec.Generator.Tests/Debug/net8.0/Microsoft.TypeSpec.Generator.Tests.dll" adapterTypeName="executor://nunit3testexecutor/" className="Microsoft.TypeSpec.Generator.Tests.PostProcessing.PostProcessorTests" name="DoesNotRemoveValidUsings" />
    </UnitTest>
    <UnitTest name="VisitsProperties" storage="/home/runner/work/typespec/typespec/packages/http-client-csharp/generator/artifacts/bin/microsoft.typespec.generator.tests/debug/net8.0/microsoft.typespec.generator.tests.dll" id="dc269f56-e8f1-7215-de57-f294735827ca">
      <Execution id="bf854571-322b-460d-8910-c1225a5c2786" />
      <TestMethod codeBase="/home/runner/work/typespec/typespec/packages/http-client-csharp/generator/artifacts/bin/Microsoft.TypeSpec.Generator.Tests/Debug/net8.0/Microsoft.TypeSpec.Generator.Tests.dll" adapterTypeName="executor://nunit3testexecutor/" className="Microsoft.TypeSpec.Generator.Tests.OutputLibraryVisitorTests" name="VisitsProperties" />
    </UnitTest>
    <UnitTest name="ValidateName" storage="/home/runner/work/typespec/typespec/packages/http-client-csharp/generator/artifacts/bin/microsoft.typespec.generator.tests/debug/net8.0/microsoft.typespec.generator.tests.dll" id="a393e5db-5a23-010b-d3f3-cbff13003adf">
      <Execution id="9497ea5d-d4ba-4aad-a138-ed2cce874ed8" />
      <TestMethod codeBase="/home/runner/work/typespec/typespec/packages/http-client-csharp/generator/artifacts/bin/Microsoft.TypeSpec.Generator.Tests/Debug/net8.0/Microsoft.TypeSpec.Generator.Tests.dll" adapterTypeName="executor://nunit3testexecutor/" className="Microsoft.TypeSpec.Generator.Tests.Providers.NamedTypeSymbolProviders.NamedTypeSymbolProviderTests" name="ValidateName" />
    </UnitTest>
    <UnitTest name="ValidateNullableTypes(System.Uri,[],False)" storage="/home/runner/work/typespec/typespec/packages/http-client-csharp/generator/artifacts/bin/microsoft.typespec.generator.tests/debug/net8.0/microsoft.typespec.generator.tests.dll" id="8881821b-7d3d-8cd9-b7c7-0410f06440ab">
      <Execution id="84620016-bd3f-4b12-a27f-b8cb9a81c1c4" />
      <TestMethod codeBase="/home/runner/work/typespec/typespec/packages/http-client-csharp/generator/artifacts/bin/Microsoft.TypeSpec.Generator.Tests/Debug/net8.0/Microsoft.TypeSpec.Generator.Tests.dll" adapterTypeName="executor://nunit3testexecutor/" className="Microsoft.TypeSpec.Generator.Tests.Primitives.CSharpTypeTests" name="ValidateNullableTypes(System.Uri,[],False)" />
    </UnitTest>
    <UnitTest name="ValidateGetFormattableStringFormatParts(&quot;This {0} has literal {{, {1} and }} in the middle&quot;,[Part { Value = This , IsLiteral = True, ArgumentIndex = -1 }, Part { Value = 0, IsLiteral = False, ArgumentIndex = 0 }, Part { Value =  has literal {, IsLiteral = True, ArgumentIndex = -1 }, Part { Value = , , IsLiteral = True, ArgumentIndex = -1 }, Part { Value = 1, IsLiteral = False, ArgumentIndex = 1 }, ...])" storage="/home/runner/work/typespec/typespec/packages/http-client-csharp/generator/artifacts/bin/microsoft.typespec.generator.tests/debug/net8.0/microsoft.typespec.generator.tests.dll" id="229736e4-e626-8640-1665-cf30e4fb5f47">
      <Execution id="eb055a3d-d38b-4279-a80e-4a3b71515fb7" />
      <TestMethod codeBase="/home/runner/work/typespec/typespec/packages/http-client-csharp/generator/artifacts/bin/Microsoft.TypeSpec.Generator.Tests/Debug/net8.0/Microsoft.TypeSpec.Generator.Tests.dll" adapterTypeName="executor://nunit3testexecutor/" className="Microsoft.TypeSpec.Generator.Tests.Utilities.StringExtensionsTests" name="ValidateGetFormattableStringFormatParts(&quot;This {0} has literal {{, {1} and }} in the middle&quot;,[Part { Value = This , IsLiteral = True, ArgumentIndex = -1 }, Part { Value = 0, IsLiteral = False, ArgumentIndex = 0 }, Part { Value =  has literal {, IsLiteral = True, ArgumentIndex = -1 }, Part { Value = , , IsLiteral = True, ArgumentIndex = -1 }, Part { Value = 1, IsLiteral = False, ArgumentIndex = 1 }, ...])" />
    </UnitTest>
    <UnitTest name="TestIsCSharpKeyword(&quot;where&quot;,True)" storage="/home/runner/work/typespec/typespec/packages/http-client-csharp/generator/artifacts/bin/microsoft.typespec.generator.tests/debug/net8.0/microsoft.typespec.generator.tests.dll" id="d832ca72-8ed0-0f15-973d-4e0a54c1c11e">
      <Execution id="e021e684-a9c6-452c-b82d-7fdff36f198e" />
      <TestMethod codeBase="/home/runner/work/typespec/typespec/packages/http-client-csharp/generator/artifacts/bin/Microsoft.TypeSpec.Generator.Tests/Debug/net8.0/Microsoft.TypeSpec.Generator.Tests.dll" adapterTypeName="executor://nunit3testexecutor/" className="Microsoft.TypeSpec.Generator.Tests.Utilities.StringExtensionsTests" name="TestIsCSharpKeyword(&quot;where&quot;,True)" />
    </UnitTest>
    <UnitTest name="OperandOnLeft" storage="/home/runner/work/typespec/typespec/packages/http-client-csharp/generator/artifacts/bin/microsoft.typespec.generator.tests/debug/net8.0/microsoft.typespec.generator.tests.dll" id="07e64b3a-aa9b-ba14-4041-8a83b36381b9">
      <Execution id="0a995bd6-fc3c-478e-87e7-6b0e4f27ff5f" />
      <TestMethod codeBase="/home/runner/work/typespec/typespec/packages/http-client-csharp/generator/artifacts/bin/Microsoft.TypeSpec.Generator.Tests/Debug/net8.0/Microsoft.TypeSpec.Generator.Tests.dll" adapterTypeName="executor://nunit3testexecutor/" className="Microsoft.TypeSpec.Generator.Tests.Expressions.UnaryOperationExpressionTests" name="OperandOnLeft" />
    </UnitTest>
    <UnitTest name="TestToApiVersionValueWithPrefixAndSeparator(&quot;V2022_05_15_Preview&quot;,&quot;v&quot;,&quot;/&quot;,&quot;v2022/05/15/preview&quot;)" storage="/home/runner/work/typespec/typespec/packages/http-client-csharp/generator/artifacts/bin/microsoft.typespec.generator.tests/debug/net8.0/microsoft.typespec.generator.tests.dll" id="0109c8ab-ee05-8dbe-890d-f0bf776f02fb">
      <Execution id="7e87d39d-d4b4-4c06-b70a-ed7168503442" />
      <TestMethod codeBase="/home/runner/work/typespec/typespec/packages/http-client-csharp/generator/artifacts/bin/Microsoft.TypeSpec.Generator.Tests/Debug/net8.0/Microsoft.TypeSpec.Generator.Tests.dll" adapterTypeName="executor://nunit3testexecutor/" className="Microsoft.TypeSpec.Generator.Tests.Utilities.StringExtensionsTests" name="TestToApiVersionValueWithPrefixAndSeparator(&quot;V2022_05_15_Preview&quot;,&quot;v&quot;,&quot;/&quot;,&quot;v2022/05/15/preview&quot;)" />
    </UnitTest>
    <UnitTest name="ValidateMethods" storage="/home/runner/work/typespec/typespec/packages/http-client-csharp/generator/artifacts/bin/microsoft.typespec.generator.tests/debug/net8.0/microsoft.typespec.generator.tests.dll" id="74f5e4a5-156f-e5fa-3912-1acc1239d040">
      <Execution id="a65c158d-775c-47bf-bbd4-46810da48aca" />
      <TestMethod codeBase="/home/runner/work/typespec/typespec/packages/http-client-csharp/generator/artifacts/bin/Microsoft.TypeSpec.Generator.Tests/Debug/net8.0/Microsoft.TypeSpec.Generator.Tests.dll" adapterTypeName="executor://nunit3testexecutor/" className="Microsoft.TypeSpec.Generator.Tests.Providers.CanonicalTypeProviderTests" name="ValidateMethods" />
    </UnitTest>
    <UnitTest name="DoesNotIncludeReqCustomFieldLiteralInDefaultCtor" storage="/home/runner/work/typespec/typespec/packages/http-client-csharp/generator/artifacts/bin/microsoft.typespec.generator.tests/debug/net8.0/microsoft.typespec.generator.tests.dll" id="e1da224a-6889-e7f0-4909-8f9f1d973abe">
      <Execution id="b4631257-3d64-462d-b35e-1d168b2d11ea" />
      <TestMethod codeBase="/home/runner/work/typespec/typespec/packages/http-client-csharp/generator/artifacts/bin/Microsoft.TypeSpec.Generator.Tests/Debug/net8.0/Microsoft.TypeSpec.Generator.Tests.dll" adapterTypeName="executor://nunit3testexecutor/" className="Microsoft.TypeSpec.Generator.Tests.Providers.ModelProviders.ModelCustomizationTests" name="DoesNotIncludeReqCustomFieldLiteralInDefaultCtor" />
    </UnitTest>
    <UnitTest name="IsList(System.Collections.Generic.IReadOnlyList`1[T],True)" storage="/home/runner/work/typespec/typespec/packages/http-client-csharp/generator/artifacts/bin/microsoft.typespec.generator.tests/debug/net8.0/microsoft.typespec.generator.tests.dll" id="65447680-2649-575c-78cc-9a2645bae4cc">
      <Execution id="8ad0a7f4-664e-402f-bdcd-cc50f7985138" />
      <TestMethod codeBase="/home/runner/work/typespec/typespec/packages/http-client-csharp/generator/artifacts/bin/Microsoft.TypeSpec.Generator.Tests/Debug/net8.0/Microsoft.TypeSpec.Generator.Tests.dll" adapterTypeName="executor://nunit3testexecutor/" className="Microsoft.TypeSpec.Generator.Tests.Primitives.CSharpTypeTests" name="IsList(System.Collections.Generic.IReadOnlyList`1[T],True)" />
    </UnitTest>
    <UnitTest name="CustomConstructorWithoutInitializerShouldHaveNullInitializer" storage="/home/runner/work/typespec/typespec/packages/http-client-csharp/generator/artifacts/bin/microsoft.typespec.generator.tests/debug/net8.0/microsoft.typespec.generator.tests.dll" id="18284965-caa9-19be-bcfc-7aaeae04db65">
      <Execution id="a63ed172-c7e7-4256-9dc2-8b3862ac5434" />
      <TestMethod codeBase="/home/runner/work/typespec/typespec/packages/http-client-csharp/generator/artifacts/bin/Microsoft.TypeSpec.Generator.Tests/Debug/net8.0/Microsoft.TypeSpec.Generator.Tests.dll" adapterTypeName="executor://nunit3testexecutor/" className="Microsoft.TypeSpec.Generator.Tests.Providers.NamedTypeSymbolProviders.ConstructorInitializerTests" name="CustomConstructorWithoutInitializerShouldHaveNullInitializer" />
    </UnitTest>
    <UnitTest name="HashCodesAreNotEqual(System.Int32,System.String)" storage="/home/runner/work/typespec/typespec/packages/http-client-csharp/generator/artifacts/bin/microsoft.typespec.generator.tests/debug/net8.0/microsoft.typespec.generator.tests.dll" id="be4e2c1f-dcc5-75fe-28b6-bdd6952f77a4">
      <Execution id="3f7ea9d7-61dd-4008-b2e9-89e1ccf87dab" />
      <TestMethod codeBase="/home/runner/work/typespec/typespec/packages/http-client-csharp/generator/artifacts/bin/Microsoft.TypeSpec.Generator.Tests/Debug/net8.0/Microsoft.TypeSpec.Generator.Tests.dll" adapterTypeName="executor://nunit3testexecutor/" className="Microsoft.TypeSpec.Generator.Tests.Primitives.CSharpTypeTests" name="HashCodesAreNotEqual(System.Int32,System.String)" />
    </UnitTest>
    <UnitTest name="KeyValuePairExpression(System.Collections.Generic.IList`1[System.Int32],System.Collections.Generic.IList`1[System.String])" storage="/home/runner/work/typespec/typespec/packages/http-client-csharp/generator/artifacts/bin/microsoft.typespec.generator.tests/debug/net8.0/microsoft.typespec.generator.tests.dll" id="3828f2a7-f139-002b-fb55-f0000180d1f6">
      <Execution id="1f50eea3-3bcd-44db-87c8-69115cd28453" />
      <TestMethod codeBase="/home/runner/work/typespec/typespec/packages/http-client-csharp/generator/artifacts/bin/Microsoft.TypeSpec.Generator.Tests/Debug/net8.0/Microsoft.TypeSpec.Generator.Tests.dll" adapterTypeName="executor://nunit3testexecutor/" className="Microsoft.TypeSpec.Generator.Tests.Expressions.KnownValueExpressionsTests" name="KeyValuePairExpression(System.Collections.Generic.IList`1[System.Int32],System.Collections.Generic.IList`1[System.String])" />
    </UnitTest>
    <UnitTest name="ListExpression(System.Boolean)" storage="/home/runner/work/typespec/typespec/packages/http-client-csharp/generator/artifacts/bin/microsoft.typespec.generator.tests/debug/net8.0/microsoft.typespec.generator.tests.dll" id="216079ac-b730-022d-e5a4-fb32e7a98a8e">
      <Execution id="f24063a7-1ca0-46d6-a525-d31b29407cec" />
      <TestMethod codeBase="/home/runner/work/typespec/typespec/packages/http-client-csharp/generator/artifacts/bin/Microsoft.TypeSpec.Generator.Tests/Debug/net8.0/Microsoft.TypeSpec.Generator.Tests.dll" adapterTypeName="executor://nunit3testexecutor/" className="Microsoft.TypeSpec.Generator.Tests.Expressions.KnownValueExpressionsTests" name="ListExpression(System.Boolean)" />
    </UnitTest>
    <UnitTest name="ListExpression(System.Int32)" storage="/home/runner/work/typespec/typespec/packages/http-client-csharp/generator/artifacts/bin/microsoft.typespec.generator.tests/debug/net8.0/microsoft.typespec.generator.tests.dll" id="2fe0ce30-023a-d677-13ee-2b4363be581f">
      <Execution id="b4fbec72-3715-459d-9a83-35ce30105099" />
      <TestMethod codeBase="/home/runner/work/typespec/typespec/packages/http-client-csharp/generator/artifacts/bin/Microsoft.TypeSpec.Generator.Tests/Debug/net8.0/Microsoft.TypeSpec.Generator.Tests.dll" adapterTypeName="executor://nunit3testexecutor/" className="Microsoft.TypeSpec.Generator.Tests.Expressions.KnownValueExpressionsTests" name="ListExpression(System.Int32)" />
    </UnitTest>
    <UnitTest name="TestIsCSharpKeyword(&quot;by&quot;,True)" storage="/home/runner/work/typespec/typespec/packages/http-client-csharp/generator/artifacts/bin/microsoft.typespec.generator.tests/debug/net8.0/microsoft.typespec.generator.tests.dll" id="711d2162-2b98-a5ab-d146-f061d4a9490c">
      <Execution id="7ee4ac1e-f736-4f12-97c6-e4e1e0d8c5cf" />
      <TestMethod codeBase="/home/runner/work/typespec/typespec/packages/http-client-csharp/generator/artifacts/bin/Microsoft.TypeSpec.Generator.Tests/Debug/net8.0/Microsoft.TypeSpec.Generator.Tests.dll" adapterTypeName="executor://nunit3testexecutor/" className="Microsoft.TypeSpec.Generator.Tests.Utilities.StringExtensionsTests" name="TestIsCSharpKeyword(&quot;by&quot;,True)" />
    </UnitTest>
    <UnitTest name="SingleLineSummary" storage="/home/runner/work/typespec/typespec/packages/http-client-csharp/generator/artifacts/bin/microsoft.typespec.generator.tests/debug/net8.0/microsoft.typespec.generator.tests.dll" id="1af4ac2d-863e-cbc7-a2d1-1c8e6844de6b">
      <Execution id="81020290-c895-4a75-a5b2-e4fc6d24a8eb" />
      <TestMethod codeBase="/home/runner/work/typespec/typespec/packages/http-client-csharp/generator/artifacts/bin/Microsoft.TypeSpec.Generator.Tests/Debug/net8.0/Microsoft.TypeSpec.Generator.Tests.dll" adapterTypeName="executor://nunit3testexecutor/" className="Microsoft.TypeSpec.Generator.Tests.Writers.CodeWriterTests" name="SingleLineSummary" />
    </UnitTest>
    <UnitTest name="CodeWriter_WriteProperty_IndexerProperty_AutoBody" storage="/home/runner/work/typespec/typespec/packages/http-client-csharp/generator/artifacts/bin/microsoft.typespec.generator.tests/debug/net8.0/microsoft.typespec.generator.tests.dll" id="fcfa3660-08a8-7556-7d3f-b80d482c06c9">
      <Execution id="5ac89a53-6d61-434a-ac14-d224cbb33406" />
      <TestMethod codeBase="/home/runner/work/typespec/typespec/packages/http-client-csharp/generator/artifacts/bin/Microsoft.TypeSpec.Generator.Tests/Debug/net8.0/Microsoft.TypeSpec.Generator.Tests.dll" adapterTypeName="executor://nunit3testexecutor/" className="Microsoft.TypeSpec.Generator.Tests.Writers.CodeWriterTests" name="CodeWriter_WriteProperty_IndexerProperty_AutoBody" />
    </UnitTest>
    <UnitTest name="BaseConstructorShouldBePrivateProtected" storage="/home/runner/work/typespec/typespec/packages/http-client-csharp/generator/artifacts/bin/microsoft.typespec.generator.tests/debug/net8.0/microsoft.typespec.generator.tests.dll" id="36f565da-6c41-27fb-f0ad-2851820a6c55">
      <Execution id="c0dbe73e-e003-4811-b047-ec75637c85d1" />
      <TestMethod codeBase="/home/runner/work/typespec/typespec/packages/http-client-csharp/generator/artifacts/bin/Microsoft.TypeSpec.Generator.Tests/Debug/net8.0/Microsoft.TypeSpec.Generator.Tests.dll" adapterTypeName="executor://nunit3testexecutor/" className="Microsoft.TypeSpec.Generator.Tests.Providers.ModelProviders.DiscriminatorTests" name="BaseConstructorShouldBePrivateProtected" />
    </UnitTest>
    <UnitTest name="BodyHasSetterValidation(&quot;nullableCollectionOnInputOutputModel&quot;,Microsoft.TypeSpec.Generator.Input.InputModelType,True,null)" storage="/home/runner/work/typespec/typespec/packages/http-client-csharp/generator/artifacts/bin/microsoft.typespec.generator.tests/debug/net8.0/microsoft.typespec.generator.tests.dll" id="6e2d3c67-3080-1e7b-8e65-c4a3c7af675b">
      <Execution id="ebd1a81e-d7a7-420d-89b9-9b23d5a724e8" />
      <TestMethod codeBase="/home/runner/work/typespec/typespec/packages/http-client-csharp/generator/artifacts/bin/Microsoft.TypeSpec.Generator.Tests/Debug/net8.0/Microsoft.TypeSpec.Generator.Tests.dll" adapterTypeName="executor://nunit3testexecutor/" className="Microsoft.TypeSpec.Generator.Tests.Providers.PropertyProviderTests" name="BodyHasSetterValidation(&quot;nullableCollectionOnInputOutputModel&quot;,Microsoft.TypeSpec.Generator.Input.InputModelType,True,null)" />
    </UnitTest>
    <UnitTest name="IsList(System.Collections.Generic.List`1[T],True)" storage="/home/runner/work/typespec/typespec/packages/http-client-csharp/generator/artifacts/bin/microsoft.typespec.generator.tests/debug/net8.0/microsoft.typespec.generator.tests.dll" id="e8583dfe-bef2-ad72-ae84-7a0c797fce55">
      <Execution id="ab2f8409-2102-45fa-ae10-8f6aab78378e" />
      <TestMethod codeBase="/home/runner/work/typespec/typespec/packages/http-client-csharp/generator/artifacts/bin/Microsoft.TypeSpec.Generator.Tests/Debug/net8.0/Microsoft.TypeSpec.Generator.Tests.dll" adapterTypeName="executor://nunit3testexecutor/" className="Microsoft.TypeSpec.Generator.Tests.Primitives.CSharpTypeTests" name="IsList(System.Collections.Generic.List`1[T],True)" />
    </UnitTest>
    <UnitTest name="OptionalityChangeNarrowPropertyHasNewKeyword" storage="/home/runner/work/typespec/typespec/packages/http-client-csharp/generator/artifacts/bin/microsoft.typespec.generator.tests/debug/net8.0/microsoft.typespec.generator.tests.dll" id="e8dadef5-733a-1ff1-73c3-c957c2313ea8">
      <Execution id="21f6237c-6e72-4164-a203-9f7228bac9ff" />
      <TestMethod codeBase="/home/runner/work/typespec/typespec/packages/http-client-csharp/generator/artifacts/bin/Microsoft.TypeSpec.Generator.Tests/Debug/net8.0/Microsoft.TypeSpec.Generator.Tests.dll" adapterTypeName="executor://nunit3testexecutor/" className="Microsoft.TypeSpec.Generator.Tests.Providers.ModelProviders.ModelProviderTests" name="OptionalityChangeNarrowPropertyHasNewKeyword" />
    </UnitTest>
    <UnitTest name="TestIsCSharpKeyword(&quot;async&quot;,True)" storage="/home/runner/work/typespec/typespec/packages/http-client-csharp/generator/artifacts/bin/microsoft.typespec.generator.tests/debug/net8.0/microsoft.typespec.generator.tests.dll" id="f64fc73a-8eca-1242-c007-1a6c4232130f">
      <Execution id="8f4b4b1c-f177-44ef-9c03-90c4566adab2" />
      <TestMethod codeBase="/home/runner/work/typespec/typespec/packages/http-client-csharp/generator/artifacts/bin/Microsoft.TypeSpec.Generator.Tests/Debug/net8.0/Microsoft.TypeSpec.Generator.Tests.dll" adapterTypeName="executor://nunit3testexecutor/" className="Microsoft.TypeSpec.Generator.Tests.Utilities.StringExtensionsTests" name="TestIsCSharpKeyword(&quot;async&quot;,True)" />
    </UnitTest>
    <UnitTest name="IntSerializationFormat(UInt32,null)" storage="/home/runner/work/typespec/typespec/packages/http-client-csharp/generator/artifacts/bin/microsoft.typespec.generator.tests/debug/net8.0/microsoft.typespec.generator.tests.dll" id="9bc367b0-2d6d-e25e-f385-beb1c03bb00d">
      <Execution id="f5704006-da68-419c-abdd-8e59f4eb9ec2" />
      <TestMethod codeBase="/home/runner/work/typespec/typespec/packages/http-client-csharp/generator/artifacts/bin/Microsoft.TypeSpec.Generator.Tests/Debug/net8.0/Microsoft.TypeSpec.Generator.Tests.dll" adapterTypeName="executor://nunit3testexecutor/" className="Microsoft.TypeSpec.Generator.Tests.TypeFactoryTests" name="IntSerializationFormat(UInt32,null)" />
    </UnitTest>
    <UnitTest name="IsDictionary(System.Collections.Generic.IReadOnlyDictionary`2[TKey,TValue],True)" storage="/home/runner/work/typespec/typespec/packages/http-client-csharp/generator/artifacts/bin/microsoft.typespec.generator.tests/debug/net8.0/microsoft.typespec.generator.tests.dll" id="fc6d4e05-e972-9b67-7fd5-ed8afffa3d04">
      <Execution id="45a41214-46e9-49d9-8962-7709eafc3a44" />
      <TestMethod codeBase="/home/runner/work/typespec/typespec/packages/http-client-csharp/generator/artifacts/bin/Microsoft.TypeSpec.Generator.Tests/Debug/net8.0/Microsoft.TypeSpec.Generator.Tests.dll" adapterTypeName="executor://nunit3testexecutor/" className="Microsoft.TypeSpec.Generator.Tests.Primitives.CSharpTypeTests" name="IsDictionary(System.Collections.Generic.IReadOnlyDictionary`2[TKey,TValue],True)" />
    </UnitTest>
    <UnitTest name="ValidateAttributes" storage="/home/runner/work/typespec/typespec/packages/http-client-csharp/generator/artifacts/bin/microsoft.typespec.generator.tests/debug/net8.0/microsoft.typespec.generator.tests.dll" id="6540102f-53e3-717e-261b-01f05cff9c00">
      <Execution id="4efc7473-c7e1-4611-b33e-c52cb8772188" />
      <TestMethod codeBase="/home/runner/work/typespec/typespec/packages/http-client-csharp/generator/artifacts/bin/Microsoft.TypeSpec.Generator.Tests/Debug/net8.0/Microsoft.TypeSpec.Generator.Tests.dll" adapterTypeName="executor://nunit3testexecutor/" className="Microsoft.TypeSpec.Generator.Tests.Providers.ProviderWithAttributesTests" name="ValidateAttributes" />
    </UnitTest>
    <UnitTest name="TypeModifiersTest(Private, Class)" storage="/home/runner/work/typespec/typespec/packages/http-client-csharp/generator/artifacts/bin/microsoft.typespec.generator.tests/debug/net8.0/microsoft.typespec.generator.tests.dll" id="921becbe-871e-b5c6-0fad-012382fc0bba">
      <Execution id="8822de14-247c-4937-8c02-76cdcaa6df99" />
      <TestMethod codeBase="/home/runner/work/typespec/typespec/packages/http-client-csharp/generator/artifacts/bin/Microsoft.TypeSpec.Generator.Tests/Debug/net8.0/Microsoft.TypeSpec.Generator.Tests.dll" adapterTypeName="executor://nunit3testexecutor/" className="Microsoft.TypeSpec.Generator.Tests.Writers.CodeWriterTests" name="TypeModifiersTest(Private, Class)" />
    </UnitTest>
    <UnitTest name="EqualToFrameworkType(System.Collections.Generic.IDictionary`2[System.Int32,System.Int32])" storage="/home/runner/work/typespec/typespec/packages/http-client-csharp/generator/artifacts/bin/microsoft.typespec.generator.tests/debug/net8.0/microsoft.typespec.generator.tests.dll" id="19c6427d-1cc5-f3a5-e1e7-57d8b4ee9bd2">
      <Execution id="74c29421-b1f8-4515-8408-838008b4f9c4" />
      <TestMethod codeBase="/home/runner/work/typespec/typespec/packages/http-client-csharp/generator/artifacts/bin/Microsoft.TypeSpec.Generator.Tests/Debug/net8.0/Microsoft.TypeSpec.Generator.Tests.dll" adapterTypeName="executor://nunit3testexecutor/" className="Microsoft.TypeSpec.Generator.Tests.Primitives.CSharpTypeTests" name="EqualToFrameworkType(System.Collections.Generic.IDictionary`2[System.Int32,System.Int32])" />
    </UnitTest>
    <UnitTest name="ValueTypeHasNoValidation(Microsoft.TypeSpec.Generator.Input.InputEnumType)" storage="/home/runner/work/typespec/typespec/packages/http-client-csharp/generator/artifacts/bin/microsoft.typespec.generator.tests/debug/net8.0/microsoft.typespec.generator.tests.dll" id="3be806f7-f582-ad07-2c81-d19696092c39">
      <Execution id="fe6a28b3-87d9-4420-b394-c2326cc6aeaa" />
      <TestMethod codeBase="/home/runner/work/typespec/typespec/packages/http-client-csharp/generator/artifacts/bin/Microsoft.TypeSpec.Generator.Tests/Debug/net8.0/Microsoft.TypeSpec.Generator.Tests.dll" adapterTypeName="executor://nunit3testexecutor/" className="Microsoft.TypeSpec.Generator.Tests.Providers.ParameterProviderTests" name="ValueTypeHasNoValidation(Microsoft.TypeSpec.Generator.Input.InputEnumType)" />
    </UnitTest>
    <UnitTest name="InitCtorShouldAssignBaseFieldDerivedRequired" storage="/home/runner/work/typespec/typespec/packages/http-client-csharp/generator/artifacts/bin/microsoft.typespec.generator.tests/debug/net8.0/microsoft.typespec.generator.tests.dll" id="907ea4bd-38f6-7f48-c9e6-1f394fd34443">
      <Execution id="b28d8033-88b2-4402-b1bf-af2259ea37fe" />
      <TestMethod codeBase="/home/runner/work/typespec/typespec/packages/http-client-csharp/generator/artifacts/bin/Microsoft.TypeSpec.Generator.Tests/Debug/net8.0/Microsoft.TypeSpec.Generator.Tests.dll" adapterTypeName="executor://nunit3testexecutor/" className="Microsoft.TypeSpec.Generator.Tests.Providers.ModelProviders.ModelProviderTests" name="InitCtorShouldAssignBaseFieldDerivedRequired" />
    </UnitTest>
    <UnitTest name="TestIsCSharpKeyword(&quot;do&quot;,True)" storage="/home/runner/work/typespec/typespec/packages/http-client-csharp/generator/artifacts/bin/microsoft.typespec.generator.tests/debug/net8.0/microsoft.typespec.generator.tests.dll" id="270b440f-1f3c-3767-f929-42e0d541f4dd">
      <Execution id="b4020459-9df8-4691-a451-a02c9baa397f" />
      <TestMethod codeBase="/home/runner/work/typespec/typespec/packages/http-client-csharp/generator/artifacts/bin/Microsoft.TypeSpec.Generator.Tests/Debug/net8.0/Microsoft.TypeSpec.Generator.Tests.dll" adapterTypeName="executor://nunit3testexecutor/" className="Microsoft.TypeSpec.Generator.Tests.Utilities.StringExtensionsTests" name="TestIsCSharpKeyword(&quot;do&quot;,True)" />
    </UnitTest>
    <UnitTest name="VisitsSerializationProviderMembers" storage="/home/runner/work/typespec/typespec/packages/http-client-csharp/generator/artifacts/bin/microsoft.typespec.generator.tests/debug/net8.0/microsoft.typespec.generator.tests.dll" id="4abfd303-145b-aaaf-d908-db43e32b70f9">
      <Execution id="e3b17515-f5c3-41c4-8d39-96e61a8ea91e" />
      <TestMethod codeBase="/home/runner/work/typespec/typespec/packages/http-client-csharp/generator/artifacts/bin/Microsoft.TypeSpec.Generator.Tests/Debug/net8.0/Microsoft.TypeSpec.Generator.Tests.dll" adapterTypeName="executor://nunit3testexecutor/" className="Microsoft.TypeSpec.Generator.Tests.OutputLibraryVisitorTests" name="VisitsSerializationProviderMembers" />
    </UnitTest>
    <UnitTest name="VariableExpressionWithoutRef" storage="/home/runner/work/typespec/typespec/packages/http-client-csharp/generator/artifacts/bin/microsoft.typespec.generator.tests/debug/net8.0/microsoft.typespec.generator.tests.dll" id="b79a46ba-f324-98d6-56e4-62dd91ee450a">
      <Execution id="5daa8b06-664b-46eb-bf39-1866cf7262df" />
      <TestMethod codeBase="/home/runner/work/typespec/typespec/packages/http-client-csharp/generator/artifacts/bin/Microsoft.TypeSpec.Generator.Tests/Debug/net8.0/Microsoft.TypeSpec.Generator.Tests.dll" adapterTypeName="executor://nunit3testexecutor/" className="Microsoft.TypeSpec.Generator.Tests.Expressions.VariableExpressionTests" name="VariableExpressionWithoutRef" />
    </UnitTest>
    <UnitTest name="ImplicitOperatorMethodSignatureThrowsIfReturnTypeIsNull" storage="/home/runner/work/typespec/typespec/packages/http-client-csharp/generator/artifacts/bin/microsoft.typespec.generator.tests/debug/net8.0/microsoft.typespec.generator.tests.dll" id="b914f567-408b-f9a4-2318-41294179616b">
      <Execution id="ed167cc9-74a8-40b3-a9de-a9d848f0f0d2" />
      <TestMethod codeBase="/home/runner/work/typespec/typespec/packages/http-client-csharp/generator/artifacts/bin/Microsoft.TypeSpec.Generator.Tests/Debug/net8.0/Microsoft.TypeSpec.Generator.Tests.dll" adapterTypeName="executor://nunit3testexecutor/" className="Microsoft.TypeSpec.Generator.Tests.Providers.MethodProviderTests" name="ImplicitOperatorMethodSignatureThrowsIfReturnTypeIsNull" />
    </UnitTest>
    <UnitTest name="TestIsCSharpKeyword(&quot;sealed&quot;,True)" storage="/home/runner/work/typespec/typespec/packages/http-client-csharp/generator/artifacts/bin/microsoft.typespec.generator.tests/debug/net8.0/microsoft.typespec.generator.tests.dll" id="2591579f-bb00-b03a-a482-62f784ac0bad">
      <Execution id="402b4c51-f7bf-4c38-b241-aa93f0ff472e" />
      <TestMethod codeBase="/home/runner/work/typespec/typespec/packages/http-client-csharp/generator/artifacts/bin/Microsoft.TypeSpec.Generator.Tests/Debug/net8.0/Microsoft.TypeSpec.Generator.Tests.dll" adapterTypeName="executor://nunit3testexecutor/" className="Microsoft.TypeSpec.Generator.Tests.Utilities.StringExtensionsTests" name="TestIsCSharpKeyword(&quot;sealed&quot;,True)" />
    </UnitTest>
    <UnitTest name="TestIsCSharpKeyword(&quot;byte&quot;,True)" storage="/home/runner/work/typespec/typespec/packages/http-client-csharp/generator/artifacts/bin/microsoft.typespec.generator.tests/debug/net8.0/microsoft.typespec.generator.tests.dll" id="3cda19e1-59de-ba4e-e758-64eb15e58d14">
      <Execution id="937812a5-3f98-4dac-824c-0198df4d1b1e" />
      <TestMethod codeBase="/home/runner/work/typespec/typespec/packages/http-client-csharp/generator/artifacts/bin/Microsoft.TypeSpec.Generator.Tests/Debug/net8.0/Microsoft.TypeSpec.Generator.Tests.dll" adapterTypeName="executor://nunit3testexecutor/" className="Microsoft.TypeSpec.Generator.Tests.Utilities.StringExtensionsTests" name="TestIsCSharpKeyword(&quot;byte&quot;,True)" />
    </UnitTest>
    <UnitTest name="HashCodesAreNotEqual(System.Collections.Generic.IList`1[System.Int32],System.Collections.Generic.IList`1[T])" storage="/home/runner/work/typespec/typespec/packages/http-client-csharp/generator/artifacts/bin/microsoft.typespec.generator.tests/debug/net8.0/microsoft.typespec.generator.tests.dll" id="6483fdf4-0bed-466d-dfea-6ad36d9bfb4c">
      <Execution id="d41321c3-c66b-4d1c-8dae-d69122491e28" />
      <TestMethod codeBase="/home/runner/work/typespec/typespec/packages/http-client-csharp/generator/artifacts/bin/Microsoft.TypeSpec.Generator.Tests/Debug/net8.0/Microsoft.TypeSpec.Generator.Tests.dll" adapterTypeName="executor://nunit3testexecutor/" className="Microsoft.TypeSpec.Generator.Tests.Primitives.CSharpTypeTests" name="HashCodesAreNotEqual(System.Collections.Generic.IList`1[System.Int32],System.Collections.Generic.IList`1[T])" />
    </UnitTest>
    <UnitTest name="UnknownVariantHasPetBase" storage="/home/runner/work/typespec/typespec/packages/http-client-csharp/generator/artifacts/bin/microsoft.typespec.generator.tests/debug/net8.0/microsoft.typespec.generator.tests.dll" id="dd29f2c4-275d-da53-83a7-e4d640caf277">
      <Execution id="c717ff2a-8d81-44f5-b862-cfcb1701b69c" />
      <TestMethod codeBase="/home/runner/work/typespec/typespec/packages/http-client-csharp/generator/artifacts/bin/Microsoft.TypeSpec.Generator.Tests/Debug/net8.0/Microsoft.TypeSpec.Generator.Tests.dll" adapterTypeName="executor://nunit3testexecutor/" className="Microsoft.TypeSpec.Generator.Tests.Providers.ModelProviders.DiscriminatorTests" name="UnknownVariantHasPetBase" />
    </UnitTest>
    <UnitTest name="AdditionalPropertiesParamShape" storage="/home/runner/work/typespec/typespec/packages/http-client-csharp/generator/artifacts/bin/microsoft.typespec.generator.tests/debug/net8.0/microsoft.typespec.generator.tests.dll" id="a3671b25-e736-7625-0c73-c0aba38c6de3">
      <Execution id="3767df91-3631-4806-9816-62d96ea396f9" />
      <TestMethod codeBase="/home/runner/work/typespec/typespec/packages/http-client-csharp/generator/artifacts/bin/Microsoft.TypeSpec.Generator.Tests/Debug/net8.0/Microsoft.TypeSpec.Generator.Tests.dll" adapterTypeName="executor://nunit3testexecutor/" className="Microsoft.TypeSpec.Generator.Tests.Providers.ModelFactories.ModelFactoryProviderTests" name="AdditionalPropertiesParamShape" />
    </UnitTest>
    <UnitTest name="TestIsCSharpKeyword(&quot;in&quot;,True)" storage="/home/runner/work/typespec/typespec/packages/http-client-csharp/generator/artifacts/bin/microsoft.typespec.generator.tests/debug/net8.0/microsoft.typespec.generator.tests.dll" id="54646a39-c2a8-7dab-6bc2-8822d2e37c7a">
      <Execution id="e7939952-5586-477e-b610-f6d06c640f4d" />
      <TestMethod codeBase="/home/runner/work/typespec/typespec/packages/http-client-csharp/generator/artifacts/bin/Microsoft.TypeSpec.Generator.Tests/Debug/net8.0/Microsoft.TypeSpec.Generator.Tests.dll" adapterTypeName="executor://nunit3testexecutor/" className="Microsoft.TypeSpec.Generator.Tests.Utilities.StringExtensionsTests" name="TestIsCSharpKeyword(&quot;in&quot;,True)" />
    </UnitTest>
    <UnitTest name="AssertNotNull" storage="/home/runner/work/typespec/typespec/packages/http-client-csharp/generator/artifacts/bin/microsoft.typespec.generator.tests/debug/net8.0/microsoft.typespec.generator.tests.dll" id="19d767e5-20f1-fedf-7a8f-c8f1a86fdf3c">
      <Execution id="73937c5d-87ee-47f3-91c6-83d4431aec7b" />
      <TestMethod codeBase="/home/runner/work/typespec/typespec/packages/http-client-csharp/generator/artifacts/bin/Microsoft.TypeSpec.Generator.Tests/Debug/net8.0/Microsoft.TypeSpec.Generator.Tests.dll" adapterTypeName="executor://nunit3testexecutor/" className="Microsoft.TypeSpec.Generator.Tests.Snippets.ArgumentSnippetsTests" name="AssertNotNull" />
    </UnitTest>
    <UnitTest name="ValidatePropertyTypes(System.ValueTuple`3[System.Collections.Generic.List`1[Microsoft.TypeSpec.Generator.Tests.PropertyType],System.String,System.Int32])" storage="/home/runner/work/typespec/typespec/packages/http-client-csharp/generator/artifacts/bin/microsoft.typespec.generator.tests/debug/net8.0/microsoft.typespec.generator.tests.dll" id="c716316b-4173-8c15-b7a2-0d312c5ddde0">
      <Execution id="07958cec-c891-4676-9bdf-65619b4faa06" />
      <TestMethod codeBase="/home/runner/work/typespec/typespec/packages/http-client-csharp/generator/artifacts/bin/Microsoft.TypeSpec.Generator.Tests/Debug/net8.0/Microsoft.TypeSpec.Generator.Tests.dll" adapterTypeName="executor://nunit3testexecutor/" className="Microsoft.TypeSpec.Generator.Tests.Providers.NamedTypeSymbolProviders.NamedTypeSymbolProviderTests" name="ValidatePropertyTypes(System.ValueTuple`3[System.Collections.Generic.List`1[Microsoft.TypeSpec.Generator.Tests.PropertyType],System.String,System.Int32])" />
    </UnitTest>
    <UnitTest name="TypesAreNotEqual(System.Collections.Generic.IDictionary`2[System.Int32,System.String],System.Collections.Generic.Dictionary`2[System.Int32,System.String])" storage="/home/runner/work/typespec/typespec/packages/http-client-csharp/generator/artifacts/bin/microsoft.typespec.generator.tests/debug/net8.0/microsoft.typespec.generator.tests.dll" id="d6ec974b-6353-2efc-76e0-fff1e88333cb">
      <Execution id="08e57af6-97f9-43ed-8982-50f78851f49c" />
      <TestMethod codeBase="/home/runner/work/typespec/typespec/packages/http-client-csharp/generator/artifacts/bin/Microsoft.TypeSpec.Generator.Tests/Debug/net8.0/Microsoft.TypeSpec.Generator.Tests.dll" adapterTypeName="executor://nunit3testexecutor/" className="Microsoft.TypeSpec.Generator.Tests.Primitives.CSharpTypeTests" name="TypesAreNotEqual(System.Collections.Generic.IDictionary`2[System.Int32,System.String],System.Collections.Generic.Dictionary`2[System.Int32,System.String])" />
    </UnitTest>
    <UnitTest name="TestToApiVersionValueWithCustomSeparator(&quot;V2024_01_01&quot;,&quot;_&quot;,&quot;2024_01_01&quot;)" storage="/home/runner/work/typespec/typespec/packages/http-client-csharp/generator/artifacts/bin/microsoft.typespec.generator.tests/debug/net8.0/microsoft.typespec.generator.tests.dll" id="a8baf934-7123-2b6e-5a99-f97458b8d9f1">
      <Execution id="46944b5d-dc89-4b13-b915-024847325c9d" />
      <TestMethod codeBase="/home/runner/work/typespec/typespec/packages/http-client-csharp/generator/artifacts/bin/Microsoft.TypeSpec.Generator.Tests/Debug/net8.0/Microsoft.TypeSpec.Generator.Tests.dll" adapterTypeName="executor://nunit3testexecutor/" className="Microsoft.TypeSpec.Generator.Tests.Utilities.StringExtensionsTests" name="TestToApiVersionValueWithCustomSeparator(&quot;V2024_01_01&quot;,&quot;_&quot;,&quot;2024_01_01&quot;)" />
    </UnitTest>
    <UnitTest name="TestBuildFields(True,False)" storage="/home/runner/work/typespec/typespec/packages/http-client-csharp/generator/artifacts/bin/microsoft.typespec.generator.tests/debug/net8.0/microsoft.typespec.generator.tests.dll" id="cd6e2b9e-9f67-f804-8b85-5013159a56e8">
      <Execution id="aa26b0a8-81b8-44e3-8847-14792da13a01" />
      <TestMethod codeBase="/home/runner/work/typespec/typespec/packages/http-client-csharp/generator/artifacts/bin/Microsoft.TypeSpec.Generator.Tests/Debug/net8.0/Microsoft.TypeSpec.Generator.Tests.dll" adapterTypeName="executor://nunit3testexecutor/" className="Microsoft.TypeSpec.Generator.Tests.Providers.ModelProviders.ModelProviderTests" name="TestBuildFields(True,False)" />
    </UnitTest>
    <UnitTest name="TestBuildFields(False,True)" storage="/home/runner/work/typespec/typespec/packages/http-client-csharp/generator/artifacts/bin/microsoft.typespec.generator.tests/debug/net8.0/microsoft.typespec.generator.tests.dll" id="8dbe9241-7d5f-15da-b04a-1ada9b786356">
      <Execution id="5df70e14-eb48-45cf-8815-6e19f457686b" />
      <TestMethod codeBase="/home/runner/work/typespec/typespec/packages/http-client-csharp/generator/artifacts/bin/Microsoft.TypeSpec.Generator.Tests/Debug/net8.0/Microsoft.TypeSpec.Generator.Tests.dll" adapterTypeName="executor://nunit3testexecutor/" className="Microsoft.TypeSpec.Generator.Tests.Providers.ModelProviders.ModelProviderTests" name="TestBuildFields(False,True)" />
    </UnitTest>
    <UnitTest name="SystemTypeOperatorTestNotEqual(System.Collections.Generic.IList`1[System.Int32],System.Collections.Generic.IList`1[System.String])" storage="/home/runner/work/typespec/typespec/packages/http-client-csharp/generator/artifacts/bin/microsoft.typespec.generator.tests/debug/net8.0/microsoft.typespec.generator.tests.dll" id="56f1303c-bd77-d411-6f2f-5d70cb38dc56">
      <Execution id="70e79bb5-08e3-4ca2-89ea-2bcf6fbe4845" />
      <TestMethod codeBase="/home/runner/work/typespec/typespec/packages/http-client-csharp/generator/artifacts/bin/Microsoft.TypeSpec.Generator.Tests/Debug/net8.0/Microsoft.TypeSpec.Generator.Tests.dll" adapterTypeName="executor://nunit3testexecutor/" className="Microsoft.TypeSpec.Generator.Tests.Expressions.ValueExpressionTests" name="SystemTypeOperatorTestNotEqual(System.Collections.Generic.IList`1[System.Int32],System.Collections.Generic.IList`1[System.String])" />
    </UnitTest>
    <UnitTest name="TestDownloadAndInstallPackage(True)" storage="/home/runner/work/typespec/typespec/packages/http-client-csharp/generator/artifacts/bin/microsoft.typespec.generator.tests/debug/net8.0/microsoft.typespec.generator.tests.dll" id="23153d45-25e8-2ed0-0a84-a9cd8065ee19">
      <Execution id="c41657aa-b5c1-4369-bedf-708fc2bd93c5" />
      <TestMethod codeBase="/home/runner/work/typespec/typespec/packages/http-client-csharp/generator/artifacts/bin/Microsoft.TypeSpec.Generator.Tests/Debug/net8.0/Microsoft.TypeSpec.Generator.Tests.dll" adapterTypeName="executor://nunit3testexecutor/" className="Microsoft.TypeSpec.Generator.Tests.Utilities.NugetPackageDownloaderTests" name="TestDownloadAndInstallPackage(True)" />
    </UnitTest>
    <UnitTest name="SystemTypeOperatorTestEqual(System.Boolean)" storage="/home/runner/work/typespec/typespec/packages/http-client-csharp/generator/artifacts/bin/microsoft.typespec.generator.tests/debug/net8.0/microsoft.typespec.generator.tests.dll" id="01843238-0d15-9fab-27fe-a2a41aee1839">
      <Execution id="7fc9b303-e93f-424d-b809-68ded9ae3c2b" />
      <TestMethod codeBase="/home/runner/work/typespec/typespec/packages/http-client-csharp/generator/artifacts/bin/Microsoft.TypeSpec.Generator.Tests/Debug/net8.0/Microsoft.TypeSpec.Generator.Tests.dll" adapterTypeName="executor://nunit3testexecutor/" className="Microsoft.TypeSpec.Generator.Tests.Expressions.ValueExpressionTests" name="SystemTypeOperatorTestEqual(System.Boolean)" />
    </UnitTest>
    <UnitTest name="IfStatementWithDefaultOptions" storage="/home/runner/work/typespec/typespec/packages/http-client-csharp/generator/artifacts/bin/microsoft.typespec.generator.tests/debug/net8.0/microsoft.typespec.generator.tests.dll" id="680db675-7d70-5c15-5383-abec258f0d3c">
      <Execution id="7248300d-b233-48f3-b2a5-a962a4d283c2" />
      <TestMethod codeBase="/home/runner/work/typespec/typespec/packages/http-client-csharp/generator/artifacts/bin/Microsoft.TypeSpec.Generator.Tests/Debug/net8.0/Microsoft.TypeSpec.Generator.Tests.dll" adapterTypeName="executor://nunit3testexecutor/" className="Microsoft.TypeSpec.Generator.Tests.Statements.StatementTests" name="IfStatementWithDefaultOptions" />
    </UnitTest>
    <UnitTest name="DictionaryExpression(System.Collections.Generic.IList`1[T],System.Collections.Generic.IList`1[System.Int32])" storage="/home/runner/work/typespec/typespec/packages/http-client-csharp/generator/artifacts/bin/microsoft.typespec.generator.tests/debug/net8.0/microsoft.typespec.generator.tests.dll" id="33ed9017-7e7c-361a-8faa-044865994803">
      <Execution id="98894f0b-b301-43ae-890a-9b50f0156584" />
      <TestMethod codeBase="/home/runner/work/typespec/typespec/packages/http-client-csharp/generator/artifacts/bin/Microsoft.TypeSpec.Generator.Tests/Debug/net8.0/Microsoft.TypeSpec.Generator.Tests.dll" adapterTypeName="executor://nunit3testexecutor/" className="Microsoft.TypeSpec.Generator.Tests.Expressions.KnownValueExpressionsTests" name="DictionaryExpression(System.Collections.Generic.IList`1[T],System.Collections.Generic.IList`1[System.Int32])" />
    </UnitTest>
    <UnitTest name="SystemTypeOperatorTestEqual(System.Int32)" storage="/home/runner/work/typespec/typespec/packages/http-client-csharp/generator/artifacts/bin/microsoft.typespec.generator.tests/debug/net8.0/microsoft.typespec.generator.tests.dll" id="abf07fb5-5ca6-e6f4-25ba-9e3e6d7cf133">
      <Execution id="b86a53e2-a45c-49c5-bdf6-365dffc943df" />
      <TestMethod codeBase="/home/runner/work/typespec/typespec/packages/http-client-csharp/generator/artifacts/bin/Microsoft.TypeSpec.Generator.Tests/Debug/net8.0/Microsoft.TypeSpec.Generator.Tests.dll" adapterTypeName="executor://nunit3testexecutor/" className="Microsoft.TypeSpec.Generator.Tests.Expressions.ValueExpressionTests" name="SystemTypeOperatorTestEqual(System.Int32)" />
    </UnitTest>
    <UnitTest name="TestToApiVersionValueWithCustomSeparator(&quot;V1_2_3&quot;,&quot;/&quot;,&quot;1/2/3&quot;)" storage="/home/runner/work/typespec/typespec/packages/http-client-csharp/generator/artifacts/bin/microsoft.typespec.generator.tests/debug/net8.0/microsoft.typespec.generator.tests.dll" id="466caf75-9147-2919-3448-981a8ec4c4ac">
      <Execution id="4f1ec4fc-fd9a-48a6-8014-84fb0e1e1061" />
      <TestMethod codeBase="/home/runner/work/typespec/typespec/packages/http-client-csharp/generator/artifacts/bin/Microsoft.TypeSpec.Generator.Tests/Debug/net8.0/Microsoft.TypeSpec.Generator.Tests.dll" adapterTypeName="executor://nunit3testexecutor/" className="Microsoft.TypeSpec.Generator.Tests.Utilities.StringExtensionsTests" name="TestToApiVersionValueWithCustomSeparator(&quot;V1_2_3&quot;,&quot;/&quot;,&quot;1/2/3&quot;)" />
    </UnitTest>
    <UnitTest name="ListExpression(System.Collections.Generic.IList`1[T])" storage="/home/runner/work/typespec/typespec/packages/http-client-csharp/generator/artifacts/bin/microsoft.typespec.generator.tests/debug/net8.0/microsoft.typespec.generator.tests.dll" id="1fdb4f22-5a36-01a8-1855-f965a4a85cda">
      <Execution id="32a493eb-d764-4e3f-92bb-348be70f76d6" />
      <TestMethod codeBase="/home/runner/work/typespec/typespec/packages/http-client-csharp/generator/artifacts/bin/Microsoft.TypeSpec.Generator.Tests/Debug/net8.0/Microsoft.TypeSpec.Generator.Tests.dll" adapterTypeName="executor://nunit3testexecutor/" className="Microsoft.TypeSpec.Generator.Tests.Expressions.KnownValueExpressionsTests" name="ListExpression(System.Collections.Generic.IList`1[T])" />
    </UnitTest>
    <UnitTest name="ExtensibleStringEnumType" storage="/home/runner/work/typespec/typespec/packages/http-client-csharp/generator/artifacts/bin/microsoft.typespec.generator.tests/debug/net8.0/microsoft.typespec.generator.tests.dll" id="660a7022-b9e5-687f-481d-9421a8a5b037">
      <Execution id="5041437f-8c25-47d2-baad-c381c249beda" />
      <TestMethod codeBase="/home/runner/work/typespec/typespec/packages/http-client-csharp/generator/artifacts/bin/Microsoft.TypeSpec.Generator.Tests/Debug/net8.0/Microsoft.TypeSpec.Generator.Tests.dll" adapterTypeName="executor://nunit3testexecutor/" className="Microsoft.TypeSpec.Generator.Tests.TypeFactoryTests" name="ExtensibleStringEnumType" />
    </UnitTest>
    <UnitTest name="AttributeStatementWithNamedArguments" storage="/home/runner/work/typespec/typespec/packages/http-client-csharp/generator/artifacts/bin/microsoft.typespec.generator.tests/debug/net8.0/microsoft.typespec.generator.tests.dll" id="aadbf138-cb2d-aacd-56b6-6bc70de2458c">
      <Execution id="77729ddd-1067-4831-8bc2-b4501c20e4c0" />
      <TestMethod codeBase="/home/runner/work/typespec/typespec/packages/http-client-csharp/generator/artifacts/bin/Microsoft.TypeSpec.Generator.Tests/Debug/net8.0/Microsoft.TypeSpec.Generator.Tests.dll" adapterTypeName="executor://nunit3testexecutor/" className="Microsoft.TypeSpec.Generator.Tests.Statements.AttributeStatementTests" name="AttributeStatementWithNamedArguments" />
    </UnitTest>
    <UnitTest name="SeeCRefType(System.Collections.Generic.KeyValuePair`2[System.Int32,System.String],True)" storage="/home/runner/work/typespec/typespec/packages/http-client-csharp/generator/artifacts/bin/microsoft.typespec.generator.tests/debug/net8.0/microsoft.typespec.generator.tests.dll" id="c72aeb4d-0dde-4a3e-8524-1f70b6a178f3">
      <Execution id="077d1d2d-4a2b-4327-8e17-e6ab3bd85521" />
      <TestMethod codeBase="/home/runner/work/typespec/typespec/packages/http-client-csharp/generator/artifacts/bin/Microsoft.TypeSpec.Generator.Tests/Debug/net8.0/Microsoft.TypeSpec.Generator.Tests.dll" adapterTypeName="executor://nunit3testexecutor/" className="Microsoft.TypeSpec.Generator.Tests.Writers.CodeWriterTests" name="SeeCRefType(System.Collections.Generic.KeyValuePair`2[System.Int32,System.String],True)" />
    </UnitTest>
    <UnitTest name="TestIsCSharpKeyword(&quot;void&quot;,True)" storage="/home/runner/work/typespec/typespec/packages/http-client-csharp/generator/artifacts/bin/microsoft.typespec.generator.tests/debug/net8.0/microsoft.typespec.generator.tests.dll" id="aa77dcb4-629c-c970-35f0-7c6df7feae23">
      <Execution id="d365eb0a-8f34-4d61-bcb3-d9f8d802c0b6" />
      <TestMethod codeBase="/home/runner/work/typespec/typespec/packages/http-client-csharp/generator/artifacts/bin/Microsoft.TypeSpec.Generator.Tests/Debug/net8.0/Microsoft.TypeSpec.Generator.Tests.dll" adapterTypeName="executor://nunit3testexecutor/" className="Microsoft.TypeSpec.Generator.Tests.Utilities.StringExtensionsTests" name="TestIsCSharpKeyword(&quot;void&quot;,True)" />
    </UnitTest>
    <UnitTest name="CustomConstructorWithThisInitializerShouldHaveInitializerPopulated" storage="/home/runner/work/typespec/typespec/packages/http-client-csharp/generator/artifacts/bin/microsoft.typespec.generator.tests/debug/net8.0/microsoft.typespec.generator.tests.dll" id="0e7fdc74-f163-d4d3-0269-4d27e0fc62ec">
      <Execution id="06f9a0f0-2744-45c5-8d95-4eb565c5c3ee" />
      <TestMethod codeBase="/home/runner/work/typespec/typespec/packages/http-client-csharp/generator/artifacts/bin/Microsoft.TypeSpec.Generator.Tests/Debug/net8.0/Microsoft.TypeSpec.Generator.Tests.dll" adapterTypeName="executor://nunit3testexecutor/" className="Microsoft.TypeSpec.Generator.Tests.Providers.NamedTypeSymbolProviders.ConstructorInitializerTests" name="CustomConstructorWithThisInitializerShouldHaveInitializerPopulated" />
    </UnitTest>
    <UnitTest name="TestDoWhileStatement" storage="/home/runner/work/typespec/typespec/packages/http-client-csharp/generator/artifacts/bin/microsoft.typespec.generator.tests/debug/net8.0/microsoft.typespec.generator.tests.dll" id="b925c03c-3e11-1e83-cdd0-43a44262035e">
      <Execution id="3ea06201-e409-4222-8459-07e5efdb2513" />
      <TestMethod codeBase="/home/runner/work/typespec/typespec/packages/http-client-csharp/generator/artifacts/bin/Microsoft.TypeSpec.Generator.Tests/Debug/net8.0/Microsoft.TypeSpec.Generator.Tests.dll" adapterTypeName="executor://nunit3testexecutor/" className="Microsoft.TypeSpec.Generator.Tests.Statements.StatementTests" name="TestDoWhileStatement" />
    </UnitTest>
    <UnitTest name="UnreferencedTypeHandling(&quot;removeOrInternalize&quot;)" storage="/home/runner/work/typespec/typespec/packages/http-client-csharp/generator/artifacts/bin/microsoft.typespec.generator.tests/debug/net8.0/microsoft.typespec.generator.tests.dll" id="3f6f6f9e-8d6b-5b7c-97fa-e5fcc084c74f">
      <Execution id="53293173-e85d-4d3c-ba81-249cb0cb4d37" />
      <TestMethod codeBase="/home/runner/work/typespec/typespec/packages/http-client-csharp/generator/artifacts/bin/Microsoft.TypeSpec.Generator.Tests/Debug/net8.0/Microsoft.TypeSpec.Generator.Tests.dll" adapterTypeName="executor://nunit3testexecutor/" className="Microsoft.TypeSpec.Generator.Tests.ConfigurationTests" name="UnreferencedTypeHandling(&quot;removeOrInternalize&quot;)" />
    </UnitTest>
    <UnitTest name="CanUpdateSwitchStatement" storage="/home/runner/work/typespec/typespec/packages/http-client-csharp/generator/artifacts/bin/microsoft.typespec.generator.tests/debug/net8.0/microsoft.typespec.generator.tests.dll" id="36772fb5-fc9c-f8d7-9432-25b80df59621">
      <Execution id="a2479340-e726-458c-8af6-cc7381250e41" />
      <TestMethod codeBase="/home/runner/work/typespec/typespec/packages/http-client-csharp/generator/artifacts/bin/Microsoft.TypeSpec.Generator.Tests/Debug/net8.0/Microsoft.TypeSpec.Generator.Tests.dll" adapterTypeName="executor://nunit3testexecutor/" className="Microsoft.TypeSpec.Generator.Tests.Statements.StatementVisitorTests" name="CanUpdateSwitchStatement" />
    </UnitTest>
    <UnitTest name="NonFrameworkTypeEqualsEquivalentFrameworkType(System.String[])" storage="/home/runner/work/typespec/typespec/packages/http-client-csharp/generator/artifacts/bin/microsoft.typespec.generator.tests/debug/net8.0/microsoft.typespec.generator.tests.dll" id="e3aa2b3a-2115-a524-d4fb-137c0c750156">
      <Execution id="e489d6c9-1019-4fb7-bf7f-3dfd4a7ead80" />
      <TestMethod codeBase="/home/runner/work/typespec/typespec/packages/http-client-csharp/generator/artifacts/bin/Microsoft.TypeSpec.Generator.Tests/Debug/net8.0/Microsoft.TypeSpec.Generator.Tests.dll" adapterTypeName="executor://nunit3testexecutor/" className="Microsoft.TypeSpec.Generator.Tests.Primitives.CSharpTypeTests" name="NonFrameworkTypeEqualsEquivalentFrameworkType(System.String[])" />
    </UnitTest>
    <UnitTest name="CanCustomizePropertyIntoReadOnlyMemory" storage="/home/runner/work/typespec/typespec/packages/http-client-csharp/generator/artifacts/bin/microsoft.typespec.generator.tests/debug/net8.0/microsoft.typespec.generator.tests.dll" id="e17d0d65-c0f5-823b-3b4b-8a272abd951c">
      <Execution id="a367514a-9ef3-486e-8f64-446429a95d18" />
      <TestMethod codeBase="/home/runner/work/typespec/typespec/packages/http-client-csharp/generator/artifacts/bin/Microsoft.TypeSpec.Generator.Tests/Debug/net8.0/Microsoft.TypeSpec.Generator.Tests.dll" adapterTypeName="executor://nunit3testexecutor/" className="Microsoft.TypeSpec.Generator.Tests.Providers.ModelProviders.ModelCustomizationTests" name="CanCustomizePropertyIntoReadOnlyMemory" />
    </UnitTest>
    <UnitTest name="UndefinedByDefault" storage="/home/runner/work/typespec/typespec/packages/http-client-csharp/generator/artifacts/bin/microsoft.typespec.generator.tests/debug/net8.0/microsoft.typespec.generator.tests.dll" id="6cba2c50-94ed-d513-411c-1dad5e4670fc">
      <Execution id="0a96f481-ecf7-4cce-8a94-9ab50ed3b5a6" />
      <TestMethod codeBase="/home/runner/work/typespec/typespec/packages/http-client-csharp/generator/artifacts/bin/Microsoft.TypeSpec.Generator.Tests/Debug/net8.0/Microsoft.TypeSpec.Generator.Tests.dll" adapterTypeName="executor://nunit3testexecutor/" className="Microsoft.TypeSpec.Generator.Tests.Providers.ChangeTrackingListTest" name="UndefinedByDefault" />
    </UnitTest>
    <UnitTest name="ListExpression(System.Collections.Generic.IDictionary`2[TKey,TValue])" storage="/home/runner/work/typespec/typespec/packages/http-client-csharp/generator/artifacts/bin/microsoft.typespec.generator.tests/debug/net8.0/microsoft.typespec.generator.tests.dll" id="e0067154-4a91-34dc-2b59-0dc5f5ca0f7e">
      <Execution id="70fae935-f167-4691-bb32-117580724a1f" />
      <TestMethod codeBase="/home/runner/work/typespec/typespec/packages/http-client-csharp/generator/artifacts/bin/Microsoft.TypeSpec.Generator.Tests/Debug/net8.0/Microsoft.TypeSpec.Generator.Tests.dll" adapterTypeName="executor://nunit3testexecutor/" className="Microsoft.TypeSpec.Generator.Tests.Expressions.KnownValueExpressionsTests" name="ListExpression(System.Collections.Generic.IDictionary`2[TKey,TValue])" />
    </UnitTest>
    <UnitTest name="IsReadWriteDictionary(System.Collections.Generic.IReadOnlyDictionary`2[TKey,TValue],False)" storage="/home/runner/work/typespec/typespec/packages/http-client-csharp/generator/artifacts/bin/microsoft.typespec.generator.tests/debug/net8.0/microsoft.typespec.generator.tests.dll" id="e4116b0b-4cab-b6e9-91e8-e18464a3f1c5">
      <Execution id="ba368b2d-206b-44fb-9000-722c178a3206" />
      <TestMethod codeBase="/home/runner/work/typespec/typespec/packages/http-client-csharp/generator/artifacts/bin/Microsoft.TypeSpec.Generator.Tests/Debug/net8.0/Microsoft.TypeSpec.Generator.Tests.dll" adapterTypeName="executor://nunit3testexecutor/" className="Microsoft.TypeSpec.Generator.Tests.Primitives.CSharpTypeTests" name="IsReadWriteDictionary(System.Collections.Generic.IReadOnlyDictionary`2[TKey,TValue],False)" />
    </UnitTest>
    <UnitTest name="TestToApiVersionValueWithPrefixAndSeparator(&quot;V1_0_0&quot;,&quot;v&quot;,&quot;.&quot;,&quot;v1.0.0&quot;)" storage="/home/runner/work/typespec/typespec/packages/http-client-csharp/generator/artifacts/bin/microsoft.typespec.generator.tests/debug/net8.0/microsoft.typespec.generator.tests.dll" id="1969ceb8-602a-924c-92ca-c1dd100f12af">
      <Execution id="979f56f4-c728-4d1e-bb9d-a87031efe23c" />
      <TestMethod codeBase="/home/runner/work/typespec/typespec/packages/http-client-csharp/generator/artifacts/bin/Microsoft.TypeSpec.Generator.Tests/Debug/net8.0/Microsoft.TypeSpec.Generator.Tests.dll" adapterTypeName="executor://nunit3testexecutor/" className="Microsoft.TypeSpec.Generator.Tests.Utilities.StringExtensionsTests" name="TestToApiVersionValueWithPrefixAndSeparator(&quot;V1_0_0&quot;,&quot;v&quot;,&quot;.&quot;,&quot;v1.0.0&quot;)" />
    </UnitTest>
    <UnitTest name="Equals(Microsoft.TypeSpec.Generator.Providers.ParameterProvider,Microsoft.TypeSpec.Generator.Providers.ParameterProvider,True)" storage="/home/runner/work/typespec/typespec/packages/http-client-csharp/generator/artifacts/bin/microsoft.typespec.generator.tests/debug/net8.0/microsoft.typespec.generator.tests.dll" id="eb783c97-e276-1c62-fa4b-42372d4256f9">
      <Execution id="e74cfcdc-0ba0-4f70-ab6a-1458306bba5d" />
      <TestMethod codeBase="/home/runner/work/typespec/typespec/packages/http-client-csharp/generator/artifacts/bin/Microsoft.TypeSpec.Generator.Tests/Debug/net8.0/Microsoft.TypeSpec.Generator.Tests.dll" adapterTypeName="executor://nunit3testexecutor/" className="Microsoft.TypeSpec.Generator.Tests.Providers.ParameterProviderTests" name="Equals(Microsoft.TypeSpec.Generator.Providers.ParameterProvider,Microsoft.TypeSpec.Generator.Providers.ParameterProvider,True)" />
    </UnitTest>
    <UnitTest name="TestIsCSharpKeyword(&quot;base&quot;,True)" storage="/home/runner/work/typespec/typespec/packages/http-client-csharp/generator/artifacts/bin/microsoft.typespec.generator.tests/debug/net8.0/microsoft.typespec.generator.tests.dll" id="52e83c3f-2bec-88c9-7c60-dae6bc617340">
      <Execution id="864656f3-fe6e-4276-b5bd-3486ffc513e8" />
      <TestMethod codeBase="/home/runner/work/typespec/typespec/packages/http-client-csharp/generator/artifacts/bin/Microsoft.TypeSpec.Generator.Tests/Debug/net8.0/Microsoft.TypeSpec.Generator.Tests.dll" adapterTypeName="executor://nunit3testexecutor/" className="Microsoft.TypeSpec.Generator.Tests.Utilities.StringExtensionsTests" name="TestIsCSharpKeyword(&quot;base&quot;,True)" />
    </UnitTest>
    <UnitTest name="DictionaryExpression(System.Collections.Generic.IList`1[System.Int32],System.Collections.Generic.ICollection`1[System.Int32])" storage="/home/runner/work/typespec/typespec/packages/http-client-csharp/generator/artifacts/bin/microsoft.typespec.generator.tests/debug/net8.0/microsoft.typespec.generator.tests.dll" id="a14652c6-fdd8-386f-4941-8b34becaae32">
      <Execution id="69aa0fc1-e1ba-4a09-adfd-cbad14590a01" />
      <TestMethod codeBase="/home/runner/work/typespec/typespec/packages/http-client-csharp/generator/artifacts/bin/Microsoft.TypeSpec.Generator.Tests/Debug/net8.0/Microsoft.TypeSpec.Generator.Tests.dll" adapterTypeName="executor://nunit3testexecutor/" className="Microsoft.TypeSpec.Generator.Tests.Expressions.KnownValueExpressionsTests" name="DictionaryExpression(System.Collections.Generic.IList`1[System.Int32],System.Collections.Generic.ICollection`1[System.Int32])" />
    </UnitTest>
    <UnitTest name="TypesAreNotEqual(System.Int32,System.String)" storage="/home/runner/work/typespec/typespec/packages/http-client-csharp/generator/artifacts/bin/microsoft.typespec.generator.tests/debug/net8.0/microsoft.typespec.generator.tests.dll" id="fadbdbac-e482-4c2f-a41c-8efb1b08e4bb">
      <Execution id="b567aa80-14c7-45cc-9a08-020fbff139f3" />
      <TestMethod codeBase="/home/runner/work/typespec/typespec/packages/http-client-csharp/generator/artifacts/bin/Microsoft.TypeSpec.Generator.Tests/Debug/net8.0/Microsoft.TypeSpec.Generator.Tests.dll" adapterTypeName="executor://nunit3testexecutor/" className="Microsoft.TypeSpec.Generator.Tests.Primitives.CSharpTypeTests" name="TypesAreNotEqual(System.Int32,System.String)" />
    </UnitTest>
    <UnitTest name="TestBuildProperties_ValidatePropertySetters(Microsoft.TypeSpec.Generator.Input.InputModelProperty,global::System.Collections.Generic.IReadOnlyList&lt;string&gt;,False)" storage="/home/runner/work/typespec/typespec/packages/http-client-csharp/generator/artifacts/bin/microsoft.typespec.generator.tests/debug/net8.0/microsoft.typespec.generator.tests.dll" id="b6fa813b-230f-c96a-8dbd-f2bf0543fc9a">
      <Execution id="5357b1b1-53ad-4c27-af1c-cf57366b9c3f" />
      <TestMethod codeBase="/home/runner/work/typespec/typespec/packages/http-client-csharp/generator/artifacts/bin/Microsoft.TypeSpec.Generator.Tests/Debug/net8.0/Microsoft.TypeSpec.Generator.Tests.dll" adapterTypeName="executor://nunit3testexecutor/" className="Microsoft.TypeSpec.Generator.Tests.Providers.ModelProviders.ModelProviderTests" name="TestBuildProperties_ValidatePropertySetters(Microsoft.TypeSpec.Generator.Input.InputModelProperty,global::System.Collections.Generic.IReadOnlyList&lt;string&gt;,False)" />
    </UnitTest>
    <UnitTest name="VariableExpressionWithRef" storage="/home/runner/work/typespec/typespec/packages/http-client-csharp/generator/artifacts/bin/microsoft.typespec.generator.tests/debug/net8.0/microsoft.typespec.generator.tests.dll" id="681f0015-fec7-0905-a553-b0e79b4d8d7f">
      <Execution id="5874bc68-e0d9-48c6-804d-f5cf4d081fc0" />
      <TestMethod codeBase="/home/runner/work/typespec/typespec/packages/http-client-csharp/generator/artifacts/bin/Microsoft.TypeSpec.Generator.Tests/Debug/net8.0/Microsoft.TypeSpec.Generator.Tests.dll" adapterTypeName="executor://nunit3testexecutor/" className="Microsoft.TypeSpec.Generator.Tests.Expressions.VariableExpressionTests" name="VariableExpressionWithRef" />
    </UnitTest>
    <UnitTest name="CanUpdatePropertyProvider" storage="/home/runner/work/typespec/typespec/packages/http-client-csharp/generator/artifacts/bin/microsoft.typespec.generator.tests/debug/net8.0/microsoft.typespec.generator.tests.dll" id="689d3c83-8152-0cff-faf9-9f0f3389c334">
      <Execution id="4abaa763-f1e6-407c-9043-7b5842fa2316" />
      <TestMethod codeBase="/home/runner/work/typespec/typespec/packages/http-client-csharp/generator/artifacts/bin/Microsoft.TypeSpec.Generator.Tests/Debug/net8.0/Microsoft.TypeSpec.Generator.Tests.dll" adapterTypeName="executor://nunit3testexecutor/" className="Microsoft.TypeSpec.Generator.Tests.Providers.PropertyProviderTests" name="CanUpdatePropertyProvider" />
    </UnitTest>
    <UnitTest name="CodeWriter_WriteProperty_ExpressionBody_WithExplicitInterface" storage="/home/runner/work/typespec/typespec/packages/http-client-csharp/generator/artifacts/bin/microsoft.typespec.generator.tests/debug/net8.0/microsoft.typespec.generator.tests.dll" id="c38ca7fb-221e-789a-b35a-4962e2d383a8">
      <Execution id="876f839a-f1d7-4f21-a2c5-f1de10c01b16" />
      <TestMethod codeBase="/home/runner/work/typespec/typespec/packages/http-client-csharp/generator/artifacts/bin/Microsoft.TypeSpec.Generator.Tests/Debug/net8.0/Microsoft.TypeSpec.Generator.Tests.dll" adapterTypeName="executor://nunit3testexecutor/" className="Microsoft.TypeSpec.Generator.Tests.Writers.CodeWriterTests" name="CodeWriter_WriteProperty_ExpressionBody_WithExplicitInterface" />
    </UnitTest>
    <UnitTest name="TestIsCSharpKeyword(&quot;break&quot;,True)" storage="/home/runner/work/typespec/typespec/packages/http-client-csharp/generator/artifacts/bin/microsoft.typespec.generator.tests/debug/net8.0/microsoft.typespec.generator.tests.dll" id="f488b9a4-b789-7988-0526-71e40f53c221">
      <Execution id="034673cf-51f0-4334-9ce3-d5372b5c0725" />
      <TestMethod codeBase="/home/runner/work/typespec/typespec/packages/http-client-csharp/generator/artifacts/bin/Microsoft.TypeSpec.Generator.Tests/Debug/net8.0/Microsoft.TypeSpec.Generator.Tests.dll" adapterTypeName="executor://nunit3testexecutor/" className="Microsoft.TypeSpec.Generator.Tests.Utilities.StringExtensionsTests" name="TestIsCSharpKeyword(&quot;break&quot;,True)" />
    </UnitTest>
    <UnitTest name="ScopeStoredTwiceInNestedBlock" storage="/home/runner/work/typespec/typespec/packages/http-client-csharp/generator/artifacts/bin/microsoft.typespec.generator.tests/debug/net8.0/microsoft.typespec.generator.tests.dll" id="132b2b53-d44e-8789-c425-fe7fc1e38244">
      <Execution id="1d715ade-4693-455c-9cfc-19c0d107b4e9" />
      <TestMethod codeBase="/home/runner/work/typespec/typespec/packages/http-client-csharp/generator/artifacts/bin/Microsoft.TypeSpec.Generator.Tests/Debug/net8.0/Microsoft.TypeSpec.Generator.Tests.dll" adapterTypeName="executor://nunit3testexecutor/" className="Microsoft.TypeSpec.Generator.Tests.Writers.CodeWriterDeclarationTests" name="ScopeStoredTwiceInNestedBlock" />
    </UnitTest>
    <UnitTest name="CanChangeToStruct()" storage="/home/runner/work/typespec/typespec/packages/http-client-csharp/generator/artifacts/bin/microsoft.typespec.generator.tests/debug/net8.0/microsoft.typespec.generator.tests.dll" id="41a8b570-2cd7-f1c5-8cce-3304a7315d93">
      <Execution id="c3658ae5-8bc2-4849-8097-e33fd7f9fd08" />
      <TestMethod codeBase="/home/runner/work/typespec/typespec/packages/http-client-csharp/generator/artifacts/bin/Microsoft.TypeSpec.Generator.Tests/Debug/net8.0/Microsoft.TypeSpec.Generator.Tests.dll" adapterTypeName="executor://nunit3testexecutor/" className="Microsoft.TypeSpec.Generator.Tests.Providers.ModelProviders.ModelCustomizationTests" name="CanChangeToStruct()" />
    </UnitTest>
    <UnitTest name="TestParseVersionString(&quot;1.0.0.0-beta.1&quot;,&quot;1.0.0-beta.1&quot;,1.0.0-beta.1,False)" storage="/home/runner/work/typespec/typespec/packages/http-client-csharp/generator/artifacts/bin/microsoft.typespec.generator.tests/debug/net8.0/microsoft.typespec.generator.tests.dll" id="a1548790-4891-1ac9-dde6-2a20e441f625">
      <Execution id="9d4a2d5f-1cbb-4a1b-988a-158520006145" />
      <TestMethod codeBase="/home/runner/work/typespec/typespec/packages/http-client-csharp/generator/artifacts/bin/Microsoft.TypeSpec.Generator.Tests/Debug/net8.0/Microsoft.TypeSpec.Generator.Tests.dll" adapterTypeName="executor://nunit3testexecutor/" className="Microsoft.TypeSpec.Generator.Tests.Utilities.NugetPackageDownloaderTests" name="TestParseVersionString(&quot;1.0.0.0-beta.1&quot;,&quot;1.0.0-beta.1&quot;,1.0.0-beta.1,False)" />
    </UnitTest>
    <UnitTest name="DoesNotVisitConstructorsWhenTypeIsNulledOut" storage="/home/runner/work/typespec/typespec/packages/http-client-csharp/generator/artifacts/bin/microsoft.typespec.generator.tests/debug/net8.0/microsoft.typespec.generator.tests.dll" id="e83dff0e-bd53-1b60-eee1-9ed21bff1027">
      <Execution id="579f8132-1880-4f86-b0aa-2ffb41eab698" />
      <TestMethod codeBase="/home/runner/work/typespec/typespec/packages/http-client-csharp/generator/artifacts/bin/Microsoft.TypeSpec.Generator.Tests/Debug/net8.0/Microsoft.TypeSpec.Generator.Tests.dll" adapterTypeName="executor://nunit3testexecutor/" className="Microsoft.TypeSpec.Generator.Tests.OutputLibraryVisitorTests" name="DoesNotVisitConstructorsWhenTypeIsNulledOut" />
    </UnitTest>
    <UnitTest name="TestBreakLines_LiteralOpenAndCloseBrace" storage="/home/runner/work/typespec/typespec/packages/http-client-csharp/generator/artifacts/bin/microsoft.typespec.generator.tests/debug/net8.0/microsoft.typespec.generator.tests.dll" id="86260b11-31a2-c0bf-b9cd-f2bbf9751145">
      <Execution id="14335d37-5659-4b57-af70-6acc8ef210b3" />
      <TestMethod codeBase="/home/runner/work/typespec/typespec/packages/http-client-csharp/generator/artifacts/bin/Microsoft.TypeSpec.Generator.Tests/Debug/net8.0/Microsoft.TypeSpec.Generator.Tests.dll" adapterTypeName="executor://nunit3testexecutor/" className="Microsoft.TypeSpec.Generator.Tests.Utilities.FormattableStringHelpersTests" name="TestBreakLines_LiteralOpenAndCloseBrace" />
    </UnitTest>
    <UnitTest name="CodeWriter_WriteProperty_ExpressionBody" storage="/home/runner/work/typespec/typespec/packages/http-client-csharp/generator/artifacts/bin/microsoft.typespec.generator.tests/debug/net8.0/microsoft.typespec.generator.tests.dll" id="7dcecb19-e03f-ca26-f49c-22f6c7ef82e3">
      <Execution id="272253c9-4dd9-476f-9bc2-7822eecc7745" />
      <TestMethod codeBase="/home/runner/work/typespec/typespec/packages/http-client-csharp/generator/artifacts/bin/Microsoft.TypeSpec.Generator.Tests/Debug/net8.0/Microsoft.TypeSpec.Generator.Tests.dll" adapterTypeName="executor://nunit3testexecutor/" className="Microsoft.TypeSpec.Generator.Tests.Writers.CodeWriterTests" name="CodeWriter_WriteProperty_ExpressionBody" />
    </UnitTest>
    <UnitTest name="DisableDocsForType" storage="/home/runner/work/typespec/typespec/packages/http-client-csharp/generator/artifacts/bin/microsoft.typespec.generator.tests/debug/net8.0/microsoft.typespec.generator.tests.dll" id="0c23041d-c653-bb0d-7faf-563309162fe4">
      <Execution id="aeb09e3d-030e-425d-9478-000b1a5d67d8" />
      <TestMethod codeBase="/home/runner/work/typespec/typespec/packages/http-client-csharp/generator/artifacts/bin/Microsoft.TypeSpec.Generator.Tests/Debug/net8.0/Microsoft.TypeSpec.Generator.Tests.dll" adapterTypeName="executor://nunit3testexecutor/" className="Microsoft.TypeSpec.Generator.Tests.ConfigurationTests" name="DisableDocsForType" />
    </UnitTest>
    <UnitTest name="NonFrameworkTypeEqualsEquivalentFrameworkType(System.String)" storage="/home/runner/work/typespec/typespec/packages/http-client-csharp/generator/artifacts/bin/microsoft.typespec.generator.tests/debug/net8.0/microsoft.typespec.generator.tests.dll" id="4e187832-e6d7-274e-de18-d6e472e9c8b8">
      <Execution id="74d4a75a-7e16-4107-9f43-cd8343a66624" />
      <TestMethod codeBase="/home/runner/work/typespec/typespec/packages/http-client-csharp/generator/artifacts/bin/Microsoft.TypeSpec.Generator.Tests/Debug/net8.0/Microsoft.TypeSpec.Generator.Tests.dll" adapterTypeName="executor://nunit3testexecutor/" className="Microsoft.TypeSpec.Generator.Tests.Primitives.CSharpTypeTests" name="NonFrameworkTypeEqualsEquivalentFrameworkType(System.String)" />
    </UnitTest>
    <UnitTest name="CreateSameEnum" storage="/home/runner/work/typespec/typespec/packages/http-client-csharp/generator/artifacts/bin/microsoft.typespec.generator.tests/debug/net8.0/microsoft.typespec.generator.tests.dll" id="b3dd3cff-c586-d5fd-aa58-8c389c726f95">
      <Execution id="e1a0d2ba-b274-4bb9-8809-860ee8db961f" />
      <TestMethod codeBase="/home/runner/work/typespec/typespec/packages/http-client-csharp/generator/artifacts/bin/Microsoft.TypeSpec.Generator.Tests/Debug/net8.0/Microsoft.TypeSpec.Generator.Tests.dll" adapterTypeName="executor://nunit3testexecutor/" className="Microsoft.TypeSpec.Generator.Tests.TypeFactoryTests" name="CreateSameEnum" />
    </UnitTest>
    <UnitTest name="CorrectlyHandlesCurlyBraces" storage="/home/runner/work/typespec/typespec/packages/http-client-csharp/generator/artifacts/bin/microsoft.typespec.generator.tests/debug/net8.0/microsoft.typespec.generator.tests.dll" id="78071e57-0f3f-0eb8-0f70-0a63091fc8ea">
      <Execution id="45f0ae04-aa5f-4bd0-9eac-a79ed59251c9" />
      <TestMethod codeBase="/home/runner/work/typespec/typespec/packages/http-client-csharp/generator/artifacts/bin/Microsoft.TypeSpec.Generator.Tests/Debug/net8.0/Microsoft.TypeSpec.Generator.Tests.dll" adapterTypeName="executor://nunit3testexecutor/" className="Microsoft.TypeSpec.Generator.Tests.Writers.CodeWriterTests" name="CorrectlyHandlesCurlyBraces" />
    </UnitTest>
    <UnitTest name="IsArray(System.ReadOnlyMemory`1[T],False)" storage="/home/runner/work/typespec/typespec/packages/http-client-csharp/generator/artifacts/bin/microsoft.typespec.generator.tests/debug/net8.0/microsoft.typespec.generator.tests.dll" id="af410c3c-f253-5fd0-9db8-de46a7d0f5fe">
      <Execution id="5314ff1f-6920-4f4c-92a0-d81119cc083b" />
      <TestMethod codeBase="/home/runner/work/typespec/typespec/packages/http-client-csharp/generator/artifacts/bin/Microsoft.TypeSpec.Generator.Tests/Debug/net8.0/Microsoft.TypeSpec.Generator.Tests.dll" adapterTypeName="executor://nunit3testexecutor/" className="Microsoft.TypeSpec.Generator.Tests.Primitives.CSharpTypeTests" name="IsArray(System.ReadOnlyMemory`1[T],False)" />
    </UnitTest>
    <UnitTest name="IntSerializationFormat(UInt16,null)" storage="/home/runner/work/typespec/typespec/packages/http-client-csharp/generator/artifacts/bin/microsoft.typespec.generator.tests/debug/net8.0/microsoft.typespec.generator.tests.dll" id="c919db04-6c42-7f3d-0e7b-2e5f9ca8157a">
      <Execution id="87ea311a-952d-40ef-8017-44072ada9020" />
      <TestMethod codeBase="/home/runner/work/typespec/typespec/packages/http-client-csharp/generator/artifacts/bin/Microsoft.TypeSpec.Generator.Tests/Debug/net8.0/Microsoft.TypeSpec.Generator.Tests.dll" adapterTypeName="executor://nunit3testexecutor/" className="Microsoft.TypeSpec.Generator.Tests.TypeFactoryTests" name="IntSerializationFormat(UInt16,null)" />
    </UnitTest>
    <UnitTest name="TestBuildConstructor_ValidateConstructorsInDerivedModel" storage="/home/runner/work/typespec/typespec/packages/http-client-csharp/generator/artifacts/bin/microsoft.typespec.generator.tests/debug/net8.0/microsoft.typespec.generator.tests.dll" id="aef7c318-9887-3e82-6908-075bf1e38c39">
      <Execution id="2d626459-4aa3-45d9-b390-0d69309b5adb" />
      <TestMethod codeBase="/home/runner/work/typespec/typespec/packages/http-client-csharp/generator/artifacts/bin/Microsoft.TypeSpec.Generator.Tests/Debug/net8.0/Microsoft.TypeSpec.Generator.Tests.dll" adapterTypeName="executor://nunit3testexecutor/" className="Microsoft.TypeSpec.Generator.Tests.Providers.ModelProviders.ModelProviderTests" name="TestBuildConstructor_ValidateConstructorsInDerivedModel" />
    </UnitTest>
    <UnitTest name="SystemTypeOperatorTestNotEqual(System.Int32,System.String)" storage="/home/runner/work/typespec/typespec/packages/http-client-csharp/generator/artifacts/bin/microsoft.typespec.generator.tests/debug/net8.0/microsoft.typespec.generator.tests.dll" id="555db1c4-be7e-5701-ff82-5827a820f79a">
      <Execution id="91f91cb6-a4cd-46ac-a5b4-80e3f9bcd80d" />
      <TestMethod codeBase="/home/runner/work/typespec/typespec/packages/http-client-csharp/generator/artifacts/bin/Microsoft.TypeSpec.Generator.Tests/Debug/net8.0/Microsoft.TypeSpec.Generator.Tests.dll" adapterTypeName="executor://nunit3testexecutor/" className="Microsoft.TypeSpec.Generator.Tests.Expressions.ValueExpressionTests" name="SystemTypeOperatorTestNotEqual(System.Int32,System.String)" />
    </UnitTest>
    <UnitTest name="DoesNotIncludeReqCustomLiteralInDefaultCtor" storage="/home/runner/work/typespec/typespec/packages/http-client-csharp/generator/artifacts/bin/microsoft.typespec.generator.tests/debug/net8.0/microsoft.typespec.generator.tests.dll" id="424f07bc-982a-2a72-59d7-7230434d889e">
      <Execution id="78dfc0a3-69f7-40cd-b073-067b8bc04280" />
      <TestMethod codeBase="/home/runner/work/typespec/typespec/packages/http-client-csharp/generator/artifacts/bin/Microsoft.TypeSpec.Generator.Tests/Debug/net8.0/Microsoft.TypeSpec.Generator.Tests.dll" adapterTypeName="executor://nunit3testexecutor/" className="Microsoft.TypeSpec.Generator.Tests.Providers.ModelProviders.ModelCustomizationTests" name="DoesNotIncludeReqCustomLiteralInDefaultCtor" />
    </UnitTest>
    <UnitTest name="SerializationCtorShouldNotDuplicateBaseProperties" storage="/home/runner/work/typespec/typespec/packages/http-client-csharp/generator/artifacts/bin/microsoft.typespec.generator.tests/debug/net8.0/microsoft.typespec.generator.tests.dll" id="a4098945-aef8-d604-acc8-f0f260fbcbe3">
      <Execution id="edf75331-da9d-46c7-8ddd-060412194f4b" />
      <TestMethod codeBase="/home/runner/work/typespec/typespec/packages/http-client-csharp/generator/artifacts/bin/Microsoft.TypeSpec.Generator.Tests/Debug/net8.0/Microsoft.TypeSpec.Generator.Tests.dll" adapterTypeName="executor://nunit3testexecutor/" className="Microsoft.TypeSpec.Generator.Tests.Providers.ModelProviders.ModelProviderTests" name="SerializationCtorShouldNotDuplicateBaseProperties" />
    </UnitTest>
    <UnitTest name="ForeachStatementWithAddMethod" storage="/home/runner/work/typespec/typespec/packages/http-client-csharp/generator/artifacts/bin/microsoft.typespec.generator.tests/debug/net8.0/microsoft.typespec.generator.tests.dll" id="50e9d186-4dd3-ea4c-d0cc-3d3c6b1e2c99">
      <Execution id="cbe88f39-86ff-4c03-8f7f-4609120eccdc" />
      <TestMethod codeBase="/home/runner/work/typespec/typespec/packages/http-client-csharp/generator/artifacts/bin/Microsoft.TypeSpec.Generator.Tests/Debug/net8.0/Microsoft.TypeSpec.Generator.Tests.dll" adapterTypeName="executor://nunit3testexecutor/" className="Microsoft.TypeSpec.Generator.Tests.Statements.StatementTests" name="ForeachStatementWithAddMethod" />
    </UnitTest>
    <UnitTest name="TypesAreNotEqual(System.Collections.Generic.IList`1[System.Int32],System.Collections.Generic.ICollection`1[System.Int32])" storage="/home/runner/work/typespec/typespec/packages/http-client-csharp/generator/artifacts/bin/microsoft.typespec.generator.tests/debug/net8.0/microsoft.typespec.generator.tests.dll" id="fafa9852-426b-6b05-2684-4864e7941f0d">
      <Execution id="6770f0cb-c051-4e2b-abc6-86b2e80863a6" />
      <TestMethod codeBase="/home/runner/work/typespec/typespec/packages/http-client-csharp/generator/artifacts/bin/Microsoft.TypeSpec.Generator.Tests/Debug/net8.0/Microsoft.TypeSpec.Generator.Tests.dll" adapterTypeName="executor://nunit3testexecutor/" className="Microsoft.TypeSpec.Generator.Tests.Primitives.CSharpTypeTests" name="TypesAreNotEqual(System.Collections.Generic.IList`1[System.Int32],System.Collections.Generic.ICollection`1[System.Int32])" />
    </UnitTest>
    <UnitTest name="CanUpdateWhileStatement" storage="/home/runner/work/typespec/typespec/packages/http-client-csharp/generator/artifacts/bin/microsoft.typespec.generator.tests/debug/net8.0/microsoft.typespec.generator.tests.dll" id="226be470-5ed7-a113-35ac-4a7a3002033d">
      <Execution id="ae099011-86b9-4881-984f-ae28c075d71f" />
      <TestMethod codeBase="/home/runner/work/typespec/typespec/packages/http-client-csharp/generator/artifacts/bin/Microsoft.TypeSpec.Generator.Tests/Debug/net8.0/Microsoft.TypeSpec.Generator.Tests.dll" adapterTypeName="executor://nunit3testexecutor/" className="Microsoft.TypeSpec.Generator.Tests.Statements.StatementVisitorTests" name="CanUpdateWhileStatement" />
    </UnitTest>
    <UnitTest name="DerivedShouldUseItsDiscriminatorValueInModelFactory" storage="/home/runner/work/typespec/typespec/packages/http-client-csharp/generator/artifacts/bin/microsoft.typespec.generator.tests/debug/net8.0/microsoft.typespec.generator.tests.dll" id="17d65b15-06b6-e8a5-500a-36ea94523572">
      <Execution id="d35b1364-793f-41f2-bc97-ae6eac4ecaac" />
      <TestMethod codeBase="/home/runner/work/typespec/typespec/packages/http-client-csharp/generator/artifacts/bin/Microsoft.TypeSpec.Generator.Tests/Debug/net8.0/Microsoft.TypeSpec.Generator.Tests.dll" adapterTypeName="executor://nunit3testexecutor/" className="Microsoft.TypeSpec.Generator.Tests.Providers.ModelFactories.DiscriminatorTests" name="DerivedShouldUseItsDiscriminatorValueInModelFactory" />
    </UnitTest>
    <UnitTest name="TestIsCSharpKeyword(&quot;await&quot;,True)" storage="/home/runner/work/typespec/typespec/packages/http-client-csharp/generator/artifacts/bin/microsoft.typespec.generator.tests/debug/net8.0/microsoft.typespec.generator.tests.dll" id="4347d80b-19f7-e06d-caef-277a011bf971">
      <Execution id="dfcd7f6a-71df-4a63-8e45-734d2cfe026c" />
      <TestMethod codeBase="/home/runner/work/typespec/typespec/packages/http-client-csharp/generator/artifacts/bin/Microsoft.TypeSpec.Generator.Tests/Debug/net8.0/Microsoft.TypeSpec.Generator.Tests.dll" adapterTypeName="executor://nunit3testexecutor/" className="Microsoft.TypeSpec.Generator.Tests.Utilities.StringExtensionsTests" name="TestIsCSharpKeyword(&quot;await&quot;,True)" />
    </UnitTest>
    <UnitTest name="TestIsCSharpKeyword(&quot;params&quot;,True)" storage="/home/runner/work/typespec/typespec/packages/http-client-csharp/generator/artifacts/bin/microsoft.typespec.generator.tests/debug/net8.0/microsoft.typespec.generator.tests.dll" id="dd87ee55-be86-4561-2c78-31eae9576adb">
      <Execution id="ec74bf94-7bf0-4a8b-af45-3ff3d8e6ce14" />
      <TestMethod codeBase="/home/runner/work/typespec/typespec/packages/http-client-csharp/generator/artifacts/bin/Microsoft.TypeSpec.Generator.Tests/Debug/net8.0/Microsoft.TypeSpec.Generator.Tests.dll" adapterTypeName="executor://nunit3testexecutor/" className="Microsoft.TypeSpec.Generator.Tests.Utilities.StringExtensionsTests" name="TestIsCSharpKeyword(&quot;params&quot;,True)" />
    </UnitTest>
    <UnitTest name="VisitsMethods" storage="/home/runner/work/typespec/typespec/packages/http-client-csharp/generator/artifacts/bin/microsoft.typespec.generator.tests/debug/net8.0/microsoft.typespec.generator.tests.dll" id="6a61ae6d-dd9d-8e10-2fa5-74148326aae9">
      <Execution id="8e047c8d-3231-4989-9d6f-3de99e65e392" />
      <TestMethod codeBase="/home/runner/work/typespec/typespec/packages/http-client-csharp/generator/artifacts/bin/Microsoft.TypeSpec.Generator.Tests/Debug/net8.0/Microsoft.TypeSpec.Generator.Tests.dll" adapterTypeName="executor://nunit3testexecutor/" className="Microsoft.TypeSpec.Generator.Tests.OutputLibraryVisitorTests" name="VisitsMethods" />
    </UnitTest>
    <UnitTest name="VisitsConstructors" storage="/home/runner/work/typespec/typespec/packages/http-client-csharp/generator/artifacts/bin/microsoft.typespec.generator.tests/debug/net8.0/microsoft.typespec.generator.tests.dll" id="2bd83da8-d8fb-a3a6-2379-337ad4affd31">
      <Execution id="74713429-6534-4c37-961e-d7da3b0c99ac" />
      <TestMethod codeBase="/home/runner/work/typespec/typespec/packages/http-client-csharp/generator/artifacts/bin/Microsoft.TypeSpec.Generator.Tests/Debug/net8.0/Microsoft.TypeSpec.Generator.Tests.dll" adapterTypeName="executor://nunit3testexecutor/" className="Microsoft.TypeSpec.Generator.Tests.OutputLibraryVisitorTests" name="VisitsConstructors" />
    </UnitTest>
    <UnitTest name="IsReadWriteList(System.Collections.Generic.IEnumerable`1[T],False)" storage="/home/runner/work/typespec/typespec/packages/http-client-csharp/generator/artifacts/bin/microsoft.typespec.generator.tests/debug/net8.0/microsoft.typespec.generator.tests.dll" id="0ad03df0-2c8e-3063-3679-db1f3d8f66b9">
      <Execution id="d33610e9-fa5b-4bba-b407-50dea1f03e4c" />
      <TestMethod codeBase="/home/runner/work/typespec/typespec/packages/http-client-csharp/generator/artifacts/bin/Microsoft.TypeSpec.Generator.Tests/Debug/net8.0/Microsoft.TypeSpec.Generator.Tests.dll" adapterTypeName="executor://nunit3testexecutor/" className="Microsoft.TypeSpec.Generator.Tests.Primitives.CSharpTypeTests" name="IsReadWriteList(System.Collections.Generic.IEnumerable`1[T],False)" />
    </UnitTest>
    <UnitTest name="ValidateGetFormattableStringFormatParts(&quot;something{0}else{1}&quot;,[Part { Value = something, IsLiteral = True, ArgumentIndex = -1 }, Part { Value = 0, IsLiteral = False, ArgumentIndex = 0 }, Part { Value = else, IsLiteral = True, ArgumentIndex = -1 }, Part { Value = 1, IsLiteral = False, ArgumentIndex = 1 }])" storage="/home/runner/work/typespec/typespec/packages/http-client-csharp/generator/artifacts/bin/microsoft.typespec.generator.tests/debug/net8.0/microsoft.typespec.generator.tests.dll" id="338f0f35-366f-e576-5590-d6b40c0f65f3">
      <Execution id="737149df-f879-4ea2-b17f-bc7dd232c19b" />
      <TestMethod codeBase="/home/runner/work/typespec/typespec/packages/http-client-csharp/generator/artifacts/bin/Microsoft.TypeSpec.Generator.Tests/Debug/net8.0/Microsoft.TypeSpec.Generator.Tests.dll" adapterTypeName="executor://nunit3testexecutor/" className="Microsoft.TypeSpec.Generator.Tests.Utilities.StringExtensionsTests" name="ValidateGetFormattableStringFormatParts(&quot;something{0}else{1}&quot;,[Part { Value = something, IsLiteral = True, ArgumentIndex = -1 }, Part { Value = 0, IsLiteral = False, ArgumentIndex = 0 }, Part { Value = else, IsLiteral = True, ArgumentIndex = -1 }, Part { Value = 1, IsLiteral = False, ArgumentIndex = 1 }])" />
    </UnitTest>
    <UnitTest name="ScopeDeclaredTwiceForMethodSignatureParam" storage="/home/runner/work/typespec/typespec/packages/http-client-csharp/generator/artifacts/bin/microsoft.typespec.generator.tests/debug/net8.0/microsoft.typespec.generator.tests.dll" id="7b3e720a-98f9-c552-ec66-aefc0ee15cd3">
      <Execution id="795a469c-e0c9-444c-a2c5-f61c4d029c9c" />
      <TestMethod codeBase="/home/runner/work/typespec/typespec/packages/http-client-csharp/generator/artifacts/bin/Microsoft.TypeSpec.Generator.Tests/Debug/net8.0/Microsoft.TypeSpec.Generator.Tests.dll" adapterTypeName="executor://nunit3testexecutor/" className="Microsoft.TypeSpec.Generator.Tests.Writers.CodeWriterDeclarationTests" name="ScopeDeclaredTwiceForMethodSignatureParam" />
    </UnitTest>
    <UnitTest name="BuildEnumType_ValidateFloatBasedFixedEnum()" storage="/home/runner/work/typespec/typespec/packages/http-client-csharp/generator/artifacts/bin/microsoft.typespec.generator.tests/debug/net8.0/microsoft.typespec.generator.tests.dll" id="d2d663b7-a77a-22d6-7ecf-d2dffc892def">
      <Execution id="01ce2c72-a525-40fa-8fba-f119c72382ba" />
      <TestMethod codeBase="/home/runner/work/typespec/typespec/packages/http-client-csharp/generator/artifacts/bin/Microsoft.TypeSpec.Generator.Tests/Debug/net8.0/Microsoft.TypeSpec.Generator.Tests.dll" adapterTypeName="executor://nunit3testexecutor/" className="Microsoft.TypeSpec.Generator.Tests.Providers.EnumProviderTests" name="BuildEnumType_ValidateFloatBasedFixedEnum()" />
    </UnitTest>
    <UnitTest name="UnaryOperatorStatementWithValidExpression" storage="/home/runner/work/typespec/typespec/packages/http-client-csharp/generator/artifacts/bin/microsoft.typespec.generator.tests/debug/net8.0/microsoft.typespec.generator.tests.dll" id="c4571099-984e-0746-0f58-01c6262b858c">
      <Execution id="8d6b5a30-058c-4633-9b2e-bccd6e4391fb" />
      <TestMethod codeBase="/home/runner/work/typespec/typespec/packages/http-client-csharp/generator/artifacts/bin/Microsoft.TypeSpec.Generator.Tests/Debug/net8.0/Microsoft.TypeSpec.Generator.Tests.dll" adapterTypeName="executor://nunit3testexecutor/" className="Microsoft.TypeSpec.Generator.Tests.Expressions.UnaryOperationExpressionTests" name="UnaryOperatorStatementWithValidExpression" />
    </UnitTest>
    <UnitTest name="IsList(System.Collections.Generic.IList`1[T],True)" storage="/home/runner/work/typespec/typespec/packages/http-client-csharp/generator/artifacts/bin/microsoft.typespec.generator.tests/debug/net8.0/microsoft.typespec.generator.tests.dll" id="5de66f25-ef3a-2c38-2754-ebfa2b1d19c7">
      <Execution id="d5c422da-c604-489d-8ae4-1118e504f732" />
      <TestMethod codeBase="/home/runner/work/typespec/typespec/packages/http-client-csharp/generator/artifacts/bin/Microsoft.TypeSpec.Generator.Tests/Debug/net8.0/Microsoft.TypeSpec.Generator.Tests.dll" adapterTypeName="executor://nunit3testexecutor/" className="Microsoft.TypeSpec.Generator.Tests.Primitives.CSharpTypeTests" name="IsList(System.Collections.Generic.IList`1[T],True)" />
    </UnitTest>
    <UnitTest name="DictionaryExpression(System.Collections.Generic.IDictionary`2[System.Int32,System.String],System.Collections.Generic.IDictionary`2[System.String,System.Int32])" storage="/home/runner/work/typespec/typespec/packages/http-client-csharp/generator/artifacts/bin/microsoft.typespec.generator.tests/debug/net8.0/microsoft.typespec.generator.tests.dll" id="004ff7b0-cbff-4a7d-975f-b69ec93a62c2">
      <Execution id="0f530912-861e-4ea3-b029-d931205686ec" />
      <TestMethod codeBase="/home/runner/work/typespec/typespec/packages/http-client-csharp/generator/artifacts/bin/Microsoft.TypeSpec.Generator.Tests/Debug/net8.0/Microsoft.TypeSpec.Generator.Tests.dll" adapterTypeName="executor://nunit3testexecutor/" className="Microsoft.TypeSpec.Generator.Tests.Expressions.KnownValueExpressionsTests" name="DictionaryExpression(System.Collections.Generic.IDictionary`2[System.Int32,System.String],System.Collections.Generic.IDictionary`2[System.String,System.Int32])" />
    </UnitTest>
    <UnitTest name="TestBreakLines_LineBreakInArgument" storage="/home/runner/work/typespec/typespec/packages/http-client-csharp/generator/artifacts/bin/microsoft.typespec.generator.tests/debug/net8.0/microsoft.typespec.generator.tests.dll" id="510f488c-f92d-9264-a2ec-36cdef2d5fcc">
      <Execution id="f4d109b1-d574-4cf2-9525-a5760402f717" />
      <TestMethod codeBase="/home/runner/work/typespec/typespec/packages/http-client-csharp/generator/artifacts/bin/Microsoft.TypeSpec.Generator.Tests/Debug/net8.0/Microsoft.TypeSpec.Generator.Tests.dll" adapterTypeName="executor://nunit3testexecutor/" className="Microsoft.TypeSpec.Generator.Tests.Utilities.FormattableStringHelpersTests" name="TestBreakLines_LineBreakInArgument" />
    </UnitTest>
    <UnitTest name="ValidatePropertyTypes(System.String)" storage="/home/runner/work/typespec/typespec/packages/http-client-csharp/generator/artifacts/bin/microsoft.typespec.generator.tests/debug/net8.0/microsoft.typespec.generator.tests.dll" id="4fa59de3-16ee-f63a-90dc-e1083c762eaf">
      <Execution id="8764401c-5318-43e3-b3f7-d71ef54668a5" />
      <TestMethod codeBase="/home/runner/work/typespec/typespec/packages/http-client-csharp/generator/artifacts/bin/Microsoft.TypeSpec.Generator.Tests/Debug/net8.0/Microsoft.TypeSpec.Generator.Tests.dll" adapterTypeName="executor://nunit3testexecutor/" className="Microsoft.TypeSpec.Generator.Tests.Providers.NamedTypeSymbolProviders.NamedTypeSymbolProviderTests" name="ValidatePropertyTypes(System.String)" />
    </UnitTest>
    <UnitTest name="TypesAreNotEqualWhenNullabilityIsDifferent(System.Collections.Generic.IList`1[System.String])" storage="/home/runner/work/typespec/typespec/packages/http-client-csharp/generator/artifacts/bin/microsoft.typespec.generator.tests/debug/net8.0/microsoft.typespec.generator.tests.dll" id="da477cfb-19a2-e344-47c1-5d2441f8f2a1">
      <Execution id="d6bf6a58-472c-43d3-acf4-3ff682fceba2" />
      <TestMethod codeBase="/home/runner/work/typespec/typespec/packages/http-client-csharp/generator/artifacts/bin/Microsoft.TypeSpec.Generator.Tests/Debug/net8.0/Microsoft.TypeSpec.Generator.Tests.dll" adapterTypeName="executor://nunit3testexecutor/" className="Microsoft.TypeSpec.Generator.Tests.Primitives.CSharpTypeTests" name="TypesAreNotEqualWhenNullabilityIsDifferent(System.Collections.Generic.IList`1[System.String])" />
    </UnitTest>
    <UnitTest name="TypesAreEqual(System.Collections.Generic.IList`1[System.Int32])" storage="/home/runner/work/typespec/typespec/packages/http-client-csharp/generator/artifacts/bin/microsoft.typespec.generator.tests/debug/net8.0/microsoft.typespec.generator.tests.dll" id="38eb63dc-b52d-8bce-48df-09a5bf3605fa">
      <Execution id="46ae1557-e2b0-407b-aedb-4e9d01f628b9" />
      <TestMethod codeBase="/home/runner/work/typespec/typespec/packages/http-client-csharp/generator/artifacts/bin/Microsoft.TypeSpec.Generator.Tests/Debug/net8.0/Microsoft.TypeSpec.Generator.Tests.dll" adapterTypeName="executor://nunit3testexecutor/" className="Microsoft.TypeSpec.Generator.Tests.Primitives.CSharpTypeTests" name="TypesAreEqual(System.Collections.Generic.IList`1[System.Int32])" />
    </UnitTest>
    <UnitTest name="ExtensibleStringNullableEnumType" storage="/home/runner/work/typespec/typespec/packages/http-client-csharp/generator/artifacts/bin/microsoft.typespec.generator.tests/debug/net8.0/microsoft.typespec.generator.tests.dll" id="32887e39-d2d6-395d-8476-5506e3754a7e">
      <Execution id="350215cb-9591-4fd6-aef2-16a8b87da6f7" />
      <TestMethod codeBase="/home/runner/work/typespec/typespec/packages/http-client-csharp/generator/artifacts/bin/Microsoft.TypeSpec.Generator.Tests/Debug/net8.0/Microsoft.TypeSpec.Generator.Tests.dll" adapterTypeName="executor://nunit3testexecutor/" className="Microsoft.TypeSpec.Generator.Tests.TypeFactoryTests" name="ExtensibleStringNullableEnumType" />
    </UnitTest>
    <UnitTest name="TestIsCSharpKeyword(&quot;static&quot;,True)" storage="/home/runner/work/typespec/typespec/packages/http-client-csharp/generator/artifacts/bin/microsoft.typespec.generator.tests/debug/net8.0/microsoft.typespec.generator.tests.dll" id="6dcce33e-e4dd-e512-2dac-808b601252cd">
      <Execution id="a03d0c2e-5289-474e-89cc-9eb74410767e" />
      <TestMethod codeBase="/home/runner/work/typespec/typespec/packages/http-client-csharp/generator/artifacts/bin/Microsoft.TypeSpec.Generator.Tests/Debug/net8.0/Microsoft.TypeSpec.Generator.Tests.dll" adapterTypeName="executor://nunit3testexecutor/" className="Microsoft.TypeSpec.Generator.Tests.Utilities.StringExtensionsTests" name="TestIsCSharpKeyword(&quot;static&quot;,True)" />
    </UnitTest>
    <UnitTest name="CanInsertElement" storage="/home/runner/work/typespec/typespec/packages/http-client-csharp/generator/artifacts/bin/microsoft.typespec.generator.tests/debug/net8.0/microsoft.typespec.generator.tests.dll" id="6d095f19-6ce0-f4cf-fdb2-2e457561105a">
      <Execution id="571c8b58-f944-4d72-94da-ffc9e910ab9e" />
      <TestMethod codeBase="/home/runner/work/typespec/typespec/packages/http-client-csharp/generator/artifacts/bin/Microsoft.TypeSpec.Generator.Tests/Debug/net8.0/Microsoft.TypeSpec.Generator.Tests.dll" adapterTypeName="executor://nunit3testexecutor/" className="Microsoft.TypeSpec.Generator.Tests.Providers.ChangeTrackingListTest" name="CanInsertElement" />
    </UnitTest>
    <UnitTest name="TryCatchFinallyUpdate" storage="/home/runner/work/typespec/typespec/packages/http-client-csharp/generator/artifacts/bin/microsoft.typespec.generator.tests/debug/net8.0/microsoft.typespec.generator.tests.dll" id="0af45fc5-5f23-7fbe-155d-cce3f2750d12">
      <Execution id="a2fbf85a-1754-4e00-9266-31dd40d79884" />
      <TestMethod codeBase="/home/runner/work/typespec/typespec/packages/http-client-csharp/generator/artifacts/bin/Microsoft.TypeSpec.Generator.Tests/Debug/net8.0/Microsoft.TypeSpec.Generator.Tests.dll" adapterTypeName="executor://nunit3testexecutor/" className="Microsoft.TypeSpec.Generator.Tests.Statements.StatementTests" name="TryCatchFinallyUpdate" />
    </UnitTest>
    <UnitTest name="TestParseVersionString(&quot;invalid&quot;,null,null,True)" storage="/home/runner/work/typespec/typespec/packages/http-client-csharp/generator/artifacts/bin/microsoft.typespec.generator.tests/debug/net8.0/microsoft.typespec.generator.tests.dll" id="8a73d751-7991-d109-adb1-43f8de641f5f">
      <Execution id="165df989-7aab-4917-a6fa-2938abc15352" />
      <TestMethod codeBase="/home/runner/work/typespec/typespec/packages/http-client-csharp/generator/artifacts/bin/Microsoft.TypeSpec.Generator.Tests/Debug/net8.0/Microsoft.TypeSpec.Generator.Tests.dll" adapterTypeName="executor://nunit3testexecutor/" className="Microsoft.TypeSpec.Generator.Tests.Utilities.NugetPackageDownloaderTests" name="TestParseVersionString(&quot;invalid&quot;,null,null,True)" />
    </UnitTest>
    <UnitTest name="CodeGenTypeAttributeEmitted" storage="/home/runner/work/typespec/typespec/packages/http-client-csharp/generator/artifacts/bin/microsoft.typespec.generator.tests/debug/net8.0/microsoft.typespec.generator.tests.dll" id="f94d6958-6588-1f41-34b4-8cd145a4db4b">
      <Execution id="dad20923-6261-49bb-a43a-0ad2086855b8" />
      <TestMethod codeBase="/home/runner/work/typespec/typespec/packages/http-client-csharp/generator/artifacts/bin/Microsoft.TypeSpec.Generator.Tests/Debug/net8.0/Microsoft.TypeSpec.Generator.Tests.dll" adapterTypeName="executor://nunit3testexecutor/" className="Microsoft.TypeSpec.Generator.Tests.CustomizationAttributeTests" name="CodeGenTypeAttributeEmitted" />
    </UnitTest>
    <UnitTest name="CorrectValidationIsAppliedToParameter(String,True,AssertNotNullOrEmpty)" storage="/home/runner/work/typespec/typespec/packages/http-client-csharp/generator/artifacts/bin/microsoft.typespec.generator.tests/debug/net8.0/microsoft.typespec.generator.tests.dll" id="3e0080a5-9006-e0a9-05c4-318190bbf374">
      <Execution id="f1ba7b3f-b745-42f1-809b-fbd012a6a620" />
      <TestMethod codeBase="/home/runner/work/typespec/typespec/packages/http-client-csharp/generator/artifacts/bin/Microsoft.TypeSpec.Generator.Tests/Debug/net8.0/Microsoft.TypeSpec.Generator.Tests.dll" adapterTypeName="executor://nunit3testexecutor/" className="Microsoft.TypeSpec.Generator.Tests.Providers.ParameterProviderTests" name="CorrectValidationIsAppliedToParameter(String,True,AssertNotNullOrEmpty)" />
    </UnitTest>
    <UnitTest name="FullyQualifiedNamePopulatedForFrameworkTypes(System.Collections.Generic.IDictionary`2[TKey,TValue])" storage="/home/runner/work/typespec/typespec/packages/http-client-csharp/generator/artifacts/bin/microsoft.typespec.generator.tests/debug/net8.0/microsoft.typespec.generator.tests.dll" id="a7701d02-1efd-9241-2671-8b40eb52b3c6">
      <Execution id="29fa19db-4acb-47bc-ad76-ff41bca112e2" />
      <TestMethod codeBase="/home/runner/work/typespec/typespec/packages/http-client-csharp/generator/artifacts/bin/Microsoft.TypeSpec.Generator.Tests/Debug/net8.0/Microsoft.TypeSpec.Generator.Tests.dll" adapterTypeName="executor://nunit3testexecutor/" className="Microsoft.TypeSpec.Generator.Tests.Primitives.CSharpTypeTests" name="FullyQualifiedNamePopulatedForFrameworkTypes(System.Collections.Generic.IDictionary`2[TKey,TValue])" />
    </UnitTest>
    <UnitTest name="ValidateNullableValueType" storage="/home/runner/work/typespec/typespec/packages/http-client-csharp/generator/artifacts/bin/microsoft.typespec.generator.tests/debug/net8.0/microsoft.typespec.generator.tests.dll" id="1cb028a9-44fc-784f-9be5-6dc2c8f8970d">
      <Execution id="a95d5289-91bc-4ee0-b643-88120295bec9" />
      <TestMethod codeBase="/home/runner/work/typespec/typespec/packages/http-client-csharp/generator/artifacts/bin/Microsoft.TypeSpec.Generator.Tests/Debug/net8.0/Microsoft.TypeSpec.Generator.Tests.dll" adapterTypeName="executor://nunit3testexecutor/" className="Microsoft.TypeSpec.Generator.Tests.Expressions.NewInstanceExpressionTests" name="ValidateNullableValueType" />
    </UnitTest>
    <UnitTest name="DictionaryExpression(System.Collections.Generic.IDictionary`2[System.Int32,System.String],System.Collections.Generic.Dictionary`2[System.Int32,System.Int32])" storage="/home/runner/work/typespec/typespec/packages/http-client-csharp/generator/artifacts/bin/microsoft.typespec.generator.tests/debug/net8.0/microsoft.typespec.generator.tests.dll" id="88acfffa-6ebd-143d-ed22-519c4f519ea6">
      <Execution id="3757ab5e-cb15-4fbb-9c82-334be00ff359" />
      <TestMethod codeBase="/home/runner/work/typespec/typespec/packages/http-client-csharp/generator/artifacts/bin/Microsoft.TypeSpec.Generator.Tests/Debug/net8.0/Microsoft.TypeSpec.Generator.Tests.dll" adapterTypeName="executor://nunit3testexecutor/" className="Microsoft.TypeSpec.Generator.Tests.Expressions.KnownValueExpressionsTests" name="DictionaryExpression(System.Collections.Generic.IDictionary`2[System.Int32,System.String],System.Collections.Generic.Dictionary`2[System.Int32,System.Int32])" />
    </UnitTest>
    <UnitTest name="KeyValuePairExpression(System.Tuple`1[T1],System.Tuple`2[T1,T2])" storage="/home/runner/work/typespec/typespec/packages/http-client-csharp/generator/artifacts/bin/microsoft.typespec.generator.tests/debug/net8.0/microsoft.typespec.generator.tests.dll" id="6a772daa-9b1f-2af8-0451-3bbbb2e9aaf2">
      <Execution id="d3be8a0d-c1d0-461b-9887-d7354007b2b4" />
      <TestMethod codeBase="/home/runner/work/typespec/typespec/packages/http-client-csharp/generator/artifacts/bin/Microsoft.TypeSpec.Generator.Tests/Debug/net8.0/Microsoft.TypeSpec.Generator.Tests.dll" adapterTypeName="executor://nunit3testexecutor/" className="Microsoft.TypeSpec.Generator.Tests.Expressions.KnownValueExpressionsTests" name="KeyValuePairExpression(System.Tuple`1[T1],System.Tuple`2[T1,T2])" />
    </UnitTest>
    <UnitTest name="TypesAreNotEqualWhenNullabilityIsDifferent(System.Collections.Generic.IDictionary`2[System.Nullable`1[System.Int32],System.String])" storage="/home/runner/work/typespec/typespec/packages/http-client-csharp/generator/artifacts/bin/microsoft.typespec.generator.tests/debug/net8.0/microsoft.typespec.generator.tests.dll" id="ebcd8270-e8ae-26ec-794a-535c952bff35">
      <Execution id="461e914e-784a-452c-88d7-2e8e1c4e6e51" />
      <TestMethod codeBase="/home/runner/work/typespec/typespec/packages/http-client-csharp/generator/artifacts/bin/Microsoft.TypeSpec.Generator.Tests/Debug/net8.0/Microsoft.TypeSpec.Generator.Tests.dll" adapterTypeName="executor://nunit3testexecutor/" className="Microsoft.TypeSpec.Generator.Tests.Primitives.CSharpTypeTests" name="TypesAreNotEqualWhenNullabilityIsDifferent(System.Collections.Generic.IDictionary`2[System.Nullable`1[System.Int32],System.String])" />
    </UnitTest>
    <UnitTest name="TestIsCSharpKeyword(&quot;double&quot;,True)" storage="/home/runner/work/typespec/typespec/packages/http-client-csharp/generator/artifacts/bin/microsoft.typespec.generator.tests/debug/net8.0/microsoft.typespec.generator.tests.dll" id="1d75a603-9ec7-f832-dc7d-8c1b85abdd83">
      <Execution id="a1330481-3e68-4daf-97bc-680e36f7d167" />
      <TestMethod codeBase="/home/runner/work/typespec/typespec/packages/http-client-csharp/generator/artifacts/bin/Microsoft.TypeSpec.Generator.Tests/Debug/net8.0/Microsoft.TypeSpec.Generator.Tests.dll" adapterTypeName="executor://nunit3testexecutor/" className="Microsoft.TypeSpec.Generator.Tests.Utilities.StringExtensionsTests" name="TestIsCSharpKeyword(&quot;double&quot;,True)" />
    </UnitTest>
    <UnitTest name="ValidateAnonymousWithPropertiesSingleLine" storage="/home/runner/work/typespec/typespec/packages/http-client-csharp/generator/artifacts/bin/microsoft.typespec.generator.tests/debug/net8.0/microsoft.typespec.generator.tests.dll" id="595f6a65-900b-e46f-44db-f3736418db5b">
      <Execution id="27b6ddcb-5bb8-4996-b789-6c653caa38f2" />
      <TestMethod codeBase="/home/runner/work/typespec/typespec/packages/http-client-csharp/generator/artifacts/bin/Microsoft.TypeSpec.Generator.Tests/Debug/net8.0/Microsoft.TypeSpec.Generator.Tests.dll" adapterTypeName="executor://nunit3testexecutor/" className="Microsoft.TypeSpec.Generator.Tests.Expressions.NewInstanceExpressionTests" name="ValidateAnonymousWithPropertiesSingleLine" />
    </UnitTest>
    <UnitTest name="InvalidDocCommentWithCrefMethod" storage="/home/runner/work/typespec/typespec/packages/http-client-csharp/generator/artifacts/bin/microsoft.typespec.generator.tests/debug/net8.0/microsoft.typespec.generator.tests.dll" id="b498280c-f2d3-17a4-6d60-75dd66905459">
      <Execution id="c653b402-dfcb-451c-8fb9-9aff01de3e2c" />
      <TestMethod codeBase="/home/runner/work/typespec/typespec/packages/http-client-csharp/generator/artifacts/bin/Microsoft.TypeSpec.Generator.Tests/Debug/net8.0/Microsoft.TypeSpec.Generator.Tests.dll" adapterTypeName="executor://nunit3testexecutor/" className="Microsoft.TypeSpec.Generator.Tests.Statements.XmlDocStatementTests" name="InvalidDocCommentWithCrefMethod" />
    </UnitTest>
    <UnitTest name="CatchStatementWithOneLineBody" storage="/home/runner/work/typespec/typespec/packages/http-client-csharp/generator/artifacts/bin/microsoft.typespec.generator.tests/debug/net8.0/microsoft.typespec.generator.tests.dll" id="603829a1-9432-edd0-0c5d-714ad2a8180a">
      <Execution id="6d8e43d7-1233-4063-a2dc-7863ecb56b94" />
      <TestMethod codeBase="/home/runner/work/typespec/typespec/packages/http-client-csharp/generator/artifacts/bin/Microsoft.TypeSpec.Generator.Tests/Debug/net8.0/Microsoft.TypeSpec.Generator.Tests.dll" adapterTypeName="executor://nunit3testexecutor/" className="Microsoft.TypeSpec.Generator.Tests.Statements.StatementTests" name="CatchStatementWithOneLineBody" />
    </UnitTest>
    <UnitTest name="DictionaryExpression(System.Int32,System.Collections.Generic.IList`1[System.Int32])" storage="/home/runner/work/typespec/typespec/packages/http-client-csharp/generator/artifacts/bin/microsoft.typespec.generator.tests/debug/net8.0/microsoft.typespec.generator.tests.dll" id="3077df90-1ad1-72b0-e0da-9c7463ee4e06">
      <Execution id="c50f2f00-ae27-4d47-b99e-7cb003826246" />
      <TestMethod codeBase="/home/runner/work/typespec/typespec/packages/http-client-csharp/generator/artifacts/bin/Microsoft.TypeSpec.Generator.Tests/Debug/net8.0/Microsoft.TypeSpec.Generator.Tests.dll" adapterTypeName="executor://nunit3testexecutor/" className="Microsoft.TypeSpec.Generator.Tests.Expressions.KnownValueExpressionsTests" name="DictionaryExpression(System.Int32,System.Collections.Generic.IList`1[System.Int32])" />
    </UnitTest>
    <UnitTest name="ValidateGetFormattableStringFormatParts(&quot;something&quot;,[Part { Value = something, IsLiteral = True, ArgumentIndex = -1 }])" storage="/home/runner/work/typespec/typespec/packages/http-client-csharp/generator/artifacts/bin/microsoft.typespec.generator.tests/debug/net8.0/microsoft.typespec.generator.tests.dll" id="6ac53b5c-7cd2-8f9d-1e23-a01593f44a06">
      <Execution id="6ccc2b4a-b890-475e-960a-616cb60ca2d1" />
      <TestMethod codeBase="/home/runner/work/typespec/typespec/packages/http-client-csharp/generator/artifacts/bin/Microsoft.TypeSpec.Generator.Tests/Debug/net8.0/Microsoft.TypeSpec.Generator.Tests.dll" adapterTypeName="executor://nunit3testexecutor/" className="Microsoft.TypeSpec.Generator.Tests.Utilities.StringExtensionsTests" name="ValidateGetFormattableStringFormatParts(&quot;something&quot;,[Part { Value = something, IsLiteral = True, ArgumentIndex = -1 }])" />
    </UnitTest>
    <UnitTest name="TestWriteMethodDeclarationNoScope_ConstructorSignature" storage="/home/runner/work/typespec/typespec/packages/http-client-csharp/generator/artifacts/bin/microsoft.typespec.generator.tests/debug/net8.0/microsoft.typespec.generator.tests.dll" id="d3da00c3-aa14-49d5-9976-788854971981">
      <Execution id="4136221c-2cb9-4ff3-8fc5-3e9963f7caf3" />
      <TestMethod codeBase="/home/runner/work/typespec/typespec/packages/http-client-csharp/generator/artifacts/bin/Microsoft.TypeSpec.Generator.Tests/Debug/net8.0/Microsoft.TypeSpec.Generator.Tests.dll" adapterTypeName="executor://nunit3testexecutor/" className="Microsoft.TypeSpec.Generator.Tests.Writers.CodeWriterTests" name="TestWriteMethodDeclarationNoScope_ConstructorSignature" />
    </UnitTest>
    <UnitTest name="KeyValuePairExpression(System.Collections.Generic.IDictionary`2[System.Collections.Generic.IDictionary`2[System.Int32,System.String],System.Collections.Generic.IDictionary`2[System.String,System.Int32]],System.Collections.Generic.IDictionary`2[System.Collections.Generic.IDictionary`2[System.String,System.Int32],System.Collections.Generic.IDictionary`2[System.String,System.Int32]])" storage="/home/runner/work/typespec/typespec/packages/http-client-csharp/generator/artifacts/bin/microsoft.typespec.generator.tests/debug/net8.0/microsoft.typespec.generator.tests.dll" id="7d171e13-c9df-baa0-eec3-c2493f4df9f0">
      <Execution id="a254fb4c-347f-4bdc-9096-e8b051f1c1b6" />
      <TestMethod codeBase="/home/runner/work/typespec/typespec/packages/http-client-csharp/generator/artifacts/bin/Microsoft.TypeSpec.Generator.Tests/Debug/net8.0/Microsoft.TypeSpec.Generator.Tests.dll" adapterTypeName="executor://nunit3testexecutor/" className="Microsoft.TypeSpec.Generator.Tests.Expressions.KnownValueExpressionsTests" name="KeyValuePairExpression(System.Collections.Generic.IDictionary`2[System.Collections.Generic.IDictionary`2[System.Int32,System.String],System.Collections.Generic.IDictionary`2[System.String,System.Int32]],System.Collections.Generic.IDictionary`2[System.Collections.Generic.IDictionary`2[System.String,System.Int32],System.Collections.Generic.IDictionary`2[System.String,System.Int32]])" />
    </UnitTest>
    <UnitTest name="TestIsCSharpKeyword(&quot;for&quot;,True)" storage="/home/runner/work/typespec/typespec/packages/http-client-csharp/generator/artifacts/bin/microsoft.typespec.generator.tests/debug/net8.0/microsoft.typespec.generator.tests.dll" id="76ebe5d4-05d1-3fc5-6c36-90701e535064">
      <Execution id="f3803bad-b319-44f5-aa04-65b55332b30c" />
      <TestMethod codeBase="/home/runner/work/typespec/typespec/packages/http-client-csharp/generator/artifacts/bin/Microsoft.TypeSpec.Generator.Tests/Debug/net8.0/Microsoft.TypeSpec.Generator.Tests.dll" adapterTypeName="executor://nunit3testexecutor/" className="Microsoft.TypeSpec.Generator.Tests.Utilities.StringExtensionsTests" name="TestIsCSharpKeyword(&quot;for&quot;,True)" />
    </UnitTest>
    <UnitTest name="PropertyInitializationType_List(System.Collections.Generic.IReadOnlyList`1[T])" storage="/home/runner/work/typespec/typespec/packages/http-client-csharp/generator/artifacts/bin/microsoft.typespec.generator.tests/debug/net8.0/microsoft.typespec.generator.tests.dll" id="da2560df-f453-65b8-0f8c-71b1a4763201">
      <Execution id="41ef1363-e4c2-4c62-b521-94ad70c4354f" />
      <TestMethod codeBase="/home/runner/work/typespec/typespec/packages/http-client-csharp/generator/artifacts/bin/Microsoft.TypeSpec.Generator.Tests/Debug/net8.0/Microsoft.TypeSpec.Generator.Tests.dll" adapterTypeName="executor://nunit3testexecutor/" className="Microsoft.TypeSpec.Generator.Tests.Primitives.CSharpTypeTests" name="PropertyInitializationType_List(System.Collections.Generic.IReadOnlyList`1[T])" />
    </UnitTest>
    <UnitTest name="ValidateMethods" storage="/home/runner/work/typespec/typespec/packages/http-client-csharp/generator/artifacts/bin/microsoft.typespec.generator.tests/debug/net8.0/microsoft.typespec.generator.tests.dll" id="3cafcacb-32ad-b342-352f-c0a96f21cf8a">
      <Execution id="5e9d06f0-e72b-4fc5-ac11-aeed4caccb08" />
      <TestMethod codeBase="/home/runner/work/typespec/typespec/packages/http-client-csharp/generator/artifacts/bin/Microsoft.TypeSpec.Generator.Tests/Debug/net8.0/Microsoft.TypeSpec.Generator.Tests.dll" adapterTypeName="executor://nunit3testexecutor/" className="Microsoft.TypeSpec.Generator.Tests.Providers.NamedTypeSymbolProviders.InterfaceTests" name="ValidateMethods" />
    </UnitTest>
    <UnitTest name="CanChangeModelNameAndToStructAtSameTime" storage="/home/runner/work/typespec/typespec/packages/http-client-csharp/generator/artifacts/bin/microsoft.typespec.generator.tests/debug/net8.0/microsoft.typespec.generator.tests.dll" id="676d3434-3893-6785-c96f-60f5092b8641">
      <Execution id="84637d09-c17f-46c8-a371-86ad7f48673c" />
      <TestMethod codeBase="/home/runner/work/typespec/typespec/packages/http-client-csharp/generator/artifacts/bin/Microsoft.TypeSpec.Generator.Tests/Debug/net8.0/Microsoft.TypeSpec.Generator.Tests.dll" adapterTypeName="executor://nunit3testexecutor/" className="Microsoft.TypeSpec.Generator.Tests.Providers.ModelProviders.ModelCustomizationTests" name="CanChangeModelNameAndToStructAtSameTime" />
    </UnitTest>
    <UnitTest name="CanChangeAccessibility" storage="/home/runner/work/typespec/typespec/packages/http-client-csharp/generator/artifacts/bin/microsoft.typespec.generator.tests/debug/net8.0/microsoft.typespec.generator.tests.dll" id="6445d3d6-ffa3-2623-b9bf-ecec79bf0d48">
      <Execution id="04f61264-b041-43ab-aec1-655a158a6174" />
      <TestMethod codeBase="/home/runner/work/typespec/typespec/packages/http-client-csharp/generator/artifacts/bin/Microsoft.TypeSpec.Generator.Tests/Debug/net8.0/Microsoft.TypeSpec.Generator.Tests.dll" adapterTypeName="executor://nunit3testexecutor/" className="Microsoft.TypeSpec.Generator.Tests.Providers.ModelProviders.ModelCustomizationTests" name="CanChangeAccessibility" />
    </UnitTest>
    <UnitTest name="TypesAreNotEqual(System.Collections.Generic.IDictionary`2[System.Int32,System.String],System.Collections.Generic.Dictionary`2[TKey,TValue])" storage="/home/runner/work/typespec/typespec/packages/http-client-csharp/generator/artifacts/bin/microsoft.typespec.generator.tests/debug/net8.0/microsoft.typespec.generator.tests.dll" id="ce22bdda-0f72-3167-91e6-e08a408aba11">
      <Execution id="1b8ed904-f228-47a9-986b-be5d007a0029" />
      <TestMethod codeBase="/home/runner/work/typespec/typespec/packages/http-client-csharp/generator/artifacts/bin/Microsoft.TypeSpec.Generator.Tests/Debug/net8.0/Microsoft.TypeSpec.Generator.Tests.dll" adapterTypeName="executor://nunit3testexecutor/" className="Microsoft.TypeSpec.Generator.Tests.Primitives.CSharpTypeTests" name="TypesAreNotEqual(System.Collections.Generic.IDictionary`2[System.Int32,System.String],System.Collections.Generic.Dictionary`2[TKey,TValue])" />
    </UnitTest>
    <UnitTest name="IntSerializationFormat(Integer,&quot;string&quot;)" storage="/home/runner/work/typespec/typespec/packages/http-client-csharp/generator/artifacts/bin/microsoft.typespec.generator.tests/debug/net8.0/microsoft.typespec.generator.tests.dll" id="75a80a46-3e28-4e58-89f5-a07382154d8f">
      <Execution id="b0d4918c-3676-401c-9780-07400383982e" />
      <TestMethod codeBase="/home/runner/work/typespec/typespec/packages/http-client-csharp/generator/artifacts/bin/Microsoft.TypeSpec.Generator.Tests/Debug/net8.0/Microsoft.TypeSpec.Generator.Tests.dll" adapterTypeName="executor://nunit3testexecutor/" className="Microsoft.TypeSpec.Generator.Tests.TypeFactoryTests" name="IntSerializationFormat(Integer,&quot;string&quot;)" />
    </UnitTest>
    <UnitTest name="CatchStatementWithMultipleLineBody" storage="/home/runner/work/typespec/typespec/packages/http-client-csharp/generator/artifacts/bin/microsoft.typespec.generator.tests/debug/net8.0/microsoft.typespec.generator.tests.dll" id="77d60e7c-643e-6c20-3cd0-1fd3cd3b2695">
      <Execution id="578ff0e9-bab6-409b-9508-8d30a84d3645" />
      <TestMethod codeBase="/home/runner/work/typespec/typespec/packages/http-client-csharp/generator/artifacts/bin/Microsoft.TypeSpec.Generator.Tests/Debug/net8.0/Microsoft.TypeSpec.Generator.Tests.dll" adapterTypeName="executor://nunit3testexecutor/" className="Microsoft.TypeSpec.Generator.Tests.Statements.StatementTests" name="CatchStatementWithMultipleLineBody" />
    </UnitTest>
    <UnitTest name="BuildPropertyDescription(Microsoft.TypeSpec.Generator.Input.InputModelProperty,string)" storage="/home/runner/work/typespec/typespec/packages/http-client-csharp/generator/artifacts/bin/microsoft.typespec.generator.tests/debug/net8.0/microsoft.typespec.generator.tests.dll" id="1a86996e-43b2-eaea-70a8-80ee5eba7cee">
      <Execution id="7b241f2a-cc96-4523-ba27-b7b039487bdf" />
      <TestMethod codeBase="/home/runner/work/typespec/typespec/packages/http-client-csharp/generator/artifacts/bin/Microsoft.TypeSpec.Generator.Tests/Debug/net8.0/Microsoft.TypeSpec.Generator.Tests.dll" adapterTypeName="executor://nunit3testexecutor/" className="Microsoft.TypeSpec.Generator.Tests.Providers.PropertyDescriptionTests" name="BuildPropertyDescription(Microsoft.TypeSpec.Generator.Input.InputModelProperty,string)" />
    </UnitTest>
    <UnitTest name="BodyHasSetterValidation(&quot;nullableCollectionOnOutputModel&quot;,Microsoft.TypeSpec.Generator.Input.InputModelType,False,null)" storage="/home/runner/work/typespec/typespec/packages/http-client-csharp/generator/artifacts/bin/microsoft.typespec.generator.tests/debug/net8.0/microsoft.typespec.generator.tests.dll" id="4e86e2c7-87b8-1bb0-2680-5455cfd9c169">
      <Execution id="ad2bf95a-6fd1-4ff2-93d1-ff209ee61591" />
      <TestMethod codeBase="/home/runner/work/typespec/typespec/packages/http-client-csharp/generator/artifacts/bin/Microsoft.TypeSpec.Generator.Tests/Debug/net8.0/Microsoft.TypeSpec.Generator.Tests.dll" adapterTypeName="executor://nunit3testexecutor/" className="Microsoft.TypeSpec.Generator.Tests.Providers.PropertyProviderTests" name="BodyHasSetterValidation(&quot;nullableCollectionOnOutputModel&quot;,Microsoft.TypeSpec.Generator.Input.InputModelType,False,null)" />
    </UnitTest>
    <UnitTest name="EnumerableFormatInFormat" storage="/home/runner/work/typespec/typespec/packages/http-client-csharp/generator/artifacts/bin/microsoft.typespec.generator.tests/debug/net8.0/microsoft.typespec.generator.tests.dll" id="49800c27-39bc-20f4-fbcf-393ddfc11db8">
      <Execution id="09059336-2bba-4302-967d-f9f8667873a7" />
      <TestMethod codeBase="/home/runner/work/typespec/typespec/packages/http-client-csharp/generator/artifacts/bin/Microsoft.TypeSpec.Generator.Tests/Debug/net8.0/Microsoft.TypeSpec.Generator.Tests.dll" adapterTypeName="executor://nunit3testexecutor/" className="Microsoft.TypeSpec.Generator.Tests.Writers.CodeWriterTests" name="EnumerableFormatInFormat" />
    </UnitTest>
    <UnitTest name="VariableNameNotReusedWhenUsedInChildScope" storage="/home/runner/work/typespec/typespec/packages/http-client-csharp/generator/artifacts/bin/microsoft.typespec.generator.tests/debug/net8.0/microsoft.typespec.generator.tests.dll" id="160787b0-1efb-d2b7-8a3c-4607909e6802">
      <Execution id="e0efc49b-014b-4262-ae8c-90c6ac360ca2" />
      <TestMethod codeBase="/home/runner/work/typespec/typespec/packages/http-client-csharp/generator/artifacts/bin/Microsoft.TypeSpec.Generator.Tests/Debug/net8.0/Microsoft.TypeSpec.Generator.Tests.dll" adapterTypeName="executor://nunit3testexecutor/" className="Microsoft.TypeSpec.Generator.Tests.Writers.CodeScopeTests" name="VariableNameNotReusedWhenUsedInChildScope" />
    </UnitTest>
    <UnitTest name="TestUpdateInvokeInstanceMethodExpression" storage="/home/runner/work/typespec/typespec/packages/http-client-csharp/generator/artifacts/bin/microsoft.typespec.generator.tests/debug/net8.0/microsoft.typespec.generator.tests.dll" id="357f1d80-bf4c-c33a-7f7f-9813a78197d6">
      <Execution id="d4f6457e-0bab-4f16-ae71-31e85dd71554" />
      <TestMethod codeBase="/home/runner/work/typespec/typespec/packages/http-client-csharp/generator/artifacts/bin/Microsoft.TypeSpec.Generator.Tests/Debug/net8.0/Microsoft.TypeSpec.Generator.Tests.dll" adapterTypeName="executor://nunit3testexecutor/" className="Microsoft.TypeSpec.Generator.Tests.Expressions.ExpressionsTests" name="TestUpdateInvokeInstanceMethodExpression" />
    </UnitTest>
    <UnitTest name="CodeWriter_WriteMethod_GenericConstraints" storage="/home/runner/work/typespec/typespec/packages/http-client-csharp/generator/artifacts/bin/microsoft.typespec.generator.tests/debug/net8.0/microsoft.typespec.generator.tests.dll" id="a0f47aa3-90be-a10d-6bdd-4f3eed0942ec">
      <Execution id="bd96aa79-d798-4158-9e34-62eebb69414a" />
      <TestMethod codeBase="/home/runner/work/typespec/typespec/packages/http-client-csharp/generator/artifacts/bin/Microsoft.TypeSpec.Generator.Tests/Debug/net8.0/Microsoft.TypeSpec.Generator.Tests.dll" adapterTypeName="executor://nunit3testexecutor/" className="Microsoft.TypeSpec.Generator.Tests.Writers.CodeWriterTests" name="CodeWriter_WriteMethod_GenericConstraints" />
    </UnitTest>
    <UnitTest name="DerivedShouldNotHaveDiscriminatorParameter" storage="/home/runner/work/typespec/typespec/packages/http-client-csharp/generator/artifacts/bin/microsoft.typespec.generator.tests/debug/net8.0/microsoft.typespec.generator.tests.dll" id="12d4cfce-f952-5050-cfbd-0ed55f90dabf">
      <Execution id="cb784c06-41cd-42eb-a531-96eb28c5b113" />
      <TestMethod codeBase="/home/runner/work/typespec/typespec/packages/http-client-csharp/generator/artifacts/bin/Microsoft.TypeSpec.Generator.Tests/Debug/net8.0/Microsoft.TypeSpec.Generator.Tests.dll" adapterTypeName="executor://nunit3testexecutor/" className="Microsoft.TypeSpec.Generator.Tests.Providers.ModelFactories.DiscriminatorTests" name="DerivedShouldNotHaveDiscriminatorParameter" />
    </UnitTest>
    <UnitTest name="NotEqualToFrameworkType(System.Int32,System.String)" storage="/home/runner/work/typespec/typespec/packages/http-client-csharp/generator/artifacts/bin/microsoft.typespec.generator.tests/debug/net8.0/microsoft.typespec.generator.tests.dll" id="cfee214c-88a1-d6af-e219-440c39e0637e">
      <Execution id="d3901086-20f2-4dd9-a828-f24387b6d906" />
      <TestMethod codeBase="/home/runner/work/typespec/typespec/packages/http-client-csharp/generator/artifacts/bin/Microsoft.TypeSpec.Generator.Tests/Debug/net8.0/Microsoft.TypeSpec.Generator.Tests.dll" adapterTypeName="executor://nunit3testexecutor/" className="Microsoft.TypeSpec.Generator.Tests.Primitives.CSharpTypeTests" name="NotEqualToFrameworkType(System.Int32,System.String)" />
    </UnitTest>
    <UnitTest name="BackCompat_GAApiVersionsAdded" storage="/home/runner/work/typespec/typespec/packages/http-client-csharp/generator/artifacts/bin/microsoft.typespec.generator.tests/debug/net8.0/microsoft.typespec.generator.tests.dll" id="529e11c5-7768-7957-da11-f5bd2add9362">
      <Execution id="aef22680-8bb8-498b-a0b8-24d31500c9ee" />
      <TestMethod codeBase="/home/runner/work/typespec/typespec/packages/http-client-csharp/generator/artifacts/bin/Microsoft.TypeSpec.Generator.Tests/Debug/net8.0/Microsoft.TypeSpec.Generator.Tests.dll" adapterTypeName="executor://nunit3testexecutor/" className="Microsoft.TypeSpec.Generator.Tests.Providers.EnumProviders.ApiVersionEnumProviderTests" name="BackCompat_GAApiVersionsAdded" />
    </UnitTest>
    <UnitTest name="AlreadyDeclaredVariableIsRenamedInScopeWithConflictingName" storage="/home/runner/work/typespec/typespec/packages/http-client-csharp/generator/artifacts/bin/microsoft.typespec.generator.tests/debug/net8.0/microsoft.typespec.generator.tests.dll" id="d72030c3-f0e8-7e1b-156d-6a3e88a93e71">
      <Execution id="e1b5549d-c17f-4ff5-b984-07bd1e18f2d5" />
      <TestMethod codeBase="/home/runner/work/typespec/typespec/packages/http-client-csharp/generator/artifacts/bin/Microsoft.TypeSpec.Generator.Tests/Debug/net8.0/Microsoft.TypeSpec.Generator.Tests.dll" adapterTypeName="executor://nunit3testexecutor/" className="Microsoft.TypeSpec.Generator.Tests.Writers.CodeWriterDeclarationTests" name="AlreadyDeclaredVariableIsRenamedInScopeWithConflictingName" />
    </UnitTest>
    <UnitTest name="TestSnakeCaseProperty" storage="/home/runner/work/typespec/typespec/packages/http-client-csharp/generator/artifacts/bin/microsoft.typespec.generator.tests/debug/net8.0/microsoft.typespec.generator.tests.dll" id="36b001ef-f209-92e0-c905-a05873818879">
      <Execution id="d34b545f-1de0-4f62-b4f0-46c5261c1518" />
      <TestMethod codeBase="/home/runner/work/typespec/typespec/packages/http-client-csharp/generator/artifacts/bin/Microsoft.TypeSpec.Generator.Tests/Debug/net8.0/Microsoft.TypeSpec.Generator.Tests.dll" adapterTypeName="executor://nunit3testexecutor/" className="Microsoft.TypeSpec.Generator.Tests.Providers.PropertyProviderTests" name="TestSnakeCaseProperty" />
    </UnitTest>
    <UnitTest name="TestIsCSharpKeyword(&quot;alias&quot;,True)" storage="/home/runner/work/typespec/typespec/packages/http-client-csharp/generator/artifacts/bin/microsoft.typespec.generator.tests/debug/net8.0/microsoft.typespec.generator.tests.dll" id="2238aa25-e5a6-8e7f-9981-e7e7ad9efecb">
      <Execution id="0879ddff-7d86-4349-9974-191308b01d93" />
      <TestMethod codeBase="/home/runner/work/typespec/typespec/packages/http-client-csharp/generator/artifacts/bin/Microsoft.TypeSpec.Generator.Tests/Debug/net8.0/Microsoft.TypeSpec.Generator.Tests.dll" adapterTypeName="executor://nunit3testexecutor/" className="Microsoft.TypeSpec.Generator.Tests.Utilities.StringExtensionsTests" name="TestIsCSharpKeyword(&quot;alias&quot;,True)" />
    </UnitTest>
    <UnitTest name="NotEqualToFrameworkType(System.Collections.Generic.IList`1[System.Int32],System.Int32)" storage="/home/runner/work/typespec/typespec/packages/http-client-csharp/generator/artifacts/bin/microsoft.typespec.generator.tests/debug/net8.0/microsoft.typespec.generator.tests.dll" id="197b1472-f12b-518d-0951-8d2db78ad7ca">
      <Execution id="52c52ce1-1060-4cf7-b304-59ae8dfbcaa9" />
      <TestMethod codeBase="/home/runner/work/typespec/typespec/packages/http-client-csharp/generator/artifacts/bin/Microsoft.TypeSpec.Generator.Tests/Debug/net8.0/Microsoft.TypeSpec.Generator.Tests.dll" adapterTypeName="executor://nunit3testexecutor/" className="Microsoft.TypeSpec.Generator.Tests.Primitives.CSharpTypeTests" name="NotEqualToFrameworkType(System.Collections.Generic.IList`1[System.Int32],System.Int32)" />
    </UnitTest>
    <UnitTest name="IsReadWriteList(System.Collections.Generic.List`1[T],True)" storage="/home/runner/work/typespec/typespec/packages/http-client-csharp/generator/artifacts/bin/microsoft.typespec.generator.tests/debug/net8.0/microsoft.typespec.generator.tests.dll" id="0f29e433-ce66-01a6-7acb-28bce10d26ca">
      <Execution id="697a1e73-6944-4e24-bb97-35e0bbd2f66d" />
      <TestMethod codeBase="/home/runner/work/typespec/typespec/packages/http-client-csharp/generator/artifacts/bin/Microsoft.TypeSpec.Generator.Tests/Debug/net8.0/Microsoft.TypeSpec.Generator.Tests.dll" adapterTypeName="executor://nunit3testexecutor/" className="Microsoft.TypeSpec.Generator.Tests.Primitives.CSharpTypeTests" name="IsReadWriteList(System.Collections.Generic.List`1[T],True)" />
    </UnitTest>
    <UnitTest name="SeeCRefType(System.Collections.Generic.List`1[T],False)" storage="/home/runner/work/typespec/typespec/packages/http-client-csharp/generator/artifacts/bin/microsoft.typespec.generator.tests/debug/net8.0/microsoft.typespec.generator.tests.dll" id="1589c5b5-6a59-c4da-22fa-39108093107e">
      <Execution id="fd6fb318-a052-41bc-b3df-480d5bae28ec" />
      <TestMethod codeBase="/home/runner/work/typespec/typespec/packages/http-client-csharp/generator/artifacts/bin/Microsoft.TypeSpec.Generator.Tests/Debug/net8.0/Microsoft.TypeSpec.Generator.Tests.dll" adapterTypeName="executor://nunit3testexecutor/" className="Microsoft.TypeSpec.Generator.Tests.Writers.CodeWriterTests" name="SeeCRefType(System.Collections.Generic.List`1[T],False)" />
    </UnitTest>
    <UnitTest name="SystemTypeOperatorTestEqual(System.Guid)" storage="/home/runner/work/typespec/typespec/packages/http-client-csharp/generator/artifacts/bin/microsoft.typespec.generator.tests/debug/net8.0/microsoft.typespec.generator.tests.dll" id="abba7765-5d41-ca95-2786-a85f227f410c">
      <Execution id="7c4f57bb-4218-4de1-8aee-94f3085c3ac0" />
      <TestMethod codeBase="/home/runner/work/typespec/typespec/packages/http-client-csharp/generator/artifacts/bin/Microsoft.TypeSpec.Generator.Tests/Debug/net8.0/Microsoft.TypeSpec.Generator.Tests.dll" adapterTypeName="executor://nunit3testexecutor/" className="Microsoft.TypeSpec.Generator.Tests.Expressions.ValueExpressionTests" name="SystemTypeOperatorTestEqual(System.Guid)" />
    </UnitTest>
    <UnitTest name="HashCodesAreNotEqual(System.Collections.Generic.IList`1[T],System.Int32)" storage="/home/runner/work/typespec/typespec/packages/http-client-csharp/generator/artifacts/bin/microsoft.typespec.generator.tests/debug/net8.0/microsoft.typespec.generator.tests.dll" id="bf083934-02bd-da8e-82a4-0acf0a077e53">
      <Execution id="e153f25b-43de-4426-a9f0-a94b1efc8258" />
      <TestMethod codeBase="/home/runner/work/typespec/typespec/packages/http-client-csharp/generator/artifacts/bin/Microsoft.TypeSpec.Generator.Tests/Debug/net8.0/Microsoft.TypeSpec.Generator.Tests.dll" adapterTypeName="executor://nunit3testexecutor/" className="Microsoft.TypeSpec.Generator.Tests.Primitives.CSharpTypeTests" name="HashCodesAreNotEqual(System.Collections.Generic.IList`1[T],System.Int32)" />
    </UnitTest>
    <UnitTest name="BuildXmlDocsAddsCorrectExceptions" storage="/home/runner/work/typespec/typespec/packages/http-client-csharp/generator/artifacts/bin/microsoft.typespec.generator.tests/debug/net8.0/microsoft.typespec.generator.tests.dll" id="8f101769-b224-d5b5-9226-fb891fbfd579">
      <Execution id="ac1fda0e-fd72-419f-b60e-7ca343093608" />
      <TestMethod codeBase="/home/runner/work/typespec/typespec/packages/http-client-csharp/generator/artifacts/bin/Microsoft.TypeSpec.Generator.Tests/Debug/net8.0/Microsoft.TypeSpec.Generator.Tests.dll" adapterTypeName="executor://nunit3testexecutor/" className="Microsoft.TypeSpec.Generator.Tests.Utilities.MethodProviderHelpersTests" name="BuildXmlDocsAddsCorrectExceptions" />
    </UnitTest>
    <UnitTest name="TypesAreNotEqual(System.Collections.Generic.IDictionary`2[System.Int32,System.String],System.Collections.Generic.IDictionary`2[System.String,System.Int32])" storage="/home/runner/work/typespec/typespec/packages/http-client-csharp/generator/artifacts/bin/microsoft.typespec.generator.tests/debug/net8.0/microsoft.typespec.generator.tests.dll" id="42ab1a53-5dd7-1f8b-4b46-663e9b803cb1">
      <Execution id="f53e67de-4a43-41d5-bafe-590001fa2335" />
      <TestMethod codeBase="/home/runner/work/typespec/typespec/packages/http-client-csharp/generator/artifacts/bin/Microsoft.TypeSpec.Generator.Tests/Debug/net8.0/Microsoft.TypeSpec.Generator.Tests.dll" adapterTypeName="executor://nunit3testexecutor/" className="Microsoft.TypeSpec.Generator.Tests.Primitives.CSharpTypeTests" name="TypesAreNotEqual(System.Collections.Generic.IDictionary`2[System.Int32,System.String],System.Collections.Generic.IDictionary`2[System.String,System.Int32])" />
    </UnitTest>
    <UnitTest name="DictionaryExpression(System.Int32,System.String)" storage="/home/runner/work/typespec/typespec/packages/http-client-csharp/generator/artifacts/bin/microsoft.typespec.generator.tests/debug/net8.0/microsoft.typespec.generator.tests.dll" id="74305036-72d1-9364-ca62-aaf7612d9918">
      <Execution id="1a4080b4-6938-4048-8021-d5e345e1abd6" />
      <TestMethod codeBase="/home/runner/work/typespec/typespec/packages/http-client-csharp/generator/artifacts/bin/Microsoft.TypeSpec.Generator.Tests/Debug/net8.0/Microsoft.TypeSpec.Generator.Tests.dll" adapterTypeName="executor://nunit3testexecutor/" className="Microsoft.TypeSpec.Generator.Tests.Expressions.KnownValueExpressionsTests" name="DictionaryExpression(System.Int32,System.String)" />
    </UnitTest>
    <UnitTest name="CanUpdateFieldProvider" storage="/home/runner/work/typespec/typespec/packages/http-client-csharp/generator/artifacts/bin/microsoft.typespec.generator.tests/debug/net8.0/microsoft.typespec.generator.tests.dll" id="b8963b3f-1c89-3a1b-21d2-4e3e800c4852">
      <Execution id="4b4af861-6732-426f-a44d-dfb5de842208" />
      <TestMethod codeBase="/home/runner/work/typespec/typespec/packages/http-client-csharp/generator/artifacts/bin/Microsoft.TypeSpec.Generator.Tests/Debug/net8.0/Microsoft.TypeSpec.Generator.Tests.dll" adapterTypeName="executor://nunit3testexecutor/" className="Microsoft.TypeSpec.Generator.Tests.Providers.FieldProviderTests" name="CanUpdateFieldProvider" />
    </UnitTest>
    <UnitTest name="TestDownloadAndInstallPackage(False)" storage="/home/runner/work/typespec/typespec/packages/http-client-csharp/generator/artifacts/bin/microsoft.typespec.generator.tests/debug/net8.0/microsoft.typespec.generator.tests.dll" id="87fb9c2d-22c3-717c-a03f-71d69a0c9974">
      <Execution id="ad998440-e551-460e-8bad-5cf5eceb7d28" />
      <TestMethod codeBase="/home/runner/work/typespec/typespec/packages/http-client-csharp/generator/artifacts/bin/Microsoft.TypeSpec.Generator.Tests/Debug/net8.0/Microsoft.TypeSpec.Generator.Tests.dll" adapterTypeName="executor://nunit3testexecutor/" className="Microsoft.TypeSpec.Generator.Tests.Utilities.NugetPackageDownloaderTests" name="TestDownloadAndInstallPackage(False)" />
    </UnitTest>
    <UnitTest name="GetGenericTypeDefinition(System.Collections.Generic.KeyValuePair`2[System.Int32,System.String],System.Collections.Generic.KeyValuePair`2[TKey,TValue],True)" storage="/home/runner/work/typespec/typespec/packages/http-client-csharp/generator/artifacts/bin/microsoft.typespec.generator.tests/debug/net8.0/microsoft.typespec.generator.tests.dll" id="7dd8be0b-3cc0-5246-8517-74fcee7c02eb">
      <Execution id="a8496bde-9e4c-4b7c-b619-f074b43c6b8c" />
      <TestMethod codeBase="/home/runner/work/typespec/typespec/packages/http-client-csharp/generator/artifacts/bin/Microsoft.TypeSpec.Generator.Tests/Debug/net8.0/Microsoft.TypeSpec.Generator.Tests.dll" adapterTypeName="executor://nunit3testexecutor/" className="Microsoft.TypeSpec.Generator.Tests.Primitives.CSharpTypeTests" name="GetGenericTypeDefinition(System.Collections.Generic.KeyValuePair`2[System.Int32,System.String],System.Collections.Generic.KeyValuePair`2[TKey,TValue],True)" />
    </UnitTest>
    <UnitTest name="TestToApiVersionMemberName(&quot;V2022.05.15_Preview&quot;,&quot;V2022_05_15_Preview&quot;)" storage="/home/runner/work/typespec/typespec/packages/http-client-csharp/generator/artifacts/bin/microsoft.typespec.generator.tests/debug/net8.0/microsoft.typespec.generator.tests.dll" id="117f282b-9661-8610-dd34-bd4b21fe10d7">
      <Execution id="9fd7b171-a588-451a-9e2b-fc30f1b5e859" />
      <TestMethod codeBase="/home/runner/work/typespec/typespec/packages/http-client-csharp/generator/artifacts/bin/Microsoft.TypeSpec.Generator.Tests/Debug/net8.0/Microsoft.TypeSpec.Generator.Tests.dll" adapterTypeName="executor://nunit3testexecutor/" className="Microsoft.TypeSpec.Generator.Tests.Utilities.StringExtensionsTests" name="TestToApiVersionMemberName(&quot;V2022.05.15_Preview&quot;,&quot;V2022_05_15_Preview&quot;)" />
    </UnitTest>
    <UnitTest name="TypesAreNotEqualWhenNullabilityIsDifferent(System.Collections.Generic.IDictionary`2[System.String,System.Int32])" storage="/home/runner/work/typespec/typespec/packages/http-client-csharp/generator/artifacts/bin/microsoft.typespec.generator.tests/debug/net8.0/microsoft.typespec.generator.tests.dll" id="e5ffa856-2a3d-4756-1353-c73d0329c101">
      <Execution id="6c485474-c524-41f9-bce0-71967b0ab0fe" />
      <TestMethod codeBase="/home/runner/work/typespec/typespec/packages/http-client-csharp/generator/artifacts/bin/Microsoft.TypeSpec.Generator.Tests/Debug/net8.0/Microsoft.TypeSpec.Generator.Tests.dll" adapterTypeName="executor://nunit3testexecutor/" className="Microsoft.TypeSpec.Generator.Tests.Primitives.CSharpTypeTests" name="TypesAreNotEqualWhenNullabilityIsDifferent(System.Collections.Generic.IDictionary`2[System.String,System.Int32])" />
    </UnitTest>
    <UnitTest name="DictionaryParamShape" storage="/home/runner/work/typespec/typespec/packages/http-client-csharp/generator/artifacts/bin/microsoft.typespec.generator.tests/debug/net8.0/microsoft.typespec.generator.tests.dll" id="4c8ec50b-8c5a-aec9-c5b3-70243e209d42">
      <Execution id="ba959901-66be-418d-8c4a-e343717a4a47" />
      <TestMethod codeBase="/home/runner/work/typespec/typespec/packages/http-client-csharp/generator/artifacts/bin/Microsoft.TypeSpec.Generator.Tests/Debug/net8.0/Microsoft.TypeSpec.Generator.Tests.dll" adapterTypeName="executor://nunit3testexecutor/" className="Microsoft.TypeSpec.Generator.Tests.Providers.ModelFactories.ModelFactoryProviderTests" name="DictionaryParamShape" />
    </UnitTest>
    <UnitTest name="KeyValuePairExpression(System.Collections.Generic.IList`1[System.Int32],System.Int32)" storage="/home/runner/work/typespec/typespec/packages/http-client-csharp/generator/artifacts/bin/microsoft.typespec.generator.tests/debug/net8.0/microsoft.typespec.generator.tests.dll" id="00ef2a3e-7ff0-9d6e-68c3-ad85f3770520">
      <Execution id="b9eea8c1-7efb-430e-a3a8-0bd493093b48" />
      <TestMethod codeBase="/home/runner/work/typespec/typespec/packages/http-client-csharp/generator/artifacts/bin/Microsoft.TypeSpec.Generator.Tests/Debug/net8.0/Microsoft.TypeSpec.Generator.Tests.dll" adapterTypeName="executor://nunit3testexecutor/" className="Microsoft.TypeSpec.Generator.Tests.Expressions.KnownValueExpressionsTests" name="KeyValuePairExpression(System.Collections.Generic.IList`1[System.Int32],System.Int32)" />
    </UnitTest>
    <UnitTest name="KeyValuePairExpression(System.Collections.Generic.IDictionary`2[System.Int32,System.String],System.Collections.Generic.IDictionary`2[System.String,System.Int32])" storage="/home/runner/work/typespec/typespec/packages/http-client-csharp/generator/artifacts/bin/microsoft.typespec.generator.tests/debug/net8.0/microsoft.typespec.generator.tests.dll" id="a05419fb-fa34-bae2-fbb2-d46c53d46cfa">
      <Execution id="041b0a73-5b31-441f-a92f-8dcb94d6d889" />
      <TestMethod codeBase="/home/runner/work/typespec/typespec/packages/http-client-csharp/generator/artifacts/bin/Microsoft.TypeSpec.Generator.Tests/Debug/net8.0/Microsoft.TypeSpec.Generator.Tests.dll" adapterTypeName="executor://nunit3testexecutor/" className="Microsoft.TypeSpec.Generator.Tests.Expressions.KnownValueExpressionsTests" name="KeyValuePairExpression(System.Collections.Generic.IDictionary`2[System.Int32,System.String],System.Collections.Generic.IDictionary`2[System.String,System.Int32])" />
    </UnitTest>
    <UnitTest name="CanUpdateWithReset" storage="/home/runner/work/typespec/typespec/packages/http-client-csharp/generator/artifacts/bin/microsoft.typespec.generator.tests/debug/net8.0/microsoft.typespec.generator.tests.dll" id="117c3c6c-56ff-0758-cb45-a15a3d43f18a">
      <Execution id="8d9825af-fa15-4c09-bd0f-4a248a357fc1" />
      <TestMethod codeBase="/home/runner/work/typespec/typespec/packages/http-client-csharp/generator/artifacts/bin/Microsoft.TypeSpec.Generator.Tests/Debug/net8.0/Microsoft.TypeSpec.Generator.Tests.dll" adapterTypeName="executor://nunit3testexecutor/" className="Microsoft.TypeSpec.Generator.Tests.Providers.TypeProviderTests" name="CanUpdateWithReset" />
    </UnitTest>
    <UnitTest name="UnknownVariantIsInternal" storage="/home/runner/work/typespec/typespec/packages/http-client-csharp/generator/artifacts/bin/microsoft.typespec.generator.tests/debug/net8.0/microsoft.typespec.generator.tests.dll" id="0380a994-cb1e-d971-17c9-30c75820a28e">
      <Execution id="71662aa6-b56f-4c9c-b928-0cd8b6fd5db8" />
      <TestMethod codeBase="/home/runner/work/typespec/typespec/packages/http-client-csharp/generator/artifacts/bin/Microsoft.TypeSpec.Generator.Tests/Debug/net8.0/Microsoft.TypeSpec.Generator.Tests.dll" adapterTypeName="executor://nunit3testexecutor/" className="Microsoft.TypeSpec.Generator.Tests.Providers.ModelProviders.DiscriminatorTests" name="UnknownVariantIsInternal" />
    </UnitTest>
    <UnitTest name="ValidateAnonymousSingleLine" storage="/home/runner/work/typespec/typespec/packages/http-client-csharp/generator/artifacts/bin/microsoft.typespec.generator.tests/debug/net8.0/microsoft.typespec.generator.tests.dll" id="96b32ab3-1bef-b570-9a41-56c009665258">
      <Execution id="a7d154b3-a1c6-46ae-a2af-7f83596d64a8" />
      <TestMethod codeBase="/home/runner/work/typespec/typespec/packages/http-client-csharp/generator/artifacts/bin/Microsoft.TypeSpec.Generator.Tests/Debug/net8.0/Microsoft.TypeSpec.Generator.Tests.dll" adapterTypeName="executor://nunit3testexecutor/" className="Microsoft.TypeSpec.Generator.Tests.Expressions.NewInstanceExpressionTests" name="ValidateAnonymousSingleLine" />
    </UnitTest>
    <UnitTest name="TypeModifiersTest(Public, Class, Abstract)" storage="/home/runner/work/typespec/typespec/packages/http-client-csharp/generator/artifacts/bin/microsoft.typespec.generator.tests/debug/net8.0/microsoft.typespec.generator.tests.dll" id="ce33973f-1182-a17f-313c-67aea25866dc">
      <Execution id="59cff11e-7015-45f9-8b43-a8a0a44566d3" />
      <TestMethod codeBase="/home/runner/work/typespec/typespec/packages/http-client-csharp/generator/artifacts/bin/Microsoft.TypeSpec.Generator.Tests/Debug/net8.0/Microsoft.TypeSpec.Generator.Tests.dll" adapterTypeName="executor://nunit3testexecutor/" className="Microsoft.TypeSpec.Generator.Tests.Writers.CodeWriterTests" name="TypeModifiersTest(Public, Class, Abstract)" />
    </UnitTest>
    <UnitTest name="ListExpression(System.Guid)" storage="/home/runner/work/typespec/typespec/packages/http-client-csharp/generator/artifacts/bin/microsoft.typespec.generator.tests/debug/net8.0/microsoft.typespec.generator.tests.dll" id="217604e7-6db4-012e-0a6a-1649f099f543">
      <Execution id="e65db12d-3f29-464c-8560-eef7d0707398" />
      <TestMethod codeBase="/home/runner/work/typespec/typespec/packages/http-client-csharp/generator/artifacts/bin/Microsoft.TypeSpec.Generator.Tests/Debug/net8.0/Microsoft.TypeSpec.Generator.Tests.dll" adapterTypeName="executor://nunit3testexecutor/" className="Microsoft.TypeSpec.Generator.Tests.Expressions.KnownValueExpressionsTests" name="ListExpression(System.Guid)" />
    </UnitTest>
    <UnitTest name="TestIsCSharpKeyword(&quot;try&quot;,True)" storage="/home/runner/work/typespec/typespec/packages/http-client-csharp/generator/artifacts/bin/microsoft.typespec.generator.tests/debug/net8.0/microsoft.typespec.generator.tests.dll" id="2a3166cf-5ffa-ce6a-5a68-45b3b87b3718">
      <Execution id="0c4e5c24-e479-405a-83fe-ff46210af315" />
      <TestMethod codeBase="/home/runner/work/typespec/typespec/packages/http-client-csharp/generator/artifacts/bin/Microsoft.TypeSpec.Generator.Tests/Debug/net8.0/Microsoft.TypeSpec.Generator.Tests.dll" adapterTypeName="executor://nunit3testexecutor/" className="Microsoft.TypeSpec.Generator.Tests.Utilities.StringExtensionsTests" name="TestIsCSharpKeyword(&quot;try&quot;,True)" />
    </UnitTest>
    <UnitTest name="TestKebabCaseProperty" storage="/home/runner/work/typespec/typespec/packages/http-client-csharp/generator/artifacts/bin/microsoft.typespec.generator.tests/debug/net8.0/microsoft.typespec.generator.tests.dll" id="4e6172dd-a8ae-4649-46ad-c01f8989b925">
      <Execution id="43688214-38be-4bfb-842a-cb6691f9517e" />
      <TestMethod codeBase="/home/runner/work/typespec/typespec/packages/http-client-csharp/generator/artifacts/bin/Microsoft.TypeSpec.Generator.Tests/Debug/net8.0/Microsoft.TypeSpec.Generator.Tests.dll" adapterTypeName="executor://nunit3testexecutor/" className="Microsoft.TypeSpec.Generator.Tests.Providers.PropertyProviderTests" name="TestKebabCaseProperty" />
    </UnitTest>
    <UnitTest name="ReadOnlyDict_Undefined_ReturnsFalse" storage="/home/runner/work/typespec/typespec/packages/http-client-csharp/generator/artifacts/bin/microsoft.typespec.generator.tests/debug/net8.0/microsoft.typespec.generator.tests.dll" id="86b6936d-d0a3-0fe4-51f4-73e029925e7c">
      <Execution id="b45ba155-ad92-4d99-b8b3-4fe5f315bb2f" />
      <TestMethod codeBase="/home/runner/work/typespec/typespec/packages/http-client-csharp/generator/artifacts/bin/Microsoft.TypeSpec.Generator.Tests/Debug/net8.0/Microsoft.TypeSpec.Generator.Tests.dll" adapterTypeName="executor://nunit3testexecutor/" className="Microsoft.TypeSpec.Generator.Tests.Providers.OptionalTests" name="ReadOnlyDict_Undefined_ReturnsFalse" />
    </UnitTest>
    <UnitTest name="ValidateNullableTypes(System.Nullable`1[Microsoft.TypeSpec.Generator.Tests.Primitives.CSharpTypeTests+TestStruct`1[System.Int32]],[int],True)" storage="/home/runner/work/typespec/typespec/packages/http-client-csharp/generator/artifacts/bin/microsoft.typespec.generator.tests/debug/net8.0/microsoft.typespec.generator.tests.dll" id="4a0a4794-a815-d62d-213d-900e17753073">
      <Execution id="69dc5c9a-8ba2-429b-880a-157335ae59a8" />
      <TestMethod codeBase="/home/runner/work/typespec/typespec/packages/http-client-csharp/generator/artifacts/bin/Microsoft.TypeSpec.Generator.Tests/Debug/net8.0/Microsoft.TypeSpec.Generator.Tests.dll" adapterTypeName="executor://nunit3testexecutor/" className="Microsoft.TypeSpec.Generator.Tests.Primitives.CSharpTypeTests" name="ValidateNullableTypes(System.Nullable`1[Microsoft.TypeSpec.Generator.Tests.Primitives.CSharpTypeTests+TestStruct`1[System.Int32]],[int],True)" />
    </UnitTest>
    <UnitTest name="SystemTypeOperatorTestEqual(System.Collections.Generic.IDictionary`2[TKey,TValue])" storage="/home/runner/work/typespec/typespec/packages/http-client-csharp/generator/artifacts/bin/microsoft.typespec.generator.tests/debug/net8.0/microsoft.typespec.generator.tests.dll" id="473af683-fbb7-769a-d5dc-655d5c483f51">
      <Execution id="a6b08f90-02ae-408f-8286-d4244ffd25af" />
      <TestMethod codeBase="/home/runner/work/typespec/typespec/packages/http-client-csharp/generator/artifacts/bin/Microsoft.TypeSpec.Generator.Tests/Debug/net8.0/Microsoft.TypeSpec.Generator.Tests.dll" adapterTypeName="executor://nunit3testexecutor/" className="Microsoft.TypeSpec.Generator.Tests.Expressions.ValueExpressionTests" name="SystemTypeOperatorTestEqual(System.Collections.Generic.IDictionary`2[TKey,TValue])" />
    </UnitTest>
    <UnitTest name="TestIsCSharpKeyword(&quot;yield&quot;,True)" storage="/home/runner/work/typespec/typespec/packages/http-client-csharp/generator/artifacts/bin/microsoft.typespec.generator.tests/debug/net8.0/microsoft.typespec.generator.tests.dll" id="395d029c-2c31-08ff-3127-fc125409b9c5">
      <Execution id="0b9b2ab1-f5de-43cc-b734-54cc490c879c" />
      <TestMethod codeBase="/home/runner/work/typespec/typespec/packages/http-client-csharp/generator/artifacts/bin/Microsoft.TypeSpec.Generator.Tests/Debug/net8.0/Microsoft.TypeSpec.Generator.Tests.dll" adapterTypeName="executor://nunit3testexecutor/" className="Microsoft.TypeSpec.Generator.Tests.Utilities.StringExtensionsTests" name="TestIsCSharpKeyword(&quot;yield&quot;,True)" />
    </UnitTest>
    <UnitTest name="ValidateGetFormattableStringFormatParts(&quot;This {0} has literal {{&quot;,[Part { Value = This , IsLiteral = True, ArgumentIndex = -1 }, Part { Value = 0, IsLiteral = False, ArgumentIndex = 0 }, Part { Value =  has literal {, IsLiteral = True, ArgumentIndex = -1 }])" storage="/home/runner/work/typespec/typespec/packages/http-client-csharp/generator/artifacts/bin/microsoft.typespec.generator.tests/debug/net8.0/microsoft.typespec.generator.tests.dll" id="8b100791-a571-8d3b-d8ba-0fa5bc0bdb14">
      <Execution id="6bbf1fe9-ccb0-42e7-92e8-380f9b63a095" />
      <TestMethod codeBase="/home/runner/work/typespec/typespec/packages/http-client-csharp/generator/artifacts/bin/Microsoft.TypeSpec.Generator.Tests/Debug/net8.0/Microsoft.TypeSpec.Generator.Tests.dll" adapterTypeName="executor://nunit3testexecutor/" className="Microsoft.TypeSpec.Generator.Tests.Utilities.StringExtensionsTests" name="ValidateGetFormattableStringFormatParts(&quot;This {0} has literal {{&quot;,[Part { Value = This , IsLiteral = True, ArgumentIndex = -1 }, Part { Value = 0, IsLiteral = False, ArgumentIndex = 0 }, Part { Value =  has literal {, IsLiteral = True, ArgumentIndex = -1 }])" />
    </UnitTest>
    <UnitTest name="SystemTypeOperatorTestNotEqual(System.Collections.Generic.IDictionary`2[System.Int32,System.String],System.Collections.Generic.Dictionary`2[System.Int32,System.String])" storage="/home/runner/work/typespec/typespec/packages/http-client-csharp/generator/artifacts/bin/microsoft.typespec.generator.tests/debug/net8.0/microsoft.typespec.generator.tests.dll" id="9d50704a-b227-d7a3-39a9-b894a0d5a877">
      <Execution id="1cfc7036-5fd2-4d7b-9193-a007b9a8690b" />
      <TestMethod codeBase="/home/runner/work/typespec/typespec/packages/http-client-csharp/generator/artifacts/bin/Microsoft.TypeSpec.Generator.Tests/Debug/net8.0/Microsoft.TypeSpec.Generator.Tests.dll" adapterTypeName="executor://nunit3testexecutor/" className="Microsoft.TypeSpec.Generator.Tests.Expressions.ValueExpressionTests" name="SystemTypeOperatorTestNotEqual(System.Collections.Generic.IDictionary`2[System.Int32,System.String],System.Collections.Generic.Dictionary`2[System.Int32,System.String])" />
    </UnitTest>
    <UnitTest name="CanChangeModelToAbstract" storage="/home/runner/work/typespec/typespec/packages/http-client-csharp/generator/artifacts/bin/microsoft.typespec.generator.tests/debug/net8.0/microsoft.typespec.generator.tests.dll" id="0a450331-8760-b921-9350-6f9b8db96189">
      <Execution id="e4ce6cac-eeb0-407c-93c0-6967e58d3459" />
      <TestMethod codeBase="/home/runner/work/typespec/typespec/packages/http-client-csharp/generator/artifacts/bin/Microsoft.TypeSpec.Generator.Tests/Debug/net8.0/Microsoft.TypeSpec.Generator.Tests.dll" adapterTypeName="executor://nunit3testexecutor/" className="Microsoft.TypeSpec.Generator.Tests.Providers.ModelProviders.ModelCustomizationTests" name="CanChangeModelToAbstract" />
    </UnitTest>
    <UnitTest name="FormatInFormat" storage="/home/runner/work/typespec/typespec/packages/http-client-csharp/generator/artifacts/bin/microsoft.typespec.generator.tests/debug/net8.0/microsoft.typespec.generator.tests.dll" id="816b2ac7-a43f-4c86-3132-8faeff3af2a9">
      <Execution id="c7246741-8dc0-4fe2-bb0d-44ddc76b39b4" />
      <TestMethod codeBase="/home/runner/work/typespec/typespec/packages/http-client-csharp/generator/artifacts/bin/Microsoft.TypeSpec.Generator.Tests/Debug/net8.0/Microsoft.TypeSpec.Generator.Tests.dll" adapterTypeName="executor://nunit3testexecutor/" className="Microsoft.TypeSpec.Generator.Tests.Writers.CodeWriterTests" name="FormatInFormat" />
    </UnitTest>
    <UnitTest name="TestIsCSharpKeyword(&quot;event&quot;,True)" storage="/home/runner/work/typespec/typespec/packages/http-client-csharp/generator/artifacts/bin/microsoft.typespec.generator.tests/debug/net8.0/microsoft.typespec.generator.tests.dll" id="ac442438-d123-1eb0-fc6e-97447f034152">
      <Execution id="a32c06c2-e3a0-4743-903e-2535b2654390" />
      <TestMethod codeBase="/home/runner/work/typespec/typespec/packages/http-client-csharp/generator/artifacts/bin/Microsoft.TypeSpec.Generator.Tests/Debug/net8.0/Microsoft.TypeSpec.Generator.Tests.dll" adapterTypeName="executor://nunit3testexecutor/" className="Microsoft.TypeSpec.Generator.Tests.Utilities.StringExtensionsTests" name="TestIsCSharpKeyword(&quot;event&quot;,True)" />
    </UnitTest>
    <UnitTest name="CanChangeEnumToExtensibleEnum" storage="/home/runner/work/typespec/typespec/packages/http-client-csharp/generator/artifacts/bin/microsoft.typespec.generator.tests/debug/net8.0/microsoft.typespec.generator.tests.dll" id="ac593a88-6f0a-acc8-69cd-01fa06d80aea">
      <Execution id="3028d9da-3e25-426b-aa23-5bf4d8985d6e" />
      <TestMethod codeBase="/home/runner/work/typespec/typespec/packages/http-client-csharp/generator/artifacts/bin/Microsoft.TypeSpec.Generator.Tests/Debug/net8.0/Microsoft.TypeSpec.Generator.Tests.dll" adapterTypeName="executor://nunit3testexecutor/" className="Microsoft.TypeSpec.Generator.Tests.Providers.ModelProviders.ModelCustomizationTests" name="CanChangeEnumToExtensibleEnum" />
    </UnitTest>
    <UnitTest name="CanCustomizeExtensibleEnumAccessibility" storage="/home/runner/work/typespec/typespec/packages/http-client-csharp/generator/artifacts/bin/microsoft.typespec.generator.tests/debug/net8.0/microsoft.typespec.generator.tests.dll" id="313f1625-01d4-1a17-c4a9-ba74446a7696">
      <Execution id="046e50a5-8229-46e7-b12d-2da1d3a07b90" />
      <TestMethod codeBase="/home/runner/work/typespec/typespec/packages/http-client-csharp/generator/artifacts/bin/Microsoft.TypeSpec.Generator.Tests/Debug/net8.0/Microsoft.TypeSpec.Generator.Tests.dll" adapterTypeName="executor://nunit3testexecutor/" className="Microsoft.TypeSpec.Generator.Tests.Providers.EnumProviders.EnumProviderCustomizationTests" name="CanCustomizeExtensibleEnumAccessibility" />
    </UnitTest>
    <UnitTest name="TestBreakLines_AllLiteralsNoArgsWithCRLF" storage="/home/runner/work/typespec/typespec/packages/http-client-csharp/generator/artifacts/bin/microsoft.typespec.generator.tests/debug/net8.0/microsoft.typespec.generator.tests.dll" id="9f73a637-0534-0960-9ad3-7d40b1e02040">
      <Execution id="e4267b84-dcbc-41a1-940b-aa63da0ec4e4" />
      <TestMethod codeBase="/home/runner/work/typespec/typespec/packages/http-client-csharp/generator/artifacts/bin/Microsoft.TypeSpec.Generator.Tests/Debug/net8.0/Microsoft.TypeSpec.Generator.Tests.dll" adapterTypeName="executor://nunit3testexecutor/" className="Microsoft.TypeSpec.Generator.Tests.Utilities.FormattableStringHelpersTests" name="TestBreakLines_AllLiteralsNoArgsWithCRLF" />
    </UnitTest>
    <UnitTest name="InitCtorShouldNotAssignBaseFieldBothRequired" storage="/home/runner/work/typespec/typespec/packages/http-client-csharp/generator/artifacts/bin/microsoft.typespec.generator.tests/debug/net8.0/microsoft.typespec.generator.tests.dll" id="6076c739-3e10-92f4-3ec4-0352280e9551">
      <Execution id="217a47c4-93d0-4ef0-8433-142027d2b5c0" />
      <TestMethod codeBase="/home/runner/work/typespec/typespec/packages/http-client-csharp/generator/artifacts/bin/Microsoft.TypeSpec.Generator.Tests/Debug/net8.0/Microsoft.TypeSpec.Generator.Tests.dll" adapterTypeName="executor://nunit3testexecutor/" className="Microsoft.TypeSpec.Generator.Tests.Providers.ModelProviders.ModelProviderTests" name="InitCtorShouldNotAssignBaseFieldBothRequired" />
    </UnitTest>
    <UnitTest name="TestIsCSharpKeyword(&quot;dynamic&quot;,False)" storage="/home/runner/work/typespec/typespec/packages/http-client-csharp/generator/artifacts/bin/microsoft.typespec.generator.tests/debug/net8.0/microsoft.typespec.generator.tests.dll" id="852b3365-7284-16fe-f3df-952833d2b770">
      <Execution id="c0f60a73-9885-4c4a-8420-b4622aa1f9cc" />
      <TestMethod codeBase="/home/runner/work/typespec/typespec/packages/http-client-csharp/generator/artifacts/bin/Microsoft.TypeSpec.Generator.Tests/Debug/net8.0/Microsoft.TypeSpec.Generator.Tests.dll" adapterTypeName="executor://nunit3testexecutor/" className="Microsoft.TypeSpec.Generator.Tests.Utilities.StringExtensionsTests" name="TestIsCSharpKeyword(&quot;dynamic&quot;,False)" />
    </UnitTest>
    <UnitTest name="IsList(System.Collections.Generic.IReadOnlyCollection`1[T],False)" storage="/home/runner/work/typespec/typespec/packages/http-client-csharp/generator/artifacts/bin/microsoft.typespec.generator.tests/debug/net8.0/microsoft.typespec.generator.tests.dll" id="2bca310c-6c4d-019b-2536-3cb3e435465c">
      <Execution id="5b89494e-4df8-476a-8281-31a63a4d5188" />
      <TestMethod codeBase="/home/runner/work/typespec/typespec/packages/http-client-csharp/generator/artifacts/bin/Microsoft.TypeSpec.Generator.Tests/Debug/net8.0/Microsoft.TypeSpec.Generator.Tests.dll" adapterTypeName="executor://nunit3testexecutor/" className="Microsoft.TypeSpec.Generator.Tests.Primitives.CSharpTypeTests" name="IsList(System.Collections.Generic.IReadOnlyCollection`1[T],False)" />
    </UnitTest>
    <UnitTest name="BaseShouldHaveDiscriminatorParameter" storage="/home/runner/work/typespec/typespec/packages/http-client-csharp/generator/artifacts/bin/microsoft.typespec.generator.tests/debug/net8.0/microsoft.typespec.generator.tests.dll" id="e58a0d93-6593-9fa6-846c-b3b312bc33fa">
      <Execution id="e6806669-e76b-481b-8271-d73999343e98" />
      <TestMethod codeBase="/home/runner/work/typespec/typespec/packages/http-client-csharp/generator/artifacts/bin/Microsoft.TypeSpec.Generator.Tests/Debug/net8.0/Microsoft.TypeSpec.Generator.Tests.dll" adapterTypeName="executor://nunit3testexecutor/" className="Microsoft.TypeSpec.Generator.Tests.Providers.ModelFactories.DiscriminatorTests" name="BaseShouldHaveDiscriminatorParameter" />
    </UnitTest>
    <UnitTest name="InvalidDocCommentWithCref" storage="/home/runner/work/typespec/typespec/packages/http-client-csharp/generator/artifacts/bin/microsoft.typespec.generator.tests/debug/net8.0/microsoft.typespec.generator.tests.dll" id="fb85973b-8642-8a59-070d-2778a6c01518">
      <Execution id="6cadbca2-8a71-496c-851a-743303b2c592" />
      <TestMethod codeBase="/home/runner/work/typespec/typespec/packages/http-client-csharp/generator/artifacts/bin/Microsoft.TypeSpec.Generator.Tests/Debug/net8.0/Microsoft.TypeSpec.Generator.Tests.dll" adapterTypeName="executor://nunit3testexecutor/" className="Microsoft.TypeSpec.Generator.Tests.Statements.XmlDocStatementTests" name="InvalidDocCommentWithCref" />
    </UnitTest>
    <UnitTest name="SystemTypeOperatorTestNotEqual(System.Collections.Generic.IList`1[System.Int32],System.Collections.Generic.IList`1[T])" storage="/home/runner/work/typespec/typespec/packages/http-client-csharp/generator/artifacts/bin/microsoft.typespec.generator.tests/debug/net8.0/microsoft.typespec.generator.tests.dll" id="56b675d3-d852-6a04-d666-605aa73761b3">
      <Execution id="6ad0d771-b40a-46f9-91d5-ac98463285c5" />
      <TestMethod codeBase="/home/runner/work/typespec/typespec/packages/http-client-csharp/generator/artifacts/bin/Microsoft.TypeSpec.Generator.Tests/Debug/net8.0/Microsoft.TypeSpec.Generator.Tests.dll" adapterTypeName="executor://nunit3testexecutor/" className="Microsoft.TypeSpec.Generator.Tests.Expressions.ValueExpressionTests" name="SystemTypeOperatorTestNotEqual(System.Collections.Generic.IList`1[System.Int32],System.Collections.Generic.IList`1[T])" />
    </UnitTest>
    <UnitTest name="TestWriteArguments" storage="/home/runner/work/typespec/typespec/packages/http-client-csharp/generator/artifacts/bin/microsoft.typespec.generator.tests/debug/net8.0/microsoft.typespec.generator.tests.dll" id="2bf46f67-6735-8fe7-01a5-c799708dd839">
      <Execution id="321afd29-7f78-434c-b383-4f29100dd337" />
      <TestMethod codeBase="/home/runner/work/typespec/typespec/packages/http-client-csharp/generator/artifacts/bin/Microsoft.TypeSpec.Generator.Tests/Debug/net8.0/Microsoft.TypeSpec.Generator.Tests.dll" adapterTypeName="executor://nunit3testexecutor/" className="Microsoft.TypeSpec.Generator.Tests.Writers.CodeWriterTests" name="TestWriteArguments" />
    </UnitTest>
    <UnitTest name="HashCodesAreEqual(System.Collections.Generic.IList`1[T])" storage="/home/runner/work/typespec/typespec/packages/http-client-csharp/generator/artifacts/bin/microsoft.typespec.generator.tests/debug/net8.0/microsoft.typespec.generator.tests.dll" id="e3808a39-6626-04fc-4a46-f479127fa804">
      <Execution id="dba4c7c0-293c-49fe-b5f9-f7efd45f7501" />
      <TestMethod codeBase="/home/runner/work/typespec/typespec/packages/http-client-csharp/generator/artifacts/bin/Microsoft.TypeSpec.Generator.Tests/Debug/net8.0/Microsoft.TypeSpec.Generator.Tests.dll" adapterTypeName="executor://nunit3testexecutor/" className="Microsoft.TypeSpec.Generator.Tests.Primitives.CSharpTypeTests" name="HashCodesAreEqual(System.Collections.Generic.IList`1[T])" />
    </UnitTest>
    <UnitTest name="ValidateParameters(System.Boolean,ScopedApi { Original = KeywordExpression { Keyword = false, Expression =  }, Type = bool })" storage="/home/runner/work/typespec/typespec/packages/http-client-csharp/generator/artifacts/bin/microsoft.typespec.generator.tests/debug/net8.0/microsoft.typespec.generator.tests.dll" id="d8820f6c-b583-54f8-a42b-8e0896c5d242">
      <Execution id="44e95d47-7c12-482f-abd6-05f61f58e0a6" />
      <TestMethod codeBase="/home/runner/work/typespec/typespec/packages/http-client-csharp/generator/artifacts/bin/Microsoft.TypeSpec.Generator.Tests/Debug/net8.0/Microsoft.TypeSpec.Generator.Tests.dll" adapterTypeName="executor://nunit3testexecutor/" className="Microsoft.TypeSpec.Generator.Tests.Providers.NamedTypeSymbolProviders.NamedTypeSymbolProviderTests" name="ValidateParameters(System.Boolean,ScopedApi { Original = KeywordExpression { Keyword = false, Expression =  }, Type = bool })" />
    </UnitTest>
    <UnitTest name="TypesAreNotEqualWhenNullabilityIsDifferent(System.Collections.Generic.IDictionary`2[System.String,System.Nullable`1[System.Int32]])" storage="/home/runner/work/typespec/typespec/packages/http-client-csharp/generator/artifacts/bin/microsoft.typespec.generator.tests/debug/net8.0/microsoft.typespec.generator.tests.dll" id="2b30d78e-2780-638d-4d4e-ad1bdc603ccd">
      <Execution id="06deb56d-4f70-4ed0-9ad0-3581a381dc77" />
      <TestMethod codeBase="/home/runner/work/typespec/typespec/packages/http-client-csharp/generator/artifacts/bin/Microsoft.TypeSpec.Generator.Tests/Debug/net8.0/Microsoft.TypeSpec.Generator.Tests.dll" adapterTypeName="executor://nunit3testexecutor/" className="Microsoft.TypeSpec.Generator.Tests.Primitives.CSharpTypeTests" name="TypesAreNotEqualWhenNullabilityIsDifferent(System.Collections.Generic.IDictionary`2[System.String,System.Nullable`1[System.Int32]])" />
    </UnitTest>
    <UnitTest name="TestIsCSharpKeyword(&quot;as&quot;,True)" storage="/home/runner/work/typespec/typespec/packages/http-client-csharp/generator/artifacts/bin/microsoft.typespec.generator.tests/debug/net8.0/microsoft.typespec.generator.tests.dll" id="fb1051f4-7c0e-47f7-1ca4-457f2fed6fc8">
      <Execution id="bf548472-7a5a-48b9-bdec-32abcf1fbf74" />
      <TestMethod codeBase="/home/runner/work/typespec/typespec/packages/http-client-csharp/generator/artifacts/bin/Microsoft.TypeSpec.Generator.Tests/Debug/net8.0/Microsoft.TypeSpec.Generator.Tests.dll" adapterTypeName="executor://nunit3testexecutor/" className="Microsoft.TypeSpec.Generator.Tests.Utilities.StringExtensionsTests" name="TestIsCSharpKeyword(&quot;as&quot;,True)" />
    </UnitTest>
    <UnitTest name="IfElseStatementWithIfAndElse" storage="/home/runner/work/typespec/typespec/packages/http-client-csharp/generator/artifacts/bin/microsoft.typespec.generator.tests/debug/net8.0/microsoft.typespec.generator.tests.dll" id="0a898da9-dffd-95c1-e7c6-9b21510a6c07">
      <Execution id="1fcb91b5-cd15-40c9-ad54-22c7c6ec3fe5" />
      <TestMethod codeBase="/home/runner/work/typespec/typespec/packages/http-client-csharp/generator/artifacts/bin/Microsoft.TypeSpec.Generator.Tests/Debug/net8.0/Microsoft.TypeSpec.Generator.Tests.dll" adapterTypeName="executor://nunit3testexecutor/" className="Microsoft.TypeSpec.Generator.Tests.Statements.StatementTests" name="IfElseStatementWithIfAndElse" />
    </UnitTest>
    <UnitTest name="TestArrayInitializerExpression" storage="/home/runner/work/typespec/typespec/packages/http-client-csharp/generator/artifacts/bin/microsoft.typespec.generator.tests/debug/net8.0/microsoft.typespec.generator.tests.dll" id="114346b0-fd0c-f14f-c636-286c8a30704e">
      <Execution id="3e6f87fa-9187-4bb2-9c1e-eca136418051" />
      <TestMethod codeBase="/home/runner/work/typespec/typespec/packages/http-client-csharp/generator/artifacts/bin/Microsoft.TypeSpec.Generator.Tests/Debug/net8.0/Microsoft.TypeSpec.Generator.Tests.dll" adapterTypeName="executor://nunit3testexecutor/" className="Microsoft.TypeSpec.Generator.Tests.Expressions.ExpressionsTests" name="TestArrayInitializerExpression" />
    </UnitTest>
    <UnitTest name="TestToApiVersionValue(&quot;V3&quot;,&quot;3&quot;)" storage="/home/runner/work/typespec/typespec/packages/http-client-csharp/generator/artifacts/bin/microsoft.typespec.generator.tests/debug/net8.0/microsoft.typespec.generator.tests.dll" id="ec599911-31c6-a6d9-315e-7655be866ef6">
      <Execution id="28019353-ffa4-48ca-8cb3-bd027f0d46de" />
      <TestMethod codeBase="/home/runner/work/typespec/typespec/packages/http-client-csharp/generator/artifacts/bin/Microsoft.TypeSpec.Generator.Tests/Debug/net8.0/Microsoft.TypeSpec.Generator.Tests.dll" adapterTypeName="executor://nunit3testexecutor/" className="Microsoft.TypeSpec.Generator.Tests.Utilities.StringExtensionsTests" name="TestToApiVersionValue(&quot;V3&quot;,&quot;3&quot;)" />
    </UnitTest>
    <UnitTest name="GetOrderedPluginDlls" storage="/home/runner/work/typespec/typespec/packages/http-client-csharp/generator/artifacts/bin/microsoft.typespec.generator.tests/debug/net8.0/microsoft.typespec.generator.tests.dll" id="da1f5979-147d-33a6-599b-ca19e039d5bc">
      <Execution id="be530292-6e67-40df-b966-47c16a0e6ab9" />
      <TestMethod codeBase="/home/runner/work/typespec/typespec/packages/http-client-csharp/generator/artifacts/bin/Microsoft.TypeSpec.Generator.Tests/Debug/net8.0/Microsoft.TypeSpec.Generator.Tests.dll" adapterTypeName="executor://nunit3testexecutor/" className="Microsoft.TypeSpec.Generator.Tests.StartUp.GeneratorHandlerTests" name="GetOrderedPluginDlls" />
    </UnitTest>
    <UnitTest name="ConstantsShouldNotBeTurnedIntoEnums" storage="/home/runner/work/typespec/typespec/packages/http-client-csharp/generator/artifacts/bin/microsoft.typespec.generator.tests/debug/net8.0/microsoft.typespec.generator.tests.dll" id="48d24184-8e01-c4ac-6f97-2c911c31572e">
      <Execution id="87877337-c850-4cd1-9aa9-5ba5572bfdb3" />
      <TestMethod codeBase="/home/runner/work/typespec/typespec/packages/http-client-csharp/generator/artifacts/bin/Microsoft.TypeSpec.Generator.Tests/Debug/net8.0/Microsoft.TypeSpec.Generator.Tests.dll" adapterTypeName="executor://nunit3testexecutor/" className="Microsoft.TypeSpec.Generator.Tests.OutputLibraryTests" name="ConstantsShouldNotBeTurnedIntoEnums" />
    </UnitTest>
    <UnitTest name="TypesAreEqual(System.Collections.Generic.IDictionary`2[System.String,System.Int32])" storage="/home/runner/work/typespec/typespec/packages/http-client-csharp/generator/artifacts/bin/microsoft.typespec.generator.tests/debug/net8.0/microsoft.typespec.generator.tests.dll" id="ea46db01-4d22-4ba0-0f88-098fd49f94c1">
      <Execution id="0d26e0da-3d45-4cdf-8060-c5b0d802b88a" />
      <TestMethod codeBase="/home/runner/work/typespec/typespec/packages/http-client-csharp/generator/artifacts/bin/Microsoft.TypeSpec.Generator.Tests/Debug/net8.0/Microsoft.TypeSpec.Generator.Tests.dll" adapterTypeName="executor://nunit3testexecutor/" className="Microsoft.TypeSpec.Generator.Tests.Primitives.CSharpTypeTests" name="TypesAreEqual(System.Collections.Generic.IDictionary`2[System.String,System.Int32])" />
    </UnitTest>
    <UnitTest name="ValidateParameters(System.Single,LiteralExpression { Literal = 2.2 })" storage="/home/runner/work/typespec/typespec/packages/http-client-csharp/generator/artifacts/bin/microsoft.typespec.generator.tests/debug/net8.0/microsoft.typespec.generator.tests.dll" id="3d5e263b-51f7-ab2a-f3b8-127bc771666c">
      <Execution id="3c480001-6176-4012-96a7-67ef6bfd4eaf" />
      <TestMethod codeBase="/home/runner/work/typespec/typespec/packages/http-client-csharp/generator/artifacts/bin/Microsoft.TypeSpec.Generator.Tests/Debug/net8.0/Microsoft.TypeSpec.Generator.Tests.dll" adapterTypeName="executor://nunit3testexecutor/" className="Microsoft.TypeSpec.Generator.Tests.Providers.NamedTypeSymbolProviders.NamedTypeSymbolProviderTests" name="ValidateParameters(System.Single,LiteralExpression { Literal = 2.2 })" />
    </UnitTest>
    <UnitTest name="BaseKindPropertyIsNotVirtual" storage="/home/runner/work/typespec/typespec/packages/http-client-csharp/generator/artifacts/bin/microsoft.typespec.generator.tests/debug/net8.0/microsoft.typespec.generator.tests.dll" id="6db4613b-cb5a-a295-9422-b05106c1521b">
      <Execution id="67ec4d19-f2b6-460b-bb58-3fe3083a0ba9" />
      <TestMethod codeBase="/home/runner/work/typespec/typespec/packages/http-client-csharp/generator/artifacts/bin/Microsoft.TypeSpec.Generator.Tests/Debug/net8.0/Microsoft.TypeSpec.Generator.Tests.dll" adapterTypeName="executor://nunit3testexecutor/" className="Microsoft.TypeSpec.Generator.Tests.Providers.ModelProviders.DiscriminatorTests" name="BaseKindPropertyIsNotVirtual" />
    </UnitTest>
    <UnitTest name="TestIsCSharpKeyword(&quot;protected&quot;,True)" storage="/home/runner/work/typespec/typespec/packages/http-client-csharp/generator/artifacts/bin/microsoft.typespec.generator.tests/debug/net8.0/microsoft.typespec.generator.tests.dll" id="2ab45ef2-5a8f-9eb5-ac3d-8a1501facb84">
      <Execution id="0278270f-d819-4861-8fda-e7e8df1e9d5d" />
      <TestMethod codeBase="/home/runner/work/typespec/typespec/packages/http-client-csharp/generator/artifacts/bin/Microsoft.TypeSpec.Generator.Tests/Debug/net8.0/Microsoft.TypeSpec.Generator.Tests.dll" adapterTypeName="executor://nunit3testexecutor/" className="Microsoft.TypeSpec.Generator.Tests.Utilities.StringExtensionsTests" name="TestIsCSharpKeyword(&quot;protected&quot;,True)" />
    </UnitTest>
    <UnitTest name="KeyValuePairExpression(System.Collections.Generic.IDictionary`2[System.Int32,System.String],System.Collections.Generic.Dictionary`2[System.Int32,System.Int32])" storage="/home/runner/work/typespec/typespec/packages/http-client-csharp/generator/artifacts/bin/microsoft.typespec.generator.tests/debug/net8.0/microsoft.typespec.generator.tests.dll" id="6a279228-cef0-ee53-5d2a-fffd8e3d09df">
      <Execution id="80cefa2d-fff1-41b8-a675-ee85ea727d63" />
      <TestMethod codeBase="/home/runner/work/typespec/typespec/packages/http-client-csharp/generator/artifacts/bin/Microsoft.TypeSpec.Generator.Tests/Debug/net8.0/Microsoft.TypeSpec.Generator.Tests.dll" adapterTypeName="executor://nunit3testexecutor/" className="Microsoft.TypeSpec.Generator.Tests.Expressions.KnownValueExpressionsTests" name="KeyValuePairExpression(System.Collections.Generic.IDictionary`2[System.Int32,System.String],System.Collections.Generic.Dictionary`2[System.Int32,System.Int32])" />
    </UnitTest>
    <UnitTest name="BodyHasSetterValidation(&quot;requiredReadOnlyStringPropOnStruct&quot;,Microsoft.TypeSpec.Generator.Input.InputModelType,False,Struct)" storage="/home/runner/work/typespec/typespec/packages/http-client-csharp/generator/artifacts/bin/microsoft.typespec.generator.tests/debug/net8.0/microsoft.typespec.generator.tests.dll" id="522d659a-f9be-7995-e9e5-e4d2d980d8bf">
      <Execution id="fb8576e6-5e2a-4cbd-b0df-3b8e5721b052" />
      <TestMethod codeBase="/home/runner/work/typespec/typespec/packages/http-client-csharp/generator/artifacts/bin/Microsoft.TypeSpec.Generator.Tests/Debug/net8.0/Microsoft.TypeSpec.Generator.Tests.dll" adapterTypeName="executor://nunit3testexecutor/" className="Microsoft.TypeSpec.Generator.Tests.Providers.PropertyProviderTests" name="BodyHasSetterValidation(&quot;requiredReadOnlyStringPropOnStruct&quot;,Microsoft.TypeSpec.Generator.Input.InputModelType,False,Struct)" />
    </UnitTest>
    <UnitTest name="TestIsCSharpKeyword(&quot;throw&quot;,True)" storage="/home/runner/work/typespec/typespec/packages/http-client-csharp/generator/artifacts/bin/microsoft.typespec.generator.tests/debug/net8.0/microsoft.typespec.generator.tests.dll" id="9e872515-5269-fd11-ee3a-0400c7b6cc18">
      <Execution id="c5598e60-f7fd-4c43-85ae-33df4f89cc71" />
      <TestMethod codeBase="/home/runner/work/typespec/typespec/packages/http-client-csharp/generator/artifacts/bin/Microsoft.TypeSpec.Generator.Tests/Debug/net8.0/Microsoft.TypeSpec.Generator.Tests.dll" adapterTypeName="executor://nunit3testexecutor/" className="Microsoft.TypeSpec.Generator.Tests.Utilities.StringExtensionsTests" name="TestIsCSharpKeyword(&quot;throw&quot;,True)" />
    </UnitTest>
    <UnitTest name="CanUpdateMemberExpression" storage="/home/runner/work/typespec/typespec/packages/http-client-csharp/generator/artifacts/bin/microsoft.typespec.generator.tests/debug/net8.0/microsoft.typespec.generator.tests.dll" id="77f7ee0e-886f-f898-6f5d-3b61078bccf6">
      <Execution id="44270c88-f5fc-4089-a067-27626f8f197a" />
      <TestMethod codeBase="/home/runner/work/typespec/typespec/packages/http-client-csharp/generator/artifacts/bin/Microsoft.TypeSpec.Generator.Tests/Debug/net8.0/Microsoft.TypeSpec.Generator.Tests.dll" adapterTypeName="executor://nunit3testexecutor/" className="Microsoft.TypeSpec.Generator.Tests.Expressions.ExpressionVisitorTests" name="CanUpdateMemberExpression" />
    </UnitTest>
    <UnitTest name="TryCatchFinallyStatementWithMultipleCatches" storage="/home/runner/work/typespec/typespec/packages/http-client-csharp/generator/artifacts/bin/microsoft.typespec.generator.tests/debug/net8.0/microsoft.typespec.generator.tests.dll" id="237c61c6-1f2d-6b79-8b65-64735f1ec6bd">
      <Execution id="bdc67d20-eb8f-499e-8761-4904ad1e01d4" />
      <TestMethod codeBase="/home/runner/work/typespec/typespec/packages/http-client-csharp/generator/artifacts/bin/Microsoft.TypeSpec.Generator.Tests/Debug/net8.0/Microsoft.TypeSpec.Generator.Tests.dll" adapterTypeName="executor://nunit3testexecutor/" className="Microsoft.TypeSpec.Generator.Tests.Statements.StatementTests" name="TryCatchFinallyStatementWithMultipleCatches" />
    </UnitTest>
    <UnitTest name="TestIsCSharpKeyword(&quot;while&quot;,True)" storage="/home/runner/work/typespec/typespec/packages/http-client-csharp/generator/artifacts/bin/microsoft.typespec.generator.tests/debug/net8.0/microsoft.typespec.generator.tests.dll" id="75294453-38c3-0103-a312-a963689198db">
      <Execution id="d75869fe-3665-4f54-8b16-5200f5f3f120" />
      <TestMethod codeBase="/home/runner/work/typespec/typespec/packages/http-client-csharp/generator/artifacts/bin/Microsoft.TypeSpec.Generator.Tests/Debug/net8.0/Microsoft.TypeSpec.Generator.Tests.dll" adapterTypeName="executor://nunit3testexecutor/" className="Microsoft.TypeSpec.Generator.Tests.Utilities.StringExtensionsTests" name="TestIsCSharpKeyword(&quot;while&quot;,True)" />
    </UnitTest>
    <UnitTest name="EqualToFrameworkType(System.Collections.Generic.IDictionary`2[TKey,TValue])" storage="/home/runner/work/typespec/typespec/packages/http-client-csharp/generator/artifacts/bin/microsoft.typespec.generator.tests/debug/net8.0/microsoft.typespec.generator.tests.dll" id="eae9acd1-08ab-2e6a-b6e3-33ad1a80573f">
      <Execution id="a0103730-f41c-4beb-b3d9-2ad596173c52" />
      <TestMethod codeBase="/home/runner/work/typespec/typespec/packages/http-client-csharp/generator/artifacts/bin/Microsoft.TypeSpec.Generator.Tests/Debug/net8.0/Microsoft.TypeSpec.Generator.Tests.dll" adapterTypeName="executor://nunit3testexecutor/" className="Microsoft.TypeSpec.Generator.Tests.Primitives.CSharpTypeTests" name="EqualToFrameworkType(System.Collections.Generic.IDictionary`2[TKey,TValue])" />
    </UnitTest>
    <UnitTest name="ValidateNullableTypes(System.Nullable`1[System.Guid],[],True)" storage="/home/runner/work/typespec/typespec/packages/http-client-csharp/generator/artifacts/bin/microsoft.typespec.generator.tests/debug/net8.0/microsoft.typespec.generator.tests.dll" id="18b3de60-28a6-0693-3c77-327be7914558">
      <Execution id="50dd7336-0ddf-41b3-95e7-61f8ffb35c98" />
      <TestMethod codeBase="/home/runner/work/typespec/typespec/packages/http-client-csharp/generator/artifacts/bin/Microsoft.TypeSpec.Generator.Tests/Debug/net8.0/Microsoft.TypeSpec.Generator.Tests.dll" adapterTypeName="executor://nunit3testexecutor/" className="Microsoft.TypeSpec.Generator.Tests.Primitives.CSharpTypeTests" name="ValidateNullableTypes(System.Nullable`1[System.Guid],[],True)" />
    </UnitTest>
    <UnitTest name="SerializationCtorForUnknownTakesDiscriminator" storage="/home/runner/work/typespec/typespec/packages/http-client-csharp/generator/artifacts/bin/microsoft.typespec.generator.tests/debug/net8.0/microsoft.typespec.generator.tests.dll" id="42128f80-2763-b343-717b-a3b1c007eecb">
      <Execution id="832c377d-2c8d-4e8a-8d7c-38fd730f2fb4" />
      <TestMethod codeBase="/home/runner/work/typespec/typespec/packages/http-client-csharp/generator/artifacts/bin/Microsoft.TypeSpec.Generator.Tests/Debug/net8.0/Microsoft.TypeSpec.Generator.Tests.dll" adapterTypeName="executor://nunit3testexecutor/" className="Microsoft.TypeSpec.Generator.Tests.Providers.ModelProviders.DiscriminatorTests" name="SerializationCtorForUnknownTakesDiscriminator" />
    </UnitTest>
    <UnitTest name="CorrectValidationIsAppliedToParameter(Url,False,None)" storage="/home/runner/work/typespec/typespec/packages/http-client-csharp/generator/artifacts/bin/microsoft.typespec.generator.tests/debug/net8.0/microsoft.typespec.generator.tests.dll" id="4d4bf712-4670-0f1f-bf49-a2e97a29ef2e">
      <Execution id="5c7b628a-41fb-44f2-b52d-548b1562da76" />
      <TestMethod codeBase="/home/runner/work/typespec/typespec/packages/http-client-csharp/generator/artifacts/bin/Microsoft.TypeSpec.Generator.Tests/Debug/net8.0/Microsoft.TypeSpec.Generator.Tests.dll" adapterTypeName="executor://nunit3testexecutor/" className="Microsoft.TypeSpec.Generator.Tests.Providers.ParameterProviderTests" name="CorrectValidationIsAppliedToParameter(Url,False,None)" />
    </UnitTest>
    <UnitTest name="CanCallInvokeWithTypeArgs" storage="/home/runner/work/typespec/typespec/packages/http-client-csharp/generator/artifacts/bin/microsoft.typespec.generator.tests/debug/net8.0/microsoft.typespec.generator.tests.dll" id="fc635ae0-ae9b-6db5-4856-13ca6bd520f6">
      <Execution id="262c0570-00c3-4108-9c2a-157feeacc4ba" />
      <TestMethod codeBase="/home/runner/work/typespec/typespec/packages/http-client-csharp/generator/artifacts/bin/Microsoft.TypeSpec.Generator.Tests/Debug/net8.0/Microsoft.TypeSpec.Generator.Tests.dll" adapterTypeName="executor://nunit3testexecutor/" className="Microsoft.TypeSpec.Generator.Tests.Expressions.ValueExpressionTests" name="CanCallInvokeWithTypeArgs" />
    </UnitTest>
    <UnitTest name="CanChangeWhileStatement" storage="/home/runner/work/typespec/typespec/packages/http-client-csharp/generator/artifacts/bin/microsoft.typespec.generator.tests/debug/net8.0/microsoft.typespec.generator.tests.dll" id="33a726c2-b72a-feb7-5786-a21c52f7478c">
      <Execution id="c4eb0429-712f-48e6-9da6-6bbb3f0ca623" />
      <TestMethod codeBase="/home/runner/work/typespec/typespec/packages/http-client-csharp/generator/artifacts/bin/Microsoft.TypeSpec.Generator.Tests/Debug/net8.0/Microsoft.TypeSpec.Generator.Tests.dll" adapterTypeName="executor://nunit3testexecutor/" className="Microsoft.TypeSpec.Generator.Tests.Statements.StatementVisitorTests" name="CanChangeWhileStatement" />
    </UnitTest>
    <UnitTest name="ValidateNullableTypes(System.Nullable`1[Microsoft.TypeSpec.Generator.Tests.Primitives.CSharpTypeTests+TestStruct`1[System.Nullable`1[Microsoft.TypeSpec.Generator.Tests.Primitives.CSharpTypeTests+TestStruct`1[System.Int32]]]],[global::Microsoft.TypeSpec.Generator.Tests.Primitives.CSharpTypeTests.TestStruct&lt;int&gt;?],True)" storage="/home/runner/work/typespec/typespec/packages/http-client-csharp/generator/artifacts/bin/microsoft.typespec.generator.tests/debug/net8.0/microsoft.typespec.generator.tests.dll" id="b47dd208-7232-a7b2-1939-15611c344fe4">
      <Execution id="f9b543db-676e-4883-a01f-b2998ddbeab4" />
      <TestMethod codeBase="/home/runner/work/typespec/typespec/packages/http-client-csharp/generator/artifacts/bin/Microsoft.TypeSpec.Generator.Tests/Debug/net8.0/Microsoft.TypeSpec.Generator.Tests.dll" adapterTypeName="executor://nunit3testexecutor/" className="Microsoft.TypeSpec.Generator.Tests.Primitives.CSharpTypeTests" name="ValidateNullableTypes(System.Nullable`1[Microsoft.TypeSpec.Generator.Tests.Primitives.CSharpTypeTests+TestStruct`1[System.Nullable`1[Microsoft.TypeSpec.Generator.Tests.Primitives.CSharpTypeTests+TestStruct`1[System.Int32]]]],[global::Microsoft.TypeSpec.Generator.Tests.Primitives.CSharpTypeTests.TestStruct&lt;int&gt;?],True)" />
    </UnitTest>
    <UnitTest name="CodeGenMemberAttributeEmitted" storage="/home/runner/work/typespec/typespec/packages/http-client-csharp/generator/artifacts/bin/microsoft.typespec.generator.tests/debug/net8.0/microsoft.typespec.generator.tests.dll" id="b92fe475-11af-e5d9-4e0f-6f5ce83c386e">
      <Execution id="e31e9fa3-a47e-497c-9146-8d8534ebcea9" />
      <TestMethod codeBase="/home/runner/work/typespec/typespec/packages/http-client-csharp/generator/artifacts/bin/Microsoft.TypeSpec.Generator.Tests/Debug/net8.0/Microsoft.TypeSpec.Generator.Tests.dll" adapterTypeName="executor://nunit3testexecutor/" className="Microsoft.TypeSpec.Generator.Tests.CustomizationAttributeTests" name="CodeGenMemberAttributeEmitted" />
    </UnitTest>
    <UnitTest name="TypesAreNotEqual(System.Collections.Generic.IDictionary`2[System.Collections.Generic.IDictionary`2[System.Int32,System.String],System.Collections.Generic.IDictionary`2[System.String,System.Int32]],System.Collections.Generic.IDictionary`2[System.Collections.Generic.IDictionary`2[System.String,System.Int32],System.Collections.Generic.IDictionary`2[System.String,System.Int32]])" storage="/home/runner/work/typespec/typespec/packages/http-client-csharp/generator/artifacts/bin/microsoft.typespec.generator.tests/debug/net8.0/microsoft.typespec.generator.tests.dll" id="88560383-7a45-4a35-1f88-1bd254fd94a7">
      <Execution id="c0b6683c-98cf-4b25-9e89-397aa65faf19" />
      <TestMethod codeBase="/home/runner/work/typespec/typespec/packages/http-client-csharp/generator/artifacts/bin/Microsoft.TypeSpec.Generator.Tests/Debug/net8.0/Microsoft.TypeSpec.Generator.Tests.dll" adapterTypeName="executor://nunit3testexecutor/" className="Microsoft.TypeSpec.Generator.Tests.Primitives.CSharpTypeTests" name="TypesAreNotEqual(System.Collections.Generic.IDictionary`2[System.Collections.Generic.IDictionary`2[System.Int32,System.String],System.Collections.Generic.IDictionary`2[System.String,System.Int32]],System.Collections.Generic.IDictionary`2[System.Collections.Generic.IDictionary`2[System.String,System.Int32],System.Collections.Generic.IDictionary`2[System.String,System.Int32]])" />
    </UnitTest>
    <UnitTest name="UndefinedByDefault" storage="/home/runner/work/typespec/typespec/packages/http-client-csharp/generator/artifacts/bin/microsoft.typespec.generator.tests/debug/net8.0/microsoft.typespec.generator.tests.dll" id="2e841bb7-e17f-2666-0014-ab34cba60f28">
      <Execution id="bdaf951e-757e-46ee-af05-35f6cc4dc8b7" />
      <TestMethod codeBase="/home/runner/work/typespec/typespec/packages/http-client-csharp/generator/artifacts/bin/Microsoft.TypeSpec.Generator.Tests/Debug/net8.0/Microsoft.TypeSpec.Generator.Tests.dll" adapterTypeName="executor://nunit3testexecutor/" className="Microsoft.TypeSpec.Generator.Tests.Providers.ChangeTrackingDictionaryTest" name="UndefinedByDefault" />
    </UnitTest>
    <UnitTest name="PropertyInitializationType_ReadOnlyMemory" storage="/home/runner/work/typespec/typespec/packages/http-client-csharp/generator/artifacts/bin/microsoft.typespec.generator.tests/debug/net8.0/microsoft.typespec.generator.tests.dll" id="7c3fdd62-4e56-8c23-4c82-22dddd3e2da0">
      <Execution id="20473ec4-7632-491a-9492-d5463acf59c0" />
      <TestMethod codeBase="/home/runner/work/typespec/typespec/packages/http-client-csharp/generator/artifacts/bin/Microsoft.TypeSpec.Generator.Tests/Debug/net8.0/Microsoft.TypeSpec.Generator.Tests.dll" adapterTypeName="executor://nunit3testexecutor/" className="Microsoft.TypeSpec.Generator.Tests.Primitives.CSharpTypeTests" name="PropertyInitializationType_ReadOnlyMemory" />
    </UnitTest>
    <UnitTest name="DictionaryExpression(System.Collections.Generic.IList`1[System.Int32],System.Collections.Generic.IList`1[System.String])" storage="/home/runner/work/typespec/typespec/packages/http-client-csharp/generator/artifacts/bin/microsoft.typespec.generator.tests/debug/net8.0/microsoft.typespec.generator.tests.dll" id="028837c7-ad39-d1f0-5344-2d64886044c8">
      <Execution id="a80c098d-93f8-409a-bb8d-428ff0180b13" />
      <TestMethod codeBase="/home/runner/work/typespec/typespec/packages/http-client-csharp/generator/artifacts/bin/Microsoft.TypeSpec.Generator.Tests/Debug/net8.0/Microsoft.TypeSpec.Generator.Tests.dll" adapterTypeName="executor://nunit3testexecutor/" className="Microsoft.TypeSpec.Generator.Tests.Expressions.KnownValueExpressionsTests" name="DictionaryExpression(System.Collections.Generic.IList`1[System.Int32],System.Collections.Generic.IList`1[System.String])" />
    </UnitTest>
    <UnitTest name="IsReadWriteList(System.Collections.Generic.ICollection`1[T],True)" storage="/home/runner/work/typespec/typespec/packages/http-client-csharp/generator/artifacts/bin/microsoft.typespec.generator.tests/debug/net8.0/microsoft.typespec.generator.tests.dll" id="e8fcf8fd-c75a-f604-1183-86082f314579">
      <Execution id="4d93cb3c-15f0-4e0d-93ca-5317a163d191" />
      <TestMethod codeBase="/home/runner/work/typespec/typespec/packages/http-client-csharp/generator/artifacts/bin/Microsoft.TypeSpec.Generator.Tests/Debug/net8.0/Microsoft.TypeSpec.Generator.Tests.dll" adapterTypeName="executor://nunit3testexecutor/" className="Microsoft.TypeSpec.Generator.Tests.Primitives.CSharpTypeTests" name="IsReadWriteList(System.Collections.Generic.ICollection`1[T],True)" />
    </UnitTest>
    <UnitTest name="TestIsCSharpKeyword(&quot;const&quot;,True)" storage="/home/runner/work/typespec/typespec/packages/http-client-csharp/generator/artifacts/bin/microsoft.typespec.generator.tests/debug/net8.0/microsoft.typespec.generator.tests.dll" id="23a391d0-ab70-8eb8-4b45-9d92a8568c29">
      <Execution id="f26c25d3-7bb8-419a-ba59-3f7e29fe0a51" />
      <TestMethod codeBase="/home/runner/work/typespec/typespec/packages/http-client-csharp/generator/artifacts/bin/Microsoft.TypeSpec.Generator.Tests/Debug/net8.0/Microsoft.TypeSpec.Generator.Tests.dll" adapterTypeName="executor://nunit3testexecutor/" className="Microsoft.TypeSpec.Generator.Tests.Utilities.StringExtensionsTests" name="TestIsCSharpKeyword(&quot;const&quot;,True)" />
    </UnitTest>
    <UnitTest name="BackCompat_PrereleaseApiVersionsAdded" storage="/home/runner/work/typespec/typespec/packages/http-client-csharp/generator/artifacts/bin/microsoft.typespec.generator.tests/debug/net8.0/microsoft.typespec.generator.tests.dll" id="c62acbd5-f5ca-70bc-9003-eefbff2dbd95">
      <Execution id="3ef0e038-e065-42ef-b442-3b065b759948" />
      <TestMethod codeBase="/home/runner/work/typespec/typespec/packages/http-client-csharp/generator/artifacts/bin/Microsoft.TypeSpec.Generator.Tests/Debug/net8.0/Microsoft.TypeSpec.Generator.Tests.dll" adapterTypeName="executor://nunit3testexecutor/" className="Microsoft.TypeSpec.Generator.Tests.Providers.EnumProviders.ApiVersionEnumProviderTests" name="BackCompat_PrereleaseApiVersionsAdded" />
    </UnitTest>
    <UnitTest name="IsReadWriteDictionary(System.Int32,False)" storage="/home/runner/work/typespec/typespec/packages/http-client-csharp/generator/artifacts/bin/microsoft.typespec.generator.tests/debug/net8.0/microsoft.typespec.generator.tests.dll" id="f93f42bb-5da8-211b-13aa-634298979707">
      <Execution id="81c7ab07-ee84-4f05-ae6f-a7d289fb5cd9" />
      <TestMethod codeBase="/home/runner/work/typespec/typespec/packages/http-client-csharp/generator/artifacts/bin/Microsoft.TypeSpec.Generator.Tests/Debug/net8.0/Microsoft.TypeSpec.Generator.Tests.dll" adapterTypeName="executor://nunit3testexecutor/" className="Microsoft.TypeSpec.Generator.Tests.Primitives.CSharpTypeTests" name="IsReadWriteDictionary(System.Int32,False)" />
    </UnitTest>
    <UnitTest name="SeeCRefType(System.Int32,False)" storage="/home/runner/work/typespec/typespec/packages/http-client-csharp/generator/artifacts/bin/microsoft.typespec.generator.tests/debug/net8.0/microsoft.typespec.generator.tests.dll" id="9ba4b360-4393-bee9-6b8f-bd1ee1dd20e9">
      <Execution id="46b66353-857f-43e8-95d9-8049463a0ee2" />
      <TestMethod codeBase="/home/runner/work/typespec/typespec/packages/http-client-csharp/generator/artifacts/bin/Microsoft.TypeSpec.Generator.Tests/Debug/net8.0/Microsoft.TypeSpec.Generator.Tests.dll" adapterTypeName="executor://nunit3testexecutor/" className="Microsoft.TypeSpec.Generator.Tests.Writers.CodeWriterTests" name="SeeCRefType(System.Int32,False)" />
    </UnitTest>
    <UnitTest name="CanChangeInvokeMethodExpression" storage="/home/runner/work/typespec/typespec/packages/http-client-csharp/generator/artifacts/bin/microsoft.typespec.generator.tests/debug/net8.0/microsoft.typespec.generator.tests.dll" id="0d3b2ab8-ddbb-e697-1229-88a5d0c6e9c5">
      <Execution id="9c601d5a-6684-4ff5-ad6b-681977aa6938" />
      <TestMethod codeBase="/home/runner/work/typespec/typespec/packages/http-client-csharp/generator/artifacts/bin/Microsoft.TypeSpec.Generator.Tests/Debug/net8.0/Microsoft.TypeSpec.Generator.Tests.dll" adapterTypeName="executor://nunit3testexecutor/" className="Microsoft.TypeSpec.Generator.Tests.Expressions.ExpressionVisitorTests" name="CanChangeInvokeMethodExpression" />
    </UnitTest>
    <UnitTest name="TestIsCSharpKeyword(&quot;string&quot;,True)" storage="/home/runner/work/typespec/typespec/packages/http-client-csharp/generator/artifacts/bin/microsoft.typespec.generator.tests/debug/net8.0/microsoft.typespec.generator.tests.dll" id="00bb520d-7eb6-d24c-9557-f3fca3618123">
      <Execution id="016b9d36-c64a-4114-bc9d-761c16dbc5ee" />
      <TestMethod codeBase="/home/runner/work/typespec/typespec/packages/http-client-csharp/generator/artifacts/bin/Microsoft.TypeSpec.Generator.Tests/Debug/net8.0/Microsoft.TypeSpec.Generator.Tests.dll" adapterTypeName="executor://nunit3testexecutor/" className="Microsoft.TypeSpec.Generator.Tests.Utilities.StringExtensionsTests" name="TestIsCSharpKeyword(&quot;string&quot;,True)" />
    </UnitTest>
    <UnitTest name="KeyValuePairExpression(System.Collections.Generic.IList`1[System.Int32],System.Collections.Generic.ICollection`1[System.Int32])" storage="/home/runner/work/typespec/typespec/packages/http-client-csharp/generator/artifacts/bin/microsoft.typespec.generator.tests/debug/net8.0/microsoft.typespec.generator.tests.dll" id="e38d521a-d8ef-d897-1466-b34349cd481c">
      <Execution id="388ac491-7ebb-4e3f-adaa-20d156301966" />
      <TestMethod codeBase="/home/runner/work/typespec/typespec/packages/http-client-csharp/generator/artifacts/bin/Microsoft.TypeSpec.Generator.Tests/Debug/net8.0/Microsoft.TypeSpec.Generator.Tests.dll" adapterTypeName="executor://nunit3testexecutor/" className="Microsoft.TypeSpec.Generator.Tests.Expressions.KnownValueExpressionsTests" name="KeyValuePairExpression(System.Collections.Generic.IList`1[System.Int32],System.Collections.Generic.ICollection`1[System.Int32])" />
    </UnitTest>
    <UnitTest name="XmlDocForParameterWithInvalidIdentifierName(&quot;@what&quot;)" storage="/home/runner/work/typespec/typespec/packages/http-client-csharp/generator/artifacts/bin/microsoft.typespec.generator.tests/debug/net8.0/microsoft.typespec.generator.tests.dll" id="88b8d77b-9173-60f5-1ba8-e590c04c1ba2">
      <Execution id="4281bc7b-dd8e-42d2-b2a7-954e9a0c4412" />
      <TestMethod codeBase="/home/runner/work/typespec/typespec/packages/http-client-csharp/generator/artifacts/bin/Microsoft.TypeSpec.Generator.Tests/Debug/net8.0/Microsoft.TypeSpec.Generator.Tests.dll" adapterTypeName="executor://nunit3testexecutor/" className="Microsoft.TypeSpec.Generator.Tests.Statements.XmlDocParamStatementTests" name="XmlDocForParameterWithInvalidIdentifierName(&quot;@what&quot;)" />
    </UnitTest>
    <UnitTest name="TestIsCSharpKeyword(&quot;into&quot;,True)" storage="/home/runner/work/typespec/typespec/packages/http-client-csharp/generator/artifacts/bin/microsoft.typespec.generator.tests/debug/net8.0/microsoft.typespec.generator.tests.dll" id="9d42c549-bb49-ff20-8f38-9140741be034">
      <Execution id="ca785ccb-a529-4c80-ad81-0cd5a93ba4dc" />
      <TestMethod codeBase="/home/runner/work/typespec/typespec/packages/http-client-csharp/generator/artifacts/bin/Microsoft.TypeSpec.Generator.Tests/Debug/net8.0/Microsoft.TypeSpec.Generator.Tests.dll" adapterTypeName="executor://nunit3testexecutor/" className="Microsoft.TypeSpec.Generator.Tests.Utilities.StringExtensionsTests" name="TestIsCSharpKeyword(&quot;into&quot;,True)" />
    </UnitTest>
    <UnitTest name="IsList(System.Collections.Generic.IEnumerable`1[T],True)" storage="/home/runner/work/typespec/typespec/packages/http-client-csharp/generator/artifacts/bin/microsoft.typespec.generator.tests/debug/net8.0/microsoft.typespec.generator.tests.dll" id="44f3642a-9a44-e5e0-4d9a-8317e240098a">
      <Execution id="987e860f-5810-40e6-b1d0-d4d7bbe59ca1" />
      <TestMethod codeBase="/home/runner/work/typespec/typespec/packages/http-client-csharp/generator/artifacts/bin/Microsoft.TypeSpec.Generator.Tests/Debug/net8.0/Microsoft.TypeSpec.Generator.Tests.dll" adapterTypeName="executor://nunit3testexecutor/" className="Microsoft.TypeSpec.Generator.Tests.Primitives.CSharpTypeTests" name="IsList(System.Collections.Generic.IEnumerable`1[T],True)" />
    </UnitTest>
    <UnitTest name="TestParseConfig_OutputFolder(&quot;{\n                    \&quot;package-name\&quot;: \&quot;libraryName\&quot;\n                }&quot;,True)" storage="/home/runner/work/typespec/typespec/packages/http-client-csharp/generator/artifacts/bin/microsoft.typespec.generator.tests/debug/net8.0/microsoft.typespec.generator.tests.dll" id="7c12a820-76ca-f90c-b690-f1efcde03290">
      <Execution id="f6eb2c59-a7fc-439b-a1c2-2fe43db5ab68" />
      <TestMethod codeBase="/home/runner/work/typespec/typespec/packages/http-client-csharp/generator/artifacts/bin/Microsoft.TypeSpec.Generator.Tests/Debug/net8.0/Microsoft.TypeSpec.Generator.Tests.dll" adapterTypeName="executor://nunit3testexecutor/" className="Microsoft.TypeSpec.Generator.Tests.ConfigurationTests" name="TestParseConfig_OutputFolder(&quot;{\n                    \&quot;package-name\&quot;: \&quot;libraryName\&quot;\n                }&quot;,True)" />
    </UnitTest>
    <UnitTest name="CodeWriter_WriteField" storage="/home/runner/work/typespec/typespec/packages/http-client-csharp/generator/artifacts/bin/microsoft.typespec.generator.tests/debug/net8.0/microsoft.typespec.generator.tests.dll" id="6b3b85a7-b6db-ea59-f47e-9c3b44b6ea78">
      <Execution id="f4b6372e-c7e7-4afd-8db5-362f700542da" />
      <TestMethod codeBase="/home/runner/work/typespec/typespec/packages/http-client-csharp/generator/artifacts/bin/Microsoft.TypeSpec.Generator.Tests/Debug/net8.0/Microsoft.TypeSpec.Generator.Tests.dll" adapterTypeName="executor://nunit3testexecutor/" className="Microsoft.TypeSpec.Generator.Tests.Writers.CodeWriterTests" name="CodeWriter_WriteField" />
    </UnitTest>
    <UnitTest name="ValueTypeHasNoValidation(Microsoft.TypeSpec.Generator.Input.InputPrimitiveType)" storage="/home/runner/work/typespec/typespec/packages/http-client-csharp/generator/artifacts/bin/microsoft.typespec.generator.tests/debug/net8.0/microsoft.typespec.generator.tests.dll" id="adb48672-2eac-7363-7f29-632c9a4e67c2">
      <Execution id="ca74a9ac-7483-4f73-8dbe-ad7bf61cd459" />
      <TestMethod codeBase="/home/runner/work/typespec/typespec/packages/http-client-csharp/generator/artifacts/bin/Microsoft.TypeSpec.Generator.Tests/Debug/net8.0/Microsoft.TypeSpec.Generator.Tests.dll" adapterTypeName="executor://nunit3testexecutor/" className="Microsoft.TypeSpec.Generator.Tests.Providers.ParameterProviderTests" name="ValueTypeHasNoValidation(Microsoft.TypeSpec.Generator.Input.InputPrimitiveType)" />
    </UnitTest>
    <UnitTest name="BuildEnumType_ValidateIntBasedExtensibleEnum()" storage="/home/runner/work/typespec/typespec/packages/http-client-csharp/generator/artifacts/bin/microsoft.typespec.generator.tests/debug/net8.0/microsoft.typespec.generator.tests.dll" id="3da57dc7-1aa2-af9c-2b93-fecb846d2a04">
      <Execution id="aaaca23a-f14a-4fec-b67e-1ab8961fa0e7" />
      <TestMethod codeBase="/home/runner/work/typespec/typespec/packages/http-client-csharp/generator/artifacts/bin/Microsoft.TypeSpec.Generator.Tests/Debug/net8.0/Microsoft.TypeSpec.Generator.Tests.dll" adapterTypeName="executor://nunit3testexecutor/" className="Microsoft.TypeSpec.Generator.Tests.Providers.EnumProviderTests" name="BuildEnumType_ValidateIntBasedExtensibleEnum()" />
    </UnitTest>
    <UnitTest name="InvalidPropertyDocsThrows" storage="/home/runner/work/typespec/typespec/packages/http-client-csharp/generator/artifacts/bin/microsoft.typespec.generator.tests/debug/net8.0/microsoft.typespec.generator.tests.dll" id="90f09ce4-a85b-f50e-1814-72145292da2d">
      <Execution id="54a196b6-c933-4b3b-8704-db1be92d1a18" />
      <TestMethod codeBase="/home/runner/work/typespec/typespec/packages/http-client-csharp/generator/artifacts/bin/Microsoft.TypeSpec.Generator.Tests/Debug/net8.0/Microsoft.TypeSpec.Generator.Tests.dll" adapterTypeName="executor://nunit3testexecutor/" className="Microsoft.TypeSpec.Generator.Tests.Providers.NamedTypeSymbolProviders.XmlDocsTests" name="InvalidPropertyDocsThrows" />
    </UnitTest>
    <UnitTest name="TestAdditionalPropertiesPropertyNamesAndAccessors" storage="/home/runner/work/typespec/typespec/packages/http-client-csharp/generator/artifacts/bin/microsoft.typespec.generator.tests/debug/net8.0/microsoft.typespec.generator.tests.dll" id="c8c67187-0fbb-2f54-b6f1-3a6d5e156fac">
      <Execution id="83d668b3-5911-46bb-bcdf-7532d02fd04b" />
      <TestMethod codeBase="/home/runner/work/typespec/typespec/packages/http-client-csharp/generator/artifacts/bin/Microsoft.TypeSpec.Generator.Tests/Debug/net8.0/Microsoft.TypeSpec.Generator.Tests.dll" adapterTypeName="executor://nunit3testexecutor/" className="Microsoft.TypeSpec.Generator.Tests.Providers.ModelProviders.ModelProviderTests" name="TestAdditionalPropertiesPropertyNamesAndAccessors" />
    </UnitTest>
    <UnitTest name="CanUpdateTypeProvider" storage="/home/runner/work/typespec/typespec/packages/http-client-csharp/generator/artifacts/bin/microsoft.typespec.generator.tests/debug/net8.0/microsoft.typespec.generator.tests.dll" id="85df4eb4-d835-924f-a189-abc8eacc8831">
      <Execution id="ac987b25-7aa3-4016-aaa4-ed2ac3e8539a" />
      <TestMethod codeBase="/home/runner/work/typespec/typespec/packages/http-client-csharp/generator/artifacts/bin/Microsoft.TypeSpec.Generator.Tests/Debug/net8.0/Microsoft.TypeSpec.Generator.Tests.dll" adapterTypeName="executor://nunit3testexecutor/" className="Microsoft.TypeSpec.Generator.Tests.Providers.TypeProviderTests" name="CanUpdateTypeProvider" />
    </UnitTest>
    <UnitTest name="TestToApiVersionMemberName(&quot;V1.0.0&quot;,&quot;V1_0_0&quot;)" storage="/home/runner/work/typespec/typespec/packages/http-client-csharp/generator/artifacts/bin/microsoft.typespec.generator.tests/debug/net8.0/microsoft.typespec.generator.tests.dll" id="869fadce-b516-c257-0c95-62752d314964">
      <Execution id="b88a0f34-d689-483f-a38d-3dbe5768dc74" />
      <TestMethod codeBase="/home/runner/work/typespec/typespec/packages/http-client-csharp/generator/artifacts/bin/Microsoft.TypeSpec.Generator.Tests/Debug/net8.0/Microsoft.TypeSpec.Generator.Tests.dll" adapterTypeName="executor://nunit3testexecutor/" className="Microsoft.TypeSpec.Generator.Tests.Utilities.StringExtensionsTests" name="TestToApiVersionMemberName(&quot;V1.0.0&quot;,&quot;V1_0_0&quot;)" />
    </UnitTest>
    <UnitTest name="TestCSharpGen_ValidGenerator" storage="/home/runner/work/typespec/typespec/packages/http-client-csharp/generator/artifacts/bin/microsoft.typespec.generator.tests/debug/net8.0/microsoft.typespec.generator.tests.dll" id="9603258b-9293-f1c7-573c-f9bb95b92fab">
      <Execution id="907bdb3d-6494-465f-a572-2f90ebdab188" />
      <TestMethod codeBase="/home/runner/work/typespec/typespec/packages/http-client-csharp/generator/artifacts/bin/Microsoft.TypeSpec.Generator.Tests/Debug/net8.0/Microsoft.TypeSpec.Generator.Tests.dll" adapterTypeName="executor://nunit3testexecutor/" className="Microsoft.TypeSpec.Generator.Tests.CSharpGenTests" name="TestCSharpGen_ValidGenerator" />
    </UnitTest>
    <UnitTest name="TestIsCSharpKeyword(&quot;remove&quot;,True)" storage="/home/runner/work/typespec/typespec/packages/http-client-csharp/generator/artifacts/bin/microsoft.typespec.generator.tests/debug/net8.0/microsoft.typespec.generator.tests.dll" id="9c2c1bd9-2a2a-c166-0951-28f8ec3b71c2">
      <Execution id="e080f53a-c307-44a7-ae86-17b7fa6e9844" />
      <TestMethod codeBase="/home/runner/work/typespec/typespec/packages/http-client-csharp/generator/artifacts/bin/Microsoft.TypeSpec.Generator.Tests/Debug/net8.0/Microsoft.TypeSpec.Generator.Tests.dll" adapterTypeName="executor://nunit3testexecutor/" className="Microsoft.TypeSpec.Generator.Tests.Utilities.StringExtensionsTests" name="TestIsCSharpKeyword(&quot;remove&quot;,True)" />
    </UnitTest>
    <UnitTest name="TestToApiVersionValue(&quot;V3_0&quot;,&quot;3-0&quot;)" storage="/home/runner/work/typespec/typespec/packages/http-client-csharp/generator/artifacts/bin/microsoft.typespec.generator.tests/debug/net8.0/microsoft.typespec.generator.tests.dll" id="d78fd4cb-df66-5873-0931-c2673f628faa">
      <Execution id="787a01b2-f956-498d-8ce0-01d79b2cbcec" />
      <TestMethod codeBase="/home/runner/work/typespec/typespec/packages/http-client-csharp/generator/artifacts/bin/Microsoft.TypeSpec.Generator.Tests/Debug/net8.0/Microsoft.TypeSpec.Generator.Tests.dll" adapterTypeName="executor://nunit3testexecutor/" className="Microsoft.TypeSpec.Generator.Tests.Utilities.StringExtensionsTests" name="TestToApiVersionValue(&quot;V3_0&quot;,&quot;3-0&quot;)" />
    </UnitTest>
    <UnitTest name="TestBreakLines_TrivialFormatSpecifier" storage="/home/runner/work/typespec/typespec/packages/http-client-csharp/generator/artifacts/bin/microsoft.typespec.generator.tests/debug/net8.0/microsoft.typespec.generator.tests.dll" id="60dd2445-e8bb-0222-1da7-aff558a8ae4d">
      <Execution id="47885ea5-3b3a-45ad-88db-52bd081123f4" />
      <TestMethod codeBase="/home/runner/work/typespec/typespec/packages/http-client-csharp/generator/artifacts/bin/Microsoft.TypeSpec.Generator.Tests/Debug/net8.0/Microsoft.TypeSpec.Generator.Tests.dll" adapterTypeName="executor://nunit3testexecutor/" className="Microsoft.TypeSpec.Generator.Tests.Utilities.FormattableStringHelpersTests" name="TestBreakLines_TrivialFormatSpecifier" />
    </UnitTest>
    <UnitTest name="ListExpression(System.Collections.Generic.IDictionary`2[System.String,System.Int32])" storage="/home/runner/work/typespec/typespec/packages/http-client-csharp/generator/artifacts/bin/microsoft.typespec.generator.tests/debug/net8.0/microsoft.typespec.generator.tests.dll" id="b080ddbc-74ae-fb36-8466-9ecac9193025">
      <Execution id="98db8ef1-b063-4c61-8b0c-d624419a5093" />
      <TestMethod codeBase="/home/runner/work/typespec/typespec/packages/http-client-csharp/generator/artifacts/bin/Microsoft.TypeSpec.Generator.Tests/Debug/net8.0/Microsoft.TypeSpec.Generator.Tests.dll" adapterTypeName="executor://nunit3testexecutor/" className="Microsoft.TypeSpec.Generator.Tests.Expressions.KnownValueExpressionsTests" name="ListExpression(System.Collections.Generic.IDictionary`2[System.String,System.Int32])" />
    </UnitTest>
    <UnitTest name="Write_Override" storage="/home/runner/work/typespec/typespec/packages/http-client-csharp/generator/artifacts/bin/microsoft.typespec.generator.tests/debug/net8.0/microsoft.typespec.generator.tests.dll" id="076a8002-6416-8c57-eb7c-5d7cc84b56ad">
      <Execution id="79f881da-9d42-4991-a836-eb2a50b5a3e3" />
      <TestMethod codeBase="/home/runner/work/typespec/typespec/packages/http-client-csharp/generator/artifacts/bin/Microsoft.TypeSpec.Generator.Tests/Debug/net8.0/Microsoft.TypeSpec.Generator.Tests.dll" adapterTypeName="executor://nunit3testexecutor/" className="Microsoft.TypeSpec.Generator.Tests.Writers.TypeProviderWriterTests" name="Write_Override" />
    </UnitTest>
    <UnitTest name="HashCodesAreNotEqual(System.Int32,System.Collections.Generic.IList`1[T])" storage="/home/runner/work/typespec/typespec/packages/http-client-csharp/generator/artifacts/bin/microsoft.typespec.generator.tests/debug/net8.0/microsoft.typespec.generator.tests.dll" id="4f1d847e-f0c4-8e4c-8126-90a2523dd339">
      <Execution id="4e283e76-6031-4b80-a21d-b46cbb380cae" />
      <TestMethod codeBase="/home/runner/work/typespec/typespec/packages/http-client-csharp/generator/artifacts/bin/Microsoft.TypeSpec.Generator.Tests/Debug/net8.0/Microsoft.TypeSpec.Generator.Tests.dll" adapterTypeName="executor://nunit3testexecutor/" className="Microsoft.TypeSpec.Generator.Tests.Primitives.CSharpTypeTests" name="HashCodesAreNotEqual(System.Int32,System.Collections.Generic.IList`1[T])" />
    </UnitTest>
    <UnitTest name="VerifyPropertyCanBeLoaded" storage="/home/runner/work/typespec/typespec/packages/http-client-csharp/generator/artifacts/bin/microsoft.typespec.generator.tests/debug/net8.0/microsoft.typespec.generator.tests.dll" id="fac61793-0a59-5f51-54da-13b08eaee73e">
      <Execution id="7c20cd1c-69ac-43cf-935f-b405d5726db5" />
      <TestMethod codeBase="/home/runner/work/typespec/typespec/packages/http-client-csharp/generator/artifacts/bin/Microsoft.TypeSpec.Generator.Tests/Debug/net8.0/Microsoft.TypeSpec.Generator.Tests.dll" adapterTypeName="executor://nunit3testexecutor/" className="Microsoft.TypeSpec.Generator.Tests.Providers.NamedTypeSymbolProviders.InterfaceTests" name="VerifyPropertyCanBeLoaded" />
    </UnitTest>
    <UnitTest name="TypesWithDifferentDeclaringTypesAreNotEqual" storage="/home/runner/work/typespec/typespec/packages/http-client-csharp/generator/artifacts/bin/microsoft.typespec.generator.tests/debug/net8.0/microsoft.typespec.generator.tests.dll" id="9b3cfa10-15f6-641d-d610-9fb90dcc2420">
      <Execution id="65cbc7d7-748d-406b-a686-b797383b8bd5" />
      <TestMethod codeBase="/home/runner/work/typespec/typespec/packages/http-client-csharp/generator/artifacts/bin/Microsoft.TypeSpec.Generator.Tests/Debug/net8.0/Microsoft.TypeSpec.Generator.Tests.dll" adapterTypeName="executor://nunit3testexecutor/" className="Microsoft.TypeSpec.Generator.Tests.Primitives.CSharpTypeTests" name="TypesWithDifferentDeclaringTypesAreNotEqual" />
    </UnitTest>
    <UnitTest name="TestBuildModelWithNonBodyPropertyKinds" storage="/home/runner/work/typespec/typespec/packages/http-client-csharp/generator/artifacts/bin/microsoft.typespec.generator.tests/debug/net8.0/microsoft.typespec.generator.tests.dll" id="ea284939-9f63-406e-d9b3-5d8dcdf48b5d">
      <Execution id="267550c1-c114-4cab-ab96-9acd60142d72" />
      <TestMethod codeBase="/home/runner/work/typespec/typespec/packages/http-client-csharp/generator/artifacts/bin/Microsoft.TypeSpec.Generator.Tests/Debug/net8.0/Microsoft.TypeSpec.Generator.Tests.dll" adapterTypeName="executor://nunit3testexecutor/" className="Microsoft.TypeSpec.Generator.Tests.Providers.ModelProviders.ModelProviderTests" name="TestBuildModelWithNonBodyPropertyKinds" />
    </UnitTest>
    <UnitTest name="NotEqualToFrameworkType(System.Collections.Generic.IDictionary`2[System.Int32,System.String],System.Collections.Generic.Dictionary`2[System.Int32,System.String])" storage="/home/runner/work/typespec/typespec/packages/http-client-csharp/generator/artifacts/bin/microsoft.typespec.generator.tests/debug/net8.0/microsoft.typespec.generator.tests.dll" id="b73775d0-ec90-51db-86a9-2842703c350a">
      <Execution id="ec7a9578-71a2-40dd-93e5-67f1bd7e824f" />
      <TestMethod codeBase="/home/runner/work/typespec/typespec/packages/http-client-csharp/generator/artifacts/bin/Microsoft.TypeSpec.Generator.Tests/Debug/net8.0/Microsoft.TypeSpec.Generator.Tests.dll" adapterTypeName="executor://nunit3testexecutor/" className="Microsoft.TypeSpec.Generator.Tests.Primitives.CSharpTypeTests" name="NotEqualToFrameworkType(System.Collections.Generic.IDictionary`2[System.Int32,System.String],System.Collections.Generic.Dictionary`2[System.Int32,System.String])" />
    </UnitTest>
    <UnitTest name="TestParseConfig_LibraryName(&quot;{\n                    \&quot;output-folder\&quot;: \&quot;outputFolder\&quot;,\n                    \&quot;package-name\&quot;: \&quot;libraryName\&quot;,\n                }&quot;,False)" storage="/home/runner/work/typespec/typespec/packages/http-client-csharp/generator/artifacts/bin/microsoft.typespec.generator.tests/debug/net8.0/microsoft.typespec.generator.tests.dll" id="54de8916-5b62-ba46-e8c2-27c2d49d182d">
      <Execution id="329bb7a5-b93f-43d2-aec2-19b17b02927c" />
      <TestMethod codeBase="/home/runner/work/typespec/typespec/packages/http-client-csharp/generator/artifacts/bin/Microsoft.TypeSpec.Generator.Tests/Debug/net8.0/Microsoft.TypeSpec.Generator.Tests.dll" adapterTypeName="executor://nunit3testexecutor/" className="Microsoft.TypeSpec.Generator.Tests.ConfigurationTests" name="TestParseConfig_LibraryName(&quot;{\n                    \&quot;output-folder\&quot;: \&quot;outputFolder\&quot;,\n                    \&quot;package-name\&quot;: \&quot;libraryName\&quot;,\n                }&quot;,False)" />
    </UnitTest>
    <UnitTest name="IsReadWriteDictionary(System.ReadOnlyMemory`1[T],False)" storage="/home/runner/work/typespec/typespec/packages/http-client-csharp/generator/artifacts/bin/microsoft.typespec.generator.tests/debug/net8.0/microsoft.typespec.generator.tests.dll" id="45b3490f-cb67-0cb2-9ab2-cc2e9dd5a232">
      <Execution id="a6df6e60-32f3-4ed1-94fe-aacc8ba100d1" />
      <TestMethod codeBase="/home/runner/work/typespec/typespec/packages/http-client-csharp/generator/artifacts/bin/Microsoft.TypeSpec.Generator.Tests/Debug/net8.0/Microsoft.TypeSpec.Generator.Tests.dll" adapterTypeName="executor://nunit3testexecutor/" className="Microsoft.TypeSpec.Generator.Tests.Primitives.CSharpTypeTests" name="IsReadWriteDictionary(System.ReadOnlyMemory`1[T],False)" />
    </UnitTest>
    <UnitTest name="CanChangeIfStatement" storage="/home/runner/work/typespec/typespec/packages/http-client-csharp/generator/artifacts/bin/microsoft.typespec.generator.tests/debug/net8.0/microsoft.typespec.generator.tests.dll" id="f4f2bfbe-d51e-17bb-1c22-7669c0e25469">
      <Execution id="d7c759dc-06f2-4fa9-a811-b8499815d515" />
      <TestMethod codeBase="/home/runner/work/typespec/typespec/packages/http-client-csharp/generator/artifacts/bin/Microsoft.TypeSpec.Generator.Tests/Debug/net8.0/Microsoft.TypeSpec.Generator.Tests.dll" adapterTypeName="executor://nunit3testexecutor/" className="Microsoft.TypeSpec.Generator.Tests.Statements.StatementVisitorTests" name="CanChangeIfStatement" />
    </UnitTest>
    <UnitTest name="Equals(Microsoft.TypeSpec.Generator.Providers.ParameterProvider,null,False)" storage="/home/runner/work/typespec/typespec/packages/http-client-csharp/generator/artifacts/bin/microsoft.typespec.generator.tests/debug/net8.0/microsoft.typespec.generator.tests.dll" id="6bf34791-b2a0-872b-bf4c-b106d34dc5b0">
      <Execution id="2ec25474-7547-4e8e-b478-d52cf0484660" />
      <TestMethod codeBase="/home/runner/work/typespec/typespec/packages/http-client-csharp/generator/artifacts/bin/Microsoft.TypeSpec.Generator.Tests/Debug/net8.0/Microsoft.TypeSpec.Generator.Tests.dll" adapterTypeName="executor://nunit3testexecutor/" className="Microsoft.TypeSpec.Generator.Tests.Providers.ParameterProviderTests" name="Equals(Microsoft.TypeSpec.Generator.Providers.ParameterProvider,null,False)" />
    </UnitTest>
    <UnitTest name="IntSerializationFormat(UInt8,&quot;string&quot;)" storage="/home/runner/work/typespec/typespec/packages/http-client-csharp/generator/artifacts/bin/microsoft.typespec.generator.tests/debug/net8.0/microsoft.typespec.generator.tests.dll" id="aba21fba-3a83-b83e-3067-7a92c86f8cc1">
      <Execution id="7e8cf253-4cc8-442d-bcc1-09c711a0025b" />
      <TestMethod codeBase="/home/runner/work/typespec/typespec/packages/http-client-csharp/generator/artifacts/bin/Microsoft.TypeSpec.Generator.Tests/Debug/net8.0/Microsoft.TypeSpec.Generator.Tests.dll" adapterTypeName="executor://nunit3testexecutor/" className="Microsoft.TypeSpec.Generator.Tests.TypeFactoryTests" name="IntSerializationFormat(UInt8,&quot;string&quot;)" />
    </UnitTest>
    <UnitTest name="TypesAreNotEqual(System.Collections.Generic.IList`1[System.Int32],System.Int32)" storage="/home/runner/work/typespec/typespec/packages/http-client-csharp/generator/artifacts/bin/microsoft.typespec.generator.tests/debug/net8.0/microsoft.typespec.generator.tests.dll" id="314ed5eb-05ef-f064-7467-995a31d3e7f4">
      <Execution id="56c16b19-f9b2-4c78-a915-111994092a3d" />
      <TestMethod codeBase="/home/runner/work/typespec/typespec/packages/http-client-csharp/generator/artifacts/bin/Microsoft.TypeSpec.Generator.Tests/Debug/net8.0/Microsoft.TypeSpec.Generator.Tests.dll" adapterTypeName="executor://nunit3testexecutor/" className="Microsoft.TypeSpec.Generator.Tests.Primitives.CSharpTypeTests" name="TypesAreNotEqual(System.Collections.Generic.IList`1[System.Int32],System.Int32)" />
    </UnitTest>
    <UnitTest name="VerifyTupleExpressionWithRef" storage="/home/runner/work/typespec/typespec/packages/http-client-csharp/generator/artifacts/bin/microsoft.typespec.generator.tests/debug/net8.0/microsoft.typespec.generator.tests.dll" id="c344cf1e-4a6e-3e26-a891-220afb7b43b7">
      <Execution id="c09b442d-3e30-440f-9826-87586d75adc9" />
      <TestMethod codeBase="/home/runner/work/typespec/typespec/packages/http-client-csharp/generator/artifacts/bin/Microsoft.TypeSpec.Generator.Tests/Debug/net8.0/Microsoft.TypeSpec.Generator.Tests.dll" adapterTypeName="executor://nunit3testexecutor/" className="Microsoft.TypeSpec.Generator.Tests.Expressions.TupleExpressionTests" name="VerifyTupleExpressionWithRef" />
    </UnitTest>
    <UnitTest name="TypesAreNotEqual(System.Collections.Generic.IList`1[T],System.Collections.Generic.IList`1[System.Int32])" storage="/home/runner/work/typespec/typespec/packages/http-client-csharp/generator/artifacts/bin/microsoft.typespec.generator.tests/debug/net8.0/microsoft.typespec.generator.tests.dll" id="6dc31423-c6e1-1e58-72ce-34561ebc651b">
      <Execution id="ca3762f6-1bc1-497d-8640-4d2a0fe6cee3" />
      <TestMethod codeBase="/home/runner/work/typespec/typespec/packages/http-client-csharp/generator/artifacts/bin/Microsoft.TypeSpec.Generator.Tests/Debug/net8.0/Microsoft.TypeSpec.Generator.Tests.dll" adapterTypeName="executor://nunit3testexecutor/" className="Microsoft.TypeSpec.Generator.Tests.Primitives.CSharpTypeTests" name="TypesAreNotEqual(System.Collections.Generic.IList`1[T],System.Collections.Generic.IList`1[System.Int32])" />
    </UnitTest>
    <UnitTest name="TestBuildAdditionalProperties(Microsoft.TypeSpec.Generator.Input.InputModelType,False,2)" storage="/home/runner/work/typespec/typespec/packages/http-client-csharp/generator/artifacts/bin/microsoft.typespec.generator.tests/debug/net8.0/microsoft.typespec.generator.tests.dll" id="5535077b-880b-c2d9-2b4e-7f8cf6d1bf0a">
      <Execution id="645d667e-6905-45e4-b39b-4706413d2267" />
      <TestMethod codeBase="/home/runner/work/typespec/typespec/packages/http-client-csharp/generator/artifacts/bin/Microsoft.TypeSpec.Generator.Tests/Debug/net8.0/Microsoft.TypeSpec.Generator.Tests.dll" adapterTypeName="executor://nunit3testexecutor/" className="Microsoft.TypeSpec.Generator.Tests.Providers.ModelProviders.ModelProviderTests" name="TestBuildAdditionalProperties(Microsoft.TypeSpec.Generator.Input.InputModelType,False,2)" />
    </UnitTest>
    <UnitTest name="TestIsCSharpKeyword(&quot;partial&quot;,True)" storage="/home/runner/work/typespec/typespec/packages/http-client-csharp/generator/artifacts/bin/microsoft.typespec.generator.tests/debug/net8.0/microsoft.typespec.generator.tests.dll" id="c182167c-eed5-d433-5f05-9b16b5f214d2">
      <Execution id="a28547f8-1246-4574-9b5f-2872e6f3ff2c" />
      <TestMethod codeBase="/home/runner/work/typespec/typespec/packages/http-client-csharp/generator/artifacts/bin/Microsoft.TypeSpec.Generator.Tests/Debug/net8.0/Microsoft.TypeSpec.Generator.Tests.dll" adapterTypeName="executor://nunit3testexecutor/" className="Microsoft.TypeSpec.Generator.Tests.Utilities.StringExtensionsTests" name="TestIsCSharpKeyword(&quot;partial&quot;,True)" />
    </UnitTest>
    <UnitTest name="PropertyInitializationType_List(System.Collections.Generic.IList`1[T])" storage="/home/runner/work/typespec/typespec/packages/http-client-csharp/generator/artifacts/bin/microsoft.typespec.generator.tests/debug/net8.0/microsoft.typespec.generator.tests.dll" id="02b2ecf0-344b-f2d8-9989-75e3a6ad38f1">
      <Execution id="9b66027e-9ed8-4f0f-a78e-1f399604ba16" />
      <TestMethod codeBase="/home/runner/work/typespec/typespec/packages/http-client-csharp/generator/artifacts/bin/Microsoft.TypeSpec.Generator.Tests/Debug/net8.0/Microsoft.TypeSpec.Generator.Tests.dll" adapterTypeName="executor://nunit3testexecutor/" className="Microsoft.TypeSpec.Generator.Tests.Primitives.CSharpTypeTests" name="PropertyInitializationType_List(System.Collections.Generic.IList`1[T])" />
    </UnitTest>
    <UnitTest name="ScopeStoredTwiceInSkippedNestedBlock" storage="/home/runner/work/typespec/typespec/packages/http-client-csharp/generator/artifacts/bin/microsoft.typespec.generator.tests/debug/net8.0/microsoft.typespec.generator.tests.dll" id="84c06b8b-8cb9-f6cb-e4e2-8264159a20ad">
      <Execution id="96be5023-50eb-4634-a00b-ea881ec0a11e" />
      <TestMethod codeBase="/home/runner/work/typespec/typespec/packages/http-client-csharp/generator/artifacts/bin/Microsoft.TypeSpec.Generator.Tests/Debug/net8.0/Microsoft.TypeSpec.Generator.Tests.dll" adapterTypeName="executor://nunit3testexecutor/" className="Microsoft.TypeSpec.Generator.Tests.Writers.CodeWriterDeclarationTests" name="ScopeStoredTwiceInSkippedNestedBlock" />
    </UnitTest>
    <UnitTest name="ValidateNullableTypes(Microsoft.TypeSpec.Generator.Tests.Primitives.CSharpTypeTests+TestStruct`1[Microsoft.TypeSpec.Generator.Tests.Primitives.CSharpTypeTests+TestStruct`1[System.Int32]],[global::Microsoft.TypeSpec.Generator.Tests.Primitives.CSharpTypeTests.TestStruct&lt;int&gt;],False)" storage="/home/runner/work/typespec/typespec/packages/http-client-csharp/generator/artifacts/bin/microsoft.typespec.generator.tests/debug/net8.0/microsoft.typespec.generator.tests.dll" id="63bda76b-9897-fc88-3daa-45c6aeb71a3f">
      <Execution id="52a869b9-6b05-404c-81cd-c633ad988394" />
      <TestMethod codeBase="/home/runner/work/typespec/typespec/packages/http-client-csharp/generator/artifacts/bin/Microsoft.TypeSpec.Generator.Tests/Debug/net8.0/Microsoft.TypeSpec.Generator.Tests.dll" adapterTypeName="executor://nunit3testexecutor/" className="Microsoft.TypeSpec.Generator.Tests.Primitives.CSharpTypeTests" name="ValidateNullableTypes(Microsoft.TypeSpec.Generator.Tests.Primitives.CSharpTypeTests+TestStruct`1[Microsoft.TypeSpec.Generator.Tests.Primitives.CSharpTypeTests+TestStruct`1[System.Int32]],[global::Microsoft.TypeSpec.Generator.Tests.Primitives.CSharpTypeTests.TestStruct&lt;int&gt;],False)" />
    </UnitTest>
    <UnitTest name="TestToApiVersionValueWithPrefixAndSeparator(&quot;V1_2_3&quot;,&quot;v&quot;,&quot;_&quot;,&quot;v1_2_3&quot;)" storage="/home/runner/work/typespec/typespec/packages/http-client-csharp/generator/artifacts/bin/microsoft.typespec.generator.tests/debug/net8.0/microsoft.typespec.generator.tests.dll" id="6b9d4dd7-60b6-0173-a67f-30594f6b04fd">
      <Execution id="a8047559-3b70-4329-bf75-791dfadd8f38" />
      <TestMethod codeBase="/home/runner/work/typespec/typespec/packages/http-client-csharp/generator/artifacts/bin/Microsoft.TypeSpec.Generator.Tests/Debug/net8.0/Microsoft.TypeSpec.Generator.Tests.dll" adapterTypeName="executor://nunit3testexecutor/" className="Microsoft.TypeSpec.Generator.Tests.Utilities.StringExtensionsTests" name="TestToApiVersionValueWithPrefixAndSeparator(&quot;V1_2_3&quot;,&quot;v&quot;,&quot;_&quot;,&quot;v1_2_3&quot;)" />
    </UnitTest>
    <UnitTest name="ListExpression(System.String)" storage="/home/runner/work/typespec/typespec/packages/http-client-csharp/generator/artifacts/bin/microsoft.typespec.generator.tests/debug/net8.0/microsoft.typespec.generator.tests.dll" id="b3824d22-3e00-1c68-500f-810bf79cb1ce">
      <Execution id="c659ef89-cde7-4f19-8183-752d60b7b121" />
      <TestMethod codeBase="/home/runner/work/typespec/typespec/packages/http-client-csharp/generator/artifacts/bin/Microsoft.TypeSpec.Generator.Tests/Debug/net8.0/Microsoft.TypeSpec.Generator.Tests.dll" adapterTypeName="executor://nunit3testexecutor/" className="Microsoft.TypeSpec.Generator.Tests.Expressions.KnownValueExpressionsTests" name="ListExpression(System.String)" />
    </UnitTest>
    <UnitTest name="NoExtensionMethods" storage="/home/runner/work/typespec/typespec/packages/http-client-csharp/generator/artifacts/bin/microsoft.typespec.generator.tests/debug/net8.0/microsoft.typespec.generator.tests.dll" id="8f58d932-596f-8a50-3cdc-61d496c37322">
      <Execution id="44d4f057-fe44-47b7-b44d-3d7b7458bad2" />
      <TestMethod codeBase="/home/runner/work/typespec/typespec/packages/http-client-csharp/generator/artifacts/bin/Microsoft.TypeSpec.Generator.Tests/Debug/net8.0/Microsoft.TypeSpec.Generator.Tests.dll" adapterTypeName="executor://nunit3testexecutor/" className="Microsoft.TypeSpec.Generator.Tests.Writers.CodeWriterExtensionTests" name="NoExtensionMethods" />
    </UnitTest>
    <UnitTest name="Dict_Defined_ReturnsTrue" storage="/home/runner/work/typespec/typespec/packages/http-client-csharp/generator/artifacts/bin/microsoft.typespec.generator.tests/debug/net8.0/microsoft.typespec.generator.tests.dll" id="0e4a4fd7-6670-968d-49ed-29500bf79202">
      <Execution id="6d61b788-af74-449e-bfc8-b2d0e3f5d847" />
      <TestMethod codeBase="/home/runner/work/typespec/typespec/packages/http-client-csharp/generator/artifacts/bin/Microsoft.TypeSpec.Generator.Tests/Debug/net8.0/Microsoft.TypeSpec.Generator.Tests.dll" adapterTypeName="executor://nunit3testexecutor/" className="Microsoft.TypeSpec.Generator.Tests.Providers.OptionalTests" name="Dict_Defined_ReturnsTrue" />
    </UnitTest>
    <UnitTest name="SystemTypeOperatorTestNotEqual(System.Collections.Generic.IDictionary`2[System.Int32,System.String],System.Collections.Generic.Dictionary`2[TKey,TValue])" storage="/home/runner/work/typespec/typespec/packages/http-client-csharp/generator/artifacts/bin/microsoft.typespec.generator.tests/debug/net8.0/microsoft.typespec.generator.tests.dll" id="4227ff06-9010-e871-ce9c-b32ecf923096">
      <Execution id="832972ae-8ec0-476d-8375-6cb8e716308c" />
      <TestMethod codeBase="/home/runner/work/typespec/typespec/packages/http-client-csharp/generator/artifacts/bin/Microsoft.TypeSpec.Generator.Tests/Debug/net8.0/Microsoft.TypeSpec.Generator.Tests.dll" adapterTypeName="executor://nunit3testexecutor/" className="Microsoft.TypeSpec.Generator.Tests.Expressions.ValueExpressionTests" name="SystemTypeOperatorTestNotEqual(System.Collections.Generic.IDictionary`2[System.Int32,System.String],System.Collections.Generic.Dictionary`2[TKey,TValue])" />
    </UnitTest>
    <UnitTest name="BuildPropertyDescription(Microsoft.TypeSpec.Generator.Input.InputModelProperty,global::System.Collections.Generic.IDictionary&lt;string, string&gt;)" storage="/home/runner/work/typespec/typespec/packages/http-client-csharp/generator/artifacts/bin/microsoft.typespec.generator.tests/debug/net8.0/microsoft.typespec.generator.tests.dll" id="b250ea56-6610-6e43-ecb1-15681dd59882">
      <Execution id="e176867d-59ba-4928-b91e-087f1fbfe863" />
      <TestMethod codeBase="/home/runner/work/typespec/typespec/packages/http-client-csharp/generator/artifacts/bin/Microsoft.TypeSpec.Generator.Tests/Debug/net8.0/Microsoft.TypeSpec.Generator.Tests.dll" adapterTypeName="executor://nunit3testexecutor/" className="Microsoft.TypeSpec.Generator.Tests.Providers.PropertyDescriptionTests" name="BuildPropertyDescription(Microsoft.TypeSpec.Generator.Input.InputModelProperty,global::System.Collections.Generic.IDictionary&lt;string, string&gt;)" />
    </UnitTest>
    <UnitTest name="BodyHasSetterValidation(&quot;intOnInputModel&quot;,Microsoft.TypeSpec.Generator.Input.InputModelType,True,null)" storage="/home/runner/work/typespec/typespec/packages/http-client-csharp/generator/artifacts/bin/microsoft.typespec.generator.tests/debug/net8.0/microsoft.typespec.generator.tests.dll" id="9f21cc6d-6a39-c32d-7707-7dd3e59ad042">
      <Execution id="273302dd-cc47-4eff-bb7e-178b23d0a284" />
      <TestMethod codeBase="/home/runner/work/typespec/typespec/packages/http-client-csharp/generator/artifacts/bin/Microsoft.TypeSpec.Generator.Tests/Debug/net8.0/Microsoft.TypeSpec.Generator.Tests.dll" adapterTypeName="executor://nunit3testexecutor/" className="Microsoft.TypeSpec.Generator.Tests.Providers.PropertyProviderTests" name="BodyHasSetterValidation(&quot;intOnInputModel&quot;,Microsoft.TypeSpec.Generator.Input.InputModelType,True,null)" />
    </UnitTest>
    <UnitTest name="IntSerializationFormat(UInt16,&quot;string&quot;)" storage="/home/runner/work/typespec/typespec/packages/http-client-csharp/generator/artifacts/bin/microsoft.typespec.generator.tests/debug/net8.0/microsoft.typespec.generator.tests.dll" id="8aade108-d007-6038-7bea-48f8a2d9146b">
      <Execution id="5c3e8146-1edb-4c89-bd04-8e14bdd1a5d5" />
      <TestMethod codeBase="/home/runner/work/typespec/typespec/packages/http-client-csharp/generator/artifacts/bin/Microsoft.TypeSpec.Generator.Tests/Debug/net8.0/Microsoft.TypeSpec.Generator.Tests.dll" adapterTypeName="executor://nunit3testexecutor/" className="Microsoft.TypeSpec.Generator.Tests.TypeFactoryTests" name="IntSerializationFormat(UInt16,&quot;string&quot;)" />
    </UnitTest>
    <UnitTest name="IntSerializationFormat(UInt64,&quot;string&quot;)" storage="/home/runner/work/typespec/typespec/packages/http-client-csharp/generator/artifacts/bin/microsoft.typespec.generator.tests/debug/net8.0/microsoft.typespec.generator.tests.dll" id="1770c101-c981-d8e8-6bf9-47ebaaeb1a16">
      <Execution id="af0aecb4-bafa-448f-8c7e-ee1af92ee288" />
      <TestMethod codeBase="/home/runner/work/typespec/typespec/packages/http-client-csharp/generator/artifacts/bin/Microsoft.TypeSpec.Generator.Tests/Debug/net8.0/Microsoft.TypeSpec.Generator.Tests.dll" adapterTypeName="executor://nunit3testexecutor/" className="Microsoft.TypeSpec.Generator.Tests.TypeFactoryTests" name="IntSerializationFormat(UInt64,&quot;string&quot;)" />
    </UnitTest>
    <UnitTest name="DictionaryExpression(System.Collections.Generic.IDictionary`2[System.Int32,System.String],System.Collections.Generic.Dictionary`2[TKey,TValue])" storage="/home/runner/work/typespec/typespec/packages/http-client-csharp/generator/artifacts/bin/microsoft.typespec.generator.tests/debug/net8.0/microsoft.typespec.generator.tests.dll" id="a14b4a97-4047-fba6-27cb-72dd2783ad1d">
      <Execution id="13f1c34a-9a15-450a-8b5b-55439c32f9fb" />
      <TestMethod codeBase="/home/runner/work/typespec/typespec/packages/http-client-csharp/generator/artifacts/bin/Microsoft.TypeSpec.Generator.Tests/Debug/net8.0/Microsoft.TypeSpec.Generator.Tests.dll" adapterTypeName="executor://nunit3testexecutor/" className="Microsoft.TypeSpec.Generator.Tests.Expressions.KnownValueExpressionsTests" name="DictionaryExpression(System.Collections.Generic.IDictionary`2[System.Int32,System.String],System.Collections.Generic.Dictionary`2[TKey,TValue])" />
    </UnitTest>
    <UnitTest name="ForStatementWithAddMethod" storage="/home/runner/work/typespec/typespec/packages/http-client-csharp/generator/artifacts/bin/microsoft.typespec.generator.tests/debug/net8.0/microsoft.typespec.generator.tests.dll" id="6f3c6e12-9b74-aadd-c68d-32108b90a62a">
      <Execution id="eb13af7e-949c-4c66-938b-2f9b25bf5010" />
      <TestMethod codeBase="/home/runner/work/typespec/typespec/packages/http-client-csharp/generator/artifacts/bin/Microsoft.TypeSpec.Generator.Tests/Debug/net8.0/Microsoft.TypeSpec.Generator.Tests.dll" adapterTypeName="executor://nunit3testexecutor/" className="Microsoft.TypeSpec.Generator.Tests.Statements.StatementTests" name="ForStatementWithAddMethod" />
    </UnitTest>
    <UnitTest name="ValidatePropertyTypes(System.Collections.Generic.IList`1[Microsoft.TypeSpec.Generator.Tests.Providers.NamedTypeSymbolProviders.NamedTypeSymbolProviderTests+SomeEnum])" storage="/home/runner/work/typespec/typespec/packages/http-client-csharp/generator/artifacts/bin/microsoft.typespec.generator.tests/debug/net8.0/microsoft.typespec.generator.tests.dll" id="796e2043-ae75-c474-f100-7651f640179d">
      <Execution id="cb733e0e-81f7-4efd-b021-f909ff5e8b34" />
      <TestMethod codeBase="/home/runner/work/typespec/typespec/packages/http-client-csharp/generator/artifacts/bin/Microsoft.TypeSpec.Generator.Tests/Debug/net8.0/Microsoft.TypeSpec.Generator.Tests.dll" adapterTypeName="executor://nunit3testexecutor/" className="Microsoft.TypeSpec.Generator.Tests.Providers.NamedTypeSymbolProviders.NamedTypeSymbolProviderTests" name="ValidatePropertyTypes(System.Collections.Generic.IList`1[Microsoft.TypeSpec.Generator.Tests.Providers.NamedTypeSymbolProviders.NamedTypeSymbolProviderTests+SomeEnum])" />
    </UnitTest>
    <UnitTest name="TypesAreEqualForGenericTypes(System.Collections.Generic.IReadOnlyList`1[T],[System.String])" storage="/home/runner/work/typespec/typespec/packages/http-client-csharp/generator/artifacts/bin/microsoft.typespec.generator.tests/debug/net8.0/microsoft.typespec.generator.tests.dll" id="c7a0c7b3-9846-2a4b-b8bb-61d83e352bfb">
      <Execution id="6f2bcdcf-3e65-43c7-a53f-ef08196bed7b" />
      <TestMethod codeBase="/home/runner/work/typespec/typespec/packages/http-client-csharp/generator/artifacts/bin/Microsoft.TypeSpec.Generator.Tests/Debug/net8.0/Microsoft.TypeSpec.Generator.Tests.dll" adapterTypeName="executor://nunit3testexecutor/" className="Microsoft.TypeSpec.Generator.Tests.Primitives.CSharpTypeTests" name="TypesAreEqualForGenericTypes(System.Collections.Generic.IReadOnlyList`1[T],[System.String])" />
    </UnitTest>
    <UnitTest name="TestCancellationTokenEnumerator()" storage="/home/runner/work/typespec/typespec/packages/http-client-csharp/generator/artifacts/bin/microsoft.typespec.generator.tests/debug/net8.0/microsoft.typespec.generator.tests.dll" id="d671edcd-436b-332e-33a1-90b451097361">
      <Execution id="bf6e2056-0f31-4c7e-afe1-9a951e6adbd2" />
      <TestMethod codeBase="/home/runner/work/typespec/typespec/packages/http-client-csharp/generator/artifacts/bin/Microsoft.TypeSpec.Generator.Tests/Debug/net8.0/Microsoft.TypeSpec.Generator.Tests.dll" adapterTypeName="executor://nunit3testexecutor/" className="Microsoft.TypeSpec.Generator.Tests.Primitives.KnownParametersTests" name="TestCancellationTokenEnumerator()" />
    </UnitTest>
    <UnitTest name="CanUpdateVariableExpression" storage="/home/runner/work/typespec/typespec/packages/http-client-csharp/generator/artifacts/bin/microsoft.typespec.generator.tests/debug/net8.0/microsoft.typespec.generator.tests.dll" id="60e89033-289b-6c28-2165-4ca101b6fc5d">
      <Execution id="0f77f10f-4180-4dc4-bacc-04e90cfa7248" />
      <TestMethod codeBase="/home/runner/work/typespec/typespec/packages/http-client-csharp/generator/artifacts/bin/Microsoft.TypeSpec.Generator.Tests/Debug/net8.0/Microsoft.TypeSpec.Generator.Tests.dll" adapterTypeName="executor://nunit3testexecutor/" className="Microsoft.TypeSpec.Generator.Tests.Expressions.ExpressionVisitorTests" name="CanUpdateVariableExpression" />
    </UnitTest>
    <UnitTest name="ValidateInstance" storage="/home/runner/work/typespec/typespec/packages/http-client-csharp/generator/artifacts/bin/microsoft.typespec.generator.tests/debug/net8.0/microsoft.typespec.generator.tests.dll" id="2717c16e-7d4e-6367-c2b5-b4d663618cf6">
      <Execution id="9afd1f13-e181-4557-85f0-c6dc885ff7b2" />
      <TestMethod codeBase="/home/runner/work/typespec/typespec/packages/http-client-csharp/generator/artifacts/bin/Microsoft.TypeSpec.Generator.Tests/Debug/net8.0/Microsoft.TypeSpec.Generator.Tests.dll" adapterTypeName="executor://nunit3testexecutor/" className="Microsoft.TypeSpec.Generator.Tests.Snippets.SnippetTests" name="ValidateInstance" />
    </UnitTest>
    <UnitTest name="BaseDoesNotHaveDiscriminatorField" storage="/home/runner/work/typespec/typespec/packages/http-client-csharp/generator/artifacts/bin/microsoft.typespec.generator.tests/debug/net8.0/microsoft.typespec.generator.tests.dll" id="70673848-d263-54b7-60e9-b610268cc307">
      <Execution id="31901603-7f4a-45dc-8eaa-abea1a7f8fa7" />
      <TestMethod codeBase="/home/runner/work/typespec/typespec/packages/http-client-csharp/generator/artifacts/bin/Microsoft.TypeSpec.Generator.Tests/Debug/net8.0/Microsoft.TypeSpec.Generator.Tests.dll" adapterTypeName="executor://nunit3testexecutor/" className="Microsoft.TypeSpec.Generator.Tests.Providers.ModelProviders.DiscriminatorTests" name="BaseDoesNotHaveDiscriminatorField" />
    </UnitTest>
    <UnitTest name="TestAttributes" storage="/home/runner/work/typespec/typespec/packages/http-client-csharp/generator/artifacts/bin/microsoft.typespec.generator.tests/debug/net8.0/microsoft.typespec.generator.tests.dll" id="f95f54b0-b26c-1837-7e7c-6d7991c125cc">
      <Execution id="a34ee0a1-3858-4184-a676-a3da20dd763a" />
      <TestMethod codeBase="/home/runner/work/typespec/typespec/packages/http-client-csharp/generator/artifacts/bin/Microsoft.TypeSpec.Generator.Tests/Debug/net8.0/Microsoft.TypeSpec.Generator.Tests.dll" adapterTypeName="executor://nunit3testexecutor/" className="Microsoft.TypeSpec.Generator.Tests.Providers.PropertyProviderTests" name="TestAttributes" />
    </UnitTest>
    <UnitTest name="SingleLineSummaryWithLineBreaks" storage="/home/runner/work/typespec/typespec/packages/http-client-csharp/generator/artifacts/bin/microsoft.typespec.generator.tests/debug/net8.0/microsoft.typespec.generator.tests.dll" id="002574d2-7793-d63b-b71c-bb7a382ebec7">
      <Execution id="83381d0f-a5c4-43b8-b01d-d8b032cc0695" />
      <TestMethod codeBase="/home/runner/work/typespec/typespec/packages/http-client-csharp/generator/artifacts/bin/Microsoft.TypeSpec.Generator.Tests/Debug/net8.0/Microsoft.TypeSpec.Generator.Tests.dll" adapterTypeName="executor://nunit3testexecutor/" className="Microsoft.TypeSpec.Generator.Tests.Writers.CodeWriterTests" name="SingleLineSummaryWithLineBreaks" />
    </UnitTest>
    <UnitTest name="TestIsCSharpKeyword(&quot;private&quot;,True)" storage="/home/runner/work/typespec/typespec/packages/http-client-csharp/generator/artifacts/bin/microsoft.typespec.generator.tests/debug/net8.0/microsoft.typespec.generator.tests.dll" id="aebbc01e-bae2-2ac6-3cb2-b6b2aee8eb37">
      <Execution id="4acd4a4c-d546-45c7-ae39-9012a5e7f543" />
      <TestMethod codeBase="/home/runner/work/typespec/typespec/packages/http-client-csharp/generator/artifacts/bin/Microsoft.TypeSpec.Generator.Tests/Debug/net8.0/Microsoft.TypeSpec.Generator.Tests.dll" adapterTypeName="executor://nunit3testexecutor/" className="Microsoft.TypeSpec.Generator.Tests.Utilities.StringExtensionsTests" name="TestIsCSharpKeyword(&quot;private&quot;,True)" />
    </UnitTest>
    <UnitTest name="TestIsCSharpKeyword(&quot;long&quot;,True)" storage="/home/runner/work/typespec/typespec/packages/http-client-csharp/generator/artifacts/bin/microsoft.typespec.generator.tests/debug/net8.0/microsoft.typespec.generator.tests.dll" id="753f0a40-a782-3885-7c0a-e9e27810f20a">
      <Execution id="33190b3f-71a8-474e-9589-a6c397e93672" />
      <TestMethod codeBase="/home/runner/work/typespec/typespec/packages/http-client-csharp/generator/artifacts/bin/Microsoft.TypeSpec.Generator.Tests/Debug/net8.0/Microsoft.TypeSpec.Generator.Tests.dll" adapterTypeName="executor://nunit3testexecutor/" className="Microsoft.TypeSpec.Generator.Tests.Utilities.StringExtensionsTests" name="TestIsCSharpKeyword(&quot;long&quot;,True)" />
    </UnitTest>
    <UnitTest name="BaseShouldBeAbstract(Microsoft.TypeSpec.Generator.Input.InputModelType,&quot;/// &lt;summary&gt;\n/// animal description\n/// Please note this is the abstract base class. The derived classes available for instantiation are: &lt;see cref=\&quot;Dinosaur\&quot;/&gt;.\n/// &lt;/summary&gt;\n&quot;)" storage="/home/runner/work/typespec/typespec/packages/http-client-csharp/generator/artifacts/bin/microsoft.typespec.generator.tests/debug/net8.0/microsoft.typespec.generator.tests.dll" id="9ed569d3-b1bc-6948-f927-e67b03ca5920">
      <Execution id="a9bd83ca-dad1-4877-95b0-8026d6fce9be" />
      <TestMethod codeBase="/home/runner/work/typespec/typespec/packages/http-client-csharp/generator/artifacts/bin/Microsoft.TypeSpec.Generator.Tests/Debug/net8.0/Microsoft.TypeSpec.Generator.Tests.dll" adapterTypeName="executor://nunit3testexecutor/" className="Microsoft.TypeSpec.Generator.Tests.Providers.ModelProviders.DiscriminatorTests" name="BaseShouldBeAbstract(Microsoft.TypeSpec.Generator.Input.InputModelType,&quot;/// &lt;summary&gt;\n/// animal description\n/// Please note this is the abstract base class. The derived classes available for instantiation are: &lt;see cref=\&quot;Dinosaur\&quot;/&gt;.\n/// &lt;/summary&gt;\n&quot;)" />
    </UnitTest>
    <UnitTest name="TestBreakLines_LiteralOpenAndCloseBraceWithLineBreaksAndArgs" storage="/home/runner/work/typespec/typespec/packages/http-client-csharp/generator/artifacts/bin/microsoft.typespec.generator.tests/debug/net8.0/microsoft.typespec.generator.tests.dll" id="13aa93a9-9887-5976-a503-d32f80c971bf">
      <Execution id="64deb231-32f9-42a8-9912-1700f9ae36bb" />
      <TestMethod codeBase="/home/runner/work/typespec/typespec/packages/http-client-csharp/generator/artifacts/bin/Microsoft.TypeSpec.Generator.Tests/Debug/net8.0/Microsoft.TypeSpec.Generator.Tests.dll" adapterTypeName="executor://nunit3testexecutor/" className="Microsoft.TypeSpec.Generator.Tests.Utilities.FormattableStringHelpersTests" name="TestBreakLines_LiteralOpenAndCloseBraceWithLineBreaksAndArgs" />
    </UnitTest>
    <UnitTest name="IfStatementInlineOptionTrue" storage="/home/runner/work/typespec/typespec/packages/http-client-csharp/generator/artifacts/bin/microsoft.typespec.generator.tests/debug/net8.0/microsoft.typespec.generator.tests.dll" id="be24d1a3-e710-9b19-9ace-6dda9699adb5">
      <Execution id="19888fb2-707e-447b-9d4b-695fff81aeaf" />
      <TestMethod codeBase="/home/runner/work/typespec/typespec/packages/http-client-csharp/generator/artifacts/bin/Microsoft.TypeSpec.Generator.Tests/Debug/net8.0/Microsoft.TypeSpec.Generator.Tests.dll" adapterTypeName="executor://nunit3testexecutor/" className="Microsoft.TypeSpec.Generator.Tests.Statements.StatementTests" name="IfStatementInlineOptionTrue" />
    </UnitTest>
    <UnitTest name="IsReadOnlyDictionary(System.Collections.Generic.IReadOnlyDictionary`2[TKey,TValue],True)" storage="/home/runner/work/typespec/typespec/packages/http-client-csharp/generator/artifacts/bin/microsoft.typespec.generator.tests/debug/net8.0/microsoft.typespec.generator.tests.dll" id="ca916ec1-2373-0743-a45d-3badde2f97f1">
      <Execution id="0f762d38-80f5-4083-aa1c-bb0f368ff871" />
      <TestMethod codeBase="/home/runner/work/typespec/typespec/packages/http-client-csharp/generator/artifacts/bin/Microsoft.TypeSpec.Generator.Tests/Debug/net8.0/Microsoft.TypeSpec.Generator.Tests.dll" adapterTypeName="executor://nunit3testexecutor/" className="Microsoft.TypeSpec.Generator.Tests.Primitives.CSharpTypeTests" name="IsReadOnlyDictionary(System.Collections.Generic.IReadOnlyDictionary`2[TKey,TValue],True)" />
    </UnitTest>
    <UnitTest name="NonFrameworkTypeEqualsEquivalentFrameworkType(System.Int32)" storage="/home/runner/work/typespec/typespec/packages/http-client-csharp/generator/artifacts/bin/microsoft.typespec.generator.tests/debug/net8.0/microsoft.typespec.generator.tests.dll" id="a41a7c4c-0deb-b46d-278a-5d45b39a1f16">
      <Execution id="8e135792-e02d-4656-9560-f347fa40ac67" />
      <TestMethod codeBase="/home/runner/work/typespec/typespec/packages/http-client-csharp/generator/artifacts/bin/Microsoft.TypeSpec.Generator.Tests/Debug/net8.0/Microsoft.TypeSpec.Generator.Tests.dll" adapterTypeName="executor://nunit3testexecutor/" className="Microsoft.TypeSpec.Generator.Tests.Primitives.CSharpTypeTests" name="NonFrameworkTypeEqualsEquivalentFrameworkType(System.Int32)" />
    </UnitTest>
    <UnitTest name="TypeOfStatement(System.Collections.Generic.Dictionary`2[System.String,System.Collections.Generic.List`1[System.Int32]],&quot;typeof(global::System.Collections.Generic.Dictionary&lt;string, global::System.Collections.Generic.List&lt;int&gt;&gt;)&quot;)" storage="/home/runner/work/typespec/typespec/packages/http-client-csharp/generator/artifacts/bin/microsoft.typespec.generator.tests/debug/net8.0/microsoft.typespec.generator.tests.dll" id="fa8b3fdc-ba75-465d-a464-837c3526a595">
      <Execution id="45aae048-5b0e-418e-9fe4-f4016631eb85" />
      <TestMethod codeBase="/home/runner/work/typespec/typespec/packages/http-client-csharp/generator/artifacts/bin/Microsoft.TypeSpec.Generator.Tests/Debug/net8.0/Microsoft.TypeSpec.Generator.Tests.dll" adapterTypeName="executor://nunit3testexecutor/" className="Microsoft.TypeSpec.Generator.Tests.Expressions.TypeOfExpressionTests" name="TypeOfStatement(System.Collections.Generic.Dictionary`2[System.String,System.Collections.Generic.List`1[System.Int32]],&quot;typeof(global::System.Collections.Generic.Dictionary&lt;string, global::System.Collections.Generic.List&lt;int&gt;&gt;)&quot;)" />
    </UnitTest>
    <UnitTest name="TypesAreEqualForGenericTypes(System.Collections.Generic.IDictionary`2[TKey,TValue],[System.String, System.String])" storage="/home/runner/work/typespec/typespec/packages/http-client-csharp/generator/artifacts/bin/microsoft.typespec.generator.tests/debug/net8.0/microsoft.typespec.generator.tests.dll" id="8eb852a2-4a4f-862c-25b2-0750277a1109">
      <Execution id="059e4e35-829b-4eb5-b438-1d3ba2707376" />
      <TestMethod codeBase="/home/runner/work/typespec/typespec/packages/http-client-csharp/generator/artifacts/bin/Microsoft.TypeSpec.Generator.Tests/Debug/net8.0/Microsoft.TypeSpec.Generator.Tests.dll" adapterTypeName="executor://nunit3testexecutor/" className="Microsoft.TypeSpec.Generator.Tests.Primitives.CSharpTypeTests" name="TypesAreEqualForGenericTypes(System.Collections.Generic.IDictionary`2[TKey,TValue],[System.String, System.String])" />
    </UnitTest>
    <UnitTest name="TypesAreNotEqualWhenNullabilityIsDifferent(System.Collections.Generic.IDictionary`2[System.Int32,System.String])" storage="/home/runner/work/typespec/typespec/packages/http-client-csharp/generator/artifacts/bin/microsoft.typespec.generator.tests/debug/net8.0/microsoft.typespec.generator.tests.dll" id="8f5ff714-8385-8d42-3067-444f3820b02e">
      <Execution id="4dbd0ca0-b2de-4c8b-8154-fe1c546349da" />
      <TestMethod codeBase="/home/runner/work/typespec/typespec/packages/http-client-csharp/generator/artifacts/bin/Microsoft.TypeSpec.Generator.Tests/Debug/net8.0/Microsoft.TypeSpec.Generator.Tests.dll" adapterTypeName="executor://nunit3testexecutor/" className="Microsoft.TypeSpec.Generator.Tests.Primitives.CSharpTypeTests" name="TypesAreNotEqualWhenNullabilityIsDifferent(System.Collections.Generic.IDictionary`2[System.Int32,System.String])" />
    </UnitTest>
    <UnitTest name="XmlDocForParameterWithInvalidIdentifierName(&quot;param&quot;)" storage="/home/runner/work/typespec/typespec/packages/http-client-csharp/generator/artifacts/bin/microsoft.typespec.generator.tests/debug/net8.0/microsoft.typespec.generator.tests.dll" id="9981af29-f413-bc75-f232-824ab5f47c5e">
      <Execution id="d1483075-ac9d-482a-9cb5-f7f510478e7c" />
      <TestMethod codeBase="/home/runner/work/typespec/typespec/packages/http-client-csharp/generator/artifacts/bin/Microsoft.TypeSpec.Generator.Tests/Debug/net8.0/Microsoft.TypeSpec.Generator.Tests.dll" adapterTypeName="executor://nunit3testexecutor/" className="Microsoft.TypeSpec.Generator.Tests.Statements.XmlDocParamStatementTests" name="XmlDocForParameterWithInvalidIdentifierName(&quot;param&quot;)" />
    </UnitTest>
    <UnitTest name="ValidateDictionary" storage="/home/runner/work/typespec/typespec/packages/http-client-csharp/generator/artifacts/bin/microsoft.typespec.generator.tests/debug/net8.0/microsoft.typespec.generator.tests.dll" id="0f11278f-9664-24e1-72c4-4100f1fa8197">
      <Execution id="089bfb37-00f9-41e0-b4dd-dd339741aa29" />
      <TestMethod codeBase="/home/runner/work/typespec/typespec/packages/http-client-csharp/generator/artifacts/bin/Microsoft.TypeSpec.Generator.Tests/Debug/net8.0/Microsoft.TypeSpec.Generator.Tests.dll" adapterTypeName="executor://nunit3testexecutor/" className="Microsoft.TypeSpec.Generator.Tests.Snippets.SnippetTests" name="ValidateDictionary" />
    </UnitTest>
    <UnitTest name="NotEqualToFrameworkType(System.Collections.Generic.IDictionary`2[System.Collections.Generic.IDictionary`2[System.Int32,System.String],System.Collections.Generic.IDictionary`2[System.String,System.Int32]],System.Collections.Generic.IDictionary`2[System.Collections.Generic.IDictionary`2[System.String,System.Int32],System.Collections.Generic.IDictionary`2[System.String,System.Int32]])" storage="/home/runner/work/typespec/typespec/packages/http-client-csharp/generator/artifacts/bin/microsoft.typespec.generator.tests/debug/net8.0/microsoft.typespec.generator.tests.dll" id="daf4bcf3-541d-b532-1ace-61928ff39f81">
      <Execution id="8a89ca5e-7b43-4541-8fb1-5b924d7174b6" />
      <TestMethod codeBase="/home/runner/work/typespec/typespec/packages/http-client-csharp/generator/artifacts/bin/Microsoft.TypeSpec.Generator.Tests/Debug/net8.0/Microsoft.TypeSpec.Generator.Tests.dll" adapterTypeName="executor://nunit3testexecutor/" className="Microsoft.TypeSpec.Generator.Tests.Primitives.CSharpTypeTests" name="NotEqualToFrameworkType(System.Collections.Generic.IDictionary`2[System.Collections.Generic.IDictionary`2[System.Int32,System.String],System.Collections.Generic.IDictionary`2[System.String,System.Int32]],System.Collections.Generic.IDictionary`2[System.Collections.Generic.IDictionary`2[System.String,System.Int32],System.Collections.Generic.IDictionary`2[System.String,System.Int32]])" />
    </UnitTest>
    <UnitTest name="TestIsCSharpKeyword(&quot;let&quot;,True)" storage="/home/runner/work/typespec/typespec/packages/http-client-csharp/generator/artifacts/bin/microsoft.typespec.generator.tests/debug/net8.0/microsoft.typespec.generator.tests.dll" id="f07babac-a0b5-3d43-96b4-02fbbf582157">
      <Execution id="5e425244-0c61-418a-aa50-1eaca3b90393" />
      <TestMethod codeBase="/home/runner/work/typespec/typespec/packages/http-client-csharp/generator/artifacts/bin/Microsoft.TypeSpec.Generator.Tests/Debug/net8.0/Microsoft.TypeSpec.Generator.Tests.dll" adapterTypeName="executor://nunit3testexecutor/" className="Microsoft.TypeSpec.Generator.Tests.Utilities.StringExtensionsTests" name="TestIsCSharpKeyword(&quot;let&quot;,True)" />
    </UnitTest>
    <UnitTest name="OmitsModelFactoryMethodIfParamTypeInternal" storage="/home/runner/work/typespec/typespec/packages/http-client-csharp/generator/artifacts/bin/microsoft.typespec.generator.tests/debug/net8.0/microsoft.typespec.generator.tests.dll" id="a5600f2d-e677-9440-1ef3-65c53524b73d">
      <Execution id="491061ae-c386-4283-b572-611fe2ae708d" />
      <TestMethod codeBase="/home/runner/work/typespec/typespec/packages/http-client-csharp/generator/artifacts/bin/Microsoft.TypeSpec.Generator.Tests/Debug/net8.0/Microsoft.TypeSpec.Generator.Tests.dll" adapterTypeName="executor://nunit3testexecutor/" className="Microsoft.TypeSpec.Generator.Tests.Providers.ModelFactories.ModelFactoriesCustomizationTests" name="OmitsModelFactoryMethodIfParamTypeInternal" />
    </UnitTest>
    <UnitTest name="TestBreakLines_OneArgOnlyWithMixedCRLF" storage="/home/runner/work/typespec/typespec/packages/http-client-csharp/generator/artifacts/bin/microsoft.typespec.generator.tests/debug/net8.0/microsoft.typespec.generator.tests.dll" id="02dfa4b1-415b-f67b-9581-3ee214fdaf4e">
      <Execution id="9e0c405d-b426-4d57-b9d3-6429e43e0db2" />
      <TestMethod codeBase="/home/runner/work/typespec/typespec/packages/http-client-csharp/generator/artifacts/bin/Microsoft.TypeSpec.Generator.Tests/Debug/net8.0/Microsoft.TypeSpec.Generator.Tests.dll" adapterTypeName="executor://nunit3testexecutor/" className="Microsoft.TypeSpec.Generator.Tests.Utilities.FormattableStringHelpersTests" name="TestBreakLines_OneArgOnlyWithMixedCRLF" />
    </UnitTest>
    <UnitTest name="CanCustomizeNestedTypesWithRenamedDeclaringType" storage="/home/runner/work/typespec/typespec/packages/http-client-csharp/generator/artifacts/bin/microsoft.typespec.generator.tests/debug/net8.0/microsoft.typespec.generator.tests.dll" id="758f6201-9ba2-fd48-9cbf-e75fc1748c14">
      <Execution id="66495ccd-5846-48ff-9e31-820071b8af70" />
      <TestMethod codeBase="/home/runner/work/typespec/typespec/packages/http-client-csharp/generator/artifacts/bin/Microsoft.TypeSpec.Generator.Tests/Debug/net8.0/Microsoft.TypeSpec.Generator.Tests.dll" adapterTypeName="executor://nunit3testexecutor/" className="Microsoft.TypeSpec.Generator.Tests.Providers.TypeProviderTests" name="CanCustomizeNestedTypesWithRenamedDeclaringType" />
    </UnitTest>
    <UnitTest name="ListExpressionAddItem" storage="/home/runner/work/typespec/typespec/packages/http-client-csharp/generator/artifacts/bin/microsoft.typespec.generator.tests/debug/net8.0/microsoft.typespec.generator.tests.dll" id="7bbe00f7-a481-c476-9f13-da55ba670a72">
      <Execution id="8b423559-1554-4ea7-b6fa-1d7271cfb0af" />
      <TestMethod codeBase="/home/runner/work/typespec/typespec/packages/http-client-csharp/generator/artifacts/bin/Microsoft.TypeSpec.Generator.Tests/Debug/net8.0/Microsoft.TypeSpec.Generator.Tests.dll" adapterTypeName="executor://nunit3testexecutor/" className="Microsoft.TypeSpec.Generator.Tests.Expressions.KnownValueExpressionsTests" name="ListExpressionAddItem" />
    </UnitTest>
    <UnitTest name="List_Defined_ReturnsTrue" storage="/home/runner/work/typespec/typespec/packages/http-client-csharp/generator/artifacts/bin/microsoft.typespec.generator.tests/debug/net8.0/microsoft.typespec.generator.tests.dll" id="cafe0a4b-3d0e-f664-9631-edd1f0d2dc2e">
      <Execution id="11be6046-05a7-4e3c-8160-402a68b5ef98" />
      <TestMethod codeBase="/home/runner/work/typespec/typespec/packages/http-client-csharp/generator/artifacts/bin/Microsoft.TypeSpec.Generator.Tests/Debug/net8.0/Microsoft.TypeSpec.Generator.Tests.dll" adapterTypeName="executor://nunit3testexecutor/" className="Microsoft.TypeSpec.Generator.Tests.Providers.OptionalTests" name="List_Defined_ReturnsTrue" />
    </UnitTest>
    <UnitTest name="TestBreakLines_AllLiteralsNoArgs" storage="/home/runner/work/typespec/typespec/packages/http-client-csharp/generator/artifacts/bin/microsoft.typespec.generator.tests/debug/net8.0/microsoft.typespec.generator.tests.dll" id="6a84dd81-0c57-940b-ae30-24f96fd86b92">
      <Execution id="84b498f7-2e6a-43f8-a555-a3a613ea0294" />
      <TestMethod codeBase="/home/runner/work/typespec/typespec/packages/http-client-csharp/generator/artifacts/bin/Microsoft.TypeSpec.Generator.Tests/Debug/net8.0/Microsoft.TypeSpec.Generator.Tests.dll" adapterTypeName="executor://nunit3testexecutor/" className="Microsoft.TypeSpec.Generator.Tests.Utilities.FormattableStringHelpersTests" name="TestBreakLines_AllLiteralsNoArgs" />
    </UnitTest>
    <UnitTest name="CanAddElement" storage="/home/runner/work/typespec/typespec/packages/http-client-csharp/generator/artifacts/bin/microsoft.typespec.generator.tests/debug/net8.0/microsoft.typespec.generator.tests.dll" id="38ccc626-a6f2-185e-9424-13a507faa6f1">
      <Execution id="3c2db502-48c1-4822-b6db-c94cc39fe1a2" />
      <TestMethod codeBase="/home/runner/work/typespec/typespec/packages/http-client-csharp/generator/artifacts/bin/Microsoft.TypeSpec.Generator.Tests/Debug/net8.0/Microsoft.TypeSpec.Generator.Tests.dll" adapterTypeName="executor://nunit3testexecutor/" className="Microsoft.TypeSpec.Generator.Tests.Providers.ChangeTrackingDictionaryTest" name="CanAddElement" />
    </UnitTest>
    <UnitTest name="InvalidDocCommentWithExtra" storage="/home/runner/work/typespec/typespec/packages/http-client-csharp/generator/artifacts/bin/microsoft.typespec.generator.tests/debug/net8.0/microsoft.typespec.generator.tests.dll" id="8ef60467-882c-a14f-0d3a-dcd702174d08">
      <Execution id="baa482f4-1423-413f-9e2f-7a76894bc073" />
      <TestMethod codeBase="/home/runner/work/typespec/typespec/packages/http-client-csharp/generator/artifacts/bin/Microsoft.TypeSpec.Generator.Tests/Debug/net8.0/Microsoft.TypeSpec.Generator.Tests.dll" adapterTypeName="executor://nunit3testexecutor/" className="Microsoft.TypeSpec.Generator.Tests.Statements.XmlDocParamStatementTests" name="InvalidDocCommentWithExtra" />
    </UnitTest>
    <UnitTest name="NotEqualToFrameworkType(System.Collections.Generic.IList`1[System.Int32],System.Collections.Generic.ICollection`1[System.Int32])" storage="/home/runner/work/typespec/typespec/packages/http-client-csharp/generator/artifacts/bin/microsoft.typespec.generator.tests/debug/net8.0/microsoft.typespec.generator.tests.dll" id="b741ee7a-e6f0-2058-da0b-e4c9dde534c3">
      <Execution id="44583643-5fe9-433b-ae9a-c7538dd2ea32" />
      <TestMethod codeBase="/home/runner/work/typespec/typespec/packages/http-client-csharp/generator/artifacts/bin/Microsoft.TypeSpec.Generator.Tests/Debug/net8.0/Microsoft.TypeSpec.Generator.Tests.dll" adapterTypeName="executor://nunit3testexecutor/" className="Microsoft.TypeSpec.Generator.Tests.Primitives.CSharpTypeTests" name="NotEqualToFrameworkType(System.Collections.Generic.IList`1[System.Int32],System.Collections.Generic.ICollection`1[System.Int32])" />
    </UnitTest>
    <UnitTest name="TestBuildProperties_ValidatePropertySetters(Microsoft.TypeSpec.Generator.Input.InputModelProperty,global::System.Collections.Generic.IDictionary&lt;string, string&gt;,False)" storage="/home/runner/work/typespec/typespec/packages/http-client-csharp/generator/artifacts/bin/microsoft.typespec.generator.tests/debug/net8.0/microsoft.typespec.generator.tests.dll" id="8e573d90-3905-3ac5-00ac-63bb86ee5890">
      <Execution id="c87ace9d-ff09-4f2c-a128-f0d93c89565e" />
      <TestMethod codeBase="/home/runner/work/typespec/typespec/packages/http-client-csharp/generator/artifacts/bin/Microsoft.TypeSpec.Generator.Tests/Debug/net8.0/Microsoft.TypeSpec.Generator.Tests.dll" adapterTypeName="executor://nunit3testexecutor/" className="Microsoft.TypeSpec.Generator.Tests.Providers.ModelProviders.ModelProviderTests" name="TestBuildProperties_ValidatePropertySetters(Microsoft.TypeSpec.Generator.Input.InputModelProperty,global::System.Collections.Generic.IDictionary&lt;string, string&gt;,False)" />
    </UnitTest>
    <UnitTest name="TestToApiVersionValue(&quot;V1_0_0&quot;,&quot;1-0-0&quot;)" storage="/home/runner/work/typespec/typespec/packages/http-client-csharp/generator/artifacts/bin/microsoft.typespec.generator.tests/debug/net8.0/microsoft.typespec.generator.tests.dll" id="6aa0ad0c-ce2a-1ae2-99d8-fcadab3a7add">
      <Execution id="7fb60691-743d-42b5-ac09-6bd413b8f479" />
      <TestMethod codeBase="/home/runner/work/typespec/typespec/packages/http-client-csharp/generator/artifacts/bin/Microsoft.TypeSpec.Generator.Tests/Debug/net8.0/Microsoft.TypeSpec.Generator.Tests.dll" adapterTypeName="executor://nunit3testexecutor/" className="Microsoft.TypeSpec.Generator.Tests.Utilities.StringExtensionsTests" name="TestToApiVersionValue(&quot;V1_0_0&quot;,&quot;1-0-0&quot;)" />
    </UnitTest>
    <UnitTest name="BuildPropertyDescription(Microsoft.TypeSpec.Generator.Input.InputModelProperty,global::System.BinaryData)" storage="/home/runner/work/typespec/typespec/packages/http-client-csharp/generator/artifacts/bin/microsoft.typespec.generator.tests/debug/net8.0/microsoft.typespec.generator.tests.dll" id="3416710f-7f2b-30de-6fba-ccb66a1f8d4a">
      <Execution id="60391546-c13a-4e8a-ad99-d7f88ab951a7" />
      <TestMethod codeBase="/home/runner/work/typespec/typespec/packages/http-client-csharp/generator/artifacts/bin/Microsoft.TypeSpec.Generator.Tests/Debug/net8.0/Microsoft.TypeSpec.Generator.Tests.dll" adapterTypeName="executor://nunit3testexecutor/" className="Microsoft.TypeSpec.Generator.Tests.Providers.PropertyDescriptionTests" name="BuildPropertyDescription(Microsoft.TypeSpec.Generator.Input.InputModelProperty,global::System.BinaryData)" />
    </UnitTest>
    <UnitTest name="ValidateGetFormattableStringFormatParts(&quot;This {0} has literal }} and {1}&quot;,[Part { Value = This , IsLiteral = True, ArgumentIndex = -1 }, Part { Value = 0, IsLiteral = False, ArgumentIndex = 0 }, Part { Value =  has literal }, IsLiteral = True, ArgumentIndex = -1 }, Part { Value =  and , IsLiteral = True, ArgumentIndex = -1 }, Part { Value = 1, IsLiteral = False, ArgumentIndex = 1 }])" storage="/home/runner/work/typespec/typespec/packages/http-client-csharp/generator/artifacts/bin/microsoft.typespec.generator.tests/debug/net8.0/microsoft.typespec.generator.tests.dll" id="b9931b0d-3bd6-388f-fc27-2598dbc51a4b">
      <Execution id="209e4617-7c98-4b00-8455-f5a74add05c2" />
      <TestMethod codeBase="/home/runner/work/typespec/typespec/packages/http-client-csharp/generator/artifacts/bin/Microsoft.TypeSpec.Generator.Tests/Debug/net8.0/Microsoft.TypeSpec.Generator.Tests.dll" adapterTypeName="executor://nunit3testexecutor/" className="Microsoft.TypeSpec.Generator.Tests.Utilities.StringExtensionsTests" name="ValidateGetFormattableStringFormatParts(&quot;This {0} has literal }} and {1}&quot;,[Part { Value = This , IsLiteral = True, ArgumentIndex = -1 }, Part { Value = 0, IsLiteral = False, ArgumentIndex = 0 }, Part { Value =  has literal }, IsLiteral = True, ArgumentIndex = -1 }, Part { Value =  and , IsLiteral = True, ArgumentIndex = -1 }, Part { Value = 1, IsLiteral = False, ArgumentIndex = 1 }])" />
    </UnitTest>
    <UnitTest name="IsDictionary(System.Int32,False)" storage="/home/runner/work/typespec/typespec/packages/http-client-csharp/generator/artifacts/bin/microsoft.typespec.generator.tests/debug/net8.0/microsoft.typespec.generator.tests.dll" id="5e32974e-efed-22fb-edf9-d7bb324b61c3">
      <Execution id="899cb0d8-b13b-4818-97b8-c1792a22316a" />
      <TestMethod codeBase="/home/runner/work/typespec/typespec/packages/http-client-csharp/generator/artifacts/bin/Microsoft.TypeSpec.Generator.Tests/Debug/net8.0/Microsoft.TypeSpec.Generator.Tests.dll" adapterTypeName="executor://nunit3testexecutor/" className="Microsoft.TypeSpec.Generator.Tests.Primitives.CSharpTypeTests" name="IsDictionary(System.Int32,False)" />
    </UnitTest>
    <UnitTest name="SystemTypeOperatorTestNotEqual(System.Collections.Generic.IDictionary`2[System.Int32,System.String],System.Collections.Generic.Dictionary`2[System.Int32,System.Int32])" storage="/home/runner/work/typespec/typespec/packages/http-client-csharp/generator/artifacts/bin/microsoft.typespec.generator.tests/debug/net8.0/microsoft.typespec.generator.tests.dll" id="27bca920-a72d-e65e-33db-54c0a6ef7019">
      <Execution id="67832b95-38d5-4e60-8438-704aea01c41c" />
      <TestMethod codeBase="/home/runner/work/typespec/typespec/packages/http-client-csharp/generator/artifacts/bin/Microsoft.TypeSpec.Generator.Tests/Debug/net8.0/Microsoft.TypeSpec.Generator.Tests.dll" adapterTypeName="executor://nunit3testexecutor/" className="Microsoft.TypeSpec.Generator.Tests.Expressions.ValueExpressionTests" name="SystemTypeOperatorTestNotEqual(System.Collections.Generic.IDictionary`2[System.Int32,System.String],System.Collections.Generic.Dictionary`2[System.Int32,System.Int32])" />
    </UnitTest>
    <UnitTest name="HashCodesAreEqual(System.Collections.Generic.IList`1[System.Int32])" storage="/home/runner/work/typespec/typespec/packages/http-client-csharp/generator/artifacts/bin/microsoft.typespec.generator.tests/debug/net8.0/microsoft.typespec.generator.tests.dll" id="42ffd2ee-9394-da38-d190-db8c81cb9215">
      <Execution id="6dc4eaed-a26b-487a-99e0-16bc9c943e5b" />
      <TestMethod codeBase="/home/runner/work/typespec/typespec/packages/http-client-csharp/generator/artifacts/bin/Microsoft.TypeSpec.Generator.Tests/Debug/net8.0/Microsoft.TypeSpec.Generator.Tests.dll" adapterTypeName="executor://nunit3testexecutor/" className="Microsoft.TypeSpec.Generator.Tests.Primitives.CSharpTypeTests" name="HashCodesAreEqual(System.Collections.Generic.IList`1[System.Int32])" />
    </UnitTest>
    <UnitTest name="TestIsCSharpKeyword(&quot;foreach&quot;,True)" storage="/home/runner/work/typespec/typespec/packages/http-client-csharp/generator/artifacts/bin/microsoft.typespec.generator.tests/debug/net8.0/microsoft.typespec.generator.tests.dll" id="8b8fd5fd-534c-6452-45ae-d942a5ce1235">
      <Execution id="2d53c032-fc81-4638-97ee-d18bbc66bec6" />
      <TestMethod codeBase="/home/runner/work/typespec/typespec/packages/http-client-csharp/generator/artifacts/bin/Microsoft.TypeSpec.Generator.Tests/Debug/net8.0/Microsoft.TypeSpec.Generator.Tests.dll" adapterTypeName="executor://nunit3testexecutor/" className="Microsoft.TypeSpec.Generator.Tests.Utilities.StringExtensionsTests" name="TestIsCSharpKeyword(&quot;foreach&quot;,True)" />
    </UnitTest>
    <UnitTest name="ValidatePropertyTypes(System.Nullable`1[System.ReadOnlyMemory`1[System.Byte]])" storage="/home/runner/work/typespec/typespec/packages/http-client-csharp/generator/artifacts/bin/microsoft.typespec.generator.tests/debug/net8.0/microsoft.typespec.generator.tests.dll" id="ee183c42-8169-b412-bfe9-e9d7ac90c9a4">
      <Execution id="86da047c-e49f-4a0d-a784-9c08d602c670" />
      <TestMethod codeBase="/home/runner/work/typespec/typespec/packages/http-client-csharp/generator/artifacts/bin/Microsoft.TypeSpec.Generator.Tests/Debug/net8.0/Microsoft.TypeSpec.Generator.Tests.dll" adapterTypeName="executor://nunit3testexecutor/" className="Microsoft.TypeSpec.Generator.Tests.Providers.NamedTypeSymbolProviders.NamedTypeSymbolProviderTests" name="ValidatePropertyTypes(System.Nullable`1[System.ReadOnlyMemory`1[System.Byte]])" />
    </UnitTest>
    <UnitTest name="CanChangeSwitchStatement" storage="/home/runner/work/typespec/typespec/packages/http-client-csharp/generator/artifacts/bin/microsoft.typespec.generator.tests/debug/net8.0/microsoft.typespec.generator.tests.dll" id="d5b4e9f5-f4d0-85d8-bb34-96f7deb58741">
      <Execution id="fc34200f-3d2e-4582-a7b6-27c5fd841059" />
      <TestMethod codeBase="/home/runner/work/typespec/typespec/packages/http-client-csharp/generator/artifacts/bin/Microsoft.TypeSpec.Generator.Tests/Debug/net8.0/Microsoft.TypeSpec.Generator.Tests.dll" adapterTypeName="executor://nunit3testexecutor/" className="Microsoft.TypeSpec.Generator.Tests.Statements.StatementVisitorTests" name="CanChangeSwitchStatement" />
    </UnitTest>
    <UnitTest name="TypesAreEqual(System.Collections.Generic.IDictionary`2[System.Collections.Generic.IDictionary`2[System.Int32,System.String],System.Collections.Generic.IDictionary`2[System.String,System.Int32]])" storage="/home/runner/work/typespec/typespec/packages/http-client-csharp/generator/artifacts/bin/microsoft.typespec.generator.tests/debug/net8.0/microsoft.typespec.generator.tests.dll" id="6ae2e32b-e312-97af-fb1c-95c52237f233">
      <Execution id="6be0c167-0f5b-40e9-b7e6-f2114105e972" />
      <TestMethod codeBase="/home/runner/work/typespec/typespec/packages/http-client-csharp/generator/artifacts/bin/Microsoft.TypeSpec.Generator.Tests/Debug/net8.0/Microsoft.TypeSpec.Generator.Tests.dll" adapterTypeName="executor://nunit3testexecutor/" className="Microsoft.TypeSpec.Generator.Tests.Primitives.CSharpTypeTests" name="TypesAreEqual(System.Collections.Generic.IDictionary`2[System.Collections.Generic.IDictionary`2[System.Int32,System.String],System.Collections.Generic.IDictionary`2[System.String,System.Int32]])" />
    </UnitTest>
    <UnitTest name="CanAddVisitors" storage="/home/runner/work/typespec/typespec/packages/http-client-csharp/generator/artifacts/bin/microsoft.typespec.generator.tests/debug/net8.0/microsoft.typespec.generator.tests.dll" id="403c4e51-5e40-a145-92da-61e89f4ace2f">
      <Execution id="da29bb04-f2a3-4a1b-9b94-af8973457742" />
      <TestMethod codeBase="/home/runner/work/typespec/typespec/packages/http-client-csharp/generator/artifacts/bin/Microsoft.TypeSpec.Generator.Tests/Debug/net8.0/Microsoft.TypeSpec.Generator.Tests.dll" adapterTypeName="executor://nunit3testexecutor/" className="Microsoft.TypeSpec.Generator.Tests.GeneratorTests" name="CanAddVisitors" />
    </UnitTest>
    <UnitTest name="TestIsCSharpKeyword(&quot;enum&quot;,True)" storage="/home/runner/work/typespec/typespec/packages/http-client-csharp/generator/artifacts/bin/microsoft.typespec.generator.tests/debug/net8.0/microsoft.typespec.generator.tests.dll" id="98434a80-fdf6-c589-8491-27597fe52c2d">
      <Execution id="9ce72359-2fe2-4750-ae90-7de1aec8c834" />
      <TestMethod codeBase="/home/runner/work/typespec/typespec/packages/http-client-csharp/generator/artifacts/bin/Microsoft.TypeSpec.Generator.Tests/Debug/net8.0/Microsoft.TypeSpec.Generator.Tests.dll" adapterTypeName="executor://nunit3testexecutor/" className="Microsoft.TypeSpec.Generator.Tests.Utilities.StringExtensionsTests" name="TestIsCSharpKeyword(&quot;enum&quot;,True)" />
    </UnitTest>
    <UnitTest name="IsReadOnlyDictionary(System.Int32,False)" storage="/home/runner/work/typespec/typespec/packages/http-client-csharp/generator/artifacts/bin/microsoft.typespec.generator.tests/debug/net8.0/microsoft.typespec.generator.tests.dll" id="ffafe886-db52-5cdf-21f6-dc5e02604ae3">
      <Execution id="69e1e5da-5b90-49db-ac58-ca5c86f7ace1" />
      <TestMethod codeBase="/home/runner/work/typespec/typespec/packages/http-client-csharp/generator/artifacts/bin/Microsoft.TypeSpec.Generator.Tests/Debug/net8.0/Microsoft.TypeSpec.Generator.Tests.dll" adapterTypeName="executor://nunit3testexecutor/" className="Microsoft.TypeSpec.Generator.Tests.Primitives.CSharpTypeTests" name="IsReadOnlyDictionary(System.Int32,False)" />
    </UnitTest>
    <UnitTest name="SystemTypeOperatorTestEqual(System.Collections.Generic.IList`1[T])" storage="/home/runner/work/typespec/typespec/packages/http-client-csharp/generator/artifacts/bin/microsoft.typespec.generator.tests/debug/net8.0/microsoft.typespec.generator.tests.dll" id="9bd88f60-5e10-717c-4f00-2d1160d34c36">
      <Execution id="6cbe4be9-9f18-4b9f-a6f0-f37aa913ab2f" />
      <TestMethod codeBase="/home/runner/work/typespec/typespec/packages/http-client-csharp/generator/artifacts/bin/Microsoft.TypeSpec.Generator.Tests/Debug/net8.0/Microsoft.TypeSpec.Generator.Tests.dll" adapterTypeName="executor://nunit3testexecutor/" className="Microsoft.TypeSpec.Generator.Tests.Expressions.ValueExpressionTests" name="SystemTypeOperatorTestEqual(System.Collections.Generic.IList`1[T])" />
    </UnitTest>
    <UnitTest name="TestWriteValueExpression_CustomExpression" storage="/home/runner/work/typespec/typespec/packages/http-client-csharp/generator/artifacts/bin/microsoft.typespec.generator.tests/debug/net8.0/microsoft.typespec.generator.tests.dll" id="90bf6b45-fed4-fe2b-c5f1-66836f3259c4">
      <Execution id="ebdfe676-ae5d-4c32-a039-e18615f499b8" />
      <TestMethod codeBase="/home/runner/work/typespec/typespec/packages/http-client-csharp/generator/artifacts/bin/Microsoft.TypeSpec.Generator.Tests/Debug/net8.0/Microsoft.TypeSpec.Generator.Tests.dll" adapterTypeName="executor://nunit3testexecutor/" className="Microsoft.TypeSpec.Generator.Tests.Writers.CodeWriterExtensionTests" name="TestWriteValueExpression_CustomExpression" />
    </UnitTest>
    <UnitTest name="KeyValuePairExpression(System.Int32,System.Collections.Generic.IList`1[System.Int32])" storage="/home/runner/work/typespec/typespec/packages/http-client-csharp/generator/artifacts/bin/microsoft.typespec.generator.tests/debug/net8.0/microsoft.typespec.generator.tests.dll" id="3ccfa2f6-0e86-62eb-ad07-89f01dd93902">
      <Execution id="3e818688-92cb-44f0-9394-af5e10fad064" />
      <TestMethod codeBase="/home/runner/work/typespec/typespec/packages/http-client-csharp/generator/artifacts/bin/Microsoft.TypeSpec.Generator.Tests/Debug/net8.0/Microsoft.TypeSpec.Generator.Tests.dll" adapterTypeName="executor://nunit3testexecutor/" className="Microsoft.TypeSpec.Generator.Tests.Expressions.KnownValueExpressionsTests" name="KeyValuePairExpression(System.Int32,System.Collections.Generic.IList`1[System.Int32])" />
    </UnitTest>
    <UnitTest name="CanAddProperties" storage="/home/runner/work/typespec/typespec/packages/http-client-csharp/generator/artifacts/bin/microsoft.typespec.generator.tests/debug/net8.0/microsoft.typespec.generator.tests.dll" id="b6b7338b-4970-ce48-bc58-d9b3eefe54de">
      <Execution id="d139cede-93ab-430d-92d3-50ccec92bfff" />
      <TestMethod codeBase="/home/runner/work/typespec/typespec/packages/http-client-csharp/generator/artifacts/bin/Microsoft.TypeSpec.Generator.Tests/Debug/net8.0/Microsoft.TypeSpec.Generator.Tests.dll" adapterTypeName="executor://nunit3testexecutor/" className="Microsoft.TypeSpec.Generator.Tests.Providers.ModelProviders.ModelCustomizationTests" name="CanAddProperties" />
    </UnitTest>
    <UnitTest name="SystemTypeOperatorTestEqual(System.Collections.Generic.IList`1[System.Int32])" storage="/home/runner/work/typespec/typespec/packages/http-client-csharp/generator/artifacts/bin/microsoft.typespec.generator.tests/debug/net8.0/microsoft.typespec.generator.tests.dll" id="f10cc00c-79c1-4d9c-8c29-de5a72b85501">
      <Execution id="12e9b5fe-94ea-4e97-a712-577f4fa0b6c8" />
      <TestMethod codeBase="/home/runner/work/typespec/typespec/packages/http-client-csharp/generator/artifacts/bin/Microsoft.TypeSpec.Generator.Tests/Debug/net8.0/Microsoft.TypeSpec.Generator.Tests.dll" adapterTypeName="executor://nunit3testexecutor/" className="Microsoft.TypeSpec.Generator.Tests.Expressions.ValueExpressionTests" name="SystemTypeOperatorTestEqual(System.Collections.Generic.IList`1[System.Int32])" />
    </UnitTest>
    <UnitTest name="TestIsCSharpKeyword(&quot;equals&quot;,True)" storage="/home/runner/work/typespec/typespec/packages/http-client-csharp/generator/artifacts/bin/microsoft.typespec.generator.tests/debug/net8.0/microsoft.typespec.generator.tests.dll" id="1d88f3ee-2148-4435-1f51-6e187f3a8f8a">
      <Execution id="fe1b0278-b857-4029-a4d9-4e038ef4a5cf" />
      <TestMethod codeBase="/home/runner/work/typespec/typespec/packages/http-client-csharp/generator/artifacts/bin/Microsoft.TypeSpec.Generator.Tests/Debug/net8.0/Microsoft.TypeSpec.Generator.Tests.dll" adapterTypeName="executor://nunit3testexecutor/" className="Microsoft.TypeSpec.Generator.Tests.Utilities.StringExtensionsTests" name="TestIsCSharpKeyword(&quot;equals&quot;,True)" />
    </UnitTest>
    <UnitTest name="DeclarationTest" storage="/home/runner/work/typespec/typespec/packages/http-client-csharp/generator/artifacts/bin/microsoft.typespec.generator.tests/debug/net8.0/microsoft.typespec.generator.tests.dll" id="5bb85660-5994-97e8-8c84-3696fcb21e85">
      <Execution id="51cb9b07-d004-4190-ae0f-2387fe305f23" />
      <TestMethod codeBase="/home/runner/work/typespec/typespec/packages/http-client-csharp/generator/artifacts/bin/Microsoft.TypeSpec.Generator.Tests/Debug/net8.0/Microsoft.TypeSpec.Generator.Tests.dll" adapterTypeName="executor://nunit3testexecutor/" className="Microsoft.TypeSpec.Generator.Tests.Writers.CodeWriterDeclarationTests" name="DeclarationTest" />
    </UnitTest>
    <UnitTest name="SwitchStatementWithSingleCase" storage="/home/runner/work/typespec/typespec/packages/http-client-csharp/generator/artifacts/bin/microsoft.typespec.generator.tests/debug/net8.0/microsoft.typespec.generator.tests.dll" id="79735f05-3144-a23c-4610-1cf651108e8b">
      <Execution id="1479388b-900e-461a-9b39-7155963b3d00" />
      <TestMethod codeBase="/home/runner/work/typespec/typespec/packages/http-client-csharp/generator/artifacts/bin/Microsoft.TypeSpec.Generator.Tests/Debug/net8.0/Microsoft.TypeSpec.Generator.Tests.dll" adapterTypeName="executor://nunit3testexecutor/" className="Microsoft.TypeSpec.Generator.Tests.Statements.StatementTests" name="SwitchStatementWithSingleCase" />
    </UnitTest>
    <UnitTest name="ValidatePropertyTypes(System.Collections.Generic.IDictionary`2[System.String,Microsoft.TypeSpec.Generator.Tests.Providers.NamedTypeSymbolProviders.NamedTypeSymbolProviderTests+SomeEnum])" storage="/home/runner/work/typespec/typespec/packages/http-client-csharp/generator/artifacts/bin/microsoft.typespec.generator.tests/debug/net8.0/microsoft.typespec.generator.tests.dll" id="0e103695-05d1-7061-85b7-e9b693599e18">
      <Execution id="561a360b-4785-4839-9c8f-7e5204579182" />
      <TestMethod codeBase="/home/runner/work/typespec/typespec/packages/http-client-csharp/generator/artifacts/bin/Microsoft.TypeSpec.Generator.Tests/Debug/net8.0/Microsoft.TypeSpec.Generator.Tests.dll" adapterTypeName="executor://nunit3testexecutor/" className="Microsoft.TypeSpec.Generator.Tests.Providers.NamedTypeSymbolProviders.NamedTypeSymbolProviderTests" name="ValidatePropertyTypes(System.Collections.Generic.IDictionary`2[System.String,Microsoft.TypeSpec.Generator.Tests.Providers.NamedTypeSymbolProviders.NamedTypeSymbolProviderTests+SomeEnum])" />
    </UnitTest>
    <UnitTest name="ClearResetsUndefined" storage="/home/runner/work/typespec/typespec/packages/http-client-csharp/generator/artifacts/bin/microsoft.typespec.generator.tests/debug/net8.0/microsoft.typespec.generator.tests.dll" id="67aaf6ef-c8af-9bdf-61a4-bec58e4167ef">
      <Execution id="5cc1b4ad-250d-4c17-9b8d-10115a7ab117" />
      <TestMethod codeBase="/home/runner/work/typespec/typespec/packages/http-client-csharp/generator/artifacts/bin/Microsoft.TypeSpec.Generator.Tests/Debug/net8.0/Microsoft.TypeSpec.Generator.Tests.dll" adapterTypeName="executor://nunit3testexecutor/" className="Microsoft.TypeSpec.Generator.Tests.Providers.ChangeTrackingDictionaryTest" name="ClearResetsUndefined" />
    </UnitTest>
    <UnitTest name="NotEqualToFrameworkType(System.Int32,System.Collections.Generic.IList`1[System.Int32])" storage="/home/runner/work/typespec/typespec/packages/http-client-csharp/generator/artifacts/bin/microsoft.typespec.generator.tests/debug/net8.0/microsoft.typespec.generator.tests.dll" id="505a857b-da4d-f58f-a6af-4665396ee207">
      <Execution id="44b761c0-84a6-46e4-84d2-4c157e3f66d4" />
      <TestMethod codeBase="/home/runner/work/typespec/typespec/packages/http-client-csharp/generator/artifacts/bin/Microsoft.TypeSpec.Generator.Tests/Debug/net8.0/Microsoft.TypeSpec.Generator.Tests.dll" adapterTypeName="executor://nunit3testexecutor/" className="Microsoft.TypeSpec.Generator.Tests.Primitives.CSharpTypeTests" name="NotEqualToFrameworkType(System.Int32,System.Collections.Generic.IList`1[System.Int32])" />
    </UnitTest>
    <UnitTest name="TypeProviderWriter_WriteModel" storage="/home/runner/work/typespec/typespec/packages/http-client-csharp/generator/artifacts/bin/microsoft.typespec.generator.tests/debug/net8.0/microsoft.typespec.generator.tests.dll" id="476b0c76-e6b5-6271-7e54-845594595bc8">
      <Execution id="11e72dbf-0706-49cc-81b3-63de88848f07" />
      <TestMethod codeBase="/home/runner/work/typespec/typespec/packages/http-client-csharp/generator/artifacts/bin/Microsoft.TypeSpec.Generator.Tests/Debug/net8.0/Microsoft.TypeSpec.Generator.Tests.dll" adapterTypeName="executor://nunit3testexecutor/" className="Microsoft.TypeSpec.Generator.Tests.Writers.TypeProviderWriterTests" name="TypeProviderWriter_WriteModel" />
    </UnitTest>
    <UnitTest name="CanChangeTypeNamespaceAfterTypeName" storage="/home/runner/work/typespec/typespec/packages/http-client-csharp/generator/artifacts/bin/microsoft.typespec.generator.tests/debug/net8.0/microsoft.typespec.generator.tests.dll" id="e68b2339-3b42-ec37-1498-f16fb572e243">
      <Execution id="e0c1fb4d-ad57-44b6-ae25-619d3e217754" />
      <TestMethod codeBase="/home/runner/work/typespec/typespec/packages/http-client-csharp/generator/artifacts/bin/Microsoft.TypeSpec.Generator.Tests/Debug/net8.0/Microsoft.TypeSpec.Generator.Tests.dll" adapterTypeName="executor://nunit3testexecutor/" className="Microsoft.TypeSpec.Generator.Tests.Providers.ModelProviders.ModelCustomizationTests" name="CanChangeTypeNamespaceAfterTypeName" />
    </UnitTest>
    <UnitTest name="ValidatePropertyTypes(System.Nullable`1[Microsoft.TypeSpec.Generator.Tests.Providers.NamedTypeSymbolProviders.NamedTypeSymbolProviderTests+SomeEnum],True)" storage="/home/runner/work/typespec/typespec/packages/http-client-csharp/generator/artifacts/bin/microsoft.typespec.generator.tests/debug/net8.0/microsoft.typespec.generator.tests.dll" id="0bef4102-12a6-3b9f-b397-11bd8ec3188e">
      <Execution id="18fd706b-f5a8-46b3-8810-545f2193e69e" />
      <TestMethod codeBase="/home/runner/work/typespec/typespec/packages/http-client-csharp/generator/artifacts/bin/Microsoft.TypeSpec.Generator.Tests/Debug/net8.0/Microsoft.TypeSpec.Generator.Tests.dll" adapterTypeName="executor://nunit3testexecutor/" className="Microsoft.TypeSpec.Generator.Tests.Providers.NamedTypeSymbolProviders.NamedTypeSymbolProviderTests" name="ValidatePropertyTypes(System.Nullable`1[Microsoft.TypeSpec.Generator.Tests.Providers.NamedTypeSymbolProviders.NamedTypeSymbolProviderTests+SomeEnum],True)" />
    </UnitTest>
    <UnitTest name="CacheFrameworkTypes" storage="/home/runner/work/typespec/typespec/packages/http-client-csharp/generator/artifacts/bin/microsoft.typespec.generator.tests/debug/net8.0/microsoft.typespec.generator.tests.dll" id="07831204-b898-6007-d61d-e5d965a368fb">
      <Execution id="99bee2b2-d565-4dcb-90da-005801ce6bd7" />
      <TestMethod codeBase="/home/runner/work/typespec/typespec/packages/http-client-csharp/generator/artifacts/bin/Microsoft.TypeSpec.Generator.Tests/Debug/net8.0/Microsoft.TypeSpec.Generator.Tests.dll" adapterTypeName="executor://nunit3testexecutor/" className="Microsoft.TypeSpec.Generator.Tests.Primitives.CSharpTypeTests" name="CacheFrameworkTypes" />
    </UnitTest>
    <UnitTest name="IntSerializationFormat(Int8,&quot;string&quot;)" storage="/home/runner/work/typespec/typespec/packages/http-client-csharp/generator/artifacts/bin/microsoft.typespec.generator.tests/debug/net8.0/microsoft.typespec.generator.tests.dll" id="84836fff-5066-5659-deb1-f30fe6cf59f2">
      <Execution id="bccee5f5-6a0d-46f5-9829-02b00c9b5f3f" />
      <TestMethod codeBase="/home/runner/work/typespec/typespec/packages/http-client-csharp/generator/artifacts/bin/Microsoft.TypeSpec.Generator.Tests/Debug/net8.0/Microsoft.TypeSpec.Generator.Tests.dll" adapterTypeName="executor://nunit3testexecutor/" className="Microsoft.TypeSpec.Generator.Tests.TypeFactoryTests" name="IntSerializationFormat(Int8,&quot;string&quot;)" />
    </UnitTest>
    <UnitTest name="TypesAreEqual(System.Collections.Generic.IDictionary`2[TKey,TValue])" storage="/home/runner/work/typespec/typespec/packages/http-client-csharp/generator/artifacts/bin/microsoft.typespec.generator.tests/debug/net8.0/microsoft.typespec.generator.tests.dll" id="b16f7419-6346-6c6e-74b5-620d6ea5c8b0">
      <Execution id="f32dd933-8927-49d2-8047-7161c1c9a2dc" />
      <TestMethod codeBase="/home/runner/work/typespec/typespec/packages/http-client-csharp/generator/artifacts/bin/Microsoft.TypeSpec.Generator.Tests/Debug/net8.0/Microsoft.TypeSpec.Generator.Tests.dll" adapterTypeName="executor://nunit3testexecutor/" className="Microsoft.TypeSpec.Generator.Tests.Primitives.CSharpTypeTests" name="TypesAreEqual(System.Collections.Generic.IDictionary`2[TKey,TValue])" />
    </UnitTest>
    <UnitTest name="IntSerializationFormat(Int64,null)" storage="/home/runner/work/typespec/typespec/packages/http-client-csharp/generator/artifacts/bin/microsoft.typespec.generator.tests/debug/net8.0/microsoft.typespec.generator.tests.dll" id="a48939ad-47d0-7294-e913-221d99f955ca">
      <Execution id="1c56291a-aa33-48bb-a5ac-41e2dceaabde" />
      <TestMethod codeBase="/home/runner/work/typespec/typespec/packages/http-client-csharp/generator/artifacts/bin/Microsoft.TypeSpec.Generator.Tests/Debug/net8.0/Microsoft.TypeSpec.Generator.Tests.dll" adapterTypeName="executor://nunit3testexecutor/" className="Microsoft.TypeSpec.Generator.Tests.TypeFactoryTests" name="IntSerializationFormat(Int64,null)" />
    </UnitTest>
    <UnitTest name="TestIsCSharpKeyword(&quot;public&quot;,True)" storage="/home/runner/work/typespec/typespec/packages/http-client-csharp/generator/artifacts/bin/microsoft.typespec.generator.tests/debug/net8.0/microsoft.typespec.generator.tests.dll" id="26c3acd7-4184-26e1-d7e3-91a6ca233acf">
      <Execution id="cfdb3a6d-8881-49cb-8325-28ae1a8be087" />
      <TestMethod codeBase="/home/runner/work/typespec/typespec/packages/http-client-csharp/generator/artifacts/bin/Microsoft.TypeSpec.Generator.Tests/Debug/net8.0/Microsoft.TypeSpec.Generator.Tests.dll" adapterTypeName="executor://nunit3testexecutor/" className="Microsoft.TypeSpec.Generator.Tests.Utilities.StringExtensionsTests" name="TestIsCSharpKeyword(&quot;public&quot;,True)" />
    </UnitTest>
    <UnitTest name="IsReadOnlyDictionary(System.Collections.Generic.IDictionary`2[System.String,System.String],False)" storage="/home/runner/work/typespec/typespec/packages/http-client-csharp/generator/artifacts/bin/microsoft.typespec.generator.tests/debug/net8.0/microsoft.typespec.generator.tests.dll" id="15ded8ec-de1a-7ade-c1cf-a3c58aebd8e9">
      <Execution id="f6e369e0-2031-4ffa-b07e-f55b14ffc805" />
      <TestMethod codeBase="/home/runner/work/typespec/typespec/packages/http-client-csharp/generator/artifacts/bin/Microsoft.TypeSpec.Generator.Tests/Debug/net8.0/Microsoft.TypeSpec.Generator.Tests.dll" adapterTypeName="executor://nunit3testexecutor/" className="Microsoft.TypeSpec.Generator.Tests.Primitives.CSharpTypeTests" name="IsReadOnlyDictionary(System.Collections.Generic.IDictionary`2[System.String,System.String],False)" />
    </UnitTest>
    <UnitTest name="CreateForeachStatement" storage="/home/runner/work/typespec/typespec/packages/http-client-csharp/generator/artifacts/bin/microsoft.typespec.generator.tests/debug/net8.0/microsoft.typespec.generator.tests.dll" id="9dc37f2a-c5ae-ddf1-babf-93c860dad240">
      <Execution id="2c6721d7-1e95-45e7-9aad-1fb3b64b0da6" />
      <TestMethod codeBase="/home/runner/work/typespec/typespec/packages/http-client-csharp/generator/artifacts/bin/Microsoft.TypeSpec.Generator.Tests/Debug/net8.0/Microsoft.TypeSpec.Generator.Tests.dll" adapterTypeName="executor://nunit3testexecutor/" className="Microsoft.TypeSpec.Generator.Tests.Statements.StatementTests" name="CreateForeachStatement" />
    </UnitTest>
    <UnitTest name="CatchStatementWithEmptyBody" storage="/home/runner/work/typespec/typespec/packages/http-client-csharp/generator/artifacts/bin/microsoft.typespec.generator.tests/debug/net8.0/microsoft.typespec.generator.tests.dll" id="cbadf323-978d-feac-6b8c-ad70a7d953f8">
      <Execution id="9890207c-94e8-47a3-ba69-203dbcbff9b1" />
      <TestMethod codeBase="/home/runner/work/typespec/typespec/packages/http-client-csharp/generator/artifacts/bin/Microsoft.TypeSpec.Generator.Tests/Debug/net8.0/Microsoft.TypeSpec.Generator.Tests.dll" adapterTypeName="executor://nunit3testexecutor/" className="Microsoft.TypeSpec.Generator.Tests.Statements.StatementTests" name="CatchStatementWithEmptyBody" />
    </UnitTest>
    <UnitTest name="ValidateNamespaceNestedType" storage="/home/runner/work/typespec/typespec/packages/http-client-csharp/generator/artifacts/bin/microsoft.typespec.generator.tests/debug/net8.0/microsoft.typespec.generator.tests.dll" id="800adef5-f024-3821-03a2-7be53313576d">
      <Execution id="3937b6fc-278e-4a2f-b155-47e0a79de7c5" />
      <TestMethod codeBase="/home/runner/work/typespec/typespec/packages/http-client-csharp/generator/artifacts/bin/Microsoft.TypeSpec.Generator.Tests/Debug/net8.0/Microsoft.TypeSpec.Generator.Tests.dll" adapterTypeName="executor://nunit3testexecutor/" className="Microsoft.TypeSpec.Generator.Tests.Providers.NamedTypeSymbolProviders.NamedTypeSymbolProviderTests" name="ValidateNamespaceNestedType" />
    </UnitTest>
    <UnitTest name="CorrectValidationIsAppliedToParameter(Int32,False,None)" storage="/home/runner/work/typespec/typespec/packages/http-client-csharp/generator/artifacts/bin/microsoft.typespec.generator.tests/debug/net8.0/microsoft.typespec.generator.tests.dll" id="e033eccc-dd6f-7cc6-38e0-10c622134639">
      <Execution id="3fd7e48b-adae-46af-b2e5-cfec13af4a4f" />
      <TestMethod codeBase="/home/runner/work/typespec/typespec/packages/http-client-csharp/generator/artifacts/bin/Microsoft.TypeSpec.Generator.Tests/Debug/net8.0/Microsoft.TypeSpec.Generator.Tests.dll" adapterTypeName="executor://nunit3testexecutor/" className="Microsoft.TypeSpec.Generator.Tests.Providers.ParameterProviderTests" name="CorrectValidationIsAppliedToParameter(Int32,False,None)" />
    </UnitTest>
    <UnitTest name="ReadOnlyDict_Defined_ReturnsTrue" storage="/home/runner/work/typespec/typespec/packages/http-client-csharp/generator/artifacts/bin/microsoft.typespec.generator.tests/debug/net8.0/microsoft.typespec.generator.tests.dll" id="dede0568-9d47-e49f-1a9a-a43efd7db022">
      <Execution id="4a4e4191-210d-4ed6-ac7d-52ac0b09bf81" />
      <TestMethod codeBase="/home/runner/work/typespec/typespec/packages/http-client-csharp/generator/artifacts/bin/Microsoft.TypeSpec.Generator.Tests/Debug/net8.0/Microsoft.TypeSpec.Generator.Tests.dll" adapterTypeName="executor://nunit3testexecutor/" className="Microsoft.TypeSpec.Generator.Tests.Providers.OptionalTests" name="ReadOnlyDict_Defined_ReturnsTrue" />
    </UnitTest>
    <UnitTest name="CanAddElement" storage="/home/runner/work/typespec/typespec/packages/http-client-csharp/generator/artifacts/bin/microsoft.typespec.generator.tests/debug/net8.0/microsoft.typespec.generator.tests.dll" id="2da1f0d6-58b2-9512-705e-b8c09a60c00e">
      <Execution id="02eb842a-b939-4395-84b9-45e70dc613b1" />
      <TestMethod codeBase="/home/runner/work/typespec/typespec/packages/http-client-csharp/generator/artifacts/bin/Microsoft.TypeSpec.Generator.Tests/Debug/net8.0/Microsoft.TypeSpec.Generator.Tests.dll" adapterTypeName="executor://nunit3testexecutor/" className="Microsoft.TypeSpec.Generator.Tests.Providers.ChangeTrackingListTest" name="CanAddElement" />
    </UnitTest>
    <UnitTest name="CSharpTypeOperatorTestEqual(string)" storage="/home/runner/work/typespec/typespec/packages/http-client-csharp/generator/artifacts/bin/microsoft.typespec.generator.tests/debug/net8.0/microsoft.typespec.generator.tests.dll" id="58a21691-74cf-e102-02a3-70f82a9abff5">
      <Execution id="0cfcb3e2-fe88-4611-801d-2f6aa82e5258" />
      <TestMethod codeBase="/home/runner/work/typespec/typespec/packages/http-client-csharp/generator/artifacts/bin/Microsoft.TypeSpec.Generator.Tests/Debug/net8.0/Microsoft.TypeSpec.Generator.Tests.dll" adapterTypeName="executor://nunit3testexecutor/" className="Microsoft.TypeSpec.Generator.Tests.Expressions.ValueExpressionTests" name="CSharpTypeOperatorTestEqual(string)" />
    </UnitTest>
    <UnitTest name="ValidateModifiers" storage="/home/runner/work/typespec/typespec/packages/http-client-csharp/generator/artifacts/bin/microsoft.typespec.generator.tests/debug/net8.0/microsoft.typespec.generator.tests.dll" id="f978fc6b-dcf1-e1b9-355c-6fcb1045a872">
      <Execution id="67565391-8774-4d43-a979-a87868d29431" />
      <TestMethod codeBase="/home/runner/work/typespec/typespec/packages/http-client-csharp/generator/artifacts/bin/Microsoft.TypeSpec.Generator.Tests/Debug/net8.0/Microsoft.TypeSpec.Generator.Tests.dll" adapterTypeName="executor://nunit3testexecutor/" className="Microsoft.TypeSpec.Generator.Tests.Providers.CanonicalTypeProviderTests" name="ValidateModifiers" />
    </UnitTest>
    <UnitTest name="CanCleanUpRemovedReferencesToRemovedModels" storage="/home/runner/work/typespec/typespec/packages/http-client-csharp/generator/artifacts/bin/microsoft.typespec.generator.tests/debug/net8.0/microsoft.typespec.generator.tests.dll" id="1ed7f2e7-7840-1569-725b-1f86aae73915">
      <Execution id="53c87d90-0374-46ea-8eb0-6b55e00ccd2d" />
      <TestMethod codeBase="/home/runner/work/typespec/typespec/packages/http-client-csharp/generator/artifacts/bin/Microsoft.TypeSpec.Generator.Tests/Debug/net8.0/Microsoft.TypeSpec.Generator.Tests.dll" adapterTypeName="executor://nunit3testexecutor/" className="Microsoft.TypeSpec.Generator.Tests.InputLibraryVisitorTests" name="CanCleanUpRemovedReferencesToRemovedModels" />
    </UnitTest>
    <UnitTest name="DoesNotReplaceMethodIfNotCustomized" storage="/home/runner/work/typespec/typespec/packages/http-client-csharp/generator/artifacts/bin/microsoft.typespec.generator.tests/debug/net8.0/microsoft.typespec.generator.tests.dll" id="605250e0-7a04-68c9-46f9-72dee413bc1f">
      <Execution id="41e6d568-e563-4ced-a042-49c23ade6ce4" />
      <TestMethod codeBase="/home/runner/work/typespec/typespec/packages/http-client-csharp/generator/artifacts/bin/Microsoft.TypeSpec.Generator.Tests/Debug/net8.0/Microsoft.TypeSpec.Generator.Tests.dll" adapterTypeName="executor://nunit3testexecutor/" className="Microsoft.TypeSpec.Generator.Tests.Providers.ModelFactories.ModelFactoriesCustomizationTests" name="DoesNotReplaceMethodIfNotCustomized" />
    </UnitTest>
    <UnitTest name="TestBuildAdditionalProperties(Microsoft.TypeSpec.Generator.Input.InputModelType,False,1)" storage="/home/runner/work/typespec/typespec/packages/http-client-csharp/generator/artifacts/bin/microsoft.typespec.generator.tests/debug/net8.0/microsoft.typespec.generator.tests.dll" id="a83c55d9-b4b3-f28e-764f-b9b4aa5db19f">
      <Execution id="fd2af30d-59cc-47b2-b7e9-901f9816d517" />
      <TestMethod codeBase="/home/runner/work/typespec/typespec/packages/http-client-csharp/generator/artifacts/bin/Microsoft.TypeSpec.Generator.Tests/Debug/net8.0/Microsoft.TypeSpec.Generator.Tests.dll" adapterTypeName="executor://nunit3testexecutor/" className="Microsoft.TypeSpec.Generator.Tests.Providers.ModelProviders.ModelProviderTests" name="TestBuildAdditionalProperties(Microsoft.TypeSpec.Generator.Input.InputModelType,False,1)" />
    </UnitTest>
    <UnitTest name="ValidatePropertyTypes(System.ReadOnlyMemory`1[System.Byte])" storage="/home/runner/work/typespec/typespec/packages/http-client-csharp/generator/artifacts/bin/microsoft.typespec.generator.tests/debug/net8.0/microsoft.typespec.generator.tests.dll" id="9101ab3b-170b-d074-831e-6bbc24513159">
      <Execution id="35e8187f-de34-42e0-ba74-a4285cb0e898" />
      <TestMethod codeBase="/home/runner/work/typespec/typespec/packages/http-client-csharp/generator/artifacts/bin/Microsoft.TypeSpec.Generator.Tests/Debug/net8.0/Microsoft.TypeSpec.Generator.Tests.dll" adapterTypeName="executor://nunit3testexecutor/" className="Microsoft.TypeSpec.Generator.Tests.Providers.NamedTypeSymbolProviders.NamedTypeSymbolProviderTests" name="ValidatePropertyTypes(System.ReadOnlyMemory`1[System.Byte])" />
    </UnitTest>
    <UnitTest name="TestIfElsePreprocessorStatement" storage="/home/runner/work/typespec/typespec/packages/http-client-csharp/generator/artifacts/bin/microsoft.typespec.generator.tests/debug/net8.0/microsoft.typespec.generator.tests.dll" id="d0ead31a-dfa4-4fab-bef3-937ea9925c36">
      <Execution id="8712e3cd-2de8-461d-a64e-98adc3bc3b30" />
      <TestMethod codeBase="/home/runner/work/typespec/typespec/packages/http-client-csharp/generator/artifacts/bin/Microsoft.TypeSpec.Generator.Tests/Debug/net8.0/Microsoft.TypeSpec.Generator.Tests.dll" adapterTypeName="executor://nunit3testexecutor/" className="Microsoft.TypeSpec.Generator.Tests.Statements.StatementTests" name="TestIfElsePreprocessorStatement" />
    </UnitTest>
    <UnitTest name="IsList(System.Int32,False)" storage="/home/runner/work/typespec/typespec/packages/http-client-csharp/generator/artifacts/bin/microsoft.typespec.generator.tests/debug/net8.0/microsoft.typespec.generator.tests.dll" id="40a85c6c-c756-5b14-9ac1-b54d809a5569">
      <Execution id="c694101e-7bf6-4224-8078-079df465ed45" />
      <TestMethod codeBase="/home/runner/work/typespec/typespec/packages/http-client-csharp/generator/artifacts/bin/Microsoft.TypeSpec.Generator.Tests/Debug/net8.0/Microsoft.TypeSpec.Generator.Tests.dll" adapterTypeName="executor://nunit3testexecutor/" className="Microsoft.TypeSpec.Generator.Tests.Primitives.CSharpTypeTests" name="IsList(System.Int32,False)" />
    </UnitTest>
    <UnitTest name="TestLoadBaselineContractLoadsTypeSuccessfully_UnevaluatedTargetFrameworks()" storage="/home/runner/work/typespec/typespec/packages/http-client-csharp/generator/artifacts/bin/microsoft.typespec.generator.tests/debug/net8.0/microsoft.typespec.generator.tests.dll" id="8b915ac3-5c09-a33c-76c3-2bbb3fbc3f08">
      <Execution id="0b79346c-f2fd-45c6-8a50-3acc4f540dd1" />
      <TestMethod codeBase="/home/runner/work/typespec/typespec/packages/http-client-csharp/generator/artifacts/bin/Microsoft.TypeSpec.Generator.Tests/Debug/net8.0/Microsoft.TypeSpec.Generator.Tests.dll" adapterTypeName="executor://nunit3testexecutor/" className="Microsoft.TypeSpec.Generator.Tests.GeneratedCodeWorkspaceTests" name="TestLoadBaselineContractLoadsTypeSuccessfully_UnevaluatedTargetFrameworks()" />
    </UnitTest>
    <UnitTest name="TestParseConfig_AdditionalConfigOptions" storage="/home/runner/work/typespec/typespec/packages/http-client-csharp/generator/artifacts/bin/microsoft.typespec.generator.tests/debug/net8.0/microsoft.typespec.generator.tests.dll" id="2236bcfd-9f7b-7b49-98ae-7a33571d1d8d">
      <Execution id="141d9605-034d-443a-a243-342cfe6089b0" />
      <TestMethod codeBase="/home/runner/work/typespec/typespec/packages/http-client-csharp/generator/artifacts/bin/Microsoft.TypeSpec.Generator.Tests/Debug/net8.0/Microsoft.TypeSpec.Generator.Tests.dll" adapterTypeName="executor://nunit3testexecutor/" className="Microsoft.TypeSpec.Generator.Tests.ConfigurationTests" name="TestParseConfig_AdditionalConfigOptions" />
    </UnitTest>
    <UnitTest name="TypesAreNotEqual(System.Collections.Generic.IList`1[System.Int32],System.Collections.Generic.IList`1[T])" storage="/home/runner/work/typespec/typespec/packages/http-client-csharp/generator/artifacts/bin/microsoft.typespec.generator.tests/debug/net8.0/microsoft.typespec.generator.tests.dll" id="935a63b5-070b-d745-9989-b4b59e3623fb">
      <Execution id="ac3723a6-1dcd-4630-9af6-67ed5e8d78d6" />
      <TestMethod codeBase="/home/runner/work/typespec/typespec/packages/http-client-csharp/generator/artifacts/bin/Microsoft.TypeSpec.Generator.Tests/Debug/net8.0/Microsoft.TypeSpec.Generator.Tests.dll" adapterTypeName="executor://nunit3testexecutor/" className="Microsoft.TypeSpec.Generator.Tests.Primitives.CSharpTypeTests" name="TypesAreNotEqual(System.Collections.Generic.IList`1[System.Int32],System.Collections.Generic.IList`1[T])" />
    </UnitTest>
    <UnitTest name="IfStatementWithAddMethod" storage="/home/runner/work/typespec/typespec/packages/http-client-csharp/generator/artifacts/bin/microsoft.typespec.generator.tests/debug/net8.0/microsoft.typespec.generator.tests.dll" id="321bae8d-4b23-8ae4-5b88-5171b0e824e4">
      <Execution id="a5706d89-78fc-4b3e-99a6-97a8879de11f" />
      <TestMethod codeBase="/home/runner/work/typespec/typespec/packages/http-client-csharp/generator/artifacts/bin/Microsoft.TypeSpec.Generator.Tests/Debug/net8.0/Microsoft.TypeSpec.Generator.Tests.dll" adapterTypeName="executor://nunit3testexecutor/" className="Microsoft.TypeSpec.Generator.Tests.Statements.StatementTests" name="IfStatementWithAddMethod" />
    </UnitTest>
    <UnitTest name="TestBuildProperties_WithAdditionalProperties" storage="/home/runner/work/typespec/typespec/packages/http-client-csharp/generator/artifacts/bin/microsoft.typespec.generator.tests/debug/net8.0/microsoft.typespec.generator.tests.dll" id="5aa2bcc6-0d2c-e30e-49bf-d1c95c743531">
      <Execution id="0f6881e8-e551-4aab-9ea9-22c8948fe8ee" />
      <TestMethod codeBase="/home/runner/work/typespec/typespec/packages/http-client-csharp/generator/artifacts/bin/Microsoft.TypeSpec.Generator.Tests/Debug/net8.0/Microsoft.TypeSpec.Generator.Tests.dll" adapterTypeName="executor://nunit3testexecutor/" className="Microsoft.TypeSpec.Generator.Tests.Providers.ModelProviders.ModelProviderTests" name="TestBuildProperties_WithAdditionalProperties" />
    </UnitTest>
    <UnitTest name="ValidateNullableTypes(Microsoft.TypeSpec.Generator.Tests.Primitives.CSharpTypeTests+TestStruct`1[System.Nullable`1[Microsoft.TypeSpec.Generator.Tests.Primitives.CSharpTypeTests+TestStruct`1[System.Int32]]],[global::Microsoft.TypeSpec.Generator.Tests.Primitives.CSharpTypeTests.TestStruct&lt;int&gt;?],False)" storage="/home/runner/work/typespec/typespec/packages/http-client-csharp/generator/artifacts/bin/microsoft.typespec.generator.tests/debug/net8.0/microsoft.typespec.generator.tests.dll" id="7a48136c-ae1a-e05a-6a4a-e1f5a7d37d2f">
      <Execution id="9bad1076-6ba3-4b94-9a38-c2a1f708a882" />
      <TestMethod codeBase="/home/runner/work/typespec/typespec/packages/http-client-csharp/generator/artifacts/bin/Microsoft.TypeSpec.Generator.Tests/Debug/net8.0/Microsoft.TypeSpec.Generator.Tests.dll" adapterTypeName="executor://nunit3testexecutor/" className="Microsoft.TypeSpec.Generator.Tests.Primitives.CSharpTypeTests" name="ValidateNullableTypes(Microsoft.TypeSpec.Generator.Tests.Primitives.CSharpTypeTests+TestStruct`1[System.Nullable`1[Microsoft.TypeSpec.Generator.Tests.Primitives.CSharpTypeTests+TestStruct`1[System.Int32]]],[global::Microsoft.TypeSpec.Generator.Tests.Primitives.CSharpTypeTests.TestStruct&lt;int&gt;?],False)" />
    </UnitTest>
    <UnitTest name="CodeWriter_WriteProperty_IndexerProperty_AutoBody_WithExplicitInterface" storage="/home/runner/work/typespec/typespec/packages/http-client-csharp/generator/artifacts/bin/microsoft.typespec.generator.tests/debug/net8.0/microsoft.typespec.generator.tests.dll" id="0efee447-18f8-7559-9564-d3100ee72ab5">
      <Execution id="a59baff5-6999-4388-a433-8cfe6cc2a008" />
      <TestMethod codeBase="/home/runner/work/typespec/typespec/packages/http-client-csharp/generator/artifacts/bin/Microsoft.TypeSpec.Generator.Tests/Debug/net8.0/Microsoft.TypeSpec.Generator.Tests.dll" adapterTypeName="executor://nunit3testexecutor/" className="Microsoft.TypeSpec.Generator.Tests.Writers.CodeWriterTests" name="CodeWriter_WriteProperty_IndexerProperty_AutoBody_WithExplicitInterface" />
    </UnitTest>
    <UnitTest name="DoesNotRemoveConstructorsThatDoNotMatch" storage="/home/runner/work/typespec/typespec/packages/http-client-csharp/generator/artifacts/bin/microsoft.typespec.generator.tests/debug/net8.0/microsoft.typespec.generator.tests.dll" id="f3c5c92b-129c-ce91-00fd-5641143a8603">
      <Execution id="728120e9-afdb-4c15-9371-b6fd6a7c0b59" />
      <TestMethod codeBase="/home/runner/work/typespec/typespec/packages/http-client-csharp/generator/artifacts/bin/Microsoft.TypeSpec.Generator.Tests/Debug/net8.0/Microsoft.TypeSpec.Generator.Tests.dll" adapterTypeName="executor://nunit3testexecutor/" className="Microsoft.TypeSpec.Generator.Tests.Providers.ModelProviders.ClientCustomizationTests" name="DoesNotRemoveConstructorsThatDoNotMatch" />
    </UnitTest>
    <UnitTest name="SkipInternalModels" storage="/home/runner/work/typespec/typespec/packages/http-client-csharp/generator/artifacts/bin/microsoft.typespec.generator.tests/debug/net8.0/microsoft.typespec.generator.tests.dll" id="5f5bcfaf-cfd9-b964-4d3b-0be4872b8e61">
      <Execution id="b6b942ce-e4e4-4ebd-8aef-8c896f0e8d4d" />
      <TestMethod codeBase="/home/runner/work/typespec/typespec/packages/http-client-csharp/generator/artifacts/bin/Microsoft.TypeSpec.Generator.Tests/Debug/net8.0/Microsoft.TypeSpec.Generator.Tests.dll" adapterTypeName="executor://nunit3testexecutor/" className="Microsoft.TypeSpec.Generator.Tests.Providers.ModelFactories.ModelFactoryProviderTests" name="SkipInternalModels" />
    </UnitTest>
    <UnitTest name="SeeCRefType(System.Collections.Generic.KeyValuePair`2[TKey,TValue],False)" storage="/home/runner/work/typespec/typespec/packages/http-client-csharp/generator/artifacts/bin/microsoft.typespec.generator.tests/debug/net8.0/microsoft.typespec.generator.tests.dll" id="bdc2b68d-febd-eaad-9bfc-6b14ef865371">
      <Execution id="6249b08d-391a-41b2-8faf-cd505b372367" />
      <TestMethod codeBase="/home/runner/work/typespec/typespec/packages/http-client-csharp/generator/artifacts/bin/Microsoft.TypeSpec.Generator.Tests/Debug/net8.0/Microsoft.TypeSpec.Generator.Tests.dll" adapterTypeName="executor://nunit3testexecutor/" className="Microsoft.TypeSpec.Generator.Tests.Writers.CodeWriterTests" name="SeeCRefType(System.Collections.Generic.KeyValuePair`2[TKey,TValue],False)" />
    </UnitTest>
    <UnitTest name="TypesAreNotEqualWhenNullabilityIsDifferent(System.Collections.Generic.IDictionary`2[System.Collections.Generic.IDictionary`2[System.Int32,System.String],System.Collections.Generic.IDictionary`2[System.String,System.Int32]])" storage="/home/runner/work/typespec/typespec/packages/http-client-csharp/generator/artifacts/bin/microsoft.typespec.generator.tests/debug/net8.0/microsoft.typespec.generator.tests.dll" id="1987b856-ca1c-f390-f03f-982fd981aad7">
      <Execution id="e8dc6bca-61b6-41b7-8ea6-3fc1c1f280e3" />
      <TestMethod codeBase="/home/runner/work/typespec/typespec/packages/http-client-csharp/generator/artifacts/bin/Microsoft.TypeSpec.Generator.Tests/Debug/net8.0/Microsoft.TypeSpec.Generator.Tests.dll" adapterTypeName="executor://nunit3testexecutor/" className="Microsoft.TypeSpec.Generator.Tests.Primitives.CSharpTypeTests" name="TypesAreNotEqualWhenNullabilityIsDifferent(System.Collections.Generic.IDictionary`2[System.Collections.Generic.IDictionary`2[System.Int32,System.String],System.Collections.Generic.IDictionary`2[System.String,System.Int32]])" />
    </UnitTest>
    <UnitTest name="HashCodesAreNotEqual(System.Collections.Generic.IDictionary`2[System.Int32,System.String],System.Collections.Generic.IDictionary`2[System.String,System.Int32])" storage="/home/runner/work/typespec/typespec/packages/http-client-csharp/generator/artifacts/bin/microsoft.typespec.generator.tests/debug/net8.0/microsoft.typespec.generator.tests.dll" id="afe1a25a-3395-d21e-c029-121274c82e10">
      <Execution id="a6405ca4-4f9d-4f74-8665-e71f2a3a0264" />
      <TestMethod codeBase="/home/runner/work/typespec/typespec/packages/http-client-csharp/generator/artifacts/bin/Microsoft.TypeSpec.Generator.Tests/Debug/net8.0/Microsoft.TypeSpec.Generator.Tests.dll" adapterTypeName="executor://nunit3testexecutor/" className="Microsoft.TypeSpec.Generator.Tests.Primitives.CSharpTypeTests" name="HashCodesAreNotEqual(System.Collections.Generic.IDictionary`2[System.Int32,System.String],System.Collections.Generic.IDictionary`2[System.String,System.Int32])" />
    </UnitTest>
    <UnitTest name="ValidatePropertyTypes(System.Int32)" storage="/home/runner/work/typespec/typespec/packages/http-client-csharp/generator/artifacts/bin/microsoft.typespec.generator.tests/debug/net8.0/microsoft.typespec.generator.tests.dll" id="67ca227b-fc3f-9d3d-2e4b-6cc288f33c16">
      <Execution id="c2f1eead-2140-44df-9a53-0c2a6e209fa7" />
      <TestMethod codeBase="/home/runner/work/typespec/typespec/packages/http-client-csharp/generator/artifacts/bin/Microsoft.TypeSpec.Generator.Tests/Debug/net8.0/Microsoft.TypeSpec.Generator.Tests.dll" adapterTypeName="executor://nunit3testexecutor/" className="Microsoft.TypeSpec.Generator.Tests.Providers.NamedTypeSymbolProviders.NamedTypeSymbolProviderTests" name="ValidatePropertyTypes(System.Int32)" />
    </UnitTest>
    <UnitTest name="TestCancellationToken" storage="/home/runner/work/typespec/typespec/packages/http-client-csharp/generator/artifacts/bin/microsoft.typespec.generator.tests/debug/net8.0/microsoft.typespec.generator.tests.dll" id="bda75a14-e3da-e4ed-22ed-7b7f1b3c3dc7">
      <Execution id="77e543f2-afa6-4404-99ca-c6dd643f5427" />
      <TestMethod codeBase="/home/runner/work/typespec/typespec/packages/http-client-csharp/generator/artifacts/bin/Microsoft.TypeSpec.Generator.Tests/Debug/net8.0/Microsoft.TypeSpec.Generator.Tests.dll" adapterTypeName="executor://nunit3testexecutor/" className="Microsoft.TypeSpec.Generator.Tests.Primitives.KnownParametersTests" name="TestCancellationToken" />
    </UnitTest>
    <UnitTest name="CanRemoveConstructors" storage="/home/runner/work/typespec/typespec/packages/http-client-csharp/generator/artifacts/bin/microsoft.typespec.generator.tests/debug/net8.0/microsoft.typespec.generator.tests.dll" id="d4e5e104-5606-3dd9-f6e5-12f84f352341">
      <Execution id="5f589811-466a-49af-8e6a-b60de275ee86" />
      <TestMethod codeBase="/home/runner/work/typespec/typespec/packages/http-client-csharp/generator/artifacts/bin/Microsoft.TypeSpec.Generator.Tests/Debug/net8.0/Microsoft.TypeSpec.Generator.Tests.dll" adapterTypeName="executor://nunit3testexecutor/" className="Microsoft.TypeSpec.Generator.Tests.Providers.ModelProviders.ClientCustomizationTests" name="CanRemoveConstructors" />
    </UnitTest>
    <UnitTest name="CanChangeModelName" storage="/home/runner/work/typespec/typespec/packages/http-client-csharp/generator/artifacts/bin/microsoft.typespec.generator.tests/debug/net8.0/microsoft.typespec.generator.tests.dll" id="6d44a4f8-4f17-926e-54f6-59f6ee49f887">
      <Execution id="2fd5bbe8-19fb-4788-9444-98ef0d6df530" />
      <TestMethod codeBase="/home/runner/work/typespec/typespec/packages/http-client-csharp/generator/artifacts/bin/Microsoft.TypeSpec.Generator.Tests/Debug/net8.0/Microsoft.TypeSpec.Generator.Tests.dll" adapterTypeName="executor://nunit3testexecutor/" className="Microsoft.TypeSpec.Generator.Tests.Providers.ModelProviders.ModelCustomizationTests" name="CanChangeModelName" />
    </UnitTest>
    <UnitTest name="ValidateParameters(System.Nullable`1[System.Double],LiteralExpression { Literal = 2.2 })" storage="/home/runner/work/typespec/typespec/packages/http-client-csharp/generator/artifacts/bin/microsoft.typespec.generator.tests/debug/net8.0/microsoft.typespec.generator.tests.dll" id="7f92474a-3ae5-e825-288d-feb3f92941e7">
      <Execution id="a9fc3490-771f-422b-900c-501a6e7d968b" />
      <TestMethod codeBase="/home/runner/work/typespec/typespec/packages/http-client-csharp/generator/artifacts/bin/Microsoft.TypeSpec.Generator.Tests/Debug/net8.0/Microsoft.TypeSpec.Generator.Tests.dll" adapterTypeName="executor://nunit3testexecutor/" className="Microsoft.TypeSpec.Generator.Tests.Providers.NamedTypeSymbolProviders.NamedTypeSymbolProviderTests" name="ValidateParameters(System.Nullable`1[System.Double],LiteralExpression { Literal = 2.2 })" />
    </UnitTest>
    <UnitTest name="TestBreakLines_AllLiteralsNoArgsWithCR" storage="/home/runner/work/typespec/typespec/packages/http-client-csharp/generator/artifacts/bin/microsoft.typespec.generator.tests/debug/net8.0/microsoft.typespec.generator.tests.dll" id="67400dc0-2be8-6421-c6f9-06c2f3c9beb6">
      <Execution id="72f42586-b81d-436f-9d46-201d995ef4e5" />
      <TestMethod codeBase="/home/runner/work/typespec/typespec/packages/http-client-csharp/generator/artifacts/bin/Microsoft.TypeSpec.Generator.Tests/Debug/net8.0/Microsoft.TypeSpec.Generator.Tests.dll" adapterTypeName="executor://nunit3testexecutor/" className="Microsoft.TypeSpec.Generator.Tests.Utilities.FormattableStringHelpersTests" name="TestBreakLines_AllLiteralsNoArgsWithCR" />
    </UnitTest>
    <UnitTest name="TestBreakLines_LiteralOpenAndCloseBraceWithLineBreaksAndT" storage="/home/runner/work/typespec/typespec/packages/http-client-csharp/generator/artifacts/bin/microsoft.typespec.generator.tests/debug/net8.0/microsoft.typespec.generator.tests.dll" id="29f56393-0f9d-2dc2-8e0a-4b7171cb8b99">
      <Execution id="0bec5fe8-0e9f-45d2-82bf-770221912e28" />
      <TestMethod codeBase="/home/runner/work/typespec/typespec/packages/http-client-csharp/generator/artifacts/bin/Microsoft.TypeSpec.Generator.Tests/Debug/net8.0/Microsoft.TypeSpec.Generator.Tests.dll" adapterTypeName="executor://nunit3testexecutor/" className="Microsoft.TypeSpec.Generator.Tests.Utilities.FormattableStringHelpersTests" name="TestBreakLines_LiteralOpenAndCloseBraceWithLineBreaksAndT" />
    </UnitTest>
    <UnitTest name="ModelWithCustomExtensibleEnumDiscriminator" storage="/home/runner/work/typespec/typespec/packages/http-client-csharp/generator/artifacts/bin/microsoft.typespec.generator.tests/debug/net8.0/microsoft.typespec.generator.tests.dll" id="089e7413-e8ec-1975-7958-928c9e66b647">
      <Execution id="17095373-a4f6-460b-b8dd-5e20d2636fed" />
      <TestMethod codeBase="/home/runner/work/typespec/typespec/packages/http-client-csharp/generator/artifacts/bin/Microsoft.TypeSpec.Generator.Tests/Debug/net8.0/Microsoft.TypeSpec.Generator.Tests.dll" adapterTypeName="executor://nunit3testexecutor/" className="Microsoft.TypeSpec.Generator.Tests.Providers.ModelProviders.DiscriminatorTests" name="ModelWithCustomExtensibleEnumDiscriminator" />
    </UnitTest>
    <UnitTest name="CanRemoveProperty" storage="/home/runner/work/typespec/typespec/packages/http-client-csharp/generator/artifacts/bin/microsoft.typespec.generator.tests/debug/net8.0/microsoft.typespec.generator.tests.dll" id="185dbb4d-75ae-8bb0-5710-325836db379a">
      <Execution id="64ea498c-83be-4a18-924a-c0c84451fc1f" />
      <TestMethod codeBase="/home/runner/work/typespec/typespec/packages/http-client-csharp/generator/artifacts/bin/Microsoft.TypeSpec.Generator.Tests/Debug/net8.0/Microsoft.TypeSpec.Generator.Tests.dll" adapterTypeName="executor://nunit3testexecutor/" className="Microsoft.TypeSpec.Generator.Tests.Providers.ModelProviders.ModelCustomizationTests" name="CanRemoveProperty" />
    </UnitTest>
    <UnitTest name="TestSwitchStatementWithMultipleCasesWrite" storage="/home/runner/work/typespec/typespec/packages/http-client-csharp/generator/artifacts/bin/microsoft.typespec.generator.tests/debug/net8.0/microsoft.typespec.generator.tests.dll" id="5d824b67-f14a-a3ef-6f6d-b5503b2915cc">
      <Execution id="b665e0d6-ad5e-48fe-aca2-02a9948bd6f3" />
      <TestMethod codeBase="/home/runner/work/typespec/typespec/packages/http-client-csharp/generator/artifacts/bin/Microsoft.TypeSpec.Generator.Tests/Debug/net8.0/Microsoft.TypeSpec.Generator.Tests.dll" adapterTypeName="executor://nunit3testexecutor/" className="Microsoft.TypeSpec.Generator.Tests.Statements.StatementTests" name="TestSwitchStatementWithMultipleCasesWrite" />
    </UnitTest>
    <UnitTest name="ValidatePropertyTypes(System.Nullable`1[System.Single])" storage="/home/runner/work/typespec/typespec/packages/http-client-csharp/generator/artifacts/bin/microsoft.typespec.generator.tests/debug/net8.0/microsoft.typespec.generator.tests.dll" id="beb5b189-2536-cd9f-c963-dbc836000f93">
      <Execution id="fbe4de81-d39c-4c48-8f02-d1cc934e3caf" />
      <TestMethod codeBase="/home/runner/work/typespec/typespec/packages/http-client-csharp/generator/artifacts/bin/Microsoft.TypeSpec.Generator.Tests/Debug/net8.0/Microsoft.TypeSpec.Generator.Tests.dll" adapterTypeName="executor://nunit3testexecutor/" className="Microsoft.TypeSpec.Generator.Tests.Providers.NamedTypeSymbolProviders.NamedTypeSymbolProviderTests" name="ValidatePropertyTypes(System.Nullable`1[System.Single])" />
    </UnitTest>
    <UnitTest name="IsList(System.Collections.Generic.IDictionary`2[TKey,TValue],False)" storage="/home/runner/work/typespec/typespec/packages/http-client-csharp/generator/artifacts/bin/microsoft.typespec.generator.tests/debug/net8.0/microsoft.typespec.generator.tests.dll" id="7b78ffae-a6a9-ee3b-0943-f6470028f614">
      <Execution id="6690184d-ecda-4a1f-9531-0e5a2971bc65" />
      <TestMethod codeBase="/home/runner/work/typespec/typespec/packages/http-client-csharp/generator/artifacts/bin/Microsoft.TypeSpec.Generator.Tests/Debug/net8.0/Microsoft.TypeSpec.Generator.Tests.dll" adapterTypeName="executor://nunit3testexecutor/" className="Microsoft.TypeSpec.Generator.Tests.Primitives.CSharpTypeTests" name="IsList(System.Collections.Generic.IDictionary`2[TKey,TValue],False)" />
    </UnitTest>
    <UnitTest name="TestIsCSharpKeyword(&quot;ushort&quot;,True)" storage="/home/runner/work/typespec/typespec/packages/http-client-csharp/generator/artifacts/bin/microsoft.typespec.generator.tests/debug/net8.0/microsoft.typespec.generator.tests.dll" id="95ec9315-2124-92d2-df37-cd2df12d7f21">
      <Execution id="b6804f8e-d137-4aaf-940d-7fb4fc1e1e43" />
      <TestMethod codeBase="/home/runner/work/typespec/typespec/packages/http-client-csharp/generator/artifacts/bin/Microsoft.TypeSpec.Generator.Tests/Debug/net8.0/Microsoft.TypeSpec.Generator.Tests.dll" adapterTypeName="executor://nunit3testexecutor/" className="Microsoft.TypeSpec.Generator.Tests.Utilities.StringExtensionsTests" name="TestIsCSharpKeyword(&quot;ushort&quot;,True)" />
    </UnitTest>
    <UnitTest name="SeeCRefType(System.String,False)" storage="/home/runner/work/typespec/typespec/packages/http-client-csharp/generator/artifacts/bin/microsoft.typespec.generator.tests/debug/net8.0/microsoft.typespec.generator.tests.dll" id="425f0968-bc6c-b822-0d8e-78aac815df6b">
      <Execution id="682b8b59-8a61-4136-a0ba-5b881d385dc9" />
      <TestMethod codeBase="/home/runner/work/typespec/typespec/packages/http-client-csharp/generator/artifacts/bin/Microsoft.TypeSpec.Generator.Tests/Debug/net8.0/Microsoft.TypeSpec.Generator.Tests.dll" adapterTypeName="executor://nunit3testexecutor/" className="Microsoft.TypeSpec.Generator.Tests.Writers.CodeWriterTests" name="SeeCRefType(System.String,False)" />
    </UnitTest>
    <UnitTest name="Equals_SameInstance_ReturnsTrue" storage="/home/runner/work/typespec/typespec/packages/http-client-csharp/generator/artifacts/bin/microsoft.typespec.generator.tests/debug/net8.0/microsoft.typespec.generator.tests.dll" id="98f05983-1e7e-ea2f-d552-d801d6e799d0">
      <Execution id="27109386-a6b3-4556-bf15-bbb1a299108b" />
      <TestMethod codeBase="/home/runner/work/typespec/typespec/packages/http-client-csharp/generator/artifacts/bin/Microsoft.TypeSpec.Generator.Tests/Debug/net8.0/Microsoft.TypeSpec.Generator.Tests.dll" adapterTypeName="executor://nunit3testexecutor/" className="Microsoft.TypeSpec.Generator.Tests.Providers.ParameterProviderTests" name="Equals_SameInstance_ReturnsTrue" />
    </UnitTest>
    <UnitTest name="BuildPropertyDescription(Microsoft.TypeSpec.Generator.Input.InputModelProperty,global::System.Collections.Generic.IReadOnlyList&lt;global::System.BinaryData&gt;)" storage="/home/runner/work/typespec/typespec/packages/http-client-csharp/generator/artifacts/bin/microsoft.typespec.generator.tests/debug/net8.0/microsoft.typespec.generator.tests.dll" id="ae193638-acd8-a527-e257-07f3dcf34f52">
      <Execution id="226fccd9-7b05-47ab-a3bc-6eed37b872b0" />
      <TestMethod codeBase="/home/runner/work/typespec/typespec/packages/http-client-csharp/generator/artifacts/bin/Microsoft.TypeSpec.Generator.Tests/Debug/net8.0/Microsoft.TypeSpec.Generator.Tests.dll" adapterTypeName="executor://nunit3testexecutor/" className="Microsoft.TypeSpec.Generator.Tests.Providers.PropertyDescriptionTests" name="BuildPropertyDescription(Microsoft.TypeSpec.Generator.Input.InputModelProperty,global::System.Collections.Generic.IReadOnlyList&lt;global::System.BinaryData&gt;)" />
    </UnitTest>
    <UnitTest name="KeyValuePairExpression(System.Collections.Generic.IList`1[T],System.Collections.Generic.IList`1[System.Int32])" storage="/home/runner/work/typespec/typespec/packages/http-client-csharp/generator/artifacts/bin/microsoft.typespec.generator.tests/debug/net8.0/microsoft.typespec.generator.tests.dll" id="da50189e-1654-a614-5cf7-55d31b87632c">
      <Execution id="79f4598f-728d-4cde-b7ac-edcfcfefe2f4" />
      <TestMethod codeBase="/home/runner/work/typespec/typespec/packages/http-client-csharp/generator/artifacts/bin/Microsoft.TypeSpec.Generator.Tests/Debug/net8.0/Microsoft.TypeSpec.Generator.Tests.dll" adapterTypeName="executor://nunit3testexecutor/" className="Microsoft.TypeSpec.Generator.Tests.Expressions.KnownValueExpressionsTests" name="KeyValuePairExpression(System.Collections.Generic.IList`1[T],System.Collections.Generic.IList`1[System.Int32])" />
    </UnitTest>
    <UnitTest name="TestIsCSharpKeyword(&quot;stackalloc&quot;,True)" storage="/home/runner/work/typespec/typespec/packages/http-client-csharp/generator/artifacts/bin/microsoft.typespec.generator.tests/debug/net8.0/microsoft.typespec.generator.tests.dll" id="642252cc-ee55-63d1-36e9-8adcb260ce39">
      <Execution id="bef27e5b-fb38-4af6-8277-cd71d1001a3f" />
      <TestMethod codeBase="/home/runner/work/typespec/typespec/packages/http-client-csharp/generator/artifacts/bin/Microsoft.TypeSpec.Generator.Tests/Debug/net8.0/Microsoft.TypeSpec.Generator.Tests.dll" adapterTypeName="executor://nunit3testexecutor/" className="Microsoft.TypeSpec.Generator.Tests.Utilities.StringExtensionsTests" name="TestIsCSharpKeyword(&quot;stackalloc&quot;,True)" />
    </UnitTest>
    <UnitTest name="TestIsCSharpKeyword(&quot;return&quot;,True)" storage="/home/runner/work/typespec/typespec/packages/http-client-csharp/generator/artifacts/bin/microsoft.typespec.generator.tests/debug/net8.0/microsoft.typespec.generator.tests.dll" id="8184f7a8-0925-f1d0-46b4-d23e51b3f952">
      <Execution id="57f5bed4-320f-4909-a23e-78def4c432ca" />
      <TestMethod codeBase="/home/runner/work/typespec/typespec/packages/http-client-csharp/generator/artifacts/bin/Microsoft.TypeSpec.Generator.Tests/Debug/net8.0/Microsoft.TypeSpec.Generator.Tests.dll" adapterTypeName="executor://nunit3testexecutor/" className="Microsoft.TypeSpec.Generator.Tests.Utilities.StringExtensionsTests" name="TestIsCSharpKeyword(&quot;return&quot;,True)" />
    </UnitTest>
    <UnitTest name="ValidateParameters(System.Int64,ScopedApi { Original = LiteralExpression { Literal = 2 }, Type = long })" storage="/home/runner/work/typespec/typespec/packages/http-client-csharp/generator/artifacts/bin/microsoft.typespec.generator.tests/debug/net8.0/microsoft.typespec.generator.tests.dll" id="2daa200d-5979-dd1f-ee8e-99b19a63d1ac">
      <Execution id="8458262b-630b-4321-aeda-0672ba980616" />
      <TestMethod codeBase="/home/runner/work/typespec/typespec/packages/http-client-csharp/generator/artifacts/bin/Microsoft.TypeSpec.Generator.Tests/Debug/net8.0/Microsoft.TypeSpec.Generator.Tests.dll" adapterTypeName="executor://nunit3testexecutor/" className="Microsoft.TypeSpec.Generator.Tests.Providers.NamedTypeSymbolProviders.NamedTypeSymbolProviderTests" name="ValidateParameters(System.Int64,ScopedApi { Original = LiteralExpression { Literal = 2 }, Type = long })" />
    </UnitTest>
    <UnitTest name="FinallyStatementWithEmptyBody" storage="/home/runner/work/typespec/typespec/packages/http-client-csharp/generator/artifacts/bin/microsoft.typespec.generator.tests/debug/net8.0/microsoft.typespec.generator.tests.dll" id="19957d96-1633-4d7e-9bbc-0391b74c0a69">
      <Execution id="70ebd873-29b8-40a0-9c31-66379a607f50" />
      <TestMethod codeBase="/home/runner/work/typespec/typespec/packages/http-client-csharp/generator/artifacts/bin/Microsoft.TypeSpec.Generator.Tests/Debug/net8.0/Microsoft.TypeSpec.Generator.Tests.dll" adapterTypeName="executor://nunit3testexecutor/" className="Microsoft.TypeSpec.Generator.Tests.Statements.StatementTests" name="FinallyStatementWithEmptyBody" />
    </UnitTest>
    <UnitTest name="CanChangeMemberExpression" storage="/home/runner/work/typespec/typespec/packages/http-client-csharp/generator/artifacts/bin/microsoft.typespec.generator.tests/debug/net8.0/microsoft.typespec.generator.tests.dll" id="161e78a2-985b-73b5-20a4-3feb854ec30e">
      <Execution id="b734974d-7ea1-4421-af5d-611c88529400" />
      <TestMethod codeBase="/home/runner/work/typespec/typespec/packages/http-client-csharp/generator/artifacts/bin/Microsoft.TypeSpec.Generator.Tests/Debug/net8.0/Microsoft.TypeSpec.Generator.Tests.dll" adapterTypeName="executor://nunit3testexecutor/" className="Microsoft.TypeSpec.Generator.Tests.Expressions.ExpressionVisitorTests" name="CanChangeMemberExpression" />
    </UnitTest>
    <UnitTest name="IfStatementWithBoolExpression" storage="/home/runner/work/typespec/typespec/packages/http-client-csharp/generator/artifacts/bin/microsoft.typespec.generator.tests/debug/net8.0/microsoft.typespec.generator.tests.dll" id="8b789692-7fa9-8c51-af77-5dd69c682321">
      <Execution id="a8f3ef2d-1404-46e8-a6c7-69f694c78fe3" />
      <TestMethod codeBase="/home/runner/work/typespec/typespec/packages/http-client-csharp/generator/artifacts/bin/Microsoft.TypeSpec.Generator.Tests/Debug/net8.0/Microsoft.TypeSpec.Generator.Tests.dll" adapterTypeName="executor://nunit3testexecutor/" className="Microsoft.TypeSpec.Generator.Tests.Statements.StatementTests" name="IfStatementWithBoolExpression" />
    </UnitTest>
    <UnitTest name="IsCollectionType(System.Int32,False)" storage="/home/runner/work/typespec/typespec/packages/http-client-csharp/generator/artifacts/bin/microsoft.typespec.generator.tests/debug/net8.0/microsoft.typespec.generator.tests.dll" id="d532a0a5-d4b5-89bf-ed30-c628d8430ed9">
      <Execution id="cee93c63-1f51-4927-aad4-22dac2db28f6" />
      <TestMethod codeBase="/home/runner/work/typespec/typespec/packages/http-client-csharp/generator/artifacts/bin/Microsoft.TypeSpec.Generator.Tests/Debug/net8.0/Microsoft.TypeSpec.Generator.Tests.dll" adapterTypeName="executor://nunit3testexecutor/" className="Microsoft.TypeSpec.Generator.Tests.Primitives.CSharpTypeTests" name="IsCollectionType(System.Int32,False)" />
    </UnitTest>
    <UnitTest name="TypesAreNotEqual(System.Collections.Generic.IList`1[T],System.Int32)" storage="/home/runner/work/typespec/typespec/packages/http-client-csharp/generator/artifacts/bin/microsoft.typespec.generator.tests/debug/net8.0/microsoft.typespec.generator.tests.dll" id="6a240a6a-f74d-5b42-c5f5-258ba3c705b6">
      <Execution id="0fba74cb-3eb5-4cf3-81ce-26efb02fad8f" />
      <TestMethod codeBase="/home/runner/work/typespec/typespec/packages/http-client-csharp/generator/artifacts/bin/Microsoft.TypeSpec.Generator.Tests/Debug/net8.0/Microsoft.TypeSpec.Generator.Tests.dll" adapterTypeName="executor://nunit3testexecutor/" className="Microsoft.TypeSpec.Generator.Tests.Primitives.CSharpTypeTests" name="TypesAreNotEqual(System.Collections.Generic.IList`1[T],System.Int32)" />
    </UnitTest>
    <UnitTest name="BodyHasSetterValidation(&quot;requiredIntOnInputModel&quot;,Microsoft.TypeSpec.Generator.Input.InputModelType,False,null)" storage="/home/runner/work/typespec/typespec/packages/http-client-csharp/generator/artifacts/bin/microsoft.typespec.generator.tests/debug/net8.0/microsoft.typespec.generator.tests.dll" id="375da16e-ebee-ecc7-797b-929b41394d34">
      <Execution id="dfb58858-4b4e-43c5-aedc-284d2e44ae2e" />
      <TestMethod codeBase="/home/runner/work/typespec/typespec/packages/http-client-csharp/generator/artifacts/bin/Microsoft.TypeSpec.Generator.Tests/Debug/net8.0/Microsoft.TypeSpec.Generator.Tests.dll" adapterTypeName="executor://nunit3testexecutor/" className="Microsoft.TypeSpec.Generator.Tests.Providers.PropertyProviderTests" name="BodyHasSetterValidation(&quot;requiredIntOnInputModel&quot;,Microsoft.TypeSpec.Generator.Input.InputModelType,False,null)" />
    </UnitTest>
    <UnitTest name="CodeWriter_WriteProperty_MethodPropertyBody_WithExplicitInterface" storage="/home/runner/work/typespec/typespec/packages/http-client-csharp/generator/artifacts/bin/microsoft.typespec.generator.tests/debug/net8.0/microsoft.typespec.generator.tests.dll" id="ed65733d-7af3-f495-5fb1-3e84aed28606">
      <Execution id="ff861901-461e-472d-a1aa-421a422f551e" />
      <TestMethod codeBase="/home/runner/work/typespec/typespec/packages/http-client-csharp/generator/artifacts/bin/Microsoft.TypeSpec.Generator.Tests/Debug/net8.0/Microsoft.TypeSpec.Generator.Tests.dll" adapterTypeName="executor://nunit3testexecutor/" className="Microsoft.TypeSpec.Generator.Tests.Writers.CodeWriterTests" name="CodeWriter_WriteProperty_MethodPropertyBody_WithExplicitInterface" />
    </UnitTest>
    <UnitTest name="CanChangeListOfEnumPropToListOfExtensibleEnum" storage="/home/runner/work/typespec/typespec/packages/http-client-csharp/generator/artifacts/bin/microsoft.typespec.generator.tests/debug/net8.0/microsoft.typespec.generator.tests.dll" id="9c68e8ba-d79b-4649-1a25-9088e672ac51">
      <Execution id="174219ab-94d9-4def-a467-cf2e53578aea" />
      <TestMethod codeBase="/home/runner/work/typespec/typespec/packages/http-client-csharp/generator/artifacts/bin/Microsoft.TypeSpec.Generator.Tests/Debug/net8.0/Microsoft.TypeSpec.Generator.Tests.dll" adapterTypeName="executor://nunit3testexecutor/" className="Microsoft.TypeSpec.Generator.Tests.Providers.ModelProviders.ModelCustomizationTests" name="CanChangeListOfEnumPropToListOfExtensibleEnum" />
    </UnitTest>
    <UnitTest name="IfElseStatementWithConditionAndStatements" storage="/home/runner/work/typespec/typespec/packages/http-client-csharp/generator/artifacts/bin/microsoft.typespec.generator.tests/debug/net8.0/microsoft.typespec.generator.tests.dll" id="89b4f1fb-719f-d5f6-027b-21d7af10c7f4">
      <Execution id="8860f823-a13b-4773-a0af-9fbdf6b61936" />
      <TestMethod codeBase="/home/runner/work/typespec/typespec/packages/http-client-csharp/generator/artifacts/bin/Microsoft.TypeSpec.Generator.Tests/Debug/net8.0/Microsoft.TypeSpec.Generator.Tests.dll" adapterTypeName="executor://nunit3testexecutor/" className="Microsoft.TypeSpec.Generator.Tests.Statements.StatementTests" name="IfElseStatementWithConditionAndStatements" />
    </UnitTest>
    <UnitTest name="TestIsCSharpKeyword(&quot;switch&quot;,True)" storage="/home/runner/work/typespec/typespec/packages/http-client-csharp/generator/artifacts/bin/microsoft.typespec.generator.tests/debug/net8.0/microsoft.typespec.generator.tests.dll" id="de98a727-0b3e-6420-a7b9-0aff9c315a0d">
      <Execution id="92291e4e-0f0e-47cd-8f90-2ac5a9e14814" />
      <TestMethod codeBase="/home/runner/work/typespec/typespec/packages/http-client-csharp/generator/artifacts/bin/Microsoft.TypeSpec.Generator.Tests/Debug/net8.0/Microsoft.TypeSpec.Generator.Tests.dll" adapterTypeName="executor://nunit3testexecutor/" className="Microsoft.TypeSpec.Generator.Tests.Utilities.StringExtensionsTests" name="TestIsCSharpKeyword(&quot;switch&quot;,True)" />
    </UnitTest>
    <UnitTest name="CanChangeAccessibilityOfModelFactory" storage="/home/runner/work/typespec/typespec/packages/http-client-csharp/generator/artifacts/bin/microsoft.typespec.generator.tests/debug/net8.0/microsoft.typespec.generator.tests.dll" id="550966a6-bbcc-4995-d41a-ce48c1a7afe5">
      <Execution id="7612f37d-a38e-477e-8e38-f18d1093a551" />
      <TestMethod codeBase="/home/runner/work/typespec/typespec/packages/http-client-csharp/generator/artifacts/bin/Microsoft.TypeSpec.Generator.Tests/Debug/net8.0/Microsoft.TypeSpec.Generator.Tests.dll" adapterTypeName="executor://nunit3testexecutor/" className="Microsoft.TypeSpec.Generator.Tests.Providers.ModelFactories.ModelFactoriesCustomizationTests" name="CanChangeAccessibilityOfModelFactory" />
    </UnitTest>
    <UnitTest name="TestToApiVersionMemberName(&quot;V2022.05.15-preview&quot;,&quot;V2022_05_15_Preview&quot;)" storage="/home/runner/work/typespec/typespec/packages/http-client-csharp/generator/artifacts/bin/microsoft.typespec.generator.tests/debug/net8.0/microsoft.typespec.generator.tests.dll" id="ecb78671-0760-ce16-1e30-d4cd0229b1d5">
      <Execution id="5fa75bfe-3d97-480d-8e42-e4d9d5e841f4" />
      <TestMethod codeBase="/home/runner/work/typespec/typespec/packages/http-client-csharp/generator/artifacts/bin/Microsoft.TypeSpec.Generator.Tests/Debug/net8.0/Microsoft.TypeSpec.Generator.Tests.dll" adapterTypeName="executor://nunit3testexecutor/" className="Microsoft.TypeSpec.Generator.Tests.Utilities.StringExtensionsTests" name="TestToApiVersionMemberName(&quot;V2022.05.15-preview&quot;,&quot;V2022_05_15_Preview&quot;)" />
    </UnitTest>
    <UnitTest name="TestCamelCaseProperty" storage="/home/runner/work/typespec/typespec/packages/http-client-csharp/generator/artifacts/bin/microsoft.typespec.generator.tests/debug/net8.0/microsoft.typespec.generator.tests.dll" id="70fe1480-61c7-cccd-c239-7d8ddf592d46">
      <Execution id="e1aa893d-8a71-4f92-9904-81b1875753be" />
      <TestMethod codeBase="/home/runner/work/typespec/typespec/packages/http-client-csharp/generator/artifacts/bin/Microsoft.TypeSpec.Generator.Tests/Debug/net8.0/Microsoft.TypeSpec.Generator.Tests.dll" adapterTypeName="executor://nunit3testexecutor/" className="Microsoft.TypeSpec.Generator.Tests.Providers.PropertyProviderTests" name="TestCamelCaseProperty" />
    </UnitTest>
    <UnitTest name="BaseShouldReturnUnknownVariant" storage="/home/runner/work/typespec/typespec/packages/http-client-csharp/generator/artifacts/bin/microsoft.typespec.generator.tests/debug/net8.0/microsoft.typespec.generator.tests.dll" id="d4fb8fd2-b16e-7d60-d77f-0dd20fb6de20">
      <Execution id="198fde1c-56da-462f-9309-3f45bc332530" />
      <TestMethod codeBase="/home/runner/work/typespec/typespec/packages/http-client-csharp/generator/artifacts/bin/Microsoft.TypeSpec.Generator.Tests/Debug/net8.0/Microsoft.TypeSpec.Generator.Tests.dll" adapterTypeName="executor://nunit3testexecutor/" className="Microsoft.TypeSpec.Generator.Tests.Providers.ModelFactories.DiscriminatorTests" name="BaseShouldReturnUnknownVariant" />
    </UnitTest>
    <UnitTest name="KeyValuePairExpression(System.Collections.Generic.IList`1[T],System.Int32)" storage="/home/runner/work/typespec/typespec/packages/http-client-csharp/generator/artifacts/bin/microsoft.typespec.generator.tests/debug/net8.0/microsoft.typespec.generator.tests.dll" id="7169fa09-1f39-0413-c906-4d8b86b23d63">
      <Execution id="fb99c68e-6d04-4c27-9e8c-053d5a3f99ad" />
      <TestMethod codeBase="/home/runner/work/typespec/typespec/packages/http-client-csharp/generator/artifacts/bin/Microsoft.TypeSpec.Generator.Tests/Debug/net8.0/Microsoft.TypeSpec.Generator.Tests.dll" adapterTypeName="executor://nunit3testexecutor/" className="Microsoft.TypeSpec.Generator.Tests.Expressions.KnownValueExpressionsTests" name="KeyValuePairExpression(System.Collections.Generic.IList`1[T],System.Int32)" />
    </UnitTest>
    <UnitTest name="TestIsCSharpKeyword(&quot;goto&quot;,True)" storage="/home/runner/work/typespec/typespec/packages/http-client-csharp/generator/artifacts/bin/microsoft.typespec.generator.tests/debug/net8.0/microsoft.typespec.generator.tests.dll" id="ab0afd2c-7ed1-31db-9bc5-bb5e9defc981">
      <Execution id="3e4b82af-5f39-4c0c-94d7-e2cb9fb4cab0" />
      <TestMethod codeBase="/home/runner/work/typespec/typespec/packages/http-client-csharp/generator/artifacts/bin/Microsoft.TypeSpec.Generator.Tests/Debug/net8.0/Microsoft.TypeSpec.Generator.Tests.dll" adapterTypeName="executor://nunit3testexecutor/" className="Microsoft.TypeSpec.Generator.Tests.Utilities.StringExtensionsTests" name="TestIsCSharpKeyword(&quot;goto&quot;,True)" />
    </UnitTest>
    <UnitTest name="IsCollectionType(System.ReadOnlyMemory`1[T],True)" storage="/home/runner/work/typespec/typespec/packages/http-client-csharp/generator/artifacts/bin/microsoft.typespec.generator.tests/debug/net8.0/microsoft.typespec.generator.tests.dll" id="bd1195d7-b276-2894-f72d-0b6a10b6c58a">
      <Execution id="8a28aa17-2b82-4ae3-bd7b-f2a672c4eb69" />
      <TestMethod codeBase="/home/runner/work/typespec/typespec/packages/http-client-csharp/generator/artifacts/bin/Microsoft.TypeSpec.Generator.Tests/Debug/net8.0/Microsoft.TypeSpec.Generator.Tests.dll" adapterTypeName="executor://nunit3testexecutor/" className="Microsoft.TypeSpec.Generator.Tests.Primitives.CSharpTypeTests" name="IsCollectionType(System.ReadOnlyMemory`1[T],True)" />
    </UnitTest>
    <UnitTest name="IntSerializationFormat(SafeInt,null)" storage="/home/runner/work/typespec/typespec/packages/http-client-csharp/generator/artifacts/bin/microsoft.typespec.generator.tests/debug/net8.0/microsoft.typespec.generator.tests.dll" id="a4721eb0-8fb7-597b-946b-9a40bbf20beb">
      <Execution id="fb5e0056-5380-45e3-95e6-e928d6d61365" />
      <TestMethod codeBase="/home/runner/work/typespec/typespec/packages/http-client-csharp/generator/artifacts/bin/Microsoft.TypeSpec.Generator.Tests/Debug/net8.0/Microsoft.TypeSpec.Generator.Tests.dll" adapterTypeName="executor://nunit3testexecutor/" className="Microsoft.TypeSpec.Generator.Tests.TypeFactoryTests" name="IntSerializationFormat(SafeInt,null)" />
    </UnitTest>
    <UnitTest name="InvalidParameterDocsThrows" storage="/home/runner/work/typespec/typespec/packages/http-client-csharp/generator/artifacts/bin/microsoft.typespec.generator.tests/debug/net8.0/microsoft.typespec.generator.tests.dll" id="249b2ac8-e68f-ba42-20ef-e0e8dbce8067">
      <Execution id="541d071c-47e4-40db-8561-bee5375e1a08" />
      <TestMethod codeBase="/home/runner/work/typespec/typespec/packages/http-client-csharp/generator/artifacts/bin/Microsoft.TypeSpec.Generator.Tests/Debug/net8.0/Microsoft.TypeSpec.Generator.Tests.dll" adapterTypeName="executor://nunit3testexecutor/" className="Microsoft.TypeSpec.Generator.Tests.Providers.NamedTypeSymbolProviders.XmlDocsTests" name="InvalidParameterDocsThrows" />
    </UnitTest>
    <UnitTest name="CanChangeExtensibleEnumToEnum" storage="/home/runner/work/typespec/typespec/packages/http-client-csharp/generator/artifacts/bin/microsoft.typespec.generator.tests/debug/net8.0/microsoft.typespec.generator.tests.dll" id="b6ccfb03-57bd-fcc1-ee6c-193db3aea94f">
      <Execution id="483053f5-45af-458e-aa8e-1f0dfb698593" />
      <TestMethod codeBase="/home/runner/work/typespec/typespec/packages/http-client-csharp/generator/artifacts/bin/Microsoft.TypeSpec.Generator.Tests/Debug/net8.0/Microsoft.TypeSpec.Generator.Tests.dll" adapterTypeName="executor://nunit3testexecutor/" className="Microsoft.TypeSpec.Generator.Tests.Providers.ModelProviders.ModelCustomizationTests" name="CanChangeExtensibleEnumToEnum" />
    </UnitTest>
    <UnitTest name="TypesAreEqual(System.Int32)" storage="/home/runner/work/typespec/typespec/packages/http-client-csharp/generator/artifacts/bin/microsoft.typespec.generator.tests/debug/net8.0/microsoft.typespec.generator.tests.dll" id="9071ed67-966f-b1ae-e980-c083f720d08b">
      <Execution id="7b3d42ba-2d41-4c93-acc8-602b47d4caad" />
      <TestMethod codeBase="/home/runner/work/typespec/typespec/packages/http-client-csharp/generator/artifacts/bin/Microsoft.TypeSpec.Generator.Tests/Debug/net8.0/Microsoft.TypeSpec.Generator.Tests.dll" adapterTypeName="executor://nunit3testexecutor/" className="Microsoft.TypeSpec.Generator.Tests.Primitives.CSharpTypeTests" name="TypesAreEqual(System.Int32)" />
    </UnitTest>
    <UnitTest name="ValidateNullableTypes(System.Int32,[],False)" storage="/home/runner/work/typespec/typespec/packages/http-client-csharp/generator/artifacts/bin/microsoft.typespec.generator.tests/debug/net8.0/microsoft.typespec.generator.tests.dll" id="baa2ee8d-7419-884e-fbda-a4096ed36542">
      <Execution id="561ce00c-2ecb-4b03-95cb-dec06c3c67e9" />
      <TestMethod codeBase="/home/runner/work/typespec/typespec/packages/http-client-csharp/generator/artifacts/bin/Microsoft.TypeSpec.Generator.Tests/Debug/net8.0/Microsoft.TypeSpec.Generator.Tests.dll" adapterTypeName="executor://nunit3testexecutor/" className="Microsoft.TypeSpec.Generator.Tests.Primitives.CSharpTypeTests" name="ValidateNullableTypes(System.Int32,[],False)" />
    </UnitTest>
    <UnitTest name="IntSerializationFormat(Int8,null)" storage="/home/runner/work/typespec/typespec/packages/http-client-csharp/generator/artifacts/bin/microsoft.typespec.generator.tests/debug/net8.0/microsoft.typespec.generator.tests.dll" id="48a5ec62-9af9-57c5-3941-8ab94b38f690">
      <Execution id="a69f4786-3d13-4d93-af6c-c4bae4052ce1" />
      <TestMethod codeBase="/home/runner/work/typespec/typespec/packages/http-client-csharp/generator/artifacts/bin/Microsoft.TypeSpec.Generator.Tests/Debug/net8.0/Microsoft.TypeSpec.Generator.Tests.dll" adapterTypeName="executor://nunit3testexecutor/" className="Microsoft.TypeSpec.Generator.Tests.TypeFactoryTests" name="IntSerializationFormat(Int8,null)" />
    </UnitTest>
    <UnitTest name="TestParseConfig_LibraryName(&quot;{\n                    \&quot;output-folder\&quot;: \&quot;outputFolder\&quot;\n                }&quot;,True)" storage="/home/runner/work/typespec/typespec/packages/http-client-csharp/generator/artifacts/bin/microsoft.typespec.generator.tests/debug/net8.0/microsoft.typespec.generator.tests.dll" id="63f8f19d-81ae-3bb0-eb37-dee460c33487">
      <Execution id="9e78ebc2-b8ce-4432-91db-2ec2c50a8f9e" />
      <TestMethod codeBase="/home/runner/work/typespec/typespec/packages/http-client-csharp/generator/artifacts/bin/Microsoft.TypeSpec.Generator.Tests/Debug/net8.0/Microsoft.TypeSpec.Generator.Tests.dll" adapterTypeName="executor://nunit3testexecutor/" className="Microsoft.TypeSpec.Generator.Tests.ConfigurationTests" name="TestParseConfig_LibraryName(&quot;{\n                    \&quot;output-folder\&quot;: \&quot;outputFolder\&quot;\n                }&quot;,True)" />
    </UnitTest>
    <UnitTest name="SystemTypeOperatorTestNotEqual(System.Tuple`1[T1],System.Tuple`2[T1,T2])" storage="/home/runner/work/typespec/typespec/packages/http-client-csharp/generator/artifacts/bin/microsoft.typespec.generator.tests/debug/net8.0/microsoft.typespec.generator.tests.dll" id="ce4913c1-a0f9-1cf2-b59f-15e9ced5df57">
      <Execution id="0073d87a-1b9d-4a49-ab45-8dded6e2eed7" />
      <TestMethod codeBase="/home/runner/work/typespec/typespec/packages/http-client-csharp/generator/artifacts/bin/Microsoft.TypeSpec.Generator.Tests/Debug/net8.0/Microsoft.TypeSpec.Generator.Tests.dll" adapterTypeName="executor://nunit3testexecutor/" className="Microsoft.TypeSpec.Generator.Tests.Expressions.ValueExpressionTests" name="SystemTypeOperatorTestNotEqual(System.Tuple`1[T1],System.Tuple`2[T1,T2])" />
    </UnitTest>
    <UnitTest name="SystemTypeOperatorTestNotEqual(System.Collections.Generic.IList`1[T],System.Collections.Generic.IList`1[System.Int32])" storage="/home/runner/work/typespec/typespec/packages/http-client-csharp/generator/artifacts/bin/microsoft.typespec.generator.tests/debug/net8.0/microsoft.typespec.generator.tests.dll" id="1afc3708-f9f2-1899-b0c8-9a23a00892d0">
      <Execution id="5c5f595e-8fac-4317-9868-265048ea792c" />
      <TestMethod codeBase="/home/runner/work/typespec/typespec/packages/http-client-csharp/generator/artifacts/bin/Microsoft.TypeSpec.Generator.Tests/Debug/net8.0/Microsoft.TypeSpec.Generator.Tests.dll" adapterTypeName="executor://nunit3testexecutor/" className="Microsoft.TypeSpec.Generator.Tests.Expressions.ValueExpressionTests" name="SystemTypeOperatorTestNotEqual(System.Collections.Generic.IList`1[T],System.Collections.Generic.IList`1[System.Int32])" />
    </UnitTest>
    <UnitTest name="BinaryOperatorExpressionWithAndOperator" storage="/home/runner/work/typespec/typespec/packages/http-client-csharp/generator/artifacts/bin/microsoft.typespec.generator.tests/debug/net8.0/microsoft.typespec.generator.tests.dll" id="8406b15f-417e-0deb-cb89-8f582c80cc41">
      <Execution id="19bea01a-6fab-4eb5-b0ea-c17fb6ece530" />
      <TestMethod codeBase="/home/runner/work/typespec/typespec/packages/http-client-csharp/generator/artifacts/bin/Microsoft.TypeSpec.Generator.Tests/Debug/net8.0/Microsoft.TypeSpec.Generator.Tests.dll" adapterTypeName="executor://nunit3testexecutor/" className="Microsoft.TypeSpec.Generator.Tests.Expressions.KnownValueExpressionsTests" name="BinaryOperatorExpressionWithAndOperator" />
    </UnitTest>
    <UnitTest name="IntSerializationFormat(Int64,&quot;string&quot;)" storage="/home/runner/work/typespec/typespec/packages/http-client-csharp/generator/artifacts/bin/microsoft.typespec.generator.tests/debug/net8.0/microsoft.typespec.generator.tests.dll" id="292fcb11-3235-5d58-6743-74ed56c23f7c">
      <Execution id="87be4ccc-e529-4612-b535-662dc5c89462" />
      <TestMethod codeBase="/home/runner/work/typespec/typespec/packages/http-client-csharp/generator/artifacts/bin/Microsoft.TypeSpec.Generator.Tests/Debug/net8.0/Microsoft.TypeSpec.Generator.Tests.dll" adapterTypeName="executor://nunit3testexecutor/" className="Microsoft.TypeSpec.Generator.Tests.TypeFactoryTests" name="IntSerializationFormat(Int64,&quot;string&quot;)" />
    </UnitTest>
    <UnitTest name="CodeWriter_WriteProperty_IndexerProperty_MethodPropertyBody" storage="/home/runner/work/typespec/typespec/packages/http-client-csharp/generator/artifacts/bin/microsoft.typespec.generator.tests/debug/net8.0/microsoft.typespec.generator.tests.dll" id="f42bde8d-1a55-f048-63d7-d9e08364b0f8">
      <Execution id="83fe9ec9-976a-4fae-a371-8255f457f4af" />
      <TestMethod codeBase="/home/runner/work/typespec/typespec/packages/http-client-csharp/generator/artifacts/bin/Microsoft.TypeSpec.Generator.Tests/Debug/net8.0/Microsoft.TypeSpec.Generator.Tests.dll" adapterTypeName="executor://nunit3testexecutor/" className="Microsoft.TypeSpec.Generator.Tests.Writers.CodeWriterTests" name="CodeWriter_WriteProperty_IndexerProperty_MethodPropertyBody" />
    </UnitTest>
    <UnitTest name="CorrectUsingIsAppliedForImplicitOperatorMethod" storage="/home/runner/work/typespec/typespec/packages/http-client-csharp/generator/artifacts/bin/microsoft.typespec.generator.tests/debug/net8.0/microsoft.typespec.generator.tests.dll" id="ee189b7f-b48c-e861-72bf-b7f28dd5cf0b">
      <Execution id="f246e9e5-f9c4-420a-b722-7af401c0ac81" />
      <TestMethod codeBase="/home/runner/work/typespec/typespec/packages/http-client-csharp/generator/artifacts/bin/Microsoft.TypeSpec.Generator.Tests/Debug/net8.0/Microsoft.TypeSpec.Generator.Tests.dll" adapterTypeName="executor://nunit3testexecutor/" className="Microsoft.TypeSpec.Generator.Tests.Providers.MethodProviderTests" name="CorrectUsingIsAppliedForImplicitOperatorMethod" />
    </UnitTest>
    <UnitTest name="PluginAddsVisitorToGenerator" storage="/home/runner/work/typespec/typespec/packages/http-client-csharp/generator/artifacts/bin/microsoft.typespec.generator.tests/debug/net8.0/microsoft.typespec.generator.tests.dll" id="08762cc6-38cc-e74a-881a-ce9c51c386ad">
      <Execution id="c007af53-4252-44f7-b593-1fa97a74d1ae" />
      <TestMethod codeBase="/home/runner/work/typespec/typespec/packages/http-client-csharp/generator/artifacts/bin/Microsoft.TypeSpec.Generator.Tests/Debug/net8.0/Microsoft.TypeSpec.Generator.Tests.dll" adapterTypeName="executor://nunit3testexecutor/" className="Microsoft.TypeSpec.Generator.Tests.GeneratorPluginTests" name="PluginAddsVisitorToGenerator" />
    </UnitTest>
    <UnitTest name="TestIsCSharpKeyword(&quot;decimal&quot;,True)" storage="/home/runner/work/typespec/typespec/packages/http-client-csharp/generator/artifacts/bin/microsoft.typespec.generator.tests/debug/net8.0/microsoft.typespec.generator.tests.dll" id="53789d2a-b56c-fa09-a401-1af46d9fa92d">
      <Execution id="00fbeff5-2e72-4453-bd38-72514d48573e" />
      <TestMethod codeBase="/home/runner/work/typespec/typespec/packages/http-client-csharp/generator/artifacts/bin/Microsoft.TypeSpec.Generator.Tests/Debug/net8.0/Microsoft.TypeSpec.Generator.Tests.dll" adapterTypeName="executor://nunit3testexecutor/" className="Microsoft.TypeSpec.Generator.Tests.Utilities.StringExtensionsTests" name="TestIsCSharpKeyword(&quot;decimal&quot;,True)" />
    </UnitTest>
    <UnitTest name="DeclarationCanBeUsedTwice" storage="/home/runner/work/typespec/typespec/packages/http-client-csharp/generator/artifacts/bin/microsoft.typespec.generator.tests/debug/net8.0/microsoft.typespec.generator.tests.dll" id="45b7f0be-7eb7-877e-9317-f8cc3e0bc50c">
      <Execution id="a664bb07-9ad1-4c15-8fdb-fd957c3c1b61" />
      <TestMethod codeBase="/home/runner/work/typespec/typespec/packages/http-client-csharp/generator/artifacts/bin/Microsoft.TypeSpec.Generator.Tests/Debug/net8.0/Microsoft.TypeSpec.Generator.Tests.dll" adapterTypeName="executor://nunit3testexecutor/" className="Microsoft.TypeSpec.Generator.Tests.Writers.CodeWriterDeclarationTests" name="DeclarationCanBeUsedTwice" />
    </UnitTest>
    <UnitTest name="UnreferencedTypeHandling(&quot;keepAll&quot;)" storage="/home/runner/work/typespec/typespec/packages/http-client-csharp/generator/artifacts/bin/microsoft.typespec.generator.tests/debug/net8.0/microsoft.typespec.generator.tests.dll" id="53f5e0ed-a10d-c8d7-09b2-0ab0c77c3c1e">
      <Execution id="ac41d591-e4bc-4e0a-b168-c6335febf2fe" />
      <TestMethod codeBase="/home/runner/work/typespec/typespec/packages/http-client-csharp/generator/artifacts/bin/Microsoft.TypeSpec.Generator.Tests/Debug/net8.0/Microsoft.TypeSpec.Generator.Tests.dll" adapterTypeName="executor://nunit3testexecutor/" className="Microsoft.TypeSpec.Generator.Tests.ConfigurationTests" name="UnreferencedTypeHandling(&quot;keepAll&quot;)" />
    </UnitTest>
    <UnitTest name="IntSerializationFormat(Int16,null)" storage="/home/runner/work/typespec/typespec/packages/http-client-csharp/generator/artifacts/bin/microsoft.typespec.generator.tests/debug/net8.0/microsoft.typespec.generator.tests.dll" id="4fb2cc97-89c3-8e80-7aea-e40e8b77feab">
      <Execution id="c141b8b5-0f3e-4028-a21b-db2c261c18d2" />
      <TestMethod codeBase="/home/runner/work/typespec/typespec/packages/http-client-csharp/generator/artifacts/bin/Microsoft.TypeSpec.Generator.Tests/Debug/net8.0/Microsoft.TypeSpec.Generator.Tests.dll" adapterTypeName="executor://nunit3testexecutor/" className="Microsoft.TypeSpec.Generator.Tests.TypeFactoryTests" name="IntSerializationFormat(Int16,null)" />
    </UnitTest>
    <UnitTest name="DerivedCtorHasAdditionalBinaryDataPropertiesParam" storage="/home/runner/work/typespec/typespec/packages/http-client-csharp/generator/artifacts/bin/microsoft.typespec.generator.tests/debug/net8.0/microsoft.typespec.generator.tests.dll" id="a363397a-b049-e8e3-0f2f-edcbc5a1470c">
      <Execution id="b52b58e1-ccb2-49d8-8942-7ed050ff62ce" />
      <TestMethod codeBase="/home/runner/work/typespec/typespec/packages/http-client-csharp/generator/artifacts/bin/Microsoft.TypeSpec.Generator.Tests/Debug/net8.0/Microsoft.TypeSpec.Generator.Tests.dll" adapterTypeName="executor://nunit3testexecutor/" className="Microsoft.TypeSpec.Generator.Tests.Providers.ModelProviders.DiscriminatorTests" name="DerivedCtorHasAdditionalBinaryDataPropertiesParam" />
    </UnitTest>
    <UnitTest name="ValidateNullableTypes(Microsoft.TypeSpec.Generator.Tests.Primitives.CSharpTypeTests+TestStruct`1[System.Nullable`1[System.Int32]],[int?],False)" storage="/home/runner/work/typespec/typespec/packages/http-client-csharp/generator/artifacts/bin/microsoft.typespec.generator.tests/debug/net8.0/microsoft.typespec.generator.tests.dll" id="368193ca-abd8-bca1-3e99-48db0eca7bfc">
      <Execution id="598f1eec-1760-4024-bb33-fb35697410f7" />
      <TestMethod codeBase="/home/runner/work/typespec/typespec/packages/http-client-csharp/generator/artifacts/bin/Microsoft.TypeSpec.Generator.Tests/Debug/net8.0/Microsoft.TypeSpec.Generator.Tests.dll" adapterTypeName="executor://nunit3testexecutor/" className="Microsoft.TypeSpec.Generator.Tests.Primitives.CSharpTypeTests" name="ValidateNullableTypes(Microsoft.TypeSpec.Generator.Tests.Primitives.CSharpTypeTests+TestStruct`1[System.Nullable`1[System.Int32]],[int?],False)" />
    </UnitTest>
    <UnitTest name="HashCodesAreNotEqual(System.Int32,System.Collections.Generic.IList`1[System.Int32])" storage="/home/runner/work/typespec/typespec/packages/http-client-csharp/generator/artifacts/bin/microsoft.typespec.generator.tests/debug/net8.0/microsoft.typespec.generator.tests.dll" id="d3aa593b-e5a9-6757-4073-1c7109f8ae34">
      <Execution id="0fa8c597-02c2-4ca2-9b4e-9d0a91f0a873" />
      <TestMethod codeBase="/home/runner/work/typespec/typespec/packages/http-client-csharp/generator/artifacts/bin/Microsoft.TypeSpec.Generator.Tests/Debug/net8.0/Microsoft.TypeSpec.Generator.Tests.dll" adapterTypeName="executor://nunit3testexecutor/" className="Microsoft.TypeSpec.Generator.Tests.Primitives.CSharpTypeTests" name="HashCodesAreNotEqual(System.Int32,System.Collections.Generic.IList`1[System.Int32])" />
    </UnitTest>
    <UnitTest name="CanChangeForStatement" storage="/home/runner/work/typespec/typespec/packages/http-client-csharp/generator/artifacts/bin/microsoft.typespec.generator.tests/debug/net8.0/microsoft.typespec.generator.tests.dll" id="ef003b7c-c59d-5e45-7984-bdc602ac516c">
      <Execution id="2d8ec6b8-d49c-4811-a27b-dd4069e5ac12" />
      <TestMethod codeBase="/home/runner/work/typespec/typespec/packages/http-client-csharp/generator/artifacts/bin/Microsoft.TypeSpec.Generator.Tests/Debug/net8.0/Microsoft.TypeSpec.Generator.Tests.dll" adapterTypeName="executor://nunit3testexecutor/" className="Microsoft.TypeSpec.Generator.Tests.Statements.StatementVisitorTests" name="CanChangeForStatement" />
    </UnitTest>
    <UnitTest name="TestBuildSecondaryConstructor(False)" storage="/home/runner/work/typespec/typespec/packages/http-client-csharp/generator/artifacts/bin/microsoft.typespec.generator.tests/debug/net8.0/microsoft.typespec.generator.tests.dll" id="e1ff934e-07a0-0a26-a8e7-0fb4a8f73c6c">
      <Execution id="9e34adce-6676-4501-a947-b041cff35b84" />
      <TestMethod codeBase="/home/runner/work/typespec/typespec/packages/http-client-csharp/generator/artifacts/bin/Microsoft.TypeSpec.Generator.Tests/Debug/net8.0/Microsoft.TypeSpec.Generator.Tests.dll" adapterTypeName="executor://nunit3testexecutor/" className="Microsoft.TypeSpec.Generator.Tests.Providers.ModelProviders.ModelProviderTests" name="TestBuildSecondaryConstructor(False)" />
    </UnitTest>
    <UnitTest name="TryStatementWithMultipleLineBody" storage="/home/runner/work/typespec/typespec/packages/http-client-csharp/generator/artifacts/bin/microsoft.typespec.generator.tests/debug/net8.0/microsoft.typespec.generator.tests.dll" id="8eb8d35e-824b-7a2f-1ee3-affba1ece6ab">
      <Execution id="a5fb40e8-df0c-4bed-9007-9470e87005fc" />
      <TestMethod codeBase="/home/runner/work/typespec/typespec/packages/http-client-csharp/generator/artifacts/bin/Microsoft.TypeSpec.Generator.Tests/Debug/net8.0/Microsoft.TypeSpec.Generator.Tests.dll" adapterTypeName="executor://nunit3testexecutor/" className="Microsoft.TypeSpec.Generator.Tests.Statements.StatementTests" name="TryStatementWithMultipleLineBody" />
    </UnitTest>
    <UnitTest name="FullyQualifiedNamePopulatedForFrameworkTypes(System.Collections.Generic.IList`1[System.Int32])" storage="/home/runner/work/typespec/typespec/packages/http-client-csharp/generator/artifacts/bin/microsoft.typespec.generator.tests/debug/net8.0/microsoft.typespec.generator.tests.dll" id="e30731ec-43c6-5ac1-37df-96bb816e2e6e">
      <Execution id="eced473a-81a1-48b7-8891-de09ec8d0fbe" />
      <TestMethod codeBase="/home/runner/work/typespec/typespec/packages/http-client-csharp/generator/artifacts/bin/Microsoft.TypeSpec.Generator.Tests/Debug/net8.0/Microsoft.TypeSpec.Generator.Tests.dll" adapterTypeName="executor://nunit3testexecutor/" className="Microsoft.TypeSpec.Generator.Tests.Primitives.CSharpTypeTests" name="FullyQualifiedNamePopulatedForFrameworkTypes(System.Collections.Generic.IList`1[System.Int32])" />
    </UnitTest>
    <UnitTest name="TestIsCSharpKeyword(&quot;ulong&quot;,True)" storage="/home/runner/work/typespec/typespec/packages/http-client-csharp/generator/artifacts/bin/microsoft.typespec.generator.tests/debug/net8.0/microsoft.typespec.generator.tests.dll" id="2c3719e4-73e2-bca8-6192-023a0218f59a">
      <Execution id="d2e0c72f-d7ab-434a-bd84-c3abd8b543cf" />
      <TestMethod codeBase="/home/runner/work/typespec/typespec/packages/http-client-csharp/generator/artifacts/bin/Microsoft.TypeSpec.Generator.Tests/Debug/net8.0/Microsoft.TypeSpec.Generator.Tests.dll" adapterTypeName="executor://nunit3testexecutor/" className="Microsoft.TypeSpec.Generator.Tests.Utilities.StringExtensionsTests" name="TestIsCSharpKeyword(&quot;ulong&quot;,True)" />
    </UnitTest>
    <UnitTest name="AttributeStatementWithOneNamedArgument" storage="/home/runner/work/typespec/typespec/packages/http-client-csharp/generator/artifacts/bin/microsoft.typespec.generator.tests/debug/net8.0/microsoft.typespec.generator.tests.dll" id="1dcd271b-663b-5d22-6b54-4d0246bd6b05">
      <Execution id="22897b43-c564-48f8-a63f-bcfc35d442cb" />
      <TestMethod codeBase="/home/runner/work/typespec/typespec/packages/http-client-csharp/generator/artifacts/bin/Microsoft.TypeSpec.Generator.Tests/Debug/net8.0/Microsoft.TypeSpec.Generator.Tests.dll" adapterTypeName="executor://nunit3testexecutor/" className="Microsoft.TypeSpec.Generator.Tests.Statements.AttributeStatementTests" name="AttributeStatementWithOneNamedArgument" />
    </UnitTest>
    <UnitTest name="TestBuildProperties_ValidateInheritHierarchyWithOverride" storage="/home/runner/work/typespec/typespec/packages/http-client-csharp/generator/artifacts/bin/microsoft.typespec.generator.tests/debug/net8.0/microsoft.typespec.generator.tests.dll" id="d9c3ce3b-8702-a133-592b-969dbdd99e09">
      <Execution id="7ab4fa6a-b141-463d-850d-97e0ebff0d83" />
      <TestMethod codeBase="/home/runner/work/typespec/typespec/packages/http-client-csharp/generator/artifacts/bin/Microsoft.TypeSpec.Generator.Tests/Debug/net8.0/Microsoft.TypeSpec.Generator.Tests.dll" adapterTypeName="executor://nunit3testexecutor/" className="Microsoft.TypeSpec.Generator.Tests.Providers.ModelProviders.ModelProviderTests" name="TestBuildProperties_ValidateInheritHierarchyWithOverride" />
    </UnitTest>
    <UnitTest name="CanChangeListOfEnumPropToListOfExtensibleEnumField" storage="/home/runner/work/typespec/typespec/packages/http-client-csharp/generator/artifacts/bin/microsoft.typespec.generator.tests/debug/net8.0/microsoft.typespec.generator.tests.dll" id="49d00e4b-9bd0-a7f2-46b1-60b16750ffa9">
      <Execution id="5b12f62f-af88-4a75-8f9f-4e87a29e39ec" />
      <TestMethod codeBase="/home/runner/work/typespec/typespec/packages/http-client-csharp/generator/artifacts/bin/Microsoft.TypeSpec.Generator.Tests/Debug/net8.0/Microsoft.TypeSpec.Generator.Tests.dll" adapterTypeName="executor://nunit3testexecutor/" className="Microsoft.TypeSpec.Generator.Tests.Providers.ModelProviders.ModelCustomizationTests" name="CanChangeListOfEnumPropToListOfExtensibleEnumField" />
    </UnitTest>
    <UnitTest name="VisitorsAreVisited" storage="/home/runner/work/typespec/typespec/packages/http-client-csharp/generator/artifacts/bin/microsoft.typespec.generator.tests/debug/net8.0/microsoft.typespec.generator.tests.dll" id="f6fc8666-1c36-4694-0d5b-6ae5f4168221">
      <Execution id="6784b7d7-d632-4668-9078-973eb50d8a4a" />
      <TestMethod codeBase="/home/runner/work/typespec/typespec/packages/http-client-csharp/generator/artifacts/bin/Microsoft.TypeSpec.Generator.Tests/Debug/net8.0/Microsoft.TypeSpec.Generator.Tests.dll" adapterTypeName="executor://nunit3testexecutor/" className="Microsoft.TypeSpec.Generator.Tests.CSharpGenTests" name="VisitorsAreVisited" />
    </UnitTest>
    <UnitTest name="ValidateFrameworkInstanceWithArguments" storage="/home/runner/work/typespec/typespec/packages/http-client-csharp/generator/artifacts/bin/microsoft.typespec.generator.tests/debug/net8.0/microsoft.typespec.generator.tests.dll" id="6c2b2dca-1f37-1c27-4806-c98da0869728">
      <Execution id="2cb08616-2e45-44ba-aa87-8da8fedb14c9" />
      <TestMethod codeBase="/home/runner/work/typespec/typespec/packages/http-client-csharp/generator/artifacts/bin/Microsoft.TypeSpec.Generator.Tests/Debug/net8.0/Microsoft.TypeSpec.Generator.Tests.dll" adapterTypeName="executor://nunit3testexecutor/" className="Microsoft.TypeSpec.Generator.Tests.Snippets.SnippetTests" name="ValidateFrameworkInstanceWithArguments" />
    </UnitTest>
    <UnitTest name="BinaryOperatorExpressionWithOrOperator" storage="/home/runner/work/typespec/typespec/packages/http-client-csharp/generator/artifacts/bin/microsoft.typespec.generator.tests/debug/net8.0/microsoft.typespec.generator.tests.dll" id="5faa7576-5bd9-c01f-8a77-6447b82cf9b2">
      <Execution id="1e050f90-ff4c-48c3-9661-6aa85c795881" />
      <TestMethod codeBase="/home/runner/work/typespec/typespec/packages/http-client-csharp/generator/artifacts/bin/Microsoft.TypeSpec.Generator.Tests/Debug/net8.0/Microsoft.TypeSpec.Generator.Tests.dll" adapterTypeName="executor://nunit3testexecutor/" className="Microsoft.TypeSpec.Generator.Tests.Expressions.KnownValueExpressionsTests" name="BinaryOperatorExpressionWithOrOperator" />
    </UnitTest>
    <UnitTest name="FullyQualifiedNamePopulatedForFrameworkTypes(System.Collections.Generic.IList`1[T])" storage="/home/runner/work/typespec/typespec/packages/http-client-csharp/generator/artifacts/bin/microsoft.typespec.generator.tests/debug/net8.0/microsoft.typespec.generator.tests.dll" id="fd8b3364-50f5-7130-781e-8e24e19fa407">
      <Execution id="e11a0fb3-438b-4277-93b5-07f60987b061" />
      <TestMethod codeBase="/home/runner/work/typespec/typespec/packages/http-client-csharp/generator/artifacts/bin/Microsoft.TypeSpec.Generator.Tests/Debug/net8.0/Microsoft.TypeSpec.Generator.Tests.dll" adapterTypeName="executor://nunit3testexecutor/" className="Microsoft.TypeSpec.Generator.Tests.Primitives.CSharpTypeTests" name="FullyQualifiedNamePopulatedForFrameworkTypes(System.Collections.Generic.IList`1[T])" />
    </UnitTest>
    <UnitTest name="TestIsCSharpKeyword(&quot;true&quot;,True)" storage="/home/runner/work/typespec/typespec/packages/http-client-csharp/generator/artifacts/bin/microsoft.typespec.generator.tests/debug/net8.0/microsoft.typespec.generator.tests.dll" id="1558228e-d5be-e738-5994-fd41d8ca6f08">
      <Execution id="911761f3-6c82-4bbb-b956-316bfecc290d" />
      <TestMethod codeBase="/home/runner/work/typespec/typespec/packages/http-client-csharp/generator/artifacts/bin/Microsoft.TypeSpec.Generator.Tests/Debug/net8.0/Microsoft.TypeSpec.Generator.Tests.dll" adapterTypeName="executor://nunit3testexecutor/" className="Microsoft.TypeSpec.Generator.Tests.Utilities.StringExtensionsTests" name="TestIsCSharpKeyword(&quot;true&quot;,True)" />
    </UnitTest>
    <UnitTest name="ValidateStringU8" storage="/home/runner/work/typespec/typespec/packages/http-client-csharp/generator/artifacts/bin/microsoft.typespec.generator.tests/debug/net8.0/microsoft.typespec.generator.tests.dll" id="7a9d7a85-06b9-1f06-a722-56b4f14fc78c">
      <Execution id="150b28cf-845d-4292-9c60-2b5327a7a8f6" />
      <TestMethod codeBase="/home/runner/work/typespec/typespec/packages/http-client-csharp/generator/artifacts/bin/Microsoft.TypeSpec.Generator.Tests/Debug/net8.0/Microsoft.TypeSpec.Generator.Tests.dll" adapterTypeName="executor://nunit3testexecutor/" className="Microsoft.TypeSpec.Generator.Tests.Snippets.SnippetTests" name="ValidateStringU8" />
    </UnitTest>
    <UnitTest name="IfStatementAddBracesOptionFalse" storage="/home/runner/work/typespec/typespec/packages/http-client-csharp/generator/artifacts/bin/microsoft.typespec.generator.tests/debug/net8.0/microsoft.typespec.generator.tests.dll" id="32c6af81-7f72-ae75-868d-39dbfdfbacf5">
      <Execution id="24f85a23-01e4-4e85-b99c-34d624fdad4a" />
      <TestMethod codeBase="/home/runner/work/typespec/typespec/packages/http-client-csharp/generator/artifacts/bin/Microsoft.TypeSpec.Generator.Tests/Debug/net8.0/Microsoft.TypeSpec.Generator.Tests.dll" adapterTypeName="executor://nunit3testexecutor/" className="Microsoft.TypeSpec.Generator.Tests.Statements.StatementTests" name="IfStatementAddBracesOptionFalse" />
    </UnitTest>
    <UnitTest name="ValidateInstanceCtor" storage="/home/runner/work/typespec/typespec/packages/http-client-csharp/generator/artifacts/bin/microsoft.typespec.generator.tests/debug/net8.0/microsoft.typespec.generator.tests.dll" id="fa77b169-7afb-e8ac-24d0-340be81330f8">
      <Execution id="1d5f2157-47df-48b6-8142-2fd0a74a8121" />
      <TestMethod codeBase="/home/runner/work/typespec/typespec/packages/http-client-csharp/generator/artifacts/bin/Microsoft.TypeSpec.Generator.Tests/Debug/net8.0/Microsoft.TypeSpec.Generator.Tests.dll" adapterTypeName="executor://nunit3testexecutor/" className="Microsoft.TypeSpec.Generator.Tests.Snippets.SnippetTests" name="ValidateInstanceCtor" />
    </UnitTest>
    <UnitTest name="ListExpression(System.Collections.Generic.IList`1[System.Int32])" storage="/home/runner/work/typespec/typespec/packages/http-client-csharp/generator/artifacts/bin/microsoft.typespec.generator.tests/debug/net8.0/microsoft.typespec.generator.tests.dll" id="a4842a65-d964-6c02-a2c8-82738a9f92f7">
      <Execution id="567c9f55-8d06-404e-af31-1d092d2e2abf" />
      <TestMethod codeBase="/home/runner/work/typespec/typespec/packages/http-client-csharp/generator/artifacts/bin/Microsoft.TypeSpec.Generator.Tests/Debug/net8.0/Microsoft.TypeSpec.Generator.Tests.dll" adapterTypeName="executor://nunit3testexecutor/" className="Microsoft.TypeSpec.Generator.Tests.Expressions.KnownValueExpressionsTests" name="ListExpression(System.Collections.Generic.IList`1[System.Int32])" />
    </UnitTest>
    <UnitTest name="ValidateNullableTypes(System.Nullable`1[System.Int32],[],True)" storage="/home/runner/work/typespec/typespec/packages/http-client-csharp/generator/artifacts/bin/microsoft.typespec.generator.tests/debug/net8.0/microsoft.typespec.generator.tests.dll" id="71fb2054-74d5-0dc0-6f0f-e7c68fca9316">
      <Execution id="b38c7d6d-be28-4be0-900d-8f0b454aa461" />
      <TestMethod codeBase="/home/runner/work/typespec/typespec/packages/http-client-csharp/generator/artifacts/bin/Microsoft.TypeSpec.Generator.Tests/Debug/net8.0/Microsoft.TypeSpec.Generator.Tests.dll" adapterTypeName="executor://nunit3testexecutor/" className="Microsoft.TypeSpec.Generator.Tests.Primitives.CSharpTypeTests" name="ValidateNullableTypes(System.Nullable`1[System.Int32],[],True)" />
    </UnitTest>
    <UnitTest name="NotSameInstance" storage="/home/runner/work/typespec/typespec/packages/http-client-csharp/generator/artifacts/bin/microsoft.typespec.generator.tests/debug/net8.0/microsoft.typespec.generator.tests.dll" id="23519c24-ab5f-d52c-5a79-c6c42f23d463">
      <Execution id="8600a89c-7f1d-4376-b919-81fd747d29d0" />
      <TestMethod codeBase="/home/runner/work/typespec/typespec/packages/http-client-csharp/generator/artifacts/bin/Microsoft.TypeSpec.Generator.Tests/Debug/net8.0/Microsoft.TypeSpec.Generator.Tests.dll" adapterTypeName="executor://nunit3testexecutor/" className="Microsoft.TypeSpec.Generator.Tests.Providers.ParameterProviderTests" name="NotSameInstance" />
    </UnitTest>
    <UnitTest name="TypeModifiersTest(Public, Class, Partial, Abstract)" storage="/home/runner/work/typespec/typespec/packages/http-client-csharp/generator/artifacts/bin/microsoft.typespec.generator.tests/debug/net8.0/microsoft.typespec.generator.tests.dll" id="3140ba5e-963b-4052-bcda-569db27c5b8b">
      <Execution id="8d0474eb-e208-4900-a2d1-6c9bdd28ce12" />
      <TestMethod codeBase="/home/runner/work/typespec/typespec/packages/http-client-csharp/generator/artifacts/bin/Microsoft.TypeSpec.Generator.Tests/Debug/net8.0/Microsoft.TypeSpec.Generator.Tests.dll" adapterTypeName="executor://nunit3testexecutor/" className="Microsoft.TypeSpec.Generator.Tests.Writers.CodeWriterTests" name="TypeModifiersTest(Public, Class, Partial, Abstract)" />
    </UnitTest>
    <UnitTest name="TestReportDiagnosticWithTarget()" storage="/home/runner/work/typespec/typespec/packages/http-client-csharp/generator/artifacts/bin/microsoft.typespec.generator.tests/debug/net8.0/microsoft.typespec.generator.tests.dll" id="3a0e894d-6f76-5b80-5d98-bb50aeb3f367">
      <Execution id="16a02941-de86-4b79-8c8f-8ce428052d88" />
      <TestMethod codeBase="/home/runner/work/typespec/typespec/packages/http-client-csharp/generator/artifacts/bin/Microsoft.TypeSpec.Generator.Tests/Debug/net8.0/Microsoft.TypeSpec.Generator.Tests.dll" adapterTypeName="executor://nunit3testexecutor/" className="Microsoft.TypeSpec.Generator.Tests.EmitterRpc.EmitterTests" name="TestReportDiagnosticWithTarget()" />
    </UnitTest>
    <UnitTest name="TestBreakLines_LiteralOpenAndCloseBraceWithArgs" storage="/home/runner/work/typespec/typespec/packages/http-client-csharp/generator/artifacts/bin/microsoft.typespec.generator.tests/debug/net8.0/microsoft.typespec.generator.tests.dll" id="f45be8ae-f0ce-46ea-c86d-91c428e59f55">
      <Execution id="388258b2-be9a-4b84-9b40-beb2bebe8e98" />
      <TestMethod codeBase="/home/runner/work/typespec/typespec/packages/http-client-csharp/generator/artifacts/bin/Microsoft.TypeSpec.Generator.Tests/Debug/net8.0/Microsoft.TypeSpec.Generator.Tests.dll" adapterTypeName="executor://nunit3testexecutor/" className="Microsoft.TypeSpec.Generator.Tests.Utilities.FormattableStringHelpersTests" name="TestBreakLines_LiteralOpenAndCloseBraceWithArgs" />
    </UnitTest>
    <UnitTest name="TryStatementWithEmptyBody" storage="/home/runner/work/typespec/typespec/packages/http-client-csharp/generator/artifacts/bin/microsoft.typespec.generator.tests/debug/net8.0/microsoft.typespec.generator.tests.dll" id="d99f95d8-0393-f564-dc7f-beb07a7c0e4b">
      <Execution id="8da5a885-41d2-4d01-8d3c-d9ff8441751c" />
      <TestMethod codeBase="/home/runner/work/typespec/typespec/packages/http-client-csharp/generator/artifacts/bin/Microsoft.TypeSpec.Generator.Tests/Debug/net8.0/Microsoft.TypeSpec.Generator.Tests.dll" adapterTypeName="executor://nunit3testexecutor/" className="Microsoft.TypeSpec.Generator.Tests.Statements.StatementTests" name="TryStatementWithEmptyBody" />
    </UnitTest>
    <UnitTest name="TestUpdate" storage="/home/runner/work/typespec/typespec/packages/http-client-csharp/generator/artifacts/bin/microsoft.typespec.generator.tests/debug/net8.0/microsoft.typespec.generator.tests.dll" id="75f57e5a-f3d7-e861-6737-1c0304792061">
      <Execution id="ee8ca613-34f1-4253-9a34-8d566f5bfe4d" />
      <TestMethod codeBase="/home/runner/work/typespec/typespec/packages/http-client-csharp/generator/artifacts/bin/Microsoft.TypeSpec.Generator.Tests/Debug/net8.0/Microsoft.TypeSpec.Generator.Tests.dll" adapterTypeName="executor://nunit3testexecutor/" className="Microsoft.TypeSpec.Generator.Tests.Providers.MethodProviderTests" name="TestUpdate" />
    </UnitTest>
    <UnitTest name="IsReadOnlyDictionary(System.ReadOnlyMemory`1[T],False)" storage="/home/runner/work/typespec/typespec/packages/http-client-csharp/generator/artifacts/bin/microsoft.typespec.generator.tests/debug/net8.0/microsoft.typespec.generator.tests.dll" id="7d88b10d-ba74-c0cc-940c-36cf86d367fe">
      <Execution id="07a0a6c5-72d8-4465-a345-c34d5abf5b34" />
      <TestMethod codeBase="/home/runner/work/typespec/typespec/packages/http-client-csharp/generator/artifacts/bin/Microsoft.TypeSpec.Generator.Tests/Debug/net8.0/Microsoft.TypeSpec.Generator.Tests.dll" adapterTypeName="executor://nunit3testexecutor/" className="Microsoft.TypeSpec.Generator.Tests.Primitives.CSharpTypeTests" name="IsReadOnlyDictionary(System.ReadOnlyMemory`1[T],False)" />
    </UnitTest>
    <UnitTest name="DoesNotVisitFieldsWhenTypeIsNulledOut" storage="/home/runner/work/typespec/typespec/packages/http-client-csharp/generator/artifacts/bin/microsoft.typespec.generator.tests/debug/net8.0/microsoft.typespec.generator.tests.dll" id="316695fe-fe44-56ff-a574-62c66c41d5dc">
      <Execution id="dc49a9fa-85b2-46b4-99f0-14b6311ed238" />
      <TestMethod codeBase="/home/runner/work/typespec/typespec/packages/http-client-csharp/generator/artifacts/bin/Microsoft.TypeSpec.Generator.Tests/Debug/net8.0/Microsoft.TypeSpec.Generator.Tests.dll" adapterTypeName="executor://nunit3testexecutor/" className="Microsoft.TypeSpec.Generator.Tests.OutputLibraryVisitorTests" name="DoesNotVisitFieldsWhenTypeIsNulledOut" />
    </UnitTest>
    <UnitTest name="Nullable_NoValue_ReturnsFalse" storage="/home/runner/work/typespec/typespec/packages/http-client-csharp/generator/artifacts/bin/microsoft.typespec.generator.tests/debug/net8.0/microsoft.typespec.generator.tests.dll" id="0ef1efdb-8db0-5aec-eb35-571c55712401">
      <Execution id="8e98f896-2eaf-4334-938c-c9a5f2a5af57" />
      <TestMethod codeBase="/home/runner/work/typespec/typespec/packages/http-client-csharp/generator/artifacts/bin/Microsoft.TypeSpec.Generator.Tests/Debug/net8.0/Microsoft.TypeSpec.Generator.Tests.dll" adapterTypeName="executor://nunit3testexecutor/" className="Microsoft.TypeSpec.Generator.Tests.Providers.OptionalTests" name="Nullable_NoValue_ReturnsFalse" />
    </UnitTest>
    <UnitTest name="ToPublicInputParameterCopiesProperties" storage="/home/runner/work/typespec/typespec/packages/http-client-csharp/generator/artifacts/bin/microsoft.typespec.generator.tests/debug/net8.0/microsoft.typespec.generator.tests.dll" id="07008d94-fa7b-c33e-c12a-f3e6c127fdc5">
      <Execution id="40fabc0d-374c-4bf5-a851-6224fbc8f1a4" />
      <TestMethod codeBase="/home/runner/work/typespec/typespec/packages/http-client-csharp/generator/artifacts/bin/Microsoft.TypeSpec.Generator.Tests/Debug/net8.0/Microsoft.TypeSpec.Generator.Tests.dll" adapterTypeName="executor://nunit3testexecutor/" className="Microsoft.TypeSpec.Generator.Tests.Providers.ParameterProviderTests" name="ToPublicInputParameterCopiesProperties" />
    </UnitTest>
    <UnitTest name="BackCompatibility_NoCurrentOverloadFound" storage="/home/runner/work/typespec/typespec/packages/http-client-csharp/generator/artifacts/bin/microsoft.typespec.generator.tests/debug/net8.0/microsoft.typespec.generator.tests.dll" id="f38b93d6-78ea-bd8d-6741-0e7bcbb506ca">
      <Execution id="37c270fd-d4ef-40e8-83cd-9394e520672e" />
      <TestMethod codeBase="/home/runner/work/typespec/typespec/packages/http-client-csharp/generator/artifacts/bin/Microsoft.TypeSpec.Generator.Tests/Debug/net8.0/Microsoft.TypeSpec.Generator.Tests.dll" adapterTypeName="executor://nunit3testexecutor/" className="Microsoft.TypeSpec.Generator.Tests.Providers.ModelFactories.ModelFactoryProviderTests" name="BackCompatibility_NoCurrentOverloadFound" />
    </UnitTest>
    <UnitTest name="TestSwitchStatementWithUsingStatementWrite" storage="/home/runner/work/typespec/typespec/packages/http-client-csharp/generator/artifacts/bin/microsoft.typespec.generator.tests/debug/net8.0/microsoft.typespec.generator.tests.dll" id="ecdb70d8-9075-9d1c-7be9-1f20d9e44583">
      <Execution id="94b2f4ff-6942-4d57-87c5-16da0c0faf64" />
      <TestMethod codeBase="/home/runner/work/typespec/typespec/packages/http-client-csharp/generator/artifacts/bin/Microsoft.TypeSpec.Generator.Tests/Debug/net8.0/Microsoft.TypeSpec.Generator.Tests.dll" adapterTypeName="executor://nunit3testexecutor/" className="Microsoft.TypeSpec.Generator.Tests.Statements.StatementTests" name="TestSwitchStatementWithUsingStatementWrite" />
    </UnitTest>
    <UnitTest name="FullyQualifiedNamePopulatedForFrameworkTypes(System.Collections.Generic.IDictionary`2[System.String,System.Int32])" storage="/home/runner/work/typespec/typespec/packages/http-client-csharp/generator/artifacts/bin/microsoft.typespec.generator.tests/debug/net8.0/microsoft.typespec.generator.tests.dll" id="67412a9c-0104-f5de-b394-b2c1af9eecbf">
      <Execution id="5b54ebaf-6284-4916-a4e5-cfa84a4bc19b" />
      <TestMethod codeBase="/home/runner/work/typespec/typespec/packages/http-client-csharp/generator/artifacts/bin/Microsoft.TypeSpec.Generator.Tests/Debug/net8.0/Microsoft.TypeSpec.Generator.Tests.dll" adapterTypeName="executor://nunit3testexecutor/" className="Microsoft.TypeSpec.Generator.Tests.Primitives.CSharpTypeTests" name="FullyQualifiedNamePopulatedForFrameworkTypes(System.Collections.Generic.IDictionary`2[System.String,System.Int32])" />
    </UnitTest>
    <UnitTest name="TestIsCSharpKeyword(&quot;explicit&quot;,True)" storage="/home/runner/work/typespec/typespec/packages/http-client-csharp/generator/artifacts/bin/microsoft.typespec.generator.tests/debug/net8.0/microsoft.typespec.generator.tests.dll" id="be49ff59-04e9-8655-a106-47f9f995ba2c">
      <Execution id="e21863a5-28fc-49b0-82ff-d4acece5b68b" />
      <TestMethod codeBase="/home/runner/work/typespec/typespec/packages/http-client-csharp/generator/artifacts/bin/Microsoft.TypeSpec.Generator.Tests/Debug/net8.0/Microsoft.TypeSpec.Generator.Tests.dll" adapterTypeName="executor://nunit3testexecutor/" className="Microsoft.TypeSpec.Generator.Tests.Utilities.StringExtensionsTests" name="TestIsCSharpKeyword(&quot;explicit&quot;,True)" />
    </UnitTest>
    <UnitTest name="TestIsCSharpKeyword(&quot;extern&quot;,True)" storage="/home/runner/work/typespec/typespec/packages/http-client-csharp/generator/artifacts/bin/microsoft.typespec.generator.tests/debug/net8.0/microsoft.typespec.generator.tests.dll" id="9f1dafa7-46ea-b3b8-922f-7e2b781a7ceb">
      <Execution id="14085153-428a-4615-b748-61505b5e669b" />
      <TestMethod codeBase="/home/runner/work/typespec/typespec/packages/http-client-csharp/generator/artifacts/bin/Microsoft.TypeSpec.Generator.Tests/Debug/net8.0/Microsoft.TypeSpec.Generator.Tests.dll" adapterTypeName="executor://nunit3testexecutor/" className="Microsoft.TypeSpec.Generator.Tests.Utilities.StringExtensionsTests" name="TestIsCSharpKeyword(&quot;extern&quot;,True)" />
    </UnitTest>
    <UnitTest name="TypesAreNotEqual(System.Tuple`1[T1],System.Tuple`2[T1,T2])" storage="/home/runner/work/typespec/typespec/packages/http-client-csharp/generator/artifacts/bin/microsoft.typespec.generator.tests/debug/net8.0/microsoft.typespec.generator.tests.dll" id="e9f10229-8baf-8511-aaf1-898413fde524">
      <Execution id="7db5c226-453d-4d61-a90b-d7a059f0830b" />
      <TestMethod codeBase="/home/runner/work/typespec/typespec/packages/http-client-csharp/generator/artifacts/bin/Microsoft.TypeSpec.Generator.Tests/Debug/net8.0/Microsoft.TypeSpec.Generator.Tests.dll" adapterTypeName="executor://nunit3testexecutor/" className="Microsoft.TypeSpec.Generator.Tests.Primitives.CSharpTypeTests" name="TypesAreNotEqual(System.Tuple`1[T1],System.Tuple`2[T1,T2])" />
    </UnitTest>
    <UnitTest name="TestIsCSharpKeyword(&quot;on&quot;,True)" storage="/home/runner/work/typespec/typespec/packages/http-client-csharp/generator/artifacts/bin/microsoft.typespec.generator.tests/debug/net8.0/microsoft.typespec.generator.tests.dll" id="b3a33a9e-e0dc-2e99-7a41-ba2ae1eef3a8">
      <Execution id="ab7fd9a4-d48f-4b99-9594-98668cc25570" />
      <TestMethod codeBase="/home/runner/work/typespec/typespec/packages/http-client-csharp/generator/artifacts/bin/Microsoft.TypeSpec.Generator.Tests/Debug/net8.0/Microsoft.TypeSpec.Generator.Tests.dll" adapterTypeName="executor://nunit3testexecutor/" className="Microsoft.TypeSpec.Generator.Tests.Utilities.StringExtensionsTests" name="TestIsCSharpKeyword(&quot;on&quot;,True)" />
    </UnitTest>
    <UnitTest name="TestIsCSharpKeyword(&quot;else&quot;,True)" storage="/home/runner/work/typespec/typespec/packages/http-client-csharp/generator/artifacts/bin/microsoft.typespec.generator.tests/debug/net8.0/microsoft.typespec.generator.tests.dll" id="c88dfe59-8fc6-b7b3-cd91-beff1d32ec9e">
      <Execution id="78acb3e2-3c8d-4d17-9abf-47310bfed0d6" />
      <TestMethod codeBase="/home/runner/work/typespec/typespec/packages/http-client-csharp/generator/artifacts/bin/Microsoft.TypeSpec.Generator.Tests/Debug/net8.0/Microsoft.TypeSpec.Generator.Tests.dll" adapterTypeName="executor://nunit3testexecutor/" className="Microsoft.TypeSpec.Generator.Tests.Utilities.StringExtensionsTests" name="TestIsCSharpKeyword(&quot;else&quot;,True)" />
    </UnitTest>
    <UnitTest name="CorrectValidationIsAppliedToParameter(Url,True,AssertNotNull)" storage="/home/runner/work/typespec/typespec/packages/http-client-csharp/generator/artifacts/bin/microsoft.typespec.generator.tests/debug/net8.0/microsoft.typespec.generator.tests.dll" id="d214d9bf-c979-4d01-7b7e-9ec0a3b519be">
      <Execution id="eb685d59-59b9-4725-adb1-16619fecc446" />
      <TestMethod codeBase="/home/runner/work/typespec/typespec/packages/http-client-csharp/generator/artifacts/bin/Microsoft.TypeSpec.Generator.Tests/Debug/net8.0/Microsoft.TypeSpec.Generator.Tests.dll" adapterTypeName="executor://nunit3testexecutor/" className="Microsoft.TypeSpec.Generator.Tests.Providers.ParameterProviderTests" name="CorrectValidationIsAppliedToParameter(Url,True,AssertNotNull)" />
    </UnitTest>
    <UnitTest name="SelectGeneratorThrowsWhenNoMatch" storage="/home/runner/work/typespec/typespec/packages/http-client-csharp/generator/artifacts/bin/microsoft.typespec.generator.tests/debug/net8.0/microsoft.typespec.generator.tests.dll" id="3cac2c60-f1c9-2ed2-1385-b1fd41397e72">
      <Execution id="f94cfa80-d535-4556-9e40-77f9fc010a25" />
      <TestMethod codeBase="/home/runner/work/typespec/typespec/packages/http-client-csharp/generator/artifacts/bin/Microsoft.TypeSpec.Generator.Tests/Debug/net8.0/Microsoft.TypeSpec.Generator.Tests.dll" adapterTypeName="executor://nunit3testexecutor/" className="Microsoft.TypeSpec.Generator.Tests.StartUp.GeneratorHandlerTests" name="SelectGeneratorThrowsWhenNoMatch" />
    </UnitTest>
    <UnitTest name="CanChangeAssignmentExpression" storage="/home/runner/work/typespec/typespec/packages/http-client-csharp/generator/artifacts/bin/microsoft.typespec.generator.tests/debug/net8.0/microsoft.typespec.generator.tests.dll" id="0a7a7e63-88a2-4884-414e-cc3049a88c19">
      <Execution id="f5a818f8-0b1c-4633-b78e-4877bb39becd" />
      <TestMethod codeBase="/home/runner/work/typespec/typespec/packages/http-client-csharp/generator/artifacts/bin/Microsoft.TypeSpec.Generator.Tests/Debug/net8.0/Microsoft.TypeSpec.Generator.Tests.dll" adapterTypeName="executor://nunit3testexecutor/" className="Microsoft.TypeSpec.Generator.Tests.Expressions.ExpressionVisitorTests" name="CanChangeAssignmentExpression" />
    </UnitTest>
    <UnitTest name="TypesAreEqual(System.Collections.Generic.IList`1[T])" storage="/home/runner/work/typespec/typespec/packages/http-client-csharp/generator/artifacts/bin/microsoft.typespec.generator.tests/debug/net8.0/microsoft.typespec.generator.tests.dll" id="7788ecc7-909e-0936-6cdb-ea230b89cfd9">
      <Execution id="e021656f-fa62-49b4-88c3-dff2cc1d179a" />
      <TestMethod codeBase="/home/runner/work/typespec/typespec/packages/http-client-csharp/generator/artifacts/bin/Microsoft.TypeSpec.Generator.Tests/Debug/net8.0/Microsoft.TypeSpec.Generator.Tests.dll" adapterTypeName="executor://nunit3testexecutor/" className="Microsoft.TypeSpec.Generator.Tests.Primitives.CSharpTypeTests" name="TypesAreEqual(System.Collections.Generic.IList`1[T])" />
    </UnitTest>
    <UnitTest name="AttributeStatementWithOneArgument" storage="/home/runner/work/typespec/typespec/packages/http-client-csharp/generator/artifacts/bin/microsoft.typespec.generator.tests/debug/net8.0/microsoft.typespec.generator.tests.dll" id="54f4c0fb-569b-b0d0-4603-50fa3a676bc1">
      <Execution id="746cf426-2fe5-4f33-8e66-cdcaae9fdadb" />
      <TestMethod codeBase="/home/runner/work/typespec/typespec/packages/http-client-csharp/generator/artifacts/bin/Microsoft.TypeSpec.Generator.Tests/Debug/net8.0/Microsoft.TypeSpec.Generator.Tests.dll" adapterTypeName="executor://nunit3testexecutor/" className="Microsoft.TypeSpec.Generator.Tests.Statements.AttributeStatementTests" name="AttributeStatementWithOneArgument" />
    </UnitTest>
    <UnitTest name="PropertyInitializationType_Dictionary(System.Collections.Generic.IDictionary`2[TKey,TValue])" storage="/home/runner/work/typespec/typespec/packages/http-client-csharp/generator/artifacts/bin/microsoft.typespec.generator.tests/debug/net8.0/microsoft.typespec.generator.tests.dll" id="564c086f-2644-89cd-217d-660107701449">
      <Execution id="03647c0f-95e0-4c23-9a8a-1e72890abb34" />
      <TestMethod codeBase="/home/runner/work/typespec/typespec/packages/http-client-csharp/generator/artifacts/bin/Microsoft.TypeSpec.Generator.Tests/Debug/net8.0/Microsoft.TypeSpec.Generator.Tests.dll" adapterTypeName="executor://nunit3testexecutor/" className="Microsoft.TypeSpec.Generator.Tests.Primitives.CSharpTypeTests" name="PropertyInitializationType_Dictionary(System.Collections.Generic.IDictionary`2[TKey,TValue])" />
    </UnitTest>
    <UnitTest name="ValidatePropertyTypes(System.Nullable`1[System.Double])" storage="/home/runner/work/typespec/typespec/packages/http-client-csharp/generator/artifacts/bin/microsoft.typespec.generator.tests/debug/net8.0/microsoft.typespec.generator.tests.dll" id="2956291e-4314-cc23-4bcb-88b96d7c8b03">
      <Execution id="ebbaf232-67cf-4611-9307-055945914097" />
      <TestMethod codeBase="/home/runner/work/typespec/typespec/packages/http-client-csharp/generator/artifacts/bin/Microsoft.TypeSpec.Generator.Tests/Debug/net8.0/Microsoft.TypeSpec.Generator.Tests.dll" adapterTypeName="executor://nunit3testexecutor/" className="Microsoft.TypeSpec.Generator.Tests.Providers.NamedTypeSymbolProviders.NamedTypeSymbolProviderTests" name="ValidatePropertyTypes(System.Nullable`1[System.Double])" />
    </UnitTest>
    <UnitTest name="ValidateFields" storage="/home/runner/work/typespec/typespec/packages/http-client-csharp/generator/artifacts/bin/microsoft.typespec.generator.tests/debug/net8.0/microsoft.typespec.generator.tests.dll" id="5c2bcd3c-e1e4-71de-ffcb-e7b29b0143b1">
      <Execution id="c34475ed-cb90-4c53-b55c-3649e9671e8b" />
      <TestMethod codeBase="/home/runner/work/typespec/typespec/packages/http-client-csharp/generator/artifacts/bin/Microsoft.TypeSpec.Generator.Tests/Debug/net8.0/Microsoft.TypeSpec.Generator.Tests.dll" adapterTypeName="executor://nunit3testexecutor/" className="Microsoft.TypeSpec.Generator.Tests.Providers.NamedTypeSymbolProviders.NamedTypeSymbolProviderTests" name="ValidateFields" />
    </UnitTest>
    <UnitTest name="CanUpdateForStatement" storage="/home/runner/work/typespec/typespec/packages/http-client-csharp/generator/artifacts/bin/microsoft.typespec.generator.tests/debug/net8.0/microsoft.typespec.generator.tests.dll" id="16d57f1c-05ad-2682-d96a-76fdbc5ac200">
      <Execution id="79c757a9-adcd-4fb5-b601-1360fe0e36d0" />
      <TestMethod codeBase="/home/runner/work/typespec/typespec/packages/http-client-csharp/generator/artifacts/bin/Microsoft.TypeSpec.Generator.Tests/Debug/net8.0/Microsoft.TypeSpec.Generator.Tests.dll" adapterTypeName="executor://nunit3testexecutor/" className="Microsoft.TypeSpec.Generator.Tests.Statements.StatementVisitorTests" name="CanUpdateForStatement" />
    </UnitTest>
    <UnitTest name="MultiLineSummary" storage="/home/runner/work/typespec/typespec/packages/http-client-csharp/generator/artifacts/bin/microsoft.typespec.generator.tests/debug/net8.0/microsoft.typespec.generator.tests.dll" id="bbf2dee1-fe9f-643e-2466-0ea37b55232e">
      <Execution id="89726669-38be-4a04-bf23-1342104cad66" />
      <TestMethod codeBase="/home/runner/work/typespec/typespec/packages/http-client-csharp/generator/artifacts/bin/Microsoft.TypeSpec.Generator.Tests/Debug/net8.0/Microsoft.TypeSpec.Generator.Tests.dll" adapterTypeName="executor://nunit3testexecutor/" className="Microsoft.TypeSpec.Generator.Tests.Writers.CodeWriterTests" name="MultiLineSummary" />
    </UnitTest>
    <UnitTest name="TestIsCSharpKeyword(&quot;sbyte&quot;,True)" storage="/home/runner/work/typespec/typespec/packages/http-client-csharp/generator/artifacts/bin/microsoft.typespec.generator.tests/debug/net8.0/microsoft.typespec.generator.tests.dll" id="f84942d2-535b-3018-9a4e-000a5c0311ac">
      <Execution id="7cd39d3e-fd55-4ded-94a8-26385cc25fa1" />
      <TestMethod codeBase="/home/runner/work/typespec/typespec/packages/http-client-csharp/generator/artifacts/bin/Microsoft.TypeSpec.Generator.Tests/Debug/net8.0/Microsoft.TypeSpec.Generator.Tests.dll" adapterTypeName="executor://nunit3testexecutor/" className="Microsoft.TypeSpec.Generator.Tests.Utilities.StringExtensionsTests" name="TestIsCSharpKeyword(&quot;sbyte&quot;,True)" />
    </UnitTest>
    <UnitTest name="CSharpTypeOperatorTestNotEqual(int,bool)" storage="/home/runner/work/typespec/typespec/packages/http-client-csharp/generator/artifacts/bin/microsoft.typespec.generator.tests/debug/net8.0/microsoft.typespec.generator.tests.dll" id="761e888f-aae6-3d89-0576-6d173465af03">
      <Execution id="b3f1535f-92f0-47e8-8ac7-c495d22a8515" />
      <TestMethod codeBase="/home/runner/work/typespec/typespec/packages/http-client-csharp/generator/artifacts/bin/Microsoft.TypeSpec.Generator.Tests/Debug/net8.0/Microsoft.TypeSpec.Generator.Tests.dll" adapterTypeName="executor://nunit3testexecutor/" className="Microsoft.TypeSpec.Generator.Tests.Expressions.ValueExpressionTests" name="CSharpTypeOperatorTestNotEqual(int,bool)" />
    </UnitTest>
    <UnitTest name="ValidateNullableTypes(Microsoft.TypeSpec.Generator.Tests.Primitives.CSharpTypeTests+TestStruct`1[System.Int32],[int],False)" storage="/home/runner/work/typespec/typespec/packages/http-client-csharp/generator/artifacts/bin/microsoft.typespec.generator.tests/debug/net8.0/microsoft.typespec.generator.tests.dll" id="82a3ffcb-4933-9ef9-47d0-727653463d86">
      <Execution id="0b54a580-904d-47a1-a03c-6dccc2a02e2e" />
      <TestMethod codeBase="/home/runner/work/typespec/typespec/packages/http-client-csharp/generator/artifacts/bin/Microsoft.TypeSpec.Generator.Tests/Debug/net8.0/Microsoft.TypeSpec.Generator.Tests.dll" adapterTypeName="executor://nunit3testexecutor/" className="Microsoft.TypeSpec.Generator.Tests.Primitives.CSharpTypeTests" name="ValidateNullableTypes(Microsoft.TypeSpec.Generator.Tests.Primitives.CSharpTypeTests+TestStruct`1[System.Int32],[int],False)" />
    </UnitTest>
    <UnitTest name="BodyHasSetterValidation(&quot;readOnlyCollectionOnOutputModel&quot;,Microsoft.TypeSpec.Generator.Input.InputModelType,False,null)" storage="/home/runner/work/typespec/typespec/packages/http-client-csharp/generator/artifacts/bin/microsoft.typespec.generator.tests/debug/net8.0/microsoft.typespec.generator.tests.dll" id="0451834b-5d61-8a2a-2271-a0d29dce553b">
      <Execution id="fa26dfd2-4cab-4c7a-ab84-831e1b33dd98" />
      <TestMethod codeBase="/home/runner/work/typespec/typespec/packages/http-client-csharp/generator/artifacts/bin/Microsoft.TypeSpec.Generator.Tests/Debug/net8.0/Microsoft.TypeSpec.Generator.Tests.dll" adapterTypeName="executor://nunit3testexecutor/" className="Microsoft.TypeSpec.Generator.Tests.Providers.PropertyProviderTests" name="BodyHasSetterValidation(&quot;readOnlyCollectionOnOutputModel&quot;,Microsoft.TypeSpec.Generator.Input.InputModelType,False,null)" />
    </UnitTest>
    <UnitTest name="AsParameterRespectsChangesToPropertyType" storage="/home/runner/work/typespec/typespec/packages/http-client-csharp/generator/artifacts/bin/microsoft.typespec.generator.tests/debug/net8.0/microsoft.typespec.generator.tests.dll" id="ded5e78c-3c9a-2cdb-1f2d-a6dc4bedee40">
      <Execution id="6478565f-9c30-4cc7-8610-b76da6aa5dca" />
      <TestMethod codeBase="/home/runner/work/typespec/typespec/packages/http-client-csharp/generator/artifacts/bin/Microsoft.TypeSpec.Generator.Tests/Debug/net8.0/Microsoft.TypeSpec.Generator.Tests.dll" adapterTypeName="executor://nunit3testexecutor/" className="Microsoft.TypeSpec.Generator.Tests.Providers.PropertyProviderTests" name="AsParameterRespectsChangesToPropertyType" />
    </UnitTest>
    <UnitTest name="TestIsCSharpKeyword(&quot;uint&quot;,True)" storage="/home/runner/work/typespec/typespec/packages/http-client-csharp/generator/artifacts/bin/microsoft.typespec.generator.tests/debug/net8.0/microsoft.typespec.generator.tests.dll" id="66f00b6b-7e66-d43e-f104-8a2b5185043b">
      <Execution id="ddd63612-77cb-412f-a2b0-7f5b28c235ee" />
      <TestMethod codeBase="/home/runner/work/typespec/typespec/packages/http-client-csharp/generator/artifacts/bin/Microsoft.TypeSpec.Generator.Tests/Debug/net8.0/Microsoft.TypeSpec.Generator.Tests.dll" adapterTypeName="executor://nunit3testexecutor/" className="Microsoft.TypeSpec.Generator.Tests.Utilities.StringExtensionsTests" name="TestIsCSharpKeyword(&quot;uint&quot;,True)" />
    </UnitTest>
    <UnitTest name="TestBreakLines_AllLineBreaks" storage="/home/runner/work/typespec/typespec/packages/http-client-csharp/generator/artifacts/bin/microsoft.typespec.generator.tests/debug/net8.0/microsoft.typespec.generator.tests.dll" id="55ce5247-e731-1e4f-d91f-c42500d9a460">
      <Execution id="a7f99af5-6167-4723-8acf-ce52decc4632" />
      <TestMethod codeBase="/home/runner/work/typespec/typespec/packages/http-client-csharp/generator/artifacts/bin/Microsoft.TypeSpec.Generator.Tests/Debug/net8.0/Microsoft.TypeSpec.Generator.Tests.dll" adapterTypeName="executor://nunit3testexecutor/" className="Microsoft.TypeSpec.Generator.Tests.Utilities.FormattableStringHelpersTests" name="TestBreakLines_AllLineBreaks" />
    </UnitTest>
    <UnitTest name="CollectionProperty(global::System.Collections.Generic.IList&lt;string&gt;,Microsoft.TypeSpec.Generator.Input.InputModelProperty,global::System.Collections.Generic.IList&lt;string&gt;)" storage="/home/runner/work/typespec/typespec/packages/http-client-csharp/generator/artifacts/bin/microsoft.typespec.generator.tests/debug/net8.0/microsoft.typespec.generator.tests.dll" id="000ee0da-ca82-cbe1-fd94-939f4b297425">
      <Execution id="c79b26f1-e2e7-45d1-a3b7-ac5ff53418f9" />
      <TestMethod codeBase="/home/runner/work/typespec/typespec/packages/http-client-csharp/generator/artifacts/bin/Microsoft.TypeSpec.Generator.Tests/Debug/net8.0/Microsoft.TypeSpec.Generator.Tests.dll" adapterTypeName="executor://nunit3testexecutor/" className="Microsoft.TypeSpec.Generator.Tests.Providers.PropertyProviderTests" name="CollectionProperty(global::System.Collections.Generic.IList&lt;string&gt;,Microsoft.TypeSpec.Generator.Input.InputModelProperty,global::System.Collections.Generic.IList&lt;string&gt;)" />
    </UnitTest>
    <UnitTest name="ValidatePropertyTypes(System.ReadOnlyMemory`1[System.Object])" storage="/home/runner/work/typespec/typespec/packages/http-client-csharp/generator/artifacts/bin/microsoft.typespec.generator.tests/debug/net8.0/microsoft.typespec.generator.tests.dll" id="2b4ddf01-34e6-feac-bd63-f83f794c26c5">
      <Execution id="86a5fbf4-5b16-41c1-9aeb-2667ad2b2410" />
      <TestMethod codeBase="/home/runner/work/typespec/typespec/packages/http-client-csharp/generator/artifacts/bin/Microsoft.TypeSpec.Generator.Tests/Debug/net8.0/Microsoft.TypeSpec.Generator.Tests.dll" adapterTypeName="executor://nunit3testexecutor/" className="Microsoft.TypeSpec.Generator.Tests.Providers.NamedTypeSymbolProviders.NamedTypeSymbolProviderTests" name="ValidatePropertyTypes(System.ReadOnlyMemory`1[System.Object])" />
    </UnitTest>
    <UnitTest name="TestFlatten_CorrectNestedOrder" storage="/home/runner/work/typespec/typespec/packages/http-client-csharp/generator/artifacts/bin/microsoft.typespec.generator.tests/debug/net8.0/microsoft.typespec.generator.tests.dll" id="0d29e5b2-5da1-fce3-df65-d20edd141d9a">
      <Execution id="cd10a597-4f8c-4bed-a604-fb90f9e59502" />
      <TestMethod codeBase="/home/runner/work/typespec/typespec/packages/http-client-csharp/generator/artifacts/bin/Microsoft.TypeSpec.Generator.Tests/Debug/net8.0/Microsoft.TypeSpec.Generator.Tests.dll" adapterTypeName="executor://nunit3testexecutor/" className="Microsoft.TypeSpec.Generator.Tests.Statements.StatementTests" name="TestFlatten_CorrectNestedOrder" />
    </UnitTest>
    <UnitTest name="CSharpTypeOperatorTestNotEqual(global::System.Collections.Generic.IList&lt;T&gt;,global::System.Collections.Generic.IDictionary&lt;TKey, TValue&gt;)" storage="/home/runner/work/typespec/typespec/packages/http-client-csharp/generator/artifacts/bin/microsoft.typespec.generator.tests/debug/net8.0/microsoft.typespec.generator.tests.dll" id="4228c33d-9ac1-acd5-28cd-e0118a4cda84">
      <Execution id="a1ba358f-031c-4687-94f6-6cb4c1fa2510" />
      <TestMethod codeBase="/home/runner/work/typespec/typespec/packages/http-client-csharp/generator/artifacts/bin/Microsoft.TypeSpec.Generator.Tests/Debug/net8.0/Microsoft.TypeSpec.Generator.Tests.dll" adapterTypeName="executor://nunit3testexecutor/" className="Microsoft.TypeSpec.Generator.Tests.Expressions.ValueExpressionTests" name="CSharpTypeOperatorTestNotEqual(global::System.Collections.Generic.IList&lt;T&gt;,global::System.Collections.Generic.IDictionary&lt;TKey, TValue&gt;)" />
    </UnitTest>
    <UnitTest name="ValidateAnonymousSingleProperty" storage="/home/runner/work/typespec/typespec/packages/http-client-csharp/generator/artifacts/bin/microsoft.typespec.generator.tests/debug/net8.0/microsoft.typespec.generator.tests.dll" id="3ef7420c-d306-f082-a482-ad3bb0121ce4">
      <Execution id="e205e6bb-a91d-43f5-a507-8e7322b6ce0c" />
      <TestMethod codeBase="/home/runner/work/typespec/typespec/packages/http-client-csharp/generator/artifacts/bin/Microsoft.TypeSpec.Generator.Tests/Debug/net8.0/Microsoft.TypeSpec.Generator.Tests.dll" adapterTypeName="executor://nunit3testexecutor/" className="Microsoft.TypeSpec.Generator.Tests.Snippets.SnippetTests" name="ValidateAnonymousSingleProperty" />
    </UnitTest>
    <UnitTest name="TestBuildProperties_ValidatePropertySetters(Microsoft.TypeSpec.Generator.Input.InputModelProperty,global::System.Collections.Generic.IList&lt;string&gt;,True)" storage="/home/runner/work/typespec/typespec/packages/http-client-csharp/generator/artifacts/bin/microsoft.typespec.generator.tests/debug/net8.0/microsoft.typespec.generator.tests.dll" id="3d3a32f5-bedd-f047-ab68-20f8c211f087">
      <Execution id="086c5dd4-b1b5-426c-ac9f-4260ee7f9c82" />
      <TestMethod codeBase="/home/runner/work/typespec/typespec/packages/http-client-csharp/generator/artifacts/bin/Microsoft.TypeSpec.Generator.Tests/Debug/net8.0/Microsoft.TypeSpec.Generator.Tests.dll" adapterTypeName="executor://nunit3testexecutor/" className="Microsoft.TypeSpec.Generator.Tests.Providers.ModelProviders.ModelProviderTests" name="TestBuildProperties_ValidatePropertySetters(Microsoft.TypeSpec.Generator.Input.InputModelProperty,global::System.Collections.Generic.IList&lt;string&gt;,True)" />
    </UnitTest>
    <UnitTest name="NotNullNullableInt32ThrowsOnNull" storage="/home/runner/work/typespec/typespec/packages/http-client-csharp/generator/artifacts/bin/microsoft.typespec.generator.tests/debug/net8.0/microsoft.typespec.generator.tests.dll" id="d18f8a01-3ed9-5f14-93b2-142ed3d7ed6c">
      <Execution id="5e6e6283-6f6f-4353-b668-575adadc4ec2" />
      <TestMethod codeBase="/home/runner/work/typespec/typespec/packages/http-client-csharp/generator/artifacts/bin/Microsoft.TypeSpec.Generator.Tests/Debug/net8.0/Microsoft.TypeSpec.Generator.Tests.dll" adapterTypeName="executor://nunit3testexecutor/" className="Microsoft.TypeSpec.Generator.Tests.Providers.ArgumentTests" name="NotNullNullableInt32ThrowsOnNull" />
    </UnitTest>
    <UnitTest name="TestIsCSharpKeyword(&quot;implicit&quot;,True)" storage="/home/runner/work/typespec/typespec/packages/http-client-csharp/generator/artifacts/bin/microsoft.typespec.generator.tests/debug/net8.0/microsoft.typespec.generator.tests.dll" id="103f63bc-36fd-3259-ded9-b15d3dd5bad3">
      <Execution id="1921d291-b40e-4932-a2cf-48436e166c1b" />
      <TestMethod codeBase="/home/runner/work/typespec/typespec/packages/http-client-csharp/generator/artifacts/bin/Microsoft.TypeSpec.Generator.Tests/Debug/net8.0/Microsoft.TypeSpec.Generator.Tests.dll" adapterTypeName="executor://nunit3testexecutor/" className="Microsoft.TypeSpec.Generator.Tests.Utilities.StringExtensionsTests" name="TestIsCSharpKeyword(&quot;implicit&quot;,True)" />
    </UnitTest>
    <UnitTest name="NotEqualToFrameworkType(System.Collections.Generic.IList`1[System.Int32],System.Collections.Generic.IList`1[System.String])" storage="/home/runner/work/typespec/typespec/packages/http-client-csharp/generator/artifacts/bin/microsoft.typespec.generator.tests/debug/net8.0/microsoft.typespec.generator.tests.dll" id="c45fc3c6-4264-b296-c4f3-e8618808a521">
      <Execution id="4361c4f2-7b1b-41de-8859-3d1bed9e29e8" />
      <TestMethod codeBase="/home/runner/work/typespec/typespec/packages/http-client-csharp/generator/artifacts/bin/Microsoft.TypeSpec.Generator.Tests/Debug/net8.0/Microsoft.TypeSpec.Generator.Tests.dll" adapterTypeName="executor://nunit3testexecutor/" className="Microsoft.TypeSpec.Generator.Tests.Primitives.CSharpTypeTests" name="NotEqualToFrameworkType(System.Collections.Generic.IList`1[System.Int32],System.Collections.Generic.IList`1[System.String])" />
    </UnitTest>
    <UnitTest name="OmitsModelFactoryMethodIfModelTypeInternal" storage="/home/runner/work/typespec/typespec/packages/http-client-csharp/generator/artifacts/bin/microsoft.typespec.generator.tests/debug/net8.0/microsoft.typespec.generator.tests.dll" id="2234441e-20a3-5910-1d29-7e976e13e77e">
      <Execution id="985c256a-12f9-455a-a4c9-2bc6f2a4e084" />
      <TestMethod codeBase="/home/runner/work/typespec/typespec/packages/http-client-csharp/generator/artifacts/bin/Microsoft.TypeSpec.Generator.Tests/Debug/net8.0/Microsoft.TypeSpec.Generator.Tests.dll" adapterTypeName="executor://nunit3testexecutor/" className="Microsoft.TypeSpec.Generator.Tests.Providers.ModelFactories.ModelFactoriesCustomizationTests" name="OmitsModelFactoryMethodIfModelTypeInternal" />
    </UnitTest>
    <UnitTest name="TestToApiVersionValueWithCustomSeparator(&quot;V1_0&quot;,&quot;:&quot;,&quot;1:0&quot;)" storage="/home/runner/work/typespec/typespec/packages/http-client-csharp/generator/artifacts/bin/microsoft.typespec.generator.tests/debug/net8.0/microsoft.typespec.generator.tests.dll" id="f985d6d7-ca7f-a617-f08c-6bd1fda62de2">
      <Execution id="19ec4d24-d3b9-4e8e-a73e-a91fbd3d3695" />
      <TestMethod codeBase="/home/runner/work/typespec/typespec/packages/http-client-csharp/generator/artifacts/bin/Microsoft.TypeSpec.Generator.Tests/Debug/net8.0/Microsoft.TypeSpec.Generator.Tests.dll" adapterTypeName="executor://nunit3testexecutor/" className="Microsoft.TypeSpec.Generator.Tests.Utilities.StringExtensionsTests" name="TestToApiVersionValueWithCustomSeparator(&quot;V1_0&quot;,&quot;:&quot;,&quot;1:0&quot;)" />
    </UnitTest>
    <UnitTest name="TypesAreNotEqual(System.Int32,System.Collections.Generic.IList`1[T])" storage="/home/runner/work/typespec/typespec/packages/http-client-csharp/generator/artifacts/bin/microsoft.typespec.generator.tests/debug/net8.0/microsoft.typespec.generator.tests.dll" id="b86559c3-e87a-12ca-e3c8-ff77b6bb3945">
      <Execution id="b51e99fe-22a7-4a79-81e0-820cc4b264fa" />
      <TestMethod codeBase="/home/runner/work/typespec/typespec/packages/http-client-csharp/generator/artifacts/bin/Microsoft.TypeSpec.Generator.Tests/Debug/net8.0/Microsoft.TypeSpec.Generator.Tests.dll" adapterTypeName="executor://nunit3testexecutor/" className="Microsoft.TypeSpec.Generator.Tests.Primitives.CSharpTypeTests" name="TypesAreNotEqual(System.Int32,System.Collections.Generic.IList`1[T])" />
    </UnitTest>
    <UnitTest name="TestIsCSharpKeyword(&quot;add&quot;,True)" storage="/home/runner/work/typespec/typespec/packages/http-client-csharp/generator/artifacts/bin/microsoft.typespec.generator.tests/debug/net8.0/microsoft.typespec.generator.tests.dll" id="98e6239d-900e-ef9b-d147-c65df38299e5">
      <Execution id="ee41cdcd-3212-4058-81cd-cc77a554f412" />
      <TestMethod codeBase="/home/runner/work/typespec/typespec/packages/http-client-csharp/generator/artifacts/bin/Microsoft.TypeSpec.Generator.Tests/Debug/net8.0/Microsoft.TypeSpec.Generator.Tests.dll" adapterTypeName="executor://nunit3testexecutor/" className="Microsoft.TypeSpec.Generator.Tests.Utilities.StringExtensionsTests" name="TestIsCSharpKeyword(&quot;add&quot;,True)" />
    </UnitTest>
    <UnitTest name="DiscriminatedModelWithNoSubTypesHasUnknownVariant" storage="/home/runner/work/typespec/typespec/packages/http-client-csharp/generator/artifacts/bin/microsoft.typespec.generator.tests/debug/net8.0/microsoft.typespec.generator.tests.dll" id="4f9ccf09-01c7-bb0c-873e-d0e8496ff122">
      <Execution id="443c0e70-8b70-434e-b84d-6e8d4f106aec" />
      <TestMethod codeBase="/home/runner/work/typespec/typespec/packages/http-client-csharp/generator/artifacts/bin/Microsoft.TypeSpec.Generator.Tests/Debug/net8.0/Microsoft.TypeSpec.Generator.Tests.dll" adapterTypeName="executor://nunit3testexecutor/" className="Microsoft.TypeSpec.Generator.Tests.Providers.ModelProviders.DiscriminatorTests" name="DiscriminatedModelWithNoSubTypesHasUnknownVariant" />
    </UnitTest>
    <UnitTest name="IsCollectionType(System.Collections.Generic.IEnumerable`1[T],True)" storage="/home/runner/work/typespec/typespec/packages/http-client-csharp/generator/artifacts/bin/microsoft.typespec.generator.tests/debug/net8.0/microsoft.typespec.generator.tests.dll" id="27b269da-c72b-75a0-be64-578adcdac447">
      <Execution id="34a26475-97f0-4af9-974a-9ef98f4ba0db" />
      <TestMethod codeBase="/home/runner/work/typespec/typespec/packages/http-client-csharp/generator/artifacts/bin/Microsoft.TypeSpec.Generator.Tests/Debug/net8.0/Microsoft.TypeSpec.Generator.Tests.dll" adapterTypeName="executor://nunit3testexecutor/" className="Microsoft.TypeSpec.Generator.Tests.Primitives.CSharpTypeTests" name="IsCollectionType(System.Collections.Generic.IEnumerable`1[T],True)" />
    </UnitTest>
    <UnitTest name="IsCollectionType(System.Collections.Generic.IReadOnlyDictionary`2[TKey,TValue],True)" storage="/home/runner/work/typespec/typespec/packages/http-client-csharp/generator/artifacts/bin/microsoft.typespec.generator.tests/debug/net8.0/microsoft.typespec.generator.tests.dll" id="7d2a67de-d580-bdbf-18ba-4a6da46d0911">
      <Execution id="d92aba44-7420-4286-bb1b-c99ae4ef2b18" />
      <TestMethod codeBase="/home/runner/work/typespec/typespec/packages/http-client-csharp/generator/artifacts/bin/Microsoft.TypeSpec.Generator.Tests/Debug/net8.0/Microsoft.TypeSpec.Generator.Tests.dll" adapterTypeName="executor://nunit3testexecutor/" className="Microsoft.TypeSpec.Generator.Tests.Primitives.CSharpTypeTests" name="IsCollectionType(System.Collections.Generic.IReadOnlyDictionary`2[TKey,TValue],True)" />
    </UnitTest>
    <UnitTest name="RemoveElement" storage="/home/runner/work/typespec/typespec/packages/http-client-csharp/generator/artifacts/bin/microsoft.typespec.generator.tests/debug/net8.0/microsoft.typespec.generator.tests.dll" id="d328b59f-8c45-6551-a565-0b5da9eb7464">
      <Execution id="1cc829e1-5885-4ee6-9c52-45536984f64f" />
      <TestMethod codeBase="/home/runner/work/typespec/typespec/packages/http-client-csharp/generator/artifacts/bin/Microsoft.TypeSpec.Generator.Tests/Debug/net8.0/Microsoft.TypeSpec.Generator.Tests.dll" adapterTypeName="executor://nunit3testexecutor/" className="Microsoft.TypeSpec.Generator.Tests.Providers.ChangeTrackingDictionaryTest" name="RemoveElement" />
    </UnitTest>
    <UnitTest name="TestIsCSharpKeyword(&quot;false&quot;,True)" storage="/home/runner/work/typespec/typespec/packages/http-client-csharp/generator/artifacts/bin/microsoft.typespec.generator.tests/debug/net8.0/microsoft.typespec.generator.tests.dll" id="c5a6f9b8-2be1-5845-0cfa-0cdabfe6a5fe">
      <Execution id="84d85d80-a5d1-40c7-8ea5-370e0ebc2079" />
      <TestMethod codeBase="/home/runner/work/typespec/typespec/packages/http-client-csharp/generator/artifacts/bin/Microsoft.TypeSpec.Generator.Tests/Debug/net8.0/Microsoft.TypeSpec.Generator.Tests.dll" adapterTypeName="executor://nunit3testexecutor/" className="Microsoft.TypeSpec.Generator.Tests.Utilities.StringExtensionsTests" name="TestIsCSharpKeyword(&quot;false&quot;,True)" />
    </UnitTest>
    <UnitTest name="PropertyInitializationType_Dictionary(System.Collections.Generic.IReadOnlyDictionary`2[TKey,TValue])" storage="/home/runner/work/typespec/typespec/packages/http-client-csharp/generator/artifacts/bin/microsoft.typespec.generator.tests/debug/net8.0/microsoft.typespec.generator.tests.dll" id="738f574b-be84-9882-b212-75f98e3d3994">
      <Execution id="ca32f2a8-292d-468c-a552-f4fdc85482a2" />
      <TestMethod codeBase="/home/runner/work/typespec/typespec/packages/http-client-csharp/generator/artifacts/bin/Microsoft.TypeSpec.Generator.Tests/Debug/net8.0/Microsoft.TypeSpec.Generator.Tests.dll" adapterTypeName="executor://nunit3testexecutor/" className="Microsoft.TypeSpec.Generator.Tests.Primitives.CSharpTypeTests" name="PropertyInitializationType_Dictionary(System.Collections.Generic.IReadOnlyDictionary`2[TKey,TValue])" />
    </UnitTest>
    <UnitTest name="FullyQualifiedNamePopulatedForFrameworkTypes(System.Int32)" storage="/home/runner/work/typespec/typespec/packages/http-client-csharp/generator/artifacts/bin/microsoft.typespec.generator.tests/debug/net8.0/microsoft.typespec.generator.tests.dll" id="017b84c0-d041-5ec5-367a-bfeae91ba208">
      <Execution id="ee9e7f4f-d3cd-44b1-9cbc-828a2c14ff3d" />
      <TestMethod codeBase="/home/runner/work/typespec/typespec/packages/http-client-csharp/generator/artifacts/bin/Microsoft.TypeSpec.Generator.Tests/Debug/net8.0/Microsoft.TypeSpec.Generator.Tests.dll" adapterTypeName="executor://nunit3testexecutor/" className="Microsoft.TypeSpec.Generator.Tests.Primitives.CSharpTypeTests" name="FullyQualifiedNamePopulatedForFrameworkTypes(System.Int32)" />
    </UnitTest>
    <UnitTest name="ValidateFloat" storage="/home/runner/work/typespec/typespec/packages/http-client-csharp/generator/artifacts/bin/microsoft.typespec.generator.tests/debug/net8.0/microsoft.typespec.generator.tests.dll" id="e2019408-a247-cd92-a372-7004d0253e97">
      <Execution id="4e9c329d-93ab-483f-aae2-9f990cf93eb9" />
      <TestMethod codeBase="/home/runner/work/typespec/typespec/packages/http-client-csharp/generator/artifacts/bin/Microsoft.TypeSpec.Generator.Tests/Debug/net8.0/Microsoft.TypeSpec.Generator.Tests.dll" adapterTypeName="executor://nunit3testexecutor/" className="Microsoft.TypeSpec.Generator.Tests.Snippets.SnippetTests" name="ValidateFloat" />
    </UnitTest>
    <UnitTest name="TestIsCSharpKeyword(&quot;using&quot;,True)" storage="/home/runner/work/typespec/typespec/packages/http-client-csharp/generator/artifacts/bin/microsoft.typespec.generator.tests/debug/net8.0/microsoft.typespec.generator.tests.dll" id="b93e230f-c49c-564b-996d-dea1fded8624">
      <Execution id="b716f506-b4d9-4ffd-8035-890b0855c14f" />
      <TestMethod codeBase="/home/runner/work/typespec/typespec/packages/http-client-csharp/generator/artifacts/bin/Microsoft.TypeSpec.Generator.Tests/Debug/net8.0/Microsoft.TypeSpec.Generator.Tests.dll" adapterTypeName="executor://nunit3testexecutor/" className="Microsoft.TypeSpec.Generator.Tests.Utilities.StringExtensionsTests" name="TestIsCSharpKeyword(&quot;using&quot;,True)" />
    </UnitTest>
    <UnitTest name="TestToApiVersionValue(&quot;V2022_05_15_Preview&quot;,&quot;2022-05-15-preview&quot;)" storage="/home/runner/work/typespec/typespec/packages/http-client-csharp/generator/artifacts/bin/microsoft.typespec.generator.tests/debug/net8.0/microsoft.typespec.generator.tests.dll" id="afbc18a2-d513-8802-fe89-8856a237affe">
      <Execution id="36117133-fdb8-40b6-b3ff-57838ff369c5" />
      <TestMethod codeBase="/home/runner/work/typespec/typespec/packages/http-client-csharp/generator/artifacts/bin/Microsoft.TypeSpec.Generator.Tests/Debug/net8.0/Microsoft.TypeSpec.Generator.Tests.dll" adapterTypeName="executor://nunit3testexecutor/" className="Microsoft.TypeSpec.Generator.Tests.Utilities.StringExtensionsTests" name="TestToApiVersionValue(&quot;V2022_05_15_Preview&quot;,&quot;2022-05-15-preview&quot;)" />
    </UnitTest>
    <UnitTest name="TestIsCSharpKeyword(&quot;unsafe&quot;,True)" storage="/home/runner/work/typespec/typespec/packages/http-client-csharp/generator/artifacts/bin/microsoft.typespec.generator.tests/debug/net8.0/microsoft.typespec.generator.tests.dll" id="678b2ab9-5250-0c7e-77aa-1dd093e379a0">
      <Execution id="24bb6124-ab64-464d-ba12-3a1c25f18ee5" />
      <TestMethod codeBase="/home/runner/work/typespec/typespec/packages/http-client-csharp/generator/artifacts/bin/Microsoft.TypeSpec.Generator.Tests/Debug/net8.0/Microsoft.TypeSpec.Generator.Tests.dll" adapterTypeName="executor://nunit3testexecutor/" className="Microsoft.TypeSpec.Generator.Tests.Utilities.StringExtensionsTests" name="TestIsCSharpKeyword(&quot;unsafe&quot;,True)" />
    </UnitTest>
    <UnitTest name="ListParamShape" storage="/home/runner/work/typespec/typespec/packages/http-client-csharp/generator/artifacts/bin/microsoft.typespec.generator.tests/debug/net8.0/microsoft.typespec.generator.tests.dll" id="efa41d69-047a-862e-3b9a-3e60dad1df59">
      <Execution id="66d84952-f7af-4054-86dd-fbb0eb261a3d" />
      <TestMethod codeBase="/home/runner/work/typespec/typespec/packages/http-client-csharp/generator/artifacts/bin/Microsoft.TypeSpec.Generator.Tests/Debug/net8.0/Microsoft.TypeSpec.Generator.Tests.dll" adapterTypeName="executor://nunit3testexecutor/" className="Microsoft.TypeSpec.Generator.Tests.Providers.ModelFactories.ModelFactoryProviderTests" name="ListParamShape" />
    </UnitTest>
    <UnitTest name="IsDictionary(System.Collections.Generic.List`1[T],False)" storage="/home/runner/work/typespec/typespec/packages/http-client-csharp/generator/artifacts/bin/microsoft.typespec.generator.tests/debug/net8.0/microsoft.typespec.generator.tests.dll" id="c8fad434-c90e-02c1-1a72-f8552a249e5f">
      <Execution id="a7aed024-e2e1-4034-b1e3-5e17e2e51bfa" />
      <TestMethod codeBase="/home/runner/work/typespec/typespec/packages/http-client-csharp/generator/artifacts/bin/Microsoft.TypeSpec.Generator.Tests/Debug/net8.0/Microsoft.TypeSpec.Generator.Tests.dll" adapterTypeName="executor://nunit3testexecutor/" className="Microsoft.TypeSpec.Generator.Tests.Primitives.CSharpTypeTests" name="IsDictionary(System.Collections.Generic.List`1[T],False)" />
    </UnitTest>
    <UnitTest name="CanChangeEnumMemberName" storage="/home/runner/work/typespec/typespec/packages/http-client-csharp/generator/artifacts/bin/microsoft.typespec.generator.tests/debug/net8.0/microsoft.typespec.generator.tests.dll" id="98cf208a-6989-033b-bddf-d928a0690081">
      <Execution id="86410460-a7d1-49b6-aa52-1f9ff8210ab0" />
      <TestMethod codeBase="/home/runner/work/typespec/typespec/packages/http-client-csharp/generator/artifacts/bin/Microsoft.TypeSpec.Generator.Tests/Debug/net8.0/Microsoft.TypeSpec.Generator.Tests.dll" adapterTypeName="executor://nunit3testexecutor/" className="Microsoft.TypeSpec.Generator.Tests.Providers.ModelProviders.ModelCustomizationTests" name="CanChangeEnumMemberName" />
    </UnitTest>
    <UnitTest name="KeyValuePairExpression(System.Collections.Generic.IList`1[System.Int32],System.Collections.Generic.IList`1[T])" storage="/home/runner/work/typespec/typespec/packages/http-client-csharp/generator/artifacts/bin/microsoft.typespec.generator.tests/debug/net8.0/microsoft.typespec.generator.tests.dll" id="8b908069-3601-8ab8-3293-9df091546406">
      <Execution id="92108675-fde7-4e0b-b51b-b8f96b1f9023" />
      <TestMethod codeBase="/home/runner/work/typespec/typespec/packages/http-client-csharp/generator/artifacts/bin/Microsoft.TypeSpec.Generator.Tests/Debug/net8.0/Microsoft.TypeSpec.Generator.Tests.dll" adapterTypeName="executor://nunit3testexecutor/" className="Microsoft.TypeSpec.Generator.Tests.Expressions.KnownValueExpressionsTests" name="KeyValuePairExpression(System.Collections.Generic.IList`1[System.Int32],System.Collections.Generic.IList`1[T])" />
    </UnitTest>
    <UnitTest name="TestToApiVersionValueWithVersionPrefix(&quot;V1_0_0&quot;,&quot;api-version-&quot;,&quot;api-version-1-0-0&quot;)" storage="/home/runner/work/typespec/typespec/packages/http-client-csharp/generator/artifacts/bin/microsoft.typespec.generator.tests/debug/net8.0/microsoft.typespec.generator.tests.dll" id="ef93e544-041e-84fd-ce12-e47f85e7956a">
      <Execution id="86e450ce-47e5-496c-80f4-01fb1ca99988" />
      <TestMethod codeBase="/home/runner/work/typespec/typespec/packages/http-client-csharp/generator/artifacts/bin/Microsoft.TypeSpec.Generator.Tests/Debug/net8.0/Microsoft.TypeSpec.Generator.Tests.dll" adapterTypeName="executor://nunit3testexecutor/" className="Microsoft.TypeSpec.Generator.Tests.Utilities.StringExtensionsTests" name="TestToApiVersionValueWithVersionPrefix(&quot;V1_0_0&quot;,&quot;api-version-&quot;,&quot;api-version-1-0-0&quot;)" />
    </UnitTest>
    <UnitTest name="CanReplaceField" storage="/home/runner/work/typespec/typespec/packages/http-client-csharp/generator/artifacts/bin/microsoft.typespec.generator.tests/debug/net8.0/microsoft.typespec.generator.tests.dll" id="9b8906a6-79be-0e23-6f06-b03319ed63b9">
      <Execution id="ec30be00-0f43-4c1d-a36b-a0c61e2522d3" />
      <TestMethod codeBase="/home/runner/work/typespec/typespec/packages/http-client-csharp/generator/artifacts/bin/Microsoft.TypeSpec.Generator.Tests/Debug/net8.0/Microsoft.TypeSpec.Generator.Tests.dll" adapterTypeName="executor://nunit3testexecutor/" className="Microsoft.TypeSpec.Generator.Tests.Providers.ModelProviders.ModelCustomizationTests" name="CanReplaceField" />
    </UnitTest>
    <UnitTest name="CustomConstructorWithBaseInitializerShouldHaveInitializerPopulated" storage="/home/runner/work/typespec/typespec/packages/http-client-csharp/generator/artifacts/bin/microsoft.typespec.generator.tests/debug/net8.0/microsoft.typespec.generator.tests.dll" id="6bd7a7fe-7997-570b-3fa0-de1f60f7b80e">
      <Execution id="a8ce02ab-18d3-4374-8aa6-c84a053b49d2" />
      <TestMethod codeBase="/home/runner/work/typespec/typespec/packages/http-client-csharp/generator/artifacts/bin/Microsoft.TypeSpec.Generator.Tests/Debug/net8.0/Microsoft.TypeSpec.Generator.Tests.dll" adapterTypeName="executor://nunit3testexecutor/" className="Microsoft.TypeSpec.Generator.Tests.Providers.NamedTypeSymbolProviders.ConstructorInitializerTests" name="CustomConstructorWithBaseInitializerShouldHaveInitializerPopulated" />
    </UnitTest>
    <UnitTest name="CanChangePropertyNameAndRedefineOriginal" storage="/home/runner/work/typespec/typespec/packages/http-client-csharp/generator/artifacts/bin/microsoft.typespec.generator.tests/debug/net8.0/microsoft.typespec.generator.tests.dll" id="32f519da-a40b-b181-4d83-4257f290e3db">
      <Execution id="a14746ba-f66c-4702-895d-db14ece610c4" />
      <TestMethod codeBase="/home/runner/work/typespec/typespec/packages/http-client-csharp/generator/artifacts/bin/Microsoft.TypeSpec.Generator.Tests/Debug/net8.0/Microsoft.TypeSpec.Generator.Tests.dll" adapterTypeName="executor://nunit3testexecutor/" className="Microsoft.TypeSpec.Generator.Tests.Providers.ModelProviders.ModelCustomizationTests" name="CanChangePropertyNameAndRedefineOriginal" />
    </UnitTest>
    <UnitTest name="EqualToFrameworkType(System.Collections.Generic.IList`1[T])" storage="/home/runner/work/typespec/typespec/packages/http-client-csharp/generator/artifacts/bin/microsoft.typespec.generator.tests/debug/net8.0/microsoft.typespec.generator.tests.dll" id="20b462f4-c96b-2673-837e-d6d7e8986772">
      <Execution id="1ff07e31-1296-4b93-87bc-49d00d36da19" />
      <TestMethod codeBase="/home/runner/work/typespec/typespec/packages/http-client-csharp/generator/artifacts/bin/Microsoft.TypeSpec.Generator.Tests/Debug/net8.0/Microsoft.TypeSpec.Generator.Tests.dll" adapterTypeName="executor://nunit3testexecutor/" className="Microsoft.TypeSpec.Generator.Tests.Primitives.CSharpTypeTests" name="EqualToFrameworkType(System.Collections.Generic.IList`1[T])" />
    </UnitTest>
    <UnitTest name="IsCollectionType(System.Collections.Generic.IList`1[T],True)" storage="/home/runner/work/typespec/typespec/packages/http-client-csharp/generator/artifacts/bin/microsoft.typespec.generator.tests/debug/net8.0/microsoft.typespec.generator.tests.dll" id="de5f874a-3067-e711-a28a-4ee0d29700d2">
      <Execution id="23750800-904d-4488-acf7-078ce78b444d" />
      <TestMethod codeBase="/home/runner/work/typespec/typespec/packages/http-client-csharp/generator/artifacts/bin/Microsoft.TypeSpec.Generator.Tests/Debug/net8.0/Microsoft.TypeSpec.Generator.Tests.dll" adapterTypeName="executor://nunit3testexecutor/" className="Microsoft.TypeSpec.Generator.Tests.Primitives.CSharpTypeTests" name="IsCollectionType(System.Collections.Generic.IList`1[T],True)" />
    </UnitTest>
    <UnitTest name="DuplicatePropertyHasVirtualAndOverrideKeyword" storage="/home/runner/work/typespec/typespec/packages/http-client-csharp/generator/artifacts/bin/microsoft.typespec.generator.tests/debug/net8.0/microsoft.typespec.generator.tests.dll" id="26d6e61d-3424-d277-97b9-45867b7105f8">
      <Execution id="f1917f20-8995-424f-92f7-b0d2652396dd" />
      <TestMethod codeBase="/home/runner/work/typespec/typespec/packages/http-client-csharp/generator/artifacts/bin/Microsoft.TypeSpec.Generator.Tests/Debug/net8.0/Microsoft.TypeSpec.Generator.Tests.dll" adapterTypeName="executor://nunit3testexecutor/" className="Microsoft.TypeSpec.Generator.Tests.Providers.ModelProviders.ModelProviderTests" name="DuplicatePropertyHasVirtualAndOverrideKeyword" />
    </UnitTest>
    <UnitTest name="TestIsCSharpKeyword(&quot;set&quot;,True)" storage="/home/runner/work/typespec/typespec/packages/http-client-csharp/generator/artifacts/bin/microsoft.typespec.generator.tests/debug/net8.0/microsoft.typespec.generator.tests.dll" id="1fc847a6-e70a-2855-aa14-40c36f34aab7">
      <Execution id="a14f7b44-fbaf-40a8-89af-a11b03c76d0f" />
      <TestMethod codeBase="/home/runner/work/typespec/typespec/packages/http-client-csharp/generator/artifacts/bin/Microsoft.TypeSpec.Generator.Tests/Debug/net8.0/Microsoft.TypeSpec.Generator.Tests.dll" adapterTypeName="executor://nunit3testexecutor/" className="Microsoft.TypeSpec.Generator.Tests.Utilities.StringExtensionsTests" name="TestIsCSharpKeyword(&quot;set&quot;,True)" />
    </UnitTest>
    <UnitTest name="TestWriteValueExpression_DefaultCollectionInitializerExpression(&quot;foo&quot;,&quot;{ \&quot;foo\&quot; }&quot;)" storage="/home/runner/work/typespec/typespec/packages/http-client-csharp/generator/artifacts/bin/microsoft.typespec.generator.tests/debug/net8.0/microsoft.typespec.generator.tests.dll" id="15d88251-7ed4-f222-62c6-38a94c9ed088">
      <Execution id="58e23a13-7e88-4785-9d44-159c0bce342f" />
      <TestMethod codeBase="/home/runner/work/typespec/typespec/packages/http-client-csharp/generator/artifacts/bin/Microsoft.TypeSpec.Generator.Tests/Debug/net8.0/Microsoft.TypeSpec.Generator.Tests.dll" adapterTypeName="executor://nunit3testexecutor/" className="Microsoft.TypeSpec.Generator.Tests.Writers.CodeWriterExtensionTests" name="TestWriteValueExpression_DefaultCollectionInitializerExpression(&quot;foo&quot;,&quot;{ \&quot;foo\&quot; }&quot;)" />
    </UnitTest>
    <UnitTest name="CorrectValidationIsAppliedToParameter(Int32,True,None)" storage="/home/runner/work/typespec/typespec/packages/http-client-csharp/generator/artifacts/bin/microsoft.typespec.generator.tests/debug/net8.0/microsoft.typespec.generator.tests.dll" id="71ef8e60-0c55-283f-ffd3-ddbc9700ada5">
      <Execution id="12517892-23af-4846-b451-6d0e9bbe096f" />
      <TestMethod codeBase="/home/runner/work/typespec/typespec/packages/http-client-csharp/generator/artifacts/bin/Microsoft.TypeSpec.Generator.Tests/Debug/net8.0/Microsoft.TypeSpec.Generator.Tests.dll" adapterTypeName="executor://nunit3testexecutor/" className="Microsoft.TypeSpec.Generator.Tests.Providers.ParameterProviderTests" name="CorrectValidationIsAppliedToParameter(Int32,True,None)" />
    </UnitTest>
    <UnitTest name="BuildPropertyDescription(Microsoft.TypeSpec.Generator.Input.InputModelProperty,global::System.Collections.Generic.IDictionary&lt;string, global::System.BinaryData&gt;)" storage="/home/runner/work/typespec/typespec/packages/http-client-csharp/generator/artifacts/bin/microsoft.typespec.generator.tests/debug/net8.0/microsoft.typespec.generator.tests.dll" id="47b3000e-8ac5-6579-3164-71c34dcf5c68">
      <Execution id="dc58fd48-b1b4-4d40-b24a-6d389867763b" />
      <TestMethod codeBase="/home/runner/work/typespec/typespec/packages/http-client-csharp/generator/artifacts/bin/Microsoft.TypeSpec.Generator.Tests/Debug/net8.0/Microsoft.TypeSpec.Generator.Tests.dll" adapterTypeName="executor://nunit3testexecutor/" className="Microsoft.TypeSpec.Generator.Tests.Providers.PropertyDescriptionTests" name="BuildPropertyDescription(Microsoft.TypeSpec.Generator.Input.InputModelProperty,global::System.Collections.Generic.IDictionary&lt;string, global::System.BinaryData&gt;)" />
    </UnitTest>
    <UnitTest name="DictionaryExpression(System.Collections.Generic.IList`1[System.Int32],System.Collections.Generic.IList`1[T])" storage="/home/runner/work/typespec/typespec/packages/http-client-csharp/generator/artifacts/bin/microsoft.typespec.generator.tests/debug/net8.0/microsoft.typespec.generator.tests.dll" id="d9d96d9d-71ec-3a93-82a5-e837f1654d0f">
      <Execution id="6c6eba50-b8d4-4c70-bde9-d0a1acfd2c7c" />
      <TestMethod codeBase="/home/runner/work/typespec/typespec/packages/http-client-csharp/generator/artifacts/bin/Microsoft.TypeSpec.Generator.Tests/Debug/net8.0/Microsoft.TypeSpec.Generator.Tests.dll" adapterTypeName="executor://nunit3testexecutor/" className="Microsoft.TypeSpec.Generator.Tests.Expressions.KnownValueExpressionsTests" name="DictionaryExpression(System.Collections.Generic.IList`1[System.Int32],System.Collections.Generic.IList`1[T])" />
    </UnitTest>
    <UnitTest name="TestToString(System.String,&quot;string&quot;)" storage="/home/runner/work/typespec/typespec/packages/http-client-csharp/generator/artifacts/bin/microsoft.typespec.generator.tests/debug/net8.0/microsoft.typespec.generator.tests.dll" id="a238520c-0691-f91c-9bea-8ed5e0feceeb">
      <Execution id="91d3f359-9f3b-4b3b-9ebf-1c7391be142e" />
      <TestMethod codeBase="/home/runner/work/typespec/typespec/packages/http-client-csharp/generator/artifacts/bin/Microsoft.TypeSpec.Generator.Tests/Debug/net8.0/Microsoft.TypeSpec.Generator.Tests.dll" adapterTypeName="executor://nunit3testexecutor/" className="Microsoft.TypeSpec.Generator.Tests.Primitives.CSharpTypeTests" name="TestToString(System.String,&quot;string&quot;)" />
    </UnitTest>
    <UnitTest name="TestIsCSharpKeyword(&quot;finally&quot;,True)" storage="/home/runner/work/typespec/typespec/packages/http-client-csharp/generator/artifacts/bin/microsoft.typespec.generator.tests/debug/net8.0/microsoft.typespec.generator.tests.dll" id="df9ce3dc-e15d-d5e4-5c59-819333fff628">
      <Execution id="35ffb9a0-bc6d-4d46-914a-57b70c326fd9" />
      <TestMethod codeBase="/home/runner/work/typespec/typespec/packages/http-client-csharp/generator/artifacts/bin/Microsoft.TypeSpec.Generator.Tests/Debug/net8.0/Microsoft.TypeSpec.Generator.Tests.dll" adapterTypeName="executor://nunit3testexecutor/" className="Microsoft.TypeSpec.Generator.Tests.Utilities.StringExtensionsTests" name="TestIsCSharpKeyword(&quot;finally&quot;,True)" />
    </UnitTest>
    <UnitTest name="HashCodesAreEqual(System.Collections.Generic.IDictionary`2[System.Collections.Generic.IDictionary`2[System.Int32,System.String],System.Collections.Generic.IDictionary`2[System.String,System.Int32]])" storage="/home/runner/work/typespec/typespec/packages/http-client-csharp/generator/artifacts/bin/microsoft.typespec.generator.tests/debug/net8.0/microsoft.typespec.generator.tests.dll" id="28823402-f570-a9ee-cd35-954faff45017">
      <Execution id="6010836f-3634-47b2-acf6-2f12ae05f9d3" />
      <TestMethod codeBase="/home/runner/work/typespec/typespec/packages/http-client-csharp/generator/artifacts/bin/Microsoft.TypeSpec.Generator.Tests/Debug/net8.0/Microsoft.TypeSpec.Generator.Tests.dll" adapterTypeName="executor://nunit3testexecutor/" className="Microsoft.TypeSpec.Generator.Tests.Primitives.CSharpTypeTests" name="HashCodesAreEqual(System.Collections.Generic.IDictionary`2[System.Collections.Generic.IDictionary`2[System.Int32,System.String],System.Collections.Generic.IDictionary`2[System.String,System.Int32]])" />
    </UnitTest>
    <UnitTest name="VerifyTupleExpressionWrite" storage="/home/runner/work/typespec/typespec/packages/http-client-csharp/generator/artifacts/bin/microsoft.typespec.generator.tests/debug/net8.0/microsoft.typespec.generator.tests.dll" id="3d2fee23-fa62-b49e-d623-aac59a5c0265">
      <Execution id="74c4f3da-69ad-4696-b69e-bc00bdc028ad" />
      <TestMethod codeBase="/home/runner/work/typespec/typespec/packages/http-client-csharp/generator/artifacts/bin/Microsoft.TypeSpec.Generator.Tests/Debug/net8.0/Microsoft.TypeSpec.Generator.Tests.dll" adapterTypeName="executor://nunit3testexecutor/" className="Microsoft.TypeSpec.Generator.Tests.Expressions.TupleExpressionTests" name="VerifyTupleExpressionWrite" />
    </UnitTest>
    <UnitTest name="TestBreakLines_OneArgOnlyWithCRLF" storage="/home/runner/work/typespec/typespec/packages/http-client-csharp/generator/artifacts/bin/microsoft.typespec.generator.tests/debug/net8.0/microsoft.typespec.generator.tests.dll" id="28d58687-9a3c-83dc-7ff0-615b7cce9893">
      <Execution id="55c0a8f4-f739-4506-a586-526aea67d960" />
      <TestMethod codeBase="/home/runner/work/typespec/typespec/packages/http-client-csharp/generator/artifacts/bin/Microsoft.TypeSpec.Generator.Tests/Debug/net8.0/Microsoft.TypeSpec.Generator.Tests.dll" adapterTypeName="executor://nunit3testexecutor/" className="Microsoft.TypeSpec.Generator.Tests.Utilities.FormattableStringHelpersTests" name="TestBreakLines_OneArgOnlyWithCRLF" />
    </UnitTest>
    <UnitTest name="ValidateAnonymousMultipleProperties" storage="/home/runner/work/typespec/typespec/packages/http-client-csharp/generator/artifacts/bin/microsoft.typespec.generator.tests/debug/net8.0/microsoft.typespec.generator.tests.dll" id="6ceae3fc-dabf-6e75-8a34-9ca65dbb83f3">
      <Execution id="c23042b4-5884-4519-8bc7-4c61389092ae" />
      <TestMethod codeBase="/home/runner/work/typespec/typespec/packages/http-client-csharp/generator/artifacts/bin/Microsoft.TypeSpec.Generator.Tests/Debug/net8.0/Microsoft.TypeSpec.Generator.Tests.dll" adapterTypeName="executor://nunit3testexecutor/" className="Microsoft.TypeSpec.Generator.Tests.Snippets.SnippetTests" name="ValidateAnonymousMultipleProperties" />
    </UnitTest>
    <UnitTest name="TestIsCSharpKeyword(&quot;if&quot;,True)" storage="/home/runner/work/typespec/typespec/packages/http-client-csharp/generator/artifacts/bin/microsoft.typespec.generator.tests/debug/net8.0/microsoft.typespec.generator.tests.dll" id="8dc400ca-5cc8-9db4-4ad6-cd18dc7eb619">
      <Execution id="82f316ea-ce95-4586-92c8-e90609cc1a20" />
      <TestMethod codeBase="/home/runner/work/typespec/typespec/packages/http-client-csharp/generator/artifacts/bin/Microsoft.TypeSpec.Generator.Tests/Debug/net8.0/Microsoft.TypeSpec.Generator.Tests.dll" adapterTypeName="executor://nunit3testexecutor/" className="Microsoft.TypeSpec.Generator.Tests.Utilities.StringExtensionsTests" name="TestIsCSharpKeyword(&quot;if&quot;,True)" />
    </UnitTest>
    <UnitTest name="CodeWriter_WriteProperty_AutoBody" storage="/home/runner/work/typespec/typespec/packages/http-client-csharp/generator/artifacts/bin/microsoft.typespec.generator.tests/debug/net8.0/microsoft.typespec.generator.tests.dll" id="15c8f6b5-fe67-dd09-0739-842a5798798e">
      <Execution id="6f5c7a6a-5f8e-44cd-940f-2a1259253dd0" />
      <TestMethod codeBase="/home/runner/work/typespec/typespec/packages/http-client-csharp/generator/artifacts/bin/Microsoft.TypeSpec.Generator.Tests/Debug/net8.0/Microsoft.TypeSpec.Generator.Tests.dll" adapterTypeName="executor://nunit3testexecutor/" className="Microsoft.TypeSpec.Generator.Tests.Writers.CodeWriterTests" name="CodeWriter_WriteProperty_AutoBody" />
    </UnitTest>
    <UnitTest name="ValidateInstanceWithArguments" storage="/home/runner/work/typespec/typespec/packages/http-client-csharp/generator/artifacts/bin/microsoft.typespec.generator.tests/debug/net8.0/microsoft.typespec.generator.tests.dll" id="85dca114-94e3-64ab-f901-03fdec6a7e84">
      <Execution id="ad05e3d4-9b8d-4f7e-b4d9-16d1b1477512" />
      <TestMethod codeBase="/home/runner/work/typespec/typespec/packages/http-client-csharp/generator/artifacts/bin/Microsoft.TypeSpec.Generator.Tests/Debug/net8.0/Microsoft.TypeSpec.Generator.Tests.dll" adapterTypeName="executor://nunit3testexecutor/" className="Microsoft.TypeSpec.Generator.Tests.Snippets.SnippetTests" name="ValidateInstanceWithArguments" />
    </UnitTest>
    <UnitTest name="InvalidDocInFormatArg" storage="/home/runner/work/typespec/typespec/packages/http-client-csharp/generator/artifacts/bin/microsoft.typespec.generator.tests/debug/net8.0/microsoft.typespec.generator.tests.dll" id="fe0f7012-72f1-1691-a889-2acdf9e700c3">
      <Execution id="de4ede80-b71e-4b73-9bc5-770a1eeaa57f" />
      <TestMethod codeBase="/home/runner/work/typespec/typespec/packages/http-client-csharp/generator/artifacts/bin/Microsoft.TypeSpec.Generator.Tests/Debug/net8.0/Microsoft.TypeSpec.Generator.Tests.dll" adapterTypeName="executor://nunit3testexecutor/" className="Microsoft.TypeSpec.Generator.Tests.Statements.XmlDocStatementTests" name="InvalidDocInFormatArg" />
    </UnitTest>
    <UnitTest name="SiblingScopeLinesUseSameName" storage="/home/runner/work/typespec/typespec/packages/http-client-csharp/generator/artifacts/bin/microsoft.typespec.generator.tests/debug/net8.0/microsoft.typespec.generator.tests.dll" id="6144c959-1755-c3dd-7cef-76f3edd5e264">
      <Execution id="2dfbe952-3b33-40d3-ad8b-2b35f92cb0a7" />
      <TestMethod codeBase="/home/runner/work/typespec/typespec/packages/http-client-csharp/generator/artifacts/bin/Microsoft.TypeSpec.Generator.Tests/Debug/net8.0/Microsoft.TypeSpec.Generator.Tests.dll" adapterTypeName="executor://nunit3testexecutor/" className="Microsoft.TypeSpec.Generator.Tests.Statements.UsingScopeStatementTests" name="SiblingScopeLinesUseSameName" />
    </UnitTest>
    <UnitTest name="ValidatePropertyTypes(System.Collections.Generic.IEnumerable`1[Microsoft.TypeSpec.Generator.Tests.PropertyType])" storage="/home/runner/work/typespec/typespec/packages/http-client-csharp/generator/artifacts/bin/microsoft.typespec.generator.tests/debug/net8.0/microsoft.typespec.generator.tests.dll" id="597bd723-9003-2a88-ade0-4bc49ffe996b">
      <Execution id="e2a399c6-94fe-4a82-b94a-17f55ba23dfe" />
      <TestMethod codeBase="/home/runner/work/typespec/typespec/packages/http-client-csharp/generator/artifacts/bin/Microsoft.TypeSpec.Generator.Tests/Debug/net8.0/Microsoft.TypeSpec.Generator.Tests.dll" adapterTypeName="executor://nunit3testexecutor/" className="Microsoft.TypeSpec.Generator.Tests.Providers.NamedTypeSymbolProviders.NamedTypeSymbolProviderTests" name="ValidatePropertyTypes(System.Collections.Generic.IEnumerable`1[Microsoft.TypeSpec.Generator.Tests.PropertyType])" />
    </UnitTest>
    <UnitTest name="KeyValuePairExpression(System.Int32,System.Collections.Generic.IList`1[T])" storage="/home/runner/work/typespec/typespec/packages/http-client-csharp/generator/artifacts/bin/microsoft.typespec.generator.tests/debug/net8.0/microsoft.typespec.generator.tests.dll" id="a65e734d-45c8-d2d9-06b2-e2f5db3a88c6">
      <Execution id="1985a1c9-f7bd-4a32-82ab-c244088a597c" />
      <TestMethod codeBase="/home/runner/work/typespec/typespec/packages/http-client-csharp/generator/artifacts/bin/Microsoft.TypeSpec.Generator.Tests/Debug/net8.0/Microsoft.TypeSpec.Generator.Tests.dll" adapterTypeName="executor://nunit3testexecutor/" className="Microsoft.TypeSpec.Generator.Tests.Expressions.KnownValueExpressionsTests" name="KeyValuePairExpression(System.Int32,System.Collections.Generic.IList`1[T])" />
    </UnitTest>
    <UnitTest name="TestBuildAdditionalProperties(Microsoft.TypeSpec.Generator.Input.InputModelType,True,1)" storage="/home/runner/work/typespec/typespec/packages/http-client-csharp/generator/artifacts/bin/microsoft.typespec.generator.tests/debug/net8.0/microsoft.typespec.generator.tests.dll" id="5da3b2e4-6a9f-a9a6-4eb1-98b652557c46">
      <Execution id="aebb66e1-4c5c-4681-8acd-63e03b2c930a" />
      <TestMethod codeBase="/home/runner/work/typespec/typespec/packages/http-client-csharp/generator/artifacts/bin/Microsoft.TypeSpec.Generator.Tests/Debug/net8.0/Microsoft.TypeSpec.Generator.Tests.dll" adapterTypeName="executor://nunit3testexecutor/" className="Microsoft.TypeSpec.Generator.Tests.Providers.ModelProviders.ModelProviderTests" name="TestBuildAdditionalProperties(Microsoft.TypeSpec.Generator.Input.InputModelType,True,1)" />
    </UnitTest>
    <UnitTest name="TestWriteValueExpression_DefaultCastExpression(System.Int32,22.2d,&quot;((int)22.2)&quot;)" storage="/home/runner/work/typespec/typespec/packages/http-client-csharp/generator/artifacts/bin/microsoft.typespec.generator.tests/debug/net8.0/microsoft.typespec.generator.tests.dll" id="3783207c-0994-a414-b926-d293477c64b8">
      <Execution id="343da0f9-c332-4f69-b7c1-4065e2d195eb" />
      <TestMethod codeBase="/home/runner/work/typespec/typespec/packages/http-client-csharp/generator/artifacts/bin/Microsoft.TypeSpec.Generator.Tests/Debug/net8.0/Microsoft.TypeSpec.Generator.Tests.dll" adapterTypeName="executor://nunit3testexecutor/" className="Microsoft.TypeSpec.Generator.Tests.Writers.CodeWriterExtensionTests" name="TestWriteValueExpression_DefaultCastExpression(System.Int32,22.2d,&quot;((int)22.2)&quot;)" />
    </UnitTest>
    <UnitTest name="TestParseVersionString(&quot;1.0.0&quot;,&quot;1.0.0&quot;,1.0.0,False)" storage="/home/runner/work/typespec/typespec/packages/http-client-csharp/generator/artifacts/bin/microsoft.typespec.generator.tests/debug/net8.0/microsoft.typespec.generator.tests.dll" id="0d41fd72-8779-fb89-400f-320ee73a98bb">
      <Execution id="e8640119-6b50-4783-b798-a950ea1016d9" />
      <TestMethod codeBase="/home/runner/work/typespec/typespec/packages/http-client-csharp/generator/artifacts/bin/Microsoft.TypeSpec.Generator.Tests/Debug/net8.0/Microsoft.TypeSpec.Generator.Tests.dll" adapterTypeName="executor://nunit3testexecutor/" className="Microsoft.TypeSpec.Generator.Tests.Utilities.NugetPackageDownloaderTests" name="TestParseVersionString(&quot;1.0.0&quot;,&quot;1.0.0&quot;,1.0.0,False)" />
    </UnitTest>
    <UnitTest name="SelectGeneratorAppliesAllPlugins" storage="/home/runner/work/typespec/typespec/packages/http-client-csharp/generator/artifacts/bin/microsoft.typespec.generator.tests/debug/net8.0/microsoft.typespec.generator.tests.dll" id="57d1c2f3-42b7-0db1-6c7b-0c5a18b24b77">
      <Execution id="3a3d34e0-aeda-48e0-b756-838e532e5994" />
      <TestMethod codeBase="/home/runner/work/typespec/typespec/packages/http-client-csharp/generator/artifacts/bin/Microsoft.TypeSpec.Generator.Tests/Debug/net8.0/Microsoft.TypeSpec.Generator.Tests.dll" adapterTypeName="executor://nunit3testexecutor/" className="Microsoft.TypeSpec.Generator.Tests.StartUp.GeneratorHandlerTests" name="SelectGeneratorAppliesAllPlugins" />
    </UnitTest>
    <UnitTest name="IsReadOnlyList(System.Collections.Generic.IReadOnlyList`1[T],True)" storage="/home/runner/work/typespec/typespec/packages/http-client-csharp/generator/artifacts/bin/microsoft.typespec.generator.tests/debug/net8.0/microsoft.typespec.generator.tests.dll" id="3fb77e71-d30e-3ed0-4b65-0df4eb79a621">
      <Execution id="17060b7d-426e-4b4b-952a-1c5390bd5a30" />
      <TestMethod codeBase="/home/runner/work/typespec/typespec/packages/http-client-csharp/generator/artifacts/bin/Microsoft.TypeSpec.Generator.Tests/Debug/net8.0/Microsoft.TypeSpec.Generator.Tests.dll" adapterTypeName="executor://nunit3testexecutor/" className="Microsoft.TypeSpec.Generator.Tests.Primitives.CSharpTypeTests" name="IsReadOnlyList(System.Collections.Generic.IReadOnlyList`1[T],True)" />
    </UnitTest>
    <UnitTest name="TestToApiVersionValue(&quot;V2023-12-31&quot;,&quot;2023-12-31&quot;)" storage="/home/runner/work/typespec/typespec/packages/http-client-csharp/generator/artifacts/bin/microsoft.typespec.generator.tests/debug/net8.0/microsoft.typespec.generator.tests.dll" id="a32824ae-7238-9f3a-7ce6-ca85f736eecd">
      <Execution id="bc2c1b6b-3095-4163-a601-a09b9a126d1b" />
      <TestMethod codeBase="/home/runner/work/typespec/typespec/packages/http-client-csharp/generator/artifacts/bin/Microsoft.TypeSpec.Generator.Tests/Debug/net8.0/Microsoft.TypeSpec.Generator.Tests.dll" adapterTypeName="executor://nunit3testexecutor/" className="Microsoft.TypeSpec.Generator.Tests.Utilities.StringExtensionsTests" name="TestToApiVersionValue(&quot;V2023-12-31&quot;,&quot;2023-12-31&quot;)" />
    </UnitTest>
    <UnitTest name="TestFlatten" storage="/home/runner/work/typespec/typespec/packages/http-client-csharp/generator/artifacts/bin/microsoft.typespec.generator.tests/debug/net8.0/microsoft.typespec.generator.tests.dll" id="39e90891-1755-09db-4d1c-c4c73e640727">
      <Execution id="e5a337bf-1c04-4ab7-8d89-d5faba6d4288" />
      <TestMethod codeBase="/home/runner/work/typespec/typespec/packages/http-client-csharp/generator/artifacts/bin/Microsoft.TypeSpec.Generator.Tests/Debug/net8.0/Microsoft.TypeSpec.Generator.Tests.dll" adapterTypeName="executor://nunit3testexecutor/" className="Microsoft.TypeSpec.Generator.Tests.Statements.StatementTests" name="TestFlatten" />
    </UnitTest>
    <UnitTest name="KeyValuePairExpression(System.Collections.Generic.IDictionary`2[System.Int32,System.String],System.Collections.Generic.Dictionary`2[TKey,TValue])" storage="/home/runner/work/typespec/typespec/packages/http-client-csharp/generator/artifacts/bin/microsoft.typespec.generator.tests/debug/net8.0/microsoft.typespec.generator.tests.dll" id="92d52b5a-3c86-52a1-0ff1-d8084a85e71a">
      <Execution id="6b969689-6be8-484d-851d-18eee7604154" />
      <TestMethod codeBase="/home/runner/work/typespec/typespec/packages/http-client-csharp/generator/artifacts/bin/Microsoft.TypeSpec.Generator.Tests/Debug/net8.0/Microsoft.TypeSpec.Generator.Tests.dll" adapterTypeName="executor://nunit3testexecutor/" className="Microsoft.TypeSpec.Generator.Tests.Expressions.KnownValueExpressionsTests" name="KeyValuePairExpression(System.Collections.Generic.IDictionary`2[System.Int32,System.String],System.Collections.Generic.Dictionary`2[TKey,TValue])" />
    </UnitTest>
    <UnitTest name="AttributeStatementWithMultipleArguments" storage="/home/runner/work/typespec/typespec/packages/http-client-csharp/generator/artifacts/bin/microsoft.typespec.generator.tests/debug/net8.0/microsoft.typespec.generator.tests.dll" id="938a6a0f-925c-2381-ee5e-bf7971b9771b">
      <Execution id="fa576b40-ee6f-4360-aedb-e24185021835" />
      <TestMethod codeBase="/home/runner/work/typespec/typespec/packages/http-client-csharp/generator/artifacts/bin/Microsoft.TypeSpec.Generator.Tests/Debug/net8.0/Microsoft.TypeSpec.Generator.Tests.dll" adapterTypeName="executor://nunit3testexecutor/" className="Microsoft.TypeSpec.Generator.Tests.Statements.AttributeStatementTests" name="AttributeStatementWithMultipleArguments" />
    </UnitTest>
    <UnitTest name="ValidateParameters(System.Nullable`1[System.Single],LiteralExpression { Literal = 2.2 })" storage="/home/runner/work/typespec/typespec/packages/http-client-csharp/generator/artifacts/bin/microsoft.typespec.generator.tests/debug/net8.0/microsoft.typespec.generator.tests.dll" id="810d110e-23ba-2c22-88ce-6f797edf0b84">
      <Execution id="7feb2974-b5a1-4a6e-ace8-e11560459c93" />
      <TestMethod codeBase="/home/runner/work/typespec/typespec/packages/http-client-csharp/generator/artifacts/bin/Microsoft.TypeSpec.Generator.Tests/Debug/net8.0/Microsoft.TypeSpec.Generator.Tests.dll" adapterTypeName="executor://nunit3testexecutor/" className="Microsoft.TypeSpec.Generator.Tests.Providers.NamedTypeSymbolProviders.NamedTypeSymbolProviderTests" name="ValidateParameters(System.Nullable`1[System.Single],LiteralExpression { Literal = 2.2 })" />
    </UnitTest>
    <UnitTest name="ValidateParameters(System.String,ScopedApi { Original = LiteralExpression { Literal = Foo }, Type = string })" storage="/home/runner/work/typespec/typespec/packages/http-client-csharp/generator/artifacts/bin/microsoft.typespec.generator.tests/debug/net8.0/microsoft.typespec.generator.tests.dll" id="58c2a48b-8bbe-0380-caa2-a75f54af8cb9">
      <Execution id="a2e2df73-2833-4db6-b2bc-3492d49edbe3" />
      <TestMethod codeBase="/home/runner/work/typespec/typespec/packages/http-client-csharp/generator/artifacts/bin/Microsoft.TypeSpec.Generator.Tests/Debug/net8.0/Microsoft.TypeSpec.Generator.Tests.dll" adapterTypeName="executor://nunit3testexecutor/" className="Microsoft.TypeSpec.Generator.Tests.Providers.NamedTypeSymbolProviders.NamedTypeSymbolProviderTests" name="ValidateParameters(System.String,ScopedApi { Original = LiteralExpression { Literal = Foo }, Type = string })" />
    </UnitTest>
    <UnitTest name="TestIsCSharpKeyword(&quot;join&quot;,True)" storage="/home/runner/work/typespec/typespec/packages/http-client-csharp/generator/artifacts/bin/microsoft.typespec.generator.tests/debug/net8.0/microsoft.typespec.generator.tests.dll" id="0b571c5d-6760-ff1b-1a63-3687d380bbd8">
      <Execution id="a79d9ce7-dc60-4210-a1bb-9cbf38217b2f" />
      <TestMethod codeBase="/home/runner/work/typespec/typespec/packages/http-client-csharp/generator/artifacts/bin/Microsoft.TypeSpec.Generator.Tests/Debug/net8.0/Microsoft.TypeSpec.Generator.Tests.dll" adapterTypeName="executor://nunit3testexecutor/" className="Microsoft.TypeSpec.Generator.Tests.Utilities.StringExtensionsTests" name="TestIsCSharpKeyword(&quot;join&quot;,True)" />
    </UnitTest>
    <UnitTest name="TestIsCSharpKeyword(&quot;namespace&quot;,True)" storage="/home/runner/work/typespec/typespec/packages/http-client-csharp/generator/artifacts/bin/microsoft.typespec.generator.tests/debug/net8.0/microsoft.typespec.generator.tests.dll" id="a8756cb4-2eb1-60b3-ac3c-344dbcb8eada">
      <Execution id="8357f986-8247-467f-a5cb-5268ab381e14" />
      <TestMethod codeBase="/home/runner/work/typespec/typespec/packages/http-client-csharp/generator/artifacts/bin/Microsoft.TypeSpec.Generator.Tests/Debug/net8.0/Microsoft.TypeSpec.Generator.Tests.dll" adapterTypeName="executor://nunit3testexecutor/" className="Microsoft.TypeSpec.Generator.Tests.Utilities.StringExtensionsTests" name="TestIsCSharpKeyword(&quot;namespace&quot;,True)" />
    </UnitTest>
    <UnitTest name="CanChangePropertyAccessibility" storage="/home/runner/work/typespec/typespec/packages/http-client-csharp/generator/artifacts/bin/microsoft.typespec.generator.tests/debug/net8.0/microsoft.typespec.generator.tests.dll" id="01fae031-7483-b5ad-f374-e6d1c6f24e58">
      <Execution id="b49b88cb-39d7-46a1-9b2c-879a8a02e229" />
      <TestMethod codeBase="/home/runner/work/typespec/typespec/packages/http-client-csharp/generator/artifacts/bin/Microsoft.TypeSpec.Generator.Tests/Debug/net8.0/Microsoft.TypeSpec.Generator.Tests.dll" adapterTypeName="executor://nunit3testexecutor/" className="Microsoft.TypeSpec.Generator.Tests.Providers.ModelProviders.ModelCustomizationTests" name="CanChangePropertyAccessibility" />
    </UnitTest>
    <UnitTest name="NotEqualToFrameworkType(System.Collections.Generic.IList`1[System.Int32],System.Collections.Generic.IList`1[T])" storage="/home/runner/work/typespec/typespec/packages/http-client-csharp/generator/artifacts/bin/microsoft.typespec.generator.tests/debug/net8.0/microsoft.typespec.generator.tests.dll" id="42f71591-d73c-8990-98f8-f6f3fe171c28">
      <Execution id="b3b7549d-1576-458a-a91b-e27acf5760e9" />
      <TestMethod codeBase="/home/runner/work/typespec/typespec/packages/http-client-csharp/generator/artifacts/bin/Microsoft.TypeSpec.Generator.Tests/Debug/net8.0/Microsoft.TypeSpec.Generator.Tests.dll" adapterTypeName="executor://nunit3testexecutor/" className="Microsoft.TypeSpec.Generator.Tests.Primitives.CSharpTypeTests" name="NotEqualToFrameworkType(System.Collections.Generic.IList`1[System.Int32],System.Collections.Generic.IList`1[T])" />
    </UnitTest>
    <UnitTest name="CSharpTypeOperatorTestEqual(global::System.Collections.Generic.IList&lt;T&gt;)" storage="/home/runner/work/typespec/typespec/packages/http-client-csharp/generator/artifacts/bin/microsoft.typespec.generator.tests/debug/net8.0/microsoft.typespec.generator.tests.dll" id="707fb3d0-03de-bdac-591f-7d133eb012d7">
      <Execution id="a9632d70-f86e-4c57-a8f0-0cdbf16102d7" />
      <TestMethod codeBase="/home/runner/work/typespec/typespec/packages/http-client-csharp/generator/artifacts/bin/Microsoft.TypeSpec.Generator.Tests/Debug/net8.0/Microsoft.TypeSpec.Generator.Tests.dll" adapterTypeName="executor://nunit3testexecutor/" className="Microsoft.TypeSpec.Generator.Tests.Expressions.ValueExpressionTests" name="CSharpTypeOperatorTestEqual(global::System.Collections.Generic.IList&lt;T&gt;)" />
    </UnitTest>
    <UnitTest name="IsReadOnlyMemory(System.ReadOnlyMemory`1[T],True)" storage="/home/runner/work/typespec/typespec/packages/http-client-csharp/generator/artifacts/bin/microsoft.typespec.generator.tests/debug/net8.0/microsoft.typespec.generator.tests.dll" id="1639ef3f-9cb3-4dd0-1247-456c5f771eb9">
      <Execution id="bf307ad9-e28b-4796-870c-1f8b07fe6a6e" />
      <TestMethod codeBase="/home/runner/work/typespec/typespec/packages/http-client-csharp/generator/artifacts/bin/Microsoft.TypeSpec.Generator.Tests/Debug/net8.0/Microsoft.TypeSpec.Generator.Tests.dll" adapterTypeName="executor://nunit3testexecutor/" className="Microsoft.TypeSpec.Generator.Tests.Primitives.CSharpTypeTests" name="IsReadOnlyMemory(System.ReadOnlyMemory`1[T],True)" />
    </UnitTest>
    <UnitTest name="SelectGeneratorFindsMatchingGenerator" storage="/home/runner/work/typespec/typespec/packages/http-client-csharp/generator/artifacts/bin/microsoft.typespec.generator.tests/debug/net8.0/microsoft.typespec.generator.tests.dll" id="1433ebb5-79e1-e24b-a6a4-f85d023188e2">
      <Execution id="9409b58a-fb61-45fa-939d-94afc1f504d4" />
      <TestMethod codeBase="/home/runner/work/typespec/typespec/packages/http-client-csharp/generator/artifacts/bin/Microsoft.TypeSpec.Generator.Tests/Debug/net8.0/Microsoft.TypeSpec.Generator.Tests.dll" adapterTypeName="executor://nunit3testexecutor/" className="Microsoft.TypeSpec.Generator.Tests.StartUp.GeneratorHandlerTests" name="SelectGeneratorFindsMatchingGenerator" />
    </UnitTest>
    <UnitTest name="FullyQualifiedNamePopulatedForFrameworkTypes(System.Collections.Generic.IDictionary`2[System.Int32,System.Int32])" storage="/home/runner/work/typespec/typespec/packages/http-client-csharp/generator/artifacts/bin/microsoft.typespec.generator.tests/debug/net8.0/microsoft.typespec.generator.tests.dll" id="8d8b4499-7d5a-f585-2c5d-08a09dc2d28e">
      <Execution id="57737b01-5940-4c77-9854-49c56edd54f2" />
      <TestMethod codeBase="/home/runner/work/typespec/typespec/packages/http-client-csharp/generator/artifacts/bin/Microsoft.TypeSpec.Generator.Tests/Debug/net8.0/Microsoft.TypeSpec.Generator.Tests.dll" adapterTypeName="executor://nunit3testexecutor/" className="Microsoft.TypeSpec.Generator.Tests.Primitives.CSharpTypeTests" name="FullyQualifiedNamePopulatedForFrameworkTypes(System.Collections.Generic.IDictionary`2[System.Int32,System.Int32])" />
    </UnitTest>
    <UnitTest name="ValidateParameters(System.Object,KeywordExpression { Keyword = default, Expression =  })" storage="/home/runner/work/typespec/typespec/packages/http-client-csharp/generator/artifacts/bin/microsoft.typespec.generator.tests/debug/net8.0/microsoft.typespec.generator.tests.dll" id="1bb18234-8df6-ac7b-6641-714d9c785229">
      <Execution id="c0587ada-8659-4489-bb35-ffe39126b878" />
      <TestMethod codeBase="/home/runner/work/typespec/typespec/packages/http-client-csharp/generator/artifacts/bin/Microsoft.TypeSpec.Generator.Tests/Debug/net8.0/Microsoft.TypeSpec.Generator.Tests.dll" adapterTypeName="executor://nunit3testexecutor/" className="Microsoft.TypeSpec.Generator.Tests.Providers.NamedTypeSymbolProviders.NamedTypeSymbolProviderTests" name="ValidateParameters(System.Object,KeywordExpression { Keyword = default, Expression =  })" />
    </UnitTest>
    <UnitTest name="CollectionProperty(global::System.Collections.Generic.IDictionary&lt;string, int&gt;,Microsoft.TypeSpec.Generator.Input.InputModelProperty,global::System.Collections.Generic.IReadOnlyDictionary&lt;string, int&gt;)" storage="/home/runner/work/typespec/typespec/packages/http-client-csharp/generator/artifacts/bin/microsoft.typespec.generator.tests/debug/net8.0/microsoft.typespec.generator.tests.dll" id="513b1e89-dfec-3248-0fba-6472ac1fefd2">
      <Execution id="49fc6d2c-ebbf-4c58-9c31-76a767362490" />
      <TestMethod codeBase="/home/runner/work/typespec/typespec/packages/http-client-csharp/generator/artifacts/bin/Microsoft.TypeSpec.Generator.Tests/Debug/net8.0/Microsoft.TypeSpec.Generator.Tests.dll" adapterTypeName="executor://nunit3testexecutor/" className="Microsoft.TypeSpec.Generator.Tests.Providers.PropertyProviderTests" name="CollectionProperty(global::System.Collections.Generic.IDictionary&lt;string, int&gt;,Microsoft.TypeSpec.Generator.Input.InputModelProperty,global::System.Collections.Generic.IReadOnlyDictionary&lt;string, int&gt;)" />
    </UnitTest>
    <UnitTest name="CanAddLicenseInfo" storage="/home/runner/work/typespec/typespec/packages/http-client-csharp/generator/artifacts/bin/microsoft.typespec.generator.tests/debug/net8.0/microsoft.typespec.generator.tests.dll" id="28c89347-07cb-f303-2d19-a9e42b6e0950">
      <Execution id="b7ee52fd-e4d5-4f57-856f-dd8867f3045c" />
      <TestMethod codeBase="/home/runner/work/typespec/typespec/packages/http-client-csharp/generator/artifacts/bin/Microsoft.TypeSpec.Generator.Tests/Debug/net8.0/Microsoft.TypeSpec.Generator.Tests.dll" adapterTypeName="executor://nunit3testexecutor/" className="Microsoft.TypeSpec.Generator.Tests.ConfigurationTests" name="CanAddLicenseInfo" />
    </UnitTest>
    <UnitTest name="ValidateListParameterHandlingInConstructor" storage="/home/runner/work/typespec/typespec/packages/http-client-csharp/generator/artifacts/bin/microsoft.typespec.generator.tests/debug/net8.0/microsoft.typespec.generator.tests.dll" id="4b750040-5eee-93a9-4ee4-76adf886dd3e">
      <Execution id="b532fcbb-3a47-4e66-bd16-79b01497f59a" />
      <TestMethod codeBase="/home/runner/work/typespec/typespec/packages/http-client-csharp/generator/artifacts/bin/Microsoft.TypeSpec.Generator.Tests/Debug/net8.0/Microsoft.TypeSpec.Generator.Tests.dll" adapterTypeName="executor://nunit3testexecutor/" className="Microsoft.TypeSpec.Generator.Tests.Providers.ModelProviders.ModelProviderTests" name="ValidateListParameterHandlingInConstructor" />
    </UnitTest>
    <UnitTest name="DoesNotGenerateExistingProperty" storage="/home/runner/work/typespec/typespec/packages/http-client-csharp/generator/artifacts/bin/microsoft.typespec.generator.tests/debug/net8.0/microsoft.typespec.generator.tests.dll" id="20555999-6988-8b37-7eac-56c9d5fe797e">
      <Execution id="e66e34a4-e5b4-46f9-8d22-31f9c5113342" />
      <TestMethod codeBase="/home/runner/work/typespec/typespec/packages/http-client-csharp/generator/artifacts/bin/Microsoft.TypeSpec.Generator.Tests/Debug/net8.0/Microsoft.TypeSpec.Generator.Tests.dll" adapterTypeName="executor://nunit3testexecutor/" className="Microsoft.TypeSpec.Generator.Tests.Providers.ModelProviders.ModelCustomizationTests" name="DoesNotGenerateExistingProperty" />
    </UnitTest>
    <UnitTest name="TestIsCSharpKeyword(&quot;global&quot;,True)" storage="/home/runner/work/typespec/typespec/packages/http-client-csharp/generator/artifacts/bin/microsoft.typespec.generator.tests/debug/net8.0/microsoft.typespec.generator.tests.dll" id="17566836-d206-69c3-d248-ee6f84b95f0f">
      <Execution id="962055f2-6ce1-4cf2-aa1c-e41465da7ffe" />
      <TestMethod codeBase="/home/runner/work/typespec/typespec/packages/http-client-csharp/generator/artifacts/bin/Microsoft.TypeSpec.Generator.Tests/Debug/net8.0/Microsoft.TypeSpec.Generator.Tests.dll" adapterTypeName="executor://nunit3testexecutor/" className="Microsoft.TypeSpec.Generator.Tests.Utilities.StringExtensionsTests" name="TestIsCSharpKeyword(&quot;global&quot;,True)" />
    </UnitTest>
    <UnitTest name="VisitMethodToRenameParameterName" storage="/home/runner/work/typespec/typespec/packages/http-client-csharp/generator/artifacts/bin/microsoft.typespec.generator.tests/debug/net8.0/microsoft.typespec.generator.tests.dll" id="94cbbdc2-b821-63bc-f296-3e04f8e03274">
      <Execution id="a29f7717-bc5a-475a-bf35-b228f2fdf745" />
      <TestMethod codeBase="/home/runner/work/typespec/typespec/packages/http-client-csharp/generator/artifacts/bin/Microsoft.TypeSpec.Generator.Tests/Debug/net8.0/Microsoft.TypeSpec.Generator.Tests.dll" adapterTypeName="executor://nunit3testexecutor/" className="Microsoft.TypeSpec.Generator.Tests.OutputLibraryVisitorTests" name="VisitMethodToRenameParameterName" />
    </UnitTest>
    <UnitTest name="CanEnumerateItems" storage="/home/runner/work/typespec/typespec/packages/http-client-csharp/generator/artifacts/bin/microsoft.typespec.generator.tests/debug/net8.0/microsoft.typespec.generator.tests.dll" id="bbdc8830-7862-5302-411c-040e318e8f70">
      <Execution id="ef592033-8425-4fb8-9764-b91ee58172b1" />
      <TestMethod codeBase="/home/runner/work/typespec/typespec/packages/http-client-csharp/generator/artifacts/bin/Microsoft.TypeSpec.Generator.Tests/Debug/net8.0/Microsoft.TypeSpec.Generator.Tests.dll" adapterTypeName="executor://nunit3testexecutor/" className="Microsoft.TypeSpec.Generator.Tests.Providers.ChangeTrackingListTest" name="CanEnumerateItems" />
    </UnitTest>
    <UnitTest name="NonFrameworkTypeEqualsEquivalentFrameworkType(System.Int32[])" storage="/home/runner/work/typespec/typespec/packages/http-client-csharp/generator/artifacts/bin/microsoft.typespec.generator.tests/debug/net8.0/microsoft.typespec.generator.tests.dll" id="a83e1891-87fa-9bd7-022f-4671d75b6092">
      <Execution id="566baf63-e58f-4280-8682-0ba6ed9b0f39" />
      <TestMethod codeBase="/home/runner/work/typespec/typespec/packages/http-client-csharp/generator/artifacts/bin/Microsoft.TypeSpec.Generator.Tests/Debug/net8.0/Microsoft.TypeSpec.Generator.Tests.dll" adapterTypeName="executor://nunit3testexecutor/" className="Microsoft.TypeSpec.Generator.Tests.Primitives.CSharpTypeTests" name="NonFrameworkTypeEqualsEquivalentFrameworkType(System.Int32[])" />
    </UnitTest>
    <UnitTest name="ListExpression(System.Double)" storage="/home/runner/work/typespec/typespec/packages/http-client-csharp/generator/artifacts/bin/microsoft.typespec.generator.tests/debug/net8.0/microsoft.typespec.generator.tests.dll" id="d3963586-e2ca-4e80-b578-88a902fe01e7">
      <Execution id="0a2c5aae-ee48-43ec-9c53-b549442e04ac" />
      <TestMethod codeBase="/home/runner/work/typespec/typespec/packages/http-client-csharp/generator/artifacts/bin/Microsoft.TypeSpec.Generator.Tests/Debug/net8.0/Microsoft.TypeSpec.Generator.Tests.dll" adapterTypeName="executor://nunit3testexecutor/" className="Microsoft.TypeSpec.Generator.Tests.Expressions.KnownValueExpressionsTests" name="ListExpression(System.Double)" />
    </UnitTest>
    <UnitTest name="KeyValuePairExpression(System.Collections.Generic.IDictionary`2[System.Int32,System.String],System.Collections.Generic.Dictionary`2[System.Int32,System.String])" storage="/home/runner/work/typespec/typespec/packages/http-client-csharp/generator/artifacts/bin/microsoft.typespec.generator.tests/debug/net8.0/microsoft.typespec.generator.tests.dll" id="4a271c8b-f717-5134-7b1b-028baff8810b">
      <Execution id="200fc16c-ec7d-4f10-96a3-b7e01717b397" />
      <TestMethod codeBase="/home/runner/work/typespec/typespec/packages/http-client-csharp/generator/artifacts/bin/Microsoft.TypeSpec.Generator.Tests/Debug/net8.0/Microsoft.TypeSpec.Generator.Tests.dll" adapterTypeName="executor://nunit3testexecutor/" className="Microsoft.TypeSpec.Generator.Tests.Expressions.KnownValueExpressionsTests" name="KeyValuePairExpression(System.Collections.Generic.IDictionary`2[System.Int32,System.String],System.Collections.Generic.Dictionary`2[System.Int32,System.String])" />
    </UnitTest>
    <UnitTest name="TestIsCSharpKeyword(&quot;readonly&quot;,True)" storage="/home/runner/work/typespec/typespec/packages/http-client-csharp/generator/artifacts/bin/microsoft.typespec.generator.tests/debug/net8.0/microsoft.typespec.generator.tests.dll" id="eddc0227-f630-b98d-8e2d-2452df4d5cde">
      <Execution id="04d6d23a-db37-45c2-8d86-340d14c5f436" />
      <TestMethod codeBase="/home/runner/work/typespec/typespec/packages/http-client-csharp/generator/artifacts/bin/Microsoft.TypeSpec.Generator.Tests/Debug/net8.0/Microsoft.TypeSpec.Generator.Tests.dll" adapterTypeName="executor://nunit3testexecutor/" className="Microsoft.TypeSpec.Generator.Tests.Utilities.StringExtensionsTests" name="TestIsCSharpKeyword(&quot;readonly&quot;,True)" />
    </UnitTest>
    <UnitTest name="Json_Defined_ReturnsTrue" storage="/home/runner/work/typespec/typespec/packages/http-client-csharp/generator/artifacts/bin/microsoft.typespec.generator.tests/debug/net8.0/microsoft.typespec.generator.tests.dll" id="0f09c207-3f02-b90b-54fe-4e7bf9ba9c9a">
      <Execution id="5c5820a1-83af-4661-a103-cdbaa7da5dc6" />
      <TestMethod codeBase="/home/runner/work/typespec/typespec/packages/http-client-csharp/generator/artifacts/bin/Microsoft.TypeSpec.Generator.Tests/Debug/net8.0/Microsoft.TypeSpec.Generator.Tests.dll" adapterTypeName="executor://nunit3testexecutor/" className="Microsoft.TypeSpec.Generator.Tests.Providers.OptionalTests" name="Json_Defined_ReturnsTrue" />
    </UnitTest>
    <UnitTest name="AssignValueIfNullStatement" storage="/home/runner/work/typespec/typespec/packages/http-client-csharp/generator/artifacts/bin/microsoft.typespec.generator.tests/debug/net8.0/microsoft.typespec.generator.tests.dll" id="61101eb8-17a2-7af4-05b9-65841f68ef5f">
      <Execution id="6fc475c6-c61c-44e5-a746-82117d250401" />
      <TestMethod codeBase="/home/runner/work/typespec/typespec/packages/http-client-csharp/generator/artifacts/bin/Microsoft.TypeSpec.Generator.Tests/Debug/net8.0/Microsoft.TypeSpec.Generator.Tests.dll" adapterTypeName="executor://nunit3testexecutor/" className="Microsoft.TypeSpec.Generator.Tests.Expressions.AssignmentExpressionTests" name="AssignValueIfNullStatement" />
    </UnitTest>
    <UnitTest name="TestBreakLines_OneArgOnlyWithCR" storage="/home/runner/work/typespec/typespec/packages/http-client-csharp/generator/artifacts/bin/microsoft.typespec.generator.tests/debug/net8.0/microsoft.typespec.generator.tests.dll" id="d112d793-2e94-bed3-e25b-2d1af937a1e4">
      <Execution id="a2629baf-dca7-4307-b528-c554ad6dea6c" />
      <TestMethod codeBase="/home/runner/work/typespec/typespec/packages/http-client-csharp/generator/artifacts/bin/Microsoft.TypeSpec.Generator.Tests/Debug/net8.0/Microsoft.TypeSpec.Generator.Tests.dll" adapterTypeName="executor://nunit3testexecutor/" className="Microsoft.TypeSpec.Generator.Tests.Utilities.FormattableStringHelpersTests" name="TestBreakLines_OneArgOnlyWithCR" />
    </UnitTest>
    <UnitTest name="SystemTypeOperatorTestNotEqual(System.Collections.Generic.IList`1[T],System.Int32)" storage="/home/runner/work/typespec/typespec/packages/http-client-csharp/generator/artifacts/bin/microsoft.typespec.generator.tests/debug/net8.0/microsoft.typespec.generator.tests.dll" id="5cb6a6fe-da0f-e4aa-4724-5a31bd25ee8c">
      <Execution id="f2d8220f-a7ca-44e6-ba26-db54fdc34279" />
      <TestMethod codeBase="/home/runner/work/typespec/typespec/packages/http-client-csharp/generator/artifacts/bin/Microsoft.TypeSpec.Generator.Tests/Debug/net8.0/Microsoft.TypeSpec.Generator.Tests.dll" adapterTypeName="executor://nunit3testexecutor/" className="Microsoft.TypeSpec.Generator.Tests.Expressions.ValueExpressionTests" name="SystemTypeOperatorTestNotEqual(System.Collections.Generic.IList`1[T],System.Int32)" />
    </UnitTest>
    <UnitTest name="Str_NotNull_ReturnsTrue" storage="/home/runner/work/typespec/typespec/packages/http-client-csharp/generator/artifacts/bin/microsoft.typespec.generator.tests/debug/net8.0/microsoft.typespec.generator.tests.dll" id="b4765288-7dfb-2aff-8e32-4472b27e8e24">
      <Execution id="1122cad2-3022-4db0-9507-217679c1cd43" />
      <TestMethod codeBase="/home/runner/work/typespec/typespec/packages/http-client-csharp/generator/artifacts/bin/Microsoft.TypeSpec.Generator.Tests/Debug/net8.0/Microsoft.TypeSpec.Generator.Tests.dll" adapterTypeName="executor://nunit3testexecutor/" className="Microsoft.TypeSpec.Generator.Tests.Providers.OptionalTests" name="Str_NotNull_ReturnsTrue" />
    </UnitTest>
    <UnitTest name="Json_Undefined_ReturnsFalse" storage="/home/runner/work/typespec/typespec/packages/http-client-csharp/generator/artifacts/bin/microsoft.typespec.generator.tests/debug/net8.0/microsoft.typespec.generator.tests.dll" id="df5557b0-a3f0-dee6-c2c9-9b29d323a624">
      <Execution id="0f70142d-3fd1-4678-ac03-4224613421e6" />
      <TestMethod codeBase="/home/runner/work/typespec/typespec/packages/http-client-csharp/generator/artifacts/bin/Microsoft.TypeSpec.Generator.Tests/Debug/net8.0/Microsoft.TypeSpec.Generator.Tests.dll" adapterTypeName="executor://nunit3testexecutor/" className="Microsoft.TypeSpec.Generator.Tests.Providers.OptionalTests" name="Json_Undefined_ReturnsFalse" />
    </UnitTest>
    <UnitTest name="BuildTypeProviders_Override" storage="/home/runner/work/typespec/typespec/packages/http-client-csharp/generator/artifacts/bin/microsoft.typespec.generator.tests/debug/net8.0/microsoft.typespec.generator.tests.dll" id="f41ad874-8379-435c-16a6-3393d7b84b2d">
      <Execution id="2603a757-d06e-4018-aa35-58b81269290d" />
      <TestMethod codeBase="/home/runner/work/typespec/typespec/packages/http-client-csharp/generator/artifacts/bin/Microsoft.TypeSpec.Generator.Tests/Debug/net8.0/Microsoft.TypeSpec.Generator.Tests.dll" adapterTypeName="executor://nunit3testexecutor/" className="Microsoft.TypeSpec.Generator.Tests.OutputLibraryTests" name="BuildTypeProviders_Override" />
    </UnitTest>
    <UnitTest name="ExtensibleStringEnumTypeProvider" storage="/home/runner/work/typespec/typespec/packages/http-client-csharp/generator/artifacts/bin/microsoft.typespec.generator.tests/debug/net8.0/microsoft.typespec.generator.tests.dll" id="3bc16559-3f1a-487f-4d9b-ee3c1eff2335">
      <Execution id="fe08e160-e303-4d56-944d-277a958f0c90" />
      <TestMethod codeBase="/home/runner/work/typespec/typespec/packages/http-client-csharp/generator/artifacts/bin/Microsoft.TypeSpec.Generator.Tests/Debug/net8.0/Microsoft.TypeSpec.Generator.Tests.dll" adapterTypeName="executor://nunit3testexecutor/" className="Microsoft.TypeSpec.Generator.Tests.TypeFactoryTests" name="ExtensibleStringEnumTypeProvider" />
    </UnitTest>
    <UnitTest name="CanCustomizeWithVisitor" storage="/home/runner/work/typespec/typespec/packages/http-client-csharp/generator/artifacts/bin/microsoft.typespec.generator.tests/debug/net8.0/microsoft.typespec.generator.tests.dll" id="5ed6d2f0-916e-9077-823c-7fdd9975f314">
      <Execution id="5c8fa1c3-dd82-4844-9b07-db11cdb9e34a" />
      <TestMethod codeBase="/home/runner/work/typespec/typespec/packages/http-client-csharp/generator/artifacts/bin/Microsoft.TypeSpec.Generator.Tests/Debug/net8.0/Microsoft.TypeSpec.Generator.Tests.dll" adapterTypeName="executor://nunit3testexecutor/" className="Microsoft.TypeSpec.Generator.Tests.Providers.ModelProviders.ModelCustomizationTests" name="CanCustomizeWithVisitor" />
    </UnitTest>
    <UnitTest name="ListExpression(System.Collections.Generic.IDictionary`2[System.Collections.Generic.IDictionary`2[System.Int32,System.String],System.Collections.Generic.IDictionary`2[System.String,System.Int32]])" storage="/home/runner/work/typespec/typespec/packages/http-client-csharp/generator/artifacts/bin/microsoft.typespec.generator.tests/debug/net8.0/microsoft.typespec.generator.tests.dll" id="91b95da8-603f-b232-9073-55e1b9d916b9">
      <Execution id="c2f9b01d-61a6-4170-b9a9-86214465538d" />
      <TestMethod codeBase="/home/runner/work/typespec/typespec/packages/http-client-csharp/generator/artifacts/bin/Microsoft.TypeSpec.Generator.Tests/Debug/net8.0/Microsoft.TypeSpec.Generator.Tests.dll" adapterTypeName="executor://nunit3testexecutor/" className="Microsoft.TypeSpec.Generator.Tests.Expressions.KnownValueExpressionsTests" name="ListExpression(System.Collections.Generic.IDictionary`2[System.Collections.Generic.IDictionary`2[System.Int32,System.String],System.Collections.Generic.IDictionary`2[System.String,System.Int32]])" />
    </UnitTest>
    <UnitTest name="DictionaryExpressionAddItems" storage="/home/runner/work/typespec/typespec/packages/http-client-csharp/generator/artifacts/bin/microsoft.typespec.generator.tests/debug/net8.0/microsoft.typespec.generator.tests.dll" id="2dbe48d0-ea66-2f9c-042c-b20f4122277a">
      <Execution id="f23a0062-b1ee-4c5c-ae9d-8b53a7a36682" />
      <TestMethod codeBase="/home/runner/work/typespec/typespec/packages/http-client-csharp/generator/artifacts/bin/Microsoft.TypeSpec.Generator.Tests/Debug/net8.0/Microsoft.TypeSpec.Generator.Tests.dll" adapterTypeName="executor://nunit3testexecutor/" className="Microsoft.TypeSpec.Generator.Tests.Expressions.KnownValueExpressionsTests" name="DictionaryExpressionAddItems" />
    </UnitTest>
    <UnitTest name="CreateEnum_WithDeclaringType" storage="/home/runner/work/typespec/typespec/packages/http-client-csharp/generator/artifacts/bin/microsoft.typespec.generator.tests/debug/net8.0/microsoft.typespec.generator.tests.dll" id="e1612184-9311-cf3b-b8e5-f009d0763ff6">
      <Execution id="202eae76-135d-4480-b3ed-0589bdf7ad61" />
      <TestMethod codeBase="/home/runner/work/typespec/typespec/packages/http-client-csharp/generator/artifacts/bin/Microsoft.TypeSpec.Generator.Tests/Debug/net8.0/Microsoft.TypeSpec.Generator.Tests.dll" adapterTypeName="executor://nunit3testexecutor/" className="Microsoft.TypeSpec.Generator.Tests.TypeFactoryTests" name="CreateEnum_WithDeclaringType" />
    </UnitTest>
    <UnitTest name="IntSerializationFormat(UInt32,&quot;string&quot;)" storage="/home/runner/work/typespec/typespec/packages/http-client-csharp/generator/artifacts/bin/microsoft.typespec.generator.tests/debug/net8.0/microsoft.typespec.generator.tests.dll" id="6afd2284-a12c-4b44-ec89-155ada5d0ac1">
      <Execution id="c0e72014-fc0b-4f86-8536-b3973b639e72" />
      <TestMethod codeBase="/home/runner/work/typespec/typespec/packages/http-client-csharp/generator/artifacts/bin/Microsoft.TypeSpec.Generator.Tests/Debug/net8.0/Microsoft.TypeSpec.Generator.Tests.dll" adapterTypeName="executor://nunit3testexecutor/" className="Microsoft.TypeSpec.Generator.Tests.TypeFactoryTests" name="IntSerializationFormat(UInt32,&quot;string&quot;)" />
    </UnitTest>
    <UnitTest name="ModelWithNestedDiscriminators" storage="/home/runner/work/typespec/typespec/packages/http-client-csharp/generator/artifacts/bin/microsoft.typespec.generator.tests/debug/net8.0/microsoft.typespec.generator.tests.dll" id="bf371bb9-d33a-35c0-72da-089829f58fdc">
      <Execution id="6f811702-7600-4601-bf57-0eaf650de4da" />
      <TestMethod codeBase="/home/runner/work/typespec/typespec/packages/http-client-csharp/generator/artifacts/bin/Microsoft.TypeSpec.Generator.Tests/Debug/net8.0/Microsoft.TypeSpec.Generator.Tests.dll" adapterTypeName="executor://nunit3testexecutor/" className="Microsoft.TypeSpec.Generator.Tests.Providers.ModelProviders.DiscriminatorTests" name="ModelWithNestedDiscriminators" />
    </UnitTest>
    <UnitTest name="BuildEnumType_ValidateStringBasedExtensibleEnum()" storage="/home/runner/work/typespec/typespec/packages/http-client-csharp/generator/artifacts/bin/microsoft.typespec.generator.tests/debug/net8.0/microsoft.typespec.generator.tests.dll" id="45b44dd3-d284-879a-8717-71f2dd6524b4">
      <Execution id="1bc57e88-311b-4037-9af5-72f5cbda9e31" />
      <TestMethod codeBase="/home/runner/work/typespec/typespec/packages/http-client-csharp/generator/artifacts/bin/Microsoft.TypeSpec.Generator.Tests/Debug/net8.0/Microsoft.TypeSpec.Generator.Tests.dll" adapterTypeName="executor://nunit3testexecutor/" className="Microsoft.TypeSpec.Generator.Tests.Providers.EnumProviderTests" name="BuildEnumType_ValidateStringBasedExtensibleEnum()" />
    </UnitTest>
    <UnitTest name="GeneratesNewNamesInChildScope" storage="/home/runner/work/typespec/typespec/packages/http-client-csharp/generator/artifacts/bin/microsoft.typespec.generator.tests/debug/net8.0/microsoft.typespec.generator.tests.dll" id="21001f4f-7188-3241-0430-3531d1b521bc">
      <Execution id="9df0a916-08b1-4f0d-a5b5-33b9f4ac8325" />
      <TestMethod codeBase="/home/runner/work/typespec/typespec/packages/http-client-csharp/generator/artifacts/bin/Microsoft.TypeSpec.Generator.Tests/Debug/net8.0/Microsoft.TypeSpec.Generator.Tests.dll" adapterTypeName="executor://nunit3testexecutor/" className="Microsoft.TypeSpec.Generator.Tests.Writers.CodeScopeTests" name="GeneratesNewNamesInChildScope" />
    </UnitTest>
    <UnitTest name="CodeWriter_WriteProperty_IndexerProperty_ExpressionBody_WithExplicitInterface" storage="/home/runner/work/typespec/typespec/packages/http-client-csharp/generator/artifacts/bin/microsoft.typespec.generator.tests/debug/net8.0/microsoft.typespec.generator.tests.dll" id="0d425a27-31f7-19b7-e956-36a35d28d84b">
      <Execution id="8624d39e-6070-4d17-9f3f-1ba11053060a" />
      <TestMethod codeBase="/home/runner/work/typespec/typespec/packages/http-client-csharp/generator/artifacts/bin/Microsoft.TypeSpec.Generator.Tests/Debug/net8.0/Microsoft.TypeSpec.Generator.Tests.dll" adapterTypeName="executor://nunit3testexecutor/" className="Microsoft.TypeSpec.Generator.Tests.Writers.CodeWriterTests" name="CodeWriter_WriteProperty_IndexerProperty_ExpressionBody_WithExplicitInterface" />
    </UnitTest>
    <UnitTest name="AttributeStatementWithNoArgument" storage="/home/runner/work/typespec/typespec/packages/http-client-csharp/generator/artifacts/bin/microsoft.typespec.generator.tests/debug/net8.0/microsoft.typespec.generator.tests.dll" id="728bdcae-6695-3542-b84c-d6fe04d3f51c">
      <Execution id="70d78247-ce04-4423-8944-244c1662b23b" />
      <TestMethod codeBase="/home/runner/work/typespec/typespec/packages/http-client-csharp/generator/artifacts/bin/Microsoft.TypeSpec.Generator.Tests/Debug/net8.0/Microsoft.TypeSpec.Generator.Tests.dll" adapterTypeName="executor://nunit3testexecutor/" className="Microsoft.TypeSpec.Generator.Tests.Statements.AttributeStatementTests" name="AttributeStatementWithNoArgument" />
    </UnitTest>
    <UnitTest name="IntSerializationFormat(Integer,null)" storage="/home/runner/work/typespec/typespec/packages/http-client-csharp/generator/artifacts/bin/microsoft.typespec.generator.tests/debug/net8.0/microsoft.typespec.generator.tests.dll" id="f30472ac-a944-bd45-9054-2cf614ac9580">
      <Execution id="bf0638d0-028d-4e1e-8f28-c04703cd7d47" />
      <TestMethod codeBase="/home/runner/work/typespec/typespec/packages/http-client-csharp/generator/artifacts/bin/Microsoft.TypeSpec.Generator.Tests/Debug/net8.0/Microsoft.TypeSpec.Generator.Tests.dll" adapterTypeName="executor://nunit3testexecutor/" className="Microsoft.TypeSpec.Generator.Tests.TypeFactoryTests" name="IntSerializationFormat(Integer,null)" />
    </UnitTest>
    <UnitTest name="TestBreakLines_RecursiveFormattableStringsWithAllLineBreaks" storage="/home/runner/work/typespec/typespec/packages/http-client-csharp/generator/artifacts/bin/microsoft.typespec.generator.tests/debug/net8.0/microsoft.typespec.generator.tests.dll" id="ad405981-b262-d2c1-3af9-18da6417b9a4">
      <Execution id="b184fea8-fe78-46a8-89b6-5b529a5808ca" />
      <TestMethod codeBase="/home/runner/work/typespec/typespec/packages/http-client-csharp/generator/artifacts/bin/Microsoft.TypeSpec.Generator.Tests/Debug/net8.0/Microsoft.TypeSpec.Generator.Tests.dll" adapterTypeName="executor://nunit3testexecutor/" className="Microsoft.TypeSpec.Generator.Tests.Utilities.FormattableStringHelpersTests" name="TestBreakLines_RecursiveFormattableStringsWithAllLineBreaks" />
    </UnitTest>
    <UnitTest name="Nullable_HasValue_ReturnsTrue" storage="/home/runner/work/typespec/typespec/packages/http-client-csharp/generator/artifacts/bin/microsoft.typespec.generator.tests/debug/net8.0/microsoft.typespec.generator.tests.dll" id="e16b20de-eff3-a90a-31e9-7af8dfaecfc5">
      <Execution id="3ad93b6a-4909-4feb-9eb0-446372ec1d2a" />
      <TestMethod codeBase="/home/runner/work/typespec/typespec/packages/http-client-csharp/generator/artifacts/bin/Microsoft.TypeSpec.Generator.Tests/Debug/net8.0/Microsoft.TypeSpec.Generator.Tests.dll" adapterTypeName="executor://nunit3testexecutor/" className="Microsoft.TypeSpec.Generator.Tests.Providers.OptionalTests" name="Nullable_HasValue_ReturnsTrue" />
    </UnitTest>
    <UnitTest name="IsReadOnlyMemory(System.Int32,False)" storage="/home/runner/work/typespec/typespec/packages/http-client-csharp/generator/artifacts/bin/microsoft.typespec.generator.tests/debug/net8.0/microsoft.typespec.generator.tests.dll" id="f612166a-4245-7d44-9b6c-42070a4d1ea1">
      <Execution id="fe0b3abb-5f63-4527-87d3-25ace23eb26b" />
      <TestMethod codeBase="/home/runner/work/typespec/typespec/packages/http-client-csharp/generator/artifacts/bin/Microsoft.TypeSpec.Generator.Tests/Debug/net8.0/Microsoft.TypeSpec.Generator.Tests.dll" adapterTypeName="executor://nunit3testexecutor/" className="Microsoft.TypeSpec.Generator.Tests.Primitives.CSharpTypeTests" name="IsReadOnlyMemory(System.Int32,False)" />
    </UnitTest>
    <UnitTest name="ValidateGetFormattableStringFormatParts(&quot;This {0} has literal }}&quot;,[Part { Value = This , IsLiteral = True, ArgumentIndex = -1 }, Part { Value = 0, IsLiteral = False, ArgumentIndex = 0 }, Part { Value =  has literal }, IsLiteral = True, ArgumentIndex = -1 }])" storage="/home/runner/work/typespec/typespec/packages/http-client-csharp/generator/artifacts/bin/microsoft.typespec.generator.tests/debug/net8.0/microsoft.typespec.generator.tests.dll" id="4b0495f2-4b55-bc93-8a31-4245199393b9">
      <Execution id="797da90a-e5f1-4ac6-ad06-6874382d4fa9" />
      <TestMethod codeBase="/home/runner/work/typespec/typespec/packages/http-client-csharp/generator/artifacts/bin/Microsoft.TypeSpec.Generator.Tests/Debug/net8.0/Microsoft.TypeSpec.Generator.Tests.dll" adapterTypeName="executor://nunit3testexecutor/" className="Microsoft.TypeSpec.Generator.Tests.Utilities.StringExtensionsTests" name="ValidateGetFormattableStringFormatParts(&quot;This {0} has literal }}&quot;,[Part { Value = This , IsLiteral = True, ArgumentIndex = -1 }, Part { Value = 0, IsLiteral = False, ArgumentIndex = 0 }, Part { Value =  has literal }, IsLiteral = True, ArgumentIndex = -1 }])" />
    </UnitTest>
    <UnitTest name="TypesAreEqualForGenericTypes(System.Collections.Generic.IDictionary`2[TKey,TValue],[System.String, System.Collections.Generic.IDictionary`2[System.String,System.Int32]])" storage="/home/runner/work/typespec/typespec/packages/http-client-csharp/generator/artifacts/bin/microsoft.typespec.generator.tests/debug/net8.0/microsoft.typespec.generator.tests.dll" id="2e353a49-9676-3f79-69fa-f42788fbc4b6">
      <Execution id="e422878b-f467-452e-9564-a5758f604d62" />
      <TestMethod codeBase="/home/runner/work/typespec/typespec/packages/http-client-csharp/generator/artifacts/bin/Microsoft.TypeSpec.Generator.Tests/Debug/net8.0/Microsoft.TypeSpec.Generator.Tests.dll" adapterTypeName="executor://nunit3testexecutor/" className="Microsoft.TypeSpec.Generator.Tests.Primitives.CSharpTypeTests" name="TypesAreEqualForGenericTypes(System.Collections.Generic.IDictionary`2[TKey,TValue],[System.String, System.Collections.Generic.IDictionary`2[System.String,System.Int32]])" />
    </UnitTest>
    <UnitTest name="TestAttributes" storage="/home/runner/work/typespec/typespec/packages/http-client-csharp/generator/artifacts/bin/microsoft.typespec.generator.tests/debug/net8.0/microsoft.typespec.generator.tests.dll" id="e5fda425-e643-4d56-4679-880d3e597ce8">
      <Execution id="e5c1c5a6-2383-4191-b560-8a1f1e931c78" />
      <TestMethod codeBase="/home/runner/work/typespec/typespec/packages/http-client-csharp/generator/artifacts/bin/Microsoft.TypeSpec.Generator.Tests/Debug/net8.0/Microsoft.TypeSpec.Generator.Tests.dll" adapterTypeName="executor://nunit3testexecutor/" className="Microsoft.TypeSpec.Generator.Tests.Providers.ConstructorProviderTests" name="TestAttributes" />
    </UnitTest>
    <UnitTest name="TestParseCommandLineOptionsArgs([&quot;../inputDir&quot;, &quot;-g CodeModelGenerator&quot;],False)" storage="/home/runner/work/typespec/typespec/packages/http-client-csharp/generator/artifacts/bin/microsoft.typespec.generator.tests/debug/net8.0/microsoft.typespec.generator.tests.dll" id="e303d999-2b6c-2af9-2825-d923ed6aba31">
      <Execution id="634174dc-2b48-4bb3-8eb2-b777edb7c70f" />
      <TestMethod codeBase="/home/runner/work/typespec/typespec/packages/http-client-csharp/generator/artifacts/bin/Microsoft.TypeSpec.Generator.Tests/Debug/net8.0/Microsoft.TypeSpec.Generator.Tests.dll" adapterTypeName="executor://nunit3testexecutor/" className="Microsoft.TypeSpec.Generator.Tests.StartUp.CommandLineOptionsTests" name="TestParseCommandLineOptionsArgs([&quot;../inputDir&quot;, &quot;-g CodeModelGenerator&quot;],False)" />
    </UnitTest>
    <UnitTest name="BodyHasSetterValidation(&quot;nullableDictionaryOnOutputModel&quot;,Microsoft.TypeSpec.Generator.Input.InputModelType,False,null)" storage="/home/runner/work/typespec/typespec/packages/http-client-csharp/generator/artifacts/bin/microsoft.typespec.generator.tests/debug/net8.0/microsoft.typespec.generator.tests.dll" id="abdfa71c-d861-a0bd-95a8-0382e940dc7f">
      <Execution id="43d75822-be7f-4f40-bd24-be07805dd74f" />
      <TestMethod codeBase="/home/runner/work/typespec/typespec/packages/http-client-csharp/generator/artifacts/bin/Microsoft.TypeSpec.Generator.Tests/Debug/net8.0/Microsoft.TypeSpec.Generator.Tests.dll" adapterTypeName="executor://nunit3testexecutor/" className="Microsoft.TypeSpec.Generator.Tests.Providers.PropertyProviderTests" name="BodyHasSetterValidation(&quot;nullableDictionaryOnOutputModel&quot;,Microsoft.TypeSpec.Generator.Input.InputModelType,False,null)" />
    </UnitTest>
    <UnitTest name="CanChangeExpressionStatement" storage="/home/runner/work/typespec/typespec/packages/http-client-csharp/generator/artifacts/bin/microsoft.typespec.generator.tests/debug/net8.0/microsoft.typespec.generator.tests.dll" id="2d409205-bd6b-eece-0bf9-3da5a8853c4a">
      <Execution id="a76046ee-91fd-4df8-848f-cd9e9f4155a6" />
      <TestMethod codeBase="/home/runner/work/typespec/typespec/packages/http-client-csharp/generator/artifacts/bin/Microsoft.TypeSpec.Generator.Tests/Debug/net8.0/Microsoft.TypeSpec.Generator.Tests.dll" adapterTypeName="executor://nunit3testexecutor/" className="Microsoft.TypeSpec.Generator.Tests.Expressions.ExpressionVisitorTests" name="CanChangeExpressionStatement" />
    </UnitTest>
    <UnitTest name="TestIsCSharpKeyword(&quot;descending&quot;,True)" storage="/home/runner/work/typespec/typespec/packages/http-client-csharp/generator/artifacts/bin/microsoft.typespec.generator.tests/debug/net8.0/microsoft.typespec.generator.tests.dll" id="f6e27fe0-f979-15d0-c02d-597aa53727aa">
      <Execution id="66e5af22-f038-4a81-a92c-1c30c250ac47" />
      <TestMethod codeBase="/home/runner/work/typespec/typespec/packages/http-client-csharp/generator/artifacts/bin/Microsoft.TypeSpec.Generator.Tests/Debug/net8.0/Microsoft.TypeSpec.Generator.Tests.dll" adapterTypeName="executor://nunit3testexecutor/" className="Microsoft.TypeSpec.Generator.Tests.Utilities.StringExtensionsTests" name="TestIsCSharpKeyword(&quot;descending&quot;,True)" />
    </UnitTest>
    <UnitTest name="CanReplaceModelMethod" storage="/home/runner/work/typespec/typespec/packages/http-client-csharp/generator/artifacts/bin/microsoft.typespec.generator.tests/debug/net8.0/microsoft.typespec.generator.tests.dll" id="fd8f3f21-e3fc-5557-187a-5397b25a9e29">
      <Execution id="61034161-b849-456e-b13b-16d8bb0b037a" />
      <TestMethod codeBase="/home/runner/work/typespec/typespec/packages/http-client-csharp/generator/artifacts/bin/Microsoft.TypeSpec.Generator.Tests/Debug/net8.0/Microsoft.TypeSpec.Generator.Tests.dll" adapterTypeName="executor://nunit3testexecutor/" className="Microsoft.TypeSpec.Generator.Tests.Providers.ModelFactories.ModelFactoriesCustomizationTests" name="CanReplaceModelMethod" />
    </UnitTest>
    <UnitTest name="IsList(System.Collections.Generic.ICollection`1[T],True)" storage="/home/runner/work/typespec/typespec/packages/http-client-csharp/generator/artifacts/bin/microsoft.typespec.generator.tests/debug/net8.0/microsoft.typespec.generator.tests.dll" id="905dfdc6-9448-9f00-51aa-f98f66624d9e">
      <Execution id="ddc5607b-8027-43bb-aca1-8a21f4e862d9" />
      <TestMethod codeBase="/home/runner/work/typespec/typespec/packages/http-client-csharp/generator/artifacts/bin/Microsoft.TypeSpec.Generator.Tests/Debug/net8.0/Microsoft.TypeSpec.Generator.Tests.dll" adapterTypeName="executor://nunit3testexecutor/" className="Microsoft.TypeSpec.Generator.Tests.Primitives.CSharpTypeTests" name="IsList(System.Collections.Generic.ICollection`1[T],True)" />
    </UnitTest>
    <UnitTest name="TypesAreNotEqual(System.Collections.Generic.IList`1[System.Int32],System.Collections.Generic.IList`1[System.String])" storage="/home/runner/work/typespec/typespec/packages/http-client-csharp/generator/artifacts/bin/microsoft.typespec.generator.tests/debug/net8.0/microsoft.typespec.generator.tests.dll" id="0fe591bd-5294-b0b8-b514-391806a3b142">
      <Execution id="68b8955f-0df7-4725-b794-0d40e9d2e7d2" />
      <TestMethod codeBase="/home/runner/work/typespec/typespec/packages/http-client-csharp/generator/artifacts/bin/Microsoft.TypeSpec.Generator.Tests/Debug/net8.0/Microsoft.TypeSpec.Generator.Tests.dll" adapterTypeName="executor://nunit3testexecutor/" className="Microsoft.TypeSpec.Generator.Tests.Primitives.CSharpTypeTests" name="TypesAreNotEqual(System.Collections.Generic.IList`1[System.Int32],System.Collections.Generic.IList`1[System.String])" />
    </UnitTest>
    <UnitTest name="HashCodesAreEqual(System.Int32)" storage="/home/runner/work/typespec/typespec/packages/http-client-csharp/generator/artifacts/bin/microsoft.typespec.generator.tests/debug/net8.0/microsoft.typespec.generator.tests.dll" id="d9f1c952-724b-22d5-1cf2-9a9691b6ae3f">
      <Execution id="67b90655-3d64-4f1d-a2be-aa835210f647" />
      <TestMethod codeBase="/home/runner/work/typespec/typespec/packages/http-client-csharp/generator/artifacts/bin/Microsoft.TypeSpec.Generator.Tests/Debug/net8.0/Microsoft.TypeSpec.Generator.Tests.dll" adapterTypeName="executor://nunit3testexecutor/" className="Microsoft.TypeSpec.Generator.Tests.Primitives.CSharpTypeTests" name="HashCodesAreEqual(System.Int32)" />
    </UnitTest>
    <UnitTest name="BaseShouldBeAbstract(Microsoft.TypeSpec.Generator.Input.InputModelType,&quot;/// &lt;summary&gt;\n/// pet description\n/// Please note this is the abstract base class. The derived classes available for instantiation are: &lt;see cref=\&quot;Cat\&quot;/&gt;, &lt;see cref=\&quot;Dog\&quot;/&gt;, and &lt;see cref=\&quot;AnotherAnimal\&quot;/&gt;.\n/// &lt;/summary&gt;\n&quot;)" storage="/home/runner/work/typespec/typespec/packages/http-client-csharp/generator/artifacts/bin/microsoft.typespec.generator.tests/debug/net8.0/microsoft.typespec.generator.tests.dll" id="c6392d65-60e0-09da-dd41-09756e593911">
      <Execution id="22b051c2-3355-4a78-a0a8-1ca8fa80464e" />
      <TestMethod codeBase="/home/runner/work/typespec/typespec/packages/http-client-csharp/generator/artifacts/bin/Microsoft.TypeSpec.Generator.Tests/Debug/net8.0/Microsoft.TypeSpec.Generator.Tests.dll" adapterTypeName="executor://nunit3testexecutor/" className="Microsoft.TypeSpec.Generator.Tests.Providers.ModelProviders.DiscriminatorTests" name="BaseShouldBeAbstract(Microsoft.TypeSpec.Generator.Input.InputModelType,&quot;/// &lt;summary&gt;\n/// pet description\n/// Please note this is the abstract base class. The derived classes available for instantiation are: &lt;see cref=\&quot;Cat\&quot;/&gt;, &lt;see cref=\&quot;Dog\&quot;/&gt;, and &lt;see cref=\&quot;AnotherAnimal\&quot;/&gt;.\n/// &lt;/summary&gt;\n&quot;)" />
    </UnitTest>
    <UnitTest name="CanCustomizeRelativeFilePath" storage="/home/runner/work/typespec/typespec/packages/http-client-csharp/generator/artifacts/bin/microsoft.typespec.generator.tests/debug/net8.0/microsoft.typespec.generator.tests.dll" id="7b5a5011-8ead-4a1a-b27f-f4fe1ca00646">
      <Execution id="481f1139-1e35-427f-b11c-9767dd1fd84f" />
      <TestMethod codeBase="/home/runner/work/typespec/typespec/packages/http-client-csharp/generator/artifacts/bin/Microsoft.TypeSpec.Generator.Tests/Debug/net8.0/Microsoft.TypeSpec.Generator.Tests.dll" adapterTypeName="executor://nunit3testexecutor/" className="Microsoft.TypeSpec.Generator.Tests.Providers.ModelProviders.ModelCustomizationTests" name="CanCustomizeRelativeFilePath" />
    </UnitTest>
    <UnitTest name="TestIsCSharpKeyword(&quot;operator&quot;,True)" storage="/home/runner/work/typespec/typespec/packages/http-client-csharp/generator/artifacts/bin/microsoft.typespec.generator.tests/debug/net8.0/microsoft.typespec.generator.tests.dll" id="c094ec8d-70f8-9c58-813c-afbff0e8c977">
      <Execution id="8a2e2b38-ff6e-494b-a641-3c01a5fc76d9" />
      <TestMethod codeBase="/home/runner/work/typespec/typespec/packages/http-client-csharp/generator/artifacts/bin/Microsoft.TypeSpec.Generator.Tests/Debug/net8.0/Microsoft.TypeSpec.Generator.Tests.dll" adapterTypeName="executor://nunit3testexecutor/" className="Microsoft.TypeSpec.Generator.Tests.Utilities.StringExtensionsTests" name="TestIsCSharpKeyword(&quot;operator&quot;,True)" />
    </UnitTest>
    <UnitTest name="FullyQualifiedName_NestedTypes" storage="/home/runner/work/typespec/typespec/packages/http-client-csharp/generator/artifacts/bin/microsoft.typespec.generator.tests/debug/net8.0/microsoft.typespec.generator.tests.dll" id="284f9bbe-728c-fdce-8c84-66a8d4916b74">
      <Execution id="8eca8c76-f2da-456f-998d-3790044aa2da" />
      <TestMethod codeBase="/home/runner/work/typespec/typespec/packages/http-client-csharp/generator/artifacts/bin/Microsoft.TypeSpec.Generator.Tests/Debug/net8.0/Microsoft.TypeSpec.Generator.Tests.dll" adapterTypeName="executor://nunit3testexecutor/" className="Microsoft.TypeSpec.Generator.Tests.Primitives.CSharpTypeTests" name="FullyQualifiedName_NestedTypes" />
    </UnitTest>
    <UnitTest name="ValidatePropertyTypes(Microsoft.TypeSpec.Generator.Tests.PropertyType)" storage="/home/runner/work/typespec/typespec/packages/http-client-csharp/generator/artifacts/bin/microsoft.typespec.generator.tests/debug/net8.0/microsoft.typespec.generator.tests.dll" id="9c269d02-40ef-d512-2a3f-df61e04eb23d">
      <Execution id="60531d0e-04d5-4aeb-8386-fde3146658d0" />
      <TestMethod codeBase="/home/runner/work/typespec/typespec/packages/http-client-csharp/generator/artifacts/bin/Microsoft.TypeSpec.Generator.Tests/Debug/net8.0/Microsoft.TypeSpec.Generator.Tests.dll" adapterTypeName="executor://nunit3testexecutor/" className="Microsoft.TypeSpec.Generator.Tests.Providers.NamedTypeSymbolProviders.NamedTypeSymbolProviderTests" name="ValidatePropertyTypes(Microsoft.TypeSpec.Generator.Tests.PropertyType)" />
    </UnitTest>
    <UnitTest name="NotEqualToFrameworkType(System.Int32,System.Collections.Generic.IList`1[T])" storage="/home/runner/work/typespec/typespec/packages/http-client-csharp/generator/artifacts/bin/microsoft.typespec.generator.tests/debug/net8.0/microsoft.typespec.generator.tests.dll" id="f3cf7100-5773-859d-7955-02f51d4e15e4">
      <Execution id="69e1a0db-00a7-43cf-b543-da8b9dc2fc69" />
      <TestMethod codeBase="/home/runner/work/typespec/typespec/packages/http-client-csharp/generator/artifacts/bin/Microsoft.TypeSpec.Generator.Tests/Debug/net8.0/Microsoft.TypeSpec.Generator.Tests.dll" adapterTypeName="executor://nunit3testexecutor/" className="Microsoft.TypeSpec.Generator.Tests.Primitives.CSharpTypeTests" name="NotEqualToFrameworkType(System.Int32,System.Collections.Generic.IList`1[T])" />
    </UnitTest>
    <UnitTest name="IsArray(System.Int32[],True)" storage="/home/runner/work/typespec/typespec/packages/http-client-csharp/generator/artifacts/bin/microsoft.typespec.generator.tests/debug/net8.0/microsoft.typespec.generator.tests.dll" id="a5540c0f-f1fa-9e7d-2b05-d2d2c90fc688">
      <Execution id="f1a24ca0-ad39-4146-82a4-244171b401cc" />
      <TestMethod codeBase="/home/runner/work/typespec/typespec/packages/http-client-csharp/generator/artifacts/bin/Microsoft.TypeSpec.Generator.Tests/Debug/net8.0/Microsoft.TypeSpec.Generator.Tests.dll" adapterTypeName="executor://nunit3testexecutor/" className="Microsoft.TypeSpec.Generator.Tests.Primitives.CSharpTypeTests" name="IsArray(System.Int32[],True)" />
    </UnitTest>
    <UnitTest name="TestIsCSharpKeyword(&quot;float&quot;,True)" storage="/home/runner/work/typespec/typespec/packages/http-client-csharp/generator/artifacts/bin/microsoft.typespec.generator.tests/debug/net8.0/microsoft.typespec.generator.tests.dll" id="af7d41e3-f32d-421b-cda7-698b15153704">
      <Execution id="9bcc49de-3936-4be4-afee-c2253a7cb81f" />
      <TestMethod codeBase="/home/runner/work/typespec/typespec/packages/http-client-csharp/generator/artifacts/bin/Microsoft.TypeSpec.Generator.Tests/Debug/net8.0/Microsoft.TypeSpec.Generator.Tests.dll" adapterTypeName="executor://nunit3testexecutor/" className="Microsoft.TypeSpec.Generator.Tests.Utilities.StringExtensionsTests" name="TestIsCSharpKeyword(&quot;float&quot;,True)" />
    </UnitTest>
    <UnitTest name="SystemTypeOperatorTestNotEqual(System.Collections.Generic.IList`1[System.Int32],System.Collections.Generic.ICollection`1[System.Int32])" storage="/home/runner/work/typespec/typespec/packages/http-client-csharp/generator/artifacts/bin/microsoft.typespec.generator.tests/debug/net8.0/microsoft.typespec.generator.tests.dll" id="62232ef3-0e18-add8-8d4e-aaf97dfe638c">
      <Execution id="59157f73-70d0-4889-9543-5b339d351f58" />
      <TestMethod codeBase="/home/runner/work/typespec/typespec/packages/http-client-csharp/generator/artifacts/bin/Microsoft.TypeSpec.Generator.Tests/Debug/net8.0/Microsoft.TypeSpec.Generator.Tests.dll" adapterTypeName="executor://nunit3testexecutor/" className="Microsoft.TypeSpec.Generator.Tests.Expressions.ValueExpressionTests" name="SystemTypeOperatorTestNotEqual(System.Collections.Generic.IList`1[System.Int32],System.Collections.Generic.ICollection`1[System.Int32])" />
    </UnitTest>
    <UnitTest name="Dict_Undefined_ReturnsFalse" storage="/home/runner/work/typespec/typespec/packages/http-client-csharp/generator/artifacts/bin/microsoft.typespec.generator.tests/debug/net8.0/microsoft.typespec.generator.tests.dll" id="23c59f2d-7d8b-10cc-504a-a960e4958c91">
      <Execution id="b6c4e28c-94c0-45c5-87bd-736cb16b6283" />
      <TestMethod codeBase="/home/runner/work/typespec/typespec/packages/http-client-csharp/generator/artifacts/bin/Microsoft.TypeSpec.Generator.Tests/Debug/net8.0/Microsoft.TypeSpec.Generator.Tests.dll" adapterTypeName="executor://nunit3testexecutor/" className="Microsoft.TypeSpec.Generator.Tests.Providers.OptionalTests" name="Dict_Undefined_ReturnsFalse" />
    </UnitTest>
    <UnitTest name="XmlDocForParameterWithInvalidIdentifierName(&quot;new-parameter&quot;)" storage="/home/runner/work/typespec/typespec/packages/http-client-csharp/generator/artifacts/bin/microsoft.typespec.generator.tests/debug/net8.0/microsoft.typespec.generator.tests.dll" id="a55375cd-1f09-0d30-7bd7-d8f7c39a5114">
      <Execution id="45af5410-bc2d-4540-885b-2210964c7c7a" />
      <TestMethod codeBase="/home/runner/work/typespec/typespec/packages/http-client-csharp/generator/artifacts/bin/Microsoft.TypeSpec.Generator.Tests/Debug/net8.0/Microsoft.TypeSpec.Generator.Tests.dll" adapterTypeName="executor://nunit3testexecutor/" className="Microsoft.TypeSpec.Generator.Tests.Statements.XmlDocParamStatementTests" name="XmlDocForParameterWithInvalidIdentifierName(&quot;new-parameter&quot;)" />
    </UnitTest>
    <UnitTest name="DerivedHasNoKindProperty" storage="/home/runner/work/typespec/typespec/packages/http-client-csharp/generator/artifacts/bin/microsoft.typespec.generator.tests/debug/net8.0/microsoft.typespec.generator.tests.dll" id="08a90619-da84-380e-ed0e-dc7c7348d1d7">
      <Execution id="d389d31e-c277-4ed5-855b-9d753db5a7a7" />
      <TestMethod codeBase="/home/runner/work/typespec/typespec/packages/http-client-csharp/generator/artifacts/bin/Microsoft.TypeSpec.Generator.Tests/Debug/net8.0/Microsoft.TypeSpec.Generator.Tests.dll" adapterTypeName="executor://nunit3testexecutor/" className="Microsoft.TypeSpec.Generator.Tests.Providers.ModelProviders.DiscriminatorTests" name="DerivedHasNoKindProperty" />
    </UnitTest>
    <UnitTest name="DisableDocsForMethod" storage="/home/runner/work/typespec/typespec/packages/http-client-csharp/generator/artifacts/bin/microsoft.typespec.generator.tests/debug/net8.0/microsoft.typespec.generator.tests.dll" id="50d4599d-441b-6d48-33c5-276e0531443b">
      <Execution id="873f44b7-c090-40ec-bb9e-9da52aa57d97" />
      <TestMethod codeBase="/home/runner/work/typespec/typespec/packages/http-client-csharp/generator/artifacts/bin/Microsoft.TypeSpec.Generator.Tests/Debug/net8.0/Microsoft.TypeSpec.Generator.Tests.dll" adapterTypeName="executor://nunit3testexecutor/" className="Microsoft.TypeSpec.Generator.Tests.ConfigurationTests" name="DisableDocsForMethod" />
    </UnitTest>
    <UnitTest name="CollectionProperty(global::System.Collections.Generic.IList&lt;string&gt;,Microsoft.TypeSpec.Generator.Input.InputModelProperty,global::System.Collections.Generic.IReadOnlyList&lt;string&gt;)" storage="/home/runner/work/typespec/typespec/packages/http-client-csharp/generator/artifacts/bin/microsoft.typespec.generator.tests/debug/net8.0/microsoft.typespec.generator.tests.dll" id="afec90f6-9620-161f-dfc2-32352e356193">
      <Execution id="e405cf49-1b44-430c-9d4d-9ec6c942c375" />
      <TestMethod codeBase="/home/runner/work/typespec/typespec/packages/http-client-csharp/generator/artifacts/bin/Microsoft.TypeSpec.Generator.Tests/Debug/net8.0/Microsoft.TypeSpec.Generator.Tests.dll" adapterTypeName="executor://nunit3testexecutor/" className="Microsoft.TypeSpec.Generator.Tests.Providers.PropertyProviderTests" name="CollectionProperty(global::System.Collections.Generic.IList&lt;string&gt;,Microsoft.TypeSpec.Generator.Input.InputModelProperty,global::System.Collections.Generic.IReadOnlyList&lt;string&gt;)" />
    </UnitTest>
    <UnitTest name="CanRemoveMethods" storage="/home/runner/work/typespec/typespec/packages/http-client-csharp/generator/artifacts/bin/microsoft.typespec.generator.tests/debug/net8.0/microsoft.typespec.generator.tests.dll" id="79f04eff-f207-05e6-57f3-7e80f6692a74">
      <Execution id="5c570811-1bb5-45fc-869f-61b86a147abf" />
      <TestMethod codeBase="/home/runner/work/typespec/typespec/packages/http-client-csharp/generator/artifacts/bin/Microsoft.TypeSpec.Generator.Tests/Debug/net8.0/Microsoft.TypeSpec.Generator.Tests.dll" adapterTypeName="executor://nunit3testexecutor/" className="Microsoft.TypeSpec.Generator.Tests.Providers.ModelProviders.ClientCustomizationTests" name="CanRemoveMethods" />
    </UnitTest>
    <UnitTest name="IntSerializationFormat(Int32,null)" storage="/home/runner/work/typespec/typespec/packages/http-client-csharp/generator/artifacts/bin/microsoft.typespec.generator.tests/debug/net8.0/microsoft.typespec.generator.tests.dll" id="09cddab9-eb31-04da-1175-a69e6fc6e11a">
      <Execution id="65ddb2ca-8050-494c-9962-1862211d25c8" />
      <TestMethod codeBase="/home/runner/work/typespec/typespec/packages/http-client-csharp/generator/artifacts/bin/Microsoft.TypeSpec.Generator.Tests/Debug/net8.0/Microsoft.TypeSpec.Generator.Tests.dll" adapterTypeName="executor://nunit3testexecutor/" className="Microsoft.TypeSpec.Generator.Tests.TypeFactoryTests" name="IntSerializationFormat(Int32,null)" />
    </UnitTest>
    <UnitTest name="BodyHasSetterValidation(&quot;readOnlyDictionaryOnOutputModel&quot;,Microsoft.TypeSpec.Generator.Input.InputModelType,False,null)" storage="/home/runner/work/typespec/typespec/packages/http-client-csharp/generator/artifacts/bin/microsoft.typespec.generator.tests/debug/net8.0/microsoft.typespec.generator.tests.dll" id="d658d123-051f-351d-7f72-2cb4dd202acf">
      <Execution id="f55e72db-07ef-47e8-ae9b-1ce5f9880825" />
      <TestMethod codeBase="/home/runner/work/typespec/typespec/packages/http-client-csharp/generator/artifacts/bin/Microsoft.TypeSpec.Generator.Tests/Debug/net8.0/Microsoft.TypeSpec.Generator.Tests.dll" adapterTypeName="executor://nunit3testexecutor/" className="Microsoft.TypeSpec.Generator.Tests.Providers.PropertyProviderTests" name="BodyHasSetterValidation(&quot;readOnlyDictionaryOnOutputModel&quot;,Microsoft.TypeSpec.Generator.Input.InputModelType,False,null)" />
    </UnitTest>
    <UnitTest name="CanResetTypeProvider" storage="/home/runner/work/typespec/typespec/packages/http-client-csharp/generator/artifacts/bin/microsoft.typespec.generator.tests/debug/net8.0/microsoft.typespec.generator.tests.dll" id="c1a4ca7e-58dd-da5f-71c8-6ba4d461996f">
      <Execution id="4cd6d3f7-0c41-4de6-b0f0-d7f325f72f1a" />
      <TestMethod codeBase="/home/runner/work/typespec/typespec/packages/http-client-csharp/generator/artifacts/bin/Microsoft.TypeSpec.Generator.Tests/Debug/net8.0/Microsoft.TypeSpec.Generator.Tests.dll" adapterTypeName="executor://nunit3testexecutor/" className="Microsoft.TypeSpec.Generator.Tests.Providers.TypeProviderTests" name="CanResetTypeProvider" />
    </UnitTest>
    <UnitTest name="ValidatePropertyTypes(Microsoft.TypeSpec.Generator.Tests.Providers.NamedTypeSymbolProviders.NamedTypeSymbolProviderTests+SomeEnum,True)" storage="/home/runner/work/typespec/typespec/packages/http-client-csharp/generator/artifacts/bin/microsoft.typespec.generator.tests/debug/net8.0/microsoft.typespec.generator.tests.dll" id="0b61410d-7c21-eb75-e03e-b626691120bc">
      <Execution id="a03e4d85-13b4-4f6d-bd59-3cfb07dbd006" />
      <TestMethod codeBase="/home/runner/work/typespec/typespec/packages/http-client-csharp/generator/artifacts/bin/Microsoft.TypeSpec.Generator.Tests/Debug/net8.0/Microsoft.TypeSpec.Generator.Tests.dll" adapterTypeName="executor://nunit3testexecutor/" className="Microsoft.TypeSpec.Generator.Tests.Providers.NamedTypeSymbolProviders.NamedTypeSymbolProviderTests" name="ValidatePropertyTypes(Microsoft.TypeSpec.Generator.Tests.Providers.NamedTypeSymbolProviders.NamedTypeSymbolProviderTests+SomeEnum,True)" />
    </UnitTest>
    <UnitTest name="ValidateNamespace" storage="/home/runner/work/typespec/typespec/packages/http-client-csharp/generator/artifacts/bin/microsoft.typespec.generator.tests/debug/net8.0/microsoft.typespec.generator.tests.dll" id="3a028288-8eb0-b563-580d-e5c9889ffc64">
      <Execution id="d6eac4bf-085b-42fa-b2b9-00fbc8ee3f62" />
      <TestMethod codeBase="/home/runner/work/typespec/typespec/packages/http-client-csharp/generator/artifacts/bin/Microsoft.TypeSpec.Generator.Tests/Debug/net8.0/Microsoft.TypeSpec.Generator.Tests.dll" adapterTypeName="executor://nunit3testexecutor/" className="Microsoft.TypeSpec.Generator.Tests.Providers.NamedTypeSymbolProviders.NamedTypeSymbolProviderTests" name="ValidateNamespace" />
    </UnitTest>
    <UnitTest name="ValidateNullableTypes(System.Nullable`1[Microsoft.TypeSpec.Generator.Tests.Primitives.CSharpTypeTests+TestStruct`1[Microsoft.TypeSpec.Generator.Tests.Primitives.CSharpTypeTests+TestStruct`1[System.Int32]]],[global::Microsoft.TypeSpec.Generator.Tests.Primitives.CSharpTypeTests.TestStruct&lt;int&gt;],True)" storage="/home/runner/work/typespec/typespec/packages/http-client-csharp/generator/artifacts/bin/microsoft.typespec.generator.tests/debug/net8.0/microsoft.typespec.generator.tests.dll" id="921f0437-d036-ac9e-3cba-d8023f470487">
      <Execution id="e88a2619-7416-462a-af04-e5e8a2394d95" />
      <TestMethod codeBase="/home/runner/work/typespec/typespec/packages/http-client-csharp/generator/artifacts/bin/Microsoft.TypeSpec.Generator.Tests/Debug/net8.0/Microsoft.TypeSpec.Generator.Tests.dll" adapterTypeName="executor://nunit3testexecutor/" className="Microsoft.TypeSpec.Generator.Tests.Primitives.CSharpTypeTests" name="ValidateNullableTypes(System.Nullable`1[Microsoft.TypeSpec.Generator.Tests.Primitives.CSharpTypeTests+TestStruct`1[Microsoft.TypeSpec.Generator.Tests.Primitives.CSharpTypeTests+TestStruct`1[System.Int32]]],[global::Microsoft.TypeSpec.Generator.Tests.Primitives.CSharpTypeTests.TestStruct&lt;int&gt;],True)" />
    </UnitTest>
    <UnitTest name="TestIsCSharpKeyword(&quot;override&quot;,True)" storage="/home/runner/work/typespec/typespec/packages/http-client-csharp/generator/artifacts/bin/microsoft.typespec.generator.tests/debug/net8.0/microsoft.typespec.generator.tests.dll" id="155b9ba4-9dd0-8413-bf06-25a339f50100">
      <Execution id="4d907c33-769e-487c-aa37-0c44f1fe28d6" />
      <TestMethod codeBase="/home/runner/work/typespec/typespec/packages/http-client-csharp/generator/artifacts/bin/Microsoft.TypeSpec.Generator.Tests/Debug/net8.0/Microsoft.TypeSpec.Generator.Tests.dll" adapterTypeName="executor://nunit3testexecutor/" className="Microsoft.TypeSpec.Generator.Tests.Utilities.StringExtensionsTests" name="TestIsCSharpKeyword(&quot;override&quot;,True)" />
    </UnitTest>
    <UnitTest name="PropertyInitializationType_List(System.Collections.Generic.IEnumerable`1[T])" storage="/home/runner/work/typespec/typespec/packages/http-client-csharp/generator/artifacts/bin/microsoft.typespec.generator.tests/debug/net8.0/microsoft.typespec.generator.tests.dll" id="b0d5fa01-abbf-d6d5-4645-52f24b6e850a">
      <Execution id="cfc8d4ba-44a8-46b4-9c37-32636137c5ab" />
      <TestMethod codeBase="/home/runner/work/typespec/typespec/packages/http-client-csharp/generator/artifacts/bin/Microsoft.TypeSpec.Generator.Tests/Debug/net8.0/Microsoft.TypeSpec.Generator.Tests.dll" adapterTypeName="executor://nunit3testexecutor/" className="Microsoft.TypeSpec.Generator.Tests.Primitives.CSharpTypeTests" name="PropertyInitializationType_List(System.Collections.Generic.IEnumerable`1[T])" />
    </UnitTest>
    <UnitTest name="IntSerializationFormat(SafeInt,&quot;string&quot;)" storage="/home/runner/work/typespec/typespec/packages/http-client-csharp/generator/artifacts/bin/microsoft.typespec.generator.tests/debug/net8.0/microsoft.typespec.generator.tests.dll" id="ab044dc5-46ec-22e2-2eee-9d2467c2c640">
      <Execution id="d9d67311-a24b-4733-adb4-49edc8b93ad1" />
      <TestMethod codeBase="/home/runner/work/typespec/typespec/packages/http-client-csharp/generator/artifacts/bin/Microsoft.TypeSpec.Generator.Tests/Debug/net8.0/Microsoft.TypeSpec.Generator.Tests.dll" adapterTypeName="executor://nunit3testexecutor/" className="Microsoft.TypeSpec.Generator.Tests.TypeFactoryTests" name="IntSerializationFormat(SafeInt,&quot;string&quot;)" />
    </UnitTest>
    <UnitTest name="TestParseConfig_OutputFolder(&quot;{\n                    \&quot;output-folder\&quot;: \&quot;outputFolder\&quot;,\n                    \&quot;package-name\&quot;: \&quot;libraryName\&quot;\n                }&quot;,False)" storage="/home/runner/work/typespec/typespec/packages/http-client-csharp/generator/artifacts/bin/microsoft.typespec.generator.tests/debug/net8.0/microsoft.typespec.generator.tests.dll" id="a2424176-655c-fb0b-22a0-4128920a29db">
      <Execution id="10599226-7f39-4c41-bfa9-b5acb2bb0557" />
      <TestMethod codeBase="/home/runner/work/typespec/typespec/packages/http-client-csharp/generator/artifacts/bin/Microsoft.TypeSpec.Generator.Tests/Debug/net8.0/Microsoft.TypeSpec.Generator.Tests.dll" adapterTypeName="executor://nunit3testexecutor/" className="Microsoft.TypeSpec.Generator.Tests.ConfigurationTests" name="TestParseConfig_OutputFolder(&quot;{\n                    \&quot;output-folder\&quot;: \&quot;outputFolder\&quot;,\n                    \&quot;package-name\&quot;: \&quot;libraryName\&quot;\n                }&quot;,False)" />
    </UnitTest>
    <UnitTest name="HashCodesAreNotEqual(System.Collections.Generic.IList`1[System.Int32],System.Collections.Generic.ICollection`1[System.Int32])" storage="/home/runner/work/typespec/typespec/packages/http-client-csharp/generator/artifacts/bin/microsoft.typespec.generator.tests/debug/net8.0/microsoft.typespec.generator.tests.dll" id="ab73acdd-95e9-5ad8-a1fc-01f362166b52">
      <Execution id="b7086bb6-2db2-4e74-9e44-d96ad97052ff" />
      <TestMethod codeBase="/home/runner/work/typespec/typespec/packages/http-client-csharp/generator/artifacts/bin/Microsoft.TypeSpec.Generator.Tests/Debug/net8.0/Microsoft.TypeSpec.Generator.Tests.dll" adapterTypeName="executor://nunit3testexecutor/" className="Microsoft.TypeSpec.Generator.Tests.Primitives.CSharpTypeTests" name="HashCodesAreNotEqual(System.Collections.Generic.IList`1[System.Int32],System.Collections.Generic.ICollection`1[System.Int32])" />
    </UnitTest>
    <UnitTest name="PreVisitsEnum" storage="/home/runner/work/typespec/typespec/packages/http-client-csharp/generator/artifacts/bin/microsoft.typespec.generator.tests/debug/net8.0/microsoft.typespec.generator.tests.dll" id="fd6ac72c-2559-1f43-5efd-6333eb448135">
      <Execution id="3ef2d255-63dd-4405-8fad-e646fc4cb5dd" />
      <TestMethod codeBase="/home/runner/work/typespec/typespec/packages/http-client-csharp/generator/artifacts/bin/Microsoft.TypeSpec.Generator.Tests/Debug/net8.0/Microsoft.TypeSpec.Generator.Tests.dll" adapterTypeName="executor://nunit3testexecutor/" className="Microsoft.TypeSpec.Generator.Tests.InputLibraryVisitorTests" name="PreVisitsEnum" />
    </UnitTest>
    <UnitTest name="TestBuildProperties_ValidatePropertySetters(Microsoft.TypeSpec.Generator.Input.InputModelProperty,string,True)" storage="/home/runner/work/typespec/typespec/packages/http-client-csharp/generator/artifacts/bin/microsoft.typespec.generator.tests/debug/net8.0/microsoft.typespec.generator.tests.dll" id="46dcdbc3-9a94-118d-ee9e-54f4a5b4a315">
      <Execution id="b8c778e4-4458-421d-a82d-d97a59308cba" />
      <TestMethod codeBase="/home/runner/work/typespec/typespec/packages/http-client-csharp/generator/artifacts/bin/Microsoft.TypeSpec.Generator.Tests/Debug/net8.0/Microsoft.TypeSpec.Generator.Tests.dll" adapterTypeName="executor://nunit3testexecutor/" className="Microsoft.TypeSpec.Generator.Tests.Providers.ModelProviders.ModelProviderTests" name="TestBuildProperties_ValidatePropertySetters(Microsoft.TypeSpec.Generator.Input.InputModelProperty,string,True)" />
    </UnitTest>
    <UnitTest name="DoesNotVisitMethodsWhenTypeIsNulledOut" storage="/home/runner/work/typespec/typespec/packages/http-client-csharp/generator/artifacts/bin/microsoft.typespec.generator.tests/debug/net8.0/microsoft.typespec.generator.tests.dll" id="ca849d53-e0a1-e7ec-36aa-de29b920565f">
      <Execution id="ae2be2c6-a2b1-41a6-bc9f-6c63fbbdbf2c" />
      <TestMethod codeBase="/home/runner/work/typespec/typespec/packages/http-client-csharp/generator/artifacts/bin/Microsoft.TypeSpec.Generator.Tests/Debug/net8.0/Microsoft.TypeSpec.Generator.Tests.dll" adapterTypeName="executor://nunit3testexecutor/" className="Microsoft.TypeSpec.Generator.Tests.OutputLibraryVisitorTests" name="DoesNotVisitMethodsWhenTypeIsNulledOut" />
    </UnitTest>
    <UnitTest name="NotEqualToFrameworkType(System.Collections.Generic.IList`1[T],System.Collections.Generic.IList`1[System.Int32])" storage="/home/runner/work/typespec/typespec/packages/http-client-csharp/generator/artifacts/bin/microsoft.typespec.generator.tests/debug/net8.0/microsoft.typespec.generator.tests.dll" id="8c7f23de-4825-a330-b941-09191ec939d3">
      <Execution id="e67b10b1-fb1a-4e31-83ca-829506bd3cca" />
      <TestMethod codeBase="/home/runner/work/typespec/typespec/packages/http-client-csharp/generator/artifacts/bin/Microsoft.TypeSpec.Generator.Tests/Debug/net8.0/Microsoft.TypeSpec.Generator.Tests.dll" adapterTypeName="executor://nunit3testexecutor/" className="Microsoft.TypeSpec.Generator.Tests.Primitives.CSharpTypeTests" name="NotEqualToFrameworkType(System.Collections.Generic.IList`1[T],System.Collections.Generic.IList`1[System.Int32])" />
    </UnitTest>
    <UnitTest name="ValidateNullableTypes(System.Nullable`1[Microsoft.TypeSpec.Generator.Tests.Primitives.CSharpTypeTests+TestStruct`1[System.Nullable`1[System.Int32]]],[int?],True)" storage="/home/runner/work/typespec/typespec/packages/http-client-csharp/generator/artifacts/bin/microsoft.typespec.generator.tests/debug/net8.0/microsoft.typespec.generator.tests.dll" id="b41d5d14-9db4-82d3-9ad6-f42ca197a12f">
      <Execution id="9bcc2bca-ef77-4bfd-9154-aca7bfbc1940" />
      <TestMethod codeBase="/home/runner/work/typespec/typespec/packages/http-client-csharp/generator/artifacts/bin/Microsoft.TypeSpec.Generator.Tests/Debug/net8.0/Microsoft.TypeSpec.Generator.Tests.dll" adapterTypeName="executor://nunit3testexecutor/" className="Microsoft.TypeSpec.Generator.Tests.Primitives.CSharpTypeTests" name="ValidateNullableTypes(System.Nullable`1[Microsoft.TypeSpec.Generator.Tests.Primitives.CSharpTypeTests+TestStruct`1[System.Nullable`1[System.Int32]]],[int?],True)" />
    </UnitTest>
    <UnitTest name="CodeGenSerializationAttributeEmitted" storage="/home/runner/work/typespec/typespec/packages/http-client-csharp/generator/artifacts/bin/microsoft.typespec.generator.tests/debug/net8.0/microsoft.typespec.generator.tests.dll" id="a915ac9c-4cbc-0417-dc03-8596623f4337">
      <Execution id="2c548c9f-8e41-4c0f-bb54-2eeb6b0184f3" />
      <TestMethod codeBase="/home/runner/work/typespec/typespec/packages/http-client-csharp/generator/artifacts/bin/Microsoft.TypeSpec.Generator.Tests/Debug/net8.0/Microsoft.TypeSpec.Generator.Tests.dll" adapterTypeName="executor://nunit3testexecutor/" className="Microsoft.TypeSpec.Generator.Tests.CustomizationAttributeTests" name="CodeGenSerializationAttributeEmitted" />
    </UnitTest>
    <UnitTest name="IsReadOnlyList(System.Collections.Generic.IList`1[T],False)" storage="/home/runner/work/typespec/typespec/packages/http-client-csharp/generator/artifacts/bin/microsoft.typespec.generator.tests/debug/net8.0/microsoft.typespec.generator.tests.dll" id="10919949-7cd9-7d31-a3b9-aca500ef147a">
      <Execution id="1b913dd7-2aba-4399-9c55-2bb87ac9ec5e" />
      <TestMethod codeBase="/home/runner/work/typespec/typespec/packages/http-client-csharp/generator/artifacts/bin/Microsoft.TypeSpec.Generator.Tests/Debug/net8.0/Microsoft.TypeSpec.Generator.Tests.dll" adapterTypeName="executor://nunit3testexecutor/" className="Microsoft.TypeSpec.Generator.Tests.Primitives.CSharpTypeTests" name="IsReadOnlyList(System.Collections.Generic.IList`1[T],False)" />
    </UnitTest>
    <UnitTest name="DerivedUsesExpressionBodyPropertyWhenNarrowed" storage="/home/runner/work/typespec/typespec/packages/http-client-csharp/generator/artifacts/bin/microsoft.typespec.generator.tests/debug/net8.0/microsoft.typespec.generator.tests.dll" id="05ca333e-1e37-fa77-0589-78d191bd21f4">
      <Execution id="150c688d-bd21-4ec6-a500-f3e01e8496fc" />
      <TestMethod codeBase="/home/runner/work/typespec/typespec/packages/http-client-csharp/generator/artifacts/bin/Microsoft.TypeSpec.Generator.Tests/Debug/net8.0/Microsoft.TypeSpec.Generator.Tests.dll" adapterTypeName="executor://nunit3testexecutor/" className="Microsoft.TypeSpec.Generator.Tests.Providers.ModelProviders.ModelProviderTests" name="DerivedUsesExpressionBodyPropertyWhenNarrowed" />
    </UnitTest>
    <UnitTest name="TestIsCSharpKeyword(&quot;this&quot;,True)" storage="/home/runner/work/typespec/typespec/packages/http-client-csharp/generator/artifacts/bin/microsoft.typespec.generator.tests/debug/net8.0/microsoft.typespec.generator.tests.dll" id="32867f33-873c-055e-5be2-a3beec6f0a0a">
      <Execution id="f9fbf802-a3e8-4bc6-ae28-308f628b5d2e" />
      <TestMethod codeBase="/home/runner/work/typespec/typespec/packages/http-client-csharp/generator/artifacts/bin/Microsoft.TypeSpec.Generator.Tests/Debug/net8.0/Microsoft.TypeSpec.Generator.Tests.dll" adapterTypeName="executor://nunit3testexecutor/" className="Microsoft.TypeSpec.Generator.Tests.Utilities.StringExtensionsTests" name="TestIsCSharpKeyword(&quot;this&quot;,True)" />
    </UnitTest>
    <UnitTest name="FinallyStatementWithMultipleLineBody" storage="/home/runner/work/typespec/typespec/packages/http-client-csharp/generator/artifacts/bin/microsoft.typespec.generator.tests/debug/net8.0/microsoft.typespec.generator.tests.dll" id="27f495c0-a85b-03c6-c5ad-db73bb996ca9">
      <Execution id="ca4800f5-7609-41a0-8159-0ccc4358eecf" />
      <TestMethod codeBase="/home/runner/work/typespec/typespec/packages/http-client-csharp/generator/artifacts/bin/Microsoft.TypeSpec.Generator.Tests/Debug/net8.0/Microsoft.TypeSpec.Generator.Tests.dll" adapterTypeName="executor://nunit3testexecutor/" className="Microsoft.TypeSpec.Generator.Tests.Statements.StatementTests" name="FinallyStatementWithMultipleLineBody" />
    </UnitTest>
    <UnitTest name="SwitchStatementEnumeratingCases" storage="/home/runner/work/typespec/typespec/packages/http-client-csharp/generator/artifacts/bin/microsoft.typespec.generator.tests/debug/net8.0/microsoft.typespec.generator.tests.dll" id="58fd8b43-652d-5b59-d404-5219bfb48dc4">
      <Execution id="450157c4-38ce-4652-99ad-436dabbe5b01" />
      <TestMethod codeBase="/home/runner/work/typespec/typespec/packages/http-client-csharp/generator/artifacts/bin/Microsoft.TypeSpec.Generator.Tests/Debug/net8.0/Microsoft.TypeSpec.Generator.Tests.dll" adapterTypeName="executor://nunit3testexecutor/" className="Microsoft.TypeSpec.Generator.Tests.Statements.StatementTests" name="SwitchStatementEnumeratingCases" />
    </UnitTest>
    <UnitTest name="ValidateString" storage="/home/runner/work/typespec/typespec/packages/http-client-csharp/generator/artifacts/bin/microsoft.typespec.generator.tests/debug/net8.0/microsoft.typespec.generator.tests.dll" id="ae60ce96-2a23-7960-98da-758a2ef4dcc2">
      <Execution id="3615a0d9-6621-457b-9d8b-3520b3a5ef2b" />
      <TestMethod codeBase="/home/runner/work/typespec/typespec/packages/http-client-csharp/generator/artifacts/bin/Microsoft.TypeSpec.Generator.Tests/Debug/net8.0/Microsoft.TypeSpec.Generator.Tests.dll" adapterTypeName="executor://nunit3testexecutor/" className="Microsoft.TypeSpec.Generator.Tests.Snippets.SnippetTests" name="ValidateString" />
    </UnitTest>
    <UnitTest name="ValidateNullableTypes(System.Guid,[],False)" storage="/home/runner/work/typespec/typespec/packages/http-client-csharp/generator/artifacts/bin/microsoft.typespec.generator.tests/debug/net8.0/microsoft.typespec.generator.tests.dll" id="247f928b-316a-0f4f-31ea-10aeb575bfe1">
      <Execution id="7a92ceb0-b734-46f5-9315-7d281bdad770" />
      <TestMethod codeBase="/home/runner/work/typespec/typespec/packages/http-client-csharp/generator/artifacts/bin/Microsoft.TypeSpec.Generator.Tests/Debug/net8.0/Microsoft.TypeSpec.Generator.Tests.dll" adapterTypeName="executor://nunit3testexecutor/" className="Microsoft.TypeSpec.Generator.Tests.Primitives.CSharpTypeTests" name="ValidateNullableTypes(System.Guid,[],False)" />
    </UnitTest>
    <UnitTest name="GetElementType_ReadOnlyMemory" storage="/home/runner/work/typespec/typespec/packages/http-client-csharp/generator/artifacts/bin/microsoft.typespec.generator.tests/debug/net8.0/microsoft.typespec.generator.tests.dll" id="d7dda8eb-22f6-cb6e-895d-54644281133c">
      <Execution id="3d325008-6d3b-4bdb-8bbb-c168ec388b9a" />
      <TestMethod codeBase="/home/runner/work/typespec/typespec/packages/http-client-csharp/generator/artifacts/bin/Microsoft.TypeSpec.Generator.Tests/Debug/net8.0/Microsoft.TypeSpec.Generator.Tests.dll" adapterTypeName="executor://nunit3testexecutor/" className="Microsoft.TypeSpec.Generator.Tests.Primitives.CSharpTypeTests" name="GetElementType_ReadOnlyMemory" />
    </UnitTest>
    <UnitTest name="EqualToFrameworkType(System.Collections.Generic.IList`1[System.Int32])" storage="/home/runner/work/typespec/typespec/packages/http-client-csharp/generator/artifacts/bin/microsoft.typespec.generator.tests/debug/net8.0/microsoft.typespec.generator.tests.dll" id="dbbc46fc-2f8c-eaad-1ad7-99c0d1b206f4">
      <Execution id="1cde8928-3e2d-413f-a6b3-75c52bd394f6" />
      <TestMethod codeBase="/home/runner/work/typespec/typespec/packages/http-client-csharp/generator/artifacts/bin/Microsoft.TypeSpec.Generator.Tests/Debug/net8.0/Microsoft.TypeSpec.Generator.Tests.dll" adapterTypeName="executor://nunit3testexecutor/" className="Microsoft.TypeSpec.Generator.Tests.Primitives.CSharpTypeTests" name="EqualToFrameworkType(System.Collections.Generic.IList`1[System.Int32])" />
    </UnitTest>
    <UnitTest name="AssignmentExpression" storage="/home/runner/work/typespec/typespec/packages/http-client-csharp/generator/artifacts/bin/microsoft.typespec.generator.tests/debug/net8.0/microsoft.typespec.generator.tests.dll" id="e6141757-1949-33fd-9164-ebe2f3c18056">
      <Execution id="8c95e65b-de7b-41fb-ba4c-d0945bb635dd" />
      <TestMethod codeBase="/home/runner/work/typespec/typespec/packages/http-client-csharp/generator/artifacts/bin/Microsoft.TypeSpec.Generator.Tests/Debug/net8.0/Microsoft.TypeSpec.Generator.Tests.dll" adapterTypeName="executor://nunit3testexecutor/" className="Microsoft.TypeSpec.Generator.Tests.Expressions.AssignmentExpressionTests" name="AssignmentExpression" />
    </UnitTest>
    <UnitTest name="CodeGenSuppressAttributeEmitted" storage="/home/runner/work/typespec/typespec/packages/http-client-csharp/generator/artifacts/bin/microsoft.typespec.generator.tests/debug/net8.0/microsoft.typespec.generator.tests.dll" id="b86743f7-46c6-e9bc-1592-f2d49757a1d2">
      <Execution id="eef68b36-e2e2-44a5-a45e-f7c499e690ab" />
      <TestMethod codeBase="/home/runner/work/typespec/typespec/packages/http-client-csharp/generator/artifacts/bin/Microsoft.TypeSpec.Generator.Tests/Debug/net8.0/Microsoft.TypeSpec.Generator.Tests.dll" adapterTypeName="executor://nunit3testexecutor/" className="Microsoft.TypeSpec.Generator.Tests.CustomizationAttributeTests" name="CodeGenSuppressAttributeEmitted" />
    </UnitTest>
    <UnitTest name="CanCustomizeModelFullConstructor(False)" storage="/home/runner/work/typespec/typespec/packages/http-client-csharp/generator/artifacts/bin/microsoft.typespec.generator.tests/debug/net8.0/microsoft.typespec.generator.tests.dll" id="a56ddb79-3317-b80b-98c4-2292384250b4">
      <Execution id="9152d608-4ef5-45ac-b227-b70ff58150bc" />
      <TestMethod codeBase="/home/runner/work/typespec/typespec/packages/http-client-csharp/generator/artifacts/bin/Microsoft.TypeSpec.Generator.Tests/Debug/net8.0/Microsoft.TypeSpec.Generator.Tests.dll" adapterTypeName="executor://nunit3testexecutor/" className="Microsoft.TypeSpec.Generator.Tests.Providers.ModelFactories.ModelFactoriesCustomizationTests" name="CanCustomizeModelFullConstructor(False)" />
    </UnitTest>
    <UnitTest name="UnreferencedTypeHandling(&quot;internalize&quot;)" storage="/home/runner/work/typespec/typespec/packages/http-client-csharp/generator/artifacts/bin/microsoft.typespec.generator.tests/debug/net8.0/microsoft.typespec.generator.tests.dll" id="b1ea02bb-c410-8851-b718-5c2f496a74f6">
      <Execution id="0760aaa0-7db2-4df3-b0e5-a11355b16149" />
      <TestMethod codeBase="/home/runner/work/typespec/typespec/packages/http-client-csharp/generator/artifacts/bin/Microsoft.TypeSpec.Generator.Tests/Debug/net8.0/Microsoft.TypeSpec.Generator.Tests.dll" adapterTypeName="executor://nunit3testexecutor/" className="Microsoft.TypeSpec.Generator.Tests.ConfigurationTests" name="UnreferencedTypeHandling(&quot;internalize&quot;)" />
    </UnitTest>
    <UnitTest name="DiscriminatorEnumParamShape" storage="/home/runner/work/typespec/typespec/packages/http-client-csharp/generator/artifacts/bin/microsoft.typespec.generator.tests/debug/net8.0/microsoft.typespec.generator.tests.dll" id="928f080a-2ca5-1016-2506-1535fb3977cd">
      <Execution id="56c8df50-79d6-4573-822c-05bd68b10f71" />
      <TestMethod codeBase="/home/runner/work/typespec/typespec/packages/http-client-csharp/generator/artifacts/bin/Microsoft.TypeSpec.Generator.Tests/Debug/net8.0/Microsoft.TypeSpec.Generator.Tests.dll" adapterTypeName="executor://nunit3testexecutor/" className="Microsoft.TypeSpec.Generator.Tests.Providers.ModelFactories.ModelFactoryProviderTests" name="DiscriminatorEnumParamShape" />
    </UnitTest>
    <UnitTest name="TestBreakLines_FormatSpecifierInArg" storage="/home/runner/work/typespec/typespec/packages/http-client-csharp/generator/artifacts/bin/microsoft.typespec.generator.tests/debug/net8.0/microsoft.typespec.generator.tests.dll" id="047897f4-dbdf-d695-96c6-b995af803b8e">
      <Execution id="3e521d86-2bcc-41d6-90b9-7954aacc0026" />
      <TestMethod codeBase="/home/runner/work/typespec/typespec/packages/http-client-csharp/generator/artifacts/bin/Microsoft.TypeSpec.Generator.Tests/Debug/net8.0/Microsoft.TypeSpec.Generator.Tests.dll" adapterTypeName="executor://nunit3testexecutor/" className="Microsoft.TypeSpec.Generator.Tests.Utilities.FormattableStringHelpersTests" name="TestBreakLines_FormatSpecifierInArg" />
    </UnitTest>
    <UnitTest name="EqualToFrameworkType(System.Collections.Generic.IDictionary`2[System.Collections.Generic.IDictionary`2[System.Int32,System.String],System.Collections.Generic.IDictionary`2[System.String,System.Int32]])" storage="/home/runner/work/typespec/typespec/packages/http-client-csharp/generator/artifacts/bin/microsoft.typespec.generator.tests/debug/net8.0/microsoft.typespec.generator.tests.dll" id="44b1d068-c95b-4b39-daad-8af25da5f591">
      <Execution id="d68943e3-d83b-4a80-85a1-962bd7ab2d16" />
      <TestMethod codeBase="/home/runner/work/typespec/typespec/packages/http-client-csharp/generator/artifacts/bin/Microsoft.TypeSpec.Generator.Tests/Debug/net8.0/Microsoft.TypeSpec.Generator.Tests.dll" adapterTypeName="executor://nunit3testexecutor/" className="Microsoft.TypeSpec.Generator.Tests.Primitives.CSharpTypeTests" name="EqualToFrameworkType(System.Collections.Generic.IDictionary`2[System.Collections.Generic.IDictionary`2[System.Int32,System.String],System.Collections.Generic.IDictionary`2[System.String,System.Int32]])" />
    </UnitTest>
    <UnitTest name="BodyHasSetterValidation(&quot;readOnlyString&quot;,Microsoft.TypeSpec.Generator.Input.InputModelType,False,null)" storage="/home/runner/work/typespec/typespec/packages/http-client-csharp/generator/artifacts/bin/microsoft.typespec.generator.tests/debug/net8.0/microsoft.typespec.generator.tests.dll" id="2c12d7fd-8a2e-6665-485d-62246fe5579a">
      <Execution id="b0f6a03a-aeda-44c7-b010-3578f2e4aaa9" />
      <TestMethod codeBase="/home/runner/work/typespec/typespec/packages/http-client-csharp/generator/artifacts/bin/Microsoft.TypeSpec.Generator.Tests/Debug/net8.0/Microsoft.TypeSpec.Generator.Tests.dll" adapterTypeName="executor://nunit3testexecutor/" className="Microsoft.TypeSpec.Generator.Tests.Providers.PropertyProviderTests" name="BodyHasSetterValidation(&quot;readOnlyString&quot;,Microsoft.TypeSpec.Generator.Input.InputModelType,False,null)" />
    </UnitTest>
    <UnitTest name="TestIsCSharpKeyword(&quot;catch&quot;,True)" storage="/home/runner/work/typespec/typespec/packages/http-client-csharp/generator/artifacts/bin/microsoft.typespec.generator.tests/debug/net8.0/microsoft.typespec.generator.tests.dll" id="e4533c6c-cf44-9409-0bf0-ba815e23e9b7">
      <Execution id="60e62980-88cd-4232-b6bc-e6d5c4bf3b45" />
      <TestMethod codeBase="/home/runner/work/typespec/typespec/packages/http-client-csharp/generator/artifacts/bin/Microsoft.TypeSpec.Generator.Tests/Debug/net8.0/Microsoft.TypeSpec.Generator.Tests.dll" adapterTypeName="executor://nunit3testexecutor/" className="Microsoft.TypeSpec.Generator.Tests.Utilities.StringExtensionsTests" name="TestIsCSharpKeyword(&quot;catch&quot;,True)" />
    </UnitTest>
    <UnitTest name="TestBreakLines_LiteralCloseBrace" storage="/home/runner/work/typespec/typespec/packages/http-client-csharp/generator/artifacts/bin/microsoft.typespec.generator.tests/debug/net8.0/microsoft.typespec.generator.tests.dll" id="86767825-956f-aa8f-4968-e740336c9aa5">
      <Execution id="e103aa5c-755b-494c-bb31-78e01df62a55" />
      <TestMethod codeBase="/home/runner/work/typespec/typespec/packages/http-client-csharp/generator/artifacts/bin/Microsoft.TypeSpec.Generator.Tests/Debug/net8.0/Microsoft.TypeSpec.Generator.Tests.dll" adapterTypeName="executor://nunit3testexecutor/" className="Microsoft.TypeSpec.Generator.Tests.Utilities.FormattableStringHelpersTests" name="TestBreakLines_LiteralCloseBrace" />
    </UnitTest>
    <UnitTest name="CanChangeVariableExpression" storage="/home/runner/work/typespec/typespec/packages/http-client-csharp/generator/artifacts/bin/microsoft.typespec.generator.tests/debug/net8.0/microsoft.typespec.generator.tests.dll" id="2aced093-2a6f-e352-05e1-094b8ca32711">
      <Execution id="73bf1444-cd30-43fa-9d42-907e4bd74d99" />
      <TestMethod codeBase="/home/runner/work/typespec/typespec/packages/http-client-csharp/generator/artifacts/bin/Microsoft.TypeSpec.Generator.Tests/Debug/net8.0/Microsoft.TypeSpec.Generator.Tests.dll" adapterTypeName="executor://nunit3testexecutor/" className="Microsoft.TypeSpec.Generator.Tests.Expressions.ExpressionVisitorTests" name="CanChangeVariableExpression" />
    </UnitTest>
    <UnitTest name="CanRemoveConstructorContainingGeneratedType" storage="/home/runner/work/typespec/typespec/packages/http-client-csharp/generator/artifacts/bin/microsoft.typespec.generator.tests/debug/net8.0/microsoft.typespec.generator.tests.dll" id="d83e331a-6182-870f-673e-6fa3094220de">
      <Execution id="76aa19a6-1dcc-4eca-a7df-10d345c4eb02" />
      <TestMethod codeBase="/home/runner/work/typespec/typespec/packages/http-client-csharp/generator/artifacts/bin/Microsoft.TypeSpec.Generator.Tests/Debug/net8.0/Microsoft.TypeSpec.Generator.Tests.dll" adapterTypeName="executor://nunit3testexecutor/" className="Microsoft.TypeSpec.Generator.Tests.Providers.ModelProviders.ClientCustomizationTests" name="CanRemoveConstructorContainingGeneratedType" />
    </UnitTest>
    <UnitTest name="TestIsCSharpKeyword(&quot;char&quot;,True)" storage="/home/runner/work/typespec/typespec/packages/http-client-csharp/generator/artifacts/bin/microsoft.typespec.generator.tests/debug/net8.0/microsoft.typespec.generator.tests.dll" id="d36eaaf9-365f-b70a-5ce1-c881529024e6">
      <Execution id="85c1df21-d212-4593-b73e-34fd1a6054be" />
      <TestMethod codeBase="/home/runner/work/typespec/typespec/packages/http-client-csharp/generator/artifacts/bin/Microsoft.TypeSpec.Generator.Tests/Debug/net8.0/Microsoft.TypeSpec.Generator.Tests.dll" adapterTypeName="executor://nunit3testexecutor/" className="Microsoft.TypeSpec.Generator.Tests.Utilities.StringExtensionsTests" name="TestIsCSharpKeyword(&quot;char&quot;,True)" />
    </UnitTest>
    <UnitTest name="IsReadWriteList(System.Collections.Generic.IReadOnlyList`1[T],False)" storage="/home/runner/work/typespec/typespec/packages/http-client-csharp/generator/artifacts/bin/microsoft.typespec.generator.tests/debug/net8.0/microsoft.typespec.generator.tests.dll" id="701480bc-794c-e347-f8dc-b70bf5187b01">
      <Execution id="fe2c572b-0eee-4081-a392-eb855f858911" />
      <TestMethod codeBase="/home/runner/work/typespec/typespec/packages/http-client-csharp/generator/artifacts/bin/Microsoft.TypeSpec.Generator.Tests/Debug/net8.0/Microsoft.TypeSpec.Generator.Tests.dll" adapterTypeName="executor://nunit3testexecutor/" className="Microsoft.TypeSpec.Generator.Tests.Primitives.CSharpTypeTests" name="IsReadWriteList(System.Collections.Generic.IReadOnlyList`1[T],False)" />
    </UnitTest>
    <UnitTest name="TestIsCSharpKeyword(&quot;nameof&quot;,True)" storage="/home/runner/work/typespec/typespec/packages/http-client-csharp/generator/artifacts/bin/microsoft.typespec.generator.tests/debug/net8.0/microsoft.typespec.generator.tests.dll" id="8771b944-e50b-4cd8-1411-3ff539561cbb">
      <Execution id="a6d3a6eb-f288-4053-a0eb-38f2a379e35d" />
      <TestMethod codeBase="/home/runner/work/typespec/typespec/packages/http-client-csharp/generator/artifacts/bin/Microsoft.TypeSpec.Generator.Tests/Debug/net8.0/Microsoft.TypeSpec.Generator.Tests.dll" adapterTypeName="executor://nunit3testexecutor/" className="Microsoft.TypeSpec.Generator.Tests.Utilities.StringExtensionsTests" name="TestIsCSharpKeyword(&quot;nameof&quot;,True)" />
    </UnitTest>
    <UnitTest name="DoesNotRemoveMethodsThatDoNotMatch" storage="/home/runner/work/typespec/typespec/packages/http-client-csharp/generator/artifacts/bin/microsoft.typespec.generator.tests/debug/net8.0/microsoft.typespec.generator.tests.dll" id="0b5b322e-e6b9-b53b-ee88-d28c8e0125c9">
      <Execution id="cea80723-e961-4b59-bc46-9196d7bc7fca" />
      <TestMethod codeBase="/home/runner/work/typespec/typespec/packages/http-client-csharp/generator/artifacts/bin/Microsoft.TypeSpec.Generator.Tests/Debug/net8.0/Microsoft.TypeSpec.Generator.Tests.dll" adapterTypeName="executor://nunit3testexecutor/" className="Microsoft.TypeSpec.Generator.Tests.Providers.ModelProviders.ClientCustomizationTests" name="DoesNotRemoveMethodsThatDoNotMatch" />
    </UnitTest>
    <UnitTest name="ValidateScope" storage="/home/runner/work/typespec/typespec/packages/http-client-csharp/generator/artifacts/bin/microsoft.typespec.generator.tests/debug/net8.0/microsoft.typespec.generator.tests.dll" id="b0a2d587-6bb7-b9cd-98e2-4e8794ebff1f">
      <Execution id="f117733c-781b-4bca-ab67-ada9f73194f4" />
      <TestMethod codeBase="/home/runner/work/typespec/typespec/packages/http-client-csharp/generator/artifacts/bin/Microsoft.TypeSpec.Generator.Tests/Debug/net8.0/Microsoft.TypeSpec.Generator.Tests.dll" adapterTypeName="executor://nunit3testexecutor/" className="Microsoft.TypeSpec.Generator.Tests.Providers.ConstructorProviderTests" name="ValidateScope" />
    </UnitTest>
    <UnitTest name="TestBuildFields(False,False)" storage="/home/runner/work/typespec/typespec/packages/http-client-csharp/generator/artifacts/bin/microsoft.typespec.generator.tests/debug/net8.0/microsoft.typespec.generator.tests.dll" id="01f1813e-f675-c996-b8ea-5d1bca3b327d">
      <Execution id="720f9acb-8118-41b8-8473-01d924da3989" />
      <TestMethod codeBase="/home/runner/work/typespec/typespec/packages/http-client-csharp/generator/artifacts/bin/Microsoft.TypeSpec.Generator.Tests/Debug/net8.0/Microsoft.TypeSpec.Generator.Tests.dll" adapterTypeName="executor://nunit3testexecutor/" className="Microsoft.TypeSpec.Generator.Tests.Providers.ModelProviders.ModelProviderTests" name="TestBuildFields(False,False)" />
    </UnitTest>
    <UnitTest name="TestDebug()" storage="/home/runner/work/typespec/typespec/packages/http-client-csharp/generator/artifacts/bin/microsoft.typespec.generator.tests/debug/net8.0/microsoft.typespec.generator.tests.dll" id="7aff9321-daf7-b692-cf25-44ce506ab0ca">
      <Execution id="cea935b9-3d43-4bed-a5c2-e14327e8347c" />
      <TestMethod codeBase="/home/runner/work/typespec/typespec/packages/http-client-csharp/generator/artifacts/bin/Microsoft.TypeSpec.Generator.Tests/Debug/net8.0/Microsoft.TypeSpec.Generator.Tests.dll" adapterTypeName="executor://nunit3testexecutor/" className="Microsoft.TypeSpec.Generator.Tests.EmitterRpc.EmitterTests" name="TestDebug()" />
    </UnitTest>
    <UnitTest name="IntSerializationFormat(Int32,&quot;string&quot;)" storage="/home/runner/work/typespec/typespec/packages/http-client-csharp/generator/artifacts/bin/microsoft.typespec.generator.tests/debug/net8.0/microsoft.typespec.generator.tests.dll" id="591c9942-2970-8e99-2318-857d33506a92">
      <Execution id="31032aac-209d-4b2d-82e2-a179ae5451fb" />
      <TestMethod codeBase="/home/runner/work/typespec/typespec/packages/http-client-csharp/generator/artifacts/bin/Microsoft.TypeSpec.Generator.Tests/Debug/net8.0/Microsoft.TypeSpec.Generator.Tests.dll" adapterTypeName="executor://nunit3testexecutor/" className="Microsoft.TypeSpec.Generator.Tests.TypeFactoryTests" name="IntSerializationFormat(Int32,&quot;string&quot;)" />
    </UnitTest>
    <UnitTest name="ScopeStoredOnceInSameBlock" storage="/home/runner/work/typespec/typespec/packages/http-client-csharp/generator/artifacts/bin/microsoft.typespec.generator.tests/debug/net8.0/microsoft.typespec.generator.tests.dll" id="483288a8-d0a2-64bb-409d-d76b11e5343a">
      <Execution id="0c2d3e6f-315d-49d1-bf0f-ec4f5aa543cf" />
      <TestMethod codeBase="/home/runner/work/typespec/typespec/packages/http-client-csharp/generator/artifacts/bin/Microsoft.TypeSpec.Generator.Tests/Debug/net8.0/Microsoft.TypeSpec.Generator.Tests.dll" adapterTypeName="executor://nunit3testexecutor/" className="Microsoft.TypeSpec.Generator.Tests.Writers.CodeWriterDeclarationTests" name="ScopeStoredOnceInSameBlock" />
    </UnitTest>
    <UnitTest name="ModelFactoryName" storage="/home/runner/work/typespec/typespec/packages/http-client-csharp/generator/artifacts/bin/microsoft.typespec.generator.tests/debug/net8.0/microsoft.typespec.generator.tests.dll" id="147ed72c-94aa-9837-ccfc-800bae76e1c0">
      <Execution id="74dd7bf1-34c5-4d1d-9a2c-c53ecefb0316" />
      <TestMethod codeBase="/home/runner/work/typespec/typespec/packages/http-client-csharp/generator/artifacts/bin/Microsoft.TypeSpec.Generator.Tests/Debug/net8.0/Microsoft.TypeSpec.Generator.Tests.dll" adapterTypeName="executor://nunit3testexecutor/" className="Microsoft.TypeSpec.Generator.Tests.Providers.ModelFactories.ModelFactoryProviderTests" name="ModelFactoryName" />
    </UnitTest>
    <UnitTest name="TestToApiVersionValue(&quot;V1_0_0_Alpha&quot;,&quot;1-0-0-alpha&quot;)" storage="/home/runner/work/typespec/typespec/packages/http-client-csharp/generator/artifacts/bin/microsoft.typespec.generator.tests/debug/net8.0/microsoft.typespec.generator.tests.dll" id="64dba5e6-e4e2-6bd2-0a47-e237fafea9f7">
      <Execution id="d6f302e2-0ad3-4b6d-acf3-a68ad2e8c38c" />
      <TestMethod codeBase="/home/runner/work/typespec/typespec/packages/http-client-csharp/generator/artifacts/bin/Microsoft.TypeSpec.Generator.Tests/Debug/net8.0/Microsoft.TypeSpec.Generator.Tests.dll" adapterTypeName="executor://nunit3testexecutor/" className="Microsoft.TypeSpec.Generator.Tests.Utilities.StringExtensionsTests" name="TestToApiVersionValue(&quot;V1_0_0_Alpha&quot;,&quot;1-0-0-alpha&quot;)" />
    </UnitTest>
    <UnitTest name="HashCodesAreNotEqual(System.Collections.Generic.IList`1[T],System.Collections.Generic.IList`1[System.Int32])" storage="/home/runner/work/typespec/typespec/packages/http-client-csharp/generator/artifacts/bin/microsoft.typespec.generator.tests/debug/net8.0/microsoft.typespec.generator.tests.dll" id="fe8c4e40-243c-dad9-951e-88123b66df02">
      <Execution id="5494b478-7ac2-4ea5-95aa-81aa14b7a60a" />
      <TestMethod codeBase="/home/runner/work/typespec/typespec/packages/http-client-csharp/generator/artifacts/bin/Microsoft.TypeSpec.Generator.Tests/Debug/net8.0/Microsoft.TypeSpec.Generator.Tests.dll" adapterTypeName="executor://nunit3testexecutor/" className="Microsoft.TypeSpec.Generator.Tests.Primitives.CSharpTypeTests" name="HashCodesAreNotEqual(System.Collections.Generic.IList`1[T],System.Collections.Generic.IList`1[System.Int32])" />
    </UnitTest>
    <UnitTest name="TestIsCSharpKeyword(&quot;lock&quot;,True)" storage="/home/runner/work/typespec/typespec/packages/http-client-csharp/generator/artifacts/bin/microsoft.typespec.generator.tests/debug/net8.0/microsoft.typespec.generator.tests.dll" id="a09333b2-f10a-bc2b-8099-668cd5240c5d">
      <Execution id="43835aca-2735-49d5-9be7-bb00a59d4eee" />
      <TestMethod codeBase="/home/runner/work/typespec/typespec/packages/http-client-csharp/generator/artifacts/bin/Microsoft.TypeSpec.Generator.Tests/Debug/net8.0/Microsoft.TypeSpec.Generator.Tests.dll" adapterTypeName="executor://nunit3testexecutor/" className="Microsoft.TypeSpec.Generator.Tests.Utilities.StringExtensionsTests" name="TestIsCSharpKeyword(&quot;lock&quot;,True)" />
    </UnitTest>
    <UnitTest name="BuildEnumType_ValidateApiVersionEnum()" storage="/home/runner/work/typespec/typespec/packages/http-client-csharp/generator/artifacts/bin/microsoft.typespec.generator.tests/debug/net8.0/microsoft.typespec.generator.tests.dll" id="d6ab8784-a562-88ce-de27-5ea7dc59536d">
      <Execution id="aa5cc4d5-bdab-40c4-b1a5-d1f188c03cd9" />
      <TestMethod codeBase="/home/runner/work/typespec/typespec/packages/http-client-csharp/generator/artifacts/bin/Microsoft.TypeSpec.Generator.Tests/Debug/net8.0/Microsoft.TypeSpec.Generator.Tests.dll" adapterTypeName="executor://nunit3testexecutor/" className="Microsoft.TypeSpec.Generator.Tests.Providers.EnumProviderTests" name="BuildEnumType_ValidateApiVersionEnum()" />
    </UnitTest>
    <UnitTest name="TestBuildSecondaryConstructor(True)" storage="/home/runner/work/typespec/typespec/packages/http-client-csharp/generator/artifacts/bin/microsoft.typespec.generator.tests/debug/net8.0/microsoft.typespec.generator.tests.dll" id="ebe1cb31-9c82-dbb6-a15e-a7ddeb2e1d02">
      <Execution id="18df2736-39a9-49a2-9eba-b49c0460b21f" />
      <TestMethod codeBase="/home/runner/work/typespec/typespec/packages/http-client-csharp/generator/artifacts/bin/Microsoft.TypeSpec.Generator.Tests/Debug/net8.0/Microsoft.TypeSpec.Generator.Tests.dll" adapterTypeName="executor://nunit3testexecutor/" className="Microsoft.TypeSpec.Generator.Tests.Providers.ModelProviders.ModelProviderTests" name="TestBuildSecondaryConstructor(True)" />
    </UnitTest>
    <UnitTest name="TestInitialize" storage="/home/runner/work/typespec/typespec/packages/http-client-csharp/generator/artifacts/bin/microsoft.typespec.generator.tests/debug/net8.0/microsoft.typespec.generator.tests.dll" id="033d4d5e-95f6-b1c3-e77b-5a087cc7f433">
      <Execution id="d93f0823-8f29-402f-8d9b-1a1632c08ad1" />
      <TestMethod codeBase="/home/runner/work/typespec/typespec/packages/http-client-csharp/generator/artifacts/bin/Microsoft.TypeSpec.Generator.Tests/Debug/net8.0/Microsoft.TypeSpec.Generator.Tests.dll" adapterTypeName="executor://nunit3testexecutor/" className="Microsoft.TypeSpec.Generator.Tests.ConfigurationTests" name="TestInitialize" />
    </UnitTest>
    <UnitTest name="NotEqualToFrameworkType(System.Collections.Generic.IDictionary`2[System.Int32,System.String],System.Collections.Generic.IDictionary`2[System.String,System.Int32])" storage="/home/runner/work/typespec/typespec/packages/http-client-csharp/generator/artifacts/bin/microsoft.typespec.generator.tests/debug/net8.0/microsoft.typespec.generator.tests.dll" id="474ce8e7-95be-0f6b-ada6-532566f43080">
      <Execution id="d9717f40-0278-4976-9f18-f218db2241e0" />
      <TestMethod codeBase="/home/runner/work/typespec/typespec/packages/http-client-csharp/generator/artifacts/bin/Microsoft.TypeSpec.Generator.Tests/Debug/net8.0/Microsoft.TypeSpec.Generator.Tests.dll" adapterTypeName="executor://nunit3testexecutor/" className="Microsoft.TypeSpec.Generator.Tests.Primitives.CSharpTypeTests" name="NotEqualToFrameworkType(System.Collections.Generic.IDictionary`2[System.Int32,System.String],System.Collections.Generic.IDictionary`2[System.String,System.Int32])" />
    </UnitTest>
    <UnitTest name="SystemTypeOperatorTestNotEqual(System.Int32,System.Collections.Generic.IList`1[System.Int32])" storage="/home/runner/work/typespec/typespec/packages/http-client-csharp/generator/artifacts/bin/microsoft.typespec.generator.tests/debug/net8.0/microsoft.typespec.generator.tests.dll" id="a446c41e-a2d7-c61d-3fb5-258c083bd6cf">
      <Execution id="a278cac4-e72e-4ecc-94f0-906583dde8fb" />
      <TestMethod codeBase="/home/runner/work/typespec/typespec/packages/http-client-csharp/generator/artifacts/bin/Microsoft.TypeSpec.Generator.Tests/Debug/net8.0/Microsoft.TypeSpec.Generator.Tests.dll" adapterTypeName="executor://nunit3testexecutor/" className="Microsoft.TypeSpec.Generator.Tests.Expressions.ValueExpressionTests" name="SystemTypeOperatorTestNotEqual(System.Int32,System.Collections.Generic.IList`1[System.Int32])" />
    </UnitTest>
    <UnitTest name="TestBuildProperties_ValidatePropertySetters(Microsoft.TypeSpec.Generator.Input.InputModelProperty,string,False)" storage="/home/runner/work/typespec/typespec/packages/http-client-csharp/generator/artifacts/bin/microsoft.typespec.generator.tests/debug/net8.0/microsoft.typespec.generator.tests.dll" id="b59faecf-6f2e-dbb5-b5da-4e8c965aa622">
      <Execution id="a62d50a7-6d1f-492f-a726-765349b88e1f" />
      <TestMethod codeBase="/home/runner/work/typespec/typespec/packages/http-client-csharp/generator/artifacts/bin/Microsoft.TypeSpec.Generator.Tests/Debug/net8.0/Microsoft.TypeSpec.Generator.Tests.dll" adapterTypeName="executor://nunit3testexecutor/" className="Microsoft.TypeSpec.Generator.Tests.Providers.ModelProviders.ModelProviderTests" name="TestBuildProperties_ValidatePropertySetters(Microsoft.TypeSpec.Generator.Input.InputModelProperty,string,False)" />
    </UnitTest>
    <UnitTest name="TypeChangeNarrowPropertyHasNewKeyWord" storage="/home/runner/work/typespec/typespec/packages/http-client-csharp/generator/artifacts/bin/microsoft.typespec.generator.tests/debug/net8.0/microsoft.typespec.generator.tests.dll" id="c4b5614e-f225-4d29-b459-a865e1a4493a">
      <Execution id="6bb8b3d3-3a1c-4362-a63b-aa926e82107d" />
      <TestMethod codeBase="/home/runner/work/typespec/typespec/packages/http-client-csharp/generator/artifacts/bin/Microsoft.TypeSpec.Generator.Tests/Debug/net8.0/Microsoft.TypeSpec.Generator.Tests.dll" adapterTypeName="executor://nunit3testexecutor/" className="Microsoft.TypeSpec.Generator.Tests.Providers.ModelProviders.ModelProviderTests" name="TypeChangeNarrowPropertyHasNewKeyWord" />
    </UnitTest>
    <UnitTest name="CanChangeFrameworkTypeToCustomEnum" storage="/home/runner/work/typespec/typespec/packages/http-client-csharp/generator/artifacts/bin/microsoft.typespec.generator.tests/debug/net8.0/microsoft.typespec.generator.tests.dll" id="7931a1f1-556c-d72b-5e33-a8475a65aefc">
      <Execution id="1d3917fe-0ad8-428d-a440-b6b393cb5b35" />
      <TestMethod codeBase="/home/runner/work/typespec/typespec/packages/http-client-csharp/generator/artifacts/bin/Microsoft.TypeSpec.Generator.Tests/Debug/net8.0/Microsoft.TypeSpec.Generator.Tests.dll" adapterTypeName="executor://nunit3testexecutor/" className="Microsoft.TypeSpec.Generator.Tests.Providers.ModelProviders.ModelCustomizationTests" name="CanChangeFrameworkTypeToCustomEnum" />
    </UnitTest>
    <UnitTest name="BodyHasSetterValidation(&quot;intOnNoUsageModel&quot;,Microsoft.TypeSpec.Generator.Input.InputModelType,False,null)" storage="/home/runner/work/typespec/typespec/packages/http-client-csharp/generator/artifacts/bin/microsoft.typespec.generator.tests/debug/net8.0/microsoft.typespec.generator.tests.dll" id="275244f1-260b-8169-32ed-eb20f650345d">
      <Execution id="0d9fc797-c714-4a2d-b9d9-f474af6f368d" />
      <TestMethod codeBase="/home/runner/work/typespec/typespec/packages/http-client-csharp/generator/artifacts/bin/Microsoft.TypeSpec.Generator.Tests/Debug/net8.0/Microsoft.TypeSpec.Generator.Tests.dll" adapterTypeName="executor://nunit3testexecutor/" className="Microsoft.TypeSpec.Generator.Tests.Providers.PropertyProviderTests" name="BodyHasSetterValidation(&quot;intOnNoUsageModel&quot;,Microsoft.TypeSpec.Generator.Input.InputModelType,False,null)" />
    </UnitTest>
    <UnitTest name="TestWriteValueExpression_DefaultCastExpression(System.String,22,&quot;((string)22)&quot;)" storage="/home/runner/work/typespec/typespec/packages/http-client-csharp/generator/artifacts/bin/microsoft.typespec.generator.tests/debug/net8.0/microsoft.typespec.generator.tests.dll" id="f2c2d0f2-52a5-b67d-67ca-5f196a1da558">
      <Execution id="38ed8bb0-aa98-445e-9866-036a5c933fd9" />
      <TestMethod codeBase="/home/runner/work/typespec/typespec/packages/http-client-csharp/generator/artifacts/bin/Microsoft.TypeSpec.Generator.Tests/Debug/net8.0/Microsoft.TypeSpec.Generator.Tests.dll" adapterTypeName="executor://nunit3testexecutor/" className="Microsoft.TypeSpec.Generator.Tests.Writers.CodeWriterExtensionTests" name="TestWriteValueExpression_DefaultCastExpression(System.String,22,&quot;((string)22)&quot;)" />
    </UnitTest>
    <UnitTest name="TestToApiVersionValueWithVersionPrefix(&quot;V1_2_3_Beta&quot;,&quot;release-&quot;,&quot;release-1-2-3-beta&quot;)" storage="/home/runner/work/typespec/typespec/packages/http-client-csharp/generator/artifacts/bin/microsoft.typespec.generator.tests/debug/net8.0/microsoft.typespec.generator.tests.dll" id="fe360101-5261-e820-b6ee-890e4a245a37">
      <Execution id="d0a6524b-2e37-49a2-aa5b-3bbbe3ba6cd9" />
      <TestMethod codeBase="/home/runner/work/typespec/typespec/packages/http-client-csharp/generator/artifacts/bin/Microsoft.TypeSpec.Generator.Tests/Debug/net8.0/Microsoft.TypeSpec.Generator.Tests.dll" adapterTypeName="executor://nunit3testexecutor/" className="Microsoft.TypeSpec.Generator.Tests.Utilities.StringExtensionsTests" name="TestToApiVersionValueWithVersionPrefix(&quot;V1_2_3_Beta&quot;,&quot;release-&quot;,&quot;release-1-2-3-beta&quot;)" />
    </UnitTest>
    <UnitTest name="IsArray(System.Collections.Generic.List`1[T],False)" storage="/home/runner/work/typespec/typespec/packages/http-client-csharp/generator/artifacts/bin/microsoft.typespec.generator.tests/debug/net8.0/microsoft.typespec.generator.tests.dll" id="07c3a402-cd09-a0c4-bf85-77477acb1847">
      <Execution id="fb89bfe3-2f28-4509-a72b-44d026e0a6b4" />
      <TestMethod codeBase="/home/runner/work/typespec/typespec/packages/http-client-csharp/generator/artifacts/bin/Microsoft.TypeSpec.Generator.Tests/Debug/net8.0/Microsoft.TypeSpec.Generator.Tests.dll" adapterTypeName="executor://nunit3testexecutor/" className="Microsoft.TypeSpec.Generator.Tests.Primitives.CSharpTypeTests" name="IsArray(System.Collections.Generic.List`1[T],False)" />
    </UnitTest>
    <UnitTest name="IsCollectionType(System.Collections.Generic.IDictionary`2[System.String,System.String],True)" storage="/home/runner/work/typespec/typespec/packages/http-client-csharp/generator/artifacts/bin/microsoft.typespec.generator.tests/debug/net8.0/microsoft.typespec.generator.tests.dll" id="a0ec3c59-43eb-f219-9588-0746bc9109a3">
      <Execution id="6be43d84-4ddb-45af-8e4d-7a4e48c38061" />
      <TestMethod codeBase="/home/runner/work/typespec/typespec/packages/http-client-csharp/generator/artifacts/bin/Microsoft.TypeSpec.Generator.Tests/Debug/net8.0/Microsoft.TypeSpec.Generator.Tests.dll" adapterTypeName="executor://nunit3testexecutor/" className="Microsoft.TypeSpec.Generator.Tests.Primitives.CSharpTypeTests" name="IsCollectionType(System.Collections.Generic.IDictionary`2[System.String,System.String],True)" />
    </UnitTest>
    <UnitTest name="TestBreakLines_NullArgument" storage="/home/runner/work/typespec/typespec/packages/http-client-csharp/generator/artifacts/bin/microsoft.typespec.generator.tests/debug/net8.0/microsoft.typespec.generator.tests.dll" id="085b8d2d-ebc4-2e5c-c0bf-665d09661988">
      <Execution id="96fecc3a-5421-4ddc-ba2e-c784c29a3339" />
      <TestMethod codeBase="/home/runner/work/typespec/typespec/packages/http-client-csharp/generator/artifacts/bin/Microsoft.TypeSpec.Generator.Tests/Debug/net8.0/Microsoft.TypeSpec.Generator.Tests.dll" adapterTypeName="executor://nunit3testexecutor/" className="Microsoft.TypeSpec.Generator.Tests.Utilities.FormattableStringHelpersTests" name="TestBreakLines_NullArgument" />
    </UnitTest>
    <UnitTest name="TestParseVersionString(&quot;1.0.0-beta.1&quot;,&quot;1.0.0-beta.1&quot;,1.0.0-beta.1,False)" storage="/home/runner/work/typespec/typespec/packages/http-client-csharp/generator/artifacts/bin/microsoft.typespec.generator.tests/debug/net8.0/microsoft.typespec.generator.tests.dll" id="d9eec0b3-0c26-d703-46db-e70053729640">
      <Execution id="7721990f-a46e-4191-8d8a-2649a8c15bea" />
      <TestMethod codeBase="/home/runner/work/typespec/typespec/packages/http-client-csharp/generator/artifacts/bin/Microsoft.TypeSpec.Generator.Tests/Debug/net8.0/Microsoft.TypeSpec.Generator.Tests.dll" adapterTypeName="executor://nunit3testexecutor/" className="Microsoft.TypeSpec.Generator.Tests.Utilities.NugetPackageDownloaderTests" name="TestParseVersionString(&quot;1.0.0-beta.1&quot;,&quot;1.0.0-beta.1&quot;,1.0.0-beta.1,False)" />
    </UnitTest>
    <UnitTest name="GetElementType_Dictionary" storage="/home/runner/work/typespec/typespec/packages/http-client-csharp/generator/artifacts/bin/microsoft.typespec.generator.tests/debug/net8.0/microsoft.typespec.generator.tests.dll" id="5ae472fb-6ea9-c188-3f0e-6629f16f8c6c">
      <Execution id="55f20353-ae36-4bba-baa0-b9d6c55e9e7e" />
      <TestMethod codeBase="/home/runner/work/typespec/typespec/packages/http-client-csharp/generator/artifacts/bin/Microsoft.TypeSpec.Generator.Tests/Debug/net8.0/Microsoft.TypeSpec.Generator.Tests.dll" adapterTypeName="executor://nunit3testexecutor/" className="Microsoft.TypeSpec.Generator.Tests.Primitives.CSharpTypeTests" name="GetElementType_Dictionary" />
    </UnitTest>
    <UnitTest name="IsReadOnlyList(System.Collections.Generic.IReadOnlyCollection`1[T],False)" storage="/home/runner/work/typespec/typespec/packages/http-client-csharp/generator/artifacts/bin/microsoft.typespec.generator.tests/debug/net8.0/microsoft.typespec.generator.tests.dll" id="50956c27-d293-40eb-346f-e6ad01ce9e0a">
      <Execution id="8cabf76d-2b7a-4997-978a-1be79b9c8bcb" />
      <TestMethod codeBase="/home/runner/work/typespec/typespec/packages/http-client-csharp/generator/artifacts/bin/Microsoft.TypeSpec.Generator.Tests/Debug/net8.0/Microsoft.TypeSpec.Generator.Tests.dll" adapterTypeName="executor://nunit3testexecutor/" className="Microsoft.TypeSpec.Generator.Tests.Primitives.CSharpTypeTests" name="IsReadOnlyList(System.Collections.Generic.IReadOnlyCollection`1[T],False)" />
    </UnitTest>
    <UnitTest name="TestGetUnionTypesDescriptions" storage="/home/runner/work/typespec/typespec/packages/http-client-csharp/generator/artifacts/bin/microsoft.typespec.generator.tests/debug/net8.0/microsoft.typespec.generator.tests.dll" id="5e2677de-e2fa-6a52-218a-17f0c0c4b43b">
      <Execution id="58c446aa-35ef-4c77-9ea8-0a83f8eeeee2" />
      <TestMethod codeBase="/home/runner/work/typespec/typespec/packages/http-client-csharp/generator/artifacts/bin/Microsoft.TypeSpec.Generator.Tests/Debug/net8.0/Microsoft.TypeSpec.Generator.Tests.dll" adapterTypeName="executor://nunit3testexecutor/" className="Microsoft.TypeSpec.Generator.Tests.Providers.PropertyDescriptionTests" name="TestGetUnionTypesDescriptions" />
    </UnitTest>
    <UnitTest name="SystemTypeOperatorTestNotEqual(System.Collections.Generic.IList`1[System.Int32],System.Int32)" storage="/home/runner/work/typespec/typespec/packages/http-client-csharp/generator/artifacts/bin/microsoft.typespec.generator.tests/debug/net8.0/microsoft.typespec.generator.tests.dll" id="4706d989-7332-52ee-a47a-b404a2d3bd89">
      <Execution id="1207d6c4-046e-442e-bf55-98dde8c92d1b" />
      <TestMethod codeBase="/home/runner/work/typespec/typespec/packages/http-client-csharp/generator/artifacts/bin/Microsoft.TypeSpec.Generator.Tests/Debug/net8.0/Microsoft.TypeSpec.Generator.Tests.dll" adapterTypeName="executor://nunit3testexecutor/" className="Microsoft.TypeSpec.Generator.Tests.Expressions.ValueExpressionTests" name="SystemTypeOperatorTestNotEqual(System.Collections.Generic.IList`1[System.Int32],System.Int32)" />
    </UnitTest>
    <UnitTest name="DictionaryExpression(System.Collections.Generic.IDictionary`2[System.Collections.Generic.IDictionary`2[System.Int32,System.String],System.Collections.Generic.IDictionary`2[System.String,System.Int32]],System.Collections.Generic.IDictionary`2[System.Collections.Generic.IDictionary`2[System.String,System.Int32],System.Collections.Generic.IDictionary`2[System.String,System.Int32]])" storage="/home/runner/work/typespec/typespec/packages/http-client-csharp/generator/artifacts/bin/microsoft.typespec.generator.tests/debug/net8.0/microsoft.typespec.generator.tests.dll" id="8a650ea1-7058-18c5-0dfb-0417c818b122">
      <Execution id="0912aad0-3311-4dc6-9087-7d08c11b8193" />
      <TestMethod codeBase="/home/runner/work/typespec/typespec/packages/http-client-csharp/generator/artifacts/bin/Microsoft.TypeSpec.Generator.Tests/Debug/net8.0/Microsoft.TypeSpec.Generator.Tests.dll" adapterTypeName="executor://nunit3testexecutor/" className="Microsoft.TypeSpec.Generator.Tests.Expressions.KnownValueExpressionsTests" name="DictionaryExpression(System.Collections.Generic.IDictionary`2[System.Collections.Generic.IDictionary`2[System.Int32,System.String],System.Collections.Generic.IDictionary`2[System.String,System.Int32]],System.Collections.Generic.IDictionary`2[System.Collections.Generic.IDictionary`2[System.String,System.Int32],System.Collections.Generic.IDictionary`2[System.String,System.Int32]])" />
    </UnitTest>
    <UnitTest name="SharedSourceFilesAreReduced" storage="/home/runner/work/typespec/typespec/packages/http-client-csharp/generator/artifacts/bin/microsoft.typespec.generator.tests/debug/net8.0/microsoft.typespec.generator.tests.dll" id="dbd204dc-e937-d695-c501-20aa7fe433ee">
      <Execution id="b80b1beb-3620-4f0f-8038-552d1addb329" />
      <TestMethod codeBase="/home/runner/work/typespec/typespec/packages/http-client-csharp/generator/artifacts/bin/Microsoft.TypeSpec.Generator.Tests/Debug/net8.0/Microsoft.TypeSpec.Generator.Tests.dll" adapterTypeName="executor://nunit3testexecutor/" className="Microsoft.TypeSpec.Generator.Tests.PostProcessing.SharedSourceTests" name="SharedSourceFilesAreReduced" />
    </UnitTest>
    <UnitTest name="IsList(System.ReadOnlyMemory`1[T],True)" storage="/home/runner/work/typespec/typespec/packages/http-client-csharp/generator/artifacts/bin/microsoft.typespec.generator.tests/debug/net8.0/microsoft.typespec.generator.tests.dll" id="26df80e7-3a90-605e-f925-16b6d478c788">
      <Execution id="d57a2204-e954-41fe-a418-8ababa097e70" />
      <TestMethod codeBase="/home/runner/work/typespec/typespec/packages/http-client-csharp/generator/artifacts/bin/Microsoft.TypeSpec.Generator.Tests/Debug/net8.0/Microsoft.TypeSpec.Generator.Tests.dll" adapterTypeName="executor://nunit3testexecutor/" className="Microsoft.TypeSpec.Generator.Tests.Primitives.CSharpTypeTests" name="IsList(System.ReadOnlyMemory`1[T],True)" />
    </UnitTest>
    <UnitTest name="ValidatePropertyTypes(System.Collections.Generic.IEnumerable`1[System.TimeSpan])" storage="/home/runner/work/typespec/typespec/packages/http-client-csharp/generator/artifacts/bin/microsoft.typespec.generator.tests/debug/net8.0/microsoft.typespec.generator.tests.dll" id="0733d45a-5f43-51ef-b8dc-2f7e48283054">
      <Execution id="c153186c-723d-4687-a24d-543e3f31ce2f" />
      <TestMethod codeBase="/home/runner/work/typespec/typespec/packages/http-client-csharp/generator/artifacts/bin/Microsoft.TypeSpec.Generator.Tests/Debug/net8.0/Microsoft.TypeSpec.Generator.Tests.dll" adapterTypeName="executor://nunit3testexecutor/" className="Microsoft.TypeSpec.Generator.Tests.Providers.NamedTypeSymbolProviders.NamedTypeSymbolProviderTests" name="ValidatePropertyTypes(System.Collections.Generic.IEnumerable`1[System.TimeSpan])" />
    </UnitTest>
    <UnitTest name="CanChangePropertyTypeToEnum" storage="/home/runner/work/typespec/typespec/packages/http-client-csharp/generator/artifacts/bin/microsoft.typespec.generator.tests/debug/net8.0/microsoft.typespec.generator.tests.dll" id="16cba511-891e-7392-2428-5a629bf36350">
      <Execution id="69c98c38-27f5-4f59-95dc-924b8c95d8cd" />
      <TestMethod codeBase="/home/runner/work/typespec/typespec/packages/http-client-csharp/generator/artifacts/bin/Microsoft.TypeSpec.Generator.Tests/Debug/net8.0/Microsoft.TypeSpec.Generator.Tests.dll" adapterTypeName="executor://nunit3testexecutor/" className="Microsoft.TypeSpec.Generator.Tests.Providers.ModelProviders.ModelCustomizationTests" name="CanChangePropertyTypeToEnum" />
    </UnitTest>
    <UnitTest name="TestToApiVersionMemberName(&quot;1.0.0&quot;,&quot;V1_0_0&quot;)" storage="/home/runner/work/typespec/typespec/packages/http-client-csharp/generator/artifacts/bin/microsoft.typespec.generator.tests/debug/net8.0/microsoft.typespec.generator.tests.dll" id="ca610a9c-ba67-5df9-9fb1-df42d8ef7ec4">
      <Execution id="5d658c46-84d7-46b7-9145-63b6e746729f" />
      <TestMethod codeBase="/home/runner/work/typespec/typespec/packages/http-client-csharp/generator/artifacts/bin/Microsoft.TypeSpec.Generator.Tests/Debug/net8.0/Microsoft.TypeSpec.Generator.Tests.dll" adapterTypeName="executor://nunit3testexecutor/" className="Microsoft.TypeSpec.Generator.Tests.Utilities.StringExtensionsTests" name="TestToApiVersionMemberName(&quot;1.0.0&quot;,&quot;V1_0_0&quot;)" />
    </UnitTest>
    <UnitTest name="MultipleAsSameObject" storage="/home/runner/work/typespec/typespec/packages/http-client-csharp/generator/artifacts/bin/microsoft.typespec.generator.tests/debug/net8.0/microsoft.typespec.generator.tests.dll" id="dc6af082-e6f7-18e6-ae27-8be735eb8abb">
      <Execution id="a942247e-038e-44de-aceb-e22de0ba3653" />
      <TestMethod codeBase="/home/runner/work/typespec/typespec/packages/http-client-csharp/generator/artifacts/bin/Microsoft.TypeSpec.Generator.Tests/Debug/net8.0/Microsoft.TypeSpec.Generator.Tests.dll" adapterTypeName="executor://nunit3testexecutor/" className="Microsoft.TypeSpec.Generator.Tests.Expressions.ValueExpressionTests" name="MultipleAsSameObject" />
    </UnitTest>
    <UnitTest name="IsArray(System.Int32,False)" storage="/home/runner/work/typespec/typespec/packages/http-client-csharp/generator/artifacts/bin/microsoft.typespec.generator.tests/debug/net8.0/microsoft.typespec.generator.tests.dll" id="a041969d-c809-06e6-80f1-a7685876bd1d">
      <Execution id="e0bc5cbc-7bbf-4465-901e-5733e0bc375a" />
      <TestMethod codeBase="/home/runner/work/typespec/typespec/packages/http-client-csharp/generator/artifacts/bin/Microsoft.TypeSpec.Generator.Tests/Debug/net8.0/Microsoft.TypeSpec.Generator.Tests.dll" adapterTypeName="executor://nunit3testexecutor/" className="Microsoft.TypeSpec.Generator.Tests.Primitives.CSharpTypeTests" name="IsArray(System.Int32,False)" />
    </UnitTest>
    <UnitTest name="TestToApiVersionValueWithCustomSeparator(&quot;V2022_05_15_Preview&quot;,&quot;.&quot;,&quot;2022.05.15.preview&quot;)" storage="/home/runner/work/typespec/typespec/packages/http-client-csharp/generator/artifacts/bin/microsoft.typespec.generator.tests/debug/net8.0/microsoft.typespec.generator.tests.dll" id="d4fbd879-3ad8-65ae-2ab6-7cbd4095d149">
      <Execution id="04dff189-ef52-4187-8aee-beb0272b9c1a" />
      <TestMethod codeBase="/home/runner/work/typespec/typespec/packages/http-client-csharp/generator/artifacts/bin/Microsoft.TypeSpec.Generator.Tests/Debug/net8.0/Microsoft.TypeSpec.Generator.Tests.dll" adapterTypeName="executor://nunit3testexecutor/" className="Microsoft.TypeSpec.Generator.Tests.Utilities.StringExtensionsTests" name="TestToApiVersionValueWithCustomSeparator(&quot;V2022_05_15_Preview&quot;,&quot;.&quot;,&quot;2022.05.15.preview&quot;)" />
    </UnitTest>
    <UnitTest name="BaseShouldBeAbstract(Microsoft.TypeSpec.Generator.Input.InputModelType,&quot;/// &lt;summary&gt;\n/// pet description\n/// Please note this is the abstract base class. The derived classes available for instantiation are: &lt;see cref=\&quot;Cat\&quot;/&gt; and &lt;see cref=\&quot;Dog\&quot;/&gt;.\n/// &lt;/summary&gt;\n&quot;)" storage="/home/runner/work/typespec/typespec/packages/http-client-csharp/generator/artifacts/bin/microsoft.typespec.generator.tests/debug/net8.0/microsoft.typespec.generator.tests.dll" id="8cb888f8-fcf7-8b11-26ea-f6f3a12256ea">
      <Execution id="df710ece-3946-41e9-9f66-017d9bf6e13e" />
      <TestMethod codeBase="/home/runner/work/typespec/typespec/packages/http-client-csharp/generator/artifacts/bin/Microsoft.TypeSpec.Generator.Tests/Debug/net8.0/Microsoft.TypeSpec.Generator.Tests.dll" adapterTypeName="executor://nunit3testexecutor/" className="Microsoft.TypeSpec.Generator.Tests.Providers.ModelProviders.DiscriminatorTests" name="BaseShouldBeAbstract(Microsoft.TypeSpec.Generator.Input.InputModelType,&quot;/// &lt;summary&gt;\n/// pet description\n/// Please note this is the abstract base class. The derived classes available for instantiation are: &lt;see cref=\&quot;Cat\&quot;/&gt; and &lt;see cref=\&quot;Dog\&quot;/&gt;.\n/// &lt;/summary&gt;\n&quot;)" />
    </UnitTest>
    <UnitTest name="TestBuildProperties_ValidatePropertySetters(Microsoft.TypeSpec.Generator.Input.InputModelProperty,global::System.Collections.Generic.IList&lt;string&gt;,False)" storage="/home/runner/work/typespec/typespec/packages/http-client-csharp/generator/artifacts/bin/microsoft.typespec.generator.tests/debug/net8.0/microsoft.typespec.generator.tests.dll" id="0d2ce44e-c56c-0338-a04e-c3b9a8e7c5f5">
      <Execution id="85639549-086a-495b-8a0c-2569c332e6c6" />
      <TestMethod codeBase="/home/runner/work/typespec/typespec/packages/http-client-csharp/generator/artifacts/bin/Microsoft.TypeSpec.Generator.Tests/Debug/net8.0/Microsoft.TypeSpec.Generator.Tests.dll" adapterTypeName="executor://nunit3testexecutor/" className="Microsoft.TypeSpec.Generator.Tests.Providers.ModelProviders.ModelProviderTests" name="TestBuildProperties_ValidatePropertySetters(Microsoft.TypeSpec.Generator.Input.InputModelProperty,global::System.Collections.Generic.IList&lt;string&gt;,False)" />
    </UnitTest>
    <UnitTest name="IsReadWriteDictionary(System.Collections.Generic.IDictionary`2[System.String,System.String],True)" storage="/home/runner/work/typespec/typespec/packages/http-client-csharp/generator/artifacts/bin/microsoft.typespec.generator.tests/debug/net8.0/microsoft.typespec.generator.tests.dll" id="3ec5ba8b-f48c-92cb-ad25-87e8cf58b5f8">
      <Execution id="3b329e8a-273d-4553-8f97-ff354dbc0fd6" />
      <TestMethod codeBase="/home/runner/work/typespec/typespec/packages/http-client-csharp/generator/artifacts/bin/Microsoft.TypeSpec.Generator.Tests/Debug/net8.0/Microsoft.TypeSpec.Generator.Tests.dll" adapterTypeName="executor://nunit3testexecutor/" className="Microsoft.TypeSpec.Generator.Tests.Primitives.CSharpTypeTests" name="IsReadWriteDictionary(System.Collections.Generic.IDictionary`2[System.String,System.String],True)" />
    </UnitTest>
    <UnitTest name="CanCallInvokeWithTypeArgs" storage="/home/runner/work/typespec/typespec/packages/http-client-csharp/generator/artifacts/bin/microsoft.typespec.generator.tests/debug/net8.0/microsoft.typespec.generator.tests.dll" id="8f4ab2fc-20d9-03f6-a5f1-0258786d5836">
      <Execution id="ff870b04-1f8a-47fc-a863-796caec027c6" />
      <TestMethod codeBase="/home/runner/work/typespec/typespec/packages/http-client-csharp/generator/artifacts/bin/Microsoft.TypeSpec.Generator.Tests/Debug/net8.0/Microsoft.TypeSpec.Generator.Tests.dll" adapterTypeName="executor://nunit3testexecutor/" className="Microsoft.TypeSpec.Generator.Tests.Providers.ParameterProviderTests" name="CanCallInvokeWithTypeArgs" />
    </UnitTest>
    <UnitTest name="TestBuildFields(True,True)" storage="/home/runner/work/typespec/typespec/packages/http-client-csharp/generator/artifacts/bin/microsoft.typespec.generator.tests/debug/net8.0/microsoft.typespec.generator.tests.dll" id="082f8576-8f23-5f24-78f5-9d571f45ba9a">
      <Execution id="10945161-ee82-4bd7-acaf-6da925691b55" />
      <TestMethod codeBase="/home/runner/work/typespec/typespec/packages/http-client-csharp/generator/artifacts/bin/Microsoft.TypeSpec.Generator.Tests/Debug/net8.0/Microsoft.TypeSpec.Generator.Tests.dll" adapterTypeName="executor://nunit3testexecutor/" className="Microsoft.TypeSpec.Generator.Tests.Providers.ModelProviders.ModelProviderTests" name="TestBuildFields(True,True)" />
    </UnitTest>
    <UnitTest name="TypeOfStatement(System.Collections.Generic.List`1[System.String],&quot;typeof(global::System.Collections.Generic.List&lt;string&gt;)&quot;)" storage="/home/runner/work/typespec/typespec/packages/http-client-csharp/generator/artifacts/bin/microsoft.typespec.generator.tests/debug/net8.0/microsoft.typespec.generator.tests.dll" id="217673f1-9964-d1c6-721a-99bdd8567cb8">
      <Execution id="c3d62a06-c577-4b1a-800b-507e088747d2" />
      <TestMethod codeBase="/home/runner/work/typespec/typespec/packages/http-client-csharp/generator/artifacts/bin/Microsoft.TypeSpec.Generator.Tests/Debug/net8.0/Microsoft.TypeSpec.Generator.Tests.dll" adapterTypeName="executor://nunit3testexecutor/" className="Microsoft.TypeSpec.Generator.Tests.Expressions.TypeOfExpressionTests" name="TypeOfStatement(System.Collections.Generic.List`1[System.String],&quot;typeof(global::System.Collections.Generic.List&lt;string&gt;)&quot;)" />
    </UnitTest>
    <UnitTest name="TypesAreEqualForGenericTypes(System.Collections.Generic.IList`1[T],[System.Int32])" storage="/home/runner/work/typespec/typespec/packages/http-client-csharp/generator/artifacts/bin/microsoft.typespec.generator.tests/debug/net8.0/microsoft.typespec.generator.tests.dll" id="437fc918-e6ce-c47e-6602-d58b0391b027">
      <Execution id="c82be7a3-3ed7-4343-aebc-6caf2b3c51f4" />
      <TestMethod codeBase="/home/runner/work/typespec/typespec/packages/http-client-csharp/generator/artifacts/bin/Microsoft.TypeSpec.Generator.Tests/Debug/net8.0/Microsoft.TypeSpec.Generator.Tests.dll" adapterTypeName="executor://nunit3testexecutor/" className="Microsoft.TypeSpec.Generator.Tests.Primitives.CSharpTypeTests" name="TypesAreEqualForGenericTypes(System.Collections.Generic.IList`1[T],[System.Int32])" />
    </UnitTest>
    <UnitTest name="TestIsCSharpKeyword(&quot;internal&quot;,True)" storage="/home/runner/work/typespec/typespec/packages/http-client-csharp/generator/artifacts/bin/microsoft.typespec.generator.tests/debug/net8.0/microsoft.typespec.generator.tests.dll" id="a828753d-bb9b-7fb8-4322-9fddca1c056b">
      <Execution id="824ff909-f744-425a-bc36-6424d022f692" />
      <TestMethod codeBase="/home/runner/work/typespec/typespec/packages/http-client-csharp/generator/artifacts/bin/Microsoft.TypeSpec.Generator.Tests/Debug/net8.0/Microsoft.TypeSpec.Generator.Tests.dll" adapterTypeName="executor://nunit3testexecutor/" className="Microsoft.TypeSpec.Generator.Tests.Utilities.StringExtensionsTests" name="TestIsCSharpKeyword(&quot;internal&quot;,True)" />
    </UnitTest>
    <UnitTest name="CanReplaceConstructor" storage="/home/runner/work/typespec/typespec/packages/http-client-csharp/generator/artifacts/bin/microsoft.typespec.generator.tests/debug/net8.0/microsoft.typespec.generator.tests.dll" id="081f51aa-0473-38ec-5d39-d05e7a7dd898">
      <Execution id="f2620a48-813a-4d9e-bada-f2c1ce8d2ba6" />
      <TestMethod codeBase="/home/runner/work/typespec/typespec/packages/http-client-csharp/generator/artifacts/bin/Microsoft.TypeSpec.Generator.Tests/Debug/net8.0/Microsoft.TypeSpec.Generator.Tests.dll" adapterTypeName="executor://nunit3testexecutor/" className="Microsoft.TypeSpec.Generator.Tests.Providers.ModelProviders.ModelCustomizationTests" name="CanReplaceConstructor" />
    </UnitTest>
    <UnitTest name="IsReadOnlyList(System.Collections.Generic.IEnumerable`1[T],True)" storage="/home/runner/work/typespec/typespec/packages/http-client-csharp/generator/artifacts/bin/microsoft.typespec.generator.tests/debug/net8.0/microsoft.typespec.generator.tests.dll" id="769f76de-22e9-2899-6146-006a3253a4bd">
      <Execution id="ff5f3c9f-6995-4568-b0ce-d48a2bd08c8d" />
      <TestMethod codeBase="/home/runner/work/typespec/typespec/packages/http-client-csharp/generator/artifacts/bin/Microsoft.TypeSpec.Generator.Tests/Debug/net8.0/Microsoft.TypeSpec.Generator.Tests.dll" adapterTypeName="executor://nunit3testexecutor/" className="Microsoft.TypeSpec.Generator.Tests.Primitives.CSharpTypeTests" name="IsReadOnlyList(System.Collections.Generic.IEnumerable`1[T],True)" />
    </UnitTest>
    <UnitTest name="TestIsCSharpKeyword(&quot;checked&quot;,True)" storage="/home/runner/work/typespec/typespec/packages/http-client-csharp/generator/artifacts/bin/microsoft.typespec.generator.tests/debug/net8.0/microsoft.typespec.generator.tests.dll" id="eecc404d-052a-2f47-4d54-cb8073db15f9">
      <Execution id="da02e15d-bf3f-44b0-aad9-dcfef713b740" />
      <TestMethod codeBase="/home/runner/work/typespec/typespec/packages/http-client-csharp/generator/artifacts/bin/Microsoft.TypeSpec.Generator.Tests/Debug/net8.0/Microsoft.TypeSpec.Generator.Tests.dll" adapterTypeName="executor://nunit3testexecutor/" className="Microsoft.TypeSpec.Generator.Tests.Utilities.StringExtensionsTests" name="TestIsCSharpKeyword(&quot;checked&quot;,True)" />
    </UnitTest>
    <UnitTest name="TestUpdateCanonicalView" storage="/home/runner/work/typespec/typespec/packages/http-client-csharp/generator/artifacts/bin/microsoft.typespec.generator.tests/debug/net8.0/microsoft.typespec.generator.tests.dll" id="33a180ed-590d-42e0-e9de-194f4f8f4962">
      <Execution id="77fa1bd1-f5a8-4b9a-9909-7571039d4396" />
      <TestMethod codeBase="/home/runner/work/typespec/typespec/packages/http-client-csharp/generator/artifacts/bin/Microsoft.TypeSpec.Generator.Tests/Debug/net8.0/Microsoft.TypeSpec.Generator.Tests.dll" adapterTypeName="executor://nunit3testexecutor/" className="Microsoft.TypeSpec.Generator.Tests.Providers.TypeProviderTests" name="TestUpdateCanonicalView" />
    </UnitTest>
    <UnitTest name="DoesNotGenerateCustomPropertyFromBase" storage="/home/runner/work/typespec/typespec/packages/http-client-csharp/generator/artifacts/bin/microsoft.typespec.generator.tests/debug/net8.0/microsoft.typespec.generator.tests.dll" id="dec4d542-ee31-44e2-7823-0250ddb712cd">
      <Execution id="be191160-ca8c-4962-b844-99755b4d3ce1" />
      <TestMethod codeBase="/home/runner/work/typespec/typespec/packages/http-client-csharp/generator/artifacts/bin/Microsoft.TypeSpec.Generator.Tests/Debug/net8.0/Microsoft.TypeSpec.Generator.Tests.dll" adapterTypeName="executor://nunit3testexecutor/" className="Microsoft.TypeSpec.Generator.Tests.Providers.ModelProviders.ModelCustomizationTests" name="DoesNotGenerateCustomPropertyFromBase" />
    </UnitTest>
    <UnitTest name="TestBreakLines_OneArgOnly" storage="/home/runner/work/typespec/typespec/packages/http-client-csharp/generator/artifacts/bin/microsoft.typespec.generator.tests/debug/net8.0/microsoft.typespec.generator.tests.dll" id="1d94f4ee-e18a-f6a6-0d4e-d94116d380e6">
      <Execution id="fadf5e78-4bd0-4017-a20d-2caae576e7a6" />
      <TestMethod codeBase="/home/runner/work/typespec/typespec/packages/http-client-csharp/generator/artifacts/bin/Microsoft.TypeSpec.Generator.Tests/Debug/net8.0/Microsoft.TypeSpec.Generator.Tests.dll" adapterTypeName="executor://nunit3testexecutor/" className="Microsoft.TypeSpec.Generator.Tests.Utilities.FormattableStringHelpersTests" name="TestBreakLines_OneArgOnly" />
    </UnitTest>
    <UnitTest name="ValidDocsDoNotThrow" storage="/home/runner/work/typespec/typespec/packages/http-client-csharp/generator/artifacts/bin/microsoft.typespec.generator.tests/debug/net8.0/microsoft.typespec.generator.tests.dll" id="950aeb7f-7cec-78f7-24fb-dace29f10a19">
      <Execution id="c4ea2513-d3c6-4650-8abc-0d9eaa640f94" />
      <TestMethod codeBase="/home/runner/work/typespec/typespec/packages/http-client-csharp/generator/artifacts/bin/Microsoft.TypeSpec.Generator.Tests/Debug/net8.0/Microsoft.TypeSpec.Generator.Tests.dll" adapterTypeName="executor://nunit3testexecutor/" className="Microsoft.TypeSpec.Generator.Tests.Providers.NamedTypeSymbolProviders.XmlDocsTests" name="ValidDocsDoNotThrow" />
    </UnitTest>
    <UnitTest name="ListExpression(System.Int64)" storage="/home/runner/work/typespec/typespec/packages/http-client-csharp/generator/artifacts/bin/microsoft.typespec.generator.tests/debug/net8.0/microsoft.typespec.generator.tests.dll" id="150db943-c8d9-babf-885a-3b2c2432d509">
      <Execution id="00a8d406-288a-47fe-b69d-424459404400" />
      <TestMethod codeBase="/home/runner/work/typespec/typespec/packages/http-client-csharp/generator/artifacts/bin/Microsoft.TypeSpec.Generator.Tests/Debug/net8.0/Microsoft.TypeSpec.Generator.Tests.dll" adapterTypeName="executor://nunit3testexecutor/" className="Microsoft.TypeSpec.Generator.Tests.Expressions.KnownValueExpressionsTests" name="ListExpression(System.Int64)" />
    </UnitTest>
    <UnitTest name="TestBuildAdditionalProperties(Microsoft.TypeSpec.Generator.Input.InputModelType,False,3)" storage="/home/runner/work/typespec/typespec/packages/http-client-csharp/generator/artifacts/bin/microsoft.typespec.generator.tests/debug/net8.0/microsoft.typespec.generator.tests.dll" id="0da80a08-ca3c-7829-f6f5-00c58a9eeb90">
      <Execution id="053b3a4f-2be0-4ad5-82c2-474d4972cbf2" />
      <TestMethod codeBase="/home/runner/work/typespec/typespec/packages/http-client-csharp/generator/artifacts/bin/Microsoft.TypeSpec.Generator.Tests/Debug/net8.0/Microsoft.TypeSpec.Generator.Tests.dll" adapterTypeName="executor://nunit3testexecutor/" className="Microsoft.TypeSpec.Generator.Tests.Providers.ModelProviders.ModelProviderTests" name="TestBuildAdditionalProperties(Microsoft.TypeSpec.Generator.Input.InputModelType,False,3)" />
    </UnitTest>
    <UnitTest name="TestBuildProperties_ValidateInheritHierarchyWithNew" storage="/home/runner/work/typespec/typespec/packages/http-client-csharp/generator/artifacts/bin/microsoft.typespec.generator.tests/debug/net8.0/microsoft.typespec.generator.tests.dll" id="362568e4-a0ce-c0eb-049c-c36562ab7906">
      <Execution id="10acde6b-988f-4857-a8fc-be77c22e99e3" />
      <TestMethod codeBase="/home/runner/work/typespec/typespec/packages/http-client-csharp/generator/artifacts/bin/Microsoft.TypeSpec.Generator.Tests/Debug/net8.0/Microsoft.TypeSpec.Generator.Tests.dll" adapterTypeName="executor://nunit3testexecutor/" className="Microsoft.TypeSpec.Generator.Tests.Providers.ModelProviders.ModelProviderTests" name="TestBuildProperties_ValidateInheritHierarchyWithNew" />
    </UnitTest>
    <UnitTest name="TestToApiVersionMemberName(&quot;v2022.05.15_Preview&quot;,&quot;V2022_05_15_Preview&quot;)" storage="/home/runner/work/typespec/typespec/packages/http-client-csharp/generator/artifacts/bin/microsoft.typespec.generator.tests/debug/net8.0/microsoft.typespec.generator.tests.dll" id="0abdadec-f565-037d-9e00-3cb09d5bba6f">
      <Execution id="50e70435-719a-4a81-8a30-3e43a298bc02" />
      <TestMethod codeBase="/home/runner/work/typespec/typespec/packages/http-client-csharp/generator/artifacts/bin/Microsoft.TypeSpec.Generator.Tests/Debug/net8.0/Microsoft.TypeSpec.Generator.Tests.dll" adapterTypeName="executor://nunit3testexecutor/" className="Microsoft.TypeSpec.Generator.Tests.Utilities.StringExtensionsTests" name="TestToApiVersionMemberName(&quot;v2022.05.15_Preview&quot;,&quot;V2022_05_15_Preview&quot;)" />
    </UnitTest>
    <UnitTest name="ValidateConstructors" storage="/home/runner/work/typespec/typespec/packages/http-client-csharp/generator/artifacts/bin/microsoft.typespec.generator.tests/debug/net8.0/microsoft.typespec.generator.tests.dll" id="7c0e6e89-86f1-1219-b859-69fb4d47a693">
      <Execution id="7277f56b-f529-4d45-8c6f-c2aba2ab7ded" />
      <TestMethod codeBase="/home/runner/work/typespec/typespec/packages/http-client-csharp/generator/artifacts/bin/Microsoft.TypeSpec.Generator.Tests/Debug/net8.0/Microsoft.TypeSpec.Generator.Tests.dll" adapterTypeName="executor://nunit3testexecutor/" className="Microsoft.TypeSpec.Generator.Tests.Providers.NamedTypeSymbolProviders.NamedTypeSymbolProviderTests" name="ValidateConstructors" />
    </UnitTest>
    <UnitTest name="NotNullNullableInt32" storage="/home/runner/work/typespec/typespec/packages/http-client-csharp/generator/artifacts/bin/microsoft.typespec.generator.tests/debug/net8.0/microsoft.typespec.generator.tests.dll" id="82e56ba7-7d19-7156-0276-1085547a24bc">
      <Execution id="4f3cef55-c27c-4712-8175-0bee63a62fbf" />
      <TestMethod codeBase="/home/runner/work/typespec/typespec/packages/http-client-csharp/generator/artifacts/bin/Microsoft.TypeSpec.Generator.Tests/Debug/net8.0/Microsoft.TypeSpec.Generator.Tests.dll" adapterTypeName="executor://nunit3testexecutor/" className="Microsoft.TypeSpec.Generator.Tests.Providers.ArgumentTests" name="NotNullNullableInt32" />
    </UnitTest>
    <UnitTest name="CanCustomizeDiscriminatorModel" storage="/home/runner/work/typespec/typespec/packages/http-client-csharp/generator/artifacts/bin/microsoft.typespec.generator.tests/debug/net8.0/microsoft.typespec.generator.tests.dll" id="9ef6126e-f7cc-14c5-4ccf-4831db9c92a1">
      <Execution id="59ac786e-b83b-459f-8d63-a0b2a531f8f9" />
      <TestMethod codeBase="/home/runner/work/typespec/typespec/packages/http-client-csharp/generator/artifacts/bin/Microsoft.TypeSpec.Generator.Tests/Debug/net8.0/Microsoft.TypeSpec.Generator.Tests.dll" adapterTypeName="executor://nunit3testexecutor/" className="Microsoft.TypeSpec.Generator.Tests.Providers.ModelProviders.ModelCustomizationTests" name="CanCustomizeDiscriminatorModel" />
    </UnitTest>
    <UnitTest name="SystemTypeOperatorTestEqual(System.Double)" storage="/home/runner/work/typespec/typespec/packages/http-client-csharp/generator/artifacts/bin/microsoft.typespec.generator.tests/debug/net8.0/microsoft.typespec.generator.tests.dll" id="7431a02c-3ec5-4e94-1096-d10672b17fe9">
      <Execution id="324afcf8-1cda-41dc-b013-d09dfc013f3b" />
      <TestMethod codeBase="/home/runner/work/typespec/typespec/packages/http-client-csharp/generator/artifacts/bin/Microsoft.TypeSpec.Generator.Tests/Debug/net8.0/Microsoft.TypeSpec.Generator.Tests.dll" adapterTypeName="executor://nunit3testexecutor/" className="Microsoft.TypeSpec.Generator.Tests.Expressions.ValueExpressionTests" name="SystemTypeOperatorTestEqual(System.Double)" />
    </UnitTest>
    <UnitTest name="DictionaryExpression(System.Int32,System.Collections.Generic.IList`1[T])" storage="/home/runner/work/typespec/typespec/packages/http-client-csharp/generator/artifacts/bin/microsoft.typespec.generator.tests/debug/net8.0/microsoft.typespec.generator.tests.dll" id="ea5ab445-ca0a-35eb-ec63-41856a96f8e9">
      <Execution id="903b0135-b3a8-4234-9e00-00e7288f5b7f" />
      <TestMethod codeBase="/home/runner/work/typespec/typespec/packages/http-client-csharp/generator/artifacts/bin/Microsoft.TypeSpec.Generator.Tests/Debug/net8.0/Microsoft.TypeSpec.Generator.Tests.dll" adapterTypeName="executor://nunit3testexecutor/" className="Microsoft.TypeSpec.Generator.Tests.Expressions.KnownValueExpressionsTests" name="DictionaryExpression(System.Int32,System.Collections.Generic.IList`1[T])" />
    </UnitTest>
    <UnitTest name="SerializationCtorShouldNotAssignBaseFieldDerivedRequired" storage="/home/runner/work/typespec/typespec/packages/http-client-csharp/generator/artifacts/bin/microsoft.typespec.generator.tests/debug/net8.0/microsoft.typespec.generator.tests.dll" id="32b76892-837e-aaf5-5dd1-2631a0c6f451">
      <Execution id="d80d08ca-caaa-474e-a92c-e965b5a8fcdb" />
      <TestMethod codeBase="/home/runner/work/typespec/typespec/packages/http-client-csharp/generator/artifacts/bin/Microsoft.TypeSpec.Generator.Tests/Debug/net8.0/Microsoft.TypeSpec.Generator.Tests.dll" adapterTypeName="executor://nunit3testexecutor/" className="Microsoft.TypeSpec.Generator.Tests.Providers.ModelProviders.ModelProviderTests" name="SerializationCtorShouldNotAssignBaseFieldDerivedRequired" />
    </UnitTest>
    <UnitTest name="TestIsCSharpKeyword(&quot;new&quot;,True)" storage="/home/runner/work/typespec/typespec/packages/http-client-csharp/generator/artifacts/bin/microsoft.typespec.generator.tests/debug/net8.0/microsoft.typespec.generator.tests.dll" id="c91f2bb4-bfe2-3d5a-2d96-cf75d7c69cd6">
      <Execution id="58fb9b8f-1f01-4c83-bd16-64c045fdc2be" />
      <TestMethod codeBase="/home/runner/work/typespec/typespec/packages/http-client-csharp/generator/artifacts/bin/Microsoft.TypeSpec.Generator.Tests/Debug/net8.0/Microsoft.TypeSpec.Generator.Tests.dll" adapterTypeName="executor://nunit3testexecutor/" className="Microsoft.TypeSpec.Generator.Tests.Utilities.StringExtensionsTests" name="TestIsCSharpKeyword(&quot;new&quot;,True)" />
    </UnitTest>
    <UnitTest name="RemovedInputModelCausesExceptionWhenReferencedInDifferentModel" storage="/home/runner/work/typespec/typespec/packages/http-client-csharp/generator/artifacts/bin/microsoft.typespec.generator.tests/debug/net8.0/microsoft.typespec.generator.tests.dll" id="f53f973d-cb80-9861-5d3f-ae579bbed924">
      <Execution id="a5c0f66f-7c78-4c77-8bdf-958f7316efc3" />
      <TestMethod codeBase="/home/runner/work/typespec/typespec/packages/http-client-csharp/generator/artifacts/bin/Microsoft.TypeSpec.Generator.Tests/Debug/net8.0/Microsoft.TypeSpec.Generator.Tests.dll" adapterTypeName="executor://nunit3testexecutor/" className="Microsoft.TypeSpec.Generator.Tests.InputLibraryVisitorTests" name="RemovedInputModelCausesExceptionWhenReferencedInDifferentModel" />
    </UnitTest>
    <UnitTest name="SystemTypeOperatorTestEqual(System.Collections.Generic.IDictionary`2[System.String,System.Int32])" storage="/home/runner/work/typespec/typespec/packages/http-client-csharp/generator/artifacts/bin/microsoft.typespec.generator.tests/debug/net8.0/microsoft.typespec.generator.tests.dll" id="6612c975-b994-d74a-f726-d19195d3a56a">
      <Execution id="abd9d31b-3f91-418b-af9d-eaac59e346a4" />
      <TestMethod codeBase="/home/runner/work/typespec/typespec/packages/http-client-csharp/generator/artifacts/bin/Microsoft.TypeSpec.Generator.Tests/Debug/net8.0/Microsoft.TypeSpec.Generator.Tests.dll" adapterTypeName="executor://nunit3testexecutor/" className="Microsoft.TypeSpec.Generator.Tests.Expressions.ValueExpressionTests" name="SystemTypeOperatorTestEqual(System.Collections.Generic.IDictionary`2[System.String,System.Int32])" />
    </UnitTest>
    <UnitTest name="CanCustomizeTypeRenamedInVisitor" storage="/home/runner/work/typespec/typespec/packages/http-client-csharp/generator/artifacts/bin/microsoft.typespec.generator.tests/debug/net8.0/microsoft.typespec.generator.tests.dll" id="223682b2-dc94-4913-3c8c-c908480aee98">
      <Execution id="e37c68b0-7605-4723-bb38-af9c157ee5cd" />
      <TestMethod codeBase="/home/runner/work/typespec/typespec/packages/http-client-csharp/generator/artifacts/bin/Microsoft.TypeSpec.Generator.Tests/Debug/net8.0/Microsoft.TypeSpec.Generator.Tests.dll" adapterTypeName="executor://nunit3testexecutor/" className="Microsoft.TypeSpec.Generator.Tests.Providers.ModelProviders.ModelCustomizationTests" name="CanCustomizeTypeRenamedInVisitor" />
    </UnitTest>
    <UnitTest name="NonFrameworkTypeEqualsEquivalentFrameworkType(System.Nullable`1[System.Int32])" storage="/home/runner/work/typespec/typespec/packages/http-client-csharp/generator/artifacts/bin/microsoft.typespec.generator.tests/debug/net8.0/microsoft.typespec.generator.tests.dll" id="044d0f6a-b329-ed6e-1689-3b6bd6c4e587">
      <Execution id="568db0e3-4d4d-4c19-927b-1702f85412f4" />
      <TestMethod codeBase="/home/runner/work/typespec/typespec/packages/http-client-csharp/generator/artifacts/bin/Microsoft.TypeSpec.Generator.Tests/Debug/net8.0/Microsoft.TypeSpec.Generator.Tests.dll" adapterTypeName="executor://nunit3testexecutor/" className="Microsoft.TypeSpec.Generator.Tests.Primitives.CSharpTypeTests" name="NonFrameworkTypeEqualsEquivalentFrameworkType(System.Nullable`1[System.Int32])" />
    </UnitTest>
    <UnitTest name="IntSerializationFormat(UInt64,null)" storage="/home/runner/work/typespec/typespec/packages/http-client-csharp/generator/artifacts/bin/microsoft.typespec.generator.tests/debug/net8.0/microsoft.typespec.generator.tests.dll" id="f4dfe096-289b-8e1f-f467-270ed66a728d">
      <Execution id="abd0380e-ccc3-4879-b06e-957bffaab132" />
      <TestMethod codeBase="/home/runner/work/typespec/typespec/packages/http-client-csharp/generator/artifacts/bin/Microsoft.TypeSpec.Generator.Tests/Debug/net8.0/Microsoft.TypeSpec.Generator.Tests.dll" adapterTypeName="executor://nunit3testexecutor/" className="Microsoft.TypeSpec.Generator.Tests.TypeFactoryTests" name="IntSerializationFormat(UInt64,null)" />
    </UnitTest>
    <UnitTest name="TestIsCSharpKeyword(&quot;short&quot;,True)" storage="/home/runner/work/typespec/typespec/packages/http-client-csharp/generator/artifacts/bin/microsoft.typespec.generator.tests/debug/net8.0/microsoft.typespec.generator.tests.dll" id="5a7c7526-dbb1-3787-def7-1b33c31dd0d7">
      <Execution id="1eeb4a17-57d2-4840-999c-90ab9e64012d" />
      <TestMethod codeBase="/home/runner/work/typespec/typespec/packages/http-client-csharp/generator/artifacts/bin/Microsoft.TypeSpec.Generator.Tests/Debug/net8.0/Microsoft.TypeSpec.Generator.Tests.dll" adapterTypeName="executor://nunit3testexecutor/" className="Microsoft.TypeSpec.Generator.Tests.Utilities.StringExtensionsTests" name="TestIsCSharpKeyword(&quot;short&quot;,True)" />
    </UnitTest>
    <UnitTest name="Obj_NotNull_ReturnsTrue" storage="/home/runner/work/typespec/typespec/packages/http-client-csharp/generator/artifacts/bin/microsoft.typespec.generator.tests/debug/net8.0/microsoft.typespec.generator.tests.dll" id="d5e75387-5861-e45f-bd5e-55e1328985a3">
      <Execution id="27ca7194-b9ef-4b9b-8407-41f0d09a5b2b" />
      <TestMethod codeBase="/home/runner/work/typespec/typespec/packages/http-client-csharp/generator/artifacts/bin/Microsoft.TypeSpec.Generator.Tests/Debug/net8.0/Microsoft.TypeSpec.Generator.Tests.dll" adapterTypeName="executor://nunit3testexecutor/" className="Microsoft.TypeSpec.Generator.Tests.Providers.OptionalTests" name="Obj_NotNull_ReturnsTrue" />
    </UnitTest>
    <UnitTest name="DictionaryExpression(System.Tuple`1[T1],System.Tuple`2[T1,T2])" storage="/home/runner/work/typespec/typespec/packages/http-client-csharp/generator/artifacts/bin/microsoft.typespec.generator.tests/debug/net8.0/microsoft.typespec.generator.tests.dll" id="898f17e3-1177-42cd-4c82-d7559e1b2361">
      <Execution id="6822143c-3cac-46aa-9516-aa83e7aca14c" />
      <TestMethod codeBase="/home/runner/work/typespec/typespec/packages/http-client-csharp/generator/artifacts/bin/Microsoft.TypeSpec.Generator.Tests/Debug/net8.0/Microsoft.TypeSpec.Generator.Tests.dll" adapterTypeName="executor://nunit3testexecutor/" className="Microsoft.TypeSpec.Generator.Tests.Expressions.KnownValueExpressionsTests" name="DictionaryExpression(System.Tuple`1[T1],System.Tuple`2[T1,T2])" />
    </UnitTest>
    <UnitTest name="TestIsCSharpKeyword(&quot;interface&quot;,True)" storage="/home/runner/work/typespec/typespec/packages/http-client-csharp/generator/artifacts/bin/microsoft.typespec.generator.tests/debug/net8.0/microsoft.typespec.generator.tests.dll" id="f158d5cf-8a1b-9031-7b5f-5b22da549395">
      <Execution id="fed73d0b-0497-4c24-9864-f0d325c31f2c" />
      <TestMethod codeBase="/home/runner/work/typespec/typespec/packages/http-client-csharp/generator/artifacts/bin/Microsoft.TypeSpec.Generator.Tests/Debug/net8.0/Microsoft.TypeSpec.Generator.Tests.dll" adapterTypeName="executor://nunit3testexecutor/" className="Microsoft.TypeSpec.Generator.Tests.Utilities.StringExtensionsTests" name="TestIsCSharpKeyword(&quot;interface&quot;,True)" />
    </UnitTest>
    <UnitTest name="CanUpdateAssignmentExpression" storage="/home/runner/work/typespec/typespec/packages/http-client-csharp/generator/artifacts/bin/microsoft.typespec.generator.tests/debug/net8.0/microsoft.typespec.generator.tests.dll" id="80263573-de35-009a-43df-814f8f35d8dc">
      <Execution id="467eb05c-6e21-4c80-bf3f-c604c3b64c6e" />
      <TestMethod codeBase="/home/runner/work/typespec/typespec/packages/http-client-csharp/generator/artifacts/bin/Microsoft.TypeSpec.Generator.Tests/Debug/net8.0/Microsoft.TypeSpec.Generator.Tests.dll" adapterTypeName="executor://nunit3testexecutor/" className="Microsoft.TypeSpec.Generator.Tests.Expressions.ExpressionVisitorTests" name="CanUpdateAssignmentExpression" />
    </UnitTest>
    <UnitTest name="BodyHasSetterValidation(&quot;readOnlyDictionaryOnInputOutputModel&quot;,Microsoft.TypeSpec.Generator.Input.InputModelType,False,null)" storage="/home/runner/work/typespec/typespec/packages/http-client-csharp/generator/artifacts/bin/microsoft.typespec.generator.tests/debug/net8.0/microsoft.typespec.generator.tests.dll" id="c61c9d73-dda0-6953-3043-f3e6255aa186">
      <Execution id="3fea6d15-5b0b-4d12-ad02-96c0ad731ad0" />
      <TestMethod codeBase="/home/runner/work/typespec/typespec/packages/http-client-csharp/generator/artifacts/bin/Microsoft.TypeSpec.Generator.Tests/Debug/net8.0/Microsoft.TypeSpec.Generator.Tests.dll" adapterTypeName="executor://nunit3testexecutor/" className="Microsoft.TypeSpec.Generator.Tests.Providers.PropertyProviderTests" name="BodyHasSetterValidation(&quot;readOnlyDictionaryOnInputOutputModel&quot;,Microsoft.TypeSpec.Generator.Input.InputModelType,False,null)" />
    </UnitTest>
    <UnitTest name="TestInitialize_NoFileFound" storage="/home/runner/work/typespec/typespec/packages/http-client-csharp/generator/artifacts/bin/microsoft.typespec.generator.tests/debug/net8.0/microsoft.typespec.generator.tests.dll" id="093c6a46-e3b1-4e81-ea85-713dc797f64e">
      <Execution id="32fe73af-bdc8-4066-8db8-6b2d6d5aa219" />
      <TestMethod codeBase="/home/runner/work/typespec/typespec/packages/http-client-csharp/generator/artifacts/bin/Microsoft.TypeSpec.Generator.Tests/Debug/net8.0/Microsoft.TypeSpec.Generator.Tests.dll" adapterTypeName="executor://nunit3testexecutor/" className="Microsoft.TypeSpec.Generator.Tests.ConfigurationTests" name="TestInitialize_NoFileFound" />
    </UnitTest>
    <UnitTest name="ValidateModifiers" storage="/home/runner/work/typespec/typespec/packages/http-client-csharp/generator/artifacts/bin/microsoft.typespec.generator.tests/debug/net8.0/microsoft.typespec.generator.tests.dll" id="5e313791-9716-3c77-4680-c6a571a33fba">
      <Execution id="a3e046ba-c289-4f26-9b40-f03d53f78866" />
      <TestMethod codeBase="/home/runner/work/typespec/typespec/packages/http-client-csharp/generator/artifacts/bin/Microsoft.TypeSpec.Generator.Tests/Debug/net8.0/Microsoft.TypeSpec.Generator.Tests.dll" adapterTypeName="executor://nunit3testexecutor/" className="Microsoft.TypeSpec.Generator.Tests.Providers.NamedTypeSymbolProviders.NamedTypeSymbolProviderTests" name="ValidateModifiers" />
    </UnitTest>
    <UnitTest name="VisitsTypes" storage="/home/runner/work/typespec/typespec/packages/http-client-csharp/generator/artifacts/bin/microsoft.typespec.generator.tests/debug/net8.0/microsoft.typespec.generator.tests.dll" id="4a01f513-c69a-d2a9-9918-136f1da2989d">
      <Execution id="2f545f9c-2486-4832-964f-4863d772ba59" />
      <TestMethod codeBase="/home/runner/work/typespec/typespec/packages/http-client-csharp/generator/artifacts/bin/Microsoft.TypeSpec.Generator.Tests/Debug/net8.0/Microsoft.TypeSpec.Generator.Tests.dll" adapterTypeName="executor://nunit3testexecutor/" className="Microsoft.TypeSpec.Generator.Tests.OutputLibraryVisitorTests" name="VisitsTypes" />
    </UnitTest>
    <UnitTest name="FullyQualifiedNamePopulatedForTypeProviders" storage="/home/runner/work/typespec/typespec/packages/http-client-csharp/generator/artifacts/bin/microsoft.typespec.generator.tests/debug/net8.0/microsoft.typespec.generator.tests.dll" id="4eca8843-35a3-b741-8711-c5436301e264">
      <Execution id="a0a4e10d-5643-4328-b696-838e43ec92fc" />
      <TestMethod codeBase="/home/runner/work/typespec/typespec/packages/http-client-csharp/generator/artifacts/bin/Microsoft.TypeSpec.Generator.Tests/Debug/net8.0/Microsoft.TypeSpec.Generator.Tests.dll" adapterTypeName="executor://nunit3testexecutor/" className="Microsoft.TypeSpec.Generator.Tests.Primitives.CSharpTypeTests" name="FullyQualifiedNamePopulatedForTypeProviders" />
    </UnitTest>
    <UnitTest name="CorrectValidationIsAppliedToParameter(String,False,None)" storage="/home/runner/work/typespec/typespec/packages/http-client-csharp/generator/artifacts/bin/microsoft.typespec.generator.tests/debug/net8.0/microsoft.typespec.generator.tests.dll" id="59a9d30f-f5bb-c511-df6c-f751a47e7e48">
      <Execution id="b4abef98-1c10-46a3-91f3-3474863bf1fa" />
      <TestMethod codeBase="/home/runner/work/typespec/typespec/packages/http-client-csharp/generator/artifacts/bin/Microsoft.TypeSpec.Generator.Tests/Debug/net8.0/Microsoft.TypeSpec.Generator.Tests.dll" adapterTypeName="executor://nunit3testexecutor/" className="Microsoft.TypeSpec.Generator.Tests.Providers.ParameterProviderTests" name="CorrectValidationIsAppliedToParameter(String,False,None)" />
    </UnitTest>
  </TestDefinitions>
  <TestEntries>
    <TestEntry testId="cfd0af04-f3dc-0a74-1e9d-e96e41c6efc6" executionId="4dadfaf7-6185-4b4e-81ac-1939bddc4a5e" testListId="8c84fa94-04c1-424b-9868-57a2d4851a1d" />
    <TestEntry testId="a9a0a623-de99-ffd6-5c43-ed9a99915615" executionId="832a6ba9-36cc-4231-9533-1dd8d6ac8919" testListId="8c84fa94-04c1-424b-9868-57a2d4851a1d" />
    <TestEntry testId="e2039d45-fd2d-c132-a00d-e948754ce65d" executionId="7d5b082c-6013-44b6-ab79-e3a26b623334" testListId="8c84fa94-04c1-424b-9868-57a2d4851a1d" />
    <TestEntry testId="40a85c6c-c756-5b14-9ac1-b54d809a5569" executionId="c694101e-7bf6-4224-8078-079df465ed45" testListId="8c84fa94-04c1-424b-9868-57a2d4851a1d" />
    <TestEntry testId="91b95da8-603f-b232-9073-55e1b9d916b9" executionId="c2f9b01d-61a6-4170-b9a9-86214465538d" testListId="8c84fa94-04c1-424b-9868-57a2d4851a1d" />
    <TestEntry testId="0d425a27-31f7-19b7-e956-36a35d28d84b" executionId="8624d39e-6070-4d17-9f3f-1ba11053060a" testListId="8c84fa94-04c1-424b-9868-57a2d4851a1d" />
    <TestEntry testId="ea284939-9f63-406e-d9b3-5d8dcdf48b5d" executionId="267550c1-c114-4cab-ab96-9acd60142d72" testListId="8c84fa94-04c1-424b-9868-57a2d4851a1d" />
    <TestEntry testId="42128f80-2763-b343-717b-a3b1c007eecb" executionId="832c377d-2c8d-4e8a-8d7c-38fd730f2fb4" testListId="8c84fa94-04c1-424b-9868-57a2d4851a1d" />
    <TestEntry testId="e16b20de-eff3-a90a-31e9-7af8dfaecfc5" executionId="3ad93b6a-4909-4feb-9eb0-446372ec1d2a" testListId="8c84fa94-04c1-424b-9868-57a2d4851a1d" />
    <TestEntry testId="4c1684c0-a2e7-4381-d0c9-50e5430b44d5" executionId="54f5ab42-723a-4cec-b856-0b62b182e0e8" testListId="8c84fa94-04c1-424b-9868-57a2d4851a1d" />
    <TestEntry testId="e3aa2b3a-2115-a524-d4fb-137c0c750156" executionId="e489d6c9-1019-4fb7-bf7f-3dfd4a7ead80" testListId="8c84fa94-04c1-424b-9868-57a2d4851a1d" />
    <TestEntry testId="bbcaa4b0-3f46-3a73-7692-7ddd079c6af7" executionId="4d62a55c-870b-4246-ab07-803bea42064b" testListId="8c84fa94-04c1-424b-9868-57a2d4851a1d" />
    <TestEntry testId="de98a727-0b3e-6420-a7b9-0aff9c315a0d" executionId="92291e4e-0f0e-47cd-8f90-2ac5a9e14814" testListId="8c84fa94-04c1-424b-9868-57a2d4851a1d" />
    <TestEntry testId="89041d36-049e-3945-5bbf-ee519760b97a" executionId="9981c865-6d3e-4e37-a245-a0a45c3e8a5e" testListId="8c84fa94-04c1-424b-9868-57a2d4851a1d" />
    <TestEntry testId="197b1472-f12b-518d-0951-8d2db78ad7ca" executionId="52c52ce1-1060-4cf7-b304-59ae8dfbcaa9" testListId="8c84fa94-04c1-424b-9868-57a2d4851a1d" />
    <TestEntry testId="c716316b-4173-8c15-b7a2-0d312c5ddde0" executionId="07958cec-c891-4676-9bdf-65619b4faa06" testListId="8c84fa94-04c1-424b-9868-57a2d4851a1d" />
    <TestEntry testId="f7358e73-f45b-ed04-d227-c7ce733a2b97" executionId="00a8123e-c34c-42b2-b793-6c7f97c3dab8" testListId="8c84fa94-04c1-424b-9868-57a2d4851a1d" />
    <TestEntry testId="1afc3708-f9f2-1899-b0c8-9a23a00892d0" executionId="5c5f595e-8fac-4317-9868-265048ea792c" testListId="8c84fa94-04c1-424b-9868-57a2d4851a1d" />
    <TestEntry testId="b741ee7a-e6f0-2058-da0b-e4c9dde534c3" executionId="44583643-5fe9-433b-ae9a-c7538dd2ea32" testListId="8c84fa94-04c1-424b-9868-57a2d4851a1d" />
    <TestEntry testId="68a85961-9245-ef89-9384-7c147c86200d" executionId="01bb6fb2-82da-4975-b9bc-a4cfdfe317ef" testListId="8c84fa94-04c1-424b-9868-57a2d4851a1d" />
    <TestEntry testId="46ebacfc-585a-45bd-fa8a-333ce302a0d7" executionId="ab2d6939-aea4-4241-bb94-2ad485ce4656" testListId="8c84fa94-04c1-424b-9868-57a2d4851a1d" />
    <TestEntry testId="5a223c4c-43e6-8a01-1da1-2bc5f9ab8941" executionId="473050f2-b463-4541-806c-5c419df2f55f" testListId="8c84fa94-04c1-424b-9868-57a2d4851a1d" />
    <TestEntry testId="5a7c7526-dbb1-3787-def7-1b33c31dd0d7" executionId="1eeb4a17-57d2-4840-999c-90ab9e64012d" testListId="8c84fa94-04c1-424b-9868-57a2d4851a1d" />
    <TestEntry testId="6a84dd81-0c57-940b-ae30-24f96fd86b92" executionId="84b498f7-2e6a-43f8-a555-a3a613ea0294" testListId="8c84fa94-04c1-424b-9868-57a2d4851a1d" />
    <TestEntry testId="8b915ac3-5c09-a33c-76c3-2bbb3fbc3f08" executionId="0b79346c-f2fd-45c6-8a50-3acc4f540dd1" testListId="8c84fa94-04c1-424b-9868-57a2d4851a1d" />
    <TestEntry testId="6a61ae6d-dd9d-8e10-2fa5-74148326aae9" executionId="8e047c8d-3231-4989-9d6f-3de99e65e392" testListId="8c84fa94-04c1-424b-9868-57a2d4851a1d" />
    <TestEntry testId="4cc9d4ab-e132-c853-fa2e-dbbd8b513879" executionId="376e4dae-abc2-4375-a69f-9234a95ce386" testListId="8c84fa94-04c1-424b-9868-57a2d4851a1d" />
    <TestEntry testId="6927a10a-5b6a-7178-59d0-24e82e00a882" executionId="336b87f4-09a5-44ff-bbdf-49514f2c114b" testListId="8c84fa94-04c1-424b-9868-57a2d4851a1d" />
    <TestEntry testId="b6db30fd-3332-fff3-0038-e76827e7300b" executionId="12de3335-d7c2-4794-b749-c991ece79180" testListId="8c84fa94-04c1-424b-9868-57a2d4851a1d" />
    <TestEntry testId="cafe0a4b-3d0e-f664-9631-edd1f0d2dc2e" executionId="11be6046-05a7-4e3c-8160-402a68b5ef98" testListId="8c84fa94-04c1-424b-9868-57a2d4851a1d" />
    <TestEntry testId="5ed6d2f0-916e-9077-823c-7fdd9975f314" executionId="5c8fa1c3-dd82-4844-9b07-db11cdb9e34a" testListId="8c84fa94-04c1-424b-9868-57a2d4851a1d" />
    <TestEntry testId="1f0e8cee-aee2-c865-db79-0658a5f7e3b3" executionId="bf062eeb-e7ac-423e-9717-918a11bd3400" testListId="8c84fa94-04c1-424b-9868-57a2d4851a1d" />
    <TestEntry testId="1558228e-d5be-e738-5994-fd41d8ca6f08" executionId="911761f3-6c82-4bbb-b956-316bfecc290d" testListId="8c84fa94-04c1-424b-9868-57a2d4851a1d" />
    <TestEntry testId="db96f5ae-9f1f-2fcc-fe19-986560c60177" executionId="f19865d4-b6a8-4cf6-9952-0aa08d7d1ff1" testListId="8c84fa94-04c1-424b-9868-57a2d4851a1d" />
    <TestEntry testId="94cbbdc2-b821-63bc-f296-3e04f8e03274" executionId="a29f7717-bc5a-475a-bf35-b228f2fdf745" testListId="8c84fa94-04c1-424b-9868-57a2d4851a1d" />
    <TestEntry testId="3ef7420c-d306-f082-a482-ad3bb0121ce4" executionId="e205e6bb-a91d-43f5-a507-8e7322b6ce0c" testListId="8c84fa94-04c1-424b-9868-57a2d4851a1d" />
    <TestEntry testId="dd08354a-dbba-b331-ea92-2d10eb1d0fce" executionId="0eadc858-a6f5-4c0c-97be-1c31f6ad83d5" testListId="8c84fa94-04c1-424b-9868-57a2d4851a1d" />
    <TestEntry testId="d671edcd-436b-332e-33a1-90b451097361" executionId="bf6e2056-0f31-4c7e-afe1-9a951e6adbd2" testListId="8c84fa94-04c1-424b-9868-57a2d4851a1d" />
    <TestEntry testId="2ad6e120-d9a9-8c8f-b8c4-8df96217afde" executionId="cec022a7-df14-4439-8c62-976bf9843f71" testListId="8c84fa94-04c1-424b-9868-57a2d4851a1d" />
    <TestEntry testId="c919db04-6c42-7f3d-0e7b-2e5f9ca8157a" executionId="87ea311a-952d-40ef-8017-44072ada9020" testListId="8c84fa94-04c1-424b-9868-57a2d4851a1d" />
    <TestEntry testId="7169fa09-1f39-0413-c906-4d8b86b23d63" executionId="fb99c68e-6d04-4c27-9e8c-053d5a3f99ad" testListId="8c84fa94-04c1-424b-9868-57a2d4851a1d" />
    <TestEntry testId="7bbe00f7-a481-c476-9f13-da55ba670a72" executionId="8b423559-1554-4ea7-b6fa-1d7271cfb0af" testListId="8c84fa94-04c1-424b-9868-57a2d4851a1d" />
    <TestEntry testId="33a726c2-b72a-feb7-5786-a21c52f7478c" executionId="c4eb0429-712f-48e6-9da6-6bbb3f0ca623" testListId="8c84fa94-04c1-424b-9868-57a2d4851a1d" />
    <TestEntry testId="681f0015-fec7-0905-a553-b0e79b4d8d7f" executionId="5874bc68-e0d9-48c6-804d-f5cf4d081fc0" testListId="8c84fa94-04c1-424b-9868-57a2d4851a1d" />
    <TestEntry testId="5fa08762-c225-80b2-5d21-73957ee628b2" executionId="c708fff2-841b-46d6-95b7-36e9e233c394" testListId="8c84fa94-04c1-424b-9868-57a2d4851a1d" />
    <TestEntry testId="314ed5eb-05ef-f064-7467-995a31d3e7f4" executionId="56c16b19-f9b2-4c78-a915-111994092a3d" testListId="8c84fa94-04c1-424b-9868-57a2d4851a1d" />
    <TestEntry testId="728bdcae-6695-3542-b84c-d6fe04d3f51c" executionId="70d78247-ce04-4423-8944-244c1662b23b" testListId="8c84fa94-04c1-424b-9868-57a2d4851a1d" />
    <TestEntry testId="a2424176-655c-fb0b-22a0-4128920a29db" executionId="10599226-7f39-4c41-bfa9-b5acb2bb0557" testListId="8c84fa94-04c1-424b-9868-57a2d4851a1d" />
    <TestEntry testId="a8baf934-7123-2b6e-5a99-f97458b8d9f1" executionId="46944b5d-dc89-4b13-b915-024847325c9d" testListId="8c84fa94-04c1-424b-9868-57a2d4851a1d" />
    <TestEntry testId="0af45fc5-5f23-7fbe-155d-cce3f2750d12" executionId="a2fbf85a-1754-4e00-9266-31dd40d79884" testListId="8c84fa94-04c1-424b-9868-57a2d4851a1d" />
    <TestEntry testId="a3f851c8-9a0d-02ea-6b79-be0a84771d5e" executionId="2954943f-b086-434b-9ff3-5f35ec3bf7e9" testListId="8c84fa94-04c1-424b-9868-57a2d4851a1d" />
    <TestEntry testId="2e841bb7-e17f-2666-0014-ab34cba60f28" executionId="bdaf951e-757e-46ee-af05-35f6cc4dc8b7" testListId="8c84fa94-04c1-424b-9868-57a2d4851a1d" />
    <TestEntry testId="d3963586-e2ca-4e80-b578-88a902fe01e7" executionId="0a2c5aae-ee48-43ec-9c53-b549442e04ac" testListId="8c84fa94-04c1-424b-9868-57a2d4851a1d" />
    <TestEntry testId="275244f1-260b-8169-32ed-eb20f650345d" executionId="0d9fc797-c714-4a2d-b9d9-f474af6f368d" testListId="8c84fa94-04c1-424b-9868-57a2d4851a1d" />
    <TestEntry testId="26b5d5c1-e705-32b0-2159-1d5a15990b3c" executionId="3a8b18cf-bf51-4bd7-be1e-bfb704ee9bd0" testListId="8c84fa94-04c1-424b-9868-57a2d4851a1d" />
    <TestEntry testId="1987b856-ca1c-f390-f03f-982fd981aad7" executionId="e8dc6bca-61b6-41b7-8ea6-3fc1c1f280e3" testListId="8c84fa94-04c1-424b-9868-57a2d4851a1d" />
    <TestEntry testId="d78fd4cb-df66-5873-0931-c2673f628faa" executionId="787a01b2-f956-498d-8ce0-01d79b2cbcec" testListId="8c84fa94-04c1-424b-9868-57a2d4851a1d" />
    <TestEntry testId="9d42c549-bb49-ff20-8f38-9140741be034" executionId="ca785ccb-a529-4c80-ad81-0cd5a93ba4dc" testListId="8c84fa94-04c1-424b-9868-57a2d4851a1d" />
    <TestEntry testId="292fcb11-3235-5d58-6743-74ed56c23f7c" executionId="87be4ccc-e529-4612-b535-662dc5c89462" testListId="8c84fa94-04c1-424b-9868-57a2d4851a1d" />
    <TestEntry testId="161e78a2-985b-73b5-20a4-3feb854ec30e" executionId="b734974d-7ea1-4421-af5d-611c88529400" testListId="8c84fa94-04c1-424b-9868-57a2d4851a1d" />
    <TestEntry testId="132b2b53-d44e-8789-c425-fe7fc1e38244" executionId="1d715ade-4693-455c-9cfc-19c0d107b4e9" testListId="8c84fa94-04c1-424b-9868-57a2d4851a1d" />
    <TestEntry testId="33a180ed-590d-42e0-e9de-194f4f8f4962" executionId="77fa1bd1-f5a8-4b9a-9909-7571039d4396" testListId="8c84fa94-04c1-424b-9868-57a2d4851a1d" />
    <TestEntry testId="313f1625-01d4-1a17-c4a9-ba74446a7696" executionId="046e50a5-8229-46e7-b12d-2da1d3a07b90" testListId="8c84fa94-04c1-424b-9868-57a2d4851a1d" />
    <TestEntry testId="3bc16559-3f1a-487f-4d9b-ee3c1eff2335" executionId="fe08e160-e303-4d56-944d-277a958f0c90" testListId="8c84fa94-04c1-424b-9868-57a2d4851a1d" />
    <TestEntry testId="5421f54a-a02f-943d-b2bb-0b6cb00f03bd" executionId="cfde1ef8-4e83-495a-8d8d-c5ae1ba9ad4d" testListId="8c84fa94-04c1-424b-9868-57a2d4851a1d" />
    <TestEntry testId="d112d793-2e94-bed3-e25b-2d1af937a1e4" executionId="a2629baf-dca7-4307-b528-c554ad6dea6c" testListId="8c84fa94-04c1-424b-9868-57a2d4851a1d" />
    <TestEntry testId="80e8783e-2944-8a5b-ac7e-c8c21d872c1f" executionId="e1617986-c8ad-44de-aae5-218fe243330c" testListId="8c84fa94-04c1-424b-9868-57a2d4851a1d" />
    <TestEntry testId="afec90f6-9620-161f-dfc2-32352e356193" executionId="e405cf49-1b44-430c-9d4d-9ec6c942c375" testListId="8c84fa94-04c1-424b-9868-57a2d4851a1d" />
    <TestEntry testId="9071ed67-966f-b1ae-e980-c083f720d08b" executionId="7b3d42ba-2d41-4c93-acc8-602b47d4caad" testListId="8c84fa94-04c1-424b-9868-57a2d4851a1d" />
    <TestEntry testId="e1ff934e-07a0-0a26-a8e7-0fb4a8f73c6c" executionId="9e34adce-6676-4501-a947-b041cff35b84" testListId="8c84fa94-04c1-424b-9868-57a2d4851a1d" />
    <TestEntry testId="fd8f3f21-e3fc-5557-187a-5397b25a9e29" executionId="61034161-b849-456e-b13b-16d8bb0b037a" testListId="8c84fa94-04c1-424b-9868-57a2d4851a1d" />
    <TestEntry testId="a4098945-aef8-d604-acc8-f0f260fbcbe3" executionId="edf75331-da9d-46c7-8ddd-060412194f4b" testListId="8c84fa94-04c1-424b-9868-57a2d4851a1d" />
    <TestEntry testId="2e335e06-be84-eebd-8429-513bccec0e21" executionId="41aa2932-1223-4aaf-9be6-d2980fb43b63" testListId="8c84fa94-04c1-424b-9868-57a2d4851a1d" />
    <TestEntry testId="2232bf9a-59eb-5452-bf1a-81958d9f43ed" executionId="c5a47f0f-c97f-4c02-a519-db4a3bb3abe8" testListId="8c84fa94-04c1-424b-9868-57a2d4851a1d" />
    <TestEntry testId="9ba4b360-4393-bee9-6b8f-bd1ee1dd20e9" executionId="46b66353-857f-43e8-95d9-8049463a0ee2" testListId="8c84fa94-04c1-424b-9868-57a2d4851a1d" />
    <TestEntry testId="5ae472fb-6ea9-c188-3f0e-6629f16f8c6c" executionId="55f20353-ae36-4bba-baa0-b9d6c55e9e7e" testListId="8c84fa94-04c1-424b-9868-57a2d4851a1d" />
    <TestEntry testId="aff9b247-e2ea-7389-05de-ce1036715c81" executionId="afc38961-202a-4338-8ba4-37eadb7445c8" testListId="8c84fa94-04c1-424b-9868-57a2d4851a1d" />
    <TestEntry testId="2dbe48d0-ea66-2f9c-042c-b20f4122277a" executionId="f23a0062-b1ee-4c5c-ae9d-8b53a7a36682" testListId="8c84fa94-04c1-424b-9868-57a2d4851a1d" />
    <TestEntry testId="1af4ac2d-863e-cbc7-a2d1-1c8e6844de6b" executionId="81020290-c895-4a75-a5b2-e4fc6d24a8eb" testListId="8c84fa94-04c1-424b-9868-57a2d4851a1d" />
    <TestEntry testId="b6fa813b-230f-c96a-8dbd-f2bf0543fc9a" executionId="5357b1b1-53ad-4c27-af1c-cf57366b9c3f" testListId="8c84fa94-04c1-424b-9868-57a2d4851a1d" />
    <TestEntry testId="9dc37f2a-c5ae-ddf1-babf-93c860dad240" executionId="2c6721d7-1e95-45e7-9aad-1fb3b64b0da6" testListId="8c84fa94-04c1-424b-9868-57a2d4851a1d" />
    <TestEntry testId="ae6efea9-c0e0-125e-34be-38fda421ccf0" executionId="cf58fc4d-2353-4d49-b27d-529771c4959e" testListId="8c84fa94-04c1-424b-9868-57a2d4851a1d" />
    <TestEntry testId="921becbe-871e-b5c6-0fad-012382fc0bba" executionId="8822de14-247c-4937-8c02-76cdcaa6df99" testListId="8c84fa94-04c1-424b-9868-57a2d4851a1d" />
    <TestEntry testId="3140ba5e-963b-4052-bcda-569db27c5b8b" executionId="8d0474eb-e208-4900-a2d1-6c9bdd28ce12" testListId="8c84fa94-04c1-424b-9868-57a2d4851a1d" />
    <TestEntry testId="e8583dfe-bef2-ad72-ae84-7a0c797fce55" executionId="ab2f8409-2102-45fa-ae10-8f6aab78378e" testListId="8c84fa94-04c1-424b-9868-57a2d4851a1d" />
    <TestEntry testId="fc6d4e05-e972-9b67-7fd5-ed8afffa3d04" executionId="45a41214-46e9-49d9-8962-7709eafc3a44" testListId="8c84fa94-04c1-424b-9868-57a2d4851a1d" />
    <TestEntry testId="86bafbda-1d9a-b11b-f929-7fdf29a2579b" executionId="6d6f5840-f4d3-4759-b85d-d785a087b373" testListId="8c84fa94-04c1-424b-9868-57a2d4851a1d" />
    <TestEntry testId="a7701d02-1efd-9241-2671-8b40eb52b3c6" executionId="29fa19db-4acb-47bc-ad76-ff41bca112e2" testListId="8c84fa94-04c1-424b-9868-57a2d4851a1d" />
    <TestEntry testId="75d50189-0337-ea36-24ba-1508c78257cc" executionId="9acc41e2-ab61-40a2-b529-1203f900d745" testListId="8c84fa94-04c1-424b-9868-57a2d4851a1d" />
    <TestEntry testId="c1a4ca7e-58dd-da5f-71c8-6ba4d461996f" executionId="4cd6d3f7-0c41-4de6-b0f0-d7f325f72f1a" testListId="8c84fa94-04c1-424b-9868-57a2d4851a1d" />
    <TestEntry testId="0b5b322e-e6b9-b53b-ee88-d28c8e0125c9" executionId="cea80723-e961-4b59-bc46-9196d7bc7fca" testListId="8c84fa94-04c1-424b-9868-57a2d4851a1d" />
    <TestEntry testId="6adc1957-da8b-7549-e382-0a1db259d822" executionId="fb275c4d-2a24-4d26-92cd-4df5d15dfd34" testListId="8c84fa94-04c1-424b-9868-57a2d4851a1d" />
    <TestEntry testId="f94d6958-6588-1f41-34b4-8cd145a4db4b" executionId="dad20923-6261-49bb-a43a-0ad2086855b8" testListId="8c84fa94-04c1-424b-9868-57a2d4851a1d" />
    <TestEntry testId="6f3c6e12-9b74-aadd-c68d-32108b90a62a" executionId="eb13af7e-949c-4c66-938b-2f9b25bf5010" testListId="8c84fa94-04c1-424b-9868-57a2d4851a1d" />
    <TestEntry testId="98434a80-fdf6-c589-8491-27597fe52c2d" executionId="9ce72359-2fe2-4750-ae90-7de1aec8c834" testListId="8c84fa94-04c1-424b-9868-57a2d4851a1d" />
    <TestEntry testId="32887e39-d2d6-395d-8476-5506e3754a7e" executionId="350215cb-9591-4fd6-aef2-16a8b87da6f7" testListId="8c84fa94-04c1-424b-9868-57a2d4851a1d" />
    <TestEntry testId="a05419fb-fa34-bae2-fbb2-d46c53d46cfa" executionId="041b0a73-5b31-441f-a92f-8dcb94d6d889" testListId="8c84fa94-04c1-424b-9868-57a2d4851a1d" />
    <TestEntry testId="0bef4102-12a6-3b9f-b397-11bd8ec3188e" executionId="18fd706b-f5a8-46b3-8810-545f2193e69e" testListId="8c84fa94-04c1-424b-9868-57a2d4851a1d" />
    <TestEntry testId="9101ab3b-170b-d074-831e-6bbc24513159" executionId="35e8187f-de34-42e0-ba74-a4285cb0e898" testListId="8c84fa94-04c1-424b-9868-57a2d4851a1d" />
    <TestEntry testId="7bf947ee-381a-1499-30ec-e9b2891d9285" executionId="bf266cbf-9252-40fb-8a45-71e2d69bf284" testListId="8c84fa94-04c1-424b-9868-57a2d4851a1d" />
    <TestEntry testId="483288a8-d0a2-64bb-409d-d76b11e5343a" executionId="0c2d3e6f-315d-49d1-bf0f-ec4f5aa543cf" testListId="8c84fa94-04c1-424b-9868-57a2d4851a1d" />
    <TestEntry testId="711d2162-2b98-a5ab-d146-f061d4a9490c" executionId="7ee4ac1e-f736-4f12-97c6-e4e1e0d8c5cf" testListId="8c84fa94-04c1-424b-9868-57a2d4851a1d" />
    <TestEntry testId="e17d0d65-c0f5-823b-3b4b-8a272abd951c" executionId="a367514a-9ef3-486e-8f64-446429a95d18" testListId="8c84fa94-04c1-424b-9868-57a2d4851a1d" />
    <TestEntry testId="4cc3e218-b161-c62c-d836-0284324d6237" executionId="2d5ac42c-109f-4209-a3c5-59d46e372fa1" testListId="8c84fa94-04c1-424b-9868-57a2d4851a1d" />
    <TestEntry testId="38ccc626-a6f2-185e-9424-13a507faa6f1" executionId="3c2db502-48c1-4822-b6db-c94cc39fe1a2" testListId="8c84fa94-04c1-424b-9868-57a2d4851a1d" />
    <TestEntry testId="5faa7576-5bd9-c01f-8a77-6447b82cf9b2" executionId="1e050f90-ff4c-48c3-9661-6aa85c795881" testListId="8c84fa94-04c1-424b-9868-57a2d4851a1d" />
    <TestEntry testId="b3a33a9e-e0dc-2e99-7a41-ba2ae1eef3a8" executionId="ab7fd9a4-d48f-4b99-9594-98668cc25570" testListId="8c84fa94-04c1-424b-9868-57a2d4851a1d" />
    <TestEntry testId="42f71591-d73c-8990-98f8-f6f3fe171c28" executionId="b3b7549d-1576-458a-a91b-e27acf5760e9" testListId="8c84fa94-04c1-424b-9868-57a2d4851a1d" />
    <TestEntry testId="047897f4-dbdf-d695-96c6-b995af803b8e" executionId="3e521d86-2bcc-41d6-90b9-7954aacc0026" testListId="8c84fa94-04c1-424b-9868-57a2d4851a1d" />
    <TestEntry testId="d0d08358-736f-27e8-0ef9-204e43fa6c4d" executionId="12517e10-e17c-4784-b8a9-a1d7018b888d" testListId="8c84fa94-04c1-424b-9868-57a2d4851a1d" />
    <TestEntry testId="162ec600-3c0d-b20b-0ef0-589a4bc1ab7f" executionId="f2c38a26-1de6-4bfd-a5cc-9af98ecb7b74" testListId="8c84fa94-04c1-424b-9868-57a2d4851a1d" />
    <TestEntry testId="32f519da-a40b-b181-4d83-4257f290e3db" executionId="a14746ba-f66c-4702-895d-db14ece610c4" testListId="8c84fa94-04c1-424b-9868-57a2d4851a1d" />
    <TestEntry testId="38eb63dc-b52d-8bce-48df-09a5bf3605fa" executionId="46ae1557-e2b0-407b-aedb-4e9d01f628b9" testListId="8c84fa94-04c1-424b-9868-57a2d4851a1d" />
    <TestEntry testId="5cebd592-bd9a-5f69-76f3-70a1b64fb493" executionId="ff3194a7-9695-47b9-bb54-1daa74fa7255" testListId="8c84fa94-04c1-424b-9868-57a2d4851a1d" />
    <TestEntry testId="ee183c42-8169-b412-bfe9-e9d7ac90c9a4" executionId="86da047c-e49f-4a0d-a784-9c08d602c670" testListId="8c84fa94-04c1-424b-9868-57a2d4851a1d" />
    <TestEntry testId="7f92474a-3ae5-e825-288d-feb3f92941e7" executionId="a9fc3490-771f-422b-900c-501a6e7d968b" testListId="8c84fa94-04c1-424b-9868-57a2d4851a1d" />
    <TestEntry testId="a32824ae-7238-9f3a-7ce6-ca85f736eecd" executionId="bc2c1b6b-3095-4163-a601-a09b9a126d1b" testListId="8c84fa94-04c1-424b-9868-57a2d4851a1d" />
    <TestEntry testId="d6ec974b-6353-2efc-76e0-fff1e88333cb" executionId="08e57af6-97f9-43ed-8982-50f78851f49c" testListId="8c84fa94-04c1-424b-9868-57a2d4851a1d" />
    <TestEntry testId="84c06b8b-8cb9-f6cb-e4e2-8264159a20ad" executionId="96be5023-50eb-4634-a00b-ea881ec0a11e" testListId="8c84fa94-04c1-424b-9868-57a2d4851a1d" />
    <TestEntry testId="90bf6b45-fed4-fe2b-c5f1-66836f3259c4" executionId="ebdfe676-ae5d-4c32-a039-e18615f499b8" testListId="8c84fa94-04c1-424b-9868-57a2d4851a1d" />
    <TestEntry testId="e1ad1f4d-9d91-fbf4-5cbe-b153c5408369" executionId="a2eb0a29-1ea5-44d0-94a6-55627a31c8db" testListId="8c84fa94-04c1-424b-9868-57a2d4851a1d" />
    <TestEntry testId="79f04eff-f207-05e6-57f3-7e80f6692a74" executionId="5c570811-1bb5-45fc-869f-61b86a147abf" testListId="8c84fa94-04c1-424b-9868-57a2d4851a1d" />
    <TestEntry testId="9b3cfa10-15f6-641d-d610-9fb90dcc2420" executionId="65cbc7d7-748d-406b-a686-b797383b8bd5" testListId="8c84fa94-04c1-424b-9868-57a2d4851a1d" />
    <TestEntry testId="b1ea02bb-c410-8851-b718-5c2f496a74f6" executionId="0760aaa0-7db2-4df3-b0e5-a11355b16149" testListId="8c84fa94-04c1-424b-9868-57a2d4851a1d" />
    <TestEntry testId="d832ca72-8ed0-0f15-973d-4e0a54c1c11e" executionId="e021e684-a9c6-452c-b82d-7fdff36f198e" testListId="8c84fa94-04c1-424b-9868-57a2d4851a1d" />
    <TestEntry testId="58c2a48b-8bbe-0380-caa2-a75f54af8cb9" executionId="a2e2df73-2833-4db6-b2bc-3492d49edbe3" testListId="8c84fa94-04c1-424b-9868-57a2d4851a1d" />
    <TestEntry testId="e5ffa856-2a3d-4756-1353-c73d0329c101" executionId="6c485474-c524-41f9-bce0-71967b0ab0fe" testListId="8c84fa94-04c1-424b-9868-57a2d4851a1d" />
    <TestEntry testId="0b571c5d-6760-ff1b-1a63-3687d380bbd8" executionId="a79d9ce7-dc60-4210-a1bb-9cbf38217b2f" testListId="8c84fa94-04c1-424b-9868-57a2d4851a1d" />
    <TestEntry testId="9d50704a-b227-d7a3-39a9-b894a0d5a877" executionId="1cfc7036-5fd2-4d7b-9193-a007b9a8690b" testListId="8c84fa94-04c1-424b-9868-57a2d4851a1d" />
    <TestEntry testId="4227ff06-9010-e871-ce9c-b32ecf923096" executionId="832972ae-8ec0-476d-8375-6cb8e716308c" testListId="8c84fa94-04c1-424b-9868-57a2d4851a1d" />
    <TestEntry testId="f95f54b0-b26c-1837-7e7c-6d7991c125cc" executionId="a34ee0a1-3858-4184-a676-a3da20dd763a" testListId="8c84fa94-04c1-424b-9868-57a2d4851a1d" />
    <TestEntry testId="bf677aec-7ef0-def2-9b66-e1eef9bbe9cb" executionId="e990fa9d-1db7-493f-8ee0-3d0f36e51e59" testListId="8c84fa94-04c1-424b-9868-57a2d4851a1d" />
    <TestEntry testId="466caf75-9147-2919-3448-981a8ec4c4ac" executionId="4f1ec4fc-fd9a-48a6-8014-84fb0e1e1061" testListId="8c84fa94-04c1-424b-9868-57a2d4851a1d" />
    <TestEntry testId="810d110e-23ba-2c22-88ce-6f797edf0b84" executionId="7feb2974-b5a1-4a6e-ace8-e11560459c93" testListId="8c84fa94-04c1-424b-9868-57a2d4851a1d" />
    <TestEntry testId="bdc2b68d-febd-eaad-9bfc-6b14ef865371" executionId="6249b08d-391a-41b2-8faf-cd505b372367" testListId="8c84fa94-04c1-424b-9868-57a2d4851a1d" />
    <TestEntry testId="b6ccfb03-57bd-fcc1-ee6c-193db3aea94f" executionId="483053f5-45af-458e-aa8e-1f0dfb698593" testListId="8c84fa94-04c1-424b-9868-57a2d4851a1d" />
    <TestEntry testId="6f25e87d-dfd4-a691-983e-a932f0aa8e59" executionId="24620574-4940-4fb5-a4a4-427e6f2bc906" testListId="8c84fa94-04c1-424b-9868-57a2d4851a1d" />
    <TestEntry testId="0d41fd72-8779-fb89-400f-320ee73a98bb" executionId="e8640119-6b50-4783-b798-a950ea1016d9" testListId="8c84fa94-04c1-424b-9868-57a2d4851a1d" />
    <TestEntry testId="8dbe9241-7d5f-15da-b04a-1ada9b786356" executionId="5df70e14-eb48-45cf-8815-6e19f457686b" testListId="8c84fa94-04c1-424b-9868-57a2d4851a1d" />
    <TestEntry testId="74f5e4a5-156f-e5fa-3912-1acc1239d040" executionId="a65c158d-775c-47bf-bbd4-46810da48aca" testListId="8c84fa94-04c1-424b-9868-57a2d4851a1d" />
    <TestEntry testId="e16c19c6-63a6-b892-b6c4-e3e509cc27d9" executionId="8a4c077d-c552-42dd-befd-07cb151a92c3" testListId="8c84fa94-04c1-424b-9868-57a2d4851a1d" />
    <TestEntry testId="01843238-0d15-9fab-27fe-a2a41aee1839" executionId="7fc9b303-e93f-424d-b809-68ded9ae3c2b" testListId="8c84fa94-04c1-424b-9868-57a2d4851a1d" />
    <TestEntry testId="15e9c99e-de4e-9516-e261-2eeaf52def6d" executionId="b915c406-d595-4748-8aa3-a17b976906bc" testListId="8c84fa94-04c1-424b-9868-57a2d4851a1d" />
    <TestEntry testId="687df4df-3aed-17f2-92c3-f7a65e0c7c53" executionId="8c779e89-73b8-4ef4-b52d-7a74b8e5d3a5" testListId="8c84fa94-04c1-424b-9868-57a2d4851a1d" />
    <TestEntry testId="67aaf6ef-c8af-9bdf-61a4-bec58e4167ef" executionId="5cc1b4ad-250d-4c17-9b8d-10115a7ab117" testListId="8c84fa94-04c1-424b-9868-57a2d4851a1d" />
    <TestEntry testId="2d409205-bd6b-eece-0bf9-3da5a8853c4a" executionId="a76046ee-91fd-4df8-848f-cd9e9f4155a6" testListId="8c84fa94-04c1-424b-9868-57a2d4851a1d" />
    <TestEntry testId="9abb5060-f190-1d75-919a-72d88288d474" executionId="4de3e408-0369-47fd-948d-043d340133cf" testListId="8c84fa94-04c1-424b-9868-57a2d4851a1d" />
    <TestEntry testId="dede0568-9d47-e49f-1a9a-a43efd7db022" executionId="4a4e4191-210d-4ed6-ac7d-52ac0b09bf81" testListId="8c84fa94-04c1-424b-9868-57a2d4851a1d" />
    <TestEntry testId="6724e4f1-a2a0-88f4-a38f-02052c7a33f5" executionId="c8de4e90-72ca-41eb-8b1c-d12e5e30ae84" testListId="8c84fa94-04c1-424b-9868-57a2d4851a1d" />
    <TestEntry testId="1d75a603-9ec7-f832-dc7d-8c1b85abdd83" executionId="a1330481-3e68-4daf-97bc-680e36f7d167" testListId="8c84fa94-04c1-424b-9868-57a2d4851a1d" />
    <TestEntry testId="085b8d2d-ebc4-2e5c-c0bf-665d09661988" executionId="96fecc3a-5421-4ddc-ba2e-c784c29a3339" testListId="8c84fa94-04c1-424b-9868-57a2d4851a1d" />
    <TestEntry testId="2956291e-4314-cc23-4bcb-88b96d7c8b03" executionId="ebbaf232-67cf-4611-9307-055945914097" testListId="8c84fa94-04c1-424b-9868-57a2d4851a1d" />
    <TestEntry testId="e2019408-a247-cd92-a372-7004d0253e97" executionId="4e9c329d-93ab-483f-aae2-9f990cf93eb9" testListId="8c84fa94-04c1-424b-9868-57a2d4851a1d" />
    <TestEntry testId="5de66f25-ef3a-2c38-2754-ebfa2b1d19c7" executionId="d5c422da-c604-489d-8ae4-1118e504f732" testListId="8c84fa94-04c1-424b-9868-57a2d4851a1d" />
    <TestEntry testId="b79a46ba-f324-98d6-56e4-62dd91ee450a" executionId="5daa8b06-664b-46eb-bf39-1866cf7262df" testListId="8c84fa94-04c1-424b-9868-57a2d4851a1d" />
    <TestEntry testId="4a0a4794-a815-d62d-213d-900e17753073" executionId="69dc5c9a-8ba2-429b-880a-157335ae59a8" testListId="8c84fa94-04c1-424b-9868-57a2d4851a1d" />
    <TestEntry testId="cfee214c-88a1-d6af-e219-440c39e0637e" executionId="d3901086-20f2-4dd9-a828-f24387b6d906" testListId="8c84fa94-04c1-424b-9868-57a2d4851a1d" />
    <TestEntry testId="9d9fb6c2-9184-4538-4081-364acb08e5ea" executionId="f62b8e68-a802-4da5-a219-bfb042203ede" testListId="8c84fa94-04c1-424b-9868-57a2d4851a1d" />
    <TestEntry testId="fb1051f4-7c0e-47f7-1ca4-457f2fed6fc8" executionId="bf548472-7a5a-48b9-bdec-32abcf1fbf74" testListId="8c84fa94-04c1-424b-9868-57a2d4851a1d" />
    <TestEntry testId="2234441e-20a3-5910-1d29-7e976e13e77e" executionId="985c256a-12f9-455a-a4c9-2bc6f2a4e084" testListId="8c84fa94-04c1-424b-9868-57a2d4851a1d" />
    <TestEntry testId="e1da224a-6889-e7f0-4909-8f9f1d973abe" executionId="b4631257-3d64-462d-b35e-1d168b2d11ea" testListId="8c84fa94-04c1-424b-9868-57a2d4851a1d" />
    <TestEntry testId="8184f7a8-0925-f1d0-46b4-d23e51b3f952" executionId="57f5bed4-320f-4909-a23e-78def4c432ca" testListId="8c84fa94-04c1-424b-9868-57a2d4851a1d" />
    <TestEntry testId="9e0c2ec8-5eaf-e430-242e-e3a4a1117926" executionId="5ab4db27-9375-472f-8cb0-907cc8f2804a" testListId="8c84fa94-04c1-424b-9868-57a2d4851a1d" />
    <TestEntry testId="f985d6d7-ca7f-a617-f08c-6bd1fda62de2" executionId="19ec4d24-d3b9-4e8e-a73e-a91fbd3d3695" testListId="8c84fa94-04c1-424b-9868-57a2d4851a1d" />
    <TestEntry testId="7103c3bf-290e-0e84-ab82-b0411b9aaf06" executionId="29502785-c3cc-4ffc-aa79-bc850e1168d1" testListId="8c84fa94-04c1-424b-9868-57a2d4851a1d" />
    <TestEntry testId="58810f2f-120a-dde5-f64a-e389418b9f70" executionId="e566f7f5-877f-4b23-b48c-1b90a3864a8a" testListId="8c84fa94-04c1-424b-9868-57a2d4851a1d" />
    <TestEntry testId="af410c3c-f253-5fd0-9db8-de46a7d0f5fe" executionId="5314ff1f-6920-4f4c-92a0-d81119cc083b" testListId="8c84fa94-04c1-424b-9868-57a2d4851a1d" />
    <TestEntry testId="f6e27fe0-f979-15d0-c02d-597aa53727aa" executionId="66e5af22-f038-4a81-a92c-1c30c250ac47" testListId="8c84fa94-04c1-424b-9868-57a2d4851a1d" />
    <TestEntry testId="044d0f6a-b329-ed6e-1689-3b6bd6c4e587" executionId="568db0e3-4d4d-4c19-927b-1702f85412f4" testListId="8c84fa94-04c1-424b-9868-57a2d4851a1d" />
    <TestEntry testId="4e6172dd-a8ae-4649-46ad-c01f8989b925" executionId="43688214-38be-4bfb-842a-cb6691f9517e" testListId="8c84fa94-04c1-424b-9868-57a2d4851a1d" />
    <TestEntry testId="5bb85660-5994-97e8-8c84-3696fcb21e85" executionId="51cb9b07-d004-4190-ae0f-2387fe305f23" testListId="8c84fa94-04c1-424b-9868-57a2d4851a1d" />
    <TestEntry testId="d15a4e41-7131-c4a7-4dde-718e5b891cc6" executionId="12db73e7-e459-46a2-88d8-57ae2a04ba32" testListId="8c84fa94-04c1-424b-9868-57a2d4851a1d" />
    <TestEntry testId="9bc367b0-2d6d-e25e-f385-beb1c03bb00d" executionId="f5704006-da68-419c-abdd-8e59f4eb9ec2" testListId="8c84fa94-04c1-424b-9868-57a2d4851a1d" />
    <TestEntry testId="7a8b2689-370c-14e9-bd4f-3671c0089d93" executionId="7e735a06-9349-4202-b78e-240e836c0baa" testListId="8c84fa94-04c1-424b-9868-57a2d4851a1d" />
    <TestEntry testId="fb85973b-8642-8a59-070d-2778a6c01518" executionId="6cadbca2-8a71-496c-851a-743303b2c592" testListId="8c84fa94-04c1-424b-9868-57a2d4851a1d" />
    <TestEntry testId="1969ceb8-602a-924c-92ca-c1dd100f12af" executionId="979f56f4-c728-4d1e-bb9d-a87031efe23c" testListId="8c84fa94-04c1-424b-9868-57a2d4851a1d" />
    <TestEntry testId="85df4eb4-d835-924f-a189-abc8eacc8831" executionId="ac987b25-7aa3-4016-aaa4-ed2ac3e8539a" testListId="8c84fa94-04c1-424b-9868-57a2d4851a1d" />
    <TestEntry testId="beb5b189-2536-cd9f-c963-dbc836000f93" executionId="fbe4de81-d39c-4c48-8f02-d1cc934e3caf" testListId="8c84fa94-04c1-424b-9868-57a2d4851a1d" />
    <TestEntry testId="90f09ce4-a85b-f50e-1814-72145292da2d" executionId="54a196b6-c933-4b3b-8704-db1be92d1a18" testListId="8c84fa94-04c1-424b-9868-57a2d4851a1d" />
    <TestEntry testId="ea46db01-4d22-4ba0-0f88-098fd49f94c1" executionId="0d26e0da-3d45-4cdf-8060-c5b0d802b88a" testListId="8c84fa94-04c1-424b-9868-57a2d4851a1d" />
    <TestEntry testId="bf083934-02bd-da8e-82a4-0acf0a077e53" executionId="e153f25b-43de-4426-a9f0-a94b1efc8258" testListId="8c84fa94-04c1-424b-9868-57a2d4851a1d" />
    <TestEntry testId="395d029c-2c31-08ff-3127-fc125409b9c5" executionId="0b9b2ab1-f5de-43cc-b734-54cc490c879c" testListId="8c84fa94-04c1-424b-9868-57a2d4851a1d" />
    <TestEntry testId="28823402-f570-a9ee-cd35-954faff45017" executionId="6010836f-3634-47b2-acf6-2f12ae05f9d3" testListId="8c84fa94-04c1-424b-9868-57a2d4851a1d" />
    <TestEntry testId="9c269d02-40ef-d512-2a3f-df61e04eb23d" executionId="60531d0e-04d5-4aeb-8386-fde3146658d0" testListId="8c84fa94-04c1-424b-9868-57a2d4851a1d" />
    <TestEntry testId="217604e7-6db4-012e-0a6a-1649f099f543" executionId="e65db12d-3f29-464c-8560-eef7d0707398" testListId="8c84fa94-04c1-424b-9868-57a2d4851a1d" />
    <TestEntry testId="aaf67773-3bfa-3e18-1a8e-ed21d37b689e" executionId="ae6283ed-5412-42d5-8ac2-e9153ee63e6e" testListId="8c84fa94-04c1-424b-9868-57a2d4851a1d" />
    <TestEntry testId="f3cf7100-5773-859d-7955-02f51d4e15e4" executionId="69e1a0db-00a7-43cf-b543-da8b9dc2fc69" testListId="8c84fa94-04c1-424b-9868-57a2d4851a1d" />
    <TestEntry testId="54f4c0fb-569b-b0d0-4603-50fa3a676bc1" executionId="746cf426-2fe5-4f33-8e66-cdcaae9fdadb" testListId="8c84fa94-04c1-424b-9868-57a2d4851a1d" />
    <TestEntry testId="454bc96e-cf2d-beb4-25e3-6a23f16aa2c3" executionId="acd2d195-f99b-41c2-9e70-b40223e197f1" testListId="8c84fa94-04c1-424b-9868-57a2d4851a1d" />
    <TestEntry testId="01f1813e-f675-c996-b8ea-5d1bca3b327d" executionId="720f9acb-8118-41b8-8473-01d924da3989" testListId="8c84fa94-04c1-424b-9868-57a2d4851a1d" />
    <TestEntry testId="0f09c207-3f02-b90b-54fe-4e7bf9ba9c9a" executionId="5c5820a1-83af-4661-a103-cdbaa7da5dc6" testListId="8c84fa94-04c1-424b-9868-57a2d4851a1d" />
    <TestEntry testId="229736e4-e626-8640-1665-cf30e4fb5f47" executionId="eb055a3d-d38b-4279-a80e-4a3b71515fb7" testListId="8c84fa94-04c1-424b-9868-57a2d4851a1d" />
    <TestEntry testId="e62b0ac9-01f2-0e89-3974-9ee36ffb1441" executionId="15da672d-142d-4718-ba96-4d87c4aa15d6" testListId="8c84fa94-04c1-424b-9868-57a2d4851a1d" />
    <TestEntry testId="a41a7c4c-0deb-b46d-278a-5d45b39a1f16" executionId="8e135792-e02d-4656-9560-f347fa40ac67" testListId="8c84fa94-04c1-424b-9868-57a2d4851a1d" />
    <TestEntry testId="7d88b10d-ba74-c0cc-940c-36cf86d367fe" executionId="07a0a6c5-72d8-4465-a345-c34d5abf5b34" testListId="8c84fa94-04c1-424b-9868-57a2d4851a1d" />
    <TestEntry testId="fe360101-5261-e820-b6ee-890e4a245a37" executionId="d0a6524b-2e37-49a2-aa5b-3bbbe3ba6cd9" testListId="8c84fa94-04c1-424b-9868-57a2d4851a1d" />
    <TestEntry testId="9603258b-9293-f1c7-573c-f9bb95b92fab" executionId="907bdb3d-6494-465f-a572-2f90ebdab188" testListId="8c84fa94-04c1-424b-9868-57a2d4851a1d" />
    <TestEntry testId="f1edc6f8-f6fe-b8f1-8afc-54af87691e26" executionId="fa65c5d6-aab8-4250-b4fe-a46b4e7ee202" testListId="8c84fa94-04c1-424b-9868-57a2d4851a1d" />
    <TestEntry testId="4fb2cc97-89c3-8e80-7aea-e40e8b77feab" executionId="c141b8b5-0f3e-4028-a21b-db2c261c18d2" testListId="8c84fa94-04c1-424b-9868-57a2d4851a1d" />
    <TestEntry testId="b914f567-408b-f9a4-2318-41294179616b" executionId="ed167cc9-74a8-40b3-a9de-a9d848f0f0d2" testListId="8c84fa94-04c1-424b-9868-57a2d4851a1d" />
    <TestEntry testId="815fb8f0-ad01-b4ee-797b-d30a532621d6" executionId="590e3130-b13a-4e90-8940-bf9e24b744cb" testListId="8c84fa94-04c1-424b-9868-57a2d4851a1d" />
    <TestEntry testId="ad21f910-faaa-b344-8f9e-a93a8dc67bfd" executionId="c32dc05e-4a5f-42b5-bffd-d887c1866d40" testListId="8c84fa94-04c1-424b-9868-57a2d4851a1d" />
    <TestEntry testId="6dcce33e-e4dd-e512-2dac-808b601252cd" executionId="a03d0c2e-5289-474e-89cc-9eb74410767e" testListId="8c84fa94-04c1-424b-9868-57a2d4851a1d" />
    <TestEntry testId="086cdbc8-f4dc-63d0-e491-6978aab04bd3" executionId="c5a916b3-52c9-492d-b8ab-1f2f1b2d4d7c" testListId="8c84fa94-04c1-424b-9868-57a2d4851a1d" />
    <TestEntry testId="81d66d52-8188-08f0-3991-7d18e0bec362" executionId="cf608099-7754-401f-bd52-b8287fba5988" testListId="8c84fa94-04c1-424b-9868-57a2d4851a1d" />
    <TestEntry testId="01a170ae-9e27-1ba0-c187-8c04af592931" executionId="06ce645e-5d61-406a-bd19-39a4d7d63e7b" testListId="8c84fa94-04c1-424b-9868-57a2d4851a1d" />
    <TestEntry testId="2c51d3b6-1bce-7242-bc6d-4c3bab5a68f1" executionId="1cffcc80-c2e5-4160-9f65-fad55f8eed2b" testListId="8c84fa94-04c1-424b-9868-57a2d4851a1d" />
    <TestEntry testId="4bc2dbf4-4d7b-95c4-53ef-acd6ed6fb604" executionId="d1c90b6f-1713-485b-8f04-cd59f4cee1ff" testListId="8c84fa94-04c1-424b-9868-57a2d4851a1d" />
    <TestEntry testId="3828f2a7-f139-002b-fb55-f0000180d1f6" executionId="1f50eea3-3bcd-44db-87c8-69115cd28453" testListId="8c84fa94-04c1-424b-9868-57a2d4851a1d" />
    <TestEntry testId="7c3fdd62-4e56-8c23-4c82-22dddd3e2da0" executionId="20473ec4-7632-491a-9492-d5463acf59c0" testListId="8c84fa94-04c1-424b-9868-57a2d4851a1d" />
    <TestEntry testId="f38b93d6-78ea-bd8d-6741-0e7bcbb506ca" executionId="37c270fd-d4ef-40e8-83cd-9394e520672e" testListId="8c84fa94-04c1-424b-9868-57a2d4851a1d" />
    <TestEntry testId="b0406023-9e17-42af-fbaf-e1a01317df38" executionId="52c7d2e6-fb2e-4b42-9f12-fcf328ad3b74" testListId="8c84fa94-04c1-424b-9868-57a2d4851a1d" />
    <TestEntry testId="a0f47aa3-90be-a10d-6bdd-4f3eed0942ec" executionId="bd96aa79-d798-4158-9e34-62eebb69414a" testListId="8c84fa94-04c1-424b-9868-57a2d4851a1d" />
    <TestEntry testId="fc635ae0-ae9b-6db5-4856-13ca6bd520f6" executionId="262c0570-00c3-4108-9c2a-157feeacc4ba" testListId="8c84fa94-04c1-424b-9868-57a2d4851a1d" />
    <TestEntry testId="2c3719e4-73e2-bca8-6192-023a0218f59a" executionId="d2e0c72f-d7ab-434a-bd84-c3abd8b543cf" testListId="8c84fa94-04c1-424b-9868-57a2d4851a1d" />
    <TestEntry testId="9c2c1bd9-2a2a-c166-0951-28f8ec3b71c2" executionId="e080f53a-c307-44a7-ae86-17b7fa6e9844" testListId="8c84fa94-04c1-424b-9868-57a2d4851a1d" />
    <TestEntry testId="3fb77e71-d30e-3ed0-4b65-0df4eb79a621" executionId="17060b7d-426e-4b4b-952a-1c5390bd5a30" testListId="8c84fa94-04c1-424b-9868-57a2d4851a1d" />
    <TestEntry testId="aef7c318-9887-3e82-6908-075bf1e38c39" executionId="2d626459-4aa3-45d9-b390-0d69309b5adb" testListId="8c84fa94-04c1-424b-9868-57a2d4851a1d" />
    <TestEntry testId="3ccfa2f6-0e86-62eb-ad07-89f01dd93902" executionId="3e818688-92cb-44f0-9394-af5e10fad064" testListId="8c84fa94-04c1-424b-9868-57a2d4851a1d" />
    <TestEntry testId="4fa0749a-9226-fbf0-7fab-089e2afe9755" executionId="aab3c2ec-778a-4bba-809f-df4e90a94b2a" testListId="8c84fa94-04c1-424b-9868-57a2d4851a1d" />
    <TestEntry testId="949b11ab-2e2b-305b-de35-2bb0f2255527" executionId="c16e1727-009b-4f76-92c7-0123546ef2d9" testListId="8c84fa94-04c1-424b-9868-57a2d4851a1d" />
    <TestEntry testId="505a857b-da4d-f58f-a6af-4665396ee207" executionId="44b761c0-84a6-46e4-84d2-4c157e3f66d4" testListId="8c84fa94-04c1-424b-9868-57a2d4851a1d" />
    <TestEntry testId="c5a6f9b8-2be1-5845-0cfa-0cdabfe6a5fe" executionId="84d85d80-a5d1-40c7-8ea5-370e0ebc2079" testListId="8c84fa94-04c1-424b-9868-57a2d4851a1d" />
    <TestEntry testId="96b32ab3-1bef-b570-9a41-56c009665258" executionId="a7d154b3-a1c6-46ae-a2af-7f83596d64a8" testListId="8c84fa94-04c1-424b-9868-57a2d4851a1d" />
    <TestEntry testId="0efee447-18f8-7559-9564-d3100ee72ab5" executionId="a59baff5-6999-4388-a433-8cfe6cc2a008" testListId="8c84fa94-04c1-424b-9868-57a2d4851a1d" />
    <TestEntry testId="b86559c3-e87a-12ca-e3c8-ff77b6bb3945" executionId="b51e99fe-22a7-4a79-81e0-820cc4b264fa" testListId="8c84fa94-04c1-424b-9868-57a2d4851a1d" />
    <TestEntry testId="49d00e4b-9bd0-a7f2-46b1-60b16750ffa9" executionId="5b12f62f-af88-4a75-8f9f-4e87a29e39ec" testListId="8c84fa94-04c1-424b-9868-57a2d4851a1d" />
    <TestEntry testId="79735f05-3144-a23c-4610-1cf651108e8b" executionId="1479388b-900e-461a-9b39-7155963b3d00" testListId="8c84fa94-04c1-424b-9868-57a2d4851a1d" />
    <TestEntry testId="53789d2a-b56c-fa09-a401-1af46d9fa92d" executionId="00fbeff5-2e72-4453-bd38-72514d48573e" testListId="8c84fa94-04c1-424b-9868-57a2d4851a1d" />
    <TestEntry testId="5c2bcd3c-e1e4-71de-ffcb-e7b29b0143b1" executionId="c34475ed-cb90-4c53-b55c-3649e9671e8b" testListId="8c84fa94-04c1-424b-9868-57a2d4851a1d" />
    <TestEntry testId="bf371bb9-d33a-35c0-72da-089829f58fdc" executionId="6f811702-7600-4601-bf57-0eaf650de4da" testListId="8c84fa94-04c1-424b-9868-57a2d4851a1d" />
    <TestEntry testId="e5fda425-e643-4d56-4679-880d3e597ce8" executionId="e5c1c5a6-2383-4191-b560-8a1f1e931c78" testListId="8c84fa94-04c1-424b-9868-57a2d4851a1d" />
    <TestEntry testId="8b8fd5fd-534c-6452-45ae-d942a5ce1235" executionId="2d53c032-fc81-4638-97ee-d18bbc66bec6" testListId="8c84fa94-04c1-424b-9868-57a2d4851a1d" />
    <TestEntry testId="935a63b5-070b-d745-9989-b4b59e3623fb" executionId="ac3723a6-1dcd-4630-9af6-67ed5e8d78d6" testListId="8c84fa94-04c1-424b-9868-57a2d4851a1d" />
    <TestEntry testId="247f928b-316a-0f4f-31ea-10aeb575bfe1" executionId="7a92ceb0-b734-46f5-9315-7d281bdad770" testListId="8c84fa94-04c1-424b-9868-57a2d4851a1d" />
    <TestEntry testId="117c3c6c-56ff-0758-cb45-a15a3d43f18a" executionId="8d9825af-fa15-4c09-bd0f-4a248a357fc1" testListId="8c84fa94-04c1-424b-9868-57a2d4851a1d" />
    <TestEntry testId="98dd78b1-1ecf-225c-2dae-28d00044714f" executionId="5a92fa5d-36ed-41b6-9b28-2f2555e101fc" testListId="8c84fa94-04c1-424b-9868-57a2d4851a1d" />
    <TestEntry testId="33ed9017-7e7c-361a-8faa-044865994803" executionId="98894f0b-b301-43ae-890a-9b50f0156584" testListId="8c84fa94-04c1-424b-9868-57a2d4851a1d" />
    <TestEntry testId="e45411d7-d681-5609-09bb-285dbf9df069" executionId="10c2d190-1be7-497b-9a6d-d8d6cad08fea" testListId="8c84fa94-04c1-424b-9868-57a2d4851a1d" />
    <TestEntry testId="d9eec0b3-0c26-d703-46db-e70053729640" executionId="7721990f-a46e-4191-8d8a-2649a8c15bea" testListId="8c84fa94-04c1-424b-9868-57a2d4851a1d" />
    <TestEntry testId="6a279228-cef0-ee53-5d2a-fffd8e3d09df" executionId="80cefa2d-fff1-41b8-a675-ee85ea727d63" testListId="8c84fa94-04c1-424b-9868-57a2d4851a1d" />
    <TestEntry testId="f2c2d0f2-52a5-b67d-67ca-5f196a1da558" executionId="38ed8bb0-aa98-445e-9866-036a5c933fd9" testListId="8c84fa94-04c1-424b-9868-57a2d4851a1d" />
    <TestEntry testId="9c68e8ba-d79b-4649-1a25-9088e672ac51" executionId="174219ab-94d9-4def-a467-cf2e53578aea" testListId="8c84fa94-04c1-424b-9868-57a2d4851a1d" />
    <TestEntry testId="ddbf9f41-333e-ad7f-5f05-c14b6d215576" executionId="79ac6fb8-d80a-40f8-bd86-54e3da4e5e17" testListId="8c84fa94-04c1-424b-9868-57a2d4851a1d" />
    <TestEntry testId="3d5e263b-51f7-ab2a-f3b8-127bc771666c" executionId="3c480001-6176-4012-96a7-67ef6bfd4eaf" testListId="8c84fa94-04c1-424b-9868-57a2d4851a1d" />
    <TestEntry testId="75f57e5a-f3d7-e861-6737-1c0304792061" executionId="ee8ca613-34f1-4253-9a34-8d566f5bfe4d" testListId="8c84fa94-04c1-424b-9868-57a2d4851a1d" />
    <TestEntry testId="50e9d186-4dd3-ea4c-d0cc-3d3c6b1e2c99" executionId="cbe88f39-86ff-4c03-8f7f-4609120eccdc" testListId="8c84fa94-04c1-424b-9868-57a2d4851a1d" />
    <TestEntry testId="6483fdf4-0bed-466d-dfea-6ad36d9bfb4c" executionId="d41321c3-c66b-4d1c-8dae-d69122491e28" testListId="8c84fa94-04c1-424b-9868-57a2d4851a1d" />
    <TestEntry testId="d7410c30-2c38-57f3-a26d-1ba9591f6649" executionId="bff38b57-d577-4888-a1ac-2f53fb136dc9" testListId="8c84fa94-04c1-424b-9868-57a2d4851a1d" />
    <TestEntry testId="4706d989-7332-52ee-a47a-b404a2d3bd89" executionId="1207d6c4-046e-442e-bf55-98dde8c92d1b" testListId="8c84fa94-04c1-424b-9868-57a2d4851a1d" />
    <TestEntry testId="800adef5-f024-3821-03a2-7be53313576d" executionId="3937b6fc-278e-4a2f-b155-47e0a79de7c5" testListId="8c84fa94-04c1-424b-9868-57a2d4851a1d" />
    <TestEntry testId="d9c3ce3b-8702-a133-592b-969dbdd99e09" executionId="7ab4fa6a-b141-463d-850d-97e0ebff0d83" testListId="8c84fa94-04c1-424b-9868-57a2d4851a1d" />
    <TestEntry testId="39e90891-1755-09db-4d1c-c4c73e640727" executionId="e5a337bf-1c04-4ab7-8d89-d5faba6d4288" testListId="8c84fa94-04c1-424b-9868-57a2d4851a1d" />
    <TestEntry testId="660a7022-b9e5-687f-481d-9421a8a5b037" executionId="5041437f-8c25-47d2-baad-c381c249beda" testListId="8c84fa94-04c1-424b-9868-57a2d4851a1d" />
    <TestEntry testId="303e9c2b-b83c-9a8d-47ab-7f218582b8e3" executionId="29eeb35f-dbf4-46ff-b50e-1a222f34a8cf" testListId="8c84fa94-04c1-424b-9868-57a2d4851a1d" />
    <TestEntry testId="71fb2054-74d5-0dc0-6f0f-e7c68fca9316" executionId="b38c7d6d-be28-4be0-900d-8f0b454aa461" testListId="8c84fa94-04c1-424b-9868-57a2d4851a1d" />
    <TestEntry testId="87c101e5-56d9-f2b1-8080-1a4f5d9b19b7" executionId="b30c728a-2991-43c1-8a19-d65d67d0f574" testListId="8c84fa94-04c1-424b-9868-57a2d4851a1d" />
    <TestEntry testId="34a52cdc-2177-3e63-5d86-a0fa5315fe07" executionId="488462dd-d7aa-4914-8ca6-27daf4c82586" testListId="8c84fa94-04c1-424b-9868-57a2d4851a1d" />
    <TestEntry testId="d0ead31a-dfa4-4fab-bef3-937ea9925c36" executionId="8712e3cd-2de8-461d-a64e-98adc3bc3b30" testListId="8c84fa94-04c1-424b-9868-57a2d4851a1d" />
    <TestEntry testId="76ebe5d4-05d1-3fc5-6c36-90701e535064" executionId="f3803bad-b319-44f5-aa04-65b55332b30c" testListId="8c84fa94-04c1-424b-9868-57a2d4851a1d" />
    <TestEntry testId="c61c9d73-dda0-6953-3043-f3e6255aa186" executionId="3fea6d15-5b0b-4d12-ad02-96c0ad731ad0" testListId="8c84fa94-04c1-424b-9868-57a2d4851a1d" />
    <TestEntry testId="46dd2cf8-a790-10e4-882d-8d6a5b52f88d" executionId="be17ecfb-4a72-449b-ad64-1e401b55aef9" testListId="8c84fa94-04c1-424b-9868-57a2d4851a1d" />
    <TestEntry testId="a828753d-bb9b-7fb8-4322-9fddca1c056b" executionId="824ff909-f744-425a-bc36-6424d022f692" testListId="8c84fa94-04c1-424b-9868-57a2d4851a1d" />
    <TestEntry testId="8b789692-7fa9-8c51-af77-5dd69c682321" executionId="a8f3ef2d-1404-46e8-a6c7-69f694c78fe3" testListId="8c84fa94-04c1-424b-9868-57a2d4851a1d" />
    <TestEntry testId="63bda76b-9897-fc88-3daa-45c6aeb71a3f" executionId="52a869b9-6b05-404c-81cd-c633ad988394" testListId="8c84fa94-04c1-424b-9868-57a2d4851a1d" />
    <TestEntry testId="4a271c8b-f717-5134-7b1b-028baff8810b" executionId="200fc16c-ec7d-4f10-96a3-b7e01717b397" testListId="8c84fa94-04c1-424b-9868-57a2d4851a1d" />
    <TestEntry testId="8dc400ca-5cc8-9db4-4ad6-cd18dc7eb619" executionId="82f316ea-ce95-4586-92c8-e90609cc1a20" testListId="8c84fa94-04c1-424b-9868-57a2d4851a1d" />
    <TestEntry testId="77d60e7c-643e-6c20-3cd0-1fd3cd3b2695" executionId="578ff0e9-bab6-409b-9508-8d30a84d3645" testListId="8c84fa94-04c1-424b-9868-57a2d4851a1d" />
    <TestEntry testId="07831204-b898-6007-d61d-e5d965a368fb" executionId="99bee2b2-d565-4dcb-90da-005801ce6bd7" testListId="8c84fa94-04c1-424b-9868-57a2d4851a1d" />
    <TestEntry testId="089e7413-e8ec-1975-7958-928c9e66b647" executionId="17095373-a4f6-460b-b8dd-5e20d2636fed" testListId="8c84fa94-04c1-424b-9868-57a2d4851a1d" />
    <TestEntry testId="f53f973d-cb80-9861-5d3f-ae579bbed924" executionId="a5c0f66f-7c78-4c77-8bdf-958f7316efc3" testListId="8c84fa94-04c1-424b-9868-57a2d4851a1d" />
    <TestEntry testId="2b30d78e-2780-638d-4d4e-ad1bdc603ccd" executionId="06deb56d-4f70-4ed0-9ad0-3581a381dc77" testListId="8c84fa94-04c1-424b-9868-57a2d4851a1d" />
    <TestEntry testId="1eba5726-210c-03a3-c4f4-4ae5f5484de3" executionId="5e3fc07d-5962-43fe-bdd4-ec5d68b3a500" testListId="8c84fa94-04c1-424b-9868-57a2d4851a1d" />
    <TestEntry testId="8f5ff714-8385-8d42-3067-444f3820b02e" executionId="4dbd0ca0-b2de-4c8b-8154-fe1c546349da" testListId="8c84fa94-04c1-424b-9868-57a2d4851a1d" />
    <TestEntry testId="1589c5b5-6a59-c4da-22fa-39108093107e" executionId="fd6fb318-a052-41bc-b3df-480d5bae28ec" testListId="8c84fa94-04c1-424b-9868-57a2d4851a1d" />
    <TestEntry testId="23c59f2d-7d8b-10cc-504a-a960e4958c91" executionId="b6c4e28c-94c0-45c5-87bd-736cb16b6283" testListId="8c84fa94-04c1-424b-9868-57a2d4851a1d" />
    <TestEntry testId="f42bde8d-1a55-f048-63d7-d9e08364b0f8" executionId="83fe9ec9-976a-4fae-a371-8255f457f4af" testListId="8c84fa94-04c1-424b-9868-57a2d4851a1d" />
    <TestEntry testId="2bd83da8-d8fb-a3a6-2379-337ad4affd31" executionId="74713429-6534-4c37-961e-d7da3b0c99ac" testListId="8c84fa94-04c1-424b-9868-57a2d4851a1d" />
    <TestEntry testId="b250ea56-6610-6e43-ecb1-15681dd59882" executionId="e176867d-59ba-4928-b91e-087f1fbfe863" testListId="8c84fa94-04c1-424b-9868-57a2d4851a1d" />
    <TestEntry testId="c8329772-cb20-c52c-c174-fe72a0244e74" executionId="a27c4acd-43e8-4fec-ad71-f850e61aef7e" testListId="8c84fa94-04c1-424b-9868-57a2d4851a1d" />
    <TestEntry testId="0597e3c8-92de-759a-9177-026541f5e955" executionId="9c02d840-5522-41c5-b84f-4238dce44eb3" testListId="8c84fa94-04c1-424b-9868-57a2d4851a1d" />
    <TestEntry testId="9295c6d5-381d-235c-2ad2-b93bd04edb90" executionId="4c8c3081-3395-4d63-9dcb-bb0f3a971db1" testListId="8c84fa94-04c1-424b-9868-57a2d4851a1d" />
    <TestEntry testId="4f1d847e-f0c4-8e4c-8126-90a2523dd339" executionId="4e283e76-6031-4b80-a21d-b46cbb380cae" testListId="8c84fa94-04c1-424b-9868-57a2d4851a1d" />
    <TestEntry testId="ca849d53-e0a1-e7ec-36aa-de29b920565f" executionId="ae2be2c6-a2b1-41a6-bc9f-6c63fbbdbf2c" testListId="8c84fa94-04c1-424b-9868-57a2d4851a1d" />
    <TestEntry testId="b16f7419-6346-6c6e-74b5-620d6ea5c8b0" executionId="f32dd933-8927-49d2-8047-7161c1c9a2dc" testListId="8c84fa94-04c1-424b-9868-57a2d4851a1d" />
    <TestEntry testId="dd78af76-d896-680f-1e62-b95dc0a25a53" executionId="0a6268eb-26de-4ce1-abe7-72d0ffe25732" testListId="8c84fa94-04c1-424b-9868-57a2d4851a1d" />
    <TestEntry testId="29f56393-0f9d-2dc2-8e0a-4b7171cb8b99" executionId="0bec5fe8-0e9f-45d2-82bf-770221912e28" testListId="8c84fa94-04c1-424b-9868-57a2d4851a1d" />
    <TestEntry testId="a446c41e-a2d7-c61d-3fb5-258c083bd6cf" executionId="a278cac4-e72e-4ecc-94f0-906583dde8fb" testListId="8c84fa94-04c1-424b-9868-57a2d4851a1d" />
    <TestEntry testId="d042a881-6eca-108b-73cf-e9042034daf8" executionId="d7e99f23-7ee9-4d8c-a15f-e771739ff844" testListId="8c84fa94-04c1-424b-9868-57a2d4851a1d" />
    <TestEntry testId="0e7fdc74-f163-d4d3-0269-4d27e0fc62ec" executionId="06f9a0f0-2744-45c5-8d95-4eb565c5c3ee" testListId="8c84fa94-04c1-424b-9868-57a2d4851a1d" />
    <TestEntry testId="5da3b2e4-6a9f-a9a6-4eb1-98b652557c46" executionId="aebb66e1-4c5c-4681-8acd-63e03b2c930a" testListId="8c84fa94-04c1-424b-9868-57a2d4851a1d" />
    <TestEntry testId="25f7e17b-8e22-d088-c812-a9c87cae4a57" executionId="ba2e4811-f47c-433f-8709-597560e9ae2f" testListId="8c84fa94-04c1-424b-9868-57a2d4851a1d" />
    <TestEntry testId="d658d123-051f-351d-7f72-2cb4dd202acf" executionId="f55e72db-07ef-47e8-ae9b-1ce5f9880825" testListId="8c84fa94-04c1-424b-9868-57a2d4851a1d" />
    <TestEntry testId="ebe1cb31-9c82-dbb6-a15e-a7ddeb2e1d02" executionId="18df2736-39a9-49a2-9eba-b49c0460b21f" testListId="8c84fa94-04c1-424b-9868-57a2d4851a1d" />
    <TestEntry testId="a0ec3c59-43eb-f219-9588-0746bc9109a3" executionId="6be43d84-4ddb-45af-8e4d-7a4e48c38061" testListId="8c84fa94-04c1-424b-9868-57a2d4851a1d" />
    <TestEntry testId="2591579f-bb00-b03a-a482-62f784ac0bad" executionId="402b4c51-f7bf-4c38-b241-aa93f0ff472e" testListId="8c84fa94-04c1-424b-9868-57a2d4851a1d" />
    <TestEntry testId="882c8151-bb71-0704-8aa3-5cc3b6900c69" executionId="8dd7de5c-519c-4ecf-aca3-c90e48df7a3d" testListId="8c84fa94-04c1-424b-9868-57a2d4851a1d" />
    <TestEntry testId="44cba4f7-5a18-ba1c-b948-fba329c2d655" executionId="75252400-724b-4b68-89cb-13ab633fadd0" testListId="8c84fa94-04c1-424b-9868-57a2d4851a1d" />
    <TestEntry testId="abf07fb5-5ca6-e6f4-25ba-9e3e6d7cf133" executionId="b86a53e2-a45c-49c5-bdf6-365dffc943df" testListId="8c84fa94-04c1-424b-9868-57a2d4851a1d" />
    <TestEntry testId="06278a9c-3e40-0213-a3b2-aaf46ee40394" executionId="005769c9-6c80-48f9-8bee-ce811b85d41e" testListId="8c84fa94-04c1-424b-9868-57a2d4851a1d" />
    <TestEntry testId="50956c27-d293-40eb-346f-e6ad01ce9e0a" executionId="8cabf76d-2b7a-4997-978a-1be79b9c8bcb" testListId="8c84fa94-04c1-424b-9868-57a2d4851a1d" />
    <TestEntry testId="a09333b2-f10a-bc2b-8099-668cd5240c5d" executionId="43835aca-2735-49d5-9be7-bb00a59d4eee" testListId="8c84fa94-04c1-424b-9868-57a2d4851a1d" />
    <TestEntry testId="d7dda8eb-22f6-cb6e-895d-54644281133c" executionId="3d325008-6d3b-4bdb-8bbb-c168ec388b9a" testListId="8c84fa94-04c1-424b-9868-57a2d4851a1d" />
    <TestEntry testId="689d3c83-8152-0cff-faf9-9f0f3389c334" executionId="4abaa763-f1e6-407c-9043-7b5842fa2316" testListId="8c84fa94-04c1-424b-9868-57a2d4851a1d" />
    <TestEntry testId="be49ff59-04e9-8655-a106-47f9f995ba2c" executionId="e21863a5-28fc-49b0-82ff-d4acece5b68b" testListId="8c84fa94-04c1-424b-9868-57a2d4851a1d" />
    <TestEntry testId="19957d96-1633-4d7e-9bbc-0391b74c0a69" executionId="70ebd873-29b8-40a0-9c31-66379a607f50" testListId="8c84fa94-04c1-424b-9868-57a2d4851a1d" />
    <TestEntry testId="20b95b17-bc37-c884-12d4-53d4352329e4" executionId="fef25beb-31fc-41c2-949e-743db4df1774" testListId="8c84fa94-04c1-424b-9868-57a2d4851a1d" />
    <TestEntry testId="dc269f56-e8f1-7215-de57-f294735827ca" executionId="bf854571-322b-460d-8910-c1225a5c2786" testListId="8c84fa94-04c1-424b-9868-57a2d4851a1d" />
    <TestEntry testId="67ca227b-fc3f-9d3d-2e4b-6cc288f33c16" executionId="c2f1eead-2140-44df-9a53-0c2a6e209fa7" testListId="8c84fa94-04c1-424b-9868-57a2d4851a1d" />
    <TestEntry testId="a83c55d9-b4b3-f28e-764f-b9b4aa5db19f" executionId="fd2af30d-59cc-47b2-b7e9-901f9816d517" testListId="8c84fa94-04c1-424b-9868-57a2d4851a1d" />
    <TestEntry testId="6a772daa-9b1f-2af8-0451-3bbbb2e9aaf2" executionId="d3be8a0d-c1d0-461b-9887-d7354007b2b4" testListId="8c84fa94-04c1-424b-9868-57a2d4851a1d" />
    <TestEntry testId="12d4cfce-f952-5050-cfbd-0ed55f90dabf" executionId="cb784c06-41cd-42eb-a531-96eb28c5b113" testListId="8c84fa94-04c1-424b-9868-57a2d4851a1d" />
    <TestEntry testId="f6fc8666-1c36-4694-0d5b-6ae5f4168221" executionId="6784b7d7-d632-4668-9078-973eb50d8a4a" testListId="8c84fa94-04c1-424b-9868-57a2d4851a1d" />
    <TestEntry testId="e30731ec-43c6-5ac1-37df-96bb816e2e6e" executionId="eced473a-81a1-48b7-8891-de09ec8d0fbe" testListId="8c84fa94-04c1-424b-9868-57a2d4851a1d" />
    <TestEntry testId="ce33973f-1182-a17f-313c-67aea25866dc" executionId="59cff11e-7015-45f9-8b43-a8a0a44566d3" testListId="8c84fa94-04c1-424b-9868-57a2d4851a1d" />
    <TestEntry testId="b3824d22-3e00-1c68-500f-810bf79cb1ce" executionId="c659ef89-cde7-4f19-8183-752d60b7b121" testListId="8c84fa94-04c1-424b-9868-57a2d4851a1d" />
    <TestEntry testId="2b4ddf01-34e6-feac-bd63-f83f794c26c5" executionId="86a5fbf4-5b16-41c1-9aeb-2667ad2b2410" testListId="8c84fa94-04c1-424b-9868-57a2d4851a1d" />
    <TestEntry testId="403c4e51-5e40-a145-92da-61e89f4ace2f" executionId="da29bb04-f2a3-4a1b-9b94-af8973457742" testListId="8c84fa94-04c1-424b-9868-57a2d4851a1d" />
    <TestEntry testId="d4fb8fd2-b16e-7d60-d77f-0dd20fb6de20" executionId="198fde1c-56da-462f-9309-3f45bc332530" testListId="8c84fa94-04c1-424b-9868-57a2d4851a1d" />
    <TestEntry testId="08762cc6-38cc-e74a-881a-ce9c51c386ad" executionId="c007af53-4252-44f7-b593-1fa97a74d1ae" testListId="8c84fa94-04c1-424b-9868-57a2d4851a1d" />
    <TestEntry testId="dd29f2c4-275d-da53-83a7-e4d640caf277" executionId="c717ff2a-8d81-44f5-b862-cfcb1701b69c" testListId="8c84fa94-04c1-424b-9868-57a2d4851a1d" />
    <TestEntry testId="f36e613e-8af1-7694-fe1e-c337099c7740" executionId="5a2b5229-f8ae-4156-b4e4-12c4fce6b303" testListId="8c84fa94-04c1-424b-9868-57a2d4851a1d" />
    <TestEntry testId="d2d663b7-a77a-22d6-7ecf-d2dffc892def" executionId="01ce2c72-a525-40fa-8fba-f119c72382ba" testListId="8c84fa94-04c1-424b-9868-57a2d4851a1d" />
    <TestEntry testId="7cd79aa4-0dcd-4ce3-d03a-09f624e3af36" executionId="cdf534dc-5b48-4225-8d35-36506faddaa3" testListId="8c84fa94-04c1-424b-9868-57a2d4851a1d" />
    <TestEntry testId="15d88251-7ed4-f222-62c6-38a94c9ed088" executionId="58e23a13-7e88-4785-9d44-159c0bce342f" testListId="8c84fa94-04c1-424b-9868-57a2d4851a1d" />
    <TestEntry testId="f488b9a4-b789-7988-0526-71e40f53c221" executionId="034673cf-51f0-4334-9ce3-d5372b5c0725" testListId="8c84fa94-04c1-424b-9868-57a2d4851a1d" />
    <TestEntry testId="334b38bd-8b63-9fa0-f809-425ea283cd1c" executionId="7d75bfd7-72c6-4ceb-9e98-b777261adb5e" testListId="8c84fa94-04c1-424b-9868-57a2d4851a1d" />
    <TestEntry testId="dbd204dc-e937-d695-c501-20aa7fe433ee" executionId="b80b1beb-3620-4f0f-8038-552d1addb329" testListId="8c84fa94-04c1-424b-9868-57a2d4851a1d" />
    <TestEntry testId="d9d96d9d-71ec-3a93-82a5-e837f1654d0f" executionId="6c6eba50-b8d4-4c70-bde9-d0a1acfd2c7c" testListId="8c84fa94-04c1-424b-9868-57a2d4851a1d" />
    <TestEntry testId="8f58d932-596f-8a50-3cdc-61d496c37322" executionId="44d4f057-fe44-47b7-b44d-3d7b7458bad2" testListId="8c84fa94-04c1-424b-9868-57a2d4851a1d" />
    <TestEntry testId="aebbc01e-bae2-2ac6-3cb2-b6b2aee8eb37" executionId="4acd4a4c-d546-45c7-ae39-9012a5e7f543" testListId="8c84fa94-04c1-424b-9868-57a2d4851a1d" />
    <TestEntry testId="6a240a6a-f74d-5b42-c5f5-258ba3c705b6" executionId="0fba74cb-3eb5-4cf3-81ce-26efb02fad8f" testListId="8c84fa94-04c1-424b-9868-57a2d4851a1d" />
    <TestEntry testId="346c6662-0edd-cc36-ad4f-90e5d7ae9dff" executionId="8d2f7c6d-06a8-4fae-9e4d-a491f1d8fd9c" testListId="8c84fa94-04c1-424b-9868-57a2d4851a1d" />
    <TestEntry testId="78071e57-0f3f-0eb8-0f70-0a63091fc8ea" executionId="45f0ae04-aa5f-4bd0-9eac-a79ed59251c9" testListId="8c84fa94-04c1-424b-9868-57a2d4851a1d" />
    <TestEntry testId="5e32974e-efed-22fb-edf9-d7bb324b61c3" executionId="899cb0d8-b13b-4818-97b8-c1792a22316a" testListId="8c84fa94-04c1-424b-9868-57a2d4851a1d" />
    <TestEntry testId="2bca310c-6c4d-019b-2536-3cb3e435465c" executionId="5b89494e-4df8-476a-8281-31a63a4d5188" testListId="8c84fa94-04c1-424b-9868-57a2d4851a1d" />
    <TestEntry testId="6d095f19-6ce0-f4cf-fdb2-2e457561105a" executionId="571c8b58-f944-4d72-94da-ffc9e910ab9e" testListId="8c84fa94-04c1-424b-9868-57a2d4851a1d" />
    <TestEntry testId="4fa59de3-16ee-f63a-90dc-e1083c762eaf" executionId="8764401c-5318-43e3-b3f7-d71ef54668a5" testListId="8c84fa94-04c1-424b-9868-57a2d4851a1d" />
    <TestEntry testId="a5600f2d-e677-9440-1ef3-65c53524b73d" executionId="491061ae-c386-4283-b572-611fe2ae708d" testListId="8c84fa94-04c1-424b-9868-57a2d4851a1d" />
    <TestEntry testId="ac825821-a39a-af30-c00b-9869f405d2fa" executionId="379fad38-da26-4241-beee-6734586c90cc" testListId="8c84fa94-04c1-424b-9868-57a2d4851a1d" />
    <TestEntry testId="cbadf323-978d-feac-6b8c-ad70a7d953f8" executionId="9890207c-94e8-47a3-ba69-203dbcbff9b1" testListId="8c84fa94-04c1-424b-9868-57a2d4851a1d" />
    <TestEntry testId="ebcd8270-e8ae-26ec-794a-535c952bff35" executionId="461e914e-784a-452c-88d7-2e8e1c4e6e51" testListId="8c84fa94-04c1-424b-9868-57a2d4851a1d" />
    <TestEntry testId="46dcdbc3-9a94-118d-ee9e-54f4a5b4a315" executionId="b8c778e4-4458-421d-a82d-d97a59308cba" testListId="8c84fa94-04c1-424b-9868-57a2d4851a1d" />
    <TestEntry testId="1bd1468e-4b03-99f3-870a-93d26181d5f7" executionId="d5644c57-f117-4cd7-b595-1a7065c297c4" testListId="8c84fa94-04c1-424b-9868-57a2d4851a1d" />
    <TestEntry testId="ea5ab445-ca0a-35eb-ec63-41856a96f8e9" executionId="903b0135-b3a8-4234-9e00-00e7288f5b7f" testListId="8c84fa94-04c1-424b-9868-57a2d4851a1d" />
    <TestEntry testId="a65e734d-45c8-d2d9-06b2-e2f5db3a88c6" executionId="1985a1c9-f7bd-4a32-82ab-c244088a597c" testListId="8c84fa94-04c1-424b-9868-57a2d4851a1d" />
    <TestEntry testId="4eca8843-35a3-b741-8711-c5436301e264" executionId="a0a4e10d-5643-4328-b696-838e43ec92fc" testListId="8c84fa94-04c1-424b-9868-57a2d4851a1d" />
    <TestEntry testId="b73775d0-ec90-51db-86a9-2842703c350a" executionId="ec7a9578-71a2-40dd-93e5-67f1bd7e824f" testListId="8c84fa94-04c1-424b-9868-57a2d4851a1d" />
    <TestEntry testId="4c30c1c1-0b1a-add3-c6f0-ac02c548707d" executionId="659fb03e-a48e-4b0a-8b45-5e6a98a8fb61" testListId="8c84fa94-04c1-424b-9868-57a2d4851a1d" />
    <TestEntry testId="393a5d92-f61b-33c1-f6ef-562b28684423" executionId="c0059eda-7630-46be-ba62-19f7ced4d3c1" testListId="8c84fa94-04c1-424b-9868-57a2d4851a1d" />
    <TestEntry testId="0e103695-05d1-7061-85b7-e9b693599e18" executionId="561a360b-4785-4839-9c8f-7e5204579182" testListId="8c84fa94-04c1-424b-9868-57a2d4851a1d" />
    <TestEntry testId="aba21fba-3a83-b83e-3067-7a92c86f8cc1" executionId="7e8cf253-4cc8-442d-bcc1-09c711a0025b" testListId="8c84fa94-04c1-424b-9868-57a2d4851a1d" />
    <TestEntry testId="87fb9c2d-22c3-717c-a03f-71d69a0c9974" executionId="ad998440-e551-460e-8bad-5cf5eceb7d28" testListId="8c84fa94-04c1-424b-9868-57a2d4851a1d" />
    <TestEntry testId="5614474b-bec0-bc74-791b-2bf41ef06cf6" executionId="a0ebb8bb-ca11-4289-97b9-e8da16ab391e" testListId="8c84fa94-04c1-424b-9868-57a2d4851a1d" />
    <TestEntry testId="550966a6-bbcc-4995-d41a-ce48c1a7afe5" executionId="7612f37d-a38e-477e-8e38-f18d1093a551" testListId="8c84fa94-04c1-424b-9868-57a2d4851a1d" />
    <TestEntry testId="05ca333e-1e37-fa77-0589-78d191bd21f4" executionId="150c688d-bd21-4ec6-a500-f3e01e8496fc" testListId="8c84fa94-04c1-424b-9868-57a2d4851a1d" />
    <TestEntry testId="e6141757-1949-33fd-9164-ebe2f3c18056" executionId="8c95e65b-de7b-41fb-ba4c-d0945bb635dd" testListId="8c84fa94-04c1-424b-9868-57a2d4851a1d" />
    <TestEntry testId="316695fe-fe44-56ff-a574-62c66c41d5dc" executionId="dc49a9fa-85b2-46b4-99f0-14b6311ed238" testListId="8c84fa94-04c1-424b-9868-57a2d4851a1d" />
    <TestEntry testId="b8963b3f-1c89-3a1b-21d2-4e3e800c4852" executionId="4b4af861-6732-426f-a44d-dfb5de842208" testListId="8c84fa94-04c1-424b-9868-57a2d4851a1d" />
    <TestEntry testId="082f8576-8f23-5f24-78f5-9d571f45ba9a" executionId="10945161-ee82-4bd7-acaf-6da925691b55" testListId="8c84fa94-04c1-424b-9868-57a2d4851a1d" />
    <TestEntry testId="114346b0-fd0c-f14f-c636-286c8a30704e" executionId="3e6f87fa-9187-4bb2-9c1e-eca136418051" testListId="8c84fa94-04c1-424b-9868-57a2d4851a1d" />
    <TestEntry testId="40740957-aa3a-aa1e-7f4d-0c7e04db2fce" executionId="8507b6d0-6f30-43f1-951d-a588aaf7040e" testListId="8c84fa94-04c1-424b-9868-57a2d4851a1d" />
    <TestEntry testId="6bf34791-b2a0-872b-bf4c-b106d34dc5b0" executionId="2ec25474-7547-4e8e-b478-d52cf0484660" testListId="8c84fa94-04c1-424b-9868-57a2d4851a1d" />
    <TestEntry testId="8a73d751-7991-d109-adb1-43f8de641f5f" executionId="165df989-7aab-4917-a6fa-2938abc15352" testListId="8c84fa94-04c1-424b-9868-57a2d4851a1d" />
    <TestEntry testId="9c3a772f-df25-e699-a77f-57ce06730355" executionId="d60f420b-4d06-4293-9e4b-dae05d0c4827" testListId="8c84fa94-04c1-424b-9868-57a2d4851a1d" />
    <TestEntry testId="1d94f4ee-e18a-f6a6-0d4e-d94116d380e6" executionId="fadf5e78-4bd0-4017-a20d-2caae576e7a6" testListId="8c84fa94-04c1-424b-9868-57a2d4851a1d" />
    <TestEntry testId="6afd2284-a12c-4b44-ec89-155ada5d0ac1" executionId="c0e72014-fc0b-4f86-8536-b3973b639e72" testListId="8c84fa94-04c1-424b-9868-57a2d4851a1d" />
    <TestEntry testId="82a3ffcb-4933-9ef9-47d0-727653463d86" executionId="0b54a580-904d-47a1-a03c-6dccc2a02e2e" testListId="8c84fa94-04c1-424b-9868-57a2d4851a1d" />
    <TestEntry testId="8b1b2bbb-0a07-9f48-24fa-4014225300ee" executionId="39d383ed-27c0-4d4e-8fdd-6bbe4f246633" testListId="8c84fa94-04c1-424b-9868-57a2d4851a1d" />
    <TestEntry testId="26d6e61d-3424-d277-97b9-45867b7105f8" executionId="f1917f20-8995-424f-92f7-b0d2652396dd" testListId="8c84fa94-04c1-424b-9868-57a2d4851a1d" />
    <TestEntry testId="eb168110-7166-e8a6-2128-9f569836286f" executionId="e2140b4a-ea37-410b-9763-ecdf568aff9a" testListId="8c84fa94-04c1-424b-9868-57a2d4851a1d" />
    <TestEntry testId="738f574b-be84-9882-b212-75f98e3d3994" executionId="ca32f2a8-292d-468c-a552-f4fdc85482a2" testListId="8c84fa94-04c1-424b-9868-57a2d4851a1d" />
    <TestEntry testId="e58a0d93-6593-9fa6-846c-b3b312bc33fa" executionId="e6806669-e76b-481b-8271-d73999343e98" testListId="8c84fa94-04c1-424b-9868-57a2d4851a1d" />
    <TestEntry testId="e383c9f1-dc66-ae8e-61d4-3c1233ef0bb2" executionId="bea9ade8-f9fb-4179-bfd5-1d0fa0e1bc9f" testListId="8c84fa94-04c1-424b-9868-57a2d4851a1d" />
    <TestEntry testId="6ac53b5c-7cd2-8f9d-1e23-a01593f44a06" executionId="6ccc2b4a-b890-475e-960a-616cb60ca2d1" testListId="8c84fa94-04c1-424b-9868-57a2d4851a1d" />
    <TestEntry testId="1d88f3ee-2148-4435-1f51-6e187f3a8f8a" executionId="fe1b0278-b857-4029-a4d9-4e038ef4a5cf" testListId="8c84fa94-04c1-424b-9868-57a2d4851a1d" />
    <TestEntry testId="e4533c6c-cf44-9409-0bf0-ba815e23e9b7" executionId="60e62980-88cd-4232-b6bc-e6d5c4bf3b45" testListId="8c84fa94-04c1-424b-9868-57a2d4851a1d" />
    <TestEntry testId="46b84018-7720-3036-e1d7-60256291efb9" executionId="e3ddfc01-aaed-4ad4-88b9-042753ec0ba5" testListId="8c84fa94-04c1-424b-9868-57a2d4851a1d" />
    <TestEntry testId="3fd2378d-2fdc-6393-d094-32038415f145" executionId="56cc25ed-889e-44e8-b055-efdc7d495cd1" testListId="8c84fa94-04c1-424b-9868-57a2d4851a1d" />
    <TestEntry testId="6b3b85a7-b6db-ea59-f47e-9c3b44b6ea78" executionId="f4b6372e-c7e7-4afd-8db5-362f700542da" testListId="8c84fa94-04c1-424b-9868-57a2d4851a1d" />
    <TestEntry testId="f4dfe096-289b-8e1f-f467-270ed66a728d" executionId="abd0380e-ccc3-4879-b06e-957bffaab132" testListId="8c84fa94-04c1-424b-9868-57a2d4851a1d" />
    <TestEntry testId="fb25ea5e-68ae-184e-a1ca-0844b7170b44" executionId="3cf89e97-7228-4398-a9b4-8f9f9834836e" testListId="8c84fa94-04c1-424b-9868-57a2d4851a1d" />
    <TestEntry testId="67412a9c-0104-f5de-b394-b2c1af9eecbf" executionId="5b54ebaf-6284-4916-a4e5-cfa84a4bc19b" testListId="8c84fa94-04c1-424b-9868-57a2d4851a1d" />
    <TestEntry testId="c84e1522-8e1c-2ce1-86d8-ca3ed0f06d31" executionId="f4564a03-cffb-4eed-9909-3b42fe22f105" testListId="8c84fa94-04c1-424b-9868-57a2d4851a1d" />
    <TestEntry testId="07008d94-fa7b-c33e-c12a-f3e6c127fdc5" executionId="40fabc0d-374c-4bf5-a851-6224fbc8f1a4" testListId="8c84fa94-04c1-424b-9868-57a2d4851a1d" />
    <TestEntry testId="605250e0-7a04-68c9-46f9-72dee413bc1f" executionId="41e6d568-e563-4ced-a042-49c23ade6ce4" testListId="8c84fa94-04c1-424b-9868-57a2d4851a1d" />
    <TestEntry testId="af7d41e3-f32d-421b-cda7-698b15153704" executionId="9bcc49de-3936-4be4-afee-c2253a7cb81f" testListId="8c84fa94-04c1-424b-9868-57a2d4851a1d" />
    <TestEntry testId="3a028288-8eb0-b563-580d-e5c9889ffc64" executionId="d6eac4bf-085b-42fa-b2b9-00fbc8ee3f62" testListId="8c84fa94-04c1-424b-9868-57a2d4851a1d" />
    <TestEntry testId="61101eb8-17a2-7af4-05b9-65841f68ef5f" executionId="6fc475c6-c61c-44e5-a746-82117d250401" testListId="8c84fa94-04c1-424b-9868-57a2d4851a1d" />
    <TestEntry testId="e4116b0b-4cab-b6e9-91e8-e18464a3f1c5" executionId="ba368b2d-206b-44fb-9000-722c178a3206" testListId="8c84fa94-04c1-424b-9868-57a2d4851a1d" />
    <TestEntry testId="6a114c62-b108-96f0-a37a-172432e1c5dc" executionId="7e8e3e20-1ff5-4ff6-9043-9bf13e4f7ac2" testListId="8c84fa94-04c1-424b-9868-57a2d4851a1d" />
    <TestEntry testId="6bd7a7fe-7997-570b-3fa0-de1f60f7b80e" executionId="a8ce02ab-18d3-4374-8aa6-c84a053b49d2" testListId="8c84fa94-04c1-424b-9868-57a2d4851a1d" />
    <TestEntry testId="8872864a-b6f9-7c4e-549d-25987a6de165" executionId="8c2cb1d0-e0be-4fa2-a9ff-3339245fcefb" testListId="8c84fa94-04c1-424b-9868-57a2d4851a1d" />
    <TestEntry testId="62232ef3-0e18-add8-8d4e-aaf97dfe638c" executionId="59157f73-70d0-4889-9543-5b339d351f58" testListId="8c84fa94-04c1-424b-9868-57a2d4851a1d" />
    <TestEntry testId="c45fc3c6-4264-b296-c4f3-e8618808a521" executionId="4361c4f2-7b1b-41de-8859-3d1bed9e29e8" testListId="8c84fa94-04c1-424b-9868-57a2d4851a1d" />
    <TestEntry testId="0d94413d-5980-00bb-76ff-2898fec51ab1" executionId="1dc87d5c-da3f-4d99-a829-352cadfde985" testListId="8c84fa94-04c1-424b-9868-57a2d4851a1d" />
    <TestEntry testId="eddc0227-f630-b98d-8e2d-2452df4d5cde" executionId="04d6d23a-db37-45c2-8d86-340d14c5f436" testListId="8c84fa94-04c1-424b-9868-57a2d4851a1d" />
    <TestEntry testId="afe1a25a-3395-d21e-c029-121274c82e10" executionId="a6405ca4-4f9d-4f74-8665-e71f2a3a0264" testListId="8c84fa94-04c1-424b-9868-57a2d4851a1d" />
    <TestEntry testId="c72aeb4d-0dde-4a3e-8524-1f70b6a178f3" executionId="077d1d2d-4a2b-4327-8e17-e6ab3bd85521" testListId="8c84fa94-04c1-424b-9868-57a2d4851a1d" />
    <TestEntry testId="c4b5614e-f225-4d29-b459-a865e1a4493a" executionId="6bb8b3d3-3a1c-4362-a63b-aa926e82107d" testListId="8c84fa94-04c1-424b-9868-57a2d4851a1d" />
    <TestEntry testId="921f0437-d036-ac9e-3cba-d8023f470487" executionId="e88a2619-7416-462a-af04-e5e8a2394d95" testListId="8c84fa94-04c1-424b-9868-57a2d4851a1d" />
    <TestEntry testId="0a7a7e63-88a2-4884-414e-cc3049a88c19" executionId="f5a818f8-0b1c-4633-b78e-4877bb39becd" testListId="8c84fa94-04c1-424b-9868-57a2d4851a1d" />
    <TestEntry testId="9e872515-5269-fd11-ee3a-0400c7b6cc18" executionId="c5598e60-f7fd-4c43-85ae-33df4f89cc71" testListId="8c84fa94-04c1-424b-9868-57a2d4851a1d" />
    <TestEntry testId="48a5ec62-9af9-57c5-3941-8ab94b38f690" executionId="a69f4786-3d13-4d93-af6c-c4bae4052ce1" testListId="8c84fa94-04c1-424b-9868-57a2d4851a1d" />
    <TestEntry testId="1a86996e-43b2-eaea-70a8-80ee5eba7cee" executionId="7b241f2a-cc96-4523-ba27-b7b039487bdf" testListId="8c84fa94-04c1-424b-9868-57a2d4851a1d" />
    <TestEntry testId="d328b59f-8c45-6551-a565-0b5da9eb7464" executionId="1cc829e1-5885-4ee6-9c52-45536984f64f" testListId="8c84fa94-04c1-424b-9868-57a2d4851a1d" />
    <TestEntry testId="2236bcfd-9f7b-7b49-98ae-7a33571d1d8d" executionId="141d9605-034d-443a-a243-342cfe6089b0" testListId="8c84fa94-04c1-424b-9868-57a2d4851a1d" />
    <TestEntry testId="2717c16e-7d4e-6367-c2b5-b4d663618cf6" executionId="9afd1f13-e181-4557-85f0-c6dc885ff7b2" testListId="8c84fa94-04c1-424b-9868-57a2d4851a1d" />
    <TestEntry testId="00ef2a3e-7ff0-9d6e-68c3-ad85f3770520" executionId="b9eea8c1-7efb-430e-a3a8-0bd493093b48" testListId="8c84fa94-04c1-424b-9868-57a2d4851a1d" />
    <TestEntry testId="9f73a637-0534-0960-9ad3-7d40b1e02040" executionId="e4267b84-dcbc-41a1-940b-aa63da0ec4e4" testListId="8c84fa94-04c1-424b-9868-57a2d4851a1d" />
    <TestEntry testId="5e2677de-e2fa-6a52-218a-17f0c0c4b43b" executionId="58c446aa-35ef-4c77-9ea8-0a83f8eeeee2" testListId="8c84fa94-04c1-424b-9868-57a2d4851a1d" />
    <TestEntry testId="5a3b7081-56d0-2ca3-77b9-ccdb29902878" executionId="64d20553-5c6e-429d-b41d-2d05ada05cfb" testListId="8c84fa94-04c1-424b-9868-57a2d4851a1d" />
    <TestEntry testId="3416710f-7f2b-30de-6fba-ccb66a1f8d4a" executionId="60391546-c13a-4e8a-ad99-d7f88ab951a7" testListId="8c84fa94-04c1-424b-9868-57a2d4851a1d" />
    <TestEntry testId="138890cc-832b-4381-a02a-530cf0ec764b" executionId="099799f4-2ebb-4a92-b4bb-1379de1a194d" testListId="8c84fa94-04c1-424b-9868-57a2d4851a1d" />
    <TestEntry testId="98f05983-1e7e-ea2f-d552-d801d6e799d0" executionId="27109386-a6b3-4556-bf15-bbb1a299108b" testListId="8c84fa94-04c1-424b-9868-57a2d4851a1d" />
    <TestEntry testId="4a01f513-c69a-d2a9-9918-136f1da2989d" executionId="2f545f9c-2486-4832-964f-4863d772ba59" testListId="8c84fa94-04c1-424b-9868-57a2d4851a1d" />
    <TestEntry testId="3f6f6f9e-8d6b-5b7c-97fa-e5fcc084c74f" executionId="53293173-e85d-4d3c-ba81-249cb0cb4d37" testListId="8c84fa94-04c1-424b-9868-57a2d4851a1d" />
    <TestEntry testId="6612c975-b994-d74a-f726-d19195d3a56a" executionId="abd9d31b-3f91-418b-af9d-eaac59e346a4" testListId="8c84fa94-04c1-424b-9868-57a2d4851a1d" />
    <TestEntry testId="8406b15f-417e-0deb-cb89-8f582c80cc41" executionId="19bea01a-6fab-4eb5-b0ea-c17fb6ece530" testListId="8c84fa94-04c1-424b-9868-57a2d4851a1d" />
    <TestEntry testId="5da3b2e4-6a9f-a9a6-4eb1-98b652557c46" executionId="0d699c93-0114-4023-9a3d-56c3d34b62df" testListId="8c84fa94-04c1-424b-9868-57a2d4851a1d" />
    <TestEntry testId="6ebbf36c-1344-67da-0a21-dbfd36142b2b" executionId="bf0b88bb-8616-41e4-a4cb-dbff3908756f" testListId="8c84fa94-04c1-424b-9868-57a2d4851a1d" />
    <TestEntry testId="a363397a-b049-e8e3-0f2f-edcbc5a1470c" executionId="b52b58e1-ccb2-49d8-8942-7ed050ff62ce" testListId="8c84fa94-04c1-424b-9868-57a2d4851a1d" />
    <TestEntry testId="7a445a81-f4ec-22c7-8ca5-d27f5cfca804" executionId="1bfc522a-29a1-4c49-a910-7318779a42b1" testListId="8c84fa94-04c1-424b-9868-57a2d4851a1d" />
    <TestEntry testId="3be806f7-f582-ad07-2c81-d19696092c39" executionId="fe6a28b3-87d9-4420-b394-c2326cc6aeaa" testListId="8c84fa94-04c1-424b-9868-57a2d4851a1d" />
    <TestEntry testId="a041969d-c809-06e6-80f1-a7685876bd1d" executionId="e0bc5cbc-7bbf-4465-901e-5733e0bc375a" testListId="8c84fa94-04c1-424b-9868-57a2d4851a1d" />
    <TestEntry testId="c344cf1e-4a6e-3e26-a891-220afb7b43b7" executionId="c09b442d-3e30-440f-9826-87586d75adc9" testListId="8c84fa94-04c1-424b-9868-57a2d4851a1d" />
    <TestEntry testId="925664ea-f241-90ce-7bb2-fb84bcf32f7a" executionId="3295218a-3114-4f88-85c7-a542383a35bf" testListId="8c84fa94-04c1-424b-9868-57a2d4851a1d" />
    <TestEntry testId="8e573d90-3905-3ac5-00ac-63bb86ee5890" executionId="c87ace9d-ff09-4f2c-a128-f0d93c89565e" testListId="8c84fa94-04c1-424b-9868-57a2d4851a1d" />
    <TestEntry testId="816b2ac7-a43f-4c86-3132-8faeff3af2a9" executionId="c7246741-8dc0-4fe2-bb0d-44ddc76b39b4" testListId="8c84fa94-04c1-424b-9868-57a2d4851a1d" />
    <TestEntry testId="a83c55d9-b4b3-f28e-764f-b9b4aa5db19f" executionId="b2092c9a-5031-4fb4-850b-418791892e24" testListId="8c84fa94-04c1-424b-9868-57a2d4851a1d" />
    <TestEntry testId="58fd8b43-652d-5b59-d404-5219bfb48dc4" executionId="450157c4-38ce-4652-99ad-436dabbe5b01" testListId="8c84fa94-04c1-424b-9868-57a2d4851a1d" />
    <TestEntry testId="3cafcacb-32ad-b342-352f-c0a96f21cf8a" executionId="5e9d06f0-e72b-4fc5-ac11-aeed4caccb08" testListId="8c84fa94-04c1-424b-9868-57a2d4851a1d" />
    <TestEntry testId="0109c8ab-ee05-8dbe-890d-f0bf776f02fb" executionId="7e87d39d-d4b4-4c06-b70a-ed7168503442" testListId="8c84fa94-04c1-424b-9868-57a2d4851a1d" />
    <TestEntry testId="dded287a-998e-cb9d-f92d-9256dc53a795" executionId="cb2144a4-6ac7-48e8-9e97-2373c15a6929" testListId="8c84fa94-04c1-424b-9868-57a2d4851a1d" />
    <TestEntry testId="950aeb7f-7cec-78f7-24fb-dace29f10a19" executionId="c4ea2513-d3c6-4650-8abc-0d9eaa640f94" testListId="8c84fa94-04c1-424b-9868-57a2d4851a1d" />
    <TestEntry testId="b41d5d14-9db4-82d3-9ad6-f42ca197a12f" executionId="9bcc2bca-ef77-4bfd-9154-aca7bfbc1940" testListId="8c84fa94-04c1-424b-9868-57a2d4851a1d" />
    <TestEntry testId="45f96de3-d049-8a9e-87e9-7145fd26e8ec" executionId="56015e81-3915-4e3c-84af-379e7237065f" testListId="8c84fa94-04c1-424b-9868-57a2d4851a1d" />
    <TestEntry testId="01fae031-7483-b5ad-f374-e6d1c6f24e58" executionId="b49b88cb-39d7-46a1-9b2c-879a8a02e229" testListId="8c84fa94-04c1-424b-9868-57a2d4851a1d" />
    <TestEntry testId="18284965-caa9-19be-bcfc-7aaeae04db65" executionId="a63ed172-c7e7-4256-9dc2-8b3862ac5434" testListId="8c84fa94-04c1-424b-9868-57a2d4851a1d" />
    <TestEntry testId="ad405981-b262-d2c1-3af9-18da6417b9a4" executionId="b184fea8-fe78-46a8-89b6-5b529a5808ca" testListId="8c84fa94-04c1-424b-9868-57a2d4851a1d" />
    <TestEntry testId="321bae8d-4b23-8ae4-5b88-5171b0e824e4" executionId="a5706d89-78fc-4b3e-99a6-97a8879de11f" testListId="8c84fa94-04c1-424b-9868-57a2d4851a1d" />
    <TestEntry testId="b93e230f-c49c-564b-996d-dea1fded8624" executionId="b716f506-b4d9-4ffd-8035-890b0855c14f" testListId="8c84fa94-04c1-424b-9868-57a2d4851a1d" />
    <TestEntry testId="a4721eb0-8fb7-597b-946b-9a40bbf20beb" executionId="fb5e0056-5380-45e3-95e6-e928d6d61365" testListId="8c84fa94-04c1-424b-9868-57a2d4851a1d" />
    <TestEntry testId="19c6427d-1cc5-f3a5-e1e7-57d8b4ee9bd2" executionId="74c29421-b1f8-4515-8408-838008b4f9c4" testListId="8c84fa94-04c1-424b-9868-57a2d4851a1d" />
    <TestEntry testId="6076c739-3e10-92f4-3ec4-0352280e9551" executionId="217a47c4-93d0-4ef0-8433-142027d2b5c0" testListId="8c84fa94-04c1-424b-9868-57a2d4851a1d" />
    <TestEntry testId="1fdb4f22-5a36-01a8-1855-f965a4a85cda" executionId="32a493eb-d764-4e3f-92bb-348be70f76d6" testListId="8c84fa94-04c1-424b-9868-57a2d4851a1d" />
    <TestEntry testId="0cc64dd4-287f-646c-5601-47af79298911" executionId="d49a847a-0ce8-4d2a-b778-1cc4ac777d22" testListId="8c84fa94-04c1-424b-9868-57a2d4851a1d" />
    <TestEntry testId="64dba5e6-e4e2-6bd2-0a47-e237fafea9f7" executionId="d6f302e2-0ad3-4b6d-acf3-a68ad2e8c38c" testListId="8c84fa94-04c1-424b-9868-57a2d4851a1d" />
    <TestEntry testId="564c086f-2644-89cd-217d-660107701449" executionId="03647c0f-95e0-4c23-9a8a-1e72890abb34" testListId="8c84fa94-04c1-424b-9868-57a2d4851a1d" />
    <TestEntry testId="bbdc8830-7862-5302-411c-040e318e8f70" executionId="ef592033-8425-4fb8-9764-b91ee58172b1" testListId="8c84fa94-04c1-424b-9868-57a2d4851a1d" />
    <TestEntry testId="d1fa7d85-5780-0f20-ee4e-83b10fd1d81e" executionId="a171f970-faba-4b2b-a982-9b9a2581fa99" testListId="8c84fa94-04c1-424b-9868-57a2d4851a1d" />
    <TestEntry testId="2fad9bdc-11bd-393a-baa9-09a36df552c4" executionId="98b577ad-a648-4233-a3b9-bea379eccf30" testListId="8c84fa94-04c1-424b-9868-57a2d4851a1d" />
    <TestEntry testId="7eb545f0-c08c-0fe9-5f32-a5873e3d410e" executionId="19def680-64ed-424a-a28c-b96b71de63a1" testListId="8c84fa94-04c1-424b-9868-57a2d4851a1d" />
    <TestEntry testId="eb783c97-e276-1c62-fa4b-42372d4256f9" executionId="e74cfcdc-0ba0-4f70-ab6a-1458306bba5d" testListId="8c84fa94-04c1-424b-9868-57a2d4851a1d" />
    <TestEntry testId="44f3642a-9a44-e5e0-4d9a-8317e240098a" executionId="987e860f-5810-40e6-b1d0-d4d7bbe59ca1" testListId="8c84fa94-04c1-424b-9868-57a2d4851a1d" />
    <TestEntry testId="32c6af81-7f72-ae75-868d-39dbfdfbacf5" executionId="24f85a23-01e4-4e85-b99c-34d624fdad4a" testListId="8c84fa94-04c1-424b-9868-57a2d4851a1d" />
    <TestEntry testId="0dc11377-fff4-751d-96d1-181066aa4b1f" executionId="01a351ad-042b-4007-9b8a-f10b942977fc" testListId="8c84fa94-04c1-424b-9868-57a2d4851a1d" />
    <TestEntry testId="f9da7f0a-44ad-cac9-73d9-a57c239d21b4" executionId="c69e8cc2-3d87-42aa-9b3c-fdafb88c94a4" testListId="8c84fa94-04c1-424b-9868-57a2d4851a1d" />
    <TestEntry testId="160787b0-1efb-d2b7-8a3c-4607909e6802" executionId="e0efc49b-014b-4262-ae8c-90c6ac360ca2" testListId="8c84fa94-04c1-424b-9868-57a2d4851a1d" />
    <TestEntry testId="b59faecf-6f2e-dbb5-b5da-4e8c965aa622" executionId="a62d50a7-6d1f-492f-a726-765349b88e1f" testListId="8c84fa94-04c1-424b-9868-57a2d4851a1d" />
    <TestEntry testId="6144c959-1755-c3dd-7cef-76f3edd5e264" executionId="2dfbe952-3b33-40d3-ad8b-2b35f92cb0a7" testListId="8c84fa94-04c1-424b-9868-57a2d4851a1d" />
    <TestEntry testId="da1f5979-147d-33a6-599b-ca19e039d5bc" executionId="be530292-6e67-40df-b966-47c16a0e6ab9" testListId="8c84fa94-04c1-424b-9868-57a2d4851a1d" />
    <TestEntry testId="c8c67187-0fbb-2f54-b6f1-3a6d5e156fac" executionId="83d668b3-5911-46bb-bcdf-7532d02fd04b" testListId="8c84fa94-04c1-424b-9868-57a2d4851a1d" />
    <TestEntry testId="c7a0c7b3-9846-2a4b-b8bb-61d83e352bfb" executionId="6f2bcdcf-3e65-43c7-a53f-ef08196bed7b" testListId="8c84fa94-04c1-424b-9868-57a2d4851a1d" />
    <TestEntry testId="f30472ac-a944-bd45-9054-2cf614ac9580" executionId="bf0638d0-028d-4e1e-8f28-c04703cd7d47" testListId="8c84fa94-04c1-424b-9868-57a2d4851a1d" />
    <TestEntry testId="09cddab9-eb31-04da-1175-a69e6fc6e11a" executionId="65ddb2ca-8050-494c-9962-1862211d25c8" testListId="8c84fa94-04c1-424b-9868-57a2d4851a1d" />
    <TestEntry testId="0f9d72e7-4b12-d747-8149-f85ab4ea8696" executionId="7493bffe-4895-45c0-b905-d39055f31eaa" testListId="8c84fa94-04c1-424b-9868-57a2d4851a1d" />
    <TestEntry testId="f41ad874-8379-435c-16a6-3393d7b84b2d" executionId="2603a757-d06e-4018-aa35-58b81269290d" testListId="8c84fa94-04c1-424b-9868-57a2d4851a1d" />
    <TestEntry testId="763a6323-3950-5210-95f7-b639e604c6d4" executionId="9576d5a2-8abb-4866-a100-962f86a9bfcb" testListId="8c84fa94-04c1-424b-9868-57a2d4851a1d" />
    <TestEntry testId="1fc847a6-e70a-2855-aa14-40c36f34aab7" executionId="a14f7b44-fbaf-40a8-89af-a11b03c76d0f" testListId="8c84fa94-04c1-424b-9868-57a2d4851a1d" />
    <TestEntry testId="da477cfb-19a2-e344-47c1-5d2441f8f2a1" executionId="d6bf6a58-472c-43d3-acf4-3ff682fceba2" testListId="8c84fa94-04c1-424b-9868-57a2d4851a1d" />
    <TestEntry testId="66f00b6b-7e66-d43e-f104-8a2b5185043b" executionId="ddd63612-77cb-412f-a2b0-7f5b28c235ee" testListId="8c84fa94-04c1-424b-9868-57a2d4851a1d" />
    <TestEntry testId="2aced093-2a6f-e352-05e1-094b8ca32711" executionId="73bf1444-cd30-43fa-9d42-907e4bd74d99" testListId="8c84fa94-04c1-424b-9868-57a2d4851a1d" />
    <TestEntry testId="65447680-2649-575c-78cc-9a2645bae4cc" executionId="8ad0a7f4-664e-402f-bdcd-cc50f7985138" testListId="8c84fa94-04c1-424b-9868-57a2d4851a1d" />
    <TestEntry testId="3f82880f-669e-4c80-f5cb-7b52a5ea247e" executionId="b5d4b037-ae2c-4401-a26e-1cfabcf4ce2b" testListId="8c84fa94-04c1-424b-9868-57a2d4851a1d" />
    <TestEntry testId="ca610a9c-ba67-5df9-9fb1-df42d8ef7ec4" executionId="5d658c46-84d7-46b7-9145-63b6e746729f" testListId="8c84fa94-04c1-424b-9868-57a2d4851a1d" />
    <TestEntry testId="597bd723-9003-2a88-ade0-4bc49ffe996b" executionId="1308818a-b78c-4bfc-b57a-ab67d3503528" testListId="8c84fa94-04c1-424b-9868-57a2d4851a1d" />
    <TestEntry testId="54de8916-5b62-ba46-e8c2-27c2d49d182d" executionId="329bb7a5-b93f-43d2-aec2-19b17b02927c" testListId="8c84fa94-04c1-424b-9868-57a2d4851a1d" />
    <TestEntry testId="86b6936d-d0a3-0fe4-51f4-73e029925e7c" executionId="b45ba155-ad92-4d99-b8b3-4fe5f315bb2f" testListId="8c84fa94-04c1-424b-9868-57a2d4851a1d" />
    <TestEntry testId="5e313791-9716-3c77-4680-c6a571a33fba" executionId="a3e046ba-c289-4f26-9b40-f03d53f78866" testListId="8c84fa94-04c1-424b-9868-57a2d4851a1d" />
    <TestEntry testId="28c89347-07cb-f303-2d19-a9e42b6e0950" executionId="b7ee52fd-e4d5-4f57-856f-dd8867f3045c" testListId="8c84fa94-04c1-424b-9868-57a2d4851a1d" />
    <TestEntry testId="8f4ab2fc-20d9-03f6-a5f1-0258786d5836" executionId="ff870b04-1f8a-47fc-a863-796caec027c6" testListId="8c84fa94-04c1-424b-9868-57a2d4851a1d" />
    <TestEntry testId="642252cc-ee55-63d1-36e9-8adcb260ce39" executionId="bef27e5b-fb38-4af6-8277-cd71d1001a3f" testListId="8c84fa94-04c1-424b-9868-57a2d4851a1d" />
    <TestEntry testId="529e11c5-7768-7957-da11-f5bd2add9362" executionId="aef22680-8bb8-498b-a0b8-24d31500c9ee" testListId="8c84fa94-04c1-424b-9868-57a2d4851a1d" />
    <TestEntry testId="a56ddb79-3317-b80b-98c4-2292384250b4" executionId="9152d608-4ef5-45ac-b227-b70ff58150bc" testListId="8c84fa94-04c1-424b-9868-57a2d4851a1d" />
    <TestEntry testId="efa41d69-047a-862e-3b9a-3e60dad1df59" executionId="66d84952-f7af-4054-86dd-fbb0eb261a3d" testListId="8c84fa94-04c1-424b-9868-57a2d4851a1d" />
    <TestEntry testId="64db45f7-a1e7-2f85-1ccb-40bdd95795a4" executionId="7da7c091-14e4-482a-a2ec-66fffe675f89" testListId="8c84fa94-04c1-424b-9868-57a2d4851a1d" />
    <TestEntry testId="23153d45-25e8-2ed0-0a84-a9cd8065ee19" executionId="c41657aa-b5c1-4369-bedf-708fc2bd93c5" testListId="8c84fa94-04c1-424b-9868-57a2d4851a1d" />
    <TestEntry testId="e9ddef06-7dfd-fff2-8df3-6a0be02fd7d9" executionId="21484b5f-e50a-4015-80f9-4f623cb95865" testListId="8c84fa94-04c1-424b-9868-57a2d4851a1d" />
    <TestEntry testId="3ec5ba8b-f48c-92cb-ad25-87e8cf58b5f8" executionId="3b329e8a-273d-4553-8f97-ff354dbc0fd6" testListId="8c84fa94-04c1-424b-9868-57a2d4851a1d" />
    <TestEntry testId="88560383-7a45-4a35-1f88-1bd254fd94a7" executionId="c0b6683c-98cf-4b25-9e89-397aa65faf19" testListId="8c84fa94-04c1-424b-9868-57a2d4851a1d" />
    <TestEntry testId="fe0f7012-72f1-1691-a889-2acdf9e700c3" executionId="de4ede80-b71e-4b73-9bc5-770a1eeaa57f" testListId="8c84fa94-04c1-424b-9868-57a2d4851a1d" />
    <TestEntry testId="f93f42bb-5da8-211b-13aa-634298979707" executionId="81c7ab07-ee84-4f05-ae6f-a7d289fb5cd9" testListId="8c84fa94-04c1-424b-9868-57a2d4851a1d" />
    <TestEntry testId="67400dc0-2be8-6421-c6f9-06c2f3c9beb6" executionId="72f42586-b81d-436f-9d46-201d995ef4e5" testListId="8c84fa94-04c1-424b-9868-57a2d4851a1d" />
    <TestEntry testId="8eb8d35e-824b-7a2f-1ee3-affba1ece6ab" executionId="a5fb40e8-df0c-4bed-9007-9470e87005fc" testListId="8c84fa94-04c1-424b-9868-57a2d4851a1d" />
    <TestEntry testId="0c23041d-c653-bb0d-7faf-563309162fe4" executionId="aeb09e3d-030e-425d-9478-000b1a5d67d8" testListId="8c84fa94-04c1-424b-9868-57a2d4851a1d" />
    <TestEntry testId="592e74ff-3455-fef7-3f49-357d335bc5de" executionId="eaf5d5b6-d99c-4e36-b163-eca82b789ceb" testListId="8c84fa94-04c1-424b-9868-57a2d4851a1d" />
    <TestEntry testId="368193ca-abd8-bca1-3e99-48db0eca7bfc" executionId="598f1eec-1760-4024-bb33-fb35697410f7" testListId="8c84fa94-04c1-424b-9868-57a2d4851a1d" />
    <TestEntry testId="8d3616fd-3513-88bb-16af-418f5e2f0ef4" executionId="18bdb100-fbd5-4b64-b8b0-41d3c5933255" testListId="8c84fa94-04c1-424b-9868-57a2d4851a1d" />
    <TestEntry testId="680db675-7d70-5c15-5383-abec258f0d3c" executionId="7248300d-b233-48f3-b2a5-a962a4d283c2" testListId="8c84fa94-04c1-424b-9868-57a2d4851a1d" />
    <TestEntry testId="4347d80b-19f7-e06d-caef-277a011bf971" executionId="dfcd7f6a-71df-4a63-8e45-734d2cfe026c" testListId="8c84fa94-04c1-424b-9868-57a2d4851a1d" />
    <TestEntry testId="928f080a-2ca5-1016-2506-1535fb3977cd" executionId="56c8df50-79d6-4573-822c-05bd68b10f71" testListId="8c84fa94-04c1-424b-9868-57a2d4851a1d" />
    <TestEntry testId="4c8ec50b-8c5a-aec9-c5b3-70243e209d42" executionId="ba959901-66be-418d-8c4a-e343717a4a47" testListId="8c84fa94-04c1-424b-9868-57a2d4851a1d" />
    <TestEntry testId="8eb852a2-4a4f-862c-25b2-0750277a1109" executionId="059e4e35-829b-4eb5-b438-1d3ba2707376" testListId="8c84fa94-04c1-424b-9868-57a2d4851a1d" />
    <TestEntry testId="c750f97e-dda7-af8d-a7e5-cad6c9aee199" executionId="d5d6e151-b7fc-46be-be34-48ac50607490" testListId="8c84fa94-04c1-424b-9868-57a2d4851a1d" />
    <TestEntry testId="0dc7140d-4bbf-efdd-6caf-673aa037fb11" executionId="ee7af04f-ab8f-4822-935c-203fc28acd10" testListId="8c84fa94-04c1-424b-9868-57a2d4851a1d" />
    <TestEntry testId="ae193638-acd8-a527-e257-07f3dcf34f52" executionId="226fccd9-7b05-47ab-a3bc-6eed37b872b0" testListId="8c84fa94-04c1-424b-9868-57a2d4851a1d" />
    <TestEntry testId="2bd55a3c-b8eb-48c6-3c31-edf0c324bdb0" executionId="7f206e19-e94f-4c97-98be-ecd4df1ceca9" testListId="8c84fa94-04c1-424b-9868-57a2d4851a1d" />
    <TestEntry testId="20555999-6988-8b37-7eac-56c9d5fe797e" executionId="e66e34a4-e5b4-46f9-8d22-31f9c5113342" testListId="8c84fa94-04c1-424b-9868-57a2d4851a1d" />
    <TestEntry testId="707fb3d0-03de-bdac-591f-7d133eb012d7" executionId="a9632d70-f86e-4c57-a8f0-0cdbf16102d7" testListId="8c84fa94-04c1-424b-9868-57a2d4851a1d" />
    <TestEntry testId="869fadce-b516-c257-0c95-62752d314964" executionId="b88a0f34-d689-483f-a38d-3dbe5768dc74" testListId="8c84fa94-04c1-424b-9868-57a2d4851a1d" />
    <TestEntry testId="27bca920-a72d-e65e-33db-54c0a6ef7019" executionId="67832b95-38d5-4e60-8438-704aea01c41c" testListId="8c84fa94-04c1-424b-9868-57a2d4851a1d" />
    <TestEntry testId="ed65733d-7af3-f495-5fb1-3e84aed28606" executionId="ff861901-461e-472d-a1aa-421a422f551e" testListId="8c84fa94-04c1-424b-9868-57a2d4851a1d" />
    <TestEntry testId="3e0d26d4-5c71-07fd-d917-3aefdd4eeb1b" executionId="59ca28b3-a073-48a1-81c0-a5418d3ba33d" testListId="8c84fa94-04c1-424b-9868-57a2d4851a1d" />
    <TestEntry testId="88acfffa-6ebd-143d-ed22-519c4f519ea6" executionId="3757ab5e-cb15-4fbb-9c82-334be00ff359" testListId="8c84fa94-04c1-424b-9868-57a2d4851a1d" />
    <TestEntry testId="2238aa25-e5a6-8e7f-9981-e7e7ad9efecb" executionId="0879ddff-7d86-4349-9974-191308b01d93" testListId="8c84fa94-04c1-424b-9868-57a2d4851a1d" />
    <TestEntry testId="77f7ee0e-886f-f898-6f5d-3b61078bccf6" executionId="44270c88-f5fc-4089-a067-27626f8f197a" testListId="8c84fa94-04c1-424b-9868-57a2d4851a1d" />
    <TestEntry testId="51f0d52a-a255-7a92-fcbc-d358b1f05aba" executionId="7acf26b1-29dc-4d24-a4fa-debb4ab95893" testListId="8c84fa94-04c1-424b-9868-57a2d4851a1d" />
    <TestEntry testId="19d767e5-20f1-fedf-7a8f-c8f1a86fdf3c" executionId="73937c5d-87ee-47f3-91c6-83d4431aec7b" testListId="8c84fa94-04c1-424b-9868-57a2d4851a1d" />
    <TestEntry testId="51fb16f6-66c4-0050-c71e-12ab273ae4b0" executionId="3d481d5c-183a-42ef-9511-b9355e3016d2" testListId="8c84fa94-04c1-424b-9868-57a2d4851a1d" />
    <TestEntry testId="474ce8e7-95be-0f6b-ada6-532566f43080" executionId="d9717f40-0278-4976-9f18-f218db2241e0" testListId="8c84fa94-04c1-424b-9868-57a2d4851a1d" />
    <TestEntry testId="3077df90-1ad1-72b0-e0da-9c7463ee4e06" executionId="c50f2f00-ae27-4d47-b99e-7cb003826246" testListId="8c84fa94-04c1-424b-9868-57a2d4851a1d" />
    <TestEntry testId="a4842a65-d964-6c02-a2c8-82738a9f92f7" executionId="567c9f55-8d06-404e-af31-1d092d2e2abf" testListId="8c84fa94-04c1-424b-9868-57a2d4851a1d" />
    <TestEntry testId="ab73acdd-95e9-5ad8-a1fc-01f362166b52" executionId="b7086bb6-2db2-4e74-9e44-d96ad97052ff" testListId="8c84fa94-04c1-424b-9868-57a2d4851a1d" />
    <TestEntry testId="4c473b77-5141-9692-a6bc-fdecd1328753" executionId="efb440c5-f4a5-4555-bcdc-5a3b984cd614" testListId="8c84fa94-04c1-424b-9868-57a2d4851a1d" />
    <TestEntry testId="05dbcc0e-37b6-5c61-b5f8-c3fc14476401" executionId="ac40e6b1-8035-4cc2-997f-601ab3b90dec" testListId="8c84fa94-04c1-424b-9868-57a2d4851a1d" />
    <TestEntry testId="7c0e6e89-86f1-1219-b859-69fb4d47a693" executionId="7277f56b-f529-4d45-8c6f-c2aba2ab7ded" testListId="8c84fa94-04c1-424b-9868-57a2d4851a1d" />
    <TestEntry testId="9554f1d9-c0c2-1eff-7d16-d20ed944a47c" executionId="fc6071c8-b0ce-4411-937d-e293317f3925" testListId="8c84fa94-04c1-424b-9868-57a2d4851a1d" />
    <TestEntry testId="36772fb5-fc9c-f8d7-9432-25b80df59621" executionId="a2479340-e726-458c-8af6-cc7381250e41" testListId="8c84fa94-04c1-424b-9868-57a2d4851a1d" />
    <TestEntry testId="92d52b5a-3c86-52a1-0ff1-d8084a85e71a" executionId="6b969689-6be8-484d-851d-18eee7604154" testListId="8c84fa94-04c1-424b-9868-57a2d4851a1d" />
    <TestEntry testId="3a11d461-dba6-2763-896b-5c577d735925" executionId="91432d9a-dd10-4b64-86be-74ab17f3f87a" testListId="8c84fa94-04c1-424b-9868-57a2d4851a1d" />
    <TestEntry testId="3ff88c0d-3eff-1706-3dde-1df6a72189c7" executionId="8491d285-aca5-4c5c-8b9d-d2c2130b0658" testListId="8c84fa94-04c1-424b-9868-57a2d4851a1d" />
    <TestEntry testId="346c6662-0edd-cc36-ad4f-90e5d7ae9dff" executionId="61cc3062-9661-4e7a-a1dc-5e42ab174cbd" testListId="8c84fa94-04c1-424b-9868-57a2d4851a1d" />
    <TestEntry testId="6db4613b-cb5a-a295-9422-b05106c1521b" executionId="67ec4d19-f2b6-460b-bb58-3fe3083a0ba9" testListId="8c84fa94-04c1-424b-9868-57a2d4851a1d" />
    <TestEntry testId="7a48136c-ae1a-e05a-6a4a-e1f5a7d37d2f" executionId="9bad1076-6ba3-4b94-9a38-c2a1f708a882" testListId="8c84fa94-04c1-424b-9868-57a2d4851a1d" />
    <TestEntry testId="10919949-7cd9-7d31-a3b9-aca500ef147a" executionId="1b913dd7-2aba-4399-9c55-2bb87ac9ec5e" testListId="8c84fa94-04c1-424b-9868-57a2d4851a1d" />
    <TestEntry testId="75baa22c-11f8-7c55-75b1-4e2e9d85fbec" executionId="7b0f5d0f-5d17-43e5-b30b-8d87397d8512" testListId="8c84fa94-04c1-424b-9868-57a2d4851a1d" />
    <TestEntry testId="1aa0e048-8454-4b5a-6b8f-4adbe8aad08e" executionId="3b17c794-6d1a-4200-b03e-45457bd57a81" testListId="8c84fa94-04c1-424b-9868-57a2d4851a1d" />
    <TestEntry testId="dd4f2c85-e2a6-e051-43ff-048d83edd353" executionId="d90bd120-3185-4575-aef7-616c0c1feac1" testListId="8c84fa94-04c1-424b-9868-57a2d4851a1d" />
    <TestEntry testId="753f0a40-a782-3885-7c0a-e9e27810f20a" executionId="33190b3f-71a8-474e-9589-a6c397e93672" testListId="8c84fa94-04c1-424b-9868-57a2d4851a1d" />
    <TestEntry testId="dec4d542-ee31-44e2-7823-0250ddb712cd" executionId="be191160-ca8c-4962-b844-99755b4d3ce1" testListId="8c84fa94-04c1-424b-9868-57a2d4851a1d" />
    <TestEntry testId="7c86940f-8bd1-1d77-6307-fc9803576fb0" executionId="59648449-da76-4eee-b3b6-3a31e0fd6c67" testListId="8c84fa94-04c1-424b-9868-57a2d4851a1d" />
    <TestEntry testId="07f683e9-fcfc-a97b-4836-6544efd7827d" executionId="0d6d3a21-5694-47f6-9de3-57d239bcd60b" testListId="8c84fa94-04c1-424b-9868-57a2d4851a1d" />
    <TestEntry testId="42ab1a53-5dd7-1f8b-4b46-663e9b803cb1" executionId="f53e67de-4a43-41d5-bafe-590001fa2335" testListId="8c84fa94-04c1-424b-9868-57a2d4851a1d" />
    <TestEntry testId="59a9d30f-f5bb-c511-df6c-f751a47e7e48" executionId="b4abef98-1c10-46a3-91f3-3474863bf1fa" testListId="8c84fa94-04c1-424b-9868-57a2d4851a1d" />
    <TestEntry testId="155b9ba4-9dd0-8413-bf06-25a339f50100" executionId="4d907c33-769e-487c-aa37-0c44f1fe28d6" testListId="8c84fa94-04c1-424b-9868-57a2d4851a1d" />
    <TestEntry testId="5158dc5f-4924-ea66-f362-5aff5c0fd1e5" executionId="764c9340-f25e-4803-a094-0f786018f01a" testListId="8c84fa94-04c1-424b-9868-57a2d4851a1d" />
    <TestEntry testId="b888e675-3eac-834f-10b9-417da3997633" executionId="b8d25483-4612-4a77-8d59-e223e4838688" testListId="8c84fa94-04c1-424b-9868-57a2d4851a1d" />
    <TestEntry testId="e38d521a-d8ef-d897-1466-b34349cd481c" executionId="388ac491-7ebb-4e3f-adaa-20d156301966" testListId="8c84fa94-04c1-424b-9868-57a2d4851a1d" />
    <TestEntry testId="fcfa3660-08a8-7556-7d3f-b80d482c06c9" executionId="5ac89a53-6d61-434a-ac14-d224cbb33406" testListId="8c84fa94-04c1-424b-9868-57a2d4851a1d" />
    <TestEntry testId="1ed7f2e7-7840-1569-725b-1f86aae73915" executionId="53c87d90-0374-46ea-8eb0-6b55e00ccd2d" testListId="8c84fa94-04c1-424b-9868-57a2d4851a1d" />
    <TestEntry testId="6b9d4dd7-60b6-0173-a67f-30594f6b04fd" executionId="a8047559-3b70-4329-bf75-791dfadd8f38" testListId="8c84fa94-04c1-424b-9868-57a2d4851a1d" />
    <TestEntry testId="17566836-d206-69c3-d248-ee6f84b95f0f" executionId="962055f2-6ce1-4cf2-aa1c-e41465da7ffe" testListId="8c84fa94-04c1-424b-9868-57a2d4851a1d" />
    <TestEntry testId="13a897e0-f375-521a-df84-96ce547f4800" executionId="9fc68b2e-9287-496c-957a-8506cb4fe499" testListId="8c84fa94-04c1-424b-9868-57a2d4851a1d" />
    <TestEntry testId="57267976-4404-7aed-4d71-8ab7daa0d5b5" executionId="fae9bcd6-9bcd-42b9-964f-448e84a73f19" testListId="8c84fa94-04c1-424b-9868-57a2d4851a1d" />
    <TestEntry testId="1770c101-c981-d8e8-6bf9-47ebaaeb1a16" executionId="af0aecb4-bafa-448f-8c7e-ee1af92ee288" testListId="8c84fa94-04c1-424b-9868-57a2d4851a1d" />
    <TestEntry testId="5aa2bcc6-0d2c-e30e-49bf-d1c95c743531" executionId="0f6881e8-e551-4aab-9ea9-22c8948fe8ee" testListId="8c84fa94-04c1-424b-9868-57a2d4851a1d" />
    <TestEntry testId="e0067154-4a91-34dc-2b59-0dc5f5ca0f7e" executionId="70fae935-f167-4691-bb32-117580724a1f" testListId="8c84fa94-04c1-424b-9868-57a2d4851a1d" />
    <TestEntry testId="3bc81a66-af20-0c50-ba41-cb29d122696b" executionId="df8cc7e1-8b43-4a9c-8bad-21c5336d620a" testListId="8c84fa94-04c1-424b-9868-57a2d4851a1d" />
    <TestEntry testId="df9ce3dc-e15d-d5e4-5c59-819333fff628" executionId="35ffb9a0-bc6d-4d46-914a-57b70c326fd9" testListId="8c84fa94-04c1-424b-9868-57a2d4851a1d" />
    <TestEntry testId="a915ac9c-4cbc-0417-dc03-8596623f4337" executionId="2c548c9f-8e41-4c0f-bb54-2eeb6b0184f3" testListId="8c84fa94-04c1-424b-9868-57a2d4851a1d" />
    <TestEntry testId="b74d9560-3d49-85a9-01b1-b6fbdbffcd79" executionId="80e51885-60a0-4184-8a5e-69a8024ff82d" testListId="8c84fa94-04c1-424b-9868-57a2d4851a1d" />
    <TestEntry testId="6e1e695d-4421-afac-2e3e-65d407f908bb" executionId="1ffbbc0e-64cd-4577-9c20-bb6b91b70ef2" testListId="8c84fa94-04c1-424b-9868-57a2d4851a1d" />
    <TestEntry testId="c88dfe59-8fc6-b7b3-cd91-beff1d32ec9e" executionId="78acb3e2-3c8d-4d17-9abf-47310bfed0d6" testListId="8c84fa94-04c1-424b-9868-57a2d4851a1d" />
    <TestEntry testId="769f76de-22e9-2899-6146-006a3253a4bd" executionId="ff5f3c9f-6995-4568-b0ce-d48a2bd08c8d" testListId="8c84fa94-04c1-424b-9868-57a2d4851a1d" />
    <TestEntry testId="4228c33d-9ac1-acd5-28cd-e0118a4cda84" executionId="a1ba358f-031c-4687-94f6-6cb4c1fa2510" testListId="8c84fa94-04c1-424b-9868-57a2d4851a1d" />
    <TestEntry testId="55ce5247-e731-1e4f-d91f-c42500d9a460" executionId="a7f99af5-6167-4723-8acf-ce52decc4632" testListId="8c84fa94-04c1-424b-9868-57a2d4851a1d" />
    <TestEntry testId="6c2b2dca-1f37-1c27-4806-c98da0869728" executionId="2cb08616-2e45-44ba-aa87-8da8fedb14c9" testListId="8c84fa94-04c1-424b-9868-57a2d4851a1d" />
    <TestEntry testId="bb1cdb21-163e-5d0c-3e09-b402ddc7bfed" executionId="1fe15392-016a-4477-8547-f0a5aa5cfad5" testListId="8c84fa94-04c1-424b-9868-57a2d4851a1d" />
    <TestEntry testId="be24d1a3-e710-9b19-9ace-6dda9699adb5" executionId="19888fb2-707e-447b-9d4b-695fff81aeaf" testListId="8c84fa94-04c1-424b-9868-57a2d4851a1d" />
    <TestEntry testId="522d659a-f9be-7995-e9e5-e4d2d980d8bf" executionId="fb8576e6-5e2a-4cbd-b0df-3b8e5721b052" testListId="8c84fa94-04c1-424b-9868-57a2d4851a1d" />
    <TestEntry testId="da50189e-1654-a614-5cf7-55d31b87632c" executionId="79f4598f-728d-4cde-b7ac-edcfcfefe2f4" testListId="8c84fa94-04c1-424b-9868-57a2d4851a1d" />
    <TestEntry testId="0e4a4fd7-6670-968d-49ed-29500bf79202" executionId="6d61b788-af74-449e-bfc8-b2d0e3f5d847" testListId="8c84fa94-04c1-424b-9868-57a2d4851a1d" />
    <TestEntry testId="c15ec7ee-e6cf-9247-8dfd-571f02430628" executionId="41ca8bfd-d4b2-4cdf-9e6b-6507a70cc2c0" testListId="8c84fa94-04c1-424b-9868-57a2d4851a1d" />
    <TestEntry testId="2da1f0d6-58b2-9512-705e-b8c09a60c00e" executionId="02eb842a-b939-4395-84b9-45e70dc613b1" testListId="8c84fa94-04c1-424b-9868-57a2d4851a1d" />
    <TestEntry testId="284f9bbe-728c-fdce-8c84-66a8d4916b74" executionId="8eca8c76-f2da-456f-998d-3790044aa2da" testListId="8c84fa94-04c1-424b-9868-57a2d4851a1d" />
    <TestEntry testId="905dfdc6-9448-9f00-51aa-f98f66624d9e" executionId="ddc5607b-8027-43bb-aca1-8a21f4e862d9" testListId="8c84fa94-04c1-424b-9868-57a2d4851a1d" />
    <TestEntry testId="e8fcf8fd-c75a-f604-1183-86082f314579" executionId="4d93cb3c-15f0-4e0d-93ca-5317a163d191" testListId="8c84fa94-04c1-424b-9868-57a2d4851a1d" />
    <TestEntry testId="c6392d65-60e0-09da-dd41-09756e593911" executionId="22b051c2-3355-4a78-a0a8-1ca8fa80464e" testListId="8c84fa94-04c1-424b-9868-57a2d4851a1d" />
    <TestEntry testId="26df80e7-3a90-605e-f925-16b6d478c788" executionId="d57a2204-e954-41fe-a418-8ababa097e70" testListId="8c84fa94-04c1-424b-9868-57a2d4851a1d" />
    <TestEntry testId="4d4bf712-4670-0f1f-bf49-a2e97a29ef2e" executionId="5c7b628a-41fb-44f2-b52d-548b1562da76" testListId="8c84fa94-04c1-424b-9868-57a2d4851a1d" />
    <TestEntry testId="50d4599d-441b-6d48-33c5-276e0531443b" executionId="873f44b7-c090-40ec-bb9e-9da52aa57d97" testListId="8c84fa94-04c1-424b-9868-57a2d4851a1d" />
    <TestEntry testId="87c01078-6de1-9cc2-c82f-b4fae10d0ccc" executionId="5a4e697d-7f56-44fb-9939-b4c45e001d55" testListId="8c84fa94-04c1-424b-9868-57a2d4851a1d" />
    <TestEntry testId="4eef0cf0-2982-f513-aee1-115e40428440" executionId="e2b850a3-1ef0-4e7b-8c1a-c3c03db0e868" testListId="8c84fa94-04c1-424b-9868-57a2d4851a1d" />
    <TestEntry testId="5f5bcfaf-cfd9-b964-4d3b-0be4872b8e61" executionId="b6b942ce-e4e4-4ebd-8aef-8c896f0e8d4d" testListId="8c84fa94-04c1-424b-9868-57a2d4851a1d" />
    <TestEntry testId="c55050c0-1d45-725e-2617-d72f76287147" executionId="efa4fc67-b2dc-486c-ab9f-38521d6ce9e4" testListId="8c84fa94-04c1-424b-9868-57a2d4851a1d" />
    <TestEntry testId="b3ed2cd2-f22a-e86b-ed85-bfe669051bb8" executionId="94922325-23bd-4c3d-be03-e93a83e43b00" testListId="8c84fa94-04c1-424b-9868-57a2d4851a1d" />
    <TestEntry testId="d5b4e9f5-f4d0-85d8-bb34-96f7deb58741" executionId="fc34200f-3d2e-4582-a7b6-27c5fd841059" testListId="8c84fa94-04c1-424b-9868-57a2d4851a1d" />
    <TestEntry testId="84836fff-5066-5659-deb1-f30fe6cf59f2" executionId="bccee5f5-6a0d-46f5-9829-02b00c9b5f3f" testListId="8c84fa94-04c1-424b-9868-57a2d4851a1d" />
    <TestEntry testId="3e0080a5-9006-e0a9-05c4-318190bbf374" executionId="f1ba7b3f-b745-42f1-809b-fbd012a6a620" testListId="8c84fa94-04c1-424b-9868-57a2d4851a1d" />
    <TestEntry testId="ca916ec1-2373-0743-a45d-3badde2f97f1" executionId="0f762d38-80f5-4083-aa1c-bb0f368ff871" testListId="8c84fa94-04c1-424b-9868-57a2d4851a1d" />
    <TestEntry testId="f45be8ae-f0ce-46ea-c86d-91c428e59f55" executionId="388258b2-be9a-4b84-9b40-beb2bebe8e98" testListId="8c84fa94-04c1-424b-9868-57a2d4851a1d" />
    <TestEntry testId="0380a994-cb1e-d971-17c9-30c75820a28e" executionId="71662aa6-b56f-4c9c-b928-0cd8b6fd5db8" testListId="8c84fa94-04c1-424b-9868-57a2d4851a1d" />
    <TestEntry testId="7b2bde76-c4df-aa8b-e1f7-800bedb22f31" executionId="7ccace6e-d4fe-421c-b86f-b3b2ceb76df3" testListId="8c84fa94-04c1-424b-9868-57a2d4851a1d" />
    <TestEntry testId="0d2ce44e-c56c-0338-a04e-c3b9a8e7c5f5" executionId="85639549-086a-495b-8a0c-2569c332e6c6" testListId="8c84fa94-04c1-424b-9868-57a2d4851a1d" />
    <TestEntry testId="3d2fee23-fa62-b49e-d623-aac59a5c0265" executionId="74c4f3da-69ad-4696-b69e-bc00bdc028ad" testListId="8c84fa94-04c1-424b-9868-57a2d4851a1d" />
    <TestEntry testId="1639ef3f-9cb3-4dd0-1247-456c5f771eb9" executionId="bf307ad9-e28b-4796-870c-1f8b07fe6a6e" testListId="8c84fa94-04c1-424b-9868-57a2d4851a1d" />
    <TestEntry testId="36b001ef-f209-92e0-c905-a05873818879" executionId="d34b545f-1de0-4f62-b4f0-46c5261c1518" testListId="8c84fa94-04c1-424b-9868-57a2d4851a1d" />
    <TestEntry testId="249b2ac8-e68f-ba42-20ef-e0e8dbce8067" executionId="541d071c-47e4-40db-8561-bee5375e1a08" testListId="8c84fa94-04c1-424b-9868-57a2d4851a1d" />
    <TestEntry testId="3cac2c60-f1c9-2ed2-1385-b1fd41397e72" executionId="f94cfa80-d535-4556-9e40-77f9fc010a25" testListId="8c84fa94-04c1-424b-9868-57a2d4851a1d" />
    <TestEntry testId="36d446b4-f7a6-82f4-b811-f718141f12a6" executionId="c141caf6-1afc-4c4c-bfb3-2f8ea7bc1229" testListId="8c84fa94-04c1-424b-9868-57a2d4851a1d" />
    <TestEntry testId="e529b671-4072-6117-ed04-0e2e051c553f" executionId="c2605488-de38-4f52-b0d6-a1521e287fd2" testListId="8c84fa94-04c1-424b-9868-57a2d4851a1d" />
    <TestEntry testId="ab655b06-e7da-ba83-91c6-6676025d835e" executionId="273702a7-1bb9-4671-884a-1e0fa085fec1" testListId="8c84fa94-04c1-424b-9868-57a2d4851a1d" />
    <TestEntry testId="21001f4f-7188-3241-0430-3531d1b521bc" executionId="9df0a916-08b1-4f0d-a5b5-33b9f4ac8325" testListId="8c84fa94-04c1-424b-9868-57a2d4851a1d" />
    <TestEntry testId="150db943-c8d9-babf-885a-3b2c2432d509" executionId="00a8d406-288a-47fe-b69d-424459404400" testListId="8c84fa94-04c1-424b-9868-57a2d4851a1d" />
    <TestEntry testId="e3808a39-6626-04fc-4a46-f479127fa804" executionId="dba4c7c0-293c-49fe-b5f9-f7efd45f7501" testListId="8c84fa94-04c1-424b-9868-57a2d4851a1d" />
    <TestEntry testId="71d86dd6-367d-5902-c936-70dc223913e1" executionId="3bfd9a05-7e52-464d-b3c6-864ae478e9d0" testListId="8c84fa94-04c1-424b-9868-57a2d4851a1d" />
    <TestEntry testId="2fe0ce30-023a-d677-13ee-2b4363be581f" executionId="b4fbec72-3715-459d-9a83-35ce30105099" testListId="8c84fa94-04c1-424b-9868-57a2d4851a1d" />
    <TestEntry testId="9f1dafa7-46ea-b3b8-922f-7e2b781a7ceb" executionId="14085153-428a-4615-b748-61505b5e669b" testListId="8c84fa94-04c1-424b-9868-57a2d4851a1d" />
    <TestEntry testId="c60130b7-97e5-1a5f-9286-3db764dfef7d" executionId="dd5b077c-b174-4b49-867f-738fe8d35f69" testListId="8c84fa94-04c1-424b-9868-57a2d4851a1d" />
    <TestEntry testId="0f11278f-9664-24e1-72c4-4100f1fa8197" executionId="089bfb37-00f9-41e0-b4dd-dd339741aa29" testListId="8c84fa94-04c1-424b-9868-57a2d4851a1d" />
    <TestEntry testId="e303d999-2b6c-2af9-2825-d923ed6aba31" executionId="634174dc-2b48-4bb3-8eb2-b777edb7c70f" testListId="8c84fa94-04c1-424b-9868-57a2d4851a1d" />
    <TestEntry testId="ffafe886-db52-5cdf-21f6-dc5e02604ae3" executionId="69e1e5da-5b90-49db-ac58-ca5c86f7ace1" testListId="8c84fa94-04c1-424b-9868-57a2d4851a1d" />
    <TestEntry testId="8cb888f8-fcf7-8b11-26ea-f6f3a12256ea" executionId="df710ece-3946-41e9-9f66-017d9bf6e13e" testListId="8c84fa94-04c1-424b-9868-57a2d4851a1d" />
    <TestEntry testId="2bf86ef9-8073-f648-a9b3-116f450a09fe" executionId="10948583-3b1f-4d75-bc76-1db0442a44e5" testListId="8c84fa94-04c1-424b-9868-57a2d4851a1d" />
    <TestEntry testId="b75dbff8-492f-b9d8-9330-adf317c28bd9" executionId="fbf92378-25b2-43a5-ad34-ff5278909d88" testListId="8c84fa94-04c1-424b-9868-57a2d4851a1d" />
    <TestEntry testId="aa77dcb4-629c-c970-35f0-7c6df7feae23" executionId="d365eb0a-8f34-4d61-bcb3-d9f8d802c0b6" testListId="8c84fa94-04c1-424b-9868-57a2d4851a1d" />
    <TestEntry testId="f978fc6b-dcf1-e1b9-355c-6fcb1045a872" executionId="67565391-8774-4d43-a979-a87868d29431" testListId="8c84fa94-04c1-424b-9868-57a2d4851a1d" />
    <TestEntry testId="ae60ce96-2a23-7960-98da-758a2ef4dcc2" executionId="3615a0d9-6621-457b-9d8b-3520b3a5ef2b" testListId="8c84fa94-04c1-424b-9868-57a2d4851a1d" />
    <TestEntry testId="6ae2e32b-e312-97af-fb1c-95c52237f233" executionId="6be0c167-0f5b-40e9-b7e6-f2114105e972" testListId="8c84fa94-04c1-424b-9868-57a2d4851a1d" />
    <TestEntry testId="0fe591bd-5294-b0b8-b514-391806a3b142" executionId="68b8955f-0df7-4725-b794-0d40e9d2e7d2" testListId="8c84fa94-04c1-424b-9868-57a2d4851a1d" />
    <TestEntry testId="9bb22f05-4791-90bc-3b45-29eda32cd041" executionId="8e23230f-cc6f-4834-9dee-ed075c1f1247" testListId="8c84fa94-04c1-424b-9868-57a2d4851a1d" />
    <TestEntry testId="d3da00c3-aa14-49d5-9976-788854971981" executionId="4136221c-2cb9-4ff3-8fc5-3e9963f7caf3" testListId="8c84fa94-04c1-424b-9868-57a2d4851a1d" />
    <TestEntry testId="8d0e76e1-7de8-e197-f803-2767813ece35" executionId="9c368592-83f0-4792-8685-9f686422d23b" testListId="8c84fa94-04c1-424b-9868-57a2d4851a1d" />
    <TestEntry testId="e600fb81-0027-c971-f9c3-ea12b0e3838e" executionId="b0d7fc34-685a-415d-a0f9-b2ec2bb9205e" testListId="8c84fa94-04c1-424b-9868-57a2d4851a1d" />
    <TestEntry testId="3d79305c-5a98-d601-ac9c-4bf67660f1e8" executionId="cdd02e5e-9bf0-40a5-baeb-4d1fb2942167" testListId="8c84fa94-04c1-424b-9868-57a2d4851a1d" />
    <TestEntry testId="7fcc0b52-7c7d-2ba2-4751-3821e4104464" executionId="7acde75d-6094-487c-a764-99c0cdec5a79" testListId="8c84fa94-04c1-424b-9868-57a2d4851a1d" />
    <TestEntry testId="f10cc00c-79c1-4d9c-8c29-de5a72b85501" executionId="12e9b5fe-94ea-4e97-a712-577f4fa0b6c8" testListId="8c84fa94-04c1-424b-9868-57a2d4851a1d" />
    <TestEntry testId="595f6a65-900b-e46f-44db-f3736418db5b" executionId="27b6ddcb-5bb8-4996-b789-6c653caa38f2" testListId="8c84fa94-04c1-424b-9868-57a2d4851a1d" />
    <TestEntry testId="0f29e433-ce66-01a6-7acb-28bce10d26ca" executionId="697a1e73-6944-4e24-bb97-35e0bbd2f66d" testListId="8c84fa94-04c1-424b-9868-57a2d4851a1d" />
    <TestEntry testId="898f17e3-1177-42cd-4c82-d7559e1b2361" executionId="6822143c-3cac-46aa-9516-aa83e7aca14c" testListId="8c84fa94-04c1-424b-9868-57a2d4851a1d" />
    <TestEntry testId="a3aa98b9-ebc2-8976-affc-ff2d6fa4cb7a" executionId="edd6f367-5754-4d80-8892-336cd54307a4" testListId="8c84fa94-04c1-424b-9868-57a2d4851a1d" />
    <TestEntry testId="7dcecb19-e03f-ca26-f49c-22f6c7ef82e3" executionId="272253c9-4dd9-476f-9bc2-7822eecc7745" testListId="8c84fa94-04c1-424b-9868-57a2d4851a1d" />
    <TestEntry testId="60e89033-289b-6c28-2165-4ca101b6fc5d" executionId="0f77f10f-4180-4dc4-bacc-04e90cfa7248" testListId="8c84fa94-04c1-424b-9868-57a2d4851a1d" />
    <TestEntry testId="6aa0ad0c-ce2a-1ae2-99d8-fcadab3a7add" executionId="7fb60691-743d-42b5-ac09-6bd413b8f479" testListId="8c84fa94-04c1-424b-9868-57a2d4851a1d" />
    <TestEntry testId="b47dd208-7232-a7b2-1939-15611c344fe4" executionId="f9b543db-676e-4883-a01f-b2998ddbeab4" testListId="8c84fa94-04c1-424b-9868-57a2d4851a1d" />
    <TestEntry testId="8e15f030-cf1b-d32c-93b7-137e329bcf03" executionId="6ac320f0-44bb-45e9-baeb-64ea9f2430ec" testListId="8c84fa94-04c1-424b-9868-57a2d4851a1d" />
    <TestEntry testId="3c3ad267-fe4c-e9ff-2334-9888a91f01da" executionId="d708d5ac-d5dc-46b4-a7ff-008b69d43455" testListId="8c84fa94-04c1-424b-9868-57a2d4851a1d" />
    <TestEntry testId="b68bdc1e-7304-801d-1e3d-8649f1db1512" executionId="324676d4-47c1-475e-9dd6-5f7a5f8528d6" testListId="8c84fa94-04c1-424b-9868-57a2d4851a1d" />
    <TestEntry testId="7431a02c-3ec5-4e94-1096-d10672b17fe9" executionId="324afcf8-1cda-41dc-b013-d09dfc013f3b" testListId="8c84fa94-04c1-424b-9868-57a2d4851a1d" />
    <TestEntry testId="0d29e5b2-5da1-fce3-df65-d20edd141d9a" executionId="cd10a597-4f8c-4bed-a604-fb90f9e59502" testListId="8c84fa94-04c1-424b-9868-57a2d4851a1d" />
    <TestEntry testId="2daa200d-5979-dd1f-ee8e-99b19a63d1ac" executionId="8458262b-630b-4321-aeda-0672ba980616" testListId="8c84fa94-04c1-424b-9868-57a2d4851a1d" />
    <TestEntry testId="7dd8be0b-3cc0-5246-8517-74fcee7c02eb" executionId="a8496bde-9e4c-4b7c-b619-f074b43c6b8c" testListId="8c84fa94-04c1-424b-9868-57a2d4851a1d" />
    <TestEntry testId="ecdb70d8-9075-9d1c-7be9-1f20d9e44583" executionId="94b2f4ff-6942-4d57-87c5-16da0c0faf64" testListId="8c84fa94-04c1-424b-9868-57a2d4851a1d" />
    <TestEntry testId="6830570b-6b8d-b4b8-7c7b-a733b2906570" executionId="df258c25-1bf5-46d9-836b-9d70619b468f" testListId="8c84fa94-04c1-424b-9868-57a2d4851a1d" />
    <TestEntry testId="bbf2dee1-fe9f-643e-2466-0ea37b55232e" executionId="89726669-38be-4a04-bf23-1342104cad66" testListId="8c84fa94-04c1-424b-9868-57a2d4851a1d" />
    <TestEntry testId="75294453-38c3-0103-a312-a963689198db" executionId="d75869fe-3665-4f54-8b16-5200f5f3f120" testListId="8c84fa94-04c1-424b-9868-57a2d4851a1d" />
    <TestEntry testId="07e64b3a-aa9b-ba14-4041-8a83b36381b9" executionId="0a995bd6-fc3c-478e-87e7-6b0e4f27ff5f" testListId="8c84fa94-04c1-424b-9868-57a2d4851a1d" />
    <TestEntry testId="16c4748f-5659-f1a1-bdb2-fa1948c411de" executionId="1172b7f4-6b9f-4f3a-b326-7276bff779a9" testListId="8c84fa94-04c1-424b-9868-57a2d4851a1d" />
    <TestEntry testId="ded5e78c-3c9a-2cdb-1f2d-a6dc4bedee40" executionId="6478565f-9c30-4cc7-8610-b76da6aa5dca" testListId="8c84fa94-04c1-424b-9868-57a2d4851a1d" />
    <TestEntry testId="45b44dd3-d284-879a-8717-71f2dd6524b4" executionId="1bc57e88-311b-4037-9af5-72f5cbda9e31" testListId="8c84fa94-04c1-424b-9868-57a2d4851a1d" />
    <TestEntry testId="9bd88f60-5e10-717c-4f00-2d1160d34c36" executionId="6cbe4be9-9f18-4b9f-a6f0-f37aa913ab2f" testListId="8c84fa94-04c1-424b-9868-57a2d4851a1d" />
    <TestEntry testId="9f5dc4d0-4f46-51dc-f0d6-39607e3de400" executionId="21d77977-89f7-4fda-8963-303b3fca0d9a" testListId="8c84fa94-04c1-424b-9868-57a2d4851a1d" />
    <TestEntry testId="89b4f1fb-719f-d5f6-027b-21d7af10c7f4" executionId="8860f823-a13b-4773-a0af-9fbdf6b61936" testListId="8c84fa94-04c1-424b-9868-57a2d4851a1d" />
    <TestEntry testId="3cda19e1-59de-ba4e-e758-64eb15e58d14" executionId="937812a5-3f98-4dac-824c-0198df4d1b1e" testListId="8c84fa94-04c1-424b-9868-57a2d4851a1d" />
    <TestEntry testId="843d022d-7ec7-2445-18f9-50d152325c1d" executionId="eb09ac9b-6a8f-46af-b1b3-7d9724f36842" testListId="8c84fa94-04c1-424b-9868-57a2d4851a1d" />
    <TestEntry testId="c62acbd5-f5ca-70bc-9003-eefbff2dbd95" executionId="3ef0e038-e065-42ef-b442-3b065b759948" testListId="8c84fa94-04c1-424b-9868-57a2d4851a1d" />
    <TestEntry testId="80263573-de35-009a-43df-814f8f35d8dc" executionId="467eb05c-6e21-4c80-bf3f-c604c3b64c6e" testListId="8c84fa94-04c1-424b-9868-57a2d4851a1d" />
    <TestEntry testId="d99f95d8-0393-f564-dc7f-beb07a7c0e4b" executionId="8da5a885-41d2-4d01-8d3c-d9ff8441751c" testListId="8c84fa94-04c1-424b-9868-57a2d4851a1d" />
    <TestEntry testId="1bb18234-8df6-ac7b-6641-714d9c785229" executionId="c0587ada-8659-4489-bb35-ffe39126b878" testListId="8c84fa94-04c1-424b-9868-57a2d4851a1d" />
    <TestEntry testId="27c997a8-1c3d-3fbf-ae32-afe57f16f961" executionId="643a4cd8-75d2-44e4-aac8-f836933e5cbb" testListId="8c84fa94-04c1-424b-9868-57a2d4851a1d" />
    <TestEntry testId="27f495c0-a85b-03c6-c5ad-db73bb996ca9" executionId="ca4800f5-7609-41a0-8159-0ccc4358eecf" testListId="8c84fa94-04c1-424b-9868-57a2d4851a1d" />
    <TestEntry testId="1433ebb5-79e1-e24b-a6a4-f85d023188e2" executionId="9409b58a-fb61-45fa-939d-94afc1f504d4" testListId="8c84fa94-04c1-424b-9868-57a2d4851a1d" />
    <TestEntry testId="422d58df-bd54-7767-dc16-1a66de87ac79" executionId="00f505c8-febe-432f-8e72-a751c1decc0b" testListId="8c84fa94-04c1-424b-9868-57a2d4851a1d" />
    <TestEntry testId="1397bb06-2115-0e62-eb47-0e650d5ec1ab" executionId="af3ef8b9-5b37-4590-b513-232b9862092f" testListId="8c84fa94-04c1-424b-9868-57a2d4851a1d" />
    <TestEntry testId="2f20f457-4f30-a82d-3ca5-006ea3a6967b" executionId="f8959b53-78dd-4872-a53a-0810172fbaa9" testListId="8c84fa94-04c1-424b-9868-57a2d4851a1d" />
    <TestEntry testId="6313edd0-c7f1-6a4c-49d6-de9a9caa9631" executionId="34cd9f94-d604-4b40-abba-fb87b32e7ac3" testListId="8c84fa94-04c1-424b-9868-57a2d4851a1d" />
    <TestEntry testId="c4571099-984e-0746-0f58-01c6262b858c" executionId="8d6b5a30-058c-4633-9b2e-bccd6e4391fb" testListId="8c84fa94-04c1-424b-9868-57a2d4851a1d" />
    <TestEntry testId="603829a1-9432-edd0-0c5d-714ad2a8180a" executionId="6d8e43d7-1233-4063-a2dc-7863ecb56b94" testListId="8c84fa94-04c1-424b-9868-57a2d4851a1d" />
    <TestEntry testId="2ab45ef2-5a8f-9eb5-ac3d-8a1501facb84" executionId="0278270f-d819-4861-8fda-e7e8df1e9d5d" testListId="8c84fa94-04c1-424b-9868-57a2d4851a1d" />
    <TestEntry testId="13aa93a9-9887-5976-a503-d32f80c971bf" executionId="64deb231-32f9-42a8-9912-1700f9ae36bb" testListId="8c84fa94-04c1-424b-9868-57a2d4851a1d" />
    <TestEntry testId="a83c55d9-b4b3-f28e-764f-b9b4aa5db19f" executionId="a76421bd-ba66-4af8-8e88-9f725a2ff12a" testListId="8c84fa94-04c1-424b-9868-57a2d4851a1d" />
    <TestEntry testId="63f8f19d-81ae-3bb0-eb37-dee460c33487" executionId="9e78ebc2-b8ce-4432-91db-2ec2c50a8f9e" testListId="8c84fa94-04c1-424b-9868-57a2d4851a1d" />
    <TestEntry testId="3da57dc7-1aa2-af9c-2b93-fecb846d2a04" executionId="aaaca23a-f14a-4fec-b67e-1ab8961fa0e7" testListId="8c84fa94-04c1-424b-9868-57a2d4851a1d" />
    <TestEntry testId="8ef60467-882c-a14f-0d3a-dcd702174d08" executionId="baa482f4-1423-413f-9e2f-7a76894bc073" testListId="8c84fa94-04c1-424b-9868-57a2d4851a1d" />
    <TestEntry testId="06e082f2-fed5-3e28-d24e-9a7024a7a9f5" executionId="f6a9ae3b-af67-4ee3-b773-c043c0eaacc9" testListId="8c84fa94-04c1-424b-9868-57a2d4851a1d" />
    <TestEntry testId="f07babac-a0b5-3d43-96b4-02fbbf582157" executionId="5e425244-0c61-418a-aa50-1eaca3b90393" testListId="8c84fa94-04c1-424b-9868-57a2d4851a1d" />
    <TestEntry testId="f61f78ee-776e-6806-ce8e-707947cc453b" executionId="826c2f4f-09c9-4f19-86f2-4ce5bfc70f70" testListId="8c84fa94-04c1-424b-9868-57a2d4851a1d" />
    <TestEntry testId="e1612184-9311-cf3b-b8e5-f009d0763ff6" executionId="202eae76-135d-4480-b3ed-0589bdf7ad61" testListId="8c84fa94-04c1-424b-9868-57a2d4851a1d" />
    <TestEntry testId="1ec71f08-8756-efd1-0447-6483a5a189fe" executionId="b9d995c3-3b6c-480d-a9eb-02345b34fda6" testListId="8c84fa94-04c1-424b-9868-57a2d4851a1d" />
    <TestEntry testId="b92fe475-11af-e5d9-4e0f-6f5ce83c386e" executionId="e31e9fa3-a47e-497c-9146-8d8534ebcea9" testListId="8c84fa94-04c1-424b-9868-57a2d4851a1d" />
    <TestEntry testId="2b2ec6d4-cf3e-4cc0-d6a8-69e39e2aebe3" executionId="53616603-3d02-4c15-aac0-05d6dd2300dd" testListId="8c84fa94-04c1-424b-9868-57a2d4851a1d" />
    <TestEntry testId="9f21cc6d-6a39-c32d-7707-7dd3e59ad042" executionId="273302dd-cc47-4eff-bb7e-178b23d0a284" testListId="8c84fa94-04c1-424b-9868-57a2d4851a1d" />
    <TestEntry testId="e033eccc-dd6f-7cc6-38e0-10c622134639" executionId="3fd7e48b-adae-46af-b2e5-cfec13af4a4f" testListId="8c84fa94-04c1-424b-9868-57a2d4851a1d" />
    <TestEntry testId="15ded8ec-de1a-7ade-c1cf-a3c58aebd8e9" executionId="f6e369e0-2031-4ffa-b07e-f55b14ffc805" testListId="8c84fa94-04c1-424b-9868-57a2d4851a1d" />
    <TestEntry testId="b4765288-7dfb-2aff-8e32-4472b27e8e24" executionId="1122cad2-3022-4db0-9507-217679c1cd43" testListId="8c84fa94-04c1-424b-9868-57a2d4851a1d" />
    <TestEntry testId="cd6e2b9e-9f67-f804-8b85-5013159a56e8" executionId="aa26b0a8-81b8-44e3-8847-14792da13a01" testListId="8c84fa94-04c1-424b-9868-57a2d4851a1d" />
    <TestEntry testId="adb48672-2eac-7363-7f29-632c9a4e67c2" executionId="ca74a9ac-7483-4f73-8dbe-ad7bf61cd459" testListId="8c84fa94-04c1-424b-9868-57a2d4851a1d" />
    <TestEntry testId="fa8b3fdc-ba75-465d-a464-837c3526a595" executionId="45aae048-5b0e-418e-9fe4-f4016631eb85" testListId="8c84fa94-04c1-424b-9868-57a2d4851a1d" />
    <TestEntry testId="0ad03df0-2c8e-3063-3679-db1f3d8f66b9" executionId="d33610e9-fa5b-4bba-b407-50dea1f03e4c" testListId="8c84fa94-04c1-424b-9868-57a2d4851a1d" />
    <TestEntry testId="53f5e0ed-a10d-c8d7-09b2-0ab0c77c3c1e" executionId="ac41d591-e4bc-4e0a-b168-c6335febf2fe" testListId="8c84fa94-04c1-424b-9868-57a2d4851a1d" />
    <TestEntry testId="ce22bdda-0f72-3167-91e6-e08a408aba11" executionId="1b8ed904-f228-47a9-986b-be5d007a0029" testListId="8c84fa94-04c1-424b-9868-57a2d4851a1d" />
    <TestEntry testId="701480bc-794c-e347-f8dc-b70bf5187b01" executionId="fe2c572b-0eee-4081-a392-eb855f858911" testListId="8c84fa94-04c1-424b-9868-57a2d4851a1d" />
    <TestEntry testId="9981af29-f413-bc75-f232-824ab5f47c5e" executionId="d1483075-ac9d-482a-9cb5-f7f510478e7c" testListId="8c84fa94-04c1-424b-9868-57a2d4851a1d" />
    <TestEntry testId="f158d5cf-8a1b-9031-7b5f-5b22da549395" executionId="fed73d0b-0497-4c24-9864-f0d325c31f2c" testListId="8c84fa94-04c1-424b-9868-57a2d4851a1d" />
    <TestEntry testId="223682b2-dc94-4913-3c8c-c908480aee98" executionId="e37c68b0-7605-4723-bb38-af9c157ee5cd" testListId="8c84fa94-04c1-424b-9868-57a2d4851a1d" />
    <TestEntry testId="98cf208a-6989-033b-bddf-d928a0690081" executionId="86410460-a7d1-49b6-aa52-1f9ff8210ab0" testListId="8c84fa94-04c1-424b-9868-57a2d4851a1d" />
    <TestEntry testId="ab0afd2c-7ed1-31db-9bc5-bb5e9defc981" executionId="3e4b82af-5f39-4c0c-94d7-e2cb9fb4cab0" testListId="8c84fa94-04c1-424b-9868-57a2d4851a1d" />
    <TestEntry testId="58a21691-74cf-e102-02a3-70f82a9abff5" executionId="0cfcb3e2-fe88-4611-801d-2f6aa82e5258" testListId="8c84fa94-04c1-424b-9868-57a2d4851a1d" />
    <TestEntry testId="357f1d80-bf4c-c33a-7f7f-9813a78197d6" executionId="d4f6457e-0bab-4f16-ae71-31e85dd71554" testListId="8c84fa94-04c1-424b-9868-57a2d4851a1d" />
    <TestEntry testId="226be470-5ed7-a113-35ac-4a7a3002033d" executionId="ae099011-86b9-4881-984f-ae28c075d71f" testListId="8c84fa94-04c1-424b-9868-57a2d4851a1d" />
    <TestEntry testId="217673f1-9964-d1c6-721a-99bdd8567cb8" executionId="c3d62a06-c577-4b1a-800b-507e088747d2" testListId="8c84fa94-04c1-424b-9868-57a2d4851a1d" />
    <TestEntry testId="b6b7338b-4970-ce48-bc58-d9b3eefe54de" executionId="d139cede-93ab-430d-92d3-50ccec92bfff" testListId="8c84fa94-04c1-424b-9868-57a2d4851a1d" />
    <TestEntry testId="39b2cad0-5cfd-5913-414b-d32f4ac973ba" executionId="995ca8f2-08d7-4aa8-849f-328d7a2ee3d0" testListId="8c84fa94-04c1-424b-9868-57a2d4851a1d" />
    <TestEntry testId="0733d45a-5f43-51ef-b8dc-2f7e48283054" executionId="c153186c-723d-4687-a24d-543e3f31ce2f" testListId="8c84fa94-04c1-424b-9868-57a2d4851a1d" />
    <TestEntry testId="41a8b570-2cd7-f1c5-8cce-3304a7315d93" executionId="c3658ae5-8bc2-4849-8097-e33fd7f9fd08" testListId="8c84fa94-04c1-424b-9868-57a2d4851a1d" />
    <TestEntry testId="57d1c2f3-42b7-0db1-6c7b-0c5a18b24b77" executionId="3a3d34e0-aeda-48e0-b756-838e532e5994" testListId="8c84fa94-04c1-424b-9868-57a2d4851a1d" />
    <TestEntry testId="f3c5c92b-129c-ce91-00fd-5641143a8603" executionId="728120e9-afdb-4c15-9371-b6fd6a7c0b59" testListId="8c84fa94-04c1-424b-9868-57a2d4851a1d" />
    <TestEntry testId="c182167c-eed5-d433-5f05-9b16b5f214d2" executionId="a28547f8-1246-4574-9b5f-2872e6f3ff2c" testListId="8c84fa94-04c1-424b-9868-57a2d4851a1d" />
    <TestEntry testId="d36eaaf9-365f-b70a-5ce1-c881529024e6" executionId="85c1df21-d212-4593-b73e-34fd1a6054be" testListId="8c84fa94-04c1-424b-9868-57a2d4851a1d" />
    <TestEntry testId="4fbdb465-712a-f2fe-5f43-f7e5faabbe8f" executionId="629410df-9923-4063-a9f1-e67f544c154c" testListId="8c84fa94-04c1-424b-9868-57a2d4851a1d" />
    <TestEntry testId="796e2043-ae75-c474-f100-7651f640179d" executionId="cb733e0e-81f7-4efd-b021-f909ff5e8b34" testListId="8c84fa94-04c1-424b-9868-57a2d4851a1d" />
    <TestEntry testId="daf4bcf3-541d-b532-1ace-61928ff39f81" executionId="8a89ca5e-7b43-4541-8fb1-5b924d7174b6" testListId="8c84fa94-04c1-424b-9868-57a2d4851a1d" />
    <TestEntry testId="938a6a0f-925c-2381-ee5e-bf7971b9771b" executionId="fa576b40-ee6f-4360-aedb-e24185021835" testListId="8c84fa94-04c1-424b-9868-57a2d4851a1d" />
    <TestEntry testId="c094ec8d-70f8-9c58-813c-afbff0e8c977" executionId="8a2e2b38-ff6e-494b-a641-3c01a5fc76d9" testListId="8c84fa94-04c1-424b-9868-57a2d4851a1d" />
    <TestEntry testId="70fe1480-61c7-cccd-c239-7d8ddf592d46" executionId="e1aa893d-8a71-4f92-9904-81b1875753be" testListId="8c84fa94-04c1-424b-9868-57a2d4851a1d" />
    <TestEntry testId="7d171e13-c9df-baa0-eec3-c2493f4df9f0" executionId="a254fb4c-347f-4bdc-9096-e8b051f1c1b6" testListId="8c84fa94-04c1-424b-9868-57a2d4851a1d" />
    <TestEntry testId="ac593a88-6f0a-acc8-69cd-01fa06d80aea" executionId="3028d9da-3e25-426b-aa23-5bf4d8985d6e" testListId="8c84fa94-04c1-424b-9868-57a2d4851a1d" />
    <TestEntry testId="4dd825a3-3345-47c4-575c-4dfe20a8f4ec" executionId="94502fb9-006d-4dea-a7fd-40ad52f1e8ec" testListId="8c84fa94-04c1-424b-9868-57a2d4851a1d" />
    <TestEntry testId="d72030c3-f0e8-7e1b-156d-6a3e88a93e71" executionId="e1b5549d-c17f-4ff5-b984-07bd1e18f2d5" testListId="8c84fa94-04c1-424b-9868-57a2d4851a1d" />
    <TestEntry testId="4e187832-e6d7-274e-de18-d6e472e9c8b8" executionId="74d4a75a-7e16-4107-9f43-cd8343a66624" testListId="8c84fa94-04c1-424b-9868-57a2d4851a1d" />
    <TestEntry testId="d214d9bf-c979-4d01-7b7e-9ec0a3b519be" executionId="eb685d59-59b9-4725-adb1-16619fecc446" testListId="8c84fa94-04c1-424b-9868-57a2d4851a1d" />
    <TestEntry testId="dc6af082-e6f7-18e6-ae27-8be735eb8abb" executionId="a942247e-038e-44de-aceb-e22de0ba3653" testListId="8c84fa94-04c1-424b-9868-57a2d4851a1d" />
    <TestEntry testId="adb48672-2eac-7363-7f29-632c9a4e67c2" executionId="a16f0c49-4106-4b65-875b-5330b6c0366b" testListId="8c84fa94-04c1-424b-9868-57a2d4851a1d" />
    <TestEntry testId="7b3e720a-98f9-c552-ec66-aefc0ee15cd3" executionId="795a469c-e0c9-444c-a2c5-f61c4d029c9c" testListId="8c84fa94-04c1-424b-9868-57a2d4851a1d" />
    <TestEntry testId="b7947d45-60a9-2d63-7dd9-a1f04fb27474" executionId="b938db21-28c5-483d-a91c-0b7882285bd2" testListId="8c84fa94-04c1-424b-9868-57a2d4851a1d" />
    <TestEntry testId="525820bd-70f9-c50b-e951-035a7b299aba" executionId="3c20cfea-0044-4ff7-89ad-02993f96d216" testListId="8c84fa94-04c1-424b-9868-57a2d4851a1d" />
    <TestEntry testId="48d24184-8e01-c4ac-6f97-2c911c31572e" executionId="87877337-c850-4cd1-9aa9-5ba5572bfdb3" testListId="8c84fa94-04c1-424b-9868-57a2d4851a1d" />
    <TestEntry testId="d6ab8784-a562-88ce-de27-5ea7dc59536d" executionId="aa5cc4d5-bdab-40c4-b1a5-d1f188c03cd9" testListId="8c84fa94-04c1-424b-9868-57a2d4851a1d" />
    <TestEntry testId="4b750040-5eee-93a9-4ee4-76adf886dd3e" executionId="b532fcbb-3a47-4e66-bd16-79b01497f59a" testListId="8c84fa94-04c1-424b-9868-57a2d4851a1d" />
    <TestEntry testId="df5557b0-a3f0-dee6-c2c9-9b29d323a624" executionId="0f70142d-3fd1-4678-ac03-4224613421e6" testListId="8c84fa94-04c1-424b-9868-57a2d4851a1d" />
    <TestEntry testId="028837c7-ad39-d1f0-5344-2d64886044c8" executionId="a80c098d-93f8-409a-bb8d-428ff0180b13" testListId="8c84fa94-04c1-424b-9868-57a2d4851a1d" />
    <TestEntry testId="d83e331a-6182-870f-673e-6fa3094220de" executionId="76aa19a6-1dcc-4eca-a7df-10d345c4eb02" testListId="8c84fa94-04c1-424b-9868-57a2d4851a1d" />
    <TestEntry testId="eae9acd1-08ab-2e6a-b6e3-33ad1a80573f" executionId="a0103730-f41c-4beb-b3d9-2ad596173c52" testListId="8c84fa94-04c1-424b-9868-57a2d4851a1d" />
    <TestEntry testId="424f07bc-982a-2a72-59d7-7230434d889e" executionId="78dfc0a3-69f7-40cd-b073-067b8bc04280" testListId="8c84fa94-04c1-424b-9868-57a2d4851a1d" />
    <TestEntry testId="88b8d77b-9173-60f5-1ba8-e590c04c1ba2" executionId="4281bc7b-dd8e-42d2-b2a7-954e9a0c4412" testListId="8c84fa94-04c1-424b-9868-57a2d4851a1d" />
    <TestEntry testId="510f488c-f92d-9264-a2ec-36cdef2d5fcc" executionId="f4d109b1-d574-4cf2-9525-a5760402f717" testListId="8c84fa94-04c1-424b-9868-57a2d4851a1d" />
    <TestEntry testId="f4f2bfbe-d51e-17bb-1c22-7669c0e25469" executionId="d7c759dc-06f2-4fa9-a811-b8499815d515" testListId="8c84fa94-04c1-424b-9868-57a2d4851a1d" />
    <TestEntry testId="45b7f0be-7eb7-877e-9317-f8cc3e0bc50c" executionId="a664bb07-9ad1-4c15-8fdb-fd957c3c1b61" testListId="8c84fa94-04c1-424b-9868-57a2d4851a1d" />
    <TestEntry testId="e88e6018-9b4b-9299-f58a-7a9bec78f031" executionId="c3596e44-f4ff-40ee-ba64-38e77bf85c0e" testListId="8c84fa94-04c1-424b-9868-57a2d4851a1d" />
    <TestEntry testId="9b8906a6-79be-0e23-6f06-b03319ed63b9" executionId="ec30be00-0f43-4c1d-a36b-a0c61e2522d3" testListId="8c84fa94-04c1-424b-9868-57a2d4851a1d" />
    <TestEntry testId="6cba2c50-94ed-d513-411c-1dad5e4670fc" executionId="0a96f481-ecf7-4cce-8a94-9ab50ed3b5a6" testListId="8c84fa94-04c1-424b-9868-57a2d4851a1d" />
    <TestEntry testId="591c9942-2970-8e99-2318-857d33506a92" executionId="31032aac-209d-4b2d-82e2-a179ae5451fb" testListId="8c84fa94-04c1-424b-9868-57a2d4851a1d" />
    <TestEntry testId="a4145f53-d016-44f2-4fa4-5e271b51a2aa" executionId="1167bfa2-1ae2-4ef7-8cbc-e89b9a7ab038" testListId="8c84fa94-04c1-424b-9868-57a2d4851a1d" />
    <TestEntry testId="1cb028a9-44fc-784f-9be5-6dc2c8f8970d" executionId="a95d5289-91bc-4ee0-b643-88120295bec9" testListId="8c84fa94-04c1-424b-9868-57a2d4851a1d" />
    <TestEntry testId="3783207c-0994-a414-b926-d293477c64b8" executionId="343da0f9-c332-4f69-b7c1-4065e2d195eb" testListId="8c84fa94-04c1-424b-9868-57a2d4851a1d" />
    <TestEntry testId="ef003b7c-c59d-5e45-7984-bdc602ac516c" executionId="2d8ec6b8-d49c-4811-a27b-dd4069e5ac12" testListId="8c84fa94-04c1-424b-9868-57a2d4851a1d" />
    <TestEntry testId="7788ecc7-909e-0936-6cdb-ea230b89cfd9" executionId="e021656f-fa62-49b4-88c3-dff2cc1d179a" testListId="8c84fa94-04c1-424b-9868-57a2d4851a1d" />
    <TestEntry testId="476b0c76-e6b5-6271-7e54-845594595bc8" executionId="11e72dbf-0706-49cc-81b3-63de88848f07" testListId="8c84fa94-04c1-424b-9868-57a2d4851a1d" />
    <TestEntry testId="6a7db910-f8fc-fe59-a78d-bdbd0dc39474" executionId="74c5cc56-6ab0-4df2-b464-12cc3fb00703" testListId="8c84fa94-04c1-424b-9868-57a2d4851a1d" />
    <TestEntry testId="45b3490f-cb67-0cb2-9ab2-cc2e9dd5a232" executionId="a6df6e60-32f3-4ed1-94fe-aacc8ba100d1" testListId="8c84fa94-04c1-424b-9868-57a2d4851a1d" />
    <TestEntry testId="54fa4a71-6b61-4153-bfb9-f6c8f55523ed" executionId="2115d434-387a-433c-98d9-3f3c9e73a768" testListId="8c84fa94-04c1-424b-9868-57a2d4851a1d" />
    <TestEntry testId="678b2ab9-5250-0c7e-77aa-1dd093e379a0" executionId="24bb6124-ab64-464d-ba12-3a1c25f18ee5" testListId="8c84fa94-04c1-424b-9868-57a2d4851a1d" />
    <TestEntry testId="8e557d55-0858-3f88-21ef-6e2592d9681c" executionId="94b21864-4e89-40d8-8a41-2466733e6bd3" testListId="8c84fa94-04c1-424b-9868-57a2d4851a1d" />
    <TestEntry testId="6dc31423-c6e1-1e58-72ce-34561ebc651b" executionId="ca3762f6-1bc1-497d-8640-4d2a0fe6cee3" testListId="8c84fa94-04c1-424b-9868-57a2d4851a1d" />
    <TestEntry testId="17d65b15-06b6-e8a5-500a-36ea94523572" executionId="d35b1364-793f-41f2-bc97-ae6eac4ecaac" testListId="8c84fa94-04c1-424b-9868-57a2d4851a1d" />
    <TestEntry testId="8a650ea1-7058-18c5-0dfb-0417c818b122" executionId="0912aad0-3311-4dc6-9087-7d08c11b8193" testListId="8c84fa94-04c1-424b-9868-57a2d4851a1d" />
    <TestEntry testId="8771b944-e50b-4cd8-1411-3ff539561cbb" executionId="a6d3a6eb-f288-4053-a0eb-38f2a379e35d" testListId="8c84fa94-04c1-424b-9868-57a2d4851a1d" />
    <TestEntry testId="3a0e894d-6f76-5b80-5d98-bb50aeb3f367" executionId="16a02941-de86-4b79-8c8f-8ce428052d88" testListId="8c84fa94-04c1-424b-9868-57a2d4851a1d" />
    <TestEntry testId="0865271e-949d-3653-c464-83e8e0e3368f" executionId="22197c03-6a19-47a4-8b59-26adcc30bf79" testListId="8c84fa94-04c1-424b-9868-57a2d4851a1d" />
    <TestEntry testId="8881821b-7d3d-8cd9-b7c7-0410f06440ab" executionId="84620016-bd3f-4b12-a27f-b8cb9a81c1c4" testListId="8c84fa94-04c1-424b-9868-57a2d4851a1d" />
    <TestEntry testId="67b808f1-3424-c706-0626-61cae95290b0" executionId="6282404c-76ce-4482-8302-431b2fe7319f" testListId="8c84fa94-04c1-424b-9868-57a2d4851a1d" />
    <TestEntry testId="dfcbe56b-8c05-75b1-eb7b-04b5bd15f4af" executionId="86147950-bc3b-4fc6-aa96-e555c050b678" testListId="8c84fa94-04c1-424b-9868-57a2d4851a1d" />
    <TestEntry testId="000ee0da-ca82-cbe1-fd94-939f4b297425" executionId="c79b26f1-e2e7-45d1-a3b7-ac5ff53418f9" testListId="8c84fa94-04c1-424b-9868-57a2d4851a1d" />
    <TestEntry testId="8b100791-a571-8d3b-d8ba-0fa5bc0bdb14" executionId="6bbf1fe9-ccb0-42e7-92e8-380f9b63a095" testListId="8c84fa94-04c1-424b-9868-57a2d4851a1d" />
    <TestEntry testId="ab044dc5-46ec-22e2-2eee-9d2467c2c640" executionId="d9d67311-a24b-4733-adb4-49edc8b93ad1" testListId="8c84fa94-04c1-424b-9868-57a2d4851a1d" />
    <TestEntry testId="b4c4f3da-9e88-35cf-efa9-ad93d58c250a" executionId="81b8303f-c99e-4adf-a9e0-22f3759ad5fa" testListId="8c84fa94-04c1-424b-9868-57a2d4851a1d" />
    <TestEntry testId="16cba511-891e-7392-2428-5a629bf36350" executionId="69c98c38-27f5-4f59-95dc-924b8c95d8cd" testListId="8c84fa94-04c1-424b-9868-57a2d4851a1d" />
    <TestEntry testId="1dcd271b-663b-5d22-6b54-4d0246bd6b05" executionId="22897b43-c564-48f8-a63f-bcfc35d442cb" testListId="8c84fa94-04c1-424b-9868-57a2d4851a1d" />
    <TestEntry testId="5c292b76-226d-bd23-5888-221e583ba883" executionId="d5ee4ad2-1e3b-460c-9016-2822328e7bb6" testListId="8c84fa94-04c1-424b-9868-57a2d4851a1d" />
    <TestEntry testId="0a450331-8760-b921-9350-6f9b8db96189" executionId="e4ce6cac-eeb0-407c-93c0-6967e58d3459" testListId="8c84fa94-04c1-424b-9868-57a2d4851a1d" />
    <TestEntry testId="ec1daf19-40c8-1beb-7617-255f73a9ae68" executionId="dbb06467-0736-43b1-94a0-56332c0628fe" testListId="8c84fa94-04c1-424b-9868-57a2d4851a1d" />
    <TestEntry testId="522ce947-ee66-4fd5-7c75-c945a2f3a9e4" executionId="ac137ff7-2752-4ca3-9bca-307f4c02b059" testListId="8c84fa94-04c1-424b-9868-57a2d4851a1d" />
    <TestEntry testId="15c00c5b-637d-e90a-7be2-553cb45778fd" executionId="049b43c5-e4c0-4f6d-aa9d-3d2f81a8fa58" testListId="8c84fa94-04c1-424b-9868-57a2d4851a1d" />
    <TestEntry testId="de5f874a-3067-e711-a28a-4ee0d29700d2" executionId="23750800-904d-4488-acf7-078ce78b444d" testListId="8c84fa94-04c1-424b-9868-57a2d4851a1d" />
    <TestEntry testId="b0a2d587-6bb7-b9cd-98e2-4e8794ebff1f" executionId="f117733c-781b-4bca-ab67-ada9f73194f4" testListId="8c84fa94-04c1-424b-9868-57a2d4851a1d" />
    <TestEntry testId="758f6201-9ba2-fd48-9cbf-e75fc1748c14" executionId="66495ccd-5846-48ff-9e31-820071b8af70" testListId="8c84fa94-04c1-424b-9868-57a2d4851a1d" />
    <TestEntry testId="b3dd3cff-c586-d5fd-aa58-8c389c726f95" executionId="e1a0d2ba-b274-4bb9-8809-860ee8db961f" testListId="8c84fa94-04c1-424b-9868-57a2d4851a1d" />
    <TestEntry testId="dbbc46fc-2f8c-eaad-1ad7-99c0d1b206f4" executionId="1cde8928-3e2d-413f-a6b3-75c52bd394f6" testListId="8c84fa94-04c1-424b-9868-57a2d4851a1d" />
    <TestEntry testId="fa77b169-7afb-e8ac-24d0-340be81330f8" executionId="1d5f2157-47df-48b6-8142-2fd0a74a8121" testListId="8c84fa94-04c1-424b-9868-57a2d4851a1d" />
    <TestEntry testId="6d44a4f8-4f17-926e-54f6-59f6ee49f887" executionId="2fd5bbe8-19fb-4788-9444-98ef0d6df530" testListId="8c84fa94-04c1-424b-9868-57a2d4851a1d" />
    <TestEntry testId="be4e2c1f-dcc5-75fe-28b6-bdd6952f77a4" executionId="3f7ea9d7-61dd-4008-b2e9-89e1ccf87dab" testListId="8c84fa94-04c1-424b-9868-57a2d4851a1d" />
    <TestEntry testId="ce4913c1-a0f9-1cf2-b59f-15e9ced5df57" executionId="0073d87a-1b9d-4a49-ab45-8dded6e2eed7" testListId="8c84fa94-04c1-424b-9868-57a2d4851a1d" />
    <TestEntry testId="b498280c-f2d3-17a4-6d60-75dd66905459" executionId="c653b402-dfcb-451c-8fb9-9aff01de3e2c" testListId="8c84fa94-04c1-424b-9868-57a2d4851a1d" />
    <TestEntry testId="676d3434-3893-6785-c96f-60f5092b8641" executionId="84637d09-c17f-46c8-a371-86ad7f48673c" testListId="8c84fa94-04c1-424b-9868-57a2d4851a1d" />
    <TestEntry testId="27b269da-c72b-75a0-be64-578adcdac447" executionId="34a26475-97f0-4af9-974a-9ef98f4ba0db" testListId="8c84fa94-04c1-424b-9868-57a2d4851a1d" />
    <TestEntry testId="86260b11-31a2-c0bf-b9cd-f2bbf9751145" executionId="14335d37-5659-4b57-af70-6acc8ef210b3" testListId="8c84fa94-04c1-424b-9868-57a2d4851a1d" />
    <TestEntry testId="7931a1f1-556c-d72b-5e33-a8475a65aefc" executionId="1d3917fe-0ad8-428d-a440-b6b393cb5b35" testListId="8c84fa94-04c1-424b-9868-57a2d4851a1d" />
    <TestEntry testId="a1548790-4891-1ac9-dde6-2a20e441f625" executionId="9d4a2d5f-1cbb-4a1b-988a-158520006145" testListId="8c84fa94-04c1-424b-9868-57a2d4851a1d" />
    <TestEntry testId="e1bfabc8-9f04-8734-9894-416f16862390" executionId="09a43dd3-4207-4d2b-ac97-05ecb8b8661d" testListId="8c84fa94-04c1-424b-9868-57a2d4851a1d" />
    <TestEntry testId="a55375cd-1f09-0d30-7bd7-d8f7c39a5114" executionId="45af5410-bc2d-4540-885b-2210964c7c7a" testListId="8c84fa94-04c1-424b-9868-57a2d4851a1d" />
    <TestEntry testId="75a80a46-3e28-4e58-89f5-a07382154d8f" executionId="b0d4918c-3676-401c-9780-07400383982e" testListId="8c84fa94-04c1-424b-9868-57a2d4851a1d" />
    <TestEntry testId="2c12d7fd-8a2e-6665-485d-62246fe5579a" executionId="b0f6a03a-aeda-44c7-b010-3578f2e4aaa9" testListId="8c84fa94-04c1-424b-9868-57a2d4851a1d" />
    <TestEntry testId="bd1195d7-b276-2894-f72d-0b6a10b6c58a" executionId="8a28aa17-2b82-4ae3-bd7b-f2a672c4eb69" testListId="8c84fa94-04c1-424b-9868-57a2d4851a1d" />
    <TestEntry testId="32867f33-873c-055e-5be2-a3beec6f0a0a" executionId="f9fbf802-a3e8-4bc6-ae28-308f628b5d2e" testListId="8c84fa94-04c1-424b-9868-57a2d4851a1d" />
    <TestEntry testId="55c7ac99-2754-0ae1-072c-c79552cdf20a" executionId="ab19983a-886a-403d-bf40-6becc144f99c" testListId="8c84fa94-04c1-424b-9868-57a2d4851a1d" />
    <TestEntry testId="d18f8a01-3ed9-5f14-93b2-142ed3d7ed6c" executionId="5e6e6283-6f6f-4353-b668-575adadc4ec2" testListId="8c84fa94-04c1-424b-9868-57a2d4851a1d" />
    <TestEntry testId="44b1d068-c95b-4b39-daad-8af25da5f591" executionId="d68943e3-d83b-4a80-85a1-962bd7ab2d16" testListId="8c84fa94-04c1-424b-9868-57a2d4851a1d" />
    <TestEntry testId="4463e422-b5d5-04bb-3b26-1b04e0f08860" executionId="1df9acaa-e53b-4fe1-bf6a-50f450abdde8" testListId="8c84fa94-04c1-424b-9868-57a2d4851a1d" />
    <TestEntry testId="d9f1c952-724b-22d5-1cf2-9a9691b6ae3f" executionId="67b90655-3d64-4f1d-a2be-aa835210f647" testListId="8c84fa94-04c1-424b-9868-57a2d4851a1d" />
    <TestEntry testId="81082d72-a555-e204-63e6-057001f26d29" executionId="145baa32-00d8-4cb4-8d9d-04bcbd02d4e3" testListId="8c84fa94-04c1-424b-9868-57a2d4851a1d" />
    <TestEntry testId="d97e98fc-ba5c-40e9-3016-94bbef50b084" executionId="f803ab8a-397f-4f73-88bc-ddeef40e2bb1" testListId="8c84fa94-04c1-424b-9868-57a2d4851a1d" />
    <TestEntry testId="a48939ad-47d0-7294-e913-221d99f955ca" executionId="1c56291a-aa33-48bb-a5ac-41e2dceaabde" testListId="8c84fa94-04c1-424b-9868-57a2d4851a1d" />
    <TestEntry testId="07c3a402-cd09-a0c4-bf85-77477acb1847" executionId="fb89bfe3-2f28-4509-a72b-44d026e0a6b4" testListId="8c84fa94-04c1-424b-9868-57a2d4851a1d" />
    <TestEntry testId="2a3166cf-5ffa-ce6a-5a68-45b3b87b3718" executionId="0c4e5c24-e479-405a-83fe-ff46210af315" testListId="8c84fa94-04c1-424b-9868-57a2d4851a1d" />
    <TestEntry testId="004ff7b0-cbff-4a7d-975f-b69ec93a62c2" executionId="0f530912-861e-4ea3-b029-d931205686ec" testListId="8c84fa94-04c1-424b-9868-57a2d4851a1d" />
    <TestEntry testId="884bf3c3-69ed-0831-190b-9fe3ac2b98d1" executionId="10f2fd48-535f-4613-9c97-4799b7a7d5a2" testListId="8c84fa94-04c1-424b-9868-57a2d4851a1d" />
    <TestEntry testId="a393e5db-5a23-010b-d3f3-cbff13003adf" executionId="9497ea5d-d4ba-4aad-a138-ed2cce874ed8" testListId="8c84fa94-04c1-424b-9868-57a2d4851a1d" />
    <TestEntry testId="20b462f4-c96b-2673-837e-d6d7e8986772" executionId="1ff07e31-1296-4b93-87bc-49d00d36da19" testListId="8c84fa94-04c1-424b-9868-57a2d4851a1d" />
    <TestEntry testId="34132c40-1345-4eb9-1b5c-a904805a939d" executionId="9a8c1893-31dd-4f20-8b8d-8864130c9160" testListId="8c84fa94-04c1-424b-9868-57a2d4851a1d" />
    <TestEntry testId="c23993e9-a578-82da-0307-f45668a6af07" executionId="6d385d04-6726-4b52-8631-9257e01b548c" testListId="8c84fa94-04c1-424b-9868-57a2d4851a1d" />
    <TestEntry testId="c02dd453-152c-0611-b51b-d11ed74a9d2c" executionId="855aebf9-2295-498b-a88a-8398d79b98e1" testListId="8c84fa94-04c1-424b-9868-57a2d4851a1d" />
    <TestEntry testId="d4fbd879-3ad8-65ae-2ab6-7cbd4095d149" executionId="04dff189-ef52-4187-8aee-beb0272b9c1a" testListId="8c84fa94-04c1-424b-9868-57a2d4851a1d" />
    <TestEntry testId="922a2c12-e9aa-d1ce-97c8-d1c9e5c95c54" executionId="89b84499-a550-4aab-82c8-c34366c5597f" testListId="8c84fa94-04c1-424b-9868-57a2d4851a1d" />
    <TestEntry testId="36f565da-6c41-27fb-f0ad-2851820a6c55" executionId="c0dbe73e-e003-4811-b047-ec75637c85d1" testListId="8c84fa94-04c1-424b-9868-57a2d4851a1d" />
    <TestEntry testId="eecc404d-052a-2f47-4d54-cb8073db15f9" executionId="da02e15d-bf3f-44b0-aad9-dcfef713b740" testListId="8c84fa94-04c1-424b-9868-57a2d4851a1d" />
    <TestEntry testId="8c7f23de-4825-a330-b941-09191ec939d3" executionId="e67b10b1-fb1a-4e31-83ca-829506bd3cca" testListId="8c84fa94-04c1-424b-9868-57a2d4851a1d" />
    <TestEntry testId="002574d2-7793-d63b-b71c-bb7a382ebec7" executionId="83381d0f-a5c4-43b8-b01d-d8b032cc0695" testListId="8c84fa94-04c1-424b-9868-57a2d4851a1d" />
    <TestEntry testId="23a391d0-ab70-8eb8-4b45-9d92a8568c29" executionId="f26c25d3-7bb8-419a-ba59-3f7e29fe0a51" testListId="8c84fa94-04c1-424b-9868-57a2d4851a1d" />
    <TestEntry testId="60dd2445-e8bb-0222-1da7-aff558a8ae4d" executionId="47885ea5-3b3a-45ad-88db-52bd081123f4" testListId="8c84fa94-04c1-424b-9868-57a2d4851a1d" />
    <TestEntry testId="e83dff0e-bd53-1b60-eee1-9ed21bff1027" executionId="579f8132-1880-4f86-b0aa-2ffb41eab698" testListId="8c84fa94-04c1-424b-9868-57a2d4851a1d" />
    <TestEntry testId="47b3000e-8ac5-6579-3164-71c34dcf5c68" executionId="dc58fd48-b1b4-4d40-b24a-6d389867763b" testListId="8c84fa94-04c1-424b-9868-57a2d4851a1d" />
    <TestEntry testId="237c61c6-1f2d-6b79-8b65-64735f1ec6bd" executionId="bdc67d20-eb8f-499e-8761-4904ad1e01d4" testListId="8c84fa94-04c1-424b-9868-57a2d4851a1d" />
    <TestEntry testId="a83c55d9-b4b3-f28e-764f-b9b4aa5db19f" executionId="eee86726-24f3-493f-af60-84ea460bf365" testListId="8c84fa94-04c1-424b-9868-57a2d4851a1d" />
    <TestEntry testId="74305036-72d1-9364-ca62-aaf7612d9918" executionId="1a4080b4-6938-4048-8021-d5e345e1abd6" testListId="8c84fa94-04c1-424b-9868-57a2d4851a1d" />
    <TestEntry testId="e79ee870-84fd-ee32-152b-bd13bd15383d" executionId="0ca6ae23-ef4e-47a0-b403-345ea9356933" testListId="8c84fa94-04c1-424b-9868-57a2d4851a1d" />
    <TestEntry testId="d08b732b-ab91-c5d8-c6fb-eaa5596c2a72" executionId="d913f070-ded1-4d92-8cae-472465efc772" testListId="8c84fa94-04c1-424b-9868-57a2d4851a1d" />
    <TestEntry testId="2b25a1d3-06eb-bfd5-b4e0-2bcd8206f4cc" executionId="45395df4-fca9-4249-9485-20e1cf9eb6ef" testListId="8c84fa94-04c1-424b-9868-57a2d4851a1d" />
    <TestEntry testId="46dd2cf8-a790-10e4-882d-8d6a5b52f88d" executionId="d6d83765-34f5-46c8-90fe-3acf911fb4fb" testListId="8c84fa94-04c1-424b-9868-57a2d4851a1d" />
    <TestEntry testId="28d58687-9a3c-83dc-7ff0-615b7cce9893" executionId="55c0a8f4-f739-4506-a586-526aea67d960" testListId="8c84fa94-04c1-424b-9868-57a2d4851a1d" />
    <TestEntry testId="5cb6a6fe-da0f-e4aa-4724-5a31bd25ee8c" executionId="f2d8220f-a7ca-44e6-ba26-db54fdc34279" testListId="8c84fa94-04c1-424b-9868-57a2d4851a1d" />
    <TestEntry testId="2e353a49-9676-3f79-69fa-f42788fbc4b6" executionId="e422878b-f467-452e-9564-a5758f604d62" testListId="8c84fa94-04c1-424b-9868-57a2d4851a1d" />
    <TestEntry testId="afbc18a2-d513-8802-fe89-8856a237affe" executionId="36117133-fdb8-40b6-b3ff-57838ff369c5" testListId="8c84fa94-04c1-424b-9868-57a2d4851a1d" />
    <TestEntry testId="0e8bf738-d499-552d-27ab-7888b4afc768" executionId="95a09227-3a33-4beb-8034-a3f0574cc29e" testListId="8c84fa94-04c1-424b-9868-57a2d4851a1d" />
    <TestEntry testId="ecb78671-0760-ce16-1e30-d4cd0229b1d5" executionId="5fa75bfe-3d97-480d-8e42-e4d9d5e841f4" testListId="8c84fa94-04c1-424b-9868-57a2d4851a1d" />
    <TestEntry testId="b5a6e0dd-1d44-429e-d055-0e98d67be23c" executionId="be9fb35f-fceb-4726-b925-2ba820397a9b" testListId="8c84fa94-04c1-424b-9868-57a2d4851a1d" />
    <TestEntry testId="2f49ddd4-65d3-e4fb-77a7-72c40a358641" executionId="e216315b-6e98-4be7-ab16-9e0e3e871e4d" testListId="8c84fa94-04c1-424b-9868-57a2d4851a1d" />
    <TestEntry testId="be1834c1-3cb8-0877-f11f-759d3416c3b6" executionId="b2e6065a-8503-494a-ba45-07a8eeec7561" testListId="8c84fa94-04c1-424b-9868-57a2d4851a1d" />
    <TestEntry testId="8aade108-d007-6038-7bea-48f8a2d9146b" executionId="5c3e8146-1edb-4c89-bd04-8e14bdd1a5d5" testListId="8c84fa94-04c1-424b-9868-57a2d4851a1d" />
    <TestEntry testId="18b3de60-28a6-0693-3c77-327be7914558" executionId="50dd7336-0ddf-41b3-95e7-61f8ffb35c98" testListId="8c84fa94-04c1-424b-9868-57a2d4851a1d" />
    <TestEntry testId="86767825-956f-aa8f-4968-e740336c9aa5" executionId="e103aa5c-755b-494c-bb31-78e01df62a55" testListId="8c84fa94-04c1-424b-9868-57a2d4851a1d" />
    <TestEntry testId="270b440f-1f3c-3767-f929-42e0d541f4dd" executionId="b4020459-9df8-4691-a451-a02c9baa397f" testListId="8c84fa94-04c1-424b-9868-57a2d4851a1d" />
    <TestEntry testId="08a90619-da84-380e-ed0e-dc7c7348d1d7" executionId="d389d31e-c277-4ed5-855b-9d753db5a7a7" testListId="8c84fa94-04c1-424b-9868-57a2d4851a1d" />
    <TestEntry testId="d532a0a5-d4b5-89bf-ed30-c628d8430ed9" executionId="cee93c63-1f51-4927-aad4-22dac2db28f6" testListId="8c84fa94-04c1-424b-9868-57a2d4851a1d" />
    <TestEntry testId="076a8002-6416-8c57-eb7c-5d7cc84b56ad" executionId="79f881da-9d42-4991-a836-eb2a50b5a3e3" testListId="8c84fa94-04c1-424b-9868-57a2d4851a1d" />
    <TestEntry testId="324bd578-405c-8b22-f175-28ae68baa7fd" executionId="b6043ffe-80a2-4131-86c4-60526a3e8deb" testListId="8c84fa94-04c1-424b-9868-57a2d4851a1d" />
    <TestEntry testId="08fc9853-2db6-098a-f86d-309b8ce35b91" executionId="2c929ce4-4ad7-4791-9101-8531c52be864" testListId="8c84fa94-04c1-424b-9868-57a2d4851a1d" />
    <TestEntry testId="85dca114-94e3-64ab-f901-03fdec6a7e84" executionId="ad05e3d4-9b8d-4f7e-b4d9-16d1b1477512" testListId="8c84fa94-04c1-424b-9868-57a2d4851a1d" />
    <TestEntry testId="ac442438-d123-1eb0-fc6e-97447f034152" executionId="a32c06c2-e3a0-4743-903e-2535b2654390" testListId="8c84fa94-04c1-424b-9868-57a2d4851a1d" />
    <TestEntry testId="ef66b331-522b-1775-36e8-8860fe69cd8c" executionId="ac109228-aaee-460b-95f9-258ca943177a" testListId="8c84fa94-04c1-424b-9868-57a2d4851a1d" />
    <TestEntry testId="2778d050-be18-0e1b-eac3-753c3cbeca39" executionId="765cf1ab-5d87-45b8-b76d-2d49ba855a86" testListId="8c84fa94-04c1-424b-9868-57a2d4851a1d" />
    <TestEntry testId="5535077b-880b-c2d9-2b4e-7f8cf6d1bf0a" executionId="645d667e-6905-45e4-b39b-4706413d2267" testListId="8c84fa94-04c1-424b-9868-57a2d4851a1d" />
    <TestEntry testId="6ceae3fc-dabf-6e75-8a34-9ca65dbb83f3" executionId="c23042b4-5884-4519-8bc7-4c61389092ae" testListId="8c84fa94-04c1-424b-9868-57a2d4851a1d" />
    <TestEntry testId="abdfa71c-d861-a0bd-95a8-0382e940dc7f" executionId="43d75822-be7f-4f40-bd24-be07805dd74f" testListId="8c84fa94-04c1-424b-9868-57a2d4851a1d" />
    <TestEntry testId="7c12a820-76ca-f90c-b690-f1efcde03290" executionId="f6eb2c59-a7fc-439b-a1c2-2fe43db5ab68" testListId="8c84fa94-04c1-424b-9868-57a2d4851a1d" />
    <TestEntry testId="d61833da-4157-f98d-9798-aa46af98fdca" executionId="bef0c9dc-9161-4170-94e5-63d8ec34faa0" testListId="8c84fa94-04c1-424b-9868-57a2d4851a1d" />
    <TestEntry testId="15c8f6b5-fe67-dd09-0739-842a5798798e" executionId="6f5c7a6a-5f8e-44cd-940f-2a1259253dd0" testListId="8c84fa94-04c1-424b-9868-57a2d4851a1d" />
    <TestEntry testId="437fc918-e6ce-c47e-6602-d58b0391b027" executionId="c82be7a3-3ed7-4343-aebc-6caf2b3c51f4" testListId="8c84fa94-04c1-424b-9868-57a2d4851a1d" />
    <TestEntry testId="0d3b2ab8-ddbb-e697-1229-88a5d0c6e9c5" executionId="9c601d5a-6684-4ff5-ad6b-681977aa6938" testListId="8c84fa94-04c1-424b-9868-57a2d4851a1d" />
    <TestEntry testId="425f0968-bc6c-b822-0d8e-78aac815df6b" executionId="682b8b59-8a61-4136-a0ba-5b881d385dc9" testListId="8c84fa94-04c1-424b-9868-57a2d4851a1d" />
    <TestEntry testId="7a9d7a85-06b9-1f06-a722-56b4f14fc78c" executionId="150b28cf-845d-4292-9c60-2b5327a7a8f6" testListId="8c84fa94-04c1-424b-9868-57a2d4851a1d" />
    <TestEntry testId="843d022d-7ec7-2445-18f9-50d152325c1d" executionId="ba6f10d0-239c-4bbc-9052-dd79542d9e8f" testListId="8c84fa94-04c1-424b-9868-57a2d4851a1d" />
    <TestEntry testId="b86743f7-46c6-e9bc-1592-f2d49757a1d2" executionId="eef68b36-e2e2-44a5-a45e-f7c499e690ab" testListId="8c84fa94-04c1-424b-9868-57a2d4851a1d" />
    <TestEntry testId="754f1bd6-1597-f89f-623b-19a3c18446c5" executionId="d5ba3b53-105e-4e7e-a51b-ac5820139f58" testListId="8c84fa94-04c1-424b-9868-57a2d4851a1d" />
    <TestEntry testId="d4e5e104-5606-3dd9-f6e5-12f84f352341" executionId="5f589811-466a-49af-8e6a-b60de275ee86" testListId="8c84fa94-04c1-424b-9868-57a2d4851a1d" />
    <TestEntry testId="1e96bc18-78dc-e7bb-47d5-2a19920930e6" executionId="12268b41-c124-4ce6-b114-3f01b26413bd" testListId="8c84fa94-04c1-424b-9868-57a2d4851a1d" />
    <TestEntry testId="6e2d3c67-3080-1e7b-8e65-c4a3c7af675b" executionId="ebd1a81e-d7a7-420d-89b9-9b23d5a724e8" testListId="8c84fa94-04c1-424b-9868-57a2d4851a1d" />
    <TestEntry testId="32b76892-837e-aaf5-5dd1-2631a0c6f451" executionId="d80d08ca-caaa-474e-a92c-e965b5a8fcdb" testListId="8c84fa94-04c1-424b-9868-57a2d4851a1d" />
    <TestEntry testId="56b675d3-d852-6a04-d666-605aa73761b3" executionId="6ad0d771-b40a-46f9-91d5-ac98463285c5" testListId="8c84fa94-04c1-424b-9868-57a2d4851a1d" />
    <TestEntry testId="52e83c3f-2bec-88c9-7c60-dae6bc617340" executionId="864656f3-fe6e-4276-b5bd-3486ffc513e8" testListId="8c84fa94-04c1-424b-9868-57a2d4851a1d" />
    <TestEntry testId="e68b2339-3b42-ec37-1498-f16fb572e243" executionId="e0c1fb4d-ad57-44b6-ae25-619d3e217754" testListId="8c84fa94-04c1-424b-9868-57a2d4851a1d" />
    <TestEntry testId="f64fc73a-8eca-1242-c007-1a6c4232130f" executionId="8f4b4b1c-f177-44ef-9c03-90c4566adab2" testListId="8c84fa94-04c1-424b-9868-57a2d4851a1d" />
    <TestEntry testId="103f63bc-36fd-3259-ded9-b15d3dd5bad3" executionId="1921d291-b40e-4932-a2cf-48436e166c1b" testListId="8c84fa94-04c1-424b-9868-57a2d4851a1d" />
    <TestEntry testId="bbb9f240-1054-c03c-e79e-ecd00d8b30f4" executionId="805e58b9-1cf3-4315-84cf-0afce1f7c2f1" testListId="8c84fa94-04c1-424b-9868-57a2d4851a1d" />
    <TestEntry testId="0451834b-5d61-8a2a-2271-a0d29dce553b" executionId="fa26dfd2-4cab-4c7a-ab84-831e1b33dd98" testListId="8c84fa94-04c1-424b-9868-57a2d4851a1d" />
    <TestEntry testId="0abdadec-f565-037d-9e00-3cb09d5bba6f" executionId="50e70435-719a-4a81-8a30-3e43a298bc02" testListId="8c84fa94-04c1-424b-9868-57a2d4851a1d" />
    <TestEntry testId="7d2a67de-d580-bdbf-18ba-4a6da46d0911" executionId="d92aba44-7420-4286-bb1b-c99ae4ef2b18" testListId="8c84fa94-04c1-424b-9868-57a2d4851a1d" />
    <TestEntry testId="23519c24-ab5f-d52c-5a79-c6c42f23d463" executionId="8600a89c-7f1d-4376-b919-81fd747d29d0" testListId="8c84fa94-04c1-424b-9868-57a2d4851a1d" />
    <TestEntry testId="002367fe-4f76-ffa5-1fac-d1fee281a0ba" executionId="03dcc080-a5c2-4dde-81ec-50a24c3fe0ca" testListId="8c84fa94-04c1-424b-9868-57a2d4851a1d" />
    <TestEntry testId="71ef8e60-0c55-283f-ffd3-ddbc9700ada5" executionId="12517892-23af-4846-b451-6d0e9bbe096f" testListId="8c84fa94-04c1-424b-9868-57a2d4851a1d" />
    <TestEntry testId="081f51aa-0473-38ec-5d39-d05e7a7dd898" executionId="f2620a48-813a-4d9e-bada-f2c1ce8d2ba6" testListId="8c84fa94-04c1-424b-9868-57a2d4851a1d" />
    <TestEntry testId="555db1c4-be7e-5701-ff82-5827a820f79a" executionId="91f91cb6-a4cd-46ac-a5b4-80e3f9bcd80d" testListId="8c84fa94-04c1-424b-9868-57a2d4851a1d" />
    <TestEntry testId="4e86e2c7-87b8-1bb0-2680-5455cfd9c169" executionId="ad2bf95a-6fd1-4ff2-93d1-ff209ee61591" testListId="8c84fa94-04c1-424b-9868-57a2d4851a1d" />
    <TestEntry testId="4abfd303-145b-aaaf-d908-db43e32b70f9" executionId="e3b17515-f5c3-41c4-8d39-96e61a8ea91e" testListId="8c84fa94-04c1-424b-9868-57a2d4851a1d" />
    <TestEntry testId="abba7765-5d41-ca95-2786-a85f227f410c" executionId="7c4f57bb-4218-4de1-8aee-94f3085c3ac0" testListId="8c84fa94-04c1-424b-9868-57a2d4851a1d" />
    <TestEntry testId="a14652c6-fdd8-386f-4941-8b34becaae32" executionId="69aa0fc1-e1ba-4a09-adfd-cbad14590a01" testListId="8c84fa94-04c1-424b-9868-57a2d4851a1d" />
    <TestEntry testId="e2910d93-3de2-05e5-781b-94402e2af719" executionId="ce13268f-5633-487b-b729-0e4216f96632" testListId="8c84fa94-04c1-424b-9868-57a2d4851a1d" />
    <TestEntry testId="597bd723-9003-2a88-ade0-4bc49ffe996b" executionId="e2a399c6-94fe-4a82-b94a-17f55ba23dfe" testListId="8c84fa94-04c1-424b-9868-57a2d4851a1d" />
    <TestEntry testId="82e56ba7-7d19-7156-0276-1085547a24bc" executionId="4f3cef55-c27c-4712-8175-0bee63a62fbf" testListId="8c84fa94-04c1-424b-9868-57a2d4851a1d" />
    <TestEntry testId="017b84c0-d041-5ec5-367a-bfeae91ba208" executionId="ee9e7f4f-d3cd-44b1-9cbc-828a2c14ff3d" testListId="8c84fa94-04c1-424b-9868-57a2d4851a1d" />
    <TestEntry testId="9ef6126e-f7cc-14c5-4ccf-4831db9c92a1" executionId="59ac786e-b83b-459f-8d63-a0b2a531f8f9" testListId="8c84fa94-04c1-424b-9868-57a2d4851a1d" />
    <TestEntry testId="b0d5fa01-abbf-d6d5-4645-52f24b6e850a" executionId="cfc8d4ba-44a8-46b4-9c37-32636137c5ab" testListId="8c84fa94-04c1-424b-9868-57a2d4851a1d" />
    <TestEntry testId="fd6ac72c-2559-1f43-5efd-6333eb448135" executionId="3ef2d255-63dd-4405-8fad-e646fc4cb5dd" testListId="8c84fa94-04c1-424b-9868-57a2d4851a1d" />
    <TestEntry testId="e8dadef5-733a-1ff1-73c3-c957c2313ea8" executionId="21f6237c-6e72-4164-a203-9f7228bac9ff" testListId="8c84fa94-04c1-424b-9868-57a2d4851a1d" />
    <TestEntry testId="f612166a-4245-7d44-9b6c-42070a4d1ea1" executionId="fe0b3abb-5f63-4527-87d3-25ace23eb26b" testListId="8c84fa94-04c1-424b-9868-57a2d4851a1d" />
    <TestEntry testId="a14b4a97-4047-fba6-27cb-72dd2783ad1d" executionId="13f1c34a-9a15-450a-8b5b-55439c32f9fb" testListId="8c84fa94-04c1-424b-9868-57a2d4851a1d" />
    <TestEntry testId="7b5a5011-8ead-4a1a-b27f-f4fe1ca00646" executionId="481f1139-1e35-427f-b11c-9767dd1fd84f" testListId="8c84fa94-04c1-424b-9868-57a2d4851a1d" />
    <TestEntry testId="c38ca7fb-221e-789a-b35a-4962e2d383a8" executionId="876f839a-f1d7-4f21-a2c5-f1de10c01b16" testListId="8c84fa94-04c1-424b-9868-57a2d4851a1d" />
    <TestEntry testId="117f282b-9661-8610-dd34-bd4b21fe10d7" executionId="9fd7b171-a588-451a-9e2b-fc30f1b5e859" testListId="8c84fa94-04c1-424b-9868-57a2d4851a1d" />
    <TestEntry testId="d5e66563-8444-3eea-e5eb-82b4ca6ef68d" executionId="239a45b5-0344-4181-a5bf-2b08b992b679" testListId="8c84fa94-04c1-424b-9868-57a2d4851a1d" />
    <TestEntry testId="315fc9d1-2762-1c20-7cbb-ff0e06212694" executionId="2570a363-7ff6-4bc0-82de-cce7a6737672" testListId="8c84fa94-04c1-424b-9868-57a2d4851a1d" />
    <TestEntry testId="147ed72c-94aa-9837-ccfc-800bae76e1c0" executionId="74dd7bf1-34c5-4d1d-9a2c-c53ecefb0316" testListId="8c84fa94-04c1-424b-9868-57a2d4851a1d" />
    <TestEntry testId="ec599911-31c6-a6d9-315e-7655be866ef6" executionId="28019353-ffa4-48ca-8cb3-bd027f0d46de" testListId="8c84fa94-04c1-424b-9868-57a2d4851a1d" />
    <TestEntry testId="76bb760b-94c3-9f49-a667-ff04e895a19d" executionId="652ae3f6-8f15-42d7-bba1-2858399bb3fc" testListId="8c84fa94-04c1-424b-9868-57a2d4851a1d" />
    <TestEntry testId="093c6a46-e3b1-4e81-ea85-713dc797f64e" executionId="32fe73af-bdc8-4066-8db8-6b2d6d5aa219" testListId="8c84fa94-04c1-424b-9868-57a2d4851a1d" />
    <TestEntry testId="4f9ccf09-01c7-bb0c-873e-d0e8496ff122" executionId="443c0e70-8b70-434e-b84d-6e8d4f106aec" testListId="8c84fa94-04c1-424b-9868-57a2d4851a1d" />
    <TestEntry testId="8b908069-3601-8ab8-3293-9df091546406" executionId="92108675-fde7-4e0b-b51b-b8f96b1f9023" testListId="8c84fa94-04c1-424b-9868-57a2d4851a1d" />
    <TestEntry testId="b9931b0d-3bd6-388f-fc27-2598dbc51a4b" executionId="209e4617-7c98-4b00-8455-f5a74add05c2" testListId="8c84fa94-04c1-424b-9868-57a2d4851a1d" />
    <TestEntry testId="66d84296-71e8-000e-094d-50c5e3b925a5" executionId="d859d8bc-7e97-4566-9e47-d620c34569df" testListId="8c84fa94-04c1-424b-9868-57a2d4851a1d" />
    <TestEntry testId="3d3a32f5-bedd-f047-ab68-20f8c211f087" executionId="086c5dd4-b1b5-426c-ac9f-4260ee7f9c82" testListId="8c84fa94-04c1-424b-9868-57a2d4851a1d" />
    <TestEntry testId="fd624a63-82fa-89d1-c7b1-d6777f0bac80" executionId="e1ce7429-f0e6-479b-874a-f664fff5e5d8" testListId="8c84fa94-04c1-424b-9868-57a2d4851a1d" />
    <TestEntry testId="da2560df-f453-65b8-0f8c-71b1a4763201" executionId="41ef1363-e4c2-4c62-b521-94ad70c4354f" testListId="8c84fa94-04c1-424b-9868-57a2d4851a1d" />
    <TestEntry testId="338f0f35-366f-e576-5590-d6b40c0f65f3" executionId="737149df-f879-4ea2-b17f-bc7dd232c19b" testListId="8c84fa94-04c1-424b-9868-57a2d4851a1d" />
    <TestEntry testId="d3aa593b-e5a9-6757-4073-1c7109f8ae34" executionId="0fa8c597-02c2-4ca2-9b4e-9d0a91f0a873" testListId="8c84fa94-04c1-424b-9868-57a2d4851a1d" />
    <TestEntry testId="69f1ed1b-11e5-b127-77c6-ccd3be0c26db" executionId="a139230a-4f32-44c1-af5c-5af94fd59b17" testListId="8c84fa94-04c1-424b-9868-57a2d4851a1d" />
    <TestEntry testId="c8fad434-c90e-02c1-1a72-f8552a249e5f" executionId="a7aed024-e2e1-4034-b1e3-5e17e2e51bfa" testListId="8c84fa94-04c1-424b-9868-57a2d4851a1d" />
    <TestEntry testId="216079ac-b730-022d-e5a4-fb32e7a98a8e" executionId="f24063a7-1ca0-46d6-a525-d31b29407cec" testListId="8c84fa94-04c1-424b-9868-57a2d4851a1d" />
    <TestEntry testId="7abc69b9-3a95-a1b8-64e1-e290890b2be0" executionId="ff90e897-4400-4a96-a200-d6315b505e46" testListId="8c84fa94-04c1-424b-9868-57a2d4851a1d" />
    <TestEntry testId="00bb520d-7eb6-d24c-9557-f3fca3618123" executionId="016b9d36-c64a-4114-bc9d-761c16dbc5ee" testListId="8c84fa94-04c1-424b-9868-57a2d4851a1d" />
    <TestEntry testId="fafa9852-426b-6b05-2684-4864e7941f0d" executionId="6770f0cb-c051-4e2b-abc6-86b2e80863a6" testListId="8c84fa94-04c1-424b-9868-57a2d4851a1d" />
    <TestEntry testId="8f101769-b224-d5b5-9226-fb891fbfd579" executionId="ac1fda0e-fd72-419f-b60e-7ca343093608" testListId="8c84fa94-04c1-424b-9868-57a2d4851a1d" />
    <TestEntry testId="46dd2cf8-a790-10e4-882d-8d6a5b52f88d" executionId="38f9ef23-e1a1-4d83-8b3a-77e18b8d4efd" testListId="8c84fa94-04c1-424b-9868-57a2d4851a1d" />
    <TestEntry testId="ef93e544-041e-84fd-ce12-e47f85e7956a" executionId="86e450ce-47e5-496c-80f4-01fb1ca99988" testListId="8c84fa94-04c1-424b-9868-57a2d4851a1d" />
    <TestEntry testId="96a6c01b-7307-ab09-5ffb-857da77b8125" executionId="98e6224c-470e-4956-9961-62f666dd8d2f" testListId="8c84fa94-04c1-424b-9868-57a2d4851a1d" />
    <TestEntry testId="d5e75387-5861-e45f-bd5e-55e1328985a3" executionId="27ca7194-b9ef-4b9b-8407-41f0d09a5b2b" testListId="8c84fa94-04c1-424b-9868-57a2d4851a1d" />
    <TestEntry testId="54646a39-c2a8-7dab-6bc2-8822d2e37c7a" executionId="e7939952-5586-477e-b610-f6d06c640f4d" testListId="8c84fa94-04c1-424b-9868-57a2d4851a1d" />
    <TestEntry testId="761e888f-aae6-3d89-0576-6d173465af03" executionId="b3f1535f-92f0-47e8-8ac7-c495d22a8515" testListId="8c84fa94-04c1-424b-9868-57a2d4851a1d" />
    <TestEntry testId="8d8b4499-7d5a-f585-2c5d-08a09dc2d28e" executionId="57737b01-5940-4c77-9854-49c56edd54f2" testListId="8c84fa94-04c1-424b-9868-57a2d4851a1d" />
    <TestEntry testId="9f8beda9-9478-ee60-1af4-cbd90177d26b" executionId="5f2e079f-ba47-4edc-a1ee-6153abfb3827" testListId="8c84fa94-04c1-424b-9868-57a2d4851a1d" />
    <TestEntry testId="0da80a08-ca3c-7829-f6f5-00c58a9eeb90" executionId="053b3a4f-2be0-4ad5-82c2-474d4972cbf2" testListId="8c84fa94-04c1-424b-9868-57a2d4851a1d" />
    <TestEntry testId="a238520c-0691-f91c-9bea-8ed5e0feceeb" executionId="91d3f359-9f3b-4b3b-9ebf-1c7391be142e" testListId="8c84fa94-04c1-424b-9868-57a2d4851a1d" />
    <TestEntry testId="17709349-ae15-d50f-ede0-4fa70e827d75" executionId="5248687e-0a05-4c57-ad72-978f84c7b801" testListId="8c84fa94-04c1-424b-9868-57a2d4851a1d" />
    <TestEntry testId="2bf46f67-6735-8fe7-01a5-c799708dd839" executionId="321afd29-7f78-434c-b383-4f29100dd337" testListId="8c84fa94-04c1-424b-9868-57a2d4851a1d" />
    <TestEntry testId="757e6f2c-7e74-d8a0-5a5a-005c55559bcc" executionId="d2de442d-fb22-48b2-8fad-63e4c0c60aeb" testListId="8c84fa94-04c1-424b-9868-57a2d4851a1d" />
    <TestEntry testId="3f7b061b-9bd8-be66-3398-f580790975a1" executionId="6cd14374-18bf-42bc-a905-cf168f15688f" testListId="8c84fa94-04c1-424b-9868-57a2d4851a1d" />
    <TestEntry testId="26c3acd7-4184-26e1-d7e3-91a6ca233acf" executionId="cfdb3a6d-8881-49cb-8325-28ae1a8be087" testListId="8c84fa94-04c1-424b-9868-57a2d4851a1d" />
    <TestEntry testId="b080ddbc-74ae-fb36-8466-9ecac9193025" executionId="98db8ef1-b063-4c61-8b0c-d624419a5093" testListId="8c84fa94-04c1-424b-9868-57a2d4851a1d" />
    <TestEntry testId="bdb990f7-f868-3321-b44d-97f49c3f2f2d" executionId="1954269e-aa68-4178-9bd6-8df84e4a715e" testListId="8c84fa94-04c1-424b-9868-57a2d4851a1d" />
    <TestEntry testId="7b78ffae-a6a9-ee3b-0943-f6470028f614" executionId="6690184d-ecda-4a1f-9531-0e5a2971bc65" testListId="8c84fa94-04c1-424b-9868-57a2d4851a1d" />
    <TestEntry testId="f84942d2-535b-3018-9a4e-000a5c0311ac" executionId="7cd39d3e-fd55-4ded-94a8-26385cc25fa1" testListId="8c84fa94-04c1-424b-9868-57a2d4851a1d" />
    <TestEntry testId="aadbf138-cb2d-aacd-56b6-6bc70de2458c" executionId="77729ddd-1067-4831-8bc2-b4501c20e4c0" testListId="8c84fa94-04c1-424b-9868-57a2d4851a1d" />
    <TestEntry testId="fe8c4e40-243c-dad9-951e-88123b66df02" executionId="5494b478-7ac2-4ea5-95aa-81aa14b7a60a" testListId="8c84fa94-04c1-424b-9868-57a2d4851a1d" />
    <TestEntry testId="70714372-dd45-00e7-5cd7-f28250e592ca" executionId="05dca0ed-9dbc-4578-90ca-b4479c7f1274" testListId="8c84fa94-04c1-424b-9868-57a2d4851a1d" />
    <TestEntry testId="033d4d5e-95f6-b1c3-e77b-5a087cc7f433" executionId="d93f0823-8f29-402f-8d9b-1a1632c08ad1" testListId="8c84fa94-04c1-424b-9868-57a2d4851a1d" />
    <TestEntry testId="16d57f1c-05ad-2682-d96a-76fdbc5ac200" executionId="79c757a9-adcd-4fb5-b601-1360fe0e36d0" testListId="8c84fa94-04c1-424b-9868-57a2d4851a1d" />
    <TestEntry testId="02dfa4b1-415b-f67b-9581-3ee214fdaf4e" executionId="9e0c405d-b426-4d57-b9d3-6429e43e0db2" testListId="8c84fa94-04c1-424b-9868-57a2d4851a1d" />
    <TestEntry testId="362568e4-a0ce-c0eb-049c-c36562ab7906" executionId="10acde6b-988f-4857-a8fc-be77c22e99e3" testListId="8c84fa94-04c1-424b-9868-57a2d4851a1d" />
    <TestEntry testId="c78949e1-1970-ebda-ab9c-731ba033e64a" executionId="059a44a6-9e7e-4f08-9178-785d057ac5a3" testListId="8c84fa94-04c1-424b-9868-57a2d4851a1d" />
    <TestEntry testId="513b1e89-dfec-3248-0fba-6472ac1fefd2" executionId="49fc6d2c-ebbf-4c58-9c31-76a767362490" testListId="8c84fa94-04c1-424b-9868-57a2d4851a1d" />
    <TestEntry testId="fadbdbac-e482-4c2f-a41c-8efb1b08e4bb" executionId="b567aa80-14c7-45cc-9a08-020fbff139f3" testListId="8c84fa94-04c1-424b-9868-57a2d4851a1d" />
    <TestEntry testId="fac61793-0a59-5f51-54da-13b08eaee73e" executionId="7c20cd1c-69ac-43cf-935f-b405d5726db5" testListId="8c84fa94-04c1-424b-9868-57a2d4851a1d" />
    <TestEntry testId="ee189b7f-b48c-e861-72bf-b7f28dd5cf0b" executionId="f246e9e5-f9c4-420a-b722-7af401c0ac81" testListId="8c84fa94-04c1-424b-9868-57a2d4851a1d" />
    <TestEntry testId="a8756cb4-2eb1-60b3-ac3c-344dbcb8eada" executionId="8357f986-8247-467f-a5cb-5268ab381e14" testListId="8c84fa94-04c1-424b-9868-57a2d4851a1d" />
    <TestEntry testId="907ea4bd-38f6-7f48-c9e6-1f394fd34443" executionId="b28d8033-88b2-4402-b1bf-af2259ea37fe" testListId="8c84fa94-04c1-424b-9868-57a2d4851a1d" />
    <TestEntry testId="6445d3d6-ffa3-2623-b9bf-ecec79bf0d48" executionId="04f61264-b041-43ab-aec1-655a158a6174" testListId="8c84fa94-04c1-424b-9868-57a2d4851a1d" />
    <TestEntry testId="a5540c0f-f1fa-9e7d-2b05-d2d2c90fc688" executionId="f1a24ca0-ad39-4146-82a4-244171b401cc" testListId="8c84fa94-04c1-424b-9868-57a2d4851a1d" />
    <TestEntry testId="af243bb7-2497-e4e2-f004-65289b8ac189" executionId="bfe0a3e5-ddf6-42f5-9030-f8900cfa1f83" testListId="8c84fa94-04c1-424b-9868-57a2d4851a1d" />
    <TestEntry testId="2a974fab-ba67-ce97-7c56-448e81324bfb" executionId="3e767d7f-b49c-4c17-8843-1abb1544a1ee" testListId="8c84fa94-04c1-424b-9868-57a2d4851a1d" />
    <TestEntry testId="852b3365-7284-16fe-f3df-952833d2b770" executionId="c0f60a73-9885-4c4a-8420-b4622aa1f9cc" testListId="8c84fa94-04c1-424b-9868-57a2d4851a1d" />
    <TestEntry testId="cfada09c-183a-4770-9bf9-ce63dabf4dcb" executionId="0a4c8c04-11ac-47c5-a64e-4d2fb6a29a79" testListId="8c84fa94-04c1-424b-9868-57a2d4851a1d" />
    <TestEntry testId="5d824b67-f14a-a3ef-6f6d-b5503b2915cc" executionId="b665e0d6-ad5e-48fe-aca2-02a9948bd6f3" testListId="8c84fa94-04c1-424b-9868-57a2d4851a1d" />
    <TestEntry testId="95ec9315-2124-92d2-df37-cd2df12d7f21" executionId="b6804f8e-d137-4aaf-940d-7fb4fc1e1e43" testListId="8c84fa94-04c1-424b-9868-57a2d4851a1d" />
    <TestEntry testId="753f3254-0639-2ca8-0747-eb1ca24362bb" executionId="ed981d2b-b98a-4c37-a86a-a87876a10902" testListId="8c84fa94-04c1-424b-9868-57a2d4851a1d" />
    <TestEntry testId="bc057fca-fb18-c66b-7400-9f93d27e65bd" executionId="f807679c-627c-48f1-9700-4ee9e1203388" testListId="8c84fa94-04c1-424b-9868-57a2d4851a1d" />
    <TestEntry testId="0ef1efdb-8db0-5aec-eb35-571c55712401" executionId="8e98f896-2eaf-4334-938c-c9a5f2a5af57" testListId="8c84fa94-04c1-424b-9868-57a2d4851a1d" />
    <TestEntry testId="185dbb4d-75ae-8bb0-5710-325836db379a" executionId="64ea498c-83be-4a18-924a-c0c84451fc1f" testListId="8c84fa94-04c1-424b-9868-57a2d4851a1d" />
    <TestEntry testId="5c6aca6c-7764-085c-17f7-a78d3193dc56" executionId="b51a3bd5-2246-4242-8de7-b31b55c8f796" testListId="8c84fa94-04c1-424b-9868-57a2d4851a1d" />
    <TestEntry testId="6540102f-53e3-717e-261b-01f05cff9c00" executionId="4efc7473-c7e1-4611-b33e-c52cb8772188" testListId="8c84fa94-04c1-424b-9868-57a2d4851a1d" />
    <TestEntry testId="d8820f6c-b583-54f8-a42b-8e0896c5d242" executionId="44e95d47-7c12-482f-abd6-05f61f58e0a6" testListId="8c84fa94-04c1-424b-9868-57a2d4851a1d" />
    <TestEntry testId="02b2ecf0-344b-f2d8-9989-75e3a6ad38f1" executionId="9b66027e-9ed8-4f0f-a78e-1f399604ba16" testListId="8c84fa94-04c1-424b-9868-57a2d4851a1d" />
    <TestEntry testId="e678aa05-b6ee-1d32-a4ac-844b80c01900" executionId="52d8963d-3a52-4e1f-aea4-beba47316aa1" testListId="8c84fa94-04c1-424b-9868-57a2d4851a1d" />
    <TestEntry testId="98e6239d-900e-ef9b-d147-c65df38299e5" executionId="ee41cdcd-3212-4058-81cd-cc77a554f412" testListId="8c84fa94-04c1-424b-9868-57a2d4851a1d" />
    <TestEntry testId="375da16e-ebee-ecc7-797b-929b41394d34" executionId="dfb58858-4b4e-43c5-aedc-284d2e44ae2e" testListId="8c84fa94-04c1-424b-9868-57a2d4851a1d" />
    <TestEntry testId="e9f10229-8baf-8511-aaf1-898413fde524" executionId="7db5c226-453d-4d61-a90b-d7a059f0830b" testListId="8c84fa94-04c1-424b-9868-57a2d4851a1d" />
    <TestEntry testId="dd87ee55-be86-4561-2c78-31eae9576adb" executionId="ec74bf94-7bf0-4a8b-af45-3ff3d8e6ce14" testListId="8c84fa94-04c1-424b-9868-57a2d4851a1d" />
    <TestEntry testId="baa2ee8d-7419-884e-fbda-a4096ed36542" executionId="561ce00c-2ecb-4b03-95cb-dec06c3c67e9" testListId="8c84fa94-04c1-424b-9868-57a2d4851a1d" />
    <TestEntry testId="b925c03c-3e11-1e83-cdd0-43a44262035e" executionId="3ea06201-e409-4222-8459-07e5efdb2513" testListId="8c84fa94-04c1-424b-9868-57a2d4851a1d" />
    <TestEntry testId="0a898da9-dffd-95c1-e7c6-9b21510a6c07" executionId="1fcb91b5-cd15-40c9-ad54-22c7c6ec3fe5" testListId="8c84fa94-04c1-424b-9868-57a2d4851a1d" />
    <TestEntry testId="4b0495f2-4b55-bc93-8a31-4245199393b9" executionId="797da90a-e5f1-4ac6-ad06-6874382d4fa9" testListId="8c84fa94-04c1-424b-9868-57a2d4851a1d" />
    <TestEntry testId="42ffd2ee-9394-da38-d190-db8c81cb9215" executionId="6dc4eaed-a26b-487a-99e0-16bc9c943e5b" testListId="8c84fa94-04c1-424b-9868-57a2d4851a1d" />
    <TestEntry testId="c91f2bb4-bfe2-3d5a-2d96-cf75d7c69cd6" executionId="58fb9b8f-1f01-4c83-bd16-64c045fdc2be" testListId="8c84fa94-04c1-424b-9868-57a2d4851a1d" />
    <TestEntry testId="7aff9321-daf7-b692-cf25-44ce506ab0ca" executionId="cea935b9-3d43-4bed-a5c2-e14327e8347c" testListId="8c84fa94-04c1-424b-9868-57a2d4851a1d" />
    <TestEntry testId="0b61410d-7c21-eb75-e03e-b626691120bc" executionId="a03e4d85-13b4-4f6d-bd59-3cfb07dbd006" testListId="8c84fa94-04c1-424b-9868-57a2d4851a1d" />
    <TestEntry testId="a60ad471-5145-4543-967b-f726d62bddba" executionId="51dc54c5-884f-4c3e-8506-5afc3015b189" testListId="8c84fa94-04c1-424b-9868-57a2d4851a1d" />
    <TestEntry testId="9ed569d3-b1bc-6948-f927-e67b03ca5920" executionId="a9bd83ca-dad1-4877-95b0-8026d6fce9be" testListId="8c84fa94-04c1-424b-9868-57a2d4851a1d" />
    <TestEntry testId="a3671b25-e736-7625-0c73-c0aba38c6de3" executionId="3767df91-3631-4806-9816-62d96ea396f9" testListId="8c84fa94-04c1-424b-9868-57a2d4851a1d" />
    <TestEntry testId="49800c27-39bc-20f4-fbcf-393ddfc11db8" executionId="09059336-2bba-4302-967d-f9f8667873a7" testListId="8c84fa94-04c1-424b-9868-57a2d4851a1d" />
    <TestEntry testId="473af683-fbb7-769a-d5dc-655d5c483f51" executionId="a6b08f90-02ae-408f-8286-d4244ffd25af" testListId="8c84fa94-04c1-424b-9868-57a2d4851a1d" />
    <TestEntry testId="8663a06c-e6d1-9c91-f350-300011ab6250" executionId="e86df4ab-f0b3-47ab-9f7c-22be856123d5" testListId="8c84fa94-04c1-424b-9868-57a2d4851a1d" />
    <TestEntry testId="bda75a14-e3da-e4ed-22ed-7b7f1b3c3dc7" executionId="77e543f2-afa6-4404-99ca-c6dd643f5427" testListId="8c84fa94-04c1-424b-9868-57a2d4851a1d" />
    <TestEntry testId="70673848-d263-54b7-60e9-b610268cc307" executionId="31901603-7f4a-45dc-8eaa-abea1a7f8fa7" testListId="8c84fa94-04c1-424b-9868-57a2d4851a1d" />
    <TestEntry testId="502b7805-573f-098c-a1ea-7183f9d6a96e" executionId="d70c6c02-941a-4c86-b267-92d091c06cc3" testListId="8c84fa94-04c1-424b-9868-57a2d4851a1d" />
    <TestEntry testId="a83e1891-87fa-9bd7-022f-4671d75b6092" executionId="566baf63-e58f-4280-8682-0ba6ed9b0f39" testListId="8c84fa94-04c1-424b-9868-57a2d4851a1d" />
    <TestEntry testId="fd8b3364-50f5-7130-781e-8e24e19fa407" executionId="e11a0fb3-438b-4277-93b5-07f60987b061" testListId="8c84fa94-04c1-424b-9868-57a2d4851a1d" />
    <TestEntry testId="8fac75ec-d821-801f-fb9e-0009c6ac0a62" executionId="f6abfa07-9a8c-41d5-a7db-360c2a660981" testListId="8c84fa94-04c1-424b-9868-57a2d4851a1d" />
    <TestEntry testId="56f1303c-bd77-d411-6f2f-5d70cb38dc56" executionId="70e79bb5-08e3-4ca2-89ea-2bcf6fbe4845" testListId="8c84fa94-04c1-424b-9868-57a2d4851a1d" />
    <TestEntry testId="b3d3b2e9-ab1d-fc48-4579-5f1be78ecdc1" executionId="53ea973c-4340-442e-aa56-bfe8ca6f6531" testListId="8c84fa94-04c1-424b-9868-57a2d4851a1d" />
  </TestEntries>
  <TestLists>
    <TestList name="Results Not in a List" id="8c84fa94-04c1-424b-9868-57a2d4851a1d" />
    <TestList name="All Loaded Results" id="19431567-8539-422a-85d7-44ee4e166bda" />
  </TestLists>
  <ResultSummary outcome="Completed">
    <Counters total="997" executed="997" passed="997" failed="0" error="0" timeout="0" aborted="0" inconclusive="0" passedButRunAborted="0" notRunnable="0" notExecuted="0" disconnected="0" warning="0" completed="0" inProgress="0" pending="0" />
    <Output>
      <StdOut>NUnit Adapter 4.5.0.0: Test execution started
Running all tests in /home/runner/work/typespec/typespec/packages/http-client-csharp/generator/artifacts/bin/Microsoft.TypeSpec.Generator.Tests/Debug/net8.0/Microsoft.TypeSpec.Generator.Tests.dll
   NUnit3TestExecutor discovered 997 of 997 NUnit test cases using Current Discovery mode, Non-Explicit run
NUnit Adapter 4.5.0.0: Test execution complete
</StdOut>
    </Output>
  </ResultSummary>
</TestRun>