<!--
 ~ Copyright (c) Microsoft Corporation. All rights reserved.
 ~ Licensed under the MIT License.
 ~ Code generated by Microsoft (R) AutoRest Code Generator.
 -->
<project xmlns="http://maven.apache.org/POM/4.0.0" xsi:schemaLocation="http://maven.apache.org/POM/4.0.0 http://maven.apache.org/xsd/maven-4.0.0.xsd" xmlns:xsi="http://www.w3.org/2001/XMLSchema-instance">
  <modelVersion>4.0.0</modelVersion>
  <parent>
    <groupId>com.azure</groupId>
    <artifactId>azure-client-sdk-parent</artifactId>
    <version>1.7.0</version> <!-- {x-version-update;com.azure:azure-client-sdk-parent;current} -->
    <relativePath>../../parents/azure-client-sdk-parent</relativePath>
  </parent>

  <groupId>com.azure.resourcemanager</groupId>
  <artifactId>azure-resourcemanager-databricks</artifactId>
  <version>1.0.0-beta.5</version> <!-- {x-version-update;com.azure.resourcemanager:azure-resourcemanager-databricks;current} -->
  <packaging>jar</packaging>

  <name>Microsoft Azure SDK for AzureDatabricks Management</name>
  <description>This package contains Microsoft Azure SDK for AzureDatabricks Management SDK. For documentation on how to use this package, please see https://aka.ms/azsdk/java/mgmt. The Microsoft Azure management APIs allow end users to operate on Azure Databricks Workspace / Access Connector resources. Package tag package-2023-05-01.</description>
  <url>https://github.com/Azure/azure-sdk-for-java</url>

  <licenses>
    <license>
      <name>The MIT License (MIT)</name>
      <url>http://opensource.org/licenses/MIT</url>
      <distribution>repo</distribution>
    </license>
  </licenses>

  <scm>
    <url>https://github.com/Azure/azure-sdk-for-java</url>
    <connection>scm:git:git@github.com:Azure/azure-sdk-for-java.git</connection>
    <developerConnection>scm:git:git@github.com:Azure/azure-sdk-for-java.git</developerConnection>
    <tag>HEAD</tag>
  </scm>
  <developers>
    <developer>
      <id>microsoft</id>
      <name>Microsoft</name>
    </developer>
  </developers>
  <properties>
    <project.build.sourceEncoding>UTF-8</project.build.sourceEncoding>
    <jacoco.min.linecoverage>0</jacoco.min.linecoverage>
    <jacoco.min.branchcoverage>0</jacoco.min.branchcoverage>
  </properties>
  <dependencies>
    <dependency>
      <groupId>com.azure</groupId>
      <artifactId>azure-core</artifactId>
      <version>1.52.0</version> <!-- {x-version-update;com.azure:azure-core;dependency} -->
    </dependency>
    <dependency>
      <groupId>com.azure</groupId>
      <artifactId>azure-core-management</artifactId>
      <version>1.15.3</version> <!-- {x-version-update;com.azure:azure-core-management;dependency} -->
    </dependency>
    <dependency>
      <groupId>com.azure</groupId>
      <artifactId>azure-core-test</artifactId>
      <version>1.27.0-beta.1</version> <!-- {x-version-update;com.azure:azure-core-test;dependency} -->
      <scope>test</scope>
      <exclusions>
        <exclusion>
          <groupId>com.azure</groupId>
          <artifactId>azure-core-http-jdk-httpclient</artifactId>
        </exclusion>
      </exclusions>
    </dependency>
    <dependency>
      <groupId>com.azure</groupId>
      <artifactId>azure-identity</artifactId>
      <version>1.13.3</version> <!-- {x-version-update;com.azure:azure-identity;dependency} -->
      <scope>test</scope>
    </dependency>
    <dependency>
      <groupId>org.mockito</groupId>
      <artifactId>mockito-core</artifactId>
      <version>4.11.0</version> <!-- {x-version-update;org.mockito:mockito-core;external_dependency} -->
      <scope>test</scope>
    </dependency>
    <!-- bytebuddy dependencies are required for mockito 4.11.0 to work with Java 21. Mockito 4.11.0 is the last release -->
    <!-- of Mockito supporting Java 8 as a baseline. -->
    <dependency>
      <groupId>net.bytebuddy</groupId>
      <artifactId>byte-buddy</artifactId>
      <version>1.14.12</version> <!-- {x-version-update;testdep_net.bytebuddy:byte-buddy;external_dependency} -->
      <scope>test</scope>
    </dependency>
    <dependency>
      <groupId>net.bytebuddy</groupId>
      <artifactId>byte-buddy-agent</artifactId>
      <version>1.14.12</version> <!-- {x-version-update;testdep_net.bytebuddy:byte-buddy-agent;external_dependency} -->
      <scope>test</scope>
    </dependency>
    <dependency>
      <groupId>com.azure.resourcemanager</groupId>
      <artifactId>azure-resourcemanager-resources</artifactId>
      <version>2.42.0</version> <!-- {x-version-update;com.azure.resourcemanager:azure-resourcemanager-resources;dependency} -->
      <scope>test</scope>
    </dependency>
  </dependencies>
</project>