<?xml version="1.0" encoding="utf-8"?>
<TestRun id="0376566e-b55d-46eb-a482-bcb308e56fba" name="@pkrvmxyh4eaekms 2025-06-24 21:13:27" xmlns="http://microsoft.com/schemas/VisualStudio/TeamTest/2010">
  <Times creation="2025-06-24T21:13:27.4879494+00:00" queuing="2025-06-24T21:13:27.4879495+00:00" start="2025-06-24T21:13:25.0732829+00:00" finish="2025-06-24T21:13:41.8860651+00:00" />
  <TestSettings name="default" id="0a83919b-ce9d-4d82-8e7f-a07bd29d37c2">
    <Deployment runDeploymentRoot="_pkrvmxyh4eaekms_2025-06-24_21_13_27" />
  </TestSettings>
  <Results>
    <UnitTestResult executionId="12c27509-3e6d-45f5-80d3-7bcf1597ff2d" testId="96b32ab3-1bef-b570-9a41-56c009665258" testName="ValidateAnonymousSingleLine" computerName="pkrvmxyh4eaekms" duration="00:00:00.0012520" startTime="2025-06-24T21:13:30.6881919+00:00" endTime="2025-06-24T21:13:30.6894440+00:00" testType="13cdc9d9-ddb5-4fa4-a97d-d965ccfc6d4b" outcome="Passed" testListId="8c84fa94-04c1-424b-9868-57a2d4851a1d" relativeResultsDirectory="12c27509-3e6d-45f5-80d3-7bcf1597ff2d" />
    <UnitTestResult executionId="b582bd74-037e-4d92-837b-e33f8cebb14c" testId="1e96bc18-78dc-e7bb-47d5-2a19920930e6" testName="DiscriminatorPropertyShouldBeInternal" computerName="pkrvmxyh4eaekms" duration="00:00:00.0012330" startTime="2025-06-24T21:13:35.7186534+00:00" endTime="2025-06-24T21:13:35.7198860+00:00" testType="13cdc9d9-ddb5-4fa4-a97d-d965ccfc6d4b" outcome="Passed" testListId="8c84fa94-04c1-424b-9868-57a2d4851a1d" relativeResultsDirectory="b582bd74-037e-4d92-837b-e33f8cebb14c" />
    <UnitTestResult executionId="d6baf5a2-df79-4d43-a62d-021e5c7a72de" testId="d9f1c952-724b-22d5-1cf2-9a9691b6ae3f" testName="HashCodesAreEqual(System.Int32)" computerName="pkrvmxyh4eaekms" duration="00:00:00.0004250" startTime="2025-06-24T21:13:31.9557967+00:00" endTime="2025-06-24T21:13:31.9562218+00:00" testType="13cdc9d9-ddb5-4fa4-a97d-d965ccfc6d4b" outcome="Passed" testListId="8c84fa94-04c1-424b-9868-57a2d4851a1d" relativeResultsDirectory="d6baf5a2-df79-4d43-a62d-021e5c7a72de" />
    <UnitTestResult executionId="329586f1-59e6-4ec6-90a7-69d8039403e8" testId="313f1625-01d4-1a17-c4a9-ba74446a7696" testName="CanCustomizeExtensibleEnumAccessibility" computerName="pkrvmxyh4eaekms" duration="00:00:00.1054060" startTime="2025-06-24T21:13:32.3667879+00:00" endTime="2025-06-24T21:13:32.4721931+00:00" testType="13cdc9d9-ddb5-4fa4-a97d-d965ccfc6d4b" outcome="Passed" testListId="8c84fa94-04c1-424b-9868-57a2d4851a1d" relativeResultsDirectory="329586f1-59e6-4ec6-90a7-69d8039403e8" />
    <UnitTestResult executionId="4a3a1d59-7f52-4698-90bb-b2c0c9f852e8" testId="689d3c83-8152-0cff-faf9-9f0f3389c334" testName="CanUpdatePropertyProvider" computerName="pkrvmxyh4eaekms" duration="00:00:00.0024710" startTime="2025-06-24T21:13:40.4761623+00:00" endTime="2025-06-24T21:13:40.4786332+00:00" testType="13cdc9d9-ddb5-4fa4-a97d-d965ccfc6d4b" outcome="Passed" testListId="8c84fa94-04c1-424b-9868-57a2d4851a1d" relativeResultsDirectory="4a3a1d59-7f52-4698-90bb-b2c0c9f852e8" />
    <UnitTestResult executionId="80aaa2d2-b395-4e84-9199-d8c9709d7e8b" testId="46dd2cf8-a790-10e4-882d-8d6a5b52f88d" testName="Equals(Microsoft.TypeSpec.Generator.Providers.ParameterProvider,Microsoft.TypeSpec.Generator.Providers.ParameterProvider,False)" computerName="pkrvmxyh4eaekms" duration="00:00:00.0000300" startTime="2025-06-24T21:13:40.4437156+00:00" endTime="2025-06-24T21:13:40.4437454+00:00" testType="13cdc9d9-ddb5-4fa4-a97d-d965ccfc6d4b" outcome="Passed" testListId="8c84fa94-04c1-424b-9868-57a2d4851a1d" relativeResultsDirectory="80aaa2d2-b395-4e84-9199-d8c9709d7e8b" />
    <UnitTestResult executionId="1eba90b8-24af-4ee7-b15a-78b839ccf4c9" testId="abf07fb5-5ca6-e6f4-25ba-9e3e6d7cf133" testName="SystemTypeOperatorTestEqual(System.Int32)" computerName="pkrvmxyh4eaekms" duration="00:00:00.0006350" startTime="2025-06-24T21:13:30.7191480+00:00" endTime="2025-06-24T21:13:30.7197832+00:00" testType="13cdc9d9-ddb5-4fa4-a97d-d965ccfc6d4b" outcome="Passed" testListId="8c84fa94-04c1-424b-9868-57a2d4851a1d" relativeResultsDirectory="1eba90b8-24af-4ee7-b15a-78b839ccf4c9" />
    <UnitTestResult executionId="c25de2b8-b204-429e-94ac-62e0d15fa075" testId="ef66b331-522b-1775-36e8-8860fe69cd8c" testName="FullyQualifiedName" computerName="pkrvmxyh4eaekms" duration="00:00:00.0005630" startTime="2025-06-24T21:13:31.9013350+00:00" endTime="2025-06-24T21:13:31.9018982+00:00" testType="13cdc9d9-ddb5-4fa4-a97d-d965ccfc6d4b" outcome="Passed" testListId="8c84fa94-04c1-424b-9868-57a2d4851a1d" relativeResultsDirectory="c25de2b8-b204-429e-94ac-62e0d15fa075" />
    <UnitTestResult executionId="d7afd311-3a28-44c2-b25a-1b99b5e55de2" testId="e9f10229-8baf-8511-aaf1-898413fde524" testName="TypesAreNotEqual(System.Tuple`1[T1],System.Tuple`2[T1,T2])" computerName="pkrvmxyh4eaekms" duration="00:00:00.0005509" startTime="2025-06-24T21:13:32.0148739+00:00" endTime="2025-06-24T21:13:32.0154243+00:00" testType="13cdc9d9-ddb5-4fa4-a97d-d965ccfc6d4b" outcome="Passed" testListId="8c84fa94-04c1-424b-9868-57a2d4851a1d" relativeResultsDirectory="d7afd311-3a28-44c2-b25a-1b99b5e55de2" />
    <UnitTestResult executionId="ef22105c-d864-4c75-ad42-577feb14e168" testId="4d4bf712-4670-0f1f-bf49-a2e97a29ef2e" testName="CorrectValidationIsAppliedToParameter(Url,False,None)" computerName="pkrvmxyh4eaekms" duration="00:00:00.0006759" startTime="2025-06-24T21:13:40.4423319+00:00" endTime="2025-06-24T21:13:40.4430073+00:00" testType="13cdc9d9-ddb5-4fa4-a97d-d965ccfc6d4b" outcome="Passed" testListId="8c84fa94-04c1-424b-9868-57a2d4851a1d" relativeResultsDirectory="ef22105c-d864-4c75-ad42-577feb14e168" />
    <UnitTestResult executionId="b77037bd-935e-43fb-b434-2907ed89487e" testId="87fb9c2d-22c3-717c-a03f-71d69a0c9974" testName="TestDownloadAndInstallPackage(False)" computerName="pkrvmxyh4eaekms" duration="00:00:00.0055600" startTime="2025-06-24T21:13:41.2015942+00:00" endTime="2025-06-24T21:13:41.2071543+00:00" testType="13cdc9d9-ddb5-4fa4-a97d-d965ccfc6d4b" outcome="Passed" testListId="8c84fa94-04c1-424b-9868-57a2d4851a1d" relativeResultsDirectory="b77037bd-935e-43fb-b434-2907ed89487e" />
    <UnitTestResult executionId="8c3a2fdb-ea2f-4c79-8ec0-5e2400f0518f" testId="2b2ec6d4-cf3e-4cc0-d6a8-69e39e2aebe3" testName="TestBuildProperties_ValidatePropertySetters(Microsoft.TypeSpec.Generator.Input.InputModelProperty,global::System.Collections.Generic.IDictionary&lt;string, string&gt;,True)" computerName="pkrvmxyh4eaekms" duration="00:00:00.0017070" startTime="2025-06-24T21:13:39.7435107+00:00" endTime="2025-06-24T21:13:39.7452171+00:00" testType="13cdc9d9-ddb5-4fa4-a97d-d965ccfc6d4b" outcome="Passed" testListId="8c84fa94-04c1-424b-9868-57a2d4851a1d" relativeResultsDirectory="8c3a2fdb-ea2f-4c79-8ec0-5e2400f0518f" />
    <UnitTestResult executionId="24572b1c-be45-40fb-aaeb-ea8a8359de64" testId="6c2b2dca-1f37-1c27-4806-c98da0869728" testName="ValidateFrameworkInstanceWithArguments" computerName="pkrvmxyh4eaekms" duration="00:00:00.0003390" startTime="2025-06-24T21:13:40.8237371+00:00" endTime="2025-06-24T21:13:40.8240766+00:00" testType="13cdc9d9-ddb5-4fa4-a97d-d965ccfc6d4b" outcome="Passed" testListId="8c84fa94-04c1-424b-9868-57a2d4851a1d" relativeResultsDirectory="24572b1c-be45-40fb-aaeb-ea8a8359de64" />
    <UnitTestResult executionId="782ef42a-5c3e-439f-9252-1ff22a817dfe" testId="0597e3c8-92de-759a-9177-026541f5e955" testName="TypesAreNotEqualWhenNullabilityIsDifferent(System.Collections.Generic.IList`1[System.Nullable`1[System.Int32]])" computerName="pkrvmxyh4eaekms" duration="00:00:00.0003560" startTime="2025-06-24T21:13:32.0203842+00:00" endTime="2025-06-24T21:13:32.0207402+00:00" testType="13cdc9d9-ddb5-4fa4-a97d-d965ccfc6d4b" outcome="Passed" testListId="8c84fa94-04c1-424b-9868-57a2d4851a1d" relativeResultsDirectory="782ef42a-5c3e-439f-9252-1ff22a817dfe" />
    <UnitTestResult executionId="120310a5-980f-4df0-aee7-af0b1feac8e6" testId="2e335e06-be84-eebd-8429-513bccec0e21" testName="BodyHasSetterValidation(&quot;nullableDictionaryOnInputModel&quot;,Microsoft.TypeSpec.Generator.Input.InputModelType,False,null)" computerName="pkrvmxyh4eaekms" duration="00:00:00.0006890" startTime="2025-06-24T21:13:40.4722442+00:00" endTime="2025-06-24T21:13:40.4729326+00:00" testType="13cdc9d9-ddb5-4fa4-a97d-d965ccfc6d4b" outcome="Passed" testListId="8c84fa94-04c1-424b-9868-57a2d4851a1d" relativeResultsDirectory="120310a5-980f-4df0-aee7-af0b1feac8e6" />
    <UnitTestResult executionId="98da94f0-bee4-40df-b56d-ed6dc1f7f674" testId="3bc81a66-af20-0c50-ba41-cb29d122696b" testName="TestIsCSharpKeyword(&quot;volatile&quot;,True)" computerName="pkrvmxyh4eaekms" duration="00:00:00.0003650" startTime="2025-06-24T21:13:41.2665710+00:00" endTime="2025-06-24T21:13:41.2669357+00:00" testType="13cdc9d9-ddb5-4fa4-a97d-d965ccfc6d4b" outcome="Passed" testListId="8c84fa94-04c1-424b-9868-57a2d4851a1d" relativeResultsDirectory="98da94f0-bee4-40df-b56d-ed6dc1f7f674" />
    <UnitTestResult executionId="ef81bed7-c987-4d30-9d4e-7acbcdeac30e" testId="316695fe-fe44-56ff-a574-62c66c41d5dc" testName="DoesNotVisitFieldsWhenTypeIsNulledOut" computerName="pkrvmxyh4eaekms" duration="00:00:00.0052820" startTime="2025-06-24T21:13:31.6865141+00:00" endTime="2025-06-24T21:13:31.6917953+00:00" testType="13cdc9d9-ddb5-4fa4-a97d-d965ccfc6d4b" outcome="Passed" testListId="8c84fa94-04c1-424b-9868-57a2d4851a1d" relativeResultsDirectory="ef81bed7-c987-4d30-9d4e-7acbcdeac30e" />
    <UnitTestResult executionId="e10c2ee0-a5eb-49be-9c2e-b37a56cb79ee" testId="076a8002-6416-8c57-eb7c-5d7cc84b56ad" testName="Write_Override" computerName="pkrvmxyh4eaekms" duration="00:00:00.0029680" startTime="2025-06-24T21:13:41.6007099+00:00" endTime="2025-06-24T21:13:41.6036774+00:00" testType="13cdc9d9-ddb5-4fa4-a97d-d965ccfc6d4b" outcome="Passed" testListId="8c84fa94-04c1-424b-9868-57a2d4851a1d" relativeResultsDirectory="e10c2ee0-a5eb-49be-9c2e-b37a56cb79ee" />
    <UnitTestResult executionId="e76cd2d0-9c28-446e-96f1-24266b95c1e8" testId="26c3acd7-4184-26e1-d7e3-91a6ca233acf" testName="TestIsCSharpKeyword(&quot;public&quot;,True)" computerName="pkrvmxyh4eaekms" duration="00:00:00.0006570" startTime="2025-06-24T21:13:41.2439176+00:00" endTime="2025-06-24T21:13:41.2445742+00:00" testType="13cdc9d9-ddb5-4fa4-a97d-d965ccfc6d4b" outcome="Passed" testListId="8c84fa94-04c1-424b-9868-57a2d4851a1d" relativeResultsDirectory="e76cd2d0-9c28-446e-96f1-24266b95c1e8" />
    <UnitTestResult executionId="41edb78a-e95f-4952-b12c-19240d09938e" testId="473af683-fbb7-769a-d5dc-655d5c483f51" testName="SystemTypeOperatorTestEqual(System.Collections.Generic.IDictionary`2[TKey,TValue])" computerName="pkrvmxyh4eaekms" duration="00:00:00.0002940" startTime="2025-06-24T21:13:30.7255883+00:00" endTime="2025-06-24T21:13:30.7258823+00:00" testType="13cdc9d9-ddb5-4fa4-a97d-d965ccfc6d4b" outcome="Passed" testListId="8c84fa94-04c1-424b-9868-57a2d4851a1d" relativeResultsDirectory="41edb78a-e95f-4952-b12c-19240d09938e" />
    <UnitTestResult executionId="8028da8a-bcd3-427f-b5da-b3a460ae251f" testId="c88dfe59-8fc6-b7b3-cd91-beff1d32ec9e" testName="TestIsCSharpKeyword(&quot;else&quot;,True)" computerName="pkrvmxyh4eaekms" duration="00:00:00.0003869" startTime="2025-06-24T21:13:41.2254259+00:00" endTime="2025-06-24T21:13:41.2258125+00:00" testType="13cdc9d9-ddb5-4fa4-a97d-d965ccfc6d4b" outcome="Passed" testListId="8c84fa94-04c1-424b-9868-57a2d4851a1d" relativeResultsDirectory="8028da8a-bcd3-427f-b5da-b3a460ae251f" />
    <UnitTestResult executionId="e17ae180-ec03-41a1-ac25-04a163d3181b" testId="8aade108-d007-6038-7bea-48f8a2d9146b" testName="IntSerializationFormat(UInt16,&quot;string&quot;)" computerName="pkrvmxyh4eaekms" duration="00:00:00.0005790" startTime="2025-06-24T21:13:41.1338558+00:00" endTime="2025-06-24T21:13:41.1344351+00:00" testType="13cdc9d9-ddb5-4fa4-a97d-d965ccfc6d4b" outcome="Passed" testListId="8c84fa94-04c1-424b-9868-57a2d4851a1d" relativeResultsDirectory="e17ae180-ec03-41a1-ac25-04a163d3181b" />
    <UnitTestResult executionId="2f075a50-ff91-4e2f-a203-3abdbf787055" testId="fd6ac72c-2559-1f43-5efd-6333eb448135" testName="PreVisitsEnum" computerName="pkrvmxyh4eaekms" duration="00:00:00.0180000" startTime="2025-06-24T21:13:31.6182696+00:00" endTime="2025-06-24T21:13:31.6362690+00:00" testType="13cdc9d9-ddb5-4fa4-a97d-d965ccfc6d4b" outcome="Passed" testListId="8c84fa94-04c1-424b-9868-57a2d4851a1d" relativeResultsDirectory="2f075a50-ff91-4e2f-a203-3abdbf787055" />
    <UnitTestResult executionId="3a95299c-f112-4fa1-91b3-2dc893129a0d" testId="86bafbda-1d9a-b11b-f929-7fdf29a2579b" testName="TestIsCSharpKeyword(&quot;out&quot;,True)" computerName="pkrvmxyh4eaekms" duration="00:00:00.0004510" startTime="2025-06-24T21:13:41.2401448+00:00" endTime="2025-06-24T21:13:41.2405959+00:00" testType="13cdc9d9-ddb5-4fa4-a97d-d965ccfc6d4b" outcome="Passed" testListId="8c84fa94-04c1-424b-9868-57a2d4851a1d" relativeResultsDirectory="3a95299c-f112-4fa1-91b3-2dc893129a0d" />
    <UnitTestResult executionId="208296fa-a21a-4c53-95a5-5903fad49c18" testId="882c8151-bb71-0704-8aa3-5cc3b6900c69" testName="UseNewInstanceExpression" computerName="pkrvmxyh4eaekms" duration="00:00:00.0028639" startTime="2025-06-24T21:13:30.6833724+00:00" endTime="2025-06-24T21:13:30.6862364+00:00" testType="13cdc9d9-ddb5-4fa4-a97d-d965ccfc6d4b" outcome="Passed" testListId="8c84fa94-04c1-424b-9868-57a2d4851a1d" relativeResultsDirectory="208296fa-a21a-4c53-95a5-5903fad49c18" />
    <UnitTestResult executionId="c1fb6620-ff7d-4c67-a3d9-b379ba186c9a" testId="8eb8d35e-824b-7a2f-1ee3-affba1ece6ab" testName="TryStatementWithMultipleLineBody" computerName="pkrvmxyh4eaekms" duration="00:00:00.0002990" startTime="2025-06-24T21:13:41.0785829+00:00" endTime="2025-06-24T21:13:41.0788822+00:00" testType="13cdc9d9-ddb5-4fa4-a97d-d965ccfc6d4b" outcome="Passed" testListId="8c84fa94-04c1-424b-9868-57a2d4851a1d" relativeResultsDirectory="c1fb6620-ff7d-4c67-a3d9-b379ba186c9a" />
    <UnitTestResult executionId="31797ce2-6359-403a-8fa9-6010bf2a1a22" testId="3ff88c0d-3eff-1706-3dde-1df6a72189c7" testName="ValidateGetFormattableStringFormatParts(&quot;This {0} has literal {{ and }} in the middle&quot;,[Part { Value = This , IsLiteral = True, ArgumentIndex = -1 }, Part { Value = 0, IsLiteral = False, ArgumentIndex = 0 }, Part { Value =  has literal {, IsLiteral = True, ArgumentIndex = -1 }, Part { Value =  and }, IsLiteral = True, ArgumentIndex = -1 }, Part { Value =  in the middle, IsLiteral = True, ArgumentIndex = -1 }])" computerName="pkrvmxyh4eaekms" duration="00:00:00.0004550" startTime="2025-06-24T21:13:41.2812362+00:00" endTime="2025-06-24T21:13:41.2816915+00:00" testType="13cdc9d9-ddb5-4fa4-a97d-d965ccfc6d4b" outcome="Passed" testListId="8c84fa94-04c1-424b-9868-57a2d4851a1d" relativeResultsDirectory="31797ce2-6359-403a-8fa9-6010bf2a1a22" />
    <UnitTestResult executionId="10275063-312b-45b1-a873-0ec9281ed442" testId="54f4c0fb-569b-b0d0-4603-50fa3a676bc1" testName="AttributeStatementWithOneArgument" computerName="pkrvmxyh4eaekms" duration="00:00:00.0005940" startTime="2025-06-24T21:13:41.0492129+00:00" endTime="2025-06-24T21:13:41.0498072+00:00" testType="13cdc9d9-ddb5-4fa4-a97d-d965ccfc6d4b" outcome="Passed" testListId="8c84fa94-04c1-424b-9868-57a2d4851a1d" relativeResultsDirectory="10275063-312b-45b1-a873-0ec9281ed442" />
    <UnitTestResult executionId="96c7d3ca-d912-498d-9e26-8949e8d19b28" testId="27c997a8-1c3d-3fbf-ae32-afe57f16f961" testName="CanUpdateExpressionStatement" computerName="pkrvmxyh4eaekms" duration="00:00:00.0011050" startTime="2025-06-24T21:13:30.5907723+00:00" endTime="2025-06-24T21:13:30.5918775+00:00" testType="13cdc9d9-ddb5-4fa4-a97d-d965ccfc6d4b" outcome="Passed" testListId="8c84fa94-04c1-424b-9868-57a2d4851a1d" relativeResultsDirectory="96c7d3ca-d912-498d-9e26-8949e8d19b28" />
    <UnitTestResult executionId="395f55cf-8197-4ea3-9e26-0844b720ae88" testId="dd4f2c85-e2a6-e051-43ff-048d83edd353" testName="TestIsCSharpKeyword(&quot;ascending&quot;,True)" computerName="pkrvmxyh4eaekms" duration="00:00:00.0004450" startTime="2025-06-24T21:13:41.2161606+00:00" endTime="2025-06-24T21:13:41.2166057+00:00" testType="13cdc9d9-ddb5-4fa4-a97d-d965ccfc6d4b" outcome="Passed" testListId="8c84fa94-04c1-424b-9868-57a2d4851a1d" relativeResultsDirectory="395f55cf-8197-4ea3-9e26-0844b720ae88" />
    <UnitTestResult executionId="1dda1996-18f4-4d52-bdae-0f077e7070aa" testId="c4571099-984e-0746-0f58-01c6262b858c" testName="UnaryOperatorStatementWithValidExpression" computerName="pkrvmxyh4eaekms" duration="00:00:00.0003120" startTime="2025-06-24T21:13:30.7098152+00:00" endTime="2025-06-24T21:13:30.7101274+00:00" testType="13cdc9d9-ddb5-4fa4-a97d-d965ccfc6d4b" outcome="Passed" testListId="8c84fa94-04c1-424b-9868-57a2d4851a1d" relativeResultsDirectory="1dda1996-18f4-4d52-bdae-0f077e7070aa" />
    <UnitTestResult executionId="2554e504-f590-4ebf-bbbe-f7011bd4ddf3" testId="f612166a-4245-7d44-9b6c-42070a4d1ea1" testName="IsReadOnlyMemory(System.Int32,False)" computerName="pkrvmxyh4eaekms" duration="00:00:00.0002430" startTime="2025-06-24T21:13:31.9820518+00:00" endTime="2025-06-24T21:13:31.9822947+00:00" testType="13cdc9d9-ddb5-4fa4-a97d-d965ccfc6d4b" outcome="Passed" testListId="8c84fa94-04c1-424b-9868-57a2d4851a1d" relativeResultsDirectory="2554e504-f590-4ebf-bbbe-f7011bd4ddf3" />
    <UnitTestResult executionId="c07db298-c4cd-4688-9e7a-ca51bac9285d" testId="be24d1a3-e710-9b19-9ace-6dda9699adb5" testName="IfStatementInlineOptionTrue" computerName="pkrvmxyh4eaekms" duration="00:00:00.0001800" startTime="2025-06-24T21:13:41.0581648+00:00" endTime="2025-06-24T21:13:41.0583446+00:00" testType="13cdc9d9-ddb5-4fa4-a97d-d965ccfc6d4b" outcome="Passed" testListId="8c84fa94-04c1-424b-9868-57a2d4851a1d" relativeResultsDirectory="c07db298-c4cd-4688-9e7a-ca51bac9285d" />
    <UnitTestResult executionId="7cc2c3d0-ca3d-46c6-988b-8679c4f82456" testId="0b61410d-7c21-eb75-e03e-b626691120bc" testName="ValidatePropertyTypes(Microsoft.TypeSpec.Generator.Tests.Providers.NamedTypeSymbolProviders.NamedTypeSymbolProviderTests+SomeEnum,True)" computerName="pkrvmxyh4eaekms" duration="00:00:00.0132450" startTime="2025-06-24T21:13:40.2686952+00:00" endTime="2025-06-24T21:13:40.2819388+00:00" testType="13cdc9d9-ddb5-4fa4-a97d-d965ccfc6d4b" outcome="Passed" testListId="8c84fa94-04c1-424b-9868-57a2d4851a1d" relativeResultsDirectory="7cc2c3d0-ca3d-46c6-988b-8679c4f82456" />
    <UnitTestResult executionId="252995b6-0b2e-4635-a729-f854904810ac" testId="8406b15f-417e-0deb-cb89-8f582c80cc41" testName="BinaryOperatorExpressionWithAndOperator" computerName="pkrvmxyh4eaekms" duration="00:00:00.0003940" startTime="2025-06-24T21:13:30.5968430+00:00" endTime="2025-06-24T21:13:30.5972374+00:00" testType="13cdc9d9-ddb5-4fa4-a97d-d965ccfc6d4b" outcome="Passed" testListId="8c84fa94-04c1-424b-9868-57a2d4851a1d" relativeResultsDirectory="252995b6-0b2e-4635-a729-f854904810ac" />
    <UnitTestResult executionId="079fa84d-4bb7-4ea4-addb-d10cc8925ba1" testId="d61833da-4157-f98d-9798-aa46af98fdca" testName="DictionaryExpression(System.Collections.Generic.IDictionary`2[System.Int32,System.String],System.Collections.Generic.Dictionary`2[System.Int32,System.String])" computerName="pkrvmxyh4eaekms" duration="00:00:00.0006140" startTime="2025-06-24T21:13:30.6408701+00:00" endTime="2025-06-24T21:13:30.6414840+00:00" testType="13cdc9d9-ddb5-4fa4-a97d-d965ccfc6d4b" outcome="Passed" testListId="8c84fa94-04c1-424b-9868-57a2d4851a1d" relativeResultsDirectory="079fa84d-4bb7-4ea4-addb-d10cc8925ba1" />
    <UnitTestResult executionId="a10b7d26-4588-4e5d-acbc-016bc964dd6f" testId="5faa7576-5bd9-c01f-8a77-6447b82cf9b2" testName="BinaryOperatorExpressionWithOrOperator" computerName="pkrvmxyh4eaekms" duration="00:00:00.0005800" startTime="2025-06-24T21:13:30.6223408+00:00" endTime="2025-06-24T21:13:30.6229212+00:00" testType="13cdc9d9-ddb5-4fa4-a97d-d965ccfc6d4b" outcome="Passed" testListId="8c84fa94-04c1-424b-9868-57a2d4851a1d" relativeResultsDirectory="a10b7d26-4588-4e5d-acbc-016bc964dd6f" />
    <UnitTestResult executionId="a9c07d0c-e046-4310-87fa-845fe7e8a83d" testId="4463e422-b5d5-04bb-3b26-1b04e0f08860" testName="DisableDocsForField" computerName="pkrvmxyh4eaekms" duration="00:00:00.0352320" startTime="2025-06-24T21:13:27.3493517+00:00" endTime="2025-06-24T21:13:27.3845831+00:00" testType="13cdc9d9-ddb5-4fa4-a97d-d965ccfc6d4b" outcome="Passed" testListId="8c84fa94-04c1-424b-9868-57a2d4851a1d" relativeResultsDirectory="a9c07d0c-e046-4310-87fa-845fe7e8a83d" />
    <UnitTestResult executionId="cc8185b6-8087-46fd-8614-9d813395abb2" testId="6612c975-b994-d74a-f726-d19195d3a56a" testName="SystemTypeOperatorTestEqual(System.Collections.Generic.IDictionary`2[System.String,System.Int32])" computerName="pkrvmxyh4eaekms" duration="00:00:00.0002540" startTime="2025-06-24T21:13:30.7276934+00:00" endTime="2025-06-24T21:13:30.7279472+00:00" testType="13cdc9d9-ddb5-4fa4-a97d-d965ccfc6d4b" outcome="Passed" testListId="8c84fa94-04c1-424b-9868-57a2d4851a1d" relativeResultsDirectory="cc8185b6-8087-46fd-8614-9d813395abb2" />
    <UnitTestResult executionId="40d48bd5-29c4-4857-9235-c489558dc34c" testId="197b1472-f12b-518d-0951-8d2db78ad7ca" testName="NotEqualToFrameworkType(System.Collections.Generic.IList`1[System.Int32],System.Int32)" computerName="pkrvmxyh4eaekms" duration="00:00:00.0003850" startTime="2025-06-24T21:13:31.9902721+00:00" endTime="2025-06-24T21:13:31.9906569+00:00" testType="13cdc9d9-ddb5-4fa4-a97d-d965ccfc6d4b" outcome="Passed" testListId="8c84fa94-04c1-424b-9868-57a2d4851a1d" relativeResultsDirectory="40d48bd5-29c4-4857-9235-c489558dc34c" />
    <UnitTestResult executionId="3f759da0-101f-43c5-9766-e731510bc4dd" testId="46dd2cf8-a790-10e4-882d-8d6a5b52f88d" testName="Equals(Microsoft.TypeSpec.Generator.Providers.ParameterProvider,Microsoft.TypeSpec.Generator.Providers.ParameterProvider,False)" computerName="pkrvmxyh4eaekms" duration="00:00:00.0000290" startTime="2025-06-24T21:13:40.4437541+00:00" endTime="2025-06-24T21:13:40.4437828+00:00" testType="13cdc9d9-ddb5-4fa4-a97d-d965ccfc6d4b" outcome="Passed" testListId="8c84fa94-04c1-424b-9868-57a2d4851a1d" relativeResultsDirectory="3f759da0-101f-43c5-9766-e731510bc4dd" />
    <UnitTestResult executionId="e12b7632-d6b6-4959-a517-f0ac872ddc19" testId="57d1c2f3-42b7-0db1-6c7b-0c5a18b24b77" testName="SelectGeneratorAppliesAllPlugins" computerName="pkrvmxyh4eaekms" duration="00:00:00.0174320" startTime="2025-06-24T21:13:40.9032729+00:00" endTime="2025-06-24T21:13:40.9207041+00:00" testType="13cdc9d9-ddb5-4fa4-a97d-d965ccfc6d4b" outcome="Passed" testListId="8c84fa94-04c1-424b-9868-57a2d4851a1d" relativeResultsDirectory="e12b7632-d6b6-4959-a517-f0ac872ddc19" />
    <UnitTestResult executionId="409a589d-c286-4ef4-9b28-e05236d5b8c5" testId="c8329772-cb20-c52c-c174-fe72a0244e74" testName="TypesAreNotEqualWhenNullabilityIsDifferent(System.Collections.Generic.IDictionary`2[System.String,System.String])" computerName="pkrvmxyh4eaekms" duration="00:00:00.0003570" startTime="2025-06-24T21:13:32.0216000+00:00" endTime="2025-06-24T21:13:32.0219569+00:00" testType="13cdc9d9-ddb5-4fa4-a97d-d965ccfc6d4b" outcome="Passed" testListId="8c84fa94-04c1-424b-9868-57a2d4851a1d" relativeResultsDirectory="409a589d-c286-4ef4-9b28-e05236d5b8c5" />
    <UnitTestResult executionId="c80fa629-95bf-4d63-9850-752a1ac04570" testId="07831204-b898-6007-d61d-e5d965a368fb" testName="CacheFrameworkTypes" computerName="pkrvmxyh4eaekms" duration="00:00:00.0003270" startTime="2025-06-24T21:13:31.8985858+00:00" endTime="2025-06-24T21:13:31.8989125+00:00" testType="13cdc9d9-ddb5-4fa4-a97d-d965ccfc6d4b" outcome="Passed" testListId="8c84fa94-04c1-424b-9868-57a2d4851a1d" relativeResultsDirectory="c80fa629-95bf-4d63-9850-752a1ac04570" />
    <UnitTestResult executionId="64a9ee5b-2f9f-4f61-a3f2-f01ad55d1ba1" testId="e0067154-4a91-34dc-2b59-0dc5f5ca0f7e" testName="ListExpression(System.Collections.Generic.IDictionary`2[TKey,TValue])" computerName="pkrvmxyh4eaekms" duration="00:00:00.0002860" startTime="2025-06-24T21:13:30.6769731+00:00" endTime="2025-06-24T21:13:30.6772594+00:00" testType="13cdc9d9-ddb5-4fa4-a97d-d965ccfc6d4b" outcome="Passed" testListId="8c84fa94-04c1-424b-9868-57a2d4851a1d" relativeResultsDirectory="64a9ee5b-2f9f-4f61-a3f2-f01ad55d1ba1" />
    <UnitTestResult executionId="f13cc204-62f6-466b-b97e-2cf9ae8041db" testId="753f3254-0639-2ca8-0747-eb1ca24362bb" testName="TypesAreEqualForGenericTypes(System.Collections.Generic.IReadOnlyDictionary`2[TKey,TValue],[System.String, System.Int32])" computerName="pkrvmxyh4eaekms" duration="00:00:00.0002620" startTime="2025-06-24T21:13:32.0087579+00:00" endTime="2025-06-24T21:13:32.0090197+00:00" testType="13cdc9d9-ddb5-4fa4-a97d-d965ccfc6d4b" outcome="Passed" testListId="8c84fa94-04c1-424b-9868-57a2d4851a1d" relativeResultsDirectory="f13cc204-62f6-466b-b97e-2cf9ae8041db" />
    <UnitTestResult executionId="3b0aad33-a2c3-4ff5-8f55-88ecf007f49f" testId="27b269da-c72b-75a0-be64-578adcdac447" testName="IsCollectionType(System.Collections.Generic.IEnumerable`1[T],True)" computerName="pkrvmxyh4eaekms" duration="00:00:00.0002370" startTime="2025-06-24T21:13:31.9746387+00:00" endTime="2025-06-24T21:13:31.9748755+00:00" testType="13cdc9d9-ddb5-4fa4-a97d-d965ccfc6d4b" outcome="Passed" testListId="8c84fa94-04c1-424b-9868-57a2d4851a1d" relativeResultsDirectory="3b0aad33-a2c3-4ff5-8f55-88ecf007f49f" />
    <UnitTestResult executionId="df0e61bc-b742-4c80-b13c-5ff103f9981d" testId="1a86996e-43b2-eaea-70a8-80ee5eba7cee" testName="BuildPropertyDescription(Microsoft.TypeSpec.Generator.Input.InputModelProperty,string)" computerName="pkrvmxyh4eaekms" duration="00:00:00.0000590" startTime="2025-06-24T21:13:40.4540844+00:00" endTime="2025-06-24T21:13:40.4541436+00:00" testType="13cdc9d9-ddb5-4fa4-a97d-d965ccfc6d4b" outcome="Passed" testListId="8c84fa94-04c1-424b-9868-57a2d4851a1d" relativeResultsDirectory="df0e61bc-b742-4c80-b13c-5ff103f9981d" />
    <UnitTestResult executionId="6cde796d-843c-4c82-87dc-9ec8725dd030" testId="10919949-7cd9-7d31-a3b9-aca500ef147a" testName="IsReadOnlyList(System.Collections.Generic.IList`1[T],False)" computerName="pkrvmxyh4eaekms" duration="00:00:00.0001360" startTime="2025-06-24T21:13:31.9818612+00:00" endTime="2025-06-24T21:13:31.9819974+00:00" testType="13cdc9d9-ddb5-4fa4-a97d-d965ccfc6d4b" outcome="Passed" testListId="8c84fa94-04c1-424b-9868-57a2d4851a1d" relativeResultsDirectory="6cde796d-843c-4c82-87dc-9ec8725dd030" />
    <UnitTestResult executionId="770c21e5-2aff-46d3-a626-0f168efdf9ad" testId="94cbbdc2-b821-63bc-f296-3e04f8e03274" testName="VisitMethodToRenameParameterName" computerName="pkrvmxyh4eaekms" duration="00:00:00.0021630" startTime="2025-06-24T21:13:31.6961792+00:00" endTime="2025-06-24T21:13:31.6983420+00:00" testType="13cdc9d9-ddb5-4fa4-a97d-d965ccfc6d4b" outcome="Passed" testListId="8c84fa94-04c1-424b-9868-57a2d4851a1d" relativeResultsDirectory="770c21e5-2aff-46d3-a626-0f168efdf9ad" />
    <UnitTestResult executionId="f17c0c20-3fab-4163-b6b7-a7bea8b7d4bb" testId="1ec71f08-8756-efd1-0447-6483a5a189fe" testName="ListExpression(System.Collections.Generic.IDictionary`2[System.Int32,System.Int32])" computerName="pkrvmxyh4eaekms" duration="00:00:00.0002820" startTime="2025-06-24T21:13:30.6772766+00:00" endTime="2025-06-24T21:13:30.6775584+00:00" testType="13cdc9d9-ddb5-4fa4-a97d-d965ccfc6d4b" outcome="Passed" testListId="8c84fa94-04c1-424b-9868-57a2d4851a1d" relativeResultsDirectory="f17c0c20-3fab-4163-b6b7-a7bea8b7d4bb" />
    <UnitTestResult executionId="a513f988-6b9d-4792-870f-23462e6419b3" testId="089e7413-e8ec-1975-7958-928c9e66b647" testName="ModelWithCustomExtensibleEnumDiscriminator" computerName="pkrvmxyh4eaekms" duration="00:00:00.1133290" startTime="2025-06-24T21:13:35.7199169+00:00" endTime="2025-06-24T21:13:35.8332452+00:00" testType="13cdc9d9-ddb5-4fa4-a97d-d965ccfc6d4b" outcome="Passed" testListId="8c84fa94-04c1-424b-9868-57a2d4851a1d" relativeResultsDirectory="a513f988-6b9d-4792-870f-23462e6419b3" />
    <UnitTestResult executionId="e43de1e4-e6d2-4e6d-bec7-eb89334bdfc9" testId="dc269f56-e8f1-7215-de57-f294735827ca" testName="VisitsProperties" computerName="pkrvmxyh4eaekms" duration="00:00:00.0013290" startTime="2025-06-24T21:13:31.7034706+00:00" endTime="2025-06-24T21:13:31.7047998+00:00" testType="13cdc9d9-ddb5-4fa4-a97d-d965ccfc6d4b" outcome="Passed" testListId="8c84fa94-04c1-424b-9868-57a2d4851a1d" relativeResultsDirectory="e43de1e4-e6d2-4e6d-bec7-eb89334bdfc9" />
    <UnitTestResult executionId="d57b861a-7549-4b97-a73f-0cd9de099cb9" testId="8a650ea1-7058-18c5-0dfb-0417c818b122" testName="DictionaryExpression(System.Collections.Generic.IDictionary`2[System.Collections.Generic.IDictionary`2[System.Int32,System.String],System.Collections.Generic.IDictionary`2[System.String,System.Int32]],System.Collections.Generic.IDictionary`2[System.Collections.Generic.IDictionary`2[System.String,System.Int32],System.Collections.Generic.IDictionary`2[System.String,System.Int32]])" computerName="pkrvmxyh4eaekms" duration="00:00:00.0006400" startTime="2025-06-24T21:13:30.6428674+00:00" endTime="2025-06-24T21:13:30.6435071+00:00" testType="13cdc9d9-ddb5-4fa4-a97d-d965ccfc6d4b" outcome="Passed" testListId="8c84fa94-04c1-424b-9868-57a2d4851a1d" relativeResultsDirectory="d57b861a-7549-4b97-a73f-0cd9de099cb9" />
    <UnitTestResult executionId="8b248a66-da33-4778-889a-586e12c426b0" testId="cfd0af04-f3dc-0a74-1e9d-e96e41c6efc6" testName="TestIsCSharpKeyword(&quot;unmanaged&quot;,True)" computerName="pkrvmxyh4eaekms" duration="00:00:00.0003720" startTime="2025-06-24T21:13:41.2636842+00:00" endTime="2025-06-24T21:13:41.2640564+00:00" testType="13cdc9d9-ddb5-4fa4-a97d-d965ccfc6d4b" outcome="Passed" testListId="8c84fa94-04c1-424b-9868-57a2d4851a1d" relativeResultsDirectory="8b248a66-da33-4778-889a-586e12c426b0" />
    <UnitTestResult executionId="e1d1c893-bdee-4a87-ab5a-2df83acfc7b6" testId="d9c3ce3b-8702-a133-592b-969dbdd99e09" testName="TestBuildProperties_ValidateInheritHierarchyWithOverride" computerName="pkrvmxyh4eaekms" duration="00:00:00.0020690" startTime="2025-06-24T21:13:39.7334957+00:00" endTime="2025-06-24T21:13:39.7355647+00:00" testType="13cdc9d9-ddb5-4fa4-a97d-d965ccfc6d4b" outcome="Passed" testListId="8c84fa94-04c1-424b-9868-57a2d4851a1d" relativeResultsDirectory="e1d1c893-bdee-4a87-ab5a-2df83acfc7b6" />
    <UnitTestResult executionId="97c7413f-1987-44e4-8746-4e4bdd78e00f" testId="928f080a-2ca5-1016-2506-1535fb3977cd" testName="DiscriminatorEnumParamShape" computerName="pkrvmxyh4eaekms" duration="00:00:00.0038090" startTime="2025-06-24T21:13:34.4375266+00:00" endTime="2025-06-24T21:13:34.4413359+00:00" testType="13cdc9d9-ddb5-4fa4-a97d-d965ccfc6d4b" outcome="Passed" testListId="8c84fa94-04c1-424b-9868-57a2d4851a1d" relativeResultsDirectory="97c7413f-1987-44e4-8746-4e4bdd78e00f" />
    <UnitTestResult executionId="9f1d1aad-32ba-430a-a2f0-2815234eb3f1" testId="79f04eff-f207-05e6-57f3-7e80f6692a74" testName="CanRemoveMethods" computerName="pkrvmxyh4eaekms" duration="00:00:00.1742640" startTime="2025-06-24T21:13:34.8638085+00:00" endTime="2025-06-24T21:13:35.0380724+00:00" testType="13cdc9d9-ddb5-4fa4-a97d-d965ccfc6d4b" outcome="Passed" testListId="8c84fa94-04c1-424b-9868-57a2d4851a1d" relativeResultsDirectory="9f1d1aad-32ba-430a-a2f0-2815234eb3f1" />
    <UnitTestResult executionId="ae1a9705-f5dc-4903-a211-ade3ff05c83c" testId="bbf2dee1-fe9f-643e-2466-0ea37b55232e" testName="MultiLineSummary" computerName="pkrvmxyh4eaekms" duration="00:00:00.0011740" startTime="2025-06-24T21:13:41.3113567+00:00" endTime="2025-06-24T21:13:41.3125304+00:00" testType="13cdc9d9-ddb5-4fa4-a97d-d965ccfc6d4b" outcome="Passed" testListId="8c84fa94-04c1-424b-9868-57a2d4851a1d" relativeResultsDirectory="ae1a9705-f5dc-4903-a211-ade3ff05c83c" />
    <UnitTestResult executionId="1121f6b7-52d7-4117-9a44-1df41ec495ae" testId="1eba5726-210c-03a3-c4f4-4ae5f5484de3" testName="TestIsCSharpKeyword(&quot;abstract&quot;,True)" computerName="pkrvmxyh4eaekms" duration="00:00:00.0005689" startTime="2025-06-24T21:13:41.2137312+00:00" endTime="2025-06-24T21:13:41.2143001+00:00" testType="13cdc9d9-ddb5-4fa4-a97d-d965ccfc6d4b" outcome="Passed" testListId="8c84fa94-04c1-424b-9868-57a2d4851a1d" relativeResultsDirectory="1121f6b7-52d7-4117-9a44-1df41ec495ae" />
    <UnitTestResult executionId="8b00293d-19ba-459a-8c14-16d33e85b153" testId="c4b5614e-f225-4d29-b459-a865e1a4493a" testName="TypeChangeNarrowPropertyHasNewKeyWord" computerName="pkrvmxyh4eaekms" duration="00:00:00.0023340" startTime="2025-06-24T21:13:39.7560367+00:00" endTime="2025-06-24T21:13:39.7583706+00:00" testType="13cdc9d9-ddb5-4fa4-a97d-d965ccfc6d4b" outcome="Passed" testListId="8c84fa94-04c1-424b-9868-57a2d4851a1d" relativeResultsDirectory="8b00293d-19ba-459a-8c14-16d33e85b153" />
    <UnitTestResult executionId="9af9367c-dc97-4d5d-b07b-143874c46ed9" testId="9d42c549-bb49-ff20-8f38-9140741be034" testName="TestIsCSharpKeyword(&quot;into&quot;,True)" computerName="pkrvmxyh4eaekms" duration="00:00:00.0004010" startTime="2025-06-24T21:13:41.2347255+00:00" endTime="2025-06-24T21:13:41.2351262+00:00" testType="13cdc9d9-ddb5-4fa4-a97d-d965ccfc6d4b" outcome="Passed" testListId="8c84fa94-04c1-424b-9868-57a2d4851a1d" relativeResultsDirectory="9af9367c-dc97-4d5d-b07b-143874c46ed9" />
    <UnitTestResult executionId="9a0016ae-c2d2-4d4d-a374-bc8d8539b627" testId="a041969d-c809-06e6-80f1-a7685876bd1d" testName="IsArray(System.Int32,False)" computerName="pkrvmxyh4eaekms" duration="00:00:00.0003740" startTime="2025-06-24T21:13:31.9704779+00:00" endTime="2025-06-24T21:13:31.9708517+00:00" testType="13cdc9d9-ddb5-4fa4-a97d-d965ccfc6d4b" outcome="Passed" testListId="8c84fa94-04c1-424b-9868-57a2d4851a1d" relativeResultsDirectory="9a0016ae-c2d2-4d4d-a374-bc8d8539b627" />
    <UnitTestResult executionId="3d818d9f-fd67-4b58-b59e-a5dea87e8750" testId="676d3434-3893-6785-c96f-60f5092b8641" testName="CanChangeModelNameAndToStructAtSameTime" computerName="pkrvmxyh4eaekms" duration="00:00:00.0812700" startTime="2025-06-24T21:13:36.8540753+00:00" endTime="2025-06-24T21:13:36.9353451+00:00" testType="13cdc9d9-ddb5-4fa4-a97d-d965ccfc6d4b" outcome="Passed" testListId="8c84fa94-04c1-424b-9868-57a2d4851a1d" relativeResultsDirectory="3d818d9f-fd67-4b58-b59e-a5dea87e8750" />
    <UnitTestResult executionId="2f62d8d1-be22-4ce3-94e0-42fe5759e360" testId="b0d5fa01-abbf-d6d5-4645-52f24b6e850a" testName="PropertyInitializationType_List(System.Collections.Generic.IEnumerable`1[T])" computerName="pkrvmxyh4eaekms" duration="00:00:00.0001840" startTime="2025-06-24T21:13:31.9978515+00:00" endTime="2025-06-24T21:13:31.9980351+00:00" testType="13cdc9d9-ddb5-4fa4-a97d-d965ccfc6d4b" outcome="Passed" testListId="8c84fa94-04c1-424b-9868-57a2d4851a1d" relativeResultsDirectory="2f62d8d1-be22-4ce3-94e0-42fe5759e360" />
    <UnitTestResult executionId="416b51ed-49f7-43ae-aef5-70a2089cf4bd" testId="5cb6a6fe-da0f-e4aa-4724-5a31bd25ee8c" testName="SystemTypeOperatorTestNotEqual(System.Collections.Generic.IList`1[T],System.Int32)" computerName="pkrvmxyh4eaekms" duration="00:00:00.0005410" startTime="2025-06-24T21:13:30.7309378+00:00" endTime="2025-06-24T21:13:30.7314786+00:00" testType="13cdc9d9-ddb5-4fa4-a97d-d965ccfc6d4b" outcome="Passed" testListId="8c84fa94-04c1-424b-9868-57a2d4851a1d" relativeResultsDirectory="416b51ed-49f7-43ae-aef5-70a2089cf4bd" />
    <UnitTestResult executionId="1595f3bc-d5f7-4ccb-b59e-2d2638deaa16" testId="b68bdc1e-7304-801d-1e3d-8649f1db1512" testName="TestWriteValueExpression_DefaultCollectionInitializerExpression(&quot;bar&quot;,&quot;{ \&quot;bar\&quot; }&quot;)" computerName="pkrvmxyh4eaekms" duration="00:00:00.0002520" startTime="2025-06-24T21:13:41.2947446+00:00" endTime="2025-06-24T21:13:41.2949965+00:00" testType="13cdc9d9-ddb5-4fa4-a97d-d965ccfc6d4b" outcome="Passed" testListId="8c84fa94-04c1-424b-9868-57a2d4851a1d" relativeResultsDirectory="1595f3bc-d5f7-4ccb-b59e-2d2638deaa16" />
    <UnitTestResult executionId="46a7872e-d104-4e34-b1fc-1cf9a60a5659" testId="7aff9321-daf7-b692-cf25-44ce506ab0ca" testName="TestDebug()" computerName="pkrvmxyh4eaekms" duration="00:00:00.0140920" startTime="2025-06-24T21:13:30.5122133+00:00" endTime="2025-06-24T21:13:30.5263048+00:00" testType="13cdc9d9-ddb5-4fa4-a97d-d965ccfc6d4b" outcome="Passed" testListId="8c84fa94-04c1-424b-9868-57a2d4851a1d" relativeResultsDirectory="46a7872e-d104-4e34-b1fc-1cf9a60a5659" />
    <UnitTestResult executionId="cd4a2b36-e09b-4ca6-bb96-78e19c510573" testId="e033eccc-dd6f-7cc6-38e0-10c622134639" testName="CorrectValidationIsAppliedToParameter(Int32,False,None)" computerName="pkrvmxyh4eaekms" duration="00:00:00.0007140" startTime="2025-06-24T21:13:40.4408648+00:00" endTime="2025-06-24T21:13:40.4415788+00:00" testType="13cdc9d9-ddb5-4fa4-a97d-d965ccfc6d4b" outcome="Passed" testListId="8c84fa94-04c1-424b-9868-57a2d4851a1d" relativeResultsDirectory="cd4a2b36-e09b-4ca6-bb96-78e19c510573" />
    <UnitTestResult executionId="7a57c279-b5e0-4c82-a833-3ed06a47a51c" testId="bda75a14-e3da-e4ed-22ed-7b7f1b3c3dc7" testName="TestCancellationToken" computerName="pkrvmxyh4eaekms" duration="00:00:00.0010810" startTime="2025-06-24T21:13:32.0369681+00:00" endTime="2025-06-24T21:13:32.0380488+00:00" testType="13cdc9d9-ddb5-4fa4-a97d-d965ccfc6d4b" outcome="Passed" testListId="8c84fa94-04c1-424b-9868-57a2d4851a1d" relativeResultsDirectory="7a57c279-b5e0-4c82-a833-3ed06a47a51c" />
    <UnitTestResult executionId="9433da86-f340-48a3-9303-4a1164833332" testId="fa8b3fdc-ba75-465d-a464-837c3526a595" testName="TypeOfStatement(System.Collections.Generic.Dictionary`2[System.String,System.Collections.Generic.List`1[System.Int32]],&quot;typeof(global::System.Collections.Generic.Dictionary&lt;string, global::System.Collections.Generic.List&lt;int&gt;&gt;)&quot;)" computerName="pkrvmxyh4eaekms" duration="00:00:00.0002370" startTime="2025-06-24T21:13:30.7082051+00:00" endTime="2025-06-24T21:13:30.7084425+00:00" testType="13cdc9d9-ddb5-4fa4-a97d-d965ccfc6d4b" outcome="Passed" testListId="8c84fa94-04c1-424b-9868-57a2d4851a1d" relativeResultsDirectory="9433da86-f340-48a3-9303-4a1164833332" />
    <UnitTestResult executionId="b3405fa4-2339-446b-b988-fa7481504055" testId="ac593a88-6f0a-acc8-69cd-01fa06d80aea" testName="CanChangeEnumToExtensibleEnum" computerName="pkrvmxyh4eaekms" duration="00:00:00.0938110" startTime="2025-06-24T21:13:36.3103097+00:00" endTime="2025-06-24T21:13:36.4041199+00:00" testType="13cdc9d9-ddb5-4fa4-a97d-d965ccfc6d4b" outcome="Passed" testListId="8c84fa94-04c1-424b-9868-57a2d4851a1d" relativeResultsDirectory="b3405fa4-2339-446b-b988-fa7481504055" />
    <UnitTestResult executionId="f95a8281-e4a3-4bd0-bd60-368d287665d5" testId="c72aeb4d-0dde-4a3e-8524-1f70b6a178f3" testName="SeeCRefType(System.Collections.Generic.KeyValuePair`2[System.Int32,System.String],True)" computerName="pkrvmxyh4eaekms" duration="00:00:00.0002870" startTime="2025-06-24T21:13:41.3151124+00:00" endTime="2025-06-24T21:13:41.3153997+00:00" testType="13cdc9d9-ddb5-4fa4-a97d-d965ccfc6d4b" outcome="Passed" testListId="8c84fa94-04c1-424b-9868-57a2d4851a1d" relativeResultsDirectory="f95a8281-e4a3-4bd0-bd60-368d287665d5" />
    <UnitTestResult executionId="1b18aa74-274d-42db-b75c-9e4f9bb808c9" testId="334b38bd-8b63-9fa0-f809-425ea283cd1c" testName="ReadOperationsDoNotChange" computerName="pkrvmxyh4eaekms" duration="00:00:00.0031570" startTime="2025-06-24T21:13:32.1733829+00:00" endTime="2025-06-24T21:13:32.1765402+00:00" testType="13cdc9d9-ddb5-4fa4-a97d-d965ccfc6d4b" outcome="Passed" testListId="8c84fa94-04c1-424b-9868-57a2d4851a1d" relativeResultsDirectory="1b18aa74-274d-42db-b75c-9e4f9bb808c9" />
    <UnitTestResult executionId="ccf3928e-c2f0-48c0-a6a8-1b75133ca6d6" testId="3fd2378d-2fdc-6393-d094-32038415f145" testName="TestIsCSharpKeyword(&quot;bool&quot;,True)" computerName="pkrvmxyh4eaekms" duration="00:00:00.0004110" startTime="2025-06-24T21:13:41.2179342+00:00" endTime="2025-06-24T21:13:41.2183456+00:00" testType="13cdc9d9-ddb5-4fa4-a97d-d965ccfc6d4b" outcome="Passed" testListId="8c84fa94-04c1-424b-9868-57a2d4851a1d" relativeResultsDirectory="ccf3928e-c2f0-48c0-a6a8-1b75133ca6d6" />
    <UnitTestResult executionId="563c470d-07a5-4c8e-b143-5461e4f16f0f" testId="c15ec7ee-e6cf-9247-8dfd-571f02430628" testName="CreateUnknownVariant" computerName="pkrvmxyh4eaekms" duration="00:00:00.0028790" startTime="2025-06-24T21:13:35.7048463+00:00" endTime="2025-06-24T21:13:35.7077248+00:00" testType="13cdc9d9-ddb5-4fa4-a97d-d965ccfc6d4b" outcome="Passed" testListId="8c84fa94-04c1-424b-9868-57a2d4851a1d" relativeResultsDirectory="563c470d-07a5-4c8e-b143-5461e4f16f0f" />
    <UnitTestResult executionId="45ce8a74-ff95-4d88-be2e-b69b2b40a727" testId="dfcbe56b-8c05-75b1-eb7b-04b5bd15f4af" testName="PreVisitsModel" computerName="pkrvmxyh4eaekms" duration="00:00:00.0051340" startTime="2025-06-24T21:13:31.6363358+00:00" endTime="2025-06-24T21:13:31.6414690+00:00" testType="13cdc9d9-ddb5-4fa4-a97d-d965ccfc6d4b" outcome="Passed" testListId="8c84fa94-04c1-424b-9868-57a2d4851a1d" relativeResultsDirectory="45ce8a74-ff95-4d88-be2e-b69b2b40a727" />
    <UnitTestResult executionId="459ec95a-bd5d-4919-9baa-ef75bf410b1f" testId="de5f874a-3067-e711-a28a-4ee0d29700d2" testName="IsCollectionType(System.Collections.Generic.IList`1[T],True)" computerName="pkrvmxyh4eaekms" duration="00:00:00.0002380" startTime="2025-06-24T21:13:31.9751215+00:00" endTime="2025-06-24T21:13:31.9753592+00:00" testType="13cdc9d9-ddb5-4fa4-a97d-d965ccfc6d4b" outcome="Passed" testListId="8c84fa94-04c1-424b-9868-57a2d4851a1d" relativeResultsDirectory="459ec95a-bd5d-4919-9baa-ef75bf410b1f" />
    <UnitTestResult executionId="1c4b583b-dc63-4aaa-b91e-8b4d7bcd700b" testId="9bd88f60-5e10-717c-4f00-2d1160d34c36" testName="SystemTypeOperatorTestEqual(System.Collections.Generic.IList`1[T])" computerName="pkrvmxyh4eaekms" duration="00:00:00.0006100" startTime="2025-06-24T21:13:30.7242179+00:00" endTime="2025-06-24T21:13:30.7248279+00:00" testType="13cdc9d9-ddb5-4fa4-a97d-d965ccfc6d4b" outcome="Passed" testListId="8c84fa94-04c1-424b-9868-57a2d4851a1d" relativeResultsDirectory="1c4b583b-dc63-4aaa-b91e-8b4d7bcd700b" />
    <UnitTestResult executionId="d26cd9cc-c2eb-423a-98e1-579865dfc4d6" testId="e62b0ac9-01f2-0e89-3974-9ee36ffb1441" testName="TestIsCSharpKeyword(&quot;var&quot;,True)" computerName="pkrvmxyh4eaekms" duration="00:00:00.0003959" startTime="2025-06-24T21:13:41.2653729+00:00" endTime="2025-06-24T21:13:41.2657692+00:00" testType="13cdc9d9-ddb5-4fa4-a97d-d965ccfc6d4b" outcome="Passed" testListId="8c84fa94-04c1-424b-9868-57a2d4851a1d" relativeResultsDirectory="d26cd9cc-c2eb-423a-98e1-579865dfc4d6" />
    <UnitTestResult executionId="48eb41bb-e587-42ff-b251-020fe24c05eb" testId="3a028288-8eb0-b563-580d-e5c9889ffc64" testName="ValidateNamespace" computerName="pkrvmxyh4eaekms" duration="00:00:00.0002220" startTime="2025-06-24T21:13:39.8834964+00:00" endTime="2025-06-24T21:13:39.8837187+00:00" testType="13cdc9d9-ddb5-4fa4-a97d-d965ccfc6d4b" outcome="Passed" testListId="8c84fa94-04c1-424b-9868-57a2d4851a1d" relativeResultsDirectory="48eb41bb-e587-42ff-b251-020fe24c05eb" />
    <UnitTestResult executionId="7ec0e357-888a-4a02-9907-b37f74ad0fba" testId="e68b2339-3b42-ec37-1498-f16fb572e243" testName="CanChangeTypeNamespaceAfterTypeName" computerName="pkrvmxyh4eaekms" duration="00:00:00.0023100" startTime="2025-06-24T21:13:37.8250960+00:00" endTime="2025-06-24T21:13:37.8274059+00:00" testType="13cdc9d9-ddb5-4fa4-a97d-d965ccfc6d4b" outcome="Passed" testListId="8c84fa94-04c1-424b-9868-57a2d4851a1d" relativeResultsDirectory="7ec0e357-888a-4a02-9907-b37f74ad0fba" />
    <UnitTestResult executionId="56b90635-1ad8-4591-ab86-8d1c407d7c5e" testId="fb25ea5e-68ae-184e-a1ca-0844b7170b44" testName="TypesAreNotEqual(System.Collections.Generic.IDictionary`2[System.Int32,System.String],System.Collections.Generic.Dictionary`2[System.Int32,System.Int32])" computerName="pkrvmxyh4eaekms" duration="00:00:00.0005320" startTime="2025-06-24T21:13:32.0159399+00:00" endTime="2025-06-24T21:13:32.0164717+00:00" testType="13cdc9d9-ddb5-4fa4-a97d-d965ccfc6d4b" outcome="Passed" testListId="8c84fa94-04c1-424b-9868-57a2d4851a1d" relativeResultsDirectory="56b90635-1ad8-4591-ab86-8d1c407d7c5e" />
    <UnitTestResult executionId="0692b538-87f5-47a9-83ab-c6db3aa34365" testId="2b25a1d3-06eb-bfd5-b4e0-2bcd8206f4cc" testName="TestCustomizeNestedTypes(True)" computerName="pkrvmxyh4eaekms" duration="00:00:00.0824950" startTime="2025-06-24T21:13:40.6846813+00:00" endTime="2025-06-24T21:13:40.7671755+00:00" testType="13cdc9d9-ddb5-4fa4-a97d-d965ccfc6d4b" outcome="Passed" testListId="8c84fa94-04c1-424b-9868-57a2d4851a1d" relativeResultsDirectory="0692b538-87f5-47a9-83ab-c6db3aa34365" />
    <UnitTestResult executionId="7f496b41-a74b-43b3-bd2a-b21eb7406caf" testId="810d110e-23ba-2c22-88ce-6f797edf0b84" testName="ValidateParameters(System.Nullable`1[System.Single],LiteralExpression { Literal = 2.2 })" computerName="pkrvmxyh4eaekms" duration="00:00:00.0143560" startTime="2025-06-24T21:13:39.9693569+00:00" endTime="2025-06-24T21:13:39.9837121+00:00" testType="13cdc9d9-ddb5-4fa4-a97d-d965ccfc6d4b" outcome="Passed" testListId="8c84fa94-04c1-424b-9868-57a2d4851a1d" relativeResultsDirectory="7f496b41-a74b-43b3-bd2a-b21eb7406caf" />
    <UnitTestResult executionId="9cf825b7-ac9d-462f-9d70-66146a69cabe" testId="d832ca72-8ed0-0f15-973d-4e0a54c1c11e" testName="TestIsCSharpKeyword(&quot;where&quot;,True)" computerName="pkrvmxyh4eaekms" duration="00:00:00.0003880" startTime="2025-06-24T21:13:41.2694655+00:00" endTime="2025-06-24T21:13:41.2698534+00:00" testType="13cdc9d9-ddb5-4fa4-a97d-d965ccfc6d4b" outcome="Passed" testListId="8c84fa94-04c1-424b-9868-57a2d4851a1d" relativeResultsDirectory="9cf825b7-ac9d-462f-9d70-66146a69cabe" />
    <UnitTestResult executionId="491639d1-49c0-4dc2-a585-a84ce7e79187" testId="b75dbff8-492f-b9d8-9330-adf317c28bd9" testName="CanChangePropertyType" computerName="pkrvmxyh4eaekms" duration="00:00:00.0843520" startTime="2025-06-24T21:13:37.5542567+00:00" endTime="2025-06-24T21:13:37.6386084+00:00" testType="13cdc9d9-ddb5-4fa4-a97d-d965ccfc6d4b" outcome="Passed" testListId="8c84fa94-04c1-424b-9868-57a2d4851a1d" relativeResultsDirectory="491639d1-49c0-4dc2-a585-a84ce7e79187" />
    <UnitTestResult executionId="129a8d63-a60f-4440-9bfb-1d0483aa85ce" testId="45f96de3-d049-8a9e-87e9-7145fd26e8ec" testName="FullyQualifiedNamePopulatedForFrameworkTypes(System.Collections.Generic.IDictionary`2[System.Collections.Generic.IDictionary`2[System.Int32,System.String],System.Collections.Generic.IDictionary`2[System.String,System.Int32]])" computerName="pkrvmxyh4eaekms" duration="00:00:00.0002070" startTime="2025-06-24T21:13:31.9050110+00:00" endTime="2025-06-24T21:13:31.9052183+00:00" testType="13cdc9d9-ddb5-4fa4-a97d-d965ccfc6d4b" outcome="Passed" testListId="8c84fa94-04c1-424b-9868-57a2d4851a1d" relativeResultsDirectory="129a8d63-a60f-4440-9bfb-1d0483aa85ce" />
    <UnitTestResult executionId="dc986585-b148-4b2f-a1fb-e4453d0f706e" testId="0a7a7e63-88a2-4884-414e-cc3049a88c19" testName="CanChangeAssignmentExpression" computerName="pkrvmxyh4eaekms" duration="00:00:00.0057010" startTime="2025-06-24T21:13:30.5690620+00:00" endTime="2025-06-24T21:13:30.5747631+00:00" testType="13cdc9d9-ddb5-4fa4-a97d-d965ccfc6d4b" outcome="Passed" testListId="8c84fa94-04c1-424b-9868-57a2d4851a1d" relativeResultsDirectory="dc986585-b148-4b2f-a1fb-e4453d0f706e" />
    <UnitTestResult executionId="1cc67d0a-75d1-44fb-847e-c513b09e12c9" testId="f10cc00c-79c1-4d9c-8c29-de5a72b85501" testName="SystemTypeOperatorTestEqual(System.Collections.Generic.IList`1[System.Int32])" computerName="pkrvmxyh4eaekms" duration="00:00:00.0002690" startTime="2025-06-24T21:13:30.7248458+00:00" endTime="2025-06-24T21:13:30.7251147+00:00" testType="13cdc9d9-ddb5-4fa4-a97d-d965ccfc6d4b" outcome="Passed" testListId="8c84fa94-04c1-424b-9868-57a2d4851a1d" relativeResultsDirectory="1cc67d0a-75d1-44fb-847e-c513b09e12c9" />
    <UnitTestResult executionId="994f5b39-3826-43c5-bc00-26498dcdf63e" testId="921f0437-d036-ac9e-3cba-d8023f470487" testName="ValidateNullableTypes(System.Nullable`1[Microsoft.TypeSpec.Generator.Tests.Primitives.CSharpTypeTests+TestStruct`1[Microsoft.TypeSpec.Generator.Tests.Primitives.CSharpTypeTests+TestStruct`1[System.Int32]]],[global::Microsoft.TypeSpec.Generator.Tests.Primitives.CSharpTypeTests.TestStruct&lt;int&gt;],True)" computerName="pkrvmxyh4eaekms" duration="00:00:00.0000989" startTime="2025-06-24T21:13:32.0304451+00:00" endTime="2025-06-24T21:13:32.0305438+00:00" testType="13cdc9d9-ddb5-4fa4-a97d-d965ccfc6d4b" outcome="Passed" testListId="8c84fa94-04c1-424b-9868-57a2d4851a1d" relativeResultsDirectory="994f5b39-3826-43c5-bc00-26498dcdf63e" />
    <UnitTestResult executionId="ff4fb915-2da3-46a2-8548-42e81e2e1c08" testId="ca849d53-e0a1-e7ec-36aa-de29b920565f" testName="DoesNotVisitMethodsWhenTypeIsNulledOut" computerName="pkrvmxyh4eaekms" duration="00:00:00.0022529" startTime="2025-06-24T21:13:31.6918393+00:00" endTime="2025-06-24T21:13:31.6940925+00:00" testType="13cdc9d9-ddb5-4fa4-a97d-d965ccfc6d4b" outcome="Passed" testListId="8c84fa94-04c1-424b-9868-57a2d4851a1d" relativeResultsDirectory="ff4fb915-2da3-46a2-8548-42e81e2e1c08" />
    <UnitTestResult executionId="6ac53fed-2a99-4e48-ad6e-47b5e6874cac" testId="af7d41e3-f32d-421b-cda7-698b15153704" testName="TestIsCSharpKeyword(&quot;float&quot;,True)" computerName="pkrvmxyh4eaekms" duration="00:00:00.0004260" startTime="2025-06-24T21:13:41.2292053+00:00" endTime="2025-06-24T21:13:41.2296311+00:00" testType="13cdc9d9-ddb5-4fa4-a97d-d965ccfc6d4b" outcome="Passed" testListId="8c84fa94-04c1-424b-9868-57a2d4851a1d" relativeResultsDirectory="6ac53fed-2a99-4e48-ad6e-47b5e6874cac" />
    <UnitTestResult executionId="1906657d-a112-4c08-b3ba-9f4c2efa09ff" testId="884bf3c3-69ed-0831-190b-9fe3ac2b98d1" testName="TestToString(System.Int32,&quot;int&quot;)" computerName="pkrvmxyh4eaekms" duration="00:00:00.0003900" startTime="2025-06-24T21:13:31.9986346+00:00" endTime="2025-06-24T21:13:31.9990249+00:00" testType="13cdc9d9-ddb5-4fa4-a97d-d965ccfc6d4b" outcome="Passed" testListId="8c84fa94-04c1-424b-9868-57a2d4851a1d" relativeResultsDirectory="1906657d-a112-4c08-b3ba-9f4c2efa09ff" />
    <UnitTestResult executionId="acdc9b08-291b-46aa-a829-712b39387a5a" testId="bdb990f7-f868-3321-b44d-97f49c3f2f2d" testName="IsCollectionType(System.String[],False)" computerName="pkrvmxyh4eaekms" duration="00:00:00.0004940" startTime="2025-06-24T21:13:31.9727466+00:00" endTime="2025-06-24T21:13:31.9732396+00:00" testType="13cdc9d9-ddb5-4fa4-a97d-d965ccfc6d4b" outcome="Passed" testListId="8c84fa94-04c1-424b-9868-57a2d4851a1d" relativeResultsDirectory="acdc9b08-291b-46aa-a829-712b39387a5a" />
    <UnitTestResult executionId="e0f7b1d3-7052-4837-b7bc-1812026d539d" testId="c6392d65-60e0-09da-dd41-09756e593911" testName="BaseShouldBeAbstract(Microsoft.TypeSpec.Generator.Input.InputModelType,&quot;/// &lt;summary&gt;\n/// pet description\n/// Please note this is the abstract base class. The derived classes available for instantiation are: &lt;see cref=\&quot;Cat\&quot;/&gt;, &lt;see cref=\&quot;Dog\&quot;/&gt;, and &lt;see cref=\&quot;AnotherAnimal\&quot;/&gt;.\n/// &lt;/summary&gt;\n&quot;)" computerName="pkrvmxyh4eaekms" duration="00:00:00.0022160" startTime="2025-06-24T21:13:35.6116573+00:00" endTime="2025-06-24T21:13:35.6138728+00:00" testType="13cdc9d9-ddb5-4fa4-a97d-d965ccfc6d4b" outcome="Passed" testListId="8c84fa94-04c1-424b-9868-57a2d4851a1d" relativeResultsDirectory="e0f7b1d3-7052-4837-b7bc-1812026d539d" />
    <UnitTestResult executionId="954ea854-4b69-44af-bc4c-3fa95754370f" testId="6a114c62-b108-96f0-a37a-172432e1c5dc" testName="CanChangePropertyName" computerName="pkrvmxyh4eaekms" duration="00:00:00.1165530" startTime="2025-06-24T21:13:37.3463928+00:00" endTime="2025-06-24T21:13:37.4629453+00:00" testType="13cdc9d9-ddb5-4fa4-a97d-d965ccfc6d4b" outcome="Passed" testListId="8c84fa94-04c1-424b-9868-57a2d4851a1d" relativeResultsDirectory="954ea854-4b69-44af-bc4c-3fa95754370f" />
    <UnitTestResult executionId="ec92a6ba-95ba-4540-b8f3-afd711e7d08f" testId="d08b732b-ab91-c5d8-c6fb-eaa5596c2a72" testName="IsReadOnlyList(System.Int32,False)" computerName="pkrvmxyh4eaekms" duration="00:00:00.0003190" startTime="2025-06-24T21:13:31.9807671+00:00" endTime="2025-06-24T21:13:31.9810862+00:00" testType="13cdc9d9-ddb5-4fa4-a97d-d965ccfc6d4b" outcome="Passed" testListId="8c84fa94-04c1-424b-9868-57a2d4851a1d" relativeResultsDirectory="ec92a6ba-95ba-4540-b8f3-afd711e7d08f" />
    <UnitTestResult executionId="dd62bb9c-8e92-44fe-8fc1-bfd0f25e28b1" testId="16cba511-891e-7392-2428-5a629bf36350" testName="CanChangePropertyTypeToEnum" computerName="pkrvmxyh4eaekms" duration="00:00:00.0853270" startTime="2025-06-24T21:13:37.6386704+00:00" endTime="2025-06-24T21:13:37.7239972+00:00" testType="13cdc9d9-ddb5-4fa4-a97d-d965ccfc6d4b" outcome="Passed" testListId="8c84fa94-04c1-424b-9868-57a2d4851a1d" relativeResultsDirectory="dd62bb9c-8e92-44fe-8fc1-bfd0f25e28b1" />
    <UnitTestResult executionId="44cff409-3c9e-4e3b-bb3e-5bdf976657dc" testId="852b3365-7284-16fe-f3df-952833d2b770" testName="TestIsCSharpKeyword(&quot;dynamic&quot;,False)" computerName="pkrvmxyh4eaekms" duration="00:00:00.0003910" startTime="2025-06-24T21:13:41.2250191+00:00" endTime="2025-06-24T21:13:41.2254102+00:00" testType="13cdc9d9-ddb5-4fa4-a97d-d965ccfc6d4b" outcome="Passed" testListId="8c84fa94-04c1-424b-9868-57a2d4851a1d" relativeResultsDirectory="44cff409-3c9e-4e3b-bb3e-5bdf976657dc" />
    <UnitTestResult executionId="48f23bac-901e-4ded-9df8-9cc398f737e1" testId="0f29e433-ce66-01a6-7acb-28bce10d26ca" testName="IsReadWriteList(System.Collections.Generic.List`1[T],True)" computerName="pkrvmxyh4eaekms" duration="00:00:00.0001570" startTime="2025-06-24T21:13:31.9851101+00:00" endTime="2025-06-24T21:13:31.9852674+00:00" testType="13cdc9d9-ddb5-4fa4-a97d-d965ccfc6d4b" outcome="Passed" testListId="8c84fa94-04c1-424b-9868-57a2d4851a1d" relativeResultsDirectory="48f23bac-901e-4ded-9df8-9cc398f737e1" />
    <UnitTestResult executionId="54e5aaf4-aeeb-46ae-aa41-43ecd3acf33e" testId="32b76892-837e-aaf5-5dd1-2631a0c6f451" testName="SerializationCtorShouldNotAssignBaseFieldDerivedRequired" computerName="pkrvmxyh4eaekms" duration="00:00:00.0033850" startTime="2025-06-24T21:13:39.6863796+00:00" endTime="2025-06-24T21:13:39.6897646+00:00" testType="13cdc9d9-ddb5-4fa4-a97d-d965ccfc6d4b" outcome="Passed" testListId="8c84fa94-04c1-424b-9868-57a2d4851a1d" relativeResultsDirectory="54e5aaf4-aeeb-46ae-aa41-43ecd3acf33e" />
    <UnitTestResult executionId="d23697e4-1655-4646-b936-31298978f8f8" testId="086cdbc8-f4dc-63d0-e491-6978aab04bd3" testName="NotEqualToFrameworkType(System.Collections.Generic.IList`1[T],System.Int32)" computerName="pkrvmxyh4eaekms" duration="00:00:00.0004280" startTime="2025-06-24T21:13:31.9894192+00:00" endTime="2025-06-24T21:13:31.9898469+00:00" testType="13cdc9d9-ddb5-4fa4-a97d-d965ccfc6d4b" outcome="Passed" testListId="8c84fa94-04c1-424b-9868-57a2d4851a1d" relativeResultsDirectory="d23697e4-1655-4646-b936-31298978f8f8" />
    <UnitTestResult executionId="a73541b2-a4f5-41e0-8b0a-c1826ee947f1" testId="3d2fee23-fa62-b49e-d623-aac59a5c0265" testName="VerifyTupleExpressionWrite" computerName="pkrvmxyh4eaekms" duration="00:00:00.0004610" startTime="2025-06-24T21:13:30.7046401+00:00" endTime="2025-06-24T21:13:30.7051015+00:00" testType="13cdc9d9-ddb5-4fa4-a97d-d965ccfc6d4b" outcome="Passed" testListId="8c84fa94-04c1-424b-9868-57a2d4851a1d" relativeResultsDirectory="a73541b2-a4f5-41e0-8b0a-c1826ee947f1" />
    <UnitTestResult executionId="94b8ce35-5579-4188-9703-0647d9b98844" testId="d2d663b7-a77a-22d6-7ecf-d2dffc892def" testName="BuildEnumType_ValidateFloatBasedFixedEnum()" computerName="pkrvmxyh4eaekms" duration="00:00:00.0032470" startTime="2025-06-24T21:13:32.4936337+00:00" endTime="2025-06-24T21:13:32.4968810+00:00" testType="13cdc9d9-ddb5-4fa4-a97d-d965ccfc6d4b" outcome="Passed" testListId="8c84fa94-04c1-424b-9868-57a2d4851a1d" relativeResultsDirectory="94b8ce35-5579-4188-9703-0647d9b98844" />
    <UnitTestResult executionId="bba4c24e-e4b7-4494-8dad-0a34e2e91e2b" testId="3e0080a5-9006-e0a9-05c4-318190bbf374" testName="CorrectValidationIsAppliedToParameter(String,True,AssertNotNullOrEmpty)" computerName="pkrvmxyh4eaekms" duration="00:00:00.0037560" startTime="2025-06-24T21:13:40.4349933+00:00" endTime="2025-06-24T21:13:40.4387485+00:00" testType="13cdc9d9-ddb5-4fa4-a97d-d965ccfc6d4b" outcome="Passed" testListId="8c84fa94-04c1-424b-9868-57a2d4851a1d" relativeResultsDirectory="bba4c24e-e4b7-4494-8dad-0a34e2e91e2b" />
    <UnitTestResult executionId="e8632bd9-567d-442c-b1f2-a0816ef07410" testId="4e86e2c7-87b8-1bb0-2680-5455cfd9c169" testName="BodyHasSetterValidation(&quot;nullableCollectionOnOutputModel&quot;,Microsoft.TypeSpec.Generator.Input.InputModelType,False,null)" computerName="pkrvmxyh4eaekms" duration="00:00:00.0006800" startTime="2025-06-24T21:13:40.4680600+00:00" endTime="2025-06-24T21:13:40.4687394+00:00" testType="13cdc9d9-ddb5-4fa4-a97d-d965ccfc6d4b" outcome="Passed" testListId="8c84fa94-04c1-424b-9868-57a2d4851a1d" relativeResultsDirectory="e8632bd9-567d-442c-b1f2-a0816ef07410" />
    <UnitTestResult executionId="4667455a-a2d3-4ad1-b322-6c8a9fade782" testId="3828f2a7-f139-002b-fb55-f0000180d1f6" testName="KeyValuePairExpression(System.Collections.Generic.IList`1[System.Int32],System.Collections.Generic.IList`1[System.String])" computerName="pkrvmxyh4eaekms" duration="00:00:00.0006500" startTime="2025-06-24T21:13:30.6568981+00:00" endTime="2025-06-24T21:13:30.6575481+00:00" testType="13cdc9d9-ddb5-4fa4-a97d-d965ccfc6d4b" outcome="Passed" testListId="8c84fa94-04c1-424b-9868-57a2d4851a1d" relativeResultsDirectory="4667455a-a2d3-4ad1-b322-6c8a9fade782" />
    <UnitTestResult executionId="57981794-9680-4afd-a5f9-f60c4b095cd4" testId="50956c27-d293-40eb-346f-e6ad01ce9e0a" testName="IsReadOnlyList(System.Collections.Generic.IReadOnlyCollection`1[T],False)" computerName="pkrvmxyh4eaekms" duration="00:00:00.0001490" startTime="2025-06-24T21:13:31.9816941+00:00" endTime="2025-06-24T21:13:31.9818432+00:00" testType="13cdc9d9-ddb5-4fa4-a97d-d965ccfc6d4b" outcome="Passed" testListId="8c84fa94-04c1-424b-9868-57a2d4851a1d" relativeResultsDirectory="57981794-9680-4afd-a5f9-f60c4b095cd4" />
    <UnitTestResult executionId="e4844bde-1940-4b88-afb5-7bc1c05518c7" testId="8e557d55-0858-3f88-21ef-6e2592d9681c" testName="SystemTypeOperatorTestEqual(System.Collections.Generic.IDictionary`2[System.Int32,System.Int32])" computerName="pkrvmxyh4eaekms" duration="00:00:00.0003080" startTime="2025-06-24T21:13:30.7261451+00:00" endTime="2025-06-24T21:13:30.7264535+00:00" testType="13cdc9d9-ddb5-4fa4-a97d-d965ccfc6d4b" outcome="Passed" testListId="8c84fa94-04c1-424b-9868-57a2d4851a1d" relativeResultsDirectory="e4844bde-1940-4b88-afb5-7bc1c05518c7" />
    <UnitTestResult executionId="16e1f2d9-f9ff-4267-b33d-063532b9a01a" testId="d99f95d8-0393-f564-dc7f-beb07a7c0e4b" testName="TryStatementWithEmptyBody" computerName="pkrvmxyh4eaekms" duration="00:00:00.0001620" startTime="2025-06-24T21:13:41.0784054+00:00" endTime="2025-06-24T21:13:41.0785671+00:00" testType="13cdc9d9-ddb5-4fa4-a97d-d965ccfc6d4b" outcome="Passed" testListId="8c84fa94-04c1-424b-9868-57a2d4851a1d" relativeResultsDirectory="16e1f2d9-f9ff-4267-b33d-063532b9a01a" />
    <UnitTestResult executionId="79ea6213-1a5f-4af6-b49d-d84167983b18" testId="375da16e-ebee-ecc7-797b-929b41394d34" testName="BodyHasSetterValidation(&quot;requiredIntOnInputModel&quot;,Microsoft.TypeSpec.Generator.Input.InputModelType,False,null)" computerName="pkrvmxyh4eaekms" duration="00:00:00.0006790" startTime="2025-06-24T21:13:40.4658444+00:00" endTime="2025-06-24T21:13:40.4665229+00:00" testType="13cdc9d9-ddb5-4fa4-a97d-d965ccfc6d4b" outcome="Passed" testListId="8c84fa94-04c1-424b-9868-57a2d4851a1d" relativeResultsDirectory="79ea6213-1a5f-4af6-b49d-d84167983b18" />
    <UnitTestResult executionId="917323c0-82be-4191-a8c4-9855597035bc" testId="e4116b0b-4cab-b6e9-91e8-e18464a3f1c5" testName="IsReadWriteDictionary(System.Collections.Generic.IReadOnlyDictionary`2[TKey,TValue],False)" computerName="pkrvmxyh4eaekms" duration="00:00:00.0001520" startTime="2025-06-24T21:13:31.9835911+00:00" endTime="2025-06-24T21:13:31.9837427+00:00" testType="13cdc9d9-ddb5-4fa4-a97d-d965ccfc6d4b" outcome="Passed" testListId="8c84fa94-04c1-424b-9868-57a2d4851a1d" relativeResultsDirectory="917323c0-82be-4191-a8c4-9855597035bc" />
    <UnitTestResult executionId="00961d23-0bdc-44b5-89b2-f8e8a4295cb4" testId="5158dc5f-4924-ea66-f362-5aff5c0fd1e5" testName="FixedStringEnumType" computerName="pkrvmxyh4eaekms" duration="00:00:00.0009560" startTime="2025-06-24T21:13:41.1233044+00:00" endTime="2025-06-24T21:13:41.1242602+00:00" testType="13cdc9d9-ddb5-4fa4-a97d-d965ccfc6d4b" outcome="Passed" testListId="8c84fa94-04c1-424b-9868-57a2d4851a1d" relativeResultsDirectory="00961d23-0bdc-44b5-89b2-f8e8a4295cb4" />
    <UnitTestResult executionId="28c13cb9-8054-4f20-bea5-52dd03c6faaf" testId="23153d45-25e8-2ed0-0a84-a9cd8065ee19" testName="TestDownloadAndInstallPackage(True)" computerName="pkrvmxyh4eaekms" duration="00:00:00.0593330" startTime="2025-06-24T21:13:41.1422154+00:00" endTime="2025-06-24T21:13:41.2015477+00:00" testType="13cdc9d9-ddb5-4fa4-a97d-d965ccfc6d4b" outcome="Passed" testListId="8c84fa94-04c1-424b-9868-57a2d4851a1d" relativeResultsDirectory="28c13cb9-8054-4f20-bea5-52dd03c6faaf" />
    <UnitTestResult executionId="296f368a-9208-49bb-8abe-f3c1a6493a81" testId="8e15f030-cf1b-d32c-93b7-137e329bcf03" testName="InvokeToInt32" computerName="pkrvmxyh4eaekms" duration="00:00:00.0006120" startTime="2025-06-24T21:13:40.8151248+00:00" endTime="2025-06-24T21:13:40.8157366+00:00" testType="13cdc9d9-ddb5-4fa4-a97d-d965ccfc6d4b" outcome="Passed" testListId="8c84fa94-04c1-424b-9868-57a2d4851a1d" relativeResultsDirectory="296f368a-9208-49bb-8abe-f3c1a6493a81" />
    <UnitTestResult executionId="2c8e6f8e-2802-4bac-955b-8a95b2f39560" testId="502b7805-573f-098c-a1ea-7183f9d6a96e" testName="TryStatementWithOneLineBody" computerName="pkrvmxyh4eaekms" duration="00:00:00.0002150" startTime="2025-06-24T21:13:41.0788987+00:00" endTime="2025-06-24T21:13:41.0791140+00:00" testType="13cdc9d9-ddb5-4fa4-a97d-d965ccfc6d4b" outcome="Passed" testListId="8c84fa94-04c1-424b-9868-57a2d4851a1d" relativeResultsDirectory="2c8e6f8e-2802-4bac-955b-8a95b2f39560" />
    <UnitTestResult executionId="bd4c69e8-7a52-402a-9924-b3e1b53de55f" testId="15e9c99e-de4e-9516-e261-2eeaf52def6d" testName="TestWriteValueExpression_DefaultCastExpression(System.Double,22,&quot;((double)22)&quot;)" computerName="pkrvmxyh4eaekms" duration="00:00:00.0004550" startTime="2025-06-24T21:13:41.2932830+00:00" endTime="2025-06-24T21:13:41.2937384+00:00" testType="13cdc9d9-ddb5-4fa4-a97d-d965ccfc6d4b" outcome="Passed" testListId="8c84fa94-04c1-424b-9868-57a2d4851a1d" relativeResultsDirectory="bd4c69e8-7a52-402a-9924-b3e1b53de55f" />
    <UnitTestResult executionId="6dff70f2-f67c-4664-a064-ea8b3dbd0af3" testId="555db1c4-be7e-5701-ff82-5827a820f79a" testName="SystemTypeOperatorTestNotEqual(System.Int32,System.String)" computerName="pkrvmxyh4eaekms" duration="00:00:00.0007550" startTime="2025-06-24T21:13:30.7282885+00:00" endTime="2025-06-24T21:13:30.7290433+00:00" testType="13cdc9d9-ddb5-4fa4-a97d-d965ccfc6d4b" outcome="Passed" testListId="8c84fa94-04c1-424b-9868-57a2d4851a1d" relativeResultsDirectory="6dff70f2-f67c-4664-a064-ea8b3dbd0af3" />
    <UnitTestResult executionId="59fa3926-4377-4942-b67b-2fbcab004e5b" testId="b925c03c-3e11-1e83-cdd0-43a44262035e" testName="TestDoWhileStatement" computerName="pkrvmxyh4eaekms" duration="00:00:00.0009740" startTime="2025-06-24T21:13:41.0624952+00:00" endTime="2025-06-24T21:13:41.0634691+00:00" testType="13cdc9d9-ddb5-4fa4-a97d-d965ccfc6d4b" outcome="Passed" testListId="8c84fa94-04c1-424b-9868-57a2d4851a1d" relativeResultsDirectory="59fa3926-4377-4942-b67b-2fbcab004e5b" />
    <UnitTestResult executionId="e9f5603e-2273-4ea3-a83a-94e28b49c16e" testId="3e0d26d4-5c71-07fd-d917-3aefdd4eeb1b" testName="SystemTypeOperatorTestNotEqual(System.Int32,System.Collections.Generic.IList`1[T])" computerName="pkrvmxyh4eaekms" duration="00:00:00.0007300" startTime="2025-06-24T21:13:30.7298314+00:00" endTime="2025-06-24T21:13:30.7305617+00:00" testType="13cdc9d9-ddb5-4fa4-a97d-d965ccfc6d4b" outcome="Passed" testListId="8c84fa94-04c1-424b-9868-57a2d4851a1d" relativeResultsDirectory="e9f5603e-2273-4ea3-a83a-94e28b49c16e" />
    <UnitTestResult executionId="ef2e58c6-5b54-486f-836a-b47868be71fe" testId="fcfa3660-08a8-7556-7d3f-b80d482c06c9" testName="CodeWriter_WriteProperty_IndexerProperty_AutoBody" computerName="pkrvmxyh4eaekms" duration="00:00:00.0012430" startTime="2025-06-24T21:13:41.3001244+00:00" endTime="2025-06-24T21:13:41.3013676+00:00" testType="13cdc9d9-ddb5-4fa4-a97d-d965ccfc6d4b" outcome="Passed" testListId="8c84fa94-04c1-424b-9868-57a2d4851a1d" relativeResultsDirectory="ef2e58c6-5b54-486f-836a-b47868be71fe" />
    <UnitTestResult executionId="73e66f27-3d9b-467e-aa34-a4bc54186f16" testId="33a726c2-b72a-feb7-5786-a21c52f7478c" testName="CanChangeWhileStatement" computerName="pkrvmxyh4eaekms" duration="00:00:00.0018080" startTime="2025-06-24T21:13:41.0889922+00:00" endTime="2025-06-24T21:13:41.0907998+00:00" testType="13cdc9d9-ddb5-4fa4-a97d-d965ccfc6d4b" outcome="Passed" testListId="8c84fa94-04c1-424b-9868-57a2d4851a1d" relativeResultsDirectory="73e66f27-3d9b-467e-aa34-a4bc54186f16" />
    <UnitTestResult executionId="fc1dd278-7504-4807-bf3a-78de44b5f763" testId="f3cf7100-5773-859d-7955-02f51d4e15e4" testName="NotEqualToFrameworkType(System.Int32,System.Collections.Generic.IList`1[T])" computerName="pkrvmxyh4eaekms" duration="00:00:00.0006690" startTime="2025-06-24T21:13:31.9887329+00:00" endTime="2025-06-24T21:13:31.9894018+00:00" testType="13cdc9d9-ddb5-4fa4-a97d-d965ccfc6d4b" outcome="Passed" testListId="8c84fa94-04c1-424b-9868-57a2d4851a1d" relativeResultsDirectory="fc1dd278-7504-4807-bf3a-78de44b5f763" />
    <UnitTestResult executionId="5ac63b6e-2846-4597-b051-9b6ef6996b4e" testId="e383c9f1-dc66-ae8e-61d4-3c1233ef0bb2" testName="HashCodesAreNotEqual(System.Collections.Generic.IList`1[System.Int32],System.Collections.Generic.IList`1[System.String])" computerName="pkrvmxyh4eaekms" duration="00:00:00.0005630" startTime="2025-06-24T21:13:31.9643932+00:00" endTime="2025-06-24T21:13:31.9649558+00:00" testType="13cdc9d9-ddb5-4fa4-a97d-d965ccfc6d4b" outcome="Passed" testListId="8c84fa94-04c1-424b-9868-57a2d4851a1d" relativeResultsDirectory="5ac63b6e-2846-4597-b051-9b6ef6996b4e" />
    <UnitTestResult executionId="dd717ba4-6e31-4376-a58e-9ea3e731d90b" testId="f9da7f0a-44ad-cac9-73d9-a57c239d21b4" testName="HashCodesAreEqual(System.Collections.Generic.IDictionary`2[System.Int32,System.Int32])" computerName="pkrvmxyh4eaekms" duration="00:00:00.0002720" startTime="2025-06-24T21:13:31.9584431+00:00" endTime="2025-06-24T21:13:31.9587152+00:00" testType="13cdc9d9-ddb5-4fa4-a97d-d965ccfc6d4b" outcome="Passed" testListId="8c84fa94-04c1-424b-9868-57a2d4851a1d" relativeResultsDirectory="dd717ba4-6e31-4376-a58e-9ea3e731d90b" />
    <UnitTestResult executionId="f8070384-19d2-40e0-a14f-43994ace0355" testId="33a180ed-590d-42e0-e9de-194f4f8f4962" testName="TestUpdateCanonicalView" computerName="pkrvmxyh4eaekms" duration="00:00:00.0015090" startTime="2025-06-24T21:13:40.8055853+00:00" endTime="2025-06-24T21:13:40.8070942+00:00" testType="13cdc9d9-ddb5-4fa4-a97d-d965ccfc6d4b" outcome="Passed" testListId="8c84fa94-04c1-424b-9868-57a2d4851a1d" relativeResultsDirectory="f8070384-19d2-40e0-a14f-43994ace0355" />
    <UnitTestResult executionId="b449f9a9-c167-4d00-9ca2-b50bf875188e" testId="4eef0cf0-2982-f513-aee1-115e40428440" testName="BodyHasSetterValidation(&quot;nullableCollectionOnInputModel&quot;,Microsoft.TypeSpec.Generator.Input.InputModelType,False,null)" computerName="pkrvmxyh4eaekms" duration="00:00:00.0007350" startTime="2025-06-24T21:13:40.4687691+00:00" endTime="2025-06-24T21:13:40.4695035+00:00" testType="13cdc9d9-ddb5-4fa4-a97d-d965ccfc6d4b" outcome="Passed" testListId="8c84fa94-04c1-424b-9868-57a2d4851a1d" relativeResultsDirectory="b449f9a9-c167-4d00-9ca2-b50bf875188e" />
    <UnitTestResult executionId="f4e2af00-62d5-401c-851e-2107bd973e9f" testId="6dcce33e-e4dd-e512-2dac-808b601252cd" testName="TestIsCSharpKeyword(&quot;static&quot;,True)" computerName="pkrvmxyh4eaekms" duration="00:00:00.0003959" startTime="2025-06-24T21:13:41.2514219+00:00" endTime="2025-06-24T21:13:41.2518182+00:00" testType="13cdc9d9-ddb5-4fa4-a97d-d965ccfc6d4b" outcome="Passed" testListId="8c84fa94-04c1-424b-9868-57a2d4851a1d" relativeResultsDirectory="f4e2af00-62d5-401c-851e-2107bd973e9f" />
    <UnitTestResult executionId="44f2e3c2-857c-458c-9ae6-5dbddf7eaf41" testId="c23993e9-a578-82da-0307-f45668a6af07" testName="CanUpdateInvokeMethodExpression" computerName="pkrvmxyh4eaekms" duration="00:00:00.0008500" startTime="2025-06-24T21:13:30.5922060+00:00" endTime="2025-06-24T21:13:30.5930555+00:00" testType="13cdc9d9-ddb5-4fa4-a97d-d965ccfc6d4b" outcome="Passed" testListId="8c84fa94-04c1-424b-9868-57a2d4851a1d" relativeResultsDirectory="44f2e3c2-857c-458c-9ae6-5dbddf7eaf41" />
    <UnitTestResult executionId="167ae781-a27a-4dd9-b672-ec03b3e03176" testId="80e8783e-2944-8a5b-ac7e-c8c21d872c1f" testName="SystemTypeOperatorTestEqual(System.Single)" computerName="pkrvmxyh4eaekms" duration="00:00:00.0002730" startTime="2025-06-24T21:13:30.7211222+00:00" endTime="2025-06-24T21:13:30.7213951+00:00" testType="13cdc9d9-ddb5-4fa4-a97d-d965ccfc6d4b" outcome="Passed" testListId="8c84fa94-04c1-424b-9868-57a2d4851a1d" relativeResultsDirectory="167ae781-a27a-4dd9-b672-ec03b3e03176" />
    <UnitTestResult executionId="afaa60a8-b2f7-441d-8db3-029b37a8ff20" testId="ec599911-31c6-a6d9-315e-7655be866ef6" testName="TestToApiVersionValue(&quot;V3&quot;,&quot;3&quot;)" computerName="pkrvmxyh4eaekms" duration="00:00:00.0000649" startTime="2025-06-24T21:13:41.2746080+00:00" endTime="2025-06-24T21:13:41.2746730+00:00" testType="13cdc9d9-ddb5-4fa4-a97d-d965ccfc6d4b" outcome="Passed" testListId="8c84fa94-04c1-424b-9868-57a2d4851a1d" relativeResultsDirectory="afaa60a8-b2f7-441d-8db3-029b37a8ff20" />
    <UnitTestResult executionId="ffa7f8f8-9f06-41c7-8ddd-3c3c9c4ab402" testId="d671edcd-436b-332e-33a1-90b451097361" testName="TestCancellationTokenEnumerator()" computerName="pkrvmxyh4eaekms" duration="00:00:00.0011630" startTime="2025-06-24T21:13:32.0381149+00:00" endTime="2025-06-24T21:13:32.0392773+00:00" testType="13cdc9d9-ddb5-4fa4-a97d-d965ccfc6d4b" outcome="Passed" testListId="8c84fa94-04c1-424b-9868-57a2d4851a1d" relativeResultsDirectory="ffa7f8f8-9f06-41c7-8ddd-3c3c9c4ab402" />
    <UnitTestResult executionId="3ec3a220-d76c-4fb8-83f5-7ba0cd4375ff" testId="eddc0227-f630-b98d-8e2d-2452df4d5cde" testName="TestIsCSharpKeyword(&quot;readonly&quot;,True)" computerName="pkrvmxyh4eaekms" duration="00:00:00.0003650" startTime="2025-06-24T21:13:41.2445884+00:00" endTime="2025-06-24T21:13:41.2449532+00:00" testType="13cdc9d9-ddb5-4fa4-a97d-d965ccfc6d4b" outcome="Passed" testListId="8c84fa94-04c1-424b-9868-57a2d4851a1d" relativeResultsDirectory="3ec3a220-d76c-4fb8-83f5-7ba0cd4375ff" />
    <UnitTestResult executionId="b95943fc-d995-42da-920c-6c3842b7f48e" testId="7169fa09-1f39-0413-c906-4d8b86b23d63" testName="KeyValuePairExpression(System.Collections.Generic.IList`1[T],System.Int32)" computerName="pkrvmxyh4eaekms" duration="00:00:00.0006390" startTime="2025-06-24T21:13:30.6519648+00:00" endTime="2025-06-24T21:13:30.6526035+00:00" testType="13cdc9d9-ddb5-4fa4-a97d-d965ccfc6d4b" outcome="Passed" testListId="8c84fa94-04c1-424b-9868-57a2d4851a1d" relativeResultsDirectory="b95943fc-d995-42da-920c-6c3842b7f48e" />
    <UnitTestResult executionId="6ebb8a9c-4816-45ac-b46e-c7e29aa74509" testId="525820bd-70f9-c50b-e951-035a7b299aba" testName="TypesAreNotEqualWhenNullabilityIsDifferent(System.Collections.Generic.IList`1[T])" computerName="pkrvmxyh4eaekms" duration="00:00:00.0004300" startTime="2025-06-24T21:13:32.0195415+00:00" endTime="2025-06-24T21:13:32.0199716+00:00" testType="13cdc9d9-ddb5-4fa4-a97d-d965ccfc6d4b" outcome="Passed" testListId="8c84fa94-04c1-424b-9868-57a2d4851a1d" relativeResultsDirectory="6ebb8a9c-4816-45ac-b46e-c7e29aa74509" />
    <UnitTestResult executionId="c9795534-df9e-4275-adff-17c6a71b17a8" testId="a5540c0f-f1fa-9e7d-2b05-d2d2c90fc688" testName="IsArray(System.Int32[],True)" computerName="pkrvmxyh4eaekms" duration="00:00:00.0001480" startTime="2025-06-24T21:13:31.9717247+00:00" endTime="2025-06-24T21:13:31.9718724+00:00" testType="13cdc9d9-ddb5-4fa4-a97d-d965ccfc6d4b" outcome="Passed" testListId="8c84fa94-04c1-424b-9868-57a2d4851a1d" relativeResultsDirectory="c9795534-df9e-4275-adff-17c6a71b17a8" />
    <UnitTestResult executionId="f4f837fd-7943-45cc-a365-d3178f730f3f" testId="bbcaa4b0-3f46-3a73-7692-7ddd079c6af7" testName="WithRefCopiesProperties" computerName="pkrvmxyh4eaekms" duration="00:00:00.0018240" startTime="2025-06-24T21:13:40.4492664+00:00" endTime="2025-06-24T21:13:40.4510895+00:00" testType="13cdc9d9-ddb5-4fa4-a97d-d965ccfc6d4b" outcome="Passed" testListId="8c84fa94-04c1-424b-9868-57a2d4851a1d" relativeResultsDirectory="f4f837fd-7943-45cc-a365-d3178f730f3f" />
    <UnitTestResult executionId="2bae0dd9-07a7-4f74-a83c-3d8d613d812c" testId="138890cc-832b-4381-a02a-530cf0ec764b" testName="SiblingScopeLinesUseSameName" computerName="pkrvmxyh4eaekms" duration="00:00:00.0007550" startTime="2025-06-24T21:13:41.2826742+00:00" endTime="2025-06-24T21:13:41.2834294+00:00" testType="13cdc9d9-ddb5-4fa4-a97d-d965ccfc6d4b" outcome="Passed" testListId="8c84fa94-04c1-424b-9868-57a2d4851a1d" relativeResultsDirectory="2bae0dd9-07a7-4f74-a83c-3d8d613d812c" />
    <UnitTestResult executionId="7cd5cd38-2ef2-4105-8185-0b69dc0998a1" testId="3ccfa2f6-0e86-62eb-ad07-89f01dd93902" testName="KeyValuePairExpression(System.Int32,System.Collections.Generic.IList`1[System.Int32])" computerName="pkrvmxyh4eaekms" duration="00:00:00.0006050" startTime="2025-06-24T21:13:30.6530332+00:00" endTime="2025-06-24T21:13:30.6536377+00:00" testType="13cdc9d9-ddb5-4fa4-a97d-d965ccfc6d4b" outcome="Passed" testListId="8c84fa94-04c1-424b-9868-57a2d4851a1d" relativeResultsDirectory="7cd5cd38-2ef2-4105-8185-0b69dc0998a1" />
    <UnitTestResult executionId="de10ef4d-4487-4611-8fdd-ea047a793eb8" testId="98dd78b1-1ecf-225c-2dae-28d00044714f" testName="TestBreakLines_LineBreaksInFormat" computerName="pkrvmxyh4eaekms" duration="00:00:00.0000510" startTime="2025-06-24T21:13:41.1388079+00:00" endTime="2025-06-24T21:13:41.1388586+00:00" testType="13cdc9d9-ddb5-4fa4-a97d-d965ccfc6d4b" outcome="Passed" testListId="8c84fa94-04c1-424b-9868-57a2d4851a1d" relativeResultsDirectory="de10ef4d-4487-4611-8fdd-ea047a793eb8" />
    <UnitTestResult executionId="9f4a34c1-9212-4c32-8448-65067c2ef829" testId="9f5dc4d0-4f46-51dc-f0d6-39607e3de400" testName="IsCollectionType(System.Int32[],False)" computerName="pkrvmxyh4eaekms" duration="00:00:00.0002830" startTime="2025-06-24T21:13:31.9732685+00:00" endTime="2025-06-24T21:13:31.9735514+00:00" testType="13cdc9d9-ddb5-4fa4-a97d-d965ccfc6d4b" outcome="Passed" testListId="8c84fa94-04c1-424b-9868-57a2d4851a1d" relativeResultsDirectory="9f4a34c1-9212-4c32-8448-65067c2ef829" />
    <UnitTestResult executionId="a78b7648-a376-4a1e-8dcd-7b1ee599e15a" testId="e529b671-4072-6117-ed04-0e2e051c553f" testName="DictionaryExpression(System.Collections.Generic.IList`1[System.Int32],System.Int32)" computerName="pkrvmxyh4eaekms" duration="00:00:00.0004760" startTime="2025-06-24T21:13:30.6307456+00:00" endTime="2025-06-24T21:13:30.6312214+00:00" testType="13cdc9d9-ddb5-4fa4-a97d-d965ccfc6d4b" outcome="Passed" testListId="8c84fa94-04c1-424b-9868-57a2d4851a1d" relativeResultsDirectory="a78b7648-a376-4a1e-8dcd-7b1ee599e15a" />
    <UnitTestResult executionId="ee0b2f3e-6f75-47bd-b7f5-378356374e0a" testId="642252cc-ee55-63d1-36e9-8adcb260ce39" testName="TestIsCSharpKeyword(&quot;stackalloc&quot;,True)" computerName="pkrvmxyh4eaekms" duration="00:00:00.0004010" startTime="2025-06-24T21:13:41.2510077+00:00" endTime="2025-06-24T21:13:41.2514084+00:00" testType="13cdc9d9-ddb5-4fa4-a97d-d965ccfc6d4b" outcome="Passed" testListId="8c84fa94-04c1-424b-9868-57a2d4851a1d" relativeResultsDirectory="ee0b2f3e-6f75-47bd-b7f5-378356374e0a" />
    <UnitTestResult executionId="c9992c49-10c0-4bce-bebb-c3235b98d08c" testId="d1fa7d85-5780-0f20-ee4e-83b10fd1d81e" testName="HashCodesAreEqual(System.Collections.Generic.IDictionary`2[TKey,TValue])" computerName="pkrvmxyh4eaekms" duration="00:00:00.0003110" startTime="2025-06-24T21:13:31.9581136+00:00" endTime="2025-06-24T21:13:31.9584246+00:00" testType="13cdc9d9-ddb5-4fa4-a97d-d965ccfc6d4b" outcome="Passed" testListId="8c84fa94-04c1-424b-9868-57a2d4851a1d" relativeResultsDirectory="c9992c49-10c0-4bce-bebb-c3235b98d08c" />
    <UnitTestResult executionId="d550365b-9797-418a-aad8-24c22e535274" testId="4fb2cc97-89c3-8e80-7aea-e40e8b77feab" testName="IntSerializationFormat(Int16,null)" computerName="pkrvmxyh4eaekms" duration="00:00:00.0005590" startTime="2025-06-24T21:13:41.1287384+00:00" endTime="2025-06-24T21:13:41.1292971+00:00" testType="13cdc9d9-ddb5-4fa4-a97d-d965ccfc6d4b" outcome="Passed" testListId="8c84fa94-04c1-424b-9868-57a2d4851a1d" relativeResultsDirectory="d550365b-9797-418a-aad8-24c22e535274" />
    <UnitTestResult executionId="6196c94d-8131-43b4-be09-46ad1a5bc55d" testId="8d0e76e1-7de8-e197-f803-2767813ece35" testName="TypeModifiersTest(Public, Class, Partial)" computerName="pkrvmxyh4eaekms" duration="00:00:00.0003970" startTime="2025-06-24T21:13:41.3181830+00:00" endTime="2025-06-24T21:13:41.3185797+00:00" testType="13cdc9d9-ddb5-4fa4-a97d-d965ccfc6d4b" outcome="Passed" testListId="8c84fa94-04c1-424b-9868-57a2d4851a1d" relativeResultsDirectory="6196c94d-8131-43b4-be09-46ad1a5bc55d" />
    <UnitTestResult executionId="33fc8ad8-f047-4f9f-8a78-3355b953816f" testId="6d44a4f8-4f17-926e-54f6-59f6ee49f887" testName="CanChangeModelName" computerName="pkrvmxyh4eaekms" duration="00:00:00.0822530" startTime="2025-06-24T21:13:36.7717629+00:00" endTime="2025-06-24T21:13:36.8540150+00:00" testType="13cdc9d9-ddb5-4fa4-a97d-d965ccfc6d4b" outcome="Passed" testListId="8c84fa94-04c1-424b-9868-57a2d4851a1d" relativeResultsDirectory="33fc8ad8-f047-4f9f-8a78-3355b953816f" />
    <UnitTestResult executionId="320ea216-d904-4f12-82c1-b1e581f6f866" testId="bc057fca-fb18-c66b-7400-9f93d27e65bd" testName="TypesAreEqual(System.Collections.Generic.IDictionary`2[System.Int32,System.Int32])" computerName="pkrvmxyh4eaekms" duration="00:00:00.0002080" startTime="2025-06-24T21:13:32.0008283+00:00" endTime="2025-06-24T21:13:32.0010362+00:00" testType="13cdc9d9-ddb5-4fa4-a97d-d965ccfc6d4b" outcome="Passed" testListId="8c84fa94-04c1-424b-9868-57a2d4851a1d" relativeResultsDirectory="320ea216-d904-4f12-82c1-b1e581f6f866" />
    <UnitTestResult executionId="d4f5c232-6aad-42e9-b072-35e5ecdedd30" testId="2fad9bdc-11bd-393a-baa9-09a36df552c4" testName="TestIsCSharpKeyword(&quot;int&quot;,True)" computerName="pkrvmxyh4eaekms" duration="00:00:00.0003810" startTime="2025-06-24T21:13:41.2335054+00:00" endTime="2025-06-24T21:13:41.2338861+00:00" testType="13cdc9d9-ddb5-4fa4-a97d-d965ccfc6d4b" outcome="Passed" testListId="8c84fa94-04c1-424b-9868-57a2d4851a1d" relativeResultsDirectory="d4f5c232-6aad-42e9-b072-35e5ecdedd30" />
    <UnitTestResult executionId="0f1cd3e3-6373-453f-8feb-15d6870a71d5" testId="53789d2a-b56c-fa09-a401-1af46d9fa92d" testName="TestIsCSharpKeyword(&quot;decimal&quot;,True)" computerName="pkrvmxyh4eaekms" duration="00:00:00.0004170" startTime="2025-06-24T21:13:41.2225001+00:00" endTime="2025-06-24T21:13:41.2229172+00:00" testType="13cdc9d9-ddb5-4fa4-a97d-d965ccfc6d4b" outcome="Passed" testListId="8c84fa94-04c1-424b-9868-57a2d4851a1d" relativeResultsDirectory="0f1cd3e3-6373-453f-8feb-15d6870a71d5" />
    <UnitTestResult executionId="23441268-1d57-43ca-b5d5-ba697e924c0f" testId="42f71591-d73c-8990-98f8-f6f3fe171c28" testName="NotEqualToFrameworkType(System.Collections.Generic.IList`1[System.Int32],System.Collections.Generic.IList`1[T])" computerName="pkrvmxyh4eaekms" duration="00:00:00.0003850" startTime="2025-06-24T21:13:31.9906733+00:00" endTime="2025-06-24T21:13:31.9910578+00:00" testType="13cdc9d9-ddb5-4fa4-a97d-d965ccfc6d4b" outcome="Passed" testListId="8c84fa94-04c1-424b-9868-57a2d4851a1d" relativeResultsDirectory="23441268-1d57-43ca-b5d5-ba697e924c0f" />
    <UnitTestResult executionId="00bb05f2-a2fb-4efe-8e32-7aae48f415db" testId="b6b7338b-4970-ce48-bc58-d9b3eefe54de" testName="CanAddProperties" computerName="pkrvmxyh4eaekms" duration="00:00:00.0591980" startTime="2025-06-24T21:13:35.9301392+00:00" endTime="2025-06-24T21:13:35.9893370+00:00" testType="13cdc9d9-ddb5-4fa4-a97d-d965ccfc6d4b" outcome="Passed" testListId="8c84fa94-04c1-424b-9868-57a2d4851a1d" relativeResultsDirectory="00bb05f2-a2fb-4efe-8e32-7aae48f415db" />
    <UnitTestResult executionId="db00af2d-3b85-4df5-bdc4-2436a41a651b" testId="aa77dcb4-629c-c970-35f0-7c6df7feae23" testName="TestIsCSharpKeyword(&quot;void&quot;,True)" computerName="pkrvmxyh4eaekms" duration="00:00:00.0003860" startTime="2025-06-24T21:13:41.2661650+00:00" endTime="2025-06-24T21:13:41.2665511+00:00" testType="13cdc9d9-ddb5-4fa4-a97d-d965ccfc6d4b" outcome="Passed" testListId="8c84fa94-04c1-424b-9868-57a2d4851a1d" relativeResultsDirectory="db00af2d-3b85-4df5-bdc4-2436a41a651b" />
    <UnitTestResult executionId="a17f8ac3-2bbb-476b-84fd-0b3f6064794b" testId="3da57dc7-1aa2-af9c-2b93-fecb846d2a04" testName="BuildEnumType_ValidateIntBasedExtensibleEnum()" computerName="pkrvmxyh4eaekms" duration="00:00:00.0026790" startTime="2025-06-24T21:13:32.4977542+00:00" endTime="2025-06-24T21:13:32.5004331+00:00" testType="13cdc9d9-ddb5-4fa4-a97d-d965ccfc6d4b" outcome="Passed" testListId="8c84fa94-04c1-424b-9868-57a2d4851a1d" relativeResultsDirectory="a17f8ac3-2bbb-476b-84fd-0b3f6064794b" />
    <UnitTestResult executionId="ca30b0d6-cf1c-4728-8960-90eee63f9217" testId="678b2ab9-5250-0c7e-77aa-1dd093e379a0" testName="TestIsCSharpKeyword(&quot;unsafe&quot;,True)" computerName="pkrvmxyh4eaekms" duration="00:00:00.0004140" startTime="2025-06-24T21:13:41.2640713+00:00" endTime="2025-06-24T21:13:41.2644851+00:00" testType="13cdc9d9-ddb5-4fa4-a97d-d965ccfc6d4b" outcome="Passed" testListId="8c84fa94-04c1-424b-9868-57a2d4851a1d" relativeResultsDirectory="ca30b0d6-cf1c-4728-8960-90eee63f9217" />
    <UnitTestResult executionId="a64138f3-cbcd-4eea-9c9b-5190de159773" testId="3d3a32f5-bedd-f047-ab68-20f8c211f087" testName="TestBuildProperties_ValidatePropertySetters(Microsoft.TypeSpec.Generator.Input.InputModelProperty,global::System.Collections.Generic.IList&lt;string&gt;,True)" computerName="pkrvmxyh4eaekms" duration="00:00:00.0017320" startTime="2025-06-24T21:13:39.7397752+00:00" endTime="2025-06-24T21:13:39.7415071+00:00" testType="13cdc9d9-ddb5-4fa4-a97d-d965ccfc6d4b" outcome="Passed" testListId="8c84fa94-04c1-424b-9868-57a2d4851a1d" relativeResultsDirectory="a64138f3-cbcd-4eea-9c9b-5190de159773" />
    <UnitTestResult executionId="081c5ca7-6928-4f4c-8d64-aa7f73c4354c" testId="592e74ff-3455-fef7-3f49-357d335bc5de" testName="ValidateName" computerName="pkrvmxyh4eaekms" duration="00:00:00.0014270" startTime="2025-06-24T21:13:32.1595562+00:00" endTime="2025-06-24T21:13:32.1609831+00:00" testType="13cdc9d9-ddb5-4fa4-a97d-d965ccfc6d4b" outcome="Passed" testListId="8c84fa94-04c1-424b-9868-57a2d4851a1d" relativeResultsDirectory="081c5ca7-6928-4f4c-8d64-aa7f73c4354c" />
    <UnitTestResult executionId="7ddd4671-0faf-42ac-ba8a-81315ea08088" testId="fd624a63-82fa-89d1-c7b1-d6777f0bac80" testName="CanUpdateIfStatement" computerName="pkrvmxyh4eaekms" duration="00:00:00.0010390" startTime="2025-06-24T21:13:41.1023557+00:00" endTime="2025-06-24T21:13:41.1033950+00:00" testType="13cdc9d9-ddb5-4fa4-a97d-d965ccfc6d4b" outcome="Passed" testListId="8c84fa94-04c1-424b-9868-57a2d4851a1d" relativeResultsDirectory="7ddd4671-0faf-42ac-ba8a-81315ea08088" />
    <UnitTestResult executionId="851894b6-eb77-48a9-9c41-15f98952188c" testId="bbb9f240-1054-c03c-e79e-ecd00d8b30f4" testName="ValidateFrameworkInstance" computerName="pkrvmxyh4eaekms" duration="00:00:00.0007570" startTime="2025-06-24T21:13:40.8213072+00:00" endTime="2025-06-24T21:13:40.8220641+00:00" testType="13cdc9d9-ddb5-4fa4-a97d-d965ccfc6d4b" outcome="Passed" testListId="8c84fa94-04c1-424b-9868-57a2d4851a1d" relativeResultsDirectory="851894b6-eb77-48a9-9c41-15f98952188c" />
    <UnitTestResult executionId="dadc28f8-88af-4e24-a683-c19f9bf98072" testId="324bd578-405c-8b22-f175-28ae68baa7fd" testName="IsCollectionType(System.Collections.Generic.IReadOnlyList`1[T],True)" computerName="pkrvmxyh4eaekms" duration="00:00:00.0002120" startTime="2025-06-24T21:13:31.9748931+00:00" endTime="2025-06-24T21:13:31.9751049+00:00" testType="13cdc9d9-ddb5-4fa4-a97d-d965ccfc6d4b" outcome="Passed" testListId="8c84fa94-04c1-424b-9868-57a2d4851a1d" relativeResultsDirectory="dadc28f8-88af-4e24-a683-c19f9bf98072" />
    <UnitTestResult executionId="72a8cbb5-7389-4d82-943b-d82de3a1f107" testId="e8dadef5-733a-1ff1-73c3-c957c2313ea8" testName="OptionalityChangeNarrowPropertyHasNewKeyword" computerName="pkrvmxyh4eaekms" duration="00:00:00.0021950" startTime="2025-06-24T21:13:39.6754225+00:00" endTime="2025-06-24T21:13:39.6776171+00:00" testType="13cdc9d9-ddb5-4fa4-a97d-d965ccfc6d4b" outcome="Passed" testListId="8c84fa94-04c1-424b-9868-57a2d4851a1d" relativeResultsDirectory="72a8cbb5-7389-4d82-943b-d82de3a1f107" />
    <UnitTestResult executionId="dfcb6ac8-5769-4546-bdef-9bbb6d86c07b" testId="796e2043-ae75-c474-f100-7651f640179d" testName="ValidatePropertyTypes(System.Collections.Generic.IList`1[Microsoft.TypeSpec.Generator.Tests.Providers.NamedTypeSymbolProviders.NamedTypeSymbolProviderTests+SomeEnum])" computerName="pkrvmxyh4eaekms" duration="00:00:00.0155560" startTime="2025-06-24T21:13:40.1302571+00:00" endTime="2025-06-24T21:13:40.1458127+00:00" testType="13cdc9d9-ddb5-4fa4-a97d-d965ccfc6d4b" outcome="Passed" testListId="8c84fa94-04c1-424b-9868-57a2d4851a1d" relativeResultsDirectory="dfcb6ac8-5769-4546-bdef-9bbb6d86c07b" />
    <UnitTestResult executionId="d4d293cb-92e6-4adc-95ce-ad631bbe6f35" testId="46ebacfc-585a-45bd-fa8a-333ce302a0d7" testName="TestSpecialWords" computerName="pkrvmxyh4eaekms" duration="00:00:00.0009640" startTime="2025-06-24T21:13:40.4897166+00:00" endTime="2025-06-24T21:13:40.4906809+00:00" testType="13cdc9d9-ddb5-4fa4-a97d-d965ccfc6d4b" outcome="Passed" testListId="8c84fa94-04c1-424b-9868-57a2d4851a1d" relativeResultsDirectory="d4d293cb-92e6-4adc-95ce-ad631bbe6f35" />
    <UnitTestResult executionId="a8becab6-d299-4e7c-97d9-c4ea0bd9d9e7" testId="afbc18a2-d513-8802-fe89-8856a237affe" testName="TestToApiVersionValue(&quot;V2022_05_15_Preview&quot;,&quot;2022-05-15-preview&quot;)" computerName="pkrvmxyh4eaekms" duration="00:00:00.0002630" startTime="2025-06-24T21:13:41.2741761+00:00" endTime="2025-06-24T21:13:41.2744388+00:00" testType="13cdc9d9-ddb5-4fa4-a97d-d965ccfc6d4b" outcome="Passed" testListId="8c84fa94-04c1-424b-9868-57a2d4851a1d" relativeResultsDirectory="a8becab6-d299-4e7c-97d9-c4ea0bd9d9e7" />
    <UnitTestResult executionId="ea9cfdc2-6402-4eb8-aea3-09204f3527d1" testId="32867f33-873c-055e-5be2-a3beec6f0a0a" testName="TestIsCSharpKeyword(&quot;this&quot;,True)" computerName="pkrvmxyh4eaekms" duration="00:00:00.0003250" startTime="2025-06-24T21:13:41.2608399+00:00" endTime="2025-06-24T21:13:41.2611648+00:00" testType="13cdc9d9-ddb5-4fa4-a97d-d965ccfc6d4b" outcome="Passed" testListId="8c84fa94-04c1-424b-9868-57a2d4851a1d" relativeResultsDirectory="ea9cfdc2-6402-4eb8-aea3-09204f3527d1" />
    <UnitTestResult executionId="2d21e973-13eb-44e6-a30e-f03552ced8da" testId="8f58d932-596f-8a50-3cdc-61d496c37322" testName="NoExtensionMethods" computerName="pkrvmxyh4eaekms" duration="00:00:00.0002200" startTime="2025-06-24T21:13:41.2918331+00:00" endTime="2025-06-24T21:13:41.2920528+00:00" testType="13cdc9d9-ddb5-4fa4-a97d-d965ccfc6d4b" outcome="Passed" testListId="8c84fa94-04c1-424b-9868-57a2d4851a1d" relativeResultsDirectory="2d21e973-13eb-44e6-a30e-f03552ced8da" />
    <UnitTestResult executionId="b76dfd59-e329-4c47-945b-ded923d68e07" testId="e1612184-9311-cf3b-b8e5-f009d0763ff6" testName="CreateEnum_WithDeclaringType" computerName="pkrvmxyh4eaekms" duration="00:00:00.0015820" startTime="2025-06-24T21:13:41.1173960+00:00" endTime="2025-06-24T21:13:41.1189779+00:00" testType="13cdc9d9-ddb5-4fa4-a97d-d965ccfc6d4b" outcome="Passed" testListId="8c84fa94-04c1-424b-9868-57a2d4851a1d" relativeResultsDirectory="b76dfd59-e329-4c47-945b-ded923d68e07" />
    <UnitTestResult executionId="4bcbc4bb-ee80-44ef-a23f-a806981a85db" testId="17709349-ae15-d50f-ede0-4fa70e827d75" testName="TestNewInstanceExpression" computerName="pkrvmxyh4eaekms" duration="00:00:00.0006720" startTime="2025-06-24T21:13:30.5612002+00:00" endTime="2025-06-24T21:13:30.5618720+00:00" testType="13cdc9d9-ddb5-4fa4-a97d-d965ccfc6d4b" outcome="Passed" testListId="8c84fa94-04c1-424b-9868-57a2d4851a1d" relativeResultsDirectory="4bcbc4bb-ee80-44ef-a23f-a806981a85db" />
    <UnitTestResult executionId="5b931007-0c29-441f-bd2e-1265f527ad72" testId="21001f4f-7188-3241-0430-3531d1b521bc" testName="GeneratesNewNamesInChildScope" computerName="pkrvmxyh4eaekms" duration="00:00:00.0005750" startTime="2025-06-24T21:13:41.2820809+00:00" endTime="2025-06-24T21:13:41.2826558+00:00" testType="13cdc9d9-ddb5-4fa4-a97d-d965ccfc6d4b" outcome="Passed" testListId="8c84fa94-04c1-424b-9868-57a2d4851a1d" relativeResultsDirectory="5b931007-0c29-441f-bd2e-1265f527ad72" />
    <UnitTestResult executionId="cabd9fd8-8cc0-485f-a7ab-503d89520ff7" testId="7a8b2689-370c-14e9-bd4f-3671c0089d93" testName="DoesNotReplaceDefaultConstructorIfNotCustomized" computerName="pkrvmxyh4eaekms" duration="00:00:00.1053510" startTime="2025-06-24T21:13:39.5393828+00:00" endTime="2025-06-24T21:13:39.6447326+00:00" testType="13cdc9d9-ddb5-4fa4-a97d-d965ccfc6d4b" outcome="Passed" testListId="8c84fa94-04c1-424b-9868-57a2d4851a1d" relativeResultsDirectory="cabd9fd8-8cc0-485f-a7ab-503d89520ff7" />
    <UnitTestResult executionId="ea3dcd6f-3048-4c13-a006-798fa1846b64" testId="45b7f0be-7eb7-877e-9317-f8cc3e0bc50c" testName="DeclarationCanBeUsedTwice" computerName="pkrvmxyh4eaekms" duration="00:00:00.0006840" startTime="2025-06-24T21:13:41.2856758+00:00" endTime="2025-06-24T21:13:41.2863598+00:00" testType="13cdc9d9-ddb5-4fa4-a97d-d965ccfc6d4b" outcome="Passed" testListId="8c84fa94-04c1-424b-9868-57a2d4851a1d" relativeResultsDirectory="ea3dcd6f-3048-4c13-a006-798fa1846b64" />
    <UnitTestResult executionId="fd823858-1a6f-4d05-87d8-dcf863c05912" testId="5cebd592-bd9a-5f69-76f3-70a1b64fb493" testName="AttributeStatementWithArgumentsAndNamedArguments" computerName="pkrvmxyh4eaekms" duration="00:00:00.0006890" startTime="2025-06-24T21:13:41.0339086+00:00" endTime="2025-06-24T21:13:41.0345976+00:00" testType="13cdc9d9-ddb5-4fa4-a97d-d965ccfc6d4b" outcome="Passed" testListId="8c84fa94-04c1-424b-9868-57a2d4851a1d" relativeResultsDirectory="fd823858-1a6f-4d05-87d8-dcf863c05912" />
    <UnitTestResult executionId="402af11f-2e4d-4f14-9ce4-25aead71291e" testId="474ce8e7-95be-0f6b-ada6-532566f43080" testName="NotEqualToFrameworkType(System.Collections.Generic.IDictionary`2[System.Int32,System.String],System.Collections.Generic.IDictionary`2[System.String,System.Int32])" computerName="pkrvmxyh4eaekms" duration="00:00:00.0005419" startTime="2025-06-24T21:13:31.9930275+00:00" endTime="2025-06-24T21:13:31.9935693+00:00" testType="13cdc9d9-ddb5-4fa4-a97d-d965ccfc6d4b" outcome="Passed" testListId="8c84fa94-04c1-424b-9868-57a2d4851a1d" relativeResultsDirectory="402af11f-2e4d-4f14-9ce4-25aead71291e" />
    <UnitTestResult executionId="b8982be5-502f-4c47-b1c8-16588e84f9df" testId="b0406023-9e17-42af-fbaf-e1a01317df38" testName="TryCatchFinallyStatementWithTryAndCatch" computerName="pkrvmxyh4eaekms" duration="00:00:00.0005910" startTime="2025-06-24T21:13:41.0755613+00:00" endTime="2025-06-24T21:13:41.0761520+00:00" testType="13cdc9d9-ddb5-4fa4-a97d-d965ccfc6d4b" outcome="Passed" testListId="8c84fa94-04c1-424b-9868-57a2d4851a1d" relativeResultsDirectory="b8982be5-502f-4c47-b1c8-16588e84f9df" />
    <UnitTestResult executionId="3402e1ba-c2ba-42f1-8ef8-2cf1e090fc0a" testId="1dcd271b-663b-5d22-6b54-4d0246bd6b05" testName="AttributeStatementWithOneNamedArgument" computerName="pkrvmxyh4eaekms" duration="00:00:00.0004600" startTime="2025-06-24T21:13:41.0498254+00:00" endTime="2025-06-24T21:13:41.0502857+00:00" testType="13cdc9d9-ddb5-4fa4-a97d-d965ccfc6d4b" outcome="Passed" testListId="8c84fa94-04c1-424b-9868-57a2d4851a1d" relativeResultsDirectory="3402e1ba-c2ba-42f1-8ef8-2cf1e090fc0a" />
    <UnitTestResult executionId="88328e40-a6f8-4d0f-b4fa-3bb294eaced3" testId="047897f4-dbdf-d695-96c6-b995af803b8e" testName="TestBreakLines_FormatSpecifierInArg" computerName="pkrvmxyh4eaekms" duration="00:00:00.0000699" startTime="2025-06-24T21:13:41.1399678+00:00" endTime="2025-06-24T21:13:41.1400378+00:00" testType="13cdc9d9-ddb5-4fa4-a97d-d965ccfc6d4b" outcome="Passed" testListId="8c84fa94-04c1-424b-9868-57a2d4851a1d" relativeResultsDirectory="88328e40-a6f8-4d0f-b4fa-3bb294eaced3" />
    <UnitTestResult executionId="5e84678d-556d-4dcc-8166-224dbc3a3604" testId="45b44dd3-d284-879a-8717-71f2dd6524b4" testName="BuildEnumType_ValidateStringBasedExtensibleEnum()" computerName="pkrvmxyh4eaekms" duration="00:00:00.0034980" startTime="2025-06-24T21:13:32.5039694+00:00" endTime="2025-06-24T21:13:32.5074672+00:00" testType="13cdc9d9-ddb5-4fa4-a97d-d965ccfc6d4b" outcome="Passed" testListId="8c84fa94-04c1-424b-9868-57a2d4851a1d" relativeResultsDirectory="5e84678d-556d-4dcc-8166-224dbc3a3604" />
    <UnitTestResult executionId="ae9f9785-03fe-4c80-aed3-c95f31e0d0c5" testId="0d41fd72-8779-fb89-400f-320ee73a98bb" testName="TestParseVersionString(&quot;1.0.0&quot;,&quot;1.0.0&quot;,1.0.0,False)" computerName="pkrvmxyh4eaekms" duration="00:00:00.0012979" startTime="2025-06-24T21:13:41.2072493+00:00" endTime="2025-06-24T21:13:41.2085467+00:00" testType="13cdc9d9-ddb5-4fa4-a97d-d965ccfc6d4b" outcome="Passed" testListId="8c84fa94-04c1-424b-9868-57a2d4851a1d" relativeResultsDirectory="ae9f9785-03fe-4c80-aed3-c95f31e0d0c5" />
    <UnitTestResult executionId="3bd52369-bfc5-4244-8f55-4b8a7300336d" testId="d72030c3-f0e8-7e1b-156d-6a3e88a93e71" testName="AlreadyDeclaredVariableIsRenamedInScopeWithConflictingName" computerName="pkrvmxyh4eaekms" duration="00:00:00.0007120" startTime="2025-06-24T21:13:41.2849467+00:00" endTime="2025-06-24T21:13:41.2856582+00:00" testType="13cdc9d9-ddb5-4fa4-a97d-d965ccfc6d4b" outcome="Passed" testListId="8c84fa94-04c1-424b-9868-57a2d4851a1d" relativeResultsDirectory="3bd52369-bfc5-4244-8f55-4b8a7300336d" />
    <UnitTestResult executionId="149fd6ca-d171-4478-b0fc-7b9880c5e231" testId="753f0a40-a782-3885-7c0a-e9e27810f20a" testName="TestIsCSharpKeyword(&quot;long&quot;,True)" computerName="pkrvmxyh4eaekms" duration="00:00:00.0003680" startTime="2025-06-24T21:13:41.2368961+00:00" endTime="2025-06-24T21:13:41.2372641+00:00" testType="13cdc9d9-ddb5-4fa4-a97d-d965ccfc6d4b" outcome="Passed" testListId="8c84fa94-04c1-424b-9868-57a2d4851a1d" relativeResultsDirectory="149fd6ca-d171-4478-b0fc-7b9880c5e231" />
    <UnitTestResult executionId="29635b61-c5af-4f87-852f-a153dc7df358" testId="dd29f2c4-275d-da53-83a7-e4d640caf277" testName="UnknownVariantHasPetBase" computerName="pkrvmxyh4eaekms" duration="00:00:00.0022620" startTime="2025-06-24T21:13:35.9249952+00:00" endTime="2025-06-24T21:13:35.9272569+00:00" testType="13cdc9d9-ddb5-4fa4-a97d-d965ccfc6d4b" outcome="Passed" testListId="8c84fa94-04c1-424b-9868-57a2d4851a1d" relativeResultsDirectory="29635b61-c5af-4f87-852f-a153dc7df358" />
    <UnitTestResult executionId="36d5df2b-91b7-4608-b796-bff5607dc5d8" testId="8b915ac3-5c09-a33c-76c3-2bbb3fbc3f08" testName="TestLoadBaselineContractLoadsTypeSuccessfully_UnevaluatedTargetFrameworks()" computerName="pkrvmxyh4eaekms" duration="00:00:00.0215080" startTime="2025-06-24T21:13:31.5532053+00:00" endTime="2025-06-24T21:13:31.5747123+00:00" testType="13cdc9d9-ddb5-4fa4-a97d-d965ccfc6d4b" outcome="Passed" testListId="8c84fa94-04c1-424b-9868-57a2d4851a1d" relativeResultsDirectory="36d5df2b-91b7-4608-b796-bff5607dc5d8" />
    <UnitTestResult executionId="6f882e3b-8f29-4daf-a538-c2567d6c3d56" testId="7b78ffae-a6a9-ee3b-0943-f6470028f614" testName="IsList(System.Collections.Generic.IDictionary`2[TKey,TValue],False)" computerName="pkrvmxyh4eaekms" duration="00:00:00.0004500" startTime="2025-06-24T21:13:31.9776539+00:00" endTime="2025-06-24T21:13:31.9781038+00:00" testType="13cdc9d9-ddb5-4fa4-a97d-d965ccfc6d4b" outcome="Passed" testListId="8c84fa94-04c1-424b-9868-57a2d4851a1d" relativeResultsDirectory="6f882e3b-8f29-4daf-a538-c2567d6c3d56" />
    <UnitTestResult executionId="38bd8ec2-270b-4ba3-bae1-38d1bd283408" testId="2234441e-20a3-5910-1d29-7e976e13e77e" testName="OmitsModelFactoryMethodIfModelTypeInternal" computerName="pkrvmxyh4eaekms" duration="00:00:00.1751060" startTime="2025-06-24T21:13:33.9318706+00:00" endTime="2025-06-24T21:13:34.1069765+00:00" testType="13cdc9d9-ddb5-4fa4-a97d-d965ccfc6d4b" outcome="Passed" testListId="8c84fa94-04c1-424b-9868-57a2d4851a1d" relativeResultsDirectory="38bd8ec2-270b-4ba3-bae1-38d1bd283408" />
    <UnitTestResult executionId="5b755df1-3434-4721-bc75-fe3eca1c60a5" testId="8771b944-e50b-4cd8-1411-3ff539561cbb" testName="TestIsCSharpKeyword(&quot;nameof&quot;,True)" computerName="pkrvmxyh4eaekms" duration="00:00:00.0004310" startTime="2025-06-24T21:13:41.2372792+00:00" endTime="2025-06-24T21:13:41.2377102+00:00" testType="13cdc9d9-ddb5-4fa4-a97d-d965ccfc6d4b" outcome="Passed" testListId="8c84fa94-04c1-424b-9868-57a2d4851a1d" relativeResultsDirectory="5b755df1-3434-4721-bc75-fe3eca1c60a5" />
    <UnitTestResult executionId="14489c1e-9651-4983-83b6-e9c87f171f68" testId="49800c27-39bc-20f4-fbcf-393ddfc11db8" testName="EnumerableFormatInFormat" computerName="pkrvmxyh4eaekms" duration="00:00:00.0022620" startTime="2025-06-24T21:13:41.3086374+00:00" endTime="2025-06-24T21:13:41.3108996+00:00" testType="13cdc9d9-ddb5-4fa4-a97d-d965ccfc6d4b" outcome="Passed" testListId="8c84fa94-04c1-424b-9868-57a2d4851a1d" relativeResultsDirectory="14489c1e-9651-4983-83b6-e9c87f171f68" />
    <UnitTestResult executionId="0a1f8dc3-bf06-4b88-be0c-815bfa1823e1" testId="05dbcc0e-37b6-5c61-b5f8-c3fc14476401" testName="TestCustomizeNestedTypes(False)" computerName="pkrvmxyh4eaekms" duration="00:00:00.0782110" startTime="2025-06-24T21:13:40.6060085+00:00" endTime="2025-06-24T21:13:40.6842184+00:00" testType="13cdc9d9-ddb5-4fa4-a97d-d965ccfc6d4b" outcome="Passed" testListId="8c84fa94-04c1-424b-9868-57a2d4851a1d" relativeResultsDirectory="0a1f8dc3-bf06-4b88-be0c-815bfa1823e1" />
    <UnitTestResult executionId="61034504-f5c8-4e07-8d69-e23a28e312c0" testId="75294453-38c3-0103-a312-a963689198db" testName="TestIsCSharpKeyword(&quot;while&quot;,True)" computerName="pkrvmxyh4eaekms" duration="00:00:00.0004050" startTime="2025-06-24T21:13:41.2698714+00:00" endTime="2025-06-24T21:13:41.2702767+00:00" testType="13cdc9d9-ddb5-4fa4-a97d-d965ccfc6d4b" outcome="Passed" testListId="8c84fa94-04c1-424b-9868-57a2d4851a1d" relativeResultsDirectory="61034504-f5c8-4e07-8d69-e23a28e312c0" />
    <UnitTestResult executionId="c2f718e6-28bf-4d10-933a-1a34e972967b" testId="ae193638-acd8-a527-e257-07f3dcf34f52" testName="BuildPropertyDescription(Microsoft.TypeSpec.Generator.Input.InputModelProperty,global::System.Collections.Generic.IReadOnlyList&lt;global::System.BinaryData&gt;)" computerName="pkrvmxyh4eaekms" duration="00:00:00.0007240" startTime="2025-06-24T21:13:40.4529381+00:00" endTime="2025-06-24T21:13:40.4536618+00:00" testType="13cdc9d9-ddb5-4fa4-a97d-d965ccfc6d4b" outcome="Passed" testListId="8c84fa94-04c1-424b-9868-57a2d4851a1d" relativeResultsDirectory="c2f718e6-28bf-4d10-933a-1a34e972967b" />
    <UnitTestResult executionId="964f540d-fbd8-4e58-b178-8235e4fe66ba" testId="905dfdc6-9448-9f00-51aa-f98f66624d9e" testName="IsList(System.Collections.Generic.ICollection`1[T],True)" computerName="pkrvmxyh4eaekms" duration="00:00:00.0001910" startTime="2025-06-24T21:13:31.9794137+00:00" endTime="2025-06-24T21:13:31.9796049+00:00" testType="13cdc9d9-ddb5-4fa4-a97d-d965ccfc6d4b" outcome="Passed" testListId="8c84fa94-04c1-424b-9868-57a2d4851a1d" relativeResultsDirectory="964f540d-fbd8-4e58-b178-8235e4fe66ba" />
    <UnitTestResult executionId="548e0e39-4b7f-4138-9354-361298a27909" testId="2dbe48d0-ea66-2f9c-042c-b20f4122277a" testName="DictionaryExpressionAddItems" computerName="pkrvmxyh4eaekms" duration="00:00:00.0005430" startTime="2025-06-24T21:13:30.6441456+00:00" endTime="2025-06-24T21:13:30.6446883+00:00" testType="13cdc9d9-ddb5-4fa4-a97d-d965ccfc6d4b" outcome="Passed" testListId="8c84fa94-04c1-424b-9868-57a2d4851a1d" relativeResultsDirectory="548e0e39-4b7f-4138-9354-361298a27909" />
    <UnitTestResult executionId="2ca0884b-1439-4847-9bd3-edffa13fdc1a" testId="2956291e-4314-cc23-4bcb-88b96d7c8b03" testName="ValidatePropertyTypes(System.Nullable`1[System.Double])" computerName="pkrvmxyh4eaekms" duration="00:00:00.0087840" startTime="2025-06-24T21:13:40.0537389+00:00" endTime="2025-06-24T21:13:40.0625226+00:00" testType="13cdc9d9-ddb5-4fa4-a97d-d965ccfc6d4b" outcome="Passed" testListId="8c84fa94-04c1-424b-9868-57a2d4851a1d" relativeResultsDirectory="2ca0884b-1439-4847-9bd3-edffa13fdc1a" />
    <UnitTestResult executionId="a826a37c-67a3-4d50-bf8b-cdfef83c9551" testId="46b84018-7720-3036-e1d7-60256291efb9" testName="TestVerbose()" computerName="pkrvmxyh4eaekms" duration="00:00:00.0003830" startTime="2025-06-24T21:13:30.5320770+00:00" endTime="2025-06-24T21:13:30.5324603+00:00" testType="13cdc9d9-ddb5-4fa4-a97d-d965ccfc6d4b" outcome="Passed" testListId="8c84fa94-04c1-424b-9868-57a2d4851a1d" relativeResultsDirectory="a826a37c-67a3-4d50-bf8b-cdfef83c9551" />
    <UnitTestResult executionId="9b123ac2-d1f6-4aae-8b18-c954db17ae56" testId="2717c16e-7d4e-6367-c2b5-b4d663618cf6" testName="ValidateInstance" computerName="pkrvmxyh4eaekms" duration="00:00:00.0005830" startTime="2025-06-24T21:13:40.8241431+00:00" endTime="2025-06-24T21:13:40.8247257+00:00" testType="13cdc9d9-ddb5-4fa4-a97d-d965ccfc6d4b" outcome="Passed" testListId="8c84fa94-04c1-424b-9868-57a2d4851a1d" relativeResultsDirectory="9b123ac2-d1f6-4aae-8b18-c954db17ae56" />
    <UnitTestResult executionId="f650acd8-82ad-4429-8b46-dc47282de6bf" testId="4fa0749a-9226-fbf0-7fab-089e2afe9755" testName="TestIsCSharpKeyword(&quot;fixed&quot;,True)" computerName="pkrvmxyh4eaekms" duration="00:00:00.0003780" startTime="2025-06-24T21:13:41.2288121+00:00" endTime="2025-06-24T21:13:41.2291901+00:00" testType="13cdc9d9-ddb5-4fa4-a97d-d965ccfc6d4b" outcome="Passed" testListId="8c84fa94-04c1-424b-9868-57a2d4851a1d" relativeResultsDirectory="f650acd8-82ad-4429-8b46-dc47282de6bf" />
    <UnitTestResult executionId="33eb250f-2e7d-4801-920c-5d2a9ccb5864" testId="9dc37f2a-c5ae-ddf1-babf-93c860dad240" testName="CreateForeachStatement" computerName="pkrvmxyh4eaekms" duration="00:00:00.0006010" startTime="2025-06-24T21:13:41.0528121+00:00" endTime="2025-06-24T21:13:41.0534128+00:00" testType="13cdc9d9-ddb5-4fa4-a97d-d965ccfc6d4b" outcome="Passed" testListId="8c84fa94-04c1-424b-9868-57a2d4851a1d" relativeResultsDirectory="33eb250f-2e7d-4801-920c-5d2a9ccb5864" />
    <UnitTestResult executionId="57e4caa3-0be2-4f10-95c3-341ad31d280d" testId="dbd204dc-e937-d695-c501-20aa7fe433ee" testName="SharedSourceFilesAreReduced" computerName="pkrvmxyh4eaekms" duration="00:00:00.1118960" startTime="2025-06-24T21:13:31.7740370+00:00" endTime="2025-06-24T21:13:31.8859327+00:00" testType="13cdc9d9-ddb5-4fa4-a97d-d965ccfc6d4b" outcome="Passed" testListId="8c84fa94-04c1-424b-9868-57a2d4851a1d" relativeResultsDirectory="57e4caa3-0be2-4f10-95c3-341ad31d280d" />
    <UnitTestResult executionId="2f0dd85d-2a62-4d28-bc11-2b93c8440ac4" testId="0451834b-5d61-8a2a-2271-a0d29dce553b" testName="BodyHasSetterValidation(&quot;readOnlyCollectionOnOutputModel&quot;,Microsoft.TypeSpec.Generator.Input.InputModelType,False,null)" computerName="pkrvmxyh4eaekms" duration="00:00:00.0008080" startTime="2025-06-24T21:13:40.4665402+00:00" endTime="2025-06-24T21:13:40.4673478+00:00" testType="13cdc9d9-ddb5-4fa4-a97d-d965ccfc6d4b" outcome="Passed" testListId="8c84fa94-04c1-424b-9868-57a2d4851a1d" relativeResultsDirectory="2f0dd85d-2a62-4d28-bc11-2b93c8440ac4" />
    <UnitTestResult executionId="934530d0-a8fe-4f7c-a66e-4ad15e7cc912" testId="763a6323-3950-5210-95f7-b639e604c6d4" testName="TypeProviderWriter_WriteModelAsStruct" computerName="pkrvmxyh4eaekms" duration="00:00:00.0013950" startTime="2025-06-24T21:13:41.5992829+00:00" endTime="2025-06-24T21:13:41.6006783+00:00" testType="13cdc9d9-ddb5-4fa4-a97d-d965ccfc6d4b" outcome="Passed" testListId="8c84fa94-04c1-424b-9868-57a2d4851a1d" relativeResultsDirectory="934530d0-a8fe-4f7c-a66e-4ad15e7cc912" />
    <UnitTestResult executionId="6423861b-7613-4ca5-ac97-950a71fbbf49" testId="591c9942-2970-8e99-2318-857d33506a92" testName="IntSerializationFormat(Int32,&quot;string&quot;)" computerName="pkrvmxyh4eaekms" duration="00:00:00.0005910" startTime="2025-06-24T21:13:41.1304231+00:00" endTime="2025-06-24T21:13:41.1310141+00:00" testType="13cdc9d9-ddb5-4fa4-a97d-d965ccfc6d4b" outcome="Passed" testListId="8c84fa94-04c1-424b-9868-57a2d4851a1d" relativeResultsDirectory="6423861b-7613-4ca5-ac97-950a71fbbf49" />
    <UnitTestResult executionId="59a06f4b-378c-49ba-96ae-ef77af90e61a" testId="597bd723-9003-2a88-ade0-4bc49ffe996b" testName="ValidatePropertyTypes(System.Collections.Generic.IEnumerable`1[Microsoft.TypeSpec.Generator.Tests.PropertyType])" computerName="pkrvmxyh4eaekms" duration="00:00:00.0139370" startTime="2025-06-24T21:13:40.1874663+00:00" endTime="2025-06-24T21:13:40.2014030+00:00" testType="13cdc9d9-ddb5-4fa4-a97d-d965ccfc6d4b" outcome="Passed" testListId="8c84fa94-04c1-424b-9868-57a2d4851a1d" relativeResultsDirectory="59a06f4b-378c-49ba-96ae-ef77af90e61a" />
    <UnitTestResult executionId="e1083449-e060-4e62-b51a-b9a416a22fe3" testId="4fbdb465-712a-f2fe-5f43-f7e5faabbe8f" testName="BodyHasSetterValidation(&quot;readOnlyCollectionOnInputOutputModel&quot;,Microsoft.TypeSpec.Generator.Input.InputModelType,False,null)" computerName="pkrvmxyh4eaekms" duration="00:00:00.0006540" startTime="2025-06-24T21:13:40.4673775+00:00" endTime="2025-06-24T21:13:40.4680310+00:00" testType="13cdc9d9-ddb5-4fa4-a97d-d965ccfc6d4b" outcome="Passed" testListId="8c84fa94-04c1-424b-9868-57a2d4851a1d" relativeResultsDirectory="e1083449-e060-4e62-b51a-b9a416a22fe3" />
    <UnitTestResult executionId="e362fb40-6d59-4373-b85a-d77ead6ba0f8" testId="b3ed2cd2-f22a-e86b-ed85-bfe669051bb8" testName="VerifyBaseTypeIsNull" computerName="pkrvmxyh4eaekms" duration="00:00:00.0101340" startTime="2025-06-24T21:13:39.8315163+00:00" endTime="2025-06-24T21:13:39.8416493+00:00" testType="13cdc9d9-ddb5-4fa4-a97d-d965ccfc6d4b" outcome="Passed" testListId="8c84fa94-04c1-424b-9868-57a2d4851a1d" relativeResultsDirectory="e362fb40-6d59-4373-b85a-d77ead6ba0f8" />
    <UnitTestResult executionId="e99777e0-22f5-41f4-bb10-909f6298bd32" testId="1433ebb5-79e1-e24b-a6a4-f85d023188e2" testName="SelectGeneratorFindsMatchingGenerator" computerName="pkrvmxyh4eaekms" duration="00:00:00.0011800" startTime="2025-06-24T21:13:40.9263546+00:00" endTime="2025-06-24T21:13:40.9275346+00:00" testType="13cdc9d9-ddb5-4fa4-a97d-d965ccfc6d4b" outcome="Passed" testListId="8c84fa94-04c1-424b-9868-57a2d4851a1d" relativeResultsDirectory="e99777e0-22f5-41f4-bb10-909f6298bd32" />
    <UnitTestResult executionId="4a7aee59-d4a1-4d65-8956-c76e74d294ce" testId="34a52cdc-2177-3e63-5d86-a0fa5315fe07" testName="TestLoadBaselineContractLoadsTypeSuccessfully()" computerName="pkrvmxyh4eaekms" duration="00:00:00.7918820" startTime="2025-06-24T21:13:30.7612129+00:00" endTime="2025-06-24T21:13:31.5530947+00:00" testType="13cdc9d9-ddb5-4fa4-a97d-d965ccfc6d4b" outcome="Passed" testListId="8c84fa94-04c1-424b-9868-57a2d4851a1d" relativeResultsDirectory="4a7aee59-d4a1-4d65-8956-c76e74d294ce" />
    <UnitTestResult executionId="ba280e7b-2e38-4ac9-8956-4f864daf3eff" testId="51fb16f6-66c4-0050-c71e-12ab273ae4b0" testName="TestToApiVersionValue(&quot;V2023_12_31&quot;,&quot;2023-12-31&quot;)" computerName="pkrvmxyh4eaekms" duration="00:00:00.0000749" startTime="2025-06-24T21:13:41.2764107+00:00" endTime="2025-06-24T21:13:41.2764856+00:00" testType="13cdc9d9-ddb5-4fa4-a97d-d965ccfc6d4b" outcome="Passed" testListId="8c84fa94-04c1-424b-9868-57a2d4851a1d" relativeResultsDirectory="ba280e7b-2e38-4ac9-8956-4f864daf3eff" />
    <UnitTestResult executionId="7d3a7f31-18aa-43a2-b5c4-e579808d9bb4" testId="a0f47aa3-90be-a10d-6bdd-4f3eed0942ec" testName="CodeWriter_WriteMethod_GenericConstraints" computerName="pkrvmxyh4eaekms" duration="00:00:00.0007200" startTime="2025-06-24T21:13:41.2965092+00:00" endTime="2025-06-24T21:13:41.2972287+00:00" testType="13cdc9d9-ddb5-4fa4-a97d-d965ccfc6d4b" outcome="Passed" testListId="8c84fa94-04c1-424b-9868-57a2d4851a1d" relativeResultsDirectory="7d3a7f31-18aa-43a2-b5c4-e579808d9bb4" />
    <UnitTestResult executionId="d5e02ffd-f393-4db4-8ac5-f3d618143807" testId="d7410c30-2c38-57f3-a26d-1ba9591f6649" testName="CSharpTypeOperatorTestEqual(int)" computerName="pkrvmxyh4eaekms" duration="00:00:00.0001880" startTime="2025-06-24T21:13:30.7126084+00:00" endTime="2025-06-24T21:13:30.7127962+00:00" testType="13cdc9d9-ddb5-4fa4-a97d-d965ccfc6d4b" outcome="Passed" testListId="8c84fa94-04c1-424b-9868-57a2d4851a1d" relativeResultsDirectory="d5e02ffd-f393-4db4-8ac5-f3d618143807" />
    <UnitTestResult executionId="9f85df2a-9912-4e10-ac89-d1f80ed6f5e2" testId="0f11278f-9664-24e1-72c4-4100f1fa8197" testName="ValidateDictionary" computerName="pkrvmxyh4eaekms" duration="00:00:00.0006500" startTime="2025-06-24T21:13:40.8186169+00:00" endTime="2025-06-24T21:13:40.8192668+00:00" testType="13cdc9d9-ddb5-4fa4-a97d-d965ccfc6d4b" outcome="Passed" testListId="8c84fa94-04c1-424b-9868-57a2d4851a1d" relativeResultsDirectory="9f85df2a-9912-4e10-ac89-d1f80ed6f5e2" />
    <UnitTestResult executionId="14ab7e5e-37c7-4533-ae32-df5ed76f4778" testId="0c23041d-c653-bb0d-7faf-563309162fe4" testName="DisableDocsForType" computerName="pkrvmxyh4eaekms" duration="00:00:00.0171110" startTime="2025-06-24T21:13:27.3986064+00:00" endTime="2025-06-24T21:13:27.4157174+00:00" testType="13cdc9d9-ddb5-4fa4-a97d-d965ccfc6d4b" outcome="Passed" testListId="8c84fa94-04c1-424b-9868-57a2d4851a1d" relativeResultsDirectory="14ab7e5e-37c7-4533-ae32-df5ed76f4778" />
    <UnitTestResult executionId="496aa30c-9def-4790-8138-24d4750601c8" testId="0d94413d-5980-00bb-76ff-2898fec51ab1" testName="IsCollectionType(System.Collections.Generic.ICollection`1[T],True)" computerName="pkrvmxyh4eaekms" duration="00:00:00.0002560" startTime="2025-06-24T21:13:31.9756484+00:00" endTime="2025-06-24T21:13:31.9759041+00:00" testType="13cdc9d9-ddb5-4fa4-a97d-d965ccfc6d4b" outcome="Passed" testListId="8c84fa94-04c1-424b-9868-57a2d4851a1d" relativeResultsDirectory="496aa30c-9def-4790-8138-24d4750601c8" />
    <UnitTestResult executionId="b99604f6-4fb0-46f6-993e-94f51a1a68b5" testId="23519c24-ab5f-d52c-5a79-c6c42f23d463" testName="NotSameInstance" computerName="pkrvmxyh4eaekms" duration="00:00:00.0007980" startTime="2025-06-24T21:13:40.4441455+00:00" endTime="2025-06-24T21:13:40.4449431+00:00" testType="13cdc9d9-ddb5-4fa4-a97d-d965ccfc6d4b" outcome="Passed" testListId="8c84fa94-04c1-424b-9868-57a2d4851a1d" relativeResultsDirectory="b99604f6-4fb0-46f6-993e-94f51a1a68b5" />
    <UnitTestResult executionId="0a5e3684-d32a-4183-8c20-328e579f3054" testId="2f20f457-4f30-a82d-3ca5-006ea3a6967b" testName="GetGenericTypeDefinition(System.Collections.Generic.IDictionary`2[System.Int32,System.Collections.Generic.IList`1[System.String]],System.Collections.Generic.IDictionary`2[TKey,TValue],False)" computerName="pkrvmxyh4eaekms" duration="00:00:00.0439180" startTime="2025-06-24T21:13:31.9086719+00:00" endTime="2025-06-24T21:13:31.9525889+00:00" testType="13cdc9d9-ddb5-4fa4-a97d-d965ccfc6d4b" outcome="Passed" testListId="8c84fa94-04c1-424b-9868-57a2d4851a1d" relativeResultsDirectory="0a5e3684-d32a-4183-8c20-328e579f3054" />
    <UnitTestResult executionId="e530b2b3-e9ce-4209-805a-a6123d7ec786" testId="d36eaaf9-365f-b70a-5ce1-c881529024e6" testName="TestIsCSharpKeyword(&quot;char&quot;,True)" computerName="pkrvmxyh4eaekms" duration="00:00:00.0003790" startTime="2025-06-24T21:13:41.2203889+00:00" endTime="2025-06-24T21:13:41.2207682+00:00" testType="13cdc9d9-ddb5-4fa4-a97d-d965ccfc6d4b" outcome="Passed" testListId="8c84fa94-04c1-424b-9868-57a2d4851a1d" relativeResultsDirectory="e530b2b3-e9ce-4209-805a-a6123d7ec786" />
    <UnitTestResult executionId="ca777173-45a3-49c8-8cf3-66b7046b07cb" testId="6445d3d6-ffa3-2623-b9bf-ecec79bf0d48" testName="CanChangeAccessibility" computerName="pkrvmxyh4eaekms" duration="00:00:00.0534220" startTime="2025-06-24T21:13:35.9893902+00:00" endTime="2025-06-24T21:13:36.0428121+00:00" testType="13cdc9d9-ddb5-4fa4-a97d-d965ccfc6d4b" outcome="Passed" testListId="8c84fa94-04c1-424b-9868-57a2d4851a1d" relativeResultsDirectory="ca777173-45a3-49c8-8cf3-66b7046b07cb" />
    <UnitTestResult executionId="6074d76c-c713-48ba-985a-0abe94fe7aae" testId="d5b4e9f5-f4d0-85d8-bb34-96f7deb58741" testName="CanChangeSwitchStatement" computerName="pkrvmxyh4eaekms" duration="00:00:00.0027840" startTime="2025-06-24T21:13:41.0860211+00:00" endTime="2025-06-24T21:13:41.0888050+00:00" testType="13cdc9d9-ddb5-4fa4-a97d-d965ccfc6d4b" outcome="Passed" testListId="8c84fa94-04c1-424b-9868-57a2d4851a1d" relativeResultsDirectory="6074d76c-c713-48ba-985a-0abe94fe7aae" />
    <UnitTestResult executionId="92de7809-ae80-4826-a863-016098f41fcc" testId="921becbe-871e-b5c6-0fad-012382fc0bba" testName="TypeModifiersTest(Private, Class)" computerName="pkrvmxyh4eaekms" duration="00:00:00.0008790" startTime="2025-06-24T21:13:41.3172873+00:00" endTime="2025-06-24T21:13:41.3181663+00:00" testType="13cdc9d9-ddb5-4fa4-a97d-d965ccfc6d4b" outcome="Passed" testListId="8c84fa94-04c1-424b-9868-57a2d4851a1d" relativeResultsDirectory="92de7809-ae80-4826-a863-016098f41fcc" />
    <UnitTestResult executionId="33e40d93-84c6-450b-ab98-457dc66738df" testId="bf677aec-7ef0-def2-9b66-e1eef9bbe9cb" testName="ValidateArrayHandling" computerName="pkrvmxyh4eaekms" duration="00:00:00.0008460" startTime="2025-06-24T21:13:40.4461857+00:00" endTime="2025-06-24T21:13:40.4470313+00:00" testType="13cdc9d9-ddb5-4fa4-a97d-d965ccfc6d4b" outcome="Passed" testListId="8c84fa94-04c1-424b-9868-57a2d4851a1d" relativeResultsDirectory="33e40d93-84c6-450b-ab98-457dc66738df" />
    <UnitTestResult executionId="2cb7c491-a5fb-4d7c-9a09-51e02a43734b" testId="d8820f6c-b583-54f8-a42b-8e0896c5d242" testName="ValidateParameters(System.Boolean,ScopedApi { Original = KeywordExpression { Keyword = false, Expression =  }, Type = bool })" computerName="pkrvmxyh4eaekms" duration="00:00:00.0124510" startTime="2025-06-24T21:13:40.0009484+00:00" endTime="2025-06-24T21:13:40.0133993+00:00" testType="13cdc9d9-ddb5-4fa4-a97d-d965ccfc6d4b" outcome="Passed" testListId="8c84fa94-04c1-424b-9868-57a2d4851a1d" relativeResultsDirectory="2cb7c491-a5fb-4d7c-9a09-51e02a43734b" />
    <UnitTestResult executionId="c3a9e778-97b0-4d1f-91ef-1aba72fedfff" testId="3be806f7-f582-ad07-2c81-d19696092c39" testName="ValueTypeHasNoValidation(Microsoft.TypeSpec.Generator.Input.InputEnumType)" computerName="pkrvmxyh4eaekms" duration="00:00:00.0006130" startTime="2025-06-24T21:13:40.4486056+00:00" endTime="2025-06-24T21:13:40.4492184+00:00" testType="13cdc9d9-ddb5-4fa4-a97d-d965ccfc6d4b" outcome="Passed" testListId="8c84fa94-04c1-424b-9868-57a2d4851a1d" relativeResultsDirectory="c3a9e778-97b0-4d1f-91ef-1aba72fedfff" />
    <UnitTestResult executionId="11de04e7-d28f-4dd4-91ad-67cfa483f223" testId="ad405981-b262-d2c1-3af9-18da6417b9a4" testName="TestBreakLines_RecursiveFormattableStringsWithAllLineBreaks" computerName="pkrvmxyh4eaekms" duration="00:00:00.0000960" startTime="2025-06-24T21:13:41.1397260+00:00" endTime="2025-06-24T21:13:41.1398222+00:00" testType="13cdc9d9-ddb5-4fa4-a97d-d965ccfc6d4b" outcome="Passed" testListId="8c84fa94-04c1-424b-9868-57a2d4851a1d" relativeResultsDirectory="11de04e7-d28f-4dd4-91ad-67cfa483f223" />
    <UnitTestResult executionId="47a8a635-2657-4ffa-9f1c-7bed2bf654bb" testId="155b9ba4-9dd0-8413-bf06-25a339f50100" testName="TestIsCSharpKeyword(&quot;override&quot;,True)" computerName="pkrvmxyh4eaekms" duration="00:00:00.0004150" startTime="2025-06-24T21:13:41.2415623+00:00" endTime="2025-06-24T21:13:41.2419777+00:00" testType="13cdc9d9-ddb5-4fa4-a97d-d965ccfc6d4b" outcome="Passed" testListId="8c84fa94-04c1-424b-9868-57a2d4851a1d" relativeResultsDirectory="47a8a635-2657-4ffa-9f1c-7bed2bf654bb" />
    <UnitTestResult executionId="6692d8ff-a396-48ae-b5ff-b64bf644cc15" testId="e88e6018-9b4b-9299-f58a-7a9bec78f031" testName="TestIsCSharpKeyword(&quot;struct&quot;,True)" computerName="pkrvmxyh4eaekms" duration="00:00:00.0003810" startTime="2025-06-24T21:13:41.2601031+00:00" endTime="2025-06-24T21:13:41.2604845+00:00" testType="13cdc9d9-ddb5-4fa4-a97d-d965ccfc6d4b" outcome="Passed" testListId="8c84fa94-04c1-424b-9868-57a2d4851a1d" relativeResultsDirectory="6692d8ff-a396-48ae-b5ff-b64bf644cc15" />
    <UnitTestResult executionId="c6e7950d-ce27-47da-965d-4a1d1c4aaa8f" testId="07008d94-fa7b-c33e-c12a-f3e6c127fdc5" testName="ToPublicInputParameterCopiesProperties" computerName="pkrvmxyh4eaekms" duration="00:00:00.0011980" startTime="2025-06-24T21:13:40.4449594+00:00" endTime="2025-06-24T21:13:40.4461572+00:00" testType="13cdc9d9-ddb5-4fa4-a97d-d965ccfc6d4b" outcome="Passed" testListId="8c84fa94-04c1-424b-9868-57a2d4851a1d" relativeResultsDirectory="c6e7950d-ce27-47da-965d-4a1d1c4aaa8f" />
    <UnitTestResult executionId="a5758c5d-0feb-4e40-aa1a-9bf982699ad1" testId="36f565da-6c41-27fb-f0ad-2851820a6c55" testName="BaseConstructorShouldBePrivateProtected" computerName="pkrvmxyh4eaekms" duration="00:00:00.0023590" startTime="2025-06-24T21:13:35.5997173+00:00" endTime="2025-06-24T21:13:35.6020761+00:00" testType="13cdc9d9-ddb5-4fa4-a97d-d965ccfc6d4b" outcome="Passed" testListId="8c84fa94-04c1-424b-9868-57a2d4851a1d" relativeResultsDirectory="a5758c5d-0feb-4e40-aa1a-9bf982699ad1" />
    <UnitTestResult executionId="45d9991f-5269-4225-9d60-9822d0ca2282" testId="4706d989-7332-52ee-a47a-b404a2d3bd89" testName="SystemTypeOperatorTestNotEqual(System.Collections.Generic.IList`1[System.Int32],System.Int32)" computerName="pkrvmxyh4eaekms" duration="00:00:00.0005570" startTime="2025-06-24T21:13:30.7326441+00:00" endTime="2025-06-24T21:13:30.7332006+00:00" testType="13cdc9d9-ddb5-4fa4-a97d-d965ccfc6d4b" outcome="Passed" testListId="8c84fa94-04c1-424b-9868-57a2d4851a1d" relativeResultsDirectory="45d9991f-5269-4225-9d60-9822d0ca2282" />
    <UnitTestResult executionId="8fab1fe6-3a72-4e78-9d52-ae3eb598811d" testId="6483fdf4-0bed-466d-dfea-6ad36d9bfb4c" testName="HashCodesAreNotEqual(System.Collections.Generic.IList`1[System.Int32],System.Collections.Generic.IList`1[T])" computerName="pkrvmxyh4eaekms" duration="00:00:00.0005920" startTime="2025-06-24T21:13:31.9625455+00:00" endTime="2025-06-24T21:13:31.9631376+00:00" testType="13cdc9d9-ddb5-4fa4-a97d-d965ccfc6d4b" outcome="Passed" testListId="8c84fa94-04c1-424b-9868-57a2d4851a1d" relativeResultsDirectory="8fab1fe6-3a72-4e78-9d52-ae3eb598811d" />
    <UnitTestResult executionId="7d6b6762-0cf5-4958-b6bc-e4261167e7c7" testId="e303d999-2b6c-2af9-2825-d923ed6aba31" testName="TestParseCommandLineOptionsArgs([&quot;../inputDir&quot;, &quot;-g CodeModelGenerator&quot;],False)" computerName="pkrvmxyh4eaekms" duration="00:00:00.0687290" startTime="2025-06-24T21:13:40.8280517+00:00" endTime="2025-06-24T21:13:40.8967800+00:00" testType="13cdc9d9-ddb5-4fa4-a97d-d965ccfc6d4b" outcome="Passed" testListId="8c84fa94-04c1-424b-9868-57a2d4851a1d" relativeResultsDirectory="7d6b6762-0cf5-4958-b6bc-e4261167e7c7" />
    <UnitTestResult executionId="dec92462-96a2-4f58-b659-47cdc9cef4d9" testId="76bb760b-94c3-9f49-a667-ff04e895a19d" testName="HashCodesAreNotEqual(System.Collections.Generic.IDictionary`2[System.Collections.Generic.IDictionary`2[System.Int32,System.String],System.Collections.Generic.IDictionary`2[System.String,System.Int32]],System.Collections.Generic.IDictionary`2[System.Collections.Generic.IDictionary`2[System.String,System.Int32],System.Collections.Generic.IDictionary`2[System.String,System.Int32]])" computerName="pkrvmxyh4eaekms" duration="00:00:00.0007780" startTime="2025-06-24T21:13:31.9681583+00:00" endTime="2025-06-24T21:13:31.9689366+00:00" testType="13cdc9d9-ddb5-4fa4-a97d-d965ccfc6d4b" outcome="Passed" testListId="8c84fa94-04c1-424b-9868-57a2d4851a1d" relativeResultsDirectory="dec92462-96a2-4f58-b659-47cdc9cef4d9" />
    <UnitTestResult executionId="a10b9250-ebba-44a6-8f4a-b9957cc1e50d" testId="103f63bc-36fd-3259-ded9-b15d3dd5bad3" testName="TestIsCSharpKeyword(&quot;implicit&quot;,True)" computerName="pkrvmxyh4eaekms" duration="00:00:00.0004000" startTime="2025-06-24T21:13:41.2326623+00:00" endTime="2025-06-24T21:13:41.2330620+00:00" testType="13cdc9d9-ddb5-4fa4-a97d-d965ccfc6d4b" outcome="Passed" testListId="8c84fa94-04c1-424b-9868-57a2d4851a1d" relativeResultsDirectory="a10b9250-ebba-44a6-8f4a-b9957cc1e50d" />
    <UnitTestResult executionId="1aee7338-f802-4782-ba24-fdd6dee12c5e" testId="fac61793-0a59-5f51-54da-13b08eaee73e" testName="VerifyPropertyCanBeLoaded" computerName="pkrvmxyh4eaekms" duration="00:00:00.0116290" startTime="2025-06-24T21:13:39.8423831+00:00" endTime="2025-06-24T21:13:39.8540117+00:00" testType="13cdc9d9-ddb5-4fa4-a97d-d965ccfc6d4b" outcome="Passed" testListId="8c84fa94-04c1-424b-9868-57a2d4851a1d" relativeResultsDirectory="1aee7338-f802-4782-ba24-fdd6dee12c5e" />
    <UnitTestResult executionId="2500df45-5707-421d-9314-1c0832714e42" testId="afe1a25a-3395-d21e-c029-121274c82e10" testName="HashCodesAreNotEqual(System.Collections.Generic.IDictionary`2[System.Int32,System.String],System.Collections.Generic.IDictionary`2[System.String,System.Int32])" computerName="pkrvmxyh4eaekms" duration="00:00:00.0007690" startTime="2025-06-24T21:13:31.9672385+00:00" endTime="2025-06-24T21:13:31.9680080+00:00" testType="13cdc9d9-ddb5-4fa4-a97d-d965ccfc6d4b" outcome="Passed" testListId="8c84fa94-04c1-424b-9868-57a2d4851a1d" relativeResultsDirectory="2500df45-5707-421d-9314-1c0832714e42" />
    <UnitTestResult executionId="584c5107-bb30-4bf5-9410-498d9307148a" testId="76ebe5d4-05d1-3fc5-6c36-90701e535064" testName="TestIsCSharpKeyword(&quot;for&quot;,True)" computerName="pkrvmxyh4eaekms" duration="00:00:00.0003940" startTime="2025-06-24T21:13:41.2296483+00:00" endTime="2025-06-24T21:13:41.2300423+00:00" testType="13cdc9d9-ddb5-4fa4-a97d-d965ccfc6d4b" outcome="Passed" testListId="8c84fa94-04c1-424b-9868-57a2d4851a1d" relativeResultsDirectory="584c5107-bb30-4bf5-9410-498d9307148a" />
    <UnitTestResult executionId="27c9f731-7604-4d1b-97e5-08d07775654f" testId="55c7ac99-2754-0ae1-072c-c79552cdf20a" testName="CanChangeEnumName" computerName="pkrvmxyh4eaekms" duration="00:00:00.0844240" startTime="2025-06-24T21:13:36.2258295+00:00" endTime="2025-06-24T21:13:36.3102529+00:00" testType="13cdc9d9-ddb5-4fa4-a97d-d965ccfc6d4b" outcome="Passed" testListId="8c84fa94-04c1-424b-9868-57a2d4851a1d" relativeResultsDirectory="27c9f731-7604-4d1b-97e5-08d07775654f" />
    <UnitTestResult executionId="9f418f3e-a2a8-499b-a4ce-1c8583f7f1f9" testId="922a2c12-e9aa-d1ce-97c8-d1c9e5c95c54" testName="ExplicitOperatorMethodSignatureDoesNotThrowIfReturnTypeIsNull" computerName="pkrvmxyh4eaekms" duration="00:00:00.0008690" startTime="2025-06-24T21:13:32.5306051+00:00" endTime="2025-06-24T21:13:32.5314736+00:00" testType="13cdc9d9-ddb5-4fa4-a97d-d965ccfc6d4b" outcome="Passed" testListId="8c84fa94-04c1-424b-9868-57a2d4851a1d" relativeResultsDirectory="9f418f3e-a2a8-499b-a4ce-1c8583f7f1f9" />
    <UnitTestResult executionId="75d0b98b-457c-4482-94cc-65600e779f69" testId="b16f7419-6346-6c6e-74b5-620d6ea5c8b0" testName="TypesAreEqual(System.Collections.Generic.IDictionary`2[TKey,TValue])" computerName="pkrvmxyh4eaekms" duration="00:00:00.0002330" startTime="2025-06-24T21:13:32.0005762+00:00" endTime="2025-06-24T21:13:32.0008092+00:00" testType="13cdc9d9-ddb5-4fa4-a97d-d965ccfc6d4b" outcome="Passed" testListId="8c84fa94-04c1-424b-9868-57a2d4851a1d" relativeResultsDirectory="75d0b98b-457c-4482-94cc-65600e779f69" />
    <UnitTestResult executionId="c5d97ffc-6e3a-479a-94f5-05c926d79271" testId="01a170ae-9e27-1ba0-c187-8c04af592931" testName="IsCollectionType(System.Collections.Generic.IReadOnlyCollection`1[T],False)" computerName="pkrvmxyh4eaekms" duration="00:00:00.0002540" startTime="2025-06-24T21:13:31.9735830+00:00" endTime="2025-06-24T21:13:31.9738369+00:00" testType="13cdc9d9-ddb5-4fa4-a97d-d965ccfc6d4b" outcome="Passed" testListId="8c84fa94-04c1-424b-9868-57a2d4851a1d" relativeResultsDirectory="c5d97ffc-6e3a-479a-94f5-05c926d79271" />
    <UnitTestResult executionId="658b0010-a6c2-4a27-922c-b779496b7e22" testId="8cb888f8-fcf7-8b11-26ea-f6f3a12256ea" testName="BaseShouldBeAbstract(Microsoft.TypeSpec.Generator.Input.InputModelType,&quot;/// &lt;summary&gt;\n/// pet description\n/// Please note this is the abstract base class. The derived classes available for instantiation are: &lt;see cref=\&quot;Cat\&quot;/&gt; and &lt;see cref=\&quot;Dog\&quot;/&gt;.\n/// &lt;/summary&gt;\n&quot;)" computerName="pkrvmxyh4eaekms" duration="00:00:00.0014300" startTime="2025-06-24T21:13:35.6142734+00:00" endTime="2025-06-24T21:13:35.6157036+00:00" testType="13cdc9d9-ddb5-4fa4-a97d-d965ccfc6d4b" outcome="Passed" testListId="8c84fa94-04c1-424b-9868-57a2d4851a1d" relativeResultsDirectory="658b0010-a6c2-4a27-922c-b779496b7e22" />
    <UnitTestResult executionId="439aa28b-a864-4e93-a2b3-9eda589c822a" testId="70673848-d263-54b7-60e9-b610268cc307" testName="BaseDoesNotHaveDiscriminatorField" computerName="pkrvmxyh4eaekms" duration="00:00:00.0047479" startTime="2025-06-24T21:13:35.6024112+00:00" endTime="2025-06-24T21:13:35.6071589+00:00" testType="13cdc9d9-ddb5-4fa4-a97d-d965ccfc6d4b" outcome="Passed" testListId="8c84fa94-04c1-424b-9868-57a2d4851a1d" relativeResultsDirectory="439aa28b-a864-4e93-a2b3-9eda589c822a" />
    <UnitTestResult executionId="7af09a19-82a8-4213-9411-2d1648dc9f7c" testId="12d4cfce-f952-5050-cfbd-0ed55f90dabf" testName="DerivedShouldNotHaveDiscriminatorParameter" computerName="pkrvmxyh4eaekms" duration="00:00:00.0026870" startTime="2025-06-24T21:13:32.5651492+00:00" endTime="2025-06-24T21:13:32.5678356+00:00" testType="13cdc9d9-ddb5-4fa4-a97d-d965ccfc6d4b" outcome="Passed" testListId="8c84fa94-04c1-424b-9868-57a2d4851a1d" relativeResultsDirectory="7af09a19-82a8-4213-9411-2d1648dc9f7c" />
    <UnitTestResult executionId="8d4bb310-0d59-4014-801a-c24b35ffde02" testId="769f76de-22e9-2899-6146-006a3253a4bd" testName="IsReadOnlyList(System.Collections.Generic.IEnumerable`1[T],True)" computerName="pkrvmxyh4eaekms" duration="00:00:00.0004060" startTime="2025-06-24T21:13:31.9811045+00:00" endTime="2025-06-24T21:13:31.9815099+00:00" testType="13cdc9d9-ddb5-4fa4-a97d-d965ccfc6d4b" outcome="Passed" testListId="8c84fa94-04c1-424b-9868-57a2d4851a1d" relativeResultsDirectory="8d4bb310-0d59-4014-801a-c24b35ffde02" />
    <UnitTestResult executionId="54e7db91-bb46-4c0b-a75e-589572f422c8" testId="0b571c5d-6760-ff1b-1a63-3687d380bbd8" testName="TestIsCSharpKeyword(&quot;join&quot;,True)" computerName="pkrvmxyh4eaekms" duration="00:00:00.0004080" startTime="2025-06-24T21:13:41.2355990+00:00" endTime="2025-06-24T21:13:41.2360065+00:00" testType="13cdc9d9-ddb5-4fa4-a97d-d965ccfc6d4b" outcome="Passed" testListId="8c84fa94-04c1-424b-9868-57a2d4851a1d" relativeResultsDirectory="54e7db91-bb46-4c0b-a75e-589572f422c8" />
    <UnitTestResult executionId="de247d49-4f60-4b7f-b2a1-f4c35c70a78f" testId="7bf947ee-381a-1499-30ec-e9b2891d9285" testName="TestPascalCaseProperty" computerName="pkrvmxyh4eaekms" duration="00:00:00.0009990" startTime="2025-06-24T21:13:40.4857231+00:00" endTime="2025-06-24T21:13:40.4867223+00:00" testType="13cdc9d9-ddb5-4fa4-a97d-d965ccfc6d4b" outcome="Passed" testListId="8c84fa94-04c1-424b-9868-57a2d4851a1d" relativeResultsDirectory="de247d49-4f60-4b7f-b2a1-f4c35c70a78f" />
    <UnitTestResult executionId="dac4d556-405d-4487-b54d-8e2bb2f29c4b" testId="59a9d30f-f5bb-c511-df6c-f751a47e7e48" testName="CorrectValidationIsAppliedToParameter(String,False,None)" computerName="pkrvmxyh4eaekms" duration="00:00:00.0012669" startTime="2025-06-24T21:13:40.4387898+00:00" endTime="2025-06-24T21:13:40.4400564+00:00" testType="13cdc9d9-ddb5-4fa4-a97d-d965ccfc6d4b" outcome="Passed" testListId="8c84fa94-04c1-424b-9868-57a2d4851a1d" relativeResultsDirectory="dac4d556-405d-4487-b54d-8e2bb2f29c4b" />
    <UnitTestResult executionId="d20e9bd5-8579-4988-b23d-1b526851e528" testId="0efee447-18f8-7559-9564-d3100ee72ab5" testName="CodeWriter_WriteProperty_IndexerProperty_AutoBody_WithExplicitInterface" computerName="pkrvmxyh4eaekms" duration="00:00:00.0009990" startTime="2025-06-24T21:13:41.3013848+00:00" endTime="2025-06-24T21:13:41.3023840+00:00" testType="13cdc9d9-ddb5-4fa4-a97d-d965ccfc6d4b" outcome="Passed" testListId="8c84fa94-04c1-424b-9868-57a2d4851a1d" relativeResultsDirectory="d20e9bd5-8579-4988-b23d-1b526851e528" />
    <UnitTestResult executionId="8d4d278d-8a18-4262-8df4-a13845223267" testId="2a974fab-ba67-ce97-7c56-448e81324bfb" testName="TestBreakLines_LineBreaksAtEndOfArgument" computerName="pkrvmxyh4eaekms" duration="00:00:00.0000790" startTime="2025-06-24T21:13:41.1389478+00:00" endTime="2025-06-24T21:13:41.1390269+00:00" testType="13cdc9d9-ddb5-4fa4-a97d-d965ccfc6d4b" outcome="Passed" testListId="8c84fa94-04c1-424b-9868-57a2d4851a1d" relativeResultsDirectory="8d4d278d-8a18-4262-8df4-a13845223267" />
    <UnitTestResult executionId="4dc2ff94-5c96-401d-b4e2-0eb2521b186a" testId="270b440f-1f3c-3767-f929-42e0d541f4dd" testName="TestIsCSharpKeyword(&quot;do&quot;,True)" computerName="pkrvmxyh4eaekms" duration="00:00:00.0003980" startTime="2025-06-24T21:13:41.2242051+00:00" endTime="2025-06-24T21:13:41.2246028+00:00" testType="13cdc9d9-ddb5-4fa4-a97d-d965ccfc6d4b" outcome="Passed" testListId="8c84fa94-04c1-424b-9868-57a2d4851a1d" relativeResultsDirectory="4dc2ff94-5c96-401d-b4e2-0eb2521b186a" />
    <UnitTestResult executionId="aeb4203c-0c18-4b2c-9bdf-07c88f309cee" testId="ae6efea9-c0e0-125e-34be-38fda421ccf0" testName="ValidatePropertyTypes(System.Collections.Generic.IList`1[Microsoft.TypeSpec.Generator.Tests.PropertyType])" computerName="pkrvmxyh4eaekms" duration="00:00:00.0143140" startTime="2025-06-24T21:13:40.1158891+00:00" endTime="2025-06-24T21:13:40.1302026+00:00" testType="13cdc9d9-ddb5-4fa4-a97d-d965ccfc6d4b" outcome="Passed" testListId="8c84fa94-04c1-424b-9868-57a2d4851a1d" relativeResultsDirectory="aeb4203c-0c18-4b2c-9bdf-07c88f309cee" />
    <UnitTestResult executionId="1166cb89-b129-4cee-99a5-337c81ccdd39" testId="d042a881-6eca-108b-73cf-e9042034daf8" testName="ValidateUnion(System.Int32,System.String,System.Single)" computerName="pkrvmxyh4eaekms" duration="00:00:00.0008770" startTime="2025-06-24T21:13:32.0315561+00:00" endTime="2025-06-24T21:13:32.0324325+00:00" testType="13cdc9d9-ddb5-4fa4-a97d-d965ccfc6d4b" outcome="Passed" testListId="8c84fa94-04c1-424b-9868-57a2d4851a1d" relativeResultsDirectory="1166cb89-b129-4cee-99a5-337c81ccdd39" />
    <UnitTestResult executionId="cfb598c0-e868-4658-b369-793d826309d4" testId="1d94f4ee-e18a-f6a6-0d4e-d94116d380e6" testName="TestBreakLines_OneArgOnly" computerName="pkrvmxyh4eaekms" duration="00:00:00.0000840" startTime="2025-06-24T21:13:41.1383894+00:00" endTime="2025-06-24T21:13:41.1384732+00:00" testType="13cdc9d9-ddb5-4fa4-a97d-d965ccfc6d4b" outcome="Passed" testListId="8c84fa94-04c1-424b-9868-57a2d4851a1d" relativeResultsDirectory="cfb598c0-e868-4658-b369-793d826309d4" />
    <UnitTestResult executionId="6e21f9ff-82cc-437b-9882-22923127ebb6" testId="a41a7c4c-0deb-b46d-278a-5d45b39a1f16" testName="NonFrameworkTypeEqualsEquivalentFrameworkType(System.Int32)" computerName="pkrvmxyh4eaekms" duration="00:00:00.0010500" startTime="2025-06-24T21:13:31.9855419+00:00" endTime="2025-06-24T21:13:31.9865920+00:00" testType="13cdc9d9-ddb5-4fa4-a97d-d965ccfc6d4b" outcome="Passed" testListId="8c84fa94-04c1-424b-9868-57a2d4851a1d" relativeResultsDirectory="6e21f9ff-82cc-437b-9882-22923127ebb6" />
    <UnitTestResult executionId="7b563a89-1e0d-4f7a-b94f-dde2c6b1ca2a" testId="20555999-6988-8b37-7eac-56c9d5fe797e" testName="DoesNotGenerateExistingProperty" computerName="pkrvmxyh4eaekms" duration="00:00:00.1986900" startTime="2025-06-24T21:13:39.0738181+00:00" endTime="2025-06-24T21:13:39.2725080+00:00" testType="13cdc9d9-ddb5-4fa4-a97d-d965ccfc6d4b" outcome="Passed" testListId="8c84fa94-04c1-424b-9868-57a2d4851a1d" relativeResultsDirectory="7b563a89-1e0d-4f7a-b94f-dde2c6b1ca2a" />
    <UnitTestResult executionId="0016ee17-0f19-46c1-81fa-0bb4c831b66a" testId="87c101e5-56d9-f2b1-8080-1a4f5d9b19b7" testName="TestIsCSharpKeyword(&quot;default&quot;,True)" computerName="pkrvmxyh4eaekms" duration="00:00:00.0004350" startTime="2025-06-24T21:13:41.2229343+00:00" endTime="2025-06-24T21:13:41.2233690+00:00" testType="13cdc9d9-ddb5-4fa4-a97d-d965ccfc6d4b" outcome="Passed" testListId="8c84fa94-04c1-424b-9868-57a2d4851a1d" relativeResultsDirectory="0016ee17-0f19-46c1-81fa-0bb4c831b66a" />
    <UnitTestResult executionId="d6db2e00-aa7d-4bb1-9a69-583d6d9f0709" testId="2232bf9a-59eb-5452-bf1a-81958d9f43ed" testName="BuildEnumType_ValidateFloatBasedExtensibleEnum()" computerName="pkrvmxyh4eaekms" duration="00:00:00.0119860" startTime="2025-06-24T21:13:32.4805468+00:00" endTime="2025-06-24T21:13:32.4925318+00:00" testType="13cdc9d9-ddb5-4fa4-a97d-d965ccfc6d4b" outcome="Passed" testListId="8c84fa94-04c1-424b-9868-57a2d4851a1d" relativeResultsDirectory="d6db2e00-aa7d-4bb1-9a69-583d6d9f0709" />
    <UnitTestResult executionId="8137f053-cb8b-46a9-ae96-7444bd3c0bcb" testId="1af4ac2d-863e-cbc7-a2d1-1c8e6844de6b" testName="SingleLineSummary" computerName="pkrvmxyh4eaekms" duration="00:00:00.0003920" startTime="2025-06-24T21:13:41.3154385+00:00" endTime="2025-06-24T21:13:41.3158303+00:00" testType="13cdc9d9-ddb5-4fa4-a97d-d965ccfc6d4b" outcome="Passed" testListId="8c84fa94-04c1-424b-9868-57a2d4851a1d" relativeResultsDirectory="8137f053-cb8b-46a9-ae96-7444bd3c0bcb" />
    <UnitTestResult executionId="51cef0c1-b9d8-4128-8999-dc498a9343b1" testId="f1edc6f8-f6fe-b8f1-8afc-54af87691e26" testName="ModelWithCustomFixedEnumDiscriminator" computerName="pkrvmxyh4eaekms" duration="00:00:00.0845230" startTime="2025-06-24T21:13:35.8333016+00:00" endTime="2025-06-24T21:13:35.9178236+00:00" testType="13cdc9d9-ddb5-4fa4-a97d-d965ccfc6d4b" outcome="Passed" testListId="8c84fa94-04c1-424b-9868-57a2d4851a1d" relativeResultsDirectory="51cef0c1-b9d8-4128-8999-dc498a9343b1" />
    <UnitTestResult executionId="705e3c51-bf1d-4327-9959-429c5ea10b34" testId="75baa22c-11f8-7c55-75b1-4e2e9d85fbec" testName="GetGenericTypeDefinitionForConstructedType()" computerName="pkrvmxyh4eaekms" duration="00:00:00.0003230" startTime="2025-06-24T21:13:31.9547507+00:00" endTime="2025-06-24T21:13:31.9550731+00:00" testType="13cdc9d9-ddb5-4fa4-a97d-d965ccfc6d4b" outcome="Passed" testListId="8c84fa94-04c1-424b-9868-57a2d4851a1d" relativeResultsDirectory="705e3c51-bf1d-4327-9959-429c5ea10b34" />
    <UnitTestResult executionId="a387c67a-085d-4dbd-8660-e22dbd53a92e" testId="06e082f2-fed5-3e28-d24e-9a7024a7a9f5" testName="DerivedPublicCtorShouldNotHaveKindParam" computerName="pkrvmxyh4eaekms" duration="00:00:00.0016540" startTime="2025-06-24T21:13:35.7115541+00:00" endTime="2025-06-24T21:13:35.7132078+00:00" testType="13cdc9d9-ddb5-4fa4-a97d-d965ccfc6d4b" outcome="Passed" testListId="8c84fa94-04c1-424b-9868-57a2d4851a1d" relativeResultsDirectory="a387c67a-085d-4dbd-8660-e22dbd53a92e" />
    <UnitTestResult executionId="75434f2a-001c-45d3-92c6-9dc369a5eb80" testId="44f3642a-9a44-e5e0-4d9a-8317e240098a" testName="IsList(System.Collections.Generic.IEnumerable`1[T],True)" computerName="pkrvmxyh4eaekms" duration="00:00:00.0001880" startTime="2025-06-24T21:13:31.9783424+00:00" endTime="2025-06-24T21:13:31.9785301+00:00" testType="13cdc9d9-ddb5-4fa4-a97d-d965ccfc6d4b" outcome="Passed" testListId="8c84fa94-04c1-424b-9868-57a2d4851a1d" relativeResultsDirectory="75434f2a-001c-45d3-92c6-9dc369a5eb80" />
    <UnitTestResult executionId="01a271b7-09fd-48bb-9ca8-96482b3ceea1" testId="ad21f910-faaa-b344-8f9e-a93a8dc67bfd" testName="RewriterIsInvoked" computerName="pkrvmxyh4eaekms" duration="00:00:00.2770750" startTime="2025-06-24T21:13:41.3191891+00:00" endTime="2025-06-24T21:13:41.5962637+00:00" testType="13cdc9d9-ddb5-4fa4-a97d-d965ccfc6d4b" outcome="Passed" testListId="8c84fa94-04c1-424b-9868-57a2d4851a1d" relativeResultsDirectory="01a271b7-09fd-48bb-9ca8-96482b3ceea1" />
    <UnitTestResult executionId="f5d685c8-b671-4951-99a3-87d8b0a54234" testId="c919db04-6c42-7f3d-0e7b-2e5f9ca8157a" testName="IntSerializationFormat(UInt16,null)" computerName="pkrvmxyh4eaekms" duration="00:00:00.0005570" startTime="2025-06-24T21:13:41.1332831+00:00" endTime="2025-06-24T21:13:41.1338401+00:00" testType="13cdc9d9-ddb5-4fa4-a97d-d965ccfc6d4b" outcome="Passed" testListId="8c84fa94-04c1-424b-9868-57a2d4851a1d" relativeResultsDirectory="f5d685c8-b671-4951-99a3-87d8b0a54234" />
    <UnitTestResult executionId="da37aa0c-c9e2-47d0-a47e-9f3094a6666f" testId="5614474b-bec0-bc74-791b-2bf41ef06cf6" testName="ReadOperationsDoNotChange" computerName="pkrvmxyh4eaekms" duration="00:00:00.0022340" startTime="2025-06-24T21:13:32.1868276+00:00" endTime="2025-06-24T21:13:32.1890620+00:00" testType="13cdc9d9-ddb5-4fa4-a97d-d965ccfc6d4b" outcome="Passed" testListId="8c84fa94-04c1-424b-9868-57a2d4851a1d" relativeResultsDirectory="da37aa0c-c9e2-47d0-a47e-9f3094a6666f" />
    <UnitTestResult executionId="24a33556-fe72-40f4-af7d-74889384f72c" testId="60e89033-289b-6c28-2165-4ca101b6fc5d" testName="CanUpdateVariableExpression" computerName="pkrvmxyh4eaekms" duration="00:00:00.0008480" startTime="2025-06-24T21:13:30.5949388+00:00" endTime="2025-06-24T21:13:30.5957871+00:00" testType="13cdc9d9-ddb5-4fa4-a97d-d965ccfc6d4b" outcome="Passed" testListId="8c84fa94-04c1-424b-9868-57a2d4851a1d" relativeResultsDirectory="24a33556-fe72-40f4-af7d-74889384f72c" />
    <UnitTestResult executionId="79c5ee44-d9ae-486e-baf9-f16430aefe08" testId="f07babac-a0b5-3d43-96b4-02fbbf582157" testName="TestIsCSharpKeyword(&quot;let&quot;,True)" computerName="pkrvmxyh4eaekms" duration="00:00:00.0004360" startTime="2025-06-24T21:13:41.2360236+00:00" endTime="2025-06-24T21:13:41.2364598+00:00" testType="13cdc9d9-ddb5-4fa4-a97d-d965ccfc6d4b" outcome="Passed" testListId="8c84fa94-04c1-424b-9868-57a2d4851a1d" relativeResultsDirectory="79c5ee44-d9ae-486e-baf9-f16430aefe08" />
    <UnitTestResult executionId="73e8d583-63ce-45b5-96ab-c63968062e8d" testId="5ed6d2f0-916e-9077-823c-7fdd9975f314" testName="CanCustomizeWithVisitor" computerName="pkrvmxyh4eaekms" duration="00:00:00.0019080" startTime="2025-06-24T21:13:38.2284872+00:00" endTime="2025-06-24T21:13:38.2303953+00:00" testType="13cdc9d9-ddb5-4fa4-a97d-d965ccfc6d4b" outcome="Passed" testListId="8c84fa94-04c1-424b-9868-57a2d4851a1d" relativeResultsDirectory="73e8d583-63ce-45b5-96ab-c63968062e8d" />
    <UnitTestResult executionId="b3d3937f-1385-4619-bfdf-3a187ec3bf93" testId="1558228e-d5be-e738-5994-fd41d8ca6f08" testName="TestIsCSharpKeyword(&quot;true&quot;,True)" computerName="pkrvmxyh4eaekms" duration="00:00:00.0003260" startTime="2025-06-24T21:13:41.2615320+00:00" endTime="2025-06-24T21:13:41.2618578+00:00" testType="13cdc9d9-ddb5-4fa4-a97d-d965ccfc6d4b" outcome="Passed" testListId="8c84fa94-04c1-424b-9868-57a2d4851a1d" relativeResultsDirectory="b3d3937f-1385-4619-bfdf-3a187ec3bf93" />
    <UnitTestResult executionId="21e7fe1d-12e6-4530-83c5-824e9eba1e44" testId="597bd723-9003-2a88-ade0-4bc49ffe996b" testName="ValidatePropertyTypes(System.Collections.Generic.IEnumerable`1[Microsoft.TypeSpec.Generator.Tests.PropertyType])" computerName="pkrvmxyh4eaekms" duration="00:00:00.0152330" startTime="2025-06-24T21:13:40.2014575+00:00" endTime="2025-06-24T21:13:40.2166902+00:00" testType="13cdc9d9-ddb5-4fa4-a97d-d965ccfc6d4b" outcome="Passed" testListId="8c84fa94-04c1-424b-9868-57a2d4851a1d" relativeResultsDirectory="21e7fe1d-12e6-4530-83c5-824e9eba1e44" />
    <UnitTestResult executionId="2fe076f0-40fe-42e6-9b33-2225bac51280" testId="711d2162-2b98-a5ab-d146-f061d4a9490c" testName="TestIsCSharpKeyword(&quot;by&quot;,True)" computerName="pkrvmxyh4eaekms" duration="00:00:00.0004040" startTime="2025-06-24T21:13:41.2187574+00:00" endTime="2025-06-24T21:13:41.2191613+00:00" testType="13cdc9d9-ddb5-4fa4-a97d-d965ccfc6d4b" outcome="Passed" testListId="8c84fa94-04c1-424b-9868-57a2d4851a1d" relativeResultsDirectory="2fe076f0-40fe-42e6-9b33-2225bac51280" />
    <UnitTestResult executionId="b2ef1a38-045b-409a-96e7-67de141c9d85" testId="aba21fba-3a83-b83e-3067-7a92c86f8cc1" testName="IntSerializationFormat(UInt8,&quot;string&quot;)" computerName="pkrvmxyh4eaekms" duration="00:00:00.0005670" startTime="2025-06-24T21:13:41.1327019+00:00" endTime="2025-06-24T21:13:41.1332689+00:00" testType="13cdc9d9-ddb5-4fa4-a97d-d965ccfc6d4b" outcome="Passed" testListId="8c84fa94-04c1-424b-9868-57a2d4851a1d" relativeResultsDirectory="b2ef1a38-045b-409a-96e7-67de141c9d85" />
    <UnitTestResult executionId="ae4d0054-5649-4dab-afec-d8cd917d34d7" testId="d3da00c3-aa14-49d5-9976-788854971981" testName="TestWriteMethodDeclarationNoScope_ConstructorSignature" computerName="pkrvmxyh4eaekms" duration="00:00:00.0004030" startTime="2025-06-24T21:13:41.3168455+00:00" endTime="2025-06-24T21:13:41.3172486+00:00" testType="13cdc9d9-ddb5-4fa4-a97d-d965ccfc6d4b" outcome="Passed" testListId="8c84fa94-04c1-424b-9868-57a2d4851a1d" relativeResultsDirectory="ae4d0054-5649-4dab-afec-d8cd917d34d7" />
    <UnitTestResult executionId="d9aff8b3-7754-4bfb-96cd-cf2b5bdcafba" testId="ea5ab445-ca0a-35eb-ec63-41856a96f8e9" testName="DictionaryExpression(System.Int32,System.Collections.Generic.IList`1[T])" computerName="pkrvmxyh4eaekms" duration="00:00:00.0009010" startTime="2025-06-24T21:13:30.6254522+00:00" endTime="2025-06-24T21:13:30.6263526+00:00" testType="13cdc9d9-ddb5-4fa4-a97d-d965ccfc6d4b" outcome="Passed" testListId="8c84fa94-04c1-424b-9868-57a2d4851a1d" relativeResultsDirectory="d9aff8b3-7754-4bfb-96cd-cf2b5bdcafba" />
    <UnitTestResult executionId="95c7fe15-0e59-4563-85a1-1aee43f95de5" testId="5da3b2e4-6a9f-a9a6-4eb1-98b652557c46" testName="TestBuildAdditionalProperties(Microsoft.TypeSpec.Generator.Input.InputModelType,True,1)" computerName="pkrvmxyh4eaekms" duration="00:00:00.0009180" startTime="2025-06-24T21:13:39.7038734+00:00" endTime="2025-06-24T21:13:39.7047914+00:00" testType="13cdc9d9-ddb5-4fa4-a97d-d965ccfc6d4b" outcome="Passed" testListId="8c84fa94-04c1-424b-9868-57a2d4851a1d" relativeResultsDirectory="95c7fe15-0e59-4563-85a1-1aee43f95de5" />
    <UnitTestResult executionId="b44ec387-3d3e-46f0-81de-5df6b9762ee5" testId="605250e0-7a04-68c9-46f9-72dee413bc1f" testName="DoesNotReplaceMethodIfNotCustomized" computerName="pkrvmxyh4eaekms" duration="00:00:00.1303560" startTime="2025-06-24T21:13:33.8010053+00:00" endTime="2025-06-24T21:13:33.9313613+00:00" testType="13cdc9d9-ddb5-4fa4-a97d-d965ccfc6d4b" outcome="Passed" testListId="8c84fa94-04c1-424b-9868-57a2d4851a1d" relativeResultsDirectory="b44ec387-3d3e-46f0-81de-5df6b9762ee5" />
    <UnitTestResult executionId="319d45c8-178a-4010-98d5-c38bbb67a911" testId="9f8beda9-9478-ee60-1af4-cbd90177d26b" testName="BaseHasFieldWhenPropertyIsNarrowed" computerName="pkrvmxyh4eaekms" duration="00:00:00.0028040" startTime="2025-06-24T21:13:39.6451838+00:00" endTime="2025-06-24T21:13:39.6479878+00:00" testType="13cdc9d9-ddb5-4fa4-a97d-d965ccfc6d4b" outcome="Passed" testListId="8c84fa94-04c1-424b-9868-57a2d4851a1d" relativeResultsDirectory="319d45c8-178a-4010-98d5-c38bbb67a911" />
    <UnitTestResult executionId="98522380-fe39-4d67-af0f-8b03a8bbd5a5" testId="80263573-de35-009a-43df-814f8f35d8dc" testName="CanUpdateAssignmentExpression" computerName="pkrvmxyh4eaekms" duration="00:00:00.0012110" startTime="2025-06-24T21:13:30.5890213+00:00" endTime="2025-06-24T21:13:30.5902319+00:00" testType="13cdc9d9-ddb5-4fa4-a97d-d965ccfc6d4b" outcome="Passed" testListId="8c84fa94-04c1-424b-9868-57a2d4851a1d" relativeResultsDirectory="98522380-fe39-4d67-af0f-8b03a8bbd5a5" />
    <UnitTestResult executionId="d0ced2fc-65b7-48eb-86e7-f61e26d164c2" testId="0ef1efdb-8db0-5aec-eb35-571c55712401" testName="Nullable_NoValue_ReturnsFalse" computerName="pkrvmxyh4eaekms" duration="00:00:00.0001390" startTime="2025-06-24T21:13:40.4323035+00:00" endTime="2025-06-24T21:13:40.4324427+00:00" testType="13cdc9d9-ddb5-4fa4-a97d-d965ccfc6d4b" outcome="Passed" testListId="8c84fa94-04c1-424b-9868-57a2d4851a1d" relativeResultsDirectory="d0ced2fc-65b7-48eb-86e7-f61e26d164c2" />
    <UnitTestResult executionId="814fa3e1-2ab6-4be9-a2dd-fd60068e1dbf" testId="8dc400ca-5cc8-9db4-4ad6-cd18dc7eb619" testName="TestIsCSharpKeyword(&quot;if&quot;,True)" computerName="pkrvmxyh4eaekms" duration="00:00:00.0004350" startTime="2025-06-24T21:13:41.2322107+00:00" endTime="2025-06-24T21:13:41.2326454+00:00" testType="13cdc9d9-ddb5-4fa4-a97d-d965ccfc6d4b" outcome="Passed" testListId="8c84fa94-04c1-424b-9868-57a2d4851a1d" relativeResultsDirectory="814fa3e1-2ab6-4be9-a2dd-fd60068e1dbf" />
    <UnitTestResult executionId="49b94886-a232-40f5-ac6a-502bd1ad531e" testId="a8756cb4-2eb1-60b3-ac3c-344dbcb8eada" testName="TestIsCSharpKeyword(&quot;namespace&quot;,True)" computerName="pkrvmxyh4eaekms" duration="00:00:00.0003740" startTime="2025-06-24T21:13:41.2377265+00:00" endTime="2025-06-24T21:13:41.2381006+00:00" testType="13cdc9d9-ddb5-4fa4-a97d-d965ccfc6d4b" outcome="Passed" testListId="8c84fa94-04c1-424b-9868-57a2d4851a1d" relativeResultsDirectory="49b94886-a232-40f5-ac6a-502bd1ad531e" />
    <UnitTestResult executionId="28a50b86-1f2e-46f3-9e03-3cb2bafc5dae" testId="1639ef3f-9cb3-4dd0-1247-456c5f771eb9" testName="IsReadOnlyMemory(System.ReadOnlyMemory`1[T],True)" computerName="pkrvmxyh4eaekms" duration="00:00:00.0003340" startTime="2025-06-24T21:13:31.9823333+00:00" endTime="2025-06-24T21:13:31.9826672+00:00" testType="13cdc9d9-ddb5-4fa4-a97d-d965ccfc6d4b" outcome="Passed" testListId="8c84fa94-04c1-424b-9868-57a2d4851a1d" relativeResultsDirectory="28a50b86-1f2e-46f3-9e03-3cb2bafc5dae" />
    <UnitTestResult executionId="cc9b2dbf-41f1-47b1-bac2-9c33ba71f705" testId="5e2677de-e2fa-6a52-218a-17f0c0c4b43b" testName="TestGetUnionTypesDescriptions" computerName="pkrvmxyh4eaekms" duration="00:00:00.0049810" startTime="2025-06-24T21:13:40.4545332+00:00" endTime="2025-06-24T21:13:40.4595139+00:00" testType="13cdc9d9-ddb5-4fa4-a97d-d965ccfc6d4b" outcome="Passed" testListId="8c84fa94-04c1-424b-9868-57a2d4851a1d" relativeResultsDirectory="cc9b2dbf-41f1-47b1-bac2-9c33ba71f705" />
    <UnitTestResult executionId="f2266460-13b5-433b-9e44-d1df8877cbdd" testId="2bf86ef9-8073-f648-a9b3-116f450a09fe" testName="HashCodesAreNotEqual(System.Collections.Generic.IDictionary`2[System.Int32,System.String],System.Collections.Generic.Dictionary`2[System.Int32,System.String])" computerName="pkrvmxyh4eaekms" duration="00:00:00.0005000" startTime="2025-06-24T21:13:31.9661729+00:00" endTime="2025-06-24T21:13:31.9666733+00:00" testType="13cdc9d9-ddb5-4fa4-a97d-d965ccfc6d4b" outcome="Passed" testListId="8c84fa94-04c1-424b-9868-57a2d4851a1d" relativeResultsDirectory="f2266460-13b5-433b-9e44-d1df8877cbdd" />
    <UnitTestResult executionId="2cd11787-ffc1-4966-9d0a-26972383a3c1" testId="2e841bb7-e17f-2666-0014-ab34cba60f28" testName="UndefinedByDefault" computerName="pkrvmxyh4eaekms" duration="00:00:00.0001750" startTime="2025-06-24T21:13:32.1782220+00:00" endTime="2025-06-24T21:13:32.1783973+00:00" testType="13cdc9d9-ddb5-4fa4-a97d-d965ccfc6d4b" outcome="Passed" testListId="8c84fa94-04c1-424b-9868-57a2d4851a1d" relativeResultsDirectory="2cd11787-ffc1-4966-9d0a-26972383a3c1" />
    <UnitTestResult executionId="09c65aeb-40a6-4bd2-864c-bf1d5ca0ea65" testId="57267976-4404-7aed-4d71-8ab7daa0d5b5" testName="TestBreakLines_LiteralOpenBrace" computerName="pkrvmxyh4eaekms" duration="00:00:00.0000360" startTime="2025-06-24T21:13:41.1391799+00:00" endTime="2025-06-24T21:13:41.1392157+00:00" testType="13cdc9d9-ddb5-4fa4-a97d-d965ccfc6d4b" outcome="Passed" testListId="8c84fa94-04c1-424b-9868-57a2d4851a1d" relativeResultsDirectory="09c65aeb-40a6-4bd2-864c-bf1d5ca0ea65" />
    <UnitTestResult executionId="4a437456-a62f-42e7-8fae-50b315a1579a" testId="fe8c4e40-243c-dad9-951e-88123b66df02" testName="HashCodesAreNotEqual(System.Collections.Generic.IList`1[T],System.Collections.Generic.IList`1[System.Int32])" computerName="pkrvmxyh4eaekms" duration="00:00:00.0006430" startTime="2025-06-24T21:13:31.9631550+00:00" endTime="2025-06-24T21:13:31.9637982+00:00" testType="13cdc9d9-ddb5-4fa4-a97d-d965ccfc6d4b" outcome="Passed" testListId="8c84fa94-04c1-424b-9868-57a2d4851a1d" relativeResultsDirectory="4a437456-a62f-42e7-8fae-50b315a1579a" />
    <UnitTestResult executionId="7f562044-8810-47ea-ae90-066d6b6aae1f" testId="b93e230f-c49c-564b-996d-dea1fded8624" testName="TestIsCSharpKeyword(&quot;using&quot;,True)" computerName="pkrvmxyh4eaekms" duration="00:00:00.0004270" startTime="2025-06-24T21:13:41.2649294+00:00" endTime="2025-06-24T21:13:41.2653563+00:00" testType="13cdc9d9-ddb5-4fa4-a97d-d965ccfc6d4b" outcome="Passed" testListId="8c84fa94-04c1-424b-9868-57a2d4851a1d" relativeResultsDirectory="7f562044-8810-47ea-ae90-066d6b6aae1f" />
    <UnitTestResult executionId="2f33552f-cc1a-46cb-9de5-d3b57b84ba8c" testId="c78949e1-1970-ebda-ab9c-731ba033e64a" testName="TestBreakLines_RecursiveFormattableStrings" computerName="pkrvmxyh4eaekms" duration="00:00:00.0000500" startTime="2025-06-24T21:13:41.1396683+00:00" endTime="2025-06-24T21:13:41.1397186+00:00" testType="13cdc9d9-ddb5-4fa4-a97d-d965ccfc6d4b" outcome="Passed" testListId="8c84fa94-04c1-424b-9868-57a2d4851a1d" relativeResultsDirectory="2f33552f-cc1a-46cb-9de5-d3b57b84ba8c" />
    <UnitTestResult executionId="d0420587-7edd-41d0-862f-18a7e99693f5" testId="3fb77e71-d30e-3ed0-4b65-0df4eb79a621" testName="IsReadOnlyList(System.Collections.Generic.IReadOnlyList`1[T],True)" computerName="pkrvmxyh4eaekms" duration="00:00:00.0001480" startTime="2025-06-24T21:13:31.9815276+00:00" endTime="2025-06-24T21:13:31.9816753+00:00" testType="13cdc9d9-ddb5-4fa4-a97d-d965ccfc6d4b" outcome="Passed" testListId="8c84fa94-04c1-424b-9868-57a2d4851a1d" relativeResultsDirectory="d0420587-7edd-41d0-862f-18a7e99693f5" />
    <UnitTestResult executionId="d448027e-0961-4e33-b8cb-78a2fc635410" testId="0109c8ab-ee05-8dbe-890d-f0bf776f02fb" testName="TestToApiVersionValueWithPrefixAndSeparator(&quot;V2022_05_15_Preview&quot;,&quot;v&quot;,&quot;/&quot;,&quot;v2022/05/15/preview&quot;)" computerName="pkrvmxyh4eaekms" duration="00:00:00.0002580" startTime="2025-06-24T21:13:41.2787681+00:00" endTime="2025-06-24T21:13:41.2790263+00:00" testType="13cdc9d9-ddb5-4fa4-a97d-d965ccfc6d4b" outcome="Passed" testListId="8c84fa94-04c1-424b-9868-57a2d4851a1d" relativeResultsDirectory="d448027e-0961-4e33-b8cb-78a2fc635410" />
    <UnitTestResult executionId="15843397-239e-4303-a3a4-972cc7605e80" testId="a14b4a97-4047-fba6-27cb-72dd2783ad1d" testName="DictionaryExpression(System.Collections.Generic.IDictionary`2[System.Int32,System.String],System.Collections.Generic.Dictionary`2[TKey,TValue])" computerName="pkrvmxyh4eaekms" duration="00:00:00.0005960" startTime="2025-06-24T21:13:30.6370735+00:00" endTime="2025-06-24T21:13:30.6376694+00:00" testType="13cdc9d9-ddb5-4fa4-a97d-d965ccfc6d4b" outcome="Passed" testListId="8c84fa94-04c1-424b-9868-57a2d4851a1d" relativeResultsDirectory="15843397-239e-4303-a3a4-972cc7605e80" />
    <UnitTestResult executionId="3b25de1e-6061-4ad6-82a7-afdf16eb5b29" testId="0bef4102-12a6-3b9f-b397-11bd8ec3188e" testName="ValidatePropertyTypes(System.Nullable`1[Microsoft.TypeSpec.Generator.Tests.Providers.NamedTypeSymbolProviders.NamedTypeSymbolProviderTests+SomeEnum],True)" computerName="pkrvmxyh4eaekms" duration="00:00:00.0133130" startTime="2025-06-24T21:13:40.2819916+00:00" endTime="2025-06-24T21:13:40.2953037+00:00" testType="13cdc9d9-ddb5-4fa4-a97d-d965ccfc6d4b" outcome="Passed" testListId="8c84fa94-04c1-424b-9868-57a2d4851a1d" relativeResultsDirectory="3b25de1e-6061-4ad6-82a7-afdf16eb5b29" />
    <UnitTestResult executionId="8159a92d-c871-4ab7-aacb-38e37ce4dbec" testId="58a21691-74cf-e102-02a3-70f82a9abff5" testName="CSharpTypeOperatorTestEqual(string)" computerName="pkrvmxyh4eaekms" duration="00:00:00.0002720" startTime="2025-06-24T21:13:30.7143587+00:00" endTime="2025-06-24T21:13:30.7146303+00:00" testType="13cdc9d9-ddb5-4fa4-a97d-d965ccfc6d4b" outcome="Passed" testListId="8c84fa94-04c1-424b-9868-57a2d4851a1d" relativeResultsDirectory="8159a92d-c871-4ab7-aacb-38e37ce4dbec" />
    <UnitTestResult executionId="a7e389d0-5a21-4425-a56c-182c0ee46d6f" testId="9d9fb6c2-9184-4538-4081-364acb08e5ea" testName="SystemTypeOperatorTestNotEqual(System.Collections.Generic.IDictionary`2[System.Int32,System.String],System.Collections.Generic.IDictionary`2[System.String,System.Int32])" computerName="pkrvmxyh4eaekms" duration="00:00:00.0004980" startTime="2025-06-24T21:13:30.7432371+00:00" endTime="2025-06-24T21:13:30.7437348+00:00" testType="13cdc9d9-ddb5-4fa4-a97d-d965ccfc6d4b" outcome="Passed" testListId="8c84fa94-04c1-424b-9868-57a2d4851a1d" relativeResultsDirectory="a7e389d0-5a21-4425-a56c-182c0ee46d6f" />
    <UnitTestResult executionId="48a92e16-9647-4cf5-bb4b-5d043df57eab" testId="69f1ed1b-11e5-b127-77c6-ccd3be0c26db" testName="IntSerializationFormat(Int16,&quot;string&quot;)" computerName="pkrvmxyh4eaekms" duration="00:00:00.0005500" startTime="2025-06-24T21:13:41.1293456+00:00" endTime="2025-06-24T21:13:41.1298960+00:00" testType="13cdc9d9-ddb5-4fa4-a97d-d965ccfc6d4b" outcome="Passed" testListId="8c84fa94-04c1-424b-9868-57a2d4851a1d" relativeResultsDirectory="48a92e16-9647-4cf5-bb4b-5d043df57eab" />
    <UnitTestResult executionId="b12a0a40-ecd1-4e01-be3e-69bb698dfe73" testId="ca610a9c-ba67-5df9-9fb1-df42d8ef7ec4" testName="TestToApiVersionMemberName(&quot;1.0.0&quot;,&quot;V1_0_0&quot;)" computerName="pkrvmxyh4eaekms" duration="00:00:00.0003410" startTime="2025-06-24T21:13:41.2728973+00:00" endTime="2025-06-24T21:13:41.2732380+00:00" testType="13cdc9d9-ddb5-4fa4-a97d-d965ccfc6d4b" outcome="Passed" testListId="8c84fa94-04c1-424b-9868-57a2d4851a1d" relativeResultsDirectory="b12a0a40-ecd1-4e01-be3e-69bb698dfe73" />
    <UnitTestResult executionId="0cba1060-9d56-4224-88ab-c25a5ad6ea47" testId="15d88251-7ed4-f222-62c6-38a94c9ed088" testName="TestWriteValueExpression_DefaultCollectionInitializerExpression(&quot;foo&quot;,&quot;{ \&quot;foo\&quot; }&quot;)" computerName="pkrvmxyh4eaekms" duration="00:00:00.0008080" startTime="2025-06-24T21:13:41.2939193+00:00" endTime="2025-06-24T21:13:41.2947271+00:00" testType="13cdc9d9-ddb5-4fa4-a97d-d965ccfc6d4b" outcome="Passed" testListId="8c84fa94-04c1-424b-9868-57a2d4851a1d" relativeResultsDirectory="0cba1060-9d56-4224-88ab-c25a5ad6ea47" />
    <UnitTestResult executionId="b71741a7-3e80-447e-8594-9f8217a5a332" testId="3a0e894d-6f76-5b80-5d98-bb50aeb3f367" testName="TestReportDiagnosticWithTarget()" computerName="pkrvmxyh4eaekms" duration="00:00:00.0025079" startTime="2025-06-24T21:13:30.5295001+00:00" endTime="2025-06-24T21:13:30.5320075+00:00" testType="13cdc9d9-ddb5-4fa4-a97d-d965ccfc6d4b" outcome="Passed" testListId="8c84fa94-04c1-424b-9868-57a2d4851a1d" relativeResultsDirectory="b71741a7-3e80-447e-8594-9f8217a5a332" />
    <UnitTestResult executionId="3323a1aa-a911-4e98-9bf5-94a720b0aa70" testId="a4145f53-d016-44f2-4fa4-5e271b51a2aa" testName="EqualToFrameworkType(System.Collections.Generic.IDictionary`2[System.String,System.Int32])" computerName="pkrvmxyh4eaekms" duration="00:00:00.0002100" startTime="2025-06-24T21:13:31.9008422+00:00" endTime="2025-06-24T21:13:31.9010517+00:00" testType="13cdc9d9-ddb5-4fa4-a97d-d965ccfc6d4b" outcome="Passed" testListId="8c84fa94-04c1-424b-9868-57a2d4851a1d" relativeResultsDirectory="3323a1aa-a911-4e98-9bf5-94a720b0aa70" />
    <UnitTestResult executionId="050f151b-54b0-42d0-a424-774944b942b7" testId="7d2a67de-d580-bdbf-18ba-4a6da46d0911" testName="IsCollectionType(System.Collections.Generic.IReadOnlyDictionary`2[TKey,TValue],True)" computerName="pkrvmxyh4eaekms" duration="00:00:00.0002530" startTime="2025-06-24T21:13:31.9741101+00:00" endTime="2025-06-24T21:13:31.9743626+00:00" testType="13cdc9d9-ddb5-4fa4-a97d-d965ccfc6d4b" outcome="Passed" testListId="8c84fa94-04c1-424b-9868-57a2d4851a1d" relativeResultsDirectory="050f151b-54b0-42d0-a424-774944b942b7" />
    <UnitTestResult executionId="fc9438ab-badd-4043-8b78-f70fe23420c7" testId="7c86940f-8bd1-1d77-6307-fc9803576fb0" testName="TypesAreNotEqualWhenNullabilityIsDifferent(System.Collections.Generic.IList`1[System.Int32])" computerName="pkrvmxyh4eaekms" duration="00:00:00.0003750" startTime="2025-06-24T21:13:32.0199923+00:00" endTime="2025-06-24T21:13:32.0203672+00:00" testType="13cdc9d9-ddb5-4fa4-a97d-d965ccfc6d4b" outcome="Passed" testListId="8c84fa94-04c1-424b-9868-57a2d4851a1d" relativeResultsDirectory="fc9438ab-badd-4043-8b78-f70fe23420c7" />
    <UnitTestResult executionId="940dd935-f045-4acc-9d9b-602982d3f4a2" testId="86b6936d-d0a3-0fe4-51f4-73e029925e7c" testName="ReadOnlyDict_Undefined_ReturnsFalse" computerName="pkrvmxyh4eaekms" duration="00:00:00.0001450" startTime="2025-06-24T21:13:40.4338773+00:00" endTime="2025-06-24T21:13:40.4340219+00:00" testType="13cdc9d9-ddb5-4fa4-a97d-d965ccfc6d4b" outcome="Passed" testListId="8c84fa94-04c1-424b-9868-57a2d4851a1d" relativeResultsDirectory="940dd935-f045-4acc-9d9b-602982d3f4a2" />
    <UnitTestResult executionId="3e9a497e-b197-4a00-ab03-ce46129339ce" testId="55ce5247-e731-1e4f-d91f-c42500d9a460" testName="TestBreakLines_AllLineBreaks" computerName="pkrvmxyh4eaekms" duration="00:00:00.0006970" startTime="2025-06-24T21:13:41.1370616+00:00" endTime="2025-06-24T21:13:41.1377582+00:00" testType="13cdc9d9-ddb5-4fa4-a97d-d965ccfc6d4b" outcome="Passed" testListId="8c84fa94-04c1-424b-9868-57a2d4851a1d" relativeResultsDirectory="3e9a497e-b197-4a00-ab03-ce46129339ce" />
    <UnitTestResult executionId="7f282d73-0d52-4c59-98c0-1e1e5db0ff7a" testId="cfee214c-88a1-d6af-e219-440c39e0637e" testName="NotEqualToFrameworkType(System.Int32,System.String)" computerName="pkrvmxyh4eaekms" duration="00:00:00.0006260" startTime="2025-06-24T21:13:31.9880875+00:00" endTime="2025-06-24T21:13:31.9887132+00:00" testType="13cdc9d9-ddb5-4fa4-a97d-d965ccfc6d4b" outcome="Passed" testListId="8c84fa94-04c1-424b-9868-57a2d4851a1d" relativeResultsDirectory="7f282d73-0d52-4c59-98c0-1e1e5db0ff7a" />
    <UnitTestResult executionId="8bf8b049-5658-4348-9e71-92b94c3e1b46" testId="2fe0ce30-023a-d677-13ee-2b4363be581f" testName="ListExpression(System.Int32)" computerName="pkrvmxyh4eaekms" duration="00:00:00.0010810" startTime="2025-06-24T21:13:30.6677388+00:00" endTime="2025-06-24T21:13:30.6688202+00:00" testType="13cdc9d9-ddb5-4fa4-a97d-d965ccfc6d4b" outcome="Passed" testListId="8c84fa94-04c1-424b-9868-57a2d4851a1d" relativeResultsDirectory="8bf8b049-5658-4348-9e71-92b94c3e1b46" />
    <UnitTestResult executionId="84c9f0fd-cdf9-4fe8-aa47-e86701810dc2" testId="0733d45a-5f43-51ef-b8dc-2f7e48283054" testName="ValidatePropertyTypes(System.Collections.Generic.IEnumerable`1[System.TimeSpan])" computerName="pkrvmxyh4eaekms" duration="00:00:00.0141880" startTime="2025-06-24T21:13:40.2167515+00:00" endTime="2025-06-24T21:13:40.2309382+00:00" testType="13cdc9d9-ddb5-4fa4-a97d-d965ccfc6d4b" outcome="Passed" testListId="8c84fa94-04c1-424b-9868-57a2d4851a1d" relativeResultsDirectory="84c9f0fd-cdf9-4fe8-aa47-e86701810dc2" />
    <UnitTestResult executionId="f60eb233-8574-47fb-8cd7-9f81cfb953f8" testId="89b4f1fb-719f-d5f6-027b-21d7af10c7f4" testName="IfElseStatementWithConditionAndStatements" computerName="pkrvmxyh4eaekms" duration="00:00:00.0011440" startTime="2025-06-24T21:13:41.0564776+00:00" endTime="2025-06-24T21:13:41.0576210+00:00" testType="13cdc9d9-ddb5-4fa4-a97d-d965ccfc6d4b" outcome="Passed" testListId="8c84fa94-04c1-424b-9868-57a2d4851a1d" relativeResultsDirectory="f60eb233-8574-47fb-8cd7-9f81cfb953f8" />
    <UnitTestResult executionId="3174211e-d02c-429e-8d4b-11734b849556" testId="7c3fdd62-4e56-8c23-4c82-22dddd3e2da0" testName="PropertyInitializationType_ReadOnlyMemory" computerName="pkrvmxyh4eaekms" duration="00:00:00.0004780" startTime="2025-06-24T21:13:31.9980716+00:00" endTime="2025-06-24T21:13:31.9985498+00:00" testType="13cdc9d9-ddb5-4fa4-a97d-d965ccfc6d4b" outcome="Passed" testListId="8c84fa94-04c1-424b-9868-57a2d4851a1d" relativeResultsDirectory="3174211e-d02c-429e-8d4b-11734b849556" />
    <UnitTestResult executionId="05e986b7-9922-45a1-9b01-5b5781769a0b" testId="5d824b67-f14a-a3ef-6f6d-b5503b2915cc" testName="TestSwitchStatementWithMultipleCasesWrite" computerName="pkrvmxyh4eaekms" duration="00:00:00.0018340" startTime="2025-06-24T21:13:41.0660958+00:00" endTime="2025-06-24T21:13:41.0679297+00:00" testType="13cdc9d9-ddb5-4fa4-a97d-d965ccfc6d4b" outcome="Passed" testListId="8c84fa94-04c1-424b-9868-57a2d4851a1d" relativeResultsDirectory="05e986b7-9922-45a1-9b01-5b5781769a0b" />
    <UnitTestResult executionId="95f03c08-72b5-4e01-93e3-e3e14b6d35b8" testId="7c0e6e89-86f1-1219-b859-69fb4d47a693" testName="ValidateConstructors" computerName="pkrvmxyh4eaekms" duration="00:00:00.0069780" startTime="2025-06-24T21:13:39.8628671+00:00" endTime="2025-06-24T21:13:39.8698451+00:00" testType="13cdc9d9-ddb5-4fa4-a97d-d965ccfc6d4b" outcome="Passed" testListId="8c84fa94-04c1-424b-9868-57a2d4851a1d" relativeResultsDirectory="95f03c08-72b5-4e01-93e3-e3e14b6d35b8" />
    <UnitTestResult executionId="7cf9af9c-9550-49f0-b810-5e04195ea4f3" testId="60dd2445-e8bb-0222-1da7-aff558a8ae4d" testName="TestBreakLines_TrivialFormatSpecifier" computerName="pkrvmxyh4eaekms" duration="00:00:00.0000620" startTime="2025-06-24T21:13:41.1391082+00:00" endTime="2025-06-24T21:13:41.1391698+00:00" testType="13cdc9d9-ddb5-4fa4-a97d-d965ccfc6d4b" outcome="Passed" testListId="8c84fa94-04c1-424b-9868-57a2d4851a1d" relativeResultsDirectory="7cf9af9c-9550-49f0-b810-5e04195ea4f3" />
    <UnitTestResult executionId="3756c6e6-b344-457a-9c29-2be2b6a600f7" testId="033d4d5e-95f6-b1c3-e77b-5a087cc7f433" testName="TestInitialize" computerName="pkrvmxyh4eaekms" duration="00:00:00.0123510" startTime="2025-06-24T21:13:27.4170974+00:00" endTime="2025-06-24T21:13:27.4294480+00:00" testType="13cdc9d9-ddb5-4fa4-a97d-d965ccfc6d4b" outcome="Passed" testListId="8c84fa94-04c1-424b-9868-57a2d4851a1d" relativeResultsDirectory="3756c6e6-b344-457a-9c29-2be2b6a600f7" />
    <UnitTestResult executionId="bca81305-6706-42fb-a150-db234288eb47" testId="58c2a48b-8bbe-0380-caa2-a75f54af8cb9" testName="ValidateParameters(System.String,ScopedApi { Original = LiteralExpression { Literal = Foo }, Type = string })" computerName="pkrvmxyh4eaekms" duration="00:00:00.0191280" startTime="2025-06-24T21:13:39.9034633+00:00" endTime="2025-06-24T21:13:39.9225903+00:00" testType="13cdc9d9-ddb5-4fa4-a97d-d965ccfc6d4b" outcome="Passed" testListId="8c84fa94-04c1-424b-9868-57a2d4851a1d" relativeResultsDirectory="bca81305-6706-42fb-a150-db234288eb47" />
    <UnitTestResult executionId="820b7ce7-5257-47cd-a65a-1cf13df90def" testId="ffafe886-db52-5cdf-21f6-dc5e02604ae3" testName="IsReadOnlyDictionary(System.Int32,False)" computerName="pkrvmxyh4eaekms" duration="00:00:00.0003050" startTime="2025-06-24T21:13:31.9796685+00:00" endTime="2025-06-24T21:13:31.9799730+00:00" testType="13cdc9d9-ddb5-4fa4-a97d-d965ccfc6d4b" outcome="Passed" testListId="8c84fa94-04c1-424b-9868-57a2d4851a1d" relativeResultsDirectory="820b7ce7-5257-47cd-a65a-1cf13df90def" />
    <UnitTestResult executionId="a52ca261-97c8-4b91-a22b-7611701d5ada" testId="0d29e5b2-5da1-fce3-df65-d20edd141d9a" testName="TestFlatten_CorrectNestedOrder" computerName="pkrvmxyh4eaekms" duration="00:00:00.0006480" startTime="2025-06-24T21:13:41.0641391+00:00" endTime="2025-06-24T21:13:41.0647875+00:00" testType="13cdc9d9-ddb5-4fa4-a97d-d965ccfc6d4b" outcome="Passed" testListId="8c84fa94-04c1-424b-9868-57a2d4851a1d" relativeResultsDirectory="a52ca261-97c8-4b91-a22b-7611701d5ada" />
    <UnitTestResult executionId="915a38c2-1da1-4769-b345-2ee5ef78e5a7" testId="17d65b15-06b6-e8a5-500a-36ea94523572" testName="DerivedShouldUseItsDiscriminatorValueInModelFactory" computerName="pkrvmxyh4eaekms" duration="00:00:00.0026920" startTime="2025-06-24T21:13:32.5705457+00:00" endTime="2025-06-24T21:13:32.5732379+00:00" testType="13cdc9d9-ddb5-4fa4-a97d-d965ccfc6d4b" outcome="Passed" testListId="8c84fa94-04c1-424b-9868-57a2d4851a1d" relativeResultsDirectory="915a38c2-1da1-4769-b345-2ee5ef78e5a7" />
    <UnitTestResult executionId="c1332b08-b5bd-4df3-932b-ec9fd36aceac" testId="a4842a65-d964-6c02-a2c8-82738a9f92f7" testName="ListExpression(System.Collections.Generic.IList`1[System.Int32])" computerName="pkrvmxyh4eaekms" duration="00:00:00.0002890" startTime="2025-06-24T21:13:30.6744395+00:00" endTime="2025-06-24T21:13:30.6747286+00:00" testType="13cdc9d9-ddb5-4fa4-a97d-d965ccfc6d4b" outcome="Passed" testListId="8c84fa94-04c1-424b-9868-57a2d4851a1d" relativeResultsDirectory="c1332b08-b5bd-4df3-932b-ec9fd36aceac" />
    <UnitTestResult executionId="659f0b09-edf3-464f-acca-c808fda678b4" testId="d9eec0b3-0c26-d703-46db-e70053729640" testName="TestParseVersionString(&quot;1.0.0-beta.1&quot;,&quot;1.0.0-beta.1&quot;,1.0.0-beta.1,False)" computerName="pkrvmxyh4eaekms" duration="00:00:00.0010760" startTime="2025-06-24T21:13:41.2085757+00:00" endTime="2025-06-24T21:13:41.2096512+00:00" testType="13cdc9d9-ddb5-4fa4-a97d-d965ccfc6d4b" outcome="Passed" testListId="8c84fa94-04c1-424b-9868-57a2d4851a1d" relativeResultsDirectory="659f0b09-edf3-464f-acca-c808fda678b4" />
    <UnitTestResult executionId="5460d5f5-920f-4c2d-b225-96eab01d82f7" testId="46dcdbc3-9a94-118d-ee9e-54f4a5b4a315" testName="TestBuildProperties_ValidatePropertySetters(Microsoft.TypeSpec.Generator.Input.InputModelProperty,string,True)" computerName="pkrvmxyh4eaekms" duration="00:00:00.0017070" startTime="2025-06-24T21:13:39.7457557+00:00" endTime="2025-06-24T21:13:39.7474631+00:00" testType="13cdc9d9-ddb5-4fa4-a97d-d965ccfc6d4b" outcome="Passed" testListId="8c84fa94-04c1-424b-9868-57a2d4851a1d" relativeResultsDirectory="5460d5f5-920f-4c2d-b225-96eab01d82f7" />
    <UnitTestResult executionId="8f2843c0-07bd-4e53-84cd-364247a5cc13" testId="f53f973d-cb80-9861-5d3f-ae579bbed924" testName="RemovedInputModelCausesExceptionWhenReferencedInDifferentModel" computerName="pkrvmxyh4eaekms" duration="00:00:00.0023750" startTime="2025-06-24T21:13:31.6534258+00:00" endTime="2025-06-24T21:13:31.6558008+00:00" testType="13cdc9d9-ddb5-4fa4-a97d-d965ccfc6d4b" outcome="Passed" testListId="8c84fa94-04c1-424b-9868-57a2d4851a1d" relativeResultsDirectory="8f2843c0-07bd-4e53-84cd-364247a5cc13" />
    <UnitTestResult executionId="6ef1fe4b-9a24-4307-a0db-300d681dee23" testId="b080ddbc-74ae-fb36-8466-9ecac9193025" testName="ListExpression(System.Collections.Generic.IDictionary`2[System.String,System.Int32])" computerName="pkrvmxyh4eaekms" duration="00:00:00.0002480" startTime="2025-06-24T21:13:30.6779318+00:00" endTime="2025-06-24T21:13:30.6781794+00:00" testType="13cdc9d9-ddb5-4fa4-a97d-d965ccfc6d4b" outcome="Passed" testListId="8c84fa94-04c1-424b-9868-57a2d4851a1d" relativeResultsDirectory="6ef1fe4b-9a24-4307-a0db-300d681dee23" />
    <UnitTestResult executionId="cb5a85d5-c3cd-4ae3-bcd7-9ed461e85112" testId="c8fad434-c90e-02c1-1a72-f8552a249e5f" testName="IsDictionary(System.Collections.Generic.List`1[T],False)" computerName="pkrvmxyh4eaekms" duration="00:00:00.0001320" startTime="2025-06-24T21:13:31.9770840+00:00" endTime="2025-06-24T21:13:31.9772155+00:00" testType="13cdc9d9-ddb5-4fa4-a97d-d965ccfc6d4b" outcome="Passed" testListId="8c84fa94-04c1-424b-9868-57a2d4851a1d" relativeResultsDirectory="cb5a85d5-c3cd-4ae3-bcd7-9ed461e85112" />
    <UnitTestResult executionId="c778cc3e-7079-4ba4-803d-e5c39352c18b" testId="292fcb11-3235-5d58-6743-74ed56c23f7c" testName="IntSerializationFormat(Int64,&quot;string&quot;)" computerName="pkrvmxyh4eaekms" duration="00:00:00.0005419" startTime="2025-06-24T21:13:41.1315591+00:00" endTime="2025-06-24T21:13:41.1321014+00:00" testType="13cdc9d9-ddb5-4fa4-a97d-d965ccfc6d4b" outcome="Passed" testListId="8c84fa94-04c1-424b-9868-57a2d4851a1d" relativeResultsDirectory="c778cc3e-7079-4ba4-803d-e5c39352c18b" />
    <UnitTestResult executionId="b9d13b27-b482-4b4c-8da4-fd10f42ed3bf" testId="935a63b5-070b-d745-9989-b4b59e3623fb" testName="TypesAreNotEqual(System.Collections.Generic.IList`1[System.Int32],System.Collections.Generic.IList`1[T])" computerName="pkrvmxyh4eaekms" duration="00:00:00.0005230" startTime="2025-06-24T21:13:32.0126713+00:00" endTime="2025-06-24T21:13:32.0131947+00:00" testType="13cdc9d9-ddb5-4fa4-a97d-d965ccfc6d4b" outcome="Passed" testListId="8c84fa94-04c1-424b-9868-57a2d4851a1d" relativeResultsDirectory="b9d13b27-b482-4b4c-8da4-fd10f42ed3bf" />
    <UnitTestResult executionId="f888fec8-0948-454c-b515-ede2e3e65295" testId="7b2bde76-c4df-aa8b-e1f7-800bedb22f31" testName="SystemTypeOperatorTestEqual(System.Int64)" computerName="pkrvmxyh4eaekms" duration="00:00:00.0004080" startTime="2025-06-24T21:13:30.7206819+00:00" endTime="2025-06-24T21:13:30.7210897+00:00" testType="13cdc9d9-ddb5-4fa4-a97d-d965ccfc6d4b" outcome="Passed" testListId="8c84fa94-04c1-424b-9868-57a2d4851a1d" relativeResultsDirectory="f888fec8-0948-454c-b515-ede2e3e65295" />
    <UnitTestResult executionId="5d1e3b50-71a8-4065-a535-22c5df2d3a34" testId="d6ec974b-6353-2efc-76e0-fff1e88333cb" testName="TypesAreNotEqual(System.Collections.Generic.IDictionary`2[System.Int32,System.String],System.Collections.Generic.Dictionary`2[System.Int32,System.String])" computerName="pkrvmxyh4eaekms" duration="00:00:00.0005480" startTime="2025-06-24T21:13:32.0165030+00:00" endTime="2025-06-24T21:13:32.0170508+00:00" testType="13cdc9d9-ddb5-4fa4-a97d-d965ccfc6d4b" outcome="Passed" testListId="8c84fa94-04c1-424b-9868-57a2d4851a1d" relativeResultsDirectory="5d1e3b50-71a8-4065-a535-22c5df2d3a34" />
    <UnitTestResult executionId="e4f43e2c-25a6-410a-b12c-f153cc1e1fb1" testId="7788ecc7-909e-0936-6cdb-ea230b89cfd9" testName="TypesAreEqual(System.Collections.Generic.IList`1[T])" computerName="pkrvmxyh4eaekms" duration="00:00:00.0003630" startTime="2025-06-24T21:13:31.9999287+00:00" endTime="2025-06-24T21:13:32.0002920+00:00" testType="13cdc9d9-ddb5-4fa4-a97d-d965ccfc6d4b" outcome="Passed" testListId="8c84fa94-04c1-424b-9868-57a2d4851a1d" relativeResultsDirectory="e4f43e2c-25a6-410a-b12c-f153cc1e1fb1" />
    <UnitTestResult executionId="1cd2ff3e-8cbe-409d-bc36-c8d52265a2a2" testId="e79ee870-84fd-ee32-152b-bd13bd15383d" testName="TestIsCSharpKeyword(&quot;typeof&quot;,True)" computerName="pkrvmxyh4eaekms" duration="00:00:00.0003740" startTime="2025-06-24T21:13:41.2622385+00:00" endTime="2025-06-24T21:13:41.2626126+00:00" testType="13cdc9d9-ddb5-4fa4-a97d-d965ccfc6d4b" outcome="Passed" testListId="8c84fa94-04c1-424b-9868-57a2d4851a1d" relativeResultsDirectory="1cd2ff3e-8cbe-409d-bc36-c8d52265a2a2" />
    <UnitTestResult executionId="c6636306-a063-4a1a-8b5a-e330bac3117e" testId="6830570b-6b8d-b4b8-7c7b-a733b2906570" testName="CSharpTypeOperatorTestNotEqual(string,int)" computerName="pkrvmxyh4eaekms" duration="00:00:00.0004420" startTime="2025-06-24T21:13:30.7166651+00:00" endTime="2025-06-24T21:13:30.7171071+00:00" testType="13cdc9d9-ddb5-4fa4-a97d-d965ccfc6d4b" outcome="Passed" testListId="8c84fa94-04c1-424b-9868-57a2d4851a1d" relativeResultsDirectory="c6636306-a063-4a1a-8b5a-e330bac3117e" />
    <UnitTestResult executionId="2d3193ca-8048-4b41-aa7e-b4715f748838" testId="1aa0e048-8454-4b5a-6b8f-4adbe8aad08e" testName="ValidateNamespace" computerName="pkrvmxyh4eaekms" duration="00:00:00.0013540" startTime="2025-06-24T21:13:32.1614091+00:00" endTime="2025-06-24T21:13:32.1627632+00:00" testType="13cdc9d9-ddb5-4fa4-a97d-d965ccfc6d4b" outcome="Passed" testListId="8c84fa94-04c1-424b-9868-57a2d4851a1d" relativeResultsDirectory="2d3193ca-8048-4b41-aa7e-b4715f748838" />
    <UnitTestResult executionId="096a01c3-c284-4ebf-8c87-4126561e87d3" testId="505a857b-da4d-f58f-a6af-4665396ee207" testName="NotEqualToFrameworkType(System.Int32,System.Collections.Generic.IList`1[System.Int32])" computerName="pkrvmxyh4eaekms" duration="00:00:00.0003910" startTime="2025-06-24T21:13:31.9898641+00:00" endTime="2025-06-24T21:13:31.9902547+00:00" testType="13cdc9d9-ddb5-4fa4-a97d-d965ccfc6d4b" outcome="Passed" testListId="8c84fa94-04c1-424b-9868-57a2d4851a1d" relativeResultsDirectory="096a01c3-c284-4ebf-8c87-4126561e87d3" />
    <UnitTestResult executionId="43664bde-4c4f-4a6f-80bf-ba0685c15cce" testId="54de8916-5b62-ba46-e8c2-27c2d49d182d" testName="TestParseConfig_LibraryName(&quot;{\n                    \&quot;output-folder\&quot;: \&quot;outputFolder\&quot;,\n                    \&quot;package-name\&quot;: \&quot;libraryName\&quot;,\n                }&quot;,False)" computerName="pkrvmxyh4eaekms" duration="00:00:00.0003510" startTime="2025-06-24T21:13:27.4434353+00:00" endTime="2025-06-24T21:13:27.4437862+00:00" testType="13cdc9d9-ddb5-4fa4-a97d-d965ccfc6d4b" outcome="Passed" testListId="8c84fa94-04c1-424b-9868-57a2d4851a1d" relativeResultsDirectory="43664bde-4c4f-4a6f-80bf-ba0685c15cce" />
    <UnitTestResult executionId="4443d539-04ae-45b2-9c26-4d880264fd82" testId="16d57f1c-05ad-2682-d96a-76fdbc5ac200" testName="CanUpdateForStatement" computerName="pkrvmxyh4eaekms" duration="00:00:00.0077540" startTime="2025-06-24T21:13:41.0908184+00:00" endTime="2025-06-24T21:13:41.0985724+00:00" testType="13cdc9d9-ddb5-4fa4-a97d-d965ccfc6d4b" outcome="Passed" testListId="8c84fa94-04c1-424b-9868-57a2d4851a1d" relativeResultsDirectory="4443d539-04ae-45b2-9c26-4d880264fd82" />
    <UnitTestResult executionId="ff879d8e-220d-4e90-af1a-68e93621af96" testId="758f6201-9ba2-fd48-9cbf-e75fc1748c14" testName="CanCustomizeNestedTypesWithRenamedDeclaringType" computerName="pkrvmxyh4eaekms" duration="00:00:00.1093250" startTime="2025-06-24T21:13:40.4940138+00:00" endTime="2025-06-24T21:13:40.6033378+00:00" testType="13cdc9d9-ddb5-4fa4-a97d-d965ccfc6d4b" outcome="Passed" testListId="8c84fa94-04c1-424b-9868-57a2d4851a1d" relativeResultsDirectory="ff879d8e-220d-4e90-af1a-68e93621af96" />
    <UnitTestResult executionId="3b92b289-7a71-4eb6-b1f8-0e73247e1d95" testId="49d00e4b-9bd0-a7f2-46b1-60b16750ffa9" testName="CanChangeListOfEnumPropToListOfExtensibleEnumField" computerName="pkrvmxyh4eaekms" duration="00:00:00.1207300" startTime="2025-06-24T21:13:36.6509775+00:00" endTime="2025-06-24T21:13:36.7717067+00:00" testType="13cdc9d9-ddb5-4fa4-a97d-d965ccfc6d4b" outcome="Passed" testListId="8c84fa94-04c1-424b-9868-57a2d4851a1d" relativeResultsDirectory="3b92b289-7a71-4eb6-b1f8-0e73247e1d95" />
    <UnitTestResult executionId="da1e91a2-3d42-400b-aba2-be33624d01ea" testId="5c6aca6c-7764-085c-17f7-a78d3193dc56" testName="GetGenericTypeDefinition(System.Collections.Generic.KeyValuePair`2[System.Int32,System.String],System.Collections.Generic.KeyValuePair`2[TKey,TValue],False)" computerName="pkrvmxyh4eaekms" duration="00:00:00.0008850" startTime="2025-06-24T21:13:31.9528394+00:00" endTime="2025-06-24T21:13:31.9537248+00:00" testType="13cdc9d9-ddb5-4fa4-a97d-d965ccfc6d4b" outcome="Passed" testListId="8c84fa94-04c1-424b-9868-57a2d4851a1d" relativeResultsDirectory="da1e91a2-3d42-400b-aba2-be33624d01ea" />
    <UnitTestResult executionId="41f106c6-8cb9-470f-923f-f09da5d2a8f5" testId="a4098945-aef8-d604-acc8-f0f260fbcbe3" testName="SerializationCtorShouldNotDuplicateBaseProperties" computerName="pkrvmxyh4eaekms" duration="00:00:00.0025940" startTime="2025-06-24T21:13:39.6898048+00:00" endTime="2025-06-24T21:13:39.6923989+00:00" testType="13cdc9d9-ddb5-4fa4-a97d-d965ccfc6d4b" outcome="Passed" testListId="8c84fa94-04c1-424b-9868-57a2d4851a1d" relativeResultsDirectory="41f106c6-8cb9-470f-923f-f09da5d2a8f5" />
    <UnitTestResult executionId="92cfe426-5b6f-4f2d-8621-6a3cd83eae86" testId="27f495c0-a85b-03c6-c5ad-db73bb996ca9" testName="FinallyStatementWithMultipleLineBody" computerName="pkrvmxyh4eaekms" duration="00:00:00.0002900" startTime="2025-06-24T21:13:41.0546435+00:00" endTime="2025-06-24T21:13:41.0549331+00:00" testType="13cdc9d9-ddb5-4fa4-a97d-d965ccfc6d4b" outcome="Passed" testListId="8c84fa94-04c1-424b-9868-57a2d4851a1d" relativeResultsDirectory="92cfe426-5b6f-4f2d-8621-6a3cd83eae86" />
    <UnitTestResult executionId="f020a273-1bb4-4739-962b-027c5e265a80" testId="898f17e3-1177-42cd-4c82-d7559e1b2361" testName="DictionaryExpression(System.Tuple`1[T1],System.Tuple`2[T1,T2])" computerName="pkrvmxyh4eaekms" duration="00:00:00.0005930" startTime="2025-06-24T21:13:30.6360527+00:00" endTime="2025-06-24T21:13:30.6366460+00:00" testType="13cdc9d9-ddb5-4fa4-a97d-d965ccfc6d4b" outcome="Passed" testListId="8c84fa94-04c1-424b-9868-57a2d4851a1d" relativeResultsDirectory="f020a273-1bb4-4739-962b-027c5e265a80" />
    <UnitTestResult executionId="cdfa6061-1654-4048-aeec-39b94eaf27d3" testId="0dc7140d-4bbf-efdd-6caf-673aa037fb11" testName="TestBreakLines_LiteralOpenAndCloseBraceWithT" computerName="pkrvmxyh4eaekms" duration="00:00:00.0000430" startTime="2025-06-24T21:13:41.1393770+00:00" endTime="2025-06-24T21:13:41.1394201+00:00" testType="13cdc9d9-ddb5-4fa4-a97d-d965ccfc6d4b" outcome="Passed" testListId="8c84fa94-04c1-424b-9868-57a2d4851a1d" relativeResultsDirectory="cdfa6061-1654-4048-aeec-39b94eaf27d3" />
    <UnitTestResult executionId="2a7902c0-7286-4b55-b8df-311d9016a610" testId="483288a8-d0a2-64bb-409d-d76b11e5343a" testName="ScopeStoredOnceInSameBlock" computerName="pkrvmxyh4eaekms" duration="00:00:00.0005520" startTime="2025-06-24T21:13:41.2877792+00:00" endTime="2025-06-24T21:13:41.2883101+00:00" testType="13cdc9d9-ddb5-4fa4-a97d-d965ccfc6d4b" outcome="Passed" testListId="8c84fa94-04c1-424b-9868-57a2d4851a1d" relativeResultsDirectory="2a7902c0-7286-4b55-b8df-311d9016a610" />
    <UnitTestResult executionId="c2033fed-b6c5-4b88-a9da-9eb7d666dbaa" testId="26d6e61d-3424-d277-97b9-45867b7105f8" testName="DuplicatePropertyHasVirtualAndOverrideKeyword" computerName="pkrvmxyh4eaekms" duration="00:00:00.0023910" startTime="2025-06-24T21:13:39.6624658+00:00" endTime="2025-06-24T21:13:39.6648566+00:00" testType="13cdc9d9-ddb5-4fa4-a97d-d965ccfc6d4b" outcome="Passed" testListId="8c84fa94-04c1-424b-9868-57a2d4851a1d" relativeResultsDirectory="c2033fed-b6c5-4b88-a9da-9eb7d666dbaa" />
    <UnitTestResult executionId="8e167d19-9f8a-4691-a284-2bcdd68aa500" testId="6ceae3fc-dabf-6e75-8a34-9ca65dbb83f3" testName="ValidateAnonymousMultipleProperties" computerName="pkrvmxyh4eaekms" duration="00:00:00.0006590" startTime="2025-06-24T21:13:40.8169231+00:00" endTime="2025-06-24T21:13:40.8175822+00:00" testType="13cdc9d9-ddb5-4fa4-a97d-d965ccfc6d4b" outcome="Passed" testListId="8c84fa94-04c1-424b-9868-57a2d4851a1d" relativeResultsDirectory="8e167d19-9f8a-4691-a284-2bcdd68aa500" />
    <UnitTestResult executionId="fc2b32fe-4f74-4052-8fb6-644d7114fcb0" testId="ebe1cb31-9c82-dbb6-a15e-a7ddeb2e1d02" testName="TestBuildSecondaryConstructor(True)" computerName="pkrvmxyh4eaekms" duration="00:00:00.0020180" startTime="2025-06-24T21:13:39.7528493+00:00" endTime="2025-06-24T21:13:39.7548671+00:00" testType="13cdc9d9-ddb5-4fa4-a97d-d965ccfc6d4b" outcome="Passed" testListId="8c84fa94-04c1-424b-9868-57a2d4851a1d" relativeResultsDirectory="fc2b32fe-4f74-4052-8fb6-644d7114fcb0" />
    <UnitTestResult executionId="7ae877a8-aa7f-4ddb-923e-e292b768f54b" testId="a83c55d9-b4b3-f28e-764f-b9b4aa5db19f" testName="TestBuildAdditionalProperties(Microsoft.TypeSpec.Generator.Input.InputModelType,False,1)" computerName="pkrvmxyh4eaekms" duration="00:00:00.0009970" startTime="2025-06-24T21:13:39.6972105+00:00" endTime="2025-06-24T21:13:39.6982070+00:00" testType="13cdc9d9-ddb5-4fa4-a97d-d965ccfc6d4b" outcome="Passed" testListId="8c84fa94-04c1-424b-9868-57a2d4851a1d" relativeResultsDirectory="7ae877a8-aa7f-4ddb-923e-e292b768f54b" />
    <UnitTestResult executionId="f6a44c1f-dcc9-4408-9c2d-6217348eb612" testId="603829a1-9432-edd0-0c5d-714ad2a8180a" testName="CatchStatementWithOneLineBody" computerName="pkrvmxyh4eaekms" duration="00:00:00.0002370" startTime="2025-06-24T21:13:41.0525579+00:00" endTime="2025-06-24T21:13:41.0527947+00:00" testType="13cdc9d9-ddb5-4fa4-a97d-d965ccfc6d4b" outcome="Passed" testListId="8c84fa94-04c1-424b-9868-57a2d4851a1d" relativeResultsDirectory="f6a44c1f-dcc9-4408-9c2d-6217348eb612" />
    <UnitTestResult executionId="074b470f-99a1-45f4-b864-f99fccc0c299" testId="185dbb4d-75ae-8bb0-5710-325836db379a" testName="CanRemoveProperty" computerName="pkrvmxyh4eaekms" duration="00:00:00.1681040" startTime="2025-06-24T21:13:38.4550607+00:00" endTime="2025-06-24T21:13:38.6231644+00:00" testType="13cdc9d9-ddb5-4fa4-a97d-d965ccfc6d4b" outcome="Passed" testListId="8c84fa94-04c1-424b-9868-57a2d4851a1d" relativeResultsDirectory="074b470f-99a1-45f4-b864-f99fccc0c299" />
    <UnitTestResult executionId="29409ef7-f3ee-4f15-9203-837ec6b4b305" testId="d78fd4cb-df66-5873-0931-c2673f628faa" testName="TestToApiVersionValue(&quot;V3_0&quot;,&quot;3-0&quot;)" computerName="pkrvmxyh4eaekms" duration="00:00:00.0000649" startTime="2025-06-24T21:13:41.2745341+00:00" endTime="2025-06-24T21:13:41.2745988+00:00" testType="13cdc9d9-ddb5-4fa4-a97d-d965ccfc6d4b" outcome="Passed" testListId="8c84fa94-04c1-424b-9868-57a2d4851a1d" relativeResultsDirectory="29409ef7-f3ee-4f15-9203-837ec6b4b305" />
    <UnitTestResult executionId="41e500af-f9a7-48eb-be82-ea34f30a9911" testId="fe0f7012-72f1-1691-a889-2acdf9e700c3" testName="InvalidDocInFormatArg" computerName="pkrvmxyh4eaekms" duration="00:00:00.0003780" startTime="2025-06-24T21:13:41.1167935+00:00" endTime="2025-06-24T21:13:41.1171716+00:00" testType="13cdc9d9-ddb5-4fa4-a97d-d965ccfc6d4b" outcome="Passed" testListId="8c84fa94-04c1-424b-9868-57a2d4851a1d" relativeResultsDirectory="41e500af-f9a7-48eb-be82-ea34f30a9911" />
    <UnitTestResult executionId="65a28231-749a-4fed-b6ce-153694d76dcd" testId="42ffd2ee-9394-da38-d190-db8c81cb9215" testName="HashCodesAreEqual(System.Collections.Generic.IList`1[System.Int32])" computerName="pkrvmxyh4eaekms" duration="00:00:00.0002720" startTime="2025-06-24T21:13:31.9578235+00:00" endTime="2025-06-24T21:13:31.9580949+00:00" testType="13cdc9d9-ddb5-4fa4-a97d-d965ccfc6d4b" outcome="Passed" testListId="8c84fa94-04c1-424b-9868-57a2d4851a1d" relativeResultsDirectory="65a28231-749a-4fed-b6ce-153694d76dcd" />
    <UnitTestResult executionId="2ca848be-1e34-4e8b-9c0f-0a85a56b9f8c" testId="6f3c6e12-9b74-aadd-c68d-32108b90a62a" testName="ForStatementWithAddMethod" computerName="pkrvmxyh4eaekms" duration="00:00:00.0005940" startTime="2025-06-24T21:13:41.0558673+00:00" endTime="2025-06-24T21:13:41.0564610+00:00" testType="13cdc9d9-ddb5-4fa4-a97d-d965ccfc6d4b" outcome="Passed" testListId="8c84fa94-04c1-424b-9868-57a2d4851a1d" relativeResultsDirectory="2ca848be-1e34-4e8b-9c0f-0a85a56b9f8c" />
    <UnitTestResult executionId="9f3def51-1972-40d1-979e-062f0726cbc2" testId="8e573d90-3905-3ac5-00ac-63bb86ee5890" testName="TestBuildProperties_ValidatePropertySetters(Microsoft.TypeSpec.Generator.Input.InputModelProperty,global::System.Collections.Generic.IDictionary&lt;string, string&gt;,False)" computerName="pkrvmxyh4eaekms" duration="00:00:00.0017600" startTime="2025-06-24T21:13:39.7415268+00:00" endTime="2025-06-24T21:13:39.7432862+00:00" testType="13cdc9d9-ddb5-4fa4-a97d-d965ccfc6d4b" outcome="Passed" testListId="8c84fa94-04c1-424b-9868-57a2d4851a1d" relativeResultsDirectory="9f3def51-1972-40d1-979e-062f0726cbc2" />
    <UnitTestResult executionId="f75bb24b-6c74-4dbe-943f-a9ace11bf749" testId="a8baf934-7123-2b6e-5a99-f97458b8d9f1" testName="TestToApiVersionValueWithCustomSeparator(&quot;V2024_01_01&quot;,&quot;_&quot;,&quot;2024_01_01&quot;)" computerName="pkrvmxyh4eaekms" duration="00:00:00.0000530" startTime="2025-06-24T21:13:41.2783738+00:00" endTime="2025-06-24T21:13:41.2784271+00:00" testType="13cdc9d9-ddb5-4fa4-a97d-d965ccfc6d4b" outcome="Passed" testListId="8c84fa94-04c1-424b-9868-57a2d4851a1d" relativeResultsDirectory="f75bb24b-6c74-4dbe-943f-a9ace11bf749" />
    <UnitTestResult executionId="4c8d620f-a11e-4616-bd4c-4b8e8b156703" testId="d4fbd879-3ad8-65ae-2ab6-7cbd4095d149" testName="TestToApiVersionValueWithCustomSeparator(&quot;V2022_05_15_Preview&quot;,&quot;.&quot;,&quot;2022.05.15.preview&quot;)" computerName="pkrvmxyh4eaekms" duration="00:00:00.0002960" startTime="2025-06-24T21:13:41.2779646+00:00" endTime="2025-06-24T21:13:41.2782604+00:00" testType="13cdc9d9-ddb5-4fa4-a97d-d965ccfc6d4b" outcome="Passed" testListId="8c84fa94-04c1-424b-9868-57a2d4851a1d" relativeResultsDirectory="4c8d620f-a11e-4616-bd4c-4b8e8b156703" />
    <UnitTestResult executionId="718775b5-0c86-423a-ab14-b943162af515" testId="bd1195d7-b276-2894-f72d-0b6a10b6c58a" testName="IsCollectionType(System.ReadOnlyMemory`1[T],True)" computerName="pkrvmxyh4eaekms" duration="00:00:00.0002420" startTime="2025-06-24T21:13:31.9743792+00:00" endTime="2025-06-24T21:13:31.9746209+00:00" testType="13cdc9d9-ddb5-4fa4-a97d-d965ccfc6d4b" outcome="Passed" testListId="8c84fa94-04c1-424b-9868-57a2d4851a1d" relativeResultsDirectory="718775b5-0c86-423a-ab14-b943162af515" />
    <UnitTestResult executionId="d1c9bb15-9840-4d01-b742-bf81664655e3" testId="c38ca7fb-221e-789a-b35a-4962e2d383a8" testName="CodeWriter_WriteProperty_ExpressionBody_WithExplicitInterface" computerName="pkrvmxyh4eaekms" duration="00:00:00.0004850" startTime="2025-06-24T21:13:41.2996221+00:00" endTime="2025-06-24T21:13:41.3001067+00:00" testType="13cdc9d9-ddb5-4fa4-a97d-d965ccfc6d4b" outcome="Passed" testListId="8c84fa94-04c1-424b-9868-57a2d4851a1d" relativeResultsDirectory="d1c9bb15-9840-4d01-b742-bf81664655e3" />
    <UnitTestResult executionId="bdcd3ac4-eb61-4ffa-8685-faf8f2470806" testId="2bca310c-6c4d-019b-2536-3cb3e435465c" testName="IsList(System.Collections.Generic.IReadOnlyCollection`1[T],False)" computerName="pkrvmxyh4eaekms" duration="00:00:00.0001900" startTime="2025-06-24T21:13:31.9787503+00:00" endTime="2025-06-24T21:13:31.9789397+00:00" testType="13cdc9d9-ddb5-4fa4-a97d-d965ccfc6d4b" outcome="Passed" testListId="8c84fa94-04c1-424b-9868-57a2d4851a1d" relativeResultsDirectory="bdcd3ac4-eb61-4ffa-8685-faf8f2470806" />
    <UnitTestResult executionId="29261e31-40b7-49e5-a564-b1a40d120571" testId="6d095f19-6ce0-f4cf-fdb2-2e457561105a" testName="CanInsertElement" computerName="pkrvmxyh4eaekms" duration="00:00:00.0011660" startTime="2025-06-24T21:13:32.1832966+00:00" endTime="2025-06-24T21:13:32.1844627+00:00" testType="13cdc9d9-ddb5-4fa4-a97d-d965ccfc6d4b" outcome="Passed" testListId="8c84fa94-04c1-424b-9868-57a2d4851a1d" relativeResultsDirectory="29261e31-40b7-49e5-a564-b1a40d120571" />
    <UnitTestResult executionId="77805974-00e0-4144-b253-e8a93d212e29" testId="c84e1522-8e1c-2ce1-86d8-ca3ed0f06d31" testName="TestYieldBreakStatement" computerName="pkrvmxyh4eaekms" duration="00:00:00.0004010" startTime="2025-06-24T21:13:41.0708916+00:00" endTime="2025-06-24T21:13:41.0712922+00:00" testType="13cdc9d9-ddb5-4fa4-a97d-d965ccfc6d4b" outcome="Passed" testListId="8c84fa94-04c1-424b-9868-57a2d4851a1d" relativeResultsDirectory="77805974-00e0-4144-b253-e8a93d212e29" />
    <UnitTestResult executionId="6189bef0-af60-4abb-b061-677812ebc5d8" testId="a915ac9c-4cbc-0417-dc03-8596623f4337" testName="CodeGenSerializationAttributeEmitted" computerName="pkrvmxyh4eaekms" duration="00:00:00.0008260" startTime="2025-06-24T21:13:30.5091556+00:00" endTime="2025-06-24T21:13:30.5099814+00:00" testType="13cdc9d9-ddb5-4fa4-a97d-d965ccfc6d4b" outcome="Passed" testListId="8c84fa94-04c1-424b-9868-57a2d4851a1d" relativeResultsDirectory="6189bef0-af60-4abb-b061-677812ebc5d8" />
    <UnitTestResult executionId="6a877fda-63b7-458a-b6f3-cc916e0b1310" testId="15ded8ec-de1a-7ade-c1cf-a3c58aebd8e9" testName="IsReadOnlyDictionary(System.Collections.Generic.IDictionary`2[System.String,System.String],False)" computerName="pkrvmxyh4eaekms" duration="00:00:00.0004080" startTime="2025-06-24T21:13:31.9799938+00:00" endTime="2025-06-24T21:13:31.9804014+00:00" testType="13cdc9d9-ddb5-4fa4-a97d-d965ccfc6d4b" outcome="Passed" testListId="8c84fa94-04c1-424b-9868-57a2d4851a1d" relativeResultsDirectory="6a877fda-63b7-458a-b6f3-cc916e0b1310" />
    <UnitTestResult executionId="7c8722f2-2dd8-4513-929a-1f19ea822865" testId="b3dd3cff-c586-d5fd-aa58-8c389c726f95" testName="CreateSameEnum" computerName="pkrvmxyh4eaekms" duration="00:00:00.0010529" startTime="2025-06-24T21:13:41.1190079+00:00" endTime="2025-06-24T21:13:41.1200609+00:00" testType="13cdc9d9-ddb5-4fa4-a97d-d965ccfc6d4b" outcome="Passed" testListId="8c84fa94-04c1-424b-9868-57a2d4851a1d" relativeResultsDirectory="7c8722f2-2dd8-4513-929a-1f19ea822865" />
    <UnitTestResult executionId="614c371a-a353-4ba2-8a08-e229c600f550" testId="d6ab8784-a562-88ce-de27-5ea7dc59536d" testName="BuildEnumType_ValidateApiVersionEnum()" computerName="pkrvmxyh4eaekms" duration="00:00:00.0057100" startTime="2025-06-24T21:13:32.4738240+00:00" endTime="2025-06-24T21:13:32.4795337+00:00" testType="13cdc9d9-ddb5-4fa4-a97d-d965ccfc6d4b" outcome="Passed" testListId="8c84fa94-04c1-424b-9868-57a2d4851a1d" relativeResultsDirectory="614c371a-a353-4ba2-8a08-e229c600f550" />
    <UnitTestResult executionId="6a47b0f3-48a4-4f87-9342-c3e33c4dc431" testId="0d2ce44e-c56c-0338-a04e-c3b9a8e7c5f5" testName="TestBuildProperties_ValidatePropertySetters(Microsoft.TypeSpec.Generator.Input.InputModelProperty,global::System.Collections.Generic.IList&lt;string&gt;,False)" computerName="pkrvmxyh4eaekms" duration="00:00:00.0022169" startTime="2025-06-24T21:13:39.7356301+00:00" endTime="2025-06-24T21:13:39.7378474+00:00" testType="13cdc9d9-ddb5-4fa4-a97d-d965ccfc6d4b" outcome="Passed" testListId="8c84fa94-04c1-424b-9868-57a2d4851a1d" relativeResultsDirectory="6a47b0f3-48a4-4f87-9342-c3e33c4dc431" />
    <UnitTestResult executionId="5fa063a1-4aa1-4a09-be07-6a556b184fd8" testId="6ebbf36c-1344-67da-0a21-dbfd36142b2b" testName="BodyHasSetterValidation(&quot;propInReadOnlyStruct&quot;,Microsoft.TypeSpec.Generator.Input.InputModelType,False,Struct, ReadOnly)" computerName="pkrvmxyh4eaekms" duration="00:00:00.0005940" startTime="2025-06-24T21:13:40.4755250+00:00" endTime="2025-06-24T21:13:40.4761186+00:00" testType="13cdc9d9-ddb5-4fa4-a97d-d965ccfc6d4b" outcome="Passed" testListId="8c84fa94-04c1-424b-9868-57a2d4851a1d" relativeResultsDirectory="5fa063a1-4aa1-4a09-be07-6a556b184fd8" />
    <UnitTestResult executionId="d5830c21-877f-4fb4-a785-696b3a6945ec" testId="4b0495f2-4b55-bc93-8a31-4245199393b9" testName="ValidateGetFormattableStringFormatParts(&quot;This {0} has literal }}&quot;,[Part { Value = This , IsLiteral = True, ArgumentIndex = -1 }, Part { Value = 0, IsLiteral = False, ArgumentIndex = 0 }, Part { Value =  has literal }, IsLiteral = True, ArgumentIndex = -1 }])" computerName="pkrvmxyh4eaekms" duration="00:00:00.0000850" startTime="2025-06-24T21:13:41.2809820+00:00" endTime="2025-06-24T21:13:41.2810668+00:00" testType="13cdc9d9-ddb5-4fa4-a97d-d965ccfc6d4b" outcome="Passed" testListId="8c84fa94-04c1-424b-9868-57a2d4851a1d" relativeResultsDirectory="d5830c21-877f-4fb4-a785-696b3a6945ec" />
    <UnitTestResult executionId="f58fc5be-ce0d-45bf-a1d1-8c1ca6d8c0d1" testId="ecdb70d8-9075-9d1c-7be9-1f20d9e44583" testName="TestSwitchStatementWithUsingStatementWrite" computerName="pkrvmxyh4eaekms" duration="00:00:00.0019120" startTime="2025-06-24T21:13:41.0679481+00:00" endTime="2025-06-24T21:13:41.0698603+00:00" testType="13cdc9d9-ddb5-4fa4-a97d-d965ccfc6d4b" outcome="Passed" testListId="8c84fa94-04c1-424b-9868-57a2d4851a1d" relativeResultsDirectory="f58fc5be-ce0d-45bf-a1d1-8c1ca6d8c0d1" />
    <UnitTestResult executionId="0f7a75e1-b275-4e10-985c-2dfd52018a1a" testId="e600fb81-0027-c971-f9c3-ea12b0e3838e" testName="ValidatePropertyTypes(System.String[])" computerName="pkrvmxyh4eaekms" duration="00:00:00.0141980" startTime="2025-06-24T21:13:40.2310078+00:00" endTime="2025-06-24T21:13:40.2452046+00:00" testType="13cdc9d9-ddb5-4fa4-a97d-d965ccfc6d4b" outcome="Passed" testListId="8c84fa94-04c1-424b-9868-57a2d4851a1d" relativeResultsDirectory="0f7a75e1-b275-4e10-985c-2dfd52018a1a" />
    <UnitTestResult executionId="7168b69c-d87b-4c50-be4e-13133c7ac5c8" testId="ecb78671-0760-ce16-1e30-d4cd0229b1d5" testName="TestToApiVersionMemberName(&quot;V2022.05.15-preview&quot;,&quot;V2022_05_15_Preview&quot;)" computerName="pkrvmxyh4eaekms" duration="00:00:00.0000430" startTime="2025-06-24T21:13:41.2738753+00:00" endTime="2025-06-24T21:13:41.2739185+00:00" testType="13cdc9d9-ddb5-4fa4-a97d-d965ccfc6d4b" outcome="Passed" testListId="8c84fa94-04c1-424b-9868-57a2d4851a1d" relativeResultsDirectory="7168b69c-d87b-4c50-be4e-13133c7ac5c8" />
    <UnitTestResult executionId="d1cfe19a-0b20-4271-abcd-c61e5aa9e914" testId="34132c40-1345-4eb9-1b5c-a904805a939d" testName="TryCatchFinallyStatementWithTryCatchAndFinally" computerName="pkrvmxyh4eaekms" duration="00:00:00.0003700" startTime="2025-06-24T21:13:41.0761828+00:00" endTime="2025-06-24T21:13:41.0765524+00:00" testType="13cdc9d9-ddb5-4fa4-a97d-d965ccfc6d4b" outcome="Passed" testListId="8c84fa94-04c1-424b-9868-57a2d4851a1d" relativeResultsDirectory="d1cfe19a-0b20-4271-abcd-c61e5aa9e914" />
    <UnitTestResult executionId="771c29c0-02e1-4291-8c5f-31f03d77ac7a" testId="b3a33a9e-e0dc-2e99-7a41-ba2ae1eef3a8" testName="TestIsCSharpKeyword(&quot;on&quot;,True)" computerName="pkrvmxyh4eaekms" duration="00:00:00.0003860" startTime="2025-06-24T21:13:41.2393354+00:00" endTime="2025-06-24T21:13:41.2397214+00:00" testType="13cdc9d9-ddb5-4fa4-a97d-d965ccfc6d4b" outcome="Passed" testListId="8c84fa94-04c1-424b-9868-57a2d4851a1d" relativeResultsDirectory="771c29c0-02e1-4291-8c5f-31f03d77ac7a" />
    <UnitTestResult executionId="1a0df3f1-0271-4389-aa92-87e1978d1a4d" testId="f84942d2-535b-3018-9a4e-000a5c0311ac" testName="TestIsCSharpKeyword(&quot;sbyte&quot;,True)" computerName="pkrvmxyh4eaekms" duration="00:00:00.0004040" startTime="2025-06-24T21:13:41.2461811+00:00" endTime="2025-06-24T21:13:41.2465847+00:00" testType="13cdc9d9-ddb5-4fa4-a97d-d965ccfc6d4b" outcome="Passed" testListId="8c84fa94-04c1-424b-9868-57a2d4851a1d" relativeResultsDirectory="1a0df3f1-0271-4389-aa92-87e1978d1a4d" />
    <UnitTestResult executionId="38263a59-1d36-4b90-8267-7eee367d38cb" testId="50d4599d-441b-6d48-33c5-276e0531443b" testName="DisableDocsForMethod" computerName="pkrvmxyh4eaekms" duration="00:00:00.0080810" startTime="2025-06-24T21:13:27.3846711+00:00" endTime="2025-06-24T21:13:27.3927524+00:00" testType="13cdc9d9-ddb5-4fa4-a97d-d965ccfc6d4b" outcome="Passed" testListId="8c84fa94-04c1-424b-9868-57a2d4851a1d" relativeResultsDirectory="38263a59-1d36-4b90-8267-7eee367d38cb" />
    <UnitTestResult executionId="8c2680fe-a403-4358-9492-1d3064602d47" testId="5fa08762-c225-80b2-5d21-73957ee628b2" testName="SerializationCtorInitializerHasToStringForEnumParam" computerName="pkrvmxyh4eaekms" duration="00:00:00.0025590" startTime="2025-06-24T21:13:39.6776574+00:00" endTime="2025-06-24T21:13:39.6802160+00:00" testType="13cdc9d9-ddb5-4fa4-a97d-d965ccfc6d4b" outcome="Passed" testListId="8c84fa94-04c1-424b-9868-57a2d4851a1d" relativeResultsDirectory="8c2680fe-a403-4358-9492-1d3064602d47" />
    <UnitTestResult executionId="845e99f0-eec0-45b7-a200-c85b0ef7ec04" testId="fe360101-5261-e820-b6ee-890e4a245a37" testName="TestToApiVersionValueWithVersionPrefix(&quot;V1_2_3_Beta&quot;,&quot;release-&quot;,&quot;release-1-2-3-beta&quot;)" computerName="pkrvmxyh4eaekms" duration="00:00:00.0000520" startTime="2025-06-24T21:13:41.2795985+00:00" endTime="2025-06-24T21:13:41.2796503+00:00" testType="13cdc9d9-ddb5-4fa4-a97d-d965ccfc6d4b" outcome="Passed" testListId="8c84fa94-04c1-424b-9868-57a2d4851a1d" relativeResultsDirectory="845e99f0-eec0-45b7-a200-c85b0ef7ec04" />
    <UnitTestResult executionId="8fd58774-36e0-441f-913a-73bcb09aa123" testId="6a240a6a-f74d-5b42-c5f5-258ba3c705b6" testName="TypesAreNotEqual(System.Collections.Generic.IList`1[T],System.Int32)" computerName="pkrvmxyh4eaekms" duration="00:00:00.0005190" startTime="2025-06-24T21:13:32.0109860+00:00" endTime="2025-06-24T21:13:32.0115047+00:00" testType="13cdc9d9-ddb5-4fa4-a97d-d965ccfc6d4b" outcome="Passed" testListId="8c84fa94-04c1-424b-9868-57a2d4851a1d" relativeResultsDirectory="8fd58774-36e0-441f-913a-73bcb09aa123" />
    <UnitTestResult executionId="4b64cff3-4da6-48e9-a058-3fa5f431f272" testId="fa77b169-7afb-e8ac-24d0-340be81330f8" testName="ValidateInstanceCtor" computerName="pkrvmxyh4eaekms" duration="00:00:00.0013940" startTime="2025-06-24T21:13:40.8247439+00:00" endTime="2025-06-24T21:13:40.8261377+00:00" testType="13cdc9d9-ddb5-4fa4-a97d-d965ccfc6d4b" outcome="Passed" testListId="8c84fa94-04c1-424b-9868-57a2d4851a1d" relativeResultsDirectory="4b64cff3-4da6-48e9-a058-3fa5f431f272" />
    <UnitTestResult executionId="11043a42-b32c-4ae3-b1ae-d0be546891e4" testId="226be470-5ed7-a113-35ac-4a7a3002033d" testName="CanUpdateWhileStatement" computerName="pkrvmxyh4eaekms" duration="00:00:00.0009080" startTime="2025-06-24T21:13:41.1075396+00:00" endTime="2025-06-24T21:13:41.1084474+00:00" testType="13cdc9d9-ddb5-4fa4-a97d-d965ccfc6d4b" outcome="Passed" testListId="8c84fa94-04c1-424b-9868-57a2d4851a1d" relativeResultsDirectory="11043a42-b32c-4ae3-b1ae-d0be546891e4" />
    <UnitTestResult executionId="02bb2387-d917-49c0-92e3-111a87e96b3f" testId="4cc9d4ab-e132-c853-fa2e-dbbd8b513879" testName="VisitsFields" computerName="pkrvmxyh4eaekms" duration="00:00:00.0016830" startTime="2025-06-24T21:13:31.7002622+00:00" endTime="2025-06-24T21:13:31.7019455+00:00" testType="13cdc9d9-ddb5-4fa4-a97d-d965ccfc6d4b" outcome="Passed" testListId="8c84fa94-04c1-424b-9868-57a2d4851a1d" relativeResultsDirectory="02bb2387-d917-49c0-92e3-111a87e96b3f" />
    <UnitTestResult executionId="f180b678-91c2-4d0b-b42f-a69cc0cfbddd" testId="816b2ac7-a43f-4c86-3132-8faeff3af2a9" testName="FormatInFormat" computerName="pkrvmxyh4eaekms" duration="00:00:00.0004210" startTime="2025-06-24T21:13:41.3109173+00:00" endTime="2025-06-24T21:13:41.3113378+00:00" testType="13cdc9d9-ddb5-4fa4-a97d-d965ccfc6d4b" outcome="Passed" testListId="8c84fa94-04c1-424b-9868-57a2d4851a1d" relativeResultsDirectory="f180b678-91c2-4d0b-b42f-a69cc0cfbddd" />
    <UnitTestResult executionId="22f37ee9-4752-412c-adfb-6bddcbe5e3bb" testId="ee189b7f-b48c-e861-72bf-b7f28dd5cf0b" testName="CorrectUsingIsAppliedForImplicitOperatorMethod" computerName="pkrvmxyh4eaekms" duration="00:00:00.0164740" startTime="2025-06-24T21:13:32.5132156+00:00" endTime="2025-06-24T21:13:32.5296884+00:00" testType="13cdc9d9-ddb5-4fa4-a97d-d965ccfc6d4b" outcome="Passed" testListId="8c84fa94-04c1-424b-9868-57a2d4851a1d" relativeResultsDirectory="22f37ee9-4752-412c-adfb-6bddcbe5e3bb" />
    <UnitTestResult executionId="c238b6bb-31f6-4540-99a6-f1c92cac7379" testId="16c4748f-5659-f1a1-bdb2-fa1948c411de" testName="NullConditionalOperatorNotChangeOriginalType" computerName="pkrvmxyh4eaekms" duration="00:00:00.0016019" startTime="2025-06-24T21:13:30.6805276+00:00" endTime="2025-06-24T21:13:30.6821292+00:00" testType="13cdc9d9-ddb5-4fa4-a97d-d965ccfc6d4b" outcome="Passed" testListId="8c84fa94-04c1-424b-9868-57a2d4851a1d" relativeResultsDirectory="c238b6bb-31f6-4540-99a6-f1c92cac7379" />
    <UnitTestResult executionId="74ecf0e1-adaa-404f-b09b-a4b02392a9b8" testId="ab0afd2c-7ed1-31db-9bc5-bb5e9defc981" testName="TestIsCSharpKeyword(&quot;goto&quot;,True)" computerName="pkrvmxyh4eaekms" duration="00:00:00.0004100" startTime="2025-06-24T21:13:41.2317838+00:00" endTime="2025-06-24T21:13:41.2321941+00:00" testType="13cdc9d9-ddb5-4fa4-a97d-d965ccfc6d4b" outcome="Passed" testListId="8c84fa94-04c1-424b-9868-57a2d4851a1d" relativeResultsDirectory="74ecf0e1-adaa-404f-b09b-a4b02392a9b8" />
    <UnitTestResult executionId="0ef278e6-4a76-4d6e-8116-7c3cfd44be20" testId="8663a06c-e6d1-9c91-f350-300011ab6250" testName="NonFrameworkTypeEqualsEquivalentFrameworkType(System.Collections.Generic.IDictionary`2[System.Int32,System.String])" computerName="pkrvmxyh4eaekms" duration="00:00:00.0003990" startTime="2025-06-24T21:13:31.9874166+00:00" endTime="2025-06-24T21:13:31.9878153+00:00" testType="13cdc9d9-ddb5-4fa4-a97d-d965ccfc6d4b" outcome="Passed" testListId="8c84fa94-04c1-424b-9868-57a2d4851a1d" relativeResultsDirectory="0ef278e6-4a76-4d6e-8116-7c3cfd44be20" />
    <UnitTestResult executionId="c13d8b97-5ccf-4233-84d0-71eb6a1833a4" testId="8b908069-3601-8ab8-3293-9df091546406" testName="KeyValuePairExpression(System.Collections.Generic.IList`1[System.Int32],System.Collections.Generic.IList`1[T])" computerName="pkrvmxyh4eaekms" duration="00:00:00.0005880" startTime="2025-06-24T21:13:30.6550541+00:00" endTime="2025-06-24T21:13:30.6556416+00:00" testType="13cdc9d9-ddb5-4fa4-a97d-d965ccfc6d4b" outcome="Passed" testListId="8c84fa94-04c1-424b-9868-57a2d4851a1d" relativeResultsDirectory="c13d8b97-5ccf-4233-84d0-71eb6a1833a4" />
    <UnitTestResult executionId="9caeca7e-6692-45f5-b0ba-644086b376cc" testId="7fcc0b52-7c7d-2ba2-4751-3821e4104464" testName="ClearResetsUndefined" computerName="pkrvmxyh4eaekms" duration="00:00:00.0010490" startTime="2025-06-24T21:13:32.1846041+00:00" endTime="2025-06-24T21:13:32.1856528+00:00" testType="13cdc9d9-ddb5-4fa4-a97d-d965ccfc6d4b" outcome="Passed" testListId="8c84fa94-04c1-424b-9868-57a2d4851a1d" relativeResultsDirectory="9caeca7e-6692-45f5-b0ba-644086b376cc" />
    <UnitTestResult executionId="a2b048e5-29b9-4336-9c6e-b359c83c6b89" testId="454bc96e-cf2d-beb4-25e3-6a23f16aa2c3" testName="SingleLineCommentStatement" computerName="pkrvmxyh4eaekms" duration="00:00:00.0006520" startTime="2025-06-24T21:13:41.0594068+00:00" endTime="2025-06-24T21:13:41.0600588+00:00" testType="13cdc9d9-ddb5-4fa4-a97d-d965ccfc6d4b" outcome="Passed" testListId="8c84fa94-04c1-424b-9868-57a2d4851a1d" relativeResultsDirectory="a2b048e5-29b9-4336-9c6e-b359c83c6b89" />
    <UnitTestResult executionId="466ab3cf-0c45-4afb-92f8-c4609548e4fc" testId="0f9d72e7-4b12-d747-8149-f85ab4ea8696" testName="IsReadWriteList(System.Int32,False)" computerName="pkrvmxyh4eaekms" duration="00:00:00.0003070" startTime="2025-06-24T21:13:31.9838009+00:00" endTime="2025-06-24T21:13:31.9841075+00:00" testType="13cdc9d9-ddb5-4fa4-a97d-d965ccfc6d4b" outcome="Passed" testListId="8c84fa94-04c1-424b-9868-57a2d4851a1d" relativeResultsDirectory="466ab3cf-0c45-4afb-92f8-c4609548e4fc" />
    <UnitTestResult executionId="89500d9d-4e35-4c92-b283-cb5fc4afb953" testId="d83e331a-6182-870f-673e-6fa3094220de" testName="CanRemoveConstructorContainingGeneratedType" computerName="pkrvmxyh4eaekms" duration="00:00:00.2133280" startTime="2025-06-24T21:13:34.4537571+00:00" endTime="2025-06-24T21:13:34.6670845+00:00" testType="13cdc9d9-ddb5-4fa4-a97d-d965ccfc6d4b" outcome="Passed" testListId="8c84fa94-04c1-424b-9868-57a2d4851a1d" relativeResultsDirectory="89500d9d-4e35-4c92-b283-cb5fc4afb953" />
    <UnitTestResult executionId="7c0d22d1-889b-4b5f-96b5-aa96d8dd30f9" testId="3ef7420c-d306-f082-a482-ad3bb0121ce4" testName="ValidateAnonymousSingleProperty" computerName="pkrvmxyh4eaekms" duration="00:00:00.0004620" startTime="2025-06-24T21:13:40.8178305+00:00" endTime="2025-06-24T21:13:40.8182923+00:00" testType="13cdc9d9-ddb5-4fa4-a97d-d965ccfc6d4b" outcome="Passed" testListId="8c84fa94-04c1-424b-9868-57a2d4851a1d" relativeResultsDirectory="7c0d22d1-889b-4b5f-96b5-aa96d8dd30f9" />
    <UnitTestResult executionId="fdd2d8e2-ff94-4dfe-92c3-48b559242bb4" testId="f985d6d7-ca7f-a617-f08c-6bd1fda62de2" testName="TestToApiVersionValueWithCustomSeparator(&quot;V1_0&quot;,&quot;:&quot;,&quot;1:0&quot;)" computerName="pkrvmxyh4eaekms" duration="00:00:00.0000430" startTime="2025-06-24T21:13:41.2784399+00:00" endTime="2025-06-24T21:13:41.2784831+00:00" testType="13cdc9d9-ddb5-4fa4-a97d-d965ccfc6d4b" outcome="Passed" testListId="8c84fa94-04c1-424b-9868-57a2d4851a1d" relativeResultsDirectory="fdd2d8e2-ff94-4dfe-92c3-48b559242bb4" />
    <UnitTestResult executionId="46fb48d4-dcce-49cf-8d9b-f73919e4978f" testId="0abdadec-f565-037d-9e00-3cb09d5bba6f" testName="TestToApiVersionMemberName(&quot;v2022.05.15_Preview&quot;,&quot;V2022_05_15_Preview&quot;)" computerName="pkrvmxyh4eaekms" duration="00:00:00.0000440" startTime="2025-06-24T21:13:41.2738228+00:00" endTime="2025-06-24T21:13:41.2738665+00:00" testType="13cdc9d9-ddb5-4fa4-a97d-d965ccfc6d4b" outcome="Passed" testListId="8c84fa94-04c1-424b-9868-57a2d4851a1d" relativeResultsDirectory="46fb48d4-dcce-49cf-8d9b-f73919e4978f" />
    <UnitTestResult executionId="bef935d3-af32-4b5f-aed2-a59a5b03498a" testId="ea284939-9f63-406e-d9b3-5d8dcdf48b5d" testName="TestBuildModelWithNonBodyPropertyKinds" computerName="pkrvmxyh4eaekms" duration="00:00:00.0050530" startTime="2025-06-24T21:13:39.7255179+00:00" endTime="2025-06-24T21:13:39.7305702+00:00" testType="13cdc9d9-ddb5-4fa4-a97d-d965ccfc6d4b" outcome="Passed" testListId="8c84fa94-04c1-424b-9868-57a2d4851a1d" relativeResultsDirectory="bef935d3-af32-4b5f-aed2-a59a5b03498a" />
    <UnitTestResult executionId="d99c1b4c-c8e9-4f5d-b7e0-1273d23ac349" testId="91b95da8-603f-b232-9073-55e1b9d916b9" testName="ListExpression(System.Collections.Generic.IDictionary`2[System.Collections.Generic.IDictionary`2[System.Int32,System.String],System.Collections.Generic.IDictionary`2[System.String,System.Int32]])" computerName="pkrvmxyh4eaekms" duration="00:00:00.0002580" startTime="2025-06-24T21:13:30.6784438+00:00" endTime="2025-06-24T21:13:30.6787018+00:00" testType="13cdc9d9-ddb5-4fa4-a97d-d965ccfc6d4b" outcome="Passed" testListId="8c84fa94-04c1-424b-9868-57a2d4851a1d" relativeResultsDirectory="d99c1b4c-c8e9-4f5d-b7e0-1273d23ac349" />
    <UnitTestResult executionId="acdc2ca2-22c3-4559-8a4d-0a4c04a1e470" testId="d5e66563-8444-3eea-e5eb-82b4ca6ef68d" testName="RemovesInvalidUsings" computerName="pkrvmxyh4eaekms" duration="00:00:00.0214230" startTime="2025-06-24T21:13:31.7523292+00:00" endTime="2025-06-24T21:13:31.7737514+00:00" testType="13cdc9d9-ddb5-4fa4-a97d-d965ccfc6d4b" outcome="Passed" testListId="8c84fa94-04c1-424b-9868-57a2d4851a1d" relativeResultsDirectory="acdc2ca2-22c3-4559-8a4d-0a4c04a1e470" />
    <UnitTestResult executionId="0fcd925f-5576-47b4-a023-ae747fef9fde" testId="29f56393-0f9d-2dc2-8e0a-4b7171cb8b99" testName="TestBreakLines_LiteralOpenAndCloseBraceWithLineBreaksAndT" computerName="pkrvmxyh4eaekms" duration="00:00:00.0000390" startTime="2025-06-24T21:13:41.1395215+00:00" endTime="2025-06-24T21:13:41.1395602+00:00" testType="13cdc9d9-ddb5-4fa4-a97d-d965ccfc6d4b" outcome="Passed" testListId="8c84fa94-04c1-424b-9868-57a2d4851a1d" relativeResultsDirectory="0fcd925f-5576-47b4-a023-ae747fef9fde" />
    <UnitTestResult executionId="96d989b9-42ed-4263-93b0-0b8213838997" testId="20b462f4-c96b-2673-837e-d6d7e8986772" testName="EqualToFrameworkType(System.Collections.Generic.IList`1[T])" computerName="pkrvmxyh4eaekms" duration="00:00:00.0006880" startTime="2025-06-24T21:13:31.8993688+00:00" endTime="2025-06-24T21:13:31.9000563+00:00" testType="13cdc9d9-ddb5-4fa4-a97d-d965ccfc6d4b" outcome="Passed" testListId="8c84fa94-04c1-424b-9868-57a2d4851a1d" relativeResultsDirectory="96d989b9-42ed-4263-93b0-0b8213838997" />
    <UnitTestResult executionId="d0a78db2-11ca-4181-a675-eb8d0db9a9dc" testId="b3d3b2e9-ab1d-fc48-4579-5f1be78ecdc1" testName="NoEmptySummary" computerName="pkrvmxyh4eaekms" duration="00:00:00.0003270" startTime="2025-06-24T21:13:41.3125484+00:00" endTime="2025-06-24T21:13:41.3128752+00:00" testType="13cdc9d9-ddb5-4fa4-a97d-d965ccfc6d4b" outcome="Passed" testListId="8c84fa94-04c1-424b-9868-57a2d4851a1d" relativeResultsDirectory="d0a78db2-11ca-4181-a675-eb8d0db9a9dc" />
    <UnitTestResult executionId="4302306e-f07e-4d27-a06f-ef995a6436c5" testId="424f07bc-982a-2a72-59d7-7230434d889e" testName="DoesNotIncludeReqCustomLiteralInDefaultCtor" computerName="pkrvmxyh4eaekms" duration="00:00:00.1414700" startTime="2025-06-24T21:13:39.3978686+00:00" endTime="2025-06-24T21:13:39.5393377+00:00" testType="13cdc9d9-ddb5-4fa4-a97d-d965ccfc6d4b" outcome="Passed" testListId="8c84fa94-04c1-424b-9868-57a2d4851a1d" relativeResultsDirectory="4302306e-f07e-4d27-a06f-ef995a6436c5" />
    <UnitTestResult executionId="cfdecea4-aa07-4fb3-992f-ed0603b565d2" testId="cfada09c-183a-4770-9bf9-ce63dabf4dcb" testName="ScopeStoredTwiceInMultipleBlock" computerName="pkrvmxyh4eaekms" duration="00:00:00.0005770" startTime="2025-06-24T21:13:41.2883484+00:00" endTime="2025-06-24T21:13:41.2889250+00:00" testType="13cdc9d9-ddb5-4fa4-a97d-d965ccfc6d4b" outcome="Passed" testListId="8c84fa94-04c1-424b-9868-57a2d4851a1d" relativeResultsDirectory="cfdecea4-aa07-4fb3-992f-ed0603b565d2" />
    <UnitTestResult executionId="52de8d5d-6ae9-4cf5-a300-c250b5691c5a" testId="47b3000e-8ac5-6579-3164-71c34dcf5c68" testName="BuildPropertyDescription(Microsoft.TypeSpec.Generator.Input.InputModelProperty,global::System.Collections.Generic.IDictionary&lt;string, global::System.BinaryData&gt;)" computerName="pkrvmxyh4eaekms" duration="00:00:00.0003030" startTime="2025-06-24T21:13:40.4536901+00:00" endTime="2025-06-24T21:13:40.4539926+00:00" testType="13cdc9d9-ddb5-4fa4-a97d-d965ccfc6d4b" outcome="Passed" testListId="8c84fa94-04c1-424b-9868-57a2d4851a1d" relativeResultsDirectory="52de8d5d-6ae9-4cf5-a300-c250b5691c5a" />
    <UnitTestResult executionId="5e76629d-8d47-4f39-a6c4-265676d4494f" testId="aebbc01e-bae2-2ac6-3cb2-b6b2aee8eb37" testName="TestIsCSharpKeyword(&quot;private&quot;,True)" computerName="pkrvmxyh4eaekms" duration="00:00:00.0004470" startTime="2025-06-24T21:13:41.2430419+00:00" endTime="2025-06-24T21:13:41.2434892+00:00" testType="13cdc9d9-ddb5-4fa4-a97d-d965ccfc6d4b" outcome="Passed" testListId="8c84fa94-04c1-424b-9868-57a2d4851a1d" relativeResultsDirectory="5e76629d-8d47-4f39-a6c4-265676d4494f" />
    <UnitTestResult executionId="544ad98c-2454-40a3-80f4-23aa44f5b6f2" testId="216079ac-b730-022d-e5a4-fb32e7a98a8e" testName="ListExpression(System.Boolean)" computerName="pkrvmxyh4eaekms" duration="00:00:00.0002660" startTime="2025-06-24T21:13:30.6724134+00:00" endTime="2025-06-24T21:13:30.6726791+00:00" testType="13cdc9d9-ddb5-4fa4-a97d-d965ccfc6d4b" outcome="Passed" testListId="8c84fa94-04c1-424b-9868-57a2d4851a1d" relativeResultsDirectory="544ad98c-2454-40a3-80f4-23aa44f5b6f2" />
    <UnitTestResult executionId="4298a6af-d8fc-40f9-bef7-5efe5312ff5f" testId="8ef60467-882c-a14f-0d3a-dcd702174d08" testName="InvalidDocCommentWithExtra" computerName="pkrvmxyh4eaekms" duration="00:00:00.0003770" startTime="2025-06-24T21:13:41.1114680+00:00" endTime="2025-06-24T21:13:41.1118447+00:00" testType="13cdc9d9-ddb5-4fa4-a97d-d965ccfc6d4b" outcome="Passed" testListId="8c84fa94-04c1-424b-9868-57a2d4851a1d" relativeResultsDirectory="4298a6af-d8fc-40f9-bef7-5efe5312ff5f" />
    <UnitTestResult executionId="749a6201-3ed2-4450-9347-46b47420ac31" testId="3f82880f-669e-4c80-f5cb-7b52a5ea247e" testName="KeyValuePairExpression(System.Int32,System.String)" computerName="pkrvmxyh4eaekms" duration="00:00:00.0025040" startTime="2025-06-24T21:13:30.6478020+00:00" endTime="2025-06-24T21:13:30.6503061+00:00" testType="13cdc9d9-ddb5-4fa4-a97d-d965ccfc6d4b" outcome="Passed" testListId="8c84fa94-04c1-424b-9868-57a2d4851a1d" relativeResultsDirectory="749a6201-3ed2-4450-9347-46b47420ac31" />
    <UnitTestResult executionId="1fa4c20e-3d77-41fc-af34-bac095cc0095" testId="ef93e544-041e-84fd-ce12-e47f85e7956a" testName="TestToApiVersionValueWithVersionPrefix(&quot;V1_0_0&quot;,&quot;api-version-&quot;,&quot;api-version-1-0-0&quot;)" computerName="pkrvmxyh4eaekms" duration="00:00:00.0001900" startTime="2025-06-24T21:13:41.2791406+00:00" endTime="2025-06-24T21:13:41.2793302+00:00" testType="13cdc9d9-ddb5-4fa4-a97d-d965ccfc6d4b" outcome="Passed" testListId="8c84fa94-04c1-424b-9868-57a2d4851a1d" relativeResultsDirectory="1fa4c20e-3d77-41fc-af34-bac095cc0095" />
    <UnitTestResult executionId="8e80688a-59e5-4e78-9da0-3d2bb701bc29" testId="d0ead31a-dfa4-4fab-bef3-937ea9925c36" testName="TestIfElsePreprocessorStatement" computerName="pkrvmxyh4eaekms" duration="00:00:00.0012740" startTime="2025-06-24T21:13:41.0648055+00:00" endTime="2025-06-24T21:13:41.0660794+00:00" testType="13cdc9d9-ddb5-4fa4-a97d-d965ccfc6d4b" outcome="Passed" testListId="8c84fa94-04c1-424b-9868-57a2d4851a1d" relativeResultsDirectory="8e80688a-59e5-4e78-9da0-3d2bb701bc29" />
    <UnitTestResult executionId="13252e8e-067c-4ee8-bd3f-228beff3cc0d" testId="147ed72c-94aa-9837-ccfc-800bae76e1c0" testName="ModelFactoryName" computerName="pkrvmxyh4eaekms" duration="00:00:00.0010190" startTime="2025-06-24T21:13:34.4480478+00:00" endTime="2025-06-24T21:13:34.4490672+00:00" testType="13cdc9d9-ddb5-4fa4-a97d-d965ccfc6d4b" outcome="Passed" testListId="8c84fa94-04c1-424b-9868-57a2d4851a1d" relativeResultsDirectory="13252e8e-067c-4ee8-bd3f-228beff3cc0d" />
    <UnitTestResult executionId="13dd6b51-9983-4752-afcf-a3723c7b9efc" testId="e8fcf8fd-c75a-f604-1183-86082f314579" testName="IsReadWriteList(System.Collections.Generic.ICollection`1[T],True)" computerName="pkrvmxyh4eaekms" duration="00:00:00.0001930" startTime="2025-06-24T21:13:31.9852840+00:00" endTime="2025-06-24T21:13:31.9854766+00:00" testType="13cdc9d9-ddb5-4fa4-a97d-d965ccfc6d4b" outcome="Passed" testListId="8c84fa94-04c1-424b-9868-57a2d4851a1d" relativeResultsDirectory="13dd6b51-9983-4752-afcf-a3723c7b9efc" />
    <UnitTestResult executionId="cb7e9650-9367-4159-aa72-cfb591ad6459" testId="08fc9853-2db6-098a-f86d-309b8ce35b91" testName="CanChangeTypeNameAfterTypeNamespace" computerName="pkrvmxyh4eaekms" duration="00:00:00.0029400" startTime="2025-06-24T21:13:37.8221115+00:00" endTime="2025-06-24T21:13:37.8250509+00:00" testType="13cdc9d9-ddb5-4fa4-a97d-d965ccfc6d4b" outcome="Passed" testListId="8c84fa94-04c1-424b-9868-57a2d4851a1d" relativeResultsDirectory="cb7e9650-9367-4159-aa72-cfb591ad6459" />
    <UnitTestResult executionId="ba4d5983-7cb7-4165-930e-cef9f83a49a3" testId="3d5e263b-51f7-ab2a-f3b8-127bc771666c" testName="ValidateParameters(System.Single,LiteralExpression { Literal = 2.2 })" computerName="pkrvmxyh4eaekms" duration="00:00:00.0173270" startTime="2025-06-24T21:13:39.9519600+00:00" endTime="2025-06-24T21:13:39.9692862+00:00" testType="13cdc9d9-ddb5-4fa4-a97d-d965ccfc6d4b" outcome="Passed" testListId="8c84fa94-04c1-424b-9868-57a2d4851a1d" relativeResultsDirectory="ba4d5983-7cb7-4165-930e-cef9f83a49a3" />
    <UnitTestResult executionId="a745a2f9-f6fd-4ec9-bea9-68d21f36bfe4" testId="3d79305c-5a98-d601-ac9c-4bf67660f1e8" testName="CustomCodeAttributesAreLoadedIntoAttributeStatements" computerName="pkrvmxyh4eaekms" duration="00:00:00.1958950" startTime="2025-06-24T21:13:35.0381205+00:00" endTime="2025-06-24T21:13:35.2340149+00:00" testType="13cdc9d9-ddb5-4fa4-a97d-d965ccfc6d4b" outcome="Passed" testListId="8c84fa94-04c1-424b-9868-57a2d4851a1d" relativeResultsDirectory="a745a2f9-f6fd-4ec9-bea9-68d21f36bfe4" />
    <UnitTestResult executionId="f1dff7dd-22a7-4f9e-9903-184137707c5a" testId="de98a727-0b3e-6420-a7b9-0aff9c315a0d" testName="TestIsCSharpKeyword(&quot;switch&quot;,True)" computerName="pkrvmxyh4eaekms" duration="00:00:00.0003300" startTime="2025-06-24T21:13:41.2604976+00:00" endTime="2025-06-24T21:13:41.2608277+00:00" testType="13cdc9d9-ddb5-4fa4-a97d-d965ccfc6d4b" outcome="Passed" testListId="8c84fa94-04c1-424b-9868-57a2d4851a1d" relativeResultsDirectory="f1dff7dd-22a7-4f9e-9903-184137707c5a" />
    <UnitTestResult executionId="a5362cac-3a35-4aed-9302-77501c46353f" testId="ab73acdd-95e9-5ad8-a1fc-01f362166b52" testName="HashCodesAreNotEqual(System.Collections.Generic.IList`1[System.Int32],System.Collections.Generic.ICollection`1[System.Int32])" computerName="pkrvmxyh4eaekms" duration="00:00:00.0005660" startTime="2025-06-24T21:13:31.9649748+00:00" endTime="2025-06-24T21:13:31.9655408+00:00" testType="13cdc9d9-ddb5-4fa4-a97d-d965ccfc6d4b" outcome="Passed" testListId="8c84fa94-04c1-424b-9868-57a2d4851a1d" relativeResultsDirectory="a5362cac-3a35-4aed-9302-77501c46353f" />
    <UnitTestResult executionId="c7f59dd9-e1ea-409f-a2df-5d6512f76bba" testId="b7947d45-60a9-2d63-7dd9-a1f04fb27474" testName="TestBreakLines_LiteralOpenAndCloseBraceWithLineBreaksAndArgsContainingLineBreaks" computerName="pkrvmxyh4eaekms" duration="00:00:00.0000480" startTime="2025-06-24T21:13:41.1396128+00:00" endTime="2025-06-24T21:13:41.1396610+00:00" testType="13cdc9d9-ddb5-4fa4-a97d-d965ccfc6d4b" outcome="Passed" testListId="8c84fa94-04c1-424b-9868-57a2d4851a1d" relativeResultsDirectory="c7f59dd9-e1ea-409f-a2df-5d6512f76bba" />
    <UnitTestResult executionId="8c6927ca-de1a-4ec7-98a2-f77d976a2b61" testId="5c2bcd3c-e1e4-71de-ffcb-e7b29b0143b1" testName="ValidateFields" computerName="pkrvmxyh4eaekms" duration="00:00:00.0022220" startTime="2025-06-24T21:13:39.8711962+00:00" endTime="2025-06-24T21:13:39.8734182+00:00" testType="13cdc9d9-ddb5-4fa4-a97d-d965ccfc6d4b" outcome="Passed" testListId="8c84fa94-04c1-424b-9868-57a2d4851a1d" relativeResultsDirectory="8c6927ca-de1a-4ec7-98a2-f77d976a2b61" />
    <UnitTestResult executionId="424acd0f-abcc-4c6f-8a2d-bd1088234908" testId="b914f567-408b-f9a4-2318-41294179616b" testName="ImplicitOperatorMethodSignatureThrowsIfReturnTypeIsNull" computerName="pkrvmxyh4eaekms" duration="00:00:00.0006759" startTime="2025-06-24T21:13:32.5319173+00:00" endTime="2025-06-24T21:13:32.5325938+00:00" testType="13cdc9d9-ddb5-4fa4-a97d-d965ccfc6d4b" outcome="Passed" testListId="8c84fa94-04c1-424b-9868-57a2d4851a1d" relativeResultsDirectory="424acd0f-abcc-4c6f-8a2d-bd1088234908" />
    <UnitTestResult executionId="a4b5ff82-5ca5-4df3-8171-dd90e3772a86" testId="6e1e695d-4421-afac-2e3e-65d407f908bb" testName="InvalidDocComment" computerName="pkrvmxyh4eaekms" duration="00:00:00.0004130" startTime="2025-06-24T21:13:41.1108126+00:00" endTime="2025-06-24T21:13:41.1112253+00:00" testType="13cdc9d9-ddb5-4fa4-a97d-d965ccfc6d4b" outcome="Passed" testListId="8c84fa94-04c1-424b-9868-57a2d4851a1d" relativeResultsDirectory="a4b5ff82-5ca5-4df3-8171-dd90e3772a86" />
    <UnitTestResult executionId="2821bc68-a5ef-4bd6-a21a-4fcfbb264a58" testId="df5557b0-a3f0-dee6-c2c9-9b29d323a624" testName="Json_Undefined_ReturnsFalse" computerName="pkrvmxyh4eaekms" duration="00:00:00.0001230" startTime="2025-06-24T21:13:40.4310507+00:00" endTime="2025-06-24T21:13:40.4311740+00:00" testType="13cdc9d9-ddb5-4fa4-a97d-d965ccfc6d4b" outcome="Passed" testListId="8c84fa94-04c1-424b-9868-57a2d4851a1d" relativeResultsDirectory="2821bc68-a5ef-4bd6-a21a-4fcfbb264a58" />
    <UnitTestResult executionId="2d6fc067-abd6-42db-9839-46e49565b4dd" testId="395d029c-2c31-08ff-3127-fc125409b9c5" testName="TestIsCSharpKeyword(&quot;yield&quot;,True)" computerName="pkrvmxyh4eaekms" duration="00:00:00.0025130" startTime="2025-06-24T21:13:41.2702939+00:00" endTime="2025-06-24T21:13:41.2728070+00:00" testType="13cdc9d9-ddb5-4fa4-a97d-d965ccfc6d4b" outcome="Passed" testListId="8c84fa94-04c1-424b-9868-57a2d4851a1d" relativeResultsDirectory="2d6fc067-abd6-42db-9839-46e49565b4dd" />
    <UnitTestResult executionId="4723f3b3-9f2f-48f7-8473-5c6b766ea2fd" testId="e2910d93-3de2-05e5-781b-94402e2af719" testName="CodeWriter_WriteProperty_MethodPropertyBody" computerName="pkrvmxyh4eaekms" duration="00:00:00.0009190" startTime="2025-06-24T21:13:41.3064512+00:00" endTime="2025-06-24T21:13:41.3073699+00:00" testType="13cdc9d9-ddb5-4fa4-a97d-d965ccfc6d4b" outcome="Passed" testListId="8c84fa94-04c1-424b-9868-57a2d4851a1d" relativeResultsDirectory="4723f3b3-9f2f-48f7-8473-5c6b766ea2fd" />
    <UnitTestResult executionId="9371da5a-9486-4463-ac7b-f33a1942b236" testId="9554f1d9-c0c2-1eff-7d16-d20ed944a47c" testName="TestIsCSharpKeyword(&quot;sizeof&quot;,True)" computerName="pkrvmxyh4eaekms" duration="00:00:00.0004050" startTime="2025-06-24T21:13:41.2505872+00:00" endTime="2025-06-24T21:13:41.2509917+00:00" testType="13cdc9d9-ddb5-4fa4-a97d-d965ccfc6d4b" outcome="Passed" testListId="8c84fa94-04c1-424b-9868-57a2d4851a1d" relativeResultsDirectory="9371da5a-9486-4463-ac7b-f33a1942b236" />
    <UnitTestResult executionId="f748af19-1185-41fe-8372-8f5d136c5f49" testId="02dfa4b1-415b-f67b-9581-3ee214fdaf4e" testName="TestBreakLines_OneArgOnlyWithMixedCRLF" computerName="pkrvmxyh4eaekms" duration="00:00:00.0000640" startTime="2025-06-24T21:13:41.1387344+00:00" endTime="2025-06-24T21:13:41.1387984+00:00" testType="13cdc9d9-ddb5-4fa4-a97d-d965ccfc6d4b" outcome="Passed" testListId="8c84fa94-04c1-424b-9868-57a2d4851a1d" relativeResultsDirectory="f748af19-1185-41fe-8372-8f5d136c5f49" />
    <UnitTestResult executionId="0f26f02c-6b2e-4d2c-8ac3-01a38029ddaf" testId="17566836-d206-69c3-d248-ee6f84b95f0f" testName="TestIsCSharpKeyword(&quot;global&quot;,True)" computerName="pkrvmxyh4eaekms" duration="00:00:00.0004130" startTime="2025-06-24T21:13:41.2313540+00:00" endTime="2025-06-24T21:13:41.2317667+00:00" testType="13cdc9d9-ddb5-4fa4-a97d-d965ccfc6d4b" outcome="Passed" testListId="8c84fa94-04c1-424b-9868-57a2d4851a1d" relativeResultsDirectory="0f26f02c-6b2e-4d2c-8ac3-01a38029ddaf" />
    <UnitTestResult executionId="dce2583c-a4e9-4c80-8a83-a8afd2d04c73" testId="45b3490f-cb67-0cb2-9ab2-cc2e9dd5a232" testName="IsReadWriteDictionary(System.ReadOnlyMemory`1[T],False)" computerName="pkrvmxyh4eaekms" duration="00:00:00.0001600" startTime="2025-06-24T21:13:31.9834139+00:00" endTime="2025-06-24T21:13:31.9835736+00:00" testType="13cdc9d9-ddb5-4fa4-a97d-d965ccfc6d4b" outcome="Passed" testListId="8c84fa94-04c1-424b-9868-57a2d4851a1d" relativeResultsDirectory="dce2583c-a4e9-4c80-8a83-a8afd2d04c73" />
    <UnitTestResult executionId="9842c3f5-e1d2-4703-82d8-aa8bc4c4952f" testId="6b3b85a7-b6db-ea59-f47e-9c3b44b6ea78" testName="CodeWriter_WriteField" computerName="pkrvmxyh4eaekms" duration="00:00:00.0007060" startTime="2025-06-24T21:13:41.2957859+00:00" endTime="2025-06-24T21:13:41.2964921+00:00" testType="13cdc9d9-ddb5-4fa4-a97d-d965ccfc6d4b" outcome="Passed" testListId="8c84fa94-04c1-424b-9868-57a2d4851a1d" relativeResultsDirectory="9842c3f5-e1d2-4703-82d8-aa8bc4c4952f" />
    <UnitTestResult executionId="3bc10567-0962-40b7-a2e7-f2896df19bf2" testId="67ca227b-fc3f-9d3d-2e4b-6cc288f33c16" testName="ValidatePropertyTypes(System.Int32)" computerName="pkrvmxyh4eaekms" duration="00:00:00.0093180" startTime="2025-06-24T21:13:40.0359634+00:00" endTime="2025-06-24T21:13:40.0452802+00:00" testType="13cdc9d9-ddb5-4fa4-a97d-d965ccfc6d4b" outcome="Passed" testListId="8c84fa94-04c1-424b-9868-57a2d4851a1d" relativeResultsDirectory="3bc10567-0962-40b7-a2e7-f2896df19bf2" />
    <UnitTestResult executionId="e06696b0-5dca-47af-893f-ce4019b0c971" testId="1cb028a9-44fc-784f-9be5-6dc2c8f8970d" testName="ValidateNullableValueType" computerName="pkrvmxyh4eaekms" duration="00:00:00.0087340" startTime="2025-06-24T21:13:30.6907320+00:00" endTime="2025-06-24T21:13:30.6994659+00:00" testType="13cdc9d9-ddb5-4fa4-a97d-d965ccfc6d4b" outcome="Passed" testListId="8c84fa94-04c1-424b-9868-57a2d4851a1d" relativeResultsDirectory="e06696b0-5dca-47af-893f-ce4019b0c971" />
    <UnitTestResult executionId="f8906f32-3f1b-4811-9c18-87aca1fe4ece" testId="7431a02c-3ec5-4e94-1096-d10672b17fe9" testName="SystemTypeOperatorTestEqual(System.Double)" computerName="pkrvmxyh4eaekms" duration="00:00:00.0002999" startTime="2025-06-24T21:13:30.7223892+00:00" endTime="2025-06-24T21:13:30.7226893+00:00" testType="13cdc9d9-ddb5-4fa4-a97d-d965ccfc6d4b" outcome="Passed" testListId="8c84fa94-04c1-424b-9868-57a2d4851a1d" relativeResultsDirectory="f8906f32-3f1b-4811-9c18-87aca1fe4ece" />
    <UnitTestResult executionId="9bbdadd2-b74a-42df-9527-9be47e85653a" testId="fd8f3f21-e3fc-5557-187a-5397b25a9e29" testName="CanReplaceModelMethod" computerName="pkrvmxyh4eaekms" duration="00:00:00.2779150" startTime="2025-06-24T21:13:33.5223465+00:00" endTime="2025-06-24T21:13:33.8002616+00:00" testType="13cdc9d9-ddb5-4fa4-a97d-d965ccfc6d4b" outcome="Passed" testListId="8c84fa94-04c1-424b-9868-57a2d4851a1d" relativeResultsDirectory="9bbdadd2-b74a-42df-9527-9be47e85653a" />
    <UnitTestResult executionId="74e14df9-8976-4583-b081-86df794df331" testId="89041d36-049e-3945-5bbf-ee519760b97a" testName="TestToApiVersionValue(&quot;V2024_01_01_RC&quot;,&quot;2024-01-01-rc&quot;)" computerName="pkrvmxyh4eaekms" duration="00:00:00.0000699" startTime="2025-06-24T21:13:41.2746909+00:00" endTime="2025-06-24T21:13:41.2747611+00:00" testType="13cdc9d9-ddb5-4fa4-a97d-d965ccfc6d4b" outcome="Passed" testListId="8c84fa94-04c1-424b-9868-57a2d4851a1d" relativeResultsDirectory="74e14df9-8976-4583-b081-86df794df331" />
    <UnitTestResult executionId="921a3d6a-fd23-4539-94ed-85284efd1ed1" testId="d97e98fc-ba5c-40e9-3016-94bbef50b084" testName="CanRemoveField" computerName="pkrvmxyh4eaekms" duration="00:00:00.2245820" startTime="2025-06-24T21:13:38.2304307+00:00" endTime="2025-06-24T21:13:38.4550121+00:00" testType="13cdc9d9-ddb5-4fa4-a97d-d965ccfc6d4b" outcome="Passed" testListId="8c84fa94-04c1-424b-9868-57a2d4851a1d" relativeResultsDirectory="921a3d6a-fd23-4539-94ed-85284efd1ed1" />
    <UnitTestResult executionId="c4557af6-f59d-4c72-9f28-4559b0741233" testId="c8c67187-0fbb-2f54-b6f1-3a6d5e156fac" testName="TestAdditionalPropertiesPropertyNamesAndAccessors" computerName="pkrvmxyh4eaekms" duration="00:00:00.0032580" startTime="2025-06-24T21:13:39.6924303+00:00" endTime="2025-06-24T21:13:39.6956883+00:00" testType="13cdc9d9-ddb5-4fa4-a97d-d965ccfc6d4b" outcome="Passed" testListId="8c84fa94-04c1-424b-9868-57a2d4851a1d" relativeResultsDirectory="c4557af6-f59d-4c72-9f28-4559b0741233" />
    <UnitTestResult executionId="1d6dd0c1-12d1-49ad-8631-9642062d13cb" testId="3cac2c60-f1c9-2ed2-1385-b1fd41397e72" testName="SelectGeneratorThrowsWhenNoMatch" computerName="pkrvmxyh4eaekms" duration="00:00:00.0010140" startTime="2025-06-24T21:13:40.9297079+00:00" endTime="2025-06-24T21:13:40.9307203+00:00" testType="13cdc9d9-ddb5-4fa4-a97d-d965ccfc6d4b" outcome="Passed" testListId="8c84fa94-04c1-424b-9868-57a2d4851a1d" relativeResultsDirectory="1d6dd0c1-12d1-49ad-8631-9642062d13cb" />
    <UnitTestResult executionId="650a7b49-bb52-48c3-906a-b02c04b29a9e" testId="d532a0a5-d4b5-89bf-ed30-c628d8430ed9" testName="IsCollectionType(System.Int32,False)" computerName="pkrvmxyh4eaekms" duration="00:00:00.0004230" startTime="2025-06-24T21:13:31.9722927+00:00" endTime="2025-06-24T21:13:31.9727150+00:00" testType="13cdc9d9-ddb5-4fa4-a97d-d965ccfc6d4b" outcome="Passed" testListId="8c84fa94-04c1-424b-9868-57a2d4851a1d" relativeResultsDirectory="650a7b49-bb52-48c3-906a-b02c04b29a9e" />
    <UnitTestResult executionId="d1d6bd45-01cf-40d4-9c35-614608a2c187" testId="1bd1468e-4b03-99f3-870a-93d26181d5f7" testName="SystemTypeOperatorTestEqual(System.Collections.Generic.IDictionary`2[System.Collections.Generic.IDictionary`2[System.Int32,System.String],System.Collections.Generic.IDictionary`2[System.String,System.Int32]])" computerName="pkrvmxyh4eaekms" duration="00:00:00.0002509" startTime="2025-06-24T21:13:30.7279633+00:00" endTime="2025-06-24T21:13:30.7282139+00:00" testType="13cdc9d9-ddb5-4fa4-a97d-d965ccfc6d4b" outcome="Passed" testListId="8c84fa94-04c1-424b-9868-57a2d4851a1d" relativeResultsDirectory="d1d6bd45-01cf-40d4-9c35-614608a2c187" />
    <UnitTestResult executionId="6d5d782c-9d0d-451b-8e41-58243644e536" testId="9abb5060-f190-1d75-919a-72d88288d474" testName="TestBreakLines_LiteralOpenAndCloseBraceWithLineBreaks" computerName="pkrvmxyh4eaekms" duration="00:00:00.0000380" startTime="2025-06-24T21:13:41.1394746+00:00" endTime="2025-06-24T21:13:41.1395127+00:00" testType="13cdc9d9-ddb5-4fa4-a97d-d965ccfc6d4b" outcome="Passed" testListId="8c84fa94-04c1-424b-9868-57a2d4851a1d" relativeResultsDirectory="6d5d782c-9d0d-451b-8e41-58243644e536" />
    <UnitTestResult executionId="24f38b91-0b29-4e40-b130-d75008d7f00c" testId="6afd2284-a12c-4b44-ec89-155ada5d0ac1" testName="IntSerializationFormat(UInt32,&quot;string&quot;)" computerName="pkrvmxyh4eaekms" duration="00:00:00.0005710" startTime="2025-06-24T21:13:41.1350369+00:00" endTime="2025-06-24T21:13:41.1356073+00:00" testType="13cdc9d9-ddb5-4fa4-a97d-d965ccfc6d4b" outcome="Passed" testListId="8c84fa94-04c1-424b-9868-57a2d4851a1d" relativeResultsDirectory="24f38b91-0b29-4e40-b130-d75008d7f00c" />
    <UnitTestResult executionId="4552b858-c0aa-490f-8ab2-6d2161c36389" testId="98f05983-1e7e-ea2f-d552-d801d6e799d0" testName="Equals_SameInstance_ReturnsTrue" computerName="pkrvmxyh4eaekms" duration="00:00:00.0003230" startTime="2025-06-24T21:13:40.4438060+00:00" endTime="2025-06-24T21:13:40.4441293+00:00" testType="13cdc9d9-ddb5-4fa4-a97d-d965ccfc6d4b" outcome="Passed" testListId="8c84fa94-04c1-424b-9868-57a2d4851a1d" relativeResultsDirectory="4552b858-c0aa-490f-8ab2-6d2161c36389" />
    <UnitTestResult executionId="2ee02075-26e8-4eec-872d-f46aa3ac6dfc" testId="8fac75ec-d821-801f-fb9e-0009c6ac0a62" testName="CanCustomizeModelFullConstructor(True)" computerName="pkrvmxyh4eaekms" duration="00:00:00.3385430" startTime="2025-06-24T21:13:32.9348685+00:00" endTime="2025-06-24T21:13:33.2734108+00:00" testType="13cdc9d9-ddb5-4fa4-a97d-d965ccfc6d4b" outcome="Passed" testListId="8c84fa94-04c1-424b-9868-57a2d4851a1d" relativeResultsDirectory="2ee02075-26e8-4eec-872d-f46aa3ac6dfc" />
    <UnitTestResult executionId="cec38918-d7ad-40f8-8b23-6bf4736bfdf7" testId="6bf34791-b2a0-872b-bf4c-b106d34dc5b0" testName="Equals(Microsoft.TypeSpec.Generator.Providers.ParameterProvider,null,False)" computerName="pkrvmxyh4eaekms" duration="00:00:00.0002180" startTime="2025-06-24T21:13:40.4430850+00:00" endTime="2025-06-24T21:13:40.4433031+00:00" testType="13cdc9d9-ddb5-4fa4-a97d-d965ccfc6d4b" outcome="Passed" testListId="8c84fa94-04c1-424b-9868-57a2d4851a1d" relativeResultsDirectory="cec38918-d7ad-40f8-8b23-6bf4736bfdf7" />
    <UnitTestResult executionId="0fe8995f-c8e8-4983-a3c6-071bc4489f52" testId="362568e4-a0ce-c0eb-049c-c36562ab7906" testName="TestBuildProperties_ValidateInheritHierarchyWithNew" computerName="pkrvmxyh4eaekms" duration="00:00:00.0028440" startTime="2025-06-24T21:13:39.7306070+00:00" endTime="2025-06-24T21:13:39.7334502+00:00" testType="13cdc9d9-ddb5-4fa4-a97d-d965ccfc6d4b" outcome="Passed" testListId="8c84fa94-04c1-424b-9868-57a2d4851a1d" relativeResultsDirectory="0fe8995f-c8e8-4983-a3c6-071bc4489f52" />
    <UnitTestResult executionId="f4b654b9-0a82-45c9-aa81-5389792bd9e3" testId="62232ef3-0e18-add8-8d4e-aaf97dfe638c" testName="SystemTypeOperatorTestNotEqual(System.Collections.Generic.IList`1[System.Int32],System.Collections.Generic.ICollection`1[System.Int32])" computerName="pkrvmxyh4eaekms" duration="00:00:00.0005500" startTime="2025-06-24T21:13:30.7370960+00:00" endTime="2025-06-24T21:13:30.7376461+00:00" testType="13cdc9d9-ddb5-4fa4-a97d-d965ccfc6d4b" outcome="Passed" testListId="8c84fa94-04c1-424b-9868-57a2d4851a1d" relativeResultsDirectory="f4b654b9-0a82-45c9-aa81-5389792bd9e3" />
    <UnitTestResult executionId="02ed49ac-4c73-4905-bbf1-7ffd785c1a24" testId="f42bde8d-1a55-f048-63d7-d9e08364b0f8" testName="CodeWriter_WriteProperty_IndexerProperty_MethodPropertyBody" computerName="pkrvmxyh4eaekms" duration="00:00:00.0011920" startTime="2025-06-24T21:13:41.3041140+00:00" endTime="2025-06-24T21:13:41.3053063+00:00" testType="13cdc9d9-ddb5-4fa4-a97d-d965ccfc6d4b" outcome="Passed" testListId="8c84fa94-04c1-424b-9868-57a2d4851a1d" relativeResultsDirectory="02ed49ac-4c73-4905-bbf1-7ffd785c1a24" />
    <UnitTestResult executionId="ad8a86f0-47d1-4a44-88d5-6a6edb00f243" testId="8881821b-7d3d-8cd9-b7c7-0410f06440ab" testName="ValidateNullableTypes(System.Uri,[],False)" computerName="pkrvmxyh4eaekms" duration="00:00:00.0000690" startTime="2025-06-24T21:13:32.0288182+00:00" endTime="2025-06-24T21:13:32.0288868+00:00" testType="13cdc9d9-ddb5-4fa4-a97d-d965ccfc6d4b" outcome="Passed" testListId="8c84fa94-04c1-424b-9868-57a2d4851a1d" relativeResultsDirectory="ad8a86f0-47d1-4a44-88d5-6a6edb00f243" />
    <UnitTestResult executionId="d2c8e402-ec7c-440e-8db9-3aa1e9c054c3" testId="e2039d45-fd2d-c132-a00d-e948754ce65d" testName="ShouldDiscoverPlugins" computerName="pkrvmxyh4eaekms" duration="00:00:00.1019120" startTime="2025-06-24T21:13:40.9307539+00:00" endTime="2025-06-24T21:13:41.0326653+00:00" testType="13cdc9d9-ddb5-4fa4-a97d-d965ccfc6d4b" outcome="Passed" testListId="8c84fa94-04c1-424b-9868-57a2d4851a1d" relativeResultsDirectory="d2c8e402-ec7c-440e-8db9-3aa1e9c054c3" />
    <UnitTestResult executionId="54616d18-a345-4777-9858-4a1aa6f65f1b" testId="5535077b-880b-c2d9-2b4e-7f8cf6d1bf0a" testName="TestBuildAdditionalProperties(Microsoft.TypeSpec.Generator.Input.InputModelType,False,2)" computerName="pkrvmxyh4eaekms" duration="00:00:00.0010940" startTime="2025-06-24T21:13:39.6989607+00:00" endTime="2025-06-24T21:13:39.7000549+00:00" testType="13cdc9d9-ddb5-4fa4-a97d-d965ccfc6d4b" outcome="Passed" testListId="8c84fa94-04c1-424b-9868-57a2d4851a1d" relativeResultsDirectory="54616d18-a345-4777-9858-4a1aa6f65f1b" />
    <UnitTestResult executionId="500ac7e1-6195-4f96-9078-165223862039" testId="e16b20de-eff3-a90a-31e9-7af8dfaecfc5" testName="Nullable_HasValue_ReturnsTrue" computerName="pkrvmxyh4eaekms" duration="00:00:00.0002250" startTime="2025-06-24T21:13:40.4320631+00:00" endTime="2025-06-24T21:13:40.4322878+00:00" testType="13cdc9d9-ddb5-4fa4-a97d-d965ccfc6d4b" outcome="Passed" testListId="8c84fa94-04c1-424b-9868-57a2d4851a1d" relativeResultsDirectory="500ac7e1-6195-4f96-9078-165223862039" />
    <UnitTestResult executionId="a46ca71b-1d8c-495f-a968-61ad9642cb54" testId="dded287a-998e-cb9d-f92d-9256dc53a795" testName="ValidateProperties" computerName="pkrvmxyh4eaekms" duration="00:00:00.0016540" startTime="2025-06-24T21:13:40.0342621+00:00" endTime="2025-06-24T21:13:40.0359160+00:00" testType="13cdc9d9-ddb5-4fa4-a97d-d965ccfc6d4b" outcome="Passed" testListId="8c84fa94-04c1-424b-9868-57a2d4851a1d" relativeResultsDirectory="a46ca71b-1d8c-495f-a968-61ad9642cb54" />
    <UnitTestResult executionId="7a434437-0ba7-4f66-b57e-73d5c822215d" testId="d658d123-051f-351d-7f72-2cb4dd202acf" testName="BodyHasSetterValidation(&quot;readOnlyDictionaryOnOutputModel&quot;,Microsoft.TypeSpec.Generator.Input.InputModelType,False,null)" computerName="pkrvmxyh4eaekms" duration="00:00:00.0006620" startTime="2025-06-24T21:13:40.4702007+00:00" endTime="2025-06-24T21:13:40.4708623+00:00" testType="13cdc9d9-ddb5-4fa4-a97d-d965ccfc6d4b" outcome="Passed" testListId="8c84fa94-04c1-424b-9868-57a2d4851a1d" relativeResultsDirectory="7a434437-0ba7-4f66-b57e-73d5c822215d" />
    <UnitTestResult executionId="2ab252b1-a849-4a98-b427-5b2802d574f3" testId="a48939ad-47d0-7294-e913-221d99f955ca" testName="IntSerializationFormat(Int64,null)" computerName="pkrvmxyh4eaekms" duration="00:00:00.0005000" startTime="2025-06-24T21:13:41.1310370+00:00" endTime="2025-06-24T21:13:41.1315366+00:00" testType="13cdc9d9-ddb5-4fa4-a97d-d965ccfc6d4b" outcome="Passed" testListId="8c84fa94-04c1-424b-9868-57a2d4851a1d" relativeResultsDirectory="2ab252b1-a849-4a98-b427-5b2802d574f3" />
    <UnitTestResult executionId="c52585b5-5f69-4fe5-a844-e7ebbcf03c41" testId="223682b2-dc94-4913-3c8c-c908480aee98" testName="CanCustomizeTypeRenamedInVisitor" computerName="pkrvmxyh4eaekms" duration="00:00:00.1143030" startTime="2025-06-24T21:13:38.0238849+00:00" endTime="2025-06-24T21:13:38.1381877+00:00" testType="13cdc9d9-ddb5-4fa4-a97d-d965ccfc6d4b" outcome="Passed" testListId="8c84fa94-04c1-424b-9868-57a2d4851a1d" relativeResultsDirectory="c52585b5-5f69-4fe5-a844-e7ebbcf03c41" />
    <UnitTestResult executionId="12f82456-2ac1-4b9f-a801-3c57656416ea" testId="4347d80b-19f7-e06d-caef-277a011bf971" testName="TestIsCSharpKeyword(&quot;await&quot;,True)" computerName="pkrvmxyh4eaekms" duration="00:00:00.0004390" startTime="2025-06-24T21:13:41.2170534+00:00" endTime="2025-06-24T21:13:41.2174927+00:00" testType="13cdc9d9-ddb5-4fa4-a97d-d965ccfc6d4b" outcome="Passed" testListId="8c84fa94-04c1-424b-9868-57a2d4851a1d" relativeResultsDirectory="12f82456-2ac1-4b9f-a801-3c57656416ea" />
    <UnitTestResult executionId="0c95c994-f001-475b-a97c-7628fdd9bc2a" testId="284f9bbe-728c-fdce-8c84-66a8d4916b74" testName="FullyQualifiedName_NestedTypes" computerName="pkrvmxyh4eaekms" duration="00:00:00.0005560" startTime="2025-06-24T21:13:31.9019161+00:00" endTime="2025-06-24T21:13:31.9024720+00:00" testType="13cdc9d9-ddb5-4fa4-a97d-d965ccfc6d4b" outcome="Passed" testListId="8c84fa94-04c1-424b-9868-57a2d4851a1d" relativeResultsDirectory="0c95c994-f001-475b-a97c-7628fdd9bc2a" />
    <UnitTestResult executionId="6b1f2b5f-68c3-4de7-8499-87bf7706541c" testId="b92fe475-11af-e5d9-4e0f-6f5ce83c386e" testName="CodeGenMemberAttributeEmitted" computerName="pkrvmxyh4eaekms" duration="00:00:00.0004210" startTime="2025-06-24T21:13:30.5087011+00:00" endTime="2025-06-24T21:13:30.5091218+00:00" testType="13cdc9d9-ddb5-4fa4-a97d-d965ccfc6d4b" outcome="Passed" testListId="8c84fa94-04c1-424b-9868-57a2d4851a1d" relativeResultsDirectory="6b1f2b5f-68c3-4de7-8499-87bf7706541c" />
    <UnitTestResult executionId="809778c2-ad06-4c4d-8910-1c3641d5c4be" testId="9d50704a-b227-d7a3-39a9-b894a0d5a877" testName="SystemTypeOperatorTestNotEqual(System.Collections.Generic.IDictionary`2[System.Int32,System.String],System.Collections.Generic.Dictionary`2[System.Int32,System.String])" computerName="pkrvmxyh4eaekms" duration="00:00:00.0004800" startTime="2025-06-24T21:13:30.7425180+00:00" endTime="2025-06-24T21:13:30.7429981+00:00" testType="13cdc9d9-ddb5-4fa4-a97d-d965ccfc6d4b" outcome="Passed" testListId="8c84fa94-04c1-424b-9868-57a2d4851a1d" relativeResultsDirectory="809778c2-ad06-4c4d-8910-1c3641d5c4be" />
    <UnitTestResult executionId="e11efdf6-e3f6-4b3d-9a4e-917e49231c2d" testId="67b808f1-3424-c706-0626-61cae95290b0" testName="TryCatchFinallyStatementWithTryOnly" computerName="pkrvmxyh4eaekms" duration="00:00:00.0003760" startTime="2025-06-24T21:13:41.0765841+00:00" endTime="2025-06-24T21:13:41.0769598+00:00" testType="13cdc9d9-ddb5-4fa4-a97d-d965ccfc6d4b" outcome="Passed" testListId="8c84fa94-04c1-424b-9868-57a2d4851a1d" relativeResultsDirectory="e11efdf6-e3f6-4b3d-9a4e-917e49231c2d" />
    <UnitTestResult executionId="62e4b743-7763-4d62-9b53-f3ea70321baf" testId="fb85973b-8642-8a59-070d-2778a6c01518" testName="InvalidDocCommentWithCref" computerName="pkrvmxyh4eaekms" duration="00:00:00.0004800" startTime="2025-06-24T21:13:41.1157942+00:00" endTime="2025-06-24T21:13:41.1162738+00:00" testType="13cdc9d9-ddb5-4fa4-a97d-d965ccfc6d4b" outcome="Passed" testListId="8c84fa94-04c1-424b-9868-57a2d4851a1d" relativeResultsDirectory="62e4b743-7763-4d62-9b53-f3ea70321baf" />
    <UnitTestResult executionId="9b7229a1-ceef-473e-b545-482844843618" testId="86260b11-31a2-c0bf-b9cd-f2bbf9751145" testName="TestBreakLines_LiteralOpenAndCloseBrace" computerName="pkrvmxyh4eaekms" duration="00:00:00.0000730" startTime="2025-06-24T21:13:41.1392897+00:00" endTime="2025-06-24T21:13:41.1393627+00:00" testType="13cdc9d9-ddb5-4fa4-a97d-d965ccfc6d4b" outcome="Passed" testListId="8c84fa94-04c1-424b-9868-57a2d4851a1d" relativeResultsDirectory="9b7229a1-ceef-473e-b545-482844843618" />
    <UnitTestResult executionId="777f80f0-f521-4466-a124-b3c56aeaf608" testId="081f51aa-0473-38ec-5d39-d05e7a7dd898" testName="CanReplaceConstructor" computerName="pkrvmxyh4eaekms" duration="00:00:00.1700650" startTime="2025-06-24T21:13:38.6232158+00:00" endTime="2025-06-24T21:13:38.7932809+00:00" testType="13cdc9d9-ddb5-4fa4-a97d-d965ccfc6d4b" outcome="Passed" testListId="8c84fa94-04c1-424b-9868-57a2d4851a1d" relativeResultsDirectory="777f80f0-f521-4466-a124-b3c56aeaf608" />
    <UnitTestResult executionId="f7822070-19bb-4155-9e51-88ea6883074d" testId="48a5ec62-9af9-57c5-3941-8ab94b38f690" testName="IntSerializationFormat(Int8,null)" computerName="pkrvmxyh4eaekms" duration="00:00:00.0005930" startTime="2025-06-24T21:13:41.1274776+00:00" endTime="2025-06-24T21:13:41.1280706+00:00" testType="13cdc9d9-ddb5-4fa4-a97d-d965ccfc6d4b" outcome="Passed" testListId="8c84fa94-04c1-424b-9868-57a2d4851a1d" relativeResultsDirectory="f7822070-19bb-4155-9e51-88ea6883074d" />
    <UnitTestResult executionId="42390a50-84c1-4c51-926d-e5bc17246e2d" testId="4bc2dbf4-4d7b-95c4-53ef-acd6ed6fb604" testName="BuildModelAsStruct" computerName="pkrvmxyh4eaekms" duration="00:00:00.0022870" startTime="2025-06-24T21:13:39.6492401+00:00" endTime="2025-06-24T21:13:39.6515266+00:00" testType="13cdc9d9-ddb5-4fa4-a97d-d965ccfc6d4b" outcome="Passed" testListId="8c84fa94-04c1-424b-9868-57a2d4851a1d" relativeResultsDirectory="42390a50-84c1-4c51-926d-e5bc17246e2d" />
    <UnitTestResult executionId="fb7d030b-e2b8-4dc7-a974-874afb0d7c10" testId="ab655b06-e7da-ba83-91c6-6676025d835e" testName="DoesNotVisitPropertiesWhenTypeIsNulledOut" computerName="pkrvmxyh4eaekms" duration="00:00:00.0020140" startTime="2025-06-24T21:13:31.6941290+00:00" endTime="2025-06-24T21:13:31.6961427+00:00" testType="13cdc9d9-ddb5-4fa4-a97d-d965ccfc6d4b" outcome="Passed" testListId="8c84fa94-04c1-424b-9868-57a2d4851a1d" relativeResultsDirectory="fb7d030b-e2b8-4dc7-a974-874afb0d7c10" />
    <UnitTestResult executionId="f086a0e8-eb15-4926-a0b8-11987e6b766a" testId="f36e613e-8af1-7694-fe1e-c337099c7740" testName="ContainsWorks" computerName="pkrvmxyh4eaekms" duration="00:00:00.0007950" startTime="2025-06-24T21:13:32.1857835+00:00" endTime="2025-06-24T21:13:32.1865786+00:00" testType="13cdc9d9-ddb5-4fa4-a97d-d965ccfc6d4b" outcome="Passed" testListId="8c84fa94-04c1-424b-9868-57a2d4851a1d" relativeResultsDirectory="f086a0e8-eb15-4926-a0b8-11987e6b766a" />
    <UnitTestResult executionId="0270bc6d-cbba-48bd-bcb4-4a049efb35ef" testId="2b4ddf01-34e6-feac-bd63-f83f794c26c5" testName="ValidatePropertyTypes(System.ReadOnlyMemory`1[System.Object])" computerName="pkrvmxyh4eaekms" duration="00:00:00.0135330" startTime="2025-06-24T21:13:40.1738827+00:00" endTime="2025-06-24T21:13:40.1874155+00:00" testType="13cdc9d9-ddb5-4fa4-a97d-d965ccfc6d4b" outcome="Passed" testListId="8c84fa94-04c1-424b-9868-57a2d4851a1d" relativeResultsDirectory="0270bc6d-cbba-48bd-bcb4-4a049efb35ef" />
    <UnitTestResult executionId="3ee3b3d5-a622-4e0d-be69-b07cdb158c1e" testId="56f1303c-bd77-d411-6f2f-5d70cb38dc56" testName="SystemTypeOperatorTestNotEqual(System.Collections.Generic.IList`1[System.Int32],System.Collections.Generic.IList`1[System.String])" computerName="pkrvmxyh4eaekms" duration="00:00:00.0005380" startTime="2025-06-24T21:13:30.7360928+00:00" endTime="2025-06-24T21:13:30.7366310+00:00" testType="13cdc9d9-ddb5-4fa4-a97d-d965ccfc6d4b" outcome="Passed" testListId="8c84fa94-04c1-424b-9868-57a2d4851a1d" relativeResultsDirectory="3ee3b3d5-a622-4e0d-be69-b07cdb158c1e" />
    <UnitTestResult executionId="35fa9916-c138-433d-9508-47b4eeb6f763" testId="303e9c2b-b83c-9a8d-47ab-7f218582b8e3" testName="NotNullOrEmptyString" computerName="pkrvmxyh4eaekms" duration="00:00:00.0008210" startTime="2025-06-24T21:13:32.0449637+00:00" endTime="2025-06-24T21:13:32.0457845+00:00" testType="13cdc9d9-ddb5-4fa4-a97d-d965ccfc6d4b" outcome="Passed" testListId="8c84fa94-04c1-424b-9868-57a2d4851a1d" relativeResultsDirectory="35fa9916-c138-433d-9508-47b4eeb6f763" />
    <UnitTestResult executionId="bd37d749-0796-4643-9c53-2466627c14e3" testId="e5ffa856-2a3d-4756-1353-c73d0329c101" testName="TypesAreNotEqualWhenNullabilityIsDifferent(System.Collections.Generic.IDictionary`2[System.String,System.Int32])" computerName="pkrvmxyh4eaekms" duration="00:00:00.0004050" startTime="2025-06-24T21:13:32.0219744+00:00" endTime="2025-06-24T21:13:32.0223797+00:00" testType="13cdc9d9-ddb5-4fa4-a97d-d965ccfc6d4b" outcome="Passed" testListId="8c84fa94-04c1-424b-9868-57a2d4851a1d" relativeResultsDirectory="bd37d749-0796-4643-9c53-2466627c14e3" />
    <UnitTestResult executionId="7ff11438-9a6d-4078-a016-009ae3299360" testId="96a6c01b-7307-ab09-5ffb-857da77b8125" testName="TestIsCSharpKeyword(&quot;ref&quot;,True)" computerName="pkrvmxyh4eaekms" duration="00:00:00.0004090" startTime="2025-06-24T21:13:41.2449674+00:00" endTime="2025-06-24T21:13:41.2453764+00:00" testType="13cdc9d9-ddb5-4fa4-a97d-d965ccfc6d4b" outcome="Passed" testListId="8c84fa94-04c1-424b-9868-57a2d4851a1d" relativeResultsDirectory="7ff11438-9a6d-4078-a016-009ae3299360" />
    <UnitTestResult executionId="2187253a-af2b-462f-a3e3-9d5fe81c5baa" testId="c750f97e-dda7-af8d-a7e5-cad6c9aee199" testName="InvokeToDouble" computerName="pkrvmxyh4eaekms" duration="00:00:00.0010520" startTime="2025-06-24T21:13:40.8135033+00:00" endTime="2025-06-24T21:13:40.8145556+00:00" testType="13cdc9d9-ddb5-4fa4-a97d-d965ccfc6d4b" outcome="Passed" testListId="8c84fa94-04c1-424b-9868-57a2d4851a1d" relativeResultsDirectory="2187253a-af2b-462f-a3e3-9d5fe81c5baa" />
    <UnitTestResult executionId="ca5de6ff-3a9c-476c-ad17-ebeb509310de" testId="0af45fc5-5f23-7fbe-155d-cce3f2750d12" testName="TryCatchFinallyUpdate" computerName="pkrvmxyh4eaekms" duration="00:00:00.0014110" startTime="2025-06-24T21:13:41.0769776+00:00" endTime="2025-06-24T21:13:41.0783882+00:00" testType="13cdc9d9-ddb5-4fa4-a97d-d965ccfc6d4b" outcome="Passed" testListId="8c84fa94-04c1-424b-9868-57a2d4851a1d" relativeResultsDirectory="ca5de6ff-3a9c-476c-ad17-ebeb509310de" />
    <UnitTestResult executionId="c8a39cc1-7c5b-40e1-8ced-a418c70b1cd5" testId="6a84dd81-0c57-940b-ae30-24f96fd86b92" testName="TestBreakLines_AllLiteralsNoArgs" computerName="pkrvmxyh4eaekms" duration="00:00:00.0002850" startTime="2025-06-24T21:13:41.1377871+00:00" endTime="2025-06-24T21:13:41.1380720+00:00" testType="13cdc9d9-ddb5-4fa4-a97d-d965ccfc6d4b" outcome="Passed" testListId="8c84fa94-04c1-424b-9868-57a2d4851a1d" relativeResultsDirectory="c8a39cc1-7c5b-40e1-8ced-a418c70b1cd5" />
    <UnitTestResult executionId="c13f2562-51bc-4366-a1eb-f6209a14e97d" testId="4e187832-e6d7-274e-de18-d6e472e9c8b8" testName="NonFrameworkTypeEqualsEquivalentFrameworkType(System.String)" computerName="pkrvmxyh4eaekms" duration="00:00:00.0004220" startTime="2025-06-24T21:13:31.9866118+00:00" endTime="2025-06-24T21:13:31.9870341+00:00" testType="13cdc9d9-ddb5-4fa4-a97d-d965ccfc6d4b" outcome="Passed" testListId="8c84fa94-04c1-424b-9868-57a2d4851a1d" relativeResultsDirectory="c13f2562-51bc-4366-a1eb-f6209a14e97d" />
    <UnitTestResult executionId="9f4d51fb-622f-49a8-91f9-bea6ead18ee3" testId="4dd825a3-3345-47c4-575c-4dfe20a8f4ec" testName="IntSerializationFormat(UInt8,null)" computerName="pkrvmxyh4eaekms" duration="00:00:00.0005550" startTime="2025-06-24T21:13:41.1321218+00:00" endTime="2025-06-24T21:13:41.1326771+00:00" testType="13cdc9d9-ddb5-4fa4-a97d-d965ccfc6d4b" outcome="Passed" testListId="8c84fa94-04c1-424b-9868-57a2d4851a1d" relativeResultsDirectory="9f4d51fb-622f-49a8-91f9-bea6ead18ee3" />
    <UnitTestResult executionId="c2ef7a64-6e3b-440f-9439-100a668ed423" testId="e1bfabc8-9f04-8734-9894-416f16862390" testName="TestInvokeInstanceMethodExpression" computerName="pkrvmxyh4eaekms" duration="00:00:00.0017830" startTime="2025-06-24T21:13:30.5589027+00:00" endTime="2025-06-24T21:13:30.5606858+00:00" testType="13cdc9d9-ddb5-4fa4-a97d-d965ccfc6d4b" outcome="Passed" testListId="8c84fa94-04c1-424b-9868-57a2d4851a1d" relativeResultsDirectory="c2ef7a64-6e3b-440f-9439-100a668ed423" />
    <UnitTestResult executionId="ae5f11a5-4baa-44f4-83f6-571f51b10a3a" testId="71fb2054-74d5-0dc0-6f0f-e7c68fca9316" testName="ValidateNullableTypes(System.Nullable`1[System.Int32],[],True)" computerName="pkrvmxyh4eaekms" duration="00:00:00.0003780" startTime="2025-06-24T21:13:32.0284228+00:00" endTime="2025-06-24T21:13:32.0288009+00:00" testType="13cdc9d9-ddb5-4fa4-a97d-d965ccfc6d4b" outcome="Passed" testListId="8c84fa94-04c1-424b-9868-57a2d4851a1d" relativeResultsDirectory="ae5f11a5-4baa-44f4-83f6-571f51b10a3a" />
    <UnitTestResult executionId="f86ba08e-2606-4523-aa74-8fd6651f1a2a" testId="dc6af082-e6f7-18e6-ae27-8be735eb8abb" testName="MultipleAsSameObject" computerName="pkrvmxyh4eaekms" duration="00:00:00.0008570" startTime="2025-06-24T21:13:30.7173058+00:00" endTime="2025-06-24T21:13:30.7181625+00:00" testType="13cdc9d9-ddb5-4fa4-a97d-d965ccfc6d4b" outcome="Passed" testListId="8c84fa94-04c1-424b-9868-57a2d4851a1d" relativeResultsDirectory="f86ba08e-2606-4523-aa74-8fd6651f1a2a" />
    <UnitTestResult executionId="4913f3f5-9e23-4b3d-8274-1e704c621d4d" testId="66f00b6b-7e66-d43e-f104-8a2b5185043b" testName="TestIsCSharpKeyword(&quot;uint&quot;,True)" computerName="pkrvmxyh4eaekms" duration="00:00:00.0003220" startTime="2025-06-24T21:13:41.2626255+00:00" endTime="2025-06-24T21:13:41.2629477+00:00" testType="13cdc9d9-ddb5-4fa4-a97d-d965ccfc6d4b" outcome="Passed" testListId="8c84fa94-04c1-424b-9868-57a2d4851a1d" relativeResultsDirectory="4913f3f5-9e23-4b3d-8274-1e704c621d4d" />
    <UnitTestResult executionId="ce3acd35-ff74-4179-afa2-663eff0d9a0c" testId="1f0e8cee-aee2-c865-db79-0658a5f7e3b3" testName="IsCollectionType(System.Collections.Generic.List`1[T],True)" computerName="pkrvmxyh4eaekms" duration="00:00:00.0002540" startTime="2025-06-24T21:13:31.9753760+00:00" endTime="2025-06-24T21:13:31.9756296+00:00" testType="13cdc9d9-ddb5-4fa4-a97d-d965ccfc6d4b" outcome="Passed" testListId="8c84fa94-04c1-424b-9868-57a2d4851a1d" relativeResultsDirectory="ce3acd35-ff74-4179-afa2-663eff0d9a0c" />
    <UnitTestResult executionId="b7345228-9d47-45a0-8407-cb44205af08a" testId="4e6172dd-a8ae-4649-46ad-c01f8989b925" testName="TestKebabCaseProperty" computerName="pkrvmxyh4eaekms" duration="00:00:00.0009910" startTime="2025-06-24T21:13:40.4847144+00:00" endTime="2025-06-24T21:13:40.4857058+00:00" testType="13cdc9d9-ddb5-4fa4-a97d-d965ccfc6d4b" outcome="Passed" testListId="8c84fa94-04c1-424b-9868-57a2d4851a1d" relativeResultsDirectory="b7345228-9d47-45a0-8407-cb44205af08a" />
    <UnitTestResult executionId="39db3b19-b83e-4c61-8f08-c80b50db0f71" testId="ded5e78c-3c9a-2cdb-1f2d-a6dc4bedee40" testName="AsParameterRespectsChangesToPropertyType" computerName="pkrvmxyh4eaekms" duration="00:00:00.0014530" startTime="2025-06-24T21:13:40.4597744+00:00" endTime="2025-06-24T21:13:40.4612274+00:00" testType="13cdc9d9-ddb5-4fa4-a97d-d965ccfc6d4b" outcome="Passed" testListId="8c84fa94-04c1-424b-9868-57a2d4851a1d" relativeResultsDirectory="39db3b19-b83e-4c61-8f08-c80b50db0f71" />
    <UnitTestResult executionId="97bd0d31-aa4b-4f18-a2c8-c28d6719f8a4" testId="efa41d69-047a-862e-3b9a-3e60dad1df59" testName="ListParamShape" computerName="pkrvmxyh4eaekms" duration="00:00:00.0038780" startTime="2025-06-24T21:13:34.4416466+00:00" endTime="2025-06-24T21:13:34.4455240+00:00" testType="13cdc9d9-ddb5-4fa4-a97d-d965ccfc6d4b" outcome="Passed" testListId="8c84fa94-04c1-424b-9868-57a2d4851a1d" relativeResultsDirectory="97bd0d31-aa4b-4f18-a2c8-c28d6719f8a4" />
    <UnitTestResult executionId="16209b6b-2b25-4f8b-82fe-75a75dfb73f7" testId="466caf75-9147-2919-3448-981a8ec4c4ac" testName="TestToApiVersionValueWithCustomSeparator(&quot;V1_2_3&quot;,&quot;/&quot;,&quot;1/2/3&quot;)" computerName="pkrvmxyh4eaekms" duration="00:00:00.0000810" startTime="2025-06-24T21:13:41.2782778+00:00" endTime="2025-06-24T21:13:41.2783590+00:00" testType="13cdc9d9-ddb5-4fa4-a97d-d965ccfc6d4b" outcome="Passed" testListId="8c84fa94-04c1-424b-9868-57a2d4851a1d" relativeResultsDirectory="16209b6b-2b25-4f8b-82fe-75a75dfb73f7" />
    <UnitTestResult executionId="2536b36c-b5fd-4fa5-9fbf-b94b5b5ca450" testId="f2c2d0f2-52a5-b67d-67ca-5f196a1da558" testName="TestWriteValueExpression_DefaultCastExpression(System.String,22,&quot;((string)22)&quot;)" computerName="pkrvmxyh4eaekms" duration="00:00:00.0001090" startTime="2025-06-24T21:13:41.2937555+00:00" endTime="2025-06-24T21:13:41.2938648+00:00" testType="13cdc9d9-ddb5-4fa4-a97d-d965ccfc6d4b" outcome="Passed" testListId="8c84fa94-04c1-424b-9868-57a2d4851a1d" relativeResultsDirectory="2536b36c-b5fd-4fa5-9fbf-b94b5b5ca450" />
    <UnitTestResult executionId="bad9a334-7d8d-443e-a2b7-cf5fb17961a8" testId="dec4d542-ee31-44e2-7823-0250ddb712cd" testName="DoesNotGenerateCustomPropertyFromBase" computerName="pkrvmxyh4eaekms" duration="00:00:00.1500400" startTime="2025-06-24T21:13:38.9230985+00:00" endTime="2025-06-24T21:13:39.0731377+00:00" testType="13cdc9d9-ddb5-4fa4-a97d-d965ccfc6d4b" outcome="Passed" testListId="8c84fa94-04c1-424b-9868-57a2d4851a1d" relativeResultsDirectory="bad9a334-7d8d-443e-a2b7-cf5fb17961a8" />
    <UnitTestResult executionId="beb92cf3-3f3b-4b0a-bdf9-e9724558eb2a" testId="a32824ae-7238-9f3a-7ce6-ca85f736eecd" testName="TestToApiVersionValue(&quot;V2023-12-31&quot;,&quot;2023-12-31&quot;)" computerName="pkrvmxyh4eaekms" duration="00:00:00.0000690" startTime="2025-06-24T21:13:41.2764975+00:00" endTime="2025-06-24T21:13:41.2765661+00:00" testType="13cdc9d9-ddb5-4fa4-a97d-d965ccfc6d4b" outcome="Passed" testListId="8c84fa94-04c1-424b-9868-57a2d4851a1d" relativeResultsDirectory="beb92cf3-3f3b-4b0a-bdf9-e9724558eb2a" />
    <UnitTestResult executionId="8ab7c9d2-7d55-47dd-a122-b8d0a3c645c4" testId="237c61c6-1f2d-6b79-8b65-64735f1ec6bd" testName="TryCatchFinallyStatementWithMultipleCatches" computerName="pkrvmxyh4eaekms" duration="00:00:00.0036030" startTime="2025-06-24T21:13:41.0719237+00:00" endTime="2025-06-24T21:13:41.0755267+00:00" testType="13cdc9d9-ddb5-4fa4-a97d-d965ccfc6d4b" outcome="Passed" testListId="8c84fa94-04c1-424b-9868-57a2d4851a1d" relativeResultsDirectory="8ab7c9d2-7d55-47dd-a122-b8d0a3c645c4" />
    <UnitTestResult executionId="d31dc017-d018-4164-8599-0fe80e10070f" testId="40740957-aa3a-aa1e-7f4d-0c7e04db2fce" testName="ValidatePropertyTypes(System.BinaryData)" computerName="pkrvmxyh4eaekms" duration="00:00:00.0116840" startTime="2025-06-24T21:13:40.2569590+00:00" endTime="2025-06-24T21:13:40.2686420+00:00" testType="13cdc9d9-ddb5-4fa4-a97d-d965ccfc6d4b" outcome="Passed" testListId="8c84fa94-04c1-424b-9868-57a2d4851a1d" relativeResultsDirectory="d31dc017-d018-4164-8599-0fe80e10070f" />
    <UnitTestResult executionId="bef4aaae-dcce-40be-84a5-0a2c9da0b055" testId="d18f8a01-3ed9-5f14-93b2-142ed3d7ed6c" testName="NotNullNullableInt32ThrowsOnNull" computerName="pkrvmxyh4eaekms" duration="00:00:00.0016010" startTime="2025-06-24T21:13:32.0432362+00:00" endTime="2025-06-24T21:13:32.0448367+00:00" testType="13cdc9d9-ddb5-4fa4-a97d-d965ccfc6d4b" outcome="Passed" testListId="8c84fa94-04c1-424b-9868-57a2d4851a1d" relativeResultsDirectory="bef4aaae-dcce-40be-84a5-0a2c9da0b055" />
    <UnitTestResult executionId="17798377-b3d1-40e4-83ca-0cd96c0e5e8d" testId="a446c41e-a2d7-c61d-3fb5-258c083bd6cf" testName="SystemTypeOperatorTestNotEqual(System.Int32,System.Collections.Generic.IList`1[System.Int32])" computerName="pkrvmxyh4eaekms" duration="00:00:00.0005100" startTime="2025-06-24T21:13:30.7318359+00:00" endTime="2025-06-24T21:13:30.7323463+00:00" testType="13cdc9d9-ddb5-4fa4-a97d-d965ccfc6d4b" outcome="Passed" testListId="8c84fa94-04c1-424b-9868-57a2d4851a1d" relativeResultsDirectory="17798377-b3d1-40e4-83ca-0cd96c0e5e8d" />
    <UnitTestResult executionId="be655d37-5dd8-4cc6-bda5-06680dc91864" testId="6f25e87d-dfd4-a691-983e-a932f0aa8e59" testName="TestIsCSharpKeyword(&quot;null&quot;,True)" computerName="pkrvmxyh4eaekms" duration="00:00:00.0003750" startTime="2025-06-24T21:13:41.2385277+00:00" endTime="2025-06-24T21:13:41.2389025+00:00" testType="13cdc9d9-ddb5-4fa4-a97d-d965ccfc6d4b" outcome="Passed" testListId="8c84fa94-04c1-424b-9868-57a2d4851a1d" relativeResultsDirectory="be655d37-5dd8-4cc6-bda5-06680dc91864" />
    <UnitTestResult executionId="d8854b69-805c-43c5-93ed-c0cab6a9e129" testId="5421f54a-a02f-943d-b2bb-0b6cb00f03bd" testName="BodyHasSetterValidation(&quot;readOnlyStringOnInputModel&quot;,Microsoft.TypeSpec.Generator.Input.InputModelType,False,null)" computerName="pkrvmxyh4eaekms" duration="00:00:00.0010980" startTime="2025-06-24T21:13:40.4626708+00:00" endTime="2025-06-24T21:13:40.4637689+00:00" testType="13cdc9d9-ddb5-4fa4-a97d-d965ccfc6d4b" outcome="Passed" testListId="8c84fa94-04c1-424b-9868-57a2d4851a1d" relativeResultsDirectory="d8854b69-805c-43c5-93ed-c0cab6a9e129" />
    <UnitTestResult executionId="ffa90df1-8c83-495d-bde2-b6a18ecbdac8" testId="2591579f-bb00-b03a-a482-62f784ac0bad" testName="TestIsCSharpKeyword(&quot;sealed&quot;,True)" computerName="pkrvmxyh4eaekms" duration="00:00:00.0004330" startTime="2025-06-24T21:13:41.2491669+00:00" endTime="2025-06-24T21:13:41.2495997+00:00" testType="13cdc9d9-ddb5-4fa4-a97d-d965ccfc6d4b" outcome="Passed" testListId="8c84fa94-04c1-424b-9868-57a2d4851a1d" relativeResultsDirectory="ffa90df1-8c83-495d-bde2-b6a18ecbdac8" />
    <UnitTestResult executionId="c2fac42b-9d03-4d05-a061-a45458371afb" testId="7b3e720a-98f9-c552-ec66-aefc0ee15cd3" testName="ScopeDeclaredTwiceForMethodSignatureParam" computerName="pkrvmxyh4eaekms" duration="00:00:00.0009810" startTime="2025-06-24T21:13:41.2867814+00:00" endTime="2025-06-24T21:13:41.2877620+00:00" testType="13cdc9d9-ddb5-4fa4-a97d-d965ccfc6d4b" outcome="Passed" testListId="8c84fa94-04c1-424b-9868-57a2d4851a1d" relativeResultsDirectory="c2fac42b-9d03-4d05-a061-a45458371afb" />
    <UnitTestResult executionId="a5b653f7-ec92-4c5d-8695-a91c2e7fe7c3" testId="32887e39-d2d6-395d-8476-5506e3754a7e" testName="ExtensibleStringNullableEnumType" computerName="pkrvmxyh4eaekms" duration="00:00:00.0010090" startTime="2025-06-24T21:13:41.1222665+00:00" endTime="2025-06-24T21:13:41.1232758+00:00" testType="13cdc9d9-ddb5-4fa4-a97d-d965ccfc6d4b" outcome="Passed" testListId="8c84fa94-04c1-424b-9868-57a2d4851a1d" relativeResultsDirectory="a5b653f7-ec92-4c5d-8695-a91c2e7fe7c3" />
    <UnitTestResult executionId="45752dc7-2d03-4b4c-88e4-b64acde15e57" testId="4c1684c0-a2e7-4381-d0c9-50e5430b44d5" testName="ValidateGetFormattableStringFormatParts(&quot;{0}{1}&quot;,[Part { Value = 0, IsLiteral = False, ArgumentIndex = 0 }, Part { Value = 1, IsLiteral = False, ArgumentIndex = 1 }])" computerName="pkrvmxyh4eaekms" duration="00:00:00.0007600" startTime="2025-06-24T21:13:41.2796956+00:00" endTime="2025-06-24T21:13:41.2804556+00:00" testType="13cdc9d9-ddb5-4fa4-a97d-d965ccfc6d4b" outcome="Passed" testListId="8c84fa94-04c1-424b-9868-57a2d4851a1d" relativeResultsDirectory="45752dc7-2d03-4b4c-88e4-b64acde15e57" />
    <UnitTestResult executionId="3c5e0e27-c1d4-4165-a600-a8bcfbd8a33e" testId="275244f1-260b-8169-32ed-eb20f650345d" testName="BodyHasSetterValidation(&quot;intOnNoUsageModel&quot;,Microsoft.TypeSpec.Generator.Input.InputModelType,False,null)" computerName="pkrvmxyh4eaekms" duration="00:00:00.0006890" startTime="2025-06-24T21:13:40.4651381+00:00" endTime="2025-06-24T21:13:40.4658270+00:00" testType="13cdc9d9-ddb5-4fa4-a97d-d965ccfc6d4b" outcome="Passed" testListId="8c84fa94-04c1-424b-9868-57a2d4851a1d" relativeResultsDirectory="3c5e0e27-c1d4-4165-a600-a8bcfbd8a33e" />
    <UnitTestResult executionId="094d667e-a8bc-4349-94a6-436d61fcdfe3" testId="6e2d3c67-3080-1e7b-8e65-c4a3c7af675b" testName="BodyHasSetterValidation(&quot;nullableCollectionOnInputOutputModel&quot;,Microsoft.TypeSpec.Generator.Input.InputModelType,True,null)" computerName="pkrvmxyh4eaekms" duration="00:00:00.0006630" startTime="2025-06-24T21:13:40.4695217+00:00" endTime="2025-06-24T21:13:40.4701843+00:00" testType="13cdc9d9-ddb5-4fa4-a97d-d965ccfc6d4b" outcome="Passed" testListId="8c84fa94-04c1-424b-9868-57a2d4851a1d" relativeResultsDirectory="094d667e-a8bc-4349-94a6-436d61fcdfe3" />
    <UnitTestResult executionId="da20c238-f3c8-4d16-b1bd-56ac51dc2924" testId="19d767e5-20f1-fedf-7a8f-c8f1a86fdf3c" testName="AssertNotNull" computerName="pkrvmxyh4eaekms" duration="00:00:00.0005310" startTime="2025-06-24T21:13:40.8112429+00:00" endTime="2025-06-24T21:13:40.8117743+00:00" testType="13cdc9d9-ddb5-4fa4-a97d-d965ccfc6d4b" outcome="Passed" testListId="8c84fa94-04c1-424b-9868-57a2d4851a1d" relativeResultsDirectory="da20c238-f3c8-4d16-b1bd-56ac51dc2924" />
    <UnitTestResult executionId="905210b4-7478-466e-874c-2cbf39e253fc" testId="68a85961-9245-ef89-9384-7c147c86200d" testName="RemoveElement" computerName="pkrvmxyh4eaekms" duration="00:00:00.0002980" startTime="2025-06-24T21:13:32.1894864+00:00" endTime="2025-06-24T21:13:32.1897847+00:00" testType="13cdc9d9-ddb5-4fa4-a97d-d965ccfc6d4b" outcome="Passed" testListId="8c84fa94-04c1-424b-9868-57a2d4851a1d" relativeResultsDirectory="905210b4-7478-466e-874c-2cbf39e253fc" />
    <UnitTestResult executionId="5a8cac68-9b2a-472c-8834-8ad1c16f0fa6" testId="6cba2c50-94ed-d513-411c-1dad5e4670fc" testName="UndefinedByDefault" computerName="pkrvmxyh4eaekms" duration="00:00:00.0001720" startTime="2025-06-24T21:13:32.1900369+00:00" endTime="2025-06-24T21:13:32.1902093+00:00" testType="13cdc9d9-ddb5-4fa4-a97d-d965ccfc6d4b" outcome="Passed" testListId="8c84fa94-04c1-424b-9868-57a2d4851a1d" relativeResultsDirectory="5a8cac68-9b2a-472c-8834-8ad1c16f0fa6" />
    <UnitTestResult executionId="12bc338b-9f6d-4ae7-890c-6e63ca7cf453" testId="ae60ce96-2a23-7960-98da-758a2ef4dcc2" testName="ValidateString" computerName="pkrvmxyh4eaekms" duration="00:00:00.0002630" startTime="2025-06-24T21:13:40.8271758+00:00" endTime="2025-06-24T21:13:40.8274392+00:00" testType="13cdc9d9-ddb5-4fa4-a97d-d965ccfc6d4b" outcome="Passed" testListId="8c84fa94-04c1-424b-9868-57a2d4851a1d" relativeResultsDirectory="12bc338b-9f6d-4ae7-890c-6e63ca7cf453" />
    <UnitTestResult executionId="ec0b25b2-a492-4dbd-8637-45370cf3b958" testId="c1a4ca7e-58dd-da5f-71c8-6ba4d461996f" testName="CanResetTypeProvider" computerName="pkrvmxyh4eaekms" duration="00:00:00.0025550" startTime="2025-06-24T21:13:40.6033898+00:00" endTime="2025-06-24T21:13:40.6059448+00:00" testType="13cdc9d9-ddb5-4fa4-a97d-d965ccfc6d4b" outcome="Passed" testListId="8c84fa94-04c1-424b-9868-57a2d4851a1d" relativeResultsDirectory="ec0b25b2-a492-4dbd-8637-45370cf3b958" />
    <UnitTestResult executionId="ef11fcbc-bfde-4b51-b926-bb43b139f7b0" testId="e6141757-1949-33fd-9164-ebe2f3c18056" testName="AssignmentExpression" computerName="pkrvmxyh4eaekms" duration="00:00:00.0005730" startTime="2025-06-24T21:13:30.5326697+00:00" endTime="2025-06-24T21:13:30.5332428+00:00" testType="13cdc9d9-ddb5-4fa4-a97d-d965ccfc6d4b" outcome="Passed" testListId="8c84fa94-04c1-424b-9868-57a2d4851a1d" relativeResultsDirectory="ef11fcbc-bfde-4b51-b926-bb43b139f7b0" />
    <UnitTestResult executionId="3326549c-2855-4e7b-b444-f857a1d0b5c4" testId="d3aa593b-e5a9-6757-4073-1c7109f8ae34" testName="HashCodesAreNotEqual(System.Int32,System.Collections.Generic.IList`1[System.Int32])" computerName="pkrvmxyh4eaekms" duration="00:00:00.0004830" startTime="2025-06-24T21:13:31.9614679+00:00" endTime="2025-06-24T21:13:31.9619504+00:00" testType="13cdc9d9-ddb5-4fa4-a97d-d965ccfc6d4b" outcome="Passed" testListId="8c84fa94-04c1-424b-9868-57a2d4851a1d" relativeResultsDirectory="3326549c-2855-4e7b-b444-f857a1d0b5c4" />
    <UnitTestResult executionId="baf2ad86-a8ab-4105-a2ef-ca2655b54a51" testId="160787b0-1efb-d2b7-8a3c-4607909e6802" testName="VariableNameNotReusedWhenUsedInChildScope" computerName="pkrvmxyh4eaekms" duration="00:00:00.0003980" startTime="2025-06-24T21:13:41.2834462+00:00" endTime="2025-06-24T21:13:41.2838440+00:00" testType="13cdc9d9-ddb5-4fa4-a97d-d965ccfc6d4b" outcome="Passed" testListId="8c84fa94-04c1-424b-9868-57a2d4851a1d" relativeResultsDirectory="baf2ad86-a8ab-4105-a2ef-ca2655b54a51" />
    <UnitTestResult executionId="5814f011-23bb-4e6d-8df1-bbc776c813c5" testId="daf4bcf3-541d-b532-1ace-61928ff39f81" testName="NotEqualToFrameworkType(System.Collections.Generic.IDictionary`2[System.Collections.Generic.IDictionary`2[System.Int32,System.String],System.Collections.Generic.IDictionary`2[System.String,System.Int32]],System.Collections.Generic.IDictionary`2[System.Collections.Generic.IDictionary`2[System.String,System.Int32],System.Collections.Generic.IDictionary`2[System.String,System.Int32]])" computerName="pkrvmxyh4eaekms" duration="00:00:00.0007450" startTime="2025-06-24T21:13:31.9936043+00:00" endTime="2025-06-24T21:13:31.9943491+00:00" testType="13cdc9d9-ddb5-4fa4-a97d-d965ccfc6d4b" outcome="Passed" testListId="8c84fa94-04c1-424b-9868-57a2d4851a1d" relativeResultsDirectory="5814f011-23bb-4e6d-8df1-bbc776c813c5" />
    <UnitTestResult executionId="0f3e7d16-7688-462c-8d0f-dab18720866c" testId="c91f2bb4-bfe2-3d5a-2d96-cf75d7c69cd6" testName="TestIsCSharpKeyword(&quot;new&quot;,True)" computerName="pkrvmxyh4eaekms" duration="00:00:00.0004000" startTime="2025-06-24T21:13:41.2381141+00:00" endTime="2025-06-24T21:13:41.2385135+00:00" testType="13cdc9d9-ddb5-4fa4-a97d-d965ccfc6d4b" outcome="Passed" testListId="8c84fa94-04c1-424b-9868-57a2d4851a1d" relativeResultsDirectory="0f3e7d16-7688-462c-8d0f-dab18720866c" />
    <UnitTestResult executionId="391c8376-1fd5-4363-b351-f0bcdcb4c748" testId="f61f78ee-776e-6806-ce8e-707947cc453b" testName="TestIsCSharpKeyword(&quot;object&quot;,True)" computerName="pkrvmxyh4eaekms" duration="00:00:00.0003869" startTime="2025-06-24T21:13:41.2389155+00:00" endTime="2025-06-24T21:13:41.2393028+00:00" testType="13cdc9d9-ddb5-4fa4-a97d-d965ccfc6d4b" outcome="Passed" testListId="8c84fa94-04c1-424b-9868-57a2d4851a1d" relativeResultsDirectory="391c8376-1fd5-4363-b351-f0bcdcb4c748" />
    <UnitTestResult executionId="4c20bf96-bef4-427d-8f47-386dfbfb2f8d" testId="46dd2cf8-a790-10e4-882d-8d6a5b52f88d" testName="Equals(Microsoft.TypeSpec.Generator.Providers.ParameterProvider,Microsoft.TypeSpec.Generator.Providers.ParameterProvider,False)" computerName="pkrvmxyh4eaekms" duration="00:00:00.0002880" startTime="2025-06-24T21:13:40.4433389+00:00" endTime="2025-06-24T21:13:40.4436267+00:00" testType="13cdc9d9-ddb5-4fa4-a97d-d965ccfc6d4b" outcome="Passed" testListId="8c84fa94-04c1-424b-9868-57a2d4851a1d" relativeResultsDirectory="4c20bf96-bef4-427d-8f47-386dfbfb2f8d" />
    <UnitTestResult executionId="aab8b93c-8c05-4fc6-ae56-51e252f7eb5a" testId="3f6f6f9e-8d6b-5b7c-97fa-e5fcc084c74f" testName="UnreferencedTypeHandling(&quot;removeOrInternalize&quot;)" computerName="pkrvmxyh4eaekms" duration="00:00:00.0022920" startTime="2025-06-24T21:13:27.4494870+00:00" endTime="2025-06-24T21:13:27.4517789+00:00" testType="13cdc9d9-ddb5-4fa4-a97d-d965ccfc6d4b" outcome="Passed" testListId="8c84fa94-04c1-424b-9868-57a2d4851a1d" relativeResultsDirectory="aab8b93c-8c05-4fc6-ae56-51e252f7eb5a" />
    <UnitTestResult executionId="8d44cdce-b8ef-4901-b88b-ed4781d43586" testId="701480bc-794c-e347-f8dc-b70bf5187b01" testName="IsReadWriteList(System.Collections.Generic.IReadOnlyList`1[T],False)" computerName="pkrvmxyh4eaekms" duration="00:00:00.0001550" startTime="2025-06-24T21:13:31.9845508+00:00" endTime="2025-06-24T21:13:31.9847058+00:00" testType="13cdc9d9-ddb5-4fa4-a97d-d965ccfc6d4b" outcome="Passed" testListId="8c84fa94-04c1-424b-9868-57a2d4851a1d" relativeResultsDirectory="8d44cdce-b8ef-4901-b88b-ed4781d43586" />
    <UnitTestResult executionId="376d209c-d565-4d78-b717-5648d12ef01b" testId="90f09ce4-a85b-f50e-1814-72145292da2d" testName="InvalidPropertyDocsThrows" computerName="pkrvmxyh4eaekms" duration="00:00:00.0131240" startTime="2025-06-24T21:13:40.3886676+00:00" endTime="2025-06-24T21:13:40.4017907+00:00" testType="13cdc9d9-ddb5-4fa4-a97d-d965ccfc6d4b" outcome="Passed" testListId="8c84fa94-04c1-424b-9868-57a2d4851a1d" relativeResultsDirectory="376d209c-d565-4d78-b717-5648d12ef01b" />
    <UnitTestResult executionId="d02ae24e-3f04-4a3a-b5cc-70d26db8ffa5" testId="5f5bcfaf-cfd9-b964-4d3b-0be4872b8e61" testName="SkipInternalModels" computerName="pkrvmxyh4eaekms" duration="00:00:00.0029770" startTime="2025-06-24T21:13:34.4495173+00:00" endTime="2025-06-24T21:13:34.4524938+00:00" testType="13cdc9d9-ddb5-4fa4-a97d-d965ccfc6d4b" outcome="Passed" testListId="8c84fa94-04c1-424b-9868-57a2d4851a1d" relativeResultsDirectory="d02ae24e-3f04-4a3a-b5cc-70d26db8ffa5" />
    <UnitTestResult executionId="b5d45123-5a9f-4dae-8742-7a75fc966302" testId="907ea4bd-38f6-7f48-c9e6-1f394fd34443" testName="InitCtorShouldAssignBaseFieldDerivedRequired" computerName="pkrvmxyh4eaekms" duration="00:00:00.0043359" startTime="2025-06-24T21:13:39.6676920+00:00" endTime="2025-06-24T21:13:39.6720281+00:00" testType="13cdc9d9-ddb5-4fa4-a97d-d965ccfc6d4b" outcome="Passed" testListId="8c84fa94-04c1-424b-9868-57a2d4851a1d" relativeResultsDirectory="b5d45123-5a9f-4dae-8742-7a75fc966302" />
    <UnitTestResult executionId="2bee9c20-4a0b-40a1-8c4b-caa8d006a218" testId="77d60e7c-643e-6c20-3cd0-1fd3cd3b2695" testName="CatchStatementWithMultipleLineBody" computerName="pkrvmxyh4eaekms" duration="00:00:00.0005310" startTime="2025-06-24T21:13:41.0520098+00:00" endTime="2025-06-24T21:13:41.0525409+00:00" testType="13cdc9d9-ddb5-4fa4-a97d-d965ccfc6d4b" outcome="Passed" testListId="8c84fa94-04c1-424b-9868-57a2d4851a1d" relativeResultsDirectory="2bee9c20-4a0b-40a1-8c4b-caa8d006a218" />
    <UnitTestResult executionId="adfa8dbc-a89e-4218-aae0-223e8134f68f" testId="4f1d847e-f0c4-8e4c-8126-90a2523dd339" testName="HashCodesAreNotEqual(System.Int32,System.Collections.Generic.IList`1[T])" computerName="pkrvmxyh4eaekms" duration="00:00:00.0007500" startTime="2025-06-24T21:13:31.9601167+00:00" endTime="2025-06-24T21:13:31.9608666+00:00" testType="13cdc9d9-ddb5-4fa4-a97d-d965ccfc6d4b" outcome="Passed" testListId="8c84fa94-04c1-424b-9868-57a2d4851a1d" relativeResultsDirectory="adfa8dbc-a89e-4218-aae0-223e8134f68f" />
    <UnitTestResult executionId="ff744752-60ca-4321-9611-5d4c3aecad4d" testId="b3824d22-3e00-1c68-500f-810bf79cb1ce" testName="ListExpression(System.String)" computerName="pkrvmxyh4eaekms" duration="00:00:00.0002830" startTime="2025-06-24T21:13:30.6729873+00:00" endTime="2025-06-24T21:13:30.6732697+00:00" testType="13cdc9d9-ddb5-4fa4-a97d-d965ccfc6d4b" outcome="Passed" testListId="8c84fa94-04c1-424b-9868-57a2d4851a1d" relativeResultsDirectory="ff744752-60ca-4321-9611-5d4c3aecad4d" />
    <UnitTestResult executionId="d4e6b2c9-dee7-498c-a903-9a03aec16c76" testId="56b675d3-d852-6a04-d666-605aa73761b3" testName="SystemTypeOperatorTestNotEqual(System.Collections.Generic.IList`1[System.Int32],System.Collections.Generic.IList`1[T])" computerName="pkrvmxyh4eaekms" duration="00:00:00.0004810" startTime="2025-06-24T21:13:30.7335826+00:00" endTime="2025-06-24T21:13:30.7340631+00:00" testType="13cdc9d9-ddb5-4fa4-a97d-d965ccfc6d4b" outcome="Passed" testListId="8c84fa94-04c1-424b-9868-57a2d4851a1d" relativeResultsDirectory="d4e6b2c9-dee7-498c-a903-9a03aec16c76" />
    <UnitTestResult executionId="f006a4d9-c0fd-4b40-a713-8e46d43e7e02" testId="aadbf138-cb2d-aacd-56b6-6bc70de2458c" testName="AttributeStatementWithNamedArguments" computerName="pkrvmxyh4eaekms" duration="00:00:00.0004600" startTime="2025-06-24T21:13:41.0350359+00:00" endTime="2025-06-24T21:13:41.0354961+00:00" testType="13cdc9d9-ddb5-4fa4-a97d-d965ccfc6d4b" outcome="Passed" testListId="8c84fa94-04c1-424b-9868-57a2d4851a1d" relativeResultsDirectory="f006a4d9-c0fd-4b40-a713-8e46d43e7e02" />
    <UnitTestResult executionId="7d6117a4-916b-430a-aa05-ed71aa8c3e8c" testId="2778d050-be18-0e1b-eac3-753c3cbeca39" testName="ValidateProperties" computerName="pkrvmxyh4eaekms" duration="00:00:00.0060620" startTime="2025-06-24T21:13:32.1631787+00:00" endTime="2025-06-24T21:13:32.1692402+00:00" testType="13cdc9d9-ddb5-4fa4-a97d-d965ccfc6d4b" outcome="Passed" testListId="8c84fa94-04c1-424b-9868-57a2d4851a1d" relativeResultsDirectory="7d6117a4-916b-430a-aa05-ed71aa8c3e8c" />
    <UnitTestResult executionId="c05bd2d2-03c6-4488-b3f4-71eefa468f0b" testId="5e32974e-efed-22fb-edf9-d7bb324b61c3" testName="IsDictionary(System.Int32,False)" computerName="pkrvmxyh4eaekms" duration="00:00:00.0003320" startTime="2025-06-24T21:13:31.9760060+00:00" endTime="2025-06-24T21:13:31.9763381+00:00" testType="13cdc9d9-ddb5-4fa4-a97d-d965ccfc6d4b" outcome="Passed" testListId="8c84fa94-04c1-424b-9868-57a2d4851a1d" relativeResultsDirectory="c05bd2d2-03c6-4488-b3f4-71eefa468f0b" />
    <UnitTestResult executionId="686fade7-1722-45c4-9acd-8af4c4bade70" testId="017b84c0-d041-5ec5-367a-bfeae91ba208" testName="FullyQualifiedNamePopulatedForFrameworkTypes(System.Int32)" computerName="pkrvmxyh4eaekms" duration="00:00:00.0005430" startTime="2025-06-24T21:13:31.9025206+00:00" endTime="2025-06-24T21:13:31.9030636+00:00" testType="13cdc9d9-ddb5-4fa4-a97d-d965ccfc6d4b" outcome="Passed" testListId="8c84fa94-04c1-424b-9868-57a2d4851a1d" relativeResultsDirectory="686fade7-1722-45c4-9acd-8af4c4bade70" />
    <UnitTestResult executionId="42a54a57-c4dd-47a4-8f2a-c19b9ffc187d" testId="af410c3c-f253-5fd0-9db8-de46a7d0f5fe" testName="IsArray(System.ReadOnlyMemory`1[T],False)" computerName="pkrvmxyh4eaekms" duration="00:00:00.0001810" startTime="2025-06-24T21:13:31.9718892+00:00" endTime="2025-06-24T21:13:31.9720697+00:00" testType="13cdc9d9-ddb5-4fa4-a97d-d965ccfc6d4b" outcome="Passed" testListId="8c84fa94-04c1-424b-9868-57a2d4851a1d" relativeResultsDirectory="42a54a57-c4dd-47a4-8f2a-c19b9ffc187d" />
    <UnitTestResult executionId="1c8455b7-cda4-4f3d-97aa-15f4cc9ee63f" testId="58810f2f-120a-dde5-f64a-e389418b9f70" testName="ValidateParameters(System.BinaryData,KeywordExpression { Keyword = default, Expression =  })" computerName="pkrvmxyh4eaekms" duration="00:00:00.0103270" startTime="2025-06-24T21:13:40.0238542+00:00" endTime="2025-06-24T21:13:40.0341802+00:00" testType="13cdc9d9-ddb5-4fa4-a97d-d965ccfc6d4b" outcome="Passed" testListId="8c84fa94-04c1-424b-9868-57a2d4851a1d" relativeResultsDirectory="1c8455b7-cda4-4f3d-97aa-15f4cc9ee63f" />
    <UnitTestResult executionId="98c304fb-fe84-4b1b-9761-5a54ffd1416d" testId="229736e4-e626-8640-1665-cf30e4fb5f47" testName="ValidateGetFormattableStringFormatParts(&quot;This {0} has literal {{, {1} and }} in the middle&quot;,[Part { Value = This , IsLiteral = True, ArgumentIndex = -1 }, Part { Value = 0, IsLiteral = False, ArgumentIndex = 0 }, Part { Value =  has literal {, IsLiteral = True, ArgumentIndex = -1 }, Part { Value = , , IsLiteral = True, ArgumentIndex = -1 }, Part { Value = 1, IsLiteral = False, ArgumentIndex = 1 }, ...])" computerName="pkrvmxyh4eaekms" duration="00:00:00.0001540" startTime="2025-06-24T21:13:41.2817069+00:00" endTime="2025-06-24T21:13:41.2818612+00:00" testType="13cdc9d9-ddb5-4fa4-a97d-d965ccfc6d4b" outcome="Passed" testListId="8c84fa94-04c1-424b-9868-57a2d4851a1d" relativeResultsDirectory="98c304fb-fe84-4b1b-9761-5a54ffd1416d" />
    <UnitTestResult executionId="1716c2e6-209d-43e5-9e8d-2d8fb19df8c1" testId="81d66d52-8188-08f0-3991-7d18e0bec362" testName="DictionaryExpression(System.Collections.Generic.IList`1[T],System.Int32)" computerName="pkrvmxyh4eaekms" duration="00:00:00.0005650" startTime="2025-06-24T21:13:30.6288787+00:00" endTime="2025-06-24T21:13:30.6294432+00:00" testType="13cdc9d9-ddb5-4fa4-a97d-d965ccfc6d4b" outcome="Passed" testListId="8c84fa94-04c1-424b-9868-57a2d4851a1d" relativeResultsDirectory="1716c2e6-209d-43e5-9e8d-2d8fb19df8c1" />
    <UnitTestResult executionId="b1d088c1-5f0d-48cf-a909-2c630f08ac4a" testId="5a7c7526-dbb1-3787-def7-1b33c31dd0d7" testName="TestIsCSharpKeyword(&quot;short&quot;,True)" computerName="pkrvmxyh4eaekms" duration="00:00:00.0003970" startTime="2025-06-24T21:13:41.2500696+00:00" endTime="2025-06-24T21:13:41.2504662+00:00" testType="13cdc9d9-ddb5-4fa4-a97d-d965ccfc6d4b" outcome="Passed" testListId="8c84fa94-04c1-424b-9868-57a2d4851a1d" relativeResultsDirectory="b1d088c1-5f0d-48cf-a909-2c630f08ac4a" />
    <UnitTestResult executionId="9525365b-610f-474e-a68d-4399b0347871" testId="114346b0-fd0c-f14f-c636-286c8a30704e" testName="TestArrayInitializerExpression" computerName="pkrvmxyh4eaekms" duration="00:00:00.0234610" startTime="2025-06-24T21:13:30.5348211+00:00" endTime="2025-06-24T21:13:30.5582815+00:00" testType="13cdc9d9-ddb5-4fa4-a97d-d965ccfc6d4b" outcome="Passed" testListId="8c84fa94-04c1-424b-9868-57a2d4851a1d" relativeResultsDirectory="9525365b-610f-474e-a68d-4399b0347871" />
    <UnitTestResult executionId="75cf5893-a619-44e2-bc92-c538e130476e" testId="d112d793-2e94-bed3-e25b-2d1af937a1e4" testName="TestBreakLines_OneArgOnlyWithCR" computerName="pkrvmxyh4eaekms" duration="00:00:00.0000600" startTime="2025-06-24T21:13:41.1384862+00:00" endTime="2025-06-24T21:13:41.1385459+00:00" testType="13cdc9d9-ddb5-4fa4-a97d-d965ccfc6d4b" outcome="Passed" testListId="8c84fa94-04c1-424b-9868-57a2d4851a1d" relativeResultsDirectory="75cf5893-a619-44e2-bc92-c538e130476e" />
    <UnitTestResult executionId="fc5c46be-ebd9-4235-8697-98a1ec74211f" testId="e45411d7-d681-5609-09bb-285dbf9df069" testName="TestIsCSharpKeyword(&quot;get&quot;,True)" computerName="pkrvmxyh4eaekms" duration="00:00:00.0004150" startTime="2025-06-24T21:13:41.2309222+00:00" endTime="2025-06-24T21:13:41.2313373+00:00" testType="13cdc9d9-ddb5-4fa4-a97d-d965ccfc6d4b" outcome="Passed" testListId="8c84fa94-04c1-424b-9868-57a2d4851a1d" relativeResultsDirectory="fc5c46be-ebd9-4235-8697-98a1ec74211f" />
    <UnitTestResult executionId="635a0f9d-0be7-4c25-a988-fe921170fcf7" testId="13a897e0-f375-521a-df84-96ce547f4800" testName="TestIsCSharpKeyword(&quot;from&quot;,True)" computerName="pkrvmxyh4eaekms" duration="00:00:00.0004240" startTime="2025-06-24T21:13:41.2304803+00:00" endTime="2025-06-24T21:13:41.2309037+00:00" testType="13cdc9d9-ddb5-4fa4-a97d-d965ccfc6d4b" outcome="Passed" testListId="8c84fa94-04c1-424b-9868-57a2d4851a1d" relativeResultsDirectory="635a0f9d-0be7-4c25-a988-fe921170fcf7" />
    <UnitTestResult executionId="2a6685db-fc0d-4f0f-bcd7-f5f2d897c642" testId="d3963586-e2ca-4e80-b578-88a902fe01e7" testName="ListExpression(System.Double)" computerName="pkrvmxyh4eaekms" duration="00:00:00.0003060" startTime="2025-06-24T21:13:30.6718782+00:00" endTime="2025-06-24T21:13:30.6721841+00:00" testType="13cdc9d9-ddb5-4fa4-a97d-d965ccfc6d4b" outcome="Passed" testListId="8c84fa94-04c1-424b-9868-57a2d4851a1d" relativeResultsDirectory="2a6685db-fc0d-4f0f-bcd7-f5f2d897c642" />
    <UnitTestResult executionId="55411999-dda0-499f-b3ad-cccda14c8371" testId="52e83c3f-2bec-88c9-7c60-dae6bc617340" testName="TestIsCSharpKeyword(&quot;base&quot;,True)" computerName="pkrvmxyh4eaekms" duration="00:00:00.0004090" startTime="2025-06-24T21:13:41.2175090+00:00" endTime="2025-06-24T21:13:41.2179184+00:00" testType="13cdc9d9-ddb5-4fa4-a97d-d965ccfc6d4b" outcome="Passed" testListId="8c84fa94-04c1-424b-9868-57a2d4851a1d" relativeResultsDirectory="55411999-dda0-499f-b3ad-cccda14c8371" />
    <UnitTestResult executionId="7bdd2fee-2b19-42ad-93b4-561ce3a6be65" testId="a60ad471-5145-4543-967b-f726d62bddba" testName="TypeOfStatement(System.Collections.Generic.Dictionary`2[System.String,System.Int32],&quot;typeof(global::System.Collections.Generic.Dictionary&lt;string, int&gt;)&quot;)" computerName="pkrvmxyh4eaekms" duration="00:00:00.0001910" startTime="2025-06-24T21:13:30.7078017+00:00" endTime="2025-06-24T21:13:30.7079930+00:00" testType="13cdc9d9-ddb5-4fa4-a97d-d965ccfc6d4b" outcome="Passed" testListId="8c84fa94-04c1-424b-9868-57a2d4851a1d" relativeResultsDirectory="7bdd2fee-2b19-42ad-93b4-561ce3a6be65" />
    <UnitTestResult executionId="ff2ef252-0360-425d-a32c-1645b0bdf463" testId="6540102f-53e3-717e-261b-01f05cff9c00" testName="ValidateAttributes" computerName="pkrvmxyh4eaekms" duration="00:00:00.0022430" startTime="2025-06-24T21:13:40.4915871+00:00" endTime="2025-06-24T21:13:40.4938299+00:00" testType="13cdc9d9-ddb5-4fa4-a97d-d965ccfc6d4b" outcome="Passed" testListId="8c84fa94-04c1-424b-9868-57a2d4851a1d" relativeResultsDirectory="ff2ef252-0360-425d-a32c-1645b0bdf463" />
    <UnitTestResult executionId="3febbc03-c826-47ee-8d2b-af53976027e8" testId="7c12a820-76ca-f90c-b690-f1efcde03290" testName="TestParseConfig_OutputFolder(&quot;{\n                    \&quot;package-name\&quot;: \&quot;libraryName\&quot;\n                }&quot;,True)" computerName="pkrvmxyh4eaekms" duration="00:00:00.0010430" startTime="2025-06-24T21:13:27.4482649+00:00" endTime="2025-06-24T21:13:27.4493082+00:00" testType="13cdc9d9-ddb5-4fa4-a97d-d965ccfc6d4b" outcome="Passed" testListId="8c84fa94-04c1-424b-9868-57a2d4851a1d" relativeResultsDirectory="3febbc03-c826-47ee-8d2b-af53976027e8" />
    <UnitTestResult executionId="f7d2d571-b547-48f9-b32f-c3573d585a6c" testId="5a3b7081-56d0-2ca3-77b9-ccdb29902878" testName="BodyHasSetterValidation(&quot;nonReadOnlyStringPropOnStruct&quot;,Microsoft.TypeSpec.Generator.Input.InputModelType,True,Struct)" computerName="pkrvmxyh4eaekms" duration="00:00:00.0011830" startTime="2025-06-24T21:13:40.4736352+00:00" endTime="2025-06-24T21:13:40.4748178+00:00" testType="13cdc9d9-ddb5-4fa4-a97d-d965ccfc6d4b" outcome="Passed" testListId="8c84fa94-04c1-424b-9868-57a2d4851a1d" relativeResultsDirectory="f7d2d571-b547-48f9-b32f-c3573d585a6c" />
    <UnitTestResult executionId="9900aaba-fd49-443a-951a-6fd2995a0620" testId="a09333b2-f10a-bc2b-8099-668cd5240c5d" testName="TestIsCSharpKeyword(&quot;lock&quot;,True)" computerName="pkrvmxyh4eaekms" duration="00:00:00.0004040" startTime="2025-06-24T21:13:41.2364753+00:00" endTime="2025-06-24T21:13:41.2368793+00:00" testType="13cdc9d9-ddb5-4fa4-a97d-d965ccfc6d4b" outcome="Passed" testListId="8c84fa94-04c1-424b-9868-57a2d4851a1d" relativeResultsDirectory="9900aaba-fd49-443a-951a-6fd2995a0620" />
    <UnitTestResult executionId="2380d901-b18c-4725-9f94-c6757c12a065" testId="63f8f19d-81ae-3bb0-eb37-dee460c33487" testName="TestParseConfig_LibraryName(&quot;{\n                    \&quot;output-folder\&quot;: \&quot;outputFolder\&quot;\n                }&quot;,True)" computerName="pkrvmxyh4eaekms" duration="00:00:00.0007110" startTime="2025-06-24T21:13:27.4438048+00:00" endTime="2025-06-24T21:13:27.4445153+00:00" testType="13cdc9d9-ddb5-4fa4-a97d-d965ccfc6d4b" outcome="Passed" testListId="8c84fa94-04c1-424b-9868-57a2d4851a1d" relativeResultsDirectory="2380d901-b18c-4725-9f94-c6757c12a065" />
    <UnitTestResult executionId="0e53a5d0-4b2f-42ec-b01b-9aa41cdac91f" testId="33ed9017-7e7c-361a-8faa-044865994803" testName="DictionaryExpression(System.Collections.Generic.IList`1[T],System.Collections.Generic.IList`1[System.Int32])" computerName="pkrvmxyh4eaekms" duration="00:00:00.0005270" startTime="2025-06-24T21:13:30.6324457+00:00" endTime="2025-06-24T21:13:30.6329722+00:00" testType="13cdc9d9-ddb5-4fa4-a97d-d965ccfc6d4b" outcome="Passed" testListId="8c84fa94-04c1-424b-9868-57a2d4851a1d" relativeResultsDirectory="0e53a5d0-4b2f-42ec-b01b-9aa41cdac91f" />
    <UnitTestResult executionId="9cfc00cb-5369-4b85-9ab0-7274044101f4" testId="7abc69b9-3a95-a1b8-64e1-e290890b2be0" testName="DisableDocsForProperty" computerName="pkrvmxyh4eaekms" duration="00:00:00.0057780" startTime="2025-06-24T21:13:27.3927932+00:00" endTime="2025-06-24T21:13:27.3985711+00:00" testType="13cdc9d9-ddb5-4fa4-a97d-d965ccfc6d4b" outcome="Passed" testListId="8c84fa94-04c1-424b-9868-57a2d4851a1d" relativeResultsDirectory="9cfc00cb-5369-4b85-9ab0-7274044101f4" />
    <UnitTestResult executionId="eb8008ce-e941-4aad-8907-166f28d68e85" testId="75d50189-0337-ea36-24ba-1508c78257cc" testName="TestToApiVersionMemberName(&quot;v1.0.0&quot;,&quot;V1_0_0&quot;)" computerName="pkrvmxyh4eaekms" duration="00:00:00.0004030" startTime="2025-06-24T21:13:41.2732546+00:00" endTime="2025-06-24T21:13:41.2736577+00:00" testType="13cdc9d9-ddb5-4fa4-a97d-d965ccfc6d4b" outcome="Passed" testListId="8c84fa94-04c1-424b-9868-57a2d4851a1d" relativeResultsDirectory="eb8008ce-e941-4aad-8907-166f28d68e85" />
    <UnitTestResult executionId="d5a5a662-c2c5-4c57-9be7-5f7afdf7b4ba" testId="67400dc0-2be8-6421-c6f9-06c2f3c9beb6" testName="TestBreakLines_AllLiteralsNoArgsWithCR" computerName="pkrvmxyh4eaekms" duration="00:00:00.0000890" startTime="2025-06-24T21:13:41.1380974+00:00" endTime="2025-06-24T21:13:41.1381867+00:00" testType="13cdc9d9-ddb5-4fa4-a97d-d965ccfc6d4b" outcome="Passed" testListId="8c84fa94-04c1-424b-9868-57a2d4851a1d" relativeResultsDirectory="d5a5a662-c2c5-4c57-9be7-5f7afdf7b4ba" />
    <UnitTestResult executionId="fbacbef9-9809-4f43-b1bc-4364486ef9d8" testId="9295c6d5-381d-235c-2ad2-b93bd04edb90" testName="EqualToFrameworkType(System.Int32)" computerName="pkrvmxyh4eaekms" duration="00:00:00.0003650" startTime="2025-06-24T21:13:31.8989754+00:00" endTime="2025-06-24T21:13:31.8993398+00:00" testType="13cdc9d9-ddb5-4fa4-a97d-d965ccfc6d4b" outcome="Passed" testListId="8c84fa94-04c1-424b-9868-57a2d4851a1d" relativeResultsDirectory="fbacbef9-9809-4f43-b1bc-4364486ef9d8" />
    <UnitTestResult executionId="f644c548-26d2-4870-a4a4-f3ce47538104" testId="0a450331-8760-b921-9350-6f9b8db96189" testName="CanChangeModelToAbstract" computerName="pkrvmxyh4eaekms" duration="00:00:00.2378490" startTime="2025-06-24T21:13:36.9353952+00:00" endTime="2025-06-24T21:13:37.1732439+00:00" testType="13cdc9d9-ddb5-4fa4-a97d-d965ccfc6d4b" outcome="Passed" testListId="8c84fa94-04c1-424b-9868-57a2d4851a1d" relativeResultsDirectory="f644c548-26d2-4870-a4a4-f3ce47538104" />
    <UnitTestResult executionId="927ad376-0dfe-4032-96c3-02dbdfc2cad6" testId="e3808a39-6626-04fc-4a46-f479127fa804" testName="HashCodesAreEqual(System.Collections.Generic.IList`1[T])" computerName="pkrvmxyh4eaekms" duration="00:00:00.0004310" startTime="2025-06-24T21:13:31.9573737+00:00" endTime="2025-06-24T21:13:31.9578050+00:00" testType="13cdc9d9-ddb5-4fa4-a97d-d965ccfc6d4b" outcome="Passed" testListId="8c84fa94-04c1-424b-9868-57a2d4851a1d" relativeResultsDirectory="927ad376-0dfe-4032-96c3-02dbdfc2cad6" />
    <UnitTestResult executionId="6107fccd-3b5c-4dd4-9d21-86760d8c6b52" testId="0fe591bd-5294-b0b8-b514-391806a3b142" testName="TypesAreNotEqual(System.Collections.Generic.IList`1[System.Int32],System.Collections.Generic.IList`1[System.String])" computerName="pkrvmxyh4eaekms" duration="00:00:00.0004620" startTime="2025-06-24T21:13:32.0137919+00:00" endTime="2025-06-24T21:13:32.0142538+00:00" testType="13cdc9d9-ddb5-4fa4-a97d-d965ccfc6d4b" outcome="Passed" testListId="8c84fa94-04c1-424b-9868-57a2d4851a1d" relativeResultsDirectory="6107fccd-3b5c-4dd4-9d21-86760d8c6b52" />
    <UnitTestResult executionId="c64f9a4d-8ecf-4151-9d86-cefb240268dc" testId="346c6662-0edd-cc36-ad4f-90e5d7ae9dff" testName="TypesAreNotEqualWhenNullabilityIsDifferent(System.Int32)" computerName="pkrvmxyh4eaekms" duration="00:00:00.0006089" startTime="2025-06-24T21:13:32.0189145+00:00" endTime="2025-06-24T21:13:32.0195238+00:00" testType="13cdc9d9-ddb5-4fa4-a97d-d965ccfc6d4b" outcome="Passed" testListId="8c84fa94-04c1-424b-9868-57a2d4851a1d" relativeResultsDirectory="c64f9a4d-8ecf-4151-9d86-cefb240268dc" />
    <UnitTestResult executionId="f4001ab7-86fb-4483-88ec-e87cf781c44c" testId="e38d521a-d8ef-d897-1466-b34349cd481c" testName="KeyValuePairExpression(System.Collections.Generic.IList`1[System.Int32],System.Collections.Generic.ICollection`1[System.Int32])" computerName="pkrvmxyh4eaekms" duration="00:00:00.0005410" startTime="2025-06-24T21:13:30.6579967+00:00" endTime="2025-06-24T21:13:30.6585377+00:00" testType="13cdc9d9-ddb5-4fa4-a97d-d965ccfc6d4b" outcome="Passed" testListId="8c84fa94-04c1-424b-9868-57a2d4851a1d" relativeResultsDirectory="f4001ab7-86fb-4483-88ec-e87cf781c44c" />
    <UnitTestResult executionId="c7864f5d-b2f7-4f49-806f-1b55bd1aa88b" testId="8f101769-b224-d5b5-9226-fb891fbfd579" testName="BuildXmlDocsAddsCorrectExceptions" computerName="pkrvmxyh4eaekms" duration="00:00:00.0017600" startTime="2025-06-24T21:13:41.1402396+00:00" endTime="2025-06-24T21:13:41.1420001+00:00" testType="13cdc9d9-ddb5-4fa4-a97d-d965ccfc6d4b" outcome="Passed" testListId="8c84fa94-04c1-424b-9868-57a2d4851a1d" relativeResultsDirectory="c7864f5d-b2f7-4f49-806f-1b55bd1aa88b" />
    <UnitTestResult executionId="807c0663-e6a0-44b6-8198-1914959c9fdb" testId="81082d72-a555-e204-63e6-057001f26d29" testName="CSharpTypeOperatorTestNotEqual(bool,string)" computerName="pkrvmxyh4eaekms" duration="00:00:00.0000780" startTime="2025-06-24T21:13:30.7171249+00:00" endTime="2025-06-24T21:13:30.7172027+00:00" testType="13cdc9d9-ddb5-4fa4-a97d-d965ccfc6d4b" outcome="Passed" testListId="8c84fa94-04c1-424b-9868-57a2d4851a1d" relativeResultsDirectory="807c0663-e6a0-44b6-8198-1914959c9fdb" />
    <UnitTestResult executionId="f4371e53-671a-484d-8006-2bf5373ebebb" testId="357f1d80-bf4c-c33a-7f7f-9813a78197d6" testName="TestUpdateInvokeInstanceMethodExpression" computerName="pkrvmxyh4eaekms" duration="00:00:00.0032400" startTime="2025-06-24T21:13:30.5623975+00:00" endTime="2025-06-24T21:13:30.5656379+00:00" testType="13cdc9d9-ddb5-4fa4-a97d-d965ccfc6d4b" outcome="Passed" testListId="8c84fa94-04c1-424b-9868-57a2d4851a1d" relativeResultsDirectory="f4371e53-671a-484d-8006-2bf5373ebebb" />
    <UnitTestResult executionId="96eec968-5b03-4b58-a387-f64dc0f54f9e" testId="c716316b-4173-8c15-b7a2-0d312c5ddde0" testName="ValidatePropertyTypes(System.ValueTuple`3[System.Collections.Generic.List`1[Microsoft.TypeSpec.Generator.Tests.PropertyType],System.String,System.Int32])" computerName="pkrvmxyh4eaekms" duration="00:00:00.0226379" startTime="2025-06-24T21:13:40.3103627+00:00" endTime="2025-06-24T21:13:40.3330003+00:00" testType="13cdc9d9-ddb5-4fa4-a97d-d965ccfc6d4b" outcome="Passed" testListId="8c84fa94-04c1-424b-9868-57a2d4851a1d" relativeResultsDirectory="96eec968-5b03-4b58-a387-f64dc0f54f9e" />
    <UnitTestResult executionId="7b314d6e-ae50-4938-8e5e-e1ed445db258" testId="9b3cfa10-15f6-641d-d610-9fb90dcc2420" testName="TypesWithDifferentDeclaringTypesAreNotEqual" computerName="pkrvmxyh4eaekms" duration="00:00:00.0004120" startTime="2025-06-24T21:13:32.0266619+00:00" endTime="2025-06-24T21:13:32.0270743+00:00" testType="13cdc9d9-ddb5-4fa4-a97d-d965ccfc6d4b" outcome="Passed" testListId="8c84fa94-04c1-424b-9868-57a2d4851a1d" relativeResultsDirectory="7b314d6e-ae50-4938-8e5e-e1ed445db258" />
    <UnitTestResult executionId="1f5a2edd-1d2d-4a2f-bd6e-05c56e37f2c2" testId="002367fe-4f76-ffa5-1fac-d1fee281a0ba" testName="BuildBaseType" computerName="pkrvmxyh4eaekms" duration="00:00:00.0011970" startTime="2025-06-24T21:13:39.6480076+00:00" endTime="2025-06-24T21:13:39.6492040+00:00" testType="13cdc9d9-ddb5-4fa4-a97d-d965ccfc6d4b" outcome="Passed" testListId="8c84fa94-04c1-424b-9868-57a2d4851a1d" relativeResultsDirectory="1f5a2edd-1d2d-4a2f-bd6e-05c56e37f2c2" />
    <UnitTestResult executionId="567654bb-5d39-4d1f-a914-c4d942dc570d" testId="d214d9bf-c979-4d01-7b7e-9ec0a3b519be" testName="CorrectValidationIsAppliedToParameter(Url,True,AssertNotNull)" computerName="pkrvmxyh4eaekms" duration="00:00:00.0006790" startTime="2025-06-24T21:13:40.4416062+00:00" endTime="2025-06-24T21:13:40.4422852+00:00" testType="13cdc9d9-ddb5-4fa4-a97d-d965ccfc6d4b" outcome="Passed" testListId="8c84fa94-04c1-424b-9868-57a2d4851a1d" relativeResultsDirectory="567654bb-5d39-4d1f-a914-c4d942dc570d" />
    <UnitTestResult executionId="e151dc1e-907c-4504-85d2-38a4bedcc588" testId="1fdb4f22-5a36-01a8-1855-f965a4a85cda" testName="ListExpression(System.Collections.Generic.IList`1[T])" computerName="pkrvmxyh4eaekms" duration="00:00:00.0003280" startTime="2025-06-24T21:13:30.6740928+00:00" endTime="2025-06-24T21:13:30.6744205+00:00" testType="13cdc9d9-ddb5-4fa4-a97d-d965ccfc6d4b" outcome="Passed" testListId="8c84fa94-04c1-424b-9868-57a2d4851a1d" relativeResultsDirectory="e151dc1e-907c-4504-85d2-38a4bedcc588" />
    <UnitTestResult executionId="0426cace-4da4-4d2f-b8f6-d9f7a875abd3" testId="d5e75387-5861-e45f-bd5e-55e1328985a3" testName="Obj_NotNull_ReturnsTrue" computerName="pkrvmxyh4eaekms" duration="00:00:00.0001620" startTime="2025-06-24T21:13:40.4324577+00:00" endTime="2025-06-24T21:13:40.4326193+00:00" testType="13cdc9d9-ddb5-4fa4-a97d-d965ccfc6d4b" outcome="Passed" testListId="8c84fa94-04c1-424b-9868-57a2d4851a1d" relativeResultsDirectory="0426cace-4da4-4d2f-b8f6-d9f7a875abd3" />
    <UnitTestResult executionId="3ff61719-63e8-419e-894a-306e1d1146f7" testId="be1834c1-3cb8-0877-f11f-759d3416c3b6" testName="TestIsCSharpKeyword(&quot;is&quot;,True)" computerName="pkrvmxyh4eaekms" duration="00:00:00.0004410" startTime="2025-06-24T21:13:41.2351429+00:00" endTime="2025-06-24T21:13:41.2355834+00:00" testType="13cdc9d9-ddb5-4fa4-a97d-d965ccfc6d4b" outcome="Passed" testListId="8c84fa94-04c1-424b-9868-57a2d4851a1d" relativeResultsDirectory="3ff61719-63e8-419e-894a-306e1d1146f7" />
    <UnitTestResult executionId="6b5597c7-0e6a-4a5c-975e-632dd04340e3" testId="1d88f3ee-2148-4435-1f51-6e187f3a8f8a" testName="TestIsCSharpKeyword(&quot;equals&quot;,True)" computerName="pkrvmxyh4eaekms" duration="00:00:00.0004390" startTime="2025-06-24T21:13:41.2262359+00:00" endTime="2025-06-24T21:13:41.2266745+00:00" testType="13cdc9d9-ddb5-4fa4-a97d-d965ccfc6d4b" outcome="Passed" testListId="8c84fa94-04c1-424b-9868-57a2d4851a1d" relativeResultsDirectory="6b5597c7-0e6a-4a5c-975e-632dd04340e3" />
    <UnitTestResult executionId="0c84ffed-9404-414a-9168-0de6d125be5b" testId="a0ec3c59-43eb-f219-9588-0746bc9109a3" testName="IsCollectionType(System.Collections.Generic.IDictionary`2[System.String,System.String],True)" computerName="pkrvmxyh4eaekms" duration="00:00:00.0002370" startTime="2025-06-24T21:13:31.9738547+00:00" endTime="2025-06-24T21:13:31.9740918+00:00" testType="13cdc9d9-ddb5-4fa4-a97d-d965ccfc6d4b" outcome="Passed" testListId="8c84fa94-04c1-424b-9868-57a2d4851a1d" relativeResultsDirectory="0c84ffed-9404-414a-9168-0de6d125be5b" />
    <UnitTestResult executionId="9cdb1062-6c69-4e3e-9b2a-6eb5c20520b5" testId="9603258b-9293-f1c7-573c-f9bb95b92fab" testName="TestCSharpGen_ValidGenerator" computerName="pkrvmxyh4eaekms" duration="00:00:02.9198520" startTime="2025-06-24T21:13:27.4548764+00:00" endTime="2025-06-24T21:13:30.3747285+00:00" testType="13cdc9d9-ddb5-4fa4-a97d-d965ccfc6d4b" outcome="Passed" testListId="8c84fa94-04c1-424b-9868-57a2d4851a1d" relativeResultsDirectory="9cdb1062-6c69-4e3e-9b2a-6eb5c20520b5" />
    <UnitTestResult executionId="3f3590c0-fea1-4eee-90de-9278f19f871a" testId="c61c9d73-dda0-6953-3043-f3e6255aa186" testName="BodyHasSetterValidation(&quot;readOnlyDictionaryOnInputOutputModel&quot;,Microsoft.TypeSpec.Generator.Input.InputModelType,False,null)" computerName="pkrvmxyh4eaekms" duration="00:00:00.0006759" startTime="2025-06-24T21:13:40.4708794+00:00" endTime="2025-06-24T21:13:40.4715552+00:00" testType="13cdc9d9-ddb5-4fa4-a97d-d965ccfc6d4b" outcome="Passed" testListId="8c84fa94-04c1-424b-9868-57a2d4851a1d" relativeResultsDirectory="3f3590c0-fea1-4eee-90de-9278f19f871a" />
    <UnitTestResult executionId="1a067bd2-52e4-4c15-af1c-37af0e108fb8" testId="a2424176-655c-fb0b-22a0-4128920a29db" testName="TestParseConfig_OutputFolder(&quot;{\n                    \&quot;output-folder\&quot;: \&quot;outputFolder\&quot;,\n                    \&quot;package-name\&quot;: \&quot;libraryName\&quot;\n                }&quot;,False)" computerName="pkrvmxyh4eaekms" duration="00:00:00.0009630" startTime="2025-06-24T21:13:27.4472836+00:00" endTime="2025-06-24T21:13:27.4482463+00:00" testType="13cdc9d9-ddb5-4fa4-a97d-d965ccfc6d4b" outcome="Passed" testListId="8c84fa94-04c1-424b-9868-57a2d4851a1d" relativeResultsDirectory="1a067bd2-52e4-4c15-af1c-37af0e108fb8" />
    <UnitTestResult executionId="62ffd295-904d-401c-92ed-8dc330de02f2" testId="baa2ee8d-7419-884e-fbda-a4096ed36542" testName="ValidateNullableTypes(System.Int32,[],False)" computerName="pkrvmxyh4eaekms" duration="00:00:00.0002890" startTime="2025-06-24T21:13:32.0273916+00:00" endTime="2025-06-24T21:13:32.0276803+00:00" testType="13cdc9d9-ddb5-4fa4-a97d-d965ccfc6d4b" outcome="Passed" testListId="8c84fa94-04c1-424b-9868-57a2d4851a1d" relativeResultsDirectory="62ffd295-904d-401c-92ed-8dc330de02f2" />
    <UnitTestResult executionId="f43741e6-8c75-41ce-bb2e-bdee4fc1809d" testId="bbdc8830-7862-5302-411c-040e318e8f70" testName="CanEnumerateItems" computerName="pkrvmxyh4eaekms" duration="00:00:00.0011379" startTime="2025-06-24T21:13:32.1820806+00:00" endTime="2025-06-24T21:13:32.1832183+00:00" testType="13cdc9d9-ddb5-4fa4-a97d-d965ccfc6d4b" outcome="Passed" testListId="8c84fa94-04c1-424b-9868-57a2d4851a1d" relativeResultsDirectory="f43741e6-8c75-41ce-bb2e-bdee4fc1809d" />
    <UnitTestResult executionId="4aac0717-5c46-46e3-80f7-097f20e6f88d" testId="4eca8843-35a3-b741-8711-c5436301e264" testName="FullyQualifiedNamePopulatedForTypeProviders" computerName="pkrvmxyh4eaekms" duration="00:00:00.0002420" startTime="2025-06-24T21:13:31.9052565+00:00" endTime="2025-06-24T21:13:31.9054980+00:00" testType="13cdc9d9-ddb5-4fa4-a97d-d965ccfc6d4b" outcome="Passed" testListId="8c84fa94-04c1-424b-9868-57a2d4851a1d" relativeResultsDirectory="4aac0717-5c46-46e3-80f7-097f20e6f88d" />
    <UnitTestResult executionId="2c0c63f7-066f-4202-bfa2-ee708b46d3da" testId="8c7f23de-4825-a330-b941-09191ec939d3" testName="NotEqualToFrameworkType(System.Collections.Generic.IList`1[T],System.Collections.Generic.IList`1[System.Int32])" computerName="pkrvmxyh4eaekms" duration="00:00:00.0005560" startTime="2025-06-24T21:13:31.9910759+00:00" endTime="2025-06-24T21:13:31.9916320+00:00" testType="13cdc9d9-ddb5-4fa4-a97d-d965ccfc6d4b" outcome="Passed" testListId="8c84fa94-04c1-424b-9868-57a2d4851a1d" relativeResultsDirectory="2c0c63f7-066f-4202-bfa2-ee708b46d3da" />
    <UnitTestResult executionId="df4f7f6c-c8c4-4d76-92d0-50b8078fbd26" testId="8a73d751-7991-d109-adb1-43f8de641f5f" testName="TestParseVersionString(&quot;invalid&quot;,null,null,True)" computerName="pkrvmxyh4eaekms" duration="00:00:00.0015980" startTime="2025-06-24T21:13:41.2118129+00:00" endTime="2025-06-24T21:13:41.2134104+00:00" testType="13cdc9d9-ddb5-4fa4-a97d-d965ccfc6d4b" outcome="Passed" testListId="8c84fa94-04c1-424b-9868-57a2d4851a1d" relativeResultsDirectory="df4f7f6c-c8c4-4d76-92d0-50b8078fbd26" />
    <UnitTestResult executionId="3acce359-c304-4fc0-b435-77eddd836e78" testId="3416710f-7f2b-30de-6fba-ccb66a1f8d4a" testName="BuildPropertyDescription(Microsoft.TypeSpec.Generator.Input.InputModelProperty,global::System.BinaryData)" computerName="pkrvmxyh4eaekms" duration="00:00:00.0003379" startTime="2025-06-24T21:13:40.4541580+00:00" endTime="2025-06-24T21:13:40.4544955+00:00" testType="13cdc9d9-ddb5-4fa4-a97d-d965ccfc6d4b" outcome="Passed" testListId="8c84fa94-04c1-424b-9868-57a2d4851a1d" relativeResultsDirectory="3acce359-c304-4fc0-b435-77eddd836e78" />
    <UnitTestResult executionId="61bbe698-4dbf-4451-ba79-5d48a921268f" testId="6aa0ad0c-ce2a-1ae2-99d8-fcadab3a7add" testName="TestToApiVersionValue(&quot;V1_0_0&quot;,&quot;1-0-0&quot;)" computerName="pkrvmxyh4eaekms" duration="00:00:00.0002000" startTime="2025-06-24T21:13:41.2739581+00:00" endTime="2025-06-24T21:13:41.2741585+00:00" testType="13cdc9d9-ddb5-4fa4-a97d-d965ccfc6d4b" outcome="Passed" testListId="8c84fa94-04c1-424b-9868-57a2d4851a1d" relativeResultsDirectory="61bbe698-4dbf-4451-ba79-5d48a921268f" />
    <UnitTestResult executionId="817ce029-ebfc-4598-828a-7164b30a307e" testId="0e103695-05d1-7061-85b7-e9b693599e18" testName="ValidatePropertyTypes(System.Collections.Generic.IDictionary`2[System.String,Microsoft.TypeSpec.Generator.Tests.Providers.NamedTypeSymbolProviders.NamedTypeSymbolProviderTests+SomeEnum])" computerName="pkrvmxyh4eaekms" duration="00:00:00.0149110" startTime="2025-06-24T21:13:40.2953827+00:00" endTime="2025-06-24T21:13:40.3102933+00:00" testType="13cdc9d9-ddb5-4fa4-a97d-d965ccfc6d4b" outcome="Passed" testListId="8c84fa94-04c1-424b-9868-57a2d4851a1d" relativeResultsDirectory="817ce029-ebfc-4598-828a-7164b30a307e" />
    <UnitTestResult executionId="17cee6c9-3f31-421a-801f-de9f617fe864" testId="95ec9315-2124-92d2-df37-cd2df12d7f21" testName="TestIsCSharpKeyword(&quot;ushort&quot;,True)" computerName="pkrvmxyh4eaekms" duration="00:00:00.0004110" startTime="2025-06-24T21:13:41.2645023+00:00" endTime="2025-06-24T21:13:41.2649127+00:00" testType="13cdc9d9-ddb5-4fa4-a97d-d965ccfc6d4b" outcome="Passed" testListId="8c84fa94-04c1-424b-9868-57a2d4851a1d" relativeResultsDirectory="17cee6c9-3f31-421a-801f-de9f617fe864" />
    <UnitTestResult executionId="4b6eb0eb-e633-4279-a2a0-16a93d8856f7" testId="8b1b2bbb-0a07-9f48-24fa-4014225300ee" testName="CollectionProperty(string,Microsoft.TypeSpec.Generator.Input.InputModelProperty,string)" computerName="pkrvmxyh4eaekms" duration="00:00:00.0006950" startTime="2025-06-24T21:13:40.4829453+00:00" endTime="2025-06-24T21:13:40.4836399+00:00" testType="13cdc9d9-ddb5-4fa4-a97d-d965ccfc6d4b" outcome="Passed" testListId="8c84fa94-04c1-424b-9868-57a2d4851a1d" relativeResultsDirectory="4b6eb0eb-e633-4279-a2a0-16a93d8856f7" />
    <UnitTestResult executionId="44b5ab66-a060-4866-91a3-22bb5763e489" testId="e17d0d65-c0f5-823b-3b4b-8a272abd951c" testName="CanCustomizePropertyIntoReadOnlyMemory" computerName="pkrvmxyh4eaekms" duration="00:00:00.0814540" startTime="2025-06-24T21:13:37.9410483+00:00" endTime="2025-06-24T21:13:38.0225015+00:00" testType="13cdc9d9-ddb5-4fa4-a97d-d965ccfc6d4b" outcome="Passed" testListId="8c84fa94-04c1-424b-9868-57a2d4851a1d" relativeResultsDirectory="44b5ab66-a060-4866-91a3-22bb5763e489" />
    <UnitTestResult executionId="bc7bb7dc-4f65-4dbe-9578-161bed4ab98f" testId="75a80a46-3e28-4e58-89f5-a07382154d8f" testName="IntSerializationFormat(Integer,&quot;string&quot;)" computerName="pkrvmxyh4eaekms" duration="00:00:00.0008210" startTime="2025-06-24T21:13:41.1253571+00:00" endTime="2025-06-24T21:13:41.1261783+00:00" testType="13cdc9d9-ddb5-4fa4-a97d-d965ccfc6d4b" outcome="Passed" testListId="8c84fa94-04c1-424b-9868-57a2d4851a1d" relativeResultsDirectory="bc7bb7dc-4f65-4dbe-9578-161bed4ab98f" />
    <UnitTestResult executionId="367206e8-a74e-4db9-875c-5b22dd60fcc9" testId="7d88b10d-ba74-c0cc-940c-36cf86d367fe" testName="IsReadOnlyDictionary(System.ReadOnlyMemory`1[T],False)" computerName="pkrvmxyh4eaekms" duration="00:00:00.0001480" startTime="2025-06-24T21:13:31.9804179+00:00" endTime="2025-06-24T21:13:31.9805663+00:00" testType="13cdc9d9-ddb5-4fa4-a97d-d965ccfc6d4b" outcome="Passed" testListId="8c84fa94-04c1-424b-9868-57a2d4851a1d" relativeResultsDirectory="367206e8-a74e-4db9-875c-5b22dd60fcc9" />
    <UnitTestResult executionId="545da71e-9732-4dfe-86ba-b8e46e0173e8" testId="07f683e9-fcfc-a97b-4836-6544efd7827d" testName="ValidatePropertyTypes(System.Collections.Generic.IDictionary`2[System.Int32,System.Int32])" computerName="pkrvmxyh4eaekms" duration="00:00:00.0116290" startTime="2025-06-24T21:13:40.2452771+00:00" endTime="2025-06-24T21:13:40.2569051+00:00" testType="13cdc9d9-ddb5-4fa4-a97d-d965ccfc6d4b" outcome="Passed" testListId="8c84fa94-04c1-424b-9868-57a2d4851a1d" relativeResultsDirectory="545da71e-9732-4dfe-86ba-b8e46e0173e8" />
    <UnitTestResult executionId="8e024ec8-1a0a-461d-a8a5-58e3e77e0667" testId="6ac53b5c-7cd2-8f9d-1e23-a01593f44a06" testName="ValidateGetFormattableStringFormatParts(&quot;something&quot;,[Part { Value = something, IsLiteral = True, ArgumentIndex = -1 }])" computerName="pkrvmxyh4eaekms" duration="00:00:00.0002590" startTime="2025-06-24T21:13:41.2804817+00:00" endTime="2025-06-24T21:13:41.2807402+00:00" testType="13cdc9d9-ddb5-4fa4-a97d-d965ccfc6d4b" outcome="Passed" testListId="8c84fa94-04c1-424b-9868-57a2d4851a1d" relativeResultsDirectory="8e024ec8-1a0a-461d-a8a5-58e3e77e0667" />
    <UnitTestResult executionId="ff8d7fc8-d316-4843-b25e-a0f113d7a83e" testId="e16c19c6-63a6-b892-b6c4-e3e509cc27d9" testName="EnumerableExpressionWithAnyMethodCall" computerName="pkrvmxyh4eaekms" duration="00:00:00.0010100" startTime="2025-06-24T21:13:30.6449705+00:00" endTime="2025-06-24T21:13:30.6459808+00:00" testType="13cdc9d9-ddb5-4fa4-a97d-d965ccfc6d4b" outcome="Passed" testListId="8c84fa94-04c1-424b-9868-57a2d4851a1d" relativeResultsDirectory="ff8d7fc8-d316-4843-b25e-a0f113d7a83e" />
    <UnitTestResult executionId="26b90eff-97c3-4393-93c0-0d929a5eeebe" testId="938a6a0f-925c-2381-ee5e-bf7971b9771b" testName="AttributeStatementWithMultipleArguments" computerName="pkrvmxyh4eaekms" duration="00:00:00.0003900" startTime="2025-06-24T21:13:41.0346295+00:00" endTime="2025-06-24T21:13:41.0350191+00:00" testType="13cdc9d9-ddb5-4fa4-a97d-d965ccfc6d4b" outcome="Passed" testListId="8c84fa94-04c1-424b-9868-57a2d4851a1d" relativeResultsDirectory="26b90eff-97c3-4393-93c0-0d929a5eeebe" />
    <UnitTestResult executionId="4608f478-90f3-435b-beaf-23c55a4b14a1" testId="000ee0da-ca82-cbe1-fd94-939f4b297425" testName="CollectionProperty(global::System.Collections.Generic.IList&lt;string&gt;,Microsoft.TypeSpec.Generator.Input.InputModelProperty,global::System.Collections.Generic.IList&lt;string&gt;)" computerName="pkrvmxyh4eaekms" duration="00:00:00.0009430" startTime="2025-06-24T21:13:40.4801080+00:00" endTime="2025-06-24T21:13:40.4810511+00:00" testType="13cdc9d9-ddb5-4fa4-a97d-d965ccfc6d4b" outcome="Passed" testListId="8c84fa94-04c1-424b-9868-57a2d4851a1d" relativeResultsDirectory="4608f478-90f3-435b-beaf-23c55a4b14a1" />
    <UnitTestResult executionId="9141d2b0-3fc9-4a3e-a59b-393fcb975f8c" testId="a9a0a623-de99-ffd6-5c43-ed9a99915615" testName="NotNullOrEmptyStringThrowsOnEmpty" computerName="pkrvmxyh4eaekms" duration="00:00:00.0006630" startTime="2025-06-24T21:13:32.0458052+00:00" endTime="2025-06-24T21:13:32.0464679+00:00" testType="13cdc9d9-ddb5-4fa4-a97d-d965ccfc6d4b" outcome="Passed" testListId="8c84fa94-04c1-424b-9868-57a2d4851a1d" relativeResultsDirectory="9141d2b0-3fc9-4a3e-a59b-393fcb975f8c" />
    <UnitTestResult executionId="3e45c683-e233-423e-a848-3eddd26822a5" testId="f978fc6b-dcf1-e1b9-355c-6fcb1045a872" testName="ValidateModifiers" computerName="pkrvmxyh4eaekms" duration="00:00:00.0021400" startTime="2025-06-24T21:13:32.1568893+00:00" endTime="2025-06-24T21:13:32.1590289+00:00" testType="13cdc9d9-ddb5-4fa4-a97d-d965ccfc6d4b" outcome="Passed" testListId="8c84fa94-04c1-424b-9868-57a2d4851a1d" relativeResultsDirectory="3e45c683-e233-423e-a848-3eddd26822a5" />
    <UnitTestResult executionId="83d6caab-6c11-4ed2-a887-5cbd042f6686" testId="bf371bb9-d33a-35c0-72da-089829f58fdc" testName="ModelWithNestedDiscriminators" computerName="pkrvmxyh4eaekms" duration="00:00:00.0044680" startTime="2025-06-24T21:13:35.9178769+00:00" endTime="2025-06-24T21:13:35.9223448+00:00" testType="13cdc9d9-ddb5-4fa4-a97d-d965ccfc6d4b" outcome="Passed" testListId="8c84fa94-04c1-424b-9868-57a2d4851a1d" relativeResultsDirectory="83d6caab-6c11-4ed2-a887-5cbd042f6686" />
    <UnitTestResult executionId="3454ab0b-9f94-4f5b-b309-5ef35ff81b51" testId="ee183c42-8169-b412-bfe9-e9d7ac90c9a4" testName="ValidatePropertyTypes(System.Nullable`1[System.ReadOnlyMemory`1[System.Byte]])" computerName="pkrvmxyh4eaekms" duration="00:00:00.0136280" startTime="2025-06-24T21:13:40.1458708+00:00" endTime="2025-06-24T21:13:40.1594983+00:00" testType="13cdc9d9-ddb5-4fa4-a97d-d965ccfc6d4b" outcome="Passed" testListId="8c84fa94-04c1-424b-9868-57a2d4851a1d" relativeResultsDirectory="3454ab0b-9f94-4f5b-b309-5ef35ff81b51" />
    <UnitTestResult executionId="3e254b78-7af3-48bd-bed9-79278a9f4d1e" testId="71d86dd6-367d-5902-c936-70dc223913e1" testName="DiscriminatedModelWithUnknownValueThrows" computerName="pkrvmxyh4eaekms" duration="00:00:00.0010230" startTime="2025-06-24T21:13:35.7176003+00:00" endTime="2025-06-24T21:13:35.7186227+00:00" testType="13cdc9d9-ddb5-4fa4-a97d-d965ccfc6d4b" outcome="Passed" testListId="8c84fa94-04c1-424b-9868-57a2d4851a1d" relativeResultsDirectory="3e254b78-7af3-48bd-bed9-79278a9f4d1e" />
    <UnitTestResult executionId="8c0ce758-c15f-4bc5-b955-3bf84423eca7" testId="44b1d068-c95b-4b39-daad-8af25da5f591" testName="EqualToFrameworkType(System.Collections.Generic.IDictionary`2[System.Collections.Generic.IDictionary`2[System.Int32,System.String],System.Collections.Generic.IDictionary`2[System.String,System.Int32]])" computerName="pkrvmxyh4eaekms" duration="00:00:00.0002060" startTime="2025-06-24T21:13:31.9010699+00:00" endTime="2025-06-24T21:13:31.9012761+00:00" testType="13cdc9d9-ddb5-4fa4-a97d-d965ccfc6d4b" outcome="Passed" testListId="8c84fa94-04c1-424b-9868-57a2d4851a1d" relativeResultsDirectory="8c0ce758-c15f-4bc5-b955-3bf84423eca7" />
    <UnitTestResult executionId="72e58bd9-ebf8-429a-b709-d11b326ea526" testId="403c4e51-5e40-a145-92da-61e89f4ace2f" testName="CanAddVisitors" computerName="pkrvmxyh4eaekms" duration="00:00:00.0005400" startTime="2025-06-24T21:13:31.5776460+00:00" endTime="2025-06-24T21:13:31.5781859+00:00" testType="13cdc9d9-ddb5-4fa4-a97d-d965ccfc6d4b" outcome="Passed" testListId="8c84fa94-04c1-424b-9868-57a2d4851a1d" relativeResultsDirectory="72e58bd9-ebf8-429a-b709-d11b326ea526" />
    <UnitTestResult executionId="346e7ca0-4c69-461f-b75f-9322ba7ff799" testId="bf083934-02bd-da8e-82a4-0acf0a077e53" testName="HashCodesAreNotEqual(System.Collections.Generic.IList`1[T],System.Int32)" computerName="pkrvmxyh4eaekms" duration="00:00:00.0005670" startTime="2025-06-24T21:13:31.9608845+00:00" endTime="2025-06-24T21:13:31.9614513+00:00" testType="13cdc9d9-ddb5-4fa4-a97d-d965ccfc6d4b" outcome="Passed" testListId="8c84fa94-04c1-424b-9868-57a2d4851a1d" relativeResultsDirectory="346e7ca0-4c69-461f-b75f-9322ba7ff799" />
    <UnitTestResult executionId="3a4ed15a-d7b7-4d5e-93b9-9b978d046282" testId="8b100791-a571-8d3b-d8ba-0fa5bc0bdb14" testName="ValidateGetFormattableStringFormatParts(&quot;This {0} has literal {{&quot;,[Part { Value = This , IsLiteral = True, ArgumentIndex = -1 }, Part { Value = 0, IsLiteral = False, ArgumentIndex = 0 }, Part { Value =  has literal {, IsLiteral = True, ArgumentIndex = -1 }])" computerName="pkrvmxyh4eaekms" duration="00:00:00.0000860" startTime="2025-06-24T21:13:41.2808819+00:00" endTime="2025-06-24T21:13:41.2809678+00:00" testType="13cdc9d9-ddb5-4fa4-a97d-d965ccfc6d4b" outcome="Passed" testListId="8c84fa94-04c1-424b-9868-57a2d4851a1d" relativeResultsDirectory="3a4ed15a-d7b7-4d5e-93b9-9b978d046282" />
    <UnitTestResult executionId="73249761-1099-4299-8b08-408378ba4820" testId="e3aa2b3a-2115-a524-d4fb-137c0c750156" testName="NonFrameworkTypeEqualsEquivalentFrameworkType(System.String[])" computerName="pkrvmxyh4eaekms" duration="00:00:00.0001700" startTime="2025-06-24T21:13:31.9872280+00:00" endTime="2025-06-24T21:13:31.9873981+00:00" testType="13cdc9d9-ddb5-4fa4-a97d-d965ccfc6d4b" outcome="Passed" testListId="8c84fa94-04c1-424b-9868-57a2d4851a1d" relativeResultsDirectory="73249761-1099-4299-8b08-408378ba4820" />
    <UnitTestResult executionId="793e46e7-5d02-47d4-a8f7-ba7d577555c7" testId="98e6239d-900e-ef9b-d147-c65df38299e5" testName="TestIsCSharpKeyword(&quot;add&quot;,True)" computerName="pkrvmxyh4eaekms" duration="00:00:00.0008900" startTime="2025-06-24T21:13:41.2143517+00:00" endTime="2025-06-24T21:13:41.2152417+00:00" testType="13cdc9d9-ddb5-4fa4-a97d-d965ccfc6d4b" outcome="Passed" testListId="8c84fa94-04c1-424b-9868-57a2d4851a1d" relativeResultsDirectory="793e46e7-5d02-47d4-a8f7-ba7d577555c7" />
    <UnitTestResult executionId="cb7e056d-bf7b-4bbe-b7f5-89b27a5e0283" testId="f4f2bfbe-d51e-17bb-1c22-7669c0e25469" testName="CanChangeIfStatement" computerName="pkrvmxyh4eaekms" duration="00:00:00.0011500" startTime="2025-06-24T21:13:41.0848529+00:00" endTime="2025-06-24T21:13:41.0860025+00:00" testType="13cdc9d9-ddb5-4fa4-a97d-d965ccfc6d4b" outcome="Passed" testListId="8c84fa94-04c1-424b-9868-57a2d4851a1d" relativeResultsDirectory="cb7e056d-bf7b-4bbe-b7f5-89b27a5e0283" />
    <UnitTestResult executionId="70ac0926-a95d-4c55-ba6c-c1c64962cabf" testId="53f5e0ed-a10d-c8d7-09b2-0ab0c77c3c1e" testName="UnreferencedTypeHandling(&quot;keepAll&quot;)" computerName="pkrvmxyh4eaekms" duration="00:00:00.0008270" startTime="2025-06-24T21:13:27.4517973+00:00" endTime="2025-06-24T21:13:27.4526239+00:00" testType="13cdc9d9-ddb5-4fa4-a97d-d965ccfc6d4b" outcome="Passed" testListId="8c84fa94-04c1-424b-9868-57a2d4851a1d" relativeResultsDirectory="70ac0926-a95d-4c55-ba6c-c1c64962cabf" />
    <UnitTestResult executionId="a4e75b2d-91bd-4625-8313-680ffef4da8c" testId="fc6d4e05-e972-9b67-7fd5-ed8afffa3d04" testName="IsDictionary(System.Collections.Generic.IReadOnlyDictionary`2[TKey,TValue],True)" computerName="pkrvmxyh4eaekms" duration="00:00:00.0001399" startTime="2025-06-24T21:13:31.9769277+00:00" endTime="2025-06-24T21:13:31.9770671+00:00" testType="13cdc9d9-ddb5-4fa4-a97d-d965ccfc6d4b" outcome="Passed" testListId="8c84fa94-04c1-424b-9868-57a2d4851a1d" relativeResultsDirectory="a4e75b2d-91bd-4625-8313-680ffef4da8c" />
    <UnitTestResult executionId="2e1939f1-1ca7-4810-a489-70ecf6c8314e" testId="fafa9852-426b-6b05-2684-4864e7941f0d" testName="TypesAreNotEqual(System.Collections.Generic.IList`1[System.Int32],System.Collections.Generic.ICollection`1[System.Int32])" computerName="pkrvmxyh4eaekms" duration="00:00:00.0005820" startTime="2025-06-24T21:13:32.0142716+00:00" endTime="2025-06-24T21:13:32.0148540+00:00" testType="13cdc9d9-ddb5-4fa4-a97d-d965ccfc6d4b" outcome="Passed" testListId="8c84fa94-04c1-424b-9868-57a2d4851a1d" relativeResultsDirectory="2e1939f1-1ca7-4810-a489-70ecf6c8314e" />
    <UnitTestResult executionId="43e3de96-65c9-4a9d-9658-4686ec1d84b5" testId="4c473b77-5141-9692-a6bc-fdecd1328753" testName="CanCustomizeDiscriminator" computerName="pkrvmxyh4eaekms" duration="00:00:00.0880210" startTime="2025-06-24T21:13:35.6167623+00:00" endTime="2025-06-24T21:13:35.7047827+00:00" testType="13cdc9d9-ddb5-4fa4-a97d-d965ccfc6d4b" outcome="Passed" testListId="8c84fa94-04c1-424b-9868-57a2d4851a1d" relativeResultsDirectory="43e3de96-65c9-4a9d-9658-4686ec1d84b5" />
    <UnitTestResult executionId="a628b870-f6df-4d19-b1b2-a411f3ce933b" testId="2bf46f67-6735-8fe7-01a5-c799708dd839" testName="TestWriteArguments" computerName="pkrvmxyh4eaekms" duration="00:00:00.0005460" startTime="2025-06-24T21:13:41.3162830+00:00" endTime="2025-06-24T21:13:41.3168287+00:00" testType="13cdc9d9-ddb5-4fa4-a97d-d965ccfc6d4b" outcome="Passed" testListId="8c84fa94-04c1-424b-9868-57a2d4851a1d" relativeResultsDirectory="a628b870-f6df-4d19-b1b2-a411f3ce933b" />
    <UnitTestResult executionId="796f4b16-3ec4-435f-9ad0-e753e4da0617" testId="cd6e2b9e-9f67-f804-8b85-5013159a56e8" testName="TestBuildFields(True,False)" computerName="pkrvmxyh4eaekms" duration="00:00:00.0017930" startTime="2025-06-24T21:13:39.7202875+00:00" endTime="2025-06-24T21:13:39.7220804+00:00" testType="13cdc9d9-ddb5-4fa4-a97d-d965ccfc6d4b" outcome="Passed" testListId="8c84fa94-04c1-424b-9868-57a2d4851a1d" relativeResultsDirectory="796f4b16-3ec4-435f-9ad0-e753e4da0617" />
    <UnitTestResult executionId="fc60b5b4-cce2-459a-a098-5196ca4d0bf3" testId="550966a6-bbcc-4995-d41a-ce48c1a7afe5" testName="CanChangeAccessibilityOfModelFactory" computerName="pkrvmxyh4eaekms" duration="00:00:00.3605280" startTime="2025-06-24T21:13:32.5742305+00:00" endTime="2025-06-24T21:13:32.9347576+00:00" testType="13cdc9d9-ddb5-4fa4-a97d-d965ccfc6d4b" outcome="Passed" testListId="8c84fa94-04c1-424b-9868-57a2d4851a1d" relativeResultsDirectory="fc60b5b4-cce2-459a-a098-5196ca4d0bf3" />
    <UnitTestResult executionId="d33cfb2a-b8fb-49dd-93dc-1061d29e9a24" testId="9e872515-5269-fd11-ee3a-0400c7b6cc18" testName="TestIsCSharpKeyword(&quot;throw&quot;,True)" computerName="pkrvmxyh4eaekms" duration="00:00:00.0003450" startTime="2025-06-24T21:13:41.2611751+00:00" endTime="2025-06-24T21:13:41.2615205+00:00" testType="13cdc9d9-ddb5-4fa4-a97d-d965ccfc6d4b" outcome="Passed" testListId="8c84fa94-04c1-424b-9868-57a2d4851a1d" relativeResultsDirectory="d33cfb2a-b8fb-49dd-93dc-1061d29e9a24" />
    <UnitTestResult executionId="bf7019ba-959b-4df0-b876-cb6a7577a7f2" testId="1bb18234-8df6-ac7b-6641-714d9c785229" testName="ValidateParameters(System.Object,KeywordExpression { Keyword = default, Expression =  })" computerName="pkrvmxyh4eaekms" duration="00:00:00.0103680" startTime="2025-06-24T21:13:40.0134401+00:00" endTime="2025-06-24T21:13:40.0238076+00:00" testType="13cdc9d9-ddb5-4fa4-a97d-d965ccfc6d4b" outcome="Passed" testListId="8c84fa94-04c1-424b-9868-57a2d4851a1d" relativeResultsDirectory="bf7019ba-959b-4df0-b876-cb6a7577a7f2" />
    <UnitTestResult executionId="cef40ca9-4956-4ef2-b054-ddde91ab6268" testId="9c2c1bd9-2a2a-c166-0951-28f8ec3b71c2" testName="TestIsCSharpKeyword(&quot;remove&quot;,True)" computerName="pkrvmxyh4eaekms" duration="00:00:00.0003760" startTime="2025-06-24T21:13:41.2453928+00:00" endTime="2025-06-24T21:13:41.2457685+00:00" testType="13cdc9d9-ddb5-4fa4-a97d-d965ccfc6d4b" outcome="Passed" testListId="8c84fa94-04c1-424b-9868-57a2d4851a1d" relativeResultsDirectory="cef40ca9-4956-4ef2-b054-ddde91ab6268" />
    <UnitTestResult executionId="4430bbdb-cfca-49e5-9871-dbb0380c184d" testId="8d8b4499-7d5a-f585-2c5d-08a09dc2d28e" testName="FullyQualifiedNamePopulatedForFrameworkTypes(System.Collections.Generic.IDictionary`2[System.Int32,System.Int32])" computerName="pkrvmxyh4eaekms" duration="00:00:00.0002280" startTime="2025-06-24T21:13:31.9045243+00:00" endTime="2025-06-24T21:13:31.9047523+00:00" testType="13cdc9d9-ddb5-4fa4-a97d-d965ccfc6d4b" outcome="Passed" testListId="8c84fa94-04c1-424b-9868-57a2d4851a1d" relativeResultsDirectory="4430bbdb-cfca-49e5-9871-dbb0380c184d" />
    <UnitTestResult executionId="bb3427c7-5800-4aa4-bfc6-c46462e92226" testId="af243bb7-2497-e4e2-f004-65289b8ac189" testName="NotNull(&quot;test&quot;)" computerName="pkrvmxyh4eaekms" duration="00:00:00.0007649" startTime="2025-06-24T21:13:32.0414562+00:00" endTime="2025-06-24T21:13:32.0422210+00:00" testType="13cdc9d9-ddb5-4fa4-a97d-d965ccfc6d4b" outcome="Passed" testListId="8c84fa94-04c1-424b-9868-57a2d4851a1d" relativeResultsDirectory="bb3427c7-5800-4aa4-bfc6-c46462e92226" />
    <UnitTestResult executionId="63e6daba-1f16-455d-b500-982465aecbee" testId="36d446b4-f7a6-82f4-b811-f718141f12a6" testName="AsParameterRespectsChangesToFieldType" computerName="pkrvmxyh4eaekms" duration="00:00:00.0003850" startTime="2025-06-24T21:13:32.5124266+00:00" endTime="2025-06-24T21:13:32.5128118+00:00" testType="13cdc9d9-ddb5-4fa4-a97d-d965ccfc6d4b" outcome="Passed" testListId="8c84fa94-04c1-424b-9868-57a2d4851a1d" relativeResultsDirectory="63e6daba-1f16-455d-b500-982465aecbee" />
    <UnitTestResult executionId="63f2d279-bf94-4795-b7d9-43116915377e" testId="680db675-7d70-5c15-5383-abec258f0d3c" testName="IfStatementWithDefaultOptions" computerName="pkrvmxyh4eaekms" duration="00:00:00.0001850" startTime="2025-06-24T21:13:41.0592036+00:00" endTime="2025-06-24T21:13:41.0593886+00:00" testType="13cdc9d9-ddb5-4fa4-a97d-d965ccfc6d4b" outcome="Passed" testListId="8c84fa94-04c1-424b-9868-57a2d4851a1d" relativeResultsDirectory="63f2d279-bf94-4795-b7d9-43116915377e" />
    <UnitTestResult executionId="9440b5b0-bcbf-4600-8fd2-2119c7f09913" testId="4abfd303-145b-aaaf-d908-db43e32b70f9" testName="VisitsSerializationProviderMembers" computerName="pkrvmxyh4eaekms" duration="00:00:00.0058100" startTime="2025-06-24T21:13:31.7048292+00:00" endTime="2025-06-24T21:13:31.7106391+00:00" testType="13cdc9d9-ddb5-4fa4-a97d-d965ccfc6d4b" outcome="Passed" testListId="8c84fa94-04c1-424b-9868-57a2d4851a1d" relativeResultsDirectory="9440b5b0-bcbf-4600-8fd2-2119c7f09913" />
    <UnitTestResult executionId="4b6fe10c-1044-4ce1-8a34-7ed97ba43c2d" testId="eb783c97-e276-1c62-fa4b-42372d4256f9" testName="Equals(Microsoft.TypeSpec.Generator.Providers.ParameterProvider,Microsoft.TypeSpec.Generator.Providers.ParameterProvider,True)" computerName="pkrvmxyh4eaekms" duration="00:00:00.0000500" startTime="2025-06-24T21:13:40.4436553+00:00" endTime="2025-06-24T21:13:40.4437056+00:00" testType="13cdc9d9-ddb5-4fa4-a97d-d965ccfc6d4b" outcome="Passed" testListId="8c84fa94-04c1-424b-9868-57a2d4851a1d" relativeResultsDirectory="4b6fe10c-1044-4ce1-8a34-7ed97ba43c2d" />
    <UnitTestResult executionId="6b28d886-46ad-4945-815c-3e654d4f5b43" testId="004ff7b0-cbff-4a7d-975f-b69ec93a62c2" testName="DictionaryExpression(System.Collections.Generic.IDictionary`2[System.Int32,System.String],System.Collections.Generic.IDictionary`2[System.String,System.Int32])" computerName="pkrvmxyh4eaekms" duration="00:00:00.0005850" startTime="2025-06-24T21:13:30.6418631+00:00" endTime="2025-06-24T21:13:30.6424485+00:00" testType="13cdc9d9-ddb5-4fa4-a97d-d965ccfc6d4b" outcome="Passed" testListId="8c84fa94-04c1-424b-9868-57a2d4851a1d" relativeResultsDirectory="6b28d886-46ad-4945-815c-3e654d4f5b43" />
    <UnitTestResult executionId="72f46c35-24e7-4da2-81d1-dc59c8e4268a" testId="e58a0d93-6593-9fa6-846c-b3b312bc33fa" testName="BaseShouldHaveDiscriminatorParameter" computerName="pkrvmxyh4eaekms" duration="00:00:00.0239930" startTime="2025-06-24T21:13:32.5367424+00:00" endTime="2025-06-24T21:13:32.5607350+00:00" testType="13cdc9d9-ddb5-4fa4-a97d-d965ccfc6d4b" outcome="Passed" testListId="8c84fa94-04c1-424b-9868-57a2d4851a1d" relativeResultsDirectory="72f46c35-24e7-4da2-81d1-dc59c8e4268a" />
    <UnitTestResult executionId="65b80ccb-0725-48b9-bbf1-f9d421b51ac3" testId="3783207c-0994-a414-b926-d293477c64b8" testName="TestWriteValueExpression_DefaultCastExpression(System.Int32,22.2d,&quot;((int)22.2)&quot;)" computerName="pkrvmxyh4eaekms" duration="00:00:00.0007110" startTime="2025-06-24T21:13:41.2925550+00:00" endTime="2025-06-24T21:13:41.2932651+00:00" testType="13cdc9d9-ddb5-4fa4-a97d-d965ccfc6d4b" outcome="Passed" testListId="8c84fa94-04c1-424b-9868-57a2d4851a1d" relativeResultsDirectory="65b80ccb-0725-48b9-bbf1-f9d421b51ac3" />
    <UnitTestResult executionId="aaaf4708-957c-4002-a4ad-023a666f77a8" testId="26df80e7-3a90-605e-f925-16b6d478c788" testName="IsList(System.ReadOnlyMemory`1[T],True)" computerName="pkrvmxyh4eaekms" duration="00:00:00.0001810" startTime="2025-06-24T21:13:31.9781220+00:00" endTime="2025-06-24T21:13:31.9783028+00:00" testType="13cdc9d9-ddb5-4fa4-a97d-d965ccfc6d4b" outcome="Passed" testListId="8c84fa94-04c1-424b-9868-57a2d4851a1d" relativeResultsDirectory="aaaf4708-957c-4002-a4ad-023a666f77a8" />
    <UnitTestResult executionId="8393f54e-bbbd-49d4-8ad3-26ec655f3c1f" testId="4a271c8b-f717-5134-7b1b-028baff8810b" testName="KeyValuePairExpression(System.Collections.Generic.IDictionary`2[System.Int32,System.String],System.Collections.Generic.Dictionary`2[System.Int32,System.String])" computerName="pkrvmxyh4eaekms" duration="00:00:00.0005380" startTime="2025-06-24T21:13:30.6647297+00:00" endTime="2025-06-24T21:13:30.6652681+00:00" testType="13cdc9d9-ddb5-4fa4-a97d-d965ccfc6d4b" outcome="Passed" testListId="8c84fa94-04c1-424b-9868-57a2d4851a1d" relativeResultsDirectory="8393f54e-bbbd-49d4-8ad3-26ec655f3c1f" />
    <UnitTestResult executionId="4a3d74ee-3304-48e6-a917-9ca95905292b" testId="f93f42bb-5da8-211b-13aa-634298979707" testName="IsReadWriteDictionary(System.Int32,False)" computerName="pkrvmxyh4eaekms" duration="00:00:00.0002680" startTime="2025-06-24T21:13:31.9827221+00:00" endTime="2025-06-24T21:13:31.9829897+00:00" testType="13cdc9d9-ddb5-4fa4-a97d-d965ccfc6d4b" outcome="Passed" testListId="8c84fa94-04c1-424b-9868-57a2d4851a1d" relativeResultsDirectory="4a3d74ee-3304-48e6-a917-9ca95905292b" />
    <UnitTestResult executionId="582fc966-cbb0-42c1-bcbf-5df6a750bcc4" testId="738f574b-be84-9882-b212-75f98e3d3994" testName="PropertyInitializationType_Dictionary(System.Collections.Generic.IReadOnlyDictionary`2[TKey,TValue])" computerName="pkrvmxyh4eaekms" duration="00:00:00.0009220" startTime="2025-06-24T21:13:31.9956279+00:00" endTime="2025-06-24T21:13:31.9965498+00:00" testType="13cdc9d9-ddb5-4fa4-a97d-d965ccfc6d4b" outcome="Passed" testListId="8c84fa94-04c1-424b-9868-57a2d4851a1d" relativeResultsDirectory="582fc966-cbb0-42c1-bcbf-5df6a750bcc4" />
    <UnitTestResult executionId="98a0ac0a-d3a0-4cd1-81fd-553a4246d6a6" testId="a7701d02-1efd-9241-2671-8b40eb52b3c6" testName="FullyQualifiedNamePopulatedForFrameworkTypes(System.Collections.Generic.IDictionary`2[TKey,TValue])" computerName="pkrvmxyh4eaekms" duration="00:00:00.0002500" startTime="2025-06-24T21:13:31.9042450+00:00" endTime="2025-06-24T21:13:31.9044950+00:00" testType="13cdc9d9-ddb5-4fa4-a97d-d965ccfc6d4b" outcome="Passed" testListId="8c84fa94-04c1-424b-9868-57a2d4851a1d" relativeResultsDirectory="98a0ac0a-d3a0-4cd1-81fd-553a4246d6a6" />
    <UnitTestResult executionId="80a51695-1130-4473-bfe4-bd93da77ea09" testId="7b5a5011-8ead-4a1a-b27f-f4fe1ca00646" testName="CanCustomizeRelativeFilePath" computerName="pkrvmxyh4eaekms" duration="00:00:00.0013040" startTime="2025-06-24T21:13:38.0225578+00:00" endTime="2025-06-24T21:13:38.0238609+00:00" testType="13cdc9d9-ddb5-4fa4-a97d-d965ccfc6d4b" outcome="Passed" testListId="8c84fa94-04c1-424b-9868-57a2d4851a1d" relativeResultsDirectory="80a51695-1130-4473-bfe4-bd93da77ea09" />
    <UnitTestResult executionId="87f0afff-98c2-440e-957b-f725d59476ac" testId="cbadf323-978d-feac-6b8c-ad70a7d953f8" testName="CatchStatementWithEmptyBody" computerName="pkrvmxyh4eaekms" duration="00:00:00.0005860" startTime="2025-06-24T21:13:41.0514039+00:00" endTime="2025-06-24T21:13:41.0519900+00:00" testType="13cdc9d9-ddb5-4fa4-a97d-d965ccfc6d4b" outcome="Passed" testListId="8c84fa94-04c1-424b-9868-57a2d4851a1d" relativeResultsDirectory="87f0afff-98c2-440e-957b-f725d59476ac" />
    <UnitTestResult executionId="ead84a41-b760-462a-bebe-bff8cb8afa90" testId="217604e7-6db4-012e-0a6a-1649f099f543" testName="ListExpression(System.Guid)" computerName="pkrvmxyh4eaekms" duration="00:00:00.0003760" startTime="2025-06-24T21:13:30.6732897+00:00" endTime="2025-06-24T21:13:30.6736659+00:00" testType="13cdc9d9-ddb5-4fa4-a97d-d965ccfc6d4b" outcome="Passed" testListId="8c84fa94-04c1-424b-9868-57a2d4851a1d" relativeResultsDirectory="ead84a41-b760-462a-bebe-bff8cb8afa90" />
    <UnitTestResult executionId="7e061766-2d1e-48dd-a5b3-7ebb463f6a33" testId="ce22bdda-0f72-3167-91e6-e08a408aba11" testName="TypesAreNotEqual(System.Collections.Generic.IDictionary`2[System.Int32,System.String],System.Collections.Generic.Dictionary`2[TKey,TValue])" computerName="pkrvmxyh4eaekms" duration="00:00:00.0004790" startTime="2025-06-24T21:13:32.0154430+00:00" endTime="2025-06-24T21:13:32.0159215+00:00" testType="13cdc9d9-ddb5-4fa4-a97d-d965ccfc6d4b" outcome="Passed" testListId="8c84fa94-04c1-424b-9868-57a2d4851a1d" relativeResultsDirectory="7e061766-2d1e-48dd-a5b3-7ebb463f6a33" />
    <UnitTestResult executionId="2c706da0-9c0b-4feb-86be-b9ffabec9c7b" testId="adb48672-2eac-7363-7f29-632c9a4e67c2" testName="ValueTypeHasNoValidation(Microsoft.TypeSpec.Generator.Input.InputPrimitiveType)" computerName="pkrvmxyh4eaekms" duration="00:00:00.0007750" startTime="2025-06-24T21:13:40.4470796+00:00" endTime="2025-06-24T21:13:40.4478549+00:00" testType="13cdc9d9-ddb5-4fa4-a97d-d965ccfc6d4b" outcome="Passed" testListId="8c84fa94-04c1-424b-9868-57a2d4851a1d" relativeResultsDirectory="2c706da0-9c0b-4feb-86be-b9ffabec9c7b" />
    <UnitTestResult executionId="0b42900f-5caf-4e0c-b9b5-58a28bb629b8" testId="2da1f0d6-58b2-9512-705e-b8c09a60c00e" testName="CanAddElement" computerName="pkrvmxyh4eaekms" duration="00:00:00.0013450" startTime="2025-06-24T21:13:32.1803875+00:00" endTime="2025-06-24T21:13:32.1817329+00:00" testType="13cdc9d9-ddb5-4fa4-a97d-d965ccfc6d4b" outcome="Passed" testListId="8c84fa94-04c1-424b-9868-57a2d4851a1d" relativeResultsDirectory="0b42900f-5caf-4e0c-b9b5-58a28bb629b8" />
    <UnitTestResult executionId="5ebca66e-986a-4934-a390-535e6e3dbf14" testId="b86559c3-e87a-12ca-e3c8-ff77b6bb3945" testName="TypesAreNotEqual(System.Int32,System.Collections.Generic.IList`1[T])" computerName="pkrvmxyh4eaekms" duration="00:00:00.0007110" startTime="2025-06-24T21:13:32.0102568+00:00" endTime="2025-06-24T21:13:32.0109679+00:00" testType="13cdc9d9-ddb5-4fa4-a97d-d965ccfc6d4b" outcome="Passed" testListId="8c84fa94-04c1-424b-9868-57a2d4851a1d" relativeResultsDirectory="5ebca66e-986a-4934-a390-535e6e3dbf14" />
    <UnitTestResult executionId="3bd38229-3393-49b7-b11d-7ed985bf2c4f" testId="36b001ef-f209-92e0-c905-a05873818879" testName="TestSnakeCaseProperty" computerName="pkrvmxyh4eaekms" duration="00:00:00.0010830" startTime="2025-06-24T21:13:40.4886145+00:00" endTime="2025-06-24T21:13:40.4896969+00:00" testType="13cdc9d9-ddb5-4fa4-a97d-d965ccfc6d4b" outcome="Passed" testListId="8c84fa94-04c1-424b-9868-57a2d4851a1d" relativeResultsDirectory="3bd38229-3393-49b7-b11d-7ed985bf2c4f" />
    <UnitTestResult executionId="c79ad32c-4a2f-4093-81d6-ff279be7f413" testId="6a279228-cef0-ee53-5d2a-fffd8e3d09df" testName="KeyValuePairExpression(System.Collections.Generic.IDictionary`2[System.Int32,System.String],System.Collections.Generic.Dictionary`2[System.Int32,System.Int32])" computerName="pkrvmxyh4eaekms" duration="00:00:00.0006330" startTime="2025-06-24T21:13:30.6618297+00:00" endTime="2025-06-24T21:13:30.6624621+00:00" testType="13cdc9d9-ddb5-4fa4-a97d-d965ccfc6d4b" outcome="Passed" testListId="8c84fa94-04c1-424b-9868-57a2d4851a1d" relativeResultsDirectory="c79ad32c-4a2f-4093-81d6-ff279be7f413" />
    <UnitTestResult executionId="15ed3c11-4f0d-4ac6-baf8-1b6f71328590" testId="b79a46ba-f324-98d6-56e4-62dd91ee450a" testName="VariableExpressionWithoutRef" computerName="pkrvmxyh4eaekms" duration="00:00:00.0004480" startTime="2025-06-24T21:13:30.7596124+00:00" endTime="2025-06-24T21:13:30.7600605+00:00" testType="13cdc9d9-ddb5-4fa4-a97d-d965ccfc6d4b" outcome="Passed" testListId="8c84fa94-04c1-424b-9868-57a2d4851a1d" relativeResultsDirectory="15ed3c11-4f0d-4ac6-baf8-1b6f71328590" />
    <UnitTestResult executionId="0578c70c-a596-4ecc-b564-5a0e108fd339" testId="843d022d-7ec7-2445-18f9-50d152325c1d" testName="ValidatePropertyTypes(System.Collections.Generic.IList`1[System.String])" computerName="pkrvmxyh4eaekms" duration="00:00:00.0136780" startTime="2025-06-24T21:13:40.1021635+00:00" endTime="2025-06-24T21:13:40.1158411+00:00" testType="13cdc9d9-ddb5-4fa4-a97d-d965ccfc6d4b" outcome="Passed" testListId="8c84fa94-04c1-424b-9868-57a2d4851a1d" relativeResultsDirectory="0578c70c-a596-4ecc-b564-5a0e108fd339" />
    <UnitTestResult executionId="f70d7f7b-e934-47d9-a2ae-4755a8df38c2" testId="0da80a08-ca3c-7829-f6f5-00c58a9eeb90" testName="TestBuildAdditionalProperties(Microsoft.TypeSpec.Generator.Input.InputModelType,False,3)" computerName="pkrvmxyh4eaekms" duration="00:00:00.0015720" startTime="2025-06-24T21:13:39.7000837+00:00" endTime="2025-06-24T21:13:39.7016555+00:00" testType="13cdc9d9-ddb5-4fa4-a97d-d965ccfc6d4b" outcome="Passed" testListId="8c84fa94-04c1-424b-9868-57a2d4851a1d" relativeResultsDirectory="f70d7f7b-e934-47d9-a2ae-4755a8df38c2" />
    <UnitTestResult executionId="fe55750a-aab6-4e68-beb5-352193b30778" testId="a238520c-0691-f91c-9bea-8ed5e0feceeb" testName="TestToString(System.String,&quot;string&quot;)" computerName="pkrvmxyh4eaekms" duration="00:00:00.0003579" startTime="2025-06-24T21:13:31.9990815+00:00" endTime="2025-06-24T21:13:31.9994394+00:00" testType="13cdc9d9-ddb5-4fa4-a97d-d965ccfc6d4b" outcome="Passed" testListId="8c84fa94-04c1-424b-9868-57a2d4851a1d" relativeResultsDirectory="fe55750a-aab6-4e68-beb5-352193b30778" />
    <UnitTestResult executionId="cbb983fe-58fa-4c62-8459-e7286bed3496" testId="b59faecf-6f2e-dbb5-b5da-4e8c965aa622" testName="TestBuildProperties_ValidatePropertySetters(Microsoft.TypeSpec.Generator.Input.InputModelProperty,string,False)" computerName="pkrvmxyh4eaekms" duration="00:00:00.0018600" startTime="2025-06-24T21:13:39.7474989+00:00" endTime="2025-06-24T21:13:39.7493591+00:00" testType="13cdc9d9-ddb5-4fa4-a97d-d965ccfc6d4b" outcome="Passed" testListId="8c84fa94-04c1-424b-9868-57a2d4851a1d" relativeResultsDirectory="cbb983fe-58fa-4c62-8459-e7286bed3496" />
    <UnitTestResult executionId="c9d375b8-4bbd-48b9-8327-d26241a81337" testId="a05419fb-fa34-bae2-fbb2-d46c53d46cfa" testName="KeyValuePairExpression(System.Collections.Generic.IDictionary`2[System.Int32,System.String],System.Collections.Generic.IDictionary`2[System.String,System.Int32])" computerName="pkrvmxyh4eaekms" duration="00:00:00.0005660" startTime="2025-06-24T21:13:30.6656834+00:00" endTime="2025-06-24T21:13:30.6662493+00:00" testType="13cdc9d9-ddb5-4fa4-a97d-d965ccfc6d4b" outcome="Passed" testListId="8c84fa94-04c1-424b-9868-57a2d4851a1d" relativeResultsDirectory="c9d375b8-4bbd-48b9-8327-d26241a81337" />
    <UnitTestResult executionId="2f4d04ff-0a05-41f6-84f3-4ca5a1ebbb8f" testId="98cf208a-6989-033b-bddf-d928a0690081" testName="CanChangeEnumMemberName" computerName="pkrvmxyh4eaekms" duration="00:00:00.0865600" startTime="2025-06-24T21:13:36.1392092+00:00" endTime="2025-06-24T21:13:36.2257687+00:00" testType="13cdc9d9-ddb5-4fa4-a97d-d965ccfc6d4b" outcome="Passed" testListId="8c84fa94-04c1-424b-9868-57a2d4851a1d" relativeResultsDirectory="2f4d04ff-0a05-41f6-84f3-4ca5a1ebbb8f" />
    <UnitTestResult executionId="6ef1cff3-23b1-414f-ad47-bd42a2ea5a7b" testId="eae9acd1-08ab-2e6a-b6e3-33ad1a80573f" testName="EqualToFrameworkType(System.Collections.Generic.IDictionary`2[TKey,TValue])" computerName="pkrvmxyh4eaekms" duration="00:00:00.0002280" startTime="2025-06-24T21:13:31.9003390+00:00" endTime="2025-06-24T21:13:31.9005665+00:00" testType="13cdc9d9-ddb5-4fa4-a97d-d965ccfc6d4b" outcome="Passed" testListId="8c84fa94-04c1-424b-9868-57a2d4851a1d" relativeResultsDirectory="6ef1cff3-23b1-414f-ad47-bd42a2ea5a7b" />
    <UnitTestResult executionId="884b8a1e-3d71-4335-bc1c-bbd720fcb217" testId="3bc16559-3f1a-487f-4d9b-ee3c1eff2335" testName="ExtensibleStringEnumTypeProvider" computerName="pkrvmxyh4eaekms" duration="00:00:00.0010460" startTime="2025-06-24T21:13:41.1211965+00:00" endTime="2025-06-24T21:13:41.1222424+00:00" testType="13cdc9d9-ddb5-4fa4-a97d-d965ccfc6d4b" outcome="Passed" testListId="8c84fa94-04c1-424b-9868-57a2d4851a1d" relativeResultsDirectory="884b8a1e-3d71-4335-bc1c-bbd720fcb217" />
    <UnitTestResult executionId="06a92fcd-b50f-42bc-a64f-30ba896cafc3" testId="00bb520d-7eb6-d24c-9557-f3fca3618123" testName="TestIsCSharpKeyword(&quot;string&quot;,True)" computerName="pkrvmxyh4eaekms" duration="00:00:00.0004450" startTime="2025-06-24T21:13:41.2596365+00:00" endTime="2025-06-24T21:13:41.2600825+00:00" testType="13cdc9d9-ddb5-4fa4-a97d-d965ccfc6d4b" outcome="Passed" testListId="8c84fa94-04c1-424b-9868-57a2d4851a1d" relativeResultsDirectory="06a92fcd-b50f-42bc-a64f-30ba896cafc3" />
    <UnitTestResult executionId="d7a8a599-d688-44fe-b267-c998f8caca16" testId="476b0c76-e6b5-6271-7e54-845594595bc8" testName="TypeProviderWriter_WriteModel" computerName="pkrvmxyh4eaekms" duration="00:00:00.0017380" startTime="2025-06-24T21:13:41.5975138+00:00" endTime="2025-06-24T21:13:41.5992516+00:00" testType="13cdc9d9-ddb5-4fa4-a97d-d965ccfc6d4b" outcome="Passed" testListId="8c84fa94-04c1-424b-9868-57a2d4851a1d" relativeResultsDirectory="d7a8a599-d688-44fe-b267-c998f8caca16" />
    <UnitTestResult executionId="82d33c39-2475-4c36-b649-c39e41f26ace" testId="74f5e4a5-156f-e5fa-3912-1acc1239d040" testName="ValidateMethods" computerName="pkrvmxyh4eaekms" duration="00:00:00.0771030" startTime="2025-06-24T21:13:32.0777823+00:00" endTime="2025-06-24T21:13:32.1548850+00:00" testType="13cdc9d9-ddb5-4fa4-a97d-d965ccfc6d4b" outcome="Passed" testListId="8c84fa94-04c1-424b-9868-57a2d4851a1d" relativeResultsDirectory="82d33c39-2475-4c36-b649-c39e41f26ace" />
    <UnitTestResult executionId="5c7d1af5-79c4-4b42-9018-b657a5f22b00" testId="681f0015-fec7-0905-a553-b0e79b4d8d7f" testName="VariableExpressionWithRef" computerName="pkrvmxyh4eaekms" duration="00:00:00.0003330" startTime="2025-06-24T21:13:30.7603378+00:00" endTime="2025-06-24T21:13:30.7606710+00:00" testType="13cdc9d9-ddb5-4fa4-a97d-d965ccfc6d4b" outcome="Passed" testListId="8c84fa94-04c1-424b-9868-57a2d4851a1d" relativeResultsDirectory="5c7d1af5-79c4-4b42-9018-b657a5f22b00" />
    <UnitTestResult executionId="15921146-801d-437f-a3db-1b9459762758" testId="b73775d0-ec90-51db-86a9-2842703c350a" testName="NotEqualToFrameworkType(System.Collections.Generic.IDictionary`2[System.Int32,System.String],System.Collections.Generic.Dictionary`2[System.Int32,System.String])" computerName="pkrvmxyh4eaekms" duration="00:00:00.0003980" startTime="2025-06-24T21:13:31.9926135+00:00" endTime="2025-06-24T21:13:31.9930111+00:00" testType="13cdc9d9-ddb5-4fa4-a97d-d965ccfc6d4b" outcome="Passed" testListId="8c84fa94-04c1-424b-9868-57a2d4851a1d" relativeResultsDirectory="15921146-801d-437f-a3db-1b9459762758" />
    <UnitTestResult executionId="32f2eec2-e61c-40af-bfe1-4897b02c976a" testId="368193ca-abd8-bca1-3e99-48db0eca7bfc" testName="ValidateNullableTypes(Microsoft.TypeSpec.Generator.Tests.Primitives.CSharpTypeTests+TestStruct`1[System.Nullable`1[System.Int32]],[int?],False)" computerName="pkrvmxyh4eaekms" duration="00:00:00.0000749" startTime="2025-06-24T21:13:32.0300838+00:00" endTime="2025-06-24T21:13:32.0301590+00:00" testType="13cdc9d9-ddb5-4fa4-a97d-d965ccfc6d4b" outcome="Passed" testListId="8c84fa94-04c1-424b-9868-57a2d4851a1d" relativeResultsDirectory="32f2eec2-e61c-40af-bfe1-4897b02c976a" />
    <UnitTestResult executionId="97c7c785-3f20-4e30-a71e-fc7fe6480498" testId="0e4a4fd7-6670-968d-49ed-29500bf79202" testName="Dict_Defined_ReturnsTrue" computerName="pkrvmxyh4eaekms" duration="00:00:00.0014170" startTime="2025-06-24T21:13:40.4290284+00:00" endTime="2025-06-24T21:13:40.4304448+00:00" testType="13cdc9d9-ddb5-4fa4-a97d-d965ccfc6d4b" outcome="Passed" testListId="8c84fa94-04c1-424b-9868-57a2d4851a1d" relativeResultsDirectory="97c7c785-3f20-4e30-a71e-fc7fe6480498" />
    <UnitTestResult executionId="19fb0be0-94ab-46f8-97c5-a8af76a26a80" testId="a14652c6-fdd8-386f-4941-8b34becaae32" testName="DictionaryExpression(System.Collections.Generic.IList`1[System.Int32],System.Collections.Generic.ICollection`1[System.Int32])" computerName="pkrvmxyh4eaekms" duration="00:00:00.0005220" startTime="2025-06-24T21:13:30.6342710+00:00" endTime="2025-06-24T21:13:30.6347928+00:00" testType="13cdc9d9-ddb5-4fa4-a97d-d965ccfc6d4b" outcome="Passed" testListId="8c84fa94-04c1-424b-9868-57a2d4851a1d" relativeResultsDirectory="19fb0be0-94ab-46f8-97c5-a8af76a26a80" />
    <UnitTestResult executionId="23545d81-6807-428f-9eb0-027322fa4741" testId="39e90891-1755-09db-4d1c-c4c73e640727" testName="TestFlatten" computerName="pkrvmxyh4eaekms" duration="00:00:00.0006340" startTime="2025-06-24T21:13:41.0634874+00:00" endTime="2025-06-24T21:13:41.0641212+00:00" testType="13cdc9d9-ddb5-4fa4-a97d-d965ccfc6d4b" outcome="Passed" testListId="8c84fa94-04c1-424b-9868-57a2d4851a1d" relativeResultsDirectory="23545d81-6807-428f-9eb0-027322fa4741" />
    <UnitTestResult executionId="10313af6-cdac-4cae-9c84-13df15ba6bce" testId="e30731ec-43c6-5ac1-37df-96bb816e2e6e" testName="FullyQualifiedNamePopulatedForFrameworkTypes(System.Collections.Generic.IList`1[System.Int32])" computerName="pkrvmxyh4eaekms" duration="00:00:00.0002100" startTime="2025-06-24T21:13:31.9035682+00:00" endTime="2025-06-24T21:13:31.9037777+00:00" testType="13cdc9d9-ddb5-4fa4-a97d-d965ccfc6d4b" outcome="Passed" testListId="8c84fa94-04c1-424b-9868-57a2d4851a1d" relativeResultsDirectory="10313af6-cdac-4cae-9c84-13df15ba6bce" />
    <UnitTestResult executionId="35ae5255-3ee2-4e31-bca5-a5ae8c3202fc" testId="028837c7-ad39-d1f0-5344-2d64886044c8" testName="DictionaryExpression(System.Collections.Generic.IList`1[System.Int32],System.Collections.Generic.IList`1[System.String])" computerName="pkrvmxyh4eaekms" duration="00:00:00.0005810" startTime="2025-06-24T21:13:30.6334449+00:00" endTime="2025-06-24T21:13:30.6340255+00:00" testType="13cdc9d9-ddb5-4fa4-a97d-d965ccfc6d4b" outcome="Passed" testListId="8c84fa94-04c1-424b-9868-57a2d4851a1d" relativeResultsDirectory="35ae5255-3ee2-4e31-bca5-a5ae8c3202fc" />
    <UnitTestResult executionId="b9a1ec38-8921-43a5-84c8-25953f698cc8" testId="3f7b061b-9bd8-be66-3398-f580790975a1" testName="DoesNotRemoveValidUsings" computerName="pkrvmxyh4eaekms" duration="00:00:00.0402330" startTime="2025-06-24T21:13:31.7120367+00:00" endTime="2025-06-24T21:13:31.7522697+00:00" testType="13cdc9d9-ddb5-4fa4-a97d-d965ccfc6d4b" outcome="Passed" testListId="8c84fa94-04c1-424b-9868-57a2d4851a1d" relativeResultsDirectory="b9a1ec38-8921-43a5-84c8-25953f698cc8" />
    <UnitTestResult executionId="842f2363-f6fd-413b-befd-f0afb59d2aa5" testId="a83c55d9-b4b3-f28e-764f-b9b4aa5db19f" testName="TestBuildAdditionalProperties(Microsoft.TypeSpec.Generator.Input.InputModelType,False,1)" computerName="pkrvmxyh4eaekms" duration="00:00:00.0014580" startTime="2025-06-24T21:13:39.6957349+00:00" endTime="2025-06-24T21:13:39.6971930+00:00" testType="13cdc9d9-ddb5-4fa4-a97d-d965ccfc6d4b" outcome="Passed" testListId="8c84fa94-04c1-424b-9868-57a2d4851a1d" relativeResultsDirectory="842f2363-f6fd-413b-befd-f0afb59d2aa5" />
    <UnitTestResult executionId="1135d3e4-0495-48d6-849d-2759e5c08a20" testId="afec90f6-9620-161f-dfc2-32352e356193" testName="CollectionProperty(global::System.Collections.Generic.IList&lt;string&gt;,Microsoft.TypeSpec.Generator.Input.InputModelProperty,global::System.Collections.Generic.IReadOnlyList&lt;string&gt;)" computerName="pkrvmxyh4eaekms" duration="00:00:00.0010730" startTime="2025-06-24T21:13:40.4786742+00:00" endTime="2025-06-24T21:13:40.4797467+00:00" testType="13cdc9d9-ddb5-4fa4-a97d-d965ccfc6d4b" outcome="Passed" testListId="8c84fa94-04c1-424b-9868-57a2d4851a1d" relativeResultsDirectory="1135d3e4-0495-48d6-849d-2759e5c08a20" />
    <UnitTestResult executionId="71017173-457a-45a8-a9c3-e6b071758f2e" testId="a5600f2d-e677-9440-1ef3-65c53524b73d" testName="OmitsModelFactoryMethodIfParamTypeInternal" computerName="pkrvmxyh4eaekms" duration="00:00:00.1432470" startTime="2025-06-24T21:13:34.1070846+00:00" endTime="2025-06-24T21:13:34.2503310+00:00" testType="13cdc9d9-ddb5-4fa4-a97d-d965ccfc6d4b" outcome="Passed" testListId="8c84fa94-04c1-424b-9868-57a2d4851a1d" relativeResultsDirectory="71017173-457a-45a8-a9c3-e6b071758f2e" />
    <UnitTestResult executionId="d6e82364-05b0-464c-9974-f0daf82cb8dc" testId="321bae8d-4b23-8ae4-5b88-5171b0e824e4" testName="IfStatementWithAddMethod" computerName="pkrvmxyh4eaekms" duration="00:00:00.0004880" startTime="2025-06-24T21:13:41.0583616+00:00" endTime="2025-06-24T21:13:41.0588491+00:00" testType="13cdc9d9-ddb5-4fa4-a97d-d965ccfc6d4b" outcome="Passed" testListId="8c84fa94-04c1-424b-9868-57a2d4851a1d" relativeResultsDirectory="d6e82364-05b0-464c-9974-f0daf82cb8dc" />
    <UnitTestResult executionId="13bb7f12-c529-4f59-8bad-77e8d30a6c4a" testId="6db4613b-cb5a-a295-9422-b05106c1521b" testName="BaseKindPropertyIsNotVirtual" computerName="pkrvmxyh4eaekms" duration="00:00:00.0044070" startTime="2025-06-24T21:13:35.6071807+00:00" endTime="2025-06-24T21:13:35.6115873+00:00" testType="13cdc9d9-ddb5-4fa4-a97d-d965ccfc6d4b" outcome="Passed" testListId="8c84fa94-04c1-424b-9868-57a2d4851a1d" relativeResultsDirectory="13bb7f12-c529-4f59-8bad-77e8d30a6c4a" />
    <UnitTestResult executionId="a60ecd31-9883-4cc7-8422-9939b6a14a59" testId="9e0c2ec8-5eaf-e430-242e-e3a4a1117926" testName="TestIsCSharpKeyword(&quot;class&quot;,True)" computerName="pkrvmxyh4eaekms" duration="00:00:00.0004150" startTime="2025-06-24T21:13:41.2211858+00:00" endTime="2025-06-24T21:13:41.2216010+00:00" testType="13cdc9d9-ddb5-4fa4-a97d-d965ccfc6d4b" outcome="Passed" testListId="8c84fa94-04c1-424b-9868-57a2d4851a1d" relativeResultsDirectory="a60ecd31-9883-4cc7-8422-9939b6a14a59" />
    <UnitTestResult executionId="96df8d81-a146-4eb8-81aa-f579c197cd02" testId="e9ddef06-7dfd-fff2-8df3-6a0be02fd7d9" testName="BuildEnumType_ValidateIntBasedFixedEnum()" computerName="pkrvmxyh4eaekms" duration="00:00:00.0018280" startTime="2025-06-24T21:13:32.5012622+00:00" endTime="2025-06-24T21:13:32.5030897+00:00" testType="13cdc9d9-ddb5-4fa4-a97d-d965ccfc6d4b" outcome="Passed" testListId="8c84fa94-04c1-424b-9868-57a2d4851a1d" relativeResultsDirectory="96df8d81-a146-4eb8-81aa-f579c197cd02" />
    <UnitTestResult executionId="3ef2328f-66ad-4e69-bf16-7e92c4359e42" testId="c60130b7-97e5-1a5f-9286-3db764dfef7d" testName="IsDictionary(System.ReadOnlyMemory`1[T],False)" computerName="pkrvmxyh4eaekms" duration="00:00:00.0001550" startTime="2025-06-24T21:13:31.9767546+00:00" endTime="2025-06-24T21:13:31.9769096+00:00" testType="13cdc9d9-ddb5-4fa4-a97d-d965ccfc6d4b" outcome="Passed" testListId="8c84fa94-04c1-424b-9868-57a2d4851a1d" relativeResultsDirectory="3ef2328f-66ad-4e69-bf16-7e92c4359e42" />
    <UnitTestResult executionId="d6a92310-c020-4d16-a23b-447ebf8313ba" testId="9981af29-f413-bc75-f232-824ab5f47c5e" testName="XmlDocForParameterWithInvalidIdentifierName(&quot;param&quot;)" computerName="pkrvmxyh4eaekms" duration="00:00:00.0002350" startTime="2025-06-24T21:13:41.1146378+00:00" endTime="2025-06-24T21:13:41.1148726+00:00" testType="13cdc9d9-ddb5-4fa4-a97d-d965ccfc6d4b" outcome="Passed" testListId="8c84fa94-04c1-424b-9868-57a2d4851a1d" relativeResultsDirectory="d6a92310-c020-4d16-a23b-447ebf8313ba" />
    <UnitTestResult executionId="c4d8b87a-0a06-4bdf-b4d7-f13eebf9b633" testId="044d0f6a-b329-ed6e-1689-3b6bd6c4e587" testName="NonFrameworkTypeEqualsEquivalentFrameworkType(System.Nullable`1[System.Int32])" computerName="pkrvmxyh4eaekms" duration="00:00:00.0001780" startTime="2025-06-24T21:13:31.9878336+00:00" endTime="2025-06-24T21:13:31.9880119+00:00" testType="13cdc9d9-ddb5-4fa4-a97d-d965ccfc6d4b" outcome="Passed" testListId="8c84fa94-04c1-424b-9868-57a2d4851a1d" relativeResultsDirectory="c4d8b87a-0a06-4bdf-b4d7-f13eebf9b633" />
    <UnitTestResult executionId="fc39e86b-2e1c-4492-add7-efe4b098cc01" testId="75f57e5a-f3d7-e861-6737-1c0304792061" testName="TestUpdate" computerName="pkrvmxyh4eaekms" duration="00:00:00.0027150" startTime="2025-06-24T21:13:32.5330208+00:00" endTime="2025-06-24T21:13:32.5357356+00:00" testType="13cdc9d9-ddb5-4fa4-a97d-d965ccfc6d4b" outcome="Passed" testListId="8c84fa94-04c1-424b-9868-57a2d4851a1d" relativeResultsDirectory="fc39e86b-2e1c-4492-add7-efe4b098cc01" />
    <UnitTestResult executionId="4a9e05e5-b25d-4429-a34c-81c2e95c1344" testId="9071ed67-966f-b1ae-e980-c083f720d08b" testName="TypesAreEqual(System.Int32)" computerName="pkrvmxyh4eaekms" duration="00:00:00.0003830" startTime="2025-06-24T21:13:31.9995169+00:00" endTime="2025-06-24T21:13:31.9998997+00:00" testType="13cdc9d9-ddb5-4fa4-a97d-d965ccfc6d4b" outcome="Passed" testListId="8c84fa94-04c1-424b-9868-57a2d4851a1d" relativeResultsDirectory="4a9e05e5-b25d-4429-a34c-81c2e95c1344" />
    <UnitTestResult executionId="963b6ac4-b85a-4d6a-83e6-177bc731b590" testId="843d022d-7ec7-2445-18f9-50d152325c1d" testName="ValidatePropertyTypes(System.Collections.Generic.IList`1[System.String])" computerName="pkrvmxyh4eaekms" duration="00:00:00.0096390" startTime="2025-06-24T21:13:40.0924800+00:00" endTime="2025-06-24T21:13:40.1021184+00:00" testType="13cdc9d9-ddb5-4fa4-a97d-d965ccfc6d4b" outcome="Passed" testListId="8c84fa94-04c1-424b-9868-57a2d4851a1d" relativeResultsDirectory="963b6ac4-b85a-4d6a-83e6-177bc731b590" />
    <UnitTestResult executionId="c5b18d51-e315-4b78-b134-3121fa27b71d" testId="2c12d7fd-8a2e-6665-485d-62246fe5579a" testName="BodyHasSetterValidation(&quot;readOnlyString&quot;,Microsoft.TypeSpec.Generator.Input.InputModelType,False,null)" computerName="pkrvmxyh4eaekms" duration="00:00:00.0013770" startTime="2025-06-24T21:13:40.4612766+00:00" endTime="2025-06-24T21:13:40.4626535+00:00" testType="13cdc9d9-ddb5-4fa4-a97d-d965ccfc6d4b" outcome="Passed" testListId="8c84fa94-04c1-424b-9868-57a2d4851a1d" relativeResultsDirectory="c5b18d51-e315-4b78-b134-3121fa27b71d" />
    <UnitTestResult executionId="fd84c546-63de-401c-a1d0-8acb090c1e24" testId="4f9ccf09-01c7-bb0c-873e-d0e8496ff122" testName="DiscriminatedModelWithNoSubTypesHasUnknownVariant" computerName="pkrvmxyh4eaekms" duration="00:00:00.0026600" startTime="2025-06-24T21:13:35.7149074+00:00" endTime="2025-06-24T21:13:35.7175669+00:00" testType="13cdc9d9-ddb5-4fa4-a97d-d965ccfc6d4b" outcome="Passed" testListId="8c84fa94-04c1-424b-9868-57a2d4851a1d" relativeResultsDirectory="fd84c546-63de-401c-a1d0-8acb090c1e24" />
    <UnitTestResult executionId="603732fb-6788-41fa-9292-98cf6f6bb5e1" testId="950aeb7f-7cec-78f7-24fb-dace29f10a19" testName="ValidDocsDoNotThrow" computerName="pkrvmxyh4eaekms" duration="00:00:00.0269150" startTime="2025-06-24T21:13:40.4018384+00:00" endTime="2025-06-24T21:13:40.4287524+00:00" testType="13cdc9d9-ddb5-4fa4-a97d-d965ccfc6d4b" outcome="Passed" testListId="8c84fa94-04c1-424b-9868-57a2d4851a1d" relativeResultsDirectory="603732fb-6788-41fa-9292-98cf6f6bb5e1" />
    <UnitTestResult executionId="3546abb6-5d41-4cb7-ba1f-47344ec242a7" testId="08a90619-da84-380e-ed0e-dc7c7348d1d7" testName="DerivedHasNoKindProperty" computerName="pkrvmxyh4eaekms" duration="00:00:00.0021320" startTime="2025-06-24T21:13:35.7093893+00:00" endTime="2025-06-24T21:13:35.7115208+00:00" testType="13cdc9d9-ddb5-4fa4-a97d-d965ccfc6d4b" outcome="Passed" testListId="8c84fa94-04c1-424b-9868-57a2d4851a1d" relativeResultsDirectory="3546abb6-5d41-4cb7-ba1f-47344ec242a7" />
    <UnitTestResult executionId="15bf6528-133e-42c0-8610-72f3e91f0c2f" testId="66d84296-71e8-000e-094d-50c5e3b925a5" testName="TestToApiVersionValueWithVersionPrefix(&quot;V2022_05_15&quot;,&quot;v&quot;,&quot;v2022-05-15&quot;)" computerName="pkrvmxyh4eaekms" duration="00:00:00.0002340" startTime="2025-06-24T21:13:41.2793478+00:00" endTime="2025-06-24T21:13:41.2795820+00:00" testType="13cdc9d9-ddb5-4fa4-a97d-d965ccfc6d4b" outcome="Passed" testListId="8c84fa94-04c1-424b-9868-57a2d4851a1d" relativeResultsDirectory="15bf6528-133e-42c0-8610-72f3e91f0c2f" />
    <UnitTestResult executionId="6b512d4e-9b6e-44b2-b497-64a719b6e5c3" testId="48d24184-8e01-c4ac-6f97-2c911c31572e" testName="ConstantsShouldNotBeTurnedIntoEnums" computerName="pkrvmxyh4eaekms" duration="00:00:00.0020180" startTime="2025-06-24T21:13:31.6601292+00:00" endTime="2025-06-24T21:13:31.6621465+00:00" testType="13cdc9d9-ddb5-4fa4-a97d-d965ccfc6d4b" outcome="Passed" testListId="8c84fa94-04c1-424b-9868-57a2d4851a1d" relativeResultsDirectory="6b512d4e-9b6e-44b2-b497-64a719b6e5c3" />
    <UnitTestResult executionId="e49954f5-1f52-44bb-96a6-d311e1d895b4" testId="949b11ab-2e2b-305b-de35-2bb0f2255527" testName="NotNullThrowsOnNull" computerName="pkrvmxyh4eaekms" duration="00:00:00.0004370" startTime="2025-06-24T21:13:32.0481291+00:00" endTime="2025-06-24T21:13:32.0485656+00:00" testType="13cdc9d9-ddb5-4fa4-a97d-d965ccfc6d4b" outcome="Passed" testListId="8c84fa94-04c1-424b-9868-57a2d4851a1d" relativeResultsDirectory="e49954f5-1f52-44bb-96a6-d311e1d895b4" />
    <UnitTestResult executionId="502fc344-93e6-4bdc-908a-7a79e92a364e" testId="f30472ac-a944-bd45-9054-2cf614ac9580" testName="IntSerializationFormat(Integer,null)" computerName="pkrvmxyh4eaekms" duration="00:00:00.0010010" startTime="2025-06-24T21:13:41.1243309+00:00" endTime="2025-06-24T21:13:41.1253314+00:00" testType="13cdc9d9-ddb5-4fa4-a97d-d965ccfc6d4b" outcome="Passed" testListId="8c84fa94-04c1-424b-9868-57a2d4851a1d" relativeResultsDirectory="502fc344-93e6-4bdc-908a-7a79e92a364e" />
    <UnitTestResult executionId="82415978-f889-4bfb-b084-03042dfec1c1" testId="98434a80-fdf6-c589-8491-27597fe52c2d" testName="TestIsCSharpKeyword(&quot;enum&quot;,True)" computerName="pkrvmxyh4eaekms" duration="00:00:00.0003900" startTime="2025-06-24T21:13:41.2258290+00:00" endTime="2025-06-24T21:13:41.2262190+00:00" testType="13cdc9d9-ddb5-4fa4-a97d-d965ccfc6d4b" outcome="Passed" testListId="8c84fa94-04c1-424b-9868-57a2d4851a1d" relativeResultsDirectory="82415978-f889-4bfb-b084-03042dfec1c1" />
    <UnitTestResult executionId="2c8a77fd-3a93-45d4-8289-1d0230ccd7bf" testId="5de66f25-ef3a-2c38-2754-ebfa2b1d19c7" testName="IsList(System.Collections.Generic.IList`1[T],True)" computerName="pkrvmxyh4eaekms" duration="00:00:00.0001950" startTime="2025-06-24T21:13:31.9789575+00:00" endTime="2025-06-24T21:13:31.9791524+00:00" testType="13cdc9d9-ddb5-4fa4-a97d-d965ccfc6d4b" outcome="Passed" testListId="8c84fa94-04c1-424b-9868-57a2d4851a1d" relativeResultsDirectory="2c8a77fd-3a93-45d4-8289-1d0230ccd7bf" />
    <UnitTestResult executionId="f71c202c-50a6-44a0-99da-00e9e8748279" testId="23a391d0-ab70-8eb8-4b45-9d92a8568c29" testName="TestIsCSharpKeyword(&quot;const&quot;,True)" computerName="pkrvmxyh4eaekms" duration="00:00:00.0004210" startTime="2025-06-24T21:13:41.2216176+00:00" endTime="2025-06-24T21:13:41.2220383+00:00" testType="13cdc9d9-ddb5-4fa4-a97d-d965ccfc6d4b" outcome="Passed" testListId="8c84fa94-04c1-424b-9868-57a2d4851a1d" relativeResultsDirectory="f71c202c-50a6-44a0-99da-00e9e8748279" />
    <UnitTestResult executionId="bed687c3-100d-4912-9d5e-4eabf5d15727" testId="a3f851c8-9a0d-02ea-6b79-be0a84771d5e" testName="TestBreakLines_AllLiteralsNoArgsWithMixedCRLF" computerName="pkrvmxyh4eaekms" duration="00:00:00.0000970" startTime="2025-06-24T21:13:41.1382812+00:00" endTime="2025-06-24T21:13:41.1383778+00:00" testType="13cdc9d9-ddb5-4fa4-a97d-d965ccfc6d4b" outcome="Passed" testListId="8c84fa94-04c1-424b-9868-57a2d4851a1d" relativeResultsDirectory="bed687c3-100d-4912-9d5e-4eabf5d15727" />
    <UnitTestResult executionId="24d6ffd9-5310-4dad-9e47-59f50605a470" testId="0d425a27-31f7-19b7-e956-36a35d28d84b" testName="CodeWriter_WriteProperty_IndexerProperty_ExpressionBody_WithExplicitInterface" computerName="pkrvmxyh4eaekms" duration="00:00:00.0008490" startTime="2025-06-24T21:13:41.3032480+00:00" endTime="2025-06-24T21:13:41.3040965+00:00" testType="13cdc9d9-ddb5-4fa4-a97d-d965ccfc6d4b" outcome="Passed" testListId="8c84fa94-04c1-424b-9868-57a2d4851a1d" relativeResultsDirectory="24d6ffd9-5310-4dad-9e47-59f50605a470" />
    <UnitTestResult executionId="f37c805c-0e80-460e-b2f2-9e891c1ea133" testId="ce4913c1-a0f9-1cf2-b59f-15e9ced5df57" testName="SystemTypeOperatorTestNotEqual(System.Tuple`1[T1],System.Tuple`2[T1,T2])" computerName="pkrvmxyh4eaekms" duration="00:00:00.0005520" startTime="2025-06-24T21:13:30.7397314+00:00" endTime="2025-06-24T21:13:30.7402837+00:00" testType="13cdc9d9-ddb5-4fa4-a97d-d965ccfc6d4b" outcome="Passed" testListId="8c84fa94-04c1-424b-9868-57a2d4851a1d" relativeResultsDirectory="f37c805c-0e80-460e-b2f2-9e891c1ea133" />
    <UnitTestResult executionId="698db2e6-a0b9-44b8-9edc-0ddf551fc32a" testId="b1ea02bb-c410-8851-b718-5c2f496a74f6" testName="UnreferencedTypeHandling(&quot;internalize&quot;)" computerName="pkrvmxyh4eaekms" duration="00:00:00.0005930" startTime="2025-06-24T21:13:27.4526411+00:00" endTime="2025-06-24T21:13:27.4532336+00:00" testType="13cdc9d9-ddb5-4fa4-a97d-d965ccfc6d4b" outcome="Passed" testListId="8c84fa94-04c1-424b-9868-57a2d4851a1d" relativeResultsDirectory="698db2e6-a0b9-44b8-9edc-0ddf551fc32a" />
    <UnitTestResult executionId="d7325832-6e9c-4c4c-95dc-2d020e8f8880" testId="0b5b322e-e6b9-b53b-ee88-d28c8e0125c9" testName="DoesNotRemoveMethodsThatDoNotMatch" computerName="pkrvmxyh4eaekms" duration="00:00:00.1923150" startTime="2025-06-24T21:13:35.4064848+00:00" endTime="2025-06-24T21:13:35.5987997+00:00" testType="13cdc9d9-ddb5-4fa4-a97d-d965ccfc6d4b" outcome="Passed" testListId="8c84fa94-04c1-424b-9868-57a2d4851a1d" relativeResultsDirectory="d7325832-6e9c-4c4c-95dc-2d020e8f8880" />
    <UnitTestResult executionId="4db7931c-9c4b-4df2-bbe6-eb1f8a55bf25" testId="50e9d186-4dd3-ea4c-d0cc-3d3c6b1e2c99" testName="ForeachStatementWithAddMethod" computerName="pkrvmxyh4eaekms" duration="00:00:00.0006690" startTime="2025-06-24T21:13:41.0551818+00:00" endTime="2025-06-24T21:13:41.0558507+00:00" testType="13cdc9d9-ddb5-4fa4-a97d-d965ccfc6d4b" outcome="Passed" testListId="8c84fa94-04c1-424b-9868-57a2d4851a1d" relativeResultsDirectory="4db7931c-9c4b-4df2-bbe6-eb1f8a55bf25" />
    <UnitTestResult executionId="f1ed6b1b-55fb-4cab-8777-804ea16483d2" testId="6a772daa-9b1f-2af8-0451-3bbbb2e9aaf2" testName="KeyValuePairExpression(System.Tuple`1[T1],System.Tuple`2[T1,T2])" computerName="pkrvmxyh4eaekms" duration="00:00:00.0006290" startTime="2025-06-24T21:13:30.6588431+00:00" endTime="2025-06-24T21:13:30.6594721+00:00" testType="13cdc9d9-ddb5-4fa4-a97d-d965ccfc6d4b" outcome="Passed" testListId="8c84fa94-04c1-424b-9868-57a2d4851a1d" relativeResultsDirectory="f1ed6b1b-55fb-4cab-8777-804ea16483d2" />
    <UnitTestResult executionId="be36fe65-1ae5-495b-bed6-07e67055bb38" testId="0d3b2ab8-ddbb-e697-1229-88a5d0c6e9c5" testName="CanChangeInvokeMethodExpression" computerName="pkrvmxyh4eaekms" duration="00:00:00.0030109" startTime="2025-06-24T21:13:30.5818013+00:00" endTime="2025-06-24T21:13:30.5848122+00:00" testType="13cdc9d9-ddb5-4fa4-a97d-d965ccfc6d4b" outcome="Passed" testListId="8c84fa94-04c1-424b-9868-57a2d4851a1d" relativeResultsDirectory="be36fe65-1ae5-495b-bed6-07e67055bb38" />
    <UnitTestResult executionId="bc662ad0-db38-41d7-96ed-7be6f975feff" testId="2e353a49-9676-3f79-69fa-f42788fbc4b6" testName="TypesAreEqualForGenericTypes(System.Collections.Generic.IDictionary`2[TKey,TValue],[System.String, System.Collections.Generic.IDictionary`2[System.String,System.Int32]])" computerName="pkrvmxyh4eaekms" duration="00:00:00.0002430" startTime="2025-06-24T21:13:32.0090377+00:00" endTime="2025-06-24T21:13:32.0092808+00:00" testType="13cdc9d9-ddb5-4fa4-a97d-d965ccfc6d4b" outcome="Passed" testListId="8c84fa94-04c1-424b-9868-57a2d4851a1d" relativeResultsDirectory="bc662ad0-db38-41d7-96ed-7be6f975feff" />
    <UnitTestResult executionId="a14165d1-8a7e-4387-8be6-21ee58c513c9" testId="15c8f6b5-fe67-dd09-0739-842a5798798e" testName="CodeWriter_WriteProperty_AutoBody" computerName="pkrvmxyh4eaekms" duration="00:00:00.0008480" startTime="2025-06-24T21:13:41.2972458+00:00" endTime="2025-06-24T21:13:41.2980940+00:00" testType="13cdc9d9-ddb5-4fa4-a97d-d965ccfc6d4b" outcome="Passed" testListId="8c84fa94-04c1-424b-9868-57a2d4851a1d" relativeResultsDirectory="a14165d1-8a7e-4387-8be6-21ee58c513c9" />
    <UnitTestResult executionId="64fbe2da-c26e-4e0b-92af-32e0294c8edb" testId="b41d5d14-9db4-82d3-9ad6-f42ca197a12f" testName="ValidateNullableTypes(System.Nullable`1[Microsoft.TypeSpec.Generator.Tests.Primitives.CSharpTypeTests+TestStruct`1[System.Nullable`1[System.Int32]]],[int?],True)" computerName="pkrvmxyh4eaekms" duration="00:00:00.0001010" startTime="2025-06-24T21:13:32.0301751+00:00" endTime="2025-06-24T21:13:32.0302759+00:00" testType="13cdc9d9-ddb5-4fa4-a97d-d965ccfc6d4b" outcome="Passed" testListId="8c84fa94-04c1-424b-9868-57a2d4851a1d" relativeResultsDirectory="64fbe2da-c26e-4e0b-92af-32e0294c8edb" />
    <UnitTestResult executionId="7a76e523-2bf8-45cb-8c62-c9a5c21a58d8" testId="07c3a402-cd09-a0c4-bf85-77477acb1847" testName="IsArray(System.Collections.Generic.List`1[T],False)" computerName="pkrvmxyh4eaekms" duration="00:00:00.0001350" startTime="2025-06-24T21:13:31.9720873+00:00" endTime="2025-06-24T21:13:31.9722218+00:00" testType="13cdc9d9-ddb5-4fa4-a97d-d965ccfc6d4b" outcome="Passed" testListId="8c84fa94-04c1-424b-9868-57a2d4851a1d" relativeResultsDirectory="7a76e523-2bf8-45cb-8c62-c9a5c21a58d8" />
    <UnitTestResult executionId="d402155b-9f2c-4d1f-9295-9f4277a42eba" testId="d4fb8fd2-b16e-7d60-d77f-0dd20fb6de20" testName="BaseShouldReturnUnknownVariant" computerName="pkrvmxyh4eaekms" duration="00:00:00.0032730" startTime="2025-06-24T21:13:32.5613885+00:00" endTime="2025-06-24T21:13:32.5646613+00:00" testType="13cdc9d9-ddb5-4fa4-a97d-d965ccfc6d4b" outcome="Passed" testListId="8c84fa94-04c1-424b-9868-57a2d4851a1d" relativeResultsDirectory="d402155b-9f2c-4d1f-9295-9f4277a42eba" />
    <UnitTestResult executionId="348ba2e9-559a-497a-96a3-3128b61d3f45" testId="6adc1957-da8b-7549-e382-0a1db259d822" testName="XmlDocForParameterWithInvalidIdentifierName(&quot;void&quot;)" computerName="pkrvmxyh4eaekms" duration="00:00:00.0000850" startTime="2025-06-24T21:13:41.1148893+00:00" endTime="2025-06-24T21:13:41.1149742+00:00" testType="13cdc9d9-ddb5-4fa4-a97d-d965ccfc6d4b" outcome="Passed" testListId="8c84fa94-04c1-424b-9868-57a2d4851a1d" relativeResultsDirectory="348ba2e9-559a-497a-96a3-3128b61d3f45" />
    <UnitTestResult executionId="a1a615ba-037e-4e28-a23c-af5334389dc0" testId="da2560df-f453-65b8-0f8c-71b1a4763201" testName="PropertyInitializationType_List(System.Collections.Generic.IReadOnlyList`1[T])" computerName="pkrvmxyh4eaekms" duration="00:00:00.0004290" startTime="2025-06-24T21:13:31.9973694+00:00" endTime="2025-06-24T21:13:31.9977984+00:00" testType="13cdc9d9-ddb5-4fa4-a97d-d965ccfc6d4b" outcome="Passed" testListId="8c84fa94-04c1-424b-9868-57a2d4851a1d" relativeResultsDirectory="a1a615ba-037e-4e28-a23c-af5334389dc0" />
    <UnitTestResult executionId="be386e0a-c479-4ed3-bb5c-1919aaa3cee6" testId="3cafcacb-32ad-b342-352f-c0a96f21cf8a" testName="ValidateMethods" computerName="pkrvmxyh4eaekms" duration="00:00:00.0680280" startTime="2025-06-24T21:13:39.7634335+00:00" endTime="2025-06-24T21:13:39.8314612+00:00" testType="13cdc9d9-ddb5-4fa4-a97d-d965ccfc6d4b" outcome="Passed" testListId="8c84fa94-04c1-424b-9868-57a2d4851a1d" relativeResultsDirectory="be386e0a-c479-4ed3-bb5c-1919aaa3cee6" />
    <UnitTestResult executionId="f892c61b-98ec-422a-b016-884839cdba5a" testId="8f4ab2fc-20d9-03f6-a5f1-0258786d5836" testName="CanCallInvokeWithTypeArgs" computerName="pkrvmxyh4eaekms" duration="00:00:00.0005280" startTime="2025-06-24T21:13:40.4344039+00:00" endTime="2025-06-24T21:13:40.4349323+00:00" testType="13cdc9d9-ddb5-4fa4-a97d-d965ccfc6d4b" outcome="Passed" testListId="8c84fa94-04c1-424b-9868-57a2d4851a1d" relativeResultsDirectory="f892c61b-98ec-422a-b016-884839cdba5a" />
    <UnitTestResult executionId="a7e10745-ec7c-4dc4-a331-f105bad28a03" testId="7dcecb19-e03f-ca26-f49c-22f6c7ef82e3" testName="CodeWriter_WriteProperty_ExpressionBody" computerName="pkrvmxyh4eaekms" duration="00:00:00.0006849" startTime="2025-06-24T21:13:41.2989198+00:00" endTime="2025-06-24T21:13:41.2996046+00:00" testType="13cdc9d9-ddb5-4fa4-a97d-d965ccfc6d4b" outcome="Passed" testListId="8c84fa94-04c1-424b-9868-57a2d4851a1d" relativeResultsDirectory="a7e10745-ec7c-4dc4-a331-f105bad28a03" />
    <UnitTestResult executionId="490e157a-6112-4363-a8bd-8140b498eda5" testId="5ae472fb-6ea9-c188-3f0e-6629f16f8c6c" testName="GetElementType_Dictionary" computerName="pkrvmxyh4eaekms" duration="00:00:00.0007159" startTime="2025-06-24T21:13:31.9055146+00:00" endTime="2025-06-24T21:13:31.9062302+00:00" testType="13cdc9d9-ddb5-4fa4-a97d-d965ccfc6d4b" outcome="Passed" testListId="8c84fa94-04c1-424b-9868-57a2d4851a1d" relativeResultsDirectory="490e157a-6112-4363-a8bd-8140b498eda5" />
    <UnitTestResult executionId="079e0373-1244-419a-9911-888cac9d9c9e" testId="1ed7f2e7-7840-1569-725b-1f86aae73915" testName="CanCleanUpRemovedReferencesToRemovedModels" computerName="pkrvmxyh4eaekms" duration="00:00:00.0398360" startTime="2025-06-24T21:13:31.5783817+00:00" endTime="2025-06-24T21:13:31.6182170+00:00" testType="13cdc9d9-ddb5-4fa4-a97d-d965ccfc6d4b" outcome="Passed" testListId="8c84fa94-04c1-424b-9868-57a2d4851a1d" relativeResultsDirectory="079e0373-1244-419a-9911-888cac9d9c9e" />
    <UnitTestResult executionId="ab17d9f7-d80f-4393-8d5d-a93aba49090d" testId="9c3a772f-df25-e699-a77f-57ce06730355" testName="TestToApiVersionValueWithCustomSeparator(&quot;V1_0_0&quot;,&quot;.&quot;,&quot;1.0.0&quot;)" computerName="pkrvmxyh4eaekms" duration="00:00:00.0013350" startTime="2025-06-24T21:13:41.2766092+00:00" endTime="2025-06-24T21:13:41.2779443+00:00" testType="13cdc9d9-ddb5-4fa4-a97d-d965ccfc6d4b" outcome="Passed" testListId="8c84fa94-04c1-424b-9868-57a2d4851a1d" relativeResultsDirectory="ab17d9f7-d80f-4393-8d5d-a93aba49090d" />
    <UnitTestResult executionId="1f44d8a3-4152-4505-ab4a-65731bdae7a4" testId="36772fb5-fc9c-f8d7-9432-25b80df59621" testName="CanUpdateSwitchStatement" computerName="pkrvmxyh4eaekms" duration="00:00:00.0011610" startTime="2025-06-24T21:13:41.1059567+00:00" endTime="2025-06-24T21:13:41.1071178+00:00" testType="13cdc9d9-ddb5-4fa4-a97d-d965ccfc6d4b" outcome="Passed" testListId="8c84fa94-04c1-424b-9868-57a2d4851a1d" relativeResultsDirectory="1f44d8a3-4152-4505-ab4a-65731bdae7a4" />
    <UnitTestResult executionId="53af40ae-d3df-4cca-99b9-2eca730f7665" testId="0e8bf738-d499-552d-27ab-7888b4afc768" testName="BodyHasSetterValidation(&quot;nullableDictionaryOnInputOutputModel&quot;,Microsoft.TypeSpec.Generator.Input.InputModelType,True,null)" computerName="pkrvmxyh4eaekms" duration="00:00:00.0006680" startTime="2025-06-24T21:13:40.4729497+00:00" endTime="2025-06-24T21:13:40.4736180+00:00" testType="13cdc9d9-ddb5-4fa4-a97d-d965ccfc6d4b" outcome="Passed" testListId="8c84fa94-04c1-424b-9868-57a2d4851a1d" relativeResultsDirectory="53af40ae-d3df-4cca-99b9-2eca730f7665" />
    <UnitTestResult executionId="aeaf2755-3949-40a7-980c-4540f7004cce" testId="74305036-72d1-9364-ca62-aaf7612d9918" testName="DictionaryExpression(System.Int32,System.String)" computerName="pkrvmxyh4eaekms" duration="00:00:00.0021010" startTime="2025-06-24T21:13:30.6229991+00:00" endTime="2025-06-24T21:13:30.6250996+00:00" testType="13cdc9d9-ddb5-4fa4-a97d-d965ccfc6d4b" outcome="Passed" testListId="8c84fa94-04c1-424b-9868-57a2d4851a1d" relativeResultsDirectory="aeaf2755-3949-40a7-980c-4540f7004cce" />
    <UnitTestResult executionId="72d619de-4653-4c4f-bcb8-7e61b7a5e818" testId="2bd55a3c-b8eb-48c6-3c31-edf0c324bdb0" testName="List_Undefined_ReturnsFalse" computerName="pkrvmxyh4eaekms" duration="00:00:00.0001770" startTime="2025-06-24T21:13:40.4318711+00:00" endTime="2025-06-24T21:13:40.4320479+00:00" testType="13cdc9d9-ddb5-4fa4-a97d-d965ccfc6d4b" outcome="Passed" testListId="8c84fa94-04c1-424b-9868-57a2d4851a1d" relativeResultsDirectory="72d619de-4653-4c4f-bcb8-7e61b7a5e818" />
    <UnitTestResult executionId="0e003868-eb65-43b7-8528-8e51fc3c8498" testId="61101eb8-17a2-7af4-05b9-65841f68ef5f" testName="AssignValueIfNullStatement" computerName="pkrvmxyh4eaekms" duration="00:00:00.0003990" startTime="2025-06-24T21:13:30.5332610+00:00" endTime="2025-06-24T21:13:30.5336595+00:00" testType="13cdc9d9-ddb5-4fa4-a97d-d965ccfc6d4b" outcome="Passed" testListId="8c84fa94-04c1-424b-9868-57a2d4851a1d" relativeResultsDirectory="0e003868-eb65-43b7-8528-8e51fc3c8498" />
    <UnitTestResult executionId="d4319d75-d949-4365-86fb-7638d618e253" testId="522d659a-f9be-7995-e9e5-e4d2d980d8bf" testName="BodyHasSetterValidation(&quot;requiredReadOnlyStringPropOnStruct&quot;,Microsoft.TypeSpec.Generator.Input.InputModelType,False,Struct)" computerName="pkrvmxyh4eaekms" duration="00:00:00.0006610" startTime="2025-06-24T21:13:40.4748357+00:00" endTime="2025-06-24T21:13:40.4754966+00:00" testType="13cdc9d9-ddb5-4fa4-a97d-d965ccfc6d4b" outcome="Passed" testListId="8c84fa94-04c1-424b-9868-57a2d4851a1d" relativeResultsDirectory="d4319d75-d949-4365-86fb-7638d618e253" />
    <UnitTestResult executionId="5248da21-58f9-4d81-b752-ab277394cefd" testId="529e11c5-7768-7957-da11-f5bd2add9362" testName="BackCompat_GAApiVersionsAdded" computerName="pkrvmxyh4eaekms" duration="00:00:00.1200310" startTime="2025-06-24T21:13:32.1961496+00:00" endTime="2025-06-24T21:13:32.3161800+00:00" testType="13cdc9d9-ddb5-4fa4-a97d-d965ccfc6d4b" outcome="Passed" testListId="8c84fa94-04c1-424b-9868-57a2d4851a1d" relativeResultsDirectory="5248da21-58f9-4d81-b752-ab277394cefd" />
    <UnitTestResult executionId="9eadc788-4df5-4211-a0a3-06af2d89942b" testId="88b8d77b-9173-60f5-1ba8-e590c04c1ba2" testName="XmlDocForParameterWithInvalidIdentifierName(&quot;@what&quot;)" computerName="pkrvmxyh4eaekms" duration="00:00:00.0000790" startTime="2025-06-24T21:13:41.1149889+00:00" endTime="2025-06-24T21:13:41.1150680+00:00" testType="13cdc9d9-ddb5-4fa4-a97d-d965ccfc6d4b" outcome="Passed" testListId="8c84fa94-04c1-424b-9868-57a2d4851a1d" relativeResultsDirectory="9eadc788-4df5-4211-a0a3-06af2d89942b" />
    <UnitTestResult executionId="56c83d74-3ce4-4c46-946e-b2df556867d6" testId="cafe0a4b-3d0e-f664-9631-edd1f0d2dc2e" testName="List_Defined_ReturnsTrue" computerName="pkrvmxyh4eaekms" duration="00:00:00.0006620" startTime="2025-06-24T21:13:40.4311921+00:00" endTime="2025-06-24T21:13:40.4318542+00:00" testType="13cdc9d9-ddb5-4fa4-a97d-d965ccfc6d4b" outcome="Passed" testListId="8c84fa94-04c1-424b-9868-57a2d4851a1d" relativeResultsDirectory="56c83d74-3ce4-4c46-946e-b2df556867d6" />
    <UnitTestResult executionId="520c374f-dda4-4acd-a730-6c5f88ebd078" testId="be4e2c1f-dcc5-75fe-28b6-bdd6952f77a4" testName="HashCodesAreNotEqual(System.Int32,System.String)" computerName="pkrvmxyh4eaekms" duration="00:00:00.0006960" startTime="2025-06-24T21:13:31.9594024+00:00" endTime="2025-06-24T21:13:31.9600983+00:00" testType="13cdc9d9-ddb5-4fa4-a97d-d965ccfc6d4b" outcome="Passed" testListId="8c84fa94-04c1-424b-9868-57a2d4851a1d" relativeResultsDirectory="520c374f-dda4-4acd-a730-6c5f88ebd078" />
    <UnitTestResult executionId="0f359519-d22a-48f5-bde6-518f69f2564b" testId="20b95b17-bc37-c884-12d4-53d4352329e4" testName="LicenseInfoIsNullWhenNotInConfig" computerName="pkrvmxyh4eaekms" duration="00:00:00.0013230" startTime="2025-06-24T21:13:27.4157557+00:00" endTime="2025-06-24T21:13:27.4170787+00:00" testType="13cdc9d9-ddb5-4fa4-a97d-d965ccfc6d4b" outcome="Passed" testListId="8c84fa94-04c1-424b-9868-57a2d4851a1d" relativeResultsDirectory="0f359519-d22a-48f5-bde6-518f69f2564b" />
    <UnitTestResult executionId="dbba723f-dedd-40bd-aa68-6b5a688f3802" testId="9bb22f05-4791-90bc-3b45-29eda32cd041" testName="ValidateMethods" computerName="pkrvmxyh4eaekms" duration="00:00:00.0052240" startTime="2025-06-24T21:13:39.8743522+00:00" endTime="2025-06-24T21:13:39.8795761+00:00" testType="13cdc9d9-ddb5-4fa4-a97d-d965ccfc6d4b" outcome="Passed" testListId="8c84fa94-04c1-424b-9868-57a2d4851a1d" relativeResultsDirectory="dbba723f-dedd-40bd-aa68-6b5a688f3802" />
    <UnitTestResult executionId="be50ffa9-5781-4efd-8bbd-8355400f18e7" testId="aff9b247-e2ea-7389-05de-ce1036715c81" testName="TestWhileStatement" computerName="pkrvmxyh4eaekms" duration="00:00:00.0009890" startTime="2025-06-24T21:13:41.0698788+00:00" endTime="2025-06-24T21:13:41.0708674+00:00" testType="13cdc9d9-ddb5-4fa4-a97d-d965ccfc6d4b" outcome="Passed" testListId="8c84fa94-04c1-424b-9868-57a2d4851a1d" relativeResultsDirectory="be50ffa9-5781-4efd-8bbd-8355400f18e7" />
    <UnitTestResult executionId="79f35a04-f159-4f9f-999b-2cd4df8b8b28" testId="a3671b25-e736-7625-0c73-c0aba38c6de3" testName="AdditionalPropertiesParamShape" computerName="pkrvmxyh4eaekms" duration="00:00:00.0103420" startTime="2025-06-24T21:13:34.2507172+00:00" endTime="2025-06-24T21:13:34.2610585+00:00" testType="13cdc9d9-ddb5-4fa4-a97d-d965ccfc6d4b" outcome="Passed" testListId="8c84fa94-04c1-424b-9868-57a2d4851a1d" relativeResultsDirectory="79f35a04-f159-4f9f-999b-2cd4df8b8b28" />
    <UnitTestResult executionId="388da5e1-c41e-4d7e-a8c4-0f21606c448c" testId="5aa2bcc6-0d2c-e30e-49bf-d1c95c743531" testName="TestBuildProperties_WithAdditionalProperties" computerName="pkrvmxyh4eaekms" duration="00:00:00.0017910" startTime="2025-06-24T21:13:39.7510169+00:00" endTime="2025-06-24T21:13:39.7528078+00:00" testType="13cdc9d9-ddb5-4fa4-a97d-d965ccfc6d4b" outcome="Passed" testListId="8c84fa94-04c1-424b-9868-57a2d4851a1d" relativeResultsDirectory="388da5e1-c41e-4d7e-a8c4-0f21606c448c" />
    <UnitTestResult executionId="2bb8e536-4f41-43d3-a392-dadf1125fcee" testId="85dca114-94e3-64ab-f901-03fdec6a7e84" testName="ValidateInstanceWithArguments" computerName="pkrvmxyh4eaekms" duration="00:00:00.0003160" startTime="2025-06-24T21:13:40.8268434+00:00" endTime="2025-06-24T21:13:40.8271589+00:00" testType="13cdc9d9-ddb5-4fa4-a97d-d965ccfc6d4b" outcome="Passed" testListId="8c84fa94-04c1-424b-9868-57a2d4851a1d" relativeResultsDirectory="2bb8e536-4f41-43d3-a392-dadf1125fcee" />
    <UnitTestResult executionId="3cf7d974-bb4f-46c9-af43-c56b294f06d1" testId="01f1813e-f675-c996-b8ea-5d1bca3b327d" testName="TestBuildFields(False,False)" computerName="pkrvmxyh4eaekms" duration="00:00:00.0007270" startTime="2025-06-24T21:13:39.7247453+00:00" endTime="2025-06-24T21:13:39.7254720+00:00" testType="13cdc9d9-ddb5-4fa4-a97d-d965ccfc6d4b" outcome="Passed" testListId="8c84fa94-04c1-424b-9868-57a2d4851a1d" relativeResultsDirectory="3cf7d974-bb4f-46c9-af43-c56b294f06d1" />
    <UnitTestResult executionId="4778052b-03a2-4e7d-a50b-1799bc61cfe5" testId="f45be8ae-f0ce-46ea-c86d-91c428e59f55" testName="TestBreakLines_LiteralOpenAndCloseBraceWithArgs" computerName="pkrvmxyh4eaekms" duration="00:00:00.0000380" startTime="2025-06-24T21:13:41.1394287+00:00" endTime="2025-06-24T21:13:41.1394664+00:00" testType="13cdc9d9-ddb5-4fa4-a97d-d965ccfc6d4b" outcome="Passed" testListId="8c84fa94-04c1-424b-9868-57a2d4851a1d" relativeResultsDirectory="4778052b-03a2-4e7d-a50b-1799bc61cfe5" />
    <UnitTestResult executionId="400c7ddd-6433-4386-8ed5-7dc21d3d53b8" testId="da1f5979-147d-33a6-599b-ca19e039d5bc" testName="GetOrderedPluginDlls" computerName="pkrvmxyh4eaekms" duration="00:00:00.0055630" startTime="2025-06-24T21:13:40.8976674+00:00" endTime="2025-06-24T21:13:40.9032308+00:00" testType="13cdc9d9-ddb5-4fa4-a97d-d965ccfc6d4b" outcome="Passed" testListId="8c84fa94-04c1-424b-9868-57a2d4851a1d" relativeResultsDirectory="400c7ddd-6433-4386-8ed5-7dc21d3d53b8" />
    <UnitTestResult executionId="db8bd4ab-8a66-48ab-b66f-809dc606c608" testId="f38b93d6-78ea-bd8d-6741-0e7bcbb506ca" testName="BackCompatibility_NoCurrentOverloadFound" computerName="pkrvmxyh4eaekms" duration="00:00:00.0399350" startTime="2025-06-24T21:13:34.3492850+00:00" endTime="2025-06-24T21:13:34.3892196+00:00" testType="13cdc9d9-ddb5-4fa4-a97d-d965ccfc6d4b" outcome="Passed" testListId="8c84fa94-04c1-424b-9868-57a2d4851a1d" relativeResultsDirectory="db8bd4ab-8a66-48ab-b66f-809dc606c608" />
    <UnitTestResult executionId="e1e2d5de-7d2f-429f-aae2-983916eeb05d" testId="ec1daf19-40c8-1beb-7617-255f73a9ae68" testName="CanCustomizeTypeWithChangedNamespaceInVisitor" computerName="pkrvmxyh4eaekms" duration="00:00:00.0901830" startTime="2025-06-24T21:13:38.1382447+00:00" endTime="2025-06-24T21:13:38.2284265+00:00" testType="13cdc9d9-ddb5-4fa4-a97d-d965ccfc6d4b" outcome="Passed" testListId="8c84fa94-04c1-424b-9868-57a2d4851a1d" relativeResultsDirectory="e1e2d5de-7d2f-429f-aae2-983916eeb05d" />
    <UnitTestResult executionId="31b71cc8-7cbc-4304-aff6-ae8ff73c22a3" testId="bdc2b68d-febd-eaad-9bfc-6b14ef865371" testName="SeeCRefType(System.Collections.Generic.KeyValuePair`2[TKey,TValue],False)" computerName="pkrvmxyh4eaekms" duration="00:00:00.0002580" startTime="2025-06-24T21:13:41.3148382+00:00" endTime="2025-06-24T21:13:41.3150963+00:00" testType="13cdc9d9-ddb5-4fa4-a97d-d965ccfc6d4b" outcome="Passed" testListId="8c84fa94-04c1-424b-9868-57a2d4851a1d" relativeResultsDirectory="31b71cc8-7cbc-4304-aff6-ae8ff73c22a3" />
    <UnitTestResult executionId="87dbb600-9419-419e-b172-8cac16b9ebed" testId="08762cc6-38cc-e74a-881a-ce9c51c386ad" testName="PluginAddsVisitorToGenerator" computerName="pkrvmxyh4eaekms" duration="00:00:00.0025120" startTime="2025-06-24T21:13:31.5749528+00:00" endTime="2025-06-24T21:13:31.5774647+00:00" testType="13cdc9d9-ddb5-4fa4-a97d-d965ccfc6d4b" outcome="Passed" testListId="8c84fa94-04c1-424b-9868-57a2d4851a1d" relativeResultsDirectory="87dbb600-9419-419e-b172-8cac16b9ebed" />
    <UnitTestResult executionId="d52318c6-92af-4e34-8d5c-a13d07f18217" testId="c094ec8d-70f8-9c58-813c-afbff0e8c977" testName="TestIsCSharpKeyword(&quot;operator&quot;,True)" computerName="pkrvmxyh4eaekms" duration="00:00:00.0003970" startTime="2025-06-24T21:13:41.2397341+00:00" endTime="2025-06-24T21:13:41.2401309+00:00" testType="13cdc9d9-ddb5-4fa4-a97d-d965ccfc6d4b" outcome="Passed" testListId="8c84fa94-04c1-424b-9868-57a2d4851a1d" relativeResultsDirectory="d52318c6-92af-4e34-8d5c-a13d07f18217" />
    <UnitTestResult executionId="dc4ad5bc-5f1c-4cca-9382-8f5aee433d3f" testId="90bf6b45-fed4-fe2b-c5f1-66836f3259c4" testName="TestWriteValueExpression_CustomExpression" computerName="pkrvmxyh4eaekms" duration="00:00:00.0004420" startTime="2025-06-24T21:13:41.2920702+00:00" endTime="2025-06-24T21:13:41.2925121+00:00" testType="13cdc9d9-ddb5-4fa4-a97d-d965ccfc6d4b" outcome="Passed" testListId="8c84fa94-04c1-424b-9868-57a2d4851a1d" relativeResultsDirectory="dc4ad5bc-5f1c-4cca-9382-8f5aee433d3f" />
    <UnitTestResult executionId="d0562a88-3918-4bda-9c9c-833fee1b3611" testId="0f09c207-3f02-b90b-54fe-4e7bf9ba9c9a" testName="Json_Defined_ReturnsTrue" computerName="pkrvmxyh4eaekms" duration="00:00:00.0003280" startTime="2025-06-24T21:13:40.4306938+00:00" endTime="2025-06-24T21:13:40.4310217+00:00" testType="13cdc9d9-ddb5-4fa4-a97d-d965ccfc6d4b" outcome="Passed" testListId="8c84fa94-04c1-424b-9868-57a2d4851a1d" relativeResultsDirectory="d0562a88-3918-4bda-9c9c-833fee1b3611" />
    <UnitTestResult executionId="ca2fad3f-862b-4cba-b223-319eb17483d1" testId="9ed569d3-b1bc-6948-f927-e67b03ca5920" testName="BaseShouldBeAbstract(Microsoft.TypeSpec.Generator.Input.InputModelType,&quot;/// &lt;summary&gt;\n/// animal description\n/// Please note this is the abstract base class. The derived classes available for instantiation are: &lt;see cref=\&quot;Dinosaur\&quot;/&gt;.\n/// &lt;/summary&gt;\n&quot;)" computerName="pkrvmxyh4eaekms" duration="00:00:00.0009700" startTime="2025-06-24T21:13:35.6157386+00:00" endTime="2025-06-24T21:13:35.6167081+00:00" testType="13cdc9d9-ddb5-4fa4-a97d-d965ccfc6d4b" outcome="Passed" testListId="8c84fa94-04c1-424b-9868-57a2d4851a1d" relativeResultsDirectory="ca2fad3f-862b-4cba-b223-319eb17483d1" />
    <UnitTestResult executionId="5c2461d6-51be-4ea5-af55-86fcf1539524" testId="e83dff0e-bd53-1b60-eee1-9ed21bff1027" testName="DoesNotVisitConstructorsWhenTypeIsNulledOut" computerName="pkrvmxyh4eaekms" duration="00:00:00.0240800" startTime="2025-06-24T21:13:31.6623795+00:00" endTime="2025-06-24T21:13:31.6864584+00:00" testType="13cdc9d9-ddb5-4fa4-a97d-d965ccfc6d4b" outcome="Passed" testListId="8c84fa94-04c1-424b-9868-57a2d4851a1d" relativeResultsDirectory="5c2461d6-51be-4ea5-af55-86fcf1539524" />
    <UnitTestResult executionId="2a7f9662-8b29-47b4-9104-496face46683" testId="5bb85660-5994-97e8-8c84-3696fcb21e85" testName="DeclarationTest" computerName="pkrvmxyh4eaekms" duration="00:00:00.0003850" startTime="2025-06-24T21:13:41.2863773+00:00" endTime="2025-06-24T21:13:41.2867625+00:00" testType="13cdc9d9-ddb5-4fa4-a97d-d965ccfc6d4b" outcome="Passed" testListId="8c84fa94-04c1-424b-9868-57a2d4851a1d" relativeResultsDirectory="2a7f9662-8b29-47b4-9104-496face46683" />
    <UnitTestResult executionId="b36eebfc-a423-4e4b-93af-8862c7347b23" testId="a56ddb79-3317-b80b-98c4-2292384250b4" testName="CanCustomizeModelFullConstructor(False)" computerName="pkrvmxyh4eaekms" duration="00:00:00.2470220" startTime="2025-06-24T21:13:33.2741654+00:00" endTime="2025-06-24T21:13:33.5211869+00:00" testType="13cdc9d9-ddb5-4fa4-a97d-d965ccfc6d4b" outcome="Passed" testListId="8c84fa94-04c1-424b-9868-57a2d4851a1d" relativeResultsDirectory="b36eebfc-a423-4e4b-93af-8862c7347b23" />
    <UnitTestResult executionId="e940995b-0117-4ab9-a6fa-2462cd219241" testId="6b9d4dd7-60b6-0173-a67f-30594f6b04fd" testName="TestToApiVersionValueWithPrefixAndSeparator(&quot;V1_2_3&quot;,&quot;v&quot;,&quot;_&quot;,&quot;v1_2_3&quot;)" computerName="pkrvmxyh4eaekms" duration="00:00:00.0000510" startTime="2025-06-24T21:13:41.2790437+00:00" endTime="2025-06-24T21:13:41.2790943+00:00" testType="13cdc9d9-ddb5-4fa4-a97d-d965ccfc6d4b" outcome="Passed" testListId="8c84fa94-04c1-424b-9868-57a2d4851a1d" relativeResultsDirectory="e940995b-0117-4ab9-a6fa-2462cd219241" />
    <UnitTestResult executionId="1444095b-5aab-400b-8671-0f7e5cbcad16" testId="2a3166cf-5ffa-ce6a-5a68-45b3b87b3718" testName="TestIsCSharpKeyword(&quot;try&quot;,True)" computerName="pkrvmxyh4eaekms" duration="00:00:00.0003570" startTime="2025-06-24T21:13:41.2618677+00:00" endTime="2025-06-24T21:13:41.2622249+00:00" testType="13cdc9d9-ddb5-4fa4-a97d-d965ccfc6d4b" outcome="Passed" testListId="8c84fa94-04c1-424b-9868-57a2d4851a1d" relativeResultsDirectory="1444095b-5aab-400b-8671-0f7e5cbcad16" />
    <UnitTestResult executionId="41cfda1d-f1f3-46a7-aeee-426b406d299f" testId="d15a4e41-7131-c4a7-4dde-718e5b891cc6" testName="TestToApiVersionValue(&quot;V1_2_3_Beta&quot;,&quot;1-2-3-beta&quot;)" computerName="pkrvmxyh4eaekms" duration="00:00:00.0000710" startTime="2025-06-24T21:13:41.2744539+00:00" endTime="2025-06-24T21:13:41.2745249+00:00" testType="13cdc9d9-ddb5-4fa4-a97d-d965ccfc6d4b" outcome="Passed" testListId="8c84fa94-04c1-424b-9868-57a2d4851a1d" relativeResultsDirectory="41cfda1d-f1f3-46a7-aeee-426b406d299f" />
    <UnitTestResult executionId="87e961d0-7420-48fc-aa90-dd366f2dd4b2" testId="437fc918-e6ce-c47e-6602-d58b0391b027" testName="TypesAreEqualForGenericTypes(System.Collections.Generic.IList`1[T],[System.Int32])" computerName="pkrvmxyh4eaekms" duration="00:00:00.0023240" startTime="2025-06-24T21:13:32.0015807+00:00" endTime="2025-06-24T21:13:32.0039048+00:00" testType="13cdc9d9-ddb5-4fa4-a97d-d965ccfc6d4b" outcome="Passed" testListId="8c84fa94-04c1-424b-9868-57a2d4851a1d" relativeResultsDirectory="87e961d0-7420-48fc-aa90-dd366f2dd4b2" />
    <UnitTestResult executionId="7296b323-4a3c-4ad5-bb2f-928b6932681d" testId="b47dd208-7232-a7b2-1939-15611c344fe4" testName="ValidateNullableTypes(System.Nullable`1[Microsoft.TypeSpec.Generator.Tests.Primitives.CSharpTypeTests+TestStruct`1[System.Nullable`1[Microsoft.TypeSpec.Generator.Tests.Primitives.CSharpTypeTests+TestStruct`1[System.Int32]]]],[global::Microsoft.TypeSpec.Generator.Tests.Primitives.CSharpTypeTests.TestStruct&lt;int&gt;?],True)" computerName="pkrvmxyh4eaekms" duration="00:00:00.0001299" startTime="2025-06-24T21:13:32.0313572+00:00" endTime="2025-06-24T21:13:32.0314869+00:00" testType="13cdc9d9-ddb5-4fa4-a97d-d965ccfc6d4b" outcome="Passed" testListId="8c84fa94-04c1-424b-9868-57a2d4851a1d" relativeResultsDirectory="7296b323-4a3c-4ad5-bb2f-928b6932681d" />
    <UnitTestResult executionId="93a608e4-91d3-4061-8419-ea8c707cf05a" testId="7a48136c-ae1a-e05a-6a4a-e1f5a7d37d2f" testName="ValidateNullableTypes(Microsoft.TypeSpec.Generator.Tests.Primitives.CSharpTypeTests+TestStruct`1[System.Nullable`1[Microsoft.TypeSpec.Generator.Tests.Primitives.CSharpTypeTests+TestStruct`1[System.Int32]]],[global::Microsoft.TypeSpec.Generator.Tests.Primitives.CSharpTypeTests.TestStruct&lt;int&gt;?],False)" computerName="pkrvmxyh4eaekms" duration="00:00:00.0000950" startTime="2025-06-24T21:13:32.0305601+00:00" endTime="2025-06-24T21:13:32.0306549+00:00" testType="13cdc9d9-ddb5-4fa4-a97d-d965ccfc6d4b" outcome="Passed" testListId="8c84fa94-04c1-424b-9868-57a2d4851a1d" relativeResultsDirectory="93a608e4-91d3-4061-8419-ea8c707cf05a" />
    <UnitTestResult executionId="c926352d-367a-43aa-84e9-7f892e14a6fa" testId="247f928b-316a-0f4f-31ea-10aeb575bfe1" testName="ValidateNullableTypes(System.Guid,[],False)" computerName="pkrvmxyh4eaekms" duration="00:00:00.0000630" startTime="2025-06-24T21:13:32.0289008+00:00" endTime="2025-06-24T21:13:32.0289639+00:00" testType="13cdc9d9-ddb5-4fa4-a97d-d965ccfc6d4b" outcome="Passed" testListId="8c84fa94-04c1-424b-9868-57a2d4851a1d" relativeResultsDirectory="c926352d-367a-43aa-84e9-7f892e14a6fa" />
    <UnitTestResult executionId="e0856fa3-89ad-4e45-9df4-6c6571e1bcc3" testId="44cba4f7-5a18-ba1c-b948-fba329c2d655" testName="CodeWriter_WriteProperty_AutoBody_WithExplicitInterface" computerName="pkrvmxyh4eaekms" duration="00:00:00.0007919" startTime="2025-06-24T21:13:41.2981105+00:00" endTime="2025-06-24T21:13:41.2989023+00:00" testType="13cdc9d9-ddb5-4fa4-a97d-d965ccfc6d4b" outcome="Passed" testListId="8c84fa94-04c1-424b-9868-57a2d4851a1d" relativeResultsDirectory="e0856fa3-89ad-4e45-9df4-6c6571e1bcc3" />
    <UnitTestResult executionId="ec226373-671f-4e32-925a-20f13e705d37" testId="ca916ec1-2373-0743-a45d-3badde2f97f1" testName="IsReadOnlyDictionary(System.Collections.Generic.IReadOnlyDictionary`2[TKey,TValue],True)" computerName="pkrvmxyh4eaekms" duration="00:00:00.0001299" startTime="2025-06-24T21:13:31.9805848+00:00" endTime="2025-06-24T21:13:31.9807146+00:00" testType="13cdc9d9-ddb5-4fa4-a97d-d965ccfc6d4b" outcome="Passed" testListId="8c84fa94-04c1-424b-9868-57a2d4851a1d" relativeResultsDirectory="ec226373-671f-4e32-925a-20f13e705d37" />
    <UnitTestResult executionId="294c9541-197b-4a4b-88fe-515423390591" testId="9c269d02-40ef-d512-2a3f-df61e04eb23d" testName="ValidatePropertyTypes(Microsoft.TypeSpec.Generator.Tests.PropertyType)" computerName="pkrvmxyh4eaekms" duration="00:00:00.0094090" startTime="2025-06-24T21:13:40.0830225+00:00" endTime="2025-06-24T21:13:40.0924310+00:00" testType="13cdc9d9-ddb5-4fa4-a97d-d965ccfc6d4b" outcome="Passed" testListId="8c84fa94-04c1-424b-9868-57a2d4851a1d" relativeResultsDirectory="294c9541-197b-4a4b-88fe-515423390591" />
    <UnitTestResult executionId="9c0aca3f-f229-4b94-bebf-2d78959fe2ab" testId="13aa93a9-9887-5976-a503-d32f80c971bf" testName="TestBreakLines_LiteralOpenAndCloseBraceWithLineBreaksAndArgs" computerName="pkrvmxyh4eaekms" duration="00:00:00.0000390" startTime="2025-06-24T21:13:41.1395671+00:00" endTime="2025-06-24T21:13:41.1396058+00:00" testType="13cdc9d9-ddb5-4fa4-a97d-d965ccfc6d4b" outcome="Passed" testListId="8c84fa94-04c1-424b-9868-57a2d4851a1d" relativeResultsDirectory="9c0aca3f-f229-4b94-bebf-2d78959fe2ab" />
    <UnitTestResult executionId="90cf1361-10bb-4556-a946-e50e616da686" testId="9f1dafa7-46ea-b3b8-922f-7e2b781a7ceb" testName="TestIsCSharpKeyword(&quot;extern&quot;,True)" computerName="pkrvmxyh4eaekms" duration="00:00:00.0003880" startTime="2025-06-24T21:13:41.2275620+00:00" endTime="2025-06-24T21:13:41.2279504+00:00" testType="13cdc9d9-ddb5-4fa4-a97d-d965ccfc6d4b" outcome="Passed" testListId="8c84fa94-04c1-424b-9868-57a2d4851a1d" relativeResultsDirectory="90cf1361-10bb-4556-a946-e50e616da686" />
    <UnitTestResult executionId="57ac6e3d-8e6c-4415-9acd-cd57b07a11ca" testId="f158d5cf-8a1b-9031-7b5f-5b22da549395" testName="TestIsCSharpKeyword(&quot;interface&quot;,True)" computerName="pkrvmxyh4eaekms" duration="00:00:00.0003780" startTime="2025-06-24T21:13:41.2339014+00:00" endTime="2025-06-24T21:13:41.2342789+00:00" testType="13cdc9d9-ddb5-4fa4-a97d-d965ccfc6d4b" outcome="Passed" testListId="8c84fa94-04c1-424b-9868-57a2d4851a1d" relativeResultsDirectory="57ac6e3d-8e6c-4415-9acd-cd57b07a11ca" />
    <UnitTestResult executionId="23fe6a57-2631-4a0c-bcae-5df13a120065" testId="f488b9a4-b789-7988-0526-71e40f53c221" testName="TestIsCSharpKeyword(&quot;break&quot;,True)" computerName="pkrvmxyh4eaekms" duration="00:00:00.0003810" startTime="2025-06-24T21:13:41.2183608+00:00" endTime="2025-06-24T21:13:41.2187419+00:00" testType="13cdc9d9-ddb5-4fa4-a97d-d965ccfc6d4b" outcome="Passed" testListId="8c84fa94-04c1-424b-9868-57a2d4851a1d" relativeResultsDirectory="23fe6a57-2631-4a0c-bcae-5df13a120065" />
    <UnitTestResult executionId="5991c723-5f4f-4f46-81b3-aa903731e7c7" testId="8d3616fd-3513-88bb-16af-418f5e2f0ef4" testName="TypeOfStatement(System.Int32,&quot;typeof(int)&quot;)" computerName="pkrvmxyh4eaekms" duration="00:00:00.0008490" startTime="2025-06-24T21:13:30.7053491+00:00" endTime="2025-06-24T21:13:30.7061980+00:00" testType="13cdc9d9-ddb5-4fa4-a97d-d965ccfc6d4b" outcome="Passed" testListId="8c84fa94-04c1-424b-9868-57a2d4851a1d" relativeResultsDirectory="5991c723-5f4f-4f46-81b3-aa903731e7c7" />
    <UnitTestResult executionId="d7849257-1ebb-472e-860d-1e9ab4cbff4e" testId="085b8d2d-ebc4-2e5c-c0bf-665d09661988" testName="TestBreakLines_NullArgument" computerName="pkrvmxyh4eaekms" duration="00:00:00.0000570" startTime="2025-06-24T21:13:41.1390374+00:00" endTime="2025-06-24T21:13:41.1390944+00:00" testType="13cdc9d9-ddb5-4fa4-a97d-d965ccfc6d4b" outcome="Passed" testListId="8c84fa94-04c1-424b-9868-57a2d4851a1d" relativeResultsDirectory="d7849257-1ebb-472e-860d-1e9ab4cbff4e" />
    <UnitTestResult executionId="33804fbb-976e-4709-a6be-ef1fffb1197c" testId="39b2cad0-5cfd-5913-414b-d32f4ac973ba" testName="BodyHasSetterValidation(&quot;intOnOutputModel&quot;,Microsoft.TypeSpec.Generator.Input.InputModelType,False,null)" computerName="pkrvmxyh4eaekms" duration="00:00:00.0006530" startTime="2025-06-24T21:13:40.4644673+00:00" endTime="2025-06-24T21:13:40.4651198+00:00" testType="13cdc9d9-ddb5-4fa4-a97d-d965ccfc6d4b" outcome="Passed" testListId="8c84fa94-04c1-424b-9868-57a2d4851a1d" relativeResultsDirectory="33804fbb-976e-4709-a6be-ef1fffb1197c" />
    <UnitTestResult executionId="aa159369-ab49-44a5-b282-510e4166635e" testId="2238aa25-e5a6-8e7f-9981-e7e7ad9efecb" testName="TestIsCSharpKeyword(&quot;alias&quot;,True)" computerName="pkrvmxyh4eaekms" duration="00:00:00.0004390" startTime="2025-06-24T21:13:41.2152716+00:00" endTime="2025-06-24T21:13:41.2157109+00:00" testType="13cdc9d9-ddb5-4fa4-a97d-d965ccfc6d4b" outcome="Passed" testListId="8c84fa94-04c1-424b-9868-57a2d4851a1d" relativeResultsDirectory="aa159369-ab49-44a5-b282-510e4166635e" />
    <UnitTestResult executionId="b9cabccf-3e47-451a-9434-f7b2ffeb87f3" testId="79735f05-3144-a23c-4610-1cf651108e8b" testName="SwitchStatementWithSingleCase" computerName="pkrvmxyh4eaekms" duration="00:00:00.0004320" startTime="2025-06-24T21:13:41.0620457+00:00" endTime="2025-06-24T21:13:41.0624776+00:00" testType="13cdc9d9-ddb5-4fa4-a97d-d965ccfc6d4b" outcome="Passed" testListId="8c84fa94-04c1-424b-9868-57a2d4851a1d" relativeResultsDirectory="b9cabccf-3e47-451a-9434-f7b2ffeb87f3" />
    <UnitTestResult executionId="4d7b8b50-9e93-4aa7-8a0d-3a3589a67b33" testId="e2019408-a247-cd92-a372-7004d0253e97" testName="ValidateFloat" computerName="pkrvmxyh4eaekms" duration="00:00:00.0002690" startTime="2025-06-24T21:13:40.8207699+00:00" endTime="2025-06-24T21:13:40.8210391+00:00" testType="13cdc9d9-ddb5-4fa4-a97d-d965ccfc6d4b" outcome="Passed" testListId="8c84fa94-04c1-424b-9868-57a2d4851a1d" relativeResultsDirectory="4d7b8b50-9e93-4aa7-8a0d-3a3589a67b33" />
    <UnitTestResult executionId="4f9a2cc5-f447-46ff-9569-b02f7ca8bdc5" testId="28c89347-07cb-f303-2d19-a9e42b6e0950" testName="CanAddLicenseInfo" computerName="pkrvmxyh4eaekms" duration="00:00:00.2989210" startTime="2025-06-24T21:13:27.0353349+00:00" endTime="2025-06-24T21:13:27.3341046+00:00" testType="13cdc9d9-ddb5-4fa4-a97d-d965ccfc6d4b" outcome="Passed" testListId="8c84fa94-04c1-424b-9868-57a2d4851a1d" relativeResultsDirectory="4f9a2cc5-f447-46ff-9569-b02f7ca8bdc5" />
    <UnitTestResult executionId="1fb06d50-b139-4cf2-bf98-96ca20023e8b" testId="aaf67773-3bfa-3e18-1a8e-ed21d37b689e" testName="ValidateParameters(System.Int32,ScopedApi { Original = LiteralExpression { Literal = 2 }, Type = int })" computerName="pkrvmxyh4eaekms" duration="00:00:00.0170270" startTime="2025-06-24T21:13:39.8857531+00:00" endTime="2025-06-24T21:13:39.9027799+00:00" testType="13cdc9d9-ddb5-4fa4-a97d-d965ccfc6d4b" outcome="Passed" testListId="8c84fa94-04c1-424b-9868-57a2d4851a1d" relativeResultsDirectory="1fb06d50-b139-4cf2-bf98-96ca20023e8b" />
    <UnitTestResult executionId="16498603-c901-4c6b-a04e-f4d80a85039f" testId="1589c5b5-6a59-c4da-22fa-39108093107e" testName="SeeCRefType(System.Collections.Generic.List`1[T],False)" computerName="pkrvmxyh4eaekms" duration="00:00:00.0002740" startTime="2025-06-24T21:13:41.3145472+00:00" endTime="2025-06-24T21:13:41.3148212+00:00" testType="13cdc9d9-ddb5-4fa4-a97d-d965ccfc6d4b" outcome="Passed" testListId="8c84fa94-04c1-424b-9868-57a2d4851a1d" relativeResultsDirectory="16498603-c901-4c6b-a04e-f4d80a85039f" />
    <UnitTestResult executionId="23063dcd-1fb0-48b7-b84f-1ccb5631184d" testId="86767825-956f-aa8f-4968-e740336c9aa5" testName="TestBreakLines_LiteralCloseBrace" computerName="pkrvmxyh4eaekms" duration="00:00:00.0000490" startTime="2025-06-24T21:13:41.1392275+00:00" endTime="2025-06-24T21:13:41.1392768+00:00" testType="13cdc9d9-ddb5-4fa4-a97d-d965ccfc6d4b" outcome="Passed" testListId="8c84fa94-04c1-424b-9868-57a2d4851a1d" relativeResultsDirectory="23063dcd-1fb0-48b7-b84f-1ccb5631184d" />
    <UnitTestResult executionId="a82a289d-e99f-4842-b38e-740428595cee" testId="05ca333e-1e37-fa77-0589-78d191bd21f4" testName="DerivedUsesExpressionBodyPropertyWhenNarrowed" computerName="pkrvmxyh4eaekms" duration="00:00:00.0021670" startTime="2025-06-24T21:13:39.6567953+00:00" endTime="2025-06-24T21:13:39.6589625+00:00" testType="13cdc9d9-ddb5-4fa4-a97d-d965ccfc6d4b" outcome="Passed" testListId="8c84fa94-04c1-424b-9868-57a2d4851a1d" relativeResultsDirectory="a82a289d-e99f-4842-b38e-740428595cee" />
    <UnitTestResult executionId="030b8f40-2c0b-4c2f-9e2f-4e1d97f86635" testId="869fadce-b516-c257-0c95-62752d314964" testName="TestToApiVersionMemberName(&quot;V1.0.0&quot;,&quot;V1_0_0&quot;)" computerName="pkrvmxyh4eaekms" duration="00:00:00.0000600" startTime="2025-06-24T21:13:41.2736849+00:00" endTime="2025-06-24T21:13:41.2737447+00:00" testType="13cdc9d9-ddb5-4fa4-a97d-d965ccfc6d4b" outcome="Passed" testListId="8c84fa94-04c1-424b-9868-57a2d4851a1d" relativeResultsDirectory="030b8f40-2c0b-4c2f-9e2f-4e1d97f86635" />
    <UnitTestResult executionId="9022df23-efc6-40c4-8fa8-845ece30e942" testId="9ba4b360-4393-bee9-6b8f-bd1ee1dd20e9" testName="SeeCRefType(System.Int32,False)" computerName="pkrvmxyh4eaekms" duration="00:00:00.0006080" startTime="2025-06-24T21:13:41.3136205+00:00" endTime="2025-06-24T21:13:41.3142284+00:00" testType="13cdc9d9-ddb5-4fa4-a97d-d965ccfc6d4b" outcome="Passed" testListId="8c84fa94-04c1-424b-9868-57a2d4851a1d" relativeResultsDirectory="9022df23-efc6-40c4-8fa8-845ece30e942" />
    <UnitTestResult executionId="b70f3d6a-c5a7-465f-9553-2dc3c2fda536" testId="1987b856-ca1c-f390-f03f-982fd981aad7" testName="TypesAreNotEqualWhenNullabilityIsDifferent(System.Collections.Generic.IDictionary`2[System.Collections.Generic.IDictionary`2[System.Int32,System.String],System.Collections.Generic.IDictionary`2[System.String,System.Int32]])" computerName="pkrvmxyh4eaekms" duration="00:00:00.0004550" startTime="2025-06-24T21:13:32.0261362+00:00" endTime="2025-06-24T21:13:32.0265911+00:00" testType="13cdc9d9-ddb5-4fa4-a97d-d965ccfc6d4b" outcome="Passed" testListId="8c84fa94-04c1-424b-9868-57a2d4851a1d" relativeResultsDirectory="b70f3d6a-c5a7-465f-9553-2dc3c2fda536" />
    <UnitTestResult executionId="8d2c1dd2-1c05-49a3-820a-ec4afb5ad0a7" testId="aef7c318-9887-3e82-6908-075bf1e38c39" testName="TestBuildConstructor_ValidateConstructorsInDerivedModel" computerName="pkrvmxyh4eaekms" duration="00:00:00.0045900" startTime="2025-06-24T21:13:39.7106078+00:00" endTime="2025-06-24T21:13:39.7151976+00:00" testType="13cdc9d9-ddb5-4fa4-a97d-d965ccfc6d4b" outcome="Passed" testListId="8c84fa94-04c1-424b-9868-57a2d4851a1d" relativeResultsDirectory="8d2c1dd2-1c05-49a3-820a-ec4afb5ad0a7" />
    <UnitTestResult executionId="beeb5bfb-f690-473d-9675-2cb56a9a408a" testId="b6ccfb03-57bd-fcc1-ee6c-193db3aea94f" testName="CanChangeExtensibleEnumToEnum" computerName="pkrvmxyh4eaekms" duration="00:00:00.0800730" startTime="2025-06-24T21:13:36.4041891+00:00" endTime="2025-06-24T21:13:36.4842618+00:00" testType="13cdc9d9-ddb5-4fa4-a97d-d965ccfc6d4b" outcome="Passed" testListId="8c84fa94-04c1-424b-9868-57a2d4851a1d" relativeResultsDirectory="beeb5bfb-f690-473d-9675-2cb56a9a408a" />
    <UnitTestResult executionId="ce26653c-773e-4400-8a0a-cfe175dd84e4" testId="19957d96-1633-4d7e-9bbc-0391b74c0a69" testName="FinallyStatementWithEmptyBody" computerName="pkrvmxyh4eaekms" duration="00:00:00.0004480" startTime="2025-06-24T21:13:41.0541785+00:00" endTime="2025-06-24T21:13:41.0546265+00:00" testType="13cdc9d9-ddb5-4fa4-a97d-d965ccfc6d4b" outcome="Passed" testListId="8c84fa94-04c1-424b-9868-57a2d4851a1d" relativeResultsDirectory="ce26653c-773e-4400-8a0a-cfe175dd84e4" />
    <UnitTestResult executionId="95b204ad-f9ba-4f50-beac-28ffebc3c5ba" testId="660a7022-b9e5-687f-481d-9421a8a5b037" testName="ExtensibleStringEnumType" computerName="pkrvmxyh4eaekms" duration="00:00:00.0010880" startTime="2025-06-24T21:13:41.1200770+00:00" endTime="2025-06-24T21:13:41.1211647+00:00" testType="13cdc9d9-ddb5-4fa4-a97d-d965ccfc6d4b" outcome="Passed" testListId="8c84fa94-04c1-424b-9868-57a2d4851a1d" relativeResultsDirectory="95b204ad-f9ba-4f50-beac-28ffebc3c5ba" />
    <UnitTestResult executionId="8a24a9e7-a038-40ef-8451-b1d021e07e50" testId="67aaf6ef-c8af-9bdf-61a4-bec58e4167ef" testName="ClearResetsUndefined" computerName="pkrvmxyh4eaekms" duration="00:00:00.0005460" startTime="2025-06-24T21:13:32.1723778+00:00" endTime="2025-06-24T21:13:32.1729239+00:00" testType="13cdc9d9-ddb5-4fa4-a97d-d965ccfc6d4b" outcome="Passed" testListId="8c84fa94-04c1-424b-9868-57a2d4851a1d" relativeResultsDirectory="8a24a9e7-a038-40ef-8451-b1d021e07e50" />
    <UnitTestResult executionId="3120bb53-69ae-4f5b-bf10-3acae1c927ee" testId="70714372-dd45-00e7-5cd7-f28250e592ca" testName="SystemTypeOperatorTestEqual(System.String)" computerName="pkrvmxyh4eaekms" duration="00:00:00.0002470" startTime="2025-06-24T21:13:30.7230121+00:00" endTime="2025-06-24T21:13:30.7232585+00:00" testType="13cdc9d9-ddb5-4fa4-a97d-d965ccfc6d4b" outcome="Passed" testListId="8c84fa94-04c1-424b-9868-57a2d4851a1d" relativeResultsDirectory="3120bb53-69ae-4f5b-bf10-3acae1c927ee" />
    <UnitTestResult executionId="e3bb1b71-394d-467d-941e-0560fd0f3b00" testId="b86743f7-46c6-e9bc-1592-f2d49757a1d2" testName="CodeGenSuppressAttributeEmitted" computerName="pkrvmxyh4eaekms" duration="00:00:00.0018050" startTime="2025-06-24T21:13:30.5100007+00:00" endTime="2025-06-24T21:13:30.5118060+00:00" testType="13cdc9d9-ddb5-4fa4-a97d-d965ccfc6d4b" outcome="Passed" testListId="8c84fa94-04c1-424b-9868-57a2d4851a1d" relativeResultsDirectory="e3bb1b71-394d-467d-941e-0560fd0f3b00" />
    <UnitTestResult executionId="e5d1c0df-4d31-41b2-a3c1-38cdcbd6d385" testId="dbbc46fc-2f8c-eaad-1ad7-99c0d1b206f4" testName="EqualToFrameworkType(System.Collections.Generic.IList`1[System.Int32])" computerName="pkrvmxyh4eaekms" duration="00:00:00.0002150" startTime="2025-06-24T21:13:31.9000859+00:00" endTime="2025-06-24T21:13:31.9003005+00:00" testType="13cdc9d9-ddb5-4fa4-a97d-d965ccfc6d4b" outcome="Passed" testListId="8c84fa94-04c1-424b-9868-57a2d4851a1d" relativeResultsDirectory="e5d1c0df-4d31-41b2-a3c1-38cdcbd6d385" />
    <UnitTestResult executionId="e9e41752-b3a2-4491-86bb-79f5feae1402" testId="8b8fd5fd-534c-6452-45ae-d942a5ce1235" testName="TestIsCSharpKeyword(&quot;foreach&quot;,True)" computerName="pkrvmxyh4eaekms" duration="00:00:00.0004060" startTime="2025-06-24T21:13:41.2300580+00:00" endTime="2025-06-24T21:13:41.2304634+00:00" testType="13cdc9d9-ddb5-4fa4-a97d-d965ccfc6d4b" outcome="Passed" testListId="8c84fa94-04c1-424b-9868-57a2d4851a1d" relativeResultsDirectory="e9e41752-b3a2-4491-86bb-79f5feae1402" />
    <UnitTestResult executionId="e7c2bd26-d23c-473a-aea1-ede3995c43ab" testId="5e313791-9716-3c77-4680-c6a571a33fba" testName="ValidateModifiers" computerName="pkrvmxyh4eaekms" duration="00:00:00.0002450" startTime="2025-06-24T21:13:39.8821390+00:00" endTime="2025-06-24T21:13:39.8823843+00:00" testType="13cdc9d9-ddb5-4fa4-a97d-d965ccfc6d4b" outcome="Passed" testListId="8c84fa94-04c1-424b-9868-57a2d4851a1d" relativeResultsDirectory="e7c2bd26-d23c-473a-aea1-ede3995c43ab" />
    <UnitTestResult executionId="fe86a079-6826-46a1-8170-75ef2bafe4d4" testId="40a85c6c-c756-5b14-9ac1-b54d809a5569" testName="IsList(System.Int32,False)" computerName="pkrvmxyh4eaekms" duration="00:00:00.0003610" startTime="2025-06-24T21:13:31.9772753+00:00" endTime="2025-06-24T21:13:31.9776358+00:00" testType="13cdc9d9-ddb5-4fa4-a97d-d965ccfc6d4b" outcome="Passed" testListId="8c84fa94-04c1-424b-9868-57a2d4851a1d" relativeResultsDirectory="fe86a079-6826-46a1-8170-75ef2bafe4d4" />
    <UnitTestResult executionId="5d85b87b-7a0d-4526-9001-66d407df6956" testId="b0a2d587-6bb7-b9cd-98e2-4e8794ebff1f" testName="ValidateScope" computerName="pkrvmxyh4eaekms" duration="00:00:00.0031520" startTime="2025-06-24T21:13:32.1908796+00:00" endTime="2025-06-24T21:13:32.1940312+00:00" testType="13cdc9d9-ddb5-4fa4-a97d-d965ccfc6d4b" outcome="Passed" testListId="8c84fa94-04c1-424b-9868-57a2d4851a1d" relativeResultsDirectory="5d85b87b-7a0d-4526-9001-66d407df6956" />
    <UnitTestResult executionId="3f3b4725-8866-4a51-bb00-2c2656f5f312" testId="6a7db910-f8fc-fe59-a78d-bdbd0dc39474" testName="TestIsCSharpKeyword(&quot;unchecked&quot;,True)" computerName="pkrvmxyh4eaekms" duration="00:00:00.0003730" startTime="2025-06-24T21:13:41.2632940+00:00" endTime="2025-06-24T21:13:41.2636671+00:00" testType="13cdc9d9-ddb5-4fa4-a97d-d965ccfc6d4b" outcome="Passed" testListId="8c84fa94-04c1-424b-9868-57a2d4851a1d" relativeResultsDirectory="3f3b4725-8866-4a51-bb00-2c2656f5f312" />
    <UnitTestResult executionId="734eef94-cb4f-49d0-8201-1ea48c5fdc6e" testId="b74d9560-3d49-85a9-01b1-b6fbdbffcd79" testName="SerializationCtorShouldNotAssignBaseField" computerName="pkrvmxyh4eaekms" duration="00:00:00.0031570" startTime="2025-06-24T21:13:39.6803781+00:00" endTime="2025-06-24T21:13:39.6835351+00:00" testType="13cdc9d9-ddb5-4fa4-a97d-d965ccfc6d4b" outcome="Passed" testListId="8c84fa94-04c1-424b-9868-57a2d4851a1d" relativeResultsDirectory="734eef94-cb4f-49d0-8201-1ea48c5fdc6e" />
    <UnitTestResult executionId="172f2e08-1e7b-4ccd-98a4-4eee039256d9" testId="1d75a603-9ec7-f832-dc7d-8c1b85abdd83" testName="TestIsCSharpKeyword(&quot;double&quot;,True)" computerName="pkrvmxyh4eaekms" duration="00:00:00.0003860" startTime="2025-06-24T21:13:41.2246174+00:00" endTime="2025-06-24T21:13:41.2250034+00:00" testType="13cdc9d9-ddb5-4fa4-a97d-d965ccfc6d4b" outcome="Passed" testListId="8c84fa94-04c1-424b-9868-57a2d4851a1d" relativeResultsDirectory="172f2e08-1e7b-4ccd-98a4-4eee039256d9" />
    <UnitTestResult executionId="9ad91d94-e821-4edf-9fde-9b3b47ead7f2" testId="3a11d461-dba6-2763-896b-5c577d735925" testName="TypeModifiersTest(Internal, Class, Static)" computerName="pkrvmxyh4eaekms" duration="00:00:00.0001290" startTime="2025-06-24T21:13:41.3185965+00:00" endTime="2025-06-24T21:13:41.3187252+00:00" testType="13cdc9d9-ddb5-4fa4-a97d-d965ccfc6d4b" outcome="Passed" testListId="8c84fa94-04c1-424b-9868-57a2d4851a1d" relativeResultsDirectory="9ad91d94-e821-4edf-9fde-9b3b47ead7f2" />
    <UnitTestResult executionId="dd5fc7b3-c876-4a7c-b03c-c3f729767532" testId="1969ceb8-602a-924c-92ca-c1dd100f12af" testName="TestToApiVersionValueWithPrefixAndSeparator(&quot;V1_0_0&quot;,&quot;v&quot;,&quot;.&quot;,&quot;v1.0.0&quot;)" computerName="pkrvmxyh4eaekms" duration="00:00:00.0002260" startTime="2025-06-24T21:13:41.2785246+00:00" endTime="2025-06-24T21:13:41.2787508+00:00" testType="13cdc9d9-ddb5-4fa4-a97d-d965ccfc6d4b" outcome="Passed" testListId="8c84fa94-04c1-424b-9868-57a2d4851a1d" relativeResultsDirectory="dd5fc7b3-c876-4a7c-b03c-c3f729767532" />
    <UnitTestResult executionId="2875494c-d0dd-4618-9365-8aa7e224072f" testId="a393e5db-5a23-010b-d3f3-cbff13003adf" testName="ValidateName" computerName="pkrvmxyh4eaekms" duration="00:00:00.0001789" startTime="2025-06-24T21:13:39.8828471+00:00" endTime="2025-06-24T21:13:39.8830257+00:00" testType="13cdc9d9-ddb5-4fa4-a97d-d965ccfc6d4b" outcome="Passed" testListId="8c84fa94-04c1-424b-9868-57a2d4851a1d" relativeResultsDirectory="2875494c-d0dd-4618-9365-8aa7e224072f" />
    <UnitTestResult executionId="0d6ce0e5-d7d9-4190-be91-ad3519aeca01" testId="d9d96d9d-71ec-3a93-82a5-e837f1654d0f" testName="DictionaryExpression(System.Collections.Generic.IList`1[System.Int32],System.Collections.Generic.IList`1[T])" computerName="pkrvmxyh4eaekms" duration="00:00:00.0005660" startTime="2025-06-24T21:13:30.6316077+00:00" endTime="2025-06-24T21:13:30.6321735+00:00" testType="13cdc9d9-ddb5-4fa4-a97d-d965ccfc6d4b" outcome="Passed" testListId="8c84fa94-04c1-424b-9868-57a2d4851a1d" relativeResultsDirectory="0d6ce0e5-d7d9-4190-be91-ad3519aeca01" />
    <UnitTestResult executionId="95922822-c1e0-4fec-aaa8-dc053629b9ef" testId="ac825821-a39a-af30-c00b-9869f405d2fa" testName="InvalidDocComment" computerName="pkrvmxyh4eaekms" duration="00:00:00.0005019" startTime="2025-06-24T21:13:41.1152627+00:00" endTime="2025-06-24T21:13:41.1157643+00:00" testType="13cdc9d9-ddb5-4fa4-a97d-d965ccfc6d4b" outcome="Passed" testListId="8c84fa94-04c1-424b-9868-57a2d4851a1d" relativeResultsDirectory="95922822-c1e0-4fec-aaa8-dc053629b9ef" />
    <UnitTestResult executionId="009ecb77-f198-4944-83a9-bf65902c66aa" testId="1770c101-c981-d8e8-6bf9-47ebaaeb1a16" testName="IntSerializationFormat(UInt64,&quot;string&quot;)" computerName="pkrvmxyh4eaekms" duration="00:00:00.0005990" startTime="2025-06-24T21:13:41.1361836+00:00" endTime="2025-06-24T21:13:41.1367823+00:00" testType="13cdc9d9-ddb5-4fa4-a97d-d965ccfc6d4b" outcome="Passed" testListId="8c84fa94-04c1-424b-9868-57a2d4851a1d" relativeResultsDirectory="009ecb77-f198-4944-83a9-bf65902c66aa" />
    <UnitTestResult executionId="58f95961-9dd7-4fa2-a6bb-cb53e5408c2b" testId="70fe1480-61c7-cccd-c239-7d8ddf592d46" testName="TestCamelCaseProperty" computerName="pkrvmxyh4eaekms" duration="00:00:00.0010010" startTime="2025-06-24T21:13:40.4836815+00:00" endTime="2025-06-24T21:13:40.4846819+00:00" testType="13cdc9d9-ddb5-4fa4-a97d-d965ccfc6d4b" outcome="Passed" testListId="8c84fa94-04c1-424b-9868-57a2d4851a1d" relativeResultsDirectory="58f95961-9dd7-4fa2-a6bb-cb53e5408c2b" />
    <UnitTestResult executionId="52c2274b-4350-4464-bd30-7f320cd825b5" testId="a3aa98b9-ebc2-8976-affc-ff2d6fa4cb7a" testName="PreVisitsProperties" computerName="pkrvmxyh4eaekms" duration="00:00:00.0118580" startTime="2025-06-24T21:13:31.6415134+00:00" endTime="2025-06-24T21:13:31.6533701+00:00" testType="13cdc9d9-ddb5-4fa4-a97d-d965ccfc6d4b" outcome="Passed" testListId="8c84fa94-04c1-424b-9868-57a2d4851a1d" relativeResultsDirectory="52c2274b-4350-4464-bd30-7f320cd825b5" />
    <UnitTestResult executionId="3bd4710d-1ce7-4925-9daa-535c60c06d27" testId="f6fc8666-1c36-4694-0d5b-6ae5f4168221" testName="VisitorsAreVisited" computerName="pkrvmxyh4eaekms" duration="00:00:00.1330520" startTime="2025-06-24T21:13:30.3753788+00:00" endTime="2025-06-24T21:13:30.5084304+00:00" testType="13cdc9d9-ddb5-4fa4-a97d-d965ccfc6d4b" outcome="Passed" testListId="8c84fa94-04c1-424b-9868-57a2d4851a1d" relativeResultsDirectory="3bd4710d-1ce7-4925-9daa-535c60c06d27" />
    <UnitTestResult executionId="20902e51-74db-40b7-a245-c130929eb560" testId="d7dda8eb-22f6-cb6e-895d-54644281133c" testName="GetElementType_ReadOnlyMemory" computerName="pkrvmxyh4eaekms" duration="00:00:00.0002980" startTime="2025-06-24T21:13:31.9062485+00:00" endTime="2025-06-24T21:13:31.9065465+00:00" testType="13cdc9d9-ddb5-4fa4-a97d-d965ccfc6d4b" outcome="Passed" testListId="8c84fa94-04c1-424b-9868-57a2d4851a1d" relativeResultsDirectory="20902e51-74db-40b7-a245-c130929eb560" />
    <UnitTestResult executionId="7a42f3d7-5167-4164-bc81-73e6c31267e9" testId="25f7e17b-8e22-d088-c812-a9c87cae4a57" testName="TestBuildConstructor_ValidateConstructors" computerName="pkrvmxyh4eaekms" duration="00:00:00.0048990" startTime="2025-06-24T21:13:39.7056831+00:00" endTime="2025-06-24T21:13:39.7105818+00:00" testType="13cdc9d9-ddb5-4fa4-a97d-d965ccfc6d4b" outcome="Passed" testListId="8c84fa94-04c1-424b-9868-57a2d4851a1d" relativeResultsDirectory="7a42f3d7-5167-4164-bc81-73e6c31267e9" />
    <UnitTestResult executionId="0b026128-7b4a-45d2-9f5f-a44c687d8016" testId="7a9d7a85-06b9-1f06-a722-56b4f14fc78c" testName="ValidateStringU8" computerName="pkrvmxyh4eaekms" duration="00:00:00.0003600" startTime="2025-06-24T21:13:40.8274574+00:00" endTime="2025-06-24T21:13:40.8278178+00:00" testType="13cdc9d9-ddb5-4fa4-a97d-d965ccfc6d4b" outcome="Passed" testListId="8c84fa94-04c1-424b-9868-57a2d4851a1d" relativeResultsDirectory="0b026128-7b4a-45d2-9f5f-a44c687d8016" />
    <UnitTestResult executionId="480354aa-30aa-4680-acb0-ec6cd8647aa9" testId="0cc64dd4-287f-646c-5601-47af79298911" testName="IsReadWriteList(System.Collections.Generic.IReadOnlyCollection`1[T],False)" computerName="pkrvmxyh4eaekms" duration="00:00:00.0001740" startTime="2025-06-24T21:13:31.9847300+00:00" endTime="2025-06-24T21:13:31.9849034+00:00" testType="13cdc9d9-ddb5-4fa4-a97d-d965ccfc6d4b" outcome="Passed" testListId="8c84fa94-04c1-424b-9868-57a2d4851a1d" relativeResultsDirectory="480354aa-30aa-4680-acb0-ec6cd8647aa9" />
    <UnitTestResult executionId="3977db58-2a39-4d31-b513-f00ccdc26ea7" testId="c344cf1e-4a6e-3e26-a891-220afb7b43b7" testName="VerifyTupleExpressionWithRef" computerName="pkrvmxyh4eaekms" duration="00:00:00.0005540" startTime="2025-06-24T21:13:30.7026764+00:00" endTime="2025-06-24T21:13:30.7032308+00:00" testType="13cdc9d9-ddb5-4fa4-a97d-d965ccfc6d4b" outcome="Passed" testListId="8c84fa94-04c1-424b-9868-57a2d4851a1d" relativeResultsDirectory="3977db58-2a39-4d31-b513-f00ccdc26ea7" />
    <UnitTestResult executionId="c8f73114-3c06-42c4-92ea-6f2f27c6fb50" testId="d4e5e104-5606-3dd9-f6e5-12f84f352341" testName="CanRemoveConstructors" computerName="pkrvmxyh4eaekms" duration="00:00:00.1948850" startTime="2025-06-24T21:13:34.6671314+00:00" endTime="2025-06-24T21:13:34.8620156+00:00" testType="13cdc9d9-ddb5-4fa4-a97d-d965ccfc6d4b" outcome="Passed" testListId="8c84fa94-04c1-424b-9868-57a2d4851a1d" relativeResultsDirectory="c8f73114-3c06-42c4-92ea-6f2f27c6fb50" />
    <UnitTestResult executionId="ef58aa38-3762-4dec-9712-a47cdcc4e68b" testId="01843238-0d15-9fab-27fe-a2a41aee1839" testName="SystemTypeOperatorTestEqual(System.Boolean)" computerName="pkrvmxyh4eaekms" duration="00:00:00.0002850" startTime="2025-06-24T21:13:30.7227090+00:00" endTime="2025-06-24T21:13:30.7229941+00:00" testType="13cdc9d9-ddb5-4fa4-a97d-d965ccfc6d4b" outcome="Passed" testListId="8c84fa94-04c1-424b-9868-57a2d4851a1d" relativeResultsDirectory="ef58aa38-3762-4dec-9712-a47cdcc4e68b" />
    <UnitTestResult executionId="b0e1e208-02c3-4524-88e3-3d527a6f3ec0" testId="7931a1f1-556c-d72b-5e33-a8475a65aefc" testName="CanChangeFrameworkTypeToCustomEnum" computerName="pkrvmxyh4eaekms" duration="00:00:00.0830690" startTime="2025-06-24T21:13:36.4843423+00:00" endTime="2025-06-24T21:13:36.5674107+00:00" testType="13cdc9d9-ddb5-4fa4-a97d-d965ccfc6d4b" outcome="Passed" testListId="8c84fa94-04c1-424b-9868-57a2d4851a1d" relativeResultsDirectory="b0e1e208-02c3-4524-88e3-3d527a6f3ec0" />
    <UnitTestResult executionId="cd7f5a00-7ff9-46f2-bcf5-0c071e9b5c8c" testId="a55375cd-1f09-0d30-7bd7-d8f7c39a5114" testName="XmlDocForParameterWithInvalidIdentifierName(&quot;new-parameter&quot;)" computerName="pkrvmxyh4eaekms" duration="00:00:00.0008590" startTime="2025-06-24T21:13:41.1137602+00:00" endTime="2025-06-24T21:13:41.1146197+00:00" testType="13cdc9d9-ddb5-4fa4-a97d-d965ccfc6d4b" outcome="Passed" testListId="8c84fa94-04c1-424b-9868-57a2d4851a1d" relativeResultsDirectory="cd7f5a00-7ff9-46f2-bcf5-0c071e9b5c8c" />
    <UnitTestResult executionId="fee00018-76fc-478d-b1fa-e285a02554d3" testId="db96f5ae-9f1f-2fcc-fe19-986560c60177" testName="CodeWriter_WriteProperty_IndexerProperty_MethodPropertyBody_WithExplicitInterface" computerName="pkrvmxyh4eaekms" duration="00:00:00.0010860" startTime="2025-06-24T21:13:41.3053477+00:00" endTime="2025-06-24T21:13:41.3064335+00:00" testType="13cdc9d9-ddb5-4fa4-a97d-d965ccfc6d4b" outcome="Passed" testListId="8c84fa94-04c1-424b-9868-57a2d4851a1d" relativeResultsDirectory="fee00018-76fc-478d-b1fa-e285a02554d3" />
    <UnitTestResult executionId="5a8bda22-51e2-40e9-8a50-c816823d7ef5" testId="4227ff06-9010-e871-ce9c-b32ecf923096" testName="SystemTypeOperatorTestNotEqual(System.Collections.Generic.IDictionary`2[System.Int32,System.String],System.Collections.Generic.Dictionary`2[TKey,TValue])" computerName="pkrvmxyh4eaekms" duration="00:00:00.0005300" startTime="2025-06-24T21:13:30.7407677+00:00" endTime="2025-06-24T21:13:30.7412977+00:00" testType="13cdc9d9-ddb5-4fa4-a97d-d965ccfc6d4b" outcome="Passed" testListId="8c84fa94-04c1-424b-9868-57a2d4851a1d" relativeResultsDirectory="5a8bda22-51e2-40e9-8a50-c816823d7ef5" />
    <UnitTestResult executionId="c382a0d2-740b-4d85-b487-a9a0df0d1536" testId="f94d6958-6588-1f41-34b4-8cd145a4db4b" testName="CodeGenTypeAttributeEmitted" computerName="pkrvmxyh4eaekms" duration="00:00:00.0001680" startTime="2025-06-24T21:13:30.5118248+00:00" endTime="2025-06-24T21:13:30.5119922+00:00" testType="13cdc9d9-ddb5-4fa4-a97d-d965ccfc6d4b" outcome="Passed" testListId="8c84fa94-04c1-424b-9868-57a2d4851a1d" relativeResultsDirectory="c382a0d2-740b-4d85-b487-a9a0df0d1536" />
    <UnitTestResult executionId="bfd64ec7-d95e-4bbd-a390-363984eef49d" testId="3ec5ba8b-f48c-92cb-ad25-87e8cf58b5f8" testName="IsReadWriteDictionary(System.Collections.Generic.IDictionary`2[System.String,System.String],True)" computerName="pkrvmxyh4eaekms" duration="00:00:00.0003880" startTime="2025-06-24T21:13:31.9830080+00:00" endTime="2025-06-24T21:13:31.9833954+00:00" testType="13cdc9d9-ddb5-4fa4-a97d-d965ccfc6d4b" outcome="Passed" testListId="8c84fa94-04c1-424b-9868-57a2d4851a1d" relativeResultsDirectory="bfd64ec7-d95e-4bbd-a390-363984eef49d" />
    <UnitTestResult executionId="2ed7ef6c-9d77-4304-a43e-a83ab5bf1799" testId="f41ad874-8379-435c-16a6-3393d7b84b2d" testName="BuildTypeProviders_Override" computerName="pkrvmxyh4eaekms" duration="00:00:00.0040820" startTime="2025-06-24T21:13:31.6560055+00:00" endTime="2025-06-24T21:13:31.6600872+00:00" testType="13cdc9d9-ddb5-4fa4-a97d-d965ccfc6d4b" outcome="Passed" testListId="8c84fa94-04c1-424b-9868-57a2d4851a1d" relativeResultsDirectory="2ed7ef6c-9d77-4304-a43e-a83ab5bf1799" />
    <UnitTestResult executionId="6695e69b-65ca-4bfd-be52-2cc810a7afdf" testId="2bd83da8-d8fb-a3a6-2379-337ad4affd31" testName="VisitsConstructors" computerName="pkrvmxyh4eaekms" duration="00:00:00.0018570" startTime="2025-06-24T21:13:31.6983755+00:00" endTime="2025-06-24T21:13:31.7002323+00:00" testType="13cdc9d9-ddb5-4fa4-a97d-d965ccfc6d4b" outcome="Passed" testListId="8c84fa94-04c1-424b-9868-57a2d4851a1d" relativeResultsDirectory="6695e69b-65ca-4bfd-be52-2cc810a7afdf" />
    <UnitTestResult executionId="92206e5e-2b47-4691-807d-110df7d8159b" testId="b6fa813b-230f-c96a-8dbd-f2bf0543fc9a" testName="TestBuildProperties_ValidatePropertySetters(Microsoft.TypeSpec.Generator.Input.InputModelProperty,global::System.Collections.Generic.IReadOnlyList&lt;string&gt;,False)" computerName="pkrvmxyh4eaekms" duration="00:00:00.0018600" startTime="2025-06-24T21:13:39.7378823+00:00" endTime="2025-06-24T21:13:39.7397420+00:00" testType="13cdc9d9-ddb5-4fa4-a97d-d965ccfc6d4b" outcome="Passed" testListId="8c84fa94-04c1-424b-9868-57a2d4851a1d" relativeResultsDirectory="92206e5e-2b47-4691-807d-110df7d8159b" />
    <UnitTestResult executionId="af21c838-ae0f-440e-8c2b-4f957b3397dd" testId="117f282b-9661-8610-dd34-bd4b21fe10d7" testName="TestToApiVersionMemberName(&quot;V2022.05.15_Preview&quot;,&quot;V2022_05_15_Preview&quot;)" computerName="pkrvmxyh4eaekms" duration="00:00:00.0000560" startTime="2025-06-24T21:13:41.2737575+00:00" endTime="2025-06-24T21:13:41.2738137+00:00" testType="13cdc9d9-ddb5-4fa4-a97d-d965ccfc6d4b" outcome="Passed" testListId="8c84fa94-04c1-424b-9868-57a2d4851a1d" relativeResultsDirectory="af21c838-ae0f-440e-8c2b-4f957b3397dd" />
    <UnitTestResult executionId="c720485e-4e96-45fe-af07-6f0d6d9dfebd" testId="8f5ff714-8385-8d42-3067-444f3820b02e" testName="TypesAreNotEqualWhenNullabilityIsDifferent(System.Collections.Generic.IDictionary`2[System.Int32,System.String])" computerName="pkrvmxyh4eaekms" duration="00:00:00.0004180" startTime="2025-06-24T21:13:32.0211636+00:00" endTime="2025-06-24T21:13:32.0215813+00:00" testType="13cdc9d9-ddb5-4fa4-a97d-d965ccfc6d4b" outcome="Passed" testListId="8c84fa94-04c1-424b-9868-57a2d4851a1d" relativeResultsDirectory="c720485e-4e96-45fe-af07-6f0d6d9dfebd" />
    <UnitTestResult executionId="db1b4549-3c82-4a54-981f-f1cbc88332b8" testId="425f0968-bc6c-b822-0d8e-78aac815df6b" testName="SeeCRefType(System.String,False)" computerName="pkrvmxyh4eaekms" duration="00:00:00.0006860" startTime="2025-06-24T21:13:41.3129180+00:00" endTime="2025-06-24T21:13:41.3136037+00:00" testType="13cdc9d9-ddb5-4fa4-a97d-d965ccfc6d4b" outcome="Passed" testListId="8c84fa94-04c1-424b-9868-57a2d4851a1d" relativeResultsDirectory="db1b4549-3c82-4a54-981f-f1cbc88332b8" />
    <UnitTestResult executionId="e46de362-3677-4e30-89f9-eae2614b97a5" testId="0dc11377-fff4-751d-96d1-181066aa4b1f" testName="IsArray(System.String[],True)" computerName="pkrvmxyh4eaekms" duration="00:00:00.0007880" startTime="2025-06-24T21:13:31.9709043+00:00" endTime="2025-06-24T21:13:31.9716923+00:00" testType="13cdc9d9-ddb5-4fa4-a97d-d965ccfc6d4b" outcome="Passed" testListId="8c84fa94-04c1-424b-9868-57a2d4851a1d" relativeResultsDirectory="e46de362-3677-4e30-89f9-eae2614b97a5" />
    <UnitTestResult executionId="735dcbae-2f0a-47a5-a5de-73de500c7436" testId="513b1e89-dfec-3248-0fba-6472ac1fefd2" testName="CollectionProperty(global::System.Collections.Generic.IDictionary&lt;string, int&gt;,Microsoft.TypeSpec.Generator.Input.InputModelProperty,global::System.Collections.Generic.IReadOnlyDictionary&lt;string, int&gt;)" computerName="pkrvmxyh4eaekms" duration="00:00:00.0008200" startTime="2025-06-24T21:13:40.4815227+00:00" endTime="2025-06-24T21:13:40.4823425+00:00" testType="13cdc9d9-ddb5-4fa4-a97d-d965ccfc6d4b" outcome="Passed" testListId="8c84fa94-04c1-424b-9868-57a2d4851a1d" relativeResultsDirectory="735dcbae-2f0a-47a5-a5de-73de500c7436" />
    <UnitTestResult executionId="95e65bc8-dec9-49c2-bba1-3ba60f3be5d7" testId="522ce947-ee66-4fd5-7c75-c945a2f3a9e4" testName="InitCtorInitializerShouldHaveCorrectParamName" computerName="pkrvmxyh4eaekms" duration="00:00:00.0027529" startTime="2025-06-24T21:13:39.6649021+00:00" endTime="2025-06-24T21:13:39.6676552+00:00" testType="13cdc9d9-ddb5-4fa4-a97d-d965ccfc6d4b" outcome="Passed" testListId="8c84fa94-04c1-424b-9868-57a2d4851a1d" relativeResultsDirectory="95e65bc8-dec9-49c2-bba1-3ba60f3be5d7" />
    <UnitTestResult executionId="5a62304f-7eb0-4b24-8420-ff269bc529dc" testId="728bdcae-6695-3542-b84c-d6fe04d3f51c" testName="AttributeStatementWithNoArgument" computerName="pkrvmxyh4eaekms" duration="00:00:00.0136670" startTime="2025-06-24T21:13:41.0355127+00:00" endTime="2025-06-24T21:13:41.0491788+00:00" testType="13cdc9d9-ddb5-4fa4-a97d-d965ccfc6d4b" outcome="Passed" testListId="8c84fa94-04c1-424b-9868-57a2d4851a1d" relativeResultsDirectory="5a62304f-7eb0-4b24-8420-ff269bc529dc" />
    <UnitTestResult executionId="44997420-8882-4027-99c7-b9e8d779c583" testId="82e56ba7-7d19-7156-0276-1085547a24bc" testName="NotNullNullableInt32" computerName="pkrvmxyh4eaekms" duration="00:00:00.0008530" startTime="2025-06-24T21:13:32.0422531+00:00" endTime="2025-06-24T21:13:32.0431056+00:00" testType="13cdc9d9-ddb5-4fa4-a97d-d965ccfc6d4b" outcome="Passed" testListId="8c84fa94-04c1-424b-9868-57a2d4851a1d" relativeResultsDirectory="44997420-8882-4027-99c7-b9e8d779c583" />
    <UnitTestResult executionId="8cbb1b80-19ea-4435-91e8-1d3629263db0" testId="1fc847a6-e70a-2855-aa14-40c36f34aab7" testName="TestIsCSharpKeyword(&quot;set&quot;,True)" computerName="pkrvmxyh4eaekms" duration="00:00:00.0003950" startTime="2025-06-24T21:13:41.2496512+00:00" endTime="2025-06-24T21:13:41.2500463+00:00" testType="13cdc9d9-ddb5-4fa4-a97d-d965ccfc6d4b" outcome="Passed" testListId="8c84fa94-04c1-424b-9868-57a2d4851a1d" relativeResultsDirectory="8cbb1b80-19ea-4435-91e8-1d3629263db0" />
    <UnitTestResult executionId="57d3d611-ddcf-4888-ac32-720425321920" testId="58fd8b43-652d-5b59-d404-5219bfb48dc4" testName="SwitchStatementEnumeratingCases" computerName="pkrvmxyh4eaekms" duration="00:00:00.0015640" startTime="2025-06-24T21:13:41.0600752+00:00" endTime="2025-06-24T21:13:41.0616393+00:00" testType="13cdc9d9-ddb5-4fa4-a97d-d965ccfc6d4b" outcome="Passed" testListId="8c84fa94-04c1-424b-9868-57a2d4851a1d" relativeResultsDirectory="57d3d611-ddcf-4888-ac32-720425321920" />
    <UnitTestResult executionId="f8896278-51d2-4749-8454-f766d2a83411" testId="7cd79aa4-0dcd-4ce3-d03a-09f624e3af36" testName="TypesAreNotEqual(System.Int32,System.Collections.Generic.IList`1[System.Int32])" computerName="pkrvmxyh4eaekms" duration="00:00:00.0005390" startTime="2025-06-24T21:13:32.0115206+00:00" endTime="2025-06-24T21:13:32.0120593+00:00" testType="13cdc9d9-ddb5-4fa4-a97d-d965ccfc6d4b" outcome="Passed" testListId="8c84fa94-04c1-424b-9868-57a2d4851a1d" relativeResultsDirectory="f8896278-51d2-4749-8454-f766d2a83411" />
    <UnitTestResult executionId="c8eeff5b-78c2-4e6d-8ebb-10f4ab6bcbcb" testId="a83e1891-87fa-9bd7-022f-4671d75b6092" testName="NonFrameworkTypeEqualsEquivalentFrameworkType(System.Int32[])" computerName="pkrvmxyh4eaekms" duration="00:00:00.0001560" startTime="2025-06-24T21:13:31.9870531+00:00" endTime="2025-06-24T21:13:31.9872093+00:00" testType="13cdc9d9-ddb5-4fa4-a97d-d965ccfc6d4b" outcome="Passed" testListId="8c84fa94-04c1-424b-9868-57a2d4851a1d" relativeResultsDirectory="c8eeff5b-78c2-4e6d-8ebb-10f4ab6bcbcb" />
    <UnitTestResult executionId="dacad8b0-c40b-418c-9ff1-e637edeb9321" testId="42ab1a53-5dd7-1f8b-4b46-663e9b803cb1" testName="TypesAreNotEqual(System.Collections.Generic.IDictionary`2[System.Int32,System.String],System.Collections.Generic.IDictionary`2[System.String,System.Int32])" computerName="pkrvmxyh4eaekms" duration="00:00:00.0005130" startTime="2025-06-24T21:13:32.0170851+00:00" endTime="2025-06-24T21:13:32.0175978+00:00" testType="13cdc9d9-ddb5-4fa4-a97d-d965ccfc6d4b" outcome="Passed" testListId="8c84fa94-04c1-424b-9868-57a2d4851a1d" relativeResultsDirectory="dacad8b0-c40b-418c-9ff1-e637edeb9321" />
    <UnitTestResult executionId="f861bddd-50b4-4e7f-90ac-e9ed56218744" testId="88acfffa-6ebd-143d-ed22-519c4f519ea6" testName="DictionaryExpression(System.Collections.Generic.IDictionary`2[System.Int32,System.String],System.Collections.Generic.Dictionary`2[System.Int32,System.Int32])" computerName="pkrvmxyh4eaekms" duration="00:00:00.0005790" startTime="2025-06-24T21:13:30.6379534+00:00" endTime="2025-06-24T21:13:30.6385318+00:00" testType="13cdc9d9-ddb5-4fa4-a97d-d965ccfc6d4b" outcome="Passed" testListId="8c84fa94-04c1-424b-9868-57a2d4851a1d" relativeResultsDirectory="f861bddd-50b4-4e7f-90ac-e9ed56218744" />
    <UnitTestResult executionId="2a091e9b-5653-4409-8130-640de904ce03" testId="2f49ddd4-65d3-e4fb-77a7-72c40a358641" testName="DerivedExpressionBodyDoesNotHaveSetterWhenNarrowed" computerName="pkrvmxyh4eaekms" duration="00:00:00.0049220" startTime="2025-06-24T21:13:39.6515620+00:00" endTime="2025-06-24T21:13:39.6564832+00:00" testType="13cdc9d9-ddb5-4fa4-a97d-d965ccfc6d4b" outcome="Passed" testListId="8c84fa94-04c1-424b-9868-57a2d4851a1d" relativeResultsDirectory="2a091e9b-5653-4409-8130-640de904ce03" />
    <UnitTestResult executionId="8bc17f36-5b22-49b9-a74e-478612c389bc" testId="a83c55d9-b4b3-f28e-764f-b9b4aa5db19f" testName="TestBuildAdditionalProperties(Microsoft.TypeSpec.Generator.Input.InputModelType,False,1)" computerName="pkrvmxyh4eaekms" duration="00:00:00.0007190" startTime="2025-06-24T21:13:39.6982251+00:00" endTime="2025-06-24T21:13:39.6989437+00:00" testType="13cdc9d9-ddb5-4fa4-a97d-d965ccfc6d4b" outcome="Passed" testListId="8c84fa94-04c1-424b-9868-57a2d4851a1d" relativeResultsDirectory="8bc17f36-5b22-49b9-a74e-478612c389bc" />
    <UnitTestResult executionId="b232c8f7-452d-4a45-9263-2aefb903dd74" testId="abdfa71c-d861-a0bd-95a8-0382e940dc7f" testName="BodyHasSetterValidation(&quot;nullableDictionaryOnOutputModel&quot;,Microsoft.TypeSpec.Generator.Input.InputModelType,False,null)" computerName="pkrvmxyh4eaekms" duration="00:00:00.0006550" startTime="2025-06-24T21:13:40.4715718+00:00" endTime="2025-06-24T21:13:40.4722266+00:00" testType="13cdc9d9-ddb5-4fa4-a97d-d965ccfc6d4b" outcome="Passed" testListId="8c84fa94-04c1-424b-9868-57a2d4851a1d" relativeResultsDirectory="b232c8f7-452d-4a45-9263-2aefb903dd74" />
    <UnitTestResult executionId="91dbdc14-3782-4358-a92c-cc6de9fb7463" testId="beb5b189-2536-cd9f-c963-dbc836000f93" testName="ValidatePropertyTypes(System.Nullable`1[System.Single])" computerName="pkrvmxyh4eaekms" duration="00:00:00.0204010" startTime="2025-06-24T21:13:40.0625712+00:00" endTime="2025-06-24T21:13:40.0829715+00:00" testType="13cdc9d9-ddb5-4fa4-a97d-d965ccfc6d4b" outcome="Passed" testListId="8c84fa94-04c1-424b-9868-57a2d4851a1d" relativeResultsDirectory="91dbdc14-3782-4358-a92c-cc6de9fb7463" />
    <UnitTestResult executionId="12f9472a-f5b5-411d-8e7b-a91a58cad7f2" testId="c02dd453-152c-0611-b51b-d11ed74a9d2c" testName="TestToApiVersionValue(&quot;V10_5_2&quot;,&quot;10-5-2&quot;)" computerName="pkrvmxyh4eaekms" duration="00:00:00.0001360" startTime="2025-06-24T21:13:41.2762603+00:00" endTime="2025-06-24T21:13:41.2763966+00:00" testType="13cdc9d9-ddb5-4fa4-a97d-d965ccfc6d4b" outcome="Passed" testListId="8c84fa94-04c1-424b-9868-57a2d4851a1d" relativeResultsDirectory="12f9472a-f5b5-411d-8e7b-a91a58cad7f2" />
    <UnitTestResult executionId="a14ff001-256a-480b-a87d-e1678628b1b9" testId="9f73a637-0534-0960-9ad3-7d40b1e02040" testName="TestBreakLines_AllLiteralsNoArgsWithCRLF" computerName="pkrvmxyh4eaekms" duration="00:00:00.0000740" startTime="2025-06-24T21:13:41.1381967+00:00" endTime="2025-06-24T21:13:41.1382706+00:00" testType="13cdc9d9-ddb5-4fa4-a97d-d965ccfc6d4b" outcome="Passed" testListId="8c84fa94-04c1-424b-9868-57a2d4851a1d" relativeResultsDirectory="a14ff001-256a-480b-a87d-e1678628b1b9" />
    <UnitTestResult executionId="daa7f7a7-6141-4dc4-ac38-77d5a478951c" testId="15c00c5b-637d-e90a-7be2-553cb45778fd" testName="SelectGeneratorStopsIfPluginThrows" computerName="pkrvmxyh4eaekms" duration="00:00:00.0021050" startTime="2025-06-24T21:13:40.9275690+00:00" endTime="2025-06-24T21:13:40.9296736+00:00" testType="13cdc9d9-ddb5-4fa4-a97d-d965ccfc6d4b" outcome="Passed" testListId="8c84fa94-04c1-424b-9868-57a2d4851a1d" relativeResultsDirectory="daa7f7a7-6141-4dc4-ac38-77d5a478951c" />
    <UnitTestResult executionId="16206d28-1377-4f6a-9ac6-afdee3c6dd8d" testId="8eb852a2-4a4f-862c-25b2-0750277a1109" testName="TypesAreEqualForGenericTypes(System.Collections.Generic.IDictionary`2[TKey,TValue],[System.String, System.String])" computerName="pkrvmxyh4eaekms" duration="00:00:00.0003450" startTime="2025-06-24T21:13:32.0083928+00:00" endTime="2025-06-24T21:13:32.0087378+00:00" testType="13cdc9d9-ddb5-4fa4-a97d-d965ccfc6d4b" outcome="Passed" testListId="8c84fa94-04c1-424b-9868-57a2d4851a1d" relativeResultsDirectory="16206d28-1377-4f6a-9ac6-afdee3c6dd8d" />
    <UnitTestResult executionId="3ba5e288-6d96-46a7-8868-c693503531cf" testId="4a01f513-c69a-d2a9-9918-136f1da2989d" testName="VisitsTypes" computerName="pkrvmxyh4eaekms" duration="00:00:00.0011230" startTime="2025-06-24T21:13:31.7106795+00:00" endTime="2025-06-24T21:13:31.7118024+00:00" testType="13cdc9d9-ddb5-4fa4-a97d-d965ccfc6d4b" outcome="Passed" testListId="8c84fa94-04c1-424b-9868-57a2d4851a1d" relativeResultsDirectory="3ba5e288-6d96-46a7-8868-c693503531cf" />
    <UnitTestResult executionId="f7eac78c-6e97-48f9-a2e1-8c4decb98636" testId="9f21cc6d-6a39-c32d-7707-7dd3e59ad042" testName="BodyHasSetterValidation(&quot;intOnInputModel&quot;,Microsoft.TypeSpec.Generator.Input.InputModelType,True,null)" computerName="pkrvmxyh4eaekms" duration="00:00:00.0006630" startTime="2025-06-24T21:13:40.4637872+00:00" endTime="2025-06-24T21:13:40.4644499+00:00" testType="13cdc9d9-ddb5-4fa4-a97d-d965ccfc6d4b" outcome="Passed" testListId="8c84fa94-04c1-424b-9868-57a2d4851a1d" relativeResultsDirectory="f7eac78c-6e97-48f9-a2e1-8c4decb98636" />
    <UnitTestResult executionId="ba43e107-8084-4c4b-bab6-a8fbcde5c7fc" testId="707fb3d0-03de-bdac-591f-7d133eb012d7" testName="CSharpTypeOperatorTestEqual(global::System.Collections.Generic.IList&lt;T&gt;)" computerName="pkrvmxyh4eaekms" duration="00:00:00.0000660" startTime="2025-06-24T21:13:30.7147242+00:00" endTime="2025-06-24T21:13:30.7147897+00:00" testType="13cdc9d9-ddb5-4fa4-a97d-d965ccfc6d4b" outcome="Passed" testListId="8c84fa94-04c1-424b-9868-57a2d4851a1d" relativeResultsDirectory="ba43e107-8084-4c4b-bab6-a8fbcde5c7fc" />
    <UnitTestResult executionId="98852077-7a85-4ffb-8942-9db068c41df8" testId="be49ff59-04e9-8655-a106-47f9f995ba2c" testName="TestIsCSharpKeyword(&quot;explicit&quot;,True)" computerName="pkrvmxyh4eaekms" duration="00:00:00.0004190" startTime="2025-06-24T21:13:41.2271269+00:00" endTime="2025-06-24T21:13:41.2275462+00:00" testType="13cdc9d9-ddb5-4fa4-a97d-d965ccfc6d4b" outcome="Passed" testListId="8c84fa94-04c1-424b-9868-57a2d4851a1d" relativeResultsDirectory="98852077-7a85-4ffb-8942-9db068c41df8" />
    <UnitTestResult executionId="84dbc818-8fa0-4fd3-87d3-1ec01e76e1e1" testId="393a5d92-f61b-33c1-f6ef-562b28684423" testName="ValidateCSharpType" computerName="pkrvmxyh4eaekms" duration="00:00:00.0003850" startTime="2025-06-24T21:13:39.8704156+00:00" endTime="2025-06-24T21:13:39.8708010+00:00" testType="13cdc9d9-ddb5-4fa4-a97d-d965ccfc6d4b" outcome="Passed" testListId="8c84fa94-04c1-424b-9868-57a2d4851a1d" relativeResultsDirectory="84dbc818-8fa0-4fd3-87d3-1ec01e76e1e1" />
    <UnitTestResult executionId="14b8ba05-9ca2-4be8-836c-b6b7b5b85934" testId="ef003b7c-c59d-5e45-7984-bdc602ac516c" testName="CanChangeForStatement" computerName="pkrvmxyh4eaekms" duration="00:00:00.0031200" startTime="2025-06-24T21:13:41.0793445+00:00" endTime="2025-06-24T21:13:41.0824643+00:00" testType="13cdc9d9-ddb5-4fa4-a97d-d965ccfc6d4b" outcome="Passed" testListId="8c84fa94-04c1-424b-9868-57a2d4851a1d" relativeResultsDirectory="14b8ba05-9ca2-4be8-836c-b6b7b5b85934" />
    <UnitTestResult executionId="a3a9a6f8-ff83-4958-830c-291ee12272d2" testId="6a61ae6d-dd9d-8e10-2fa5-74148326aae9" testName="VisitsMethods" computerName="pkrvmxyh4eaekms" duration="00:00:00.0014660" startTime="2025-06-24T21:13:31.7019772+00:00" endTime="2025-06-24T21:13:31.7034433+00:00" testType="13cdc9d9-ddb5-4fa4-a97d-d965ccfc6d4b" outcome="Passed" testListId="8c84fa94-04c1-424b-9868-57a2d4851a1d" relativeResultsDirectory="a3a9a6f8-ff83-4958-830c-291ee12272d2" />
    <UnitTestResult executionId="90057ac3-4f6a-4c73-9932-6ea7e8781c23" testId="54646a39-c2a8-7dab-6bc2-8822d2e37c7a" testName="TestIsCSharpKeyword(&quot;in&quot;,True)" computerName="pkrvmxyh4eaekms" duration="00:00:00.0004110" startTime="2025-06-24T21:13:41.2330777+00:00" endTime="2025-06-24T21:13:41.2334888+00:00" testType="13cdc9d9-ddb5-4fa4-a97d-d965ccfc6d4b" outcome="Passed" testListId="8c84fa94-04c1-424b-9868-57a2d4851a1d" relativeResultsDirectory="90057ac3-4f6a-4c73-9932-6ea7e8781c23" />
    <UnitTestResult executionId="49e39cfa-6648-4012-9477-762a84e47e09" testId="7eb545f0-c08c-0fe9-5f32-a5873e3d410e" testName="TestIsCSharpKeyword(&quot;delegate&quot;,True)" computerName="pkrvmxyh4eaekms" duration="00:00:00.0004030" startTime="2025-06-24T21:13:41.2233898+00:00" endTime="2025-06-24T21:13:41.2237928+00:00" testType="13cdc9d9-ddb5-4fa4-a97d-d965ccfc6d4b" outcome="Passed" testListId="8c84fa94-04c1-424b-9868-57a2d4851a1d" relativeResultsDirectory="49e39cfa-6648-4012-9477-762a84e47e09" />
    <UnitTestResult executionId="67e3b3cb-64e5-4ccb-ac20-14d07c248e90" testId="a1548790-4891-1ac9-dde6-2a20e441f625" testName="TestParseVersionString(&quot;1.0.0.0-beta.1&quot;,&quot;1.0.0-beta.1&quot;,1.0.0-beta.1,False)" computerName="pkrvmxyh4eaekms" duration="00:00:00.0021059" startTime="2025-06-24T21:13:41.2096801+00:00" endTime="2025-06-24T21:13:41.2117855+00:00" testType="13cdc9d9-ddb5-4fa4-a97d-d965ccfc6d4b" outcome="Passed" testListId="8c84fa94-04c1-424b-9868-57a2d4851a1d" relativeResultsDirectory="67e3b3cb-64e5-4ccb-ac20-14d07c248e90" />
    <UnitTestResult executionId="1e476a68-0438-4575-8909-0a371c3baebf" testId="8184f7a8-0925-f1d0-46b4-d23e51b3f952" testName="TestIsCSharpKeyword(&quot;return&quot;,True)" computerName="pkrvmxyh4eaekms" duration="00:00:00.0003820" startTime="2025-06-24T21:13:41.2457849+00:00" endTime="2025-06-24T21:13:41.2461669+00:00" testType="13cdc9d9-ddb5-4fa4-a97d-d965ccfc6d4b" outcome="Passed" testListId="8c84fa94-04c1-424b-9868-57a2d4851a1d" relativeResultsDirectory="1e476a68-0438-4575-8909-0a371c3baebf" />
    <UnitTestResult executionId="f531a856-9936-4433-9619-483be5d85310" testId="4cc3e218-b161-c62c-d836-0284324d6237" testName="HashCodesAreNotEqual(System.Collections.Generic.IList`1[System.Int32],System.Int32)" computerName="pkrvmxyh4eaekms" duration="00:00:00.0005599" startTime="2025-06-24T21:13:31.9619676+00:00" endTime="2025-06-24T21:13:31.9625273+00:00" testType="13cdc9d9-ddb5-4fa4-a97d-d965ccfc6d4b" outcome="Passed" testListId="8c84fa94-04c1-424b-9868-57a2d4851a1d" relativeResultsDirectory="f531a856-9936-4433-9619-483be5d85310" />
    <UnitTestResult executionId="153683ba-9660-45bc-aaa7-9dceb44ceb27" testId="c55050c0-1d45-725e-2617-d72f76287147" testName="HashCodesAreEqual(System.Collections.Generic.IDictionary`2[System.String,System.Int32])" computerName="pkrvmxyh4eaekms" duration="00:00:00.0002690" startTime="2025-06-24T21:13:31.9587332+00:00" endTime="2025-06-24T21:13:31.9590023+00:00" testType="13cdc9d9-ddb5-4fa4-a97d-d965ccfc6d4b" outcome="Passed" testListId="8c84fa94-04c1-424b-9868-57a2d4851a1d" relativeResultsDirectory="153683ba-9660-45bc-aaa7-9dceb44ceb27" />
    <UnitTestResult executionId="7eae29b1-670a-4f87-91ae-dd1b2632c56b" testId="7f92474a-3ae5-e825-288d-feb3f92941e7" testName="ValidateParameters(System.Nullable`1[System.Double],LiteralExpression { Literal = 2.2 })" computerName="pkrvmxyh4eaekms" duration="00:00:00.0117310" startTime="2025-06-24T21:13:39.9401697+00:00" endTime="2025-06-24T21:13:39.9519003+00:00" testType="13cdc9d9-ddb5-4fa4-a97d-d965ccfc6d4b" outcome="Passed" testListId="8c84fa94-04c1-424b-9868-57a2d4851a1d" relativeResultsDirectory="7eae29b1-670a-4f87-91ae-dd1b2632c56b" />
    <UnitTestResult executionId="3f821096-904e-4abe-8d4f-8c0f02bc6146" testId="f4dfe096-289b-8e1f-f467-270ed66a728d" testName="IntSerializationFormat(UInt64,null)" computerName="pkrvmxyh4eaekms" duration="00:00:00.0005470" startTime="2025-06-24T21:13:41.1356225+00:00" endTime="2025-06-24T21:13:41.1361691+00:00" testType="13cdc9d9-ddb5-4fa4-a97d-d965ccfc6d4b" outcome="Passed" testListId="8c84fa94-04c1-424b-9868-57a2d4851a1d" relativeResultsDirectory="3f821096-904e-4abe-8d4f-8c0f02bc6146" />
    <UnitTestResult executionId="eda40507-96a2-4329-80e1-d2662d93db92" testId="e1ad1f4d-9d91-fbf4-5cbe-b153c5408369" testName="TestYieldReturnStatement" computerName="pkrvmxyh4eaekms" duration="00:00:00.0005960" startTime="2025-06-24T21:13:41.0713093+00:00" endTime="2025-06-24T21:13:41.0719054+00:00" testType="13cdc9d9-ddb5-4fa4-a97d-d965ccfc6d4b" outcome="Passed" testListId="8c84fa94-04c1-424b-9868-57a2d4851a1d" relativeResultsDirectory="eda40507-96a2-4329-80e1-d2662d93db92" />
    <UnitTestResult executionId="80e89fc6-fc5e-4b45-a040-9f8621c8fe40" testId="da50189e-1654-a614-5cf7-55d31b87632c" testName="KeyValuePairExpression(System.Collections.Generic.IList`1[T],System.Collections.Generic.IList`1[System.Int32])" computerName="pkrvmxyh4eaekms" duration="00:00:00.0006260" startTime="2025-06-24T21:13:30.6560193+00:00" endTime="2025-06-24T21:13:30.6566452+00:00" testType="13cdc9d9-ddb5-4fa4-a97d-d965ccfc6d4b" outcome="Passed" testListId="8c84fa94-04c1-424b-9868-57a2d4851a1d" relativeResultsDirectory="80e89fc6-fc5e-4b45-a040-9f8621c8fe40" />
    <UnitTestResult executionId="1aa07067-62f4-4204-975c-731189d0b89c" testId="9ef6126e-f7cc-14c5-4ccf-4831db9c92a1" testName="CanCustomizeDiscriminatorModel" computerName="pkrvmxyh4eaekms" duration="00:00:00.1135590" startTime="2025-06-24T21:13:37.8274376+00:00" endTime="2025-06-24T21:13:37.9409963+00:00" testType="13cdc9d9-ddb5-4fa4-a97d-d965ccfc6d4b" outcome="Passed" testListId="8c84fa94-04c1-424b-9868-57a2d4851a1d" relativeResultsDirectory="1aa07067-62f4-4204-975c-731189d0b89c" />
    <UnitTestResult executionId="b36fd828-154c-43b7-83c7-2ac98e7cb61f" testId="dede0568-9d47-e49f-1a9a-a43efd7db022" testName="ReadOnlyDict_Defined_ReturnsTrue" computerName="pkrvmxyh4eaekms" duration="00:00:00.0012150" startTime="2025-06-24T21:13:40.4326344+00:00" endTime="2025-06-24T21:13:40.4338495+00:00" testType="13cdc9d9-ddb5-4fa4-a97d-d965ccfc6d4b" outcome="Passed" testListId="8c84fa94-04c1-424b-9868-57a2d4851a1d" relativeResultsDirectory="b36fd828-154c-43b7-83c7-2ac98e7cb61f" />
    <UnitTestResult executionId="5e86394e-7018-46e2-a0c5-c1cfd8097ab9" testId="0865271e-949d-3653-c464-83e8e0e3368f" testName="CanChangeDictOfEnumPropToDictOfExtensibleEnum" computerName="pkrvmxyh4eaekms" duration="00:00:00.0962860" startTime="2025-06-24T21:13:36.0428659+00:00" endTime="2025-06-24T21:13:36.1391516+00:00" testType="13cdc9d9-ddb5-4fa4-a97d-d965ccfc6d4b" outcome="Passed" testListId="8c84fa94-04c1-424b-9868-57a2d4851a1d" relativeResultsDirectory="5e86394e-7018-46e2-a0c5-c1cfd8097ab9" />
    <UnitTestResult executionId="803c4482-0ba5-4bec-8eca-3bcb8bf5f1c4" testId="eb168110-7166-e8a6-2128-9f569836286f" testName="BackCompatibility_NewModelPropertyAdded" computerName="pkrvmxyh4eaekms" duration="00:00:00.0868270" startTime="2025-06-24T21:13:34.2614722+00:00" endTime="2025-06-24T21:13:34.3482993+00:00" testType="13cdc9d9-ddb5-4fa4-a97d-d965ccfc6d4b" outcome="Passed" testListId="8c84fa94-04c1-424b-9868-57a2d4851a1d" relativeResultsDirectory="803c4482-0ba5-4bec-8eca-3bcb8bf5f1c4" />
    <UnitTestResult executionId="b2b3aefa-9737-4283-aeb6-bfd0eb6ab26d" testId="754f1bd6-1597-f89f-623b-19a3c18446c5" testName="FinallyStatementWithOneLineBody" computerName="pkrvmxyh4eaekms" duration="00:00:00.0002160" startTime="2025-06-24T21:13:41.0549495+00:00" endTime="2025-06-24T21:13:41.0551653+00:00" testType="13cdc9d9-ddb5-4fa4-a97d-d965ccfc6d4b" outcome="Passed" testListId="8c84fa94-04c1-424b-9868-57a2d4851a1d" relativeResultsDirectory="b2b3aefa-9737-4283-aeb6-bfd0eb6ab26d" />
    <UnitTestResult executionId="2eed0d74-1277-499b-8bf3-942ac9ed9f29" testId="abba7765-5d41-ca95-2786-a85f227f410c" testName="SystemTypeOperatorTestEqual(System.Guid)" computerName="pkrvmxyh4eaekms" duration="00:00:00.0002940" startTime="2025-06-24T21:13:30.7239079+00:00" endTime="2025-06-24T21:13:30.7242017+00:00" testType="13cdc9d9-ddb5-4fa4-a97d-d965ccfc6d4b" outcome="Passed" testListId="8c84fa94-04c1-424b-9868-57a2d4851a1d" relativeResultsDirectory="2eed0d74-1277-499b-8bf3-942ac9ed9f29" />
    <UnitTestResult executionId="34b68035-d64d-4207-b4b1-3eb2c39db955" testId="315fc9d1-2762-1c20-7cbb-ff0e06212694" testName="IsDictionary(System.Collections.Generic.IDictionary`2[TKey,TValue],True)" computerName="pkrvmxyh4eaekms" duration="00:00:00.0003810" startTime="2025-06-24T21:13:31.9763555+00:00" endTime="2025-06-24T21:13:31.9767367+00:00" testType="13cdc9d9-ddb5-4fa4-a97d-d965ccfc6d4b" outcome="Passed" testListId="8c84fa94-04c1-424b-9868-57a2d4851a1d" relativeResultsDirectory="34b68035-d64d-4207-b4b1-3eb2c39db955" />
    <UnitTestResult executionId="5ed5307f-d910-49b1-927e-ba5b47997ced" testId="38eb63dc-b52d-8bce-48df-09a5bf3605fa" testName="TypesAreEqual(System.Collections.Generic.IList`1[System.Int32])" computerName="pkrvmxyh4eaekms" duration="00:00:00.0002160" startTime="2025-06-24T21:13:32.0003427+00:00" endTime="2025-06-24T21:13:32.0005589+00:00" testType="13cdc9d9-ddb5-4fa4-a97d-d965ccfc6d4b" outcome="Passed" testListId="8c84fa94-04c1-424b-9868-57a2d4851a1d" relativeResultsDirectory="5ed5307f-d910-49b1-927e-ba5b47997ced" />
    <UnitTestResult executionId="b20d4dc4-bdad-488f-9b97-f9a82cac8ba8" testId="67412a9c-0104-f5de-b394-b2c1af9eecbf" testName="FullyQualifiedNamePopulatedForFrameworkTypes(System.Collections.Generic.IDictionary`2[System.String,System.Int32])" computerName="pkrvmxyh4eaekms" duration="00:00:00.0002230" startTime="2025-06-24T21:13:31.9047702+00:00" endTime="2025-06-24T21:13:31.9049933+00:00" testType="13cdc9d9-ddb5-4fa4-a97d-d965ccfc6d4b" outcome="Passed" testListId="8c84fa94-04c1-424b-9868-57a2d4851a1d" relativeResultsDirectory="b20d4dc4-bdad-488f-9b97-f9a82cac8ba8" />
    <UnitTestResult executionId="184cad65-9e8d-4c0c-945c-93c335d5f642" testId="ce33973f-1182-a17f-313c-67aea25866dc" testName="TypeModifiersTest(Public, Class, Abstract)" computerName="pkrvmxyh4eaekms" duration="00:00:00.0001220" startTime="2025-06-24T21:13:41.3187399+00:00" endTime="2025-06-24T21:13:41.3188617+00:00" testType="13cdc9d9-ddb5-4fa4-a97d-d965ccfc6d4b" outcome="Passed" testListId="8c84fa94-04c1-424b-9868-57a2d4851a1d" relativeResultsDirectory="184cad65-9e8d-4c0c-945c-93c335d5f642" />
    <UnitTestResult executionId="fde6e394-3d8f-42e7-8d17-68cd11d6017e" testId="07e64b3a-aa9b-ba14-4041-8a83b36381b9" testName="OperandOnLeft" computerName="pkrvmxyh4eaekms" duration="00:00:00.0003310" startTime="2025-06-24T21:13:30.7092951+00:00" endTime="2025-06-24T21:13:30.7096261+00:00" testType="13cdc9d9-ddb5-4fa4-a97d-d965ccfc6d4b" outcome="Passed" testListId="8c84fa94-04c1-424b-9868-57a2d4851a1d" relativeResultsDirectory="fde6e394-3d8f-42e7-8d17-68cd11d6017e" />
    <UnitTestResult executionId="f9e527f9-eb11-47c8-83f4-9f0a8b262e70" testId="a4721eb0-8fb7-597b-946b-9a40bbf20beb" testName="IntSerializationFormat(SafeInt,null)" computerName="pkrvmxyh4eaekms" duration="00:00:00.0006020" startTime="2025-06-24T21:13:41.1262069+00:00" endTime="2025-06-24T21:13:41.1268088+00:00" testType="13cdc9d9-ddb5-4fa4-a97d-d965ccfc6d4b" outcome="Passed" testListId="8c84fa94-04c1-424b-9868-57a2d4851a1d" relativeResultsDirectory="f9e527f9-eb11-47c8-83f4-9f0a8b262e70" />
    <UnitTestResult executionId="47ee14a9-fe3b-4836-b91f-dd1ae90c7ace" testId="150db943-c8d9-babf-885a-3b2c2432d509" testName="ListExpression(System.Int64)" computerName="pkrvmxyh4eaekms" duration="00:00:00.0004929" startTime="2025-06-24T21:13:30.6691956+00:00" endTime="2025-06-24T21:13:30.6696881+00:00" testType="13cdc9d9-ddb5-4fa4-a97d-d965ccfc6d4b" outcome="Passed" testListId="8c84fa94-04c1-424b-9868-57a2d4851a1d" relativeResultsDirectory="47ee14a9-fe3b-4836-b91f-dd1ae90c7ace" />
    <UnitTestResult executionId="1a0c855d-c7bd-4a32-aeaf-9c8e7a506fc3" testId="e678aa05-b6ee-1d32-a4ac-844b80c01900" testName="CreateForStatement" computerName="pkrvmxyh4eaekms" duration="00:00:00.0007300" startTime="2025-06-24T21:13:41.0534290+00:00" endTime="2025-06-24T21:13:41.0541585+00:00" testType="13cdc9d9-ddb5-4fa4-a97d-d965ccfc6d4b" outcome="Passed" testListId="8c84fa94-04c1-424b-9868-57a2d4851a1d" relativeResultsDirectory="1a0c855d-c7bd-4a32-aeaf-9c8e7a506fc3" />
    <UnitTestResult executionId="02e60bd8-f200-4651-a35e-af4d09af8e6b" testId="7bbe00f7-a481-c476-9f13-da55ba670a72" testName="ListExpressionAddItem" computerName="pkrvmxyh4eaekms" duration="00:00:00.0004160" startTime="2025-06-24T21:13:30.6800939+00:00" endTime="2025-06-24T21:13:30.6805095+00:00" testType="13cdc9d9-ddb5-4fa4-a97d-d965ccfc6d4b" outcome="Passed" testListId="8c84fa94-04c1-424b-9868-57a2d4851a1d" relativeResultsDirectory="02e60bd8-f200-4651-a35e-af4d09af8e6b" />
    <UnitTestResult executionId="17383877-0dc1-4e42-979b-b555294e0604" testId="e1ff934e-07a0-0a26-a8e7-0fb4a8f73c6c" testName="TestBuildSecondaryConstructor(False)" computerName="pkrvmxyh4eaekms" duration="00:00:00.0010480" startTime="2025-06-24T21:13:39.7549376+00:00" endTime="2025-06-24T21:13:39.7559859+00:00" testType="13cdc9d9-ddb5-4fa4-a97d-d965ccfc6d4b" outcome="Passed" testListId="8c84fa94-04c1-424b-9868-57a2d4851a1d" relativeResultsDirectory="17383877-0dc1-4e42-979b-b555294e0604" />
    <UnitTestResult executionId="ee2ca914-a76b-42b9-9743-337d661625af" testId="00ef2a3e-7ff0-9d6e-68c3-ad85f3770520" testName="KeyValuePairExpression(System.Collections.Generic.IList`1[System.Int32],System.Int32)" computerName="pkrvmxyh4eaekms" duration="00:00:00.0006030" startTime="2025-06-24T21:13:30.6540548+00:00" endTime="2025-06-24T21:13:30.6546574+00:00" testType="13cdc9d9-ddb5-4fa4-a97d-d965ccfc6d4b" outcome="Passed" testListId="8c84fa94-04c1-424b-9868-57a2d4851a1d" relativeResultsDirectory="ee2ca914-a76b-42b9-9743-337d661625af" />
    <UnitTestResult executionId="6476045d-f82c-4c64-bf25-a69551a7b3e4" testId="87c01078-6de1-9cc2-c82f-b4fae10d0ccc" testName="TestIsCSharpKeyword(&quot;continue&quot;,True)" computerName="pkrvmxyh4eaekms" duration="00:00:00.0004290" startTime="2025-06-24T21:13:41.2220542+00:00" endTime="2025-06-24T21:13:41.2224835+00:00" testType="13cdc9d9-ddb5-4fa4-a97d-d965ccfc6d4b" outcome="Passed" testListId="8c84fa94-04c1-424b-9868-57a2d4851a1d" relativeResultsDirectory="6476045d-f82c-4c64-bf25-a69551a7b3e4" />
    <UnitTestResult executionId="46a6ad9a-1e3c-42a9-bf46-0c6b9ad2cefa" testId="5a223c4c-43e6-8a01-1da1-2bc5f9ab8941" testName="BackCompatibility_OnlyParamOrderingChanged" computerName="pkrvmxyh4eaekms" duration="00:00:00.0437920" startTime="2025-06-24T21:13:34.3892785+00:00" endTime="2025-06-24T21:13:34.4330699+00:00" testType="13cdc9d9-ddb5-4fa4-a97d-d965ccfc6d4b" outcome="Passed" testListId="8c84fa94-04c1-424b-9868-57a2d4851a1d" relativeResultsDirectory="46a6ad9a-1e3c-42a9-bf46-0c6b9ad2cefa" />
    <UnitTestResult executionId="53ff6149-c2e2-46af-b910-e263354b2f0f" testId="8b789692-7fa9-8c51-af77-5dd69c682321" testName="IfStatementWithBoolExpression" computerName="pkrvmxyh4eaekms" duration="00:00:00.0003190" startTime="2025-06-24T21:13:41.0588678+00:00" endTime="2025-06-24T21:13:41.0591863+00:00" testType="13cdc9d9-ddb5-4fa4-a97d-d965ccfc6d4b" outcome="Passed" testListId="8c84fa94-04c1-424b-9868-57a2d4851a1d" relativeResultsDirectory="53ff6149-c2e2-46af-b910-e263354b2f0f" />
    <UnitTestResult executionId="29fc2dd1-f1f2-4e3e-a9a6-b42c9a6b1f15" testId="0ad03df0-2c8e-3063-3679-db1f3d8f66b9" testName="IsReadWriteList(System.Collections.Generic.IEnumerable`1[T],False)" computerName="pkrvmxyh4eaekms" duration="00:00:00.0004070" startTime="2025-06-24T21:13:31.9841262+00:00" endTime="2025-06-24T21:13:31.9845327+00:00" testType="13cdc9d9-ddb5-4fa4-a97d-d965ccfc6d4b" outcome="Passed" testListId="8c84fa94-04c1-424b-9868-57a2d4851a1d" relativeResultsDirectory="29fc2dd1-f1f2-4e3e-a9a6-b42c9a6b1f15" />
    <UnitTestResult executionId="f69301e4-1e3b-4952-a99d-fc637d329d46" testId="132b2b53-d44e-8789-c425-fe7fc1e38244" testName="ScopeStoredTwiceInNestedBlock" computerName="pkrvmxyh4eaekms" duration="00:00:00.0005540" startTime="2025-06-24T21:13:41.2889415+00:00" endTime="2025-06-24T21:13:41.2894950+00:00" testType="13cdc9d9-ddb5-4fa4-a97d-d965ccfc6d4b" outcome="Passed" testListId="8c84fa94-04c1-424b-9868-57a2d4851a1d" relativeResultsDirectory="f69301e4-1e3b-4952-a99d-fc637d329d46" />
    <UnitTestResult executionId="d6cbab5d-5c9b-4c1c-a0b9-9202e834a9f1" testId="2aced093-2a6f-e352-05e1-094b8ca32711" testName="CanChangeVariableExpression" computerName="pkrvmxyh4eaekms" duration="00:00:00.0013560" startTime="2025-06-24T21:13:30.5870911+00:00" endTime="2025-06-24T21:13:30.5884475+00:00" testType="13cdc9d9-ddb5-4fa4-a97d-d965ccfc6d4b" outcome="Passed" testListId="8c84fa94-04c1-424b-9868-57a2d4851a1d" relativeResultsDirectory="d6cbab5d-5c9b-4c1c-a0b9-9202e834a9f1" />
    <UnitTestResult executionId="769a28c1-0940-4d3d-9329-1fe4f5dff49b" testId="4228c33d-9ac1-acd5-28cd-e0118a4cda84" testName="CSharpTypeOperatorTestNotEqual(global::System.Collections.Generic.IList&lt;T&gt;,global::System.Collections.Generic.IDictionary&lt;TKey, TValue&gt;)" computerName="pkrvmxyh4eaekms" duration="00:00:00.0000610" startTime="2025-06-24T21:13:30.7172168+00:00" endTime="2025-06-24T21:13:30.7172782+00:00" testType="13cdc9d9-ddb5-4fa4-a97d-d965ccfc6d4b" outcome="Passed" testListId="8c84fa94-04c1-424b-9868-57a2d4851a1d" relativeResultsDirectory="769a28c1-0940-4d3d-9329-1fe4f5dff49b" />
    <UnitTestResult executionId="f7fd0aad-ca4d-49d6-ba39-4ed2710dd422" testId="815fb8f0-ad01-b4ee-797b-d30a532621d6" testName="TestIsCSharpKeyword(&quot;when&quot;,True)" computerName="pkrvmxyh4eaekms" duration="00:00:00.0025000" startTime="2025-06-24T21:13:41.2669473+00:00" endTime="2025-06-24T21:13:41.2694468+00:00" testType="13cdc9d9-ddb5-4fa4-a97d-d965ccfc6d4b" outcome="Passed" testListId="8c84fa94-04c1-424b-9868-57a2d4851a1d" relativeResultsDirectory="f7fd0aad-ca4d-49d6-ba39-4ed2710dd422" />
    <UnitTestResult executionId="1b7d050f-cc6f-49e2-b3b2-deaec5ac1660" testId="01fae031-7483-b5ad-f374-e6d1c6f24e58" testName="CanChangePropertyAccessibility" computerName="pkrvmxyh4eaekms" duration="00:00:00.1723770" startTime="2025-06-24T21:13:37.1733848+00:00" endTime="2025-06-24T21:13:37.3457611+00:00" testType="13cdc9d9-ddb5-4fa4-a97d-d965ccfc6d4b" outcome="Passed" testListId="8c84fa94-04c1-424b-9868-57a2d4851a1d" relativeResultsDirectory="1b7d050f-cc6f-49e2-b3b2-deaec5ac1660" />
    <UnitTestResult executionId="41064bfd-78fa-40a4-8b2a-3c15e6911e6c" testId="84c06b8b-8cb9-f6cb-e4e2-8264159a20ad" testName="ScopeStoredTwiceInSkippedNestedBlock" computerName="pkrvmxyh4eaekms" duration="00:00:00.0005610" startTime="2025-06-24T21:13:41.2895120+00:00" endTime="2025-06-24T21:13:41.2900729+00:00" testType="13cdc9d9-ddb5-4fa4-a97d-d965ccfc6d4b" outcome="Passed" testListId="8c84fa94-04c1-424b-9868-57a2d4851a1d" relativeResultsDirectory="41064bfd-78fa-40a4-8b2a-3c15e6911e6c" />
    <UnitTestResult executionId="993bdb09-4cfd-404e-a59c-e0425d8a0efa" testId="fadbdbac-e482-4c2f-a41c-8efb1b08e4bb" testName="TypesAreNotEqual(System.Int32,System.String)" computerName="pkrvmxyh4eaekms" duration="00:00:00.0008100" startTime="2025-06-24T21:13:32.0093836+00:00" endTime="2025-06-24T21:13:32.0101930+00:00" testType="13cdc9d9-ddb5-4fa4-a97d-d965ccfc6d4b" outcome="Passed" testListId="8c84fa94-04c1-424b-9868-57a2d4851a1d" relativeResultsDirectory="993bdb09-4cfd-404e-a59c-e0425d8a0efa" />
    <UnitTestResult executionId="9ab6a2c7-e5f0-44a0-8e76-908480df4a3b" testId="4b750040-5eee-93a9-4ee4-76adf886dd3e" testName="ValidateListParameterHandlingInConstructor" computerName="pkrvmxyh4eaekms" duration="00:00:00.0018610" startTime="2025-06-24T21:13:39.7583890+00:00" endTime="2025-06-24T21:13:39.7602494+00:00" testType="13cdc9d9-ddb5-4fa4-a97d-d965ccfc6d4b" outcome="Passed" testListId="8c84fa94-04c1-424b-9868-57a2d4851a1d" relativeResultsDirectory="9ab6a2c7-e5f0-44a0-8e76-908480df4a3b" />
    <UnitTestResult executionId="7c6d641a-7393-4e39-807a-0bdc8c5223dd" testId="c5a6f9b8-2be1-5845-0cfa-0cdabfe6a5fe" testName="TestIsCSharpKeyword(&quot;false&quot;,True)" computerName="pkrvmxyh4eaekms" duration="00:00:00.0004360" startTime="2025-06-24T21:13:41.2279662+00:00" endTime="2025-06-24T21:13:41.2284021+00:00" testType="13cdc9d9-ddb5-4fa4-a97d-d965ccfc6d4b" outcome="Passed" testListId="8c84fa94-04c1-424b-9868-57a2d4851a1d" relativeResultsDirectory="7c6d641a-7393-4e39-807a-0bdc8c5223dd" />
    <UnitTestResult executionId="82a0ce61-b149-43a7-b4f2-874903c5f3e9" testId="761e888f-aae6-3d89-0576-6d173465af03" testName="CSharpTypeOperatorTestNotEqual(int,bool)" computerName="pkrvmxyh4eaekms" duration="00:00:00.0007220" startTime="2025-06-24T21:13:30.7148567+00:00" endTime="2025-06-24T21:13:30.7155782+00:00" testType="13cdc9d9-ddb5-4fa4-a97d-d965ccfc6d4b" outcome="Passed" testListId="8c84fa94-04c1-424b-9868-57a2d4851a1d" relativeResultsDirectory="82a0ce61-b149-43a7-b4f2-874903c5f3e9" />
    <UnitTestResult executionId="c67a547c-7812-4d44-899a-7c8ae47b6bc0" testId="28823402-f570-a9ee-cd35-954faff45017" testName="HashCodesAreEqual(System.Collections.Generic.IDictionary`2[System.Collections.Generic.IDictionary`2[System.Int32,System.String],System.Collections.Generic.IDictionary`2[System.String,System.Int32]])" computerName="pkrvmxyh4eaekms" duration="00:00:00.0002780" startTime="2025-06-24T21:13:31.9590192+00:00" endTime="2025-06-24T21:13:31.9592972+00:00" testType="13cdc9d9-ddb5-4fa4-a97d-d965ccfc6d4b" outcome="Passed" testListId="8c84fa94-04c1-424b-9868-57a2d4851a1d" relativeResultsDirectory="c67a547c-7812-4d44-899a-7c8ae47b6bc0" />
    <UnitTestResult executionId="daf016c8-8744-4915-a11a-3df24fa64598" testId="fd8b3364-50f5-7130-781e-8e24e19fa407" testName="FullyQualifiedNamePopulatedForFrameworkTypes(System.Collections.Generic.IList`1[T])" computerName="pkrvmxyh4eaekms" duration="00:00:00.0004700" startTime="2025-06-24T21:13:31.9030814+00:00" endTime="2025-06-24T21:13:31.9035515+00:00" testType="13cdc9d9-ddb5-4fa4-a97d-d965ccfc6d4b" outcome="Passed" testListId="8c84fa94-04c1-424b-9868-57a2d4851a1d" relativeResultsDirectory="daf016c8-8744-4915-a11a-3df24fa64598" />
    <UnitTestResult executionId="13d303d4-d098-49aa-befb-cea1ae4f8e17" testId="d328b59f-8c45-6551-a565-0b5da9eb7464" testName="RemoveElement" computerName="pkrvmxyh4eaekms" duration="00:00:00.0008250" startTime="2025-06-24T21:13:32.1770097+00:00" endTime="2025-06-24T21:13:32.1778344+00:00" testType="13cdc9d9-ddb5-4fa4-a97d-d965ccfc6d4b" outcome="Passed" testListId="8c84fa94-04c1-424b-9868-57a2d4851a1d" relativeResultsDirectory="13d303d4-d098-49aa-befb-cea1ae4f8e17" />
    <UnitTestResult executionId="2714c8cd-dd8a-423e-bc91-ed4e9ed0b535" testId="5c292b76-226d-bd23-5888-221e583ba883" testName="IsReadWriteList(System.Collections.Generic.IList`1[T],True)" computerName="pkrvmxyh4eaekms" duration="00:00:00.0001720" startTime="2025-06-24T21:13:31.9849212+00:00" endTime="2025-06-24T21:13:31.9850926+00:00" testType="13cdc9d9-ddb5-4fa4-a97d-d965ccfc6d4b" outcome="Passed" testListId="8c84fa94-04c1-424b-9868-57a2d4851a1d" relativeResultsDirectory="2714c8cd-dd8a-423e-bc91-ed4e9ed0b535" />
    <UnitTestResult executionId="d9f112fc-fa5e-4c0c-872d-b9c8453481a0" testId="3140ba5e-963b-4052-bcda-569db27c5b8b" testName="TypeModifiersTest(Public, Class, Partial, Abstract)" computerName="pkrvmxyh4eaekms" duration="00:00:00.0001160" startTime="2025-06-24T21:13:41.3188762+00:00" endTime="2025-06-24T21:13:41.3189922+00:00" testType="13cdc9d9-ddb5-4fa4-a97d-d965ccfc6d4b" outcome="Passed" testListId="8c84fa94-04c1-424b-9868-57a2d4851a1d" relativeResultsDirectory="d9f112fc-fa5e-4c0c-872d-b9c8453481a0" />
    <UnitTestResult executionId="ff941ff1-64ce-4adc-8694-16fe17d773bb" testId="e1da224a-6889-e7f0-4909-8f9f1d973abe" testName="DoesNotIncludeReqCustomFieldLiteralInDefaultCtor" computerName="pkrvmxyh4eaekms" duration="00:00:00.1248400" startTime="2025-06-24T21:13:39.2729853+00:00" endTime="2025-06-24T21:13:39.3978242+00:00" testType="13cdc9d9-ddb5-4fa4-a97d-d965ccfc6d4b" outcome="Passed" testListId="8c84fa94-04c1-424b-9868-57a2d4851a1d" relativeResultsDirectory="ff941ff1-64ce-4adc-8694-16fe17d773bb" />
    <UnitTestResult executionId="fa44163c-e676-414a-939c-592f0dc980d5" testId="b4765288-7dfb-2aff-8e32-4472b27e8e24" testName="Str_NotNull_ReturnsTrue" computerName="pkrvmxyh4eaekms" duration="00:00:00.0001660" startTime="2025-06-24T21:13:40.4340373+00:00" endTime="2025-06-24T21:13:40.4342029+00:00" testType="13cdc9d9-ddb5-4fa4-a97d-d965ccfc6d4b" outcome="Passed" testListId="8c84fa94-04c1-424b-9868-57a2d4851a1d" relativeResultsDirectory="fa44163c-e676-414a-939c-592f0dc980d5" />
    <UnitTestResult executionId="d08fbd44-21ff-4f99-81bc-8cba20d1b0ae" testId="92d52b5a-3c86-52a1-0ff1-d8084a85e71a" testName="KeyValuePairExpression(System.Collections.Generic.IDictionary`2[System.Int32,System.String],System.Collections.Generic.Dictionary`2[TKey,TValue])" computerName="pkrvmxyh4eaekms" duration="00:00:00.0006210" startTime="2025-06-24T21:13:30.6608861+00:00" endTime="2025-06-24T21:13:30.6615069+00:00" testType="13cdc9d9-ddb5-4fa4-a97d-d965ccfc6d4b" outcome="Passed" testListId="8c84fa94-04c1-424b-9868-57a2d4851a1d" relativeResultsDirectory="d08fbd44-21ff-4f99-81bc-8cba20d1b0ae" />
    <UnitTestResult executionId="3405b48b-f22b-4578-b867-1e984dc7dd14" testId="b498280c-f2d3-17a4-6d60-75dd66905459" testName="InvalidDocCommentWithCrefMethod" computerName="pkrvmxyh4eaekms" duration="00:00:00.0004570" startTime="2025-06-24T21:13:41.1163067+00:00" endTime="2025-06-24T21:13:41.1167638+00:00" testType="13cdc9d9-ddb5-4fa4-a97d-d965ccfc6d4b" outcome="Passed" testListId="8c84fa94-04c1-424b-9868-57a2d4851a1d" relativeResultsDirectory="3405b48b-f22b-4578-b867-1e984dc7dd14" />
    <UnitTestResult executionId="953c5c24-ef2a-490a-b5a1-df7073b64dba" testId="0380a994-cb1e-d971-17c9-30c75820a28e" testName="UnknownVariantIsInternal" computerName="pkrvmxyh4eaekms" duration="00:00:00.0022310" startTime="2025-06-24T21:13:35.9272784+00:00" endTime="2025-06-24T21:13:35.9295097+00:00" testType="13cdc9d9-ddb5-4fa4-a97d-d965ccfc6d4b" outcome="Passed" testListId="8c84fa94-04c1-424b-9868-57a2d4851a1d" relativeResultsDirectory="953c5c24-ef2a-490a-b5a1-df7073b64dba" />
    <UnitTestResult executionId="5468847f-6941-4baa-8506-6435f3559038" testId="6ae2e32b-e312-97af-fb1c-95c52237f233" testName="TypesAreEqual(System.Collections.Generic.IDictionary`2[System.Collections.Generic.IDictionary`2[System.Int32,System.String],System.Collections.Generic.IDictionary`2[System.String,System.Int32]])" computerName="pkrvmxyh4eaekms" duration="00:00:00.0002540" startTime="2025-06-24T21:13:32.0012533+00:00" endTime="2025-06-24T21:13:32.0015076+00:00" testType="13cdc9d9-ddb5-4fa4-a97d-d965ccfc6d4b" outcome="Passed" testListId="8c84fa94-04c1-424b-9868-57a2d4851a1d" relativeResultsDirectory="5468847f-6941-4baa-8506-6435f3559038" />
    <UnitTestResult executionId="c8a1b936-413e-4102-9d94-c9a4fd944116" testId="002574d2-7793-d63b-b71c-bb7a382ebec7" testName="SingleLineSummaryWithLineBreaks" computerName="pkrvmxyh4eaekms" duration="00:00:00.0004190" startTime="2025-06-24T21:13:41.3158471+00:00" endTime="2025-06-24T21:13:41.3162658+00:00" testType="13cdc9d9-ddb5-4fa4-a97d-d965ccfc6d4b" outcome="Passed" testListId="8c84fa94-04c1-424b-9868-57a2d4851a1d" relativeResultsDirectory="c8a1b936-413e-4102-9d94-c9a4fd944116" />
    <UnitTestResult executionId="9bcc970b-06e8-44b4-95ba-6eab49d658d9" testId="54fa4a71-6b61-4153-bfb9-f6c8f55523ed" testName="ListExpression(System.Single)" computerName="pkrvmxyh4eaekms" duration="00:00:00.0002980" startTime="2025-06-24T21:13:30.6701059+00:00" endTime="2025-06-24T21:13:30.6704038+00:00" testType="13cdc9d9-ddb5-4fa4-a97d-d965ccfc6d4b" outcome="Passed" testListId="8c84fa94-04c1-424b-9868-57a2d4851a1d" relativeResultsDirectory="9bcc970b-06e8-44b4-95ba-6eab49d658d9" />
    <UnitTestResult executionId="9b8ddbb8-70bd-44ff-99b1-a91533f2fd19" testId="162ec600-3c0d-b20b-0ef0-589a4bc1ab7f" testName="TestIsCSharpKeyword(&quot;case&quot;,True)" computerName="pkrvmxyh4eaekms" duration="00:00:00.0003760" startTime="2025-06-24T21:13:41.2195948+00:00" endTime="2025-06-24T21:13:41.2199702+00:00" testType="13cdc9d9-ddb5-4fa4-a97d-d965ccfc6d4b" outcome="Passed" testListId="8c84fa94-04c1-424b-9868-57a2d4851a1d" relativeResultsDirectory="9b8ddbb8-70bd-44ff-99b1-a91533f2fd19" />
    <UnitTestResult executionId="4803dc69-1d70-4ee0-b7be-9d7fbc72eaa4" testId="da477cfb-19a2-e344-47c1-5d2441f8f2a1" testName="TypesAreNotEqualWhenNullabilityIsDifferent(System.Collections.Generic.IList`1[System.String])" computerName="pkrvmxyh4eaekms" duration="00:00:00.0003850" startTime="2025-06-24T21:13:32.0207590+00:00" endTime="2025-06-24T21:13:32.0211436+00:00" testType="13cdc9d9-ddb5-4fa4-a97d-d965ccfc6d4b" outcome="Passed" testListId="8c84fa94-04c1-424b-9868-57a2d4851a1d" relativeResultsDirectory="4803dc69-1d70-4ee0-b7be-9d7fbc72eaa4" />
    <UnitTestResult executionId="cd12cae2-00eb-4b84-8101-b17e1f0a644c" testId="06278a9c-3e40-0213-a3b2-aaf46ee40394" testName="SystemTypeOperatorTestNotEqual(System.Collections.Generic.IDictionary`2[System.Collections.Generic.IDictionary`2[System.Int32,System.String],System.Collections.Generic.IDictionary`2[System.String,System.Int32]],System.Collections.Generic.IDictionary`2[System.Collections.Generic.IDictionary`2[System.String,System.Int32],System.Collections.Generic.IDictionary`2[System.String,System.Int32]])" computerName="pkrvmxyh4eaekms" duration="00:00:00.0005970" startTime="2025-06-24T21:13:30.7441575+00:00" endTime="2025-06-24T21:13:30.7447548+00:00" testType="13cdc9d9-ddb5-4fa4-a97d-d965ccfc6d4b" outcome="Passed" testListId="8c84fa94-04c1-424b-9868-57a2d4851a1d" relativeResultsDirectory="cd12cae2-00eb-4b84-8101-b17e1f0a644c" />
    <UnitTestResult executionId="002be210-6d1f-4c81-a1cc-07c59a775df0" testId="adb48672-2eac-7363-7f29-632c9a4e67c2" testName="ValueTypeHasNoValidation(Microsoft.TypeSpec.Generator.Input.InputPrimitiveType)" computerName="pkrvmxyh4eaekms" duration="00:00:00.0006960" startTime="2025-06-24T21:13:40.4478828+00:00" endTime="2025-06-24T21:13:40.4485782+00:00" testType="13cdc9d9-ddb5-4fa4-a97d-d965ccfc6d4b" outcome="Passed" testListId="8c84fa94-04c1-424b-9868-57a2d4851a1d" relativeResultsDirectory="002be210-6d1f-4c81-a1cc-07c59a775df0" />
    <UnitTestResult executionId="dde096ca-02f1-4d97-ae58-3224edfce7e6" testId="09cddab9-eb31-04da-1175-a69e6fc6e11a" testName="IntSerializationFormat(Int32,null)" computerName="pkrvmxyh4eaekms" duration="00:00:00.0004890" startTime="2025-06-24T21:13:41.1299190+00:00" endTime="2025-06-24T21:13:41.1304075+00:00" testType="13cdc9d9-ddb5-4fa4-a97d-d965ccfc6d4b" outcome="Passed" testListId="8c84fa94-04c1-424b-9868-57a2d4851a1d" relativeResultsDirectory="dde096ca-02f1-4d97-ae58-3224edfce7e6" />
    <UnitTestResult executionId="e47ffefd-34db-4c16-9e1a-4aeca1642f42" testId="e4533c6c-cf44-9409-0bf0-ba815e23e9b7" testName="TestIsCSharpKeyword(&quot;catch&quot;,True)" computerName="pkrvmxyh4eaekms" duration="00:00:00.0003900" startTime="2025-06-24T21:13:41.2199851+00:00" endTime="2025-06-24T21:13:41.2203755+00:00" testType="13cdc9d9-ddb5-4fa4-a97d-d965ccfc6d4b" outcome="Passed" testListId="8c84fa94-04c1-424b-9868-57a2d4851a1d" relativeResultsDirectory="e47ffefd-34db-4c16-9e1a-4aeca1642f42" />
    <UnitTestResult executionId="833a5fd0-27f7-44d9-b803-83c986f50eff" testId="ac442438-d123-1eb0-fc6e-97447f034152" testName="TestIsCSharpKeyword(&quot;event&quot;,True)" computerName="pkrvmxyh4eaekms" duration="00:00:00.0004190" startTime="2025-06-24T21:13:41.2266922+00:00" endTime="2025-06-24T21:13:41.2271110+00:00" testType="13cdc9d9-ddb5-4fa4-a97d-d965ccfc6d4b" outcome="Passed" testListId="8c84fa94-04c1-424b-9868-57a2d4851a1d" relativeResultsDirectory="833a5fd0-27f7-44d9-b803-83c986f50eff" />
    <UnitTestResult executionId="ae512cce-579e-4805-8c41-8f4a09a67559" testId="2b30d78e-2780-638d-4d4e-ad1bdc603ccd" testName="TypesAreNotEqualWhenNullabilityIsDifferent(System.Collections.Generic.IDictionary`2[System.String,System.Nullable`1[System.Int32]])" computerName="pkrvmxyh4eaekms" duration="00:00:00.0003570" startTime="2025-06-24T21:13:32.0223977+00:00" endTime="2025-06-24T21:13:32.0227548+00:00" testType="13cdc9d9-ddb5-4fa4-a97d-d965ccfc6d4b" outcome="Passed" testListId="8c84fa94-04c1-424b-9868-57a2d4851a1d" relativeResultsDirectory="ae512cce-579e-4805-8c41-8f4a09a67559" />
    <UnitTestResult executionId="e1cf1077-e307-4515-a5d6-c7f68cae0fdb" testId="e8583dfe-bef2-ad72-ae84-7a0c797fce55" testName="IsList(System.Collections.Generic.List`1[T],True)" computerName="pkrvmxyh4eaekms" duration="00:00:00.0002250" startTime="2025-06-24T21:13:31.9791709+00:00" endTime="2025-06-24T21:13:31.9793961+00:00" testType="13cdc9d9-ddb5-4fa4-a97d-d965ccfc6d4b" outcome="Passed" testListId="8c84fa94-04c1-424b-9868-57a2d4851a1d" relativeResultsDirectory="e1cf1077-e307-4515-a5d6-c7f68cae0fdb" />
    <UnitTestResult executionId="011c83a7-52e2-486d-a04b-abebd79ad5e6" testId="23c59f2d-7d8b-10cc-504a-a960e4958c91" testName="Dict_Undefined_ReturnsFalse" computerName="pkrvmxyh4eaekms" duration="00:00:00.0002010" startTime="2025-06-24T21:13:40.4304748+00:00" endTime="2025-06-24T21:13:40.4306757+00:00" testType="13cdc9d9-ddb5-4fa4-a97d-d965ccfc6d4b" outcome="Passed" testListId="8c84fa94-04c1-424b-9868-57a2d4851a1d" relativeResultsDirectory="011c83a7-52e2-486d-a04b-abebd79ad5e6" />
    <UnitTestResult executionId="fb3d3754-cf21-4664-8594-e723a033870b" testId="eecc404d-052a-2f47-4d54-cb8073db15f9" testName="TestIsCSharpKeyword(&quot;checked&quot;,True)" computerName="pkrvmxyh4eaekms" duration="00:00:00.0003900" startTime="2025-06-24T21:13:41.2207816+00:00" endTime="2025-06-24T21:13:41.2211718+00:00" testType="13cdc9d9-ddb5-4fa4-a97d-d965ccfc6d4b" outcome="Passed" testListId="8c84fa94-04c1-424b-9868-57a2d4851a1d" relativeResultsDirectory="fb3d3754-cf21-4664-8594-e723a033870b" />
    <UnitTestResult executionId="6a5e2972-7560-43de-afc1-ccaa8f5fce65" testId="800adef5-f024-3821-03a2-7be53313576d" testName="ValidateNamespaceNestedType" computerName="pkrvmxyh4eaekms" duration="00:00:00.0009940" startTime="2025-06-24T21:13:39.8841537+00:00" endTime="2025-06-24T21:13:39.8851475+00:00" testType="13cdc9d9-ddb5-4fa4-a97d-d965ccfc6d4b" outcome="Passed" testListId="8c84fa94-04c1-424b-9868-57a2d4851a1d" relativeResultsDirectory="6a5e2972-7560-43de-afc1-ccaa8f5fce65" />
    <UnitTestResult executionId="7d5bc04d-8386-4aab-bac4-19028a70b92b" testId="32f519da-a40b-b181-4d83-4257f290e3db" testName="CanChangePropertyNameAndRedefineOriginal" computerName="pkrvmxyh4eaekms" duration="00:00:00.0911990" startTime="2025-06-24T21:13:37.4630002+00:00" endTime="2025-06-24T21:13:37.5541984+00:00" testType="13cdc9d9-ddb5-4fa4-a97d-d965ccfc6d4b" outcome="Passed" testListId="8c84fa94-04c1-424b-9868-57a2d4851a1d" relativeResultsDirectory="7d5bc04d-8386-4aab-bac4-19028a70b92b" />
    <UnitTestResult executionId="6d4118dc-4605-4b88-b287-d8d6521a4ebb" testId="b888e675-3eac-834f-10b9-417da3997633" testName="TestIsCSharpKeyword(&quot;virtual&quot;,True)" computerName="pkrvmxyh4eaekms" duration="00:00:00.0003660" startTime="2025-06-24T21:13:41.2657853+00:00" endTime="2025-06-24T21:13:41.2661511+00:00" testType="13cdc9d9-ddb5-4fa4-a97d-d965ccfc6d4b" outcome="Passed" testListId="8c84fa94-04c1-424b-9868-57a2d4851a1d" relativeResultsDirectory="6d4118dc-4605-4b88-b287-d8d6521a4ebb" />
    <UnitTestResult executionId="3037f588-7047-4a4c-b6c6-5760daf9b3e4" testId="27bca920-a72d-e65e-33db-54c0a6ef7019" testName="SystemTypeOperatorTestNotEqual(System.Collections.Generic.IDictionary`2[System.Int32,System.String],System.Collections.Generic.Dictionary`2[System.Int32,System.Int32])" computerName="pkrvmxyh4eaekms" duration="00:00:00.0005780" startTime="2025-06-24T21:13:30.7413554+00:00" endTime="2025-06-24T21:13:30.7419337+00:00" testType="13cdc9d9-ddb5-4fa4-a97d-d965ccfc6d4b" outcome="Passed" testListId="8c84fa94-04c1-424b-9868-57a2d4851a1d" relativeResultsDirectory="3037f588-7047-4a4c-b6c6-5760daf9b3e4" />
    <UnitTestResult executionId="ee207d7b-0d09-441c-9f18-4627ca1287ea" testId="19c6427d-1cc5-f3a5-e1e7-57d8b4ee9bd2" testName="EqualToFrameworkType(System.Collections.Generic.IDictionary`2[System.Int32,System.Int32])" computerName="pkrvmxyh4eaekms" duration="00:00:00.0002260" startTime="2025-06-24T21:13:31.9005848+00:00" endTime="2025-06-24T21:13:31.9008110+00:00" testType="13cdc9d9-ddb5-4fa4-a97d-d965ccfc6d4b" outcome="Passed" testListId="8c84fa94-04c1-424b-9868-57a2d4851a1d" relativeResultsDirectory="ee207d7b-0d09-441c-9f18-4627ca1287ea" />
    <UnitTestResult executionId="e3439a3b-0254-48b7-a9a8-918621ff56b8" testId="422d58df-bd54-7767-dc16-1a66de87ac79" testName="TestBreakLines_OneArgOnlyWithMultipleCRs" computerName="pkrvmxyh4eaekms" duration="00:00:00.0000730" startTime="2025-06-24T21:13:41.1385576+00:00" endTime="2025-06-24T21:13:41.1386301+00:00" testType="13cdc9d9-ddb5-4fa4-a97d-d965ccfc6d4b" outcome="Passed" testListId="8c84fa94-04c1-424b-9868-57a2d4851a1d" relativeResultsDirectory="e3439a3b-0254-48b7-a9a8-918621ff56b8" />
    <UnitTestResult executionId="1741cad5-8531-4f57-a58c-0a087ad10179" testId="64dba5e6-e4e2-6bd2-0a47-e237fafea9f7" testName="TestToApiVersionValue(&quot;V1_0_0_Alpha&quot;,&quot;1-0-0-alpha&quot;)" computerName="pkrvmxyh4eaekms" duration="00:00:00.0014550" startTime="2025-06-24T21:13:41.2747835+00:00" endTime="2025-06-24T21:13:41.2762385+00:00" testType="13cdc9d9-ddb5-4fa4-a97d-d965ccfc6d4b" outcome="Passed" testListId="8c84fa94-04c1-424b-9868-57a2d4851a1d" relativeResultsDirectory="1741cad5-8531-4f57-a58c-0a087ad10179" />
    <UnitTestResult executionId="6467c57c-9eed-4166-a2a8-99c927bcddf4" testId="314ed5eb-05ef-f064-7467-995a31d3e7f4" testName="TypesAreNotEqual(System.Collections.Generic.IList`1[System.Int32],System.Int32)" computerName="pkrvmxyh4eaekms" duration="00:00:00.0005480" startTime="2025-06-24T21:13:32.0120932+00:00" endTime="2025-06-24T21:13:32.0126412+00:00" testType="13cdc9d9-ddb5-4fa4-a97d-d965ccfc6d4b" outcome="Passed" testListId="8c84fa94-04c1-424b-9868-57a2d4851a1d" relativeResultsDirectory="6467c57c-9eed-4166-a2a8-99c927bcddf4" />
    <UnitTestResult executionId="f34b3375-9de3-4d68-87c6-0d48467da3bc" testId="c7a0c7b3-9846-2a4b-b8bb-61d83e352bfb" testName="TypesAreEqualForGenericTypes(System.Collections.Generic.IReadOnlyList`1[T],[System.String])" computerName="pkrvmxyh4eaekms" duration="00:00:00.0044160" startTime="2025-06-24T21:13:32.0039412+00:00" endTime="2025-06-24T21:13:32.0083565+00:00" testType="13cdc9d9-ddb5-4fa4-a97d-d965ccfc6d4b" outcome="Passed" testListId="8c84fa94-04c1-424b-9868-57a2d4851a1d" relativeResultsDirectory="f34b3375-9de3-4d68-87c6-0d48467da3bc" />
    <UnitTestResult executionId="545daa38-d383-4ddd-973c-d9f3f808da54" testId="65447680-2649-575c-78cc-9a2645bae4cc" testName="IsList(System.Collections.Generic.IReadOnlyList`1[T],True)" computerName="pkrvmxyh4eaekms" duration="00:00:00.0001850" startTime="2025-06-24T21:13:31.9785483+00:00" endTime="2025-06-24T21:13:31.9787336+00:00" testType="13cdc9d9-ddb5-4fa4-a97d-d965ccfc6d4b" outcome="Passed" testListId="8c84fa94-04c1-424b-9868-57a2d4851a1d" relativeResultsDirectory="545daa38-d383-4ddd-973c-d9f3f808da54" />
    <UnitTestResult executionId="ab4b7cca-0723-47f5-bb5c-c8e53898c6f6" testId="c45fc3c6-4264-b296-c4f3-e8618808a521" testName="NotEqualToFrameworkType(System.Collections.Generic.IList`1[System.Int32],System.Collections.Generic.IList`1[System.String])" computerName="pkrvmxyh4eaekms" duration="00:00:00.0004440" startTime="2025-06-24T21:13:31.9916504+00:00" endTime="2025-06-24T21:13:31.9920941+00:00" testType="13cdc9d9-ddb5-4fa4-a97d-d965ccfc6d4b" outcome="Passed" testListId="8c84fa94-04c1-424b-9868-57a2d4851a1d" relativeResultsDirectory="ab4b7cca-0723-47f5-bb5c-c8e53898c6f6" />
    <UnitTestResult executionId="670f3e93-baaf-425d-903d-e7506e2c7b71" testId="2d409205-bd6b-eece-0bf9-3da5a8853c4a" testName="CanChangeExpressionStatement" computerName="pkrvmxyh4eaekms" duration="00:00:00.0026290" startTime="2025-06-24T21:13:30.5753064+00:00" endTime="2025-06-24T21:13:30.5779351+00:00" testType="13cdc9d9-ddb5-4fa4-a97d-d965ccfc6d4b" outcome="Passed" testListId="8c84fa94-04c1-424b-9868-57a2d4851a1d" relativeResultsDirectory="670f3e93-baaf-425d-903d-e7506e2c7b71" />
    <UnitTestResult executionId="c96e064e-b506-4701-ba87-9c3c4e25cfe9" testId="3c3ad267-fe4c-e9ff-2334-9888a91f01da" testName="BuildPropertyDescription(Microsoft.TypeSpec.Generator.Input.InputModelProperty,global::System.Collections.Generic.IList&lt;string&gt;)" computerName="pkrvmxyh4eaekms" duration="00:00:00.0015700" startTime="2025-06-24T21:13:40.4513380+00:00" endTime="2025-06-24T21:13:40.4529083+00:00" testType="13cdc9d9-ddb5-4fa4-a97d-d965ccfc6d4b" outcome="Passed" testListId="8c84fa94-04c1-424b-9868-57a2d4851a1d" relativeResultsDirectory="c96e064e-b506-4701-ba87-9c3c4e25cfe9" />
    <UnitTestResult executionId="4f65ed16-f7eb-4524-a849-0a579dece6ee" testId="2c3719e4-73e2-bca8-6192-023a0218f59a" testName="TestIsCSharpKeyword(&quot;ulong&quot;,True)" computerName="pkrvmxyh4eaekms" duration="00:00:00.0003230" startTime="2025-06-24T21:13:41.2629578+00:00" endTime="2025-06-24T21:13:41.2632805+00:00" testType="13cdc9d9-ddb5-4fa4-a97d-d965ccfc6d4b" outcome="Passed" testListId="8c84fa94-04c1-424b-9868-57a2d4851a1d" relativeResultsDirectory="4f65ed16-f7eb-4524-a849-0a579dece6ee" />
    <UnitTestResult executionId="ca36ebf4-92f3-447b-9a22-4b52d8e02375" testId="26b5d5c1-e705-32b0-2159-1d5a15990b3c" testName="BuildEnumType_ValidateStringBasedFixedEnum()" computerName="pkrvmxyh4eaekms" duration="00:00:00.0017760" startTime="2025-06-24T21:13:32.5094631+00:00" endTime="2025-06-24T21:13:32.5112391+00:00" testType="13cdc9d9-ddb5-4fa4-a97d-d965ccfc6d4b" outcome="Passed" testListId="8c84fa94-04c1-424b-9868-57a2d4851a1d" relativeResultsDirectory="ca36ebf4-92f3-447b-9a22-4b52d8e02375" />
    <UnitTestResult executionId="890b5e18-25fd-40d1-ad48-117b0e5004ee" testId="9bc367b0-2d6d-e25e-f385-beb1c03bb00d" testName="IntSerializationFormat(UInt32,null)" computerName="pkrvmxyh4eaekms" duration="00:00:00.0005650" startTime="2025-06-24T21:13:41.1344502+00:00" endTime="2025-06-24T21:13:41.1350153+00:00" testType="13cdc9d9-ddb5-4fa4-a97d-d965ccfc6d4b" outcome="Passed" testListId="8c84fa94-04c1-424b-9868-57a2d4851a1d" relativeResultsDirectory="890b5e18-25fd-40d1-ad48-117b0e5004ee" />
    <UnitTestResult executionId="95a983bb-1370-469c-9d17-e232ab1a71c2" testId="b6db30fd-3332-fff3-0038-e76827e7300b" testName="CodeWriter_WriteProperty_IndexerProperty_ExpressionBody" computerName="pkrvmxyh4eaekms" duration="00:00:00.0008300" startTime="2025-06-24T21:13:41.3024008+00:00" endTime="2025-06-24T21:13:41.3032308+00:00" testType="13cdc9d9-ddb5-4fa4-a97d-d965ccfc6d4b" outcome="Passed" testListId="8c84fa94-04c1-424b-9868-57a2d4851a1d" relativeResultsDirectory="95a983bb-1370-469c-9d17-e232ab1a71c2" />
    <UnitTestResult executionId="df2a7349-10bb-4856-8e9e-791fe8f59b7a" testId="082f8576-8f23-5f24-78f5-9d571f45ba9a" testName="TestBuildFields(True,True)" computerName="pkrvmxyh4eaekms" duration="00:00:00.0048719" startTime="2025-06-24T21:13:39.7152756+00:00" endTime="2025-06-24T21:13:39.7201464+00:00" testType="13cdc9d9-ddb5-4fa4-a97d-d965ccfc6d4b" outcome="Passed" testListId="8c84fa94-04c1-424b-9868-57a2d4851a1d" relativeResultsDirectory="df2a7349-10bb-4856-8e9e-791fe8f59b7a" />
    <UnitTestResult executionId="20393361-d0e9-468b-bb90-b7a06439e97e" testId="dd78af76-d896-680f-1e62-b95dc0a25a53" testName="XmlDocsAreWritten" computerName="pkrvmxyh4eaekms" duration="00:00:00.0029030" startTime="2025-06-24T21:13:39.7602690+00:00" endTime="2025-06-24T21:13:39.7631715+00:00" testType="13cdc9d9-ddb5-4fa4-a97d-d965ccfc6d4b" outcome="Passed" testListId="8c84fa94-04c1-424b-9868-57a2d4851a1d" relativeResultsDirectory="20393361-d0e9-468b-bb90-b7a06439e97e" />
    <UnitTestResult executionId="24d14968-76c1-4f82-8054-fede78904622" testId="a83c55d9-b4b3-f28e-764f-b9b4aa5db19f" testName="TestBuildAdditionalProperties(Microsoft.TypeSpec.Generator.Input.InputModelType,False,1)" computerName="pkrvmxyh4eaekms" duration="00:00:00.0021170" startTime="2025-06-24T21:13:39.7017246+00:00" endTime="2025-06-24T21:13:39.7038415+00:00" testType="13cdc9d9-ddb5-4fa4-a97d-d965ccfc6d4b" outcome="Passed" testListId="8c84fa94-04c1-424b-9868-57a2d4851a1d" relativeResultsDirectory="24d14968-76c1-4f82-8054-fede78904622" />
    <UnitTestResult executionId="ceccf12e-b063-4052-9d7c-58400fbda396" testId="38ccc626-a6f2-185e-9424-13a507faa6f1" testName="CanAddElement" computerName="pkrvmxyh4eaekms" duration="00:00:00.0015810" startTime="2025-06-24T21:13:32.1703672+00:00" endTime="2025-06-24T21:13:32.1719478+00:00" testType="13cdc9d9-ddb5-4fa4-a97d-d965ccfc6d4b" outcome="Passed" testListId="8c84fa94-04c1-424b-9868-57a2d4851a1d" relativeResultsDirectory="ceccf12e-b063-4052-9d7c-58400fbda396" />
    <UnitTestResult executionId="700c87a6-71b9-481a-8d62-30d458e98c03" testId="4c8ec50b-8c5a-aec9-c5b3-70243e209d42" testName="DictionaryParamShape" computerName="pkrvmxyh4eaekms" duration="00:00:00.0043590" startTime="2025-06-24T21:13:34.4331256+00:00" endTime="2025-06-24T21:13:34.4374847+00:00" testType="13cdc9d9-ddb5-4fa4-a97d-d965ccfc6d4b" outcome="Passed" testListId="8c84fa94-04c1-424b-9868-57a2d4851a1d" relativeResultsDirectory="700c87a6-71b9-481a-8d62-30d458e98c03" />
    <UnitTestResult executionId="dfcc4d85-60ce-4405-b8fd-1d81219803a2" testId="2ab45ef2-5a8f-9eb5-ac3d-8a1501facb84" testName="TestIsCSharpKeyword(&quot;protected&quot;,True)" computerName="pkrvmxyh4eaekms" duration="00:00:00.0003980" startTime="2025-06-24T21:13:41.2435052+00:00" endTime="2025-06-24T21:13:41.2439031+00:00" testType="13cdc9d9-ddb5-4fa4-a97d-d965ccfc6d4b" outcome="Passed" testListId="8c84fa94-04c1-424b-9868-57a2d4851a1d" relativeResultsDirectory="dfcc4d85-60ce-4405-b8fd-1d81219803a2" />
    <UnitTestResult executionId="86fac0f0-63a3-490c-b79b-f71f4220fb14" testId="82a3ffcb-4933-9ef9-47d0-727653463d86" testName="ValidateNullableTypes(Microsoft.TypeSpec.Generator.Tests.Primitives.CSharpTypeTests+TestStruct`1[System.Int32],[int],False)" computerName="pkrvmxyh4eaekms" duration="00:00:00.0001150" startTime="2025-06-24T21:13:32.0298560+00:00" endTime="2025-06-24T21:13:32.0299713+00:00" testType="13cdc9d9-ddb5-4fa4-a97d-d965ccfc6d4b" outcome="Passed" testListId="8c84fa94-04c1-424b-9868-57a2d4851a1d" relativeResultsDirectory="86fac0f0-63a3-490c-b79b-f71f4220fb14" />
    <UnitTestResult executionId="3754c514-ccc6-4744-9c41-1c286e9a91be" testId="3cda19e1-59de-ba4e-e758-64eb15e58d14" testName="TestIsCSharpKeyword(&quot;byte&quot;,True)" computerName="pkrvmxyh4eaekms" duration="00:00:00.0004030" startTime="2025-06-24T21:13:41.2191767+00:00" endTime="2025-06-24T21:13:41.2195795+00:00" testType="13cdc9d9-ddb5-4fa4-a97d-d965ccfc6d4b" outcome="Passed" testListId="8c84fa94-04c1-424b-9868-57a2d4851a1d" relativeResultsDirectory="3754c514-ccc6-4744-9c41-1c286e9a91be" />
    <UnitTestResult executionId="570d50be-0387-4054-9f79-d385291e25dd" testId="71ef8e60-0c55-283f-ffd3-ddbc9700ada5" testName="CorrectValidationIsAppliedToParameter(Int32,True,None)" computerName="pkrvmxyh4eaekms" duration="00:00:00.0007490" startTime="2025-06-24T21:13:40.4400881+00:00" endTime="2025-06-24T21:13:40.4408371+00:00" testType="13cdc9d9-ddb5-4fa4-a97d-d965ccfc6d4b" outcome="Passed" testListId="8c84fa94-04c1-424b-9868-57a2d4851a1d" relativeResultsDirectory="570d50be-0387-4054-9f79-d385291e25dd" />
    <UnitTestResult executionId="ae5a9162-a1f8-4a37-8cb4-b013b9cce76c" testId="3077df90-1ad1-72b0-e0da-9c7463ee4e06" testName="DictionaryExpression(System.Int32,System.Collections.Generic.IList`1[System.Int32])" computerName="pkrvmxyh4eaekms" duration="00:00:00.0005320" startTime="2025-06-24T21:13:30.6298263+00:00" endTime="2025-06-24T21:13:30.6303584+00:00" testType="13cdc9d9-ddb5-4fa4-a97d-d965ccfc6d4b" outcome="Passed" testListId="8c84fa94-04c1-424b-9868-57a2d4851a1d" relativeResultsDirectory="ae5a9162-a1f8-4a37-8cb4-b013b9cce76c" />
    <UnitTestResult executionId="deef93e7-64a3-4082-95ea-95bdbd2051fc" testId="b5a6e0dd-1d44-429e-d055-0e98d67be23c" testName="SwitchStatementWithMultipleCases" computerName="pkrvmxyh4eaekms" duration="00:00:00.0003300" startTime="2025-06-24T21:13:41.0616987+00:00" endTime="2025-06-24T21:13:41.0620290+00:00" testType="13cdc9d9-ddb5-4fa4-a97d-d965ccfc6d4b" outcome="Passed" testListId="8c84fa94-04c1-424b-9868-57a2d4851a1d" relativeResultsDirectory="deef93e7-64a3-4082-95ea-95bdbd2051fc" />
    <UnitTestResult executionId="dd1c2641-000a-4c52-9ce4-487077154ada" testId="2daa200d-5979-dd1f-ee8e-99b19a63d1ac" testName="ValidateParameters(System.Int64,ScopedApi { Original = LiteralExpression { Literal = 2 }, Type = long })" computerName="pkrvmxyh4eaekms" duration="00:00:00.0171400" startTime="2025-06-24T21:13:39.9837566+00:00" endTime="2025-06-24T21:13:40.0008959+00:00" testType="13cdc9d9-ddb5-4fa4-a97d-d965ccfc6d4b" outcome="Passed" testListId="8c84fa94-04c1-424b-9868-57a2d4851a1d" relativeResultsDirectory="dd1c2641-000a-4c52-9ce4-487077154ada" />
    <UnitTestResult executionId="1da042b6-c153-470a-af2b-08ed1bc955a3" testId="b4c4f3da-9e88-35cf-efa9-ad93d58c250a" testName="CanUpdateIfElseStatement" computerName="pkrvmxyh4eaekms" duration="00:00:00.0010550" startTime="2025-06-24T21:13:41.1001968+00:00" endTime="2025-06-24T21:13:41.1012523+00:00" testType="13cdc9d9-ddb5-4fa4-a97d-d965ccfc6d4b" outcome="Passed" testListId="8c84fa94-04c1-424b-9868-57a2d4851a1d" relativeResultsDirectory="1da042b6-c153-470a-af2b-08ed1bc955a3" />
    <UnitTestResult executionId="f60e514f-19a4-4718-a36c-000b4c057288" testId="7d171e13-c9df-baa0-eec3-c2493f4df9f0" testName="KeyValuePairExpression(System.Collections.Generic.IDictionary`2[System.Collections.Generic.IDictionary`2[System.Int32,System.String],System.Collections.Generic.IDictionary`2[System.String,System.Int32]],System.Collections.Generic.IDictionary`2[System.Collections.Generic.IDictionary`2[System.String,System.Int32],System.Collections.Generic.IDictionary`2[System.String,System.Int32]])" computerName="pkrvmxyh4eaekms" duration="00:00:00.0005180" startTime="2025-06-24T21:13:30.6665132+00:00" endTime="2025-06-24T21:13:30.6670309+00:00" testType="13cdc9d9-ddb5-4fa4-a97d-d965ccfc6d4b" outcome="Passed" testListId="8c84fa94-04c1-424b-9868-57a2d4851a1d" relativeResultsDirectory="f60e514f-19a4-4718-a36c-000b4c057288" />
    <UnitTestResult executionId="cc5e59f3-0e1a-4c49-9f71-06ae9a4a4306" testId="ed65733d-7af3-f495-5fb1-3e84aed28606" testName="CodeWriter_WriteProperty_MethodPropertyBody_WithExplicitInterface" computerName="pkrvmxyh4eaekms" duration="00:00:00.0008950" startTime="2025-06-24T21:13:41.3073878+00:00" endTime="2025-06-24T21:13:41.3082828+00:00" testType="13cdc9d9-ddb5-4fa4-a97d-d965ccfc6d4b" outcome="Passed" testListId="8c84fa94-04c1-424b-9868-57a2d4851a1d" relativeResultsDirectory="cc5e59f3-0e1a-4c49-9f71-06ae9a4a4306" />
    <UnitTestResult executionId="b398f0da-221b-46aa-8225-a8b37971e965" testId="84836fff-5066-5659-deb1-f30fe6cf59f2" testName="IntSerializationFormat(Int8,&quot;string&quot;)" computerName="pkrvmxyh4eaekms" duration="00:00:00.0006360" startTime="2025-06-24T21:13:41.1280876+00:00" endTime="2025-06-24T21:13:41.1287234+00:00" testType="13cdc9d9-ddb5-4fa4-a97d-d965ccfc6d4b" outcome="Passed" testListId="8c84fa94-04c1-424b-9868-57a2d4851a1d" relativeResultsDirectory="b398f0da-221b-46aa-8225-a8b37971e965" />
    <UnitTestResult executionId="d0f39714-96f9-4f97-b5e6-53b0a0a76aaa" testId="1397bb06-2115-0e62-eb47-0e650d5ec1ab" testName="NotNullOrEmptyStringThrowsOnNull" computerName="pkrvmxyh4eaekms" duration="00:00:00.0004770" startTime="2025-06-24T21:13:32.0472147+00:00" endTime="2025-06-24T21:13:32.0476912+00:00" testType="13cdc9d9-ddb5-4fa4-a97d-d965ccfc6d4b" outcome="Passed" testListId="8c84fa94-04c1-424b-9868-57a2d4851a1d" relativeResultsDirectory="d0f39714-96f9-4f97-b5e6-53b0a0a76aaa" />
    <UnitTestResult executionId="79bffbc6-0a8c-4dfe-ab43-332df518d043" testId="9c68e8ba-d79b-4649-1a25-9088e672ac51" testName="CanChangeListOfEnumPropToListOfExtensibleEnum" computerName="pkrvmxyh4eaekms" duration="00:00:00.0834480" startTime="2025-06-24T21:13:36.5674667+00:00" endTime="2025-06-24T21:13:36.6509143+00:00" testType="13cdc9d9-ddb5-4fa4-a97d-d965ccfc6d4b" outcome="Passed" testListId="8c84fa94-04c1-424b-9868-57a2d4851a1d" relativeResultsDirectory="79bffbc6-0a8c-4dfe-ab43-332df518d043" />
    <UnitTestResult executionId="30865672-e580-4863-94c7-ee10d22692bf" testId="a65e734d-45c8-d2d9-06b2-e2f5db3a88c6" testName="KeyValuePairExpression(System.Int32,System.Collections.Generic.IList`1[T])" computerName="pkrvmxyh4eaekms" duration="00:00:00.0008240" startTime="2025-06-24T21:13:30.6507033+00:00" endTime="2025-06-24T21:13:30.6515277+00:00" testType="13cdc9d9-ddb5-4fa4-a97d-d965ccfc6d4b" outcome="Passed" testListId="8c84fa94-04c1-424b-9868-57a2d4851a1d" relativeResultsDirectory="30865672-e580-4863-94c7-ee10d22692bf" />
    <UnitTestResult executionId="5e919688-39ff-470f-ad8c-695e32329b91" testId="ab044dc5-46ec-22e2-2eee-9d2467c2c640" testName="IntSerializationFormat(SafeInt,&quot;string&quot;)" computerName="pkrvmxyh4eaekms" duration="00:00:00.0006160" startTime="2025-06-24T21:13:41.1268371+00:00" endTime="2025-06-24T21:13:41.1274531+00:00" testType="13cdc9d9-ddb5-4fa4-a97d-d965ccfc6d4b" outcome="Passed" testListId="8c84fa94-04c1-424b-9868-57a2d4851a1d" relativeResultsDirectory="5e919688-39ff-470f-ad8c-695e32329b91" />
    <UnitTestResult executionId="2771f592-270c-49ba-9d68-03369acf4864" testId="28d58687-9a3c-83dc-7ff0-615b7cce9893" testName="TestBreakLines_OneArgOnlyWithCRLF" computerName="pkrvmxyh4eaekms" duration="00:00:00.0000810" startTime="2025-06-24T21:13:41.1386402+00:00" endTime="2025-06-24T21:13:41.1387209+00:00" testType="13cdc9d9-ddb5-4fa4-a97d-d965ccfc6d4b" outcome="Passed" testListId="8c84fa94-04c1-424b-9868-57a2d4851a1d" relativeResultsDirectory="2771f592-270c-49ba-9d68-03369acf4864" />
    <UnitTestResult executionId="13d04056-1fc7-442b-b204-42f0cc695cf6" testId="ddbf9f41-333e-ad7f-5f05-c14b6d215576" testName="WorkspaceMetadataReferenceResolverCtor" computerName="pkrvmxyh4eaekms" duration="00:00:00.0007810" startTime="2025-06-24T21:13:31.8966279+00:00" endTime="2025-06-24T21:13:31.8974088+00:00" testType="13cdc9d9-ddb5-4fa4-a97d-d965ccfc6d4b" outcome="Passed" testListId="8c84fa94-04c1-424b-9868-57a2d4851a1d" relativeResultsDirectory="13d04056-1fc7-442b-b204-42f0cc695cf6" />
    <UnitTestResult executionId="4b688684-842d-49f3-9696-01bcadae5e12" testId="b9931b0d-3bd6-388f-fc27-2598dbc51a4b" testName="ValidateGetFormattableStringFormatParts(&quot;This {0} has literal }} and {1}&quot;,[Part { Value = This , IsLiteral = True, ArgumentIndex = -1 }, Part { Value = 0, IsLiteral = False, ArgumentIndex = 0 }, Part { Value =  has literal }, IsLiteral = True, ArgumentIndex = -1 }, Part { Value =  and , IsLiteral = True, ArgumentIndex = -1 }, Part { Value = 1, IsLiteral = False, ArgumentIndex = 1 }])" computerName="pkrvmxyh4eaekms" duration="00:00:00.0001100" startTime="2025-06-24T21:13:41.2810804+00:00" endTime="2025-06-24T21:13:41.2811907+00:00" testType="13cdc9d9-ddb5-4fa4-a97d-d965ccfc6d4b" outcome="Passed" testListId="8c84fa94-04c1-424b-9868-57a2d4851a1d" relativeResultsDirectory="4b688684-842d-49f3-9696-01bcadae5e12" />
    <UnitTestResult executionId="73014609-2eb1-47d4-88f4-7d891052ff5c" testId="249b2ac8-e68f-ba42-20ef-e0e8dbce8067" testName="InvalidParameterDocsThrows" computerName="pkrvmxyh4eaekms" duration="00:00:00.0553250" startTime="2025-06-24T21:13:40.3332935+00:00" endTime="2025-06-24T21:13:40.3886185+00:00" testType="13cdc9d9-ddb5-4fa4-a97d-d965ccfc6d4b" outcome="Passed" testListId="8c84fa94-04c1-424b-9868-57a2d4851a1d" relativeResultsDirectory="73014609-2eb1-47d4-88f4-7d891052ff5c" />
    <UnitTestResult executionId="dd4c0526-9871-4501-8fa1-8f6ab32dd501" testId="63bda76b-9897-fc88-3daa-45c6aeb71a3f" testName="ValidateNullableTypes(Microsoft.TypeSpec.Generator.Tests.Primitives.CSharpTypeTests+TestStruct`1[Microsoft.TypeSpec.Generator.Tests.Primitives.CSharpTypeTests+TestStruct`1[System.Int32]],[global::Microsoft.TypeSpec.Generator.Tests.Primitives.CSharpTypeTests.TestStruct&lt;int&gt;],False)" computerName="pkrvmxyh4eaekms" duration="00:00:00.0001340" startTime="2025-06-24T21:13:32.0302938+00:00" endTime="2025-06-24T21:13:32.0304273+00:00" testType="13cdc9d9-ddb5-4fa4-a97d-d965ccfc6d4b" outcome="Passed" testListId="8c84fa94-04c1-424b-9868-57a2d4851a1d" relativeResultsDirectory="dd4c0526-9871-4501-8fa1-8f6ab32dd501" />
    <UnitTestResult executionId="52f43bfb-56f1-4842-808f-c325c040438c" testId="925664ea-f241-90ce-7bb2-fb84bcf32f7a" testName="TestReportDiagnosticWithoutTarget()" computerName="pkrvmxyh4eaekms" duration="00:00:00.0022039" startTime="2025-06-24T21:13:30.5272295+00:00" endTime="2025-06-24T21:13:30.5294331+00:00" testType="13cdc9d9-ddb5-4fa4-a97d-d965ccfc6d4b" outcome="Passed" testListId="8c84fa94-04c1-424b-9868-57a2d4851a1d" relativeResultsDirectory="52f43bfb-56f1-4842-808f-c325c040438c" />
    <UnitTestResult executionId="4eac5282-8474-486b-91a3-d55b6531a838" testId="5da3b2e4-6a9f-a9a6-4eb1-98b652557c46" testName="TestBuildAdditionalProperties(Microsoft.TypeSpec.Generator.Input.InputModelType,True,1)" computerName="pkrvmxyh4eaekms" duration="00:00:00.0008090" startTime="2025-06-24T21:13:39.7048213+00:00" endTime="2025-06-24T21:13:39.7056303+00:00" testType="13cdc9d9-ddb5-4fa4-a97d-d965ccfc6d4b" outcome="Passed" testListId="8c84fa94-04c1-424b-9868-57a2d4851a1d" relativeResultsDirectory="4eac5282-8474-486b-91a3-d55b6531a838" />
    <UnitTestResult executionId="78f27120-e088-4353-bc65-fb46fc246b64" testId="7dd8be0b-3cc0-5246-8517-74fcee7c02eb" testName="GetGenericTypeDefinition(System.Collections.Generic.KeyValuePair`2[System.Int32,System.String],System.Collections.Generic.KeyValuePair`2[TKey,TValue],True)" computerName="pkrvmxyh4eaekms" duration="00:00:00.0002760" startTime="2025-06-24T21:13:31.9540285+00:00" endTime="2025-06-24T21:13:31.9543040+00:00" testType="13cdc9d9-ddb5-4fa4-a97d-d965ccfc6d4b" outcome="Passed" testListId="8c84fa94-04c1-424b-9868-57a2d4851a1d" relativeResultsDirectory="78f27120-e088-4353-bc65-fb46fc246b64" />
    <UnitTestResult executionId="984a99df-362e-4223-b1f5-cecbf35ae300" testId="a828753d-bb9b-7fb8-4322-9fddca1c056b" testName="TestIsCSharpKeyword(&quot;internal&quot;,True)" computerName="pkrvmxyh4eaekms" duration="00:00:00.0004130" startTime="2025-06-24T21:13:41.2342935+00:00" endTime="2025-06-24T21:13:41.2347065+00:00" testType="13cdc9d9-ddb5-4fa4-a97d-d965ccfc6d4b" outcome="Passed" testListId="8c84fa94-04c1-424b-9868-57a2d4851a1d" relativeResultsDirectory="984a99df-362e-4223-b1f5-cecbf35ae300" />
    <UnitTestResult executionId="0af699f7-f8a0-4d75-a50d-9d741cf83778" testId="687df4df-3aed-17f2-92c3-f7a65e0c7c53" testName="SeeCRefType(System.Int32,True)" computerName="pkrvmxyh4eaekms" duration="00:00:00.0002850" startTime="2025-06-24T21:13:41.3142453+00:00" endTime="2025-06-24T21:13:41.3145298+00:00" testType="13cdc9d9-ddb5-4fa4-a97d-d965ccfc6d4b" outcome="Passed" testListId="8c84fa94-04c1-424b-9868-57a2d4851a1d" relativeResultsDirectory="0af699f7-f8a0-4d75-a50d-9d741cf83778" />
    <UnitTestResult executionId="f771c59f-3ae0-448d-b60b-e8eeaa7c2cd0" testId="346c6662-0edd-cc36-ad4f-90e5d7ae9dff" testName="TypesAreNotEqualWhenNullabilityIsDifferent(System.Int32)" computerName="pkrvmxyh4eaekms" duration="00:00:00.0006120" startTime="2025-06-24T21:13:32.0182587+00:00" endTime="2025-06-24T21:13:32.0188709+00:00" testType="13cdc9d9-ddb5-4fa4-a97d-d965ccfc6d4b" outcome="Passed" testListId="8c84fa94-04c1-424b-9868-57a2d4851a1d" relativeResultsDirectory="f771c59f-3ae0-448d-b60b-e8eeaa7c2cd0" />
    <UnitTestResult executionId="dc667531-35c0-4491-915d-a49568583644" testId="338f0f35-366f-e576-5590-d6b40c0f65f3" testName="ValidateGetFormattableStringFormatParts(&quot;something{0}else{1}&quot;,[Part { Value = something, IsLiteral = True, ArgumentIndex = -1 }, Part { Value = 0, IsLiteral = False, ArgumentIndex = 0 }, Part { Value = else, IsLiteral = True, ArgumentIndex = -1 }, Part { Value = 1, IsLiteral = False, ArgumentIndex = 1 }])" computerName="pkrvmxyh4eaekms" duration="00:00:00.0001090" startTime="2025-06-24T21:13:41.2807583+00:00" endTime="2025-06-24T21:13:41.2808671+00:00" testType="13cdc9d9-ddb5-4fa4-a97d-d965ccfc6d4b" outcome="Passed" testListId="8c84fa94-04c1-424b-9868-57a2d4851a1d" relativeResultsDirectory="dc667531-35c0-4491-915d-a49568583644" />
    <UnitTestResult executionId="5a29439e-cafc-4b08-9bc4-84329dcde273" testId="18b3de60-28a6-0693-3c77-327be7914558" testName="ValidateNullableTypes(System.Nullable`1[System.Guid],[],True)" computerName="pkrvmxyh4eaekms" duration="00:00:00.0000620" startTime="2025-06-24T21:13:32.0289786+00:00" endTime="2025-06-24T21:13:32.0290409+00:00" testType="13cdc9d9-ddb5-4fa4-a97d-d965ccfc6d4b" outcome="Passed" testListId="8c84fa94-04c1-424b-9868-57a2d4851a1d" relativeResultsDirectory="5a29439e-cafc-4b08-9bc4-84329dcde273" />
    <UnitTestResult executionId="9665f354-849c-43c6-b56b-7ece35d33685" testId="2c51d3b6-1bce-7242-bc6d-4c3bab5a68f1" testName="SelectGeneratorCallsPluginsBeforeConfigure" computerName="pkrvmxyh4eaekms" duration="00:00:00.0055340" startTime="2025-06-24T21:13:40.9207543+00:00" endTime="2025-06-24T21:13:40.9262886+00:00" testType="13cdc9d9-ddb5-4fa4-a97d-d965ccfc6d4b" outcome="Passed" testListId="8c84fa94-04c1-424b-9868-57a2d4851a1d" relativeResultsDirectory="9665f354-849c-43c6-b56b-7ece35d33685" />
    <UnitTestResult executionId="870947b1-d988-4a83-8e91-98cf4aebf956" testId="78071e57-0f3f-0eb8-0f70-0a63091fc8ea" testName="CorrectlyHandlesCurlyBraces" computerName="pkrvmxyh4eaekms" duration="00:00:00.0003210" startTime="2025-06-24T21:13:41.3082998+00:00" endTime="2025-06-24T21:13:41.3086205+00:00" testType="13cdc9d9-ddb5-4fa4-a97d-d965ccfc6d4b" outcome="Passed" testListId="8c84fa94-04c1-424b-9868-57a2d4851a1d" relativeResultsDirectory="870947b1-d988-4a83-8e91-98cf4aebf956" />
    <UnitTestResult executionId="14e4b0b3-866a-470a-9ebd-0c88592f3672" testId="dd08354a-dbba-b331-ea92-2d10eb1d0fce" testName="GetGenericTypeDefinition(System.Collections.Generic.IDictionary`2[System.Int32,System.String],System.Collections.Generic.IDictionary`2[TKey,TValue],False)" computerName="pkrvmxyh4eaekms" duration="00:00:00.0020450" startTime="2025-06-24T21:13:31.9066083+00:00" endTime="2025-06-24T21:13:31.9086532+00:00" testType="13cdc9d9-ddb5-4fa4-a97d-d965ccfc6d4b" outcome="Passed" testListId="8c84fa94-04c1-424b-9868-57a2d4851a1d" relativeResultsDirectory="14e4b0b3-866a-470a-9ebd-0c88592f3672" />
    <UnitTestResult executionId="ceb6b3c7-2eac-4a07-b06a-a464b8e7f023" testId="88560383-7a45-4a35-1f88-1bd254fd94a7" testName="TypesAreNotEqual(System.Collections.Generic.IDictionary`2[System.Collections.Generic.IDictionary`2[System.Int32,System.String],System.Collections.Generic.IDictionary`2[System.String,System.Int32]],System.Collections.Generic.IDictionary`2[System.Collections.Generic.IDictionary`2[System.String,System.Int32],System.Collections.Generic.IDictionary`2[System.String,System.Int32]])" computerName="pkrvmxyh4eaekms" duration="00:00:00.0005130" startTime="2025-06-24T21:13:32.0176301+00:00" endTime="2025-06-24T21:13:32.0181432+00:00" testType="13cdc9d9-ddb5-4fa4-a97d-d965ccfc6d4b" outcome="Passed" testListId="8c84fa94-04c1-424b-9868-57a2d4851a1d" relativeResultsDirectory="ceb6b3c7-2eac-4a07-b06a-a464b8e7f023" />
    <UnitTestResult executionId="33ab3e81-a1ca-4839-896d-ea314d14a8e0" testId="f6e27fe0-f979-15d0-c02d-597aa53727aa" testName="TestIsCSharpKeyword(&quot;descending&quot;,True)" computerName="pkrvmxyh4eaekms" duration="00:00:00.0003830" startTime="2025-06-24T21:13:41.2238075+00:00" endTime="2025-06-24T21:13:41.2241901+00:00" testType="13cdc9d9-ddb5-4fa4-a97d-d965ccfc6d4b" outcome="Passed" testListId="8c84fa94-04c1-424b-9868-57a2d4851a1d" relativeResultsDirectory="33ab3e81-a1ca-4839-896d-ea314d14a8e0" />
    <UnitTestResult executionId="0acae212-d035-4f30-97e8-2cf462d2b676" testId="c62acbd5-f5ca-70bc-9003-eefbff2dbd95" testName="BackCompat_PrereleaseApiVersionsAdded" computerName="pkrvmxyh4eaekms" duration="00:00:00.0486380" startTime="2025-06-24T21:13:32.3169097+00:00" endTime="2025-06-24T21:13:32.3655476+00:00" testType="13cdc9d9-ddb5-4fa4-a97d-d965ccfc6d4b" outcome="Passed" testListId="8c84fa94-04c1-424b-9868-57a2d4851a1d" relativeResultsDirectory="0acae212-d035-4f30-97e8-2cf462d2b676" />
    <UnitTestResult executionId="bf5f6489-f12f-4ee2-a0aa-23cd86095904" testId="757e6f2c-7e74-d8a0-5a5a-005c55559bcc" testName="TestBreakLines_MultipleLineBreaks" computerName="pkrvmxyh4eaekms" duration="00:00:00.0001180" startTime="2025-06-24T21:13:41.1398354+00:00" endTime="2025-06-24T21:13:41.1399533+00:00" testType="13cdc9d9-ddb5-4fa4-a97d-d965ccfc6d4b" outcome="Passed" testListId="8c84fa94-04c1-424b-9868-57a2d4851a1d" relativeResultsDirectory="bf5f6489-f12f-4ee2-a0aa-23cd86095904" />
    <UnitTestResult executionId="b558efa9-5a7f-44a8-9ad3-eeaa78c1bcb9" testId="6313edd0-c7f1-6a4c-49d6-de9a9caa9631" testName="TestBuildProperties_ValidatePropertySetters(Microsoft.TypeSpec.Generator.Input.InputModelProperty,global::System.ReadOnlyMemory&lt;T&gt;,True)" computerName="pkrvmxyh4eaekms" duration="00:00:00.0015490" startTime="2025-06-24T21:13:39.7493916+00:00" endTime="2025-06-24T21:13:39.7509401+00:00" testType="13cdc9d9-ddb5-4fa4-a97d-d965ccfc6d4b" outcome="Passed" testListId="8c84fa94-04c1-424b-9868-57a2d4851a1d" relativeResultsDirectory="b558efa9-5a7f-44a8-9ad3-eeaa78c1bcb9" />
    <UnitTestResult executionId="a946015c-64f1-4063-ac6c-b91e127497c0" testId="8dbe9241-7d5f-15da-b04a-1ada9b786356" testName="TestBuildFields(False,True)" computerName="pkrvmxyh4eaekms" duration="00:00:00.0008440" startTime="2025-06-24T21:13:39.7238742+00:00" endTime="2025-06-24T21:13:39.7247187+00:00" testType="13cdc9d9-ddb5-4fa4-a97d-d965ccfc6d4b" outcome="Passed" testListId="8c84fa94-04c1-424b-9868-57a2d4851a1d" relativeResultsDirectory="a946015c-64f1-4063-ac6c-b91e127497c0" />
    <UnitTestResult executionId="1b1ce9b3-c5bf-4c21-bcce-9ffb7c348943" testId="ebcd8270-e8ae-26ec-794a-535c952bff35" testName="TypesAreNotEqualWhenNullabilityIsDifferent(System.Collections.Generic.IDictionary`2[System.Nullable`1[System.Int32],System.String])" computerName="pkrvmxyh4eaekms" duration="00:00:00.0012440" startTime="2025-06-24T21:13:32.0237449+00:00" endTime="2025-06-24T21:13:32.0249887+00:00" testType="13cdc9d9-ddb5-4fa4-a97d-d965ccfc6d4b" outcome="Passed" testListId="8c84fa94-04c1-424b-9868-57a2d4851a1d" relativeResultsDirectory="1b1ce9b3-c5bf-4c21-bcce-9ffb7c348943" />
    <UnitTestResult executionId="2f048a9b-fe0c-479d-b887-14742f28bc7f" testId="4fa59de3-16ee-f63a-90dc-e1083c762eaf" testName="ValidatePropertyTypes(System.String)" computerName="pkrvmxyh4eaekms" duration="00:00:00.0083450" startTime="2025-06-24T21:13:40.0453475+00:00" endTime="2025-06-24T21:13:40.0536923+00:00" testType="13cdc9d9-ddb5-4fa4-a97d-d965ccfc6d4b" outcome="Passed" testListId="8c84fa94-04c1-424b-9868-57a2d4851a1d" relativeResultsDirectory="2f048a9b-fe0c-479d-b887-14742f28bc7f" />
    <UnitTestResult executionId="6983a120-1063-411d-ab38-136685146eb7" testId="a363397a-b049-e8e3-0f2f-edcbc5a1470c" testName="DerivedCtorHasAdditionalBinaryDataPropertiesParam" computerName="pkrvmxyh4eaekms" duration="00:00:00.0015990" startTime="2025-06-24T21:13:35.7077605+00:00" endTime="2025-06-24T21:13:35.7093598+00:00" testType="13cdc9d9-ddb5-4fa4-a97d-d965ccfc6d4b" outcome="Passed" testListId="8c84fa94-04c1-424b-9868-57a2d4851a1d" relativeResultsDirectory="6983a120-1063-411d-ab38-136685146eb7" />
    <UnitTestResult executionId="40fc4468-d2be-41e0-a7fe-172194133c34" testId="161e78a2-985b-73b5-20a4-3feb854ec30e" testName="CanChangeMemberExpression" computerName="pkrvmxyh4eaekms" duration="00:00:00.0014080" startTime="2025-06-24T21:13:30.5853400+00:00" endTime="2025-06-24T21:13:30.5867477+00:00" testType="13cdc9d9-ddb5-4fa4-a97d-d965ccfc6d4b" outcome="Passed" testListId="8c84fa94-04c1-424b-9868-57a2d4851a1d" relativeResultsDirectory="40fc4468-d2be-41e0-a7fe-172194133c34" />
    <UnitTestResult executionId="8e954204-483c-48e5-8f1c-4d56e160d1f6" testId="595f6a65-900b-e46f-44db-f3736418db5b" testName="ValidateAnonymousWithPropertiesSingleLine" computerName="pkrvmxyh4eaekms" duration="00:00:00.0003970" startTime="2025-06-24T21:13:30.6898807+00:00" endTime="2025-06-24T21:13:30.6902773+00:00" testType="13cdc9d9-ddb5-4fa4-a97d-d965ccfc6d4b" outcome="Passed" testListId="8c84fa94-04c1-424b-9868-57a2d4851a1d" relativeResultsDirectory="8e954204-483c-48e5-8f1c-4d56e160d1f6" />
    <UnitTestResult executionId="b052d6fc-fa11-402c-b400-76c673766482" testId="b250ea56-6610-6e43-ecb1-15681dd59882" testName="BuildPropertyDescription(Microsoft.TypeSpec.Generator.Input.InputModelProperty,global::System.Collections.Generic.IDictionary&lt;string, string&gt;)" computerName="pkrvmxyh4eaekms" duration="00:00:00.0000620" startTime="2025-06-24T21:13:40.4540071+00:00" endTime="2025-06-24T21:13:40.4540693+00:00" testType="13cdc9d9-ddb5-4fa4-a97d-d965ccfc6d4b" outcome="Passed" testListId="8c84fa94-04c1-424b-9868-57a2d4851a1d" relativeResultsDirectory="b052d6fc-fa11-402c-b400-76c673766482" />
    <UnitTestResult executionId="43f718bb-2a55-4497-a878-fd4af5dec20d" testId="df9ce3dc-e15d-d5e4-5c59-819333fff628" testName="TestIsCSharpKeyword(&quot;finally&quot;,True)" computerName="pkrvmxyh4eaekms" duration="00:00:00.0003730" startTime="2025-06-24T21:13:41.2284230+00:00" endTime="2025-06-24T21:13:41.2287959+00:00" testType="13cdc9d9-ddb5-4fa4-a97d-d965ccfc6d4b" outcome="Passed" testListId="8c84fa94-04c1-424b-9868-57a2d4851a1d" relativeResultsDirectory="43f718bb-2a55-4497-a878-fd4af5dec20d" />
    <UnitTestResult executionId="d985823b-3d05-449e-839a-bc586cdcfff6" testId="f3c5c92b-129c-ce91-00fd-5641143a8603" testName="DoesNotRemoveConstructorsThatDoNotMatch" computerName="pkrvmxyh4eaekms" duration="00:00:00.1716940" startTime="2025-06-24T21:13:35.2347022+00:00" endTime="2025-06-24T21:13:35.4063952+00:00" testType="13cdc9d9-ddb5-4fa4-a97d-d965ccfc6d4b" outcome="Passed" testListId="8c84fa94-04c1-424b-9868-57a2d4851a1d" relativeResultsDirectory="d985823b-3d05-449e-839a-bc586cdcfff6" />
    <UnitTestResult executionId="d5bc8f35-dd94-4f78-8619-41b97eb2b737" testId="7103c3bf-290e-0e84-ab82-b0411b9aaf06" testName="ValidateParameters(System.Double,LiteralExpression { Literal = 2.2 })" computerName="pkrvmxyh4eaekms" duration="00:00:00.0172019" startTime="2025-06-24T21:13:39.9229161+00:00" endTime="2025-06-24T21:13:39.9401173+00:00" testType="13cdc9d9-ddb5-4fa4-a97d-d965ccfc6d4b" outcome="Passed" testListId="8c84fa94-04c1-424b-9868-57a2d4851a1d" relativeResultsDirectory="d5bc8f35-dd94-4f78-8619-41b97eb2b737" />
    <UnitTestResult executionId="b779e621-5d7e-4e9f-a33b-ae051a80857c" testId="41a8b570-2cd7-f1c5-8cce-3304a7315d93" testName="CanChangeToStruct()" computerName="pkrvmxyh4eaekms" duration="00:00:00.0979209" startTime="2025-06-24T21:13:37.7240938+00:00" endTime="2025-06-24T21:13:37.8220140+00:00" testType="13cdc9d9-ddb5-4fa4-a97d-d965ccfc6d4b" outcome="Passed" testListId="8c84fa94-04c1-424b-9868-57a2d4851a1d" relativeResultsDirectory="b779e621-5d7e-4e9f-a33b-ae051a80857c" />
    <UnitTestResult executionId="fbc6567c-707f-4d7f-bbea-9f73526f1ad0" testId="6dc31423-c6e1-1e58-72ce-34561ebc651b" testName="TypesAreNotEqual(System.Collections.Generic.IList`1[T],System.Collections.Generic.IList`1[System.Int32])" computerName="pkrvmxyh4eaekms" duration="00:00:00.0005360" startTime="2025-06-24T21:13:32.0132262+00:00" endTime="2025-06-24T21:13:32.0137615+00:00" testType="13cdc9d9-ddb5-4fa4-a97d-d965ccfc6d4b" outcome="Passed" testListId="8c84fa94-04c1-424b-9868-57a2d4851a1d" relativeResultsDirectory="fbc6567c-707f-4d7f-bbea-9f73526f1ad0" />
    <UnitTestResult executionId="b6f36585-a9c5-4c7b-9592-918d9e5ce089" testId="0a898da9-dffd-95c1-e7c6-9b21510a6c07" testName="IfElseStatementWithIfAndElse" computerName="pkrvmxyh4eaekms" duration="00:00:00.0003370" startTime="2025-06-24T21:13:41.0576393+00:00" endTime="2025-06-24T21:13:41.0579759+00:00" testType="13cdc9d9-ddb5-4fa4-a97d-d965ccfc6d4b" outcome="Passed" testListId="8c84fa94-04c1-424b-9868-57a2d4851a1d" relativeResultsDirectory="b6f36585-a9c5-4c7b-9592-918d9e5ce089" />
    <UnitTestResult executionId="dc7dc3a1-78cc-4845-9a17-f4cf11189925" testId="564c086f-2644-89cd-217d-660107701449" testName="PropertyInitializationType_Dictionary(System.Collections.Generic.IDictionary`2[TKey,TValue])" computerName="pkrvmxyh4eaekms" duration="00:00:00.0011400" startTime="2025-06-24T21:13:31.9944471+00:00" endTime="2025-06-24T21:13:31.9955871+00:00" testType="13cdc9d9-ddb5-4fa4-a97d-d965ccfc6d4b" outcome="Passed" testListId="8c84fa94-04c1-424b-9868-57a2d4851a1d" relativeResultsDirectory="dc7dc3a1-78cc-4845-9a17-f4cf11189925" />
    <UnitTestResult executionId="b670eb59-75f4-4e02-bcf6-f2429f13d107" testId="32c6af81-7f72-ae75-868d-39dbfdfbacf5" testName="IfStatementAddBracesOptionFalse" computerName="pkrvmxyh4eaekms" duration="00:00:00.0001550" startTime="2025-06-24T21:13:41.0579926+00:00" endTime="2025-06-24T21:13:41.0581478+00:00" testType="13cdc9d9-ddb5-4fa4-a97d-d965ccfc6d4b" outcome="Passed" testListId="8c84fa94-04c1-424b-9868-57a2d4851a1d" relativeResultsDirectory="b670eb59-75f4-4e02-bcf6-f2429f13d107" />
    <UnitTestResult executionId="ddb81e7c-cdd2-4e8b-9420-9d1969ee11a5" testId="2236bcfd-9f7b-7b49-98ae-7a33571d1d8d" testName="TestParseConfig_AdditionalConfigOptions" computerName="pkrvmxyh4eaekms" duration="00:00:00.0045880" startTime="2025-06-24T21:13:27.4387780+00:00" endTime="2025-06-24T21:13:27.4433656+00:00" testType="13cdc9d9-ddb5-4fa4-a97d-d965ccfc6d4b" outcome="Passed" testListId="8c84fa94-04c1-424b-9868-57a2d4851a1d" relativeResultsDirectory="ddb81e7c-cdd2-4e8b-9420-9d1969ee11a5" />
    <UnitTestResult executionId="bae61edb-7f2f-4d2d-8b39-a75f3df34efc" testId="02b2ecf0-344b-f2d8-9989-75e3a6ad38f1" testName="PropertyInitializationType_List(System.Collections.Generic.IList`1[T])" computerName="pkrvmxyh4eaekms" duration="00:00:00.0005599" startTime="2025-06-24T21:13:31.9967839+00:00" endTime="2025-06-24T21:13:31.9973442+00:00" testType="13cdc9d9-ddb5-4fa4-a97d-d965ccfc6d4b" outcome="Passed" testListId="8c84fa94-04c1-424b-9868-57a2d4851a1d" relativeResultsDirectory="bae61edb-7f2f-4d2d-8b39-a75f3df34efc" />
    <UnitTestResult executionId="900a3283-6a06-4dc5-91aa-7f1c7dc8394a" testId="9b8906a6-79be-0e23-6f06-b03319ed63b9" testName="CanReplaceField" computerName="pkrvmxyh4eaekms" duration="00:00:00.1297080" startTime="2025-06-24T21:13:38.7933455+00:00" endTime="2025-06-24T21:13:38.9230522+00:00" testType="13cdc9d9-ddb5-4fa4-a97d-d965ccfc6d4b" outcome="Passed" testListId="8c84fa94-04c1-424b-9868-57a2d4851a1d" relativeResultsDirectory="900a3283-6a06-4dc5-91aa-7f1c7dc8394a" />
    <UnitTestResult executionId="7825bea5-0291-4ab5-9f5a-aaad9441d4ed" testId="fb1051f4-7c0e-47f7-1ca4-457f2fed6fc8" testName="TestIsCSharpKeyword(&quot;as&quot;,True)" computerName="pkrvmxyh4eaekms" duration="00:00:00.0004050" startTime="2025-06-24T21:13:41.2157383+00:00" endTime="2025-06-24T21:13:41.2161433+00:00" testType="13cdc9d9-ddb5-4fa4-a97d-d965ccfc6d4b" outcome="Passed" testListId="8c84fa94-04c1-424b-9868-57a2d4851a1d" relativeResultsDirectory="7825bea5-0291-4ab5-9f5a-aaad9441d4ed" />
    <UnitTestResult executionId="6d06fbd7-d5b9-49b1-8744-aac272dc48c2" testId="f64fc73a-8eca-1242-c007-1a6c4232130f" testName="TestIsCSharpKeyword(&quot;async&quot;,True)" computerName="pkrvmxyh4eaekms" duration="00:00:00.0004140" startTime="2025-06-24T21:13:41.2166230+00:00" endTime="2025-06-24T21:13:41.2170367+00:00" testType="13cdc9d9-ddb5-4fa4-a97d-d965ccfc6d4b" outcome="Passed" testListId="8c84fa94-04c1-424b-9868-57a2d4851a1d" relativeResultsDirectory="6d06fbd7-d5b9-49b1-8744-aac272dc48c2" />
    <UnitTestResult executionId="ff90b828-22fe-45f1-a299-ddefb9e55aa0" testId="9101ab3b-170b-d074-831e-6bbc24513159" testName="ValidatePropertyTypes(System.ReadOnlyMemory`1[System.Byte])" computerName="pkrvmxyh4eaekms" duration="00:00:00.0142810" startTime="2025-06-24T21:13:40.1595467+00:00" endTime="2025-06-24T21:13:40.1738275+00:00" testType="13cdc9d9-ddb5-4fa4-a97d-d965ccfc6d4b" outcome="Passed" testListId="8c84fa94-04c1-424b-9868-57a2d4851a1d" relativeResultsDirectory="ff90b828-22fe-45f1-a299-ddefb9e55aa0" />
    <UnitTestResult executionId="3247c2cd-ba5c-4f1d-9ff2-c4ae085b5fe6" testId="b741ee7a-e6f0-2058-da0b-e4c9dde534c3" testName="NotEqualToFrameworkType(System.Collections.Generic.IList`1[System.Int32],System.Collections.Generic.ICollection`1[System.Int32])" computerName="pkrvmxyh4eaekms" duration="00:00:00.0004810" startTime="2025-06-24T21:13:31.9921147+00:00" endTime="2025-06-24T21:13:31.9925960+00:00" testType="13cdc9d9-ddb5-4fa4-a97d-d965ccfc6d4b" outcome="Passed" testListId="8c84fa94-04c1-424b-9868-57a2d4851a1d" relativeResultsDirectory="3247c2cd-ba5c-4f1d-9ff2-c4ae085b5fe6" />
    <UnitTestResult executionId="ecd19e41-ab28-44c9-9caf-140c4aa00361" testId="093c6a46-e3b1-4e81-ea85-713dc797f64e" testName="TestInitialize_NoFileFound" computerName="pkrvmxyh4eaekms" duration="00:00:00.0092440" startTime="2025-06-24T21:13:27.4294892+00:00" endTime="2025-06-24T21:13:27.4387334+00:00" testType="13cdc9d9-ddb5-4fa4-a97d-d965ccfc6d4b" outcome="Passed" testListId="8c84fa94-04c1-424b-9868-57a2d4851a1d" relativeResultsDirectory="ecd19e41-ab28-44c9-9caf-140c4aa00361" />
    <UnitTestResult executionId="19d59b30-5708-4048-9a3f-c91893a39b00" testId="d0d08358-736f-27e8-0ef9-204e43fa6c4d" testName="CSharpTypeOperatorTestEqual(bool)" computerName="pkrvmxyh4eaekms" duration="00:00:00.0000560" startTime="2025-06-24T21:13:30.7146521+00:00" endTime="2025-06-24T21:13:30.7147084+00:00" testType="13cdc9d9-ddb5-4fa4-a97d-d965ccfc6d4b" outcome="Passed" testListId="8c84fa94-04c1-424b-9868-57a2d4851a1d" relativeResultsDirectory="19d59b30-5708-4048-9a3f-c91893a39b00" />
    <UnitTestResult executionId="2e696403-1316-4d8a-8c18-3ceb4be47539" testId="7a445a81-f4ec-22c7-8ca5-d27f5cfca804" testName="DerivedPublicCtorShouldSetDiscriminator" computerName="pkrvmxyh4eaekms" duration="00:00:00.0016380" startTime="2025-06-24T21:13:35.7132304+00:00" endTime="2025-06-24T21:13:35.7148683+00:00" testType="13cdc9d9-ddb5-4fa4-a97d-d965ccfc6d4b" outcome="Passed" testListId="8c84fa94-04c1-424b-9868-57a2d4851a1d" relativeResultsDirectory="2e696403-1316-4d8a-8c18-3ceb4be47539" />
    <UnitTestResult executionId="62d71f46-7427-40cd-a5b5-8ac3348d479f" testId="dd87ee55-be86-4561-2c78-31eae9576adb" testName="TestIsCSharpKeyword(&quot;params&quot;,True)" computerName="pkrvmxyh4eaekms" duration="00:00:00.0004850" startTime="2025-06-24T21:13:41.2419946+00:00" endTime="2025-06-24T21:13:41.2424799+00:00" testType="13cdc9d9-ddb5-4fa4-a97d-d965ccfc6d4b" outcome="Passed" testListId="8c84fa94-04c1-424b-9868-57a2d4851a1d" relativeResultsDirectory="62d71f46-7427-40cd-a5b5-8ac3348d479f" />
    <UnitTestResult executionId="76f4dec5-7cd7-4aef-ac1a-729059f2b56f" testId="6724e4f1-a2a0-88f4-a38f-02052c7a33f5" testName="ValidateDictionaryWithValues" computerName="pkrvmxyh4eaekms" duration="00:00:00.0006940" startTime="2025-06-24T21:13:40.8195579+00:00" endTime="2025-06-24T21:13:40.8202523+00:00" testType="13cdc9d9-ddb5-4fa4-a97d-d965ccfc6d4b" outcome="Passed" testListId="8c84fa94-04c1-424b-9868-57a2d4851a1d" relativeResultsDirectory="76f4dec5-7cd7-4aef-ac1a-729059f2b56f" />
    <UnitTestResult executionId="1ece3f93-9f67-4a9e-8f15-51e3e968c71e" testId="64db45f7-a1e7-2f85-1ccb-40bdd95795a4" testName="TestInfo()" computerName="pkrvmxyh4eaekms" duration="00:00:00.0007100" startTime="2025-06-24T21:13:30.5264168+00:00" endTime="2025-06-24T21:13:30.5271263+00:00" testType="13cdc9d9-ddb5-4fa4-a97d-d965ccfc6d4b" outcome="Passed" testListId="8c84fa94-04c1-424b-9868-57a2d4851a1d" relativeResultsDirectory="1ece3f93-9f67-4a9e-8f15-51e3e968c71e" />
    <UnitTestResult executionId="72267f0a-4b95-49ce-bb7b-8aa2f9110874" testId="8872864a-b6f9-7c4e-549d-25987a6de165" testName="CanChangeIfElseStatement" computerName="pkrvmxyh4eaekms" duration="00:00:00.0023490" startTime="2025-06-24T21:13:41.0824852+00:00" endTime="2025-06-24T21:13:41.0848340+00:00" testType="13cdc9d9-ddb5-4fa4-a97d-d965ccfc6d4b" outcome="Passed" testListId="8c84fa94-04c1-424b-9868-57a2d4851a1d" relativeResultsDirectory="72267f0a-4b95-49ce-bb7b-8aa2f9110874" />
    <UnitTestResult executionId="015df345-56d0-438e-979c-1d60b58793bf" testId="bb1cdb21-163e-5d0c-3e09-b402ddc7bfed" testName="ResolveMissingAssembly_NotFoundInProbingPaths" computerName="pkrvmxyh4eaekms" duration="00:00:00.0102990" startTime="2025-06-24T21:13:31.8862798+00:00" endTime="2025-06-24T21:13:31.8965777+00:00" testType="13cdc9d9-ddb5-4fa4-a97d-d965ccfc6d4b" outcome="Passed" testListId="8c84fa94-04c1-424b-9868-57a2d4851a1d" relativeResultsDirectory="015df345-56d0-438e-979c-1d60b58793bf" />
    <UnitTestResult executionId="654454be-5e6c-4df0-b5f0-af121a5a68e1" testId="ea46db01-4d22-4ba0-0f88-098fd49f94c1" testName="TypesAreEqual(System.Collections.Generic.IDictionary`2[System.String,System.Int32])" computerName="pkrvmxyh4eaekms" duration="00:00:00.0001850" startTime="2025-06-24T21:13:32.0010530+00:00" endTime="2025-06-24T21:13:32.0012377+00:00" testType="13cdc9d9-ddb5-4fa4-a97d-d965ccfc6d4b" outcome="Passed" testListId="8c84fa94-04c1-424b-9868-57a2d4851a1d" relativeResultsDirectory="654454be-5e6c-4df0-b5f0-af121a5a68e1" />
    <UnitTestResult executionId="7ad4169c-a084-427c-a256-50e90cff5701" testId="6144c959-1755-c3dd-7cef-76f3edd5e264" testName="SiblingScopeLinesUseSameName" computerName="pkrvmxyh4eaekms" duration="00:00:00.0006630" startTime="2025-06-24T21:13:41.1094383+00:00" endTime="2025-06-24T21:13:41.1101014+00:00" testType="13cdc9d9-ddb5-4fa4-a97d-d965ccfc6d4b" outcome="Passed" testListId="8c84fa94-04c1-424b-9868-57a2d4851a1d" relativeResultsDirectory="7ad4169c-a084-427c-a256-50e90cff5701" />
    <UnitTestResult executionId="036c770d-066b-4dfc-a91b-6003c77ad75d" testId="77f7ee0e-886f-f898-6f5d-3b61078bccf6" testName="CanUpdateMemberExpression" computerName="pkrvmxyh4eaekms" duration="00:00:00.0008410" startTime="2025-06-24T21:13:30.5936237+00:00" endTime="2025-06-24T21:13:30.5944645+00:00" testType="13cdc9d9-ddb5-4fa4-a97d-d965ccfc6d4b" outcome="Passed" testListId="8c84fa94-04c1-424b-9868-57a2d4851a1d" relativeResultsDirectory="036c770d-066b-4dfc-a91b-6003c77ad75d" />
    <UnitTestResult executionId="1a06f375-750a-49f8-8ff8-95ca08584848" testId="2ad6e120-d9a9-8c8f-b8c4-8df96217afde" testName="TestLoadLastContractView" computerName="pkrvmxyh4eaekms" duration="00:00:00.0367760" startTime="2025-06-24T21:13:40.7681639+00:00" endTime="2025-06-24T21:13:40.8049385+00:00" testType="13cdc9d9-ddb5-4fa4-a97d-d965ccfc6d4b" outcome="Passed" testListId="8c84fa94-04c1-424b-9868-57a2d4851a1d" relativeResultsDirectory="1a06f375-750a-49f8-8ff8-95ca08584848" />
    <UnitTestResult executionId="c145505b-bd00-422d-9786-79a5e5d06fca" testId="1afc3708-f9f2-1899-b0c8-9a23a00892d0" testName="SystemTypeOperatorTestNotEqual(System.Collections.Generic.IList`1[T],System.Collections.Generic.IList`1[System.Int32])" computerName="pkrvmxyh4eaekms" duration="00:00:00.0005370" startTime="2025-06-24T21:13:30.7343303+00:00" endTime="2025-06-24T21:13:30.7348670+00:00" testType="13cdc9d9-ddb5-4fa4-a97d-d965ccfc6d4b" outcome="Passed" testListId="8c84fa94-04c1-424b-9868-57a2d4851a1d" relativeResultsDirectory="c145505b-bd00-422d-9786-79a5e5d06fca" />
    <UnitTestResult executionId="03d49d5a-b4e9-4589-9b90-af48b290e164" testId="6076c739-3e10-92f4-3ec4-0352280e9551" testName="InitCtorShouldNotAssignBaseFieldBothRequired" computerName="pkrvmxyh4eaekms" duration="00:00:00.0029020" startTime="2025-06-24T21:13:39.6724877+00:00" endTime="2025-06-24T21:13:39.6753892+00:00" testType="13cdc9d9-ddb5-4fa4-a97d-d965ccfc6d4b" outcome="Passed" testListId="8c84fa94-04c1-424b-9868-57a2d4851a1d" relativeResultsDirectory="03d49d5a-b4e9-4589-9b90-af48b290e164" />
    <UnitTestResult executionId="806a2efe-1c80-403c-881c-b39789ac0f6a" testId="c182167c-eed5-d433-5f05-9b16b5f214d2" testName="TestIsCSharpKeyword(&quot;partial&quot;,True)" computerName="pkrvmxyh4eaekms" duration="00:00:00.0004150" startTime="2025-06-24T21:13:41.2426095+00:00" endTime="2025-06-24T21:13:41.2430242+00:00" testType="13cdc9d9-ddb5-4fa4-a97d-d965ccfc6d4b" outcome="Passed" testListId="8c84fa94-04c1-424b-9868-57a2d4851a1d" relativeResultsDirectory="806a2efe-1c80-403c-881c-b39789ac0f6a" />
    <UnitTestResult executionId="18d4cd6b-aafe-4436-90e3-3a85fa408c22" testId="510f488c-f92d-9264-a2ec-36cdef2d5fcc" testName="TestBreakLines_LineBreakInArgument" computerName="pkrvmxyh4eaekms" duration="00:00:00.0000649" startTime="2025-06-24T21:13:41.1388702+00:00" endTime="2025-06-24T21:13:41.1389355+00:00" testType="13cdc9d9-ddb5-4fa4-a97d-d965ccfc6d4b" outcome="Passed" testListId="8c84fa94-04c1-424b-9868-57a2d4851a1d" relativeResultsDirectory="18d4cd6b-aafe-4436-90e3-3a85fa408c22" />
    <UnitTestResult executionId="1fc39164-7a34-4cce-8def-9a5c1bd023bd" testId="42128f80-2763-b343-717b-a3b1c007eecb" testName="SerializationCtorForUnknownTakesDiscriminator" computerName="pkrvmxyh4eaekms" duration="00:00:00.0025780" startTime="2025-06-24T21:13:35.9223841+00:00" endTime="2025-06-24T21:13:35.9249618+00:00" testType="13cdc9d9-ddb5-4fa4-a97d-d965ccfc6d4b" outcome="Passed" testListId="8c84fa94-04c1-424b-9868-57a2d4851a1d" relativeResultsDirectory="1fc39164-7a34-4cce-8def-9a5c1bd023bd" />
    <UnitTestResult executionId="39ac881b-9a12-48ac-b50b-1663801cbe5e" testId="f7358e73-f45b-ed04-d227-c7ce733a2b97" testName="VerifyTupleExpressionAssignment" computerName="pkrvmxyh4eaekms" duration="00:00:00.0016680" startTime="2025-06-24T21:13:30.7005328+00:00" endTime="2025-06-24T21:13:30.7022008+00:00" testType="13cdc9d9-ddb5-4fa4-a97d-d965ccfc6d4b" outcome="Passed" testListId="8c84fa94-04c1-424b-9868-57a2d4851a1d" relativeResultsDirectory="39ac881b-9a12-48ac-b50b-1663801cbe5e" />
    <UnitTestResult executionId="0d0e7730-00e0-4ffe-a123-d3013579d105" testId="51f0d52a-a255-7a92-fcbc-d358b1f05aba" testName="ValidateInstanceCtorWithArguments" computerName="pkrvmxyh4eaekms" duration="00:00:00.0006720" startTime="2025-06-24T21:13:40.8261550+00:00" endTime="2025-06-24T21:13:40.8268272+00:00" testType="13cdc9d9-ddb5-4fa4-a97d-d965ccfc6d4b" outcome="Passed" testListId="8c84fa94-04c1-424b-9868-57a2d4851a1d" relativeResultsDirectory="0d0e7730-00e0-4ffe-a123-d3013579d105" />
    <UnitTestResult executionId="d91ca6f7-88ef-4917-8dce-ce9e27cf3c5c" testId="217673f1-9964-d1c6-721a-99bdd8567cb8" testName="TypeOfStatement(System.Collections.Generic.List`1[System.String],&quot;typeof(global::System.Collections.Generic.List&lt;string&gt;)&quot;)" computerName="pkrvmxyh4eaekms" duration="00:00:00.0004680" startTime="2025-06-24T21:13:30.7068894+00:00" endTime="2025-06-24T21:13:30.7073576+00:00" testType="13cdc9d9-ddb5-4fa4-a97d-d965ccfc6d4b" outcome="Passed" testListId="8c84fa94-04c1-424b-9868-57a2d4851a1d" relativeResultsDirectory="d91ca6f7-88ef-4917-8dce-ce9e27cf3c5c" />
    <UnitTestResult executionId="695b0464-cd7b-414f-9e3b-b5bbc0ccf159" testId="4a0a4794-a815-d62d-213d-900e17753073" testName="ValidateNullableTypes(System.Nullable`1[Microsoft.TypeSpec.Generator.Tests.Primitives.CSharpTypeTests+TestStruct`1[System.Int32]],[int],True)" computerName="pkrvmxyh4eaekms" duration="00:00:00.0000810" startTime="2025-06-24T21:13:32.0299884+00:00" endTime="2025-06-24T21:13:32.0300694+00:00" testType="13cdc9d9-ddb5-4fa4-a97d-d965ccfc6d4b" outcome="Passed" testListId="8c84fa94-04c1-424b-9868-57a2d4851a1d" relativeResultsDirectory="695b0464-cd7b-414f-9e3b-b5bbc0ccf159" />
    <UnitTestResult executionId="1dcdc005-cad7-4056-818c-d611bc913af4" testId="fc635ae0-ae9b-6db5-4856-13ca6bd520f6" testName="CanCallInvokeWithTypeArgs" computerName="pkrvmxyh4eaekms" duration="00:00:00.0011800" startTime="2025-06-24T21:13:30.7108636+00:00" endTime="2025-06-24T21:13:30.7120435+00:00" testType="13cdc9d9-ddb5-4fa4-a97d-d965ccfc6d4b" outcome="Passed" testListId="8c84fa94-04c1-424b-9868-57a2d4851a1d" relativeResultsDirectory="1dcdc005-cad7-4056-818c-d611bc913af4" />
  </Results>
  <TestDefinitions>
    <UnitTest name="NotEqualToFrameworkType(System.Collections.Generic.IList`1[T],System.Int32)" storage="/home/runner/work/typespec/typespec/packages/http-client-csharp/generator/artifacts/bin/microsoft.typespec.generator.tests/debug/net8.0/microsoft.typespec.generator.tests.dll" id="086cdbc8-f4dc-63d0-e491-6978aab04bd3">
      <Execution id="d23697e4-1655-4646-b936-31298978f8f8" />
      <TestMethod codeBase="/home/runner/work/typespec/typespec/packages/http-client-csharp/generator/artifacts/bin/Microsoft.TypeSpec.Generator.Tests/Debug/net8.0/Microsoft.TypeSpec.Generator.Tests.dll" adapterTypeName="executor://nunit3testexecutor/" className="Microsoft.TypeSpec.Generator.Tests.Primitives.CSharpTypeTests" name="NotEqualToFrameworkType(System.Collections.Generic.IList`1[T],System.Int32)" />
    </UnitTest>
    <UnitTest name="BuildEnumType_ValidateFloatBasedExtensibleEnum()" storage="/home/runner/work/typespec/typespec/packages/http-client-csharp/generator/artifacts/bin/microsoft.typespec.generator.tests/debug/net8.0/microsoft.typespec.generator.tests.dll" id="2232bf9a-59eb-5452-bf1a-81958d9f43ed">
      <Execution id="d6db2e00-aa7d-4bb1-9a69-583d6d9f0709" />
      <TestMethod codeBase="/home/runner/work/typespec/typespec/packages/http-client-csharp/generator/artifacts/bin/Microsoft.TypeSpec.Generator.Tests/Debug/net8.0/Microsoft.TypeSpec.Generator.Tests.dll" adapterTypeName="executor://nunit3testexecutor/" className="Microsoft.TypeSpec.Generator.Tests.Providers.EnumProviderTests" name="BuildEnumType_ValidateFloatBasedExtensibleEnum()" />
    </UnitTest>
    <UnitTest name="CanUpdateIfElseStatement" storage="/home/runner/work/typespec/typespec/packages/http-client-csharp/generator/artifacts/bin/microsoft.typespec.generator.tests/debug/net8.0/microsoft.typespec.generator.tests.dll" id="b4c4f3da-9e88-35cf-efa9-ad93d58c250a">
      <Execution id="1da042b6-c153-470a-af2b-08ed1bc955a3" />
      <TestMethod codeBase="/home/runner/work/typespec/typespec/packages/http-client-csharp/generator/artifacts/bin/Microsoft.TypeSpec.Generator.Tests/Debug/net8.0/Microsoft.TypeSpec.Generator.Tests.dll" adapterTypeName="executor://nunit3testexecutor/" className="Microsoft.TypeSpec.Generator.Tests.Statements.StatementVisitorTests" name="CanUpdateIfElseStatement" />
    </UnitTest>
    <UnitTest name="CodeWriter_WriteProperty_MethodPropertyBody" storage="/home/runner/work/typespec/typespec/packages/http-client-csharp/generator/artifacts/bin/microsoft.typespec.generator.tests/debug/net8.0/microsoft.typespec.generator.tests.dll" id="e2910d93-3de2-05e5-781b-94402e2af719">
      <Execution id="4723f3b3-9f2f-48f7-8473-5c6b766ea2fd" />
      <TestMethod codeBase="/home/runner/work/typespec/typespec/packages/http-client-csharp/generator/artifacts/bin/Microsoft.TypeSpec.Generator.Tests/Debug/net8.0/Microsoft.TypeSpec.Generator.Tests.dll" adapterTypeName="executor://nunit3testexecutor/" className="Microsoft.TypeSpec.Generator.Tests.Writers.CodeWriterTests" name="CodeWriter_WriteProperty_MethodPropertyBody" />
    </UnitTest>
    <UnitTest name="TestBreakLines_AllLiteralsNoArgsWithMixedCRLF" storage="/home/runner/work/typespec/typespec/packages/http-client-csharp/generator/artifacts/bin/microsoft.typespec.generator.tests/debug/net8.0/microsoft.typespec.generator.tests.dll" id="a3f851c8-9a0d-02ea-6b79-be0a84771d5e">
      <Execution id="bed687c3-100d-4912-9d5e-4eabf5d15727" />
      <TestMethod codeBase="/home/runner/work/typespec/typespec/packages/http-client-csharp/generator/artifacts/bin/Microsoft.TypeSpec.Generator.Tests/Debug/net8.0/Microsoft.TypeSpec.Generator.Tests.dll" adapterTypeName="executor://nunit3testexecutor/" className="Microsoft.TypeSpec.Generator.Tests.Utilities.FormattableStringHelpersTests" name="TestBreakLines_AllLiteralsNoArgsWithMixedCRLF" />
    </UnitTest>
    <UnitTest name="TestIsCSharpKeyword(&quot;bool&quot;,True)" storage="/home/runner/work/typespec/typespec/packages/http-client-csharp/generator/artifacts/bin/microsoft.typespec.generator.tests/debug/net8.0/microsoft.typespec.generator.tests.dll" id="3fd2378d-2fdc-6393-d094-32038415f145">
      <Execution id="ccf3928e-c2f0-48c0-a6a8-1b75133ca6d6" />
      <TestMethod codeBase="/home/runner/work/typespec/typespec/packages/http-client-csharp/generator/artifacts/bin/Microsoft.TypeSpec.Generator.Tests/Debug/net8.0/Microsoft.TypeSpec.Generator.Tests.dll" adapterTypeName="executor://nunit3testexecutor/" className="Microsoft.TypeSpec.Generator.Tests.Utilities.StringExtensionsTests" name="TestIsCSharpKeyword(&quot;bool&quot;,True)" />
    </UnitTest>
    <UnitTest name="DerivedPublicCtorShouldSetDiscriminator" storage="/home/runner/work/typespec/typespec/packages/http-client-csharp/generator/artifacts/bin/microsoft.typespec.generator.tests/debug/net8.0/microsoft.typespec.generator.tests.dll" id="7a445a81-f4ec-22c7-8ca5-d27f5cfca804">
      <Execution id="2e696403-1316-4d8a-8c18-3ceb4be47539" />
      <TestMethod codeBase="/home/runner/work/typespec/typespec/packages/http-client-csharp/generator/artifacts/bin/Microsoft.TypeSpec.Generator.Tests/Debug/net8.0/Microsoft.TypeSpec.Generator.Tests.dll" adapterTypeName="executor://nunit3testexecutor/" className="Microsoft.TypeSpec.Generator.Tests.Providers.ModelProviders.DiscriminatorTests" name="DerivedPublicCtorShouldSetDiscriminator" />
    </UnitTest>
    <UnitTest name="FullyQualifiedName" storage="/home/runner/work/typespec/typespec/packages/http-client-csharp/generator/artifacts/bin/microsoft.typespec.generator.tests/debug/net8.0/microsoft.typespec.generator.tests.dll" id="ef66b331-522b-1775-36e8-8860fe69cd8c">
      <Execution id="c25de2b8-b204-429e-94ac-62e0d15fa075" />
      <TestMethod codeBase="/home/runner/work/typespec/typespec/packages/http-client-csharp/generator/artifacts/bin/Microsoft.TypeSpec.Generator.Tests/Debug/net8.0/Microsoft.TypeSpec.Generator.Tests.dll" adapterTypeName="executor://nunit3testexecutor/" className="Microsoft.TypeSpec.Generator.Tests.Primitives.CSharpTypeTests" name="FullyQualifiedName" />
    </UnitTest>
    <UnitTest name="TestToApiVersionValue(&quot;V2023_12_31&quot;,&quot;2023-12-31&quot;)" storage="/home/runner/work/typespec/typespec/packages/http-client-csharp/generator/artifacts/bin/microsoft.typespec.generator.tests/debug/net8.0/microsoft.typespec.generator.tests.dll" id="51fb16f6-66c4-0050-c71e-12ab273ae4b0">
      <Execution id="ba280e7b-2e38-4ac9-8956-4f864daf3eff" />
      <TestMethod codeBase="/home/runner/work/typespec/typespec/packages/http-client-csharp/generator/artifacts/bin/Microsoft.TypeSpec.Generator.Tests/Debug/net8.0/Microsoft.TypeSpec.Generator.Tests.dll" adapterTypeName="executor://nunit3testexecutor/" className="Microsoft.TypeSpec.Generator.Tests.Utilities.StringExtensionsTests" name="TestToApiVersionValue(&quot;V2023_12_31&quot;,&quot;2023-12-31&quot;)" />
    </UnitTest>
    <UnitTest name="ValidateArrayHandling" storage="/home/runner/work/typespec/typespec/packages/http-client-csharp/generator/artifacts/bin/microsoft.typespec.generator.tests/debug/net8.0/microsoft.typespec.generator.tests.dll" id="bf677aec-7ef0-def2-9b66-e1eef9bbe9cb">
      <Execution id="33e40d93-84c6-450b-ab98-457dc66738df" />
      <TestMethod codeBase="/home/runner/work/typespec/typespec/packages/http-client-csharp/generator/artifacts/bin/Microsoft.TypeSpec.Generator.Tests/Debug/net8.0/Microsoft.TypeSpec.Generator.Tests.dll" adapterTypeName="executor://nunit3testexecutor/" className="Microsoft.TypeSpec.Generator.Tests.Providers.ParameterProviderTests" name="ValidateArrayHandling" />
    </UnitTest>
    <UnitTest name="SystemTypeOperatorTestNotEqual(System.Collections.Generic.IDictionary`2[System.Collections.Generic.IDictionary`2[System.Int32,System.String],System.Collections.Generic.IDictionary`2[System.String,System.Int32]],System.Collections.Generic.IDictionary`2[System.Collections.Generic.IDictionary`2[System.String,System.Int32],System.Collections.Generic.IDictionary`2[System.String,System.Int32]])" storage="/home/runner/work/typespec/typespec/packages/http-client-csharp/generator/artifacts/bin/microsoft.typespec.generator.tests/debug/net8.0/microsoft.typespec.generator.tests.dll" id="06278a9c-3e40-0213-a3b2-aaf46ee40394">
      <Execution id="cd12cae2-00eb-4b84-8101-b17e1f0a644c" />
      <TestMethod codeBase="/home/runner/work/typespec/typespec/packages/http-client-csharp/generator/artifacts/bin/Microsoft.TypeSpec.Generator.Tests/Debug/net8.0/Microsoft.TypeSpec.Generator.Tests.dll" adapterTypeName="executor://nunit3testexecutor/" className="Microsoft.TypeSpec.Generator.Tests.Expressions.ValueExpressionTests" name="SystemTypeOperatorTestNotEqual(System.Collections.Generic.IDictionary`2[System.Collections.Generic.IDictionary`2[System.Int32,System.String],System.Collections.Generic.IDictionary`2[System.String,System.Int32]],System.Collections.Generic.IDictionary`2[System.Collections.Generic.IDictionary`2[System.String,System.Int32],System.Collections.Generic.IDictionary`2[System.String,System.Int32]])" />
    </UnitTest>
    <UnitTest name="DiscriminatorPropertyShouldBeInternal" storage="/home/runner/work/typespec/typespec/packages/http-client-csharp/generator/artifacts/bin/microsoft.typespec.generator.tests/debug/net8.0/microsoft.typespec.generator.tests.dll" id="1e96bc18-78dc-e7bb-47d5-2a19920930e6">
      <Execution id="b582bd74-037e-4d92-837b-e33f8cebb14c" />
      <TestMethod codeBase="/home/runner/work/typespec/typespec/packages/http-client-csharp/generator/artifacts/bin/Microsoft.TypeSpec.Generator.Tests/Debug/net8.0/Microsoft.TypeSpec.Generator.Tests.dll" adapterTypeName="executor://nunit3testexecutor/" className="Microsoft.TypeSpec.Generator.Tests.Providers.ModelProviders.DiscriminatorTests" name="DiscriminatorPropertyShouldBeInternal" />
    </UnitTest>
    <UnitTest name="IsCollectionType(System.Collections.Generic.List`1[T],True)" storage="/home/runner/work/typespec/typespec/packages/http-client-csharp/generator/artifacts/bin/microsoft.typespec.generator.tests/debug/net8.0/microsoft.typespec.generator.tests.dll" id="1f0e8cee-aee2-c865-db79-0658a5f7e3b3">
      <Execution id="ce3acd35-ff74-4179-afa2-663eff0d9a0c" />
      <TestMethod codeBase="/home/runner/work/typespec/typespec/packages/http-client-csharp/generator/artifacts/bin/Microsoft.TypeSpec.Generator.Tests/Debug/net8.0/Microsoft.TypeSpec.Generator.Tests.dll" adapterTypeName="executor://nunit3testexecutor/" className="Microsoft.TypeSpec.Generator.Tests.Primitives.CSharpTypeTests" name="IsCollectionType(System.Collections.Generic.List`1[T],True)" />
    </UnitTest>
    <UnitTest name="ReadOperationsDoNotChange" storage="/home/runner/work/typespec/typespec/packages/http-client-csharp/generator/artifacts/bin/microsoft.typespec.generator.tests/debug/net8.0/microsoft.typespec.generator.tests.dll" id="5614474b-bec0-bc74-791b-2bf41ef06cf6">
      <Execution id="da37aa0c-c9e2-47d0-a47e-9f3094a6666f" />
      <TestMethod codeBase="/home/runner/work/typespec/typespec/packages/http-client-csharp/generator/artifacts/bin/Microsoft.TypeSpec.Generator.Tests/Debug/net8.0/Microsoft.TypeSpec.Generator.Tests.dll" adapterTypeName="executor://nunit3testexecutor/" className="Microsoft.TypeSpec.Generator.Tests.Providers.ChangeTrackingListTest" name="ReadOperationsDoNotChange" />
    </UnitTest>
    <UnitTest name="TestBreakLines_MultipleLineBreaks" storage="/home/runner/work/typespec/typespec/packages/http-client-csharp/generator/artifacts/bin/microsoft.typespec.generator.tests/debug/net8.0/microsoft.typespec.generator.tests.dll" id="757e6f2c-7e74-d8a0-5a5a-005c55559bcc">
      <Execution id="bf5f6489-f12f-4ee2-a0aa-23cd86095904" />
      <TestMethod codeBase="/home/runner/work/typespec/typespec/packages/http-client-csharp/generator/artifacts/bin/Microsoft.TypeSpec.Generator.Tests/Debug/net8.0/Microsoft.TypeSpec.Generator.Tests.dll" adapterTypeName="executor://nunit3testexecutor/" className="Microsoft.TypeSpec.Generator.Tests.Utilities.FormattableStringHelpersTests" name="TestBreakLines_MultipleLineBreaks" />
    </UnitTest>
    <UnitTest name="EqualToFrameworkType(System.Collections.Generic.IDictionary`2[System.String,System.Int32])" storage="/home/runner/work/typespec/typespec/packages/http-client-csharp/generator/artifacts/bin/microsoft.typespec.generator.tests/debug/net8.0/microsoft.typespec.generator.tests.dll" id="a4145f53-d016-44f2-4fa4-5e271b51a2aa">
      <Execution id="3323a1aa-a911-4e98-9bf5-94a720b0aa70" />
      <TestMethod codeBase="/home/runner/work/typespec/typespec/packages/http-client-csharp/generator/artifacts/bin/Microsoft.TypeSpec.Generator.Tests/Debug/net8.0/Microsoft.TypeSpec.Generator.Tests.dll" adapterTypeName="executor://nunit3testexecutor/" className="Microsoft.TypeSpec.Generator.Tests.Primitives.CSharpTypeTests" name="EqualToFrameworkType(System.Collections.Generic.IDictionary`2[System.String,System.Int32])" />
    </UnitTest>
    <UnitTest name="FinallyStatementWithOneLineBody" storage="/home/runner/work/typespec/typespec/packages/http-client-csharp/generator/artifacts/bin/microsoft.typespec.generator.tests/debug/net8.0/microsoft.typespec.generator.tests.dll" id="754f1bd6-1597-f89f-623b-19a3c18446c5">
      <Execution id="b2b3aefa-9737-4283-aeb6-bfd0eb6ab26d" />
      <TestMethod codeBase="/home/runner/work/typespec/typespec/packages/http-client-csharp/generator/artifacts/bin/Microsoft.TypeSpec.Generator.Tests/Debug/net8.0/Microsoft.TypeSpec.Generator.Tests.dll" adapterTypeName="executor://nunit3testexecutor/" className="Microsoft.TypeSpec.Generator.Tests.Statements.StatementTests" name="FinallyStatementWithOneLineBody" />
    </UnitTest>
    <UnitTest name="TryStatementWithOneLineBody" storage="/home/runner/work/typespec/typespec/packages/http-client-csharp/generator/artifacts/bin/microsoft.typespec.generator.tests/debug/net8.0/microsoft.typespec.generator.tests.dll" id="502b7805-573f-098c-a1ea-7183f9d6a96e">
      <Execution id="2c8e6f8e-2802-4bac-955b-8a95b2f39560" />
      <TestMethod codeBase="/home/runner/work/typespec/typespec/packages/http-client-csharp/generator/artifacts/bin/Microsoft.TypeSpec.Generator.Tests/Debug/net8.0/Microsoft.TypeSpec.Generator.Tests.dll" adapterTypeName="executor://nunit3testexecutor/" className="Microsoft.TypeSpec.Generator.Tests.Statements.StatementTests" name="TryStatementWithOneLineBody" />
    </UnitTest>
    <UnitTest name="ValidatePropertyTypes(System.BinaryData)" storage="/home/runner/work/typespec/typespec/packages/http-client-csharp/generator/artifacts/bin/microsoft.typespec.generator.tests/debug/net8.0/microsoft.typespec.generator.tests.dll" id="40740957-aa3a-aa1e-7f4d-0c7e04db2fce">
      <Execution id="d31dc017-d018-4164-8599-0fe80e10070f" />
      <TestMethod codeBase="/home/runner/work/typespec/typespec/packages/http-client-csharp/generator/artifacts/bin/Microsoft.TypeSpec.Generator.Tests/Debug/net8.0/Microsoft.TypeSpec.Generator.Tests.dll" adapterTypeName="executor://nunit3testexecutor/" className="Microsoft.TypeSpec.Generator.Tests.Providers.NamedTypeSymbolProviders.NamedTypeSymbolProviderTests" name="ValidatePropertyTypes(System.BinaryData)" />
    </UnitTest>
    <UnitTest name="GetGenericTypeDefinitionForConstructedType()" storage="/home/runner/work/typespec/typespec/packages/http-client-csharp/generator/artifacts/bin/microsoft.typespec.generator.tests/debug/net8.0/microsoft.typespec.generator.tests.dll" id="75baa22c-11f8-7c55-75b1-4e2e9d85fbec">
      <Execution id="705e3c51-bf1d-4327-9959-429c5ea10b34" />
      <TestMethod codeBase="/home/runner/work/typespec/typespec/packages/http-client-csharp/generator/artifacts/bin/Microsoft.TypeSpec.Generator.Tests/Debug/net8.0/Microsoft.TypeSpec.Generator.Tests.dll" adapterTypeName="executor://nunit3testexecutor/" className="Microsoft.TypeSpec.Generator.Tests.Primitives.CSharpTypeTests" name="GetGenericTypeDefinitionForConstructedType()" />
    </UnitTest>
    <UnitTest name="TestLoadBaselineContractLoadsTypeSuccessfully()" storage="/home/runner/work/typespec/typespec/packages/http-client-csharp/generator/artifacts/bin/microsoft.typespec.generator.tests/debug/net8.0/microsoft.typespec.generator.tests.dll" id="34a52cdc-2177-3e63-5d86-a0fa5315fe07">
      <Execution id="4a7aee59-d4a1-4d65-8956-c76e74d294ce" />
      <TestMethod codeBase="/home/runner/work/typespec/typespec/packages/http-client-csharp/generator/artifacts/bin/Microsoft.TypeSpec.Generator.Tests/Debug/net8.0/Microsoft.TypeSpec.Generator.Tests.dll" adapterTypeName="executor://nunit3testexecutor/" className="Microsoft.TypeSpec.Generator.Tests.GeneratedCodeWorkspaceTests" name="TestLoadBaselineContractLoadsTypeSuccessfully()" />
    </UnitTest>
    <UnitTest name="BuildEnumType_ValidateIntBasedFixedEnum()" storage="/home/runner/work/typespec/typespec/packages/http-client-csharp/generator/artifacts/bin/microsoft.typespec.generator.tests/debug/net8.0/microsoft.typespec.generator.tests.dll" id="e9ddef06-7dfd-fff2-8df3-6a0be02fd7d9">
      <Execution id="96df8d81-a146-4eb8-81aa-f579c197cd02" />
      <TestMethod codeBase="/home/runner/work/typespec/typespec/packages/http-client-csharp/generator/artifacts/bin/Microsoft.TypeSpec.Generator.Tests/Debug/net8.0/Microsoft.TypeSpec.Generator.Tests.dll" adapterTypeName="executor://nunit3testexecutor/" className="Microsoft.TypeSpec.Generator.Tests.Providers.EnumProviderTests" name="BuildEnumType_ValidateIntBasedFixedEnum()" />
    </UnitTest>
    <UnitTest name="CanUpdateIfStatement" storage="/home/runner/work/typespec/typespec/packages/http-client-csharp/generator/artifacts/bin/microsoft.typespec.generator.tests/debug/net8.0/microsoft.typespec.generator.tests.dll" id="fd624a63-82fa-89d1-c7b1-d6777f0bac80">
      <Execution id="7ddd4671-0faf-42ac-ba8a-81315ea08088" />
      <TestMethod codeBase="/home/runner/work/typespec/typespec/packages/http-client-csharp/generator/artifacts/bin/Microsoft.TypeSpec.Generator.Tests/Debug/net8.0/Microsoft.TypeSpec.Generator.Tests.dll" adapterTypeName="executor://nunit3testexecutor/" className="Microsoft.TypeSpec.Generator.Tests.Statements.StatementVisitorTests" name="CanUpdateIfStatement" />
    </UnitTest>
    <UnitTest name="VerifyBaseTypeIsNull" storage="/home/runner/work/typespec/typespec/packages/http-client-csharp/generator/artifacts/bin/microsoft.typespec.generator.tests/debug/net8.0/microsoft.typespec.generator.tests.dll" id="b3ed2cd2-f22a-e86b-ed85-bfe669051bb8">
      <Execution id="e362fb40-6d59-4373-b85a-d77ead6ba0f8" />
      <TestMethod codeBase="/home/runner/work/typespec/typespec/packages/http-client-csharp/generator/artifacts/bin/Microsoft.TypeSpec.Generator.Tests/Debug/net8.0/Microsoft.TypeSpec.Generator.Tests.dll" adapterTypeName="executor://nunit3testexecutor/" className="Microsoft.TypeSpec.Generator.Tests.Providers.NamedTypeSymbolProviders.InterfaceTests" name="VerifyBaseTypeIsNull" />
    </UnitTest>
    <UnitTest name="CanChangeEnumName" storage="/home/runner/work/typespec/typespec/packages/http-client-csharp/generator/artifacts/bin/microsoft.typespec.generator.tests/debug/net8.0/microsoft.typespec.generator.tests.dll" id="55c7ac99-2754-0ae1-072c-c79552cdf20a">
      <Execution id="27c9f731-7604-4d1b-97e5-08d07775654f" />
      <TestMethod codeBase="/home/runner/work/typespec/typespec/packages/http-client-csharp/generator/artifacts/bin/Microsoft.TypeSpec.Generator.Tests/Debug/net8.0/Microsoft.TypeSpec.Generator.Tests.dll" adapterTypeName="executor://nunit3testexecutor/" className="Microsoft.TypeSpec.Generator.Tests.Providers.ModelProviders.ModelCustomizationTests" name="CanChangeEnumName" />
    </UnitTest>
    <UnitTest name="CollectionProperty(string,Microsoft.TypeSpec.Generator.Input.InputModelProperty,string)" storage="/home/runner/work/typespec/typespec/packages/http-client-csharp/generator/artifacts/bin/microsoft.typespec.generator.tests/debug/net8.0/microsoft.typespec.generator.tests.dll" id="8b1b2bbb-0a07-9f48-24fa-4014225300ee">
      <Execution id="4b6eb0eb-e633-4279-a2a0-16a93d8856f7" />
      <TestMethod codeBase="/home/runner/work/typespec/typespec/packages/http-client-csharp/generator/artifacts/bin/Microsoft.TypeSpec.Generator.Tests/Debug/net8.0/Microsoft.TypeSpec.Generator.Tests.dll" adapterTypeName="executor://nunit3testexecutor/" className="Microsoft.TypeSpec.Generator.Tests.Providers.PropertyProviderTests" name="CollectionProperty(string,Microsoft.TypeSpec.Generator.Input.InputModelProperty,string)" />
    </UnitTest>
    <UnitTest name="ValidatePropertyTypes(System.String[])" storage="/home/runner/work/typespec/typespec/packages/http-client-csharp/generator/artifacts/bin/microsoft.typespec.generator.tests/debug/net8.0/microsoft.typespec.generator.tests.dll" id="e600fb81-0027-c971-f9c3-ea12b0e3838e">
      <Execution id="0f7a75e1-b275-4e10-985c-2dfd52018a1a" />
      <TestMethod codeBase="/home/runner/work/typespec/typespec/packages/http-client-csharp/generator/artifacts/bin/Microsoft.TypeSpec.Generator.Tests/Debug/net8.0/Microsoft.TypeSpec.Generator.Tests.dll" adapterTypeName="executor://nunit3testexecutor/" className="Microsoft.TypeSpec.Generator.Tests.Providers.NamedTypeSymbolProviders.NamedTypeSymbolProviderTests" name="ValidatePropertyTypes(System.String[])" />
    </UnitTest>
    <UnitTest name="TypesAreNotEqualWhenNullabilityIsDifferent(System.Collections.Generic.IList`1[T])" storage="/home/runner/work/typespec/typespec/packages/http-client-csharp/generator/artifacts/bin/microsoft.typespec.generator.tests/debug/net8.0/microsoft.typespec.generator.tests.dll" id="525820bd-70f9-c50b-e951-035a7b299aba">
      <Execution id="6ebb8a9c-4816-45ac-b46e-c7e29aa74509" />
      <TestMethod codeBase="/home/runner/work/typespec/typespec/packages/http-client-csharp/generator/artifacts/bin/Microsoft.TypeSpec.Generator.Tests/Debug/net8.0/Microsoft.TypeSpec.Generator.Tests.dll" adapterTypeName="executor://nunit3testexecutor/" className="Microsoft.TypeSpec.Generator.Tests.Primitives.CSharpTypeTests" name="TypesAreNotEqualWhenNullabilityIsDifferent(System.Collections.Generic.IList`1[T])" />
    </UnitTest>
    <UnitTest name="TestPascalCaseProperty" storage="/home/runner/work/typespec/typespec/packages/http-client-csharp/generator/artifacts/bin/microsoft.typespec.generator.tests/debug/net8.0/microsoft.typespec.generator.tests.dll" id="7bf947ee-381a-1499-30ec-e9b2891d9285">
      <Execution id="de247d49-4f60-4b7f-b2a1-f4c35c70a78f" />
      <TestMethod codeBase="/home/runner/work/typespec/typespec/packages/http-client-csharp/generator/artifacts/bin/Microsoft.TypeSpec.Generator.Tests/Debug/net8.0/Microsoft.TypeSpec.Generator.Tests.dll" adapterTypeName="executor://nunit3testexecutor/" className="Microsoft.TypeSpec.Generator.Tests.Providers.PropertyProviderTests" name="TestPascalCaseProperty" />
    </UnitTest>
    <UnitTest name="TypesAreNotEqual(System.Int32,System.Collections.Generic.IList`1[System.Int32])" storage="/home/runner/work/typespec/typespec/packages/http-client-csharp/generator/artifacts/bin/microsoft.typespec.generator.tests/debug/net8.0/microsoft.typespec.generator.tests.dll" id="7cd79aa4-0dcd-4ce3-d03a-09f624e3af36">
      <Execution id="f8896278-51d2-4749-8454-f766d2a83411" />
      <TestMethod codeBase="/home/runner/work/typespec/typespec/packages/http-client-csharp/generator/artifacts/bin/Microsoft.TypeSpec.Generator.Tests/Debug/net8.0/Microsoft.TypeSpec.Generator.Tests.dll" adapterTypeName="executor://nunit3testexecutor/" className="Microsoft.TypeSpec.Generator.Tests.Primitives.CSharpTypeTests" name="TypesAreNotEqual(System.Int32,System.Collections.Generic.IList`1[System.Int32])" />
    </UnitTest>
    <UnitTest name="ValidateName" storage="/home/runner/work/typespec/typespec/packages/http-client-csharp/generator/artifacts/bin/microsoft.typespec.generator.tests/debug/net8.0/microsoft.typespec.generator.tests.dll" id="592e74ff-3455-fef7-3f49-357d335bc5de">
      <Execution id="081c5ca7-6928-4f4c-8d64-aa7f73c4354c" />
      <TestMethod codeBase="/home/runner/work/typespec/typespec/packages/http-client-csharp/generator/artifacts/bin/Microsoft.TypeSpec.Generator.Tests/Debug/net8.0/Microsoft.TypeSpec.Generator.Tests.dll" adapterTypeName="executor://nunit3testexecutor/" className="Microsoft.TypeSpec.Generator.Tests.Providers.CanonicalTypeProviderTests" name="ValidateName" />
    </UnitTest>
    <UnitTest name="SelectGeneratorStopsIfPluginThrows" storage="/home/runner/work/typespec/typespec/packages/http-client-csharp/generator/artifacts/bin/microsoft.typespec.generator.tests/debug/net8.0/microsoft.typespec.generator.tests.dll" id="15c00c5b-637d-e90a-7be2-553cb45778fd">
      <Execution id="daa7f7a7-6141-4dc4-ac38-77d5a478951c" />
      <TestMethod codeBase="/home/runner/work/typespec/typespec/packages/http-client-csharp/generator/artifacts/bin/Microsoft.TypeSpec.Generator.Tests/Debug/net8.0/Microsoft.TypeSpec.Generator.Tests.dll" adapterTypeName="executor://nunit3testexecutor/" className="Microsoft.TypeSpec.Generator.Tests.StartUp.GeneratorHandlerTests" name="SelectGeneratorStopsIfPluginThrows" />
    </UnitTest>
    <UnitTest name="SingleLineCommentStatement" storage="/home/runner/work/typespec/typespec/packages/http-client-csharp/generator/artifacts/bin/microsoft.typespec.generator.tests/debug/net8.0/microsoft.typespec.generator.tests.dll" id="454bc96e-cf2d-beb4-25e3-6a23f16aa2c3">
      <Execution id="a2b048e5-29b9-4336-9c6e-b359c83c6b89" />
      <TestMethod codeBase="/home/runner/work/typespec/typespec/packages/http-client-csharp/generator/artifacts/bin/Microsoft.TypeSpec.Generator.Tests/Debug/net8.0/Microsoft.TypeSpec.Generator.Tests.dll" adapterTypeName="executor://nunit3testexecutor/" className="Microsoft.TypeSpec.Generator.Tests.Statements.StatementTests" name="SingleLineCommentStatement" />
    </UnitTest>
    <UnitTest name="CreateUnknownVariant" storage="/home/runner/work/typespec/typespec/packages/http-client-csharp/generator/artifacts/bin/microsoft.typespec.generator.tests/debug/net8.0/microsoft.typespec.generator.tests.dll" id="c15ec7ee-e6cf-9247-8dfd-571f02430628">
      <Execution id="563c470d-07a5-4c8e-b143-5461e4f16f0f" />
      <TestMethod codeBase="/home/runner/work/typespec/typespec/packages/http-client-csharp/generator/artifacts/bin/Microsoft.TypeSpec.Generator.Tests/Debug/net8.0/Microsoft.TypeSpec.Generator.Tests.dll" adapterTypeName="executor://nunit3testexecutor/" className="Microsoft.TypeSpec.Generator.Tests.Providers.ModelProviders.DiscriminatorTests" name="CreateUnknownVariant" />
    </UnitTest>
    <UnitTest name="ListExpression(System.Collections.Generic.IDictionary`2[System.Int32,System.Int32])" storage="/home/runner/work/typespec/typespec/packages/http-client-csharp/generator/artifacts/bin/microsoft.typespec.generator.tests/debug/net8.0/microsoft.typespec.generator.tests.dll" id="1ec71f08-8756-efd1-0447-6483a5a189fe">
      <Execution id="f17c0c20-3fab-4163-b6b7-a7bea8b7d4bb" />
      <TestMethod codeBase="/home/runner/work/typespec/typespec/packages/http-client-csharp/generator/artifacts/bin/Microsoft.TypeSpec.Generator.Tests/Debug/net8.0/Microsoft.TypeSpec.Generator.Tests.dll" adapterTypeName="executor://nunit3testexecutor/" className="Microsoft.TypeSpec.Generator.Tests.Expressions.KnownValueExpressionsTests" name="ListExpression(System.Collections.Generic.IDictionary`2[System.Int32,System.Int32])" />
    </UnitTest>
    <UnitTest name="CanCustomizeModelFullConstructor(True)" storage="/home/runner/work/typespec/typespec/packages/http-client-csharp/generator/artifacts/bin/microsoft.typespec.generator.tests/debug/net8.0/microsoft.typespec.generator.tests.dll" id="8fac75ec-d821-801f-fb9e-0009c6ac0a62">
      <Execution id="2ee02075-26e8-4eec-872d-f46aa3ac6dfc" />
      <TestMethod codeBase="/home/runner/work/typespec/typespec/packages/http-client-csharp/generator/artifacts/bin/Microsoft.TypeSpec.Generator.Tests/Debug/net8.0/Microsoft.TypeSpec.Generator.Tests.dll" adapterTypeName="executor://nunit3testexecutor/" className="Microsoft.TypeSpec.Generator.Tests.Providers.ModelFactories.ModelFactoriesCustomizationTests" name="CanCustomizeModelFullConstructor(True)" />
    </UnitTest>
    <UnitTest name="ValidateUnion(System.Int32,System.String,System.Single)" storage="/home/runner/work/typespec/typespec/packages/http-client-csharp/generator/artifacts/bin/microsoft.typespec.generator.tests/debug/net8.0/microsoft.typespec.generator.tests.dll" id="d042a881-6eca-108b-73cf-e9042034daf8">
      <Execution id="1166cb89-b129-4cee-99a5-337c81ccdd39" />
      <TestMethod codeBase="/home/runner/work/typespec/typespec/packages/http-client-csharp/generator/artifacts/bin/Microsoft.TypeSpec.Generator.Tests/Debug/net8.0/Microsoft.TypeSpec.Generator.Tests.dll" adapterTypeName="executor://nunit3testexecutor/" className="Microsoft.TypeSpec.Generator.Tests.Primitives.CSharpTypeTests" name="ValidateUnion(System.Int32,System.String,System.Single)" />
    </UnitTest>
    <UnitTest name="HashCodesAreNotEqual(System.Collections.Generic.IList`1[System.Int32],System.Collections.Generic.IList`1[System.String])" storage="/home/runner/work/typespec/typespec/packages/http-client-csharp/generator/artifacts/bin/microsoft.typespec.generator.tests/debug/net8.0/microsoft.typespec.generator.tests.dll" id="e383c9f1-dc66-ae8e-61d4-3c1233ef0bb2">
      <Execution id="5ac63b6e-2846-4597-b051-9b6ef6996b4e" />
      <TestMethod codeBase="/home/runner/work/typespec/typespec/packages/http-client-csharp/generator/artifacts/bin/Microsoft.TypeSpec.Generator.Tests/Debug/net8.0/Microsoft.TypeSpec.Generator.Tests.dll" adapterTypeName="executor://nunit3testexecutor/" className="Microsoft.TypeSpec.Generator.Tests.Primitives.CSharpTypeTests" name="HashCodesAreNotEqual(System.Collections.Generic.IList`1[System.Int32],System.Collections.Generic.IList`1[System.String])" />
    </UnitTest>
    <UnitTest name="InvokeToDouble" storage="/home/runner/work/typespec/typespec/packages/http-client-csharp/generator/artifacts/bin/microsoft.typespec.generator.tests/debug/net8.0/microsoft.typespec.generator.tests.dll" id="c750f97e-dda7-af8d-a7e5-cad6c9aee199">
      <Execution id="2187253a-af2b-462f-a3e3-9d5fe81c5baa" />
      <TestMethod codeBase="/home/runner/work/typespec/typespec/packages/http-client-csharp/generator/artifacts/bin/Microsoft.TypeSpec.Generator.Tests/Debug/net8.0/Microsoft.TypeSpec.Generator.Tests.dll" adapterTypeName="executor://nunit3testexecutor/" className="Microsoft.TypeSpec.Generator.Tests.Snippets.ConvertSnippetsTests" name="InvokeToDouble" />
    </UnitTest>
    <UnitTest name="NoEmptySummary" storage="/home/runner/work/typespec/typespec/packages/http-client-csharp/generator/artifacts/bin/microsoft.typespec.generator.tests/debug/net8.0/microsoft.typespec.generator.tests.dll" id="b3d3b2e9-ab1d-fc48-4579-5f1be78ecdc1">
      <Execution id="d0a78db2-11ca-4181-a675-eb8d0db9a9dc" />
      <TestMethod codeBase="/home/runner/work/typespec/typespec/packages/http-client-csharp/generator/artifacts/bin/Microsoft.TypeSpec.Generator.Tests/Debug/net8.0/Microsoft.TypeSpec.Generator.Tests.dll" adapterTypeName="executor://nunit3testexecutor/" className="Microsoft.TypeSpec.Generator.Tests.Writers.CodeWriterTests" name="NoEmptySummary" />
    </UnitTest>
    <UnitTest name="TestIsCSharpKeyword(&quot;unmanaged&quot;,True)" storage="/home/runner/work/typespec/typespec/packages/http-client-csharp/generator/artifacts/bin/microsoft.typespec.generator.tests/debug/net8.0/microsoft.typespec.generator.tests.dll" id="cfd0af04-f3dc-0a74-1e9d-e96e41c6efc6">
      <Execution id="8b248a66-da33-4778-889a-586e12c426b0" />
      <TestMethod codeBase="/home/runner/work/typespec/typespec/packages/http-client-csharp/generator/artifacts/bin/Microsoft.TypeSpec.Generator.Tests/Debug/net8.0/Microsoft.TypeSpec.Generator.Tests.dll" adapterTypeName="executor://nunit3testexecutor/" className="Microsoft.TypeSpec.Generator.Tests.Utilities.StringExtensionsTests" name="TestIsCSharpKeyword(&quot;unmanaged&quot;,True)" />
    </UnitTest>
    <UnitTest name="BodyHasSetterValidation(&quot;nullableCollectionOnInputModel&quot;,Microsoft.TypeSpec.Generator.Input.InputModelType,False,null)" storage="/home/runner/work/typespec/typespec/packages/http-client-csharp/generator/artifacts/bin/microsoft.typespec.generator.tests/debug/net8.0/microsoft.typespec.generator.tests.dll" id="4eef0cf0-2982-f513-aee1-115e40428440">
      <Execution id="b449f9a9-c167-4d00-9ca2-b50bf875188e" />
      <TestMethod codeBase="/home/runner/work/typespec/typespec/packages/http-client-csharp/generator/artifacts/bin/Microsoft.TypeSpec.Generator.Tests/Debug/net8.0/Microsoft.TypeSpec.Generator.Tests.dll" adapterTypeName="executor://nunit3testexecutor/" className="Microsoft.TypeSpec.Generator.Tests.Providers.PropertyProviderTests" name="BodyHasSetterValidation(&quot;nullableCollectionOnInputModel&quot;,Microsoft.TypeSpec.Generator.Input.InputModelType,False,null)" />
    </UnitTest>
    <UnitTest name="TestToApiVersionValue(&quot;V10_5_2&quot;,&quot;10-5-2&quot;)" storage="/home/runner/work/typespec/typespec/packages/http-client-csharp/generator/artifacts/bin/microsoft.typespec.generator.tests/debug/net8.0/microsoft.typespec.generator.tests.dll" id="c02dd453-152c-0611-b51b-d11ed74a9d2c">
      <Execution id="12f9472a-f5b5-411d-8e7b-a91a58cad7f2" />
      <TestMethod codeBase="/home/runner/work/typespec/typespec/packages/http-client-csharp/generator/artifacts/bin/Microsoft.TypeSpec.Generator.Tests/Debug/net8.0/Microsoft.TypeSpec.Generator.Tests.dll" adapterTypeName="executor://nunit3testexecutor/" className="Microsoft.TypeSpec.Generator.Tests.Utilities.StringExtensionsTests" name="TestToApiVersionValue(&quot;V10_5_2&quot;,&quot;10-5-2&quot;)" />
    </UnitTest>
    <UnitTest name="ScopeStoredTwiceInMultipleBlock" storage="/home/runner/work/typespec/typespec/packages/http-client-csharp/generator/artifacts/bin/microsoft.typespec.generator.tests/debug/net8.0/microsoft.typespec.generator.tests.dll" id="cfada09c-183a-4770-9bf9-ce63dabf4dcb">
      <Execution id="cfdecea4-aa07-4fb3-992f-ed0603b565d2" />
      <TestMethod codeBase="/home/runner/work/typespec/typespec/packages/http-client-csharp/generator/artifacts/bin/Microsoft.TypeSpec.Generator.Tests/Debug/net8.0/Microsoft.TypeSpec.Generator.Tests.dll" adapterTypeName="executor://nunit3testexecutor/" className="Microsoft.TypeSpec.Generator.Tests.Writers.CodeWriterDeclarationTests" name="ScopeStoredTwiceInMultipleBlock" />
    </UnitTest>
    <UnitTest name="SwitchStatementWithMultipleCases" storage="/home/runner/work/typespec/typespec/packages/http-client-csharp/generator/artifacts/bin/microsoft.typespec.generator.tests/debug/net8.0/microsoft.typespec.generator.tests.dll" id="b5a6e0dd-1d44-429e-d055-0e98d67be23c">
      <Execution id="deef93e7-64a3-4082-95ea-95bdbd2051fc" />
      <TestMethod codeBase="/home/runner/work/typespec/typespec/packages/http-client-csharp/generator/artifacts/bin/Microsoft.TypeSpec.Generator.Tests/Debug/net8.0/Microsoft.TypeSpec.Generator.Tests.dll" adapterTypeName="executor://nunit3testexecutor/" className="Microsoft.TypeSpec.Generator.Tests.Statements.StatementTests" name="SwitchStatementWithMultipleCases" />
    </UnitTest>
    <UnitTest name="CanCustomizeDiscriminator" storage="/home/runner/work/typespec/typespec/packages/http-client-csharp/generator/artifacts/bin/microsoft.typespec.generator.tests/debug/net8.0/microsoft.typespec.generator.tests.dll" id="4c473b77-5141-9692-a6bc-fdecd1328753">
      <Execution id="43e3de96-65c9-4a9d-9658-4686ec1d84b5" />
      <TestMethod codeBase="/home/runner/work/typespec/typespec/packages/http-client-csharp/generator/artifacts/bin/Microsoft.TypeSpec.Generator.Tests/Debug/net8.0/Microsoft.TypeSpec.Generator.Tests.dll" adapterTypeName="executor://nunit3testexecutor/" className="Microsoft.TypeSpec.Generator.Tests.Providers.ModelProviders.DiscriminatorTests" name="CanCustomizeDiscriminator" />
    </UnitTest>
    <UnitTest name="TestIsCSharpKeyword(&quot;null&quot;,True)" storage="/home/runner/work/typespec/typespec/packages/http-client-csharp/generator/artifacts/bin/microsoft.typespec.generator.tests/debug/net8.0/microsoft.typespec.generator.tests.dll" id="6f25e87d-dfd4-a691-983e-a932f0aa8e59">
      <Execution id="be655d37-5dd8-4cc6-bda5-06680dc91864" />
      <TestMethod codeBase="/home/runner/work/typespec/typespec/packages/http-client-csharp/generator/artifacts/bin/Microsoft.TypeSpec.Generator.Tests/Debug/net8.0/Microsoft.TypeSpec.Generator.Tests.dll" adapterTypeName="executor://nunit3testexecutor/" className="Microsoft.TypeSpec.Generator.Tests.Utilities.StringExtensionsTests" name="TestIsCSharpKeyword(&quot;null&quot;,True)" />
    </UnitTest>
    <UnitTest name="TestYieldBreakStatement" storage="/home/runner/work/typespec/typespec/packages/http-client-csharp/generator/artifacts/bin/microsoft.typespec.generator.tests/debug/net8.0/microsoft.typespec.generator.tests.dll" id="c84e1522-8e1c-2ce1-86d8-ca3ed0f06d31">
      <Execution id="77805974-00e0-4144-b253-e8a93d212e29" />
      <TestMethod codeBase="/home/runner/work/typespec/typespec/packages/http-client-csharp/generator/artifacts/bin/Microsoft.TypeSpec.Generator.Tests/Debug/net8.0/Microsoft.TypeSpec.Generator.Tests.dll" adapterTypeName="executor://nunit3testexecutor/" className="Microsoft.TypeSpec.Generator.Tests.Statements.StatementTests" name="TestYieldBreakStatement" />
    </UnitTest>
    <UnitTest name="TestToApiVersionValueWithCustomSeparator(&quot;V1_0_0&quot;,&quot;.&quot;,&quot;1.0.0&quot;)" storage="/home/runner/work/typespec/typespec/packages/http-client-csharp/generator/artifacts/bin/microsoft.typespec.generator.tests/debug/net8.0/microsoft.typespec.generator.tests.dll" id="9c3a772f-df25-e699-a77f-57ce06730355">
      <Execution id="ab17d9f7-d80f-4393-8d5d-a93aba49090d" />
      <TestMethod codeBase="/home/runner/work/typespec/typespec/packages/http-client-csharp/generator/artifacts/bin/Microsoft.TypeSpec.Generator.Tests/Debug/net8.0/Microsoft.TypeSpec.Generator.Tests.dll" adapterTypeName="executor://nunit3testexecutor/" className="Microsoft.TypeSpec.Generator.Tests.Utilities.StringExtensionsTests" name="TestToApiVersionValueWithCustomSeparator(&quot;V1_0_0&quot;,&quot;.&quot;,&quot;1.0.0&quot;)" />
    </UnitTest>
    <UnitTest name="ValidateFrameworkInstance" storage="/home/runner/work/typespec/typespec/packages/http-client-csharp/generator/artifacts/bin/microsoft.typespec.generator.tests/debug/net8.0/microsoft.typespec.generator.tests.dll" id="bbb9f240-1054-c03c-e79e-ecd00d8b30f4">
      <Execution id="851894b6-eb77-48a9-9c41-15f98952188c" />
      <TestMethod codeBase="/home/runner/work/typespec/typespec/packages/http-client-csharp/generator/artifacts/bin/Microsoft.TypeSpec.Generator.Tests/Debug/net8.0/Microsoft.TypeSpec.Generator.Tests.dll" adapterTypeName="executor://nunit3testexecutor/" className="Microsoft.TypeSpec.Generator.Tests.Snippets.SnippetTests" name="ValidateFrameworkInstance" />
    </UnitTest>
    <UnitTest name="TestVerbose()" storage="/home/runner/work/typespec/typespec/packages/http-client-csharp/generator/artifacts/bin/microsoft.typespec.generator.tests/debug/net8.0/microsoft.typespec.generator.tests.dll" id="46b84018-7720-3036-e1d7-60256291efb9">
      <Execution id="a826a37c-67a3-4d50-bf8b-cdfef83c9551" />
      <TestMethod codeBase="/home/runner/work/typespec/typespec/packages/http-client-csharp/generator/artifacts/bin/Microsoft.TypeSpec.Generator.Tests/Debug/net8.0/Microsoft.TypeSpec.Generator.Tests.dll" adapterTypeName="executor://nunit3testexecutor/" className="Microsoft.TypeSpec.Generator.Tests.EmitterRpc.EmitterTests" name="TestVerbose()" />
    </UnitTest>
    <UnitTest name="SystemTypeOperatorTestEqual(System.Int64)" storage="/home/runner/work/typespec/typespec/packages/http-client-csharp/generator/artifacts/bin/microsoft.typespec.generator.tests/debug/net8.0/microsoft.typespec.generator.tests.dll" id="7b2bde76-c4df-aa8b-e1f7-800bedb22f31">
      <Execution id="f888fec8-0948-454c-b515-ede2e3e65295" />
      <TestMethod codeBase="/home/runner/work/typespec/typespec/packages/http-client-csharp/generator/artifacts/bin/Microsoft.TypeSpec.Generator.Tests/Debug/net8.0/Microsoft.TypeSpec.Generator.Tests.dll" adapterTypeName="executor://nunit3testexecutor/" className="Microsoft.TypeSpec.Generator.Tests.Expressions.ValueExpressionTests" name="SystemTypeOperatorTestEqual(System.Int64)" />
    </UnitTest>
    <UnitTest name="BackCompatibility_NewModelPropertyAdded" storage="/home/runner/work/typespec/typespec/packages/http-client-csharp/generator/artifacts/bin/microsoft.typespec.generator.tests/debug/net8.0/microsoft.typespec.generator.tests.dll" id="eb168110-7166-e8a6-2128-9f569836286f">
      <Execution id="803c4482-0ba5-4bec-8eca-3bcb8bf5f1c4" />
      <TestMethod codeBase="/home/runner/work/typespec/typespec/packages/http-client-csharp/generator/artifacts/bin/Microsoft.TypeSpec.Generator.Tests/Debug/net8.0/Microsoft.TypeSpec.Generator.Tests.dll" adapterTypeName="executor://nunit3testexecutor/" className="Microsoft.TypeSpec.Generator.Tests.Providers.ModelFactories.ModelFactoryProviderTests" name="BackCompatibility_NewModelPropertyAdded" />
    </UnitTest>
    <UnitTest name="LicenseInfoIsNullWhenNotInConfig" storage="/home/runner/work/typespec/typespec/packages/http-client-csharp/generator/artifacts/bin/microsoft.typespec.generator.tests/debug/net8.0/microsoft.typespec.generator.tests.dll" id="20b95b17-bc37-c884-12d4-53d4352329e4">
      <Execution id="0f359519-d22a-48f5-bde6-518f69f2564b" />
      <TestMethod codeBase="/home/runner/work/typespec/typespec/packages/http-client-csharp/generator/artifacts/bin/Microsoft.TypeSpec.Generator.Tests/Debug/net8.0/Microsoft.TypeSpec.Generator.Tests.dll" adapterTypeName="executor://nunit3testexecutor/" className="Microsoft.TypeSpec.Generator.Tests.ConfigurationTests" name="LicenseInfoIsNullWhenNotInConfig" />
    </UnitTest>
    <UnitTest name="ValidateParameters(System.Int32,ScopedApi { Original = LiteralExpression { Literal = 2 }, Type = int })" storage="/home/runner/work/typespec/typespec/packages/http-client-csharp/generator/artifacts/bin/microsoft.typespec.generator.tests/debug/net8.0/microsoft.typespec.generator.tests.dll" id="aaf67773-3bfa-3e18-1a8e-ed21d37b689e">
      <Execution id="1fb06d50-b139-4cf2-bf98-96ca20023e8b" />
      <TestMethod codeBase="/home/runner/work/typespec/typespec/packages/http-client-csharp/generator/artifacts/bin/Microsoft.TypeSpec.Generator.Tests/Debug/net8.0/Microsoft.TypeSpec.Generator.Tests.dll" adapterTypeName="executor://nunit3testexecutor/" className="Microsoft.TypeSpec.Generator.Tests.Providers.NamedTypeSymbolProviders.NamedTypeSymbolProviderTests" name="ValidateParameters(System.Int32,ScopedApi { Original = LiteralExpression { Literal = 2 }, Type = int })" />
    </UnitTest>
    <UnitTest name="TypesAreNotEqualWhenNullabilityIsDifferent(System.Collections.Generic.IList`1[System.Nullable`1[System.Int32]])" storage="/home/runner/work/typespec/typespec/packages/http-client-csharp/generator/artifacts/bin/microsoft.typespec.generator.tests/debug/net8.0/microsoft.typespec.generator.tests.dll" id="0597e3c8-92de-759a-9177-026541f5e955">
      <Execution id="782ef42a-5c3e-439f-9252-1ff22a817dfe" />
      <TestMethod codeBase="/home/runner/work/typespec/typespec/packages/http-client-csharp/generator/artifacts/bin/Microsoft.TypeSpec.Generator.Tests/Debug/net8.0/Microsoft.TypeSpec.Generator.Tests.dll" adapterTypeName="executor://nunit3testexecutor/" className="Microsoft.TypeSpec.Generator.Tests.Primitives.CSharpTypeTests" name="TypesAreNotEqualWhenNullabilityIsDifferent(System.Collections.Generic.IList`1[System.Nullable`1[System.Int32]])" />
    </UnitTest>
    <UnitTest name="TestSpecialWords" storage="/home/runner/work/typespec/typespec/packages/http-client-csharp/generator/artifacts/bin/microsoft.typespec.generator.tests/debug/net8.0/microsoft.typespec.generator.tests.dll" id="46ebacfc-585a-45bd-fa8a-333ce302a0d7">
      <Execution id="d4d293cb-92e6-4adc-95ce-ad631bbe6f35" />
      <TestMethod codeBase="/home/runner/work/typespec/typespec/packages/http-client-csharp/generator/artifacts/bin/Microsoft.TypeSpec.Generator.Tests/Debug/net8.0/Microsoft.TypeSpec.Generator.Tests.dll" adapterTypeName="executor://nunit3testexecutor/" className="Microsoft.TypeSpec.Generator.Tests.Providers.PropertyProviderTests" name="TestSpecialWords" />
    </UnitTest>
    <UnitTest name="ValidateInstanceCtorWithArguments" storage="/home/runner/work/typespec/typespec/packages/http-client-csharp/generator/artifacts/bin/microsoft.typespec.generator.tests/debug/net8.0/microsoft.typespec.generator.tests.dll" id="51f0d52a-a255-7a92-fcbc-d358b1f05aba">
      <Execution id="0d0e7730-00e0-4ffe-a123-d3013579d105" />
      <TestMethod codeBase="/home/runner/work/typespec/typespec/packages/http-client-csharp/generator/artifacts/bin/Microsoft.TypeSpec.Generator.Tests/Debug/net8.0/Microsoft.TypeSpec.Generator.Tests.dll" adapterTypeName="executor://nunit3testexecutor/" className="Microsoft.TypeSpec.Generator.Tests.Snippets.SnippetTests" name="ValidateInstanceCtorWithArguments" />
    </UnitTest>
    <UnitTest name="GetGenericTypeDefinition(System.Collections.Generic.KeyValuePair`2[System.Int32,System.String],System.Collections.Generic.KeyValuePair`2[TKey,TValue],False)" storage="/home/runner/work/typespec/typespec/packages/http-client-csharp/generator/artifacts/bin/microsoft.typespec.generator.tests/debug/net8.0/microsoft.typespec.generator.tests.dll" id="5c6aca6c-7764-085c-17f7-a78d3193dc56">
      <Execution id="da1e91a2-3d42-400b-aba2-be33624d01ea" />
      <TestMethod codeBase="/home/runner/work/typespec/typespec/packages/http-client-csharp/generator/artifacts/bin/Microsoft.TypeSpec.Generator.Tests/Debug/net8.0/Microsoft.TypeSpec.Generator.Tests.dll" adapterTypeName="executor://nunit3testexecutor/" className="Microsoft.TypeSpec.Generator.Tests.Primitives.CSharpTypeTests" name="GetGenericTypeDefinition(System.Collections.Generic.KeyValuePair`2[System.Int32,System.String],System.Collections.Generic.KeyValuePair`2[TKey,TValue],False)" />
    </UnitTest>
    <UnitTest name="PreVisitsProperties" storage="/home/runner/work/typespec/typespec/packages/http-client-csharp/generator/artifacts/bin/microsoft.typespec.generator.tests/debug/net8.0/microsoft.typespec.generator.tests.dll" id="a3aa98b9-ebc2-8976-affc-ff2d6fa4cb7a">
      <Execution id="52c2274b-4350-4464-bd30-7f320cd825b5" />
      <TestMethod codeBase="/home/runner/work/typespec/typespec/packages/http-client-csharp/generator/artifacts/bin/Microsoft.TypeSpec.Generator.Tests/Debug/net8.0/Microsoft.TypeSpec.Generator.Tests.dll" adapterTypeName="executor://nunit3testexecutor/" className="Microsoft.TypeSpec.Generator.Tests.InputLibraryVisitorTests" name="PreVisitsProperties" />
    </UnitTest>
    <UnitTest name="UseNewInstanceExpression" storage="/home/runner/work/typespec/typespec/packages/http-client-csharp/generator/artifacts/bin/microsoft.typespec.generator.tests/debug/net8.0/microsoft.typespec.generator.tests.dll" id="882c8151-bb71-0704-8aa3-5cc3b6900c69">
      <Execution id="208296fa-a21a-4c53-95a5-5903fad49c18" />
      <TestMethod codeBase="/home/runner/work/typespec/typespec/packages/http-client-csharp/generator/artifacts/bin/Microsoft.TypeSpec.Generator.Tests/Debug/net8.0/Microsoft.TypeSpec.Generator.Tests.dll" adapterTypeName="executor://nunit3testexecutor/" className="Microsoft.TypeSpec.Generator.Tests.Expressions.NewDictionaryExpressionTests" name="UseNewInstanceExpression" />
    </UnitTest>
    <UnitTest name="IntSerializationFormat(Int16,&quot;string&quot;)" storage="/home/runner/work/typespec/typespec/packages/http-client-csharp/generator/artifacts/bin/microsoft.typespec.generator.tests/debug/net8.0/microsoft.typespec.generator.tests.dll" id="69f1ed1b-11e5-b127-77c6-ccd3be0c26db">
      <Execution id="48a92e16-9647-4cf5-bb4b-5d043df57eab" />
      <TestMethod codeBase="/home/runner/work/typespec/typespec/packages/http-client-csharp/generator/artifacts/bin/Microsoft.TypeSpec.Generator.Tests/Debug/net8.0/Microsoft.TypeSpec.Generator.Tests.dll" adapterTypeName="executor://nunit3testexecutor/" className="Microsoft.TypeSpec.Generator.Tests.TypeFactoryTests" name="IntSerializationFormat(Int16,&quot;string&quot;)" />
    </UnitTest>
    <UnitTest name="NotNull(&quot;test&quot;)" storage="/home/runner/work/typespec/typespec/packages/http-client-csharp/generator/artifacts/bin/microsoft.typespec.generator.tests/debug/net8.0/microsoft.typespec.generator.tests.dll" id="af243bb7-2497-e4e2-f004-65289b8ac189">
      <Execution id="bb3427c7-5800-4aa4-bfc6-c46462e92226" />
      <TestMethod codeBase="/home/runner/work/typespec/typespec/packages/http-client-csharp/generator/artifacts/bin/Microsoft.TypeSpec.Generator.Tests/Debug/net8.0/Microsoft.TypeSpec.Generator.Tests.dll" adapterTypeName="executor://nunit3testexecutor/" className="Microsoft.TypeSpec.Generator.Tests.Providers.ArgumentTests" name="NotNull(&quot;test&quot;)" />
    </UnitTest>
    <UnitTest name="ValidateMethods" storage="/home/runner/work/typespec/typespec/packages/http-client-csharp/generator/artifacts/bin/microsoft.typespec.generator.tests/debug/net8.0/microsoft.typespec.generator.tests.dll" id="9bb22f05-4791-90bc-3b45-29eda32cd041">
      <Execution id="dbba723f-dedd-40bd-aa68-6b5a688f3802" />
      <TestMethod codeBase="/home/runner/work/typespec/typespec/packages/http-client-csharp/generator/artifacts/bin/Microsoft.TypeSpec.Generator.Tests/Debug/net8.0/Microsoft.TypeSpec.Generator.Tests.dll" adapterTypeName="executor://nunit3testexecutor/" className="Microsoft.TypeSpec.Generator.Tests.Providers.NamedTypeSymbolProviders.NamedTypeSymbolProviderTests" name="ValidateMethods" />
    </UnitTest>
    <UnitTest name="IsDictionary(System.Collections.Generic.IDictionary`2[TKey,TValue],True)" storage="/home/runner/work/typespec/typespec/packages/http-client-csharp/generator/artifacts/bin/microsoft.typespec.generator.tests/debug/net8.0/microsoft.typespec.generator.tests.dll" id="315fc9d1-2762-1c20-7cbb-ff0e06212694">
      <Execution id="34b68035-d64d-4207-b4b1-3eb2c39db955" />
      <TestMethod codeBase="/home/runner/work/typespec/typespec/packages/http-client-csharp/generator/artifacts/bin/Microsoft.TypeSpec.Generator.Tests/Debug/net8.0/Microsoft.TypeSpec.Generator.Tests.dll" adapterTypeName="executor://nunit3testexecutor/" className="Microsoft.TypeSpec.Generator.Tests.Primitives.CSharpTypeTests" name="IsDictionary(System.Collections.Generic.IDictionary`2[TKey,TValue],True)" />
    </UnitTest>
    <UnitTest name="ValidateParameters(System.BinaryData,KeywordExpression { Keyword = default, Expression =  })" storage="/home/runner/work/typespec/typespec/packages/http-client-csharp/generator/artifacts/bin/microsoft.typespec.generator.tests/debug/net8.0/microsoft.typespec.generator.tests.dll" id="58810f2f-120a-dde5-f64a-e389418b9f70">
      <Execution id="1c8455b7-cda4-4f3d-97aa-15f4cc9ee63f" />
      <TestMethod codeBase="/home/runner/work/typespec/typespec/packages/http-client-csharp/generator/artifacts/bin/Microsoft.TypeSpec.Generator.Tests/Debug/net8.0/Microsoft.TypeSpec.Generator.Tests.dll" adapterTypeName="executor://nunit3testexecutor/" className="Microsoft.TypeSpec.Generator.Tests.Providers.NamedTypeSymbolProviders.NamedTypeSymbolProviderTests" name="ValidateParameters(System.BinaryData,KeywordExpression { Keyword = default, Expression =  })" />
    </UnitTest>
    <UnitTest name="ReadOperationsDoNotChange" storage="/home/runner/work/typespec/typespec/packages/http-client-csharp/generator/artifacts/bin/microsoft.typespec.generator.tests/debug/net8.0/microsoft.typespec.generator.tests.dll" id="334b38bd-8b63-9fa0-f809-425ea283cd1c">
      <Execution id="1b18aa74-274d-42db-b75c-9e4f9bb808c9" />
      <TestMethod codeBase="/home/runner/work/typespec/typespec/packages/http-client-csharp/generator/artifacts/bin/Microsoft.TypeSpec.Generator.Tests/Debug/net8.0/Microsoft.TypeSpec.Generator.Tests.dll" adapterTypeName="executor://nunit3testexecutor/" className="Microsoft.TypeSpec.Generator.Tests.Providers.ChangeTrackingDictionaryTest" name="ReadOperationsDoNotChange" />
    </UnitTest>
    <UnitTest name="CSharpTypeOperatorTestEqual(bool)" storage="/home/runner/work/typespec/typespec/packages/http-client-csharp/generator/artifacts/bin/microsoft.typespec.generator.tests/debug/net8.0/microsoft.typespec.generator.tests.dll" id="d0d08358-736f-27e8-0ef9-204e43fa6c4d">
      <Execution id="19d59b30-5708-4048-9a3f-c91893a39b00" />
      <TestMethod codeBase="/home/runner/work/typespec/typespec/packages/http-client-csharp/generator/artifacts/bin/Microsoft.TypeSpec.Generator.Tests/Debug/net8.0/Microsoft.TypeSpec.Generator.Tests.dll" adapterTypeName="executor://nunit3testexecutor/" className="Microsoft.TypeSpec.Generator.Tests.Expressions.ValueExpressionTests" name="CSharpTypeOperatorTestEqual(bool)" />
    </UnitTest>
    <UnitTest name="IsArray(System.String[],True)" storage="/home/runner/work/typespec/typespec/packages/http-client-csharp/generator/artifacts/bin/microsoft.typespec.generator.tests/debug/net8.0/microsoft.typespec.generator.tests.dll" id="0dc11377-fff4-751d-96d1-181066aa4b1f">
      <Execution id="e46de362-3677-4e30-89f9-eae2614b97a5" />
      <TestMethod codeBase="/home/runner/work/typespec/typespec/packages/http-client-csharp/generator/artifacts/bin/Microsoft.TypeSpec.Generator.Tests/Debug/net8.0/Microsoft.TypeSpec.Generator.Tests.dll" adapterTypeName="executor://nunit3testexecutor/" className="Microsoft.TypeSpec.Generator.Tests.Primitives.CSharpTypeTests" name="IsArray(System.String[],True)" />
    </UnitTest>
    <UnitTest name="CanUpdateInvokeMethodExpression" storage="/home/runner/work/typespec/typespec/packages/http-client-csharp/generator/artifacts/bin/microsoft.typespec.generator.tests/debug/net8.0/microsoft.typespec.generator.tests.dll" id="c23993e9-a578-82da-0307-f45668a6af07">
      <Execution id="44f2e3c2-857c-458c-9ae6-5dbddf7eaf41" />
      <TestMethod codeBase="/home/runner/work/typespec/typespec/packages/http-client-csharp/generator/artifacts/bin/Microsoft.TypeSpec.Generator.Tests/Debug/net8.0/Microsoft.TypeSpec.Generator.Tests.dll" adapterTypeName="executor://nunit3testexecutor/" className="Microsoft.TypeSpec.Generator.Tests.Expressions.ExpressionVisitorTests" name="CanUpdateInvokeMethodExpression" />
    </UnitTest>
    <UnitTest name="BodyHasSetterValidation(&quot;readOnlyCollectionOnInputOutputModel&quot;,Microsoft.TypeSpec.Generator.Input.InputModelType,False,null)" storage="/home/runner/work/typespec/typespec/packages/http-client-csharp/generator/artifacts/bin/microsoft.typespec.generator.tests/debug/net8.0/microsoft.typespec.generator.tests.dll" id="4fbdb465-712a-f2fe-5f43-f7e5faabbe8f">
      <Execution id="e1083449-e060-4e62-b51a-b9a416a22fe3" />
      <TestMethod codeBase="/home/runner/work/typespec/typespec/packages/http-client-csharp/generator/artifacts/bin/Microsoft.TypeSpec.Generator.Tests/Debug/net8.0/Microsoft.TypeSpec.Generator.Tests.dll" adapterTypeName="executor://nunit3testexecutor/" className="Microsoft.TypeSpec.Generator.Tests.Providers.PropertyProviderTests" name="BodyHasSetterValidation(&quot;readOnlyCollectionOnInputOutputModel&quot;,Microsoft.TypeSpec.Generator.Input.InputModelType,False,null)" />
    </UnitTest>
    <UnitTest name="ExplicitOperatorMethodSignatureDoesNotThrowIfReturnTypeIsNull" storage="/home/runner/work/typespec/typespec/packages/http-client-csharp/generator/artifacts/bin/microsoft.typespec.generator.tests/debug/net8.0/microsoft.typespec.generator.tests.dll" id="922a2c12-e9aa-d1ce-97c8-d1c9e5c95c54">
      <Execution id="9f418f3e-a2a8-499b-a4ce-1c8583f7f1f9" />
      <TestMethod codeBase="/home/runner/work/typespec/typespec/packages/http-client-csharp/generator/artifacts/bin/Microsoft.TypeSpec.Generator.Tests/Debug/net8.0/Microsoft.TypeSpec.Generator.Tests.dll" adapterTypeName="executor://nunit3testexecutor/" className="Microsoft.TypeSpec.Generator.Tests.Providers.MethodProviderTests" name="ExplicitOperatorMethodSignatureDoesNotThrowIfReturnTypeIsNull" />
    </UnitTest>
    <UnitTest name="TypeProviderWriter_WriteModelAsStruct" storage="/home/runner/work/typespec/typespec/packages/http-client-csharp/generator/artifacts/bin/microsoft.typespec.generator.tests/debug/net8.0/microsoft.typespec.generator.tests.dll" id="763a6323-3950-5210-95f7-b639e604c6d4">
      <Execution id="934530d0-a8fe-4f7c-a66e-4ad15e7cc912" />
      <TestMethod codeBase="/home/runner/work/typespec/typespec/packages/http-client-csharp/generator/artifacts/bin/Microsoft.TypeSpec.Generator.Tests/Debug/net8.0/Microsoft.TypeSpec.Generator.Tests.dll" adapterTypeName="executor://nunit3testexecutor/" className="Microsoft.TypeSpec.Generator.Tests.Writers.TypeProviderWriterTests" name="TypeProviderWriter_WriteModelAsStruct" />
    </UnitTest>
    <UnitTest name="TestIsCSharpKeyword(&quot;case&quot;,True)" storage="/home/runner/work/typespec/typespec/packages/http-client-csharp/generator/artifacts/bin/microsoft.typespec.generator.tests/debug/net8.0/microsoft.typespec.generator.tests.dll" id="162ec600-3c0d-b20b-0ef0-589a4bc1ab7f">
      <Execution id="9b8ddbb8-70bd-44ff-99b1-a91533f2fd19" />
      <TestMethod codeBase="/home/runner/work/typespec/typespec/packages/http-client-csharp/generator/artifacts/bin/Microsoft.TypeSpec.Generator.Tests/Debug/net8.0/Microsoft.TypeSpec.Generator.Tests.dll" adapterTypeName="executor://nunit3testexecutor/" className="Microsoft.TypeSpec.Generator.Tests.Utilities.StringExtensionsTests" name="TestIsCSharpKeyword(&quot;case&quot;,True)" />
    </UnitTest>
    <UnitTest name="NonFrameworkTypeEqualsEquivalentFrameworkType(System.Collections.Generic.IDictionary`2[System.Int32,System.String])" storage="/home/runner/work/typespec/typespec/packages/http-client-csharp/generator/artifacts/bin/microsoft.typespec.generator.tests/debug/net8.0/microsoft.typespec.generator.tests.dll" id="8663a06c-e6d1-9c91-f350-300011ab6250">
      <Execution id="0ef278e6-4a76-4d6e-8116-7c3cfd44be20" />
      <TestMethod codeBase="/home/runner/work/typespec/typespec/packages/http-client-csharp/generator/artifacts/bin/Microsoft.TypeSpec.Generator.Tests/Debug/net8.0/Microsoft.TypeSpec.Generator.Tests.dll" adapterTypeName="executor://nunit3testexecutor/" className="Microsoft.TypeSpec.Generator.Tests.Primitives.CSharpTypeTests" name="NonFrameworkTypeEqualsEquivalentFrameworkType(System.Collections.Generic.IDictionary`2[System.Int32,System.String])" />
    </UnitTest>
    <UnitTest name="WithRefCopiesProperties" storage="/home/runner/work/typespec/typespec/packages/http-client-csharp/generator/artifacts/bin/microsoft.typespec.generator.tests/debug/net8.0/microsoft.typespec.generator.tests.dll" id="bbcaa4b0-3f46-3a73-7692-7ddd079c6af7">
      <Execution id="f4f837fd-7943-45cc-a365-d3178f730f3f" />
      <TestMethod codeBase="/home/runner/work/typespec/typespec/packages/http-client-csharp/generator/artifacts/bin/Microsoft.TypeSpec.Generator.Tests/Debug/net8.0/Microsoft.TypeSpec.Generator.Tests.dll" adapterTypeName="executor://nunit3testexecutor/" className="Microsoft.TypeSpec.Generator.Tests.Providers.ParameterProviderTests" name="WithRefCopiesProperties" />
    </UnitTest>
    <UnitTest name="IntSerializationFormat(UInt8,null)" storage="/home/runner/work/typespec/typespec/packages/http-client-csharp/generator/artifacts/bin/microsoft.typespec.generator.tests/debug/net8.0/microsoft.typespec.generator.tests.dll" id="4dd825a3-3345-47c4-575c-4dfe20a8f4ec">
      <Execution id="9f4d51fb-622f-49a8-91f9-bea6ead18ee3" />
      <TestMethod codeBase="/home/runner/work/typespec/typespec/packages/http-client-csharp/generator/artifacts/bin/Microsoft.TypeSpec.Generator.Tests/Debug/net8.0/Microsoft.TypeSpec.Generator.Tests.dll" adapterTypeName="executor://nunit3testexecutor/" className="Microsoft.TypeSpec.Generator.Tests.TypeFactoryTests" name="IntSerializationFormat(UInt8,null)" />
    </UnitTest>
    <UnitTest name="BodyHasSetterValidation(&quot;propInReadOnlyStruct&quot;,Microsoft.TypeSpec.Generator.Input.InputModelType,False,Struct, ReadOnly)" storage="/home/runner/work/typespec/typespec/packages/http-client-csharp/generator/artifacts/bin/microsoft.typespec.generator.tests/debug/net8.0/microsoft.typespec.generator.tests.dll" id="6ebbf36c-1344-67da-0a21-dbfd36142b2b">
      <Execution id="5fa063a1-4aa1-4a09-be07-6a556b184fd8" />
      <TestMethod codeBase="/home/runner/work/typespec/typespec/packages/http-client-csharp/generator/artifacts/bin/Microsoft.TypeSpec.Generator.Tests/Debug/net8.0/Microsoft.TypeSpec.Generator.Tests.dll" adapterTypeName="executor://nunit3testexecutor/" className="Microsoft.TypeSpec.Generator.Tests.Providers.PropertyProviderTests" name="BodyHasSetterValidation(&quot;propInReadOnlyStruct&quot;,Microsoft.TypeSpec.Generator.Input.InputModelType,False,Struct, ReadOnly)" />
    </UnitTest>
    <UnitTest name="SystemTypeOperatorTestNotEqual(System.Collections.Generic.IDictionary`2[System.Int32,System.String],System.Collections.Generic.IDictionary`2[System.String,System.Int32])" storage="/home/runner/work/typespec/typespec/packages/http-client-csharp/generator/artifacts/bin/microsoft.typespec.generator.tests/debug/net8.0/microsoft.typespec.generator.tests.dll" id="9d9fb6c2-9184-4538-4081-364acb08e5ea">
      <Execution id="a7e389d0-5a21-4425-a56c-182c0ee46d6f" />
      <TestMethod codeBase="/home/runner/work/typespec/typespec/packages/http-client-csharp/generator/artifacts/bin/Microsoft.TypeSpec.Generator.Tests/Debug/net8.0/Microsoft.TypeSpec.Generator.Tests.dll" adapterTypeName="executor://nunit3testexecutor/" className="Microsoft.TypeSpec.Generator.Tests.Expressions.ValueExpressionTests" name="SystemTypeOperatorTestNotEqual(System.Collections.Generic.IDictionary`2[System.Int32,System.String],System.Collections.Generic.IDictionary`2[System.String,System.Int32])" />
    </UnitTest>
    <UnitTest name="CSharpTypeOperatorTestEqual(int)" storage="/home/runner/work/typespec/typespec/packages/http-client-csharp/generator/artifacts/bin/microsoft.typespec.generator.tests/debug/net8.0/microsoft.typespec.generator.tests.dll" id="d7410c30-2c38-57f3-a26d-1ba9591f6649">
      <Execution id="d5e02ffd-f393-4db4-8ac5-f3d618143807" />
      <TestMethod codeBase="/home/runner/work/typespec/typespec/packages/http-client-csharp/generator/artifacts/bin/Microsoft.TypeSpec.Generator.Tests/Debug/net8.0/Microsoft.TypeSpec.Generator.Tests.dll" adapterTypeName="executor://nunit3testexecutor/" className="Microsoft.TypeSpec.Generator.Tests.Expressions.ValueExpressionTests" name="CSharpTypeOperatorTestEqual(int)" />
    </UnitTest>
    <UnitTest name="TestIsCSharpKeyword(&quot;is&quot;,True)" storage="/home/runner/work/typespec/typespec/packages/http-client-csharp/generator/artifacts/bin/microsoft.typespec.generator.tests/debug/net8.0/microsoft.typespec.generator.tests.dll" id="be1834c1-3cb8-0877-f11f-759d3416c3b6">
      <Execution id="3ff61719-63e8-419e-894a-306e1d1146f7" />
      <TestMethod codeBase="/home/runner/work/typespec/typespec/packages/http-client-csharp/generator/artifacts/bin/Microsoft.TypeSpec.Generator.Tests/Debug/net8.0/Microsoft.TypeSpec.Generator.Tests.dll" adapterTypeName="executor://nunit3testexecutor/" className="Microsoft.TypeSpec.Generator.Tests.Utilities.StringExtensionsTests" name="TestIsCSharpKeyword(&quot;is&quot;,True)" />
    </UnitTest>
    <UnitTest name="ClearResetsUndefined" storage="/home/runner/work/typespec/typespec/packages/http-client-csharp/generator/artifacts/bin/microsoft.typespec.generator.tests/debug/net8.0/microsoft.typespec.generator.tests.dll" id="7fcc0b52-7c7d-2ba2-4751-3821e4104464">
      <Execution id="9caeca7e-6692-45f5-b0ba-644086b376cc" />
      <TestMethod codeBase="/home/runner/work/typespec/typespec/packages/http-client-csharp/generator/artifacts/bin/Microsoft.TypeSpec.Generator.Tests/Debug/net8.0/Microsoft.TypeSpec.Generator.Tests.dll" adapterTypeName="executor://nunit3testexecutor/" className="Microsoft.TypeSpec.Generator.Tests.Providers.ChangeTrackingListTest" name="ClearResetsUndefined" />
    </UnitTest>
    <UnitTest name="TestIsCSharpKeyword(&quot;object&quot;,True)" storage="/home/runner/work/typespec/typespec/packages/http-client-csharp/generator/artifacts/bin/microsoft.typespec.generator.tests/debug/net8.0/microsoft.typespec.generator.tests.dll" id="f61f78ee-776e-6806-ce8e-707947cc453b">
      <Execution id="391c8376-1fd5-4363-b351-f0bcdcb4c748" />
      <TestMethod codeBase="/home/runner/work/typespec/typespec/packages/http-client-csharp/generator/artifacts/bin/Microsoft.TypeSpec.Generator.Tests/Debug/net8.0/Microsoft.TypeSpec.Generator.Tests.dll" adapterTypeName="executor://nunit3testexecutor/" className="Microsoft.TypeSpec.Generator.Tests.Utilities.StringExtensionsTests" name="TestIsCSharpKeyword(&quot;object&quot;,True)" />
    </UnitTest>
    <UnitTest name="TypeModifiersTest(Public, Class, Partial)" storage="/home/runner/work/typespec/typespec/packages/http-client-csharp/generator/artifacts/bin/microsoft.typespec.generator.tests/debug/net8.0/microsoft.typespec.generator.tests.dll" id="8d0e76e1-7de8-e197-f803-2767813ece35">
      <Execution id="6196c94d-8131-43b4-be09-46ad1a5bc55d" />
      <TestMethod codeBase="/home/runner/work/typespec/typespec/packages/http-client-csharp/generator/artifacts/bin/Microsoft.TypeSpec.Generator.Tests/Debug/net8.0/Microsoft.TypeSpec.Generator.Tests.dll" adapterTypeName="executor://nunit3testexecutor/" className="Microsoft.TypeSpec.Generator.Tests.Writers.CodeWriterTests" name="TypeModifiersTest(Public, Class, Partial)" />
    </UnitTest>
    <UnitTest name="TypesAreNotEqualWhenNullabilityIsDifferent(System.Collections.Generic.IList`1[System.Int32])" storage="/home/runner/work/typespec/typespec/packages/http-client-csharp/generator/artifacts/bin/microsoft.typespec.generator.tests/debug/net8.0/microsoft.typespec.generator.tests.dll" id="7c86940f-8bd1-1d77-6307-fc9803576fb0">
      <Execution id="fc9438ab-badd-4043-8b78-f70fe23420c7" />
      <TestMethod codeBase="/home/runner/work/typespec/typespec/packages/http-client-csharp/generator/artifacts/bin/Microsoft.TypeSpec.Generator.Tests/Debug/net8.0/Microsoft.TypeSpec.Generator.Tests.dll" adapterTypeName="executor://nunit3testexecutor/" className="Microsoft.TypeSpec.Generator.Tests.Primitives.CSharpTypeTests" name="TypesAreNotEqualWhenNullabilityIsDifferent(System.Collections.Generic.IList`1[System.Int32])" />
    </UnitTest>
    <UnitTest name="TestWriteValueExpression_DefaultCollectionInitializerExpression(&quot;bar&quot;,&quot;{ \&quot;bar\&quot; }&quot;)" storage="/home/runner/work/typespec/typespec/packages/http-client-csharp/generator/artifacts/bin/microsoft.typespec.generator.tests/debug/net8.0/microsoft.typespec.generator.tests.dll" id="b68bdc1e-7304-801d-1e3d-8649f1db1512">
      <Execution id="1595f3bc-d5f7-4ccb-b59e-2d2638deaa16" />
      <TestMethod codeBase="/home/runner/work/typespec/typespec/packages/http-client-csharp/generator/artifacts/bin/Microsoft.TypeSpec.Generator.Tests/Debug/net8.0/Microsoft.TypeSpec.Generator.Tests.dll" adapterTypeName="executor://nunit3testexecutor/" className="Microsoft.TypeSpec.Generator.Tests.Writers.CodeWriterExtensionTests" name="TestWriteValueExpression_DefaultCollectionInitializerExpression(&quot;bar&quot;,&quot;{ \&quot;bar\&quot; }&quot;)" />
    </UnitTest>
    <UnitTest name="HashCodesAreEqual(System.Collections.Generic.IDictionary`2[System.Int32,System.Int32])" storage="/home/runner/work/typespec/typespec/packages/http-client-csharp/generator/artifacts/bin/microsoft.typespec.generator.tests/debug/net8.0/microsoft.typespec.generator.tests.dll" id="f9da7f0a-44ad-cac9-73d9-a57c239d21b4">
      <Execution id="dd717ba4-6e31-4376-a58e-9ea3e731d90b" />
      <TestMethod codeBase="/home/runner/work/typespec/typespec/packages/http-client-csharp/generator/artifacts/bin/Microsoft.TypeSpec.Generator.Tests/Debug/net8.0/Microsoft.TypeSpec.Generator.Tests.dll" adapterTypeName="executor://nunit3testexecutor/" className="Microsoft.TypeSpec.Generator.Tests.Primitives.CSharpTypeTests" name="HashCodesAreEqual(System.Collections.Generic.IDictionary`2[System.Int32,System.Int32])" />
    </UnitTest>
    <UnitTest name="TestBreakLines_LineBreaksAtEndOfArgument" storage="/home/runner/work/typespec/typespec/packages/http-client-csharp/generator/artifacts/bin/microsoft.typespec.generator.tests/debug/net8.0/microsoft.typespec.generator.tests.dll" id="2a974fab-ba67-ce97-7c56-448e81324bfb">
      <Execution id="8d4d278d-8a18-4262-8df4-a13845223267" />
      <TestMethod codeBase="/home/runner/work/typespec/typespec/packages/http-client-csharp/generator/artifacts/bin/Microsoft.TypeSpec.Generator.Tests/Debug/net8.0/Microsoft.TypeSpec.Generator.Tests.dll" adapterTypeName="executor://nunit3testexecutor/" className="Microsoft.TypeSpec.Generator.Tests.Utilities.FormattableStringHelpersTests" name="TestBreakLines_LineBreaksAtEndOfArgument" />
    </UnitTest>
    <UnitTest name="ValidateDictionaryWithValues" storage="/home/runner/work/typespec/typespec/packages/http-client-csharp/generator/artifacts/bin/microsoft.typespec.generator.tests/debug/net8.0/microsoft.typespec.generator.tests.dll" id="6724e4f1-a2a0-88f4-a38f-02052c7a33f5">
      <Execution id="76f4dec5-7cd7-4aef-ac1a-729059f2b56f" />
      <TestMethod codeBase="/home/runner/work/typespec/typespec/packages/http-client-csharp/generator/artifacts/bin/Microsoft.TypeSpec.Generator.Tests/Debug/net8.0/Microsoft.TypeSpec.Generator.Tests.dll" adapterTypeName="executor://nunit3testexecutor/" className="Microsoft.TypeSpec.Generator.Tests.Snippets.SnippetTests" name="ValidateDictionaryWithValues" />
    </UnitTest>
    <UnitTest name="ValidatePropertyTypes(System.Collections.Generic.IList`1[System.String])" storage="/home/runner/work/typespec/typespec/packages/http-client-csharp/generator/artifacts/bin/microsoft.typespec.generator.tests/debug/net8.0/microsoft.typespec.generator.tests.dll" id="843d022d-7ec7-2445-18f9-50d152325c1d">
      <Execution id="963b6ac4-b85a-4d6a-83e6-177bc731b590" />
      <TestMethod codeBase="/home/runner/work/typespec/typespec/packages/http-client-csharp/generator/artifacts/bin/Microsoft.TypeSpec.Generator.Tests/Debug/net8.0/Microsoft.TypeSpec.Generator.Tests.dll" adapterTypeName="executor://nunit3testexecutor/" className="Microsoft.TypeSpec.Generator.Tests.Providers.NamedTypeSymbolProviders.NamedTypeSymbolProviderTests" name="ValidatePropertyTypes(System.Collections.Generic.IList`1[System.String])" />
    </UnitTest>
    <UnitTest name="TestBuildProperties_ValidatePropertySetters(Microsoft.TypeSpec.Generator.Input.InputModelProperty,global::System.Collections.Generic.IDictionary&lt;string, string&gt;,True)" storage="/home/runner/work/typespec/typespec/packages/http-client-csharp/generator/artifacts/bin/microsoft.typespec.generator.tests/debug/net8.0/microsoft.typespec.generator.tests.dll" id="2b2ec6d4-cf3e-4cc0-d6a8-69e39e2aebe3">
      <Execution id="8c3a2fdb-ea2f-4c79-8ec0-5e2400f0518f" />
      <TestMethod codeBase="/home/runner/work/typespec/typespec/packages/http-client-csharp/generator/artifacts/bin/Microsoft.TypeSpec.Generator.Tests/Debug/net8.0/Microsoft.TypeSpec.Generator.Tests.dll" adapterTypeName="executor://nunit3testexecutor/" className="Microsoft.TypeSpec.Generator.Tests.Providers.ModelProviders.ModelProviderTests" name="TestBuildProperties_ValidatePropertySetters(Microsoft.TypeSpec.Generator.Input.InputModelProperty,global::System.Collections.Generic.IDictionary&lt;string, string&gt;,True)" />
    </UnitTest>
    <UnitTest name="TestIsCSharpKeyword(&quot;abstract&quot;,True)" storage="/home/runner/work/typespec/typespec/packages/http-client-csharp/generator/artifacts/bin/microsoft.typespec.generator.tests/debug/net8.0/microsoft.typespec.generator.tests.dll" id="1eba5726-210c-03a3-c4f4-4ae5f5484de3">
      <Execution id="1121f6b7-52d7-4117-9a44-1df41ec495ae" />
      <TestMethod codeBase="/home/runner/work/typespec/typespec/packages/http-client-csharp/generator/artifacts/bin/Microsoft.TypeSpec.Generator.Tests/Debug/net8.0/Microsoft.TypeSpec.Generator.Tests.dll" adapterTypeName="executor://nunit3testexecutor/" className="Microsoft.TypeSpec.Generator.Tests.Utilities.StringExtensionsTests" name="TestIsCSharpKeyword(&quot;abstract&quot;,True)" />
    </UnitTest>
    <UnitTest name="FullyQualifiedNamePopulatedForFrameworkTypes(System.Collections.Generic.IDictionary`2[System.Collections.Generic.IDictionary`2[System.Int32,System.String],System.Collections.Generic.IDictionary`2[System.String,System.Int32]])" storage="/home/runner/work/typespec/typespec/packages/http-client-csharp/generator/artifacts/bin/microsoft.typespec.generator.tests/debug/net8.0/microsoft.typespec.generator.tests.dll" id="45f96de3-d049-8a9e-87e9-7145fd26e8ec">
      <Execution id="129a8d63-a60f-4440-9bfb-1d0483aa85ce" />
      <TestMethod codeBase="/home/runner/work/typespec/typespec/packages/http-client-csharp/generator/artifacts/bin/Microsoft.TypeSpec.Generator.Tests/Debug/net8.0/Microsoft.TypeSpec.Generator.Tests.dll" adapterTypeName="executor://nunit3testexecutor/" className="Microsoft.TypeSpec.Generator.Tests.Primitives.CSharpTypeTests" name="FullyQualifiedNamePopulatedForFrameworkTypes(System.Collections.Generic.IDictionary`2[System.Collections.Generic.IDictionary`2[System.Int32,System.String],System.Collections.Generic.IDictionary`2[System.String,System.Int32]])" />
    </UnitTest>
    <UnitTest name="ValidateParameters(System.Double,LiteralExpression { Literal = 2.2 })" storage="/home/runner/work/typespec/typespec/packages/http-client-csharp/generator/artifacts/bin/microsoft.typespec.generator.tests/debug/net8.0/microsoft.typespec.generator.tests.dll" id="7103c3bf-290e-0e84-ab82-b0411b9aaf06">
      <Execution id="d5bc8f35-dd94-4f78-8619-41b97eb2b737" />
      <TestMethod codeBase="/home/runner/work/typespec/typespec/packages/http-client-csharp/generator/artifacts/bin/Microsoft.TypeSpec.Generator.Tests/Debug/net8.0/Microsoft.TypeSpec.Generator.Tests.dll" adapterTypeName="executor://nunit3testexecutor/" className="Microsoft.TypeSpec.Generator.Tests.Providers.NamedTypeSymbolProviders.NamedTypeSymbolProviderTests" name="ValidateParameters(System.Double,LiteralExpression { Literal = 2.2 })" />
    </UnitTest>
    <UnitTest name="TestToApiVersionValue(&quot;V1_2_3_Beta&quot;,&quot;1-2-3-beta&quot;)" storage="/home/runner/work/typespec/typespec/packages/http-client-csharp/generator/artifacts/bin/microsoft.typespec.generator.tests/debug/net8.0/microsoft.typespec.generator.tests.dll" id="d15a4e41-7131-c4a7-4dde-718e5b891cc6">
      <Execution id="41cfda1d-f1f3-46a7-aeee-426b406d299f" />
      <TestMethod codeBase="/home/runner/work/typespec/typespec/packages/http-client-csharp/generator/artifacts/bin/Microsoft.TypeSpec.Generator.Tests/Debug/net8.0/Microsoft.TypeSpec.Generator.Tests.dll" adapterTypeName="executor://nunit3testexecutor/" className="Microsoft.TypeSpec.Generator.Tests.Utilities.StringExtensionsTests" name="TestToApiVersionValue(&quot;V1_2_3_Beta&quot;,&quot;1-2-3-beta&quot;)" />
    </UnitTest>
    <UnitTest name="CreateForStatement" storage="/home/runner/work/typespec/typespec/packages/http-client-csharp/generator/artifacts/bin/microsoft.typespec.generator.tests/debug/net8.0/microsoft.typespec.generator.tests.dll" id="e678aa05-b6ee-1d32-a4ac-844b80c01900">
      <Execution id="1a0c855d-c7bd-4a32-aeaf-9c8e7a506fc3" />
      <TestMethod codeBase="/home/runner/work/typespec/typespec/packages/http-client-csharp/generator/artifacts/bin/Microsoft.TypeSpec.Generator.Tests/Debug/net8.0/Microsoft.TypeSpec.Generator.Tests.dll" adapterTypeName="executor://nunit3testexecutor/" className="Microsoft.TypeSpec.Generator.Tests.Statements.StatementTests" name="CreateForStatement" />
    </UnitTest>
    <UnitTest name="BuildEnumType_ValidateStringBasedFixedEnum()" storage="/home/runner/work/typespec/typespec/packages/http-client-csharp/generator/artifacts/bin/microsoft.typespec.generator.tests/debug/net8.0/microsoft.typespec.generator.tests.dll" id="26b5d5c1-e705-32b0-2159-1d5a15990b3c">
      <Execution id="ca36ebf4-92f3-447b-9a22-4b52d8e02375" />
      <TestMethod codeBase="/home/runner/work/typespec/typespec/packages/http-client-csharp/generator/artifacts/bin/Microsoft.TypeSpec.Generator.Tests/Debug/net8.0/Microsoft.TypeSpec.Generator.Tests.dll" adapterTypeName="executor://nunit3testexecutor/" className="Microsoft.TypeSpec.Generator.Tests.Providers.EnumProviderTests" name="BuildEnumType_ValidateStringBasedFixedEnum()" />
    </UnitTest>
    <UnitTest name="TestNewInstanceExpression" storage="/home/runner/work/typespec/typespec/packages/http-client-csharp/generator/artifacts/bin/microsoft.typespec.generator.tests/debug/net8.0/microsoft.typespec.generator.tests.dll" id="17709349-ae15-d50f-ede0-4fa70e827d75">
      <Execution id="4bcbc4bb-ee80-44ef-a23f-a806981a85db" />
      <TestMethod codeBase="/home/runner/work/typespec/typespec/packages/http-client-csharp/generator/artifacts/bin/Microsoft.TypeSpec.Generator.Tests/Debug/net8.0/Microsoft.TypeSpec.Generator.Tests.dll" adapterTypeName="executor://nunit3testexecutor/" className="Microsoft.TypeSpec.Generator.Tests.Expressions.ExpressionsTests" name="TestNewInstanceExpression" />
    </UnitTest>
    <UnitTest name="TestBreakLines_OneArgOnlyWithMultipleCRs" storage="/home/runner/work/typespec/typespec/packages/http-client-csharp/generator/artifacts/bin/microsoft.typespec.generator.tests/debug/net8.0/microsoft.typespec.generator.tests.dll" id="422d58df-bd54-7767-dc16-1a66de87ac79">
      <Execution id="e3439a3b-0254-48b7-a9a8-918621ff56b8" />
      <TestMethod codeBase="/home/runner/work/typespec/typespec/packages/http-client-csharp/generator/artifacts/bin/Microsoft.TypeSpec.Generator.Tests/Debug/net8.0/Microsoft.TypeSpec.Generator.Tests.dll" adapterTypeName="executor://nunit3testexecutor/" className="Microsoft.TypeSpec.Generator.Tests.Utilities.FormattableStringHelpersTests" name="TestBreakLines_OneArgOnlyWithMultipleCRs" />
    </UnitTest>
    <UnitTest name="TestIsCSharpKeyword(&quot;typeof&quot;,True)" storage="/home/runner/work/typespec/typespec/packages/http-client-csharp/generator/artifacts/bin/microsoft.typespec.generator.tests/debug/net8.0/microsoft.typespec.generator.tests.dll" id="e79ee870-84fd-ee32-152b-bd13bd15383d">
      <Execution id="1cd2ff3e-8cbe-409d-bc36-c8d52265a2a2" />
      <TestMethod codeBase="/home/runner/work/typespec/typespec/packages/http-client-csharp/generator/artifacts/bin/Microsoft.TypeSpec.Generator.Tests/Debug/net8.0/Microsoft.TypeSpec.Generator.Tests.dll" adapterTypeName="executor://nunit3testexecutor/" className="Microsoft.TypeSpec.Generator.Tests.Utilities.StringExtensionsTests" name="TestIsCSharpKeyword(&quot;typeof&quot;,True)" />
    </UnitTest>
    <UnitTest name="TestIsCSharpKeyword(&quot;get&quot;,True)" storage="/home/runner/work/typespec/typespec/packages/http-client-csharp/generator/artifacts/bin/microsoft.typespec.generator.tests/debug/net8.0/microsoft.typespec.generator.tests.dll" id="e45411d7-d681-5609-09bb-285dbf9df069">
      <Execution id="fc5c46be-ebd9-4235-8697-98a1ec74211f" />
      <TestMethod codeBase="/home/runner/work/typespec/typespec/packages/http-client-csharp/generator/artifacts/bin/Microsoft.TypeSpec.Generator.Tests/Debug/net8.0/Microsoft.TypeSpec.Generator.Tests.dll" adapterTypeName="executor://nunit3testexecutor/" className="Microsoft.TypeSpec.Generator.Tests.Utilities.StringExtensionsTests" name="TestIsCSharpKeyword(&quot;get&quot;,True)" />
    </UnitTest>
    <UnitTest name="TypesAreNotEqualWhenNullabilityIsDifferent(System.Collections.Generic.IDictionary`2[System.String,System.String])" storage="/home/runner/work/typespec/typespec/packages/http-client-csharp/generator/artifacts/bin/microsoft.typespec.generator.tests/debug/net8.0/microsoft.typespec.generator.tests.dll" id="c8329772-cb20-c52c-c174-fe72a0244e74">
      <Execution id="409a589d-c286-4ef4-9b28-e05236d5b8c5" />
      <TestMethod codeBase="/home/runner/work/typespec/typespec/packages/http-client-csharp/generator/artifacts/bin/Microsoft.TypeSpec.Generator.Tests/Debug/net8.0/Microsoft.TypeSpec.Generator.Tests.dll" adapterTypeName="executor://nunit3testexecutor/" className="Microsoft.TypeSpec.Generator.Tests.Primitives.CSharpTypeTests" name="TypesAreNotEqualWhenNullabilityIsDifferent(System.Collections.Generic.IDictionary`2[System.String,System.String])" />
    </UnitTest>
    <UnitTest name="IsCollectionType(System.Int32[],False)" storage="/home/runner/work/typespec/typespec/packages/http-client-csharp/generator/artifacts/bin/microsoft.typespec.generator.tests/debug/net8.0/microsoft.typespec.generator.tests.dll" id="9f5dc4d0-4f46-51dc-f0d6-39607e3de400">
      <Execution id="9f4a34c1-9212-4c32-8448-65067c2ef829" />
      <TestMethod codeBase="/home/runner/work/typespec/typespec/packages/http-client-csharp/generator/artifacts/bin/Microsoft.TypeSpec.Generator.Tests/Debug/net8.0/Microsoft.TypeSpec.Generator.Tests.dll" adapterTypeName="executor://nunit3testexecutor/" className="Microsoft.TypeSpec.Generator.Tests.Primitives.CSharpTypeTests" name="IsCollectionType(System.Int32[],False)" />
    </UnitTest>
    <UnitTest name="HashCodesAreNotEqual(System.Collections.Generic.IDictionary`2[System.Collections.Generic.IDictionary`2[System.Int32,System.String],System.Collections.Generic.IDictionary`2[System.String,System.Int32]],System.Collections.Generic.IDictionary`2[System.Collections.Generic.IDictionary`2[System.String,System.Int32],System.Collections.Generic.IDictionary`2[System.String,System.Int32]])" storage="/home/runner/work/typespec/typespec/packages/http-client-csharp/generator/artifacts/bin/microsoft.typespec.generator.tests/debug/net8.0/microsoft.typespec.generator.tests.dll" id="76bb760b-94c3-9f49-a667-ff04e895a19d">
      <Execution id="dec92462-96a2-4f58-b659-47cdc9cef4d9" />
      <TestMethod codeBase="/home/runner/work/typespec/typespec/packages/http-client-csharp/generator/artifacts/bin/Microsoft.TypeSpec.Generator.Tests/Debug/net8.0/Microsoft.TypeSpec.Generator.Tests.dll" adapterTypeName="executor://nunit3testexecutor/" className="Microsoft.TypeSpec.Generator.Tests.Primitives.CSharpTypeTests" name="HashCodesAreNotEqual(System.Collections.Generic.IDictionary`2[System.Collections.Generic.IDictionary`2[System.Int32,System.String],System.Collections.Generic.IDictionary`2[System.String,System.Int32]],System.Collections.Generic.IDictionary`2[System.Collections.Generic.IDictionary`2[System.String,System.Int32],System.Collections.Generic.IDictionary`2[System.String,System.Int32]])" />
    </UnitTest>
    <UnitTest name="XmlDocsAreWritten" storage="/home/runner/work/typespec/typespec/packages/http-client-csharp/generator/artifacts/bin/microsoft.typespec.generator.tests/debug/net8.0/microsoft.typespec.generator.tests.dll" id="dd78af76-d896-680f-1e62-b95dc0a25a53">
      <Execution id="20393361-d0e9-468b-bb90-b7a06439e97e" />
      <TestMethod codeBase="/home/runner/work/typespec/typespec/packages/http-client-csharp/generator/artifacts/bin/Microsoft.TypeSpec.Generator.Tests/Debug/net8.0/Microsoft.TypeSpec.Generator.Tests.dll" adapterTypeName="executor://nunit3testexecutor/" className="Microsoft.TypeSpec.Generator.Tests.Providers.ModelProviders.ModelProviderTests" name="XmlDocsAreWritten" />
    </UnitTest>
    <UnitTest name="CSharpTypeOperatorTestNotEqual(bool,string)" storage="/home/runner/work/typespec/typespec/packages/http-client-csharp/generator/artifacts/bin/microsoft.typespec.generator.tests/debug/net8.0/microsoft.typespec.generator.tests.dll" id="81082d72-a555-e204-63e6-057001f26d29">
      <Execution id="807c0663-e6a0-44b6-8198-1914959c9fdb" />
      <TestMethod codeBase="/home/runner/work/typespec/typespec/packages/http-client-csharp/generator/artifacts/bin/Microsoft.TypeSpec.Generator.Tests/Debug/net8.0/Microsoft.TypeSpec.Generator.Tests.dll" adapterTypeName="executor://nunit3testexecutor/" className="Microsoft.TypeSpec.Generator.Tests.Expressions.ValueExpressionTests" name="CSharpTypeOperatorTestNotEqual(bool,string)" />
    </UnitTest>
    <UnitTest name="IsCollectionType(System.String[],False)" storage="/home/runner/work/typespec/typespec/packages/http-client-csharp/generator/artifacts/bin/microsoft.typespec.generator.tests/debug/net8.0/microsoft.typespec.generator.tests.dll" id="bdb990f7-f868-3321-b44d-97f49c3f2f2d">
      <Execution id="acdc9b08-291b-46aa-a829-712b39387a5a" />
      <TestMethod codeBase="/home/runner/work/typespec/typespec/packages/http-client-csharp/generator/artifacts/bin/Microsoft.TypeSpec.Generator.Tests/Debug/net8.0/Microsoft.TypeSpec.Generator.Tests.dll" adapterTypeName="executor://nunit3testexecutor/" className="Microsoft.TypeSpec.Generator.Tests.Primitives.CSharpTypeTests" name="IsCollectionType(System.String[],False)" />
    </UnitTest>
    <UnitTest name="CSharpTypeOperatorTestNotEqual(string,int)" storage="/home/runner/work/typespec/typespec/packages/http-client-csharp/generator/artifacts/bin/microsoft.typespec.generator.tests/debug/net8.0/microsoft.typespec.generator.tests.dll" id="6830570b-6b8d-b4b8-7c7b-a733b2906570">
      <Execution id="c6636306-a063-4a1a-8b5a-e330bac3117e" />
      <TestMethod codeBase="/home/runner/work/typespec/typespec/packages/http-client-csharp/generator/artifacts/bin/Microsoft.TypeSpec.Generator.Tests/Debug/net8.0/Microsoft.TypeSpec.Generator.Tests.dll" adapterTypeName="executor://nunit3testexecutor/" className="Microsoft.TypeSpec.Generator.Tests.Expressions.ValueExpressionTests" name="CSharpTypeOperatorTestNotEqual(string,int)" />
    </UnitTest>
    <UnitTest name="TestLoadLastContractView" storage="/home/runner/work/typespec/typespec/packages/http-client-csharp/generator/artifacts/bin/microsoft.typespec.generator.tests/debug/net8.0/microsoft.typespec.generator.tests.dll" id="2ad6e120-d9a9-8c8f-b8c4-8df96217afde">
      <Execution id="1a06f375-750a-49f8-8ff8-95ca08584848" />
      <TestMethod codeBase="/home/runner/work/typespec/typespec/packages/http-client-csharp/generator/artifacts/bin/Microsoft.TypeSpec.Generator.Tests/Debug/net8.0/Microsoft.TypeSpec.Generator.Tests.dll" adapterTypeName="executor://nunit3testexecutor/" className="Microsoft.TypeSpec.Generator.Tests.Providers.TypeProviderTests" name="TestLoadLastContractView" />
    </UnitTest>
    <UnitTest name="ValidatePropertyTypes(System.Collections.Generic.IDictionary`2[System.Int32,System.Int32])" storage="/home/runner/work/typespec/typespec/packages/http-client-csharp/generator/artifacts/bin/microsoft.typespec.generator.tests/debug/net8.0/microsoft.typespec.generator.tests.dll" id="07f683e9-fcfc-a97b-4836-6544efd7827d">
      <Execution id="545da71e-9732-4dfe-86ba-b8e46e0173e8" />
      <TestMethod codeBase="/home/runner/work/typespec/typespec/packages/http-client-csharp/generator/artifacts/bin/Microsoft.TypeSpec.Generator.Tests/Debug/net8.0/Microsoft.TypeSpec.Generator.Tests.dll" adapterTypeName="executor://nunit3testexecutor/" className="Microsoft.TypeSpec.Generator.Tests.Providers.NamedTypeSymbolProviders.NamedTypeSymbolProviderTests" name="ValidatePropertyTypes(System.Collections.Generic.IDictionary`2[System.Int32,System.Int32])" />
    </UnitTest>
    <UnitTest name="SerializationCtorInitializerHasToStringForEnumParam" storage="/home/runner/work/typespec/typespec/packages/http-client-csharp/generator/artifacts/bin/microsoft.typespec.generator.tests/debug/net8.0/microsoft.typespec.generator.tests.dll" id="5fa08762-c225-80b2-5d21-73957ee628b2">
      <Execution id="8c2680fe-a403-4358-9492-1d3064602d47" />
      <TestMethod codeBase="/home/runner/work/typespec/typespec/packages/http-client-csharp/generator/artifacts/bin/Microsoft.TypeSpec.Generator.Tests/Debug/net8.0/Microsoft.TypeSpec.Generator.Tests.dll" adapterTypeName="executor://nunit3testexecutor/" className="Microsoft.TypeSpec.Generator.Tests.Providers.ModelProviders.ModelProviderTests" name="SerializationCtorInitializerHasToStringForEnumParam" />
    </UnitTest>
    <UnitTest name="IsDictionary(System.ReadOnlyMemory`1[T],False)" storage="/home/runner/work/typespec/typespec/packages/http-client-csharp/generator/artifacts/bin/microsoft.typespec.generator.tests/debug/net8.0/microsoft.typespec.generator.tests.dll" id="c60130b7-97e5-1a5f-9286-3db764dfef7d">
      <Execution id="3ef2328f-66ad-4e69-bf16-7e92c4359e42" />
      <TestMethod codeBase="/home/runner/work/typespec/typespec/packages/http-client-csharp/generator/artifacts/bin/Microsoft.TypeSpec.Generator.Tests/Debug/net8.0/Microsoft.TypeSpec.Generator.Tests.dll" adapterTypeName="executor://nunit3testexecutor/" className="Microsoft.TypeSpec.Generator.Tests.Primitives.CSharpTypeTests" name="IsDictionary(System.ReadOnlyMemory`1[T],False)" />
    </UnitTest>
    <UnitTest name="ValidateProperties" storage="/home/runner/work/typespec/typespec/packages/http-client-csharp/generator/artifacts/bin/microsoft.typespec.generator.tests/debug/net8.0/microsoft.typespec.generator.tests.dll" id="2778d050-be18-0e1b-eac3-753c3cbeca39">
      <Execution id="7d6117a4-916b-430a-aa05-ed71aa8c3e8c" />
      <TestMethod codeBase="/home/runner/work/typespec/typespec/packages/http-client-csharp/generator/artifacts/bin/Microsoft.TypeSpec.Generator.Tests/Debug/net8.0/Microsoft.TypeSpec.Generator.Tests.dll" adapterTypeName="executor://nunit3testexecutor/" className="Microsoft.TypeSpec.Generator.Tests.Providers.CanonicalTypeProviderTests" name="ValidateProperties" />
    </UnitTest>
    <UnitTest name="PreVisitsModel" storage="/home/runner/work/typespec/typespec/packages/http-client-csharp/generator/artifacts/bin/microsoft.typespec.generator.tests/debug/net8.0/microsoft.typespec.generator.tests.dll" id="dfcbe56b-8c05-75b1-eb7b-04b5bd15f4af">
      <Execution id="45ce8a74-ff95-4d88-be2e-b69b2b40a727" />
      <TestMethod codeBase="/home/runner/work/typespec/typespec/packages/http-client-csharp/generator/artifacts/bin/Microsoft.TypeSpec.Generator.Tests/Debug/net8.0/Microsoft.TypeSpec.Generator.Tests.dll" adapterTypeName="executor://nunit3testexecutor/" className="Microsoft.TypeSpec.Generator.Tests.InputLibraryVisitorTests" name="PreVisitsModel" />
    </UnitTest>
    <UnitTest name="TestBreakLines_LiteralOpenBrace" storage="/home/runner/work/typespec/typespec/packages/http-client-csharp/generator/artifacts/bin/microsoft.typespec.generator.tests/debug/net8.0/microsoft.typespec.generator.tests.dll" id="57267976-4404-7aed-4d71-8ab7daa0d5b5">
      <Execution id="09c65aeb-40a6-4bd2-864c-bf1d5ca0ea65" />
      <TestMethod codeBase="/home/runner/work/typespec/typespec/packages/http-client-csharp/generator/artifacts/bin/Microsoft.TypeSpec.Generator.Tests/Debug/net8.0/Microsoft.TypeSpec.Generator.Tests.dll" adapterTypeName="executor://nunit3testexecutor/" className="Microsoft.TypeSpec.Generator.Tests.Utilities.FormattableStringHelpersTests" name="TestBreakLines_LiteralOpenBrace" />
    </UnitTest>
    <UnitTest name="TestIsCSharpKeyword(&quot;fixed&quot;,True)" storage="/home/runner/work/typespec/typespec/packages/http-client-csharp/generator/artifacts/bin/microsoft.typespec.generator.tests/debug/net8.0/microsoft.typespec.generator.tests.dll" id="4fa0749a-9226-fbf0-7fab-089e2afe9755">
      <Execution id="f650acd8-82ad-4429-8b46-dc47282de6bf" />
      <TestMethod codeBase="/home/runner/work/typespec/typespec/packages/http-client-csharp/generator/artifacts/bin/Microsoft.TypeSpec.Generator.Tests/Debug/net8.0/Microsoft.TypeSpec.Generator.Tests.dll" adapterTypeName="executor://nunit3testexecutor/" className="Microsoft.TypeSpec.Generator.Tests.Utilities.StringExtensionsTests" name="TestIsCSharpKeyword(&quot;fixed&quot;,True)" />
    </UnitTest>
    <UnitTest name="HashCodesAreEqual(System.Collections.Generic.IDictionary`2[TKey,TValue])" storage="/home/runner/work/typespec/typespec/packages/http-client-csharp/generator/artifacts/bin/microsoft.typespec.generator.tests/debug/net8.0/microsoft.typespec.generator.tests.dll" id="d1fa7d85-5780-0f20-ee4e-83b10fd1d81e">
      <Execution id="c9992c49-10c0-4bce-bebb-c3235b98d08c" />
      <TestMethod codeBase="/home/runner/work/typespec/typespec/packages/http-client-csharp/generator/artifacts/bin/Microsoft.TypeSpec.Generator.Tests/Debug/net8.0/Microsoft.TypeSpec.Generator.Tests.dll" adapterTypeName="executor://nunit3testexecutor/" className="Microsoft.TypeSpec.Generator.Tests.Primitives.CSharpTypeTests" name="HashCodesAreEqual(System.Collections.Generic.IDictionary`2[TKey,TValue])" />
    </UnitTest>
    <UnitTest name="ShouldDiscoverPlugins" storage="/home/runner/work/typespec/typespec/packages/http-client-csharp/generator/artifacts/bin/microsoft.typespec.generator.tests/debug/net8.0/microsoft.typespec.generator.tests.dll" id="e2039d45-fd2d-c132-a00d-e948754ce65d">
      <Execution id="d2c8e402-ec7c-440e-8db9-3aa1e9c054c3" />
      <TestMethod codeBase="/home/runner/work/typespec/typespec/packages/http-client-csharp/generator/artifacts/bin/Microsoft.TypeSpec.Generator.Tests/Debug/net8.0/Microsoft.TypeSpec.Generator.Tests.dll" adapterTypeName="executor://nunit3testexecutor/" className="Microsoft.TypeSpec.Generator.Tests.StartUp.GeneratorHandlerTests" name="ShouldDiscoverPlugins" />
    </UnitTest>
    <UnitTest name="SelectGeneratorCallsPluginsBeforeConfigure" storage="/home/runner/work/typespec/typespec/packages/http-client-csharp/generator/artifacts/bin/microsoft.typespec.generator.tests/debug/net8.0/microsoft.typespec.generator.tests.dll" id="2c51d3b6-1bce-7242-bc6d-4c3bab5a68f1">
      <Execution id="9665f354-849c-43c6-b56b-7ece35d33685" />
      <TestMethod codeBase="/home/runner/work/typespec/typespec/packages/http-client-csharp/generator/artifacts/bin/Microsoft.TypeSpec.Generator.Tests/Debug/net8.0/Microsoft.TypeSpec.Generator.Tests.dll" adapterTypeName="executor://nunit3testexecutor/" className="Microsoft.TypeSpec.Generator.Tests.StartUp.GeneratorHandlerTests" name="SelectGeneratorCallsPluginsBeforeConfigure" />
    </UnitTest>
    <UnitTest name="DisableDocsForProperty" storage="/home/runner/work/typespec/typespec/packages/http-client-csharp/generator/artifacts/bin/microsoft.typespec.generator.tests/debug/net8.0/microsoft.typespec.generator.tests.dll" id="7abc69b9-3a95-a1b8-64e1-e290890b2be0">
      <Execution id="9cfc00cb-5369-4b85-9ab0-7274044101f4" />
      <TestMethod codeBase="/home/runner/work/typespec/typespec/packages/http-client-csharp/generator/artifacts/bin/Microsoft.TypeSpec.Generator.Tests/Debug/net8.0/Microsoft.TypeSpec.Generator.Tests.dll" adapterTypeName="executor://nunit3testexecutor/" className="Microsoft.TypeSpec.Generator.Tests.ConfigurationTests" name="DisableDocsForProperty" />
    </UnitTest>
    <UnitTest name="TestIsCSharpKeyword(&quot;virtual&quot;,True)" storage="/home/runner/work/typespec/typespec/packages/http-client-csharp/generator/artifacts/bin/microsoft.typespec.generator.tests/debug/net8.0/microsoft.typespec.generator.tests.dll" id="b888e675-3eac-834f-10b9-417da3997633">
      <Execution id="6d4118dc-4605-4b88-b287-d8d6521a4ebb" />
      <TestMethod codeBase="/home/runner/work/typespec/typespec/packages/http-client-csharp/generator/artifacts/bin/Microsoft.TypeSpec.Generator.Tests/Debug/net8.0/Microsoft.TypeSpec.Generator.Tests.dll" adapterTypeName="executor://nunit3testexecutor/" className="Microsoft.TypeSpec.Generator.Tests.Utilities.StringExtensionsTests" name="TestIsCSharpKeyword(&quot;virtual&quot;,True)" />
    </UnitTest>
    <UnitTest name="TestIsCSharpKeyword(&quot;out&quot;,True)" storage="/home/runner/work/typespec/typespec/packages/http-client-csharp/generator/artifacts/bin/microsoft.typespec.generator.tests/debug/net8.0/microsoft.typespec.generator.tests.dll" id="86bafbda-1d9a-b11b-f929-7fdf29a2579b">
      <Execution id="3a95299c-f112-4fa1-91b3-2dc893129a0d" />
      <TestMethod codeBase="/home/runner/work/typespec/typespec/packages/http-client-csharp/generator/artifacts/bin/Microsoft.TypeSpec.Generator.Tests/Debug/net8.0/Microsoft.TypeSpec.Generator.Tests.dll" adapterTypeName="executor://nunit3testexecutor/" className="Microsoft.TypeSpec.Generator.Tests.Utilities.StringExtensionsTests" name="TestIsCSharpKeyword(&quot;out&quot;,True)" />
    </UnitTest>
    <UnitTest name="TestIsCSharpKeyword(&quot;int&quot;,True)" storage="/home/runner/work/typespec/typespec/packages/http-client-csharp/generator/artifacts/bin/microsoft.typespec.generator.tests/debug/net8.0/microsoft.typespec.generator.tests.dll" id="2fad9bdc-11bd-393a-baa9-09a36df552c4">
      <Execution id="d4f5c232-6aad-42e9-b072-35e5ecdedd30" />
      <TestMethod codeBase="/home/runner/work/typespec/typespec/packages/http-client-csharp/generator/artifacts/bin/Microsoft.TypeSpec.Generator.Tests/Debug/net8.0/Microsoft.TypeSpec.Generator.Tests.dll" adapterTypeName="executor://nunit3testexecutor/" className="Microsoft.TypeSpec.Generator.Tests.Utilities.StringExtensionsTests" name="TestIsCSharpKeyword(&quot;int&quot;,True)" />
    </UnitTest>
    <UnitTest name="DisableDocsForField" storage="/home/runner/work/typespec/typespec/packages/http-client-csharp/generator/artifacts/bin/microsoft.typespec.generator.tests/debug/net8.0/microsoft.typespec.generator.tests.dll" id="4463e422-b5d5-04bb-3b26-1b04e0f08860">
      <Execution id="a9c07d0c-e046-4310-87fa-845fe7e8a83d" />
      <TestMethod codeBase="/home/runner/work/typespec/typespec/packages/http-client-csharp/generator/artifacts/bin/Microsoft.TypeSpec.Generator.Tests/Debug/net8.0/Microsoft.TypeSpec.Generator.Tests.dll" adapterTypeName="executor://nunit3testexecutor/" className="Microsoft.TypeSpec.Generator.Tests.ConfigurationTests" name="DisableDocsForField" />
    </UnitTest>
    <UnitTest name="IsCollectionType(System.Collections.Generic.IReadOnlyList`1[T],True)" storage="/home/runner/work/typespec/typespec/packages/http-client-csharp/generator/artifacts/bin/microsoft.typespec.generator.tests/debug/net8.0/microsoft.typespec.generator.tests.dll" id="324bd578-405c-8b22-f175-28ae68baa7fd">
      <Execution id="dadc28f8-88af-4e24-a683-c19f9bf98072" />
      <TestMethod codeBase="/home/runner/work/typespec/typespec/packages/http-client-csharp/generator/artifacts/bin/Microsoft.TypeSpec.Generator.Tests/Debug/net8.0/Microsoft.TypeSpec.Generator.Tests.dll" adapterTypeName="executor://nunit3testexecutor/" className="Microsoft.TypeSpec.Generator.Tests.Primitives.CSharpTypeTests" name="IsCollectionType(System.Collections.Generic.IReadOnlyList`1[T],True)" />
    </UnitTest>
    <UnitTest name="TestIsCSharpKeyword(&quot;unchecked&quot;,True)" storage="/home/runner/work/typespec/typespec/packages/http-client-csharp/generator/artifacts/bin/microsoft.typespec.generator.tests/debug/net8.0/microsoft.typespec.generator.tests.dll" id="6a7db910-f8fc-fe59-a78d-bdbd0dc39474">
      <Execution id="3f3b4725-8866-4a51-bb00-2c2656f5f312" />
      <TestMethod codeBase="/home/runner/work/typespec/typespec/packages/http-client-csharp/generator/artifacts/bin/Microsoft.TypeSpec.Generator.Tests/Debug/net8.0/Microsoft.TypeSpec.Generator.Tests.dll" adapterTypeName="executor://nunit3testexecutor/" className="Microsoft.TypeSpec.Generator.Tests.Utilities.StringExtensionsTests" name="TestIsCSharpKeyword(&quot;unchecked&quot;,True)" />
    </UnitTest>
    <UnitTest name="TypeOfStatement(System.Int32,&quot;typeof(int)&quot;)" storage="/home/runner/work/typespec/typespec/packages/http-client-csharp/generator/artifacts/bin/microsoft.typespec.generator.tests/debug/net8.0/microsoft.typespec.generator.tests.dll" id="8d3616fd-3513-88bb-16af-418f5e2f0ef4">
      <Execution id="5991c723-5f4f-4f46-81b3-aa903731e7c7" />
      <TestMethod codeBase="/home/runner/work/typespec/typespec/packages/http-client-csharp/generator/artifacts/bin/Microsoft.TypeSpec.Generator.Tests/Debug/net8.0/Microsoft.TypeSpec.Generator.Tests.dll" adapterTypeName="executor://nunit3testexecutor/" className="Microsoft.TypeSpec.Generator.Tests.Expressions.TypeOfExpressionTests" name="TypeOfStatement(System.Int32,&quot;typeof(int)&quot;)" />
    </UnitTest>
    <UnitTest name="BodyHasSetterValidation(&quot;intOnOutputModel&quot;,Microsoft.TypeSpec.Generator.Input.InputModelType,False,null)" storage="/home/runner/work/typespec/typespec/packages/http-client-csharp/generator/artifacts/bin/microsoft.typespec.generator.tests/debug/net8.0/microsoft.typespec.generator.tests.dll" id="39b2cad0-5cfd-5913-414b-d32f4ac973ba">
      <Execution id="33804fbb-976e-4709-a6be-ef1fffb1197c" />
      <TestMethod codeBase="/home/runner/work/typespec/typespec/packages/http-client-csharp/generator/artifacts/bin/Microsoft.TypeSpec.Generator.Tests/Debug/net8.0/Microsoft.TypeSpec.Generator.Tests.dll" adapterTypeName="executor://nunit3testexecutor/" className="Microsoft.TypeSpec.Generator.Tests.Providers.PropertyProviderTests" name="BodyHasSetterValidation(&quot;intOnOutputModel&quot;,Microsoft.TypeSpec.Generator.Input.InputModelType,False,null)" />
    </UnitTest>
    <UnitTest name="HashCodesAreEqual(System.Collections.Generic.IDictionary`2[System.String,System.Int32])" storage="/home/runner/work/typespec/typespec/packages/http-client-csharp/generator/artifacts/bin/microsoft.typespec.generator.tests/debug/net8.0/microsoft.typespec.generator.tests.dll" id="c55050c0-1d45-725e-2617-d72f76287147">
      <Execution id="153683ba-9660-45bc-aaa7-9dceb44ceb27" />
      <TestMethod codeBase="/home/runner/work/typespec/typespec/packages/http-client-csharp/generator/artifacts/bin/Microsoft.TypeSpec.Generator.Tests/Debug/net8.0/Microsoft.TypeSpec.Generator.Tests.dll" adapterTypeName="executor://nunit3testexecutor/" className="Microsoft.TypeSpec.Generator.Tests.Primitives.CSharpTypeTests" name="HashCodesAreEqual(System.Collections.Generic.IDictionary`2[System.String,System.Int32])" />
    </UnitTest>
    <UnitTest name="TestToString(System.Int32,&quot;int&quot;)" storage="/home/runner/work/typespec/typespec/packages/http-client-csharp/generator/artifacts/bin/microsoft.typespec.generator.tests/debug/net8.0/microsoft.typespec.generator.tests.dll" id="884bf3c3-69ed-0831-190b-9fe3ac2b98d1">
      <Execution id="1906657d-a112-4c08-b3ba-9f4c2efa09ff" />
      <TestMethod codeBase="/home/runner/work/typespec/typespec/packages/http-client-csharp/generator/artifacts/bin/Microsoft.TypeSpec.Generator.Tests/Debug/net8.0/Microsoft.TypeSpec.Generator.Tests.dll" adapterTypeName="executor://nunit3testexecutor/" className="Microsoft.TypeSpec.Generator.Tests.Primitives.CSharpTypeTests" name="TestToString(System.Int32,&quot;int&quot;)" />
    </UnitTest>
    <UnitTest name="VisitsFields" storage="/home/runner/work/typespec/typespec/packages/http-client-csharp/generator/artifacts/bin/microsoft.typespec.generator.tests/debug/net8.0/microsoft.typespec.generator.tests.dll" id="4cc9d4ab-e132-c853-fa2e-dbbd8b513879">
      <Execution id="02bb2387-d917-49c0-92e3-111a87e96b3f" />
      <TestMethod codeBase="/home/runner/work/typespec/typespec/packages/http-client-csharp/generator/artifacts/bin/Microsoft.TypeSpec.Generator.Tests/Debug/net8.0/Microsoft.TypeSpec.Generator.Tests.dll" adapterTypeName="executor://nunit3testexecutor/" className="Microsoft.TypeSpec.Generator.Tests.OutputLibraryVisitorTests" name="VisitsFields" />
    </UnitTest>
    <UnitTest name="NotNullThrowsOnNull" storage="/home/runner/work/typespec/typespec/packages/http-client-csharp/generator/artifacts/bin/microsoft.typespec.generator.tests/debug/net8.0/microsoft.typespec.generator.tests.dll" id="949b11ab-2e2b-305b-de35-2bb0f2255527">
      <Execution id="e49954f5-1f52-44bb-96a6-d311e1d895b4" />
      <TestMethod codeBase="/home/runner/work/typespec/typespec/packages/http-client-csharp/generator/artifacts/bin/Microsoft.TypeSpec.Generator.Tests/Debug/net8.0/Microsoft.TypeSpec.Generator.Tests.dll" adapterTypeName="executor://nunit3testexecutor/" className="Microsoft.TypeSpec.Generator.Tests.Providers.ArgumentTests" name="NotNullThrowsOnNull" />
    </UnitTest>
    <UnitTest name="TypeModifiersTest(Internal, Class, Static)" storage="/home/runner/work/typespec/typespec/packages/http-client-csharp/generator/artifacts/bin/microsoft.typespec.generator.tests/debug/net8.0/microsoft.typespec.generator.tests.dll" id="3a11d461-dba6-2763-896b-5c577d735925">
      <Execution id="9ad91d94-e821-4edf-9fde-9b3b47ead7f2" />
      <TestMethod codeBase="/home/runner/work/typespec/typespec/packages/http-client-csharp/generator/artifacts/bin/Microsoft.TypeSpec.Generator.Tests/Debug/net8.0/Microsoft.TypeSpec.Generator.Tests.dll" adapterTypeName="executor://nunit3testexecutor/" className="Microsoft.TypeSpec.Generator.Tests.Writers.CodeWriterTests" name="TypeModifiersTest(Internal, Class, Static)" />
    </UnitTest>
    <UnitTest name="TryCatchFinallyStatementWithTryAndCatch" storage="/home/runner/work/typespec/typespec/packages/http-client-csharp/generator/artifacts/bin/microsoft.typespec.generator.tests/debug/net8.0/microsoft.typespec.generator.tests.dll" id="b0406023-9e17-42af-fbaf-e1a01317df38">
      <Execution id="b8982be5-502f-4c47-b1c8-16588e84f9df" />
      <TestMethod codeBase="/home/runner/work/typespec/typespec/packages/http-client-csharp/generator/artifacts/bin/Microsoft.TypeSpec.Generator.Tests/Debug/net8.0/Microsoft.TypeSpec.Generator.Tests.dll" adapterTypeName="executor://nunit3testexecutor/" className="Microsoft.TypeSpec.Generator.Tests.Statements.StatementTests" name="TryCatchFinallyStatementWithTryAndCatch" />
    </UnitTest>
    <UnitTest name="SystemTypeOperatorTestEqual(System.Single)" storage="/home/runner/work/typespec/typespec/packages/http-client-csharp/generator/artifacts/bin/microsoft.typespec.generator.tests/debug/net8.0/microsoft.typespec.generator.tests.dll" id="80e8783e-2944-8a5b-ac7e-c8c21d872c1f">
      <Execution id="167ae781-a27a-4dd9-b672-ec03b3e03176" />
      <TestMethod codeBase="/home/runner/work/typespec/typespec/packages/http-client-csharp/generator/artifacts/bin/Microsoft.TypeSpec.Generator.Tests/Debug/net8.0/Microsoft.TypeSpec.Generator.Tests.dll" adapterTypeName="executor://nunit3testexecutor/" className="Microsoft.TypeSpec.Generator.Tests.Expressions.ValueExpressionTests" name="SystemTypeOperatorTestEqual(System.Single)" />
    </UnitTest>
    <UnitTest name="SystemTypeOperatorTestEqual(System.String)" storage="/home/runner/work/typespec/typespec/packages/http-client-csharp/generator/artifacts/bin/microsoft.typespec.generator.tests/debug/net8.0/microsoft.typespec.generator.tests.dll" id="70714372-dd45-00e7-5cd7-f28250e592ca">
      <Execution id="3120bb53-69ae-4f5b-bf10-3acae1c927ee" />
      <TestMethod codeBase="/home/runner/work/typespec/typespec/packages/http-client-csharp/generator/artifacts/bin/Microsoft.TypeSpec.Generator.Tests/Debug/net8.0/Microsoft.TypeSpec.Generator.Tests.dll" adapterTypeName="executor://nunit3testexecutor/" className="Microsoft.TypeSpec.Generator.Tests.Expressions.ValueExpressionTests" name="SystemTypeOperatorTestEqual(System.String)" />
    </UnitTest>
    <UnitTest name="TestBreakLines_RecursiveFormattableStrings" storage="/home/runner/work/typespec/typespec/packages/http-client-csharp/generator/artifacts/bin/microsoft.typespec.generator.tests/debug/net8.0/microsoft.typespec.generator.tests.dll" id="c78949e1-1970-ebda-ab9c-731ba033e64a">
      <Execution id="2f33552f-cc1a-46cb-9de5-d3b57b84ba8c" />
      <TestMethod codeBase="/home/runner/work/typespec/typespec/packages/http-client-csharp/generator/artifacts/bin/Microsoft.TypeSpec.Generator.Tests/Debug/net8.0/Microsoft.TypeSpec.Generator.Tests.dll" adapterTypeName="executor://nunit3testexecutor/" className="Microsoft.TypeSpec.Generator.Tests.Utilities.FormattableStringHelpersTests" name="TestBreakLines_RecursiveFormattableStrings" />
    </UnitTest>
    <UnitTest name="TestCustomizeNestedTypes(True)" storage="/home/runner/work/typespec/typespec/packages/http-client-csharp/generator/artifacts/bin/microsoft.typespec.generator.tests/debug/net8.0/microsoft.typespec.generator.tests.dll" id="2b25a1d3-06eb-bfd5-b4e0-2bcd8206f4cc">
      <Execution id="0692b538-87f5-47a9-83ab-c6db3aa34365" />
      <TestMethod codeBase="/home/runner/work/typespec/typespec/packages/http-client-csharp/generator/artifacts/bin/Microsoft.TypeSpec.Generator.Tests/Debug/net8.0/Microsoft.TypeSpec.Generator.Tests.dll" adapterTypeName="executor://nunit3testexecutor/" className="Microsoft.TypeSpec.Generator.Tests.Providers.TypeProviderTests" name="TestCustomizeNestedTypes(True)" />
    </UnitTest>
    <UnitTest name="DictionaryExpression(System.Collections.Generic.IList`1[T],System.Int32)" storage="/home/runner/work/typespec/typespec/packages/http-client-csharp/generator/artifacts/bin/microsoft.typespec.generator.tests/debug/net8.0/microsoft.typespec.generator.tests.dll" id="81d66d52-8188-08f0-3991-7d18e0bec362">
      <Execution id="1716c2e6-209d-43e5-9e8d-2d8fb19df8c1" />
      <TestMethod codeBase="/home/runner/work/typespec/typespec/packages/http-client-csharp/generator/artifacts/bin/Microsoft.TypeSpec.Generator.Tests/Debug/net8.0/Microsoft.TypeSpec.Generator.Tests.dll" adapterTypeName="executor://nunit3testexecutor/" className="Microsoft.TypeSpec.Generator.Tests.Expressions.KnownValueExpressionsTests" name="DictionaryExpression(System.Collections.Generic.IList`1[T],System.Int32)" />
    </UnitTest>
    <UnitTest name="CanUpdateExpressionStatement" storage="/home/runner/work/typespec/typespec/packages/http-client-csharp/generator/artifacts/bin/microsoft.typespec.generator.tests/debug/net8.0/microsoft.typespec.generator.tests.dll" id="27c997a8-1c3d-3fbf-ae32-afe57f16f961">
      <Execution id="96c7d3ca-d912-498d-9e26-8949e8d19b28" />
      <TestMethod codeBase="/home/runner/work/typespec/typespec/packages/http-client-csharp/generator/artifacts/bin/Microsoft.TypeSpec.Generator.Tests/Debug/net8.0/Microsoft.TypeSpec.Generator.Tests.dll" adapterTypeName="executor://nunit3testexecutor/" className="Microsoft.TypeSpec.Generator.Tests.Expressions.ExpressionVisitorTests" name="CanUpdateExpressionStatement" />
    </UnitTest>
    <UnitTest name="TestIsCSharpKeyword(&quot;from&quot;,True)" storage="/home/runner/work/typespec/typespec/packages/http-client-csharp/generator/artifacts/bin/microsoft.typespec.generator.tests/debug/net8.0/microsoft.typespec.generator.tests.dll" id="13a897e0-f375-521a-df84-96ce547f4800">
      <Execution id="635a0f9d-0be7-4c25-a988-fe921170fcf7" />
      <TestMethod codeBase="/home/runner/work/typespec/typespec/packages/http-client-csharp/generator/artifacts/bin/Microsoft.TypeSpec.Generator.Tests/Debug/net8.0/Microsoft.TypeSpec.Generator.Tests.dll" adapterTypeName="executor://nunit3testexecutor/" className="Microsoft.TypeSpec.Generator.Tests.Utilities.StringExtensionsTests" name="TestIsCSharpKeyword(&quot;from&quot;,True)" />
    </UnitTest>
    <UnitTest name="GetGenericTypeDefinition(System.Collections.Generic.IDictionary`2[System.Int32,System.Collections.Generic.IList`1[System.String]],System.Collections.Generic.IDictionary`2[TKey,TValue],False)" storage="/home/runner/work/typespec/typespec/packages/http-client-csharp/generator/artifacts/bin/microsoft.typespec.generator.tests/debug/net8.0/microsoft.typespec.generator.tests.dll" id="2f20f457-4f30-a82d-3ca5-006ea3a6967b">
      <Execution id="0a5e3684-d32a-4183-8c20-328e579f3054" />
      <TestMethod codeBase="/home/runner/work/typespec/typespec/packages/http-client-csharp/generator/artifacts/bin/Microsoft.TypeSpec.Generator.Tests/Debug/net8.0/Microsoft.TypeSpec.Generator.Tests.dll" adapterTypeName="executor://nunit3testexecutor/" className="Microsoft.TypeSpec.Generator.Tests.Primitives.CSharpTypeTests" name="GetGenericTypeDefinition(System.Collections.Generic.IDictionary`2[System.Int32,System.Collections.Generic.IList`1[System.String]],System.Collections.Generic.IDictionary`2[TKey,TValue],False)" />
    </UnitTest>
    <UnitTest name="TestWriteValueExpression_DefaultCastExpression(System.Double,22,&quot;((double)22)&quot;)" storage="/home/runner/work/typespec/typespec/packages/http-client-csharp/generator/artifacts/bin/microsoft.typespec.generator.tests/debug/net8.0/microsoft.typespec.generator.tests.dll" id="15e9c99e-de4e-9516-e261-2eeaf52def6d">
      <Execution id="bd4c69e8-7a52-402a-9924-b3e1b53de55f" />
      <TestMethod codeBase="/home/runner/work/typespec/typespec/packages/http-client-csharp/generator/artifacts/bin/Microsoft.TypeSpec.Generator.Tests/Debug/net8.0/Microsoft.TypeSpec.Generator.Tests.dll" adapterTypeName="executor://nunit3testexecutor/" className="Microsoft.TypeSpec.Generator.Tests.Writers.CodeWriterExtensionTests" name="TestWriteValueExpression_DefaultCastExpression(System.Double,22,&quot;((double)22)&quot;)" />
    </UnitTest>
    <UnitTest name="EnumerableExpressionWithAnyMethodCall" storage="/home/runner/work/typespec/typespec/packages/http-client-csharp/generator/artifacts/bin/microsoft.typespec.generator.tests/debug/net8.0/microsoft.typespec.generator.tests.dll" id="e16c19c6-63a6-b892-b6c4-e3e509cc27d9">
      <Execution id="ff8d7fc8-d316-4843-b25e-a0f113d7a83e" />
      <TestMethod codeBase="/home/runner/work/typespec/typespec/packages/http-client-csharp/generator/artifacts/bin/Microsoft.TypeSpec.Generator.Tests/Debug/net8.0/Microsoft.TypeSpec.Generator.Tests.dll" adapterTypeName="executor://nunit3testexecutor/" className="Microsoft.TypeSpec.Generator.Tests.Expressions.KnownValueExpressionsTests" name="EnumerableExpressionWithAnyMethodCall" />
    </UnitTest>
    <UnitTest name="CanCustomizeTypeWithChangedNamespaceInVisitor" storage="/home/runner/work/typespec/typespec/packages/http-client-csharp/generator/artifacts/bin/microsoft.typespec.generator.tests/debug/net8.0/microsoft.typespec.generator.tests.dll" id="ec1daf19-40c8-1beb-7617-255f73a9ae68">
      <Execution id="e1e2d5de-7d2f-429f-aae2-983916eeb05d" />
      <TestMethod codeBase="/home/runner/work/typespec/typespec/packages/http-client-csharp/generator/artifacts/bin/Microsoft.TypeSpec.Generator.Tests/Debug/net8.0/Microsoft.TypeSpec.Generator.Tests.dll" adapterTypeName="executor://nunit3testexecutor/" className="Microsoft.TypeSpec.Generator.Tests.Providers.ModelProviders.ModelCustomizationTests" name="CanCustomizeTypeWithChangedNamespaceInVisitor" />
    </UnitTest>
    <UnitTest name="BodyHasSetterValidation(&quot;nullableDictionaryOnInputModel&quot;,Microsoft.TypeSpec.Generator.Input.InputModelType,False,null)" storage="/home/runner/work/typespec/typespec/packages/http-client-csharp/generator/artifacts/bin/microsoft.typespec.generator.tests/debug/net8.0/microsoft.typespec.generator.tests.dll" id="2e335e06-be84-eebd-8429-513bccec0e21">
      <Execution id="120310a5-980f-4df0-aee7-af0b1feac8e6" />
      <TestMethod codeBase="/home/runner/work/typespec/typespec/packages/http-client-csharp/generator/artifacts/bin/Microsoft.TypeSpec.Generator.Tests/Debug/net8.0/Microsoft.TypeSpec.Generator.Tests.dll" adapterTypeName="executor://nunit3testexecutor/" className="Microsoft.TypeSpec.Generator.Tests.Providers.PropertyProviderTests" name="BodyHasSetterValidation(&quot;nullableDictionaryOnInputModel&quot;,Microsoft.TypeSpec.Generator.Input.InputModelType,False,null)" />
    </UnitTest>
    <UnitTest name="DoesNotVisitPropertiesWhenTypeIsNulledOut" storage="/home/runner/work/typespec/typespec/packages/http-client-csharp/generator/artifacts/bin/microsoft.typespec.generator.tests/debug/net8.0/microsoft.typespec.generator.tests.dll" id="ab655b06-e7da-ba83-91c6-6676025d835e">
      <Execution id="fb7d030b-e2b8-4dc7-a974-874afb0d7c10" />
      <TestMethod codeBase="/home/runner/work/typespec/typespec/packages/http-client-csharp/generator/artifacts/bin/Microsoft.TypeSpec.Generator.Tests/Debug/net8.0/Microsoft.TypeSpec.Generator.Tests.dll" adapterTypeName="executor://nunit3testexecutor/" className="Microsoft.TypeSpec.Generator.Tests.OutputLibraryVisitorTests" name="DoesNotVisitPropertiesWhenTypeIsNulledOut" />
    </UnitTest>
    <UnitTest name="TestIsCSharpKeyword(&quot;ascending&quot;,True)" storage="/home/runner/work/typespec/typespec/packages/http-client-csharp/generator/artifacts/bin/microsoft.typespec.generator.tests/debug/net8.0/microsoft.typespec.generator.tests.dll" id="dd4f2c85-e2a6-e051-43ff-048d83edd353">
      <Execution id="395f55cf-8197-4ea3-9e26-0844b720ae88" />
      <TestMethod codeBase="/home/runner/work/typespec/typespec/packages/http-client-csharp/generator/artifacts/bin/Microsoft.TypeSpec.Generator.Tests/Debug/net8.0/Microsoft.TypeSpec.Generator.Tests.dll" adapterTypeName="executor://nunit3testexecutor/" className="Microsoft.TypeSpec.Generator.Tests.Utilities.StringExtensionsTests" name="TestIsCSharpKeyword(&quot;ascending&quot;,True)" />
    </UnitTest>
    <UnitTest name="TestIsCSharpKeyword(&quot;ref&quot;,True)" storage="/home/runner/work/typespec/typespec/packages/http-client-csharp/generator/artifacts/bin/microsoft.typespec.generator.tests/debug/net8.0/microsoft.typespec.generator.tests.dll" id="96a6c01b-7307-ab09-5ffb-857da77b8125">
      <Execution id="7ff11438-9a6d-4078-a016-009ae3299360" />
      <TestMethod codeBase="/home/runner/work/typespec/typespec/packages/http-client-csharp/generator/artifacts/bin/Microsoft.TypeSpec.Generator.Tests/Debug/net8.0/Microsoft.TypeSpec.Generator.Tests.dll" adapterTypeName="executor://nunit3testexecutor/" className="Microsoft.TypeSpec.Generator.Tests.Utilities.StringExtensionsTests" name="TestIsCSharpKeyword(&quot;ref&quot;,True)" />
    </UnitTest>
    <UnitTest name="BodyHasSetterValidation(&quot;nullableDictionaryOnInputOutputModel&quot;,Microsoft.TypeSpec.Generator.Input.InputModelType,True,null)" storage="/home/runner/work/typespec/typespec/packages/http-client-csharp/generator/artifacts/bin/microsoft.typespec.generator.tests/debug/net8.0/microsoft.typespec.generator.tests.dll" id="0e8bf738-d499-552d-27ab-7888b4afc768">
      <Execution id="53af40ae-d3df-4cca-99b9-2eca730f7665" />
      <TestMethod codeBase="/home/runner/work/typespec/typespec/packages/http-client-csharp/generator/artifacts/bin/Microsoft.TypeSpec.Generator.Tests/Debug/net8.0/Microsoft.TypeSpec.Generator.Tests.dll" adapterTypeName="executor://nunit3testexecutor/" className="Microsoft.TypeSpec.Generator.Tests.Providers.PropertyProviderTests" name="BodyHasSetterValidation(&quot;nullableDictionaryOnInputOutputModel&quot;,Microsoft.TypeSpec.Generator.Input.InputModelType,True,null)" />
    </UnitTest>
    <UnitTest name="DiscriminatedModelWithUnknownValueThrows" storage="/home/runner/work/typespec/typespec/packages/http-client-csharp/generator/artifacts/bin/microsoft.typespec.generator.tests/debug/net8.0/microsoft.typespec.generator.tests.dll" id="71d86dd6-367d-5902-c936-70dc223913e1">
      <Execution id="3e254b78-7af3-48bd-bed9-79278a9f4d1e" />
      <TestMethod codeBase="/home/runner/work/typespec/typespec/packages/http-client-csharp/generator/artifacts/bin/Microsoft.TypeSpec.Generator.Tests/Debug/net8.0/Microsoft.TypeSpec.Generator.Tests.dll" adapterTypeName="executor://nunit3testexecutor/" className="Microsoft.TypeSpec.Generator.Tests.Providers.ModelProviders.DiscriminatorTests" name="DiscriminatedModelWithUnknownValueThrows" />
    </UnitTest>
    <UnitTest name="TestWhileStatement" storage="/home/runner/work/typespec/typespec/packages/http-client-csharp/generator/artifacts/bin/microsoft.typespec.generator.tests/debug/net8.0/microsoft.typespec.generator.tests.dll" id="aff9b247-e2ea-7389-05de-ce1036715c81">
      <Execution id="be50ffa9-5781-4efd-8bbd-8355400f18e7" />
      <TestMethod codeBase="/home/runner/work/typespec/typespec/packages/http-client-csharp/generator/artifacts/bin/Microsoft.TypeSpec.Generator.Tests/Debug/net8.0/Microsoft.TypeSpec.Generator.Tests.dll" adapterTypeName="executor://nunit3testexecutor/" className="Microsoft.TypeSpec.Generator.Tests.Statements.StatementTests" name="TestWhileStatement" />
    </UnitTest>
    <UnitTest name="TestIsCSharpKeyword(&quot;default&quot;,True)" storage="/home/runner/work/typespec/typespec/packages/http-client-csharp/generator/artifacts/bin/microsoft.typespec.generator.tests/debug/net8.0/microsoft.typespec.generator.tests.dll" id="87c101e5-56d9-f2b1-8080-1a4f5d9b19b7">
      <Execution id="0016ee17-0f19-46c1-81fa-0bb4c831b66a" />
      <TestMethod codeBase="/home/runner/work/typespec/typespec/packages/http-client-csharp/generator/artifacts/bin/Microsoft.TypeSpec.Generator.Tests/Debug/net8.0/Microsoft.TypeSpec.Generator.Tests.dll" adapterTypeName="executor://nunit3testexecutor/" className="Microsoft.TypeSpec.Generator.Tests.Utilities.StringExtensionsTests" name="TestIsCSharpKeyword(&quot;default&quot;,True)" />
    </UnitTest>
    <UnitTest name="VerifyTupleExpressionAssignment" storage="/home/runner/work/typespec/typespec/packages/http-client-csharp/generator/artifacts/bin/microsoft.typespec.generator.tests/debug/net8.0/microsoft.typespec.generator.tests.dll" id="f7358e73-f45b-ed04-d227-c7ce733a2b97">
      <Execution id="39ac881b-9a12-48ac-b50b-1663801cbe5e" />
      <TestMethod codeBase="/home/runner/work/typespec/typespec/packages/http-client-csharp/generator/artifacts/bin/Microsoft.TypeSpec.Generator.Tests/Debug/net8.0/Microsoft.TypeSpec.Generator.Tests.dll" adapterTypeName="executor://nunit3testexecutor/" className="Microsoft.TypeSpec.Generator.Tests.Expressions.TupleExpressionTests" name="VerifyTupleExpressionAssignment" />
    </UnitTest>
    <UnitTest name="TestIsCSharpKeyword(&quot;volatile&quot;,True)" storage="/home/runner/work/typespec/typespec/packages/http-client-csharp/generator/artifacts/bin/microsoft.typespec.generator.tests/debug/net8.0/microsoft.typespec.generator.tests.dll" id="3bc81a66-af20-0c50-ba41-cb29d122696b">
      <Execution id="98da94f0-bee4-40df-b56d-ed6dc1f7f674" />
      <TestMethod codeBase="/home/runner/work/typespec/typespec/packages/http-client-csharp/generator/artifacts/bin/Microsoft.TypeSpec.Generator.Tests/Debug/net8.0/Microsoft.TypeSpec.Generator.Tests.dll" adapterTypeName="executor://nunit3testexecutor/" className="Microsoft.TypeSpec.Generator.Tests.Utilities.StringExtensionsTests" name="TestIsCSharpKeyword(&quot;volatile&quot;,True)" />
    </UnitTest>
    <UnitTest name="TestIsCSharpKeyword(&quot;continue&quot;,True)" storage="/home/runner/work/typespec/typespec/packages/http-client-csharp/generator/artifacts/bin/microsoft.typespec.generator.tests/debug/net8.0/microsoft.typespec.generator.tests.dll" id="87c01078-6de1-9cc2-c82f-b4fae10d0ccc">
      <Execution id="6476045d-f82c-4c64-bf25-a69551a7b3e4" />
      <TestMethod codeBase="/home/runner/work/typespec/typespec/packages/http-client-csharp/generator/artifacts/bin/Microsoft.TypeSpec.Generator.Tests/Debug/net8.0/Microsoft.TypeSpec.Generator.Tests.dll" adapterTypeName="executor://nunit3testexecutor/" className="Microsoft.TypeSpec.Generator.Tests.Utilities.StringExtensionsTests" name="TestIsCSharpKeyword(&quot;continue&quot;,True)" />
    </UnitTest>
    <UnitTest name="IsReadOnlyList(System.Int32,False)" storage="/home/runner/work/typespec/typespec/packages/http-client-csharp/generator/artifacts/bin/microsoft.typespec.generator.tests/debug/net8.0/microsoft.typespec.generator.tests.dll" id="d08b732b-ab91-c5d8-c6fb-eaa5596c2a72">
      <Execution id="ec92a6ba-95ba-4540-b8f3-afd711e7d08f" />
      <TestMethod codeBase="/home/runner/work/typespec/typespec/packages/http-client-csharp/generator/artifacts/bin/Microsoft.TypeSpec.Generator.Tests/Debug/net8.0/Microsoft.TypeSpec.Generator.Tests.dll" adapterTypeName="executor://nunit3testexecutor/" className="Microsoft.TypeSpec.Generator.Tests.Primitives.CSharpTypeTests" name="IsReadOnlyList(System.Int32,False)" />
    </UnitTest>
    <UnitTest name="InvalidDocComment" storage="/home/runner/work/typespec/typespec/packages/http-client-csharp/generator/artifacts/bin/microsoft.typespec.generator.tests/debug/net8.0/microsoft.typespec.generator.tests.dll" id="ac825821-a39a-af30-c00b-9869f405d2fa">
      <Execution id="95922822-c1e0-4fec-aaa8-dc053629b9ef" />
      <TestMethod codeBase="/home/runner/work/typespec/typespec/packages/http-client-csharp/generator/artifacts/bin/Microsoft.TypeSpec.Generator.Tests/Debug/net8.0/Microsoft.TypeSpec.Generator.Tests.dll" adapterTypeName="executor://nunit3testexecutor/" className="Microsoft.TypeSpec.Generator.Tests.Statements.XmlDocStatementTests" name="InvalidDocComment" />
    </UnitTest>
    <UnitTest name="CanChangeIfElseStatement" storage="/home/runner/work/typespec/typespec/packages/http-client-csharp/generator/artifacts/bin/microsoft.typespec.generator.tests/debug/net8.0/microsoft.typespec.generator.tests.dll" id="8872864a-b6f9-7c4e-549d-25987a6de165">
      <Execution id="72267f0a-4b95-49ce-bb7b-8aa2f9110874" />
      <TestMethod codeBase="/home/runner/work/typespec/typespec/packages/http-client-csharp/generator/artifacts/bin/Microsoft.TypeSpec.Generator.Tests/Debug/net8.0/Microsoft.TypeSpec.Generator.Tests.dll" adapterTypeName="executor://nunit3testexecutor/" className="Microsoft.TypeSpec.Generator.Tests.Statements.StatementVisitorTests" name="CanChangeIfElseStatement" />
    </UnitTest>
    <UnitTest name="TestBreakLines_LiteralOpenAndCloseBraceWithLineBreaks" storage="/home/runner/work/typespec/typespec/packages/http-client-csharp/generator/artifacts/bin/microsoft.typespec.generator.tests/debug/net8.0/microsoft.typespec.generator.tests.dll" id="9abb5060-f190-1d75-919a-72d88288d474">
      <Execution id="6d5d782c-9d0d-451b-8e41-58243644e536" />
      <TestMethod codeBase="/home/runner/work/typespec/typespec/packages/http-client-csharp/generator/artifacts/bin/Microsoft.TypeSpec.Generator.Tests/Debug/net8.0/Microsoft.TypeSpec.Generator.Tests.dll" adapterTypeName="executor://nunit3testexecutor/" className="Microsoft.TypeSpec.Generator.Tests.Utilities.FormattableStringHelpersTests" name="TestBreakLines_LiteralOpenAndCloseBraceWithLineBreaks" />
    </UnitTest>
    <UnitTest name="TypesAreEqual(System.Collections.Generic.IDictionary`2[System.Int32,System.Int32])" storage="/home/runner/work/typespec/typespec/packages/http-client-csharp/generator/artifacts/bin/microsoft.typespec.generator.tests/debug/net8.0/microsoft.typespec.generator.tests.dll" id="bc057fca-fb18-c66b-7400-9f93d27e65bd">
      <Execution id="320ea216-d904-4f12-82c1-b1e581f6f866" />
      <TestMethod codeBase="/home/runner/work/typespec/typespec/packages/http-client-csharp/generator/artifacts/bin/Microsoft.TypeSpec.Generator.Tests/Debug/net8.0/Microsoft.TypeSpec.Generator.Tests.dll" adapterTypeName="executor://nunit3testexecutor/" className="Microsoft.TypeSpec.Generator.Tests.Primitives.CSharpTypeTests" name="TypesAreEqual(System.Collections.Generic.IDictionary`2[System.Int32,System.Int32])" />
    </UnitTest>
    <UnitTest name="BuildModelAsStruct" storage="/home/runner/work/typespec/typespec/packages/http-client-csharp/generator/artifacts/bin/microsoft.typespec.generator.tests/debug/net8.0/microsoft.typespec.generator.tests.dll" id="4bc2dbf4-4d7b-95c4-53ef-acd6ed6fb604">
      <Execution id="42390a50-84c1-4c51-926d-e5bc17246e2d" />
      <TestMethod codeBase="/home/runner/work/typespec/typespec/packages/http-client-csharp/generator/artifacts/bin/Microsoft.TypeSpec.Generator.Tests/Debug/net8.0/Microsoft.TypeSpec.Generator.Tests.dll" adapterTypeName="executor://nunit3testexecutor/" className="Microsoft.TypeSpec.Generator.Tests.Providers.ModelProviders.ModelProviderTests" name="BuildModelAsStruct" />
    </UnitTest>
    <UnitTest name="NullConditionalOperatorNotChangeOriginalType" storage="/home/runner/work/typespec/typespec/packages/http-client-csharp/generator/artifacts/bin/microsoft.typespec.generator.tests/debug/net8.0/microsoft.typespec.generator.tests.dll" id="16c4748f-5659-f1a1-bdb2-fa1948c411de">
      <Execution id="c238b6bb-31f6-4540-99a6-f1c92cac7379" />
      <TestMethod codeBase="/home/runner/work/typespec/typespec/packages/http-client-csharp/generator/artifacts/bin/Microsoft.TypeSpec.Generator.Tests/Debug/net8.0/Microsoft.TypeSpec.Generator.Tests.dll" adapterTypeName="executor://nunit3testexecutor/" className="Microsoft.TypeSpec.Generator.Tests.Expressions.KnownValueExpressionsTests" name="NullConditionalOperatorNotChangeOriginalType" />
    </UnitTest>
    <UnitTest name="TestBuildProperties_ValidatePropertySetters(Microsoft.TypeSpec.Generator.Input.InputModelProperty,global::System.ReadOnlyMemory&lt;T&gt;,True)" storage="/home/runner/work/typespec/typespec/packages/http-client-csharp/generator/artifacts/bin/microsoft.typespec.generator.tests/debug/net8.0/microsoft.typespec.generator.tests.dll" id="6313edd0-c7f1-6a4c-49d6-de9a9caa9631">
      <Execution id="b558efa9-5a7f-44a8-9ad3-eeaa78c1bcb9" />
      <TestMethod codeBase="/home/runner/work/typespec/typespec/packages/http-client-csharp/generator/artifacts/bin/Microsoft.TypeSpec.Generator.Tests/Debug/net8.0/Microsoft.TypeSpec.Generator.Tests.dll" adapterTypeName="executor://nunit3testexecutor/" className="Microsoft.TypeSpec.Generator.Tests.Providers.ModelProviders.ModelProviderTests" name="TestBuildProperties_ValidatePropertySetters(Microsoft.TypeSpec.Generator.Input.InputModelProperty,global::System.ReadOnlyMemory&lt;T&gt;,True)" />
    </UnitTest>
    <UnitTest name="SerializationCtorShouldNotAssignBaseField" storage="/home/runner/work/typespec/typespec/packages/http-client-csharp/generator/artifacts/bin/microsoft.typespec.generator.tests/debug/net8.0/microsoft.typespec.generator.tests.dll" id="b74d9560-3d49-85a9-01b1-b6fbdbffcd79">
      <Execution id="734eef94-cb4f-49d0-8201-1ea48c5fdc6e" />
      <TestMethod codeBase="/home/runner/work/typespec/typespec/packages/http-client-csharp/generator/artifacts/bin/Microsoft.TypeSpec.Generator.Tests/Debug/net8.0/Microsoft.TypeSpec.Generator.Tests.dll" adapterTypeName="executor://nunit3testexecutor/" className="Microsoft.TypeSpec.Generator.Tests.Providers.ModelProviders.ModelProviderTests" name="SerializationCtorShouldNotAssignBaseField" />
    </UnitTest>
    <UnitTest name="CodeWriter_WriteProperty_IndexerProperty_MethodPropertyBody_WithExplicitInterface" storage="/home/runner/work/typespec/typespec/packages/http-client-csharp/generator/artifacts/bin/microsoft.typespec.generator.tests/debug/net8.0/microsoft.typespec.generator.tests.dll" id="db96f5ae-9f1f-2fcc-fe19-986560c60177">
      <Execution id="fee00018-76fc-478d-b1fa-e285a02554d3" />
      <TestMethod codeBase="/home/runner/work/typespec/typespec/packages/http-client-csharp/generator/artifacts/bin/Microsoft.TypeSpec.Generator.Tests/Debug/net8.0/Microsoft.TypeSpec.Generator.Tests.dll" adapterTypeName="executor://nunit3testexecutor/" className="Microsoft.TypeSpec.Generator.Tests.Writers.CodeWriterTests" name="CodeWriter_WriteProperty_IndexerProperty_MethodPropertyBody_WithExplicitInterface" />
    </UnitTest>
    <UnitTest name="EqualToFrameworkType(System.Int32)" storage="/home/runner/work/typespec/typespec/packages/http-client-csharp/generator/artifacts/bin/microsoft.typespec.generator.tests/debug/net8.0/microsoft.typespec.generator.tests.dll" id="9295c6d5-381d-235c-2ad2-b93bd04edb90">
      <Execution id="fbacbef9-9809-4f43-b1bc-4364486ef9d8" />
      <TestMethod codeBase="/home/runner/work/typespec/typespec/packages/http-client-csharp/generator/artifacts/bin/Microsoft.TypeSpec.Generator.Tests/Debug/net8.0/Microsoft.TypeSpec.Generator.Tests.dll" adapterTypeName="executor://nunit3testexecutor/" className="Microsoft.TypeSpec.Generator.Tests.Primitives.CSharpTypeTests" name="EqualToFrameworkType(System.Int32)" />
    </UnitTest>
    <UnitTest name="DictionaryExpression(System.Collections.Generic.IList`1[System.Int32],System.Int32)" storage="/home/runner/work/typespec/typespec/packages/http-client-csharp/generator/artifacts/bin/microsoft.typespec.generator.tests/debug/net8.0/microsoft.typespec.generator.tests.dll" id="e529b671-4072-6117-ed04-0e2e051c553f">
      <Execution id="a78b7648-a376-4a1e-8dcd-7b1ee599e15a" />
      <TestMethod codeBase="/home/runner/work/typespec/typespec/packages/http-client-csharp/generator/artifacts/bin/Microsoft.TypeSpec.Generator.Tests/Debug/net8.0/Microsoft.TypeSpec.Generator.Tests.dll" adapterTypeName="executor://nunit3testexecutor/" className="Microsoft.TypeSpec.Generator.Tests.Expressions.KnownValueExpressionsTests" name="DictionaryExpression(System.Collections.Generic.IList`1[System.Int32],System.Int32)" />
    </UnitTest>
    <UnitTest name="CanChangeTypeNameAfterTypeNamespace" storage="/home/runner/work/typespec/typespec/packages/http-client-csharp/generator/artifacts/bin/microsoft.typespec.generator.tests/debug/net8.0/microsoft.typespec.generator.tests.dll" id="08fc9853-2db6-098a-f86d-309b8ce35b91">
      <Execution id="cb7e9650-9367-4159-aa72-cfb591ad6459" />
      <TestMethod codeBase="/home/runner/work/typespec/typespec/packages/http-client-csharp/generator/artifacts/bin/Microsoft.TypeSpec.Generator.Tests/Debug/net8.0/Microsoft.TypeSpec.Generator.Tests.dll" adapterTypeName="executor://nunit3testexecutor/" className="Microsoft.TypeSpec.Generator.Tests.Providers.ModelProviders.ModelCustomizationTests" name="CanChangeTypeNameAfterTypeNamespace" />
    </UnitTest>
    <UnitTest name="Equals(Microsoft.TypeSpec.Generator.Providers.ParameterProvider,Microsoft.TypeSpec.Generator.Providers.ParameterProvider,False)" storage="/home/runner/work/typespec/typespec/packages/http-client-csharp/generator/artifacts/bin/microsoft.typespec.generator.tests/debug/net8.0/microsoft.typespec.generator.tests.dll" id="46dd2cf8-a790-10e4-882d-8d6a5b52f88d">
      <Execution id="4c20bf96-bef4-427d-8f47-386dfbfb2f8d" />
      <TestMethod codeBase="/home/runner/work/typespec/typespec/packages/http-client-csharp/generator/artifacts/bin/Microsoft.TypeSpec.Generator.Tests/Debug/net8.0/Microsoft.TypeSpec.Generator.Tests.dll" adapterTypeName="executor://nunit3testexecutor/" className="Microsoft.TypeSpec.Generator.Tests.Providers.ParameterProviderTests" name="Equals(Microsoft.TypeSpec.Generator.Providers.ParameterProvider,Microsoft.TypeSpec.Generator.Providers.ParameterProvider,False)" />
    </UnitTest>
    <UnitTest name="SystemTypeOperatorTestEqual(System.Collections.Generic.IDictionary`2[System.Int32,System.Int32])" storage="/home/runner/work/typespec/typespec/packages/http-client-csharp/generator/artifacts/bin/microsoft.typespec.generator.tests/debug/net8.0/microsoft.typespec.generator.tests.dll" id="8e557d55-0858-3f88-21ef-6e2592d9681c">
      <Execution id="e4844bde-1940-4b88-afb5-7bc1c05518c7" />
      <TestMethod codeBase="/home/runner/work/typespec/typespec/packages/http-client-csharp/generator/artifacts/bin/Microsoft.TypeSpec.Generator.Tests/Debug/net8.0/Microsoft.TypeSpec.Generator.Tests.dll" adapterTypeName="executor://nunit3testexecutor/" className="Microsoft.TypeSpec.Generator.Tests.Expressions.ValueExpressionTests" name="SystemTypeOperatorTestEqual(System.Collections.Generic.IDictionary`2[System.Int32,System.Int32])" />
    </UnitTest>
    <UnitTest name="IsReadWriteList(System.Int32,False)" storage="/home/runner/work/typespec/typespec/packages/http-client-csharp/generator/artifacts/bin/microsoft.typespec.generator.tests/debug/net8.0/microsoft.typespec.generator.tests.dll" id="0f9d72e7-4b12-d747-8149-f85ab4ea8696">
      <Execution id="466ab3cf-0c45-4afb-92f8-c4609548e4fc" />
      <TestMethod codeBase="/home/runner/work/typespec/typespec/packages/http-client-csharp/generator/artifacts/bin/Microsoft.TypeSpec.Generator.Tests/Debug/net8.0/Microsoft.TypeSpec.Generator.Tests.dll" adapterTypeName="executor://nunit3testexecutor/" className="Microsoft.TypeSpec.Generator.Tests.Primitives.CSharpTypeTests" name="IsReadWriteList(System.Int32,False)" />
    </UnitTest>
    <UnitTest name="ModelWithCustomFixedEnumDiscriminator" storage="/home/runner/work/typespec/typespec/packages/http-client-csharp/generator/artifacts/bin/microsoft.typespec.generator.tests/debug/net8.0/microsoft.typespec.generator.tests.dll" id="f1edc6f8-f6fe-b8f1-8afc-54af87691e26">
      <Execution id="51cef0c1-b9d8-4128-8999-dc498a9343b1" />
      <TestMethod codeBase="/home/runner/work/typespec/typespec/packages/http-client-csharp/generator/artifacts/bin/Microsoft.TypeSpec.Generator.Tests/Debug/net8.0/Microsoft.TypeSpec.Generator.Tests.dll" adapterTypeName="executor://nunit3testexecutor/" className="Microsoft.TypeSpec.Generator.Tests.Providers.ModelProviders.DiscriminatorTests" name="ModelWithCustomFixedEnumDiscriminator" />
    </UnitTest>
    <UnitTest name="SeeCRefType(System.Int32,True)" storage="/home/runner/work/typespec/typespec/packages/http-client-csharp/generator/artifacts/bin/microsoft.typespec.generator.tests/debug/net8.0/microsoft.typespec.generator.tests.dll" id="687df4df-3aed-17f2-92c3-f7a65e0c7c53">
      <Execution id="0af699f7-f8a0-4d75-a50d-9d741cf83778" />
      <TestMethod codeBase="/home/runner/work/typespec/typespec/packages/http-client-csharp/generator/artifacts/bin/Microsoft.TypeSpec.Generator.Tests/Debug/net8.0/Microsoft.TypeSpec.Generator.Tests.dll" adapterTypeName="executor://nunit3testexecutor/" className="Microsoft.TypeSpec.Generator.Tests.Writers.CodeWriterTests" name="SeeCRefType(System.Int32,True)" />
    </UnitTest>
    <UnitTest name="NotNullOrEmptyString" storage="/home/runner/work/typespec/typespec/packages/http-client-csharp/generator/artifacts/bin/microsoft.typespec.generator.tests/debug/net8.0/microsoft.typespec.generator.tests.dll" id="303e9c2b-b83c-9a8d-47ab-7f218582b8e3">
      <Execution id="35fa9916-c138-433d-9508-47b4eeb6f763" />
      <TestMethod codeBase="/home/runner/work/typespec/typespec/packages/http-client-csharp/generator/artifacts/bin/Microsoft.TypeSpec.Generator.Tests/Debug/net8.0/Microsoft.TypeSpec.Generator.Tests.dll" adapterTypeName="executor://nunit3testexecutor/" className="Microsoft.TypeSpec.Generator.Tests.Providers.ArgumentTests" name="NotNullOrEmptyString" />
    </UnitTest>
    <UnitTest name="TestBreakLines_LiteralOpenAndCloseBraceWithT" storage="/home/runner/work/typespec/typespec/packages/http-client-csharp/generator/artifacts/bin/microsoft.typespec.generator.tests/debug/net8.0/microsoft.typespec.generator.tests.dll" id="0dc7140d-4bbf-efdd-6caf-673aa037fb11">
      <Execution id="cdfa6061-1654-4048-aeec-39b94eaf27d3" />
      <TestMethod codeBase="/home/runner/work/typespec/typespec/packages/http-client-csharp/generator/artifacts/bin/Microsoft.TypeSpec.Generator.Tests/Debug/net8.0/Microsoft.TypeSpec.Generator.Tests.dll" adapterTypeName="executor://nunit3testexecutor/" className="Microsoft.TypeSpec.Generator.Tests.Utilities.FormattableStringHelpersTests" name="TestBreakLines_LiteralOpenAndCloseBraceWithT" />
    </UnitTest>
    <UnitTest name="ValidateProperties" storage="/home/runner/work/typespec/typespec/packages/http-client-csharp/generator/artifacts/bin/microsoft.typespec.generator.tests/debug/net8.0/microsoft.typespec.generator.tests.dll" id="dded287a-998e-cb9d-f92d-9256dc53a795">
      <Execution id="a46ca71b-1d8c-495f-a968-61ad9642cb54" />
      <TestMethod codeBase="/home/runner/work/typespec/typespec/packages/http-client-csharp/generator/artifacts/bin/Microsoft.TypeSpec.Generator.Tests/Debug/net8.0/Microsoft.TypeSpec.Generator.Tests.dll" adapterTypeName="executor://nunit3testexecutor/" className="Microsoft.TypeSpec.Generator.Tests.Providers.NamedTypeSymbolProviders.NamedTypeSymbolProviderTests" name="ValidateProperties" />
    </UnitTest>
    <UnitTest name="ValidateGetFormattableStringFormatParts(&quot;{0}{1}&quot;,[Part { Value = 0, IsLiteral = False, ArgumentIndex = 0 }, Part { Value = 1, IsLiteral = False, ArgumentIndex = 1 }])" storage="/home/runner/work/typespec/typespec/packages/http-client-csharp/generator/artifacts/bin/microsoft.typespec.generator.tests/debug/net8.0/microsoft.typespec.generator.tests.dll" id="4c1684c0-a2e7-4381-d0c9-50e5430b44d5">
      <Execution id="45752dc7-2d03-4b4c-88e4-b64acde15e57" />
      <TestMethod codeBase="/home/runner/work/typespec/typespec/packages/http-client-csharp/generator/artifacts/bin/Microsoft.TypeSpec.Generator.Tests/Debug/net8.0/Microsoft.TypeSpec.Generator.Tests.dll" adapterTypeName="executor://nunit3testexecutor/" className="Microsoft.TypeSpec.Generator.Tests.Utilities.StringExtensionsTests" name="ValidateGetFormattableStringFormatParts(&quot;{0}{1}&quot;,[Part { Value = 0, IsLiteral = False, ArgumentIndex = 0 }, Part { Value = 1, IsLiteral = False, ArgumentIndex = 1 }])" />
    </UnitTest>
    <UnitTest name="ValidateNamespace" storage="/home/runner/work/typespec/typespec/packages/http-client-csharp/generator/artifacts/bin/microsoft.typespec.generator.tests/debug/net8.0/microsoft.typespec.generator.tests.dll" id="1aa0e048-8454-4b5a-6b8f-4adbe8aad08e">
      <Execution id="2d3193ca-8048-4b41-aa7e-b4715f748838" />
      <TestMethod codeBase="/home/runner/work/typespec/typespec/packages/http-client-csharp/generator/artifacts/bin/Microsoft.TypeSpec.Generator.Tests/Debug/net8.0/Microsoft.TypeSpec.Generator.Tests.dll" adapterTypeName="executor://nunit3testexecutor/" className="Microsoft.TypeSpec.Generator.Tests.Providers.CanonicalTypeProviderTests" name="ValidateNamespace" />
    </UnitTest>
    <UnitTest name="InvalidDocComment" storage="/home/runner/work/typespec/typespec/packages/http-client-csharp/generator/artifacts/bin/microsoft.typespec.generator.tests/debug/net8.0/microsoft.typespec.generator.tests.dll" id="6e1e695d-4421-afac-2e3e-65d407f908bb">
      <Execution id="a4b5ff82-5ca5-4df3-8171-dd90e3772a86" />
      <TestMethod codeBase="/home/runner/work/typespec/typespec/packages/http-client-csharp/generator/artifacts/bin/Microsoft.TypeSpec.Generator.Tests/Debug/net8.0/Microsoft.TypeSpec.Generator.Tests.dll" adapterTypeName="executor://nunit3testexecutor/" className="Microsoft.TypeSpec.Generator.Tests.Statements.XmlDocParamStatementTests" name="InvalidDocComment" />
    </UnitTest>
    <UnitTest name="CodeWriter_WriteProperty_AutoBody_WithExplicitInterface" storage="/home/runner/work/typespec/typespec/packages/http-client-csharp/generator/artifacts/bin/microsoft.typespec.generator.tests/debug/net8.0/microsoft.typespec.generator.tests.dll" id="44cba4f7-5a18-ba1c-b948-fba329c2d655">
      <Execution id="e0856fa3-89ad-4e45-9df4-6c6571e1bcc3" />
      <TestMethod codeBase="/home/runner/work/typespec/typespec/packages/http-client-csharp/generator/artifacts/bin/Microsoft.TypeSpec.Generator.Tests/Debug/net8.0/Microsoft.TypeSpec.Generator.Tests.dll" adapterTypeName="executor://nunit3testexecutor/" className="Microsoft.TypeSpec.Generator.Tests.Writers.CodeWriterTests" name="CodeWriter_WriteProperty_AutoBody_WithExplicitInterface" />
    </UnitTest>
    <UnitTest name="CanRemoveField" storage="/home/runner/work/typespec/typespec/packages/http-client-csharp/generator/artifacts/bin/microsoft.typespec.generator.tests/debug/net8.0/microsoft.typespec.generator.tests.dll" id="d97e98fc-ba5c-40e9-3016-94bbef50b084">
      <Execution id="921a3d6a-fd23-4539-94ed-85284efd1ed1" />
      <TestMethod codeBase="/home/runner/work/typespec/typespec/packages/http-client-csharp/generator/artifacts/bin/Microsoft.TypeSpec.Generator.Tests/Debug/net8.0/Microsoft.TypeSpec.Generator.Tests.dll" adapterTypeName="executor://nunit3testexecutor/" className="Microsoft.TypeSpec.Generator.Tests.Providers.ModelProviders.ModelCustomizationTests" name="CanRemoveField" />
    </UnitTest>
    <UnitTest name="TestCustomizeNestedTypes(False)" storage="/home/runner/work/typespec/typespec/packages/http-client-csharp/generator/artifacts/bin/microsoft.typespec.generator.tests/debug/net8.0/microsoft.typespec.generator.tests.dll" id="05dbcc0e-37b6-5c61-b5f8-c3fc14476401">
      <Execution id="0a1f8dc3-bf06-4b88-be0c-815bfa1823e1" />
      <TestMethod codeBase="/home/runner/work/typespec/typespec/packages/http-client-csharp/generator/artifacts/bin/Microsoft.TypeSpec.Generator.Tests/Debug/net8.0/Microsoft.TypeSpec.Generator.Tests.dll" adapterTypeName="executor://nunit3testexecutor/" className="Microsoft.TypeSpec.Generator.Tests.Providers.TypeProviderTests" name="TestCustomizeNestedTypes(False)" />
    </UnitTest>
    <UnitTest name="TestInvokeInstanceMethodExpression" storage="/home/runner/work/typespec/typespec/packages/http-client-csharp/generator/artifacts/bin/microsoft.typespec.generator.tests/debug/net8.0/microsoft.typespec.generator.tests.dll" id="e1bfabc8-9f04-8734-9894-416f16862390">
      <Execution id="c2ef7a64-6e3b-440f-9439-100a668ed423" />
      <TestMethod codeBase="/home/runner/work/typespec/typespec/packages/http-client-csharp/generator/artifacts/bin/Microsoft.TypeSpec.Generator.Tests/Debug/net8.0/Microsoft.TypeSpec.Generator.Tests.dll" adapterTypeName="executor://nunit3testexecutor/" className="Microsoft.TypeSpec.Generator.Tests.Expressions.ExpressionsTests" name="TestInvokeInstanceMethodExpression" />
    </UnitTest>
    <UnitTest name="TestToApiVersionValueWithVersionPrefix(&quot;V2022_05_15&quot;,&quot;v&quot;,&quot;v2022-05-15&quot;)" storage="/home/runner/work/typespec/typespec/packages/http-client-csharp/generator/artifacts/bin/microsoft.typespec.generator.tests/debug/net8.0/microsoft.typespec.generator.tests.dll" id="66d84296-71e8-000e-094d-50c5e3b925a5">
      <Execution id="15bf6528-133e-42c0-8610-72f3e91f0c2f" />
      <TestMethod codeBase="/home/runner/work/typespec/typespec/packages/http-client-csharp/generator/artifacts/bin/Microsoft.TypeSpec.Generator.Tests/Debug/net8.0/Microsoft.TypeSpec.Generator.Tests.dll" adapterTypeName="executor://nunit3testexecutor/" className="Microsoft.TypeSpec.Generator.Tests.Utilities.StringExtensionsTests" name="TestToApiVersionValueWithVersionPrefix(&quot;V2022_05_15&quot;,&quot;v&quot;,&quot;v2022-05-15&quot;)" />
    </UnitTest>
    <UnitTest name="List_Undefined_ReturnsFalse" storage="/home/runner/work/typespec/typespec/packages/http-client-csharp/generator/artifacts/bin/microsoft.typespec.generator.tests/debug/net8.0/microsoft.typespec.generator.tests.dll" id="2bd55a3c-b8eb-48c6-3c31-edf0c324bdb0">
      <Execution id="72d619de-4653-4c4f-bcb8-7e61b7a5e818" />
      <TestMethod codeBase="/home/runner/work/typespec/typespec/packages/http-client-csharp/generator/artifacts/bin/Microsoft.TypeSpec.Generator.Tests/Debug/net8.0/Microsoft.TypeSpec.Generator.Tests.dll" adapterTypeName="executor://nunit3testexecutor/" className="Microsoft.TypeSpec.Generator.Tests.Providers.OptionalTests" name="List_Undefined_ReturnsFalse" />
    </UnitTest>
    <UnitTest name="CanChangePropertyName" storage="/home/runner/work/typespec/typespec/packages/http-client-csharp/generator/artifacts/bin/microsoft.typespec.generator.tests/debug/net8.0/microsoft.typespec.generator.tests.dll" id="6a114c62-b108-96f0-a37a-172432e1c5dc">
      <Execution id="954ea854-4b69-44af-bc4c-3fa95754370f" />
      <TestMethod codeBase="/home/runner/work/typespec/typespec/packages/http-client-csharp/generator/artifacts/bin/Microsoft.TypeSpec.Generator.Tests/Debug/net8.0/Microsoft.TypeSpec.Generator.Tests.dll" adapterTypeName="executor://nunit3testexecutor/" className="Microsoft.TypeSpec.Generator.Tests.Providers.ModelProviders.ModelCustomizationTests" name="CanChangePropertyName" />
    </UnitTest>
    <UnitTest name="ContainsWorks" storage="/home/runner/work/typespec/typespec/packages/http-client-csharp/generator/artifacts/bin/microsoft.typespec.generator.tests/debug/net8.0/microsoft.typespec.generator.tests.dll" id="f36e613e-8af1-7694-fe1e-c337099c7740">
      <Execution id="f086a0e8-eb15-4926-a0b8-11987e6b766a" />
      <TestMethod codeBase="/home/runner/work/typespec/typespec/packages/http-client-csharp/generator/artifacts/bin/Microsoft.TypeSpec.Generator.Tests/Debug/net8.0/Microsoft.TypeSpec.Generator.Tests.dll" adapterTypeName="executor://nunit3testexecutor/" className="Microsoft.TypeSpec.Generator.Tests.Providers.ChangeTrackingListTest" name="ContainsWorks" />
    </UnitTest>
    <UnitTest name="AsParameterRespectsChangesToFieldType" storage="/home/runner/work/typespec/typespec/packages/http-client-csharp/generator/artifacts/bin/microsoft.typespec.generator.tests/debug/net8.0/microsoft.typespec.generator.tests.dll" id="36d446b4-f7a6-82f4-b811-f718141f12a6">
      <Execution id="63e6daba-1f16-455d-b500-982465aecbee" />
      <TestMethod codeBase="/home/runner/work/typespec/typespec/packages/http-client-csharp/generator/artifacts/bin/Microsoft.TypeSpec.Generator.Tests/Debug/net8.0/Microsoft.TypeSpec.Generator.Tests.dll" adapterTypeName="executor://nunit3testexecutor/" className="Microsoft.TypeSpec.Generator.Tests.Providers.FieldProviderTests" name="AsParameterRespectsChangesToFieldType" />
    </UnitTest>
    <UnitTest name="TypesAreNotEqualWhenNullabilityIsDifferent(System.Int32)" storage="/home/runner/work/typespec/typespec/packages/http-client-csharp/generator/artifacts/bin/microsoft.typespec.generator.tests/debug/net8.0/microsoft.typespec.generator.tests.dll" id="346c6662-0edd-cc36-ad4f-90e5d7ae9dff">
      <Execution id="f771c59f-3ae0-448d-b60b-e8eeaa7c2cd0" />
      <TestMethod codeBase="/home/runner/work/typespec/typespec/packages/http-client-csharp/generator/artifacts/bin/Microsoft.TypeSpec.Generator.Tests/Debug/net8.0/Microsoft.TypeSpec.Generator.Tests.dll" adapterTypeName="executor://nunit3testexecutor/" className="Microsoft.TypeSpec.Generator.Tests.Primitives.CSharpTypeTests" name="TypesAreNotEqualWhenNullabilityIsDifferent(System.Int32)" />
    </UnitTest>
    <UnitTest name="TestIsCSharpKeyword(&quot;when&quot;,True)" storage="/home/runner/work/typespec/typespec/packages/http-client-csharp/generator/artifacts/bin/microsoft.typespec.generator.tests/debug/net8.0/microsoft.typespec.generator.tests.dll" id="815fb8f0-ad01-b4ee-797b-d30a532621d6">
      <Execution id="f7fd0aad-ca4d-49d6-ba39-4ed2710dd422" />
      <TestMethod codeBase="/home/runner/work/typespec/typespec/packages/http-client-csharp/generator/artifacts/bin/Microsoft.TypeSpec.Generator.Tests/Debug/net8.0/Microsoft.TypeSpec.Generator.Tests.dll" adapterTypeName="executor://nunit3testexecutor/" className="Microsoft.TypeSpec.Generator.Tests.Utilities.StringExtensionsTests" name="TestIsCSharpKeyword(&quot;when&quot;,True)" />
    </UnitTest>
    <UnitTest name="ValidateCSharpType" storage="/home/runner/work/typespec/typespec/packages/http-client-csharp/generator/artifacts/bin/microsoft.typespec.generator.tests/debug/net8.0/microsoft.typespec.generator.tests.dll" id="393a5d92-f61b-33c1-f6ef-562b28684423">
      <Execution id="84dbc818-8fa0-4fd3-87d3-1ec01e76e1e1" />
      <TestMethod codeBase="/home/runner/work/typespec/typespec/packages/http-client-csharp/generator/artifacts/bin/Microsoft.TypeSpec.Generator.Tests/Debug/net8.0/Microsoft.TypeSpec.Generator.Tests.dll" adapterTypeName="executor://nunit3testexecutor/" className="Microsoft.TypeSpec.Generator.Tests.Providers.NamedTypeSymbolProviders.NamedTypeSymbolProviderTests" name="ValidateCSharpType" />
    </UnitTest>
    <UnitTest name="TypeOfStatement(System.Collections.Generic.Dictionary`2[System.String,System.Int32],&quot;typeof(global::System.Collections.Generic.Dictionary&lt;string, int&gt;)&quot;)" storage="/home/runner/work/typespec/typespec/packages/http-client-csharp/generator/artifacts/bin/microsoft.typespec.generator.tests/debug/net8.0/microsoft.typespec.generator.tests.dll" id="a60ad471-5145-4543-967b-f726d62bddba">
      <Execution id="7bdd2fee-2b19-42ad-93b4-561ce3a6be65" />
      <TestMethod codeBase="/home/runner/work/typespec/typespec/packages/http-client-csharp/generator/artifacts/bin/Microsoft.TypeSpec.Generator.Tests/Debug/net8.0/Microsoft.TypeSpec.Generator.Tests.dll" adapterTypeName="executor://nunit3testexecutor/" className="Microsoft.TypeSpec.Generator.Tests.Expressions.TypeOfExpressionTests" name="TypeOfStatement(System.Collections.Generic.Dictionary`2[System.String,System.Int32],&quot;typeof(global::System.Collections.Generic.Dictionary&lt;string, int&gt;)&quot;)" />
    </UnitTest>
    <UnitTest name="TryCatchFinallyStatementWithTryOnly" storage="/home/runner/work/typespec/typespec/packages/http-client-csharp/generator/artifacts/bin/microsoft.typespec.generator.tests/debug/net8.0/microsoft.typespec.generator.tests.dll" id="67b808f1-3424-c706-0626-61cae95290b0">
      <Execution id="e11efdf6-e3f6-4b3d-9a4e-917e49231c2d" />
      <TestMethod codeBase="/home/runner/work/typespec/typespec/packages/http-client-csharp/generator/artifacts/bin/Microsoft.TypeSpec.Generator.Tests/Debug/net8.0/Microsoft.TypeSpec.Generator.Tests.dll" adapterTypeName="executor://nunit3testexecutor/" className="Microsoft.TypeSpec.Generator.Tests.Statements.StatementTests" name="TryCatchFinallyStatementWithTryOnly" />
    </UnitTest>
    <UnitTest name="TestIsCSharpKeyword(&quot;var&quot;,True)" storage="/home/runner/work/typespec/typespec/packages/http-client-csharp/generator/artifacts/bin/microsoft.typespec.generator.tests/debug/net8.0/microsoft.typespec.generator.tests.dll" id="e62b0ac9-01f2-0e89-3974-9ee36ffb1441">
      <Execution id="d26cd9cc-c2eb-423a-98e1-579865dfc4d6" />
      <TestMethod codeBase="/home/runner/work/typespec/typespec/packages/http-client-csharp/generator/artifacts/bin/Microsoft.TypeSpec.Generator.Tests/Debug/net8.0/Microsoft.TypeSpec.Generator.Tests.dll" adapterTypeName="executor://nunit3testexecutor/" className="Microsoft.TypeSpec.Generator.Tests.Utilities.StringExtensionsTests" name="TestIsCSharpKeyword(&quot;var&quot;,True)" />
    </UnitTest>
    <UnitTest name="RemoveElement" storage="/home/runner/work/typespec/typespec/packages/http-client-csharp/generator/artifacts/bin/microsoft.typespec.generator.tests/debug/net8.0/microsoft.typespec.generator.tests.dll" id="68a85961-9245-ef89-9384-7c147c86200d">
      <Execution id="905210b4-7478-466e-874c-2cbf39e253fc" />
      <TestMethod codeBase="/home/runner/work/typespec/typespec/packages/http-client-csharp/generator/artifacts/bin/Microsoft.TypeSpec.Generator.Tests/Debug/net8.0/Microsoft.TypeSpec.Generator.Tests.dll" adapterTypeName="executor://nunit3testexecutor/" className="Microsoft.TypeSpec.Generator.Tests.Providers.ChangeTrackingListTest" name="RemoveElement" />
    </UnitTest>
    <UnitTest name="RewriterIsInvoked" storage="/home/runner/work/typespec/typespec/packages/http-client-csharp/generator/artifacts/bin/microsoft.typespec.generator.tests/debug/net8.0/microsoft.typespec.generator.tests.dll" id="ad21f910-faaa-b344-8f9e-a93a8dc67bfd">
      <Execution id="01a271b7-09fd-48bb-9ca8-96482b3ceea1" />
      <TestMethod codeBase="/home/runner/work/typespec/typespec/packages/http-client-csharp/generator/artifacts/bin/Microsoft.TypeSpec.Generator.Tests/Debug/net8.0/Microsoft.TypeSpec.Generator.Tests.dll" adapterTypeName="executor://nunit3testexecutor/" className="Microsoft.TypeSpec.Generator.Tests.Writers.RewriterTests" name="RewriterIsInvoked" />
    </UnitTest>
    <UnitTest name="TestBreakLines_LineBreaksInFormat" storage="/home/runner/work/typespec/typespec/packages/http-client-csharp/generator/artifacts/bin/microsoft.typespec.generator.tests/debug/net8.0/microsoft.typespec.generator.tests.dll" id="98dd78b1-1ecf-225c-2dae-28d00044714f">
      <Execution id="de10ef4d-4487-4611-8fdd-ea047a793eb8" />
      <TestMethod codeBase="/home/runner/work/typespec/typespec/packages/http-client-csharp/generator/artifacts/bin/Microsoft.TypeSpec.Generator.Tests/Debug/net8.0/Microsoft.TypeSpec.Generator.Tests.dll" adapterTypeName="executor://nunit3testexecutor/" className="Microsoft.TypeSpec.Generator.Tests.Utilities.FormattableStringHelpersTests" name="TestBreakLines_LineBreaksInFormat" />
    </UnitTest>
    <UnitTest name="ResolveMissingAssembly_NotFoundInProbingPaths" storage="/home/runner/work/typespec/typespec/packages/http-client-csharp/generator/artifacts/bin/microsoft.typespec.generator.tests/debug/net8.0/microsoft.typespec.generator.tests.dll" id="bb1cdb21-163e-5d0c-3e09-b402ddc7bfed">
      <Execution id="015df345-56d0-438e-979c-1d60b58793bf" />
      <TestMethod codeBase="/home/runner/work/typespec/typespec/packages/http-client-csharp/generator/artifacts/bin/Microsoft.TypeSpec.Generator.Tests/Debug/net8.0/Microsoft.TypeSpec.Generator.Tests.dll" adapterTypeName="executor://nunit3testexecutor/" className="Microsoft.TypeSpec.Generator.Tests.PostProcessing.WorkspaceMetadataReferenceResolverTests" name="ResolveMissingAssembly_NotFoundInProbingPaths" />
    </UnitTest>
    <UnitTest name="RemovesInvalidUsings" storage="/home/runner/work/typespec/typespec/packages/http-client-csharp/generator/artifacts/bin/microsoft.typespec.generator.tests/debug/net8.0/microsoft.typespec.generator.tests.dll" id="d5e66563-8444-3eea-e5eb-82b4ca6ef68d">
      <Execution id="acdc2ca2-22c3-4559-8a4d-0a4c04a1e470" />
      <TestMethod codeBase="/home/runner/work/typespec/typespec/packages/http-client-csharp/generator/artifacts/bin/Microsoft.TypeSpec.Generator.Tests/Debug/net8.0/Microsoft.TypeSpec.Generator.Tests.dll" adapterTypeName="executor://nunit3testexecutor/" className="Microsoft.TypeSpec.Generator.Tests.PostProcessing.PostProcessorTests" name="RemovesInvalidUsings" />
    </UnitTest>
    <UnitTest name="SystemTypeOperatorTestEqual(System.Collections.Generic.IDictionary`2[System.Collections.Generic.IDictionary`2[System.Int32,System.String],System.Collections.Generic.IDictionary`2[System.String,System.Int32]])" storage="/home/runner/work/typespec/typespec/packages/http-client-csharp/generator/artifacts/bin/microsoft.typespec.generator.tests/debug/net8.0/microsoft.typespec.generator.tests.dll" id="1bd1468e-4b03-99f3-870a-93d26181d5f7">
      <Execution id="d1d6bd45-01cf-40d4-9c35-614608a2c187" />
      <TestMethod codeBase="/home/runner/work/typespec/typespec/packages/http-client-csharp/generator/artifacts/bin/Microsoft.TypeSpec.Generator.Tests/Debug/net8.0/Microsoft.TypeSpec.Generator.Tests.dll" adapterTypeName="executor://nunit3testexecutor/" className="Microsoft.TypeSpec.Generator.Tests.Expressions.ValueExpressionTests" name="SystemTypeOperatorTestEqual(System.Collections.Generic.IDictionary`2[System.Collections.Generic.IDictionary`2[System.Int32,System.String],System.Collections.Generic.IDictionary`2[System.String,System.Int32]])" />
    </UnitTest>
    <UnitTest name="TestIsCSharpKeyword(&quot;class&quot;,True)" storage="/home/runner/work/typespec/typespec/packages/http-client-csharp/generator/artifacts/bin/microsoft.typespec.generator.tests/debug/net8.0/microsoft.typespec.generator.tests.dll" id="9e0c2ec8-5eaf-e430-242e-e3a4a1117926">
      <Execution id="a60ecd31-9883-4cc7-8422-9939b6a14a59" />
      <TestMethod codeBase="/home/runner/work/typespec/typespec/packages/http-client-csharp/generator/artifacts/bin/Microsoft.TypeSpec.Generator.Tests/Debug/net8.0/Microsoft.TypeSpec.Generator.Tests.dll" adapterTypeName="executor://nunit3testexecutor/" className="Microsoft.TypeSpec.Generator.Tests.Utilities.StringExtensionsTests" name="TestIsCSharpKeyword(&quot;class&quot;,True)" />
    </UnitTest>
    <UnitTest name="FixedStringEnumType" storage="/home/runner/work/typespec/typespec/packages/http-client-csharp/generator/artifacts/bin/microsoft.typespec.generator.tests/debug/net8.0/microsoft.typespec.generator.tests.dll" id="5158dc5f-4924-ea66-f362-5aff5c0fd1e5">
      <Execution id="00961d23-0bdc-44b5-89b2-f8e8a4295cb4" />
      <TestMethod codeBase="/home/runner/work/typespec/typespec/packages/http-client-csharp/generator/artifacts/bin/Microsoft.TypeSpec.Generator.Tests/Debug/net8.0/Microsoft.TypeSpec.Generator.Tests.dll" adapterTypeName="executor://nunit3testexecutor/" className="Microsoft.TypeSpec.Generator.Tests.TypeFactoryTests" name="FixedStringEnumType" />
    </UnitTest>
    <UnitTest name="CustomCodeAttributesAreLoadedIntoAttributeStatements" storage="/home/runner/work/typespec/typespec/packages/http-client-csharp/generator/artifacts/bin/microsoft.typespec.generator.tests/debug/net8.0/microsoft.typespec.generator.tests.dll" id="3d79305c-5a98-d601-ac9c-4bf67660f1e8">
      <Execution id="a745a2f9-f6fd-4ec9-bea9-68d21f36bfe4" />
      <TestMethod codeBase="/home/runner/work/typespec/typespec/packages/http-client-csharp/generator/artifacts/bin/Microsoft.TypeSpec.Generator.Tests/Debug/net8.0/Microsoft.TypeSpec.Generator.Tests.dll" adapterTypeName="executor://nunit3testexecutor/" className="Microsoft.TypeSpec.Generator.Tests.Providers.ModelProviders.ClientCustomizationTests" name="CustomCodeAttributesAreLoadedIntoAttributeStatements" />
    </UnitTest>
    <UnitTest name="AttributeStatementWithArgumentsAndNamedArguments" storage="/home/runner/work/typespec/typespec/packages/http-client-csharp/generator/artifacts/bin/microsoft.typespec.generator.tests/debug/net8.0/microsoft.typespec.generator.tests.dll" id="5cebd592-bd9a-5f69-76f3-70a1b64fb493">
      <Execution id="fd823858-1a6f-4d05-87d8-dcf863c05912" />
      <TestMethod codeBase="/home/runner/work/typespec/typespec/packages/http-client-csharp/generator/artifacts/bin/Microsoft.TypeSpec.Generator.Tests/Debug/net8.0/Microsoft.TypeSpec.Generator.Tests.dll" adapterTypeName="executor://nunit3testexecutor/" className="Microsoft.TypeSpec.Generator.Tests.Statements.AttributeStatementTests" name="AttributeStatementWithArgumentsAndNamedArguments" />
    </UnitTest>
    <UnitTest name="CanChangePropertyType" storage="/home/runner/work/typespec/typespec/packages/http-client-csharp/generator/artifacts/bin/microsoft.typespec.generator.tests/debug/net8.0/microsoft.typespec.generator.tests.dll" id="b75dbff8-492f-b9d8-9330-adf317c28bd9">
      <Execution id="491639d1-49c0-4dc2-a585-a84ce7e79187" />
      <TestMethod codeBase="/home/runner/work/typespec/typespec/packages/http-client-csharp/generator/artifacts/bin/Microsoft.TypeSpec.Generator.Tests/Debug/net8.0/Microsoft.TypeSpec.Generator.Tests.dll" adapterTypeName="executor://nunit3testexecutor/" className="Microsoft.TypeSpec.Generator.Tests.Providers.ModelProviders.ModelCustomizationTests" name="CanChangePropertyType" />
    </UnitTest>
    <UnitTest name="BaseHasFieldWhenPropertyIsNarrowed" storage="/home/runner/work/typespec/typespec/packages/http-client-csharp/generator/artifacts/bin/microsoft.typespec.generator.tests/debug/net8.0/microsoft.typespec.generator.tests.dll" id="9f8beda9-9478-ee60-1af4-cbd90177d26b">
      <Execution id="319d45c8-178a-4010-98d5-c38bbb67a911" />
      <TestMethod codeBase="/home/runner/work/typespec/typespec/packages/http-client-csharp/generator/artifacts/bin/Microsoft.TypeSpec.Generator.Tests/Debug/net8.0/Microsoft.TypeSpec.Generator.Tests.dll" adapterTypeName="executor://nunit3testexecutor/" className="Microsoft.TypeSpec.Generator.Tests.Providers.ModelProviders.ModelProviderTests" name="BaseHasFieldWhenPropertyIsNarrowed" />
    </UnitTest>
    <UnitTest name="TestYieldReturnStatement" storage="/home/runner/work/typespec/typespec/packages/http-client-csharp/generator/artifacts/bin/microsoft.typespec.generator.tests/debug/net8.0/microsoft.typespec.generator.tests.dll" id="e1ad1f4d-9d91-fbf4-5cbe-b153c5408369">
      <Execution id="eda40507-96a2-4329-80e1-d2662d93db92" />
      <TestMethod codeBase="/home/runner/work/typespec/typespec/packages/http-client-csharp/generator/artifacts/bin/Microsoft.TypeSpec.Generator.Tests/Debug/net8.0/Microsoft.TypeSpec.Generator.Tests.dll" adapterTypeName="executor://nunit3testexecutor/" className="Microsoft.TypeSpec.Generator.Tests.Statements.StatementTests" name="TestYieldReturnStatement" />
    </UnitTest>
    <UnitTest name="BodyHasSetterValidation(&quot;nonReadOnlyStringPropOnStruct&quot;,Microsoft.TypeSpec.Generator.Input.InputModelType,True,Struct)" storage="/home/runner/work/typespec/typespec/packages/http-client-csharp/generator/artifacts/bin/microsoft.typespec.generator.tests/debug/net8.0/microsoft.typespec.generator.tests.dll" id="5a3b7081-56d0-2ca3-77b9-ccdb29902878">
      <Execution id="f7d2d571-b547-48f9-b32f-c3573d585a6c" />
      <TestMethod codeBase="/home/runner/work/typespec/typespec/packages/http-client-csharp/generator/artifacts/bin/Microsoft.TypeSpec.Generator.Tests/Debug/net8.0/Microsoft.TypeSpec.Generator.Tests.dll" adapterTypeName="executor://nunit3testexecutor/" className="Microsoft.TypeSpec.Generator.Tests.Providers.PropertyProviderTests" name="BodyHasSetterValidation(&quot;nonReadOnlyStringPropOnStruct&quot;,Microsoft.TypeSpec.Generator.Input.InputModelType,True,Struct)" />
    </UnitTest>
    <UnitTest name="IsCollectionType(System.Collections.Generic.ICollection`1[T],True)" storage="/home/runner/work/typespec/typespec/packages/http-client-csharp/generator/artifacts/bin/microsoft.typespec.generator.tests/debug/net8.0/microsoft.typespec.generator.tests.dll" id="0d94413d-5980-00bb-76ff-2898fec51ab1">
      <Execution id="496aa30c-9def-4790-8138-24d4750601c8" />
      <TestMethod codeBase="/home/runner/work/typespec/typespec/packages/http-client-csharp/generator/artifacts/bin/Microsoft.TypeSpec.Generator.Tests/Debug/net8.0/Microsoft.TypeSpec.Generator.Tests.dll" adapterTypeName="executor://nunit3testexecutor/" className="Microsoft.TypeSpec.Generator.Tests.Primitives.CSharpTypeTests" name="IsCollectionType(System.Collections.Generic.ICollection`1[T],True)" />
    </UnitTest>
    <UnitTest name="IsReadWriteList(System.Collections.Generic.IList`1[T],True)" storage="/home/runner/work/typespec/typespec/packages/http-client-csharp/generator/artifacts/bin/microsoft.typespec.generator.tests/debug/net8.0/microsoft.typespec.generator.tests.dll" id="5c292b76-226d-bd23-5888-221e583ba883">
      <Execution id="2714c8cd-dd8a-423e-bc91-ed4e9ed0b535" />
      <TestMethod codeBase="/home/runner/work/typespec/typespec/packages/http-client-csharp/generator/artifacts/bin/Microsoft.TypeSpec.Generator.Tests/Debug/net8.0/Microsoft.TypeSpec.Generator.Tests.dll" adapterTypeName="executor://nunit3testexecutor/" className="Microsoft.TypeSpec.Generator.Tests.Primitives.CSharpTypeTests" name="IsReadWriteList(System.Collections.Generic.IList`1[T],True)" />
    </UnitTest>
    <UnitTest name="HashCodesAreNotEqual(System.Collections.Generic.IDictionary`2[System.Int32,System.String],System.Collections.Generic.Dictionary`2[System.Int32,System.String])" storage="/home/runner/work/typespec/typespec/packages/http-client-csharp/generator/artifacts/bin/microsoft.typespec.generator.tests/debug/net8.0/microsoft.typespec.generator.tests.dll" id="2bf86ef9-8073-f648-a9b3-116f450a09fe">
      <Execution id="f2266460-13b5-433b-9e44-d1df8877cbdd" />
      <TestMethod codeBase="/home/runner/work/typespec/typespec/packages/http-client-csharp/generator/artifacts/bin/Microsoft.TypeSpec.Generator.Tests/Debug/net8.0/Microsoft.TypeSpec.Generator.Tests.dll" adapterTypeName="executor://nunit3testexecutor/" className="Microsoft.TypeSpec.Generator.Tests.Primitives.CSharpTypeTests" name="HashCodesAreNotEqual(System.Collections.Generic.IDictionary`2[System.Int32,System.String],System.Collections.Generic.Dictionary`2[System.Int32,System.String])" />
    </UnitTest>
    <UnitTest name="TestInfo()" storage="/home/runner/work/typespec/typespec/packages/http-client-csharp/generator/artifacts/bin/microsoft.typespec.generator.tests/debug/net8.0/microsoft.typespec.generator.tests.dll" id="64db45f7-a1e7-2f85-1ccb-40bdd95795a4">
      <Execution id="1ece3f93-9f67-4a9e-8f15-51e3e968c71e" />
      <TestMethod codeBase="/home/runner/work/typespec/typespec/packages/http-client-csharp/generator/artifacts/bin/Microsoft.TypeSpec.Generator.Tests/Debug/net8.0/Microsoft.TypeSpec.Generator.Tests.dll" adapterTypeName="executor://nunit3testexecutor/" className="Microsoft.TypeSpec.Generator.Tests.EmitterRpc.EmitterTests" name="TestInfo()" />
    </UnitTest>
    <UnitTest name="TestToApiVersionValue(&quot;V2024_01_01_RC&quot;,&quot;2024-01-01-rc&quot;)" storage="/home/runner/work/typespec/typespec/packages/http-client-csharp/generator/artifacts/bin/microsoft.typespec.generator.tests/debug/net8.0/microsoft.typespec.generator.tests.dll" id="89041d36-049e-3945-5bbf-ee519760b97a">
      <Execution id="74e14df9-8976-4583-b081-86df794df331" />
      <TestMethod codeBase="/home/runner/work/typespec/typespec/packages/http-client-csharp/generator/artifacts/bin/Microsoft.TypeSpec.Generator.Tests/Debug/net8.0/Microsoft.TypeSpec.Generator.Tests.dll" adapterTypeName="executor://nunit3testexecutor/" className="Microsoft.TypeSpec.Generator.Tests.Utilities.StringExtensionsTests" name="TestToApiVersionValue(&quot;V2024_01_01_RC&quot;,&quot;2024-01-01-rc&quot;)" />
    </UnitTest>
    <UnitTest name="IsCollectionType(System.Collections.Generic.IReadOnlyCollection`1[T],False)" storage="/home/runner/work/typespec/typespec/packages/http-client-csharp/generator/artifacts/bin/microsoft.typespec.generator.tests/debug/net8.0/microsoft.typespec.generator.tests.dll" id="01a170ae-9e27-1ba0-c187-8c04af592931">
      <Execution id="c5d97ffc-6e3a-479a-94f5-05c926d79271" />
      <TestMethod codeBase="/home/runner/work/typespec/typespec/packages/http-client-csharp/generator/artifacts/bin/Microsoft.TypeSpec.Generator.Tests/Debug/net8.0/Microsoft.TypeSpec.Generator.Tests.dll" adapterTypeName="executor://nunit3testexecutor/" className="Microsoft.TypeSpec.Generator.Tests.Primitives.CSharpTypeTests" name="IsCollectionType(System.Collections.Generic.IReadOnlyCollection`1[T],False)" />
    </UnitTest>
    <UnitTest name="XmlDocForParameterWithInvalidIdentifierName(&quot;void&quot;)" storage="/home/runner/work/typespec/typespec/packages/http-client-csharp/generator/artifacts/bin/microsoft.typespec.generator.tests/debug/net8.0/microsoft.typespec.generator.tests.dll" id="6adc1957-da8b-7549-e382-0a1db259d822">
      <Execution id="348ba2e9-559a-497a-96a3-3128b61d3f45" />
      <TestMethod codeBase="/home/runner/work/typespec/typespec/packages/http-client-csharp/generator/artifacts/bin/Microsoft.TypeSpec.Generator.Tests/Debug/net8.0/Microsoft.TypeSpec.Generator.Tests.dll" adapterTypeName="executor://nunit3testexecutor/" className="Microsoft.TypeSpec.Generator.Tests.Statements.XmlDocParamStatementTests" name="XmlDocForParameterWithInvalidIdentifierName(&quot;void&quot;)" />
    </UnitTest>
    <UnitTest name="TestBreakLines_LiteralOpenAndCloseBraceWithLineBreaksAndArgsContainingLineBreaks" storage="/home/runner/work/typespec/typespec/packages/http-client-csharp/generator/artifacts/bin/microsoft.typespec.generator.tests/debug/net8.0/microsoft.typespec.generator.tests.dll" id="b7947d45-60a9-2d63-7dd9-a1f04fb27474">
      <Execution id="c7f59dd9-e1ea-409f-a2df-5d6512f76bba" />
      <TestMethod codeBase="/home/runner/work/typespec/typespec/packages/http-client-csharp/generator/artifacts/bin/Microsoft.TypeSpec.Generator.Tests/Debug/net8.0/Microsoft.TypeSpec.Generator.Tests.dll" adapterTypeName="executor://nunit3testexecutor/" className="Microsoft.TypeSpec.Generator.Tests.Utilities.FormattableStringHelpersTests" name="TestBreakLines_LiteralOpenAndCloseBraceWithLineBreaksAndArgsContainingLineBreaks" />
    </UnitTest>
    <UnitTest name="TestIsCSharpKeyword(&quot;sizeof&quot;,True)" storage="/home/runner/work/typespec/typespec/packages/http-client-csharp/generator/artifacts/bin/microsoft.typespec.generator.tests/debug/net8.0/microsoft.typespec.generator.tests.dll" id="9554f1d9-c0c2-1eff-7d16-d20ed944a47c">
      <Execution id="9371da5a-9486-4463-ac7b-f33a1942b236" />
      <TestMethod codeBase="/home/runner/work/typespec/typespec/packages/http-client-csharp/generator/artifacts/bin/Microsoft.TypeSpec.Generator.Tests/Debug/net8.0/Microsoft.TypeSpec.Generator.Tests.dll" adapterTypeName="executor://nunit3testexecutor/" className="Microsoft.TypeSpec.Generator.Tests.Utilities.StringExtensionsTests" name="TestIsCSharpKeyword(&quot;sizeof&quot;,True)" />
    </UnitTest>
    <UnitTest name="ValidatePropertyTypes(System.Collections.Generic.IList`1[Microsoft.TypeSpec.Generator.Tests.PropertyType])" storage="/home/runner/work/typespec/typespec/packages/http-client-csharp/generator/artifacts/bin/microsoft.typespec.generator.tests/debug/net8.0/microsoft.typespec.generator.tests.dll" id="ae6efea9-c0e0-125e-34be-38fda421ccf0">
      <Execution id="aeb4203c-0c18-4b2c-9bdf-07c88f309cee" />
      <TestMethod codeBase="/home/runner/work/typespec/typespec/packages/http-client-csharp/generator/artifacts/bin/Microsoft.TypeSpec.Generator.Tests/Debug/net8.0/Microsoft.TypeSpec.Generator.Tests.dll" adapterTypeName="executor://nunit3testexecutor/" className="Microsoft.TypeSpec.Generator.Tests.Providers.NamedTypeSymbolProviders.NamedTypeSymbolProviderTests" name="ValidatePropertyTypes(System.Collections.Generic.IList`1[Microsoft.TypeSpec.Generator.Tests.PropertyType])" />
    </UnitTest>
    <UnitTest name="ListExpression(System.Single)" storage="/home/runner/work/typespec/typespec/packages/http-client-csharp/generator/artifacts/bin/microsoft.typespec.generator.tests/debug/net8.0/microsoft.typespec.generator.tests.dll" id="54fa4a71-6b61-4153-bfb9-f6c8f55523ed">
      <Execution id="9bcc970b-06e8-44b4-95ba-6eab49d658d9" />
      <TestMethod codeBase="/home/runner/work/typespec/typespec/packages/http-client-csharp/generator/artifacts/bin/Microsoft.TypeSpec.Generator.Tests/Debug/net8.0/Microsoft.TypeSpec.Generator.Tests.dll" adapterTypeName="executor://nunit3testexecutor/" className="Microsoft.TypeSpec.Generator.Tests.Expressions.KnownValueExpressionsTests" name="ListExpression(System.Single)" />
    </UnitTest>
    <UnitTest name="DerivedPublicCtorShouldNotHaveKindParam" storage="/home/runner/work/typespec/typespec/packages/http-client-csharp/generator/artifacts/bin/microsoft.typespec.generator.tests/debug/net8.0/microsoft.typespec.generator.tests.dll" id="06e082f2-fed5-3e28-d24e-9a7024a7a9f5">
      <Execution id="a387c67a-085d-4dbd-8660-e22dbd53a92e" />
      <TestMethod codeBase="/home/runner/work/typespec/typespec/packages/http-client-csharp/generator/artifacts/bin/Microsoft.TypeSpec.Generator.Tests/Debug/net8.0/Microsoft.TypeSpec.Generator.Tests.dll" adapterTypeName="executor://nunit3testexecutor/" className="Microsoft.TypeSpec.Generator.Tests.Providers.ModelProviders.DiscriminatorTests" name="DerivedPublicCtorShouldNotHaveKindParam" />
    </UnitTest>
    <UnitTest name="InitCtorInitializerShouldHaveCorrectParamName" storage="/home/runner/work/typespec/typespec/packages/http-client-csharp/generator/artifacts/bin/microsoft.typespec.generator.tests/debug/net8.0/microsoft.typespec.generator.tests.dll" id="522ce947-ee66-4fd5-7c75-c945a2f3a9e4">
      <Execution id="95e65bc8-dec9-49c2-bba1-3ba60f3be5d7" />
      <TestMethod codeBase="/home/runner/work/typespec/typespec/packages/http-client-csharp/generator/artifacts/bin/Microsoft.TypeSpec.Generator.Tests/Debug/net8.0/Microsoft.TypeSpec.Generator.Tests.dll" adapterTypeName="executor://nunit3testexecutor/" className="Microsoft.TypeSpec.Generator.Tests.Providers.ModelProviders.ModelProviderTests" name="InitCtorInitializerShouldHaveCorrectParamName" />
    </UnitTest>
    <UnitTest name="TestBuildConstructor_ValidateConstructors" storage="/home/runner/work/typespec/typespec/packages/http-client-csharp/generator/artifacts/bin/microsoft.typespec.generator.tests/debug/net8.0/microsoft.typespec.generator.tests.dll" id="25f7e17b-8e22-d088-c812-a9c87cae4a57">
      <Execution id="7a42f3d7-5167-4164-bc81-73e6c31267e9" />
      <TestMethod codeBase="/home/runner/work/typespec/typespec/packages/http-client-csharp/generator/artifacts/bin/Microsoft.TypeSpec.Generator.Tests/Debug/net8.0/Microsoft.TypeSpec.Generator.Tests.dll" adapterTypeName="executor://nunit3testexecutor/" className="Microsoft.TypeSpec.Generator.Tests.Providers.ModelProviders.ModelProviderTests" name="TestBuildConstructor_ValidateConstructors" />
    </UnitTest>
    <UnitTest name="BackCompatibility_OnlyParamOrderingChanged" storage="/home/runner/work/typespec/typespec/packages/http-client-csharp/generator/artifacts/bin/microsoft.typespec.generator.tests/debug/net8.0/microsoft.typespec.generator.tests.dll" id="5a223c4c-43e6-8a01-1da1-2bc5f9ab8941">
      <Execution id="46a6ad9a-1e3c-42a9-bf46-0c6b9ad2cefa" />
      <TestMethod codeBase="/home/runner/work/typespec/typespec/packages/http-client-csharp/generator/artifacts/bin/Microsoft.TypeSpec.Generator.Tests/Debug/net8.0/Microsoft.TypeSpec.Generator.Tests.dll" adapterTypeName="executor://nunit3testexecutor/" className="Microsoft.TypeSpec.Generator.Tests.Providers.ModelFactories.ModelFactoryProviderTests" name="BackCompatibility_OnlyParamOrderingChanged" />
    </UnitTest>
    <UnitTest name="TestIsCSharpKeyword(&quot;delegate&quot;,True)" storage="/home/runner/work/typespec/typespec/packages/http-client-csharp/generator/artifacts/bin/microsoft.typespec.generator.tests/debug/net8.0/microsoft.typespec.generator.tests.dll" id="7eb545f0-c08c-0fe9-5f32-a5873e3d410e">
      <Execution id="49e39cfa-6648-4012-9477-762a84e47e09" />
      <TestMethod codeBase="/home/runner/work/typespec/typespec/packages/http-client-csharp/generator/artifacts/bin/Microsoft.TypeSpec.Generator.Tests/Debug/net8.0/Microsoft.TypeSpec.Generator.Tests.dll" adapterTypeName="executor://nunit3testexecutor/" className="Microsoft.TypeSpec.Generator.Tests.Utilities.StringExtensionsTests" name="TestIsCSharpKeyword(&quot;delegate&quot;,True)" />
    </UnitTest>
    <UnitTest name="DoesNotReplaceDefaultConstructorIfNotCustomized" storage="/home/runner/work/typespec/typespec/packages/http-client-csharp/generator/artifacts/bin/microsoft.typespec.generator.tests/debug/net8.0/microsoft.typespec.generator.tests.dll" id="7a8b2689-370c-14e9-bd4f-3671c0089d93">
      <Execution id="cabd9fd8-8cc0-485f-a7ab-503d89520ff7" />
      <TestMethod codeBase="/home/runner/work/typespec/typespec/packages/http-client-csharp/generator/artifacts/bin/Microsoft.TypeSpec.Generator.Tests/Debug/net8.0/Microsoft.TypeSpec.Generator.Tests.dll" adapterTypeName="executor://nunit3testexecutor/" className="Microsoft.TypeSpec.Generator.Tests.Providers.ModelProviders.ModelCustomizationTests" name="DoesNotReplaceDefaultConstructorIfNotCustomized" />
    </UnitTest>
    <UnitTest name="DictionaryExpression(System.Collections.Generic.IDictionary`2[System.Int32,System.String],System.Collections.Generic.Dictionary`2[System.Int32,System.String])" storage="/home/runner/work/typespec/typespec/packages/http-client-csharp/generator/artifacts/bin/microsoft.typespec.generator.tests/debug/net8.0/microsoft.typespec.generator.tests.dll" id="d61833da-4157-f98d-9798-aa46af98fdca">
      <Execution id="079fa84d-4bb7-4ea4-addb-d10cc8925ba1" />
      <TestMethod codeBase="/home/runner/work/typespec/typespec/packages/http-client-csharp/generator/artifacts/bin/Microsoft.TypeSpec.Generator.Tests/Debug/net8.0/Microsoft.TypeSpec.Generator.Tests.dll" adapterTypeName="executor://nunit3testexecutor/" className="Microsoft.TypeSpec.Generator.Tests.Expressions.KnownValueExpressionsTests" name="DictionaryExpression(System.Collections.Generic.IDictionary`2[System.Int32,System.String],System.Collections.Generic.Dictionary`2[System.Int32,System.String])" />
    </UnitTest>
    <UnitTest name="CanChangeDictOfEnumPropToDictOfExtensibleEnum" storage="/home/runner/work/typespec/typespec/packages/http-client-csharp/generator/artifacts/bin/microsoft.typespec.generator.tests/debug/net8.0/microsoft.typespec.generator.tests.dll" id="0865271e-949d-3653-c464-83e8e0e3368f">
      <Execution id="5e86394e-7018-46e2-a0c5-c1cfd8097ab9" />
      <TestMethod codeBase="/home/runner/work/typespec/typespec/packages/http-client-csharp/generator/artifacts/bin/Microsoft.TypeSpec.Generator.Tests/Debug/net8.0/Microsoft.TypeSpec.Generator.Tests.dll" adapterTypeName="executor://nunit3testexecutor/" className="Microsoft.TypeSpec.Generator.Tests.Providers.ModelProviders.ModelCustomizationTests" name="CanChangeDictOfEnumPropToDictOfExtensibleEnum" />
    </UnitTest>
    <UnitTest name="TestReportDiagnosticWithoutTarget()" storage="/home/runner/work/typespec/typespec/packages/http-client-csharp/generator/artifacts/bin/microsoft.typespec.generator.tests/debug/net8.0/microsoft.typespec.generator.tests.dll" id="925664ea-f241-90ce-7bb2-fb84bcf32f7a">
      <Execution id="52f43bfb-56f1-4842-808f-c325c040438c" />
      <TestMethod codeBase="/home/runner/work/typespec/typespec/packages/http-client-csharp/generator/artifacts/bin/Microsoft.TypeSpec.Generator.Tests/Debug/net8.0/Microsoft.TypeSpec.Generator.Tests.dll" adapterTypeName="executor://nunit3testexecutor/" className="Microsoft.TypeSpec.Generator.Tests.EmitterRpc.EmitterTests" name="TestReportDiagnosticWithoutTarget()" />
    </UnitTest>
    <UnitTest name="ValidateGetFormattableStringFormatParts(&quot;This {0} has literal {{ and }} in the middle&quot;,[Part { Value = This , IsLiteral = True, ArgumentIndex = -1 }, Part { Value = 0, IsLiteral = False, ArgumentIndex = 0 }, Part { Value =  has literal {, IsLiteral = True, ArgumentIndex = -1 }, Part { Value =  and }, IsLiteral = True, ArgumentIndex = -1 }, Part { Value =  in the middle, IsLiteral = True, ArgumentIndex = -1 }])" storage="/home/runner/work/typespec/typespec/packages/http-client-csharp/generator/artifacts/bin/microsoft.typespec.generator.tests/debug/net8.0/microsoft.typespec.generator.tests.dll" id="3ff88c0d-3eff-1706-3dde-1df6a72189c7">
      <Execution id="31797ce2-6359-403a-8fa9-6010bf2a1a22" />
      <TestMethod codeBase="/home/runner/work/typespec/typespec/packages/http-client-csharp/generator/artifacts/bin/Microsoft.TypeSpec.Generator.Tests/Debug/net8.0/Microsoft.TypeSpec.Generator.Tests.dll" adapterTypeName="executor://nunit3testexecutor/" className="Microsoft.TypeSpec.Generator.Tests.Utilities.StringExtensionsTests" name="ValidateGetFormattableStringFormatParts(&quot;This {0} has literal {{ and }} in the middle&quot;,[Part { Value = This , IsLiteral = True, ArgumentIndex = -1 }, Part { Value = 0, IsLiteral = False, ArgumentIndex = 0 }, Part { Value =  has literal {, IsLiteral = True, ArgumentIndex = -1 }, Part { Value =  and }, IsLiteral = True, ArgumentIndex = -1 }, Part { Value =  in the middle, IsLiteral = True, ArgumentIndex = -1 }])" />
    </UnitTest>
    <UnitTest name="BuildPropertyDescription(Microsoft.TypeSpec.Generator.Input.InputModelProperty,global::System.Collections.Generic.IList&lt;string&gt;)" storage="/home/runner/work/typespec/typespec/packages/http-client-csharp/generator/artifacts/bin/microsoft.typespec.generator.tests/debug/net8.0/microsoft.typespec.generator.tests.dll" id="3c3ad267-fe4c-e9ff-2334-9888a91f01da">
      <Execution id="c96e064e-b506-4701-ba87-9c3c4e25cfe9" />
      <TestMethod codeBase="/home/runner/work/typespec/typespec/packages/http-client-csharp/generator/artifacts/bin/Microsoft.TypeSpec.Generator.Tests/Debug/net8.0/Microsoft.TypeSpec.Generator.Tests.dll" adapterTypeName="executor://nunit3testexecutor/" className="Microsoft.TypeSpec.Generator.Tests.Providers.PropertyDescriptionTests" name="BuildPropertyDescription(Microsoft.TypeSpec.Generator.Input.InputModelProperty,global::System.Collections.Generic.IList&lt;string&gt;)" />
    </UnitTest>
    <UnitTest name="HashCodesAreNotEqual(System.Collections.Generic.IList`1[System.Int32],System.Int32)" storage="/home/runner/work/typespec/typespec/packages/http-client-csharp/generator/artifacts/bin/microsoft.typespec.generator.tests/debug/net8.0/microsoft.typespec.generator.tests.dll" id="4cc3e218-b161-c62c-d836-0284324d6237">
      <Execution id="f531a856-9936-4433-9619-483be5d85310" />
      <TestMethod codeBase="/home/runner/work/typespec/typespec/packages/http-client-csharp/generator/artifacts/bin/Microsoft.TypeSpec.Generator.Tests/Debug/net8.0/Microsoft.TypeSpec.Generator.Tests.dll" adapterTypeName="executor://nunit3testexecutor/" className="Microsoft.TypeSpec.Generator.Tests.Primitives.CSharpTypeTests" name="HashCodesAreNotEqual(System.Collections.Generic.IList`1[System.Int32],System.Int32)" />
    </UnitTest>
    <UnitTest name="TypesAreNotEqual(System.Collections.Generic.IDictionary`2[System.Int32,System.String],System.Collections.Generic.Dictionary`2[System.Int32,System.Int32])" storage="/home/runner/work/typespec/typespec/packages/http-client-csharp/generator/artifacts/bin/microsoft.typespec.generator.tests/debug/net8.0/microsoft.typespec.generator.tests.dll" id="fb25ea5e-68ae-184e-a1ca-0844b7170b44">
      <Execution id="56b90635-1ad8-4591-ab86-8d1c407d7c5e" />
      <TestMethod codeBase="/home/runner/work/typespec/typespec/packages/http-client-csharp/generator/artifacts/bin/Microsoft.TypeSpec.Generator.Tests/Debug/net8.0/Microsoft.TypeSpec.Generator.Tests.dll" adapterTypeName="executor://nunit3testexecutor/" className="Microsoft.TypeSpec.Generator.Tests.Primitives.CSharpTypeTests" name="TypesAreNotEqual(System.Collections.Generic.IDictionary`2[System.Int32,System.String],System.Collections.Generic.Dictionary`2[System.Int32,System.Int32])" />
    </UnitTest>
    <UnitTest name="SystemTypeOperatorTestNotEqual(System.Int32,System.Collections.Generic.IList`1[T])" storage="/home/runner/work/typespec/typespec/packages/http-client-csharp/generator/artifacts/bin/microsoft.typespec.generator.tests/debug/net8.0/microsoft.typespec.generator.tests.dll" id="3e0d26d4-5c71-07fd-d917-3aefdd4eeb1b">
      <Execution id="e9f5603e-2273-4ea3-a83a-94e28b49c16e" />
      <TestMethod codeBase="/home/runner/work/typespec/typespec/packages/http-client-csharp/generator/artifacts/bin/Microsoft.TypeSpec.Generator.Tests/Debug/net8.0/Microsoft.TypeSpec.Generator.Tests.dll" adapterTypeName="executor://nunit3testexecutor/" className="Microsoft.TypeSpec.Generator.Tests.Expressions.ValueExpressionTests" name="SystemTypeOperatorTestNotEqual(System.Int32,System.Collections.Generic.IList`1[T])" />
    </UnitTest>
    <UnitTest name="TestIsCSharpKeyword(&quot;struct&quot;,True)" storage="/home/runner/work/typespec/typespec/packages/http-client-csharp/generator/artifacts/bin/microsoft.typespec.generator.tests/debug/net8.0/microsoft.typespec.generator.tests.dll" id="e88e6018-9b4b-9299-f58a-7a9bec78f031">
      <Execution id="6692d8ff-a396-48ae-b5ff-b64bf644cc15" />
      <TestMethod codeBase="/home/runner/work/typespec/typespec/packages/http-client-csharp/generator/artifacts/bin/Microsoft.TypeSpec.Generator.Tests/Debug/net8.0/Microsoft.TypeSpec.Generator.Tests.dll" adapterTypeName="executor://nunit3testexecutor/" className="Microsoft.TypeSpec.Generator.Tests.Utilities.StringExtensionsTests" name="TestIsCSharpKeyword(&quot;struct&quot;,True)" />
    </UnitTest>
    <UnitTest name="InvokeToInt32" storage="/home/runner/work/typespec/typespec/packages/http-client-csharp/generator/artifacts/bin/microsoft.typespec.generator.tests/debug/net8.0/microsoft.typespec.generator.tests.dll" id="8e15f030-cf1b-d32c-93b7-137e329bcf03">
      <Execution id="296f368a-9208-49bb-8abe-f3c1a6493a81" />
      <TestMethod codeBase="/home/runner/work/typespec/typespec/packages/http-client-csharp/generator/artifacts/bin/Microsoft.TypeSpec.Generator.Tests/Debug/net8.0/Microsoft.TypeSpec.Generator.Tests.dll" adapterTypeName="executor://nunit3testexecutor/" className="Microsoft.TypeSpec.Generator.Tests.Snippets.ConvertSnippetsTests" name="InvokeToInt32" />
    </UnitTest>
    <UnitTest name="IsReadWriteList(System.Collections.Generic.IReadOnlyCollection`1[T],False)" storage="/home/runner/work/typespec/typespec/packages/http-client-csharp/generator/artifacts/bin/microsoft.typespec.generator.tests/debug/net8.0/microsoft.typespec.generator.tests.dll" id="0cc64dd4-287f-646c-5601-47af79298911">
      <Execution id="480354aa-30aa-4680-acb0-ec6cd8647aa9" />
      <TestMethod codeBase="/home/runner/work/typespec/typespec/packages/http-client-csharp/generator/artifacts/bin/Microsoft.TypeSpec.Generator.Tests/Debug/net8.0/Microsoft.TypeSpec.Generator.Tests.dll" adapterTypeName="executor://nunit3testexecutor/" className="Microsoft.TypeSpec.Generator.Tests.Primitives.CSharpTypeTests" name="IsReadWriteList(System.Collections.Generic.IReadOnlyCollection`1[T],False)" />
    </UnitTest>
    <UnitTest name="GetGenericTypeDefinition(System.Collections.Generic.IDictionary`2[System.Int32,System.String],System.Collections.Generic.IDictionary`2[TKey,TValue],False)" storage="/home/runner/work/typespec/typespec/packages/http-client-csharp/generator/artifacts/bin/microsoft.typespec.generator.tests/debug/net8.0/microsoft.typespec.generator.tests.dll" id="dd08354a-dbba-b331-ea92-2d10eb1d0fce">
      <Execution id="14e4b0b3-866a-470a-9ebd-0c88592f3672" />
      <TestMethod codeBase="/home/runner/work/typespec/typespec/packages/http-client-csharp/generator/artifacts/bin/Microsoft.TypeSpec.Generator.Tests/Debug/net8.0/Microsoft.TypeSpec.Generator.Tests.dll" adapterTypeName="executor://nunit3testexecutor/" className="Microsoft.TypeSpec.Generator.Tests.Primitives.CSharpTypeTests" name="GetGenericTypeDefinition(System.Collections.Generic.IDictionary`2[System.Int32,System.String],System.Collections.Generic.IDictionary`2[TKey,TValue],False)" />
    </UnitTest>
    <UnitTest name="WorkspaceMetadataReferenceResolverCtor" storage="/home/runner/work/typespec/typespec/packages/http-client-csharp/generator/artifacts/bin/microsoft.typespec.generator.tests/debug/net8.0/microsoft.typespec.generator.tests.dll" id="ddbf9f41-333e-ad7f-5f05-c14b6d215576">
      <Execution id="13d04056-1fc7-442b-b204-42f0cc695cf6" />
      <TestMethod codeBase="/home/runner/work/typespec/typespec/packages/http-client-csharp/generator/artifacts/bin/Microsoft.TypeSpec.Generator.Tests/Debug/net8.0/Microsoft.TypeSpec.Generator.Tests.dll" adapterTypeName="executor://nunit3testexecutor/" className="Microsoft.TypeSpec.Generator.Tests.PostProcessing.WorkspaceMetadataReferenceResolverTests" name="WorkspaceMetadataReferenceResolverCtor" />
    </UnitTest>
    <UnitTest name="NotNullOrEmptyStringThrowsOnNull" storage="/home/runner/work/typespec/typespec/packages/http-client-csharp/generator/artifacts/bin/microsoft.typespec.generator.tests/debug/net8.0/microsoft.typespec.generator.tests.dll" id="1397bb06-2115-0e62-eb47-0e650d5ec1ab">
      <Execution id="d0f39714-96f9-4f97-b5e6-53b0a0a76aaa" />
      <TestMethod codeBase="/home/runner/work/typespec/typespec/packages/http-client-csharp/generator/artifacts/bin/Microsoft.TypeSpec.Generator.Tests/Debug/net8.0/Microsoft.TypeSpec.Generator.Tests.dll" adapterTypeName="executor://nunit3testexecutor/" className="Microsoft.TypeSpec.Generator.Tests.Providers.ArgumentTests" name="NotNullOrEmptyStringThrowsOnNull" />
    </UnitTest>
    <UnitTest name="TypesAreEqualForGenericTypes(System.Collections.Generic.IReadOnlyDictionary`2[TKey,TValue],[System.String, System.Int32])" storage="/home/runner/work/typespec/typespec/packages/http-client-csharp/generator/artifacts/bin/microsoft.typespec.generator.tests/debug/net8.0/microsoft.typespec.generator.tests.dll" id="753f3254-0639-2ca8-0747-eb1ca24362bb">
      <Execution id="f13cc204-62f6-466b-b97e-2cf9ae8041db" />
      <TestMethod codeBase="/home/runner/work/typespec/typespec/packages/http-client-csharp/generator/artifacts/bin/Microsoft.TypeSpec.Generator.Tests/Debug/net8.0/Microsoft.TypeSpec.Generator.Tests.dll" adapterTypeName="executor://nunit3testexecutor/" className="Microsoft.TypeSpec.Generator.Tests.Primitives.CSharpTypeTests" name="TypesAreEqualForGenericTypes(System.Collections.Generic.IReadOnlyDictionary`2[TKey,TValue],[System.String, System.Int32])" />
    </UnitTest>
    <UnitTest name="TryCatchFinallyStatementWithTryCatchAndFinally" storage="/home/runner/work/typespec/typespec/packages/http-client-csharp/generator/artifacts/bin/microsoft.typespec.generator.tests/debug/net8.0/microsoft.typespec.generator.tests.dll" id="34132c40-1345-4eb9-1b5c-a904805a939d">
      <Execution id="d1cfe19a-0b20-4271-abcd-c61e5aa9e914" />
      <TestMethod codeBase="/home/runner/work/typespec/typespec/packages/http-client-csharp/generator/artifacts/bin/Microsoft.TypeSpec.Generator.Tests/Debug/net8.0/Microsoft.TypeSpec.Generator.Tests.dll" adapterTypeName="executor://nunit3testexecutor/" className="Microsoft.TypeSpec.Generator.Tests.Statements.StatementTests" name="TryCatchFinallyStatementWithTryCatchAndFinally" />
    </UnitTest>
    <UnitTest name="SiblingScopeLinesUseSameName" storage="/home/runner/work/typespec/typespec/packages/http-client-csharp/generator/artifacts/bin/microsoft.typespec.generator.tests/debug/net8.0/microsoft.typespec.generator.tests.dll" id="138890cc-832b-4381-a02a-530cf0ec764b">
      <Execution id="2bae0dd9-07a7-4f74-a83c-3d8d613d812c" />
      <TestMethod codeBase="/home/runner/work/typespec/typespec/packages/http-client-csharp/generator/artifacts/bin/Microsoft.TypeSpec.Generator.Tests/Debug/net8.0/Microsoft.TypeSpec.Generator.Tests.dll" adapterTypeName="executor://nunit3testexecutor/" className="Microsoft.TypeSpec.Generator.Tests.Writers.CodeScopeTests" name="SiblingScopeLinesUseSameName" />
    </UnitTest>
    <UnitTest name="KeyValuePairExpression(System.Int32,System.String)" storage="/home/runner/work/typespec/typespec/packages/http-client-csharp/generator/artifacts/bin/microsoft.typespec.generator.tests/debug/net8.0/microsoft.typespec.generator.tests.dll" id="3f82880f-669e-4c80-f5cb-7b52a5ea247e">
      <Execution id="749a6201-3ed2-4450-9347-46b47420ac31" />
      <TestMethod codeBase="/home/runner/work/typespec/typespec/packages/http-client-csharp/generator/artifacts/bin/Microsoft.TypeSpec.Generator.Tests/Debug/net8.0/Microsoft.TypeSpec.Generator.Tests.dll" adapterTypeName="executor://nunit3testexecutor/" className="Microsoft.TypeSpec.Generator.Tests.Expressions.KnownValueExpressionsTests" name="KeyValuePairExpression(System.Int32,System.String)" />
    </UnitTest>
    <UnitTest name="TestToApiVersionMemberName(&quot;v1.0.0&quot;,&quot;V1_0_0&quot;)" storage="/home/runner/work/typespec/typespec/packages/http-client-csharp/generator/artifacts/bin/microsoft.typespec.generator.tests/debug/net8.0/microsoft.typespec.generator.tests.dll" id="75d50189-0337-ea36-24ba-1508c78257cc">
      <Execution id="eb8008ce-e941-4aad-8907-166f28d68e85" />
      <TestMethod codeBase="/home/runner/work/typespec/typespec/packages/http-client-csharp/generator/artifacts/bin/Microsoft.TypeSpec.Generator.Tests/Debug/net8.0/Microsoft.TypeSpec.Generator.Tests.dll" adapterTypeName="executor://nunit3testexecutor/" className="Microsoft.TypeSpec.Generator.Tests.Utilities.StringExtensionsTests" name="TestToApiVersionMemberName(&quot;v1.0.0&quot;,&quot;V1_0_0&quot;)" />
    </UnitTest>
    <UnitTest name="BuildBaseType" storage="/home/runner/work/typespec/typespec/packages/http-client-csharp/generator/artifacts/bin/microsoft.typespec.generator.tests/debug/net8.0/microsoft.typespec.generator.tests.dll" id="002367fe-4f76-ffa5-1fac-d1fee281a0ba">
      <Execution id="1f5a2edd-1d2d-4a2f-bd6e-05c56e37f2c2" />
      <TestMethod codeBase="/home/runner/work/typespec/typespec/packages/http-client-csharp/generator/artifacts/bin/Microsoft.TypeSpec.Generator.Tests/Debug/net8.0/Microsoft.TypeSpec.Generator.Tests.dll" adapterTypeName="executor://nunit3testexecutor/" className="Microsoft.TypeSpec.Generator.Tests.Providers.ModelProviders.ModelProviderTests" name="BuildBaseType" />
    </UnitTest>
    <UnitTest name="BodyHasSetterValidation(&quot;readOnlyStringOnInputModel&quot;,Microsoft.TypeSpec.Generator.Input.InputModelType,False,null)" storage="/home/runner/work/typespec/typespec/packages/http-client-csharp/generator/artifacts/bin/microsoft.typespec.generator.tests/debug/net8.0/microsoft.typespec.generator.tests.dll" id="5421f54a-a02f-943d-b2bb-0b6cb00f03bd">
      <Execution id="d8854b69-805c-43c5-93ed-c0cab6a9e129" />
      <TestMethod codeBase="/home/runner/work/typespec/typespec/packages/http-client-csharp/generator/artifacts/bin/Microsoft.TypeSpec.Generator.Tests/Debug/net8.0/Microsoft.TypeSpec.Generator.Tests.dll" adapterTypeName="executor://nunit3testexecutor/" className="Microsoft.TypeSpec.Generator.Tests.Providers.PropertyProviderTests" name="BodyHasSetterValidation(&quot;readOnlyStringOnInputModel&quot;,Microsoft.TypeSpec.Generator.Input.InputModelType,False,null)" />
    </UnitTest>
    <UnitTest name="CodeWriter_WriteProperty_IndexerProperty_ExpressionBody" storage="/home/runner/work/typespec/typespec/packages/http-client-csharp/generator/artifacts/bin/microsoft.typespec.generator.tests/debug/net8.0/microsoft.typespec.generator.tests.dll" id="b6db30fd-3332-fff3-0038-e76827e7300b">
      <Execution id="95a983bb-1370-469c-9d17-e232ab1a71c2" />
      <TestMethod codeBase="/home/runner/work/typespec/typespec/packages/http-client-csharp/generator/artifacts/bin/Microsoft.TypeSpec.Generator.Tests/Debug/net8.0/Microsoft.TypeSpec.Generator.Tests.dll" adapterTypeName="executor://nunit3testexecutor/" className="Microsoft.TypeSpec.Generator.Tests.Writers.CodeWriterTests" name="CodeWriter_WriteProperty_IndexerProperty_ExpressionBody" />
    </UnitTest>
    <UnitTest name="DerivedExpressionBodyDoesNotHaveSetterWhenNarrowed" storage="/home/runner/work/typespec/typespec/packages/http-client-csharp/generator/artifacts/bin/microsoft.typespec.generator.tests/debug/net8.0/microsoft.typespec.generator.tests.dll" id="2f49ddd4-65d3-e4fb-77a7-72c40a358641">
      <Execution id="2a091e9b-5653-4409-8130-640de904ce03" />
      <TestMethod codeBase="/home/runner/work/typespec/typespec/packages/http-client-csharp/generator/artifacts/bin/Microsoft.TypeSpec.Generator.Tests/Debug/net8.0/Microsoft.TypeSpec.Generator.Tests.dll" adapterTypeName="executor://nunit3testexecutor/" className="Microsoft.TypeSpec.Generator.Tests.Providers.ModelProviders.ModelProviderTests" name="DerivedExpressionBodyDoesNotHaveSetterWhenNarrowed" />
    </UnitTest>
    <UnitTest name="NotNullOrEmptyStringThrowsOnEmpty" storage="/home/runner/work/typespec/typespec/packages/http-client-csharp/generator/artifacts/bin/microsoft.typespec.generator.tests/debug/net8.0/microsoft.typespec.generator.tests.dll" id="a9a0a623-de99-ffd6-5c43-ed9a99915615">
      <Execution id="9141d2b0-3fc9-4a3e-a59b-393fcb975f8c" />
      <TestMethod codeBase="/home/runner/work/typespec/typespec/packages/http-client-csharp/generator/artifacts/bin/Microsoft.TypeSpec.Generator.Tests/Debug/net8.0/Microsoft.TypeSpec.Generator.Tests.dll" adapterTypeName="executor://nunit3testexecutor/" className="Microsoft.TypeSpec.Generator.Tests.Providers.ArgumentTests" name="NotNullOrEmptyStringThrowsOnEmpty" />
    </UnitTest>
    <UnitTest name="DoesNotRemoveValidUsings" storage="/home/runner/work/typespec/typespec/packages/http-client-csharp/generator/artifacts/bin/microsoft.typespec.generator.tests/debug/net8.0/microsoft.typespec.generator.tests.dll" id="3f7b061b-9bd8-be66-3398-f580790975a1">
      <Execution id="b9a1ec38-8921-43a5-84c8-25953f698cc8" />
      <TestMethod codeBase="/home/runner/work/typespec/typespec/packages/http-client-csharp/generator/artifacts/bin/Microsoft.TypeSpec.Generator.Tests/Debug/net8.0/Microsoft.TypeSpec.Generator.Tests.dll" adapterTypeName="executor://nunit3testexecutor/" className="Microsoft.TypeSpec.Generator.Tests.PostProcessing.PostProcessorTests" name="DoesNotRemoveValidUsings" />
    </UnitTest>
    <UnitTest name="VisitsProperties" storage="/home/runner/work/typespec/typespec/packages/http-client-csharp/generator/artifacts/bin/microsoft.typespec.generator.tests/debug/net8.0/microsoft.typespec.generator.tests.dll" id="dc269f56-e8f1-7215-de57-f294735827ca">
      <Execution id="e43de1e4-e6d2-4e6d-bec7-eb89334bdfc9" />
      <TestMethod codeBase="/home/runner/work/typespec/typespec/packages/http-client-csharp/generator/artifacts/bin/Microsoft.TypeSpec.Generator.Tests/Debug/net8.0/Microsoft.TypeSpec.Generator.Tests.dll" adapterTypeName="executor://nunit3testexecutor/" className="Microsoft.TypeSpec.Generator.Tests.OutputLibraryVisitorTests" name="VisitsProperties" />
    </UnitTest>
    <UnitTest name="ValidateName" storage="/home/runner/work/typespec/typespec/packages/http-client-csharp/generator/artifacts/bin/microsoft.typespec.generator.tests/debug/net8.0/microsoft.typespec.generator.tests.dll" id="a393e5db-5a23-010b-d3f3-cbff13003adf">
      <Execution id="2875494c-d0dd-4618-9365-8aa7e224072f" />
      <TestMethod codeBase="/home/runner/work/typespec/typespec/packages/http-client-csharp/generator/artifacts/bin/Microsoft.TypeSpec.Generator.Tests/Debug/net8.0/Microsoft.TypeSpec.Generator.Tests.dll" adapterTypeName="executor://nunit3testexecutor/" className="Microsoft.TypeSpec.Generator.Tests.Providers.NamedTypeSymbolProviders.NamedTypeSymbolProviderTests" name="ValidateName" />
    </UnitTest>
    <UnitTest name="ValidateNullableTypes(System.Uri,[],False)" storage="/home/runner/work/typespec/typespec/packages/http-client-csharp/generator/artifacts/bin/microsoft.typespec.generator.tests/debug/net8.0/microsoft.typespec.generator.tests.dll" id="8881821b-7d3d-8cd9-b7c7-0410f06440ab">
      <Execution id="ad8a86f0-47d1-4a44-88d5-6a6edb00f243" />
      <TestMethod codeBase="/home/runner/work/typespec/typespec/packages/http-client-csharp/generator/artifacts/bin/Microsoft.TypeSpec.Generator.Tests/Debug/net8.0/Microsoft.TypeSpec.Generator.Tests.dll" adapterTypeName="executor://nunit3testexecutor/" className="Microsoft.TypeSpec.Generator.Tests.Primitives.CSharpTypeTests" name="ValidateNullableTypes(System.Uri,[],False)" />
    </UnitTest>
    <UnitTest name="ValidateGetFormattableStringFormatParts(&quot;This {0} has literal {{, {1} and }} in the middle&quot;,[Part { Value = This , IsLiteral = True, ArgumentIndex = -1 }, Part { Value = 0, IsLiteral = False, ArgumentIndex = 0 }, Part { Value =  has literal {, IsLiteral = True, ArgumentIndex = -1 }, Part { Value = , , IsLiteral = True, ArgumentIndex = -1 }, Part { Value = 1, IsLiteral = False, ArgumentIndex = 1 }, ...])" storage="/home/runner/work/typespec/typespec/packages/http-client-csharp/generator/artifacts/bin/microsoft.typespec.generator.tests/debug/net8.0/microsoft.typespec.generator.tests.dll" id="229736e4-e626-8640-1665-cf30e4fb5f47">
      <Execution id="98c304fb-fe84-4b1b-9761-5a54ffd1416d" />
      <TestMethod codeBase="/home/runner/work/typespec/typespec/packages/http-client-csharp/generator/artifacts/bin/Microsoft.TypeSpec.Generator.Tests/Debug/net8.0/Microsoft.TypeSpec.Generator.Tests.dll" adapterTypeName="executor://nunit3testexecutor/" className="Microsoft.TypeSpec.Generator.Tests.Utilities.StringExtensionsTests" name="ValidateGetFormattableStringFormatParts(&quot;This {0} has literal {{, {1} and }} in the middle&quot;,[Part { Value = This , IsLiteral = True, ArgumentIndex = -1 }, Part { Value = 0, IsLiteral = False, ArgumentIndex = 0 }, Part { Value =  has literal {, IsLiteral = True, ArgumentIndex = -1 }, Part { Value = , , IsLiteral = True, ArgumentIndex = -1 }, Part { Value = 1, IsLiteral = False, ArgumentIndex = 1 }, ...])" />
    </UnitTest>
    <UnitTest name="TestIsCSharpKeyword(&quot;where&quot;,True)" storage="/home/runner/work/typespec/typespec/packages/http-client-csharp/generator/artifacts/bin/microsoft.typespec.generator.tests/debug/net8.0/microsoft.typespec.generator.tests.dll" id="d832ca72-8ed0-0f15-973d-4e0a54c1c11e">
      <Execution id="9cf825b7-ac9d-462f-9d70-66146a69cabe" />
      <TestMethod codeBase="/home/runner/work/typespec/typespec/packages/http-client-csharp/generator/artifacts/bin/Microsoft.TypeSpec.Generator.Tests/Debug/net8.0/Microsoft.TypeSpec.Generator.Tests.dll" adapterTypeName="executor://nunit3testexecutor/" className="Microsoft.TypeSpec.Generator.Tests.Utilities.StringExtensionsTests" name="TestIsCSharpKeyword(&quot;where&quot;,True)" />
    </UnitTest>
    <UnitTest name="OperandOnLeft" storage="/home/runner/work/typespec/typespec/packages/http-client-csharp/generator/artifacts/bin/microsoft.typespec.generator.tests/debug/net8.0/microsoft.typespec.generator.tests.dll" id="07e64b3a-aa9b-ba14-4041-8a83b36381b9">
      <Execution id="fde6e394-3d8f-42e7-8d17-68cd11d6017e" />
      <TestMethod codeBase="/home/runner/work/typespec/typespec/packages/http-client-csharp/generator/artifacts/bin/Microsoft.TypeSpec.Generator.Tests/Debug/net8.0/Microsoft.TypeSpec.Generator.Tests.dll" adapterTypeName="executor://nunit3testexecutor/" className="Microsoft.TypeSpec.Generator.Tests.Expressions.UnaryOperationExpressionTests" name="OperandOnLeft" />
    </UnitTest>
    <UnitTest name="TestToApiVersionValueWithPrefixAndSeparator(&quot;V2022_05_15_Preview&quot;,&quot;v&quot;,&quot;/&quot;,&quot;v2022/05/15/preview&quot;)" storage="/home/runner/work/typespec/typespec/packages/http-client-csharp/generator/artifacts/bin/microsoft.typespec.generator.tests/debug/net8.0/microsoft.typespec.generator.tests.dll" id="0109c8ab-ee05-8dbe-890d-f0bf776f02fb">
      <Execution id="d448027e-0961-4e33-b8cb-78a2fc635410" />
      <TestMethod codeBase="/home/runner/work/typespec/typespec/packages/http-client-csharp/generator/artifacts/bin/Microsoft.TypeSpec.Generator.Tests/Debug/net8.0/Microsoft.TypeSpec.Generator.Tests.dll" adapterTypeName="executor://nunit3testexecutor/" className="Microsoft.TypeSpec.Generator.Tests.Utilities.StringExtensionsTests" name="TestToApiVersionValueWithPrefixAndSeparator(&quot;V2022_05_15_Preview&quot;,&quot;v&quot;,&quot;/&quot;,&quot;v2022/05/15/preview&quot;)" />
    </UnitTest>
    <UnitTest name="ValidateMethods" storage="/home/runner/work/typespec/typespec/packages/http-client-csharp/generator/artifacts/bin/microsoft.typespec.generator.tests/debug/net8.0/microsoft.typespec.generator.tests.dll" id="74f5e4a5-156f-e5fa-3912-1acc1239d040">
      <Execution id="82d33c39-2475-4c36-b649-c39e41f26ace" />
      <TestMethod codeBase="/home/runner/work/typespec/typespec/packages/http-client-csharp/generator/artifacts/bin/Microsoft.TypeSpec.Generator.Tests/Debug/net8.0/Microsoft.TypeSpec.Generator.Tests.dll" adapterTypeName="executor://nunit3testexecutor/" className="Microsoft.TypeSpec.Generator.Tests.Providers.CanonicalTypeProviderTests" name="ValidateMethods" />
    </UnitTest>
    <UnitTest name="DoesNotIncludeReqCustomFieldLiteralInDefaultCtor" storage="/home/runner/work/typespec/typespec/packages/http-client-csharp/generator/artifacts/bin/microsoft.typespec.generator.tests/debug/net8.0/microsoft.typespec.generator.tests.dll" id="e1da224a-6889-e7f0-4909-8f9f1d973abe">
      <Execution id="ff941ff1-64ce-4adc-8694-16fe17d773bb" />
      <TestMethod codeBase="/home/runner/work/typespec/typespec/packages/http-client-csharp/generator/artifacts/bin/Microsoft.TypeSpec.Generator.Tests/Debug/net8.0/Microsoft.TypeSpec.Generator.Tests.dll" adapterTypeName="executor://nunit3testexecutor/" className="Microsoft.TypeSpec.Generator.Tests.Providers.ModelProviders.ModelCustomizationTests" name="DoesNotIncludeReqCustomFieldLiteralInDefaultCtor" />
    </UnitTest>
    <UnitTest name="IsList(System.Collections.Generic.IReadOnlyList`1[T],True)" storage="/home/runner/work/typespec/typespec/packages/http-client-csharp/generator/artifacts/bin/microsoft.typespec.generator.tests/debug/net8.0/microsoft.typespec.generator.tests.dll" id="65447680-2649-575c-78cc-9a2645bae4cc">
      <Execution id="545daa38-d383-4ddd-973c-d9f3f808da54" />
      <TestMethod codeBase="/home/runner/work/typespec/typespec/packages/http-client-csharp/generator/artifacts/bin/Microsoft.TypeSpec.Generator.Tests/Debug/net8.0/Microsoft.TypeSpec.Generator.Tests.dll" adapterTypeName="executor://nunit3testexecutor/" className="Microsoft.TypeSpec.Generator.Tests.Primitives.CSharpTypeTests" name="IsList(System.Collections.Generic.IReadOnlyList`1[T],True)" />
    </UnitTest>
    <UnitTest name="HashCodesAreNotEqual(System.Int32,System.String)" storage="/home/runner/work/typespec/typespec/packages/http-client-csharp/generator/artifacts/bin/microsoft.typespec.generator.tests/debug/net8.0/microsoft.typespec.generator.tests.dll" id="be4e2c1f-dcc5-75fe-28b6-bdd6952f77a4">
      <Execution id="520c374f-dda4-4acd-a730-6c5f88ebd078" />
      <TestMethod codeBase="/home/runner/work/typespec/typespec/packages/http-client-csharp/generator/artifacts/bin/Microsoft.TypeSpec.Generator.Tests/Debug/net8.0/Microsoft.TypeSpec.Generator.Tests.dll" adapterTypeName="executor://nunit3testexecutor/" className="Microsoft.TypeSpec.Generator.Tests.Primitives.CSharpTypeTests" name="HashCodesAreNotEqual(System.Int32,System.String)" />
    </UnitTest>
    <UnitTest name="KeyValuePairExpression(System.Collections.Generic.IList`1[System.Int32],System.Collections.Generic.IList`1[System.String])" storage="/home/runner/work/typespec/typespec/packages/http-client-csharp/generator/artifacts/bin/microsoft.typespec.generator.tests/debug/net8.0/microsoft.typespec.generator.tests.dll" id="3828f2a7-f139-002b-fb55-f0000180d1f6">
      <Execution id="4667455a-a2d3-4ad1-b322-6c8a9fade782" />
      <TestMethod codeBase="/home/runner/work/typespec/typespec/packages/http-client-csharp/generator/artifacts/bin/Microsoft.TypeSpec.Generator.Tests/Debug/net8.0/Microsoft.TypeSpec.Generator.Tests.dll" adapterTypeName="executor://nunit3testexecutor/" className="Microsoft.TypeSpec.Generator.Tests.Expressions.KnownValueExpressionsTests" name="KeyValuePairExpression(System.Collections.Generic.IList`1[System.Int32],System.Collections.Generic.IList`1[System.String])" />
    </UnitTest>
    <UnitTest name="ListExpression(System.Boolean)" storage="/home/runner/work/typespec/typespec/packages/http-client-csharp/generator/artifacts/bin/microsoft.typespec.generator.tests/debug/net8.0/microsoft.typespec.generator.tests.dll" id="216079ac-b730-022d-e5a4-fb32e7a98a8e">
      <Execution id="544ad98c-2454-40a3-80f4-23aa44f5b6f2" />
      <TestMethod codeBase="/home/runner/work/typespec/typespec/packages/http-client-csharp/generator/artifacts/bin/Microsoft.TypeSpec.Generator.Tests/Debug/net8.0/Microsoft.TypeSpec.Generator.Tests.dll" adapterTypeName="executor://nunit3testexecutor/" className="Microsoft.TypeSpec.Generator.Tests.Expressions.KnownValueExpressionsTests" name="ListExpression(System.Boolean)" />
    </UnitTest>
    <UnitTest name="ListExpression(System.Int32)" storage="/home/runner/work/typespec/typespec/packages/http-client-csharp/generator/artifacts/bin/microsoft.typespec.generator.tests/debug/net8.0/microsoft.typespec.generator.tests.dll" id="2fe0ce30-023a-d677-13ee-2b4363be581f">
      <Execution id="8bf8b049-5658-4348-9e71-92b94c3e1b46" />
      <TestMethod codeBase="/home/runner/work/typespec/typespec/packages/http-client-csharp/generator/artifacts/bin/Microsoft.TypeSpec.Generator.Tests/Debug/net8.0/Microsoft.TypeSpec.Generator.Tests.dll" adapterTypeName="executor://nunit3testexecutor/" className="Microsoft.TypeSpec.Generator.Tests.Expressions.KnownValueExpressionsTests" name="ListExpression(System.Int32)" />
    </UnitTest>
    <UnitTest name="TestIsCSharpKeyword(&quot;by&quot;,True)" storage="/home/runner/work/typespec/typespec/packages/http-client-csharp/generator/artifacts/bin/microsoft.typespec.generator.tests/debug/net8.0/microsoft.typespec.generator.tests.dll" id="711d2162-2b98-a5ab-d146-f061d4a9490c">
      <Execution id="2fe076f0-40fe-42e6-9b33-2225bac51280" />
      <TestMethod codeBase="/home/runner/work/typespec/typespec/packages/http-client-csharp/generator/artifacts/bin/Microsoft.TypeSpec.Generator.Tests/Debug/net8.0/Microsoft.TypeSpec.Generator.Tests.dll" adapterTypeName="executor://nunit3testexecutor/" className="Microsoft.TypeSpec.Generator.Tests.Utilities.StringExtensionsTests" name="TestIsCSharpKeyword(&quot;by&quot;,True)" />
    </UnitTest>
    <UnitTest name="SingleLineSummary" storage="/home/runner/work/typespec/typespec/packages/http-client-csharp/generator/artifacts/bin/microsoft.typespec.generator.tests/debug/net8.0/microsoft.typespec.generator.tests.dll" id="1af4ac2d-863e-cbc7-a2d1-1c8e6844de6b">
      <Execution id="8137f053-cb8b-46a9-ae96-7444bd3c0bcb" />
      <TestMethod codeBase="/home/runner/work/typespec/typespec/packages/http-client-csharp/generator/artifacts/bin/Microsoft.TypeSpec.Generator.Tests/Debug/net8.0/Microsoft.TypeSpec.Generator.Tests.dll" adapterTypeName="executor://nunit3testexecutor/" className="Microsoft.TypeSpec.Generator.Tests.Writers.CodeWriterTests" name="SingleLineSummary" />
    </UnitTest>
    <UnitTest name="CodeWriter_WriteProperty_IndexerProperty_AutoBody" storage="/home/runner/work/typespec/typespec/packages/http-client-csharp/generator/artifacts/bin/microsoft.typespec.generator.tests/debug/net8.0/microsoft.typespec.generator.tests.dll" id="fcfa3660-08a8-7556-7d3f-b80d482c06c9">
      <Execution id="ef2e58c6-5b54-486f-836a-b47868be71fe" />
      <TestMethod codeBase="/home/runner/work/typespec/typespec/packages/http-client-csharp/generator/artifacts/bin/Microsoft.TypeSpec.Generator.Tests/Debug/net8.0/Microsoft.TypeSpec.Generator.Tests.dll" adapterTypeName="executor://nunit3testexecutor/" className="Microsoft.TypeSpec.Generator.Tests.Writers.CodeWriterTests" name="CodeWriter_WriteProperty_IndexerProperty_AutoBody" />
    </UnitTest>
    <UnitTest name="BaseConstructorShouldBePrivateProtected" storage="/home/runner/work/typespec/typespec/packages/http-client-csharp/generator/artifacts/bin/microsoft.typespec.generator.tests/debug/net8.0/microsoft.typespec.generator.tests.dll" id="36f565da-6c41-27fb-f0ad-2851820a6c55">
      <Execution id="a5758c5d-0feb-4e40-aa1a-9bf982699ad1" />
      <TestMethod codeBase="/home/runner/work/typespec/typespec/packages/http-client-csharp/generator/artifacts/bin/Microsoft.TypeSpec.Generator.Tests/Debug/net8.0/Microsoft.TypeSpec.Generator.Tests.dll" adapterTypeName="executor://nunit3testexecutor/" className="Microsoft.TypeSpec.Generator.Tests.Providers.ModelProviders.DiscriminatorTests" name="BaseConstructorShouldBePrivateProtected" />
    </UnitTest>
    <UnitTest name="BodyHasSetterValidation(&quot;nullableCollectionOnInputOutputModel&quot;,Microsoft.TypeSpec.Generator.Input.InputModelType,True,null)" storage="/home/runner/work/typespec/typespec/packages/http-client-csharp/generator/artifacts/bin/microsoft.typespec.generator.tests/debug/net8.0/microsoft.typespec.generator.tests.dll" id="6e2d3c67-3080-1e7b-8e65-c4a3c7af675b">
      <Execution id="094d667e-a8bc-4349-94a6-436d61fcdfe3" />
      <TestMethod codeBase="/home/runner/work/typespec/typespec/packages/http-client-csharp/generator/artifacts/bin/Microsoft.TypeSpec.Generator.Tests/Debug/net8.0/Microsoft.TypeSpec.Generator.Tests.dll" adapterTypeName="executor://nunit3testexecutor/" className="Microsoft.TypeSpec.Generator.Tests.Providers.PropertyProviderTests" name="BodyHasSetterValidation(&quot;nullableCollectionOnInputOutputModel&quot;,Microsoft.TypeSpec.Generator.Input.InputModelType,True,null)" />
    </UnitTest>
    <UnitTest name="IsList(System.Collections.Generic.List`1[T],True)" storage="/home/runner/work/typespec/typespec/packages/http-client-csharp/generator/artifacts/bin/microsoft.typespec.generator.tests/debug/net8.0/microsoft.typespec.generator.tests.dll" id="e8583dfe-bef2-ad72-ae84-7a0c797fce55">
      <Execution id="e1cf1077-e307-4515-a5d6-c7f68cae0fdb" />
      <TestMethod codeBase="/home/runner/work/typespec/typespec/packages/http-client-csharp/generator/artifacts/bin/Microsoft.TypeSpec.Generator.Tests/Debug/net8.0/Microsoft.TypeSpec.Generator.Tests.dll" adapterTypeName="executor://nunit3testexecutor/" className="Microsoft.TypeSpec.Generator.Tests.Primitives.CSharpTypeTests" name="IsList(System.Collections.Generic.List`1[T],True)" />
    </UnitTest>
    <UnitTest name="OptionalityChangeNarrowPropertyHasNewKeyword" storage="/home/runner/work/typespec/typespec/packages/http-client-csharp/generator/artifacts/bin/microsoft.typespec.generator.tests/debug/net8.0/microsoft.typespec.generator.tests.dll" id="e8dadef5-733a-1ff1-73c3-c957c2313ea8">
      <Execution id="72a8cbb5-7389-4d82-943b-d82de3a1f107" />
      <TestMethod codeBase="/home/runner/work/typespec/typespec/packages/http-client-csharp/generator/artifacts/bin/Microsoft.TypeSpec.Generator.Tests/Debug/net8.0/Microsoft.TypeSpec.Generator.Tests.dll" adapterTypeName="executor://nunit3testexecutor/" className="Microsoft.TypeSpec.Generator.Tests.Providers.ModelProviders.ModelProviderTests" name="OptionalityChangeNarrowPropertyHasNewKeyword" />
    </UnitTest>
    <UnitTest name="TestIsCSharpKeyword(&quot;async&quot;,True)" storage="/home/runner/work/typespec/typespec/packages/http-client-csharp/generator/artifacts/bin/microsoft.typespec.generator.tests/debug/net8.0/microsoft.typespec.generator.tests.dll" id="f64fc73a-8eca-1242-c007-1a6c4232130f">
      <Execution id="6d06fbd7-d5b9-49b1-8744-aac272dc48c2" />
      <TestMethod codeBase="/home/runner/work/typespec/typespec/packages/http-client-csharp/generator/artifacts/bin/Microsoft.TypeSpec.Generator.Tests/Debug/net8.0/Microsoft.TypeSpec.Generator.Tests.dll" adapterTypeName="executor://nunit3testexecutor/" className="Microsoft.TypeSpec.Generator.Tests.Utilities.StringExtensionsTests" name="TestIsCSharpKeyword(&quot;async&quot;,True)" />
    </UnitTest>
    <UnitTest name="IntSerializationFormat(UInt32,null)" storage="/home/runner/work/typespec/typespec/packages/http-client-csharp/generator/artifacts/bin/microsoft.typespec.generator.tests/debug/net8.0/microsoft.typespec.generator.tests.dll" id="9bc367b0-2d6d-e25e-f385-beb1c03bb00d">
      <Execution id="890b5e18-25fd-40d1-ad48-117b0e5004ee" />
      <TestMethod codeBase="/home/runner/work/typespec/typespec/packages/http-client-csharp/generator/artifacts/bin/Microsoft.TypeSpec.Generator.Tests/Debug/net8.0/Microsoft.TypeSpec.Generator.Tests.dll" adapterTypeName="executor://nunit3testexecutor/" className="Microsoft.TypeSpec.Generator.Tests.TypeFactoryTests" name="IntSerializationFormat(UInt32,null)" />
    </UnitTest>
    <UnitTest name="IsDictionary(System.Collections.Generic.IReadOnlyDictionary`2[TKey,TValue],True)" storage="/home/runner/work/typespec/typespec/packages/http-client-csharp/generator/artifacts/bin/microsoft.typespec.generator.tests/debug/net8.0/microsoft.typespec.generator.tests.dll" id="fc6d4e05-e972-9b67-7fd5-ed8afffa3d04">
      <Execution id="a4e75b2d-91bd-4625-8313-680ffef4da8c" />
      <TestMethod codeBase="/home/runner/work/typespec/typespec/packages/http-client-csharp/generator/artifacts/bin/Microsoft.TypeSpec.Generator.Tests/Debug/net8.0/Microsoft.TypeSpec.Generator.Tests.dll" adapterTypeName="executor://nunit3testexecutor/" className="Microsoft.TypeSpec.Generator.Tests.Primitives.CSharpTypeTests" name="IsDictionary(System.Collections.Generic.IReadOnlyDictionary`2[TKey,TValue],True)" />
    </UnitTest>
    <UnitTest name="ValidateAttributes" storage="/home/runner/work/typespec/typespec/packages/http-client-csharp/generator/artifacts/bin/microsoft.typespec.generator.tests/debug/net8.0/microsoft.typespec.generator.tests.dll" id="6540102f-53e3-717e-261b-01f05cff9c00">
      <Execution id="ff2ef252-0360-425d-a32c-1645b0bdf463" />
      <TestMethod codeBase="/home/runner/work/typespec/typespec/packages/http-client-csharp/generator/artifacts/bin/Microsoft.TypeSpec.Generator.Tests/Debug/net8.0/Microsoft.TypeSpec.Generator.Tests.dll" adapterTypeName="executor://nunit3testexecutor/" className="Microsoft.TypeSpec.Generator.Tests.Providers.ProviderWithAttributesTests" name="ValidateAttributes" />
    </UnitTest>
    <UnitTest name="TypeModifiersTest(Private, Class)" storage="/home/runner/work/typespec/typespec/packages/http-client-csharp/generator/artifacts/bin/microsoft.typespec.generator.tests/debug/net8.0/microsoft.typespec.generator.tests.dll" id="921becbe-871e-b5c6-0fad-012382fc0bba">
      <Execution id="92de7809-ae80-4826-a863-016098f41fcc" />
      <TestMethod codeBase="/home/runner/work/typespec/typespec/packages/http-client-csharp/generator/artifacts/bin/Microsoft.TypeSpec.Generator.Tests/Debug/net8.0/Microsoft.TypeSpec.Generator.Tests.dll" adapterTypeName="executor://nunit3testexecutor/" className="Microsoft.TypeSpec.Generator.Tests.Writers.CodeWriterTests" name="TypeModifiersTest(Private, Class)" />
    </UnitTest>
    <UnitTest name="EqualToFrameworkType(System.Collections.Generic.IDictionary`2[System.Int32,System.Int32])" storage="/home/runner/work/typespec/typespec/packages/http-client-csharp/generator/artifacts/bin/microsoft.typespec.generator.tests/debug/net8.0/microsoft.typespec.generator.tests.dll" id="19c6427d-1cc5-f3a5-e1e7-57d8b4ee9bd2">
      <Execution id="ee207d7b-0d09-441c-9f18-4627ca1287ea" />
      <TestMethod codeBase="/home/runner/work/typespec/typespec/packages/http-client-csharp/generator/artifacts/bin/Microsoft.TypeSpec.Generator.Tests/Debug/net8.0/Microsoft.TypeSpec.Generator.Tests.dll" adapterTypeName="executor://nunit3testexecutor/" className="Microsoft.TypeSpec.Generator.Tests.Primitives.CSharpTypeTests" name="EqualToFrameworkType(System.Collections.Generic.IDictionary`2[System.Int32,System.Int32])" />
    </UnitTest>
    <UnitTest name="ValueTypeHasNoValidation(Microsoft.TypeSpec.Generator.Input.InputEnumType)" storage="/home/runner/work/typespec/typespec/packages/http-client-csharp/generator/artifacts/bin/microsoft.typespec.generator.tests/debug/net8.0/microsoft.typespec.generator.tests.dll" id="3be806f7-f582-ad07-2c81-d19696092c39">
      <Execution id="c3a9e778-97b0-4d1f-91ef-1aba72fedfff" />
      <TestMethod codeBase="/home/runner/work/typespec/typespec/packages/http-client-csharp/generator/artifacts/bin/Microsoft.TypeSpec.Generator.Tests/Debug/net8.0/Microsoft.TypeSpec.Generator.Tests.dll" adapterTypeName="executor://nunit3testexecutor/" className="Microsoft.TypeSpec.Generator.Tests.Providers.ParameterProviderTests" name="ValueTypeHasNoValidation(Microsoft.TypeSpec.Generator.Input.InputEnumType)" />
    </UnitTest>
    <UnitTest name="InitCtorShouldAssignBaseFieldDerivedRequired" storage="/home/runner/work/typespec/typespec/packages/http-client-csharp/generator/artifacts/bin/microsoft.typespec.generator.tests/debug/net8.0/microsoft.typespec.generator.tests.dll" id="907ea4bd-38f6-7f48-c9e6-1f394fd34443">
      <Execution id="b5d45123-5a9f-4dae-8742-7a75fc966302" />
      <TestMethod codeBase="/home/runner/work/typespec/typespec/packages/http-client-csharp/generator/artifacts/bin/Microsoft.TypeSpec.Generator.Tests/Debug/net8.0/Microsoft.TypeSpec.Generator.Tests.dll" adapterTypeName="executor://nunit3testexecutor/" className="Microsoft.TypeSpec.Generator.Tests.Providers.ModelProviders.ModelProviderTests" name="InitCtorShouldAssignBaseFieldDerivedRequired" />
    </UnitTest>
    <UnitTest name="TestIsCSharpKeyword(&quot;do&quot;,True)" storage="/home/runner/work/typespec/typespec/packages/http-client-csharp/generator/artifacts/bin/microsoft.typespec.generator.tests/debug/net8.0/microsoft.typespec.generator.tests.dll" id="270b440f-1f3c-3767-f929-42e0d541f4dd">
      <Execution id="4dc2ff94-5c96-401d-b4e2-0eb2521b186a" />
      <TestMethod codeBase="/home/runner/work/typespec/typespec/packages/http-client-csharp/generator/artifacts/bin/Microsoft.TypeSpec.Generator.Tests/Debug/net8.0/Microsoft.TypeSpec.Generator.Tests.dll" adapterTypeName="executor://nunit3testexecutor/" className="Microsoft.TypeSpec.Generator.Tests.Utilities.StringExtensionsTests" name="TestIsCSharpKeyword(&quot;do&quot;,True)" />
    </UnitTest>
    <UnitTest name="VisitsSerializationProviderMembers" storage="/home/runner/work/typespec/typespec/packages/http-client-csharp/generator/artifacts/bin/microsoft.typespec.generator.tests/debug/net8.0/microsoft.typespec.generator.tests.dll" id="4abfd303-145b-aaaf-d908-db43e32b70f9">
      <Execution id="9440b5b0-bcbf-4600-8fd2-2119c7f09913" />
      <TestMethod codeBase="/home/runner/work/typespec/typespec/packages/http-client-csharp/generator/artifacts/bin/Microsoft.TypeSpec.Generator.Tests/Debug/net8.0/Microsoft.TypeSpec.Generator.Tests.dll" adapterTypeName="executor://nunit3testexecutor/" className="Microsoft.TypeSpec.Generator.Tests.OutputLibraryVisitorTests" name="VisitsSerializationProviderMembers" />
    </UnitTest>
    <UnitTest name="VariableExpressionWithoutRef" storage="/home/runner/work/typespec/typespec/packages/http-client-csharp/generator/artifacts/bin/microsoft.typespec.generator.tests/debug/net8.0/microsoft.typespec.generator.tests.dll" id="b79a46ba-f324-98d6-56e4-62dd91ee450a">
      <Execution id="15ed3c11-4f0d-4ac6-baf8-1b6f71328590" />
      <TestMethod codeBase="/home/runner/work/typespec/typespec/packages/http-client-csharp/generator/artifacts/bin/Microsoft.TypeSpec.Generator.Tests/Debug/net8.0/Microsoft.TypeSpec.Generator.Tests.dll" adapterTypeName="executor://nunit3testexecutor/" className="Microsoft.TypeSpec.Generator.Tests.Expressions.VariableExpressionTests" name="VariableExpressionWithoutRef" />
    </UnitTest>
    <UnitTest name="ImplicitOperatorMethodSignatureThrowsIfReturnTypeIsNull" storage="/home/runner/work/typespec/typespec/packages/http-client-csharp/generator/artifacts/bin/microsoft.typespec.generator.tests/debug/net8.0/microsoft.typespec.generator.tests.dll" id="b914f567-408b-f9a4-2318-41294179616b">
      <Execution id="424acd0f-abcc-4c6f-8a2d-bd1088234908" />
      <TestMethod codeBase="/home/runner/work/typespec/typespec/packages/http-client-csharp/generator/artifacts/bin/Microsoft.TypeSpec.Generator.Tests/Debug/net8.0/Microsoft.TypeSpec.Generator.Tests.dll" adapterTypeName="executor://nunit3testexecutor/" className="Microsoft.TypeSpec.Generator.Tests.Providers.MethodProviderTests" name="ImplicitOperatorMethodSignatureThrowsIfReturnTypeIsNull" />
    </UnitTest>
    <UnitTest name="TestIsCSharpKeyword(&quot;sealed&quot;,True)" storage="/home/runner/work/typespec/typespec/packages/http-client-csharp/generator/artifacts/bin/microsoft.typespec.generator.tests/debug/net8.0/microsoft.typespec.generator.tests.dll" id="2591579f-bb00-b03a-a482-62f784ac0bad">
      <Execution id="ffa90df1-8c83-495d-bde2-b6a18ecbdac8" />
      <TestMethod codeBase="/home/runner/work/typespec/typespec/packages/http-client-csharp/generator/artifacts/bin/Microsoft.TypeSpec.Generator.Tests/Debug/net8.0/Microsoft.TypeSpec.Generator.Tests.dll" adapterTypeName="executor://nunit3testexecutor/" className="Microsoft.TypeSpec.Generator.Tests.Utilities.StringExtensionsTests" name="TestIsCSharpKeyword(&quot;sealed&quot;,True)" />
    </UnitTest>
    <UnitTest name="TestIsCSharpKeyword(&quot;byte&quot;,True)" storage="/home/runner/work/typespec/typespec/packages/http-client-csharp/generator/artifacts/bin/microsoft.typespec.generator.tests/debug/net8.0/microsoft.typespec.generator.tests.dll" id="3cda19e1-59de-ba4e-e758-64eb15e58d14">
      <Execution id="3754c514-ccc6-4744-9c41-1c286e9a91be" />
      <TestMethod codeBase="/home/runner/work/typespec/typespec/packages/http-client-csharp/generator/artifacts/bin/Microsoft.TypeSpec.Generator.Tests/Debug/net8.0/Microsoft.TypeSpec.Generator.Tests.dll" adapterTypeName="executor://nunit3testexecutor/" className="Microsoft.TypeSpec.Generator.Tests.Utilities.StringExtensionsTests" name="TestIsCSharpKeyword(&quot;byte&quot;,True)" />
    </UnitTest>
    <UnitTest name="HashCodesAreNotEqual(System.Collections.Generic.IList`1[System.Int32],System.Collections.Generic.IList`1[T])" storage="/home/runner/work/typespec/typespec/packages/http-client-csharp/generator/artifacts/bin/microsoft.typespec.generator.tests/debug/net8.0/microsoft.typespec.generator.tests.dll" id="6483fdf4-0bed-466d-dfea-6ad36d9bfb4c">
      <Execution id="8fab1fe6-3a72-4e78-9d52-ae3eb598811d" />
      <TestMethod codeBase="/home/runner/work/typespec/typespec/packages/http-client-csharp/generator/artifacts/bin/Microsoft.TypeSpec.Generator.Tests/Debug/net8.0/Microsoft.TypeSpec.Generator.Tests.dll" adapterTypeName="executor://nunit3testexecutor/" className="Microsoft.TypeSpec.Generator.Tests.Primitives.CSharpTypeTests" name="HashCodesAreNotEqual(System.Collections.Generic.IList`1[System.Int32],System.Collections.Generic.IList`1[T])" />
    </UnitTest>
    <UnitTest name="UnknownVariantHasPetBase" storage="/home/runner/work/typespec/typespec/packages/http-client-csharp/generator/artifacts/bin/microsoft.typespec.generator.tests/debug/net8.0/microsoft.typespec.generator.tests.dll" id="dd29f2c4-275d-da53-83a7-e4d640caf277">
      <Execution id="29635b61-c5af-4f87-852f-a153dc7df358" />
      <TestMethod codeBase="/home/runner/work/typespec/typespec/packages/http-client-csharp/generator/artifacts/bin/Microsoft.TypeSpec.Generator.Tests/Debug/net8.0/Microsoft.TypeSpec.Generator.Tests.dll" adapterTypeName="executor://nunit3testexecutor/" className="Microsoft.TypeSpec.Generator.Tests.Providers.ModelProviders.DiscriminatorTests" name="UnknownVariantHasPetBase" />
    </UnitTest>
    <UnitTest name="AdditionalPropertiesParamShape" storage="/home/runner/work/typespec/typespec/packages/http-client-csharp/generator/artifacts/bin/microsoft.typespec.generator.tests/debug/net8.0/microsoft.typespec.generator.tests.dll" id="a3671b25-e736-7625-0c73-c0aba38c6de3">
      <Execution id="79f35a04-f159-4f9f-999b-2cd4df8b8b28" />
      <TestMethod codeBase="/home/runner/work/typespec/typespec/packages/http-client-csharp/generator/artifacts/bin/Microsoft.TypeSpec.Generator.Tests/Debug/net8.0/Microsoft.TypeSpec.Generator.Tests.dll" adapterTypeName="executor://nunit3testexecutor/" className="Microsoft.TypeSpec.Generator.Tests.Providers.ModelFactories.ModelFactoryProviderTests" name="AdditionalPropertiesParamShape" />
    </UnitTest>
    <UnitTest name="TestIsCSharpKeyword(&quot;in&quot;,True)" storage="/home/runner/work/typespec/typespec/packages/http-client-csharp/generator/artifacts/bin/microsoft.typespec.generator.tests/debug/net8.0/microsoft.typespec.generator.tests.dll" id="54646a39-c2a8-7dab-6bc2-8822d2e37c7a">
      <Execution id="90057ac3-4f6a-4c73-9932-6ea7e8781c23" />
      <TestMethod codeBase="/home/runner/work/typespec/typespec/packages/http-client-csharp/generator/artifacts/bin/Microsoft.TypeSpec.Generator.Tests/Debug/net8.0/Microsoft.TypeSpec.Generator.Tests.dll" adapterTypeName="executor://nunit3testexecutor/" className="Microsoft.TypeSpec.Generator.Tests.Utilities.StringExtensionsTests" name="TestIsCSharpKeyword(&quot;in&quot;,True)" />
    </UnitTest>
    <UnitTest name="AssertNotNull" storage="/home/runner/work/typespec/typespec/packages/http-client-csharp/generator/artifacts/bin/microsoft.typespec.generator.tests/debug/net8.0/microsoft.typespec.generator.tests.dll" id="19d767e5-20f1-fedf-7a8f-c8f1a86fdf3c">
      <Execution id="da20c238-f3c8-4d16-b1bd-56ac51dc2924" />
      <TestMethod codeBase="/home/runner/work/typespec/typespec/packages/http-client-csharp/generator/artifacts/bin/Microsoft.TypeSpec.Generator.Tests/Debug/net8.0/Microsoft.TypeSpec.Generator.Tests.dll" adapterTypeName="executor://nunit3testexecutor/" className="Microsoft.TypeSpec.Generator.Tests.Snippets.ArgumentSnippetsTests" name="AssertNotNull" />
    </UnitTest>
    <UnitTest name="ValidatePropertyTypes(System.ValueTuple`3[System.Collections.Generic.List`1[Microsoft.TypeSpec.Generator.Tests.PropertyType],System.String,System.Int32])" storage="/home/runner/work/typespec/typespec/packages/http-client-csharp/generator/artifacts/bin/microsoft.typespec.generator.tests/debug/net8.0/microsoft.typespec.generator.tests.dll" id="c716316b-4173-8c15-b7a2-0d312c5ddde0">
      <Execution id="96eec968-5b03-4b58-a387-f64dc0f54f9e" />
      <TestMethod codeBase="/home/runner/work/typespec/typespec/packages/http-client-csharp/generator/artifacts/bin/Microsoft.TypeSpec.Generator.Tests/Debug/net8.0/Microsoft.TypeSpec.Generator.Tests.dll" adapterTypeName="executor://nunit3testexecutor/" className="Microsoft.TypeSpec.Generator.Tests.Providers.NamedTypeSymbolProviders.NamedTypeSymbolProviderTests" name="ValidatePropertyTypes(System.ValueTuple`3[System.Collections.Generic.List`1[Microsoft.TypeSpec.Generator.Tests.PropertyType],System.String,System.Int32])" />
    </UnitTest>
    <UnitTest name="TypesAreNotEqual(System.Collections.Generic.IDictionary`2[System.Int32,System.String],System.Collections.Generic.Dictionary`2[System.Int32,System.String])" storage="/home/runner/work/typespec/typespec/packages/http-client-csharp/generator/artifacts/bin/microsoft.typespec.generator.tests/debug/net8.0/microsoft.typespec.generator.tests.dll" id="d6ec974b-6353-2efc-76e0-fff1e88333cb">
      <Execution id="5d1e3b50-71a8-4065-a535-22c5df2d3a34" />
      <TestMethod codeBase="/home/runner/work/typespec/typespec/packages/http-client-csharp/generator/artifacts/bin/Microsoft.TypeSpec.Generator.Tests/Debug/net8.0/Microsoft.TypeSpec.Generator.Tests.dll" adapterTypeName="executor://nunit3testexecutor/" className="Microsoft.TypeSpec.Generator.Tests.Primitives.CSharpTypeTests" name="TypesAreNotEqual(System.Collections.Generic.IDictionary`2[System.Int32,System.String],System.Collections.Generic.Dictionary`2[System.Int32,System.String])" />
    </UnitTest>
    <UnitTest name="TestToApiVersionValueWithCustomSeparator(&quot;V2024_01_01&quot;,&quot;_&quot;,&quot;2024_01_01&quot;)" storage="/home/runner/work/typespec/typespec/packages/http-client-csharp/generator/artifacts/bin/microsoft.typespec.generator.tests/debug/net8.0/microsoft.typespec.generator.tests.dll" id="a8baf934-7123-2b6e-5a99-f97458b8d9f1">
      <Execution id="f75bb24b-6c74-4dbe-943f-a9ace11bf749" />
      <TestMethod codeBase="/home/runner/work/typespec/typespec/packages/http-client-csharp/generator/artifacts/bin/Microsoft.TypeSpec.Generator.Tests/Debug/net8.0/Microsoft.TypeSpec.Generator.Tests.dll" adapterTypeName="executor://nunit3testexecutor/" className="Microsoft.TypeSpec.Generator.Tests.Utilities.StringExtensionsTests" name="TestToApiVersionValueWithCustomSeparator(&quot;V2024_01_01&quot;,&quot;_&quot;,&quot;2024_01_01&quot;)" />
    </UnitTest>
    <UnitTest name="TestBuildFields(True,False)" storage="/home/runner/work/typespec/typespec/packages/http-client-csharp/generator/artifacts/bin/microsoft.typespec.generator.tests/debug/net8.0/microsoft.typespec.generator.tests.dll" id="cd6e2b9e-9f67-f804-8b85-5013159a56e8">
      <Execution id="796f4b16-3ec4-435f-9ad0-e753e4da0617" />
      <TestMethod codeBase="/home/runner/work/typespec/typespec/packages/http-client-csharp/generator/artifacts/bin/Microsoft.TypeSpec.Generator.Tests/Debug/net8.0/Microsoft.TypeSpec.Generator.Tests.dll" adapterTypeName="executor://nunit3testexecutor/" className="Microsoft.TypeSpec.Generator.Tests.Providers.ModelProviders.ModelProviderTests" name="TestBuildFields(True,False)" />
    </UnitTest>
    <UnitTest name="TestBuildFields(False,True)" storage="/home/runner/work/typespec/typespec/packages/http-client-csharp/generator/artifacts/bin/microsoft.typespec.generator.tests/debug/net8.0/microsoft.typespec.generator.tests.dll" id="8dbe9241-7d5f-15da-b04a-1ada9b786356">
      <Execution id="a946015c-64f1-4063-ac6c-b91e127497c0" />
      <TestMethod codeBase="/home/runner/work/typespec/typespec/packages/http-client-csharp/generator/artifacts/bin/Microsoft.TypeSpec.Generator.Tests/Debug/net8.0/Microsoft.TypeSpec.Generator.Tests.dll" adapterTypeName="executor://nunit3testexecutor/" className="Microsoft.TypeSpec.Generator.Tests.Providers.ModelProviders.ModelProviderTests" name="TestBuildFields(False,True)" />
    </UnitTest>
    <UnitTest name="SystemTypeOperatorTestNotEqual(System.Collections.Generic.IList`1[System.Int32],System.Collections.Generic.IList`1[System.String])" storage="/home/runner/work/typespec/typespec/packages/http-client-csharp/generator/artifacts/bin/microsoft.typespec.generator.tests/debug/net8.0/microsoft.typespec.generator.tests.dll" id="56f1303c-bd77-d411-6f2f-5d70cb38dc56">
      <Execution id="3ee3b3d5-a622-4e0d-be69-b07cdb158c1e" />
      <TestMethod codeBase="/home/runner/work/typespec/typespec/packages/http-client-csharp/generator/artifacts/bin/Microsoft.TypeSpec.Generator.Tests/Debug/net8.0/Microsoft.TypeSpec.Generator.Tests.dll" adapterTypeName="executor://nunit3testexecutor/" className="Microsoft.TypeSpec.Generator.Tests.Expressions.ValueExpressionTests" name="SystemTypeOperatorTestNotEqual(System.Collections.Generic.IList`1[System.Int32],System.Collections.Generic.IList`1[System.String])" />
    </UnitTest>
    <UnitTest name="TestDownloadAndInstallPackage(True)" storage="/home/runner/work/typespec/typespec/packages/http-client-csharp/generator/artifacts/bin/microsoft.typespec.generator.tests/debug/net8.0/microsoft.typespec.generator.tests.dll" id="23153d45-25e8-2ed0-0a84-a9cd8065ee19">
      <Execution id="28c13cb9-8054-4f20-bea5-52dd03c6faaf" />
      <TestMethod codeBase="/home/runner/work/typespec/typespec/packages/http-client-csharp/generator/artifacts/bin/Microsoft.TypeSpec.Generator.Tests/Debug/net8.0/Microsoft.TypeSpec.Generator.Tests.dll" adapterTypeName="executor://nunit3testexecutor/" className="Microsoft.TypeSpec.Generator.Tests.Utilities.NugetPackageDownloaderTests" name="TestDownloadAndInstallPackage(True)" />
    </UnitTest>
    <UnitTest name="SystemTypeOperatorTestEqual(System.Boolean)" storage="/home/runner/work/typespec/typespec/packages/http-client-csharp/generator/artifacts/bin/microsoft.typespec.generator.tests/debug/net8.0/microsoft.typespec.generator.tests.dll" id="01843238-0d15-9fab-27fe-a2a41aee1839">
      <Execution id="ef58aa38-3762-4dec-9712-a47cdcc4e68b" />
      <TestMethod codeBase="/home/runner/work/typespec/typespec/packages/http-client-csharp/generator/artifacts/bin/Microsoft.TypeSpec.Generator.Tests/Debug/net8.0/Microsoft.TypeSpec.Generator.Tests.dll" adapterTypeName="executor://nunit3testexecutor/" className="Microsoft.TypeSpec.Generator.Tests.Expressions.ValueExpressionTests" name="SystemTypeOperatorTestEqual(System.Boolean)" />
    </UnitTest>
    <UnitTest name="IfStatementWithDefaultOptions" storage="/home/runner/work/typespec/typespec/packages/http-client-csharp/generator/artifacts/bin/microsoft.typespec.generator.tests/debug/net8.0/microsoft.typespec.generator.tests.dll" id="680db675-7d70-5c15-5383-abec258f0d3c">
      <Execution id="63f2d279-bf94-4795-b7d9-43116915377e" />
      <TestMethod codeBase="/home/runner/work/typespec/typespec/packages/http-client-csharp/generator/artifacts/bin/Microsoft.TypeSpec.Generator.Tests/Debug/net8.0/Microsoft.TypeSpec.Generator.Tests.dll" adapterTypeName="executor://nunit3testexecutor/" className="Microsoft.TypeSpec.Generator.Tests.Statements.StatementTests" name="IfStatementWithDefaultOptions" />
    </UnitTest>
    <UnitTest name="DictionaryExpression(System.Collections.Generic.IList`1[T],System.Collections.Generic.IList`1[System.Int32])" storage="/home/runner/work/typespec/typespec/packages/http-client-csharp/generator/artifacts/bin/microsoft.typespec.generator.tests/debug/net8.0/microsoft.typespec.generator.tests.dll" id="33ed9017-7e7c-361a-8faa-044865994803">
      <Execution id="0e53a5d0-4b2f-42ec-b01b-9aa41cdac91f" />
      <TestMethod codeBase="/home/runner/work/typespec/typespec/packages/http-client-csharp/generator/artifacts/bin/Microsoft.TypeSpec.Generator.Tests/Debug/net8.0/Microsoft.TypeSpec.Generator.Tests.dll" adapterTypeName="executor://nunit3testexecutor/" className="Microsoft.TypeSpec.Generator.Tests.Expressions.KnownValueExpressionsTests" name="DictionaryExpression(System.Collections.Generic.IList`1[T],System.Collections.Generic.IList`1[System.Int32])" />
    </UnitTest>
    <UnitTest name="SystemTypeOperatorTestEqual(System.Int32)" storage="/home/runner/work/typespec/typespec/packages/http-client-csharp/generator/artifacts/bin/microsoft.typespec.generator.tests/debug/net8.0/microsoft.typespec.generator.tests.dll" id="abf07fb5-5ca6-e6f4-25ba-9e3e6d7cf133">
      <Execution id="1eba90b8-24af-4ee7-b15a-78b839ccf4c9" />
      <TestMethod codeBase="/home/runner/work/typespec/typespec/packages/http-client-csharp/generator/artifacts/bin/Microsoft.TypeSpec.Generator.Tests/Debug/net8.0/Microsoft.TypeSpec.Generator.Tests.dll" adapterTypeName="executor://nunit3testexecutor/" className="Microsoft.TypeSpec.Generator.Tests.Expressions.ValueExpressionTests" name="SystemTypeOperatorTestEqual(System.Int32)" />
    </UnitTest>
    <UnitTest name="TestToApiVersionValueWithCustomSeparator(&quot;V1_2_3&quot;,&quot;/&quot;,&quot;1/2/3&quot;)" storage="/home/runner/work/typespec/typespec/packages/http-client-csharp/generator/artifacts/bin/microsoft.typespec.generator.tests/debug/net8.0/microsoft.typespec.generator.tests.dll" id="466caf75-9147-2919-3448-981a8ec4c4ac">
      <Execution id="16209b6b-2b25-4f8b-82fe-75a75dfb73f7" />
      <TestMethod codeBase="/home/runner/work/typespec/typespec/packages/http-client-csharp/generator/artifacts/bin/Microsoft.TypeSpec.Generator.Tests/Debug/net8.0/Microsoft.TypeSpec.Generator.Tests.dll" adapterTypeName="executor://nunit3testexecutor/" className="Microsoft.TypeSpec.Generator.Tests.Utilities.StringExtensionsTests" name="TestToApiVersionValueWithCustomSeparator(&quot;V1_2_3&quot;,&quot;/&quot;,&quot;1/2/3&quot;)" />
    </UnitTest>
    <UnitTest name="ListExpression(System.Collections.Generic.IList`1[T])" storage="/home/runner/work/typespec/typespec/packages/http-client-csharp/generator/artifacts/bin/microsoft.typespec.generator.tests/debug/net8.0/microsoft.typespec.generator.tests.dll" id="1fdb4f22-5a36-01a8-1855-f965a4a85cda">
      <Execution id="e151dc1e-907c-4504-85d2-38a4bedcc588" />
      <TestMethod codeBase="/home/runner/work/typespec/typespec/packages/http-client-csharp/generator/artifacts/bin/Microsoft.TypeSpec.Generator.Tests/Debug/net8.0/Microsoft.TypeSpec.Generator.Tests.dll" adapterTypeName="executor://nunit3testexecutor/" className="Microsoft.TypeSpec.Generator.Tests.Expressions.KnownValueExpressionsTests" name="ListExpression(System.Collections.Generic.IList`1[T])" />
    </UnitTest>
    <UnitTest name="ExtensibleStringEnumType" storage="/home/runner/work/typespec/typespec/packages/http-client-csharp/generator/artifacts/bin/microsoft.typespec.generator.tests/debug/net8.0/microsoft.typespec.generator.tests.dll" id="660a7022-b9e5-687f-481d-9421a8a5b037">
      <Execution id="95b204ad-f9ba-4f50-beac-28ffebc3c5ba" />
      <TestMethod codeBase="/home/runner/work/typespec/typespec/packages/http-client-csharp/generator/artifacts/bin/Microsoft.TypeSpec.Generator.Tests/Debug/net8.0/Microsoft.TypeSpec.Generator.Tests.dll" adapterTypeName="executor://nunit3testexecutor/" className="Microsoft.TypeSpec.Generator.Tests.TypeFactoryTests" name="ExtensibleStringEnumType" />
    </UnitTest>
    <UnitTest name="AttributeStatementWithNamedArguments" storage="/home/runner/work/typespec/typespec/packages/http-client-csharp/generator/artifacts/bin/microsoft.typespec.generator.tests/debug/net8.0/microsoft.typespec.generator.tests.dll" id="aadbf138-cb2d-aacd-56b6-6bc70de2458c">
      <Execution id="f006a4d9-c0fd-4b40-a713-8e46d43e7e02" />
      <TestMethod codeBase="/home/runner/work/typespec/typespec/packages/http-client-csharp/generator/artifacts/bin/Microsoft.TypeSpec.Generator.Tests/Debug/net8.0/Microsoft.TypeSpec.Generator.Tests.dll" adapterTypeName="executor://nunit3testexecutor/" className="Microsoft.TypeSpec.Generator.Tests.Statements.AttributeStatementTests" name="AttributeStatementWithNamedArguments" />
    </UnitTest>
    <UnitTest name="SeeCRefType(System.Collections.Generic.KeyValuePair`2[System.Int32,System.String],True)" storage="/home/runner/work/typespec/typespec/packages/http-client-csharp/generator/artifacts/bin/microsoft.typespec.generator.tests/debug/net8.0/microsoft.typespec.generator.tests.dll" id="c72aeb4d-0dde-4a3e-8524-1f70b6a178f3">
      <Execution id="f95a8281-e4a3-4bd0-bd60-368d287665d5" />
      <TestMethod codeBase="/home/runner/work/typespec/typespec/packages/http-client-csharp/generator/artifacts/bin/Microsoft.TypeSpec.Generator.Tests/Debug/net8.0/Microsoft.TypeSpec.Generator.Tests.dll" adapterTypeName="executor://nunit3testexecutor/" className="Microsoft.TypeSpec.Generator.Tests.Writers.CodeWriterTests" name="SeeCRefType(System.Collections.Generic.KeyValuePair`2[System.Int32,System.String],True)" />
    </UnitTest>
    <UnitTest name="TestIsCSharpKeyword(&quot;void&quot;,True)" storage="/home/runner/work/typespec/typespec/packages/http-client-csharp/generator/artifacts/bin/microsoft.typespec.generator.tests/debug/net8.0/microsoft.typespec.generator.tests.dll" id="aa77dcb4-629c-c970-35f0-7c6df7feae23">
      <Execution id="db00af2d-3b85-4df5-bdc4-2436a41a651b" />
      <TestMethod codeBase="/home/runner/work/typespec/typespec/packages/http-client-csharp/generator/artifacts/bin/Microsoft.TypeSpec.Generator.Tests/Debug/net8.0/Microsoft.TypeSpec.Generator.Tests.dll" adapterTypeName="executor://nunit3testexecutor/" className="Microsoft.TypeSpec.Generator.Tests.Utilities.StringExtensionsTests" name="TestIsCSharpKeyword(&quot;void&quot;,True)" />
    </UnitTest>
    <UnitTest name="TestDoWhileStatement" storage="/home/runner/work/typespec/typespec/packages/http-client-csharp/generator/artifacts/bin/microsoft.typespec.generator.tests/debug/net8.0/microsoft.typespec.generator.tests.dll" id="b925c03c-3e11-1e83-cdd0-43a44262035e">
      <Execution id="59fa3926-4377-4942-b67b-2fbcab004e5b" />
      <TestMethod codeBase="/home/runner/work/typespec/typespec/packages/http-client-csharp/generator/artifacts/bin/Microsoft.TypeSpec.Generator.Tests/Debug/net8.0/Microsoft.TypeSpec.Generator.Tests.dll" adapterTypeName="executor://nunit3testexecutor/" className="Microsoft.TypeSpec.Generator.Tests.Statements.StatementTests" name="TestDoWhileStatement" />
    </UnitTest>
    <UnitTest name="UnreferencedTypeHandling(&quot;removeOrInternalize&quot;)" storage="/home/runner/work/typespec/typespec/packages/http-client-csharp/generator/artifacts/bin/microsoft.typespec.generator.tests/debug/net8.0/microsoft.typespec.generator.tests.dll" id="3f6f6f9e-8d6b-5b7c-97fa-e5fcc084c74f">
      <Execution id="aab8b93c-8c05-4fc6-ae56-51e252f7eb5a" />
      <TestMethod codeBase="/home/runner/work/typespec/typespec/packages/http-client-csharp/generator/artifacts/bin/Microsoft.TypeSpec.Generator.Tests/Debug/net8.0/Microsoft.TypeSpec.Generator.Tests.dll" adapterTypeName="executor://nunit3testexecutor/" className="Microsoft.TypeSpec.Generator.Tests.ConfigurationTests" name="UnreferencedTypeHandling(&quot;removeOrInternalize&quot;)" />
    </UnitTest>
    <UnitTest name="CanUpdateSwitchStatement" storage="/home/runner/work/typespec/typespec/packages/http-client-csharp/generator/artifacts/bin/microsoft.typespec.generator.tests/debug/net8.0/microsoft.typespec.generator.tests.dll" id="36772fb5-fc9c-f8d7-9432-25b80df59621">
      <Execution id="1f44d8a3-4152-4505-ab4a-65731bdae7a4" />
      <TestMethod codeBase="/home/runner/work/typespec/typespec/packages/http-client-csharp/generator/artifacts/bin/Microsoft.TypeSpec.Generator.Tests/Debug/net8.0/Microsoft.TypeSpec.Generator.Tests.dll" adapterTypeName="executor://nunit3testexecutor/" className="Microsoft.TypeSpec.Generator.Tests.Statements.StatementVisitorTests" name="CanUpdateSwitchStatement" />
    </UnitTest>
    <UnitTest name="NonFrameworkTypeEqualsEquivalentFrameworkType(System.String[])" storage="/home/runner/work/typespec/typespec/packages/http-client-csharp/generator/artifacts/bin/microsoft.typespec.generator.tests/debug/net8.0/microsoft.typespec.generator.tests.dll" id="e3aa2b3a-2115-a524-d4fb-137c0c750156">
      <Execution id="73249761-1099-4299-8b08-408378ba4820" />
      <TestMethod codeBase="/home/runner/work/typespec/typespec/packages/http-client-csharp/generator/artifacts/bin/Microsoft.TypeSpec.Generator.Tests/Debug/net8.0/Microsoft.TypeSpec.Generator.Tests.dll" adapterTypeName="executor://nunit3testexecutor/" className="Microsoft.TypeSpec.Generator.Tests.Primitives.CSharpTypeTests" name="NonFrameworkTypeEqualsEquivalentFrameworkType(System.String[])" />
    </UnitTest>
    <UnitTest name="CanCustomizePropertyIntoReadOnlyMemory" storage="/home/runner/work/typespec/typespec/packages/http-client-csharp/generator/artifacts/bin/microsoft.typespec.generator.tests/debug/net8.0/microsoft.typespec.generator.tests.dll" id="e17d0d65-c0f5-823b-3b4b-8a272abd951c">
      <Execution id="44b5ab66-a060-4866-91a3-22bb5763e489" />
      <TestMethod codeBase="/home/runner/work/typespec/typespec/packages/http-client-csharp/generator/artifacts/bin/Microsoft.TypeSpec.Generator.Tests/Debug/net8.0/Microsoft.TypeSpec.Generator.Tests.dll" adapterTypeName="executor://nunit3testexecutor/" className="Microsoft.TypeSpec.Generator.Tests.Providers.ModelProviders.ModelCustomizationTests" name="CanCustomizePropertyIntoReadOnlyMemory" />
    </UnitTest>
    <UnitTest name="UndefinedByDefault" storage="/home/runner/work/typespec/typespec/packages/http-client-csharp/generator/artifacts/bin/microsoft.typespec.generator.tests/debug/net8.0/microsoft.typespec.generator.tests.dll" id="6cba2c50-94ed-d513-411c-1dad5e4670fc">
      <Execution id="5a8cac68-9b2a-472c-8834-8ad1c16f0fa6" />
      <TestMethod codeBase="/home/runner/work/typespec/typespec/packages/http-client-csharp/generator/artifacts/bin/Microsoft.TypeSpec.Generator.Tests/Debug/net8.0/Microsoft.TypeSpec.Generator.Tests.dll" adapterTypeName="executor://nunit3testexecutor/" className="Microsoft.TypeSpec.Generator.Tests.Providers.ChangeTrackingListTest" name="UndefinedByDefault" />
    </UnitTest>
    <UnitTest name="ListExpression(System.Collections.Generic.IDictionary`2[TKey,TValue])" storage="/home/runner/work/typespec/typespec/packages/http-client-csharp/generator/artifacts/bin/microsoft.typespec.generator.tests/debug/net8.0/microsoft.typespec.generator.tests.dll" id="e0067154-4a91-34dc-2b59-0dc5f5ca0f7e">
      <Execution id="64a9ee5b-2f9f-4f61-a3f2-f01ad55d1ba1" />
      <TestMethod codeBase="/home/runner/work/typespec/typespec/packages/http-client-csharp/generator/artifacts/bin/Microsoft.TypeSpec.Generator.Tests/Debug/net8.0/Microsoft.TypeSpec.Generator.Tests.dll" adapterTypeName="executor://nunit3testexecutor/" className="Microsoft.TypeSpec.Generator.Tests.Expressions.KnownValueExpressionsTests" name="ListExpression(System.Collections.Generic.IDictionary`2[TKey,TValue])" />
    </UnitTest>
    <UnitTest name="IsReadWriteDictionary(System.Collections.Generic.IReadOnlyDictionary`2[TKey,TValue],False)" storage="/home/runner/work/typespec/typespec/packages/http-client-csharp/generator/artifacts/bin/microsoft.typespec.generator.tests/debug/net8.0/microsoft.typespec.generator.tests.dll" id="e4116b0b-4cab-b6e9-91e8-e18464a3f1c5">
      <Execution id="917323c0-82be-4191-a8c4-9855597035bc" />
      <TestMethod codeBase="/home/runner/work/typespec/typespec/packages/http-client-csharp/generator/artifacts/bin/Microsoft.TypeSpec.Generator.Tests/Debug/net8.0/Microsoft.TypeSpec.Generator.Tests.dll" adapterTypeName="executor://nunit3testexecutor/" className="Microsoft.TypeSpec.Generator.Tests.Primitives.CSharpTypeTests" name="IsReadWriteDictionary(System.Collections.Generic.IReadOnlyDictionary`2[TKey,TValue],False)" />
    </UnitTest>
    <UnitTest name="TestToApiVersionValueWithPrefixAndSeparator(&quot;V1_0_0&quot;,&quot;v&quot;,&quot;.&quot;,&quot;v1.0.0&quot;)" storage="/home/runner/work/typespec/typespec/packages/http-client-csharp/generator/artifacts/bin/microsoft.typespec.generator.tests/debug/net8.0/microsoft.typespec.generator.tests.dll" id="1969ceb8-602a-924c-92ca-c1dd100f12af">
      <Execution id="dd5fc7b3-c876-4a7c-b03c-c3f729767532" />
      <TestMethod codeBase="/home/runner/work/typespec/typespec/packages/http-client-csharp/generator/artifacts/bin/Microsoft.TypeSpec.Generator.Tests/Debug/net8.0/Microsoft.TypeSpec.Generator.Tests.dll" adapterTypeName="executor://nunit3testexecutor/" className="Microsoft.TypeSpec.Generator.Tests.Utilities.StringExtensionsTests" name="TestToApiVersionValueWithPrefixAndSeparator(&quot;V1_0_0&quot;,&quot;v&quot;,&quot;.&quot;,&quot;v1.0.0&quot;)" />
    </UnitTest>
    <UnitTest name="Equals(Microsoft.TypeSpec.Generator.Providers.ParameterProvider,Microsoft.TypeSpec.Generator.Providers.ParameterProvider,True)" storage="/home/runner/work/typespec/typespec/packages/http-client-csharp/generator/artifacts/bin/microsoft.typespec.generator.tests/debug/net8.0/microsoft.typespec.generator.tests.dll" id="eb783c97-e276-1c62-fa4b-42372d4256f9">
      <Execution id="4b6fe10c-1044-4ce1-8a34-7ed97ba43c2d" />
      <TestMethod codeBase="/home/runner/work/typespec/typespec/packages/http-client-csharp/generator/artifacts/bin/Microsoft.TypeSpec.Generator.Tests/Debug/net8.0/Microsoft.TypeSpec.Generator.Tests.dll" adapterTypeName="executor://nunit3testexecutor/" className="Microsoft.TypeSpec.Generator.Tests.Providers.ParameterProviderTests" name="Equals(Microsoft.TypeSpec.Generator.Providers.ParameterProvider,Microsoft.TypeSpec.Generator.Providers.ParameterProvider,True)" />
    </UnitTest>
    <UnitTest name="TestIsCSharpKeyword(&quot;base&quot;,True)" storage="/home/runner/work/typespec/typespec/packages/http-client-csharp/generator/artifacts/bin/microsoft.typespec.generator.tests/debug/net8.0/microsoft.typespec.generator.tests.dll" id="52e83c3f-2bec-88c9-7c60-dae6bc617340">
      <Execution id="55411999-dda0-499f-b3ad-cccda14c8371" />
      <TestMethod codeBase="/home/runner/work/typespec/typespec/packages/http-client-csharp/generator/artifacts/bin/Microsoft.TypeSpec.Generator.Tests/Debug/net8.0/Microsoft.TypeSpec.Generator.Tests.dll" adapterTypeName="executor://nunit3testexecutor/" className="Microsoft.TypeSpec.Generator.Tests.Utilities.StringExtensionsTests" name="TestIsCSharpKeyword(&quot;base&quot;,True)" />
    </UnitTest>
    <UnitTest name="DictionaryExpression(System.Collections.Generic.IList`1[System.Int32],System.Collections.Generic.ICollection`1[System.Int32])" storage="/home/runner/work/typespec/typespec/packages/http-client-csharp/generator/artifacts/bin/microsoft.typespec.generator.tests/debug/net8.0/microsoft.typespec.generator.tests.dll" id="a14652c6-fdd8-386f-4941-8b34becaae32">
      <Execution id="19fb0be0-94ab-46f8-97c5-a8af76a26a80" />
      <TestMethod codeBase="/home/runner/work/typespec/typespec/packages/http-client-csharp/generator/artifacts/bin/Microsoft.TypeSpec.Generator.Tests/Debug/net8.0/Microsoft.TypeSpec.Generator.Tests.dll" adapterTypeName="executor://nunit3testexecutor/" className="Microsoft.TypeSpec.Generator.Tests.Expressions.KnownValueExpressionsTests" name="DictionaryExpression(System.Collections.Generic.IList`1[System.Int32],System.Collections.Generic.ICollection`1[System.Int32])" />
    </UnitTest>
    <UnitTest name="TypesAreNotEqual(System.Int32,System.String)" storage="/home/runner/work/typespec/typespec/packages/http-client-csharp/generator/artifacts/bin/microsoft.typespec.generator.tests/debug/net8.0/microsoft.typespec.generator.tests.dll" id="fadbdbac-e482-4c2f-a41c-8efb1b08e4bb">
      <Execution id="993bdb09-4cfd-404e-a59c-e0425d8a0efa" />
      <TestMethod codeBase="/home/runner/work/typespec/typespec/packages/http-client-csharp/generator/artifacts/bin/Microsoft.TypeSpec.Generator.Tests/Debug/net8.0/Microsoft.TypeSpec.Generator.Tests.dll" adapterTypeName="executor://nunit3testexecutor/" className="Microsoft.TypeSpec.Generator.Tests.Primitives.CSharpTypeTests" name="TypesAreNotEqual(System.Int32,System.String)" />
    </UnitTest>
    <UnitTest name="TestBuildProperties_ValidatePropertySetters(Microsoft.TypeSpec.Generator.Input.InputModelProperty,global::System.Collections.Generic.IReadOnlyList&lt;string&gt;,False)" storage="/home/runner/work/typespec/typespec/packages/http-client-csharp/generator/artifacts/bin/microsoft.typespec.generator.tests/debug/net8.0/microsoft.typespec.generator.tests.dll" id="b6fa813b-230f-c96a-8dbd-f2bf0543fc9a">
      <Execution id="92206e5e-2b47-4691-807d-110df7d8159b" />
      <TestMethod codeBase="/home/runner/work/typespec/typespec/packages/http-client-csharp/generator/artifacts/bin/Microsoft.TypeSpec.Generator.Tests/Debug/net8.0/Microsoft.TypeSpec.Generator.Tests.dll" adapterTypeName="executor://nunit3testexecutor/" className="Microsoft.TypeSpec.Generator.Tests.Providers.ModelProviders.ModelProviderTests" name="TestBuildProperties_ValidatePropertySetters(Microsoft.TypeSpec.Generator.Input.InputModelProperty,global::System.Collections.Generic.IReadOnlyList&lt;string&gt;,False)" />
    </UnitTest>
    <UnitTest name="VariableExpressionWithRef" storage="/home/runner/work/typespec/typespec/packages/http-client-csharp/generator/artifacts/bin/microsoft.typespec.generator.tests/debug/net8.0/microsoft.typespec.generator.tests.dll" id="681f0015-fec7-0905-a553-b0e79b4d8d7f">
      <Execution id="5c7d1af5-79c4-4b42-9018-b657a5f22b00" />
      <TestMethod codeBase="/home/runner/work/typespec/typespec/packages/http-client-csharp/generator/artifacts/bin/Microsoft.TypeSpec.Generator.Tests/Debug/net8.0/Microsoft.TypeSpec.Generator.Tests.dll" adapterTypeName="executor://nunit3testexecutor/" className="Microsoft.TypeSpec.Generator.Tests.Expressions.VariableExpressionTests" name="VariableExpressionWithRef" />
    </UnitTest>
    <UnitTest name="CanUpdatePropertyProvider" storage="/home/runner/work/typespec/typespec/packages/http-client-csharp/generator/artifacts/bin/microsoft.typespec.generator.tests/debug/net8.0/microsoft.typespec.generator.tests.dll" id="689d3c83-8152-0cff-faf9-9f0f3389c334">
      <Execution id="4a3a1d59-7f52-4698-90bb-b2c0c9f852e8" />
      <TestMethod codeBase="/home/runner/work/typespec/typespec/packages/http-client-csharp/generator/artifacts/bin/Microsoft.TypeSpec.Generator.Tests/Debug/net8.0/Microsoft.TypeSpec.Generator.Tests.dll" adapterTypeName="executor://nunit3testexecutor/" className="Microsoft.TypeSpec.Generator.Tests.Providers.PropertyProviderTests" name="CanUpdatePropertyProvider" />
    </UnitTest>
    <UnitTest name="CodeWriter_WriteProperty_ExpressionBody_WithExplicitInterface" storage="/home/runner/work/typespec/typespec/packages/http-client-csharp/generator/artifacts/bin/microsoft.typespec.generator.tests/debug/net8.0/microsoft.typespec.generator.tests.dll" id="c38ca7fb-221e-789a-b35a-4962e2d383a8">
      <Execution id="d1c9bb15-9840-4d01-b742-bf81664655e3" />
      <TestMethod codeBase="/home/runner/work/typespec/typespec/packages/http-client-csharp/generator/artifacts/bin/Microsoft.TypeSpec.Generator.Tests/Debug/net8.0/Microsoft.TypeSpec.Generator.Tests.dll" adapterTypeName="executor://nunit3testexecutor/" className="Microsoft.TypeSpec.Generator.Tests.Writers.CodeWriterTests" name="CodeWriter_WriteProperty_ExpressionBody_WithExplicitInterface" />
    </UnitTest>
    <UnitTest name="TestIsCSharpKeyword(&quot;break&quot;,True)" storage="/home/runner/work/typespec/typespec/packages/http-client-csharp/generator/artifacts/bin/microsoft.typespec.generator.tests/debug/net8.0/microsoft.typespec.generator.tests.dll" id="f488b9a4-b789-7988-0526-71e40f53c221">
      <Execution id="23fe6a57-2631-4a0c-bcae-5df13a120065" />
      <TestMethod codeBase="/home/runner/work/typespec/typespec/packages/http-client-csharp/generator/artifacts/bin/Microsoft.TypeSpec.Generator.Tests/Debug/net8.0/Microsoft.TypeSpec.Generator.Tests.dll" adapterTypeName="executor://nunit3testexecutor/" className="Microsoft.TypeSpec.Generator.Tests.Utilities.StringExtensionsTests" name="TestIsCSharpKeyword(&quot;break&quot;,True)" />
    </UnitTest>
    <UnitTest name="ScopeStoredTwiceInNestedBlock" storage="/home/runner/work/typespec/typespec/packages/http-client-csharp/generator/artifacts/bin/microsoft.typespec.generator.tests/debug/net8.0/microsoft.typespec.generator.tests.dll" id="132b2b53-d44e-8789-c425-fe7fc1e38244">
      <Execution id="f69301e4-1e3b-4952-a99d-fc637d329d46" />
      <TestMethod codeBase="/home/runner/work/typespec/typespec/packages/http-client-csharp/generator/artifacts/bin/Microsoft.TypeSpec.Generator.Tests/Debug/net8.0/Microsoft.TypeSpec.Generator.Tests.dll" adapterTypeName="executor://nunit3testexecutor/" className="Microsoft.TypeSpec.Generator.Tests.Writers.CodeWriterDeclarationTests" name="ScopeStoredTwiceInNestedBlock" />
    </UnitTest>
    <UnitTest name="CanChangeToStruct()" storage="/home/runner/work/typespec/typespec/packages/http-client-csharp/generator/artifacts/bin/microsoft.typespec.generator.tests/debug/net8.0/microsoft.typespec.generator.tests.dll" id="41a8b570-2cd7-f1c5-8cce-3304a7315d93">
      <Execution id="b779e621-5d7e-4e9f-a33b-ae051a80857c" />
      <TestMethod codeBase="/home/runner/work/typespec/typespec/packages/http-client-csharp/generator/artifacts/bin/Microsoft.TypeSpec.Generator.Tests/Debug/net8.0/Microsoft.TypeSpec.Generator.Tests.dll" adapterTypeName="executor://nunit3testexecutor/" className="Microsoft.TypeSpec.Generator.Tests.Providers.ModelProviders.ModelCustomizationTests" name="CanChangeToStruct()" />
    </UnitTest>
    <UnitTest name="TestParseVersionString(&quot;1.0.0.0-beta.1&quot;,&quot;1.0.0-beta.1&quot;,1.0.0-beta.1,False)" storage="/home/runner/work/typespec/typespec/packages/http-client-csharp/generator/artifacts/bin/microsoft.typespec.generator.tests/debug/net8.0/microsoft.typespec.generator.tests.dll" id="a1548790-4891-1ac9-dde6-2a20e441f625">
      <Execution id="67e3b3cb-64e5-4ccb-ac20-14d07c248e90" />
      <TestMethod codeBase="/home/runner/work/typespec/typespec/packages/http-client-csharp/generator/artifacts/bin/Microsoft.TypeSpec.Generator.Tests/Debug/net8.0/Microsoft.TypeSpec.Generator.Tests.dll" adapterTypeName="executor://nunit3testexecutor/" className="Microsoft.TypeSpec.Generator.Tests.Utilities.NugetPackageDownloaderTests" name="TestParseVersionString(&quot;1.0.0.0-beta.1&quot;,&quot;1.0.0-beta.1&quot;,1.0.0-beta.1,False)" />
    </UnitTest>
    <UnitTest name="DoesNotVisitConstructorsWhenTypeIsNulledOut" storage="/home/runner/work/typespec/typespec/packages/http-client-csharp/generator/artifacts/bin/microsoft.typespec.generator.tests/debug/net8.0/microsoft.typespec.generator.tests.dll" id="e83dff0e-bd53-1b60-eee1-9ed21bff1027">
      <Execution id="5c2461d6-51be-4ea5-af55-86fcf1539524" />
      <TestMethod codeBase="/home/runner/work/typespec/typespec/packages/http-client-csharp/generator/artifacts/bin/Microsoft.TypeSpec.Generator.Tests/Debug/net8.0/Microsoft.TypeSpec.Generator.Tests.dll" adapterTypeName="executor://nunit3testexecutor/" className="Microsoft.TypeSpec.Generator.Tests.OutputLibraryVisitorTests" name="DoesNotVisitConstructorsWhenTypeIsNulledOut" />
    </UnitTest>
    <UnitTest name="TestBreakLines_LiteralOpenAndCloseBrace" storage="/home/runner/work/typespec/typespec/packages/http-client-csharp/generator/artifacts/bin/microsoft.typespec.generator.tests/debug/net8.0/microsoft.typespec.generator.tests.dll" id="86260b11-31a2-c0bf-b9cd-f2bbf9751145">
      <Execution id="9b7229a1-ceef-473e-b545-482844843618" />
      <TestMethod codeBase="/home/runner/work/typespec/typespec/packages/http-client-csharp/generator/artifacts/bin/Microsoft.TypeSpec.Generator.Tests/Debug/net8.0/Microsoft.TypeSpec.Generator.Tests.dll" adapterTypeName="executor://nunit3testexecutor/" className="Microsoft.TypeSpec.Generator.Tests.Utilities.FormattableStringHelpersTests" name="TestBreakLines_LiteralOpenAndCloseBrace" />
    </UnitTest>
    <UnitTest name="CodeWriter_WriteProperty_ExpressionBody" storage="/home/runner/work/typespec/typespec/packages/http-client-csharp/generator/artifacts/bin/microsoft.typespec.generator.tests/debug/net8.0/microsoft.typespec.generator.tests.dll" id="7dcecb19-e03f-ca26-f49c-22f6c7ef82e3">
      <Execution id="a7e10745-ec7c-4dc4-a331-f105bad28a03" />
      <TestMethod codeBase="/home/runner/work/typespec/typespec/packages/http-client-csharp/generator/artifacts/bin/Microsoft.TypeSpec.Generator.Tests/Debug/net8.0/Microsoft.TypeSpec.Generator.Tests.dll" adapterTypeName="executor://nunit3testexecutor/" className="Microsoft.TypeSpec.Generator.Tests.Writers.CodeWriterTests" name="CodeWriter_WriteProperty_ExpressionBody" />
    </UnitTest>
    <UnitTest name="DisableDocsForType" storage="/home/runner/work/typespec/typespec/packages/http-client-csharp/generator/artifacts/bin/microsoft.typespec.generator.tests/debug/net8.0/microsoft.typespec.generator.tests.dll" id="0c23041d-c653-bb0d-7faf-563309162fe4">
      <Execution id="14ab7e5e-37c7-4533-ae32-df5ed76f4778" />
      <TestMethod codeBase="/home/runner/work/typespec/typespec/packages/http-client-csharp/generator/artifacts/bin/Microsoft.TypeSpec.Generator.Tests/Debug/net8.0/Microsoft.TypeSpec.Generator.Tests.dll" adapterTypeName="executor://nunit3testexecutor/" className="Microsoft.TypeSpec.Generator.Tests.ConfigurationTests" name="DisableDocsForType" />
    </UnitTest>
    <UnitTest name="NonFrameworkTypeEqualsEquivalentFrameworkType(System.String)" storage="/home/runner/work/typespec/typespec/packages/http-client-csharp/generator/artifacts/bin/microsoft.typespec.generator.tests/debug/net8.0/microsoft.typespec.generator.tests.dll" id="4e187832-e6d7-274e-de18-d6e472e9c8b8">
      <Execution id="c13f2562-51bc-4366-a1eb-f6209a14e97d" />
      <TestMethod codeBase="/home/runner/work/typespec/typespec/packages/http-client-csharp/generator/artifacts/bin/Microsoft.TypeSpec.Generator.Tests/Debug/net8.0/Microsoft.TypeSpec.Generator.Tests.dll" adapterTypeName="executor://nunit3testexecutor/" className="Microsoft.TypeSpec.Generator.Tests.Primitives.CSharpTypeTests" name="NonFrameworkTypeEqualsEquivalentFrameworkType(System.String)" />
    </UnitTest>
    <UnitTest name="CreateSameEnum" storage="/home/runner/work/typespec/typespec/packages/http-client-csharp/generator/artifacts/bin/microsoft.typespec.generator.tests/debug/net8.0/microsoft.typespec.generator.tests.dll" id="b3dd3cff-c586-d5fd-aa58-8c389c726f95">
      <Execution id="7c8722f2-2dd8-4513-929a-1f19ea822865" />
      <TestMethod codeBase="/home/runner/work/typespec/typespec/packages/http-client-csharp/generator/artifacts/bin/Microsoft.TypeSpec.Generator.Tests/Debug/net8.0/Microsoft.TypeSpec.Generator.Tests.dll" adapterTypeName="executor://nunit3testexecutor/" className="Microsoft.TypeSpec.Generator.Tests.TypeFactoryTests" name="CreateSameEnum" />
    </UnitTest>
    <UnitTest name="CorrectlyHandlesCurlyBraces" storage="/home/runner/work/typespec/typespec/packages/http-client-csharp/generator/artifacts/bin/microsoft.typespec.generator.tests/debug/net8.0/microsoft.typespec.generator.tests.dll" id="78071e57-0f3f-0eb8-0f70-0a63091fc8ea">
      <Execution id="870947b1-d988-4a83-8e91-98cf4aebf956" />
      <TestMethod codeBase="/home/runner/work/typespec/typespec/packages/http-client-csharp/generator/artifacts/bin/Microsoft.TypeSpec.Generator.Tests/Debug/net8.0/Microsoft.TypeSpec.Generator.Tests.dll" adapterTypeName="executor://nunit3testexecutor/" className="Microsoft.TypeSpec.Generator.Tests.Writers.CodeWriterTests" name="CorrectlyHandlesCurlyBraces" />
    </UnitTest>
    <UnitTest name="IsArray(System.ReadOnlyMemory`1[T],False)" storage="/home/runner/work/typespec/typespec/packages/http-client-csharp/generator/artifacts/bin/microsoft.typespec.generator.tests/debug/net8.0/microsoft.typespec.generator.tests.dll" id="af410c3c-f253-5fd0-9db8-de46a7d0f5fe">
      <Execution id="42a54a57-c4dd-47a4-8f2a-c19b9ffc187d" />
      <TestMethod codeBase="/home/runner/work/typespec/typespec/packages/http-client-csharp/generator/artifacts/bin/Microsoft.TypeSpec.Generator.Tests/Debug/net8.0/Microsoft.TypeSpec.Generator.Tests.dll" adapterTypeName="executor://nunit3testexecutor/" className="Microsoft.TypeSpec.Generator.Tests.Primitives.CSharpTypeTests" name="IsArray(System.ReadOnlyMemory`1[T],False)" />
    </UnitTest>
    <UnitTest name="IntSerializationFormat(UInt16,null)" storage="/home/runner/work/typespec/typespec/packages/http-client-csharp/generator/artifacts/bin/microsoft.typespec.generator.tests/debug/net8.0/microsoft.typespec.generator.tests.dll" id="c919db04-6c42-7f3d-0e7b-2e5f9ca8157a">
      <Execution id="f5d685c8-b671-4951-99a3-87d8b0a54234" />
      <TestMethod codeBase="/home/runner/work/typespec/typespec/packages/http-client-csharp/generator/artifacts/bin/Microsoft.TypeSpec.Generator.Tests/Debug/net8.0/Microsoft.TypeSpec.Generator.Tests.dll" adapterTypeName="executor://nunit3testexecutor/" className="Microsoft.TypeSpec.Generator.Tests.TypeFactoryTests" name="IntSerializationFormat(UInt16,null)" />
    </UnitTest>
    <UnitTest name="TestBuildConstructor_ValidateConstructorsInDerivedModel" storage="/home/runner/work/typespec/typespec/packages/http-client-csharp/generator/artifacts/bin/microsoft.typespec.generator.tests/debug/net8.0/microsoft.typespec.generator.tests.dll" id="aef7c318-9887-3e82-6908-075bf1e38c39">
      <Execution id="8d2c1dd2-1c05-49a3-820a-ec4afb5ad0a7" />
      <TestMethod codeBase="/home/runner/work/typespec/typespec/packages/http-client-csharp/generator/artifacts/bin/Microsoft.TypeSpec.Generator.Tests/Debug/net8.0/Microsoft.TypeSpec.Generator.Tests.dll" adapterTypeName="executor://nunit3testexecutor/" className="Microsoft.TypeSpec.Generator.Tests.Providers.ModelProviders.ModelProviderTests" name="TestBuildConstructor_ValidateConstructorsInDerivedModel" />
    </UnitTest>
    <UnitTest name="SystemTypeOperatorTestNotEqual(System.Int32,System.String)" storage="/home/runner/work/typespec/typespec/packages/http-client-csharp/generator/artifacts/bin/microsoft.typespec.generator.tests/debug/net8.0/microsoft.typespec.generator.tests.dll" id="555db1c4-be7e-5701-ff82-5827a820f79a">
      <Execution id="6dff70f2-f67c-4664-a064-ea8b3dbd0af3" />
      <TestMethod codeBase="/home/runner/work/typespec/typespec/packages/http-client-csharp/generator/artifacts/bin/Microsoft.TypeSpec.Generator.Tests/Debug/net8.0/Microsoft.TypeSpec.Generator.Tests.dll" adapterTypeName="executor://nunit3testexecutor/" className="Microsoft.TypeSpec.Generator.Tests.Expressions.ValueExpressionTests" name="SystemTypeOperatorTestNotEqual(System.Int32,System.String)" />
    </UnitTest>
    <UnitTest name="DoesNotIncludeReqCustomLiteralInDefaultCtor" storage="/home/runner/work/typespec/typespec/packages/http-client-csharp/generator/artifacts/bin/microsoft.typespec.generator.tests/debug/net8.0/microsoft.typespec.generator.tests.dll" id="424f07bc-982a-2a72-59d7-7230434d889e">
      <Execution id="4302306e-f07e-4d27-a06f-ef995a6436c5" />
      <TestMethod codeBase="/home/runner/work/typespec/typespec/packages/http-client-csharp/generator/artifacts/bin/Microsoft.TypeSpec.Generator.Tests/Debug/net8.0/Microsoft.TypeSpec.Generator.Tests.dll" adapterTypeName="executor://nunit3testexecutor/" className="Microsoft.TypeSpec.Generator.Tests.Providers.ModelProviders.ModelCustomizationTests" name="DoesNotIncludeReqCustomLiteralInDefaultCtor" />
    </UnitTest>
    <UnitTest name="SerializationCtorShouldNotDuplicateBaseProperties" storage="/home/runner/work/typespec/typespec/packages/http-client-csharp/generator/artifacts/bin/microsoft.typespec.generator.tests/debug/net8.0/microsoft.typespec.generator.tests.dll" id="a4098945-aef8-d604-acc8-f0f260fbcbe3">
      <Execution id="41f106c6-8cb9-470f-923f-f09da5d2a8f5" />
      <TestMethod codeBase="/home/runner/work/typespec/typespec/packages/http-client-csharp/generator/artifacts/bin/Microsoft.TypeSpec.Generator.Tests/Debug/net8.0/Microsoft.TypeSpec.Generator.Tests.dll" adapterTypeName="executor://nunit3testexecutor/" className="Microsoft.TypeSpec.Generator.Tests.Providers.ModelProviders.ModelProviderTests" name="SerializationCtorShouldNotDuplicateBaseProperties" />
    </UnitTest>
    <UnitTest name="ForeachStatementWithAddMethod" storage="/home/runner/work/typespec/typespec/packages/http-client-csharp/generator/artifacts/bin/microsoft.typespec.generator.tests/debug/net8.0/microsoft.typespec.generator.tests.dll" id="50e9d186-4dd3-ea4c-d0cc-3d3c6b1e2c99">
      <Execution id="4db7931c-9c4b-4df2-bbe6-eb1f8a55bf25" />
      <TestMethod codeBase="/home/runner/work/typespec/typespec/packages/http-client-csharp/generator/artifacts/bin/Microsoft.TypeSpec.Generator.Tests/Debug/net8.0/Microsoft.TypeSpec.Generator.Tests.dll" adapterTypeName="executor://nunit3testexecutor/" className="Microsoft.TypeSpec.Generator.Tests.Statements.StatementTests" name="ForeachStatementWithAddMethod" />
    </UnitTest>
    <UnitTest name="TypesAreNotEqual(System.Collections.Generic.IList`1[System.Int32],System.Collections.Generic.ICollection`1[System.Int32])" storage="/home/runner/work/typespec/typespec/packages/http-client-csharp/generator/artifacts/bin/microsoft.typespec.generator.tests/debug/net8.0/microsoft.typespec.generator.tests.dll" id="fafa9852-426b-6b05-2684-4864e7941f0d">
      <Execution id="2e1939f1-1ca7-4810-a489-70ecf6c8314e" />
      <TestMethod codeBase="/home/runner/work/typespec/typespec/packages/http-client-csharp/generator/artifacts/bin/Microsoft.TypeSpec.Generator.Tests/Debug/net8.0/Microsoft.TypeSpec.Generator.Tests.dll" adapterTypeName="executor://nunit3testexecutor/" className="Microsoft.TypeSpec.Generator.Tests.Primitives.CSharpTypeTests" name="TypesAreNotEqual(System.Collections.Generic.IList`1[System.Int32],System.Collections.Generic.ICollection`1[System.Int32])" />
    </UnitTest>
    <UnitTest name="CanUpdateWhileStatement" storage="/home/runner/work/typespec/typespec/packages/http-client-csharp/generator/artifacts/bin/microsoft.typespec.generator.tests/debug/net8.0/microsoft.typespec.generator.tests.dll" id="226be470-5ed7-a113-35ac-4a7a3002033d">
      <Execution id="11043a42-b32c-4ae3-b1ae-d0be546891e4" />
      <TestMethod codeBase="/home/runner/work/typespec/typespec/packages/http-client-csharp/generator/artifacts/bin/Microsoft.TypeSpec.Generator.Tests/Debug/net8.0/Microsoft.TypeSpec.Generator.Tests.dll" adapterTypeName="executor://nunit3testexecutor/" className="Microsoft.TypeSpec.Generator.Tests.Statements.StatementVisitorTests" name="CanUpdateWhileStatement" />
    </UnitTest>
    <UnitTest name="DerivedShouldUseItsDiscriminatorValueInModelFactory" storage="/home/runner/work/typespec/typespec/packages/http-client-csharp/generator/artifacts/bin/microsoft.typespec.generator.tests/debug/net8.0/microsoft.typespec.generator.tests.dll" id="17d65b15-06b6-e8a5-500a-36ea94523572">
      <Execution id="915a38c2-1da1-4769-b345-2ee5ef78e5a7" />
      <TestMethod codeBase="/home/runner/work/typespec/typespec/packages/http-client-csharp/generator/artifacts/bin/Microsoft.TypeSpec.Generator.Tests/Debug/net8.0/Microsoft.TypeSpec.Generator.Tests.dll" adapterTypeName="executor://nunit3testexecutor/" className="Microsoft.TypeSpec.Generator.Tests.Providers.ModelFactories.DiscriminatorTests" name="DerivedShouldUseItsDiscriminatorValueInModelFactory" />
    </UnitTest>
    <UnitTest name="TestIsCSharpKeyword(&quot;await&quot;,True)" storage="/home/runner/work/typespec/typespec/packages/http-client-csharp/generator/artifacts/bin/microsoft.typespec.generator.tests/debug/net8.0/microsoft.typespec.generator.tests.dll" id="4347d80b-19f7-e06d-caef-277a011bf971">
      <Execution id="12f82456-2ac1-4b9f-a801-3c57656416ea" />
      <TestMethod codeBase="/home/runner/work/typespec/typespec/packages/http-client-csharp/generator/artifacts/bin/Microsoft.TypeSpec.Generator.Tests/Debug/net8.0/Microsoft.TypeSpec.Generator.Tests.dll" adapterTypeName="executor://nunit3testexecutor/" className="Microsoft.TypeSpec.Generator.Tests.Utilities.StringExtensionsTests" name="TestIsCSharpKeyword(&quot;await&quot;,True)" />
    </UnitTest>
    <UnitTest name="TestIsCSharpKeyword(&quot;params&quot;,True)" storage="/home/runner/work/typespec/typespec/packages/http-client-csharp/generator/artifacts/bin/microsoft.typespec.generator.tests/debug/net8.0/microsoft.typespec.generator.tests.dll" id="dd87ee55-be86-4561-2c78-31eae9576adb">
      <Execution id="62d71f46-7427-40cd-a5b5-8ac3348d479f" />
      <TestMethod codeBase="/home/runner/work/typespec/typespec/packages/http-client-csharp/generator/artifacts/bin/Microsoft.TypeSpec.Generator.Tests/Debug/net8.0/Microsoft.TypeSpec.Generator.Tests.dll" adapterTypeName="executor://nunit3testexecutor/" className="Microsoft.TypeSpec.Generator.Tests.Utilities.StringExtensionsTests" name="TestIsCSharpKeyword(&quot;params&quot;,True)" />
    </UnitTest>
    <UnitTest name="VisitsMethods" storage="/home/runner/work/typespec/typespec/packages/http-client-csharp/generator/artifacts/bin/microsoft.typespec.generator.tests/debug/net8.0/microsoft.typespec.generator.tests.dll" id="6a61ae6d-dd9d-8e10-2fa5-74148326aae9">
      <Execution id="a3a9a6f8-ff83-4958-830c-291ee12272d2" />
      <TestMethod codeBase="/home/runner/work/typespec/typespec/packages/http-client-csharp/generator/artifacts/bin/Microsoft.TypeSpec.Generator.Tests/Debug/net8.0/Microsoft.TypeSpec.Generator.Tests.dll" adapterTypeName="executor://nunit3testexecutor/" className="Microsoft.TypeSpec.Generator.Tests.OutputLibraryVisitorTests" name="VisitsMethods" />
    </UnitTest>
    <UnitTest name="VisitsConstructors" storage="/home/runner/work/typespec/typespec/packages/http-client-csharp/generator/artifacts/bin/microsoft.typespec.generator.tests/debug/net8.0/microsoft.typespec.generator.tests.dll" id="2bd83da8-d8fb-a3a6-2379-337ad4affd31">
      <Execution id="6695e69b-65ca-4bfd-be52-2cc810a7afdf" />
      <TestMethod codeBase="/home/runner/work/typespec/typespec/packages/http-client-csharp/generator/artifacts/bin/Microsoft.TypeSpec.Generator.Tests/Debug/net8.0/Microsoft.TypeSpec.Generator.Tests.dll" adapterTypeName="executor://nunit3testexecutor/" className="Microsoft.TypeSpec.Generator.Tests.OutputLibraryVisitorTests" name="VisitsConstructors" />
    </UnitTest>
    <UnitTest name="IsReadWriteList(System.Collections.Generic.IEnumerable`1[T],False)" storage="/home/runner/work/typespec/typespec/packages/http-client-csharp/generator/artifacts/bin/microsoft.typespec.generator.tests/debug/net8.0/microsoft.typespec.generator.tests.dll" id="0ad03df0-2c8e-3063-3679-db1f3d8f66b9">
      <Execution id="29fc2dd1-f1f2-4e3e-a9a6-b42c9a6b1f15" />
      <TestMethod codeBase="/home/runner/work/typespec/typespec/packages/http-client-csharp/generator/artifacts/bin/Microsoft.TypeSpec.Generator.Tests/Debug/net8.0/Microsoft.TypeSpec.Generator.Tests.dll" adapterTypeName="executor://nunit3testexecutor/" className="Microsoft.TypeSpec.Generator.Tests.Primitives.CSharpTypeTests" name="IsReadWriteList(System.Collections.Generic.IEnumerable`1[T],False)" />
    </UnitTest>
    <UnitTest name="ValidateGetFormattableStringFormatParts(&quot;something{0}else{1}&quot;,[Part { Value = something, IsLiteral = True, ArgumentIndex = -1 }, Part { Value = 0, IsLiteral = False, ArgumentIndex = 0 }, Part { Value = else, IsLiteral = True, ArgumentIndex = -1 }, Part { Value = 1, IsLiteral = False, ArgumentIndex = 1 }])" storage="/home/runner/work/typespec/typespec/packages/http-client-csharp/generator/artifacts/bin/microsoft.typespec.generator.tests/debug/net8.0/microsoft.typespec.generator.tests.dll" id="338f0f35-366f-e576-5590-d6b40c0f65f3">
      <Execution id="dc667531-35c0-4491-915d-a49568583644" />
      <TestMethod codeBase="/home/runner/work/typespec/typespec/packages/http-client-csharp/generator/artifacts/bin/Microsoft.TypeSpec.Generator.Tests/Debug/net8.0/Microsoft.TypeSpec.Generator.Tests.dll" adapterTypeName="executor://nunit3testexecutor/" className="Microsoft.TypeSpec.Generator.Tests.Utilities.StringExtensionsTests" name="ValidateGetFormattableStringFormatParts(&quot;something{0}else{1}&quot;,[Part { Value = something, IsLiteral = True, ArgumentIndex = -1 }, Part { Value = 0, IsLiteral = False, ArgumentIndex = 0 }, Part { Value = else, IsLiteral = True, ArgumentIndex = -1 }, Part { Value = 1, IsLiteral = False, ArgumentIndex = 1 }])" />
    </UnitTest>
    <UnitTest name="ScopeDeclaredTwiceForMethodSignatureParam" storage="/home/runner/work/typespec/typespec/packages/http-client-csharp/generator/artifacts/bin/microsoft.typespec.generator.tests/debug/net8.0/microsoft.typespec.generator.tests.dll" id="7b3e720a-98f9-c552-ec66-aefc0ee15cd3">
      <Execution id="c2fac42b-9d03-4d05-a061-a45458371afb" />
      <TestMethod codeBase="/home/runner/work/typespec/typespec/packages/http-client-csharp/generator/artifacts/bin/Microsoft.TypeSpec.Generator.Tests/Debug/net8.0/Microsoft.TypeSpec.Generator.Tests.dll" adapterTypeName="executor://nunit3testexecutor/" className="Microsoft.TypeSpec.Generator.Tests.Writers.CodeWriterDeclarationTests" name="ScopeDeclaredTwiceForMethodSignatureParam" />
    </UnitTest>
    <UnitTest name="BuildEnumType_ValidateFloatBasedFixedEnum()" storage="/home/runner/work/typespec/typespec/packages/http-client-csharp/generator/artifacts/bin/microsoft.typespec.generator.tests/debug/net8.0/microsoft.typespec.generator.tests.dll" id="d2d663b7-a77a-22d6-7ecf-d2dffc892def">
      <Execution id="94b8ce35-5579-4188-9703-0647d9b98844" />
      <TestMethod codeBase="/home/runner/work/typespec/typespec/packages/http-client-csharp/generator/artifacts/bin/Microsoft.TypeSpec.Generator.Tests/Debug/net8.0/Microsoft.TypeSpec.Generator.Tests.dll" adapterTypeName="executor://nunit3testexecutor/" className="Microsoft.TypeSpec.Generator.Tests.Providers.EnumProviderTests" name="BuildEnumType_ValidateFloatBasedFixedEnum()" />
    </UnitTest>
    <UnitTest name="UnaryOperatorStatementWithValidExpression" storage="/home/runner/work/typespec/typespec/packages/http-client-csharp/generator/artifacts/bin/microsoft.typespec.generator.tests/debug/net8.0/microsoft.typespec.generator.tests.dll" id="c4571099-984e-0746-0f58-01c6262b858c">
      <Execution id="1dda1996-18f4-4d52-bdae-0f077e7070aa" />
      <TestMethod codeBase="/home/runner/work/typespec/typespec/packages/http-client-csharp/generator/artifacts/bin/Microsoft.TypeSpec.Generator.Tests/Debug/net8.0/Microsoft.TypeSpec.Generator.Tests.dll" adapterTypeName="executor://nunit3testexecutor/" className="Microsoft.TypeSpec.Generator.Tests.Expressions.UnaryOperationExpressionTests" name="UnaryOperatorStatementWithValidExpression" />
    </UnitTest>
    <UnitTest name="IsList(System.Collections.Generic.IList`1[T],True)" storage="/home/runner/work/typespec/typespec/packages/http-client-csharp/generator/artifacts/bin/microsoft.typespec.generator.tests/debug/net8.0/microsoft.typespec.generator.tests.dll" id="5de66f25-ef3a-2c38-2754-ebfa2b1d19c7">
      <Execution id="2c8a77fd-3a93-45d4-8289-1d0230ccd7bf" />
      <TestMethod codeBase="/home/runner/work/typespec/typespec/packages/http-client-csharp/generator/artifacts/bin/Microsoft.TypeSpec.Generator.Tests/Debug/net8.0/Microsoft.TypeSpec.Generator.Tests.dll" adapterTypeName="executor://nunit3testexecutor/" className="Microsoft.TypeSpec.Generator.Tests.Primitives.CSharpTypeTests" name="IsList(System.Collections.Generic.IList`1[T],True)" />
    </UnitTest>
    <UnitTest name="DictionaryExpression(System.Collections.Generic.IDictionary`2[System.Int32,System.String],System.Collections.Generic.IDictionary`2[System.String,System.Int32])" storage="/home/runner/work/typespec/typespec/packages/http-client-csharp/generator/artifacts/bin/microsoft.typespec.generator.tests/debug/net8.0/microsoft.typespec.generator.tests.dll" id="004ff7b0-cbff-4a7d-975f-b69ec93a62c2">
      <Execution id="6b28d886-46ad-4945-815c-3e654d4f5b43" />
      <TestMethod codeBase="/home/runner/work/typespec/typespec/packages/http-client-csharp/generator/artifacts/bin/Microsoft.TypeSpec.Generator.Tests/Debug/net8.0/Microsoft.TypeSpec.Generator.Tests.dll" adapterTypeName="executor://nunit3testexecutor/" className="Microsoft.TypeSpec.Generator.Tests.Expressions.KnownValueExpressionsTests" name="DictionaryExpression(System.Collections.Generic.IDictionary`2[System.Int32,System.String],System.Collections.Generic.IDictionary`2[System.String,System.Int32])" />
    </UnitTest>
    <UnitTest name="TestBreakLines_LineBreakInArgument" storage="/home/runner/work/typespec/typespec/packages/http-client-csharp/generator/artifacts/bin/microsoft.typespec.generator.tests/debug/net8.0/microsoft.typespec.generator.tests.dll" id="510f488c-f92d-9264-a2ec-36cdef2d5fcc">
      <Execution id="18d4cd6b-aafe-4436-90e3-3a85fa408c22" />
      <TestMethod codeBase="/home/runner/work/typespec/typespec/packages/http-client-csharp/generator/artifacts/bin/Microsoft.TypeSpec.Generator.Tests/Debug/net8.0/Microsoft.TypeSpec.Generator.Tests.dll" adapterTypeName="executor://nunit3testexecutor/" className="Microsoft.TypeSpec.Generator.Tests.Utilities.FormattableStringHelpersTests" name="TestBreakLines_LineBreakInArgument" />
    </UnitTest>
    <UnitTest name="ValidatePropertyTypes(System.String)" storage="/home/runner/work/typespec/typespec/packages/http-client-csharp/generator/artifacts/bin/microsoft.typespec.generator.tests/debug/net8.0/microsoft.typespec.generator.tests.dll" id="4fa59de3-16ee-f63a-90dc-e1083c762eaf">
      <Execution id="2f048a9b-fe0c-479d-b887-14742f28bc7f" />
      <TestMethod codeBase="/home/runner/work/typespec/typespec/packages/http-client-csharp/generator/artifacts/bin/Microsoft.TypeSpec.Generator.Tests/Debug/net8.0/Microsoft.TypeSpec.Generator.Tests.dll" adapterTypeName="executor://nunit3testexecutor/" className="Microsoft.TypeSpec.Generator.Tests.Providers.NamedTypeSymbolProviders.NamedTypeSymbolProviderTests" name="ValidatePropertyTypes(System.String)" />
    </UnitTest>
    <UnitTest name="TypesAreNotEqualWhenNullabilityIsDifferent(System.Collections.Generic.IList`1[System.String])" storage="/home/runner/work/typespec/typespec/packages/http-client-csharp/generator/artifacts/bin/microsoft.typespec.generator.tests/debug/net8.0/microsoft.typespec.generator.tests.dll" id="da477cfb-19a2-e344-47c1-5d2441f8f2a1">
      <Execution id="4803dc69-1d70-4ee0-b7be-9d7fbc72eaa4" />
      <TestMethod codeBase="/home/runner/work/typespec/typespec/packages/http-client-csharp/generator/artifacts/bin/Microsoft.TypeSpec.Generator.Tests/Debug/net8.0/Microsoft.TypeSpec.Generator.Tests.dll" adapterTypeName="executor://nunit3testexecutor/" className="Microsoft.TypeSpec.Generator.Tests.Primitives.CSharpTypeTests" name="TypesAreNotEqualWhenNullabilityIsDifferent(System.Collections.Generic.IList`1[System.String])" />
    </UnitTest>
    <UnitTest name="TypesAreEqual(System.Collections.Generic.IList`1[System.Int32])" storage="/home/runner/work/typespec/typespec/packages/http-client-csharp/generator/artifacts/bin/microsoft.typespec.generator.tests/debug/net8.0/microsoft.typespec.generator.tests.dll" id="38eb63dc-b52d-8bce-48df-09a5bf3605fa">
      <Execution id="5ed5307f-d910-49b1-927e-ba5b47997ced" />
      <TestMethod codeBase="/home/runner/work/typespec/typespec/packages/http-client-csharp/generator/artifacts/bin/Microsoft.TypeSpec.Generator.Tests/Debug/net8.0/Microsoft.TypeSpec.Generator.Tests.dll" adapterTypeName="executor://nunit3testexecutor/" className="Microsoft.TypeSpec.Generator.Tests.Primitives.CSharpTypeTests" name="TypesAreEqual(System.Collections.Generic.IList`1[System.Int32])" />
    </UnitTest>
    <UnitTest name="ExtensibleStringNullableEnumType" storage="/home/runner/work/typespec/typespec/packages/http-client-csharp/generator/artifacts/bin/microsoft.typespec.generator.tests/debug/net8.0/microsoft.typespec.generator.tests.dll" id="32887e39-d2d6-395d-8476-5506e3754a7e">
      <Execution id="a5b653f7-ec92-4c5d-8695-a91c2e7fe7c3" />
      <TestMethod codeBase="/home/runner/work/typespec/typespec/packages/http-client-csharp/generator/artifacts/bin/Microsoft.TypeSpec.Generator.Tests/Debug/net8.0/Microsoft.TypeSpec.Generator.Tests.dll" adapterTypeName="executor://nunit3testexecutor/" className="Microsoft.TypeSpec.Generator.Tests.TypeFactoryTests" name="ExtensibleStringNullableEnumType" />
    </UnitTest>
    <UnitTest name="TestIsCSharpKeyword(&quot;static&quot;,True)" storage="/home/runner/work/typespec/typespec/packages/http-client-csharp/generator/artifacts/bin/microsoft.typespec.generator.tests/debug/net8.0/microsoft.typespec.generator.tests.dll" id="6dcce33e-e4dd-e512-2dac-808b601252cd">
      <Execution id="f4e2af00-62d5-401c-851e-2107bd973e9f" />
      <TestMethod codeBase="/home/runner/work/typespec/typespec/packages/http-client-csharp/generator/artifacts/bin/Microsoft.TypeSpec.Generator.Tests/Debug/net8.0/Microsoft.TypeSpec.Generator.Tests.dll" adapterTypeName="executor://nunit3testexecutor/" className="Microsoft.TypeSpec.Generator.Tests.Utilities.StringExtensionsTests" name="TestIsCSharpKeyword(&quot;static&quot;,True)" />
    </UnitTest>
    <UnitTest name="CanInsertElement" storage="/home/runner/work/typespec/typespec/packages/http-client-csharp/generator/artifacts/bin/microsoft.typespec.generator.tests/debug/net8.0/microsoft.typespec.generator.tests.dll" id="6d095f19-6ce0-f4cf-fdb2-2e457561105a">
      <Execution id="29261e31-40b7-49e5-a564-b1a40d120571" />
      <TestMethod codeBase="/home/runner/work/typespec/typespec/packages/http-client-csharp/generator/artifacts/bin/Microsoft.TypeSpec.Generator.Tests/Debug/net8.0/Microsoft.TypeSpec.Generator.Tests.dll" adapterTypeName="executor://nunit3testexecutor/" className="Microsoft.TypeSpec.Generator.Tests.Providers.ChangeTrackingListTest" name="CanInsertElement" />
    </UnitTest>
    <UnitTest name="TryCatchFinallyUpdate" storage="/home/runner/work/typespec/typespec/packages/http-client-csharp/generator/artifacts/bin/microsoft.typespec.generator.tests/debug/net8.0/microsoft.typespec.generator.tests.dll" id="0af45fc5-5f23-7fbe-155d-cce3f2750d12">
      <Execution id="ca5de6ff-3a9c-476c-ad17-ebeb509310de" />
      <TestMethod codeBase="/home/runner/work/typespec/typespec/packages/http-client-csharp/generator/artifacts/bin/Microsoft.TypeSpec.Generator.Tests/Debug/net8.0/Microsoft.TypeSpec.Generator.Tests.dll" adapterTypeName="executor://nunit3testexecutor/" className="Microsoft.TypeSpec.Generator.Tests.Statements.StatementTests" name="TryCatchFinallyUpdate" />
    </UnitTest>
    <UnitTest name="TestParseVersionString(&quot;invalid&quot;,null,null,True)" storage="/home/runner/work/typespec/typespec/packages/http-client-csharp/generator/artifacts/bin/microsoft.typespec.generator.tests/debug/net8.0/microsoft.typespec.generator.tests.dll" id="8a73d751-7991-d109-adb1-43f8de641f5f">
      <Execution id="df4f7f6c-c8c4-4d76-92d0-50b8078fbd26" />
      <TestMethod codeBase="/home/runner/work/typespec/typespec/packages/http-client-csharp/generator/artifacts/bin/Microsoft.TypeSpec.Generator.Tests/Debug/net8.0/Microsoft.TypeSpec.Generator.Tests.dll" adapterTypeName="executor://nunit3testexecutor/" className="Microsoft.TypeSpec.Generator.Tests.Utilities.NugetPackageDownloaderTests" name="TestParseVersionString(&quot;invalid&quot;,null,null,True)" />
    </UnitTest>
    <UnitTest name="CodeGenTypeAttributeEmitted" storage="/home/runner/work/typespec/typespec/packages/http-client-csharp/generator/artifacts/bin/microsoft.typespec.generator.tests/debug/net8.0/microsoft.typespec.generator.tests.dll" id="f94d6958-6588-1f41-34b4-8cd145a4db4b">
      <Execution id="c382a0d2-740b-4d85-b487-a9a0df0d1536" />
      <TestMethod codeBase="/home/runner/work/typespec/typespec/packages/http-client-csharp/generator/artifacts/bin/Microsoft.TypeSpec.Generator.Tests/Debug/net8.0/Microsoft.TypeSpec.Generator.Tests.dll" adapterTypeName="executor://nunit3testexecutor/" className="Microsoft.TypeSpec.Generator.Tests.CustomizationAttributeTests" name="CodeGenTypeAttributeEmitted" />
    </UnitTest>
    <UnitTest name="CorrectValidationIsAppliedToParameter(String,True,AssertNotNullOrEmpty)" storage="/home/runner/work/typespec/typespec/packages/http-client-csharp/generator/artifacts/bin/microsoft.typespec.generator.tests/debug/net8.0/microsoft.typespec.generator.tests.dll" id="3e0080a5-9006-e0a9-05c4-318190bbf374">
      <Execution id="bba4c24e-e4b7-4494-8dad-0a34e2e91e2b" />
      <TestMethod codeBase="/home/runner/work/typespec/typespec/packages/http-client-csharp/generator/artifacts/bin/Microsoft.TypeSpec.Generator.Tests/Debug/net8.0/Microsoft.TypeSpec.Generator.Tests.dll" adapterTypeName="executor://nunit3testexecutor/" className="Microsoft.TypeSpec.Generator.Tests.Providers.ParameterProviderTests" name="CorrectValidationIsAppliedToParameter(String,True,AssertNotNullOrEmpty)" />
    </UnitTest>
    <UnitTest name="FullyQualifiedNamePopulatedForFrameworkTypes(System.Collections.Generic.IDictionary`2[TKey,TValue])" storage="/home/runner/work/typespec/typespec/packages/http-client-csharp/generator/artifacts/bin/microsoft.typespec.generator.tests/debug/net8.0/microsoft.typespec.generator.tests.dll" id="a7701d02-1efd-9241-2671-8b40eb52b3c6">
      <Execution id="98a0ac0a-d3a0-4cd1-81fd-553a4246d6a6" />
      <TestMethod codeBase="/home/runner/work/typespec/typespec/packages/http-client-csharp/generator/artifacts/bin/Microsoft.TypeSpec.Generator.Tests/Debug/net8.0/Microsoft.TypeSpec.Generator.Tests.dll" adapterTypeName="executor://nunit3testexecutor/" className="Microsoft.TypeSpec.Generator.Tests.Primitives.CSharpTypeTests" name="FullyQualifiedNamePopulatedForFrameworkTypes(System.Collections.Generic.IDictionary`2[TKey,TValue])" />
    </UnitTest>
    <UnitTest name="ValidateNullableValueType" storage="/home/runner/work/typespec/typespec/packages/http-client-csharp/generator/artifacts/bin/microsoft.typespec.generator.tests/debug/net8.0/microsoft.typespec.generator.tests.dll" id="1cb028a9-44fc-784f-9be5-6dc2c8f8970d">
      <Execution id="e06696b0-5dca-47af-893f-ce4019b0c971" />
      <TestMethod codeBase="/home/runner/work/typespec/typespec/packages/http-client-csharp/generator/artifacts/bin/Microsoft.TypeSpec.Generator.Tests/Debug/net8.0/Microsoft.TypeSpec.Generator.Tests.dll" adapterTypeName="executor://nunit3testexecutor/" className="Microsoft.TypeSpec.Generator.Tests.Expressions.NewInstanceExpressionTests" name="ValidateNullableValueType" />
    </UnitTest>
    <UnitTest name="DictionaryExpression(System.Collections.Generic.IDictionary`2[System.Int32,System.String],System.Collections.Generic.Dictionary`2[System.Int32,System.Int32])" storage="/home/runner/work/typespec/typespec/packages/http-client-csharp/generator/artifacts/bin/microsoft.typespec.generator.tests/debug/net8.0/microsoft.typespec.generator.tests.dll" id="88acfffa-6ebd-143d-ed22-519c4f519ea6">
      <Execution id="f861bddd-50b4-4e7f-90ac-e9ed56218744" />
      <TestMethod codeBase="/home/runner/work/typespec/typespec/packages/http-client-csharp/generator/artifacts/bin/Microsoft.TypeSpec.Generator.Tests/Debug/net8.0/Microsoft.TypeSpec.Generator.Tests.dll" adapterTypeName="executor://nunit3testexecutor/" className="Microsoft.TypeSpec.Generator.Tests.Expressions.KnownValueExpressionsTests" name="DictionaryExpression(System.Collections.Generic.IDictionary`2[System.Int32,System.String],System.Collections.Generic.Dictionary`2[System.Int32,System.Int32])" />
    </UnitTest>
    <UnitTest name="KeyValuePairExpression(System.Tuple`1[T1],System.Tuple`2[T1,T2])" storage="/home/runner/work/typespec/typespec/packages/http-client-csharp/generator/artifacts/bin/microsoft.typespec.generator.tests/debug/net8.0/microsoft.typespec.generator.tests.dll" id="6a772daa-9b1f-2af8-0451-3bbbb2e9aaf2">
      <Execution id="f1ed6b1b-55fb-4cab-8777-804ea16483d2" />
      <TestMethod codeBase="/home/runner/work/typespec/typespec/packages/http-client-csharp/generator/artifacts/bin/Microsoft.TypeSpec.Generator.Tests/Debug/net8.0/Microsoft.TypeSpec.Generator.Tests.dll" adapterTypeName="executor://nunit3testexecutor/" className="Microsoft.TypeSpec.Generator.Tests.Expressions.KnownValueExpressionsTests" name="KeyValuePairExpression(System.Tuple`1[T1],System.Tuple`2[T1,T2])" />
    </UnitTest>
    <UnitTest name="TypesAreNotEqualWhenNullabilityIsDifferent(System.Collections.Generic.IDictionary`2[System.Nullable`1[System.Int32],System.String])" storage="/home/runner/work/typespec/typespec/packages/http-client-csharp/generator/artifacts/bin/microsoft.typespec.generator.tests/debug/net8.0/microsoft.typespec.generator.tests.dll" id="ebcd8270-e8ae-26ec-794a-535c952bff35">
      <Execution id="1b1ce9b3-c5bf-4c21-bcce-9ffb7c348943" />
      <TestMethod codeBase="/home/runner/work/typespec/typespec/packages/http-client-csharp/generator/artifacts/bin/Microsoft.TypeSpec.Generator.Tests/Debug/net8.0/Microsoft.TypeSpec.Generator.Tests.dll" adapterTypeName="executor://nunit3testexecutor/" className="Microsoft.TypeSpec.Generator.Tests.Primitives.CSharpTypeTests" name="TypesAreNotEqualWhenNullabilityIsDifferent(System.Collections.Generic.IDictionary`2[System.Nullable`1[System.Int32],System.String])" />
    </UnitTest>
    <UnitTest name="TestIsCSharpKeyword(&quot;double&quot;,True)" storage="/home/runner/work/typespec/typespec/packages/http-client-csharp/generator/artifacts/bin/microsoft.typespec.generator.tests/debug/net8.0/microsoft.typespec.generator.tests.dll" id="1d75a603-9ec7-f832-dc7d-8c1b85abdd83">
      <Execution id="172f2e08-1e7b-4ccd-98a4-4eee039256d9" />
      <TestMethod codeBase="/home/runner/work/typespec/typespec/packages/http-client-csharp/generator/artifacts/bin/Microsoft.TypeSpec.Generator.Tests/Debug/net8.0/Microsoft.TypeSpec.Generator.Tests.dll" adapterTypeName="executor://nunit3testexecutor/" className="Microsoft.TypeSpec.Generator.Tests.Utilities.StringExtensionsTests" name="TestIsCSharpKeyword(&quot;double&quot;,True)" />
    </UnitTest>
    <UnitTest name="ValidateAnonymousWithPropertiesSingleLine" storage="/home/runner/work/typespec/typespec/packages/http-client-csharp/generator/artifacts/bin/microsoft.typespec.generator.tests/debug/net8.0/microsoft.typespec.generator.tests.dll" id="595f6a65-900b-e46f-44db-f3736418db5b">
      <Execution id="8e954204-483c-48e5-8f1c-4d56e160d1f6" />
      <TestMethod codeBase="/home/runner/work/typespec/typespec/packages/http-client-csharp/generator/artifacts/bin/Microsoft.TypeSpec.Generator.Tests/Debug/net8.0/Microsoft.TypeSpec.Generator.Tests.dll" adapterTypeName="executor://nunit3testexecutor/" className="Microsoft.TypeSpec.Generator.Tests.Expressions.NewInstanceExpressionTests" name="ValidateAnonymousWithPropertiesSingleLine" />
    </UnitTest>
    <UnitTest name="InvalidDocCommentWithCrefMethod" storage="/home/runner/work/typespec/typespec/packages/http-client-csharp/generator/artifacts/bin/microsoft.typespec.generator.tests/debug/net8.0/microsoft.typespec.generator.tests.dll" id="b498280c-f2d3-17a4-6d60-75dd66905459">
      <Execution id="3405b48b-f22b-4578-b867-1e984dc7dd14" />
      <TestMethod codeBase="/home/runner/work/typespec/typespec/packages/http-client-csharp/generator/artifacts/bin/Microsoft.TypeSpec.Generator.Tests/Debug/net8.0/Microsoft.TypeSpec.Generator.Tests.dll" adapterTypeName="executor://nunit3testexecutor/" className="Microsoft.TypeSpec.Generator.Tests.Statements.XmlDocStatementTests" name="InvalidDocCommentWithCrefMethod" />
    </UnitTest>
    <UnitTest name="CatchStatementWithOneLineBody" storage="/home/runner/work/typespec/typespec/packages/http-client-csharp/generator/artifacts/bin/microsoft.typespec.generator.tests/debug/net8.0/microsoft.typespec.generator.tests.dll" id="603829a1-9432-edd0-0c5d-714ad2a8180a">
      <Execution id="f6a44c1f-dcc9-4408-9c2d-6217348eb612" />
      <TestMethod codeBase="/home/runner/work/typespec/typespec/packages/http-client-csharp/generator/artifacts/bin/Microsoft.TypeSpec.Generator.Tests/Debug/net8.0/Microsoft.TypeSpec.Generator.Tests.dll" adapterTypeName="executor://nunit3testexecutor/" className="Microsoft.TypeSpec.Generator.Tests.Statements.StatementTests" name="CatchStatementWithOneLineBody" />
    </UnitTest>
    <UnitTest name="DictionaryExpression(System.Int32,System.Collections.Generic.IList`1[System.Int32])" storage="/home/runner/work/typespec/typespec/packages/http-client-csharp/generator/artifacts/bin/microsoft.typespec.generator.tests/debug/net8.0/microsoft.typespec.generator.tests.dll" id="3077df90-1ad1-72b0-e0da-9c7463ee4e06">
      <Execution id="ae5a9162-a1f8-4a37-8cb4-b013b9cce76c" />
      <TestMethod codeBase="/home/runner/work/typespec/typespec/packages/http-client-csharp/generator/artifacts/bin/Microsoft.TypeSpec.Generator.Tests/Debug/net8.0/Microsoft.TypeSpec.Generator.Tests.dll" adapterTypeName="executor://nunit3testexecutor/" className="Microsoft.TypeSpec.Generator.Tests.Expressions.KnownValueExpressionsTests" name="DictionaryExpression(System.Int32,System.Collections.Generic.IList`1[System.Int32])" />
    </UnitTest>
    <UnitTest name="ValidateGetFormattableStringFormatParts(&quot;something&quot;,[Part { Value = something, IsLiteral = True, ArgumentIndex = -1 }])" storage="/home/runner/work/typespec/typespec/packages/http-client-csharp/generator/artifacts/bin/microsoft.typespec.generator.tests/debug/net8.0/microsoft.typespec.generator.tests.dll" id="6ac53b5c-7cd2-8f9d-1e23-a01593f44a06">
      <Execution id="8e024ec8-1a0a-461d-a8a5-58e3e77e0667" />
      <TestMethod codeBase="/home/runner/work/typespec/typespec/packages/http-client-csharp/generator/artifacts/bin/Microsoft.TypeSpec.Generator.Tests/Debug/net8.0/Microsoft.TypeSpec.Generator.Tests.dll" adapterTypeName="executor://nunit3testexecutor/" className="Microsoft.TypeSpec.Generator.Tests.Utilities.StringExtensionsTests" name="ValidateGetFormattableStringFormatParts(&quot;something&quot;,[Part { Value = something, IsLiteral = True, ArgumentIndex = -1 }])" />
    </UnitTest>
    <UnitTest name="TestWriteMethodDeclarationNoScope_ConstructorSignature" storage="/home/runner/work/typespec/typespec/packages/http-client-csharp/generator/artifacts/bin/microsoft.typespec.generator.tests/debug/net8.0/microsoft.typespec.generator.tests.dll" id="d3da00c3-aa14-49d5-9976-788854971981">
      <Execution id="ae4d0054-5649-4dab-afec-d8cd917d34d7" />
      <TestMethod codeBase="/home/runner/work/typespec/typespec/packages/http-client-csharp/generator/artifacts/bin/Microsoft.TypeSpec.Generator.Tests/Debug/net8.0/Microsoft.TypeSpec.Generator.Tests.dll" adapterTypeName="executor://nunit3testexecutor/" className="Microsoft.TypeSpec.Generator.Tests.Writers.CodeWriterTests" name="TestWriteMethodDeclarationNoScope_ConstructorSignature" />
    </UnitTest>
    <UnitTest name="KeyValuePairExpression(System.Collections.Generic.IDictionary`2[System.Collections.Generic.IDictionary`2[System.Int32,System.String],System.Collections.Generic.IDictionary`2[System.String,System.Int32]],System.Collections.Generic.IDictionary`2[System.Collections.Generic.IDictionary`2[System.String,System.Int32],System.Collections.Generic.IDictionary`2[System.String,System.Int32]])" storage="/home/runner/work/typespec/typespec/packages/http-client-csharp/generator/artifacts/bin/microsoft.typespec.generator.tests/debug/net8.0/microsoft.typespec.generator.tests.dll" id="7d171e13-c9df-baa0-eec3-c2493f4df9f0">
      <Execution id="f60e514f-19a4-4718-a36c-000b4c057288" />
      <TestMethod codeBase="/home/runner/work/typespec/typespec/packages/http-client-csharp/generator/artifacts/bin/Microsoft.TypeSpec.Generator.Tests/Debug/net8.0/Microsoft.TypeSpec.Generator.Tests.dll" adapterTypeName="executor://nunit3testexecutor/" className="Microsoft.TypeSpec.Generator.Tests.Expressions.KnownValueExpressionsTests" name="KeyValuePairExpression(System.Collections.Generic.IDictionary`2[System.Collections.Generic.IDictionary`2[System.Int32,System.String],System.Collections.Generic.IDictionary`2[System.String,System.Int32]],System.Collections.Generic.IDictionary`2[System.Collections.Generic.IDictionary`2[System.String,System.Int32],System.Collections.Generic.IDictionary`2[System.String,System.Int32]])" />
    </UnitTest>
    <UnitTest name="TestIsCSharpKeyword(&quot;for&quot;,True)" storage="/home/runner/work/typespec/typespec/packages/http-client-csharp/generator/artifacts/bin/microsoft.typespec.generator.tests/debug/net8.0/microsoft.typespec.generator.tests.dll" id="76ebe5d4-05d1-3fc5-6c36-90701e535064">
      <Execution id="584c5107-bb30-4bf5-9410-498d9307148a" />
      <TestMethod codeBase="/home/runner/work/typespec/typespec/packages/http-client-csharp/generator/artifacts/bin/Microsoft.TypeSpec.Generator.Tests/Debug/net8.0/Microsoft.TypeSpec.Generator.Tests.dll" adapterTypeName="executor://nunit3testexecutor/" className="Microsoft.TypeSpec.Generator.Tests.Utilities.StringExtensionsTests" name="TestIsCSharpKeyword(&quot;for&quot;,True)" />
    </UnitTest>
    <UnitTest name="PropertyInitializationType_List(System.Collections.Generic.IReadOnlyList`1[T])" storage="/home/runner/work/typespec/typespec/packages/http-client-csharp/generator/artifacts/bin/microsoft.typespec.generator.tests/debug/net8.0/microsoft.typespec.generator.tests.dll" id="da2560df-f453-65b8-0f8c-71b1a4763201">
      <Execution id="a1a615ba-037e-4e28-a23c-af5334389dc0" />
      <TestMethod codeBase="/home/runner/work/typespec/typespec/packages/http-client-csharp/generator/artifacts/bin/Microsoft.TypeSpec.Generator.Tests/Debug/net8.0/Microsoft.TypeSpec.Generator.Tests.dll" adapterTypeName="executor://nunit3testexecutor/" className="Microsoft.TypeSpec.Generator.Tests.Primitives.CSharpTypeTests" name="PropertyInitializationType_List(System.Collections.Generic.IReadOnlyList`1[T])" />
    </UnitTest>
    <UnitTest name="ValidateMethods" storage="/home/runner/work/typespec/typespec/packages/http-client-csharp/generator/artifacts/bin/microsoft.typespec.generator.tests/debug/net8.0/microsoft.typespec.generator.tests.dll" id="3cafcacb-32ad-b342-352f-c0a96f21cf8a">
      <Execution id="be386e0a-c479-4ed3-bb5c-1919aaa3cee6" />
      <TestMethod codeBase="/home/runner/work/typespec/typespec/packages/http-client-csharp/generator/artifacts/bin/Microsoft.TypeSpec.Generator.Tests/Debug/net8.0/Microsoft.TypeSpec.Generator.Tests.dll" adapterTypeName="executor://nunit3testexecutor/" className="Microsoft.TypeSpec.Generator.Tests.Providers.NamedTypeSymbolProviders.InterfaceTests" name="ValidateMethods" />
    </UnitTest>
    <UnitTest name="CanChangeModelNameAndToStructAtSameTime" storage="/home/runner/work/typespec/typespec/packages/http-client-csharp/generator/artifacts/bin/microsoft.typespec.generator.tests/debug/net8.0/microsoft.typespec.generator.tests.dll" id="676d3434-3893-6785-c96f-60f5092b8641">
      <Execution id="3d818d9f-fd67-4b58-b59e-a5dea87e8750" />
      <TestMethod codeBase="/home/runner/work/typespec/typespec/packages/http-client-csharp/generator/artifacts/bin/Microsoft.TypeSpec.Generator.Tests/Debug/net8.0/Microsoft.TypeSpec.Generator.Tests.dll" adapterTypeName="executor://nunit3testexecutor/" className="Microsoft.TypeSpec.Generator.Tests.Providers.ModelProviders.ModelCustomizationTests" name="CanChangeModelNameAndToStructAtSameTime" />
    </UnitTest>
    <UnitTest name="CanChangeAccessibility" storage="/home/runner/work/typespec/typespec/packages/http-client-csharp/generator/artifacts/bin/microsoft.typespec.generator.tests/debug/net8.0/microsoft.typespec.generator.tests.dll" id="6445d3d6-ffa3-2623-b9bf-ecec79bf0d48">
      <Execution id="ca777173-45a3-49c8-8cf3-66b7046b07cb" />
      <TestMethod codeBase="/home/runner/work/typespec/typespec/packages/http-client-csharp/generator/artifacts/bin/Microsoft.TypeSpec.Generator.Tests/Debug/net8.0/Microsoft.TypeSpec.Generator.Tests.dll" adapterTypeName="executor://nunit3testexecutor/" className="Microsoft.TypeSpec.Generator.Tests.Providers.ModelProviders.ModelCustomizationTests" name="CanChangeAccessibility" />
    </UnitTest>
    <UnitTest name="TypesAreNotEqual(System.Collections.Generic.IDictionary`2[System.Int32,System.String],System.Collections.Generic.Dictionary`2[TKey,TValue])" storage="/home/runner/work/typespec/typespec/packages/http-client-csharp/generator/artifacts/bin/microsoft.typespec.generator.tests/debug/net8.0/microsoft.typespec.generator.tests.dll" id="ce22bdda-0f72-3167-91e6-e08a408aba11">
      <Execution id="7e061766-2d1e-48dd-a5b3-7ebb463f6a33" />
      <TestMethod codeBase="/home/runner/work/typespec/typespec/packages/http-client-csharp/generator/artifacts/bin/Microsoft.TypeSpec.Generator.Tests/Debug/net8.0/Microsoft.TypeSpec.Generator.Tests.dll" adapterTypeName="executor://nunit3testexecutor/" className="Microsoft.TypeSpec.Generator.Tests.Primitives.CSharpTypeTests" name="TypesAreNotEqual(System.Collections.Generic.IDictionary`2[System.Int32,System.String],System.Collections.Generic.Dictionary`2[TKey,TValue])" />
    </UnitTest>
    <UnitTest name="IntSerializationFormat(Integer,&quot;string&quot;)" storage="/home/runner/work/typespec/typespec/packages/http-client-csharp/generator/artifacts/bin/microsoft.typespec.generator.tests/debug/net8.0/microsoft.typespec.generator.tests.dll" id="75a80a46-3e28-4e58-89f5-a07382154d8f">
      <Execution id="bc7bb7dc-4f65-4dbe-9578-161bed4ab98f" />
      <TestMethod codeBase="/home/runner/work/typespec/typespec/packages/http-client-csharp/generator/artifacts/bin/Microsoft.TypeSpec.Generator.Tests/Debug/net8.0/Microsoft.TypeSpec.Generator.Tests.dll" adapterTypeName="executor://nunit3testexecutor/" className="Microsoft.TypeSpec.Generator.Tests.TypeFactoryTests" name="IntSerializationFormat(Integer,&quot;string&quot;)" />
    </UnitTest>
    <UnitTest name="CatchStatementWithMultipleLineBody" storage="/home/runner/work/typespec/typespec/packages/http-client-csharp/generator/artifacts/bin/microsoft.typespec.generator.tests/debug/net8.0/microsoft.typespec.generator.tests.dll" id="77d60e7c-643e-6c20-3cd0-1fd3cd3b2695">
      <Execution id="2bee9c20-4a0b-40a1-8c4b-caa8d006a218" />
      <TestMethod codeBase="/home/runner/work/typespec/typespec/packages/http-client-csharp/generator/artifacts/bin/Microsoft.TypeSpec.Generator.Tests/Debug/net8.0/Microsoft.TypeSpec.Generator.Tests.dll" adapterTypeName="executor://nunit3testexecutor/" className="Microsoft.TypeSpec.Generator.Tests.Statements.StatementTests" name="CatchStatementWithMultipleLineBody" />
    </UnitTest>
    <UnitTest name="BuildPropertyDescription(Microsoft.TypeSpec.Generator.Input.InputModelProperty,string)" storage="/home/runner/work/typespec/typespec/packages/http-client-csharp/generator/artifacts/bin/microsoft.typespec.generator.tests/debug/net8.0/microsoft.typespec.generator.tests.dll" id="1a86996e-43b2-eaea-70a8-80ee5eba7cee">
      <Execution id="df0e61bc-b742-4c80-b13c-5ff103f9981d" />
      <TestMethod codeBase="/home/runner/work/typespec/typespec/packages/http-client-csharp/generator/artifacts/bin/Microsoft.TypeSpec.Generator.Tests/Debug/net8.0/Microsoft.TypeSpec.Generator.Tests.dll" adapterTypeName="executor://nunit3testexecutor/" className="Microsoft.TypeSpec.Generator.Tests.Providers.PropertyDescriptionTests" name="BuildPropertyDescription(Microsoft.TypeSpec.Generator.Input.InputModelProperty,string)" />
    </UnitTest>
    <UnitTest name="BodyHasSetterValidation(&quot;nullableCollectionOnOutputModel&quot;,Microsoft.TypeSpec.Generator.Input.InputModelType,False,null)" storage="/home/runner/work/typespec/typespec/packages/http-client-csharp/generator/artifacts/bin/microsoft.typespec.generator.tests/debug/net8.0/microsoft.typespec.generator.tests.dll" id="4e86e2c7-87b8-1bb0-2680-5455cfd9c169">
      <Execution id="e8632bd9-567d-442c-b1f2-a0816ef07410" />
      <TestMethod codeBase="/home/runner/work/typespec/typespec/packages/http-client-csharp/generator/artifacts/bin/Microsoft.TypeSpec.Generator.Tests/Debug/net8.0/Microsoft.TypeSpec.Generator.Tests.dll" adapterTypeName="executor://nunit3testexecutor/" className="Microsoft.TypeSpec.Generator.Tests.Providers.PropertyProviderTests" name="BodyHasSetterValidation(&quot;nullableCollectionOnOutputModel&quot;,Microsoft.TypeSpec.Generator.Input.InputModelType,False,null)" />
    </UnitTest>
    <UnitTest name="EnumerableFormatInFormat" storage="/home/runner/work/typespec/typespec/packages/http-client-csharp/generator/artifacts/bin/microsoft.typespec.generator.tests/debug/net8.0/microsoft.typespec.generator.tests.dll" id="49800c27-39bc-20f4-fbcf-393ddfc11db8">
      <Execution id="14489c1e-9651-4983-83b6-e9c87f171f68" />
      <TestMethod codeBase="/home/runner/work/typespec/typespec/packages/http-client-csharp/generator/artifacts/bin/Microsoft.TypeSpec.Generator.Tests/Debug/net8.0/Microsoft.TypeSpec.Generator.Tests.dll" adapterTypeName="executor://nunit3testexecutor/" className="Microsoft.TypeSpec.Generator.Tests.Writers.CodeWriterTests" name="EnumerableFormatInFormat" />
    </UnitTest>
    <UnitTest name="VariableNameNotReusedWhenUsedInChildScope" storage="/home/runner/work/typespec/typespec/packages/http-client-csharp/generator/artifacts/bin/microsoft.typespec.generator.tests/debug/net8.0/microsoft.typespec.generator.tests.dll" id="160787b0-1efb-d2b7-8a3c-4607909e6802">
      <Execution id="baf2ad86-a8ab-4105-a2ef-ca2655b54a51" />
      <TestMethod codeBase="/home/runner/work/typespec/typespec/packages/http-client-csharp/generator/artifacts/bin/Microsoft.TypeSpec.Generator.Tests/Debug/net8.0/Microsoft.TypeSpec.Generator.Tests.dll" adapterTypeName="executor://nunit3testexecutor/" className="Microsoft.TypeSpec.Generator.Tests.Writers.CodeScopeTests" name="VariableNameNotReusedWhenUsedInChildScope" />
    </UnitTest>
    <UnitTest name="TestUpdateInvokeInstanceMethodExpression" storage="/home/runner/work/typespec/typespec/packages/http-client-csharp/generator/artifacts/bin/microsoft.typespec.generator.tests/debug/net8.0/microsoft.typespec.generator.tests.dll" id="357f1d80-bf4c-c33a-7f7f-9813a78197d6">
      <Execution id="f4371e53-671a-484d-8006-2bf5373ebebb" />
      <TestMethod codeBase="/home/runner/work/typespec/typespec/packages/http-client-csharp/generator/artifacts/bin/Microsoft.TypeSpec.Generator.Tests/Debug/net8.0/Microsoft.TypeSpec.Generator.Tests.dll" adapterTypeName="executor://nunit3testexecutor/" className="Microsoft.TypeSpec.Generator.Tests.Expressions.ExpressionsTests" name="TestUpdateInvokeInstanceMethodExpression" />
    </UnitTest>
    <UnitTest name="CodeWriter_WriteMethod_GenericConstraints" storage="/home/runner/work/typespec/typespec/packages/http-client-csharp/generator/artifacts/bin/microsoft.typespec.generator.tests/debug/net8.0/microsoft.typespec.generator.tests.dll" id="a0f47aa3-90be-a10d-6bdd-4f3eed0942ec">
      <Execution id="7d3a7f31-18aa-43a2-b5c4-e579808d9bb4" />
      <TestMethod codeBase="/home/runner/work/typespec/typespec/packages/http-client-csharp/generator/artifacts/bin/Microsoft.TypeSpec.Generator.Tests/Debug/net8.0/Microsoft.TypeSpec.Generator.Tests.dll" adapterTypeName="executor://nunit3testexecutor/" className="Microsoft.TypeSpec.Generator.Tests.Writers.CodeWriterTests" name="CodeWriter_WriteMethod_GenericConstraints" />
    </UnitTest>
    <UnitTest name="DerivedShouldNotHaveDiscriminatorParameter" storage="/home/runner/work/typespec/typespec/packages/http-client-csharp/generator/artifacts/bin/microsoft.typespec.generator.tests/debug/net8.0/microsoft.typespec.generator.tests.dll" id="12d4cfce-f952-5050-cfbd-0ed55f90dabf">
      <Execution id="7af09a19-82a8-4213-9411-2d1648dc9f7c" />
      <TestMethod codeBase="/home/runner/work/typespec/typespec/packages/http-client-csharp/generator/artifacts/bin/Microsoft.TypeSpec.Generator.Tests/Debug/net8.0/Microsoft.TypeSpec.Generator.Tests.dll" adapterTypeName="executor://nunit3testexecutor/" className="Microsoft.TypeSpec.Generator.Tests.Providers.ModelFactories.DiscriminatorTests" name="DerivedShouldNotHaveDiscriminatorParameter" />
    </UnitTest>
    <UnitTest name="NotEqualToFrameworkType(System.Int32,System.String)" storage="/home/runner/work/typespec/typespec/packages/http-client-csharp/generator/artifacts/bin/microsoft.typespec.generator.tests/debug/net8.0/microsoft.typespec.generator.tests.dll" id="cfee214c-88a1-d6af-e219-440c39e0637e">
      <Execution id="7f282d73-0d52-4c59-98c0-1e1e5db0ff7a" />
      <TestMethod codeBase="/home/runner/work/typespec/typespec/packages/http-client-csharp/generator/artifacts/bin/Microsoft.TypeSpec.Generator.Tests/Debug/net8.0/Microsoft.TypeSpec.Generator.Tests.dll" adapterTypeName="executor://nunit3testexecutor/" className="Microsoft.TypeSpec.Generator.Tests.Primitives.CSharpTypeTests" name="NotEqualToFrameworkType(System.Int32,System.String)" />
    </UnitTest>
    <UnitTest name="BackCompat_GAApiVersionsAdded" storage="/home/runner/work/typespec/typespec/packages/http-client-csharp/generator/artifacts/bin/microsoft.typespec.generator.tests/debug/net8.0/microsoft.typespec.generator.tests.dll" id="529e11c5-7768-7957-da11-f5bd2add9362">
      <Execution id="5248da21-58f9-4d81-b752-ab277394cefd" />
      <TestMethod codeBase="/home/runner/work/typespec/typespec/packages/http-client-csharp/generator/artifacts/bin/Microsoft.TypeSpec.Generator.Tests/Debug/net8.0/Microsoft.TypeSpec.Generator.Tests.dll" adapterTypeName="executor://nunit3testexecutor/" className="Microsoft.TypeSpec.Generator.Tests.Providers.EnumProviders.ApiVersionEnumProviderTests" name="BackCompat_GAApiVersionsAdded" />
    </UnitTest>
    <UnitTest name="AlreadyDeclaredVariableIsRenamedInScopeWithConflictingName" storage="/home/runner/work/typespec/typespec/packages/http-client-csharp/generator/artifacts/bin/microsoft.typespec.generator.tests/debug/net8.0/microsoft.typespec.generator.tests.dll" id="d72030c3-f0e8-7e1b-156d-6a3e88a93e71">
      <Execution id="3bd52369-bfc5-4244-8f55-4b8a7300336d" />
      <TestMethod codeBase="/home/runner/work/typespec/typespec/packages/http-client-csharp/generator/artifacts/bin/Microsoft.TypeSpec.Generator.Tests/Debug/net8.0/Microsoft.TypeSpec.Generator.Tests.dll" adapterTypeName="executor://nunit3testexecutor/" className="Microsoft.TypeSpec.Generator.Tests.Writers.CodeWriterDeclarationTests" name="AlreadyDeclaredVariableIsRenamedInScopeWithConflictingName" />
    </UnitTest>
    <UnitTest name="TestSnakeCaseProperty" storage="/home/runner/work/typespec/typespec/packages/http-client-csharp/generator/artifacts/bin/microsoft.typespec.generator.tests/debug/net8.0/microsoft.typespec.generator.tests.dll" id="36b001ef-f209-92e0-c905-a05873818879">
      <Execution id="3bd38229-3393-49b7-b11d-7ed985bf2c4f" />
      <TestMethod codeBase="/home/runner/work/typespec/typespec/packages/http-client-csharp/generator/artifacts/bin/Microsoft.TypeSpec.Generator.Tests/Debug/net8.0/Microsoft.TypeSpec.Generator.Tests.dll" adapterTypeName="executor://nunit3testexecutor/" className="Microsoft.TypeSpec.Generator.Tests.Providers.PropertyProviderTests" name="TestSnakeCaseProperty" />
    </UnitTest>
    <UnitTest name="TestIsCSharpKeyword(&quot;alias&quot;,True)" storage="/home/runner/work/typespec/typespec/packages/http-client-csharp/generator/artifacts/bin/microsoft.typespec.generator.tests/debug/net8.0/microsoft.typespec.generator.tests.dll" id="2238aa25-e5a6-8e7f-9981-e7e7ad9efecb">
      <Execution id="aa159369-ab49-44a5-b282-510e4166635e" />
      <TestMethod codeBase="/home/runner/work/typespec/typespec/packages/http-client-csharp/generator/artifacts/bin/Microsoft.TypeSpec.Generator.Tests/Debug/net8.0/Microsoft.TypeSpec.Generator.Tests.dll" adapterTypeName="executor://nunit3testexecutor/" className="Microsoft.TypeSpec.Generator.Tests.Utilities.StringExtensionsTests" name="TestIsCSharpKeyword(&quot;alias&quot;,True)" />
    </UnitTest>
    <UnitTest name="NotEqualToFrameworkType(System.Collections.Generic.IList`1[System.Int32],System.Int32)" storage="/home/runner/work/typespec/typespec/packages/http-client-csharp/generator/artifacts/bin/microsoft.typespec.generator.tests/debug/net8.0/microsoft.typespec.generator.tests.dll" id="197b1472-f12b-518d-0951-8d2db78ad7ca">
      <Execution id="40d48bd5-29c4-4857-9235-c489558dc34c" />
      <TestMethod codeBase="/home/runner/work/typespec/typespec/packages/http-client-csharp/generator/artifacts/bin/Microsoft.TypeSpec.Generator.Tests/Debug/net8.0/Microsoft.TypeSpec.Generator.Tests.dll" adapterTypeName="executor://nunit3testexecutor/" className="Microsoft.TypeSpec.Generator.Tests.Primitives.CSharpTypeTests" name="NotEqualToFrameworkType(System.Collections.Generic.IList`1[System.Int32],System.Int32)" />
    </UnitTest>
    <UnitTest name="IsReadWriteList(System.Collections.Generic.List`1[T],True)" storage="/home/runner/work/typespec/typespec/packages/http-client-csharp/generator/artifacts/bin/microsoft.typespec.generator.tests/debug/net8.0/microsoft.typespec.generator.tests.dll" id="0f29e433-ce66-01a6-7acb-28bce10d26ca">
      <Execution id="48f23bac-901e-4ded-9df8-9cc398f737e1" />
      <TestMethod codeBase="/home/runner/work/typespec/typespec/packages/http-client-csharp/generator/artifacts/bin/Microsoft.TypeSpec.Generator.Tests/Debug/net8.0/Microsoft.TypeSpec.Generator.Tests.dll" adapterTypeName="executor://nunit3testexecutor/" className="Microsoft.TypeSpec.Generator.Tests.Primitives.CSharpTypeTests" name="IsReadWriteList(System.Collections.Generic.List`1[T],True)" />
    </UnitTest>
    <UnitTest name="SeeCRefType(System.Collections.Generic.List`1[T],False)" storage="/home/runner/work/typespec/typespec/packages/http-client-csharp/generator/artifacts/bin/microsoft.typespec.generator.tests/debug/net8.0/microsoft.typespec.generator.tests.dll" id="1589c5b5-6a59-c4da-22fa-39108093107e">
      <Execution id="16498603-c901-4c6b-a04e-f4d80a85039f" />
      <TestMethod codeBase="/home/runner/work/typespec/typespec/packages/http-client-csharp/generator/artifacts/bin/Microsoft.TypeSpec.Generator.Tests/Debug/net8.0/Microsoft.TypeSpec.Generator.Tests.dll" adapterTypeName="executor://nunit3testexecutor/" className="Microsoft.TypeSpec.Generator.Tests.Writers.CodeWriterTests" name="SeeCRefType(System.Collections.Generic.List`1[T],False)" />
    </UnitTest>
    <UnitTest name="SystemTypeOperatorTestEqual(System.Guid)" storage="/home/runner/work/typespec/typespec/packages/http-client-csharp/generator/artifacts/bin/microsoft.typespec.generator.tests/debug/net8.0/microsoft.typespec.generator.tests.dll" id="abba7765-5d41-ca95-2786-a85f227f410c">
      <Execution id="2eed0d74-1277-499b-8bf3-942ac9ed9f29" />
      <TestMethod codeBase="/home/runner/work/typespec/typespec/packages/http-client-csharp/generator/artifacts/bin/Microsoft.TypeSpec.Generator.Tests/Debug/net8.0/Microsoft.TypeSpec.Generator.Tests.dll" adapterTypeName="executor://nunit3testexecutor/" className="Microsoft.TypeSpec.Generator.Tests.Expressions.ValueExpressionTests" name="SystemTypeOperatorTestEqual(System.Guid)" />
    </UnitTest>
    <UnitTest name="HashCodesAreNotEqual(System.Collections.Generic.IList`1[T],System.Int32)" storage="/home/runner/work/typespec/typespec/packages/http-client-csharp/generator/artifacts/bin/microsoft.typespec.generator.tests/debug/net8.0/microsoft.typespec.generator.tests.dll" id="bf083934-02bd-da8e-82a4-0acf0a077e53">
      <Execution id="346e7ca0-4c69-461f-b75f-9322ba7ff799" />
      <TestMethod codeBase="/home/runner/work/typespec/typespec/packages/http-client-csharp/generator/artifacts/bin/Microsoft.TypeSpec.Generator.Tests/Debug/net8.0/Microsoft.TypeSpec.Generator.Tests.dll" adapterTypeName="executor://nunit3testexecutor/" className="Microsoft.TypeSpec.Generator.Tests.Primitives.CSharpTypeTests" name="HashCodesAreNotEqual(System.Collections.Generic.IList`1[T],System.Int32)" />
    </UnitTest>
    <UnitTest name="BuildXmlDocsAddsCorrectExceptions" storage="/home/runner/work/typespec/typespec/packages/http-client-csharp/generator/artifacts/bin/microsoft.typespec.generator.tests/debug/net8.0/microsoft.typespec.generator.tests.dll" id="8f101769-b224-d5b5-9226-fb891fbfd579">
      <Execution id="c7864f5d-b2f7-4f49-806f-1b55bd1aa88b" />
      <TestMethod codeBase="/home/runner/work/typespec/typespec/packages/http-client-csharp/generator/artifacts/bin/Microsoft.TypeSpec.Generator.Tests/Debug/net8.0/Microsoft.TypeSpec.Generator.Tests.dll" adapterTypeName="executor://nunit3testexecutor/" className="Microsoft.TypeSpec.Generator.Tests.Utilities.MethodProviderHelpersTests" name="BuildXmlDocsAddsCorrectExceptions" />
    </UnitTest>
    <UnitTest name="TypesAreNotEqual(System.Collections.Generic.IDictionary`2[System.Int32,System.String],System.Collections.Generic.IDictionary`2[System.String,System.Int32])" storage="/home/runner/work/typespec/typespec/packages/http-client-csharp/generator/artifacts/bin/microsoft.typespec.generator.tests/debug/net8.0/microsoft.typespec.generator.tests.dll" id="42ab1a53-5dd7-1f8b-4b46-663e9b803cb1">
      <Execution id="dacad8b0-c40b-418c-9ff1-e637edeb9321" />
      <TestMethod codeBase="/home/runner/work/typespec/typespec/packages/http-client-csharp/generator/artifacts/bin/Microsoft.TypeSpec.Generator.Tests/Debug/net8.0/Microsoft.TypeSpec.Generator.Tests.dll" adapterTypeName="executor://nunit3testexecutor/" className="Microsoft.TypeSpec.Generator.Tests.Primitives.CSharpTypeTests" name="TypesAreNotEqual(System.Collections.Generic.IDictionary`2[System.Int32,System.String],System.Collections.Generic.IDictionary`2[System.String,System.Int32])" />
    </UnitTest>
    <UnitTest name="DictionaryExpression(System.Int32,System.String)" storage="/home/runner/work/typespec/typespec/packages/http-client-csharp/generator/artifacts/bin/microsoft.typespec.generator.tests/debug/net8.0/microsoft.typespec.generator.tests.dll" id="74305036-72d1-9364-ca62-aaf7612d9918">
      <Execution id="aeaf2755-3949-40a7-980c-4540f7004cce" />
      <TestMethod codeBase="/home/runner/work/typespec/typespec/packages/http-client-csharp/generator/artifacts/bin/Microsoft.TypeSpec.Generator.Tests/Debug/net8.0/Microsoft.TypeSpec.Generator.Tests.dll" adapterTypeName="executor://nunit3testexecutor/" className="Microsoft.TypeSpec.Generator.Tests.Expressions.KnownValueExpressionsTests" name="DictionaryExpression(System.Int32,System.String)" />
    </UnitTest>
    <UnitTest name="TestDownloadAndInstallPackage(False)" storage="/home/runner/work/typespec/typespec/packages/http-client-csharp/generator/artifacts/bin/microsoft.typespec.generator.tests/debug/net8.0/microsoft.typespec.generator.tests.dll" id="87fb9c2d-22c3-717c-a03f-71d69a0c9974">
      <Execution id="b77037bd-935e-43fb-b434-2907ed89487e" />
      <TestMethod codeBase="/home/runner/work/typespec/typespec/packages/http-client-csharp/generator/artifacts/bin/Microsoft.TypeSpec.Generator.Tests/Debug/net8.0/Microsoft.TypeSpec.Generator.Tests.dll" adapterTypeName="executor://nunit3testexecutor/" className="Microsoft.TypeSpec.Generator.Tests.Utilities.NugetPackageDownloaderTests" name="TestDownloadAndInstallPackage(False)" />
    </UnitTest>
    <UnitTest name="GetGenericTypeDefinition(System.Collections.Generic.KeyValuePair`2[System.Int32,System.String],System.Collections.Generic.KeyValuePair`2[TKey,TValue],True)" storage="/home/runner/work/typespec/typespec/packages/http-client-csharp/generator/artifacts/bin/microsoft.typespec.generator.tests/debug/net8.0/microsoft.typespec.generator.tests.dll" id="7dd8be0b-3cc0-5246-8517-74fcee7c02eb">
      <Execution id="78f27120-e088-4353-bc65-fb46fc246b64" />
      <TestMethod codeBase="/home/runner/work/typespec/typespec/packages/http-client-csharp/generator/artifacts/bin/Microsoft.TypeSpec.Generator.Tests/Debug/net8.0/Microsoft.TypeSpec.Generator.Tests.dll" adapterTypeName="executor://nunit3testexecutor/" className="Microsoft.TypeSpec.Generator.Tests.Primitives.CSharpTypeTests" name="GetGenericTypeDefinition(System.Collections.Generic.KeyValuePair`2[System.Int32,System.String],System.Collections.Generic.KeyValuePair`2[TKey,TValue],True)" />
    </UnitTest>
    <UnitTest name="TestToApiVersionMemberName(&quot;V2022.05.15_Preview&quot;,&quot;V2022_05_15_Preview&quot;)" storage="/home/runner/work/typespec/typespec/packages/http-client-csharp/generator/artifacts/bin/microsoft.typespec.generator.tests/debug/net8.0/microsoft.typespec.generator.tests.dll" id="117f282b-9661-8610-dd34-bd4b21fe10d7">
      <Execution id="af21c838-ae0f-440e-8c2b-4f957b3397dd" />
      <TestMethod codeBase="/home/runner/work/typespec/typespec/packages/http-client-csharp/generator/artifacts/bin/Microsoft.TypeSpec.Generator.Tests/Debug/net8.0/Microsoft.TypeSpec.Generator.Tests.dll" adapterTypeName="executor://nunit3testexecutor/" className="Microsoft.TypeSpec.Generator.Tests.Utilities.StringExtensionsTests" name="TestToApiVersionMemberName(&quot;V2022.05.15_Preview&quot;,&quot;V2022_05_15_Preview&quot;)" />
    </UnitTest>
    <UnitTest name="TypesAreNotEqualWhenNullabilityIsDifferent(System.Collections.Generic.IDictionary`2[System.String,System.Int32])" storage="/home/runner/work/typespec/typespec/packages/http-client-csharp/generator/artifacts/bin/microsoft.typespec.generator.tests/debug/net8.0/microsoft.typespec.generator.tests.dll" id="e5ffa856-2a3d-4756-1353-c73d0329c101">
      <Execution id="bd37d749-0796-4643-9c53-2466627c14e3" />
      <TestMethod codeBase="/home/runner/work/typespec/typespec/packages/http-client-csharp/generator/artifacts/bin/Microsoft.TypeSpec.Generator.Tests/Debug/net8.0/Microsoft.TypeSpec.Generator.Tests.dll" adapterTypeName="executor://nunit3testexecutor/" className="Microsoft.TypeSpec.Generator.Tests.Primitives.CSharpTypeTests" name="TypesAreNotEqualWhenNullabilityIsDifferent(System.Collections.Generic.IDictionary`2[System.String,System.Int32])" />
    </UnitTest>
    <UnitTest name="DictionaryParamShape" storage="/home/runner/work/typespec/typespec/packages/http-client-csharp/generator/artifacts/bin/microsoft.typespec.generator.tests/debug/net8.0/microsoft.typespec.generator.tests.dll" id="4c8ec50b-8c5a-aec9-c5b3-70243e209d42">
      <Execution id="700c87a6-71b9-481a-8d62-30d458e98c03" />
      <TestMethod codeBase="/home/runner/work/typespec/typespec/packages/http-client-csharp/generator/artifacts/bin/Microsoft.TypeSpec.Generator.Tests/Debug/net8.0/Microsoft.TypeSpec.Generator.Tests.dll" adapterTypeName="executor://nunit3testexecutor/" className="Microsoft.TypeSpec.Generator.Tests.Providers.ModelFactories.ModelFactoryProviderTests" name="DictionaryParamShape" />
    </UnitTest>
    <UnitTest name="KeyValuePairExpression(System.Collections.Generic.IList`1[System.Int32],System.Int32)" storage="/home/runner/work/typespec/typespec/packages/http-client-csharp/generator/artifacts/bin/microsoft.typespec.generator.tests/debug/net8.0/microsoft.typespec.generator.tests.dll" id="00ef2a3e-7ff0-9d6e-68c3-ad85f3770520">
      <Execution id="ee2ca914-a76b-42b9-9743-337d661625af" />
      <TestMethod codeBase="/home/runner/work/typespec/typespec/packages/http-client-csharp/generator/artifacts/bin/Microsoft.TypeSpec.Generator.Tests/Debug/net8.0/Microsoft.TypeSpec.Generator.Tests.dll" adapterTypeName="executor://nunit3testexecutor/" className="Microsoft.TypeSpec.Generator.Tests.Expressions.KnownValueExpressionsTests" name="KeyValuePairExpression(System.Collections.Generic.IList`1[System.Int32],System.Int32)" />
    </UnitTest>
    <UnitTest name="KeyValuePairExpression(System.Collections.Generic.IDictionary`2[System.Int32,System.String],System.Collections.Generic.IDictionary`2[System.String,System.Int32])" storage="/home/runner/work/typespec/typespec/packages/http-client-csharp/generator/artifacts/bin/microsoft.typespec.generator.tests/debug/net8.0/microsoft.typespec.generator.tests.dll" id="a05419fb-fa34-bae2-fbb2-d46c53d46cfa">
      <Execution id="c9d375b8-4bbd-48b9-8327-d26241a81337" />
      <TestMethod codeBase="/home/runner/work/typespec/typespec/packages/http-client-csharp/generator/artifacts/bin/Microsoft.TypeSpec.Generator.Tests/Debug/net8.0/Microsoft.TypeSpec.Generator.Tests.dll" adapterTypeName="executor://nunit3testexecutor/" className="Microsoft.TypeSpec.Generator.Tests.Expressions.KnownValueExpressionsTests" name="KeyValuePairExpression(System.Collections.Generic.IDictionary`2[System.Int32,System.String],System.Collections.Generic.IDictionary`2[System.String,System.Int32])" />
    </UnitTest>
    <UnitTest name="UnknownVariantIsInternal" storage="/home/runner/work/typespec/typespec/packages/http-client-csharp/generator/artifacts/bin/microsoft.typespec.generator.tests/debug/net8.0/microsoft.typespec.generator.tests.dll" id="0380a994-cb1e-d971-17c9-30c75820a28e">
      <Execution id="953c5c24-ef2a-490a-b5a1-df7073b64dba" />
      <TestMethod codeBase="/home/runner/work/typespec/typespec/packages/http-client-csharp/generator/artifacts/bin/Microsoft.TypeSpec.Generator.Tests/Debug/net8.0/Microsoft.TypeSpec.Generator.Tests.dll" adapterTypeName="executor://nunit3testexecutor/" className="Microsoft.TypeSpec.Generator.Tests.Providers.ModelProviders.DiscriminatorTests" name="UnknownVariantIsInternal" />
    </UnitTest>
    <UnitTest name="ValidateAnonymousSingleLine" storage="/home/runner/work/typespec/typespec/packages/http-client-csharp/generator/artifacts/bin/microsoft.typespec.generator.tests/debug/net8.0/microsoft.typespec.generator.tests.dll" id="96b32ab3-1bef-b570-9a41-56c009665258">
      <Execution id="12c27509-3e6d-45f5-80d3-7bcf1597ff2d" />
      <TestMethod codeBase="/home/runner/work/typespec/typespec/packages/http-client-csharp/generator/artifacts/bin/Microsoft.TypeSpec.Generator.Tests/Debug/net8.0/Microsoft.TypeSpec.Generator.Tests.dll" adapterTypeName="executor://nunit3testexecutor/" className="Microsoft.TypeSpec.Generator.Tests.Expressions.NewInstanceExpressionTests" name="ValidateAnonymousSingleLine" />
    </UnitTest>
    <UnitTest name="TypeModifiersTest(Public, Class, Abstract)" storage="/home/runner/work/typespec/typespec/packages/http-client-csharp/generator/artifacts/bin/microsoft.typespec.generator.tests/debug/net8.0/microsoft.typespec.generator.tests.dll" id="ce33973f-1182-a17f-313c-67aea25866dc">
      <Execution id="184cad65-9e8d-4c0c-945c-93c335d5f642" />
      <TestMethod codeBase="/home/runner/work/typespec/typespec/packages/http-client-csharp/generator/artifacts/bin/Microsoft.TypeSpec.Generator.Tests/Debug/net8.0/Microsoft.TypeSpec.Generator.Tests.dll" adapterTypeName="executor://nunit3testexecutor/" className="Microsoft.TypeSpec.Generator.Tests.Writers.CodeWriterTests" name="TypeModifiersTest(Public, Class, Abstract)" />
    </UnitTest>
    <UnitTest name="ListExpression(System.Guid)" storage="/home/runner/work/typespec/typespec/packages/http-client-csharp/generator/artifacts/bin/microsoft.typespec.generator.tests/debug/net8.0/microsoft.typespec.generator.tests.dll" id="217604e7-6db4-012e-0a6a-1649f099f543">
      <Execution id="ead84a41-b760-462a-bebe-bff8cb8afa90" />
      <TestMethod codeBase="/home/runner/work/typespec/typespec/packages/http-client-csharp/generator/artifacts/bin/Microsoft.TypeSpec.Generator.Tests/Debug/net8.0/Microsoft.TypeSpec.Generator.Tests.dll" adapterTypeName="executor://nunit3testexecutor/" className="Microsoft.TypeSpec.Generator.Tests.Expressions.KnownValueExpressionsTests" name="ListExpression(System.Guid)" />
    </UnitTest>
    <UnitTest name="TestIsCSharpKeyword(&quot;try&quot;,True)" storage="/home/runner/work/typespec/typespec/packages/http-client-csharp/generator/artifacts/bin/microsoft.typespec.generator.tests/debug/net8.0/microsoft.typespec.generator.tests.dll" id="2a3166cf-5ffa-ce6a-5a68-45b3b87b3718">
      <Execution id="1444095b-5aab-400b-8671-0f7e5cbcad16" />
      <TestMethod codeBase="/home/runner/work/typespec/typespec/packages/http-client-csharp/generator/artifacts/bin/Microsoft.TypeSpec.Generator.Tests/Debug/net8.0/Microsoft.TypeSpec.Generator.Tests.dll" adapterTypeName="executor://nunit3testexecutor/" className="Microsoft.TypeSpec.Generator.Tests.Utilities.StringExtensionsTests" name="TestIsCSharpKeyword(&quot;try&quot;,True)" />
    </UnitTest>
    <UnitTest name="TestKebabCaseProperty" storage="/home/runner/work/typespec/typespec/packages/http-client-csharp/generator/artifacts/bin/microsoft.typespec.generator.tests/debug/net8.0/microsoft.typespec.generator.tests.dll" id="4e6172dd-a8ae-4649-46ad-c01f8989b925">
      <Execution id="b7345228-9d47-45a0-8407-cb44205af08a" />
      <TestMethod codeBase="/home/runner/work/typespec/typespec/packages/http-client-csharp/generator/artifacts/bin/Microsoft.TypeSpec.Generator.Tests/Debug/net8.0/Microsoft.TypeSpec.Generator.Tests.dll" adapterTypeName="executor://nunit3testexecutor/" className="Microsoft.TypeSpec.Generator.Tests.Providers.PropertyProviderTests" name="TestKebabCaseProperty" />
    </UnitTest>
    <UnitTest name="ReadOnlyDict_Undefined_ReturnsFalse" storage="/home/runner/work/typespec/typespec/packages/http-client-csharp/generator/artifacts/bin/microsoft.typespec.generator.tests/debug/net8.0/microsoft.typespec.generator.tests.dll" id="86b6936d-d0a3-0fe4-51f4-73e029925e7c">
      <Execution id="940dd935-f045-4acc-9d9b-602982d3f4a2" />
      <TestMethod codeBase="/home/runner/work/typespec/typespec/packages/http-client-csharp/generator/artifacts/bin/Microsoft.TypeSpec.Generator.Tests/Debug/net8.0/Microsoft.TypeSpec.Generator.Tests.dll" adapterTypeName="executor://nunit3testexecutor/" className="Microsoft.TypeSpec.Generator.Tests.Providers.OptionalTests" name="ReadOnlyDict_Undefined_ReturnsFalse" />
    </UnitTest>
    <UnitTest name="ValidateNullableTypes(System.Nullable`1[Microsoft.TypeSpec.Generator.Tests.Primitives.CSharpTypeTests+TestStruct`1[System.Int32]],[int],True)" storage="/home/runner/work/typespec/typespec/packages/http-client-csharp/generator/artifacts/bin/microsoft.typespec.generator.tests/debug/net8.0/microsoft.typespec.generator.tests.dll" id="4a0a4794-a815-d62d-213d-900e17753073">
      <Execution id="695b0464-cd7b-414f-9e3b-b5bbc0ccf159" />
      <TestMethod codeBase="/home/runner/work/typespec/typespec/packages/http-client-csharp/generator/artifacts/bin/Microsoft.TypeSpec.Generator.Tests/Debug/net8.0/Microsoft.TypeSpec.Generator.Tests.dll" adapterTypeName="executor://nunit3testexecutor/" className="Microsoft.TypeSpec.Generator.Tests.Primitives.CSharpTypeTests" name="ValidateNullableTypes(System.Nullable`1[Microsoft.TypeSpec.Generator.Tests.Primitives.CSharpTypeTests+TestStruct`1[System.Int32]],[int],True)" />
    </UnitTest>
    <UnitTest name="SystemTypeOperatorTestEqual(System.Collections.Generic.IDictionary`2[TKey,TValue])" storage="/home/runner/work/typespec/typespec/packages/http-client-csharp/generator/artifacts/bin/microsoft.typespec.generator.tests/debug/net8.0/microsoft.typespec.generator.tests.dll" id="473af683-fbb7-769a-d5dc-655d5c483f51">
      <Execution id="41edb78a-e95f-4952-b12c-19240d09938e" />
      <TestMethod codeBase="/home/runner/work/typespec/typespec/packages/http-client-csharp/generator/artifacts/bin/Microsoft.TypeSpec.Generator.Tests/Debug/net8.0/Microsoft.TypeSpec.Generator.Tests.dll" adapterTypeName="executor://nunit3testexecutor/" className="Microsoft.TypeSpec.Generator.Tests.Expressions.ValueExpressionTests" name="SystemTypeOperatorTestEqual(System.Collections.Generic.IDictionary`2[TKey,TValue])" />
    </UnitTest>
    <UnitTest name="TestIsCSharpKeyword(&quot;yield&quot;,True)" storage="/home/runner/work/typespec/typespec/packages/http-client-csharp/generator/artifacts/bin/microsoft.typespec.generator.tests/debug/net8.0/microsoft.typespec.generator.tests.dll" id="395d029c-2c31-08ff-3127-fc125409b9c5">
      <Execution id="2d6fc067-abd6-42db-9839-46e49565b4dd" />
      <TestMethod codeBase="/home/runner/work/typespec/typespec/packages/http-client-csharp/generator/artifacts/bin/Microsoft.TypeSpec.Generator.Tests/Debug/net8.0/Microsoft.TypeSpec.Generator.Tests.dll" adapterTypeName="executor://nunit3testexecutor/" className="Microsoft.TypeSpec.Generator.Tests.Utilities.StringExtensionsTests" name="TestIsCSharpKeyword(&quot;yield&quot;,True)" />
    </UnitTest>
    <UnitTest name="ValidateGetFormattableStringFormatParts(&quot;This {0} has literal {{&quot;,[Part { Value = This , IsLiteral = True, ArgumentIndex = -1 }, Part { Value = 0, IsLiteral = False, ArgumentIndex = 0 }, Part { Value =  has literal {, IsLiteral = True, ArgumentIndex = -1 }])" storage="/home/runner/work/typespec/typespec/packages/http-client-csharp/generator/artifacts/bin/microsoft.typespec.generator.tests/debug/net8.0/microsoft.typespec.generator.tests.dll" id="8b100791-a571-8d3b-d8ba-0fa5bc0bdb14">
      <Execution id="3a4ed15a-d7b7-4d5e-93b9-9b978d046282" />
      <TestMethod codeBase="/home/runner/work/typespec/typespec/packages/http-client-csharp/generator/artifacts/bin/Microsoft.TypeSpec.Generator.Tests/Debug/net8.0/Microsoft.TypeSpec.Generator.Tests.dll" adapterTypeName="executor://nunit3testexecutor/" className="Microsoft.TypeSpec.Generator.Tests.Utilities.StringExtensionsTests" name="ValidateGetFormattableStringFormatParts(&quot;This {0} has literal {{&quot;,[Part { Value = This , IsLiteral = True, ArgumentIndex = -1 }, Part { Value = 0, IsLiteral = False, ArgumentIndex = 0 }, Part { Value =  has literal {, IsLiteral = True, ArgumentIndex = -1 }])" />
    </UnitTest>
    <UnitTest name="SystemTypeOperatorTestNotEqual(System.Collections.Generic.IDictionary`2[System.Int32,System.String],System.Collections.Generic.Dictionary`2[System.Int32,System.String])" storage="/home/runner/work/typespec/typespec/packages/http-client-csharp/generator/artifacts/bin/microsoft.typespec.generator.tests/debug/net8.0/microsoft.typespec.generator.tests.dll" id="9d50704a-b227-d7a3-39a9-b894a0d5a877">
      <Execution id="809778c2-ad06-4c4d-8910-1c3641d5c4be" />
      <TestMethod codeBase="/home/runner/work/typespec/typespec/packages/http-client-csharp/generator/artifacts/bin/Microsoft.TypeSpec.Generator.Tests/Debug/net8.0/Microsoft.TypeSpec.Generator.Tests.dll" adapterTypeName="executor://nunit3testexecutor/" className="Microsoft.TypeSpec.Generator.Tests.Expressions.ValueExpressionTests" name="SystemTypeOperatorTestNotEqual(System.Collections.Generic.IDictionary`2[System.Int32,System.String],System.Collections.Generic.Dictionary`2[System.Int32,System.String])" />
    </UnitTest>
    <UnitTest name="CanChangeModelToAbstract" storage="/home/runner/work/typespec/typespec/packages/http-client-csharp/generator/artifacts/bin/microsoft.typespec.generator.tests/debug/net8.0/microsoft.typespec.generator.tests.dll" id="0a450331-8760-b921-9350-6f9b8db96189">
      <Execution id="f644c548-26d2-4870-a4a4-f3ce47538104" />
      <TestMethod codeBase="/home/runner/work/typespec/typespec/packages/http-client-csharp/generator/artifacts/bin/Microsoft.TypeSpec.Generator.Tests/Debug/net8.0/Microsoft.TypeSpec.Generator.Tests.dll" adapterTypeName="executor://nunit3testexecutor/" className="Microsoft.TypeSpec.Generator.Tests.Providers.ModelProviders.ModelCustomizationTests" name="CanChangeModelToAbstract" />
    </UnitTest>
    <UnitTest name="FormatInFormat" storage="/home/runner/work/typespec/typespec/packages/http-client-csharp/generator/artifacts/bin/microsoft.typespec.generator.tests/debug/net8.0/microsoft.typespec.generator.tests.dll" id="816b2ac7-a43f-4c86-3132-8faeff3af2a9">
      <Execution id="f180b678-91c2-4d0b-b42f-a69cc0cfbddd" />
      <TestMethod codeBase="/home/runner/work/typespec/typespec/packages/http-client-csharp/generator/artifacts/bin/Microsoft.TypeSpec.Generator.Tests/Debug/net8.0/Microsoft.TypeSpec.Generator.Tests.dll" adapterTypeName="executor://nunit3testexecutor/" className="Microsoft.TypeSpec.Generator.Tests.Writers.CodeWriterTests" name="FormatInFormat" />
    </UnitTest>
    <UnitTest name="TestIsCSharpKeyword(&quot;event&quot;,True)" storage="/home/runner/work/typespec/typespec/packages/http-client-csharp/generator/artifacts/bin/microsoft.typespec.generator.tests/debug/net8.0/microsoft.typespec.generator.tests.dll" id="ac442438-d123-1eb0-fc6e-97447f034152">
      <Execution id="833a5fd0-27f7-44d9-b803-83c986f50eff" />
      <TestMethod codeBase="/home/runner/work/typespec/typespec/packages/http-client-csharp/generator/artifacts/bin/Microsoft.TypeSpec.Generator.Tests/Debug/net8.0/Microsoft.TypeSpec.Generator.Tests.dll" adapterTypeName="executor://nunit3testexecutor/" className="Microsoft.TypeSpec.Generator.Tests.Utilities.StringExtensionsTests" name="TestIsCSharpKeyword(&quot;event&quot;,True)" />
    </UnitTest>
    <UnitTest name="CanChangeEnumToExtensibleEnum" storage="/home/runner/work/typespec/typespec/packages/http-client-csharp/generator/artifacts/bin/microsoft.typespec.generator.tests/debug/net8.0/microsoft.typespec.generator.tests.dll" id="ac593a88-6f0a-acc8-69cd-01fa06d80aea">
      <Execution id="b3405fa4-2339-446b-b988-fa7481504055" />
      <TestMethod codeBase="/home/runner/work/typespec/typespec/packages/http-client-csharp/generator/artifacts/bin/Microsoft.TypeSpec.Generator.Tests/Debug/net8.0/Microsoft.TypeSpec.Generator.Tests.dll" adapterTypeName="executor://nunit3testexecutor/" className="Microsoft.TypeSpec.Generator.Tests.Providers.ModelProviders.ModelCustomizationTests" name="CanChangeEnumToExtensibleEnum" />
    </UnitTest>
    <UnitTest name="CanCustomizeExtensibleEnumAccessibility" storage="/home/runner/work/typespec/typespec/packages/http-client-csharp/generator/artifacts/bin/microsoft.typespec.generator.tests/debug/net8.0/microsoft.typespec.generator.tests.dll" id="313f1625-01d4-1a17-c4a9-ba74446a7696">
      <Execution id="329586f1-59e6-4ec6-90a7-69d8039403e8" />
      <TestMethod codeBase="/home/runner/work/typespec/typespec/packages/http-client-csharp/generator/artifacts/bin/Microsoft.TypeSpec.Generator.Tests/Debug/net8.0/Microsoft.TypeSpec.Generator.Tests.dll" adapterTypeName="executor://nunit3testexecutor/" className="Microsoft.TypeSpec.Generator.Tests.Providers.EnumProviders.EnumProviderCustomizationTests" name="CanCustomizeExtensibleEnumAccessibility" />
    </UnitTest>
    <UnitTest name="TestBreakLines_AllLiteralsNoArgsWithCRLF" storage="/home/runner/work/typespec/typespec/packages/http-client-csharp/generator/artifacts/bin/microsoft.typespec.generator.tests/debug/net8.0/microsoft.typespec.generator.tests.dll" id="9f73a637-0534-0960-9ad3-7d40b1e02040">
      <Execution id="a14ff001-256a-480b-a87d-e1678628b1b9" />
      <TestMethod codeBase="/home/runner/work/typespec/typespec/packages/http-client-csharp/generator/artifacts/bin/Microsoft.TypeSpec.Generator.Tests/Debug/net8.0/Microsoft.TypeSpec.Generator.Tests.dll" adapterTypeName="executor://nunit3testexecutor/" className="Microsoft.TypeSpec.Generator.Tests.Utilities.FormattableStringHelpersTests" name="TestBreakLines_AllLiteralsNoArgsWithCRLF" />
    </UnitTest>
    <UnitTest name="InitCtorShouldNotAssignBaseFieldBothRequired" storage="/home/runner/work/typespec/typespec/packages/http-client-csharp/generator/artifacts/bin/microsoft.typespec.generator.tests/debug/net8.0/microsoft.typespec.generator.tests.dll" id="6076c739-3e10-92f4-3ec4-0352280e9551">
      <Execution id="03d49d5a-b4e9-4589-9b90-af48b290e164" />
      <TestMethod codeBase="/home/runner/work/typespec/typespec/packages/http-client-csharp/generator/artifacts/bin/Microsoft.TypeSpec.Generator.Tests/Debug/net8.0/Microsoft.TypeSpec.Generator.Tests.dll" adapterTypeName="executor://nunit3testexecutor/" className="Microsoft.TypeSpec.Generator.Tests.Providers.ModelProviders.ModelProviderTests" name="InitCtorShouldNotAssignBaseFieldBothRequired" />
    </UnitTest>
    <UnitTest name="TestIsCSharpKeyword(&quot;dynamic&quot;,False)" storage="/home/runner/work/typespec/typespec/packages/http-client-csharp/generator/artifacts/bin/microsoft.typespec.generator.tests/debug/net8.0/microsoft.typespec.generator.tests.dll" id="852b3365-7284-16fe-f3df-952833d2b770">
      <Execution id="44cff409-3c9e-4e3b-bb3e-5bdf976657dc" />
      <TestMethod codeBase="/home/runner/work/typespec/typespec/packages/http-client-csharp/generator/artifacts/bin/Microsoft.TypeSpec.Generator.Tests/Debug/net8.0/Microsoft.TypeSpec.Generator.Tests.dll" adapterTypeName="executor://nunit3testexecutor/" className="Microsoft.TypeSpec.Generator.Tests.Utilities.StringExtensionsTests" name="TestIsCSharpKeyword(&quot;dynamic&quot;,False)" />
    </UnitTest>
    <UnitTest name="IsList(System.Collections.Generic.IReadOnlyCollection`1[T],False)" storage="/home/runner/work/typespec/typespec/packages/http-client-csharp/generator/artifacts/bin/microsoft.typespec.generator.tests/debug/net8.0/microsoft.typespec.generator.tests.dll" id="2bca310c-6c4d-019b-2536-3cb3e435465c">
      <Execution id="bdcd3ac4-eb61-4ffa-8685-faf8f2470806" />
      <TestMethod codeBase="/home/runner/work/typespec/typespec/packages/http-client-csharp/generator/artifacts/bin/Microsoft.TypeSpec.Generator.Tests/Debug/net8.0/Microsoft.TypeSpec.Generator.Tests.dll" adapterTypeName="executor://nunit3testexecutor/" className="Microsoft.TypeSpec.Generator.Tests.Primitives.CSharpTypeTests" name="IsList(System.Collections.Generic.IReadOnlyCollection`1[T],False)" />
    </UnitTest>
    <UnitTest name="BaseShouldHaveDiscriminatorParameter" storage="/home/runner/work/typespec/typespec/packages/http-client-csharp/generator/artifacts/bin/microsoft.typespec.generator.tests/debug/net8.0/microsoft.typespec.generator.tests.dll" id="e58a0d93-6593-9fa6-846c-b3b312bc33fa">
      <Execution id="72f46c35-24e7-4da2-81d1-dc59c8e4268a" />
      <TestMethod codeBase="/home/runner/work/typespec/typespec/packages/http-client-csharp/generator/artifacts/bin/Microsoft.TypeSpec.Generator.Tests/Debug/net8.0/Microsoft.TypeSpec.Generator.Tests.dll" adapterTypeName="executor://nunit3testexecutor/" className="Microsoft.TypeSpec.Generator.Tests.Providers.ModelFactories.DiscriminatorTests" name="BaseShouldHaveDiscriminatorParameter" />
    </UnitTest>
    <UnitTest name="InvalidDocCommentWithCref" storage="/home/runner/work/typespec/typespec/packages/http-client-csharp/generator/artifacts/bin/microsoft.typespec.generator.tests/debug/net8.0/microsoft.typespec.generator.tests.dll" id="fb85973b-8642-8a59-070d-2778a6c01518">
      <Execution id="62e4b743-7763-4d62-9b53-f3ea70321baf" />
      <TestMethod codeBase="/home/runner/work/typespec/typespec/packages/http-client-csharp/generator/artifacts/bin/Microsoft.TypeSpec.Generator.Tests/Debug/net8.0/Microsoft.TypeSpec.Generator.Tests.dll" adapterTypeName="executor://nunit3testexecutor/" className="Microsoft.TypeSpec.Generator.Tests.Statements.XmlDocStatementTests" name="InvalidDocCommentWithCref" />
    </UnitTest>
    <UnitTest name="SystemTypeOperatorTestNotEqual(System.Collections.Generic.IList`1[System.Int32],System.Collections.Generic.IList`1[T])" storage="/home/runner/work/typespec/typespec/packages/http-client-csharp/generator/artifacts/bin/microsoft.typespec.generator.tests/debug/net8.0/microsoft.typespec.generator.tests.dll" id="56b675d3-d852-6a04-d666-605aa73761b3">
      <Execution id="d4e6b2c9-dee7-498c-a903-9a03aec16c76" />
      <TestMethod codeBase="/home/runner/work/typespec/typespec/packages/http-client-csharp/generator/artifacts/bin/Microsoft.TypeSpec.Generator.Tests/Debug/net8.0/Microsoft.TypeSpec.Generator.Tests.dll" adapterTypeName="executor://nunit3testexecutor/" className="Microsoft.TypeSpec.Generator.Tests.Expressions.ValueExpressionTests" name="SystemTypeOperatorTestNotEqual(System.Collections.Generic.IList`1[System.Int32],System.Collections.Generic.IList`1[T])" />
    </UnitTest>
    <UnitTest name="TestWriteArguments" storage="/home/runner/work/typespec/typespec/packages/http-client-csharp/generator/artifacts/bin/microsoft.typespec.generator.tests/debug/net8.0/microsoft.typespec.generator.tests.dll" id="2bf46f67-6735-8fe7-01a5-c799708dd839">
      <Execution id="a628b870-f6df-4d19-b1b2-a411f3ce933b" />
      <TestMethod codeBase="/home/runner/work/typespec/typespec/packages/http-client-csharp/generator/artifacts/bin/Microsoft.TypeSpec.Generator.Tests/Debug/net8.0/Microsoft.TypeSpec.Generator.Tests.dll" adapterTypeName="executor://nunit3testexecutor/" className="Microsoft.TypeSpec.Generator.Tests.Writers.CodeWriterTests" name="TestWriteArguments" />
    </UnitTest>
    <UnitTest name="HashCodesAreEqual(System.Collections.Generic.IList`1[T])" storage="/home/runner/work/typespec/typespec/packages/http-client-csharp/generator/artifacts/bin/microsoft.typespec.generator.tests/debug/net8.0/microsoft.typespec.generator.tests.dll" id="e3808a39-6626-04fc-4a46-f479127fa804">
      <Execution id="927ad376-0dfe-4032-96c3-02dbdfc2cad6" />
      <TestMethod codeBase="/home/runner/work/typespec/typespec/packages/http-client-csharp/generator/artifacts/bin/Microsoft.TypeSpec.Generator.Tests/Debug/net8.0/Microsoft.TypeSpec.Generator.Tests.dll" adapterTypeName="executor://nunit3testexecutor/" className="Microsoft.TypeSpec.Generator.Tests.Primitives.CSharpTypeTests" name="HashCodesAreEqual(System.Collections.Generic.IList`1[T])" />
    </UnitTest>
    <UnitTest name="ValidateParameters(System.Boolean,ScopedApi { Original = KeywordExpression { Keyword = false, Expression =  }, Type = bool })" storage="/home/runner/work/typespec/typespec/packages/http-client-csharp/generator/artifacts/bin/microsoft.typespec.generator.tests/debug/net8.0/microsoft.typespec.generator.tests.dll" id="d8820f6c-b583-54f8-a42b-8e0896c5d242">
      <Execution id="2cb7c491-a5fb-4d7c-9a09-51e02a43734b" />
      <TestMethod codeBase="/home/runner/work/typespec/typespec/packages/http-client-csharp/generator/artifacts/bin/Microsoft.TypeSpec.Generator.Tests/Debug/net8.0/Microsoft.TypeSpec.Generator.Tests.dll" adapterTypeName="executor://nunit3testexecutor/" className="Microsoft.TypeSpec.Generator.Tests.Providers.NamedTypeSymbolProviders.NamedTypeSymbolProviderTests" name="ValidateParameters(System.Boolean,ScopedApi { Original = KeywordExpression { Keyword = false, Expression =  }, Type = bool })" />
    </UnitTest>
    <UnitTest name="TypesAreNotEqualWhenNullabilityIsDifferent(System.Collections.Generic.IDictionary`2[System.String,System.Nullable`1[System.Int32]])" storage="/home/runner/work/typespec/typespec/packages/http-client-csharp/generator/artifacts/bin/microsoft.typespec.generator.tests/debug/net8.0/microsoft.typespec.generator.tests.dll" id="2b30d78e-2780-638d-4d4e-ad1bdc603ccd">
      <Execution id="ae512cce-579e-4805-8c41-8f4a09a67559" />
      <TestMethod codeBase="/home/runner/work/typespec/typespec/packages/http-client-csharp/generator/artifacts/bin/Microsoft.TypeSpec.Generator.Tests/Debug/net8.0/Microsoft.TypeSpec.Generator.Tests.dll" adapterTypeName="executor://nunit3testexecutor/" className="Microsoft.TypeSpec.Generator.Tests.Primitives.CSharpTypeTests" name="TypesAreNotEqualWhenNullabilityIsDifferent(System.Collections.Generic.IDictionary`2[System.String,System.Nullable`1[System.Int32]])" />
    </UnitTest>
    <UnitTest name="TestIsCSharpKeyword(&quot;as&quot;,True)" storage="/home/runner/work/typespec/typespec/packages/http-client-csharp/generator/artifacts/bin/microsoft.typespec.generator.tests/debug/net8.0/microsoft.typespec.generator.tests.dll" id="fb1051f4-7c0e-47f7-1ca4-457f2fed6fc8">
      <Execution id="7825bea5-0291-4ab5-9f5a-aaad9441d4ed" />
      <TestMethod codeBase="/home/runner/work/typespec/typespec/packages/http-client-csharp/generator/artifacts/bin/Microsoft.TypeSpec.Generator.Tests/Debug/net8.0/Microsoft.TypeSpec.Generator.Tests.dll" adapterTypeName="executor://nunit3testexecutor/" className="Microsoft.TypeSpec.Generator.Tests.Utilities.StringExtensionsTests" name="TestIsCSharpKeyword(&quot;as&quot;,True)" />
    </UnitTest>
    <UnitTest name="IfElseStatementWithIfAndElse" storage="/home/runner/work/typespec/typespec/packages/http-client-csharp/generator/artifacts/bin/microsoft.typespec.generator.tests/debug/net8.0/microsoft.typespec.generator.tests.dll" id="0a898da9-dffd-95c1-e7c6-9b21510a6c07">
      <Execution id="b6f36585-a9c5-4c7b-9592-918d9e5ce089" />
      <TestMethod codeBase="/home/runner/work/typespec/typespec/packages/http-client-csharp/generator/artifacts/bin/Microsoft.TypeSpec.Generator.Tests/Debug/net8.0/Microsoft.TypeSpec.Generator.Tests.dll" adapterTypeName="executor://nunit3testexecutor/" className="Microsoft.TypeSpec.Generator.Tests.Statements.StatementTests" name="IfElseStatementWithIfAndElse" />
    </UnitTest>
    <UnitTest name="TestArrayInitializerExpression" storage="/home/runner/work/typespec/typespec/packages/http-client-csharp/generator/artifacts/bin/microsoft.typespec.generator.tests/debug/net8.0/microsoft.typespec.generator.tests.dll" id="114346b0-fd0c-f14f-c636-286c8a30704e">
      <Execution id="9525365b-610f-474e-a68d-4399b0347871" />
      <TestMethod codeBase="/home/runner/work/typespec/typespec/packages/http-client-csharp/generator/artifacts/bin/Microsoft.TypeSpec.Generator.Tests/Debug/net8.0/Microsoft.TypeSpec.Generator.Tests.dll" adapterTypeName="executor://nunit3testexecutor/" className="Microsoft.TypeSpec.Generator.Tests.Expressions.ExpressionsTests" name="TestArrayInitializerExpression" />
    </UnitTest>
    <UnitTest name="TestToApiVersionValue(&quot;V3&quot;,&quot;3&quot;)" storage="/home/runner/work/typespec/typespec/packages/http-client-csharp/generator/artifacts/bin/microsoft.typespec.generator.tests/debug/net8.0/microsoft.typespec.generator.tests.dll" id="ec599911-31c6-a6d9-315e-7655be866ef6">
      <Execution id="afaa60a8-b2f7-441d-8db3-029b37a8ff20" />
      <TestMethod codeBase="/home/runner/work/typespec/typespec/packages/http-client-csharp/generator/artifacts/bin/Microsoft.TypeSpec.Generator.Tests/Debug/net8.0/Microsoft.TypeSpec.Generator.Tests.dll" adapterTypeName="executor://nunit3testexecutor/" className="Microsoft.TypeSpec.Generator.Tests.Utilities.StringExtensionsTests" name="TestToApiVersionValue(&quot;V3&quot;,&quot;3&quot;)" />
    </UnitTest>
    <UnitTest name="GetOrderedPluginDlls" storage="/home/runner/work/typespec/typespec/packages/http-client-csharp/generator/artifacts/bin/microsoft.typespec.generator.tests/debug/net8.0/microsoft.typespec.generator.tests.dll" id="da1f5979-147d-33a6-599b-ca19e039d5bc">
      <Execution id="400c7ddd-6433-4386-8ed5-7dc21d3d53b8" />
      <TestMethod codeBase="/home/runner/work/typespec/typespec/packages/http-client-csharp/generator/artifacts/bin/Microsoft.TypeSpec.Generator.Tests/Debug/net8.0/Microsoft.TypeSpec.Generator.Tests.dll" adapterTypeName="executor://nunit3testexecutor/" className="Microsoft.TypeSpec.Generator.Tests.StartUp.GeneratorHandlerTests" name="GetOrderedPluginDlls" />
    </UnitTest>
    <UnitTest name="ConstantsShouldNotBeTurnedIntoEnums" storage="/home/runner/work/typespec/typespec/packages/http-client-csharp/generator/artifacts/bin/microsoft.typespec.generator.tests/debug/net8.0/microsoft.typespec.generator.tests.dll" id="48d24184-8e01-c4ac-6f97-2c911c31572e">
      <Execution id="6b512d4e-9b6e-44b2-b497-64a719b6e5c3" />
      <TestMethod codeBase="/home/runner/work/typespec/typespec/packages/http-client-csharp/generator/artifacts/bin/Microsoft.TypeSpec.Generator.Tests/Debug/net8.0/Microsoft.TypeSpec.Generator.Tests.dll" adapterTypeName="executor://nunit3testexecutor/" className="Microsoft.TypeSpec.Generator.Tests.OutputLibraryTests" name="ConstantsShouldNotBeTurnedIntoEnums" />
    </UnitTest>
    <UnitTest name="TypesAreEqual(System.Collections.Generic.IDictionary`2[System.String,System.Int32])" storage="/home/runner/work/typespec/typespec/packages/http-client-csharp/generator/artifacts/bin/microsoft.typespec.generator.tests/debug/net8.0/microsoft.typespec.generator.tests.dll" id="ea46db01-4d22-4ba0-0f88-098fd49f94c1">
      <Execution id="654454be-5e6c-4df0-b5f0-af121a5a68e1" />
      <TestMethod codeBase="/home/runner/work/typespec/typespec/packages/http-client-csharp/generator/artifacts/bin/Microsoft.TypeSpec.Generator.Tests/Debug/net8.0/Microsoft.TypeSpec.Generator.Tests.dll" adapterTypeName="executor://nunit3testexecutor/" className="Microsoft.TypeSpec.Generator.Tests.Primitives.CSharpTypeTests" name="TypesAreEqual(System.Collections.Generic.IDictionary`2[System.String,System.Int32])" />
    </UnitTest>
    <UnitTest name="ValidateParameters(System.Single,LiteralExpression { Literal = 2.2 })" storage="/home/runner/work/typespec/typespec/packages/http-client-csharp/generator/artifacts/bin/microsoft.typespec.generator.tests/debug/net8.0/microsoft.typespec.generator.tests.dll" id="3d5e263b-51f7-ab2a-f3b8-127bc771666c">
      <Execution id="ba4d5983-7cb7-4165-930e-cef9f83a49a3" />
      <TestMethod codeBase="/home/runner/work/typespec/typespec/packages/http-client-csharp/generator/artifacts/bin/Microsoft.TypeSpec.Generator.Tests/Debug/net8.0/Microsoft.TypeSpec.Generator.Tests.dll" adapterTypeName="executor://nunit3testexecutor/" className="Microsoft.TypeSpec.Generator.Tests.Providers.NamedTypeSymbolProviders.NamedTypeSymbolProviderTests" name="ValidateParameters(System.Single,LiteralExpression { Literal = 2.2 })" />
    </UnitTest>
    <UnitTest name="BaseKindPropertyIsNotVirtual" storage="/home/runner/work/typespec/typespec/packages/http-client-csharp/generator/artifacts/bin/microsoft.typespec.generator.tests/debug/net8.0/microsoft.typespec.generator.tests.dll" id="6db4613b-cb5a-a295-9422-b05106c1521b">
      <Execution id="13bb7f12-c529-4f59-8bad-77e8d30a6c4a" />
      <TestMethod codeBase="/home/runner/work/typespec/typespec/packages/http-client-csharp/generator/artifacts/bin/Microsoft.TypeSpec.Generator.Tests/Debug/net8.0/Microsoft.TypeSpec.Generator.Tests.dll" adapterTypeName="executor://nunit3testexecutor/" className="Microsoft.TypeSpec.Generator.Tests.Providers.ModelProviders.DiscriminatorTests" name="BaseKindPropertyIsNotVirtual" />
    </UnitTest>
    <UnitTest name="TestIsCSharpKeyword(&quot;protected&quot;,True)" storage="/home/runner/work/typespec/typespec/packages/http-client-csharp/generator/artifacts/bin/microsoft.typespec.generator.tests/debug/net8.0/microsoft.typespec.generator.tests.dll" id="2ab45ef2-5a8f-9eb5-ac3d-8a1501facb84">
      <Execution id="dfcc4d85-60ce-4405-b8fd-1d81219803a2" />
      <TestMethod codeBase="/home/runner/work/typespec/typespec/packages/http-client-csharp/generator/artifacts/bin/Microsoft.TypeSpec.Generator.Tests/Debug/net8.0/Microsoft.TypeSpec.Generator.Tests.dll" adapterTypeName="executor://nunit3testexecutor/" className="Microsoft.TypeSpec.Generator.Tests.Utilities.StringExtensionsTests" name="TestIsCSharpKeyword(&quot;protected&quot;,True)" />
    </UnitTest>
    <UnitTest name="KeyValuePairExpression(System.Collections.Generic.IDictionary`2[System.Int32,System.String],System.Collections.Generic.Dictionary`2[System.Int32,System.Int32])" storage="/home/runner/work/typespec/typespec/packages/http-client-csharp/generator/artifacts/bin/microsoft.typespec.generator.tests/debug/net8.0/microsoft.typespec.generator.tests.dll" id="6a279228-cef0-ee53-5d2a-fffd8e3d09df">
      <Execution id="c79ad32c-4a2f-4093-81d6-ff279be7f413" />
      <TestMethod codeBase="/home/runner/work/typespec/typespec/packages/http-client-csharp/generator/artifacts/bin/Microsoft.TypeSpec.Generator.Tests/Debug/net8.0/Microsoft.TypeSpec.Generator.Tests.dll" adapterTypeName="executor://nunit3testexecutor/" className="Microsoft.TypeSpec.Generator.Tests.Expressions.KnownValueExpressionsTests" name="KeyValuePairExpression(System.Collections.Generic.IDictionary`2[System.Int32,System.String],System.Collections.Generic.Dictionary`2[System.Int32,System.Int32])" />
    </UnitTest>
    <UnitTest name="BodyHasSetterValidation(&quot;requiredReadOnlyStringPropOnStruct&quot;,Microsoft.TypeSpec.Generator.Input.InputModelType,False,Struct)" storage="/home/runner/work/typespec/typespec/packages/http-client-csharp/generator/artifacts/bin/microsoft.typespec.generator.tests/debug/net8.0/microsoft.typespec.generator.tests.dll" id="522d659a-f9be-7995-e9e5-e4d2d980d8bf">
      <Execution id="d4319d75-d949-4365-86fb-7638d618e253" />
      <TestMethod codeBase="/home/runner/work/typespec/typespec/packages/http-client-csharp/generator/artifacts/bin/Microsoft.TypeSpec.Generator.Tests/Debug/net8.0/Microsoft.TypeSpec.Generator.Tests.dll" adapterTypeName="executor://nunit3testexecutor/" className="Microsoft.TypeSpec.Generator.Tests.Providers.PropertyProviderTests" name="BodyHasSetterValidation(&quot;requiredReadOnlyStringPropOnStruct&quot;,Microsoft.TypeSpec.Generator.Input.InputModelType,False,Struct)" />
    </UnitTest>
    <UnitTest name="TestIsCSharpKeyword(&quot;throw&quot;,True)" storage="/home/runner/work/typespec/typespec/packages/http-client-csharp/generator/artifacts/bin/microsoft.typespec.generator.tests/debug/net8.0/microsoft.typespec.generator.tests.dll" id="9e872515-5269-fd11-ee3a-0400c7b6cc18">
      <Execution id="d33cfb2a-b8fb-49dd-93dc-1061d29e9a24" />
      <TestMethod codeBase="/home/runner/work/typespec/typespec/packages/http-client-csharp/generator/artifacts/bin/Microsoft.TypeSpec.Generator.Tests/Debug/net8.0/Microsoft.TypeSpec.Generator.Tests.dll" adapterTypeName="executor://nunit3testexecutor/" className="Microsoft.TypeSpec.Generator.Tests.Utilities.StringExtensionsTests" name="TestIsCSharpKeyword(&quot;throw&quot;,True)" />
    </UnitTest>
    <UnitTest name="CanUpdateMemberExpression" storage="/home/runner/work/typespec/typespec/packages/http-client-csharp/generator/artifacts/bin/microsoft.typespec.generator.tests/debug/net8.0/microsoft.typespec.generator.tests.dll" id="77f7ee0e-886f-f898-6f5d-3b61078bccf6">
      <Execution id="036c770d-066b-4dfc-a91b-6003c77ad75d" />
      <TestMethod codeBase="/home/runner/work/typespec/typespec/packages/http-client-csharp/generator/artifacts/bin/Microsoft.TypeSpec.Generator.Tests/Debug/net8.0/Microsoft.TypeSpec.Generator.Tests.dll" adapterTypeName="executor://nunit3testexecutor/" className="Microsoft.TypeSpec.Generator.Tests.Expressions.ExpressionVisitorTests" name="CanUpdateMemberExpression" />
    </UnitTest>
    <UnitTest name="TryCatchFinallyStatementWithMultipleCatches" storage="/home/runner/work/typespec/typespec/packages/http-client-csharp/generator/artifacts/bin/microsoft.typespec.generator.tests/debug/net8.0/microsoft.typespec.generator.tests.dll" id="237c61c6-1f2d-6b79-8b65-64735f1ec6bd">
      <Execution id="8ab7c9d2-7d55-47dd-a122-b8d0a3c645c4" />
      <TestMethod codeBase="/home/runner/work/typespec/typespec/packages/http-client-csharp/generator/artifacts/bin/Microsoft.TypeSpec.Generator.Tests/Debug/net8.0/Microsoft.TypeSpec.Generator.Tests.dll" adapterTypeName="executor://nunit3testexecutor/" className="Microsoft.TypeSpec.Generator.Tests.Statements.StatementTests" name="TryCatchFinallyStatementWithMultipleCatches" />
    </UnitTest>
    <UnitTest name="TestIsCSharpKeyword(&quot;while&quot;,True)" storage="/home/runner/work/typespec/typespec/packages/http-client-csharp/generator/artifacts/bin/microsoft.typespec.generator.tests/debug/net8.0/microsoft.typespec.generator.tests.dll" id="75294453-38c3-0103-a312-a963689198db">
      <Execution id="61034504-f5c8-4e07-8d69-e23a28e312c0" />
      <TestMethod codeBase="/home/runner/work/typespec/typespec/packages/http-client-csharp/generator/artifacts/bin/Microsoft.TypeSpec.Generator.Tests/Debug/net8.0/Microsoft.TypeSpec.Generator.Tests.dll" adapterTypeName="executor://nunit3testexecutor/" className="Microsoft.TypeSpec.Generator.Tests.Utilities.StringExtensionsTests" name="TestIsCSharpKeyword(&quot;while&quot;,True)" />
    </UnitTest>
    <UnitTest name="EqualToFrameworkType(System.Collections.Generic.IDictionary`2[TKey,TValue])" storage="/home/runner/work/typespec/typespec/packages/http-client-csharp/generator/artifacts/bin/microsoft.typespec.generator.tests/debug/net8.0/microsoft.typespec.generator.tests.dll" id="eae9acd1-08ab-2e6a-b6e3-33ad1a80573f">
      <Execution id="6ef1cff3-23b1-414f-ad47-bd42a2ea5a7b" />
      <TestMethod codeBase="/home/runner/work/typespec/typespec/packages/http-client-csharp/generator/artifacts/bin/Microsoft.TypeSpec.Generator.Tests/Debug/net8.0/Microsoft.TypeSpec.Generator.Tests.dll" adapterTypeName="executor://nunit3testexecutor/" className="Microsoft.TypeSpec.Generator.Tests.Primitives.CSharpTypeTests" name="EqualToFrameworkType(System.Collections.Generic.IDictionary`2[TKey,TValue])" />
    </UnitTest>
    <UnitTest name="ValidateNullableTypes(System.Nullable`1[System.Guid],[],True)" storage="/home/runner/work/typespec/typespec/packages/http-client-csharp/generator/artifacts/bin/microsoft.typespec.generator.tests/debug/net8.0/microsoft.typespec.generator.tests.dll" id="18b3de60-28a6-0693-3c77-327be7914558">
      <Execution id="5a29439e-cafc-4b08-9bc4-84329dcde273" />
      <TestMethod codeBase="/home/runner/work/typespec/typespec/packages/http-client-csharp/generator/artifacts/bin/Microsoft.TypeSpec.Generator.Tests/Debug/net8.0/Microsoft.TypeSpec.Generator.Tests.dll" adapterTypeName="executor://nunit3testexecutor/" className="Microsoft.TypeSpec.Generator.Tests.Primitives.CSharpTypeTests" name="ValidateNullableTypes(System.Nullable`1[System.Guid],[],True)" />
    </UnitTest>
    <UnitTest name="SerializationCtorForUnknownTakesDiscriminator" storage="/home/runner/work/typespec/typespec/packages/http-client-csharp/generator/artifacts/bin/microsoft.typespec.generator.tests/debug/net8.0/microsoft.typespec.generator.tests.dll" id="42128f80-2763-b343-717b-a3b1c007eecb">
      <Execution id="1fc39164-7a34-4cce-8def-9a5c1bd023bd" />
      <TestMethod codeBase="/home/runner/work/typespec/typespec/packages/http-client-csharp/generator/artifacts/bin/Microsoft.TypeSpec.Generator.Tests/Debug/net8.0/Microsoft.TypeSpec.Generator.Tests.dll" adapterTypeName="executor://nunit3testexecutor/" className="Microsoft.TypeSpec.Generator.Tests.Providers.ModelProviders.DiscriminatorTests" name="SerializationCtorForUnknownTakesDiscriminator" />
    </UnitTest>
    <UnitTest name="CorrectValidationIsAppliedToParameter(Url,False,None)" storage="/home/runner/work/typespec/typespec/packages/http-client-csharp/generator/artifacts/bin/microsoft.typespec.generator.tests/debug/net8.0/microsoft.typespec.generator.tests.dll" id="4d4bf712-4670-0f1f-bf49-a2e97a29ef2e">
      <Execution id="ef22105c-d864-4c75-ad42-577feb14e168" />
      <TestMethod codeBase="/home/runner/work/typespec/typespec/packages/http-client-csharp/generator/artifacts/bin/Microsoft.TypeSpec.Generator.Tests/Debug/net8.0/Microsoft.TypeSpec.Generator.Tests.dll" adapterTypeName="executor://nunit3testexecutor/" className="Microsoft.TypeSpec.Generator.Tests.Providers.ParameterProviderTests" name="CorrectValidationIsAppliedToParameter(Url,False,None)" />
    </UnitTest>
    <UnitTest name="CanCallInvokeWithTypeArgs" storage="/home/runner/work/typespec/typespec/packages/http-client-csharp/generator/artifacts/bin/microsoft.typespec.generator.tests/debug/net8.0/microsoft.typespec.generator.tests.dll" id="fc635ae0-ae9b-6db5-4856-13ca6bd520f6">
      <Execution id="1dcdc005-cad7-4056-818c-d611bc913af4" />
      <TestMethod codeBase="/home/runner/work/typespec/typespec/packages/http-client-csharp/generator/artifacts/bin/Microsoft.TypeSpec.Generator.Tests/Debug/net8.0/Microsoft.TypeSpec.Generator.Tests.dll" adapterTypeName="executor://nunit3testexecutor/" className="Microsoft.TypeSpec.Generator.Tests.Expressions.ValueExpressionTests" name="CanCallInvokeWithTypeArgs" />
    </UnitTest>
    <UnitTest name="CanChangeWhileStatement" storage="/home/runner/work/typespec/typespec/packages/http-client-csharp/generator/artifacts/bin/microsoft.typespec.generator.tests/debug/net8.0/microsoft.typespec.generator.tests.dll" id="33a726c2-b72a-feb7-5786-a21c52f7478c">
      <Execution id="73e66f27-3d9b-467e-aa34-a4bc54186f16" />
      <TestMethod codeBase="/home/runner/work/typespec/typespec/packages/http-client-csharp/generator/artifacts/bin/Microsoft.TypeSpec.Generator.Tests/Debug/net8.0/Microsoft.TypeSpec.Generator.Tests.dll" adapterTypeName="executor://nunit3testexecutor/" className="Microsoft.TypeSpec.Generator.Tests.Statements.StatementVisitorTests" name="CanChangeWhileStatement" />
    </UnitTest>
    <UnitTest name="ValidateNullableTypes(System.Nullable`1[Microsoft.TypeSpec.Generator.Tests.Primitives.CSharpTypeTests+TestStruct`1[System.Nullable`1[Microsoft.TypeSpec.Generator.Tests.Primitives.CSharpTypeTests+TestStruct`1[System.Int32]]]],[global::Microsoft.TypeSpec.Generator.Tests.Primitives.CSharpTypeTests.TestStruct&lt;int&gt;?],True)" storage="/home/runner/work/typespec/typespec/packages/http-client-csharp/generator/artifacts/bin/microsoft.typespec.generator.tests/debug/net8.0/microsoft.typespec.generator.tests.dll" id="b47dd208-7232-a7b2-1939-15611c344fe4">
      <Execution id="7296b323-4a3c-4ad5-bb2f-928b6932681d" />
      <TestMethod codeBase="/home/runner/work/typespec/typespec/packages/http-client-csharp/generator/artifacts/bin/Microsoft.TypeSpec.Generator.Tests/Debug/net8.0/Microsoft.TypeSpec.Generator.Tests.dll" adapterTypeName="executor://nunit3testexecutor/" className="Microsoft.TypeSpec.Generator.Tests.Primitives.CSharpTypeTests" name="ValidateNullableTypes(System.Nullable`1[Microsoft.TypeSpec.Generator.Tests.Primitives.CSharpTypeTests+TestStruct`1[System.Nullable`1[Microsoft.TypeSpec.Generator.Tests.Primitives.CSharpTypeTests+TestStruct`1[System.Int32]]]],[global::Microsoft.TypeSpec.Generator.Tests.Primitives.CSharpTypeTests.TestStruct&lt;int&gt;?],True)" />
    </UnitTest>
    <UnitTest name="CodeGenMemberAttributeEmitted" storage="/home/runner/work/typespec/typespec/packages/http-client-csharp/generator/artifacts/bin/microsoft.typespec.generator.tests/debug/net8.0/microsoft.typespec.generator.tests.dll" id="b92fe475-11af-e5d9-4e0f-6f5ce83c386e">
      <Execution id="6b1f2b5f-68c3-4de7-8499-87bf7706541c" />
      <TestMethod codeBase="/home/runner/work/typespec/typespec/packages/http-client-csharp/generator/artifacts/bin/Microsoft.TypeSpec.Generator.Tests/Debug/net8.0/Microsoft.TypeSpec.Generator.Tests.dll" adapterTypeName="executor://nunit3testexecutor/" className="Microsoft.TypeSpec.Generator.Tests.CustomizationAttributeTests" name="CodeGenMemberAttributeEmitted" />
    </UnitTest>
    <UnitTest name="TypesAreNotEqual(System.Collections.Generic.IDictionary`2[System.Collections.Generic.IDictionary`2[System.Int32,System.String],System.Collections.Generic.IDictionary`2[System.String,System.Int32]],System.Collections.Generic.IDictionary`2[System.Collections.Generic.IDictionary`2[System.String,System.Int32],System.Collections.Generic.IDictionary`2[System.String,System.Int32]])" storage="/home/runner/work/typespec/typespec/packages/http-client-csharp/generator/artifacts/bin/microsoft.typespec.generator.tests/debug/net8.0/microsoft.typespec.generator.tests.dll" id="88560383-7a45-4a35-1f88-1bd254fd94a7">
      <Execution id="ceb6b3c7-2eac-4a07-b06a-a464b8e7f023" />
      <TestMethod codeBase="/home/runner/work/typespec/typespec/packages/http-client-csharp/generator/artifacts/bin/Microsoft.TypeSpec.Generator.Tests/Debug/net8.0/Microsoft.TypeSpec.Generator.Tests.dll" adapterTypeName="executor://nunit3testexecutor/" className="Microsoft.TypeSpec.Generator.Tests.Primitives.CSharpTypeTests" name="TypesAreNotEqual(System.Collections.Generic.IDictionary`2[System.Collections.Generic.IDictionary`2[System.Int32,System.String],System.Collections.Generic.IDictionary`2[System.String,System.Int32]],System.Collections.Generic.IDictionary`2[System.Collections.Generic.IDictionary`2[System.String,System.Int32],System.Collections.Generic.IDictionary`2[System.String,System.Int32]])" />
    </UnitTest>
    <UnitTest name="UndefinedByDefault" storage="/home/runner/work/typespec/typespec/packages/http-client-csharp/generator/artifacts/bin/microsoft.typespec.generator.tests/debug/net8.0/microsoft.typespec.generator.tests.dll" id="2e841bb7-e17f-2666-0014-ab34cba60f28">
      <Execution id="2cd11787-ffc1-4966-9d0a-26972383a3c1" />
      <TestMethod codeBase="/home/runner/work/typespec/typespec/packages/http-client-csharp/generator/artifacts/bin/Microsoft.TypeSpec.Generator.Tests/Debug/net8.0/Microsoft.TypeSpec.Generator.Tests.dll" adapterTypeName="executor://nunit3testexecutor/" className="Microsoft.TypeSpec.Generator.Tests.Providers.ChangeTrackingDictionaryTest" name="UndefinedByDefault" />
    </UnitTest>
    <UnitTest name="PropertyInitializationType_ReadOnlyMemory" storage="/home/runner/work/typespec/typespec/packages/http-client-csharp/generator/artifacts/bin/microsoft.typespec.generator.tests/debug/net8.0/microsoft.typespec.generator.tests.dll" id="7c3fdd62-4e56-8c23-4c82-22dddd3e2da0">
      <Execution id="3174211e-d02c-429e-8d4b-11734b849556" />
      <TestMethod codeBase="/home/runner/work/typespec/typespec/packages/http-client-csharp/generator/artifacts/bin/Microsoft.TypeSpec.Generator.Tests/Debug/net8.0/Microsoft.TypeSpec.Generator.Tests.dll" adapterTypeName="executor://nunit3testexecutor/" className="Microsoft.TypeSpec.Generator.Tests.Primitives.CSharpTypeTests" name="PropertyInitializationType_ReadOnlyMemory" />
    </UnitTest>
    <UnitTest name="DictionaryExpression(System.Collections.Generic.IList`1[System.Int32],System.Collections.Generic.IList`1[System.String])" storage="/home/runner/work/typespec/typespec/packages/http-client-csharp/generator/artifacts/bin/microsoft.typespec.generator.tests/debug/net8.0/microsoft.typespec.generator.tests.dll" id="028837c7-ad39-d1f0-5344-2d64886044c8">
      <Execution id="35ae5255-3ee2-4e31-bca5-a5ae8c3202fc" />
      <TestMethod codeBase="/home/runner/work/typespec/typespec/packages/http-client-csharp/generator/artifacts/bin/Microsoft.TypeSpec.Generator.Tests/Debug/net8.0/Microsoft.TypeSpec.Generator.Tests.dll" adapterTypeName="executor://nunit3testexecutor/" className="Microsoft.TypeSpec.Generator.Tests.Expressions.KnownValueExpressionsTests" name="DictionaryExpression(System.Collections.Generic.IList`1[System.Int32],System.Collections.Generic.IList`1[System.String])" />
    </UnitTest>
    <UnitTest name="IsReadWriteList(System.Collections.Generic.ICollection`1[T],True)" storage="/home/runner/work/typespec/typespec/packages/http-client-csharp/generator/artifacts/bin/microsoft.typespec.generator.tests/debug/net8.0/microsoft.typespec.generator.tests.dll" id="e8fcf8fd-c75a-f604-1183-86082f314579">
      <Execution id="13dd6b51-9983-4752-afcf-a3723c7b9efc" />
      <TestMethod codeBase="/home/runner/work/typespec/typespec/packages/http-client-csharp/generator/artifacts/bin/Microsoft.TypeSpec.Generator.Tests/Debug/net8.0/Microsoft.TypeSpec.Generator.Tests.dll" adapterTypeName="executor://nunit3testexecutor/" className="Microsoft.TypeSpec.Generator.Tests.Primitives.CSharpTypeTests" name="IsReadWriteList(System.Collections.Generic.ICollection`1[T],True)" />
    </UnitTest>
    <UnitTest name="TestIsCSharpKeyword(&quot;const&quot;,True)" storage="/home/runner/work/typespec/typespec/packages/http-client-csharp/generator/artifacts/bin/microsoft.typespec.generator.tests/debug/net8.0/microsoft.typespec.generator.tests.dll" id="23a391d0-ab70-8eb8-4b45-9d92a8568c29">
      <Execution id="f71c202c-50a6-44a0-99da-00e9e8748279" />
      <TestMethod codeBase="/home/runner/work/typespec/typespec/packages/http-client-csharp/generator/artifacts/bin/Microsoft.TypeSpec.Generator.Tests/Debug/net8.0/Microsoft.TypeSpec.Generator.Tests.dll" adapterTypeName="executor://nunit3testexecutor/" className="Microsoft.TypeSpec.Generator.Tests.Utilities.StringExtensionsTests" name="TestIsCSharpKeyword(&quot;const&quot;,True)" />
    </UnitTest>
    <UnitTest name="BackCompat_PrereleaseApiVersionsAdded" storage="/home/runner/work/typespec/typespec/packages/http-client-csharp/generator/artifacts/bin/microsoft.typespec.generator.tests/debug/net8.0/microsoft.typespec.generator.tests.dll" id="c62acbd5-f5ca-70bc-9003-eefbff2dbd95">
      <Execution id="0acae212-d035-4f30-97e8-2cf462d2b676" />
      <TestMethod codeBase="/home/runner/work/typespec/typespec/packages/http-client-csharp/generator/artifacts/bin/Microsoft.TypeSpec.Generator.Tests/Debug/net8.0/Microsoft.TypeSpec.Generator.Tests.dll" adapterTypeName="executor://nunit3testexecutor/" className="Microsoft.TypeSpec.Generator.Tests.Providers.EnumProviders.ApiVersionEnumProviderTests" name="BackCompat_PrereleaseApiVersionsAdded" />
    </UnitTest>
    <UnitTest name="IsReadWriteDictionary(System.Int32,False)" storage="/home/runner/work/typespec/typespec/packages/http-client-csharp/generator/artifacts/bin/microsoft.typespec.generator.tests/debug/net8.0/microsoft.typespec.generator.tests.dll" id="f93f42bb-5da8-211b-13aa-634298979707">
      <Execution id="4a3d74ee-3304-48e6-a917-9ca95905292b" />
      <TestMethod codeBase="/home/runner/work/typespec/typespec/packages/http-client-csharp/generator/artifacts/bin/Microsoft.TypeSpec.Generator.Tests/Debug/net8.0/Microsoft.TypeSpec.Generator.Tests.dll" adapterTypeName="executor://nunit3testexecutor/" className="Microsoft.TypeSpec.Generator.Tests.Primitives.CSharpTypeTests" name="IsReadWriteDictionary(System.Int32,False)" />
    </UnitTest>
    <UnitTest name="SeeCRefType(System.Int32,False)" storage="/home/runner/work/typespec/typespec/packages/http-client-csharp/generator/artifacts/bin/microsoft.typespec.generator.tests/debug/net8.0/microsoft.typespec.generator.tests.dll" id="9ba4b360-4393-bee9-6b8f-bd1ee1dd20e9">
      <Execution id="9022df23-efc6-40c4-8fa8-845ece30e942" />
      <TestMethod codeBase="/home/runner/work/typespec/typespec/packages/http-client-csharp/generator/artifacts/bin/Microsoft.TypeSpec.Generator.Tests/Debug/net8.0/Microsoft.TypeSpec.Generator.Tests.dll" adapterTypeName="executor://nunit3testexecutor/" className="Microsoft.TypeSpec.Generator.Tests.Writers.CodeWriterTests" name="SeeCRefType(System.Int32,False)" />
    </UnitTest>
    <UnitTest name="CanChangeInvokeMethodExpression" storage="/home/runner/work/typespec/typespec/packages/http-client-csharp/generator/artifacts/bin/microsoft.typespec.generator.tests/debug/net8.0/microsoft.typespec.generator.tests.dll" id="0d3b2ab8-ddbb-e697-1229-88a5d0c6e9c5">
      <Execution id="be36fe65-1ae5-495b-bed6-07e67055bb38" />
      <TestMethod codeBase="/home/runner/work/typespec/typespec/packages/http-client-csharp/generator/artifacts/bin/Microsoft.TypeSpec.Generator.Tests/Debug/net8.0/Microsoft.TypeSpec.Generator.Tests.dll" adapterTypeName="executor://nunit3testexecutor/" className="Microsoft.TypeSpec.Generator.Tests.Expressions.ExpressionVisitorTests" name="CanChangeInvokeMethodExpression" />
    </UnitTest>
    <UnitTest name="TestIsCSharpKeyword(&quot;string&quot;,True)" storage="/home/runner/work/typespec/typespec/packages/http-client-csharp/generator/artifacts/bin/microsoft.typespec.generator.tests/debug/net8.0/microsoft.typespec.generator.tests.dll" id="00bb520d-7eb6-d24c-9557-f3fca3618123">
      <Execution id="06a92fcd-b50f-42bc-a64f-30ba896cafc3" />
      <TestMethod codeBase="/home/runner/work/typespec/typespec/packages/http-client-csharp/generator/artifacts/bin/Microsoft.TypeSpec.Generator.Tests/Debug/net8.0/Microsoft.TypeSpec.Generator.Tests.dll" adapterTypeName="executor://nunit3testexecutor/" className="Microsoft.TypeSpec.Generator.Tests.Utilities.StringExtensionsTests" name="TestIsCSharpKeyword(&quot;string&quot;,True)" />
    </UnitTest>
    <UnitTest name="KeyValuePairExpression(System.Collections.Generic.IList`1[System.Int32],System.Collections.Generic.ICollection`1[System.Int32])" storage="/home/runner/work/typespec/typespec/packages/http-client-csharp/generator/artifacts/bin/microsoft.typespec.generator.tests/debug/net8.0/microsoft.typespec.generator.tests.dll" id="e38d521a-d8ef-d897-1466-b34349cd481c">
      <Execution id="f4001ab7-86fb-4483-88ec-e87cf781c44c" />
      <TestMethod codeBase="/home/runner/work/typespec/typespec/packages/http-client-csharp/generator/artifacts/bin/Microsoft.TypeSpec.Generator.Tests/Debug/net8.0/Microsoft.TypeSpec.Generator.Tests.dll" adapterTypeName="executor://nunit3testexecutor/" className="Microsoft.TypeSpec.Generator.Tests.Expressions.KnownValueExpressionsTests" name="KeyValuePairExpression(System.Collections.Generic.IList`1[System.Int32],System.Collections.Generic.ICollection`1[System.Int32])" />
    </UnitTest>
    <UnitTest name="XmlDocForParameterWithInvalidIdentifierName(&quot;@what&quot;)" storage="/home/runner/work/typespec/typespec/packages/http-client-csharp/generator/artifacts/bin/microsoft.typespec.generator.tests/debug/net8.0/microsoft.typespec.generator.tests.dll" id="88b8d77b-9173-60f5-1ba8-e590c04c1ba2">
      <Execution id="9eadc788-4df5-4211-a0a3-06af2d89942b" />
      <TestMethod codeBase="/home/runner/work/typespec/typespec/packages/http-client-csharp/generator/artifacts/bin/Microsoft.TypeSpec.Generator.Tests/Debug/net8.0/Microsoft.TypeSpec.Generator.Tests.dll" adapterTypeName="executor://nunit3testexecutor/" className="Microsoft.TypeSpec.Generator.Tests.Statements.XmlDocParamStatementTests" name="XmlDocForParameterWithInvalidIdentifierName(&quot;@what&quot;)" />
    </UnitTest>
    <UnitTest name="TestIsCSharpKeyword(&quot;into&quot;,True)" storage="/home/runner/work/typespec/typespec/packages/http-client-csharp/generator/artifacts/bin/microsoft.typespec.generator.tests/debug/net8.0/microsoft.typespec.generator.tests.dll" id="9d42c549-bb49-ff20-8f38-9140741be034">
      <Execution id="9af9367c-dc97-4d5d-b07b-143874c46ed9" />
      <TestMethod codeBase="/home/runner/work/typespec/typespec/packages/http-client-csharp/generator/artifacts/bin/Microsoft.TypeSpec.Generator.Tests/Debug/net8.0/Microsoft.TypeSpec.Generator.Tests.dll" adapterTypeName="executor://nunit3testexecutor/" className="Microsoft.TypeSpec.Generator.Tests.Utilities.StringExtensionsTests" name="TestIsCSharpKeyword(&quot;into&quot;,True)" />
    </UnitTest>
    <UnitTest name="IsList(System.Collections.Generic.IEnumerable`1[T],True)" storage="/home/runner/work/typespec/typespec/packages/http-client-csharp/generator/artifacts/bin/microsoft.typespec.generator.tests/debug/net8.0/microsoft.typespec.generator.tests.dll" id="44f3642a-9a44-e5e0-4d9a-8317e240098a">
      <Execution id="75434f2a-001c-45d3-92c6-9dc369a5eb80" />
      <TestMethod codeBase="/home/runner/work/typespec/typespec/packages/http-client-csharp/generator/artifacts/bin/Microsoft.TypeSpec.Generator.Tests/Debug/net8.0/Microsoft.TypeSpec.Generator.Tests.dll" adapterTypeName="executor://nunit3testexecutor/" className="Microsoft.TypeSpec.Generator.Tests.Primitives.CSharpTypeTests" name="IsList(System.Collections.Generic.IEnumerable`1[T],True)" />
    </UnitTest>
    <UnitTest name="TestParseConfig_OutputFolder(&quot;{\n                    \&quot;package-name\&quot;: \&quot;libraryName\&quot;\n                }&quot;,True)" storage="/home/runner/work/typespec/typespec/packages/http-client-csharp/generator/artifacts/bin/microsoft.typespec.generator.tests/debug/net8.0/microsoft.typespec.generator.tests.dll" id="7c12a820-76ca-f90c-b690-f1efcde03290">
      <Execution id="3febbc03-c826-47ee-8d2b-af53976027e8" />
      <TestMethod codeBase="/home/runner/work/typespec/typespec/packages/http-client-csharp/generator/artifacts/bin/Microsoft.TypeSpec.Generator.Tests/Debug/net8.0/Microsoft.TypeSpec.Generator.Tests.dll" adapterTypeName="executor://nunit3testexecutor/" className="Microsoft.TypeSpec.Generator.Tests.ConfigurationTests" name="TestParseConfig_OutputFolder(&quot;{\n                    \&quot;package-name\&quot;: \&quot;libraryName\&quot;\n                }&quot;,True)" />
    </UnitTest>
    <UnitTest name="CodeWriter_WriteField" storage="/home/runner/work/typespec/typespec/packages/http-client-csharp/generator/artifacts/bin/microsoft.typespec.generator.tests/debug/net8.0/microsoft.typespec.generator.tests.dll" id="6b3b85a7-b6db-ea59-f47e-9c3b44b6ea78">
      <Execution id="9842c3f5-e1d2-4703-82d8-aa8bc4c4952f" />
      <TestMethod codeBase="/home/runner/work/typespec/typespec/packages/http-client-csharp/generator/artifacts/bin/Microsoft.TypeSpec.Generator.Tests/Debug/net8.0/Microsoft.TypeSpec.Generator.Tests.dll" adapterTypeName="executor://nunit3testexecutor/" className="Microsoft.TypeSpec.Generator.Tests.Writers.CodeWriterTests" name="CodeWriter_WriteField" />
    </UnitTest>
    <UnitTest name="ValueTypeHasNoValidation(Microsoft.TypeSpec.Generator.Input.InputPrimitiveType)" storage="/home/runner/work/typespec/typespec/packages/http-client-csharp/generator/artifacts/bin/microsoft.typespec.generator.tests/debug/net8.0/microsoft.typespec.generator.tests.dll" id="adb48672-2eac-7363-7f29-632c9a4e67c2">
      <Execution id="2c706da0-9c0b-4feb-86be-b9ffabec9c7b" />
      <TestMethod codeBase="/home/runner/work/typespec/typespec/packages/http-client-csharp/generator/artifacts/bin/Microsoft.TypeSpec.Generator.Tests/Debug/net8.0/Microsoft.TypeSpec.Generator.Tests.dll" adapterTypeName="executor://nunit3testexecutor/" className="Microsoft.TypeSpec.Generator.Tests.Providers.ParameterProviderTests" name="ValueTypeHasNoValidation(Microsoft.TypeSpec.Generator.Input.InputPrimitiveType)" />
    </UnitTest>
    <UnitTest name="BuildEnumType_ValidateIntBasedExtensibleEnum()" storage="/home/runner/work/typespec/typespec/packages/http-client-csharp/generator/artifacts/bin/microsoft.typespec.generator.tests/debug/net8.0/microsoft.typespec.generator.tests.dll" id="3da57dc7-1aa2-af9c-2b93-fecb846d2a04">
      <Execution id="a17f8ac3-2bbb-476b-84fd-0b3f6064794b" />
      <TestMethod codeBase="/home/runner/work/typespec/typespec/packages/http-client-csharp/generator/artifacts/bin/Microsoft.TypeSpec.Generator.Tests/Debug/net8.0/Microsoft.TypeSpec.Generator.Tests.dll" adapterTypeName="executor://nunit3testexecutor/" className="Microsoft.TypeSpec.Generator.Tests.Providers.EnumProviderTests" name="BuildEnumType_ValidateIntBasedExtensibleEnum()" />
    </UnitTest>
    <UnitTest name="InvalidPropertyDocsThrows" storage="/home/runner/work/typespec/typespec/packages/http-client-csharp/generator/artifacts/bin/microsoft.typespec.generator.tests/debug/net8.0/microsoft.typespec.generator.tests.dll" id="90f09ce4-a85b-f50e-1814-72145292da2d">
      <Execution id="376d209c-d565-4d78-b717-5648d12ef01b" />
      <TestMethod codeBase="/home/runner/work/typespec/typespec/packages/http-client-csharp/generator/artifacts/bin/Microsoft.TypeSpec.Generator.Tests/Debug/net8.0/Microsoft.TypeSpec.Generator.Tests.dll" adapterTypeName="executor://nunit3testexecutor/" className="Microsoft.TypeSpec.Generator.Tests.Providers.NamedTypeSymbolProviders.XmlDocsTests" name="InvalidPropertyDocsThrows" />
    </UnitTest>
    <UnitTest name="TestAdditionalPropertiesPropertyNamesAndAccessors" storage="/home/runner/work/typespec/typespec/packages/http-client-csharp/generator/artifacts/bin/microsoft.typespec.generator.tests/debug/net8.0/microsoft.typespec.generator.tests.dll" id="c8c67187-0fbb-2f54-b6f1-3a6d5e156fac">
      <Execution id="c4557af6-f59d-4c72-9f28-4559b0741233" />
      <TestMethod codeBase="/home/runner/work/typespec/typespec/packages/http-client-csharp/generator/artifacts/bin/Microsoft.TypeSpec.Generator.Tests/Debug/net8.0/Microsoft.TypeSpec.Generator.Tests.dll" adapterTypeName="executor://nunit3testexecutor/" className="Microsoft.TypeSpec.Generator.Tests.Providers.ModelProviders.ModelProviderTests" name="TestAdditionalPropertiesPropertyNamesAndAccessors" />
    </UnitTest>
    <UnitTest name="TestToApiVersionMemberName(&quot;V1.0.0&quot;,&quot;V1_0_0&quot;)" storage="/home/runner/work/typespec/typespec/packages/http-client-csharp/generator/artifacts/bin/microsoft.typespec.generator.tests/debug/net8.0/microsoft.typespec.generator.tests.dll" id="869fadce-b516-c257-0c95-62752d314964">
      <Execution id="030b8f40-2c0b-4c2f-9e2f-4e1d97f86635" />
      <TestMethod codeBase="/home/runner/work/typespec/typespec/packages/http-client-csharp/generator/artifacts/bin/Microsoft.TypeSpec.Generator.Tests/Debug/net8.0/Microsoft.TypeSpec.Generator.Tests.dll" adapterTypeName="executor://nunit3testexecutor/" className="Microsoft.TypeSpec.Generator.Tests.Utilities.StringExtensionsTests" name="TestToApiVersionMemberName(&quot;V1.0.0&quot;,&quot;V1_0_0&quot;)" />
    </UnitTest>
    <UnitTest name="TestCSharpGen_ValidGenerator" storage="/home/runner/work/typespec/typespec/packages/http-client-csharp/generator/artifacts/bin/microsoft.typespec.generator.tests/debug/net8.0/microsoft.typespec.generator.tests.dll" id="9603258b-9293-f1c7-573c-f9bb95b92fab">
      <Execution id="9cdb1062-6c69-4e3e-9b2a-6eb5c20520b5" />
      <TestMethod codeBase="/home/runner/work/typespec/typespec/packages/http-client-csharp/generator/artifacts/bin/Microsoft.TypeSpec.Generator.Tests/Debug/net8.0/Microsoft.TypeSpec.Generator.Tests.dll" adapterTypeName="executor://nunit3testexecutor/" className="Microsoft.TypeSpec.Generator.Tests.CSharpGenTests" name="TestCSharpGen_ValidGenerator" />
    </UnitTest>
    <UnitTest name="TestIsCSharpKeyword(&quot;remove&quot;,True)" storage="/home/runner/work/typespec/typespec/packages/http-client-csharp/generator/artifacts/bin/microsoft.typespec.generator.tests/debug/net8.0/microsoft.typespec.generator.tests.dll" id="9c2c1bd9-2a2a-c166-0951-28f8ec3b71c2">
      <Execution id="cef40ca9-4956-4ef2-b054-ddde91ab6268" />
      <TestMethod codeBase="/home/runner/work/typespec/typespec/packages/http-client-csharp/generator/artifacts/bin/Microsoft.TypeSpec.Generator.Tests/Debug/net8.0/Microsoft.TypeSpec.Generator.Tests.dll" adapterTypeName="executor://nunit3testexecutor/" className="Microsoft.TypeSpec.Generator.Tests.Utilities.StringExtensionsTests" name="TestIsCSharpKeyword(&quot;remove&quot;,True)" />
    </UnitTest>
    <UnitTest name="TestToApiVersionValue(&quot;V3_0&quot;,&quot;3-0&quot;)" storage="/home/runner/work/typespec/typespec/packages/http-client-csharp/generator/artifacts/bin/microsoft.typespec.generator.tests/debug/net8.0/microsoft.typespec.generator.tests.dll" id="d78fd4cb-df66-5873-0931-c2673f628faa">
      <Execution id="29409ef7-f3ee-4f15-9203-837ec6b4b305" />
      <TestMethod codeBase="/home/runner/work/typespec/typespec/packages/http-client-csharp/generator/artifacts/bin/Microsoft.TypeSpec.Generator.Tests/Debug/net8.0/Microsoft.TypeSpec.Generator.Tests.dll" adapterTypeName="executor://nunit3testexecutor/" className="Microsoft.TypeSpec.Generator.Tests.Utilities.StringExtensionsTests" name="TestToApiVersionValue(&quot;V3_0&quot;,&quot;3-0&quot;)" />
    </UnitTest>
    <UnitTest name="TestBreakLines_TrivialFormatSpecifier" storage="/home/runner/work/typespec/typespec/packages/http-client-csharp/generator/artifacts/bin/microsoft.typespec.generator.tests/debug/net8.0/microsoft.typespec.generator.tests.dll" id="60dd2445-e8bb-0222-1da7-aff558a8ae4d">
      <Execution id="7cf9af9c-9550-49f0-b810-5e04195ea4f3" />
      <TestMethod codeBase="/home/runner/work/typespec/typespec/packages/http-client-csharp/generator/artifacts/bin/Microsoft.TypeSpec.Generator.Tests/Debug/net8.0/Microsoft.TypeSpec.Generator.Tests.dll" adapterTypeName="executor://nunit3testexecutor/" className="Microsoft.TypeSpec.Generator.Tests.Utilities.FormattableStringHelpersTests" name="TestBreakLines_TrivialFormatSpecifier" />
    </UnitTest>
    <UnitTest name="ListExpression(System.Collections.Generic.IDictionary`2[System.String,System.Int32])" storage="/home/runner/work/typespec/typespec/packages/http-client-csharp/generator/artifacts/bin/microsoft.typespec.generator.tests/debug/net8.0/microsoft.typespec.generator.tests.dll" id="b080ddbc-74ae-fb36-8466-9ecac9193025">
      <Execution id="6ef1fe4b-9a24-4307-a0db-300d681dee23" />
      <TestMethod codeBase="/home/runner/work/typespec/typespec/packages/http-client-csharp/generator/artifacts/bin/Microsoft.TypeSpec.Generator.Tests/Debug/net8.0/Microsoft.TypeSpec.Generator.Tests.dll" adapterTypeName="executor://nunit3testexecutor/" className="Microsoft.TypeSpec.Generator.Tests.Expressions.KnownValueExpressionsTests" name="ListExpression(System.Collections.Generic.IDictionary`2[System.String,System.Int32])" />
    </UnitTest>
    <UnitTest name="Write_Override" storage="/home/runner/work/typespec/typespec/packages/http-client-csharp/generator/artifacts/bin/microsoft.typespec.generator.tests/debug/net8.0/microsoft.typespec.generator.tests.dll" id="076a8002-6416-8c57-eb7c-5d7cc84b56ad">
      <Execution id="e10c2ee0-a5eb-49be-9c2e-b37a56cb79ee" />
      <TestMethod codeBase="/home/runner/work/typespec/typespec/packages/http-client-csharp/generator/artifacts/bin/Microsoft.TypeSpec.Generator.Tests/Debug/net8.0/Microsoft.TypeSpec.Generator.Tests.dll" adapterTypeName="executor://nunit3testexecutor/" className="Microsoft.TypeSpec.Generator.Tests.Writers.TypeProviderWriterTests" name="Write_Override" />
    </UnitTest>
    <UnitTest name="HashCodesAreNotEqual(System.Int32,System.Collections.Generic.IList`1[T])" storage="/home/runner/work/typespec/typespec/packages/http-client-csharp/generator/artifacts/bin/microsoft.typespec.generator.tests/debug/net8.0/microsoft.typespec.generator.tests.dll" id="4f1d847e-f0c4-8e4c-8126-90a2523dd339">
      <Execution id="adfa8dbc-a89e-4218-aae0-223e8134f68f" />
      <TestMethod codeBase="/home/runner/work/typespec/typespec/packages/http-client-csharp/generator/artifacts/bin/Microsoft.TypeSpec.Generator.Tests/Debug/net8.0/Microsoft.TypeSpec.Generator.Tests.dll" adapterTypeName="executor://nunit3testexecutor/" className="Microsoft.TypeSpec.Generator.Tests.Primitives.CSharpTypeTests" name="HashCodesAreNotEqual(System.Int32,System.Collections.Generic.IList`1[T])" />
    </UnitTest>
    <UnitTest name="VerifyPropertyCanBeLoaded" storage="/home/runner/work/typespec/typespec/packages/http-client-csharp/generator/artifacts/bin/microsoft.typespec.generator.tests/debug/net8.0/microsoft.typespec.generator.tests.dll" id="fac61793-0a59-5f51-54da-13b08eaee73e">
      <Execution id="1aee7338-f802-4782-ba24-fdd6dee12c5e" />
      <TestMethod codeBase="/home/runner/work/typespec/typespec/packages/http-client-csharp/generator/artifacts/bin/Microsoft.TypeSpec.Generator.Tests/Debug/net8.0/Microsoft.TypeSpec.Generator.Tests.dll" adapterTypeName="executor://nunit3testexecutor/" className="Microsoft.TypeSpec.Generator.Tests.Providers.NamedTypeSymbolProviders.InterfaceTests" name="VerifyPropertyCanBeLoaded" />
    </UnitTest>
    <UnitTest name="TypesWithDifferentDeclaringTypesAreNotEqual" storage="/home/runner/work/typespec/typespec/packages/http-client-csharp/generator/artifacts/bin/microsoft.typespec.generator.tests/debug/net8.0/microsoft.typespec.generator.tests.dll" id="9b3cfa10-15f6-641d-d610-9fb90dcc2420">
      <Execution id="7b314d6e-ae50-4938-8e5e-e1ed445db258" />
      <TestMethod codeBase="/home/runner/work/typespec/typespec/packages/http-client-csharp/generator/artifacts/bin/Microsoft.TypeSpec.Generator.Tests/Debug/net8.0/Microsoft.TypeSpec.Generator.Tests.dll" adapterTypeName="executor://nunit3testexecutor/" className="Microsoft.TypeSpec.Generator.Tests.Primitives.CSharpTypeTests" name="TypesWithDifferentDeclaringTypesAreNotEqual" />
    </UnitTest>
    <UnitTest name="TestBuildModelWithNonBodyPropertyKinds" storage="/home/runner/work/typespec/typespec/packages/http-client-csharp/generator/artifacts/bin/microsoft.typespec.generator.tests/debug/net8.0/microsoft.typespec.generator.tests.dll" id="ea284939-9f63-406e-d9b3-5d8dcdf48b5d">
      <Execution id="bef935d3-af32-4b5f-aed2-a59a5b03498a" />
      <TestMethod codeBase="/home/runner/work/typespec/typespec/packages/http-client-csharp/generator/artifacts/bin/Microsoft.TypeSpec.Generator.Tests/Debug/net8.0/Microsoft.TypeSpec.Generator.Tests.dll" adapterTypeName="executor://nunit3testexecutor/" className="Microsoft.TypeSpec.Generator.Tests.Providers.ModelProviders.ModelProviderTests" name="TestBuildModelWithNonBodyPropertyKinds" />
    </UnitTest>
    <UnitTest name="NotEqualToFrameworkType(System.Collections.Generic.IDictionary`2[System.Int32,System.String],System.Collections.Generic.Dictionary`2[System.Int32,System.String])" storage="/home/runner/work/typespec/typespec/packages/http-client-csharp/generator/artifacts/bin/microsoft.typespec.generator.tests/debug/net8.0/microsoft.typespec.generator.tests.dll" id="b73775d0-ec90-51db-86a9-2842703c350a">
      <Execution id="15921146-801d-437f-a3db-1b9459762758" />
      <TestMethod codeBase="/home/runner/work/typespec/typespec/packages/http-client-csharp/generator/artifacts/bin/Microsoft.TypeSpec.Generator.Tests/Debug/net8.0/Microsoft.TypeSpec.Generator.Tests.dll" adapterTypeName="executor://nunit3testexecutor/" className="Microsoft.TypeSpec.Generator.Tests.Primitives.CSharpTypeTests" name="NotEqualToFrameworkType(System.Collections.Generic.IDictionary`2[System.Int32,System.String],System.Collections.Generic.Dictionary`2[System.Int32,System.String])" />
    </UnitTest>
    <UnitTest name="TestParseConfig_LibraryName(&quot;{\n                    \&quot;output-folder\&quot;: \&quot;outputFolder\&quot;,\n                    \&quot;package-name\&quot;: \&quot;libraryName\&quot;,\n                }&quot;,False)" storage="/home/runner/work/typespec/typespec/packages/http-client-csharp/generator/artifacts/bin/microsoft.typespec.generator.tests/debug/net8.0/microsoft.typespec.generator.tests.dll" id="54de8916-5b62-ba46-e8c2-27c2d49d182d">
      <Execution id="43664bde-4c4f-4a6f-80bf-ba0685c15cce" />
      <TestMethod codeBase="/home/runner/work/typespec/typespec/packages/http-client-csharp/generator/artifacts/bin/Microsoft.TypeSpec.Generator.Tests/Debug/net8.0/Microsoft.TypeSpec.Generator.Tests.dll" adapterTypeName="executor://nunit3testexecutor/" className="Microsoft.TypeSpec.Generator.Tests.ConfigurationTests" name="TestParseConfig_LibraryName(&quot;{\n                    \&quot;output-folder\&quot;: \&quot;outputFolder\&quot;,\n                    \&quot;package-name\&quot;: \&quot;libraryName\&quot;,\n                }&quot;,False)" />
    </UnitTest>
    <UnitTest name="IsReadWriteDictionary(System.ReadOnlyMemory`1[T],False)" storage="/home/runner/work/typespec/typespec/packages/http-client-csharp/generator/artifacts/bin/microsoft.typespec.generator.tests/debug/net8.0/microsoft.typespec.generator.tests.dll" id="45b3490f-cb67-0cb2-9ab2-cc2e9dd5a232">
      <Execution id="dce2583c-a4e9-4c80-8a83-a8afd2d04c73" />
      <TestMethod codeBase="/home/runner/work/typespec/typespec/packages/http-client-csharp/generator/artifacts/bin/Microsoft.TypeSpec.Generator.Tests/Debug/net8.0/Microsoft.TypeSpec.Generator.Tests.dll" adapterTypeName="executor://nunit3testexecutor/" className="Microsoft.TypeSpec.Generator.Tests.Primitives.CSharpTypeTests" name="IsReadWriteDictionary(System.ReadOnlyMemory`1[T],False)" />
    </UnitTest>
    <UnitTest name="CanChangeIfStatement" storage="/home/runner/work/typespec/typespec/packages/http-client-csharp/generator/artifacts/bin/microsoft.typespec.generator.tests/debug/net8.0/microsoft.typespec.generator.tests.dll" id="f4f2bfbe-d51e-17bb-1c22-7669c0e25469">
      <Execution id="cb7e056d-bf7b-4bbe-b7f5-89b27a5e0283" />
      <TestMethod codeBase="/home/runner/work/typespec/typespec/packages/http-client-csharp/generator/artifacts/bin/Microsoft.TypeSpec.Generator.Tests/Debug/net8.0/Microsoft.TypeSpec.Generator.Tests.dll" adapterTypeName="executor://nunit3testexecutor/" className="Microsoft.TypeSpec.Generator.Tests.Statements.StatementVisitorTests" name="CanChangeIfStatement" />
    </UnitTest>
    <UnitTest name="Equals(Microsoft.TypeSpec.Generator.Providers.ParameterProvider,null,False)" storage="/home/runner/work/typespec/typespec/packages/http-client-csharp/generator/artifacts/bin/microsoft.typespec.generator.tests/debug/net8.0/microsoft.typespec.generator.tests.dll" id="6bf34791-b2a0-872b-bf4c-b106d34dc5b0">
      <Execution id="cec38918-d7ad-40f8-8b23-6bf4736bfdf7" />
      <TestMethod codeBase="/home/runner/work/typespec/typespec/packages/http-client-csharp/generator/artifacts/bin/Microsoft.TypeSpec.Generator.Tests/Debug/net8.0/Microsoft.TypeSpec.Generator.Tests.dll" adapterTypeName="executor://nunit3testexecutor/" className="Microsoft.TypeSpec.Generator.Tests.Providers.ParameterProviderTests" name="Equals(Microsoft.TypeSpec.Generator.Providers.ParameterProvider,null,False)" />
    </UnitTest>
    <UnitTest name="IntSerializationFormat(UInt8,&quot;string&quot;)" storage="/home/runner/work/typespec/typespec/packages/http-client-csharp/generator/artifacts/bin/microsoft.typespec.generator.tests/debug/net8.0/microsoft.typespec.generator.tests.dll" id="aba21fba-3a83-b83e-3067-7a92c86f8cc1">
      <Execution id="b2ef1a38-045b-409a-96e7-67de141c9d85" />
      <TestMethod codeBase="/home/runner/work/typespec/typespec/packages/http-client-csharp/generator/artifacts/bin/Microsoft.TypeSpec.Generator.Tests/Debug/net8.0/Microsoft.TypeSpec.Generator.Tests.dll" adapterTypeName="executor://nunit3testexecutor/" className="Microsoft.TypeSpec.Generator.Tests.TypeFactoryTests" name="IntSerializationFormat(UInt8,&quot;string&quot;)" />
    </UnitTest>
    <UnitTest name="TypesAreNotEqual(System.Collections.Generic.IList`1[System.Int32],System.Int32)" storage="/home/runner/work/typespec/typespec/packages/http-client-csharp/generator/artifacts/bin/microsoft.typespec.generator.tests/debug/net8.0/microsoft.typespec.generator.tests.dll" id="314ed5eb-05ef-f064-7467-995a31d3e7f4">
      <Execution id="6467c57c-9eed-4166-a2a8-99c927bcddf4" />
      <TestMethod codeBase="/home/runner/work/typespec/typespec/packages/http-client-csharp/generator/artifacts/bin/Microsoft.TypeSpec.Generator.Tests/Debug/net8.0/Microsoft.TypeSpec.Generator.Tests.dll" adapterTypeName="executor://nunit3testexecutor/" className="Microsoft.TypeSpec.Generator.Tests.Primitives.CSharpTypeTests" name="TypesAreNotEqual(System.Collections.Generic.IList`1[System.Int32],System.Int32)" />
    </UnitTest>
    <UnitTest name="VerifyTupleExpressionWithRef" storage="/home/runner/work/typespec/typespec/packages/http-client-csharp/generator/artifacts/bin/microsoft.typespec.generator.tests/debug/net8.0/microsoft.typespec.generator.tests.dll" id="c344cf1e-4a6e-3e26-a891-220afb7b43b7">
      <Execution id="3977db58-2a39-4d31-b513-f00ccdc26ea7" />
      <TestMethod codeBase="/home/runner/work/typespec/typespec/packages/http-client-csharp/generator/artifacts/bin/Microsoft.TypeSpec.Generator.Tests/Debug/net8.0/Microsoft.TypeSpec.Generator.Tests.dll" adapterTypeName="executor://nunit3testexecutor/" className="Microsoft.TypeSpec.Generator.Tests.Expressions.TupleExpressionTests" name="VerifyTupleExpressionWithRef" />
    </UnitTest>
    <UnitTest name="TypesAreNotEqual(System.Collections.Generic.IList`1[T],System.Collections.Generic.IList`1[System.Int32])" storage="/home/runner/work/typespec/typespec/packages/http-client-csharp/generator/artifacts/bin/microsoft.typespec.generator.tests/debug/net8.0/microsoft.typespec.generator.tests.dll" id="6dc31423-c6e1-1e58-72ce-34561ebc651b">
      <Execution id="fbc6567c-707f-4d7f-bbea-9f73526f1ad0" />
      <TestMethod codeBase="/home/runner/work/typespec/typespec/packages/http-client-csharp/generator/artifacts/bin/Microsoft.TypeSpec.Generator.Tests/Debug/net8.0/Microsoft.TypeSpec.Generator.Tests.dll" adapterTypeName="executor://nunit3testexecutor/" className="Microsoft.TypeSpec.Generator.Tests.Primitives.CSharpTypeTests" name="TypesAreNotEqual(System.Collections.Generic.IList`1[T],System.Collections.Generic.IList`1[System.Int32])" />
    </UnitTest>
    <UnitTest name="TestBuildAdditionalProperties(Microsoft.TypeSpec.Generator.Input.InputModelType,False,2)" storage="/home/runner/work/typespec/typespec/packages/http-client-csharp/generator/artifacts/bin/microsoft.typespec.generator.tests/debug/net8.0/microsoft.typespec.generator.tests.dll" id="5535077b-880b-c2d9-2b4e-7f8cf6d1bf0a">
      <Execution id="54616d18-a345-4777-9858-4a1aa6f65f1b" />
      <TestMethod codeBase="/home/runner/work/typespec/typespec/packages/http-client-csharp/generator/artifacts/bin/Microsoft.TypeSpec.Generator.Tests/Debug/net8.0/Microsoft.TypeSpec.Generator.Tests.dll" adapterTypeName="executor://nunit3testexecutor/" className="Microsoft.TypeSpec.Generator.Tests.Providers.ModelProviders.ModelProviderTests" name="TestBuildAdditionalProperties(Microsoft.TypeSpec.Generator.Input.InputModelType,False,2)" />
    </UnitTest>
    <UnitTest name="TestIsCSharpKeyword(&quot;partial&quot;,True)" storage="/home/runner/work/typespec/typespec/packages/http-client-csharp/generator/artifacts/bin/microsoft.typespec.generator.tests/debug/net8.0/microsoft.typespec.generator.tests.dll" id="c182167c-eed5-d433-5f05-9b16b5f214d2">
      <Execution id="806a2efe-1c80-403c-881c-b39789ac0f6a" />
      <TestMethod codeBase="/home/runner/work/typespec/typespec/packages/http-client-csharp/generator/artifacts/bin/Microsoft.TypeSpec.Generator.Tests/Debug/net8.0/Microsoft.TypeSpec.Generator.Tests.dll" adapterTypeName="executor://nunit3testexecutor/" className="Microsoft.TypeSpec.Generator.Tests.Utilities.StringExtensionsTests" name="TestIsCSharpKeyword(&quot;partial&quot;,True)" />
    </UnitTest>
    <UnitTest name="PropertyInitializationType_List(System.Collections.Generic.IList`1[T])" storage="/home/runner/work/typespec/typespec/packages/http-client-csharp/generator/artifacts/bin/microsoft.typespec.generator.tests/debug/net8.0/microsoft.typespec.generator.tests.dll" id="02b2ecf0-344b-f2d8-9989-75e3a6ad38f1">
      <Execution id="bae61edb-7f2f-4d2d-8b39-a75f3df34efc" />
      <TestMethod codeBase="/home/runner/work/typespec/typespec/packages/http-client-csharp/generator/artifacts/bin/Microsoft.TypeSpec.Generator.Tests/Debug/net8.0/Microsoft.TypeSpec.Generator.Tests.dll" adapterTypeName="executor://nunit3testexecutor/" className="Microsoft.TypeSpec.Generator.Tests.Primitives.CSharpTypeTests" name="PropertyInitializationType_List(System.Collections.Generic.IList`1[T])" />
    </UnitTest>
    <UnitTest name="ScopeStoredTwiceInSkippedNestedBlock" storage="/home/runner/work/typespec/typespec/packages/http-client-csharp/generator/artifacts/bin/microsoft.typespec.generator.tests/debug/net8.0/microsoft.typespec.generator.tests.dll" id="84c06b8b-8cb9-f6cb-e4e2-8264159a20ad">
      <Execution id="41064bfd-78fa-40a4-8b2a-3c15e6911e6c" />
      <TestMethod codeBase="/home/runner/work/typespec/typespec/packages/http-client-csharp/generator/artifacts/bin/Microsoft.TypeSpec.Generator.Tests/Debug/net8.0/Microsoft.TypeSpec.Generator.Tests.dll" adapterTypeName="executor://nunit3testexecutor/" className="Microsoft.TypeSpec.Generator.Tests.Writers.CodeWriterDeclarationTests" name="ScopeStoredTwiceInSkippedNestedBlock" />
    </UnitTest>
    <UnitTest name="ValidateNullableTypes(Microsoft.TypeSpec.Generator.Tests.Primitives.CSharpTypeTests+TestStruct`1[Microsoft.TypeSpec.Generator.Tests.Primitives.CSharpTypeTests+TestStruct`1[System.Int32]],[global::Microsoft.TypeSpec.Generator.Tests.Primitives.CSharpTypeTests.TestStruct&lt;int&gt;],False)" storage="/home/runner/work/typespec/typespec/packages/http-client-csharp/generator/artifacts/bin/microsoft.typespec.generator.tests/debug/net8.0/microsoft.typespec.generator.tests.dll" id="63bda76b-9897-fc88-3daa-45c6aeb71a3f">
      <Execution id="dd4c0526-9871-4501-8fa1-8f6ab32dd501" />
      <TestMethod codeBase="/home/runner/work/typespec/typespec/packages/http-client-csharp/generator/artifacts/bin/Microsoft.TypeSpec.Generator.Tests/Debug/net8.0/Microsoft.TypeSpec.Generator.Tests.dll" adapterTypeName="executor://nunit3testexecutor/" className="Microsoft.TypeSpec.Generator.Tests.Primitives.CSharpTypeTests" name="ValidateNullableTypes(Microsoft.TypeSpec.Generator.Tests.Primitives.CSharpTypeTests+TestStruct`1[Microsoft.TypeSpec.Generator.Tests.Primitives.CSharpTypeTests+TestStruct`1[System.Int32]],[global::Microsoft.TypeSpec.Generator.Tests.Primitives.CSharpTypeTests.TestStruct&lt;int&gt;],False)" />
    </UnitTest>
    <UnitTest name="TestToApiVersionValueWithPrefixAndSeparator(&quot;V1_2_3&quot;,&quot;v&quot;,&quot;_&quot;,&quot;v1_2_3&quot;)" storage="/home/runner/work/typespec/typespec/packages/http-client-csharp/generator/artifacts/bin/microsoft.typespec.generator.tests/debug/net8.0/microsoft.typespec.generator.tests.dll" id="6b9d4dd7-60b6-0173-a67f-30594f6b04fd">
      <Execution id="e940995b-0117-4ab9-a6fa-2462cd219241" />
      <TestMethod codeBase="/home/runner/work/typespec/typespec/packages/http-client-csharp/generator/artifacts/bin/Microsoft.TypeSpec.Generator.Tests/Debug/net8.0/Microsoft.TypeSpec.Generator.Tests.dll" adapterTypeName="executor://nunit3testexecutor/" className="Microsoft.TypeSpec.Generator.Tests.Utilities.StringExtensionsTests" name="TestToApiVersionValueWithPrefixAndSeparator(&quot;V1_2_3&quot;,&quot;v&quot;,&quot;_&quot;,&quot;v1_2_3&quot;)" />
    </UnitTest>
    <UnitTest name="ListExpression(System.String)" storage="/home/runner/work/typespec/typespec/packages/http-client-csharp/generator/artifacts/bin/microsoft.typespec.generator.tests/debug/net8.0/microsoft.typespec.generator.tests.dll" id="b3824d22-3e00-1c68-500f-810bf79cb1ce">
      <Execution id="ff744752-60ca-4321-9611-5d4c3aecad4d" />
      <TestMethod codeBase="/home/runner/work/typespec/typespec/packages/http-client-csharp/generator/artifacts/bin/Microsoft.TypeSpec.Generator.Tests/Debug/net8.0/Microsoft.TypeSpec.Generator.Tests.dll" adapterTypeName="executor://nunit3testexecutor/" className="Microsoft.TypeSpec.Generator.Tests.Expressions.KnownValueExpressionsTests" name="ListExpression(System.String)" />
    </UnitTest>
    <UnitTest name="NoExtensionMethods" storage="/home/runner/work/typespec/typespec/packages/http-client-csharp/generator/artifacts/bin/microsoft.typespec.generator.tests/debug/net8.0/microsoft.typespec.generator.tests.dll" id="8f58d932-596f-8a50-3cdc-61d496c37322">
      <Execution id="2d21e973-13eb-44e6-a30e-f03552ced8da" />
      <TestMethod codeBase="/home/runner/work/typespec/typespec/packages/http-client-csharp/generator/artifacts/bin/Microsoft.TypeSpec.Generator.Tests/Debug/net8.0/Microsoft.TypeSpec.Generator.Tests.dll" adapterTypeName="executor://nunit3testexecutor/" className="Microsoft.TypeSpec.Generator.Tests.Writers.CodeWriterExtensionTests" name="NoExtensionMethods" />
    </UnitTest>
    <UnitTest name="Dict_Defined_ReturnsTrue" storage="/home/runner/work/typespec/typespec/packages/http-client-csharp/generator/artifacts/bin/microsoft.typespec.generator.tests/debug/net8.0/microsoft.typespec.generator.tests.dll" id="0e4a4fd7-6670-968d-49ed-29500bf79202">
      <Execution id="97c7c785-3f20-4e30-a71e-fc7fe6480498" />
      <TestMethod codeBase="/home/runner/work/typespec/typespec/packages/http-client-csharp/generator/artifacts/bin/Microsoft.TypeSpec.Generator.Tests/Debug/net8.0/Microsoft.TypeSpec.Generator.Tests.dll" adapterTypeName="executor://nunit3testexecutor/" className="Microsoft.TypeSpec.Generator.Tests.Providers.OptionalTests" name="Dict_Defined_ReturnsTrue" />
    </UnitTest>
    <UnitTest name="SystemTypeOperatorTestNotEqual(System.Collections.Generic.IDictionary`2[System.Int32,System.String],System.Collections.Generic.Dictionary`2[TKey,TValue])" storage="/home/runner/work/typespec/typespec/packages/http-client-csharp/generator/artifacts/bin/microsoft.typespec.generator.tests/debug/net8.0/microsoft.typespec.generator.tests.dll" id="4227ff06-9010-e871-ce9c-b32ecf923096">
      <Execution id="5a8bda22-51e2-40e9-8a50-c816823d7ef5" />
      <TestMethod codeBase="/home/runner/work/typespec/typespec/packages/http-client-csharp/generator/artifacts/bin/Microsoft.TypeSpec.Generator.Tests/Debug/net8.0/Microsoft.TypeSpec.Generator.Tests.dll" adapterTypeName="executor://nunit3testexecutor/" className="Microsoft.TypeSpec.Generator.Tests.Expressions.ValueExpressionTests" name="SystemTypeOperatorTestNotEqual(System.Collections.Generic.IDictionary`2[System.Int32,System.String],System.Collections.Generic.Dictionary`2[TKey,TValue])" />
    </UnitTest>
    <UnitTest name="BuildPropertyDescription(Microsoft.TypeSpec.Generator.Input.InputModelProperty,global::System.Collections.Generic.IDictionary&lt;string, string&gt;)" storage="/home/runner/work/typespec/typespec/packages/http-client-csharp/generator/artifacts/bin/microsoft.typespec.generator.tests/debug/net8.0/microsoft.typespec.generator.tests.dll" id="b250ea56-6610-6e43-ecb1-15681dd59882">
      <Execution id="b052d6fc-fa11-402c-b400-76c673766482" />
      <TestMethod codeBase="/home/runner/work/typespec/typespec/packages/http-client-csharp/generator/artifacts/bin/Microsoft.TypeSpec.Generator.Tests/Debug/net8.0/Microsoft.TypeSpec.Generator.Tests.dll" adapterTypeName="executor://nunit3testexecutor/" className="Microsoft.TypeSpec.Generator.Tests.Providers.PropertyDescriptionTests" name="BuildPropertyDescription(Microsoft.TypeSpec.Generator.Input.InputModelProperty,global::System.Collections.Generic.IDictionary&lt;string, string&gt;)" />
    </UnitTest>
    <UnitTest name="BodyHasSetterValidation(&quot;intOnInputModel&quot;,Microsoft.TypeSpec.Generator.Input.InputModelType,True,null)" storage="/home/runner/work/typespec/typespec/packages/http-client-csharp/generator/artifacts/bin/microsoft.typespec.generator.tests/debug/net8.0/microsoft.typespec.generator.tests.dll" id="9f21cc6d-6a39-c32d-7707-7dd3e59ad042">
      <Execution id="f7eac78c-6e97-48f9-a2e1-8c4decb98636" />
      <TestMethod codeBase="/home/runner/work/typespec/typespec/packages/http-client-csharp/generator/artifacts/bin/Microsoft.TypeSpec.Generator.Tests/Debug/net8.0/Microsoft.TypeSpec.Generator.Tests.dll" adapterTypeName="executor://nunit3testexecutor/" className="Microsoft.TypeSpec.Generator.Tests.Providers.PropertyProviderTests" name="BodyHasSetterValidation(&quot;intOnInputModel&quot;,Microsoft.TypeSpec.Generator.Input.InputModelType,True,null)" />
    </UnitTest>
    <UnitTest name="IntSerializationFormat(UInt16,&quot;string&quot;)" storage="/home/runner/work/typespec/typespec/packages/http-client-csharp/generator/artifacts/bin/microsoft.typespec.generator.tests/debug/net8.0/microsoft.typespec.generator.tests.dll" id="8aade108-d007-6038-7bea-48f8a2d9146b">
      <Execution id="e17ae180-ec03-41a1-ac25-04a163d3181b" />
      <TestMethod codeBase="/home/runner/work/typespec/typespec/packages/http-client-csharp/generator/artifacts/bin/Microsoft.TypeSpec.Generator.Tests/Debug/net8.0/Microsoft.TypeSpec.Generator.Tests.dll" adapterTypeName="executor://nunit3testexecutor/" className="Microsoft.TypeSpec.Generator.Tests.TypeFactoryTests" name="IntSerializationFormat(UInt16,&quot;string&quot;)" />
    </UnitTest>
    <UnitTest name="IntSerializationFormat(UInt64,&quot;string&quot;)" storage="/home/runner/work/typespec/typespec/packages/http-client-csharp/generator/artifacts/bin/microsoft.typespec.generator.tests/debug/net8.0/microsoft.typespec.generator.tests.dll" id="1770c101-c981-d8e8-6bf9-47ebaaeb1a16">
      <Execution id="009ecb77-f198-4944-83a9-bf65902c66aa" />
      <TestMethod codeBase="/home/runner/work/typespec/typespec/packages/http-client-csharp/generator/artifacts/bin/Microsoft.TypeSpec.Generator.Tests/Debug/net8.0/Microsoft.TypeSpec.Generator.Tests.dll" adapterTypeName="executor://nunit3testexecutor/" className="Microsoft.TypeSpec.Generator.Tests.TypeFactoryTests" name="IntSerializationFormat(UInt64,&quot;string&quot;)" />
    </UnitTest>
    <UnitTest name="DictionaryExpression(System.Collections.Generic.IDictionary`2[System.Int32,System.String],System.Collections.Generic.Dictionary`2[TKey,TValue])" storage="/home/runner/work/typespec/typespec/packages/http-client-csharp/generator/artifacts/bin/microsoft.typespec.generator.tests/debug/net8.0/microsoft.typespec.generator.tests.dll" id="a14b4a97-4047-fba6-27cb-72dd2783ad1d">
      <Execution id="15843397-239e-4303-a3a4-972cc7605e80" />
      <TestMethod codeBase="/home/runner/work/typespec/typespec/packages/http-client-csharp/generator/artifacts/bin/Microsoft.TypeSpec.Generator.Tests/Debug/net8.0/Microsoft.TypeSpec.Generator.Tests.dll" adapterTypeName="executor://nunit3testexecutor/" className="Microsoft.TypeSpec.Generator.Tests.Expressions.KnownValueExpressionsTests" name="DictionaryExpression(System.Collections.Generic.IDictionary`2[System.Int32,System.String],System.Collections.Generic.Dictionary`2[TKey,TValue])" />
    </UnitTest>
    <UnitTest name="ForStatementWithAddMethod" storage="/home/runner/work/typespec/typespec/packages/http-client-csharp/generator/artifacts/bin/microsoft.typespec.generator.tests/debug/net8.0/microsoft.typespec.generator.tests.dll" id="6f3c6e12-9b74-aadd-c68d-32108b90a62a">
      <Execution id="2ca848be-1e34-4e8b-9c0f-0a85a56b9f8c" />
      <TestMethod codeBase="/home/runner/work/typespec/typespec/packages/http-client-csharp/generator/artifacts/bin/Microsoft.TypeSpec.Generator.Tests/Debug/net8.0/Microsoft.TypeSpec.Generator.Tests.dll" adapterTypeName="executor://nunit3testexecutor/" className="Microsoft.TypeSpec.Generator.Tests.Statements.StatementTests" name="ForStatementWithAddMethod" />
    </UnitTest>
    <UnitTest name="ValidatePropertyTypes(System.Collections.Generic.IList`1[Microsoft.TypeSpec.Generator.Tests.Providers.NamedTypeSymbolProviders.NamedTypeSymbolProviderTests+SomeEnum])" storage="/home/runner/work/typespec/typespec/packages/http-client-csharp/generator/artifacts/bin/microsoft.typespec.generator.tests/debug/net8.0/microsoft.typespec.generator.tests.dll" id="796e2043-ae75-c474-f100-7651f640179d">
      <Execution id="dfcb6ac8-5769-4546-bdef-9bbb6d86c07b" />
      <TestMethod codeBase="/home/runner/work/typespec/typespec/packages/http-client-csharp/generator/artifacts/bin/Microsoft.TypeSpec.Generator.Tests/Debug/net8.0/Microsoft.TypeSpec.Generator.Tests.dll" adapterTypeName="executor://nunit3testexecutor/" className="Microsoft.TypeSpec.Generator.Tests.Providers.NamedTypeSymbolProviders.NamedTypeSymbolProviderTests" name="ValidatePropertyTypes(System.Collections.Generic.IList`1[Microsoft.TypeSpec.Generator.Tests.Providers.NamedTypeSymbolProviders.NamedTypeSymbolProviderTests+SomeEnum])" />
    </UnitTest>
    <UnitTest name="TypesAreEqualForGenericTypes(System.Collections.Generic.IReadOnlyList`1[T],[System.String])" storage="/home/runner/work/typespec/typespec/packages/http-client-csharp/generator/artifacts/bin/microsoft.typespec.generator.tests/debug/net8.0/microsoft.typespec.generator.tests.dll" id="c7a0c7b3-9846-2a4b-b8bb-61d83e352bfb">
      <Execution id="f34b3375-9de3-4d68-87c6-0d48467da3bc" />
      <TestMethod codeBase="/home/runner/work/typespec/typespec/packages/http-client-csharp/generator/artifacts/bin/Microsoft.TypeSpec.Generator.Tests/Debug/net8.0/Microsoft.TypeSpec.Generator.Tests.dll" adapterTypeName="executor://nunit3testexecutor/" className="Microsoft.TypeSpec.Generator.Tests.Primitives.CSharpTypeTests" name="TypesAreEqualForGenericTypes(System.Collections.Generic.IReadOnlyList`1[T],[System.String])" />
    </UnitTest>
    <UnitTest name="TestCancellationTokenEnumerator()" storage="/home/runner/work/typespec/typespec/packages/http-client-csharp/generator/artifacts/bin/microsoft.typespec.generator.tests/debug/net8.0/microsoft.typespec.generator.tests.dll" id="d671edcd-436b-332e-33a1-90b451097361">
      <Execution id="ffa7f8f8-9f06-41c7-8ddd-3c3c9c4ab402" />
      <TestMethod codeBase="/home/runner/work/typespec/typespec/packages/http-client-csharp/generator/artifacts/bin/Microsoft.TypeSpec.Generator.Tests/Debug/net8.0/Microsoft.TypeSpec.Generator.Tests.dll" adapterTypeName="executor://nunit3testexecutor/" className="Microsoft.TypeSpec.Generator.Tests.Primitives.KnownParametersTests" name="TestCancellationTokenEnumerator()" />
    </UnitTest>
    <UnitTest name="CanUpdateVariableExpression" storage="/home/runner/work/typespec/typespec/packages/http-client-csharp/generator/artifacts/bin/microsoft.typespec.generator.tests/debug/net8.0/microsoft.typespec.generator.tests.dll" id="60e89033-289b-6c28-2165-4ca101b6fc5d">
      <Execution id="24a33556-fe72-40f4-af7d-74889384f72c" />
      <TestMethod codeBase="/home/runner/work/typespec/typespec/packages/http-client-csharp/generator/artifacts/bin/Microsoft.TypeSpec.Generator.Tests/Debug/net8.0/Microsoft.TypeSpec.Generator.Tests.dll" adapterTypeName="executor://nunit3testexecutor/" className="Microsoft.TypeSpec.Generator.Tests.Expressions.ExpressionVisitorTests" name="CanUpdateVariableExpression" />
    </UnitTest>
    <UnitTest name="ValidateInstance" storage="/home/runner/work/typespec/typespec/packages/http-client-csharp/generator/artifacts/bin/microsoft.typespec.generator.tests/debug/net8.0/microsoft.typespec.generator.tests.dll" id="2717c16e-7d4e-6367-c2b5-b4d663618cf6">
      <Execution id="9b123ac2-d1f6-4aae-8b18-c954db17ae56" />
      <TestMethod codeBase="/home/runner/work/typespec/typespec/packages/http-client-csharp/generator/artifacts/bin/Microsoft.TypeSpec.Generator.Tests/Debug/net8.0/Microsoft.TypeSpec.Generator.Tests.dll" adapterTypeName="executor://nunit3testexecutor/" className="Microsoft.TypeSpec.Generator.Tests.Snippets.SnippetTests" name="ValidateInstance" />
    </UnitTest>
    <UnitTest name="BaseDoesNotHaveDiscriminatorField" storage="/home/runner/work/typespec/typespec/packages/http-client-csharp/generator/artifacts/bin/microsoft.typespec.generator.tests/debug/net8.0/microsoft.typespec.generator.tests.dll" id="70673848-d263-54b7-60e9-b610268cc307">
      <Execution id="439aa28b-a864-4e93-a2b3-9eda589c822a" />
      <TestMethod codeBase="/home/runner/work/typespec/typespec/packages/http-client-csharp/generator/artifacts/bin/Microsoft.TypeSpec.Generator.Tests/Debug/net8.0/Microsoft.TypeSpec.Generator.Tests.dll" adapterTypeName="executor://nunit3testexecutor/" className="Microsoft.TypeSpec.Generator.Tests.Providers.ModelProviders.DiscriminatorTests" name="BaseDoesNotHaveDiscriminatorField" />
    </UnitTest>
    <UnitTest name="SingleLineSummaryWithLineBreaks" storage="/home/runner/work/typespec/typespec/packages/http-client-csharp/generator/artifacts/bin/microsoft.typespec.generator.tests/debug/net8.0/microsoft.typespec.generator.tests.dll" id="002574d2-7793-d63b-b71c-bb7a382ebec7">
      <Execution id="c8a1b936-413e-4102-9d94-c9a4fd944116" />
      <TestMethod codeBase="/home/runner/work/typespec/typespec/packages/http-client-csharp/generator/artifacts/bin/Microsoft.TypeSpec.Generator.Tests/Debug/net8.0/Microsoft.TypeSpec.Generator.Tests.dll" adapterTypeName="executor://nunit3testexecutor/" className="Microsoft.TypeSpec.Generator.Tests.Writers.CodeWriterTests" name="SingleLineSummaryWithLineBreaks" />
    </UnitTest>
    <UnitTest name="TestIsCSharpKeyword(&quot;private&quot;,True)" storage="/home/runner/work/typespec/typespec/packages/http-client-csharp/generator/artifacts/bin/microsoft.typespec.generator.tests/debug/net8.0/microsoft.typespec.generator.tests.dll" id="aebbc01e-bae2-2ac6-3cb2-b6b2aee8eb37">
      <Execution id="5e76629d-8d47-4f39-a6c4-265676d4494f" />
      <TestMethod codeBase="/home/runner/work/typespec/typespec/packages/http-client-csharp/generator/artifacts/bin/Microsoft.TypeSpec.Generator.Tests/Debug/net8.0/Microsoft.TypeSpec.Generator.Tests.dll" adapterTypeName="executor://nunit3testexecutor/" className="Microsoft.TypeSpec.Generator.Tests.Utilities.StringExtensionsTests" name="TestIsCSharpKeyword(&quot;private&quot;,True)" />
    </UnitTest>
    <UnitTest name="TestIsCSharpKeyword(&quot;long&quot;,True)" storage="/home/runner/work/typespec/typespec/packages/http-client-csharp/generator/artifacts/bin/microsoft.typespec.generator.tests/debug/net8.0/microsoft.typespec.generator.tests.dll" id="753f0a40-a782-3885-7c0a-e9e27810f20a">
      <Execution id="149fd6ca-d171-4478-b0fc-7b9880c5e231" />
      <TestMethod codeBase="/home/runner/work/typespec/typespec/packages/http-client-csharp/generator/artifacts/bin/Microsoft.TypeSpec.Generator.Tests/Debug/net8.0/Microsoft.TypeSpec.Generator.Tests.dll" adapterTypeName="executor://nunit3testexecutor/" className="Microsoft.TypeSpec.Generator.Tests.Utilities.StringExtensionsTests" name="TestIsCSharpKeyword(&quot;long&quot;,True)" />
    </UnitTest>
    <UnitTest name="BaseShouldBeAbstract(Microsoft.TypeSpec.Generator.Input.InputModelType,&quot;/// &lt;summary&gt;\n/// animal description\n/// Please note this is the abstract base class. The derived classes available for instantiation are: &lt;see cref=\&quot;Dinosaur\&quot;/&gt;.\n/// &lt;/summary&gt;\n&quot;)" storage="/home/runner/work/typespec/typespec/packages/http-client-csharp/generator/artifacts/bin/microsoft.typespec.generator.tests/debug/net8.0/microsoft.typespec.generator.tests.dll" id="9ed569d3-b1bc-6948-f927-e67b03ca5920">
      <Execution id="ca2fad3f-862b-4cba-b223-319eb17483d1" />
      <TestMethod codeBase="/home/runner/work/typespec/typespec/packages/http-client-csharp/generator/artifacts/bin/Microsoft.TypeSpec.Generator.Tests/Debug/net8.0/Microsoft.TypeSpec.Generator.Tests.dll" adapterTypeName="executor://nunit3testexecutor/" className="Microsoft.TypeSpec.Generator.Tests.Providers.ModelProviders.DiscriminatorTests" name="BaseShouldBeAbstract(Microsoft.TypeSpec.Generator.Input.InputModelType,&quot;/// &lt;summary&gt;\n/// animal description\n/// Please note this is the abstract base class. The derived classes available for instantiation are: &lt;see cref=\&quot;Dinosaur\&quot;/&gt;.\n/// &lt;/summary&gt;\n&quot;)" />
    </UnitTest>
    <UnitTest name="TestBreakLines_LiteralOpenAndCloseBraceWithLineBreaksAndArgs" storage="/home/runner/work/typespec/typespec/packages/http-client-csharp/generator/artifacts/bin/microsoft.typespec.generator.tests/debug/net8.0/microsoft.typespec.generator.tests.dll" id="13aa93a9-9887-5976-a503-d32f80c971bf">
      <Execution id="9c0aca3f-f229-4b94-bebf-2d78959fe2ab" />
      <TestMethod codeBase="/home/runner/work/typespec/typespec/packages/http-client-csharp/generator/artifacts/bin/Microsoft.TypeSpec.Generator.Tests/Debug/net8.0/Microsoft.TypeSpec.Generator.Tests.dll" adapterTypeName="executor://nunit3testexecutor/" className="Microsoft.TypeSpec.Generator.Tests.Utilities.FormattableStringHelpersTests" name="TestBreakLines_LiteralOpenAndCloseBraceWithLineBreaksAndArgs" />
    </UnitTest>
    <UnitTest name="IfStatementInlineOptionTrue" storage="/home/runner/work/typespec/typespec/packages/http-client-csharp/generator/artifacts/bin/microsoft.typespec.generator.tests/debug/net8.0/microsoft.typespec.generator.tests.dll" id="be24d1a3-e710-9b19-9ace-6dda9699adb5">
      <Execution id="c07db298-c4cd-4688-9e7a-ca51bac9285d" />
      <TestMethod codeBase="/home/runner/work/typespec/typespec/packages/http-client-csharp/generator/artifacts/bin/Microsoft.TypeSpec.Generator.Tests/Debug/net8.0/Microsoft.TypeSpec.Generator.Tests.dll" adapterTypeName="executor://nunit3testexecutor/" className="Microsoft.TypeSpec.Generator.Tests.Statements.StatementTests" name="IfStatementInlineOptionTrue" />
    </UnitTest>
    <UnitTest name="IsReadOnlyDictionary(System.Collections.Generic.IReadOnlyDictionary`2[TKey,TValue],True)" storage="/home/runner/work/typespec/typespec/packages/http-client-csharp/generator/artifacts/bin/microsoft.typespec.generator.tests/debug/net8.0/microsoft.typespec.generator.tests.dll" id="ca916ec1-2373-0743-a45d-3badde2f97f1">
      <Execution id="ec226373-671f-4e32-925a-20f13e705d37" />
      <TestMethod codeBase="/home/runner/work/typespec/typespec/packages/http-client-csharp/generator/artifacts/bin/Microsoft.TypeSpec.Generator.Tests/Debug/net8.0/Microsoft.TypeSpec.Generator.Tests.dll" adapterTypeName="executor://nunit3testexecutor/" className="Microsoft.TypeSpec.Generator.Tests.Primitives.CSharpTypeTests" name="IsReadOnlyDictionary(System.Collections.Generic.IReadOnlyDictionary`2[TKey,TValue],True)" />
    </UnitTest>
    <UnitTest name="NonFrameworkTypeEqualsEquivalentFrameworkType(System.Int32)" storage="/home/runner/work/typespec/typespec/packages/http-client-csharp/generator/artifacts/bin/microsoft.typespec.generator.tests/debug/net8.0/microsoft.typespec.generator.tests.dll" id="a41a7c4c-0deb-b46d-278a-5d45b39a1f16">
      <Execution id="6e21f9ff-82cc-437b-9882-22923127ebb6" />
      <TestMethod codeBase="/home/runner/work/typespec/typespec/packages/http-client-csharp/generator/artifacts/bin/Microsoft.TypeSpec.Generator.Tests/Debug/net8.0/Microsoft.TypeSpec.Generator.Tests.dll" adapterTypeName="executor://nunit3testexecutor/" className="Microsoft.TypeSpec.Generator.Tests.Primitives.CSharpTypeTests" name="NonFrameworkTypeEqualsEquivalentFrameworkType(System.Int32)" />
    </UnitTest>
    <UnitTest name="TypeOfStatement(System.Collections.Generic.Dictionary`2[System.String,System.Collections.Generic.List`1[System.Int32]],&quot;typeof(global::System.Collections.Generic.Dictionary&lt;string, global::System.Collections.Generic.List&lt;int&gt;&gt;)&quot;)" storage="/home/runner/work/typespec/typespec/packages/http-client-csharp/generator/artifacts/bin/microsoft.typespec.generator.tests/debug/net8.0/microsoft.typespec.generator.tests.dll" id="fa8b3fdc-ba75-465d-a464-837c3526a595">
      <Execution id="9433da86-f340-48a3-9303-4a1164833332" />
      <TestMethod codeBase="/home/runner/work/typespec/typespec/packages/http-client-csharp/generator/artifacts/bin/Microsoft.TypeSpec.Generator.Tests/Debug/net8.0/Microsoft.TypeSpec.Generator.Tests.dll" adapterTypeName="executor://nunit3testexecutor/" className="Microsoft.TypeSpec.Generator.Tests.Expressions.TypeOfExpressionTests" name="TypeOfStatement(System.Collections.Generic.Dictionary`2[System.String,System.Collections.Generic.List`1[System.Int32]],&quot;typeof(global::System.Collections.Generic.Dictionary&lt;string, global::System.Collections.Generic.List&lt;int&gt;&gt;)&quot;)" />
    </UnitTest>
    <UnitTest name="TypesAreEqualForGenericTypes(System.Collections.Generic.IDictionary`2[TKey,TValue],[System.String, System.String])" storage="/home/runner/work/typespec/typespec/packages/http-client-csharp/generator/artifacts/bin/microsoft.typespec.generator.tests/debug/net8.0/microsoft.typespec.generator.tests.dll" id="8eb852a2-4a4f-862c-25b2-0750277a1109">
      <Execution id="16206d28-1377-4f6a-9ac6-afdee3c6dd8d" />
      <TestMethod codeBase="/home/runner/work/typespec/typespec/packages/http-client-csharp/generator/artifacts/bin/Microsoft.TypeSpec.Generator.Tests/Debug/net8.0/Microsoft.TypeSpec.Generator.Tests.dll" adapterTypeName="executor://nunit3testexecutor/" className="Microsoft.TypeSpec.Generator.Tests.Primitives.CSharpTypeTests" name="TypesAreEqualForGenericTypes(System.Collections.Generic.IDictionary`2[TKey,TValue],[System.String, System.String])" />
    </UnitTest>
    <UnitTest name="TypesAreNotEqualWhenNullabilityIsDifferent(System.Collections.Generic.IDictionary`2[System.Int32,System.String])" storage="/home/runner/work/typespec/typespec/packages/http-client-csharp/generator/artifacts/bin/microsoft.typespec.generator.tests/debug/net8.0/microsoft.typespec.generator.tests.dll" id="8f5ff714-8385-8d42-3067-444f3820b02e">
      <Execution id="c720485e-4e96-45fe-af07-6f0d6d9dfebd" />
      <TestMethod codeBase="/home/runner/work/typespec/typespec/packages/http-client-csharp/generator/artifacts/bin/Microsoft.TypeSpec.Generator.Tests/Debug/net8.0/Microsoft.TypeSpec.Generator.Tests.dll" adapterTypeName="executor://nunit3testexecutor/" className="Microsoft.TypeSpec.Generator.Tests.Primitives.CSharpTypeTests" name="TypesAreNotEqualWhenNullabilityIsDifferent(System.Collections.Generic.IDictionary`2[System.Int32,System.String])" />
    </UnitTest>
    <UnitTest name="XmlDocForParameterWithInvalidIdentifierName(&quot;param&quot;)" storage="/home/runner/work/typespec/typespec/packages/http-client-csharp/generator/artifacts/bin/microsoft.typespec.generator.tests/debug/net8.0/microsoft.typespec.generator.tests.dll" id="9981af29-f413-bc75-f232-824ab5f47c5e">
      <Execution id="d6a92310-c020-4d16-a23b-447ebf8313ba" />
      <TestMethod codeBase="/home/runner/work/typespec/typespec/packages/http-client-csharp/generator/artifacts/bin/Microsoft.TypeSpec.Generator.Tests/Debug/net8.0/Microsoft.TypeSpec.Generator.Tests.dll" adapterTypeName="executor://nunit3testexecutor/" className="Microsoft.TypeSpec.Generator.Tests.Statements.XmlDocParamStatementTests" name="XmlDocForParameterWithInvalidIdentifierName(&quot;param&quot;)" />
    </UnitTest>
    <UnitTest name="ValidateDictionary" storage="/home/runner/work/typespec/typespec/packages/http-client-csharp/generator/artifacts/bin/microsoft.typespec.generator.tests/debug/net8.0/microsoft.typespec.generator.tests.dll" id="0f11278f-9664-24e1-72c4-4100f1fa8197">
      <Execution id="9f85df2a-9912-4e10-ac89-d1f80ed6f5e2" />
      <TestMethod codeBase="/home/runner/work/typespec/typespec/packages/http-client-csharp/generator/artifacts/bin/Microsoft.TypeSpec.Generator.Tests/Debug/net8.0/Microsoft.TypeSpec.Generator.Tests.dll" adapterTypeName="executor://nunit3testexecutor/" className="Microsoft.TypeSpec.Generator.Tests.Snippets.SnippetTests" name="ValidateDictionary" />
    </UnitTest>
    <UnitTest name="NotEqualToFrameworkType(System.Collections.Generic.IDictionary`2[System.Collections.Generic.IDictionary`2[System.Int32,System.String],System.Collections.Generic.IDictionary`2[System.String,System.Int32]],System.Collections.Generic.IDictionary`2[System.Collections.Generic.IDictionary`2[System.String,System.Int32],System.Collections.Generic.IDictionary`2[System.String,System.Int32]])" storage="/home/runner/work/typespec/typespec/packages/http-client-csharp/generator/artifacts/bin/microsoft.typespec.generator.tests/debug/net8.0/microsoft.typespec.generator.tests.dll" id="daf4bcf3-541d-b532-1ace-61928ff39f81">
      <Execution id="5814f011-23bb-4e6d-8df1-bbc776c813c5" />
      <TestMethod codeBase="/home/runner/work/typespec/typespec/packages/http-client-csharp/generator/artifacts/bin/Microsoft.TypeSpec.Generator.Tests/Debug/net8.0/Microsoft.TypeSpec.Generator.Tests.dll" adapterTypeName="executor://nunit3testexecutor/" className="Microsoft.TypeSpec.Generator.Tests.Primitives.CSharpTypeTests" name="NotEqualToFrameworkType(System.Collections.Generic.IDictionary`2[System.Collections.Generic.IDictionary`2[System.Int32,System.String],System.Collections.Generic.IDictionary`2[System.String,System.Int32]],System.Collections.Generic.IDictionary`2[System.Collections.Generic.IDictionary`2[System.String,System.Int32],System.Collections.Generic.IDictionary`2[System.String,System.Int32]])" />
    </UnitTest>
    <UnitTest name="TestIsCSharpKeyword(&quot;let&quot;,True)" storage="/home/runner/work/typespec/typespec/packages/http-client-csharp/generator/artifacts/bin/microsoft.typespec.generator.tests/debug/net8.0/microsoft.typespec.generator.tests.dll" id="f07babac-a0b5-3d43-96b4-02fbbf582157">
      <Execution id="79c5ee44-d9ae-486e-baf9-f16430aefe08" />
      <TestMethod codeBase="/home/runner/work/typespec/typespec/packages/http-client-csharp/generator/artifacts/bin/Microsoft.TypeSpec.Generator.Tests/Debug/net8.0/Microsoft.TypeSpec.Generator.Tests.dll" adapterTypeName="executor://nunit3testexecutor/" className="Microsoft.TypeSpec.Generator.Tests.Utilities.StringExtensionsTests" name="TestIsCSharpKeyword(&quot;let&quot;,True)" />
    </UnitTest>
    <UnitTest name="OmitsModelFactoryMethodIfParamTypeInternal" storage="/home/runner/work/typespec/typespec/packages/http-client-csharp/generator/artifacts/bin/microsoft.typespec.generator.tests/debug/net8.0/microsoft.typespec.generator.tests.dll" id="a5600f2d-e677-9440-1ef3-65c53524b73d">
      <Execution id="71017173-457a-45a8-a9c3-e6b071758f2e" />
      <TestMethod codeBase="/home/runner/work/typespec/typespec/packages/http-client-csharp/generator/artifacts/bin/Microsoft.TypeSpec.Generator.Tests/Debug/net8.0/Microsoft.TypeSpec.Generator.Tests.dll" adapterTypeName="executor://nunit3testexecutor/" className="Microsoft.TypeSpec.Generator.Tests.Providers.ModelFactories.ModelFactoriesCustomizationTests" name="OmitsModelFactoryMethodIfParamTypeInternal" />
    </UnitTest>
    <UnitTest name="TestBreakLines_OneArgOnlyWithMixedCRLF" storage="/home/runner/work/typespec/typespec/packages/http-client-csharp/generator/artifacts/bin/microsoft.typespec.generator.tests/debug/net8.0/microsoft.typespec.generator.tests.dll" id="02dfa4b1-415b-f67b-9581-3ee214fdaf4e">
      <Execution id="f748af19-1185-41fe-8372-8f5d136c5f49" />
      <TestMethod codeBase="/home/runner/work/typespec/typespec/packages/http-client-csharp/generator/artifacts/bin/Microsoft.TypeSpec.Generator.Tests/Debug/net8.0/Microsoft.TypeSpec.Generator.Tests.dll" adapterTypeName="executor://nunit3testexecutor/" className="Microsoft.TypeSpec.Generator.Tests.Utilities.FormattableStringHelpersTests" name="TestBreakLines_OneArgOnlyWithMixedCRLF" />
    </UnitTest>
    <UnitTest name="CanCustomizeNestedTypesWithRenamedDeclaringType" storage="/home/runner/work/typespec/typespec/packages/http-client-csharp/generator/artifacts/bin/microsoft.typespec.generator.tests/debug/net8.0/microsoft.typespec.generator.tests.dll" id="758f6201-9ba2-fd48-9cbf-e75fc1748c14">
      <Execution id="ff879d8e-220d-4e90-af1a-68e93621af96" />
      <TestMethod codeBase="/home/runner/work/typespec/typespec/packages/http-client-csharp/generator/artifacts/bin/Microsoft.TypeSpec.Generator.Tests/Debug/net8.0/Microsoft.TypeSpec.Generator.Tests.dll" adapterTypeName="executor://nunit3testexecutor/" className="Microsoft.TypeSpec.Generator.Tests.Providers.TypeProviderTests" name="CanCustomizeNestedTypesWithRenamedDeclaringType" />
    </UnitTest>
    <UnitTest name="ListExpressionAddItem" storage="/home/runner/work/typespec/typespec/packages/http-client-csharp/generator/artifacts/bin/microsoft.typespec.generator.tests/debug/net8.0/microsoft.typespec.generator.tests.dll" id="7bbe00f7-a481-c476-9f13-da55ba670a72">
      <Execution id="02e60bd8-f200-4651-a35e-af4d09af8e6b" />
      <TestMethod codeBase="/home/runner/work/typespec/typespec/packages/http-client-csharp/generator/artifacts/bin/Microsoft.TypeSpec.Generator.Tests/Debug/net8.0/Microsoft.TypeSpec.Generator.Tests.dll" adapterTypeName="executor://nunit3testexecutor/" className="Microsoft.TypeSpec.Generator.Tests.Expressions.KnownValueExpressionsTests" name="ListExpressionAddItem" />
    </UnitTest>
    <UnitTest name="List_Defined_ReturnsTrue" storage="/home/runner/work/typespec/typespec/packages/http-client-csharp/generator/artifacts/bin/microsoft.typespec.generator.tests/debug/net8.0/microsoft.typespec.generator.tests.dll" id="cafe0a4b-3d0e-f664-9631-edd1f0d2dc2e">
      <Execution id="56c83d74-3ce4-4c46-946e-b2df556867d6" />
      <TestMethod codeBase="/home/runner/work/typespec/typespec/packages/http-client-csharp/generator/artifacts/bin/Microsoft.TypeSpec.Generator.Tests/Debug/net8.0/Microsoft.TypeSpec.Generator.Tests.dll" adapterTypeName="executor://nunit3testexecutor/" className="Microsoft.TypeSpec.Generator.Tests.Providers.OptionalTests" name="List_Defined_ReturnsTrue" />
    </UnitTest>
    <UnitTest name="TestBreakLines_AllLiteralsNoArgs" storage="/home/runner/work/typespec/typespec/packages/http-client-csharp/generator/artifacts/bin/microsoft.typespec.generator.tests/debug/net8.0/microsoft.typespec.generator.tests.dll" id="6a84dd81-0c57-940b-ae30-24f96fd86b92">
      <Execution id="c8a39cc1-7c5b-40e1-8ced-a418c70b1cd5" />
      <TestMethod codeBase="/home/runner/work/typespec/typespec/packages/http-client-csharp/generator/artifacts/bin/Microsoft.TypeSpec.Generator.Tests/Debug/net8.0/Microsoft.TypeSpec.Generator.Tests.dll" adapterTypeName="executor://nunit3testexecutor/" className="Microsoft.TypeSpec.Generator.Tests.Utilities.FormattableStringHelpersTests" name="TestBreakLines_AllLiteralsNoArgs" />
    </UnitTest>
    <UnitTest name="CanAddElement" storage="/home/runner/work/typespec/typespec/packages/http-client-csharp/generator/artifacts/bin/microsoft.typespec.generator.tests/debug/net8.0/microsoft.typespec.generator.tests.dll" id="38ccc626-a6f2-185e-9424-13a507faa6f1">
      <Execution id="ceccf12e-b063-4052-9d7c-58400fbda396" />
      <TestMethod codeBase="/home/runner/work/typespec/typespec/packages/http-client-csharp/generator/artifacts/bin/Microsoft.TypeSpec.Generator.Tests/Debug/net8.0/Microsoft.TypeSpec.Generator.Tests.dll" adapterTypeName="executor://nunit3testexecutor/" className="Microsoft.TypeSpec.Generator.Tests.Providers.ChangeTrackingDictionaryTest" name="CanAddElement" />
    </UnitTest>
    <UnitTest name="InvalidDocCommentWithExtra" storage="/home/runner/work/typespec/typespec/packages/http-client-csharp/generator/artifacts/bin/microsoft.typespec.generator.tests/debug/net8.0/microsoft.typespec.generator.tests.dll" id="8ef60467-882c-a14f-0d3a-dcd702174d08">
      <Execution id="4298a6af-d8fc-40f9-bef7-5efe5312ff5f" />
      <TestMethod codeBase="/home/runner/work/typespec/typespec/packages/http-client-csharp/generator/artifacts/bin/Microsoft.TypeSpec.Generator.Tests/Debug/net8.0/Microsoft.TypeSpec.Generator.Tests.dll" adapterTypeName="executor://nunit3testexecutor/" className="Microsoft.TypeSpec.Generator.Tests.Statements.XmlDocParamStatementTests" name="InvalidDocCommentWithExtra" />
    </UnitTest>
    <UnitTest name="NotEqualToFrameworkType(System.Collections.Generic.IList`1[System.Int32],System.Collections.Generic.ICollection`1[System.Int32])" storage="/home/runner/work/typespec/typespec/packages/http-client-csharp/generator/artifacts/bin/microsoft.typespec.generator.tests/debug/net8.0/microsoft.typespec.generator.tests.dll" id="b741ee7a-e6f0-2058-da0b-e4c9dde534c3">
      <Execution id="3247c2cd-ba5c-4f1d-9ff2-c4ae085b5fe6" />
      <TestMethod codeBase="/home/runner/work/typespec/typespec/packages/http-client-csharp/generator/artifacts/bin/Microsoft.TypeSpec.Generator.Tests/Debug/net8.0/Microsoft.TypeSpec.Generator.Tests.dll" adapterTypeName="executor://nunit3testexecutor/" className="Microsoft.TypeSpec.Generator.Tests.Primitives.CSharpTypeTests" name="NotEqualToFrameworkType(System.Collections.Generic.IList`1[System.Int32],System.Collections.Generic.ICollection`1[System.Int32])" />
    </UnitTest>
    <UnitTest name="TestBuildProperties_ValidatePropertySetters(Microsoft.TypeSpec.Generator.Input.InputModelProperty,global::System.Collections.Generic.IDictionary&lt;string, string&gt;,False)" storage="/home/runner/work/typespec/typespec/packages/http-client-csharp/generator/artifacts/bin/microsoft.typespec.generator.tests/debug/net8.0/microsoft.typespec.generator.tests.dll" id="8e573d90-3905-3ac5-00ac-63bb86ee5890">
      <Execution id="9f3def51-1972-40d1-979e-062f0726cbc2" />
      <TestMethod codeBase="/home/runner/work/typespec/typespec/packages/http-client-csharp/generator/artifacts/bin/Microsoft.TypeSpec.Generator.Tests/Debug/net8.0/Microsoft.TypeSpec.Generator.Tests.dll" adapterTypeName="executor://nunit3testexecutor/" className="Microsoft.TypeSpec.Generator.Tests.Providers.ModelProviders.ModelProviderTests" name="TestBuildProperties_ValidatePropertySetters(Microsoft.TypeSpec.Generator.Input.InputModelProperty,global::System.Collections.Generic.IDictionary&lt;string, string&gt;,False)" />
    </UnitTest>
    <UnitTest name="TestToApiVersionValue(&quot;V1_0_0&quot;,&quot;1-0-0&quot;)" storage="/home/runner/work/typespec/typespec/packages/http-client-csharp/generator/artifacts/bin/microsoft.typespec.generator.tests/debug/net8.0/microsoft.typespec.generator.tests.dll" id="6aa0ad0c-ce2a-1ae2-99d8-fcadab3a7add">
      <Execution id="61bbe698-4dbf-4451-ba79-5d48a921268f" />
      <TestMethod codeBase="/home/runner/work/typespec/typespec/packages/http-client-csharp/generator/artifacts/bin/Microsoft.TypeSpec.Generator.Tests/Debug/net8.0/Microsoft.TypeSpec.Generator.Tests.dll" adapterTypeName="executor://nunit3testexecutor/" className="Microsoft.TypeSpec.Generator.Tests.Utilities.StringExtensionsTests" name="TestToApiVersionValue(&quot;V1_0_0&quot;,&quot;1-0-0&quot;)" />
    </UnitTest>
    <UnitTest name="BuildPropertyDescription(Microsoft.TypeSpec.Generator.Input.InputModelProperty,global::System.BinaryData)" storage="/home/runner/work/typespec/typespec/packages/http-client-csharp/generator/artifacts/bin/microsoft.typespec.generator.tests/debug/net8.0/microsoft.typespec.generator.tests.dll" id="3416710f-7f2b-30de-6fba-ccb66a1f8d4a">
      <Execution id="3acce359-c304-4fc0-b435-77eddd836e78" />
      <TestMethod codeBase="/home/runner/work/typespec/typespec/packages/http-client-csharp/generator/artifacts/bin/Microsoft.TypeSpec.Generator.Tests/Debug/net8.0/Microsoft.TypeSpec.Generator.Tests.dll" adapterTypeName="executor://nunit3testexecutor/" className="Microsoft.TypeSpec.Generator.Tests.Providers.PropertyDescriptionTests" name="BuildPropertyDescription(Microsoft.TypeSpec.Generator.Input.InputModelProperty,global::System.BinaryData)" />
    </UnitTest>
    <UnitTest name="ValidateGetFormattableStringFormatParts(&quot;This {0} has literal }} and {1}&quot;,[Part { Value = This , IsLiteral = True, ArgumentIndex = -1 }, Part { Value = 0, IsLiteral = False, ArgumentIndex = 0 }, Part { Value =  has literal }, IsLiteral = True, ArgumentIndex = -1 }, Part { Value =  and , IsLiteral = True, ArgumentIndex = -1 }, Part { Value = 1, IsLiteral = False, ArgumentIndex = 1 }])" storage="/home/runner/work/typespec/typespec/packages/http-client-csharp/generator/artifacts/bin/microsoft.typespec.generator.tests/debug/net8.0/microsoft.typespec.generator.tests.dll" id="b9931b0d-3bd6-388f-fc27-2598dbc51a4b">
      <Execution id="4b688684-842d-49f3-9696-01bcadae5e12" />
      <TestMethod codeBase="/home/runner/work/typespec/typespec/packages/http-client-csharp/generator/artifacts/bin/Microsoft.TypeSpec.Generator.Tests/Debug/net8.0/Microsoft.TypeSpec.Generator.Tests.dll" adapterTypeName="executor://nunit3testexecutor/" className="Microsoft.TypeSpec.Generator.Tests.Utilities.StringExtensionsTests" name="ValidateGetFormattableStringFormatParts(&quot;This {0} has literal }} and {1}&quot;,[Part { Value = This , IsLiteral = True, ArgumentIndex = -1 }, Part { Value = 0, IsLiteral = False, ArgumentIndex = 0 }, Part { Value =  has literal }, IsLiteral = True, ArgumentIndex = -1 }, Part { Value =  and , IsLiteral = True, ArgumentIndex = -1 }, Part { Value = 1, IsLiteral = False, ArgumentIndex = 1 }])" />
    </UnitTest>
    <UnitTest name="IsDictionary(System.Int32,False)" storage="/home/runner/work/typespec/typespec/packages/http-client-csharp/generator/artifacts/bin/microsoft.typespec.generator.tests/debug/net8.0/microsoft.typespec.generator.tests.dll" id="5e32974e-efed-22fb-edf9-d7bb324b61c3">
      <Execution id="c05bd2d2-03c6-4488-b3f4-71eefa468f0b" />
      <TestMethod codeBase="/home/runner/work/typespec/typespec/packages/http-client-csharp/generator/artifacts/bin/Microsoft.TypeSpec.Generator.Tests/Debug/net8.0/Microsoft.TypeSpec.Generator.Tests.dll" adapterTypeName="executor://nunit3testexecutor/" className="Microsoft.TypeSpec.Generator.Tests.Primitives.CSharpTypeTests" name="IsDictionary(System.Int32,False)" />
    </UnitTest>
    <UnitTest name="SystemTypeOperatorTestNotEqual(System.Collections.Generic.IDictionary`2[System.Int32,System.String],System.Collections.Generic.Dictionary`2[System.Int32,System.Int32])" storage="/home/runner/work/typespec/typespec/packages/http-client-csharp/generator/artifacts/bin/microsoft.typespec.generator.tests/debug/net8.0/microsoft.typespec.generator.tests.dll" id="27bca920-a72d-e65e-33db-54c0a6ef7019">
      <Execution id="3037f588-7047-4a4c-b6c6-5760daf9b3e4" />
      <TestMethod codeBase="/home/runner/work/typespec/typespec/packages/http-client-csharp/generator/artifacts/bin/Microsoft.TypeSpec.Generator.Tests/Debug/net8.0/Microsoft.TypeSpec.Generator.Tests.dll" adapterTypeName="executor://nunit3testexecutor/" className="Microsoft.TypeSpec.Generator.Tests.Expressions.ValueExpressionTests" name="SystemTypeOperatorTestNotEqual(System.Collections.Generic.IDictionary`2[System.Int32,System.String],System.Collections.Generic.Dictionary`2[System.Int32,System.Int32])" />
    </UnitTest>
    <UnitTest name="HashCodesAreEqual(System.Collections.Generic.IList`1[System.Int32])" storage="/home/runner/work/typespec/typespec/packages/http-client-csharp/generator/artifacts/bin/microsoft.typespec.generator.tests/debug/net8.0/microsoft.typespec.generator.tests.dll" id="42ffd2ee-9394-da38-d190-db8c81cb9215">
      <Execution id="65a28231-749a-4fed-b6ce-153694d76dcd" />
      <TestMethod codeBase="/home/runner/work/typespec/typespec/packages/http-client-csharp/generator/artifacts/bin/Microsoft.TypeSpec.Generator.Tests/Debug/net8.0/Microsoft.TypeSpec.Generator.Tests.dll" adapterTypeName="executor://nunit3testexecutor/" className="Microsoft.TypeSpec.Generator.Tests.Primitives.CSharpTypeTests" name="HashCodesAreEqual(System.Collections.Generic.IList`1[System.Int32])" />
    </UnitTest>
    <UnitTest name="TestIsCSharpKeyword(&quot;foreach&quot;,True)" storage="/home/runner/work/typespec/typespec/packages/http-client-csharp/generator/artifacts/bin/microsoft.typespec.generator.tests/debug/net8.0/microsoft.typespec.generator.tests.dll" id="8b8fd5fd-534c-6452-45ae-d942a5ce1235">
      <Execution id="e9e41752-b3a2-4491-86bb-79f5feae1402" />
      <TestMethod codeBase="/home/runner/work/typespec/typespec/packages/http-client-csharp/generator/artifacts/bin/Microsoft.TypeSpec.Generator.Tests/Debug/net8.0/Microsoft.TypeSpec.Generator.Tests.dll" adapterTypeName="executor://nunit3testexecutor/" className="Microsoft.TypeSpec.Generator.Tests.Utilities.StringExtensionsTests" name="TestIsCSharpKeyword(&quot;foreach&quot;,True)" />
    </UnitTest>
    <UnitTest name="ValidatePropertyTypes(System.Nullable`1[System.ReadOnlyMemory`1[System.Byte]])" storage="/home/runner/work/typespec/typespec/packages/http-client-csharp/generator/artifacts/bin/microsoft.typespec.generator.tests/debug/net8.0/microsoft.typespec.generator.tests.dll" id="ee183c42-8169-b412-bfe9-e9d7ac90c9a4">
      <Execution id="3454ab0b-9f94-4f5b-b309-5ef35ff81b51" />
      <TestMethod codeBase="/home/runner/work/typespec/typespec/packages/http-client-csharp/generator/artifacts/bin/Microsoft.TypeSpec.Generator.Tests/Debug/net8.0/Microsoft.TypeSpec.Generator.Tests.dll" adapterTypeName="executor://nunit3testexecutor/" className="Microsoft.TypeSpec.Generator.Tests.Providers.NamedTypeSymbolProviders.NamedTypeSymbolProviderTests" name="ValidatePropertyTypes(System.Nullable`1[System.ReadOnlyMemory`1[System.Byte]])" />
    </UnitTest>
    <UnitTest name="CanChangeSwitchStatement" storage="/home/runner/work/typespec/typespec/packages/http-client-csharp/generator/artifacts/bin/microsoft.typespec.generator.tests/debug/net8.0/microsoft.typespec.generator.tests.dll" id="d5b4e9f5-f4d0-85d8-bb34-96f7deb58741">
      <Execution id="6074d76c-c713-48ba-985a-0abe94fe7aae" />
      <TestMethod codeBase="/home/runner/work/typespec/typespec/packages/http-client-csharp/generator/artifacts/bin/Microsoft.TypeSpec.Generator.Tests/Debug/net8.0/Microsoft.TypeSpec.Generator.Tests.dll" adapterTypeName="executor://nunit3testexecutor/" className="Microsoft.TypeSpec.Generator.Tests.Statements.StatementVisitorTests" name="CanChangeSwitchStatement" />
    </UnitTest>
    <UnitTest name="TypesAreEqual(System.Collections.Generic.IDictionary`2[System.Collections.Generic.IDictionary`2[System.Int32,System.String],System.Collections.Generic.IDictionary`2[System.String,System.Int32]])" storage="/home/runner/work/typespec/typespec/packages/http-client-csharp/generator/artifacts/bin/microsoft.typespec.generator.tests/debug/net8.0/microsoft.typespec.generator.tests.dll" id="6ae2e32b-e312-97af-fb1c-95c52237f233">
      <Execution id="5468847f-6941-4baa-8506-6435f3559038" />
      <TestMethod codeBase="/home/runner/work/typespec/typespec/packages/http-client-csharp/generator/artifacts/bin/Microsoft.TypeSpec.Generator.Tests/Debug/net8.0/Microsoft.TypeSpec.Generator.Tests.dll" adapterTypeName="executor://nunit3testexecutor/" className="Microsoft.TypeSpec.Generator.Tests.Primitives.CSharpTypeTests" name="TypesAreEqual(System.Collections.Generic.IDictionary`2[System.Collections.Generic.IDictionary`2[System.Int32,System.String],System.Collections.Generic.IDictionary`2[System.String,System.Int32]])" />
    </UnitTest>
    <UnitTest name="CanAddVisitors" storage="/home/runner/work/typespec/typespec/packages/http-client-csharp/generator/artifacts/bin/microsoft.typespec.generator.tests/debug/net8.0/microsoft.typespec.generator.tests.dll" id="403c4e51-5e40-a145-92da-61e89f4ace2f">
      <Execution id="72e58bd9-ebf8-429a-b709-d11b326ea526" />
      <TestMethod codeBase="/home/runner/work/typespec/typespec/packages/http-client-csharp/generator/artifacts/bin/Microsoft.TypeSpec.Generator.Tests/Debug/net8.0/Microsoft.TypeSpec.Generator.Tests.dll" adapterTypeName="executor://nunit3testexecutor/" className="Microsoft.TypeSpec.Generator.Tests.GeneratorTests" name="CanAddVisitors" />
    </UnitTest>
    <UnitTest name="TestIsCSharpKeyword(&quot;enum&quot;,True)" storage="/home/runner/work/typespec/typespec/packages/http-client-csharp/generator/artifacts/bin/microsoft.typespec.generator.tests/debug/net8.0/microsoft.typespec.generator.tests.dll" id="98434a80-fdf6-c589-8491-27597fe52c2d">
      <Execution id="82415978-f889-4bfb-b084-03042dfec1c1" />
      <TestMethod codeBase="/home/runner/work/typespec/typespec/packages/http-client-csharp/generator/artifacts/bin/Microsoft.TypeSpec.Generator.Tests/Debug/net8.0/Microsoft.TypeSpec.Generator.Tests.dll" adapterTypeName="executor://nunit3testexecutor/" className="Microsoft.TypeSpec.Generator.Tests.Utilities.StringExtensionsTests" name="TestIsCSharpKeyword(&quot;enum&quot;,True)" />
    </UnitTest>
    <UnitTest name="IsReadOnlyDictionary(System.Int32,False)" storage="/home/runner/work/typespec/typespec/packages/http-client-csharp/generator/artifacts/bin/microsoft.typespec.generator.tests/debug/net8.0/microsoft.typespec.generator.tests.dll" id="ffafe886-db52-5cdf-21f6-dc5e02604ae3">
      <Execution id="820b7ce7-5257-47cd-a65a-1cf13df90def" />
      <TestMethod codeBase="/home/runner/work/typespec/typespec/packages/http-client-csharp/generator/artifacts/bin/Microsoft.TypeSpec.Generator.Tests/Debug/net8.0/Microsoft.TypeSpec.Generator.Tests.dll" adapterTypeName="executor://nunit3testexecutor/" className="Microsoft.TypeSpec.Generator.Tests.Primitives.CSharpTypeTests" name="IsReadOnlyDictionary(System.Int32,False)" />
    </UnitTest>
    <UnitTest name="SystemTypeOperatorTestEqual(System.Collections.Generic.IList`1[T])" storage="/home/runner/work/typespec/typespec/packages/http-client-csharp/generator/artifacts/bin/microsoft.typespec.generator.tests/debug/net8.0/microsoft.typespec.generator.tests.dll" id="9bd88f60-5e10-717c-4f00-2d1160d34c36">
      <Execution id="1c4b583b-dc63-4aaa-b91e-8b4d7bcd700b" />
      <TestMethod codeBase="/home/runner/work/typespec/typespec/packages/http-client-csharp/generator/artifacts/bin/Microsoft.TypeSpec.Generator.Tests/Debug/net8.0/Microsoft.TypeSpec.Generator.Tests.dll" adapterTypeName="executor://nunit3testexecutor/" className="Microsoft.TypeSpec.Generator.Tests.Expressions.ValueExpressionTests" name="SystemTypeOperatorTestEqual(System.Collections.Generic.IList`1[T])" />
    </UnitTest>
    <UnitTest name="TestWriteValueExpression_CustomExpression" storage="/home/runner/work/typespec/typespec/packages/http-client-csharp/generator/artifacts/bin/microsoft.typespec.generator.tests/debug/net8.0/microsoft.typespec.generator.tests.dll" id="90bf6b45-fed4-fe2b-c5f1-66836f3259c4">
      <Execution id="dc4ad5bc-5f1c-4cca-9382-8f5aee433d3f" />
      <TestMethod codeBase="/home/runner/work/typespec/typespec/packages/http-client-csharp/generator/artifacts/bin/Microsoft.TypeSpec.Generator.Tests/Debug/net8.0/Microsoft.TypeSpec.Generator.Tests.dll" adapterTypeName="executor://nunit3testexecutor/" className="Microsoft.TypeSpec.Generator.Tests.Writers.CodeWriterExtensionTests" name="TestWriteValueExpression_CustomExpression" />
    </UnitTest>
    <UnitTest name="KeyValuePairExpression(System.Int32,System.Collections.Generic.IList`1[System.Int32])" storage="/home/runner/work/typespec/typespec/packages/http-client-csharp/generator/artifacts/bin/microsoft.typespec.generator.tests/debug/net8.0/microsoft.typespec.generator.tests.dll" id="3ccfa2f6-0e86-62eb-ad07-89f01dd93902">
      <Execution id="7cd5cd38-2ef2-4105-8185-0b69dc0998a1" />
      <TestMethod codeBase="/home/runner/work/typespec/typespec/packages/http-client-csharp/generator/artifacts/bin/Microsoft.TypeSpec.Generator.Tests/Debug/net8.0/Microsoft.TypeSpec.Generator.Tests.dll" adapterTypeName="executor://nunit3testexecutor/" className="Microsoft.TypeSpec.Generator.Tests.Expressions.KnownValueExpressionsTests" name="KeyValuePairExpression(System.Int32,System.Collections.Generic.IList`1[System.Int32])" />
    </UnitTest>
    <UnitTest name="CanAddProperties" storage="/home/runner/work/typespec/typespec/packages/http-client-csharp/generator/artifacts/bin/microsoft.typespec.generator.tests/debug/net8.0/microsoft.typespec.generator.tests.dll" id="b6b7338b-4970-ce48-bc58-d9b3eefe54de">
      <Execution id="00bb05f2-a2fb-4efe-8e32-7aae48f415db" />
      <TestMethod codeBase="/home/runner/work/typespec/typespec/packages/http-client-csharp/generator/artifacts/bin/Microsoft.TypeSpec.Generator.Tests/Debug/net8.0/Microsoft.TypeSpec.Generator.Tests.dll" adapterTypeName="executor://nunit3testexecutor/" className="Microsoft.TypeSpec.Generator.Tests.Providers.ModelProviders.ModelCustomizationTests" name="CanAddProperties" />
    </UnitTest>
    <UnitTest name="SystemTypeOperatorTestEqual(System.Collections.Generic.IList`1[System.Int32])" storage="/home/runner/work/typespec/typespec/packages/http-client-csharp/generator/artifacts/bin/microsoft.typespec.generator.tests/debug/net8.0/microsoft.typespec.generator.tests.dll" id="f10cc00c-79c1-4d9c-8c29-de5a72b85501">
      <Execution id="1cc67d0a-75d1-44fb-847e-c513b09e12c9" />
      <TestMethod codeBase="/home/runner/work/typespec/typespec/packages/http-client-csharp/generator/artifacts/bin/Microsoft.TypeSpec.Generator.Tests/Debug/net8.0/Microsoft.TypeSpec.Generator.Tests.dll" adapterTypeName="executor://nunit3testexecutor/" className="Microsoft.TypeSpec.Generator.Tests.Expressions.ValueExpressionTests" name="SystemTypeOperatorTestEqual(System.Collections.Generic.IList`1[System.Int32])" />
    </UnitTest>
    <UnitTest name="TestIsCSharpKeyword(&quot;equals&quot;,True)" storage="/home/runner/work/typespec/typespec/packages/http-client-csharp/generator/artifacts/bin/microsoft.typespec.generator.tests/debug/net8.0/microsoft.typespec.generator.tests.dll" id="1d88f3ee-2148-4435-1f51-6e187f3a8f8a">
      <Execution id="6b5597c7-0e6a-4a5c-975e-632dd04340e3" />
      <TestMethod codeBase="/home/runner/work/typespec/typespec/packages/http-client-csharp/generator/artifacts/bin/Microsoft.TypeSpec.Generator.Tests/Debug/net8.0/Microsoft.TypeSpec.Generator.Tests.dll" adapterTypeName="executor://nunit3testexecutor/" className="Microsoft.TypeSpec.Generator.Tests.Utilities.StringExtensionsTests" name="TestIsCSharpKeyword(&quot;equals&quot;,True)" />
    </UnitTest>
    <UnitTest name="DeclarationTest" storage="/home/runner/work/typespec/typespec/packages/http-client-csharp/generator/artifacts/bin/microsoft.typespec.generator.tests/debug/net8.0/microsoft.typespec.generator.tests.dll" id="5bb85660-5994-97e8-8c84-3696fcb21e85">
      <Execution id="2a7f9662-8b29-47b4-9104-496face46683" />
      <TestMethod codeBase="/home/runner/work/typespec/typespec/packages/http-client-csharp/generator/artifacts/bin/Microsoft.TypeSpec.Generator.Tests/Debug/net8.0/Microsoft.TypeSpec.Generator.Tests.dll" adapterTypeName="executor://nunit3testexecutor/" className="Microsoft.TypeSpec.Generator.Tests.Writers.CodeWriterDeclarationTests" name="DeclarationTest" />
    </UnitTest>
    <UnitTest name="SwitchStatementWithSingleCase" storage="/home/runner/work/typespec/typespec/packages/http-client-csharp/generator/artifacts/bin/microsoft.typespec.generator.tests/debug/net8.0/microsoft.typespec.generator.tests.dll" id="79735f05-3144-a23c-4610-1cf651108e8b">
      <Execution id="b9cabccf-3e47-451a-9434-f7b2ffeb87f3" />
      <TestMethod codeBase="/home/runner/work/typespec/typespec/packages/http-client-csharp/generator/artifacts/bin/Microsoft.TypeSpec.Generator.Tests/Debug/net8.0/Microsoft.TypeSpec.Generator.Tests.dll" adapterTypeName="executor://nunit3testexecutor/" className="Microsoft.TypeSpec.Generator.Tests.Statements.StatementTests" name="SwitchStatementWithSingleCase" />
    </UnitTest>
    <UnitTest name="ValidatePropertyTypes(System.Collections.Generic.IDictionary`2[System.String,Microsoft.TypeSpec.Generator.Tests.Providers.NamedTypeSymbolProviders.NamedTypeSymbolProviderTests+SomeEnum])" storage="/home/runner/work/typespec/typespec/packages/http-client-csharp/generator/artifacts/bin/microsoft.typespec.generator.tests/debug/net8.0/microsoft.typespec.generator.tests.dll" id="0e103695-05d1-7061-85b7-e9b693599e18">
      <Execution id="817ce029-ebfc-4598-828a-7164b30a307e" />
      <TestMethod codeBase="/home/runner/work/typespec/typespec/packages/http-client-csharp/generator/artifacts/bin/Microsoft.TypeSpec.Generator.Tests/Debug/net8.0/Microsoft.TypeSpec.Generator.Tests.dll" adapterTypeName="executor://nunit3testexecutor/" className="Microsoft.TypeSpec.Generator.Tests.Providers.NamedTypeSymbolProviders.NamedTypeSymbolProviderTests" name="ValidatePropertyTypes(System.Collections.Generic.IDictionary`2[System.String,Microsoft.TypeSpec.Generator.Tests.Providers.NamedTypeSymbolProviders.NamedTypeSymbolProviderTests+SomeEnum])" />
    </UnitTest>
    <UnitTest name="ClearResetsUndefined" storage="/home/runner/work/typespec/typespec/packages/http-client-csharp/generator/artifacts/bin/microsoft.typespec.generator.tests/debug/net8.0/microsoft.typespec.generator.tests.dll" id="67aaf6ef-c8af-9bdf-61a4-bec58e4167ef">
      <Execution id="8a24a9e7-a038-40ef-8451-b1d021e07e50" />
      <TestMethod codeBase="/home/runner/work/typespec/typespec/packages/http-client-csharp/generator/artifacts/bin/Microsoft.TypeSpec.Generator.Tests/Debug/net8.0/Microsoft.TypeSpec.Generator.Tests.dll" adapterTypeName="executor://nunit3testexecutor/" className="Microsoft.TypeSpec.Generator.Tests.Providers.ChangeTrackingDictionaryTest" name="ClearResetsUndefined" />
    </UnitTest>
    <UnitTest name="NotEqualToFrameworkType(System.Int32,System.Collections.Generic.IList`1[System.Int32])" storage="/home/runner/work/typespec/typespec/packages/http-client-csharp/generator/artifacts/bin/microsoft.typespec.generator.tests/debug/net8.0/microsoft.typespec.generator.tests.dll" id="505a857b-da4d-f58f-a6af-4665396ee207">
      <Execution id="096a01c3-c284-4ebf-8c87-4126561e87d3" />
      <TestMethod codeBase="/home/runner/work/typespec/typespec/packages/http-client-csharp/generator/artifacts/bin/Microsoft.TypeSpec.Generator.Tests/Debug/net8.0/Microsoft.TypeSpec.Generator.Tests.dll" adapterTypeName="executor://nunit3testexecutor/" className="Microsoft.TypeSpec.Generator.Tests.Primitives.CSharpTypeTests" name="NotEqualToFrameworkType(System.Int32,System.Collections.Generic.IList`1[System.Int32])" />
    </UnitTest>
    <UnitTest name="TypeProviderWriter_WriteModel" storage="/home/runner/work/typespec/typespec/packages/http-client-csharp/generator/artifacts/bin/microsoft.typespec.generator.tests/debug/net8.0/microsoft.typespec.generator.tests.dll" id="476b0c76-e6b5-6271-7e54-845594595bc8">
      <Execution id="d7a8a599-d688-44fe-b267-c998f8caca16" />
      <TestMethod codeBase="/home/runner/work/typespec/typespec/packages/http-client-csharp/generator/artifacts/bin/Microsoft.TypeSpec.Generator.Tests/Debug/net8.0/Microsoft.TypeSpec.Generator.Tests.dll" adapterTypeName="executor://nunit3testexecutor/" className="Microsoft.TypeSpec.Generator.Tests.Writers.TypeProviderWriterTests" name="TypeProviderWriter_WriteModel" />
    </UnitTest>
    <UnitTest name="CanChangeTypeNamespaceAfterTypeName" storage="/home/runner/work/typespec/typespec/packages/http-client-csharp/generator/artifacts/bin/microsoft.typespec.generator.tests/debug/net8.0/microsoft.typespec.generator.tests.dll" id="e68b2339-3b42-ec37-1498-f16fb572e243">
      <Execution id="7ec0e357-888a-4a02-9907-b37f74ad0fba" />
      <TestMethod codeBase="/home/runner/work/typespec/typespec/packages/http-client-csharp/generator/artifacts/bin/Microsoft.TypeSpec.Generator.Tests/Debug/net8.0/Microsoft.TypeSpec.Generator.Tests.dll" adapterTypeName="executor://nunit3testexecutor/" className="Microsoft.TypeSpec.Generator.Tests.Providers.ModelProviders.ModelCustomizationTests" name="CanChangeTypeNamespaceAfterTypeName" />
    </UnitTest>
    <UnitTest name="ValidatePropertyTypes(System.Nullable`1[Microsoft.TypeSpec.Generator.Tests.Providers.NamedTypeSymbolProviders.NamedTypeSymbolProviderTests+SomeEnum],True)" storage="/home/runner/work/typespec/typespec/packages/http-client-csharp/generator/artifacts/bin/microsoft.typespec.generator.tests/debug/net8.0/microsoft.typespec.generator.tests.dll" id="0bef4102-12a6-3b9f-b397-11bd8ec3188e">
      <Execution id="3b25de1e-6061-4ad6-82a7-afdf16eb5b29" />
      <TestMethod codeBase="/home/runner/work/typespec/typespec/packages/http-client-csharp/generator/artifacts/bin/Microsoft.TypeSpec.Generator.Tests/Debug/net8.0/Microsoft.TypeSpec.Generator.Tests.dll" adapterTypeName="executor://nunit3testexecutor/" className="Microsoft.TypeSpec.Generator.Tests.Providers.NamedTypeSymbolProviders.NamedTypeSymbolProviderTests" name="ValidatePropertyTypes(System.Nullable`1[Microsoft.TypeSpec.Generator.Tests.Providers.NamedTypeSymbolProviders.NamedTypeSymbolProviderTests+SomeEnum],True)" />
    </UnitTest>
    <UnitTest name="CacheFrameworkTypes" storage="/home/runner/work/typespec/typespec/packages/http-client-csharp/generator/artifacts/bin/microsoft.typespec.generator.tests/debug/net8.0/microsoft.typespec.generator.tests.dll" id="07831204-b898-6007-d61d-e5d965a368fb">
      <Execution id="c80fa629-95bf-4d63-9850-752a1ac04570" />
      <TestMethod codeBase="/home/runner/work/typespec/typespec/packages/http-client-csharp/generator/artifacts/bin/Microsoft.TypeSpec.Generator.Tests/Debug/net8.0/Microsoft.TypeSpec.Generator.Tests.dll" adapterTypeName="executor://nunit3testexecutor/" className="Microsoft.TypeSpec.Generator.Tests.Primitives.CSharpTypeTests" name="CacheFrameworkTypes" />
    </UnitTest>
    <UnitTest name="IntSerializationFormat(Int8,&quot;string&quot;)" storage="/home/runner/work/typespec/typespec/packages/http-client-csharp/generator/artifacts/bin/microsoft.typespec.generator.tests/debug/net8.0/microsoft.typespec.generator.tests.dll" id="84836fff-5066-5659-deb1-f30fe6cf59f2">
      <Execution id="b398f0da-221b-46aa-8225-a8b37971e965" />
      <TestMethod codeBase="/home/runner/work/typespec/typespec/packages/http-client-csharp/generator/artifacts/bin/Microsoft.TypeSpec.Generator.Tests/Debug/net8.0/Microsoft.TypeSpec.Generator.Tests.dll" adapterTypeName="executor://nunit3testexecutor/" className="Microsoft.TypeSpec.Generator.Tests.TypeFactoryTests" name="IntSerializationFormat(Int8,&quot;string&quot;)" />
    </UnitTest>
    <UnitTest name="TypesAreEqual(System.Collections.Generic.IDictionary`2[TKey,TValue])" storage="/home/runner/work/typespec/typespec/packages/http-client-csharp/generator/artifacts/bin/microsoft.typespec.generator.tests/debug/net8.0/microsoft.typespec.generator.tests.dll" id="b16f7419-6346-6c6e-74b5-620d6ea5c8b0">
      <Execution id="75d0b98b-457c-4482-94cc-65600e779f69" />
      <TestMethod codeBase="/home/runner/work/typespec/typespec/packages/http-client-csharp/generator/artifacts/bin/Microsoft.TypeSpec.Generator.Tests/Debug/net8.0/Microsoft.TypeSpec.Generator.Tests.dll" adapterTypeName="executor://nunit3testexecutor/" className="Microsoft.TypeSpec.Generator.Tests.Primitives.CSharpTypeTests" name="TypesAreEqual(System.Collections.Generic.IDictionary`2[TKey,TValue])" />
    </UnitTest>
    <UnitTest name="IntSerializationFormat(Int64,null)" storage="/home/runner/work/typespec/typespec/packages/http-client-csharp/generator/artifacts/bin/microsoft.typespec.generator.tests/debug/net8.0/microsoft.typespec.generator.tests.dll" id="a48939ad-47d0-7294-e913-221d99f955ca">
      <Execution id="2ab252b1-a849-4a98-b427-5b2802d574f3" />
      <TestMethod codeBase="/home/runner/work/typespec/typespec/packages/http-client-csharp/generator/artifacts/bin/Microsoft.TypeSpec.Generator.Tests/Debug/net8.0/Microsoft.TypeSpec.Generator.Tests.dll" adapterTypeName="executor://nunit3testexecutor/" className="Microsoft.TypeSpec.Generator.Tests.TypeFactoryTests" name="IntSerializationFormat(Int64,null)" />
    </UnitTest>
    <UnitTest name="TestIsCSharpKeyword(&quot;public&quot;,True)" storage="/home/runner/work/typespec/typespec/packages/http-client-csharp/generator/artifacts/bin/microsoft.typespec.generator.tests/debug/net8.0/microsoft.typespec.generator.tests.dll" id="26c3acd7-4184-26e1-d7e3-91a6ca233acf">
      <Execution id="e76cd2d0-9c28-446e-96f1-24266b95c1e8" />
      <TestMethod codeBase="/home/runner/work/typespec/typespec/packages/http-client-csharp/generator/artifacts/bin/Microsoft.TypeSpec.Generator.Tests/Debug/net8.0/Microsoft.TypeSpec.Generator.Tests.dll" adapterTypeName="executor://nunit3testexecutor/" className="Microsoft.TypeSpec.Generator.Tests.Utilities.StringExtensionsTests" name="TestIsCSharpKeyword(&quot;public&quot;,True)" />
    </UnitTest>
    <UnitTest name="IsReadOnlyDictionary(System.Collections.Generic.IDictionary`2[System.String,System.String],False)" storage="/home/runner/work/typespec/typespec/packages/http-client-csharp/generator/artifacts/bin/microsoft.typespec.generator.tests/debug/net8.0/microsoft.typespec.generator.tests.dll" id="15ded8ec-de1a-7ade-c1cf-a3c58aebd8e9">
      <Execution id="6a877fda-63b7-458a-b6f3-cc916e0b1310" />
      <TestMethod codeBase="/home/runner/work/typespec/typespec/packages/http-client-csharp/generator/artifacts/bin/Microsoft.TypeSpec.Generator.Tests/Debug/net8.0/Microsoft.TypeSpec.Generator.Tests.dll" adapterTypeName="executor://nunit3testexecutor/" className="Microsoft.TypeSpec.Generator.Tests.Primitives.CSharpTypeTests" name="IsReadOnlyDictionary(System.Collections.Generic.IDictionary`2[System.String,System.String],False)" />
    </UnitTest>
    <UnitTest name="CreateForeachStatement" storage="/home/runner/work/typespec/typespec/packages/http-client-csharp/generator/artifacts/bin/microsoft.typespec.generator.tests/debug/net8.0/microsoft.typespec.generator.tests.dll" id="9dc37f2a-c5ae-ddf1-babf-93c860dad240">
      <Execution id="33eb250f-2e7d-4801-920c-5d2a9ccb5864" />
      <TestMethod codeBase="/home/runner/work/typespec/typespec/packages/http-client-csharp/generator/artifacts/bin/Microsoft.TypeSpec.Generator.Tests/Debug/net8.0/Microsoft.TypeSpec.Generator.Tests.dll" adapterTypeName="executor://nunit3testexecutor/" className="Microsoft.TypeSpec.Generator.Tests.Statements.StatementTests" name="CreateForeachStatement" />
    </UnitTest>
    <UnitTest name="CatchStatementWithEmptyBody" storage="/home/runner/work/typespec/typespec/packages/http-client-csharp/generator/artifacts/bin/microsoft.typespec.generator.tests/debug/net8.0/microsoft.typespec.generator.tests.dll" id="cbadf323-978d-feac-6b8c-ad70a7d953f8">
      <Execution id="87f0afff-98c2-440e-957b-f725d59476ac" />
      <TestMethod codeBase="/home/runner/work/typespec/typespec/packages/http-client-csharp/generator/artifacts/bin/Microsoft.TypeSpec.Generator.Tests/Debug/net8.0/Microsoft.TypeSpec.Generator.Tests.dll" adapterTypeName="executor://nunit3testexecutor/" className="Microsoft.TypeSpec.Generator.Tests.Statements.StatementTests" name="CatchStatementWithEmptyBody" />
    </UnitTest>
    <UnitTest name="ValidateNamespaceNestedType" storage="/home/runner/work/typespec/typespec/packages/http-client-csharp/generator/artifacts/bin/microsoft.typespec.generator.tests/debug/net8.0/microsoft.typespec.generator.tests.dll" id="800adef5-f024-3821-03a2-7be53313576d">
      <Execution id="6a5e2972-7560-43de-afc1-ccaa8f5fce65" />
      <TestMethod codeBase="/home/runner/work/typespec/typespec/packages/http-client-csharp/generator/artifacts/bin/Microsoft.TypeSpec.Generator.Tests/Debug/net8.0/Microsoft.TypeSpec.Generator.Tests.dll" adapterTypeName="executor://nunit3testexecutor/" className="Microsoft.TypeSpec.Generator.Tests.Providers.NamedTypeSymbolProviders.NamedTypeSymbolProviderTests" name="ValidateNamespaceNestedType" />
    </UnitTest>
    <UnitTest name="CorrectValidationIsAppliedToParameter(Int32,False,None)" storage="/home/runner/work/typespec/typespec/packages/http-client-csharp/generator/artifacts/bin/microsoft.typespec.generator.tests/debug/net8.0/microsoft.typespec.generator.tests.dll" id="e033eccc-dd6f-7cc6-38e0-10c622134639">
      <Execution id="cd4a2b36-e09b-4ca6-bb96-78e19c510573" />
      <TestMethod codeBase="/home/runner/work/typespec/typespec/packages/http-client-csharp/generator/artifacts/bin/Microsoft.TypeSpec.Generator.Tests/Debug/net8.0/Microsoft.TypeSpec.Generator.Tests.dll" adapterTypeName="executor://nunit3testexecutor/" className="Microsoft.TypeSpec.Generator.Tests.Providers.ParameterProviderTests" name="CorrectValidationIsAppliedToParameter(Int32,False,None)" />
    </UnitTest>
    <UnitTest name="ReadOnlyDict_Defined_ReturnsTrue" storage="/home/runner/work/typespec/typespec/packages/http-client-csharp/generator/artifacts/bin/microsoft.typespec.generator.tests/debug/net8.0/microsoft.typespec.generator.tests.dll" id="dede0568-9d47-e49f-1a9a-a43efd7db022">
      <Execution id="b36fd828-154c-43b7-83c7-2ac98e7cb61f" />
      <TestMethod codeBase="/home/runner/work/typespec/typespec/packages/http-client-csharp/generator/artifacts/bin/Microsoft.TypeSpec.Generator.Tests/Debug/net8.0/Microsoft.TypeSpec.Generator.Tests.dll" adapterTypeName="executor://nunit3testexecutor/" className="Microsoft.TypeSpec.Generator.Tests.Providers.OptionalTests" name="ReadOnlyDict_Defined_ReturnsTrue" />
    </UnitTest>
    <UnitTest name="CanAddElement" storage="/home/runner/work/typespec/typespec/packages/http-client-csharp/generator/artifacts/bin/microsoft.typespec.generator.tests/debug/net8.0/microsoft.typespec.generator.tests.dll" id="2da1f0d6-58b2-9512-705e-b8c09a60c00e">
      <Execution id="0b42900f-5caf-4e0c-b9b5-58a28bb629b8" />
      <TestMethod codeBase="/home/runner/work/typespec/typespec/packages/http-client-csharp/generator/artifacts/bin/Microsoft.TypeSpec.Generator.Tests/Debug/net8.0/Microsoft.TypeSpec.Generator.Tests.dll" adapterTypeName="executor://nunit3testexecutor/" className="Microsoft.TypeSpec.Generator.Tests.Providers.ChangeTrackingListTest" name="CanAddElement" />
    </UnitTest>
    <UnitTest name="CSharpTypeOperatorTestEqual(string)" storage="/home/runner/work/typespec/typespec/packages/http-client-csharp/generator/artifacts/bin/microsoft.typespec.generator.tests/debug/net8.0/microsoft.typespec.generator.tests.dll" id="58a21691-74cf-e102-02a3-70f82a9abff5">
      <Execution id="8159a92d-c871-4ab7-aacb-38e37ce4dbec" />
      <TestMethod codeBase="/home/runner/work/typespec/typespec/packages/http-client-csharp/generator/artifacts/bin/Microsoft.TypeSpec.Generator.Tests/Debug/net8.0/Microsoft.TypeSpec.Generator.Tests.dll" adapterTypeName="executor://nunit3testexecutor/" className="Microsoft.TypeSpec.Generator.Tests.Expressions.ValueExpressionTests" name="CSharpTypeOperatorTestEqual(string)" />
    </UnitTest>
    <UnitTest name="ValidateModifiers" storage="/home/runner/work/typespec/typespec/packages/http-client-csharp/generator/artifacts/bin/microsoft.typespec.generator.tests/debug/net8.0/microsoft.typespec.generator.tests.dll" id="f978fc6b-dcf1-e1b9-355c-6fcb1045a872">
      <Execution id="3e45c683-e233-423e-a848-3eddd26822a5" />
      <TestMethod codeBase="/home/runner/work/typespec/typespec/packages/http-client-csharp/generator/artifacts/bin/Microsoft.TypeSpec.Generator.Tests/Debug/net8.0/Microsoft.TypeSpec.Generator.Tests.dll" adapterTypeName="executor://nunit3testexecutor/" className="Microsoft.TypeSpec.Generator.Tests.Providers.CanonicalTypeProviderTests" name="ValidateModifiers" />
    </UnitTest>
    <UnitTest name="CanCleanUpRemovedReferencesToRemovedModels" storage="/home/runner/work/typespec/typespec/packages/http-client-csharp/generator/artifacts/bin/microsoft.typespec.generator.tests/debug/net8.0/microsoft.typespec.generator.tests.dll" id="1ed7f2e7-7840-1569-725b-1f86aae73915">
      <Execution id="079e0373-1244-419a-9911-888cac9d9c9e" />
      <TestMethod codeBase="/home/runner/work/typespec/typespec/packages/http-client-csharp/generator/artifacts/bin/Microsoft.TypeSpec.Generator.Tests/Debug/net8.0/Microsoft.TypeSpec.Generator.Tests.dll" adapterTypeName="executor://nunit3testexecutor/" className="Microsoft.TypeSpec.Generator.Tests.InputLibraryVisitorTests" name="CanCleanUpRemovedReferencesToRemovedModels" />
    </UnitTest>
    <UnitTest name="DoesNotReplaceMethodIfNotCustomized" storage="/home/runner/work/typespec/typespec/packages/http-client-csharp/generator/artifacts/bin/microsoft.typespec.generator.tests/debug/net8.0/microsoft.typespec.generator.tests.dll" id="605250e0-7a04-68c9-46f9-72dee413bc1f">
      <Execution id="b44ec387-3d3e-46f0-81de-5df6b9762ee5" />
      <TestMethod codeBase="/home/runner/work/typespec/typespec/packages/http-client-csharp/generator/artifacts/bin/Microsoft.TypeSpec.Generator.Tests/Debug/net8.0/Microsoft.TypeSpec.Generator.Tests.dll" adapterTypeName="executor://nunit3testexecutor/" className="Microsoft.TypeSpec.Generator.Tests.Providers.ModelFactories.ModelFactoriesCustomizationTests" name="DoesNotReplaceMethodIfNotCustomized" />
    </UnitTest>
    <UnitTest name="TestBuildAdditionalProperties(Microsoft.TypeSpec.Generator.Input.InputModelType,False,1)" storage="/home/runner/work/typespec/typespec/packages/http-client-csharp/generator/artifacts/bin/microsoft.typespec.generator.tests/debug/net8.0/microsoft.typespec.generator.tests.dll" id="a83c55d9-b4b3-f28e-764f-b9b4aa5db19f">
      <Execution id="842f2363-f6fd-413b-befd-f0afb59d2aa5" />
      <TestMethod codeBase="/home/runner/work/typespec/typespec/packages/http-client-csharp/generator/artifacts/bin/Microsoft.TypeSpec.Generator.Tests/Debug/net8.0/Microsoft.TypeSpec.Generator.Tests.dll" adapterTypeName="executor://nunit3testexecutor/" className="Microsoft.TypeSpec.Generator.Tests.Providers.ModelProviders.ModelProviderTests" name="TestBuildAdditionalProperties(Microsoft.TypeSpec.Generator.Input.InputModelType,False,1)" />
    </UnitTest>
    <UnitTest name="ValidatePropertyTypes(System.ReadOnlyMemory`1[System.Byte])" storage="/home/runner/work/typespec/typespec/packages/http-client-csharp/generator/artifacts/bin/microsoft.typespec.generator.tests/debug/net8.0/microsoft.typespec.generator.tests.dll" id="9101ab3b-170b-d074-831e-6bbc24513159">
      <Execution id="ff90b828-22fe-45f1-a299-ddefb9e55aa0" />
      <TestMethod codeBase="/home/runner/work/typespec/typespec/packages/http-client-csharp/generator/artifacts/bin/Microsoft.TypeSpec.Generator.Tests/Debug/net8.0/Microsoft.TypeSpec.Generator.Tests.dll" adapterTypeName="executor://nunit3testexecutor/" className="Microsoft.TypeSpec.Generator.Tests.Providers.NamedTypeSymbolProviders.NamedTypeSymbolProviderTests" name="ValidatePropertyTypes(System.ReadOnlyMemory`1[System.Byte])" />
    </UnitTest>
    <UnitTest name="TestIfElsePreprocessorStatement" storage="/home/runner/work/typespec/typespec/packages/http-client-csharp/generator/artifacts/bin/microsoft.typespec.generator.tests/debug/net8.0/microsoft.typespec.generator.tests.dll" id="d0ead31a-dfa4-4fab-bef3-937ea9925c36">
      <Execution id="8e80688a-59e5-4e78-9da0-3d2bb701bc29" />
      <TestMethod codeBase="/home/runner/work/typespec/typespec/packages/http-client-csharp/generator/artifacts/bin/Microsoft.TypeSpec.Generator.Tests/Debug/net8.0/Microsoft.TypeSpec.Generator.Tests.dll" adapterTypeName="executor://nunit3testexecutor/" className="Microsoft.TypeSpec.Generator.Tests.Statements.StatementTests" name="TestIfElsePreprocessorStatement" />
    </UnitTest>
    <UnitTest name="IsList(System.Int32,False)" storage="/home/runner/work/typespec/typespec/packages/http-client-csharp/generator/artifacts/bin/microsoft.typespec.generator.tests/debug/net8.0/microsoft.typespec.generator.tests.dll" id="40a85c6c-c756-5b14-9ac1-b54d809a5569">
      <Execution id="fe86a079-6826-46a1-8170-75ef2bafe4d4" />
      <TestMethod codeBase="/home/runner/work/typespec/typespec/packages/http-client-csharp/generator/artifacts/bin/Microsoft.TypeSpec.Generator.Tests/Debug/net8.0/Microsoft.TypeSpec.Generator.Tests.dll" adapterTypeName="executor://nunit3testexecutor/" className="Microsoft.TypeSpec.Generator.Tests.Primitives.CSharpTypeTests" name="IsList(System.Int32,False)" />
    </UnitTest>
    <UnitTest name="TestLoadBaselineContractLoadsTypeSuccessfully_UnevaluatedTargetFrameworks()" storage="/home/runner/work/typespec/typespec/packages/http-client-csharp/generator/artifacts/bin/microsoft.typespec.generator.tests/debug/net8.0/microsoft.typespec.generator.tests.dll" id="8b915ac3-5c09-a33c-76c3-2bbb3fbc3f08">
      <Execution id="36d5df2b-91b7-4608-b796-bff5607dc5d8" />
      <TestMethod codeBase="/home/runner/work/typespec/typespec/packages/http-client-csharp/generator/artifacts/bin/Microsoft.TypeSpec.Generator.Tests/Debug/net8.0/Microsoft.TypeSpec.Generator.Tests.dll" adapterTypeName="executor://nunit3testexecutor/" className="Microsoft.TypeSpec.Generator.Tests.GeneratedCodeWorkspaceTests" name="TestLoadBaselineContractLoadsTypeSuccessfully_UnevaluatedTargetFrameworks()" />
    </UnitTest>
    <UnitTest name="TestParseConfig_AdditionalConfigOptions" storage="/home/runner/work/typespec/typespec/packages/http-client-csharp/generator/artifacts/bin/microsoft.typespec.generator.tests/debug/net8.0/microsoft.typespec.generator.tests.dll" id="2236bcfd-9f7b-7b49-98ae-7a33571d1d8d">
      <Execution id="ddb81e7c-cdd2-4e8b-9420-9d1969ee11a5" />
      <TestMethod codeBase="/home/runner/work/typespec/typespec/packages/http-client-csharp/generator/artifacts/bin/Microsoft.TypeSpec.Generator.Tests/Debug/net8.0/Microsoft.TypeSpec.Generator.Tests.dll" adapterTypeName="executor://nunit3testexecutor/" className="Microsoft.TypeSpec.Generator.Tests.ConfigurationTests" name="TestParseConfig_AdditionalConfigOptions" />
    </UnitTest>
    <UnitTest name="TypesAreNotEqual(System.Collections.Generic.IList`1[System.Int32],System.Collections.Generic.IList`1[T])" storage="/home/runner/work/typespec/typespec/packages/http-client-csharp/generator/artifacts/bin/microsoft.typespec.generator.tests/debug/net8.0/microsoft.typespec.generator.tests.dll" id="935a63b5-070b-d745-9989-b4b59e3623fb">
      <Execution id="b9d13b27-b482-4b4c-8da4-fd10f42ed3bf" />
      <TestMethod codeBase="/home/runner/work/typespec/typespec/packages/http-client-csharp/generator/artifacts/bin/Microsoft.TypeSpec.Generator.Tests/Debug/net8.0/Microsoft.TypeSpec.Generator.Tests.dll" adapterTypeName="executor://nunit3testexecutor/" className="Microsoft.TypeSpec.Generator.Tests.Primitives.CSharpTypeTests" name="TypesAreNotEqual(System.Collections.Generic.IList`1[System.Int32],System.Collections.Generic.IList`1[T])" />
    </UnitTest>
    <UnitTest name="IfStatementWithAddMethod" storage="/home/runner/work/typespec/typespec/packages/http-client-csharp/generator/artifacts/bin/microsoft.typespec.generator.tests/debug/net8.0/microsoft.typespec.generator.tests.dll" id="321bae8d-4b23-8ae4-5b88-5171b0e824e4">
      <Execution id="d6e82364-05b0-464c-9974-f0daf82cb8dc" />
      <TestMethod codeBase="/home/runner/work/typespec/typespec/packages/http-client-csharp/generator/artifacts/bin/Microsoft.TypeSpec.Generator.Tests/Debug/net8.0/Microsoft.TypeSpec.Generator.Tests.dll" adapterTypeName="executor://nunit3testexecutor/" className="Microsoft.TypeSpec.Generator.Tests.Statements.StatementTests" name="IfStatementWithAddMethod" />
    </UnitTest>
    <UnitTest name="TestBuildProperties_WithAdditionalProperties" storage="/home/runner/work/typespec/typespec/packages/http-client-csharp/generator/artifacts/bin/microsoft.typespec.generator.tests/debug/net8.0/microsoft.typespec.generator.tests.dll" id="5aa2bcc6-0d2c-e30e-49bf-d1c95c743531">
      <Execution id="388da5e1-c41e-4d7e-a8c4-0f21606c448c" />
      <TestMethod codeBase="/home/runner/work/typespec/typespec/packages/http-client-csharp/generator/artifacts/bin/Microsoft.TypeSpec.Generator.Tests/Debug/net8.0/Microsoft.TypeSpec.Generator.Tests.dll" adapterTypeName="executor://nunit3testexecutor/" className="Microsoft.TypeSpec.Generator.Tests.Providers.ModelProviders.ModelProviderTests" name="TestBuildProperties_WithAdditionalProperties" />
    </UnitTest>
    <UnitTest name="ValidateNullableTypes(Microsoft.TypeSpec.Generator.Tests.Primitives.CSharpTypeTests+TestStruct`1[System.Nullable`1[Microsoft.TypeSpec.Generator.Tests.Primitives.CSharpTypeTests+TestStruct`1[System.Int32]]],[global::Microsoft.TypeSpec.Generator.Tests.Primitives.CSharpTypeTests.TestStruct&lt;int&gt;?],False)" storage="/home/runner/work/typespec/typespec/packages/http-client-csharp/generator/artifacts/bin/microsoft.typespec.generator.tests/debug/net8.0/microsoft.typespec.generator.tests.dll" id="7a48136c-ae1a-e05a-6a4a-e1f5a7d37d2f">
      <Execution id="93a608e4-91d3-4061-8419-ea8c707cf05a" />
      <TestMethod codeBase="/home/runner/work/typespec/typespec/packages/http-client-csharp/generator/artifacts/bin/Microsoft.TypeSpec.Generator.Tests/Debug/net8.0/Microsoft.TypeSpec.Generator.Tests.dll" adapterTypeName="executor://nunit3testexecutor/" className="Microsoft.TypeSpec.Generator.Tests.Primitives.CSharpTypeTests" name="ValidateNullableTypes(Microsoft.TypeSpec.Generator.Tests.Primitives.CSharpTypeTests+TestStruct`1[System.Nullable`1[Microsoft.TypeSpec.Generator.Tests.Primitives.CSharpTypeTests+TestStruct`1[System.Int32]]],[global::Microsoft.TypeSpec.Generator.Tests.Primitives.CSharpTypeTests.TestStruct&lt;int&gt;?],False)" />
    </UnitTest>
    <UnitTest name="CodeWriter_WriteProperty_IndexerProperty_AutoBody_WithExplicitInterface" storage="/home/runner/work/typespec/typespec/packages/http-client-csharp/generator/artifacts/bin/microsoft.typespec.generator.tests/debug/net8.0/microsoft.typespec.generator.tests.dll" id="0efee447-18f8-7559-9564-d3100ee72ab5">
      <Execution id="d20e9bd5-8579-4988-b23d-1b526851e528" />
      <TestMethod codeBase="/home/runner/work/typespec/typespec/packages/http-client-csharp/generator/artifacts/bin/Microsoft.TypeSpec.Generator.Tests/Debug/net8.0/Microsoft.TypeSpec.Generator.Tests.dll" adapterTypeName="executor://nunit3testexecutor/" className="Microsoft.TypeSpec.Generator.Tests.Writers.CodeWriterTests" name="CodeWriter_WriteProperty_IndexerProperty_AutoBody_WithExplicitInterface" />
    </UnitTest>
    <UnitTest name="DoesNotRemoveConstructorsThatDoNotMatch" storage="/home/runner/work/typespec/typespec/packages/http-client-csharp/generator/artifacts/bin/microsoft.typespec.generator.tests/debug/net8.0/microsoft.typespec.generator.tests.dll" id="f3c5c92b-129c-ce91-00fd-5641143a8603">
      <Execution id="d985823b-3d05-449e-839a-bc586cdcfff6" />
      <TestMethod codeBase="/home/runner/work/typespec/typespec/packages/http-client-csharp/generator/artifacts/bin/Microsoft.TypeSpec.Generator.Tests/Debug/net8.0/Microsoft.TypeSpec.Generator.Tests.dll" adapterTypeName="executor://nunit3testexecutor/" className="Microsoft.TypeSpec.Generator.Tests.Providers.ModelProviders.ClientCustomizationTests" name="DoesNotRemoveConstructorsThatDoNotMatch" />
    </UnitTest>
    <UnitTest name="SkipInternalModels" storage="/home/runner/work/typespec/typespec/packages/http-client-csharp/generator/artifacts/bin/microsoft.typespec.generator.tests/debug/net8.0/microsoft.typespec.generator.tests.dll" id="5f5bcfaf-cfd9-b964-4d3b-0be4872b8e61">
      <Execution id="d02ae24e-3f04-4a3a-b5cc-70d26db8ffa5" />
      <TestMethod codeBase="/home/runner/work/typespec/typespec/packages/http-client-csharp/generator/artifacts/bin/Microsoft.TypeSpec.Generator.Tests/Debug/net8.0/Microsoft.TypeSpec.Generator.Tests.dll" adapterTypeName="executor://nunit3testexecutor/" className="Microsoft.TypeSpec.Generator.Tests.Providers.ModelFactories.ModelFactoryProviderTests" name="SkipInternalModels" />
    </UnitTest>
    <UnitTest name="SeeCRefType(System.Collections.Generic.KeyValuePair`2[TKey,TValue],False)" storage="/home/runner/work/typespec/typespec/packages/http-client-csharp/generator/artifacts/bin/microsoft.typespec.generator.tests/debug/net8.0/microsoft.typespec.generator.tests.dll" id="bdc2b68d-febd-eaad-9bfc-6b14ef865371">
      <Execution id="31b71cc8-7cbc-4304-aff6-ae8ff73c22a3" />
      <TestMethod codeBase="/home/runner/work/typespec/typespec/packages/http-client-csharp/generator/artifacts/bin/Microsoft.TypeSpec.Generator.Tests/Debug/net8.0/Microsoft.TypeSpec.Generator.Tests.dll" adapterTypeName="executor://nunit3testexecutor/" className="Microsoft.TypeSpec.Generator.Tests.Writers.CodeWriterTests" name="SeeCRefType(System.Collections.Generic.KeyValuePair`2[TKey,TValue],False)" />
    </UnitTest>
    <UnitTest name="TypesAreNotEqualWhenNullabilityIsDifferent(System.Collections.Generic.IDictionary`2[System.Collections.Generic.IDictionary`2[System.Int32,System.String],System.Collections.Generic.IDictionary`2[System.String,System.Int32]])" storage="/home/runner/work/typespec/typespec/packages/http-client-csharp/generator/artifacts/bin/microsoft.typespec.generator.tests/debug/net8.0/microsoft.typespec.generator.tests.dll" id="1987b856-ca1c-f390-f03f-982fd981aad7">
      <Execution id="b70f3d6a-c5a7-465f-9553-2dc3c2fda536" />
      <TestMethod codeBase="/home/runner/work/typespec/typespec/packages/http-client-csharp/generator/artifacts/bin/Microsoft.TypeSpec.Generator.Tests/Debug/net8.0/Microsoft.TypeSpec.Generator.Tests.dll" adapterTypeName="executor://nunit3testexecutor/" className="Microsoft.TypeSpec.Generator.Tests.Primitives.CSharpTypeTests" name="TypesAreNotEqualWhenNullabilityIsDifferent(System.Collections.Generic.IDictionary`2[System.Collections.Generic.IDictionary`2[System.Int32,System.String],System.Collections.Generic.IDictionary`2[System.String,System.Int32]])" />
    </UnitTest>
    <UnitTest name="HashCodesAreNotEqual(System.Collections.Generic.IDictionary`2[System.Int32,System.String],System.Collections.Generic.IDictionary`2[System.String,System.Int32])" storage="/home/runner/work/typespec/typespec/packages/http-client-csharp/generator/artifacts/bin/microsoft.typespec.generator.tests/debug/net8.0/microsoft.typespec.generator.tests.dll" id="afe1a25a-3395-d21e-c029-121274c82e10">
      <Execution id="2500df45-5707-421d-9314-1c0832714e42" />
      <TestMethod codeBase="/home/runner/work/typespec/typespec/packages/http-client-csharp/generator/artifacts/bin/Microsoft.TypeSpec.Generator.Tests/Debug/net8.0/Microsoft.TypeSpec.Generator.Tests.dll" adapterTypeName="executor://nunit3testexecutor/" className="Microsoft.TypeSpec.Generator.Tests.Primitives.CSharpTypeTests" name="HashCodesAreNotEqual(System.Collections.Generic.IDictionary`2[System.Int32,System.String],System.Collections.Generic.IDictionary`2[System.String,System.Int32])" />
    </UnitTest>
    <UnitTest name="ValidatePropertyTypes(System.Int32)" storage="/home/runner/work/typespec/typespec/packages/http-client-csharp/generator/artifacts/bin/microsoft.typespec.generator.tests/debug/net8.0/microsoft.typespec.generator.tests.dll" id="67ca227b-fc3f-9d3d-2e4b-6cc288f33c16">
      <Execution id="3bc10567-0962-40b7-a2e7-f2896df19bf2" />
      <TestMethod codeBase="/home/runner/work/typespec/typespec/packages/http-client-csharp/generator/artifacts/bin/Microsoft.TypeSpec.Generator.Tests/Debug/net8.0/Microsoft.TypeSpec.Generator.Tests.dll" adapterTypeName="executor://nunit3testexecutor/" className="Microsoft.TypeSpec.Generator.Tests.Providers.NamedTypeSymbolProviders.NamedTypeSymbolProviderTests" name="ValidatePropertyTypes(System.Int32)" />
    </UnitTest>
    <UnitTest name="TestCancellationToken" storage="/home/runner/work/typespec/typespec/packages/http-client-csharp/generator/artifacts/bin/microsoft.typespec.generator.tests/debug/net8.0/microsoft.typespec.generator.tests.dll" id="bda75a14-e3da-e4ed-22ed-7b7f1b3c3dc7">
      <Execution id="7a57c279-b5e0-4c82-a833-3ed06a47a51c" />
      <TestMethod codeBase="/home/runner/work/typespec/typespec/packages/http-client-csharp/generator/artifacts/bin/Microsoft.TypeSpec.Generator.Tests/Debug/net8.0/Microsoft.TypeSpec.Generator.Tests.dll" adapterTypeName="executor://nunit3testexecutor/" className="Microsoft.TypeSpec.Generator.Tests.Primitives.KnownParametersTests" name="TestCancellationToken" />
    </UnitTest>
    <UnitTest name="CanRemoveConstructors" storage="/home/runner/work/typespec/typespec/packages/http-client-csharp/generator/artifacts/bin/microsoft.typespec.generator.tests/debug/net8.0/microsoft.typespec.generator.tests.dll" id="d4e5e104-5606-3dd9-f6e5-12f84f352341">
      <Execution id="c8f73114-3c06-42c4-92ea-6f2f27c6fb50" />
      <TestMethod codeBase="/home/runner/work/typespec/typespec/packages/http-client-csharp/generator/artifacts/bin/Microsoft.TypeSpec.Generator.Tests/Debug/net8.0/Microsoft.TypeSpec.Generator.Tests.dll" adapterTypeName="executor://nunit3testexecutor/" className="Microsoft.TypeSpec.Generator.Tests.Providers.ModelProviders.ClientCustomizationTests" name="CanRemoveConstructors" />
    </UnitTest>
    <UnitTest name="CanChangeModelName" storage="/home/runner/work/typespec/typespec/packages/http-client-csharp/generator/artifacts/bin/microsoft.typespec.generator.tests/debug/net8.0/microsoft.typespec.generator.tests.dll" id="6d44a4f8-4f17-926e-54f6-59f6ee49f887">
      <Execution id="33fc8ad8-f047-4f9f-8a78-3355b953816f" />
      <TestMethod codeBase="/home/runner/work/typespec/typespec/packages/http-client-csharp/generator/artifacts/bin/Microsoft.TypeSpec.Generator.Tests/Debug/net8.0/Microsoft.TypeSpec.Generator.Tests.dll" adapterTypeName="executor://nunit3testexecutor/" className="Microsoft.TypeSpec.Generator.Tests.Providers.ModelProviders.ModelCustomizationTests" name="CanChangeModelName" />
    </UnitTest>
    <UnitTest name="ValidateParameters(System.Nullable`1[System.Double],LiteralExpression { Literal = 2.2 })" storage="/home/runner/work/typespec/typespec/packages/http-client-csharp/generator/artifacts/bin/microsoft.typespec.generator.tests/debug/net8.0/microsoft.typespec.generator.tests.dll" id="7f92474a-3ae5-e825-288d-feb3f92941e7">
      <Execution id="7eae29b1-670a-4f87-91ae-dd1b2632c56b" />
      <TestMethod codeBase="/home/runner/work/typespec/typespec/packages/http-client-csharp/generator/artifacts/bin/Microsoft.TypeSpec.Generator.Tests/Debug/net8.0/Microsoft.TypeSpec.Generator.Tests.dll" adapterTypeName="executor://nunit3testexecutor/" className="Microsoft.TypeSpec.Generator.Tests.Providers.NamedTypeSymbolProviders.NamedTypeSymbolProviderTests" name="ValidateParameters(System.Nullable`1[System.Double],LiteralExpression { Literal = 2.2 })" />
    </UnitTest>
    <UnitTest name="TestBreakLines_AllLiteralsNoArgsWithCR" storage="/home/runner/work/typespec/typespec/packages/http-client-csharp/generator/artifacts/bin/microsoft.typespec.generator.tests/debug/net8.0/microsoft.typespec.generator.tests.dll" id="67400dc0-2be8-6421-c6f9-06c2f3c9beb6">
      <Execution id="d5a5a662-c2c5-4c57-9be7-5f7afdf7b4ba" />
      <TestMethod codeBase="/home/runner/work/typespec/typespec/packages/http-client-csharp/generator/artifacts/bin/Microsoft.TypeSpec.Generator.Tests/Debug/net8.0/Microsoft.TypeSpec.Generator.Tests.dll" adapterTypeName="executor://nunit3testexecutor/" className="Microsoft.TypeSpec.Generator.Tests.Utilities.FormattableStringHelpersTests" name="TestBreakLines_AllLiteralsNoArgsWithCR" />
    </UnitTest>
    <UnitTest name="TestBreakLines_LiteralOpenAndCloseBraceWithLineBreaksAndT" storage="/home/runner/work/typespec/typespec/packages/http-client-csharp/generator/artifacts/bin/microsoft.typespec.generator.tests/debug/net8.0/microsoft.typespec.generator.tests.dll" id="29f56393-0f9d-2dc2-8e0a-4b7171cb8b99">
      <Execution id="0fcd925f-5576-47b4-a023-ae747fef9fde" />
      <TestMethod codeBase="/home/runner/work/typespec/typespec/packages/http-client-csharp/generator/artifacts/bin/Microsoft.TypeSpec.Generator.Tests/Debug/net8.0/Microsoft.TypeSpec.Generator.Tests.dll" adapterTypeName="executor://nunit3testexecutor/" className="Microsoft.TypeSpec.Generator.Tests.Utilities.FormattableStringHelpersTests" name="TestBreakLines_LiteralOpenAndCloseBraceWithLineBreaksAndT" />
    </UnitTest>
    <UnitTest name="ModelWithCustomExtensibleEnumDiscriminator" storage="/home/runner/work/typespec/typespec/packages/http-client-csharp/generator/artifacts/bin/microsoft.typespec.generator.tests/debug/net8.0/microsoft.typespec.generator.tests.dll" id="089e7413-e8ec-1975-7958-928c9e66b647">
      <Execution id="a513f988-6b9d-4792-870f-23462e6419b3" />
      <TestMethod codeBase="/home/runner/work/typespec/typespec/packages/http-client-csharp/generator/artifacts/bin/Microsoft.TypeSpec.Generator.Tests/Debug/net8.0/Microsoft.TypeSpec.Generator.Tests.dll" adapterTypeName="executor://nunit3testexecutor/" className="Microsoft.TypeSpec.Generator.Tests.Providers.ModelProviders.DiscriminatorTests" name="ModelWithCustomExtensibleEnumDiscriminator" />
    </UnitTest>
    <UnitTest name="CanRemoveProperty" storage="/home/runner/work/typespec/typespec/packages/http-client-csharp/generator/artifacts/bin/microsoft.typespec.generator.tests/debug/net8.0/microsoft.typespec.generator.tests.dll" id="185dbb4d-75ae-8bb0-5710-325836db379a">
      <Execution id="074b470f-99a1-45f4-b864-f99fccc0c299" />
      <TestMethod codeBase="/home/runner/work/typespec/typespec/packages/http-client-csharp/generator/artifacts/bin/Microsoft.TypeSpec.Generator.Tests/Debug/net8.0/Microsoft.TypeSpec.Generator.Tests.dll" adapterTypeName="executor://nunit3testexecutor/" className="Microsoft.TypeSpec.Generator.Tests.Providers.ModelProviders.ModelCustomizationTests" name="CanRemoveProperty" />
    </UnitTest>
    <UnitTest name="TestSwitchStatementWithMultipleCasesWrite" storage="/home/runner/work/typespec/typespec/packages/http-client-csharp/generator/artifacts/bin/microsoft.typespec.generator.tests/debug/net8.0/microsoft.typespec.generator.tests.dll" id="5d824b67-f14a-a3ef-6f6d-b5503b2915cc">
      <Execution id="05e986b7-9922-45a1-9b01-5b5781769a0b" />
      <TestMethod codeBase="/home/runner/work/typespec/typespec/packages/http-client-csharp/generator/artifacts/bin/Microsoft.TypeSpec.Generator.Tests/Debug/net8.0/Microsoft.TypeSpec.Generator.Tests.dll" adapterTypeName="executor://nunit3testexecutor/" className="Microsoft.TypeSpec.Generator.Tests.Statements.StatementTests" name="TestSwitchStatementWithMultipleCasesWrite" />
    </UnitTest>
    <UnitTest name="ValidatePropertyTypes(System.Nullable`1[System.Single])" storage="/home/runner/work/typespec/typespec/packages/http-client-csharp/generator/artifacts/bin/microsoft.typespec.generator.tests/debug/net8.0/microsoft.typespec.generator.tests.dll" id="beb5b189-2536-cd9f-c963-dbc836000f93">
      <Execution id="91dbdc14-3782-4358-a92c-cc6de9fb7463" />
      <TestMethod codeBase="/home/runner/work/typespec/typespec/packages/http-client-csharp/generator/artifacts/bin/Microsoft.TypeSpec.Generator.Tests/Debug/net8.0/Microsoft.TypeSpec.Generator.Tests.dll" adapterTypeName="executor://nunit3testexecutor/" className="Microsoft.TypeSpec.Generator.Tests.Providers.NamedTypeSymbolProviders.NamedTypeSymbolProviderTests" name="ValidatePropertyTypes(System.Nullable`1[System.Single])" />
    </UnitTest>
    <UnitTest name="IsList(System.Collections.Generic.IDictionary`2[TKey,TValue],False)" storage="/home/runner/work/typespec/typespec/packages/http-client-csharp/generator/artifacts/bin/microsoft.typespec.generator.tests/debug/net8.0/microsoft.typespec.generator.tests.dll" id="7b78ffae-a6a9-ee3b-0943-f6470028f614">
      <Execution id="6f882e3b-8f29-4daf-a538-c2567d6c3d56" />
      <TestMethod codeBase="/home/runner/work/typespec/typespec/packages/http-client-csharp/generator/artifacts/bin/Microsoft.TypeSpec.Generator.Tests/Debug/net8.0/Microsoft.TypeSpec.Generator.Tests.dll" adapterTypeName="executor://nunit3testexecutor/" className="Microsoft.TypeSpec.Generator.Tests.Primitives.CSharpTypeTests" name="IsList(System.Collections.Generic.IDictionary`2[TKey,TValue],False)" />
    </UnitTest>
    <UnitTest name="TestIsCSharpKeyword(&quot;ushort&quot;,True)" storage="/home/runner/work/typespec/typespec/packages/http-client-csharp/generator/artifacts/bin/microsoft.typespec.generator.tests/debug/net8.0/microsoft.typespec.generator.tests.dll" id="95ec9315-2124-92d2-df37-cd2df12d7f21">
      <Execution id="17cee6c9-3f31-421a-801f-de9f617fe864" />
      <TestMethod codeBase="/home/runner/work/typespec/typespec/packages/http-client-csharp/generator/artifacts/bin/Microsoft.TypeSpec.Generator.Tests/Debug/net8.0/Microsoft.TypeSpec.Generator.Tests.dll" adapterTypeName="executor://nunit3testexecutor/" className="Microsoft.TypeSpec.Generator.Tests.Utilities.StringExtensionsTests" name="TestIsCSharpKeyword(&quot;ushort&quot;,True)" />
    </UnitTest>
    <UnitTest name="SeeCRefType(System.String,False)" storage="/home/runner/work/typespec/typespec/packages/http-client-csharp/generator/artifacts/bin/microsoft.typespec.generator.tests/debug/net8.0/microsoft.typespec.generator.tests.dll" id="425f0968-bc6c-b822-0d8e-78aac815df6b">
      <Execution id="db1b4549-3c82-4a54-981f-f1cbc88332b8" />
      <TestMethod codeBase="/home/runner/work/typespec/typespec/packages/http-client-csharp/generator/artifacts/bin/Microsoft.TypeSpec.Generator.Tests/Debug/net8.0/Microsoft.TypeSpec.Generator.Tests.dll" adapterTypeName="executor://nunit3testexecutor/" className="Microsoft.TypeSpec.Generator.Tests.Writers.CodeWriterTests" name="SeeCRefType(System.String,False)" />
    </UnitTest>
    <UnitTest name="Equals_SameInstance_ReturnsTrue" storage="/home/runner/work/typespec/typespec/packages/http-client-csharp/generator/artifacts/bin/microsoft.typespec.generator.tests/debug/net8.0/microsoft.typespec.generator.tests.dll" id="98f05983-1e7e-ea2f-d552-d801d6e799d0">
      <Execution id="4552b858-c0aa-490f-8ab2-6d2161c36389" />
      <TestMethod codeBase="/home/runner/work/typespec/typespec/packages/http-client-csharp/generator/artifacts/bin/Microsoft.TypeSpec.Generator.Tests/Debug/net8.0/Microsoft.TypeSpec.Generator.Tests.dll" adapterTypeName="executor://nunit3testexecutor/" className="Microsoft.TypeSpec.Generator.Tests.Providers.ParameterProviderTests" name="Equals_SameInstance_ReturnsTrue" />
    </UnitTest>
    <UnitTest name="BuildPropertyDescription(Microsoft.TypeSpec.Generator.Input.InputModelProperty,global::System.Collections.Generic.IReadOnlyList&lt;global::System.BinaryData&gt;)" storage="/home/runner/work/typespec/typespec/packages/http-client-csharp/generator/artifacts/bin/microsoft.typespec.generator.tests/debug/net8.0/microsoft.typespec.generator.tests.dll" id="ae193638-acd8-a527-e257-07f3dcf34f52">
      <Execution id="c2f718e6-28bf-4d10-933a-1a34e972967b" />
      <TestMethod codeBase="/home/runner/work/typespec/typespec/packages/http-client-csharp/generator/artifacts/bin/Microsoft.TypeSpec.Generator.Tests/Debug/net8.0/Microsoft.TypeSpec.Generator.Tests.dll" adapterTypeName="executor://nunit3testexecutor/" className="Microsoft.TypeSpec.Generator.Tests.Providers.PropertyDescriptionTests" name="BuildPropertyDescription(Microsoft.TypeSpec.Generator.Input.InputModelProperty,global::System.Collections.Generic.IReadOnlyList&lt;global::System.BinaryData&gt;)" />
    </UnitTest>
    <UnitTest name="KeyValuePairExpression(System.Collections.Generic.IList`1[T],System.Collections.Generic.IList`1[System.Int32])" storage="/home/runner/work/typespec/typespec/packages/http-client-csharp/generator/artifacts/bin/microsoft.typespec.generator.tests/debug/net8.0/microsoft.typespec.generator.tests.dll" id="da50189e-1654-a614-5cf7-55d31b87632c">
      <Execution id="80e89fc6-fc5e-4b45-a040-9f8621c8fe40" />
      <TestMethod codeBase="/home/runner/work/typespec/typespec/packages/http-client-csharp/generator/artifacts/bin/Microsoft.TypeSpec.Generator.Tests/Debug/net8.0/Microsoft.TypeSpec.Generator.Tests.dll" adapterTypeName="executor://nunit3testexecutor/" className="Microsoft.TypeSpec.Generator.Tests.Expressions.KnownValueExpressionsTests" name="KeyValuePairExpression(System.Collections.Generic.IList`1[T],System.Collections.Generic.IList`1[System.Int32])" />
    </UnitTest>
    <UnitTest name="TestIsCSharpKeyword(&quot;stackalloc&quot;,True)" storage="/home/runner/work/typespec/typespec/packages/http-client-csharp/generator/artifacts/bin/microsoft.typespec.generator.tests/debug/net8.0/microsoft.typespec.generator.tests.dll" id="642252cc-ee55-63d1-36e9-8adcb260ce39">
      <Execution id="ee0b2f3e-6f75-47bd-b7f5-378356374e0a" />
      <TestMethod codeBase="/home/runner/work/typespec/typespec/packages/http-client-csharp/generator/artifacts/bin/Microsoft.TypeSpec.Generator.Tests/Debug/net8.0/Microsoft.TypeSpec.Generator.Tests.dll" adapterTypeName="executor://nunit3testexecutor/" className="Microsoft.TypeSpec.Generator.Tests.Utilities.StringExtensionsTests" name="TestIsCSharpKeyword(&quot;stackalloc&quot;,True)" />
    </UnitTest>
    <UnitTest name="TestIsCSharpKeyword(&quot;return&quot;,True)" storage="/home/runner/work/typespec/typespec/packages/http-client-csharp/generator/artifacts/bin/microsoft.typespec.generator.tests/debug/net8.0/microsoft.typespec.generator.tests.dll" id="8184f7a8-0925-f1d0-46b4-d23e51b3f952">
      <Execution id="1e476a68-0438-4575-8909-0a371c3baebf" />
      <TestMethod codeBase="/home/runner/work/typespec/typespec/packages/http-client-csharp/generator/artifacts/bin/Microsoft.TypeSpec.Generator.Tests/Debug/net8.0/Microsoft.TypeSpec.Generator.Tests.dll" adapterTypeName="executor://nunit3testexecutor/" className="Microsoft.TypeSpec.Generator.Tests.Utilities.StringExtensionsTests" name="TestIsCSharpKeyword(&quot;return&quot;,True)" />
    </UnitTest>
    <UnitTest name="ValidateParameters(System.Int64,ScopedApi { Original = LiteralExpression { Literal = 2 }, Type = long })" storage="/home/runner/work/typespec/typespec/packages/http-client-csharp/generator/artifacts/bin/microsoft.typespec.generator.tests/debug/net8.0/microsoft.typespec.generator.tests.dll" id="2daa200d-5979-dd1f-ee8e-99b19a63d1ac">
      <Execution id="dd1c2641-000a-4c52-9ce4-487077154ada" />
      <TestMethod codeBase="/home/runner/work/typespec/typespec/packages/http-client-csharp/generator/artifacts/bin/Microsoft.TypeSpec.Generator.Tests/Debug/net8.0/Microsoft.TypeSpec.Generator.Tests.dll" adapterTypeName="executor://nunit3testexecutor/" className="Microsoft.TypeSpec.Generator.Tests.Providers.NamedTypeSymbolProviders.NamedTypeSymbolProviderTests" name="ValidateParameters(System.Int64,ScopedApi { Original = LiteralExpression { Literal = 2 }, Type = long })" />
    </UnitTest>
    <UnitTest name="FinallyStatementWithEmptyBody" storage="/home/runner/work/typespec/typespec/packages/http-client-csharp/generator/artifacts/bin/microsoft.typespec.generator.tests/debug/net8.0/microsoft.typespec.generator.tests.dll" id="19957d96-1633-4d7e-9bbc-0391b74c0a69">
      <Execution id="ce26653c-773e-4400-8a0a-cfe175dd84e4" />
      <TestMethod codeBase="/home/runner/work/typespec/typespec/packages/http-client-csharp/generator/artifacts/bin/Microsoft.TypeSpec.Generator.Tests/Debug/net8.0/Microsoft.TypeSpec.Generator.Tests.dll" adapterTypeName="executor://nunit3testexecutor/" className="Microsoft.TypeSpec.Generator.Tests.Statements.StatementTests" name="FinallyStatementWithEmptyBody" />
    </UnitTest>
    <UnitTest name="CanChangeMemberExpression" storage="/home/runner/work/typespec/typespec/packages/http-client-csharp/generator/artifacts/bin/microsoft.typespec.generator.tests/debug/net8.0/microsoft.typespec.generator.tests.dll" id="161e78a2-985b-73b5-20a4-3feb854ec30e">
      <Execution id="40fc4468-d2be-41e0-a7fe-172194133c34" />
      <TestMethod codeBase="/home/runner/work/typespec/typespec/packages/http-client-csharp/generator/artifacts/bin/Microsoft.TypeSpec.Generator.Tests/Debug/net8.0/Microsoft.TypeSpec.Generator.Tests.dll" adapterTypeName="executor://nunit3testexecutor/" className="Microsoft.TypeSpec.Generator.Tests.Expressions.ExpressionVisitorTests" name="CanChangeMemberExpression" />
    </UnitTest>
    <UnitTest name="IfStatementWithBoolExpression" storage="/home/runner/work/typespec/typespec/packages/http-client-csharp/generator/artifacts/bin/microsoft.typespec.generator.tests/debug/net8.0/microsoft.typespec.generator.tests.dll" id="8b789692-7fa9-8c51-af77-5dd69c682321">
      <Execution id="53ff6149-c2e2-46af-b910-e263354b2f0f" />
      <TestMethod codeBase="/home/runner/work/typespec/typespec/packages/http-client-csharp/generator/artifacts/bin/Microsoft.TypeSpec.Generator.Tests/Debug/net8.0/Microsoft.TypeSpec.Generator.Tests.dll" adapterTypeName="executor://nunit3testexecutor/" className="Microsoft.TypeSpec.Generator.Tests.Statements.StatementTests" name="IfStatementWithBoolExpression" />
    </UnitTest>
    <UnitTest name="IsCollectionType(System.Int32,False)" storage="/home/runner/work/typespec/typespec/packages/http-client-csharp/generator/artifacts/bin/microsoft.typespec.generator.tests/debug/net8.0/microsoft.typespec.generator.tests.dll" id="d532a0a5-d4b5-89bf-ed30-c628d8430ed9">
      <Execution id="650a7b49-bb52-48c3-906a-b02c04b29a9e" />
      <TestMethod codeBase="/home/runner/work/typespec/typespec/packages/http-client-csharp/generator/artifacts/bin/Microsoft.TypeSpec.Generator.Tests/Debug/net8.0/Microsoft.TypeSpec.Generator.Tests.dll" adapterTypeName="executor://nunit3testexecutor/" className="Microsoft.TypeSpec.Generator.Tests.Primitives.CSharpTypeTests" name="IsCollectionType(System.Int32,False)" />
    </UnitTest>
    <UnitTest name="TypesAreNotEqual(System.Collections.Generic.IList`1[T],System.Int32)" storage="/home/runner/work/typespec/typespec/packages/http-client-csharp/generator/artifacts/bin/microsoft.typespec.generator.tests/debug/net8.0/microsoft.typespec.generator.tests.dll" id="6a240a6a-f74d-5b42-c5f5-258ba3c705b6">
      <Execution id="8fd58774-36e0-441f-913a-73bcb09aa123" />
      <TestMethod codeBase="/home/runner/work/typespec/typespec/packages/http-client-csharp/generator/artifacts/bin/Microsoft.TypeSpec.Generator.Tests/Debug/net8.0/Microsoft.TypeSpec.Generator.Tests.dll" adapterTypeName="executor://nunit3testexecutor/" className="Microsoft.TypeSpec.Generator.Tests.Primitives.CSharpTypeTests" name="TypesAreNotEqual(System.Collections.Generic.IList`1[T],System.Int32)" />
    </UnitTest>
    <UnitTest name="BodyHasSetterValidation(&quot;requiredIntOnInputModel&quot;,Microsoft.TypeSpec.Generator.Input.InputModelType,False,null)" storage="/home/runner/work/typespec/typespec/packages/http-client-csharp/generator/artifacts/bin/microsoft.typespec.generator.tests/debug/net8.0/microsoft.typespec.generator.tests.dll" id="375da16e-ebee-ecc7-797b-929b41394d34">
      <Execution id="79ea6213-1a5f-4af6-b49d-d84167983b18" />
      <TestMethod codeBase="/home/runner/work/typespec/typespec/packages/http-client-csharp/generator/artifacts/bin/Microsoft.TypeSpec.Generator.Tests/Debug/net8.0/Microsoft.TypeSpec.Generator.Tests.dll" adapterTypeName="executor://nunit3testexecutor/" className="Microsoft.TypeSpec.Generator.Tests.Providers.PropertyProviderTests" name="BodyHasSetterValidation(&quot;requiredIntOnInputModel&quot;,Microsoft.TypeSpec.Generator.Input.InputModelType,False,null)" />
    </UnitTest>
    <UnitTest name="CodeWriter_WriteProperty_MethodPropertyBody_WithExplicitInterface" storage="/home/runner/work/typespec/typespec/packages/http-client-csharp/generator/artifacts/bin/microsoft.typespec.generator.tests/debug/net8.0/microsoft.typespec.generator.tests.dll" id="ed65733d-7af3-f495-5fb1-3e84aed28606">
      <Execution id="cc5e59f3-0e1a-4c49-9f71-06ae9a4a4306" />
      <TestMethod codeBase="/home/runner/work/typespec/typespec/packages/http-client-csharp/generator/artifacts/bin/Microsoft.TypeSpec.Generator.Tests/Debug/net8.0/Microsoft.TypeSpec.Generator.Tests.dll" adapterTypeName="executor://nunit3testexecutor/" className="Microsoft.TypeSpec.Generator.Tests.Writers.CodeWriterTests" name="CodeWriter_WriteProperty_MethodPropertyBody_WithExplicitInterface" />
    </UnitTest>
    <UnitTest name="CanChangeListOfEnumPropToListOfExtensibleEnum" storage="/home/runner/work/typespec/typespec/packages/http-client-csharp/generator/artifacts/bin/microsoft.typespec.generator.tests/debug/net8.0/microsoft.typespec.generator.tests.dll" id="9c68e8ba-d79b-4649-1a25-9088e672ac51">
      <Execution id="79bffbc6-0a8c-4dfe-ab43-332df518d043" />
      <TestMethod codeBase="/home/runner/work/typespec/typespec/packages/http-client-csharp/generator/artifacts/bin/Microsoft.TypeSpec.Generator.Tests/Debug/net8.0/Microsoft.TypeSpec.Generator.Tests.dll" adapterTypeName="executor://nunit3testexecutor/" className="Microsoft.TypeSpec.Generator.Tests.Providers.ModelProviders.ModelCustomizationTests" name="CanChangeListOfEnumPropToListOfExtensibleEnum" />
    </UnitTest>
    <UnitTest name="IfElseStatementWithConditionAndStatements" storage="/home/runner/work/typespec/typespec/packages/http-client-csharp/generator/artifacts/bin/microsoft.typespec.generator.tests/debug/net8.0/microsoft.typespec.generator.tests.dll" id="89b4f1fb-719f-d5f6-027b-21d7af10c7f4">
      <Execution id="f60eb233-8574-47fb-8cd7-9f81cfb953f8" />
      <TestMethod codeBase="/home/runner/work/typespec/typespec/packages/http-client-csharp/generator/artifacts/bin/Microsoft.TypeSpec.Generator.Tests/Debug/net8.0/Microsoft.TypeSpec.Generator.Tests.dll" adapterTypeName="executor://nunit3testexecutor/" className="Microsoft.TypeSpec.Generator.Tests.Statements.StatementTests" name="IfElseStatementWithConditionAndStatements" />
    </UnitTest>
    <UnitTest name="TestIsCSharpKeyword(&quot;switch&quot;,True)" storage="/home/runner/work/typespec/typespec/packages/http-client-csharp/generator/artifacts/bin/microsoft.typespec.generator.tests/debug/net8.0/microsoft.typespec.generator.tests.dll" id="de98a727-0b3e-6420-a7b9-0aff9c315a0d">
      <Execution id="f1dff7dd-22a7-4f9e-9903-184137707c5a" />
      <TestMethod codeBase="/home/runner/work/typespec/typespec/packages/http-client-csharp/generator/artifacts/bin/Microsoft.TypeSpec.Generator.Tests/Debug/net8.0/Microsoft.TypeSpec.Generator.Tests.dll" adapterTypeName="executor://nunit3testexecutor/" className="Microsoft.TypeSpec.Generator.Tests.Utilities.StringExtensionsTests" name="TestIsCSharpKeyword(&quot;switch&quot;,True)" />
    </UnitTest>
    <UnitTest name="CanChangeAccessibilityOfModelFactory" storage="/home/runner/work/typespec/typespec/packages/http-client-csharp/generator/artifacts/bin/microsoft.typespec.generator.tests/debug/net8.0/microsoft.typespec.generator.tests.dll" id="550966a6-bbcc-4995-d41a-ce48c1a7afe5">
      <Execution id="fc60b5b4-cce2-459a-a098-5196ca4d0bf3" />
      <TestMethod codeBase="/home/runner/work/typespec/typespec/packages/http-client-csharp/generator/artifacts/bin/Microsoft.TypeSpec.Generator.Tests/Debug/net8.0/Microsoft.TypeSpec.Generator.Tests.dll" adapterTypeName="executor://nunit3testexecutor/" className="Microsoft.TypeSpec.Generator.Tests.Providers.ModelFactories.ModelFactoriesCustomizationTests" name="CanChangeAccessibilityOfModelFactory" />
    </UnitTest>
    <UnitTest name="TestToApiVersionMemberName(&quot;V2022.05.15-preview&quot;,&quot;V2022_05_15_Preview&quot;)" storage="/home/runner/work/typespec/typespec/packages/http-client-csharp/generator/artifacts/bin/microsoft.typespec.generator.tests/debug/net8.0/microsoft.typespec.generator.tests.dll" id="ecb78671-0760-ce16-1e30-d4cd0229b1d5">
      <Execution id="7168b69c-d87b-4c50-be4e-13133c7ac5c8" />
      <TestMethod codeBase="/home/runner/work/typespec/typespec/packages/http-client-csharp/generator/artifacts/bin/Microsoft.TypeSpec.Generator.Tests/Debug/net8.0/Microsoft.TypeSpec.Generator.Tests.dll" adapterTypeName="executor://nunit3testexecutor/" className="Microsoft.TypeSpec.Generator.Tests.Utilities.StringExtensionsTests" name="TestToApiVersionMemberName(&quot;V2022.05.15-preview&quot;,&quot;V2022_05_15_Preview&quot;)" />
    </UnitTest>
    <UnitTest name="TestCamelCaseProperty" storage="/home/runner/work/typespec/typespec/packages/http-client-csharp/generator/artifacts/bin/microsoft.typespec.generator.tests/debug/net8.0/microsoft.typespec.generator.tests.dll" id="70fe1480-61c7-cccd-c239-7d8ddf592d46">
      <Execution id="58f95961-9dd7-4fa2-a6bb-cb53e5408c2b" />
      <TestMethod codeBase="/home/runner/work/typespec/typespec/packages/http-client-csharp/generator/artifacts/bin/Microsoft.TypeSpec.Generator.Tests/Debug/net8.0/Microsoft.TypeSpec.Generator.Tests.dll" adapterTypeName="executor://nunit3testexecutor/" className="Microsoft.TypeSpec.Generator.Tests.Providers.PropertyProviderTests" name="TestCamelCaseProperty" />
    </UnitTest>
    <UnitTest name="BaseShouldReturnUnknownVariant" storage="/home/runner/work/typespec/typespec/packages/http-client-csharp/generator/artifacts/bin/microsoft.typespec.generator.tests/debug/net8.0/microsoft.typespec.generator.tests.dll" id="d4fb8fd2-b16e-7d60-d77f-0dd20fb6de20">
      <Execution id="d402155b-9f2c-4d1f-9295-9f4277a42eba" />
      <TestMethod codeBase="/home/runner/work/typespec/typespec/packages/http-client-csharp/generator/artifacts/bin/Microsoft.TypeSpec.Generator.Tests/Debug/net8.0/Microsoft.TypeSpec.Generator.Tests.dll" adapterTypeName="executor://nunit3testexecutor/" className="Microsoft.TypeSpec.Generator.Tests.Providers.ModelFactories.DiscriminatorTests" name="BaseShouldReturnUnknownVariant" />
    </UnitTest>
    <UnitTest name="KeyValuePairExpression(System.Collections.Generic.IList`1[T],System.Int32)" storage="/home/runner/work/typespec/typespec/packages/http-client-csharp/generator/artifacts/bin/microsoft.typespec.generator.tests/debug/net8.0/microsoft.typespec.generator.tests.dll" id="7169fa09-1f39-0413-c906-4d8b86b23d63">
      <Execution id="b95943fc-d995-42da-920c-6c3842b7f48e" />
      <TestMethod codeBase="/home/runner/work/typespec/typespec/packages/http-client-csharp/generator/artifacts/bin/Microsoft.TypeSpec.Generator.Tests/Debug/net8.0/Microsoft.TypeSpec.Generator.Tests.dll" adapterTypeName="executor://nunit3testexecutor/" className="Microsoft.TypeSpec.Generator.Tests.Expressions.KnownValueExpressionsTests" name="KeyValuePairExpression(System.Collections.Generic.IList`1[T],System.Int32)" />
    </UnitTest>
    <UnitTest name="TestIsCSharpKeyword(&quot;goto&quot;,True)" storage="/home/runner/work/typespec/typespec/packages/http-client-csharp/generator/artifacts/bin/microsoft.typespec.generator.tests/debug/net8.0/microsoft.typespec.generator.tests.dll" id="ab0afd2c-7ed1-31db-9bc5-bb5e9defc981">
      <Execution id="74ecf0e1-adaa-404f-b09b-a4b02392a9b8" />
      <TestMethod codeBase="/home/runner/work/typespec/typespec/packages/http-client-csharp/generator/artifacts/bin/Microsoft.TypeSpec.Generator.Tests/Debug/net8.0/Microsoft.TypeSpec.Generator.Tests.dll" adapterTypeName="executor://nunit3testexecutor/" className="Microsoft.TypeSpec.Generator.Tests.Utilities.StringExtensionsTests" name="TestIsCSharpKeyword(&quot;goto&quot;,True)" />
    </UnitTest>
    <UnitTest name="IsCollectionType(System.ReadOnlyMemory`1[T],True)" storage="/home/runner/work/typespec/typespec/packages/http-client-csharp/generator/artifacts/bin/microsoft.typespec.generator.tests/debug/net8.0/microsoft.typespec.generator.tests.dll" id="bd1195d7-b276-2894-f72d-0b6a10b6c58a">
      <Execution id="718775b5-0c86-423a-ab14-b943162af515" />
      <TestMethod codeBase="/home/runner/work/typespec/typespec/packages/http-client-csharp/generator/artifacts/bin/Microsoft.TypeSpec.Generator.Tests/Debug/net8.0/Microsoft.TypeSpec.Generator.Tests.dll" adapterTypeName="executor://nunit3testexecutor/" className="Microsoft.TypeSpec.Generator.Tests.Primitives.CSharpTypeTests" name="IsCollectionType(System.ReadOnlyMemory`1[T],True)" />
    </UnitTest>
    <UnitTest name="IntSerializationFormat(SafeInt,null)" storage="/home/runner/work/typespec/typespec/packages/http-client-csharp/generator/artifacts/bin/microsoft.typespec.generator.tests/debug/net8.0/microsoft.typespec.generator.tests.dll" id="a4721eb0-8fb7-597b-946b-9a40bbf20beb">
      <Execution id="f9e527f9-eb11-47c8-83f4-9f0a8b262e70" />
      <TestMethod codeBase="/home/runner/work/typespec/typespec/packages/http-client-csharp/generator/artifacts/bin/Microsoft.TypeSpec.Generator.Tests/Debug/net8.0/Microsoft.TypeSpec.Generator.Tests.dll" adapterTypeName="executor://nunit3testexecutor/" className="Microsoft.TypeSpec.Generator.Tests.TypeFactoryTests" name="IntSerializationFormat(SafeInt,null)" />
    </UnitTest>
    <UnitTest name="InvalidParameterDocsThrows" storage="/home/runner/work/typespec/typespec/packages/http-client-csharp/generator/artifacts/bin/microsoft.typespec.generator.tests/debug/net8.0/microsoft.typespec.generator.tests.dll" id="249b2ac8-e68f-ba42-20ef-e0e8dbce8067">
      <Execution id="73014609-2eb1-47d4-88f4-7d891052ff5c" />
      <TestMethod codeBase="/home/runner/work/typespec/typespec/packages/http-client-csharp/generator/artifacts/bin/Microsoft.TypeSpec.Generator.Tests/Debug/net8.0/Microsoft.TypeSpec.Generator.Tests.dll" adapterTypeName="executor://nunit3testexecutor/" className="Microsoft.TypeSpec.Generator.Tests.Providers.NamedTypeSymbolProviders.XmlDocsTests" name="InvalidParameterDocsThrows" />
    </UnitTest>
    <UnitTest name="CanChangeExtensibleEnumToEnum" storage="/home/runner/work/typespec/typespec/packages/http-client-csharp/generator/artifacts/bin/microsoft.typespec.generator.tests/debug/net8.0/microsoft.typespec.generator.tests.dll" id="b6ccfb03-57bd-fcc1-ee6c-193db3aea94f">
      <Execution id="beeb5bfb-f690-473d-9675-2cb56a9a408a" />
      <TestMethod codeBase="/home/runner/work/typespec/typespec/packages/http-client-csharp/generator/artifacts/bin/Microsoft.TypeSpec.Generator.Tests/Debug/net8.0/Microsoft.TypeSpec.Generator.Tests.dll" adapterTypeName="executor://nunit3testexecutor/" className="Microsoft.TypeSpec.Generator.Tests.Providers.ModelProviders.ModelCustomizationTests" name="CanChangeExtensibleEnumToEnum" />
    </UnitTest>
    <UnitTest name="TypesAreEqual(System.Int32)" storage="/home/runner/work/typespec/typespec/packages/http-client-csharp/generator/artifacts/bin/microsoft.typespec.generator.tests/debug/net8.0/microsoft.typespec.generator.tests.dll" id="9071ed67-966f-b1ae-e980-c083f720d08b">
      <Execution id="4a9e05e5-b25d-4429-a34c-81c2e95c1344" />
      <TestMethod codeBase="/home/runner/work/typespec/typespec/packages/http-client-csharp/generator/artifacts/bin/Microsoft.TypeSpec.Generator.Tests/Debug/net8.0/Microsoft.TypeSpec.Generator.Tests.dll" adapterTypeName="executor://nunit3testexecutor/" className="Microsoft.TypeSpec.Generator.Tests.Primitives.CSharpTypeTests" name="TypesAreEqual(System.Int32)" />
    </UnitTest>
    <UnitTest name="ValidateNullableTypes(System.Int32,[],False)" storage="/home/runner/work/typespec/typespec/packages/http-client-csharp/generator/artifacts/bin/microsoft.typespec.generator.tests/debug/net8.0/microsoft.typespec.generator.tests.dll" id="baa2ee8d-7419-884e-fbda-a4096ed36542">
      <Execution id="62ffd295-904d-401c-92ed-8dc330de02f2" />
      <TestMethod codeBase="/home/runner/work/typespec/typespec/packages/http-client-csharp/generator/artifacts/bin/Microsoft.TypeSpec.Generator.Tests/Debug/net8.0/Microsoft.TypeSpec.Generator.Tests.dll" adapterTypeName="executor://nunit3testexecutor/" className="Microsoft.TypeSpec.Generator.Tests.Primitives.CSharpTypeTests" name="ValidateNullableTypes(System.Int32,[],False)" />
    </UnitTest>
    <UnitTest name="IntSerializationFormat(Int8,null)" storage="/home/runner/work/typespec/typespec/packages/http-client-csharp/generator/artifacts/bin/microsoft.typespec.generator.tests/debug/net8.0/microsoft.typespec.generator.tests.dll" id="48a5ec62-9af9-57c5-3941-8ab94b38f690">
      <Execution id="f7822070-19bb-4155-9e51-88ea6883074d" />
      <TestMethod codeBase="/home/runner/work/typespec/typespec/packages/http-client-csharp/generator/artifacts/bin/Microsoft.TypeSpec.Generator.Tests/Debug/net8.0/Microsoft.TypeSpec.Generator.Tests.dll" adapterTypeName="executor://nunit3testexecutor/" className="Microsoft.TypeSpec.Generator.Tests.TypeFactoryTests" name="IntSerializationFormat(Int8,null)" />
    </UnitTest>
    <UnitTest name="TestParseConfig_LibraryName(&quot;{\n                    \&quot;output-folder\&quot;: \&quot;outputFolder\&quot;\n                }&quot;,True)" storage="/home/runner/work/typespec/typespec/packages/http-client-csharp/generator/artifacts/bin/microsoft.typespec.generator.tests/debug/net8.0/microsoft.typespec.generator.tests.dll" id="63f8f19d-81ae-3bb0-eb37-dee460c33487">
      <Execution id="2380d901-b18c-4725-9f94-c6757c12a065" />
      <TestMethod codeBase="/home/runner/work/typespec/typespec/packages/http-client-csharp/generator/artifacts/bin/Microsoft.TypeSpec.Generator.Tests/Debug/net8.0/Microsoft.TypeSpec.Generator.Tests.dll" adapterTypeName="executor://nunit3testexecutor/" className="Microsoft.TypeSpec.Generator.Tests.ConfigurationTests" name="TestParseConfig_LibraryName(&quot;{\n                    \&quot;output-folder\&quot;: \&quot;outputFolder\&quot;\n                }&quot;,True)" />
    </UnitTest>
    <UnitTest name="SystemTypeOperatorTestNotEqual(System.Tuple`1[T1],System.Tuple`2[T1,T2])" storage="/home/runner/work/typespec/typespec/packages/http-client-csharp/generator/artifacts/bin/microsoft.typespec.generator.tests/debug/net8.0/microsoft.typespec.generator.tests.dll" id="ce4913c1-a0f9-1cf2-b59f-15e9ced5df57">
      <Execution id="f37c805c-0e80-460e-b2f2-9e891c1ea133" />
      <TestMethod codeBase="/home/runner/work/typespec/typespec/packages/http-client-csharp/generator/artifacts/bin/Microsoft.TypeSpec.Generator.Tests/Debug/net8.0/Microsoft.TypeSpec.Generator.Tests.dll" adapterTypeName="executor://nunit3testexecutor/" className="Microsoft.TypeSpec.Generator.Tests.Expressions.ValueExpressionTests" name="SystemTypeOperatorTestNotEqual(System.Tuple`1[T1],System.Tuple`2[T1,T2])" />
    </UnitTest>
    <UnitTest name="SystemTypeOperatorTestNotEqual(System.Collections.Generic.IList`1[T],System.Collections.Generic.IList`1[System.Int32])" storage="/home/runner/work/typespec/typespec/packages/http-client-csharp/generator/artifacts/bin/microsoft.typespec.generator.tests/debug/net8.0/microsoft.typespec.generator.tests.dll" id="1afc3708-f9f2-1899-b0c8-9a23a00892d0">
      <Execution id="c145505b-bd00-422d-9786-79a5e5d06fca" />
      <TestMethod codeBase="/home/runner/work/typespec/typespec/packages/http-client-csharp/generator/artifacts/bin/Microsoft.TypeSpec.Generator.Tests/Debug/net8.0/Microsoft.TypeSpec.Generator.Tests.dll" adapterTypeName="executor://nunit3testexecutor/" className="Microsoft.TypeSpec.Generator.Tests.Expressions.ValueExpressionTests" name="SystemTypeOperatorTestNotEqual(System.Collections.Generic.IList`1[T],System.Collections.Generic.IList`1[System.Int32])" />
    </UnitTest>
    <UnitTest name="BinaryOperatorExpressionWithAndOperator" storage="/home/runner/work/typespec/typespec/packages/http-client-csharp/generator/artifacts/bin/microsoft.typespec.generator.tests/debug/net8.0/microsoft.typespec.generator.tests.dll" id="8406b15f-417e-0deb-cb89-8f582c80cc41">
      <Execution id="252995b6-0b2e-4635-a729-f854904810ac" />
      <TestMethod codeBase="/home/runner/work/typespec/typespec/packages/http-client-csharp/generator/artifacts/bin/Microsoft.TypeSpec.Generator.Tests/Debug/net8.0/Microsoft.TypeSpec.Generator.Tests.dll" adapterTypeName="executor://nunit3testexecutor/" className="Microsoft.TypeSpec.Generator.Tests.Expressions.KnownValueExpressionsTests" name="BinaryOperatorExpressionWithAndOperator" />
    </UnitTest>
    <UnitTest name="IntSerializationFormat(Int64,&quot;string&quot;)" storage="/home/runner/work/typespec/typespec/packages/http-client-csharp/generator/artifacts/bin/microsoft.typespec.generator.tests/debug/net8.0/microsoft.typespec.generator.tests.dll" id="292fcb11-3235-5d58-6743-74ed56c23f7c">
      <Execution id="c778cc3e-7079-4ba4-803d-e5c39352c18b" />
      <TestMethod codeBase="/home/runner/work/typespec/typespec/packages/http-client-csharp/generator/artifacts/bin/Microsoft.TypeSpec.Generator.Tests/Debug/net8.0/Microsoft.TypeSpec.Generator.Tests.dll" adapterTypeName="executor://nunit3testexecutor/" className="Microsoft.TypeSpec.Generator.Tests.TypeFactoryTests" name="IntSerializationFormat(Int64,&quot;string&quot;)" />
    </UnitTest>
    <UnitTest name="CodeWriter_WriteProperty_IndexerProperty_MethodPropertyBody" storage="/home/runner/work/typespec/typespec/packages/http-client-csharp/generator/artifacts/bin/microsoft.typespec.generator.tests/debug/net8.0/microsoft.typespec.generator.tests.dll" id="f42bde8d-1a55-f048-63d7-d9e08364b0f8">
      <Execution id="02ed49ac-4c73-4905-bbf1-7ffd785c1a24" />
      <TestMethod codeBase="/home/runner/work/typespec/typespec/packages/http-client-csharp/generator/artifacts/bin/Microsoft.TypeSpec.Generator.Tests/Debug/net8.0/Microsoft.TypeSpec.Generator.Tests.dll" adapterTypeName="executor://nunit3testexecutor/" className="Microsoft.TypeSpec.Generator.Tests.Writers.CodeWriterTests" name="CodeWriter_WriteProperty_IndexerProperty_MethodPropertyBody" />
    </UnitTest>
    <UnitTest name="CorrectUsingIsAppliedForImplicitOperatorMethod" storage="/home/runner/work/typespec/typespec/packages/http-client-csharp/generator/artifacts/bin/microsoft.typespec.generator.tests/debug/net8.0/microsoft.typespec.generator.tests.dll" id="ee189b7f-b48c-e861-72bf-b7f28dd5cf0b">
      <Execution id="22f37ee9-4752-412c-adfb-6bddcbe5e3bb" />
      <TestMethod codeBase="/home/runner/work/typespec/typespec/packages/http-client-csharp/generator/artifacts/bin/Microsoft.TypeSpec.Generator.Tests/Debug/net8.0/Microsoft.TypeSpec.Generator.Tests.dll" adapterTypeName="executor://nunit3testexecutor/" className="Microsoft.TypeSpec.Generator.Tests.Providers.MethodProviderTests" name="CorrectUsingIsAppliedForImplicitOperatorMethod" />
    </UnitTest>
    <UnitTest name="PluginAddsVisitorToGenerator" storage="/home/runner/work/typespec/typespec/packages/http-client-csharp/generator/artifacts/bin/microsoft.typespec.generator.tests/debug/net8.0/microsoft.typespec.generator.tests.dll" id="08762cc6-38cc-e74a-881a-ce9c51c386ad">
      <Execution id="87dbb600-9419-419e-b172-8cac16b9ebed" />
      <TestMethod codeBase="/home/runner/work/typespec/typespec/packages/http-client-csharp/generator/artifacts/bin/Microsoft.TypeSpec.Generator.Tests/Debug/net8.0/Microsoft.TypeSpec.Generator.Tests.dll" adapterTypeName="executor://nunit3testexecutor/" className="Microsoft.TypeSpec.Generator.Tests.GeneratorPluginTests" name="PluginAddsVisitorToGenerator" />
    </UnitTest>
    <UnitTest name="TestIsCSharpKeyword(&quot;decimal&quot;,True)" storage="/home/runner/work/typespec/typespec/packages/http-client-csharp/generator/artifacts/bin/microsoft.typespec.generator.tests/debug/net8.0/microsoft.typespec.generator.tests.dll" id="53789d2a-b56c-fa09-a401-1af46d9fa92d">
      <Execution id="0f1cd3e3-6373-453f-8feb-15d6870a71d5" />
      <TestMethod codeBase="/home/runner/work/typespec/typespec/packages/http-client-csharp/generator/artifacts/bin/Microsoft.TypeSpec.Generator.Tests/Debug/net8.0/Microsoft.TypeSpec.Generator.Tests.dll" adapterTypeName="executor://nunit3testexecutor/" className="Microsoft.TypeSpec.Generator.Tests.Utilities.StringExtensionsTests" name="TestIsCSharpKeyword(&quot;decimal&quot;,True)" />
    </UnitTest>
    <UnitTest name="DeclarationCanBeUsedTwice" storage="/home/runner/work/typespec/typespec/packages/http-client-csharp/generator/artifacts/bin/microsoft.typespec.generator.tests/debug/net8.0/microsoft.typespec.generator.tests.dll" id="45b7f0be-7eb7-877e-9317-f8cc3e0bc50c">
      <Execution id="ea3dcd6f-3048-4c13-a006-798fa1846b64" />
      <TestMethod codeBase="/home/runner/work/typespec/typespec/packages/http-client-csharp/generator/artifacts/bin/Microsoft.TypeSpec.Generator.Tests/Debug/net8.0/Microsoft.TypeSpec.Generator.Tests.dll" adapterTypeName="executor://nunit3testexecutor/" className="Microsoft.TypeSpec.Generator.Tests.Writers.CodeWriterDeclarationTests" name="DeclarationCanBeUsedTwice" />
    </UnitTest>
    <UnitTest name="UnreferencedTypeHandling(&quot;keepAll&quot;)" storage="/home/runner/work/typespec/typespec/packages/http-client-csharp/generator/artifacts/bin/microsoft.typespec.generator.tests/debug/net8.0/microsoft.typespec.generator.tests.dll" id="53f5e0ed-a10d-c8d7-09b2-0ab0c77c3c1e">
      <Execution id="70ac0926-a95d-4c55-ba6c-c1c64962cabf" />
      <TestMethod codeBase="/home/runner/work/typespec/typespec/packages/http-client-csharp/generator/artifacts/bin/Microsoft.TypeSpec.Generator.Tests/Debug/net8.0/Microsoft.TypeSpec.Generator.Tests.dll" adapterTypeName="executor://nunit3testexecutor/" className="Microsoft.TypeSpec.Generator.Tests.ConfigurationTests" name="UnreferencedTypeHandling(&quot;keepAll&quot;)" />
    </UnitTest>
    <UnitTest name="IntSerializationFormat(Int16,null)" storage="/home/runner/work/typespec/typespec/packages/http-client-csharp/generator/artifacts/bin/microsoft.typespec.generator.tests/debug/net8.0/microsoft.typespec.generator.tests.dll" id="4fb2cc97-89c3-8e80-7aea-e40e8b77feab">
      <Execution id="d550365b-9797-418a-aad8-24c22e535274" />
      <TestMethod codeBase="/home/runner/work/typespec/typespec/packages/http-client-csharp/generator/artifacts/bin/Microsoft.TypeSpec.Generator.Tests/Debug/net8.0/Microsoft.TypeSpec.Generator.Tests.dll" adapterTypeName="executor://nunit3testexecutor/" className="Microsoft.TypeSpec.Generator.Tests.TypeFactoryTests" name="IntSerializationFormat(Int16,null)" />
    </UnitTest>
    <UnitTest name="DerivedCtorHasAdditionalBinaryDataPropertiesParam" storage="/home/runner/work/typespec/typespec/packages/http-client-csharp/generator/artifacts/bin/microsoft.typespec.generator.tests/debug/net8.0/microsoft.typespec.generator.tests.dll" id="a363397a-b049-e8e3-0f2f-edcbc5a1470c">
      <Execution id="6983a120-1063-411d-ab38-136685146eb7" />
      <TestMethod codeBase="/home/runner/work/typespec/typespec/packages/http-client-csharp/generator/artifacts/bin/Microsoft.TypeSpec.Generator.Tests/Debug/net8.0/Microsoft.TypeSpec.Generator.Tests.dll" adapterTypeName="executor://nunit3testexecutor/" className="Microsoft.TypeSpec.Generator.Tests.Providers.ModelProviders.DiscriminatorTests" name="DerivedCtorHasAdditionalBinaryDataPropertiesParam" />
    </UnitTest>
    <UnitTest name="ValidateNullableTypes(Microsoft.TypeSpec.Generator.Tests.Primitives.CSharpTypeTests+TestStruct`1[System.Nullable`1[System.Int32]],[int?],False)" storage="/home/runner/work/typespec/typespec/packages/http-client-csharp/generator/artifacts/bin/microsoft.typespec.generator.tests/debug/net8.0/microsoft.typespec.generator.tests.dll" id="368193ca-abd8-bca1-3e99-48db0eca7bfc">
      <Execution id="32f2eec2-e61c-40af-bfe1-4897b02c976a" />
      <TestMethod codeBase="/home/runner/work/typespec/typespec/packages/http-client-csharp/generator/artifacts/bin/Microsoft.TypeSpec.Generator.Tests/Debug/net8.0/Microsoft.TypeSpec.Generator.Tests.dll" adapterTypeName="executor://nunit3testexecutor/" className="Microsoft.TypeSpec.Generator.Tests.Primitives.CSharpTypeTests" name="ValidateNullableTypes(Microsoft.TypeSpec.Generator.Tests.Primitives.CSharpTypeTests+TestStruct`1[System.Nullable`1[System.Int32]],[int?],False)" />
    </UnitTest>
    <UnitTest name="HashCodesAreNotEqual(System.Int32,System.Collections.Generic.IList`1[System.Int32])" storage="/home/runner/work/typespec/typespec/packages/http-client-csharp/generator/artifacts/bin/microsoft.typespec.generator.tests/debug/net8.0/microsoft.typespec.generator.tests.dll" id="d3aa593b-e5a9-6757-4073-1c7109f8ae34">
      <Execution id="3326549c-2855-4e7b-b444-f857a1d0b5c4" />
      <TestMethod codeBase="/home/runner/work/typespec/typespec/packages/http-client-csharp/generator/artifacts/bin/Microsoft.TypeSpec.Generator.Tests/Debug/net8.0/Microsoft.TypeSpec.Generator.Tests.dll" adapterTypeName="executor://nunit3testexecutor/" className="Microsoft.TypeSpec.Generator.Tests.Primitives.CSharpTypeTests" name="HashCodesAreNotEqual(System.Int32,System.Collections.Generic.IList`1[System.Int32])" />
    </UnitTest>
    <UnitTest name="CanChangeForStatement" storage="/home/runner/work/typespec/typespec/packages/http-client-csharp/generator/artifacts/bin/microsoft.typespec.generator.tests/debug/net8.0/microsoft.typespec.generator.tests.dll" id="ef003b7c-c59d-5e45-7984-bdc602ac516c">
      <Execution id="14b8ba05-9ca2-4be8-836c-b6b7b5b85934" />
      <TestMethod codeBase="/home/runner/work/typespec/typespec/packages/http-client-csharp/generator/artifacts/bin/Microsoft.TypeSpec.Generator.Tests/Debug/net8.0/Microsoft.TypeSpec.Generator.Tests.dll" adapterTypeName="executor://nunit3testexecutor/" className="Microsoft.TypeSpec.Generator.Tests.Statements.StatementVisitorTests" name="CanChangeForStatement" />
    </UnitTest>
    <UnitTest name="TestBuildSecondaryConstructor(False)" storage="/home/runner/work/typespec/typespec/packages/http-client-csharp/generator/artifacts/bin/microsoft.typespec.generator.tests/debug/net8.0/microsoft.typespec.generator.tests.dll" id="e1ff934e-07a0-0a26-a8e7-0fb4a8f73c6c">
      <Execution id="17383877-0dc1-4e42-979b-b555294e0604" />
      <TestMethod codeBase="/home/runner/work/typespec/typespec/packages/http-client-csharp/generator/artifacts/bin/Microsoft.TypeSpec.Generator.Tests/Debug/net8.0/Microsoft.TypeSpec.Generator.Tests.dll" adapterTypeName="executor://nunit3testexecutor/" className="Microsoft.TypeSpec.Generator.Tests.Providers.ModelProviders.ModelProviderTests" name="TestBuildSecondaryConstructor(False)" />
    </UnitTest>
    <UnitTest name="TryStatementWithMultipleLineBody" storage="/home/runner/work/typespec/typespec/packages/http-client-csharp/generator/artifacts/bin/microsoft.typespec.generator.tests/debug/net8.0/microsoft.typespec.generator.tests.dll" id="8eb8d35e-824b-7a2f-1ee3-affba1ece6ab">
      <Execution id="c1fb6620-ff7d-4c67-a3d9-b379ba186c9a" />
      <TestMethod codeBase="/home/runner/work/typespec/typespec/packages/http-client-csharp/generator/artifacts/bin/Microsoft.TypeSpec.Generator.Tests/Debug/net8.0/Microsoft.TypeSpec.Generator.Tests.dll" adapterTypeName="executor://nunit3testexecutor/" className="Microsoft.TypeSpec.Generator.Tests.Statements.StatementTests" name="TryStatementWithMultipleLineBody" />
    </UnitTest>
    <UnitTest name="FullyQualifiedNamePopulatedForFrameworkTypes(System.Collections.Generic.IList`1[System.Int32])" storage="/home/runner/work/typespec/typespec/packages/http-client-csharp/generator/artifacts/bin/microsoft.typespec.generator.tests/debug/net8.0/microsoft.typespec.generator.tests.dll" id="e30731ec-43c6-5ac1-37df-96bb816e2e6e">
      <Execution id="10313af6-cdac-4cae-9c84-13df15ba6bce" />
      <TestMethod codeBase="/home/runner/work/typespec/typespec/packages/http-client-csharp/generator/artifacts/bin/Microsoft.TypeSpec.Generator.Tests/Debug/net8.0/Microsoft.TypeSpec.Generator.Tests.dll" adapterTypeName="executor://nunit3testexecutor/" className="Microsoft.TypeSpec.Generator.Tests.Primitives.CSharpTypeTests" name="FullyQualifiedNamePopulatedForFrameworkTypes(System.Collections.Generic.IList`1[System.Int32])" />
    </UnitTest>
    <UnitTest name="TestIsCSharpKeyword(&quot;ulong&quot;,True)" storage="/home/runner/work/typespec/typespec/packages/http-client-csharp/generator/artifacts/bin/microsoft.typespec.generator.tests/debug/net8.0/microsoft.typespec.generator.tests.dll" id="2c3719e4-73e2-bca8-6192-023a0218f59a">
      <Execution id="4f65ed16-f7eb-4524-a849-0a579dece6ee" />
      <TestMethod codeBase="/home/runner/work/typespec/typespec/packages/http-client-csharp/generator/artifacts/bin/Microsoft.TypeSpec.Generator.Tests/Debug/net8.0/Microsoft.TypeSpec.Generator.Tests.dll" adapterTypeName="executor://nunit3testexecutor/" className="Microsoft.TypeSpec.Generator.Tests.Utilities.StringExtensionsTests" name="TestIsCSharpKeyword(&quot;ulong&quot;,True)" />
    </UnitTest>
    <UnitTest name="AttributeStatementWithOneNamedArgument" storage="/home/runner/work/typespec/typespec/packages/http-client-csharp/generator/artifacts/bin/microsoft.typespec.generator.tests/debug/net8.0/microsoft.typespec.generator.tests.dll" id="1dcd271b-663b-5d22-6b54-4d0246bd6b05">
      <Execution id="3402e1ba-c2ba-42f1-8ef8-2cf1e090fc0a" />
      <TestMethod codeBase="/home/runner/work/typespec/typespec/packages/http-client-csharp/generator/artifacts/bin/Microsoft.TypeSpec.Generator.Tests/Debug/net8.0/Microsoft.TypeSpec.Generator.Tests.dll" adapterTypeName="executor://nunit3testexecutor/" className="Microsoft.TypeSpec.Generator.Tests.Statements.AttributeStatementTests" name="AttributeStatementWithOneNamedArgument" />
    </UnitTest>
    <UnitTest name="TestBuildProperties_ValidateInheritHierarchyWithOverride" storage="/home/runner/work/typespec/typespec/packages/http-client-csharp/generator/artifacts/bin/microsoft.typespec.generator.tests/debug/net8.0/microsoft.typespec.generator.tests.dll" id="d9c3ce3b-8702-a133-592b-969dbdd99e09">
      <Execution id="e1d1c893-bdee-4a87-ab5a-2df83acfc7b6" />
      <TestMethod codeBase="/home/runner/work/typespec/typespec/packages/http-client-csharp/generator/artifacts/bin/Microsoft.TypeSpec.Generator.Tests/Debug/net8.0/Microsoft.TypeSpec.Generator.Tests.dll" adapterTypeName="executor://nunit3testexecutor/" className="Microsoft.TypeSpec.Generator.Tests.Providers.ModelProviders.ModelProviderTests" name="TestBuildProperties_ValidateInheritHierarchyWithOverride" />
    </UnitTest>
    <UnitTest name="CanChangeListOfEnumPropToListOfExtensibleEnumField" storage="/home/runner/work/typespec/typespec/packages/http-client-csharp/generator/artifacts/bin/microsoft.typespec.generator.tests/debug/net8.0/microsoft.typespec.generator.tests.dll" id="49d00e4b-9bd0-a7f2-46b1-60b16750ffa9">
      <Execution id="3b92b289-7a71-4eb6-b1f8-0e73247e1d95" />
      <TestMethod codeBase="/home/runner/work/typespec/typespec/packages/http-client-csharp/generator/artifacts/bin/Microsoft.TypeSpec.Generator.Tests/Debug/net8.0/Microsoft.TypeSpec.Generator.Tests.dll" adapterTypeName="executor://nunit3testexecutor/" className="Microsoft.TypeSpec.Generator.Tests.Providers.ModelProviders.ModelCustomizationTests" name="CanChangeListOfEnumPropToListOfExtensibleEnumField" />
    </UnitTest>
    <UnitTest name="VisitorsAreVisited" storage="/home/runner/work/typespec/typespec/packages/http-client-csharp/generator/artifacts/bin/microsoft.typespec.generator.tests/debug/net8.0/microsoft.typespec.generator.tests.dll" id="f6fc8666-1c36-4694-0d5b-6ae5f4168221">
      <Execution id="3bd4710d-1ce7-4925-9daa-535c60c06d27" />
      <TestMethod codeBase="/home/runner/work/typespec/typespec/packages/http-client-csharp/generator/artifacts/bin/Microsoft.TypeSpec.Generator.Tests/Debug/net8.0/Microsoft.TypeSpec.Generator.Tests.dll" adapterTypeName="executor://nunit3testexecutor/" className="Microsoft.TypeSpec.Generator.Tests.CSharpGenTests" name="VisitorsAreVisited" />
    </UnitTest>
    <UnitTest name="ValidateFrameworkInstanceWithArguments" storage="/home/runner/work/typespec/typespec/packages/http-client-csharp/generator/artifacts/bin/microsoft.typespec.generator.tests/debug/net8.0/microsoft.typespec.generator.tests.dll" id="6c2b2dca-1f37-1c27-4806-c98da0869728">
      <Execution id="24572b1c-be45-40fb-aaeb-ea8a8359de64" />
      <TestMethod codeBase="/home/runner/work/typespec/typespec/packages/http-client-csharp/generator/artifacts/bin/Microsoft.TypeSpec.Generator.Tests/Debug/net8.0/Microsoft.TypeSpec.Generator.Tests.dll" adapterTypeName="executor://nunit3testexecutor/" className="Microsoft.TypeSpec.Generator.Tests.Snippets.SnippetTests" name="ValidateFrameworkInstanceWithArguments" />
    </UnitTest>
    <UnitTest name="BinaryOperatorExpressionWithOrOperator" storage="/home/runner/work/typespec/typespec/packages/http-client-csharp/generator/artifacts/bin/microsoft.typespec.generator.tests/debug/net8.0/microsoft.typespec.generator.tests.dll" id="5faa7576-5bd9-c01f-8a77-6447b82cf9b2">
      <Execution id="a10b7d26-4588-4e5d-acbc-016bc964dd6f" />
      <TestMethod codeBase="/home/runner/work/typespec/typespec/packages/http-client-csharp/generator/artifacts/bin/Microsoft.TypeSpec.Generator.Tests/Debug/net8.0/Microsoft.TypeSpec.Generator.Tests.dll" adapterTypeName="executor://nunit3testexecutor/" className="Microsoft.TypeSpec.Generator.Tests.Expressions.KnownValueExpressionsTests" name="BinaryOperatorExpressionWithOrOperator" />
    </UnitTest>
    <UnitTest name="FullyQualifiedNamePopulatedForFrameworkTypes(System.Collections.Generic.IList`1[T])" storage="/home/runner/work/typespec/typespec/packages/http-client-csharp/generator/artifacts/bin/microsoft.typespec.generator.tests/debug/net8.0/microsoft.typespec.generator.tests.dll" id="fd8b3364-50f5-7130-781e-8e24e19fa407">
      <Execution id="daf016c8-8744-4915-a11a-3df24fa64598" />
      <TestMethod codeBase="/home/runner/work/typespec/typespec/packages/http-client-csharp/generator/artifacts/bin/Microsoft.TypeSpec.Generator.Tests/Debug/net8.0/Microsoft.TypeSpec.Generator.Tests.dll" adapterTypeName="executor://nunit3testexecutor/" className="Microsoft.TypeSpec.Generator.Tests.Primitives.CSharpTypeTests" name="FullyQualifiedNamePopulatedForFrameworkTypes(System.Collections.Generic.IList`1[T])" />
    </UnitTest>
    <UnitTest name="TestIsCSharpKeyword(&quot;true&quot;,True)" storage="/home/runner/work/typespec/typespec/packages/http-client-csharp/generator/artifacts/bin/microsoft.typespec.generator.tests/debug/net8.0/microsoft.typespec.generator.tests.dll" id="1558228e-d5be-e738-5994-fd41d8ca6f08">
      <Execution id="b3d3937f-1385-4619-bfdf-3a187ec3bf93" />
      <TestMethod codeBase="/home/runner/work/typespec/typespec/packages/http-client-csharp/generator/artifacts/bin/Microsoft.TypeSpec.Generator.Tests/Debug/net8.0/Microsoft.TypeSpec.Generator.Tests.dll" adapterTypeName="executor://nunit3testexecutor/" className="Microsoft.TypeSpec.Generator.Tests.Utilities.StringExtensionsTests" name="TestIsCSharpKeyword(&quot;true&quot;,True)" />
    </UnitTest>
    <UnitTest name="ValidateStringU8" storage="/home/runner/work/typespec/typespec/packages/http-client-csharp/generator/artifacts/bin/microsoft.typespec.generator.tests/debug/net8.0/microsoft.typespec.generator.tests.dll" id="7a9d7a85-06b9-1f06-a722-56b4f14fc78c">
      <Execution id="0b026128-7b4a-45d2-9f5f-a44c687d8016" />
      <TestMethod codeBase="/home/runner/work/typespec/typespec/packages/http-client-csharp/generator/artifacts/bin/Microsoft.TypeSpec.Generator.Tests/Debug/net8.0/Microsoft.TypeSpec.Generator.Tests.dll" adapterTypeName="executor://nunit3testexecutor/" className="Microsoft.TypeSpec.Generator.Tests.Snippets.SnippetTests" name="ValidateStringU8" />
    </UnitTest>
    <UnitTest name="IfStatementAddBracesOptionFalse" storage="/home/runner/work/typespec/typespec/packages/http-client-csharp/generator/artifacts/bin/microsoft.typespec.generator.tests/debug/net8.0/microsoft.typespec.generator.tests.dll" id="32c6af81-7f72-ae75-868d-39dbfdfbacf5">
      <Execution id="b670eb59-75f4-4e02-bcf6-f2429f13d107" />
      <TestMethod codeBase="/home/runner/work/typespec/typespec/packages/http-client-csharp/generator/artifacts/bin/Microsoft.TypeSpec.Generator.Tests/Debug/net8.0/Microsoft.TypeSpec.Generator.Tests.dll" adapterTypeName="executor://nunit3testexecutor/" className="Microsoft.TypeSpec.Generator.Tests.Statements.StatementTests" name="IfStatementAddBracesOptionFalse" />
    </UnitTest>
    <UnitTest name="ValidateInstanceCtor" storage="/home/runner/work/typespec/typespec/packages/http-client-csharp/generator/artifacts/bin/microsoft.typespec.generator.tests/debug/net8.0/microsoft.typespec.generator.tests.dll" id="fa77b169-7afb-e8ac-24d0-340be81330f8">
      <Execution id="4b64cff3-4da6-48e9-a058-3fa5f431f272" />
      <TestMethod codeBase="/home/runner/work/typespec/typespec/packages/http-client-csharp/generator/artifacts/bin/Microsoft.TypeSpec.Generator.Tests/Debug/net8.0/Microsoft.TypeSpec.Generator.Tests.dll" adapterTypeName="executor://nunit3testexecutor/" className="Microsoft.TypeSpec.Generator.Tests.Snippets.SnippetTests" name="ValidateInstanceCtor" />
    </UnitTest>
    <UnitTest name="ListExpression(System.Collections.Generic.IList`1[System.Int32])" storage="/home/runner/work/typespec/typespec/packages/http-client-csharp/generator/artifacts/bin/microsoft.typespec.generator.tests/debug/net8.0/microsoft.typespec.generator.tests.dll" id="a4842a65-d964-6c02-a2c8-82738a9f92f7">
      <Execution id="c1332b08-b5bd-4df3-932b-ec9fd36aceac" />
      <TestMethod codeBase="/home/runner/work/typespec/typespec/packages/http-client-csharp/generator/artifacts/bin/Microsoft.TypeSpec.Generator.Tests/Debug/net8.0/Microsoft.TypeSpec.Generator.Tests.dll" adapterTypeName="executor://nunit3testexecutor/" className="Microsoft.TypeSpec.Generator.Tests.Expressions.KnownValueExpressionsTests" name="ListExpression(System.Collections.Generic.IList`1[System.Int32])" />
    </UnitTest>
    <UnitTest name="ValidateNullableTypes(System.Nullable`1[System.Int32],[],True)" storage="/home/runner/work/typespec/typespec/packages/http-client-csharp/generator/artifacts/bin/microsoft.typespec.generator.tests/debug/net8.0/microsoft.typespec.generator.tests.dll" id="71fb2054-74d5-0dc0-6f0f-e7c68fca9316">
      <Execution id="ae5f11a5-4baa-44f4-83f6-571f51b10a3a" />
      <TestMethod codeBase="/home/runner/work/typespec/typespec/packages/http-client-csharp/generator/artifacts/bin/Microsoft.TypeSpec.Generator.Tests/Debug/net8.0/Microsoft.TypeSpec.Generator.Tests.dll" adapterTypeName="executor://nunit3testexecutor/" className="Microsoft.TypeSpec.Generator.Tests.Primitives.CSharpTypeTests" name="ValidateNullableTypes(System.Nullable`1[System.Int32],[],True)" />
    </UnitTest>
    <UnitTest name="NotSameInstance" storage="/home/runner/work/typespec/typespec/packages/http-client-csharp/generator/artifacts/bin/microsoft.typespec.generator.tests/debug/net8.0/microsoft.typespec.generator.tests.dll" id="23519c24-ab5f-d52c-5a79-c6c42f23d463">
      <Execution id="b99604f6-4fb0-46f6-993e-94f51a1a68b5" />
      <TestMethod codeBase="/home/runner/work/typespec/typespec/packages/http-client-csharp/generator/artifacts/bin/Microsoft.TypeSpec.Generator.Tests/Debug/net8.0/Microsoft.TypeSpec.Generator.Tests.dll" adapterTypeName="executor://nunit3testexecutor/" className="Microsoft.TypeSpec.Generator.Tests.Providers.ParameterProviderTests" name="NotSameInstance" />
    </UnitTest>
    <UnitTest name="TypeModifiersTest(Public, Class, Partial, Abstract)" storage="/home/runner/work/typespec/typespec/packages/http-client-csharp/generator/artifacts/bin/microsoft.typespec.generator.tests/debug/net8.0/microsoft.typespec.generator.tests.dll" id="3140ba5e-963b-4052-bcda-569db27c5b8b">
      <Execution id="d9f112fc-fa5e-4c0c-872d-b9c8453481a0" />
      <TestMethod codeBase="/home/runner/work/typespec/typespec/packages/http-client-csharp/generator/artifacts/bin/Microsoft.TypeSpec.Generator.Tests/Debug/net8.0/Microsoft.TypeSpec.Generator.Tests.dll" adapterTypeName="executor://nunit3testexecutor/" className="Microsoft.TypeSpec.Generator.Tests.Writers.CodeWriterTests" name="TypeModifiersTest(Public, Class, Partial, Abstract)" />
    </UnitTest>
    <UnitTest name="TestReportDiagnosticWithTarget()" storage="/home/runner/work/typespec/typespec/packages/http-client-csharp/generator/artifacts/bin/microsoft.typespec.generator.tests/debug/net8.0/microsoft.typespec.generator.tests.dll" id="3a0e894d-6f76-5b80-5d98-bb50aeb3f367">
      <Execution id="b71741a7-3e80-447e-8594-9f8217a5a332" />
      <TestMethod codeBase="/home/runner/work/typespec/typespec/packages/http-client-csharp/generator/artifacts/bin/Microsoft.TypeSpec.Generator.Tests/Debug/net8.0/Microsoft.TypeSpec.Generator.Tests.dll" adapterTypeName="executor://nunit3testexecutor/" className="Microsoft.TypeSpec.Generator.Tests.EmitterRpc.EmitterTests" name="TestReportDiagnosticWithTarget()" />
    </UnitTest>
    <UnitTest name="TestBreakLines_LiteralOpenAndCloseBraceWithArgs" storage="/home/runner/work/typespec/typespec/packages/http-client-csharp/generator/artifacts/bin/microsoft.typespec.generator.tests/debug/net8.0/microsoft.typespec.generator.tests.dll" id="f45be8ae-f0ce-46ea-c86d-91c428e59f55">
      <Execution id="4778052b-03a2-4e7d-a50b-1799bc61cfe5" />
      <TestMethod codeBase="/home/runner/work/typespec/typespec/packages/http-client-csharp/generator/artifacts/bin/Microsoft.TypeSpec.Generator.Tests/Debug/net8.0/Microsoft.TypeSpec.Generator.Tests.dll" adapterTypeName="executor://nunit3testexecutor/" className="Microsoft.TypeSpec.Generator.Tests.Utilities.FormattableStringHelpersTests" name="TestBreakLines_LiteralOpenAndCloseBraceWithArgs" />
    </UnitTest>
    <UnitTest name="TryStatementWithEmptyBody" storage="/home/runner/work/typespec/typespec/packages/http-client-csharp/generator/artifacts/bin/microsoft.typespec.generator.tests/debug/net8.0/microsoft.typespec.generator.tests.dll" id="d99f95d8-0393-f564-dc7f-beb07a7c0e4b">
      <Execution id="16e1f2d9-f9ff-4267-b33d-063532b9a01a" />
      <TestMethod codeBase="/home/runner/work/typespec/typespec/packages/http-client-csharp/generator/artifacts/bin/Microsoft.TypeSpec.Generator.Tests/Debug/net8.0/Microsoft.TypeSpec.Generator.Tests.dll" adapterTypeName="executor://nunit3testexecutor/" className="Microsoft.TypeSpec.Generator.Tests.Statements.StatementTests" name="TryStatementWithEmptyBody" />
    </UnitTest>
    <UnitTest name="TestUpdate" storage="/home/runner/work/typespec/typespec/packages/http-client-csharp/generator/artifacts/bin/microsoft.typespec.generator.tests/debug/net8.0/microsoft.typespec.generator.tests.dll" id="75f57e5a-f3d7-e861-6737-1c0304792061">
      <Execution id="fc39e86b-2e1c-4492-add7-efe4b098cc01" />
      <TestMethod codeBase="/home/runner/work/typespec/typespec/packages/http-client-csharp/generator/artifacts/bin/Microsoft.TypeSpec.Generator.Tests/Debug/net8.0/Microsoft.TypeSpec.Generator.Tests.dll" adapterTypeName="executor://nunit3testexecutor/" className="Microsoft.TypeSpec.Generator.Tests.Providers.MethodProviderTests" name="TestUpdate" />
    </UnitTest>
    <UnitTest name="IsReadOnlyDictionary(System.ReadOnlyMemory`1[T],False)" storage="/home/runner/work/typespec/typespec/packages/http-client-csharp/generator/artifacts/bin/microsoft.typespec.generator.tests/debug/net8.0/microsoft.typespec.generator.tests.dll" id="7d88b10d-ba74-c0cc-940c-36cf86d367fe">
      <Execution id="367206e8-a74e-4db9-875c-5b22dd60fcc9" />
      <TestMethod codeBase="/home/runner/work/typespec/typespec/packages/http-client-csharp/generator/artifacts/bin/Microsoft.TypeSpec.Generator.Tests/Debug/net8.0/Microsoft.TypeSpec.Generator.Tests.dll" adapterTypeName="executor://nunit3testexecutor/" className="Microsoft.TypeSpec.Generator.Tests.Primitives.CSharpTypeTests" name="IsReadOnlyDictionary(System.ReadOnlyMemory`1[T],False)" />
    </UnitTest>
    <UnitTest name="DoesNotVisitFieldsWhenTypeIsNulledOut" storage="/home/runner/work/typespec/typespec/packages/http-client-csharp/generator/artifacts/bin/microsoft.typespec.generator.tests/debug/net8.0/microsoft.typespec.generator.tests.dll" id="316695fe-fe44-56ff-a574-62c66c41d5dc">
      <Execution id="ef81bed7-c987-4d30-9d4e-7acbcdeac30e" />
      <TestMethod codeBase="/home/runner/work/typespec/typespec/packages/http-client-csharp/generator/artifacts/bin/Microsoft.TypeSpec.Generator.Tests/Debug/net8.0/Microsoft.TypeSpec.Generator.Tests.dll" adapterTypeName="executor://nunit3testexecutor/" className="Microsoft.TypeSpec.Generator.Tests.OutputLibraryVisitorTests" name="DoesNotVisitFieldsWhenTypeIsNulledOut" />
    </UnitTest>
    <UnitTest name="Nullable_NoValue_ReturnsFalse" storage="/home/runner/work/typespec/typespec/packages/http-client-csharp/generator/artifacts/bin/microsoft.typespec.generator.tests/debug/net8.0/microsoft.typespec.generator.tests.dll" id="0ef1efdb-8db0-5aec-eb35-571c55712401">
      <Execution id="d0ced2fc-65b7-48eb-86e7-f61e26d164c2" />
      <TestMethod codeBase="/home/runner/work/typespec/typespec/packages/http-client-csharp/generator/artifacts/bin/Microsoft.TypeSpec.Generator.Tests/Debug/net8.0/Microsoft.TypeSpec.Generator.Tests.dll" adapterTypeName="executor://nunit3testexecutor/" className="Microsoft.TypeSpec.Generator.Tests.Providers.OptionalTests" name="Nullable_NoValue_ReturnsFalse" />
    </UnitTest>
    <UnitTest name="ToPublicInputParameterCopiesProperties" storage="/home/runner/work/typespec/typespec/packages/http-client-csharp/generator/artifacts/bin/microsoft.typespec.generator.tests/debug/net8.0/microsoft.typespec.generator.tests.dll" id="07008d94-fa7b-c33e-c12a-f3e6c127fdc5">
      <Execution id="c6e7950d-ce27-47da-965d-4a1d1c4aaa8f" />
      <TestMethod codeBase="/home/runner/work/typespec/typespec/packages/http-client-csharp/generator/artifacts/bin/Microsoft.TypeSpec.Generator.Tests/Debug/net8.0/Microsoft.TypeSpec.Generator.Tests.dll" adapterTypeName="executor://nunit3testexecutor/" className="Microsoft.TypeSpec.Generator.Tests.Providers.ParameterProviderTests" name="ToPublicInputParameterCopiesProperties" />
    </UnitTest>
    <UnitTest name="BackCompatibility_NoCurrentOverloadFound" storage="/home/runner/work/typespec/typespec/packages/http-client-csharp/generator/artifacts/bin/microsoft.typespec.generator.tests/debug/net8.0/microsoft.typespec.generator.tests.dll" id="f38b93d6-78ea-bd8d-6741-0e7bcbb506ca">
      <Execution id="db8bd4ab-8a66-48ab-b66f-809dc606c608" />
      <TestMethod codeBase="/home/runner/work/typespec/typespec/packages/http-client-csharp/generator/artifacts/bin/Microsoft.TypeSpec.Generator.Tests/Debug/net8.0/Microsoft.TypeSpec.Generator.Tests.dll" adapterTypeName="executor://nunit3testexecutor/" className="Microsoft.TypeSpec.Generator.Tests.Providers.ModelFactories.ModelFactoryProviderTests" name="BackCompatibility_NoCurrentOverloadFound" />
    </UnitTest>
    <UnitTest name="TestSwitchStatementWithUsingStatementWrite" storage="/home/runner/work/typespec/typespec/packages/http-client-csharp/generator/artifacts/bin/microsoft.typespec.generator.tests/debug/net8.0/microsoft.typespec.generator.tests.dll" id="ecdb70d8-9075-9d1c-7be9-1f20d9e44583">
      <Execution id="f58fc5be-ce0d-45bf-a1d1-8c1ca6d8c0d1" />
      <TestMethod codeBase="/home/runner/work/typespec/typespec/packages/http-client-csharp/generator/artifacts/bin/Microsoft.TypeSpec.Generator.Tests/Debug/net8.0/Microsoft.TypeSpec.Generator.Tests.dll" adapterTypeName="executor://nunit3testexecutor/" className="Microsoft.TypeSpec.Generator.Tests.Statements.StatementTests" name="TestSwitchStatementWithUsingStatementWrite" />
    </UnitTest>
    <UnitTest name="FullyQualifiedNamePopulatedForFrameworkTypes(System.Collections.Generic.IDictionary`2[System.String,System.Int32])" storage="/home/runner/work/typespec/typespec/packages/http-client-csharp/generator/artifacts/bin/microsoft.typespec.generator.tests/debug/net8.0/microsoft.typespec.generator.tests.dll" id="67412a9c-0104-f5de-b394-b2c1af9eecbf">
      <Execution id="b20d4dc4-bdad-488f-9b97-f9a82cac8ba8" />
      <TestMethod codeBase="/home/runner/work/typespec/typespec/packages/http-client-csharp/generator/artifacts/bin/Microsoft.TypeSpec.Generator.Tests/Debug/net8.0/Microsoft.TypeSpec.Generator.Tests.dll" adapterTypeName="executor://nunit3testexecutor/" className="Microsoft.TypeSpec.Generator.Tests.Primitives.CSharpTypeTests" name="FullyQualifiedNamePopulatedForFrameworkTypes(System.Collections.Generic.IDictionary`2[System.String,System.Int32])" />
    </UnitTest>
    <UnitTest name="TestIsCSharpKeyword(&quot;explicit&quot;,True)" storage="/home/runner/work/typespec/typespec/packages/http-client-csharp/generator/artifacts/bin/microsoft.typespec.generator.tests/debug/net8.0/microsoft.typespec.generator.tests.dll" id="be49ff59-04e9-8655-a106-47f9f995ba2c">
      <Execution id="98852077-7a85-4ffb-8942-9db068c41df8" />
      <TestMethod codeBase="/home/runner/work/typespec/typespec/packages/http-client-csharp/generator/artifacts/bin/Microsoft.TypeSpec.Generator.Tests/Debug/net8.0/Microsoft.TypeSpec.Generator.Tests.dll" adapterTypeName="executor://nunit3testexecutor/" className="Microsoft.TypeSpec.Generator.Tests.Utilities.StringExtensionsTests" name="TestIsCSharpKeyword(&quot;explicit&quot;,True)" />
    </UnitTest>
    <UnitTest name="TestIsCSharpKeyword(&quot;extern&quot;,True)" storage="/home/runner/work/typespec/typespec/packages/http-client-csharp/generator/artifacts/bin/microsoft.typespec.generator.tests/debug/net8.0/microsoft.typespec.generator.tests.dll" id="9f1dafa7-46ea-b3b8-922f-7e2b781a7ceb">
      <Execution id="90cf1361-10bb-4556-a946-e50e616da686" />
      <TestMethod codeBase="/home/runner/work/typespec/typespec/packages/http-client-csharp/generator/artifacts/bin/Microsoft.TypeSpec.Generator.Tests/Debug/net8.0/Microsoft.TypeSpec.Generator.Tests.dll" adapterTypeName="executor://nunit3testexecutor/" className="Microsoft.TypeSpec.Generator.Tests.Utilities.StringExtensionsTests" name="TestIsCSharpKeyword(&quot;extern&quot;,True)" />
    </UnitTest>
    <UnitTest name="TypesAreNotEqual(System.Tuple`1[T1],System.Tuple`2[T1,T2])" storage="/home/runner/work/typespec/typespec/packages/http-client-csharp/generator/artifacts/bin/microsoft.typespec.generator.tests/debug/net8.0/microsoft.typespec.generator.tests.dll" id="e9f10229-8baf-8511-aaf1-898413fde524">
      <Execution id="d7afd311-3a28-44c2-b25a-1b99b5e55de2" />
      <TestMethod codeBase="/home/runner/work/typespec/typespec/packages/http-client-csharp/generator/artifacts/bin/Microsoft.TypeSpec.Generator.Tests/Debug/net8.0/Microsoft.TypeSpec.Generator.Tests.dll" adapterTypeName="executor://nunit3testexecutor/" className="Microsoft.TypeSpec.Generator.Tests.Primitives.CSharpTypeTests" name="TypesAreNotEqual(System.Tuple`1[T1],System.Tuple`2[T1,T2])" />
    </UnitTest>
    <UnitTest name="TestIsCSharpKeyword(&quot;on&quot;,True)" storage="/home/runner/work/typespec/typespec/packages/http-client-csharp/generator/artifacts/bin/microsoft.typespec.generator.tests/debug/net8.0/microsoft.typespec.generator.tests.dll" id="b3a33a9e-e0dc-2e99-7a41-ba2ae1eef3a8">
      <Execution id="771c29c0-02e1-4291-8c5f-31f03d77ac7a" />
      <TestMethod codeBase="/home/runner/work/typespec/typespec/packages/http-client-csharp/generator/artifacts/bin/Microsoft.TypeSpec.Generator.Tests/Debug/net8.0/Microsoft.TypeSpec.Generator.Tests.dll" adapterTypeName="executor://nunit3testexecutor/" className="Microsoft.TypeSpec.Generator.Tests.Utilities.StringExtensionsTests" name="TestIsCSharpKeyword(&quot;on&quot;,True)" />
    </UnitTest>
    <UnitTest name="TestIsCSharpKeyword(&quot;else&quot;,True)" storage="/home/runner/work/typespec/typespec/packages/http-client-csharp/generator/artifacts/bin/microsoft.typespec.generator.tests/debug/net8.0/microsoft.typespec.generator.tests.dll" id="c88dfe59-8fc6-b7b3-cd91-beff1d32ec9e">
      <Execution id="8028da8a-bcd3-427f-b5da-b3a460ae251f" />
      <TestMethod codeBase="/home/runner/work/typespec/typespec/packages/http-client-csharp/generator/artifacts/bin/Microsoft.TypeSpec.Generator.Tests/Debug/net8.0/Microsoft.TypeSpec.Generator.Tests.dll" adapterTypeName="executor://nunit3testexecutor/" className="Microsoft.TypeSpec.Generator.Tests.Utilities.StringExtensionsTests" name="TestIsCSharpKeyword(&quot;else&quot;,True)" />
    </UnitTest>
    <UnitTest name="CorrectValidationIsAppliedToParameter(Url,True,AssertNotNull)" storage="/home/runner/work/typespec/typespec/packages/http-client-csharp/generator/artifacts/bin/microsoft.typespec.generator.tests/debug/net8.0/microsoft.typespec.generator.tests.dll" id="d214d9bf-c979-4d01-7b7e-9ec0a3b519be">
      <Execution id="567654bb-5d39-4d1f-a914-c4d942dc570d" />
      <TestMethod codeBase="/home/runner/work/typespec/typespec/packages/http-client-csharp/generator/artifacts/bin/Microsoft.TypeSpec.Generator.Tests/Debug/net8.0/Microsoft.TypeSpec.Generator.Tests.dll" adapterTypeName="executor://nunit3testexecutor/" className="Microsoft.TypeSpec.Generator.Tests.Providers.ParameterProviderTests" name="CorrectValidationIsAppliedToParameter(Url,True,AssertNotNull)" />
    </UnitTest>
    <UnitTest name="SelectGeneratorThrowsWhenNoMatch" storage="/home/runner/work/typespec/typespec/packages/http-client-csharp/generator/artifacts/bin/microsoft.typespec.generator.tests/debug/net8.0/microsoft.typespec.generator.tests.dll" id="3cac2c60-f1c9-2ed2-1385-b1fd41397e72">
      <Execution id="1d6dd0c1-12d1-49ad-8631-9642062d13cb" />
      <TestMethod codeBase="/home/runner/work/typespec/typespec/packages/http-client-csharp/generator/artifacts/bin/Microsoft.TypeSpec.Generator.Tests/Debug/net8.0/Microsoft.TypeSpec.Generator.Tests.dll" adapterTypeName="executor://nunit3testexecutor/" className="Microsoft.TypeSpec.Generator.Tests.StartUp.GeneratorHandlerTests" name="SelectGeneratorThrowsWhenNoMatch" />
    </UnitTest>
    <UnitTest name="CanChangeAssignmentExpression" storage="/home/runner/work/typespec/typespec/packages/http-client-csharp/generator/artifacts/bin/microsoft.typespec.generator.tests/debug/net8.0/microsoft.typespec.generator.tests.dll" id="0a7a7e63-88a2-4884-414e-cc3049a88c19">
      <Execution id="dc986585-b148-4b2f-a1fb-e4453d0f706e" />
      <TestMethod codeBase="/home/runner/work/typespec/typespec/packages/http-client-csharp/generator/artifacts/bin/Microsoft.TypeSpec.Generator.Tests/Debug/net8.0/Microsoft.TypeSpec.Generator.Tests.dll" adapterTypeName="executor://nunit3testexecutor/" className="Microsoft.TypeSpec.Generator.Tests.Expressions.ExpressionVisitorTests" name="CanChangeAssignmentExpression" />
    </UnitTest>
    <UnitTest name="TypesAreEqual(System.Collections.Generic.IList`1[T])" storage="/home/runner/work/typespec/typespec/packages/http-client-csharp/generator/artifacts/bin/microsoft.typespec.generator.tests/debug/net8.0/microsoft.typespec.generator.tests.dll" id="7788ecc7-909e-0936-6cdb-ea230b89cfd9">
      <Execution id="e4f43e2c-25a6-410a-b12c-f153cc1e1fb1" />
      <TestMethod codeBase="/home/runner/work/typespec/typespec/packages/http-client-csharp/generator/artifacts/bin/Microsoft.TypeSpec.Generator.Tests/Debug/net8.0/Microsoft.TypeSpec.Generator.Tests.dll" adapterTypeName="executor://nunit3testexecutor/" className="Microsoft.TypeSpec.Generator.Tests.Primitives.CSharpTypeTests" name="TypesAreEqual(System.Collections.Generic.IList`1[T])" />
    </UnitTest>
    <UnitTest name="AttributeStatementWithOneArgument" storage="/home/runner/work/typespec/typespec/packages/http-client-csharp/generator/artifacts/bin/microsoft.typespec.generator.tests/debug/net8.0/microsoft.typespec.generator.tests.dll" id="54f4c0fb-569b-b0d0-4603-50fa3a676bc1">
      <Execution id="10275063-312b-45b1-a873-0ec9281ed442" />
      <TestMethod codeBase="/home/runner/work/typespec/typespec/packages/http-client-csharp/generator/artifacts/bin/Microsoft.TypeSpec.Generator.Tests/Debug/net8.0/Microsoft.TypeSpec.Generator.Tests.dll" adapterTypeName="executor://nunit3testexecutor/" className="Microsoft.TypeSpec.Generator.Tests.Statements.AttributeStatementTests" name="AttributeStatementWithOneArgument" />
    </UnitTest>
    <UnitTest name="PropertyInitializationType_Dictionary(System.Collections.Generic.IDictionary`2[TKey,TValue])" storage="/home/runner/work/typespec/typespec/packages/http-client-csharp/generator/artifacts/bin/microsoft.typespec.generator.tests/debug/net8.0/microsoft.typespec.generator.tests.dll" id="564c086f-2644-89cd-217d-660107701449">
      <Execution id="dc7dc3a1-78cc-4845-9a17-f4cf11189925" />
      <TestMethod codeBase="/home/runner/work/typespec/typespec/packages/http-client-csharp/generator/artifacts/bin/Microsoft.TypeSpec.Generator.Tests/Debug/net8.0/Microsoft.TypeSpec.Generator.Tests.dll" adapterTypeName="executor://nunit3testexecutor/" className="Microsoft.TypeSpec.Generator.Tests.Primitives.CSharpTypeTests" name="PropertyInitializationType_Dictionary(System.Collections.Generic.IDictionary`2[TKey,TValue])" />
    </UnitTest>
    <UnitTest name="ValidatePropertyTypes(System.Nullable`1[System.Double])" storage="/home/runner/work/typespec/typespec/packages/http-client-csharp/generator/artifacts/bin/microsoft.typespec.generator.tests/debug/net8.0/microsoft.typespec.generator.tests.dll" id="2956291e-4314-cc23-4bcb-88b96d7c8b03">
      <Execution id="2ca0884b-1439-4847-9bd3-edffa13fdc1a" />
      <TestMethod codeBase="/home/runner/work/typespec/typespec/packages/http-client-csharp/generator/artifacts/bin/Microsoft.TypeSpec.Generator.Tests/Debug/net8.0/Microsoft.TypeSpec.Generator.Tests.dll" adapterTypeName="executor://nunit3testexecutor/" className="Microsoft.TypeSpec.Generator.Tests.Providers.NamedTypeSymbolProviders.NamedTypeSymbolProviderTests" name="ValidatePropertyTypes(System.Nullable`1[System.Double])" />
    </UnitTest>
    <UnitTest name="ValidateFields" storage="/home/runner/work/typespec/typespec/packages/http-client-csharp/generator/artifacts/bin/microsoft.typespec.generator.tests/debug/net8.0/microsoft.typespec.generator.tests.dll" id="5c2bcd3c-e1e4-71de-ffcb-e7b29b0143b1">
      <Execution id="8c6927ca-de1a-4ec7-98a2-f77d976a2b61" />
      <TestMethod codeBase="/home/runner/work/typespec/typespec/packages/http-client-csharp/generator/artifacts/bin/Microsoft.TypeSpec.Generator.Tests/Debug/net8.0/Microsoft.TypeSpec.Generator.Tests.dll" adapterTypeName="executor://nunit3testexecutor/" className="Microsoft.TypeSpec.Generator.Tests.Providers.NamedTypeSymbolProviders.NamedTypeSymbolProviderTests" name="ValidateFields" />
    </UnitTest>
    <UnitTest name="CanUpdateForStatement" storage="/home/runner/work/typespec/typespec/packages/http-client-csharp/generator/artifacts/bin/microsoft.typespec.generator.tests/debug/net8.0/microsoft.typespec.generator.tests.dll" id="16d57f1c-05ad-2682-d96a-76fdbc5ac200">
      <Execution id="4443d539-04ae-45b2-9c26-4d880264fd82" />
      <TestMethod codeBase="/home/runner/work/typespec/typespec/packages/http-client-csharp/generator/artifacts/bin/Microsoft.TypeSpec.Generator.Tests/Debug/net8.0/Microsoft.TypeSpec.Generator.Tests.dll" adapterTypeName="executor://nunit3testexecutor/" className="Microsoft.TypeSpec.Generator.Tests.Statements.StatementVisitorTests" name="CanUpdateForStatement" />
    </UnitTest>
    <UnitTest name="MultiLineSummary" storage="/home/runner/work/typespec/typespec/packages/http-client-csharp/generator/artifacts/bin/microsoft.typespec.generator.tests/debug/net8.0/microsoft.typespec.generator.tests.dll" id="bbf2dee1-fe9f-643e-2466-0ea37b55232e">
      <Execution id="ae1a9705-f5dc-4903-a211-ade3ff05c83c" />
      <TestMethod codeBase="/home/runner/work/typespec/typespec/packages/http-client-csharp/generator/artifacts/bin/Microsoft.TypeSpec.Generator.Tests/Debug/net8.0/Microsoft.TypeSpec.Generator.Tests.dll" adapterTypeName="executor://nunit3testexecutor/" className="Microsoft.TypeSpec.Generator.Tests.Writers.CodeWriterTests" name="MultiLineSummary" />
    </UnitTest>
    <UnitTest name="TestIsCSharpKeyword(&quot;sbyte&quot;,True)" storage="/home/runner/work/typespec/typespec/packages/http-client-csharp/generator/artifacts/bin/microsoft.typespec.generator.tests/debug/net8.0/microsoft.typespec.generator.tests.dll" id="f84942d2-535b-3018-9a4e-000a5c0311ac">
      <Execution id="1a0df3f1-0271-4389-aa92-87e1978d1a4d" />
      <TestMethod codeBase="/home/runner/work/typespec/typespec/packages/http-client-csharp/generator/artifacts/bin/Microsoft.TypeSpec.Generator.Tests/Debug/net8.0/Microsoft.TypeSpec.Generator.Tests.dll" adapterTypeName="executor://nunit3testexecutor/" className="Microsoft.TypeSpec.Generator.Tests.Utilities.StringExtensionsTests" name="TestIsCSharpKeyword(&quot;sbyte&quot;,True)" />
    </UnitTest>
    <UnitTest name="CSharpTypeOperatorTestNotEqual(int,bool)" storage="/home/runner/work/typespec/typespec/packages/http-client-csharp/generator/artifacts/bin/microsoft.typespec.generator.tests/debug/net8.0/microsoft.typespec.generator.tests.dll" id="761e888f-aae6-3d89-0576-6d173465af03">
      <Execution id="82a0ce61-b149-43a7-b4f2-874903c5f3e9" />
      <TestMethod codeBase="/home/runner/work/typespec/typespec/packages/http-client-csharp/generator/artifacts/bin/Microsoft.TypeSpec.Generator.Tests/Debug/net8.0/Microsoft.TypeSpec.Generator.Tests.dll" adapterTypeName="executor://nunit3testexecutor/" className="Microsoft.TypeSpec.Generator.Tests.Expressions.ValueExpressionTests" name="CSharpTypeOperatorTestNotEqual(int,bool)" />
    </UnitTest>
    <UnitTest name="ValidateNullableTypes(Microsoft.TypeSpec.Generator.Tests.Primitives.CSharpTypeTests+TestStruct`1[System.Int32],[int],False)" storage="/home/runner/work/typespec/typespec/packages/http-client-csharp/generator/artifacts/bin/microsoft.typespec.generator.tests/debug/net8.0/microsoft.typespec.generator.tests.dll" id="82a3ffcb-4933-9ef9-47d0-727653463d86">
      <Execution id="86fac0f0-63a3-490c-b79b-f71f4220fb14" />
      <TestMethod codeBase="/home/runner/work/typespec/typespec/packages/http-client-csharp/generator/artifacts/bin/Microsoft.TypeSpec.Generator.Tests/Debug/net8.0/Microsoft.TypeSpec.Generator.Tests.dll" adapterTypeName="executor://nunit3testexecutor/" className="Microsoft.TypeSpec.Generator.Tests.Primitives.CSharpTypeTests" name="ValidateNullableTypes(Microsoft.TypeSpec.Generator.Tests.Primitives.CSharpTypeTests+TestStruct`1[System.Int32],[int],False)" />
    </UnitTest>
    <UnitTest name="BodyHasSetterValidation(&quot;readOnlyCollectionOnOutputModel&quot;,Microsoft.TypeSpec.Generator.Input.InputModelType,False,null)" storage="/home/runner/work/typespec/typespec/packages/http-client-csharp/generator/artifacts/bin/microsoft.typespec.generator.tests/debug/net8.0/microsoft.typespec.generator.tests.dll" id="0451834b-5d61-8a2a-2271-a0d29dce553b">
      <Execution id="2f0dd85d-2a62-4d28-bc11-2b93c8440ac4" />
      <TestMethod codeBase="/home/runner/work/typespec/typespec/packages/http-client-csharp/generator/artifacts/bin/Microsoft.TypeSpec.Generator.Tests/Debug/net8.0/Microsoft.TypeSpec.Generator.Tests.dll" adapterTypeName="executor://nunit3testexecutor/" className="Microsoft.TypeSpec.Generator.Tests.Providers.PropertyProviderTests" name="BodyHasSetterValidation(&quot;readOnlyCollectionOnOutputModel&quot;,Microsoft.TypeSpec.Generator.Input.InputModelType,False,null)" />
    </UnitTest>
    <UnitTest name="AsParameterRespectsChangesToPropertyType" storage="/home/runner/work/typespec/typespec/packages/http-client-csharp/generator/artifacts/bin/microsoft.typespec.generator.tests/debug/net8.0/microsoft.typespec.generator.tests.dll" id="ded5e78c-3c9a-2cdb-1f2d-a6dc4bedee40">
      <Execution id="39db3b19-b83e-4c61-8f08-c80b50db0f71" />
      <TestMethod codeBase="/home/runner/work/typespec/typespec/packages/http-client-csharp/generator/artifacts/bin/Microsoft.TypeSpec.Generator.Tests/Debug/net8.0/Microsoft.TypeSpec.Generator.Tests.dll" adapterTypeName="executor://nunit3testexecutor/" className="Microsoft.TypeSpec.Generator.Tests.Providers.PropertyProviderTests" name="AsParameterRespectsChangesToPropertyType" />
    </UnitTest>
    <UnitTest name="TestIsCSharpKeyword(&quot;uint&quot;,True)" storage="/home/runner/work/typespec/typespec/packages/http-client-csharp/generator/artifacts/bin/microsoft.typespec.generator.tests/debug/net8.0/microsoft.typespec.generator.tests.dll" id="66f00b6b-7e66-d43e-f104-8a2b5185043b">
      <Execution id="4913f3f5-9e23-4b3d-8274-1e704c621d4d" />
      <TestMethod codeBase="/home/runner/work/typespec/typespec/packages/http-client-csharp/generator/artifacts/bin/Microsoft.TypeSpec.Generator.Tests/Debug/net8.0/Microsoft.TypeSpec.Generator.Tests.dll" adapterTypeName="executor://nunit3testexecutor/" className="Microsoft.TypeSpec.Generator.Tests.Utilities.StringExtensionsTests" name="TestIsCSharpKeyword(&quot;uint&quot;,True)" />
    </UnitTest>
    <UnitTest name="TestBreakLines_AllLineBreaks" storage="/home/runner/work/typespec/typespec/packages/http-client-csharp/generator/artifacts/bin/microsoft.typespec.generator.tests/debug/net8.0/microsoft.typespec.generator.tests.dll" id="55ce5247-e731-1e4f-d91f-c42500d9a460">
      <Execution id="3e9a497e-b197-4a00-ab03-ce46129339ce" />
      <TestMethod codeBase="/home/runner/work/typespec/typespec/packages/http-client-csharp/generator/artifacts/bin/Microsoft.TypeSpec.Generator.Tests/Debug/net8.0/Microsoft.TypeSpec.Generator.Tests.dll" adapterTypeName="executor://nunit3testexecutor/" className="Microsoft.TypeSpec.Generator.Tests.Utilities.FormattableStringHelpersTests" name="TestBreakLines_AllLineBreaks" />
    </UnitTest>
    <UnitTest name="CollectionProperty(global::System.Collections.Generic.IList&lt;string&gt;,Microsoft.TypeSpec.Generator.Input.InputModelProperty,global::System.Collections.Generic.IList&lt;string&gt;)" storage="/home/runner/work/typespec/typespec/packages/http-client-csharp/generator/artifacts/bin/microsoft.typespec.generator.tests/debug/net8.0/microsoft.typespec.generator.tests.dll" id="000ee0da-ca82-cbe1-fd94-939f4b297425">
      <Execution id="4608f478-90f3-435b-beaf-23c55a4b14a1" />
      <TestMethod codeBase="/home/runner/work/typespec/typespec/packages/http-client-csharp/generator/artifacts/bin/Microsoft.TypeSpec.Generator.Tests/Debug/net8.0/Microsoft.TypeSpec.Generator.Tests.dll" adapterTypeName="executor://nunit3testexecutor/" className="Microsoft.TypeSpec.Generator.Tests.Providers.PropertyProviderTests" name="CollectionProperty(global::System.Collections.Generic.IList&lt;string&gt;,Microsoft.TypeSpec.Generator.Input.InputModelProperty,global::System.Collections.Generic.IList&lt;string&gt;)" />
    </UnitTest>
    <UnitTest name="ValidatePropertyTypes(System.ReadOnlyMemory`1[System.Object])" storage="/home/runner/work/typespec/typespec/packages/http-client-csharp/generator/artifacts/bin/microsoft.typespec.generator.tests/debug/net8.0/microsoft.typespec.generator.tests.dll" id="2b4ddf01-34e6-feac-bd63-f83f794c26c5">
      <Execution id="0270bc6d-cbba-48bd-bcb4-4a049efb35ef" />
      <TestMethod codeBase="/home/runner/work/typespec/typespec/packages/http-client-csharp/generator/artifacts/bin/Microsoft.TypeSpec.Generator.Tests/Debug/net8.0/Microsoft.TypeSpec.Generator.Tests.dll" adapterTypeName="executor://nunit3testexecutor/" className="Microsoft.TypeSpec.Generator.Tests.Providers.NamedTypeSymbolProviders.NamedTypeSymbolProviderTests" name="ValidatePropertyTypes(System.ReadOnlyMemory`1[System.Object])" />
    </UnitTest>
    <UnitTest name="TestFlatten_CorrectNestedOrder" storage="/home/runner/work/typespec/typespec/packages/http-client-csharp/generator/artifacts/bin/microsoft.typespec.generator.tests/debug/net8.0/microsoft.typespec.generator.tests.dll" id="0d29e5b2-5da1-fce3-df65-d20edd141d9a">
      <Execution id="a52ca261-97c8-4b91-a22b-7611701d5ada" />
      <TestMethod codeBase="/home/runner/work/typespec/typespec/packages/http-client-csharp/generator/artifacts/bin/Microsoft.TypeSpec.Generator.Tests/Debug/net8.0/Microsoft.TypeSpec.Generator.Tests.dll" adapterTypeName="executor://nunit3testexecutor/" className="Microsoft.TypeSpec.Generator.Tests.Statements.StatementTests" name="TestFlatten_CorrectNestedOrder" />
    </UnitTest>
    <UnitTest name="CSharpTypeOperatorTestNotEqual(global::System.Collections.Generic.IList&lt;T&gt;,global::System.Collections.Generic.IDictionary&lt;TKey, TValue&gt;)" storage="/home/runner/work/typespec/typespec/packages/http-client-csharp/generator/artifacts/bin/microsoft.typespec.generator.tests/debug/net8.0/microsoft.typespec.generator.tests.dll" id="4228c33d-9ac1-acd5-28cd-e0118a4cda84">
      <Execution id="769a28c1-0940-4d3d-9329-1fe4f5dff49b" />
      <TestMethod codeBase="/home/runner/work/typespec/typespec/packages/http-client-csharp/generator/artifacts/bin/Microsoft.TypeSpec.Generator.Tests/Debug/net8.0/Microsoft.TypeSpec.Generator.Tests.dll" adapterTypeName="executor://nunit3testexecutor/" className="Microsoft.TypeSpec.Generator.Tests.Expressions.ValueExpressionTests" name="CSharpTypeOperatorTestNotEqual(global::System.Collections.Generic.IList&lt;T&gt;,global::System.Collections.Generic.IDictionary&lt;TKey, TValue&gt;)" />
    </UnitTest>
    <UnitTest name="ValidateAnonymousSingleProperty" storage="/home/runner/work/typespec/typespec/packages/http-client-csharp/generator/artifacts/bin/microsoft.typespec.generator.tests/debug/net8.0/microsoft.typespec.generator.tests.dll" id="3ef7420c-d306-f082-a482-ad3bb0121ce4">
      <Execution id="7c0d22d1-889b-4b5f-96b5-aa96d8dd30f9" />
      <TestMethod codeBase="/home/runner/work/typespec/typespec/packages/http-client-csharp/generator/artifacts/bin/Microsoft.TypeSpec.Generator.Tests/Debug/net8.0/Microsoft.TypeSpec.Generator.Tests.dll" adapterTypeName="executor://nunit3testexecutor/" className="Microsoft.TypeSpec.Generator.Tests.Snippets.SnippetTests" name="ValidateAnonymousSingleProperty" />
    </UnitTest>
    <UnitTest name="TestBuildProperties_ValidatePropertySetters(Microsoft.TypeSpec.Generator.Input.InputModelProperty,global::System.Collections.Generic.IList&lt;string&gt;,True)" storage="/home/runner/work/typespec/typespec/packages/http-client-csharp/generator/artifacts/bin/microsoft.typespec.generator.tests/debug/net8.0/microsoft.typespec.generator.tests.dll" id="3d3a32f5-bedd-f047-ab68-20f8c211f087">
      <Execution id="a64138f3-cbcd-4eea-9c9b-5190de159773" />
      <TestMethod codeBase="/home/runner/work/typespec/typespec/packages/http-client-csharp/generator/artifacts/bin/Microsoft.TypeSpec.Generator.Tests/Debug/net8.0/Microsoft.TypeSpec.Generator.Tests.dll" adapterTypeName="executor://nunit3testexecutor/" className="Microsoft.TypeSpec.Generator.Tests.Providers.ModelProviders.ModelProviderTests" name="TestBuildProperties_ValidatePropertySetters(Microsoft.TypeSpec.Generator.Input.InputModelProperty,global::System.Collections.Generic.IList&lt;string&gt;,True)" />
    </UnitTest>
    <UnitTest name="NotNullNullableInt32ThrowsOnNull" storage="/home/runner/work/typespec/typespec/packages/http-client-csharp/generator/artifacts/bin/microsoft.typespec.generator.tests/debug/net8.0/microsoft.typespec.generator.tests.dll" id="d18f8a01-3ed9-5f14-93b2-142ed3d7ed6c">
      <Execution id="bef4aaae-dcce-40be-84a5-0a2c9da0b055" />
      <TestMethod codeBase="/home/runner/work/typespec/typespec/packages/http-client-csharp/generator/artifacts/bin/Microsoft.TypeSpec.Generator.Tests/Debug/net8.0/Microsoft.TypeSpec.Generator.Tests.dll" adapterTypeName="executor://nunit3testexecutor/" className="Microsoft.TypeSpec.Generator.Tests.Providers.ArgumentTests" name="NotNullNullableInt32ThrowsOnNull" />
    </UnitTest>
    <UnitTest name="TestIsCSharpKeyword(&quot;implicit&quot;,True)" storage="/home/runner/work/typespec/typespec/packages/http-client-csharp/generator/artifacts/bin/microsoft.typespec.generator.tests/debug/net8.0/microsoft.typespec.generator.tests.dll" id="103f63bc-36fd-3259-ded9-b15d3dd5bad3">
      <Execution id="a10b9250-ebba-44a6-8f4a-b9957cc1e50d" />
      <TestMethod codeBase="/home/runner/work/typespec/typespec/packages/http-client-csharp/generator/artifacts/bin/Microsoft.TypeSpec.Generator.Tests/Debug/net8.0/Microsoft.TypeSpec.Generator.Tests.dll" adapterTypeName="executor://nunit3testexecutor/" className="Microsoft.TypeSpec.Generator.Tests.Utilities.StringExtensionsTests" name="TestIsCSharpKeyword(&quot;implicit&quot;,True)" />
    </UnitTest>
    <UnitTest name="NotEqualToFrameworkType(System.Collections.Generic.IList`1[System.Int32],System.Collections.Generic.IList`1[System.String])" storage="/home/runner/work/typespec/typespec/packages/http-client-csharp/generator/artifacts/bin/microsoft.typespec.generator.tests/debug/net8.0/microsoft.typespec.generator.tests.dll" id="c45fc3c6-4264-b296-c4f3-e8618808a521">
      <Execution id="ab4b7cca-0723-47f5-bb5c-c8e53898c6f6" />
      <TestMethod codeBase="/home/runner/work/typespec/typespec/packages/http-client-csharp/generator/artifacts/bin/Microsoft.TypeSpec.Generator.Tests/Debug/net8.0/Microsoft.TypeSpec.Generator.Tests.dll" adapterTypeName="executor://nunit3testexecutor/" className="Microsoft.TypeSpec.Generator.Tests.Primitives.CSharpTypeTests" name="NotEqualToFrameworkType(System.Collections.Generic.IList`1[System.Int32],System.Collections.Generic.IList`1[System.String])" />
    </UnitTest>
    <UnitTest name="OmitsModelFactoryMethodIfModelTypeInternal" storage="/home/runner/work/typespec/typespec/packages/http-client-csharp/generator/artifacts/bin/microsoft.typespec.generator.tests/debug/net8.0/microsoft.typespec.generator.tests.dll" id="2234441e-20a3-5910-1d29-7e976e13e77e">
      <Execution id="38bd8ec2-270b-4ba3-bae1-38d1bd283408" />
      <TestMethod codeBase="/home/runner/work/typespec/typespec/packages/http-client-csharp/generator/artifacts/bin/Microsoft.TypeSpec.Generator.Tests/Debug/net8.0/Microsoft.TypeSpec.Generator.Tests.dll" adapterTypeName="executor://nunit3testexecutor/" className="Microsoft.TypeSpec.Generator.Tests.Providers.ModelFactories.ModelFactoriesCustomizationTests" name="OmitsModelFactoryMethodIfModelTypeInternal" />
    </UnitTest>
    <UnitTest name="TestToApiVersionValueWithCustomSeparator(&quot;V1_0&quot;,&quot;:&quot;,&quot;1:0&quot;)" storage="/home/runner/work/typespec/typespec/packages/http-client-csharp/generator/artifacts/bin/microsoft.typespec.generator.tests/debug/net8.0/microsoft.typespec.generator.tests.dll" id="f985d6d7-ca7f-a617-f08c-6bd1fda62de2">
      <Execution id="fdd2d8e2-ff94-4dfe-92c3-48b559242bb4" />
      <TestMethod codeBase="/home/runner/work/typespec/typespec/packages/http-client-csharp/generator/artifacts/bin/Microsoft.TypeSpec.Generator.Tests/Debug/net8.0/Microsoft.TypeSpec.Generator.Tests.dll" adapterTypeName="executor://nunit3testexecutor/" className="Microsoft.TypeSpec.Generator.Tests.Utilities.StringExtensionsTests" name="TestToApiVersionValueWithCustomSeparator(&quot;V1_0&quot;,&quot;:&quot;,&quot;1:0&quot;)" />
    </UnitTest>
    <UnitTest name="TypesAreNotEqual(System.Int32,System.Collections.Generic.IList`1[T])" storage="/home/runner/work/typespec/typespec/packages/http-client-csharp/generator/artifacts/bin/microsoft.typespec.generator.tests/debug/net8.0/microsoft.typespec.generator.tests.dll" id="b86559c3-e87a-12ca-e3c8-ff77b6bb3945">
      <Execution id="5ebca66e-986a-4934-a390-535e6e3dbf14" />
      <TestMethod codeBase="/home/runner/work/typespec/typespec/packages/http-client-csharp/generator/artifacts/bin/Microsoft.TypeSpec.Generator.Tests/Debug/net8.0/Microsoft.TypeSpec.Generator.Tests.dll" adapterTypeName="executor://nunit3testexecutor/" className="Microsoft.TypeSpec.Generator.Tests.Primitives.CSharpTypeTests" name="TypesAreNotEqual(System.Int32,System.Collections.Generic.IList`1[T])" />
    </UnitTest>
    <UnitTest name="TestIsCSharpKeyword(&quot;add&quot;,True)" storage="/home/runner/work/typespec/typespec/packages/http-client-csharp/generator/artifacts/bin/microsoft.typespec.generator.tests/debug/net8.0/microsoft.typespec.generator.tests.dll" id="98e6239d-900e-ef9b-d147-c65df38299e5">
      <Execution id="793e46e7-5d02-47d4-a8f7-ba7d577555c7" />
      <TestMethod codeBase="/home/runner/work/typespec/typespec/packages/http-client-csharp/generator/artifacts/bin/Microsoft.TypeSpec.Generator.Tests/Debug/net8.0/Microsoft.TypeSpec.Generator.Tests.dll" adapterTypeName="executor://nunit3testexecutor/" className="Microsoft.TypeSpec.Generator.Tests.Utilities.StringExtensionsTests" name="TestIsCSharpKeyword(&quot;add&quot;,True)" />
    </UnitTest>
    <UnitTest name="DiscriminatedModelWithNoSubTypesHasUnknownVariant" storage="/home/runner/work/typespec/typespec/packages/http-client-csharp/generator/artifacts/bin/microsoft.typespec.generator.tests/debug/net8.0/microsoft.typespec.generator.tests.dll" id="4f9ccf09-01c7-bb0c-873e-d0e8496ff122">
      <Execution id="fd84c546-63de-401c-a1d0-8acb090c1e24" />
      <TestMethod codeBase="/home/runner/work/typespec/typespec/packages/http-client-csharp/generator/artifacts/bin/Microsoft.TypeSpec.Generator.Tests/Debug/net8.0/Microsoft.TypeSpec.Generator.Tests.dll" adapterTypeName="executor://nunit3testexecutor/" className="Microsoft.TypeSpec.Generator.Tests.Providers.ModelProviders.DiscriminatorTests" name="DiscriminatedModelWithNoSubTypesHasUnknownVariant" />
    </UnitTest>
    <UnitTest name="IsCollectionType(System.Collections.Generic.IEnumerable`1[T],True)" storage="/home/runner/work/typespec/typespec/packages/http-client-csharp/generator/artifacts/bin/microsoft.typespec.generator.tests/debug/net8.0/microsoft.typespec.generator.tests.dll" id="27b269da-c72b-75a0-be64-578adcdac447">
      <Execution id="3b0aad33-a2c3-4ff5-8f55-88ecf007f49f" />
      <TestMethod codeBase="/home/runner/work/typespec/typespec/packages/http-client-csharp/generator/artifacts/bin/Microsoft.TypeSpec.Generator.Tests/Debug/net8.0/Microsoft.TypeSpec.Generator.Tests.dll" adapterTypeName="executor://nunit3testexecutor/" className="Microsoft.TypeSpec.Generator.Tests.Primitives.CSharpTypeTests" name="IsCollectionType(System.Collections.Generic.IEnumerable`1[T],True)" />
    </UnitTest>
    <UnitTest name="IsCollectionType(System.Collections.Generic.IReadOnlyDictionary`2[TKey,TValue],True)" storage="/home/runner/work/typespec/typespec/packages/http-client-csharp/generator/artifacts/bin/microsoft.typespec.generator.tests/debug/net8.0/microsoft.typespec.generator.tests.dll" id="7d2a67de-d580-bdbf-18ba-4a6da46d0911">
      <Execution id="050f151b-54b0-42d0-a424-774944b942b7" />
      <TestMethod codeBase="/home/runner/work/typespec/typespec/packages/http-client-csharp/generator/artifacts/bin/Microsoft.TypeSpec.Generator.Tests/Debug/net8.0/Microsoft.TypeSpec.Generator.Tests.dll" adapterTypeName="executor://nunit3testexecutor/" className="Microsoft.TypeSpec.Generator.Tests.Primitives.CSharpTypeTests" name="IsCollectionType(System.Collections.Generic.IReadOnlyDictionary`2[TKey,TValue],True)" />
    </UnitTest>
    <UnitTest name="RemoveElement" storage="/home/runner/work/typespec/typespec/packages/http-client-csharp/generator/artifacts/bin/microsoft.typespec.generator.tests/debug/net8.0/microsoft.typespec.generator.tests.dll" id="d328b59f-8c45-6551-a565-0b5da9eb7464">
      <Execution id="13d303d4-d098-49aa-befb-cea1ae4f8e17" />
      <TestMethod codeBase="/home/runner/work/typespec/typespec/packages/http-client-csharp/generator/artifacts/bin/Microsoft.TypeSpec.Generator.Tests/Debug/net8.0/Microsoft.TypeSpec.Generator.Tests.dll" adapterTypeName="executor://nunit3testexecutor/" className="Microsoft.TypeSpec.Generator.Tests.Providers.ChangeTrackingDictionaryTest" name="RemoveElement" />
    </UnitTest>
    <UnitTest name="TestIsCSharpKeyword(&quot;false&quot;,True)" storage="/home/runner/work/typespec/typespec/packages/http-client-csharp/generator/artifacts/bin/microsoft.typespec.generator.tests/debug/net8.0/microsoft.typespec.generator.tests.dll" id="c5a6f9b8-2be1-5845-0cfa-0cdabfe6a5fe">
      <Execution id="7c6d641a-7393-4e39-807a-0bdc8c5223dd" />
      <TestMethod codeBase="/home/runner/work/typespec/typespec/packages/http-client-csharp/generator/artifacts/bin/Microsoft.TypeSpec.Generator.Tests/Debug/net8.0/Microsoft.TypeSpec.Generator.Tests.dll" adapterTypeName="executor://nunit3testexecutor/" className="Microsoft.TypeSpec.Generator.Tests.Utilities.StringExtensionsTests" name="TestIsCSharpKeyword(&quot;false&quot;,True)" />
    </UnitTest>
    <UnitTest name="PropertyInitializationType_Dictionary(System.Collections.Generic.IReadOnlyDictionary`2[TKey,TValue])" storage="/home/runner/work/typespec/typespec/packages/http-client-csharp/generator/artifacts/bin/microsoft.typespec.generator.tests/debug/net8.0/microsoft.typespec.generator.tests.dll" id="738f574b-be84-9882-b212-75f98e3d3994">
      <Execution id="582fc966-cbb0-42c1-bcbf-5df6a750bcc4" />
      <TestMethod codeBase="/home/runner/work/typespec/typespec/packages/http-client-csharp/generator/artifacts/bin/Microsoft.TypeSpec.Generator.Tests/Debug/net8.0/Microsoft.TypeSpec.Generator.Tests.dll" adapterTypeName="executor://nunit3testexecutor/" className="Microsoft.TypeSpec.Generator.Tests.Primitives.CSharpTypeTests" name="PropertyInitializationType_Dictionary(System.Collections.Generic.IReadOnlyDictionary`2[TKey,TValue])" />
    </UnitTest>
    <UnitTest name="FullyQualifiedNamePopulatedForFrameworkTypes(System.Int32)" storage="/home/runner/work/typespec/typespec/packages/http-client-csharp/generator/artifacts/bin/microsoft.typespec.generator.tests/debug/net8.0/microsoft.typespec.generator.tests.dll" id="017b84c0-d041-5ec5-367a-bfeae91ba208">
      <Execution id="686fade7-1722-45c4-9acd-8af4c4bade70" />
      <TestMethod codeBase="/home/runner/work/typespec/typespec/packages/http-client-csharp/generator/artifacts/bin/Microsoft.TypeSpec.Generator.Tests/Debug/net8.0/Microsoft.TypeSpec.Generator.Tests.dll" adapterTypeName="executor://nunit3testexecutor/" className="Microsoft.TypeSpec.Generator.Tests.Primitives.CSharpTypeTests" name="FullyQualifiedNamePopulatedForFrameworkTypes(System.Int32)" />
    </UnitTest>
    <UnitTest name="ValidateFloat" storage="/home/runner/work/typespec/typespec/packages/http-client-csharp/generator/artifacts/bin/microsoft.typespec.generator.tests/debug/net8.0/microsoft.typespec.generator.tests.dll" id="e2019408-a247-cd92-a372-7004d0253e97">
      <Execution id="4d7b8b50-9e93-4aa7-8a0d-3a3589a67b33" />
      <TestMethod codeBase="/home/runner/work/typespec/typespec/packages/http-client-csharp/generator/artifacts/bin/Microsoft.TypeSpec.Generator.Tests/Debug/net8.0/Microsoft.TypeSpec.Generator.Tests.dll" adapterTypeName="executor://nunit3testexecutor/" className="Microsoft.TypeSpec.Generator.Tests.Snippets.SnippetTests" name="ValidateFloat" />
    </UnitTest>
    <UnitTest name="TestIsCSharpKeyword(&quot;using&quot;,True)" storage="/home/runner/work/typespec/typespec/packages/http-client-csharp/generator/artifacts/bin/microsoft.typespec.generator.tests/debug/net8.0/microsoft.typespec.generator.tests.dll" id="b93e230f-c49c-564b-996d-dea1fded8624">
      <Execution id="7f562044-8810-47ea-ae90-066d6b6aae1f" />
      <TestMethod codeBase="/home/runner/work/typespec/typespec/packages/http-client-csharp/generator/artifacts/bin/Microsoft.TypeSpec.Generator.Tests/Debug/net8.0/Microsoft.TypeSpec.Generator.Tests.dll" adapterTypeName="executor://nunit3testexecutor/" className="Microsoft.TypeSpec.Generator.Tests.Utilities.StringExtensionsTests" name="TestIsCSharpKeyword(&quot;using&quot;,True)" />
    </UnitTest>
    <UnitTest name="TestToApiVersionValue(&quot;V2022_05_15_Preview&quot;,&quot;2022-05-15-preview&quot;)" storage="/home/runner/work/typespec/typespec/packages/http-client-csharp/generator/artifacts/bin/microsoft.typespec.generator.tests/debug/net8.0/microsoft.typespec.generator.tests.dll" id="afbc18a2-d513-8802-fe89-8856a237affe">
      <Execution id="a8becab6-d299-4e7c-97d9-c4ea0bd9d9e7" />
      <TestMethod codeBase="/home/runner/work/typespec/typespec/packages/http-client-csharp/generator/artifacts/bin/Microsoft.TypeSpec.Generator.Tests/Debug/net8.0/Microsoft.TypeSpec.Generator.Tests.dll" adapterTypeName="executor://nunit3testexecutor/" className="Microsoft.TypeSpec.Generator.Tests.Utilities.StringExtensionsTests" name="TestToApiVersionValue(&quot;V2022_05_15_Preview&quot;,&quot;2022-05-15-preview&quot;)" />
    </UnitTest>
    <UnitTest name="TestIsCSharpKeyword(&quot;unsafe&quot;,True)" storage="/home/runner/work/typespec/typespec/packages/http-client-csharp/generator/artifacts/bin/microsoft.typespec.generator.tests/debug/net8.0/microsoft.typespec.generator.tests.dll" id="678b2ab9-5250-0c7e-77aa-1dd093e379a0">
      <Execution id="ca30b0d6-cf1c-4728-8960-90eee63f9217" />
      <TestMethod codeBase="/home/runner/work/typespec/typespec/packages/http-client-csharp/generator/artifacts/bin/Microsoft.TypeSpec.Generator.Tests/Debug/net8.0/Microsoft.TypeSpec.Generator.Tests.dll" adapterTypeName="executor://nunit3testexecutor/" className="Microsoft.TypeSpec.Generator.Tests.Utilities.StringExtensionsTests" name="TestIsCSharpKeyword(&quot;unsafe&quot;,True)" />
    </UnitTest>
    <UnitTest name="ListParamShape" storage="/home/runner/work/typespec/typespec/packages/http-client-csharp/generator/artifacts/bin/microsoft.typespec.generator.tests/debug/net8.0/microsoft.typespec.generator.tests.dll" id="efa41d69-047a-862e-3b9a-3e60dad1df59">
      <Execution id="97bd0d31-aa4b-4f18-a2c8-c28d6719f8a4" />
      <TestMethod codeBase="/home/runner/work/typespec/typespec/packages/http-client-csharp/generator/artifacts/bin/Microsoft.TypeSpec.Generator.Tests/Debug/net8.0/Microsoft.TypeSpec.Generator.Tests.dll" adapterTypeName="executor://nunit3testexecutor/" className="Microsoft.TypeSpec.Generator.Tests.Providers.ModelFactories.ModelFactoryProviderTests" name="ListParamShape" />
    </UnitTest>
    <UnitTest name="IsDictionary(System.Collections.Generic.List`1[T],False)" storage="/home/runner/work/typespec/typespec/packages/http-client-csharp/generator/artifacts/bin/microsoft.typespec.generator.tests/debug/net8.0/microsoft.typespec.generator.tests.dll" id="c8fad434-c90e-02c1-1a72-f8552a249e5f">
      <Execution id="cb5a85d5-c3cd-4ae3-bcd7-9ed461e85112" />
      <TestMethod codeBase="/home/runner/work/typespec/typespec/packages/http-client-csharp/generator/artifacts/bin/Microsoft.TypeSpec.Generator.Tests/Debug/net8.0/Microsoft.TypeSpec.Generator.Tests.dll" adapterTypeName="executor://nunit3testexecutor/" className="Microsoft.TypeSpec.Generator.Tests.Primitives.CSharpTypeTests" name="IsDictionary(System.Collections.Generic.List`1[T],False)" />
    </UnitTest>
    <UnitTest name="CanChangeEnumMemberName" storage="/home/runner/work/typespec/typespec/packages/http-client-csharp/generator/artifacts/bin/microsoft.typespec.generator.tests/debug/net8.0/microsoft.typespec.generator.tests.dll" id="98cf208a-6989-033b-bddf-d928a0690081">
      <Execution id="2f4d04ff-0a05-41f6-84f3-4ca5a1ebbb8f" />
      <TestMethod codeBase="/home/runner/work/typespec/typespec/packages/http-client-csharp/generator/artifacts/bin/Microsoft.TypeSpec.Generator.Tests/Debug/net8.0/Microsoft.TypeSpec.Generator.Tests.dll" adapterTypeName="executor://nunit3testexecutor/" className="Microsoft.TypeSpec.Generator.Tests.Providers.ModelProviders.ModelCustomizationTests" name="CanChangeEnumMemberName" />
    </UnitTest>
    <UnitTest name="KeyValuePairExpression(System.Collections.Generic.IList`1[System.Int32],System.Collections.Generic.IList`1[T])" storage="/home/runner/work/typespec/typespec/packages/http-client-csharp/generator/artifacts/bin/microsoft.typespec.generator.tests/debug/net8.0/microsoft.typespec.generator.tests.dll" id="8b908069-3601-8ab8-3293-9df091546406">
      <Execution id="c13d8b97-5ccf-4233-84d0-71eb6a1833a4" />
      <TestMethod codeBase="/home/runner/work/typespec/typespec/packages/http-client-csharp/generator/artifacts/bin/Microsoft.TypeSpec.Generator.Tests/Debug/net8.0/Microsoft.TypeSpec.Generator.Tests.dll" adapterTypeName="executor://nunit3testexecutor/" className="Microsoft.TypeSpec.Generator.Tests.Expressions.KnownValueExpressionsTests" name="KeyValuePairExpression(System.Collections.Generic.IList`1[System.Int32],System.Collections.Generic.IList`1[T])" />
    </UnitTest>
    <UnitTest name="TestToApiVersionValueWithVersionPrefix(&quot;V1_0_0&quot;,&quot;api-version-&quot;,&quot;api-version-1-0-0&quot;)" storage="/home/runner/work/typespec/typespec/packages/http-client-csharp/generator/artifacts/bin/microsoft.typespec.generator.tests/debug/net8.0/microsoft.typespec.generator.tests.dll" id="ef93e544-041e-84fd-ce12-e47f85e7956a">
      <Execution id="1fa4c20e-3d77-41fc-af34-bac095cc0095" />
      <TestMethod codeBase="/home/runner/work/typespec/typespec/packages/http-client-csharp/generator/artifacts/bin/Microsoft.TypeSpec.Generator.Tests/Debug/net8.0/Microsoft.TypeSpec.Generator.Tests.dll" adapterTypeName="executor://nunit3testexecutor/" className="Microsoft.TypeSpec.Generator.Tests.Utilities.StringExtensionsTests" name="TestToApiVersionValueWithVersionPrefix(&quot;V1_0_0&quot;,&quot;api-version-&quot;,&quot;api-version-1-0-0&quot;)" />
    </UnitTest>
    <UnitTest name="CanReplaceField" storage="/home/runner/work/typespec/typespec/packages/http-client-csharp/generator/artifacts/bin/microsoft.typespec.generator.tests/debug/net8.0/microsoft.typespec.generator.tests.dll" id="9b8906a6-79be-0e23-6f06-b03319ed63b9">
      <Execution id="900a3283-6a06-4dc5-91aa-7f1c7dc8394a" />
      <TestMethod codeBase="/home/runner/work/typespec/typespec/packages/http-client-csharp/generator/artifacts/bin/Microsoft.TypeSpec.Generator.Tests/Debug/net8.0/Microsoft.TypeSpec.Generator.Tests.dll" adapterTypeName="executor://nunit3testexecutor/" className="Microsoft.TypeSpec.Generator.Tests.Providers.ModelProviders.ModelCustomizationTests" name="CanReplaceField" />
    </UnitTest>
    <UnitTest name="CanChangePropertyNameAndRedefineOriginal" storage="/home/runner/work/typespec/typespec/packages/http-client-csharp/generator/artifacts/bin/microsoft.typespec.generator.tests/debug/net8.0/microsoft.typespec.generator.tests.dll" id="32f519da-a40b-b181-4d83-4257f290e3db">
      <Execution id="7d5bc04d-8386-4aab-bac4-19028a70b92b" />
      <TestMethod codeBase="/home/runner/work/typespec/typespec/packages/http-client-csharp/generator/artifacts/bin/Microsoft.TypeSpec.Generator.Tests/Debug/net8.0/Microsoft.TypeSpec.Generator.Tests.dll" adapterTypeName="executor://nunit3testexecutor/" className="Microsoft.TypeSpec.Generator.Tests.Providers.ModelProviders.ModelCustomizationTests" name="CanChangePropertyNameAndRedefineOriginal" />
    </UnitTest>
    <UnitTest name="EqualToFrameworkType(System.Collections.Generic.IList`1[T])" storage="/home/runner/work/typespec/typespec/packages/http-client-csharp/generator/artifacts/bin/microsoft.typespec.generator.tests/debug/net8.0/microsoft.typespec.generator.tests.dll" id="20b462f4-c96b-2673-837e-d6d7e8986772">
      <Execution id="96d989b9-42ed-4263-93b0-0b8213838997" />
      <TestMethod codeBase="/home/runner/work/typespec/typespec/packages/http-client-csharp/generator/artifacts/bin/Microsoft.TypeSpec.Generator.Tests/Debug/net8.0/Microsoft.TypeSpec.Generator.Tests.dll" adapterTypeName="executor://nunit3testexecutor/" className="Microsoft.TypeSpec.Generator.Tests.Primitives.CSharpTypeTests" name="EqualToFrameworkType(System.Collections.Generic.IList`1[T])" />
    </UnitTest>
    <UnitTest name="IsCollectionType(System.Collections.Generic.IList`1[T],True)" storage="/home/runner/work/typespec/typespec/packages/http-client-csharp/generator/artifacts/bin/microsoft.typespec.generator.tests/debug/net8.0/microsoft.typespec.generator.tests.dll" id="de5f874a-3067-e711-a28a-4ee0d29700d2">
      <Execution id="459ec95a-bd5d-4919-9baa-ef75bf410b1f" />
      <TestMethod codeBase="/home/runner/work/typespec/typespec/packages/http-client-csharp/generator/artifacts/bin/Microsoft.TypeSpec.Generator.Tests/Debug/net8.0/Microsoft.TypeSpec.Generator.Tests.dll" adapterTypeName="executor://nunit3testexecutor/" className="Microsoft.TypeSpec.Generator.Tests.Primitives.CSharpTypeTests" name="IsCollectionType(System.Collections.Generic.IList`1[T],True)" />
    </UnitTest>
    <UnitTest name="DuplicatePropertyHasVirtualAndOverrideKeyword" storage="/home/runner/work/typespec/typespec/packages/http-client-csharp/generator/artifacts/bin/microsoft.typespec.generator.tests/debug/net8.0/microsoft.typespec.generator.tests.dll" id="26d6e61d-3424-d277-97b9-45867b7105f8">
      <Execution id="c2033fed-b6c5-4b88-a9da-9eb7d666dbaa" />
      <TestMethod codeBase="/home/runner/work/typespec/typespec/packages/http-client-csharp/generator/artifacts/bin/Microsoft.TypeSpec.Generator.Tests/Debug/net8.0/Microsoft.TypeSpec.Generator.Tests.dll" adapterTypeName="executor://nunit3testexecutor/" className="Microsoft.TypeSpec.Generator.Tests.Providers.ModelProviders.ModelProviderTests" name="DuplicatePropertyHasVirtualAndOverrideKeyword" />
    </UnitTest>
    <UnitTest name="TestIsCSharpKeyword(&quot;set&quot;,True)" storage="/home/runner/work/typespec/typespec/packages/http-client-csharp/generator/artifacts/bin/microsoft.typespec.generator.tests/debug/net8.0/microsoft.typespec.generator.tests.dll" id="1fc847a6-e70a-2855-aa14-40c36f34aab7">
      <Execution id="8cbb1b80-19ea-4435-91e8-1d3629263db0" />
      <TestMethod codeBase="/home/runner/work/typespec/typespec/packages/http-client-csharp/generator/artifacts/bin/Microsoft.TypeSpec.Generator.Tests/Debug/net8.0/Microsoft.TypeSpec.Generator.Tests.dll" adapterTypeName="executor://nunit3testexecutor/" className="Microsoft.TypeSpec.Generator.Tests.Utilities.StringExtensionsTests" name="TestIsCSharpKeyword(&quot;set&quot;,True)" />
    </UnitTest>
    <UnitTest name="TestWriteValueExpression_DefaultCollectionInitializerExpression(&quot;foo&quot;,&quot;{ \&quot;foo\&quot; }&quot;)" storage="/home/runner/work/typespec/typespec/packages/http-client-csharp/generator/artifacts/bin/microsoft.typespec.generator.tests/debug/net8.0/microsoft.typespec.generator.tests.dll" id="15d88251-7ed4-f222-62c6-38a94c9ed088">
      <Execution id="0cba1060-9d56-4224-88ab-c25a5ad6ea47" />
      <TestMethod codeBase="/home/runner/work/typespec/typespec/packages/http-client-csharp/generator/artifacts/bin/Microsoft.TypeSpec.Generator.Tests/Debug/net8.0/Microsoft.TypeSpec.Generator.Tests.dll" adapterTypeName="executor://nunit3testexecutor/" className="Microsoft.TypeSpec.Generator.Tests.Writers.CodeWriterExtensionTests" name="TestWriteValueExpression_DefaultCollectionInitializerExpression(&quot;foo&quot;,&quot;{ \&quot;foo\&quot; }&quot;)" />
    </UnitTest>
    <UnitTest name="CorrectValidationIsAppliedToParameter(Int32,True,None)" storage="/home/runner/work/typespec/typespec/packages/http-client-csharp/generator/artifacts/bin/microsoft.typespec.generator.tests/debug/net8.0/microsoft.typespec.generator.tests.dll" id="71ef8e60-0c55-283f-ffd3-ddbc9700ada5">
      <Execution id="570d50be-0387-4054-9f79-d385291e25dd" />
      <TestMethod codeBase="/home/runner/work/typespec/typespec/packages/http-client-csharp/generator/artifacts/bin/Microsoft.TypeSpec.Generator.Tests/Debug/net8.0/Microsoft.TypeSpec.Generator.Tests.dll" adapterTypeName="executor://nunit3testexecutor/" className="Microsoft.TypeSpec.Generator.Tests.Providers.ParameterProviderTests" name="CorrectValidationIsAppliedToParameter(Int32,True,None)" />
    </UnitTest>
    <UnitTest name="BuildPropertyDescription(Microsoft.TypeSpec.Generator.Input.InputModelProperty,global::System.Collections.Generic.IDictionary&lt;string, global::System.BinaryData&gt;)" storage="/home/runner/work/typespec/typespec/packages/http-client-csharp/generator/artifacts/bin/microsoft.typespec.generator.tests/debug/net8.0/microsoft.typespec.generator.tests.dll" id="47b3000e-8ac5-6579-3164-71c34dcf5c68">
      <Execution id="52de8d5d-6ae9-4cf5-a300-c250b5691c5a" />
      <TestMethod codeBase="/home/runner/work/typespec/typespec/packages/http-client-csharp/generator/artifacts/bin/Microsoft.TypeSpec.Generator.Tests/Debug/net8.0/Microsoft.TypeSpec.Generator.Tests.dll" adapterTypeName="executor://nunit3testexecutor/" className="Microsoft.TypeSpec.Generator.Tests.Providers.PropertyDescriptionTests" name="BuildPropertyDescription(Microsoft.TypeSpec.Generator.Input.InputModelProperty,global::System.Collections.Generic.IDictionary&lt;string, global::System.BinaryData&gt;)" />
    </UnitTest>
    <UnitTest name="DictionaryExpression(System.Collections.Generic.IList`1[System.Int32],System.Collections.Generic.IList`1[T])" storage="/home/runner/work/typespec/typespec/packages/http-client-csharp/generator/artifacts/bin/microsoft.typespec.generator.tests/debug/net8.0/microsoft.typespec.generator.tests.dll" id="d9d96d9d-71ec-3a93-82a5-e837f1654d0f">
      <Execution id="0d6ce0e5-d7d9-4190-be91-ad3519aeca01" />
      <TestMethod codeBase="/home/runner/work/typespec/typespec/packages/http-client-csharp/generator/artifacts/bin/Microsoft.TypeSpec.Generator.Tests/Debug/net8.0/Microsoft.TypeSpec.Generator.Tests.dll" adapterTypeName="executor://nunit3testexecutor/" className="Microsoft.TypeSpec.Generator.Tests.Expressions.KnownValueExpressionsTests" name="DictionaryExpression(System.Collections.Generic.IList`1[System.Int32],System.Collections.Generic.IList`1[T])" />
    </UnitTest>
    <UnitTest name="TestToString(System.String,&quot;string&quot;)" storage="/home/runner/work/typespec/typespec/packages/http-client-csharp/generator/artifacts/bin/microsoft.typespec.generator.tests/debug/net8.0/microsoft.typespec.generator.tests.dll" id="a238520c-0691-f91c-9bea-8ed5e0feceeb">
      <Execution id="fe55750a-aab6-4e68-beb5-352193b30778" />
      <TestMethod codeBase="/home/runner/work/typespec/typespec/packages/http-client-csharp/generator/artifacts/bin/Microsoft.TypeSpec.Generator.Tests/Debug/net8.0/Microsoft.TypeSpec.Generator.Tests.dll" adapterTypeName="executor://nunit3testexecutor/" className="Microsoft.TypeSpec.Generator.Tests.Primitives.CSharpTypeTests" name="TestToString(System.String,&quot;string&quot;)" />
    </UnitTest>
    <UnitTest name="TestIsCSharpKeyword(&quot;finally&quot;,True)" storage="/home/runner/work/typespec/typespec/packages/http-client-csharp/generator/artifacts/bin/microsoft.typespec.generator.tests/debug/net8.0/microsoft.typespec.generator.tests.dll" id="df9ce3dc-e15d-d5e4-5c59-819333fff628">
      <Execution id="43f718bb-2a55-4497-a878-fd4af5dec20d" />
      <TestMethod codeBase="/home/runner/work/typespec/typespec/packages/http-client-csharp/generator/artifacts/bin/Microsoft.TypeSpec.Generator.Tests/Debug/net8.0/Microsoft.TypeSpec.Generator.Tests.dll" adapterTypeName="executor://nunit3testexecutor/" className="Microsoft.TypeSpec.Generator.Tests.Utilities.StringExtensionsTests" name="TestIsCSharpKeyword(&quot;finally&quot;,True)" />
    </UnitTest>
    <UnitTest name="HashCodesAreEqual(System.Collections.Generic.IDictionary`2[System.Collections.Generic.IDictionary`2[System.Int32,System.String],System.Collections.Generic.IDictionary`2[System.String,System.Int32]])" storage="/home/runner/work/typespec/typespec/packages/http-client-csharp/generator/artifacts/bin/microsoft.typespec.generator.tests/debug/net8.0/microsoft.typespec.generator.tests.dll" id="28823402-f570-a9ee-cd35-954faff45017">
      <Execution id="c67a547c-7812-4d44-899a-7c8ae47b6bc0" />
      <TestMethod codeBase="/home/runner/work/typespec/typespec/packages/http-client-csharp/generator/artifacts/bin/Microsoft.TypeSpec.Generator.Tests/Debug/net8.0/Microsoft.TypeSpec.Generator.Tests.dll" adapterTypeName="executor://nunit3testexecutor/" className="Microsoft.TypeSpec.Generator.Tests.Primitives.CSharpTypeTests" name="HashCodesAreEqual(System.Collections.Generic.IDictionary`2[System.Collections.Generic.IDictionary`2[System.Int32,System.String],System.Collections.Generic.IDictionary`2[System.String,System.Int32]])" />
    </UnitTest>
    <UnitTest name="VerifyTupleExpressionWrite" storage="/home/runner/work/typespec/typespec/packages/http-client-csharp/generator/artifacts/bin/microsoft.typespec.generator.tests/debug/net8.0/microsoft.typespec.generator.tests.dll" id="3d2fee23-fa62-b49e-d623-aac59a5c0265">
      <Execution id="a73541b2-a4f5-41e0-8b0a-c1826ee947f1" />
      <TestMethod codeBase="/home/runner/work/typespec/typespec/packages/http-client-csharp/generator/artifacts/bin/Microsoft.TypeSpec.Generator.Tests/Debug/net8.0/Microsoft.TypeSpec.Generator.Tests.dll" adapterTypeName="executor://nunit3testexecutor/" className="Microsoft.TypeSpec.Generator.Tests.Expressions.TupleExpressionTests" name="VerifyTupleExpressionWrite" />
    </UnitTest>
    <UnitTest name="TestBreakLines_OneArgOnlyWithCRLF" storage="/home/runner/work/typespec/typespec/packages/http-client-csharp/generator/artifacts/bin/microsoft.typespec.generator.tests/debug/net8.0/microsoft.typespec.generator.tests.dll" id="28d58687-9a3c-83dc-7ff0-615b7cce9893">
      <Execution id="2771f592-270c-49ba-9d68-03369acf4864" />
      <TestMethod codeBase="/home/runner/work/typespec/typespec/packages/http-client-csharp/generator/artifacts/bin/Microsoft.TypeSpec.Generator.Tests/Debug/net8.0/Microsoft.TypeSpec.Generator.Tests.dll" adapterTypeName="executor://nunit3testexecutor/" className="Microsoft.TypeSpec.Generator.Tests.Utilities.FormattableStringHelpersTests" name="TestBreakLines_OneArgOnlyWithCRLF" />
    </UnitTest>
    <UnitTest name="ValidateAnonymousMultipleProperties" storage="/home/runner/work/typespec/typespec/packages/http-client-csharp/generator/artifacts/bin/microsoft.typespec.generator.tests/debug/net8.0/microsoft.typespec.generator.tests.dll" id="6ceae3fc-dabf-6e75-8a34-9ca65dbb83f3">
      <Execution id="8e167d19-9f8a-4691-a284-2bcdd68aa500" />
      <TestMethod codeBase="/home/runner/work/typespec/typespec/packages/http-client-csharp/generator/artifacts/bin/Microsoft.TypeSpec.Generator.Tests/Debug/net8.0/Microsoft.TypeSpec.Generator.Tests.dll" adapterTypeName="executor://nunit3testexecutor/" className="Microsoft.TypeSpec.Generator.Tests.Snippets.SnippetTests" name="ValidateAnonymousMultipleProperties" />
    </UnitTest>
    <UnitTest name="TestIsCSharpKeyword(&quot;if&quot;,True)" storage="/home/runner/work/typespec/typespec/packages/http-client-csharp/generator/artifacts/bin/microsoft.typespec.generator.tests/debug/net8.0/microsoft.typespec.generator.tests.dll" id="8dc400ca-5cc8-9db4-4ad6-cd18dc7eb619">
      <Execution id="814fa3e1-2ab6-4be9-a2dd-fd60068e1dbf" />
      <TestMethod codeBase="/home/runner/work/typespec/typespec/packages/http-client-csharp/generator/artifacts/bin/Microsoft.TypeSpec.Generator.Tests/Debug/net8.0/Microsoft.TypeSpec.Generator.Tests.dll" adapterTypeName="executor://nunit3testexecutor/" className="Microsoft.TypeSpec.Generator.Tests.Utilities.StringExtensionsTests" name="TestIsCSharpKeyword(&quot;if&quot;,True)" />
    </UnitTest>
    <UnitTest name="CodeWriter_WriteProperty_AutoBody" storage="/home/runner/work/typespec/typespec/packages/http-client-csharp/generator/artifacts/bin/microsoft.typespec.generator.tests/debug/net8.0/microsoft.typespec.generator.tests.dll" id="15c8f6b5-fe67-dd09-0739-842a5798798e">
      <Execution id="a14165d1-8a7e-4387-8be6-21ee58c513c9" />
      <TestMethod codeBase="/home/runner/work/typespec/typespec/packages/http-client-csharp/generator/artifacts/bin/Microsoft.TypeSpec.Generator.Tests/Debug/net8.0/Microsoft.TypeSpec.Generator.Tests.dll" adapterTypeName="executor://nunit3testexecutor/" className="Microsoft.TypeSpec.Generator.Tests.Writers.CodeWriterTests" name="CodeWriter_WriteProperty_AutoBody" />
    </UnitTest>
    <UnitTest name="ValidateInstanceWithArguments" storage="/home/runner/work/typespec/typespec/packages/http-client-csharp/generator/artifacts/bin/microsoft.typespec.generator.tests/debug/net8.0/microsoft.typespec.generator.tests.dll" id="85dca114-94e3-64ab-f901-03fdec6a7e84">
      <Execution id="2bb8e536-4f41-43d3-a392-dadf1125fcee" />
      <TestMethod codeBase="/home/runner/work/typespec/typespec/packages/http-client-csharp/generator/artifacts/bin/Microsoft.TypeSpec.Generator.Tests/Debug/net8.0/Microsoft.TypeSpec.Generator.Tests.dll" adapterTypeName="executor://nunit3testexecutor/" className="Microsoft.TypeSpec.Generator.Tests.Snippets.SnippetTests" name="ValidateInstanceWithArguments" />
    </UnitTest>
    <UnitTest name="InvalidDocInFormatArg" storage="/home/runner/work/typespec/typespec/packages/http-client-csharp/generator/artifacts/bin/microsoft.typespec.generator.tests/debug/net8.0/microsoft.typespec.generator.tests.dll" id="fe0f7012-72f1-1691-a889-2acdf9e700c3">
      <Execution id="41e500af-f9a7-48eb-be82-ea34f30a9911" />
      <TestMethod codeBase="/home/runner/work/typespec/typespec/packages/http-client-csharp/generator/artifacts/bin/Microsoft.TypeSpec.Generator.Tests/Debug/net8.0/Microsoft.TypeSpec.Generator.Tests.dll" adapterTypeName="executor://nunit3testexecutor/" className="Microsoft.TypeSpec.Generator.Tests.Statements.XmlDocStatementTests" name="InvalidDocInFormatArg" />
    </UnitTest>
    <UnitTest name="SiblingScopeLinesUseSameName" storage="/home/runner/work/typespec/typespec/packages/http-client-csharp/generator/artifacts/bin/microsoft.typespec.generator.tests/debug/net8.0/microsoft.typespec.generator.tests.dll" id="6144c959-1755-c3dd-7cef-76f3edd5e264">
      <Execution id="7ad4169c-a084-427c-a256-50e90cff5701" />
      <TestMethod codeBase="/home/runner/work/typespec/typespec/packages/http-client-csharp/generator/artifacts/bin/Microsoft.TypeSpec.Generator.Tests/Debug/net8.0/Microsoft.TypeSpec.Generator.Tests.dll" adapterTypeName="executor://nunit3testexecutor/" className="Microsoft.TypeSpec.Generator.Tests.Statements.UsingScopeStatementTests" name="SiblingScopeLinesUseSameName" />
    </UnitTest>
    <UnitTest name="ValidatePropertyTypes(System.Collections.Generic.IEnumerable`1[Microsoft.TypeSpec.Generator.Tests.PropertyType])" storage="/home/runner/work/typespec/typespec/packages/http-client-csharp/generator/artifacts/bin/microsoft.typespec.generator.tests/debug/net8.0/microsoft.typespec.generator.tests.dll" id="597bd723-9003-2a88-ade0-4bc49ffe996b">
      <Execution id="59a06f4b-378c-49ba-96ae-ef77af90e61a" />
      <TestMethod codeBase="/home/runner/work/typespec/typespec/packages/http-client-csharp/generator/artifacts/bin/Microsoft.TypeSpec.Generator.Tests/Debug/net8.0/Microsoft.TypeSpec.Generator.Tests.dll" adapterTypeName="executor://nunit3testexecutor/" className="Microsoft.TypeSpec.Generator.Tests.Providers.NamedTypeSymbolProviders.NamedTypeSymbolProviderTests" name="ValidatePropertyTypes(System.Collections.Generic.IEnumerable`1[Microsoft.TypeSpec.Generator.Tests.PropertyType])" />
    </UnitTest>
    <UnitTest name="KeyValuePairExpression(System.Int32,System.Collections.Generic.IList`1[T])" storage="/home/runner/work/typespec/typespec/packages/http-client-csharp/generator/artifacts/bin/microsoft.typespec.generator.tests/debug/net8.0/microsoft.typespec.generator.tests.dll" id="a65e734d-45c8-d2d9-06b2-e2f5db3a88c6">
      <Execution id="30865672-e580-4863-94c7-ee10d22692bf" />
      <TestMethod codeBase="/home/runner/work/typespec/typespec/packages/http-client-csharp/generator/artifacts/bin/Microsoft.TypeSpec.Generator.Tests/Debug/net8.0/Microsoft.TypeSpec.Generator.Tests.dll" adapterTypeName="executor://nunit3testexecutor/" className="Microsoft.TypeSpec.Generator.Tests.Expressions.KnownValueExpressionsTests" name="KeyValuePairExpression(System.Int32,System.Collections.Generic.IList`1[T])" />
    </UnitTest>
    <UnitTest name="TestBuildAdditionalProperties(Microsoft.TypeSpec.Generator.Input.InputModelType,True,1)" storage="/home/runner/work/typespec/typespec/packages/http-client-csharp/generator/artifacts/bin/microsoft.typespec.generator.tests/debug/net8.0/microsoft.typespec.generator.tests.dll" id="5da3b2e4-6a9f-a9a6-4eb1-98b652557c46">
      <Execution id="95c7fe15-0e59-4563-85a1-1aee43f95de5" />
      <TestMethod codeBase="/home/runner/work/typespec/typespec/packages/http-client-csharp/generator/artifacts/bin/Microsoft.TypeSpec.Generator.Tests/Debug/net8.0/Microsoft.TypeSpec.Generator.Tests.dll" adapterTypeName="executor://nunit3testexecutor/" className="Microsoft.TypeSpec.Generator.Tests.Providers.ModelProviders.ModelProviderTests" name="TestBuildAdditionalProperties(Microsoft.TypeSpec.Generator.Input.InputModelType,True,1)" />
    </UnitTest>
    <UnitTest name="TestWriteValueExpression_DefaultCastExpression(System.Int32,22.2d,&quot;((int)22.2)&quot;)" storage="/home/runner/work/typespec/typespec/packages/http-client-csharp/generator/artifacts/bin/microsoft.typespec.generator.tests/debug/net8.0/microsoft.typespec.generator.tests.dll" id="3783207c-0994-a414-b926-d293477c64b8">
      <Execution id="65b80ccb-0725-48b9-bbf1-f9d421b51ac3" />
      <TestMethod codeBase="/home/runner/work/typespec/typespec/packages/http-client-csharp/generator/artifacts/bin/Microsoft.TypeSpec.Generator.Tests/Debug/net8.0/Microsoft.TypeSpec.Generator.Tests.dll" adapterTypeName="executor://nunit3testexecutor/" className="Microsoft.TypeSpec.Generator.Tests.Writers.CodeWriterExtensionTests" name="TestWriteValueExpression_DefaultCastExpression(System.Int32,22.2d,&quot;((int)22.2)&quot;)" />
    </UnitTest>
    <UnitTest name="TestParseVersionString(&quot;1.0.0&quot;,&quot;1.0.0&quot;,1.0.0,False)" storage="/home/runner/work/typespec/typespec/packages/http-client-csharp/generator/artifacts/bin/microsoft.typespec.generator.tests/debug/net8.0/microsoft.typespec.generator.tests.dll" id="0d41fd72-8779-fb89-400f-320ee73a98bb">
      <Execution id="ae9f9785-03fe-4c80-aed3-c95f31e0d0c5" />
      <TestMethod codeBase="/home/runner/work/typespec/typespec/packages/http-client-csharp/generator/artifacts/bin/Microsoft.TypeSpec.Generator.Tests/Debug/net8.0/Microsoft.TypeSpec.Generator.Tests.dll" adapterTypeName="executor://nunit3testexecutor/" className="Microsoft.TypeSpec.Generator.Tests.Utilities.NugetPackageDownloaderTests" name="TestParseVersionString(&quot;1.0.0&quot;,&quot;1.0.0&quot;,1.0.0,False)" />
    </UnitTest>
    <UnitTest name="SelectGeneratorAppliesAllPlugins" storage="/home/runner/work/typespec/typespec/packages/http-client-csharp/generator/artifacts/bin/microsoft.typespec.generator.tests/debug/net8.0/microsoft.typespec.generator.tests.dll" id="57d1c2f3-42b7-0db1-6c7b-0c5a18b24b77">
      <Execution id="e12b7632-d6b6-4959-a517-f0ac872ddc19" />
      <TestMethod codeBase="/home/runner/work/typespec/typespec/packages/http-client-csharp/generator/artifacts/bin/Microsoft.TypeSpec.Generator.Tests/Debug/net8.0/Microsoft.TypeSpec.Generator.Tests.dll" adapterTypeName="executor://nunit3testexecutor/" className="Microsoft.TypeSpec.Generator.Tests.StartUp.GeneratorHandlerTests" name="SelectGeneratorAppliesAllPlugins" />
    </UnitTest>
    <UnitTest name="IsReadOnlyList(System.Collections.Generic.IReadOnlyList`1[T],True)" storage="/home/runner/work/typespec/typespec/packages/http-client-csharp/generator/artifacts/bin/microsoft.typespec.generator.tests/debug/net8.0/microsoft.typespec.generator.tests.dll" id="3fb77e71-d30e-3ed0-4b65-0df4eb79a621">
      <Execution id="d0420587-7edd-41d0-862f-18a7e99693f5" />
      <TestMethod codeBase="/home/runner/work/typespec/typespec/packages/http-client-csharp/generator/artifacts/bin/Microsoft.TypeSpec.Generator.Tests/Debug/net8.0/Microsoft.TypeSpec.Generator.Tests.dll" adapterTypeName="executor://nunit3testexecutor/" className="Microsoft.TypeSpec.Generator.Tests.Primitives.CSharpTypeTests" name="IsReadOnlyList(System.Collections.Generic.IReadOnlyList`1[T],True)" />
    </UnitTest>
    <UnitTest name="TestToApiVersionValue(&quot;V2023-12-31&quot;,&quot;2023-12-31&quot;)" storage="/home/runner/work/typespec/typespec/packages/http-client-csharp/generator/artifacts/bin/microsoft.typespec.generator.tests/debug/net8.0/microsoft.typespec.generator.tests.dll" id="a32824ae-7238-9f3a-7ce6-ca85f736eecd">
      <Execution id="beb92cf3-3f3b-4b0a-bdf9-e9724558eb2a" />
      <TestMethod codeBase="/home/runner/work/typespec/typespec/packages/http-client-csharp/generator/artifacts/bin/Microsoft.TypeSpec.Generator.Tests/Debug/net8.0/Microsoft.TypeSpec.Generator.Tests.dll" adapterTypeName="executor://nunit3testexecutor/" className="Microsoft.TypeSpec.Generator.Tests.Utilities.StringExtensionsTests" name="TestToApiVersionValue(&quot;V2023-12-31&quot;,&quot;2023-12-31&quot;)" />
    </UnitTest>
    <UnitTest name="TestFlatten" storage="/home/runner/work/typespec/typespec/packages/http-client-csharp/generator/artifacts/bin/microsoft.typespec.generator.tests/debug/net8.0/microsoft.typespec.generator.tests.dll" id="39e90891-1755-09db-4d1c-c4c73e640727">
      <Execution id="23545d81-6807-428f-9eb0-027322fa4741" />
      <TestMethod codeBase="/home/runner/work/typespec/typespec/packages/http-client-csharp/generator/artifacts/bin/Microsoft.TypeSpec.Generator.Tests/Debug/net8.0/Microsoft.TypeSpec.Generator.Tests.dll" adapterTypeName="executor://nunit3testexecutor/" className="Microsoft.TypeSpec.Generator.Tests.Statements.StatementTests" name="TestFlatten" />
    </UnitTest>
    <UnitTest name="KeyValuePairExpression(System.Collections.Generic.IDictionary`2[System.Int32,System.String],System.Collections.Generic.Dictionary`2[TKey,TValue])" storage="/home/runner/work/typespec/typespec/packages/http-client-csharp/generator/artifacts/bin/microsoft.typespec.generator.tests/debug/net8.0/microsoft.typespec.generator.tests.dll" id="92d52b5a-3c86-52a1-0ff1-d8084a85e71a">
      <Execution id="d08fbd44-21ff-4f99-81bc-8cba20d1b0ae" />
      <TestMethod codeBase="/home/runner/work/typespec/typespec/packages/http-client-csharp/generator/artifacts/bin/Microsoft.TypeSpec.Generator.Tests/Debug/net8.0/Microsoft.TypeSpec.Generator.Tests.dll" adapterTypeName="executor://nunit3testexecutor/" className="Microsoft.TypeSpec.Generator.Tests.Expressions.KnownValueExpressionsTests" name="KeyValuePairExpression(System.Collections.Generic.IDictionary`2[System.Int32,System.String],System.Collections.Generic.Dictionary`2[TKey,TValue])" />
    </UnitTest>
    <UnitTest name="AttributeStatementWithMultipleArguments" storage="/home/runner/work/typespec/typespec/packages/http-client-csharp/generator/artifacts/bin/microsoft.typespec.generator.tests/debug/net8.0/microsoft.typespec.generator.tests.dll" id="938a6a0f-925c-2381-ee5e-bf7971b9771b">
      <Execution id="26b90eff-97c3-4393-93c0-0d929a5eeebe" />
      <TestMethod codeBase="/home/runner/work/typespec/typespec/packages/http-client-csharp/generator/artifacts/bin/Microsoft.TypeSpec.Generator.Tests/Debug/net8.0/Microsoft.TypeSpec.Generator.Tests.dll" adapterTypeName="executor://nunit3testexecutor/" className="Microsoft.TypeSpec.Generator.Tests.Statements.AttributeStatementTests" name="AttributeStatementWithMultipleArguments" />
    </UnitTest>
    <UnitTest name="ValidateParameters(System.Nullable`1[System.Single],LiteralExpression { Literal = 2.2 })" storage="/home/runner/work/typespec/typespec/packages/http-client-csharp/generator/artifacts/bin/microsoft.typespec.generator.tests/debug/net8.0/microsoft.typespec.generator.tests.dll" id="810d110e-23ba-2c22-88ce-6f797edf0b84">
      <Execution id="7f496b41-a74b-43b3-bd2a-b21eb7406caf" />
      <TestMethod codeBase="/home/runner/work/typespec/typespec/packages/http-client-csharp/generator/artifacts/bin/Microsoft.TypeSpec.Generator.Tests/Debug/net8.0/Microsoft.TypeSpec.Generator.Tests.dll" adapterTypeName="executor://nunit3testexecutor/" className="Microsoft.TypeSpec.Generator.Tests.Providers.NamedTypeSymbolProviders.NamedTypeSymbolProviderTests" name="ValidateParameters(System.Nullable`1[System.Single],LiteralExpression { Literal = 2.2 })" />
    </UnitTest>
    <UnitTest name="ValidateParameters(System.String,ScopedApi { Original = LiteralExpression { Literal = Foo }, Type = string })" storage="/home/runner/work/typespec/typespec/packages/http-client-csharp/generator/artifacts/bin/microsoft.typespec.generator.tests/debug/net8.0/microsoft.typespec.generator.tests.dll" id="58c2a48b-8bbe-0380-caa2-a75f54af8cb9">
      <Execution id="bca81305-6706-42fb-a150-db234288eb47" />
      <TestMethod codeBase="/home/runner/work/typespec/typespec/packages/http-client-csharp/generator/artifacts/bin/Microsoft.TypeSpec.Generator.Tests/Debug/net8.0/Microsoft.TypeSpec.Generator.Tests.dll" adapterTypeName="executor://nunit3testexecutor/" className="Microsoft.TypeSpec.Generator.Tests.Providers.NamedTypeSymbolProviders.NamedTypeSymbolProviderTests" name="ValidateParameters(System.String,ScopedApi { Original = LiteralExpression { Literal = Foo }, Type = string })" />
    </UnitTest>
    <UnitTest name="TestIsCSharpKeyword(&quot;join&quot;,True)" storage="/home/runner/work/typespec/typespec/packages/http-client-csharp/generator/artifacts/bin/microsoft.typespec.generator.tests/debug/net8.0/microsoft.typespec.generator.tests.dll" id="0b571c5d-6760-ff1b-1a63-3687d380bbd8">
      <Execution id="54e7db91-bb46-4c0b-a75e-589572f422c8" />
      <TestMethod codeBase="/home/runner/work/typespec/typespec/packages/http-client-csharp/generator/artifacts/bin/Microsoft.TypeSpec.Generator.Tests/Debug/net8.0/Microsoft.TypeSpec.Generator.Tests.dll" adapterTypeName="executor://nunit3testexecutor/" className="Microsoft.TypeSpec.Generator.Tests.Utilities.StringExtensionsTests" name="TestIsCSharpKeyword(&quot;join&quot;,True)" />
    </UnitTest>
    <UnitTest name="TestIsCSharpKeyword(&quot;namespace&quot;,True)" storage="/home/runner/work/typespec/typespec/packages/http-client-csharp/generator/artifacts/bin/microsoft.typespec.generator.tests/debug/net8.0/microsoft.typespec.generator.tests.dll" id="a8756cb4-2eb1-60b3-ac3c-344dbcb8eada">
      <Execution id="49b94886-a232-40f5-ac6a-502bd1ad531e" />
      <TestMethod codeBase="/home/runner/work/typespec/typespec/packages/http-client-csharp/generator/artifacts/bin/Microsoft.TypeSpec.Generator.Tests/Debug/net8.0/Microsoft.TypeSpec.Generator.Tests.dll" adapterTypeName="executor://nunit3testexecutor/" className="Microsoft.TypeSpec.Generator.Tests.Utilities.StringExtensionsTests" name="TestIsCSharpKeyword(&quot;namespace&quot;,True)" />
    </UnitTest>
    <UnitTest name="CanChangePropertyAccessibility" storage="/home/runner/work/typespec/typespec/packages/http-client-csharp/generator/artifacts/bin/microsoft.typespec.generator.tests/debug/net8.0/microsoft.typespec.generator.tests.dll" id="01fae031-7483-b5ad-f374-e6d1c6f24e58">
      <Execution id="1b7d050f-cc6f-49e2-b3b2-deaec5ac1660" />
      <TestMethod codeBase="/home/runner/work/typespec/typespec/packages/http-client-csharp/generator/artifacts/bin/Microsoft.TypeSpec.Generator.Tests/Debug/net8.0/Microsoft.TypeSpec.Generator.Tests.dll" adapterTypeName="executor://nunit3testexecutor/" className="Microsoft.TypeSpec.Generator.Tests.Providers.ModelProviders.ModelCustomizationTests" name="CanChangePropertyAccessibility" />
    </UnitTest>
    <UnitTest name="NotEqualToFrameworkType(System.Collections.Generic.IList`1[System.Int32],System.Collections.Generic.IList`1[T])" storage="/home/runner/work/typespec/typespec/packages/http-client-csharp/generator/artifacts/bin/microsoft.typespec.generator.tests/debug/net8.0/microsoft.typespec.generator.tests.dll" id="42f71591-d73c-8990-98f8-f6f3fe171c28">
      <Execution id="23441268-1d57-43ca-b5d5-ba697e924c0f" />
      <TestMethod codeBase="/home/runner/work/typespec/typespec/packages/http-client-csharp/generator/artifacts/bin/Microsoft.TypeSpec.Generator.Tests/Debug/net8.0/Microsoft.TypeSpec.Generator.Tests.dll" adapterTypeName="executor://nunit3testexecutor/" className="Microsoft.TypeSpec.Generator.Tests.Primitives.CSharpTypeTests" name="NotEqualToFrameworkType(System.Collections.Generic.IList`1[System.Int32],System.Collections.Generic.IList`1[T])" />
    </UnitTest>
    <UnitTest name="CSharpTypeOperatorTestEqual(global::System.Collections.Generic.IList&lt;T&gt;)" storage="/home/runner/work/typespec/typespec/packages/http-client-csharp/generator/artifacts/bin/microsoft.typespec.generator.tests/debug/net8.0/microsoft.typespec.generator.tests.dll" id="707fb3d0-03de-bdac-591f-7d133eb012d7">
      <Execution id="ba43e107-8084-4c4b-bab6-a8fbcde5c7fc" />
      <TestMethod codeBase="/home/runner/work/typespec/typespec/packages/http-client-csharp/generator/artifacts/bin/Microsoft.TypeSpec.Generator.Tests/Debug/net8.0/Microsoft.TypeSpec.Generator.Tests.dll" adapterTypeName="executor://nunit3testexecutor/" className="Microsoft.TypeSpec.Generator.Tests.Expressions.ValueExpressionTests" name="CSharpTypeOperatorTestEqual(global::System.Collections.Generic.IList&lt;T&gt;)" />
    </UnitTest>
    <UnitTest name="IsReadOnlyMemory(System.ReadOnlyMemory`1[T],True)" storage="/home/runner/work/typespec/typespec/packages/http-client-csharp/generator/artifacts/bin/microsoft.typespec.generator.tests/debug/net8.0/microsoft.typespec.generator.tests.dll" id="1639ef3f-9cb3-4dd0-1247-456c5f771eb9">
      <Execution id="28a50b86-1f2e-46f3-9e03-3cb2bafc5dae" />
      <TestMethod codeBase="/home/runner/work/typespec/typespec/packages/http-client-csharp/generator/artifacts/bin/Microsoft.TypeSpec.Generator.Tests/Debug/net8.0/Microsoft.TypeSpec.Generator.Tests.dll" adapterTypeName="executor://nunit3testexecutor/" className="Microsoft.TypeSpec.Generator.Tests.Primitives.CSharpTypeTests" name="IsReadOnlyMemory(System.ReadOnlyMemory`1[T],True)" />
    </UnitTest>
    <UnitTest name="SelectGeneratorFindsMatchingGenerator" storage="/home/runner/work/typespec/typespec/packages/http-client-csharp/generator/artifacts/bin/microsoft.typespec.generator.tests/debug/net8.0/microsoft.typespec.generator.tests.dll" id="1433ebb5-79e1-e24b-a6a4-f85d023188e2">
      <Execution id="e99777e0-22f5-41f4-bb10-909f6298bd32" />
      <TestMethod codeBase="/home/runner/work/typespec/typespec/packages/http-client-csharp/generator/artifacts/bin/Microsoft.TypeSpec.Generator.Tests/Debug/net8.0/Microsoft.TypeSpec.Generator.Tests.dll" adapterTypeName="executor://nunit3testexecutor/" className="Microsoft.TypeSpec.Generator.Tests.StartUp.GeneratorHandlerTests" name="SelectGeneratorFindsMatchingGenerator" />
    </UnitTest>
    <UnitTest name="FullyQualifiedNamePopulatedForFrameworkTypes(System.Collections.Generic.IDictionary`2[System.Int32,System.Int32])" storage="/home/runner/work/typespec/typespec/packages/http-client-csharp/generator/artifacts/bin/microsoft.typespec.generator.tests/debug/net8.0/microsoft.typespec.generator.tests.dll" id="8d8b4499-7d5a-f585-2c5d-08a09dc2d28e">
      <Execution id="4430bbdb-cfca-49e5-9871-dbb0380c184d" />
      <TestMethod codeBase="/home/runner/work/typespec/typespec/packages/http-client-csharp/generator/artifacts/bin/Microsoft.TypeSpec.Generator.Tests/Debug/net8.0/Microsoft.TypeSpec.Generator.Tests.dll" adapterTypeName="executor://nunit3testexecutor/" className="Microsoft.TypeSpec.Generator.Tests.Primitives.CSharpTypeTests" name="FullyQualifiedNamePopulatedForFrameworkTypes(System.Collections.Generic.IDictionary`2[System.Int32,System.Int32])" />
    </UnitTest>
    <UnitTest name="ValidateParameters(System.Object,KeywordExpression { Keyword = default, Expression =  })" storage="/home/runner/work/typespec/typespec/packages/http-client-csharp/generator/artifacts/bin/microsoft.typespec.generator.tests/debug/net8.0/microsoft.typespec.generator.tests.dll" id="1bb18234-8df6-ac7b-6641-714d9c785229">
      <Execution id="bf7019ba-959b-4df0-b876-cb6a7577a7f2" />
      <TestMethod codeBase="/home/runner/work/typespec/typespec/packages/http-client-csharp/generator/artifacts/bin/Microsoft.TypeSpec.Generator.Tests/Debug/net8.0/Microsoft.TypeSpec.Generator.Tests.dll" adapterTypeName="executor://nunit3testexecutor/" className="Microsoft.TypeSpec.Generator.Tests.Providers.NamedTypeSymbolProviders.NamedTypeSymbolProviderTests" name="ValidateParameters(System.Object,KeywordExpression { Keyword = default, Expression =  })" />
    </UnitTest>
    <UnitTest name="CollectionProperty(global::System.Collections.Generic.IDictionary&lt;string, int&gt;,Microsoft.TypeSpec.Generator.Input.InputModelProperty,global::System.Collections.Generic.IReadOnlyDictionary&lt;string, int&gt;)" storage="/home/runner/work/typespec/typespec/packages/http-client-csharp/generator/artifacts/bin/microsoft.typespec.generator.tests/debug/net8.0/microsoft.typespec.generator.tests.dll" id="513b1e89-dfec-3248-0fba-6472ac1fefd2">
      <Execution id="735dcbae-2f0a-47a5-a5de-73de500c7436" />
      <TestMethod codeBase="/home/runner/work/typespec/typespec/packages/http-client-csharp/generator/artifacts/bin/Microsoft.TypeSpec.Generator.Tests/Debug/net8.0/Microsoft.TypeSpec.Generator.Tests.dll" adapterTypeName="executor://nunit3testexecutor/" className="Microsoft.TypeSpec.Generator.Tests.Providers.PropertyProviderTests" name="CollectionProperty(global::System.Collections.Generic.IDictionary&lt;string, int&gt;,Microsoft.TypeSpec.Generator.Input.InputModelProperty,global::System.Collections.Generic.IReadOnlyDictionary&lt;string, int&gt;)" />
    </UnitTest>
    <UnitTest name="CanAddLicenseInfo" storage="/home/runner/work/typespec/typespec/packages/http-client-csharp/generator/artifacts/bin/microsoft.typespec.generator.tests/debug/net8.0/microsoft.typespec.generator.tests.dll" id="28c89347-07cb-f303-2d19-a9e42b6e0950">
      <Execution id="4f9a2cc5-f447-46ff-9569-b02f7ca8bdc5" />
      <TestMethod codeBase="/home/runner/work/typespec/typespec/packages/http-client-csharp/generator/artifacts/bin/Microsoft.TypeSpec.Generator.Tests/Debug/net8.0/Microsoft.TypeSpec.Generator.Tests.dll" adapterTypeName="executor://nunit3testexecutor/" className="Microsoft.TypeSpec.Generator.Tests.ConfigurationTests" name="CanAddLicenseInfo" />
    </UnitTest>
    <UnitTest name="ValidateListParameterHandlingInConstructor" storage="/home/runner/work/typespec/typespec/packages/http-client-csharp/generator/artifacts/bin/microsoft.typespec.generator.tests/debug/net8.0/microsoft.typespec.generator.tests.dll" id="4b750040-5eee-93a9-4ee4-76adf886dd3e">
      <Execution id="9ab6a2c7-e5f0-44a0-8e76-908480df4a3b" />
      <TestMethod codeBase="/home/runner/work/typespec/typespec/packages/http-client-csharp/generator/artifacts/bin/Microsoft.TypeSpec.Generator.Tests/Debug/net8.0/Microsoft.TypeSpec.Generator.Tests.dll" adapterTypeName="executor://nunit3testexecutor/" className="Microsoft.TypeSpec.Generator.Tests.Providers.ModelProviders.ModelProviderTests" name="ValidateListParameterHandlingInConstructor" />
    </UnitTest>
    <UnitTest name="DoesNotGenerateExistingProperty" storage="/home/runner/work/typespec/typespec/packages/http-client-csharp/generator/artifacts/bin/microsoft.typespec.generator.tests/debug/net8.0/microsoft.typespec.generator.tests.dll" id="20555999-6988-8b37-7eac-56c9d5fe797e">
      <Execution id="7b563a89-1e0d-4f7a-b94f-dde2c6b1ca2a" />
      <TestMethod codeBase="/home/runner/work/typespec/typespec/packages/http-client-csharp/generator/artifacts/bin/Microsoft.TypeSpec.Generator.Tests/Debug/net8.0/Microsoft.TypeSpec.Generator.Tests.dll" adapterTypeName="executor://nunit3testexecutor/" className="Microsoft.TypeSpec.Generator.Tests.Providers.ModelProviders.ModelCustomizationTests" name="DoesNotGenerateExistingProperty" />
    </UnitTest>
    <UnitTest name="TestIsCSharpKeyword(&quot;global&quot;,True)" storage="/home/runner/work/typespec/typespec/packages/http-client-csharp/generator/artifacts/bin/microsoft.typespec.generator.tests/debug/net8.0/microsoft.typespec.generator.tests.dll" id="17566836-d206-69c3-d248-ee6f84b95f0f">
      <Execution id="0f26f02c-6b2e-4d2c-8ac3-01a38029ddaf" />
      <TestMethod codeBase="/home/runner/work/typespec/typespec/packages/http-client-csharp/generator/artifacts/bin/Microsoft.TypeSpec.Generator.Tests/Debug/net8.0/Microsoft.TypeSpec.Generator.Tests.dll" adapterTypeName="executor://nunit3testexecutor/" className="Microsoft.TypeSpec.Generator.Tests.Utilities.StringExtensionsTests" name="TestIsCSharpKeyword(&quot;global&quot;,True)" />
    </UnitTest>
    <UnitTest name="VisitMethodToRenameParameterName" storage="/home/runner/work/typespec/typespec/packages/http-client-csharp/generator/artifacts/bin/microsoft.typespec.generator.tests/debug/net8.0/microsoft.typespec.generator.tests.dll" id="94cbbdc2-b821-63bc-f296-3e04f8e03274">
      <Execution id="770c21e5-2aff-46d3-a626-0f168efdf9ad" />
      <TestMethod codeBase="/home/runner/work/typespec/typespec/packages/http-client-csharp/generator/artifacts/bin/Microsoft.TypeSpec.Generator.Tests/Debug/net8.0/Microsoft.TypeSpec.Generator.Tests.dll" adapterTypeName="executor://nunit3testexecutor/" className="Microsoft.TypeSpec.Generator.Tests.OutputLibraryVisitorTests" name="VisitMethodToRenameParameterName" />
    </UnitTest>
    <UnitTest name="CanEnumerateItems" storage="/home/runner/work/typespec/typespec/packages/http-client-csharp/generator/artifacts/bin/microsoft.typespec.generator.tests/debug/net8.0/microsoft.typespec.generator.tests.dll" id="bbdc8830-7862-5302-411c-040e318e8f70">
      <Execution id="f43741e6-8c75-41ce-bb2e-bdee4fc1809d" />
      <TestMethod codeBase="/home/runner/work/typespec/typespec/packages/http-client-csharp/generator/artifacts/bin/Microsoft.TypeSpec.Generator.Tests/Debug/net8.0/Microsoft.TypeSpec.Generator.Tests.dll" adapterTypeName="executor://nunit3testexecutor/" className="Microsoft.TypeSpec.Generator.Tests.Providers.ChangeTrackingListTest" name="CanEnumerateItems" />
    </UnitTest>
    <UnitTest name="NonFrameworkTypeEqualsEquivalentFrameworkType(System.Int32[])" storage="/home/runner/work/typespec/typespec/packages/http-client-csharp/generator/artifacts/bin/microsoft.typespec.generator.tests/debug/net8.0/microsoft.typespec.generator.tests.dll" id="a83e1891-87fa-9bd7-022f-4671d75b6092">
      <Execution id="c8eeff5b-78c2-4e6d-8ebb-10f4ab6bcbcb" />
      <TestMethod codeBase="/home/runner/work/typespec/typespec/packages/http-client-csharp/generator/artifacts/bin/Microsoft.TypeSpec.Generator.Tests/Debug/net8.0/Microsoft.TypeSpec.Generator.Tests.dll" adapterTypeName="executor://nunit3testexecutor/" className="Microsoft.TypeSpec.Generator.Tests.Primitives.CSharpTypeTests" name="NonFrameworkTypeEqualsEquivalentFrameworkType(System.Int32[])" />
    </UnitTest>
    <UnitTest name="ListExpression(System.Double)" storage="/home/runner/work/typespec/typespec/packages/http-client-csharp/generator/artifacts/bin/microsoft.typespec.generator.tests/debug/net8.0/microsoft.typespec.generator.tests.dll" id="d3963586-e2ca-4e80-b578-88a902fe01e7">
      <Execution id="2a6685db-fc0d-4f0f-bcd7-f5f2d897c642" />
      <TestMethod codeBase="/home/runner/work/typespec/typespec/packages/http-client-csharp/generator/artifacts/bin/Microsoft.TypeSpec.Generator.Tests/Debug/net8.0/Microsoft.TypeSpec.Generator.Tests.dll" adapterTypeName="executor://nunit3testexecutor/" className="Microsoft.TypeSpec.Generator.Tests.Expressions.KnownValueExpressionsTests" name="ListExpression(System.Double)" />
    </UnitTest>
    <UnitTest name="KeyValuePairExpression(System.Collections.Generic.IDictionary`2[System.Int32,System.String],System.Collections.Generic.Dictionary`2[System.Int32,System.String])" storage="/home/runner/work/typespec/typespec/packages/http-client-csharp/generator/artifacts/bin/microsoft.typespec.generator.tests/debug/net8.0/microsoft.typespec.generator.tests.dll" id="4a271c8b-f717-5134-7b1b-028baff8810b">
      <Execution id="8393f54e-bbbd-49d4-8ad3-26ec655f3c1f" />
      <TestMethod codeBase="/home/runner/work/typespec/typespec/packages/http-client-csharp/generator/artifacts/bin/Microsoft.TypeSpec.Generator.Tests/Debug/net8.0/Microsoft.TypeSpec.Generator.Tests.dll" adapterTypeName="executor://nunit3testexecutor/" className="Microsoft.TypeSpec.Generator.Tests.Expressions.KnownValueExpressionsTests" name="KeyValuePairExpression(System.Collections.Generic.IDictionary`2[System.Int32,System.String],System.Collections.Generic.Dictionary`2[System.Int32,System.String])" />
    </UnitTest>
    <UnitTest name="TestIsCSharpKeyword(&quot;readonly&quot;,True)" storage="/home/runner/work/typespec/typespec/packages/http-client-csharp/generator/artifacts/bin/microsoft.typespec.generator.tests/debug/net8.0/microsoft.typespec.generator.tests.dll" id="eddc0227-f630-b98d-8e2d-2452df4d5cde">
      <Execution id="3ec3a220-d76c-4fb8-83f5-7ba0cd4375ff" />
      <TestMethod codeBase="/home/runner/work/typespec/typespec/packages/http-client-csharp/generator/artifacts/bin/Microsoft.TypeSpec.Generator.Tests/Debug/net8.0/Microsoft.TypeSpec.Generator.Tests.dll" adapterTypeName="executor://nunit3testexecutor/" className="Microsoft.TypeSpec.Generator.Tests.Utilities.StringExtensionsTests" name="TestIsCSharpKeyword(&quot;readonly&quot;,True)" />
    </UnitTest>
    <UnitTest name="Json_Defined_ReturnsTrue" storage="/home/runner/work/typespec/typespec/packages/http-client-csharp/generator/artifacts/bin/microsoft.typespec.generator.tests/debug/net8.0/microsoft.typespec.generator.tests.dll" id="0f09c207-3f02-b90b-54fe-4e7bf9ba9c9a">
      <Execution id="d0562a88-3918-4bda-9c9c-833fee1b3611" />
      <TestMethod codeBase="/home/runner/work/typespec/typespec/packages/http-client-csharp/generator/artifacts/bin/Microsoft.TypeSpec.Generator.Tests/Debug/net8.0/Microsoft.TypeSpec.Generator.Tests.dll" adapterTypeName="executor://nunit3testexecutor/" className="Microsoft.TypeSpec.Generator.Tests.Providers.OptionalTests" name="Json_Defined_ReturnsTrue" />
    </UnitTest>
    <UnitTest name="AssignValueIfNullStatement" storage="/home/runner/work/typespec/typespec/packages/http-client-csharp/generator/artifacts/bin/microsoft.typespec.generator.tests/debug/net8.0/microsoft.typespec.generator.tests.dll" id="61101eb8-17a2-7af4-05b9-65841f68ef5f">
      <Execution id="0e003868-eb65-43b7-8528-8e51fc3c8498" />
      <TestMethod codeBase="/home/runner/work/typespec/typespec/packages/http-client-csharp/generator/artifacts/bin/Microsoft.TypeSpec.Generator.Tests/Debug/net8.0/Microsoft.TypeSpec.Generator.Tests.dll" adapterTypeName="executor://nunit3testexecutor/" className="Microsoft.TypeSpec.Generator.Tests.Expressions.AssignmentExpressionTests" name="AssignValueIfNullStatement" />
    </UnitTest>
    <UnitTest name="TestBreakLines_OneArgOnlyWithCR" storage="/home/runner/work/typespec/typespec/packages/http-client-csharp/generator/artifacts/bin/microsoft.typespec.generator.tests/debug/net8.0/microsoft.typespec.generator.tests.dll" id="d112d793-2e94-bed3-e25b-2d1af937a1e4">
      <Execution id="75cf5893-a619-44e2-bc92-c538e130476e" />
      <TestMethod codeBase="/home/runner/work/typespec/typespec/packages/http-client-csharp/generator/artifacts/bin/Microsoft.TypeSpec.Generator.Tests/Debug/net8.0/Microsoft.TypeSpec.Generator.Tests.dll" adapterTypeName="executor://nunit3testexecutor/" className="Microsoft.TypeSpec.Generator.Tests.Utilities.FormattableStringHelpersTests" name="TestBreakLines_OneArgOnlyWithCR" />
    </UnitTest>
    <UnitTest name="SystemTypeOperatorTestNotEqual(System.Collections.Generic.IList`1[T],System.Int32)" storage="/home/runner/work/typespec/typespec/packages/http-client-csharp/generator/artifacts/bin/microsoft.typespec.generator.tests/debug/net8.0/microsoft.typespec.generator.tests.dll" id="5cb6a6fe-da0f-e4aa-4724-5a31bd25ee8c">
      <Execution id="416b51ed-49f7-43ae-aef5-70a2089cf4bd" />
      <TestMethod codeBase="/home/runner/work/typespec/typespec/packages/http-client-csharp/generator/artifacts/bin/Microsoft.TypeSpec.Generator.Tests/Debug/net8.0/Microsoft.TypeSpec.Generator.Tests.dll" adapterTypeName="executor://nunit3testexecutor/" className="Microsoft.TypeSpec.Generator.Tests.Expressions.ValueExpressionTests" name="SystemTypeOperatorTestNotEqual(System.Collections.Generic.IList`1[T],System.Int32)" />
    </UnitTest>
    <UnitTest name="Str_NotNull_ReturnsTrue" storage="/home/runner/work/typespec/typespec/packages/http-client-csharp/generator/artifacts/bin/microsoft.typespec.generator.tests/debug/net8.0/microsoft.typespec.generator.tests.dll" id="b4765288-7dfb-2aff-8e32-4472b27e8e24">
      <Execution id="fa44163c-e676-414a-939c-592f0dc980d5" />
      <TestMethod codeBase="/home/runner/work/typespec/typespec/packages/http-client-csharp/generator/artifacts/bin/Microsoft.TypeSpec.Generator.Tests/Debug/net8.0/Microsoft.TypeSpec.Generator.Tests.dll" adapterTypeName="executor://nunit3testexecutor/" className="Microsoft.TypeSpec.Generator.Tests.Providers.OptionalTests" name="Str_NotNull_ReturnsTrue" />
    </UnitTest>
    <UnitTest name="Json_Undefined_ReturnsFalse" storage="/home/runner/work/typespec/typespec/packages/http-client-csharp/generator/artifacts/bin/microsoft.typespec.generator.tests/debug/net8.0/microsoft.typespec.generator.tests.dll" id="df5557b0-a3f0-dee6-c2c9-9b29d323a624">
      <Execution id="2821bc68-a5ef-4bd6-a21a-4fcfbb264a58" />
      <TestMethod codeBase="/home/runner/work/typespec/typespec/packages/http-client-csharp/generator/artifacts/bin/Microsoft.TypeSpec.Generator.Tests/Debug/net8.0/Microsoft.TypeSpec.Generator.Tests.dll" adapterTypeName="executor://nunit3testexecutor/" className="Microsoft.TypeSpec.Generator.Tests.Providers.OptionalTests" name="Json_Undefined_ReturnsFalse" />
    </UnitTest>
    <UnitTest name="BuildTypeProviders_Override" storage="/home/runner/work/typespec/typespec/packages/http-client-csharp/generator/artifacts/bin/microsoft.typespec.generator.tests/debug/net8.0/microsoft.typespec.generator.tests.dll" id="f41ad874-8379-435c-16a6-3393d7b84b2d">
      <Execution id="2ed7ef6c-9d77-4304-a43e-a83ab5bf1799" />
      <TestMethod codeBase="/home/runner/work/typespec/typespec/packages/http-client-csharp/generator/artifacts/bin/Microsoft.TypeSpec.Generator.Tests/Debug/net8.0/Microsoft.TypeSpec.Generator.Tests.dll" adapterTypeName="executor://nunit3testexecutor/" className="Microsoft.TypeSpec.Generator.Tests.OutputLibraryTests" name="BuildTypeProviders_Override" />
    </UnitTest>
    <UnitTest name="ExtensibleStringEnumTypeProvider" storage="/home/runner/work/typespec/typespec/packages/http-client-csharp/generator/artifacts/bin/microsoft.typespec.generator.tests/debug/net8.0/microsoft.typespec.generator.tests.dll" id="3bc16559-3f1a-487f-4d9b-ee3c1eff2335">
      <Execution id="884b8a1e-3d71-4335-bc1c-bbd720fcb217" />
      <TestMethod codeBase="/home/runner/work/typespec/typespec/packages/http-client-csharp/generator/artifacts/bin/Microsoft.TypeSpec.Generator.Tests/Debug/net8.0/Microsoft.TypeSpec.Generator.Tests.dll" adapterTypeName="executor://nunit3testexecutor/" className="Microsoft.TypeSpec.Generator.Tests.TypeFactoryTests" name="ExtensibleStringEnumTypeProvider" />
    </UnitTest>
    <UnitTest name="CanCustomizeWithVisitor" storage="/home/runner/work/typespec/typespec/packages/http-client-csharp/generator/artifacts/bin/microsoft.typespec.generator.tests/debug/net8.0/microsoft.typespec.generator.tests.dll" id="5ed6d2f0-916e-9077-823c-7fdd9975f314">
      <Execution id="73e8d583-63ce-45b5-96ab-c63968062e8d" />
      <TestMethod codeBase="/home/runner/work/typespec/typespec/packages/http-client-csharp/generator/artifacts/bin/Microsoft.TypeSpec.Generator.Tests/Debug/net8.0/Microsoft.TypeSpec.Generator.Tests.dll" adapterTypeName="executor://nunit3testexecutor/" className="Microsoft.TypeSpec.Generator.Tests.Providers.ModelProviders.ModelCustomizationTests" name="CanCustomizeWithVisitor" />
    </UnitTest>
    <UnitTest name="ListExpression(System.Collections.Generic.IDictionary`2[System.Collections.Generic.IDictionary`2[System.Int32,System.String],System.Collections.Generic.IDictionary`2[System.String,System.Int32]])" storage="/home/runner/work/typespec/typespec/packages/http-client-csharp/generator/artifacts/bin/microsoft.typespec.generator.tests/debug/net8.0/microsoft.typespec.generator.tests.dll" id="91b95da8-603f-b232-9073-55e1b9d916b9">
      <Execution id="d99c1b4c-c8e9-4f5d-b7e0-1273d23ac349" />
      <TestMethod codeBase="/home/runner/work/typespec/typespec/packages/http-client-csharp/generator/artifacts/bin/Microsoft.TypeSpec.Generator.Tests/Debug/net8.0/Microsoft.TypeSpec.Generator.Tests.dll" adapterTypeName="executor://nunit3testexecutor/" className="Microsoft.TypeSpec.Generator.Tests.Expressions.KnownValueExpressionsTests" name="ListExpression(System.Collections.Generic.IDictionary`2[System.Collections.Generic.IDictionary`2[System.Int32,System.String],System.Collections.Generic.IDictionary`2[System.String,System.Int32]])" />
    </UnitTest>
    <UnitTest name="DictionaryExpressionAddItems" storage="/home/runner/work/typespec/typespec/packages/http-client-csharp/generator/artifacts/bin/microsoft.typespec.generator.tests/debug/net8.0/microsoft.typespec.generator.tests.dll" id="2dbe48d0-ea66-2f9c-042c-b20f4122277a">
      <Execution id="548e0e39-4b7f-4138-9354-361298a27909" />
      <TestMethod codeBase="/home/runner/work/typespec/typespec/packages/http-client-csharp/generator/artifacts/bin/Microsoft.TypeSpec.Generator.Tests/Debug/net8.0/Microsoft.TypeSpec.Generator.Tests.dll" adapterTypeName="executor://nunit3testexecutor/" className="Microsoft.TypeSpec.Generator.Tests.Expressions.KnownValueExpressionsTests" name="DictionaryExpressionAddItems" />
    </UnitTest>
    <UnitTest name="CreateEnum_WithDeclaringType" storage="/home/runner/work/typespec/typespec/packages/http-client-csharp/generator/artifacts/bin/microsoft.typespec.generator.tests/debug/net8.0/microsoft.typespec.generator.tests.dll" id="e1612184-9311-cf3b-b8e5-f009d0763ff6">
      <Execution id="b76dfd59-e329-4c47-945b-ded923d68e07" />
      <TestMethod codeBase="/home/runner/work/typespec/typespec/packages/http-client-csharp/generator/artifacts/bin/Microsoft.TypeSpec.Generator.Tests/Debug/net8.0/Microsoft.TypeSpec.Generator.Tests.dll" adapterTypeName="executor://nunit3testexecutor/" className="Microsoft.TypeSpec.Generator.Tests.TypeFactoryTests" name="CreateEnum_WithDeclaringType" />
    </UnitTest>
    <UnitTest name="IntSerializationFormat(UInt32,&quot;string&quot;)" storage="/home/runner/work/typespec/typespec/packages/http-client-csharp/generator/artifacts/bin/microsoft.typespec.generator.tests/debug/net8.0/microsoft.typespec.generator.tests.dll" id="6afd2284-a12c-4b44-ec89-155ada5d0ac1">
      <Execution id="24f38b91-0b29-4e40-b130-d75008d7f00c" />
      <TestMethod codeBase="/home/runner/work/typespec/typespec/packages/http-client-csharp/generator/artifacts/bin/Microsoft.TypeSpec.Generator.Tests/Debug/net8.0/Microsoft.TypeSpec.Generator.Tests.dll" adapterTypeName="executor://nunit3testexecutor/" className="Microsoft.TypeSpec.Generator.Tests.TypeFactoryTests" name="IntSerializationFormat(UInt32,&quot;string&quot;)" />
    </UnitTest>
    <UnitTest name="ModelWithNestedDiscriminators" storage="/home/runner/work/typespec/typespec/packages/http-client-csharp/generator/artifacts/bin/microsoft.typespec.generator.tests/debug/net8.0/microsoft.typespec.generator.tests.dll" id="bf371bb9-d33a-35c0-72da-089829f58fdc">
      <Execution id="83d6caab-6c11-4ed2-a887-5cbd042f6686" />
      <TestMethod codeBase="/home/runner/work/typespec/typespec/packages/http-client-csharp/generator/artifacts/bin/Microsoft.TypeSpec.Generator.Tests/Debug/net8.0/Microsoft.TypeSpec.Generator.Tests.dll" adapterTypeName="executor://nunit3testexecutor/" className="Microsoft.TypeSpec.Generator.Tests.Providers.ModelProviders.DiscriminatorTests" name="ModelWithNestedDiscriminators" />
    </UnitTest>
    <UnitTest name="BuildEnumType_ValidateStringBasedExtensibleEnum()" storage="/home/runner/work/typespec/typespec/packages/http-client-csharp/generator/artifacts/bin/microsoft.typespec.generator.tests/debug/net8.0/microsoft.typespec.generator.tests.dll" id="45b44dd3-d284-879a-8717-71f2dd6524b4">
      <Execution id="5e84678d-556d-4dcc-8166-224dbc3a3604" />
      <TestMethod codeBase="/home/runner/work/typespec/typespec/packages/http-client-csharp/generator/artifacts/bin/Microsoft.TypeSpec.Generator.Tests/Debug/net8.0/Microsoft.TypeSpec.Generator.Tests.dll" adapterTypeName="executor://nunit3testexecutor/" className="Microsoft.TypeSpec.Generator.Tests.Providers.EnumProviderTests" name="BuildEnumType_ValidateStringBasedExtensibleEnum()" />
    </UnitTest>
    <UnitTest name="GeneratesNewNamesInChildScope" storage="/home/runner/work/typespec/typespec/packages/http-client-csharp/generator/artifacts/bin/microsoft.typespec.generator.tests/debug/net8.0/microsoft.typespec.generator.tests.dll" id="21001f4f-7188-3241-0430-3531d1b521bc">
      <Execution id="5b931007-0c29-441f-bd2e-1265f527ad72" />
      <TestMethod codeBase="/home/runner/work/typespec/typespec/packages/http-client-csharp/generator/artifacts/bin/Microsoft.TypeSpec.Generator.Tests/Debug/net8.0/Microsoft.TypeSpec.Generator.Tests.dll" adapterTypeName="executor://nunit3testexecutor/" className="Microsoft.TypeSpec.Generator.Tests.Writers.CodeScopeTests" name="GeneratesNewNamesInChildScope" />
    </UnitTest>
    <UnitTest name="CodeWriter_WriteProperty_IndexerProperty_ExpressionBody_WithExplicitInterface" storage="/home/runner/work/typespec/typespec/packages/http-client-csharp/generator/artifacts/bin/microsoft.typespec.generator.tests/debug/net8.0/microsoft.typespec.generator.tests.dll" id="0d425a27-31f7-19b7-e956-36a35d28d84b">
      <Execution id="24d6ffd9-5310-4dad-9e47-59f50605a470" />
      <TestMethod codeBase="/home/runner/work/typespec/typespec/packages/http-client-csharp/generator/artifacts/bin/Microsoft.TypeSpec.Generator.Tests/Debug/net8.0/Microsoft.TypeSpec.Generator.Tests.dll" adapterTypeName="executor://nunit3testexecutor/" className="Microsoft.TypeSpec.Generator.Tests.Writers.CodeWriterTests" name="CodeWriter_WriteProperty_IndexerProperty_ExpressionBody_WithExplicitInterface" />
    </UnitTest>
    <UnitTest name="AttributeStatementWithNoArgument" storage="/home/runner/work/typespec/typespec/packages/http-client-csharp/generator/artifacts/bin/microsoft.typespec.generator.tests/debug/net8.0/microsoft.typespec.generator.tests.dll" id="728bdcae-6695-3542-b84c-d6fe04d3f51c">
      <Execution id="5a62304f-7eb0-4b24-8420-ff269bc529dc" />
      <TestMethod codeBase="/home/runner/work/typespec/typespec/packages/http-client-csharp/generator/artifacts/bin/Microsoft.TypeSpec.Generator.Tests/Debug/net8.0/Microsoft.TypeSpec.Generator.Tests.dll" adapterTypeName="executor://nunit3testexecutor/" className="Microsoft.TypeSpec.Generator.Tests.Statements.AttributeStatementTests" name="AttributeStatementWithNoArgument" />
    </UnitTest>
    <UnitTest name="IntSerializationFormat(Integer,null)" storage="/home/runner/work/typespec/typespec/packages/http-client-csharp/generator/artifacts/bin/microsoft.typespec.generator.tests/debug/net8.0/microsoft.typespec.generator.tests.dll" id="f30472ac-a944-bd45-9054-2cf614ac9580">
      <Execution id="502fc344-93e6-4bdc-908a-7a79e92a364e" />
      <TestMethod codeBase="/home/runner/work/typespec/typespec/packages/http-client-csharp/generator/artifacts/bin/Microsoft.TypeSpec.Generator.Tests/Debug/net8.0/Microsoft.TypeSpec.Generator.Tests.dll" adapterTypeName="executor://nunit3testexecutor/" className="Microsoft.TypeSpec.Generator.Tests.TypeFactoryTests" name="IntSerializationFormat(Integer,null)" />
    </UnitTest>
    <UnitTest name="TestBreakLines_RecursiveFormattableStringsWithAllLineBreaks" storage="/home/runner/work/typespec/typespec/packages/http-client-csharp/generator/artifacts/bin/microsoft.typespec.generator.tests/debug/net8.0/microsoft.typespec.generator.tests.dll" id="ad405981-b262-d2c1-3af9-18da6417b9a4">
      <Execution id="11de04e7-d28f-4dd4-91ad-67cfa483f223" />
      <TestMethod codeBase="/home/runner/work/typespec/typespec/packages/http-client-csharp/generator/artifacts/bin/Microsoft.TypeSpec.Generator.Tests/Debug/net8.0/Microsoft.TypeSpec.Generator.Tests.dll" adapterTypeName="executor://nunit3testexecutor/" className="Microsoft.TypeSpec.Generator.Tests.Utilities.FormattableStringHelpersTests" name="TestBreakLines_RecursiveFormattableStringsWithAllLineBreaks" />
    </UnitTest>
    <UnitTest name="Nullable_HasValue_ReturnsTrue" storage="/home/runner/work/typespec/typespec/packages/http-client-csharp/generator/artifacts/bin/microsoft.typespec.generator.tests/debug/net8.0/microsoft.typespec.generator.tests.dll" id="e16b20de-eff3-a90a-31e9-7af8dfaecfc5">
      <Execution id="500ac7e1-6195-4f96-9078-165223862039" />
      <TestMethod codeBase="/home/runner/work/typespec/typespec/packages/http-client-csharp/generator/artifacts/bin/Microsoft.TypeSpec.Generator.Tests/Debug/net8.0/Microsoft.TypeSpec.Generator.Tests.dll" adapterTypeName="executor://nunit3testexecutor/" className="Microsoft.TypeSpec.Generator.Tests.Providers.OptionalTests" name="Nullable_HasValue_ReturnsTrue" />
    </UnitTest>
    <UnitTest name="IsReadOnlyMemory(System.Int32,False)" storage="/home/runner/work/typespec/typespec/packages/http-client-csharp/generator/artifacts/bin/microsoft.typespec.generator.tests/debug/net8.0/microsoft.typespec.generator.tests.dll" id="f612166a-4245-7d44-9b6c-42070a4d1ea1">
      <Execution id="2554e504-f590-4ebf-bbbe-f7011bd4ddf3" />
      <TestMethod codeBase="/home/runner/work/typespec/typespec/packages/http-client-csharp/generator/artifacts/bin/Microsoft.TypeSpec.Generator.Tests/Debug/net8.0/Microsoft.TypeSpec.Generator.Tests.dll" adapterTypeName="executor://nunit3testexecutor/" className="Microsoft.TypeSpec.Generator.Tests.Primitives.CSharpTypeTests" name="IsReadOnlyMemory(System.Int32,False)" />
    </UnitTest>
    <UnitTest name="ValidateGetFormattableStringFormatParts(&quot;This {0} has literal }}&quot;,[Part { Value = This , IsLiteral = True, ArgumentIndex = -1 }, Part { Value = 0, IsLiteral = False, ArgumentIndex = 0 }, Part { Value =  has literal }, IsLiteral = True, ArgumentIndex = -1 }])" storage="/home/runner/work/typespec/typespec/packages/http-client-csharp/generator/artifacts/bin/microsoft.typespec.generator.tests/debug/net8.0/microsoft.typespec.generator.tests.dll" id="4b0495f2-4b55-bc93-8a31-4245199393b9">
      <Execution id="d5830c21-877f-4fb4-a785-696b3a6945ec" />
      <TestMethod codeBase="/home/runner/work/typespec/typespec/packages/http-client-csharp/generator/artifacts/bin/Microsoft.TypeSpec.Generator.Tests/Debug/net8.0/Microsoft.TypeSpec.Generator.Tests.dll" adapterTypeName="executor://nunit3testexecutor/" className="Microsoft.TypeSpec.Generator.Tests.Utilities.StringExtensionsTests" name="ValidateGetFormattableStringFormatParts(&quot;This {0} has literal }}&quot;,[Part { Value = This , IsLiteral = True, ArgumentIndex = -1 }, Part { Value = 0, IsLiteral = False, ArgumentIndex = 0 }, Part { Value =  has literal }, IsLiteral = True, ArgumentIndex = -1 }])" />
    </UnitTest>
    <UnitTest name="TypesAreEqualForGenericTypes(System.Collections.Generic.IDictionary`2[TKey,TValue],[System.String, System.Collections.Generic.IDictionary`2[System.String,System.Int32]])" storage="/home/runner/work/typespec/typespec/packages/http-client-csharp/generator/artifacts/bin/microsoft.typespec.generator.tests/debug/net8.0/microsoft.typespec.generator.tests.dll" id="2e353a49-9676-3f79-69fa-f42788fbc4b6">
      <Execution id="bc662ad0-db38-41d7-96ed-7be6f975feff" />
      <TestMethod codeBase="/home/runner/work/typespec/typespec/packages/http-client-csharp/generator/artifacts/bin/Microsoft.TypeSpec.Generator.Tests/Debug/net8.0/Microsoft.TypeSpec.Generator.Tests.dll" adapterTypeName="executor://nunit3testexecutor/" className="Microsoft.TypeSpec.Generator.Tests.Primitives.CSharpTypeTests" name="TypesAreEqualForGenericTypes(System.Collections.Generic.IDictionary`2[TKey,TValue],[System.String, System.Collections.Generic.IDictionary`2[System.String,System.Int32]])" />
    </UnitTest>
    <UnitTest name="TestParseCommandLineOptionsArgs([&quot;../inputDir&quot;, &quot;-g CodeModelGenerator&quot;],False)" storage="/home/runner/work/typespec/typespec/packages/http-client-csharp/generator/artifacts/bin/microsoft.typespec.generator.tests/debug/net8.0/microsoft.typespec.generator.tests.dll" id="e303d999-2b6c-2af9-2825-d923ed6aba31">
      <Execution id="7d6b6762-0cf5-4958-b6bc-e4261167e7c7" />
      <TestMethod codeBase="/home/runner/work/typespec/typespec/packages/http-client-csharp/generator/artifacts/bin/Microsoft.TypeSpec.Generator.Tests/Debug/net8.0/Microsoft.TypeSpec.Generator.Tests.dll" adapterTypeName="executor://nunit3testexecutor/" className="Microsoft.TypeSpec.Generator.Tests.StartUp.CommandLineOptionsTests" name="TestParseCommandLineOptionsArgs([&quot;../inputDir&quot;, &quot;-g CodeModelGenerator&quot;],False)" />
    </UnitTest>
    <UnitTest name="BodyHasSetterValidation(&quot;nullableDictionaryOnOutputModel&quot;,Microsoft.TypeSpec.Generator.Input.InputModelType,False,null)" storage="/home/runner/work/typespec/typespec/packages/http-client-csharp/generator/artifacts/bin/microsoft.typespec.generator.tests/debug/net8.0/microsoft.typespec.generator.tests.dll" id="abdfa71c-d861-a0bd-95a8-0382e940dc7f">
      <Execution id="b232c8f7-452d-4a45-9263-2aefb903dd74" />
      <TestMethod codeBase="/home/runner/work/typespec/typespec/packages/http-client-csharp/generator/artifacts/bin/Microsoft.TypeSpec.Generator.Tests/Debug/net8.0/Microsoft.TypeSpec.Generator.Tests.dll" adapterTypeName="executor://nunit3testexecutor/" className="Microsoft.TypeSpec.Generator.Tests.Providers.PropertyProviderTests" name="BodyHasSetterValidation(&quot;nullableDictionaryOnOutputModel&quot;,Microsoft.TypeSpec.Generator.Input.InputModelType,False,null)" />
    </UnitTest>
    <UnitTest name="CanChangeExpressionStatement" storage="/home/runner/work/typespec/typespec/packages/http-client-csharp/generator/artifacts/bin/microsoft.typespec.generator.tests/debug/net8.0/microsoft.typespec.generator.tests.dll" id="2d409205-bd6b-eece-0bf9-3da5a8853c4a">
      <Execution id="670f3e93-baaf-425d-903d-e7506e2c7b71" />
      <TestMethod codeBase="/home/runner/work/typespec/typespec/packages/http-client-csharp/generator/artifacts/bin/Microsoft.TypeSpec.Generator.Tests/Debug/net8.0/Microsoft.TypeSpec.Generator.Tests.dll" adapterTypeName="executor://nunit3testexecutor/" className="Microsoft.TypeSpec.Generator.Tests.Expressions.ExpressionVisitorTests" name="CanChangeExpressionStatement" />
    </UnitTest>
    <UnitTest name="TestIsCSharpKeyword(&quot;descending&quot;,True)" storage="/home/runner/work/typespec/typespec/packages/http-client-csharp/generator/artifacts/bin/microsoft.typespec.generator.tests/debug/net8.0/microsoft.typespec.generator.tests.dll" id="f6e27fe0-f979-15d0-c02d-597aa53727aa">
      <Execution id="33ab3e81-a1ca-4839-896d-ea314d14a8e0" />
      <TestMethod codeBase="/home/runner/work/typespec/typespec/packages/http-client-csharp/generator/artifacts/bin/Microsoft.TypeSpec.Generator.Tests/Debug/net8.0/Microsoft.TypeSpec.Generator.Tests.dll" adapterTypeName="executor://nunit3testexecutor/" className="Microsoft.TypeSpec.Generator.Tests.Utilities.StringExtensionsTests" name="TestIsCSharpKeyword(&quot;descending&quot;,True)" />
    </UnitTest>
    <UnitTest name="CanReplaceModelMethod" storage="/home/runner/work/typespec/typespec/packages/http-client-csharp/generator/artifacts/bin/microsoft.typespec.generator.tests/debug/net8.0/microsoft.typespec.generator.tests.dll" id="fd8f3f21-e3fc-5557-187a-5397b25a9e29">
      <Execution id="9bbdadd2-b74a-42df-9527-9be47e85653a" />
      <TestMethod codeBase="/home/runner/work/typespec/typespec/packages/http-client-csharp/generator/artifacts/bin/Microsoft.TypeSpec.Generator.Tests/Debug/net8.0/Microsoft.TypeSpec.Generator.Tests.dll" adapterTypeName="executor://nunit3testexecutor/" className="Microsoft.TypeSpec.Generator.Tests.Providers.ModelFactories.ModelFactoriesCustomizationTests" name="CanReplaceModelMethod" />
    </UnitTest>
    <UnitTest name="IsList(System.Collections.Generic.ICollection`1[T],True)" storage="/home/runner/work/typespec/typespec/packages/http-client-csharp/generator/artifacts/bin/microsoft.typespec.generator.tests/debug/net8.0/microsoft.typespec.generator.tests.dll" id="905dfdc6-9448-9f00-51aa-f98f66624d9e">
      <Execution id="964f540d-fbd8-4e58-b178-8235e4fe66ba" />
      <TestMethod codeBase="/home/runner/work/typespec/typespec/packages/http-client-csharp/generator/artifacts/bin/Microsoft.TypeSpec.Generator.Tests/Debug/net8.0/Microsoft.TypeSpec.Generator.Tests.dll" adapterTypeName="executor://nunit3testexecutor/" className="Microsoft.TypeSpec.Generator.Tests.Primitives.CSharpTypeTests" name="IsList(System.Collections.Generic.ICollection`1[T],True)" />
    </UnitTest>
    <UnitTest name="TypesAreNotEqual(System.Collections.Generic.IList`1[System.Int32],System.Collections.Generic.IList`1[System.String])" storage="/home/runner/work/typespec/typespec/packages/http-client-csharp/generator/artifacts/bin/microsoft.typespec.generator.tests/debug/net8.0/microsoft.typespec.generator.tests.dll" id="0fe591bd-5294-b0b8-b514-391806a3b142">
      <Execution id="6107fccd-3b5c-4dd4-9d21-86760d8c6b52" />
      <TestMethod codeBase="/home/runner/work/typespec/typespec/packages/http-client-csharp/generator/artifacts/bin/Microsoft.TypeSpec.Generator.Tests/Debug/net8.0/Microsoft.TypeSpec.Generator.Tests.dll" adapterTypeName="executor://nunit3testexecutor/" className="Microsoft.TypeSpec.Generator.Tests.Primitives.CSharpTypeTests" name="TypesAreNotEqual(System.Collections.Generic.IList`1[System.Int32],System.Collections.Generic.IList`1[System.String])" />
    </UnitTest>
    <UnitTest name="HashCodesAreEqual(System.Int32)" storage="/home/runner/work/typespec/typespec/packages/http-client-csharp/generator/artifacts/bin/microsoft.typespec.generator.tests/debug/net8.0/microsoft.typespec.generator.tests.dll" id="d9f1c952-724b-22d5-1cf2-9a9691b6ae3f">
      <Execution id="d6baf5a2-df79-4d43-a62d-021e5c7a72de" />
      <TestMethod codeBase="/home/runner/work/typespec/typespec/packages/http-client-csharp/generator/artifacts/bin/Microsoft.TypeSpec.Generator.Tests/Debug/net8.0/Microsoft.TypeSpec.Generator.Tests.dll" adapterTypeName="executor://nunit3testexecutor/" className="Microsoft.TypeSpec.Generator.Tests.Primitives.CSharpTypeTests" name="HashCodesAreEqual(System.Int32)" />
    </UnitTest>
    <UnitTest name="BaseShouldBeAbstract(Microsoft.TypeSpec.Generator.Input.InputModelType,&quot;/// &lt;summary&gt;\n/// pet description\n/// Please note this is the abstract base class. The derived classes available for instantiation are: &lt;see cref=\&quot;Cat\&quot;/&gt;, &lt;see cref=\&quot;Dog\&quot;/&gt;, and &lt;see cref=\&quot;AnotherAnimal\&quot;/&gt;.\n/// &lt;/summary&gt;\n&quot;)" storage="/home/runner/work/typespec/typespec/packages/http-client-csharp/generator/artifacts/bin/microsoft.typespec.generator.tests/debug/net8.0/microsoft.typespec.generator.tests.dll" id="c6392d65-60e0-09da-dd41-09756e593911">
      <Execution id="e0f7b1d3-7052-4837-b7bc-1812026d539d" />
      <TestMethod codeBase="/home/runner/work/typespec/typespec/packages/http-client-csharp/generator/artifacts/bin/Microsoft.TypeSpec.Generator.Tests/Debug/net8.0/Microsoft.TypeSpec.Generator.Tests.dll" adapterTypeName="executor://nunit3testexecutor/" className="Microsoft.TypeSpec.Generator.Tests.Providers.ModelProviders.DiscriminatorTests" name="BaseShouldBeAbstract(Microsoft.TypeSpec.Generator.Input.InputModelType,&quot;/// &lt;summary&gt;\n/// pet description\n/// Please note this is the abstract base class. The derived classes available for instantiation are: &lt;see cref=\&quot;Cat\&quot;/&gt;, &lt;see cref=\&quot;Dog\&quot;/&gt;, and &lt;see cref=\&quot;AnotherAnimal\&quot;/&gt;.\n/// &lt;/summary&gt;\n&quot;)" />
    </UnitTest>
    <UnitTest name="CanCustomizeRelativeFilePath" storage="/home/runner/work/typespec/typespec/packages/http-client-csharp/generator/artifacts/bin/microsoft.typespec.generator.tests/debug/net8.0/microsoft.typespec.generator.tests.dll" id="7b5a5011-8ead-4a1a-b27f-f4fe1ca00646">
      <Execution id="80a51695-1130-4473-bfe4-bd93da77ea09" />
      <TestMethod codeBase="/home/runner/work/typespec/typespec/packages/http-client-csharp/generator/artifacts/bin/Microsoft.TypeSpec.Generator.Tests/Debug/net8.0/Microsoft.TypeSpec.Generator.Tests.dll" adapterTypeName="executor://nunit3testexecutor/" className="Microsoft.TypeSpec.Generator.Tests.Providers.ModelProviders.ModelCustomizationTests" name="CanCustomizeRelativeFilePath" />
    </UnitTest>
    <UnitTest name="TestIsCSharpKeyword(&quot;operator&quot;,True)" storage="/home/runner/work/typespec/typespec/packages/http-client-csharp/generator/artifacts/bin/microsoft.typespec.generator.tests/debug/net8.0/microsoft.typespec.generator.tests.dll" id="c094ec8d-70f8-9c58-813c-afbff0e8c977">
      <Execution id="d52318c6-92af-4e34-8d5c-a13d07f18217" />
      <TestMethod codeBase="/home/runner/work/typespec/typespec/packages/http-client-csharp/generator/artifacts/bin/Microsoft.TypeSpec.Generator.Tests/Debug/net8.0/Microsoft.TypeSpec.Generator.Tests.dll" adapterTypeName="executor://nunit3testexecutor/" className="Microsoft.TypeSpec.Generator.Tests.Utilities.StringExtensionsTests" name="TestIsCSharpKeyword(&quot;operator&quot;,True)" />
    </UnitTest>
    <UnitTest name="FullyQualifiedName_NestedTypes" storage="/home/runner/work/typespec/typespec/packages/http-client-csharp/generator/artifacts/bin/microsoft.typespec.generator.tests/debug/net8.0/microsoft.typespec.generator.tests.dll" id="284f9bbe-728c-fdce-8c84-66a8d4916b74">
      <Execution id="0c95c994-f001-475b-a97c-7628fdd9bc2a" />
      <TestMethod codeBase="/home/runner/work/typespec/typespec/packages/http-client-csharp/generator/artifacts/bin/Microsoft.TypeSpec.Generator.Tests/Debug/net8.0/Microsoft.TypeSpec.Generator.Tests.dll" adapterTypeName="executor://nunit3testexecutor/" className="Microsoft.TypeSpec.Generator.Tests.Primitives.CSharpTypeTests" name="FullyQualifiedName_NestedTypes" />
    </UnitTest>
    <UnitTest name="ValidatePropertyTypes(Microsoft.TypeSpec.Generator.Tests.PropertyType)" storage="/home/runner/work/typespec/typespec/packages/http-client-csharp/generator/artifacts/bin/microsoft.typespec.generator.tests/debug/net8.0/microsoft.typespec.generator.tests.dll" id="9c269d02-40ef-d512-2a3f-df61e04eb23d">
      <Execution id="294c9541-197b-4a4b-88fe-515423390591" />
      <TestMethod codeBase="/home/runner/work/typespec/typespec/packages/http-client-csharp/generator/artifacts/bin/Microsoft.TypeSpec.Generator.Tests/Debug/net8.0/Microsoft.TypeSpec.Generator.Tests.dll" adapterTypeName="executor://nunit3testexecutor/" className="Microsoft.TypeSpec.Generator.Tests.Providers.NamedTypeSymbolProviders.NamedTypeSymbolProviderTests" name="ValidatePropertyTypes(Microsoft.TypeSpec.Generator.Tests.PropertyType)" />
    </UnitTest>
    <UnitTest name="NotEqualToFrameworkType(System.Int32,System.Collections.Generic.IList`1[T])" storage="/home/runner/work/typespec/typespec/packages/http-client-csharp/generator/artifacts/bin/microsoft.typespec.generator.tests/debug/net8.0/microsoft.typespec.generator.tests.dll" id="f3cf7100-5773-859d-7955-02f51d4e15e4">
      <Execution id="fc1dd278-7504-4807-bf3a-78de44b5f763" />
      <TestMethod codeBase="/home/runner/work/typespec/typespec/packages/http-client-csharp/generator/artifacts/bin/Microsoft.TypeSpec.Generator.Tests/Debug/net8.0/Microsoft.TypeSpec.Generator.Tests.dll" adapterTypeName="executor://nunit3testexecutor/" className="Microsoft.TypeSpec.Generator.Tests.Primitives.CSharpTypeTests" name="NotEqualToFrameworkType(System.Int32,System.Collections.Generic.IList`1[T])" />
    </UnitTest>
    <UnitTest name="IsArray(System.Int32[],True)" storage="/home/runner/work/typespec/typespec/packages/http-client-csharp/generator/artifacts/bin/microsoft.typespec.generator.tests/debug/net8.0/microsoft.typespec.generator.tests.dll" id="a5540c0f-f1fa-9e7d-2b05-d2d2c90fc688">
      <Execution id="c9795534-df9e-4275-adff-17c6a71b17a8" />
      <TestMethod codeBase="/home/runner/work/typespec/typespec/packages/http-client-csharp/generator/artifacts/bin/Microsoft.TypeSpec.Generator.Tests/Debug/net8.0/Microsoft.TypeSpec.Generator.Tests.dll" adapterTypeName="executor://nunit3testexecutor/" className="Microsoft.TypeSpec.Generator.Tests.Primitives.CSharpTypeTests" name="IsArray(System.Int32[],True)" />
    </UnitTest>
    <UnitTest name="TestIsCSharpKeyword(&quot;float&quot;,True)" storage="/home/runner/work/typespec/typespec/packages/http-client-csharp/generator/artifacts/bin/microsoft.typespec.generator.tests/debug/net8.0/microsoft.typespec.generator.tests.dll" id="af7d41e3-f32d-421b-cda7-698b15153704">
      <Execution id="6ac53fed-2a99-4e48-ad6e-47b5e6874cac" />
      <TestMethod codeBase="/home/runner/work/typespec/typespec/packages/http-client-csharp/generator/artifacts/bin/Microsoft.TypeSpec.Generator.Tests/Debug/net8.0/Microsoft.TypeSpec.Generator.Tests.dll" adapterTypeName="executor://nunit3testexecutor/" className="Microsoft.TypeSpec.Generator.Tests.Utilities.StringExtensionsTests" name="TestIsCSharpKeyword(&quot;float&quot;,True)" />
    </UnitTest>
    <UnitTest name="SystemTypeOperatorTestNotEqual(System.Collections.Generic.IList`1[System.Int32],System.Collections.Generic.ICollection`1[System.Int32])" storage="/home/runner/work/typespec/typespec/packages/http-client-csharp/generator/artifacts/bin/microsoft.typespec.generator.tests/debug/net8.0/microsoft.typespec.generator.tests.dll" id="62232ef3-0e18-add8-8d4e-aaf97dfe638c">
      <Execution id="f4b654b9-0a82-45c9-aa81-5389792bd9e3" />
      <TestMethod codeBase="/home/runner/work/typespec/typespec/packages/http-client-csharp/generator/artifacts/bin/Microsoft.TypeSpec.Generator.Tests/Debug/net8.0/Microsoft.TypeSpec.Generator.Tests.dll" adapterTypeName="executor://nunit3testexecutor/" className="Microsoft.TypeSpec.Generator.Tests.Expressions.ValueExpressionTests" name="SystemTypeOperatorTestNotEqual(System.Collections.Generic.IList`1[System.Int32],System.Collections.Generic.ICollection`1[System.Int32])" />
    </UnitTest>
    <UnitTest name="Dict_Undefined_ReturnsFalse" storage="/home/runner/work/typespec/typespec/packages/http-client-csharp/generator/artifacts/bin/microsoft.typespec.generator.tests/debug/net8.0/microsoft.typespec.generator.tests.dll" id="23c59f2d-7d8b-10cc-504a-a960e4958c91">
      <Execution id="011c83a7-52e2-486d-a04b-abebd79ad5e6" />
      <TestMethod codeBase="/home/runner/work/typespec/typespec/packages/http-client-csharp/generator/artifacts/bin/Microsoft.TypeSpec.Generator.Tests/Debug/net8.0/Microsoft.TypeSpec.Generator.Tests.dll" adapterTypeName="executor://nunit3testexecutor/" className="Microsoft.TypeSpec.Generator.Tests.Providers.OptionalTests" name="Dict_Undefined_ReturnsFalse" />
    </UnitTest>
    <UnitTest name="XmlDocForParameterWithInvalidIdentifierName(&quot;new-parameter&quot;)" storage="/home/runner/work/typespec/typespec/packages/http-client-csharp/generator/artifacts/bin/microsoft.typespec.generator.tests/debug/net8.0/microsoft.typespec.generator.tests.dll" id="a55375cd-1f09-0d30-7bd7-d8f7c39a5114">
      <Execution id="cd7f5a00-7ff9-46f2-bcf5-0c071e9b5c8c" />
      <TestMethod codeBase="/home/runner/work/typespec/typespec/packages/http-client-csharp/generator/artifacts/bin/Microsoft.TypeSpec.Generator.Tests/Debug/net8.0/Microsoft.TypeSpec.Generator.Tests.dll" adapterTypeName="executor://nunit3testexecutor/" className="Microsoft.TypeSpec.Generator.Tests.Statements.XmlDocParamStatementTests" name="XmlDocForParameterWithInvalidIdentifierName(&quot;new-parameter&quot;)" />
    </UnitTest>
    <UnitTest name="DerivedHasNoKindProperty" storage="/home/runner/work/typespec/typespec/packages/http-client-csharp/generator/artifacts/bin/microsoft.typespec.generator.tests/debug/net8.0/microsoft.typespec.generator.tests.dll" id="08a90619-da84-380e-ed0e-dc7c7348d1d7">
      <Execution id="3546abb6-5d41-4cb7-ba1f-47344ec242a7" />
      <TestMethod codeBase="/home/runner/work/typespec/typespec/packages/http-client-csharp/generator/artifacts/bin/Microsoft.TypeSpec.Generator.Tests/Debug/net8.0/Microsoft.TypeSpec.Generator.Tests.dll" adapterTypeName="executor://nunit3testexecutor/" className="Microsoft.TypeSpec.Generator.Tests.Providers.ModelProviders.DiscriminatorTests" name="DerivedHasNoKindProperty" />
    </UnitTest>
    <UnitTest name="DisableDocsForMethod" storage="/home/runner/work/typespec/typespec/packages/http-client-csharp/generator/artifacts/bin/microsoft.typespec.generator.tests/debug/net8.0/microsoft.typespec.generator.tests.dll" id="50d4599d-441b-6d48-33c5-276e0531443b">
      <Execution id="38263a59-1d36-4b90-8267-7eee367d38cb" />
      <TestMethod codeBase="/home/runner/work/typespec/typespec/packages/http-client-csharp/generator/artifacts/bin/Microsoft.TypeSpec.Generator.Tests/Debug/net8.0/Microsoft.TypeSpec.Generator.Tests.dll" adapterTypeName="executor://nunit3testexecutor/" className="Microsoft.TypeSpec.Generator.Tests.ConfigurationTests" name="DisableDocsForMethod" />
    </UnitTest>
    <UnitTest name="CollectionProperty(global::System.Collections.Generic.IList&lt;string&gt;,Microsoft.TypeSpec.Generator.Input.InputModelProperty,global::System.Collections.Generic.IReadOnlyList&lt;string&gt;)" storage="/home/runner/work/typespec/typespec/packages/http-client-csharp/generator/artifacts/bin/microsoft.typespec.generator.tests/debug/net8.0/microsoft.typespec.generator.tests.dll" id="afec90f6-9620-161f-dfc2-32352e356193">
      <Execution id="1135d3e4-0495-48d6-849d-2759e5c08a20" />
      <TestMethod codeBase="/home/runner/work/typespec/typespec/packages/http-client-csharp/generator/artifacts/bin/Microsoft.TypeSpec.Generator.Tests/Debug/net8.0/Microsoft.TypeSpec.Generator.Tests.dll" adapterTypeName="executor://nunit3testexecutor/" className="Microsoft.TypeSpec.Generator.Tests.Providers.PropertyProviderTests" name="CollectionProperty(global::System.Collections.Generic.IList&lt;string&gt;,Microsoft.TypeSpec.Generator.Input.InputModelProperty,global::System.Collections.Generic.IReadOnlyList&lt;string&gt;)" />
    </UnitTest>
    <UnitTest name="CanRemoveMethods" storage="/home/runner/work/typespec/typespec/packages/http-client-csharp/generator/artifacts/bin/microsoft.typespec.generator.tests/debug/net8.0/microsoft.typespec.generator.tests.dll" id="79f04eff-f207-05e6-57f3-7e80f6692a74">
      <Execution id="9f1d1aad-32ba-430a-a2f0-2815234eb3f1" />
      <TestMethod codeBase="/home/runner/work/typespec/typespec/packages/http-client-csharp/generator/artifacts/bin/Microsoft.TypeSpec.Generator.Tests/Debug/net8.0/Microsoft.TypeSpec.Generator.Tests.dll" adapterTypeName="executor://nunit3testexecutor/" className="Microsoft.TypeSpec.Generator.Tests.Providers.ModelProviders.ClientCustomizationTests" name="CanRemoveMethods" />
    </UnitTest>
    <UnitTest name="IntSerializationFormat(Int32,null)" storage="/home/runner/work/typespec/typespec/packages/http-client-csharp/generator/artifacts/bin/microsoft.typespec.generator.tests/debug/net8.0/microsoft.typespec.generator.tests.dll" id="09cddab9-eb31-04da-1175-a69e6fc6e11a">
      <Execution id="dde096ca-02f1-4d97-ae58-3224edfce7e6" />
      <TestMethod codeBase="/home/runner/work/typespec/typespec/packages/http-client-csharp/generator/artifacts/bin/Microsoft.TypeSpec.Generator.Tests/Debug/net8.0/Microsoft.TypeSpec.Generator.Tests.dll" adapterTypeName="executor://nunit3testexecutor/" className="Microsoft.TypeSpec.Generator.Tests.TypeFactoryTests" name="IntSerializationFormat(Int32,null)" />
    </UnitTest>
    <UnitTest name="BodyHasSetterValidation(&quot;readOnlyDictionaryOnOutputModel&quot;,Microsoft.TypeSpec.Generator.Input.InputModelType,False,null)" storage="/home/runner/work/typespec/typespec/packages/http-client-csharp/generator/artifacts/bin/microsoft.typespec.generator.tests/debug/net8.0/microsoft.typespec.generator.tests.dll" id="d658d123-051f-351d-7f72-2cb4dd202acf">
      <Execution id="7a434437-0ba7-4f66-b57e-73d5c822215d" />
      <TestMethod codeBase="/home/runner/work/typespec/typespec/packages/http-client-csharp/generator/artifacts/bin/Microsoft.TypeSpec.Generator.Tests/Debug/net8.0/Microsoft.TypeSpec.Generator.Tests.dll" adapterTypeName="executor://nunit3testexecutor/" className="Microsoft.TypeSpec.Generator.Tests.Providers.PropertyProviderTests" name="BodyHasSetterValidation(&quot;readOnlyDictionaryOnOutputModel&quot;,Microsoft.TypeSpec.Generator.Input.InputModelType,False,null)" />
    </UnitTest>
    <UnitTest name="CanResetTypeProvider" storage="/home/runner/work/typespec/typespec/packages/http-client-csharp/generator/artifacts/bin/microsoft.typespec.generator.tests/debug/net8.0/microsoft.typespec.generator.tests.dll" id="c1a4ca7e-58dd-da5f-71c8-6ba4d461996f">
      <Execution id="ec0b25b2-a492-4dbd-8637-45370cf3b958" />
      <TestMethod codeBase="/home/runner/work/typespec/typespec/packages/http-client-csharp/generator/artifacts/bin/Microsoft.TypeSpec.Generator.Tests/Debug/net8.0/Microsoft.TypeSpec.Generator.Tests.dll" adapterTypeName="executor://nunit3testexecutor/" className="Microsoft.TypeSpec.Generator.Tests.Providers.TypeProviderTests" name="CanResetTypeProvider" />
    </UnitTest>
    <UnitTest name="ValidatePropertyTypes(Microsoft.TypeSpec.Generator.Tests.Providers.NamedTypeSymbolProviders.NamedTypeSymbolProviderTests+SomeEnum,True)" storage="/home/runner/work/typespec/typespec/packages/http-client-csharp/generator/artifacts/bin/microsoft.typespec.generator.tests/debug/net8.0/microsoft.typespec.generator.tests.dll" id="0b61410d-7c21-eb75-e03e-b626691120bc">
      <Execution id="7cc2c3d0-ca3d-46c6-988b-8679c4f82456" />
      <TestMethod codeBase="/home/runner/work/typespec/typespec/packages/http-client-csharp/generator/artifacts/bin/Microsoft.TypeSpec.Generator.Tests/Debug/net8.0/Microsoft.TypeSpec.Generator.Tests.dll" adapterTypeName="executor://nunit3testexecutor/" className="Microsoft.TypeSpec.Generator.Tests.Providers.NamedTypeSymbolProviders.NamedTypeSymbolProviderTests" name="ValidatePropertyTypes(Microsoft.TypeSpec.Generator.Tests.Providers.NamedTypeSymbolProviders.NamedTypeSymbolProviderTests+SomeEnum,True)" />
    </UnitTest>
    <UnitTest name="ValidateNamespace" storage="/home/runner/work/typespec/typespec/packages/http-client-csharp/generator/artifacts/bin/microsoft.typespec.generator.tests/debug/net8.0/microsoft.typespec.generator.tests.dll" id="3a028288-8eb0-b563-580d-e5c9889ffc64">
      <Execution id="48eb41bb-e587-42ff-b251-020fe24c05eb" />
      <TestMethod codeBase="/home/runner/work/typespec/typespec/packages/http-client-csharp/generator/artifacts/bin/Microsoft.TypeSpec.Generator.Tests/Debug/net8.0/Microsoft.TypeSpec.Generator.Tests.dll" adapterTypeName="executor://nunit3testexecutor/" className="Microsoft.TypeSpec.Generator.Tests.Providers.NamedTypeSymbolProviders.NamedTypeSymbolProviderTests" name="ValidateNamespace" />
    </UnitTest>
    <UnitTest name="ValidateNullableTypes(System.Nullable`1[Microsoft.TypeSpec.Generator.Tests.Primitives.CSharpTypeTests+TestStruct`1[Microsoft.TypeSpec.Generator.Tests.Primitives.CSharpTypeTests+TestStruct`1[System.Int32]]],[global::Microsoft.TypeSpec.Generator.Tests.Primitives.CSharpTypeTests.TestStruct&lt;int&gt;],True)" storage="/home/runner/work/typespec/typespec/packages/http-client-csharp/generator/artifacts/bin/microsoft.typespec.generator.tests/debug/net8.0/microsoft.typespec.generator.tests.dll" id="921f0437-d036-ac9e-3cba-d8023f470487">
      <Execution id="994f5b39-3826-43c5-bc00-26498dcdf63e" />
      <TestMethod codeBase="/home/runner/work/typespec/typespec/packages/http-client-csharp/generator/artifacts/bin/Microsoft.TypeSpec.Generator.Tests/Debug/net8.0/Microsoft.TypeSpec.Generator.Tests.dll" adapterTypeName="executor://nunit3testexecutor/" className="Microsoft.TypeSpec.Generator.Tests.Primitives.CSharpTypeTests" name="ValidateNullableTypes(System.Nullable`1[Microsoft.TypeSpec.Generator.Tests.Primitives.CSharpTypeTests+TestStruct`1[Microsoft.TypeSpec.Generator.Tests.Primitives.CSharpTypeTests+TestStruct`1[System.Int32]]],[global::Microsoft.TypeSpec.Generator.Tests.Primitives.CSharpTypeTests.TestStruct&lt;int&gt;],True)" />
    </UnitTest>
    <UnitTest name="TestIsCSharpKeyword(&quot;override&quot;,True)" storage="/home/runner/work/typespec/typespec/packages/http-client-csharp/generator/artifacts/bin/microsoft.typespec.generator.tests/debug/net8.0/microsoft.typespec.generator.tests.dll" id="155b9ba4-9dd0-8413-bf06-25a339f50100">
      <Execution id="47a8a635-2657-4ffa-9f1c-7bed2bf654bb" />
      <TestMethod codeBase="/home/runner/work/typespec/typespec/packages/http-client-csharp/generator/artifacts/bin/Microsoft.TypeSpec.Generator.Tests/Debug/net8.0/Microsoft.TypeSpec.Generator.Tests.dll" adapterTypeName="executor://nunit3testexecutor/" className="Microsoft.TypeSpec.Generator.Tests.Utilities.StringExtensionsTests" name="TestIsCSharpKeyword(&quot;override&quot;,True)" />
    </UnitTest>
    <UnitTest name="PropertyInitializationType_List(System.Collections.Generic.IEnumerable`1[T])" storage="/home/runner/work/typespec/typespec/packages/http-client-csharp/generator/artifacts/bin/microsoft.typespec.generator.tests/debug/net8.0/microsoft.typespec.generator.tests.dll" id="b0d5fa01-abbf-d6d5-4645-52f24b6e850a">
      <Execution id="2f62d8d1-be22-4ce3-94e0-42fe5759e360" />
      <TestMethod codeBase="/home/runner/work/typespec/typespec/packages/http-client-csharp/generator/artifacts/bin/Microsoft.TypeSpec.Generator.Tests/Debug/net8.0/Microsoft.TypeSpec.Generator.Tests.dll" adapterTypeName="executor://nunit3testexecutor/" className="Microsoft.TypeSpec.Generator.Tests.Primitives.CSharpTypeTests" name="PropertyInitializationType_List(System.Collections.Generic.IEnumerable`1[T])" />
    </UnitTest>
    <UnitTest name="IntSerializationFormat(SafeInt,&quot;string&quot;)" storage="/home/runner/work/typespec/typespec/packages/http-client-csharp/generator/artifacts/bin/microsoft.typespec.generator.tests/debug/net8.0/microsoft.typespec.generator.tests.dll" id="ab044dc5-46ec-22e2-2eee-9d2467c2c640">
      <Execution id="5e919688-39ff-470f-ad8c-695e32329b91" />
      <TestMethod codeBase="/home/runner/work/typespec/typespec/packages/http-client-csharp/generator/artifacts/bin/Microsoft.TypeSpec.Generator.Tests/Debug/net8.0/Microsoft.TypeSpec.Generator.Tests.dll" adapterTypeName="executor://nunit3testexecutor/" className="Microsoft.TypeSpec.Generator.Tests.TypeFactoryTests" name="IntSerializationFormat(SafeInt,&quot;string&quot;)" />
    </UnitTest>
    <UnitTest name="TestParseConfig_OutputFolder(&quot;{\n                    \&quot;output-folder\&quot;: \&quot;outputFolder\&quot;,\n                    \&quot;package-name\&quot;: \&quot;libraryName\&quot;\n                }&quot;,False)" storage="/home/runner/work/typespec/typespec/packages/http-client-csharp/generator/artifacts/bin/microsoft.typespec.generator.tests/debug/net8.0/microsoft.typespec.generator.tests.dll" id="a2424176-655c-fb0b-22a0-4128920a29db">
      <Execution id="1a067bd2-52e4-4c15-af1c-37af0e108fb8" />
      <TestMethod codeBase="/home/runner/work/typespec/typespec/packages/http-client-csharp/generator/artifacts/bin/Microsoft.TypeSpec.Generator.Tests/Debug/net8.0/Microsoft.TypeSpec.Generator.Tests.dll" adapterTypeName="executor://nunit3testexecutor/" className="Microsoft.TypeSpec.Generator.Tests.ConfigurationTests" name="TestParseConfig_OutputFolder(&quot;{\n                    \&quot;output-folder\&quot;: \&quot;outputFolder\&quot;,\n                    \&quot;package-name\&quot;: \&quot;libraryName\&quot;\n                }&quot;,False)" />
    </UnitTest>
    <UnitTest name="HashCodesAreNotEqual(System.Collections.Generic.IList`1[System.Int32],System.Collections.Generic.ICollection`1[System.Int32])" storage="/home/runner/work/typespec/typespec/packages/http-client-csharp/generator/artifacts/bin/microsoft.typespec.generator.tests/debug/net8.0/microsoft.typespec.generator.tests.dll" id="ab73acdd-95e9-5ad8-a1fc-01f362166b52">
      <Execution id="a5362cac-3a35-4aed-9302-77501c46353f" />
      <TestMethod codeBase="/home/runner/work/typespec/typespec/packages/http-client-csharp/generator/artifacts/bin/Microsoft.TypeSpec.Generator.Tests/Debug/net8.0/Microsoft.TypeSpec.Generator.Tests.dll" adapterTypeName="executor://nunit3testexecutor/" className="Microsoft.TypeSpec.Generator.Tests.Primitives.CSharpTypeTests" name="HashCodesAreNotEqual(System.Collections.Generic.IList`1[System.Int32],System.Collections.Generic.ICollection`1[System.Int32])" />
    </UnitTest>
    <UnitTest name="PreVisitsEnum" storage="/home/runner/work/typespec/typespec/packages/http-client-csharp/generator/artifacts/bin/microsoft.typespec.generator.tests/debug/net8.0/microsoft.typespec.generator.tests.dll" id="fd6ac72c-2559-1f43-5efd-6333eb448135">
      <Execution id="2f075a50-ff91-4e2f-a203-3abdbf787055" />
      <TestMethod codeBase="/home/runner/work/typespec/typespec/packages/http-client-csharp/generator/artifacts/bin/Microsoft.TypeSpec.Generator.Tests/Debug/net8.0/Microsoft.TypeSpec.Generator.Tests.dll" adapterTypeName="executor://nunit3testexecutor/" className="Microsoft.TypeSpec.Generator.Tests.InputLibraryVisitorTests" name="PreVisitsEnum" />
    </UnitTest>
    <UnitTest name="TestBuildProperties_ValidatePropertySetters(Microsoft.TypeSpec.Generator.Input.InputModelProperty,string,True)" storage="/home/runner/work/typespec/typespec/packages/http-client-csharp/generator/artifacts/bin/microsoft.typespec.generator.tests/debug/net8.0/microsoft.typespec.generator.tests.dll" id="46dcdbc3-9a94-118d-ee9e-54f4a5b4a315">
      <Execution id="5460d5f5-920f-4c2d-b225-96eab01d82f7" />
      <TestMethod codeBase="/home/runner/work/typespec/typespec/packages/http-client-csharp/generator/artifacts/bin/Microsoft.TypeSpec.Generator.Tests/Debug/net8.0/Microsoft.TypeSpec.Generator.Tests.dll" adapterTypeName="executor://nunit3testexecutor/" className="Microsoft.TypeSpec.Generator.Tests.Providers.ModelProviders.ModelProviderTests" name="TestBuildProperties_ValidatePropertySetters(Microsoft.TypeSpec.Generator.Input.InputModelProperty,string,True)" />
    </UnitTest>
    <UnitTest name="DoesNotVisitMethodsWhenTypeIsNulledOut" storage="/home/runner/work/typespec/typespec/packages/http-client-csharp/generator/artifacts/bin/microsoft.typespec.generator.tests/debug/net8.0/microsoft.typespec.generator.tests.dll" id="ca849d53-e0a1-e7ec-36aa-de29b920565f">
      <Execution id="ff4fb915-2da3-46a2-8548-42e81e2e1c08" />
      <TestMethod codeBase="/home/runner/work/typespec/typespec/packages/http-client-csharp/generator/artifacts/bin/Microsoft.TypeSpec.Generator.Tests/Debug/net8.0/Microsoft.TypeSpec.Generator.Tests.dll" adapterTypeName="executor://nunit3testexecutor/" className="Microsoft.TypeSpec.Generator.Tests.OutputLibraryVisitorTests" name="DoesNotVisitMethodsWhenTypeIsNulledOut" />
    </UnitTest>
    <UnitTest name="NotEqualToFrameworkType(System.Collections.Generic.IList`1[T],System.Collections.Generic.IList`1[System.Int32])" storage="/home/runner/work/typespec/typespec/packages/http-client-csharp/generator/artifacts/bin/microsoft.typespec.generator.tests/debug/net8.0/microsoft.typespec.generator.tests.dll" id="8c7f23de-4825-a330-b941-09191ec939d3">
      <Execution id="2c0c63f7-066f-4202-bfa2-ee708b46d3da" />
      <TestMethod codeBase="/home/runner/work/typespec/typespec/packages/http-client-csharp/generator/artifacts/bin/Microsoft.TypeSpec.Generator.Tests/Debug/net8.0/Microsoft.TypeSpec.Generator.Tests.dll" adapterTypeName="executor://nunit3testexecutor/" className="Microsoft.TypeSpec.Generator.Tests.Primitives.CSharpTypeTests" name="NotEqualToFrameworkType(System.Collections.Generic.IList`1[T],System.Collections.Generic.IList`1[System.Int32])" />
    </UnitTest>
    <UnitTest name="ValidateNullableTypes(System.Nullable`1[Microsoft.TypeSpec.Generator.Tests.Primitives.CSharpTypeTests+TestStruct`1[System.Nullable`1[System.Int32]]],[int?],True)" storage="/home/runner/work/typespec/typespec/packages/http-client-csharp/generator/artifacts/bin/microsoft.typespec.generator.tests/debug/net8.0/microsoft.typespec.generator.tests.dll" id="b41d5d14-9db4-82d3-9ad6-f42ca197a12f">
      <Execution id="64fbe2da-c26e-4e0b-92af-32e0294c8edb" />
      <TestMethod codeBase="/home/runner/work/typespec/typespec/packages/http-client-csharp/generator/artifacts/bin/Microsoft.TypeSpec.Generator.Tests/Debug/net8.0/Microsoft.TypeSpec.Generator.Tests.dll" adapterTypeName="executor://nunit3testexecutor/" className="Microsoft.TypeSpec.Generator.Tests.Primitives.CSharpTypeTests" name="ValidateNullableTypes(System.Nullable`1[Microsoft.TypeSpec.Generator.Tests.Primitives.CSharpTypeTests+TestStruct`1[System.Nullable`1[System.Int32]]],[int?],True)" />
    </UnitTest>
    <UnitTest name="CodeGenSerializationAttributeEmitted" storage="/home/runner/work/typespec/typespec/packages/http-client-csharp/generator/artifacts/bin/microsoft.typespec.generator.tests/debug/net8.0/microsoft.typespec.generator.tests.dll" id="a915ac9c-4cbc-0417-dc03-8596623f4337">
      <Execution id="6189bef0-af60-4abb-b061-677812ebc5d8" />
      <TestMethod codeBase="/home/runner/work/typespec/typespec/packages/http-client-csharp/generator/artifacts/bin/Microsoft.TypeSpec.Generator.Tests/Debug/net8.0/Microsoft.TypeSpec.Generator.Tests.dll" adapterTypeName="executor://nunit3testexecutor/" className="Microsoft.TypeSpec.Generator.Tests.CustomizationAttributeTests" name="CodeGenSerializationAttributeEmitted" />
    </UnitTest>
    <UnitTest name="IsReadOnlyList(System.Collections.Generic.IList`1[T],False)" storage="/home/runner/work/typespec/typespec/packages/http-client-csharp/generator/artifacts/bin/microsoft.typespec.generator.tests/debug/net8.0/microsoft.typespec.generator.tests.dll" id="10919949-7cd9-7d31-a3b9-aca500ef147a">
      <Execution id="6cde796d-843c-4c82-87dc-9ec8725dd030" />
      <TestMethod codeBase="/home/runner/work/typespec/typespec/packages/http-client-csharp/generator/artifacts/bin/Microsoft.TypeSpec.Generator.Tests/Debug/net8.0/Microsoft.TypeSpec.Generator.Tests.dll" adapterTypeName="executor://nunit3testexecutor/" className="Microsoft.TypeSpec.Generator.Tests.Primitives.CSharpTypeTests" name="IsReadOnlyList(System.Collections.Generic.IList`1[T],False)" />
    </UnitTest>
    <UnitTest name="DerivedUsesExpressionBodyPropertyWhenNarrowed" storage="/home/runner/work/typespec/typespec/packages/http-client-csharp/generator/artifacts/bin/microsoft.typespec.generator.tests/debug/net8.0/microsoft.typespec.generator.tests.dll" id="05ca333e-1e37-fa77-0589-78d191bd21f4">
      <Execution id="a82a289d-e99f-4842-b38e-740428595cee" />
      <TestMethod codeBase="/home/runner/work/typespec/typespec/packages/http-client-csharp/generator/artifacts/bin/Microsoft.TypeSpec.Generator.Tests/Debug/net8.0/Microsoft.TypeSpec.Generator.Tests.dll" adapterTypeName="executor://nunit3testexecutor/" className="Microsoft.TypeSpec.Generator.Tests.Providers.ModelProviders.ModelProviderTests" name="DerivedUsesExpressionBodyPropertyWhenNarrowed" />
    </UnitTest>
    <UnitTest name="TestIsCSharpKeyword(&quot;this&quot;,True)" storage="/home/runner/work/typespec/typespec/packages/http-client-csharp/generator/artifacts/bin/microsoft.typespec.generator.tests/debug/net8.0/microsoft.typespec.generator.tests.dll" id="32867f33-873c-055e-5be2-a3beec6f0a0a">
      <Execution id="ea9cfdc2-6402-4eb8-aea3-09204f3527d1" />
      <TestMethod codeBase="/home/runner/work/typespec/typespec/packages/http-client-csharp/generator/artifacts/bin/Microsoft.TypeSpec.Generator.Tests/Debug/net8.0/Microsoft.TypeSpec.Generator.Tests.dll" adapterTypeName="executor://nunit3testexecutor/" className="Microsoft.TypeSpec.Generator.Tests.Utilities.StringExtensionsTests" name="TestIsCSharpKeyword(&quot;this&quot;,True)" />
    </UnitTest>
    <UnitTest name="FinallyStatementWithMultipleLineBody" storage="/home/runner/work/typespec/typespec/packages/http-client-csharp/generator/artifacts/bin/microsoft.typespec.generator.tests/debug/net8.0/microsoft.typespec.generator.tests.dll" id="27f495c0-a85b-03c6-c5ad-db73bb996ca9">
      <Execution id="92cfe426-5b6f-4f2d-8621-6a3cd83eae86" />
      <TestMethod codeBase="/home/runner/work/typespec/typespec/packages/http-client-csharp/generator/artifacts/bin/Microsoft.TypeSpec.Generator.Tests/Debug/net8.0/Microsoft.TypeSpec.Generator.Tests.dll" adapterTypeName="executor://nunit3testexecutor/" className="Microsoft.TypeSpec.Generator.Tests.Statements.StatementTests" name="FinallyStatementWithMultipleLineBody" />
    </UnitTest>
    <UnitTest name="SwitchStatementEnumeratingCases" storage="/home/runner/work/typespec/typespec/packages/http-client-csharp/generator/artifacts/bin/microsoft.typespec.generator.tests/debug/net8.0/microsoft.typespec.generator.tests.dll" id="58fd8b43-652d-5b59-d404-5219bfb48dc4">
      <Execution id="57d3d611-ddcf-4888-ac32-720425321920" />
      <TestMethod codeBase="/home/runner/work/typespec/typespec/packages/http-client-csharp/generator/artifacts/bin/Microsoft.TypeSpec.Generator.Tests/Debug/net8.0/Microsoft.TypeSpec.Generator.Tests.dll" adapterTypeName="executor://nunit3testexecutor/" className="Microsoft.TypeSpec.Generator.Tests.Statements.StatementTests" name="SwitchStatementEnumeratingCases" />
    </UnitTest>
    <UnitTest name="ValidateString" storage="/home/runner/work/typespec/typespec/packages/http-client-csharp/generator/artifacts/bin/microsoft.typespec.generator.tests/debug/net8.0/microsoft.typespec.generator.tests.dll" id="ae60ce96-2a23-7960-98da-758a2ef4dcc2">
      <Execution id="12bc338b-9f6d-4ae7-890c-6e63ca7cf453" />
      <TestMethod codeBase="/home/runner/work/typespec/typespec/packages/http-client-csharp/generator/artifacts/bin/Microsoft.TypeSpec.Generator.Tests/Debug/net8.0/Microsoft.TypeSpec.Generator.Tests.dll" adapterTypeName="executor://nunit3testexecutor/" className="Microsoft.TypeSpec.Generator.Tests.Snippets.SnippetTests" name="ValidateString" />
    </UnitTest>
    <UnitTest name="ValidateNullableTypes(System.Guid,[],False)" storage="/home/runner/work/typespec/typespec/packages/http-client-csharp/generator/artifacts/bin/microsoft.typespec.generator.tests/debug/net8.0/microsoft.typespec.generator.tests.dll" id="247f928b-316a-0f4f-31ea-10aeb575bfe1">
      <Execution id="c926352d-367a-43aa-84e9-7f892e14a6fa" />
      <TestMethod codeBase="/home/runner/work/typespec/typespec/packages/http-client-csharp/generator/artifacts/bin/Microsoft.TypeSpec.Generator.Tests/Debug/net8.0/Microsoft.TypeSpec.Generator.Tests.dll" adapterTypeName="executor://nunit3testexecutor/" className="Microsoft.TypeSpec.Generator.Tests.Primitives.CSharpTypeTests" name="ValidateNullableTypes(System.Guid,[],False)" />
    </UnitTest>
    <UnitTest name="GetElementType_ReadOnlyMemory" storage="/home/runner/work/typespec/typespec/packages/http-client-csharp/generator/artifacts/bin/microsoft.typespec.generator.tests/debug/net8.0/microsoft.typespec.generator.tests.dll" id="d7dda8eb-22f6-cb6e-895d-54644281133c">
      <Execution id="20902e51-74db-40b7-a245-c130929eb560" />
      <TestMethod codeBase="/home/runner/work/typespec/typespec/packages/http-client-csharp/generator/artifacts/bin/Microsoft.TypeSpec.Generator.Tests/Debug/net8.0/Microsoft.TypeSpec.Generator.Tests.dll" adapterTypeName="executor://nunit3testexecutor/" className="Microsoft.TypeSpec.Generator.Tests.Primitives.CSharpTypeTests" name="GetElementType_ReadOnlyMemory" />
    </UnitTest>
    <UnitTest name="EqualToFrameworkType(System.Collections.Generic.IList`1[System.Int32])" storage="/home/runner/work/typespec/typespec/packages/http-client-csharp/generator/artifacts/bin/microsoft.typespec.generator.tests/debug/net8.0/microsoft.typespec.generator.tests.dll" id="dbbc46fc-2f8c-eaad-1ad7-99c0d1b206f4">
      <Execution id="e5d1c0df-4d31-41b2-a3c1-38cdcbd6d385" />
      <TestMethod codeBase="/home/runner/work/typespec/typespec/packages/http-client-csharp/generator/artifacts/bin/Microsoft.TypeSpec.Generator.Tests/Debug/net8.0/Microsoft.TypeSpec.Generator.Tests.dll" adapterTypeName="executor://nunit3testexecutor/" className="Microsoft.TypeSpec.Generator.Tests.Primitives.CSharpTypeTests" name="EqualToFrameworkType(System.Collections.Generic.IList`1[System.Int32])" />
    </UnitTest>
    <UnitTest name="AssignmentExpression" storage="/home/runner/work/typespec/typespec/packages/http-client-csharp/generator/artifacts/bin/microsoft.typespec.generator.tests/debug/net8.0/microsoft.typespec.generator.tests.dll" id="e6141757-1949-33fd-9164-ebe2f3c18056">
      <Execution id="ef11fcbc-bfde-4b51-b926-bb43b139f7b0" />
      <TestMethod codeBase="/home/runner/work/typespec/typespec/packages/http-client-csharp/generator/artifacts/bin/Microsoft.TypeSpec.Generator.Tests/Debug/net8.0/Microsoft.TypeSpec.Generator.Tests.dll" adapterTypeName="executor://nunit3testexecutor/" className="Microsoft.TypeSpec.Generator.Tests.Expressions.AssignmentExpressionTests" name="AssignmentExpression" />
    </UnitTest>
    <UnitTest name="CodeGenSuppressAttributeEmitted" storage="/home/runner/work/typespec/typespec/packages/http-client-csharp/generator/artifacts/bin/microsoft.typespec.generator.tests/debug/net8.0/microsoft.typespec.generator.tests.dll" id="b86743f7-46c6-e9bc-1592-f2d49757a1d2">
      <Execution id="e3bb1b71-394d-467d-941e-0560fd0f3b00" />
      <TestMethod codeBase="/home/runner/work/typespec/typespec/packages/http-client-csharp/generator/artifacts/bin/Microsoft.TypeSpec.Generator.Tests/Debug/net8.0/Microsoft.TypeSpec.Generator.Tests.dll" adapterTypeName="executor://nunit3testexecutor/" className="Microsoft.TypeSpec.Generator.Tests.CustomizationAttributeTests" name="CodeGenSuppressAttributeEmitted" />
    </UnitTest>
    <UnitTest name="CanCustomizeModelFullConstructor(False)" storage="/home/runner/work/typespec/typespec/packages/http-client-csharp/generator/artifacts/bin/microsoft.typespec.generator.tests/debug/net8.0/microsoft.typespec.generator.tests.dll" id="a56ddb79-3317-b80b-98c4-2292384250b4">
      <Execution id="b36eebfc-a423-4e4b-93af-8862c7347b23" />
      <TestMethod codeBase="/home/runner/work/typespec/typespec/packages/http-client-csharp/generator/artifacts/bin/Microsoft.TypeSpec.Generator.Tests/Debug/net8.0/Microsoft.TypeSpec.Generator.Tests.dll" adapterTypeName="executor://nunit3testexecutor/" className="Microsoft.TypeSpec.Generator.Tests.Providers.ModelFactories.ModelFactoriesCustomizationTests" name="CanCustomizeModelFullConstructor(False)" />
    </UnitTest>
    <UnitTest name="UnreferencedTypeHandling(&quot;internalize&quot;)" storage="/home/runner/work/typespec/typespec/packages/http-client-csharp/generator/artifacts/bin/microsoft.typespec.generator.tests/debug/net8.0/microsoft.typespec.generator.tests.dll" id="b1ea02bb-c410-8851-b718-5c2f496a74f6">
      <Execution id="698db2e6-a0b9-44b8-9edc-0ddf551fc32a" />
      <TestMethod codeBase="/home/runner/work/typespec/typespec/packages/http-client-csharp/generator/artifacts/bin/Microsoft.TypeSpec.Generator.Tests/Debug/net8.0/Microsoft.TypeSpec.Generator.Tests.dll" adapterTypeName="executor://nunit3testexecutor/" className="Microsoft.TypeSpec.Generator.Tests.ConfigurationTests" name="UnreferencedTypeHandling(&quot;internalize&quot;)" />
    </UnitTest>
    <UnitTest name="DiscriminatorEnumParamShape" storage="/home/runner/work/typespec/typespec/packages/http-client-csharp/generator/artifacts/bin/microsoft.typespec.generator.tests/debug/net8.0/microsoft.typespec.generator.tests.dll" id="928f080a-2ca5-1016-2506-1535fb3977cd">
      <Execution id="97c7413f-1987-44e4-8746-4e4bdd78e00f" />
      <TestMethod codeBase="/home/runner/work/typespec/typespec/packages/http-client-csharp/generator/artifacts/bin/Microsoft.TypeSpec.Generator.Tests/Debug/net8.0/Microsoft.TypeSpec.Generator.Tests.dll" adapterTypeName="executor://nunit3testexecutor/" className="Microsoft.TypeSpec.Generator.Tests.Providers.ModelFactories.ModelFactoryProviderTests" name="DiscriminatorEnumParamShape" />
    </UnitTest>
    <UnitTest name="TestBreakLines_FormatSpecifierInArg" storage="/home/runner/work/typespec/typespec/packages/http-client-csharp/generator/artifacts/bin/microsoft.typespec.generator.tests/debug/net8.0/microsoft.typespec.generator.tests.dll" id="047897f4-dbdf-d695-96c6-b995af803b8e">
      <Execution id="88328e40-a6f8-4d0f-b4fa-3bb294eaced3" />
      <TestMethod codeBase="/home/runner/work/typespec/typespec/packages/http-client-csharp/generator/artifacts/bin/Microsoft.TypeSpec.Generator.Tests/Debug/net8.0/Microsoft.TypeSpec.Generator.Tests.dll" adapterTypeName="executor://nunit3testexecutor/" className="Microsoft.TypeSpec.Generator.Tests.Utilities.FormattableStringHelpersTests" name="TestBreakLines_FormatSpecifierInArg" />
    </UnitTest>
    <UnitTest name="EqualToFrameworkType(System.Collections.Generic.IDictionary`2[System.Collections.Generic.IDictionary`2[System.Int32,System.String],System.Collections.Generic.IDictionary`2[System.String,System.Int32]])" storage="/home/runner/work/typespec/typespec/packages/http-client-csharp/generator/artifacts/bin/microsoft.typespec.generator.tests/debug/net8.0/microsoft.typespec.generator.tests.dll" id="44b1d068-c95b-4b39-daad-8af25da5f591">
      <Execution id="8c0ce758-c15f-4bc5-b955-3bf84423eca7" />
      <TestMethod codeBase="/home/runner/work/typespec/typespec/packages/http-client-csharp/generator/artifacts/bin/Microsoft.TypeSpec.Generator.Tests/Debug/net8.0/Microsoft.TypeSpec.Generator.Tests.dll" adapterTypeName="executor://nunit3testexecutor/" className="Microsoft.TypeSpec.Generator.Tests.Primitives.CSharpTypeTests" name="EqualToFrameworkType(System.Collections.Generic.IDictionary`2[System.Collections.Generic.IDictionary`2[System.Int32,System.String],System.Collections.Generic.IDictionary`2[System.String,System.Int32]])" />
    </UnitTest>
    <UnitTest name="BodyHasSetterValidation(&quot;readOnlyString&quot;,Microsoft.TypeSpec.Generator.Input.InputModelType,False,null)" storage="/home/runner/work/typespec/typespec/packages/http-client-csharp/generator/artifacts/bin/microsoft.typespec.generator.tests/debug/net8.0/microsoft.typespec.generator.tests.dll" id="2c12d7fd-8a2e-6665-485d-62246fe5579a">
      <Execution id="c5b18d51-e315-4b78-b134-3121fa27b71d" />
      <TestMethod codeBase="/home/runner/work/typespec/typespec/packages/http-client-csharp/generator/artifacts/bin/Microsoft.TypeSpec.Generator.Tests/Debug/net8.0/Microsoft.TypeSpec.Generator.Tests.dll" adapterTypeName="executor://nunit3testexecutor/" className="Microsoft.TypeSpec.Generator.Tests.Providers.PropertyProviderTests" name="BodyHasSetterValidation(&quot;readOnlyString&quot;,Microsoft.TypeSpec.Generator.Input.InputModelType,False,null)" />
    </UnitTest>
    <UnitTest name="TestIsCSharpKeyword(&quot;catch&quot;,True)" storage="/home/runner/work/typespec/typespec/packages/http-client-csharp/generator/artifacts/bin/microsoft.typespec.generator.tests/debug/net8.0/microsoft.typespec.generator.tests.dll" id="e4533c6c-cf44-9409-0bf0-ba815e23e9b7">
      <Execution id="e47ffefd-34db-4c16-9e1a-4aeca1642f42" />
      <TestMethod codeBase="/home/runner/work/typespec/typespec/packages/http-client-csharp/generator/artifacts/bin/Microsoft.TypeSpec.Generator.Tests/Debug/net8.0/Microsoft.TypeSpec.Generator.Tests.dll" adapterTypeName="executor://nunit3testexecutor/" className="Microsoft.TypeSpec.Generator.Tests.Utilities.StringExtensionsTests" name="TestIsCSharpKeyword(&quot;catch&quot;,True)" />
    </UnitTest>
    <UnitTest name="TestBreakLines_LiteralCloseBrace" storage="/home/runner/work/typespec/typespec/packages/http-client-csharp/generator/artifacts/bin/microsoft.typespec.generator.tests/debug/net8.0/microsoft.typespec.generator.tests.dll" id="86767825-956f-aa8f-4968-e740336c9aa5">
      <Execution id="23063dcd-1fb0-48b7-b84f-1ccb5631184d" />
      <TestMethod codeBase="/home/runner/work/typespec/typespec/packages/http-client-csharp/generator/artifacts/bin/Microsoft.TypeSpec.Generator.Tests/Debug/net8.0/Microsoft.TypeSpec.Generator.Tests.dll" adapterTypeName="executor://nunit3testexecutor/" className="Microsoft.TypeSpec.Generator.Tests.Utilities.FormattableStringHelpersTests" name="TestBreakLines_LiteralCloseBrace" />
    </UnitTest>
    <UnitTest name="CanChangeVariableExpression" storage="/home/runner/work/typespec/typespec/packages/http-client-csharp/generator/artifacts/bin/microsoft.typespec.generator.tests/debug/net8.0/microsoft.typespec.generator.tests.dll" id="2aced093-2a6f-e352-05e1-094b8ca32711">
      <Execution id="d6cbab5d-5c9b-4c1c-a0b9-9202e834a9f1" />
      <TestMethod codeBase="/home/runner/work/typespec/typespec/packages/http-client-csharp/generator/artifacts/bin/Microsoft.TypeSpec.Generator.Tests/Debug/net8.0/Microsoft.TypeSpec.Generator.Tests.dll" adapterTypeName="executor://nunit3testexecutor/" className="Microsoft.TypeSpec.Generator.Tests.Expressions.ExpressionVisitorTests" name="CanChangeVariableExpression" />
    </UnitTest>
    <UnitTest name="CanRemoveConstructorContainingGeneratedType" storage="/home/runner/work/typespec/typespec/packages/http-client-csharp/generator/artifacts/bin/microsoft.typespec.generator.tests/debug/net8.0/microsoft.typespec.generator.tests.dll" id="d83e331a-6182-870f-673e-6fa3094220de">
      <Execution id="89500d9d-4e35-4c92-b283-cb5fc4afb953" />
      <TestMethod codeBase="/home/runner/work/typespec/typespec/packages/http-client-csharp/generator/artifacts/bin/Microsoft.TypeSpec.Generator.Tests/Debug/net8.0/Microsoft.TypeSpec.Generator.Tests.dll" adapterTypeName="executor://nunit3testexecutor/" className="Microsoft.TypeSpec.Generator.Tests.Providers.ModelProviders.ClientCustomizationTests" name="CanRemoveConstructorContainingGeneratedType" />
    </UnitTest>
    <UnitTest name="TestIsCSharpKeyword(&quot;char&quot;,True)" storage="/home/runner/work/typespec/typespec/packages/http-client-csharp/generator/artifacts/bin/microsoft.typespec.generator.tests/debug/net8.0/microsoft.typespec.generator.tests.dll" id="d36eaaf9-365f-b70a-5ce1-c881529024e6">
      <Execution id="e530b2b3-e9ce-4209-805a-a6123d7ec786" />
      <TestMethod codeBase="/home/runner/work/typespec/typespec/packages/http-client-csharp/generator/artifacts/bin/Microsoft.TypeSpec.Generator.Tests/Debug/net8.0/Microsoft.TypeSpec.Generator.Tests.dll" adapterTypeName="executor://nunit3testexecutor/" className="Microsoft.TypeSpec.Generator.Tests.Utilities.StringExtensionsTests" name="TestIsCSharpKeyword(&quot;char&quot;,True)" />
    </UnitTest>
    <UnitTest name="IsReadWriteList(System.Collections.Generic.IReadOnlyList`1[T],False)" storage="/home/runner/work/typespec/typespec/packages/http-client-csharp/generator/artifacts/bin/microsoft.typespec.generator.tests/debug/net8.0/microsoft.typespec.generator.tests.dll" id="701480bc-794c-e347-f8dc-b70bf5187b01">
      <Execution id="8d44cdce-b8ef-4901-b88b-ed4781d43586" />
      <TestMethod codeBase="/home/runner/work/typespec/typespec/packages/http-client-csharp/generator/artifacts/bin/Microsoft.TypeSpec.Generator.Tests/Debug/net8.0/Microsoft.TypeSpec.Generator.Tests.dll" adapterTypeName="executor://nunit3testexecutor/" className="Microsoft.TypeSpec.Generator.Tests.Primitives.CSharpTypeTests" name="IsReadWriteList(System.Collections.Generic.IReadOnlyList`1[T],False)" />
    </UnitTest>
    <UnitTest name="TestIsCSharpKeyword(&quot;nameof&quot;,True)" storage="/home/runner/work/typespec/typespec/packages/http-client-csharp/generator/artifacts/bin/microsoft.typespec.generator.tests/debug/net8.0/microsoft.typespec.generator.tests.dll" id="8771b944-e50b-4cd8-1411-3ff539561cbb">
      <Execution id="5b755df1-3434-4721-bc75-fe3eca1c60a5" />
      <TestMethod codeBase="/home/runner/work/typespec/typespec/packages/http-client-csharp/generator/artifacts/bin/Microsoft.TypeSpec.Generator.Tests/Debug/net8.0/Microsoft.TypeSpec.Generator.Tests.dll" adapterTypeName="executor://nunit3testexecutor/" className="Microsoft.TypeSpec.Generator.Tests.Utilities.StringExtensionsTests" name="TestIsCSharpKeyword(&quot;nameof&quot;,True)" />
    </UnitTest>
    <UnitTest name="DoesNotRemoveMethodsThatDoNotMatch" storage="/home/runner/work/typespec/typespec/packages/http-client-csharp/generator/artifacts/bin/microsoft.typespec.generator.tests/debug/net8.0/microsoft.typespec.generator.tests.dll" id="0b5b322e-e6b9-b53b-ee88-d28c8e0125c9">
      <Execution id="d7325832-6e9c-4c4c-95dc-2d020e8f8880" />
      <TestMethod codeBase="/home/runner/work/typespec/typespec/packages/http-client-csharp/generator/artifacts/bin/Microsoft.TypeSpec.Generator.Tests/Debug/net8.0/Microsoft.TypeSpec.Generator.Tests.dll" adapterTypeName="executor://nunit3testexecutor/" className="Microsoft.TypeSpec.Generator.Tests.Providers.ModelProviders.ClientCustomizationTests" name="DoesNotRemoveMethodsThatDoNotMatch" />
    </UnitTest>
    <UnitTest name="ValidateScope" storage="/home/runner/work/typespec/typespec/packages/http-client-csharp/generator/artifacts/bin/microsoft.typespec.generator.tests/debug/net8.0/microsoft.typespec.generator.tests.dll" id="b0a2d587-6bb7-b9cd-98e2-4e8794ebff1f">
      <Execution id="5d85b87b-7a0d-4526-9001-66d407df6956" />
      <TestMethod codeBase="/home/runner/work/typespec/typespec/packages/http-client-csharp/generator/artifacts/bin/Microsoft.TypeSpec.Generator.Tests/Debug/net8.0/Microsoft.TypeSpec.Generator.Tests.dll" adapterTypeName="executor://nunit3testexecutor/" className="Microsoft.TypeSpec.Generator.Tests.Providers.ConstructorProviderTests" name="ValidateScope" />
    </UnitTest>
    <UnitTest name="TestBuildFields(False,False)" storage="/home/runner/work/typespec/typespec/packages/http-client-csharp/generator/artifacts/bin/microsoft.typespec.generator.tests/debug/net8.0/microsoft.typespec.generator.tests.dll" id="01f1813e-f675-c996-b8ea-5d1bca3b327d">
      <Execution id="3cf7d974-bb4f-46c9-af43-c56b294f06d1" />
      <TestMethod codeBase="/home/runner/work/typespec/typespec/packages/http-client-csharp/generator/artifacts/bin/Microsoft.TypeSpec.Generator.Tests/Debug/net8.0/Microsoft.TypeSpec.Generator.Tests.dll" adapterTypeName="executor://nunit3testexecutor/" className="Microsoft.TypeSpec.Generator.Tests.Providers.ModelProviders.ModelProviderTests" name="TestBuildFields(False,False)" />
    </UnitTest>
    <UnitTest name="TestDebug()" storage="/home/runner/work/typespec/typespec/packages/http-client-csharp/generator/artifacts/bin/microsoft.typespec.generator.tests/debug/net8.0/microsoft.typespec.generator.tests.dll" id="7aff9321-daf7-b692-cf25-44ce506ab0ca">
      <Execution id="46a7872e-d104-4e34-b1fc-1cf9a60a5659" />
      <TestMethod codeBase="/home/runner/work/typespec/typespec/packages/http-client-csharp/generator/artifacts/bin/Microsoft.TypeSpec.Generator.Tests/Debug/net8.0/Microsoft.TypeSpec.Generator.Tests.dll" adapterTypeName="executor://nunit3testexecutor/" className="Microsoft.TypeSpec.Generator.Tests.EmitterRpc.EmitterTests" name="TestDebug()" />
    </UnitTest>
    <UnitTest name="IntSerializationFormat(Int32,&quot;string&quot;)" storage="/home/runner/work/typespec/typespec/packages/http-client-csharp/generator/artifacts/bin/microsoft.typespec.generator.tests/debug/net8.0/microsoft.typespec.generator.tests.dll" id="591c9942-2970-8e99-2318-857d33506a92">
      <Execution id="6423861b-7613-4ca5-ac97-950a71fbbf49" />
      <TestMethod codeBase="/home/runner/work/typespec/typespec/packages/http-client-csharp/generator/artifacts/bin/Microsoft.TypeSpec.Generator.Tests/Debug/net8.0/Microsoft.TypeSpec.Generator.Tests.dll" adapterTypeName="executor://nunit3testexecutor/" className="Microsoft.TypeSpec.Generator.Tests.TypeFactoryTests" name="IntSerializationFormat(Int32,&quot;string&quot;)" />
    </UnitTest>
    <UnitTest name="ScopeStoredOnceInSameBlock" storage="/home/runner/work/typespec/typespec/packages/http-client-csharp/generator/artifacts/bin/microsoft.typespec.generator.tests/debug/net8.0/microsoft.typespec.generator.tests.dll" id="483288a8-d0a2-64bb-409d-d76b11e5343a">
      <Execution id="2a7902c0-7286-4b55-b8df-311d9016a610" />
      <TestMethod codeBase="/home/runner/work/typespec/typespec/packages/http-client-csharp/generator/artifacts/bin/Microsoft.TypeSpec.Generator.Tests/Debug/net8.0/Microsoft.TypeSpec.Generator.Tests.dll" adapterTypeName="executor://nunit3testexecutor/" className="Microsoft.TypeSpec.Generator.Tests.Writers.CodeWriterDeclarationTests" name="ScopeStoredOnceInSameBlock" />
    </UnitTest>
    <UnitTest name="ModelFactoryName" storage="/home/runner/work/typespec/typespec/packages/http-client-csharp/generator/artifacts/bin/microsoft.typespec.generator.tests/debug/net8.0/microsoft.typespec.generator.tests.dll" id="147ed72c-94aa-9837-ccfc-800bae76e1c0">
      <Execution id="13252e8e-067c-4ee8-bd3f-228beff3cc0d" />
      <TestMethod codeBase="/home/runner/work/typespec/typespec/packages/http-client-csharp/generator/artifacts/bin/Microsoft.TypeSpec.Generator.Tests/Debug/net8.0/Microsoft.TypeSpec.Generator.Tests.dll" adapterTypeName="executor://nunit3testexecutor/" className="Microsoft.TypeSpec.Generator.Tests.Providers.ModelFactories.ModelFactoryProviderTests" name="ModelFactoryName" />
    </UnitTest>
    <UnitTest name="TestToApiVersionValue(&quot;V1_0_0_Alpha&quot;,&quot;1-0-0-alpha&quot;)" storage="/home/runner/work/typespec/typespec/packages/http-client-csharp/generator/artifacts/bin/microsoft.typespec.generator.tests/debug/net8.0/microsoft.typespec.generator.tests.dll" id="64dba5e6-e4e2-6bd2-0a47-e237fafea9f7">
      <Execution id="1741cad5-8531-4f57-a58c-0a087ad10179" />
      <TestMethod codeBase="/home/runner/work/typespec/typespec/packages/http-client-csharp/generator/artifacts/bin/Microsoft.TypeSpec.Generator.Tests/Debug/net8.0/Microsoft.TypeSpec.Generator.Tests.dll" adapterTypeName="executor://nunit3testexecutor/" className="Microsoft.TypeSpec.Generator.Tests.Utilities.StringExtensionsTests" name="TestToApiVersionValue(&quot;V1_0_0_Alpha&quot;,&quot;1-0-0-alpha&quot;)" />
    </UnitTest>
    <UnitTest name="HashCodesAreNotEqual(System.Collections.Generic.IList`1[T],System.Collections.Generic.IList`1[System.Int32])" storage="/home/runner/work/typespec/typespec/packages/http-client-csharp/generator/artifacts/bin/microsoft.typespec.generator.tests/debug/net8.0/microsoft.typespec.generator.tests.dll" id="fe8c4e40-243c-dad9-951e-88123b66df02">
      <Execution id="4a437456-a62f-42e7-8fae-50b315a1579a" />
      <TestMethod codeBase="/home/runner/work/typespec/typespec/packages/http-client-csharp/generator/artifacts/bin/Microsoft.TypeSpec.Generator.Tests/Debug/net8.0/Microsoft.TypeSpec.Generator.Tests.dll" adapterTypeName="executor://nunit3testexecutor/" className="Microsoft.TypeSpec.Generator.Tests.Primitives.CSharpTypeTests" name="HashCodesAreNotEqual(System.Collections.Generic.IList`1[T],System.Collections.Generic.IList`1[System.Int32])" />
    </UnitTest>
    <UnitTest name="TestIsCSharpKeyword(&quot;lock&quot;,True)" storage="/home/runner/work/typespec/typespec/packages/http-client-csharp/generator/artifacts/bin/microsoft.typespec.generator.tests/debug/net8.0/microsoft.typespec.generator.tests.dll" id="a09333b2-f10a-bc2b-8099-668cd5240c5d">
      <Execution id="9900aaba-fd49-443a-951a-6fd2995a0620" />
      <TestMethod codeBase="/home/runner/work/typespec/typespec/packages/http-client-csharp/generator/artifacts/bin/Microsoft.TypeSpec.Generator.Tests/Debug/net8.0/Microsoft.TypeSpec.Generator.Tests.dll" adapterTypeName="executor://nunit3testexecutor/" className="Microsoft.TypeSpec.Generator.Tests.Utilities.StringExtensionsTests" name="TestIsCSharpKeyword(&quot;lock&quot;,True)" />
    </UnitTest>
    <UnitTest name="BuildEnumType_ValidateApiVersionEnum()" storage="/home/runner/work/typespec/typespec/packages/http-client-csharp/generator/artifacts/bin/microsoft.typespec.generator.tests/debug/net8.0/microsoft.typespec.generator.tests.dll" id="d6ab8784-a562-88ce-de27-5ea7dc59536d">
      <Execution id="614c371a-a353-4ba2-8a08-e229c600f550" />
      <TestMethod codeBase="/home/runner/work/typespec/typespec/packages/http-client-csharp/generator/artifacts/bin/Microsoft.TypeSpec.Generator.Tests/Debug/net8.0/Microsoft.TypeSpec.Generator.Tests.dll" adapterTypeName="executor://nunit3testexecutor/" className="Microsoft.TypeSpec.Generator.Tests.Providers.EnumProviderTests" name="BuildEnumType_ValidateApiVersionEnum()" />
    </UnitTest>
    <UnitTest name="TestBuildSecondaryConstructor(True)" storage="/home/runner/work/typespec/typespec/packages/http-client-csharp/generator/artifacts/bin/microsoft.typespec.generator.tests/debug/net8.0/microsoft.typespec.generator.tests.dll" id="ebe1cb31-9c82-dbb6-a15e-a7ddeb2e1d02">
      <Execution id="fc2b32fe-4f74-4052-8fb6-644d7114fcb0" />
      <TestMethod codeBase="/home/runner/work/typespec/typespec/packages/http-client-csharp/generator/artifacts/bin/Microsoft.TypeSpec.Generator.Tests/Debug/net8.0/Microsoft.TypeSpec.Generator.Tests.dll" adapterTypeName="executor://nunit3testexecutor/" className="Microsoft.TypeSpec.Generator.Tests.Providers.ModelProviders.ModelProviderTests" name="TestBuildSecondaryConstructor(True)" />
    </UnitTest>
    <UnitTest name="TestInitialize" storage="/home/runner/work/typespec/typespec/packages/http-client-csharp/generator/artifacts/bin/microsoft.typespec.generator.tests/debug/net8.0/microsoft.typespec.generator.tests.dll" id="033d4d5e-95f6-b1c3-e77b-5a087cc7f433">
      <Execution id="3756c6e6-b344-457a-9c29-2be2b6a600f7" />
      <TestMethod codeBase="/home/runner/work/typespec/typespec/packages/http-client-csharp/generator/artifacts/bin/Microsoft.TypeSpec.Generator.Tests/Debug/net8.0/Microsoft.TypeSpec.Generator.Tests.dll" adapterTypeName="executor://nunit3testexecutor/" className="Microsoft.TypeSpec.Generator.Tests.ConfigurationTests" name="TestInitialize" />
    </UnitTest>
    <UnitTest name="NotEqualToFrameworkType(System.Collections.Generic.IDictionary`2[System.Int32,System.String],System.Collections.Generic.IDictionary`2[System.String,System.Int32])" storage="/home/runner/work/typespec/typespec/packages/http-client-csharp/generator/artifacts/bin/microsoft.typespec.generator.tests/debug/net8.0/microsoft.typespec.generator.tests.dll" id="474ce8e7-95be-0f6b-ada6-532566f43080">
      <Execution id="402af11f-2e4d-4f14-9ce4-25aead71291e" />
      <TestMethod codeBase="/home/runner/work/typespec/typespec/packages/http-client-csharp/generator/artifacts/bin/Microsoft.TypeSpec.Generator.Tests/Debug/net8.0/Microsoft.TypeSpec.Generator.Tests.dll" adapterTypeName="executor://nunit3testexecutor/" className="Microsoft.TypeSpec.Generator.Tests.Primitives.CSharpTypeTests" name="NotEqualToFrameworkType(System.Collections.Generic.IDictionary`2[System.Int32,System.String],System.Collections.Generic.IDictionary`2[System.String,System.Int32])" />
    </UnitTest>
    <UnitTest name="SystemTypeOperatorTestNotEqual(System.Int32,System.Collections.Generic.IList`1[System.Int32])" storage="/home/runner/work/typespec/typespec/packages/http-client-csharp/generator/artifacts/bin/microsoft.typespec.generator.tests/debug/net8.0/microsoft.typespec.generator.tests.dll" id="a446c41e-a2d7-c61d-3fb5-258c083bd6cf">
      <Execution id="17798377-b3d1-40e4-83ca-0cd96c0e5e8d" />
      <TestMethod codeBase="/home/runner/work/typespec/typespec/packages/http-client-csharp/generator/artifacts/bin/Microsoft.TypeSpec.Generator.Tests/Debug/net8.0/Microsoft.TypeSpec.Generator.Tests.dll" adapterTypeName="executor://nunit3testexecutor/" className="Microsoft.TypeSpec.Generator.Tests.Expressions.ValueExpressionTests" name="SystemTypeOperatorTestNotEqual(System.Int32,System.Collections.Generic.IList`1[System.Int32])" />
    </UnitTest>
    <UnitTest name="TestBuildProperties_ValidatePropertySetters(Microsoft.TypeSpec.Generator.Input.InputModelProperty,string,False)" storage="/home/runner/work/typespec/typespec/packages/http-client-csharp/generator/artifacts/bin/microsoft.typespec.generator.tests/debug/net8.0/microsoft.typespec.generator.tests.dll" id="b59faecf-6f2e-dbb5-b5da-4e8c965aa622">
      <Execution id="cbb983fe-58fa-4c62-8459-e7286bed3496" />
      <TestMethod codeBase="/home/runner/work/typespec/typespec/packages/http-client-csharp/generator/artifacts/bin/Microsoft.TypeSpec.Generator.Tests/Debug/net8.0/Microsoft.TypeSpec.Generator.Tests.dll" adapterTypeName="executor://nunit3testexecutor/" className="Microsoft.TypeSpec.Generator.Tests.Providers.ModelProviders.ModelProviderTests" name="TestBuildProperties_ValidatePropertySetters(Microsoft.TypeSpec.Generator.Input.InputModelProperty,string,False)" />
    </UnitTest>
    <UnitTest name="TypeChangeNarrowPropertyHasNewKeyWord" storage="/home/runner/work/typespec/typespec/packages/http-client-csharp/generator/artifacts/bin/microsoft.typespec.generator.tests/debug/net8.0/microsoft.typespec.generator.tests.dll" id="c4b5614e-f225-4d29-b459-a865e1a4493a">
      <Execution id="8b00293d-19ba-459a-8c14-16d33e85b153" />
      <TestMethod codeBase="/home/runner/work/typespec/typespec/packages/http-client-csharp/generator/artifacts/bin/Microsoft.TypeSpec.Generator.Tests/Debug/net8.0/Microsoft.TypeSpec.Generator.Tests.dll" adapterTypeName="executor://nunit3testexecutor/" className="Microsoft.TypeSpec.Generator.Tests.Providers.ModelProviders.ModelProviderTests" name="TypeChangeNarrowPropertyHasNewKeyWord" />
    </UnitTest>
    <UnitTest name="CanChangeFrameworkTypeToCustomEnum" storage="/home/runner/work/typespec/typespec/packages/http-client-csharp/generator/artifacts/bin/microsoft.typespec.generator.tests/debug/net8.0/microsoft.typespec.generator.tests.dll" id="7931a1f1-556c-d72b-5e33-a8475a65aefc">
      <Execution id="b0e1e208-02c3-4524-88e3-3d527a6f3ec0" />
      <TestMethod codeBase="/home/runner/work/typespec/typespec/packages/http-client-csharp/generator/artifacts/bin/Microsoft.TypeSpec.Generator.Tests/Debug/net8.0/Microsoft.TypeSpec.Generator.Tests.dll" adapterTypeName="executor://nunit3testexecutor/" className="Microsoft.TypeSpec.Generator.Tests.Providers.ModelProviders.ModelCustomizationTests" name="CanChangeFrameworkTypeToCustomEnum" />
    </UnitTest>
    <UnitTest name="BodyHasSetterValidation(&quot;intOnNoUsageModel&quot;,Microsoft.TypeSpec.Generator.Input.InputModelType,False,null)" storage="/home/runner/work/typespec/typespec/packages/http-client-csharp/generator/artifacts/bin/microsoft.typespec.generator.tests/debug/net8.0/microsoft.typespec.generator.tests.dll" id="275244f1-260b-8169-32ed-eb20f650345d">
      <Execution id="3c5e0e27-c1d4-4165-a600-a8bcfbd8a33e" />
      <TestMethod codeBase="/home/runner/work/typespec/typespec/packages/http-client-csharp/generator/artifacts/bin/Microsoft.TypeSpec.Generator.Tests/Debug/net8.0/Microsoft.TypeSpec.Generator.Tests.dll" adapterTypeName="executor://nunit3testexecutor/" className="Microsoft.TypeSpec.Generator.Tests.Providers.PropertyProviderTests" name="BodyHasSetterValidation(&quot;intOnNoUsageModel&quot;,Microsoft.TypeSpec.Generator.Input.InputModelType,False,null)" />
    </UnitTest>
    <UnitTest name="TestWriteValueExpression_DefaultCastExpression(System.String,22,&quot;((string)22)&quot;)" storage="/home/runner/work/typespec/typespec/packages/http-client-csharp/generator/artifacts/bin/microsoft.typespec.generator.tests/debug/net8.0/microsoft.typespec.generator.tests.dll" id="f2c2d0f2-52a5-b67d-67ca-5f196a1da558">
      <Execution id="2536b36c-b5fd-4fa5-9fbf-b94b5b5ca450" />
      <TestMethod codeBase="/home/runner/work/typespec/typespec/packages/http-client-csharp/generator/artifacts/bin/Microsoft.TypeSpec.Generator.Tests/Debug/net8.0/Microsoft.TypeSpec.Generator.Tests.dll" adapterTypeName="executor://nunit3testexecutor/" className="Microsoft.TypeSpec.Generator.Tests.Writers.CodeWriterExtensionTests" name="TestWriteValueExpression_DefaultCastExpression(System.String,22,&quot;((string)22)&quot;)" />
    </UnitTest>
    <UnitTest name="TestToApiVersionValueWithVersionPrefix(&quot;V1_2_3_Beta&quot;,&quot;release-&quot;,&quot;release-1-2-3-beta&quot;)" storage="/home/runner/work/typespec/typespec/packages/http-client-csharp/generator/artifacts/bin/microsoft.typespec.generator.tests/debug/net8.0/microsoft.typespec.generator.tests.dll" id="fe360101-5261-e820-b6ee-890e4a245a37">
      <Execution id="845e99f0-eec0-45b7-a200-c85b0ef7ec04" />
      <TestMethod codeBase="/home/runner/work/typespec/typespec/packages/http-client-csharp/generator/artifacts/bin/Microsoft.TypeSpec.Generator.Tests/Debug/net8.0/Microsoft.TypeSpec.Generator.Tests.dll" adapterTypeName="executor://nunit3testexecutor/" className="Microsoft.TypeSpec.Generator.Tests.Utilities.StringExtensionsTests" name="TestToApiVersionValueWithVersionPrefix(&quot;V1_2_3_Beta&quot;,&quot;release-&quot;,&quot;release-1-2-3-beta&quot;)" />
    </UnitTest>
    <UnitTest name="IsArray(System.Collections.Generic.List`1[T],False)" storage="/home/runner/work/typespec/typespec/packages/http-client-csharp/generator/artifacts/bin/microsoft.typespec.generator.tests/debug/net8.0/microsoft.typespec.generator.tests.dll" id="07c3a402-cd09-a0c4-bf85-77477acb1847">
      <Execution id="7a76e523-2bf8-45cb-8c62-c9a5c21a58d8" />
      <TestMethod codeBase="/home/runner/work/typespec/typespec/packages/http-client-csharp/generator/artifacts/bin/Microsoft.TypeSpec.Generator.Tests/Debug/net8.0/Microsoft.TypeSpec.Generator.Tests.dll" adapterTypeName="executor://nunit3testexecutor/" className="Microsoft.TypeSpec.Generator.Tests.Primitives.CSharpTypeTests" name="IsArray(System.Collections.Generic.List`1[T],False)" />
    </UnitTest>
    <UnitTest name="IsCollectionType(System.Collections.Generic.IDictionary`2[System.String,System.String],True)" storage="/home/runner/work/typespec/typespec/packages/http-client-csharp/generator/artifacts/bin/microsoft.typespec.generator.tests/debug/net8.0/microsoft.typespec.generator.tests.dll" id="a0ec3c59-43eb-f219-9588-0746bc9109a3">
      <Execution id="0c84ffed-9404-414a-9168-0de6d125be5b" />
      <TestMethod codeBase="/home/runner/work/typespec/typespec/packages/http-client-csharp/generator/artifacts/bin/Microsoft.TypeSpec.Generator.Tests/Debug/net8.0/Microsoft.TypeSpec.Generator.Tests.dll" adapterTypeName="executor://nunit3testexecutor/" className="Microsoft.TypeSpec.Generator.Tests.Primitives.CSharpTypeTests" name="IsCollectionType(System.Collections.Generic.IDictionary`2[System.String,System.String],True)" />
    </UnitTest>
    <UnitTest name="TestBreakLines_NullArgument" storage="/home/runner/work/typespec/typespec/packages/http-client-csharp/generator/artifacts/bin/microsoft.typespec.generator.tests/debug/net8.0/microsoft.typespec.generator.tests.dll" id="085b8d2d-ebc4-2e5c-c0bf-665d09661988">
      <Execution id="d7849257-1ebb-472e-860d-1e9ab4cbff4e" />
      <TestMethod codeBase="/home/runner/work/typespec/typespec/packages/http-client-csharp/generator/artifacts/bin/Microsoft.TypeSpec.Generator.Tests/Debug/net8.0/Microsoft.TypeSpec.Generator.Tests.dll" adapterTypeName="executor://nunit3testexecutor/" className="Microsoft.TypeSpec.Generator.Tests.Utilities.FormattableStringHelpersTests" name="TestBreakLines_NullArgument" />
    </UnitTest>
    <UnitTest name="TestParseVersionString(&quot;1.0.0-beta.1&quot;,&quot;1.0.0-beta.1&quot;,1.0.0-beta.1,False)" storage="/home/runner/work/typespec/typespec/packages/http-client-csharp/generator/artifacts/bin/microsoft.typespec.generator.tests/debug/net8.0/microsoft.typespec.generator.tests.dll" id="d9eec0b3-0c26-d703-46db-e70053729640">
      <Execution id="659f0b09-edf3-464f-acca-c808fda678b4" />
      <TestMethod codeBase="/home/runner/work/typespec/typespec/packages/http-client-csharp/generator/artifacts/bin/Microsoft.TypeSpec.Generator.Tests/Debug/net8.0/Microsoft.TypeSpec.Generator.Tests.dll" adapterTypeName="executor://nunit3testexecutor/" className="Microsoft.TypeSpec.Generator.Tests.Utilities.NugetPackageDownloaderTests" name="TestParseVersionString(&quot;1.0.0-beta.1&quot;,&quot;1.0.0-beta.1&quot;,1.0.0-beta.1,False)" />
    </UnitTest>
    <UnitTest name="GetElementType_Dictionary" storage="/home/runner/work/typespec/typespec/packages/http-client-csharp/generator/artifacts/bin/microsoft.typespec.generator.tests/debug/net8.0/microsoft.typespec.generator.tests.dll" id="5ae472fb-6ea9-c188-3f0e-6629f16f8c6c">
      <Execution id="490e157a-6112-4363-a8bd-8140b498eda5" />
      <TestMethod codeBase="/home/runner/work/typespec/typespec/packages/http-client-csharp/generator/artifacts/bin/Microsoft.TypeSpec.Generator.Tests/Debug/net8.0/Microsoft.TypeSpec.Generator.Tests.dll" adapterTypeName="executor://nunit3testexecutor/" className="Microsoft.TypeSpec.Generator.Tests.Primitives.CSharpTypeTests" name="GetElementType_Dictionary" />
    </UnitTest>
    <UnitTest name="IsReadOnlyList(System.Collections.Generic.IReadOnlyCollection`1[T],False)" storage="/home/runner/work/typespec/typespec/packages/http-client-csharp/generator/artifacts/bin/microsoft.typespec.generator.tests/debug/net8.0/microsoft.typespec.generator.tests.dll" id="50956c27-d293-40eb-346f-e6ad01ce9e0a">
      <Execution id="57981794-9680-4afd-a5f9-f60c4b095cd4" />
      <TestMethod codeBase="/home/runner/work/typespec/typespec/packages/http-client-csharp/generator/artifacts/bin/Microsoft.TypeSpec.Generator.Tests/Debug/net8.0/Microsoft.TypeSpec.Generator.Tests.dll" adapterTypeName="executor://nunit3testexecutor/" className="Microsoft.TypeSpec.Generator.Tests.Primitives.CSharpTypeTests" name="IsReadOnlyList(System.Collections.Generic.IReadOnlyCollection`1[T],False)" />
    </UnitTest>
    <UnitTest name="TestGetUnionTypesDescriptions" storage="/home/runner/work/typespec/typespec/packages/http-client-csharp/generator/artifacts/bin/microsoft.typespec.generator.tests/debug/net8.0/microsoft.typespec.generator.tests.dll" id="5e2677de-e2fa-6a52-218a-17f0c0c4b43b">
      <Execution id="cc9b2dbf-41f1-47b1-bac2-9c33ba71f705" />
      <TestMethod codeBase="/home/runner/work/typespec/typespec/packages/http-client-csharp/generator/artifacts/bin/Microsoft.TypeSpec.Generator.Tests/Debug/net8.0/Microsoft.TypeSpec.Generator.Tests.dll" adapterTypeName="executor://nunit3testexecutor/" className="Microsoft.TypeSpec.Generator.Tests.Providers.PropertyDescriptionTests" name="TestGetUnionTypesDescriptions" />
    </UnitTest>
    <UnitTest name="SystemTypeOperatorTestNotEqual(System.Collections.Generic.IList`1[System.Int32],System.Int32)" storage="/home/runner/work/typespec/typespec/packages/http-client-csharp/generator/artifacts/bin/microsoft.typespec.generator.tests/debug/net8.0/microsoft.typespec.generator.tests.dll" id="4706d989-7332-52ee-a47a-b404a2d3bd89">
      <Execution id="45d9991f-5269-4225-9d60-9822d0ca2282" />
      <TestMethod codeBase="/home/runner/work/typespec/typespec/packages/http-client-csharp/generator/artifacts/bin/Microsoft.TypeSpec.Generator.Tests/Debug/net8.0/Microsoft.TypeSpec.Generator.Tests.dll" adapterTypeName="executor://nunit3testexecutor/" className="Microsoft.TypeSpec.Generator.Tests.Expressions.ValueExpressionTests" name="SystemTypeOperatorTestNotEqual(System.Collections.Generic.IList`1[System.Int32],System.Int32)" />
    </UnitTest>
    <UnitTest name="DictionaryExpression(System.Collections.Generic.IDictionary`2[System.Collections.Generic.IDictionary`2[System.Int32,System.String],System.Collections.Generic.IDictionary`2[System.String,System.Int32]],System.Collections.Generic.IDictionary`2[System.Collections.Generic.IDictionary`2[System.String,System.Int32],System.Collections.Generic.IDictionary`2[System.String,System.Int32]])" storage="/home/runner/work/typespec/typespec/packages/http-client-csharp/generator/artifacts/bin/microsoft.typespec.generator.tests/debug/net8.0/microsoft.typespec.generator.tests.dll" id="8a650ea1-7058-18c5-0dfb-0417c818b122">
      <Execution id="d57b861a-7549-4b97-a73f-0cd9de099cb9" />
      <TestMethod codeBase="/home/runner/work/typespec/typespec/packages/http-client-csharp/generator/artifacts/bin/Microsoft.TypeSpec.Generator.Tests/Debug/net8.0/Microsoft.TypeSpec.Generator.Tests.dll" adapterTypeName="executor://nunit3testexecutor/" className="Microsoft.TypeSpec.Generator.Tests.Expressions.KnownValueExpressionsTests" name="DictionaryExpression(System.Collections.Generic.IDictionary`2[System.Collections.Generic.IDictionary`2[System.Int32,System.String],System.Collections.Generic.IDictionary`2[System.String,System.Int32]],System.Collections.Generic.IDictionary`2[System.Collections.Generic.IDictionary`2[System.String,System.Int32],System.Collections.Generic.IDictionary`2[System.String,System.Int32]])" />
    </UnitTest>
    <UnitTest name="SharedSourceFilesAreReduced" storage="/home/runner/work/typespec/typespec/packages/http-client-csharp/generator/artifacts/bin/microsoft.typespec.generator.tests/debug/net8.0/microsoft.typespec.generator.tests.dll" id="dbd204dc-e937-d695-c501-20aa7fe433ee">
      <Execution id="57e4caa3-0be2-4f10-95c3-341ad31d280d" />
      <TestMethod codeBase="/home/runner/work/typespec/typespec/packages/http-client-csharp/generator/artifacts/bin/Microsoft.TypeSpec.Generator.Tests/Debug/net8.0/Microsoft.TypeSpec.Generator.Tests.dll" adapterTypeName="executor://nunit3testexecutor/" className="Microsoft.TypeSpec.Generator.Tests.PostProcessing.SharedSourceTests" name="SharedSourceFilesAreReduced" />
    </UnitTest>
    <UnitTest name="IsList(System.ReadOnlyMemory`1[T],True)" storage="/home/runner/work/typespec/typespec/packages/http-client-csharp/generator/artifacts/bin/microsoft.typespec.generator.tests/debug/net8.0/microsoft.typespec.generator.tests.dll" id="26df80e7-3a90-605e-f925-16b6d478c788">
      <Execution id="aaaf4708-957c-4002-a4ad-023a666f77a8" />
      <TestMethod codeBase="/home/runner/work/typespec/typespec/packages/http-client-csharp/generator/artifacts/bin/Microsoft.TypeSpec.Generator.Tests/Debug/net8.0/Microsoft.TypeSpec.Generator.Tests.dll" adapterTypeName="executor://nunit3testexecutor/" className="Microsoft.TypeSpec.Generator.Tests.Primitives.CSharpTypeTests" name="IsList(System.ReadOnlyMemory`1[T],True)" />
    </UnitTest>
    <UnitTest name="ValidatePropertyTypes(System.Collections.Generic.IEnumerable`1[System.TimeSpan])" storage="/home/runner/work/typespec/typespec/packages/http-client-csharp/generator/artifacts/bin/microsoft.typespec.generator.tests/debug/net8.0/microsoft.typespec.generator.tests.dll" id="0733d45a-5f43-51ef-b8dc-2f7e48283054">
      <Execution id="84c9f0fd-cdf9-4fe8-aa47-e86701810dc2" />
      <TestMethod codeBase="/home/runner/work/typespec/typespec/packages/http-client-csharp/generator/artifacts/bin/Microsoft.TypeSpec.Generator.Tests/Debug/net8.0/Microsoft.TypeSpec.Generator.Tests.dll" adapterTypeName="executor://nunit3testexecutor/" className="Microsoft.TypeSpec.Generator.Tests.Providers.NamedTypeSymbolProviders.NamedTypeSymbolProviderTests" name="ValidatePropertyTypes(System.Collections.Generic.IEnumerable`1[System.TimeSpan])" />
    </UnitTest>
    <UnitTest name="CanChangePropertyTypeToEnum" storage="/home/runner/work/typespec/typespec/packages/http-client-csharp/generator/artifacts/bin/microsoft.typespec.generator.tests/debug/net8.0/microsoft.typespec.generator.tests.dll" id="16cba511-891e-7392-2428-5a629bf36350">
      <Execution id="dd62bb9c-8e92-44fe-8fc1-bfd0f25e28b1" />
      <TestMethod codeBase="/home/runner/work/typespec/typespec/packages/http-client-csharp/generator/artifacts/bin/Microsoft.TypeSpec.Generator.Tests/Debug/net8.0/Microsoft.TypeSpec.Generator.Tests.dll" adapterTypeName="executor://nunit3testexecutor/" className="Microsoft.TypeSpec.Generator.Tests.Providers.ModelProviders.ModelCustomizationTests" name="CanChangePropertyTypeToEnum" />
    </UnitTest>
    <UnitTest name="TestToApiVersionMemberName(&quot;1.0.0&quot;,&quot;V1_0_0&quot;)" storage="/home/runner/work/typespec/typespec/packages/http-client-csharp/generator/artifacts/bin/microsoft.typespec.generator.tests/debug/net8.0/microsoft.typespec.generator.tests.dll" id="ca610a9c-ba67-5df9-9fb1-df42d8ef7ec4">
      <Execution id="b12a0a40-ecd1-4e01-be3e-69bb698dfe73" />
      <TestMethod codeBase="/home/runner/work/typespec/typespec/packages/http-client-csharp/generator/artifacts/bin/Microsoft.TypeSpec.Generator.Tests/Debug/net8.0/Microsoft.TypeSpec.Generator.Tests.dll" adapterTypeName="executor://nunit3testexecutor/" className="Microsoft.TypeSpec.Generator.Tests.Utilities.StringExtensionsTests" name="TestToApiVersionMemberName(&quot;1.0.0&quot;,&quot;V1_0_0&quot;)" />
    </UnitTest>
    <UnitTest name="MultipleAsSameObject" storage="/home/runner/work/typespec/typespec/packages/http-client-csharp/generator/artifacts/bin/microsoft.typespec.generator.tests/debug/net8.0/microsoft.typespec.generator.tests.dll" id="dc6af082-e6f7-18e6-ae27-8be735eb8abb">
      <Execution id="f86ba08e-2606-4523-aa74-8fd6651f1a2a" />
      <TestMethod codeBase="/home/runner/work/typespec/typespec/packages/http-client-csharp/generator/artifacts/bin/Microsoft.TypeSpec.Generator.Tests/Debug/net8.0/Microsoft.TypeSpec.Generator.Tests.dll" adapterTypeName="executor://nunit3testexecutor/" className="Microsoft.TypeSpec.Generator.Tests.Expressions.ValueExpressionTests" name="MultipleAsSameObject" />
    </UnitTest>
    <UnitTest name="IsArray(System.Int32,False)" storage="/home/runner/work/typespec/typespec/packages/http-client-csharp/generator/artifacts/bin/microsoft.typespec.generator.tests/debug/net8.0/microsoft.typespec.generator.tests.dll" id="a041969d-c809-06e6-80f1-a7685876bd1d">
      <Execution id="9a0016ae-c2d2-4d4d-a374-bc8d8539b627" />
      <TestMethod codeBase="/home/runner/work/typespec/typespec/packages/http-client-csharp/generator/artifacts/bin/Microsoft.TypeSpec.Generator.Tests/Debug/net8.0/Microsoft.TypeSpec.Generator.Tests.dll" adapterTypeName="executor://nunit3testexecutor/" className="Microsoft.TypeSpec.Generator.Tests.Primitives.CSharpTypeTests" name="IsArray(System.Int32,False)" />
    </UnitTest>
    <UnitTest name="TestToApiVersionValueWithCustomSeparator(&quot;V2022_05_15_Preview&quot;,&quot;.&quot;,&quot;2022.05.15.preview&quot;)" storage="/home/runner/work/typespec/typespec/packages/http-client-csharp/generator/artifacts/bin/microsoft.typespec.generator.tests/debug/net8.0/microsoft.typespec.generator.tests.dll" id="d4fbd879-3ad8-65ae-2ab6-7cbd4095d149">
      <Execution id="4c8d620f-a11e-4616-bd4c-4b8e8b156703" />
      <TestMethod codeBase="/home/runner/work/typespec/typespec/packages/http-client-csharp/generator/artifacts/bin/Microsoft.TypeSpec.Generator.Tests/Debug/net8.0/Microsoft.TypeSpec.Generator.Tests.dll" adapterTypeName="executor://nunit3testexecutor/" className="Microsoft.TypeSpec.Generator.Tests.Utilities.StringExtensionsTests" name="TestToApiVersionValueWithCustomSeparator(&quot;V2022_05_15_Preview&quot;,&quot;.&quot;,&quot;2022.05.15.preview&quot;)" />
    </UnitTest>
    <UnitTest name="BaseShouldBeAbstract(Microsoft.TypeSpec.Generator.Input.InputModelType,&quot;/// &lt;summary&gt;\n/// pet description\n/// Please note this is the abstract base class. The derived classes available for instantiation are: &lt;see cref=\&quot;Cat\&quot;/&gt; and &lt;see cref=\&quot;Dog\&quot;/&gt;.\n/// &lt;/summary&gt;\n&quot;)" storage="/home/runner/work/typespec/typespec/packages/http-client-csharp/generator/artifacts/bin/microsoft.typespec.generator.tests/debug/net8.0/microsoft.typespec.generator.tests.dll" id="8cb888f8-fcf7-8b11-26ea-f6f3a12256ea">
      <Execution id="658b0010-a6c2-4a27-922c-b779496b7e22" />
      <TestMethod codeBase="/home/runner/work/typespec/typespec/packages/http-client-csharp/generator/artifacts/bin/Microsoft.TypeSpec.Generator.Tests/Debug/net8.0/Microsoft.TypeSpec.Generator.Tests.dll" adapterTypeName="executor://nunit3testexecutor/" className="Microsoft.TypeSpec.Generator.Tests.Providers.ModelProviders.DiscriminatorTests" name="BaseShouldBeAbstract(Microsoft.TypeSpec.Generator.Input.InputModelType,&quot;/// &lt;summary&gt;\n/// pet description\n/// Please note this is the abstract base class. The derived classes available for instantiation are: &lt;see cref=\&quot;Cat\&quot;/&gt; and &lt;see cref=\&quot;Dog\&quot;/&gt;.\n/// &lt;/summary&gt;\n&quot;)" />
    </UnitTest>
    <UnitTest name="TestBuildProperties_ValidatePropertySetters(Microsoft.TypeSpec.Generator.Input.InputModelProperty,global::System.Collections.Generic.IList&lt;string&gt;,False)" storage="/home/runner/work/typespec/typespec/packages/http-client-csharp/generator/artifacts/bin/microsoft.typespec.generator.tests/debug/net8.0/microsoft.typespec.generator.tests.dll" id="0d2ce44e-c56c-0338-a04e-c3b9a8e7c5f5">
      <Execution id="6a47b0f3-48a4-4f87-9342-c3e33c4dc431" />
      <TestMethod codeBase="/home/runner/work/typespec/typespec/packages/http-client-csharp/generator/artifacts/bin/Microsoft.TypeSpec.Generator.Tests/Debug/net8.0/Microsoft.TypeSpec.Generator.Tests.dll" adapterTypeName="executor://nunit3testexecutor/" className="Microsoft.TypeSpec.Generator.Tests.Providers.ModelProviders.ModelProviderTests" name="TestBuildProperties_ValidatePropertySetters(Microsoft.TypeSpec.Generator.Input.InputModelProperty,global::System.Collections.Generic.IList&lt;string&gt;,False)" />
    </UnitTest>
    <UnitTest name="IsReadWriteDictionary(System.Collections.Generic.IDictionary`2[System.String,System.String],True)" storage="/home/runner/work/typespec/typespec/packages/http-client-csharp/generator/artifacts/bin/microsoft.typespec.generator.tests/debug/net8.0/microsoft.typespec.generator.tests.dll" id="3ec5ba8b-f48c-92cb-ad25-87e8cf58b5f8">
      <Execution id="bfd64ec7-d95e-4bbd-a390-363984eef49d" />
      <TestMethod codeBase="/home/runner/work/typespec/typespec/packages/http-client-csharp/generator/artifacts/bin/Microsoft.TypeSpec.Generator.Tests/Debug/net8.0/Microsoft.TypeSpec.Generator.Tests.dll" adapterTypeName="executor://nunit3testexecutor/" className="Microsoft.TypeSpec.Generator.Tests.Primitives.CSharpTypeTests" name="IsReadWriteDictionary(System.Collections.Generic.IDictionary`2[System.String,System.String],True)" />
    </UnitTest>
    <UnitTest name="CanCallInvokeWithTypeArgs" storage="/home/runner/work/typespec/typespec/packages/http-client-csharp/generator/artifacts/bin/microsoft.typespec.generator.tests/debug/net8.0/microsoft.typespec.generator.tests.dll" id="8f4ab2fc-20d9-03f6-a5f1-0258786d5836">
      <Execution id="f892c61b-98ec-422a-b016-884839cdba5a" />
      <TestMethod codeBase="/home/runner/work/typespec/typespec/packages/http-client-csharp/generator/artifacts/bin/Microsoft.TypeSpec.Generator.Tests/Debug/net8.0/Microsoft.TypeSpec.Generator.Tests.dll" adapterTypeName="executor://nunit3testexecutor/" className="Microsoft.TypeSpec.Generator.Tests.Providers.ParameterProviderTests" name="CanCallInvokeWithTypeArgs" />
    </UnitTest>
    <UnitTest name="TestBuildFields(True,True)" storage="/home/runner/work/typespec/typespec/packages/http-client-csharp/generator/artifacts/bin/microsoft.typespec.generator.tests/debug/net8.0/microsoft.typespec.generator.tests.dll" id="082f8576-8f23-5f24-78f5-9d571f45ba9a">
      <Execution id="df2a7349-10bb-4856-8e9e-791fe8f59b7a" />
      <TestMethod codeBase="/home/runner/work/typespec/typespec/packages/http-client-csharp/generator/artifacts/bin/Microsoft.TypeSpec.Generator.Tests/Debug/net8.0/Microsoft.TypeSpec.Generator.Tests.dll" adapterTypeName="executor://nunit3testexecutor/" className="Microsoft.TypeSpec.Generator.Tests.Providers.ModelProviders.ModelProviderTests" name="TestBuildFields(True,True)" />
    </UnitTest>
    <UnitTest name="TypeOfStatement(System.Collections.Generic.List`1[System.String],&quot;typeof(global::System.Collections.Generic.List&lt;string&gt;)&quot;)" storage="/home/runner/work/typespec/typespec/packages/http-client-csharp/generator/artifacts/bin/microsoft.typespec.generator.tests/debug/net8.0/microsoft.typespec.generator.tests.dll" id="217673f1-9964-d1c6-721a-99bdd8567cb8">
      <Execution id="d91ca6f7-88ef-4917-8dce-ce9e27cf3c5c" />
      <TestMethod codeBase="/home/runner/work/typespec/typespec/packages/http-client-csharp/generator/artifacts/bin/Microsoft.TypeSpec.Generator.Tests/Debug/net8.0/Microsoft.TypeSpec.Generator.Tests.dll" adapterTypeName="executor://nunit3testexecutor/" className="Microsoft.TypeSpec.Generator.Tests.Expressions.TypeOfExpressionTests" name="TypeOfStatement(System.Collections.Generic.List`1[System.String],&quot;typeof(global::System.Collections.Generic.List&lt;string&gt;)&quot;)" />
    </UnitTest>
    <UnitTest name="TypesAreEqualForGenericTypes(System.Collections.Generic.IList`1[T],[System.Int32])" storage="/home/runner/work/typespec/typespec/packages/http-client-csharp/generator/artifacts/bin/microsoft.typespec.generator.tests/debug/net8.0/microsoft.typespec.generator.tests.dll" id="437fc918-e6ce-c47e-6602-d58b0391b027">
      <Execution id="87e961d0-7420-48fc-aa90-dd366f2dd4b2" />
      <TestMethod codeBase="/home/runner/work/typespec/typespec/packages/http-client-csharp/generator/artifacts/bin/Microsoft.TypeSpec.Generator.Tests/Debug/net8.0/Microsoft.TypeSpec.Generator.Tests.dll" adapterTypeName="executor://nunit3testexecutor/" className="Microsoft.TypeSpec.Generator.Tests.Primitives.CSharpTypeTests" name="TypesAreEqualForGenericTypes(System.Collections.Generic.IList`1[T],[System.Int32])" />
    </UnitTest>
    <UnitTest name="TestIsCSharpKeyword(&quot;internal&quot;,True)" storage="/home/runner/work/typespec/typespec/packages/http-client-csharp/generator/artifacts/bin/microsoft.typespec.generator.tests/debug/net8.0/microsoft.typespec.generator.tests.dll" id="a828753d-bb9b-7fb8-4322-9fddca1c056b">
      <Execution id="984a99df-362e-4223-b1f5-cecbf35ae300" />
      <TestMethod codeBase="/home/runner/work/typespec/typespec/packages/http-client-csharp/generator/artifacts/bin/Microsoft.TypeSpec.Generator.Tests/Debug/net8.0/Microsoft.TypeSpec.Generator.Tests.dll" adapterTypeName="executor://nunit3testexecutor/" className="Microsoft.TypeSpec.Generator.Tests.Utilities.StringExtensionsTests" name="TestIsCSharpKeyword(&quot;internal&quot;,True)" />
    </UnitTest>
    <UnitTest name="CanReplaceConstructor" storage="/home/runner/work/typespec/typespec/packages/http-client-csharp/generator/artifacts/bin/microsoft.typespec.generator.tests/debug/net8.0/microsoft.typespec.generator.tests.dll" id="081f51aa-0473-38ec-5d39-d05e7a7dd898">
      <Execution id="777f80f0-f521-4466-a124-b3c56aeaf608" />
      <TestMethod codeBase="/home/runner/work/typespec/typespec/packages/http-client-csharp/generator/artifacts/bin/Microsoft.TypeSpec.Generator.Tests/Debug/net8.0/Microsoft.TypeSpec.Generator.Tests.dll" adapterTypeName="executor://nunit3testexecutor/" className="Microsoft.TypeSpec.Generator.Tests.Providers.ModelProviders.ModelCustomizationTests" name="CanReplaceConstructor" />
    </UnitTest>
    <UnitTest name="IsReadOnlyList(System.Collections.Generic.IEnumerable`1[T],True)" storage="/home/runner/work/typespec/typespec/packages/http-client-csharp/generator/artifacts/bin/microsoft.typespec.generator.tests/debug/net8.0/microsoft.typespec.generator.tests.dll" id="769f76de-22e9-2899-6146-006a3253a4bd">
      <Execution id="8d4bb310-0d59-4014-801a-c24b35ffde02" />
      <TestMethod codeBase="/home/runner/work/typespec/typespec/packages/http-client-csharp/generator/artifacts/bin/Microsoft.TypeSpec.Generator.Tests/Debug/net8.0/Microsoft.TypeSpec.Generator.Tests.dll" adapterTypeName="executor://nunit3testexecutor/" className="Microsoft.TypeSpec.Generator.Tests.Primitives.CSharpTypeTests" name="IsReadOnlyList(System.Collections.Generic.IEnumerable`1[T],True)" />
    </UnitTest>
    <UnitTest name="TestIsCSharpKeyword(&quot;checked&quot;,True)" storage="/home/runner/work/typespec/typespec/packages/http-client-csharp/generator/artifacts/bin/microsoft.typespec.generator.tests/debug/net8.0/microsoft.typespec.generator.tests.dll" id="eecc404d-052a-2f47-4d54-cb8073db15f9">
      <Execution id="fb3d3754-cf21-4664-8594-e723a033870b" />
      <TestMethod codeBase="/home/runner/work/typespec/typespec/packages/http-client-csharp/generator/artifacts/bin/Microsoft.TypeSpec.Generator.Tests/Debug/net8.0/Microsoft.TypeSpec.Generator.Tests.dll" adapterTypeName="executor://nunit3testexecutor/" className="Microsoft.TypeSpec.Generator.Tests.Utilities.StringExtensionsTests" name="TestIsCSharpKeyword(&quot;checked&quot;,True)" />
    </UnitTest>
    <UnitTest name="TestUpdateCanonicalView" storage="/home/runner/work/typespec/typespec/packages/http-client-csharp/generator/artifacts/bin/microsoft.typespec.generator.tests/debug/net8.0/microsoft.typespec.generator.tests.dll" id="33a180ed-590d-42e0-e9de-194f4f8f4962">
      <Execution id="f8070384-19d2-40e0-a14f-43994ace0355" />
      <TestMethod codeBase="/home/runner/work/typespec/typespec/packages/http-client-csharp/generator/artifacts/bin/Microsoft.TypeSpec.Generator.Tests/Debug/net8.0/Microsoft.TypeSpec.Generator.Tests.dll" adapterTypeName="executor://nunit3testexecutor/" className="Microsoft.TypeSpec.Generator.Tests.Providers.TypeProviderTests" name="TestUpdateCanonicalView" />
    </UnitTest>
    <UnitTest name="DoesNotGenerateCustomPropertyFromBase" storage="/home/runner/work/typespec/typespec/packages/http-client-csharp/generator/artifacts/bin/microsoft.typespec.generator.tests/debug/net8.0/microsoft.typespec.generator.tests.dll" id="dec4d542-ee31-44e2-7823-0250ddb712cd">
      <Execution id="bad9a334-7d8d-443e-a2b7-cf5fb17961a8" />
      <TestMethod codeBase="/home/runner/work/typespec/typespec/packages/http-client-csharp/generator/artifacts/bin/Microsoft.TypeSpec.Generator.Tests/Debug/net8.0/Microsoft.TypeSpec.Generator.Tests.dll" adapterTypeName="executor://nunit3testexecutor/" className="Microsoft.TypeSpec.Generator.Tests.Providers.ModelProviders.ModelCustomizationTests" name="DoesNotGenerateCustomPropertyFromBase" />
    </UnitTest>
    <UnitTest name="TestBreakLines_OneArgOnly" storage="/home/runner/work/typespec/typespec/packages/http-client-csharp/generator/artifacts/bin/microsoft.typespec.generator.tests/debug/net8.0/microsoft.typespec.generator.tests.dll" id="1d94f4ee-e18a-f6a6-0d4e-d94116d380e6">
      <Execution id="cfb598c0-e868-4658-b369-793d826309d4" />
      <TestMethod codeBase="/home/runner/work/typespec/typespec/packages/http-client-csharp/generator/artifacts/bin/Microsoft.TypeSpec.Generator.Tests/Debug/net8.0/Microsoft.TypeSpec.Generator.Tests.dll" adapterTypeName="executor://nunit3testexecutor/" className="Microsoft.TypeSpec.Generator.Tests.Utilities.FormattableStringHelpersTests" name="TestBreakLines_OneArgOnly" />
    </UnitTest>
    <UnitTest name="ValidDocsDoNotThrow" storage="/home/runner/work/typespec/typespec/packages/http-client-csharp/generator/artifacts/bin/microsoft.typespec.generator.tests/debug/net8.0/microsoft.typespec.generator.tests.dll" id="950aeb7f-7cec-78f7-24fb-dace29f10a19">
      <Execution id="603732fb-6788-41fa-9292-98cf6f6bb5e1" />
      <TestMethod codeBase="/home/runner/work/typespec/typespec/packages/http-client-csharp/generator/artifacts/bin/Microsoft.TypeSpec.Generator.Tests/Debug/net8.0/Microsoft.TypeSpec.Generator.Tests.dll" adapterTypeName="executor://nunit3testexecutor/" className="Microsoft.TypeSpec.Generator.Tests.Providers.NamedTypeSymbolProviders.XmlDocsTests" name="ValidDocsDoNotThrow" />
    </UnitTest>
    <UnitTest name="ListExpression(System.Int64)" storage="/home/runner/work/typespec/typespec/packages/http-client-csharp/generator/artifacts/bin/microsoft.typespec.generator.tests/debug/net8.0/microsoft.typespec.generator.tests.dll" id="150db943-c8d9-babf-885a-3b2c2432d509">
      <Execution id="47ee14a9-fe3b-4836-b91f-dd1ae90c7ace" />
      <TestMethod codeBase="/home/runner/work/typespec/typespec/packages/http-client-csharp/generator/artifacts/bin/Microsoft.TypeSpec.Generator.Tests/Debug/net8.0/Microsoft.TypeSpec.Generator.Tests.dll" adapterTypeName="executor://nunit3testexecutor/" className="Microsoft.TypeSpec.Generator.Tests.Expressions.KnownValueExpressionsTests" name="ListExpression(System.Int64)" />
    </UnitTest>
    <UnitTest name="TestBuildAdditionalProperties(Microsoft.TypeSpec.Generator.Input.InputModelType,False,3)" storage="/home/runner/work/typespec/typespec/packages/http-client-csharp/generator/artifacts/bin/microsoft.typespec.generator.tests/debug/net8.0/microsoft.typespec.generator.tests.dll" id="0da80a08-ca3c-7829-f6f5-00c58a9eeb90">
      <Execution id="f70d7f7b-e934-47d9-a2ae-4755a8df38c2" />
      <TestMethod codeBase="/home/runner/work/typespec/typespec/packages/http-client-csharp/generator/artifacts/bin/Microsoft.TypeSpec.Generator.Tests/Debug/net8.0/Microsoft.TypeSpec.Generator.Tests.dll" adapterTypeName="executor://nunit3testexecutor/" className="Microsoft.TypeSpec.Generator.Tests.Providers.ModelProviders.ModelProviderTests" name="TestBuildAdditionalProperties(Microsoft.TypeSpec.Generator.Input.InputModelType,False,3)" />
    </UnitTest>
    <UnitTest name="TestBuildProperties_ValidateInheritHierarchyWithNew" storage="/home/runner/work/typespec/typespec/packages/http-client-csharp/generator/artifacts/bin/microsoft.typespec.generator.tests/debug/net8.0/microsoft.typespec.generator.tests.dll" id="362568e4-a0ce-c0eb-049c-c36562ab7906">
      <Execution id="0fe8995f-c8e8-4983-a3c6-071bc4489f52" />
      <TestMethod codeBase="/home/runner/work/typespec/typespec/packages/http-client-csharp/generator/artifacts/bin/Microsoft.TypeSpec.Generator.Tests/Debug/net8.0/Microsoft.TypeSpec.Generator.Tests.dll" adapterTypeName="executor://nunit3testexecutor/" className="Microsoft.TypeSpec.Generator.Tests.Providers.ModelProviders.ModelProviderTests" name="TestBuildProperties_ValidateInheritHierarchyWithNew" />
    </UnitTest>
    <UnitTest name="TestToApiVersionMemberName(&quot;v2022.05.15_Preview&quot;,&quot;V2022_05_15_Preview&quot;)" storage="/home/runner/work/typespec/typespec/packages/http-client-csharp/generator/artifacts/bin/microsoft.typespec.generator.tests/debug/net8.0/microsoft.typespec.generator.tests.dll" id="0abdadec-f565-037d-9e00-3cb09d5bba6f">
      <Execution id="46fb48d4-dcce-49cf-8d9b-f73919e4978f" />
      <TestMethod codeBase="/home/runner/work/typespec/typespec/packages/http-client-csharp/generator/artifacts/bin/Microsoft.TypeSpec.Generator.Tests/Debug/net8.0/Microsoft.TypeSpec.Generator.Tests.dll" adapterTypeName="executor://nunit3testexecutor/" className="Microsoft.TypeSpec.Generator.Tests.Utilities.StringExtensionsTests" name="TestToApiVersionMemberName(&quot;v2022.05.15_Preview&quot;,&quot;V2022_05_15_Preview&quot;)" />
    </UnitTest>
    <UnitTest name="ValidateConstructors" storage="/home/runner/work/typespec/typespec/packages/http-client-csharp/generator/artifacts/bin/microsoft.typespec.generator.tests/debug/net8.0/microsoft.typespec.generator.tests.dll" id="7c0e6e89-86f1-1219-b859-69fb4d47a693">
      <Execution id="95f03c08-72b5-4e01-93e3-e3e14b6d35b8" />
      <TestMethod codeBase="/home/runner/work/typespec/typespec/packages/http-client-csharp/generator/artifacts/bin/Microsoft.TypeSpec.Generator.Tests/Debug/net8.0/Microsoft.TypeSpec.Generator.Tests.dll" adapterTypeName="executor://nunit3testexecutor/" className="Microsoft.TypeSpec.Generator.Tests.Providers.NamedTypeSymbolProviders.NamedTypeSymbolProviderTests" name="ValidateConstructors" />
    </UnitTest>
    <UnitTest name="NotNullNullableInt32" storage="/home/runner/work/typespec/typespec/packages/http-client-csharp/generator/artifacts/bin/microsoft.typespec.generator.tests/debug/net8.0/microsoft.typespec.generator.tests.dll" id="82e56ba7-7d19-7156-0276-1085547a24bc">
      <Execution id="44997420-8882-4027-99c7-b9e8d779c583" />
      <TestMethod codeBase="/home/runner/work/typespec/typespec/packages/http-client-csharp/generator/artifacts/bin/Microsoft.TypeSpec.Generator.Tests/Debug/net8.0/Microsoft.TypeSpec.Generator.Tests.dll" adapterTypeName="executor://nunit3testexecutor/" className="Microsoft.TypeSpec.Generator.Tests.Providers.ArgumentTests" name="NotNullNullableInt32" />
    </UnitTest>
    <UnitTest name="CanCustomizeDiscriminatorModel" storage="/home/runner/work/typespec/typespec/packages/http-client-csharp/generator/artifacts/bin/microsoft.typespec.generator.tests/debug/net8.0/microsoft.typespec.generator.tests.dll" id="9ef6126e-f7cc-14c5-4ccf-4831db9c92a1">
      <Execution id="1aa07067-62f4-4204-975c-731189d0b89c" />
      <TestMethod codeBase="/home/runner/work/typespec/typespec/packages/http-client-csharp/generator/artifacts/bin/Microsoft.TypeSpec.Generator.Tests/Debug/net8.0/Microsoft.TypeSpec.Generator.Tests.dll" adapterTypeName="executor://nunit3testexecutor/" className="Microsoft.TypeSpec.Generator.Tests.Providers.ModelProviders.ModelCustomizationTests" name="CanCustomizeDiscriminatorModel" />
    </UnitTest>
    <UnitTest name="SystemTypeOperatorTestEqual(System.Double)" storage="/home/runner/work/typespec/typespec/packages/http-client-csharp/generator/artifacts/bin/microsoft.typespec.generator.tests/debug/net8.0/microsoft.typespec.generator.tests.dll" id="7431a02c-3ec5-4e94-1096-d10672b17fe9">
      <Execution id="f8906f32-3f1b-4811-9c18-87aca1fe4ece" />
      <TestMethod codeBase="/home/runner/work/typespec/typespec/packages/http-client-csharp/generator/artifacts/bin/Microsoft.TypeSpec.Generator.Tests/Debug/net8.0/Microsoft.TypeSpec.Generator.Tests.dll" adapterTypeName="executor://nunit3testexecutor/" className="Microsoft.TypeSpec.Generator.Tests.Expressions.ValueExpressionTests" name="SystemTypeOperatorTestEqual(System.Double)" />
    </UnitTest>
    <UnitTest name="DictionaryExpression(System.Int32,System.Collections.Generic.IList`1[T])" storage="/home/runner/work/typespec/typespec/packages/http-client-csharp/generator/artifacts/bin/microsoft.typespec.generator.tests/debug/net8.0/microsoft.typespec.generator.tests.dll" id="ea5ab445-ca0a-35eb-ec63-41856a96f8e9">
      <Execution id="d9aff8b3-7754-4bfb-96cd-cf2b5bdcafba" />
      <TestMethod codeBase="/home/runner/work/typespec/typespec/packages/http-client-csharp/generator/artifacts/bin/Microsoft.TypeSpec.Generator.Tests/Debug/net8.0/Microsoft.TypeSpec.Generator.Tests.dll" adapterTypeName="executor://nunit3testexecutor/" className="Microsoft.TypeSpec.Generator.Tests.Expressions.KnownValueExpressionsTests" name="DictionaryExpression(System.Int32,System.Collections.Generic.IList`1[T])" />
    </UnitTest>
    <UnitTest name="SerializationCtorShouldNotAssignBaseFieldDerivedRequired" storage="/home/runner/work/typespec/typespec/packages/http-client-csharp/generator/artifacts/bin/microsoft.typespec.generator.tests/debug/net8.0/microsoft.typespec.generator.tests.dll" id="32b76892-837e-aaf5-5dd1-2631a0c6f451">
      <Execution id="54e5aaf4-aeeb-46ae-aa41-43ecd3acf33e" />
      <TestMethod codeBase="/home/runner/work/typespec/typespec/packages/http-client-csharp/generator/artifacts/bin/Microsoft.TypeSpec.Generator.Tests/Debug/net8.0/Microsoft.TypeSpec.Generator.Tests.dll" adapterTypeName="executor://nunit3testexecutor/" className="Microsoft.TypeSpec.Generator.Tests.Providers.ModelProviders.ModelProviderTests" name="SerializationCtorShouldNotAssignBaseFieldDerivedRequired" />
    </UnitTest>
    <UnitTest name="TestIsCSharpKeyword(&quot;new&quot;,True)" storage="/home/runner/work/typespec/typespec/packages/http-client-csharp/generator/artifacts/bin/microsoft.typespec.generator.tests/debug/net8.0/microsoft.typespec.generator.tests.dll" id="c91f2bb4-bfe2-3d5a-2d96-cf75d7c69cd6">
      <Execution id="0f3e7d16-7688-462c-8d0f-dab18720866c" />
      <TestMethod codeBase="/home/runner/work/typespec/typespec/packages/http-client-csharp/generator/artifacts/bin/Microsoft.TypeSpec.Generator.Tests/Debug/net8.0/Microsoft.TypeSpec.Generator.Tests.dll" adapterTypeName="executor://nunit3testexecutor/" className="Microsoft.TypeSpec.Generator.Tests.Utilities.StringExtensionsTests" name="TestIsCSharpKeyword(&quot;new&quot;,True)" />
    </UnitTest>
    <UnitTest name="RemovedInputModelCausesExceptionWhenReferencedInDifferentModel" storage="/home/runner/work/typespec/typespec/packages/http-client-csharp/generator/artifacts/bin/microsoft.typespec.generator.tests/debug/net8.0/microsoft.typespec.generator.tests.dll" id="f53f973d-cb80-9861-5d3f-ae579bbed924">
      <Execution id="8f2843c0-07bd-4e53-84cd-364247a5cc13" />
      <TestMethod codeBase="/home/runner/work/typespec/typespec/packages/http-client-csharp/generator/artifacts/bin/Microsoft.TypeSpec.Generator.Tests/Debug/net8.0/Microsoft.TypeSpec.Generator.Tests.dll" adapterTypeName="executor://nunit3testexecutor/" className="Microsoft.TypeSpec.Generator.Tests.InputLibraryVisitorTests" name="RemovedInputModelCausesExceptionWhenReferencedInDifferentModel" />
    </UnitTest>
    <UnitTest name="SystemTypeOperatorTestEqual(System.Collections.Generic.IDictionary`2[System.String,System.Int32])" storage="/home/runner/work/typespec/typespec/packages/http-client-csharp/generator/artifacts/bin/microsoft.typespec.generator.tests/debug/net8.0/microsoft.typespec.generator.tests.dll" id="6612c975-b994-d74a-f726-d19195d3a56a">
      <Execution id="cc8185b6-8087-46fd-8614-9d813395abb2" />
      <TestMethod codeBase="/home/runner/work/typespec/typespec/packages/http-client-csharp/generator/artifacts/bin/Microsoft.TypeSpec.Generator.Tests/Debug/net8.0/Microsoft.TypeSpec.Generator.Tests.dll" adapterTypeName="executor://nunit3testexecutor/" className="Microsoft.TypeSpec.Generator.Tests.Expressions.ValueExpressionTests" name="SystemTypeOperatorTestEqual(System.Collections.Generic.IDictionary`2[System.String,System.Int32])" />
    </UnitTest>
    <UnitTest name="CanCustomizeTypeRenamedInVisitor" storage="/home/runner/work/typespec/typespec/packages/http-client-csharp/generator/artifacts/bin/microsoft.typespec.generator.tests/debug/net8.0/microsoft.typespec.generator.tests.dll" id="223682b2-dc94-4913-3c8c-c908480aee98">
      <Execution id="c52585b5-5f69-4fe5-a844-e7ebbcf03c41" />
      <TestMethod codeBase="/home/runner/work/typespec/typespec/packages/http-client-csharp/generator/artifacts/bin/Microsoft.TypeSpec.Generator.Tests/Debug/net8.0/Microsoft.TypeSpec.Generator.Tests.dll" adapterTypeName="executor://nunit3testexecutor/" className="Microsoft.TypeSpec.Generator.Tests.Providers.ModelProviders.ModelCustomizationTests" name="CanCustomizeTypeRenamedInVisitor" />
    </UnitTest>
    <UnitTest name="NonFrameworkTypeEqualsEquivalentFrameworkType(System.Nullable`1[System.Int32])" storage="/home/runner/work/typespec/typespec/packages/http-client-csharp/generator/artifacts/bin/microsoft.typespec.generator.tests/debug/net8.0/microsoft.typespec.generator.tests.dll" id="044d0f6a-b329-ed6e-1689-3b6bd6c4e587">
      <Execution id="c4d8b87a-0a06-4bdf-b4d7-f13eebf9b633" />
      <TestMethod codeBase="/home/runner/work/typespec/typespec/packages/http-client-csharp/generator/artifacts/bin/Microsoft.TypeSpec.Generator.Tests/Debug/net8.0/Microsoft.TypeSpec.Generator.Tests.dll" adapterTypeName="executor://nunit3testexecutor/" className="Microsoft.TypeSpec.Generator.Tests.Primitives.CSharpTypeTests" name="NonFrameworkTypeEqualsEquivalentFrameworkType(System.Nullable`1[System.Int32])" />
    </UnitTest>
    <UnitTest name="IntSerializationFormat(UInt64,null)" storage="/home/runner/work/typespec/typespec/packages/http-client-csharp/generator/artifacts/bin/microsoft.typespec.generator.tests/debug/net8.0/microsoft.typespec.generator.tests.dll" id="f4dfe096-289b-8e1f-f467-270ed66a728d">
      <Execution id="3f821096-904e-4abe-8d4f-8c0f02bc6146" />
      <TestMethod codeBase="/home/runner/work/typespec/typespec/packages/http-client-csharp/generator/artifacts/bin/Microsoft.TypeSpec.Generator.Tests/Debug/net8.0/Microsoft.TypeSpec.Generator.Tests.dll" adapterTypeName="executor://nunit3testexecutor/" className="Microsoft.TypeSpec.Generator.Tests.TypeFactoryTests" name="IntSerializationFormat(UInt64,null)" />
    </UnitTest>
    <UnitTest name="TestIsCSharpKeyword(&quot;short&quot;,True)" storage="/home/runner/work/typespec/typespec/packages/http-client-csharp/generator/artifacts/bin/microsoft.typespec.generator.tests/debug/net8.0/microsoft.typespec.generator.tests.dll" id="5a7c7526-dbb1-3787-def7-1b33c31dd0d7">
      <Execution id="b1d088c1-5f0d-48cf-a909-2c630f08ac4a" />
      <TestMethod codeBase="/home/runner/work/typespec/typespec/packages/http-client-csharp/generator/artifacts/bin/Microsoft.TypeSpec.Generator.Tests/Debug/net8.0/Microsoft.TypeSpec.Generator.Tests.dll" adapterTypeName="executor://nunit3testexecutor/" className="Microsoft.TypeSpec.Generator.Tests.Utilities.StringExtensionsTests" name="TestIsCSharpKeyword(&quot;short&quot;,True)" />
    </UnitTest>
    <UnitTest name="Obj_NotNull_ReturnsTrue" storage="/home/runner/work/typespec/typespec/packages/http-client-csharp/generator/artifacts/bin/microsoft.typespec.generator.tests/debug/net8.0/microsoft.typespec.generator.tests.dll" id="d5e75387-5861-e45f-bd5e-55e1328985a3">
      <Execution id="0426cace-4da4-4d2f-b8f6-d9f7a875abd3" />
      <TestMethod codeBase="/home/runner/work/typespec/typespec/packages/http-client-csharp/generator/artifacts/bin/Microsoft.TypeSpec.Generator.Tests/Debug/net8.0/Microsoft.TypeSpec.Generator.Tests.dll" adapterTypeName="executor://nunit3testexecutor/" className="Microsoft.TypeSpec.Generator.Tests.Providers.OptionalTests" name="Obj_NotNull_ReturnsTrue" />
    </UnitTest>
    <UnitTest name="DictionaryExpression(System.Tuple`1[T1],System.Tuple`2[T1,T2])" storage="/home/runner/work/typespec/typespec/packages/http-client-csharp/generator/artifacts/bin/microsoft.typespec.generator.tests/debug/net8.0/microsoft.typespec.generator.tests.dll" id="898f17e3-1177-42cd-4c82-d7559e1b2361">
      <Execution id="f020a273-1bb4-4739-962b-027c5e265a80" />
      <TestMethod codeBase="/home/runner/work/typespec/typespec/packages/http-client-csharp/generator/artifacts/bin/Microsoft.TypeSpec.Generator.Tests/Debug/net8.0/Microsoft.TypeSpec.Generator.Tests.dll" adapterTypeName="executor://nunit3testexecutor/" className="Microsoft.TypeSpec.Generator.Tests.Expressions.KnownValueExpressionsTests" name="DictionaryExpression(System.Tuple`1[T1],System.Tuple`2[T1,T2])" />
    </UnitTest>
    <UnitTest name="TestIsCSharpKeyword(&quot;interface&quot;,True)" storage="/home/runner/work/typespec/typespec/packages/http-client-csharp/generator/artifacts/bin/microsoft.typespec.generator.tests/debug/net8.0/microsoft.typespec.generator.tests.dll" id="f158d5cf-8a1b-9031-7b5f-5b22da549395">
      <Execution id="57ac6e3d-8e6c-4415-9acd-cd57b07a11ca" />
      <TestMethod codeBase="/home/runner/work/typespec/typespec/packages/http-client-csharp/generator/artifacts/bin/Microsoft.TypeSpec.Generator.Tests/Debug/net8.0/Microsoft.TypeSpec.Generator.Tests.dll" adapterTypeName="executor://nunit3testexecutor/" className="Microsoft.TypeSpec.Generator.Tests.Utilities.StringExtensionsTests" name="TestIsCSharpKeyword(&quot;interface&quot;,True)" />
    </UnitTest>
    <UnitTest name="CanUpdateAssignmentExpression" storage="/home/runner/work/typespec/typespec/packages/http-client-csharp/generator/artifacts/bin/microsoft.typespec.generator.tests/debug/net8.0/microsoft.typespec.generator.tests.dll" id="80263573-de35-009a-43df-814f8f35d8dc">
      <Execution id="98522380-fe39-4d67-af0f-8b03a8bbd5a5" />
      <TestMethod codeBase="/home/runner/work/typespec/typespec/packages/http-client-csharp/generator/artifacts/bin/Microsoft.TypeSpec.Generator.Tests/Debug/net8.0/Microsoft.TypeSpec.Generator.Tests.dll" adapterTypeName="executor://nunit3testexecutor/" className="Microsoft.TypeSpec.Generator.Tests.Expressions.ExpressionVisitorTests" name="CanUpdateAssignmentExpression" />
    </UnitTest>
    <UnitTest name="BodyHasSetterValidation(&quot;readOnlyDictionaryOnInputOutputModel&quot;,Microsoft.TypeSpec.Generator.Input.InputModelType,False,null)" storage="/home/runner/work/typespec/typespec/packages/http-client-csharp/generator/artifacts/bin/microsoft.typespec.generator.tests/debug/net8.0/microsoft.typespec.generator.tests.dll" id="c61c9d73-dda0-6953-3043-f3e6255aa186">
      <Execution id="3f3590c0-fea1-4eee-90de-9278f19f871a" />
      <TestMethod codeBase="/home/runner/work/typespec/typespec/packages/http-client-csharp/generator/artifacts/bin/Microsoft.TypeSpec.Generator.Tests/Debug/net8.0/Microsoft.TypeSpec.Generator.Tests.dll" adapterTypeName="executor://nunit3testexecutor/" className="Microsoft.TypeSpec.Generator.Tests.Providers.PropertyProviderTests" name="BodyHasSetterValidation(&quot;readOnlyDictionaryOnInputOutputModel&quot;,Microsoft.TypeSpec.Generator.Input.InputModelType,False,null)" />
    </UnitTest>
    <UnitTest name="TestInitialize_NoFileFound" storage="/home/runner/work/typespec/typespec/packages/http-client-csharp/generator/artifacts/bin/microsoft.typespec.generator.tests/debug/net8.0/microsoft.typespec.generator.tests.dll" id="093c6a46-e3b1-4e81-ea85-713dc797f64e">
      <Execution id="ecd19e41-ab28-44c9-9caf-140c4aa00361" />
      <TestMethod codeBase="/home/runner/work/typespec/typespec/packages/http-client-csharp/generator/artifacts/bin/Microsoft.TypeSpec.Generator.Tests/Debug/net8.0/Microsoft.TypeSpec.Generator.Tests.dll" adapterTypeName="executor://nunit3testexecutor/" className="Microsoft.TypeSpec.Generator.Tests.ConfigurationTests" name="TestInitialize_NoFileFound" />
    </UnitTest>
    <UnitTest name="ValidateModifiers" storage="/home/runner/work/typespec/typespec/packages/http-client-csharp/generator/artifacts/bin/microsoft.typespec.generator.tests/debug/net8.0/microsoft.typespec.generator.tests.dll" id="5e313791-9716-3c77-4680-c6a571a33fba">
      <Execution id="e7c2bd26-d23c-473a-aea1-ede3995c43ab" />
      <TestMethod codeBase="/home/runner/work/typespec/typespec/packages/http-client-csharp/generator/artifacts/bin/Microsoft.TypeSpec.Generator.Tests/Debug/net8.0/Microsoft.TypeSpec.Generator.Tests.dll" adapterTypeName="executor://nunit3testexecutor/" className="Microsoft.TypeSpec.Generator.Tests.Providers.NamedTypeSymbolProviders.NamedTypeSymbolProviderTests" name="ValidateModifiers" />
    </UnitTest>
    <UnitTest name="VisitsTypes" storage="/home/runner/work/typespec/typespec/packages/http-client-csharp/generator/artifacts/bin/microsoft.typespec.generator.tests/debug/net8.0/microsoft.typespec.generator.tests.dll" id="4a01f513-c69a-d2a9-9918-136f1da2989d">
      <Execution id="3ba5e288-6d96-46a7-8868-c693503531cf" />
      <TestMethod codeBase="/home/runner/work/typespec/typespec/packages/http-client-csharp/generator/artifacts/bin/Microsoft.TypeSpec.Generator.Tests/Debug/net8.0/Microsoft.TypeSpec.Generator.Tests.dll" adapterTypeName="executor://nunit3testexecutor/" className="Microsoft.TypeSpec.Generator.Tests.OutputLibraryVisitorTests" name="VisitsTypes" />
    </UnitTest>
    <UnitTest name="FullyQualifiedNamePopulatedForTypeProviders" storage="/home/runner/work/typespec/typespec/packages/http-client-csharp/generator/artifacts/bin/microsoft.typespec.generator.tests/debug/net8.0/microsoft.typespec.generator.tests.dll" id="4eca8843-35a3-b741-8711-c5436301e264">
      <Execution id="4aac0717-5c46-46e3-80f7-097f20e6f88d" />
      <TestMethod codeBase="/home/runner/work/typespec/typespec/packages/http-client-csharp/generator/artifacts/bin/Microsoft.TypeSpec.Generator.Tests/Debug/net8.0/Microsoft.TypeSpec.Generator.Tests.dll" adapterTypeName="executor://nunit3testexecutor/" className="Microsoft.TypeSpec.Generator.Tests.Primitives.CSharpTypeTests" name="FullyQualifiedNamePopulatedForTypeProviders" />
    </UnitTest>
    <UnitTest name="CorrectValidationIsAppliedToParameter(String,False,None)" storage="/home/runner/work/typespec/typespec/packages/http-client-csharp/generator/artifacts/bin/microsoft.typespec.generator.tests/debug/net8.0/microsoft.typespec.generator.tests.dll" id="59a9d30f-f5bb-c511-df6c-f751a47e7e48">
      <Execution id="dac4d556-405d-4487-b54d-8e2bb2f29c4b" />
      <TestMethod codeBase="/home/runner/work/typespec/typespec/packages/http-client-csharp/generator/artifacts/bin/Microsoft.TypeSpec.Generator.Tests/Debug/net8.0/Microsoft.TypeSpec.Generator.Tests.dll" adapterTypeName="executor://nunit3testexecutor/" className="Microsoft.TypeSpec.Generator.Tests.Providers.ParameterProviderTests" name="CorrectValidationIsAppliedToParameter(String,False,None)" />
    </UnitTest>
  </TestDefinitions>
  <TestEntries>
    <TestEntry testId="96b32ab3-1bef-b570-9a41-56c009665258" executionId="12c27509-3e6d-45f5-80d3-7bcf1597ff2d" testListId="8c84fa94-04c1-424b-9868-57a2d4851a1d" />
    <TestEntry testId="1e96bc18-78dc-e7bb-47d5-2a19920930e6" executionId="b582bd74-037e-4d92-837b-e33f8cebb14c" testListId="8c84fa94-04c1-424b-9868-57a2d4851a1d" />
    <TestEntry testId="d9f1c952-724b-22d5-1cf2-9a9691b6ae3f" executionId="d6baf5a2-df79-4d43-a62d-021e5c7a72de" testListId="8c84fa94-04c1-424b-9868-57a2d4851a1d" />
    <TestEntry testId="313f1625-01d4-1a17-c4a9-ba74446a7696" executionId="329586f1-59e6-4ec6-90a7-69d8039403e8" testListId="8c84fa94-04c1-424b-9868-57a2d4851a1d" />
    <TestEntry testId="689d3c83-8152-0cff-faf9-9f0f3389c334" executionId="4a3a1d59-7f52-4698-90bb-b2c0c9f852e8" testListId="8c84fa94-04c1-424b-9868-57a2d4851a1d" />
    <TestEntry testId="46dd2cf8-a790-10e4-882d-8d6a5b52f88d" executionId="80aaa2d2-b395-4e84-9199-d8c9709d7e8b" testListId="8c84fa94-04c1-424b-9868-57a2d4851a1d" />
    <TestEntry testId="abf07fb5-5ca6-e6f4-25ba-9e3e6d7cf133" executionId="1eba90b8-24af-4ee7-b15a-78b839ccf4c9" testListId="8c84fa94-04c1-424b-9868-57a2d4851a1d" />
    <TestEntry testId="ef66b331-522b-1775-36e8-8860fe69cd8c" executionId="c25de2b8-b204-429e-94ac-62e0d15fa075" testListId="8c84fa94-04c1-424b-9868-57a2d4851a1d" />
    <TestEntry testId="e9f10229-8baf-8511-aaf1-898413fde524" executionId="d7afd311-3a28-44c2-b25a-1b99b5e55de2" testListId="8c84fa94-04c1-424b-9868-57a2d4851a1d" />
    <TestEntry testId="4d4bf712-4670-0f1f-bf49-a2e97a29ef2e" executionId="ef22105c-d864-4c75-ad42-577feb14e168" testListId="8c84fa94-04c1-424b-9868-57a2d4851a1d" />
    <TestEntry testId="87fb9c2d-22c3-717c-a03f-71d69a0c9974" executionId="b77037bd-935e-43fb-b434-2907ed89487e" testListId="8c84fa94-04c1-424b-9868-57a2d4851a1d" />
    <TestEntry testId="2b2ec6d4-cf3e-4cc0-d6a8-69e39e2aebe3" executionId="8c3a2fdb-ea2f-4c79-8ec0-5e2400f0518f" testListId="8c84fa94-04c1-424b-9868-57a2d4851a1d" />
    <TestEntry testId="6c2b2dca-1f37-1c27-4806-c98da0869728" executionId="24572b1c-be45-40fb-aaeb-ea8a8359de64" testListId="8c84fa94-04c1-424b-9868-57a2d4851a1d" />
    <TestEntry testId="0597e3c8-92de-759a-9177-026541f5e955" executionId="782ef42a-5c3e-439f-9252-1ff22a817dfe" testListId="8c84fa94-04c1-424b-9868-57a2d4851a1d" />
    <TestEntry testId="2e335e06-be84-eebd-8429-513bccec0e21" executionId="120310a5-980f-4df0-aee7-af0b1feac8e6" testListId="8c84fa94-04c1-424b-9868-57a2d4851a1d" />
    <TestEntry testId="3bc81a66-af20-0c50-ba41-cb29d122696b" executionId="98da94f0-bee4-40df-b56d-ed6dc1f7f674" testListId="8c84fa94-04c1-424b-9868-57a2d4851a1d" />
    <TestEntry testId="316695fe-fe44-56ff-a574-62c66c41d5dc" executionId="ef81bed7-c987-4d30-9d4e-7acbcdeac30e" testListId="8c84fa94-04c1-424b-9868-57a2d4851a1d" />
    <TestEntry testId="076a8002-6416-8c57-eb7c-5d7cc84b56ad" executionId="e10c2ee0-a5eb-49be-9c2e-b37a56cb79ee" testListId="8c84fa94-04c1-424b-9868-57a2d4851a1d" />
    <TestEntry testId="26c3acd7-4184-26e1-d7e3-91a6ca233acf" executionId="e76cd2d0-9c28-446e-96f1-24266b95c1e8" testListId="8c84fa94-04c1-424b-9868-57a2d4851a1d" />
    <TestEntry testId="473af683-fbb7-769a-d5dc-655d5c483f51" executionId="41edb78a-e95f-4952-b12c-19240d09938e" testListId="8c84fa94-04c1-424b-9868-57a2d4851a1d" />
    <TestEntry testId="c88dfe59-8fc6-b7b3-cd91-beff1d32ec9e" executionId="8028da8a-bcd3-427f-b5da-b3a460ae251f" testListId="8c84fa94-04c1-424b-9868-57a2d4851a1d" />
    <TestEntry testId="8aade108-d007-6038-7bea-48f8a2d9146b" executionId="e17ae180-ec03-41a1-ac25-04a163d3181b" testListId="8c84fa94-04c1-424b-9868-57a2d4851a1d" />
    <TestEntry testId="fd6ac72c-2559-1f43-5efd-6333eb448135" executionId="2f075a50-ff91-4e2f-a203-3abdbf787055" testListId="8c84fa94-04c1-424b-9868-57a2d4851a1d" />
    <TestEntry testId="86bafbda-1d9a-b11b-f929-7fdf29a2579b" executionId="3a95299c-f112-4fa1-91b3-2dc893129a0d" testListId="8c84fa94-04c1-424b-9868-57a2d4851a1d" />
    <TestEntry testId="882c8151-bb71-0704-8aa3-5cc3b6900c69" executionId="208296fa-a21a-4c53-95a5-5903fad49c18" testListId="8c84fa94-04c1-424b-9868-57a2d4851a1d" />
    <TestEntry testId="8eb8d35e-824b-7a2f-1ee3-affba1ece6ab" executionId="c1fb6620-ff7d-4c67-a3d9-b379ba186c9a" testListId="8c84fa94-04c1-424b-9868-57a2d4851a1d" />
    <TestEntry testId="3ff88c0d-3eff-1706-3dde-1df6a72189c7" executionId="31797ce2-6359-403a-8fa9-6010bf2a1a22" testListId="8c84fa94-04c1-424b-9868-57a2d4851a1d" />
    <TestEntry testId="54f4c0fb-569b-b0d0-4603-50fa3a676bc1" executionId="10275063-312b-45b1-a873-0ec9281ed442" testListId="8c84fa94-04c1-424b-9868-57a2d4851a1d" />
    <TestEntry testId="27c997a8-1c3d-3fbf-ae32-afe57f16f961" executionId="96c7d3ca-d912-498d-9e26-8949e8d19b28" testListId="8c84fa94-04c1-424b-9868-57a2d4851a1d" />
    <TestEntry testId="dd4f2c85-e2a6-e051-43ff-048d83edd353" executionId="395f55cf-8197-4ea3-9e26-0844b720ae88" testListId="8c84fa94-04c1-424b-9868-57a2d4851a1d" />
    <TestEntry testId="c4571099-984e-0746-0f58-01c6262b858c" executionId="1dda1996-18f4-4d52-bdae-0f077e7070aa" testListId="8c84fa94-04c1-424b-9868-57a2d4851a1d" />
    <TestEntry testId="f612166a-4245-7d44-9b6c-42070a4d1ea1" executionId="2554e504-f590-4ebf-bbbe-f7011bd4ddf3" testListId="8c84fa94-04c1-424b-9868-57a2d4851a1d" />
    <TestEntry testId="be24d1a3-e710-9b19-9ace-6dda9699adb5" executionId="c07db298-c4cd-4688-9e7a-ca51bac9285d" testListId="8c84fa94-04c1-424b-9868-57a2d4851a1d" />
    <TestEntry testId="0b61410d-7c21-eb75-e03e-b626691120bc" executionId="7cc2c3d0-ca3d-46c6-988b-8679c4f82456" testListId="8c84fa94-04c1-424b-9868-57a2d4851a1d" />
    <TestEntry testId="8406b15f-417e-0deb-cb89-8f582c80cc41" executionId="252995b6-0b2e-4635-a729-f854904810ac" testListId="8c84fa94-04c1-424b-9868-57a2d4851a1d" />
    <TestEntry testId="d61833da-4157-f98d-9798-aa46af98fdca" executionId="079fa84d-4bb7-4ea4-addb-d10cc8925ba1" testListId="8c84fa94-04c1-424b-9868-57a2d4851a1d" />
    <TestEntry testId="5faa7576-5bd9-c01f-8a77-6447b82cf9b2" executionId="a10b7d26-4588-4e5d-acbc-016bc964dd6f" testListId="8c84fa94-04c1-424b-9868-57a2d4851a1d" />
    <TestEntry testId="4463e422-b5d5-04bb-3b26-1b04e0f08860" executionId="a9c07d0c-e046-4310-87fa-845fe7e8a83d" testListId="8c84fa94-04c1-424b-9868-57a2d4851a1d" />
    <TestEntry testId="6612c975-b994-d74a-f726-d19195d3a56a" executionId="cc8185b6-8087-46fd-8614-9d813395abb2" testListId="8c84fa94-04c1-424b-9868-57a2d4851a1d" />
    <TestEntry testId="197b1472-f12b-518d-0951-8d2db78ad7ca" executionId="40d48bd5-29c4-4857-9235-c489558dc34c" testListId="8c84fa94-04c1-424b-9868-57a2d4851a1d" />
    <TestEntry testId="46dd2cf8-a790-10e4-882d-8d6a5b52f88d" executionId="3f759da0-101f-43c5-9766-e731510bc4dd" testListId="8c84fa94-04c1-424b-9868-57a2d4851a1d" />
    <TestEntry testId="57d1c2f3-42b7-0db1-6c7b-0c5a18b24b77" executionId="e12b7632-d6b6-4959-a517-f0ac872ddc19" testListId="8c84fa94-04c1-424b-9868-57a2d4851a1d" />
    <TestEntry testId="c8329772-cb20-c52c-c174-fe72a0244e74" executionId="409a589d-c286-4ef4-9b28-e05236d5b8c5" testListId="8c84fa94-04c1-424b-9868-57a2d4851a1d" />
    <TestEntry testId="07831204-b898-6007-d61d-e5d965a368fb" executionId="c80fa629-95bf-4d63-9850-752a1ac04570" testListId="8c84fa94-04c1-424b-9868-57a2d4851a1d" />
    <TestEntry testId="e0067154-4a91-34dc-2b59-0dc5f5ca0f7e" executionId="64a9ee5b-2f9f-4f61-a3f2-f01ad55d1ba1" testListId="8c84fa94-04c1-424b-9868-57a2d4851a1d" />
    <TestEntry testId="753f3254-0639-2ca8-0747-eb1ca24362bb" executionId="f13cc204-62f6-466b-b97e-2cf9ae8041db" testListId="8c84fa94-04c1-424b-9868-57a2d4851a1d" />
    <TestEntry testId="27b269da-c72b-75a0-be64-578adcdac447" executionId="3b0aad33-a2c3-4ff5-8f55-88ecf007f49f" testListId="8c84fa94-04c1-424b-9868-57a2d4851a1d" />
    <TestEntry testId="1a86996e-43b2-eaea-70a8-80ee5eba7cee" executionId="df0e61bc-b742-4c80-b13c-5ff103f9981d" testListId="8c84fa94-04c1-424b-9868-57a2d4851a1d" />
    <TestEntry testId="10919949-7cd9-7d31-a3b9-aca500ef147a" executionId="6cde796d-843c-4c82-87dc-9ec8725dd030" testListId="8c84fa94-04c1-424b-9868-57a2d4851a1d" />
    <TestEntry testId="94cbbdc2-b821-63bc-f296-3e04f8e03274" executionId="770c21e5-2aff-46d3-a626-0f168efdf9ad" testListId="8c84fa94-04c1-424b-9868-57a2d4851a1d" />
    <TestEntry testId="1ec71f08-8756-efd1-0447-6483a5a189fe" executionId="f17c0c20-3fab-4163-b6b7-a7bea8b7d4bb" testListId="8c84fa94-04c1-424b-9868-57a2d4851a1d" />
    <TestEntry testId="089e7413-e8ec-1975-7958-928c9e66b647" executionId="a513f988-6b9d-4792-870f-23462e6419b3" testListId="8c84fa94-04c1-424b-9868-57a2d4851a1d" />
    <TestEntry testId="dc269f56-e8f1-7215-de57-f294735827ca" executionId="e43de1e4-e6d2-4e6d-bec7-eb89334bdfc9" testListId="8c84fa94-04c1-424b-9868-57a2d4851a1d" />
    <TestEntry testId="8a650ea1-7058-18c5-0dfb-0417c818b122" executionId="d57b861a-7549-4b97-a73f-0cd9de099cb9" testListId="8c84fa94-04c1-424b-9868-57a2d4851a1d" />
    <TestEntry testId="cfd0af04-f3dc-0a74-1e9d-e96e41c6efc6" executionId="8b248a66-da33-4778-889a-586e12c426b0" testListId="8c84fa94-04c1-424b-9868-57a2d4851a1d" />
    <TestEntry testId="d9c3ce3b-8702-a133-592b-969dbdd99e09" executionId="e1d1c893-bdee-4a87-ab5a-2df83acfc7b6" testListId="8c84fa94-04c1-424b-9868-57a2d4851a1d" />
    <TestEntry testId="928f080a-2ca5-1016-2506-1535fb3977cd" executionId="97c7413f-1987-44e4-8746-4e4bdd78e00f" testListId="8c84fa94-04c1-424b-9868-57a2d4851a1d" />
    <TestEntry testId="79f04eff-f207-05e6-57f3-7e80f6692a74" executionId="9f1d1aad-32ba-430a-a2f0-2815234eb3f1" testListId="8c84fa94-04c1-424b-9868-57a2d4851a1d" />
    <TestEntry testId="bbf2dee1-fe9f-643e-2466-0ea37b55232e" executionId="ae1a9705-f5dc-4903-a211-ade3ff05c83c" testListId="8c84fa94-04c1-424b-9868-57a2d4851a1d" />
    <TestEntry testId="1eba5726-210c-03a3-c4f4-4ae5f5484de3" executionId="1121f6b7-52d7-4117-9a44-1df41ec495ae" testListId="8c84fa94-04c1-424b-9868-57a2d4851a1d" />
    <TestEntry testId="c4b5614e-f225-4d29-b459-a865e1a4493a" executionId="8b00293d-19ba-459a-8c14-16d33e85b153" testListId="8c84fa94-04c1-424b-9868-57a2d4851a1d" />
    <TestEntry testId="9d42c549-bb49-ff20-8f38-9140741be034" executionId="9af9367c-dc97-4d5d-b07b-143874c46ed9" testListId="8c84fa94-04c1-424b-9868-57a2d4851a1d" />
    <TestEntry testId="a041969d-c809-06e6-80f1-a7685876bd1d" executionId="9a0016ae-c2d2-4d4d-a374-bc8d8539b627" testListId="8c84fa94-04c1-424b-9868-57a2d4851a1d" />
    <TestEntry testId="676d3434-3893-6785-c96f-60f5092b8641" executionId="3d818d9f-fd67-4b58-b59e-a5dea87e8750" testListId="8c84fa94-04c1-424b-9868-57a2d4851a1d" />
    <TestEntry testId="b0d5fa01-abbf-d6d5-4645-52f24b6e850a" executionId="2f62d8d1-be22-4ce3-94e0-42fe5759e360" testListId="8c84fa94-04c1-424b-9868-57a2d4851a1d" />
    <TestEntry testId="5cb6a6fe-da0f-e4aa-4724-5a31bd25ee8c" executionId="416b51ed-49f7-43ae-aef5-70a2089cf4bd" testListId="8c84fa94-04c1-424b-9868-57a2d4851a1d" />
    <TestEntry testId="b68bdc1e-7304-801d-1e3d-8649f1db1512" executionId="1595f3bc-d5f7-4ccb-b59e-2d2638deaa16" testListId="8c84fa94-04c1-424b-9868-57a2d4851a1d" />
    <TestEntry testId="7aff9321-daf7-b692-cf25-44ce506ab0ca" executionId="46a7872e-d104-4e34-b1fc-1cf9a60a5659" testListId="8c84fa94-04c1-424b-9868-57a2d4851a1d" />
    <TestEntry testId="e033eccc-dd6f-7cc6-38e0-10c622134639" executionId="cd4a2b36-e09b-4ca6-bb96-78e19c510573" testListId="8c84fa94-04c1-424b-9868-57a2d4851a1d" />
    <TestEntry testId="bda75a14-e3da-e4ed-22ed-7b7f1b3c3dc7" executionId="7a57c279-b5e0-4c82-a833-3ed06a47a51c" testListId="8c84fa94-04c1-424b-9868-57a2d4851a1d" />
    <TestEntry testId="fa8b3fdc-ba75-465d-a464-837c3526a595" executionId="9433da86-f340-48a3-9303-4a1164833332" testListId="8c84fa94-04c1-424b-9868-57a2d4851a1d" />
    <TestEntry testId="ac593a88-6f0a-acc8-69cd-01fa06d80aea" executionId="b3405fa4-2339-446b-b988-fa7481504055" testListId="8c84fa94-04c1-424b-9868-57a2d4851a1d" />
    <TestEntry testId="c72aeb4d-0dde-4a3e-8524-1f70b6a178f3" executionId="f95a8281-e4a3-4bd0-bd60-368d287665d5" testListId="8c84fa94-04c1-424b-9868-57a2d4851a1d" />
    <TestEntry testId="334b38bd-8b63-9fa0-f809-425ea283cd1c" executionId="1b18aa74-274d-42db-b75c-9e4f9bb808c9" testListId="8c84fa94-04c1-424b-9868-57a2d4851a1d" />
    <TestEntry testId="3fd2378d-2fdc-6393-d094-32038415f145" executionId="ccf3928e-c2f0-48c0-a6a8-1b75133ca6d6" testListId="8c84fa94-04c1-424b-9868-57a2d4851a1d" />
    <TestEntry testId="c15ec7ee-e6cf-9247-8dfd-571f02430628" executionId="563c470d-07a5-4c8e-b143-5461e4f16f0f" testListId="8c84fa94-04c1-424b-9868-57a2d4851a1d" />
    <TestEntry testId="dfcbe56b-8c05-75b1-eb7b-04b5bd15f4af" executionId="45ce8a74-ff95-4d88-be2e-b69b2b40a727" testListId="8c84fa94-04c1-424b-9868-57a2d4851a1d" />
    <TestEntry testId="de5f874a-3067-e711-a28a-4ee0d29700d2" executionId="459ec95a-bd5d-4919-9baa-ef75bf410b1f" testListId="8c84fa94-04c1-424b-9868-57a2d4851a1d" />
    <TestEntry testId="9bd88f60-5e10-717c-4f00-2d1160d34c36" executionId="1c4b583b-dc63-4aaa-b91e-8b4d7bcd700b" testListId="8c84fa94-04c1-424b-9868-57a2d4851a1d" />
    <TestEntry testId="e62b0ac9-01f2-0e89-3974-9ee36ffb1441" executionId="d26cd9cc-c2eb-423a-98e1-579865dfc4d6" testListId="8c84fa94-04c1-424b-9868-57a2d4851a1d" />
    <TestEntry testId="3a028288-8eb0-b563-580d-e5c9889ffc64" executionId="48eb41bb-e587-42ff-b251-020fe24c05eb" testListId="8c84fa94-04c1-424b-9868-57a2d4851a1d" />
    <TestEntry testId="e68b2339-3b42-ec37-1498-f16fb572e243" executionId="7ec0e357-888a-4a02-9907-b37f74ad0fba" testListId="8c84fa94-04c1-424b-9868-57a2d4851a1d" />
    <TestEntry testId="fb25ea5e-68ae-184e-a1ca-0844b7170b44" executionId="56b90635-1ad8-4591-ab86-8d1c407d7c5e" testListId="8c84fa94-04c1-424b-9868-57a2d4851a1d" />
    <TestEntry testId="2b25a1d3-06eb-bfd5-b4e0-2bcd8206f4cc" executionId="0692b538-87f5-47a9-83ab-c6db3aa34365" testListId="8c84fa94-04c1-424b-9868-57a2d4851a1d" />
    <TestEntry testId="810d110e-23ba-2c22-88ce-6f797edf0b84" executionId="7f496b41-a74b-43b3-bd2a-b21eb7406caf" testListId="8c84fa94-04c1-424b-9868-57a2d4851a1d" />
    <TestEntry testId="d832ca72-8ed0-0f15-973d-4e0a54c1c11e" executionId="9cf825b7-ac9d-462f-9d70-66146a69cabe" testListId="8c84fa94-04c1-424b-9868-57a2d4851a1d" />
    <TestEntry testId="b75dbff8-492f-b9d8-9330-adf317c28bd9" executionId="491639d1-49c0-4dc2-a585-a84ce7e79187" testListId="8c84fa94-04c1-424b-9868-57a2d4851a1d" />
    <TestEntry testId="45f96de3-d049-8a9e-87e9-7145fd26e8ec" executionId="129a8d63-a60f-4440-9bfb-1d0483aa85ce" testListId="8c84fa94-04c1-424b-9868-57a2d4851a1d" />
    <TestEntry testId="0a7a7e63-88a2-4884-414e-cc3049a88c19" executionId="dc986585-b148-4b2f-a1fb-e4453d0f706e" testListId="8c84fa94-04c1-424b-9868-57a2d4851a1d" />
    <TestEntry testId="f10cc00c-79c1-4d9c-8c29-de5a72b85501" executionId="1cc67d0a-75d1-44fb-847e-c513b09e12c9" testListId="8c84fa94-04c1-424b-9868-57a2d4851a1d" />
    <TestEntry testId="921f0437-d036-ac9e-3cba-d8023f470487" executionId="994f5b39-3826-43c5-bc00-26498dcdf63e" testListId="8c84fa94-04c1-424b-9868-57a2d4851a1d" />
    <TestEntry testId="ca849d53-e0a1-e7ec-36aa-de29b920565f" executionId="ff4fb915-2da3-46a2-8548-42e81e2e1c08" testListId="8c84fa94-04c1-424b-9868-57a2d4851a1d" />
    <TestEntry testId="af7d41e3-f32d-421b-cda7-698b15153704" executionId="6ac53fed-2a99-4e48-ad6e-47b5e6874cac" testListId="8c84fa94-04c1-424b-9868-57a2d4851a1d" />
    <TestEntry testId="884bf3c3-69ed-0831-190b-9fe3ac2b98d1" executionId="1906657d-a112-4c08-b3ba-9f4c2efa09ff" testListId="8c84fa94-04c1-424b-9868-57a2d4851a1d" />
    <TestEntry testId="bdb990f7-f868-3321-b44d-97f49c3f2f2d" executionId="acdc9b08-291b-46aa-a829-712b39387a5a" testListId="8c84fa94-04c1-424b-9868-57a2d4851a1d" />
    <TestEntry testId="c6392d65-60e0-09da-dd41-09756e593911" executionId="e0f7b1d3-7052-4837-b7bc-1812026d539d" testListId="8c84fa94-04c1-424b-9868-57a2d4851a1d" />
    <TestEntry testId="6a114c62-b108-96f0-a37a-172432e1c5dc" executionId="954ea854-4b69-44af-bc4c-3fa95754370f" testListId="8c84fa94-04c1-424b-9868-57a2d4851a1d" />
    <TestEntry testId="d08b732b-ab91-c5d8-c6fb-eaa5596c2a72" executionId="ec92a6ba-95ba-4540-b8f3-afd711e7d08f" testListId="8c84fa94-04c1-424b-9868-57a2d4851a1d" />
    <TestEntry testId="16cba511-891e-7392-2428-5a629bf36350" executionId="dd62bb9c-8e92-44fe-8fc1-bfd0f25e28b1" testListId="8c84fa94-04c1-424b-9868-57a2d4851a1d" />
    <TestEntry testId="852b3365-7284-16fe-f3df-952833d2b770" executionId="44cff409-3c9e-4e3b-bb3e-5bdf976657dc" testListId="8c84fa94-04c1-424b-9868-57a2d4851a1d" />
    <TestEntry testId="0f29e433-ce66-01a6-7acb-28bce10d26ca" executionId="48f23bac-901e-4ded-9df8-9cc398f737e1" testListId="8c84fa94-04c1-424b-9868-57a2d4851a1d" />
    <TestEntry testId="32b76892-837e-aaf5-5dd1-2631a0c6f451" executionId="54e5aaf4-aeeb-46ae-aa41-43ecd3acf33e" testListId="8c84fa94-04c1-424b-9868-57a2d4851a1d" />
    <TestEntry testId="086cdbc8-f4dc-63d0-e491-6978aab04bd3" executionId="d23697e4-1655-4646-b936-31298978f8f8" testListId="8c84fa94-04c1-424b-9868-57a2d4851a1d" />
    <TestEntry testId="3d2fee23-fa62-b49e-d623-aac59a5c0265" executionId="a73541b2-a4f5-41e0-8b0a-c1826ee947f1" testListId="8c84fa94-04c1-424b-9868-57a2d4851a1d" />
    <TestEntry testId="d2d663b7-a77a-22d6-7ecf-d2dffc892def" executionId="94b8ce35-5579-4188-9703-0647d9b98844" testListId="8c84fa94-04c1-424b-9868-57a2d4851a1d" />
    <TestEntry testId="3e0080a5-9006-e0a9-05c4-318190bbf374" executionId="bba4c24e-e4b7-4494-8dad-0a34e2e91e2b" testListId="8c84fa94-04c1-424b-9868-57a2d4851a1d" />
    <TestEntry testId="4e86e2c7-87b8-1bb0-2680-5455cfd9c169" executionId="e8632bd9-567d-442c-b1f2-a0816ef07410" testListId="8c84fa94-04c1-424b-9868-57a2d4851a1d" />
    <TestEntry testId="3828f2a7-f139-002b-fb55-f0000180d1f6" executionId="4667455a-a2d3-4ad1-b322-6c8a9fade782" testListId="8c84fa94-04c1-424b-9868-57a2d4851a1d" />
    <TestEntry testId="50956c27-d293-40eb-346f-e6ad01ce9e0a" executionId="57981794-9680-4afd-a5f9-f60c4b095cd4" testListId="8c84fa94-04c1-424b-9868-57a2d4851a1d" />
    <TestEntry testId="8e557d55-0858-3f88-21ef-6e2592d9681c" executionId="e4844bde-1940-4b88-afb5-7bc1c05518c7" testListId="8c84fa94-04c1-424b-9868-57a2d4851a1d" />
    <TestEntry testId="d99f95d8-0393-f564-dc7f-beb07a7c0e4b" executionId="16e1f2d9-f9ff-4267-b33d-063532b9a01a" testListId="8c84fa94-04c1-424b-9868-57a2d4851a1d" />
    <TestEntry testId="375da16e-ebee-ecc7-797b-929b41394d34" executionId="79ea6213-1a5f-4af6-b49d-d84167983b18" testListId="8c84fa94-04c1-424b-9868-57a2d4851a1d" />
    <TestEntry testId="e4116b0b-4cab-b6e9-91e8-e18464a3f1c5" executionId="917323c0-82be-4191-a8c4-9855597035bc" testListId="8c84fa94-04c1-424b-9868-57a2d4851a1d" />
    <TestEntry testId="5158dc5f-4924-ea66-f362-5aff5c0fd1e5" executionId="00961d23-0bdc-44b5-89b2-f8e8a4295cb4" testListId="8c84fa94-04c1-424b-9868-57a2d4851a1d" />
    <TestEntry testId="23153d45-25e8-2ed0-0a84-a9cd8065ee19" executionId="28c13cb9-8054-4f20-bea5-52dd03c6faaf" testListId="8c84fa94-04c1-424b-9868-57a2d4851a1d" />
    <TestEntry testId="8e15f030-cf1b-d32c-93b7-137e329bcf03" executionId="296f368a-9208-49bb-8abe-f3c1a6493a81" testListId="8c84fa94-04c1-424b-9868-57a2d4851a1d" />
    <TestEntry testId="502b7805-573f-098c-a1ea-7183f9d6a96e" executionId="2c8e6f8e-2802-4bac-955b-8a95b2f39560" testListId="8c84fa94-04c1-424b-9868-57a2d4851a1d" />
    <TestEntry testId="15e9c99e-de4e-9516-e261-2eeaf52def6d" executionId="bd4c69e8-7a52-402a-9924-b3e1b53de55f" testListId="8c84fa94-04c1-424b-9868-57a2d4851a1d" />
    <TestEntry testId="555db1c4-be7e-5701-ff82-5827a820f79a" executionId="6dff70f2-f67c-4664-a064-ea8b3dbd0af3" testListId="8c84fa94-04c1-424b-9868-57a2d4851a1d" />
    <TestEntry testId="b925c03c-3e11-1e83-cdd0-43a44262035e" executionId="59fa3926-4377-4942-b67b-2fbcab004e5b" testListId="8c84fa94-04c1-424b-9868-57a2d4851a1d" />
    <TestEntry testId="3e0d26d4-5c71-07fd-d917-3aefdd4eeb1b" executionId="e9f5603e-2273-4ea3-a83a-94e28b49c16e" testListId="8c84fa94-04c1-424b-9868-57a2d4851a1d" />
    <TestEntry testId="fcfa3660-08a8-7556-7d3f-b80d482c06c9" executionId="ef2e58c6-5b54-486f-836a-b47868be71fe" testListId="8c84fa94-04c1-424b-9868-57a2d4851a1d" />
    <TestEntry testId="33a726c2-b72a-feb7-5786-a21c52f7478c" executionId="73e66f27-3d9b-467e-aa34-a4bc54186f16" testListId="8c84fa94-04c1-424b-9868-57a2d4851a1d" />
    <TestEntry testId="f3cf7100-5773-859d-7955-02f51d4e15e4" executionId="fc1dd278-7504-4807-bf3a-78de44b5f763" testListId="8c84fa94-04c1-424b-9868-57a2d4851a1d" />
    <TestEntry testId="e383c9f1-dc66-ae8e-61d4-3c1233ef0bb2" executionId="5ac63b6e-2846-4597-b051-9b6ef6996b4e" testListId="8c84fa94-04c1-424b-9868-57a2d4851a1d" />
    <TestEntry testId="f9da7f0a-44ad-cac9-73d9-a57c239d21b4" executionId="dd717ba4-6e31-4376-a58e-9ea3e731d90b" testListId="8c84fa94-04c1-424b-9868-57a2d4851a1d" />
    <TestEntry testId="33a180ed-590d-42e0-e9de-194f4f8f4962" executionId="f8070384-19d2-40e0-a14f-43994ace0355" testListId="8c84fa94-04c1-424b-9868-57a2d4851a1d" />
    <TestEntry testId="4eef0cf0-2982-f513-aee1-115e40428440" executionId="b449f9a9-c167-4d00-9ca2-b50bf875188e" testListId="8c84fa94-04c1-424b-9868-57a2d4851a1d" />
    <TestEntry testId="6dcce33e-e4dd-e512-2dac-808b601252cd" executionId="f4e2af00-62d5-401c-851e-2107bd973e9f" testListId="8c84fa94-04c1-424b-9868-57a2d4851a1d" />
    <TestEntry testId="c23993e9-a578-82da-0307-f45668a6af07" executionId="44f2e3c2-857c-458c-9ae6-5dbddf7eaf41" testListId="8c84fa94-04c1-424b-9868-57a2d4851a1d" />
    <TestEntry testId="80e8783e-2944-8a5b-ac7e-c8c21d872c1f" executionId="167ae781-a27a-4dd9-b672-ec03b3e03176" testListId="8c84fa94-04c1-424b-9868-57a2d4851a1d" />
    <TestEntry testId="ec599911-31c6-a6d9-315e-7655be866ef6" executionId="afaa60a8-b2f7-441d-8db3-029b37a8ff20" testListId="8c84fa94-04c1-424b-9868-57a2d4851a1d" />
    <TestEntry testId="d671edcd-436b-332e-33a1-90b451097361" executionId="ffa7f8f8-9f06-41c7-8ddd-3c3c9c4ab402" testListId="8c84fa94-04c1-424b-9868-57a2d4851a1d" />
    <TestEntry testId="eddc0227-f630-b98d-8e2d-2452df4d5cde" executionId="3ec3a220-d76c-4fb8-83f5-7ba0cd4375ff" testListId="8c84fa94-04c1-424b-9868-57a2d4851a1d" />
    <TestEntry testId="7169fa09-1f39-0413-c906-4d8b86b23d63" executionId="b95943fc-d995-42da-920c-6c3842b7f48e" testListId="8c84fa94-04c1-424b-9868-57a2d4851a1d" />
    <TestEntry testId="525820bd-70f9-c50b-e951-035a7b299aba" executionId="6ebb8a9c-4816-45ac-b46e-c7e29aa74509" testListId="8c84fa94-04c1-424b-9868-57a2d4851a1d" />
    <TestEntry testId="a5540c0f-f1fa-9e7d-2b05-d2d2c90fc688" executionId="c9795534-df9e-4275-adff-17c6a71b17a8" testListId="8c84fa94-04c1-424b-9868-57a2d4851a1d" />
    <TestEntry testId="bbcaa4b0-3f46-3a73-7692-7ddd079c6af7" executionId="f4f837fd-7943-45cc-a365-d3178f730f3f" testListId="8c84fa94-04c1-424b-9868-57a2d4851a1d" />
    <TestEntry testId="138890cc-832b-4381-a02a-530cf0ec764b" executionId="2bae0dd9-07a7-4f74-a83c-3d8d613d812c" testListId="8c84fa94-04c1-424b-9868-57a2d4851a1d" />
    <TestEntry testId="3ccfa2f6-0e86-62eb-ad07-89f01dd93902" executionId="7cd5cd38-2ef2-4105-8185-0b69dc0998a1" testListId="8c84fa94-04c1-424b-9868-57a2d4851a1d" />
    <TestEntry testId="98dd78b1-1ecf-225c-2dae-28d00044714f" executionId="de10ef4d-4487-4611-8fdd-ea047a793eb8" testListId="8c84fa94-04c1-424b-9868-57a2d4851a1d" />
    <TestEntry testId="9f5dc4d0-4f46-51dc-f0d6-39607e3de400" executionId="9f4a34c1-9212-4c32-8448-65067c2ef829" testListId="8c84fa94-04c1-424b-9868-57a2d4851a1d" />
    <TestEntry testId="e529b671-4072-6117-ed04-0e2e051c553f" executionId="a78b7648-a376-4a1e-8dcd-7b1ee599e15a" testListId="8c84fa94-04c1-424b-9868-57a2d4851a1d" />
    <TestEntry testId="642252cc-ee55-63d1-36e9-8adcb260ce39" executionId="ee0b2f3e-6f75-47bd-b7f5-378356374e0a" testListId="8c84fa94-04c1-424b-9868-57a2d4851a1d" />
    <TestEntry testId="d1fa7d85-5780-0f20-ee4e-83b10fd1d81e" executionId="c9992c49-10c0-4bce-bebb-c3235b98d08c" testListId="8c84fa94-04c1-424b-9868-57a2d4851a1d" />
    <TestEntry testId="4fb2cc97-89c3-8e80-7aea-e40e8b77feab" executionId="d550365b-9797-418a-aad8-24c22e535274" testListId="8c84fa94-04c1-424b-9868-57a2d4851a1d" />
    <TestEntry testId="8d0e76e1-7de8-e197-f803-2767813ece35" executionId="6196c94d-8131-43b4-be09-46ad1a5bc55d" testListId="8c84fa94-04c1-424b-9868-57a2d4851a1d" />
    <TestEntry testId="6d44a4f8-4f17-926e-54f6-59f6ee49f887" executionId="33fc8ad8-f047-4f9f-8a78-3355b953816f" testListId="8c84fa94-04c1-424b-9868-57a2d4851a1d" />
    <TestEntry testId="bc057fca-fb18-c66b-7400-9f93d27e65bd" executionId="320ea216-d904-4f12-82c1-b1e581f6f866" testListId="8c84fa94-04c1-424b-9868-57a2d4851a1d" />
    <TestEntry testId="2fad9bdc-11bd-393a-baa9-09a36df552c4" executionId="d4f5c232-6aad-42e9-b072-35e5ecdedd30" testListId="8c84fa94-04c1-424b-9868-57a2d4851a1d" />
    <TestEntry testId="53789d2a-b56c-fa09-a401-1af46d9fa92d" executionId="0f1cd3e3-6373-453f-8feb-15d6870a71d5" testListId="8c84fa94-04c1-424b-9868-57a2d4851a1d" />
    <TestEntry testId="42f71591-d73c-8990-98f8-f6f3fe171c28" executionId="23441268-1d57-43ca-b5d5-ba697e924c0f" testListId="8c84fa94-04c1-424b-9868-57a2d4851a1d" />
    <TestEntry testId="b6b7338b-4970-ce48-bc58-d9b3eefe54de" executionId="00bb05f2-a2fb-4efe-8e32-7aae48f415db" testListId="8c84fa94-04c1-424b-9868-57a2d4851a1d" />
    <TestEntry testId="aa77dcb4-629c-c970-35f0-7c6df7feae23" executionId="db00af2d-3b85-4df5-bdc4-2436a41a651b" testListId="8c84fa94-04c1-424b-9868-57a2d4851a1d" />
    <TestEntry testId="3da57dc7-1aa2-af9c-2b93-fecb846d2a04" executionId="a17f8ac3-2bbb-476b-84fd-0b3f6064794b" testListId="8c84fa94-04c1-424b-9868-57a2d4851a1d" />
    <TestEntry testId="678b2ab9-5250-0c7e-77aa-1dd093e379a0" executionId="ca30b0d6-cf1c-4728-8960-90eee63f9217" testListId="8c84fa94-04c1-424b-9868-57a2d4851a1d" />
    <TestEntry testId="3d3a32f5-bedd-f047-ab68-20f8c211f087" executionId="a64138f3-cbcd-4eea-9c9b-5190de159773" testListId="8c84fa94-04c1-424b-9868-57a2d4851a1d" />
    <TestEntry testId="592e74ff-3455-fef7-3f49-357d335bc5de" executionId="081c5ca7-6928-4f4c-8d64-aa7f73c4354c" testListId="8c84fa94-04c1-424b-9868-57a2d4851a1d" />
    <TestEntry testId="fd624a63-82fa-89d1-c7b1-d6777f0bac80" executionId="7ddd4671-0faf-42ac-ba8a-81315ea08088" testListId="8c84fa94-04c1-424b-9868-57a2d4851a1d" />
    <TestEntry testId="bbb9f240-1054-c03c-e79e-ecd00d8b30f4" executionId="851894b6-eb77-48a9-9c41-15f98952188c" testListId="8c84fa94-04c1-424b-9868-57a2d4851a1d" />
    <TestEntry testId="324bd578-405c-8b22-f175-28ae68baa7fd" executionId="dadc28f8-88af-4e24-a683-c19f9bf98072" testListId="8c84fa94-04c1-424b-9868-57a2d4851a1d" />
    <TestEntry testId="e8dadef5-733a-1ff1-73c3-c957c2313ea8" executionId="72a8cbb5-7389-4d82-943b-d82de3a1f107" testListId="8c84fa94-04c1-424b-9868-57a2d4851a1d" />
    <TestEntry testId="796e2043-ae75-c474-f100-7651f640179d" executionId="dfcb6ac8-5769-4546-bdef-9bbb6d86c07b" testListId="8c84fa94-04c1-424b-9868-57a2d4851a1d" />
    <TestEntry testId="46ebacfc-585a-45bd-fa8a-333ce302a0d7" executionId="d4d293cb-92e6-4adc-95ce-ad631bbe6f35" testListId="8c84fa94-04c1-424b-9868-57a2d4851a1d" />
    <TestEntry testId="afbc18a2-d513-8802-fe89-8856a237affe" executionId="a8becab6-d299-4e7c-97d9-c4ea0bd9d9e7" testListId="8c84fa94-04c1-424b-9868-57a2d4851a1d" />
    <TestEntry testId="32867f33-873c-055e-5be2-a3beec6f0a0a" executionId="ea9cfdc2-6402-4eb8-aea3-09204f3527d1" testListId="8c84fa94-04c1-424b-9868-57a2d4851a1d" />
    <TestEntry testId="8f58d932-596f-8a50-3cdc-61d496c37322" executionId="2d21e973-13eb-44e6-a30e-f03552ced8da" testListId="8c84fa94-04c1-424b-9868-57a2d4851a1d" />
    <TestEntry testId="e1612184-9311-cf3b-b8e5-f009d0763ff6" executionId="b76dfd59-e329-4c47-945b-ded923d68e07" testListId="8c84fa94-04c1-424b-9868-57a2d4851a1d" />
    <TestEntry testId="17709349-ae15-d50f-ede0-4fa70e827d75" executionId="4bcbc4bb-ee80-44ef-a23f-a806981a85db" testListId="8c84fa94-04c1-424b-9868-57a2d4851a1d" />
    <TestEntry testId="21001f4f-7188-3241-0430-3531d1b521bc" executionId="5b931007-0c29-441f-bd2e-1265f527ad72" testListId="8c84fa94-04c1-424b-9868-57a2d4851a1d" />
    <TestEntry testId="7a8b2689-370c-14e9-bd4f-3671c0089d93" executionId="cabd9fd8-8cc0-485f-a7ab-503d89520ff7" testListId="8c84fa94-04c1-424b-9868-57a2d4851a1d" />
    <TestEntry testId="45b7f0be-7eb7-877e-9317-f8cc3e0bc50c" executionId="ea3dcd6f-3048-4c13-a006-798fa1846b64" testListId="8c84fa94-04c1-424b-9868-57a2d4851a1d" />
    <TestEntry testId="5cebd592-bd9a-5f69-76f3-70a1b64fb493" executionId="fd823858-1a6f-4d05-87d8-dcf863c05912" testListId="8c84fa94-04c1-424b-9868-57a2d4851a1d" />
    <TestEntry testId="474ce8e7-95be-0f6b-ada6-532566f43080" executionId="402af11f-2e4d-4f14-9ce4-25aead71291e" testListId="8c84fa94-04c1-424b-9868-57a2d4851a1d" />
    <TestEntry testId="b0406023-9e17-42af-fbaf-e1a01317df38" executionId="b8982be5-502f-4c47-b1c8-16588e84f9df" testListId="8c84fa94-04c1-424b-9868-57a2d4851a1d" />
    <TestEntry testId="1dcd271b-663b-5d22-6b54-4d0246bd6b05" executionId="3402e1ba-c2ba-42f1-8ef8-2cf1e090fc0a" testListId="8c84fa94-04c1-424b-9868-57a2d4851a1d" />
    <TestEntry testId="047897f4-dbdf-d695-96c6-b995af803b8e" executionId="88328e40-a6f8-4d0f-b4fa-3bb294eaced3" testListId="8c84fa94-04c1-424b-9868-57a2d4851a1d" />
    <TestEntry testId="45b44dd3-d284-879a-8717-71f2dd6524b4" executionId="5e84678d-556d-4dcc-8166-224dbc3a3604" testListId="8c84fa94-04c1-424b-9868-57a2d4851a1d" />
    <TestEntry testId="0d41fd72-8779-fb89-400f-320ee73a98bb" executionId="ae9f9785-03fe-4c80-aed3-c95f31e0d0c5" testListId="8c84fa94-04c1-424b-9868-57a2d4851a1d" />
    <TestEntry testId="d72030c3-f0e8-7e1b-156d-6a3e88a93e71" executionId="3bd52369-bfc5-4244-8f55-4b8a7300336d" testListId="8c84fa94-04c1-424b-9868-57a2d4851a1d" />
    <TestEntry testId="753f0a40-a782-3885-7c0a-e9e27810f20a" executionId="149fd6ca-d171-4478-b0fc-7b9880c5e231" testListId="8c84fa94-04c1-424b-9868-57a2d4851a1d" />
    <TestEntry testId="dd29f2c4-275d-da53-83a7-e4d640caf277" executionId="29635b61-c5af-4f87-852f-a153dc7df358" testListId="8c84fa94-04c1-424b-9868-57a2d4851a1d" />
    <TestEntry testId="8b915ac3-5c09-a33c-76c3-2bbb3fbc3f08" executionId="36d5df2b-91b7-4608-b796-bff5607dc5d8" testListId="8c84fa94-04c1-424b-9868-57a2d4851a1d" />
    <TestEntry testId="7b78ffae-a6a9-ee3b-0943-f6470028f614" executionId="6f882e3b-8f29-4daf-a538-c2567d6c3d56" testListId="8c84fa94-04c1-424b-9868-57a2d4851a1d" />
    <TestEntry testId="2234441e-20a3-5910-1d29-7e976e13e77e" executionId="38bd8ec2-270b-4ba3-bae1-38d1bd283408" testListId="8c84fa94-04c1-424b-9868-57a2d4851a1d" />
    <TestEntry testId="8771b944-e50b-4cd8-1411-3ff539561cbb" executionId="5b755df1-3434-4721-bc75-fe3eca1c60a5" testListId="8c84fa94-04c1-424b-9868-57a2d4851a1d" />
    <TestEntry testId="49800c27-39bc-20f4-fbcf-393ddfc11db8" executionId="14489c1e-9651-4983-83b6-e9c87f171f68" testListId="8c84fa94-04c1-424b-9868-57a2d4851a1d" />
    <TestEntry testId="05dbcc0e-37b6-5c61-b5f8-c3fc14476401" executionId="0a1f8dc3-bf06-4b88-be0c-815bfa1823e1" testListId="8c84fa94-04c1-424b-9868-57a2d4851a1d" />
    <TestEntry testId="75294453-38c3-0103-a312-a963689198db" executionId="61034504-f5c8-4e07-8d69-e23a28e312c0" testListId="8c84fa94-04c1-424b-9868-57a2d4851a1d" />
    <TestEntry testId="ae193638-acd8-a527-e257-07f3dcf34f52" executionId="c2f718e6-28bf-4d10-933a-1a34e972967b" testListId="8c84fa94-04c1-424b-9868-57a2d4851a1d" />
    <TestEntry testId="905dfdc6-9448-9f00-51aa-f98f66624d9e" executionId="964f540d-fbd8-4e58-b178-8235e4fe66ba" testListId="8c84fa94-04c1-424b-9868-57a2d4851a1d" />
    <TestEntry testId="2dbe48d0-ea66-2f9c-042c-b20f4122277a" executionId="548e0e39-4b7f-4138-9354-361298a27909" testListId="8c84fa94-04c1-424b-9868-57a2d4851a1d" />
    <TestEntry testId="2956291e-4314-cc23-4bcb-88b96d7c8b03" executionId="2ca0884b-1439-4847-9bd3-edffa13fdc1a" testListId="8c84fa94-04c1-424b-9868-57a2d4851a1d" />
    <TestEntry testId="46b84018-7720-3036-e1d7-60256291efb9" executionId="a826a37c-67a3-4d50-bf8b-cdfef83c9551" testListId="8c84fa94-04c1-424b-9868-57a2d4851a1d" />
    <TestEntry testId="2717c16e-7d4e-6367-c2b5-b4d663618cf6" executionId="9b123ac2-d1f6-4aae-8b18-c954db17ae56" testListId="8c84fa94-04c1-424b-9868-57a2d4851a1d" />
    <TestEntry testId="4fa0749a-9226-fbf0-7fab-089e2afe9755" executionId="f650acd8-82ad-4429-8b46-dc47282de6bf" testListId="8c84fa94-04c1-424b-9868-57a2d4851a1d" />
    <TestEntry testId="9dc37f2a-c5ae-ddf1-babf-93c860dad240" executionId="33eb250f-2e7d-4801-920c-5d2a9ccb5864" testListId="8c84fa94-04c1-424b-9868-57a2d4851a1d" />
    <TestEntry testId="dbd204dc-e937-d695-c501-20aa7fe433ee" executionId="57e4caa3-0be2-4f10-95c3-341ad31d280d" testListId="8c84fa94-04c1-424b-9868-57a2d4851a1d" />
    <TestEntry testId="0451834b-5d61-8a2a-2271-a0d29dce553b" executionId="2f0dd85d-2a62-4d28-bc11-2b93c8440ac4" testListId="8c84fa94-04c1-424b-9868-57a2d4851a1d" />
    <TestEntry testId="763a6323-3950-5210-95f7-b639e604c6d4" executionId="934530d0-a8fe-4f7c-a66e-4ad15e7cc912" testListId="8c84fa94-04c1-424b-9868-57a2d4851a1d" />
    <TestEntry testId="591c9942-2970-8e99-2318-857d33506a92" executionId="6423861b-7613-4ca5-ac97-950a71fbbf49" testListId="8c84fa94-04c1-424b-9868-57a2d4851a1d" />
    <TestEntry testId="597bd723-9003-2a88-ade0-4bc49ffe996b" executionId="59a06f4b-378c-49ba-96ae-ef77af90e61a" testListId="8c84fa94-04c1-424b-9868-57a2d4851a1d" />
    <TestEntry testId="4fbdb465-712a-f2fe-5f43-f7e5faabbe8f" executionId="e1083449-e060-4e62-b51a-b9a416a22fe3" testListId="8c84fa94-04c1-424b-9868-57a2d4851a1d" />
    <TestEntry testId="b3ed2cd2-f22a-e86b-ed85-bfe669051bb8" executionId="e362fb40-6d59-4373-b85a-d77ead6ba0f8" testListId="8c84fa94-04c1-424b-9868-57a2d4851a1d" />
    <TestEntry testId="1433ebb5-79e1-e24b-a6a4-f85d023188e2" executionId="e99777e0-22f5-41f4-bb10-909f6298bd32" testListId="8c84fa94-04c1-424b-9868-57a2d4851a1d" />
    <TestEntry testId="34a52cdc-2177-3e63-5d86-a0fa5315fe07" executionId="4a7aee59-d4a1-4d65-8956-c76e74d294ce" testListId="8c84fa94-04c1-424b-9868-57a2d4851a1d" />
    <TestEntry testId="51fb16f6-66c4-0050-c71e-12ab273ae4b0" executionId="ba280e7b-2e38-4ac9-8956-4f864daf3eff" testListId="8c84fa94-04c1-424b-9868-57a2d4851a1d" />
    <TestEntry testId="a0f47aa3-90be-a10d-6bdd-4f3eed0942ec" executionId="7d3a7f31-18aa-43a2-b5c4-e579808d9bb4" testListId="8c84fa94-04c1-424b-9868-57a2d4851a1d" />
    <TestEntry testId="d7410c30-2c38-57f3-a26d-1ba9591f6649" executionId="d5e02ffd-f393-4db4-8ac5-f3d618143807" testListId="8c84fa94-04c1-424b-9868-57a2d4851a1d" />
    <TestEntry testId="0f11278f-9664-24e1-72c4-4100f1fa8197" executionId="9f85df2a-9912-4e10-ac89-d1f80ed6f5e2" testListId="8c84fa94-04c1-424b-9868-57a2d4851a1d" />
    <TestEntry testId="0c23041d-c653-bb0d-7faf-563309162fe4" executionId="14ab7e5e-37c7-4533-ae32-df5ed76f4778" testListId="8c84fa94-04c1-424b-9868-57a2d4851a1d" />
    <TestEntry testId="0d94413d-5980-00bb-76ff-2898fec51ab1" executionId="496aa30c-9def-4790-8138-24d4750601c8" testListId="8c84fa94-04c1-424b-9868-57a2d4851a1d" />
    <TestEntry testId="23519c24-ab5f-d52c-5a79-c6c42f23d463" executionId="b99604f6-4fb0-46f6-993e-94f51a1a68b5" testListId="8c84fa94-04c1-424b-9868-57a2d4851a1d" />
    <TestEntry testId="2f20f457-4f30-a82d-3ca5-006ea3a6967b" executionId="0a5e3684-d32a-4183-8c20-328e579f3054" testListId="8c84fa94-04c1-424b-9868-57a2d4851a1d" />
    <TestEntry testId="d36eaaf9-365f-b70a-5ce1-c881529024e6" executionId="e530b2b3-e9ce-4209-805a-a6123d7ec786" testListId="8c84fa94-04c1-424b-9868-57a2d4851a1d" />
    <TestEntry testId="6445d3d6-ffa3-2623-b9bf-ecec79bf0d48" executionId="ca777173-45a3-49c8-8cf3-66b7046b07cb" testListId="8c84fa94-04c1-424b-9868-57a2d4851a1d" />
    <TestEntry testId="d5b4e9f5-f4d0-85d8-bb34-96f7deb58741" executionId="6074d76c-c713-48ba-985a-0abe94fe7aae" testListId="8c84fa94-04c1-424b-9868-57a2d4851a1d" />
    <TestEntry testId="921becbe-871e-b5c6-0fad-012382fc0bba" executionId="92de7809-ae80-4826-a863-016098f41fcc" testListId="8c84fa94-04c1-424b-9868-57a2d4851a1d" />
    <TestEntry testId="bf677aec-7ef0-def2-9b66-e1eef9bbe9cb" executionId="33e40d93-84c6-450b-ab98-457dc66738df" testListId="8c84fa94-04c1-424b-9868-57a2d4851a1d" />
    <TestEntry testId="d8820f6c-b583-54f8-a42b-8e0896c5d242" executionId="2cb7c491-a5fb-4d7c-9a09-51e02a43734b" testListId="8c84fa94-04c1-424b-9868-57a2d4851a1d" />
    <TestEntry testId="3be806f7-f582-ad07-2c81-d19696092c39" executionId="c3a9e778-97b0-4d1f-91ef-1aba72fedfff" testListId="8c84fa94-04c1-424b-9868-57a2d4851a1d" />
    <TestEntry testId="ad405981-b262-d2c1-3af9-18da6417b9a4" executionId="11de04e7-d28f-4dd4-91ad-67cfa483f223" testListId="8c84fa94-04c1-424b-9868-57a2d4851a1d" />
    <TestEntry testId="155b9ba4-9dd0-8413-bf06-25a339f50100" executionId="47a8a635-2657-4ffa-9f1c-7bed2bf654bb" testListId="8c84fa94-04c1-424b-9868-57a2d4851a1d" />
    <TestEntry testId="e88e6018-9b4b-9299-f58a-7a9bec78f031" executionId="6692d8ff-a396-48ae-b5ff-b64bf644cc15" testListId="8c84fa94-04c1-424b-9868-57a2d4851a1d" />
    <TestEntry testId="07008d94-fa7b-c33e-c12a-f3e6c127fdc5" executionId="c6e7950d-ce27-47da-965d-4a1d1c4aaa8f" testListId="8c84fa94-04c1-424b-9868-57a2d4851a1d" />
    <TestEntry testId="36f565da-6c41-27fb-f0ad-2851820a6c55" executionId="a5758c5d-0feb-4e40-aa1a-9bf982699ad1" testListId="8c84fa94-04c1-424b-9868-57a2d4851a1d" />
    <TestEntry testId="4706d989-7332-52ee-a47a-b404a2d3bd89" executionId="45d9991f-5269-4225-9d60-9822d0ca2282" testListId="8c84fa94-04c1-424b-9868-57a2d4851a1d" />
    <TestEntry testId="6483fdf4-0bed-466d-dfea-6ad36d9bfb4c" executionId="8fab1fe6-3a72-4e78-9d52-ae3eb598811d" testListId="8c84fa94-04c1-424b-9868-57a2d4851a1d" />
    <TestEntry testId="e303d999-2b6c-2af9-2825-d923ed6aba31" executionId="7d6b6762-0cf5-4958-b6bc-e4261167e7c7" testListId="8c84fa94-04c1-424b-9868-57a2d4851a1d" />
    <TestEntry testId="76bb760b-94c3-9f49-a667-ff04e895a19d" executionId="dec92462-96a2-4f58-b659-47cdc9cef4d9" testListId="8c84fa94-04c1-424b-9868-57a2d4851a1d" />
    <TestEntry testId="103f63bc-36fd-3259-ded9-b15d3dd5bad3" executionId="a10b9250-ebba-44a6-8f4a-b9957cc1e50d" testListId="8c84fa94-04c1-424b-9868-57a2d4851a1d" />
    <TestEntry testId="fac61793-0a59-5f51-54da-13b08eaee73e" executionId="1aee7338-f802-4782-ba24-fdd6dee12c5e" testListId="8c84fa94-04c1-424b-9868-57a2d4851a1d" />
    <TestEntry testId="afe1a25a-3395-d21e-c029-121274c82e10" executionId="2500df45-5707-421d-9314-1c0832714e42" testListId="8c84fa94-04c1-424b-9868-57a2d4851a1d" />
    <TestEntry testId="76ebe5d4-05d1-3fc5-6c36-90701e535064" executionId="584c5107-bb30-4bf5-9410-498d9307148a" testListId="8c84fa94-04c1-424b-9868-57a2d4851a1d" />
    <TestEntry testId="55c7ac99-2754-0ae1-072c-c79552cdf20a" executionId="27c9f731-7604-4d1b-97e5-08d07775654f" testListId="8c84fa94-04c1-424b-9868-57a2d4851a1d" />
    <TestEntry testId="922a2c12-e9aa-d1ce-97c8-d1c9e5c95c54" executionId="9f418f3e-a2a8-499b-a4ce-1c8583f7f1f9" testListId="8c84fa94-04c1-424b-9868-57a2d4851a1d" />
    <TestEntry testId="b16f7419-6346-6c6e-74b5-620d6ea5c8b0" executionId="75d0b98b-457c-4482-94cc-65600e779f69" testListId="8c84fa94-04c1-424b-9868-57a2d4851a1d" />
    <TestEntry testId="01a170ae-9e27-1ba0-c187-8c04af592931" executionId="c5d97ffc-6e3a-479a-94f5-05c926d79271" testListId="8c84fa94-04c1-424b-9868-57a2d4851a1d" />
    <TestEntry testId="8cb888f8-fcf7-8b11-26ea-f6f3a12256ea" executionId="658b0010-a6c2-4a27-922c-b779496b7e22" testListId="8c84fa94-04c1-424b-9868-57a2d4851a1d" />
    <TestEntry testId="70673848-d263-54b7-60e9-b610268cc307" executionId="439aa28b-a864-4e93-a2b3-9eda589c822a" testListId="8c84fa94-04c1-424b-9868-57a2d4851a1d" />
    <TestEntry testId="12d4cfce-f952-5050-cfbd-0ed55f90dabf" executionId="7af09a19-82a8-4213-9411-2d1648dc9f7c" testListId="8c84fa94-04c1-424b-9868-57a2d4851a1d" />
    <TestEntry testId="769f76de-22e9-2899-6146-006a3253a4bd" executionId="8d4bb310-0d59-4014-801a-c24b35ffde02" testListId="8c84fa94-04c1-424b-9868-57a2d4851a1d" />
    <TestEntry testId="0b571c5d-6760-ff1b-1a63-3687d380bbd8" executionId="54e7db91-bb46-4c0b-a75e-589572f422c8" testListId="8c84fa94-04c1-424b-9868-57a2d4851a1d" />
    <TestEntry testId="7bf947ee-381a-1499-30ec-e9b2891d9285" executionId="de247d49-4f60-4b7f-b2a1-f4c35c70a78f" testListId="8c84fa94-04c1-424b-9868-57a2d4851a1d" />
    <TestEntry testId="59a9d30f-f5bb-c511-df6c-f751a47e7e48" executionId="dac4d556-405d-4487-b54d-8e2bb2f29c4b" testListId="8c84fa94-04c1-424b-9868-57a2d4851a1d" />
    <TestEntry testId="0efee447-18f8-7559-9564-d3100ee72ab5" executionId="d20e9bd5-8579-4988-b23d-1b526851e528" testListId="8c84fa94-04c1-424b-9868-57a2d4851a1d" />
    <TestEntry testId="2a974fab-ba67-ce97-7c56-448e81324bfb" executionId="8d4d278d-8a18-4262-8df4-a13845223267" testListId="8c84fa94-04c1-424b-9868-57a2d4851a1d" />
    <TestEntry testId="270b440f-1f3c-3767-f929-42e0d541f4dd" executionId="4dc2ff94-5c96-401d-b4e2-0eb2521b186a" testListId="8c84fa94-04c1-424b-9868-57a2d4851a1d" />
    <TestEntry testId="ae6efea9-c0e0-125e-34be-38fda421ccf0" executionId="aeb4203c-0c18-4b2c-9bdf-07c88f309cee" testListId="8c84fa94-04c1-424b-9868-57a2d4851a1d" />
    <TestEntry testId="d042a881-6eca-108b-73cf-e9042034daf8" executionId="1166cb89-b129-4cee-99a5-337c81ccdd39" testListId="8c84fa94-04c1-424b-9868-57a2d4851a1d" />
    <TestEntry testId="1d94f4ee-e18a-f6a6-0d4e-d94116d380e6" executionId="cfb598c0-e868-4658-b369-793d826309d4" testListId="8c84fa94-04c1-424b-9868-57a2d4851a1d" />
    <TestEntry testId="a41a7c4c-0deb-b46d-278a-5d45b39a1f16" executionId="6e21f9ff-82cc-437b-9882-22923127ebb6" testListId="8c84fa94-04c1-424b-9868-57a2d4851a1d" />
    <TestEntry testId="20555999-6988-8b37-7eac-56c9d5fe797e" executionId="7b563a89-1e0d-4f7a-b94f-dde2c6b1ca2a" testListId="8c84fa94-04c1-424b-9868-57a2d4851a1d" />
    <TestEntry testId="87c101e5-56d9-f2b1-8080-1a4f5d9b19b7" executionId="0016ee17-0f19-46c1-81fa-0bb4c831b66a" testListId="8c84fa94-04c1-424b-9868-57a2d4851a1d" />
    <TestEntry testId="2232bf9a-59eb-5452-bf1a-81958d9f43ed" executionId="d6db2e00-aa7d-4bb1-9a69-583d6d9f0709" testListId="8c84fa94-04c1-424b-9868-57a2d4851a1d" />
    <TestEntry testId="1af4ac2d-863e-cbc7-a2d1-1c8e6844de6b" executionId="8137f053-cb8b-46a9-ae96-7444bd3c0bcb" testListId="8c84fa94-04c1-424b-9868-57a2d4851a1d" />
    <TestEntry testId="f1edc6f8-f6fe-b8f1-8afc-54af87691e26" executionId="51cef0c1-b9d8-4128-8999-dc498a9343b1" testListId="8c84fa94-04c1-424b-9868-57a2d4851a1d" />
    <TestEntry testId="75baa22c-11f8-7c55-75b1-4e2e9d85fbec" executionId="705e3c51-bf1d-4327-9959-429c5ea10b34" testListId="8c84fa94-04c1-424b-9868-57a2d4851a1d" />
    <TestEntry testId="06e082f2-fed5-3e28-d24e-9a7024a7a9f5" executionId="a387c67a-085d-4dbd-8660-e22dbd53a92e" testListId="8c84fa94-04c1-424b-9868-57a2d4851a1d" />
    <TestEntry testId="44f3642a-9a44-e5e0-4d9a-8317e240098a" executionId="75434f2a-001c-45d3-92c6-9dc369a5eb80" testListId="8c84fa94-04c1-424b-9868-57a2d4851a1d" />
    <TestEntry testId="ad21f910-faaa-b344-8f9e-a93a8dc67bfd" executionId="01a271b7-09fd-48bb-9ca8-96482b3ceea1" testListId="8c84fa94-04c1-424b-9868-57a2d4851a1d" />
    <TestEntry testId="c919db04-6c42-7f3d-0e7b-2e5f9ca8157a" executionId="f5d685c8-b671-4951-99a3-87d8b0a54234" testListId="8c84fa94-04c1-424b-9868-57a2d4851a1d" />
    <TestEntry testId="5614474b-bec0-bc74-791b-2bf41ef06cf6" executionId="da37aa0c-c9e2-47d0-a47e-9f3094a6666f" testListId="8c84fa94-04c1-424b-9868-57a2d4851a1d" />
    <TestEntry testId="60e89033-289b-6c28-2165-4ca101b6fc5d" executionId="24a33556-fe72-40f4-af7d-74889384f72c" testListId="8c84fa94-04c1-424b-9868-57a2d4851a1d" />
    <TestEntry testId="f07babac-a0b5-3d43-96b4-02fbbf582157" executionId="79c5ee44-d9ae-486e-baf9-f16430aefe08" testListId="8c84fa94-04c1-424b-9868-57a2d4851a1d" />
    <TestEntry testId="5ed6d2f0-916e-9077-823c-7fdd9975f314" executionId="73e8d583-63ce-45b5-96ab-c63968062e8d" testListId="8c84fa94-04c1-424b-9868-57a2d4851a1d" />
    <TestEntry testId="1558228e-d5be-e738-5994-fd41d8ca6f08" executionId="b3d3937f-1385-4619-bfdf-3a187ec3bf93" testListId="8c84fa94-04c1-424b-9868-57a2d4851a1d" />
    <TestEntry testId="597bd723-9003-2a88-ade0-4bc49ffe996b" executionId="21e7fe1d-12e6-4530-83c5-824e9eba1e44" testListId="8c84fa94-04c1-424b-9868-57a2d4851a1d" />
    <TestEntry testId="711d2162-2b98-a5ab-d146-f061d4a9490c" executionId="2fe076f0-40fe-42e6-9b33-2225bac51280" testListId="8c84fa94-04c1-424b-9868-57a2d4851a1d" />
    <TestEntry testId="aba21fba-3a83-b83e-3067-7a92c86f8cc1" executionId="b2ef1a38-045b-409a-96e7-67de141c9d85" testListId="8c84fa94-04c1-424b-9868-57a2d4851a1d" />
    <TestEntry testId="d3da00c3-aa14-49d5-9976-788854971981" executionId="ae4d0054-5649-4dab-afec-d8cd917d34d7" testListId="8c84fa94-04c1-424b-9868-57a2d4851a1d" />
    <TestEntry testId="ea5ab445-ca0a-35eb-ec63-41856a96f8e9" executionId="d9aff8b3-7754-4bfb-96cd-cf2b5bdcafba" testListId="8c84fa94-04c1-424b-9868-57a2d4851a1d" />
    <TestEntry testId="5da3b2e4-6a9f-a9a6-4eb1-98b652557c46" executionId="95c7fe15-0e59-4563-85a1-1aee43f95de5" testListId="8c84fa94-04c1-424b-9868-57a2d4851a1d" />
    <TestEntry testId="605250e0-7a04-68c9-46f9-72dee413bc1f" executionId="b44ec387-3d3e-46f0-81de-5df6b9762ee5" testListId="8c84fa94-04c1-424b-9868-57a2d4851a1d" />
    <TestEntry testId="9f8beda9-9478-ee60-1af4-cbd90177d26b" executionId="319d45c8-178a-4010-98d5-c38bbb67a911" testListId="8c84fa94-04c1-424b-9868-57a2d4851a1d" />
    <TestEntry testId="80263573-de35-009a-43df-814f8f35d8dc" executionId="98522380-fe39-4d67-af0f-8b03a8bbd5a5" testListId="8c84fa94-04c1-424b-9868-57a2d4851a1d" />
    <TestEntry testId="0ef1efdb-8db0-5aec-eb35-571c55712401" executionId="d0ced2fc-65b7-48eb-86e7-f61e26d164c2" testListId="8c84fa94-04c1-424b-9868-57a2d4851a1d" />
    <TestEntry testId="8dc400ca-5cc8-9db4-4ad6-cd18dc7eb619" executionId="814fa3e1-2ab6-4be9-a2dd-fd60068e1dbf" testListId="8c84fa94-04c1-424b-9868-57a2d4851a1d" />
    <TestEntry testId="a8756cb4-2eb1-60b3-ac3c-344dbcb8eada" executionId="49b94886-a232-40f5-ac6a-502bd1ad531e" testListId="8c84fa94-04c1-424b-9868-57a2d4851a1d" />
    <TestEntry testId="1639ef3f-9cb3-4dd0-1247-456c5f771eb9" executionId="28a50b86-1f2e-46f3-9e03-3cb2bafc5dae" testListId="8c84fa94-04c1-424b-9868-57a2d4851a1d" />
    <TestEntry testId="5e2677de-e2fa-6a52-218a-17f0c0c4b43b" executionId="cc9b2dbf-41f1-47b1-bac2-9c33ba71f705" testListId="8c84fa94-04c1-424b-9868-57a2d4851a1d" />
    <TestEntry testId="2bf86ef9-8073-f648-a9b3-116f450a09fe" executionId="f2266460-13b5-433b-9e44-d1df8877cbdd" testListId="8c84fa94-04c1-424b-9868-57a2d4851a1d" />
    <TestEntry testId="2e841bb7-e17f-2666-0014-ab34cba60f28" executionId="2cd11787-ffc1-4966-9d0a-26972383a3c1" testListId="8c84fa94-04c1-424b-9868-57a2d4851a1d" />
    <TestEntry testId="57267976-4404-7aed-4d71-8ab7daa0d5b5" executionId="09c65aeb-40a6-4bd2-864c-bf1d5ca0ea65" testListId="8c84fa94-04c1-424b-9868-57a2d4851a1d" />
    <TestEntry testId="fe8c4e40-243c-dad9-951e-88123b66df02" executionId="4a437456-a62f-42e7-8fae-50b315a1579a" testListId="8c84fa94-04c1-424b-9868-57a2d4851a1d" />
    <TestEntry testId="b93e230f-c49c-564b-996d-dea1fded8624" executionId="7f562044-8810-47ea-ae90-066d6b6aae1f" testListId="8c84fa94-04c1-424b-9868-57a2d4851a1d" />
    <TestEntry testId="c78949e1-1970-ebda-ab9c-731ba033e64a" executionId="2f33552f-cc1a-46cb-9de5-d3b57b84ba8c" testListId="8c84fa94-04c1-424b-9868-57a2d4851a1d" />
    <TestEntry testId="3fb77e71-d30e-3ed0-4b65-0df4eb79a621" executionId="d0420587-7edd-41d0-862f-18a7e99693f5" testListId="8c84fa94-04c1-424b-9868-57a2d4851a1d" />
    <TestEntry testId="0109c8ab-ee05-8dbe-890d-f0bf776f02fb" executionId="d448027e-0961-4e33-b8cb-78a2fc635410" testListId="8c84fa94-04c1-424b-9868-57a2d4851a1d" />
    <TestEntry testId="a14b4a97-4047-fba6-27cb-72dd2783ad1d" executionId="15843397-239e-4303-a3a4-972cc7605e80" testListId="8c84fa94-04c1-424b-9868-57a2d4851a1d" />
    <TestEntry testId="0bef4102-12a6-3b9f-b397-11bd8ec3188e" executionId="3b25de1e-6061-4ad6-82a7-afdf16eb5b29" testListId="8c84fa94-04c1-424b-9868-57a2d4851a1d" />
    <TestEntry testId="58a21691-74cf-e102-02a3-70f82a9abff5" executionId="8159a92d-c871-4ab7-aacb-38e37ce4dbec" testListId="8c84fa94-04c1-424b-9868-57a2d4851a1d" />
    <TestEntry testId="9d9fb6c2-9184-4538-4081-364acb08e5ea" executionId="a7e389d0-5a21-4425-a56c-182c0ee46d6f" testListId="8c84fa94-04c1-424b-9868-57a2d4851a1d" />
    <TestEntry testId="69f1ed1b-11e5-b127-77c6-ccd3be0c26db" executionId="48a92e16-9647-4cf5-bb4b-5d043df57eab" testListId="8c84fa94-04c1-424b-9868-57a2d4851a1d" />
    <TestEntry testId="ca610a9c-ba67-5df9-9fb1-df42d8ef7ec4" executionId="b12a0a40-ecd1-4e01-be3e-69bb698dfe73" testListId="8c84fa94-04c1-424b-9868-57a2d4851a1d" />
    <TestEntry testId="15d88251-7ed4-f222-62c6-38a94c9ed088" executionId="0cba1060-9d56-4224-88ab-c25a5ad6ea47" testListId="8c84fa94-04c1-424b-9868-57a2d4851a1d" />
    <TestEntry testId="3a0e894d-6f76-5b80-5d98-bb50aeb3f367" executionId="b71741a7-3e80-447e-8594-9f8217a5a332" testListId="8c84fa94-04c1-424b-9868-57a2d4851a1d" />
    <TestEntry testId="a4145f53-d016-44f2-4fa4-5e271b51a2aa" executionId="3323a1aa-a911-4e98-9bf5-94a720b0aa70" testListId="8c84fa94-04c1-424b-9868-57a2d4851a1d" />
    <TestEntry testId="7d2a67de-d580-bdbf-18ba-4a6da46d0911" executionId="050f151b-54b0-42d0-a424-774944b942b7" testListId="8c84fa94-04c1-424b-9868-57a2d4851a1d" />
    <TestEntry testId="7c86940f-8bd1-1d77-6307-fc9803576fb0" executionId="fc9438ab-badd-4043-8b78-f70fe23420c7" testListId="8c84fa94-04c1-424b-9868-57a2d4851a1d" />
    <TestEntry testId="86b6936d-d0a3-0fe4-51f4-73e029925e7c" executionId="940dd935-f045-4acc-9d9b-602982d3f4a2" testListId="8c84fa94-04c1-424b-9868-57a2d4851a1d" />
    <TestEntry testId="55ce5247-e731-1e4f-d91f-c42500d9a460" executionId="3e9a497e-b197-4a00-ab03-ce46129339ce" testListId="8c84fa94-04c1-424b-9868-57a2d4851a1d" />
    <TestEntry testId="cfee214c-88a1-d6af-e219-440c39e0637e" executionId="7f282d73-0d52-4c59-98c0-1e1e5db0ff7a" testListId="8c84fa94-04c1-424b-9868-57a2d4851a1d" />
    <TestEntry testId="2fe0ce30-023a-d677-13ee-2b4363be581f" executionId="8bf8b049-5658-4348-9e71-92b94c3e1b46" testListId="8c84fa94-04c1-424b-9868-57a2d4851a1d" />
    <TestEntry testId="0733d45a-5f43-51ef-b8dc-2f7e48283054" executionId="84c9f0fd-cdf9-4fe8-aa47-e86701810dc2" testListId="8c84fa94-04c1-424b-9868-57a2d4851a1d" />
    <TestEntry testId="89b4f1fb-719f-d5f6-027b-21d7af10c7f4" executionId="f60eb233-8574-47fb-8cd7-9f81cfb953f8" testListId="8c84fa94-04c1-424b-9868-57a2d4851a1d" />
    <TestEntry testId="7c3fdd62-4e56-8c23-4c82-22dddd3e2da0" executionId="3174211e-d02c-429e-8d4b-11734b849556" testListId="8c84fa94-04c1-424b-9868-57a2d4851a1d" />
    <TestEntry testId="5d824b67-f14a-a3ef-6f6d-b5503b2915cc" executionId="05e986b7-9922-45a1-9b01-5b5781769a0b" testListId="8c84fa94-04c1-424b-9868-57a2d4851a1d" />
    <TestEntry testId="7c0e6e89-86f1-1219-b859-69fb4d47a693" executionId="95f03c08-72b5-4e01-93e3-e3e14b6d35b8" testListId="8c84fa94-04c1-424b-9868-57a2d4851a1d" />
    <TestEntry testId="60dd2445-e8bb-0222-1da7-aff558a8ae4d" executionId="7cf9af9c-9550-49f0-b810-5e04195ea4f3" testListId="8c84fa94-04c1-424b-9868-57a2d4851a1d" />
    <TestEntry testId="033d4d5e-95f6-b1c3-e77b-5a087cc7f433" executionId="3756c6e6-b344-457a-9c29-2be2b6a600f7" testListId="8c84fa94-04c1-424b-9868-57a2d4851a1d" />
    <TestEntry testId="58c2a48b-8bbe-0380-caa2-a75f54af8cb9" executionId="bca81305-6706-42fb-a150-db234288eb47" testListId="8c84fa94-04c1-424b-9868-57a2d4851a1d" />
    <TestEntry testId="ffafe886-db52-5cdf-21f6-dc5e02604ae3" executionId="820b7ce7-5257-47cd-a65a-1cf13df90def" testListId="8c84fa94-04c1-424b-9868-57a2d4851a1d" />
    <TestEntry testId="0d29e5b2-5da1-fce3-df65-d20edd141d9a" executionId="a52ca261-97c8-4b91-a22b-7611701d5ada" testListId="8c84fa94-04c1-424b-9868-57a2d4851a1d" />
    <TestEntry testId="17d65b15-06b6-e8a5-500a-36ea94523572" executionId="915a38c2-1da1-4769-b345-2ee5ef78e5a7" testListId="8c84fa94-04c1-424b-9868-57a2d4851a1d" />
    <TestEntry testId="a4842a65-d964-6c02-a2c8-82738a9f92f7" executionId="c1332b08-b5bd-4df3-932b-ec9fd36aceac" testListId="8c84fa94-04c1-424b-9868-57a2d4851a1d" />
    <TestEntry testId="d9eec0b3-0c26-d703-46db-e70053729640" executionId="659f0b09-edf3-464f-acca-c808fda678b4" testListId="8c84fa94-04c1-424b-9868-57a2d4851a1d" />
    <TestEntry testId="46dcdbc3-9a94-118d-ee9e-54f4a5b4a315" executionId="5460d5f5-920f-4c2d-b225-96eab01d82f7" testListId="8c84fa94-04c1-424b-9868-57a2d4851a1d" />
    <TestEntry testId="f53f973d-cb80-9861-5d3f-ae579bbed924" executionId="8f2843c0-07bd-4e53-84cd-364247a5cc13" testListId="8c84fa94-04c1-424b-9868-57a2d4851a1d" />
    <TestEntry testId="b080ddbc-74ae-fb36-8466-9ecac9193025" executionId="6ef1fe4b-9a24-4307-a0db-300d681dee23" testListId="8c84fa94-04c1-424b-9868-57a2d4851a1d" />
    <TestEntry testId="c8fad434-c90e-02c1-1a72-f8552a249e5f" executionId="cb5a85d5-c3cd-4ae3-bcd7-9ed461e85112" testListId="8c84fa94-04c1-424b-9868-57a2d4851a1d" />
    <TestEntry testId="292fcb11-3235-5d58-6743-74ed56c23f7c" executionId="c778cc3e-7079-4ba4-803d-e5c39352c18b" testListId="8c84fa94-04c1-424b-9868-57a2d4851a1d" />
    <TestEntry testId="935a63b5-070b-d745-9989-b4b59e3623fb" executionId="b9d13b27-b482-4b4c-8da4-fd10f42ed3bf" testListId="8c84fa94-04c1-424b-9868-57a2d4851a1d" />
    <TestEntry testId="7b2bde76-c4df-aa8b-e1f7-800bedb22f31" executionId="f888fec8-0948-454c-b515-ede2e3e65295" testListId="8c84fa94-04c1-424b-9868-57a2d4851a1d" />
    <TestEntry testId="d6ec974b-6353-2efc-76e0-fff1e88333cb" executionId="5d1e3b50-71a8-4065-a535-22c5df2d3a34" testListId="8c84fa94-04c1-424b-9868-57a2d4851a1d" />
    <TestEntry testId="7788ecc7-909e-0936-6cdb-ea230b89cfd9" executionId="e4f43e2c-25a6-410a-b12c-f153cc1e1fb1" testListId="8c84fa94-04c1-424b-9868-57a2d4851a1d" />
    <TestEntry testId="e79ee870-84fd-ee32-152b-bd13bd15383d" executionId="1cd2ff3e-8cbe-409d-bc36-c8d52265a2a2" testListId="8c84fa94-04c1-424b-9868-57a2d4851a1d" />
    <TestEntry testId="6830570b-6b8d-b4b8-7c7b-a733b2906570" executionId="c6636306-a063-4a1a-8b5a-e330bac3117e" testListId="8c84fa94-04c1-424b-9868-57a2d4851a1d" />
    <TestEntry testId="1aa0e048-8454-4b5a-6b8f-4adbe8aad08e" executionId="2d3193ca-8048-4b41-aa7e-b4715f748838" testListId="8c84fa94-04c1-424b-9868-57a2d4851a1d" />
    <TestEntry testId="505a857b-da4d-f58f-a6af-4665396ee207" executionId="096a01c3-c284-4ebf-8c87-4126561e87d3" testListId="8c84fa94-04c1-424b-9868-57a2d4851a1d" />
    <TestEntry testId="54de8916-5b62-ba46-e8c2-27c2d49d182d" executionId="43664bde-4c4f-4a6f-80bf-ba0685c15cce" testListId="8c84fa94-04c1-424b-9868-57a2d4851a1d" />
    <TestEntry testId="16d57f1c-05ad-2682-d96a-76fdbc5ac200" executionId="4443d539-04ae-45b2-9c26-4d880264fd82" testListId="8c84fa94-04c1-424b-9868-57a2d4851a1d" />
    <TestEntry testId="758f6201-9ba2-fd48-9cbf-e75fc1748c14" executionId="ff879d8e-220d-4e90-af1a-68e93621af96" testListId="8c84fa94-04c1-424b-9868-57a2d4851a1d" />
    <TestEntry testId="49d00e4b-9bd0-a7f2-46b1-60b16750ffa9" executionId="3b92b289-7a71-4eb6-b1f8-0e73247e1d95" testListId="8c84fa94-04c1-424b-9868-57a2d4851a1d" />
    <TestEntry testId="5c6aca6c-7764-085c-17f7-a78d3193dc56" executionId="da1e91a2-3d42-400b-aba2-be33624d01ea" testListId="8c84fa94-04c1-424b-9868-57a2d4851a1d" />
    <TestEntry testId="a4098945-aef8-d604-acc8-f0f260fbcbe3" executionId="41f106c6-8cb9-470f-923f-f09da5d2a8f5" testListId="8c84fa94-04c1-424b-9868-57a2d4851a1d" />
    <TestEntry testId="27f495c0-a85b-03c6-c5ad-db73bb996ca9" executionId="92cfe426-5b6f-4f2d-8621-6a3cd83eae86" testListId="8c84fa94-04c1-424b-9868-57a2d4851a1d" />
    <TestEntry testId="898f17e3-1177-42cd-4c82-d7559e1b2361" executionId="f020a273-1bb4-4739-962b-027c5e265a80" testListId="8c84fa94-04c1-424b-9868-57a2d4851a1d" />
    <TestEntry testId="0dc7140d-4bbf-efdd-6caf-673aa037fb11" executionId="cdfa6061-1654-4048-aeec-39b94eaf27d3" testListId="8c84fa94-04c1-424b-9868-57a2d4851a1d" />
    <TestEntry testId="483288a8-d0a2-64bb-409d-d76b11e5343a" executionId="2a7902c0-7286-4b55-b8df-311d9016a610" testListId="8c84fa94-04c1-424b-9868-57a2d4851a1d" />
    <TestEntry testId="26d6e61d-3424-d277-97b9-45867b7105f8" executionId="c2033fed-b6c5-4b88-a9da-9eb7d666dbaa" testListId="8c84fa94-04c1-424b-9868-57a2d4851a1d" />
    <TestEntry testId="6ceae3fc-dabf-6e75-8a34-9ca65dbb83f3" executionId="8e167d19-9f8a-4691-a284-2bcdd68aa500" testListId="8c84fa94-04c1-424b-9868-57a2d4851a1d" />
    <TestEntry testId="ebe1cb31-9c82-dbb6-a15e-a7ddeb2e1d02" executionId="fc2b32fe-4f74-4052-8fb6-644d7114fcb0" testListId="8c84fa94-04c1-424b-9868-57a2d4851a1d" />
    <TestEntry testId="a83c55d9-b4b3-f28e-764f-b9b4aa5db19f" executionId="7ae877a8-aa7f-4ddb-923e-e292b768f54b" testListId="8c84fa94-04c1-424b-9868-57a2d4851a1d" />
    <TestEntry testId="603829a1-9432-edd0-0c5d-714ad2a8180a" executionId="f6a44c1f-dcc9-4408-9c2d-6217348eb612" testListId="8c84fa94-04c1-424b-9868-57a2d4851a1d" />
    <TestEntry testId="185dbb4d-75ae-8bb0-5710-325836db379a" executionId="074b470f-99a1-45f4-b864-f99fccc0c299" testListId="8c84fa94-04c1-424b-9868-57a2d4851a1d" />
    <TestEntry testId="d78fd4cb-df66-5873-0931-c2673f628faa" executionId="29409ef7-f3ee-4f15-9203-837ec6b4b305" testListId="8c84fa94-04c1-424b-9868-57a2d4851a1d" />
    <TestEntry testId="fe0f7012-72f1-1691-a889-2acdf9e700c3" executionId="41e500af-f9a7-48eb-be82-ea34f30a9911" testListId="8c84fa94-04c1-424b-9868-57a2d4851a1d" />
    <TestEntry testId="42ffd2ee-9394-da38-d190-db8c81cb9215" executionId="65a28231-749a-4fed-b6ce-153694d76dcd" testListId="8c84fa94-04c1-424b-9868-57a2d4851a1d" />
    <TestEntry testId="6f3c6e12-9b74-aadd-c68d-32108b90a62a" executionId="2ca848be-1e34-4e8b-9c0f-0a85a56b9f8c" testListId="8c84fa94-04c1-424b-9868-57a2d4851a1d" />
    <TestEntry testId="8e573d90-3905-3ac5-00ac-63bb86ee5890" executionId="9f3def51-1972-40d1-979e-062f0726cbc2" testListId="8c84fa94-04c1-424b-9868-57a2d4851a1d" />
    <TestEntry testId="a8baf934-7123-2b6e-5a99-f97458b8d9f1" executionId="f75bb24b-6c74-4dbe-943f-a9ace11bf749" testListId="8c84fa94-04c1-424b-9868-57a2d4851a1d" />
    <TestEntry testId="d4fbd879-3ad8-65ae-2ab6-7cbd4095d149" executionId="4c8d620f-a11e-4616-bd4c-4b8e8b156703" testListId="8c84fa94-04c1-424b-9868-57a2d4851a1d" />
    <TestEntry testId="bd1195d7-b276-2894-f72d-0b6a10b6c58a" executionId="718775b5-0c86-423a-ab14-b943162af515" testListId="8c84fa94-04c1-424b-9868-57a2d4851a1d" />
    <TestEntry testId="c38ca7fb-221e-789a-b35a-4962e2d383a8" executionId="d1c9bb15-9840-4d01-b742-bf81664655e3" testListId="8c84fa94-04c1-424b-9868-57a2d4851a1d" />
    <TestEntry testId="2bca310c-6c4d-019b-2536-3cb3e435465c" executionId="bdcd3ac4-eb61-4ffa-8685-faf8f2470806" testListId="8c84fa94-04c1-424b-9868-57a2d4851a1d" />
    <TestEntry testId="6d095f19-6ce0-f4cf-fdb2-2e457561105a" executionId="29261e31-40b7-49e5-a564-b1a40d120571" testListId="8c84fa94-04c1-424b-9868-57a2d4851a1d" />
    <TestEntry testId="c84e1522-8e1c-2ce1-86d8-ca3ed0f06d31" executionId="77805974-00e0-4144-b253-e8a93d212e29" testListId="8c84fa94-04c1-424b-9868-57a2d4851a1d" />
    <TestEntry testId="a915ac9c-4cbc-0417-dc03-8596623f4337" executionId="6189bef0-af60-4abb-b061-677812ebc5d8" testListId="8c84fa94-04c1-424b-9868-57a2d4851a1d" />
    <TestEntry testId="15ded8ec-de1a-7ade-c1cf-a3c58aebd8e9" executionId="6a877fda-63b7-458a-b6f3-cc916e0b1310" testListId="8c84fa94-04c1-424b-9868-57a2d4851a1d" />
    <TestEntry testId="b3dd3cff-c586-d5fd-aa58-8c389c726f95" executionId="7c8722f2-2dd8-4513-929a-1f19ea822865" testListId="8c84fa94-04c1-424b-9868-57a2d4851a1d" />
    <TestEntry testId="d6ab8784-a562-88ce-de27-5ea7dc59536d" executionId="614c371a-a353-4ba2-8a08-e229c600f550" testListId="8c84fa94-04c1-424b-9868-57a2d4851a1d" />
    <TestEntry testId="0d2ce44e-c56c-0338-a04e-c3b9a8e7c5f5" executionId="6a47b0f3-48a4-4f87-9342-c3e33c4dc431" testListId="8c84fa94-04c1-424b-9868-57a2d4851a1d" />
    <TestEntry testId="6ebbf36c-1344-67da-0a21-dbfd36142b2b" executionId="5fa063a1-4aa1-4a09-be07-6a556b184fd8" testListId="8c84fa94-04c1-424b-9868-57a2d4851a1d" />
    <TestEntry testId="4b0495f2-4b55-bc93-8a31-4245199393b9" executionId="d5830c21-877f-4fb4-a785-696b3a6945ec" testListId="8c84fa94-04c1-424b-9868-57a2d4851a1d" />
    <TestEntry testId="ecdb70d8-9075-9d1c-7be9-1f20d9e44583" executionId="f58fc5be-ce0d-45bf-a1d1-8c1ca6d8c0d1" testListId="8c84fa94-04c1-424b-9868-57a2d4851a1d" />
    <TestEntry testId="e600fb81-0027-c971-f9c3-ea12b0e3838e" executionId="0f7a75e1-b275-4e10-985c-2dfd52018a1a" testListId="8c84fa94-04c1-424b-9868-57a2d4851a1d" />
    <TestEntry testId="ecb78671-0760-ce16-1e30-d4cd0229b1d5" executionId="7168b69c-d87b-4c50-be4e-13133c7ac5c8" testListId="8c84fa94-04c1-424b-9868-57a2d4851a1d" />
    <TestEntry testId="34132c40-1345-4eb9-1b5c-a904805a939d" executionId="d1cfe19a-0b20-4271-abcd-c61e5aa9e914" testListId="8c84fa94-04c1-424b-9868-57a2d4851a1d" />
    <TestEntry testId="b3a33a9e-e0dc-2e99-7a41-ba2ae1eef3a8" executionId="771c29c0-02e1-4291-8c5f-31f03d77ac7a" testListId="8c84fa94-04c1-424b-9868-57a2d4851a1d" />
    <TestEntry testId="f84942d2-535b-3018-9a4e-000a5c0311ac" executionId="1a0df3f1-0271-4389-aa92-87e1978d1a4d" testListId="8c84fa94-04c1-424b-9868-57a2d4851a1d" />
    <TestEntry testId="50d4599d-441b-6d48-33c5-276e0531443b" executionId="38263a59-1d36-4b90-8267-7eee367d38cb" testListId="8c84fa94-04c1-424b-9868-57a2d4851a1d" />
    <TestEntry testId="5fa08762-c225-80b2-5d21-73957ee628b2" executionId="8c2680fe-a403-4358-9492-1d3064602d47" testListId="8c84fa94-04c1-424b-9868-57a2d4851a1d" />
    <TestEntry testId="fe360101-5261-e820-b6ee-890e4a245a37" executionId="845e99f0-eec0-45b7-a200-c85b0ef7ec04" testListId="8c84fa94-04c1-424b-9868-57a2d4851a1d" />
    <TestEntry testId="6a240a6a-f74d-5b42-c5f5-258ba3c705b6" executionId="8fd58774-36e0-441f-913a-73bcb09aa123" testListId="8c84fa94-04c1-424b-9868-57a2d4851a1d" />
    <TestEntry testId="fa77b169-7afb-e8ac-24d0-340be81330f8" executionId="4b64cff3-4da6-48e9-a058-3fa5f431f272" testListId="8c84fa94-04c1-424b-9868-57a2d4851a1d" />
    <TestEntry testId="226be470-5ed7-a113-35ac-4a7a3002033d" executionId="11043a42-b32c-4ae3-b1ae-d0be546891e4" testListId="8c84fa94-04c1-424b-9868-57a2d4851a1d" />
    <TestEntry testId="4cc9d4ab-e132-c853-fa2e-dbbd8b513879" executionId="02bb2387-d917-49c0-92e3-111a87e96b3f" testListId="8c84fa94-04c1-424b-9868-57a2d4851a1d" />
    <TestEntry testId="816b2ac7-a43f-4c86-3132-8faeff3af2a9" executionId="f180b678-91c2-4d0b-b42f-a69cc0cfbddd" testListId="8c84fa94-04c1-424b-9868-57a2d4851a1d" />
    <TestEntry testId="ee189b7f-b48c-e861-72bf-b7f28dd5cf0b" executionId="22f37ee9-4752-412c-adfb-6bddcbe5e3bb" testListId="8c84fa94-04c1-424b-9868-57a2d4851a1d" />
    <TestEntry testId="16c4748f-5659-f1a1-bdb2-fa1948c411de" executionId="c238b6bb-31f6-4540-99a6-f1c92cac7379" testListId="8c84fa94-04c1-424b-9868-57a2d4851a1d" />
    <TestEntry testId="ab0afd2c-7ed1-31db-9bc5-bb5e9defc981" executionId="74ecf0e1-adaa-404f-b09b-a4b02392a9b8" testListId="8c84fa94-04c1-424b-9868-57a2d4851a1d" />
    <TestEntry testId="8663a06c-e6d1-9c91-f350-300011ab6250" executionId="0ef278e6-4a76-4d6e-8116-7c3cfd44be20" testListId="8c84fa94-04c1-424b-9868-57a2d4851a1d" />
    <TestEntry testId="8b908069-3601-8ab8-3293-9df091546406" executionId="c13d8b97-5ccf-4233-84d0-71eb6a1833a4" testListId="8c84fa94-04c1-424b-9868-57a2d4851a1d" />
    <TestEntry testId="7fcc0b52-7c7d-2ba2-4751-3821e4104464" executionId="9caeca7e-6692-45f5-b0ba-644086b376cc" testListId="8c84fa94-04c1-424b-9868-57a2d4851a1d" />
    <TestEntry testId="454bc96e-cf2d-beb4-25e3-6a23f16aa2c3" executionId="a2b048e5-29b9-4336-9c6e-b359c83c6b89" testListId="8c84fa94-04c1-424b-9868-57a2d4851a1d" />
    <TestEntry testId="0f9d72e7-4b12-d747-8149-f85ab4ea8696" executionId="466ab3cf-0c45-4afb-92f8-c4609548e4fc" testListId="8c84fa94-04c1-424b-9868-57a2d4851a1d" />
    <TestEntry testId="d83e331a-6182-870f-673e-6fa3094220de" executionId="89500d9d-4e35-4c92-b283-cb5fc4afb953" testListId="8c84fa94-04c1-424b-9868-57a2d4851a1d" />
    <TestEntry testId="3ef7420c-d306-f082-a482-ad3bb0121ce4" executionId="7c0d22d1-889b-4b5f-96b5-aa96d8dd30f9" testListId="8c84fa94-04c1-424b-9868-57a2d4851a1d" />
    <TestEntry testId="f985d6d7-ca7f-a617-f08c-6bd1fda62de2" executionId="fdd2d8e2-ff94-4dfe-92c3-48b559242bb4" testListId="8c84fa94-04c1-424b-9868-57a2d4851a1d" />
    <TestEntry testId="0abdadec-f565-037d-9e00-3cb09d5bba6f" executionId="46fb48d4-dcce-49cf-8d9b-f73919e4978f" testListId="8c84fa94-04c1-424b-9868-57a2d4851a1d" />
    <TestEntry testId="ea284939-9f63-406e-d9b3-5d8dcdf48b5d" executionId="bef935d3-af32-4b5f-aed2-a59a5b03498a" testListId="8c84fa94-04c1-424b-9868-57a2d4851a1d" />
    <TestEntry testId="91b95da8-603f-b232-9073-55e1b9d916b9" executionId="d99c1b4c-c8e9-4f5d-b7e0-1273d23ac349" testListId="8c84fa94-04c1-424b-9868-57a2d4851a1d" />
    <TestEntry testId="d5e66563-8444-3eea-e5eb-82b4ca6ef68d" executionId="acdc2ca2-22c3-4559-8a4d-0a4c04a1e470" testListId="8c84fa94-04c1-424b-9868-57a2d4851a1d" />
    <TestEntry testId="29f56393-0f9d-2dc2-8e0a-4b7171cb8b99" executionId="0fcd925f-5576-47b4-a023-ae747fef9fde" testListId="8c84fa94-04c1-424b-9868-57a2d4851a1d" />
    <TestEntry testId="20b462f4-c96b-2673-837e-d6d7e8986772" executionId="96d989b9-42ed-4263-93b0-0b8213838997" testListId="8c84fa94-04c1-424b-9868-57a2d4851a1d" />
    <TestEntry testId="b3d3b2e9-ab1d-fc48-4579-5f1be78ecdc1" executionId="d0a78db2-11ca-4181-a675-eb8d0db9a9dc" testListId="8c84fa94-04c1-424b-9868-57a2d4851a1d" />
    <TestEntry testId="424f07bc-982a-2a72-59d7-7230434d889e" executionId="4302306e-f07e-4d27-a06f-ef995a6436c5" testListId="8c84fa94-04c1-424b-9868-57a2d4851a1d" />
    <TestEntry testId="cfada09c-183a-4770-9bf9-ce63dabf4dcb" executionId="cfdecea4-aa07-4fb3-992f-ed0603b565d2" testListId="8c84fa94-04c1-424b-9868-57a2d4851a1d" />
    <TestEntry testId="47b3000e-8ac5-6579-3164-71c34dcf5c68" executionId="52de8d5d-6ae9-4cf5-a300-c250b5691c5a" testListId="8c84fa94-04c1-424b-9868-57a2d4851a1d" />
    <TestEntry testId="aebbc01e-bae2-2ac6-3cb2-b6b2aee8eb37" executionId="5e76629d-8d47-4f39-a6c4-265676d4494f" testListId="8c84fa94-04c1-424b-9868-57a2d4851a1d" />
    <TestEntry testId="216079ac-b730-022d-e5a4-fb32e7a98a8e" executionId="544ad98c-2454-40a3-80f4-23aa44f5b6f2" testListId="8c84fa94-04c1-424b-9868-57a2d4851a1d" />
    <TestEntry testId="8ef60467-882c-a14f-0d3a-dcd702174d08" executionId="4298a6af-d8fc-40f9-bef7-5efe5312ff5f" testListId="8c84fa94-04c1-424b-9868-57a2d4851a1d" />
    <TestEntry testId="3f82880f-669e-4c80-f5cb-7b52a5ea247e" executionId="749a6201-3ed2-4450-9347-46b47420ac31" testListId="8c84fa94-04c1-424b-9868-57a2d4851a1d" />
    <TestEntry testId="ef93e544-041e-84fd-ce12-e47f85e7956a" executionId="1fa4c20e-3d77-41fc-af34-bac095cc0095" testListId="8c84fa94-04c1-424b-9868-57a2d4851a1d" />
    <TestEntry testId="d0ead31a-dfa4-4fab-bef3-937ea9925c36" executionId="8e80688a-59e5-4e78-9da0-3d2bb701bc29" testListId="8c84fa94-04c1-424b-9868-57a2d4851a1d" />
    <TestEntry testId="147ed72c-94aa-9837-ccfc-800bae76e1c0" executionId="13252e8e-067c-4ee8-bd3f-228beff3cc0d" testListId="8c84fa94-04c1-424b-9868-57a2d4851a1d" />
    <TestEntry testId="e8fcf8fd-c75a-f604-1183-86082f314579" executionId="13dd6b51-9983-4752-afcf-a3723c7b9efc" testListId="8c84fa94-04c1-424b-9868-57a2d4851a1d" />
    <TestEntry testId="08fc9853-2db6-098a-f86d-309b8ce35b91" executionId="cb7e9650-9367-4159-aa72-cfb591ad6459" testListId="8c84fa94-04c1-424b-9868-57a2d4851a1d" />
    <TestEntry testId="3d5e263b-51f7-ab2a-f3b8-127bc771666c" executionId="ba4d5983-7cb7-4165-930e-cef9f83a49a3" testListId="8c84fa94-04c1-424b-9868-57a2d4851a1d" />
    <TestEntry testId="3d79305c-5a98-d601-ac9c-4bf67660f1e8" executionId="a745a2f9-f6fd-4ec9-bea9-68d21f36bfe4" testListId="8c84fa94-04c1-424b-9868-57a2d4851a1d" />
    <TestEntry testId="de98a727-0b3e-6420-a7b9-0aff9c315a0d" executionId="f1dff7dd-22a7-4f9e-9903-184137707c5a" testListId="8c84fa94-04c1-424b-9868-57a2d4851a1d" />
    <TestEntry testId="ab73acdd-95e9-5ad8-a1fc-01f362166b52" executionId="a5362cac-3a35-4aed-9302-77501c46353f" testListId="8c84fa94-04c1-424b-9868-57a2d4851a1d" />
    <TestEntry testId="b7947d45-60a9-2d63-7dd9-a1f04fb27474" executionId="c7f59dd9-e1ea-409f-a2df-5d6512f76bba" testListId="8c84fa94-04c1-424b-9868-57a2d4851a1d" />
    <TestEntry testId="5c2bcd3c-e1e4-71de-ffcb-e7b29b0143b1" executionId="8c6927ca-de1a-4ec7-98a2-f77d976a2b61" testListId="8c84fa94-04c1-424b-9868-57a2d4851a1d" />
    <TestEntry testId="b914f567-408b-f9a4-2318-41294179616b" executionId="424acd0f-abcc-4c6f-8a2d-bd1088234908" testListId="8c84fa94-04c1-424b-9868-57a2d4851a1d" />
    <TestEntry testId="6e1e695d-4421-afac-2e3e-65d407f908bb" executionId="a4b5ff82-5ca5-4df3-8171-dd90e3772a86" testListId="8c84fa94-04c1-424b-9868-57a2d4851a1d" />
    <TestEntry testId="df5557b0-a3f0-dee6-c2c9-9b29d323a624" executionId="2821bc68-a5ef-4bd6-a21a-4fcfbb264a58" testListId="8c84fa94-04c1-424b-9868-57a2d4851a1d" />
    <TestEntry testId="395d029c-2c31-08ff-3127-fc125409b9c5" executionId="2d6fc067-abd6-42db-9839-46e49565b4dd" testListId="8c84fa94-04c1-424b-9868-57a2d4851a1d" />
    <TestEntry testId="e2910d93-3de2-05e5-781b-94402e2af719" executionId="4723f3b3-9f2f-48f7-8473-5c6b766ea2fd" testListId="8c84fa94-04c1-424b-9868-57a2d4851a1d" />
    <TestEntry testId="9554f1d9-c0c2-1eff-7d16-d20ed944a47c" executionId="9371da5a-9486-4463-ac7b-f33a1942b236" testListId="8c84fa94-04c1-424b-9868-57a2d4851a1d" />
    <TestEntry testId="02dfa4b1-415b-f67b-9581-3ee214fdaf4e" executionId="f748af19-1185-41fe-8372-8f5d136c5f49" testListId="8c84fa94-04c1-424b-9868-57a2d4851a1d" />
    <TestEntry testId="17566836-d206-69c3-d248-ee6f84b95f0f" executionId="0f26f02c-6b2e-4d2c-8ac3-01a38029ddaf" testListId="8c84fa94-04c1-424b-9868-57a2d4851a1d" />
    <TestEntry testId="45b3490f-cb67-0cb2-9ab2-cc2e9dd5a232" executionId="dce2583c-a4e9-4c80-8a83-a8afd2d04c73" testListId="8c84fa94-04c1-424b-9868-57a2d4851a1d" />
    <TestEntry testId="6b3b85a7-b6db-ea59-f47e-9c3b44b6ea78" executionId="9842c3f5-e1d2-4703-82d8-aa8bc4c4952f" testListId="8c84fa94-04c1-424b-9868-57a2d4851a1d" />
    <TestEntry testId="67ca227b-fc3f-9d3d-2e4b-6cc288f33c16" executionId="3bc10567-0962-40b7-a2e7-f2896df19bf2" testListId="8c84fa94-04c1-424b-9868-57a2d4851a1d" />
    <TestEntry testId="1cb028a9-44fc-784f-9be5-6dc2c8f8970d" executionId="e06696b0-5dca-47af-893f-ce4019b0c971" testListId="8c84fa94-04c1-424b-9868-57a2d4851a1d" />
    <TestEntry testId="7431a02c-3ec5-4e94-1096-d10672b17fe9" executionId="f8906f32-3f1b-4811-9c18-87aca1fe4ece" testListId="8c84fa94-04c1-424b-9868-57a2d4851a1d" />
    <TestEntry testId="fd8f3f21-e3fc-5557-187a-5397b25a9e29" executionId="9bbdadd2-b74a-42df-9527-9be47e85653a" testListId="8c84fa94-04c1-424b-9868-57a2d4851a1d" />
    <TestEntry testId="89041d36-049e-3945-5bbf-ee519760b97a" executionId="74e14df9-8976-4583-b081-86df794df331" testListId="8c84fa94-04c1-424b-9868-57a2d4851a1d" />
    <TestEntry testId="d97e98fc-ba5c-40e9-3016-94bbef50b084" executionId="921a3d6a-fd23-4539-94ed-85284efd1ed1" testListId="8c84fa94-04c1-424b-9868-57a2d4851a1d" />
    <TestEntry testId="c8c67187-0fbb-2f54-b6f1-3a6d5e156fac" executionId="c4557af6-f59d-4c72-9f28-4559b0741233" testListId="8c84fa94-04c1-424b-9868-57a2d4851a1d" />
    <TestEntry testId="3cac2c60-f1c9-2ed2-1385-b1fd41397e72" executionId="1d6dd0c1-12d1-49ad-8631-9642062d13cb" testListId="8c84fa94-04c1-424b-9868-57a2d4851a1d" />
    <TestEntry testId="d532a0a5-d4b5-89bf-ed30-c628d8430ed9" executionId="650a7b49-bb52-48c3-906a-b02c04b29a9e" testListId="8c84fa94-04c1-424b-9868-57a2d4851a1d" />
    <TestEntry testId="1bd1468e-4b03-99f3-870a-93d26181d5f7" executionId="d1d6bd45-01cf-40d4-9c35-614608a2c187" testListId="8c84fa94-04c1-424b-9868-57a2d4851a1d" />
    <TestEntry testId="9abb5060-f190-1d75-919a-72d88288d474" executionId="6d5d782c-9d0d-451b-8e41-58243644e536" testListId="8c84fa94-04c1-424b-9868-57a2d4851a1d" />
    <TestEntry testId="6afd2284-a12c-4b44-ec89-155ada5d0ac1" executionId="24f38b91-0b29-4e40-b130-d75008d7f00c" testListId="8c84fa94-04c1-424b-9868-57a2d4851a1d" />
    <TestEntry testId="98f05983-1e7e-ea2f-d552-d801d6e799d0" executionId="4552b858-c0aa-490f-8ab2-6d2161c36389" testListId="8c84fa94-04c1-424b-9868-57a2d4851a1d" />
    <TestEntry testId="8fac75ec-d821-801f-fb9e-0009c6ac0a62" executionId="2ee02075-26e8-4eec-872d-f46aa3ac6dfc" testListId="8c84fa94-04c1-424b-9868-57a2d4851a1d" />
    <TestEntry testId="6bf34791-b2a0-872b-bf4c-b106d34dc5b0" executionId="cec38918-d7ad-40f8-8b23-6bf4736bfdf7" testListId="8c84fa94-04c1-424b-9868-57a2d4851a1d" />
    <TestEntry testId="362568e4-a0ce-c0eb-049c-c36562ab7906" executionId="0fe8995f-c8e8-4983-a3c6-071bc4489f52" testListId="8c84fa94-04c1-424b-9868-57a2d4851a1d" />
    <TestEntry testId="62232ef3-0e18-add8-8d4e-aaf97dfe638c" executionId="f4b654b9-0a82-45c9-aa81-5389792bd9e3" testListId="8c84fa94-04c1-424b-9868-57a2d4851a1d" />
    <TestEntry testId="f42bde8d-1a55-f048-63d7-d9e08364b0f8" executionId="02ed49ac-4c73-4905-bbf1-7ffd785c1a24" testListId="8c84fa94-04c1-424b-9868-57a2d4851a1d" />
    <TestEntry testId="8881821b-7d3d-8cd9-b7c7-0410f06440ab" executionId="ad8a86f0-47d1-4a44-88d5-6a6edb00f243" testListId="8c84fa94-04c1-424b-9868-57a2d4851a1d" />
    <TestEntry testId="e2039d45-fd2d-c132-a00d-e948754ce65d" executionId="d2c8e402-ec7c-440e-8db9-3aa1e9c054c3" testListId="8c84fa94-04c1-424b-9868-57a2d4851a1d" />
    <TestEntry testId="5535077b-880b-c2d9-2b4e-7f8cf6d1bf0a" executionId="54616d18-a345-4777-9858-4a1aa6f65f1b" testListId="8c84fa94-04c1-424b-9868-57a2d4851a1d" />
    <TestEntry testId="e16b20de-eff3-a90a-31e9-7af8dfaecfc5" executionId="500ac7e1-6195-4f96-9078-165223862039" testListId="8c84fa94-04c1-424b-9868-57a2d4851a1d" />
    <TestEntry testId="dded287a-998e-cb9d-f92d-9256dc53a795" executionId="a46ca71b-1d8c-495f-a968-61ad9642cb54" testListId="8c84fa94-04c1-424b-9868-57a2d4851a1d" />
    <TestEntry testId="d658d123-051f-351d-7f72-2cb4dd202acf" executionId="7a434437-0ba7-4f66-b57e-73d5c822215d" testListId="8c84fa94-04c1-424b-9868-57a2d4851a1d" />
    <TestEntry testId="a48939ad-47d0-7294-e913-221d99f955ca" executionId="2ab252b1-a849-4a98-b427-5b2802d574f3" testListId="8c84fa94-04c1-424b-9868-57a2d4851a1d" />
    <TestEntry testId="223682b2-dc94-4913-3c8c-c908480aee98" executionId="c52585b5-5f69-4fe5-a844-e7ebbcf03c41" testListId="8c84fa94-04c1-424b-9868-57a2d4851a1d" />
    <TestEntry testId="4347d80b-19f7-e06d-caef-277a011bf971" executionId="12f82456-2ac1-4b9f-a801-3c57656416ea" testListId="8c84fa94-04c1-424b-9868-57a2d4851a1d" />
    <TestEntry testId="284f9bbe-728c-fdce-8c84-66a8d4916b74" executionId="0c95c994-f001-475b-a97c-7628fdd9bc2a" testListId="8c84fa94-04c1-424b-9868-57a2d4851a1d" />
    <TestEntry testId="b92fe475-11af-e5d9-4e0f-6f5ce83c386e" executionId="6b1f2b5f-68c3-4de7-8499-87bf7706541c" testListId="8c84fa94-04c1-424b-9868-57a2d4851a1d" />
    <TestEntry testId="9d50704a-b227-d7a3-39a9-b894a0d5a877" executionId="809778c2-ad06-4c4d-8910-1c3641d5c4be" testListId="8c84fa94-04c1-424b-9868-57a2d4851a1d" />
    <TestEntry testId="67b808f1-3424-c706-0626-61cae95290b0" executionId="e11efdf6-e3f6-4b3d-9a4e-917e49231c2d" testListId="8c84fa94-04c1-424b-9868-57a2d4851a1d" />
    <TestEntry testId="fb85973b-8642-8a59-070d-2778a6c01518" executionId="62e4b743-7763-4d62-9b53-f3ea70321baf" testListId="8c84fa94-04c1-424b-9868-57a2d4851a1d" />
    <TestEntry testId="86260b11-31a2-c0bf-b9cd-f2bbf9751145" executionId="9b7229a1-ceef-473e-b545-482844843618" testListId="8c84fa94-04c1-424b-9868-57a2d4851a1d" />
    <TestEntry testId="081f51aa-0473-38ec-5d39-d05e7a7dd898" executionId="777f80f0-f521-4466-a124-b3c56aeaf608" testListId="8c84fa94-04c1-424b-9868-57a2d4851a1d" />
    <TestEntry testId="48a5ec62-9af9-57c5-3941-8ab94b38f690" executionId="f7822070-19bb-4155-9e51-88ea6883074d" testListId="8c84fa94-04c1-424b-9868-57a2d4851a1d" />
    <TestEntry testId="4bc2dbf4-4d7b-95c4-53ef-acd6ed6fb604" executionId="42390a50-84c1-4c51-926d-e5bc17246e2d" testListId="8c84fa94-04c1-424b-9868-57a2d4851a1d" />
    <TestEntry testId="ab655b06-e7da-ba83-91c6-6676025d835e" executionId="fb7d030b-e2b8-4dc7-a974-874afb0d7c10" testListId="8c84fa94-04c1-424b-9868-57a2d4851a1d" />
    <TestEntry testId="f36e613e-8af1-7694-fe1e-c337099c7740" executionId="f086a0e8-eb15-4926-a0b8-11987e6b766a" testListId="8c84fa94-04c1-424b-9868-57a2d4851a1d" />
    <TestEntry testId="2b4ddf01-34e6-feac-bd63-f83f794c26c5" executionId="0270bc6d-cbba-48bd-bcb4-4a049efb35ef" testListId="8c84fa94-04c1-424b-9868-57a2d4851a1d" />
    <TestEntry testId="56f1303c-bd77-d411-6f2f-5d70cb38dc56" executionId="3ee3b3d5-a622-4e0d-be69-b07cdb158c1e" testListId="8c84fa94-04c1-424b-9868-57a2d4851a1d" />
    <TestEntry testId="303e9c2b-b83c-9a8d-47ab-7f218582b8e3" executionId="35fa9916-c138-433d-9508-47b4eeb6f763" testListId="8c84fa94-04c1-424b-9868-57a2d4851a1d" />
    <TestEntry testId="e5ffa856-2a3d-4756-1353-c73d0329c101" executionId="bd37d749-0796-4643-9c53-2466627c14e3" testListId="8c84fa94-04c1-424b-9868-57a2d4851a1d" />
    <TestEntry testId="96a6c01b-7307-ab09-5ffb-857da77b8125" executionId="7ff11438-9a6d-4078-a016-009ae3299360" testListId="8c84fa94-04c1-424b-9868-57a2d4851a1d" />
    <TestEntry testId="c750f97e-dda7-af8d-a7e5-cad6c9aee199" executionId="2187253a-af2b-462f-a3e3-9d5fe81c5baa" testListId="8c84fa94-04c1-424b-9868-57a2d4851a1d" />
    <TestEntry testId="0af45fc5-5f23-7fbe-155d-cce3f2750d12" executionId="ca5de6ff-3a9c-476c-ad17-ebeb509310de" testListId="8c84fa94-04c1-424b-9868-57a2d4851a1d" />
    <TestEntry testId="6a84dd81-0c57-940b-ae30-24f96fd86b92" executionId="c8a39cc1-7c5b-40e1-8ced-a418c70b1cd5" testListId="8c84fa94-04c1-424b-9868-57a2d4851a1d" />
    <TestEntry testId="4e187832-e6d7-274e-de18-d6e472e9c8b8" executionId="c13f2562-51bc-4366-a1eb-f6209a14e97d" testListId="8c84fa94-04c1-424b-9868-57a2d4851a1d" />
    <TestEntry testId="4dd825a3-3345-47c4-575c-4dfe20a8f4ec" executionId="9f4d51fb-622f-49a8-91f9-bea6ead18ee3" testListId="8c84fa94-04c1-424b-9868-57a2d4851a1d" />
    <TestEntry testId="e1bfabc8-9f04-8734-9894-416f16862390" executionId="c2ef7a64-6e3b-440f-9439-100a668ed423" testListId="8c84fa94-04c1-424b-9868-57a2d4851a1d" />
    <TestEntry testId="71fb2054-74d5-0dc0-6f0f-e7c68fca9316" executionId="ae5f11a5-4baa-44f4-83f6-571f51b10a3a" testListId="8c84fa94-04c1-424b-9868-57a2d4851a1d" />
    <TestEntry testId="dc6af082-e6f7-18e6-ae27-8be735eb8abb" executionId="f86ba08e-2606-4523-aa74-8fd6651f1a2a" testListId="8c84fa94-04c1-424b-9868-57a2d4851a1d" />
    <TestEntry testId="66f00b6b-7e66-d43e-f104-8a2b5185043b" executionId="4913f3f5-9e23-4b3d-8274-1e704c621d4d" testListId="8c84fa94-04c1-424b-9868-57a2d4851a1d" />
    <TestEntry testId="1f0e8cee-aee2-c865-db79-0658a5f7e3b3" executionId="ce3acd35-ff74-4179-afa2-663eff0d9a0c" testListId="8c84fa94-04c1-424b-9868-57a2d4851a1d" />
    <TestEntry testId="4e6172dd-a8ae-4649-46ad-c01f8989b925" executionId="b7345228-9d47-45a0-8407-cb44205af08a" testListId="8c84fa94-04c1-424b-9868-57a2d4851a1d" />
    <TestEntry testId="ded5e78c-3c9a-2cdb-1f2d-a6dc4bedee40" executionId="39db3b19-b83e-4c61-8f08-c80b50db0f71" testListId="8c84fa94-04c1-424b-9868-57a2d4851a1d" />
    <TestEntry testId="efa41d69-047a-862e-3b9a-3e60dad1df59" executionId="97bd0d31-aa4b-4f18-a2c8-c28d6719f8a4" testListId="8c84fa94-04c1-424b-9868-57a2d4851a1d" />
    <TestEntry testId="466caf75-9147-2919-3448-981a8ec4c4ac" executionId="16209b6b-2b25-4f8b-82fe-75a75dfb73f7" testListId="8c84fa94-04c1-424b-9868-57a2d4851a1d" />
    <TestEntry testId="f2c2d0f2-52a5-b67d-67ca-5f196a1da558" executionId="2536b36c-b5fd-4fa5-9fbf-b94b5b5ca450" testListId="8c84fa94-04c1-424b-9868-57a2d4851a1d" />
    <TestEntry testId="dec4d542-ee31-44e2-7823-0250ddb712cd" executionId="bad9a334-7d8d-443e-a2b7-cf5fb17961a8" testListId="8c84fa94-04c1-424b-9868-57a2d4851a1d" />
    <TestEntry testId="a32824ae-7238-9f3a-7ce6-ca85f736eecd" executionId="beb92cf3-3f3b-4b0a-bdf9-e9724558eb2a" testListId="8c84fa94-04c1-424b-9868-57a2d4851a1d" />
    <TestEntry testId="237c61c6-1f2d-6b79-8b65-64735f1ec6bd" executionId="8ab7c9d2-7d55-47dd-a122-b8d0a3c645c4" testListId="8c84fa94-04c1-424b-9868-57a2d4851a1d" />
    <TestEntry testId="40740957-aa3a-aa1e-7f4d-0c7e04db2fce" executionId="d31dc017-d018-4164-8599-0fe80e10070f" testListId="8c84fa94-04c1-424b-9868-57a2d4851a1d" />
    <TestEntry testId="d18f8a01-3ed9-5f14-93b2-142ed3d7ed6c" executionId="bef4aaae-dcce-40be-84a5-0a2c9da0b055" testListId="8c84fa94-04c1-424b-9868-57a2d4851a1d" />
    <TestEntry testId="a446c41e-a2d7-c61d-3fb5-258c083bd6cf" executionId="17798377-b3d1-40e4-83ca-0cd96c0e5e8d" testListId="8c84fa94-04c1-424b-9868-57a2d4851a1d" />
    <TestEntry testId="6f25e87d-dfd4-a691-983e-a932f0aa8e59" executionId="be655d37-5dd8-4cc6-bda5-06680dc91864" testListId="8c84fa94-04c1-424b-9868-57a2d4851a1d" />
    <TestEntry testId="5421f54a-a02f-943d-b2bb-0b6cb00f03bd" executionId="d8854b69-805c-43c5-93ed-c0cab6a9e129" testListId="8c84fa94-04c1-424b-9868-57a2d4851a1d" />
    <TestEntry testId="2591579f-bb00-b03a-a482-62f784ac0bad" executionId="ffa90df1-8c83-495d-bde2-b6a18ecbdac8" testListId="8c84fa94-04c1-424b-9868-57a2d4851a1d" />
    <TestEntry testId="7b3e720a-98f9-c552-ec66-aefc0ee15cd3" executionId="c2fac42b-9d03-4d05-a061-a45458371afb" testListId="8c84fa94-04c1-424b-9868-57a2d4851a1d" />
    <TestEntry testId="32887e39-d2d6-395d-8476-5506e3754a7e" executionId="a5b653f7-ec92-4c5d-8695-a91c2e7fe7c3" testListId="8c84fa94-04c1-424b-9868-57a2d4851a1d" />
    <TestEntry testId="4c1684c0-a2e7-4381-d0c9-50e5430b44d5" executionId="45752dc7-2d03-4b4c-88e4-b64acde15e57" testListId="8c84fa94-04c1-424b-9868-57a2d4851a1d" />
    <TestEntry testId="275244f1-260b-8169-32ed-eb20f650345d" executionId="3c5e0e27-c1d4-4165-a600-a8bcfbd8a33e" testListId="8c84fa94-04c1-424b-9868-57a2d4851a1d" />
    <TestEntry testId="6e2d3c67-3080-1e7b-8e65-c4a3c7af675b" executionId="094d667e-a8bc-4349-94a6-436d61fcdfe3" testListId="8c84fa94-04c1-424b-9868-57a2d4851a1d" />
    <TestEntry testId="19d767e5-20f1-fedf-7a8f-c8f1a86fdf3c" executionId="da20c238-f3c8-4d16-b1bd-56ac51dc2924" testListId="8c84fa94-04c1-424b-9868-57a2d4851a1d" />
    <TestEntry testId="68a85961-9245-ef89-9384-7c147c86200d" executionId="905210b4-7478-466e-874c-2cbf39e253fc" testListId="8c84fa94-04c1-424b-9868-57a2d4851a1d" />
    <TestEntry testId="6cba2c50-94ed-d513-411c-1dad5e4670fc" executionId="5a8cac68-9b2a-472c-8834-8ad1c16f0fa6" testListId="8c84fa94-04c1-424b-9868-57a2d4851a1d" />
    <TestEntry testId="ae60ce96-2a23-7960-98da-758a2ef4dcc2" executionId="12bc338b-9f6d-4ae7-890c-6e63ca7cf453" testListId="8c84fa94-04c1-424b-9868-57a2d4851a1d" />
    <TestEntry testId="c1a4ca7e-58dd-da5f-71c8-6ba4d461996f" executionId="ec0b25b2-a492-4dbd-8637-45370cf3b958" testListId="8c84fa94-04c1-424b-9868-57a2d4851a1d" />
    <TestEntry testId="e6141757-1949-33fd-9164-ebe2f3c18056" executionId="ef11fcbc-bfde-4b51-b926-bb43b139f7b0" testListId="8c84fa94-04c1-424b-9868-57a2d4851a1d" />
    <TestEntry testId="d3aa593b-e5a9-6757-4073-1c7109f8ae34" executionId="3326549c-2855-4e7b-b444-f857a1d0b5c4" testListId="8c84fa94-04c1-424b-9868-57a2d4851a1d" />
    <TestEntry testId="160787b0-1efb-d2b7-8a3c-4607909e6802" executionId="baf2ad86-a8ab-4105-a2ef-ca2655b54a51" testListId="8c84fa94-04c1-424b-9868-57a2d4851a1d" />
    <TestEntry testId="daf4bcf3-541d-b532-1ace-61928ff39f81" executionId="5814f011-23bb-4e6d-8df1-bbc776c813c5" testListId="8c84fa94-04c1-424b-9868-57a2d4851a1d" />
    <TestEntry testId="c91f2bb4-bfe2-3d5a-2d96-cf75d7c69cd6" executionId="0f3e7d16-7688-462c-8d0f-dab18720866c" testListId="8c84fa94-04c1-424b-9868-57a2d4851a1d" />
    <TestEntry testId="f61f78ee-776e-6806-ce8e-707947cc453b" executionId="391c8376-1fd5-4363-b351-f0bcdcb4c748" testListId="8c84fa94-04c1-424b-9868-57a2d4851a1d" />
    <TestEntry testId="46dd2cf8-a790-10e4-882d-8d6a5b52f88d" executionId="4c20bf96-bef4-427d-8f47-386dfbfb2f8d" testListId="8c84fa94-04c1-424b-9868-57a2d4851a1d" />
    <TestEntry testId="3f6f6f9e-8d6b-5b7c-97fa-e5fcc084c74f" executionId="aab8b93c-8c05-4fc6-ae56-51e252f7eb5a" testListId="8c84fa94-04c1-424b-9868-57a2d4851a1d" />
    <TestEntry testId="701480bc-794c-e347-f8dc-b70bf5187b01" executionId="8d44cdce-b8ef-4901-b88b-ed4781d43586" testListId="8c84fa94-04c1-424b-9868-57a2d4851a1d" />
    <TestEntry testId="90f09ce4-a85b-f50e-1814-72145292da2d" executionId="376d209c-d565-4d78-b717-5648d12ef01b" testListId="8c84fa94-04c1-424b-9868-57a2d4851a1d" />
    <TestEntry testId="5f5bcfaf-cfd9-b964-4d3b-0be4872b8e61" executionId="d02ae24e-3f04-4a3a-b5cc-70d26db8ffa5" testListId="8c84fa94-04c1-424b-9868-57a2d4851a1d" />
    <TestEntry testId="907ea4bd-38f6-7f48-c9e6-1f394fd34443" executionId="b5d45123-5a9f-4dae-8742-7a75fc966302" testListId="8c84fa94-04c1-424b-9868-57a2d4851a1d" />
    <TestEntry testId="77d60e7c-643e-6c20-3cd0-1fd3cd3b2695" executionId="2bee9c20-4a0b-40a1-8c4b-caa8d006a218" testListId="8c84fa94-04c1-424b-9868-57a2d4851a1d" />
    <TestEntry testId="4f1d847e-f0c4-8e4c-8126-90a2523dd339" executionId="adfa8dbc-a89e-4218-aae0-223e8134f68f" testListId="8c84fa94-04c1-424b-9868-57a2d4851a1d" />
    <TestEntry testId="b3824d22-3e00-1c68-500f-810bf79cb1ce" executionId="ff744752-60ca-4321-9611-5d4c3aecad4d" testListId="8c84fa94-04c1-424b-9868-57a2d4851a1d" />
    <TestEntry testId="56b675d3-d852-6a04-d666-605aa73761b3" executionId="d4e6b2c9-dee7-498c-a903-9a03aec16c76" testListId="8c84fa94-04c1-424b-9868-57a2d4851a1d" />
    <TestEntry testId="aadbf138-cb2d-aacd-56b6-6bc70de2458c" executionId="f006a4d9-c0fd-4b40-a713-8e46d43e7e02" testListId="8c84fa94-04c1-424b-9868-57a2d4851a1d" />
    <TestEntry testId="2778d050-be18-0e1b-eac3-753c3cbeca39" executionId="7d6117a4-916b-430a-aa05-ed71aa8c3e8c" testListId="8c84fa94-04c1-424b-9868-57a2d4851a1d" />
    <TestEntry testId="5e32974e-efed-22fb-edf9-d7bb324b61c3" executionId="c05bd2d2-03c6-4488-b3f4-71eefa468f0b" testListId="8c84fa94-04c1-424b-9868-57a2d4851a1d" />
    <TestEntry testId="017b84c0-d041-5ec5-367a-bfeae91ba208" executionId="686fade7-1722-45c4-9acd-8af4c4bade70" testListId="8c84fa94-04c1-424b-9868-57a2d4851a1d" />
    <TestEntry testId="af410c3c-f253-5fd0-9db8-de46a7d0f5fe" executionId="42a54a57-c4dd-47a4-8f2a-c19b9ffc187d" testListId="8c84fa94-04c1-424b-9868-57a2d4851a1d" />
    <TestEntry testId="58810f2f-120a-dde5-f64a-e389418b9f70" executionId="1c8455b7-cda4-4f3d-97aa-15f4cc9ee63f" testListId="8c84fa94-04c1-424b-9868-57a2d4851a1d" />
    <TestEntry testId="229736e4-e626-8640-1665-cf30e4fb5f47" executionId="98c304fb-fe84-4b1b-9761-5a54ffd1416d" testListId="8c84fa94-04c1-424b-9868-57a2d4851a1d" />
    <TestEntry testId="81d66d52-8188-08f0-3991-7d18e0bec362" executionId="1716c2e6-209d-43e5-9e8d-2d8fb19df8c1" testListId="8c84fa94-04c1-424b-9868-57a2d4851a1d" />
    <TestEntry testId="5a7c7526-dbb1-3787-def7-1b33c31dd0d7" executionId="b1d088c1-5f0d-48cf-a909-2c630f08ac4a" testListId="8c84fa94-04c1-424b-9868-57a2d4851a1d" />
    <TestEntry testId="114346b0-fd0c-f14f-c636-286c8a30704e" executionId="9525365b-610f-474e-a68d-4399b0347871" testListId="8c84fa94-04c1-424b-9868-57a2d4851a1d" />
    <TestEntry testId="d112d793-2e94-bed3-e25b-2d1af937a1e4" executionId="75cf5893-a619-44e2-bc92-c538e130476e" testListId="8c84fa94-04c1-424b-9868-57a2d4851a1d" />
    <TestEntry testId="e45411d7-d681-5609-09bb-285dbf9df069" executionId="fc5c46be-ebd9-4235-8697-98a1ec74211f" testListId="8c84fa94-04c1-424b-9868-57a2d4851a1d" />
    <TestEntry testId="13a897e0-f375-521a-df84-96ce547f4800" executionId="635a0f9d-0be7-4c25-a988-fe921170fcf7" testListId="8c84fa94-04c1-424b-9868-57a2d4851a1d" />
    <TestEntry testId="d3963586-e2ca-4e80-b578-88a902fe01e7" executionId="2a6685db-fc0d-4f0f-bcd7-f5f2d897c642" testListId="8c84fa94-04c1-424b-9868-57a2d4851a1d" />
    <TestEntry testId="52e83c3f-2bec-88c9-7c60-dae6bc617340" executionId="55411999-dda0-499f-b3ad-cccda14c8371" testListId="8c84fa94-04c1-424b-9868-57a2d4851a1d" />
    <TestEntry testId="a60ad471-5145-4543-967b-f726d62bddba" executionId="7bdd2fee-2b19-42ad-93b4-561ce3a6be65" testListId="8c84fa94-04c1-424b-9868-57a2d4851a1d" />
    <TestEntry testId="6540102f-53e3-717e-261b-01f05cff9c00" executionId="ff2ef252-0360-425d-a32c-1645b0bdf463" testListId="8c84fa94-04c1-424b-9868-57a2d4851a1d" />
    <TestEntry testId="7c12a820-76ca-f90c-b690-f1efcde03290" executionId="3febbc03-c826-47ee-8d2b-af53976027e8" testListId="8c84fa94-04c1-424b-9868-57a2d4851a1d" />
    <TestEntry testId="5a3b7081-56d0-2ca3-77b9-ccdb29902878" executionId="f7d2d571-b547-48f9-b32f-c3573d585a6c" testListId="8c84fa94-04c1-424b-9868-57a2d4851a1d" />
    <TestEntry testId="a09333b2-f10a-bc2b-8099-668cd5240c5d" executionId="9900aaba-fd49-443a-951a-6fd2995a0620" testListId="8c84fa94-04c1-424b-9868-57a2d4851a1d" />
    <TestEntry testId="63f8f19d-81ae-3bb0-eb37-dee460c33487" executionId="2380d901-b18c-4725-9f94-c6757c12a065" testListId="8c84fa94-04c1-424b-9868-57a2d4851a1d" />
    <TestEntry testId="33ed9017-7e7c-361a-8faa-044865994803" executionId="0e53a5d0-4b2f-42ec-b01b-9aa41cdac91f" testListId="8c84fa94-04c1-424b-9868-57a2d4851a1d" />
    <TestEntry testId="7abc69b9-3a95-a1b8-64e1-e290890b2be0" executionId="9cfc00cb-5369-4b85-9ab0-7274044101f4" testListId="8c84fa94-04c1-424b-9868-57a2d4851a1d" />
    <TestEntry testId="75d50189-0337-ea36-24ba-1508c78257cc" executionId="eb8008ce-e941-4aad-8907-166f28d68e85" testListId="8c84fa94-04c1-424b-9868-57a2d4851a1d" />
    <TestEntry testId="67400dc0-2be8-6421-c6f9-06c2f3c9beb6" executionId="d5a5a662-c2c5-4c57-9be7-5f7afdf7b4ba" testListId="8c84fa94-04c1-424b-9868-57a2d4851a1d" />
    <TestEntry testId="9295c6d5-381d-235c-2ad2-b93bd04edb90" executionId="fbacbef9-9809-4f43-b1bc-4364486ef9d8" testListId="8c84fa94-04c1-424b-9868-57a2d4851a1d" />
    <TestEntry testId="0a450331-8760-b921-9350-6f9b8db96189" executionId="f644c548-26d2-4870-a4a4-f3ce47538104" testListId="8c84fa94-04c1-424b-9868-57a2d4851a1d" />
    <TestEntry testId="e3808a39-6626-04fc-4a46-f479127fa804" executionId="927ad376-0dfe-4032-96c3-02dbdfc2cad6" testListId="8c84fa94-04c1-424b-9868-57a2d4851a1d" />
    <TestEntry testId="0fe591bd-5294-b0b8-b514-391806a3b142" executionId="6107fccd-3b5c-4dd4-9d21-86760d8c6b52" testListId="8c84fa94-04c1-424b-9868-57a2d4851a1d" />
    <TestEntry testId="346c6662-0edd-cc36-ad4f-90e5d7ae9dff" executionId="c64f9a4d-8ecf-4151-9d86-cefb240268dc" testListId="8c84fa94-04c1-424b-9868-57a2d4851a1d" />
    <TestEntry testId="e38d521a-d8ef-d897-1466-b34349cd481c" executionId="f4001ab7-86fb-4483-88ec-e87cf781c44c" testListId="8c84fa94-04c1-424b-9868-57a2d4851a1d" />
    <TestEntry testId="8f101769-b224-d5b5-9226-fb891fbfd579" executionId="c7864f5d-b2f7-4f49-806f-1b55bd1aa88b" testListId="8c84fa94-04c1-424b-9868-57a2d4851a1d" />
    <TestEntry testId="81082d72-a555-e204-63e6-057001f26d29" executionId="807c0663-e6a0-44b6-8198-1914959c9fdb" testListId="8c84fa94-04c1-424b-9868-57a2d4851a1d" />
    <TestEntry testId="357f1d80-bf4c-c33a-7f7f-9813a78197d6" executionId="f4371e53-671a-484d-8006-2bf5373ebebb" testListId="8c84fa94-04c1-424b-9868-57a2d4851a1d" />
    <TestEntry testId="c716316b-4173-8c15-b7a2-0d312c5ddde0" executionId="96eec968-5b03-4b58-a387-f64dc0f54f9e" testListId="8c84fa94-04c1-424b-9868-57a2d4851a1d" />
    <TestEntry testId="9b3cfa10-15f6-641d-d610-9fb90dcc2420" executionId="7b314d6e-ae50-4938-8e5e-e1ed445db258" testListId="8c84fa94-04c1-424b-9868-57a2d4851a1d" />
    <TestEntry testId="002367fe-4f76-ffa5-1fac-d1fee281a0ba" executionId="1f5a2edd-1d2d-4a2f-bd6e-05c56e37f2c2" testListId="8c84fa94-04c1-424b-9868-57a2d4851a1d" />
    <TestEntry testId="d214d9bf-c979-4d01-7b7e-9ec0a3b519be" executionId="567654bb-5d39-4d1f-a914-c4d942dc570d" testListId="8c84fa94-04c1-424b-9868-57a2d4851a1d" />
    <TestEntry testId="1fdb4f22-5a36-01a8-1855-f965a4a85cda" executionId="e151dc1e-907c-4504-85d2-38a4bedcc588" testListId="8c84fa94-04c1-424b-9868-57a2d4851a1d" />
    <TestEntry testId="d5e75387-5861-e45f-bd5e-55e1328985a3" executionId="0426cace-4da4-4d2f-b8f6-d9f7a875abd3" testListId="8c84fa94-04c1-424b-9868-57a2d4851a1d" />
    <TestEntry testId="be1834c1-3cb8-0877-f11f-759d3416c3b6" executionId="3ff61719-63e8-419e-894a-306e1d1146f7" testListId="8c84fa94-04c1-424b-9868-57a2d4851a1d" />
    <TestEntry testId="1d88f3ee-2148-4435-1f51-6e187f3a8f8a" executionId="6b5597c7-0e6a-4a5c-975e-632dd04340e3" testListId="8c84fa94-04c1-424b-9868-57a2d4851a1d" />
    <TestEntry testId="a0ec3c59-43eb-f219-9588-0746bc9109a3" executionId="0c84ffed-9404-414a-9168-0de6d125be5b" testListId="8c84fa94-04c1-424b-9868-57a2d4851a1d" />
    <TestEntry testId="9603258b-9293-f1c7-573c-f9bb95b92fab" executionId="9cdb1062-6c69-4e3e-9b2a-6eb5c20520b5" testListId="8c84fa94-04c1-424b-9868-57a2d4851a1d" />
    <TestEntry testId="c61c9d73-dda0-6953-3043-f3e6255aa186" executionId="3f3590c0-fea1-4eee-90de-9278f19f871a" testListId="8c84fa94-04c1-424b-9868-57a2d4851a1d" />
    <TestEntry testId="a2424176-655c-fb0b-22a0-4128920a29db" executionId="1a067bd2-52e4-4c15-af1c-37af0e108fb8" testListId="8c84fa94-04c1-424b-9868-57a2d4851a1d" />
    <TestEntry testId="baa2ee8d-7419-884e-fbda-a4096ed36542" executionId="62ffd295-904d-401c-92ed-8dc330de02f2" testListId="8c84fa94-04c1-424b-9868-57a2d4851a1d" />
    <TestEntry testId="bbdc8830-7862-5302-411c-040e318e8f70" executionId="f43741e6-8c75-41ce-bb2e-bdee4fc1809d" testListId="8c84fa94-04c1-424b-9868-57a2d4851a1d" />
    <TestEntry testId="4eca8843-35a3-b741-8711-c5436301e264" executionId="4aac0717-5c46-46e3-80f7-097f20e6f88d" testListId="8c84fa94-04c1-424b-9868-57a2d4851a1d" />
    <TestEntry testId="8c7f23de-4825-a330-b941-09191ec939d3" executionId="2c0c63f7-066f-4202-bfa2-ee708b46d3da" testListId="8c84fa94-04c1-424b-9868-57a2d4851a1d" />
    <TestEntry testId="8a73d751-7991-d109-adb1-43f8de641f5f" executionId="df4f7f6c-c8c4-4d76-92d0-50b8078fbd26" testListId="8c84fa94-04c1-424b-9868-57a2d4851a1d" />
    <TestEntry testId="3416710f-7f2b-30de-6fba-ccb66a1f8d4a" executionId="3acce359-c304-4fc0-b435-77eddd836e78" testListId="8c84fa94-04c1-424b-9868-57a2d4851a1d" />
    <TestEntry testId="6aa0ad0c-ce2a-1ae2-99d8-fcadab3a7add" executionId="61bbe698-4dbf-4451-ba79-5d48a921268f" testListId="8c84fa94-04c1-424b-9868-57a2d4851a1d" />
    <TestEntry testId="0e103695-05d1-7061-85b7-e9b693599e18" executionId="817ce029-ebfc-4598-828a-7164b30a307e" testListId="8c84fa94-04c1-424b-9868-57a2d4851a1d" />
    <TestEntry testId="95ec9315-2124-92d2-df37-cd2df12d7f21" executionId="17cee6c9-3f31-421a-801f-de9f617fe864" testListId="8c84fa94-04c1-424b-9868-57a2d4851a1d" />
    <TestEntry testId="8b1b2bbb-0a07-9f48-24fa-4014225300ee" executionId="4b6eb0eb-e633-4279-a2a0-16a93d8856f7" testListId="8c84fa94-04c1-424b-9868-57a2d4851a1d" />
    <TestEntry testId="e17d0d65-c0f5-823b-3b4b-8a272abd951c" executionId="44b5ab66-a060-4866-91a3-22bb5763e489" testListId="8c84fa94-04c1-424b-9868-57a2d4851a1d" />
    <TestEntry testId="75a80a46-3e28-4e58-89f5-a07382154d8f" executionId="bc7bb7dc-4f65-4dbe-9578-161bed4ab98f" testListId="8c84fa94-04c1-424b-9868-57a2d4851a1d" />
    <TestEntry testId="7d88b10d-ba74-c0cc-940c-36cf86d367fe" executionId="367206e8-a74e-4db9-875c-5b22dd60fcc9" testListId="8c84fa94-04c1-424b-9868-57a2d4851a1d" />
    <TestEntry testId="07f683e9-fcfc-a97b-4836-6544efd7827d" executionId="545da71e-9732-4dfe-86ba-b8e46e0173e8" testListId="8c84fa94-04c1-424b-9868-57a2d4851a1d" />
    <TestEntry testId="6ac53b5c-7cd2-8f9d-1e23-a01593f44a06" executionId="8e024ec8-1a0a-461d-a8a5-58e3e77e0667" testListId="8c84fa94-04c1-424b-9868-57a2d4851a1d" />
    <TestEntry testId="e16c19c6-63a6-b892-b6c4-e3e509cc27d9" executionId="ff8d7fc8-d316-4843-b25e-a0f113d7a83e" testListId="8c84fa94-04c1-424b-9868-57a2d4851a1d" />
    <TestEntry testId="938a6a0f-925c-2381-ee5e-bf7971b9771b" executionId="26b90eff-97c3-4393-93c0-0d929a5eeebe" testListId="8c84fa94-04c1-424b-9868-57a2d4851a1d" />
    <TestEntry testId="000ee0da-ca82-cbe1-fd94-939f4b297425" executionId="4608f478-90f3-435b-beaf-23c55a4b14a1" testListId="8c84fa94-04c1-424b-9868-57a2d4851a1d" />
    <TestEntry testId="a9a0a623-de99-ffd6-5c43-ed9a99915615" executionId="9141d2b0-3fc9-4a3e-a59b-393fcb975f8c" testListId="8c84fa94-04c1-424b-9868-57a2d4851a1d" />
    <TestEntry testId="f978fc6b-dcf1-e1b9-355c-6fcb1045a872" executionId="3e45c683-e233-423e-a848-3eddd26822a5" testListId="8c84fa94-04c1-424b-9868-57a2d4851a1d" />
    <TestEntry testId="bf371bb9-d33a-35c0-72da-089829f58fdc" executionId="83d6caab-6c11-4ed2-a887-5cbd042f6686" testListId="8c84fa94-04c1-424b-9868-57a2d4851a1d" />
    <TestEntry testId="ee183c42-8169-b412-bfe9-e9d7ac90c9a4" executionId="3454ab0b-9f94-4f5b-b309-5ef35ff81b51" testListId="8c84fa94-04c1-424b-9868-57a2d4851a1d" />
    <TestEntry testId="71d86dd6-367d-5902-c936-70dc223913e1" executionId="3e254b78-7af3-48bd-bed9-79278a9f4d1e" testListId="8c84fa94-04c1-424b-9868-57a2d4851a1d" />
    <TestEntry testId="44b1d068-c95b-4b39-daad-8af25da5f591" executionId="8c0ce758-c15f-4bc5-b955-3bf84423eca7" testListId="8c84fa94-04c1-424b-9868-57a2d4851a1d" />
    <TestEntry testId="403c4e51-5e40-a145-92da-61e89f4ace2f" executionId="72e58bd9-ebf8-429a-b709-d11b326ea526" testListId="8c84fa94-04c1-424b-9868-57a2d4851a1d" />
    <TestEntry testId="bf083934-02bd-da8e-82a4-0acf0a077e53" executionId="346e7ca0-4c69-461f-b75f-9322ba7ff799" testListId="8c84fa94-04c1-424b-9868-57a2d4851a1d" />
    <TestEntry testId="8b100791-a571-8d3b-d8ba-0fa5bc0bdb14" executionId="3a4ed15a-d7b7-4d5e-93b9-9b978d046282" testListId="8c84fa94-04c1-424b-9868-57a2d4851a1d" />
    <TestEntry testId="e3aa2b3a-2115-a524-d4fb-137c0c750156" executionId="73249761-1099-4299-8b08-408378ba4820" testListId="8c84fa94-04c1-424b-9868-57a2d4851a1d" />
    <TestEntry testId="98e6239d-900e-ef9b-d147-c65df38299e5" executionId="793e46e7-5d02-47d4-a8f7-ba7d577555c7" testListId="8c84fa94-04c1-424b-9868-57a2d4851a1d" />
    <TestEntry testId="f4f2bfbe-d51e-17bb-1c22-7669c0e25469" executionId="cb7e056d-bf7b-4bbe-b7f5-89b27a5e0283" testListId="8c84fa94-04c1-424b-9868-57a2d4851a1d" />
    <TestEntry testId="53f5e0ed-a10d-c8d7-09b2-0ab0c77c3c1e" executionId="70ac0926-a95d-4c55-ba6c-c1c64962cabf" testListId="8c84fa94-04c1-424b-9868-57a2d4851a1d" />
    <TestEntry testId="fc6d4e05-e972-9b67-7fd5-ed8afffa3d04" executionId="a4e75b2d-91bd-4625-8313-680ffef4da8c" testListId="8c84fa94-04c1-424b-9868-57a2d4851a1d" />
    <TestEntry testId="fafa9852-426b-6b05-2684-4864e7941f0d" executionId="2e1939f1-1ca7-4810-a489-70ecf6c8314e" testListId="8c84fa94-04c1-424b-9868-57a2d4851a1d" />
    <TestEntry testId="4c473b77-5141-9692-a6bc-fdecd1328753" executionId="43e3de96-65c9-4a9d-9658-4686ec1d84b5" testListId="8c84fa94-04c1-424b-9868-57a2d4851a1d" />
    <TestEntry testId="2bf46f67-6735-8fe7-01a5-c799708dd839" executionId="a628b870-f6df-4d19-b1b2-a411f3ce933b" testListId="8c84fa94-04c1-424b-9868-57a2d4851a1d" />
    <TestEntry testId="cd6e2b9e-9f67-f804-8b85-5013159a56e8" executionId="796f4b16-3ec4-435f-9ad0-e753e4da0617" testListId="8c84fa94-04c1-424b-9868-57a2d4851a1d" />
    <TestEntry testId="550966a6-bbcc-4995-d41a-ce48c1a7afe5" executionId="fc60b5b4-cce2-459a-a098-5196ca4d0bf3" testListId="8c84fa94-04c1-424b-9868-57a2d4851a1d" />
    <TestEntry testId="9e872515-5269-fd11-ee3a-0400c7b6cc18" executionId="d33cfb2a-b8fb-49dd-93dc-1061d29e9a24" testListId="8c84fa94-04c1-424b-9868-57a2d4851a1d" />
    <TestEntry testId="1bb18234-8df6-ac7b-6641-714d9c785229" executionId="bf7019ba-959b-4df0-b876-cb6a7577a7f2" testListId="8c84fa94-04c1-424b-9868-57a2d4851a1d" />
    <TestEntry testId="9c2c1bd9-2a2a-c166-0951-28f8ec3b71c2" executionId="cef40ca9-4956-4ef2-b054-ddde91ab6268" testListId="8c84fa94-04c1-424b-9868-57a2d4851a1d" />
    <TestEntry testId="8d8b4499-7d5a-f585-2c5d-08a09dc2d28e" executionId="4430bbdb-cfca-49e5-9871-dbb0380c184d" testListId="8c84fa94-04c1-424b-9868-57a2d4851a1d" />
    <TestEntry testId="af243bb7-2497-e4e2-f004-65289b8ac189" executionId="bb3427c7-5800-4aa4-bfc6-c46462e92226" testListId="8c84fa94-04c1-424b-9868-57a2d4851a1d" />
    <TestEntry testId="36d446b4-f7a6-82f4-b811-f718141f12a6" executionId="63e6daba-1f16-455d-b500-982465aecbee" testListId="8c84fa94-04c1-424b-9868-57a2d4851a1d" />
    <TestEntry testId="680db675-7d70-5c15-5383-abec258f0d3c" executionId="63f2d279-bf94-4795-b7d9-43116915377e" testListId="8c84fa94-04c1-424b-9868-57a2d4851a1d" />
    <TestEntry testId="4abfd303-145b-aaaf-d908-db43e32b70f9" executionId="9440b5b0-bcbf-4600-8fd2-2119c7f09913" testListId="8c84fa94-04c1-424b-9868-57a2d4851a1d" />
    <TestEntry testId="eb783c97-e276-1c62-fa4b-42372d4256f9" executionId="4b6fe10c-1044-4ce1-8a34-7ed97ba43c2d" testListId="8c84fa94-04c1-424b-9868-57a2d4851a1d" />
    <TestEntry testId="004ff7b0-cbff-4a7d-975f-b69ec93a62c2" executionId="6b28d886-46ad-4945-815c-3e654d4f5b43" testListId="8c84fa94-04c1-424b-9868-57a2d4851a1d" />
    <TestEntry testId="e58a0d93-6593-9fa6-846c-b3b312bc33fa" executionId="72f46c35-24e7-4da2-81d1-dc59c8e4268a" testListId="8c84fa94-04c1-424b-9868-57a2d4851a1d" />
    <TestEntry testId="3783207c-0994-a414-b926-d293477c64b8" executionId="65b80ccb-0725-48b9-bbf1-f9d421b51ac3" testListId="8c84fa94-04c1-424b-9868-57a2d4851a1d" />
    <TestEntry testId="26df80e7-3a90-605e-f925-16b6d478c788" executionId="aaaf4708-957c-4002-a4ad-023a666f77a8" testListId="8c84fa94-04c1-424b-9868-57a2d4851a1d" />
    <TestEntry testId="4a271c8b-f717-5134-7b1b-028baff8810b" executionId="8393f54e-bbbd-49d4-8ad3-26ec655f3c1f" testListId="8c84fa94-04c1-424b-9868-57a2d4851a1d" />
    <TestEntry testId="f93f42bb-5da8-211b-13aa-634298979707" executionId="4a3d74ee-3304-48e6-a917-9ca95905292b" testListId="8c84fa94-04c1-424b-9868-57a2d4851a1d" />
    <TestEntry testId="738f574b-be84-9882-b212-75f98e3d3994" executionId="582fc966-cbb0-42c1-bcbf-5df6a750bcc4" testListId="8c84fa94-04c1-424b-9868-57a2d4851a1d" />
    <TestEntry testId="a7701d02-1efd-9241-2671-8b40eb52b3c6" executionId="98a0ac0a-d3a0-4cd1-81fd-553a4246d6a6" testListId="8c84fa94-04c1-424b-9868-57a2d4851a1d" />
    <TestEntry testId="7b5a5011-8ead-4a1a-b27f-f4fe1ca00646" executionId="80a51695-1130-4473-bfe4-bd93da77ea09" testListId="8c84fa94-04c1-424b-9868-57a2d4851a1d" />
    <TestEntry testId="cbadf323-978d-feac-6b8c-ad70a7d953f8" executionId="87f0afff-98c2-440e-957b-f725d59476ac" testListId="8c84fa94-04c1-424b-9868-57a2d4851a1d" />
    <TestEntry testId="217604e7-6db4-012e-0a6a-1649f099f543" executionId="ead84a41-b760-462a-bebe-bff8cb8afa90" testListId="8c84fa94-04c1-424b-9868-57a2d4851a1d" />
    <TestEntry testId="ce22bdda-0f72-3167-91e6-e08a408aba11" executionId="7e061766-2d1e-48dd-a5b3-7ebb463f6a33" testListId="8c84fa94-04c1-424b-9868-57a2d4851a1d" />
    <TestEntry testId="adb48672-2eac-7363-7f29-632c9a4e67c2" executionId="2c706da0-9c0b-4feb-86be-b9ffabec9c7b" testListId="8c84fa94-04c1-424b-9868-57a2d4851a1d" />
    <TestEntry testId="2da1f0d6-58b2-9512-705e-b8c09a60c00e" executionId="0b42900f-5caf-4e0c-b9b5-58a28bb629b8" testListId="8c84fa94-04c1-424b-9868-57a2d4851a1d" />
    <TestEntry testId="b86559c3-e87a-12ca-e3c8-ff77b6bb3945" executionId="5ebca66e-986a-4934-a390-535e6e3dbf14" testListId="8c84fa94-04c1-424b-9868-57a2d4851a1d" />
    <TestEntry testId="36b001ef-f209-92e0-c905-a05873818879" executionId="3bd38229-3393-49b7-b11d-7ed985bf2c4f" testListId="8c84fa94-04c1-424b-9868-57a2d4851a1d" />
    <TestEntry testId="6a279228-cef0-ee53-5d2a-fffd8e3d09df" executionId="c79ad32c-4a2f-4093-81d6-ff279be7f413" testListId="8c84fa94-04c1-424b-9868-57a2d4851a1d" />
    <TestEntry testId="b79a46ba-f324-98d6-56e4-62dd91ee450a" executionId="15ed3c11-4f0d-4ac6-baf8-1b6f71328590" testListId="8c84fa94-04c1-424b-9868-57a2d4851a1d" />
    <TestEntry testId="843d022d-7ec7-2445-18f9-50d152325c1d" executionId="0578c70c-a596-4ecc-b564-5a0e108fd339" testListId="8c84fa94-04c1-424b-9868-57a2d4851a1d" />
    <TestEntry testId="0da80a08-ca3c-7829-f6f5-00c58a9eeb90" executionId="f70d7f7b-e934-47d9-a2ae-4755a8df38c2" testListId="8c84fa94-04c1-424b-9868-57a2d4851a1d" />
    <TestEntry testId="a238520c-0691-f91c-9bea-8ed5e0feceeb" executionId="fe55750a-aab6-4e68-beb5-352193b30778" testListId="8c84fa94-04c1-424b-9868-57a2d4851a1d" />
    <TestEntry testId="b59faecf-6f2e-dbb5-b5da-4e8c965aa622" executionId="cbb983fe-58fa-4c62-8459-e7286bed3496" testListId="8c84fa94-04c1-424b-9868-57a2d4851a1d" />
    <TestEntry testId="a05419fb-fa34-bae2-fbb2-d46c53d46cfa" executionId="c9d375b8-4bbd-48b9-8327-d26241a81337" testListId="8c84fa94-04c1-424b-9868-57a2d4851a1d" />
    <TestEntry testId="98cf208a-6989-033b-bddf-d928a0690081" executionId="2f4d04ff-0a05-41f6-84f3-4ca5a1ebbb8f" testListId="8c84fa94-04c1-424b-9868-57a2d4851a1d" />
    <TestEntry testId="eae9acd1-08ab-2e6a-b6e3-33ad1a80573f" executionId="6ef1cff3-23b1-414f-ad47-bd42a2ea5a7b" testListId="8c84fa94-04c1-424b-9868-57a2d4851a1d" />
    <TestEntry testId="3bc16559-3f1a-487f-4d9b-ee3c1eff2335" executionId="884b8a1e-3d71-4335-bc1c-bbd720fcb217" testListId="8c84fa94-04c1-424b-9868-57a2d4851a1d" />
    <TestEntry testId="00bb520d-7eb6-d24c-9557-f3fca3618123" executionId="06a92fcd-b50f-42bc-a64f-30ba896cafc3" testListId="8c84fa94-04c1-424b-9868-57a2d4851a1d" />
    <TestEntry testId="476b0c76-e6b5-6271-7e54-845594595bc8" executionId="d7a8a599-d688-44fe-b267-c998f8caca16" testListId="8c84fa94-04c1-424b-9868-57a2d4851a1d" />
    <TestEntry testId="74f5e4a5-156f-e5fa-3912-1acc1239d040" executionId="82d33c39-2475-4c36-b649-c39e41f26ace" testListId="8c84fa94-04c1-424b-9868-57a2d4851a1d" />
    <TestEntry testId="681f0015-fec7-0905-a553-b0e79b4d8d7f" executionId="5c7d1af5-79c4-4b42-9018-b657a5f22b00" testListId="8c84fa94-04c1-424b-9868-57a2d4851a1d" />
    <TestEntry testId="b73775d0-ec90-51db-86a9-2842703c350a" executionId="15921146-801d-437f-a3db-1b9459762758" testListId="8c84fa94-04c1-424b-9868-57a2d4851a1d" />
    <TestEntry testId="368193ca-abd8-bca1-3e99-48db0eca7bfc" executionId="32f2eec2-e61c-40af-bfe1-4897b02c976a" testListId="8c84fa94-04c1-424b-9868-57a2d4851a1d" />
    <TestEntry testId="0e4a4fd7-6670-968d-49ed-29500bf79202" executionId="97c7c785-3f20-4e30-a71e-fc7fe6480498" testListId="8c84fa94-04c1-424b-9868-57a2d4851a1d" />
    <TestEntry testId="a14652c6-fdd8-386f-4941-8b34becaae32" executionId="19fb0be0-94ab-46f8-97c5-a8af76a26a80" testListId="8c84fa94-04c1-424b-9868-57a2d4851a1d" />
    <TestEntry testId="39e90891-1755-09db-4d1c-c4c73e640727" executionId="23545d81-6807-428f-9eb0-027322fa4741" testListId="8c84fa94-04c1-424b-9868-57a2d4851a1d" />
    <TestEntry testId="e30731ec-43c6-5ac1-37df-96bb816e2e6e" executionId="10313af6-cdac-4cae-9c84-13df15ba6bce" testListId="8c84fa94-04c1-424b-9868-57a2d4851a1d" />
    <TestEntry testId="028837c7-ad39-d1f0-5344-2d64886044c8" executionId="35ae5255-3ee2-4e31-bca5-a5ae8c3202fc" testListId="8c84fa94-04c1-424b-9868-57a2d4851a1d" />
    <TestEntry testId="3f7b061b-9bd8-be66-3398-f580790975a1" executionId="b9a1ec38-8921-43a5-84c8-25953f698cc8" testListId="8c84fa94-04c1-424b-9868-57a2d4851a1d" />
    <TestEntry testId="a83c55d9-b4b3-f28e-764f-b9b4aa5db19f" executionId="842f2363-f6fd-413b-befd-f0afb59d2aa5" testListId="8c84fa94-04c1-424b-9868-57a2d4851a1d" />
    <TestEntry testId="afec90f6-9620-161f-dfc2-32352e356193" executionId="1135d3e4-0495-48d6-849d-2759e5c08a20" testListId="8c84fa94-04c1-424b-9868-57a2d4851a1d" />
    <TestEntry testId="a5600f2d-e677-9440-1ef3-65c53524b73d" executionId="71017173-457a-45a8-a9c3-e6b071758f2e" testListId="8c84fa94-04c1-424b-9868-57a2d4851a1d" />
    <TestEntry testId="321bae8d-4b23-8ae4-5b88-5171b0e824e4" executionId="d6e82364-05b0-464c-9974-f0daf82cb8dc" testListId="8c84fa94-04c1-424b-9868-57a2d4851a1d" />
    <TestEntry testId="6db4613b-cb5a-a295-9422-b05106c1521b" executionId="13bb7f12-c529-4f59-8bad-77e8d30a6c4a" testListId="8c84fa94-04c1-424b-9868-57a2d4851a1d" />
    <TestEntry testId="9e0c2ec8-5eaf-e430-242e-e3a4a1117926" executionId="a60ecd31-9883-4cc7-8422-9939b6a14a59" testListId="8c84fa94-04c1-424b-9868-57a2d4851a1d" />
    <TestEntry testId="e9ddef06-7dfd-fff2-8df3-6a0be02fd7d9" executionId="96df8d81-a146-4eb8-81aa-f579c197cd02" testListId="8c84fa94-04c1-424b-9868-57a2d4851a1d" />
    <TestEntry testId="c60130b7-97e5-1a5f-9286-3db764dfef7d" executionId="3ef2328f-66ad-4e69-bf16-7e92c4359e42" testListId="8c84fa94-04c1-424b-9868-57a2d4851a1d" />
    <TestEntry testId="9981af29-f413-bc75-f232-824ab5f47c5e" executionId="d6a92310-c020-4d16-a23b-447ebf8313ba" testListId="8c84fa94-04c1-424b-9868-57a2d4851a1d" />
    <TestEntry testId="044d0f6a-b329-ed6e-1689-3b6bd6c4e587" executionId="c4d8b87a-0a06-4bdf-b4d7-f13eebf9b633" testListId="8c84fa94-04c1-424b-9868-57a2d4851a1d" />
    <TestEntry testId="75f57e5a-f3d7-e861-6737-1c0304792061" executionId="fc39e86b-2e1c-4492-add7-efe4b098cc01" testListId="8c84fa94-04c1-424b-9868-57a2d4851a1d" />
    <TestEntry testId="9071ed67-966f-b1ae-e980-c083f720d08b" executionId="4a9e05e5-b25d-4429-a34c-81c2e95c1344" testListId="8c84fa94-04c1-424b-9868-57a2d4851a1d" />
    <TestEntry testId="843d022d-7ec7-2445-18f9-50d152325c1d" executionId="963b6ac4-b85a-4d6a-83e6-177bc731b590" testListId="8c84fa94-04c1-424b-9868-57a2d4851a1d" />
    <TestEntry testId="2c12d7fd-8a2e-6665-485d-62246fe5579a" executionId="c5b18d51-e315-4b78-b134-3121fa27b71d" testListId="8c84fa94-04c1-424b-9868-57a2d4851a1d" />
    <TestEntry testId="4f9ccf09-01c7-bb0c-873e-d0e8496ff122" executionId="fd84c546-63de-401c-a1d0-8acb090c1e24" testListId="8c84fa94-04c1-424b-9868-57a2d4851a1d" />
    <TestEntry testId="950aeb7f-7cec-78f7-24fb-dace29f10a19" executionId="603732fb-6788-41fa-9292-98cf6f6bb5e1" testListId="8c84fa94-04c1-424b-9868-57a2d4851a1d" />
    <TestEntry testId="08a90619-da84-380e-ed0e-dc7c7348d1d7" executionId="3546abb6-5d41-4cb7-ba1f-47344ec242a7" testListId="8c84fa94-04c1-424b-9868-57a2d4851a1d" />
    <TestEntry testId="66d84296-71e8-000e-094d-50c5e3b925a5" executionId="15bf6528-133e-42c0-8610-72f3e91f0c2f" testListId="8c84fa94-04c1-424b-9868-57a2d4851a1d" />
    <TestEntry testId="48d24184-8e01-c4ac-6f97-2c911c31572e" executionId="6b512d4e-9b6e-44b2-b497-64a719b6e5c3" testListId="8c84fa94-04c1-424b-9868-57a2d4851a1d" />
    <TestEntry testId="949b11ab-2e2b-305b-de35-2bb0f2255527" executionId="e49954f5-1f52-44bb-96a6-d311e1d895b4" testListId="8c84fa94-04c1-424b-9868-57a2d4851a1d" />
    <TestEntry testId="f30472ac-a944-bd45-9054-2cf614ac9580" executionId="502fc344-93e6-4bdc-908a-7a79e92a364e" testListId="8c84fa94-04c1-424b-9868-57a2d4851a1d" />
    <TestEntry testId="98434a80-fdf6-c589-8491-27597fe52c2d" executionId="82415978-f889-4bfb-b084-03042dfec1c1" testListId="8c84fa94-04c1-424b-9868-57a2d4851a1d" />
    <TestEntry testId="5de66f25-ef3a-2c38-2754-ebfa2b1d19c7" executionId="2c8a77fd-3a93-45d4-8289-1d0230ccd7bf" testListId="8c84fa94-04c1-424b-9868-57a2d4851a1d" />
    <TestEntry testId="23a391d0-ab70-8eb8-4b45-9d92a8568c29" executionId="f71c202c-50a6-44a0-99da-00e9e8748279" testListId="8c84fa94-04c1-424b-9868-57a2d4851a1d" />
    <TestEntry testId="a3f851c8-9a0d-02ea-6b79-be0a84771d5e" executionId="bed687c3-100d-4912-9d5e-4eabf5d15727" testListId="8c84fa94-04c1-424b-9868-57a2d4851a1d" />
    <TestEntry testId="0d425a27-31f7-19b7-e956-36a35d28d84b" executionId="24d6ffd9-5310-4dad-9e47-59f50605a470" testListId="8c84fa94-04c1-424b-9868-57a2d4851a1d" />
    <TestEntry testId="ce4913c1-a0f9-1cf2-b59f-15e9ced5df57" executionId="f37c805c-0e80-460e-b2f2-9e891c1ea133" testListId="8c84fa94-04c1-424b-9868-57a2d4851a1d" />
    <TestEntry testId="b1ea02bb-c410-8851-b718-5c2f496a74f6" executionId="698db2e6-a0b9-44b8-9edc-0ddf551fc32a" testListId="8c84fa94-04c1-424b-9868-57a2d4851a1d" />
    <TestEntry testId="0b5b322e-e6b9-b53b-ee88-d28c8e0125c9" executionId="d7325832-6e9c-4c4c-95dc-2d020e8f8880" testListId="8c84fa94-04c1-424b-9868-57a2d4851a1d" />
    <TestEntry testId="50e9d186-4dd3-ea4c-d0cc-3d3c6b1e2c99" executionId="4db7931c-9c4b-4df2-bbe6-eb1f8a55bf25" testListId="8c84fa94-04c1-424b-9868-57a2d4851a1d" />
    <TestEntry testId="6a772daa-9b1f-2af8-0451-3bbbb2e9aaf2" executionId="f1ed6b1b-55fb-4cab-8777-804ea16483d2" testListId="8c84fa94-04c1-424b-9868-57a2d4851a1d" />
    <TestEntry testId="0d3b2ab8-ddbb-e697-1229-88a5d0c6e9c5" executionId="be36fe65-1ae5-495b-bed6-07e67055bb38" testListId="8c84fa94-04c1-424b-9868-57a2d4851a1d" />
    <TestEntry testId="2e353a49-9676-3f79-69fa-f42788fbc4b6" executionId="bc662ad0-db38-41d7-96ed-7be6f975feff" testListId="8c84fa94-04c1-424b-9868-57a2d4851a1d" />
    <TestEntry testId="15c8f6b5-fe67-dd09-0739-842a5798798e" executionId="a14165d1-8a7e-4387-8be6-21ee58c513c9" testListId="8c84fa94-04c1-424b-9868-57a2d4851a1d" />
    <TestEntry testId="b41d5d14-9db4-82d3-9ad6-f42ca197a12f" executionId="64fbe2da-c26e-4e0b-92af-32e0294c8edb" testListId="8c84fa94-04c1-424b-9868-57a2d4851a1d" />
    <TestEntry testId="07c3a402-cd09-a0c4-bf85-77477acb1847" executionId="7a76e523-2bf8-45cb-8c62-c9a5c21a58d8" testListId="8c84fa94-04c1-424b-9868-57a2d4851a1d" />
    <TestEntry testId="d4fb8fd2-b16e-7d60-d77f-0dd20fb6de20" executionId="d402155b-9f2c-4d1f-9295-9f4277a42eba" testListId="8c84fa94-04c1-424b-9868-57a2d4851a1d" />
    <TestEntry testId="6adc1957-da8b-7549-e382-0a1db259d822" executionId="348ba2e9-559a-497a-96a3-3128b61d3f45" testListId="8c84fa94-04c1-424b-9868-57a2d4851a1d" />
    <TestEntry testId="da2560df-f453-65b8-0f8c-71b1a4763201" executionId="a1a615ba-037e-4e28-a23c-af5334389dc0" testListId="8c84fa94-04c1-424b-9868-57a2d4851a1d" />
    <TestEntry testId="3cafcacb-32ad-b342-352f-c0a96f21cf8a" executionId="be386e0a-c479-4ed3-bb5c-1919aaa3cee6" testListId="8c84fa94-04c1-424b-9868-57a2d4851a1d" />
    <TestEntry testId="8f4ab2fc-20d9-03f6-a5f1-0258786d5836" executionId="f892c61b-98ec-422a-b016-884839cdba5a" testListId="8c84fa94-04c1-424b-9868-57a2d4851a1d" />
    <TestEntry testId="7dcecb19-e03f-ca26-f49c-22f6c7ef82e3" executionId="a7e10745-ec7c-4dc4-a331-f105bad28a03" testListId="8c84fa94-04c1-424b-9868-57a2d4851a1d" />
    <TestEntry testId="5ae472fb-6ea9-c188-3f0e-6629f16f8c6c" executionId="490e157a-6112-4363-a8bd-8140b498eda5" testListId="8c84fa94-04c1-424b-9868-57a2d4851a1d" />
    <TestEntry testId="1ed7f2e7-7840-1569-725b-1f86aae73915" executionId="079e0373-1244-419a-9911-888cac9d9c9e" testListId="8c84fa94-04c1-424b-9868-57a2d4851a1d" />
    <TestEntry testId="9c3a772f-df25-e699-a77f-57ce06730355" executionId="ab17d9f7-d80f-4393-8d5d-a93aba49090d" testListId="8c84fa94-04c1-424b-9868-57a2d4851a1d" />
    <TestEntry testId="36772fb5-fc9c-f8d7-9432-25b80df59621" executionId="1f44d8a3-4152-4505-ab4a-65731bdae7a4" testListId="8c84fa94-04c1-424b-9868-57a2d4851a1d" />
    <TestEntry testId="0e8bf738-d499-552d-27ab-7888b4afc768" executionId="53af40ae-d3df-4cca-99b9-2eca730f7665" testListId="8c84fa94-04c1-424b-9868-57a2d4851a1d" />
    <TestEntry testId="74305036-72d1-9364-ca62-aaf7612d9918" executionId="aeaf2755-3949-40a7-980c-4540f7004cce" testListId="8c84fa94-04c1-424b-9868-57a2d4851a1d" />
    <TestEntry testId="2bd55a3c-b8eb-48c6-3c31-edf0c324bdb0" executionId="72d619de-4653-4c4f-bcb8-7e61b7a5e818" testListId="8c84fa94-04c1-424b-9868-57a2d4851a1d" />
    <TestEntry testId="61101eb8-17a2-7af4-05b9-65841f68ef5f" executionId="0e003868-eb65-43b7-8528-8e51fc3c8498" testListId="8c84fa94-04c1-424b-9868-57a2d4851a1d" />
    <TestEntry testId="522d659a-f9be-7995-e9e5-e4d2d980d8bf" executionId="d4319d75-d949-4365-86fb-7638d618e253" testListId="8c84fa94-04c1-424b-9868-57a2d4851a1d" />
    <TestEntry testId="529e11c5-7768-7957-da11-f5bd2add9362" executionId="5248da21-58f9-4d81-b752-ab277394cefd" testListId="8c84fa94-04c1-424b-9868-57a2d4851a1d" />
    <TestEntry testId="88b8d77b-9173-60f5-1ba8-e590c04c1ba2" executionId="9eadc788-4df5-4211-a0a3-06af2d89942b" testListId="8c84fa94-04c1-424b-9868-57a2d4851a1d" />
    <TestEntry testId="cafe0a4b-3d0e-f664-9631-edd1f0d2dc2e" executionId="56c83d74-3ce4-4c46-946e-b2df556867d6" testListId="8c84fa94-04c1-424b-9868-57a2d4851a1d" />
    <TestEntry testId="be4e2c1f-dcc5-75fe-28b6-bdd6952f77a4" executionId="520c374f-dda4-4acd-a730-6c5f88ebd078" testListId="8c84fa94-04c1-424b-9868-57a2d4851a1d" />
    <TestEntry testId="20b95b17-bc37-c884-12d4-53d4352329e4" executionId="0f359519-d22a-48f5-bde6-518f69f2564b" testListId="8c84fa94-04c1-424b-9868-57a2d4851a1d" />
    <TestEntry testId="9bb22f05-4791-90bc-3b45-29eda32cd041" executionId="dbba723f-dedd-40bd-aa68-6b5a688f3802" testListId="8c84fa94-04c1-424b-9868-57a2d4851a1d" />
    <TestEntry testId="aff9b247-e2ea-7389-05de-ce1036715c81" executionId="be50ffa9-5781-4efd-8bbd-8355400f18e7" testListId="8c84fa94-04c1-424b-9868-57a2d4851a1d" />
    <TestEntry testId="a3671b25-e736-7625-0c73-c0aba38c6de3" executionId="79f35a04-f159-4f9f-999b-2cd4df8b8b28" testListId="8c84fa94-04c1-424b-9868-57a2d4851a1d" />
    <TestEntry testId="5aa2bcc6-0d2c-e30e-49bf-d1c95c743531" executionId="388da5e1-c41e-4d7e-a8c4-0f21606c448c" testListId="8c84fa94-04c1-424b-9868-57a2d4851a1d" />
    <TestEntry testId="85dca114-94e3-64ab-f901-03fdec6a7e84" executionId="2bb8e536-4f41-43d3-a392-dadf1125fcee" testListId="8c84fa94-04c1-424b-9868-57a2d4851a1d" />
    <TestEntry testId="01f1813e-f675-c996-b8ea-5d1bca3b327d" executionId="3cf7d974-bb4f-46c9-af43-c56b294f06d1" testListId="8c84fa94-04c1-424b-9868-57a2d4851a1d" />
    <TestEntry testId="f45be8ae-f0ce-46ea-c86d-91c428e59f55" executionId="4778052b-03a2-4e7d-a50b-1799bc61cfe5" testListId="8c84fa94-04c1-424b-9868-57a2d4851a1d" />
    <TestEntry testId="da1f5979-147d-33a6-599b-ca19e039d5bc" executionId="400c7ddd-6433-4386-8ed5-7dc21d3d53b8" testListId="8c84fa94-04c1-424b-9868-57a2d4851a1d" />
    <TestEntry testId="f38b93d6-78ea-bd8d-6741-0e7bcbb506ca" executionId="db8bd4ab-8a66-48ab-b66f-809dc606c608" testListId="8c84fa94-04c1-424b-9868-57a2d4851a1d" />
    <TestEntry testId="ec1daf19-40c8-1beb-7617-255f73a9ae68" executionId="e1e2d5de-7d2f-429f-aae2-983916eeb05d" testListId="8c84fa94-04c1-424b-9868-57a2d4851a1d" />
    <TestEntry testId="bdc2b68d-febd-eaad-9bfc-6b14ef865371" executionId="31b71cc8-7cbc-4304-aff6-ae8ff73c22a3" testListId="8c84fa94-04c1-424b-9868-57a2d4851a1d" />
    <TestEntry testId="08762cc6-38cc-e74a-881a-ce9c51c386ad" executionId="87dbb600-9419-419e-b172-8cac16b9ebed" testListId="8c84fa94-04c1-424b-9868-57a2d4851a1d" />
    <TestEntry testId="c094ec8d-70f8-9c58-813c-afbff0e8c977" executionId="d52318c6-92af-4e34-8d5c-a13d07f18217" testListId="8c84fa94-04c1-424b-9868-57a2d4851a1d" />
    <TestEntry testId="90bf6b45-fed4-fe2b-c5f1-66836f3259c4" executionId="dc4ad5bc-5f1c-4cca-9382-8f5aee433d3f" testListId="8c84fa94-04c1-424b-9868-57a2d4851a1d" />
    <TestEntry testId="0f09c207-3f02-b90b-54fe-4e7bf9ba9c9a" executionId="d0562a88-3918-4bda-9c9c-833fee1b3611" testListId="8c84fa94-04c1-424b-9868-57a2d4851a1d" />
    <TestEntry testId="9ed569d3-b1bc-6948-f927-e67b03ca5920" executionId="ca2fad3f-862b-4cba-b223-319eb17483d1" testListId="8c84fa94-04c1-424b-9868-57a2d4851a1d" />
    <TestEntry testId="e83dff0e-bd53-1b60-eee1-9ed21bff1027" executionId="5c2461d6-51be-4ea5-af55-86fcf1539524" testListId="8c84fa94-04c1-424b-9868-57a2d4851a1d" />
    <TestEntry testId="5bb85660-5994-97e8-8c84-3696fcb21e85" executionId="2a7f9662-8b29-47b4-9104-496face46683" testListId="8c84fa94-04c1-424b-9868-57a2d4851a1d" />
    <TestEntry testId="a56ddb79-3317-b80b-98c4-2292384250b4" executionId="b36eebfc-a423-4e4b-93af-8862c7347b23" testListId="8c84fa94-04c1-424b-9868-57a2d4851a1d" />
    <TestEntry testId="6b9d4dd7-60b6-0173-a67f-30594f6b04fd" executionId="e940995b-0117-4ab9-a6fa-2462cd219241" testListId="8c84fa94-04c1-424b-9868-57a2d4851a1d" />
    <TestEntry testId="2a3166cf-5ffa-ce6a-5a68-45b3b87b3718" executionId="1444095b-5aab-400b-8671-0f7e5cbcad16" testListId="8c84fa94-04c1-424b-9868-57a2d4851a1d" />
    <TestEntry testId="d15a4e41-7131-c4a7-4dde-718e5b891cc6" executionId="41cfda1d-f1f3-46a7-aeee-426b406d299f" testListId="8c84fa94-04c1-424b-9868-57a2d4851a1d" />
    <TestEntry testId="437fc918-e6ce-c47e-6602-d58b0391b027" executionId="87e961d0-7420-48fc-aa90-dd366f2dd4b2" testListId="8c84fa94-04c1-424b-9868-57a2d4851a1d" />
    <TestEntry testId="b47dd208-7232-a7b2-1939-15611c344fe4" executionId="7296b323-4a3c-4ad5-bb2f-928b6932681d" testListId="8c84fa94-04c1-424b-9868-57a2d4851a1d" />
    <TestEntry testId="7a48136c-ae1a-e05a-6a4a-e1f5a7d37d2f" executionId="93a608e4-91d3-4061-8419-ea8c707cf05a" testListId="8c84fa94-04c1-424b-9868-57a2d4851a1d" />
    <TestEntry testId="247f928b-316a-0f4f-31ea-10aeb575bfe1" executionId="c926352d-367a-43aa-84e9-7f892e14a6fa" testListId="8c84fa94-04c1-424b-9868-57a2d4851a1d" />
    <TestEntry testId="44cba4f7-5a18-ba1c-b948-fba329c2d655" executionId="e0856fa3-89ad-4e45-9df4-6c6571e1bcc3" testListId="8c84fa94-04c1-424b-9868-57a2d4851a1d" />
    <TestEntry testId="ca916ec1-2373-0743-a45d-3badde2f97f1" executionId="ec226373-671f-4e32-925a-20f13e705d37" testListId="8c84fa94-04c1-424b-9868-57a2d4851a1d" />
    <TestEntry testId="9c269d02-40ef-d512-2a3f-df61e04eb23d" executionId="294c9541-197b-4a4b-88fe-515423390591" testListId="8c84fa94-04c1-424b-9868-57a2d4851a1d" />
    <TestEntry testId="13aa93a9-9887-5976-a503-d32f80c971bf" executionId="9c0aca3f-f229-4b94-bebf-2d78959fe2ab" testListId="8c84fa94-04c1-424b-9868-57a2d4851a1d" />
    <TestEntry testId="9f1dafa7-46ea-b3b8-922f-7e2b781a7ceb" executionId="90cf1361-10bb-4556-a946-e50e616da686" testListId="8c84fa94-04c1-424b-9868-57a2d4851a1d" />
    <TestEntry testId="f158d5cf-8a1b-9031-7b5f-5b22da549395" executionId="57ac6e3d-8e6c-4415-9acd-cd57b07a11ca" testListId="8c84fa94-04c1-424b-9868-57a2d4851a1d" />
    <TestEntry testId="f488b9a4-b789-7988-0526-71e40f53c221" executionId="23fe6a57-2631-4a0c-bcae-5df13a120065" testListId="8c84fa94-04c1-424b-9868-57a2d4851a1d" />
    <TestEntry testId="8d3616fd-3513-88bb-16af-418f5e2f0ef4" executionId="5991c723-5f4f-4f46-81b3-aa903731e7c7" testListId="8c84fa94-04c1-424b-9868-57a2d4851a1d" />
    <TestEntry testId="085b8d2d-ebc4-2e5c-c0bf-665d09661988" executionId="d7849257-1ebb-472e-860d-1e9ab4cbff4e" testListId="8c84fa94-04c1-424b-9868-57a2d4851a1d" />
    <TestEntry testId="39b2cad0-5cfd-5913-414b-d32f4ac973ba" executionId="33804fbb-976e-4709-a6be-ef1fffb1197c" testListId="8c84fa94-04c1-424b-9868-57a2d4851a1d" />
    <TestEntry testId="2238aa25-e5a6-8e7f-9981-e7e7ad9efecb" executionId="aa159369-ab49-44a5-b282-510e4166635e" testListId="8c84fa94-04c1-424b-9868-57a2d4851a1d" />
    <TestEntry testId="79735f05-3144-a23c-4610-1cf651108e8b" executionId="b9cabccf-3e47-451a-9434-f7b2ffeb87f3" testListId="8c84fa94-04c1-424b-9868-57a2d4851a1d" />
    <TestEntry testId="e2019408-a247-cd92-a372-7004d0253e97" executionId="4d7b8b50-9e93-4aa7-8a0d-3a3589a67b33" testListId="8c84fa94-04c1-424b-9868-57a2d4851a1d" />
    <TestEntry testId="28c89347-07cb-f303-2d19-a9e42b6e0950" executionId="4f9a2cc5-f447-46ff-9569-b02f7ca8bdc5" testListId="8c84fa94-04c1-424b-9868-57a2d4851a1d" />
    <TestEntry testId="aaf67773-3bfa-3e18-1a8e-ed21d37b689e" executionId="1fb06d50-b139-4cf2-bf98-96ca20023e8b" testListId="8c84fa94-04c1-424b-9868-57a2d4851a1d" />
    <TestEntry testId="1589c5b5-6a59-c4da-22fa-39108093107e" executionId="16498603-c901-4c6b-a04e-f4d80a85039f" testListId="8c84fa94-04c1-424b-9868-57a2d4851a1d" />
    <TestEntry testId="86767825-956f-aa8f-4968-e740336c9aa5" executionId="23063dcd-1fb0-48b7-b84f-1ccb5631184d" testListId="8c84fa94-04c1-424b-9868-57a2d4851a1d" />
    <TestEntry testId="05ca333e-1e37-fa77-0589-78d191bd21f4" executionId="a82a289d-e99f-4842-b38e-740428595cee" testListId="8c84fa94-04c1-424b-9868-57a2d4851a1d" />
    <TestEntry testId="869fadce-b516-c257-0c95-62752d314964" executionId="030b8f40-2c0b-4c2f-9e2f-4e1d97f86635" testListId="8c84fa94-04c1-424b-9868-57a2d4851a1d" />
    <TestEntry testId="9ba4b360-4393-bee9-6b8f-bd1ee1dd20e9" executionId="9022df23-efc6-40c4-8fa8-845ece30e942" testListId="8c84fa94-04c1-424b-9868-57a2d4851a1d" />
    <TestEntry testId="1987b856-ca1c-f390-f03f-982fd981aad7" executionId="b70f3d6a-c5a7-465f-9553-2dc3c2fda536" testListId="8c84fa94-04c1-424b-9868-57a2d4851a1d" />
    <TestEntry testId="aef7c318-9887-3e82-6908-075bf1e38c39" executionId="8d2c1dd2-1c05-49a3-820a-ec4afb5ad0a7" testListId="8c84fa94-04c1-424b-9868-57a2d4851a1d" />
    <TestEntry testId="b6ccfb03-57bd-fcc1-ee6c-193db3aea94f" executionId="beeb5bfb-f690-473d-9675-2cb56a9a408a" testListId="8c84fa94-04c1-424b-9868-57a2d4851a1d" />
    <TestEntry testId="19957d96-1633-4d7e-9bbc-0391b74c0a69" executionId="ce26653c-773e-4400-8a0a-cfe175dd84e4" testListId="8c84fa94-04c1-424b-9868-57a2d4851a1d" />
    <TestEntry testId="660a7022-b9e5-687f-481d-9421a8a5b037" executionId="95b204ad-f9ba-4f50-beac-28ffebc3c5ba" testListId="8c84fa94-04c1-424b-9868-57a2d4851a1d" />
    <TestEntry testId="67aaf6ef-c8af-9bdf-61a4-bec58e4167ef" executionId="8a24a9e7-a038-40ef-8451-b1d021e07e50" testListId="8c84fa94-04c1-424b-9868-57a2d4851a1d" />
    <TestEntry testId="70714372-dd45-00e7-5cd7-f28250e592ca" executionId="3120bb53-69ae-4f5b-bf10-3acae1c927ee" testListId="8c84fa94-04c1-424b-9868-57a2d4851a1d" />
    <TestEntry testId="b86743f7-46c6-e9bc-1592-f2d49757a1d2" executionId="e3bb1b71-394d-467d-941e-0560fd0f3b00" testListId="8c84fa94-04c1-424b-9868-57a2d4851a1d" />
    <TestEntry testId="dbbc46fc-2f8c-eaad-1ad7-99c0d1b206f4" executionId="e5d1c0df-4d31-41b2-a3c1-38cdcbd6d385" testListId="8c84fa94-04c1-424b-9868-57a2d4851a1d" />
    <TestEntry testId="8b8fd5fd-534c-6452-45ae-d942a5ce1235" executionId="e9e41752-b3a2-4491-86bb-79f5feae1402" testListId="8c84fa94-04c1-424b-9868-57a2d4851a1d" />
    <TestEntry testId="5e313791-9716-3c77-4680-c6a571a33fba" executionId="e7c2bd26-d23c-473a-aea1-ede3995c43ab" testListId="8c84fa94-04c1-424b-9868-57a2d4851a1d" />
    <TestEntry testId="40a85c6c-c756-5b14-9ac1-b54d809a5569" executionId="fe86a079-6826-46a1-8170-75ef2bafe4d4" testListId="8c84fa94-04c1-424b-9868-57a2d4851a1d" />
    <TestEntry testId="b0a2d587-6bb7-b9cd-98e2-4e8794ebff1f" executionId="5d85b87b-7a0d-4526-9001-66d407df6956" testListId="8c84fa94-04c1-424b-9868-57a2d4851a1d" />
    <TestEntry testId="6a7db910-f8fc-fe59-a78d-bdbd0dc39474" executionId="3f3b4725-8866-4a51-bb00-2c2656f5f312" testListId="8c84fa94-04c1-424b-9868-57a2d4851a1d" />
    <TestEntry testId="b74d9560-3d49-85a9-01b1-b6fbdbffcd79" executionId="734eef94-cb4f-49d0-8201-1ea48c5fdc6e" testListId="8c84fa94-04c1-424b-9868-57a2d4851a1d" />
    <TestEntry testId="1d75a603-9ec7-f832-dc7d-8c1b85abdd83" executionId="172f2e08-1e7b-4ccd-98a4-4eee039256d9" testListId="8c84fa94-04c1-424b-9868-57a2d4851a1d" />
    <TestEntry testId="3a11d461-dba6-2763-896b-5c577d735925" executionId="9ad91d94-e821-4edf-9fde-9b3b47ead7f2" testListId="8c84fa94-04c1-424b-9868-57a2d4851a1d" />
    <TestEntry testId="1969ceb8-602a-924c-92ca-c1dd100f12af" executionId="dd5fc7b3-c876-4a7c-b03c-c3f729767532" testListId="8c84fa94-04c1-424b-9868-57a2d4851a1d" />
    <TestEntry testId="a393e5db-5a23-010b-d3f3-cbff13003adf" executionId="2875494c-d0dd-4618-9365-8aa7e224072f" testListId="8c84fa94-04c1-424b-9868-57a2d4851a1d" />
    <TestEntry testId="d9d96d9d-71ec-3a93-82a5-e837f1654d0f" executionId="0d6ce0e5-d7d9-4190-be91-ad3519aeca01" testListId="8c84fa94-04c1-424b-9868-57a2d4851a1d" />
    <TestEntry testId="ac825821-a39a-af30-c00b-9869f405d2fa" executionId="95922822-c1e0-4fec-aaa8-dc053629b9ef" testListId="8c84fa94-04c1-424b-9868-57a2d4851a1d" />
    <TestEntry testId="1770c101-c981-d8e8-6bf9-47ebaaeb1a16" executionId="009ecb77-f198-4944-83a9-bf65902c66aa" testListId="8c84fa94-04c1-424b-9868-57a2d4851a1d" />
    <TestEntry testId="70fe1480-61c7-cccd-c239-7d8ddf592d46" executionId="58f95961-9dd7-4fa2-a6bb-cb53e5408c2b" testListId="8c84fa94-04c1-424b-9868-57a2d4851a1d" />
    <TestEntry testId="a3aa98b9-ebc2-8976-affc-ff2d6fa4cb7a" executionId="52c2274b-4350-4464-bd30-7f320cd825b5" testListId="8c84fa94-04c1-424b-9868-57a2d4851a1d" />
    <TestEntry testId="f6fc8666-1c36-4694-0d5b-6ae5f4168221" executionId="3bd4710d-1ce7-4925-9daa-535c60c06d27" testListId="8c84fa94-04c1-424b-9868-57a2d4851a1d" />
    <TestEntry testId="d7dda8eb-22f6-cb6e-895d-54644281133c" executionId="20902e51-74db-40b7-a245-c130929eb560" testListId="8c84fa94-04c1-424b-9868-57a2d4851a1d" />
    <TestEntry testId="25f7e17b-8e22-d088-c812-a9c87cae4a57" executionId="7a42f3d7-5167-4164-bc81-73e6c31267e9" testListId="8c84fa94-04c1-424b-9868-57a2d4851a1d" />
    <TestEntry testId="7a9d7a85-06b9-1f06-a722-56b4f14fc78c" executionId="0b026128-7b4a-45d2-9f5f-a44c687d8016" testListId="8c84fa94-04c1-424b-9868-57a2d4851a1d" />
    <TestEntry testId="0cc64dd4-287f-646c-5601-47af79298911" executionId="480354aa-30aa-4680-acb0-ec6cd8647aa9" testListId="8c84fa94-04c1-424b-9868-57a2d4851a1d" />
    <TestEntry testId="c344cf1e-4a6e-3e26-a891-220afb7b43b7" executionId="3977db58-2a39-4d31-b513-f00ccdc26ea7" testListId="8c84fa94-04c1-424b-9868-57a2d4851a1d" />
    <TestEntry testId="d4e5e104-5606-3dd9-f6e5-12f84f352341" executionId="c8f73114-3c06-42c4-92ea-6f2f27c6fb50" testListId="8c84fa94-04c1-424b-9868-57a2d4851a1d" />
    <TestEntry testId="01843238-0d15-9fab-27fe-a2a41aee1839" executionId="ef58aa38-3762-4dec-9712-a47cdcc4e68b" testListId="8c84fa94-04c1-424b-9868-57a2d4851a1d" />
    <TestEntry testId="7931a1f1-556c-d72b-5e33-a8475a65aefc" executionId="b0e1e208-02c3-4524-88e3-3d527a6f3ec0" testListId="8c84fa94-04c1-424b-9868-57a2d4851a1d" />
    <TestEntry testId="a55375cd-1f09-0d30-7bd7-d8f7c39a5114" executionId="cd7f5a00-7ff9-46f2-bcf5-0c071e9b5c8c" testListId="8c84fa94-04c1-424b-9868-57a2d4851a1d" />
    <TestEntry testId="db96f5ae-9f1f-2fcc-fe19-986560c60177" executionId="fee00018-76fc-478d-b1fa-e285a02554d3" testListId="8c84fa94-04c1-424b-9868-57a2d4851a1d" />
    <TestEntry testId="4227ff06-9010-e871-ce9c-b32ecf923096" executionId="5a8bda22-51e2-40e9-8a50-c816823d7ef5" testListId="8c84fa94-04c1-424b-9868-57a2d4851a1d" />
    <TestEntry testId="f94d6958-6588-1f41-34b4-8cd145a4db4b" executionId="c382a0d2-740b-4d85-b487-a9a0df0d1536" testListId="8c84fa94-04c1-424b-9868-57a2d4851a1d" />
    <TestEntry testId="3ec5ba8b-f48c-92cb-ad25-87e8cf58b5f8" executionId="bfd64ec7-d95e-4bbd-a390-363984eef49d" testListId="8c84fa94-04c1-424b-9868-57a2d4851a1d" />
    <TestEntry testId="f41ad874-8379-435c-16a6-3393d7b84b2d" executionId="2ed7ef6c-9d77-4304-a43e-a83ab5bf1799" testListId="8c84fa94-04c1-424b-9868-57a2d4851a1d" />
    <TestEntry testId="2bd83da8-d8fb-a3a6-2379-337ad4affd31" executionId="6695e69b-65ca-4bfd-be52-2cc810a7afdf" testListId="8c84fa94-04c1-424b-9868-57a2d4851a1d" />
    <TestEntry testId="b6fa813b-230f-c96a-8dbd-f2bf0543fc9a" executionId="92206e5e-2b47-4691-807d-110df7d8159b" testListId="8c84fa94-04c1-424b-9868-57a2d4851a1d" />
    <TestEntry testId="117f282b-9661-8610-dd34-bd4b21fe10d7" executionId="af21c838-ae0f-440e-8c2b-4f957b3397dd" testListId="8c84fa94-04c1-424b-9868-57a2d4851a1d" />
    <TestEntry testId="8f5ff714-8385-8d42-3067-444f3820b02e" executionId="c720485e-4e96-45fe-af07-6f0d6d9dfebd" testListId="8c84fa94-04c1-424b-9868-57a2d4851a1d" />
    <TestEntry testId="425f0968-bc6c-b822-0d8e-78aac815df6b" executionId="db1b4549-3c82-4a54-981f-f1cbc88332b8" testListId="8c84fa94-04c1-424b-9868-57a2d4851a1d" />
    <TestEntry testId="0dc11377-fff4-751d-96d1-181066aa4b1f" executionId="e46de362-3677-4e30-89f9-eae2614b97a5" testListId="8c84fa94-04c1-424b-9868-57a2d4851a1d" />
    <TestEntry testId="513b1e89-dfec-3248-0fba-6472ac1fefd2" executionId="735dcbae-2f0a-47a5-a5de-73de500c7436" testListId="8c84fa94-04c1-424b-9868-57a2d4851a1d" />
    <TestEntry testId="522ce947-ee66-4fd5-7c75-c945a2f3a9e4" executionId="95e65bc8-dec9-49c2-bba1-3ba60f3be5d7" testListId="8c84fa94-04c1-424b-9868-57a2d4851a1d" />
    <TestEntry testId="728bdcae-6695-3542-b84c-d6fe04d3f51c" executionId="5a62304f-7eb0-4b24-8420-ff269bc529dc" testListId="8c84fa94-04c1-424b-9868-57a2d4851a1d" />
    <TestEntry testId="82e56ba7-7d19-7156-0276-1085547a24bc" executionId="44997420-8882-4027-99c7-b9e8d779c583" testListId="8c84fa94-04c1-424b-9868-57a2d4851a1d" />
    <TestEntry testId="1fc847a6-e70a-2855-aa14-40c36f34aab7" executionId="8cbb1b80-19ea-4435-91e8-1d3629263db0" testListId="8c84fa94-04c1-424b-9868-57a2d4851a1d" />
    <TestEntry testId="58fd8b43-652d-5b59-d404-5219bfb48dc4" executionId="57d3d611-ddcf-4888-ac32-720425321920" testListId="8c84fa94-04c1-424b-9868-57a2d4851a1d" />
    <TestEntry testId="7cd79aa4-0dcd-4ce3-d03a-09f624e3af36" executionId="f8896278-51d2-4749-8454-f766d2a83411" testListId="8c84fa94-04c1-424b-9868-57a2d4851a1d" />
    <TestEntry testId="a83e1891-87fa-9bd7-022f-4671d75b6092" executionId="c8eeff5b-78c2-4e6d-8ebb-10f4ab6bcbcb" testListId="8c84fa94-04c1-424b-9868-57a2d4851a1d" />
    <TestEntry testId="42ab1a53-5dd7-1f8b-4b46-663e9b803cb1" executionId="dacad8b0-c40b-418c-9ff1-e637edeb9321" testListId="8c84fa94-04c1-424b-9868-57a2d4851a1d" />
    <TestEntry testId="88acfffa-6ebd-143d-ed22-519c4f519ea6" executionId="f861bddd-50b4-4e7f-90ac-e9ed56218744" testListId="8c84fa94-04c1-424b-9868-57a2d4851a1d" />
    <TestEntry testId="2f49ddd4-65d3-e4fb-77a7-72c40a358641" executionId="2a091e9b-5653-4409-8130-640de904ce03" testListId="8c84fa94-04c1-424b-9868-57a2d4851a1d" />
    <TestEntry testId="a83c55d9-b4b3-f28e-764f-b9b4aa5db19f" executionId="8bc17f36-5b22-49b9-a74e-478612c389bc" testListId="8c84fa94-04c1-424b-9868-57a2d4851a1d" />
    <TestEntry testId="abdfa71c-d861-a0bd-95a8-0382e940dc7f" executionId="b232c8f7-452d-4a45-9263-2aefb903dd74" testListId="8c84fa94-04c1-424b-9868-57a2d4851a1d" />
    <TestEntry testId="beb5b189-2536-cd9f-c963-dbc836000f93" executionId="91dbdc14-3782-4358-a92c-cc6de9fb7463" testListId="8c84fa94-04c1-424b-9868-57a2d4851a1d" />
    <TestEntry testId="c02dd453-152c-0611-b51b-d11ed74a9d2c" executionId="12f9472a-f5b5-411d-8e7b-a91a58cad7f2" testListId="8c84fa94-04c1-424b-9868-57a2d4851a1d" />
    <TestEntry testId="9f73a637-0534-0960-9ad3-7d40b1e02040" executionId="a14ff001-256a-480b-a87d-e1678628b1b9" testListId="8c84fa94-04c1-424b-9868-57a2d4851a1d" />
    <TestEntry testId="15c00c5b-637d-e90a-7be2-553cb45778fd" executionId="daa7f7a7-6141-4dc4-ac38-77d5a478951c" testListId="8c84fa94-04c1-424b-9868-57a2d4851a1d" />
    <TestEntry testId="8eb852a2-4a4f-862c-25b2-0750277a1109" executionId="16206d28-1377-4f6a-9ac6-afdee3c6dd8d" testListId="8c84fa94-04c1-424b-9868-57a2d4851a1d" />
    <TestEntry testId="4a01f513-c69a-d2a9-9918-136f1da2989d" executionId="3ba5e288-6d96-46a7-8868-c693503531cf" testListId="8c84fa94-04c1-424b-9868-57a2d4851a1d" />
    <TestEntry testId="9f21cc6d-6a39-c32d-7707-7dd3e59ad042" executionId="f7eac78c-6e97-48f9-a2e1-8c4decb98636" testListId="8c84fa94-04c1-424b-9868-57a2d4851a1d" />
    <TestEntry testId="707fb3d0-03de-bdac-591f-7d133eb012d7" executionId="ba43e107-8084-4c4b-bab6-a8fbcde5c7fc" testListId="8c84fa94-04c1-424b-9868-57a2d4851a1d" />
    <TestEntry testId="be49ff59-04e9-8655-a106-47f9f995ba2c" executionId="98852077-7a85-4ffb-8942-9db068c41df8" testListId="8c84fa94-04c1-424b-9868-57a2d4851a1d" />
    <TestEntry testId="393a5d92-f61b-33c1-f6ef-562b28684423" executionId="84dbc818-8fa0-4fd3-87d3-1ec01e76e1e1" testListId="8c84fa94-04c1-424b-9868-57a2d4851a1d" />
    <TestEntry testId="ef003b7c-c59d-5e45-7984-bdc602ac516c" executionId="14b8ba05-9ca2-4be8-836c-b6b7b5b85934" testListId="8c84fa94-04c1-424b-9868-57a2d4851a1d" />
    <TestEntry testId="6a61ae6d-dd9d-8e10-2fa5-74148326aae9" executionId="a3a9a6f8-ff83-4958-830c-291ee12272d2" testListId="8c84fa94-04c1-424b-9868-57a2d4851a1d" />
    <TestEntry testId="54646a39-c2a8-7dab-6bc2-8822d2e37c7a" executionId="90057ac3-4f6a-4c73-9932-6ea7e8781c23" testListId="8c84fa94-04c1-424b-9868-57a2d4851a1d" />
    <TestEntry testId="7eb545f0-c08c-0fe9-5f32-a5873e3d410e" executionId="49e39cfa-6648-4012-9477-762a84e47e09" testListId="8c84fa94-04c1-424b-9868-57a2d4851a1d" />
    <TestEntry testId="a1548790-4891-1ac9-dde6-2a20e441f625" executionId="67e3b3cb-64e5-4ccb-ac20-14d07c248e90" testListId="8c84fa94-04c1-424b-9868-57a2d4851a1d" />
    <TestEntry testId="8184f7a8-0925-f1d0-46b4-d23e51b3f952" executionId="1e476a68-0438-4575-8909-0a371c3baebf" testListId="8c84fa94-04c1-424b-9868-57a2d4851a1d" />
    <TestEntry testId="4cc3e218-b161-c62c-d836-0284324d6237" executionId="f531a856-9936-4433-9619-483be5d85310" testListId="8c84fa94-04c1-424b-9868-57a2d4851a1d" />
    <TestEntry testId="c55050c0-1d45-725e-2617-d72f76287147" executionId="153683ba-9660-45bc-aaa7-9dceb44ceb27" testListId="8c84fa94-04c1-424b-9868-57a2d4851a1d" />
    <TestEntry testId="7f92474a-3ae5-e825-288d-feb3f92941e7" executionId="7eae29b1-670a-4f87-91ae-dd1b2632c56b" testListId="8c84fa94-04c1-424b-9868-57a2d4851a1d" />
    <TestEntry testId="f4dfe096-289b-8e1f-f467-270ed66a728d" executionId="3f821096-904e-4abe-8d4f-8c0f02bc6146" testListId="8c84fa94-04c1-424b-9868-57a2d4851a1d" />
    <TestEntry testId="e1ad1f4d-9d91-fbf4-5cbe-b153c5408369" executionId="eda40507-96a2-4329-80e1-d2662d93db92" testListId="8c84fa94-04c1-424b-9868-57a2d4851a1d" />
    <TestEntry testId="da50189e-1654-a614-5cf7-55d31b87632c" executionId="80e89fc6-fc5e-4b45-a040-9f8621c8fe40" testListId="8c84fa94-04c1-424b-9868-57a2d4851a1d" />
    <TestEntry testId="9ef6126e-f7cc-14c5-4ccf-4831db9c92a1" executionId="1aa07067-62f4-4204-975c-731189d0b89c" testListId="8c84fa94-04c1-424b-9868-57a2d4851a1d" />
    <TestEntry testId="dede0568-9d47-e49f-1a9a-a43efd7db022" executionId="b36fd828-154c-43b7-83c7-2ac98e7cb61f" testListId="8c84fa94-04c1-424b-9868-57a2d4851a1d" />
    <TestEntry testId="0865271e-949d-3653-c464-83e8e0e3368f" executionId="5e86394e-7018-46e2-a0c5-c1cfd8097ab9" testListId="8c84fa94-04c1-424b-9868-57a2d4851a1d" />
    <TestEntry testId="eb168110-7166-e8a6-2128-9f569836286f" executionId="803c4482-0ba5-4bec-8eca-3bcb8bf5f1c4" testListId="8c84fa94-04c1-424b-9868-57a2d4851a1d" />
    <TestEntry testId="754f1bd6-1597-f89f-623b-19a3c18446c5" executionId="b2b3aefa-9737-4283-aeb6-bfd0eb6ab26d" testListId="8c84fa94-04c1-424b-9868-57a2d4851a1d" />
    <TestEntry testId="abba7765-5d41-ca95-2786-a85f227f410c" executionId="2eed0d74-1277-499b-8bf3-942ac9ed9f29" testListId="8c84fa94-04c1-424b-9868-57a2d4851a1d" />
    <TestEntry testId="315fc9d1-2762-1c20-7cbb-ff0e06212694" executionId="34b68035-d64d-4207-b4b1-3eb2c39db955" testListId="8c84fa94-04c1-424b-9868-57a2d4851a1d" />
    <TestEntry testId="38eb63dc-b52d-8bce-48df-09a5bf3605fa" executionId="5ed5307f-d910-49b1-927e-ba5b47997ced" testListId="8c84fa94-04c1-424b-9868-57a2d4851a1d" />
    <TestEntry testId="67412a9c-0104-f5de-b394-b2c1af9eecbf" executionId="b20d4dc4-bdad-488f-9b97-f9a82cac8ba8" testListId="8c84fa94-04c1-424b-9868-57a2d4851a1d" />
    <TestEntry testId="ce33973f-1182-a17f-313c-67aea25866dc" executionId="184cad65-9e8d-4c0c-945c-93c335d5f642" testListId="8c84fa94-04c1-424b-9868-57a2d4851a1d" />
    <TestEntry testId="07e64b3a-aa9b-ba14-4041-8a83b36381b9" executionId="fde6e394-3d8f-42e7-8d17-68cd11d6017e" testListId="8c84fa94-04c1-424b-9868-57a2d4851a1d" />
    <TestEntry testId="a4721eb0-8fb7-597b-946b-9a40bbf20beb" executionId="f9e527f9-eb11-47c8-83f4-9f0a8b262e70" testListId="8c84fa94-04c1-424b-9868-57a2d4851a1d" />
    <TestEntry testId="150db943-c8d9-babf-885a-3b2c2432d509" executionId="47ee14a9-fe3b-4836-b91f-dd1ae90c7ace" testListId="8c84fa94-04c1-424b-9868-57a2d4851a1d" />
    <TestEntry testId="e678aa05-b6ee-1d32-a4ac-844b80c01900" executionId="1a0c855d-c7bd-4a32-aeaf-9c8e7a506fc3" testListId="8c84fa94-04c1-424b-9868-57a2d4851a1d" />
    <TestEntry testId="7bbe00f7-a481-c476-9f13-da55ba670a72" executionId="02e60bd8-f200-4651-a35e-af4d09af8e6b" testListId="8c84fa94-04c1-424b-9868-57a2d4851a1d" />
    <TestEntry testId="e1ff934e-07a0-0a26-a8e7-0fb4a8f73c6c" executionId="17383877-0dc1-4e42-979b-b555294e0604" testListId="8c84fa94-04c1-424b-9868-57a2d4851a1d" />
    <TestEntry testId="00ef2a3e-7ff0-9d6e-68c3-ad85f3770520" executionId="ee2ca914-a76b-42b9-9743-337d661625af" testListId="8c84fa94-04c1-424b-9868-57a2d4851a1d" />
    <TestEntry testId="87c01078-6de1-9cc2-c82f-b4fae10d0ccc" executionId="6476045d-f82c-4c64-bf25-a69551a7b3e4" testListId="8c84fa94-04c1-424b-9868-57a2d4851a1d" />
    <TestEntry testId="5a223c4c-43e6-8a01-1da1-2bc5f9ab8941" executionId="46a6ad9a-1e3c-42a9-bf46-0c6b9ad2cefa" testListId="8c84fa94-04c1-424b-9868-57a2d4851a1d" />
    <TestEntry testId="8b789692-7fa9-8c51-af77-5dd69c682321" executionId="53ff6149-c2e2-46af-b910-e263354b2f0f" testListId="8c84fa94-04c1-424b-9868-57a2d4851a1d" />
    <TestEntry testId="0ad03df0-2c8e-3063-3679-db1f3d8f66b9" executionId="29fc2dd1-f1f2-4e3e-a9a6-b42c9a6b1f15" testListId="8c84fa94-04c1-424b-9868-57a2d4851a1d" />
    <TestEntry testId="132b2b53-d44e-8789-c425-fe7fc1e38244" executionId="f69301e4-1e3b-4952-a99d-fc637d329d46" testListId="8c84fa94-04c1-424b-9868-57a2d4851a1d" />
    <TestEntry testId="2aced093-2a6f-e352-05e1-094b8ca32711" executionId="d6cbab5d-5c9b-4c1c-a0b9-9202e834a9f1" testListId="8c84fa94-04c1-424b-9868-57a2d4851a1d" />
    <TestEntry testId="4228c33d-9ac1-acd5-28cd-e0118a4cda84" executionId="769a28c1-0940-4d3d-9329-1fe4f5dff49b" testListId="8c84fa94-04c1-424b-9868-57a2d4851a1d" />
    <TestEntry testId="815fb8f0-ad01-b4ee-797b-d30a532621d6" executionId="f7fd0aad-ca4d-49d6-ba39-4ed2710dd422" testListId="8c84fa94-04c1-424b-9868-57a2d4851a1d" />
    <TestEntry testId="01fae031-7483-b5ad-f374-e6d1c6f24e58" executionId="1b7d050f-cc6f-49e2-b3b2-deaec5ac1660" testListId="8c84fa94-04c1-424b-9868-57a2d4851a1d" />
    <TestEntry testId="84c06b8b-8cb9-f6cb-e4e2-8264159a20ad" executionId="41064bfd-78fa-40a4-8b2a-3c15e6911e6c" testListId="8c84fa94-04c1-424b-9868-57a2d4851a1d" />
    <TestEntry testId="fadbdbac-e482-4c2f-a41c-8efb1b08e4bb" executionId="993bdb09-4cfd-404e-a59c-e0425d8a0efa" testListId="8c84fa94-04c1-424b-9868-57a2d4851a1d" />
    <TestEntry testId="4b750040-5eee-93a9-4ee4-76adf886dd3e" executionId="9ab6a2c7-e5f0-44a0-8e76-908480df4a3b" testListId="8c84fa94-04c1-424b-9868-57a2d4851a1d" />
    <TestEntry testId="c5a6f9b8-2be1-5845-0cfa-0cdabfe6a5fe" executionId="7c6d641a-7393-4e39-807a-0bdc8c5223dd" testListId="8c84fa94-04c1-424b-9868-57a2d4851a1d" />
    <TestEntry testId="761e888f-aae6-3d89-0576-6d173465af03" executionId="82a0ce61-b149-43a7-b4f2-874903c5f3e9" testListId="8c84fa94-04c1-424b-9868-57a2d4851a1d" />
    <TestEntry testId="28823402-f570-a9ee-cd35-954faff45017" executionId="c67a547c-7812-4d44-899a-7c8ae47b6bc0" testListId="8c84fa94-04c1-424b-9868-57a2d4851a1d" />
    <TestEntry testId="fd8b3364-50f5-7130-781e-8e24e19fa407" executionId="daf016c8-8744-4915-a11a-3df24fa64598" testListId="8c84fa94-04c1-424b-9868-57a2d4851a1d" />
    <TestEntry testId="d328b59f-8c45-6551-a565-0b5da9eb7464" executionId="13d303d4-d098-49aa-befb-cea1ae4f8e17" testListId="8c84fa94-04c1-424b-9868-57a2d4851a1d" />
    <TestEntry testId="5c292b76-226d-bd23-5888-221e583ba883" executionId="2714c8cd-dd8a-423e-bc91-ed4e9ed0b535" testListId="8c84fa94-04c1-424b-9868-57a2d4851a1d" />
    <TestEntry testId="3140ba5e-963b-4052-bcda-569db27c5b8b" executionId="d9f112fc-fa5e-4c0c-872d-b9c8453481a0" testListId="8c84fa94-04c1-424b-9868-57a2d4851a1d" />
    <TestEntry testId="e1da224a-6889-e7f0-4909-8f9f1d973abe" executionId="ff941ff1-64ce-4adc-8694-16fe17d773bb" testListId="8c84fa94-04c1-424b-9868-57a2d4851a1d" />
    <TestEntry testId="b4765288-7dfb-2aff-8e32-4472b27e8e24" executionId="fa44163c-e676-414a-939c-592f0dc980d5" testListId="8c84fa94-04c1-424b-9868-57a2d4851a1d" />
    <TestEntry testId="92d52b5a-3c86-52a1-0ff1-d8084a85e71a" executionId="d08fbd44-21ff-4f99-81bc-8cba20d1b0ae" testListId="8c84fa94-04c1-424b-9868-57a2d4851a1d" />
    <TestEntry testId="b498280c-f2d3-17a4-6d60-75dd66905459" executionId="3405b48b-f22b-4578-b867-1e984dc7dd14" testListId="8c84fa94-04c1-424b-9868-57a2d4851a1d" />
    <TestEntry testId="0380a994-cb1e-d971-17c9-30c75820a28e" executionId="953c5c24-ef2a-490a-b5a1-df7073b64dba" testListId="8c84fa94-04c1-424b-9868-57a2d4851a1d" />
    <TestEntry testId="6ae2e32b-e312-97af-fb1c-95c52237f233" executionId="5468847f-6941-4baa-8506-6435f3559038" testListId="8c84fa94-04c1-424b-9868-57a2d4851a1d" />
    <TestEntry testId="002574d2-7793-d63b-b71c-bb7a382ebec7" executionId="c8a1b936-413e-4102-9d94-c9a4fd944116" testListId="8c84fa94-04c1-424b-9868-57a2d4851a1d" />
    <TestEntry testId="54fa4a71-6b61-4153-bfb9-f6c8f55523ed" executionId="9bcc970b-06e8-44b4-95ba-6eab49d658d9" testListId="8c84fa94-04c1-424b-9868-57a2d4851a1d" />
    <TestEntry testId="162ec600-3c0d-b20b-0ef0-589a4bc1ab7f" executionId="9b8ddbb8-70bd-44ff-99b1-a91533f2fd19" testListId="8c84fa94-04c1-424b-9868-57a2d4851a1d" />
    <TestEntry testId="da477cfb-19a2-e344-47c1-5d2441f8f2a1" executionId="4803dc69-1d70-4ee0-b7be-9d7fbc72eaa4" testListId="8c84fa94-04c1-424b-9868-57a2d4851a1d" />
    <TestEntry testId="06278a9c-3e40-0213-a3b2-aaf46ee40394" executionId="cd12cae2-00eb-4b84-8101-b17e1f0a644c" testListId="8c84fa94-04c1-424b-9868-57a2d4851a1d" />
    <TestEntry testId="adb48672-2eac-7363-7f29-632c9a4e67c2" executionId="002be210-6d1f-4c81-a1cc-07c59a775df0" testListId="8c84fa94-04c1-424b-9868-57a2d4851a1d" />
    <TestEntry testId="09cddab9-eb31-04da-1175-a69e6fc6e11a" executionId="dde096ca-02f1-4d97-ae58-3224edfce7e6" testListId="8c84fa94-04c1-424b-9868-57a2d4851a1d" />
    <TestEntry testId="e4533c6c-cf44-9409-0bf0-ba815e23e9b7" executionId="e47ffefd-34db-4c16-9e1a-4aeca1642f42" testListId="8c84fa94-04c1-424b-9868-57a2d4851a1d" />
    <TestEntry testId="ac442438-d123-1eb0-fc6e-97447f034152" executionId="833a5fd0-27f7-44d9-b803-83c986f50eff" testListId="8c84fa94-04c1-424b-9868-57a2d4851a1d" />
    <TestEntry testId="2b30d78e-2780-638d-4d4e-ad1bdc603ccd" executionId="ae512cce-579e-4805-8c41-8f4a09a67559" testListId="8c84fa94-04c1-424b-9868-57a2d4851a1d" />
    <TestEntry testId="e8583dfe-bef2-ad72-ae84-7a0c797fce55" executionId="e1cf1077-e307-4515-a5d6-c7f68cae0fdb" testListId="8c84fa94-04c1-424b-9868-57a2d4851a1d" />
    <TestEntry testId="23c59f2d-7d8b-10cc-504a-a960e4958c91" executionId="011c83a7-52e2-486d-a04b-abebd79ad5e6" testListId="8c84fa94-04c1-424b-9868-57a2d4851a1d" />
    <TestEntry testId="eecc404d-052a-2f47-4d54-cb8073db15f9" executionId="fb3d3754-cf21-4664-8594-e723a033870b" testListId="8c84fa94-04c1-424b-9868-57a2d4851a1d" />
    <TestEntry testId="800adef5-f024-3821-03a2-7be53313576d" executionId="6a5e2972-7560-43de-afc1-ccaa8f5fce65" testListId="8c84fa94-04c1-424b-9868-57a2d4851a1d" />
    <TestEntry testId="32f519da-a40b-b181-4d83-4257f290e3db" executionId="7d5bc04d-8386-4aab-bac4-19028a70b92b" testListId="8c84fa94-04c1-424b-9868-57a2d4851a1d" />
    <TestEntry testId="b888e675-3eac-834f-10b9-417da3997633" executionId="6d4118dc-4605-4b88-b287-d8d6521a4ebb" testListId="8c84fa94-04c1-424b-9868-57a2d4851a1d" />
    <TestEntry testId="27bca920-a72d-e65e-33db-54c0a6ef7019" executionId="3037f588-7047-4a4c-b6c6-5760daf9b3e4" testListId="8c84fa94-04c1-424b-9868-57a2d4851a1d" />
    <TestEntry testId="19c6427d-1cc5-f3a5-e1e7-57d8b4ee9bd2" executionId="ee207d7b-0d09-441c-9f18-4627ca1287ea" testListId="8c84fa94-04c1-424b-9868-57a2d4851a1d" />
    <TestEntry testId="422d58df-bd54-7767-dc16-1a66de87ac79" executionId="e3439a3b-0254-48b7-a9a8-918621ff56b8" testListId="8c84fa94-04c1-424b-9868-57a2d4851a1d" />
    <TestEntry testId="64dba5e6-e4e2-6bd2-0a47-e237fafea9f7" executionId="1741cad5-8531-4f57-a58c-0a087ad10179" testListId="8c84fa94-04c1-424b-9868-57a2d4851a1d" />
    <TestEntry testId="314ed5eb-05ef-f064-7467-995a31d3e7f4" executionId="6467c57c-9eed-4166-a2a8-99c927bcddf4" testListId="8c84fa94-04c1-424b-9868-57a2d4851a1d" />
    <TestEntry testId="c7a0c7b3-9846-2a4b-b8bb-61d83e352bfb" executionId="f34b3375-9de3-4d68-87c6-0d48467da3bc" testListId="8c84fa94-04c1-424b-9868-57a2d4851a1d" />
    <TestEntry testId="65447680-2649-575c-78cc-9a2645bae4cc" executionId="545daa38-d383-4ddd-973c-d9f3f808da54" testListId="8c84fa94-04c1-424b-9868-57a2d4851a1d" />
    <TestEntry testId="c45fc3c6-4264-b296-c4f3-e8618808a521" executionId="ab4b7cca-0723-47f5-bb5c-c8e53898c6f6" testListId="8c84fa94-04c1-424b-9868-57a2d4851a1d" />
    <TestEntry testId="2d409205-bd6b-eece-0bf9-3da5a8853c4a" executionId="670f3e93-baaf-425d-903d-e7506e2c7b71" testListId="8c84fa94-04c1-424b-9868-57a2d4851a1d" />
    <TestEntry testId="3c3ad267-fe4c-e9ff-2334-9888a91f01da" executionId="c96e064e-b506-4701-ba87-9c3c4e25cfe9" testListId="8c84fa94-04c1-424b-9868-57a2d4851a1d" />
    <TestEntry testId="2c3719e4-73e2-bca8-6192-023a0218f59a" executionId="4f65ed16-f7eb-4524-a849-0a579dece6ee" testListId="8c84fa94-04c1-424b-9868-57a2d4851a1d" />
    <TestEntry testId="26b5d5c1-e705-32b0-2159-1d5a15990b3c" executionId="ca36ebf4-92f3-447b-9a22-4b52d8e02375" testListId="8c84fa94-04c1-424b-9868-57a2d4851a1d" />
    <TestEntry testId="9bc367b0-2d6d-e25e-f385-beb1c03bb00d" executionId="890b5e18-25fd-40d1-ad48-117b0e5004ee" testListId="8c84fa94-04c1-424b-9868-57a2d4851a1d" />
    <TestEntry testId="b6db30fd-3332-fff3-0038-e76827e7300b" executionId="95a983bb-1370-469c-9d17-e232ab1a71c2" testListId="8c84fa94-04c1-424b-9868-57a2d4851a1d" />
    <TestEntry testId="082f8576-8f23-5f24-78f5-9d571f45ba9a" executionId="df2a7349-10bb-4856-8e9e-791fe8f59b7a" testListId="8c84fa94-04c1-424b-9868-57a2d4851a1d" />
    <TestEntry testId="dd78af76-d896-680f-1e62-b95dc0a25a53" executionId="20393361-d0e9-468b-bb90-b7a06439e97e" testListId="8c84fa94-04c1-424b-9868-57a2d4851a1d" />
    <TestEntry testId="a83c55d9-b4b3-f28e-764f-b9b4aa5db19f" executionId="24d14968-76c1-4f82-8054-fede78904622" testListId="8c84fa94-04c1-424b-9868-57a2d4851a1d" />
    <TestEntry testId="38ccc626-a6f2-185e-9424-13a507faa6f1" executionId="ceccf12e-b063-4052-9d7c-58400fbda396" testListId="8c84fa94-04c1-424b-9868-57a2d4851a1d" />
    <TestEntry testId="4c8ec50b-8c5a-aec9-c5b3-70243e209d42" executionId="700c87a6-71b9-481a-8d62-30d458e98c03" testListId="8c84fa94-04c1-424b-9868-57a2d4851a1d" />
    <TestEntry testId="2ab45ef2-5a8f-9eb5-ac3d-8a1501facb84" executionId="dfcc4d85-60ce-4405-b8fd-1d81219803a2" testListId="8c84fa94-04c1-424b-9868-57a2d4851a1d" />
    <TestEntry testId="82a3ffcb-4933-9ef9-47d0-727653463d86" executionId="86fac0f0-63a3-490c-b79b-f71f4220fb14" testListId="8c84fa94-04c1-424b-9868-57a2d4851a1d" />
    <TestEntry testId="3cda19e1-59de-ba4e-e758-64eb15e58d14" executionId="3754c514-ccc6-4744-9c41-1c286e9a91be" testListId="8c84fa94-04c1-424b-9868-57a2d4851a1d" />
    <TestEntry testId="71ef8e60-0c55-283f-ffd3-ddbc9700ada5" executionId="570d50be-0387-4054-9f79-d385291e25dd" testListId="8c84fa94-04c1-424b-9868-57a2d4851a1d" />
    <TestEntry testId="3077df90-1ad1-72b0-e0da-9c7463ee4e06" executionId="ae5a9162-a1f8-4a37-8cb4-b013b9cce76c" testListId="8c84fa94-04c1-424b-9868-57a2d4851a1d" />
    <TestEntry testId="b5a6e0dd-1d44-429e-d055-0e98d67be23c" executionId="deef93e7-64a3-4082-95ea-95bdbd2051fc" testListId="8c84fa94-04c1-424b-9868-57a2d4851a1d" />
    <TestEntry testId="2daa200d-5979-dd1f-ee8e-99b19a63d1ac" executionId="dd1c2641-000a-4c52-9ce4-487077154ada" testListId="8c84fa94-04c1-424b-9868-57a2d4851a1d" />
    <TestEntry testId="b4c4f3da-9e88-35cf-efa9-ad93d58c250a" executionId="1da042b6-c153-470a-af2b-08ed1bc955a3" testListId="8c84fa94-04c1-424b-9868-57a2d4851a1d" />
    <TestEntry testId="7d171e13-c9df-baa0-eec3-c2493f4df9f0" executionId="f60e514f-19a4-4718-a36c-000b4c057288" testListId="8c84fa94-04c1-424b-9868-57a2d4851a1d" />
    <TestEntry testId="ed65733d-7af3-f495-5fb1-3e84aed28606" executionId="cc5e59f3-0e1a-4c49-9f71-06ae9a4a4306" testListId="8c84fa94-04c1-424b-9868-57a2d4851a1d" />
    <TestEntry testId="84836fff-5066-5659-deb1-f30fe6cf59f2" executionId="b398f0da-221b-46aa-8225-a8b37971e965" testListId="8c84fa94-04c1-424b-9868-57a2d4851a1d" />
    <TestEntry testId="1397bb06-2115-0e62-eb47-0e650d5ec1ab" executionId="d0f39714-96f9-4f97-b5e6-53b0a0a76aaa" testListId="8c84fa94-04c1-424b-9868-57a2d4851a1d" />
    <TestEntry testId="9c68e8ba-d79b-4649-1a25-9088e672ac51" executionId="79bffbc6-0a8c-4dfe-ab43-332df518d043" testListId="8c84fa94-04c1-424b-9868-57a2d4851a1d" />
    <TestEntry testId="a65e734d-45c8-d2d9-06b2-e2f5db3a88c6" executionId="30865672-e580-4863-94c7-ee10d22692bf" testListId="8c84fa94-04c1-424b-9868-57a2d4851a1d" />
    <TestEntry testId="ab044dc5-46ec-22e2-2eee-9d2467c2c640" executionId="5e919688-39ff-470f-ad8c-695e32329b91" testListId="8c84fa94-04c1-424b-9868-57a2d4851a1d" />
    <TestEntry testId="28d58687-9a3c-83dc-7ff0-615b7cce9893" executionId="2771f592-270c-49ba-9d68-03369acf4864" testListId="8c84fa94-04c1-424b-9868-57a2d4851a1d" />
    <TestEntry testId="ddbf9f41-333e-ad7f-5f05-c14b6d215576" executionId="13d04056-1fc7-442b-b204-42f0cc695cf6" testListId="8c84fa94-04c1-424b-9868-57a2d4851a1d" />
    <TestEntry testId="b9931b0d-3bd6-388f-fc27-2598dbc51a4b" executionId="4b688684-842d-49f3-9696-01bcadae5e12" testListId="8c84fa94-04c1-424b-9868-57a2d4851a1d" />
    <TestEntry testId="249b2ac8-e68f-ba42-20ef-e0e8dbce8067" executionId="73014609-2eb1-47d4-88f4-7d891052ff5c" testListId="8c84fa94-04c1-424b-9868-57a2d4851a1d" />
    <TestEntry testId="63bda76b-9897-fc88-3daa-45c6aeb71a3f" executionId="dd4c0526-9871-4501-8fa1-8f6ab32dd501" testListId="8c84fa94-04c1-424b-9868-57a2d4851a1d" />
    <TestEntry testId="925664ea-f241-90ce-7bb2-fb84bcf32f7a" executionId="52f43bfb-56f1-4842-808f-c325c040438c" testListId="8c84fa94-04c1-424b-9868-57a2d4851a1d" />
    <TestEntry testId="5da3b2e4-6a9f-a9a6-4eb1-98b652557c46" executionId="4eac5282-8474-486b-91a3-d55b6531a838" testListId="8c84fa94-04c1-424b-9868-57a2d4851a1d" />
    <TestEntry testId="7dd8be0b-3cc0-5246-8517-74fcee7c02eb" executionId="78f27120-e088-4353-bc65-fb46fc246b64" testListId="8c84fa94-04c1-424b-9868-57a2d4851a1d" />
    <TestEntry testId="a828753d-bb9b-7fb8-4322-9fddca1c056b" executionId="984a99df-362e-4223-b1f5-cecbf35ae300" testListId="8c84fa94-04c1-424b-9868-57a2d4851a1d" />
    <TestEntry testId="687df4df-3aed-17f2-92c3-f7a65e0c7c53" executionId="0af699f7-f8a0-4d75-a50d-9d741cf83778" testListId="8c84fa94-04c1-424b-9868-57a2d4851a1d" />
    <TestEntry testId="346c6662-0edd-cc36-ad4f-90e5d7ae9dff" executionId="f771c59f-3ae0-448d-b60b-e8eeaa7c2cd0" testListId="8c84fa94-04c1-424b-9868-57a2d4851a1d" />
    <TestEntry testId="338f0f35-366f-e576-5590-d6b40c0f65f3" executionId="dc667531-35c0-4491-915d-a49568583644" testListId="8c84fa94-04c1-424b-9868-57a2d4851a1d" />
    <TestEntry testId="18b3de60-28a6-0693-3c77-327be7914558" executionId="5a29439e-cafc-4b08-9bc4-84329dcde273" testListId="8c84fa94-04c1-424b-9868-57a2d4851a1d" />
    <TestEntry testId="2c51d3b6-1bce-7242-bc6d-4c3bab5a68f1" executionId="9665f354-849c-43c6-b56b-7ece35d33685" testListId="8c84fa94-04c1-424b-9868-57a2d4851a1d" />
    <TestEntry testId="78071e57-0f3f-0eb8-0f70-0a63091fc8ea" executionId="870947b1-d988-4a83-8e91-98cf4aebf956" testListId="8c84fa94-04c1-424b-9868-57a2d4851a1d" />
    <TestEntry testId="dd08354a-dbba-b331-ea92-2d10eb1d0fce" executionId="14e4b0b3-866a-470a-9ebd-0c88592f3672" testListId="8c84fa94-04c1-424b-9868-57a2d4851a1d" />
    <TestEntry testId="88560383-7a45-4a35-1f88-1bd254fd94a7" executionId="ceb6b3c7-2eac-4a07-b06a-a464b8e7f023" testListId="8c84fa94-04c1-424b-9868-57a2d4851a1d" />
    <TestEntry testId="f6e27fe0-f979-15d0-c02d-597aa53727aa" executionId="33ab3e81-a1ca-4839-896d-ea314d14a8e0" testListId="8c84fa94-04c1-424b-9868-57a2d4851a1d" />
    <TestEntry testId="c62acbd5-f5ca-70bc-9003-eefbff2dbd95" executionId="0acae212-d035-4f30-97e8-2cf462d2b676" testListId="8c84fa94-04c1-424b-9868-57a2d4851a1d" />
    <TestEntry testId="757e6f2c-7e74-d8a0-5a5a-005c55559bcc" executionId="bf5f6489-f12f-4ee2-a0aa-23cd86095904" testListId="8c84fa94-04c1-424b-9868-57a2d4851a1d" />
    <TestEntry testId="6313edd0-c7f1-6a4c-49d6-de9a9caa9631" executionId="b558efa9-5a7f-44a8-9ad3-eeaa78c1bcb9" testListId="8c84fa94-04c1-424b-9868-57a2d4851a1d" />
    <TestEntry testId="8dbe9241-7d5f-15da-b04a-1ada9b786356" executionId="a946015c-64f1-4063-ac6c-b91e127497c0" testListId="8c84fa94-04c1-424b-9868-57a2d4851a1d" />
    <TestEntry testId="ebcd8270-e8ae-26ec-794a-535c952bff35" executionId="1b1ce9b3-c5bf-4c21-bcce-9ffb7c348943" testListId="8c84fa94-04c1-424b-9868-57a2d4851a1d" />
    <TestEntry testId="4fa59de3-16ee-f63a-90dc-e1083c762eaf" executionId="2f048a9b-fe0c-479d-b887-14742f28bc7f" testListId="8c84fa94-04c1-424b-9868-57a2d4851a1d" />
    <TestEntry testId="a363397a-b049-e8e3-0f2f-edcbc5a1470c" executionId="6983a120-1063-411d-ab38-136685146eb7" testListId="8c84fa94-04c1-424b-9868-57a2d4851a1d" />
    <TestEntry testId="161e78a2-985b-73b5-20a4-3feb854ec30e" executionId="40fc4468-d2be-41e0-a7fe-172194133c34" testListId="8c84fa94-04c1-424b-9868-57a2d4851a1d" />
    <TestEntry testId="595f6a65-900b-e46f-44db-f3736418db5b" executionId="8e954204-483c-48e5-8f1c-4d56e160d1f6" testListId="8c84fa94-04c1-424b-9868-57a2d4851a1d" />
    <TestEntry testId="b250ea56-6610-6e43-ecb1-15681dd59882" executionId="b052d6fc-fa11-402c-b400-76c673766482" testListId="8c84fa94-04c1-424b-9868-57a2d4851a1d" />
    <TestEntry testId="df9ce3dc-e15d-d5e4-5c59-819333fff628" executionId="43f718bb-2a55-4497-a878-fd4af5dec20d" testListId="8c84fa94-04c1-424b-9868-57a2d4851a1d" />
    <TestEntry testId="f3c5c92b-129c-ce91-00fd-5641143a8603" executionId="d985823b-3d05-449e-839a-bc586cdcfff6" testListId="8c84fa94-04c1-424b-9868-57a2d4851a1d" />
    <TestEntry testId="7103c3bf-290e-0e84-ab82-b0411b9aaf06" executionId="d5bc8f35-dd94-4f78-8619-41b97eb2b737" testListId="8c84fa94-04c1-424b-9868-57a2d4851a1d" />
    <TestEntry testId="41a8b570-2cd7-f1c5-8cce-3304a7315d93" executionId="b779e621-5d7e-4e9f-a33b-ae051a80857c" testListId="8c84fa94-04c1-424b-9868-57a2d4851a1d" />
    <TestEntry testId="6dc31423-c6e1-1e58-72ce-34561ebc651b" executionId="fbc6567c-707f-4d7f-bbea-9f73526f1ad0" testListId="8c84fa94-04c1-424b-9868-57a2d4851a1d" />
    <TestEntry testId="0a898da9-dffd-95c1-e7c6-9b21510a6c07" executionId="b6f36585-a9c5-4c7b-9592-918d9e5ce089" testListId="8c84fa94-04c1-424b-9868-57a2d4851a1d" />
    <TestEntry testId="564c086f-2644-89cd-217d-660107701449" executionId="dc7dc3a1-78cc-4845-9a17-f4cf11189925" testListId="8c84fa94-04c1-424b-9868-57a2d4851a1d" />
    <TestEntry testId="32c6af81-7f72-ae75-868d-39dbfdfbacf5" executionId="b670eb59-75f4-4e02-bcf6-f2429f13d107" testListId="8c84fa94-04c1-424b-9868-57a2d4851a1d" />
    <TestEntry testId="2236bcfd-9f7b-7b49-98ae-7a33571d1d8d" executionId="ddb81e7c-cdd2-4e8b-9420-9d1969ee11a5" testListId="8c84fa94-04c1-424b-9868-57a2d4851a1d" />
    <TestEntry testId="02b2ecf0-344b-f2d8-9989-75e3a6ad38f1" executionId="bae61edb-7f2f-4d2d-8b39-a75f3df34efc" testListId="8c84fa94-04c1-424b-9868-57a2d4851a1d" />
    <TestEntry testId="9b8906a6-79be-0e23-6f06-b03319ed63b9" executionId="900a3283-6a06-4dc5-91aa-7f1c7dc8394a" testListId="8c84fa94-04c1-424b-9868-57a2d4851a1d" />
    <TestEntry testId="fb1051f4-7c0e-47f7-1ca4-457f2fed6fc8" executionId="7825bea5-0291-4ab5-9f5a-aaad9441d4ed" testListId="8c84fa94-04c1-424b-9868-57a2d4851a1d" />
    <TestEntry testId="f64fc73a-8eca-1242-c007-1a6c4232130f" executionId="6d06fbd7-d5b9-49b1-8744-aac272dc48c2" testListId="8c84fa94-04c1-424b-9868-57a2d4851a1d" />
    <TestEntry testId="9101ab3b-170b-d074-831e-6bbc24513159" executionId="ff90b828-22fe-45f1-a299-ddefb9e55aa0" testListId="8c84fa94-04c1-424b-9868-57a2d4851a1d" />
    <TestEntry testId="b741ee7a-e6f0-2058-da0b-e4c9dde534c3" executionId="3247c2cd-ba5c-4f1d-9ff2-c4ae085b5fe6" testListId="8c84fa94-04c1-424b-9868-57a2d4851a1d" />
    <TestEntry testId="093c6a46-e3b1-4e81-ea85-713dc797f64e" executionId="ecd19e41-ab28-44c9-9caf-140c4aa00361" testListId="8c84fa94-04c1-424b-9868-57a2d4851a1d" />
    <TestEntry testId="d0d08358-736f-27e8-0ef9-204e43fa6c4d" executionId="19d59b30-5708-4048-9a3f-c91893a39b00" testListId="8c84fa94-04c1-424b-9868-57a2d4851a1d" />
    <TestEntry testId="7a445a81-f4ec-22c7-8ca5-d27f5cfca804" executionId="2e696403-1316-4d8a-8c18-3ceb4be47539" testListId="8c84fa94-04c1-424b-9868-57a2d4851a1d" />
    <TestEntry testId="dd87ee55-be86-4561-2c78-31eae9576adb" executionId="62d71f46-7427-40cd-a5b5-8ac3348d479f" testListId="8c84fa94-04c1-424b-9868-57a2d4851a1d" />
    <TestEntry testId="6724e4f1-a2a0-88f4-a38f-02052c7a33f5" executionId="76f4dec5-7cd7-4aef-ac1a-729059f2b56f" testListId="8c84fa94-04c1-424b-9868-57a2d4851a1d" />
    <TestEntry testId="64db45f7-a1e7-2f85-1ccb-40bdd95795a4" executionId="1ece3f93-9f67-4a9e-8f15-51e3e968c71e" testListId="8c84fa94-04c1-424b-9868-57a2d4851a1d" />
    <TestEntry testId="8872864a-b6f9-7c4e-549d-25987a6de165" executionId="72267f0a-4b95-49ce-bb7b-8aa2f9110874" testListId="8c84fa94-04c1-424b-9868-57a2d4851a1d" />
    <TestEntry testId="bb1cdb21-163e-5d0c-3e09-b402ddc7bfed" executionId="015df345-56d0-438e-979c-1d60b58793bf" testListId="8c84fa94-04c1-424b-9868-57a2d4851a1d" />
    <TestEntry testId="ea46db01-4d22-4ba0-0f88-098fd49f94c1" executionId="654454be-5e6c-4df0-b5f0-af121a5a68e1" testListId="8c84fa94-04c1-424b-9868-57a2d4851a1d" />
    <TestEntry testId="6144c959-1755-c3dd-7cef-76f3edd5e264" executionId="7ad4169c-a084-427c-a256-50e90cff5701" testListId="8c84fa94-04c1-424b-9868-57a2d4851a1d" />
    <TestEntry testId="77f7ee0e-886f-f898-6f5d-3b61078bccf6" executionId="036c770d-066b-4dfc-a91b-6003c77ad75d" testListId="8c84fa94-04c1-424b-9868-57a2d4851a1d" />
    <TestEntry testId="2ad6e120-d9a9-8c8f-b8c4-8df96217afde" executionId="1a06f375-750a-49f8-8ff8-95ca08584848" testListId="8c84fa94-04c1-424b-9868-57a2d4851a1d" />
    <TestEntry testId="1afc3708-f9f2-1899-b0c8-9a23a00892d0" executionId="c145505b-bd00-422d-9786-79a5e5d06fca" testListId="8c84fa94-04c1-424b-9868-57a2d4851a1d" />
    <TestEntry testId="6076c739-3e10-92f4-3ec4-0352280e9551" executionId="03d49d5a-b4e9-4589-9b90-af48b290e164" testListId="8c84fa94-04c1-424b-9868-57a2d4851a1d" />
    <TestEntry testId="c182167c-eed5-d433-5f05-9b16b5f214d2" executionId="806a2efe-1c80-403c-881c-b39789ac0f6a" testListId="8c84fa94-04c1-424b-9868-57a2d4851a1d" />
    <TestEntry testId="510f488c-f92d-9264-a2ec-36cdef2d5fcc" executionId="18d4cd6b-aafe-4436-90e3-3a85fa408c22" testListId="8c84fa94-04c1-424b-9868-57a2d4851a1d" />
    <TestEntry testId="42128f80-2763-b343-717b-a3b1c007eecb" executionId="1fc39164-7a34-4cce-8def-9a5c1bd023bd" testListId="8c84fa94-04c1-424b-9868-57a2d4851a1d" />
    <TestEntry testId="f7358e73-f45b-ed04-d227-c7ce733a2b97" executionId="39ac881b-9a12-48ac-b50b-1663801cbe5e" testListId="8c84fa94-04c1-424b-9868-57a2d4851a1d" />
    <TestEntry testId="51f0d52a-a255-7a92-fcbc-d358b1f05aba" executionId="0d0e7730-00e0-4ffe-a123-d3013579d105" testListId="8c84fa94-04c1-424b-9868-57a2d4851a1d" />
    <TestEntry testId="217673f1-9964-d1c6-721a-99bdd8567cb8" executionId="d91ca6f7-88ef-4917-8dce-ce9e27cf3c5c" testListId="8c84fa94-04c1-424b-9868-57a2d4851a1d" />
    <TestEntry testId="4a0a4794-a815-d62d-213d-900e17753073" executionId="695b0464-cd7b-414f-9e3b-b5bbc0ccf159" testListId="8c84fa94-04c1-424b-9868-57a2d4851a1d" />
    <TestEntry testId="fc635ae0-ae9b-6db5-4856-13ca6bd520f6" executionId="1dcdc005-cad7-4056-818c-d611bc913af4" testListId="8c84fa94-04c1-424b-9868-57a2d4851a1d" />
  </TestEntries>
  <TestLists>
    <TestList name="Results Not in a List" id="8c84fa94-04c1-424b-9868-57a2d4851a1d" />
    <TestList name="All Loaded Results" id="19431567-8539-422a-85d7-44ee4e166bda" />
  </TestLists>
  <ResultSummary outcome="Completed">
    <Counters total="987" executed="987" passed="987" failed="0" error="0" timeout="0" aborted="0" inconclusive="0" passedButRunAborted="0" notRunnable="0" notExecuted="0" disconnected="0" warning="0" completed="0" inProgress="0" pending="0" />
    <Output>
      <StdOut>NUnit Adapter 4.5.0.0: Test execution started
Running all tests in /home/runner/work/typespec/typespec/packages/http-client-csharp/generator/artifacts/bin/Microsoft.TypeSpec.Generator.Tests/Debug/net8.0/Microsoft.TypeSpec.Generator.Tests.dll
   NUnit3TestExecutor discovered 987 of 987 NUnit test cases using Current Discovery mode, Non-Explicit run
NUnit Adapter 4.5.0.0: Test execution complete
</StdOut>
    </Output>
  </ResultSummary>
</TestRun>