<?xml version="1.0" encoding="utf-8"?>
<TestRun id="cb2d9a89-41f3-4234-b200-769c4a93073a" name="@pkrvmxyh4eaekms 2025-06-24 21:13:30" xmlns="http://microsoft.com/schemas/VisualStudio/TeamTest/2010">
  <Times creation="2025-06-24T21:13:30.1735802+00:00" queuing="2025-06-24T21:13:30.1735803+00:00" start="2025-06-24T21:13:28.2581452+00:00" finish="2025-06-24T21:13:39.0647268+00:00" />
  <TestSettings name="default" id="173dace7-27d6-41a2-b112-6733310e0492">
    <Deployment runDeploymentRoot="_pkrvmxyh4eaekms_2025-06-24_21_13_30" />
  </TestSettings>
  <Results>
    <UnitTestResult executionId="1fab6be8-e5c3-4b4e-a8b8-9cbb914ebc2d" testId="755d7606-d5aa-0b3e-76f8-b88c66525cda" testName="TestBuildJsonModelCreateMethodProperlyCastsForDiscriminatedType" computerName="pkrvmxyh4eaekms" duration="00:00:00.0039410" startTime="2025-06-24T21:13:35.2233960+00:00" endTime="2025-06-24T21:13:35.2273373+00:00" testType="13cdc9d9-ddb5-4fa4-a97d-d965ccfc6d4b" outcome="Passed" testListId="8c84fa94-04c1-424b-9868-57a2d4851a1d" relativeResultsDirectory="1fab6be8-e5c3-4b4e-a8b8-9cbb914ebc2d" />
    <UnitTestResult executionId="3b89feb5-0da6-46cf-ac72-ee031844b8cd" testId="b7c7001e-793c-7454-421c-2aec45c8798a" testName="RoundTripWithModelReaderWriterNonGeneric(&quot;J&quot;)" computerName="pkrvmxyh4eaekms" duration="00:00:00.0004120" startTime="2025-06-24T21:13:30.0907849+00:00" endTime="2025-06-24T21:13:30.0911963+00:00" testType="13cdc9d9-ddb5-4fa4-a97d-d965ccfc6d4b" outcome="Passed" testListId="8c84fa94-04c1-424b-9868-57a2d4851a1d" relativeResultsDirectory="3b89feb5-0da6-46cf-ac72-ee031844b8cd" />
    <UnitTestResult executionId="bc4918b7-2fb4-4726-bec7-9db184b79887" testId="79b6f9be-b651-a2de-ef36-a93ea3499229" testName="AppendQueryDelimited(&quot;http://localhost&quot;,[&quot;hello&quot;, &quot;world&quot;],&quot;|&quot;,True,&quot;http://localhost/?query=hello|world&quot;)" computerName="pkrvmxyh4eaekms" duration="00:00:00.0001160" startTime="2025-06-24T21:13:34.5330341+00:00" endTime="2025-06-24T21:13:34.5331495+00:00" testType="13cdc9d9-ddb5-4fa4-a97d-d965ccfc6d4b" outcome="Passed" testListId="8c84fa94-04c1-424b-9868-57a2d4851a1d" relativeResultsDirectory="bc4918b7-2fb4-4726-bec7-9db184b79887" />
    <UnitTestResult executionId="2697d09d-a757-4ff0-8b3a-0ccfff3bbdc0" testId="35b2bf0f-1bb3-7eee-c109-7d928c5b6267" testName="NextLinkInBody" computerName="pkrvmxyh4eaekms" duration="00:00:00.0066140" startTime="2025-06-24T21:13:34.6406917+00:00" endTime="2025-06-24T21:13:34.6473058+00:00" testType="13cdc9d9-ddb5-4fa4-a97d-d965ccfc6d4b" outcome="Passed" testListId="8c84fa94-04c1-424b-9868-57a2d4851a1d" relativeResultsDirectory="2697d09d-a757-4ff0-8b3a-0ccfff3bbdc0" />
    <UnitTestResult executionId="8692ad18-14fa-4977-9080-043577abde04" testId="cfeeaaa1-a853-5f42-38dd-9d668c2073fd" testName="ThrowsIfWireIsNotJson" computerName="pkrvmxyh4eaekms" duration="00:00:00.0001550" startTime="2025-06-24T21:13:30.2371052+00:00" endTime="2025-06-24T21:13:30.2372606+00:00" testType="13cdc9d9-ddb5-4fa4-a97d-d965ccfc6d4b" outcome="Passed" testListId="8c84fa94-04c1-424b-9868-57a2d4851a1d" relativeResultsDirectory="8692ad18-14fa-4977-9080-043577abde04" />
    <UnitTestResult executionId="3e84f8e5-558d-4568-811d-6b4548c1c65c" testId="73d16d0c-278b-af64-2466-26e71375a3bd" testName="SnakeCaseSerializedName" computerName="pkrvmxyh4eaekms" duration="00:00:00.0010150" startTime="2025-06-24T21:13:35.2650386+00:00" endTime="2025-06-24T21:13:35.2660531+00:00" testType="13cdc9d9-ddb5-4fa4-a97d-d965ccfc6d4b" outcome="Passed" testListId="8c84fa94-04c1-424b-9868-57a2d4851a1d" relativeResultsDirectory="3e84f8e5-558d-4568-811d-6b4548c1c65c" />
    <UnitTestResult executionId="7af411e6-66b0-4690-8d5b-25930e82bb7f" testId="dcc2c800-d9b9-49e9-1202-6d1e7f1fc1e2" testName="ThrowsIfUnknownFormat" computerName="pkrvmxyh4eaekms" duration="00:00:00.0130430" startTime="2025-06-24T21:13:30.0640677+00:00" endTime="2025-06-24T21:13:30.0771110+00:00" testType="13cdc9d9-ddb5-4fa4-a97d-d965ccfc6d4b" outcome="Passed" testListId="8c84fa94-04c1-424b-9868-57a2d4851a1d" relativeResultsDirectory="7af411e6-66b0-4690-8d5b-25930e82bb7f" />
    <UnitTestResult executionId="a8cd4d3d-ab62-4827-ab76-9651c4c32fd9" testId="633faebd-f1aa-b19f-4840-fe1f8cb24aaa" testName="RoundTripWithJsonInterfaceNonGeneric(&quot;J&quot;)" computerName="pkrvmxyh4eaekms" duration="00:00:00.1005550" startTime="2025-06-24T21:13:30.0926909+00:00" endTime="2025-06-24T21:13:30.1932457+00:00" testType="13cdc9d9-ddb5-4fa4-a97d-d965ccfc6d4b" outcome="Passed" testListId="8c84fa94-04c1-424b-9868-57a2d4851a1d" relativeResultsDirectory="a8cd4d3d-ab62-4827-ab76-9651c4c32fd9" />
    <UnitTestResult executionId="f455775c-c3f3-4108-9547-8bdb83faf8ba" testId="0205f87e-48c5-9939-4e7f-5d740be0ddd9" testName="AppendQuery_DateTimeOffset(&quot;http://localhost&quot;,&quot;6/30/1905 1:14:00 PM +00:00&quot;,&quot;O&quot;,True,&quot;http://localhost/?query=1905-06-30T13%3A14%3A00.0000000Z&quot;)" computerName="pkrvmxyh4eaekms" duration="00:00:00.0001670" startTime="2025-06-24T21:13:34.5222454+00:00" endTime="2025-06-24T21:13:34.5224127+00:00" testType="13cdc9d9-ddb5-4fa4-a97d-d965ccfc6d4b" outcome="Passed" testListId="8c84fa94-04c1-424b-9868-57a2d4851a1d" relativeResultsDirectory="f455775c-c3f3-4108-9547-8bdb83faf8ba" />
    <UnitTestResult executionId="dadad2bb-7280-420e-b434-cd7f1225c8d1" testId="5eb3f986-7ddf-5527-7d0a-1a62f3ed87dd" testName="RoundTripWithJsonInterfaceUtf8Reader(&quot;J&quot;)" computerName="pkrvmxyh4eaekms" duration="00:00:00.0009530" startTime="2025-06-24T21:13:30.0834305+00:00" endTime="2025-06-24T21:13:30.0843833+00:00" testType="13cdc9d9-ddb5-4fa4-a97d-d965ccfc6d4b" outcome="Passed" testListId="8c84fa94-04c1-424b-9868-57a2d4851a1d" relativeResultsDirectory="dadad2bb-7280-420e-b434-cd7f1225c8d1" />
    <UnitTestResult executionId="aa4033ba-b6d3-48f4-b75c-e8aedafce07b" testId="48fd316c-30a1-09ce-b3db-3f8f54806915" testName="RoundTripWithModelReaderWriterNonGeneric(&quot;J&quot;)" computerName="pkrvmxyh4eaekms" duration="00:00:00.0010790" startTime="2025-06-24T21:13:30.2884264+00:00" endTime="2025-06-24T21:13:30.2895051+00:00" testType="13cdc9d9-ddb5-4fa4-a97d-d965ccfc6d4b" outcome="Passed" testListId="8c84fa94-04c1-424b-9868-57a2d4851a1d" relativeResultsDirectory="aa4033ba-b6d3-48f4-b75c-e8aedafce07b" />
    <UnitTestResult executionId="66e826de-48ec-4480-ba68-8f40a57e4126" testId="1f242f8f-75c5-9055-debb-fe84e1ee32f9" testName="RequestOptionsOptionality(False,True,False)" computerName="pkrvmxyh4eaekms" duration="00:00:00.0023450" startTime="2025-06-24T21:13:38.7251439+00:00" endTime="2025-06-24T21:13:38.7274884+00:00" testType="13cdc9d9-ddb5-4fa4-a97d-d965ccfc6d4b" outcome="Passed" testListId="8c84fa94-04c1-424b-9868-57a2d4851a1d" relativeResultsDirectory="66e826de-48ec-4480-ba68-8f40a57e4126" />
    <UnitTestResult executionId="01530b14-5e75-4efc-91b9-b644276387dc" testId="8f7b5522-b0fe-db54-4f78-7c3f55c90f68" testName="TestNestedDiscriminatedModelWithOwnDiscriminator" computerName="pkrvmxyh4eaekms" duration="00:00:00.0074670" startTime="2025-06-24T21:13:35.2311474+00:00" endTime="2025-06-24T21:13:35.2386139+00:00" testType="13cdc9d9-ddb5-4fa4-a97d-d965ccfc6d4b" outcome="Passed" testListId="8c84fa94-04c1-424b-9868-57a2d4851a1d" relativeResultsDirectory="01530b14-5e75-4efc-91b9-b644276387dc" />
    <UnitTestResult executionId="d1554174-6903-4b5d-8cc9-315c4a2fd441" testId="6539ef61-00d3-0628-76fb-ca399d3cc346" testName="AppendQuery_Bool(&quot;http://localhost&quot;,True,True,&quot;http://localhost/?query=true&quot;)" computerName="pkrvmxyh4eaekms" duration="00:00:00.0008170" startTime="2025-06-24T21:13:34.5188386+00:00" endTime="2025-06-24T21:13:34.5196558+00:00" testType="13cdc9d9-ddb5-4fa4-a97d-d965ccfc6d4b" outcome="Passed" testListId="8c84fa94-04c1-424b-9868-57a2d4851a1d" relativeResultsDirectory="d1554174-6903-4b5d-8cc9-315c4a2fd441" />
    <UnitTestResult executionId="b50f0ac5-9e35-40d4-bc38-12b68f24ad43" testId="58e7c7f4-792d-ea21-f736-0d57a96ac2e7" testName="TestEqualAfterConvertingToUtc(&quot;Mon, 04 May 2020 03:02:01&quot;)" computerName="pkrvmxyh4eaekms" duration="00:00:00.0000920" startTime="2025-06-24T21:13:38.7407878+00:00" endTime="2025-06-24T21:13:38.7408801+00:00" testType="13cdc9d9-ddb5-4fa4-a97d-d965ccfc6d4b" outcome="Passed" testListId="8c84fa94-04c1-424b-9868-57a2d4851a1d" relativeResultsDirectory="b50f0ac5-9e35-40d4-bc38-12b68f24ad43" />
    <UnitTestResult executionId="9c051886-ed78-49e9-9541-1f43504e189f" testId="8d4d0b58-570b-769d-8db0-79356b613256" testName="CanCustomizeModelName" computerName="pkrvmxyh4eaekms" duration="00:00:00.1239160" startTime="2025-06-24T21:13:35.6931600+00:00" endTime="2025-06-24T21:13:35.8170755+00:00" testType="13cdc9d9-ddb5-4fa4-a97d-d965ccfc6d4b" outcome="Passed" testListId="8c84fa94-04c1-424b-9868-57a2d4851a1d" relativeResultsDirectory="9c051886-ed78-49e9-9541-1f43504e189f" />
    <UnitTestResult executionId="8be994fe-e1a1-4f18-83a9-1715b546f6e5" testId="d82a3974-a1b3-5452-a547-6e33ca1a063c" testName="TestBuildAuthFields_WithSubClients_NoAuth(Microsoft.TypeSpec.Generator.Input.InputClient)" computerName="pkrvmxyh4eaekms" duration="00:00:00.0018250" startTime="2025-06-24T21:13:34.0815887+00:00" endTime="2025-06-24T21:13:34.0834131+00:00" testType="13cdc9d9-ddb5-4fa4-a97d-d965ccfc6d4b" outcome="Passed" testListId="8c84fa94-04c1-424b-9868-57a2d4851a1d" relativeResultsDirectory="8be994fe-e1a1-4f18-83a9-1715b546f6e5" />
    <UnitTestResult executionId="6f98216a-e3a4-4d76-be33-2799bf536d8a" testId="63fc2dd7-d482-b316-024a-fe582ae69c29" testName="RoundTripWithModelCast(&quot;W&quot;)" computerName="pkrvmxyh4eaekms" duration="00:00:00.0016340" startTime="2025-06-24T21:13:30.2514559+00:00" endTime="2025-06-24T21:13:30.2530897+00:00" testType="13cdc9d9-ddb5-4fa4-a97d-d965ccfc6d4b" outcome="Passed" testListId="8c84fa94-04c1-424b-9868-57a2d4851a1d" relativeResultsDirectory="6f98216a-e3a4-4d76-be33-2799bf536d8a" />
    <UnitTestResult executionId="27d3441f-bc2d-46af-b9e3-819a55f85a69" testId="a5fa8019-cbff-efe6-e9ea-4195f8c23b49" testName="RoundTripWithJsonInterfaceNonGeneric(&quot;W&quot;)" computerName="pkrvmxyh4eaekms" duration="00:00:00.0028509" startTime="2025-06-24T21:13:30.1936600+00:00" endTime="2025-06-24T21:13:30.1965106+00:00" testType="13cdc9d9-ddb5-4fa4-a97d-d965ccfc6d4b" outcome="Passed" testListId="8c84fa94-04c1-424b-9868-57a2d4851a1d" relativeResultsDirectory="27d3441f-bc2d-46af-b9e3-819a55f85a69" />
    <UnitTestResult executionId="89534eb6-c594-4e14-a74b-273bd63d8e40" testId="75ea94fd-3e39-2426-5e3d-01bde1d3cfe1" testName="TestBuildConstructors_SecondaryConstructor(System.Collections.Generic.List`1[Microsoft.TypeSpec.Generator.Input.InputParameter])" computerName="pkrvmxyh4eaekms" duration="00:00:00.0014720" startTime="2025-06-24T21:13:34.1740631+00:00" endTime="2025-06-24T21:13:34.1755353+00:00" testType="13cdc9d9-ddb5-4fa4-a97d-d965ccfc6d4b" outcome="Passed" testListId="8c84fa94-04c1-424b-9868-57a2d4851a1d" relativeResultsDirectory="89534eb6-c594-4e14-a74b-273bd63d8e40" />
    <UnitTestResult executionId="39c88e7b-19cf-4653-ba28-746ce8adf499" testId="5c12f93f-3c59-134e-f070-61c48d0d89a9" testName="NextLinkInBodyMultipleClients" computerName="pkrvmxyh4eaekms" duration="00:00:00.0055470" startTime="2025-06-24T21:13:34.6512683+00:00" endTime="2025-06-24T21:13:34.6568146+00:00" testType="13cdc9d9-ddb5-4fa4-a97d-d965ccfc6d4b" outcome="Passed" testListId="8c84fa94-04c1-424b-9868-57a2d4851a1d" relativeResultsDirectory="39c88e7b-19cf-4653-ba28-746ce8adf499" />
    <UnitTestResult executionId="dba5c955-6a6f-4141-a8d2-07a804f3b784" testId="2be290df-7d92-5723-935e-13156fa041e9" testName="TestBuildConstructors_PrimaryConstructor(System.Collections.Generic.List`1[Microsoft.TypeSpec.Generator.Input.InputParameter])" computerName="pkrvmxyh4eaekms" duration="00:00:00.0018540" startTime="2025-06-24T21:13:34.1478701+00:00" endTime="2025-06-24T21:13:34.1497237+00:00" testType="13cdc9d9-ddb5-4fa4-a97d-d965ccfc6d4b" outcome="Passed" testListId="8c84fa94-04c1-424b-9868-57a2d4851a1d" relativeResultsDirectory="dba5c955-6a6f-4141-a8d2-07a804f3b784" />
    <UnitTestResult executionId="3d1eefd3-2d15-473a-89c7-7fda3159e300" testId="03889508-d11c-a85a-6eb7-81f82cc32dd5" testName="RoundTripWithModelReaderWriterNonGeneric(&quot;W&quot;)" computerName="pkrvmxyh4eaekms" duration="00:00:00.0028120" startTime="2025-06-24T21:13:30.2321960+00:00" endTime="2025-06-24T21:13:30.2350083+00:00" testType="13cdc9d9-ddb5-4fa4-a97d-d965ccfc6d4b" outcome="Passed" testListId="8c84fa94-04c1-424b-9868-57a2d4851a1d" relativeResultsDirectory="3d1eefd3-2d15-473a-89c7-7fda3159e300" />
    <UnitTestResult executionId="9c7e06d0-498e-48ae-8be4-13a618bc69ba" testId="f3e6285d-8759-0c1f-5ba3-a84991fcb85d" testName="TestEqualAfterConvertingToUtc(&quot;2020-05-04T03:02:01.1230000+08:00&quot;)" computerName="pkrvmxyh4eaekms" duration="00:00:00.0008200" startTime="2025-06-24T21:13:38.7392327+00:00" endTime="2025-06-24T21:13:38.7400521+00:00" testType="13cdc9d9-ddb5-4fa4-a97d-d965ccfc6d4b" outcome="Passed" testListId="8c84fa94-04c1-424b-9868-57a2d4851a1d" relativeResultsDirectory="9c7e06d0-498e-48ae-8be4-13a618bc69ba" />
    <UnitTestResult executionId="3a96c56e-ee1c-43f3-8aee-63530c87c61f" testId="a24279c5-ea3c-440e-0894-883622bfcf6b" testName="AppendQuery_DateTimeOffset(&quot;http://localhost&quot;,&quot;6/30/1905 1:14:00 PM +00:00&quot;,&quot;D&quot;,True,&quot;http://localhost/?query=1905-06-30&quot;)" computerName="pkrvmxyh4eaekms" duration="00:00:00.0004740" startTime="2025-06-24T21:13:34.5212457+00:00" endTime="2025-06-24T21:13:34.5217200+00:00" testType="13cdc9d9-ddb5-4fa4-a97d-d965ccfc6d4b" outcome="Passed" testListId="8c84fa94-04c1-424b-9868-57a2d4851a1d" relativeResultsDirectory="3a96c56e-ee1c-43f3-8aee-63530c87c61f" />
    <UnitTestResult executionId="67ed1203-c55f-430a-9ce2-4f4f8b11a7df" testId="d57e935f-56fe-04b0-88db-49c67d440c2e" testName="FormatsTimeSpanAsJson(&quot;P&quot;,1.02:59:59,&quot;P1DT2H59M59S&quot;)" computerName="pkrvmxyh4eaekms" duration="00:00:00.0011080" startTime="2025-06-24T21:13:38.7371419+00:00" endTime="2025-06-24T21:13:38.7382494+00:00" testType="13cdc9d9-ddb5-4fa4-a97d-d965ccfc6d4b" outcome="Passed" testListId="8c84fa94-04c1-424b-9868-57a2d4851a1d" relativeResultsDirectory="67ed1203-c55f-430a-9ce2-4f4f8b11a7df" />
    <UnitTestResult executionId="818defb1-6f47-4e3c-a5ff-b109a8809365" testId="d1093ddf-4b56-d096-51d1-5583aef8d68c" testName="ResetThenAppendPathThenAppendQuery(&quot;http://localhost/&quot;,&quot;/some&quot;,&quot;one|1&quot;,&quot;http://localhost/some?one=1&quot;)" computerName="pkrvmxyh4eaekms" duration="00:00:00.0001080" startTime="2025-06-24T21:13:34.5424997+00:00" endTime="2025-06-24T21:13:34.5426082+00:00" testType="13cdc9d9-ddb5-4fa4-a97d-d965ccfc6d4b" outcome="Passed" testListId="8c84fa94-04c1-424b-9868-57a2d4851a1d" relativeResultsDirectory="818defb1-6f47-4e3c-a5ff-b109a8809365" />
    <UnitTestResult executionId="2317e78b-09d3-4d61-9d7c-51e464bd63c9" testId="99b67a54-d7db-1b12-07ea-4b73cefe84fb" testName="TestEqualAfterConvertingToUtc(&quot;Mon, 04 May 2020 03:02:01 GMT&quot;)" computerName="pkrvmxyh4eaekms" duration="00:00:00.0000980" startTime="2025-06-24T21:13:38.7406759+00:00" endTime="2025-06-24T21:13:38.7407740+00:00" testType="13cdc9d9-ddb5-4fa4-a97d-d965ccfc6d4b" outcome="Passed" testListId="8c84fa94-04c1-424b-9868-57a2d4851a1d" relativeResultsDirectory="2317e78b-09d3-4d61-9d7c-51e464bd63c9" />
    <UnitTestResult executionId="0e3271f3-8c25-473d-8867-9bd3d8b6fd5c" testId="62df222b-b5ff-5932-f094-7397c0131b87" testName="EndpointAppliedInCreateMethodRequest(&quot;https://{hostName}&quot;,&quot;hostName&quot;)" computerName="pkrvmxyh4eaekms" duration="00:00:00.0026520" startTime="2025-06-24T21:13:33.9308297+00:00" endTime="2025-06-24T21:13:33.9334821+00:00" testType="13cdc9d9-ddb5-4fa4-a97d-d965ccfc6d4b" outcome="Passed" testListId="8c84fa94-04c1-424b-9868-57a2d4851a1d" relativeResultsDirectory="0e3271f3-8c25-473d-8867-9bd3d8b6fd5c" />
    <UnitTestResult executionId="f9313d43-2ddb-486d-a8d1-de1252bc3f7b" testId="e5e96db0-2afd-1720-d8f8-60e737e02cce" testName="TestNestedTypes(False)" computerName="pkrvmxyh4eaekms" duration="00:00:00.0019990" startTime="2025-06-24T21:13:32.4148914+00:00" endTime="2025-06-24T21:13:32.4168898+00:00" testType="13cdc9d9-ddb5-4fa4-a97d-d965ccfc6d4b" outcome="Passed" testListId="8c84fa94-04c1-424b-9868-57a2d4851a1d" relativeResultsDirectory="f9313d43-2ddb-486d-a8d1-de1252bc3f7b" />
    <UnitTestResult executionId="f1f28bdc-387e-44b1-8cb6-c5d585d02f4d" testId="71d82155-81ae-2027-d8cd-1453a0d28522" testName="ValidateBodyOfClientOperationIsOverridden" computerName="pkrvmxyh4eaekms" duration="00:00:00.0067160" startTime="2025-06-24T21:13:30.3505232+00:00" endTime="2025-06-24T21:13:30.3572390+00:00" testType="13cdc9d9-ddb5-4fa4-a97d-d965ccfc6d4b" outcome="Passed" testListId="8c84fa94-04c1-424b-9868-57a2d4851a1d" relativeResultsDirectory="f1f28bdc-387e-44b1-8cb6-c5d585d02f4d" />
    <UnitTestResult executionId="c7f6a85a-f46d-4d92-81d0-132b1bd97091" testId="3de26f97-04f3-7779-840b-49de49e85f73" testName="ResetThenAppendPath(&quot;http://localhost:12345/with&quot;,null,&quot;http://localhost:12345/with&quot;)" computerName="pkrvmxyh4eaekms" duration="00:00:00.0002070" startTime="2025-06-24T21:13:34.5354839+00:00" endTime="2025-06-24T21:13:34.5356910+00:00" testType="13cdc9d9-ddb5-4fa4-a97d-d965ccfc6d4b" outcome="Passed" testListId="8c84fa94-04c1-424b-9868-57a2d4851a1d" relativeResultsDirectory="c7f6a85a-f46d-4d92-81d0-132b1bd97091" />
    <UnitTestResult executionId="47db7ae2-b29e-4658-920b-3d34e156f257" testId="b2903119-1d6e-0bc6-5662-cedf6f3c55e9" testName="TestGetMethodParameters(Microsoft.TypeSpec.Generator.Input.InputBasicServiceMethod)" computerName="pkrvmxyh4eaekms" duration="00:00:00.0013230" startTime="2025-06-24T21:13:38.5740773+00:00" endTime="2025-06-24T21:13:38.5754006+00:00" testType="13cdc9d9-ddb5-4fa4-a97d-d965ccfc6d4b" outcome="Passed" testListId="8c84fa94-04c1-424b-9868-57a2d4851a1d" relativeResultsDirectory="47db7ae2-b29e-4658-920b-3d34e156f257" />
    <UnitTestResult executionId="a2332f6b-4964-4b3d-9eec-801a6ac2fd76" testId="779909c1-7cde-1cc8-f8b8-418d64f97a54" testName="ValidateConvertToString(&quot;P&quot;,1.02:59:59,&quot;P1DT2H59M59S&quot;)" computerName="pkrvmxyh4eaekms" duration="00:00:00.0002350" startTime="2025-06-24T21:13:38.7451352+00:00" endTime="2025-06-24T21:13:38.7453705+00:00" testType="13cdc9d9-ddb5-4fa4-a97d-d965ccfc6d4b" outcome="Passed" testListId="8c84fa94-04c1-424b-9868-57a2d4851a1d" relativeResultsDirectory="a2332f6b-4964-4b3d-9eec-801a6ac2fd76" />
    <UnitTestResult executionId="7ad8b99e-dbbd-48e2-9690-dc254ec50bc9" testId="dec96545-7b70-bd7d-1c36-430957762403" testName="TestBuildImplements" computerName="pkrvmxyh4eaekms" duration="00:00:00.0020030" startTime="2025-06-24T21:13:36.5717348+00:00" endTime="2025-06-24T21:13:36.5737378+00:00" testType="13cdc9d9-ddb5-4fa4-a97d-d965ccfc6d4b" outcome="Passed" testListId="8c84fa94-04c1-424b-9868-57a2d4851a1d" relativeResultsDirectory="7ad8b99e-dbbd-48e2-9690-dc254ec50bc9" />
    <UnitTestResult executionId="db4dd52c-6891-4522-9e4d-f285f1d92610" testId="43806d68-607b-69b7-029c-895db69c2a44" testName="CanCustomizeEnumToFieldFrameworkType" computerName="pkrvmxyh4eaekms" duration="00:00:00.1285920" startTime="2025-06-24T21:13:35.3746363+00:00" endTime="2025-06-24T21:13:35.5032275+00:00" testType="13cdc9d9-ddb5-4fa4-a97d-d965ccfc6d4b" outcome="Passed" testListId="8c84fa94-04c1-424b-9868-57a2d4851a1d" relativeResultsDirectory="db4dd52c-6891-4522-9e4d-f285f1d92610" />
    <UnitTestResult executionId="880fa44d-df98-42ac-98ab-66c7756edfcd" testId="1f529619-47ad-664f-ed2a-aae54577d440" testName="ValidateQueryParamWriterDiff(False)" computerName="pkrvmxyh4eaekms" duration="00:00:00.0036110" startTime="2025-06-24T21:13:34.3259618+00:00" endTime="2025-06-24T21:13:34.3295725+00:00" testType="13cdc9d9-ddb5-4fa4-a97d-d965ccfc6d4b" outcome="Passed" testListId="8c84fa94-04c1-424b-9868-57a2d4851a1d" relativeResultsDirectory="880fa44d-df98-42ac-98ab-66c7756edfcd" />
    <UnitTestResult executionId="1bb9914d-7f3c-49fa-a67f-7ee3996c5538" testId="504d157b-de35-9b35-c183-0b5933d7e04d" testName="RoundTripWithJsonInterfaceOfT(&quot;J&quot;)" computerName="pkrvmxyh4eaekms" duration="00:00:00.0010150" startTime="2025-06-24T21:13:30.2746192+00:00" endTime="2025-06-24T21:13:30.2756335+00:00" testType="13cdc9d9-ddb5-4fa4-a97d-d965ccfc6d4b" outcome="Passed" testListId="8c84fa94-04c1-424b-9868-57a2d4851a1d" relativeResultsDirectory="1bb9914d-7f3c-49fa-a67f-7ee3996c5538" />
    <UnitTestResult executionId="e8a8709c-884d-4476-bb6b-29b1d3a1ef18" testId="82207889-87a9-6e80-2186-6759c95c8d6f" testName="TestGetSpreadParameterModel(Microsoft.TypeSpec.Generator.Input.InputParameter)" computerName="pkrvmxyh4eaekms" duration="00:00:00.0004560" startTime="2025-06-24T21:13:38.5773704+00:00" endTime="2025-06-24T21:13:38.5778266+00:00" testType="13cdc9d9-ddb5-4fa4-a97d-d965ccfc6d4b" outcome="Passed" testListId="8c84fa94-04c1-424b-9868-57a2d4851a1d" relativeResultsDirectory="e8a8709c-884d-4476-bb6b-29b1d3a1ef18" />
    <UnitTestResult executionId="e01104dc-46bc-40e1-8545-4f11ba336266" testId="773aea60-d004-01e3-c832-8f30ac2c1bda" testName="UnknownVariantJsonCreateCoreShouldReturnDeserializeBase" computerName="pkrvmxyh4eaekms" duration="00:00:00.0031510" startTime="2025-06-24T21:13:35.2453766+00:00" endTime="2025-06-24T21:13:35.2485275+00:00" testType="13cdc9d9-ddb5-4fa4-a97d-d965ccfc6d4b" outcome="Passed" testListId="8c84fa94-04c1-424b-9868-57a2d4851a1d" relativeResultsDirectory="e01104dc-46bc-40e1-8545-4f11ba336266" />
    <UnitTestResult executionId="9ef5f072-c961-4c25-9481-8550f6161bf7" testId="64f221c7-b62a-2588-eba2-e29a560f56d2" testName="ValidateConvertToString(&quot;O&quot;,12/31/9999 23:59:59 +01:00,&quot;9999-12-31T22:59:59.9999999Z&quot;)" computerName="pkrvmxyh4eaekms" duration="00:00:00.0001370" startTime="2025-06-24T21:13:38.7440616+00:00" endTime="2025-06-24T21:13:38.7441988+00:00" testType="13cdc9d9-ddb5-4fa4-a97d-d965ccfc6d4b" outcome="Passed" testListId="8c84fa94-04c1-424b-9868-57a2d4851a1d" relativeResultsDirectory="9ef5f072-c961-4c25-9481-8550f6161bf7" />
    <UnitTestResult executionId="25a5f1dd-9f82-4ad1-892e-9acef1d5bdae" testId="2ea0f092-6156-10d2-e7bd-00bd64638958" testName="RoundTripWithJsonInterfaceOfT(&quot;W&quot;)" computerName="pkrvmxyh4eaekms" duration="00:00:00.0005660" startTime="2025-06-24T21:13:30.0346232+00:00" endTime="2025-06-24T21:13:30.0351890+00:00" testType="13cdc9d9-ddb5-4fa4-a97d-d965ccfc6d4b" outcome="Passed" testListId="8c84fa94-04c1-424b-9868-57a2d4851a1d" relativeResultsDirectory="25a5f1dd-9f82-4ad1-892e-9acef1d5bdae" />
    <UnitTestResult executionId="5729f86d-57de-4369-b092-0fd7a23f6133" testId="9ed36475-70ea-d935-981c-3ee0399bdd52" testName="ValidateClientResponseClassifiers(Microsoft.TypeSpec.Generator.Input.InputClient)" computerName="pkrvmxyh4eaekms" duration="00:00:00.0030170" startTime="2025-06-24T21:13:38.5847958+00:00" endTime="2025-06-24T21:13:38.5878131+00:00" testType="13cdc9d9-ddb5-4fa4-a97d-d965ccfc6d4b" outcome="Passed" testListId="8c84fa94-04c1-424b-9868-57a2d4851a1d" relativeResultsDirectory="5729f86d-57de-4369-b092-0fd7a23f6133" />
    <UnitTestResult executionId="41c577f2-3310-4bc9-8f58-6b4796fff562" testId="5cb75f93-582a-f23d-368f-fc8ebba62e48" testName="TestIntSerializationStatement(Integer,null)" computerName="pkrvmxyh4eaekms" duration="00:00:00.0019970" startTime="2025-06-24T21:13:36.6440644+00:00" endTime="2025-06-24T21:13:36.6460618+00:00" testType="13cdc9d9-ddb5-4fa4-a97d-d965ccfc6d4b" outcome="Passed" testListId="8c84fa94-04c1-424b-9868-57a2d4851a1d" relativeResultsDirectory="41c577f2-3310-4bc9-8f58-6b4796fff562" />
    <UnitTestResult executionId="a3c2a74f-3b15-4a32-9e1f-29052b057971" testId="387cdf60-47d4-7089-903d-9b660e15988c" testName="RequestBodyConstructedUsingBinaryContentHelpers(Microsoft.TypeSpec.Generator.Input.InputArrayType)" computerName="pkrvmxyh4eaekms" duration="00:00:00.0031700" startTime="2025-06-24T21:13:38.7049671+00:00" endTime="2025-06-24T21:13:38.7081366+00:00" testType="13cdc9d9-ddb5-4fa4-a97d-d965ccfc6d4b" outcome="Passed" testListId="8c84fa94-04c1-424b-9868-57a2d4851a1d" relativeResultsDirectory="a3c2a74f-3b15-4a32-9e1f-29052b057971" />
    <UnitTestResult executionId="d4a8947f-aec7-4a37-8839-96683377a9c9" testId="96dfbd8f-74c2-58c9-9fff-dec3a0d2fb13" testName="AppendQueryDelimited(&quot;http://localhost&quot;,[&quot;hello&quot;, &quot;world&quot;],&quot;,&quot;,False,&quot;http://localhost/?query=hello,world&quot;)" computerName="pkrvmxyh4eaekms" duration="00:00:00.0001140" startTime="2025-06-24T21:13:34.5331677+00:00" endTime="2025-06-24T21:13:34.5332811+00:00" testType="13cdc9d9-ddb5-4fa4-a97d-d965ccfc6d4b" outcome="Passed" testListId="8c84fa94-04c1-424b-9868-57a2d4851a1d" relativeResultsDirectory="d4a8947f-aec7-4a37-8839-96683377a9c9" />
    <UnitTestResult executionId="85ef94a1-cb39-4176-a89f-4820f6c6121e" testId="f386f2c1-9bbf-a6f6-548a-2cdba0a98a5a" testName="RoundTripWithModelInterface(&quot;J&quot;)" computerName="pkrvmxyh4eaekms" duration="00:00:00.0029210" startTime="2025-06-24T21:13:30.2139670+00:00" endTime="2025-06-24T21:13:30.2168875+00:00" testType="13cdc9d9-ddb5-4fa4-a97d-d965ccfc6d4b" outcome="Passed" testListId="8c84fa94-04c1-424b-9868-57a2d4851a1d" relativeResultsDirectory="85ef94a1-cb39-4176-a89f-4820f6c6121e" />
    <UnitTestResult executionId="228364b7-8f0e-4486-ba7e-631daa430368" testId="277f322d-c788-9e4e-74c2-15e97b3deb10" testName="RoundTripWithModelInterfaceNonGeneric(&quot;J&quot;)" computerName="pkrvmxyh4eaekms" duration="00:00:00.0004620" startTime="2025-06-24T21:13:30.0886540+00:00" endTime="2025-06-24T21:13:30.0891159+00:00" testType="13cdc9d9-ddb5-4fa4-a97d-d965ccfc6d4b" outcome="Passed" testListId="8c84fa94-04c1-424b-9868-57a2d4851a1d" relativeResultsDirectory="228364b7-8f0e-4486-ba7e-631daa430368" />
    <UnitTestResult executionId="ef0e0b58-21fa-4987-abd8-62e2e94522c5" testId="15abf66e-4495-0e09-6101-8af6d51e6310" testName="RoundTripWithModelReaderWriter(&quot;J&quot;)" computerName="pkrvmxyh4eaekms" duration="00:00:00.0011810" startTime="2025-06-24T21:13:30.2625324+00:00" endTime="2025-06-24T21:13:30.2637137+00:00" testType="13cdc9d9-ddb5-4fa4-a97d-d965ccfc6d4b" outcome="Passed" testListId="8c84fa94-04c1-424b-9868-57a2d4851a1d" relativeResultsDirectory="ef0e0b58-21fa-4987-abd8-62e2e94522c5" />
    <UnitTestResult executionId="9c05ed93-ddaa-464a-81b6-439523b95b09" testId="e3f6b41b-723f-fe52-6ef5-10aa6556c371" testName="TestBuildAuthFields_SubClients_WithAuth(Microsoft.TypeSpec.Generator.Input.InputClient)" computerName="pkrvmxyh4eaekms" duration="00:00:00.0022990" startTime="2025-06-24T21:13:34.0267156+00:00" endTime="2025-06-24T21:13:34.0290146+00:00" testType="13cdc9d9-ddb5-4fa4-a97d-d965ccfc6d4b" outcome="Passed" testListId="8c84fa94-04c1-424b-9868-57a2d4851a1d" relativeResultsDirectory="9c05ed93-ddaa-464a-81b6-439523b95b09" />
    <UnitTestResult executionId="7c2a36a3-2a89-472f-94ef-ec558554445f" testId="3ea572d0-8081-c04d-1c5e-07d3f0bdce4f" testName="TestNonBodyRequestParametersInBodyWriterDiff(Microsoft.TypeSpec.Generator.Input.InputBasicServiceMethod)" computerName="pkrvmxyh4eaekms" duration="00:00:00.0270380" startTime="2025-06-24T21:13:34.1942379+00:00" endTime="2025-06-24T21:13:34.2212751+00:00" testType="13cdc9d9-ddb5-4fa4-a97d-d965ccfc6d4b" outcome="Passed" testListId="8c84fa94-04c1-424b-9868-57a2d4851a1d" relativeResultsDirectory="7c2a36a3-2a89-472f-94ef-ec558554445f" />
    <UnitTestResult executionId="7ff4380e-ff85-43b4-98aa-09609203864d" testId="442735ff-489f-a552-413b-c62743e9c691" testName="ResetThenAppendPath(&quot;http://localhost&quot;,&quot;/path/&quot;,&quot;http://localhost/path/&quot;)" computerName="pkrvmxyh4eaekms" duration="00:00:00.0002010" startTime="2025-06-24T21:13:34.5395062+00:00" endTime="2025-06-24T21:13:34.5397069+00:00" testType="13cdc9d9-ddb5-4fa4-a97d-d965ccfc6d4b" outcome="Passed" testListId="8c84fa94-04c1-424b-9868-57a2d4851a1d" relativeResultsDirectory="7ff4380e-ff85-43b4-98aa-09609203864d" />
    <UnitTestResult executionId="bcee97ef-95a5-4c3d-9c86-168dad3cfb53" testId="c50242f7-2db4-2683-4f08-b38b5407f5c6" testName="AppendQuery_ByteArray(&quot;http://localhost&quot;,[104, 101, 108, 108, 111],&quot;U&quot;,False,&quot;http://localhost/?query=aGVsbG8&quot;)" computerName="pkrvmxyh4eaekms" duration="00:00:00.0000870" startTime="2025-06-24T21:13:34.5210174+00:00" endTime="2025-06-24T21:13:34.5211043+00:00" testType="13cdc9d9-ddb5-4fa4-a97d-d965ccfc6d4b" outcome="Passed" testListId="8c84fa94-04c1-424b-9868-57a2d4851a1d" relativeResultsDirectory="bcee97ef-95a5-4c3d-9c86-168dad3cfb53" />
    <UnitTestResult executionId="7a5ced34-999c-4429-9c56-74378ab67d6b" testId="ce3949f3-670a-6521-5519-457d098253df" testName="NextLinkInBodyAsync" computerName="pkrvmxyh4eaekms" duration="00:00:00.0038650" startTime="2025-06-24T21:13:34.6473654+00:00" endTime="2025-06-24T21:13:34.6512301+00:00" testType="13cdc9d9-ddb5-4fa4-a97d-d965ccfc6d4b" outcome="Passed" testListId="8c84fa94-04c1-424b-9868-57a2d4851a1d" relativeResultsDirectory="7a5ced34-999c-4429-9c56-74378ab67d6b" />
    <UnitTestResult executionId="fdac6d3b-3b3d-48d0-af22-c1b6b4e36ced" testId="5968cd03-cf3d-8280-4da4-8577dec06972" testName="CanCustomizeStringToFixedEnum" computerName="pkrvmxyh4eaekms" duration="00:00:00.0778510" startTime="2025-06-24T21:13:36.2496240+00:00" endTime="2025-06-24T21:13:36.3274741+00:00" testType="13cdc9d9-ddb5-4fa4-a97d-d965ccfc6d4b" outcome="Passed" testListId="8c84fa94-04c1-424b-9868-57a2d4851a1d" relativeResultsDirectory="fdac6d3b-3b3d-48d0-af22-c1b6b4e36ced" />
    <UnitTestResult executionId="a14c31c9-e1f0-471b-9c7d-cb47a32c268a" testId="bddbe6e1-4ba2-79f3-80d7-1fdfb1834331" testName="CanReplaceMethod" computerName="pkrvmxyh4eaekms" duration="00:00:00.2178610" startTime="2025-06-24T21:13:34.6853847+00:00" endTime="2025-06-24T21:13:34.9032453+00:00" testType="13cdc9d9-ddb5-4fa4-a97d-d965ccfc6d4b" outcome="Passed" testListId="8c84fa94-04c1-424b-9868-57a2d4851a1d" relativeResultsDirectory="a14c31c9-e1f0-471b-9c7d-cb47a32c268a" />
    <UnitTestResult executionId="d831a2c9-9248-43ab-b0ab-1186644f285e" testId="1d4780a7-4d27-ef6c-25c5-cce5511c2a1c" testName="ValidateConvertToString(null,[&quot;a&quot;, &quot;b&quot;],&quot;a,b&quot;)" computerName="pkrvmxyh4eaekms" duration="00:00:00.0001360" startTime="2025-06-24T21:13:38.7434627+00:00" endTime="2025-06-24T21:13:38.7435990+00:00" testType="13cdc9d9-ddb5-4fa4-a97d-d965ccfc6d4b" outcome="Passed" testListId="8c84fa94-04c1-424b-9868-57a2d4851a1d" relativeResultsDirectory="d831a2c9-9248-43ab-b0ab-1186644f285e" />
    <UnitTestResult executionId="1e182f1d-43ae-4582-8e56-803f070d3b45" testId="b34d9c33-6985-e559-8358-fd1a34fee8fa" testName="DeserializeStruct" computerName="pkrvmxyh4eaekms" duration="00:00:00.0092260" startTime="2025-06-24T21:13:35.1786736+00:00" endTime="2025-06-24T21:13:35.1878993+00:00" testType="13cdc9d9-ddb5-4fa4-a97d-d965ccfc6d4b" outcome="Passed" testListId="8c84fa94-04c1-424b-9868-57a2d4851a1d" relativeResultsDirectory="1e182f1d-43ae-4582-8e56-803f070d3b45" />
    <UnitTestResult executionId="6c9e5318-5f89-492f-b128-65ef15b436b2" testId="17f7a6e9-436b-3c1f-3570-46d2473a1137" testName="UsesValidFieldIdentifierNames" computerName="pkrvmxyh4eaekms" duration="00:00:00.0034610" startTime="2025-06-24T21:13:34.6815560+00:00" endTime="2025-06-24T21:13:34.6850167+00:00" testType="13cdc9d9-ddb5-4fa4-a97d-d965ccfc6d4b" outcome="Passed" testListId="8c84fa94-04c1-424b-9868-57a2d4851a1d" relativeResultsDirectory="6c9e5318-5f89-492f-b128-65ef15b436b2" />
    <UnitTestResult executionId="cfe51167-a609-40ec-9a0e-430bdc81991d" testId="dd8aa756-842c-7b71-9947-6517e2bbacdf" testName="TestIntSerializationStatement(Int32,null)" computerName="pkrvmxyh4eaekms" duration="00:00:00.0020550" startTime="2025-06-24T21:13:36.6543579+00:00" endTime="2025-06-24T21:13:36.6564122+00:00" testType="13cdc9d9-ddb5-4fa4-a97d-d965ccfc6d4b" outcome="Passed" testListId="8c84fa94-04c1-424b-9868-57a2d4851a1d" relativeResultsDirectory="cfe51167-a609-40ec-9a0e-430bdc81991d" />
    <UnitTestResult executionId="2db0ab9d-2ea0-4984-8652-e54dc5806e2f" testId="3aa3ced1-3219-ac82-73ec-234ca8bbdfb6" testName="ValidateConvertToString(null,null,&quot;null&quot;)" computerName="pkrvmxyh4eaekms" duration="00:00:00.0002610" startTime="2025-06-24T21:13:38.7409495+00:00" endTime="2025-06-24T21:13:38.7412103+00:00" testType="13cdc9d9-ddb5-4fa4-a97d-d965ccfc6d4b" outcome="Passed" testListId="8c84fa94-04c1-424b-9868-57a2d4851a1d" relativeResultsDirectory="2db0ab9d-2ea0-4984-8652-e54dc5806e2f" />
    <UnitTestResult executionId="c7789a0e-2a92-47a6-9dd8-dfbab42cb776" testId="b7cb028a-5759-3a16-c636-c03c5b445e0f" testName="AppendPath_Bool(&quot;http://localhost&quot;,True,False,&quot;http://localhost/true&quot;)" computerName="pkrvmxyh4eaekms" duration="00:00:00.0004660" startTime="2025-06-24T21:13:34.4547151+00:00" endTime="2025-06-24T21:13:34.4551808+00:00" testType="13cdc9d9-ddb5-4fa4-a97d-d965ccfc6d4b" outcome="Passed" testListId="8c84fa94-04c1-424b-9868-57a2d4851a1d" relativeResultsDirectory="c7789a0e-2a92-47a6-9dd8-dfbab42cb776" />
    <UnitTestResult executionId="9c3ee022-a804-4a12-b9b2-b33494b5e04d" testId="e3f6b41b-723f-fe52-6ef5-10aa6556c371" testName="TestBuildAuthFields_SubClients_WithAuth(Microsoft.TypeSpec.Generator.Input.InputClient)" computerName="pkrvmxyh4eaekms" duration="00:00:00.0022169" startTime="2025-06-24T21:13:34.0211824+00:00" endTime="2025-06-24T21:13:34.0233989+00:00" testType="13cdc9d9-ddb5-4fa4-a97d-d965ccfc6d4b" outcome="Passed" testListId="8c84fa94-04c1-424b-9868-57a2d4851a1d" relativeResultsDirectory="9c3ee022-a804-4a12-b9b2-b33494b5e04d" />
    <UnitTestResult executionId="6ac8daed-fce2-4470-870a-f10736868d40" testId="8cb4157a-a4c7-8622-53f1-e454664ebcf3" testName="RoundTripWithJsonInterfaceOfT(&quot;J&quot;)" computerName="pkrvmxyh4eaekms" duration="00:00:00.0013910" startTime="2025-06-24T21:13:30.0332039+00:00" endTime="2025-06-24T21:13:30.0345944+00:00" testType="13cdc9d9-ddb5-4fa4-a97d-d965ccfc6d4b" outcome="Passed" testListId="8c84fa94-04c1-424b-9868-57a2d4851a1d" relativeResultsDirectory="6ac8daed-fce2-4470-870a-f10736868d40" />
    <UnitTestResult executionId="675da3e3-6fd3-4dfc-aa10-34d53ecef52e" testId="f6efac3f-f379-a2b9-46b2-570f71626f9f" testName="TestDeserializationStatement(Microsoft.TypeSpec.Generator.Input.InputModelProperty,True,True)" computerName="pkrvmxyh4eaekms" duration="00:00:00.0012020" startTime="2025-06-24T21:13:35.1900122+00:00" endTime="2025-06-24T21:13:35.1912144+00:00" testType="13cdc9d9-ddb5-4fa4-a97d-d965ccfc6d4b" outcome="Passed" testListId="8c84fa94-04c1-424b-9868-57a2d4851a1d" relativeResultsDirectory="675da3e3-6fd3-4dfc-aa10-34d53ecef52e" />
    <UnitTestResult executionId="ee559118-06c9-4876-a7e3-cb7b24856470" testId="e3f6b41b-723f-fe52-6ef5-10aa6556c371" testName="TestBuildAuthFields_SubClients_WithAuth(Microsoft.TypeSpec.Generator.Input.InputClient)" computerName="pkrvmxyh4eaekms" duration="00:00:00.0022100" startTime="2025-06-24T21:13:34.0290655+00:00" endTime="2025-06-24T21:13:34.0312751+00:00" testType="13cdc9d9-ddb5-4fa4-a97d-d965ccfc6d4b" outcome="Passed" testListId="8c84fa94-04c1-424b-9868-57a2d4851a1d" relativeResultsDirectory="ee559118-06c9-4876-a7e3-cb7b24856470" />
    <UnitTestResult executionId="72f5a941-3c3e-48af-ae6a-d77afce73a51" testId="562cb9c9-66ef-e89a-acef-55d92b06fb0a" testName="BinaryContentHelperMethodsUseCorrectReturnType" computerName="pkrvmxyh4eaekms" duration="00:00:00.0153030" startTime="2025-06-24T21:13:30.3685701+00:00" endTime="2025-06-24T21:13:30.3838729+00:00" testType="13cdc9d9-ddb5-4fa4-a97d-d965ccfc6d4b" outcome="Passed" testListId="8c84fa94-04c1-424b-9868-57a2d4851a1d" relativeResultsDirectory="72f5a941-3c3e-48af-ae6a-d77afce73a51" />
    <UnitTestResult executionId="7b0842d1-8b94-43a0-bc6c-1a2db6f0052d" testId="6caccceb-65ae-74b9-773b-72dd04db8e11" testName="ResetThenAppendQueryThenAppendPath(&quot;http://localhost:12345&quot;,&quot;/some/&quot;,&quot;one|1&quot;,&quot;http://localhost:12345/some/?one=1&quot;)" computerName="pkrvmxyh4eaekms" duration="00:00:00.0001330" startTime="2025-06-24T21:13:34.5485964+00:00" endTime="2025-06-24T21:13:34.5487290+00:00" testType="13cdc9d9-ddb5-4fa4-a97d-d965ccfc6d4b" outcome="Passed" testListId="8c84fa94-04c1-424b-9868-57a2d4851a1d" relativeResultsDirectory="7b0842d1-8b94-43a0-bc6c-1a2db6f0052d" />
    <UnitTestResult executionId="25bed48b-8d7c-4257-a78a-f68cac8dc0c9" testId="e8efddcb-de74-9a15-028e-2928f93e6b81" testName="ValidateBodyOfProcessMessageIsOverridden" computerName="pkrvmxyh4eaekms" duration="00:00:00.0047219" startTime="2025-06-24T21:13:30.3605248+00:00" endTime="2025-06-24T21:13:30.3652468+00:00" testType="13cdc9d9-ddb5-4fa4-a97d-d965ccfc6d4b" outcome="Passed" testListId="8c84fa94-04c1-424b-9868-57a2d4851a1d" relativeResultsDirectory="25bed48b-8d7c-4257-a78a-f68cac8dc0c9" />
    <UnitTestResult executionId="18ece4d7-b715-448b-8b48-5cc9ccf72f73" testId="3e51833d-f117-3a73-25e0-3ddbb4fb98e4" testName="TestBuildAuthFields_NoAuth(System.Collections.Generic.List`1[Microsoft.TypeSpec.Generator.Input.InputParameter])" computerName="pkrvmxyh4eaekms" duration="00:00:00.0028200" startTime="2025-06-24T21:13:34.0098410+00:00" endTime="2025-06-24T21:13:34.0126609+00:00" testType="13cdc9d9-ddb5-4fa4-a97d-d965ccfc6d4b" outcome="Passed" testListId="8c84fa94-04c1-424b-9868-57a2d4851a1d" relativeResultsDirectory="18ece4d7-b715-448b-8b48-5cc9ccf72f73" />
    <UnitTestResult executionId="ce8ed211-12e7-4c84-b3ec-7d368366535e" testId="8c08e05c-b568-5eb3-8d0d-27975d397072" testName="AppendPath_TimeSpan(&quot;http://localhost&quot;,&quot;02:15:00&quot;,&quot;P&quot;,False,&quot;http://localhost/PT2H15M&quot;)" computerName="pkrvmxyh4eaekms" duration="00:00:00.0001060" startTime="2025-06-24T21:13:34.5039533+00:00" endTime="2025-06-24T21:13:34.5040595+00:00" testType="13cdc9d9-ddb5-4fa4-a97d-d965ccfc6d4b" outcome="Passed" testListId="8c84fa94-04c1-424b-9868-57a2d4851a1d" relativeResultsDirectory="ce8ed211-12e7-4c84-b3ec-7d368366535e" />
    <UnitTestResult executionId="8dd71497-dda6-4f98-8e5d-de8f1575b8ce" testId="135d5dcd-04ba-8363-5279-dda084b41d20" testName="RootOutputModelsIncludesOperationResponse" computerName="pkrvmxyh4eaekms" duration="00:00:00.0022080" startTime="2025-06-24T21:13:38.7523374+00:00" endTime="2025-06-24T21:13:38.7545449+00:00" testType="13cdc9d9-ddb5-4fa4-a97d-d965ccfc6d4b" outcome="Passed" testListId="8c84fa94-04c1-424b-9868-57a2d4851a1d" relativeResultsDirectory="8dd71497-dda6-4f98-8e5d-de8f1575b8ce" />
    <UnitTestResult executionId="266b7d6b-9158-42e4-b442-2421f516e29b" testId="df03d1d3-c520-593a-530a-22acdf388c84" testName="ResetThenAppendQueryThenAppendPath(&quot;http://localhost:12345&quot;,&quot;/some&quot;,&quot;one|1&quot;,&quot;http://localhost:12345/some?one=1&quot;)" computerName="pkrvmxyh4eaekms" duration="00:00:00.0001600" startTime="2025-06-24T21:13:34.5482639+00:00" endTime="2025-06-24T21:13:34.5484241+00:00" testType="13cdc9d9-ddb5-4fa4-a97d-d965ccfc6d4b" outcome="Passed" testListId="8c84fa94-04c1-424b-9868-57a2d4851a1d" relativeResultsDirectory="266b7d6b-9158-42e4-b442-2421f516e29b" />
    <UnitTestResult executionId="07d1170c-cd08-4f52-a5c3-dd62b1ec13ba" testId="0e6db308-be33-8ba9-e75a-890081430aca" testName="ResetThenAppendPath(&quot;http://localhost/&quot;,&quot;/path&quot;,&quot;http://localhost/path&quot;)" computerName="pkrvmxyh4eaekms" duration="00:00:00.0002230" startTime="2025-06-24T21:13:34.5379326+00:00" endTime="2025-06-24T21:13:34.5381552+00:00" testType="13cdc9d9-ddb5-4fa4-a97d-d965ccfc6d4b" outcome="Passed" testListId="8c84fa94-04c1-424b-9868-57a2d4851a1d" relativeResultsDirectory="07d1170c-cd08-4f52-a5c3-dd62b1ec13ba" />
    <UnitTestResult executionId="d408b48f-4592-4629-80ea-cdf5b59a963c" testId="f45b0123-a5dd-fb53-d0d1-cdea3d2f2a2b" testName="ValidateToSerialMethodsFixed(Microsoft.TypeSpec.Generator.Input.InputEnumType)" computerName="pkrvmxyh4eaekms" duration="00:00:00.0008110" startTime="2025-06-24T21:13:34.9189255+00:00" endTime="2025-06-24T21:13:34.9197360+00:00" testType="13cdc9d9-ddb5-4fa4-a97d-d965ccfc6d4b" outcome="Passed" testListId="8c84fa94-04c1-424b-9868-57a2d4851a1d" relativeResultsDirectory="d408b48f-4592-4629-80ea-cdf5b59a963c" />
    <UnitTestResult executionId="7e8168ea-2a3e-4d0d-a6a6-87cb442ac59e" testId="3744940e-3188-aa6a-84e8-d2ad78706d07" testName="RoundTripWithModelInterface(&quot;W&quot;)" computerName="pkrvmxyh4eaekms" duration="00:00:00.0005380" startTime="2025-06-24T21:13:30.0544678+00:00" endTime="2025-06-24T21:13:30.0550053+00:00" testType="13cdc9d9-ddb5-4fa4-a97d-d965ccfc6d4b" outcome="Passed" testListId="8c84fa94-04c1-424b-9868-57a2d4851a1d" relativeResultsDirectory="7e8168ea-2a3e-4d0d-a6a6-87cb442ac59e" />
    <UnitTestResult executionId="a873c6c9-f3a3-4e01-860d-8a5640da7558" testId="f2b83b76-897b-f512-648e-fe8c53bce467" testName="ResetThenAppendPath(&quot;http://localhost&quot;,null,&quot;http://localhost/&quot;)" computerName="pkrvmxyh4eaekms" duration="00:00:00.0004050" startTime="2025-06-24T21:13:34.5336526+00:00" endTime="2025-06-24T21:13:34.5340576+00:00" testType="13cdc9d9-ddb5-4fa4-a97d-d965ccfc6d4b" outcome="Passed" testListId="8c84fa94-04c1-424b-9868-57a2d4851a1d" relativeResultsDirectory="a873c6c9-f3a3-4e01-860d-8a5640da7558" />
    <UnitTestResult executionId="a5c6f6f0-6aef-417f-a93f-eee0def64c5f" testId="b166fe81-2f12-ebe8-5469-afabedfdb287" testName="RoundTripWithJsonInterfaceUtf8ReaderNonGeneric(&quot;W&quot;)" computerName="pkrvmxyh4eaekms" duration="00:00:00.0005120" startTime="2025-06-24T21:13:30.0854345+00:00" endTime="2025-06-24T21:13:30.0859459+00:00" testType="13cdc9d9-ddb5-4fa4-a97d-d965ccfc6d4b" outcome="Passed" testListId="8c84fa94-04c1-424b-9868-57a2d4851a1d" relativeResultsDirectory="a5c6f6f0-6aef-417f-a93f-eee0def64c5f" />
    <UnitTestResult executionId="f5625624-c518-454a-ad87-f761ad5cfc39" testId="2b5db586-13e2-a5d4-7ef0-6053fff6d61a" testName="AppendPath_DateTimeOffset(&quot;http://localhost&quot;,&quot;6/30/1905 1:14:00 PM +00:00&quot;,&quot;o&quot;,False,&quot;http://localhost/1905-06-30T13:14:00.0000000Z&quot;)" computerName="pkrvmxyh4eaekms" duration="00:00:00.0001140" startTime="2025-06-24T21:13:34.4619905+00:00" endTime="2025-06-24T21:13:34.4621042+00:00" testType="13cdc9d9-ddb5-4fa4-a97d-d965ccfc6d4b" outcome="Passed" testListId="8c84fa94-04c1-424b-9868-57a2d4851a1d" relativeResultsDirectory="f5625624-c518-454a-ad87-f761ad5cfc39" />
    <UnitTestResult executionId="951b0d72-01a2-47d8-b143-f3108530d1e5" testId="6ac21b09-6a82-496e-b35b-b25d2eeff3bd" testName="TestEqualAfterConvertingToUtc(&quot;2020-05-04T03:02:01.1230000-08:00&quot;)" computerName="pkrvmxyh4eaekms" duration="00:00:00.0003240" startTime="2025-06-24T21:13:38.7400703+00:00" endTime="2025-06-24T21:13:38.7403943+00:00" testType="13cdc9d9-ddb5-4fa4-a97d-d965ccfc6d4b" outcome="Passed" testListId="8c84fa94-04c1-424b-9868-57a2d4851a1d" relativeResultsDirectory="951b0d72-01a2-47d8-b143-f3108530d1e5" />
    <UnitTestResult executionId="5edef605-75a6-4d99-9ae1-8a1fedfbde96" testId="e3f6b41b-723f-fe52-6ef5-10aa6556c371" testName="TestBuildAuthFields_SubClients_WithAuth(Microsoft.TypeSpec.Generator.Input.InputClient)" computerName="pkrvmxyh4eaekms" duration="00:00:00.0023160" startTime="2025-06-24T21:13:34.0313071+00:00" endTime="2025-06-24T21:13:34.0336233+00:00" testType="13cdc9d9-ddb5-4fa4-a97d-d965ccfc6d4b" outcome="Passed" testListId="8c84fa94-04c1-424b-9868-57a2d4851a1d" relativeResultsDirectory="5edef605-75a6-4d99-9ae1-8a1fedfbde96" />
    <UnitTestResult executionId="517e6430-3b2e-4c61-8ce5-994fced16cd8" testId="1836a3c5-4df5-cb58-885a-12136b484daa" testName="AppendPath_Int(&quot;http://localhost&quot;,299792458,False,&quot;http://localhost/299792458&quot;)" computerName="pkrvmxyh4eaekms" duration="00:00:00.0004150" startTime="2025-06-24T21:13:34.4659910+00:00" endTime="2025-06-24T21:13:34.4664059+00:00" testType="13cdc9d9-ddb5-4fa4-a97d-d965ccfc6d4b" outcome="Passed" testListId="8c84fa94-04c1-424b-9868-57a2d4851a1d" relativeResultsDirectory="517e6430-3b2e-4c61-8ce5-994fced16cd8" />
    <UnitTestResult executionId="d598494d-9946-4ed3-b500-e5e467e226a5" testId="75ea94fd-3e39-2426-5e3d-01bde1d3cfe1" testName="TestBuildConstructors_SecondaryConstructor(System.Collections.Generic.List`1[Microsoft.TypeSpec.Generator.Input.InputParameter])" computerName="pkrvmxyh4eaekms" duration="00:00:00.0019090" startTime="2025-06-24T21:13:34.1721235+00:00" endTime="2025-06-24T21:13:34.1740328+00:00" testType="13cdc9d9-ddb5-4fa4-a97d-d965ccfc6d4b" outcome="Passed" testListId="8c84fa94-04c1-424b-9868-57a2d4851a1d" relativeResultsDirectory="d598494d-9946-4ed3-b500-e5e467e226a5" />
    <UnitTestResult executionId="b8a98392-2bc8-42d3-b5ae-6625e430c7f4" testId="b3adc767-8378-ee8a-bfca-5ebd20efd43e" testName="RoundTripWithModelInterfaceNonGeneric(&quot;W&quot;)" computerName="pkrvmxyh4eaekms" duration="00:00:00.0005550" startTime="2025-06-24T21:13:30.0891333+00:00" endTime="2025-06-24T21:13:30.0896885+00:00" testType="13cdc9d9-ddb5-4fa4-a97d-d965ccfc6d4b" outcome="Passed" testListId="8c84fa94-04c1-424b-9868-57a2d4851a1d" relativeResultsDirectory="b8a98392-2bc8-42d3-b5ae-6625e430c7f4" />
    <UnitTestResult executionId="3b3ba5f1-6244-4c81-94ab-75a4b389caa0" testId="ef4860c4-5be5-d879-a21f-f02c60c6df63" testName="AppendQuery_Bool(&quot;http://localhost&quot;,False,False,&quot;http://localhost/?query=false&quot;)" computerName="pkrvmxyh4eaekms" duration="00:00:00.0000699" startTime="2025-06-24T21:13:34.5201410+00:00" endTime="2025-06-24T21:13:34.5202105+00:00" testType="13cdc9d9-ddb5-4fa4-a97d-d965ccfc6d4b" outcome="Passed" testListId="8c84fa94-04c1-424b-9868-57a2d4851a1d" relativeResultsDirectory="3b3ba5f1-6244-4c81-94ab-75a4b389caa0" />
    <UnitTestResult executionId="8fafe532-2613-42ce-a34e-826596ea8a00" testId="8a40cf4a-8921-8267-667c-5a94ce0143cd" testName="ThrowsIfWireIsNotJson" computerName="pkrvmxyh4eaekms" duration="00:00:00.0001380" startTime="2025-06-24T21:13:30.0923322+00:00" endTime="2025-06-24T21:13:30.0924697+00:00" testType="13cdc9d9-ddb5-4fa4-a97d-d965ccfc6d4b" outcome="Passed" testListId="8c84fa94-04c1-424b-9868-57a2d4851a1d" relativeResultsDirectory="8fafe532-2613-42ce-a34e-826596ea8a00" />
    <UnitTestResult executionId="e3d15614-25ef-43b9-b8a2-06354bf4e161" testId="25bc9a60-23bd-3b26-5a83-8c696a1e9f91" testName="ValidateIsLastNamespaceSegmentTheSame(&quot;Bar._Foo&quot;,&quot;Foo&quot;)" computerName="pkrvmxyh4eaekms" duration="00:00:00.0014580" startTime="2025-06-24T21:13:34.3041851+00:00" endTime="2025-06-24T21:13:34.3056429+00:00" testType="13cdc9d9-ddb5-4fa4-a97d-d965ccfc6d4b" outcome="Passed" testListId="8c84fa94-04c1-424b-9868-57a2d4851a1d" relativeResultsDirectory="e3d15614-25ef-43b9-b8a2-06354bf4e161" />
    <UnitTestResult executionId="c8a12d33-2131-4500-8266-7271131973f6" testId="f7924615-42c6-5d3a-1294-83fa670fd078" testName="RoundTripWithJsonInterfaceOfT(&quot;J&quot;)" computerName="pkrvmxyh4eaekms" duration="00:00:00.0005780" startTime="2025-06-24T21:13:30.0822431+00:00" endTime="2025-06-24T21:13:30.0828210+00:00" testType="13cdc9d9-ddb5-4fa4-a97d-d965ccfc6d4b" outcome="Passed" testListId="8c84fa94-04c1-424b-9868-57a2d4851a1d" relativeResultsDirectory="c8a12d33-2131-4500-8266-7271131973f6" />
    <UnitTestResult executionId="feb6ead6-a3c0-4968-a7ef-9cfa268b548d" testId="c448b744-7bf8-6f0c-d98b-198f6de41865" testName="CanCustomizeExtensibleEnum(Microsoft.TypeSpec.Generator.Input.InputEnumType)" computerName="pkrvmxyh4eaekms" duration="00:00:00.0725030" startTime="2025-06-24T21:13:37.2498975+00:00" endTime="2025-06-24T21:13:37.3224002+00:00" testType="13cdc9d9-ddb5-4fa4-a97d-d965ccfc6d4b" outcome="Passed" testListId="8c84fa94-04c1-424b-9868-57a2d4851a1d" relativeResultsDirectory="feb6ead6-a3c0-4968-a7ef-9cfa268b548d" />
    <UnitTestResult executionId="69096577-9ac5-4ad2-87e2-02981eee78e2" testId="666c8d10-fb2c-8e9c-b885-d283f7f7989e" testName="CanChangePropertyName" computerName="pkrvmxyh4eaekms" duration="00:00:00.0709140" startTime="2025-06-24T21:13:36.8613658+00:00" endTime="2025-06-24T21:13:36.9322794+00:00" testType="13cdc9d9-ddb5-4fa4-a97d-d965ccfc6d4b" outcome="Passed" testListId="8c84fa94-04c1-424b-9868-57a2d4851a1d" relativeResultsDirectory="69096577-9ac5-4ad2-87e2-02981eee78e2" />
    <UnitTestResult executionId="6cba1174-4f4f-408e-a0ab-dd90df40d11b" testId="afbf2c35-f138-2b90-9822-0427b75e7c54" testName="AppendQuery_DateTimeOffset(&quot;http://localhost&quot;,&quot;6/30/1905 1:14:00 PM +00:00&quot;,&quot;U&quot;,True,&quot;http://localhost/?query=-2035622760&quot;)" computerName="pkrvmxyh4eaekms" duration="00:00:00.0004620" startTime="2025-06-24T21:13:34.5217644+00:00" endTime="2025-06-24T21:13:34.5222265+00:00" testType="13cdc9d9-ddb5-4fa4-a97d-d965ccfc6d4b" outcome="Passed" testListId="8c84fa94-04c1-424b-9868-57a2d4851a1d" relativeResultsDirectory="6cba1174-4f4f-408e-a0ab-dd90df40d11b" />
    <UnitTestResult executionId="0c1072be-3cf9-495d-9412-0470b507783b" testId="be597b53-9e4f-dcdb-cad8-00fb11c924b4" testName="FormatsDatesAsJson(&quot;o&quot;,05/04/2020 03:02:01 +00:00,&quot;2020-05-04T03:02:01.1230000Z&quot;)" computerName="pkrvmxyh4eaekms" duration="00:00:00.0000749" startTime="2025-06-24T21:13:38.7353529+00:00" endTime="2025-06-24T21:13:38.7354281+00:00" testType="13cdc9d9-ddb5-4fa4-a97d-d965ccfc6d4b" outcome="Passed" testListId="8c84fa94-04c1-424b-9868-57a2d4851a1d" relativeResultsDirectory="0c1072be-3cf9-495d-9412-0470b507783b" />
    <UnitTestResult executionId="06d1abad-78f5-406a-9dc9-2b6590b1b131" testId="9b12f8a1-22cd-2d0a-2975-6602c64df5fd" testName="CanAddMethodSameName" computerName="pkrvmxyh4eaekms" duration="00:00:00.1235070" startTime="2025-06-24T21:13:32.9212779+00:00" endTime="2025-06-24T21:13:33.0447848+00:00" testType="13cdc9d9-ddb5-4fa4-a97d-d965ccfc6d4b" outcome="Passed" testListId="8c84fa94-04c1-424b-9868-57a2d4851a1d" relativeResultsDirectory="06d1abad-78f5-406a-9dc9-2b6590b1b131" />
    <UnitTestResult executionId="4d211d86-4a20-4fc5-978a-61eaf130d8e4" testId="03f1dfdc-f881-eae6-ebfe-eaa49855d196" testName="EndpointInitializationValue(Microsoft.TypeSpec.Generator.Input.InputParameter,NewInstanceExpression { Type = global::System.Uri, Parameters = Microsoft.TypeSpec.Generator.Expressions.ValueExpression[], InitExpression =  })" computerName="pkrvmxyh4eaekms" duration="00:00:00.0038870" startTime="2025-06-24T21:13:33.9571001+00:00" endTime="2025-06-24T21:13:33.9609870+00:00" testType="13cdc9d9-ddb5-4fa4-a97d-d965ccfc6d4b" outcome="Passed" testListId="8c84fa94-04c1-424b-9868-57a2d4851a1d" relativeResultsDirectory="4d211d86-4a20-4fc5-978a-61eaf130d8e4" />
    <UnitTestResult executionId="51bfbd88-b2cc-4a3d-a36d-91362f110982" testId="19b337b2-8e0b-53c8-ca57-17065a170026" testName="CanCustomizeFixedEnumString" computerName="pkrvmxyh4eaekms" duration="00:00:00.1105090" startTime="2025-06-24T21:13:35.5825981+00:00" endTime="2025-06-24T21:13:35.6931070+00:00" testType="13cdc9d9-ddb5-4fa4-a97d-d965ccfc6d4b" outcome="Passed" testListId="8c84fa94-04c1-424b-9868-57a2d4851a1d" relativeResultsDirectory="51bfbd88-b2cc-4a3d-a36d-91362f110982" />
    <UnitTestResult executionId="dbcc206b-8f04-4957-aca0-acbcb3ff7ba2" testId="e3f6b41b-723f-fe52-6ef5-10aa6556c371" testName="TestBuildAuthFields_SubClients_WithAuth(Microsoft.TypeSpec.Generator.Input.InputClient)" computerName="pkrvmxyh4eaekms" duration="00:00:00.0021510" startTime="2025-06-24T21:13:34.0359577+00:00" endTime="2025-06-24T21:13:34.0381086+00:00" testType="13cdc9d9-ddb5-4fa4-a97d-d965ccfc6d4b" outcome="Passed" testListId="8c84fa94-04c1-424b-9868-57a2d4851a1d" relativeResultsDirectory="dbcc206b-8f04-4957-aca0-acbcb3ff7ba2" />
    <UnitTestResult executionId="ae26bf5c-8390-4f8f-ad14-939a933636fd" testId="d710050f-ea9d-4918-b90b-64d0c581aaa0" testName="AccessibilityOfMethodMatchesInputOperation(True)" computerName="pkrvmxyh4eaekms" duration="00:00:00.0045000" startTime="2025-06-24T21:13:33.8927976+00:00" endTime="2025-06-24T21:13:33.8972969+00:00" testType="13cdc9d9-ddb5-4fa4-a97d-d965ccfc6d4b" outcome="Passed" testListId="8c84fa94-04c1-424b-9868-57a2d4851a1d" relativeResultsDirectory="ae26bf5c-8390-4f8f-ad14-939a933636fd" />
    <UnitTestResult executionId="02ca4ccb-ff9c-43e5-831e-eb1287f98e62" testId="9ed36475-70ea-d935-981c-3ee0399bdd52" testName="ValidateClientResponseClassifiers(Microsoft.TypeSpec.Generator.Input.InputClient)" computerName="pkrvmxyh4eaekms" duration="00:00:00.0003590" startTime="2025-06-24T21:13:38.5891714+00:00" endTime="2025-06-24T21:13:38.5895301+00:00" testType="13cdc9d9-ddb5-4fa4-a97d-d965ccfc6d4b" outcome="Passed" testListId="8c84fa94-04c1-424b-9868-57a2d4851a1d" relativeResultsDirectory="02ca4ccb-ff9c-43e5-831e-eb1287f98e62" />
    <UnitTestResult executionId="c864ce5e-ded2-4b3b-8b3d-92e59a6d4f61" testId="784d2949-b6cc-e747-60b8-a29afed1681f" testName="AppendPath_DateTimeOffset(&quot;http://localhost&quot;,&quot;6/30/1905 1:14:00 PM +00:00&quot;,&quot;D&quot;,False,&quot;http://localhost/1905-06-30&quot;)" computerName="pkrvmxyh4eaekms" duration="00:00:00.0001299" startTime="2025-06-24T21:13:34.4616066+00:00" endTime="2025-06-24T21:13:34.4617368+00:00" testType="13cdc9d9-ddb5-4fa4-a97d-d965ccfc6d4b" outcome="Passed" testListId="8c84fa94-04c1-424b-9868-57a2d4851a1d" relativeResultsDirectory="c864ce5e-ded2-4b3b-8b3d-92e59a6d4f61" />
    <UnitTestResult executionId="ef638246-ded3-4723-9ece-40198385eddd" testId="191f33f3-62f0-0c6b-7ab5-05cb65f9c718" testName="TestNullRootClientWithChildren" computerName="pkrvmxyh4eaekms" duration="00:00:00.0045110" startTime="2025-06-24T21:13:34.2351189+00:00" endTime="2025-06-24T21:13:34.2396295+00:00" testType="13cdc9d9-ddb5-4fa4-a97d-d965ccfc6d4b" outcome="Passed" testListId="8c84fa94-04c1-424b-9868-57a2d4851a1d" relativeResultsDirectory="ef638246-ded3-4723-9ece-40198385eddd" />
    <UnitTestResult executionId="0ca27b90-0e95-4722-af47-c159b1da23af" testId="d6098f81-48a5-ada0-84fc-9f1410547a55" testName="TestIntDeserializeExpression(System.Int64,Default)" computerName="pkrvmxyh4eaekms" duration="00:00:00.0004590" startTime="2025-06-24T21:13:36.6375556+00:00" endTime="2025-06-24T21:13:36.6380140+00:00" testType="13cdc9d9-ddb5-4fa4-a97d-d965ccfc6d4b" outcome="Passed" testListId="8c84fa94-04c1-424b-9868-57a2d4851a1d" relativeResultsDirectory="0ca27b90-0e95-4722-af47-c159b1da23af" />
    <UnitTestResult executionId="0a2b7d09-a97f-4cdd-ae09-bcb094f02be9" testId="c7289480-094d-12d9-bb0b-c491f0334fd8" testName="RoundTripWithJsonInterfaceUtf8Reader(&quot;J&quot;)" computerName="pkrvmxyh4eaekms" duration="00:00:00.0010880" startTime="2025-06-24T21:13:30.2767648+00:00" endTime="2025-06-24T21:13:30.2778522+00:00" testType="13cdc9d9-ddb5-4fa4-a97d-d965ccfc6d4b" outcome="Passed" testListId="8c84fa94-04c1-424b-9868-57a2d4851a1d" relativeResultsDirectory="0a2b7d09-a97f-4cdd-ae09-bcb094f02be9" />
    <UnitTestResult executionId="cba5e8a8-5627-45d5-b736-dad972b1d413" testId="20fcdaab-bb21-b354-850b-63bfa9d12221" testName="ResetThenAppendQueryThenAppendPath(&quot;http://localhost&quot;,&quot;/some&quot;,&quot;one|1|two|2&quot;,&quot;http://localhost/some?one=1&amp;two=2&quot;)" computerName="pkrvmxyh4eaekms" duration="00:00:00.0001360" startTime="2025-06-24T21:13:34.5487461+00:00" endTime="2025-06-24T21:13:34.5488822+00:00" testType="13cdc9d9-ddb5-4fa4-a97d-d965ccfc6d4b" outcome="Passed" testListId="8c84fa94-04c1-424b-9868-57a2d4851a1d" relativeResultsDirectory="cba5e8a8-5627-45d5-b736-dad972b1d413" />
    <UnitTestResult executionId="398d9f23-d1d2-4b58-a087-9273afaf8761" testId="f55a233a-e14b-4380-52ae-c7ccd5e5efd5" testName="TestRequestOptionsParameterInSignature(Microsoft.TypeSpec.Generator.Input.InputBasicServiceMethod,False,True)" computerName="pkrvmxyh4eaekms" duration="00:00:00.0028490" startTime="2025-06-24T21:13:34.2437463+00:00" endTime="2025-06-24T21:13:34.2465955+00:00" testType="13cdc9d9-ddb5-4fa4-a97d-d965ccfc6d4b" outcome="Passed" testListId="8c84fa94-04c1-424b-9868-57a2d4851a1d" relativeResultsDirectory="398d9f23-d1d2-4b58-a087-9273afaf8761" />
    <UnitTestResult executionId="15ae2da3-dc00-445b-ac86-fa3e89e73362" testId="f6fc3775-d3b3-4886-bb37-6a98fedff849" testName="RoundTripWithJsonInterfaceNonGeneric(&quot;W&quot;)" computerName="pkrvmxyh4eaekms" duration="00:00:00.0009230" startTime="2025-06-24T21:13:30.0321768+00:00" endTime="2025-06-24T21:13:30.0330997+00:00" testType="13cdc9d9-ddb5-4fa4-a97d-d965ccfc6d4b" outcome="Passed" testListId="8c84fa94-04c1-424b-9868-57a2d4851a1d" relativeResultsDirectory="15ae2da3-dc00-445b-ac86-fa3e89e73362" />
    <UnitTestResult executionId="85f29ba4-89e4-4ffc-a327-dc37afde1e8a" testId="811a06d5-2f4e-bebd-c789-674c382a7929" testName="CanChangePropertyName" computerName="pkrvmxyh4eaekms" duration="00:00:00.1083210" startTime="2025-06-24T21:13:35.2662623+00:00" endTime="2025-06-24T21:13:35.3745826+00:00" testType="13cdc9d9-ddb5-4fa4-a97d-d965ccfc6d4b" outcome="Passed" testListId="8c84fa94-04c1-424b-9868-57a2d4851a1d" relativeResultsDirectory="85f29ba4-89e4-4ffc-a327-dc37afde1e8a" />
    <UnitTestResult executionId="73e60ff7-427b-4b31-b037-17559596b368" testId="39e35865-e3f4-9b43-7ff7-c975e099bc0c" testName="BuildPersistableModelCreateMethodObjectDeclaration" computerName="pkrvmxyh4eaekms" duration="00:00:00.0044130" startTime="2025-06-24T21:13:36.5455853+00:00" endTime="2025-06-24T21:13:36.5499978+00:00" testType="13cdc9d9-ddb5-4fa4-a97d-d965ccfc6d4b" outcome="Passed" testListId="8c84fa94-04c1-424b-9868-57a2d4851a1d" relativeResultsDirectory="73e60ff7-427b-4b31-b037-17559596b368" />
    <UnitTestResult executionId="30488937-6b4a-4a3c-b27b-6a8a2612d320" testId="d85b041f-089f-431b-1ddd-38180f5dda6d" testName="TestEqualAfterConvertingToUtc(&quot;2020-05-04T03:02:01.1230000+00:00&quot;)" computerName="pkrvmxyh4eaekms" duration="00:00:00.0001000" startTime="2025-06-24T21:13:38.7404126+00:00" endTime="2025-06-24T21:13:38.7405125+00:00" testType="13cdc9d9-ddb5-4fa4-a97d-d965ccfc6d4b" outcome="Passed" testListId="8c84fa94-04c1-424b-9868-57a2d4851a1d" relativeResultsDirectory="30488937-6b4a-4a3c-b27b-6a8a2612d320" />
    <UnitTestResult executionId="3d756934-e301-415e-a6b7-a201f79680fc" testId="3d064911-8ce4-9ebd-478b-8d7a42aeaa1a" testName="TestBuildAuthFields_WithAuth(System.Collections.Generic.List`1[Microsoft.TypeSpec.Generator.Input.InputParameter])" computerName="pkrvmxyh4eaekms" duration="00:00:00.0086030" startTime="2025-06-24T21:13:34.0450465+00:00" endTime="2025-06-24T21:13:34.0536488+00:00" testType="13cdc9d9-ddb5-4fa4-a97d-d965ccfc6d4b" outcome="Passed" testListId="8c84fa94-04c1-424b-9868-57a2d4851a1d" relativeResultsDirectory="3d756934-e301-415e-a6b7-a201f79680fc" />
    <UnitTestResult executionId="3d733ced-ff28-4e4f-a965-6135a62cc7e0" testId="2be290df-7d92-5723-935e-13156fa041e9" testName="TestBuildConstructors_PrimaryConstructor(System.Collections.Generic.List`1[Microsoft.TypeSpec.Generator.Input.InputParameter])" computerName="pkrvmxyh4eaekms" duration="00:00:00.0019310" startTime="2025-06-24T21:13:34.1442306+00:00" endTime="2025-06-24T21:13:34.1461617+00:00" testType="13cdc9d9-ddb5-4fa4-a97d-d965ccfc6d4b" outcome="Passed" testListId="8c84fa94-04c1-424b-9868-57a2d4851a1d" relativeResultsDirectory="3d733ced-ff28-4e4f-a965-6135a62cc7e0" />
    <UnitTestResult executionId="fbe62165-266a-481f-9d8d-2991c4f0ab86" testId="9ed36475-70ea-d935-981c-3ee0399bdd52" testName="ValidateClientResponseClassifiers(Microsoft.TypeSpec.Generator.Input.InputClient)" computerName="pkrvmxyh4eaekms" duration="00:00:00.0003250" startTime="2025-06-24T21:13:38.5899083+00:00" endTime="2025-06-24T21:13:38.5902332+00:00" testType="13cdc9d9-ddb5-4fa4-a97d-d965ccfc6d4b" outcome="Passed" testListId="8c84fa94-04c1-424b-9868-57a2d4851a1d" relativeResultsDirectory="fbe62165-266a-481f-9d8d-2991c4f0ab86" />
    <UnitTestResult executionId="c014a9e7-1136-4a3f-bf72-325346f1b9da" testId="2656410e-7f45-70a7-fdf7-f36a93564a60" testName="TestBuildJsonModelWriteCore(Microsoft.TypeSpec.Generator.Input.InputPrimitiveType)" computerName="pkrvmxyh4eaekms" duration="00:00:00.0202250" startTime="2025-06-24T21:13:35.1516475+00:00" endTime="2025-06-24T21:13:35.1718719+00:00" testType="13cdc9d9-ddb5-4fa4-a97d-d965ccfc6d4b" outcome="Passed" testListId="8c84fa94-04c1-424b-9868-57a2d4851a1d" relativeResultsDirectory="c014a9e7-1136-4a3f-bf72-325346f1b9da" />
    <UnitTestResult executionId="2a0818e4-d0d7-4f64-8823-03d346e651b5" testId="b5846ffc-e3db-f497-0b5d-efeac4ee29f0" testName="ValidateMethodSignatureUsesIEnumerable" computerName="pkrvmxyh4eaekms" duration="00:00:00.0038360" startTime="2025-06-24T21:13:34.3119123+00:00" endTime="2025-06-24T21:13:34.3157485+00:00" testType="13cdc9d9-ddb5-4fa4-a97d-d965ccfc6d4b" outcome="Passed" testListId="8c84fa94-04c1-424b-9868-57a2d4851a1d" relativeResultsDirectory="2a0818e4-d0d7-4f64-8823-03d346e651b5" />
    <UnitTestResult executionId="374d8cce-7dba-414b-98d8-96fc55281061" testId="6d43122f-b0d5-bf9d-4528-2f67c9810804" testName="ResetThenAppendPath(&quot;http://localhost:12345/with/&quot;,&quot;path&quot;,&quot;http://localhost:12345/with/path&quot;)" computerName="pkrvmxyh4eaekms" duration="00:00:00.0001900" startTime="2025-06-24T21:13:34.5374926+00:00" endTime="2025-06-24T21:13:34.5376825+00:00" testType="13cdc9d9-ddb5-4fa4-a97d-d965ccfc6d4b" outcome="Passed" testListId="8c84fa94-04c1-424b-9868-57a2d4851a1d" relativeResultsDirectory="374d8cce-7dba-414b-98d8-96fc55281061" />
    <UnitTestResult executionId="f718fecf-5b16-499a-a822-6448ee4dc0c1" testId="3f453143-83b9-e557-9d70-ce635a271f4e" testName="CanCustomizeSerializationMethodForRenamedProperty" computerName="pkrvmxyh4eaekms" duration="00:00:00.0869140" startTime="2025-06-24T21:13:37.9708958+00:00" endTime="2025-06-24T21:13:38.0578093+00:00" testType="13cdc9d9-ddb5-4fa4-a97d-d965ccfc6d4b" outcome="Passed" testListId="8c84fa94-04c1-424b-9868-57a2d4851a1d" relativeResultsDirectory="f718fecf-5b16-499a-a822-6448ee4dc0c1" />
    <UnitTestResult executionId="657ab88f-c650-4bbd-b014-24bdb74c9e28" testId="1b80a92f-6ac7-cbc4-fc15-b43bba65e287" testName="RoundTripWithJsonInterfaceUtf8Reader(&quot;W&quot;)" computerName="pkrvmxyh4eaekms" duration="00:00:00.0005470" startTime="2025-06-24T21:13:30.0372132+00:00" endTime="2025-06-24T21:13:30.0377604+00:00" testType="13cdc9d9-ddb5-4fa4-a97d-d965ccfc6d4b" outcome="Passed" testListId="8c84fa94-04c1-424b-9868-57a2d4851a1d" relativeResultsDirectory="657ab88f-c650-4bbd-b014-24bdb74c9e28" />
    <UnitTestResult executionId="91375c81-197e-4402-ac3e-61578ca58258" testId="d341eb56-4b23-b767-48eb-8a58e9956c80" testName="AppendQuery_Float(&quot;http://localhost&quot;,3.14f,False,&quot;http://localhost/?query=3.14&quot;)" computerName="pkrvmxyh4eaekms" duration="00:00:00.0004080" startTime="2025-06-24T21:13:34.5249829+00:00" endTime="2025-06-24T21:13:34.5253914+00:00" testType="13cdc9d9-ddb5-4fa4-a97d-d965ccfc6d4b" outcome="Passed" testListId="8c84fa94-04c1-424b-9868-57a2d4851a1d" relativeResultsDirectory="91375c81-197e-4402-ac3e-61578ca58258" />
    <UnitTestResult executionId="dd499814-c9c6-4a96-b946-b8f264ad9798" testId="60e80210-144f-ae89-bdae-f71c9f8b8814" testName="FormatsDatesAsString(&quot;R&quot;,05/04/2020 03:02:01 +00:00,&quot;Mon, 04 May 2020 03:02:01 GMT&quot;)" computerName="pkrvmxyh4eaekms" duration="00:00:00.0000510" startTime="2025-06-24T21:13:38.7369767+00:00" endTime="2025-06-24T21:13:38.7370274+00:00" testType="13cdc9d9-ddb5-4fa4-a97d-d965ccfc6d4b" outcome="Passed" testListId="8c84fa94-04c1-424b-9868-57a2d4851a1d" relativeResultsDirectory="dd499814-c9c6-4a96-b946-b8f264ad9798" />
    <UnitTestResult executionId="570c46f6-eba3-4e17-a2bc-938a419c8921" testId="6a107d20-558d-703d-f7cd-24aec4600175" testName="AppendQuery_TimeSpan(&quot;http://localhost&quot;,&quot;02:15:00&quot;,null,True,&quot;http://localhost/?query=PT2H15M&quot;)" computerName="pkrvmxyh4eaekms" duration="00:00:00.0001590" startTime="2025-06-24T21:13:34.5305809+00:00" endTime="2025-06-24T21:13:34.5307399+00:00" testType="13cdc9d9-ddb5-4fa4-a97d-d965ccfc6d4b" outcome="Passed" testListId="8c84fa94-04c1-424b-9868-57a2d4851a1d" relativeResultsDirectory="570c46f6-eba3-4e17-a2bc-938a419c8921" />
    <UnitTestResult executionId="96f8a0fb-0984-4059-85f9-271467164494" testId="75ea94fd-3e39-2426-5e3d-01bde1d3cfe1" testName="TestBuildConstructors_SecondaryConstructor(System.Collections.Generic.List`1[Microsoft.TypeSpec.Generator.Input.InputParameter])" computerName="pkrvmxyh4eaekms" duration="00:00:00.0013640" startTime="2025-06-24T21:13:34.1755660+00:00" endTime="2025-06-24T21:13:34.1769300+00:00" testType="13cdc9d9-ddb5-4fa4-a97d-d965ccfc6d4b" outcome="Passed" testListId="8c84fa94-04c1-424b-9868-57a2d4851a1d" relativeResultsDirectory="96f8a0fb-0984-4059-85f9-271467164494" />
    <UnitTestResult executionId="09474f3b-9bf5-4f17-884a-5335fee70289" testId="98cba7ef-cae3-92dd-b1d6-f5f810e86693" testName="TestBuildFields_WithSubClients(Microsoft.TypeSpec.Generator.Input.InputClient,System.Collections.Generic.List`1[Microsoft.TypeSpec.Generator.ClientModel.Tests.Providers.ClientProviders.ClientProviderTests+ExpectedFieldProvider])" computerName="pkrvmxyh4eaekms" duration="00:00:00.0017130" startTime="2025-06-24T21:13:34.1846188+00:00" endTime="2025-06-24T21:13:34.1863321+00:00" testType="13cdc9d9-ddb5-4fa4-a97d-d965ccfc6d4b" outcome="Passed" testListId="8c84fa94-04c1-424b-9868-57a2d4851a1d" relativeResultsDirectory="09474f3b-9bf5-4f17-884a-5335fee70289" />
    <UnitTestResult executionId="b8931c9c-e6b2-4820-80d7-07d622767bb7" testId="e96d95ec-e2b3-da59-f0c7-6fd76fc38633" testName="ResetThenAppendQueryThenAppendPath(&quot;http://localhost/&quot;,&quot;/some&quot;,&quot;one|1&quot;,&quot;http://localhost/some?one=1&quot;)" computerName="pkrvmxyh4eaekms" duration="00:00:00.0001320" startTime="2025-06-24T21:13:34.5481140+00:00" endTime="2025-06-24T21:13:34.5482460+00:00" testType="13cdc9d9-ddb5-4fa4-a97d-d965ccfc6d4b" outcome="Passed" testListId="8c84fa94-04c1-424b-9868-57a2d4851a1d" relativeResultsDirectory="b8931c9c-e6b2-4820-80d7-07d622767bb7" />
    <UnitTestResult executionId="bdae0d60-341b-4606-9a3f-73bc47e3fd9c" testId="03a1c178-bca2-901c-99a9-747e7f63e0f2" testName="PreVisitsMethods" computerName="pkrvmxyh4eaekms" duration="00:00:00.1229500" startTime="2025-06-24T21:13:29.8708354+00:00" endTime="2025-06-24T21:13:29.9937846+00:00" testType="13cdc9d9-ddb5-4fa4-a97d-d965ccfc6d4b" outcome="Passed" testListId="8c84fa94-04c1-424b-9868-57a2d4851a1d" relativeResultsDirectory="bdae0d60-341b-4606-9a3f-73bc47e3fd9c" />
    <UnitTestResult executionId="84ba94bf-1c9f-4a4e-a52e-4dda08455abc" testId="38c2f9ba-1181-b216-c1a4-51a54f0113e2" testName="ResetThenAppendQueryThenAppendPath(&quot;http://localhost/&quot;,&quot;some/&quot;,&quot;one|1&quot;,&quot;http://localhost/some/?one=1&quot;)" computerName="pkrvmxyh4eaekms" duration="00:00:00.0001399" startTime="2025-06-24T21:13:34.5478020+00:00" endTime="2025-06-24T21:13:34.5479414+00:00" testType="13cdc9d9-ddb5-4fa4-a97d-d965ccfc6d4b" outcome="Passed" testListId="8c84fa94-04c1-424b-9868-57a2d4851a1d" relativeResultsDirectory="84ba94bf-1c9f-4a4e-a52e-4dda08455abc" />
    <UnitTestResult executionId="97346301-51e5-4b7c-bc7d-721a8655f8f9" testId="4db094ea-4e79-1146-c144-b272beaf7514" testName="TestIntDeserializeExpression(System.Byte,Default)" computerName="pkrvmxyh4eaekms" duration="00:00:00.0003180" startTime="2025-06-24T21:13:36.6388601+00:00" endTime="2025-06-24T21:13:36.6391780+00:00" testType="13cdc9d9-ddb5-4fa4-a97d-d965ccfc6d4b" outcome="Passed" testListId="8c84fa94-04c1-424b-9868-57a2d4851a1d" relativeResultsDirectory="97346301-51e5-4b7c-bc7d-721a8655f8f9" />
    <UnitTestResult executionId="ab7fd23a-a0b8-4983-a63c-6d2a46c6a7f4" testId="c09b9953-6e88-da7c-cf9f-d8e3839bb3cf" testName="TestProperties(False)" computerName="pkrvmxyh4eaekms" duration="00:00:00.0025150" startTime="2025-06-24T21:13:32.4210554+00:00" endTime="2025-06-24T21:13:32.4235699+00:00" testType="13cdc9d9-ddb5-4fa4-a97d-d965ccfc6d4b" outcome="Passed" testListId="8c84fa94-04c1-424b-9868-57a2d4851a1d" relativeResultsDirectory="ab7fd23a-a0b8-4983-a63c-6d2a46c6a7f4" />
    <UnitTestResult executionId="4bc96992-24b1-4eca-acaa-dc15a4751b31" testId="9adbf83d-961f-c409-ce42-1f948f6bfb91" testName="ResetThenAppendPathThenAppendQuery(&quot;http://localhost:12345&quot;,&quot;/some&quot;,&quot;one|1&quot;,&quot;http://localhost:12345/some?one=1&quot;)" computerName="pkrvmxyh4eaekms" duration="00:00:00.0001170" startTime="2025-06-24T21:13:34.5426222+00:00" endTime="2025-06-24T21:13:34.5427387+00:00" testType="13cdc9d9-ddb5-4fa4-a97d-d965ccfc6d4b" outcome="Passed" testListId="8c84fa94-04c1-424b-9868-57a2d4851a1d" relativeResultsDirectory="4bc96992-24b1-4eca-acaa-dc15a4751b31" />
    <UnitTestResult executionId="beac972a-8df6-476d-8de7-d197a3a56dce" testId="1e137d1c-2d50-6f10-2ced-78edc3b544f6" testName="TestBuildDeserializationMethodNestedSARD" computerName="pkrvmxyh4eaekms" duration="00:00:00.0052600" startTime="2025-06-24T21:13:36.5623254+00:00" endTime="2025-06-24T21:13:36.5675848+00:00" testType="13cdc9d9-ddb5-4fa4-a97d-d965ccfc6d4b" outcome="Passed" testListId="8c84fa94-04c1-424b-9868-57a2d4851a1d" relativeResultsDirectory="beac972a-8df6-476d-8de7-d197a3a56dce" />
    <UnitTestResult executionId="a4c99dbe-eef1-48b3-ae38-e6dd7fe056fe" testId="75ea94fd-3e39-2426-5e3d-01bde1d3cfe1" testName="TestBuildConstructors_SecondaryConstructor(System.Collections.Generic.List`1[Microsoft.TypeSpec.Generator.Input.InputParameter])" computerName="pkrvmxyh4eaekms" duration="00:00:00.0016030" startTime="2025-06-24T21:13:34.1645557+00:00" endTime="2025-06-24T21:13:34.1661584+00:00" testType="13cdc9d9-ddb5-4fa4-a97d-d965ccfc6d4b" outcome="Passed" testListId="8c84fa94-04c1-424b-9868-57a2d4851a1d" relativeResultsDirectory="a4c99dbe-eef1-48b3-ae38-e6dd7fe056fe" />
    <UnitTestResult executionId="0a09ccc6-d8eb-4310-9406-33bb438d0876" testId="3ea572d0-8081-c04d-1c5e-07d3f0bdce4f" testName="TestNonBodyRequestParametersInBodyWriterDiff(Microsoft.TypeSpec.Generator.Input.InputBasicServiceMethod)" computerName="pkrvmxyh4eaekms" duration="00:00:00.0054510" startTime="2025-06-24T21:13:34.2213558+00:00" endTime="2025-06-24T21:13:34.2268068+00:00" testType="13cdc9d9-ddb5-4fa4-a97d-d965ccfc6d4b" outcome="Passed" testListId="8c84fa94-04c1-424b-9868-57a2d4851a1d" relativeResultsDirectory="0a09ccc6-d8eb-4310-9406-33bb438d0876" />
    <UnitTestResult executionId="dab3f985-35c5-4a8a-abfa-76b68e687b02" testId="4b9c1ba1-8fc1-d592-d8e2-2c9b4a349460" testName="RoundTripWithModelReaderWriter(&quot;W&quot;)" computerName="pkrvmxyh4eaekms" duration="00:00:00.0010670" startTime="2025-06-24T21:13:30.2873059+00:00" endTime="2025-06-24T21:13:30.2883731+00:00" testType="13cdc9d9-ddb5-4fa4-a97d-d965ccfc6d4b" outcome="Passed" testListId="8c84fa94-04c1-424b-9868-57a2d4851a1d" relativeResultsDirectory="dab3f985-35c5-4a8a-abfa-76b68e687b02" />
    <UnitTestResult executionId="692fe2fd-20a0-4ebd-b149-b9e95fc3e154" testId="0042b540-d9ed-9ddc-23a9-c43f86f536b2" testName="AppendPath_ByteArray(&quot;http://localhost&quot;,[104, 101, 108, 108, 111],&quot;D&quot;,False,&quot;http://localhost/aGVsbG8=&quot;)" computerName="pkrvmxyh4eaekms" duration="00:00:00.0000860" startTime="2025-06-24T21:13:34.4574264+00:00" endTime="2025-06-24T21:13:34.4575120+00:00" testType="13cdc9d9-ddb5-4fa4-a97d-d965ccfc6d4b" outcome="Passed" testListId="8c84fa94-04c1-424b-9868-57a2d4851a1d" relativeResultsDirectory="692fe2fd-20a0-4ebd-b149-b9e95fc3e154" />
    <UnitTestResult executionId="63e25619-b8af-4cd2-b46e-d41597479dbd" testId="a6604334-c3da-4032-2d4c-e714d71d6226" testName="ValidateIsLastNamespaceSegmentTheSame(&quot;Foo&quot;,&quot;/Foo&quot;)" computerName="pkrvmxyh4eaekms" duration="00:00:00.0015820" startTime="2025-06-24T21:13:34.3056749+00:00" endTime="2025-06-24T21:13:34.3072570+00:00" testType="13cdc9d9-ddb5-4fa4-a97d-d965ccfc6d4b" outcome="Passed" testListId="8c84fa94-04c1-424b-9868-57a2d4851a1d" relativeResultsDirectory="63e25619-b8af-4cd2-b46e-d41597479dbd" />
    <UnitTestResult executionId="4b432bbf-1e95-4664-8265-ed352d891f37" testId="f9b2f864-a502-a8ed-b3aa-05e5daad2520" testName="TestBuildFields" computerName="pkrvmxyh4eaekms" duration="00:00:00.0015290" startTime="2025-06-24T21:13:36.5701746+00:00" endTime="2025-06-24T21:13:36.5717033+00:00" testType="13cdc9d9-ddb5-4fa4-a97d-d965ccfc6d4b" outcome="Passed" testListId="8c84fa94-04c1-424b-9868-57a2d4851a1d" relativeResultsDirectory="4b432bbf-1e95-4664-8265-ed352d891f37" />
    <UnitTestResult executionId="640c9b9f-4a52-4711-bdb1-259a50b53099" testId="4da0d92a-1c6d-ea97-1f5b-a872acc44832" testName="CanCustomizeEnumToFrameworkType" computerName="pkrvmxyh4eaekms" duration="00:00:00.0792600" startTime="2025-06-24T21:13:35.5032891+00:00" endTime="2025-06-24T21:13:35.5825486+00:00" testType="13cdc9d9-ddb5-4fa4-a97d-d965ccfc6d4b" outcome="Passed" testListId="8c84fa94-04c1-424b-9868-57a2d4851a1d" relativeResultsDirectory="640c9b9f-4a52-4711-bdb1-259a50b53099" />
    <UnitTestResult executionId="f4f9c392-332b-481d-91e3-ffc2ccbef012" testId="2656410e-7f45-70a7-fdf7-f36a93564a60" testName="TestBuildJsonModelWriteCore(Microsoft.TypeSpec.Generator.Input.InputPrimitiveType)" computerName="pkrvmxyh4eaekms" duration="00:00:00.0017800" startTime="2025-06-24T21:13:35.1719238+00:00" endTime="2025-06-24T21:13:35.1737033+00:00" testType="13cdc9d9-ddb5-4fa4-a97d-d965ccfc6d4b" outcome="Passed" testListId="8c84fa94-04c1-424b-9868-57a2d4851a1d" relativeResultsDirectory="f4f9c392-332b-481d-91e3-ffc2ccbef012" />
    <UnitTestResult executionId="5d5786fa-5a45-409d-97e1-de3cb0155222" testId="95e5529b-4329-e8dc-eeed-d78a8fcdab90" testName="RoundTripWithModelReaderWriterNonGeneric(&quot;J&quot;)" computerName="pkrvmxyh4eaekms" duration="00:00:00.0011470" startTime="2025-06-24T21:13:30.2648985+00:00" endTime="2025-06-24T21:13:30.2660453+00:00" testType="13cdc9d9-ddb5-4fa4-a97d-d965ccfc6d4b" outcome="Passed" testListId="8c84fa94-04c1-424b-9868-57a2d4851a1d" relativeResultsDirectory="5d5786fa-5a45-409d-97e1-de3cb0155222" />
    <UnitTestResult executionId="78fd8d3c-7f00-4253-8e03-565daf04b19a" testId="bbb9316d-667f-3b33-a704-f74b312052fa" testName="TestBuildPersistableModelCreateCoreMethod(False)" computerName="pkrvmxyh4eaekms" duration="00:00:00.0027039" startTime="2025-06-24T21:13:36.5977250+00:00" endTime="2025-06-24T21:13:36.6004290+00:00" testType="13cdc9d9-ddb5-4fa4-a97d-d965ccfc6d4b" outcome="Passed" testListId="8c84fa94-04c1-424b-9868-57a2d4851a1d" relativeResultsDirectory="78fd8d3c-7f00-4253-8e03-565daf04b19a" />
    <UnitTestResult executionId="6436e072-32e8-46e9-9fdd-9914351b7c29" testId="ddf3d0a6-dd5f-db17-7a45-bf3b28b38312" testName="CanChangeDictionaryToBinaryData" computerName="pkrvmxyh4eaekms" duration="00:00:00.0715100" startTime="2025-06-24T21:13:36.6765799+00:00" endTime="2025-06-24T21:13:36.7480892+00:00" testType="13cdc9d9-ddb5-4fa4-a97d-d965ccfc6d4b" outcome="Passed" testListId="8c84fa94-04c1-424b-9868-57a2d4851a1d" relativeResultsDirectory="6436e072-32e8-46e9-9fdd-9914351b7c29" />
    <UnitTestResult executionId="b3087d86-8b8c-4f2d-87bc-26e3c2a4e37c" testId="e3f6b41b-723f-fe52-6ef5-10aa6556c371" testName="TestBuildAuthFields_SubClients_WithAuth(Microsoft.TypeSpec.Generator.Input.InputClient)" computerName="pkrvmxyh4eaekms" duration="00:00:00.0020840" startTime="2025-06-24T21:13:34.0428812+00:00" endTime="2025-06-24T21:13:34.0449650+00:00" testType="13cdc9d9-ddb5-4fa4-a97d-d965ccfc6d4b" outcome="Passed" testListId="8c84fa94-04c1-424b-9868-57a2d4851a1d" relativeResultsDirectory="b3087d86-8b8c-4f2d-87bc-26e3c2a4e37c" />
    <UnitTestResult executionId="24bb078e-83a1-461a-86d3-930412292d05" testId="3b9ab7b2-de71-ea7e-3b9f-d4d717b953d3" testName="ResetThenAppendQueryThenAppendPath(&quot;http://localhost:12345&quot;,&quot;some/&quot;,&quot;one|1|two|2&quot;,&quot;http://localhost:12345/some/?one=1&amp;two=2&quot;)" computerName="pkrvmxyh4eaekms" duration="00:00:00.0001550" startTime="2025-06-24T21:13:34.5492108+00:00" endTime="2025-06-24T21:13:34.5493655+00:00" testType="13cdc9d9-ddb5-4fa4-a97d-d965ccfc6d4b" outcome="Passed" testListId="8c84fa94-04c1-424b-9868-57a2d4851a1d" relativeResultsDirectory="24bb078e-83a1-461a-86d3-930412292d05" />
    <UnitTestResult executionId="fd147c78-f07d-4f5f-8db0-6e4402763b42" testId="86e3f85a-a891-efe2-3e19-1eec0a853048" testName="ResetThenAppendQuery(&quot;http://localhost/some/&quot;,&quot;one|1&quot;,&quot;http://localhost/some/?one=1&quot;)" computerName="pkrvmxyh4eaekms" duration="00:00:00.0001710" startTime="2025-06-24T21:13:34.5452793+00:00" endTime="2025-06-24T21:13:34.5454497+00:00" testType="13cdc9d9-ddb5-4fa4-a97d-d965ccfc6d4b" outcome="Passed" testListId="8c84fa94-04c1-424b-9868-57a2d4851a1d" relativeResultsDirectory="fd147c78-f07d-4f5f-8db0-6e4402763b42" />
    <UnitTestResult executionId="172e4e5d-b93b-4c5c-94d7-20c6a1bc17b1" testId="44616ce8-42b4-b0a8-a260-dff21925687d" testName="TestGetClientOptions(False)" computerName="pkrvmxyh4eaekms" duration="00:00:00.0014830" startTime="2025-06-24T21:13:34.1926846+00:00" endTime="2025-06-24T21:13:34.1941677+00:00" testType="13cdc9d9-ddb5-4fa4-a97d-d965ccfc6d4b" outcome="Passed" testListId="8c84fa94-04c1-424b-9868-57a2d4851a1d" relativeResultsDirectory="172e4e5d-b93b-4c5c-94d7-20c6a1bc17b1" />
    <UnitTestResult executionId="bc520ecd-0cf3-46b1-9d7e-c58cd8b5dcb9" testId="497952da-8550-fce8-7520-c78629959b53" testName="RoundTripWithModelReaderWriter(&quot;W&quot;)" computerName="pkrvmxyh4eaekms" duration="00:00:00.0005019" startTime="2025-06-24T21:13:30.0902369+00:00" endTime="2025-06-24T21:13:30.0907390+00:00" testType="13cdc9d9-ddb5-4fa4-a97d-d965ccfc6d4b" outcome="Passed" testListId="8c84fa94-04c1-424b-9868-57a2d4851a1d" relativeResultsDirectory="bc520ecd-0cf3-46b1-9d7e-c58cd8b5dcb9" />
    <UnitTestResult executionId="f42c3d9a-ba30-4628-a88d-4fd9d1a4743a" testId="a46f3cc4-c110-1556-a386-c5cffa7f4bae" testName="AppendQuery_DateTimeOffset(&quot;http://localhost&quot;,&quot;6/30/1905 1:14:00 PM +00:00&quot;,&quot;o&quot;,False,&quot;http://localhost/?query=1905-06-30T13:14:00.0000000Z&quot;)" computerName="pkrvmxyh4eaekms" duration="00:00:00.0001450" startTime="2025-06-24T21:13:34.5231366+00:00" endTime="2025-06-24T21:13:34.5232813+00:00" testType="13cdc9d9-ddb5-4fa4-a97d-d965ccfc6d4b" outcome="Passed" testListId="8c84fa94-04c1-424b-9868-57a2d4851a1d" relativeResultsDirectory="f42c3d9a-ba30-4628-a88d-4fd9d1a4743a" />
    <UnitTestResult executionId="ae600cff-84c7-46aa-860e-d19210581228" testId="d58133a7-9d33-a542-69d0-49c99b7c3190" testName="AppendQuery_Bool(&quot;http://localhost&quot;,True,False,&quot;http://localhost/?query=true&quot;)" computerName="pkrvmxyh4eaekms" duration="00:00:00.0003600" startTime="2025-06-24T21:13:34.5196737+00:00" endTime="2025-06-24T21:13:34.5200336+00:00" testType="13cdc9d9-ddb5-4fa4-a97d-d965ccfc6d4b" outcome="Passed" testListId="8c84fa94-04c1-424b-9868-57a2d4851a1d" relativeResultsDirectory="ae600cff-84c7-46aa-860e-d19210581228" />
    <UnitTestResult executionId="452cd4cf-3b15-41aa-9438-67951dfb4b81" testId="481a4ae3-81f3-e5b6-2f47-4f11c083d546" testName="AppendQuery_DateTimeOffset(&quot;http://localhost&quot;,&quot;6/30/1905 1:14:00 PM +00:00&quot;,&quot;o&quot;,True,&quot;http://localhost/?query=1905-06-30T13%3A14%3A00.0000000Z&quot;)" computerName="pkrvmxyh4eaekms" duration="00:00:00.0001310" startTime="2025-06-24T21:13:34.5224304+00:00" endTime="2025-06-24T21:13:34.5225615+00:00" testType="13cdc9d9-ddb5-4fa4-a97d-d965ccfc6d4b" outcome="Passed" testListId="8c84fa94-04c1-424b-9868-57a2d4851a1d" relativeResultsDirectory="452cd4cf-3b15-41aa-9438-67951dfb4b81" />
    <UnitTestResult executionId="09ac3818-a9b4-497a-ada4-8ca9e89b32e8" testId="3775d54e-5139-d61a-b3ed-3919845d7970" testName="ContinuationTokenInHeaderOfTAsync" computerName="pkrvmxyh4eaekms" duration="00:00:00.0039769" startTime="2025-06-24T21:13:34.6186847+00:00" endTime="2025-06-24T21:13:34.6226613+00:00" testType="13cdc9d9-ddb5-4fa4-a97d-d965ccfc6d4b" outcome="Passed" testListId="8c84fa94-04c1-424b-9868-57a2d4851a1d" relativeResultsDirectory="09ac3818-a9b4-497a-ada4-8ca9e89b32e8" />
    <UnitTestResult executionId="196ac131-bacb-476e-bb9c-a6551194c456" testId="b4007647-38ed-a41c-6e85-a9dbf46fa5bf" testName="NextLinkInHeader" computerName="pkrvmxyh4eaekms" duration="00:00:00.0045730" startTime="2025-06-24T21:13:34.6648389+00:00" endTime="2025-06-24T21:13:34.6694114+00:00" testType="13cdc9d9-ddb5-4fa4-a97d-d965ccfc6d4b" outcome="Passed" testListId="8c84fa94-04c1-424b-9868-57a2d4851a1d" relativeResultsDirectory="196ac131-bacb-476e-bb9c-a6551194c456" />
    <UnitTestResult executionId="33005d91-214e-4f21-85d8-d8d812211ce6" testId="3d064911-8ce4-9ebd-478b-8d7a42aeaa1a" testName="TestBuildAuthFields_WithAuth(System.Collections.Generic.List`1[Microsoft.TypeSpec.Generator.Input.InputParameter])" computerName="pkrvmxyh4eaekms" duration="00:00:00.0027160" startTime="2025-06-24T21:13:34.0564889+00:00" endTime="2025-06-24T21:13:34.0592049+00:00" testType="13cdc9d9-ddb5-4fa4-a97d-d965ccfc6d4b" outcome="Passed" testListId="8c84fa94-04c1-424b-9868-57a2d4851a1d" relativeResultsDirectory="33005d91-214e-4f21-85d8-d8d812211ce6" />
    <UnitTestResult executionId="aa78f601-b574-49a0-8a29-d5d877416588" testId="34a566dd-f86c-555d-eb99-e99229f28977" testName="ResetThenAppendPath(&quot;http://localhost/with/&quot;,&quot;/path&quot;,&quot;http://localhost/with/path&quot;)" computerName="pkrvmxyh4eaekms" duration="00:00:00.0002070" startTime="2025-06-24T21:13:34.5388231+00:00" endTime="2025-06-24T21:13:34.5390298+00:00" testType="13cdc9d9-ddb5-4fa4-a97d-d965ccfc6d4b" outcome="Passed" testListId="8c84fa94-04c1-424b-9868-57a2d4851a1d" relativeResultsDirectory="aa78f601-b574-49a0-8a29-d5d877416588" />
    <UnitTestResult executionId="1e1fd91e-8331-476b-912a-f96aa070fd08" testId="61a0d16b-51d0-5d10-c277-49bd978ee4cb" testName="TestBuildPersistableModelWriteMethod" computerName="pkrvmxyh4eaekms" duration="00:00:00.0024570" startTime="2025-06-24T21:13:36.6155692+00:00" endTime="2025-06-24T21:13:36.6180263+00:00" testType="13cdc9d9-ddb5-4fa4-a97d-d965ccfc6d4b" outcome="Passed" testListId="8c84fa94-04c1-424b-9868-57a2d4851a1d" relativeResultsDirectory="1e1fd91e-8331-476b-912a-f96aa070fd08" />
    <UnitTestResult executionId="8901507b-96b3-484d-b291-7f80ef9d692c" testId="b4e9abf5-dcce-a867-f0a1-16b9bce1e33c" testName="FormatsDatesAsJson(&quot;R&quot;,05/04/2020 03:02:01 +00:00,&quot;Mon, 04 May 2020 03:02:01 GMT&quot;)" computerName="pkrvmxyh4eaekms" duration="00:00:00.0000980" startTime="2025-06-24T21:13:38.7358286+00:00" endTime="2025-06-24T21:13:38.7359267+00:00" testType="13cdc9d9-ddb5-4fa4-a97d-d965ccfc6d4b" outcome="Passed" testListId="8c84fa94-04c1-424b-9868-57a2d4851a1d" relativeResultsDirectory="8901507b-96b3-484d-b291-7f80ef9d692c" />
    <UnitTestResult executionId="6877b9ad-a810-4a18-9bfb-eb53f539a42b" testId="e78dd496-39e7-6487-beae-ab1e68e8a32e" testName="TestBuildConstructors_ForSubClient_BothAuth()" computerName="pkrvmxyh4eaekms" duration="00:00:00.0258399" startTime="2025-06-24T21:13:34.0917759+00:00" endTime="2025-06-24T21:13:34.1176155+00:00" testType="13cdc9d9-ddb5-4fa4-a97d-d965ccfc6d4b" outcome="Passed" testListId="8c84fa94-04c1-424b-9868-57a2d4851a1d" relativeResultsDirectory="6877b9ad-a810-4a18-9bfb-eb53f539a42b" />
    <UnitTestResult executionId="fa711d79-72c2-44f8-b5b3-ebc2c934e0d0" testId="e977acff-c5d7-bca3-f3c9-af0a1964bc45" testName="ResetThenAppendPath(&quot;http://localhost:12345/with&quot;,&quot;path&quot;,&quot;http://localhost:12345/withpath&quot;)" computerName="pkrvmxyh4eaekms" duration="00:00:00.0002060" startTime="2025-06-24T21:13:34.5372697+00:00" endTime="2025-06-24T21:13:34.5374756+00:00" testType="13cdc9d9-ddb5-4fa4-a97d-d965ccfc6d4b" outcome="Passed" testListId="8c84fa94-04c1-424b-9868-57a2d4851a1d" relativeResultsDirectory="fa711d79-72c2-44f8-b5b3-ebc2c934e0d0" />
    <UnitTestResult executionId="317f1d84-da62-493a-b30c-b19458139b8a" testId="fe7ed937-78c6-d70d-a862-2291212607dd" testName="AppendPath_DateTimeOffset(&quot;http://localhost&quot;,&quot;6/30/1905 1:14:00 PM +00:00&quot;,&quot;R&quot;,True,&quot;http://localhost/Fri%2C 30 Jun 1905 13%3A14%3A00 GMT&quot;)" computerName="pkrvmxyh4eaekms" duration="00:00:00.0010620" startTime="2025-06-24T21:13:34.4605200+00:00" endTime="2025-06-24T21:13:34.4615817+00:00" testType="13cdc9d9-ddb5-4fa4-a97d-d965ccfc6d4b" outcome="Passed" testListId="8c84fa94-04c1-424b-9868-57a2d4851a1d" relativeResultsDirectory="317f1d84-da62-493a-b30c-b19458139b8a" />
    <UnitTestResult executionId="181b7865-7dcb-429c-8046-e996d3666aa5" testId="bf4fa718-a0dc-a376-320f-64846e767fdc" testName="ValidateToSerialMethodsExtensible(Microsoft.TypeSpec.Generator.Input.InputEnumType)" computerName="pkrvmxyh4eaekms" duration="00:00:00.0003490" startTime="2025-06-24T21:13:34.9183618+00:00" endTime="2025-06-24T21:13:34.9187109+00:00" testType="13cdc9d9-ddb5-4fa4-a97d-d965ccfc6d4b" outcome="Passed" testListId="8c84fa94-04c1-424b-9868-57a2d4851a1d" relativeResultsDirectory="181b7865-7dcb-429c-8046-e996d3666aa5" />
    <UnitTestResult executionId="fe0f2d34-6012-4700-a46f-d696ab5cbf2d" testId="0c40e391-1535-8784-1bfb-cedd28fd8a3d" testName="TestResponseClassifierDuplication(Microsoft.TypeSpec.Generator.Input.InputClient)" computerName="pkrvmxyh4eaekms" duration="00:00:00.0023130" startTime="2025-06-24T21:13:38.5778842+00:00" endTime="2025-06-24T21:13:38.5801967+00:00" testType="13cdc9d9-ddb5-4fa4-a97d-d965ccfc6d4b" outcome="Passed" testListId="8c84fa94-04c1-424b-9868-57a2d4851a1d" relativeResultsDirectory="fe0f2d34-6012-4700-a46f-d696ab5cbf2d" />
    <UnitTestResult executionId="23109137-4c9d-4665-afce-e6278251ebe0" testId="9a0b5fe5-23b6-e1a0-71e7-8e9b88d6007e" testName="ListMethodIsRenamedToGet" computerName="pkrvmxyh4eaekms" duration="00:00:00.0017950" startTime="2025-06-24T21:13:38.6136924+00:00" endTime="2025-06-24T21:13:38.6154877+00:00" testType="13cdc9d9-ddb5-4fa4-a97d-d965ccfc6d4b" outcome="Passed" testListId="8c84fa94-04c1-424b-9868-57a2d4851a1d" relativeResultsDirectory="23109137-4c9d-4665-afce-e6278251ebe0" />
    <UnitTestResult executionId="1329bc99-bd0e-4ea1-9d9a-f17e699fe9d8" testId="48086829-e2cb-679b-fae9-3d9bb0deaa31" testName="ValidateIsLastNamespaceSegmentTheSame(&quot;_Foo&quot;,&quot;Foo&quot;)" computerName="pkrvmxyh4eaekms" duration="00:00:00.0012480" startTime="2025-06-24T21:13:34.2953014+00:00" endTime="2025-06-24T21:13:34.2965496+00:00" testType="13cdc9d9-ddb5-4fa4-a97d-d965ccfc6d4b" outcome="Passed" testListId="8c84fa94-04c1-424b-9868-57a2d4851a1d" relativeResultsDirectory="1329bc99-bd0e-4ea1-9d9a-f17e699fe9d8" />
    <UnitTestResult executionId="e01a603f-3eb0-414f-852e-f80534b2f3ad" testId="38edb700-70aa-aa33-0bc7-b5b75e3d9a26" testName="ValidateQueryParamWriterDiff(True)" computerName="pkrvmxyh4eaekms" duration="00:00:00.0048180" startTime="2025-06-24T21:13:34.3211000+00:00" endTime="2025-06-24T21:13:34.3259175+00:00" testType="13cdc9d9-ddb5-4fa4-a97d-d965ccfc6d4b" outcome="Passed" testListId="8c84fa94-04c1-424b-9868-57a2d4851a1d" relativeResultsDirectory="e01a603f-3eb0-414f-852e-f80534b2f3ad" />
    <UnitTestResult executionId="5422e8e4-ede4-4d90-9aac-a9187aada437" testId="3d1620ff-198d-50c6-b337-596fac219ddf" testName="AppendQuery_Int(&quot;http://localhost&quot;,299792458,False,&quot;http://localhost/?query=299792458&quot;)" computerName="pkrvmxyh4eaekms" duration="00:00:00.0004110" startTime="2025-06-24T21:13:34.5270063+00:00" endTime="2025-06-24T21:13:34.5274168+00:00" testType="13cdc9d9-ddb5-4fa4-a97d-d965ccfc6d4b" outcome="Passed" testListId="8c84fa94-04c1-424b-9868-57a2d4851a1d" relativeResultsDirectory="5422e8e4-ede4-4d90-9aac-a9187aada437" />
    <UnitTestResult executionId="580cb85e-8d44-430e-b1a9-16e5894865fe" testId="c5a88dd3-53bc-ae28-974e-1eee3b032844" testName="ResetThenAppendPathThenAppendQuery(&quot;http://localhost:12345&quot;,&quot;some&quot;,&quot;one|1&quot;,&quot;http://localhost:12345/some?one=1&quot;)" computerName="pkrvmxyh4eaekms" duration="00:00:00.0003750" startTime="2025-06-24T21:13:34.5418086+00:00" endTime="2025-06-24T21:13:34.5421835+00:00" testType="13cdc9d9-ddb5-4fa4-a97d-d965ccfc6d4b" outcome="Passed" testListId="8c84fa94-04c1-424b-9868-57a2d4851a1d" relativeResultsDirectory="580cb85e-8d44-430e-b1a9-16e5894865fe" />
    <UnitTestResult executionId="c4175980-512f-4e9a-be65-767ce634876c" testId="7cff3d0d-af1d-f407-3d06-8761f43e6d14" testName="TestGetMethodParameters_ProperOrdering()" computerName="pkrvmxyh4eaekms" duration="00:00:00.0008030" startTime="2025-06-24T21:13:38.5761240+00:00" endTime="2025-06-24T21:13:38.5769264+00:00" testType="13cdc9d9-ddb5-4fa4-a97d-d965ccfc6d4b" outcome="Passed" testListId="8c84fa94-04c1-424b-9868-57a2d4851a1d" relativeResultsDirectory="c4175980-512f-4e9a-be65-767ce634876c" />
    <UnitTestResult executionId="7db8a281-0664-4b1d-a013-8f251f33ce93" testId="a2ae843a-92ec-37be-0383-b7c0f9e18238" testName="DiscriminatorDeserializationUsesCorrectDiscriminatorPropName" computerName="pkrvmxyh4eaekms" duration="00:00:00.0040870" startTime="2025-06-24T21:13:35.2192678+00:00" endTime="2025-06-24T21:13:35.2233542+00:00" testType="13cdc9d9-ddb5-4fa4-a97d-d965ccfc6d4b" outcome="Passed" testListId="8c84fa94-04c1-424b-9868-57a2d4851a1d" relativeResultsDirectory="7db8a281-0664-4b1d-a013-8f251f33ce93" />
    <UnitTestResult executionId="e7f49151-63d3-4f30-a976-232c7b5146d8" testId="3324df3f-d0c2-2d28-c81e-613d4d905e8f" testName="TestIntDeserializeExpression(System.Int16,Int_String)" computerName="pkrvmxyh4eaekms" duration="00:00:00.0082860" startTime="2025-06-24T21:13:36.6285599+00:00" endTime="2025-06-24T21:13:36.6368458+00:00" testType="13cdc9d9-ddb5-4fa4-a97d-d965ccfc6d4b" outcome="Passed" testListId="8c84fa94-04c1-424b-9868-57a2d4851a1d" relativeResultsDirectory="e7f49151-63d3-4f30-a976-232c7b5146d8" />
    <UnitTestResult executionId="00c95678-4e25-417c-b985-40f7ec7ca667" testId="7f7f5d66-3aed-c22e-7bf4-aeb78cf64ade" testName="ThrowsIfUnknownFormat" computerName="pkrvmxyh4eaekms" duration="00:00:00.0006540" startTime="2025-06-24T21:13:30.2672070+00:00" endTime="2025-06-24T21:13:30.2678605+00:00" testType="13cdc9d9-ddb5-4fa4-a97d-d965ccfc6d4b" outcome="Passed" testListId="8c84fa94-04c1-424b-9868-57a2d4851a1d" relativeResultsDirectory="00c95678-4e25-417c-b985-40f7ec7ca667" />
    <UnitTestResult executionId="07ce765a-2a0e-4132-a927-403933b3af6c" testId="b0955da3-ce5b-b0b3-75ec-821ea063e503" testName="HeaderParameterOptionality(True,True)" computerName="pkrvmxyh4eaekms" duration="00:00:00.0009200" startTime="2025-06-24T21:13:38.5597397+00:00" endTime="2025-06-24T21:13:38.5606591+00:00" testType="13cdc9d9-ddb5-4fa4-a97d-d965ccfc6d4b" outcome="Passed" testListId="8c84fa94-04c1-424b-9868-57a2d4851a1d" relativeResultsDirectory="07ce765a-2a0e-4132-a927-403933b3af6c" />
    <UnitTestResult executionId="3347817c-bab8-4163-bb26-0fd4ddee15ed" testId="2be290df-7d92-5723-935e-13156fa041e9" testName="TestBuildConstructors_PrimaryConstructor(System.Collections.Generic.List`1[Microsoft.TypeSpec.Generator.Input.InputParameter])" computerName="pkrvmxyh4eaekms" duration="00:00:00.0015560" startTime="2025-06-24T21:13:34.1549167+00:00" endTime="2025-06-24T21:13:34.1564730+00:00" testType="13cdc9d9-ddb5-4fa4-a97d-d965ccfc6d4b" outcome="Passed" testListId="8c84fa94-04c1-424b-9868-57a2d4851a1d" relativeResultsDirectory="3347817c-bab8-4163-bb26-0fd4ddee15ed" />
    <UnitTestResult executionId="112df7f4-a6f1-4bf1-a92e-3ca2b70696d6" testId="a0c2347e-12cd-e97e-3411-c0b888e63434" testName="ValidateConvertToString(null,True,&quot;true&quot;)" computerName="pkrvmxyh4eaekms" duration="00:00:00.0001420" startTime="2025-06-24T21:13:38.7416040+00:00" endTime="2025-06-24T21:13:38.7417456+00:00" testType="13cdc9d9-ddb5-4fa4-a97d-d965ccfc6d4b" outcome="Passed" testListId="8c84fa94-04c1-424b-9868-57a2d4851a1d" relativeResultsDirectory="112df7f4-a6f1-4bf1-a92e-3ca2b70696d6" />
    <UnitTestResult executionId="4b4a6140-a36b-43f7-a26b-1a4f89c48de8" testId="94947477-732a-e560-5f54-22bdde23417b" testName="AppendQuery_TimeSpan(&quot;http://localhost&quot;,&quot;02:15:00&quot;,&quot;&quot;,True,&quot;http://localhost/?query=02%3A15%3A00&quot;)" computerName="pkrvmxyh4eaekms" duration="00:00:00.0006340" startTime="2025-06-24T21:13:34.5299285+00:00" endTime="2025-06-24T21:13:34.5305621+00:00" testType="13cdc9d9-ddb5-4fa4-a97d-d965ccfc6d4b" outcome="Passed" testListId="8c84fa94-04c1-424b-9868-57a2d4851a1d" relativeResultsDirectory="4b4a6140-a36b-43f7-a26b-1a4f89c48de8" />
    <UnitTestResult executionId="f65b7f6d-fad1-4440-848e-81bd05cac554" testId="8fb5eb2d-b3ae-981f-09c3-d17ab6f8bf32" testName="ResetThenAppendQuery(&quot;http://localhost:12345/some/&quot;,&quot;one|1|two|2&quot;,&quot;http://localhost:12345/some/?one=1&amp;two=2&quot;)" computerName="pkrvmxyh4eaekms" duration="00:00:00.0001299" startTime="2025-06-24T21:13:34.5467767+00:00" endTime="2025-06-24T21:13:34.5469062+00:00" testType="13cdc9d9-ddb5-4fa4-a97d-d965ccfc6d4b" outcome="Passed" testListId="8c84fa94-04c1-424b-9868-57a2d4851a1d" relativeResultsDirectory="f65b7f6d-fad1-4440-848e-81bd05cac554" />
    <UnitTestResult executionId="20c1900a-f49d-4bdc-a5dd-d51605f32c09" testId="f4e3ebab-7e4a-0cd1-86fc-a3d86a2407e3" testName="AppendQuery_Int(&quot;http://localhost&quot;,-299792458,False,&quot;http://localhost/?query=-299792458&quot;)" computerName="pkrvmxyh4eaekms" duration="00:00:00.0001260" startTime="2025-06-24T21:13:34.5276451+00:00" endTime="2025-06-24T21:13:34.5277713+00:00" testType="13cdc9d9-ddb5-4fa4-a97d-d965ccfc6d4b" outcome="Passed" testListId="8c84fa94-04c1-424b-9868-57a2d4851a1d" relativeResultsDirectory="20c1900a-f49d-4bdc-a5dd-d51605f32c09" />
    <UnitTestResult executionId="bdabeb1c-1509-4709-af89-6a90b7b27829" testId="78a6b582-b368-300f-7454-3b6c6e2452ac" testName="ValidateToEnumMethodsExtensible(Microsoft.TypeSpec.Generator.Input.InputEnumType)" computerName="pkrvmxyh4eaekms" duration="00:00:00.0001460" startTime="2025-06-24T21:13:34.9110611+00:00" endTime="2025-06-24T21:13:34.9112067+00:00" testType="13cdc9d9-ddb5-4fa4-a97d-d965ccfc6d4b" outcome="Passed" testListId="8c84fa94-04c1-424b-9868-57a2d4851a1d" relativeResultsDirectory="bdabeb1c-1509-4709-af89-6a90b7b27829" />
    <UnitTestResult executionId="10db0474-0ea3-4890-99cd-aca186e3c874" testId="2f907606-a74c-ccb6-685a-520887bca1bd" testName="ValidateConvertToString(null,42,&quot;42&quot;)" computerName="pkrvmxyh4eaekms" duration="00:00:00.0001399" startTime="2025-06-24T21:13:38.7419141+00:00" endTime="2025-06-24T21:13:38.7420536+00:00" testType="13cdc9d9-ddb5-4fa4-a97d-d965ccfc6d4b" outcome="Passed" testListId="8c84fa94-04c1-424b-9868-57a2d4851a1d" relativeResultsDirectory="10db0474-0ea3-4890-99cd-aca186e3c874" />
    <UnitTestResult executionId="9e5f6b67-922b-4ed1-81a3-139612064be6" testId="0d123650-c101-9c90-42a1-fa59bbf35a9d" testName="AppendPathDelimited_IntArray(&quot;http://localhost&quot;,[4, 5],&quot;,&quot;,True,&quot;http://localhost/4%2C5&quot;)" computerName="pkrvmxyh4eaekms" duration="00:00:00.0013390" startTime="2025-06-24T21:13:34.5050121+00:00" endTime="2025-06-24T21:13:34.5063510+00:00" testType="13cdc9d9-ddb5-4fa4-a97d-d965ccfc6d4b" outcome="Passed" testListId="8c84fa94-04c1-424b-9868-57a2d4851a1d" relativeResultsDirectory="9e5f6b67-922b-4ed1-81a3-139612064be6" />
    <UnitTestResult executionId="15566770-4406-475b-b6c7-335de426c27f" testId="9dc477ec-e1a1-d66d-01b6-1f6f67046bad" testName="TestDefaultCSharpMethodCollection(Microsoft.TypeSpec.Generator.Input.InputBasicServiceMethod)" computerName="pkrvmxyh4eaekms" duration="00:00:00.0021200" startTime="2025-06-24T21:13:38.7311579+00:00" endTime="2025-06-24T21:13:38.7332775+00:00" testType="13cdc9d9-ddb5-4fa4-a97d-d965ccfc6d4b" outcome="Passed" testListId="8c84fa94-04c1-424b-9868-57a2d4851a1d" relativeResultsDirectory="15566770-4406-475b-b6c7-335de426c27f" />
    <UnitTestResult executionId="6d695b5b-b8f0-42c2-a469-04bc150b19bb" testId="286c9298-177b-f65b-c722-ac07a895db6d" testName="ValidateConvertToString(&quot;c&quot;,1.02:59:59.5000000,&quot;1.02:59:59.5000000&quot;)" computerName="pkrvmxyh4eaekms" duration="00:00:00.0001340" startTime="2025-06-24T21:13:38.7453852+00:00" endTime="2025-06-24T21:13:38.7455192+00:00" testType="13cdc9d9-ddb5-4fa4-a97d-d965ccfc6d4b" outcome="Passed" testListId="8c84fa94-04c1-424b-9868-57a2d4851a1d" relativeResultsDirectory="6d695b5b-b8f0-42c2-a469-04bc150b19bb" />
    <UnitTestResult executionId="5a4a90d9-623f-4a1a-8691-b639480d50e8" testId="a1c7a7a4-30b8-eb82-955d-baf3a6270edd" testName="AppendPath_Int(&quot;http://localhost&quot;,-299792458,False,&quot;http://localhost/-299792458&quot;)" computerName="pkrvmxyh4eaekms" duration="00:00:00.0000770" startTime="2025-06-24T21:13:34.4665287+00:00" endTime="2025-06-24T21:13:34.4666060+00:00" testType="13cdc9d9-ddb5-4fa4-a97d-d965ccfc6d4b" outcome="Passed" testListId="8c84fa94-04c1-424b-9868-57a2d4851a1d" relativeResultsDirectory="5a4a90d9-623f-4a1a-8691-b639480d50e8" />
    <UnitTestResult executionId="aed30d32-911d-481e-8430-bfa2751d7469" testId="c91db1aa-50a3-2233-826f-30e095a5542d" testName="RequestBodyConstructedRespectingRequestContentApi(Microsoft.TypeSpec.Generator.Input.InputModelType)" computerName="pkrvmxyh4eaekms" duration="00:00:00.0021700" startTime="2025-06-24T21:13:38.7023825+00:00" endTime="2025-06-24T21:13:38.7045524+00:00" testType="13cdc9d9-ddb5-4fa4-a97d-d965ccfc6d4b" outcome="Passed" testListId="8c84fa94-04c1-424b-9868-57a2d4851a1d" relativeResultsDirectory="aed30d32-911d-481e-8430-bfa2751d7469" />
    <UnitTestResult executionId="29a8bfb9-676a-484a-9cf2-873d4eee0774" testId="1cc92af9-eee7-7653-0e1e-565dd50e3732" testName="ValidateIsLastNamespaceSegmentTheSame(&quot;Foo&quot;,&quot;Bar&quot;)" computerName="pkrvmxyh4eaekms" duration="00:00:00.0015390" startTime="2025-06-24T21:13:34.2923296+00:00" endTime="2025-06-24T21:13:34.2938682+00:00" testType="13cdc9d9-ddb5-4fa4-a97d-d965ccfc6d4b" outcome="Passed" testListId="8c84fa94-04c1-424b-9868-57a2d4851a1d" relativeResultsDirectory="29a8bfb9-676a-484a-9cf2-873d4eee0774" />
    <UnitTestResult executionId="0304f8db-312a-425e-99f4-1c71f78f2070" testId="f6a95ba9-ac49-2e23-29ac-ce6ba5255c74" testName="RequestOptionsOptionality(True,True,False)" computerName="pkrvmxyh4eaekms" duration="00:00:00.0020799" startTime="2025-06-24T21:13:38.7211167+00:00" endTime="2025-06-24T21:13:38.7231969+00:00" testType="13cdc9d9-ddb5-4fa4-a97d-d965ccfc6d4b" outcome="Passed" testListId="8c84fa94-04c1-424b-9868-57a2d4851a1d" relativeResultsDirectory="0304f8db-312a-425e-99f4-1c71f78f2070" />
    <UnitTestResult executionId="87deca2a-4580-4a5d-b89b-12a313ff1df1" testId="f12ce410-d0e4-8074-07d4-91d1e0fbf2c9" testName="CamelCaseSerializedName" computerName="pkrvmxyh4eaekms" duration="00:00:00.0011329" startTime="2025-06-24T21:13:35.2586521+00:00" endTime="2025-06-24T21:13:35.2597852+00:00" testType="13cdc9d9-ddb5-4fa4-a97d-d965ccfc6d4b" outcome="Passed" testListId="8c84fa94-04c1-424b-9868-57a2d4851a1d" relativeResultsDirectory="87deca2a-4580-4a5d-b89b-12a313ff1df1" />
    <UnitTestResult executionId="96aca051-1672-471c-bd83-304266fff75a" testId="1f197d57-fb90-1daa-1029-19a0a18cfb63" testName="OptionalSnippet_IsDefined" computerName="pkrvmxyh4eaekms" duration="00:00:00.0002650" startTime="2025-06-24T21:13:38.7611400+00:00" endTime="2025-06-24T21:13:38.7614046+00:00" testType="13cdc9d9-ddb5-4fa4-a97d-d965ccfc6d4b" outcome="Passed" testListId="8c84fa94-04c1-424b-9868-57a2d4851a1d" relativeResultsDirectory="96aca051-1672-471c-bd83-304266fff75a" />
    <UnitTestResult executionId="c8ef912e-4a2f-4faa-80d3-1fc76166b633" testId="666933bf-ca6e-ed0a-22c8-e8c76fc314a6" testName="ValidateQueryParamDiff" computerName="pkrvmxyh4eaekms" duration="00:00:00.0052509" startTime="2025-06-24T21:13:34.3157720+00:00" endTime="2025-06-24T21:13:34.3210228+00:00" testType="13cdc9d9-ddb5-4fa4-a97d-d965ccfc6d4b" outcome="Passed" testListId="8c84fa94-04c1-424b-9868-57a2d4851a1d" relativeResultsDirectory="c8ef912e-4a2f-4faa-80d3-1fc76166b633" />
    <UnitTestResult executionId="cca30978-5e23-4649-87f0-ab21309b289c" testId="60367087-2316-14c0-adc0-f0887c9790d8" testName="ValidateIsLastNamespaceSegmentTheSame(&quot;Foo&quot;,&quot;Bar._Foo&quot;)" computerName="pkrvmxyh4eaekms" duration="00:00:00.0045940" startTime="2025-06-24T21:13:34.2995466+00:00" endTime="2025-06-24T21:13:34.3041406+00:00" testType="13cdc9d9-ddb5-4fa4-a97d-d965ccfc6d4b" outcome="Passed" testListId="8c84fa94-04c1-424b-9868-57a2d4851a1d" relativeResultsDirectory="cca30978-5e23-4649-87f0-ab21309b289c" />
    <UnitTestResult executionId="27fc9c22-0fd4-4914-82f7-be8ba67f0479" testId="1e79c8d7-cd61-c59c-6dcf-65c08971bc10" testName="ConvenienceMethodsHaveOptionalCancellationToken(Microsoft.TypeSpec.Generator.Input.InputBasicServiceMethod)" computerName="pkrvmxyh4eaekms" duration="00:00:00.0025270" startTime="2025-06-24T21:13:38.6111096+00:00" endTime="2025-06-24T21:13:38.6136365+00:00" testType="13cdc9d9-ddb5-4fa4-a97d-d965ccfc6d4b" outcome="Passed" testListId="8c84fa94-04c1-424b-9868-57a2d4851a1d" relativeResultsDirectory="27fc9c22-0fd4-4914-82f7-be8ba67f0479" />
    <UnitTestResult executionId="330773f0-a3db-4ae9-8834-2843a386c414" testId="8494c4fc-6e14-a22b-6d09-e420845ec6ec" testName="RoundTripWithModelInterfaceNonGeneric(&quot;J&quot;)" computerName="pkrvmxyh4eaekms" duration="00:00:00.0011960" startTime="2025-06-24T21:13:30.2600794+00:00" endTime="2025-06-24T21:13:30.2612749+00:00" testType="13cdc9d9-ddb5-4fa4-a97d-d965ccfc6d4b" outcome="Passed" testListId="8c84fa94-04c1-424b-9868-57a2d4851a1d" relativeResultsDirectory="330773f0-a3db-4ae9-8834-2843a386c414" />
    <UnitTestResult executionId="f03f4d28-4aa1-4808-a358-181230973cd4" testId="87d61092-b49e-e6da-181a-7f8834a22795" testName="AppendPath_DateTimeOffset(&quot;http://localhost&quot;,&quot;6/30/1905 1:14:00 PM +00:00&quot;,&quot;O&quot;,False,&quot;http://localhost/1905-06-30T13:14:00.0000000Z&quot;)" computerName="pkrvmxyh4eaekms" duration="00:00:00.0001060" startTime="2025-06-24T21:13:34.4618706+00:00" endTime="2025-06-24T21:13:34.4619761+00:00" testType="13cdc9d9-ddb5-4fa4-a97d-d965ccfc6d4b" outcome="Passed" testListId="8c84fa94-04c1-424b-9868-57a2d4851a1d" relativeResultsDirectory="f03f4d28-4aa1-4808-a358-181230973cd4" />
    <UnitTestResult executionId="1c5627c1-531e-40f7-abc5-761be6e685d6" testId="b140ad36-aa55-d8f3-9a8b-21dd46774cd0" testName="DerivedShouldPassLiteralForKindToBase" computerName="pkrvmxyh4eaekms" duration="00:00:00.0060120" startTime="2025-06-24T21:13:35.2132070+00:00" endTime="2025-06-24T21:13:35.2192188+00:00" testType="13cdc9d9-ddb5-4fa4-a97d-d965ccfc6d4b" outcome="Passed" testListId="8c84fa94-04c1-424b-9868-57a2d4851a1d" relativeResultsDirectory="1c5627c1-531e-40f7-abc5-761be6e685d6" />
    <UnitTestResult executionId="7c0a0d16-e633-42a7-8893-eb3b01cf05a5" testId="6809884e-bb17-d38a-6d12-ed43e639dc6c" testName="AppendQuery_ByteArray(&quot;http://localhost&quot;,[104, 101, 108, 108, 111],&quot;D&quot;,True,&quot;http://localhost/?query=aGVsbG8%3D&quot;)" computerName="pkrvmxyh4eaekms" duration="00:00:00.0003530" startTime="2025-06-24T21:13:34.5206471+00:00" endTime="2025-06-24T21:13:34.5209999+00:00" testType="13cdc9d9-ddb5-4fa4-a97d-d965ccfc6d4b" outcome="Passed" testListId="8c84fa94-04c1-424b-9868-57a2d4851a1d" relativeResultsDirectory="7c0a0d16-e633-42a7-8893-eb3b01cf05a5" />
    <UnitTestResult executionId="75a794b2-989c-4ad7-ab49-5bf8ebf31360" testId="25927a93-4fe1-3342-a357-68efde15925c" testName="CanCustomizeNullableStringToFixedEnum" computerName="pkrvmxyh4eaekms" duration="00:00:00.1075080" startTime="2025-06-24T21:13:35.8171286+00:00" endTime="2025-06-24T21:13:35.9246364+00:00" testType="13cdc9d9-ddb5-4fa4-a97d-d965ccfc6d4b" outcome="Passed" testListId="8c84fa94-04c1-424b-9868-57a2d4851a1d" relativeResultsDirectory="75a794b2-989c-4ad7-ab49-5bf8ebf31360" />
    <UnitTestResult executionId="bbda3c0a-8b0f-4f2b-8f49-320ec46a71ef" testId="bcca15e8-f885-072a-8111-788e9a179cb4" testName="ResetThenAppendQuery(&quot;http://localhost/some/&quot;,&quot;one|1|two|2&quot;,&quot;http://localhost/some/?one=1&amp;two=2&quot;)" computerName="pkrvmxyh4eaekms" duration="00:00:00.0001380" startTime="2025-06-24T21:13:34.5466213+00:00" endTime="2025-06-24T21:13:34.5467587+00:00" testType="13cdc9d9-ddb5-4fa4-a97d-d965ccfc6d4b" outcome="Passed" testListId="8c84fa94-04c1-424b-9868-57a2d4851a1d" relativeResultsDirectory="bbda3c0a-8b0f-4f2b-8f49-320ec46a71ef" />
    <UnitTestResult executionId="9bc628e3-8b1e-4ec0-94cb-79ceaedd5945" testId="2656410e-7f45-70a7-fdf7-f36a93564a60" testName="TestBuildJsonModelWriteCore(Microsoft.TypeSpec.Generator.Input.InputPrimitiveType)" computerName="pkrvmxyh4eaekms" duration="00:00:00.0013460" startTime="2025-06-24T21:13:35.1737369+00:00" endTime="2025-06-24T21:13:35.1750832+00:00" testType="13cdc9d9-ddb5-4fa4-a97d-d965ccfc6d4b" outcome="Passed" testListId="8c84fa94-04c1-424b-9868-57a2d4851a1d" relativeResultsDirectory="9bc628e3-8b1e-4ec0-94cb-79ceaedd5945" />
    <UnitTestResult executionId="956be3be-cc12-41de-ab8b-589dbaa36765" testId="37b11b1a-faeb-4c63-96fe-94b39c79fba8" testName="CanChangePropertySerializedName" computerName="pkrvmxyh4eaekms" duration="00:00:00.1487660" startTime="2025-06-24T21:13:37.0332269+00:00" endTime="2025-06-24T21:13:37.1819921+00:00" testType="13cdc9d9-ddb5-4fa4-a97d-d965ccfc6d4b" outcome="Passed" testListId="8c84fa94-04c1-424b-9868-57a2d4851a1d" relativeResultsDirectory="956be3be-cc12-41de-ab8b-589dbaa36765" />
    <UnitTestResult executionId="54015d31-a82d-4b3c-b833-7939d457f8e5" testId="3e51833d-f117-3a73-25e0-3ddbb4fb98e4" testName="TestBuildAuthFields_NoAuth(System.Collections.Generic.List`1[Microsoft.TypeSpec.Generator.Input.InputParameter])" computerName="pkrvmxyh4eaekms" duration="00:00:00.0025110" startTime="2025-06-24T21:13:34.0126814+00:00" endTime="2025-06-24T21:13:34.0151925+00:00" testType="13cdc9d9-ddb5-4fa4-a97d-d965ccfc6d4b" outcome="Passed" testListId="8c84fa94-04c1-424b-9868-57a2d4851a1d" relativeResultsDirectory="54015d31-a82d-4b3c-b833-7939d457f8e5" />
    <UnitTestResult executionId="76e6f481-bc89-4c93-b503-64c289364409" testId="622aba69-20fa-274e-c9a3-62ef69aa9cc7" testName="TestBuildProperties" computerName="pkrvmxyh4eaekms" duration="00:00:00.0025690" startTime="2025-06-24T21:13:34.1884831+00:00" endTime="2025-06-24T21:13:34.1910524+00:00" testType="13cdc9d9-ddb5-4fa4-a97d-d965ccfc6d4b" outcome="Passed" testListId="8c84fa94-04c1-424b-9868-57a2d4851a1d" relativeResultsDirectory="76e6f481-bc89-4c93-b503-64c289364409" />
    <UnitTestResult executionId="9a6cce4f-52cc-4367-868e-20b45f3c6fc1" testId="1e79c8d7-cd61-c59c-6dcf-65c08971bc10" testName="ConvenienceMethodsHaveOptionalCancellationToken(Microsoft.TypeSpec.Generator.Input.InputBasicServiceMethod)" computerName="pkrvmxyh4eaekms" duration="00:00:00.0039500" startTime="2025-06-24T21:13:38.6068224+00:00" endTime="2025-06-24T21:13:38.6107720+00:00" testType="13cdc9d9-ddb5-4fa4-a97d-d965ccfc6d4b" outcome="Passed" testListId="8c84fa94-04c1-424b-9868-57a2d4851a1d" relativeResultsDirectory="9a6cce4f-52cc-4367-868e-20b45f3c6fc1" />
    <UnitTestResult executionId="66348467-04e8-43e8-8664-b3d282a3e3f8" testId="7adc7ac4-fa4e-60ca-0d47-9278641414cf" testName="ValidateConvertToString(null,3.14f,&quot;3.14&quot;)" computerName="pkrvmxyh4eaekms" duration="00:00:00.0001600" startTime="2025-06-24T21:13:38.7422152+00:00" endTime="2025-06-24T21:13:38.7423747+00:00" testType="13cdc9d9-ddb5-4fa4-a97d-d965ccfc6d4b" outcome="Passed" testListId="8c84fa94-04c1-424b-9868-57a2d4851a1d" relativeResultsDirectory="66348467-04e8-43e8-8664-b3d282a3e3f8" />
    <UnitTestResult executionId="57218459-3c4a-45f9-8c69-65ed5c29f61c" testId="e1556102-bfa7-5198-dc89-44e3df8c3feb" testName="RoundTripWithJsonInterfaceOfT(&quot;W&quot;)" computerName="pkrvmxyh4eaekms" duration="00:00:00.0005400" startTime="2025-06-24T21:13:30.0828374+00:00" endTime="2025-06-24T21:13:30.0833772+00:00" testType="13cdc9d9-ddb5-4fa4-a97d-d965ccfc6d4b" outcome="Passed" testListId="8c84fa94-04c1-424b-9868-57a2d4851a1d" relativeResultsDirectory="57218459-3c4a-45f9-8c69-65ed5c29f61c" />
    <UnitTestResult executionId="02c860c8-7047-42cc-b2f3-e4da8cdbe1be" testId="4ae3084e-c976-0715-7375-0c9f5fcb3759" testName="TestBuildJsonModelWriteMethodObjectDeclaration" computerName="pkrvmxyh4eaekms" duration="00:00:00.0024820" startTime="2025-06-24T21:13:36.5925703+00:00" endTime="2025-06-24T21:13:36.5950526+00:00" testType="13cdc9d9-ddb5-4fa4-a97d-d965ccfc6d4b" outcome="Passed" testListId="8c84fa94-04c1-424b-9868-57a2d4851a1d" relativeResultsDirectory="02c860c8-7047-42cc-b2f3-e4da8cdbe1be" />
    <UnitTestResult executionId="7b621f5b-ac1c-43b2-aa13-76858905eec5" testId="12e154b4-112d-c5f4-0a6f-42e08eacf8bc" testName="ValidateConvertToString(&quot;R&quot;,05/04/2020 03:02:01 +00:00,&quot;Mon, 04 May 2020 03:02:01 GMT&quot;)" computerName="pkrvmxyh4eaekms" duration="00:00:00.0001340" startTime="2025-06-24T21:13:38.7446935+00:00" endTime="2025-06-24T21:13:38.7448275+00:00" testType="13cdc9d9-ddb5-4fa4-a97d-d965ccfc6d4b" outcome="Passed" testListId="8c84fa94-04c1-424b-9868-57a2d4851a1d" relativeResultsDirectory="7b621f5b-ac1c-43b2-aa13-76858905eec5" />
    <UnitTestResult executionId="e30839b1-b189-467f-837d-9cd602d77dc5" testId="6f6088c3-76ba-6609-04be-35e965dd0076" testName="TestBuildConstructors_ForSubClient_KeyAuthOrOAuth2Auth()" computerName="pkrvmxyh4eaekms" duration="00:00:00.0041020" startTime="2025-06-24T21:13:34.1250530+00:00" endTime="2025-06-24T21:13:34.1291554+00:00" testType="13cdc9d9-ddb5-4fa4-a97d-d965ccfc6d4b" outcome="Passed" testListId="8c84fa94-04c1-424b-9868-57a2d4851a1d" relativeResultsDirectory="e30839b1-b189-467f-837d-9cd602d77dc5" />
    <UnitTestResult executionId="059a2a14-095d-4cfe-bbc2-9517d5e171cb" testId="77bc6e3f-5d9f-dd2e-7e9a-08f79f19bcfe" testName="TestIntSerializationStatement(SafeInt,&quot;string&quot;)" computerName="pkrvmxyh4eaekms" duration="00:00:00.0015860" startTime="2025-06-24T21:13:36.6460964+00:00" endTime="2025-06-24T21:13:36.6476827+00:00" testType="13cdc9d9-ddb5-4fa4-a97d-d965ccfc6d4b" outcome="Passed" testListId="8c84fa94-04c1-424b-9868-57a2d4851a1d" relativeResultsDirectory="059a2a14-095d-4cfe-bbc2-9517d5e171cb" />
    <UnitTestResult executionId="ffdd2926-695a-4370-9e28-a847e05a3269" testId="1a24a2ba-5321-9ff6-a6a8-d43137a1f8e2" testName="ValidateConvertToString(null,1.02:59:59,&quot;P1DT2H59M59S&quot;)" computerName="pkrvmxyh4eaekms" duration="00:00:00.0001350" startTime="2025-06-24T21:13:38.7449873+00:00" endTime="2025-06-24T21:13:38.7451222+00:00" testType="13cdc9d9-ddb5-4fa4-a97d-d965ccfc6d4b" outcome="Passed" testListId="8c84fa94-04c1-424b-9868-57a2d4851a1d" relativeResultsDirectory="ffdd2926-695a-4370-9e28-a847e05a3269" />
    <UnitTestResult executionId="8c4cc84c-dc61-4558-ad5b-0cd76c777837" testId="54b2cfa1-7269-c0b2-f15e-9f5e8fbe61d5" testName="CanAddMultipleMethods" computerName="pkrvmxyh4eaekms" duration="00:00:00.0955660" startTime="2025-06-24T21:13:33.0448387+00:00" endTime="2025-06-24T21:13:33.1404042+00:00" testType="13cdc9d9-ddb5-4fa4-a97d-d965ccfc6d4b" outcome="Passed" testListId="8c84fa94-04c1-424b-9868-57a2d4851a1d" relativeResultsDirectory="8c4cc84c-dc61-4558-ad5b-0cd76c777837" />
    <UnitTestResult executionId="6bd5d57e-df49-4b36-8a19-3e9968f14a2f" testId="f8931a95-fbce-ccf9-7a95-09c5def45823" testName="ValidateClientWithAcceptHeader_NoValuesDefined" computerName="pkrvmxyh4eaekms" duration="00:00:00.0010270" startTime="2025-06-24T21:13:38.5913485+00:00" endTime="2025-06-24T21:13:38.5923755+00:00" testType="13cdc9d9-ddb5-4fa4-a97d-d965ccfc6d4b" outcome="Passed" testListId="8c84fa94-04c1-424b-9868-57a2d4851a1d" relativeResultsDirectory="6bd5d57e-df49-4b36-8a19-3e9968f14a2f" />
    <UnitTestResult executionId="7f214206-3814-4557-a038-a840891aca48" testId="7bcb0848-d16e-3c13-2eb4-0d2bdba39c0b" testName="ResetThenAppendQuery(&quot;http://localhost:12345/&quot;,&quot;one|1&quot;,&quot;http://localhost:12345/?one=1&quot;)" computerName="pkrvmxyh4eaekms" duration="00:00:00.0001410" startTime="2025-06-24T21:13:34.5451200+00:00" endTime="2025-06-24T21:13:34.5452608+00:00" testType="13cdc9d9-ddb5-4fa4-a97d-d965ccfc6d4b" outcome="Passed" testListId="8c84fa94-04c1-424b-9868-57a2d4851a1d" relativeResultsDirectory="7f214206-3814-4557-a038-a840891aca48" />
    <UnitTestResult executionId="7049179b-45f6-42c5-884c-363a7b99375c" testId="93072ac8-93cd-f82a-1539-84c47e6d94f9" testName="NoNextLinkOrContinuationTokenAsync" computerName="pkrvmxyh4eaekms" duration="00:00:00.0038350" startTime="2025-06-24T21:13:34.6295588+00:00" endTime="2025-06-24T21:13:34.6333941+00:00" testType="13cdc9d9-ddb5-4fa4-a97d-d965ccfc6d4b" outcome="Passed" testListId="8c84fa94-04c1-424b-9868-57a2d4851a1d" relativeResultsDirectory="7049179b-45f6-42c5-884c-363a7b99375c" />
    <UnitTestResult executionId="e6a85e2c-c118-482b-a726-87bfb362dd41" testId="4c1c59cd-e4a5-e39a-adb6-781aef6bf9d5" testName="ProcessMessageIsOverridden" computerName="pkrvmxyh4eaekms" duration="00:00:00.0218630" startTime="2025-06-24T21:13:30.2961052+00:00" endTime="2025-06-24T21:13:30.3179680+00:00" testType="13cdc9d9-ddb5-4fa4-a97d-d965ccfc6d4b" outcome="Passed" testListId="8c84fa94-04c1-424b-9868-57a2d4851a1d" relativeResultsDirectory="e6a85e2c-c118-482b-a726-87bfb362dd41" />
    <UnitTestResult executionId="f7bf1824-64f4-49c4-89d0-99a495d98948" testId="c94dec01-8725-8384-e760-0a6da8ccc2b9" testName="SubClientWithSingleSubClient" computerName="pkrvmxyh4eaekms" duration="00:00:00.0015160" startTime="2025-06-24T21:13:33.8910247+00:00" endTime="2025-06-24T21:13:33.8925406+00:00" testType="13cdc9d9-ddb5-4fa4-a97d-d965ccfc6d4b" outcome="Passed" testListId="8c84fa94-04c1-424b-9868-57a2d4851a1d" relativeResultsDirectory="f7bf1824-64f4-49c4-89d0-99a495d98948" />
    <UnitTestResult executionId="579af3a2-d3a3-4742-b972-4de9679dcebe" testId="2ac63861-a427-7dc0-632a-1a14e3db178d" testName="TestBuildPersistableModelWriteMethodObjectDeclaration" computerName="pkrvmxyh4eaekms" duration="00:00:00.0026570" startTime="2025-06-24T21:13:36.6180588+00:00" endTime="2025-06-24T21:13:36.6207154+00:00" testType="13cdc9d9-ddb5-4fa4-a97d-d965ccfc6d4b" outcome="Passed" testListId="8c84fa94-04c1-424b-9868-57a2d4851a1d" relativeResultsDirectory="579af3a2-d3a3-4742-b972-4de9679dcebe" />
    <UnitTestResult executionId="b0a3f623-c407-49e8-a9e9-b8cf2378126e" testId="dbd6e154-4890-dc88-e04d-c6cb4bd2c543" testName="RoundTripWithJsonInterfaceOfT(&quot;W&quot;)" computerName="pkrvmxyh4eaekms" duration="00:00:00.0010490" startTime="2025-06-24T21:13:30.2756634+00:00" endTime="2025-06-24T21:13:30.2767126+00:00" testType="13cdc9d9-ddb5-4fa4-a97d-d965ccfc6d4b" outcome="Passed" testListId="8c84fa94-04c1-424b-9868-57a2d4851a1d" relativeResultsDirectory="b0a3f623-c407-49e8-a9e9-b8cf2378126e" />
    <UnitTestResult executionId="91bd779d-e14e-4904-b6c0-b825b634904c" testId="d82a3974-a1b3-5452-a547-6e33ca1a063c" testName="TestBuildAuthFields_WithSubClients_NoAuth(Microsoft.TypeSpec.Generator.Input.InputClient)" computerName="pkrvmxyh4eaekms" duration="00:00:00.0023010" startTime="2025-06-24T21:13:34.0724842+00:00" endTime="2025-06-24T21:13:34.0747855+00:00" testType="13cdc9d9-ddb5-4fa4-a97d-d965ccfc6d4b" outcome="Passed" testListId="8c84fa94-04c1-424b-9868-57a2d4851a1d" relativeResultsDirectory="91bd779d-e14e-4904-b6c0-b825b634904c" />
    <UnitTestResult executionId="bdba9129-fe76-4e94-8074-e6c9f408a470" testId="2c34bca7-1fd3-05d4-21d5-d87dea8dd68d" testName="TestReadOnlyPropertiesHaveWireCheck(False)" computerName="pkrvmxyh4eaekms" duration="00:00:00.0029170" startTime="2025-06-24T21:13:36.6681999+00:00" endTime="2025-06-24T21:13:36.6711164+00:00" testType="13cdc9d9-ddb5-4fa4-a97d-d965ccfc6d4b" outcome="Passed" testListId="8c84fa94-04c1-424b-9868-57a2d4851a1d" relativeResultsDirectory="bdba9129-fe76-4e94-8074-e6c9f408a470" />
    <UnitTestResult executionId="964a344f-2fd5-45eb-876e-85dc30ce5578" testId="f5da3dc1-e02c-560c-2f2c-2214ac1c3c6d" testName="TestProperties(True)" computerName="pkrvmxyh4eaekms" duration="00:00:00.0040620" startTime="2025-06-24T21:13:32.4169674+00:00" endTime="2025-06-24T21:13:32.4210292+00:00" testType="13cdc9d9-ddb5-4fa4-a97d-d965ccfc6d4b" outcome="Passed" testListId="8c84fa94-04c1-424b-9868-57a2d4851a1d" relativeResultsDirectory="964a344f-2fd5-45eb-876e-85dc30ce5578" />
    <UnitTestResult executionId="9186a802-99b6-423a-8224-047854753bd6" testId="4292287d-3e88-e342-a73e-7621a9e1b4cb" testName="RequestBodyConstructedUsingBinaryContentHelpers(Microsoft.TypeSpec.Generator.Input.InputModelType)" computerName="pkrvmxyh4eaekms" duration="00:00:00.0015610" startTime="2025-06-24T21:13:38.7120825+00:00" endTime="2025-06-24T21:13:38.7136438+00:00" testType="13cdc9d9-ddb5-4fa4-a97d-d965ccfc6d4b" outcome="Passed" testListId="8c84fa94-04c1-424b-9868-57a2d4851a1d" relativeResultsDirectory="9186a802-99b6-423a-8224-047854753bd6" />
    <UnitTestResult executionId="e4c51ccf-b9e8-4ca6-ae6c-ed58759e67c5" testId="0d6f690b-9d82-1f59-cc79-11a0ccc735ef" testName="AppendPath_Double(&quot;http://localhost&quot;,3.14d,False,&quot;http://localhost/3.14&quot;)" computerName="pkrvmxyh4eaekms" duration="00:00:00.0004790" startTime="2025-06-24T21:13:34.4627575+00:00" endTime="2025-06-24T21:13:34.4632360+00:00" testType="13cdc9d9-ddb5-4fa4-a97d-d965ccfc6d4b" outcome="Passed" testListId="8c84fa94-04c1-424b-9868-57a2d4851a1d" relativeResultsDirectory="e4c51ccf-b9e8-4ca6-ae6c-ed58759e67c5" />
    <UnitTestResult executionId="59f241f6-dcbc-424a-9f77-ff1f4a10b3aa" testId="db6e13b3-cc8e-0a45-bc7c-133f013949b4" testName="BinaryContentSnippet_InvokeStatic(False)" computerName="pkrvmxyh4eaekms" duration="00:00:00.0008770" startTime="2025-06-24T21:13:38.7580871+00:00" endTime="2025-06-24T21:13:38.7589642+00:00" testType="13cdc9d9-ddb5-4fa4-a97d-d965ccfc6d4b" outcome="Passed" testListId="8c84fa94-04c1-424b-9868-57a2d4851a1d" relativeResultsDirectory="59f241f6-dcbc-424a-9f77-ff1f4a10b3aa" />
    <UnitTestResult executionId="c331e714-ffe9-4dde-b926-bac966f55032" testId="eb73ec0d-ba85-a922-f1e4-560a64171ca9" testName="RoundTripWithJsonInterfaceUtf8Reader(&quot;J&quot;)" computerName="pkrvmxyh4eaekms" duration="00:00:00.0027820" startTime="2025-06-24T21:13:30.2012317+00:00" endTime="2025-06-24T21:13:30.2040139+00:00" testType="13cdc9d9-ddb5-4fa4-a97d-d965ccfc6d4b" outcome="Passed" testListId="8c84fa94-04c1-424b-9868-57a2d4851a1d" relativeResultsDirectory="c331e714-ffe9-4dde-b926-bac966f55032" />
    <UnitTestResult executionId="7abba82e-c490-46ed-ac0b-1e8ded8a3cee" testId="7fe16f67-ef74-a129-92fe-2486276145d3" testName="ValidateProperties" computerName="pkrvmxyh4eaekms" duration="00:00:00.0006579" startTime="2025-06-24T21:13:38.6007278+00:00" endTime="2025-06-24T21:13:38.6013857+00:00" testType="13cdc9d9-ddb5-4fa4-a97d-d965ccfc6d4b" outcome="Passed" testListId="8c84fa94-04c1-424b-9868-57a2d4851a1d" relativeResultsDirectory="7abba82e-c490-46ed-ac0b-1e8ded8a3cee" />
    <UnitTestResult executionId="6f0ca489-2d66-400a-bb0c-ff06b9b0e3e6" testId="228c7528-b299-db41-59ab-3646b8e95954" testName="CanReplaceOpMethod" computerName="pkrvmxyh4eaekms" duration="00:00:00.1183780" startTime="2025-06-24T21:13:33.5414124+00:00" endTime="2025-06-24T21:13:33.6597900+00:00" testType="13cdc9d9-ddb5-4fa4-a97d-d965ccfc6d4b" outcome="Passed" testListId="8c84fa94-04c1-424b-9868-57a2d4851a1d" relativeResultsDirectory="6f0ca489-2d66-400a-bb0c-ff06b9b0e3e6" />
    <UnitTestResult executionId="871aa6d5-6ae1-4adb-aac5-68b1e2714842" testId="2b95d2ae-b0e6-b9ff-1945-fd02bf0a08c5" testName="SerializedNameIsUsed(True)" computerName="pkrvmxyh4eaekms" duration="00:00:00.0047160" startTime="2025-06-24T21:13:36.5500671+00:00" endTime="2025-06-24T21:13:36.5547834+00:00" testType="13cdc9d9-ddb5-4fa4-a97d-d965ccfc6d4b" outcome="Passed" testListId="8c84fa94-04c1-424b-9868-57a2d4851a1d" relativeResultsDirectory="871aa6d5-6ae1-4adb-aac5-68b1e2714842" />
    <UnitTestResult executionId="9b52a817-c0f8-4aff-be6a-a6816baa7da2" testId="942a9c80-4af4-0c03-0952-5c17f4bb2d0a" testName="RoundTripWithJsonInterfaceUtf8ReaderNonGeneric(&quot;W&quot;)" computerName="pkrvmxyh4eaekms" duration="00:00:00.0010039" startTime="2025-06-24T21:13:30.2799825+00:00" endTime="2025-06-24T21:13:30.2809868+00:00" testType="13cdc9d9-ddb5-4fa4-a97d-d965ccfc6d4b" outcome="Passed" testListId="8c84fa94-04c1-424b-9868-57a2d4851a1d" relativeResultsDirectory="9b52a817-c0f8-4aff-be6a-a6816baa7da2" />
    <UnitTestResult executionId="d93c6b7d-ac8d-4625-82d3-97d29384b320" testId="1f6a65bf-9ff6-e05f-9e5f-5e7562d8b3ed" testName="CanChangeEnumMemberName" computerName="pkrvmxyh4eaekms" duration="00:00:00.1008750" startTime="2025-06-24T21:13:34.9214333+00:00" endTime="2025-06-24T21:13:35.0223083+00:00" testType="13cdc9d9-ddb5-4fa4-a97d-d965ccfc6d4b" outcome="Passed" testListId="8c84fa94-04c1-424b-9868-57a2d4851a1d" relativeResultsDirectory="d93c6b7d-ac8d-4625-82d3-97d29384b320" />
    <UnitTestResult executionId="08adb518-0e59-4ba1-970d-6eb506aa8bcb" testId="e4026a29-914d-441e-2c1a-b6749c436c60" testName="RoundTripWithJsonInterfaceNonGeneric(&quot;W&quot;)" computerName="pkrvmxyh4eaekms" duration="00:00:00.0010560" startTime="2025-06-24T21:13:30.2735002+00:00" endTime="2025-06-24T21:13:30.2745565+00:00" testType="13cdc9d9-ddb5-4fa4-a97d-d965ccfc6d4b" outcome="Passed" testListId="8c84fa94-04c1-424b-9868-57a2d4851a1d" relativeResultsDirectory="08adb518-0e59-4ba1-970d-6eb506aa8bcb" />
    <UnitTestResult executionId="54985963-28b9-4165-ab17-dbba73b6f3d7" testId="b1b0eee3-3048-4930-3256-de423350cc60" testName="TestBuildImplicitToBinaryContent(False)" computerName="pkrvmxyh4eaekms" duration="00:00:00.0023990" startTime="2025-06-24T21:13:36.5764516+00:00" endTime="2025-06-24T21:13:36.5788501+00:00" testType="13cdc9d9-ddb5-4fa4-a97d-d965ccfc6d4b" outcome="Passed" testListId="8c84fa94-04c1-424b-9868-57a2d4851a1d" relativeResultsDirectory="54985963-28b9-4165-ab17-dbba73b6f3d7" />
    <UnitTestResult executionId="3f025428-ea9d-4df7-a7e9-c90edf5d9ced" testId="3d064911-8ce4-9ebd-478b-8d7a42aeaa1a" testName="TestBuildAuthFields_WithAuth(System.Collections.Generic.List`1[Microsoft.TypeSpec.Generator.Input.InputParameter])" computerName="pkrvmxyh4eaekms" duration="00:00:00.0020339" startTime="2025-06-24T21:13:34.0658336+00:00" endTime="2025-06-24T21:13:34.0678678+00:00" testType="13cdc9d9-ddb5-4fa4-a97d-d965ccfc6d4b" outcome="Passed" testListId="8c84fa94-04c1-424b-9868-57a2d4851a1d" relativeResultsDirectory="3f025428-ea9d-4df7-a7e9-c90edf5d9ced" />
    <UnitTestResult executionId="1980edf1-f0aa-4b96-8c86-d0190efdc5ba" testId="9d18eb91-be6b-90e4-b7cf-8f9741658eb3" testName="FormatsDatesAsJson(&quot;R&quot;,05/04/2020 03:02:01 +01:00,&quot;Mon, 04 May 2020 02:02:01 GMT&quot;)" computerName="pkrvmxyh4eaekms" duration="00:00:00.0000730" startTime="2025-06-24T21:13:38.7359427+00:00" endTime="2025-06-24T21:13:38.7360156+00:00" testType="13cdc9d9-ddb5-4fa4-a97d-d965ccfc6d4b" outcome="Passed" testListId="8c84fa94-04c1-424b-9868-57a2d4851a1d" relativeResultsDirectory="1980edf1-f0aa-4b96-8c86-d0190efdc5ba" />
    <UnitTestResult executionId="48138cb4-c40e-405f-9452-3cbccc41bd8e" testId="773b3700-4327-8dc5-55b6-617ccbe6ad79" testName="RoundTripWithModelReaderWriter(&quot;J&quot;)" computerName="pkrvmxyh4eaekms" duration="00:00:00.0004760" startTime="2025-06-24T21:13:30.0897445+00:00" endTime="2025-06-24T21:13:30.0902207+00:00" testType="13cdc9d9-ddb5-4fa4-a97d-d965ccfc6d4b" outcome="Passed" testListId="8c84fa94-04c1-424b-9868-57a2d4851a1d" relativeResultsDirectory="48138cb4-c40e-405f-9452-3cbccc41bd8e" />
    <UnitTestResult executionId="810f6cb9-ca33-46b8-ac05-8166a93a171d" testId="17af0ef1-5b03-524e-019b-aa5abb781652" testName="ResetThenAppendPathThenAppendQuery(&quot;http://localhost:12345&quot;,&quot;/some/&quot;,&quot;one|1|two|2&quot;,&quot;http://localhost:12345/some/?one=1&amp;two=2&quot;)" computerName="pkrvmxyh4eaekms" duration="00:00:00.0001290" startTime="2025-06-24T21:13:34.5436552+00:00" endTime="2025-06-24T21:13:34.5437842+00:00" testType="13cdc9d9-ddb5-4fa4-a97d-d965ccfc6d4b" outcome="Passed" testListId="8c84fa94-04c1-424b-9868-57a2d4851a1d" relativeResultsDirectory="810f6cb9-ca33-46b8-ac05-8166a93a171d" />
    <UnitTestResult executionId="137ff938-c112-4e0f-8cdc-bfb30ca904a3" testId="151f7ead-f8c8-292a-fa32-6e515a2838fc" testName="OperationWithOptionalExtensibleIntEnum" computerName="pkrvmxyh4eaekms" duration="00:00:00.0029330" startTime="2025-06-24T21:13:38.6860543+00:00" endTime="2025-06-24T21:13:38.6889876+00:00" testType="13cdc9d9-ddb5-4fa4-a97d-d965ccfc6d4b" outcome="Passed" testListId="8c84fa94-04c1-424b-9868-57a2d4851a1d" relativeResultsDirectory="137ff938-c112-4e0f-8cdc-bfb30ca904a3" />
    <UnitTestResult executionId="bf87932f-a83b-48c2-990b-c3d92da0984b" testId="19df9d5f-570b-e54d-a401-8a0b00b67220" testName="RoundTripWithJsonInterfaceNonGeneric(&quot;W&quot;)" computerName="pkrvmxyh4eaekms" duration="00:00:00.0006830" startTime="2025-06-24T21:13:30.0815072+00:00" endTime="2025-06-24T21:13:30.0821902+00:00" testType="13cdc9d9-ddb5-4fa4-a97d-d965ccfc6d4b" outcome="Passed" testListId="8c84fa94-04c1-424b-9868-57a2d4851a1d" relativeResultsDirectory="bf87932f-a83b-48c2-990b-c3d92da0984b" />
    <UnitTestResult executionId="1256f395-d8d1-481d-8ebe-f4d5c84b3544" testId="87a406ec-4133-87bc-5a61-b337c8334484" testName="FormatsTimeSpanAsJson(&quot;c&quot;,1.02:59:59.5000000,&quot;1.02:59:59.5000000&quot;)" computerName="pkrvmxyh4eaekms" duration="00:00:00.0008280" startTime="2025-06-24T21:13:38.7383379+00:00" endTime="2025-06-24T21:13:38.7391660+00:00" testType="13cdc9d9-ddb5-4fa4-a97d-d965ccfc6d4b" outcome="Passed" testListId="8c84fa94-04c1-424b-9868-57a2d4851a1d" relativeResultsDirectory="1256f395-d8d1-481d-8ebe-f4d5c84b3544" />
    <UnitTestResult executionId="527b3a5e-3d84-41ed-812e-0a8e2dbd2448" testId="6d706680-b45d-6f73-58a0-c603a7578b64" testName="RoundTripWithModelInterface(&quot;W&quot;)" computerName="pkrvmxyh4eaekms" duration="00:00:00.0052260" startTime="2025-06-24T21:13:30.2547845+00:00" endTime="2025-06-24T21:13:30.2600107+00:00" testType="13cdc9d9-ddb5-4fa4-a97d-d965ccfc6d4b" outcome="Passed" testListId="8c84fa94-04c1-424b-9868-57a2d4851a1d" relativeResultsDirectory="527b3a5e-3d84-41ed-812e-0a8e2dbd2448" />
    <UnitTestResult executionId="a9113681-8b9f-426b-9436-bbbc835ff901" testId="4fe7a980-a4df-a5e0-9048-4c5bac6fd2df" testName="ValidateReturnTypeIsOverridden" computerName="pkrvmxyh4eaekms" duration="00:00:00.0030220" startTime="2025-06-24T21:13:30.3572768+00:00" endTime="2025-06-24T21:13:30.3602989+00:00" testType="13cdc9d9-ddb5-4fa4-a97d-d965ccfc6d4b" outcome="Passed" testListId="8c84fa94-04c1-424b-9868-57a2d4851a1d" relativeResultsDirectory="a9113681-8b9f-426b-9436-bbbc835ff901" />
    <UnitTestResult executionId="a22a39a6-0459-4cb7-81e7-b5fe9bf78431" testId="dcac7d6c-cddc-07ec-ade2-6b37b9b8f7b2" testName="ResetThenAppendQuery(&quot;http://localhost:12345&quot;,&quot;one|1|two|2&quot;,&quot;http://localhost:12345/?one=1&amp;two=2&quot;)" computerName="pkrvmxyh4eaekms" duration="00:00:00.0001380" startTime="2025-06-24T21:13:34.5457908+00:00" endTime="2025-06-24T21:13:34.5459286+00:00" testType="13cdc9d9-ddb5-4fa4-a97d-d965ccfc6d4b" outcome="Passed" testListId="8c84fa94-04c1-424b-9868-57a2d4851a1d" relativeResultsDirectory="a22a39a6-0459-4cb7-81e7-b5fe9bf78431" />
    <UnitTestResult executionId="ec30f9cd-3e38-4c2a-b9c5-d20321506dfd" testId="5a28539e-fb57-42a1-3352-aa901506c7b3" testName="TestIntDeserializeExpression(System.SByte,Default)" computerName="pkrvmxyh4eaekms" duration="00:00:00.0004720" startTime="2025-06-24T21:13:36.6391948+00:00" endTime="2025-06-24T21:13:36.6396671+00:00" testType="13cdc9d9-ddb5-4fa4-a97d-d965ccfc6d4b" outcome="Passed" testListId="8c84fa94-04c1-424b-9868-57a2d4851a1d" relativeResultsDirectory="ec30f9cd-3e38-4c2a-b9c5-d20321506dfd" />
    <UnitTestResult executionId="dae8c193-ba04-42b1-8560-2b7692a9449d" testId="bf3da019-7f9d-af94-6f96-f8ea713b9cf6" testName="AppendPath_Float(&quot;http://localhost&quot;,-3.14f,True,&quot;http://localhost/-3.14&quot;)" computerName="pkrvmxyh4eaekms" duration="00:00:00.0000840" startTime="2025-06-24T21:13:34.4644895+00:00" endTime="2025-06-24T21:13:34.4645731+00:00" testType="13cdc9d9-ddb5-4fa4-a97d-d965ccfc6d4b" outcome="Passed" testListId="8c84fa94-04c1-424b-9868-57a2d4851a1d" relativeResultsDirectory="dae8c193-ba04-42b1-8560-2b7692a9449d" />
    <UnitTestResult executionId="09cd1726-72e4-4c3f-9b4c-861308ce792c" testId="ed030d81-00c3-b759-cae4-3bed7cfacbb0" testName="TestBuildDeserializationMethod(Microsoft.TypeSpec.Generator.Input.InputUnionType,[&quot;string&quot;, &quot;double&quot;],[&quot;case global::System.Text.Json.JsonValueKind.String:&quot;, &quot;additionalProperties.Add(prop.Name, prop.Value.GetString());&quot;, &quot;case global::System.Text.Json.JsonValueKind.Number:&quot;, &quot;if (prop.Value.TryGetDouble(out double doubleValue))&quot;, &quot;additionalDoubleProperties.Add(prop.Name, doubleValue);&quot;])" computerName="pkrvmxyh4eaekms" duration="00:00:00.0031390" startTime="2025-06-24T21:13:35.1484173+00:00" endTime="2025-06-24T21:13:35.1515559+00:00" testType="13cdc9d9-ddb5-4fa4-a97d-d965ccfc6d4b" outcome="Passed" testListId="8c84fa94-04c1-424b-9868-57a2d4851a1d" relativeResultsDirectory="09cd1726-72e4-4c3f-9b4c-861308ce792c" />
    <UnitTestResult executionId="05ceb683-5872-4d61-92d0-9d14edad932e" testId="0bcee4b1-1c28-608b-529d-c163d3dedf9c" testName="RoundTripWithJsonInterfaceUtf8ReaderNonGeneric(&quot;J&quot;)" computerName="pkrvmxyh4eaekms" duration="00:00:00.0013130" startTime="2025-06-24T21:13:30.0378231+00:00" endTime="2025-06-24T21:13:30.0391362+00:00" testType="13cdc9d9-ddb5-4fa4-a97d-d965ccfc6d4b" outcome="Passed" testListId="8c84fa94-04c1-424b-9868-57a2d4851a1d" relativeResultsDirectory="05ceb683-5872-4d61-92d0-9d14edad932e" />
    <UnitTestResult executionId="20959e9b-7ea5-4696-a2fa-e0baf544868b" testId="2db2b971-3e51-d05c-5cc4-2946c56148cc" testName="ResetThenAppendPath(&quot;http://localhost/with/&quot;,&quot;path&quot;,&quot;http://localhost/with/path&quot;)" computerName="pkrvmxyh4eaekms" duration="00:00:00.0001870" startTime="2025-06-24T21:13:34.5370671+00:00" endTime="2025-06-24T21:13:34.5372536+00:00" testType="13cdc9d9-ddb5-4fa4-a97d-d965ccfc6d4b" outcome="Passed" testListId="8c84fa94-04c1-424b-9868-57a2d4851a1d" relativeResultsDirectory="20959e9b-7ea5-4696-a2fa-e0baf544868b" />
    <UnitTestResult executionId="40a9daac-19cf-40c8-84e0-e18da8ec18c2" testId="0cc38451-e146-8497-4cd5-53044a86f598" testName="ThrowsIfWireIsNotJson" computerName="pkrvmxyh4eaekms" duration="00:00:00.0001360" startTime="2025-06-24T21:13:30.2678768+00:00" endTime="2025-06-24T21:13:30.2680131+00:00" testType="13cdc9d9-ddb5-4fa4-a97d-d965ccfc6d4b" outcome="Passed" testListId="8c84fa94-04c1-424b-9868-57a2d4851a1d" relativeResultsDirectory="40a9daac-19cf-40c8-84e0-e18da8ec18c2" />
    <UnitTestResult executionId="e3bb9d1e-6821-49bc-bb66-334fa0f3b2ab" testId="4453184c-f216-9b6d-4fbd-d2b0df67fcc5" testName="ValidateConvertToString(null,-3.14f,&quot;-3.14&quot;)" computerName="pkrvmxyh4eaekms" duration="00:00:00.0001350" startTime="2025-06-24T21:13:38.7423887+00:00" endTime="2025-06-24T21:13:38.7425236+00:00" testType="13cdc9d9-ddb5-4fa4-a97d-d965ccfc6d4b" outcome="Passed" testListId="8c84fa94-04c1-424b-9868-57a2d4851a1d" relativeResultsDirectory="e3bb9d1e-6821-49bc-bb66-334fa0f3b2ab" />
    <UnitTestResult executionId="8c3d3645-ac55-4f42-867b-d346ba10fe00" testId="1a13e6b3-6678-3730-e073-876042334d75" testName="AppendPath_DateTimeOffset(&quot;http://localhost&quot;,&quot;6/30/1905 1:14:00 PM +00:00&quot;,&quot;U&quot;,True,&quot;http://localhost/-2035622760&quot;)" computerName="pkrvmxyh4eaekms" duration="00:00:00.0004320" startTime="2025-06-24T21:13:34.4586638+00:00" endTime="2025-06-24T21:13:34.4590955+00:00" testType="13cdc9d9-ddb5-4fa4-a97d-d965ccfc6d4b" outcome="Passed" testListId="8c84fa94-04c1-424b-9868-57a2d4851a1d" relativeResultsDirectory="8c3d3645-ac55-4f42-867b-d346ba10fe00" />
    <UnitTestResult executionId="3be596ac-b81f-479e-a1ce-41fcb07a3a88" testId="ce965a78-835a-15f8-3288-e78e41f0291b" testName="ResetThenAppendPath(&quot;http://localhost:12345/&quot;,&quot;/path&quot;,&quot;http://localhost:12345/path&quot;)" computerName="pkrvmxyh4eaekms" duration="00:00:00.0001910" startTime="2025-06-24T21:13:34.5384036+00:00" endTime="2025-06-24T21:13:34.5385945+00:00" testType="13cdc9d9-ddb5-4fa4-a97d-d965ccfc6d4b" outcome="Passed" testListId="8c84fa94-04c1-424b-9868-57a2d4851a1d" relativeResultsDirectory="3be596ac-b81f-479e-a1ce-41fcb07a3a88" />
    <UnitTestResult executionId="0b08a070-9ca9-4a8e-bdf4-8d4421237bf2" testId="a038b769-e4a5-816c-c60d-2cf3795b10fd" testName="ResetThenAppendPathThenAppendQuery(&quot;http://localhost:12345&quot;,&quot;/some/&quot;,&quot;one|1&quot;,&quot;http://localhost:12345/some/?one=1&quot;)" computerName="pkrvmxyh4eaekms" duration="00:00:00.0001020" startTime="2025-06-24T21:13:34.5428736+00:00" endTime="2025-06-24T21:13:34.5429759+00:00" testType="13cdc9d9-ddb5-4fa4-a97d-d965ccfc6d4b" outcome="Passed" testListId="8c84fa94-04c1-424b-9868-57a2d4851a1d" relativeResultsDirectory="0b08a070-9ca9-4a8e-bdf4-8d4421237bf2" />
    <UnitTestResult executionId="63a76809-8a89-4cd3-9f35-23ddc24f3df8" testId="b18428a6-357e-c689-d8bc-399f60aac534" testName="ResetThenAppendPathThenAppendQuery(&quot;http://localhost:12345&quot;,&quot;some/&quot;,&quot;one|1|two|2&quot;,&quot;http://localhost:12345/some/?one=1&amp;two=2&quot;)" computerName="pkrvmxyh4eaekms" duration="00:00:00.0001170" startTime="2025-06-24T21:13:34.5434018+00:00" endTime="2025-06-24T21:13:34.5435186+00:00" testType="13cdc9d9-ddb5-4fa4-a97d-d965ccfc6d4b" outcome="Passed" testListId="8c84fa94-04c1-424b-9868-57a2d4851a1d" relativeResultsDirectory="63a76809-8a89-4cd3-9f35-23ddc24f3df8" />
    <UnitTestResult executionId="e793aae5-0fbe-41f0-8f74-54d594e23b86" testId="742aca02-9331-da31-2bac-cb8e449be676" testName="AppendPath_DateTimeOffset(&quot;http://localhost&quot;,&quot;6/30/1905 1:14:00 PM +00:00&quot;,&quot;O&quot;,True,&quot;http://localhost/1905-06-30T13%3A14%3A00.0000000Z&quot;)" computerName="pkrvmxyh4eaekms" duration="00:00:00.0011950" startTime="2025-06-24T21:13:34.4591127+00:00" endTime="2025-06-24T21:13:34.4603076+00:00" testType="13cdc9d9-ddb5-4fa4-a97d-d965ccfc6d4b" outcome="Passed" testListId="8c84fa94-04c1-424b-9868-57a2d4851a1d" relativeResultsDirectory="e793aae5-0fbe-41f0-8f74-54d594e23b86" />
    <UnitTestResult executionId="d9c986f3-d3c1-45ce-b0d5-ca4a4c6d98ed" testId="b30720bd-f140-b124-33ed-afa9a981ffb4" testName="RoundTripWithJsonInterfaceUtf8ReaderNonGeneric(&quot;W&quot;)" computerName="pkrvmxyh4eaekms" duration="00:00:00.0021580" startTime="2025-06-24T21:13:30.2089733+00:00" endTime="2025-06-24T21:13:30.2111306+00:00" testType="13cdc9d9-ddb5-4fa4-a97d-d965ccfc6d4b" outcome="Passed" testListId="8c84fa94-04c1-424b-9868-57a2d4851a1d" relativeResultsDirectory="d9c986f3-d3c1-45ce-b0d5-ca4a4c6d98ed" />
    <UnitTestResult executionId="6b94835c-afac-4af7-a956-38bd374abf06" testId="3d064911-8ce4-9ebd-478b-8d7a42aeaa1a" testName="TestBuildAuthFields_WithAuth(System.Collections.Generic.List`1[Microsoft.TypeSpec.Generator.Input.InputParameter])" computerName="pkrvmxyh4eaekms" duration="00:00:00.0018770" startTime="2025-06-24T21:13:34.0639232+00:00" endTime="2025-06-24T21:13:34.0658000+00:00" testType="13cdc9d9-ddb5-4fa4-a97d-d965ccfc6d4b" outcome="Passed" testListId="8c84fa94-04c1-424b-9868-57a2d4851a1d" relativeResultsDirectory="6b94835c-afac-4af7-a956-38bd374abf06" />
    <UnitTestResult executionId="cc454ecf-7bcc-467f-8de2-7c924adbf147" testId="6799c615-984b-d393-61e7-01b94eabeafa" testName="AppendQuery_TimeSpan(&quot;http://localhost&quot;,&quot;02:15:00&quot;,&quot;&quot;,False,&quot;http://localhost/?query=02:15:00&quot;)" computerName="pkrvmxyh4eaekms" duration="00:00:00.0001480" startTime="2025-06-24T21:13:34.5309201+00:00" endTime="2025-06-24T21:13:34.5310677+00:00" testType="13cdc9d9-ddb5-4fa4-a97d-d965ccfc6d4b" outcome="Passed" testListId="8c84fa94-04c1-424b-9868-57a2d4851a1d" relativeResultsDirectory="cc454ecf-7bcc-467f-8de2-7c924adbf147" />
    <UnitTestResult executionId="48d7ed93-5e41-48a7-9fdd-e7291850c4c8" testId="407d0806-db6d-d0d8-dfd4-a56206ad652f" testName="ResetThenAppendQuery(&quot;http://localhost/&quot;,&quot;one|1|two|2&quot;,&quot;http://localhost/?one=1&amp;two=2&quot;)" computerName="pkrvmxyh4eaekms" duration="00:00:00.0001760" startTime="2025-06-24T21:13:34.5462713+00:00" endTime="2025-06-24T21:13:34.5464471+00:00" testType="13cdc9d9-ddb5-4fa4-a97d-d965ccfc6d4b" outcome="Passed" testListId="8c84fa94-04c1-424b-9868-57a2d4851a1d" relativeResultsDirectory="48d7ed93-5e41-48a7-9fdd-e7291850c4c8" />
    <UnitTestResult executionId="5e0cdfcc-8bd3-4edc-8faf-cbd71fb6b631" testId="abf6c339-b908-439d-1fc1-47a1df3c26c9" testName="AppendPath_Double(&quot;http://localhost&quot;,3.14d,True,&quot;http://localhost/3.14&quot;)" computerName="pkrvmxyh4eaekms" duration="00:00:00.0004380" startTime="2025-06-24T21:13:34.4623013+00:00" endTime="2025-06-24T21:13:34.4627392+00:00" testType="13cdc9d9-ddb5-4fa4-a97d-d965ccfc6d4b" outcome="Passed" testListId="8c84fa94-04c1-424b-9868-57a2d4851a1d" relativeResultsDirectory="5e0cdfcc-8bd3-4edc-8faf-cbd71fb6b631" />
    <UnitTestResult executionId="a8eeac2d-7382-4813-a91f-6dc405407087" testId="9485847a-d0cf-d910-52fd-1dc7d46c0bab" testName="RoundTripWithJsonInterfaceUtf8Reader(&quot;W&quot;)" computerName="pkrvmxyh4eaekms" duration="00:00:00.0021750" startTime="2025-06-24T21:13:30.2040429+00:00" endTime="2025-06-24T21:13:30.2062176+00:00" testType="13cdc9d9-ddb5-4fa4-a97d-d965ccfc6d4b" outcome="Passed" testListId="8c84fa94-04c1-424b-9868-57a2d4851a1d" relativeResultsDirectory="a8eeac2d-7382-4813-a91f-6dc405407087" />
    <UnitTestResult executionId="03932b46-6564-4e56-9397-8f36b799b6c1" testId="922bfda1-7a14-2dce-128b-e09841dad4e2" testName="AppendQuery_Guid(&quot;http://localhost&quot;,&quot;3f2504e0-4f89-11d3-9a0c-0305e82c3301&quot;,True,&quot;http://localhost/?query=3f2504e0-4f89-11d3-9a0c-0305e82c3301&quot;)" computerName="pkrvmxyh4eaekms" duration="00:00:00.0004080" startTime="2025-06-24T21:13:34.5256679+00:00" endTime="2025-06-24T21:13:34.5260754+00:00" testType="13cdc9d9-ddb5-4fa4-a97d-d965ccfc6d4b" outcome="Passed" testListId="8c84fa94-04c1-424b-9868-57a2d4851a1d" relativeResultsDirectory="03932b46-6564-4e56-9397-8f36b799b6c1" />
    <UnitTestResult executionId="f9e0338b-b6ab-4238-8b6c-fcd92c01a367" testId="5cecca1b-6cfe-a561-61db-bfb6cc7f6214" testName="TestRequestOptionsParameterInSignature(Microsoft.TypeSpec.Generator.Input.InputBasicServiceMethod,False,False)" computerName="pkrvmxyh4eaekms" duration="00:00:00.0023570" startTime="2025-06-24T21:13:34.2575227+00:00" endTime="2025-06-24T21:13:34.2598798+00:00" testType="13cdc9d9-ddb5-4fa4-a97d-d965ccfc6d4b" outcome="Passed" testListId="8c84fa94-04c1-424b-9868-57a2d4851a1d" relativeResultsDirectory="f9e0338b-b6ab-4238-8b6c-fcd92c01a367" />
    <UnitTestResult executionId="a6df5948-e824-41d1-81b1-1cd2d07811e2" testId="155bcea2-a69c-4737-05b7-9a1a9d273028" testName="OperationWithOptionalIntEnum" computerName="pkrvmxyh4eaekms" duration="00:00:00.0034790" startTime="2025-06-24T21:13:38.6896138+00:00" endTime="2025-06-24T21:13:38.6930925+00:00" testType="13cdc9d9-ddb5-4fa4-a97d-d965ccfc6d4b" outcome="Passed" testListId="8c84fa94-04c1-424b-9868-57a2d4851a1d" relativeResultsDirectory="a6df5948-e824-41d1-81b1-1cd2d07811e2" />
    <UnitTestResult executionId="e198effd-6463-4287-9d05-db5ec4adc852" testId="3d064911-8ce4-9ebd-478b-8d7a42aeaa1a" testName="TestBuildAuthFields_WithAuth(System.Collections.Generic.List`1[Microsoft.TypeSpec.Generator.Input.InputParameter])" computerName="pkrvmxyh4eaekms" duration="00:00:00.0023720" startTime="2025-06-24T21:13:34.0592386+00:00" endTime="2025-06-24T21:13:34.0616106+00:00" testType="13cdc9d9-ddb5-4fa4-a97d-d965ccfc6d4b" outcome="Passed" testListId="8c84fa94-04c1-424b-9868-57a2d4851a1d" relativeResultsDirectory="e198effd-6463-4287-9d05-db5ec4adc852" />
    <UnitTestResult executionId="5ad197ea-5e2a-4390-8949-6c4756912408" testId="3eaab606-da98-cb80-86c4-76c1a49a2c30" testName="CanChangePropertyNameAndRedefineOriginal" computerName="pkrvmxyh4eaekms" duration="00:00:00.1008300" startTime="2025-06-24T21:13:36.9323475+00:00" endTime="2025-06-24T21:13:37.0331775+00:00" testType="13cdc9d9-ddb5-4fa4-a97d-d965ccfc6d4b" outcome="Passed" testListId="8c84fa94-04c1-424b-9868-57a2d4851a1d" relativeResultsDirectory="5ad197ea-5e2a-4390-8949-6c4756912408" />
    <UnitTestResult executionId="d7c21b43-1a05-4032-a649-5d1c059590a7" testId="ea6625c3-c544-3a8a-f630-52d307e1360c" testName="AppendPath_Double(&quot;http://localhost&quot;,-3.14d,True,&quot;http://localhost/-3.14&quot;)" computerName="pkrvmxyh4eaekms" duration="00:00:00.0001390" startTime="2025-06-24T21:13:34.4632535+00:00" endTime="2025-06-24T21:13:34.4633927+00:00" testType="13cdc9d9-ddb5-4fa4-a97d-d965ccfc6d4b" outcome="Passed" testListId="8c84fa94-04c1-424b-9868-57a2d4851a1d" relativeResultsDirectory="d7c21b43-1a05-4032-a649-5d1c059590a7" />
    <UnitTestResult executionId="3732d4e2-3d45-4aec-98c3-03f2114f209d" testId="695d9dc1-603f-c186-f622-eadc4afd9848" testName="AppendQuery_DateTimeOffset(&quot;http://localhost&quot;,&quot;6/30/1905 1:14:00 PM +00:00&quot;,&quot;U&quot;,False,&quot;http://localhost/?query=-2035622760&quot;)" computerName="pkrvmxyh4eaekms" duration="00:00:00.0001160" startTime="2025-06-24T21:13:34.5228488+00:00" endTime="2025-06-24T21:13:34.5229647+00:00" testType="13cdc9d9-ddb5-4fa4-a97d-d965ccfc6d4b" outcome="Passed" testListId="8c84fa94-04c1-424b-9868-57a2d4851a1d" relativeResultsDirectory="3732d4e2-3d45-4aec-98c3-03f2114f209d" />
    <UnitTestResult executionId="a9cbbd3c-7866-408e-94d3-ad8cab51714d" testId="75ea94fd-3e39-2426-5e3d-01bde1d3cfe1" testName="TestBuildConstructors_SecondaryConstructor(System.Collections.Generic.List`1[Microsoft.TypeSpec.Generator.Input.InputParameter])" computerName="pkrvmxyh4eaekms" duration="00:00:00.0021670" startTime="2025-06-24T21:13:34.1699041+00:00" endTime="2025-06-24T21:13:34.1720713+00:00" testType="13cdc9d9-ddb5-4fa4-a97d-d965ccfc6d4b" outcome="Passed" testListId="8c84fa94-04c1-424b-9868-57a2d4851a1d" relativeResultsDirectory="a9cbbd3c-7866-408e-94d3-ad8cab51714d" />
    <UnitTestResult executionId="cf4ee961-a88a-4e3c-bab6-662108a24da7" testId="95b47281-e8c1-361c-53c0-38909c103b14" testName="TestIntSerializationStatement(Integer,&quot;string&quot;)" computerName="pkrvmxyh4eaekms" duration="00:00:00.0042950" startTime="2025-06-24T21:13:36.6397331+00:00" endTime="2025-06-24T21:13:36.6440279+00:00" testType="13cdc9d9-ddb5-4fa4-a97d-d965ccfc6d4b" outcome="Passed" testListId="8c84fa94-04c1-424b-9868-57a2d4851a1d" relativeResultsDirectory="cf4ee961-a88a-4e3c-bab6-662108a24da7" />
    <UnitTestResult executionId="48101a95-04b2-4407-987f-ccc6d0353b3b" testId="7279241d-1c25-8c46-c59a-9ee52d0c2a87" testName="RoundTripWithJsonInterfaceOfT(&quot;J&quot;)" computerName="pkrvmxyh4eaekms" duration="00:00:00.0011830" startTime="2025-06-24T21:13:30.2440765+00:00" endTime="2025-06-24T21:13:30.2452598+00:00" testType="13cdc9d9-ddb5-4fa4-a97d-d965ccfc6d4b" outcome="Passed" testListId="8c84fa94-04c1-424b-9868-57a2d4851a1d" relativeResultsDirectory="48101a95-04b2-4407-987f-ccc6d0353b3b" />
    <UnitTestResult executionId="8d3ab0d7-363f-4754-920c-59a655a28bb8" testId="2be290df-7d92-5723-935e-13156fa041e9" testName="TestBuildConstructors_PrimaryConstructor(System.Collections.Generic.List`1[Microsoft.TypeSpec.Generator.Input.InputParameter])" computerName="pkrvmxyh4eaekms" duration="00:00:00.0040020" startTime="2025-06-24T21:13:34.1323822+00:00" endTime="2025-06-24T21:13:34.1363837+00:00" testType="13cdc9d9-ddb5-4fa4-a97d-d965ccfc6d4b" outcome="Passed" testListId="8c84fa94-04c1-424b-9868-57a2d4851a1d" relativeResultsDirectory="8d3ab0d7-363f-4754-920c-59a655a28bb8" />
    <UnitTestResult executionId="6dc46e77-6ce5-477b-aa70-bdfba3c4603e" testId="ea6c1b95-a0ad-0182-c0b9-1f79d5e165b1" testName="AppendPath_Long(&quot;http://localhost&quot;,299792458000000L,True,&quot;http://localhost/299792458000000&quot;)" computerName="pkrvmxyh4eaekms" duration="00:00:00.0004360" startTime="2025-06-24T21:13:34.4666610+00:00" endTime="2025-06-24T21:13:34.4670971+00:00" testType="13cdc9d9-ddb5-4fa4-a97d-d965ccfc6d4b" outcome="Passed" testListId="8c84fa94-04c1-424b-9868-57a2d4851a1d" relativeResultsDirectory="6dc46e77-6ce5-477b-aa70-bdfba3c4603e" />
    <UnitTestResult executionId="1319b4d2-8cfa-463d-bc8a-b069868fb306" testId="f57ac424-adaf-1808-607f-9395be13912a" testName="TestRestClientMethods(Microsoft.TypeSpec.Generator.Input.InputBasicServiceMethod)" computerName="pkrvmxyh4eaekms" duration="00:00:00.0012020" startTime="2025-06-24T21:13:38.5802688+00:00" endTime="2025-06-24T21:13:38.5814710+00:00" testType="13cdc9d9-ddb5-4fa4-a97d-d965ccfc6d4b" outcome="Passed" testListId="8c84fa94-04c1-424b-9868-57a2d4851a1d" relativeResultsDirectory="1319b4d2-8cfa-463d-bc8a-b069868fb306" />
    <UnitTestResult executionId="379f3997-f70c-4058-87d2-d70df711852c" testId="d31df667-e086-86d8-6c74-e0530cd9f34a" testName="ValidateConvertToString(null,False,&quot;false&quot;)" computerName="pkrvmxyh4eaekms" duration="00:00:00.0001380" startTime="2025-06-24T21:13:38.7417620+00:00" endTime="2025-06-24T21:13:38.7419002+00:00" testType="13cdc9d9-ddb5-4fa4-a97d-d965ccfc6d4b" outcome="Passed" testListId="8c84fa94-04c1-424b-9868-57a2d4851a1d" relativeResultsDirectory="379f3997-f70c-4058-87d2-d70df711852c" />
    <UnitTestResult executionId="ad53ab57-59c7-4f8d-8326-fd2dd85413f9" testId="bf4fa718-a0dc-a376-320f-64846e767fdc" testName="ValidateToSerialMethodsExtensible(Microsoft.TypeSpec.Generator.Input.InputEnumType)" computerName="pkrvmxyh4eaekms" duration="00:00:00.0006460" startTime="2025-06-24T21:13:34.9176994+00:00" endTime="2025-06-24T21:13:34.9183450+00:00" testType="13cdc9d9-ddb5-4fa4-a97d-d965ccfc6d4b" outcome="Passed" testListId="8c84fa94-04c1-424b-9868-57a2d4851a1d" relativeResultsDirectory="ad53ab57-59c7-4f8d-8326-fd2dd85413f9" />
    <UnitTestResult executionId="535b3d76-be75-4cd0-9490-3661253df436" testId="f79af24c-28c2-7172-44e7-a79f11dabe70" testName="RoundTripWithJsonInterfaceUtf8Reader(&quot;J&quot;)" computerName="pkrvmxyh4eaekms" duration="00:00:00.0019240" startTime="2025-06-24T21:13:30.0352587+00:00" endTime="2025-06-24T21:13:30.0371825+00:00" testType="13cdc9d9-ddb5-4fa4-a97d-d965ccfc6d4b" outcome="Passed" testListId="8c84fa94-04c1-424b-9868-57a2d4851a1d" relativeResultsDirectory="535b3d76-be75-4cd0-9490-3661253df436" />
    <UnitTestResult executionId="6788d253-9d39-43aa-91bc-072fd7b156a6" testId="dcd05550-3ea5-0bef-33f4-5a0952c6de2a" testName="RoundTripWithModelInterfaceNonGeneric(&quot;W&quot;)" computerName="pkrvmxyh4eaekms" duration="00:00:00.0005350" startTime="2025-06-24T21:13:30.0562753+00:00" endTime="2025-06-24T21:13:30.0568097+00:00" testType="13cdc9d9-ddb5-4fa4-a97d-d965ccfc6d4b" outcome="Passed" testListId="8c84fa94-04c1-424b-9868-57a2d4851a1d" relativeResultsDirectory="6788d253-9d39-43aa-91bc-072fd7b156a6" />
    <UnitTestResult executionId="17f3b56c-7082-41f4-9bae-2276af33aea7" testId="e40e07d2-876d-1f57-b753-1a1606f1526f" testName="AppendPath_Float(&quot;http://localhost&quot;,3.14f,False,&quot;http://localhost/3.14&quot;)" computerName="pkrvmxyh4eaekms" duration="00:00:00.0004280" startTime="2025-06-24T21:13:34.4640444+00:00" endTime="2025-06-24T21:13:34.4644721+00:00" testType="13cdc9d9-ddb5-4fa4-a97d-d965ccfc6d4b" outcome="Passed" testListId="8c84fa94-04c1-424b-9868-57a2d4851a1d" relativeResultsDirectory="17f3b56c-7082-41f4-9bae-2276af33aea7" />
    <UnitTestResult executionId="d4316d2c-30be-4651-a764-ba3dfc6cb0a8" testId="d4e8a370-9b59-6ddd-5a28-e76f3ca89b62" testName="NoNextLinkOrContinuationTokenOfTAsync" computerName="pkrvmxyh4eaekms" duration="00:00:00.0035480" startTime="2025-06-24T21:13:34.6369065+00:00" endTime="2025-06-24T21:13:34.6404544+00:00" testType="13cdc9d9-ddb5-4fa4-a97d-d965ccfc6d4b" outcome="Passed" testListId="8c84fa94-04c1-424b-9868-57a2d4851a1d" relativeResultsDirectory="d4316d2c-30be-4651-a764-ba3dfc6cb0a8" />
    <UnitTestResult executionId="4c3e254d-e257-4fc0-b4e1-fba09e120b68" testId="b980310c-3eed-ecf0-a5ec-9237fd7abcff" testName="TestIntDeserializeExpression(System.Int32,Default)" computerName="pkrvmxyh4eaekms" duration="00:00:00.0003470" startTime="2025-06-24T21:13:36.6380301+00:00" endTime="2025-06-24T21:13:36.6383770+00:00" testType="13cdc9d9-ddb5-4fa4-a97d-d965ccfc6d4b" outcome="Passed" testListId="8c84fa94-04c1-424b-9868-57a2d4851a1d" relativeResultsDirectory="4c3e254d-e257-4fc0-b4e1-fba09e120b68" />
    <UnitTestResult executionId="cb2bc7cd-94d8-4221-882d-7b938a045e56" testId="e534c7f0-aa9f-7e58-f835-e09dd0e1c6e7" testName="AppendPath_Long(&quot;http://localhost&quot;,299792458000000L,False,&quot;http://localhost/299792458000000&quot;)" computerName="pkrvmxyh4eaekms" duration="00:00:00.0004490" startTime="2025-06-24T21:13:34.4671152+00:00" endTime="2025-06-24T21:13:34.4675643+00:00" testType="13cdc9d9-ddb5-4fa4-a97d-d965ccfc6d4b" outcome="Passed" testListId="8c84fa94-04c1-424b-9868-57a2d4851a1d" relativeResultsDirectory="cb2bc7cd-94d8-4221-882d-7b938a045e56" />
    <UnitTestResult executionId="be75a07c-f91c-4dbe-9041-76ac6e8f50ec" testId="0a2cac4d-2fc6-eca4-917c-3476ebc50ff5" testName="TestIntSerializationStatement(Int64,null)" computerName="pkrvmxyh4eaekms" duration="00:00:00.0016880" startTime="2025-06-24T21:13:36.6582034+00:00" endTime="2025-06-24T21:13:36.6598912+00:00" testType="13cdc9d9-ddb5-4fa4-a97d-d965ccfc6d4b" outcome="Passed" testListId="8c84fa94-04c1-424b-9868-57a2d4851a1d" relativeResultsDirectory="be75a07c-f91c-4dbe-9041-76ac6e8f50ec" />
    <UnitTestResult executionId="b2f5a2a1-5b65-4f55-b6ca-ce7455c689c0" testId="5cecca1b-6cfe-a561-61db-bfb6cc7f6214" testName="TestRequestOptionsParameterInSignature(Microsoft.TypeSpec.Generator.Input.InputBasicServiceMethod,False,False)" computerName="pkrvmxyh4eaekms" duration="00:00:00.0040029" startTime="2025-06-24T21:13:34.2486762+00:00" endTime="2025-06-24T21:13:34.2526795+00:00" testType="13cdc9d9-ddb5-4fa4-a97d-d965ccfc6d4b" outcome="Passed" testListId="8c84fa94-04c1-424b-9868-57a2d4851a1d" relativeResultsDirectory="b2f5a2a1-5b65-4f55-b6ca-ce7455c689c0" />
    <UnitTestResult executionId="b4bbc62b-ec80-471f-ae70-01353fc2bf86" testId="7904d1b1-607e-2d6f-5674-db51ba40f01a" testName="EndpointFieldAssignedFromStringParameter(&quot;{endpoint}&quot;,&quot;endpoint&quot;)" computerName="pkrvmxyh4eaekms" duration="00:00:00.0129870" startTime="2025-06-24T21:13:33.9345212+00:00" endTime="2025-06-24T21:13:33.9475081+00:00" testType="13cdc9d9-ddb5-4fa4-a97d-d965ccfc6d4b" outcome="Passed" testListId="8c84fa94-04c1-424b-9868-57a2d4851a1d" relativeResultsDirectory="b4bbc62b-ec80-471f-ae70-01353fc2bf86" />
    <UnitTestResult executionId="b06dc2a7-7c62-400a-b358-c2179c9add6d" testId="3c2bfb64-9df6-3696-771c-f9828b5d3e4d" testName="CanReplaceStructMethod(False)" computerName="pkrvmxyh4eaekms" duration="00:00:00.0878750" startTime="2025-06-24T21:13:33.7860226+00:00" endTime="2025-06-24T21:13:33.8738962+00:00" testType="13cdc9d9-ddb5-4fa4-a97d-d965ccfc6d4b" outcome="Passed" testListId="8c84fa94-04c1-424b-9868-57a2d4851a1d" relativeResultsDirectory="b06dc2a7-7c62-400a-b358-c2179c9add6d" />
    <UnitTestResult executionId="6e553582-d758-45dd-88d3-aab7df02e74b" testId="78a6b582-b368-300f-7454-3b6c6e2452ac" testName="ValidateToEnumMethodsExtensible(Microsoft.TypeSpec.Generator.Input.InputEnumType)" computerName="pkrvmxyh4eaekms" duration="00:00:00.0043970" startTime="2025-06-24T21:13:34.9062069+00:00" endTime="2025-06-24T21:13:34.9106033+00:00" testType="13cdc9d9-ddb5-4fa4-a97d-d965ccfc6d4b" outcome="Passed" testListId="8c84fa94-04c1-424b-9868-57a2d4851a1d" relativeResultsDirectory="6e553582-d758-45dd-88d3-aab7df02e74b" />
    <UnitTestResult executionId="64a74e03-d6fb-4bb8-b57d-e71c61037be6" testId="cf04794a-c01e-27c1-a035-6828d1035adc" testName="AppendPath_Bool(&quot;http://localhost&quot;,True,True,&quot;http://localhost/true&quot;)" computerName="pkrvmxyh4eaekms" duration="00:00:00.0040130" startTime="2025-06-24T21:13:34.4506696+00:00" endTime="2025-06-24T21:13:34.4546827+00:00" testType="13cdc9d9-ddb5-4fa4-a97d-d965ccfc6d4b" outcome="Passed" testListId="8c84fa94-04c1-424b-9868-57a2d4851a1d" relativeResultsDirectory="64a74e03-d6fb-4bb8-b57d-e71c61037be6" />
    <UnitTestResult executionId="853af5a6-d340-4498-8063-85510ff6a59a" testId="52f43070-5fba-489a-4c2a-6329fcf8bea7" testName="CanReplaceSerializationMethod" computerName="pkrvmxyh4eaekms" duration="00:00:00.1372010" startTime="2025-06-24T21:13:38.1780796+00:00" endTime="2025-06-24T21:13:38.3152799+00:00" testType="13cdc9d9-ddb5-4fa4-a97d-d965ccfc6d4b" outcome="Passed" testListId="8c84fa94-04c1-424b-9868-57a2d4851a1d" relativeResultsDirectory="853af5a6-d340-4498-8063-85510ff6a59a" />
    <UnitTestResult executionId="33aeb52e-97c7-42e5-ba6f-b3e6865fd635" testId="336f215a-f7e1-0f44-750d-f4db67f466ef" testName="RequestBodyConstructedRespectingRequestContentApi(Microsoft.TypeSpec.Generator.Input.InputDictionaryType)" computerName="pkrvmxyh4eaekms" duration="00:00:00.0026780" startTime="2025-06-24T21:13:38.6990962+00:00" endTime="2025-06-24T21:13:38.7017739+00:00" testType="13cdc9d9-ddb5-4fa4-a97d-d965ccfc6d4b" outcome="Passed" testListId="8c84fa94-04c1-424b-9868-57a2d4851a1d" relativeResultsDirectory="33aeb52e-97c7-42e5-ba6f-b3e6865fd635" />
    <UnitTestResult executionId="79542c9f-54fb-491a-a2aa-5f00bc5d83a0" testId="4b263b67-44cb-8b8f-e3e0-1151d2d64a6c" testName="ResetThenAppendQuery(&quot;http://localhost/some&quot;,&quot;one|1|two|2&quot;,&quot;http://localhost/some?one=1&amp;two=2&quot;)" computerName="pkrvmxyh4eaekms" duration="00:00:00.0001399" startTime="2025-06-24T21:13:34.5459498+00:00" endTime="2025-06-24T21:13:34.5460896+00:00" testType="13cdc9d9-ddb5-4fa4-a97d-d965ccfc6d4b" outcome="Passed" testListId="8c84fa94-04c1-424b-9868-57a2d4851a1d" relativeResultsDirectory="79542c9f-54fb-491a-a2aa-5f00bc5d83a0" />
    <UnitTestResult executionId="93709350-5f3f-4931-9e34-8496f6c7defc" testId="0b1c2648-88af-4fbe-ba80-ea65bae2d4b0" testName="RequestOptionsIsOptionalWhenNoConvenience" computerName="pkrvmxyh4eaekms" duration="00:00:00.0021340" startTime="2025-06-24T21:13:38.7165068+00:00" endTime="2025-06-24T21:13:38.7186404+00:00" testType="13cdc9d9-ddb5-4fa4-a97d-d965ccfc6d4b" outcome="Passed" testListId="8c84fa94-04c1-424b-9868-57a2d4851a1d" relativeResultsDirectory="93709350-5f3f-4931-9e34-8496f6c7defc" />
    <UnitTestResult executionId="afab087e-58ba-4388-a277-910acd6086d8" testId="34bfcbdb-a9fe-5904-aaae-9b92562a47e4" testName="TestBuildCreateRequestMethodWithPaging(False)" computerName="pkrvmxyh4eaekms" duration="00:00:00.0029250" startTime="2025-06-24T21:13:38.5671017+00:00" endTime="2025-06-24T21:13:38.5700270+00:00" testType="13cdc9d9-ddb5-4fa4-a97d-d965ccfc6d4b" outcome="Passed" testListId="8c84fa94-04c1-424b-9868-57a2d4851a1d" relativeResultsDirectory="afab087e-58ba-4388-a277-910acd6086d8" />
    <UnitTestResult executionId="7e18b11c-32b4-472b-b2b3-e8be74a3ae15" testId="b609376b-7120-8e6a-b5d2-5cbe021250c9" testName="AppendPathDelimited_StringArray(&quot;http://localhost&quot;,[&quot;hello&quot;, &quot;world&quot;],&quot;,&quot;,True,&quot;http://localhost/hello%2Cworld&quot;)" computerName="pkrvmxyh4eaekms" duration="00:00:00.0113530" startTime="2025-06-24T21:13:34.5067999+00:00" endTime="2025-06-24T21:13:34.5181524+00:00" testType="13cdc9d9-ddb5-4fa4-a97d-d965ccfc6d4b" outcome="Passed" testListId="8c84fa94-04c1-424b-9868-57a2d4851a1d" relativeResultsDirectory="7e18b11c-32b4-472b-b2b3-e8be74a3ae15" />
    <UnitTestResult executionId="7d4b0d1d-dd3f-4540-86e4-8b5dc1e1c503" testId="6a9d48da-ce15-7c73-da5e-020c6bba6713" testName="ResetThenAppendPath(&quot;http://localhost/with&quot;,&quot;/path/&quot;,&quot;http://localhost/with/path/&quot;)" computerName="pkrvmxyh4eaekms" duration="00:00:00.0002020" startTime="2025-06-24T21:13:34.5404189+00:00" endTime="2025-06-24T21:13:34.5406208+00:00" testType="13cdc9d9-ddb5-4fa4-a97d-d965ccfc6d4b" outcome="Passed" testListId="8c84fa94-04c1-424b-9868-57a2d4851a1d" relativeResultsDirectory="7d4b0d1d-dd3f-4540-86e4-8b5dc1e1c503" />
    <UnitTestResult executionId="f9b3128d-5d44-4550-827f-4cf0e27d8fef" testId="e68f0fb3-29fa-f4a6-5af8-0a4a2c152ae4" testName="AppendPath_TimeSpan(&quot;http://localhost&quot;,&quot;02:15:00&quot;,&quot;&quot;,False,&quot;http://localhost/02:15:00&quot;)" computerName="pkrvmxyh4eaekms" duration="00:00:00.0001290" startTime="2025-06-24T21:13:34.5047058+00:00" endTime="2025-06-24T21:13:34.5048345+00:00" testType="13cdc9d9-ddb5-4fa4-a97d-d965ccfc6d4b" outcome="Passed" testListId="8c84fa94-04c1-424b-9868-57a2d4851a1d" relativeResultsDirectory="f9b3128d-5d44-4550-827f-4cf0e27d8fef" />
    <UnitTestResult executionId="6b7ea49e-3619-44e2-9046-f5ad0047020a" testId="e11309ac-b0a6-8c39-60d7-dba8677b0b69" testName="ResetThenAppendPath(&quot;http://localhost:12345/with/&quot;,null,&quot;http://localhost:12345/with/&quot;)" computerName="pkrvmxyh4eaekms" duration="00:00:00.0002010" startTime="2025-06-24T21:13:34.5357088+00:00" endTime="2025-06-24T21:13:34.5359096+00:00" testType="13cdc9d9-ddb5-4fa4-a97d-d965ccfc6d4b" outcome="Passed" testListId="8c84fa94-04c1-424b-9868-57a2d4851a1d" relativeResultsDirectory="6b7ea49e-3619-44e2-9046-f5ad0047020a" />
    <UnitTestResult executionId="9afa2c12-3d89-4d0f-8489-4e4b81977a61" testId="b58d0b7f-c953-3548-e48d-1e7873d59a4d" testName="AppendQuery_Long(&quot;http://localhost&quot;,299792458000000L,False,&quot;http://localhost/?query=299792458000000&quot;)" computerName="pkrvmxyh4eaekms" duration="00:00:00.0004990" startTime="2025-06-24T21:13:34.5284544+00:00" endTime="2025-06-24T21:13:34.5289536+00:00" testType="13cdc9d9-ddb5-4fa4-a97d-d965ccfc6d4b" outcome="Passed" testListId="8c84fa94-04c1-424b-9868-57a2d4851a1d" relativeResultsDirectory="9afa2c12-3d89-4d0f-8489-4e4b81977a61" />
    <UnitTestResult executionId="cc4740ac-71f8-4cf5-8bf0-5df8a0d38fbc" testId="2e3d963d-2c88-d01e-672b-3e7de3778e63" testName="AppendQuery_TimeSpan(&quot;http://localhost&quot;,&quot;02:15:00&quot;,&quot;P&quot;,True,&quot;http://localhost/?query=PT2H15M&quot;)" computerName="pkrvmxyh4eaekms" duration="00:00:00.0005070" startTime="2025-06-24T21:13:34.5293838+00:00" endTime="2025-06-24T21:13:34.5298909+00:00" testType="13cdc9d9-ddb5-4fa4-a97d-d965ccfc6d4b" outcome="Passed" testListId="8c84fa94-04c1-424b-9868-57a2d4851a1d" relativeResultsDirectory="cc4740ac-71f8-4cf5-8bf0-5df8a0d38fbc" />
    <UnitTestResult executionId="61d6e98b-495d-423e-ac54-e59e266dc8a9" testId="24a6ee56-00ee-be62-7065-a28f8e048c75" testName="AppendPath_ByteArray(&quot;http://localhost&quot;,[104, 101, 108, 108, 111],&quot;U&quot;,False,&quot;http://localhost/aGVsbG8&quot;)" computerName="pkrvmxyh4eaekms" duration="00:00:00.0001120" startTime="2025-06-24T21:13:34.4572984+00:00" endTime="2025-06-24T21:13:34.4574105+00:00" testType="13cdc9d9-ddb5-4fa4-a97d-d965ccfc6d4b" outcome="Passed" testListId="8c84fa94-04c1-424b-9868-57a2d4851a1d" relativeResultsDirectory="61d6e98b-495d-423e-ac54-e59e266dc8a9" />
    <UnitTestResult executionId="25bbf1dc-b6cb-48ba-b549-a451d274ad10" testId="d5bf2cba-f614-6dc7-c8b0-5dc8f1b0688a" testName="RoundTripWithJsonInterfaceNonGeneric(&quot;J&quot;)" computerName="pkrvmxyh4eaekms" duration="00:00:00.0339319" startTime="2025-06-24T21:13:29.9982000+00:00" endTime="2025-06-24T21:13:30.0321313+00:00" testType="13cdc9d9-ddb5-4fa4-a97d-d965ccfc6d4b" outcome="Passed" testListId="8c84fa94-04c1-424b-9868-57a2d4851a1d" relativeResultsDirectory="25bbf1dc-b6cb-48ba-b549-a451d274ad10" />
    <UnitTestResult executionId="6e99d156-90ff-45a7-b420-68fe4e0d4c4a" testId="2be290df-7d92-5723-935e-13156fa041e9" testName="TestBuildConstructors_PrimaryConstructor(System.Collections.Generic.List`1[Microsoft.TypeSpec.Generator.Input.InputParameter])" computerName="pkrvmxyh4eaekms" duration="00:00:00.0021750" startTime="2025-06-24T21:13:34.1527050+00:00" endTime="2025-06-24T21:13:34.1548796+00:00" testType="13cdc9d9-ddb5-4fa4-a97d-d965ccfc6d4b" outcome="Passed" testListId="8c84fa94-04c1-424b-9868-57a2d4851a1d" relativeResultsDirectory="6e99d156-90ff-45a7-b420-68fe4e0d4c4a" />
    <UnitTestResult executionId="cfb10e04-e750-4329-b94d-f56879303b58" testId="0b777eee-ee01-cd28-6e26-18a5f04014f3" testName="RequestBodyConstructedRespectingRequestContentApi(Microsoft.TypeSpec.Generator.Input.InputArrayType)" computerName="pkrvmxyh4eaekms" duration="00:00:00.0032520" startTime="2025-06-24T21:13:38.6938169+00:00" endTime="2025-06-24T21:13:38.6970682+00:00" testType="13cdc9d9-ddb5-4fa4-a97d-d965ccfc6d4b" outcome="Passed" testListId="8c84fa94-04c1-424b-9868-57a2d4851a1d" relativeResultsDirectory="cfb10e04-e750-4329-b94d-f56879303b58" />
    <UnitTestResult executionId="6657a6eb-b153-4c4c-bd58-d8a1caef2037" testId="c8fc9c05-b337-f71c-e51f-ac57c6c487d9" testName="TestBuildPersistableModelCreateCoreMethod(True)" computerName="pkrvmxyh4eaekms" duration="00:00:00.0025790" startTime="2025-06-24T21:13:36.5951130+00:00" endTime="2025-06-24T21:13:36.5976921+00:00" testType="13cdc9d9-ddb5-4fa4-a97d-d965ccfc6d4b" outcome="Passed" testListId="8c84fa94-04c1-424b-9868-57a2d4851a1d" relativeResultsDirectory="6657a6eb-b153-4c4c-bd58-d8a1caef2037" />
    <UnitTestResult executionId="b49be703-9d0f-4939-a927-3344e7d3c325" testId="38d346dd-80f9-a0e9-6d16-c0c882a84d79" testName="UnknownVariantShouldPassKindToBase" computerName="pkrvmxyh4eaekms" duration="00:00:00.0024099" startTime="2025-06-24T21:13:35.2515867+00:00" endTime="2025-06-24T21:13:35.2539961+00:00" testType="13cdc9d9-ddb5-4fa4-a97d-d965ccfc6d4b" outcome="Passed" testListId="8c84fa94-04c1-424b-9868-57a2d4851a1d" relativeResultsDirectory="b49be703-9d0f-4939-a927-3344e7d3c325" />
    <UnitTestResult executionId="04e3f440-61da-42ec-aee2-cbe1eac05f93" testId="f45b0123-a5dd-fb53-d0d1-cdea3d2f2a2b" testName="ValidateToSerialMethodsFixed(Microsoft.TypeSpec.Generator.Input.InputEnumType)" computerName="pkrvmxyh4eaekms" duration="00:00:00.0008910" startTime="2025-06-24T21:13:34.9197519+00:00" endTime="2025-06-24T21:13:34.9206424+00:00" testType="13cdc9d9-ddb5-4fa4-a97d-d965ccfc6d4b" outcome="Passed" testListId="8c84fa94-04c1-424b-9868-57a2d4851a1d" relativeResultsDirectory="04e3f440-61da-42ec-aee2-cbe1eac05f93" />
    <UnitTestResult executionId="cdc914c7-c910-41fb-8647-26cfe001fdc7" testId="2654aba6-2f33-6b4b-7f64-3307a5068802" testName="HeaderParameterOptionality(False,True)" computerName="pkrvmxyh4eaekms" duration="00:00:00.0002750" startTime="2025-06-24T21:13:38.5611805+00:00" endTime="2025-06-24T21:13:38.5614558+00:00" testType="13cdc9d9-ddb5-4fa4-a97d-d965ccfc6d4b" outcome="Passed" testListId="8c84fa94-04c1-424b-9868-57a2d4851a1d" relativeResultsDirectory="cdc914c7-c910-41fb-8647-26cfe001fdc7" />
    <UnitTestResult executionId="dad1e93e-f094-4373-9c84-5db40b272577" testId="bfaa7edb-4a04-4e67-1fba-886c635c7198" testName="ResetThenAppendPathThenAppendQuery(&quot;http://localhost&quot;,&quot;/some&quot;,&quot;one|1|two|2&quot;,&quot;http://localhost/some?one=1&amp;two=2&quot;)" computerName="pkrvmxyh4eaekms" duration="00:00:00.0001030" startTime="2025-06-24T21:13:34.5429894+00:00" endTime="2025-06-24T21:13:34.5430926+00:00" testType="13cdc9d9-ddb5-4fa4-a97d-d965ccfc6d4b" outcome="Passed" testListId="8c84fa94-04c1-424b-9868-57a2d4851a1d" relativeResultsDirectory="dad1e93e-f094-4373-9c84-5db40b272577" />
    <UnitTestResult executionId="fbedb0ae-b652-4827-9262-6d2de2a6d0fc" testId="647a6e46-5887-fcbd-09f2-cc660f744507" testName="CanCustomizeSerializationMethodForPropertyInBase" computerName="pkrvmxyh4eaekms" duration="00:00:00.0749330" startTime="2025-06-24T21:13:37.8959119+00:00" endTime="2025-06-24T21:13:37.9708444+00:00" testType="13cdc9d9-ddb5-4fa4-a97d-d965ccfc6d4b" outcome="Passed" testListId="8c84fa94-04c1-424b-9868-57a2d4851a1d" relativeResultsDirectory="fbedb0ae-b652-4827-9262-6d2de2a6d0fc" />
    <UnitTestResult executionId="5e7c7f0d-9a99-469b-97fb-679dd06ce8d6" testId="52b9b455-2407-4953-cf47-5a45fd633d82" testName="ValidateConvertToString(null,-299792458L,&quot;-299792458&quot;)" computerName="pkrvmxyh4eaekms" duration="00:00:00.0001330" startTime="2025-06-24T21:13:38.7429966+00:00" endTime="2025-06-24T21:13:38.7431295+00:00" testType="13cdc9d9-ddb5-4fa4-a97d-d965ccfc6d4b" outcome="Passed" testListId="8c84fa94-04c1-424b-9868-57a2d4851a1d" relativeResultsDirectory="5e7c7f0d-9a99-469b-97fb-679dd06ce8d6" />
    <UnitTestResult executionId="c8cd1727-51a5-4eeb-8450-961d44f73f42" testId="24604567-4b6e-b992-6f71-b271977ed625" testName="RoundTripWithModelInterfaceNonGeneric(&quot;W&quot;)" computerName="pkrvmxyh4eaekms" duration="00:00:00.0009640" startTime="2025-06-24T21:13:30.2851838+00:00" endTime="2025-06-24T21:13:30.2861475+00:00" testType="13cdc9d9-ddb5-4fa4-a97d-d965ccfc6d4b" outcome="Passed" testListId="8c84fa94-04c1-424b-9868-57a2d4851a1d" relativeResultsDirectory="c8cd1727-51a5-4eeb-8450-961d44f73f42" />
    <UnitTestResult executionId="a9aa232f-4feb-4748-b135-ed026ebc927d" testId="1521db92-d0ad-eb1f-ad0c-05a73782449b" testName="ResetThenAppendQuery(&quot;http://localhost:12345&quot;,&quot;one|1&quot;,&quot;http://localhost:12345/?one=1&quot;)" computerName="pkrvmxyh4eaekms" duration="00:00:00.0003720" startTime="2025-06-24T21:13:34.5442472+00:00" endTime="2025-06-24T21:13:34.5446188+00:00" testType="13cdc9d9-ddb5-4fa4-a97d-d965ccfc6d4b" outcome="Passed" testListId="8c84fa94-04c1-424b-9868-57a2d4851a1d" relativeResultsDirectory="a9aa232f-4feb-4748-b135-ed026ebc927d" />
    <UnitTestResult executionId="fc3904cd-1ede-4105-9dfd-9a09cead9dd4" testId="ab54bdd7-dd50-11cb-626a-bab70cc89d7f" testName="ListMethodWithEnumParameter(False,Header)" computerName="pkrvmxyh4eaekms" duration="00:00:00.0044240" startTime="2025-06-24T21:13:38.6420314+00:00" endTime="2025-06-24T21:13:38.6464553+00:00" testType="13cdc9d9-ddb5-4fa4-a97d-d965ccfc6d4b" outcome="Passed" testListId="8c84fa94-04c1-424b-9868-57a2d4851a1d" relativeResultsDirectory="fc3904cd-1ede-4105-9dfd-9a09cead9dd4" />
    <UnitTestResult executionId="1f2dab64-aed5-41dd-9ef9-05583d21e107" testId="9e2a9f15-4488-46b5-d65a-ca258ef40110" testName="RoundTripWithJsonInterfaceOfT(&quot;J&quot;)" computerName="pkrvmxyh4eaekms" duration="00:00:00.0023509" startTime="2025-06-24T21:13:30.1965852+00:00" endTime="2025-06-24T21:13:30.1989363+00:00" testType="13cdc9d9-ddb5-4fa4-a97d-d965ccfc6d4b" outcome="Passed" testListId="8c84fa94-04c1-424b-9868-57a2d4851a1d" relativeResultsDirectory="1f2dab64-aed5-41dd-9ef9-05583d21e107" />
    <UnitTestResult executionId="0b963242-681c-4c4b-a745-ded250b8e9d7" testId="304239fc-7054-9e5d-eba6-2bd02a709820" testName="SubClientWithMultipleSubClients" computerName="pkrvmxyh4eaekms" duration="00:00:00.0022450" startTime="2025-06-24T21:13:33.8887434+00:00" endTime="2025-06-24T21:13:33.8909884+00:00" testType="13cdc9d9-ddb5-4fa4-a97d-d965ccfc6d4b" outcome="Passed" testListId="8c84fa94-04c1-424b-9868-57a2d4851a1d" relativeResultsDirectory="0b963242-681c-4c4b-a745-ded250b8e9d7" />
    <UnitTestResult executionId="a7b327a9-1d74-4312-bdb8-61754a74a27f" testId="165bb218-c429-9fa2-af30-547e3f724514" testName="AppendQuery_DateTimeOffset(&quot;http://localhost&quot;,&quot;6/30/1905 1:14:00 PM +00:00&quot;,&quot;D&quot;,False,&quot;http://localhost/?query=1905-06-30&quot;)" computerName="pkrvmxyh4eaekms" duration="00:00:00.0001140" startTime="2025-06-24T21:13:34.5227195+00:00" endTime="2025-06-24T21:13:34.5228329+00:00" testType="13cdc9d9-ddb5-4fa4-a97d-d965ccfc6d4b" outcome="Passed" testListId="8c84fa94-04c1-424b-9868-57a2d4851a1d" relativeResultsDirectory="a7b327a9-1d74-4312-bdb8-61754a74a27f" />
    <UnitTestResult executionId="bbad4660-4d2d-4f5e-a0a7-d30def974d55" testId="9e58d1b2-456d-53b1-789d-a8a13edb1755" testName="RoundTripWithJsonInterfaceUtf8Reader(&quot;W&quot;)" computerName="pkrvmxyh4eaekms" duration="00:00:00.0010120" startTime="2025-06-24T21:13:30.2481265+00:00" endTime="2025-06-24T21:13:30.2491387+00:00" testType="13cdc9d9-ddb5-4fa4-a97d-d965ccfc6d4b" outcome="Passed" testListId="8c84fa94-04c1-424b-9868-57a2d4851a1d" relativeResultsDirectory="bbad4660-4d2d-4f5e-a0a7-d30def974d55" />
    <UnitTestResult executionId="fcad3847-aa2c-479f-a744-7721e7dd3400" testId="a796d7f5-984c-823a-3844-ddc6f7370e1a" testName="AppendPath_DateTimeOffset(&quot;http://localhost&quot;,&quot;6/30/1905 1:14:00 PM +00:00&quot;,&quot;U&quot;,False,&quot;http://localhost/-2035622760&quot;)" computerName="pkrvmxyh4eaekms" duration="00:00:00.0001060" startTime="2025-06-24T21:13:34.4617517+00:00" endTime="2025-06-24T21:13:34.4618580+00:00" testType="13cdc9d9-ddb5-4fa4-a97d-d965ccfc6d4b" outcome="Passed" testListId="8c84fa94-04c1-424b-9868-57a2d4851a1d" relativeResultsDirectory="fcad3847-aa2c-479f-a744-7721e7dd3400" />
    <UnitTestResult executionId="7a69fb11-31d4-4c30-af9c-6366ffbbf810" testId="94a4d560-7e61-7129-d667-18a8b19b10da" testName="ResetThenAppendQueryThenAppendPath(&quot;http://localhost:12345&quot;,&quot;/some/&quot;,&quot;one|1|two|2&quot;,&quot;http://localhost:12345/some/?one=1&amp;two=2&quot;)" computerName="pkrvmxyh4eaekms" duration="00:00:00.0001450" startTime="2025-06-24T21:13:34.5495311+00:00" endTime="2025-06-24T21:13:34.5496759+00:00" testType="13cdc9d9-ddb5-4fa4-a97d-d965ccfc6d4b" outcome="Passed" testListId="8c84fa94-04c1-424b-9868-57a2d4851a1d" relativeResultsDirectory="7a69fb11-31d4-4c30-af9c-6366ffbbf810" />
    <UnitTestResult executionId="7e4f7a46-a8b8-4338-bc7e-97ec2965ec12" testId="faf80909-a0ab-f142-10c5-3b6917abff3a" testName="TestBuildPersistableModelCreateMethod" computerName="pkrvmxyh4eaekms" duration="00:00:00.0024860" startTime="2025-06-24T21:13:36.6004705+00:00" endTime="2025-06-24T21:13:36.6029565+00:00" testType="13cdc9d9-ddb5-4fa4-a97d-d965ccfc6d4b" outcome="Passed" testListId="8c84fa94-04c1-424b-9868-57a2d4851a1d" relativeResultsDirectory="7e4f7a46-a8b8-4338-bc7e-97ec2965ec12" />
    <UnitTestResult executionId="0398836c-2c28-4088-a740-ee7d791e1b2c" testId="c07aed26-14d1-210f-7fca-c19609b25bf3" testName="RoundTripWithModelReaderWriterNonGeneric(&quot;W&quot;)" computerName="pkrvmxyh4eaekms" duration="00:00:00.0006350" startTime="2025-06-24T21:13:30.0633976+00:00" endTime="2025-06-24T21:13:30.0640327+00:00" testType="13cdc9d9-ddb5-4fa4-a97d-d965ccfc6d4b" outcome="Passed" testListId="8c84fa94-04c1-424b-9868-57a2d4851a1d" relativeResultsDirectory="0398836c-2c28-4088-a740-ee7d791e1b2c" />
    <UnitTestResult executionId="da0faf42-0c81-4dce-9266-4f00bdb2dc9d" testId="75c5c21e-f746-4e6e-81df-fc94bf156b92" testName="ValidateConvertToString(&quot;O&quot;,05/04/2020 03:02:01 +01:00,&quot;2020-05-04T02:02:01.1230000Z&quot;)" computerName="pkrvmxyh4eaekms" duration="00:00:00.0001360" startTime="2025-06-24T21:13:38.7437674+00:00" endTime="2025-06-24T21:13:38.7439037+00:00" testType="13cdc9d9-ddb5-4fa4-a97d-d965ccfc6d4b" outcome="Passed" testListId="8c84fa94-04c1-424b-9868-57a2d4851a1d" relativeResultsDirectory="da0faf42-0c81-4dce-9266-4f00bdb2dc9d" />
    <UnitTestResult executionId="ba077ff6-4359-4dea-8b46-3d16580687fb" testId="f55a233a-e14b-4380-52ae-c7ccd5e5efd5" testName="TestRequestOptionsParameterInSignature(Microsoft.TypeSpec.Generator.Input.InputBasicServiceMethod,False,True)" computerName="pkrvmxyh4eaekms" duration="00:00:00.0020180" startTime="2025-06-24T21:13:34.2466274+00:00" endTime="2025-06-24T21:13:34.2486455+00:00" testType="13cdc9d9-ddb5-4fa4-a97d-d965ccfc6d4b" outcome="Passed" testListId="8c84fa94-04c1-424b-9868-57a2d4851a1d" relativeResultsDirectory="ba077ff6-4359-4dea-8b46-3d16580687fb" />
    <UnitTestResult executionId="8e4a666c-5416-4521-8b1e-5039540e5edf" testId="955cd9c5-d10e-23d7-8d60-ef62fae1fbcc" testName="TestBuildFields(System.Collections.Generic.List`1[Microsoft.TypeSpec.Generator.Input.InputParameter],System.Collections.Generic.List`1[Microsoft.TypeSpec.Generator.ClientModel.Tests.Providers.ClientProviders.ClientProviderTests+ExpectedFieldProvider])" computerName="pkrvmxyh4eaekms" duration="00:00:00.0017160" startTime="2025-06-24T21:13:34.1789372+00:00" endTime="2025-06-24T21:13:34.1806529+00:00" testType="13cdc9d9-ddb5-4fa4-a97d-d965ccfc6d4b" outcome="Passed" testListId="8c84fa94-04c1-424b-9868-57a2d4851a1d" relativeResultsDirectory="8e4a666c-5416-4521-8b1e-5039540e5edf" />
    <UnitTestResult executionId="30bcc29a-9227-4c02-95b5-acd2d3c5082d" testId="e7a2272b-a298-7d90-48b8-d8225bf3cf86" testName="TestSubClientAccessorFactoryMethods(Microsoft.TypeSpec.Generator.Input.InputClient,True)" computerName="pkrvmxyh4eaekms" duration="00:00:00.0014440" startTime="2025-06-24T21:13:34.2666310+00:00" endTime="2025-06-24T21:13:34.2680746+00:00" testType="13cdc9d9-ddb5-4fa4-a97d-d965ccfc6d4b" outcome="Passed" testListId="8c84fa94-04c1-424b-9868-57a2d4851a1d" relativeResultsDirectory="30bcc29a-9227-4c02-95b5-acd2d3c5082d" />
    <UnitTestResult executionId="8d1e46b8-5112-4f3a-a902-8775ac18b829" testId="3d064911-8ce4-9ebd-478b-8d7a42aeaa1a" testName="TestBuildAuthFields_WithAuth(System.Collections.Generic.List`1[Microsoft.TypeSpec.Generator.Input.InputParameter])" computerName="pkrvmxyh4eaekms" duration="00:00:00.0017470" startTime="2025-06-24T21:13:34.0678993+00:00" endTime="2025-06-24T21:13:34.0696458+00:00" testType="13cdc9d9-ddb5-4fa4-a97d-d965ccfc6d4b" outcome="Passed" testListId="8c84fa94-04c1-424b-9868-57a2d4851a1d" relativeResultsDirectory="8d1e46b8-5112-4f3a-a902-8775ac18b829" />
    <UnitTestResult executionId="521412bb-a65b-4f70-b6e0-fd7c642409bd" testId="65ec0d1d-04b9-67af-7168-6d5dc4287ecb" testName="RoundTripWithJsonInterfaceNonGeneric(&quot;J&quot;)" computerName="pkrvmxyh4eaekms" duration="00:00:00.0049420" startTime="2025-06-24T21:13:30.2380071+00:00" endTime="2025-06-24T21:13:30.2429488+00:00" testType="13cdc9d9-ddb5-4fa4-a97d-d965ccfc6d4b" outcome="Passed" testListId="8c84fa94-04c1-424b-9868-57a2d4851a1d" relativeResultsDirectory="521412bb-a65b-4f70-b6e0-fd7c642409bd" />
    <UnitTestResult executionId="efb28813-eb19-424b-a262-166221f59d6f" testId="c82b7b83-2bf0-892d-6cf7-743b5ac7abdd" testName="RoundTripWithModelReaderWriterNonGeneric(&quot;J&quot;)" computerName="pkrvmxyh4eaekms" duration="00:00:00.0033490" startTime="2025-06-24T21:13:30.2288178+00:00" endTime="2025-06-24T21:13:30.2321665+00:00" testType="13cdc9d9-ddb5-4fa4-a97d-d965ccfc6d4b" outcome="Passed" testListId="8c84fa94-04c1-424b-9868-57a2d4851a1d" relativeResultsDirectory="efb28813-eb19-424b-a262-166221f59d6f" />
    <UnitTestResult executionId="b27d56d5-df3f-4ca7-bb13-2900d0be8008" testId="f340e295-f389-f4e4-e569-601715b5e578" testName="CanRemoveCachingField" computerName="pkrvmxyh4eaekms" duration="00:00:00.1378850" startTime="2025-06-24T21:13:33.3052494+00:00" endTime="2025-06-24T21:13:33.4431341+00:00" testType="13cdc9d9-ddb5-4fa4-a97d-d965ccfc6d4b" outcome="Passed" testListId="8c84fa94-04c1-424b-9868-57a2d4851a1d" relativeResultsDirectory="b27d56d5-df3f-4ca7-bb13-2900d0be8008" />
    <UnitTestResult executionId="bd027286-5332-4635-b93e-e7c6320d7a99" testId="a9afc559-32b2-53d2-9918-0db87b84238e" testName="AppendPath_Bool(&quot;http://localhost&quot;,False,False,&quot;http://localhost/false&quot;)" computerName="pkrvmxyh4eaekms" duration="00:00:00.0001430" startTime="2025-06-24T21:13:34.4553051+00:00" endTime="2025-06-24T21:13:34.4554484+00:00" testType="13cdc9d9-ddb5-4fa4-a97d-d965ccfc6d4b" outcome="Passed" testListId="8c84fa94-04c1-424b-9868-57a2d4851a1d" relativeResultsDirectory="bd027286-5332-4635-b93e-e7c6320d7a99" />
    <UnitTestResult executionId="55287c4e-b7f8-4044-8c91-db8c5d7f491d" testId="ddf1e243-012a-ed03-8059-39559923d5c3" testName="ClientProviderSummaryIsPopulated()" computerName="pkrvmxyh4eaekms" duration="00:00:00.0057260" startTime="2025-06-24T21:13:33.9039659+00:00" endTime="2025-06-24T21:13:33.9096920+00:00" testType="13cdc9d9-ddb5-4fa4-a97d-d965ccfc6d4b" outcome="Passed" testListId="8c84fa94-04c1-424b-9868-57a2d4851a1d" relativeResultsDirectory="55287c4e-b7f8-4044-8c91-db8c5d7f491d" />
    <UnitTestResult executionId="fb8a47ab-0e20-4c5d-ac26-decbc9158aaf" testId="977a139f-dcb4-f300-cb0f-ddd50fe5a9fc" testName="ResetThenAppendPath(&quot;http://localhost:12345/with/&quot;,&quot;/path/&quot;,&quot;http://localhost:12345/with/path/&quot;)" computerName="pkrvmxyh4eaekms" duration="00:00:00.0001990" startTime="2025-06-24T21:13:34.5410732+00:00" endTime="2025-06-24T21:13:34.5412718+00:00" testType="13cdc9d9-ddb5-4fa4-a97d-d965ccfc6d4b" outcome="Passed" testListId="8c84fa94-04c1-424b-9868-57a2d4851a1d" relativeResultsDirectory="fb8a47ab-0e20-4c5d-ac26-decbc9158aaf" />
    <UnitTestResult executionId="2c78ef3d-f204-4240-a307-d6e0c76358de" testId="ca7c7e07-d914-3d5b-78e0-4e9b1096ac8d" testName="ContinuationTokenInHeaderOfT" computerName="pkrvmxyh4eaekms" duration="00:00:00.0043640" startTime="2025-06-24T21:13:34.6142867+00:00" endTime="2025-06-24T21:13:34.6186509+00:00" testType="13cdc9d9-ddb5-4fa4-a97d-d965ccfc6d4b" outcome="Passed" testListId="8c84fa94-04c1-424b-9868-57a2d4851a1d" relativeResultsDirectory="2c78ef3d-f204-4240-a307-d6e0c76358de" />
    <UnitTestResult executionId="de59fae8-fad9-4ed1-97b9-99b6b9d44757" testId="7ff4f6fa-bb67-568f-9832-37c9203e56a4" testName="RoundTripWithJsonInterfaceUtf8ReaderNonGeneric(&quot;W&quot;)" computerName="pkrvmxyh4eaekms" duration="00:00:00.0010110" startTime="2025-06-24T21:13:30.2503786+00:00" endTime="2025-06-24T21:13:30.2513891+00:00" testType="13cdc9d9-ddb5-4fa4-a97d-d965ccfc6d4b" outcome="Passed" testListId="8c84fa94-04c1-424b-9868-57a2d4851a1d" relativeResultsDirectory="de59fae8-fad9-4ed1-97b9-99b6b9d44757" />
    <UnitTestResult executionId="a519bf85-9573-4a3c-b14c-f43c500d3891" testId="ce3202ff-b814-8931-693c-9cdadf50e8a5" testName="RoundTripWithModelReaderWriter(&quot;J&quot;)" computerName="pkrvmxyh4eaekms" duration="00:00:00.0022570" startTime="2025-06-24T21:13:30.2237381+00:00" endTime="2025-06-24T21:13:30.2259952+00:00" testType="13cdc9d9-ddb5-4fa4-a97d-d965ccfc6d4b" outcome="Passed" testListId="8c84fa94-04c1-424b-9868-57a2d4851a1d" relativeResultsDirectory="a519bf85-9573-4a3c-b14c-f43c500d3891" />
    <UnitTestResult executionId="e5d21b70-fa87-4161-82e0-8d6d8f457ba6" testId="c3dcfb2e-c252-7a4f-72bf-fca051c3ff2f" testName="ContinuationTokenInBodyAsync" computerName="pkrvmxyh4eaekms" duration="00:00:00.0059610" startTime="2025-06-24T21:13:34.5839859+00:00" endTime="2025-06-24T21:13:34.5899461+00:00" testType="13cdc9d9-ddb5-4fa4-a97d-d965ccfc6d4b" outcome="Passed" testListId="8c84fa94-04c1-424b-9868-57a2d4851a1d" relativeResultsDirectory="e5d21b70-fa87-4161-82e0-8d6d8f457ba6" />
    <UnitTestResult executionId="1c97c772-2f75-4086-9ae1-f0c23438ec80" testId="e2f241f3-f0df-b14e-8775-9cc120b5a97a" testName="FormatsDatesAsString(&quot;O&quot;,05/04/2020 03:02:01 +01:00,&quot;2020-05-04T02:02:01.1230000Z&quot;)" computerName="pkrvmxyh4eaekms" duration="00:00:00.0003330" startTime="2025-06-24T21:13:38.7362968+00:00" endTime="2025-06-24T21:13:38.7366298+00:00" testType="13cdc9d9-ddb5-4fa4-a97d-d965ccfc6d4b" outcome="Passed" testListId="8c84fa94-04c1-424b-9868-57a2d4851a1d" relativeResultsDirectory="1c97c772-2f75-4086-9ae1-f0c23438ec80" />
    <UnitTestResult executionId="1973b117-4cae-4b9a-a981-30285c85e309" testId="33209066-3de3-64a0-ea13-658396f21c88" testName="ValidateConvertToString(&quot;U&quot;,test,&quot;dGVzdA&quot;)" computerName="pkrvmxyh4eaekms" duration="00:00:00.0001420" startTime="2025-06-24T21:13:38.7458482+00:00" endTime="2025-06-24T21:13:38.7459902+00:00" testType="13cdc9d9-ddb5-4fa4-a97d-d965ccfc6d4b" outcome="Passed" testListId="8c84fa94-04c1-424b-9868-57a2d4851a1d" relativeResultsDirectory="1973b117-4cae-4b9a-a981-30285c85e309" />
    <UnitTestResult executionId="e19b5654-a777-4329-b4a9-9b2a6d6b850f" testId="3e62d79a-8b08-3538-6f63-1356805c57c5" testName="AppendQuery_Int(&quot;http://localhost&quot;,299792458,True,&quot;http://localhost/?query=299792458&quot;)" computerName="pkrvmxyh4eaekms" duration="00:00:00.0004240" startTime="2025-06-24T21:13:34.5265633+00:00" endTime="2025-06-24T21:13:34.5269876+00:00" testType="13cdc9d9-ddb5-4fa4-a97d-d965ccfc6d4b" outcome="Passed" testListId="8c84fa94-04c1-424b-9868-57a2d4851a1d" relativeResultsDirectory="e19b5654-a777-4329-b4a9-9b2a6d6b850f" />
    <UnitTestResult executionId="93abe60a-58a4-4acf-9432-3a4a15b0e6bc" testId="68ec2804-61d2-a820-b0f7-db77ab5e677a" testName="ThrowsIfUnknownFormat" computerName="pkrvmxyh4eaekms" duration="00:00:00.0005320" startTime="2025-06-24T21:13:30.0917628+00:00" endTime="2025-06-24T21:13:30.0922951+00:00" testType="13cdc9d9-ddb5-4fa4-a97d-d965ccfc6d4b" outcome="Passed" testListId="8c84fa94-04c1-424b-9868-57a2d4851a1d" relativeResultsDirectory="93abe60a-58a4-4acf-9432-3a4a15b0e6bc" />
    <UnitTestResult executionId="45135b1f-f141-47dc-9359-b9023e50079f" testId="27dd74a8-22cf-ae92-39e4-ce5ef087ac4d" testName="ResetThenAppendPath(&quot;http://localhost&quot;,&quot;path&quot;,&quot;http://localhost/path&quot;)" computerName="pkrvmxyh4eaekms" duration="00:00:00.0001960" startTime="2025-06-24T21:13:34.5359278+00:00" endTime="2025-06-24T21:13:34.5361239+00:00" testType="13cdc9d9-ddb5-4fa4-a97d-d965ccfc6d4b" outcome="Passed" testListId="8c84fa94-04c1-424b-9868-57a2d4851a1d" relativeResultsDirectory="45135b1f-f141-47dc-9359-b9023e50079f" />
    <UnitTestResult executionId="4af35f25-7197-40eb-a89f-92b065f2b60d" testId="a965f6f8-e0e8-6318-0a00-0dae62d3e6f2" testName="TestBuildJsonModelCreateCoreMethod(False)" computerName="pkrvmxyh4eaekms" duration="00:00:00.0018580" startTime="2025-06-24T21:13:36.5813380+00:00" endTime="2025-06-24T21:13:36.5831960+00:00" testType="13cdc9d9-ddb5-4fa4-a97d-d965ccfc6d4b" outcome="Passed" testListId="8c84fa94-04c1-424b-9868-57a2d4851a1d" relativeResultsDirectory="4af35f25-7197-40eb-a89f-92b065f2b60d" />
    <UnitTestResult executionId="26a97770-537f-41ad-b25d-6783e181f6de" testId="19c8ef68-77a7-4e1b-7e89-0933712f66d1" testName="TestIntSerializationStatement(Int8,&quot;string&quot;)" computerName="pkrvmxyh4eaekms" duration="00:00:00.0015050" startTime="2025-06-24T21:13:36.6492463+00:00" endTime="2025-06-24T21:13:36.6507515+00:00" testType="13cdc9d9-ddb5-4fa4-a97d-d965ccfc6d4b" outcome="Passed" testListId="8c84fa94-04c1-424b-9868-57a2d4851a1d" relativeResultsDirectory="26a97770-537f-41ad-b25d-6783e181f6de" />
    <UnitTestResult executionId="8c87b42b-ded3-4b03-8e1f-7468433ae085" testId="2e7b08ab-c8fd-c1df-cb2f-8157e0c92849" testName="RoundTripWithModelReaderWriter(&quot;J&quot;)" computerName="pkrvmxyh4eaekms" duration="00:00:00.0010940" startTime="2025-06-24T21:13:30.2861955+00:00" endTime="2025-06-24T21:13:30.2872889+00:00" testType="13cdc9d9-ddb5-4fa4-a97d-d965ccfc6d4b" outcome="Passed" testListId="8c84fa94-04c1-424b-9868-57a2d4851a1d" relativeResultsDirectory="8c87b42b-ded3-4b03-8e1f-7468433ae085" />
    <UnitTestResult executionId="2365bd42-3f35-49c2-a847-1aecdd3f541a" testId="76047b41-0e4d-e4f0-081c-d902d04aad22" testName="ResetThenAppendQuery(&quot;http://localhost&quot;,&quot;one|1|two|2&quot;,&quot;http://localhost/?one=1&amp;two=2&quot;)" computerName="pkrvmxyh4eaekms" duration="00:00:00.0001399" startTime="2025-06-24T21:13:34.5456341+00:00" endTime="2025-06-24T21:13:34.5457740+00:00" testType="13cdc9d9-ddb5-4fa4-a97d-d965ccfc6d4b" outcome="Passed" testListId="8c84fa94-04c1-424b-9868-57a2d4851a1d" relativeResultsDirectory="2365bd42-3f35-49c2-a847-1aecdd3f541a" />
    <UnitTestResult executionId="1a044543-ad87-4e52-85ab-ca77d94c9d36" testId="40d1042c-a09f-e848-c8e7-24cb9c43e893" testName="NullClientProviderIsNotAddedToLibrary()" computerName="pkrvmxyh4eaekms" duration="00:00:00.0055059" startTime="2025-06-24T21:13:33.9773825+00:00" endTime="2025-06-24T21:13:33.9828882+00:00" testType="13cdc9d9-ddb5-4fa4-a97d-d965ccfc6d4b" outcome="Passed" testListId="8c84fa94-04c1-424b-9868-57a2d4851a1d" relativeResultsDirectory="1a044543-ad87-4e52-85ab-ca77d94c9d36" />
    <UnitTestResult executionId="95c78332-2c59-485d-ab4a-d602b484dc4c" testId="7c3720c5-94a3-4796-f141-9da3b939ea0f" testName="RoundTripWithModelReaderWriterNonGeneric(&quot;J&quot;)" computerName="pkrvmxyh4eaekms" duration="00:00:00.0016570" startTime="2025-06-24T21:13:30.0617239+00:00" endTime="2025-06-24T21:13:30.0633809+00:00" testType="13cdc9d9-ddb5-4fa4-a97d-d965ccfc6d4b" outcome="Passed" testListId="8c84fa94-04c1-424b-9868-57a2d4851a1d" relativeResultsDirectory="95c78332-2c59-485d-ab4a-d602b484dc4c" />
    <UnitTestResult executionId="b4bc33a9-9a00-4057-8af5-2344f17cc816" testId="3936cffd-461a-434b-847d-904ad236cf5a" testName="RoundTripWithModelCast(&quot;W&quot;)" computerName="pkrvmxyh4eaekms" duration="00:00:00.0010860" startTime="2025-06-24T21:13:30.2810560+00:00" endTime="2025-06-24T21:13:30.2821417+00:00" testType="13cdc9d9-ddb5-4fa4-a97d-d965ccfc6d4b" outcome="Passed" testListId="8c84fa94-04c1-424b-9868-57a2d4851a1d" relativeResultsDirectory="b4bc33a9-9a00-4057-8af5-2344f17cc816" />
    <UnitTestResult executionId="22507258-d2a0-45e4-97d9-6454e29f5464" testId="e311daf6-420e-d072-6122-320316529cb7" testName="TestBuildPersistableModelWriteCoreMethod(True)" computerName="pkrvmxyh4eaekms" duration="00:00:00.0025490" startTime="2025-06-24T21:13:36.6106668+00:00" endTime="2025-06-24T21:13:36.6132160+00:00" testType="13cdc9d9-ddb5-4fa4-a97d-d965ccfc6d4b" outcome="Passed" testListId="8c84fa94-04c1-424b-9868-57a2d4851a1d" relativeResultsDirectory="22507258-d2a0-45e4-97d9-6454e29f5464" />
    <UnitTestResult executionId="8ccdf302-e2d7-474b-97c1-0db963cbed2f" testId="16a111f5-0eb5-7e54-3f99-07defee92367" testName="TestReadOnlyPropertiesHaveWireCheck(True)" computerName="pkrvmxyh4eaekms" duration="00:00:00.0046860" startTime="2025-06-24T21:13:36.6634778+00:00" endTime="2025-06-24T21:13:36.6681637+00:00" testType="13cdc9d9-ddb5-4fa4-a97d-d965ccfc6d4b" outcome="Passed" testListId="8c84fa94-04c1-424b-9868-57a2d4851a1d" relativeResultsDirectory="8ccdf302-e2d7-474b-97c1-0db963cbed2f" />
    <UnitTestResult executionId="59e91c15-7997-4f77-8b6f-b45e92b62357" testId="75ea94fd-3e39-2426-5e3d-01bde1d3cfe1" testName="TestBuildConstructors_SecondaryConstructor(System.Collections.Generic.List`1[Microsoft.TypeSpec.Generator.Input.InputParameter])" computerName="pkrvmxyh4eaekms" duration="00:00:00.0019190" startTime="2025-06-24T21:13:34.1610866+00:00" endTime="2025-06-24T21:13:34.1630057+00:00" testType="13cdc9d9-ddb5-4fa4-a97d-d965ccfc6d4b" outcome="Passed" testListId="8c84fa94-04c1-424b-9868-57a2d4851a1d" relativeResultsDirectory="59e91c15-7997-4f77-8b6f-b45e92b62357" />
    <UnitTestResult executionId="a15c4e1e-ffcd-4463-baca-4bb822a371e9" testId="a1a9272a-f5a6-a0e8-35cb-eb9bf62ba30a" testName="RoundTripWithJsonInterfaceUtf8Reader(&quot;J&quot;)" computerName="pkrvmxyh4eaekms" duration="00:00:00.0016440" startTime="2025-06-24T21:13:30.2464659+00:00" endTime="2025-06-24T21:13:30.2481093+00:00" testType="13cdc9d9-ddb5-4fa4-a97d-d965ccfc6d4b" outcome="Passed" testListId="8c84fa94-04c1-424b-9868-57a2d4851a1d" relativeResultsDirectory="a15c4e1e-ffcd-4463-baca-4bb822a371e9" />
    <UnitTestResult executionId="6c11c508-7953-4614-ad7f-efdb0a30131b" testId="9dc477ec-e1a1-d66d-01b6-1f6f67046bad" testName="TestDefaultCSharpMethodCollection(Microsoft.TypeSpec.Generator.Input.InputBasicServiceMethod)" computerName="pkrvmxyh4eaekms" duration="00:00:00.0035410" startTime="2025-06-24T21:13:38.7275768+00:00" endTime="2025-06-24T21:13:38.7311170+00:00" testType="13cdc9d9-ddb5-4fa4-a97d-d965ccfc6d4b" outcome="Passed" testListId="8c84fa94-04c1-424b-9868-57a2d4851a1d" relativeResultsDirectory="6c11c508-7953-4614-ad7f-efdb0a30131b" />
    <UnitTestResult executionId="156d314e-5a91-4093-bc82-db9b948d014c" testId="b958a41f-27f6-e471-1bf7-24003919c637" testName="TestIntSerializationStatement(SafeInt,null)" computerName="pkrvmxyh4eaekms" duration="00:00:00.0015000" startTime="2025-06-24T21:13:36.6477134+00:00" endTime="2025-06-24T21:13:36.6492138+00:00" testType="13cdc9d9-ddb5-4fa4-a97d-d965ccfc6d4b" outcome="Passed" testListId="8c84fa94-04c1-424b-9868-57a2d4851a1d" relativeResultsDirectory="156d314e-5a91-4093-bc82-db9b948d014c" />
    <UnitTestResult executionId="d6ec046f-de56-401a-a57f-584f960e1034" testId="e3f6b41b-723f-fe52-6ef5-10aa6556c371" testName="TestBuildAuthFields_SubClients_WithAuth(Microsoft.TypeSpec.Generator.Input.InputClient)" computerName="pkrvmxyh4eaekms" duration="00:00:00.0023609" startTime="2025-06-24T21:13:34.0404811+00:00" endTime="2025-06-24T21:13:34.0428421+00:00" testType="13cdc9d9-ddb5-4fa4-a97d-d965ccfc6d4b" outcome="Passed" testListId="8c84fa94-04c1-424b-9868-57a2d4851a1d" relativeResultsDirectory="d6ec046f-de56-401a-a57f-584f960e1034" />
    <UnitTestResult executionId="71dc5314-7b30-4b75-8b64-38117629c267" testId="8a0fca4b-0698-ebf3-6c49-81c7c04e748c" testName="TestBuildConstructor_ValidateConstructors" computerName="pkrvmxyh4eaekms" duration="00:00:00.0030360" startTime="2025-06-24T21:13:36.5571494+00:00" endTime="2025-06-24T21:13:36.5601852+00:00" testType="13cdc9d9-ddb5-4fa4-a97d-d965ccfc6d4b" outcome="Passed" testListId="8c84fa94-04c1-424b-9868-57a2d4851a1d" relativeResultsDirectory="71dc5314-7b30-4b75-8b64-38117629c267" />
    <UnitTestResult executionId="bb2b43d0-dfb2-461a-b8c5-76728c41c5cb" testId="d302d0d6-12ff-fd67-4af4-49feb7191209" testName="ResetThenAppendQueryThenAppendPath(&quot;http://localhost&quot;,&quot;/some/&quot;,&quot;one|1|two|2&quot;,&quot;http://localhost/some/?one=1&amp;two=2&quot;)" computerName="pkrvmxyh4eaekms" duration="00:00:00.0001299" startTime="2025-06-24T21:13:34.5493833+00:00" endTime="2025-06-24T21:13:34.5495134+00:00" testType="13cdc9d9-ddb5-4fa4-a97d-d965ccfc6d4b" outcome="Passed" testListId="8c84fa94-04c1-424b-9868-57a2d4851a1d" relativeResultsDirectory="bb2b43d0-dfb2-461a-b8c5-76728c41c5cb" />
    <UnitTestResult executionId="78b96a75-e8c9-41af-bccd-d22b51e0525f" testId="67e8750c-0d0a-c477-eb48-6ae9f2c03135" testName="AppendPathDelimited_StringArray(&quot;http://localhost&quot;,[&quot;hello&quot;, &quot;world&quot;],&quot;.&quot;,False,&quot;http://localhost/hello.world&quot;)" computerName="pkrvmxyh4eaekms" duration="00:00:00.0005580" startTime="2025-06-24T21:13:34.5182041+00:00" endTime="2025-06-24T21:13:34.5187624+00:00" testType="13cdc9d9-ddb5-4fa4-a97d-d965ccfc6d4b" outcome="Passed" testListId="8c84fa94-04c1-424b-9868-57a2d4851a1d" relativeResultsDirectory="78b96a75-e8c9-41af-bccd-d22b51e0525f" />
    <UnitTestResult executionId="af03c751-598f-427f-9d77-fea17e1ac6fe" testId="8ecd7c13-855a-e3bf-d91c-582f7181be86" testName="FormatsDatesAsJson(&quot;O&quot;,12/31/9999 23:59:59 +00:00,&quot;9999-12-31T23:59:59.9999999Z&quot;)" computerName="pkrvmxyh4eaekms" duration="00:00:00.0000850" startTime="2025-06-24T21:13:38.7351446+00:00" endTime="2025-06-24T21:13:38.7352296+00:00" testType="13cdc9d9-ddb5-4fa4-a97d-d965ccfc6d4b" outcome="Passed" testListId="8c84fa94-04c1-424b-9868-57a2d4851a1d" relativeResultsDirectory="af03c751-598f-427f-9d77-fea17e1ac6fe" />
    <UnitTestResult executionId="596656ff-abfb-4cec-b849-cb2ae3f1dbd4" testId="75ea94fd-3e39-2426-5e3d-01bde1d3cfe1" testName="TestBuildConstructors_SecondaryConstructor(System.Collections.Generic.List`1[Microsoft.TypeSpec.Generator.Input.InputParameter])" computerName="pkrvmxyh4eaekms" duration="00:00:00.0016680" startTime="2025-06-24T21:13:34.1661919+00:00" endTime="2025-06-24T21:13:34.1678603+00:00" testType="13cdc9d9-ddb5-4fa4-a97d-d965ccfc6d4b" outcome="Passed" testListId="8c84fa94-04c1-424b-9868-57a2d4851a1d" relativeResultsDirectory="596656ff-abfb-4cec-b849-cb2ae3f1dbd4" />
    <UnitTestResult executionId="276c5103-d19c-4f10-a8f5-a315c85134b7" testId="17b44355-a286-c68e-0772-1ca3f99800c3" testName="RoundTripWithModelInterface(&quot;W&quot;)" computerName="pkrvmxyh4eaekms" duration="00:00:00.0005750" startTime="2025-06-24T21:13:30.0880280+00:00" endTime="2025-06-24T21:13:30.0886026+00:00" testType="13cdc9d9-ddb5-4fa4-a97d-d965ccfc6d4b" outcome="Passed" testListId="8c84fa94-04c1-424b-9868-57a2d4851a1d" relativeResultsDirectory="276c5103-d19c-4f10-a8f5-a315c85134b7" />
    <UnitTestResult executionId="fe326495-5039-4941-b541-6afbfa9f3458" testId="4c9c5c23-67cc-c7e8-91bd-12f4d818dce5" testName="CanChangeToNonNullableProp" computerName="pkrvmxyh4eaekms" duration="00:00:00.0677570" startTime="2025-06-24T21:13:37.1820484+00:00" endTime="2025-06-24T21:13:37.2498048+00:00" testType="13cdc9d9-ddb5-4fa4-a97d-d965ccfc6d4b" outcome="Passed" testListId="8c84fa94-04c1-424b-9868-57a2d4851a1d" relativeResultsDirectory="fe326495-5039-4941-b541-6afbfa9f3458" />
    <UnitTestResult executionId="4a252113-bf8c-4d97-bb62-47d9e56996dc" testId="25ca75be-05ae-0f2b-7a33-9b306a4b3909" testName="RootOutputModelsIncludesServiceResponse" computerName="pkrvmxyh4eaekms" duration="00:00:00.0021010" startTime="2025-06-24T21:13:38.7545671+00:00" endTime="2025-06-24T21:13:38.7566676+00:00" testType="13cdc9d9-ddb5-4fa4-a97d-d965ccfc6d4b" outcome="Passed" testListId="8c84fa94-04c1-424b-9868-57a2d4851a1d" relativeResultsDirectory="4a252113-bf8c-4d97-bb62-47d9e56996dc" />
    <UnitTestResult executionId="0686fa7f-546b-4414-b350-4bb1ab3cfc9b" testId="6b89a201-ff2f-4f23-8044-659acf19d59a" testName="AppendQuery_DateTimeOffset(&quot;http://localhost&quot;,&quot;6/30/1905 1:14:00 PM +00:00&quot;,&quot;R&quot;,False,&quot;http://localhost/?query=Fri, 30 Jun 1905 13:14:00 GMT&quot;)" computerName="pkrvmxyh4eaekms" duration="00:00:00.0001650" startTime="2025-06-24T21:13:34.5233003+00:00" endTime="2025-06-24T21:13:34.5234654+00:00" testType="13cdc9d9-ddb5-4fa4-a97d-d965ccfc6d4b" outcome="Passed" testListId="8c84fa94-04c1-424b-9868-57a2d4851a1d" relativeResultsDirectory="0686fa7f-546b-4414-b350-4bb1ab3cfc9b" />
    <UnitTestResult executionId="dd8c8509-2dbd-4c91-8d09-b363b01efa83" testId="afea2367-f2c4-b4f0-d85c-b2267117e7d3" testName="TestBuildPersistableModelGetFormatMethodObjectDeclaration" computerName="pkrvmxyh4eaekms" duration="00:00:00.0027050" startTime="2025-06-24T21:13:36.6078933+00:00" endTime="2025-06-24T21:13:36.6105985+00:00" testType="13cdc9d9-ddb5-4fa4-a97d-d965ccfc6d4b" outcome="Passed" testListId="8c84fa94-04c1-424b-9868-57a2d4851a1d" relativeResultsDirectory="dd8c8509-2dbd-4c91-8d09-b363b01efa83" />
    <UnitTestResult executionId="a47b92c8-743b-417f-85c5-0d7b70e875bb" testId="99c7137a-c4cc-c248-105c-3d4d4355e432" testName="TestDeserializationStatement(Microsoft.TypeSpec.Generator.Input.InputModelProperty,True,False)" computerName="pkrvmxyh4eaekms" duration="00:00:00.0009140" startTime="2025-06-24T21:13:35.1920634+00:00" endTime="2025-06-24T21:13:35.1929774+00:00" testType="13cdc9d9-ddb5-4fa4-a97d-d965ccfc6d4b" outcome="Passed" testListId="8c84fa94-04c1-424b-9868-57a2d4851a1d" relativeResultsDirectory="a47b92c8-743b-417f-85c5-0d7b70e875bb" />
    <UnitTestResult executionId="5af5f6cd-adf9-4248-af9f-6ed468f65708" testId="4292005f-9ae4-ccb0-3890-e2e0f4d774db" testName="AppendPathDelimited_IntArray(&quot;http://localhost&quot;,[1, 2],&quot;.&quot;,False,&quot;http://localhost/1.2&quot;)" computerName="pkrvmxyh4eaekms" duration="00:00:00.0003760" startTime="2025-06-24T21:13:34.5063693+00:00" endTime="2025-06-24T21:13:34.5067446+00:00" testType="13cdc9d9-ddb5-4fa4-a97d-d965ccfc6d4b" outcome="Passed" testListId="8c84fa94-04c1-424b-9868-57a2d4851a1d" relativeResultsDirectory="5af5f6cd-adf9-4248-af9f-6ed468f65708" />
    <UnitTestResult executionId="ee2f247b-7bc8-4270-9da7-1b1364390faa" testId="4a6df610-3011-254b-963a-e4ad1bd15d95" testName="ResetThenAppendPath(&quot;http://localhost&quot;,&quot;/path&quot;,&quot;http://localhost/path&quot;)" computerName="pkrvmxyh4eaekms" duration="00:00:00.0002140" startTime="2025-06-24T21:13:34.5377023+00:00" endTime="2025-06-24T21:13:34.5379163+00:00" testType="13cdc9d9-ddb5-4fa4-a97d-d965ccfc6d4b" outcome="Passed" testListId="8c84fa94-04c1-424b-9868-57a2d4851a1d" relativeResultsDirectory="ee2f247b-7bc8-4270-9da7-1b1364390faa" />
    <UnitTestResult executionId="6ce45611-cedf-4a2b-87fb-53fd6e68bb7f" testId="fc9d51da-0a40-7e6b-a1cd-b320508541a4" testName="FormatsDatesAsString(&quot;o&quot;,05/04/2020 03:02:01 +00:00,&quot;2020-05-04T03:02:01.1230000Z&quot;)" computerName="pkrvmxyh4eaekms" duration="00:00:00.0000480" startTime="2025-06-24T21:13:38.7367840+00:00" endTime="2025-06-24T21:13:38.7368323+00:00" testType="13cdc9d9-ddb5-4fa4-a97d-d965ccfc6d4b" outcome="Passed" testListId="8c84fa94-04c1-424b-9868-57a2d4851a1d" relativeResultsDirectory="6ce45611-cedf-4a2b-87fb-53fd6e68bb7f" />
    <UnitTestResult executionId="34f86577-15f0-4334-9254-12d591b54ce3" testId="29514b91-bed8-afdb-7ff9-875aa5e2396a" testName="ValidateConvertToString(null,-3.14d,&quot;-3.14&quot;)" computerName="pkrvmxyh4eaekms" duration="00:00:00.0001380" startTime="2025-06-24T21:13:38.7426919+00:00" endTime="2025-06-24T21:13:38.7428295+00:00" testType="13cdc9d9-ddb5-4fa4-a97d-d965ccfc6d4b" outcome="Passed" testListId="8c84fa94-04c1-424b-9868-57a2d4851a1d" relativeResultsDirectory="34f86577-15f0-4334-9254-12d591b54ce3" />
    <UnitTestResult executionId="a83ba5d2-cd79-4666-bf05-1baa2138d9cb" testId="43212041-32f9-d8d5-a3c7-a7e60fccc4ff" testName="RoundTripWithModelInterfaceNonGeneric(&quot;W&quot;)" computerName="pkrvmxyh4eaekms" duration="00:00:00.0011280" startTime="2025-06-24T21:13:30.2613360+00:00" endTime="2025-06-24T21:13:30.2624637+00:00" testType="13cdc9d9-ddb5-4fa4-a97d-d965ccfc6d4b" outcome="Passed" testListId="8c84fa94-04c1-424b-9868-57a2d4851a1d" relativeResultsDirectory="a83ba5d2-cd79-4666-bf05-1baa2138d9cb" />
    <UnitTestResult executionId="d315d9d8-03f2-4bdf-9a43-347d0408cd91" testId="871b8fc7-75d8-bc2f-ecf5-0d8ddc50c53b" testName="BackCompat_GAApiVersionsAdded" computerName="pkrvmxyh4eaekms" duration="00:00:01.9526210" startTime="2025-06-24T21:13:30.3841189+00:00" endTime="2025-06-24T21:13:32.3367394+00:00" testType="13cdc9d9-ddb5-4fa4-a97d-d965ccfc6d4b" outcome="Passed" testListId="8c84fa94-04c1-424b-9868-57a2d4851a1d" relativeResultsDirectory="d315d9d8-03f2-4bdf-9a43-347d0408cd91" />
    <UnitTestResult executionId="e349a0e3-43dd-4a14-805e-47c70e4d3bc3" testId="abcce51a-46cc-2334-1c79-335e656d6908" testName="ThrowsIfUnknownFormat" computerName="pkrvmxyh4eaekms" duration="00:00:00.0017100" startTime="2025-06-24T21:13:30.2351602+00:00" endTime="2025-06-24T21:13:30.2368704+00:00" testType="13cdc9d9-ddb5-4fa4-a97d-d965ccfc6d4b" outcome="Passed" testListId="8c84fa94-04c1-424b-9868-57a2d4851a1d" relativeResultsDirectory="e349a0e3-43dd-4a14-805e-47c70e4d3bc3" />
    <UnitTestResult executionId="a77f51c3-859e-463d-8e52-1bcc5badab42" testId="7f38df01-f099-1660-e545-044ff82cd7c2" testName="ValidateConvertToString(&quot;D&quot;,05/04/2020 00:00:00 +00:00,&quot;2020-05-04&quot;)" computerName="pkrvmxyh4eaekms" duration="00:00:00.0001360" startTime="2025-06-24T21:13:38.7443934+00:00" endTime="2025-06-24T21:13:38.7445296+00:00" testType="13cdc9d9-ddb5-4fa4-a97d-d965ccfc6d4b" outcome="Passed" testListId="8c84fa94-04c1-424b-9868-57a2d4851a1d" relativeResultsDirectory="a77f51c3-859e-463d-8e52-1bcc5badab42" />
    <UnitTestResult executionId="be5ecdf3-f14e-463b-9f29-80e136e2bbfb" testId="5d77efff-b8ec-351b-6e6d-fd1ec6702b9a" testName="TestBuildCreateRequestMethodWithQueryParameters" computerName="pkrvmxyh4eaekms" duration="00:00:00.0024630" startTime="2025-06-24T21:13:38.5715463+00:00" endTime="2025-06-24T21:13:38.5740088+00:00" testType="13cdc9d9-ddb5-4fa4-a97d-d965ccfc6d4b" outcome="Passed" testListId="8c84fa94-04c1-424b-9868-57a2d4851a1d" relativeResultsDirectory="be5ecdf3-f14e-463b-9f29-80e136e2bbfb" />
    <UnitTestResult executionId="1d4f7d36-276e-44d9-9b09-795dfe737ec6" testId="5b684f42-7f6e-71b8-222d-b5fe92216f9d" testName="ValidateClientWithSpread(Microsoft.TypeSpec.Generator.Input.InputClient)" computerName="pkrvmxyh4eaekms" duration="00:00:00.0153720" startTime="2025-06-24T21:13:34.2695006+00:00" endTime="2025-06-24T21:13:34.2848719+00:00" testType="13cdc9d9-ddb5-4fa4-a97d-d965ccfc6d4b" outcome="Passed" testListId="8c84fa94-04c1-424b-9868-57a2d4851a1d" relativeResultsDirectory="1d4f7d36-276e-44d9-9b09-795dfe737ec6" />
    <UnitTestResult executionId="50ccb2b3-e29a-417c-af61-b96ee94f92a9" testId="96eae579-6c9b-21e2-6c60-e5406f00434d" testName="RoundTripWithJsonInterfaceNonGeneric(&quot;J&quot;)" computerName="pkrvmxyh4eaekms" duration="00:00:00.0032200" startTime="2025-06-24T21:13:30.0782704+00:00" endTime="2025-06-24T21:13:30.0814899+00:00" testType="13cdc9d9-ddb5-4fa4-a97d-d965ccfc6d4b" outcome="Passed" testListId="8c84fa94-04c1-424b-9868-57a2d4851a1d" relativeResultsDirectory="50ccb2b3-e29a-417c-af61-b96ee94f92a9" />
    <UnitTestResult executionId="a43d2048-ea3c-4aab-9a14-b158502da219" testId="204645f2-5333-c0d4-de67-a29e91bf63f0" testName="ResetThenAppendPath(&quot;http://localhost/with&quot;,&quot;/path&quot;,&quot;http://localhost/with/path&quot;)" computerName="pkrvmxyh4eaekms" duration="00:00:00.0001950" startTime="2025-06-24T21:13:34.5386115+00:00" endTime="2025-06-24T21:13:34.5388060+00:00" testType="13cdc9d9-ddb5-4fa4-a97d-d965ccfc6d4b" outcome="Passed" testListId="8c84fa94-04c1-424b-9868-57a2d4851a1d" relativeResultsDirectory="a43d2048-ea3c-4aab-9a14-b158502da219" />
    <UnitTestResult executionId="d0abc317-c627-42f2-8641-d9d793ac193c" testId="e7665736-9460-afaf-265e-f237f6e8192a" testName="CanChangeClientNamespace" computerName="pkrvmxyh4eaekms" duration="00:00:00.1045050" startTime="2025-06-24T21:13:34.3457929+00:00" endTime="2025-06-24T21:13:34.4502975+00:00" testType="13cdc9d9-ddb5-4fa4-a97d-d965ccfc6d4b" outcome="Passed" testListId="8c84fa94-04c1-424b-9868-57a2d4851a1d" relativeResultsDirectory="d0abc317-c627-42f2-8641-d9d793ac193c" />
    <UnitTestResult executionId="11dff5e1-527e-4b5b-852a-3f11521c3e8b" testId="11cd0334-f322-c646-5f36-1872a5a0e56e" testName="AppendQuery_Double(&quot;http://localhost&quot;,3.14d,True,&quot;http://localhost/?query=3.14&quot;)" computerName="pkrvmxyh4eaekms" duration="00:00:00.0004080" startTime="2025-06-24T21:13:34.5235256+00:00" endTime="2025-06-24T21:13:34.5239335+00:00" testType="13cdc9d9-ddb5-4fa4-a97d-d965ccfc6d4b" outcome="Passed" testListId="8c84fa94-04c1-424b-9868-57a2d4851a1d" relativeResultsDirectory="11dff5e1-527e-4b5b-852a-3f11521c3e8b" />
    <UnitTestResult executionId="8312f190-11cb-445f-9bfa-70fa37c39ebd" testId="d8ad1cdb-36bd-5582-339d-c6f09eed2cdb" testName="TestBuildJsonModelWriteCoreMethod(True)" computerName="pkrvmxyh4eaekms" duration="00:00:00.0026330" startTime="2025-06-24T21:13:36.5874721+00:00" endTime="2025-06-24T21:13:36.5901053+00:00" testType="13cdc9d9-ddb5-4fa4-a97d-d965ccfc6d4b" outcome="Passed" testListId="8c84fa94-04c1-424b-9868-57a2d4851a1d" relativeResultsDirectory="8312f190-11cb-445f-9bfa-70fa37c39ebd" />
    <UnitTestResult executionId="2651ac36-ee0d-4d03-ae7f-f8d1ac92ec5f" testId="ba6e5088-a408-9d7c-c8df-cce696082113" testName="ResetThenAppendPathThenAppendQuery(&quot;http://localhost/&quot;,&quot;some/&quot;,&quot;one|1&quot;,&quot;http://localhost/some/?one=1&quot;)" computerName="pkrvmxyh4eaekms" duration="00:00:00.0001499" startTime="2025-06-24T21:13:34.5422019+00:00" endTime="2025-06-24T21:13:34.5423513+00:00" testType="13cdc9d9-ddb5-4fa4-a97d-d965ccfc6d4b" outcome="Passed" testListId="8c84fa94-04c1-424b-9868-57a2d4851a1d" relativeResultsDirectory="2651ac36-ee0d-4d03-ae7f-f8d1ac92ec5f" />
    <UnitTestResult executionId="9977209c-b150-41bd-b79b-75efb35c0ab0" testId="1368c745-6a45-6b60-c9b7-a77fa1d07ab3" testName="AppendQuery_Guid(&quot;http://localhost&quot;,&quot;3f2504e0-4f89-11d3-9a0c-0305e82c3301&quot;,False,&quot;http://localhost/?query=3f2504e0-4f89-11d3-9a0c-0305e82c3301&quot;)" computerName="pkrvmxyh4eaekms" duration="00:00:00.0004080" startTime="2025-06-24T21:13:34.5260943+00:00" endTime="2025-06-24T21:13:34.5265019+00:00" testType="13cdc9d9-ddb5-4fa4-a97d-d965ccfc6d4b" outcome="Passed" testListId="8c84fa94-04c1-424b-9868-57a2d4851a1d" relativeResultsDirectory="9977209c-b150-41bd-b79b-75efb35c0ab0" />
    <UnitTestResult executionId="1cced0f4-7752-43e5-bc78-88bef7422997" testId="92bc38d8-1a86-f92f-8d1f-451565894cae" testName="ValidateToEnumMethodsFixed(Microsoft.TypeSpec.Generator.Input.InputEnumType)" computerName="pkrvmxyh4eaekms" duration="00:00:00.0051060" startTime="2025-06-24T21:13:34.9112603+00:00" endTime="2025-06-24T21:13:34.9163664+00:00" testType="13cdc9d9-ddb5-4fa4-a97d-d965ccfc6d4b" outcome="Passed" testListId="8c84fa94-04c1-424b-9868-57a2d4851a1d" relativeResultsDirectory="1cced0f4-7752-43e5-bc78-88bef7422997" />
    <UnitTestResult executionId="7905542f-3938-4023-a6ef-9666899d4397" testId="a0e9667c-4b47-ec23-1abd-ea616525bf3f" testName="ValidateConvertToString(null,&quot;str&quot;,&quot;str&quot;)" computerName="pkrvmxyh4eaekms" duration="00:00:00.0003600" startTime="2025-06-24T21:13:38.7412270+00:00" endTime="2025-06-24T21:13:38.7415873+00:00" testType="13cdc9d9-ddb5-4fa4-a97d-d965ccfc6d4b" outcome="Passed" testListId="8c84fa94-04c1-424b-9868-57a2d4851a1d" relativeResultsDirectory="7905542f-3938-4023-a6ef-9666899d4397" />
    <UnitTestResult executionId="c84833b7-26d5-4dcd-8207-24d94a500cf0" testId="3be952dc-5bb9-c92a-b566-50329caa9747" testName="ThrowsIfUnknownFormat" computerName="pkrvmxyh4eaekms" duration="00:00:00.0005880" startTime="2025-06-24T21:13:30.2906011+00:00" endTime="2025-06-24T21:13:30.2911886+00:00" testType="13cdc9d9-ddb5-4fa4-a97d-d965ccfc6d4b" outcome="Passed" testListId="8c84fa94-04c1-424b-9868-57a2d4851a1d" relativeResultsDirectory="c84833b7-26d5-4dcd-8207-24d94a500cf0" />
    <UnitTestResult executionId="d3ea55b7-66bd-49b3-bffe-a80312acf14e" testId="75565cb5-105a-47a6-0025-428383842588" testName="ValidateIsLastNamespaceSegmentTheSame(&quot;Foo&quot;,&quot;_Foo&quot;)" computerName="pkrvmxyh4eaekms" duration="00:00:00.0013690" startTime="2025-06-24T21:13:34.2939007+00:00" endTime="2025-06-24T21:13:34.2952695+00:00" testType="13cdc9d9-ddb5-4fa4-a97d-d965ccfc6d4b" outcome="Passed" testListId="8c84fa94-04c1-424b-9868-57a2d4851a1d" relativeResultsDirectory="d3ea55b7-66bd-49b3-bffe-a80312acf14e" />
    <UnitTestResult executionId="d31566ff-956f-4510-b21f-5f3e04924439" testId="dc4f4648-68a7-4ad9-5e64-5b8ab0e9f0d5" testName="OperationWithOptionalExtensibleEnum" computerName="pkrvmxyh4eaekms" duration="00:00:00.0198740" startTime="2025-06-24T21:13:38.6651580+00:00" endTime="2025-06-24T21:13:38.6850311+00:00" testType="13cdc9d9-ddb5-4fa4-a97d-d965ccfc6d4b" outcome="Passed" testListId="8c84fa94-04c1-424b-9868-57a2d4851a1d" relativeResultsDirectory="d31566ff-956f-4510-b21f-5f3e04924439" />
    <UnitTestResult executionId="07703c67-9ca9-402c-8717-846fd99e813d" testId="14f15414-7ce9-a88d-2f2c-1edc373dc303" testName="ResetThenAppendPath(&quot;http://localhost:12345/with&quot;,&quot;/path&quot;,&quot;http://localhost:12345/with/path&quot;)" computerName="pkrvmxyh4eaekms" duration="00:00:00.0001990" startTime="2025-06-24T21:13:34.5390464+00:00" endTime="2025-06-24T21:13:34.5392448+00:00" testType="13cdc9d9-ddb5-4fa4-a97d-d965ccfc6d4b" outcome="Passed" testListId="8c84fa94-04c1-424b-9868-57a2d4851a1d" relativeResultsDirectory="07703c67-9ca9-402c-8717-846fd99e813d" />
    <UnitTestResult executionId="7007d7d9-287a-4505-b036-e62a595b5dce" testId="d2beff4b-5bed-7a1c-c8e7-4e5325b7c60a" testName="AppendQueryDelimited(&quot;http://localhost&quot;,[&quot;hello&quot;, &quot;world&quot;],&quot;;&quot;,False,&quot;http://localhost/?query=hello;world&quot;)" computerName="pkrvmxyh4eaekms" duration="00:00:00.0001540" startTime="2025-06-24T21:13:34.5332989+00:00" endTime="2025-06-24T21:13:34.5334525+00:00" testType="13cdc9d9-ddb5-4fa4-a97d-d965ccfc6d4b" outcome="Passed" testListId="8c84fa94-04c1-424b-9868-57a2d4851a1d" relativeResultsDirectory="7007d7d9-287a-4505-b036-e62a595b5dce" />
    <UnitTestResult executionId="f1dd1b37-4099-411a-83a3-141c162944b3" testId="4e1d9376-e8c2-5986-e921-3bdc0279cd2f" testName="FormatsDatesAsString(&quot;U&quot;,05/04/2020 03:02:01 +00:00,&quot;1588561321&quot;)" computerName="pkrvmxyh4eaekms" duration="00:00:00.0000440" startTime="2025-06-24T21:13:38.7369178+00:00" endTime="2025-06-24T21:13:38.7369619+00:00" testType="13cdc9d9-ddb5-4fa4-a97d-d965ccfc6d4b" outcome="Passed" testListId="8c84fa94-04c1-424b-9868-57a2d4851a1d" relativeResultsDirectory="f1dd1b37-4099-411a-83a3-141c162944b3" />
    <UnitTestResult executionId="024924c5-90e8-49c5-8af6-9d2044fe66ce" testId="9028e4f8-46b1-79ea-0efe-f94680b13e65" testName="ResetThenAppendPath(&quot;http://localhost:12345/&quot;,&quot;path&quot;,&quot;http://localhost:12345/path&quot;)" computerName="pkrvmxyh4eaekms" duration="00:00:00.0002100" startTime="2025-06-24T21:13:34.5366216+00:00" endTime="2025-06-24T21:13:34.5368315+00:00" testType="13cdc9d9-ddb5-4fa4-a97d-d965ccfc6d4b" outcome="Passed" testListId="8c84fa94-04c1-424b-9868-57a2d4851a1d" relativeResultsDirectory="024924c5-90e8-49c5-8af6-9d2044fe66ce" />
    <UnitTestResult executionId="1f5c586d-cecd-4fe4-990a-7d46c16140ff" testId="7886312e-fb95-47a1-a0a7-e5c487125c82" testName="CanSerializeCustomPropertyFromBase" computerName="pkrvmxyh4eaekms" duration="00:00:00.1094170" startTime="2025-06-24T21:13:36.4358709+00:00" endTime="2025-06-24T21:13:36.5452872+00:00" testType="13cdc9d9-ddb5-4fa4-a97d-d965ccfc6d4b" outcome="Passed" testListId="8c84fa94-04c1-424b-9868-57a2d4851a1d" relativeResultsDirectory="1f5c586d-cecd-4fe4-990a-7d46c16140ff" />
    <UnitTestResult executionId="1c945be4-d13a-4c0d-b441-082c57e5c653" testId="42a05878-a1b0-899f-dd1c-1579afd508e2" testName="ResetThenAppendPathThenAppendQuery(&quot;http://localhost&quot;,&quot;some/&quot;,&quot;one|1|two|2&quot;,&quot;http://localhost/some/?one=1&amp;two=2&quot;)" computerName="pkrvmxyh4eaekms" duration="00:00:00.0001380" startTime="2025-06-24T21:13:34.5432482+00:00" endTime="2025-06-24T21:13:34.5433864+00:00" testType="13cdc9d9-ddb5-4fa4-a97d-d965ccfc6d4b" outcome="Passed" testListId="8c84fa94-04c1-424b-9868-57a2d4851a1d" relativeResultsDirectory="1c945be4-d13a-4c0d-b441-082c57e5c653" />
    <UnitTestResult executionId="e9457c35-0269-4832-9fab-42b85c582277" testId="bf4fa718-a0dc-a376-320f-64846e767fdc" testName="ValidateToSerialMethodsExtensible(Microsoft.TypeSpec.Generator.Input.InputEnumType)" computerName="pkrvmxyh4eaekms" duration="00:00:00.0001399" startTime="2025-06-24T21:13:34.9187278+00:00" endTime="2025-06-24T21:13:34.9188678+00:00" testType="13cdc9d9-ddb5-4fa4-a97d-d965ccfc6d4b" outcome="Passed" testListId="8c84fa94-04c1-424b-9868-57a2d4851a1d" relativeResultsDirectory="e9457c35-0269-4832-9fab-42b85c582277" />
    <UnitTestResult executionId="d5bb4c35-33ab-47f2-9659-7c9c44c8c2bf" testId="b78e746e-68bb-7db4-f36c-e2f1170e65ff" testName="CanCustomizePropertyUsingField(True)" computerName="pkrvmxyh4eaekms" duration="00:00:00.1059050" startTime="2025-06-24T21:13:37.5942511+00:00" endTime="2025-06-24T21:13:37.7001557+00:00" testType="13cdc9d9-ddb5-4fa4-a97d-d965ccfc6d4b" outcome="Passed" testListId="8c84fa94-04c1-424b-9868-57a2d4851a1d" relativeResultsDirectory="d5bb4c35-33ab-47f2-9659-7c9c44c8c2bf" />
    <UnitTestResult executionId="873d2fc7-4935-45dd-9bb6-0edb3c7b02a3" testId="bde8deb8-2638-4788-e366-7bcab5567e69" testName="UnknownVariantIJsonModelTShouldBeBase" computerName="pkrvmxyh4eaekms" duration="00:00:00.0034080" startTime="2025-06-24T21:13:35.2419291+00:00" endTime="2025-06-24T21:13:35.2453368+00:00" testType="13cdc9d9-ddb5-4fa4-a97d-d965ccfc6d4b" outcome="Passed" testListId="8c84fa94-04c1-424b-9868-57a2d4851a1d" relativeResultsDirectory="873d2fc7-4935-45dd-9bb6-0edb3c7b02a3" />
    <UnitTestResult executionId="e87d401e-e8de-4e4c-89bf-4b326dccdd6d" testId="80bc32d0-5a3f-b82e-8b59-d70782c7273a" testName="RoundTripWithModelReaderWriterNonGeneric(&quot;W&quot;)" computerName="pkrvmxyh4eaekms" duration="00:00:00.0005199" startTime="2025-06-24T21:13:30.0912117+00:00" endTime="2025-06-24T21:13:30.0917313+00:00" testType="13cdc9d9-ddb5-4fa4-a97d-d965ccfc6d4b" outcome="Passed" testListId="8c84fa94-04c1-424b-9868-57a2d4851a1d" relativeResultsDirectory="e87d401e-e8de-4e4c-89bf-4b326dccdd6d" />
    <UnitTestResult executionId="2228bd0a-a463-4a57-9424-ff164800ed61" testId="37d9c8b1-d0b8-0afa-2afc-a2ae57ced7f5" testName="AppendQuery_ByteArray(&quot;http://localhost&quot;,[104, 101, 108, 108, 111],&quot;U&quot;,True,&quot;http://localhost/?query=aGVsbG8&quot;)" computerName="pkrvmxyh4eaekms" duration="00:00:00.0003710" startTime="2025-06-24T21:13:34.5202592+00:00" endTime="2025-06-24T21:13:34.5206298+00:00" testType="13cdc9d9-ddb5-4fa4-a97d-d965ccfc6d4b" outcome="Passed" testListId="8c84fa94-04c1-424b-9868-57a2d4851a1d" relativeResultsDirectory="2228bd0a-a463-4a57-9424-ff164800ed61" />
    <UnitTestResult executionId="669f606b-8794-4892-bdf4-8bd4404fce90" testId="3ea572d0-8081-c04d-1c5e-07d3f0bdce4f" testName="TestNonBodyRequestParametersInBodyWriterDiff(Microsoft.TypeSpec.Generator.Input.InputBasicServiceMethod)" computerName="pkrvmxyh4eaekms" duration="00:00:00.0042969" startTime="2025-06-24T21:13:34.2307567+00:00" endTime="2025-06-24T21:13:34.2350540+00:00" testType="13cdc9d9-ddb5-4fa4-a97d-d965ccfc6d4b" outcome="Passed" testListId="8c84fa94-04c1-424b-9868-57a2d4851a1d" relativeResultsDirectory="669f606b-8794-4892-bdf4-8bd4404fce90" />
    <UnitTestResult executionId="36e794b8-1f33-49db-872d-514946b914bf" testId="505e1ea4-0d08-e68d-cda2-548640bb0bd2" testName="NextLinkInBodyOfT" computerName="pkrvmxyh4eaekms" duration="00:00:00.0040050" startTime="2025-06-24T21:13:34.6568617+00:00" endTime="2025-06-24T21:13:34.6608664+00:00" testType="13cdc9d9-ddb5-4fa4-a97d-d965ccfc6d4b" outcome="Passed" testListId="8c84fa94-04c1-424b-9868-57a2d4851a1d" relativeResultsDirectory="36e794b8-1f33-49db-872d-514946b914bf" />
    <UnitTestResult executionId="ae4598c9-8291-46c8-b6cd-28192ad39860" testId="92bc38d8-1a86-f92f-8d1f-451565894cae" testName="ValidateToEnumMethodsFixed(Microsoft.TypeSpec.Generator.Input.InputEnumType)" computerName="pkrvmxyh4eaekms" duration="00:00:00.0004540" startTime="2025-06-24T21:13:34.9164024+00:00" endTime="2025-06-24T21:13:34.9168566+00:00" testType="13cdc9d9-ddb5-4fa4-a97d-d965ccfc6d4b" outcome="Passed" testListId="8c84fa94-04c1-424b-9868-57a2d4851a1d" relativeResultsDirectory="ae4598c9-8291-46c8-b6cd-28192ad39860" />
    <UnitTestResult executionId="12ec882b-66bb-4add-98c1-99876e5bc531" testId="111b5e1e-7a3c-26c3-bc4c-dbf7de7c53b2" testName="FormatsDatesAsString(&quot;R&quot;,05/04/2020 03:02:01 +01:00,&quot;Mon, 04 May 2020 02:02:01 GMT&quot;)" computerName="pkrvmxyh4eaekms" duration="00:00:00.0000500" startTime="2025-06-24T21:13:38.7370404+00:00" endTime="2025-06-24T21:13:38.7370907+00:00" testType="13cdc9d9-ddb5-4fa4-a97d-d965ccfc6d4b" outcome="Passed" testListId="8c84fa94-04c1-424b-9868-57a2d4851a1d" relativeResultsDirectory="12ec882b-66bb-4add-98c1-99876e5bc531" />
    <UnitTestResult executionId="798a5e75-2bc9-403d-bc46-b7312e4eeffb" testId="e0ce0b4d-3174-1ac5-ec25-2446ab1e03e3" testName="NonBodyPropertyKindsInModel" computerName="pkrvmxyh4eaekms" duration="00:00:00.0017760" startTime="2025-06-24T21:13:35.2621878+00:00" endTime="2025-06-24T21:13:35.2639635+00:00" testType="13cdc9d9-ddb5-4fa4-a97d-d965ccfc6d4b" outcome="Passed" testListId="8c84fa94-04c1-424b-9868-57a2d4851a1d" relativeResultsDirectory="798a5e75-2bc9-403d-bc46-b7312e4eeffb" />
    <UnitTestResult executionId="6522ea83-08d6-40b3-95a1-995079ce9c51" testId="8495279f-b1c7-629f-981e-a834421eed6f" testName="MultipartOperationDoesNotHaveConvenienceMethods" computerName="pkrvmxyh4eaekms" duration="00:00:00.0036450" startTime="2025-06-24T21:13:34.3389316+00:00" endTime="2025-06-24T21:13:34.3425761+00:00" testType="13cdc9d9-ddb5-4fa4-a97d-d965ccfc6d4b" outcome="Passed" testListId="8c84fa94-04c1-424b-9868-57a2d4851a1d" relativeResultsDirectory="6522ea83-08d6-40b3-95a1-995079ce9c51" />
    <UnitTestResult executionId="2f9dcb4b-6bc8-4510-811a-8737fd5d00a6" testId="6f6088c3-76ba-6609-04be-35e965dd0076" testName="TestBuildConstructors_ForSubClient_KeyAuthOrOAuth2Auth()" computerName="pkrvmxyh4eaekms" duration="00:00:00.0056810" startTime="2025-06-24T21:13:34.1190946+00:00" endTime="2025-06-24T21:13:34.1247756+00:00" testType="13cdc9d9-ddb5-4fa4-a97d-d965ccfc6d4b" outcome="Passed" testListId="8c84fa94-04c1-424b-9868-57a2d4851a1d" relativeResultsDirectory="2f9dcb4b-6bc8-4510-811a-8737fd5d00a6" />
    <UnitTestResult executionId="f591e779-58c4-4857-b097-1314ed0a9cbb" testId="bab02ab2-f0a0-0b38-9c16-3f5fb3f5a696" testName="RoundTripWithModelInterfaceNonGeneric(&quot;J&quot;)" computerName="pkrvmxyh4eaekms" duration="00:00:00.0009370" startTime="2025-06-24T21:13:30.2842191+00:00" endTime="2025-06-24T21:13:30.2851560+00:00" testType="13cdc9d9-ddb5-4fa4-a97d-d965ccfc6d4b" outcome="Passed" testListId="8c84fa94-04c1-424b-9868-57a2d4851a1d" relativeResultsDirectory="f591e779-58c4-4857-b097-1314ed0a9cbb" />
    <UnitTestResult executionId="24e00d2a-24fb-4242-8e0b-7ff4157db012" testId="ad49a717-fe17-427d-0527-da76ac2858a3" testName="ResetThenAppendQueryThenAppendPath(&quot;http://localhost/&quot;,&quot;/some/&quot;,&quot;one|1&quot;,&quot;http://localhost/some/?one=1&quot;)" computerName="pkrvmxyh4eaekms" duration="00:00:00.0001380" startTime="2025-06-24T21:13:34.5484414+00:00" endTime="2025-06-24T21:13:34.5485791+00:00" testType="13cdc9d9-ddb5-4fa4-a97d-d965ccfc6d4b" outcome="Passed" testListId="8c84fa94-04c1-424b-9868-57a2d4851a1d" relativeResultsDirectory="24e00d2a-24fb-4242-8e0b-7ff4157db012" />
    <UnitTestResult executionId="cc094f18-af58-4058-9677-a2ae61011377" testId="7dbd18e0-0b4f-c7d2-d7c9-de0e1796dbfb" testName="AppendQuery_Long(&quot;http://localhost&quot;,299792458000000L,True,&quot;http://localhost/?query=299792458000000&quot;)" computerName="pkrvmxyh4eaekms" duration="00:00:00.0005790" startTime="2025-06-24T21:13:34.5278581+00:00" endTime="2025-06-24T21:13:34.5284374+00:00" testType="13cdc9d9-ddb5-4fa4-a97d-d965ccfc6d4b" outcome="Passed" testListId="8c84fa94-04c1-424b-9868-57a2d4851a1d" relativeResultsDirectory="cc094f18-af58-4058-9677-a2ae61011377" />
    <UnitTestResult executionId="3df7313e-5a0a-4021-97d5-f9646578d26c" testId="315f9f31-d5ab-2f60-3960-b77fea62cd66" testName="RootInputModelsIncludesOperationParameters" computerName="pkrvmxyh4eaekms" duration="00:00:00.0026850" startTime="2025-06-24T21:13:38.7496098+00:00" endTime="2025-06-24T21:13:38.7522951+00:00" testType="13cdc9d9-ddb5-4fa4-a97d-d965ccfc6d4b" outcome="Passed" testListId="8c84fa94-04c1-424b-9868-57a2d4851a1d" relativeResultsDirectory="3df7313e-5a0a-4021-97d5-f9646578d26c" />
    <UnitTestResult executionId="dde53518-9f89-41d4-a256-73c62b7af187" testId="b15d8efd-7f32-e75e-1f6f-96aa9050a2b9" testName="DerivedShouldNotHaveProxyAttribute" computerName="pkrvmxyh4eaekms" duration="00:00:00.0026070" startTime="2025-06-24T21:13:35.2105691+00:00" endTime="2025-06-24T21:13:35.2131754+00:00" testType="13cdc9d9-ddb5-4fa4-a97d-d965ccfc6d4b" outcome="Passed" testListId="8c84fa94-04c1-424b-9868-57a2d4851a1d" relativeResultsDirectory="dde53518-9f89-41d4-a256-73c62b7af187" />
    <UnitTestResult executionId="2e636c72-ffa0-4ff5-ae95-e3fe7dec1074" testId="1c75349a-57cf-06ee-2a40-f8f9fb0c9b51" testName="PascalCaseSerializedName" computerName="pkrvmxyh4eaekms" duration="00:00:00.0010169" startTime="2025-06-24T21:13:35.2639932+00:00" endTime="2025-06-24T21:13:35.2650097+00:00" testType="13cdc9d9-ddb5-4fa4-a97d-d965ccfc6d4b" outcome="Passed" testListId="8c84fa94-04c1-424b-9868-57a2d4851a1d" relativeResultsDirectory="2e636c72-ffa0-4ff5-ae95-e3fe7dec1074" />
    <UnitTestResult executionId="d9c26bd7-ce39-41c5-b861-12d79fffa0b6" testId="0c9d4e59-49c7-021e-ea64-5c522f20c80b" testName="RoundTripWithJsonInterfaceOfT(&quot;W&quot;)" computerName="pkrvmxyh4eaekms" duration="00:00:00.0021930" startTime="2025-06-24T21:13:30.1989676+00:00" endTime="2025-06-24T21:13:30.2011602+00:00" testType="13cdc9d9-ddb5-4fa4-a97d-d965ccfc6d4b" outcome="Passed" testListId="8c84fa94-04c1-424b-9868-57a2d4851a1d" relativeResultsDirectory="d9c26bd7-ce39-41c5-b861-12d79fffa0b6" />
    <UnitTestResult executionId="da1f62d7-f390-4112-a926-9e794f4e0863" testId="68e80c0c-f8a6-c330-8b45-4fc007f5212d" testName="TestIntDeserializeExpression(System.Int32,Int_String)" computerName="pkrvmxyh4eaekms" duration="00:00:00.0005300" startTime="2025-06-24T21:13:36.6280001+00:00" endTime="2025-06-24T21:13:36.6285297+00:00" testType="13cdc9d9-ddb5-4fa4-a97d-d965ccfc6d4b" outcome="Passed" testListId="8c84fa94-04c1-424b-9868-57a2d4851a1d" relativeResultsDirectory="da1f62d7-f390-4112-a926-9e794f4e0863" />
    <UnitTestResult executionId="d73e9f90-d25d-44af-97c1-dbbb5923fa2e" testId="4ba1c137-1c95-341d-bad4-9da8be1cd605" testName="AppendPath_Long(&quot;http://localhost&quot;,-299792458000000L,True,&quot;http://localhost/-299792458000000&quot;)" computerName="pkrvmxyh4eaekms" duration="00:00:00.0000880" startTime="2025-06-24T21:13:34.4675822+00:00" endTime="2025-06-24T21:13:34.4676706+00:00" testType="13cdc9d9-ddb5-4fa4-a97d-d965ccfc6d4b" outcome="Passed" testListId="8c84fa94-04c1-424b-9868-57a2d4851a1d" relativeResultsDirectory="d73e9f90-d25d-44af-97c1-dbbb5923fa2e" />
    <UnitTestResult executionId="6632d0b7-d39c-4ac5-b94b-d249314cb935" testId="a4ce03e5-e5b7-fd8f-5cab-d75162b5702b" testName="ValidateConvertToString(&quot;D&quot;,test,&quot;dGVzdA==&quot;)" computerName="pkrvmxyh4eaekms" duration="00:00:00.0001420" startTime="2025-06-24T21:13:38.7456919+00:00" endTime="2025-06-24T21:13:38.7458342+00:00" testType="13cdc9d9-ddb5-4fa4-a97d-d965ccfc6d4b" outcome="Passed" testListId="8c84fa94-04c1-424b-9868-57a2d4851a1d" relativeResultsDirectory="6632d0b7-d39c-4ac5-b94b-d249314cb935" />
    <UnitTestResult executionId="2ce35ca2-da53-4b20-a511-05a7dddc1199" testId="ac70c009-5dae-fc67-7af1-6bc0d9dbca52" testName="ValidateConvertToString(null,11111111-1111-1111-1111-111112111111,&quot;11111111-1111-1111-1111-111112111111&quot;)" computerName="pkrvmxyh4eaekms" duration="00:00:00.0001440" startTime="2025-06-24T21:13:38.7455331+00:00" endTime="2025-06-24T21:13:38.7456771+00:00" testType="13cdc9d9-ddb5-4fa4-a97d-d965ccfc6d4b" outcome="Passed" testListId="8c84fa94-04c1-424b-9868-57a2d4851a1d" relativeResultsDirectory="2ce35ca2-da53-4b20-a511-05a7dddc1199" />
    <UnitTestResult executionId="be4b2142-d9df-4c98-813b-573c96682836" testId="e3f6b41b-723f-fe52-6ef5-10aa6556c371" testName="TestBuildAuthFields_SubClients_WithAuth(Microsoft.TypeSpec.Generator.Input.InputClient)" computerName="pkrvmxyh4eaekms" duration="00:00:00.0022700" startTime="2025-06-24T21:13:34.0336540+00:00" endTime="2025-06-24T21:13:34.0359243+00:00" testType="13cdc9d9-ddb5-4fa4-a97d-d965ccfc6d4b" outcome="Passed" testListId="8c84fa94-04c1-424b-9868-57a2d4851a1d" relativeResultsDirectory="be4b2142-d9df-4c98-813b-573c96682836" />
    <UnitTestResult executionId="1a384b14-3ffa-4868-9704-794a6c120135" testId="41ebbba1-9e29-8cbf-57ae-582d5f80b59e" testName="FormatsDatesAsString(&quot;O&quot;,12/31/9999 23:59:59 +00:00,&quot;9999-12-31T23:59:59.9999999Z&quot;)" computerName="pkrvmxyh4eaekms" duration="00:00:00.0000580" startTime="2025-06-24T21:13:38.7366476+00:00" endTime="2025-06-24T21:13:38.7367055+00:00" testType="13cdc9d9-ddb5-4fa4-a97d-d965ccfc6d4b" outcome="Passed" testListId="8c84fa94-04c1-424b-9868-57a2d4851a1d" relativeResultsDirectory="1a384b14-3ffa-4868-9704-794a6c120135" />
    <UnitTestResult executionId="c780ff61-4f9b-4490-a390-5d8a7a402c55" testId="2be290df-7d92-5723-935e-13156fa041e9" testName="TestBuildConstructors_PrimaryConstructor(System.Collections.Generic.List`1[Microsoft.TypeSpec.Generator.Input.InputParameter])" computerName="pkrvmxyh4eaekms" duration="00:00:00.0029140" startTime="2025-06-24T21:13:34.1497448+00:00" endTime="2025-06-24T21:13:34.1526585+00:00" testType="13cdc9d9-ddb5-4fa4-a97d-d965ccfc6d4b" outcome="Passed" testListId="8c84fa94-04c1-424b-9868-57a2d4851a1d" relativeResultsDirectory="c780ff61-4f9b-4490-a390-5d8a7a402c55" />
    <UnitTestResult executionId="ecef9174-f417-40f1-9668-cb834a22605b" testId="e98019ee-ae98-4223-bcd3-ae6ff5dbf925" testName="MultipartShouldUseContentTypeParamInCreateRequestMethod" computerName="pkrvmxyh4eaekms" duration="00:00:00.0038570" startTime="2025-06-24T21:13:38.5544972+00:00" endTime="2025-06-24T21:13:38.5583541+00:00" testType="13cdc9d9-ddb5-4fa4-a97d-d965ccfc6d4b" outcome="Passed" testListId="8c84fa94-04c1-424b-9868-57a2d4851a1d" relativeResultsDirectory="ecef9174-f417-40f1-9668-cb834a22605b" />
    <UnitTestResult executionId="e91d762c-cee4-4628-9c4a-2cce5f49fcf6" testId="c35a53b8-76e4-8431-244b-1eed358ae68f" testName="TestBuildDeserializationMethod(Microsoft.TypeSpec.Generator.Input.InputPrimitiveType,[&quot;string&quot;],[&quot;case global::System.Text.Json.JsonValueKind.String:&quot;, &quot;additionalProperties.Add(prop.Name, prop.Value.GetString());&quot;])" computerName="pkrvmxyh4eaekms" duration="00:00:00.0306130" startTime="2025-06-24T21:13:35.1132617+00:00" endTime="2025-06-24T21:13:35.1438746+00:00" testType="13cdc9d9-ddb5-4fa4-a97d-d965ccfc6d4b" outcome="Passed" testListId="8c84fa94-04c1-424b-9868-57a2d4851a1d" relativeResultsDirectory="e91d762c-cee4-4628-9c4a-2cce5f49fcf6" />
    <UnitTestResult executionId="ed15fb64-954b-4fa7-a589-03e4521c72f2" testId="8eb9f71f-bf66-6024-5997-cbb73e527f0b" testName="CanRenameSubClient" computerName="pkrvmxyh4eaekms" duration="00:00:00.0981800" startTime="2025-06-24T21:13:33.4431899+00:00" endTime="2025-06-24T21:13:33.5413688+00:00" testType="13cdc9d9-ddb5-4fa4-a97d-d965ccfc6d4b" outcome="Passed" testListId="8c84fa94-04c1-424b-9868-57a2d4851a1d" relativeResultsDirectory="ed15fb64-954b-4fa7-a589-03e4521c72f2" />
    <UnitTestResult executionId="e248224f-8bc1-4def-874c-2bdb2a0a58dc" testId="98df8e81-10c4-d836-17a1-b1ad96d54c07" testName="ListMethodWithEnumParameter(True,Header)" computerName="pkrvmxyh4eaekms" duration="00:00:00.0211330" startTime="2025-06-24T21:13:38.6155473+00:00" endTime="2025-06-24T21:13:38.6366792+00:00" testType="13cdc9d9-ddb5-4fa4-a97d-d965ccfc6d4b" outcome="Passed" testListId="8c84fa94-04c1-424b-9868-57a2d4851a1d" relativeResultsDirectory="e248224f-8bc1-4def-874c-2bdb2a0a58dc" />
    <UnitTestResult executionId="92a585d1-9cf9-46bc-bab3-820c982fcad3" testId="817877a9-fa92-ffe3-c0a5-a704f2eac076" testName="ResetThenAppendQueryThenAppendPath(&quot;http://localhost:12345&quot;,&quot;/some&quot;,&quot;one|1|two|2&quot;,&quot;http://localhost:12345/some?one=1&amp;two=2&quot;)" computerName="pkrvmxyh4eaekms" duration="00:00:00.0001299" startTime="2025-06-24T21:13:34.5489020+00:00" endTime="2025-06-24T21:13:34.5490318+00:00" testType="13cdc9d9-ddb5-4fa4-a97d-d965ccfc6d4b" outcome="Passed" testListId="8c84fa94-04c1-424b-9868-57a2d4851a1d" relativeResultsDirectory="92a585d1-9cf9-46bc-bab3-820c982fcad3" />
    <UnitTestResult executionId="b1607c5e-8626-485c-876c-9e9b982a9f9a" testId="eafb9ace-ebaf-e012-dda0-09b129d22a17" testName="AppendQuery_Bool(&quot;http://localhost&quot;,False,True,&quot;http://localhost/?query=false&quot;)" computerName="pkrvmxyh4eaekms" duration="00:00:00.0000770" startTime="2025-06-24T21:13:34.5200511+00:00" endTime="2025-06-24T21:13:34.5201279+00:00" testType="13cdc9d9-ddb5-4fa4-a97d-d965ccfc6d4b" outcome="Passed" testListId="8c84fa94-04c1-424b-9868-57a2d4851a1d" relativeResultsDirectory="b1607c5e-8626-485c-876c-9e9b982a9f9a" />
    <UnitTestResult executionId="01f097f1-260e-421e-89bb-4cbd3fbca477" testId="e3f6b41b-723f-fe52-6ef5-10aa6556c371" testName="TestBuildAuthFields_SubClients_WithAuth(Microsoft.TypeSpec.Generator.Input.InputClient)" computerName="pkrvmxyh4eaekms" duration="00:00:00.0034170" startTime="2025-06-24T21:13:34.0152807+00:00" endTime="2025-06-24T21:13:34.0186975+00:00" testType="13cdc9d9-ddb5-4fa4-a97d-d965ccfc6d4b" outcome="Passed" testListId="8c84fa94-04c1-424b-9868-57a2d4851a1d" relativeResultsDirectory="01f097f1-260e-421e-89bb-4cbd3fbca477" />
    <UnitTestResult executionId="d7ffd8a2-b62d-4383-b8d9-42325bfb40da" testId="763fef58-1ede-bd37-d3db-07fa6ea545ca" testName="RoundTripWithModelReaderWriter(&quot;W&quot;)" computerName="pkrvmxyh4eaekms" duration="00:00:00.0027130" startTime="2025-06-24T21:13:30.2260252+00:00" endTime="2025-06-24T21:13:30.2287384+00:00" testType="13cdc9d9-ddb5-4fa4-a97d-d965ccfc6d4b" outcome="Passed" testListId="8c84fa94-04c1-424b-9868-57a2d4851a1d" relativeResultsDirectory="d7ffd8a2-b62d-4383-b8d9-42325bfb40da" />
    <UnitTestResult executionId="a976ca58-7e7d-4b9d-808a-f6d6068792e9" testId="1eebbacd-bca6-3a8c-37b6-3e2efdecc729" testName="TestNestedTypes(True)" computerName="pkrvmxyh4eaekms" duration="00:00:00.0028990" startTime="2025-06-24T21:13:32.4119612+00:00" endTime="2025-06-24T21:13:32.4148604+00:00" testType="13cdc9d9-ddb5-4fa4-a97d-d965ccfc6d4b" outcome="Passed" testListId="8c84fa94-04c1-424b-9868-57a2d4851a1d" relativeResultsDirectory="a976ca58-7e7d-4b9d-808a-f6d6068792e9" />
    <UnitTestResult executionId="8f440012-e10b-4328-870b-6cf9a966573a" testId="f74fbe00-0c7a-711f-33e0-1688ffdc8c23" testName="TestBuildAuthFields_WithSubClients_WithAuth(Microsoft.TypeSpec.Generator.Input.InputClient)" computerName="pkrvmxyh4eaekms" duration="00:00:00.0019490" startTime="2025-06-24T21:13:34.0897473+00:00" endTime="2025-06-24T21:13:34.0916964+00:00" testType="13cdc9d9-ddb5-4fa4-a97d-d965ccfc6d4b" outcome="Passed" testListId="8c84fa94-04c1-424b-9868-57a2d4851a1d" relativeResultsDirectory="8f440012-e10b-4328-870b-6cf9a966573a" />
    <UnitTestResult executionId="6086dbd0-a5bb-4870-81ea-d3f58a6879d8" testId="298a1739-b929-a951-cba7-1dded414429f" testName="ValidateIsLastNamespaceSegmentTheSame(&quot;/Foo&quot;,&quot;Foo&quot;)" computerName="pkrvmxyh4eaekms" duration="00:00:00.0011900" startTime="2025-06-24T21:13:34.3072884+00:00" endTime="2025-06-24T21:13:34.3084783+00:00" testType="13cdc9d9-ddb5-4fa4-a97d-d965ccfc6d4b" outcome="Passed" testListId="8c84fa94-04c1-424b-9868-57a2d4851a1d" relativeResultsDirectory="6086dbd0-a5bb-4870-81ea-d3f58a6879d8" />
    <UnitTestResult executionId="dd9a2e5d-c6ff-4fe9-9cca-109e2440d8c1" testId="2fa1f9e2-c77f-77e5-7e5a-8daa566efe7b" testName="ListMethodWithEnumParameter(False,Body)" computerName="pkrvmxyh4eaekms" duration="00:00:00.0046499" startTime="2025-06-24T21:13:38.6464936+00:00" endTime="2025-06-24T21:13:38.6511429+00:00" testType="13cdc9d9-ddb5-4fa4-a97d-d965ccfc6d4b" outcome="Passed" testListId="8c84fa94-04c1-424b-9868-57a2d4851a1d" relativeResultsDirectory="dd9a2e5d-c6ff-4fe9-9cca-109e2440d8c1" />
    <UnitTestResult executionId="493fabfe-d4bf-4b4d-82b2-ebf1f7a1b234" testId="47801b5e-10f4-56e3-4d93-5810e362eda9" testName="RoundTripWithJsonInterfaceUtf8Reader(&quot;W&quot;)" computerName="pkrvmxyh4eaekms" duration="00:00:00.0010090" startTime="2025-06-24T21:13:30.2778714+00:00" endTime="2025-06-24T21:13:30.2788802+00:00" testType="13cdc9d9-ddb5-4fa4-a97d-d965ccfc6d4b" outcome="Passed" testListId="8c84fa94-04c1-424b-9868-57a2d4851a1d" relativeResultsDirectory="493fabfe-d4bf-4b4d-82b2-ebf1f7a1b234" />
    <UnitTestResult executionId="fdec7eb6-1d70-446d-a7c1-5432a7e61c77" testId="73850f0f-af34-f1c4-850f-dbfe7dcd52a0" testName="CanReplaceStructMethod(True)" computerName="pkrvmxyh4eaekms" duration="00:00:00.1253850" startTime="2025-06-24T21:13:33.6598968+00:00" endTime="2025-06-24T21:13:33.7852808+00:00" testType="13cdc9d9-ddb5-4fa4-a97d-d965ccfc6d4b" outcome="Passed" testListId="8c84fa94-04c1-424b-9868-57a2d4851a1d" relativeResultsDirectory="fdec7eb6-1d70-446d-a7c1-5432a7e61c77" />
    <UnitTestResult executionId="a75dc5cf-6ace-4b74-9244-34e2b96e2ac5" testId="d82a3974-a1b3-5452-a547-6e33ca1a063c" testName="TestBuildAuthFields_WithSubClients_NoAuth(Microsoft.TypeSpec.Generator.Input.InputClient)" computerName="pkrvmxyh4eaekms" duration="00:00:00.0019270" startTime="2025-06-24T21:13:34.0834419+00:00" endTime="2025-06-24T21:13:34.0853690+00:00" testType="13cdc9d9-ddb5-4fa4-a97d-d965ccfc6d4b" outcome="Passed" testListId="8c84fa94-04c1-424b-9868-57a2d4851a1d" relativeResultsDirectory="a75dc5cf-6ace-4b74-9244-34e2b96e2ac5" />
    <UnitTestResult executionId="074126eb-cd1c-449d-84b2-c209b02a9072" testId="f4244c06-7c13-2f72-fdd2-6d274b1695e1" testName="AppendPath_Bool(&quot;http://localhost&quot;,False,True,&quot;http://localhost/false&quot;)" computerName="pkrvmxyh4eaekms" duration="00:00:00.0000850" startTime="2025-06-24T21:13:34.4551978+00:00" endTime="2025-06-24T21:13:34.4552828+00:00" testType="13cdc9d9-ddb5-4fa4-a97d-d965ccfc6d4b" outcome="Passed" testListId="8c84fa94-04c1-424b-9868-57a2d4851a1d" relativeResultsDirectory="074126eb-cd1c-449d-84b2-c209b02a9072" />
    <UnitTestResult executionId="a2d520de-a6ca-4b1b-9283-6324fc84bc33" testId="7456fb2c-8b28-44ae-c1dd-c8e91814e107" testName="AppendQuery_Int(&quot;http://localhost&quot;,-299792458,True,&quot;http://localhost/?query=-299792458&quot;)" computerName="pkrvmxyh4eaekms" duration="00:00:00.0001350" startTime="2025-06-24T21:13:34.5274640+00:00" endTime="2025-06-24T21:13:34.5275986+00:00" testType="13cdc9d9-ddb5-4fa4-a97d-d965ccfc6d4b" outcome="Passed" testListId="8c84fa94-04c1-424b-9868-57a2d4851a1d" relativeResultsDirectory="a2d520de-a6ca-4b1b-9283-6324fc84bc33" />
    <UnitTestResult executionId="a640d6d0-a304-4d8c-b913-24c24ad76f07" testId="01dea6c4-7d7e-b6c3-7af5-444e0351b58b" testName="ResetThenAppendPath(&quot;http://localhost:12345/&quot;,null,&quot;http://localhost:12345/&quot;)" computerName="pkrvmxyh4eaekms" duration="00:00:00.0002030" startTime="2025-06-24T21:13:34.5347518+00:00" endTime="2025-06-24T21:13:34.5349548+00:00" testType="13cdc9d9-ddb5-4fa4-a97d-d965ccfc6d4b" outcome="Passed" testListId="8c84fa94-04c1-424b-9868-57a2d4851a1d" relativeResultsDirectory="a640d6d0-a304-4d8c-b913-24c24ad76f07" />
    <UnitTestResult executionId="389d86c8-4e1b-4776-b51d-2e99243897c3" testId="e6cf1529-c6a8-2487-8cef-54044b5c3922" testName="ValidateReturnTypeOfCreateRequestIsOverridden" computerName="pkrvmxyh4eaekms" duration="00:00:00.0031040" startTime="2025-06-24T21:13:30.3652819+00:00" endTime="2025-06-24T21:13:30.3683854+00:00" testType="13cdc9d9-ddb5-4fa4-a97d-d965ccfc6d4b" outcome="Passed" testListId="8c84fa94-04c1-424b-9868-57a2d4851a1d" relativeResultsDirectory="389d86c8-4e1b-4776-b51d-2e99243897c3" />
    <UnitTestResult executionId="ea435904-f59d-4bf6-8b6c-f825c52cf17d" testId="5e6b1476-a892-09fa-249f-600b43aed7f9" testName="ValidateClientWithAcceptHeader_ValuesDefinedAsEnum" computerName="pkrvmxyh4eaekms" duration="00:00:00.0013000" startTime="2025-06-24T21:13:38.5933753+00:00" endTime="2025-06-24T21:13:38.5946751+00:00" testType="13cdc9d9-ddb5-4fa4-a97d-d965ccfc6d4b" outcome="Passed" testListId="8c84fa94-04c1-424b-9868-57a2d4851a1d" relativeResultsDirectory="ea435904-f59d-4bf6-8b6c-f825c52cf17d" />
    <UnitTestResult executionId="0854539c-43a8-4b67-859e-25fc431a59e6" testId="b030cc08-927e-166a-c61c-0f77792a9336" testName="ValidateConvertToString(&quot;D&quot;,[1, 2, 3],&quot;AQID&quot;)" computerName="pkrvmxyh4eaekms" duration="00:00:00.0001340" startTime="2025-06-24T21:13:38.7431436+00:00" endTime="2025-06-24T21:13:38.7432776+00:00" testType="13cdc9d9-ddb5-4fa4-a97d-d965ccfc6d4b" outcome="Passed" testListId="8c84fa94-04c1-424b-9868-57a2d4851a1d" relativeResultsDirectory="0854539c-43a8-4b67-859e-25fc431a59e6" />
    <UnitTestResult executionId="a80c2763-a8b0-4a17-9dbd-6e2fc0cf04c6" testId="950100c2-49ef-ba57-58d1-801e4f2eaf4a" testName="ValidateClientWithApiVersionPathParameter(Microsoft.TypeSpec.Generator.Input.InputClient)" computerName="pkrvmxyh4eaekms" duration="00:00:00.0010230" startTime="2025-06-24T21:13:38.5968188+00:00" endTime="2025-06-24T21:13:38.5978416+00:00" testType="13cdc9d9-ddb5-4fa4-a97d-d965ccfc6d4b" outcome="Passed" testListId="8c84fa94-04c1-424b-9868-57a2d4851a1d" relativeResultsDirectory="a80c2763-a8b0-4a17-9dbd-6e2fc0cf04c6" />
    <UnitTestResult executionId="79155a57-646d-49ff-8568-8c45dab42b5e" testId="b5b58d28-edb9-724c-2a4f-03de57c0a826" testName="TestFields(True)" computerName="pkrvmxyh4eaekms" duration="00:00:00.0025440" startTime="2025-06-24T21:13:32.4046364+00:00" endTime="2025-06-24T21:13:32.4071804+00:00" testType="13cdc9d9-ddb5-4fa4-a97d-d965ccfc6d4b" outcome="Passed" testListId="8c84fa94-04c1-424b-9868-57a2d4851a1d" relativeResultsDirectory="79155a57-646d-49ff-8568-8c45dab42b5e" />
    <UnitTestResult executionId="832d697c-a108-43d8-b44f-d61bcc5a67b7" testId="6d6f828d-b4a8-fddd-d901-abc5c021fa4d" testName="RoundTripWithModelInterface(&quot;W&quot;)" computerName="pkrvmxyh4eaekms" duration="00:00:00.0021779" startTime="2025-06-24T21:13:30.2169178+00:00" endTime="2025-06-24T21:13:30.2190959+00:00" testType="13cdc9d9-ddb5-4fa4-a97d-d965ccfc6d4b" outcome="Passed" testListId="8c84fa94-04c1-424b-9868-57a2d4851a1d" relativeResultsDirectory="832d697c-a108-43d8-b44f-d61bcc5a67b7" />
    <UnitTestResult executionId="39014cae-381f-4bf5-8c19-138f4a668ba4" testId="75ae619b-afeb-b804-17e6-a8aa7acd150f" testName="AppendQuery_Float(&quot;http://localhost&quot;,3.14f,True,&quot;http://localhost/?query=3.14&quot;)" computerName="pkrvmxyh4eaekms" duration="00:00:00.0003730" startTime="2025-06-24T21:13:34.5245927+00:00" endTime="2025-06-24T21:13:34.5249650+00:00" testType="13cdc9d9-ddb5-4fa4-a97d-d965ccfc6d4b" outcome="Passed" testListId="8c84fa94-04c1-424b-9868-57a2d4851a1d" relativeResultsDirectory="39014cae-381f-4bf5-8c19-138f4a668ba4" />
    <UnitTestResult executionId="4c3e8849-7585-460e-bfcf-65795d9b4aad" testId="4c3b5503-f5e3-d0cf-7dea-df6a38426cca" testName="ContinuationTokenInBodyOfT" computerName="pkrvmxyh4eaekms" duration="00:00:00.0080280" startTime="2025-06-24T21:13:34.5899753+00:00" endTime="2025-06-24T21:13:34.5980027+00:00" testType="13cdc9d9-ddb5-4fa4-a97d-d965ccfc6d4b" outcome="Passed" testListId="8c84fa94-04c1-424b-9868-57a2d4851a1d" relativeResultsDirectory="4c3e8849-7585-460e-bfcf-65795d9b4aad" />
    <UnitTestResult executionId="989cb73c-7eb7-47af-ae92-abc9980b47ae" testId="d81aefaa-21b2-2ce8-1512-b4dc36d8fb4e" testName="AppendQueryDelimited(&quot;http://localhost&quot;,[&quot;hello&quot;, &quot;world&quot;],&quot;,&quot;,True,&quot;http://localhost/?query=hello%2Cworld&quot;)" computerName="pkrvmxyh4eaekms" duration="00:00:00.0011070" startTime="2025-06-24T21:13:34.5313448+00:00" endTime="2025-06-24T21:13:34.5324514+00:00" testType="13cdc9d9-ddb5-4fa4-a97d-d965ccfc6d4b" outcome="Passed" testListId="8c84fa94-04c1-424b-9868-57a2d4851a1d" relativeResultsDirectory="989cb73c-7eb7-47af-ae92-abc9980b47ae" />
    <UnitTestResult executionId="c1cd9017-9274-46dd-b771-32b3552ecbf7" testId="73131707-ca1a-3884-7742-1965e89251f2" testName="ValidateConvertToString(null,-42,&quot;-42&quot;)" computerName="pkrvmxyh4eaekms" duration="00:00:00.0001340" startTime="2025-06-24T21:13:38.7420670+00:00" endTime="2025-06-24T21:13:38.7422013+00:00" testType="13cdc9d9-ddb5-4fa4-a97d-d965ccfc6d4b" outcome="Passed" testListId="8c84fa94-04c1-424b-9868-57a2d4851a1d" relativeResultsDirectory="c1cd9017-9274-46dd-b771-32b3552ecbf7" />
    <UnitTestResult executionId="dd5520cd-f56f-4d4d-bd3e-d7f15c1d8fa6" testId="955cd9c5-d10e-23d7-8d60-ef62fae1fbcc" testName="TestBuildFields(System.Collections.Generic.List`1[Microsoft.TypeSpec.Generator.Input.InputParameter],System.Collections.Generic.List`1[Microsoft.TypeSpec.Generator.ClientModel.Tests.Providers.ClientProviders.ClientProviderTests+ExpectedFieldProvider])" computerName="pkrvmxyh4eaekms" duration="00:00:00.0018910" startTime="2025-06-24T21:13:34.1770135+00:00" endTime="2025-06-24T21:13:34.1789045+00:00" testType="13cdc9d9-ddb5-4fa4-a97d-d965ccfc6d4b" outcome="Passed" testListId="8c84fa94-04c1-424b-9868-57a2d4851a1d" relativeResultsDirectory="dd5520cd-f56f-4d4d-bd3e-d7f15c1d8fa6" />
    <UnitTestResult executionId="faa713dd-9110-4fda-97dc-37fb126181a6" testId="98690f6c-f3f1-595a-da66-da2a34bb754a" testName="CanChangeClientOptionsAccessibility" computerName="pkrvmxyh4eaekms" duration="00:00:00.0845730" startTime="2025-06-24T21:13:33.2206244+00:00" endTime="2025-06-24T21:13:33.3051964+00:00" testType="13cdc9d9-ddb5-4fa4-a97d-d965ccfc6d4b" outcome="Passed" testListId="8c84fa94-04c1-424b-9868-57a2d4851a1d" relativeResultsDirectory="faa713dd-9110-4fda-97dc-37fb126181a6" />
    <UnitTestResult executionId="ec5f8077-c748-4437-8d2f-1eba0c2d2b87" testId="f0201c7a-8e53-0c7d-ef99-05c2124efd39" testName="RequestBodyConstructedUsingReadOnlyMemoryBinaryContentHelpers" computerName="pkrvmxyh4eaekms" duration="00:00:00.0027710" startTime="2025-06-24T21:13:38.7136997+00:00" endTime="2025-06-24T21:13:38.7164702+00:00" testType="13cdc9d9-ddb5-4fa4-a97d-d965ccfc6d4b" outcome="Passed" testListId="8c84fa94-04c1-424b-9868-57a2d4851a1d" relativeResultsDirectory="ec5f8077-c748-4437-8d2f-1eba0c2d2b87" />
    <UnitTestResult executionId="0ad0c996-c831-454d-b2c0-e0f7aa0fb627" testId="98cba7ef-cae3-92dd-b1d6-f5f810e86693" testName="TestBuildFields_WithSubClients(Microsoft.TypeSpec.Generator.Input.InputClient,System.Collections.Generic.List`1[Microsoft.TypeSpec.Generator.ClientModel.Tests.Providers.ClientProviders.ClientProviderTests+ExpectedFieldProvider])" computerName="pkrvmxyh4eaekms" duration="00:00:00.0020560" startTime="2025-06-24T21:13:34.1863507+00:00" endTime="2025-06-24T21:13:34.1884063+00:00" testType="13cdc9d9-ddb5-4fa4-a97d-d965ccfc6d4b" outcome="Passed" testListId="8c84fa94-04c1-424b-9868-57a2d4851a1d" relativeResultsDirectory="0ad0c996-c831-454d-b2c0-e0f7aa0fb627" />
    <UnitTestResult executionId="0bbc55c2-a066-4558-a329-3153e946fe32" testId="92bc38d8-1a86-f92f-8d1f-451565894cae" testName="ValidateToEnumMethodsFixed(Microsoft.TypeSpec.Generator.Input.InputEnumType)" computerName="pkrvmxyh4eaekms" duration="00:00:00.0007510" startTime="2025-06-24T21:13:34.9168902+00:00" endTime="2025-06-24T21:13:34.9176407+00:00" testType="13cdc9d9-ddb5-4fa4-a97d-d965ccfc6d4b" outcome="Passed" testListId="8c84fa94-04c1-424b-9868-57a2d4851a1d" relativeResultsDirectory="0bbc55c2-a066-4558-a329-3153e946fe32" />
    <UnitTestResult executionId="8f89a88b-9f59-4029-9642-04682894a201" testId="0d27c752-5f60-4ffa-96f4-4ef752e89e1c" testName="AppendQuery_Float(&quot;http://localhost&quot;,-3.14f,False,&quot;http://localhost/?query=-3.14&quot;)" computerName="pkrvmxyh4eaekms" duration="00:00:00.0000860" startTime="2025-06-24T21:13:34.5255205+00:00" endTime="2025-06-24T21:13:34.5256068+00:00" testType="13cdc9d9-ddb5-4fa4-a97d-d965ccfc6d4b" outcome="Passed" testListId="8c84fa94-04c1-424b-9868-57a2d4851a1d" relativeResultsDirectory="8f89a88b-9f59-4029-9642-04682894a201" />
    <UnitTestResult executionId="b8bbe9a9-79ab-4168-a723-ed98fe36198b" testId="dbbaaed9-00fe-90da-a45f-1adc61af23d2" testName="BackCompat_PrereleaseApiVersionsAdded" computerName="pkrvmxyh4eaekms" duration="00:00:00.0614860" startTime="2025-06-24T21:13:32.3367930+00:00" endTime="2025-06-24T21:13:32.3982781+00:00" testType="13cdc9d9-ddb5-4fa4-a97d-d965ccfc6d4b" outcome="Passed" testListId="8c84fa94-04c1-424b-9868-57a2d4851a1d" relativeResultsDirectory="b8bbe9a9-79ab-4168-a723-ed98fe36198b" />
    <UnitTestResult executionId="967496b2-f6c1-4fe3-8a0c-09c3aefe4218" testId="f3de996c-5045-b55d-0a8c-671e3ba55d27" testName="AppendPath_Guid(&quot;http://localhost&quot;,&quot;3f2504e0-4f89-11d3-9a0c-0305e82c3301&quot;,False,&quot;http://localhost/3f2504e0-4f89-11d3-9a0c-0305e82c3301&quot;)" computerName="pkrvmxyh4eaekms" duration="00:00:00.0003410" startTime="2025-06-24T21:13:34.4651774+00:00" endTime="2025-06-24T21:13:34.4655182+00:00" testType="13cdc9d9-ddb5-4fa4-a97d-d965ccfc6d4b" outcome="Passed" testListId="8c84fa94-04c1-424b-9868-57a2d4851a1d" relativeResultsDirectory="967496b2-f6c1-4fe3-8a0c-09c3aefe4218" />
    <UnitTestResult executionId="88082511-ad34-41a5-8bb9-4b7c000d7af4" testId="32df4f6c-fe9a-a853-f5ff-57a18ccb77b2" testName="ContinuationTokenInHeaderAsync" computerName="pkrvmxyh4eaekms" duration="00:00:00.0049439" startTime="2025-06-24T21:13:34.6093011+00:00" endTime="2025-06-24T21:13:34.6142445+00:00" testType="13cdc9d9-ddb5-4fa4-a97d-d965ccfc6d4b" outcome="Passed" testListId="8c84fa94-04c1-424b-9868-57a2d4851a1d" relativeResultsDirectory="88082511-ad34-41a5-8bb9-4b7c000d7af4" />
    <UnitTestResult executionId="5c84e573-14b0-49cd-baa7-cf51d27d6ad4" testId="e7431cde-8f7a-eed3-b10e-0a941618ee9b" testName="TestBuildConstructors_ForSubClient_NoAuth()" computerName="pkrvmxyh4eaekms" duration="00:00:00.0027440" startTime="2025-06-24T21:13:34.1295273+00:00" endTime="2025-06-24T21:13:34.1322707+00:00" testType="13cdc9d9-ddb5-4fa4-a97d-d965ccfc6d4b" outcome="Passed" testListId="8c84fa94-04c1-424b-9868-57a2d4851a1d" relativeResultsDirectory="5c84e573-14b0-49cd-baa7-cf51d27d6ad4" />
    <UnitTestResult executionId="f73089a9-80ad-44b5-9fce-58d1ade69d47" testId="18629ec7-3646-60f2-e0ac-ece98123ec4e" testName="RoundTripWithModelInterfaceNonGeneric(&quot;J&quot;)" computerName="pkrvmxyh4eaekms" duration="00:00:00.0012020" startTime="2025-06-24T21:13:30.0550563+00:00" endTime="2025-06-24T21:13:30.0562584+00:00" testType="13cdc9d9-ddb5-4fa4-a97d-d965ccfc6d4b" outcome="Passed" testListId="8c84fa94-04c1-424b-9868-57a2d4851a1d" relativeResultsDirectory="f73089a9-80ad-44b5-9fce-58d1ade69d47" />
    <UnitTestResult executionId="fc278013-7da4-4fb2-a920-3d866ad49756" testId="15172e93-4a8e-8f04-e2ea-6f69251cd20d" testName="BaseSerializationContainsSwitchStatement" computerName="pkrvmxyh4eaekms" duration="00:00:00.0141930" startTime="2025-06-24T21:13:35.1931946+00:00" endTime="2025-06-24T21:13:35.2073873+00:00" testType="13cdc9d9-ddb5-4fa4-a97d-d965ccfc6d4b" outcome="Passed" testListId="8c84fa94-04c1-424b-9868-57a2d4851a1d" relativeResultsDirectory="fc278013-7da4-4fb2-a920-3d866ad49756" />
    <UnitTestResult executionId="eea1a6ec-1ce2-48ed-8018-8934238842f1" testId="e5ea073a-1304-13ec-948e-c8c80cc58fda" testName="TestIntSerializationStatement(Int64,&quot;string&quot;)" computerName="pkrvmxyh4eaekms" duration="00:00:00.0017130" startTime="2025-06-24T21:13:36.6564528+00:00" endTime="2025-06-24T21:13:36.6581655+00:00" testType="13cdc9d9-ddb5-4fa4-a97d-d965ccfc6d4b" outcome="Passed" testListId="8c84fa94-04c1-424b-9868-57a2d4851a1d" relativeResultsDirectory="eea1a6ec-1ce2-48ed-8018-8934238842f1" />
    <UnitTestResult executionId="e744c6e0-f269-4711-b086-c73cec28ec63" testId="5765d5cd-881c-0ebb-7c0e-e21a8ed03f0a" testName="ResetThenAppendPath(&quot;http://localhost:12345&quot;,null,&quot;http://localhost:12345/&quot;)" computerName="pkrvmxyh4eaekms" duration="00:00:00.0001930" startTime="2025-06-24T21:13:34.5345433+00:00" endTime="2025-06-24T21:13:34.5347362+00:00" testType="13cdc9d9-ddb5-4fa4-a97d-d965ccfc6d4b" outcome="Passed" testListId="8c84fa94-04c1-424b-9868-57a2d4851a1d" relativeResultsDirectory="e744c6e0-f269-4711-b086-c73cec28ec63" />
    <UnitTestResult executionId="abb47627-8314-4a87-9a9f-7e229f6288ce" testId="4908d300-3005-e9cc-511e-30cb01b1991e" testName="TestApiVersionPathParameterOfClient(Microsoft.TypeSpec.Generator.Input.InputClient)" computerName="pkrvmxyh4eaekms" duration="00:00:00.0049510" startTime="2025-06-24T21:13:34.0047871+00:00" endTime="2025-06-24T21:13:34.0097377+00:00" testType="13cdc9d9-ddb5-4fa4-a97d-d965ccfc6d4b" outcome="Passed" testListId="8c84fa94-04c1-424b-9868-57a2d4851a1d" relativeResultsDirectory="abb47627-8314-4a87-9a9f-7e229f6288ce" />
    <UnitTestResult executionId="1e72c8fa-0dd2-4dfc-a661-c91bdbac53df" testId="94a2cac8-4ab7-421d-27d1-f00b332ef0d4" testName="CanReplaceMethod" computerName="pkrvmxyh4eaekms" duration="00:00:00.0906079" startTime="2025-06-24T21:13:35.0223788+00:00" endTime="2025-06-24T21:13:35.1129861+00:00" testType="13cdc9d9-ddb5-4fa4-a97d-d965ccfc6d4b" outcome="Passed" testListId="8c84fa94-04c1-424b-9868-57a2d4851a1d" relativeResultsDirectory="1e72c8fa-0dd2-4dfc-a661-c91bdbac53df" />
    <UnitTestResult executionId="9f74ddf8-54a6-4524-92c9-648dbec284f1" testId="6950c12a-530d-10c2-664d-7df9a43fce0c" testName="AppendPath_Guid(&quot;http://localhost&quot;,&quot;3f2504e0-4f89-11d3-9a0c-0305e82c3301&quot;,True,&quot;http://localhost/3f2504e0-4f89-11d3-9a0c-0305e82c3301&quot;)" computerName="pkrvmxyh4eaekms" duration="00:00:00.0004510" startTime="2025-06-24T21:13:34.4647106+00:00" endTime="2025-06-24T21:13:34.4651617+00:00" testType="13cdc9d9-ddb5-4fa4-a97d-d965ccfc6d4b" outcome="Passed" testListId="8c84fa94-04c1-424b-9868-57a2d4851a1d" relativeResultsDirectory="9f74ddf8-54a6-4524-92c9-648dbec284f1" />
    <UnitTestResult executionId="85d4cfe9-153a-454d-b9a4-2dba5ad021c4" testId="4908d300-3005-e9cc-511e-30cb01b1991e" testName="TestApiVersionPathParameterOfClient(Microsoft.TypeSpec.Generator.Input.InputClient)" computerName="pkrvmxyh4eaekms" duration="00:00:00.0075490" startTime="2025-06-24T21:13:33.9971982+00:00" endTime="2025-06-24T21:13:34.0047473+00:00" testType="13cdc9d9-ddb5-4fa4-a97d-d965ccfc6d4b" outcome="Passed" testListId="8c84fa94-04c1-424b-9868-57a2d4851a1d" relativeResultsDirectory="85d4cfe9-153a-454d-b9a4-2dba5ad021c4" />
    <UnitTestResult executionId="ae938f40-b1f3-4c73-ac60-e20191cdc5b6" testId="43f1300e-f020-7c17-c8a6-2b28700085f2" testName="CanCustomizeLiteralExtensibleEnum(Microsoft.TypeSpec.Generator.Input.InputLiteralType)" computerName="pkrvmxyh4eaekms" duration="00:00:00.0825270" startTime="2025-06-24T21:13:37.4283024+00:00" endTime="2025-06-24T21:13:37.5108286+00:00" testType="13cdc9d9-ddb5-4fa4-a97d-d965ccfc6d4b" outcome="Passed" testListId="8c84fa94-04c1-424b-9868-57a2d4851a1d" relativeResultsDirectory="ae938f40-b1f3-4c73-ac60-e20191cdc5b6" />
    <UnitTestResult executionId="22e7e9b7-401e-490e-b353-3d26fbde2f10" testId="51cb5a3a-59ce-98a7-b4b7-3fe113e0d820" testName="RoundTripWithModelInterfaceNonGeneric(&quot;J&quot;)" computerName="pkrvmxyh4eaekms" duration="00:00:00.0023590" startTime="2025-06-24T21:13:30.2191518+00:00" endTime="2025-06-24T21:13:30.2215107+00:00" testType="13cdc9d9-ddb5-4fa4-a97d-d965ccfc6d4b" outcome="Passed" testListId="8c84fa94-04c1-424b-9868-57a2d4851a1d" relativeResultsDirectory="22e7e9b7-401e-490e-b353-3d26fbde2f10" />
    <UnitTestResult executionId="cbb01444-5a35-475e-98a7-09e17c845a6f" testId="d6ce6e65-ac0d-3e3a-3f5a-bb409eb791be" testName="NextLinkInHeaderOfT" computerName="pkrvmxyh4eaekms" duration="00:00:00.0041020" startTime="2025-06-24T21:13:34.6732618+00:00" endTime="2025-06-24T21:13:34.6773638+00:00" testType="13cdc9d9-ddb5-4fa4-a97d-d965ccfc6d4b" outcome="Passed" testListId="8c84fa94-04c1-424b-9868-57a2d4851a1d" relativeResultsDirectory="cbb01444-5a35-475e-98a7-09e17c845a6f" />
    <UnitTestResult executionId="1da6b342-a30b-4832-8e44-d4ed6716169a" testId="caccd0b9-6717-f97e-3a5a-d03de4c75025" testName="ResetThenAppendPathThenAppendQuery(&quot;http://localhost&quot;,&quot;/some/&quot;,&quot;one|1|two|2&quot;,&quot;http://localhost/some/?one=1&amp;two=2&quot;)" computerName="pkrvmxyh4eaekms" duration="00:00:00.0001070" startTime="2025-06-24T21:13:34.5435350+00:00" endTime="2025-06-24T21:13:34.5436423+00:00" testType="13cdc9d9-ddb5-4fa4-a97d-d965ccfc6d4b" outcome="Passed" testListId="8c84fa94-04c1-424b-9868-57a2d4851a1d" relativeResultsDirectory="1da6b342-a30b-4832-8e44-d4ed6716169a" />
    <UnitTestResult executionId="d0b6af3e-196e-4d28-b6d4-530cd5051c6d" testId="26fe1055-2113-22c2-6ca3-f104b331390f" testName="RoundTripWithModelReaderWriter(&quot;W&quot;)" computerName="pkrvmxyh4eaekms" duration="00:00:00.0005980" startTime="2025-06-24T21:13:30.0610752+00:00" endTime="2025-06-24T21:13:30.0616730+00:00" testType="13cdc9d9-ddb5-4fa4-a97d-d965ccfc6d4b" outcome="Passed" testListId="8c84fa94-04c1-424b-9868-57a2d4851a1d" relativeResultsDirectory="d0b6af3e-196e-4d28-b6d4-530cd5051c6d" />
    <UnitTestResult executionId="0e6c2fef-8b17-415d-bc22-c10e1433b0eb" testId="e3f6b41b-723f-fe52-6ef5-10aa6556c371" testName="TestBuildAuthFields_SubClients_WithAuth(Microsoft.TypeSpec.Generator.Input.InputClient)" computerName="pkrvmxyh4eaekms" duration="00:00:00.0023080" startTime="2025-06-24T21:13:34.0381417+00:00" endTime="2025-06-24T21:13:34.0404500+00:00" testType="13cdc9d9-ddb5-4fa4-a97d-d965ccfc6d4b" outcome="Passed" testListId="8c84fa94-04c1-424b-9868-57a2d4851a1d" relativeResultsDirectory="0e6c2fef-8b17-415d-bc22-c10e1433b0eb" />
    <UnitTestResult executionId="fb5d6676-171a-4153-be65-1976325c3c5d" testId="3760ca19-b6ce-3664-25f9-5023d89ae17a" testName="RoundTripWithJsonInterfaceUtf8ReaderNonGeneric(&quot;J&quot;)" computerName="pkrvmxyh4eaekms" duration="00:00:00.0011580" startTime="2025-06-24T21:13:30.2491907+00:00" endTime="2025-06-24T21:13:30.2503488+00:00" testType="13cdc9d9-ddb5-4fa4-a97d-d965ccfc6d4b" outcome="Passed" testListId="8c84fa94-04c1-424b-9868-57a2d4851a1d" relativeResultsDirectory="fb5d6676-171a-4153-be65-1976325c3c5d" />
    <UnitTestResult executionId="e4a8f871-48ba-4536-b181-933ef021e091" testId="3c881886-4db7-dbcd-6874-1deb25e16f63" testName="ResetThenAppendPath(&quot;http://localhost:12345/with&quot;,&quot;/path/&quot;,&quot;http://localhost:12345/with/path/&quot;)" computerName="pkrvmxyh4eaekms" duration="00:00:00.0002000" startTime="2025-06-24T21:13:34.5408551+00:00" endTime="2025-06-24T21:13:34.5410554+00:00" testType="13cdc9d9-ddb5-4fa4-a97d-d965ccfc6d4b" outcome="Passed" testListId="8c84fa94-04c1-424b-9868-57a2d4851a1d" relativeResultsDirectory="e4a8f871-48ba-4536-b181-933ef021e091" />
    <UnitTestResult executionId="59fea3e4-3626-4d86-99a1-580309baf1c0" testId="f74fbe00-0c7a-711f-33e0-1688ffdc8c23" testName="TestBuildAuthFields_WithSubClients_WithAuth(Microsoft.TypeSpec.Generator.Input.InputClient)" computerName="pkrvmxyh4eaekms" duration="00:00:00.0019849" startTime="2025-06-24T21:13:34.0877307+00:00" endTime="2025-06-24T21:13:34.0897150+00:00" testType="13cdc9d9-ddb5-4fa4-a97d-d965ccfc6d4b" outcome="Passed" testListId="8c84fa94-04c1-424b-9868-57a2d4851a1d" relativeResultsDirectory="59fea3e4-3626-4d86-99a1-580309baf1c0" />
    <UnitTestResult executionId="e5e7dde7-7c78-490e-9a75-fb72d19ab34b" testId="90b986fa-cbc6-3760-9999-22ccdf627ac8" testName="RoundTripWithModelReaderWriterNonGeneric(&quot;W&quot;)" computerName="pkrvmxyh4eaekms" duration="00:00:00.0010970" startTime="2025-06-24T21:13:30.2660626+00:00" endTime="2025-06-24T21:13:30.2671592+00:00" testType="13cdc9d9-ddb5-4fa4-a97d-d965ccfc6d4b" outcome="Passed" testListId="8c84fa94-04c1-424b-9868-57a2d4851a1d" relativeResultsDirectory="e5e7dde7-7c78-490e-9a75-fb72d19ab34b" />
    <UnitTestResult executionId="3c7571b9-3f00-4ea0-8a75-d53d71113fc0" testId="29dad130-e5f3-04d1-382b-77709bfa049c" testName="TestBuildPersistableModelWriteCoreMethod(False)" computerName="pkrvmxyh4eaekms" duration="00:00:00.0022630" startTime="2025-06-24T21:13:36.6132517+00:00" endTime="2025-06-24T21:13:36.6155149+00:00" testType="13cdc9d9-ddb5-4fa4-a97d-d965ccfc6d4b" outcome="Passed" testListId="8c84fa94-04c1-424b-9868-57a2d4851a1d" relativeResultsDirectory="3c7571b9-3f00-4ea0-8a75-d53d71113fc0" />
    <UnitTestResult executionId="b6a1f4b3-ce6d-463e-8cb4-058248cc6e7a" testId="a4e27c1f-b13a-63ea-5950-d6764b4af861" testName="AppendPath_Int(&quot;http://localhost&quot;,-299792458,True,&quot;http://localhost/-299792458&quot;)" computerName="pkrvmxyh4eaekms" duration="00:00:00.0000900" startTime="2025-06-24T21:13:34.4664234+00:00" endTime="2025-06-24T21:13:34.4665131+00:00" testType="13cdc9d9-ddb5-4fa4-a97d-d965ccfc6d4b" outcome="Passed" testListId="8c84fa94-04c1-424b-9868-57a2d4851a1d" relativeResultsDirectory="b6a1f4b3-ce6d-463e-8cb4-058248cc6e7a" />
    <UnitTestResult executionId="055f5a39-69bb-4b6c-a53f-5c259c07b3e5" testId="3d064911-8ce4-9ebd-478b-8d7a42aeaa1a" testName="TestBuildAuthFields_WithAuth(System.Collections.Generic.List`1[Microsoft.TypeSpec.Generator.Input.InputParameter])" computerName="pkrvmxyh4eaekms" duration="00:00:00.0027650" startTime="2025-06-24T21:13:34.0536906+00:00" endTime="2025-06-24T21:13:34.0564558+00:00" testType="13cdc9d9-ddb5-4fa4-a97d-d965ccfc6d4b" outcome="Passed" testListId="8c84fa94-04c1-424b-9868-57a2d4851a1d" relativeResultsDirectory="055f5a39-69bb-4b6c-a53f-5c259c07b3e5" />
    <UnitTestResult executionId="3a02568b-58b9-4911-97e6-80a64e7c0bfd" testId="3b908ee4-91ce-c0e9-93f0-06f64e2436c7" testName="AppendQueryDelimited(&quot;http://localhost&quot;,[&quot;hello&quot;, &quot;world&quot;],&quot;;&quot;,True,&quot;http://localhost/?query=hello%3Bworld&quot;)" computerName="pkrvmxyh4eaekms" duration="00:00:00.0005230" startTime="2025-06-24T21:13:34.5324926+00:00" endTime="2025-06-24T21:13:34.5330157+00:00" testType="13cdc9d9-ddb5-4fa4-a97d-d965ccfc6d4b" outcome="Passed" testListId="8c84fa94-04c1-424b-9868-57a2d4851a1d" relativeResultsDirectory="3a02568b-58b9-4911-97e6-80a64e7c0bfd" />
    <UnitTestResult executionId="281155fe-9c40-40ad-82ec-ce5c7ec2389e" testId="2702bbe4-9e72-8edf-0d4b-d6e7e729e629" testName="AppendQuery_TimeSpan(&quot;http://localhost&quot;,&quot;02:15:00&quot;,null,False,&quot;http://localhost/?query=PT2H15M&quot;)" computerName="pkrvmxyh4eaekms" duration="00:00:00.0001460" startTime="2025-06-24T21:13:34.5310835+00:00" endTime="2025-06-24T21:13:34.5312294+00:00" testType="13cdc9d9-ddb5-4fa4-a97d-d965ccfc6d4b" outcome="Passed" testListId="8c84fa94-04c1-424b-9868-57a2d4851a1d" relativeResultsDirectory="281155fe-9c40-40ad-82ec-ce5c7ec2389e" />
    <UnitTestResult executionId="54729d43-7264-4c6d-8353-89172bb7dd2e" testId="48705557-ba7e-35b4-12d1-0d3e35a38924" testName="RoundTripWithModelInterface(&quot;W&quot;)" computerName="pkrvmxyh4eaekms" duration="00:00:00.0009410" startTime="2025-06-24T21:13:30.2832173+00:00" endTime="2025-06-24T21:13:30.2841581+00:00" testType="13cdc9d9-ddb5-4fa4-a97d-d965ccfc6d4b" outcome="Passed" testListId="8c84fa94-04c1-424b-9868-57a2d4851a1d" relativeResultsDirectory="54729d43-7264-4c6d-8353-89172bb7dd2e" />
    <UnitTestResult executionId="826561c6-b8b4-4d55-90e5-aa23b455e3ea" testId="db34eeaa-efd9-a237-f672-4430f6523b37" testName="ContinuationTokenInHeader" computerName="pkrvmxyh4eaekms" duration="00:00:00.0056270" startTime="2025-06-24T21:13:34.6036275+00:00" endTime="2025-06-24T21:13:34.6092542+00:00" testType="13cdc9d9-ddb5-4fa4-a97d-d965ccfc6d4b" outcome="Passed" testListId="8c84fa94-04c1-424b-9868-57a2d4851a1d" relativeResultsDirectory="826561c6-b8b4-4d55-90e5-aa23b455e3ea" />
    <UnitTestResult executionId="b9ee10c0-098f-4690-9399-61b6d18ba02b" testId="97ee7a8b-dbcc-21bb-9955-3f28e8302a4e" testName="AppendQuery_Float(&quot;http://localhost&quot;,-3.14f,True,&quot;http://localhost/?query=-3.14&quot;)" computerName="pkrvmxyh4eaekms" duration="00:00:00.0000940" startTime="2025-06-24T21:13:34.5254095+00:00" endTime="2025-06-24T21:13:34.5255038+00:00" testType="13cdc9d9-ddb5-4fa4-a97d-d965ccfc6d4b" outcome="Passed" testListId="8c84fa94-04c1-424b-9868-57a2d4851a1d" relativeResultsDirectory="b9ee10c0-098f-4690-9399-61b6d18ba02b" />
    <UnitTestResult executionId="5e2586fd-2c52-4eb7-ae09-35b1a45a35dc" testId="cf15e243-4e78-d001-2618-cf3fbacfb013" testName="TestBuildJsonModelWriteCoreMethod(False)" computerName="pkrvmxyh4eaekms" duration="00:00:00.0023830" startTime="2025-06-24T21:13:36.5901368+00:00" endTime="2025-06-24T21:13:36.5925201+00:00" testType="13cdc9d9-ddb5-4fa4-a97d-d965ccfc6d4b" outcome="Passed" testListId="8c84fa94-04c1-424b-9868-57a2d4851a1d" relativeResultsDirectory="5e2586fd-2c52-4eb7-ae09-35b1a45a35dc" />
    <UnitTestResult executionId="e0792df2-6561-4ea9-83f8-b811ffca3206" testId="045aaeef-a9ff-bfd0-1ea0-c0aed08490bb" testName="ClientProviderIsAddedToLibrary()" computerName="pkrvmxyh4eaekms" duration="00:00:00.0033750" startTime="2025-06-24T21:13:33.9005036+00:00" endTime="2025-06-24T21:13:33.9038779+00:00" testType="13cdc9d9-ddb5-4fa4-a97d-d965ccfc6d4b" outcome="Passed" testListId="8c84fa94-04c1-424b-9868-57a2d4851a1d" relativeResultsDirectory="e0792df2-6561-4ea9-83f8-b811ffca3206" />
    <UnitTestResult executionId="d18c573b-0296-4f51-85a5-6252b36f46df" testId="20f7aa37-bdbd-2499-362a-8c32860422e9" testName="AppendPath_ByteArray(&quot;http://localhost&quot;,[104, 101, 108, 108, 111],&quot;U&quot;,True,&quot;http://localhost/aGVsbG8&quot;)" computerName="pkrvmxyh4eaekms" duration="00:00:00.0008690" startTime="2025-06-24T21:13:34.4555137+00:00" endTime="2025-06-24T21:13:34.4563830+00:00" testType="13cdc9d9-ddb5-4fa4-a97d-d965ccfc6d4b" outcome="Passed" testListId="8c84fa94-04c1-424b-9868-57a2d4851a1d" relativeResultsDirectory="d18c573b-0296-4f51-85a5-6252b36f46df" />
    <UnitTestResult executionId="8a29cad1-a577-46c0-ad54-caf11448de84" testId="16ec844b-df5c-e2b9-8133-59889de5527e" testName="FormatsDatesAsJson(&quot;O&quot;,05/04/2020 03:02:01 +01:00,&quot;2020-05-04T02:02:01.1230000Z&quot;)" computerName="pkrvmxyh4eaekms" duration="00:00:00.0003720" startTime="2025-06-24T21:13:38.7347436+00:00" endTime="2025-06-24T21:13:38.7351151+00:00" testType="13cdc9d9-ddb5-4fa4-a97d-d965ccfc6d4b" outcome="Passed" testListId="8c84fa94-04c1-424b-9868-57a2d4851a1d" relativeResultsDirectory="8a29cad1-a577-46c0-ad54-caf11448de84" />
    <UnitTestResult executionId="ac2eca9a-be7c-4fe3-8ce5-eae2068516f6" testId="0a9d26e0-52b5-9b8d-bb94-0a318551e657" testName="ValidateIsLastNamespaceSegmentTheSame(&quot;Bar.Foo&quot;,&quot;Foo&quot;)" computerName="pkrvmxyh4eaekms" duration="00:00:00.0015160" startTime="2025-06-24T21:13:34.2980033+00:00" endTime="2025-06-24T21:13:34.2995188+00:00" testType="13cdc9d9-ddb5-4fa4-a97d-d965ccfc6d4b" outcome="Passed" testListId="8c84fa94-04c1-424b-9868-57a2d4851a1d" relativeResultsDirectory="ac2eca9a-be7c-4fe3-8ce5-eae2068516f6" />
    <UnitTestResult executionId="4102ead5-4847-40b3-bea4-6965722f29e5" testId="d82a3974-a1b3-5452-a547-6e33ca1a063c" testName="TestBuildAuthFields_WithSubClients_NoAuth(Microsoft.TypeSpec.Generator.Input.InputClient)" computerName="pkrvmxyh4eaekms" duration="00:00:00.0018990" startTime="2025-06-24T21:13:34.0796601+00:00" endTime="2025-06-24T21:13:34.0815587+00:00" testType="13cdc9d9-ddb5-4fa4-a97d-d965ccfc6d4b" outcome="Passed" testListId="8c84fa94-04c1-424b-9868-57a2d4851a1d" relativeResultsDirectory="4102ead5-4847-40b3-bea4-6965722f29e5" />
    <UnitTestResult executionId="7fabffae-a183-49ba-9bf4-d6d105b0277d" testId="6413317d-8023-7834-0423-a72d4532e473" testName="ValidateConvertToString(&quot;U&quot;,05/04/2020 03:02:01 +00:00,&quot;1588561321&quot;)" computerName="pkrvmxyh4eaekms" duration="00:00:00.0001350" startTime="2025-06-24T21:13:38.7445441+00:00" endTime="2025-06-24T21:13:38.7446794+00:00" testType="13cdc9d9-ddb5-4fa4-a97d-d965ccfc6d4b" outcome="Passed" testListId="8c84fa94-04c1-424b-9868-57a2d4851a1d" relativeResultsDirectory="7fabffae-a183-49ba-9bf4-d6d105b0277d" />
    <UnitTestResult executionId="4b04c1a7-360f-4070-b476-1b64a170b72c" testId="e7a2272b-a298-7d90-48b8-d8225bf3cf86" testName="TestSubClientAccessorFactoryMethods(Microsoft.TypeSpec.Generator.Input.InputClient,True)" computerName="pkrvmxyh4eaekms" duration="00:00:00.0020020" startTime="2025-06-24T21:13:34.2645934+00:00" endTime="2025-06-24T21:13:34.2665952+00:00" testType="13cdc9d9-ddb5-4fa4-a97d-d965ccfc6d4b" outcome="Passed" testListId="8c84fa94-04c1-424b-9868-57a2d4851a1d" relativeResultsDirectory="4b04c1a7-360f-4070-b476-1b64a170b72c" />
    <UnitTestResult executionId="31c853d0-5cfb-4daa-97eb-48b29abe42da" testId="fca18189-14b0-a9a5-a2ad-de0d93f61ac9" testName="ResetThenAppendPath(&quot;http://localhost:12345&quot;,&quot;/path&quot;,&quot;http://localhost:12345/path&quot;)" computerName="pkrvmxyh4eaekms" duration="00:00:00.0002150" startTime="2025-06-24T21:13:34.5381731+00:00" endTime="2025-06-24T21:13:34.5383875+00:00" testType="13cdc9d9-ddb5-4fa4-a97d-d965ccfc6d4b" outcome="Passed" testListId="8c84fa94-04c1-424b-9868-57a2d4851a1d" relativeResultsDirectory="31c853d0-5cfb-4daa-97eb-48b29abe42da" />
    <UnitTestResult executionId="0fc08ccc-9047-4405-9e41-f7074e61d604" testId="1444e3ea-46f2-f61a-02a4-72867732fe00" testName="CanChangeClientAccessibility" computerName="pkrvmxyh4eaekms" duration="00:00:00.0801140" startTime="2025-06-24T21:13:33.1404574+00:00" endTime="2025-06-24T21:13:33.2205711+00:00" testType="13cdc9d9-ddb5-4fa4-a97d-d965ccfc6d4b" outcome="Passed" testListId="8c84fa94-04c1-424b-9868-57a2d4851a1d" relativeResultsDirectory="0fc08ccc-9047-4405-9e41-f7074e61d604" />
    <UnitTestResult executionId="bfbf788f-88c7-405b-9642-6c4345b534dc" testId="7f634d4b-27ed-9ff9-784d-d68a8b9fe380" testName="ListMethodsAreRenamedToGet" computerName="pkrvmxyh4eaekms" duration="00:00:00.0154880" startTime="2025-06-24T21:13:33.9617849+00:00" endTime="2025-06-24T21:13:33.9772725+00:00" testType="13cdc9d9-ddb5-4fa4-a97d-d965ccfc6d4b" outcome="Passed" testListId="8c84fa94-04c1-424b-9868-57a2d4851a1d" relativeResultsDirectory="bfbf788f-88c7-405b-9642-6c4345b534dc" />
    <UnitTestResult executionId="f111f49f-4da8-451f-8d23-3c9925f6809a" testId="223cb3ce-7b5f-60b3-9f52-4233503bc6f7" testName="ValidateConvertToString(&quot;U&quot;,[4, 5, 6],&quot;BAUG&quot;)" computerName="pkrvmxyh4eaekms" duration="00:00:00.0001550" startTime="2025-06-24T21:13:38.7432933+00:00" endTime="2025-06-24T21:13:38.7434478+00:00" testType="13cdc9d9-ddb5-4fa4-a97d-d965ccfc6d4b" outcome="Passed" testListId="8c84fa94-04c1-424b-9868-57a2d4851a1d" relativeResultsDirectory="f111f49f-4da8-451f-8d23-3c9925f6809a" />
    <UnitTestResult executionId="eac74338-a1f2-4cca-a482-7ca5a3e759e2" testId="f09d85d7-8ab6-0829-1e07-986b9eae07b3" testName="TestIntSerializationStatement(UInt8,null)" computerName="pkrvmxyh4eaekms" duration="00:00:00.0016500" startTime="2025-06-24T21:13:36.6617444+00:00" endTime="2025-06-24T21:13:36.6633947+00:00" testType="13cdc9d9-ddb5-4fa4-a97d-d965ccfc6d4b" outcome="Passed" testListId="8c84fa94-04c1-424b-9868-57a2d4851a1d" relativeResultsDirectory="eac74338-a1f2-4cca-a482-7ca5a3e759e2" />
    <UnitTestResult executionId="874201e9-f88f-46cb-a121-69a43797f50c" testId="b7e2a840-3c47-aac2-217c-7972286dbaac" testName="ResetThenAppendQuery(&quot;http://localhost:12345/&quot;,&quot;one|1|two|2&quot;,&quot;http://localhost:12345/?one=1&amp;two=2&quot;)" computerName="pkrvmxyh4eaekms" duration="00:00:00.0001380" startTime="2025-06-24T21:13:34.5464655+00:00" endTime="2025-06-24T21:13:34.5466039+00:00" testType="13cdc9d9-ddb5-4fa4-a97d-d965ccfc6d4b" outcome="Passed" testListId="8c84fa94-04c1-424b-9868-57a2d4851a1d" relativeResultsDirectory="874201e9-f88f-46cb-a121-69a43797f50c" />
    <UnitTestResult executionId="12df0afe-4a5a-41e4-b23f-ab6efbd9212f" testId="69ee431b-6bac-d2c4-e189-76788a58176a" testName="AppendQuery_Double(&quot;http://localhost&quot;,-3.14d,True,&quot;http://localhost/?query=-3.14&quot;)" computerName="pkrvmxyh4eaekms" duration="00:00:00.0000900" startTime="2025-06-24T21:13:34.5243625+00:00" endTime="2025-06-24T21:13:34.5244523+00:00" testType="13cdc9d9-ddb5-4fa4-a97d-d965ccfc6d4b" outcome="Passed" testListId="8c84fa94-04c1-424b-9868-57a2d4851a1d" relativeResultsDirectory="12df0afe-4a5a-41e4-b23f-ab6efbd9212f" />
    <UnitTestResult executionId="41402ee7-a50b-4a33-b8dd-e41ecbf75ff7" testId="f8fa5101-dce2-8878-b5f1-c2cb03fb91ea" testName="AppendPath_TimeSpan(&quot;http://localhost&quot;,&quot;02:15:00&quot;,&quot;P&quot;,True,&quot;http://localhost/PT2H15M&quot;)" computerName="pkrvmxyh4eaekms" duration="00:00:00.0346580" startTime="2025-06-24T21:13:34.4678169+00:00" endTime="2025-06-24T21:13:34.5024738+00:00" testType="13cdc9d9-ddb5-4fa4-a97d-d965ccfc6d4b" outcome="Passed" testListId="8c84fa94-04c1-424b-9868-57a2d4851a1d" relativeResultsDirectory="41402ee7-a50b-4a33-b8dd-e41ecbf75ff7" />
    <UnitTestResult executionId="6d475351-cddd-4332-ba36-8480d2084b6f" testId="863f00e5-ad5d-e4d5-254c-017b0ea492ef" testName="TestBuildJsonModelCreateCoreMethod(True)" computerName="pkrvmxyh4eaekms" duration="00:00:00.0023609" startTime="2025-06-24T21:13:36.5789378+00:00" endTime="2025-06-24T21:13:36.5812984+00:00" testType="13cdc9d9-ddb5-4fa4-a97d-d965ccfc6d4b" outcome="Passed" testListId="8c84fa94-04c1-424b-9868-57a2d4851a1d" relativeResultsDirectory="6d475351-cddd-4332-ba36-8480d2084b6f" />
    <UnitTestResult executionId="78e44f6b-ed80-42cb-8ec8-698c6cdd2cf0" testId="d56625dc-428d-2fd3-78bc-b8d6e72a64b8" testName="ValidateConvertToString(&quot;O&quot;,05/04/2020 03:02:01 +00:00,&quot;2020-05-04T03:02:01.1230000Z&quot;)" computerName="pkrvmxyh4eaekms" duration="00:00:00.0001399" startTime="2025-06-24T21:13:38.7436135+00:00" endTime="2025-06-24T21:13:38.7437531+00:00" testType="13cdc9d9-ddb5-4fa4-a97d-d965ccfc6d4b" outcome="Passed" testListId="8c84fa94-04c1-424b-9868-57a2d4851a1d" relativeResultsDirectory="78e44f6b-ed80-42cb-8ec8-698c6cdd2cf0" />
    <UnitTestResult executionId="55b86b1b-4800-4220-af47-3861abc0a424" testId="756b8d5a-da58-e698-7688-1e61968366ee" testName="TestEqualAfterConvertingToUtc(&quot;2020-05-04T03:02:01.1230000&quot;)" computerName="pkrvmxyh4eaekms" duration="00:00:00.0001320" startTime="2025-06-24T21:13:38.7405277+00:00" endTime="2025-06-24T21:13:38.7406592+00:00" testType="13cdc9d9-ddb5-4fa4-a97d-d965ccfc6d4b" outcome="Passed" testListId="8c84fa94-04c1-424b-9868-57a2d4851a1d" relativeResultsDirectory="55b86b1b-4800-4220-af47-3861abc0a424" />
    <UnitTestResult executionId="c1d88a4f-9585-4e50-92ee-da4d195234e9" testId="f13da6e1-73f6-6894-5cc8-addc8326f458" testName="ThrowsIfWireIsNotJson" computerName="pkrvmxyh4eaekms" duration="00:00:00.0009040" startTime="2025-06-24T21:13:30.0771404+00:00" endTime="2025-06-24T21:13:30.0780441+00:00" testType="13cdc9d9-ddb5-4fa4-a97d-d965ccfc6d4b" outcome="Passed" testListId="8c84fa94-04c1-424b-9868-57a2d4851a1d" relativeResultsDirectory="c1d88a4f-9585-4e50-92ee-da4d195234e9" />
    <UnitTestResult executionId="1488291c-929d-4298-b9d8-4c89e9660eac" testId="2315e0cb-ba4e-0315-4e33-7520d0de3d72" testName="ValidateClientWithAcceptHeader_ValueDefinedAsConstant" computerName="pkrvmxyh4eaekms" duration="00:00:00.0009660" startTime="2025-06-24T21:13:38.5923931+00:00" endTime="2025-06-24T21:13:38.5933593+00:00" testType="13cdc9d9-ddb5-4fa4-a97d-d965ccfc6d4b" outcome="Passed" testListId="8c84fa94-04c1-424b-9868-57a2d4851a1d" relativeResultsDirectory="1488291c-929d-4298-b9d8-4c89e9660eac" />
    <UnitTestResult executionId="624f78df-3da4-496e-b5b1-3dc067caf813" testId="054c26a0-9f69-9ce9-ce49-eb0ed2f1204f" testName="ValidateClientWithSpecialHeaders" computerName="pkrvmxyh4eaekms" duration="00:00:00.0007400" startTime="2025-06-24T21:13:38.5985094+00:00" endTime="2025-06-24T21:13:38.5992489+00:00" testType="13cdc9d9-ddb5-4fa4-a97d-d965ccfc6d4b" outcome="Passed" testListId="8c84fa94-04c1-424b-9868-57a2d4851a1d" relativeResultsDirectory="624f78df-3da4-496e-b5b1-3dc067caf813" />
    <UnitTestResult executionId="10f8c91a-a9fb-45bc-bc4b-6ae9360809e7" testId="75ea94fd-3e39-2426-5e3d-01bde1d3cfe1" testName="TestBuildConstructors_SecondaryConstructor(System.Collections.Generic.List`1[Microsoft.TypeSpec.Generator.Input.InputParameter])" computerName="pkrvmxyh4eaekms" duration="00:00:00.0044830" startTime="2025-06-24T21:13:34.1565689+00:00" endTime="2025-06-24T21:13:34.1610523+00:00" testType="13cdc9d9-ddb5-4fa4-a97d-d965ccfc6d4b" outcome="Passed" testListId="8c84fa94-04c1-424b-9868-57a2d4851a1d" relativeResultsDirectory="10f8c91a-a9fb-45bc-bc4b-6ae9360809e7" />
    <UnitTestResult executionId="f3dda017-f1a8-4615-b113-2e296ba45c24" testId="3e1d6d5b-757a-b997-7bb3-f7a179b9268f" testName="AppendPath_ByteArray(&quot;http://localhost&quot;,[104, 101, 108, 108, 111],&quot;D&quot;,True,&quot;http://localhost/aGVsbG8%3D&quot;)" computerName="pkrvmxyh4eaekms" duration="00:00:00.0008770" startTime="2025-06-24T21:13:34.4564026+00:00" endTime="2025-06-24T21:13:34.4572797+00:00" testType="13cdc9d9-ddb5-4fa4-a97d-d965ccfc6d4b" outcome="Passed" testListId="8c84fa94-04c1-424b-9868-57a2d4851a1d" relativeResultsDirectory="f3dda017-f1a8-4615-b113-2e296ba45c24" />
    <UnitTestResult executionId="13975c1a-d293-4242-832d-3f1236d62b4d" testId="9ed36475-70ea-d935-981c-3ee0399bdd52" testName="ValidateClientResponseClassifiers(Microsoft.TypeSpec.Generator.Input.InputClient)" computerName="pkrvmxyh4eaekms" duration="00:00:00.0006579" startTime="2025-06-24T21:13:38.5906251+00:00" endTime="2025-06-24T21:13:38.5912834+00:00" testType="13cdc9d9-ddb5-4fa4-a97d-d965ccfc6d4b" outcome="Passed" testListId="8c84fa94-04c1-424b-9868-57a2d4851a1d" relativeResultsDirectory="13975c1a-d293-4242-832d-3f1236d62b4d" />
    <UnitTestResult executionId="191baa78-ae93-42c2-8dd1-6f264c53fed2" testId="188955b5-e156-d5fd-ccf1-ce70498d9a21" testName="CanReplaceWriteMethod" computerName="pkrvmxyh4eaekms" duration="00:00:00.1464200" startTime="2025-06-24T21:13:38.3159217+00:00" endTime="2025-06-24T21:13:38.4623419+00:00" testType="13cdc9d9-ddb5-4fa4-a97d-d965ccfc6d4b" outcome="Passed" testListId="8c84fa94-04c1-424b-9868-57a2d4851a1d" relativeResultsDirectory="191baa78-ae93-42c2-8dd1-6f264c53fed2" />
    <UnitTestResult executionId="a8a1a3cf-6df5-43cf-ad54-6ef0f99722d6" testId="a73c3e41-b3cb-b229-f869-b2a02776ca71" testName="TestBuildJsonModelCreateMethodProperlyDoesNotCastForUnknown" computerName="pkrvmxyh4eaekms" duration="00:00:00.0037300" startTime="2025-06-24T21:13:35.2273735+00:00" endTime="2025-06-24T21:13:35.2311035+00:00" testType="13cdc9d9-ddb5-4fa4-a97d-d965ccfc6d4b" outcome="Passed" testListId="8c84fa94-04c1-424b-9868-57a2d4851a1d" relativeResultsDirectory="a8a1a3cf-6df5-43cf-ad54-6ef0f99722d6" />
    <UnitTestResult executionId="2bd09819-3576-4b6e-a6c2-85173361fddf" testId="7145ae4b-bd9d-ce63-a02e-8ebc01b346f9" testName="CanCustomizeSerializationMethod" computerName="pkrvmxyh4eaekms" duration="00:00:00.0890300" startTime="2025-06-24T21:13:37.8068308+00:00" endTime="2025-06-24T21:13:37.8958599+00:00" testType="13cdc9d9-ddb5-4fa4-a97d-d965ccfc6d4b" outcome="Passed" testListId="8c84fa94-04c1-424b-9868-57a2d4851a1d" relativeResultsDirectory="2bd09819-3576-4b6e-a6c2-85173361fddf" />
    <UnitTestResult executionId="5b2aa20c-f0ea-4422-87a7-76ccffb397c8" testId="c14f3cef-d7a9-99e2-48ff-da4f93a55ade" testName="AppendQuery_Double(&quot;http://localhost&quot;,3.14d,False,&quot;http://localhost/?query=3.14&quot;)" computerName="pkrvmxyh4eaekms" duration="00:00:00.0003920" startTime="2025-06-24T21:13:34.5239521+00:00" endTime="2025-06-24T21:13:34.5243441+00:00" testType="13cdc9d9-ddb5-4fa4-a97d-d965ccfc6d4b" outcome="Passed" testListId="8c84fa94-04c1-424b-9868-57a2d4851a1d" relativeResultsDirectory="5b2aa20c-f0ea-4422-87a7-76ccffb397c8" />
    <UnitTestResult executionId="570b39fb-6abc-4d08-acb9-12230331de0f" testId="143dbbf3-4ec0-9d69-c413-541c8867be95" testName="RoundTripWithJsonInterfaceOfT(&quot;W&quot;)" computerName="pkrvmxyh4eaekms" duration="00:00:00.0011160" startTime="2025-06-24T21:13:30.2452894+00:00" endTime="2025-06-24T21:13:30.2464049+00:00" testType="13cdc9d9-ddb5-4fa4-a97d-d965ccfc6d4b" outcome="Passed" testListId="8c84fa94-04c1-424b-9868-57a2d4851a1d" relativeResultsDirectory="570b39fb-6abc-4d08-acb9-12230331de0f" />
    <UnitTestResult executionId="322d61e2-8a61-427c-bc87-53303322c67c" testId="d41c81ce-1573-0d69-8a41-0b5e2c4dff5c" testName="TestBuildExplicitFromClientResult" computerName="pkrvmxyh4eaekms" duration="00:00:00.0025130" startTime="2025-06-24T21:13:36.5676253+00:00" endTime="2025-06-24T21:13:36.5701376+00:00" testType="13cdc9d9-ddb5-4fa4-a97d-d965ccfc6d4b" outcome="Passed" testListId="8c84fa94-04c1-424b-9868-57a2d4851a1d" relativeResultsDirectory="322d61e2-8a61-427c-bc87-53303322c67c" />
    <UnitTestResult executionId="c60d3f71-ef12-4a77-8066-9f04ada8b593" testId="5cecca1b-6cfe-a561-61db-bfb6cc7f6214" testName="TestRequestOptionsParameterInSignature(Microsoft.TypeSpec.Generator.Input.InputBasicServiceMethod,False,False)" computerName="pkrvmxyh4eaekms" duration="00:00:00.0040170" startTime="2025-06-24T21:13:34.2396956+00:00" endTime="2025-06-24T21:13:34.2437123+00:00" testType="13cdc9d9-ddb5-4fa4-a97d-d965ccfc6d4b" outcome="Passed" testListId="8c84fa94-04c1-424b-9868-57a2d4851a1d" relativeResultsDirectory="c60d3f71-ef12-4a77-8066-9f04ada8b593" />
    <UnitTestResult executionId="e7e4dfff-1b8a-4f2a-bd38-a3235a7403c1" testId="3d064911-8ce4-9ebd-478b-8d7a42aeaa1a" testName="TestBuildAuthFields_WithAuth(System.Collections.Generic.List`1[Microsoft.TypeSpec.Generator.Input.InputParameter])" computerName="pkrvmxyh4eaekms" duration="00:00:00.0022580" startTime="2025-06-24T21:13:34.0616413+00:00" endTime="2025-06-24T21:13:34.0638994+00:00" testType="13cdc9d9-ddb5-4fa4-a97d-d965ccfc6d4b" outcome="Passed" testListId="8c84fa94-04c1-424b-9868-57a2d4851a1d" relativeResultsDirectory="e7e4dfff-1b8a-4f2a-bd38-a3235a7403c1" />
    <UnitTestResult executionId="a74978a1-bc69-44a8-8fa1-4a58b2d33760" testId="b2543fe7-0c20-a3ef-8f08-d23e11184572" testName="OptionalSnippet_IsCollectionDefined" computerName="pkrvmxyh4eaekms" duration="00:00:00.0002760" startTime="2025-06-24T21:13:38.7608452+00:00" endTime="2025-06-24T21:13:38.7611215+00:00" testType="13cdc9d9-ddb5-4fa4-a97d-d965ccfc6d4b" outcome="Passed" testListId="8c84fa94-04c1-424b-9868-57a2d4851a1d" relativeResultsDirectory="a74978a1-bc69-44a8-8fa1-4a58b2d33760" />
    <UnitTestResult executionId="74d39eee-c552-4b38-bbfa-f63e2122c09b" testId="228d8ed6-db29-3b9e-b289-2db726062215" testName="RoundTripWithJsonInterfaceNonGeneric(&quot;W&quot;)" computerName="pkrvmxyh4eaekms" duration="00:00:00.0010360" startTime="2025-06-24T21:13:30.2429772+00:00" endTime="2025-06-24T21:13:30.2440135+00:00" testType="13cdc9d9-ddb5-4fa4-a97d-d965ccfc6d4b" outcome="Passed" testListId="8c84fa94-04c1-424b-9868-57a2d4851a1d" relativeResultsDirectory="74d39eee-c552-4b38-bbfa-f63e2122c09b" />
    <UnitTestResult executionId="b9c2cd1d-a095-4a4d-bae0-1cac787042b9" testId="1a108419-9c72-94cf-0752-8aadadbe46fc" testName="CanCustomizeUriProperty" computerName="pkrvmxyh4eaekms" duration="00:00:00.1082980" startTime="2025-06-24T21:13:36.3275224+00:00" endTime="2025-06-24T21:13:36.4358194+00:00" testType="13cdc9d9-ddb5-4fa4-a97d-d965ccfc6d4b" outcome="Passed" testListId="8c84fa94-04c1-424b-9868-57a2d4851a1d" relativeResultsDirectory="b9c2cd1d-a095-4a4d-bae0-1cac787042b9" />
    <UnitTestResult executionId="55a26361-168b-46d7-94dc-30905a8394c5" testId="109643b4-ea5c-ad45-126d-1b025f818c70" testName="ValidateConvertToString(null,3.14d,&quot;3.14&quot;)" computerName="pkrvmxyh4eaekms" duration="00:00:00.0001399" startTime="2025-06-24T21:13:38.7425373+00:00" endTime="2025-06-24T21:13:38.7426771+00:00" testType="13cdc9d9-ddb5-4fa4-a97d-d965ccfc6d4b" outcome="Passed" testListId="8c84fa94-04c1-424b-9868-57a2d4851a1d" relativeResultsDirectory="55a26361-168b-46d7-94dc-30905a8394c5" />
    <UnitTestResult executionId="37ecc32e-5b99-45ac-8a67-d7eecb921c46" testId="4a9e2f05-a37c-7177-de3c-274a8bc286bb" testName="ValidateIsLastNamespaceSegmentTheSame(&quot;Foo&quot;,&quot;.Foo&quot;)" computerName="pkrvmxyh4eaekms" duration="00:00:00.0011070" startTime="2025-06-24T21:13:34.3096691+00:00" endTime="2025-06-24T21:13:34.3107758+00:00" testType="13cdc9d9-ddb5-4fa4-a97d-d965ccfc6d4b" outcome="Passed" testListId="8c84fa94-04c1-424b-9868-57a2d4851a1d" relativeResultsDirectory="37ecc32e-5b99-45ac-8a67-d7eecb921c46" />
    <UnitTestResult executionId="57909ad4-3b9f-469a-8153-ce9c2313248a" testId="4ca5403c-76a5-dae0-7b67-c6e13af21774" testName="UnknownVariantPersistableCreateCoreShouldReturnDeserializeBase" computerName="pkrvmxyh4eaekms" duration="00:00:00.0029810" startTime="2025-06-24T21:13:35.2485716+00:00" endTime="2025-06-24T21:13:35.2515522+00:00" testType="13cdc9d9-ddb5-4fa4-a97d-d965ccfc6d4b" outcome="Passed" testListId="8c84fa94-04c1-424b-9868-57a2d4851a1d" relativeResultsDirectory="57909ad4-3b9f-469a-8153-ce9c2313248a" />
    <UnitTestResult executionId="209f59ff-a5d3-4277-8a7f-81b9608f8280" testId="dd7e6866-8340-bf6e-eb04-ef29b1a07f97" testName="TestConstructors(True)" computerName="pkrvmxyh4eaekms" duration="00:00:00.0038280" startTime="2025-06-24T21:13:32.3983866+00:00" endTime="2025-06-24T21:13:32.4022145+00:00" testType="13cdc9d9-ddb5-4fa4-a97d-d965ccfc6d4b" outcome="Passed" testListId="8c84fa94-04c1-424b-9868-57a2d4851a1d" relativeResultsDirectory="209f59ff-a5d3-4277-8a7f-81b9608f8280" />
    <UnitTestResult executionId="1ad72a71-e505-4878-9ae1-1804a82b81ae" testId="3b4a943d-7746-2ac4-aa4d-084a76bc5ce0" testName="TestBuildJsonModelCreateMethod" computerName="pkrvmxyh4eaekms" duration="00:00:00.0020160" startTime="2025-06-24T21:13:36.5832555+00:00" endTime="2025-06-24T21:13:36.5852715+00:00" testType="13cdc9d9-ddb5-4fa4-a97d-d965ccfc6d4b" outcome="Passed" testListId="8c84fa94-04c1-424b-9868-57a2d4851a1d" relativeResultsDirectory="1ad72a71-e505-4878-9ae1-1804a82b81ae" />
    <UnitTestResult executionId="e05dd414-86b3-48eb-a6c7-415217709141" testId="dc3e9d82-618b-d644-9d10-0e33b97c0c55" testName="ResetThenAppendQuery(&quot;http://localhost&quot;,&quot;one|1&quot;,&quot;http://localhost/?one=1&quot;)" computerName="pkrvmxyh4eaekms" duration="00:00:00.0003810" startTime="2025-06-24T21:13:34.5438487+00:00" endTime="2025-06-24T21:13:34.5442292+00:00" testType="13cdc9d9-ddb5-4fa4-a97d-d965ccfc6d4b" outcome="Passed" testListId="8c84fa94-04c1-424b-9868-57a2d4851a1d" relativeResultsDirectory="e05dd414-86b3-48eb-a6c7-415217709141" />
    <UnitTestResult executionId="8515b196-3e4d-4e7c-b8b8-95d84d04233a" testId="d189063a-2c0a-d19a-f98a-dcc48e248ba2" testName="FormatsDatesAsString(&quot;O&quot;,05/04/2020 03:02:01 +00:00,&quot;2020-05-04T03:02:01.1230000Z&quot;)" computerName="pkrvmxyh4eaekms" duration="00:00:00.0002110" startTime="2025-06-24T21:13:38.7360693+00:00" endTime="2025-06-24T21:13:38.7362802+00:00" testType="13cdc9d9-ddb5-4fa4-a97d-d965ccfc6d4b" outcome="Passed" testListId="8c84fa94-04c1-424b-9868-57a2d4851a1d" relativeResultsDirectory="8515b196-3e4d-4e7c-b8b8-95d84d04233a" />
    <UnitTestResult executionId="388ee6f1-d981-4378-ac6e-ca3a420d36c6" testId="9b5f94d3-9969-9523-e0dc-822954cce198" testName="SerializedNameIsUsed(False)" computerName="pkrvmxyh4eaekms" duration="00:00:00.0022690" startTime="2025-06-24T21:13:36.5548220+00:00" endTime="2025-06-24T21:13:36.5570905+00:00" testType="13cdc9d9-ddb5-4fa4-a97d-d965ccfc6d4b" outcome="Passed" testListId="8c84fa94-04c1-424b-9868-57a2d4851a1d" relativeResultsDirectory="388ee6f1-d981-4378-ac6e-ca3a420d36c6" />
    <UnitTestResult executionId="61a8d9f1-eb89-434d-b960-7f81138ef18e" testId="b83054a9-6d1f-b3f4-cf8b-0d733b097e9b" testName="TestIntDeserializeExpression(System.Byte,Int_String)" computerName="pkrvmxyh4eaekms" duration="00:00:00.0003080" startTime="2025-06-24T21:13:36.6368745+00:00" endTime="2025-06-24T21:13:36.6371824+00:00" testType="13cdc9d9-ddb5-4fa4-a97d-d965ccfc6d4b" outcome="Passed" testListId="8c84fa94-04c1-424b-9868-57a2d4851a1d" relativeResultsDirectory="61a8d9f1-eb89-434d-b960-7f81138ef18e" />
    <UnitTestResult executionId="defeba3d-95fa-44eb-a180-b937c1aad8d4" testId="0a677d75-35d4-f91c-9966-daafd696b221" testName="AppendQuery_Long(&quot;http://localhost&quot;,-299792458000000L,True,&quot;http://localhost/?query=-299792458000000&quot;)" computerName="pkrvmxyh4eaekms" duration="00:00:00.0001480" startTime="2025-06-24T21:13:34.5289709+00:00" endTime="2025-06-24T21:13:34.5291192+00:00" testType="13cdc9d9-ddb5-4fa4-a97d-d965ccfc6d4b" outcome="Passed" testListId="8c84fa94-04c1-424b-9868-57a2d4851a1d" relativeResultsDirectory="defeba3d-95fa-44eb-a180-b937c1aad8d4" />
    <UnitTestResult executionId="40900d42-6913-4c94-b1d2-fcc125136377" testId="6820eb44-0158-2a73-f0b8-2a4c254b1834" testName="ResetThenAppendQueryThenAppendPath(&quot;http://localhost:12345&quot;,&quot;some/&quot;,&quot;one|1&quot;,&quot;http://localhost:12345/some/?one=1&quot;)" computerName="pkrvmxyh4eaekms" duration="00:00:00.0001360" startTime="2025-06-24T21:13:34.5479592+00:00" endTime="2025-06-24T21:13:34.5480952+00:00" testType="13cdc9d9-ddb5-4fa4-a97d-d965ccfc6d4b" outcome="Passed" testListId="8c84fa94-04c1-424b-9868-57a2d4851a1d" relativeResultsDirectory="40900d42-6913-4c94-b1d2-fcc125136377" />
    <UnitTestResult executionId="e365c55d-8771-4ab0-a502-c24b2692826d" testId="fedf1bbb-8fa1-f79c-57f2-a44838558af8" testName="ThrowsIfWireIsNotJson" computerName="pkrvmxyh4eaekms" duration="00:00:00.0001520" startTime="2025-06-24T21:13:30.2912051+00:00" endTime="2025-06-24T21:13:30.2913571+00:00" testType="13cdc9d9-ddb5-4fa4-a97d-d965ccfc6d4b" outcome="Passed" testListId="8c84fa94-04c1-424b-9868-57a2d4851a1d" relativeResultsDirectory="e365c55d-8771-4ab0-a502-c24b2692826d" />
    <UnitTestResult executionId="bf604694-81a5-43da-a28b-c372886524c7" testId="762352be-2e5f-00ff-3b2e-3e465a79cd39" testName="ResetThenAppendPath(&quot;http://localhost:12345&quot;,&quot;path&quot;,&quot;http://localhost:12345/path&quot;)" computerName="pkrvmxyh4eaekms" duration="00:00:00.0002140" startTime="2025-06-24T21:13:34.5363911+00:00" endTime="2025-06-24T21:13:34.5366046+00:00" testType="13cdc9d9-ddb5-4fa4-a97d-d965ccfc6d4b" outcome="Passed" testListId="8c84fa94-04c1-424b-9868-57a2d4851a1d" relativeResultsDirectory="bf604694-81a5-43da-a28b-c372886524c7" />
    <UnitTestResult executionId="544209b2-2104-4d3f-81f9-bd8576c8d59e" testId="67d6cfcc-44ba-3a46-cee0-08f5b7b9500d" testName="ValidatePipelinePropertyTypeIsOverridden" computerName="pkrvmxyh4eaekms" duration="00:00:00.0049850" startTime="2025-06-24T21:13:30.3453000+00:00" endTime="2025-06-24T21:13:30.3502852+00:00" testType="13cdc9d9-ddb5-4fa4-a97d-d965ccfc6d4b" outcome="Passed" testListId="8c84fa94-04c1-424b-9868-57a2d4851a1d" relativeResultsDirectory="544209b2-2104-4d3f-81f9-bd8576c8d59e" />
    <UnitTestResult executionId="677ed990-aa25-44a5-8dc8-ca20e0b925f0" testId="3e96eedd-eee8-45b2-9867-4b35303504e8" testName="FormatsDatesAsJson(&quot;O&quot;,05/04/2020 03:02:01 +00:00,&quot;2020-05-04T03:02:01.1230000Z&quot;)" computerName="pkrvmxyh4eaekms" duration="00:00:00.0011050" startTime="2025-06-24T21:13:38.7336071+00:00" endTime="2025-06-24T21:13:38.7347123+00:00" testType="13cdc9d9-ddb5-4fa4-a97d-d965ccfc6d4b" outcome="Passed" testListId="8c84fa94-04c1-424b-9868-57a2d4851a1d" relativeResultsDirectory="677ed990-aa25-44a5-8dc8-ca20e0b925f0" />
    <UnitTestResult executionId="6cd6297a-249d-4572-951b-c5a148d8b400" testId="070234ad-41f6-8b87-8d36-d61d76f8b990" testName="ResetThenAppendQueryThenAppendPath(&quot;http://localhost:12345&quot;,&quot;some&quot;,&quot;one|1&quot;,&quot;http://localhost:12345/some?one=1&quot;)" computerName="pkrvmxyh4eaekms" duration="00:00:00.0003640" startTime="2025-06-24T21:13:34.5474203+00:00" endTime="2025-06-24T21:13:34.5477845+00:00" testType="13cdc9d9-ddb5-4fa4-a97d-d965ccfc6d4b" outcome="Passed" testListId="8c84fa94-04c1-424b-9868-57a2d4851a1d" relativeResultsDirectory="6cd6297a-249d-4572-951b-c5a148d8b400" />
    <UnitTestResult executionId="0f470e40-e2f5-492f-b58f-9a8aa99b8559" testId="4afc0fd1-72b0-e89b-9d2b-d3711e834ed8" testName="FormatsDatesAsString(&quot;O&quot;,12/31/9999 23:59:59 +01:00,&quot;9999-12-31T22:59:59.9999999Z&quot;)" computerName="pkrvmxyh4eaekms" duration="00:00:00.0000520" startTime="2025-06-24T21:13:38.7367187+00:00" endTime="2025-06-24T21:13:38.7367709+00:00" testType="13cdc9d9-ddb5-4fa4-a97d-d965ccfc6d4b" outcome="Passed" testListId="8c84fa94-04c1-424b-9868-57a2d4851a1d" relativeResultsDirectory="0f470e40-e2f5-492f-b58f-9a8aa99b8559" />
    <UnitTestResult executionId="e0a7bdae-e0de-4476-b29c-2605da5c2bd6" testId="49262a15-1490-962e-680c-0823801e8b6d" testName="TestIntDeserializeExpression(System.SByte,Int_String)" computerName="pkrvmxyh4eaekms" duration="00:00:00.0003280" startTime="2025-06-24T21:13:36.6372008+00:00" endTime="2025-06-24T21:13:36.6375285+00:00" testType="13cdc9d9-ddb5-4fa4-a97d-d965ccfc6d4b" outcome="Passed" testListId="8c84fa94-04c1-424b-9868-57a2d4851a1d" relativeResultsDirectory="e0a7bdae-e0de-4476-b29c-2605da5c2bd6" />
    <UnitTestResult executionId="263adf81-63bb-4950-a0a0-837c1d828df0" testId="f1ecba84-c4d2-f051-76ac-eebcd97d1a23" testName="ValidateConstructorsWhenUnsupportedAuth" computerName="pkrvmxyh4eaekms" duration="00:00:00.0054820" startTime="2025-06-24T21:13:34.2849589+00:00" endTime="2025-06-24T21:13:34.2904409+00:00" testType="13cdc9d9-ddb5-4fa4-a97d-d965ccfc6d4b" outcome="Passed" testListId="8c84fa94-04c1-424b-9868-57a2d4851a1d" relativeResultsDirectory="263adf81-63bb-4950-a0a0-837c1d828df0" />
    <UnitTestResult executionId="0fe05b64-5e4a-4b70-9da4-94b63badeb19" testId="0bfb23f1-036b-2928-5050-65c3a964fcdb" testName="RoundTripWithModelReaderWriter(&quot;W&quot;)" computerName="pkrvmxyh4eaekms" duration="00:00:00.0010950" startTime="2025-06-24T21:13:30.2637308+00:00" endTime="2025-06-24T21:13:30.2648256+00:00" testType="13cdc9d9-ddb5-4fa4-a97d-d965ccfc6d4b" outcome="Passed" testListId="8c84fa94-04c1-424b-9868-57a2d4851a1d" relativeResultsDirectory="0fe05b64-5e4a-4b70-9da4-94b63badeb19" />
    <UnitTestResult executionId="6c7394b4-32a7-4e47-9c6c-921ebd25ae36" testId="78a6b582-b368-300f-7454-3b6c6e2452ac" testName="ValidateToEnumMethodsExtensible(Microsoft.TypeSpec.Generator.Input.InputEnumType)" computerName="pkrvmxyh4eaekms" duration="00:00:00.0003869" startTime="2025-06-24T21:13:34.9106414+00:00" endTime="2025-06-24T21:13:34.9110282+00:00" testType="13cdc9d9-ddb5-4fa4-a97d-d965ccfc6d4b" outcome="Passed" testListId="8c84fa94-04c1-424b-9868-57a2d4851a1d" relativeResultsDirectory="6c7394b4-32a7-4e47-9c6c-921ebd25ae36" />
    <UnitTestResult executionId="e35790a0-b614-45f2-92e4-4ad94d862c72" testId="9ed36475-70ea-d935-981c-3ee0399bdd52" testName="ValidateClientResponseClassifiers(Microsoft.TypeSpec.Generator.Input.InputClient)" computerName="pkrvmxyh4eaekms" duration="00:00:00.0003400" startTime="2025-06-24T21:13:38.5895540+00:00" endTime="2025-06-24T21:13:38.5898939+00:00" testType="13cdc9d9-ddb5-4fa4-a97d-d965ccfc6d4b" outcome="Passed" testListId="8c84fa94-04c1-424b-9868-57a2d4851a1d" relativeResultsDirectory="e35790a0-b614-45f2-92e4-4ad94d862c72" />
    <UnitTestResult executionId="c5257950-7bba-4d22-a3ef-d9d7278b902c" testId="9ed36475-70ea-d935-981c-3ee0399bdd52" testName="ValidateClientResponseClassifiers(Microsoft.TypeSpec.Generator.Input.InputClient)" computerName="pkrvmxyh4eaekms" duration="00:00:00.0005689" startTime="2025-06-24T21:13:38.5878487+00:00" endTime="2025-06-24T21:13:38.5884179+00:00" testType="13cdc9d9-ddb5-4fa4-a97d-d965ccfc6d4b" outcome="Passed" testListId="8c84fa94-04c1-424b-9868-57a2d4851a1d" relativeResultsDirectory="c5257950-7bba-4d22-a3ef-d9d7278b902c" />
    <UnitTestResult executionId="e1b07410-bcf2-4eda-8230-f76dfb1b62d5" testId="1aadb9b6-5faf-816d-c27a-4da98e73e9a7" testName="RoundTripWithJsonInterfaceNonGeneric(&quot;J&quot;)" computerName="pkrvmxyh4eaekms" duration="00:00:00.0052170" startTime="2025-06-24T21:13:30.2682540+00:00" endTime="2025-06-24T21:13:30.2734708+00:00" testType="13cdc9d9-ddb5-4fa4-a97d-d965ccfc6d4b" outcome="Passed" testListId="8c84fa94-04c1-424b-9868-57a2d4851a1d" relativeResultsDirectory="e1b07410-bcf2-4eda-8230-f76dfb1b62d5" />
    <UnitTestResult executionId="426fa5e3-15bb-4f51-88c5-7fdff5bde959" testId="b2903119-1d6e-0bc6-5662-cedf6f3c55e9" testName="TestGetMethodParameters(Microsoft.TypeSpec.Generator.Input.InputBasicServiceMethod)" computerName="pkrvmxyh4eaekms" duration="00:00:00.0001650" startTime="2025-06-24T21:13:38.5758984+00:00" endTime="2025-06-24T21:13:38.5760636+00:00" testType="13cdc9d9-ddb5-4fa4-a97d-d965ccfc6d4b" outcome="Passed" testListId="8c84fa94-04c1-424b-9868-57a2d4851a1d" relativeResultsDirectory="426fa5e3-15bb-4f51-88c5-7fdff5bde959" />
    <UnitTestResult executionId="1abaa431-d73b-4494-9094-5fdf81f08fa9" testId="4632f35e-f6ce-353f-c111-e86cb37923a9" testName="RequestOptionsOptionality(False,False,False)" computerName="pkrvmxyh4eaekms" duration="00:00:00.0017610" startTime="2025-06-24T21:13:38.7232327+00:00" endTime="2025-06-24T21:13:38.7249932+00:00" testType="13cdc9d9-ddb5-4fa4-a97d-d965ccfc6d4b" outcome="Passed" testListId="8c84fa94-04c1-424b-9868-57a2d4851a1d" relativeResultsDirectory="1abaa431-d73b-4494-9094-5fdf81f08fa9" />
    <UnitTestResult executionId="553ca5e7-bdba-4b50-9485-a96579ebf1f6" testId="7831a3db-451b-74a8-04c1-bbb1eb4b68e1" testName="RoundTripWithModelInterface(&quot;J&quot;)" computerName="pkrvmxyh4eaekms" duration="00:00:00.0009070" startTime="2025-06-24T21:13:30.0871034+00:00" endTime="2025-06-24T21:13:30.0880108+00:00" testType="13cdc9d9-ddb5-4fa4-a97d-d965ccfc6d4b" outcome="Passed" testListId="8c84fa94-04c1-424b-9868-57a2d4851a1d" relativeResultsDirectory="553ca5e7-bdba-4b50-9485-a96579ebf1f6" />
    <UnitTestResult executionId="736fc64f-3398-4eca-912c-e674524afeff" testId="e55750b2-62ef-9dbe-18e1-f31fcd761b56" testName="RoundTripWithModelCast(&quot;W&quot;)" computerName="pkrvmxyh4eaekms" duration="00:00:00.0026760" startTime="2025-06-24T21:13:30.2112269+00:00" endTime="2025-06-24T21:13:30.2139027+00:00" testType="13cdc9d9-ddb5-4fa4-a97d-d965ccfc6d4b" outcome="Passed" testListId="8c84fa94-04c1-424b-9868-57a2d4851a1d" relativeResultsDirectory="736fc64f-3398-4eca-912c-e674524afeff" />
    <UnitTestResult executionId="656c0603-ed49-44bd-8815-2a55cc522f32" testId="a496a37b-8ec8-167e-6807-16ba86423d4c" testName="TestExplicitFromClientResultNotGeneratedForNonRootOutputModel" computerName="pkrvmxyh4eaekms" duration="00:00:00.0034200" startTime="2025-06-24T21:13:36.6207485+00:00" endTime="2025-06-24T21:13:36.6241687+00:00" testType="13cdc9d9-ddb5-4fa4-a97d-d965ccfc6d4b" outcome="Passed" testListId="8c84fa94-04c1-424b-9868-57a2d4851a1d" relativeResultsDirectory="656c0603-ed49-44bd-8815-2a55cc522f32" />
    <UnitTestResult executionId="ac0dab68-f1d0-4dd5-b786-a4dabf419276" testId="73312193-5ef0-356b-d1c9-219a4aa3befc" testName="ListMethodWithImplicitPaging" computerName="pkrvmxyh4eaekms" duration="00:00:00.0044280" startTime="2025-06-24T21:13:38.6512023+00:00" endTime="2025-06-24T21:13:38.6556295+00:00" testType="13cdc9d9-ddb5-4fa4-a97d-d965ccfc6d4b" outcome="Passed" testListId="8c84fa94-04c1-424b-9868-57a2d4851a1d" relativeResultsDirectory="ac0dab68-f1d0-4dd5-b786-a4dabf419276" />
    <UnitTestResult executionId="a0a03c7d-e3d4-432f-bc9e-c96170b20ed6" testId="9ed36475-70ea-d935-981c-3ee0399bdd52" testName="ValidateClientResponseClassifiers(Microsoft.TypeSpec.Generator.Input.InputClient)" computerName="pkrvmxyh4eaekms" duration="00:00:00.0003560" startTime="2025-06-24T21:13:38.5902476+00:00" endTime="2025-06-24T21:13:38.5906031+00:00" testType="13cdc9d9-ddb5-4fa4-a97d-d965ccfc6d4b" outcome="Passed" testListId="8c84fa94-04c1-424b-9868-57a2d4851a1d" relativeResultsDirectory="a0a03c7d-e3d4-432f-bc9e-c96170b20ed6" />
    <UnitTestResult executionId="5778ab85-810a-4d7f-b7fa-4e0c5b506422" testId="4475f251-65dc-0f4a-1b5f-4a7a6bbd208c" testName="TestDeserializationStatement(Microsoft.TypeSpec.Generator.Input.InputModelProperty,False,False)" computerName="pkrvmxyh4eaekms" duration="00:00:00.0020079" startTime="2025-06-24T21:13:35.1879843+00:00" endTime="2025-06-24T21:13:35.1899916+00:00" testType="13cdc9d9-ddb5-4fa4-a97d-d965ccfc6d4b" outcome="Passed" testListId="8c84fa94-04c1-424b-9868-57a2d4851a1d" relativeResultsDirectory="5778ab85-810a-4d7f-b7fa-4e0c5b506422" />
    <UnitTestResult executionId="bdded9cc-09a0-47e4-84ec-850d67906a6a" testId="9ffaa909-2abe-cf56-ae26-3a90963ad86f" testName="ResetThenAppendPath(&quot;http://localhost/with&quot;,null,&quot;http://localhost/with&quot;)" computerName="pkrvmxyh4eaekms" duration="00:00:00.0002110" startTime="2025-06-24T21:13:34.5349725+00:00" endTime="2025-06-24T21:13:34.5351839+00:00" testType="13cdc9d9-ddb5-4fa4-a97d-d965ccfc6d4b" outcome="Passed" testListId="8c84fa94-04c1-424b-9868-57a2d4851a1d" relativeResultsDirectory="bdded9cc-09a0-47e4-84ec-850d67906a6a" />
    <UnitTestResult executionId="7c57d5bf-8981-4e7f-8886-59903f1c4ded" testId="19c28362-a18b-6f39-d6be-858ea76684d8" testName="ResetThenAppendPathThenAppendQuery(&quot;http://localhost&quot;,&quot;some&quot;,&quot;one|1&quot;,&quot;http://localhost/some?one=1&quot;)" computerName="pkrvmxyh4eaekms" duration="00:00:00.0004210" startTime="2025-06-24T21:13:34.5413675+00:00" endTime="2025-06-24T21:13:34.5417885+00:00" testType="13cdc9d9-ddb5-4fa4-a97d-d965ccfc6d4b" outcome="Passed" testListId="8c84fa94-04c1-424b-9868-57a2d4851a1d" relativeResultsDirectory="7c57d5bf-8981-4e7f-8886-59903f1c4ded" />
    <UnitTestResult executionId="160313a5-d50f-4006-92df-e9e059d282bc" testId="68d0fb8e-5c5d-d34b-58ab-63b024d75491" testName="TestIntSerializationStatement(Int32,&quot;string&quot;)" computerName="pkrvmxyh4eaekms" duration="00:00:00.0018630" startTime="2025-06-24T21:13:36.6524731+00:00" endTime="2025-06-24T21:13:36.6543363+00:00" testType="13cdc9d9-ddb5-4fa4-a97d-d965ccfc6d4b" outcome="Passed" testListId="8c84fa94-04c1-424b-9868-57a2d4851a1d" relativeResultsDirectory="160313a5-d50f-4006-92df-e9e059d282bc" />
    <UnitTestResult executionId="d8744c67-2e8d-4c06-8eeb-b25856417649" testId="c30fd0f6-fea3-ec09-1d9a-dcf32faec467" testName="ResetThenAppendQuery(&quot;http://localhost:12345/some/&quot;,&quot;one|1&quot;,&quot;http://localhost:12345/some/?one=1&quot;)" computerName="pkrvmxyh4eaekms" duration="00:00:00.0001440" startTime="2025-06-24T21:13:34.5454731+00:00" endTime="2025-06-24T21:13:34.5456165+00:00" testType="13cdc9d9-ddb5-4fa4-a97d-d965ccfc6d4b" outcome="Passed" testListId="8c84fa94-04c1-424b-9868-57a2d4851a1d" relativeResultsDirectory="d8744c67-2e8d-4c06-8eeb-b25856417649" />
    <UnitTestResult executionId="657e7c77-790c-48fd-9418-0848b7ae66fc" testId="aa0012e4-46c1-7e97-6638-62c0f32453e9" testName="AppendQuery_ByteArray(&quot;http://localhost&quot;,[104, 101, 108, 108, 111],&quot;D&quot;,False,&quot;http://localhost/?query=aGVsbG8=&quot;)" computerName="pkrvmxyh4eaekms" duration="00:00:00.0000780" startTime="2025-06-24T21:13:34.5211184+00:00" endTime="2025-06-24T21:13:34.5211958+00:00" testType="13cdc9d9-ddb5-4fa4-a97d-d965ccfc6d4b" outcome="Passed" testListId="8c84fa94-04c1-424b-9868-57a2d4851a1d" relativeResultsDirectory="657e7c77-790c-48fd-9418-0848b7ae66fc" />
    <UnitTestResult executionId="d94a182f-91b5-4cbb-be4e-03d1ab0dc72a" testId="9a526fb5-6d12-25be-93bf-dc2ad9ad84ce" testName="RoundTripWithModelInterface(&quot;J&quot;)" computerName="pkrvmxyh4eaekms" duration="00:00:00.0016010" startTime="2025-06-24T21:13:30.2531551+00:00" endTime="2025-06-24T21:13:30.2547556+00:00" testType="13cdc9d9-ddb5-4fa4-a97d-d965ccfc6d4b" outcome="Passed" testListId="8c84fa94-04c1-424b-9868-57a2d4851a1d" relativeResultsDirectory="d94a182f-91b5-4cbb-be4e-03d1ab0dc72a" />
    <UnitTestResult executionId="193e5f0f-bef7-477e-8fa2-fe18491e0ef1" testId="5df8c735-ee70-086b-4ece-801e17a288cc" testName="ResetThenAppendPath(&quot;http://localhost/with/&quot;,&quot;/path/&quot;,&quot;http://localhost/with/path/&quot;)" computerName="pkrvmxyh4eaekms" duration="00:00:00.0002000" startTime="2025-06-24T21:13:34.5406380+00:00" endTime="2025-06-24T21:13:34.5408381+00:00" testType="13cdc9d9-ddb5-4fa4-a97d-d965ccfc6d4b" outcome="Passed" testListId="8c84fa94-04c1-424b-9868-57a2d4851a1d" relativeResultsDirectory="193e5f0f-bef7-477e-8fa2-fe18491e0ef1" />
    <UnitTestResult executionId="41ce1bb8-b6b3-4d94-bf4e-439c975d0f76" testId="e133adb7-5032-7457-3f42-f37dc0456f83" testName="CanReplaceDeserializationMethod" computerName="pkrvmxyh4eaekms" duration="00:00:00.1201630" startTime="2025-06-24T21:13:38.0578561+00:00" endTime="2025-06-24T21:13:38.1780181+00:00" testType="13cdc9d9-ddb5-4fa4-a97d-d965ccfc6d4b" outcome="Passed" testListId="8c84fa94-04c1-424b-9868-57a2d4851a1d" relativeResultsDirectory="41ce1bb8-b6b3-4d94-bf4e-439c975d0f76" />
    <UnitTestResult executionId="7a5664fe-fb88-43d5-b57c-90bceb093f0d" testId="2be290df-7d92-5723-935e-13156fa041e9" testName="TestBuildConstructors_PrimaryConstructor(System.Collections.Generic.List`1[Microsoft.TypeSpec.Generator.Input.InputParameter])" computerName="pkrvmxyh4eaekms" duration="00:00:00.0020460" startTime="2025-06-24T21:13:34.1364155+00:00" endTime="2025-06-24T21:13:34.1384610+00:00" testType="13cdc9d9-ddb5-4fa4-a97d-d965ccfc6d4b" outcome="Passed" testListId="8c84fa94-04c1-424b-9868-57a2d4851a1d" relativeResultsDirectory="7a5664fe-fb88-43d5-b57c-90bceb093f0d" />
    <UnitTestResult executionId="31745538-23d2-4d4a-9013-5f9934ee04a7" testId="7d7d04ff-07f4-2928-7743-9094eb345a03" testName="AccessibilityOfMethodMatchesInputOperation(False)" computerName="pkrvmxyh4eaekms" duration="00:00:00.0030680" startTime="2025-06-24T21:13:33.8973505+00:00" endTime="2025-06-24T21:13:33.9004182+00:00" testType="13cdc9d9-ddb5-4fa4-a97d-d965ccfc6d4b" outcome="Passed" testListId="8c84fa94-04c1-424b-9868-57a2d4851a1d" relativeResultsDirectory="31745538-23d2-4d4a-9013-5f9934ee04a7" />
    <UnitTestResult executionId="12f9bff6-0788-46bb-90a7-57c4ef1f06e3" testId="e7a2272b-a298-7d90-48b8-d8225bf3cf86" testName="TestSubClientAccessorFactoryMethods(Microsoft.TypeSpec.Generator.Input.InputClient,True)" computerName="pkrvmxyh4eaekms" duration="00:00:00.0045909" startTime="2025-06-24T21:13:34.2599678+00:00" endTime="2025-06-24T21:13:34.2645591+00:00" testType="13cdc9d9-ddb5-4fa4-a97d-d965ccfc6d4b" outcome="Passed" testListId="8c84fa94-04c1-424b-9868-57a2d4851a1d" relativeResultsDirectory="12f9bff6-0788-46bb-90a7-57c4ef1f06e3" />
    <UnitTestResult executionId="355f3fde-b17d-4af7-8c10-4105187b7aba" testId="96c6901d-cb68-884d-5e4f-ceda707a0dcc" testName="RoundTripWithJsonInterfaceUtf8ReaderNonGeneric(&quot;W&quot;)" computerName="pkrvmxyh4eaekms" duration="00:00:00.0005860" startTime="2025-06-24T21:13:30.0391658+00:00" endTime="2025-06-24T21:13:30.0397516+00:00" testType="13cdc9d9-ddb5-4fa4-a97d-d965ccfc6d4b" outcome="Passed" testListId="8c84fa94-04c1-424b-9868-57a2d4851a1d" relativeResultsDirectory="355f3fde-b17d-4af7-8c10-4105187b7aba" />
    <UnitTestResult executionId="70182498-a5ee-4167-9e8c-1a35f70a51bb" testId="9ed36475-70ea-d935-981c-3ee0399bdd52" testName="ValidateClientResponseClassifiers(Microsoft.TypeSpec.Generator.Input.InputClient)" computerName="pkrvmxyh4eaekms" duration="00:00:00.0003410" startTime="2025-06-24T21:13:38.5884454+00:00" endTime="2025-06-24T21:13:38.5887855+00:00" testType="13cdc9d9-ddb5-4fa4-a97d-d965ccfc6d4b" outcome="Passed" testListId="8c84fa94-04c1-424b-9868-57a2d4851a1d" relativeResultsDirectory="70182498-a5ee-4167-9e8c-1a35f70a51bb" />
    <UnitTestResult executionId="7932e83c-c3ea-4db2-832c-1dca9c983612" testId="7fc2c76c-1924-e821-1092-1c6d9443a05b" testName="TestRequestOptionsParameterInSignature(Microsoft.TypeSpec.Generator.Input.InputBasicServiceMethod,True,False)" computerName="pkrvmxyh4eaekms" duration="00:00:00.0022880" startTime="2025-06-24T21:13:34.2529725+00:00" endTime="2025-06-24T21:13:34.2552600+00:00" testType="13cdc9d9-ddb5-4fa4-a97d-d965ccfc6d4b" outcome="Passed" testListId="8c84fa94-04c1-424b-9868-57a2d4851a1d" relativeResultsDirectory="7932e83c-c3ea-4db2-832c-1dca9c983612" />
    <UnitTestResult executionId="0c6a8e06-868b-4a9b-96ce-7b8b77dca797" testId="28d94481-f77f-3356-3c92-37dcd5bc0f90" testName="MultipleAdditionalProperties" computerName="pkrvmxyh4eaekms" duration="00:00:00.0012950" startTime="2025-06-24T21:13:35.2608619+00:00" endTime="2025-06-24T21:13:35.2621568+00:00" testType="13cdc9d9-ddb5-4fa4-a97d-d965ccfc6d4b" outcome="Passed" testListId="8c84fa94-04c1-424b-9868-57a2d4851a1d" relativeResultsDirectory="0c6a8e06-868b-4a9b-96ce-7b8b77dca797" />
    <UnitTestResult executionId="71e401b1-8f7a-437e-bd42-376b64ac87c6" testId="9ed36475-70ea-d935-981c-3ee0399bdd52" testName="ValidateClientResponseClassifiers(Microsoft.TypeSpec.Generator.Input.InputClient)" computerName="pkrvmxyh4eaekms" duration="00:00:00.0003330" startTime="2025-06-24T21:13:38.5888128+00:00" endTime="2025-06-24T21:13:38.5891454+00:00" testType="13cdc9d9-ddb5-4fa4-a97d-d965ccfc6d4b" outcome="Passed" testListId="8c84fa94-04c1-424b-9868-57a2d4851a1d" relativeResultsDirectory="71e401b1-8f7a-437e-bd42-376b64ac87c6" />
    <UnitTestResult executionId="31575443-9d65-4fc7-97bf-22f137f55462" testId="6b5ff9cc-ee85-4ae8-2c38-ea30386d4d31" testName="JsonSerializerSnippet_Serialize" computerName="pkrvmxyh4eaekms" duration="00:00:00.0003790" startTime="2025-06-24T21:13:38.7604486+00:00" endTime="2025-06-24T21:13:38.7608277+00:00" testType="13cdc9d9-ddb5-4fa4-a97d-d965ccfc6d4b" outcome="Passed" testListId="8c84fa94-04c1-424b-9868-57a2d4851a1d" relativeResultsDirectory="31575443-9d65-4fc7-97bf-22f137f55462" />
    <UnitTestResult executionId="041c873b-1c4f-4e38-912c-5b20d4ce6a1c" testId="f10a25d3-6a4a-63bf-4df3-f288145b5270" testName="RoundTripWithModelCast(&quot;W&quot;)" computerName="pkrvmxyh4eaekms" duration="00:00:00.0010490" startTime="2025-06-24T21:13:30.0860008+00:00" endTime="2025-06-24T21:13:30.0870500+00:00" testType="13cdc9d9-ddb5-4fa4-a97d-d965ccfc6d4b" outcome="Passed" testListId="8c84fa94-04c1-424b-9868-57a2d4851a1d" relativeResultsDirectory="041c873b-1c4f-4e38-912c-5b20d4ce6a1c" />
    <UnitTestResult executionId="485d07d4-4964-4a9d-b2f7-4f87ca4f866d" testId="34da232f-142c-49ff-a3dc-cd997cc4269f" testName="ResetThenAppendQuery(&quot;http://localhost/&quot;,&quot;one|1&quot;,&quot;http://localhost/?one=1&quot;)" computerName="pkrvmxyh4eaekms" duration="00:00:00.0001399" startTime="2025-06-24T21:13:34.5449610+00:00" endTime="2025-06-24T21:13:34.5451005+00:00" testType="13cdc9d9-ddb5-4fa4-a97d-d965ccfc6d4b" outcome="Passed" testListId="8c84fa94-04c1-424b-9868-57a2d4851a1d" relativeResultsDirectory="485d07d4-4964-4a9d-b2f7-4f87ca4f866d" />
    <UnitTestResult executionId="85944a75-5225-4048-ac91-4fd40e4abb8f" testId="5ae84a76-0bf4-ee4a-d840-32550ac069fc" testName="BaseShouldHaveProxyAttribute" computerName="pkrvmxyh4eaekms" duration="00:00:00.0031000" startTime="2025-06-24T21:13:35.2074344+00:00" endTime="2025-06-24T21:13:35.2105345+00:00" testType="13cdc9d9-ddb5-4fa4-a97d-d965ccfc6d4b" outcome="Passed" testListId="8c84fa94-04c1-424b-9868-57a2d4851a1d" relativeResultsDirectory="85944a75-5225-4048-ac91-4fd40e4abb8f" />
    <UnitTestResult executionId="7db742fd-54bd-4685-af11-d318dd7424ad" testId="ec16d752-c3b4-091e-1dc9-5fb39755032b" testName="AppendQuery_Double(&quot;http://localhost&quot;,-3.14d,False,&quot;http://localhost/?query=-3.14&quot;)" computerName="pkrvmxyh4eaekms" duration="00:00:00.0000749" startTime="2025-06-24T21:13:34.5244675+00:00" endTime="2025-06-24T21:13:34.5245425+00:00" testType="13cdc9d9-ddb5-4fa4-a97d-d965ccfc6d4b" outcome="Passed" testListId="8c84fa94-04c1-424b-9868-57a2d4851a1d" relativeResultsDirectory="7db742fd-54bd-4685-af11-d318dd7424ad" />
    <UnitTestResult executionId="0219ab14-f22a-4e28-8795-11368dac1cfc" testId="80a79c68-1797-57d6-44a8-e72ce9b9663e" testName="CanCustomizePropertyIntoReadOnlyMemory" computerName="pkrvmxyh4eaekms" duration="00:00:00.1457690" startTime="2025-06-24T21:13:35.9246867+00:00" endTime="2025-06-24T21:13:36.0704551+00:00" testType="13cdc9d9-ddb5-4fa4-a97d-d965ccfc6d4b" outcome="Passed" testListId="8c84fa94-04c1-424b-9868-57a2d4851a1d" relativeResultsDirectory="0219ab14-f22a-4e28-8795-11368dac1cfc" />
    <UnitTestResult executionId="1a4d307b-c728-44ce-8fc5-78da647016a7" testId="4eacd397-5546-4e42-e68f-700bea3cfca6" testName="ValidateConvertToString(&quot;O&quot;,12/31/9999 23:59:59 +00:00,&quot;9999-12-31T23:59:59.9999999Z&quot;)" computerName="pkrvmxyh4eaekms" duration="00:00:00.0001310" startTime="2025-06-24T21:13:38.7439180+00:00" endTime="2025-06-24T21:13:38.7440486+00:00" testType="13cdc9d9-ddb5-4fa4-a97d-d965ccfc6d4b" outcome="Passed" testListId="8c84fa94-04c1-424b-9868-57a2d4851a1d" relativeResultsDirectory="1a4d307b-c728-44ce-8fc5-78da647016a7" />
    <UnitTestResult executionId="f67afa6f-6e0e-4615-b161-2467fe499975" testId="1a77ee52-5ac1-842f-3a78-c59f71df5654" testName="ResetThenAppendQuery(&quot;http://localhost/some&quot;,&quot;one|1&quot;,&quot;http://localhost/some?one=1&quot;)" computerName="pkrvmxyh4eaekms" duration="00:00:00.0001430" startTime="2025-06-24T21:13:34.5446371+00:00" endTime="2025-06-24T21:13:34.5447802+00:00" testType="13cdc9d9-ddb5-4fa4-a97d-d965ccfc6d4b" outcome="Passed" testListId="8c84fa94-04c1-424b-9868-57a2d4851a1d" relativeResultsDirectory="f67afa6f-6e0e-4615-b161-2467fe499975" />
    <UnitTestResult executionId="2f972861-b82d-449d-9f9a-eaa0f1843e73" testId="f54c3826-ad6c-97f6-6d7f-5045e4477882" testName="AppendPath_DateTimeOffset(&quot;http://localhost&quot;,&quot;6/30/1905 1:14:00 PM +00:00&quot;,&quot;o&quot;,True,&quot;http://localhost/1905-06-30T13%3A14%3A00.0000000Z&quot;)" computerName="pkrvmxyh4eaekms" duration="00:00:00.0001540" startTime="2025-06-24T21:13:34.4603500+00:00" endTime="2025-06-24T21:13:34.4605037+00:00" testType="13cdc9d9-ddb5-4fa4-a97d-d965ccfc6d4b" outcome="Passed" testListId="8c84fa94-04c1-424b-9868-57a2d4851a1d" relativeResultsDirectory="2f972861-b82d-449d-9f9a-eaa0f1843e73" />
    <UnitTestResult executionId="de7c97e7-4099-4b49-8229-adf4122ab70d" testId="faa5573b-343f-0522-2b3d-8e3745b6c8ae" testName="RoundTripWithJsonInterfaceUtf8Reader(&quot;W&quot;)" computerName="pkrvmxyh4eaekms" duration="00:00:00.0004960" startTime="2025-06-24T21:13:30.0844003+00:00" endTime="2025-06-24T21:13:30.0848959+00:00" testType="13cdc9d9-ddb5-4fa4-a97d-d965ccfc6d4b" outcome="Passed" testListId="8c84fa94-04c1-424b-9868-57a2d4851a1d" relativeResultsDirectory="de7c97e7-4099-4b49-8229-adf4122ab70d" />
    <UnitTestResult executionId="0673a871-1579-4891-9b82-214654c5a05e" testId="b23dab4f-103f-e800-d3ff-d923625bbd65" testName="JsonSerializerSnippet_Deserialize" computerName="pkrvmxyh4eaekms" duration="00:00:00.0007530" startTime="2025-06-24T21:13:38.7596773+00:00" endTime="2025-06-24T21:13:38.7604298+00:00" testType="13cdc9d9-ddb5-4fa4-a97d-d965ccfc6d4b" outcome="Passed" testListId="8c84fa94-04c1-424b-9868-57a2d4851a1d" relativeResultsDirectory="0673a871-1579-4891-9b82-214654c5a05e" />
    <UnitTestResult executionId="967e1881-349f-4a74-8419-b325c7f9509c" testId="3ea572d0-8081-c04d-1c5e-07d3f0bdce4f" testName="TestNonBodyRequestParametersInBodyWriterDiff(Microsoft.TypeSpec.Generator.Input.InputBasicServiceMethod)" computerName="pkrvmxyh4eaekms" duration="00:00:00.0038670" startTime="2025-06-24T21:13:34.2268498+00:00" endTime="2025-06-24T21:13:34.2307171+00:00" testType="13cdc9d9-ddb5-4fa4-a97d-d965ccfc6d4b" outcome="Passed" testListId="8c84fa94-04c1-424b-9868-57a2d4851a1d" relativeResultsDirectory="967e1881-349f-4a74-8419-b325c7f9509c" />
    <UnitTestResult executionId="ebbe6476-ae7c-4123-b53f-997f67ddeb51" testId="2be290df-7d92-5723-935e-13156fa041e9" testName="TestBuildConstructors_PrimaryConstructor(System.Collections.Generic.List`1[Microsoft.TypeSpec.Generator.Input.InputParameter])" computerName="pkrvmxyh4eaekms" duration="00:00:00.0016580" startTime="2025-06-24T21:13:34.1461929+00:00" endTime="2025-06-24T21:13:34.1478510+00:00" testType="13cdc9d9-ddb5-4fa4-a97d-d965ccfc6d4b" outcome="Passed" testListId="8c84fa94-04c1-424b-9868-57a2d4851a1d" relativeResultsDirectory="ebbe6476-ae7c-4123-b53f-997f67ddeb51" />
    <UnitTestResult executionId="fa8eb839-e85a-421a-acc8-f40b79024273" testId="629e162f-e077-a600-505b-d11b0f7fdb6e" testName="FormatsDatesAsString(&quot;D&quot;,05/04/2020 00:00:00 +00:00,&quot;2020-05-04&quot;)" computerName="pkrvmxyh4eaekms" duration="00:00:00.0000580" startTime="2025-06-24T21:13:38.7368458+00:00" endTime="2025-06-24T21:13:38.7369040+00:00" testType="13cdc9d9-ddb5-4fa4-a97d-d965ccfc6d4b" outcome="Passed" testListId="8c84fa94-04c1-424b-9868-57a2d4851a1d" relativeResultsDirectory="fa8eb839-e85a-421a-acc8-f40b79024273" />
    <UnitTestResult executionId="0824e208-c72b-49dd-af53-de71af95e575" testId="85515794-859c-c57f-429d-018ca2aa9bac" testName="ValidateBodyOfRestClientOperationIsOverridden" computerName="pkrvmxyh4eaekms" duration="00:00:00.0272430" startTime="2025-06-24T21:13:30.3180076+00:00" endTime="2025-06-24T21:13:30.3452501+00:00" testType="13cdc9d9-ddb5-4fa4-a97d-d965ccfc6d4b" outcome="Passed" testListId="8c84fa94-04c1-424b-9868-57a2d4851a1d" relativeResultsDirectory="0824e208-c72b-49dd-af53-de71af95e575" />
    <UnitTestResult executionId="76492157-b900-47cd-aa6f-e757e2215b85" testId="0dbe4df9-fb4c-9268-8cfe-c53e8e32289c" testName="NoNextLinkOrContinuationTokenOfT" computerName="pkrvmxyh4eaekms" duration="00:00:00.0034430" startTime="2025-06-24T21:13:34.6334272+00:00" endTime="2025-06-24T21:13:34.6368700+00:00" testType="13cdc9d9-ddb5-4fa4-a97d-d965ccfc6d4b" outcome="Passed" testListId="8c84fa94-04c1-424b-9868-57a2d4851a1d" relativeResultsDirectory="76492157-b900-47cd-aa6f-e757e2215b85" />
    <UnitTestResult executionId="367beeae-54ff-4733-aaf0-29f779d8fe80" testId="48716565-5026-3c86-5719-93d7595126ea" testName="UnknownVariantDeserializeShouldUseBaseProperties" computerName="pkrvmxyh4eaekms" duration="00:00:00.0032180" startTime="2025-06-24T21:13:35.2386586+00:00" endTime="2025-06-24T21:13:35.2418761+00:00" testType="13cdc9d9-ddb5-4fa4-a97d-d965ccfc6d4b" outcome="Passed" testListId="8c84fa94-04c1-424b-9868-57a2d4851a1d" relativeResultsDirectory="367beeae-54ff-4733-aaf0-29f779d8fe80" />
    <UnitTestResult executionId="9c1bffae-7aec-4b47-8965-9f43be7ab33d" testId="25b46b14-6c10-f5c8-10e3-0f04dd23955e" testName="CanRemoveParameterFromMethods" computerName="pkrvmxyh4eaekms" duration="00:00:00.0049630" startTime="2025-06-24T21:13:38.6015849+00:00" endTime="2025-06-24T21:13:38.6065473+00:00" testType="13cdc9d9-ddb5-4fa4-a97d-d965ccfc6d4b" outcome="Passed" testListId="8c84fa94-04c1-424b-9868-57a2d4851a1d" relativeResultsDirectory="9c1bffae-7aec-4b47-8965-9f43be7ab33d" />
    <UnitTestResult executionId="ab4fd237-c810-45df-8fd3-abeac15d043f" testId="5b3ddd4d-574c-53fd-f18b-066847d4b1fe" testName="ResetThenAppendPathThenAppendQuery(&quot;http://localhost/&quot;,&quot;/some/&quot;,&quot;one|1&quot;,&quot;http://localhost/some/?one=1&quot;)" computerName="pkrvmxyh4eaekms" duration="00:00:00.0001050" startTime="2025-06-24T21:13:34.5427535+00:00" endTime="2025-06-24T21:13:34.5428589+00:00" testType="13cdc9d9-ddb5-4fa4-a97d-d965ccfc6d4b" outcome="Passed" testListId="8c84fa94-04c1-424b-9868-57a2d4851a1d" relativeResultsDirectory="ab4fd237-c810-45df-8fd3-abeac15d043f" />
    <UnitTestResult executionId="88cca385-4898-4501-a014-cf56fd5daec4" testId="f5c6406b-ed87-33a2-ceec-3f178635429e" testName="ResetThenAppendQueryThenAppendPath(&quot;http://localhost&quot;,&quot;some&quot;,&quot;one|1&quot;,&quot;http://localhost/some?one=1&quot;)" computerName="pkrvmxyh4eaekms" duration="00:00:00.0004310" startTime="2025-06-24T21:13:34.5469706+00:00" endTime="2025-06-24T21:13:34.5474011+00:00" testType="13cdc9d9-ddb5-4fa4-a97d-d965ccfc6d4b" outcome="Passed" testListId="8c84fa94-04c1-424b-9868-57a2d4851a1d" relativeResultsDirectory="88cca385-4898-4501-a014-cf56fd5daec4" />
    <UnitTestResult executionId="1afaa967-ab7e-49b3-bec9-ab13d454432f" testId="b5ea6fe4-9efa-e0e9-e374-141dade498fc" testName="RoundTripWithJsonInterfaceUtf8ReaderNonGeneric(&quot;J&quot;)" computerName="pkrvmxyh4eaekms" duration="00:00:00.0004710" startTime="2025-06-24T21:13:30.0849468+00:00" endTime="2025-06-24T21:13:30.0854171+00:00" testType="13cdc9d9-ddb5-4fa4-a97d-d965ccfc6d4b" outcome="Passed" testListId="8c84fa94-04c1-424b-9868-57a2d4851a1d" relativeResultsDirectory="1afaa967-ab7e-49b3-bec9-ab13d454432f" />
    <UnitTestResult executionId="f33428b2-9715-4cb7-aad3-833f395a72e4" testId="63b96ad9-1a5d-1e15-66e8-6bae36a632f6" testName="TestApiVersionOfClient" computerName="pkrvmxyh4eaekms" duration="00:00:00.0084040" startTime="2025-06-24T21:13:33.9887143+00:00" endTime="2025-06-24T21:13:33.9971177+00:00" testType="13cdc9d9-ddb5-4fa4-a97d-d965ccfc6d4b" outcome="Passed" testListId="8c84fa94-04c1-424b-9868-57a2d4851a1d" relativeResultsDirectory="f33428b2-9715-4cb7-aad3-833f395a72e4" />
    <UnitTestResult executionId="ec604dc4-a03d-4499-89d6-70c42420b124" testId="fa1eba1d-67af-1549-37db-913bdb2669b8" testName="ValidateFields" computerName="pkrvmxyh4eaekms" duration="00:00:00.0007190" startTime="2025-06-24T21:13:38.5992662+00:00" endTime="2025-06-24T21:13:38.5999850+00:00" testType="13cdc9d9-ddb5-4fa4-a97d-d965ccfc6d4b" outcome="Passed" testListId="8c84fa94-04c1-424b-9868-57a2d4851a1d" relativeResultsDirectory="ec604dc4-a03d-4499-89d6-70c42420b124" />
    <UnitTestResult executionId="74493ed7-1ce0-4d1a-8712-1790122711cb" testId="2373c0bd-121c-20ca-d30b-76178bf4018a" testName="TestImplements" computerName="pkrvmxyh4eaekms" duration="00:00:00.0025640" startTime="2025-06-24T21:13:32.4093361+00:00" endTime="2025-06-24T21:13:32.4118996+00:00" testType="13cdc9d9-ddb5-4fa4-a97d-d965ccfc6d4b" outcome="Passed" testListId="8c84fa94-04c1-424b-9868-57a2d4851a1d" relativeResultsDirectory="74493ed7-1ce0-4d1a-8712-1790122711cb" />
    <UnitTestResult executionId="d2f0d352-cdfb-4497-bada-bdc88e99b4d4" testId="975aab6a-b3f2-b4e7-05ec-c104b83f4704" testName="EndpointFieldAssignedFromUriParameter" computerName="pkrvmxyh4eaekms" duration="00:00:00.0040820" startTime="2025-06-24T21:13:33.9526255+00:00" endTime="2025-06-24T21:13:33.9567070+00:00" testType="13cdc9d9-ddb5-4fa4-a97d-d965ccfc6d4b" outcome="Passed" testListId="8c84fa94-04c1-424b-9868-57a2d4851a1d" relativeResultsDirectory="d2f0d352-cdfb-4497-bada-bdc88e99b4d4" />
    <UnitTestResult executionId="ff869084-72a5-45c9-ba02-a94edfc3b3c8" testId="39b0be65-95d7-2b3c-12c6-e30f8e267dfc" testName="ContinuationTokenInBody" computerName="pkrvmxyh4eaekms" duration="00:00:00.0340330" startTime="2025-06-24T21:13:34.5499203+00:00" endTime="2025-06-24T21:13:34.5839526+00:00" testType="13cdc9d9-ddb5-4fa4-a97d-d965ccfc6d4b" outcome="Passed" testListId="8c84fa94-04c1-424b-9868-57a2d4851a1d" relativeResultsDirectory="ff869084-72a5-45c9-ba02-a94edfc3b3c8" />
    <UnitTestResult executionId="fa416002-d360-44e5-bd39-4b19c7b39900" testId="f74fbe00-0c7a-711f-33e0-1688ffdc8c23" testName="TestBuildAuthFields_WithSubClients_WithAuth(Microsoft.TypeSpec.Generator.Input.InputClient)" computerName="pkrvmxyh4eaekms" duration="00:00:00.0022490" startTime="2025-06-24T21:13:34.0854529+00:00" endTime="2025-06-24T21:13:34.0877013+00:00" testType="13cdc9d9-ddb5-4fa4-a97d-d965ccfc6d4b" outcome="Passed" testListId="8c84fa94-04c1-424b-9868-57a2d4851a1d" relativeResultsDirectory="fa416002-d360-44e5-bd39-4b19c7b39900" />
    <UnitTestResult executionId="1a637168-066c-4c4b-81c4-931da51cfa82" testId="bb05d838-e8b8-1928-3fbd-d3679a7f86bf" testName="RoundTripWithModelReaderWriter(&quot;J&quot;)" computerName="pkrvmxyh4eaekms" duration="00:00:00.0041950" startTime="2025-06-24T21:13:30.0568627+00:00" endTime="2025-06-24T21:13:30.0610571+00:00" testType="13cdc9d9-ddb5-4fa4-a97d-d965ccfc6d4b" outcome="Passed" testListId="8c84fa94-04c1-424b-9868-57a2d4851a1d" relativeResultsDirectory="1a637168-066c-4c4b-81c4-931da51cfa82" />
    <UnitTestResult executionId="701b6669-98ff-4af5-aa6c-51532d54dd8c" testId="7d6988ed-c769-4037-dc1c-9fa54886bdc8" testName="ValidateAllClientResponseClassifiers" computerName="pkrvmxyh4eaekms" duration="00:00:00.0032190" startTime="2025-06-24T21:13:38.5815177+00:00" endTime="2025-06-24T21:13:38.5847364+00:00" testType="13cdc9d9-ddb5-4fa4-a97d-d965ccfc6d4b" outcome="Passed" testListId="8c84fa94-04c1-424b-9868-57a2d4851a1d" relativeResultsDirectory="701b6669-98ff-4af5-aa6c-51532d54dd8c" />
    <UnitTestResult executionId="63d9b50e-6493-4e2e-ac27-3ff61836796c" testId="ac8f81ff-9cec-3504-c5c4-8f5529420f89" testName="TestBuildDeserializationMethod" computerName="pkrvmxyh4eaekms" duration="00:00:00.0020520" startTime="2025-06-24T21:13:36.5602235+00:00" endTime="2025-06-24T21:13:36.5622749+00:00" testType="13cdc9d9-ddb5-4fa4-a97d-d965ccfc6d4b" outcome="Passed" testListId="8c84fa94-04c1-424b-9868-57a2d4851a1d" relativeResultsDirectory="63d9b50e-6493-4e2e-ac27-3ff61836796c" />
    <UnitTestResult executionId="aedb56c3-99ab-4258-80ff-33042f8a41cc" testId="c8f1d21a-34aa-5e25-3b35-46ddd198d9e4" testName="ResetThenAppendPath(&quot;http://localhost/&quot;,&quot;/path/&quot;,&quot;http://localhost/path/&quot;)" computerName="pkrvmxyh4eaekms" duration="00:00:00.0002030" startTime="2025-06-24T21:13:34.5397240+00:00" endTime="2025-06-24T21:13:34.5399265+00:00" testType="13cdc9d9-ddb5-4fa4-a97d-d965ccfc6d4b" outcome="Passed" testListId="8c84fa94-04c1-424b-9868-57a2d4851a1d" relativeResultsDirectory="aedb56c3-99ab-4258-80ff-33042f8a41cc" />
    <UnitTestResult executionId="48efe947-1204-4942-be98-01168e3aa1f9" testId="850718e8-8e6e-2fc0-30e9-cce89aa9345e" testName="EndpointFieldAssignedFromStringParameter(&quot;https://{hostName}&quot;,&quot;hostName&quot;)" computerName="pkrvmxyh4eaekms" duration="00:00:00.0035070" startTime="2025-06-24T21:13:33.9482273+00:00" endTime="2025-06-24T21:13:33.9517335+00:00" testType="13cdc9d9-ddb5-4fa4-a97d-d965ccfc6d4b" outcome="Passed" testListId="8c84fa94-04c1-424b-9868-57a2d4851a1d" relativeResultsDirectory="48efe947-1204-4942-be98-01168e3aa1f9" />
    <UnitTestResult executionId="ad756fcd-2360-4682-aa3f-2eac25542d02" testId="36d6f59a-7f94-a600-a190-5fd3ba4b33a1" testName="TestMatchConditionsParameter()" computerName="pkrvmxyh4eaekms" duration="00:00:00.0042390" startTime="2025-06-24T21:13:30.2916359+00:00" endTime="2025-06-24T21:13:30.2958744+00:00" testType="13cdc9d9-ddb5-4fa4-a97d-d965ccfc6d4b" outcome="Passed" testListId="8c84fa94-04c1-424b-9868-57a2d4851a1d" relativeResultsDirectory="ad756fcd-2360-4682-aa3f-2eac25542d02" />
    <UnitTestResult executionId="a3a283c1-c13f-40af-b4df-789d716df6ec" testId="c448b744-7bf8-6f0c-d98b-198f6de41865" testName="CanCustomizeExtensibleEnum(Microsoft.TypeSpec.Generator.Input.InputEnumType)" computerName="pkrvmxyh4eaekms" duration="00:00:00.1057350" startTime="2025-06-24T21:13:37.3224502+00:00" endTime="2025-06-24T21:13:37.4281847+00:00" testType="13cdc9d9-ddb5-4fa4-a97d-d965ccfc6d4b" outcome="Passed" testListId="8c84fa94-04c1-424b-9868-57a2d4851a1d" relativeResultsDirectory="a3a283c1-c13f-40af-b4df-789d716df6ec" />
    <UnitTestResult executionId="cc9d886d-20d1-4ac5-9af7-b47822203361" testId="82207889-87a9-6e80-2186-6759c95c8d6f" testName="TestGetSpreadParameterModel(Microsoft.TypeSpec.Generator.Input.InputParameter)" computerName="pkrvmxyh4eaekms" duration="00:00:00.0003590" startTime="2025-06-24T21:13:38.5769941+00:00" endTime="2025-06-24T21:13:38.5773532+00:00" testType="13cdc9d9-ddb5-4fa4-a97d-d965ccfc6d4b" outcome="Passed" testListId="8c84fa94-04c1-424b-9868-57a2d4851a1d" relativeResultsDirectory="cc9d886d-20d1-4ac5-9af7-b47822203361" />
    <UnitTestResult executionId="ee82ed10-7ff0-4c9b-9946-6f87fa63fe7a" testId="6f3de9f8-ce4b-1e99-dd86-b59a2c977e85" testName="ResetThenAppendQuery(&quot;http://localhost:12345/some&quot;,&quot;one|1|two|2&quot;,&quot;http://localhost:12345/some?one=1&amp;two=2&quot;)" computerName="pkrvmxyh4eaekms" duration="00:00:00.0001410" startTime="2025-06-24T21:13:34.5461136+00:00" endTime="2025-06-24T21:13:34.5462543+00:00" testType="13cdc9d9-ddb5-4fa4-a97d-d965ccfc6d4b" outcome="Passed" testListId="8c84fa94-04c1-424b-9868-57a2d4851a1d" relativeResultsDirectory="ee82ed10-7ff0-4c9b-9946-6f87fa63fe7a" />
    <UnitTestResult executionId="bd9e7956-5a6b-4dca-87ab-9c54a72c8e21" testId="46c0f747-e309-a9f8-b426-f3a7bd05a508" testName="CanCustomizePropertyUsingField" computerName="pkrvmxyh4eaekms" duration="00:00:00.1778760" startTime="2025-06-24T21:13:36.0710626+00:00" endTime="2025-06-24T21:13:36.2489387+00:00" testType="13cdc9d9-ddb5-4fa4-a97d-d965ccfc6d4b" outcome="Passed" testListId="8c84fa94-04c1-424b-9868-57a2d4851a1d" relativeResultsDirectory="bd9e7956-5a6b-4dca-87ab-9c54a72c8e21" />
    <UnitTestResult executionId="1eb87d78-6431-4766-9366-fd8c93b24249" testId="d7fa095d-def8-4b4f-a71c-95d92cb9d97c" testName="BinaryDataAdditionalProperties" computerName="pkrvmxyh4eaekms" duration="00:00:00.0025030" startTime="2025-06-24T21:13:35.2561150+00:00" endTime="2025-06-24T21:13:35.2586178+00:00" testType="13cdc9d9-ddb5-4fa4-a97d-d965ccfc6d4b" outcome="Passed" testListId="8c84fa94-04c1-424b-9868-57a2d4851a1d" relativeResultsDirectory="1eb87d78-6431-4766-9366-fd8c93b24249" />
    <UnitTestResult executionId="4168ac89-4c36-46f5-83ed-8b2d6c3f9004" testId="5012d36b-b617-1c43-82be-02c1ca8a65d2" testName="FormatsDatesAsJson(&quot;D&quot;,05/04/2020 00:00:00 +00:00,&quot;2020-05-04&quot;)" computerName="pkrvmxyh4eaekms" duration="00:00:00.0000770" startTime="2025-06-24T21:13:38.7354427+00:00" endTime="2025-06-24T21:13:38.7355197+00:00" testType="13cdc9d9-ddb5-4fa4-a97d-d965ccfc6d4b" outcome="Passed" testListId="8c84fa94-04c1-424b-9868-57a2d4851a1d" relativeResultsDirectory="4168ac89-4c36-46f5-83ed-8b2d6c3f9004" />
    <UnitTestResult executionId="8a83b81a-bdc1-419b-8ff1-0c9fa825f74d" testId="883e5672-51ed-46eb-1c03-d79c19b513da" testName="NextLinkInHeaderAsync" computerName="pkrvmxyh4eaekms" duration="00:00:00.0037670" startTime="2025-06-24T21:13:34.6694484+00:00" endTime="2025-06-24T21:13:34.6732154+00:00" testType="13cdc9d9-ddb5-4fa4-a97d-d965ccfc6d4b" outcome="Passed" testListId="8c84fa94-04c1-424b-9868-57a2d4851a1d" relativeResultsDirectory="8a83b81a-bdc1-419b-8ff1-0c9fa825f74d" />
    <UnitTestResult executionId="0dedfdc4-6d26-48cc-934b-132eef7c7cd9" testId="842ea89f-d86d-2b60-9c71-dee6ace08cf1" testName="RoundTripWithModelInterfaceNonGeneric(&quot;W&quot;)" computerName="pkrvmxyh4eaekms" duration="00:00:00.0021289" startTime="2025-06-24T21:13:30.2215436+00:00" endTime="2025-06-24T21:13:30.2236729+00:00" testType="13cdc9d9-ddb5-4fa4-a97d-d965ccfc6d4b" outcome="Passed" testListId="8c84fa94-04c1-424b-9868-57a2d4851a1d" relativeResultsDirectory="0dedfdc4-6d26-48cc-934b-132eef7c7cd9" />
    <UnitTestResult executionId="45f2005a-9a92-4895-9b78-ab5dc5bdd854" testId="479a856a-b668-d0be-97cb-73c0d55e7806" testName="AppendPath_DateTimeOffset(&quot;http://localhost&quot;,&quot;6/30/1905 1:14:00 PM +00:00&quot;,&quot;D&quot;,True,&quot;http://localhost/1905-06-30&quot;)" computerName="pkrvmxyh4eaekms" duration="00:00:00.0010690" startTime="2025-06-24T21:13:34.4575760+00:00" endTime="2025-06-24T21:13:34.4586450+00:00" testType="13cdc9d9-ddb5-4fa4-a97d-d965ccfc6d4b" outcome="Passed" testListId="8c84fa94-04c1-424b-9868-57a2d4851a1d" relativeResultsDirectory="45f2005a-9a92-4895-9b78-ab5dc5bdd854" />
    <UnitTestResult executionId="480665b1-34b9-471f-9503-a5dc4e2194f9" testId="7bb6cf57-3b02-b6a7-9bfb-642a63859d02" testName="AppendPath_Double(&quot;http://localhost&quot;,-3.14d,False,&quot;http://localhost/-3.14&quot;)" computerName="pkrvmxyh4eaekms" duration="00:00:00.0000940" startTime="2025-06-24T21:13:34.4634101+00:00" endTime="2025-06-24T21:13:34.4635037+00:00" testType="13cdc9d9-ddb5-4fa4-a97d-d965ccfc6d4b" outcome="Passed" testListId="8c84fa94-04c1-424b-9868-57a2d4851a1d" relativeResultsDirectory="480665b1-34b9-471f-9503-a5dc4e2194f9" />
    <UnitTestResult executionId="2346e1b3-35ef-4c1f-828c-e3f2f08d0b66" testId="0ff7f84c-222b-c9d7-80b3-11c44079c637" testName="ResetThenAppendPath(&quot;http://localhost:12345/&quot;,&quot;/path/&quot;,&quot;http://localhost:12345/path/&quot;)" computerName="pkrvmxyh4eaekms" duration="00:00:00.0002310" startTime="2025-06-24T21:13:34.5401707+00:00" endTime="2025-06-24T21:13:34.5404011+00:00" testType="13cdc9d9-ddb5-4fa4-a97d-d965ccfc6d4b" outcome="Passed" testListId="8c84fa94-04c1-424b-9868-57a2d4851a1d" relativeResultsDirectory="2346e1b3-35ef-4c1f-828c-e3f2f08d0b66" />
    <UnitTestResult executionId="906f71dc-00a7-494e-88ad-495b7183d3d4" testId="447a0ea2-4a73-9937-dd54-230022a31e61" testName="AppendQuery_TimeSpan(&quot;http://localhost&quot;,&quot;02:15:00&quot;,&quot;P&quot;,False,&quot;http://localhost/?query=PT2H15M&quot;)" computerName="pkrvmxyh4eaekms" duration="00:00:00.0001480" startTime="2025-06-24T21:13:34.5307562+00:00" endTime="2025-06-24T21:13:34.5309043+00:00" testType="13cdc9d9-ddb5-4fa4-a97d-d965ccfc6d4b" outcome="Passed" testListId="8c84fa94-04c1-424b-9868-57a2d4851a1d" relativeResultsDirectory="906f71dc-00a7-494e-88ad-495b7183d3d4" />
    <UnitTestResult executionId="3cb1abae-39c0-4fdb-8704-5f687658bf79" testId="a23a4d3b-b938-d346-953e-8f23851ebb46" testName="ValidateIsLastNamespaceSegmentTheSame(&quot;Foo&quot;,&quot;Foo&quot;)" computerName="pkrvmxyh4eaekms" duration="00:00:00.0017660" startTime="2025-06-24T21:13:34.2905148+00:00" endTime="2025-06-24T21:13:34.2922804+00:00" testType="13cdc9d9-ddb5-4fa4-a97d-d965ccfc6d4b" outcome="Passed" testListId="8c84fa94-04c1-424b-9868-57a2d4851a1d" relativeResultsDirectory="3cb1abae-39c0-4fdb-8704-5f687658bf79" />
    <UnitTestResult executionId="6849ed52-6ea5-4927-96ab-47307f07174a" testId="fb51798c-b608-b315-9be5-4e9843174a03" testName="TestBuildCreateRequestMethodWithPaging(True)" computerName="pkrvmxyh4eaekms" duration="00:00:00.0053410" startTime="2025-06-24T21:13:38.5617190+00:00" endTime="2025-06-24T21:13:38.5670594+00:00" testType="13cdc9d9-ddb5-4fa4-a97d-d965ccfc6d4b" outcome="Passed" testListId="8c84fa94-04c1-424b-9868-57a2d4851a1d" relativeResultsDirectory="6849ed52-6ea5-4927-96ab-47307f07174a" />
    <UnitTestResult executionId="2dfd4bdc-5bb7-4563-9692-e0ba1ce5b45a" testId="59b41628-064d-c852-59dd-ff3828786d75" testName="RequestOptionsOptionality(True,False,True)" computerName="pkrvmxyh4eaekms" duration="00:00:00.0023700" startTime="2025-06-24T21:13:38.7187123+00:00" endTime="2025-06-24T21:13:38.7210822+00:00" testType="13cdc9d9-ddb5-4fa4-a97d-d965ccfc6d4b" outcome="Passed" testListId="8c84fa94-04c1-424b-9868-57a2d4851a1d" relativeResultsDirectory="2dfd4bdc-5bb7-4563-9692-e0ba1ce5b45a" />
    <UnitTestResult executionId="736f24c9-975a-42d9-bf0d-067dbefe5211" testId="d82a3974-a1b3-5452-a547-6e33ca1a063c" testName="TestBuildAuthFields_WithSubClients_NoAuth(Microsoft.TypeSpec.Generator.Input.InputClient)" computerName="pkrvmxyh4eaekms" duration="00:00:00.0027220" startTime="2025-06-24T21:13:34.0697298+00:00" endTime="2025-06-24T21:13:34.0724517+00:00" testType="13cdc9d9-ddb5-4fa4-a97d-d965ccfc6d4b" outcome="Passed" testListId="8c84fa94-04c1-424b-9868-57a2d4851a1d" relativeResultsDirectory="736f24c9-975a-42d9-bf0d-067dbefe5211" />
    <UnitTestResult executionId="ea707829-953d-4c77-ab17-a9252b32d79d" testId="e0e7ed78-91d2-9712-eb9e-f812f7d4f81d" testName="AppendPath_TimeSpan(&quot;http://localhost&quot;,&quot;02:15:00&quot;,null,False,&quot;http://localhost/PT2H15M&quot;)" computerName="pkrvmxyh4eaekms" duration="00:00:00.0000989" startTime="2025-06-24T21:13:34.5048507+00:00" endTime="2025-06-24T21:13:34.5049495+00:00" testType="13cdc9d9-ddb5-4fa4-a97d-d965ccfc6d4b" outcome="Passed" testListId="8c84fa94-04c1-424b-9868-57a2d4851a1d" relativeResultsDirectory="ea707829-953d-4c77-ab17-a9252b32d79d" />
    <UnitTestResult executionId="c322a859-b253-4e35-8d2d-7cfce2bff717" testId="84ad1089-0415-9b9d-3949-c442ce279fcc" testName="RoundTripWithModelInterface(&quot;J&quot;)" computerName="pkrvmxyh4eaekms" duration="00:00:00.0009820" startTime="2025-06-24T21:13:30.2822081+00:00" endTime="2025-06-24T21:13:30.2831898+00:00" testType="13cdc9d9-ddb5-4fa4-a97d-d965ccfc6d4b" outcome="Passed" testListId="8c84fa94-04c1-424b-9868-57a2d4851a1d" relativeResultsDirectory="c322a859-b253-4e35-8d2d-7cfce2bff717" />
    <UnitTestResult executionId="b20fa990-f87a-48d7-babd-19f919495877" testId="6926a070-192e-3bc2-3350-2c630870c19d" testName="ValidateGetResponseClassifiersThrowsWhenNoSuccess" computerName="pkrvmxyh4eaekms" duration="00:00:00.0007080" startTime="2025-06-24T21:13:38.6000028+00:00" endTime="2025-06-24T21:13:38.6007104+00:00" testType="13cdc9d9-ddb5-4fa4-a97d-d965ccfc6d4b" outcome="Passed" testListId="8c84fa94-04c1-424b-9868-57a2d4851a1d" relativeResultsDirectory="b20fa990-f87a-48d7-babd-19f919495877" />
    <UnitTestResult executionId="ef3a03a2-61fa-4d08-9004-aae48953fe1c" testId="f2d9e943-a7b0-5d4d-e069-287247218fd9" testName="NextLinkInHeaderOfTAsync" computerName="pkrvmxyh4eaekms" duration="00:00:00.0039439" startTime="2025-06-24T21:13:34.6774004+00:00" endTime="2025-06-24T21:13:34.6813442+00:00" testType="13cdc9d9-ddb5-4fa4-a97d-d965ccfc6d4b" outcome="Passed" testListId="8c84fa94-04c1-424b-9868-57a2d4851a1d" relativeResultsDirectory="ef3a03a2-61fa-4d08-9004-aae48953fe1c" />
    <UnitTestResult executionId="655fe526-0480-4888-8454-54bee9fa6e7d" testId="6eb251ea-cd01-f295-71ff-20db562d463d" testName="NextLinkInBodyOfTAsync" computerName="pkrvmxyh4eaekms" duration="00:00:00.0038960" startTime="2025-06-24T21:13:34.6609052+00:00" endTime="2025-06-24T21:13:34.6648005+00:00" testType="13cdc9d9-ddb5-4fa4-a97d-d965ccfc6d4b" outcome="Passed" testListId="8c84fa94-04c1-424b-9868-57a2d4851a1d" relativeResultsDirectory="655fe526-0480-4888-8454-54bee9fa6e7d" />
    <UnitTestResult executionId="06f0b9f9-d105-4bd7-b3e7-f70e87bc4f6c" testId="75ea94fd-3e39-2426-5e3d-01bde1d3cfe1" testName="TestBuildConstructors_SecondaryConstructor(System.Collections.Generic.List`1[Microsoft.TypeSpec.Generator.Input.InputParameter])" computerName="pkrvmxyh4eaekms" duration="00:00:00.0019760" startTime="2025-06-24T21:13:34.1678800+00:00" endTime="2025-06-24T21:13:34.1698554+00:00" testType="13cdc9d9-ddb5-4fa4-a97d-d965ccfc6d4b" outcome="Passed" testListId="8c84fa94-04c1-424b-9868-57a2d4851a1d" relativeResultsDirectory="06f0b9f9-d105-4bd7-b3e7-f70e87bc4f6c" />
    <UnitTestResult executionId="4993b6b1-3e92-46ce-b89f-6ae28fafc3cd" testId="e3f6b41b-723f-fe52-6ef5-10aa6556c371" testName="TestBuildAuthFields_SubClients_WithAuth(Microsoft.TypeSpec.Generator.Input.InputClient)" computerName="pkrvmxyh4eaekms" duration="00:00:00.0024099" startTime="2025-06-24T21:13:34.0187354+00:00" endTime="2025-06-24T21:13:34.0211452+00:00" testType="13cdc9d9-ddb5-4fa4-a97d-d965ccfc6d4b" outcome="Passed" testListId="8c84fa94-04c1-424b-9868-57a2d4851a1d" relativeResultsDirectory="4993b6b1-3e92-46ce-b89f-6ae28fafc3cd" />
    <UnitTestResult executionId="629ad878-8ddb-4d43-9333-8f10a427c86e" testId="77145dec-6351-dad6-568e-bc45646b61eb" testName="TestFields(False)" computerName="pkrvmxyh4eaekms" duration="00:00:00.0020480" startTime="2025-06-24T21:13:32.4072114+00:00" endTime="2025-06-24T21:13:32.4092597+00:00" testType="13cdc9d9-ddb5-4fa4-a97d-d965ccfc6d4b" outcome="Passed" testListId="8c84fa94-04c1-424b-9868-57a2d4851a1d" relativeResultsDirectory="629ad878-8ddb-4d43-9333-8f10a427c86e" />
    <UnitTestResult executionId="2ffa735f-4871-4160-bee1-97eee5d86c27" testId="f21b19d3-41c0-235a-f7d9-88c615b2e912" testName="AppendQueryDelimited(&quot;http://localhost&quot;,[&quot;hello&quot;, &quot;world&quot;],&quot;|&quot;,False,&quot;http://localhost/?query=hello|world&quot;)" computerName="pkrvmxyh4eaekms" duration="00:00:00.0001100" startTime="2025-06-24T21:13:34.5334707+00:00" endTime="2025-06-24T21:13:34.5335804+00:00" testType="13cdc9d9-ddb5-4fa4-a97d-d965ccfc6d4b" outcome="Passed" testListId="8c84fa94-04c1-424b-9868-57a2d4851a1d" relativeResultsDirectory="2ffa735f-4871-4160-bee1-97eee5d86c27" />
    <UnitTestResult executionId="604a2c43-d4ca-4d92-a088-fd2f57404f8d" testId="b2903119-1d6e-0bc6-5662-cedf6f3c55e9" testName="TestGetMethodParameters(Microsoft.TypeSpec.Generator.Input.InputBasicServiceMethod)" computerName="pkrvmxyh4eaekms" duration="00:00:00.0004400" startTime="2025-06-24T21:13:38.5754292+00:00" endTime="2025-06-24T21:13:38.5758693+00:00" testType="13cdc9d9-ddb5-4fa4-a97d-d965ccfc6d4b" outcome="Passed" testListId="8c84fa94-04c1-424b-9868-57a2d4851a1d" relativeResultsDirectory="604a2c43-d4ca-4d92-a088-fd2f57404f8d" />
    <UnitTestResult executionId="7c23bbf2-6973-4b6f-bb96-556fbcb96905" testId="118381db-b906-f6fd-1684-10bb36d8f131" testName="TestBuildJsonModelCreateMethodObjectDeclaration" computerName="pkrvmxyh4eaekms" duration="00:00:00.0021050" startTime="2025-06-24T21:13:36.5853076+00:00" endTime="2025-06-24T21:13:36.5874126+00:00" testType="13cdc9d9-ddb5-4fa4-a97d-d965ccfc6d4b" outcome="Passed" testListId="8c84fa94-04c1-424b-9868-57a2d4851a1d" relativeResultsDirectory="7c23bbf2-6973-4b6f-bb96-556fbcb96905" />
    <UnitTestResult executionId="fd0eb746-9de9-4981-bd68-89ee0756ec7c" testId="a0417d24-94d1-2703-f2aa-48245183ab9c" testName="ValidateConvertToString(null,299792458L,&quot;299792458&quot;)" computerName="pkrvmxyh4eaekms" duration="00:00:00.0001360" startTime="2025-06-24T21:13:38.7428444+00:00" endTime="2025-06-24T21:13:38.7429808+00:00" testType="13cdc9d9-ddb5-4fa4-a97d-d965ccfc6d4b" outcome="Passed" testListId="8c84fa94-04c1-424b-9868-57a2d4851a1d" relativeResultsDirectory="fd0eb746-9de9-4981-bd68-89ee0756ec7c" />
    <UnitTestResult executionId="ad47281f-60de-4006-bc62-e3e1148d1951" testId="4475f251-65dc-0f4a-1b5f-4a7a6bbd208c" testName="TestDeserializationStatement(Microsoft.TypeSpec.Generator.Input.InputModelProperty,False,False)" computerName="pkrvmxyh4eaekms" duration="00:00:00.0008100" startTime="2025-06-24T21:13:35.1912331+00:00" endTime="2025-06-24T21:13:35.1920434+00:00" testType="13cdc9d9-ddb5-4fa4-a97d-d965ccfc6d4b" outcome="Passed" testListId="8c84fa94-04c1-424b-9868-57a2d4851a1d" relativeResultsDirectory="ad47281f-60de-4006-bc62-e3e1148d1951" />
    <UnitTestResult executionId="e95ed0e4-5dfc-458f-92c7-36e886400ea4" testId="f3c9bab4-3291-051a-77b7-1676b635bc87" testName="TestBuildDeserializationMethod(Microsoft.TypeSpec.Generator.Input.InputPrimitiveType,[&quot;float&quot;],[&quot;case global::System.Text.Json.JsonValueKind.Number:&quot;, &quot;if (prop.Value.TryGetSingle(out float floatValue))&quot;, &quot;additionalProperties.Add(prop.Name, floatValue);&quot;])" computerName="pkrvmxyh4eaekms" duration="00:00:00.0019530" startTime="2025-06-24T21:13:35.1464349+00:00" endTime="2025-06-24T21:13:35.1483881+00:00" testType="13cdc9d9-ddb5-4fa4-a97d-d965ccfc6d4b" outcome="Passed" testListId="8c84fa94-04c1-424b-9868-57a2d4851a1d" relativeResultsDirectory="e95ed0e4-5dfc-458f-92c7-36e886400ea4" />
    <UnitTestResult executionId="591b1f65-f2ed-482b-bbeb-0dec65ad8882" testId="2be290df-7d92-5723-935e-13156fa041e9" testName="TestBuildConstructors_PrimaryConstructor(System.Collections.Generic.List`1[Microsoft.TypeSpec.Generator.Input.InputParameter])" computerName="pkrvmxyh4eaekms" duration="00:00:00.0019570" startTime="2025-06-24T21:13:34.1422406+00:00" endTime="2025-06-24T21:13:34.1441975+00:00" testType="13cdc9d9-ddb5-4fa4-a97d-d965ccfc6d4b" outcome="Passed" testListId="8c84fa94-04c1-424b-9868-57a2d4851a1d" relativeResultsDirectory="591b1f65-f2ed-482b-bbeb-0dec65ad8882" />
    <UnitTestResult executionId="b4bb4b75-8846-415c-b011-8aae68e7ff77" testId="146aa1c0-e779-e5d3-3dd4-31fcfe25e1ce" testName="NoNextLinkOrContinuationToken" computerName="pkrvmxyh4eaekms" duration="00:00:00.0066190" startTime="2025-06-24T21:13:34.6228800+00:00" endTime="2025-06-24T21:13:34.6294977+00:00" testType="13cdc9d9-ddb5-4fa4-a97d-d965ccfc6d4b" outcome="Passed" testListId="8c84fa94-04c1-424b-9868-57a2d4851a1d" relativeResultsDirectory="b4bb4b75-8846-415c-b011-8aae68e7ff77" />
    <UnitTestResult executionId="68dd5ac7-56b6-4919-9414-9e6193dc4a2d" testId="1a6f7815-7152-9d34-d9b2-1ad1aea279fd" testName="OperationWithOptionalEnum" computerName="pkrvmxyh4eaekms" duration="00:00:00.0038680" startTime="2025-06-24T21:13:38.6607031+00:00" endTime="2025-06-24T21:13:38.6645709+00:00" testType="13cdc9d9-ddb5-4fa4-a97d-d965ccfc6d4b" outcome="Passed" testListId="8c84fa94-04c1-424b-9868-57a2d4851a1d" relativeResultsDirectory="68dd5ac7-56b6-4919-9414-9e6193dc4a2d" />
    <UnitTestResult executionId="94d88b0d-46b1-4b1e-8dd5-9e61e8fe0502" testId="75ea94fd-3e39-2426-5e3d-01bde1d3cfe1" testName="TestBuildConstructors_SecondaryConstructor(System.Collections.Generic.List`1[Microsoft.TypeSpec.Generator.Input.InputParameter])" computerName="pkrvmxyh4eaekms" duration="00:00:00.0014870" startTime="2025-06-24T21:13:34.1630389+00:00" endTime="2025-06-24T21:13:34.1645260+00:00" testType="13cdc9d9-ddb5-4fa4-a97d-d965ccfc6d4b" outcome="Passed" testListId="8c84fa94-04c1-424b-9868-57a2d4851a1d" relativeResultsDirectory="94d88b0d-46b1-4b1e-8dd5-9e61e8fe0502" />
    <UnitTestResult executionId="34e4219b-9085-473a-a2bd-958a325f1c5f" testId="399178cf-d06f-bce1-4bab-8ac5289277a4" testName="TestBuildCreateRequestMethodWithPathParameters" computerName="pkrvmxyh4eaekms" duration="00:00:00.0013670" startTime="2025-06-24T21:13:38.5701472+00:00" endTime="2025-06-24T21:13:38.5715139+00:00" testType="13cdc9d9-ddb5-4fa4-a97d-d965ccfc6d4b" outcome="Passed" testListId="8c84fa94-04c1-424b-9868-57a2d4851a1d" relativeResultsDirectory="34e4219b-9085-473a-a2bd-958a325f1c5f" />
    <UnitTestResult executionId="cfaa9083-3a3a-4fa3-8a3c-1323e0c0a20e" testId="8c32a78b-8884-f0f7-4dc4-773316383b83" testName="TestBuildDeserializationMethod(Microsoft.TypeSpec.Generator.Input.InputPrimitiveType,[&quot;bool&quot;],[&quot;case (global::System.Text.Json.JsonValueKind.True || global::System.Text.Json.JsonValueKind.False):&quot;, &quot;additionalProperties.Add(prop.Name, prop.Value.GetBoolean());&quot;])" computerName="pkrvmxyh4eaekms" duration="00:00:00.0024740" startTime="2025-06-24T21:13:35.1439275+00:00" endTime="2025-06-24T21:13:35.1464014+00:00" testType="13cdc9d9-ddb5-4fa4-a97d-d965ccfc6d4b" outcome="Passed" testListId="8c84fa94-04c1-424b-9868-57a2d4851a1d" relativeResultsDirectory="cfaa9083-3a3a-4fa3-8a3c-1323e0c0a20e" />
    <UnitTestResult executionId="127cb03f-b9ff-4699-a288-e2e38db01fcf" testId="e3f6b41b-723f-fe52-6ef5-10aa6556c371" testName="TestBuildAuthFields_SubClients_WithAuth(Microsoft.TypeSpec.Generator.Input.InputClient)" computerName="pkrvmxyh4eaekms" duration="00:00:00.0032600" startTime="2025-06-24T21:13:34.0234186+00:00" endTime="2025-06-24T21:13:34.0266780+00:00" testType="13cdc9d9-ddb5-4fa4-a97d-d965ccfc6d4b" outcome="Passed" testListId="8c84fa94-04c1-424b-9868-57a2d4851a1d" relativeResultsDirectory="127cb03f-b9ff-4699-a288-e2e38db01fcf" />
    <UnitTestResult executionId="a2377589-372b-40b9-a2f3-23d2d6f6461f" testId="a0a3d471-9d79-b0a8-66e1-fb0ed7fc56be" testName="ValidateIsLastNamespaceSegmentTheSame(&quot;.Foo&quot;,&quot;Foo&quot;)" computerName="pkrvmxyh4eaekms" duration="00:00:00.0010650" startTime="2025-06-24T21:13:34.3108020+00:00" endTime="2025-06-24T21:13:34.3118672+00:00" testType="13cdc9d9-ddb5-4fa4-a97d-d965ccfc6d4b" outcome="Passed" testListId="8c84fa94-04c1-424b-9868-57a2d4851a1d" relativeResultsDirectory="a2377589-372b-40b9-a2f3-23d2d6f6461f" />
    <UnitTestResult executionId="75d85e8a-1673-475e-bcd9-e8729b28b663" testId="8613ad41-9d85-d626-f136-26c1b7b762f6" testName="RoundTripWithJsonInterfaceUtf8ReaderNonGeneric(&quot;J&quot;)" computerName="pkrvmxyh4eaekms" duration="00:00:00.0024790" startTime="2025-06-24T21:13:30.2064642+00:00" endTime="2025-06-24T21:13:30.2089432+00:00" testType="13cdc9d9-ddb5-4fa4-a97d-d965ccfc6d4b" outcome="Passed" testListId="8c84fa94-04c1-424b-9868-57a2d4851a1d" relativeResultsDirectory="75d85e8a-1673-475e-bcd9-e8729b28b663" />
    <UnitTestResult executionId="bb53dfe2-d372-459a-a02c-5da522c419c5" testId="0e78e6c8-d302-cfca-dc84-e91db65a3135" testName="TestBuildJsonModelWriteCore(Microsoft.TypeSpec.Generator.Input.InputUnionType)" computerName="pkrvmxyh4eaekms" duration="00:00:00.0013060" startTime="2025-06-24T21:13:35.1751134+00:00" endTime="2025-06-24T21:13:35.1764194+00:00" testType="13cdc9d9-ddb5-4fa4-a97d-d965ccfc6d4b" outcome="Passed" testListId="8c84fa94-04c1-424b-9868-57a2d4851a1d" relativeResultsDirectory="bb53dfe2-d372-459a-a02c-5da522c419c5" />
    <UnitTestResult executionId="6f516064-f7c7-4073-9773-971c76f03d15" testId="e87a7c46-fccf-b207-c830-82e843042fb3" testName="CanAddMethod" computerName="pkrvmxyh4eaekms" duration="00:00:00.4968660" startTime="2025-06-24T21:13:32.4238286+00:00" endTime="2025-06-24T21:13:32.9206940+00:00" testType="13cdc9d9-ddb5-4fa4-a97d-d965ccfc6d4b" outcome="Passed" testListId="8c84fa94-04c1-424b-9868-57a2d4851a1d" relativeResultsDirectory="6f516064-f7c7-4073-9773-971c76f03d15" />
    <UnitTestResult executionId="f0362f69-12f5-4664-bd52-bc29db995c20" testId="afbfe3bb-182e-d88f-133e-7ef3fc63c181" testName="RoundTripWithModelInterface(&quot;J&quot;)" computerName="pkrvmxyh4eaekms" duration="00:00:00.0058800" startTime="2025-06-24T21:13:30.0485679+00:00" endTime="2025-06-24T21:13:30.0544480+00:00" testType="13cdc9d9-ddb5-4fa4-a97d-d965ccfc6d4b" outcome="Passed" testListId="8c84fa94-04c1-424b-9868-57a2d4851a1d" relativeResultsDirectory="f0362f69-12f5-4664-bd52-bc29db995c20" />
    <UnitTestResult executionId="19f56df6-1efc-4f71-82f0-98d2811f5801" testId="b0cd1039-ea79-eaa1-e1c7-0398cf6051bb" testName="AppendQuery_DateTimeOffset(&quot;http://localhost&quot;,&quot;6/30/1905 1:14:00 PM +00:00&quot;,&quot;R&quot;,True,&quot;http://localhost/?query=Fri%2C 30 Jun 1905 13%3A14%3A00 GMT&quot;)" computerName="pkrvmxyh4eaekms" duration="00:00:00.0001260" startTime="2025-06-24T21:13:34.5225780+00:00" endTime="2025-06-24T21:13:34.5227037+00:00" testType="13cdc9d9-ddb5-4fa4-a97d-d965ccfc6d4b" outcome="Passed" testListId="8c84fa94-04c1-424b-9868-57a2d4851a1d" relativeResultsDirectory="19f56df6-1efc-4f71-82f0-98d2811f5801" />
    <UnitTestResult executionId="2fdc1644-f1aa-4406-8f5d-6cb80dd4ccee" testId="e3ab55ff-d050-071c-735b-0ca651c32877" testName="ResetThenAppendQueryThenAppendPath(&quot;http://localhost&quot;,&quot;some/&quot;,&quot;one|1|two|2&quot;,&quot;http://localhost/some/?one=1&amp;two=2&quot;)" computerName="pkrvmxyh4eaekms" duration="00:00:00.0001430" startTime="2025-06-24T21:13:34.5490498+00:00" endTime="2025-06-24T21:13:34.5491928+00:00" testType="13cdc9d9-ddb5-4fa4-a97d-d965ccfc6d4b" outcome="Passed" testListId="8c84fa94-04c1-424b-9868-57a2d4851a1d" relativeResultsDirectory="2fdc1644-f1aa-4406-8f5d-6cb80dd4ccee" />
    <UnitTestResult executionId="065f7e29-f57f-4fc7-bfc0-464f80e95661" testId="cf012cb4-e83d-1909-fc0f-f01c58e7a4d2" testName="TestGetClientOptions(True)" computerName="pkrvmxyh4eaekms" duration="00:00:00.0015510" startTime="2025-06-24T21:13:34.1911152+00:00" endTime="2025-06-24T21:13:34.1926659+00:00" testType="13cdc9d9-ddb5-4fa4-a97d-d965ccfc6d4b" outcome="Passed" testListId="8c84fa94-04c1-424b-9868-57a2d4851a1d" relativeResultsDirectory="065f7e29-f57f-4fc7-bfc0-464f80e95661" />
    <UnitTestResult executionId="bab127ad-fe05-4856-bded-7d37f716e14c" testId="65daf17b-6734-2887-3b9a-92e68be3eecc" testName="TestBuildPersistableModelDeserializationMethod" computerName="pkrvmxyh4eaekms" duration="00:00:00.0024370" startTime="2025-06-24T21:13:36.6029931+00:00" endTime="2025-06-24T21:13:36.6054300+00:00" testType="13cdc9d9-ddb5-4fa4-a97d-d965ccfc6d4b" outcome="Passed" testListId="8c84fa94-04c1-424b-9868-57a2d4851a1d" relativeResultsDirectory="bab127ad-fe05-4856-bded-7d37f716e14c" />
    <UnitTestResult executionId="b8a0ee68-1a63-4c6a-93e2-e195fe446b78" testId="f55a233a-e14b-4380-52ae-c7ccd5e5efd5" testName="TestRequestOptionsParameterInSignature(Microsoft.TypeSpec.Generator.Input.InputBasicServiceMethod,False,True)" computerName="pkrvmxyh4eaekms" duration="00:00:00.0021960" startTime="2025-06-24T21:13:34.2552934+00:00" endTime="2025-06-24T21:13:34.2574895+00:00" testType="13cdc9d9-ddb5-4fa4-a97d-d965ccfc6d4b" outcome="Passed" testListId="8c84fa94-04c1-424b-9868-57a2d4851a1d" relativeResultsDirectory="b8a0ee68-1a63-4c6a-93e2-e195fe446b78" />
    <UnitTestResult executionId="11f3a8c8-9023-464d-8fb1-6c63ad44feff" testId="eb5808bc-5dfb-a596-3540-5193459cee4f" testName="ValidateIsLastNamespaceSegmentTheSame(&quot;.Foo&quot;,&quot;.Foo&quot;)" computerName="pkrvmxyh4eaekms" duration="00:00:00.0011329" startTime="2025-06-24T21:13:34.3085074+00:00" endTime="2025-06-24T21:13:34.3096404+00:00" testType="13cdc9d9-ddb5-4fa4-a97d-d965ccfc6d4b" outcome="Passed" testListId="8c84fa94-04c1-424b-9868-57a2d4851a1d" relativeResultsDirectory="11f3a8c8-9023-464d-8fb1-6c63ad44feff" />
    <UnitTestResult executionId="01613b06-fc92-422c-a0fc-819c1204a837" testId="fdb81633-7b6e-81d1-a2ab-a47d6fb6831e" testName="XmlDocsAreWritten" computerName="pkrvmxyh4eaekms" duration="00:00:00.0090410" startTime="2025-06-24T21:13:34.3296392+00:00" endTime="2025-06-24T21:13:34.3386797+00:00" testType="13cdc9d9-ddb5-4fa4-a97d-d965ccfc6d4b" outcome="Passed" testListId="8c84fa94-04c1-424b-9868-57a2d4851a1d" relativeResultsDirectory="01613b06-fc92-422c-a0fc-819c1204a837" />
    <UnitTestResult executionId="54cb5926-9192-4b58-9b4e-03d3e0baed32" testId="af973e0b-0b20-ed6d-59fa-0a71e4ffb6b7" testName="RequestBodyConstructedUsingBinaryContentHelpers(Microsoft.TypeSpec.Generator.Input.InputDictionaryType)" computerName="pkrvmxyh4eaekms" duration="00:00:00.0025290" startTime="2025-06-24T21:13:38.7091286+00:00" endTime="2025-06-24T21:13:38.7116578+00:00" testType="13cdc9d9-ddb5-4fa4-a97d-d965ccfc6d4b" outcome="Passed" testListId="8c84fa94-04c1-424b-9868-57a2d4851a1d" relativeResultsDirectory="54cb5926-9192-4b58-9b4e-03d3e0baed32" />
    <UnitTestResult executionId="d81a13e4-b0ee-4979-86b9-6038ac0b0a1e" testId="799d4d94-b35a-dbf7-0a8c-2634f7daa23e" testName="TestConstructors(False)" computerName="pkrvmxyh4eaekms" duration="00:00:00.0022940" startTime="2025-06-24T21:13:32.4022548+00:00" endTime="2025-06-24T21:13:32.4045486+00:00" testType="13cdc9d9-ddb5-4fa4-a97d-d965ccfc6d4b" outcome="Passed" testListId="8c84fa94-04c1-424b-9868-57a2d4851a1d" relativeResultsDirectory="d81a13e4-b0ee-4979-86b9-6038ac0b0a1e" />
    <UnitTestResult executionId="92bd0bc1-6db0-4126-8535-df81e600c04e" testId="e2eeac04-ff14-49db-523a-cfd79fc27b7f" testName="ResetThenAppendPathThenAppendQuery(&quot;http://localhost:12345&quot;,&quot;some/&quot;,&quot;one|1&quot;,&quot;http://localhost:12345/some/?one=1&quot;)" computerName="pkrvmxyh4eaekms" duration="00:00:00.0001130" startTime="2025-06-24T21:13:34.5423712+00:00" endTime="2025-06-24T21:13:34.5424840+00:00" testType="13cdc9d9-ddb5-4fa4-a97d-d965ccfc6d4b" outcome="Passed" testListId="8c84fa94-04c1-424b-9868-57a2d4851a1d" relativeResultsDirectory="92bd0bc1-6db0-4126-8535-df81e600c04e" />
    <UnitTestResult executionId="1c7c4420-79d2-4cfb-877a-950e44e95db6" testId="f19afe42-1bdb-8cfd-a433-5717c0bd644c" testName="AppendPath_Float(&quot;http://localhost&quot;,3.14f,True,&quot;http://localhost/3.14&quot;)" computerName="pkrvmxyh4eaekms" duration="00:00:00.0004670" startTime="2025-06-24T21:13:34.4635597+00:00" endTime="2025-06-24T21:13:34.4640263+00:00" testType="13cdc9d9-ddb5-4fa4-a97d-d965ccfc6d4b" outcome="Passed" testListId="8c84fa94-04c1-424b-9868-57a2d4851a1d" relativeResultsDirectory="1c7c4420-79d2-4cfb-877a-950e44e95db6" />
    <UnitTestResult executionId="cf3da15f-0eb3-4d15-bc32-02dddfdac4e3" testId="405a9a6e-f7a9-5cd4-cb04-c735c2ffb585" testName="TestIntDeserializeExpression(System.Int64,Int_String)" computerName="pkrvmxyh4eaekms" duration="00:00:00.0009170" startTime="2025-06-24T21:13:36.6270518+00:00" endTime="2025-06-24T21:13:36.6279682+00:00" testType="13cdc9d9-ddb5-4fa4-a97d-d965ccfc6d4b" outcome="Passed" testListId="8c84fa94-04c1-424b-9868-57a2d4851a1d" relativeResultsDirectory="cf3da15f-0eb3-4d15-bc32-02dddfdac4e3" />
    <UnitTestResult executionId="5d13129e-de6b-472f-afec-0a8b9c82f426" testId="df74a8b4-44a1-5487-2d29-3c4b11501295" testName="TestImplicitToBinaryContentNotGeneratedForNonRootInputModel" computerName="pkrvmxyh4eaekms" duration="00:00:00.0027570" startTime="2025-06-24T21:13:36.6242083+00:00" endTime="2025-06-24T21:13:36.6269657+00:00" testType="13cdc9d9-ddb5-4fa4-a97d-d965ccfc6d4b" outcome="Passed" testListId="8c84fa94-04c1-424b-9868-57a2d4851a1d" relativeResultsDirectory="5d13129e-de6b-472f-afec-0a8b9c82f426" />
    <UnitTestResult executionId="8446d4ec-e51b-4014-b28c-abe57355e498" testId="09854cc2-76f8-2d6b-de4c-13f7bc0e444c" testName="AppendPath_TimeSpan(&quot;http://localhost&quot;,&quot;02:15:00&quot;,null,True,&quot;http://localhost/PT2H15M&quot;)" computerName="pkrvmxyh4eaekms" duration="00:00:00.0001190" startTime="2025-06-24T21:13:34.5038162+00:00" endTime="2025-06-24T21:13:34.5039356+00:00" testType="13cdc9d9-ddb5-4fa4-a97d-d965ccfc6d4b" outcome="Passed" testListId="8c84fa94-04c1-424b-9868-57a2d4851a1d" relativeResultsDirectory="8446d4ec-e51b-4014-b28c-abe57355e498" />
    <UnitTestResult executionId="b72d30a3-dd6e-4a4b-9292-11f3a4deeca5" testId="948d3d06-dd5d-b2ff-293a-f6a6c81f644a" testName="HeaderParameterOptionality(False,False)" computerName="pkrvmxyh4eaekms" duration="00:00:00.0001900" startTime="2025-06-24T21:13:38.5614724+00:00" endTime="2025-06-24T21:13:38.5616626+00:00" testType="13cdc9d9-ddb5-4fa4-a97d-d965ccfc6d4b" outcome="Passed" testListId="8c84fa94-04c1-424b-9868-57a2d4851a1d" relativeResultsDirectory="b72d30a3-dd6e-4a4b-9292-11f3a4deeca5" />
    <UnitTestResult executionId="14398a4e-05ca-4177-bb36-a95c454ed87a" testId="4164d3af-b848-0f65-ba37-42bad46ec49f" testName="MultipartOperationShouldHaveContentTypeParam" computerName="pkrvmxyh4eaekms" duration="00:00:00.0029460" startTime="2025-06-24T21:13:34.3426167+00:00" endTime="2025-06-24T21:13:34.3455625+00:00" testType="13cdc9d9-ddb5-4fa4-a97d-d965ccfc6d4b" outcome="Passed" testListId="8c84fa94-04c1-424b-9868-57a2d4851a1d" relativeResultsDirectory="14398a4e-05ca-4177-bb36-a95c454ed87a" />
    <UnitTestResult executionId="c880a5a0-248b-4fe2-8a02-a4b7b6ee8d58" testId="bffb1606-622b-75c0-1073-31fd498473a7" testName="ListMethodWithNoPaging" computerName="pkrvmxyh4eaekms" duration="00:00:00.0046780" startTime="2025-06-24T21:13:38.6556717+00:00" endTime="2025-06-24T21:13:38.6603494+00:00" testType="13cdc9d9-ddb5-4fa4-a97d-d965ccfc6d4b" outcome="Passed" testListId="8c84fa94-04c1-424b-9868-57a2d4851a1d" relativeResultsDirectory="c880a5a0-248b-4fe2-8a02-a4b7b6ee8d58" />
    <UnitTestResult executionId="d9e8436a-61c5-423f-be91-06d385934403" testId="d82a3974-a1b3-5452-a547-6e33ca1a063c" testName="TestBuildAuthFields_WithSubClients_NoAuth(Microsoft.TypeSpec.Generator.Input.InputClient)" computerName="pkrvmxyh4eaekms" duration="00:00:00.0020200" startTime="2025-06-24T21:13:34.0776048+00:00" endTime="2025-06-24T21:13:34.0796244+00:00" testType="13cdc9d9-ddb5-4fa4-a97d-d965ccfc6d4b" outcome="Passed" testListId="8c84fa94-04c1-424b-9868-57a2d4851a1d" relativeResultsDirectory="d9e8436a-61c5-423f-be91-06d385934403" />
    <UnitTestResult executionId="105be367-75ed-475f-941d-3b2c7e70c65f" testId="a9f8356a-b05d-d726-c42f-217cf41a7b02" testName="ValidateConvertToString(&quot;o&quot;,05/04/2020 03:02:01 +00:00,&quot;2020-05-04T03:02:01.1230000Z&quot;)" computerName="pkrvmxyh4eaekms" duration="00:00:00.0001650" startTime="2025-06-24T21:13:38.7442137+00:00" endTime="2025-06-24T21:13:38.7443784+00:00" testType="13cdc9d9-ddb5-4fa4-a97d-d965ccfc6d4b" outcome="Passed" testListId="8c84fa94-04c1-424b-9868-57a2d4851a1d" relativeResultsDirectory="105be367-75ed-475f-941d-3b2c7e70c65f" />
    <UnitTestResult executionId="7b05e809-3e3a-4b37-937f-0ac9c931f3ff" testId="c8d027c8-5f36-2b46-5bad-f085954c1e99" testName="ResetThenAppendPath(&quot;http://localhost:12345&quot;,&quot;/path/&quot;,&quot;http://localhost:12345/path/&quot;)" computerName="pkrvmxyh4eaekms" duration="00:00:00.0002050" startTime="2025-06-24T21:13:34.5399466+00:00" endTime="2025-06-24T21:13:34.5401519+00:00" testType="13cdc9d9-ddb5-4fa4-a97d-d965ccfc6d4b" outcome="Passed" testListId="8c84fa94-04c1-424b-9868-57a2d4851a1d" relativeResultsDirectory="7b05e809-3e3a-4b37-937f-0ac9c931f3ff" />
    <UnitTestResult executionId="480754f7-c2a0-4f09-8bbf-cf5c1366ff14" testId="aa24ebc7-de07-9d78-3ed9-d13182a4abaf" testName="ValidateClientWithAcceptHeader_ValuesDefinedInResponse" computerName="pkrvmxyh4eaekms" duration="00:00:00.0009410" startTime="2025-06-24T21:13:38.5947057+00:00" endTime="2025-06-24T21:13:38.5956465+00:00" testType="13cdc9d9-ddb5-4fa4-a97d-d965ccfc6d4b" outcome="Passed" testListId="8c84fa94-04c1-424b-9868-57a2d4851a1d" relativeResultsDirectory="480754f7-c2a0-4f09-8bbf-cf5c1366ff14" />
    <UnitTestResult executionId="d001c24e-741d-437c-b434-4ef4797c18ee" testId="c1ed43ba-2e5f-41f8-d7c9-dcdafdaccfcc" testName="TestBuildPersistableModelGetFormatMethod" computerName="pkrvmxyh4eaekms" duration="00:00:00.0023980" startTime="2025-06-24T21:13:36.6054617+00:00" endTime="2025-06-24T21:13:36.6078601+00:00" testType="13cdc9d9-ddb5-4fa4-a97d-d965ccfc6d4b" outcome="Passed" testListId="8c84fa94-04c1-424b-9868-57a2d4851a1d" relativeResultsDirectory="d001c24e-741d-437c-b434-4ef4797c18ee" />
    <UnitTestResult executionId="a6e471fc-1a17-4c8c-a6b7-65995bc5ba9d" testId="5f529286-f45e-6113-43c7-30ad853edeb4" testName="ServiceClientWithSubClient" computerName="pkrvmxyh4eaekms" duration="00:00:00.0144890" startTime="2025-06-24T21:13:33.8742042+00:00" endTime="2025-06-24T21:13:33.8886923+00:00" testType="13cdc9d9-ddb5-4fa4-a97d-d965ccfc6d4b" outcome="Passed" testListId="8c84fa94-04c1-424b-9868-57a2d4851a1d" relativeResultsDirectory="a6e471fc-1a17-4c8c-a6b7-65995bc5ba9d" />
    <UnitTestResult executionId="45470fc4-863b-433f-83f8-0696e134ac56" testId="1bfcd3a7-5eb8-b503-f8b6-db88665035c4" testName="TestBuildImplicitToBinaryContent(True)" computerName="pkrvmxyh4eaekms" duration="00:00:00.0026090" startTime="2025-06-24T21:13:36.5738065+00:00" endTime="2025-06-24T21:13:36.5764151+00:00" testType="13cdc9d9-ddb5-4fa4-a97d-d965ccfc6d4b" outcome="Passed" testListId="8c84fa94-04c1-424b-9868-57a2d4851a1d" relativeResultsDirectory="45470fc4-863b-433f-83f8-0696e134ac56" />
    <UnitTestResult executionId="acc56cdb-b910-4b00-a328-b42baab077cc" testId="e1d70b74-a2c0-6fe4-47e7-b215f4c4a892" testName="TestIntSerializationStatement(UInt8,&quot;string&quot;)" computerName="pkrvmxyh4eaekms" duration="00:00:00.0017790" startTime="2025-06-24T21:13:36.6599361+00:00" endTime="2025-06-24T21:13:36.6617147+00:00" testType="13cdc9d9-ddb5-4fa4-a97d-d965ccfc6d4b" outcome="Passed" testListId="8c84fa94-04c1-424b-9868-57a2d4851a1d" relativeResultsDirectory="acc56cdb-b910-4b00-a328-b42baab077cc" />
    <UnitTestResult executionId="6815c8a3-8819-4cf2-843e-8074f34fea88" testId="58f6e8ea-1bd0-f4c2-4094-d3d6817aac02" testName="CanCustomizePropertyUsingField(False)" computerName="pkrvmxyh4eaekms" duration="00:00:00.1051330" startTime="2025-06-24T21:13:37.7006567+00:00" endTime="2025-06-24T21:13:37.8057887+00:00" testType="13cdc9d9-ddb5-4fa4-a97d-d965ccfc6d4b" outcome="Passed" testListId="8c84fa94-04c1-424b-9868-57a2d4851a1d" relativeResultsDirectory="6815c8a3-8819-4cf2-843e-8074f34fea88" />
    <UnitTestResult executionId="6cc2fba5-bb55-466e-91e6-8d511458db25" testId="5214fd19-6c98-5cdb-7ecb-b98174fa9d8e" testName="ListMethodWithEnumParameter(True,Body)" computerName="pkrvmxyh4eaekms" duration="00:00:00.0052580" startTime="2025-06-24T21:13:38.6367312+00:00" endTime="2025-06-24T21:13:38.6419892+00:00" testType="13cdc9d9-ddb5-4fa4-a97d-d965ccfc6d4b" outcome="Passed" testListId="8c84fa94-04c1-424b-9868-57a2d4851a1d" relativeResultsDirectory="6cc2fba5-bb55-466e-91e6-8d511458db25" />
    <UnitTestResult executionId="fa4a46a4-18fa-419c-9ec7-70d2a281ea91" testId="a2f1978d-dfb0-b64f-3caa-b3c6898cea1b" testName="AppendQuery_DateTimeOffset(&quot;http://localhost&quot;,&quot;6/30/1905 1:14:00 PM +00:00&quot;,&quot;O&quot;,False,&quot;http://localhost/?query=1905-06-30T13:14:00.0000000Z&quot;)" computerName="pkrvmxyh4eaekms" duration="00:00:00.0001380" startTime="2025-06-24T21:13:34.5229803+00:00" endTime="2025-06-24T21:13:34.5231177+00:00" testType="13cdc9d9-ddb5-4fa4-a97d-d965ccfc6d4b" outcome="Passed" testListId="8c84fa94-04c1-424b-9868-57a2d4851a1d" relativeResultsDirectory="fa4a46a4-18fa-419c-9ec7-70d2a281ea91" />
    <UnitTestResult executionId="297f87c6-bf7b-45da-bb30-ac1542abb244" testId="66715d49-c41e-5f81-8a3b-27304d49716d" testName="ContinuationTokenInBodyOfTAsync" computerName="pkrvmxyh4eaekms" duration="00:00:00.0055649" startTime="2025-06-24T21:13:34.5980353+00:00" endTime="2025-06-24T21:13:34.6036001+00:00" testType="13cdc9d9-ddb5-4fa4-a97d-d965ccfc6d4b" outcome="Passed" testListId="8c84fa94-04c1-424b-9868-57a2d4851a1d" relativeResultsDirectory="297f87c6-bf7b-45da-bb30-ac1542abb244" />
    <UnitTestResult executionId="5d59e3ff-68e6-46d7-8141-dbf7a8e2a7fe" testId="09431a07-3c29-d662-92d8-a6fd68b38ca4" testName="ResetThenAppendQuery(&quot;http://localhost:12345/some&quot;,&quot;one|1&quot;,&quot;http://localhost:12345/some?one=1&quot;)" computerName="pkrvmxyh4eaekms" duration="00:00:00.0001440" startTime="2025-06-24T21:13:34.5447973+00:00" endTime="2025-06-24T21:13:34.5449412+00:00" testType="13cdc9d9-ddb5-4fa4-a97d-d965ccfc6d4b" outcome="Passed" testListId="8c84fa94-04c1-424b-9868-57a2d4851a1d" relativeResultsDirectory="5d59e3ff-68e6-46d7-8141-dbf7a8e2a7fe" />
    <UnitTestResult executionId="89c360d9-690a-4e80-9939-c50767815b0a" testId="03d15dd7-ff5a-698e-d060-a294e5166274" testName="ResetThenAppendPath(&quot;http://localhost/with/&quot;,null,&quot;http://localhost/with/&quot;)" computerName="pkrvmxyh4eaekms" duration="00:00:00.0002630" startTime="2025-06-24T21:13:34.5352027+00:00" endTime="2025-06-24T21:13:34.5354652+00:00" testType="13cdc9d9-ddb5-4fa4-a97d-d965ccfc6d4b" outcome="Passed" testListId="8c84fa94-04c1-424b-9868-57a2d4851a1d" relativeResultsDirectory="89c360d9-690a-4e80-9939-c50767815b0a" />
    <UnitTestResult executionId="fad437ad-5829-44c7-aa87-c993903e3dfa" testId="d80a4ea0-25be-3125-c3d6-5e96f1b18f66" testName="EndpointAppliedInCreateMethodRequest(&quot;http://{hostName}&quot;,&quot;hostName&quot;)" computerName="pkrvmxyh4eaekms" duration="00:00:00.0034610" startTime="2025-06-24T21:13:33.9267192+00:00" endTime="2025-06-24T21:13:33.9301805+00:00" testType="13cdc9d9-ddb5-4fa4-a97d-d965ccfc6d4b" outcome="Passed" testListId="8c84fa94-04c1-424b-9868-57a2d4851a1d" relativeResultsDirectory="fad437ad-5829-44c7-aa87-c993903e3dfa" />
    <UnitTestResult executionId="880d2f7d-252f-4581-b1d3-31645330bbcf" testId="465ab36c-5b4a-6a04-9a83-83cbcfe4d8c7" testName="AppendPath_Int(&quot;http://localhost&quot;,299792458,True,&quot;http://localhost/299792458&quot;)" computerName="pkrvmxyh4eaekms" duration="00:00:00.0004020" startTime="2025-06-24T21:13:34.4655718+00:00" endTime="2025-06-24T21:13:34.4659731+00:00" testType="13cdc9d9-ddb5-4fa4-a97d-d965ccfc6d4b" outcome="Passed" testListId="8c84fa94-04c1-424b-9868-57a2d4851a1d" relativeResultsDirectory="880d2f7d-252f-4581-b1d3-31645330bbcf" />
    <UnitTestResult executionId="c5528228-f564-403c-93c1-e8499debe450" testId="b5fbdece-a896-5b95-5dd6-251bca56a066" testName="ResetThenAppendPath(&quot;http://localhost/&quot;,&quot;path&quot;,&quot;http://localhost/path&quot;)" computerName="pkrvmxyh4eaekms" duration="00:00:00.0002320" startTime="2025-06-24T21:13:34.5361411+00:00" endTime="2025-06-24T21:13:34.5363731+00:00" testType="13cdc9d9-ddb5-4fa4-a97d-d965ccfc6d4b" outcome="Passed" testListId="8c84fa94-04c1-424b-9868-57a2d4851a1d" relativeResultsDirectory="c5528228-f564-403c-93c1-e8499debe450" />
    <UnitTestResult executionId="539dbee4-22fa-4948-9cda-dd768a78e53e" testId="98cba7ef-cae3-92dd-b1d6-f5f810e86693" testName="TestBuildFields_WithSubClients(Microsoft.TypeSpec.Generator.Input.InputClient,System.Collections.Generic.List`1[Microsoft.TypeSpec.Generator.ClientModel.Tests.Providers.ClientProviders.ClientProviderTests+ExpectedFieldProvider])" computerName="pkrvmxyh4eaekms" duration="00:00:00.0018440" startTime="2025-06-24T21:13:34.1809843+00:00" endTime="2025-06-24T21:13:34.1828276+00:00" testType="13cdc9d9-ddb5-4fa4-a97d-d965ccfc6d4b" outcome="Passed" testListId="8c84fa94-04c1-424b-9868-57a2d4851a1d" relativeResultsDirectory="539dbee4-22fa-4948-9cda-dd768a78e53e" />
    <UnitTestResult executionId="ea274e9a-ef85-4856-9848-b1dbdff1802f" testId="d014a639-73a9-c5f3-1a69-c8e9ea956187" testName="ValidateIsLastNamespaceSegmentTheSame(&quot;Foo&quot;,&quot;Bar.Foo&quot;)" computerName="pkrvmxyh4eaekms" duration="00:00:00.0013890" startTime="2025-06-24T21:13:34.2965674+00:00" endTime="2025-06-24T21:13:34.2979564+00:00" testType="13cdc9d9-ddb5-4fa4-a97d-d965ccfc6d4b" outcome="Passed" testListId="8c84fa94-04c1-424b-9868-57a2d4851a1d" relativeResultsDirectory="ea274e9a-ef85-4856-9848-b1dbdff1802f" />
    <UnitTestResult executionId="596e0e10-7f50-49b0-b773-9f32518bf65c" testId="950100c2-49ef-ba57-58d1-801e4f2eaf4a" testName="ValidateClientWithApiVersionPathParameter(Microsoft.TypeSpec.Generator.Input.InputClient)" computerName="pkrvmxyh4eaekms" duration="00:00:00.0006070" startTime="2025-06-24T21:13:38.5978693+00:00" endTime="2025-06-24T21:13:38.5984757+00:00" testType="13cdc9d9-ddb5-4fa4-a97d-d965ccfc6d4b" outcome="Passed" testListId="8c84fa94-04c1-424b-9868-57a2d4851a1d" relativeResultsDirectory="596e0e10-7f50-49b0-b773-9f32518bf65c" />
    <UnitTestResult executionId="7f7f2cba-3640-44bf-9692-07f08ec4c807" testId="5204db14-5078-94d9-d965-2ae6957489a4" testName="FormatsDatesAsJson(&quot;U&quot;,05/04/2020 03:02:01 +00:00,&quot;1588561321&quot;)" computerName="pkrvmxyh4eaekms" duration="00:00:00.0002780" startTime="2025-06-24T21:13:38.7355341+00:00" endTime="2025-06-24T21:13:38.7358121+00:00" testType="13cdc9d9-ddb5-4fa4-a97d-d965ccfc6d4b" outcome="Passed" testListId="8c84fa94-04c1-424b-9868-57a2d4851a1d" relativeResultsDirectory="7f7f2cba-3640-44bf-9692-07f08ec4c807" />
    <UnitTestResult executionId="46386af2-3ab1-41f0-bf0e-468356215660" testId="2be290df-7d92-5723-935e-13156fa041e9" testName="TestBuildConstructors_PrimaryConstructor(System.Collections.Generic.List`1[Microsoft.TypeSpec.Generator.Input.InputParameter])" computerName="pkrvmxyh4eaekms" duration="00:00:00.0037100" startTime="2025-06-24T21:13:34.1384940+00:00" endTime="2025-06-24T21:13:34.1422037+00:00" testType="13cdc9d9-ddb5-4fa4-a97d-d965ccfc6d4b" outcome="Passed" testListId="8c84fa94-04c1-424b-9868-57a2d4851a1d" relativeResultsDirectory="46386af2-3ab1-41f0-bf0e-468356215660" />
    <UnitTestResult executionId="2b008f66-8bfa-41d7-9840-d88f889e5802" testId="403cd832-7651-28cf-0576-a1670586cdfe" testName="AppendPath_Long(&quot;http://localhost&quot;,-299792458000000L,False,&quot;http://localhost/-299792458000000&quot;)" computerName="pkrvmxyh4eaekms" duration="00:00:00.0000830" startTime="2025-06-24T21:13:34.4676881+00:00" endTime="2025-06-24T21:13:34.4677712+00:00" testType="13cdc9d9-ddb5-4fa4-a97d-d965ccfc6d4b" outcome="Passed" testListId="8c84fa94-04c1-424b-9868-57a2d4851a1d" relativeResultsDirectory="2b008f66-8bfa-41d7-9840-d88f889e5802" />
    <UnitTestResult executionId="2eb7596a-6448-441f-a307-240079f0b99f" testId="de16f766-4813-7ad7-f97f-f45939abd6f4" testName="AppendQuery_Long(&quot;http://localhost&quot;,-299792458000000L,False,&quot;http://localhost/?query=-299792458000000&quot;)" computerName="pkrvmxyh4eaekms" duration="00:00:00.0001310" startTime="2025-06-24T21:13:34.5291380+00:00" endTime="2025-06-24T21:13:34.5292688+00:00" testType="13cdc9d9-ddb5-4fa4-a97d-d965ccfc6d4b" outcome="Passed" testListId="8c84fa94-04c1-424b-9868-57a2d4851a1d" relativeResultsDirectory="2eb7596a-6448-441f-a307-240079f0b99f" />
    <UnitTestResult executionId="e6462a8d-b579-4168-ae48-f877516d9b27" testId="259590b0-282e-1979-8334-224eab396dc0" testName="ResetThenAppendPath(&quot;http://localhost:12345/with/&quot;,&quot;/path&quot;,&quot;http://localhost:12345/with/path&quot;)" computerName="pkrvmxyh4eaekms" duration="00:00:00.0002270" startTime="2025-06-24T21:13:34.5392616+00:00" endTime="2025-06-24T21:13:34.5394886+00:00" testType="13cdc9d9-ddb5-4fa4-a97d-d965ccfc6d4b" outcome="Passed" testListId="8c84fa94-04c1-424b-9868-57a2d4851a1d" relativeResultsDirectory="e6462a8d-b579-4168-ae48-f877516d9b27" />
    <UnitTestResult executionId="dcf52e0d-ee5a-45dd-af2c-44673ddfa668" testId="88584719-7016-3e9e-c1c5-28b497cc6d24" testName="ResetThenAppendPathThenAppendQuery(&quot;http://localhost:12345&quot;,&quot;/some&quot;,&quot;one|1|two|2&quot;,&quot;http://localhost:12345/some?one=1&amp;two=2&quot;)" computerName="pkrvmxyh4eaekms" duration="00:00:00.0001299" startTime="2025-06-24T21:13:34.5431050+00:00" endTime="2025-06-24T21:13:34.5432348+00:00" testType="13cdc9d9-ddb5-4fa4-a97d-d965ccfc6d4b" outcome="Passed" testListId="8c84fa94-04c1-424b-9868-57a2d4851a1d" relativeResultsDirectory="dcf52e0d-ee5a-45dd-af2c-44673ddfa668" />
    <UnitTestResult executionId="d2221f75-f6a7-433b-93e9-62fee98d6c8a" testId="6b687bd3-e682-91ed-b1ee-b089e2b536c0" testName="ResetThenAppendPath(&quot;http://localhost/&quot;,null,&quot;http://localhost/&quot;)" computerName="pkrvmxyh4eaekms" duration="00:00:00.0004500" startTime="2025-06-24T21:13:34.5340769+00:00" endTime="2025-06-24T21:13:34.5345264+00:00" testType="13cdc9d9-ddb5-4fa4-a97d-d965ccfc6d4b" outcome="Passed" testListId="8c84fa94-04c1-424b-9868-57a2d4851a1d" relativeResultsDirectory="d2221f75-f6a7-433b-93e9-62fee98d6c8a" />
    <UnitTestResult executionId="7943d149-0d28-4d37-83ac-b9cf048dc799" testId="e9794e70-f218-ddcf-6de7-79e71cba8d18" testName="CanChangeListOfEnumPropToListOfExtensibleEnum" computerName="pkrvmxyh4eaekms" duration="00:00:00.1131550" startTime="2025-06-24T21:13:36.7481414+00:00" endTime="2025-06-24T21:13:36.8612962+00:00" testType="13cdc9d9-ddb5-4fa4-a97d-d965ccfc6d4b" outcome="Passed" testListId="8c84fa94-04c1-424b-9868-57a2d4851a1d" relativeResultsDirectory="7943d149-0d28-4d37-83ac-b9cf048dc799" />
    <UnitTestResult executionId="cdce6692-075d-4a7c-9655-e19f8f5392b6" testId="43f1300e-f020-7c17-c8a6-2b28700085f2" testName="CanCustomizeLiteralExtensibleEnum(Microsoft.TypeSpec.Generator.Input.InputLiteralType)" computerName="pkrvmxyh4eaekms" duration="00:00:00.0832500" startTime="2025-06-24T21:13:37.5108832+00:00" endTime="2025-06-24T21:13:37.5941327+00:00" testType="13cdc9d9-ddb5-4fa4-a97d-d965ccfc6d4b" outcome="Passed" testListId="8c84fa94-04c1-424b-9868-57a2d4851a1d" relativeResultsDirectory="cdce6692-075d-4a7c-9655-e19f8f5392b6" />
    <UnitTestResult executionId="c854461c-e4c7-41be-b777-38e0d820e8f4" testId="40265b60-4995-adcf-823c-d40faa49859f" testName="RepeatabilityRequestIdParamHasDefaultValue" computerName="pkrvmxyh4eaekms" duration="00:00:00.0008070" startTime="2025-06-24T21:13:38.7486226+00:00" endTime="2025-06-24T21:13:38.7494299+00:00" testType="13cdc9d9-ddb5-4fa4-a97d-d965ccfc6d4b" outcome="Passed" testListId="8c84fa94-04c1-424b-9868-57a2d4851a1d" relativeResultsDirectory="c854461c-e4c7-41be-b777-38e0d820e8f4" />
    <UnitTestResult executionId="e9c80dee-3e32-4770-b019-1e4931f4e1c3" testId="2959eeda-a4b5-3546-ecb7-e96124d728c7" testName="EndpointAppliedInCreateMethodRequest(&quot;{endpoint}&quot;,&quot;endpoint&quot;)" computerName="pkrvmxyh4eaekms" duration="00:00:00.0159570" startTime="2025-06-24T21:13:33.9100496+00:00" endTime="2025-06-24T21:13:33.9260051+00:00" testType="13cdc9d9-ddb5-4fa4-a97d-d965ccfc6d4b" outcome="Passed" testListId="8c84fa94-04c1-424b-9868-57a2d4851a1d" relativeResultsDirectory="e9c80dee-3e32-4770-b019-1e4931f4e1c3" />
    <UnitTestResult executionId="fbf131a7-5282-47aa-ad6a-72888da3e1ab" testId="c2437baf-f3e4-8bba-bd7e-3accf8f67075" testName="ValidateConvertToString(&quot;R&quot;,05/04/2020 03:02:01 +01:00,&quot;Mon, 04 May 2020 02:02:01 GMT&quot;)" computerName="pkrvmxyh4eaekms" duration="00:00:00.0001320" startTime="2025-06-24T21:13:38.7448423+00:00" endTime="2025-06-24T21:13:38.7449737+00:00" testType="13cdc9d9-ddb5-4fa4-a97d-d965ccfc6d4b" outcome="Passed" testListId="8c84fa94-04c1-424b-9868-57a2d4851a1d" relativeResultsDirectory="fbf131a7-5282-47aa-ad6a-72888da3e1ab" />
    <UnitTestResult executionId="4e3bf4a7-476e-4505-8669-80ab61d7105f" testId="860fe6c6-f4cf-3612-5ed7-a9bea3b42189" testName="TestBuildPersistableModelCreateCoreMethod_DerivedType" computerName="pkrvmxyh4eaekms" duration="00:00:00.0035090" startTime="2025-06-24T21:13:36.6728624+00:00" endTime="2025-06-24T21:13:36.6763712+00:00" testType="13cdc9d9-ddb5-4fa4-a97d-d965ccfc6d4b" outcome="Passed" testListId="8c84fa94-04c1-424b-9868-57a2d4851a1d" relativeResultsDirectory="4e3bf4a7-476e-4505-8669-80ab61d7105f" />
    <UnitTestResult executionId="48901f81-f8d7-49cc-82fc-250677a557f7" testId="5112593c-0687-fa01-6d25-d137ee4d6ee0" testName="ValidateClientWithApiVersion" computerName="pkrvmxyh4eaekms" duration="00:00:00.0010889" startTime="2025-06-24T21:13:38.5956758+00:00" endTime="2025-06-24T21:13:38.5967647+00:00" testType="13cdc9d9-ddb5-4fa4-a97d-d965ccfc6d4b" outcome="Passed" testListId="8c84fa94-04c1-424b-9868-57a2d4851a1d" relativeResultsDirectory="48901f81-f8d7-49cc-82fc-250677a557f7" />
    <UnitTestResult executionId="4390b452-2ed8-4b5d-b422-01543f0d24b3" testId="98cba7ef-cae3-92dd-b1d6-f5f810e86693" testName="TestBuildFields_WithSubClients(Microsoft.TypeSpec.Generator.Input.InputClient,System.Collections.Generic.List`1[Microsoft.TypeSpec.Generator.ClientModel.Tests.Providers.ClientProviders.ClientProviderTests+ExpectedFieldProvider])" computerName="pkrvmxyh4eaekms" duration="00:00:00.0017420" startTime="2025-06-24T21:13:34.1828580+00:00" endTime="2025-06-24T21:13:34.1845999+00:00" testType="13cdc9d9-ddb5-4fa4-a97d-d965ccfc6d4b" outcome="Passed" testListId="8c84fa94-04c1-424b-9868-57a2d4851a1d" relativeResultsDirectory="4390b452-2ed8-4b5d-b422-01543f0d24b3" />
    <UnitTestResult executionId="5e80e13c-3beb-4761-81c3-842b930712b8" testId="a8f1c880-78cf-7098-795a-e75cda76d3c7" testName="PreVisitsClients" computerName="pkrvmxyh4eaekms" duration="00:00:00.3239380" startTime="2025-06-24T21:13:29.5439123+00:00" endTime="2025-06-24T21:13:29.8676770+00:00" testType="13cdc9d9-ddb5-4fa4-a97d-d965ccfc6d4b" outcome="Passed" testListId="8c84fa94-04c1-424b-9868-57a2d4851a1d" relativeResultsDirectory="5e80e13c-3beb-4761-81c3-842b930712b8" />
    <UnitTestResult executionId="118acd35-c35e-4c87-82a9-375a52d6b2ae" testId="4aeb2cf1-e0c9-d53a-978a-fe86c8b66c85" testName="RoundTripWithJsonInterfaceUtf8ReaderNonGeneric(&quot;J&quot;)" computerName="pkrvmxyh4eaekms" duration="00:00:00.0010360" startTime="2025-06-24T21:13:30.2789289+00:00" endTime="2025-06-24T21:13:30.2799648+00:00" testType="13cdc9d9-ddb5-4fa4-a97d-d965ccfc6d4b" outcome="Passed" testListId="8c84fa94-04c1-424b-9868-57a2d4851a1d" relativeResultsDirectory="118acd35-c35e-4c87-82a9-375a52d6b2ae" />
    <UnitTestResult executionId="85655909-162d-4321-9728-83b8b50a0d3d" testId="95c28ecf-7977-c561-acf2-769224b0280a" testName="RoundTripWithModelCast(&quot;W&quot;)" computerName="pkrvmxyh4eaekms" duration="00:00:00.0086979" startTime="2025-06-24T21:13:30.0398079+00:00" endTime="2025-06-24T21:13:30.0485053+00:00" testType="13cdc9d9-ddb5-4fa4-a97d-d965ccfc6d4b" outcome="Passed" testListId="8c84fa94-04c1-424b-9868-57a2d4851a1d" relativeResultsDirectory="85655909-162d-4321-9728-83b8b50a0d3d" />
    <UnitTestResult executionId="7a089e49-e876-4b26-a277-ad352a2f09f6" testId="12fa48f5-9b10-8956-e496-0a1719ddb6f7" testName="RepeatabilityFirstSentParamHasDefaultValue" computerName="pkrvmxyh4eaekms" duration="00:00:00.0004880" startTime="2025-06-24T21:13:38.7481143+00:00" endTime="2025-06-24T21:13:38.7486019+00:00" testType="13cdc9d9-ddb5-4fa4-a97d-d965ccfc6d4b" outcome="Passed" testListId="8c84fa94-04c1-424b-9868-57a2d4851a1d" relativeResultsDirectory="7a089e49-e876-4b26-a277-ad352a2f09f6" />
    <UnitTestResult executionId="c516084c-771d-419a-b049-c6b449b5869e" testId="381c192a-1ef4-4379-d001-223053ee8288" testName="TestIntDeserializeExpression(System.Int16,Default)" computerName="pkrvmxyh4eaekms" duration="00:00:00.0004520" startTime="2025-06-24T21:13:36.6383925+00:00" endTime="2025-06-24T21:13:36.6388444+00:00" testType="13cdc9d9-ddb5-4fa4-a97d-d965ccfc6d4b" outcome="Passed" testListId="8c84fa94-04c1-424b-9868-57a2d4851a1d" relativeResultsDirectory="c516084c-771d-419a-b049-c6b449b5869e" />
    <UnitTestResult executionId="99c5e37f-7ad0-49d7-b3b3-22729dcf7785" testId="c0d2d7c8-8f54-3223-54ea-6b285d3fac39" testName="RoundTripWithModelReaderWriterNonGeneric(&quot;W&quot;)" computerName="pkrvmxyh4eaekms" duration="00:00:00.0010480" startTime="2025-06-24T21:13:30.2895224+00:00" endTime="2025-06-24T21:13:30.2905698+00:00" testType="13cdc9d9-ddb5-4fa4-a97d-d965ccfc6d4b" outcome="Passed" testListId="8c84fa94-04c1-424b-9868-57a2d4851a1d" relativeResultsDirectory="99c5e37f-7ad0-49d7-b3b3-22729dcf7785" />
    <UnitTestResult executionId="19d23677-06b1-4de9-8c32-538dd9fadc02" testId="578ae397-2c20-daa9-2874-a228a4ade716" testName="TestIntSerializationStatement(Int8,null)" computerName="pkrvmxyh4eaekms" duration="00:00:00.0016610" startTime="2025-06-24T21:13:36.6507825+00:00" endTime="2025-06-24T21:13:36.6524433+00:00" testType="13cdc9d9-ddb5-4fa4-a97d-d965ccfc6d4b" outcome="Passed" testListId="8c84fa94-04c1-424b-9868-57a2d4851a1d" relativeResultsDirectory="19d23677-06b1-4de9-8c32-538dd9fadc02" />
    <UnitTestResult executionId="845d7d04-fdf0-47c1-962f-d07148d43a43" testId="a09c5978-8741-f6db-4239-b7eb39a05af2" testName="ReadOnlyMemPropertyType" computerName="pkrvmxyh4eaekms" duration="00:00:00.0913690" startTime="2025-06-24T21:13:38.4623946+00:00" endTime="2025-06-24T21:13:38.5537634+00:00" testType="13cdc9d9-ddb5-4fa4-a97d-d965ccfc6d4b" outcome="Passed" testListId="8c84fa94-04c1-424b-9868-57a2d4851a1d" relativeResultsDirectory="845d7d04-fdf0-47c1-962f-d07148d43a43" />
    <UnitTestResult executionId="cbe69aa8-4855-49dc-8c7f-dd8e21b9e0ae" testId="a9dd89e9-5332-8f7c-9fd1-d81dd843c2eb" testName="ResetThenAppendPath(&quot;http://localhost/with&quot;,&quot;path&quot;,&quot;http://localhost/withpath&quot;)" computerName="pkrvmxyh4eaekms" duration="00:00:00.0002020" startTime="2025-06-24T21:13:34.5368489+00:00" endTime="2025-06-24T21:13:34.5370502+00:00" testType="13cdc9d9-ddb5-4fa4-a97d-d965ccfc6d4b" outcome="Passed" testListId="8c84fa94-04c1-424b-9868-57a2d4851a1d" relativeResultsDirectory="cbe69aa8-4855-49dc-8c7f-dd8e21b9e0ae" />
    <UnitTestResult executionId="b1ec3d0f-4789-443e-acc6-45a63bceb781" testId="21ccde52-84ff-b13b-7878-c18063ef33a0" testName="AppendPath_Float(&quot;http://localhost&quot;,-3.14f,False,&quot;http://localhost/-3.14&quot;)" computerName="pkrvmxyh4eaekms" duration="00:00:00.0000720" startTime="2025-06-24T21:13:34.4645869+00:00" endTime="2025-06-24T21:13:34.4646587+00:00" testType="13cdc9d9-ddb5-4fa4-a97d-d965ccfc6d4b" outcome="Passed" testListId="8c84fa94-04c1-424b-9868-57a2d4851a1d" relativeResultsDirectory="b1ec3d0f-4789-443e-acc6-45a63bceb781" />
    <UnitTestResult executionId="c5b1c4f3-6061-46a5-8a18-1daaf3188769" testId="f45b0123-a5dd-fb53-d0d1-cdea3d2f2a2b" testName="ValidateToSerialMethodsFixed(Microsoft.TypeSpec.Generator.Input.InputEnumType)" computerName="pkrvmxyh4eaekms" duration="00:00:00.0002440" startTime="2025-06-24T21:13:34.9206610+00:00" endTime="2025-06-24T21:13:34.9209050+00:00" testType="13cdc9d9-ddb5-4fa4-a97d-d965ccfc6d4b" outcome="Passed" testListId="8c84fa94-04c1-424b-9868-57a2d4851a1d" relativeResultsDirectory="c5b1c4f3-6061-46a5-8a18-1daaf3188769" />
    <UnitTestResult executionId="b1eb3cf7-e50c-40bd-a9f8-d41e5f2d5074" testId="941cdf7d-b868-4a18-3e98-79f786b3a216" testName="TestSubClientAccessorFactoryMethods(Microsoft.TypeSpec.Generator.Input.InputClient,False)" computerName="pkrvmxyh4eaekms" duration="00:00:00.0013130" startTime="2025-06-24T21:13:34.2681082+00:00" endTime="2025-06-24T21:13:34.2694215+00:00" testType="13cdc9d9-ddb5-4fa4-a97d-d965ccfc6d4b" outcome="Passed" testListId="8c84fa94-04c1-424b-9868-57a2d4851a1d" relativeResultsDirectory="b1eb3cf7-e50c-40bd-a9f8-d41e5f2d5074" />
    <UnitTestResult executionId="2822bfb0-e283-4fbf-a991-0c9da239f4b2" testId="574b4d79-31b4-dea5-34f2-6b3d418bd92a" testName="FormatsDatesAsJson(&quot;O&quot;,12/31/9999 23:59:59 +01:00,&quot;9999-12-31T22:59:59.9999999Z&quot;)" computerName="pkrvmxyh4eaekms" duration="00:00:00.0000940" startTime="2025-06-24T21:13:38.7352437+00:00" endTime="2025-06-24T21:13:38.7353376+00:00" testType="13cdc9d9-ddb5-4fa4-a97d-d965ccfc6d4b" outcome="Passed" testListId="8c84fa94-04c1-424b-9868-57a2d4851a1d" relativeResultsDirectory="2822bfb0-e283-4fbf-a991-0c9da239f4b2" />
    <UnitTestResult executionId="ab39fd98-d252-4b60-9f26-6befec9d36ed" testId="3aa7f57e-bb40-bdf7-b002-4c757f5f3ab3" testName="BinaryContentSnippet_InvokeStatic(True)" computerName="pkrvmxyh4eaekms" duration="00:00:00.0006400" startTime="2025-06-24T21:13:38.7589947+00:00" endTime="2025-06-24T21:13:38.7596343+00:00" testType="13cdc9d9-ddb5-4fa4-a97d-d965ccfc6d4b" outcome="Passed" testListId="8c84fa94-04c1-424b-9868-57a2d4851a1d" relativeResultsDirectory="ab39fd98-d252-4b60-9f26-6befec9d36ed" />
    <UnitTestResult executionId="0188f144-a0f0-49ef-a04c-b6ca2eaddeed" testId="6929059c-5d5d-3365-e446-d5e0c0c63b90" testName="KebabCaseSerializedName" computerName="pkrvmxyh4eaekms" duration="00:00:00.0010310" startTime="2025-06-24T21:13:35.2598049+00:00" endTime="2025-06-24T21:13:35.2608359+00:00" testType="13cdc9d9-ddb5-4fa4-a97d-d965ccfc6d4b" outcome="Passed" testListId="8c84fa94-04c1-424b-9868-57a2d4851a1d" relativeResultsDirectory="0188f144-a0f0-49ef-a04c-b6ca2eaddeed" />
    <UnitTestResult executionId="2ff94ed5-b6f9-439c-9657-1004805b3a57" testId="10412a26-d271-3a10-699f-0019dcc2c02f" testName="AppendPath_DateTimeOffset(&quot;http://localhost&quot;,&quot;6/30/1905 1:14:00 PM +00:00&quot;,&quot;R&quot;,False,&quot;http://localhost/Fri, 30 Jun 1905 13:14:00 GMT&quot;)" computerName="pkrvmxyh4eaekms" duration="00:00:00.0001200" startTime="2025-06-24T21:13:34.4621187+00:00" endTime="2025-06-24T21:13:34.4622383+00:00" testType="13cdc9d9-ddb5-4fa4-a97d-d965ccfc6d4b" outcome="Passed" testListId="8c84fa94-04c1-424b-9868-57a2d4851a1d" relativeResultsDirectory="2ff94ed5-b6f9-439c-9657-1004805b3a57" />
    <UnitTestResult executionId="a9735044-e803-4583-9e4e-343a2a60be3b" testId="57ac62af-6075-79ea-79c9-3a588a195273" testName="BinaryDataParameterHasValidation" computerName="pkrvmxyh4eaekms" duration="00:00:00.0002509" startTime="2025-06-24T21:13:38.7478463+00:00" endTime="2025-06-24T21:13:38.7480976+00:00" testType="13cdc9d9-ddb5-4fa4-a97d-d965ccfc6d4b" outcome="Passed" testListId="8c84fa94-04c1-424b-9868-57a2d4851a1d" relativeResultsDirectory="a9735044-e803-4583-9e4e-343a2a60be3b" />
    <UnitTestResult executionId="0e98105c-d8b5-4340-aa88-661568609e46" testId="f5c24419-7fc0-3865-4c1e-06a9bd125abe" testName="AppendPath_TimeSpan(&quot;http://localhost&quot;,&quot;02:15:00&quot;,&quot;&quot;,True,&quot;http://localhost/02%3A15%3A00&quot;)" computerName="pkrvmxyh4eaekms" duration="00:00:00.0005090" startTime="2025-06-24T21:13:34.5029617+00:00" endTime="2025-06-24T21:13:34.5034707+00:00" testType="13cdc9d9-ddb5-4fa4-a97d-d965ccfc6d4b" outcome="Passed" testListId="8c84fa94-04c1-424b-9868-57a2d4851a1d" relativeResultsDirectory="0e98105c-d8b5-4340-aa88-661568609e46" />
    <UnitTestResult executionId="38e8bf57-813f-4d35-a97a-025f9f5f64c4" testId="b58757a7-d1b1-920d-0ad6-ed3ea2c5d501" testName="SubClientFieldsAreStoredOnRootClient" computerName="pkrvmxyh4eaekms" duration="00:00:00.0057149" startTime="2025-06-24T21:13:33.9829560+00:00" endTime="2025-06-24T21:13:33.9886711+00:00" testType="13cdc9d9-ddb5-4fa4-a97d-d965ccfc6d4b" outcome="Passed" testListId="8c84fa94-04c1-424b-9868-57a2d4851a1d" relativeResultsDirectory="38e8bf57-813f-4d35-a97a-025f9f5f64c4" />
    <UnitTestResult executionId="1ff0878c-7c7a-4cae-bb2e-f53793f2b44d" testId="cfbe27e3-5b55-241c-69bf-49bc822676ba" testName="HeaderParameterOptionality(True,False)" computerName="pkrvmxyh4eaekms" duration="00:00:00.0004590" startTime="2025-06-24T21:13:38.5606922+00:00" endTime="2025-06-24T21:13:38.5611510+00:00" testType="13cdc9d9-ddb5-4fa4-a97d-d965ccfc6d4b" outcome="Passed" testListId="8c84fa94-04c1-424b-9868-57a2d4851a1d" relativeResultsDirectory="1ff0878c-7c7a-4cae-bb2e-f53793f2b44d" />
  </Results>
  <TestDefinitions>
    <UnitTest name="TestIntSerializationStatement(UInt8,&quot;string&quot;)" storage="/home/runner/work/typespec/typespec/packages/http-client-csharp/generator/artifacts/bin/microsoft.typespec.generator.clientmodel.tests/debug/net8.0/microsoft.typespec.generator.clientmodel.tests.dll" id="e1d70b74-a2c0-6fe4-47e7-b215f4c4a892">
      <Execution id="acc56cdb-b910-4b00-a328-b42baab077cc" />
      <TestMethod codeBase="/home/runner/work/typespec/typespec/packages/http-client-csharp/generator/artifacts/bin/Microsoft.TypeSpec.Generator.ClientModel.Tests/Debug/net8.0/Microsoft.TypeSpec.Generator.ClientModel.Tests.dll" adapterTypeName="executor://nunit3testexecutor/" className="Microsoft.TypeSpec.Generator.ClientModel.Tests.Providers.MrwSerializationTypeDefinitions.MrwSerializationTypeDefinitionTests" name="TestIntSerializationStatement(UInt8,&quot;string&quot;)" />
    </UnitTest>
    <UnitTest name="AppendQuery_Bool(&quot;http://localhost&quot;,False,False,&quot;http://localhost/?query=false&quot;)" storage="/home/runner/work/typespec/typespec/packages/http-client-csharp/generator/artifacts/bin/microsoft.typespec.generator.clientmodel.tests/debug/net8.0/microsoft.typespec.generator.clientmodel.tests.dll" id="ef4860c4-5be5-d879-a21f-f02c60c6df63">
      <Execution id="3b3ba5f1-6244-4c81-94ab-75a4b389caa0" />
      <TestMethod codeBase="/home/runner/work/typespec/typespec/packages/http-client-csharp/generator/artifacts/bin/Microsoft.TypeSpec.Generator.ClientModel.Tests/Debug/net8.0/Microsoft.TypeSpec.Generator.ClientModel.Tests.dll" adapterTypeName="executor://nunit3testexecutor/" className="Microsoft.TypeSpec.Generator.ClientModel.Tests.Providers.ClientUriBuilderTests" name="AppendQuery_Bool(&quot;http://localhost&quot;,False,False,&quot;http://localhost/?query=false&quot;)" />
    </UnitTest>
    <UnitTest name="ResetThenAppendQueryThenAppendPath(&quot;http://localhost:12345&quot;,&quot;/some/&quot;,&quot;one|1&quot;,&quot;http://localhost:12345/some/?one=1&quot;)" storage="/home/runner/work/typespec/typespec/packages/http-client-csharp/generator/artifacts/bin/microsoft.typespec.generator.clientmodel.tests/debug/net8.0/microsoft.typespec.generator.clientmodel.tests.dll" id="6caccceb-65ae-74b9-773b-72dd04db8e11">
      <Execution id="7b0842d1-8b94-43a0-bc6c-1a2db6f0052d" />
      <TestMethod codeBase="/home/runner/work/typespec/typespec/packages/http-client-csharp/generator/artifacts/bin/Microsoft.TypeSpec.Generator.ClientModel.Tests/Debug/net8.0/Microsoft.TypeSpec.Generator.ClientModel.Tests.dll" adapterTypeName="executor://nunit3testexecutor/" className="Microsoft.TypeSpec.Generator.ClientModel.Tests.Providers.ClientUriBuilderTests" name="ResetThenAppendQueryThenAppendPath(&quot;http://localhost:12345&quot;,&quot;/some/&quot;,&quot;one|1&quot;,&quot;http://localhost:12345/some/?one=1&quot;)" />
    </UnitTest>
    <UnitTest name="ValidateConvertToString(null,42,&quot;42&quot;)" storage="/home/runner/work/typespec/typespec/packages/http-client-csharp/generator/artifacts/bin/microsoft.typespec.generator.clientmodel.tests/debug/net8.0/microsoft.typespec.generator.clientmodel.tests.dll" id="2f907606-a74c-ccb6-685a-520887bca1bd">
      <Execution id="10db0474-0ea3-4890-99cd-aca186e3c874" />
      <TestMethod codeBase="/home/runner/work/typespec/typespec/packages/http-client-csharp/generator/artifacts/bin/Microsoft.TypeSpec.Generator.ClientModel.Tests/Debug/net8.0/Microsoft.TypeSpec.Generator.ClientModel.Tests.dll" adapterTypeName="executor://nunit3testexecutor/" className="Microsoft.TypeSpec.Generator.ClientModel.Tests.Providers.TypeFormatterTests" name="ValidateConvertToString(null,42,&quot;42&quot;)" />
    </UnitTest>
    <UnitTest name="ContinuationTokenInBody" storage="/home/runner/work/typespec/typespec/packages/http-client-csharp/generator/artifacts/bin/microsoft.typespec.generator.clientmodel.tests/debug/net8.0/microsoft.typespec.generator.clientmodel.tests.dll" id="39b0be65-95d7-2b3c-12c6-e30f8e267dfc">
      <Execution id="ff869084-72a5-45c9-ba02-a94edfc3b3c8" />
      <TestMethod codeBase="/home/runner/work/typespec/typespec/packages/http-client-csharp/generator/artifacts/bin/Microsoft.TypeSpec.Generator.ClientModel.Tests/Debug/net8.0/Microsoft.TypeSpec.Generator.ClientModel.Tests.dll" adapterTypeName="executor://nunit3testexecutor/" className="Microsoft.TypeSpec.Generator.ClientModel.Tests.Providers.CollectionResultDefinitions.ContinuationTokenTests" name="ContinuationTokenInBody" />
    </UnitTest>
    <UnitTest name="ValidateConvertToString(null,1.02:59:59,&quot;P1DT2H59M59S&quot;)" storage="/home/runner/work/typespec/typespec/packages/http-client-csharp/generator/artifacts/bin/microsoft.typespec.generator.clientmodel.tests/debug/net8.0/microsoft.typespec.generator.clientmodel.tests.dll" id="1a24a2ba-5321-9ff6-a6a8-d43137a1f8e2">
      <Execution id="ffdd2926-695a-4370-9e28-a847e05a3269" />
      <TestMethod codeBase="/home/runner/work/typespec/typespec/packages/http-client-csharp/generator/artifacts/bin/Microsoft.TypeSpec.Generator.ClientModel.Tests/Debug/net8.0/Microsoft.TypeSpec.Generator.ClientModel.Tests.dll" adapterTypeName="executor://nunit3testexecutor/" className="Microsoft.TypeSpec.Generator.ClientModel.Tests.Providers.TypeFormatterTests" name="ValidateConvertToString(null,1.02:59:59,&quot;P1DT2H59M59S&quot;)" />
    </UnitTest>
    <UnitTest name="RoundTripWithModelReaderWriterNonGeneric(&quot;J&quot;)" storage="/home/runner/work/typespec/typespec/packages/http-client-csharp/generator/artifacts/bin/microsoft.typespec.generator.clientmodel.tests/debug/net8.0/microsoft.typespec.generator.clientmodel.tests.dll" id="c82b7b83-2bf0-892d-6cf7-743b5ac7abdd">
      <Execution id="efb28813-eb19-424b-a262-166221f59d6f" />
      <TestMethod codeBase="/home/runner/work/typespec/typespec/packages/http-client-csharp/generator/artifacts/bin/Microsoft.TypeSpec.Generator.ClientModel.Tests/Debug/net8.0/Microsoft.TypeSpec.Generator.ClientModel.Tests.dll" adapterTypeName="executor://nunit3testexecutor/" className="Microsoft.TypeSpec.Generator.ClientModel.Tests.ModelReaderWriterValidation.TestProjects.Sample_TypeSpec.RoundTripModelTests" name="RoundTripWithModelReaderWriterNonGeneric(&quot;J&quot;)" />
    </UnitTest>
    <UnitTest name="CanCustomizeNullableStringToFixedEnum" storage="/home/runner/work/typespec/typespec/packages/http-client-csharp/generator/artifacts/bin/microsoft.typespec.generator.clientmodel.tests/debug/net8.0/microsoft.typespec.generator.clientmodel.tests.dll" id="25927a93-4fe1-3342-a357-68efde15925c">
      <Execution id="75a794b2-989c-4ad7-ab49-5bf8ebf31360" />
      <TestMethod codeBase="/home/runner/work/typespec/typespec/packages/http-client-csharp/generator/artifacts/bin/Microsoft.TypeSpec.Generator.ClientModel.Tests/Debug/net8.0/Microsoft.TypeSpec.Generator.ClientModel.Tests.dll" adapterTypeName="executor://nunit3testexecutor/" className="Microsoft.TypeSpec.Generator.ClientModel.Tests.Providers.MrwSerializationTypeDefinitions.ModelCustomizationTests" name="CanCustomizeNullableStringToFixedEnum" />
    </UnitTest>
    <UnitTest name="ContinuationTokenInHeaderAsync" storage="/home/runner/work/typespec/typespec/packages/http-client-csharp/generator/artifacts/bin/microsoft.typespec.generator.clientmodel.tests/debug/net8.0/microsoft.typespec.generator.clientmodel.tests.dll" id="32df4f6c-fe9a-a853-f5ff-57a18ccb77b2">
      <Execution id="88082511-ad34-41a5-8bb9-4b7c000d7af4" />
      <TestMethod codeBase="/home/runner/work/typespec/typespec/packages/http-client-csharp/generator/artifacts/bin/Microsoft.TypeSpec.Generator.ClientModel.Tests/Debug/net8.0/Microsoft.TypeSpec.Generator.ClientModel.Tests.dll" adapterTypeName="executor://nunit3testexecutor/" className="Microsoft.TypeSpec.Generator.ClientModel.Tests.Providers.CollectionResultDefinitions.ContinuationTokenTests" name="ContinuationTokenInHeaderAsync" />
    </UnitTest>
    <UnitTest name="SerializedNameIsUsed(False)" storage="/home/runner/work/typespec/typespec/packages/http-client-csharp/generator/artifacts/bin/microsoft.typespec.generator.clientmodel.tests/debug/net8.0/microsoft.typespec.generator.clientmodel.tests.dll" id="9b5f94d3-9969-9523-e0dc-822954cce198">
      <Execution id="388ee6f1-d981-4378-ac6e-ca3a420d36c6" />
      <TestMethod codeBase="/home/runner/work/typespec/typespec/packages/http-client-csharp/generator/artifacts/bin/Microsoft.TypeSpec.Generator.ClientModel.Tests/Debug/net8.0/Microsoft.TypeSpec.Generator.ClientModel.Tests.dll" adapterTypeName="executor://nunit3testexecutor/" className="Microsoft.TypeSpec.Generator.ClientModel.Tests.Providers.MrwSerializationTypeDefinitions.MrwSerializationTypeDefinitionTests" name="SerializedNameIsUsed(False)" />
    </UnitTest>
    <UnitTest name="RepeatabilityFirstSentParamHasDefaultValue" storage="/home/runner/work/typespec/typespec/packages/http-client-csharp/generator/artifacts/bin/microsoft.typespec.generator.clientmodel.tests/debug/net8.0/microsoft.typespec.generator.clientmodel.tests.dll" id="12fa48f5-9b10-8956-e496-0a1719ddb6f7">
      <Execution id="7a089e49-e876-4b26-a277-ad352a2f09f6" />
      <TestMethod codeBase="/home/runner/work/typespec/typespec/packages/http-client-csharp/generator/artifacts/bin/Microsoft.TypeSpec.Generator.ClientModel.Tests/Debug/net8.0/Microsoft.TypeSpec.Generator.ClientModel.Tests.dll" adapterTypeName="executor://nunit3testexecutor/" className="Microsoft.TypeSpec.Generator.ClientModel.Tests.ScmKnownParametersTests" name="RepeatabilityFirstSentParamHasDefaultValue" />
    </UnitTest>
    <UnitTest name="RoundTripWithModelReaderWriterNonGeneric(&quot;J&quot;)" storage="/home/runner/work/typespec/typespec/packages/http-client-csharp/generator/artifacts/bin/microsoft.typespec.generator.clientmodel.tests/debug/net8.0/microsoft.typespec.generator.clientmodel.tests.dll" id="b7c7001e-793c-7454-421c-2aec45c8798a">
      <Execution id="3b89feb5-0da6-46cf-ac72-ee031844b8cd" />
      <TestMethod codeBase="/home/runner/work/typespec/typespec/packages/http-client-csharp/generator/artifacts/bin/Microsoft.TypeSpec.Generator.ClientModel.Tests/Debug/net8.0/Microsoft.TypeSpec.Generator.ClientModel.Tests.dll" adapterTypeName="executor://nunit3testexecutor/" className="Microsoft.TypeSpec.Generator.ClientModel.Tests.ModelReaderWriterValidation.TestProjects.Sample_TypeSpec.RenamedModelTests" name="RoundTripWithModelReaderWriterNonGeneric(&quot;J&quot;)" />
    </UnitTest>
    <UnitTest name="ThrowsIfUnknownFormat" storage="/home/runner/work/typespec/typespec/packages/http-client-csharp/generator/artifacts/bin/microsoft.typespec.generator.clientmodel.tests/debug/net8.0/microsoft.typespec.generator.clientmodel.tests.dll" id="3be952dc-5bb9-c92a-b566-50329caa9747">
      <Execution id="c84833b7-26d5-4dcd-8207-24d94a500cf0" />
      <TestMethod codeBase="/home/runner/work/typespec/typespec/packages/http-client-csharp/generator/artifacts/bin/Microsoft.TypeSpec.Generator.ClientModel.Tests/Debug/net8.0/Microsoft.TypeSpec.Generator.ClientModel.Tests.dll" adapterTypeName="executor://nunit3testexecutor/" className="Microsoft.TypeSpec.Generator.ClientModel.Tests.ModelReaderWriterValidation.TestProjects.Sample_TypeSpec.ThingWithNullsTests" name="ThrowsIfUnknownFormat" />
    </UnitTest>
    <UnitTest name="CanCustomizePropertyUsingField(True)" storage="/home/runner/work/typespec/typespec/packages/http-client-csharp/generator/artifacts/bin/microsoft.typespec.generator.clientmodel.tests/debug/net8.0/microsoft.typespec.generator.clientmodel.tests.dll" id="b78e746e-68bb-7db4-f36c-e2f1170e65ff">
      <Execution id="d5bb4c35-33ab-47f2-9659-7c9c44c8c2bf" />
      <TestMethod codeBase="/home/runner/work/typespec/typespec/packages/http-client-csharp/generator/artifacts/bin/Microsoft.TypeSpec.Generator.ClientModel.Tests/Debug/net8.0/Microsoft.TypeSpec.Generator.ClientModel.Tests.dll" adapterTypeName="executor://nunit3testexecutor/" className="Microsoft.TypeSpec.Generator.ClientModel.Tests.Providers.MrwSerializationTypeDefinitions.SerializationCustomizationTests" name="CanCustomizePropertyUsingField(True)" />
    </UnitTest>
    <UnitTest name="TestBuildPersistableModelCreateCoreMethod(True)" storage="/home/runner/work/typespec/typespec/packages/http-client-csharp/generator/artifacts/bin/microsoft.typespec.generator.clientmodel.tests/debug/net8.0/microsoft.typespec.generator.clientmodel.tests.dll" id="c8fc9c05-b337-f71c-e51f-ac57c6c487d9">
      <Execution id="6657a6eb-b153-4c4c-bd58-d8a1caef2037" />
      <TestMethod codeBase="/home/runner/work/typespec/typespec/packages/http-client-csharp/generator/artifacts/bin/Microsoft.TypeSpec.Generator.ClientModel.Tests/Debug/net8.0/Microsoft.TypeSpec.Generator.ClientModel.Tests.dll" adapterTypeName="executor://nunit3testexecutor/" className="Microsoft.TypeSpec.Generator.ClientModel.Tests.Providers.MrwSerializationTypeDefinitions.MrwSerializationTypeDefinitionTests" name="TestBuildPersistableModelCreateCoreMethod(True)" />
    </UnitTest>
    <UnitTest name="AppendPath_Double(&quot;http://localhost&quot;,3.14d,True,&quot;http://localhost/3.14&quot;)" storage="/home/runner/work/typespec/typespec/packages/http-client-csharp/generator/artifacts/bin/microsoft.typespec.generator.clientmodel.tests/debug/net8.0/microsoft.typespec.generator.clientmodel.tests.dll" id="abf6c339-b908-439d-1fc1-47a1df3c26c9">
      <Execution id="5e0cdfcc-8bd3-4edc-8faf-cbd71fb6b631" />
      <TestMethod codeBase="/home/runner/work/typespec/typespec/packages/http-client-csharp/generator/artifacts/bin/Microsoft.TypeSpec.Generator.ClientModel.Tests/Debug/net8.0/Microsoft.TypeSpec.Generator.ClientModel.Tests.dll" adapterTypeName="executor://nunit3testexecutor/" className="Microsoft.TypeSpec.Generator.ClientModel.Tests.Providers.ClientUriBuilderTests" name="AppendPath_Double(&quot;http://localhost&quot;,3.14d,True,&quot;http://localhost/3.14&quot;)" />
    </UnitTest>
    <UnitTest name="AppendQuery_Float(&quot;http://localhost&quot;,3.14f,True,&quot;http://localhost/?query=3.14&quot;)" storage="/home/runner/work/typespec/typespec/packages/http-client-csharp/generator/artifacts/bin/microsoft.typespec.generator.clientmodel.tests/debug/net8.0/microsoft.typespec.generator.clientmodel.tests.dll" id="75ae619b-afeb-b804-17e6-a8aa7acd150f">
      <Execution id="39014cae-381f-4bf5-8c19-138f4a668ba4" />
      <TestMethod codeBase="/home/runner/work/typespec/typespec/packages/http-client-csharp/generator/artifacts/bin/Microsoft.TypeSpec.Generator.ClientModel.Tests/Debug/net8.0/Microsoft.TypeSpec.Generator.ClientModel.Tests.dll" adapterTypeName="executor://nunit3testexecutor/" className="Microsoft.TypeSpec.Generator.ClientModel.Tests.Providers.ClientUriBuilderTests" name="AppendQuery_Float(&quot;http://localhost&quot;,3.14f,True,&quot;http://localhost/?query=3.14&quot;)" />
    </UnitTest>
    <UnitTest name="TestBuildJsonModelWriteCoreMethod(False)" storage="/home/runner/work/typespec/typespec/packages/http-client-csharp/generator/artifacts/bin/microsoft.typespec.generator.clientmodel.tests/debug/net8.0/microsoft.typespec.generator.clientmodel.tests.dll" id="cf15e243-4e78-d001-2618-cf3fbacfb013">
      <Execution id="5e2586fd-2c52-4eb7-ae09-35b1a45a35dc" />
      <TestMethod codeBase="/home/runner/work/typespec/typespec/packages/http-client-csharp/generator/artifacts/bin/Microsoft.TypeSpec.Generator.ClientModel.Tests/Debug/net8.0/Microsoft.TypeSpec.Generator.ClientModel.Tests.dll" adapterTypeName="executor://nunit3testexecutor/" className="Microsoft.TypeSpec.Generator.ClientModel.Tests.Providers.MrwSerializationTypeDefinitions.MrwSerializationTypeDefinitionTests" name="TestBuildJsonModelWriteCoreMethod(False)" />
    </UnitTest>
    <UnitTest name="ResetThenAppendQuery(&quot;http://localhost:12345/some/&quot;,&quot;one|1|two|2&quot;,&quot;http://localhost:12345/some/?one=1&amp;two=2&quot;)" storage="/home/runner/work/typespec/typespec/packages/http-client-csharp/generator/artifacts/bin/microsoft.typespec.generator.clientmodel.tests/debug/net8.0/microsoft.typespec.generator.clientmodel.tests.dll" id="8fb5eb2d-b3ae-981f-09c3-d17ab6f8bf32">
      <Execution id="f65b7f6d-fad1-4440-848e-81bd05cac554" />
      <TestMethod codeBase="/home/runner/work/typespec/typespec/packages/http-client-csharp/generator/artifacts/bin/Microsoft.TypeSpec.Generator.ClientModel.Tests/Debug/net8.0/Microsoft.TypeSpec.Generator.ClientModel.Tests.dll" adapterTypeName="executor://nunit3testexecutor/" className="Microsoft.TypeSpec.Generator.ClientModel.Tests.Providers.ClientUriBuilderTests" name="ResetThenAppendQuery(&quot;http://localhost:12345/some/&quot;,&quot;one|1|two|2&quot;,&quot;http://localhost:12345/some/?one=1&amp;two=2&quot;)" />
    </UnitTest>
    <UnitTest name="AppendPath_DateTimeOffset(&quot;http://localhost&quot;,&quot;6/30/1905 1:14:00 PM +00:00&quot;,&quot;D&quot;,True,&quot;http://localhost/1905-06-30&quot;)" storage="/home/runner/work/typespec/typespec/packages/http-client-csharp/generator/artifacts/bin/microsoft.typespec.generator.clientmodel.tests/debug/net8.0/microsoft.typespec.generator.clientmodel.tests.dll" id="479a856a-b668-d0be-97cb-73c0d55e7806">
      <Execution id="45f2005a-9a92-4895-9b78-ab5dc5bdd854" />
      <TestMethod codeBase="/home/runner/work/typespec/typespec/packages/http-client-csharp/generator/artifacts/bin/Microsoft.TypeSpec.Generator.ClientModel.Tests/Debug/net8.0/Microsoft.TypeSpec.Generator.ClientModel.Tests.dll" adapterTypeName="executor://nunit3testexecutor/" className="Microsoft.TypeSpec.Generator.ClientModel.Tests.Providers.ClientUriBuilderTests" name="AppendPath_DateTimeOffset(&quot;http://localhost&quot;,&quot;6/30/1905 1:14:00 PM +00:00&quot;,&quot;D&quot;,True,&quot;http://localhost/1905-06-30&quot;)" />
    </UnitTest>
    <UnitTest name="AppendPath_TimeSpan(&quot;http://localhost&quot;,&quot;02:15:00&quot;,&quot;P&quot;,True,&quot;http://localhost/PT2H15M&quot;)" storage="/home/runner/work/typespec/typespec/packages/http-client-csharp/generator/artifacts/bin/microsoft.typespec.generator.clientmodel.tests/debug/net8.0/microsoft.typespec.generator.clientmodel.tests.dll" id="f8fa5101-dce2-8878-b5f1-c2cb03fb91ea">
      <Execution id="41402ee7-a50b-4a33-b8dd-e41ecbf75ff7" />
      <TestMethod codeBase="/home/runner/work/typespec/typespec/packages/http-client-csharp/generator/artifacts/bin/Microsoft.TypeSpec.Generator.ClientModel.Tests/Debug/net8.0/Microsoft.TypeSpec.Generator.ClientModel.Tests.dll" adapterTypeName="executor://nunit3testexecutor/" className="Microsoft.TypeSpec.Generator.ClientModel.Tests.Providers.ClientUriBuilderTests" name="AppendPath_TimeSpan(&quot;http://localhost&quot;,&quot;02:15:00&quot;,&quot;P&quot;,True,&quot;http://localhost/PT2H15M&quot;)" />
    </UnitTest>
    <UnitTest name="AppendQuery_Long(&quot;http://localhost&quot;,299792458000000L,False,&quot;http://localhost/?query=299792458000000&quot;)" storage="/home/runner/work/typespec/typespec/packages/http-client-csharp/generator/artifacts/bin/microsoft.typespec.generator.clientmodel.tests/debug/net8.0/microsoft.typespec.generator.clientmodel.tests.dll" id="b58d0b7f-c953-3548-e48d-1e7873d59a4d">
      <Execution id="9afa2c12-3d89-4d0f-8489-4e4b81977a61" />
      <TestMethod codeBase="/home/runner/work/typespec/typespec/packages/http-client-csharp/generator/artifacts/bin/Microsoft.TypeSpec.Generator.ClientModel.Tests/Debug/net8.0/Microsoft.TypeSpec.Generator.ClientModel.Tests.dll" adapterTypeName="executor://nunit3testexecutor/" className="Microsoft.TypeSpec.Generator.ClientModel.Tests.Providers.ClientUriBuilderTests" name="AppendQuery_Long(&quot;http://localhost&quot;,299792458000000L,False,&quot;http://localhost/?query=299792458000000&quot;)" />
    </UnitTest>
    <UnitTest name="RoundTripWithJsonInterfaceNonGeneric(&quot;W&quot;)" storage="/home/runner/work/typespec/typespec/packages/http-client-csharp/generator/artifacts/bin/microsoft.typespec.generator.clientmodel.tests/debug/net8.0/microsoft.typespec.generator.clientmodel.tests.dll" id="f6fc3775-d3b3-4886-bb37-6a98fedff849">
      <Execution id="15ae2da3-dc00-445b-ac86-fa3e89e73362" />
      <TestMethod codeBase="/home/runner/work/typespec/typespec/packages/http-client-csharp/generator/artifacts/bin/Microsoft.TypeSpec.Generator.ClientModel.Tests/Debug/net8.0/Microsoft.TypeSpec.Generator.ClientModel.Tests.dll" adapterTypeName="executor://nunit3testexecutor/" className="Microsoft.TypeSpec.Generator.ClientModel.Tests.ModelReaderWriterValidation.TestProjects.Sample_TypeSpec.FriendTests" name="RoundTripWithJsonInterfaceNonGeneric(&quot;W&quot;)" />
    </UnitTest>
    <UnitTest name="ResetThenAppendQueryThenAppendPath(&quot;http://localhost/&quot;,&quot;/some/&quot;,&quot;one|1&quot;,&quot;http://localhost/some/?one=1&quot;)" storage="/home/runner/work/typespec/typespec/packages/http-client-csharp/generator/artifacts/bin/microsoft.typespec.generator.clientmodel.tests/debug/net8.0/microsoft.typespec.generator.clientmodel.tests.dll" id="ad49a717-fe17-427d-0527-da76ac2858a3">
      <Execution id="24e00d2a-24fb-4242-8e0b-7ff4157db012" />
      <TestMethod codeBase="/home/runner/work/typespec/typespec/packages/http-client-csharp/generator/artifacts/bin/Microsoft.TypeSpec.Generator.ClientModel.Tests/Debug/net8.0/Microsoft.TypeSpec.Generator.ClientModel.Tests.dll" adapterTypeName="executor://nunit3testexecutor/" className="Microsoft.TypeSpec.Generator.ClientModel.Tests.Providers.ClientUriBuilderTests" name="ResetThenAppendQueryThenAppendPath(&quot;http://localhost/&quot;,&quot;/some/&quot;,&quot;one|1&quot;,&quot;http://localhost/some/?one=1&quot;)" />
    </UnitTest>
    <UnitTest name="AppendPath_TimeSpan(&quot;http://localhost&quot;,&quot;02:15:00&quot;,null,False,&quot;http://localhost/PT2H15M&quot;)" storage="/home/runner/work/typespec/typespec/packages/http-client-csharp/generator/artifacts/bin/microsoft.typespec.generator.clientmodel.tests/debug/net8.0/microsoft.typespec.generator.clientmodel.tests.dll" id="e0e7ed78-91d2-9712-eb9e-f812f7d4f81d">
      <Execution id="ea707829-953d-4c77-ab17-a9252b32d79d" />
      <TestMethod codeBase="/home/runner/work/typespec/typespec/packages/http-client-csharp/generator/artifacts/bin/Microsoft.TypeSpec.Generator.ClientModel.Tests/Debug/net8.0/Microsoft.TypeSpec.Generator.ClientModel.Tests.dll" adapterTypeName="executor://nunit3testexecutor/" className="Microsoft.TypeSpec.Generator.ClientModel.Tests.Providers.ClientUriBuilderTests" name="AppendPath_TimeSpan(&quot;http://localhost&quot;,&quot;02:15:00&quot;,null,False,&quot;http://localhost/PT2H15M&quot;)" />
    </UnitTest>
    <UnitTest name="RequestBodyConstructedUsingBinaryContentHelpers(Microsoft.TypeSpec.Generator.Input.InputArrayType)" storage="/home/runner/work/typespec/typespec/packages/http-client-csharp/generator/artifacts/bin/microsoft.typespec.generator.clientmodel.tests/debug/net8.0/microsoft.typespec.generator.clientmodel.tests.dll" id="387cdf60-47d4-7089-903d-9b660e15988c">
      <Execution id="a3c2a74f-3b15-4a32-9e1f-29052b057971" />
      <TestMethod codeBase="/home/runner/work/typespec/typespec/packages/http-client-csharp/generator/artifacts/bin/Microsoft.TypeSpec.Generator.ClientModel.Tests/Debug/net8.0/Microsoft.TypeSpec.Generator.ClientModel.Tests.dll" adapterTypeName="executor://nunit3testexecutor/" className="Microsoft.TypeSpec.Generator.ClientModel.Tests.Providers.ScmMethodProviderCollectionTests" name="RequestBodyConstructedUsingBinaryContentHelpers(Microsoft.TypeSpec.Generator.Input.InputArrayType)" />
    </UnitTest>
    <UnitTest name="TestBuildImplements" storage="/home/runner/work/typespec/typespec/packages/http-client-csharp/generator/artifacts/bin/microsoft.typespec.generator.clientmodel.tests/debug/net8.0/microsoft.typespec.generator.clientmodel.tests.dll" id="dec96545-7b70-bd7d-1c36-430957762403">
      <Execution id="7ad8b99e-dbbd-48e2-9690-dc254ec50bc9" />
      <TestMethod codeBase="/home/runner/work/typespec/typespec/packages/http-client-csharp/generator/artifacts/bin/Microsoft.TypeSpec.Generator.ClientModel.Tests/Debug/net8.0/Microsoft.TypeSpec.Generator.ClientModel.Tests.dll" adapterTypeName="executor://nunit3testexecutor/" className="Microsoft.TypeSpec.Generator.ClientModel.Tests.Providers.MrwSerializationTypeDefinitions.MrwSerializationTypeDefinitionTests" name="TestBuildImplements" />
    </UnitTest>
    <UnitTest name="AppendQuery_Float(&quot;http://localhost&quot;,-3.14f,False,&quot;http://localhost/?query=-3.14&quot;)" storage="/home/runner/work/typespec/typespec/packages/http-client-csharp/generator/artifacts/bin/microsoft.typespec.generator.clientmodel.tests/debug/net8.0/microsoft.typespec.generator.clientmodel.tests.dll" id="0d27c752-5f60-4ffa-96f4-4ef752e89e1c">
      <Execution id="8f89a88b-9f59-4029-9642-04682894a201" />
      <TestMethod codeBase="/home/runner/work/typespec/typespec/packages/http-client-csharp/generator/artifacts/bin/Microsoft.TypeSpec.Generator.ClientModel.Tests/Debug/net8.0/Microsoft.TypeSpec.Generator.ClientModel.Tests.dll" adapterTypeName="executor://nunit3testexecutor/" className="Microsoft.TypeSpec.Generator.ClientModel.Tests.Providers.ClientUriBuilderTests" name="AppendQuery_Float(&quot;http://localhost&quot;,-3.14f,False,&quot;http://localhost/?query=-3.14&quot;)" />
    </UnitTest>
    <UnitTest name="UsesValidFieldIdentifierNames" storage="/home/runner/work/typespec/typespec/packages/http-client-csharp/generator/artifacts/bin/microsoft.typespec.generator.clientmodel.tests/debug/net8.0/microsoft.typespec.generator.clientmodel.tests.dll" id="17f7a6e9-436b-3c1f-3570-46d2473a1137">
      <Execution id="6c9e5318-5f89-492f-b128-65ef15b436b2" />
      <TestMethod codeBase="/home/runner/work/typespec/typespec/packages/http-client-csharp/generator/artifacts/bin/Microsoft.TypeSpec.Generator.ClientModel.Tests/Debug/net8.0/Microsoft.TypeSpec.Generator.ClientModel.Tests.dll" adapterTypeName="executor://nunit3testexecutor/" className="Microsoft.TypeSpec.Generator.ClientModel.Tests.Providers.CollectionResultDefinitions.NextLinkTests" name="UsesValidFieldIdentifierNames" />
    </UnitTest>
    <UnitTest name="AppendQuery_DateTimeOffset(&quot;http://localhost&quot;,&quot;6/30/1905 1:14:00 PM +00:00&quot;,&quot;U&quot;,True,&quot;http://localhost/?query=-2035622760&quot;)" storage="/home/runner/work/typespec/typespec/packages/http-client-csharp/generator/artifacts/bin/microsoft.typespec.generator.clientmodel.tests/debug/net8.0/microsoft.typespec.generator.clientmodel.tests.dll" id="afbf2c35-f138-2b90-9822-0427b75e7c54">
      <Execution id="6cba1174-4f4f-408e-a0ab-dd90df40d11b" />
      <TestMethod codeBase="/home/runner/work/typespec/typespec/packages/http-client-csharp/generator/artifacts/bin/Microsoft.TypeSpec.Generator.ClientModel.Tests/Debug/net8.0/Microsoft.TypeSpec.Generator.ClientModel.Tests.dll" adapterTypeName="executor://nunit3testexecutor/" className="Microsoft.TypeSpec.Generator.ClientModel.Tests.Providers.ClientUriBuilderTests" name="AppendQuery_DateTimeOffset(&quot;http://localhost&quot;,&quot;6/30/1905 1:14:00 PM +00:00&quot;,&quot;U&quot;,True,&quot;http://localhost/?query=-2035622760&quot;)" />
    </UnitTest>
    <UnitTest name="AppendPath_ByteArray(&quot;http://localhost&quot;,[104, 101, 108, 108, 111],&quot;D&quot;,True,&quot;http://localhost/aGVsbG8%3D&quot;)" storage="/home/runner/work/typespec/typespec/packages/http-client-csharp/generator/artifacts/bin/microsoft.typespec.generator.clientmodel.tests/debug/net8.0/microsoft.typespec.generator.clientmodel.tests.dll" id="3e1d6d5b-757a-b997-7bb3-f7a179b9268f">
      <Execution id="f3dda017-f1a8-4615-b113-2e296ba45c24" />
      <TestMethod codeBase="/home/runner/work/typespec/typespec/packages/http-client-csharp/generator/artifacts/bin/Microsoft.TypeSpec.Generator.ClientModel.Tests/Debug/net8.0/Microsoft.TypeSpec.Generator.ClientModel.Tests.dll" adapterTypeName="executor://nunit3testexecutor/" className="Microsoft.TypeSpec.Generator.ClientModel.Tests.Providers.ClientUriBuilderTests" name="AppendPath_ByteArray(&quot;http://localhost&quot;,[104, 101, 108, 108, 111],&quot;D&quot;,True,&quot;http://localhost/aGVsbG8%3D&quot;)" />
    </UnitTest>
    <UnitTest name="TestIntDeserializeExpression(System.SByte,Int_String)" storage="/home/runner/work/typespec/typespec/packages/http-client-csharp/generator/artifacts/bin/microsoft.typespec.generator.clientmodel.tests/debug/net8.0/microsoft.typespec.generator.clientmodel.tests.dll" id="49262a15-1490-962e-680c-0823801e8b6d">
      <Execution id="e0a7bdae-e0de-4476-b29c-2605da5c2bd6" />
      <TestMethod codeBase="/home/runner/work/typespec/typespec/packages/http-client-csharp/generator/artifacts/bin/Microsoft.TypeSpec.Generator.ClientModel.Tests/Debug/net8.0/Microsoft.TypeSpec.Generator.ClientModel.Tests.dll" adapterTypeName="executor://nunit3testexecutor/" className="Microsoft.TypeSpec.Generator.ClientModel.Tests.Providers.MrwSerializationTypeDefinitions.MrwSerializationTypeDefinitionTests" name="TestIntDeserializeExpression(System.SByte,Int_String)" />
    </UnitTest>
    <UnitTest name="AppendQueryDelimited(&quot;http://localhost&quot;,[&quot;hello&quot;, &quot;world&quot;],&quot;|&quot;,True,&quot;http://localhost/?query=hello|world&quot;)" storage="/home/runner/work/typespec/typespec/packages/http-client-csharp/generator/artifacts/bin/microsoft.typespec.generator.clientmodel.tests/debug/net8.0/microsoft.typespec.generator.clientmodel.tests.dll" id="79b6f9be-b651-a2de-ef36-a93ea3499229">
      <Execution id="bc4918b7-2fb4-4726-bec7-9db184b79887" />
      <TestMethod codeBase="/home/runner/work/typespec/typespec/packages/http-client-csharp/generator/artifacts/bin/Microsoft.TypeSpec.Generator.ClientModel.Tests/Debug/net8.0/Microsoft.TypeSpec.Generator.ClientModel.Tests.dll" adapterTypeName="executor://nunit3testexecutor/" className="Microsoft.TypeSpec.Generator.ClientModel.Tests.Providers.ClientUriBuilderTests" name="AppendQueryDelimited(&quot;http://localhost&quot;,[&quot;hello&quot;, &quot;world&quot;],&quot;|&quot;,True,&quot;http://localhost/?query=hello|world&quot;)" />
    </UnitTest>
    <UnitTest name="ValidateConvertToString(null,-3.14f,&quot;-3.14&quot;)" storage="/home/runner/work/typespec/typespec/packages/http-client-csharp/generator/artifacts/bin/microsoft.typespec.generator.clientmodel.tests/debug/net8.0/microsoft.typespec.generator.clientmodel.tests.dll" id="4453184c-f216-9b6d-4fbd-d2b0df67fcc5">
      <Execution id="e3bb9d1e-6821-49bc-bb66-334fa0f3b2ab" />
      <TestMethod codeBase="/home/runner/work/typespec/typespec/packages/http-client-csharp/generator/artifacts/bin/Microsoft.TypeSpec.Generator.ClientModel.Tests/Debug/net8.0/Microsoft.TypeSpec.Generator.ClientModel.Tests.dll" adapterTypeName="executor://nunit3testexecutor/" className="Microsoft.TypeSpec.Generator.ClientModel.Tests.Providers.TypeFormatterTests" name="ValidateConvertToString(null,-3.14f,&quot;-3.14&quot;)" />
    </UnitTest>
    <UnitTest name="RepeatabilityRequestIdParamHasDefaultValue" storage="/home/runner/work/typespec/typespec/packages/http-client-csharp/generator/artifacts/bin/microsoft.typespec.generator.clientmodel.tests/debug/net8.0/microsoft.typespec.generator.clientmodel.tests.dll" id="40265b60-4995-adcf-823c-d40faa49859f">
      <Execution id="c854461c-e4c7-41be-b777-38e0d820e8f4" />
      <TestMethod codeBase="/home/runner/work/typespec/typespec/packages/http-client-csharp/generator/artifacts/bin/Microsoft.TypeSpec.Generator.ClientModel.Tests/Debug/net8.0/Microsoft.TypeSpec.Generator.ClientModel.Tests.dll" adapterTypeName="executor://nunit3testexecutor/" className="Microsoft.TypeSpec.Generator.ClientModel.Tests.ScmKnownParametersTests" name="RepeatabilityRequestIdParamHasDefaultValue" />
    </UnitTest>
    <UnitTest name="TestBuildDeserializationMethodNestedSARD" storage="/home/runner/work/typespec/typespec/packages/http-client-csharp/generator/artifacts/bin/microsoft.typespec.generator.clientmodel.tests/debug/net8.0/microsoft.typespec.generator.clientmodel.tests.dll" id="1e137d1c-2d50-6f10-2ced-78edc3b544f6">
      <Execution id="beac972a-8df6-476d-8de7-d197a3a56dce" />
      <TestMethod codeBase="/home/runner/work/typespec/typespec/packages/http-client-csharp/generator/artifacts/bin/Microsoft.TypeSpec.Generator.ClientModel.Tests/Debug/net8.0/Microsoft.TypeSpec.Generator.ClientModel.Tests.dll" adapterTypeName="executor://nunit3testexecutor/" className="Microsoft.TypeSpec.Generator.ClientModel.Tests.Providers.MrwSerializationTypeDefinitions.MrwSerializationTypeDefinitionTests" name="TestBuildDeserializationMethodNestedSARD" />
    </UnitTest>
    <UnitTest name="ValidateGetResponseClassifiersThrowsWhenNoSuccess" storage="/home/runner/work/typespec/typespec/packages/http-client-csharp/generator/artifacts/bin/microsoft.typespec.generator.clientmodel.tests/debug/net8.0/microsoft.typespec.generator.clientmodel.tests.dll" id="6926a070-192e-3bc2-3350-2c630870c19d">
      <Execution id="b20fa990-f87a-48d7-babd-19f919495877" />
      <TestMethod codeBase="/home/runner/work/typespec/typespec/packages/http-client-csharp/generator/artifacts/bin/Microsoft.TypeSpec.Generator.ClientModel.Tests/Debug/net8.0/Microsoft.TypeSpec.Generator.ClientModel.Tests.dll" adapterTypeName="executor://nunit3testexecutor/" className="Microsoft.TypeSpec.Generator.ClientModel.Tests.Providers.RestClientProviders.RestClientProviderTests" name="ValidateGetResponseClassifiersThrowsWhenNoSuccess" />
    </UnitTest>
    <UnitTest name="OperationWithOptionalIntEnum" storage="/home/runner/work/typespec/typespec/packages/http-client-csharp/generator/artifacts/bin/microsoft.typespec.generator.clientmodel.tests/debug/net8.0/microsoft.typespec.generator.clientmodel.tests.dll" id="155bcea2-a69c-4737-05b7-9a1a9d273028">
      <Execution id="a6df5948-e824-41d1-81b1-1cd2d07811e2" />
      <TestMethod codeBase="/home/runner/work/typespec/typespec/packages/http-client-csharp/generator/artifacts/bin/Microsoft.TypeSpec.Generator.ClientModel.Tests/Debug/net8.0/Microsoft.TypeSpec.Generator.ClientModel.Tests.dll" adapterTypeName="executor://nunit3testexecutor/" className="Microsoft.TypeSpec.Generator.ClientModel.Tests.Providers.ScmMethodProviderCollectionTests" name="OperationWithOptionalIntEnum" />
    </UnitTest>
    <UnitTest name="ValidateBodyOfClientOperationIsOverridden" storage="/home/runner/work/typespec/typespec/packages/http-client-csharp/generator/artifacts/bin/microsoft.typespec.generator.clientmodel.tests/debug/net8.0/microsoft.typespec.generator.clientmodel.tests.dll" id="71d82155-81ae-2027-d8cd-1453a0d28522">
      <Execution id="f1f28bdc-387e-44b1-8cb6-c5d585d02f4d" />
      <TestMethod codeBase="/home/runner/work/typespec/typespec/packages/http-client-csharp/generator/artifacts/bin/Microsoft.TypeSpec.Generator.ClientModel.Tests/Debug/net8.0/Microsoft.TypeSpec.Generator.ClientModel.Tests.dll" adapterTypeName="executor://nunit3testexecutor/" className="Microsoft.TypeSpec.Generator.ClientModel.Tests.Providers.Abstractions.ClientResponseApiTests" name="ValidateBodyOfClientOperationIsOverridden" />
    </UnitTest>
    <UnitTest name="RoundTripWithJsonInterfaceUtf8Reader(&quot;J&quot;)" storage="/home/runner/work/typespec/typespec/packages/http-client-csharp/generator/artifacts/bin/microsoft.typespec.generator.clientmodel.tests/debug/net8.0/microsoft.typespec.generator.clientmodel.tests.dll" id="c7289480-094d-12d9-bb0b-c491f0334fd8">
      <Execution id="0a2b7d09-a97f-4cdd-ae09-bcb094f02be9" />
      <TestMethod codeBase="/home/runner/work/typespec/typespec/packages/http-client-csharp/generator/artifacts/bin/Microsoft.TypeSpec.Generator.ClientModel.Tests/Debug/net8.0/Microsoft.TypeSpec.Generator.ClientModel.Tests.dll" adapterTypeName="executor://nunit3testexecutor/" className="Microsoft.TypeSpec.Generator.ClientModel.Tests.ModelReaderWriterValidation.TestProjects.Sample_TypeSpec.ThingWithNullsTests" name="RoundTripWithJsonInterfaceUtf8Reader(&quot;J&quot;)" />
    </UnitTest>
    <UnitTest name="ThrowsIfWireIsNotJson" storage="/home/runner/work/typespec/typespec/packages/http-client-csharp/generator/artifacts/bin/microsoft.typespec.generator.clientmodel.tests/debug/net8.0/microsoft.typespec.generator.clientmodel.tests.dll" id="fedf1bbb-8fa1-f79c-57f2-a44838558af8">
      <Execution id="e365c55d-8771-4ab0-a502-c24b2692826d" />
      <TestMethod codeBase="/home/runner/work/typespec/typespec/packages/http-client-csharp/generator/artifacts/bin/Microsoft.TypeSpec.Generator.ClientModel.Tests/Debug/net8.0/Microsoft.TypeSpec.Generator.ClientModel.Tests.dll" adapterTypeName="executor://nunit3testexecutor/" className="Microsoft.TypeSpec.Generator.ClientModel.Tests.ModelReaderWriterValidation.TestProjects.Sample_TypeSpec.ThingWithNullsTests" name="ThrowsIfWireIsNotJson" />
    </UnitTest>
    <UnitTest name="ValidateFields" storage="/home/runner/work/typespec/typespec/packages/http-client-csharp/generator/artifacts/bin/microsoft.typespec.generator.clientmodel.tests/debug/net8.0/microsoft.typespec.generator.clientmodel.tests.dll" id="fa1eba1d-67af-1549-37db-913bdb2669b8">
      <Execution id="ec604dc4-a03d-4499-89d6-70c42420b124" />
      <TestMethod codeBase="/home/runner/work/typespec/typespec/packages/http-client-csharp/generator/artifacts/bin/Microsoft.TypeSpec.Generator.ClientModel.Tests/Debug/net8.0/Microsoft.TypeSpec.Generator.ClientModel.Tests.dll" adapterTypeName="executor://nunit3testexecutor/" className="Microsoft.TypeSpec.Generator.ClientModel.Tests.Providers.RestClientProviders.RestClientProviderTests" name="ValidateFields" />
    </UnitTest>
    <UnitTest name="ResetThenAppendQuery(&quot;http://localhost:12345&quot;,&quot;one|1&quot;,&quot;http://localhost:12345/?one=1&quot;)" storage="/home/runner/work/typespec/typespec/packages/http-client-csharp/generator/artifacts/bin/microsoft.typespec.generator.clientmodel.tests/debug/net8.0/microsoft.typespec.generator.clientmodel.tests.dll" id="1521db92-d0ad-eb1f-ad0c-05a73782449b">
      <Execution id="a9aa232f-4feb-4748-b135-ed026ebc927d" />
      <TestMethod codeBase="/home/runner/work/typespec/typespec/packages/http-client-csharp/generator/artifacts/bin/Microsoft.TypeSpec.Generator.ClientModel.Tests/Debug/net8.0/Microsoft.TypeSpec.Generator.ClientModel.Tests.dll" adapterTypeName="executor://nunit3testexecutor/" className="Microsoft.TypeSpec.Generator.ClientModel.Tests.Providers.ClientUriBuilderTests" name="ResetThenAppendQuery(&quot;http://localhost:12345&quot;,&quot;one|1&quot;,&quot;http://localhost:12345/?one=1&quot;)" />
    </UnitTest>
    <UnitTest name="TestRestClientMethods(Microsoft.TypeSpec.Generator.Input.InputBasicServiceMethod)" storage="/home/runner/work/typespec/typespec/packages/http-client-csharp/generator/artifacts/bin/microsoft.typespec.generator.clientmodel.tests/debug/net8.0/microsoft.typespec.generator.clientmodel.tests.dll" id="f57ac424-adaf-1808-607f-9395be13912a">
      <Execution id="1319b4d2-8cfa-463d-bc8a-b069868fb306" />
      <TestMethod codeBase="/home/runner/work/typespec/typespec/packages/http-client-csharp/generator/artifacts/bin/Microsoft.TypeSpec.Generator.ClientModel.Tests/Debug/net8.0/Microsoft.TypeSpec.Generator.ClientModel.Tests.dll" adapterTypeName="executor://nunit3testexecutor/" className="Microsoft.TypeSpec.Generator.ClientModel.Tests.Providers.RestClientProviders.RestClientProviderTests" name="TestRestClientMethods(Microsoft.TypeSpec.Generator.Input.InputBasicServiceMethod)" />
    </UnitTest>
    <UnitTest name="RoundTripWithJsonInterfaceOfT(&quot;J&quot;)" storage="/home/runner/work/typespec/typespec/packages/http-client-csharp/generator/artifacts/bin/microsoft.typespec.generator.clientmodel.tests/debug/net8.0/microsoft.typespec.generator.clientmodel.tests.dll" id="f7924615-42c6-5d3a-1294-83fa670fd078">
      <Execution id="c8a12d33-2131-4500-8266-7271131973f6" />
      <TestMethod codeBase="/home/runner/work/typespec/typespec/packages/http-client-csharp/generator/artifacts/bin/Microsoft.TypeSpec.Generator.ClientModel.Tests/Debug/net8.0/Microsoft.TypeSpec.Generator.ClientModel.Tests.dll" adapterTypeName="executor://nunit3testexecutor/" className="Microsoft.TypeSpec.Generator.ClientModel.Tests.ModelReaderWriterValidation.TestProjects.Sample_TypeSpec.RenamedModelTests" name="RoundTripWithJsonInterfaceOfT(&quot;J&quot;)" />
    </UnitTest>
    <UnitTest name="RoundTripWithJsonInterfaceUtf8ReaderNonGeneric(&quot;W&quot;)" storage="/home/runner/work/typespec/typespec/packages/http-client-csharp/generator/artifacts/bin/microsoft.typespec.generator.clientmodel.tests/debug/net8.0/microsoft.typespec.generator.clientmodel.tests.dll" id="96c6901d-cb68-884d-5e4f-ceda707a0dcc">
      <Execution id="355f3fde-b17d-4af7-8c10-4105187b7aba" />
      <TestMethod codeBase="/home/runner/work/typespec/typespec/packages/http-client-csharp/generator/artifacts/bin/Microsoft.TypeSpec.Generator.ClientModel.Tests/Debug/net8.0/Microsoft.TypeSpec.Generator.ClientModel.Tests.dll" adapterTypeName="executor://nunit3testexecutor/" className="Microsoft.TypeSpec.Generator.ClientModel.Tests.ModelReaderWriterValidation.TestProjects.Sample_TypeSpec.FriendTests" name="RoundTripWithJsonInterfaceUtf8ReaderNonGeneric(&quot;W&quot;)" />
    </UnitTest>
    <UnitTest name="ResetThenAppendQueryThenAppendPath(&quot;http://localhost&quot;,&quot;some&quot;,&quot;one|1&quot;,&quot;http://localhost/some?one=1&quot;)" storage="/home/runner/work/typespec/typespec/packages/http-client-csharp/generator/artifacts/bin/microsoft.typespec.generator.clientmodel.tests/debug/net8.0/microsoft.typespec.generator.clientmodel.tests.dll" id="f5c6406b-ed87-33a2-ceec-3f178635429e">
      <Execution id="88cca385-4898-4501-a014-cf56fd5daec4" />
      <TestMethod codeBase="/home/runner/work/typespec/typespec/packages/http-client-csharp/generator/artifacts/bin/Microsoft.TypeSpec.Generator.ClientModel.Tests/Debug/net8.0/Microsoft.TypeSpec.Generator.ClientModel.Tests.dll" adapterTypeName="executor://nunit3testexecutor/" className="Microsoft.TypeSpec.Generator.ClientModel.Tests.Providers.ClientUriBuilderTests" name="ResetThenAppendQueryThenAppendPath(&quot;http://localhost&quot;,&quot;some&quot;,&quot;one|1&quot;,&quot;http://localhost/some?one=1&quot;)" />
    </UnitTest>
    <UnitTest name="ConvenienceMethodsHaveOptionalCancellationToken(Microsoft.TypeSpec.Generator.Input.InputBasicServiceMethod)" storage="/home/runner/work/typespec/typespec/packages/http-client-csharp/generator/artifacts/bin/microsoft.typespec.generator.clientmodel.tests/debug/net8.0/microsoft.typespec.generator.clientmodel.tests.dll" id="1e79c8d7-cd61-c59c-6dcf-65c08971bc10">
      <Execution id="9a6cce4f-52cc-4367-868e-20b45f3c6fc1" />
      <TestMethod codeBase="/home/runner/work/typespec/typespec/packages/http-client-csharp/generator/artifacts/bin/Microsoft.TypeSpec.Generator.ClientModel.Tests/Debug/net8.0/Microsoft.TypeSpec.Generator.ClientModel.Tests.dll" adapterTypeName="executor://nunit3testexecutor/" className="Microsoft.TypeSpec.Generator.ClientModel.Tests.Providers.ScmMethodProviderCollectionTests" name="ConvenienceMethodsHaveOptionalCancellationToken(Microsoft.TypeSpec.Generator.Input.InputBasicServiceMethod)" />
    </UnitTest>
    <UnitTest name="RoundTripWithModelReaderWriterNonGeneric(&quot;J&quot;)" storage="/home/runner/work/typespec/typespec/packages/http-client-csharp/generator/artifacts/bin/microsoft.typespec.generator.clientmodel.tests/debug/net8.0/microsoft.typespec.generator.clientmodel.tests.dll" id="95e5529b-4329-e8dc-eeed-d78a8fcdab90">
      <Execution id="5d5786fa-5a45-409d-97e1-de3cb0155222" />
      <TestMethod codeBase="/home/runner/work/typespec/typespec/packages/http-client-csharp/generator/artifacts/bin/Microsoft.TypeSpec.Generator.ClientModel.Tests/Debug/net8.0/Microsoft.TypeSpec.Generator.ClientModel.Tests.dll" adapterTypeName="executor://nunit3testexecutor/" className="Microsoft.TypeSpec.Generator.ClientModel.Tests.ModelReaderWriterValidation.TestProjects.Sample_TypeSpec.ThingTests" name="RoundTripWithModelReaderWriterNonGeneric(&quot;J&quot;)" />
    </UnitTest>
    <UnitTest name="ValidateConvertToString(&quot;D&quot;,05/04/2020 00:00:00 +00:00,&quot;2020-05-04&quot;)" storage="/home/runner/work/typespec/typespec/packages/http-client-csharp/generator/artifacts/bin/microsoft.typespec.generator.clientmodel.tests/debug/net8.0/microsoft.typespec.generator.clientmodel.tests.dll" id="7f38df01-f099-1660-e545-044ff82cd7c2">
      <Execution id="a77f51c3-859e-463d-8e52-1bcc5badab42" />
      <TestMethod codeBase="/home/runner/work/typespec/typespec/packages/http-client-csharp/generator/artifacts/bin/Microsoft.TypeSpec.Generator.ClientModel.Tests/Debug/net8.0/Microsoft.TypeSpec.Generator.ClientModel.Tests.dll" adapterTypeName="executor://nunit3testexecutor/" className="Microsoft.TypeSpec.Generator.ClientModel.Tests.Providers.TypeFormatterTests" name="ValidateConvertToString(&quot;D&quot;,05/04/2020 00:00:00 +00:00,&quot;2020-05-04&quot;)" />
    </UnitTest>
    <UnitTest name="TestBuildFields(System.Collections.Generic.List`1[Microsoft.TypeSpec.Generator.Input.InputParameter],System.Collections.Generic.List`1[Microsoft.TypeSpec.Generator.ClientModel.Tests.Providers.ClientProviders.ClientProviderTests+ExpectedFieldProvider])" storage="/home/runner/work/typespec/typespec/packages/http-client-csharp/generator/artifacts/bin/microsoft.typespec.generator.clientmodel.tests/debug/net8.0/microsoft.typespec.generator.clientmodel.tests.dll" id="955cd9c5-d10e-23d7-8d60-ef62fae1fbcc">
      <Execution id="dd5520cd-f56f-4d4d-bd3e-d7f15c1d8fa6" />
      <TestMethod codeBase="/home/runner/work/typespec/typespec/packages/http-client-csharp/generator/artifacts/bin/Microsoft.TypeSpec.Generator.ClientModel.Tests/Debug/net8.0/Microsoft.TypeSpec.Generator.ClientModel.Tests.dll" adapterTypeName="executor://nunit3testexecutor/" className="Microsoft.TypeSpec.Generator.ClientModel.Tests.Providers.ClientProviders.ClientProviderTests" name="TestBuildFields(System.Collections.Generic.List`1[Microsoft.TypeSpec.Generator.Input.InputParameter],System.Collections.Generic.List`1[Microsoft.TypeSpec.Generator.ClientModel.Tests.Providers.ClientProviders.ClientProviderTests+ExpectedFieldProvider])" />
    </UnitTest>
    <UnitTest name="ValidateIsLastNamespaceSegmentTheSame(&quot;.Foo&quot;,&quot;Foo&quot;)" storage="/home/runner/work/typespec/typespec/packages/http-client-csharp/generator/artifacts/bin/microsoft.typespec.generator.clientmodel.tests/debug/net8.0/microsoft.typespec.generator.clientmodel.tests.dll" id="a0a3d471-9d79-b0a8-66e1-fb0ed7fc56be">
      <Execution id="a2377589-372b-40b9-a2f3-23d2d6f6461f" />
      <TestMethod codeBase="/home/runner/work/typespec/typespec/packages/http-client-csharp/generator/artifacts/bin/Microsoft.TypeSpec.Generator.ClientModel.Tests/Debug/net8.0/Microsoft.TypeSpec.Generator.ClientModel.Tests.dll" adapterTypeName="executor://nunit3testexecutor/" className="Microsoft.TypeSpec.Generator.ClientModel.Tests.Providers.ClientProviders.ClientProviderTests" name="ValidateIsLastNamespaceSegmentTheSame(&quot;.Foo&quot;,&quot;Foo&quot;)" />
    </UnitTest>
    <UnitTest name="TestNestedTypes(True)" storage="/home/runner/work/typespec/typespec/packages/http-client-csharp/generator/artifacts/bin/microsoft.typespec.generator.clientmodel.tests/debug/net8.0/microsoft.typespec.generator.clientmodel.tests.dll" id="1eebbacd-bca6-3a8c-37b6-3e2efdecc729">
      <Execution id="a976ca58-7e7d-4b9d-808a-f6d6068792e9" />
      <TestMethod codeBase="/home/runner/work/typespec/typespec/packages/http-client-csharp/generator/artifacts/bin/Microsoft.TypeSpec.Generator.ClientModel.Tests/Debug/net8.0/Microsoft.TypeSpec.Generator.ClientModel.Tests.dll" adapterTypeName="executor://nunit3testexecutor/" className="Microsoft.TypeSpec.Generator.ClientModel.Tests.Providers.ClientOptionsProviderTests" name="TestNestedTypes(True)" />
    </UnitTest>
    <UnitTest name="ValidateConvertToString(&quot;D&quot;,[1, 2, 3],&quot;AQID&quot;)" storage="/home/runner/work/typespec/typespec/packages/http-client-csharp/generator/artifacts/bin/microsoft.typespec.generator.clientmodel.tests/debug/net8.0/microsoft.typespec.generator.clientmodel.tests.dll" id="b030cc08-927e-166a-c61c-0f77792a9336">
      <Execution id="0854539c-43a8-4b67-859e-25fc431a59e6" />
      <TestMethod codeBase="/home/runner/work/typespec/typespec/packages/http-client-csharp/generator/artifacts/bin/Microsoft.TypeSpec.Generator.ClientModel.Tests/Debug/net8.0/Microsoft.TypeSpec.Generator.ClientModel.Tests.dll" adapterTypeName="executor://nunit3testexecutor/" className="Microsoft.TypeSpec.Generator.ClientModel.Tests.Providers.TypeFormatterTests" name="ValidateConvertToString(&quot;D&quot;,[1, 2, 3],&quot;AQID&quot;)" />
    </UnitTest>
    <UnitTest name="HeaderParameterOptionality(True,True)" storage="/home/runner/work/typespec/typespec/packages/http-client-csharp/generator/artifacts/bin/microsoft.typespec.generator.clientmodel.tests/debug/net8.0/microsoft.typespec.generator.clientmodel.tests.dll" id="b0955da3-ce5b-b0b3-75ec-821ea063e503">
      <Execution id="07ce765a-2a0e-4132-a927-403933b3af6c" />
      <TestMethod codeBase="/home/runner/work/typespec/typespec/packages/http-client-csharp/generator/artifacts/bin/Microsoft.TypeSpec.Generator.ClientModel.Tests/Debug/net8.0/Microsoft.TypeSpec.Generator.ClientModel.Tests.dll" adapterTypeName="executor://nunit3testexecutor/" className="Microsoft.TypeSpec.Generator.ClientModel.Tests.Providers.RestClientProviders.RestClientProviderTests" name="HeaderParameterOptionality(True,True)" />
    </UnitTest>
    <UnitTest name="ResetThenAppendPath(&quot;http://localhost&quot;,&quot;/path/&quot;,&quot;http://localhost/path/&quot;)" storage="/home/runner/work/typespec/typespec/packages/http-client-csharp/generator/artifacts/bin/microsoft.typespec.generator.clientmodel.tests/debug/net8.0/microsoft.typespec.generator.clientmodel.tests.dll" id="442735ff-489f-a552-413b-c62743e9c691">
      <Execution id="7ff4380e-ff85-43b4-98aa-09609203864d" />
      <TestMethod codeBase="/home/runner/work/typespec/typespec/packages/http-client-csharp/generator/artifacts/bin/Microsoft.TypeSpec.Generator.ClientModel.Tests/Debug/net8.0/Microsoft.TypeSpec.Generator.ClientModel.Tests.dll" adapterTypeName="executor://nunit3testexecutor/" className="Microsoft.TypeSpec.Generator.ClientModel.Tests.Providers.ClientUriBuilderTests" name="ResetThenAppendPath(&quot;http://localhost&quot;,&quot;/path/&quot;,&quot;http://localhost/path/&quot;)" />
    </UnitTest>
    <UnitTest name="RoundTripWithModelReaderWriter(&quot;J&quot;)" storage="/home/runner/work/typespec/typespec/packages/http-client-csharp/generator/artifacts/bin/microsoft.typespec.generator.clientmodel.tests/debug/net8.0/microsoft.typespec.generator.clientmodel.tests.dll" id="ce3202ff-b814-8931-693c-9cdadf50e8a5">
      <Execution id="a519bf85-9573-4a3c-b14c-f43c500d3891" />
      <TestMethod codeBase="/home/runner/work/typespec/typespec/packages/http-client-csharp/generator/artifacts/bin/Microsoft.TypeSpec.Generator.ClientModel.Tests/Debug/net8.0/Microsoft.TypeSpec.Generator.ClientModel.Tests.dll" adapterTypeName="executor://nunit3testexecutor/" className="Microsoft.TypeSpec.Generator.ClientModel.Tests.ModelReaderWriterValidation.TestProjects.Sample_TypeSpec.RoundTripModelTests" name="RoundTripWithModelReaderWriter(&quot;J&quot;)" />
    </UnitTest>
    <UnitTest name="TestConstructors(True)" storage="/home/runner/work/typespec/typespec/packages/http-client-csharp/generator/artifacts/bin/microsoft.typespec.generator.clientmodel.tests/debug/net8.0/microsoft.typespec.generator.clientmodel.tests.dll" id="dd7e6866-8340-bf6e-eb04-ef29b1a07f97">
      <Execution id="209f59ff-a5d3-4277-8a7f-81b9608f8280" />
      <TestMethod codeBase="/home/runner/work/typespec/typespec/packages/http-client-csharp/generator/artifacts/bin/Microsoft.TypeSpec.Generator.ClientModel.Tests/Debug/net8.0/Microsoft.TypeSpec.Generator.ClientModel.Tests.dll" adapterTypeName="executor://nunit3testexecutor/" className="Microsoft.TypeSpec.Generator.ClientModel.Tests.Providers.ClientOptionsProviderTests" name="TestConstructors(True)" />
    </UnitTest>
    <UnitTest name="TestBuildPersistableModelCreateCoreMethod_DerivedType" storage="/home/runner/work/typespec/typespec/packages/http-client-csharp/generator/artifacts/bin/microsoft.typespec.generator.clientmodel.tests/debug/net8.0/microsoft.typespec.generator.clientmodel.tests.dll" id="860fe6c6-f4cf-3612-5ed7-a9bea3b42189">
      <Execution id="4e3bf4a7-476e-4505-8669-80ab61d7105f" />
      <TestMethod codeBase="/home/runner/work/typespec/typespec/packages/http-client-csharp/generator/artifacts/bin/Microsoft.TypeSpec.Generator.ClientModel.Tests/Debug/net8.0/Microsoft.TypeSpec.Generator.ClientModel.Tests.dll" adapterTypeName="executor://nunit3testexecutor/" className="Microsoft.TypeSpec.Generator.ClientModel.Tests.Providers.MrwSerializationTypeDefinitions.PersistableModelCoreTests" name="TestBuildPersistableModelCreateCoreMethod_DerivedType" />
    </UnitTest>
    <UnitTest name="ResetThenAppendPath(&quot;http://localhost:12345&quot;,&quot;path&quot;,&quot;http://localhost:12345/path&quot;)" storage="/home/runner/work/typespec/typespec/packages/http-client-csharp/generator/artifacts/bin/microsoft.typespec.generator.clientmodel.tests/debug/net8.0/microsoft.typespec.generator.clientmodel.tests.dll" id="762352be-2e5f-00ff-3b2e-3e465a79cd39">
      <Execution id="bf604694-81a5-43da-a28b-c372886524c7" />
      <TestMethod codeBase="/home/runner/work/typespec/typespec/packages/http-client-csharp/generator/artifacts/bin/Microsoft.TypeSpec.Generator.ClientModel.Tests/Debug/net8.0/Microsoft.TypeSpec.Generator.ClientModel.Tests.dll" adapterTypeName="executor://nunit3testexecutor/" className="Microsoft.TypeSpec.Generator.ClientModel.Tests.Providers.ClientUriBuilderTests" name="ResetThenAppendPath(&quot;http://localhost:12345&quot;,&quot;path&quot;,&quot;http://localhost:12345/path&quot;)" />
    </UnitTest>
    <UnitTest name="TestDefaultCSharpMethodCollection(Microsoft.TypeSpec.Generator.Input.InputBasicServiceMethod)" storage="/home/runner/work/typespec/typespec/packages/http-client-csharp/generator/artifacts/bin/microsoft.typespec.generator.clientmodel.tests/debug/net8.0/microsoft.typespec.generator.clientmodel.tests.dll" id="9dc477ec-e1a1-d66d-01b6-1f6f67046bad">
      <Execution id="6c11c508-7953-4614-ad7f-efdb0a30131b" />
      <TestMethod codeBase="/home/runner/work/typespec/typespec/packages/http-client-csharp/generator/artifacts/bin/Microsoft.TypeSpec.Generator.ClientModel.Tests/Debug/net8.0/Microsoft.TypeSpec.Generator.ClientModel.Tests.dll" adapterTypeName="executor://nunit3testexecutor/" className="Microsoft.TypeSpec.Generator.ClientModel.Tests.Providers.ScmMethodProviderCollectionTests" name="TestDefaultCSharpMethodCollection(Microsoft.TypeSpec.Generator.Input.InputBasicServiceMethod)" />
    </UnitTest>
    <UnitTest name="AppendPathDelimited_StringArray(&quot;http://localhost&quot;,[&quot;hello&quot;, &quot;world&quot;],&quot;.&quot;,False,&quot;http://localhost/hello.world&quot;)" storage="/home/runner/work/typespec/typespec/packages/http-client-csharp/generator/artifacts/bin/microsoft.typespec.generator.clientmodel.tests/debug/net8.0/microsoft.typespec.generator.clientmodel.tests.dll" id="67e8750c-0d0a-c477-eb48-6ae9f2c03135">
      <Execution id="78b96a75-e8c9-41af-bccd-d22b51e0525f" />
      <TestMethod codeBase="/home/runner/work/typespec/typespec/packages/http-client-csharp/generator/artifacts/bin/Microsoft.TypeSpec.Generator.ClientModel.Tests/Debug/net8.0/Microsoft.TypeSpec.Generator.ClientModel.Tests.dll" adapterTypeName="executor://nunit3testexecutor/" className="Microsoft.TypeSpec.Generator.ClientModel.Tests.Providers.ClientUriBuilderTests" name="AppendPathDelimited_StringArray(&quot;http://localhost&quot;,[&quot;hello&quot;, &quot;world&quot;],&quot;.&quot;,False,&quot;http://localhost/hello.world&quot;)" />
    </UnitTest>
    <UnitTest name="NoNextLinkOrContinuationTokenOfTAsync" storage="/home/runner/work/typespec/typespec/packages/http-client-csharp/generator/artifacts/bin/microsoft.typespec.generator.clientmodel.tests/debug/net8.0/microsoft.typespec.generator.clientmodel.tests.dll" id="d4e8a370-9b59-6ddd-5a28-e76f3ca89b62">
      <Execution id="d4316d2c-30be-4651-a764-ba3dfc6cb0a8" />
      <TestMethod codeBase="/home/runner/work/typespec/typespec/packages/http-client-csharp/generator/artifacts/bin/Microsoft.TypeSpec.Generator.ClientModel.Tests/Debug/net8.0/Microsoft.TypeSpec.Generator.ClientModel.Tests.dll" adapterTypeName="executor://nunit3testexecutor/" className="Microsoft.TypeSpec.Generator.ClientModel.Tests.Providers.CollectionResultDefinitions.ListPageableTests" name="NoNextLinkOrContinuationTokenOfTAsync" />
    </UnitTest>
    <UnitTest name="ValidateConvertToString(null,299792458L,&quot;299792458&quot;)" storage="/home/runner/work/typespec/typespec/packages/http-client-csharp/generator/artifacts/bin/microsoft.typespec.generator.clientmodel.tests/debug/net8.0/microsoft.typespec.generator.clientmodel.tests.dll" id="a0417d24-94d1-2703-f2aa-48245183ab9c">
      <Execution id="fd0eb746-9de9-4981-bd68-89ee0756ec7c" />
      <TestMethod codeBase="/home/runner/work/typespec/typespec/packages/http-client-csharp/generator/artifacts/bin/Microsoft.TypeSpec.Generator.ClientModel.Tests/Debug/net8.0/Microsoft.TypeSpec.Generator.ClientModel.Tests.dll" adapterTypeName="executor://nunit3testexecutor/" className="Microsoft.TypeSpec.Generator.ClientModel.Tests.Providers.TypeFormatterTests" name="ValidateConvertToString(null,299792458L,&quot;299792458&quot;)" />
    </UnitTest>
    <UnitTest name="AppendPath_DateTimeOffset(&quot;http://localhost&quot;,&quot;6/30/1905 1:14:00 PM +00:00&quot;,&quot;R&quot;,False,&quot;http://localhost/Fri, 30 Jun 1905 13:14:00 GMT&quot;)" storage="/home/runner/work/typespec/typespec/packages/http-client-csharp/generator/artifacts/bin/microsoft.typespec.generator.clientmodel.tests/debug/net8.0/microsoft.typespec.generator.clientmodel.tests.dll" id="10412a26-d271-3a10-699f-0019dcc2c02f">
      <Execution id="2ff94ed5-b6f9-439c-9657-1004805b3a57" />
      <TestMethod codeBase="/home/runner/work/typespec/typespec/packages/http-client-csharp/generator/artifacts/bin/Microsoft.TypeSpec.Generator.ClientModel.Tests/Debug/net8.0/Microsoft.TypeSpec.Generator.ClientModel.Tests.dll" adapterTypeName="executor://nunit3testexecutor/" className="Microsoft.TypeSpec.Generator.ClientModel.Tests.Providers.ClientUriBuilderTests" name="AppendPath_DateTimeOffset(&quot;http://localhost&quot;,&quot;6/30/1905 1:14:00 PM +00:00&quot;,&quot;R&quot;,False,&quot;http://localhost/Fri, 30 Jun 1905 13:14:00 GMT&quot;)" />
    </UnitTest>
    <UnitTest name="CanChangePropertyName" storage="/home/runner/work/typespec/typespec/packages/http-client-csharp/generator/artifacts/bin/microsoft.typespec.generator.clientmodel.tests/debug/net8.0/microsoft.typespec.generator.clientmodel.tests.dll" id="811a06d5-2f4e-bebd-c789-674c382a7929">
      <Execution id="85f29ba4-89e4-4ffc-a327-dc37afde1e8a" />
      <TestMethod codeBase="/home/runner/work/typespec/typespec/packages/http-client-csharp/generator/artifacts/bin/Microsoft.TypeSpec.Generator.ClientModel.Tests/Debug/net8.0/Microsoft.TypeSpec.Generator.ClientModel.Tests.dll" adapterTypeName="executor://nunit3testexecutor/" className="Microsoft.TypeSpec.Generator.ClientModel.Tests.Providers.MrwSerializationTypeDefinitions.ModelCustomizationTests" name="CanChangePropertyName" />
    </UnitTest>
    <UnitTest name="ResetThenAppendPath(&quot;http://localhost:12345/with&quot;,&quot;/path&quot;,&quot;http://localhost:12345/with/path&quot;)" storage="/home/runner/work/typespec/typespec/packages/http-client-csharp/generator/artifacts/bin/microsoft.typespec.generator.clientmodel.tests/debug/net8.0/microsoft.typespec.generator.clientmodel.tests.dll" id="14f15414-7ce9-a88d-2f2c-1edc373dc303">
      <Execution id="07703c67-9ca9-402c-8717-846fd99e813d" />
      <TestMethod codeBase="/home/runner/work/typespec/typespec/packages/http-client-csharp/generator/artifacts/bin/Microsoft.TypeSpec.Generator.ClientModel.Tests/Debug/net8.0/Microsoft.TypeSpec.Generator.ClientModel.Tests.dll" adapterTypeName="executor://nunit3testexecutor/" className="Microsoft.TypeSpec.Generator.ClientModel.Tests.Providers.ClientUriBuilderTests" name="ResetThenAppendPath(&quot;http://localhost:12345/with&quot;,&quot;/path&quot;,&quot;http://localhost:12345/with/path&quot;)" />
    </UnitTest>
    <UnitTest name="FormatsDatesAsString(&quot;O&quot;,12/31/9999 23:59:59 +00:00,&quot;9999-12-31T23:59:59.9999999Z&quot;)" storage="/home/runner/work/typespec/typespec/packages/http-client-csharp/generator/artifacts/bin/microsoft.typespec.generator.clientmodel.tests/debug/net8.0/microsoft.typespec.generator.clientmodel.tests.dll" id="41ebbba1-9e29-8cbf-57ae-582d5f80b59e">
      <Execution id="1a384b14-3ffa-4868-9704-794a6c120135" />
      <TestMethod codeBase="/home/runner/work/typespec/typespec/packages/http-client-csharp/generator/artifacts/bin/Microsoft.TypeSpec.Generator.ClientModel.Tests/Debug/net8.0/Microsoft.TypeSpec.Generator.ClientModel.Tests.dll" adapterTypeName="executor://nunit3testexecutor/" className="Microsoft.TypeSpec.Generator.ClientModel.Tests.Providers.TypeFormatterTests" name="FormatsDatesAsString(&quot;O&quot;,12/31/9999 23:59:59 +00:00,&quot;9999-12-31T23:59:59.9999999Z&quot;)" />
    </UnitTest>
    <UnitTest name="ResetThenAppendQuery(&quot;http://localhost/some&quot;,&quot;one|1|two|2&quot;,&quot;http://localhost/some?one=1&amp;two=2&quot;)" storage="/home/runner/work/typespec/typespec/packages/http-client-csharp/generator/artifacts/bin/microsoft.typespec.generator.clientmodel.tests/debug/net8.0/microsoft.typespec.generator.clientmodel.tests.dll" id="4b263b67-44cb-8b8f-e3e0-1151d2d64a6c">
      <Execution id="79542c9f-54fb-491a-a2aa-5f00bc5d83a0" />
      <TestMethod codeBase="/home/runner/work/typespec/typespec/packages/http-client-csharp/generator/artifacts/bin/Microsoft.TypeSpec.Generator.ClientModel.Tests/Debug/net8.0/Microsoft.TypeSpec.Generator.ClientModel.Tests.dll" adapterTypeName="executor://nunit3testexecutor/" className="Microsoft.TypeSpec.Generator.ClientModel.Tests.Providers.ClientUriBuilderTests" name="ResetThenAppendQuery(&quot;http://localhost/some&quot;,&quot;one|1|two|2&quot;,&quot;http://localhost/some?one=1&amp;two=2&quot;)" />
    </UnitTest>
    <UnitTest name="ResetThenAppendPathThenAppendQuery(&quot;http://localhost:12345&quot;,&quot;/some/&quot;,&quot;one|1&quot;,&quot;http://localhost:12345/some/?one=1&quot;)" storage="/home/runner/work/typespec/typespec/packages/http-client-csharp/generator/artifacts/bin/microsoft.typespec.generator.clientmodel.tests/debug/net8.0/microsoft.typespec.generator.clientmodel.tests.dll" id="a038b769-e4a5-816c-c60d-2cf3795b10fd">
      <Execution id="0b08a070-9ca9-4a8e-bdf4-8d4421237bf2" />
      <TestMethod codeBase="/home/runner/work/typespec/typespec/packages/http-client-csharp/generator/artifacts/bin/Microsoft.TypeSpec.Generator.ClientModel.Tests/Debug/net8.0/Microsoft.TypeSpec.Generator.ClientModel.Tests.dll" adapterTypeName="executor://nunit3testexecutor/" className="Microsoft.TypeSpec.Generator.ClientModel.Tests.Providers.ClientUriBuilderTests" name="ResetThenAppendPathThenAppendQuery(&quot;http://localhost:12345&quot;,&quot;/some/&quot;,&quot;one|1&quot;,&quot;http://localhost:12345/some/?one=1&quot;)" />
    </UnitTest>
    <UnitTest name="AppendPath_Int(&quot;http://localhost&quot;,299792458,True,&quot;http://localhost/299792458&quot;)" storage="/home/runner/work/typespec/typespec/packages/http-client-csharp/generator/artifacts/bin/microsoft.typespec.generator.clientmodel.tests/debug/net8.0/microsoft.typespec.generator.clientmodel.tests.dll" id="465ab36c-5b4a-6a04-9a83-83cbcfe4d8c7">
      <Execution id="880d2f7d-252f-4581-b1d3-31645330bbcf" />
      <TestMethod codeBase="/home/runner/work/typespec/typespec/packages/http-client-csharp/generator/artifacts/bin/Microsoft.TypeSpec.Generator.ClientModel.Tests/Debug/net8.0/Microsoft.TypeSpec.Generator.ClientModel.Tests.dll" adapterTypeName="executor://nunit3testexecutor/" className="Microsoft.TypeSpec.Generator.ClientModel.Tests.Providers.ClientUriBuilderTests" name="AppendPath_Int(&quot;http://localhost&quot;,299792458,True,&quot;http://localhost/299792458&quot;)" />
    </UnitTest>
    <UnitTest name="RoundTripWithModelInterface(&quot;J&quot;)" storage="/home/runner/work/typespec/typespec/packages/http-client-csharp/generator/artifacts/bin/microsoft.typespec.generator.clientmodel.tests/debug/net8.0/microsoft.typespec.generator.clientmodel.tests.dll" id="afbfe3bb-182e-d88f-133e-7ef3fc63c181">
      <Execution id="f0362f69-12f5-4664-bd52-bc29db995c20" />
      <TestMethod codeBase="/home/runner/work/typespec/typespec/packages/http-client-csharp/generator/artifacts/bin/Microsoft.TypeSpec.Generator.ClientModel.Tests/Debug/net8.0/Microsoft.TypeSpec.Generator.ClientModel.Tests.dll" adapterTypeName="executor://nunit3testexecutor/" className="Microsoft.TypeSpec.Generator.ClientModel.Tests.ModelReaderWriterValidation.TestProjects.Sample_TypeSpec.FriendTests" name="RoundTripWithModelInterface(&quot;J&quot;)" />
    </UnitTest>
    <UnitTest name="ValidateIsLastNamespaceSegmentTheSame(&quot;Foo&quot;,&quot;/Foo&quot;)" storage="/home/runner/work/typespec/typespec/packages/http-client-csharp/generator/artifacts/bin/microsoft.typespec.generator.clientmodel.tests/debug/net8.0/microsoft.typespec.generator.clientmodel.tests.dll" id="a6604334-c3da-4032-2d4c-e714d71d6226">
      <Execution id="63e25619-b8af-4cd2-b46e-d41597479dbd" />
      <TestMethod codeBase="/home/runner/work/typespec/typespec/packages/http-client-csharp/generator/artifacts/bin/Microsoft.TypeSpec.Generator.ClientModel.Tests/Debug/net8.0/Microsoft.TypeSpec.Generator.ClientModel.Tests.dll" adapterTypeName="executor://nunit3testexecutor/" className="Microsoft.TypeSpec.Generator.ClientModel.Tests.Providers.ClientProviders.ClientProviderTests" name="ValidateIsLastNamespaceSegmentTheSame(&quot;Foo&quot;,&quot;/Foo&quot;)" />
    </UnitTest>
    <UnitTest name="AppendQuery_DateTimeOffset(&quot;http://localhost&quot;,&quot;6/30/1905 1:14:00 PM +00:00&quot;,&quot;O&quot;,True,&quot;http://localhost/?query=1905-06-30T13%3A14%3A00.0000000Z&quot;)" storage="/home/runner/work/typespec/typespec/packages/http-client-csharp/generator/artifacts/bin/microsoft.typespec.generator.clientmodel.tests/debug/net8.0/microsoft.typespec.generator.clientmodel.tests.dll" id="0205f87e-48c5-9939-4e7f-5d740be0ddd9">
      <Execution id="f455775c-c3f3-4108-9547-8bdb83faf8ba" />
      <TestMethod codeBase="/home/runner/work/typespec/typespec/packages/http-client-csharp/generator/artifacts/bin/Microsoft.TypeSpec.Generator.ClientModel.Tests/Debug/net8.0/Microsoft.TypeSpec.Generator.ClientModel.Tests.dll" adapterTypeName="executor://nunit3testexecutor/" className="Microsoft.TypeSpec.Generator.ClientModel.Tests.Providers.ClientUriBuilderTests" name="AppendQuery_DateTimeOffset(&quot;http://localhost&quot;,&quot;6/30/1905 1:14:00 PM +00:00&quot;,&quot;O&quot;,True,&quot;http://localhost/?query=1905-06-30T13%3A14%3A00.0000000Z&quot;)" />
    </UnitTest>
    <UnitTest name="SubClientWithMultipleSubClients" storage="/home/runner/work/typespec/typespec/packages/http-client-csharp/generator/artifacts/bin/microsoft.typespec.generator.clientmodel.tests/debug/net8.0/microsoft.typespec.generator.clientmodel.tests.dll" id="304239fc-7054-9e5d-eba6-2bd02a709820">
      <Execution id="0b963242-681c-4c4b-a745-ded250b8e9d7" />
      <TestMethod codeBase="/home/runner/work/typespec/typespec/packages/http-client-csharp/generator/artifacts/bin/Microsoft.TypeSpec.Generator.ClientModel.Tests/Debug/net8.0/Microsoft.TypeSpec.Generator.ClientModel.Tests.dll" adapterTypeName="executor://nunit3testexecutor/" className="Microsoft.TypeSpec.Generator.ClientModel.Tests.Providers.ClientProviders.ClientProviderSubClientTests" name="SubClientWithMultipleSubClients" />
    </UnitTest>
    <UnitTest name="ListMethodsAreRenamedToGet" storage="/home/runner/work/typespec/typespec/packages/http-client-csharp/generator/artifacts/bin/microsoft.typespec.generator.clientmodel.tests/debug/net8.0/microsoft.typespec.generator.clientmodel.tests.dll" id="7f634d4b-27ed-9ff9-784d-d68a8b9fe380">
      <Execution id="bfbf788f-88c7-405b-9642-6c4345b534dc" />
      <TestMethod codeBase="/home/runner/work/typespec/typespec/packages/http-client-csharp/generator/artifacts/bin/Microsoft.TypeSpec.Generator.ClientModel.Tests/Debug/net8.0/Microsoft.TypeSpec.Generator.ClientModel.Tests.dll" adapterTypeName="executor://nunit3testexecutor/" className="Microsoft.TypeSpec.Generator.ClientModel.Tests.Providers.ClientProviders.ClientProviderTests" name="ListMethodsAreRenamedToGet" />
    </UnitTest>
    <UnitTest name="NextLinkInHeader" storage="/home/runner/work/typespec/typespec/packages/http-client-csharp/generator/artifacts/bin/microsoft.typespec.generator.clientmodel.tests/debug/net8.0/microsoft.typespec.generator.clientmodel.tests.dll" id="b4007647-38ed-a41c-6e85-a9dbf46fa5bf">
      <Execution id="196ac131-bacb-476e-bb9c-a6551194c456" />
      <TestMethod codeBase="/home/runner/work/typespec/typespec/packages/http-client-csharp/generator/artifacts/bin/Microsoft.TypeSpec.Generator.ClientModel.Tests/Debug/net8.0/Microsoft.TypeSpec.Generator.ClientModel.Tests.dll" adapterTypeName="executor://nunit3testexecutor/" className="Microsoft.TypeSpec.Generator.ClientModel.Tests.Providers.CollectionResultDefinitions.NextLinkTests" name="NextLinkInHeader" />
    </UnitTest>
    <UnitTest name="TestIntSerializationStatement(SafeInt,&quot;string&quot;)" storage="/home/runner/work/typespec/typespec/packages/http-client-csharp/generator/artifacts/bin/microsoft.typespec.generator.clientmodel.tests/debug/net8.0/microsoft.typespec.generator.clientmodel.tests.dll" id="77bc6e3f-5d9f-dd2e-7e9a-08f79f19bcfe">
      <Execution id="059a2a14-095d-4cfe-bbc2-9517d5e171cb" />
      <TestMethod codeBase="/home/runner/work/typespec/typespec/packages/http-client-csharp/generator/artifacts/bin/Microsoft.TypeSpec.Generator.ClientModel.Tests/Debug/net8.0/Microsoft.TypeSpec.Generator.ClientModel.Tests.dll" adapterTypeName="executor://nunit3testexecutor/" className="Microsoft.TypeSpec.Generator.ClientModel.Tests.Providers.MrwSerializationTypeDefinitions.MrwSerializationTypeDefinitionTests" name="TestIntSerializationStatement(SafeInt,&quot;string&quot;)" />
    </UnitTest>
    <UnitTest name="TestDeserializationStatement(Microsoft.TypeSpec.Generator.Input.InputModelProperty,True,False)" storage="/home/runner/work/typespec/typespec/packages/http-client-csharp/generator/artifacts/bin/microsoft.typespec.generator.clientmodel.tests/debug/net8.0/microsoft.typespec.generator.clientmodel.tests.dll" id="99c7137a-c4cc-c248-105c-3d4d4355e432">
      <Execution id="a47b92c8-743b-417f-85c5-0d7b70e875bb" />
      <TestMethod codeBase="/home/runner/work/typespec/typespec/packages/http-client-csharp/generator/artifacts/bin/Microsoft.TypeSpec.Generator.ClientModel.Tests/Debug/net8.0/Microsoft.TypeSpec.Generator.ClientModel.Tests.dll" adapterTypeName="executor://nunit3testexecutor/" className="Microsoft.TypeSpec.Generator.ClientModel.Tests.Providers.MrwSerializationTypeDefinitions.DeserializationTests" name="TestDeserializationStatement(Microsoft.TypeSpec.Generator.Input.InputModelProperty,True,False)" />
    </UnitTest>
    <UnitTest name="TestBuildPersistableModelCreateMethod" storage="/home/runner/work/typespec/typespec/packages/http-client-csharp/generator/artifacts/bin/microsoft.typespec.generator.clientmodel.tests/debug/net8.0/microsoft.typespec.generator.clientmodel.tests.dll" id="faf80909-a0ab-f142-10c5-3b6917abff3a">
      <Execution id="7e4f7a46-a8b8-4338-bc7e-97ec2965ec12" />
      <TestMethod codeBase="/home/runner/work/typespec/typespec/packages/http-client-csharp/generator/artifacts/bin/Microsoft.TypeSpec.Generator.ClientModel.Tests/Debug/net8.0/Microsoft.TypeSpec.Generator.ClientModel.Tests.dll" adapterTypeName="executor://nunit3testexecutor/" className="Microsoft.TypeSpec.Generator.ClientModel.Tests.Providers.MrwSerializationTypeDefinitions.MrwSerializationTypeDefinitionTests" name="TestBuildPersistableModelCreateMethod" />
    </UnitTest>
    <UnitTest name="TestEqualAfterConvertingToUtc(&quot;2020-05-04T03:02:01.1230000-08:00&quot;)" storage="/home/runner/work/typespec/typespec/packages/http-client-csharp/generator/artifacts/bin/microsoft.typespec.generator.clientmodel.tests/debug/net8.0/microsoft.typespec.generator.clientmodel.tests.dll" id="6ac21b09-6a82-496e-b35b-b25d2eeff3bd">
      <Execution id="951b0d72-01a2-47d8-b143-f3108530d1e5" />
      <TestMethod codeBase="/home/runner/work/typespec/typespec/packages/http-client-csharp/generator/artifacts/bin/Microsoft.TypeSpec.Generator.ClientModel.Tests/Debug/net8.0/Microsoft.TypeSpec.Generator.ClientModel.Tests.dll" adapterTypeName="executor://nunit3testexecutor/" className="Microsoft.TypeSpec.Generator.ClientModel.Tests.Providers.TypeFormatterTests" name="TestEqualAfterConvertingToUtc(&quot;2020-05-04T03:02:01.1230000-08:00&quot;)" />
    </UnitTest>
    <UnitTest name="RoundTripWithModelReaderWriter(&quot;W&quot;)" storage="/home/runner/work/typespec/typespec/packages/http-client-csharp/generator/artifacts/bin/microsoft.typespec.generator.clientmodel.tests/debug/net8.0/microsoft.typespec.generator.clientmodel.tests.dll" id="26fe1055-2113-22c2-6ca3-f104b331390f">
      <Execution id="d0b6af3e-196e-4d28-b6d4-530cd5051c6d" />
      <TestMethod codeBase="/home/runner/work/typespec/typespec/packages/http-client-csharp/generator/artifacts/bin/Microsoft.TypeSpec.Generator.ClientModel.Tests/Debug/net8.0/Microsoft.TypeSpec.Generator.ClientModel.Tests.dll" adapterTypeName="executor://nunit3testexecutor/" className="Microsoft.TypeSpec.Generator.ClientModel.Tests.ModelReaderWriterValidation.TestProjects.Sample_TypeSpec.FriendTests" name="RoundTripWithModelReaderWriter(&quot;W&quot;)" />
    </UnitTest>
    <UnitTest name="ValidateIsLastNamespaceSegmentTheSame(&quot;Bar.Foo&quot;,&quot;Foo&quot;)" storage="/home/runner/work/typespec/typespec/packages/http-client-csharp/generator/artifacts/bin/microsoft.typespec.generator.clientmodel.tests/debug/net8.0/microsoft.typespec.generator.clientmodel.tests.dll" id="0a9d26e0-52b5-9b8d-bb94-0a318551e657">
      <Execution id="ac2eca9a-be7c-4fe3-8ce5-eae2068516f6" />
      <TestMethod codeBase="/home/runner/work/typespec/typespec/packages/http-client-csharp/generator/artifacts/bin/Microsoft.TypeSpec.Generator.ClientModel.Tests/Debug/net8.0/Microsoft.TypeSpec.Generator.ClientModel.Tests.dll" adapterTypeName="executor://nunit3testexecutor/" className="Microsoft.TypeSpec.Generator.ClientModel.Tests.Providers.ClientProviders.ClientProviderTests" name="ValidateIsLastNamespaceSegmentTheSame(&quot;Bar.Foo&quot;,&quot;Foo&quot;)" />
    </UnitTest>
    <UnitTest name="RoundTripWithJsonInterfaceUtf8ReaderNonGeneric(&quot;W&quot;)" storage="/home/runner/work/typespec/typespec/packages/http-client-csharp/generator/artifacts/bin/microsoft.typespec.generator.clientmodel.tests/debug/net8.0/microsoft.typespec.generator.clientmodel.tests.dll" id="b30720bd-f140-b124-33ed-afa9a981ffb4">
      <Execution id="d9c986f3-d3c1-45ce-b0d5-ca4a4c6d98ed" />
      <TestMethod codeBase="/home/runner/work/typespec/typespec/packages/http-client-csharp/generator/artifacts/bin/Microsoft.TypeSpec.Generator.ClientModel.Tests/Debug/net8.0/Microsoft.TypeSpec.Generator.ClientModel.Tests.dll" adapterTypeName="executor://nunit3testexecutor/" className="Microsoft.TypeSpec.Generator.ClientModel.Tests.ModelReaderWriterValidation.TestProjects.Sample_TypeSpec.RoundTripModelTests" name="RoundTripWithJsonInterfaceUtf8ReaderNonGeneric(&quot;W&quot;)" />
    </UnitTest>
    <UnitTest name="TestDeserializationStatement(Microsoft.TypeSpec.Generator.Input.InputModelProperty,True,True)" storage="/home/runner/work/typespec/typespec/packages/http-client-csharp/generator/artifacts/bin/microsoft.typespec.generator.clientmodel.tests/debug/net8.0/microsoft.typespec.generator.clientmodel.tests.dll" id="f6efac3f-f379-a2b9-46b2-570f71626f9f">
      <Execution id="675da3e3-6fd3-4dfc-aa10-34d53ecef52e" />
      <TestMethod codeBase="/home/runner/work/typespec/typespec/packages/http-client-csharp/generator/artifacts/bin/Microsoft.TypeSpec.Generator.ClientModel.Tests/Debug/net8.0/Microsoft.TypeSpec.Generator.ClientModel.Tests.dll" adapterTypeName="executor://nunit3testexecutor/" className="Microsoft.TypeSpec.Generator.ClientModel.Tests.Providers.MrwSerializationTypeDefinitions.DeserializationTests" name="TestDeserializationStatement(Microsoft.TypeSpec.Generator.Input.InputModelProperty,True,True)" />
    </UnitTest>
    <UnitTest name="AppendPath_Bool(&quot;http://localhost&quot;,False,True,&quot;http://localhost/false&quot;)" storage="/home/runner/work/typespec/typespec/packages/http-client-csharp/generator/artifacts/bin/microsoft.typespec.generator.clientmodel.tests/debug/net8.0/microsoft.typespec.generator.clientmodel.tests.dll" id="f4244c06-7c13-2f72-fdd2-6d274b1695e1">
      <Execution id="074126eb-cd1c-449d-84b2-c209b02a9072" />
      <TestMethod codeBase="/home/runner/work/typespec/typespec/packages/http-client-csharp/generator/artifacts/bin/Microsoft.TypeSpec.Generator.ClientModel.Tests/Debug/net8.0/Microsoft.TypeSpec.Generator.ClientModel.Tests.dll" adapterTypeName="executor://nunit3testexecutor/" className="Microsoft.TypeSpec.Generator.ClientModel.Tests.Providers.ClientUriBuilderTests" name="AppendPath_Bool(&quot;http://localhost&quot;,False,True,&quot;http://localhost/false&quot;)" />
    </UnitTest>
    <UnitTest name="OptionalSnippet_IsCollectionDefined" storage="/home/runner/work/typespec/typespec/packages/http-client-csharp/generator/artifacts/bin/microsoft.typespec.generator.clientmodel.tests/debug/net8.0/microsoft.typespec.generator.clientmodel.tests.dll" id="b2543fe7-0c20-a3ef-8f08-d23e11184572">
      <Execution id="a74978a1-bc69-44a8-8fa1-4a58b2d33760" />
      <TestMethod codeBase="/home/runner/work/typespec/typespec/packages/http-client-csharp/generator/artifacts/bin/Microsoft.TypeSpec.Generator.ClientModel.Tests/Debug/net8.0/Microsoft.TypeSpec.Generator.ClientModel.Tests.dll" adapterTypeName="executor://nunit3testexecutor/" className="Microsoft.TypeSpec.Generator.ClientModel.Tests.TypedSnippetsTests" name="OptionalSnippet_IsCollectionDefined" />
    </UnitTest>
    <UnitTest name="ResetThenAppendPath(&quot;http://localhost:12345/&quot;,null,&quot;http://localhost:12345/&quot;)" storage="/home/runner/work/typespec/typespec/packages/http-client-csharp/generator/artifacts/bin/microsoft.typespec.generator.clientmodel.tests/debug/net8.0/microsoft.typespec.generator.clientmodel.tests.dll" id="01dea6c4-7d7e-b6c3-7af5-444e0351b58b">
      <Execution id="a640d6d0-a304-4d8c-b913-24c24ad76f07" />
      <TestMethod codeBase="/home/runner/work/typespec/typespec/packages/http-client-csharp/generator/artifacts/bin/Microsoft.TypeSpec.Generator.ClientModel.Tests/Debug/net8.0/Microsoft.TypeSpec.Generator.ClientModel.Tests.dll" adapterTypeName="executor://nunit3testexecutor/" className="Microsoft.TypeSpec.Generator.ClientModel.Tests.Providers.ClientUriBuilderTests" name="ResetThenAppendPath(&quot;http://localhost:12345/&quot;,null,&quot;http://localhost:12345/&quot;)" />
    </UnitTest>
    <UnitTest name="CanChangeListOfEnumPropToListOfExtensibleEnum" storage="/home/runner/work/typespec/typespec/packages/http-client-csharp/generator/artifacts/bin/microsoft.typespec.generator.clientmodel.tests/debug/net8.0/microsoft.typespec.generator.clientmodel.tests.dll" id="e9794e70-f218-ddcf-6de7-79e71cba8d18">
      <Execution id="7943d149-0d28-4d37-83ac-b9cf048dc799" />
      <TestMethod codeBase="/home/runner/work/typespec/typespec/packages/http-client-csharp/generator/artifacts/bin/Microsoft.TypeSpec.Generator.ClientModel.Tests/Debug/net8.0/Microsoft.TypeSpec.Generator.ClientModel.Tests.dll" adapterTypeName="executor://nunit3testexecutor/" className="Microsoft.TypeSpec.Generator.ClientModel.Tests.Providers.MrwSerializationTypeDefinitions.SerializationCustomizationTests" name="CanChangeListOfEnumPropToListOfExtensibleEnum" />
    </UnitTest>
    <UnitTest name="RoundTripWithModelInterface(&quot;W&quot;)" storage="/home/runner/work/typespec/typespec/packages/http-client-csharp/generator/artifacts/bin/microsoft.typespec.generator.clientmodel.tests/debug/net8.0/microsoft.typespec.generator.clientmodel.tests.dll" id="6d706680-b45d-6f73-58a0-c603a7578b64">
      <Execution id="527b3a5e-3d84-41ed-812e-0a8e2dbd2448" />
      <TestMethod codeBase="/home/runner/work/typespec/typespec/packages/http-client-csharp/generator/artifacts/bin/Microsoft.TypeSpec.Generator.ClientModel.Tests/Debug/net8.0/Microsoft.TypeSpec.Generator.ClientModel.Tests.dll" adapterTypeName="executor://nunit3testexecutor/" className="Microsoft.TypeSpec.Generator.ClientModel.Tests.ModelReaderWriterValidation.TestProjects.Sample_TypeSpec.ThingTests" name="RoundTripWithModelInterface(&quot;W&quot;)" />
    </UnitTest>
    <UnitTest name="TestBuildJsonModelWriteCoreMethod(True)" storage="/home/runner/work/typespec/typespec/packages/http-client-csharp/generator/artifacts/bin/microsoft.typespec.generator.clientmodel.tests/debug/net8.0/microsoft.typespec.generator.clientmodel.tests.dll" id="d8ad1cdb-36bd-5582-339d-c6f09eed2cdb">
      <Execution id="8312f190-11cb-445f-9bfa-70fa37c39ebd" />
      <TestMethod codeBase="/home/runner/work/typespec/typespec/packages/http-client-csharp/generator/artifacts/bin/Microsoft.TypeSpec.Generator.ClientModel.Tests/Debug/net8.0/Microsoft.TypeSpec.Generator.ClientModel.Tests.dll" adapterTypeName="executor://nunit3testexecutor/" className="Microsoft.TypeSpec.Generator.ClientModel.Tests.Providers.MrwSerializationTypeDefinitions.MrwSerializationTypeDefinitionTests" name="TestBuildJsonModelWriteCoreMethod(True)" />
    </UnitTest>
    <UnitTest name="AppendQuery_ByteArray(&quot;http://localhost&quot;,[104, 101, 108, 108, 111],&quot;D&quot;,True,&quot;http://localhost/?query=aGVsbG8%3D&quot;)" storage="/home/runner/work/typespec/typespec/packages/http-client-csharp/generator/artifacts/bin/microsoft.typespec.generator.clientmodel.tests/debug/net8.0/microsoft.typespec.generator.clientmodel.tests.dll" id="6809884e-bb17-d38a-6d12-ed43e639dc6c">
      <Execution id="7c0a0d16-e633-42a7-8893-eb3b01cf05a5" />
      <TestMethod codeBase="/home/runner/work/typespec/typespec/packages/http-client-csharp/generator/artifacts/bin/Microsoft.TypeSpec.Generator.ClientModel.Tests/Debug/net8.0/Microsoft.TypeSpec.Generator.ClientModel.Tests.dll" adapterTypeName="executor://nunit3testexecutor/" className="Microsoft.TypeSpec.Generator.ClientModel.Tests.Providers.ClientUriBuilderTests" name="AppendQuery_ByteArray(&quot;http://localhost&quot;,[104, 101, 108, 108, 111],&quot;D&quot;,True,&quot;http://localhost/?query=aGVsbG8%3D&quot;)" />
    </UnitTest>
    <UnitTest name="TestApiVersionPathParameterOfClient(Microsoft.TypeSpec.Generator.Input.InputClient)" storage="/home/runner/work/typespec/typespec/packages/http-client-csharp/generator/artifacts/bin/microsoft.typespec.generator.clientmodel.tests/debug/net8.0/microsoft.typespec.generator.clientmodel.tests.dll" id="4908d300-3005-e9cc-511e-30cb01b1991e">
      <Execution id="85d4cfe9-153a-454d-b9a4-2dba5ad021c4" />
      <TestMethod codeBase="/home/runner/work/typespec/typespec/packages/http-client-csharp/generator/artifacts/bin/Microsoft.TypeSpec.Generator.ClientModel.Tests/Debug/net8.0/Microsoft.TypeSpec.Generator.ClientModel.Tests.dll" adapterTypeName="executor://nunit3testexecutor/" className="Microsoft.TypeSpec.Generator.ClientModel.Tests.Providers.ClientProviders.ClientProviderTests" name="TestApiVersionPathParameterOfClient(Microsoft.TypeSpec.Generator.Input.InputClient)" />
    </UnitTest>
    <UnitTest name="CanCustomizePropertyUsingField(False)" storage="/home/runner/work/typespec/typespec/packages/http-client-csharp/generator/artifacts/bin/microsoft.typespec.generator.clientmodel.tests/debug/net8.0/microsoft.typespec.generator.clientmodel.tests.dll" id="58f6e8ea-1bd0-f4c2-4094-d3d6817aac02">
      <Execution id="6815c8a3-8819-4cf2-843e-8074f34fea88" />
      <TestMethod codeBase="/home/runner/work/typespec/typespec/packages/http-client-csharp/generator/artifacts/bin/Microsoft.TypeSpec.Generator.ClientModel.Tests/Debug/net8.0/Microsoft.TypeSpec.Generator.ClientModel.Tests.dll" adapterTypeName="executor://nunit3testexecutor/" className="Microsoft.TypeSpec.Generator.ClientModel.Tests.Providers.MrwSerializationTypeDefinitions.SerializationCustomizationTests" name="CanCustomizePropertyUsingField(False)" />
    </UnitTest>
    <UnitTest name="TestReadOnlyPropertiesHaveWireCheck(False)" storage="/home/runner/work/typespec/typespec/packages/http-client-csharp/generator/artifacts/bin/microsoft.typespec.generator.clientmodel.tests/debug/net8.0/microsoft.typespec.generator.clientmodel.tests.dll" id="2c34bca7-1fd3-05d4-21d5-d87dea8dd68d">
      <Execution id="bdba9129-fe76-4e94-8074-e6c9f408a470" />
      <TestMethod codeBase="/home/runner/work/typespec/typespec/packages/http-client-csharp/generator/artifacts/bin/Microsoft.TypeSpec.Generator.ClientModel.Tests/Debug/net8.0/Microsoft.TypeSpec.Generator.ClientModel.Tests.dll" adapterTypeName="executor://nunit3testexecutor/" className="Microsoft.TypeSpec.Generator.ClientModel.Tests.Providers.MrwSerializationTypeDefinitions.MrwSerializationTypeDefinitionTests" name="TestReadOnlyPropertiesHaveWireCheck(False)" />
    </UnitTest>
    <UnitTest name="TestExplicitFromClientResultNotGeneratedForNonRootOutputModel" storage="/home/runner/work/typespec/typespec/packages/http-client-csharp/generator/artifacts/bin/microsoft.typespec.generator.clientmodel.tests/debug/net8.0/microsoft.typespec.generator.clientmodel.tests.dll" id="a496a37b-8ec8-167e-6807-16ba86423d4c">
      <Execution id="656c0603-ed49-44bd-8815-2a55cc522f32" />
      <TestMethod codeBase="/home/runner/work/typespec/typespec/packages/http-client-csharp/generator/artifacts/bin/Microsoft.TypeSpec.Generator.ClientModel.Tests/Debug/net8.0/Microsoft.TypeSpec.Generator.ClientModel.Tests.dll" adapterTypeName="executor://nunit3testexecutor/" className="Microsoft.TypeSpec.Generator.ClientModel.Tests.Providers.MrwSerializationTypeDefinitions.MrwSerializationTypeDefinitionTests" name="TestExplicitFromClientResultNotGeneratedForNonRootOutputModel" />
    </UnitTest>
    <UnitTest name="NextLinkInHeaderOfTAsync" storage="/home/runner/work/typespec/typespec/packages/http-client-csharp/generator/artifacts/bin/microsoft.typespec.generator.clientmodel.tests/debug/net8.0/microsoft.typespec.generator.clientmodel.tests.dll" id="f2d9e943-a7b0-5d4d-e069-287247218fd9">
      <Execution id="ef3a03a2-61fa-4d08-9004-aae48953fe1c" />
      <TestMethod codeBase="/home/runner/work/typespec/typespec/packages/http-client-csharp/generator/artifacts/bin/Microsoft.TypeSpec.Generator.ClientModel.Tests/Debug/net8.0/Microsoft.TypeSpec.Generator.ClientModel.Tests.dll" adapterTypeName="executor://nunit3testexecutor/" className="Microsoft.TypeSpec.Generator.ClientModel.Tests.Providers.CollectionResultDefinitions.NextLinkTests" name="NextLinkInHeaderOfTAsync" />
    </UnitTest>
    <UnitTest name="AppendPath_DateTimeOffset(&quot;http://localhost&quot;,&quot;6/30/1905 1:14:00 PM +00:00&quot;,&quot;R&quot;,True,&quot;http://localhost/Fri%2C 30 Jun 1905 13%3A14%3A00 GMT&quot;)" storage="/home/runner/work/typespec/typespec/packages/http-client-csharp/generator/artifacts/bin/microsoft.typespec.generator.clientmodel.tests/debug/net8.0/microsoft.typespec.generator.clientmodel.tests.dll" id="fe7ed937-78c6-d70d-a862-2291212607dd">
      <Execution id="317f1d84-da62-493a-b30c-b19458139b8a" />
      <TestMethod codeBase="/home/runner/work/typespec/typespec/packages/http-client-csharp/generator/artifacts/bin/Microsoft.TypeSpec.Generator.ClientModel.Tests/Debug/net8.0/Microsoft.TypeSpec.Generator.ClientModel.Tests.dll" adapterTypeName="executor://nunit3testexecutor/" className="Microsoft.TypeSpec.Generator.ClientModel.Tests.Providers.ClientUriBuilderTests" name="AppendPath_DateTimeOffset(&quot;http://localhost&quot;,&quot;6/30/1905 1:14:00 PM +00:00&quot;,&quot;R&quot;,True,&quot;http://localhost/Fri%2C 30 Jun 1905 13%3A14%3A00 GMT&quot;)" />
    </UnitTest>
    <UnitTest name="AppendQuery_DateTimeOffset(&quot;http://localhost&quot;,&quot;6/30/1905 1:14:00 PM +00:00&quot;,&quot;O&quot;,False,&quot;http://localhost/?query=1905-06-30T13:14:00.0000000Z&quot;)" storage="/home/runner/work/typespec/typespec/packages/http-client-csharp/generator/artifacts/bin/microsoft.typespec.generator.clientmodel.tests/debug/net8.0/microsoft.typespec.generator.clientmodel.tests.dll" id="a2f1978d-dfb0-b64f-3caa-b3c6898cea1b">
      <Execution id="fa4a46a4-18fa-419c-9ec7-70d2a281ea91" />
      <TestMethod codeBase="/home/runner/work/typespec/typespec/packages/http-client-csharp/generator/artifacts/bin/Microsoft.TypeSpec.Generator.ClientModel.Tests/Debug/net8.0/Microsoft.TypeSpec.Generator.ClientModel.Tests.dll" adapterTypeName="executor://nunit3testexecutor/" className="Microsoft.TypeSpec.Generator.ClientModel.Tests.Providers.ClientUriBuilderTests" name="AppendQuery_DateTimeOffset(&quot;http://localhost&quot;,&quot;6/30/1905 1:14:00 PM +00:00&quot;,&quot;O&quot;,False,&quot;http://localhost/?query=1905-06-30T13:14:00.0000000Z&quot;)" />
    </UnitTest>
    <UnitTest name="AppendPath_TimeSpan(&quot;http://localhost&quot;,&quot;02:15:00&quot;,&quot;P&quot;,False,&quot;http://localhost/PT2H15M&quot;)" storage="/home/runner/work/typespec/typespec/packages/http-client-csharp/generator/artifacts/bin/microsoft.typespec.generator.clientmodel.tests/debug/net8.0/microsoft.typespec.generator.clientmodel.tests.dll" id="8c08e05c-b568-5eb3-8d0d-27975d397072">
      <Execution id="ce8ed211-12e7-4c84-b3ec-7d368366535e" />
      <TestMethod codeBase="/home/runner/work/typespec/typespec/packages/http-client-csharp/generator/artifacts/bin/Microsoft.TypeSpec.Generator.ClientModel.Tests/Debug/net8.0/Microsoft.TypeSpec.Generator.ClientModel.Tests.dll" adapterTypeName="executor://nunit3testexecutor/" className="Microsoft.TypeSpec.Generator.ClientModel.Tests.Providers.ClientUriBuilderTests" name="AppendPath_TimeSpan(&quot;http://localhost&quot;,&quot;02:15:00&quot;,&quot;P&quot;,False,&quot;http://localhost/PT2H15M&quot;)" />
    </UnitTest>
    <UnitTest name="ResetThenAppendQuery(&quot;http://localhost:12345&quot;,&quot;one|1|two|2&quot;,&quot;http://localhost:12345/?one=1&amp;two=2&quot;)" storage="/home/runner/work/typespec/typespec/packages/http-client-csharp/generator/artifacts/bin/microsoft.typespec.generator.clientmodel.tests/debug/net8.0/microsoft.typespec.generator.clientmodel.tests.dll" id="dcac7d6c-cddc-07ec-ade2-6b37b9b8f7b2">
      <Execution id="a22a39a6-0459-4cb7-81e7-b5fe9bf78431" />
      <TestMethod codeBase="/home/runner/work/typespec/typespec/packages/http-client-csharp/generator/artifacts/bin/Microsoft.TypeSpec.Generator.ClientModel.Tests/Debug/net8.0/Microsoft.TypeSpec.Generator.ClientModel.Tests.dll" adapterTypeName="executor://nunit3testexecutor/" className="Microsoft.TypeSpec.Generator.ClientModel.Tests.Providers.ClientUriBuilderTests" name="ResetThenAppendQuery(&quot;http://localhost:12345&quot;,&quot;one|1|two|2&quot;,&quot;http://localhost:12345/?one=1&amp;two=2&quot;)" />
    </UnitTest>
    <UnitTest name="ResetThenAppendQueryThenAppendPath(&quot;http://localhost:12345&quot;,&quot;some/&quot;,&quot;one|1&quot;,&quot;http://localhost:12345/some/?one=1&quot;)" storage="/home/runner/work/typespec/typespec/packages/http-client-csharp/generator/artifacts/bin/microsoft.typespec.generator.clientmodel.tests/debug/net8.0/microsoft.typespec.generator.clientmodel.tests.dll" id="6820eb44-0158-2a73-f0b8-2a4c254b1834">
      <Execution id="40900d42-6913-4c94-b1d2-fcc125136377" />
      <TestMethod codeBase="/home/runner/work/typespec/typespec/packages/http-client-csharp/generator/artifacts/bin/Microsoft.TypeSpec.Generator.ClientModel.Tests/Debug/net8.0/Microsoft.TypeSpec.Generator.ClientModel.Tests.dll" adapterTypeName="executor://nunit3testexecutor/" className="Microsoft.TypeSpec.Generator.ClientModel.Tests.Providers.ClientUriBuilderTests" name="ResetThenAppendQueryThenAppendPath(&quot;http://localhost:12345&quot;,&quot;some/&quot;,&quot;one|1&quot;,&quot;http://localhost:12345/some/?one=1&quot;)" />
    </UnitTest>
    <UnitTest name="AppendPath_DateTimeOffset(&quot;http://localhost&quot;,&quot;6/30/1905 1:14:00 PM +00:00&quot;,&quot;D&quot;,False,&quot;http://localhost/1905-06-30&quot;)" storage="/home/runner/work/typespec/typespec/packages/http-client-csharp/generator/artifacts/bin/microsoft.typespec.generator.clientmodel.tests/debug/net8.0/microsoft.typespec.generator.clientmodel.tests.dll" id="784d2949-b6cc-e747-60b8-a29afed1681f">
      <Execution id="c864ce5e-ded2-4b3b-8b3d-92e59a6d4f61" />
      <TestMethod codeBase="/home/runner/work/typespec/typespec/packages/http-client-csharp/generator/artifacts/bin/Microsoft.TypeSpec.Generator.ClientModel.Tests/Debug/net8.0/Microsoft.TypeSpec.Generator.ClientModel.Tests.dll" adapterTypeName="executor://nunit3testexecutor/" className="Microsoft.TypeSpec.Generator.ClientModel.Tests.Providers.ClientUriBuilderTests" name="AppendPath_DateTimeOffset(&quot;http://localhost&quot;,&quot;6/30/1905 1:14:00 PM +00:00&quot;,&quot;D&quot;,False,&quot;http://localhost/1905-06-30&quot;)" />
    </UnitTest>
    <UnitTest name="TestGetSpreadParameterModel(Microsoft.TypeSpec.Generator.Input.InputParameter)" storage="/home/runner/work/typespec/typespec/packages/http-client-csharp/generator/artifacts/bin/microsoft.typespec.generator.clientmodel.tests/debug/net8.0/microsoft.typespec.generator.clientmodel.tests.dll" id="82207889-87a9-6e80-2186-6759c95c8d6f">
      <Execution id="cc9d886d-20d1-4ac5-9af7-b47822203361" />
      <TestMethod codeBase="/home/runner/work/typespec/typespec/packages/http-client-csharp/generator/artifacts/bin/Microsoft.TypeSpec.Generator.ClientModel.Tests/Debug/net8.0/Microsoft.TypeSpec.Generator.ClientModel.Tests.dll" adapterTypeName="executor://nunit3testexecutor/" className="Microsoft.TypeSpec.Generator.ClientModel.Tests.Providers.RestClientProviders.RestClientProviderTests" name="TestGetSpreadParameterModel(Microsoft.TypeSpec.Generator.Input.InputParameter)" />
    </UnitTest>
    <UnitTest name="ValidateConstructorsWhenUnsupportedAuth" storage="/home/runner/work/typespec/typespec/packages/http-client-csharp/generator/artifacts/bin/microsoft.typespec.generator.clientmodel.tests/debug/net8.0/microsoft.typespec.generator.clientmodel.tests.dll" id="f1ecba84-c4d2-f051-76ac-eebcd97d1a23">
      <Execution id="263adf81-63bb-4950-a0a0-837c1d828df0" />
      <TestMethod codeBase="/home/runner/work/typespec/typespec/packages/http-client-csharp/generator/artifacts/bin/Microsoft.TypeSpec.Generator.ClientModel.Tests/Debug/net8.0/Microsoft.TypeSpec.Generator.ClientModel.Tests.dll" adapterTypeName="executor://nunit3testexecutor/" className="Microsoft.TypeSpec.Generator.ClientModel.Tests.Providers.ClientProviders.ClientProviderTests" name="ValidateConstructorsWhenUnsupportedAuth" />
    </UnitTest>
    <UnitTest name="FormatsDatesAsJson(&quot;O&quot;,12/31/9999 23:59:59 +00:00,&quot;9999-12-31T23:59:59.9999999Z&quot;)" storage="/home/runner/work/typespec/typespec/packages/http-client-csharp/generator/artifacts/bin/microsoft.typespec.generator.clientmodel.tests/debug/net8.0/microsoft.typespec.generator.clientmodel.tests.dll" id="8ecd7c13-855a-e3bf-d91c-582f7181be86">
      <Execution id="af03c751-598f-427f-9d77-fea17e1ac6fe" />
      <TestMethod codeBase="/home/runner/work/typespec/typespec/packages/http-client-csharp/generator/artifacts/bin/Microsoft.TypeSpec.Generator.ClientModel.Tests/Debug/net8.0/Microsoft.TypeSpec.Generator.ClientModel.Tests.dll" adapterTypeName="executor://nunit3testexecutor/" className="Microsoft.TypeSpec.Generator.ClientModel.Tests.Providers.TypeFormatterTests" name="FormatsDatesAsJson(&quot;O&quot;,12/31/9999 23:59:59 +00:00,&quot;9999-12-31T23:59:59.9999999Z&quot;)" />
    </UnitTest>
    <UnitTest name="UnknownVariantIJsonModelTShouldBeBase" storage="/home/runner/work/typespec/typespec/packages/http-client-csharp/generator/artifacts/bin/microsoft.typespec.generator.clientmodel.tests/debug/net8.0/microsoft.typespec.generator.clientmodel.tests.dll" id="bde8deb8-2638-4788-e366-7bcab5567e69">
      <Execution id="873d2fc7-4935-45dd-9bb6-0edb3c7b02a3" />
      <TestMethod codeBase="/home/runner/work/typespec/typespec/packages/http-client-csharp/generator/artifacts/bin/Microsoft.TypeSpec.Generator.ClientModel.Tests/Debug/net8.0/Microsoft.TypeSpec.Generator.ClientModel.Tests.dll" adapterTypeName="executor://nunit3testexecutor/" className="Microsoft.TypeSpec.Generator.ClientModel.Tests.Providers.MrwSerializationTypeDefinitions.DiscriminatorTests" name="UnknownVariantIJsonModelTShouldBeBase" />
    </UnitTest>
    <UnitTest name="HeaderParameterOptionality(False,True)" storage="/home/runner/work/typespec/typespec/packages/http-client-csharp/generator/artifacts/bin/microsoft.typespec.generator.clientmodel.tests/debug/net8.0/microsoft.typespec.generator.clientmodel.tests.dll" id="2654aba6-2f33-6b4b-7f64-3307a5068802">
      <Execution id="cdc914c7-c910-41fb-8647-26cfe001fdc7" />
      <TestMethod codeBase="/home/runner/work/typespec/typespec/packages/http-client-csharp/generator/artifacts/bin/Microsoft.TypeSpec.Generator.ClientModel.Tests/Debug/net8.0/Microsoft.TypeSpec.Generator.ClientModel.Tests.dll" adapterTypeName="executor://nunit3testexecutor/" className="Microsoft.TypeSpec.Generator.ClientModel.Tests.Providers.RestClientProviders.RestClientProviderTests" name="HeaderParameterOptionality(False,True)" />
    </UnitTest>
    <UnitTest name="CanChangeEnumMemberName" storage="/home/runner/work/typespec/typespec/packages/http-client-csharp/generator/artifacts/bin/microsoft.typespec.generator.clientmodel.tests/debug/net8.0/microsoft.typespec.generator.clientmodel.tests.dll" id="1f6a65bf-9ff6-e05f-9e5f-5e7562d8b3ed">
      <Execution id="d93c6b7d-ac8d-4625-82d3-97d29384b320" />
      <TestMethod codeBase="/home/runner/work/typespec/typespec/packages/http-client-csharp/generator/artifacts/bin/Microsoft.TypeSpec.Generator.ClientModel.Tests/Debug/net8.0/Microsoft.TypeSpec.Generator.ClientModel.Tests.dll" adapterTypeName="executor://nunit3testexecutor/" className="Microsoft.TypeSpec.Generator.ClientModel.Tests.Providers.EnumProvider.SerializationCustomizationTests" name="CanChangeEnumMemberName" />
    </UnitTest>
    <UnitTest name="ResetThenAppendPathThenAppendQuery(&quot;http://localhost:12345&quot;,&quot;some/&quot;,&quot;one|1|two|2&quot;,&quot;http://localhost:12345/some/?one=1&amp;two=2&quot;)" storage="/home/runner/work/typespec/typespec/packages/http-client-csharp/generator/artifacts/bin/microsoft.typespec.generator.clientmodel.tests/debug/net8.0/microsoft.typespec.generator.clientmodel.tests.dll" id="b18428a6-357e-c689-d8bc-399f60aac534">
      <Execution id="63a76809-8a89-4cd3-9f35-23ddc24f3df8" />
      <TestMethod codeBase="/home/runner/work/typespec/typespec/packages/http-client-csharp/generator/artifacts/bin/Microsoft.TypeSpec.Generator.ClientModel.Tests/Debug/net8.0/Microsoft.TypeSpec.Generator.ClientModel.Tests.dll" adapterTypeName="executor://nunit3testexecutor/" className="Microsoft.TypeSpec.Generator.ClientModel.Tests.Providers.ClientUriBuilderTests" name="ResetThenAppendPathThenAppendQuery(&quot;http://localhost:12345&quot;,&quot;some/&quot;,&quot;one|1|two|2&quot;,&quot;http://localhost:12345/some/?one=1&amp;two=2&quot;)" />
    </UnitTest>
    <UnitTest name="AppendPathDelimited_IntArray(&quot;http://localhost&quot;,[4, 5],&quot;,&quot;,True,&quot;http://localhost/4%2C5&quot;)" storage="/home/runner/work/typespec/typespec/packages/http-client-csharp/generator/artifacts/bin/microsoft.typespec.generator.clientmodel.tests/debug/net8.0/microsoft.typespec.generator.clientmodel.tests.dll" id="0d123650-c101-9c90-42a1-fa59bbf35a9d">
      <Execution id="9e5f6b67-922b-4ed1-81a3-139612064be6" />
      <TestMethod codeBase="/home/runner/work/typespec/typespec/packages/http-client-csharp/generator/artifacts/bin/Microsoft.TypeSpec.Generator.ClientModel.Tests/Debug/net8.0/Microsoft.TypeSpec.Generator.ClientModel.Tests.dll" adapterTypeName="executor://nunit3testexecutor/" className="Microsoft.TypeSpec.Generator.ClientModel.Tests.Providers.ClientUriBuilderTests" name="AppendPathDelimited_IntArray(&quot;http://localhost&quot;,[4, 5],&quot;,&quot;,True,&quot;http://localhost/4%2C5&quot;)" />
    </UnitTest>
    <UnitTest name="ValidateConvertToString(null,[&quot;a&quot;, &quot;b&quot;],&quot;a,b&quot;)" storage="/home/runner/work/typespec/typespec/packages/http-client-csharp/generator/artifacts/bin/microsoft.typespec.generator.clientmodel.tests/debug/net8.0/microsoft.typespec.generator.clientmodel.tests.dll" id="1d4780a7-4d27-ef6c-25c5-cce5511c2a1c">
      <Execution id="d831a2c9-9248-43ab-b0ab-1186644f285e" />
      <TestMethod codeBase="/home/runner/work/typespec/typespec/packages/http-client-csharp/generator/artifacts/bin/Microsoft.TypeSpec.Generator.ClientModel.Tests/Debug/net8.0/Microsoft.TypeSpec.Generator.ClientModel.Tests.dll" adapterTypeName="executor://nunit3testexecutor/" className="Microsoft.TypeSpec.Generator.ClientModel.Tests.Providers.TypeFormatterTests" name="ValidateConvertToString(null,[&quot;a&quot;, &quot;b&quot;],&quot;a,b&quot;)" />
    </UnitTest>
    <UnitTest name="ValidateAllClientResponseClassifiers" storage="/home/runner/work/typespec/typespec/packages/http-client-csharp/generator/artifacts/bin/microsoft.typespec.generator.clientmodel.tests/debug/net8.0/microsoft.typespec.generator.clientmodel.tests.dll" id="7d6988ed-c769-4037-dc1c-9fa54886bdc8">
      <Execution id="701b6669-98ff-4af5-aa6c-51532d54dd8c" />
      <TestMethod codeBase="/home/runner/work/typespec/typespec/packages/http-client-csharp/generator/artifacts/bin/Microsoft.TypeSpec.Generator.ClientModel.Tests/Debug/net8.0/Microsoft.TypeSpec.Generator.ClientModel.Tests.dll" adapterTypeName="executor://nunit3testexecutor/" className="Microsoft.TypeSpec.Generator.ClientModel.Tests.Providers.RestClientProviders.RestClientProviderTests" name="ValidateAllClientResponseClassifiers" />
    </UnitTest>
    <UnitTest name="RoundTripWithModelReaderWriter(&quot;J&quot;)" storage="/home/runner/work/typespec/typespec/packages/http-client-csharp/generator/artifacts/bin/microsoft.typespec.generator.clientmodel.tests/debug/net8.0/microsoft.typespec.generator.clientmodel.tests.dll" id="2e7b08ab-c8fd-c1df-cb2f-8157e0c92849">
      <Execution id="8c87b42b-ded3-4b03-8e1f-7468433ae085" />
      <TestMethod codeBase="/home/runner/work/typespec/typespec/packages/http-client-csharp/generator/artifacts/bin/Microsoft.TypeSpec.Generator.ClientModel.Tests/Debug/net8.0/Microsoft.TypeSpec.Generator.ClientModel.Tests.dll" adapterTypeName="executor://nunit3testexecutor/" className="Microsoft.TypeSpec.Generator.ClientModel.Tests.ModelReaderWriterValidation.TestProjects.Sample_TypeSpec.ThingWithNullsTests" name="RoundTripWithModelReaderWriter(&quot;J&quot;)" />
    </UnitTest>
    <UnitTest name="CanReplaceDeserializationMethod" storage="/home/runner/work/typespec/typespec/packages/http-client-csharp/generator/artifacts/bin/microsoft.typespec.generator.clientmodel.tests/debug/net8.0/microsoft.typespec.generator.clientmodel.tests.dll" id="e133adb7-5032-7457-3f42-f37dc0456f83">
      <Execution id="41ce1bb8-b6b3-4d94-bf4e-439c975d0f76" />
      <TestMethod codeBase="/home/runner/work/typespec/typespec/packages/http-client-csharp/generator/artifacts/bin/Microsoft.TypeSpec.Generator.ClientModel.Tests/Debug/net8.0/Microsoft.TypeSpec.Generator.ClientModel.Tests.dll" adapterTypeName="executor://nunit3testexecutor/" className="Microsoft.TypeSpec.Generator.ClientModel.Tests.Providers.MrwSerializationTypeDefinitions.SerializationCustomizationTests" name="CanReplaceDeserializationMethod" />
    </UnitTest>
    <UnitTest name="ResetThenAppendQueryThenAppendPath(&quot;http://localhost/&quot;,&quot;some/&quot;,&quot;one|1&quot;,&quot;http://localhost/some/?one=1&quot;)" storage="/home/runner/work/typespec/typespec/packages/http-client-csharp/generator/artifacts/bin/microsoft.typespec.generator.clientmodel.tests/debug/net8.0/microsoft.typespec.generator.clientmodel.tests.dll" id="38c2f9ba-1181-b216-c1a4-51a54f0113e2">
      <Execution id="84ba94bf-1c9f-4a4e-a52e-4dda08455abc" />
      <TestMethod codeBase="/home/runner/work/typespec/typespec/packages/http-client-csharp/generator/artifacts/bin/Microsoft.TypeSpec.Generator.ClientModel.Tests/Debug/net8.0/Microsoft.TypeSpec.Generator.ClientModel.Tests.dll" adapterTypeName="executor://nunit3testexecutor/" className="Microsoft.TypeSpec.Generator.ClientModel.Tests.Providers.ClientUriBuilderTests" name="ResetThenAppendQueryThenAppendPath(&quot;http://localhost/&quot;,&quot;some/&quot;,&quot;one|1&quot;,&quot;http://localhost/some/?one=1&quot;)" />
    </UnitTest>
    <UnitTest name="ContinuationTokenInBodyOfT" storage="/home/runner/work/typespec/typespec/packages/http-client-csharp/generator/artifacts/bin/microsoft.typespec.generator.clientmodel.tests/debug/net8.0/microsoft.typespec.generator.clientmodel.tests.dll" id="4c3b5503-f5e3-d0cf-7dea-df6a38426cca">
      <Execution id="4c3e8849-7585-460e-bfcf-65795d9b4aad" />
      <TestMethod codeBase="/home/runner/work/typespec/typespec/packages/http-client-csharp/generator/artifacts/bin/Microsoft.TypeSpec.Generator.ClientModel.Tests/Debug/net8.0/Microsoft.TypeSpec.Generator.ClientModel.Tests.dll" adapterTypeName="executor://nunit3testexecutor/" className="Microsoft.TypeSpec.Generator.ClientModel.Tests.Providers.CollectionResultDefinitions.ContinuationTokenTests" name="ContinuationTokenInBodyOfT" />
    </UnitTest>
    <UnitTest name="ResetThenAppendPath(&quot;http://localhost:12345/with&quot;,&quot;path&quot;,&quot;http://localhost:12345/withpath&quot;)" storage="/home/runner/work/typespec/typespec/packages/http-client-csharp/generator/artifacts/bin/microsoft.typespec.generator.clientmodel.tests/debug/net8.0/microsoft.typespec.generator.clientmodel.tests.dll" id="e977acff-c5d7-bca3-f3c9-af0a1964bc45">
      <Execution id="fa711d79-72c2-44f8-b5b3-ebc2c934e0d0" />
      <TestMethod codeBase="/home/runner/work/typespec/typespec/packages/http-client-csharp/generator/artifacts/bin/Microsoft.TypeSpec.Generator.ClientModel.Tests/Debug/net8.0/Microsoft.TypeSpec.Generator.ClientModel.Tests.dll" adapterTypeName="executor://nunit3testexecutor/" className="Microsoft.TypeSpec.Generator.ClientModel.Tests.Providers.ClientUriBuilderTests" name="ResetThenAppendPath(&quot;http://localhost:12345/with&quot;,&quot;path&quot;,&quot;http://localhost:12345/withpath&quot;)" />
    </UnitTest>
    <UnitTest name="ResetThenAppendPath(&quot;http://localhost:12345/&quot;,&quot;path&quot;,&quot;http://localhost:12345/path&quot;)" storage="/home/runner/work/typespec/typespec/packages/http-client-csharp/generator/artifacts/bin/microsoft.typespec.generator.clientmodel.tests/debug/net8.0/microsoft.typespec.generator.clientmodel.tests.dll" id="9028e4f8-46b1-79ea-0efe-f94680b13e65">
      <Execution id="024924c5-90e8-49c5-8af6-9d2044fe66ce" />
      <TestMethod codeBase="/home/runner/work/typespec/typespec/packages/http-client-csharp/generator/artifacts/bin/Microsoft.TypeSpec.Generator.ClientModel.Tests/Debug/net8.0/Microsoft.TypeSpec.Generator.ClientModel.Tests.dll" adapterTypeName="executor://nunit3testexecutor/" className="Microsoft.TypeSpec.Generator.ClientModel.Tests.Providers.ClientUriBuilderTests" name="ResetThenAppendPath(&quot;http://localhost:12345/&quot;,&quot;path&quot;,&quot;http://localhost:12345/path&quot;)" />
    </UnitTest>
    <UnitTest name="CanReplaceWriteMethod" storage="/home/runner/work/typespec/typespec/packages/http-client-csharp/generator/artifacts/bin/microsoft.typespec.generator.clientmodel.tests/debug/net8.0/microsoft.typespec.generator.clientmodel.tests.dll" id="188955b5-e156-d5fd-ccf1-ce70498d9a21">
      <Execution id="191baa78-ae93-42c2-8dd1-6f264c53fed2" />
      <TestMethod codeBase="/home/runner/work/typespec/typespec/packages/http-client-csharp/generator/artifacts/bin/Microsoft.TypeSpec.Generator.ClientModel.Tests/Debug/net8.0/Microsoft.TypeSpec.Generator.ClientModel.Tests.dll" adapterTypeName="executor://nunit3testexecutor/" className="Microsoft.TypeSpec.Generator.ClientModel.Tests.Providers.MrwSerializationTypeDefinitions.SerializationCustomizationTests" name="CanReplaceWriteMethod" />
    </UnitTest>
    <UnitTest name="TestEqualAfterConvertingToUtc(&quot;Mon, 04 May 2020 03:02:01&quot;)" storage="/home/runner/work/typespec/typespec/packages/http-client-csharp/generator/artifacts/bin/microsoft.typespec.generator.clientmodel.tests/debug/net8.0/microsoft.typespec.generator.clientmodel.tests.dll" id="58e7c7f4-792d-ea21-f736-0d57a96ac2e7">
      <Execution id="b50f0ac5-9e35-40d4-bc38-12b68f24ad43" />
      <TestMethod codeBase="/home/runner/work/typespec/typespec/packages/http-client-csharp/generator/artifacts/bin/Microsoft.TypeSpec.Generator.ClientModel.Tests/Debug/net8.0/Microsoft.TypeSpec.Generator.ClientModel.Tests.dll" adapterTypeName="executor://nunit3testexecutor/" className="Microsoft.TypeSpec.Generator.ClientModel.Tests.Providers.TypeFormatterTests" name="TestEqualAfterConvertingToUtc(&quot;Mon, 04 May 2020 03:02:01&quot;)" />
    </UnitTest>
    <UnitTest name="RequestBodyConstructedUsingBinaryContentHelpers(Microsoft.TypeSpec.Generator.Input.InputDictionaryType)" storage="/home/runner/work/typespec/typespec/packages/http-client-csharp/generator/artifacts/bin/microsoft.typespec.generator.clientmodel.tests/debug/net8.0/microsoft.typespec.generator.clientmodel.tests.dll" id="af973e0b-0b20-ed6d-59fa-0a71e4ffb6b7">
      <Execution id="54cb5926-9192-4b58-9b4e-03d3e0baed32" />
      <TestMethod codeBase="/home/runner/work/typespec/typespec/packages/http-client-csharp/generator/artifacts/bin/Microsoft.TypeSpec.Generator.ClientModel.Tests/Debug/net8.0/Microsoft.TypeSpec.Generator.ClientModel.Tests.dll" adapterTypeName="executor://nunit3testexecutor/" className="Microsoft.TypeSpec.Generator.ClientModel.Tests.Providers.ScmMethodProviderCollectionTests" name="RequestBodyConstructedUsingBinaryContentHelpers(Microsoft.TypeSpec.Generator.Input.InputDictionaryType)" />
    </UnitTest>
    <UnitTest name="RequestOptionsOptionality(True,True,False)" storage="/home/runner/work/typespec/typespec/packages/http-client-csharp/generator/artifacts/bin/microsoft.typespec.generator.clientmodel.tests/debug/net8.0/microsoft.typespec.generator.clientmodel.tests.dll" id="f6a95ba9-ac49-2e23-29ac-ce6ba5255c74">
      <Execution id="0304f8db-312a-425e-99f4-1c71f78f2070" />
      <TestMethod codeBase="/home/runner/work/typespec/typespec/packages/http-client-csharp/generator/artifacts/bin/Microsoft.TypeSpec.Generator.ClientModel.Tests/Debug/net8.0/Microsoft.TypeSpec.Generator.ClientModel.Tests.dll" adapterTypeName="executor://nunit3testexecutor/" className="Microsoft.TypeSpec.Generator.ClientModel.Tests.Providers.ScmMethodProviderCollectionTests" name="RequestOptionsOptionality(True,True,False)" />
    </UnitTest>
    <UnitTest name="TestResponseClassifierDuplication(Microsoft.TypeSpec.Generator.Input.InputClient)" storage="/home/runner/work/typespec/typespec/packages/http-client-csharp/generator/artifacts/bin/microsoft.typespec.generator.clientmodel.tests/debug/net8.0/microsoft.typespec.generator.clientmodel.tests.dll" id="0c40e391-1535-8784-1bfb-cedd28fd8a3d">
      <Execution id="fe0f2d34-6012-4700-a46f-d696ab5cbf2d" />
      <TestMethod codeBase="/home/runner/work/typespec/typespec/packages/http-client-csharp/generator/artifacts/bin/Microsoft.TypeSpec.Generator.ClientModel.Tests/Debug/net8.0/Microsoft.TypeSpec.Generator.ClientModel.Tests.dll" adapterTypeName="executor://nunit3testexecutor/" className="Microsoft.TypeSpec.Generator.ClientModel.Tests.Providers.RestClientProviders.RestClientProviderTests" name="TestResponseClassifierDuplication(Microsoft.TypeSpec.Generator.Input.InputClient)" />
    </UnitTest>
    <UnitTest name="ResetThenAppendQuery(&quot;http://localhost/&quot;,&quot;one|1|two|2&quot;,&quot;http://localhost/?one=1&amp;two=2&quot;)" storage="/home/runner/work/typespec/typespec/packages/http-client-csharp/generator/artifacts/bin/microsoft.typespec.generator.clientmodel.tests/debug/net8.0/microsoft.typespec.generator.clientmodel.tests.dll" id="407d0806-db6d-d0d8-dfd4-a56206ad652f">
      <Execution id="48d7ed93-5e41-48a7-9fdd-e7291850c4c8" />
      <TestMethod codeBase="/home/runner/work/typespec/typespec/packages/http-client-csharp/generator/artifacts/bin/Microsoft.TypeSpec.Generator.ClientModel.Tests/Debug/net8.0/Microsoft.TypeSpec.Generator.ClientModel.Tests.dll" adapterTypeName="executor://nunit3testexecutor/" className="Microsoft.TypeSpec.Generator.ClientModel.Tests.Providers.ClientUriBuilderTests" name="ResetThenAppendQuery(&quot;http://localhost/&quot;,&quot;one|1|two|2&quot;,&quot;http://localhost/?one=1&amp;two=2&quot;)" />
    </UnitTest>
    <UnitTest name="CanCustomizeFixedEnumString" storage="/home/runner/work/typespec/typespec/packages/http-client-csharp/generator/artifacts/bin/microsoft.typespec.generator.clientmodel.tests/debug/net8.0/microsoft.typespec.generator.clientmodel.tests.dll" id="19b337b2-8e0b-53c8-ca57-17065a170026">
      <Execution id="51bfbd88-b2cc-4a3d-a36d-91362f110982" />
      <TestMethod codeBase="/home/runner/work/typespec/typespec/packages/http-client-csharp/generator/artifacts/bin/Microsoft.TypeSpec.Generator.ClientModel.Tests/Debug/net8.0/Microsoft.TypeSpec.Generator.ClientModel.Tests.dll" adapterTypeName="executor://nunit3testexecutor/" className="Microsoft.TypeSpec.Generator.ClientModel.Tests.Providers.MrwSerializationTypeDefinitions.ModelCustomizationTests" name="CanCustomizeFixedEnumString" />
    </UnitTest>
    <UnitTest name="RoundTripWithJsonInterfaceOfT(&quot;W&quot;)" storage="/home/runner/work/typespec/typespec/packages/http-client-csharp/generator/artifacts/bin/microsoft.typespec.generator.clientmodel.tests/debug/net8.0/microsoft.typespec.generator.clientmodel.tests.dll" id="2ea0f092-6156-10d2-e7bd-00bd64638958">
      <Execution id="25a5f1dd-9f82-4ad1-892e-9acef1d5bdae" />
      <TestMethod codeBase="/home/runner/work/typespec/typespec/packages/http-client-csharp/generator/artifacts/bin/Microsoft.TypeSpec.Generator.ClientModel.Tests/Debug/net8.0/Microsoft.TypeSpec.Generator.ClientModel.Tests.dll" adapterTypeName="executor://nunit3testexecutor/" className="Microsoft.TypeSpec.Generator.ClientModel.Tests.ModelReaderWriterValidation.TestProjects.Sample_TypeSpec.FriendTests" name="RoundTripWithJsonInterfaceOfT(&quot;W&quot;)" />
    </UnitTest>
    <UnitTest name="RoundTripWithJsonInterfaceUtf8Reader(&quot;W&quot;)" storage="/home/runner/work/typespec/typespec/packages/http-client-csharp/generator/artifacts/bin/microsoft.typespec.generator.clientmodel.tests/debug/net8.0/microsoft.typespec.generator.clientmodel.tests.dll" id="1b80a92f-6ac7-cbc4-fc15-b43bba65e287">
      <Execution id="657ab88f-c650-4bbd-b014-24bdb74c9e28" />
      <TestMethod codeBase="/home/runner/work/typespec/typespec/packages/http-client-csharp/generator/artifacts/bin/Microsoft.TypeSpec.Generator.ClientModel.Tests/Debug/net8.0/Microsoft.TypeSpec.Generator.ClientModel.Tests.dll" adapterTypeName="executor://nunit3testexecutor/" className="Microsoft.TypeSpec.Generator.ClientModel.Tests.ModelReaderWriterValidation.TestProjects.Sample_TypeSpec.FriendTests" name="RoundTripWithJsonInterfaceUtf8Reader(&quot;W&quot;)" />
    </UnitTest>
    <UnitTest name="XmlDocsAreWritten" storage="/home/runner/work/typespec/typespec/packages/http-client-csharp/generator/artifacts/bin/microsoft.typespec.generator.clientmodel.tests/debug/net8.0/microsoft.typespec.generator.clientmodel.tests.dll" id="fdb81633-7b6e-81d1-a2ab-a47d6fb6831e">
      <Execution id="01613b06-fc92-422c-a0fc-819c1204a837" />
      <TestMethod codeBase="/home/runner/work/typespec/typespec/packages/http-client-csharp/generator/artifacts/bin/Microsoft.TypeSpec.Generator.ClientModel.Tests/Debug/net8.0/Microsoft.TypeSpec.Generator.ClientModel.Tests.dll" adapterTypeName="executor://nunit3testexecutor/" className="Microsoft.TypeSpec.Generator.ClientModel.Tests.Providers.ClientProviders.ClientProviderTests" name="XmlDocsAreWritten" />
    </UnitTest>
    <UnitTest name="ReadOnlyMemPropertyType" storage="/home/runner/work/typespec/typespec/packages/http-client-csharp/generator/artifacts/bin/microsoft.typespec.generator.clientmodel.tests/debug/net8.0/microsoft.typespec.generator.clientmodel.tests.dll" id="a09c5978-8741-f6db-4239-b7eb39a05af2">
      <Execution id="845d7d04-fdf0-47c1-962f-d07148d43a43" />
      <TestMethod codeBase="/home/runner/work/typespec/typespec/packages/http-client-csharp/generator/artifacts/bin/Microsoft.TypeSpec.Generator.ClientModel.Tests/Debug/net8.0/Microsoft.TypeSpec.Generator.ClientModel.Tests.dll" adapterTypeName="executor://nunit3testexecutor/" className="Microsoft.TypeSpec.Generator.ClientModel.Tests.Providers.MrwSerializationTypeDefinitions.SerializationCustomizationTests" name="ReadOnlyMemPropertyType" />
    </UnitTest>
    <UnitTest name="AppendPath_Long(&quot;http://localhost&quot;,299792458000000L,False,&quot;http://localhost/299792458000000&quot;)" storage="/home/runner/work/typespec/typespec/packages/http-client-csharp/generator/artifacts/bin/microsoft.typespec.generator.clientmodel.tests/debug/net8.0/microsoft.typespec.generator.clientmodel.tests.dll" id="e534c7f0-aa9f-7e58-f835-e09dd0e1c6e7">
      <Execution id="cb2bc7cd-94d8-4221-882d-7b938a045e56" />
      <TestMethod codeBase="/home/runner/work/typespec/typespec/packages/http-client-csharp/generator/artifacts/bin/Microsoft.TypeSpec.Generator.ClientModel.Tests/Debug/net8.0/Microsoft.TypeSpec.Generator.ClientModel.Tests.dll" adapterTypeName="executor://nunit3testexecutor/" className="Microsoft.TypeSpec.Generator.ClientModel.Tests.Providers.ClientUriBuilderTests" name="AppendPath_Long(&quot;http://localhost&quot;,299792458000000L,False,&quot;http://localhost/299792458000000&quot;)" />
    </UnitTest>
    <UnitTest name="RoundTripWithModelCast(&quot;W&quot;)" storage="/home/runner/work/typespec/typespec/packages/http-client-csharp/generator/artifacts/bin/microsoft.typespec.generator.clientmodel.tests/debug/net8.0/microsoft.typespec.generator.clientmodel.tests.dll" id="f10a25d3-6a4a-63bf-4df3-f288145b5270">
      <Execution id="041c873b-1c4f-4e38-912c-5b20d4ce6a1c" />
      <TestMethod codeBase="/home/runner/work/typespec/typespec/packages/http-client-csharp/generator/artifacts/bin/Microsoft.TypeSpec.Generator.ClientModel.Tests/Debug/net8.0/Microsoft.TypeSpec.Generator.ClientModel.Tests.dll" adapterTypeName="executor://nunit3testexecutor/" className="Microsoft.TypeSpec.Generator.ClientModel.Tests.ModelReaderWriterValidation.TestProjects.Sample_TypeSpec.RenamedModelTests" name="RoundTripWithModelCast(&quot;W&quot;)" />
    </UnitTest>
    <UnitTest name="AppendQuery_Float(&quot;http://localhost&quot;,-3.14f,True,&quot;http://localhost/?query=-3.14&quot;)" storage="/home/runner/work/typespec/typespec/packages/http-client-csharp/generator/artifacts/bin/microsoft.typespec.generator.clientmodel.tests/debug/net8.0/microsoft.typespec.generator.clientmodel.tests.dll" id="97ee7a8b-dbcc-21bb-9955-3f28e8302a4e">
      <Execution id="b9ee10c0-098f-4690-9399-61b6d18ba02b" />
      <TestMethod codeBase="/home/runner/work/typespec/typespec/packages/http-client-csharp/generator/artifacts/bin/Microsoft.TypeSpec.Generator.ClientModel.Tests/Debug/net8.0/Microsoft.TypeSpec.Generator.ClientModel.Tests.dll" adapterTypeName="executor://nunit3testexecutor/" className="Microsoft.TypeSpec.Generator.ClientModel.Tests.Providers.ClientUriBuilderTests" name="AppendQuery_Float(&quot;http://localhost&quot;,-3.14f,True,&quot;http://localhost/?query=-3.14&quot;)" />
    </UnitTest>
    <UnitTest name="AccessibilityOfMethodMatchesInputOperation(True)" storage="/home/runner/work/typespec/typespec/packages/http-client-csharp/generator/artifacts/bin/microsoft.typespec.generator.clientmodel.tests/debug/net8.0/microsoft.typespec.generator.clientmodel.tests.dll" id="d710050f-ea9d-4918-b90b-64d0c581aaa0">
      <Execution id="ae26bf5c-8390-4f8f-ad14-939a933636fd" />
      <TestMethod codeBase="/home/runner/work/typespec/typespec/packages/http-client-csharp/generator/artifacts/bin/Microsoft.TypeSpec.Generator.ClientModel.Tests/Debug/net8.0/Microsoft.TypeSpec.Generator.ClientModel.Tests.dll" adapterTypeName="executor://nunit3testexecutor/" className="Microsoft.TypeSpec.Generator.ClientModel.Tests.Providers.ClientProviders.ClientProviderTests" name="AccessibilityOfMethodMatchesInputOperation(True)" />
    </UnitTest>
    <UnitTest name="ResetThenAppendPath(&quot;http://localhost:12345&quot;,null,&quot;http://localhost:12345/&quot;)" storage="/home/runner/work/typespec/typespec/packages/http-client-csharp/generator/artifacts/bin/microsoft.typespec.generator.clientmodel.tests/debug/net8.0/microsoft.typespec.generator.clientmodel.tests.dll" id="5765d5cd-881c-0ebb-7c0e-e21a8ed03f0a">
      <Execution id="e744c6e0-f269-4711-b086-c73cec28ec63" />
      <TestMethod codeBase="/home/runner/work/typespec/typespec/packages/http-client-csharp/generator/artifacts/bin/Microsoft.TypeSpec.Generator.ClientModel.Tests/Debug/net8.0/Microsoft.TypeSpec.Generator.ClientModel.Tests.dll" adapterTypeName="executor://nunit3testexecutor/" className="Microsoft.TypeSpec.Generator.ClientModel.Tests.Providers.ClientUriBuilderTests" name="ResetThenAppendPath(&quot;http://localhost:12345&quot;,null,&quot;http://localhost:12345/&quot;)" />
    </UnitTest>
    <UnitTest name="ListMethodWithEnumParameter(False,Header)" storage="/home/runner/work/typespec/typespec/packages/http-client-csharp/generator/artifacts/bin/microsoft.typespec.generator.clientmodel.tests/debug/net8.0/microsoft.typespec.generator.clientmodel.tests.dll" id="ab54bdd7-dd50-11cb-626a-bab70cc89d7f">
      <Execution id="fc3904cd-1ede-4105-9dfd-9a09cead9dd4" />
      <TestMethod codeBase="/home/runner/work/typespec/typespec/packages/http-client-csharp/generator/artifacts/bin/Microsoft.TypeSpec.Generator.ClientModel.Tests/Debug/net8.0/Microsoft.TypeSpec.Generator.ClientModel.Tests.dll" adapterTypeName="executor://nunit3testexecutor/" className="Microsoft.TypeSpec.Generator.ClientModel.Tests.Providers.ScmMethodProviderCollectionTests" name="ListMethodWithEnumParameter(False,Header)" />
    </UnitTest>
    <UnitTest name="AccessibilityOfMethodMatchesInputOperation(False)" storage="/home/runner/work/typespec/typespec/packages/http-client-csharp/generator/artifacts/bin/microsoft.typespec.generator.clientmodel.tests/debug/net8.0/microsoft.typespec.generator.clientmodel.tests.dll" id="7d7d04ff-07f4-2928-7743-9094eb345a03">
      <Execution id="31745538-23d2-4d4a-9013-5f9934ee04a7" />
      <TestMethod codeBase="/home/runner/work/typespec/typespec/packages/http-client-csharp/generator/artifacts/bin/Microsoft.TypeSpec.Generator.ClientModel.Tests/Debug/net8.0/Microsoft.TypeSpec.Generator.ClientModel.Tests.dll" adapterTypeName="executor://nunit3testexecutor/" className="Microsoft.TypeSpec.Generator.ClientModel.Tests.Providers.ClientProviders.ClientProviderTests" name="AccessibilityOfMethodMatchesInputOperation(False)" />
    </UnitTest>
    <UnitTest name="JsonSerializerSnippet_Serialize" storage="/home/runner/work/typespec/typespec/packages/http-client-csharp/generator/artifacts/bin/microsoft.typespec.generator.clientmodel.tests/debug/net8.0/microsoft.typespec.generator.clientmodel.tests.dll" id="6b5ff9cc-ee85-4ae8-2c38-ea30386d4d31">
      <Execution id="31575443-9d65-4fc7-97bf-22f137f55462" />
      <TestMethod codeBase="/home/runner/work/typespec/typespec/packages/http-client-csharp/generator/artifacts/bin/Microsoft.TypeSpec.Generator.ClientModel.Tests/Debug/net8.0/Microsoft.TypeSpec.Generator.ClientModel.Tests.dll" adapterTypeName="executor://nunit3testexecutor/" className="Microsoft.TypeSpec.Generator.ClientModel.Tests.TypedSnippetsTests" name="JsonSerializerSnippet_Serialize" />
    </UnitTest>
    <UnitTest name="TestSubClientAccessorFactoryMethods(Microsoft.TypeSpec.Generator.Input.InputClient,True)" storage="/home/runner/work/typespec/typespec/packages/http-client-csharp/generator/artifacts/bin/microsoft.typespec.generator.clientmodel.tests/debug/net8.0/microsoft.typespec.generator.clientmodel.tests.dll" id="e7a2272b-a298-7d90-48b8-d8225bf3cf86">
      <Execution id="12f9bff6-0788-46bb-90a7-57c4ef1f06e3" />
      <TestMethod codeBase="/home/runner/work/typespec/typespec/packages/http-client-csharp/generator/artifacts/bin/Microsoft.TypeSpec.Generator.ClientModel.Tests/Debug/net8.0/Microsoft.TypeSpec.Generator.ClientModel.Tests.dll" adapterTypeName="executor://nunit3testexecutor/" className="Microsoft.TypeSpec.Generator.ClientModel.Tests.Providers.ClientProviders.ClientProviderTests" name="TestSubClientAccessorFactoryMethods(Microsoft.TypeSpec.Generator.Input.InputClient,True)" />
    </UnitTest>
    <UnitTest name="AppendPath_DateTimeOffset(&quot;http://localhost&quot;,&quot;6/30/1905 1:14:00 PM +00:00&quot;,&quot;U&quot;,True,&quot;http://localhost/-2035622760&quot;)" storage="/home/runner/work/typespec/typespec/packages/http-client-csharp/generator/artifacts/bin/microsoft.typespec.generator.clientmodel.tests/debug/net8.0/microsoft.typespec.generator.clientmodel.tests.dll" id="1a13e6b3-6678-3730-e073-876042334d75">
      <Execution id="8c3d3645-ac55-4f42-867b-d346ba10fe00" />
      <TestMethod codeBase="/home/runner/work/typespec/typespec/packages/http-client-csharp/generator/artifacts/bin/Microsoft.TypeSpec.Generator.ClientModel.Tests/Debug/net8.0/Microsoft.TypeSpec.Generator.ClientModel.Tests.dll" adapterTypeName="executor://nunit3testexecutor/" className="Microsoft.TypeSpec.Generator.ClientModel.Tests.Providers.ClientUriBuilderTests" name="AppendPath_DateTimeOffset(&quot;http://localhost&quot;,&quot;6/30/1905 1:14:00 PM +00:00&quot;,&quot;U&quot;,True,&quot;http://localhost/-2035622760&quot;)" />
    </UnitTest>
    <UnitTest name="RoundTripWithModelInterface(&quot;W&quot;)" storage="/home/runner/work/typespec/typespec/packages/http-client-csharp/generator/artifacts/bin/microsoft.typespec.generator.clientmodel.tests/debug/net8.0/microsoft.typespec.generator.clientmodel.tests.dll" id="17b44355-a286-c68e-0772-1ca3f99800c3">
      <Execution id="276c5103-d19c-4f10-a8f5-a315c85134b7" />
      <TestMethod codeBase="/home/runner/work/typespec/typespec/packages/http-client-csharp/generator/artifacts/bin/Microsoft.TypeSpec.Generator.ClientModel.Tests/Debug/net8.0/Microsoft.TypeSpec.Generator.ClientModel.Tests.dll" adapterTypeName="executor://nunit3testexecutor/" className="Microsoft.TypeSpec.Generator.ClientModel.Tests.ModelReaderWriterValidation.TestProjects.Sample_TypeSpec.RenamedModelTests" name="RoundTripWithModelInterface(&quot;W&quot;)" />
    </UnitTest>
    <UnitTest name="CanCustomizeEnumToFrameworkType" storage="/home/runner/work/typespec/typespec/packages/http-client-csharp/generator/artifacts/bin/microsoft.typespec.generator.clientmodel.tests/debug/net8.0/microsoft.typespec.generator.clientmodel.tests.dll" id="4da0d92a-1c6d-ea97-1f5b-a872acc44832">
      <Execution id="640c9b9f-4a52-4711-bdb1-259a50b53099" />
      <TestMethod codeBase="/home/runner/work/typespec/typespec/packages/http-client-csharp/generator/artifacts/bin/Microsoft.TypeSpec.Generator.ClientModel.Tests/Debug/net8.0/Microsoft.TypeSpec.Generator.ClientModel.Tests.dll" adapterTypeName="executor://nunit3testexecutor/" className="Microsoft.TypeSpec.Generator.ClientModel.Tests.Providers.MrwSerializationTypeDefinitions.ModelCustomizationTests" name="CanCustomizeEnumToFrameworkType" />
    </UnitTest>
    <UnitTest name="ValidateIsLastNamespaceSegmentTheSame(&quot;Foo&quot;,&quot;Bar._Foo&quot;)" storage="/home/runner/work/typespec/typespec/packages/http-client-csharp/generator/artifacts/bin/microsoft.typespec.generator.clientmodel.tests/debug/net8.0/microsoft.typespec.generator.clientmodel.tests.dll" id="60367087-2316-14c0-adc0-f0887c9790d8">
      <Execution id="cca30978-5e23-4649-87f0-ab21309b289c" />
      <TestMethod codeBase="/home/runner/work/typespec/typespec/packages/http-client-csharp/generator/artifacts/bin/Microsoft.TypeSpec.Generator.ClientModel.Tests/Debug/net8.0/Microsoft.TypeSpec.Generator.ClientModel.Tests.dll" adapterTypeName="executor://nunit3testexecutor/" className="Microsoft.TypeSpec.Generator.ClientModel.Tests.Providers.ClientProviders.ClientProviderTests" name="ValidateIsLastNamespaceSegmentTheSame(&quot;Foo&quot;,&quot;Bar._Foo&quot;)" />
    </UnitTest>
    <UnitTest name="ValidateClientWithAcceptHeader_ValuesDefinedAsEnum" storage="/home/runner/work/typespec/typespec/packages/http-client-csharp/generator/artifacts/bin/microsoft.typespec.generator.clientmodel.tests/debug/net8.0/microsoft.typespec.generator.clientmodel.tests.dll" id="5e6b1476-a892-09fa-249f-600b43aed7f9">
      <Execution id="ea435904-f59d-4bf6-8b6c-f825c52cf17d" />
      <TestMethod codeBase="/home/runner/work/typespec/typespec/packages/http-client-csharp/generator/artifacts/bin/Microsoft.TypeSpec.Generator.ClientModel.Tests/Debug/net8.0/Microsoft.TypeSpec.Generator.ClientModel.Tests.dll" adapterTypeName="executor://nunit3testexecutor/" className="Microsoft.TypeSpec.Generator.ClientModel.Tests.Providers.RestClientProviders.RestClientProviderTests" name="ValidateClientWithAcceptHeader_ValuesDefinedAsEnum" />
    </UnitTest>
    <UnitTest name="RoundTripWithJsonInterfaceUtf8ReaderNonGeneric(&quot;W&quot;)" storage="/home/runner/work/typespec/typespec/packages/http-client-csharp/generator/artifacts/bin/microsoft.typespec.generator.clientmodel.tests/debug/net8.0/microsoft.typespec.generator.clientmodel.tests.dll" id="b166fe81-2f12-ebe8-5469-afabedfdb287">
      <Execution id="a5c6f6f0-6aef-417f-a93f-eee0def64c5f" />
      <TestMethod codeBase="/home/runner/work/typespec/typespec/packages/http-client-csharp/generator/artifacts/bin/Microsoft.TypeSpec.Generator.ClientModel.Tests/Debug/net8.0/Microsoft.TypeSpec.Generator.ClientModel.Tests.dll" adapterTypeName="executor://nunit3testexecutor/" className="Microsoft.TypeSpec.Generator.ClientModel.Tests.ModelReaderWriterValidation.TestProjects.Sample_TypeSpec.RenamedModelTests" name="RoundTripWithJsonInterfaceUtf8ReaderNonGeneric(&quot;W&quot;)" />
    </UnitTest>
    <UnitTest name="BinaryDataAdditionalProperties" storage="/home/runner/work/typespec/typespec/packages/http-client-csharp/generator/artifacts/bin/microsoft.typespec.generator.clientmodel.tests/debug/net8.0/microsoft.typespec.generator.clientmodel.tests.dll" id="d7fa095d-def8-4b4f-a71c-95d92cb9d97c">
      <Execution id="1eb87d78-6431-4766-9366-fd8c93b24249" />
      <TestMethod codeBase="/home/runner/work/typespec/typespec/packages/http-client-csharp/generator/artifacts/bin/Microsoft.TypeSpec.Generator.ClientModel.Tests/Debug/net8.0/Microsoft.TypeSpec.Generator.ClientModel.Tests.dll" adapterTypeName="executor://nunit3testexecutor/" className="Microsoft.TypeSpec.Generator.ClientModel.Tests.Providers.MrwSerializationTypeDefinitions.JsonModelCoreTests" name="BinaryDataAdditionalProperties" />
    </UnitTest>
    <UnitTest name="ResetThenAppendPathThenAppendQuery(&quot;http://localhost:12345&quot;,&quot;some&quot;,&quot;one|1&quot;,&quot;http://localhost:12345/some?one=1&quot;)" storage="/home/runner/work/typespec/typespec/packages/http-client-csharp/generator/artifacts/bin/microsoft.typespec.generator.clientmodel.tests/debug/net8.0/microsoft.typespec.generator.clientmodel.tests.dll" id="c5a88dd3-53bc-ae28-974e-1eee3b032844">
      <Execution id="580cb85e-8d44-430e-b1a9-16e5894865fe" />
      <TestMethod codeBase="/home/runner/work/typespec/typespec/packages/http-client-csharp/generator/artifacts/bin/Microsoft.TypeSpec.Generator.ClientModel.Tests/Debug/net8.0/Microsoft.TypeSpec.Generator.ClientModel.Tests.dll" adapterTypeName="executor://nunit3testexecutor/" className="Microsoft.TypeSpec.Generator.ClientModel.Tests.Providers.ClientUriBuilderTests" name="ResetThenAppendPathThenAppendQuery(&quot;http://localhost:12345&quot;,&quot;some&quot;,&quot;one|1&quot;,&quot;http://localhost:12345/some?one=1&quot;)" />
    </UnitTest>
    <UnitTest name="TestBuildConstructors_PrimaryConstructor(System.Collections.Generic.List`1[Microsoft.TypeSpec.Generator.Input.InputParameter])" storage="/home/runner/work/typespec/typespec/packages/http-client-csharp/generator/artifacts/bin/microsoft.typespec.generator.clientmodel.tests/debug/net8.0/microsoft.typespec.generator.clientmodel.tests.dll" id="2be290df-7d92-5723-935e-13156fa041e9">
      <Execution id="8d3ab0d7-363f-4754-920c-59a655a28bb8" />
      <TestMethod codeBase="/home/runner/work/typespec/typespec/packages/http-client-csharp/generator/artifacts/bin/Microsoft.TypeSpec.Generator.ClientModel.Tests/Debug/net8.0/Microsoft.TypeSpec.Generator.ClientModel.Tests.dll" adapterTypeName="executor://nunit3testexecutor/" className="Microsoft.TypeSpec.Generator.ClientModel.Tests.Providers.ClientProviders.ClientProviderTests" name="TestBuildConstructors_PrimaryConstructor(System.Collections.Generic.List`1[Microsoft.TypeSpec.Generator.Input.InputParameter])" />
    </UnitTest>
    <UnitTest name="ResetThenAppendPath(&quot;http://localhost&quot;,&quot;path&quot;,&quot;http://localhost/path&quot;)" storage="/home/runner/work/typespec/typespec/packages/http-client-csharp/generator/artifacts/bin/microsoft.typespec.generator.clientmodel.tests/debug/net8.0/microsoft.typespec.generator.clientmodel.tests.dll" id="27dd74a8-22cf-ae92-39e4-ce5ef087ac4d">
      <Execution id="45135b1f-f141-47dc-9359-b9023e50079f" />
      <TestMethod codeBase="/home/runner/work/typespec/typespec/packages/http-client-csharp/generator/artifacts/bin/Microsoft.TypeSpec.Generator.ClientModel.Tests/Debug/net8.0/Microsoft.TypeSpec.Generator.ClientModel.Tests.dll" adapterTypeName="executor://nunit3testexecutor/" className="Microsoft.TypeSpec.Generator.ClientModel.Tests.Providers.ClientUriBuilderTests" name="ResetThenAppendPath(&quot;http://localhost&quot;,&quot;path&quot;,&quot;http://localhost/path&quot;)" />
    </UnitTest>
    <UnitTest name="RoundTripWithModelReaderWriter(&quot;J&quot;)" storage="/home/runner/work/typespec/typespec/packages/http-client-csharp/generator/artifacts/bin/microsoft.typespec.generator.clientmodel.tests/debug/net8.0/microsoft.typespec.generator.clientmodel.tests.dll" id="bb05d838-e8b8-1928-3fbd-d3679a7f86bf">
      <Execution id="1a637168-066c-4c4b-81c4-931da51cfa82" />
      <TestMethod codeBase="/home/runner/work/typespec/typespec/packages/http-client-csharp/generator/artifacts/bin/Microsoft.TypeSpec.Generator.ClientModel.Tests/Debug/net8.0/Microsoft.TypeSpec.Generator.ClientModel.Tests.dll" adapterTypeName="executor://nunit3testexecutor/" className="Microsoft.TypeSpec.Generator.ClientModel.Tests.ModelReaderWriterValidation.TestProjects.Sample_TypeSpec.FriendTests" name="RoundTripWithModelReaderWriter(&quot;J&quot;)" />
    </UnitTest>
    <UnitTest name="TestFields(True)" storage="/home/runner/work/typespec/typespec/packages/http-client-csharp/generator/artifacts/bin/microsoft.typespec.generator.clientmodel.tests/debug/net8.0/microsoft.typespec.generator.clientmodel.tests.dll" id="b5b58d28-edb9-724c-2a4f-03de57c0a826">
      <Execution id="79155a57-646d-49ff-8568-8c45dab42b5e" />
      <TestMethod codeBase="/home/runner/work/typespec/typespec/packages/http-client-csharp/generator/artifacts/bin/Microsoft.TypeSpec.Generator.ClientModel.Tests/Debug/net8.0/Microsoft.TypeSpec.Generator.ClientModel.Tests.dll" adapterTypeName="executor://nunit3testexecutor/" className="Microsoft.TypeSpec.Generator.ClientModel.Tests.Providers.ClientOptionsProviderTests" name="TestFields(True)" />
    </UnitTest>
    <UnitTest name="TestIntDeserializeExpression(System.Int16,Default)" storage="/home/runner/work/typespec/typespec/packages/http-client-csharp/generator/artifacts/bin/microsoft.typespec.generator.clientmodel.tests/debug/net8.0/microsoft.typespec.generator.clientmodel.tests.dll" id="381c192a-1ef4-4379-d001-223053ee8288">
      <Execution id="c516084c-771d-419a-b049-c6b449b5869e" />
      <TestMethod codeBase="/home/runner/work/typespec/typespec/packages/http-client-csharp/generator/artifacts/bin/Microsoft.TypeSpec.Generator.ClientModel.Tests/Debug/net8.0/Microsoft.TypeSpec.Generator.ClientModel.Tests.dll" adapterTypeName="executor://nunit3testexecutor/" className="Microsoft.TypeSpec.Generator.ClientModel.Tests.Providers.MrwSerializationTypeDefinitions.MrwSerializationTypeDefinitionTests" name="TestIntDeserializeExpression(System.Int16,Default)" />
    </UnitTest>
    <UnitTest name="ResetThenAppendPath(&quot;http://localhost:12345&quot;,&quot;/path&quot;,&quot;http://localhost:12345/path&quot;)" storage="/home/runner/work/typespec/typespec/packages/http-client-csharp/generator/artifacts/bin/microsoft.typespec.generator.clientmodel.tests/debug/net8.0/microsoft.typespec.generator.clientmodel.tests.dll" id="fca18189-14b0-a9a5-a2ad-de0d93f61ac9">
      <Execution id="31c853d0-5cfb-4daa-97eb-48b29abe42da" />
      <TestMethod codeBase="/home/runner/work/typespec/typespec/packages/http-client-csharp/generator/artifacts/bin/Microsoft.TypeSpec.Generator.ClientModel.Tests/Debug/net8.0/Microsoft.TypeSpec.Generator.ClientModel.Tests.dll" adapterTypeName="executor://nunit3testexecutor/" className="Microsoft.TypeSpec.Generator.ClientModel.Tests.Providers.ClientUriBuilderTests" name="ResetThenAppendPath(&quot;http://localhost:12345&quot;,&quot;/path&quot;,&quot;http://localhost:12345/path&quot;)" />
    </UnitTest>
    <UnitTest name="TestBuildPersistableModelGetFormatMethod" storage="/home/runner/work/typespec/typespec/packages/http-client-csharp/generator/artifacts/bin/microsoft.typespec.generator.clientmodel.tests/debug/net8.0/microsoft.typespec.generator.clientmodel.tests.dll" id="c1ed43ba-2e5f-41f8-d7c9-dcdafdaccfcc">
      <Execution id="d001c24e-741d-437c-b434-4ef4797c18ee" />
      <TestMethod codeBase="/home/runner/work/typespec/typespec/packages/http-client-csharp/generator/artifacts/bin/Microsoft.TypeSpec.Generator.ClientModel.Tests/Debug/net8.0/Microsoft.TypeSpec.Generator.ClientModel.Tests.dll" adapterTypeName="executor://nunit3testexecutor/" className="Microsoft.TypeSpec.Generator.ClientModel.Tests.Providers.MrwSerializationTypeDefinitions.MrwSerializationTypeDefinitionTests" name="TestBuildPersistableModelGetFormatMethod" />
    </UnitTest>
    <UnitTest name="ResetThenAppendQuery(&quot;http://localhost:12345/&quot;,&quot;one|1|two|2&quot;,&quot;http://localhost:12345/?one=1&amp;two=2&quot;)" storage="/home/runner/work/typespec/typespec/packages/http-client-csharp/generator/artifacts/bin/microsoft.typespec.generator.clientmodel.tests/debug/net8.0/microsoft.typespec.generator.clientmodel.tests.dll" id="b7e2a840-3c47-aac2-217c-7972286dbaac">
      <Execution id="874201e9-f88f-46cb-a121-69a43797f50c" />
      <TestMethod codeBase="/home/runner/work/typespec/typespec/packages/http-client-csharp/generator/artifacts/bin/Microsoft.TypeSpec.Generator.ClientModel.Tests/Debug/net8.0/Microsoft.TypeSpec.Generator.ClientModel.Tests.dll" adapterTypeName="executor://nunit3testexecutor/" className="Microsoft.TypeSpec.Generator.ClientModel.Tests.Providers.ClientUriBuilderTests" name="ResetThenAppendQuery(&quot;http://localhost:12345/&quot;,&quot;one|1|two|2&quot;,&quot;http://localhost:12345/?one=1&amp;two=2&quot;)" />
    </UnitTest>
    <UnitTest name="TestNonBodyRequestParametersInBodyWriterDiff(Microsoft.TypeSpec.Generator.Input.InputBasicServiceMethod)" storage="/home/runner/work/typespec/typespec/packages/http-client-csharp/generator/artifacts/bin/microsoft.typespec.generator.clientmodel.tests/debug/net8.0/microsoft.typespec.generator.clientmodel.tests.dll" id="3ea572d0-8081-c04d-1c5e-07d3f0bdce4f">
      <Execution id="7c2a36a3-2a89-472f-94ef-ec558554445f" />
      <TestMethod codeBase="/home/runner/work/typespec/typespec/packages/http-client-csharp/generator/artifacts/bin/Microsoft.TypeSpec.Generator.ClientModel.Tests/Debug/net8.0/Microsoft.TypeSpec.Generator.ClientModel.Tests.dll" adapterTypeName="executor://nunit3testexecutor/" className="Microsoft.TypeSpec.Generator.ClientModel.Tests.Providers.ClientProviders.ClientProviderTests" name="TestNonBodyRequestParametersInBodyWriterDiff(Microsoft.TypeSpec.Generator.Input.InputBasicServiceMethod)" />
    </UnitTest>
    <UnitTest name="HeaderParameterOptionality(True,False)" storage="/home/runner/work/typespec/typespec/packages/http-client-csharp/generator/artifacts/bin/microsoft.typespec.generator.clientmodel.tests/debug/net8.0/microsoft.typespec.generator.clientmodel.tests.dll" id="cfbe27e3-5b55-241c-69bf-49bc822676ba">
      <Execution id="1ff0878c-7c7a-4cae-bb2e-f53793f2b44d" />
      <TestMethod codeBase="/home/runner/work/typespec/typespec/packages/http-client-csharp/generator/artifacts/bin/Microsoft.TypeSpec.Generator.ClientModel.Tests/Debug/net8.0/Microsoft.TypeSpec.Generator.ClientModel.Tests.dll" adapterTypeName="executor://nunit3testexecutor/" className="Microsoft.TypeSpec.Generator.ClientModel.Tests.Providers.RestClientProviders.RestClientProviderTests" name="HeaderParameterOptionality(True,False)" />
    </UnitTest>
    <UnitTest name="CanReplaceStructMethod(True)" storage="/home/runner/work/typespec/typespec/packages/http-client-csharp/generator/artifacts/bin/microsoft.typespec.generator.clientmodel.tests/debug/net8.0/microsoft.typespec.generator.clientmodel.tests.dll" id="73850f0f-af34-f1c4-850f-dbfe7dcd52a0">
      <Execution id="fdec7eb6-1d70-446d-a7c1-5432a7e61c77" />
      <TestMethod codeBase="/home/runner/work/typespec/typespec/packages/http-client-csharp/generator/artifacts/bin/Microsoft.TypeSpec.Generator.ClientModel.Tests/Debug/net8.0/Microsoft.TypeSpec.Generator.ClientModel.Tests.dll" adapterTypeName="executor://nunit3testexecutor/" className="Microsoft.TypeSpec.Generator.ClientModel.Tests.Providers.ClientProviders.ClientProviderCustomizationTests" name="CanReplaceStructMethod(True)" />
    </UnitTest>
    <UnitTest name="BuildPersistableModelCreateMethodObjectDeclaration" storage="/home/runner/work/typespec/typespec/packages/http-client-csharp/generator/artifacts/bin/microsoft.typespec.generator.clientmodel.tests/debug/net8.0/microsoft.typespec.generator.clientmodel.tests.dll" id="39e35865-e3f4-9b43-7ff7-c975e099bc0c">
      <Execution id="73e60ff7-427b-4b31-b037-17559596b368" />
      <TestMethod codeBase="/home/runner/work/typespec/typespec/packages/http-client-csharp/generator/artifacts/bin/Microsoft.TypeSpec.Generator.ClientModel.Tests/Debug/net8.0/Microsoft.TypeSpec.Generator.ClientModel.Tests.dll" adapterTypeName="executor://nunit3testexecutor/" className="Microsoft.TypeSpec.Generator.ClientModel.Tests.Providers.MrwSerializationTypeDefinitions.MrwSerializationTypeDefinitionTests" name="BuildPersistableModelCreateMethodObjectDeclaration" />
    </UnitTest>
    <UnitTest name="ResetThenAppendQueryThenAppendPath(&quot;http://localhost:12345&quot;,&quot;/some/&quot;,&quot;one|1|two|2&quot;,&quot;http://localhost:12345/some/?one=1&amp;two=2&quot;)" storage="/home/runner/work/typespec/typespec/packages/http-client-csharp/generator/artifacts/bin/microsoft.typespec.generator.clientmodel.tests/debug/net8.0/microsoft.typespec.generator.clientmodel.tests.dll" id="94a4d560-7e61-7129-d667-18a8b19b10da">
      <Execution id="7a69fb11-31d4-4c30-af9c-6366ffbbf810" />
      <TestMethod codeBase="/home/runner/work/typespec/typespec/packages/http-client-csharp/generator/artifacts/bin/Microsoft.TypeSpec.Generator.ClientModel.Tests/Debug/net8.0/Microsoft.TypeSpec.Generator.ClientModel.Tests.dll" adapterTypeName="executor://nunit3testexecutor/" className="Microsoft.TypeSpec.Generator.ClientModel.Tests.Providers.ClientUriBuilderTests" name="ResetThenAppendQueryThenAppendPath(&quot;http://localhost:12345&quot;,&quot;/some/&quot;,&quot;one|1|two|2&quot;,&quot;http://localhost:12345/some/?one=1&amp;two=2&quot;)" />
    </UnitTest>
    <UnitTest name="AppendPathDelimited_StringArray(&quot;http://localhost&quot;,[&quot;hello&quot;, &quot;world&quot;],&quot;,&quot;,True,&quot;http://localhost/hello%2Cworld&quot;)" storage="/home/runner/work/typespec/typespec/packages/http-client-csharp/generator/artifacts/bin/microsoft.typespec.generator.clientmodel.tests/debug/net8.0/microsoft.typespec.generator.clientmodel.tests.dll" id="b609376b-7120-8e6a-b5d2-5cbe021250c9">
      <Execution id="7e18b11c-32b4-472b-b2b3-e8be74a3ae15" />
      <TestMethod codeBase="/home/runner/work/typespec/typespec/packages/http-client-csharp/generator/artifacts/bin/Microsoft.TypeSpec.Generator.ClientModel.Tests/Debug/net8.0/Microsoft.TypeSpec.Generator.ClientModel.Tests.dll" adapterTypeName="executor://nunit3testexecutor/" className="Microsoft.TypeSpec.Generator.ClientModel.Tests.Providers.ClientUriBuilderTests" name="AppendPathDelimited_StringArray(&quot;http://localhost&quot;,[&quot;hello&quot;, &quot;world&quot;],&quot;,&quot;,True,&quot;http://localhost/hello%2Cworld&quot;)" />
    </UnitTest>
    <UnitTest name="ResetThenAppendQuery(&quot;http://localhost&quot;,&quot;one|1&quot;,&quot;http://localhost/?one=1&quot;)" storage="/home/runner/work/typespec/typespec/packages/http-client-csharp/generator/artifacts/bin/microsoft.typespec.generator.clientmodel.tests/debug/net8.0/microsoft.typespec.generator.clientmodel.tests.dll" id="dc3e9d82-618b-d644-9d10-0e33b97c0c55">
      <Execution id="e05dd414-86b3-48eb-a6c7-415217709141" />
      <TestMethod codeBase="/home/runner/work/typespec/typespec/packages/http-client-csharp/generator/artifacts/bin/Microsoft.TypeSpec.Generator.ClientModel.Tests/Debug/net8.0/Microsoft.TypeSpec.Generator.ClientModel.Tests.dll" adapterTypeName="executor://nunit3testexecutor/" className="Microsoft.TypeSpec.Generator.ClientModel.Tests.Providers.ClientUriBuilderTests" name="ResetThenAppendQuery(&quot;http://localhost&quot;,&quot;one|1&quot;,&quot;http://localhost/?one=1&quot;)" />
    </UnitTest>
    <UnitTest name="ValidateConvertToString(null,11111111-1111-1111-1111-111112111111,&quot;11111111-1111-1111-1111-111112111111&quot;)" storage="/home/runner/work/typespec/typespec/packages/http-client-csharp/generator/artifacts/bin/microsoft.typespec.generator.clientmodel.tests/debug/net8.0/microsoft.typespec.generator.clientmodel.tests.dll" id="ac70c009-5dae-fc67-7af1-6bc0d9dbca52">
      <Execution id="2ce35ca2-da53-4b20-a511-05a7dddc1199" />
      <TestMethod codeBase="/home/runner/work/typespec/typespec/packages/http-client-csharp/generator/artifacts/bin/Microsoft.TypeSpec.Generator.ClientModel.Tests/Debug/net8.0/Microsoft.TypeSpec.Generator.ClientModel.Tests.dll" adapterTypeName="executor://nunit3testexecutor/" className="Microsoft.TypeSpec.Generator.ClientModel.Tests.Providers.TypeFormatterTests" name="ValidateConvertToString(null,11111111-1111-1111-1111-111112111111,&quot;11111111-1111-1111-1111-111112111111&quot;)" />
    </UnitTest>
    <UnitTest name="FormatsDatesAsString(&quot;U&quot;,05/04/2020 03:02:01 +00:00,&quot;1588561321&quot;)" storage="/home/runner/work/typespec/typespec/packages/http-client-csharp/generator/artifacts/bin/microsoft.typespec.generator.clientmodel.tests/debug/net8.0/microsoft.typespec.generator.clientmodel.tests.dll" id="4e1d9376-e8c2-5986-e921-3bdc0279cd2f">
      <Execution id="f1dd1b37-4099-411a-83a3-141c162944b3" />
      <TestMethod codeBase="/home/runner/work/typespec/typespec/packages/http-client-csharp/generator/artifacts/bin/Microsoft.TypeSpec.Generator.ClientModel.Tests/Debug/net8.0/Microsoft.TypeSpec.Generator.ClientModel.Tests.dll" adapterTypeName="executor://nunit3testexecutor/" className="Microsoft.TypeSpec.Generator.ClientModel.Tests.Providers.TypeFormatterTests" name="FormatsDatesAsString(&quot;U&quot;,05/04/2020 03:02:01 +00:00,&quot;1588561321&quot;)" />
    </UnitTest>
    <UnitTest name="RoundTripWithJsonInterfaceOfT(&quot;J&quot;)" storage="/home/runner/work/typespec/typespec/packages/http-client-csharp/generator/artifacts/bin/microsoft.typespec.generator.clientmodel.tests/debug/net8.0/microsoft.typespec.generator.clientmodel.tests.dll" id="7279241d-1c25-8c46-c59a-9ee52d0c2a87">
      <Execution id="48101a95-04b2-4407-987f-ccc6d0353b3b" />
      <TestMethod codeBase="/home/runner/work/typespec/typespec/packages/http-client-csharp/generator/artifacts/bin/Microsoft.TypeSpec.Generator.ClientModel.Tests/Debug/net8.0/Microsoft.TypeSpec.Generator.ClientModel.Tests.dll" adapterTypeName="executor://nunit3testexecutor/" className="Microsoft.TypeSpec.Generator.ClientModel.Tests.ModelReaderWriterValidation.TestProjects.Sample_TypeSpec.ThingTests" name="RoundTripWithJsonInterfaceOfT(&quot;J&quot;)" />
    </UnitTest>
    <UnitTest name="ResetThenAppendPath(&quot;http://localhost/with/&quot;,&quot;path&quot;,&quot;http://localhost/with/path&quot;)" storage="/home/runner/work/typespec/typespec/packages/http-client-csharp/generator/artifacts/bin/microsoft.typespec.generator.clientmodel.tests/debug/net8.0/microsoft.typespec.generator.clientmodel.tests.dll" id="2db2b971-3e51-d05c-5cc4-2946c56148cc">
      <Execution id="20959e9b-7ea5-4696-a2fa-e0baf544868b" />
      <TestMethod codeBase="/home/runner/work/typespec/typespec/packages/http-client-csharp/generator/artifacts/bin/Microsoft.TypeSpec.Generator.ClientModel.Tests/Debug/net8.0/Microsoft.TypeSpec.Generator.ClientModel.Tests.dll" adapterTypeName="executor://nunit3testexecutor/" className="Microsoft.TypeSpec.Generator.ClientModel.Tests.Providers.ClientUriBuilderTests" name="ResetThenAppendPath(&quot;http://localhost/with/&quot;,&quot;path&quot;,&quot;http://localhost/with/path&quot;)" />
    </UnitTest>
    <UnitTest name="CanChangeClientOptionsAccessibility" storage="/home/runner/work/typespec/typespec/packages/http-client-csharp/generator/artifacts/bin/microsoft.typespec.generator.clientmodel.tests/debug/net8.0/microsoft.typespec.generator.clientmodel.tests.dll" id="98690f6c-f3f1-595a-da66-da2a34bb754a">
      <Execution id="faa713dd-9110-4fda-97dc-37fb126181a6" />
      <TestMethod codeBase="/home/runner/work/typespec/typespec/packages/http-client-csharp/generator/artifacts/bin/Microsoft.TypeSpec.Generator.ClientModel.Tests/Debug/net8.0/Microsoft.TypeSpec.Generator.ClientModel.Tests.dll" adapterTypeName="executor://nunit3testexecutor/" className="Microsoft.TypeSpec.Generator.ClientModel.Tests.Providers.ClientProviders.ClientProviderCustomizationTests" name="CanChangeClientOptionsAccessibility" />
    </UnitTest>
    <UnitTest name="ValidateConvertToString(&quot;o&quot;,05/04/2020 03:02:01 +00:00,&quot;2020-05-04T03:02:01.1230000Z&quot;)" storage="/home/runner/work/typespec/typespec/packages/http-client-csharp/generator/artifacts/bin/microsoft.typespec.generator.clientmodel.tests/debug/net8.0/microsoft.typespec.generator.clientmodel.tests.dll" id="a9f8356a-b05d-d726-c42f-217cf41a7b02">
      <Execution id="105be367-75ed-475f-941d-3b2c7e70c65f" />
      <TestMethod codeBase="/home/runner/work/typespec/typespec/packages/http-client-csharp/generator/artifacts/bin/Microsoft.TypeSpec.Generator.ClientModel.Tests/Debug/net8.0/Microsoft.TypeSpec.Generator.ClientModel.Tests.dll" adapterTypeName="executor://nunit3testexecutor/" className="Microsoft.TypeSpec.Generator.ClientModel.Tests.Providers.TypeFormatterTests" name="ValidateConvertToString(&quot;o&quot;,05/04/2020 03:02:01 +00:00,&quot;2020-05-04T03:02:01.1230000Z&quot;)" />
    </UnitTest>
    <UnitTest name="ResetThenAppendQueryThenAppendPath(&quot;http://localhost&quot;,&quot;/some&quot;,&quot;one|1|two|2&quot;,&quot;http://localhost/some?one=1&amp;two=2&quot;)" storage="/home/runner/work/typespec/typespec/packages/http-client-csharp/generator/artifacts/bin/microsoft.typespec.generator.clientmodel.tests/debug/net8.0/microsoft.typespec.generator.clientmodel.tests.dll" id="20fcdaab-bb21-b354-850b-63bfa9d12221">
      <Execution id="cba5e8a8-5627-45d5-b736-dad972b1d413" />
      <TestMethod codeBase="/home/runner/work/typespec/typespec/packages/http-client-csharp/generator/artifacts/bin/Microsoft.TypeSpec.Generator.ClientModel.Tests/Debug/net8.0/Microsoft.TypeSpec.Generator.ClientModel.Tests.dll" adapterTypeName="executor://nunit3testexecutor/" className="Microsoft.TypeSpec.Generator.ClientModel.Tests.Providers.ClientUriBuilderTests" name="ResetThenAppendQueryThenAppendPath(&quot;http://localhost&quot;,&quot;/some&quot;,&quot;one|1|two|2&quot;,&quot;http://localhost/some?one=1&amp;two=2&quot;)" />
    </UnitTest>
    <UnitTest name="ListMethodWithEnumParameter(True,Header)" storage="/home/runner/work/typespec/typespec/packages/http-client-csharp/generator/artifacts/bin/microsoft.typespec.generator.clientmodel.tests/debug/net8.0/microsoft.typespec.generator.clientmodel.tests.dll" id="98df8e81-10c4-d836-17a1-b1ad96d54c07">
      <Execution id="e248224f-8bc1-4def-874c-2bdb2a0a58dc" />
      <TestMethod codeBase="/home/runner/work/typespec/typespec/packages/http-client-csharp/generator/artifacts/bin/Microsoft.TypeSpec.Generator.ClientModel.Tests/Debug/net8.0/Microsoft.TypeSpec.Generator.ClientModel.Tests.dll" adapterTypeName="executor://nunit3testexecutor/" className="Microsoft.TypeSpec.Generator.ClientModel.Tests.Providers.ScmMethodProviderCollectionTests" name="ListMethodWithEnumParameter(True,Header)" />
    </UnitTest>
    <UnitTest name="ListMethodWithImplicitPaging" storage="/home/runner/work/typespec/typespec/packages/http-client-csharp/generator/artifacts/bin/microsoft.typespec.generator.clientmodel.tests/debug/net8.0/microsoft.typespec.generator.clientmodel.tests.dll" id="73312193-5ef0-356b-d1c9-219a4aa3befc">
      <Execution id="ac0dab68-f1d0-4dd5-b786-a4dabf419276" />
      <TestMethod codeBase="/home/runner/work/typespec/typespec/packages/http-client-csharp/generator/artifacts/bin/Microsoft.TypeSpec.Generator.ClientModel.Tests/Debug/net8.0/Microsoft.TypeSpec.Generator.ClientModel.Tests.dll" adapterTypeName="executor://nunit3testexecutor/" className="Microsoft.TypeSpec.Generator.ClientModel.Tests.Providers.ScmMethodProviderCollectionTests" name="ListMethodWithImplicitPaging" />
    </UnitTest>
    <UnitTest name="RoundTripWithJsonInterfaceUtf8ReaderNonGeneric(&quot;W&quot;)" storage="/home/runner/work/typespec/typespec/packages/http-client-csharp/generator/artifacts/bin/microsoft.typespec.generator.clientmodel.tests/debug/net8.0/microsoft.typespec.generator.clientmodel.tests.dll" id="7ff4f6fa-bb67-568f-9832-37c9203e56a4">
      <Execution id="de59fae8-fad9-4ed1-97b9-99b6b9d44757" />
      <TestMethod codeBase="/home/runner/work/typespec/typespec/packages/http-client-csharp/generator/artifacts/bin/Microsoft.TypeSpec.Generator.ClientModel.Tests/Debug/net8.0/Microsoft.TypeSpec.Generator.ClientModel.Tests.dll" adapterTypeName="executor://nunit3testexecutor/" className="Microsoft.TypeSpec.Generator.ClientModel.Tests.ModelReaderWriterValidation.TestProjects.Sample_TypeSpec.ThingTests" name="RoundTripWithJsonInterfaceUtf8ReaderNonGeneric(&quot;W&quot;)" />
    </UnitTest>
    <UnitTest name="TestBuildPersistableModelWriteMethodObjectDeclaration" storage="/home/runner/work/typespec/typespec/packages/http-client-csharp/generator/artifacts/bin/microsoft.typespec.generator.clientmodel.tests/debug/net8.0/microsoft.typespec.generator.clientmodel.tests.dll" id="2ac63861-a427-7dc0-632a-1a14e3db178d">
      <Execution id="579af3a2-d3a3-4742-b972-4de9679dcebe" />
      <TestMethod codeBase="/home/runner/work/typespec/typespec/packages/http-client-csharp/generator/artifacts/bin/Microsoft.TypeSpec.Generator.ClientModel.Tests/Debug/net8.0/Microsoft.TypeSpec.Generator.ClientModel.Tests.dll" adapterTypeName="executor://nunit3testexecutor/" className="Microsoft.TypeSpec.Generator.ClientModel.Tests.Providers.MrwSerializationTypeDefinitions.MrwSerializationTypeDefinitionTests" name="TestBuildPersistableModelWriteMethodObjectDeclaration" />
    </UnitTest>
    <UnitTest name="ListMethodWithEnumParameter(True,Body)" storage="/home/runner/work/typespec/typespec/packages/http-client-csharp/generator/artifacts/bin/microsoft.typespec.generator.clientmodel.tests/debug/net8.0/microsoft.typespec.generator.clientmodel.tests.dll" id="5214fd19-6c98-5cdb-7ecb-b98174fa9d8e">
      <Execution id="6cc2fba5-bb55-466e-91e6-8d511458db25" />
      <TestMethod codeBase="/home/runner/work/typespec/typespec/packages/http-client-csharp/generator/artifacts/bin/Microsoft.TypeSpec.Generator.ClientModel.Tests/Debug/net8.0/Microsoft.TypeSpec.Generator.ClientModel.Tests.dll" adapterTypeName="executor://nunit3testexecutor/" className="Microsoft.TypeSpec.Generator.ClientModel.Tests.Providers.ScmMethodProviderCollectionTests" name="ListMethodWithEnumParameter(True,Body)" />
    </UnitTest>
    <UnitTest name="ResetThenAppendPath(&quot;http://localhost/with/&quot;,&quot;/path&quot;,&quot;http://localhost/with/path&quot;)" storage="/home/runner/work/typespec/typespec/packages/http-client-csharp/generator/artifacts/bin/microsoft.typespec.generator.clientmodel.tests/debug/net8.0/microsoft.typespec.generator.clientmodel.tests.dll" id="34a566dd-f86c-555d-eb99-e99229f28977">
      <Execution id="aa78f601-b574-49a0-8a29-d5d877416588" />
      <TestMethod codeBase="/home/runner/work/typespec/typespec/packages/http-client-csharp/generator/artifacts/bin/Microsoft.TypeSpec.Generator.ClientModel.Tests/Debug/net8.0/Microsoft.TypeSpec.Generator.ClientModel.Tests.dll" adapterTypeName="executor://nunit3testexecutor/" className="Microsoft.TypeSpec.Generator.ClientModel.Tests.Providers.ClientUriBuilderTests" name="ResetThenAppendPath(&quot;http://localhost/with/&quot;,&quot;/path&quot;,&quot;http://localhost/with/path&quot;)" />
    </UnitTest>
    <UnitTest name="TestFields(False)" storage="/home/runner/work/typespec/typespec/packages/http-client-csharp/generator/artifacts/bin/microsoft.typespec.generator.clientmodel.tests/debug/net8.0/microsoft.typespec.generator.clientmodel.tests.dll" id="77145dec-6351-dad6-568e-bc45646b61eb">
      <Execution id="629ad878-8ddb-4d43-9333-8f10a427c86e" />
      <TestMethod codeBase="/home/runner/work/typespec/typespec/packages/http-client-csharp/generator/artifacts/bin/Microsoft.TypeSpec.Generator.ClientModel.Tests/Debug/net8.0/Microsoft.TypeSpec.Generator.ClientModel.Tests.dll" adapterTypeName="executor://nunit3testexecutor/" className="Microsoft.TypeSpec.Generator.ClientModel.Tests.Providers.ClientOptionsProviderTests" name="TestFields(False)" />
    </UnitTest>
    <UnitTest name="TestNullRootClientWithChildren" storage="/home/runner/work/typespec/typespec/packages/http-client-csharp/generator/artifacts/bin/microsoft.typespec.generator.clientmodel.tests/debug/net8.0/microsoft.typespec.generator.clientmodel.tests.dll" id="191f33f3-62f0-0c6b-7ab5-05cb65f9c718">
      <Execution id="ef638246-ded3-4723-9ece-40198385eddd" />
      <TestMethod codeBase="/home/runner/work/typespec/typespec/packages/http-client-csharp/generator/artifacts/bin/Microsoft.TypeSpec.Generator.ClientModel.Tests/Debug/net8.0/Microsoft.TypeSpec.Generator.ClientModel.Tests.dll" adapterTypeName="executor://nunit3testexecutor/" className="Microsoft.TypeSpec.Generator.ClientModel.Tests.Providers.ClientProviders.ClientProviderTests" name="TestNullRootClientWithChildren" />
    </UnitTest>
    <UnitTest name="ValidateIsLastNamespaceSegmentTheSame(&quot;_Foo&quot;,&quot;Foo&quot;)" storage="/home/runner/work/typespec/typespec/packages/http-client-csharp/generator/artifacts/bin/microsoft.typespec.generator.clientmodel.tests/debug/net8.0/microsoft.typespec.generator.clientmodel.tests.dll" id="48086829-e2cb-679b-fae9-3d9bb0deaa31">
      <Execution id="1329bc99-bd0e-4ea1-9d9a-f17e699fe9d8" />
      <TestMethod codeBase="/home/runner/work/typespec/typespec/packages/http-client-csharp/generator/artifacts/bin/Microsoft.TypeSpec.Generator.ClientModel.Tests/Debug/net8.0/Microsoft.TypeSpec.Generator.ClientModel.Tests.dll" adapterTypeName="executor://nunit3testexecutor/" className="Microsoft.TypeSpec.Generator.ClientModel.Tests.Providers.ClientProviders.ClientProviderTests" name="ValidateIsLastNamespaceSegmentTheSame(&quot;_Foo&quot;,&quot;Foo&quot;)" />
    </UnitTest>
    <UnitTest name="AppendQuery_DateTimeOffset(&quot;http://localhost&quot;,&quot;6/30/1905 1:14:00 PM +00:00&quot;,&quot;R&quot;,False,&quot;http://localhost/?query=Fri, 30 Jun 1905 13:14:00 GMT&quot;)" storage="/home/runner/work/typespec/typespec/packages/http-client-csharp/generator/artifacts/bin/microsoft.typespec.generator.clientmodel.tests/debug/net8.0/microsoft.typespec.generator.clientmodel.tests.dll" id="6b89a201-ff2f-4f23-8044-659acf19d59a">
      <Execution id="0686fa7f-546b-4414-b350-4bb1ab3cfc9b" />
      <TestMethod codeBase="/home/runner/work/typespec/typespec/packages/http-client-csharp/generator/artifacts/bin/Microsoft.TypeSpec.Generator.ClientModel.Tests/Debug/net8.0/Microsoft.TypeSpec.Generator.ClientModel.Tests.dll" adapterTypeName="executor://nunit3testexecutor/" className="Microsoft.TypeSpec.Generator.ClientModel.Tests.Providers.ClientUriBuilderTests" name="AppendQuery_DateTimeOffset(&quot;http://localhost&quot;,&quot;6/30/1905 1:14:00 PM +00:00&quot;,&quot;R&quot;,False,&quot;http://localhost/?query=Fri, 30 Jun 1905 13:14:00 GMT&quot;)" />
    </UnitTest>
    <UnitTest name="TestIntDeserializeExpression(System.Byte,Default)" storage="/home/runner/work/typespec/typespec/packages/http-client-csharp/generator/artifacts/bin/microsoft.typespec.generator.clientmodel.tests/debug/net8.0/microsoft.typespec.generator.clientmodel.tests.dll" id="4db094ea-4e79-1146-c144-b272beaf7514">
      <Execution id="97346301-51e5-4b7c-bc7d-721a8655f8f9" />
      <TestMethod codeBase="/home/runner/work/typespec/typespec/packages/http-client-csharp/generator/artifacts/bin/Microsoft.TypeSpec.Generator.ClientModel.Tests/Debug/net8.0/Microsoft.TypeSpec.Generator.ClientModel.Tests.dll" adapterTypeName="executor://nunit3testexecutor/" className="Microsoft.TypeSpec.Generator.ClientModel.Tests.Providers.MrwSerializationTypeDefinitions.MrwSerializationTypeDefinitionTests" name="TestIntDeserializeExpression(System.Byte,Default)" />
    </UnitTest>
    <UnitTest name="AppendPath_Int(&quot;http://localhost&quot;,299792458,False,&quot;http://localhost/299792458&quot;)" storage="/home/runner/work/typespec/typespec/packages/http-client-csharp/generator/artifacts/bin/microsoft.typespec.generator.clientmodel.tests/debug/net8.0/microsoft.typespec.generator.clientmodel.tests.dll" id="1836a3c5-4df5-cb58-885a-12136b484daa">
      <Execution id="517e6430-3b2e-4c61-8ce5-994fced16cd8" />
      <TestMethod codeBase="/home/runner/work/typespec/typespec/packages/http-client-csharp/generator/artifacts/bin/Microsoft.TypeSpec.Generator.ClientModel.Tests/Debug/net8.0/Microsoft.TypeSpec.Generator.ClientModel.Tests.dll" adapterTypeName="executor://nunit3testexecutor/" className="Microsoft.TypeSpec.Generator.ClientModel.Tests.Providers.ClientUriBuilderTests" name="AppendPath_Int(&quot;http://localhost&quot;,299792458,False,&quot;http://localhost/299792458&quot;)" />
    </UnitTest>
    <UnitTest name="TestBuildJsonModelCreateMethodProperlyCastsForDiscriminatedType" storage="/home/runner/work/typespec/typespec/packages/http-client-csharp/generator/artifacts/bin/microsoft.typespec.generator.clientmodel.tests/debug/net8.0/microsoft.typespec.generator.clientmodel.tests.dll" id="755d7606-d5aa-0b3e-76f8-b88c66525cda">
      <Execution id="1fab6be8-e5c3-4b4e-a8b8-9cbb914ebc2d" />
      <TestMethod codeBase="/home/runner/work/typespec/typespec/packages/http-client-csharp/generator/artifacts/bin/Microsoft.TypeSpec.Generator.ClientModel.Tests/Debug/net8.0/Microsoft.TypeSpec.Generator.ClientModel.Tests.dll" adapterTypeName="executor://nunit3testexecutor/" className="Microsoft.TypeSpec.Generator.ClientModel.Tests.Providers.MrwSerializationTypeDefinitions.DiscriminatorTests" name="TestBuildJsonModelCreateMethodProperlyCastsForDiscriminatedType" />
    </UnitTest>
    <UnitTest name="ResetThenAppendQuery(&quot;http://localhost:12345/some/&quot;,&quot;one|1&quot;,&quot;http://localhost:12345/some/?one=1&quot;)" storage="/home/runner/work/typespec/typespec/packages/http-client-csharp/generator/artifacts/bin/microsoft.typespec.generator.clientmodel.tests/debug/net8.0/microsoft.typespec.generator.clientmodel.tests.dll" id="c30fd0f6-fea3-ec09-1d9a-dcf32faec467">
      <Execution id="d8744c67-2e8d-4c06-8eeb-b25856417649" />
      <TestMethod codeBase="/home/runner/work/typespec/typespec/packages/http-client-csharp/generator/artifacts/bin/Microsoft.TypeSpec.Generator.ClientModel.Tests/Debug/net8.0/Microsoft.TypeSpec.Generator.ClientModel.Tests.dll" adapterTypeName="executor://nunit3testexecutor/" className="Microsoft.TypeSpec.Generator.ClientModel.Tests.Providers.ClientUriBuilderTests" name="ResetThenAppendQuery(&quot;http://localhost:12345/some/&quot;,&quot;one|1&quot;,&quot;http://localhost:12345/some/?one=1&quot;)" />
    </UnitTest>
    <UnitTest name="RequestOptionsIsOptionalWhenNoConvenience" storage="/home/runner/work/typespec/typespec/packages/http-client-csharp/generator/artifacts/bin/microsoft.typespec.generator.clientmodel.tests/debug/net8.0/microsoft.typespec.generator.clientmodel.tests.dll" id="0b1c2648-88af-4fbe-ba80-ea65bae2d4b0">
      <Execution id="93709350-5f3f-4931-9e34-8496f6c7defc" />
      <TestMethod codeBase="/home/runner/work/typespec/typespec/packages/http-client-csharp/generator/artifacts/bin/Microsoft.TypeSpec.Generator.ClientModel.Tests/Debug/net8.0/Microsoft.TypeSpec.Generator.ClientModel.Tests.dll" adapterTypeName="executor://nunit3testexecutor/" className="Microsoft.TypeSpec.Generator.ClientModel.Tests.Providers.ScmMethodProviderCollectionTests" name="RequestOptionsIsOptionalWhenNoConvenience" />
    </UnitTest>
    <UnitTest name="RoundTripWithJsonInterfaceUtf8ReaderNonGeneric(&quot;J&quot;)" storage="/home/runner/work/typespec/typespec/packages/http-client-csharp/generator/artifacts/bin/microsoft.typespec.generator.clientmodel.tests/debug/net8.0/microsoft.typespec.generator.clientmodel.tests.dll" id="b5ea6fe4-9efa-e0e9-e374-141dade498fc">
      <Execution id="1afaa967-ab7e-49b3-bec9-ab13d454432f" />
      <TestMethod codeBase="/home/runner/work/typespec/typespec/packages/http-client-csharp/generator/artifacts/bin/Microsoft.TypeSpec.Generator.ClientModel.Tests/Debug/net8.0/Microsoft.TypeSpec.Generator.ClientModel.Tests.dll" adapterTypeName="executor://nunit3testexecutor/" className="Microsoft.TypeSpec.Generator.ClientModel.Tests.ModelReaderWriterValidation.TestProjects.Sample_TypeSpec.RenamedModelTests" name="RoundTripWithJsonInterfaceUtf8ReaderNonGeneric(&quot;J&quot;)" />
    </UnitTest>
    <UnitTest name="ValidateConvertToString(null,-3.14d,&quot;-3.14&quot;)" storage="/home/runner/work/typespec/typespec/packages/http-client-csharp/generator/artifacts/bin/microsoft.typespec.generator.clientmodel.tests/debug/net8.0/microsoft.typespec.generator.clientmodel.tests.dll" id="29514b91-bed8-afdb-7ff9-875aa5e2396a">
      <Execution id="34f86577-15f0-4334-9254-12d591b54ce3" />
      <TestMethod codeBase="/home/runner/work/typespec/typespec/packages/http-client-csharp/generator/artifacts/bin/Microsoft.TypeSpec.Generator.ClientModel.Tests/Debug/net8.0/Microsoft.TypeSpec.Generator.ClientModel.Tests.dll" adapterTypeName="executor://nunit3testexecutor/" className="Microsoft.TypeSpec.Generator.ClientModel.Tests.Providers.TypeFormatterTests" name="ValidateConvertToString(null,-3.14d,&quot;-3.14&quot;)" />
    </UnitTest>
    <UnitTest name="ServiceClientWithSubClient" storage="/home/runner/work/typespec/typespec/packages/http-client-csharp/generator/artifacts/bin/microsoft.typespec.generator.clientmodel.tests/debug/net8.0/microsoft.typespec.generator.clientmodel.tests.dll" id="5f529286-f45e-6113-43c7-30ad853edeb4">
      <Execution id="a6e471fc-1a17-4c8c-a6b7-65995bc5ba9d" />
      <TestMethod codeBase="/home/runner/work/typespec/typespec/packages/http-client-csharp/generator/artifacts/bin/Microsoft.TypeSpec.Generator.ClientModel.Tests/Debug/net8.0/Microsoft.TypeSpec.Generator.ClientModel.Tests.dll" adapterTypeName="executor://nunit3testexecutor/" className="Microsoft.TypeSpec.Generator.ClientModel.Tests.Providers.ClientProviders.ClientProviderSubClientTests" name="ServiceClientWithSubClient" />
    </UnitTest>
    <UnitTest name="AppendPath_TimeSpan(&quot;http://localhost&quot;,&quot;02:15:00&quot;,null,True,&quot;http://localhost/PT2H15M&quot;)" storage="/home/runner/work/typespec/typespec/packages/http-client-csharp/generator/artifacts/bin/microsoft.typespec.generator.clientmodel.tests/debug/net8.0/microsoft.typespec.generator.clientmodel.tests.dll" id="09854cc2-76f8-2d6b-de4c-13f7bc0e444c">
      <Execution id="8446d4ec-e51b-4014-b28c-abe57355e498" />
      <TestMethod codeBase="/home/runner/work/typespec/typespec/packages/http-client-csharp/generator/artifacts/bin/Microsoft.TypeSpec.Generator.ClientModel.Tests/Debug/net8.0/Microsoft.TypeSpec.Generator.ClientModel.Tests.dll" adapterTypeName="executor://nunit3testexecutor/" className="Microsoft.TypeSpec.Generator.ClientModel.Tests.Providers.ClientUriBuilderTests" name="AppendPath_TimeSpan(&quot;http://localhost&quot;,&quot;02:15:00&quot;,null,True,&quot;http://localhost/PT2H15M&quot;)" />
    </UnitTest>
    <UnitTest name="RequestOptionsOptionality(True,False,True)" storage="/home/runner/work/typespec/typespec/packages/http-client-csharp/generator/artifacts/bin/microsoft.typespec.generator.clientmodel.tests/debug/net8.0/microsoft.typespec.generator.clientmodel.tests.dll" id="59b41628-064d-c852-59dd-ff3828786d75">
      <Execution id="2dfd4bdc-5bb7-4563-9692-e0ba1ce5b45a" />
      <TestMethod codeBase="/home/runner/work/typespec/typespec/packages/http-client-csharp/generator/artifacts/bin/Microsoft.TypeSpec.Generator.ClientModel.Tests/Debug/net8.0/Microsoft.TypeSpec.Generator.ClientModel.Tests.dll" adapterTypeName="executor://nunit3testexecutor/" className="Microsoft.TypeSpec.Generator.ClientModel.Tests.Providers.ScmMethodProviderCollectionTests" name="RequestOptionsOptionality(True,False,True)" />
    </UnitTest>
    <UnitTest name="RoundTripWithModelInterfaceNonGeneric(&quot;J&quot;)" storage="/home/runner/work/typespec/typespec/packages/http-client-csharp/generator/artifacts/bin/microsoft.typespec.generator.clientmodel.tests/debug/net8.0/microsoft.typespec.generator.clientmodel.tests.dll" id="bab02ab2-f0a0-0b38-9c16-3f5fb3f5a696">
      <Execution id="f591e779-58c4-4857-b097-1314ed0a9cbb" />
      <TestMethod codeBase="/home/runner/work/typespec/typespec/packages/http-client-csharp/generator/artifacts/bin/Microsoft.TypeSpec.Generator.ClientModel.Tests/Debug/net8.0/Microsoft.TypeSpec.Generator.ClientModel.Tests.dll" adapterTypeName="executor://nunit3testexecutor/" className="Microsoft.TypeSpec.Generator.ClientModel.Tests.ModelReaderWriterValidation.TestProjects.Sample_TypeSpec.ThingWithNullsTests" name="RoundTripWithModelInterfaceNonGeneric(&quot;J&quot;)" />
    </UnitTest>
    <UnitTest name="ValidateIsLastNamespaceSegmentTheSame(&quot;.Foo&quot;,&quot;.Foo&quot;)" storage="/home/runner/work/typespec/typespec/packages/http-client-csharp/generator/artifacts/bin/microsoft.typespec.generator.clientmodel.tests/debug/net8.0/microsoft.typespec.generator.clientmodel.tests.dll" id="eb5808bc-5dfb-a596-3540-5193459cee4f">
      <Execution id="11f3a8c8-9023-464d-8fb1-6c63ad44feff" />
      <TestMethod codeBase="/home/runner/work/typespec/typespec/packages/http-client-csharp/generator/artifacts/bin/Microsoft.TypeSpec.Generator.ClientModel.Tests/Debug/net8.0/Microsoft.TypeSpec.Generator.ClientModel.Tests.dll" adapterTypeName="executor://nunit3testexecutor/" className="Microsoft.TypeSpec.Generator.ClientModel.Tests.Providers.ClientProviders.ClientProviderTests" name="ValidateIsLastNamespaceSegmentTheSame(&quot;.Foo&quot;,&quot;.Foo&quot;)" />
    </UnitTest>
    <UnitTest name="CanChangePropertySerializedName" storage="/home/runner/work/typespec/typespec/packages/http-client-csharp/generator/artifacts/bin/microsoft.typespec.generator.clientmodel.tests/debug/net8.0/microsoft.typespec.generator.clientmodel.tests.dll" id="37b11b1a-faeb-4c63-96fe-94b39c79fba8">
      <Execution id="956be3be-cc12-41de-ab8b-589dbaa36765" />
      <TestMethod codeBase="/home/runner/work/typespec/typespec/packages/http-client-csharp/generator/artifacts/bin/Microsoft.TypeSpec.Generator.ClientModel.Tests/Debug/net8.0/Microsoft.TypeSpec.Generator.ClientModel.Tests.dll" adapterTypeName="executor://nunit3testexecutor/" className="Microsoft.TypeSpec.Generator.ClientModel.Tests.Providers.MrwSerializationTypeDefinitions.SerializationCustomizationTests" name="CanChangePropertySerializedName" />
    </UnitTest>
    <UnitTest name="CanChangePropertyNameAndRedefineOriginal" storage="/home/runner/work/typespec/typespec/packages/http-client-csharp/generator/artifacts/bin/microsoft.typespec.generator.clientmodel.tests/debug/net8.0/microsoft.typespec.generator.clientmodel.tests.dll" id="3eaab606-da98-cb80-86c4-76c1a49a2c30">
      <Execution id="5ad197ea-5e2a-4390-8949-6c4756912408" />
      <TestMethod codeBase="/home/runner/work/typespec/typespec/packages/http-client-csharp/generator/artifacts/bin/Microsoft.TypeSpec.Generator.ClientModel.Tests/Debug/net8.0/Microsoft.TypeSpec.Generator.ClientModel.Tests.dll" adapterTypeName="executor://nunit3testexecutor/" className="Microsoft.TypeSpec.Generator.ClientModel.Tests.Providers.MrwSerializationTypeDefinitions.SerializationCustomizationTests" name="CanChangePropertyNameAndRedefineOriginal" />
    </UnitTest>
    <UnitTest name="AppendPath_ByteArray(&quot;http://localhost&quot;,[104, 101, 108, 108, 111],&quot;U&quot;,True,&quot;http://localhost/aGVsbG8&quot;)" storage="/home/runner/work/typespec/typespec/packages/http-client-csharp/generator/artifacts/bin/microsoft.typespec.generator.clientmodel.tests/debug/net8.0/microsoft.typespec.generator.clientmodel.tests.dll" id="20f7aa37-bdbd-2499-362a-8c32860422e9">
      <Execution id="d18c573b-0296-4f51-85a5-6252b36f46df" />
      <TestMethod codeBase="/home/runner/work/typespec/typespec/packages/http-client-csharp/generator/artifacts/bin/Microsoft.TypeSpec.Generator.ClientModel.Tests/Debug/net8.0/Microsoft.TypeSpec.Generator.ClientModel.Tests.dll" adapterTypeName="executor://nunit3testexecutor/" className="Microsoft.TypeSpec.Generator.ClientModel.Tests.Providers.ClientUriBuilderTests" name="AppendPath_ByteArray(&quot;http://localhost&quot;,[104, 101, 108, 108, 111],&quot;U&quot;,True,&quot;http://localhost/aGVsbG8&quot;)" />
    </UnitTest>
    <UnitTest name="ResetThenAppendPath(&quot;http://localhost/with&quot;,&quot;path&quot;,&quot;http://localhost/withpath&quot;)" storage="/home/runner/work/typespec/typespec/packages/http-client-csharp/generator/artifacts/bin/microsoft.typespec.generator.clientmodel.tests/debug/net8.0/microsoft.typespec.generator.clientmodel.tests.dll" id="a9dd89e9-5332-8f7c-9fd1-d81dd843c2eb">
      <Execution id="cbe69aa8-4855-49dc-8c7f-dd8e21b9e0ae" />
      <TestMethod codeBase="/home/runner/work/typespec/typespec/packages/http-client-csharp/generator/artifacts/bin/Microsoft.TypeSpec.Generator.ClientModel.Tests/Debug/net8.0/Microsoft.TypeSpec.Generator.ClientModel.Tests.dll" adapterTypeName="executor://nunit3testexecutor/" className="Microsoft.TypeSpec.Generator.ClientModel.Tests.Providers.ClientUriBuilderTests" name="ResetThenAppendPath(&quot;http://localhost/with&quot;,&quot;path&quot;,&quot;http://localhost/withpath&quot;)" />
    </UnitTest>
    <UnitTest name="NextLinkInBodyOfT" storage="/home/runner/work/typespec/typespec/packages/http-client-csharp/generator/artifacts/bin/microsoft.typespec.generator.clientmodel.tests/debug/net8.0/microsoft.typespec.generator.clientmodel.tests.dll" id="505e1ea4-0d08-e68d-cda2-548640bb0bd2">
      <Execution id="36e794b8-1f33-49db-872d-514946b914bf" />
      <TestMethod codeBase="/home/runner/work/typespec/typespec/packages/http-client-csharp/generator/artifacts/bin/Microsoft.TypeSpec.Generator.ClientModel.Tests/Debug/net8.0/Microsoft.TypeSpec.Generator.ClientModel.Tests.dll" adapterTypeName="executor://nunit3testexecutor/" className="Microsoft.TypeSpec.Generator.ClientModel.Tests.Providers.CollectionResultDefinitions.NextLinkTests" name="NextLinkInBodyOfT" />
    </UnitTest>
    <UnitTest name="TestBuildExplicitFromClientResult" storage="/home/runner/work/typespec/typespec/packages/http-client-csharp/generator/artifacts/bin/microsoft.typespec.generator.clientmodel.tests/debug/net8.0/microsoft.typespec.generator.clientmodel.tests.dll" id="d41c81ce-1573-0d69-8a41-0b5e2c4dff5c">
      <Execution id="322d61e2-8a61-427c-bc87-53303322c67c" />
      <TestMethod codeBase="/home/runner/work/typespec/typespec/packages/http-client-csharp/generator/artifacts/bin/Microsoft.TypeSpec.Generator.ClientModel.Tests/Debug/net8.0/Microsoft.TypeSpec.Generator.ClientModel.Tests.dll" adapterTypeName="executor://nunit3testexecutor/" className="Microsoft.TypeSpec.Generator.ClientModel.Tests.Providers.MrwSerializationTypeDefinitions.MrwSerializationTypeDefinitionTests" name="TestBuildExplicitFromClientResult" />
    </UnitTest>
    <UnitTest name="FormatsDatesAsJson(&quot;D&quot;,05/04/2020 00:00:00 +00:00,&quot;2020-05-04&quot;)" storage="/home/runner/work/typespec/typespec/packages/http-client-csharp/generator/artifacts/bin/microsoft.typespec.generator.clientmodel.tests/debug/net8.0/microsoft.typespec.generator.clientmodel.tests.dll" id="5012d36b-b617-1c43-82be-02c1ca8a65d2">
      <Execution id="4168ac89-4c36-46f5-83ed-8b2d6c3f9004" />
      <TestMethod codeBase="/home/runner/work/typespec/typespec/packages/http-client-csharp/generator/artifacts/bin/Microsoft.TypeSpec.Generator.ClientModel.Tests/Debug/net8.0/Microsoft.TypeSpec.Generator.ClientModel.Tests.dll" adapterTypeName="executor://nunit3testexecutor/" className="Microsoft.TypeSpec.Generator.ClientModel.Tests.Providers.TypeFormatterTests" name="FormatsDatesAsJson(&quot;D&quot;,05/04/2020 00:00:00 +00:00,&quot;2020-05-04&quot;)" />
    </UnitTest>
    <UnitTest name="RequestOptionsOptionality(False,False,False)" storage="/home/runner/work/typespec/typespec/packages/http-client-csharp/generator/artifacts/bin/microsoft.typespec.generator.clientmodel.tests/debug/net8.0/microsoft.typespec.generator.clientmodel.tests.dll" id="4632f35e-f6ce-353f-c111-e86cb37923a9">
      <Execution id="1abaa431-d73b-4494-9094-5fdf81f08fa9" />
      <TestMethod codeBase="/home/runner/work/typespec/typespec/packages/http-client-csharp/generator/artifacts/bin/Microsoft.TypeSpec.Generator.ClientModel.Tests/Debug/net8.0/Microsoft.TypeSpec.Generator.ClientModel.Tests.dll" adapterTypeName="executor://nunit3testexecutor/" className="Microsoft.TypeSpec.Generator.ClientModel.Tests.Providers.ScmMethodProviderCollectionTests" name="RequestOptionsOptionality(False,False,False)" />
    </UnitTest>
    <UnitTest name="ValidateClientWithAcceptHeader_NoValuesDefined" storage="/home/runner/work/typespec/typespec/packages/http-client-csharp/generator/artifacts/bin/microsoft.typespec.generator.clientmodel.tests/debug/net8.0/microsoft.typespec.generator.clientmodel.tests.dll" id="f8931a95-fbce-ccf9-7a95-09c5def45823">
      <Execution id="6bd5d57e-df49-4b36-8a19-3e9968f14a2f" />
      <TestMethod codeBase="/home/runner/work/typespec/typespec/packages/http-client-csharp/generator/artifacts/bin/Microsoft.TypeSpec.Generator.ClientModel.Tests/Debug/net8.0/Microsoft.TypeSpec.Generator.ClientModel.Tests.dll" adapterTypeName="executor://nunit3testexecutor/" className="Microsoft.TypeSpec.Generator.ClientModel.Tests.Providers.RestClientProviders.RestClientProviderTests" name="ValidateClientWithAcceptHeader_NoValuesDefined" />
    </UnitTest>
    <UnitTest name="AppendPath_Int(&quot;http://localhost&quot;,-299792458,True,&quot;http://localhost/-299792458&quot;)" storage="/home/runner/work/typespec/typespec/packages/http-client-csharp/generator/artifacts/bin/microsoft.typespec.generator.clientmodel.tests/debug/net8.0/microsoft.typespec.generator.clientmodel.tests.dll" id="a4e27c1f-b13a-63ea-5950-d6764b4af861">
      <Execution id="b6a1f4b3-ce6d-463e-8cb4-058248cc6e7a" />
      <TestMethod codeBase="/home/runner/work/typespec/typespec/packages/http-client-csharp/generator/artifacts/bin/Microsoft.TypeSpec.Generator.ClientModel.Tests/Debug/net8.0/Microsoft.TypeSpec.Generator.ClientModel.Tests.dll" adapterTypeName="executor://nunit3testexecutor/" className="Microsoft.TypeSpec.Generator.ClientModel.Tests.Providers.ClientUriBuilderTests" name="AppendPath_Int(&quot;http://localhost&quot;,-299792458,True,&quot;http://localhost/-299792458&quot;)" />
    </UnitTest>
    <UnitTest name="TestIntSerializationStatement(Int8,&quot;string&quot;)" storage="/home/runner/work/typespec/typespec/packages/http-client-csharp/generator/artifacts/bin/microsoft.typespec.generator.clientmodel.tests/debug/net8.0/microsoft.typespec.generator.clientmodel.tests.dll" id="19c8ef68-77a7-4e1b-7e89-0933712f66d1">
      <Execution id="26a97770-537f-41ad-b25d-6783e181f6de" />
      <TestMethod codeBase="/home/runner/work/typespec/typespec/packages/http-client-csharp/generator/artifacts/bin/Microsoft.TypeSpec.Generator.ClientModel.Tests/Debug/net8.0/Microsoft.TypeSpec.Generator.ClientModel.Tests.dll" adapterTypeName="executor://nunit3testexecutor/" className="Microsoft.TypeSpec.Generator.ClientModel.Tests.Providers.MrwSerializationTypeDefinitions.MrwSerializationTypeDefinitionTests" name="TestIntSerializationStatement(Int8,&quot;string&quot;)" />
    </UnitTest>
    <UnitTest name="ResetThenAppendPath(&quot;http://localhost&quot;,&quot;/path&quot;,&quot;http://localhost/path&quot;)" storage="/home/runner/work/typespec/typespec/packages/http-client-csharp/generator/artifacts/bin/microsoft.typespec.generator.clientmodel.tests/debug/net8.0/microsoft.typespec.generator.clientmodel.tests.dll" id="4a6df610-3011-254b-963a-e4ad1bd15d95">
      <Execution id="ee2f247b-7bc8-4270-9da7-1b1364390faa" />
      <TestMethod codeBase="/home/runner/work/typespec/typespec/packages/http-client-csharp/generator/artifacts/bin/Microsoft.TypeSpec.Generator.ClientModel.Tests/Debug/net8.0/Microsoft.TypeSpec.Generator.ClientModel.Tests.dll" adapterTypeName="executor://nunit3testexecutor/" className="Microsoft.TypeSpec.Generator.ClientModel.Tests.Providers.ClientUriBuilderTests" name="ResetThenAppendPath(&quot;http://localhost&quot;,&quot;/path&quot;,&quot;http://localhost/path&quot;)" />
    </UnitTest>
    <UnitTest name="RoundTripWithModelInterfaceNonGeneric(&quot;J&quot;)" storage="/home/runner/work/typespec/typespec/packages/http-client-csharp/generator/artifacts/bin/microsoft.typespec.generator.clientmodel.tests/debug/net8.0/microsoft.typespec.generator.clientmodel.tests.dll" id="8494c4fc-6e14-a22b-6d09-e420845ec6ec">
      <Execution id="330773f0-a3db-4ae9-8834-2843a386c414" />
      <TestMethod codeBase="/home/runner/work/typespec/typespec/packages/http-client-csharp/generator/artifacts/bin/Microsoft.TypeSpec.Generator.ClientModel.Tests/Debug/net8.0/Microsoft.TypeSpec.Generator.ClientModel.Tests.dll" adapterTypeName="executor://nunit3testexecutor/" className="Microsoft.TypeSpec.Generator.ClientModel.Tests.ModelReaderWriterValidation.TestProjects.Sample_TypeSpec.ThingTests" name="RoundTripWithModelInterfaceNonGeneric(&quot;J&quot;)" />
    </UnitTest>
    <UnitTest name="RoundTripWithJsonInterfaceUtf8ReaderNonGeneric(&quot;J&quot;)" storage="/home/runner/work/typespec/typespec/packages/http-client-csharp/generator/artifacts/bin/microsoft.typespec.generator.clientmodel.tests/debug/net8.0/microsoft.typespec.generator.clientmodel.tests.dll" id="8613ad41-9d85-d626-f136-26c1b7b762f6">
      <Execution id="75d85e8a-1673-475e-bcd9-e8729b28b663" />
      <TestMethod codeBase="/home/runner/work/typespec/typespec/packages/http-client-csharp/generator/artifacts/bin/Microsoft.TypeSpec.Generator.ClientModel.Tests/Debug/net8.0/Microsoft.TypeSpec.Generator.ClientModel.Tests.dll" adapterTypeName="executor://nunit3testexecutor/" className="Microsoft.TypeSpec.Generator.ClientModel.Tests.ModelReaderWriterValidation.TestProjects.Sample_TypeSpec.RoundTripModelTests" name="RoundTripWithJsonInterfaceUtf8ReaderNonGeneric(&quot;J&quot;)" />
    </UnitTest>
    <UnitTest name="TestBuildDeserializationMethod(Microsoft.TypeSpec.Generator.Input.InputPrimitiveType,[&quot;bool&quot;],[&quot;case (global::System.Text.Json.JsonValueKind.True || global::System.Text.Json.JsonValueKind.False):&quot;, &quot;additionalProperties.Add(prop.Name, prop.Value.GetBoolean());&quot;])" storage="/home/runner/work/typespec/typespec/packages/http-client-csharp/generator/artifacts/bin/microsoft.typespec.generator.clientmodel.tests/debug/net8.0/microsoft.typespec.generator.clientmodel.tests.dll" id="8c32a78b-8884-f0f7-4dc4-773316383b83">
      <Execution id="cfaa9083-3a3a-4fa3-8a3c-1323e0c0a20e" />
      <TestMethod codeBase="/home/runner/work/typespec/typespec/packages/http-client-csharp/generator/artifacts/bin/Microsoft.TypeSpec.Generator.ClientModel.Tests/Debug/net8.0/Microsoft.TypeSpec.Generator.ClientModel.Tests.dll" adapterTypeName="executor://nunit3testexecutor/" className="Microsoft.TypeSpec.Generator.ClientModel.Tests.Providers.MrwSerializationTypeDefinitions.AdditionalPropertiesTest" name="TestBuildDeserializationMethod(Microsoft.TypeSpec.Generator.Input.InputPrimitiveType,[&quot;bool&quot;],[&quot;case (global::System.Text.Json.JsonValueKind.True || global::System.Text.Json.JsonValueKind.False):&quot;, &quot;additionalProperties.Add(prop.Name, prop.Value.GetBoolean());&quot;])" />
    </UnitTest>
    <UnitTest name="ListMethodIsRenamedToGet" storage="/home/runner/work/typespec/typespec/packages/http-client-csharp/generator/artifacts/bin/microsoft.typespec.generator.clientmodel.tests/debug/net8.0/microsoft.typespec.generator.clientmodel.tests.dll" id="9a0b5fe5-23b6-e1a0-71e7-8e9b88d6007e">
      <Execution id="23109137-4c9d-4665-afce-e6278251ebe0" />
      <TestMethod codeBase="/home/runner/work/typespec/typespec/packages/http-client-csharp/generator/artifacts/bin/Microsoft.TypeSpec.Generator.ClientModel.Tests/Debug/net8.0/Microsoft.TypeSpec.Generator.ClientModel.Tests.dll" adapterTypeName="executor://nunit3testexecutor/" className="Microsoft.TypeSpec.Generator.ClientModel.Tests.Providers.ScmMethodProviderCollectionTests" name="ListMethodIsRenamedToGet" />
    </UnitTest>
    <UnitTest name="ResetThenAppendPath(&quot;http://localhost&quot;,null,&quot;http://localhost/&quot;)" storage="/home/runner/work/typespec/typespec/packages/http-client-csharp/generator/artifacts/bin/microsoft.typespec.generator.clientmodel.tests/debug/net8.0/microsoft.typespec.generator.clientmodel.tests.dll" id="f2b83b76-897b-f512-648e-fe8c53bce467">
      <Execution id="a873c6c9-f3a3-4e01-860d-8a5640da7558" />
      <TestMethod codeBase="/home/runner/work/typespec/typespec/packages/http-client-csharp/generator/artifacts/bin/Microsoft.TypeSpec.Generator.ClientModel.Tests/Debug/net8.0/Microsoft.TypeSpec.Generator.ClientModel.Tests.dll" adapterTypeName="executor://nunit3testexecutor/" className="Microsoft.TypeSpec.Generator.ClientModel.Tests.Providers.ClientUriBuilderTests" name="ResetThenAppendPath(&quot;http://localhost&quot;,null,&quot;http://localhost/&quot;)" />
    </UnitTest>
    <UnitTest name="TestIntDeserializeExpression(System.Int16,Int_String)" storage="/home/runner/work/typespec/typespec/packages/http-client-csharp/generator/artifacts/bin/microsoft.typespec.generator.clientmodel.tests/debug/net8.0/microsoft.typespec.generator.clientmodel.tests.dll" id="3324df3f-d0c2-2d28-c81e-613d4d905e8f">
      <Execution id="e7f49151-63d3-4f30-a976-232c7b5146d8" />
      <TestMethod codeBase="/home/runner/work/typespec/typespec/packages/http-client-csharp/generator/artifacts/bin/Microsoft.TypeSpec.Generator.ClientModel.Tests/Debug/net8.0/Microsoft.TypeSpec.Generator.ClientModel.Tests.dll" adapterTypeName="executor://nunit3testexecutor/" className="Microsoft.TypeSpec.Generator.ClientModel.Tests.Providers.MrwSerializationTypeDefinitions.MrwSerializationTypeDefinitionTests" name="TestIntDeserializeExpression(System.Int16,Int_String)" />
    </UnitTest>
    <UnitTest name="TestIntSerializationStatement(Integer,&quot;string&quot;)" storage="/home/runner/work/typespec/typespec/packages/http-client-csharp/generator/artifacts/bin/microsoft.typespec.generator.clientmodel.tests/debug/net8.0/microsoft.typespec.generator.clientmodel.tests.dll" id="95b47281-e8c1-361c-53c0-38909c103b14">
      <Execution id="cf4ee961-a88a-4e3c-bab6-662108a24da7" />
      <TestMethod codeBase="/home/runner/work/typespec/typespec/packages/http-client-csharp/generator/artifacts/bin/Microsoft.TypeSpec.Generator.ClientModel.Tests/Debug/net8.0/Microsoft.TypeSpec.Generator.ClientModel.Tests.dll" adapterTypeName="executor://nunit3testexecutor/" className="Microsoft.TypeSpec.Generator.ClientModel.Tests.Providers.MrwSerializationTypeDefinitions.MrwSerializationTypeDefinitionTests" name="TestIntSerializationStatement(Integer,&quot;string&quot;)" />
    </UnitTest>
    <UnitTest name="BaseSerializationContainsSwitchStatement" storage="/home/runner/work/typespec/typespec/packages/http-client-csharp/generator/artifacts/bin/microsoft.typespec.generator.clientmodel.tests/debug/net8.0/microsoft.typespec.generator.clientmodel.tests.dll" id="15172e93-4a8e-8f04-e2ea-6f69251cd20d">
      <Execution id="fc278013-7da4-4fb2-a920-3d866ad49756" />
      <TestMethod codeBase="/home/runner/work/typespec/typespec/packages/http-client-csharp/generator/artifacts/bin/Microsoft.TypeSpec.Generator.ClientModel.Tests/Debug/net8.0/Microsoft.TypeSpec.Generator.ClientModel.Tests.dll" adapterTypeName="executor://nunit3testexecutor/" className="Microsoft.TypeSpec.Generator.ClientModel.Tests.Providers.MrwSerializationTypeDefinitions.DiscriminatorTests" name="BaseSerializationContainsSwitchStatement" />
    </UnitTest>
    <UnitTest name="CanRemoveCachingField" storage="/home/runner/work/typespec/typespec/packages/http-client-csharp/generator/artifacts/bin/microsoft.typespec.generator.clientmodel.tests/debug/net8.0/microsoft.typespec.generator.clientmodel.tests.dll" id="f340e295-f389-f4e4-e569-601715b5e578">
      <Execution id="b27d56d5-df3f-4ca7-bb13-2900d0be8008" />
      <TestMethod codeBase="/home/runner/work/typespec/typespec/packages/http-client-csharp/generator/artifacts/bin/Microsoft.TypeSpec.Generator.ClientModel.Tests/Debug/net8.0/Microsoft.TypeSpec.Generator.ClientModel.Tests.dll" adapterTypeName="executor://nunit3testexecutor/" className="Microsoft.TypeSpec.Generator.ClientModel.Tests.Providers.ClientProviders.ClientProviderCustomizationTests" name="CanRemoveCachingField" />
    </UnitTest>
    <UnitTest name="RoundTripWithModelInterface(&quot;J&quot;)" storage="/home/runner/work/typespec/typespec/packages/http-client-csharp/generator/artifacts/bin/microsoft.typespec.generator.clientmodel.tests/debug/net8.0/microsoft.typespec.generator.clientmodel.tests.dll" id="f386f2c1-9bbf-a6f6-548a-2cdba0a98a5a">
      <Execution id="85ef94a1-cb39-4176-a89f-4820f6c6121e" />
      <TestMethod codeBase="/home/runner/work/typespec/typespec/packages/http-client-csharp/generator/artifacts/bin/Microsoft.TypeSpec.Generator.ClientModel.Tests/Debug/net8.0/Microsoft.TypeSpec.Generator.ClientModel.Tests.dll" adapterTypeName="executor://nunit3testexecutor/" className="Microsoft.TypeSpec.Generator.ClientModel.Tests.ModelReaderWriterValidation.TestProjects.Sample_TypeSpec.RoundTripModelTests" name="RoundTripWithModelInterface(&quot;J&quot;)" />
    </UnitTest>
    <UnitTest name="ListMethodWithNoPaging" storage="/home/runner/work/typespec/typespec/packages/http-client-csharp/generator/artifacts/bin/microsoft.typespec.generator.clientmodel.tests/debug/net8.0/microsoft.typespec.generator.clientmodel.tests.dll" id="bffb1606-622b-75c0-1073-31fd498473a7">
      <Execution id="c880a5a0-248b-4fe2-8a02-a4b7b6ee8d58" />
      <TestMethod codeBase="/home/runner/work/typespec/typespec/packages/http-client-csharp/generator/artifacts/bin/Microsoft.TypeSpec.Generator.ClientModel.Tests/Debug/net8.0/Microsoft.TypeSpec.Generator.ClientModel.Tests.dll" adapterTypeName="executor://nunit3testexecutor/" className="Microsoft.TypeSpec.Generator.ClientModel.Tests.Providers.ScmMethodProviderCollectionTests" name="ListMethodWithNoPaging" />
    </UnitTest>
    <UnitTest name="NextLinkInBody" storage="/home/runner/work/typespec/typespec/packages/http-client-csharp/generator/artifacts/bin/microsoft.typespec.generator.clientmodel.tests/debug/net8.0/microsoft.typespec.generator.clientmodel.tests.dll" id="35b2bf0f-1bb3-7eee-c109-7d928c5b6267">
      <Execution id="2697d09d-a757-4ff0-8b3a-0ccfff3bbdc0" />
      <TestMethod codeBase="/home/runner/work/typespec/typespec/packages/http-client-csharp/generator/artifacts/bin/Microsoft.TypeSpec.Generator.ClientModel.Tests/Debug/net8.0/Microsoft.TypeSpec.Generator.ClientModel.Tests.dll" adapterTypeName="executor://nunit3testexecutor/" className="Microsoft.TypeSpec.Generator.ClientModel.Tests.Providers.CollectionResultDefinitions.NextLinkTests" name="NextLinkInBody" />
    </UnitTest>
    <UnitTest name="FormatsDatesAsJson(&quot;o&quot;,05/04/2020 03:02:01 +00:00,&quot;2020-05-04T03:02:01.1230000Z&quot;)" storage="/home/runner/work/typespec/typespec/packages/http-client-csharp/generator/artifacts/bin/microsoft.typespec.generator.clientmodel.tests/debug/net8.0/microsoft.typespec.generator.clientmodel.tests.dll" id="be597b53-9e4f-dcdb-cad8-00fb11c924b4">
      <Execution id="0c1072be-3cf9-495d-9412-0470b507783b" />
      <TestMethod codeBase="/home/runner/work/typespec/typespec/packages/http-client-csharp/generator/artifacts/bin/Microsoft.TypeSpec.Generator.ClientModel.Tests/Debug/net8.0/Microsoft.TypeSpec.Generator.ClientModel.Tests.dll" adapterTypeName="executor://nunit3testexecutor/" className="Microsoft.TypeSpec.Generator.ClientModel.Tests.Providers.TypeFormatterTests" name="FormatsDatesAsJson(&quot;o&quot;,05/04/2020 03:02:01 +00:00,&quot;2020-05-04T03:02:01.1230000Z&quot;)" />
    </UnitTest>
    <UnitTest name="FormatsDatesAsString(&quot;O&quot;,05/04/2020 03:02:01 +01:00,&quot;2020-05-04T02:02:01.1230000Z&quot;)" storage="/home/runner/work/typespec/typespec/packages/http-client-csharp/generator/artifacts/bin/microsoft.typespec.generator.clientmodel.tests/debug/net8.0/microsoft.typespec.generator.clientmodel.tests.dll" id="e2f241f3-f0df-b14e-8775-9cc120b5a97a">
      <Execution id="1c97c772-2f75-4086-9ae1-f0c23438ec80" />
      <TestMethod codeBase="/home/runner/work/typespec/typespec/packages/http-client-csharp/generator/artifacts/bin/Microsoft.TypeSpec.Generator.ClientModel.Tests/Debug/net8.0/Microsoft.TypeSpec.Generator.ClientModel.Tests.dll" adapterTypeName="executor://nunit3testexecutor/" className="Microsoft.TypeSpec.Generator.ClientModel.Tests.Providers.TypeFormatterTests" name="FormatsDatesAsString(&quot;O&quot;,05/04/2020 03:02:01 +01:00,&quot;2020-05-04T02:02:01.1230000Z&quot;)" />
    </UnitTest>
    <UnitTest name="RoundTripWithModelCast(&quot;W&quot;)" storage="/home/runner/work/typespec/typespec/packages/http-client-csharp/generator/artifacts/bin/microsoft.typespec.generator.clientmodel.tests/debug/net8.0/microsoft.typespec.generator.clientmodel.tests.dll" id="e55750b2-62ef-9dbe-18e1-f31fcd761b56">
      <Execution id="736fc64f-3398-4eca-912c-e674524afeff" />
      <TestMethod codeBase="/home/runner/work/typespec/typespec/packages/http-client-csharp/generator/artifacts/bin/Microsoft.TypeSpec.Generator.ClientModel.Tests/Debug/net8.0/Microsoft.TypeSpec.Generator.ClientModel.Tests.dll" adapterTypeName="executor://nunit3testexecutor/" className="Microsoft.TypeSpec.Generator.ClientModel.Tests.ModelReaderWriterValidation.TestProjects.Sample_TypeSpec.RoundTripModelTests" name="RoundTripWithModelCast(&quot;W&quot;)" />
    </UnitTest>
    <UnitTest name="AppendQuery_TimeSpan(&quot;http://localhost&quot;,&quot;02:15:00&quot;,&quot;P&quot;,True,&quot;http://localhost/?query=PT2H15M&quot;)" storage="/home/runner/work/typespec/typespec/packages/http-client-csharp/generator/artifacts/bin/microsoft.typespec.generator.clientmodel.tests/debug/net8.0/microsoft.typespec.generator.clientmodel.tests.dll" id="2e3d963d-2c88-d01e-672b-3e7de3778e63">
      <Execution id="cc4740ac-71f8-4cf5-8bf0-5df8a0d38fbc" />
      <TestMethod codeBase="/home/runner/work/typespec/typespec/packages/http-client-csharp/generator/artifacts/bin/Microsoft.TypeSpec.Generator.ClientModel.Tests/Debug/net8.0/Microsoft.TypeSpec.Generator.ClientModel.Tests.dll" adapterTypeName="executor://nunit3testexecutor/" className="Microsoft.TypeSpec.Generator.ClientModel.Tests.Providers.ClientUriBuilderTests" name="AppendQuery_TimeSpan(&quot;http://localhost&quot;,&quot;02:15:00&quot;,&quot;P&quot;,True,&quot;http://localhost/?query=PT2H15M&quot;)" />
    </UnitTest>
    <UnitTest name="ResetThenAppendQuery(&quot;http://localhost/some/&quot;,&quot;one|1&quot;,&quot;http://localhost/some/?one=1&quot;)" storage="/home/runner/work/typespec/typespec/packages/http-client-csharp/generator/artifacts/bin/microsoft.typespec.generator.clientmodel.tests/debug/net8.0/microsoft.typespec.generator.clientmodel.tests.dll" id="86e3f85a-a891-efe2-3e19-1eec0a853048">
      <Execution id="fd147c78-f07d-4f5f-8db0-6e4402763b42" />
      <TestMethod codeBase="/home/runner/work/typespec/typespec/packages/http-client-csharp/generator/artifacts/bin/Microsoft.TypeSpec.Generator.ClientModel.Tests/Debug/net8.0/Microsoft.TypeSpec.Generator.ClientModel.Tests.dll" adapterTypeName="executor://nunit3testexecutor/" className="Microsoft.TypeSpec.Generator.ClientModel.Tests.Providers.ClientUriBuilderTests" name="ResetThenAppendQuery(&quot;http://localhost/some/&quot;,&quot;one|1&quot;,&quot;http://localhost/some/?one=1&quot;)" />
    </UnitTest>
    <UnitTest name="ResetThenAppendPathThenAppendQuery(&quot;http://localhost&quot;,&quot;some&quot;,&quot;one|1&quot;,&quot;http://localhost/some?one=1&quot;)" storage="/home/runner/work/typespec/typespec/packages/http-client-csharp/generator/artifacts/bin/microsoft.typespec.generator.clientmodel.tests/debug/net8.0/microsoft.typespec.generator.clientmodel.tests.dll" id="19c28362-a18b-6f39-d6be-858ea76684d8">
      <Execution id="7c57d5bf-8981-4e7f-8886-59903f1c4ded" />
      <TestMethod codeBase="/home/runner/work/typespec/typespec/packages/http-client-csharp/generator/artifacts/bin/Microsoft.TypeSpec.Generator.ClientModel.Tests/Debug/net8.0/Microsoft.TypeSpec.Generator.ClientModel.Tests.dll" adapterTypeName="executor://nunit3testexecutor/" className="Microsoft.TypeSpec.Generator.ClientModel.Tests.Providers.ClientUriBuilderTests" name="ResetThenAppendPathThenAppendQuery(&quot;http://localhost&quot;,&quot;some&quot;,&quot;one|1&quot;,&quot;http://localhost/some?one=1&quot;)" />
    </UnitTest>
    <UnitTest name="AppendPath_Int(&quot;http://localhost&quot;,-299792458,False,&quot;http://localhost/-299792458&quot;)" storage="/home/runner/work/typespec/typespec/packages/http-client-csharp/generator/artifacts/bin/microsoft.typespec.generator.clientmodel.tests/debug/net8.0/microsoft.typespec.generator.clientmodel.tests.dll" id="a1c7a7a4-30b8-eb82-955d-baf3a6270edd">
      <Execution id="5a4a90d9-623f-4a1a-8691-b639480d50e8" />
      <TestMethod codeBase="/home/runner/work/typespec/typespec/packages/http-client-csharp/generator/artifacts/bin/Microsoft.TypeSpec.Generator.ClientModel.Tests/Debug/net8.0/Microsoft.TypeSpec.Generator.ClientModel.Tests.dll" adapterTypeName="executor://nunit3testexecutor/" className="Microsoft.TypeSpec.Generator.ClientModel.Tests.Providers.ClientUriBuilderTests" name="AppendPath_Int(&quot;http://localhost&quot;,-299792458,False,&quot;http://localhost/-299792458&quot;)" />
    </UnitTest>
    <UnitTest name="RoundTripWithJsonInterfaceNonGeneric(&quot;J&quot;)" storage="/home/runner/work/typespec/typespec/packages/http-client-csharp/generator/artifacts/bin/microsoft.typespec.generator.clientmodel.tests/debug/net8.0/microsoft.typespec.generator.clientmodel.tests.dll" id="d5bf2cba-f614-6dc7-c8b0-5dc8f1b0688a">
      <Execution id="25bbf1dc-b6cb-48ba-b549-a451d274ad10" />
      <TestMethod codeBase="/home/runner/work/typespec/typespec/packages/http-client-csharp/generator/artifacts/bin/Microsoft.TypeSpec.Generator.ClientModel.Tests/Debug/net8.0/Microsoft.TypeSpec.Generator.ClientModel.Tests.dll" adapterTypeName="executor://nunit3testexecutor/" className="Microsoft.TypeSpec.Generator.ClientModel.Tests.ModelReaderWriterValidation.TestProjects.Sample_TypeSpec.FriendTests" name="RoundTripWithJsonInterfaceNonGeneric(&quot;J&quot;)" />
    </UnitTest>
    <UnitTest name="ResetThenAppendQuery(&quot;http://localhost&quot;,&quot;one|1|two|2&quot;,&quot;http://localhost/?one=1&amp;two=2&quot;)" storage="/home/runner/work/typespec/typespec/packages/http-client-csharp/generator/artifacts/bin/microsoft.typespec.generator.clientmodel.tests/debug/net8.0/microsoft.typespec.generator.clientmodel.tests.dll" id="76047b41-0e4d-e4f0-081c-d902d04aad22">
      <Execution id="2365bd42-3f35-49c2-a847-1aecdd3f541a" />
      <TestMethod codeBase="/home/runner/work/typespec/typespec/packages/http-client-csharp/generator/artifacts/bin/Microsoft.TypeSpec.Generator.ClientModel.Tests/Debug/net8.0/Microsoft.TypeSpec.Generator.ClientModel.Tests.dll" adapterTypeName="executor://nunit3testexecutor/" className="Microsoft.TypeSpec.Generator.ClientModel.Tests.Providers.ClientUriBuilderTests" name="ResetThenAppendQuery(&quot;http://localhost&quot;,&quot;one|1|two|2&quot;,&quot;http://localhost/?one=1&amp;two=2&quot;)" />
    </UnitTest>
    <UnitTest name="RoundTripWithModelReaderWriterNonGeneric(&quot;W&quot;)" storage="/home/runner/work/typespec/typespec/packages/http-client-csharp/generator/artifacts/bin/microsoft.typespec.generator.clientmodel.tests/debug/net8.0/microsoft.typespec.generator.clientmodel.tests.dll" id="c0d2d7c8-8f54-3223-54ea-6b285d3fac39">
      <Execution id="99c5e37f-7ad0-49d7-b3b3-22729dcf7785" />
      <TestMethod codeBase="/home/runner/work/typespec/typespec/packages/http-client-csharp/generator/artifacts/bin/Microsoft.TypeSpec.Generator.ClientModel.Tests/Debug/net8.0/Microsoft.TypeSpec.Generator.ClientModel.Tests.dll" adapterTypeName="executor://nunit3testexecutor/" className="Microsoft.TypeSpec.Generator.ClientModel.Tests.ModelReaderWriterValidation.TestProjects.Sample_TypeSpec.ThingWithNullsTests" name="RoundTripWithModelReaderWriterNonGeneric(&quot;W&quot;)" />
    </UnitTest>
    <UnitTest name="ValidateConvertToString(&quot;O&quot;,12/31/9999 23:59:59 +01:00,&quot;9999-12-31T22:59:59.9999999Z&quot;)" storage="/home/runner/work/typespec/typespec/packages/http-client-csharp/generator/artifacts/bin/microsoft.typespec.generator.clientmodel.tests/debug/net8.0/microsoft.typespec.generator.clientmodel.tests.dll" id="64f221c7-b62a-2588-eba2-e29a560f56d2">
      <Execution id="9ef5f072-c961-4c25-9481-8550f6161bf7" />
      <TestMethod codeBase="/home/runner/work/typespec/typespec/packages/http-client-csharp/generator/artifacts/bin/Microsoft.TypeSpec.Generator.ClientModel.Tests/Debug/net8.0/Microsoft.TypeSpec.Generator.ClientModel.Tests.dll" adapterTypeName="executor://nunit3testexecutor/" className="Microsoft.TypeSpec.Generator.ClientModel.Tests.Providers.TypeFormatterTests" name="ValidateConvertToString(&quot;O&quot;,12/31/9999 23:59:59 +01:00,&quot;9999-12-31T22:59:59.9999999Z&quot;)" />
    </UnitTest>
    <UnitTest name="ValidateConvertToString(&quot;D&quot;,test,&quot;dGVzdA==&quot;)" storage="/home/runner/work/typespec/typespec/packages/http-client-csharp/generator/artifacts/bin/microsoft.typespec.generator.clientmodel.tests/debug/net8.0/microsoft.typespec.generator.clientmodel.tests.dll" id="a4ce03e5-e5b7-fd8f-5cab-d75162b5702b">
      <Execution id="6632d0b7-d39c-4ac5-b94b-d249314cb935" />
      <TestMethod codeBase="/home/runner/work/typespec/typespec/packages/http-client-csharp/generator/artifacts/bin/Microsoft.TypeSpec.Generator.ClientModel.Tests/Debug/net8.0/Microsoft.TypeSpec.Generator.ClientModel.Tests.dll" adapterTypeName="executor://nunit3testexecutor/" className="Microsoft.TypeSpec.Generator.ClientModel.Tests.Providers.TypeFormatterTests" name="ValidateConvertToString(&quot;D&quot;,test,&quot;dGVzdA==&quot;)" />
    </UnitTest>
    <UnitTest name="FormatsDatesAsJson(&quot;R&quot;,05/04/2020 03:02:01 +00:00,&quot;Mon, 04 May 2020 03:02:01 GMT&quot;)" storage="/home/runner/work/typespec/typespec/packages/http-client-csharp/generator/artifacts/bin/microsoft.typespec.generator.clientmodel.tests/debug/net8.0/microsoft.typespec.generator.clientmodel.tests.dll" id="b4e9abf5-dcce-a867-f0a1-16b9bce1e33c">
      <Execution id="8901507b-96b3-484d-b291-7f80ef9d692c" />
      <TestMethod codeBase="/home/runner/work/typespec/typespec/packages/http-client-csharp/generator/artifacts/bin/Microsoft.TypeSpec.Generator.ClientModel.Tests/Debug/net8.0/Microsoft.TypeSpec.Generator.ClientModel.Tests.dll" adapterTypeName="executor://nunit3testexecutor/" className="Microsoft.TypeSpec.Generator.ClientModel.Tests.Providers.TypeFormatterTests" name="FormatsDatesAsJson(&quot;R&quot;,05/04/2020 03:02:01 +00:00,&quot;Mon, 04 May 2020 03:02:01 GMT&quot;)" />
    </UnitTest>
    <UnitTest name="RoundTripWithModelInterface(&quot;J&quot;)" storage="/home/runner/work/typespec/typespec/packages/http-client-csharp/generator/artifacts/bin/microsoft.typespec.generator.clientmodel.tests/debug/net8.0/microsoft.typespec.generator.clientmodel.tests.dll" id="84ad1089-0415-9b9d-3949-c442ce279fcc">
      <Execution id="c322a859-b253-4e35-8d2d-7cfce2bff717" />
      <TestMethod codeBase="/home/runner/work/typespec/typespec/packages/http-client-csharp/generator/artifacts/bin/Microsoft.TypeSpec.Generator.ClientModel.Tests/Debug/net8.0/Microsoft.TypeSpec.Generator.ClientModel.Tests.dll" adapterTypeName="executor://nunit3testexecutor/" className="Microsoft.TypeSpec.Generator.ClientModel.Tests.ModelReaderWriterValidation.TestProjects.Sample_TypeSpec.ThingWithNullsTests" name="RoundTripWithModelInterface(&quot;J&quot;)" />
    </UnitTest>
    <UnitTest name="AppendQueryDelimited(&quot;http://localhost&quot;,[&quot;hello&quot;, &quot;world&quot;],&quot;,&quot;,True,&quot;http://localhost/?query=hello%2Cworld&quot;)" storage="/home/runner/work/typespec/typespec/packages/http-client-csharp/generator/artifacts/bin/microsoft.typespec.generator.clientmodel.tests/debug/net8.0/microsoft.typespec.generator.clientmodel.tests.dll" id="d81aefaa-21b2-2ce8-1512-b4dc36d8fb4e">
      <Execution id="989cb73c-7eb7-47af-ae92-abc9980b47ae" />
      <TestMethod codeBase="/home/runner/work/typespec/typespec/packages/http-client-csharp/generator/artifacts/bin/Microsoft.TypeSpec.Generator.ClientModel.Tests/Debug/net8.0/Microsoft.TypeSpec.Generator.ClientModel.Tests.dll" adapterTypeName="executor://nunit3testexecutor/" className="Microsoft.TypeSpec.Generator.ClientModel.Tests.Providers.ClientUriBuilderTests" name="AppendQueryDelimited(&quot;http://localhost&quot;,[&quot;hello&quot;, &quot;world&quot;],&quot;,&quot;,True,&quot;http://localhost/?query=hello%2Cworld&quot;)" />
    </UnitTest>
    <UnitTest name="ResetThenAppendPathThenAppendQuery(&quot;http://localhost/&quot;,&quot;/some/&quot;,&quot;one|1&quot;,&quot;http://localhost/some/?one=1&quot;)" storage="/home/runner/work/typespec/typespec/packages/http-client-csharp/generator/artifacts/bin/microsoft.typespec.generator.clientmodel.tests/debug/net8.0/microsoft.typespec.generator.clientmodel.tests.dll" id="5b3ddd4d-574c-53fd-f18b-066847d4b1fe">
      <Execution id="ab4fd237-c810-45df-8fd3-abeac15d043f" />
      <TestMethod codeBase="/home/runner/work/typespec/typespec/packages/http-client-csharp/generator/artifacts/bin/Microsoft.TypeSpec.Generator.ClientModel.Tests/Debug/net8.0/Microsoft.TypeSpec.Generator.ClientModel.Tests.dll" adapterTypeName="executor://nunit3testexecutor/" className="Microsoft.TypeSpec.Generator.ClientModel.Tests.Providers.ClientUriBuilderTests" name="ResetThenAppendPathThenAppendQuery(&quot;http://localhost/&quot;,&quot;/some/&quot;,&quot;one|1&quot;,&quot;http://localhost/some/?one=1&quot;)" />
    </UnitTest>
    <UnitTest name="NonBodyPropertyKindsInModel" storage="/home/runner/work/typespec/typespec/packages/http-client-csharp/generator/artifacts/bin/microsoft.typespec.generator.clientmodel.tests/debug/net8.0/microsoft.typespec.generator.clientmodel.tests.dll" id="e0ce0b4d-3174-1ac5-ec25-2446ab1e03e3">
      <Execution id="798a5e75-2bc9-403d-bc46-b7312e4eeffb" />
      <TestMethod codeBase="/home/runner/work/typespec/typespec/packages/http-client-csharp/generator/artifacts/bin/Microsoft.TypeSpec.Generator.ClientModel.Tests/Debug/net8.0/Microsoft.TypeSpec.Generator.ClientModel.Tests.dll" adapterTypeName="executor://nunit3testexecutor/" className="Microsoft.TypeSpec.Generator.ClientModel.Tests.Providers.MrwSerializationTypeDefinitions.JsonModelCoreTests" name="NonBodyPropertyKindsInModel" />
    </UnitTest>
    <UnitTest name="RoundTripWithJsonInterfaceUtf8ReaderNonGeneric(&quot;J&quot;)" storage="/home/runner/work/typespec/typespec/packages/http-client-csharp/generator/artifacts/bin/microsoft.typespec.generator.clientmodel.tests/debug/net8.0/microsoft.typespec.generator.clientmodel.tests.dll" id="4aeb2cf1-e0c9-d53a-978a-fe86c8b66c85">
      <Execution id="118acd35-c35e-4c87-82a9-375a52d6b2ae" />
      <TestMethod codeBase="/home/runner/work/typespec/typespec/packages/http-client-csharp/generator/artifacts/bin/Microsoft.TypeSpec.Generator.ClientModel.Tests/Debug/net8.0/Microsoft.TypeSpec.Generator.ClientModel.Tests.dll" adapterTypeName="executor://nunit3testexecutor/" className="Microsoft.TypeSpec.Generator.ClientModel.Tests.ModelReaderWriterValidation.TestProjects.Sample_TypeSpec.ThingWithNullsTests" name="RoundTripWithJsonInterfaceUtf8ReaderNonGeneric(&quot;J&quot;)" />
    </UnitTest>
    <UnitTest name="EndpointAppliedInCreateMethodRequest(&quot;{endpoint}&quot;,&quot;endpoint&quot;)" storage="/home/runner/work/typespec/typespec/packages/http-client-csharp/generator/artifacts/bin/microsoft.typespec.generator.clientmodel.tests/debug/net8.0/microsoft.typespec.generator.clientmodel.tests.dll" id="2959eeda-a4b5-3546-ecb7-e96124d728c7">
      <Execution id="e9c80dee-3e32-4770-b019-1e4931f4e1c3" />
      <TestMethod codeBase="/home/runner/work/typespec/typespec/packages/http-client-csharp/generator/artifacts/bin/Microsoft.TypeSpec.Generator.ClientModel.Tests/Debug/net8.0/Microsoft.TypeSpec.Generator.ClientModel.Tests.dll" adapterTypeName="executor://nunit3testexecutor/" className="Microsoft.TypeSpec.Generator.ClientModel.Tests.Providers.ClientProviders.ClientProviderTests" name="EndpointAppliedInCreateMethodRequest(&quot;{endpoint}&quot;,&quot;endpoint&quot;)" />
    </UnitTest>
    <UnitTest name="RoundTripWithJsonInterfaceUtf8Reader(&quot;W&quot;)" storage="/home/runner/work/typespec/typespec/packages/http-client-csharp/generator/artifacts/bin/microsoft.typespec.generator.clientmodel.tests/debug/net8.0/microsoft.typespec.generator.clientmodel.tests.dll" id="faa5573b-343f-0522-2b3d-8e3745b6c8ae">
      <Execution id="de7c97e7-4099-4b49-8229-adf4122ab70d" />
      <TestMethod codeBase="/home/runner/work/typespec/typespec/packages/http-client-csharp/generator/artifacts/bin/Microsoft.TypeSpec.Generator.ClientModel.Tests/Debug/net8.0/Microsoft.TypeSpec.Generator.ClientModel.Tests.dll" adapterTypeName="executor://nunit3testexecutor/" className="Microsoft.TypeSpec.Generator.ClientModel.Tests.ModelReaderWriterValidation.TestProjects.Sample_TypeSpec.RenamedModelTests" name="RoundTripWithJsonInterfaceUtf8Reader(&quot;W&quot;)" />
    </UnitTest>
    <UnitTest name="ResetThenAppendPath(&quot;http://localhost:12345/with/&quot;,&quot;path&quot;,&quot;http://localhost:12345/with/path&quot;)" storage="/home/runner/work/typespec/typespec/packages/http-client-csharp/generator/artifacts/bin/microsoft.typespec.generator.clientmodel.tests/debug/net8.0/microsoft.typespec.generator.clientmodel.tests.dll" id="6d43122f-b0d5-bf9d-4528-2f67c9810804">
      <Execution id="374d8cce-7dba-414b-98d8-96fc55281061" />
      <TestMethod codeBase="/home/runner/work/typespec/typespec/packages/http-client-csharp/generator/artifacts/bin/Microsoft.TypeSpec.Generator.ClientModel.Tests/Debug/net8.0/Microsoft.TypeSpec.Generator.ClientModel.Tests.dll" adapterTypeName="executor://nunit3testexecutor/" className="Microsoft.TypeSpec.Generator.ClientModel.Tests.Providers.ClientUriBuilderTests" name="ResetThenAppendPath(&quot;http://localhost:12345/with/&quot;,&quot;path&quot;,&quot;http://localhost:12345/with/path&quot;)" />
    </UnitTest>
    <UnitTest name="ValidateConvertToString(&quot;O&quot;,05/04/2020 03:02:01 +00:00,&quot;2020-05-04T03:02:01.1230000Z&quot;)" storage="/home/runner/work/typespec/typespec/packages/http-client-csharp/generator/artifacts/bin/microsoft.typespec.generator.clientmodel.tests/debug/net8.0/microsoft.typespec.generator.clientmodel.tests.dll" id="d56625dc-428d-2fd3-78bc-b8d6e72a64b8">
      <Execution id="78e44f6b-ed80-42cb-8ec8-698c6cdd2cf0" />
      <TestMethod codeBase="/home/runner/work/typespec/typespec/packages/http-client-csharp/generator/artifacts/bin/Microsoft.TypeSpec.Generator.ClientModel.Tests/Debug/net8.0/Microsoft.TypeSpec.Generator.ClientModel.Tests.dll" adapterTypeName="executor://nunit3testexecutor/" className="Microsoft.TypeSpec.Generator.ClientModel.Tests.Providers.TypeFormatterTests" name="ValidateConvertToString(&quot;O&quot;,05/04/2020 03:02:01 +00:00,&quot;2020-05-04T03:02:01.1230000Z&quot;)" />
    </UnitTest>
    <UnitTest name="CanSerializeCustomPropertyFromBase" storage="/home/runner/work/typespec/typespec/packages/http-client-csharp/generator/artifacts/bin/microsoft.typespec.generator.clientmodel.tests/debug/net8.0/microsoft.typespec.generator.clientmodel.tests.dll" id="7886312e-fb95-47a1-a0a7-e5c487125c82">
      <Execution id="1f5c586d-cecd-4fe4-990a-7d46c16140ff" />
      <TestMethod codeBase="/home/runner/work/typespec/typespec/packages/http-client-csharp/generator/artifacts/bin/Microsoft.TypeSpec.Generator.ClientModel.Tests/Debug/net8.0/Microsoft.TypeSpec.Generator.ClientModel.Tests.dll" adapterTypeName="executor://nunit3testexecutor/" className="Microsoft.TypeSpec.Generator.ClientModel.Tests.Providers.MrwSerializationTypeDefinitions.ModelCustomizationTests" name="CanSerializeCustomPropertyFromBase" />
    </UnitTest>
    <UnitTest name="AppendPath_TimeSpan(&quot;http://localhost&quot;,&quot;02:15:00&quot;,&quot;&quot;,False,&quot;http://localhost/02:15:00&quot;)" storage="/home/runner/work/typespec/typespec/packages/http-client-csharp/generator/artifacts/bin/microsoft.typespec.generator.clientmodel.tests/debug/net8.0/microsoft.typespec.generator.clientmodel.tests.dll" id="e68f0fb3-29fa-f4a6-5af8-0a4a2c152ae4">
      <Execution id="f9b3128d-5d44-4550-827f-4cf0e27d8fef" />
      <TestMethod codeBase="/home/runner/work/typespec/typespec/packages/http-client-csharp/generator/artifacts/bin/Microsoft.TypeSpec.Generator.ClientModel.Tests/Debug/net8.0/Microsoft.TypeSpec.Generator.ClientModel.Tests.dll" adapterTypeName="executor://nunit3testexecutor/" className="Microsoft.TypeSpec.Generator.ClientModel.Tests.Providers.ClientUriBuilderTests" name="AppendPath_TimeSpan(&quot;http://localhost&quot;,&quot;02:15:00&quot;,&quot;&quot;,False,&quot;http://localhost/02:15:00&quot;)" />
    </UnitTest>
    <UnitTest name="AppendPath_DateTimeOffset(&quot;http://localhost&quot;,&quot;6/30/1905 1:14:00 PM +00:00&quot;,&quot;o&quot;,False,&quot;http://localhost/1905-06-30T13:14:00.0000000Z&quot;)" storage="/home/runner/work/typespec/typespec/packages/http-client-csharp/generator/artifacts/bin/microsoft.typespec.generator.clientmodel.tests/debug/net8.0/microsoft.typespec.generator.clientmodel.tests.dll" id="2b5db586-13e2-a5d4-7ef0-6053fff6d61a">
      <Execution id="f5625624-c518-454a-ad87-f761ad5cfc39" />
      <TestMethod codeBase="/home/runner/work/typespec/typespec/packages/http-client-csharp/generator/artifacts/bin/Microsoft.TypeSpec.Generator.ClientModel.Tests/Debug/net8.0/Microsoft.TypeSpec.Generator.ClientModel.Tests.dll" adapterTypeName="executor://nunit3testexecutor/" className="Microsoft.TypeSpec.Generator.ClientModel.Tests.Providers.ClientUriBuilderTests" name="AppendPath_DateTimeOffset(&quot;http://localhost&quot;,&quot;6/30/1905 1:14:00 PM +00:00&quot;,&quot;o&quot;,False,&quot;http://localhost/1905-06-30T13:14:00.0000000Z&quot;)" />
    </UnitTest>
    <UnitTest name="RoundTripWithModelInterfaceNonGeneric(&quot;W&quot;)" storage="/home/runner/work/typespec/typespec/packages/http-client-csharp/generator/artifacts/bin/microsoft.typespec.generator.clientmodel.tests/debug/net8.0/microsoft.typespec.generator.clientmodel.tests.dll" id="dcd05550-3ea5-0bef-33f4-5a0952c6de2a">
      <Execution id="6788d253-9d39-43aa-91bc-072fd7b156a6" />
      <TestMethod codeBase="/home/runner/work/typespec/typespec/packages/http-client-csharp/generator/artifacts/bin/Microsoft.TypeSpec.Generator.ClientModel.Tests/Debug/net8.0/Microsoft.TypeSpec.Generator.ClientModel.Tests.dll" adapterTypeName="executor://nunit3testexecutor/" className="Microsoft.TypeSpec.Generator.ClientModel.Tests.ModelReaderWriterValidation.TestProjects.Sample_TypeSpec.FriendTests" name="RoundTripWithModelInterfaceNonGeneric(&quot;W&quot;)" />
    </UnitTest>
    <UnitTest name="RoundTripWithModelReaderWriterNonGeneric(&quot;W&quot;)" storage="/home/runner/work/typespec/typespec/packages/http-client-csharp/generator/artifacts/bin/microsoft.typespec.generator.clientmodel.tests/debug/net8.0/microsoft.typespec.generator.clientmodel.tests.dll" id="90b986fa-cbc6-3760-9999-22ccdf627ac8">
      <Execution id="e5e7dde7-7c78-490e-9a75-fb72d19ab34b" />
      <TestMethod codeBase="/home/runner/work/typespec/typespec/packages/http-client-csharp/generator/artifacts/bin/Microsoft.TypeSpec.Generator.ClientModel.Tests/Debug/net8.0/Microsoft.TypeSpec.Generator.ClientModel.Tests.dll" adapterTypeName="executor://nunit3testexecutor/" className="Microsoft.TypeSpec.Generator.ClientModel.Tests.ModelReaderWriterValidation.TestProjects.Sample_TypeSpec.ThingTests" name="RoundTripWithModelReaderWriterNonGeneric(&quot;W&quot;)" />
    </UnitTest>
    <UnitTest name="NoNextLinkOrContinuationToken" storage="/home/runner/work/typespec/typespec/packages/http-client-csharp/generator/artifacts/bin/microsoft.typespec.generator.clientmodel.tests/debug/net8.0/microsoft.typespec.generator.clientmodel.tests.dll" id="146aa1c0-e779-e5d3-3dd4-31fcfe25e1ce">
      <Execution id="b4bb4b75-8846-415c-b011-8aae68e7ff77" />
      <TestMethod codeBase="/home/runner/work/typespec/typespec/packages/http-client-csharp/generator/artifacts/bin/Microsoft.TypeSpec.Generator.ClientModel.Tests/Debug/net8.0/Microsoft.TypeSpec.Generator.ClientModel.Tests.dll" adapterTypeName="executor://nunit3testexecutor/" className="Microsoft.TypeSpec.Generator.ClientModel.Tests.Providers.CollectionResultDefinitions.ListPageableTests" name="NoNextLinkOrContinuationToken" />
    </UnitTest>
    <UnitTest name="RoundTripWithModelCast(&quot;W&quot;)" storage="/home/runner/work/typespec/typespec/packages/http-client-csharp/generator/artifacts/bin/microsoft.typespec.generator.clientmodel.tests/debug/net8.0/microsoft.typespec.generator.clientmodel.tests.dll" id="63fc2dd7-d482-b316-024a-fe582ae69c29">
      <Execution id="6f98216a-e3a4-4d76-be33-2799bf536d8a" />
      <TestMethod codeBase="/home/runner/work/typespec/typespec/packages/http-client-csharp/generator/artifacts/bin/Microsoft.TypeSpec.Generator.ClientModel.Tests/Debug/net8.0/Microsoft.TypeSpec.Generator.ClientModel.Tests.dll" adapterTypeName="executor://nunit3testexecutor/" className="Microsoft.TypeSpec.Generator.ClientModel.Tests.ModelReaderWriterValidation.TestProjects.Sample_TypeSpec.ThingTests" name="RoundTripWithModelCast(&quot;W&quot;)" />
    </UnitTest>
    <UnitTest name="CanCustomizeSerializationMethodForPropertyInBase" storage="/home/runner/work/typespec/typespec/packages/http-client-csharp/generator/artifacts/bin/microsoft.typespec.generator.clientmodel.tests/debug/net8.0/microsoft.typespec.generator.clientmodel.tests.dll" id="647a6e46-5887-fcbd-09f2-cc660f744507">
      <Execution id="fbedb0ae-b652-4827-9262-6d2de2a6d0fc" />
      <TestMethod codeBase="/home/runner/work/typespec/typespec/packages/http-client-csharp/generator/artifacts/bin/Microsoft.TypeSpec.Generator.ClientModel.Tests/Debug/net8.0/Microsoft.TypeSpec.Generator.ClientModel.Tests.dll" adapterTypeName="executor://nunit3testexecutor/" className="Microsoft.TypeSpec.Generator.ClientModel.Tests.Providers.MrwSerializationTypeDefinitions.SerializationCustomizationTests" name="CanCustomizeSerializationMethodForPropertyInBase" />
    </UnitTest>
    <UnitTest name="ResetThenAppendQuery(&quot;http://localhost:12345/some&quot;,&quot;one|1&quot;,&quot;http://localhost:12345/some?one=1&quot;)" storage="/home/runner/work/typespec/typespec/packages/http-client-csharp/generator/artifacts/bin/microsoft.typespec.generator.clientmodel.tests/debug/net8.0/microsoft.typespec.generator.clientmodel.tests.dll" id="09431a07-3c29-d662-92d8-a6fd68b38ca4">
      <Execution id="5d59e3ff-68e6-46d7-8141-dbf7a8e2a7fe" />
      <TestMethod codeBase="/home/runner/work/typespec/typespec/packages/http-client-csharp/generator/artifacts/bin/Microsoft.TypeSpec.Generator.ClientModel.Tests/Debug/net8.0/Microsoft.TypeSpec.Generator.ClientModel.Tests.dll" adapterTypeName="executor://nunit3testexecutor/" className="Microsoft.TypeSpec.Generator.ClientModel.Tests.Providers.ClientUriBuilderTests" name="ResetThenAppendQuery(&quot;http://localhost:12345/some&quot;,&quot;one|1&quot;,&quot;http://localhost:12345/some?one=1&quot;)" />
    </UnitTest>
    <UnitTest name="NoNextLinkOrContinuationTokenAsync" storage="/home/runner/work/typespec/typespec/packages/http-client-csharp/generator/artifacts/bin/microsoft.typespec.generator.clientmodel.tests/debug/net8.0/microsoft.typespec.generator.clientmodel.tests.dll" id="93072ac8-93cd-f82a-1539-84c47e6d94f9">
      <Execution id="7049179b-45f6-42c5-884c-363a7b99375c" />
      <TestMethod codeBase="/home/runner/work/typespec/typespec/packages/http-client-csharp/generator/artifacts/bin/Microsoft.TypeSpec.Generator.ClientModel.Tests/Debug/net8.0/Microsoft.TypeSpec.Generator.ClientModel.Tests.dll" adapterTypeName="executor://nunit3testexecutor/" className="Microsoft.TypeSpec.Generator.ClientModel.Tests.Providers.CollectionResultDefinitions.ListPageableTests" name="NoNextLinkOrContinuationTokenAsync" />
    </UnitTest>
    <UnitTest name="TestBuildPersistableModelGetFormatMethodObjectDeclaration" storage="/home/runner/work/typespec/typespec/packages/http-client-csharp/generator/artifacts/bin/microsoft.typespec.generator.clientmodel.tests/debug/net8.0/microsoft.typespec.generator.clientmodel.tests.dll" id="afea2367-f2c4-b4f0-d85c-b2267117e7d3">
      <Execution id="dd8c8509-2dbd-4c91-8d09-b363b01efa83" />
      <TestMethod codeBase="/home/runner/work/typespec/typespec/packages/http-client-csharp/generator/artifacts/bin/Microsoft.TypeSpec.Generator.ClientModel.Tests/Debug/net8.0/Microsoft.TypeSpec.Generator.ClientModel.Tests.dll" adapterTypeName="executor://nunit3testexecutor/" className="Microsoft.TypeSpec.Generator.ClientModel.Tests.Providers.MrwSerializationTypeDefinitions.MrwSerializationTypeDefinitionTests" name="TestBuildPersistableModelGetFormatMethodObjectDeclaration" />
    </UnitTest>
    <UnitTest name="TestBuildConstructor_ValidateConstructors" storage="/home/runner/work/typespec/typespec/packages/http-client-csharp/generator/artifacts/bin/microsoft.typespec.generator.clientmodel.tests/debug/net8.0/microsoft.typespec.generator.clientmodel.tests.dll" id="8a0fca4b-0698-ebf3-6c49-81c7c04e748c">
      <Execution id="71dc5314-7b30-4b75-8b64-38117629c267" />
      <TestMethod codeBase="/home/runner/work/typespec/typespec/packages/http-client-csharp/generator/artifacts/bin/Microsoft.TypeSpec.Generator.ClientModel.Tests/Debug/net8.0/Microsoft.TypeSpec.Generator.ClientModel.Tests.dll" adapterTypeName="executor://nunit3testexecutor/" className="Microsoft.TypeSpec.Generator.ClientModel.Tests.Providers.MrwSerializationTypeDefinitions.MrwSerializationTypeDefinitionTests" name="TestBuildConstructor_ValidateConstructors" />
    </UnitTest>
    <UnitTest name="ValidateProperties" storage="/home/runner/work/typespec/typespec/packages/http-client-csharp/generator/artifacts/bin/microsoft.typespec.generator.clientmodel.tests/debug/net8.0/microsoft.typespec.generator.clientmodel.tests.dll" id="7fe16f67-ef74-a129-92fe-2486276145d3">
      <Execution id="7abba82e-c490-46ed-ac0b-1e8ded8a3cee" />
      <TestMethod codeBase="/home/runner/work/typespec/typespec/packages/http-client-csharp/generator/artifacts/bin/Microsoft.TypeSpec.Generator.ClientModel.Tests/Debug/net8.0/Microsoft.TypeSpec.Generator.ClientModel.Tests.dll" adapterTypeName="executor://nunit3testexecutor/" className="Microsoft.TypeSpec.Generator.ClientModel.Tests.Providers.RestClientProviders.RestClientProviderTests" name="ValidateProperties" />
    </UnitTest>
    <UnitTest name="CamelCaseSerializedName" storage="/home/runner/work/typespec/typespec/packages/http-client-csharp/generator/artifacts/bin/microsoft.typespec.generator.clientmodel.tests/debug/net8.0/microsoft.typespec.generator.clientmodel.tests.dll" id="f12ce410-d0e4-8074-07d4-91d1e0fbf2c9">
      <Execution id="87deca2a-4580-4a5d-b89b-12a313ff1df1" />
      <TestMethod codeBase="/home/runner/work/typespec/typespec/packages/http-client-csharp/generator/artifacts/bin/Microsoft.TypeSpec.Generator.ClientModel.Tests/Debug/net8.0/Microsoft.TypeSpec.Generator.ClientModel.Tests.dll" adapterTypeName="executor://nunit3testexecutor/" className="Microsoft.TypeSpec.Generator.ClientModel.Tests.Providers.MrwSerializationTypeDefinitions.JsonModelCoreTests" name="CamelCaseSerializedName" />
    </UnitTest>
    <UnitTest name="OperationWithOptionalExtensibleIntEnum" storage="/home/runner/work/typespec/typespec/packages/http-client-csharp/generator/artifacts/bin/microsoft.typespec.generator.clientmodel.tests/debug/net8.0/microsoft.typespec.generator.clientmodel.tests.dll" id="151f7ead-f8c8-292a-fa32-6e515a2838fc">
      <Execution id="137ff938-c112-4e0f-8cdc-bfb30ca904a3" />
      <TestMethod codeBase="/home/runner/work/typespec/typespec/packages/http-client-csharp/generator/artifacts/bin/Microsoft.TypeSpec.Generator.ClientModel.Tests/Debug/net8.0/Microsoft.TypeSpec.Generator.ClientModel.Tests.dll" adapterTypeName="executor://nunit3testexecutor/" className="Microsoft.TypeSpec.Generator.ClientModel.Tests.Providers.ScmMethodProviderCollectionTests" name="OperationWithOptionalExtensibleIntEnum" />
    </UnitTest>
    <UnitTest name="NoNextLinkOrContinuationTokenOfT" storage="/home/runner/work/typespec/typespec/packages/http-client-csharp/generator/artifacts/bin/microsoft.typespec.generator.clientmodel.tests/debug/net8.0/microsoft.typespec.generator.clientmodel.tests.dll" id="0dbe4df9-fb4c-9268-8cfe-c53e8e32289c">
      <Execution id="76492157-b900-47cd-aa6f-e757e2215b85" />
      <TestMethod codeBase="/home/runner/work/typespec/typespec/packages/http-client-csharp/generator/artifacts/bin/Microsoft.TypeSpec.Generator.ClientModel.Tests/Debug/net8.0/Microsoft.TypeSpec.Generator.ClientModel.Tests.dll" adapterTypeName="executor://nunit3testexecutor/" className="Microsoft.TypeSpec.Generator.ClientModel.Tests.Providers.CollectionResultDefinitions.ListPageableTests" name="NoNextLinkOrContinuationTokenOfT" />
    </UnitTest>
    <UnitTest name="RequestBodyConstructedUsingBinaryContentHelpers(Microsoft.TypeSpec.Generator.Input.InputModelType)" storage="/home/runner/work/typespec/typespec/packages/http-client-csharp/generator/artifacts/bin/microsoft.typespec.generator.clientmodel.tests/debug/net8.0/microsoft.typespec.generator.clientmodel.tests.dll" id="4292287d-3e88-e342-a73e-7621a9e1b4cb">
      <Execution id="9186a802-99b6-423a-8224-047854753bd6" />
      <TestMethod codeBase="/home/runner/work/typespec/typespec/packages/http-client-csharp/generator/artifacts/bin/Microsoft.TypeSpec.Generator.ClientModel.Tests/Debug/net8.0/Microsoft.TypeSpec.Generator.ClientModel.Tests.dll" adapterTypeName="executor://nunit3testexecutor/" className="Microsoft.TypeSpec.Generator.ClientModel.Tests.Providers.ScmMethodProviderCollectionTests" name="RequestBodyConstructedUsingBinaryContentHelpers(Microsoft.TypeSpec.Generator.Input.InputModelType)" />
    </UnitTest>
    <UnitTest name="ResetThenAppendPath(&quot;http://localhost:12345/&quot;,&quot;/path&quot;,&quot;http://localhost:12345/path&quot;)" storage="/home/runner/work/typespec/typespec/packages/http-client-csharp/generator/artifacts/bin/microsoft.typespec.generator.clientmodel.tests/debug/net8.0/microsoft.typespec.generator.clientmodel.tests.dll" id="ce965a78-835a-15f8-3288-e78e41f0291b">
      <Execution id="3be596ac-b81f-479e-a1ce-41fcb07a3a88" />
      <TestMethod codeBase="/home/runner/work/typespec/typespec/packages/http-client-csharp/generator/artifacts/bin/Microsoft.TypeSpec.Generator.ClientModel.Tests/Debug/net8.0/Microsoft.TypeSpec.Generator.ClientModel.Tests.dll" adapterTypeName="executor://nunit3testexecutor/" className="Microsoft.TypeSpec.Generator.ClientModel.Tests.Providers.ClientUriBuilderTests" name="ResetThenAppendPath(&quot;http://localhost:12345/&quot;,&quot;/path&quot;,&quot;http://localhost:12345/path&quot;)" />
    </UnitTest>
    <UnitTest name="TestBuildCreateRequestMethodWithPaging(True)" storage="/home/runner/work/typespec/typespec/packages/http-client-csharp/generator/artifacts/bin/microsoft.typespec.generator.clientmodel.tests/debug/net8.0/microsoft.typespec.generator.clientmodel.tests.dll" id="fb51798c-b608-b315-9be5-4e9843174a03">
      <Execution id="6849ed52-6ea5-4927-96ab-47307f07174a" />
      <TestMethod codeBase="/home/runner/work/typespec/typespec/packages/http-client-csharp/generator/artifacts/bin/Microsoft.TypeSpec.Generator.ClientModel.Tests/Debug/net8.0/Microsoft.TypeSpec.Generator.ClientModel.Tests.dll" adapterTypeName="executor://nunit3testexecutor/" className="Microsoft.TypeSpec.Generator.ClientModel.Tests.Providers.RestClientProviders.RestClientProviderTests" name="TestBuildCreateRequestMethodWithPaging(True)" />
    </UnitTest>
    <UnitTest name="TestBuildPersistableModelWriteCoreMethod(True)" storage="/home/runner/work/typespec/typespec/packages/http-client-csharp/generator/artifacts/bin/microsoft.typespec.generator.clientmodel.tests/debug/net8.0/microsoft.typespec.generator.clientmodel.tests.dll" id="e311daf6-420e-d072-6122-320316529cb7">
      <Execution id="22507258-d2a0-45e4-97d9-6454e29f5464" />
      <TestMethod codeBase="/home/runner/work/typespec/typespec/packages/http-client-csharp/generator/artifacts/bin/Microsoft.TypeSpec.Generator.ClientModel.Tests/Debug/net8.0/Microsoft.TypeSpec.Generator.ClientModel.Tests.dll" adapterTypeName="executor://nunit3testexecutor/" className="Microsoft.TypeSpec.Generator.ClientModel.Tests.Providers.MrwSerializationTypeDefinitions.MrwSerializationTypeDefinitionTests" name="TestBuildPersistableModelWriteCoreMethod(True)" />
    </UnitTest>
    <UnitTest name="RoundTripWithJsonInterfaceUtf8Reader(&quot;J&quot;)" storage="/home/runner/work/typespec/typespec/packages/http-client-csharp/generator/artifacts/bin/microsoft.typespec.generator.clientmodel.tests/debug/net8.0/microsoft.typespec.generator.clientmodel.tests.dll" id="eb73ec0d-ba85-a922-f1e4-560a64171ca9">
      <Execution id="c331e714-ffe9-4dde-b926-bac966f55032" />
      <TestMethod codeBase="/home/runner/work/typespec/typespec/packages/http-client-csharp/generator/artifacts/bin/Microsoft.TypeSpec.Generator.ClientModel.Tests/Debug/net8.0/Microsoft.TypeSpec.Generator.ClientModel.Tests.dll" adapterTypeName="executor://nunit3testexecutor/" className="Microsoft.TypeSpec.Generator.ClientModel.Tests.ModelReaderWriterValidation.TestProjects.Sample_TypeSpec.RoundTripModelTests" name="RoundTripWithJsonInterfaceUtf8Reader(&quot;J&quot;)" />
    </UnitTest>
    <UnitTest name="CanCustomizePropertyUsingField" storage="/home/runner/work/typespec/typespec/packages/http-client-csharp/generator/artifacts/bin/microsoft.typespec.generator.clientmodel.tests/debug/net8.0/microsoft.typespec.generator.clientmodel.tests.dll" id="46c0f747-e309-a9f8-b426-f3a7bd05a508">
      <Execution id="bd9e7956-5a6b-4dca-87ab-9c54a72c8e21" />
      <TestMethod codeBase="/home/runner/work/typespec/typespec/packages/http-client-csharp/generator/artifacts/bin/Microsoft.TypeSpec.Generator.ClientModel.Tests/Debug/net8.0/Microsoft.TypeSpec.Generator.ClientModel.Tests.dll" adapterTypeName="executor://nunit3testexecutor/" className="Microsoft.TypeSpec.Generator.ClientModel.Tests.Providers.MrwSerializationTypeDefinitions.ModelCustomizationTests" name="CanCustomizePropertyUsingField" />
    </UnitTest>
    <UnitTest name="TestBuildConstructors_ForSubClient_BothAuth()" storage="/home/runner/work/typespec/typespec/packages/http-client-csharp/generator/artifacts/bin/microsoft.typespec.generator.clientmodel.tests/debug/net8.0/microsoft.typespec.generator.clientmodel.tests.dll" id="e78dd496-39e7-6487-beae-ab1e68e8a32e">
      <Execution id="6877b9ad-a810-4a18-9bfb-eb53f539a42b" />
      <TestMethod codeBase="/home/runner/work/typespec/typespec/packages/http-client-csharp/generator/artifacts/bin/Microsoft.TypeSpec.Generator.ClientModel.Tests/Debug/net8.0/Microsoft.TypeSpec.Generator.ClientModel.Tests.dll" adapterTypeName="executor://nunit3testexecutor/" className="Microsoft.TypeSpec.Generator.ClientModel.Tests.Providers.ClientProviders.ClientProviderTests" name="TestBuildConstructors_ForSubClient_BothAuth()" />
    </UnitTest>
    <UnitTest name="AppendQuery_Double(&quot;http://localhost&quot;,3.14d,False,&quot;http://localhost/?query=3.14&quot;)" storage="/home/runner/work/typespec/typespec/packages/http-client-csharp/generator/artifacts/bin/microsoft.typespec.generator.clientmodel.tests/debug/net8.0/microsoft.typespec.generator.clientmodel.tests.dll" id="c14f3cef-d7a9-99e2-48ff-da4f93a55ade">
      <Execution id="5b2aa20c-f0ea-4422-87a7-76ccffb397c8" />
      <TestMethod codeBase="/home/runner/work/typespec/typespec/packages/http-client-csharp/generator/artifacts/bin/Microsoft.TypeSpec.Generator.ClientModel.Tests/Debug/net8.0/Microsoft.TypeSpec.Generator.ClientModel.Tests.dll" adapterTypeName="executor://nunit3testexecutor/" className="Microsoft.TypeSpec.Generator.ClientModel.Tests.Providers.ClientUriBuilderTests" name="AppendQuery_Double(&quot;http://localhost&quot;,3.14d,False,&quot;http://localhost/?query=3.14&quot;)" />
    </UnitTest>
    <UnitTest name="FormatsDatesAsString(&quot;R&quot;,05/04/2020 03:02:01 +01:00,&quot;Mon, 04 May 2020 02:02:01 GMT&quot;)" storage="/home/runner/work/typespec/typespec/packages/http-client-csharp/generator/artifacts/bin/microsoft.typespec.generator.clientmodel.tests/debug/net8.0/microsoft.typespec.generator.clientmodel.tests.dll" id="111b5e1e-7a3c-26c3-bc4c-dbf7de7c53b2">
      <Execution id="12ec882b-66bb-4add-98c1-99876e5bc531" />
      <TestMethod codeBase="/home/runner/work/typespec/typespec/packages/http-client-csharp/generator/artifacts/bin/Microsoft.TypeSpec.Generator.ClientModel.Tests/Debug/net8.0/Microsoft.TypeSpec.Generator.ClientModel.Tests.dll" adapterTypeName="executor://nunit3testexecutor/" className="Microsoft.TypeSpec.Generator.ClientModel.Tests.Providers.TypeFormatterTests" name="FormatsDatesAsString(&quot;R&quot;,05/04/2020 03:02:01 +01:00,&quot;Mon, 04 May 2020 02:02:01 GMT&quot;)" />
    </UnitTest>
    <UnitTest name="AppendQuery_Bool(&quot;http://localhost&quot;,False,True,&quot;http://localhost/?query=false&quot;)" storage="/home/runner/work/typespec/typespec/packages/http-client-csharp/generator/artifacts/bin/microsoft.typespec.generator.clientmodel.tests/debug/net8.0/microsoft.typespec.generator.clientmodel.tests.dll" id="eafb9ace-ebaf-e012-dda0-09b129d22a17">
      <Execution id="b1607c5e-8626-485c-876c-9e9b982a9f9a" />
      <TestMethod codeBase="/home/runner/work/typespec/typespec/packages/http-client-csharp/generator/artifacts/bin/Microsoft.TypeSpec.Generator.ClientModel.Tests/Debug/net8.0/Microsoft.TypeSpec.Generator.ClientModel.Tests.dll" adapterTypeName="executor://nunit3testexecutor/" className="Microsoft.TypeSpec.Generator.ClientModel.Tests.Providers.ClientUriBuilderTests" name="AppendQuery_Bool(&quot;http://localhost&quot;,False,True,&quot;http://localhost/?query=false&quot;)" />
    </UnitTest>
    <UnitTest name="TestEqualAfterConvertingToUtc(&quot;2020-05-04T03:02:01.1230000+08:00&quot;)" storage="/home/runner/work/typespec/typespec/packages/http-client-csharp/generator/artifacts/bin/microsoft.typespec.generator.clientmodel.tests/debug/net8.0/microsoft.typespec.generator.clientmodel.tests.dll" id="f3e6285d-8759-0c1f-5ba3-a84991fcb85d">
      <Execution id="9c7e06d0-498e-48ae-8be4-13a618bc69ba" />
      <TestMethod codeBase="/home/runner/work/typespec/typespec/packages/http-client-csharp/generator/artifacts/bin/Microsoft.TypeSpec.Generator.ClientModel.Tests/Debug/net8.0/Microsoft.TypeSpec.Generator.ClientModel.Tests.dll" adapterTypeName="executor://nunit3testexecutor/" className="Microsoft.TypeSpec.Generator.ClientModel.Tests.Providers.TypeFormatterTests" name="TestEqualAfterConvertingToUtc(&quot;2020-05-04T03:02:01.1230000+08:00&quot;)" />
    </UnitTest>
    <UnitTest name="ValidatePipelinePropertyTypeIsOverridden" storage="/home/runner/work/typespec/typespec/packages/http-client-csharp/generator/artifacts/bin/microsoft.typespec.generator.clientmodel.tests/debug/net8.0/microsoft.typespec.generator.clientmodel.tests.dll" id="67d6cfcc-44ba-3a46-cee0-08f5b7b9500d">
      <Execution id="544209b2-2104-4d3f-81f9-bd8576c8d59e" />
      <TestMethod codeBase="/home/runner/work/typespec/typespec/packages/http-client-csharp/generator/artifacts/bin/Microsoft.TypeSpec.Generator.ClientModel.Tests/Debug/net8.0/Microsoft.TypeSpec.Generator.ClientModel.Tests.dll" adapterTypeName="executor://nunit3testexecutor/" className="Microsoft.TypeSpec.Generator.ClientModel.Tests.Providers.Abstractions.ClientPipelineApiTests" name="ValidatePipelinePropertyTypeIsOverridden" />
    </UnitTest>
    <UnitTest name="RoundTripWithModelInterfaceNonGeneric(&quot;W&quot;)" storage="/home/runner/work/typespec/typespec/packages/http-client-csharp/generator/artifacts/bin/microsoft.typespec.generator.clientmodel.tests/debug/net8.0/microsoft.typespec.generator.clientmodel.tests.dll" id="43212041-32f9-d8d5-a3c7-a7e60fccc4ff">
      <Execution id="a83ba5d2-cd79-4666-bf05-1baa2138d9cb" />
      <TestMethod codeBase="/home/runner/work/typespec/typespec/packages/http-client-csharp/generator/artifacts/bin/Microsoft.TypeSpec.Generator.ClientModel.Tests/Debug/net8.0/Microsoft.TypeSpec.Generator.ClientModel.Tests.dll" adapterTypeName="executor://nunit3testexecutor/" className="Microsoft.TypeSpec.Generator.ClientModel.Tests.ModelReaderWriterValidation.TestProjects.Sample_TypeSpec.ThingTests" name="RoundTripWithModelInterfaceNonGeneric(&quot;W&quot;)" />
    </UnitTest>
    <UnitTest name="CanCustomizeSerializationMethod" storage="/home/runner/work/typespec/typespec/packages/http-client-csharp/generator/artifacts/bin/microsoft.typespec.generator.clientmodel.tests/debug/net8.0/microsoft.typespec.generator.clientmodel.tests.dll" id="7145ae4b-bd9d-ce63-a02e-8ebc01b346f9">
      <Execution id="2bd09819-3576-4b6e-a6c2-85173361fddf" />
      <TestMethod codeBase="/home/runner/work/typespec/typespec/packages/http-client-csharp/generator/artifacts/bin/Microsoft.TypeSpec.Generator.ClientModel.Tests/Debug/net8.0/Microsoft.TypeSpec.Generator.ClientModel.Tests.dll" adapterTypeName="executor://nunit3testexecutor/" className="Microsoft.TypeSpec.Generator.ClientModel.Tests.Providers.MrwSerializationTypeDefinitions.SerializationCustomizationTests" name="CanCustomizeSerializationMethod" />
    </UnitTest>
    <UnitTest name="CanRenameSubClient" storage="/home/runner/work/typespec/typespec/packages/http-client-csharp/generator/artifacts/bin/microsoft.typespec.generator.clientmodel.tests/debug/net8.0/microsoft.typespec.generator.clientmodel.tests.dll" id="8eb9f71f-bf66-6024-5997-cbb73e527f0b">
      <Execution id="ed15fb64-954b-4fa7-a589-03e4521c72f2" />
      <TestMethod codeBase="/home/runner/work/typespec/typespec/packages/http-client-csharp/generator/artifacts/bin/Microsoft.TypeSpec.Generator.ClientModel.Tests/Debug/net8.0/Microsoft.TypeSpec.Generator.ClientModel.Tests.dll" adapterTypeName="executor://nunit3testexecutor/" className="Microsoft.TypeSpec.Generator.ClientModel.Tests.Providers.ClientProviders.ClientProviderCustomizationTests" name="CanRenameSubClient" />
    </UnitTest>
    <UnitTest name="RoundTripWithJsonInterfaceUtf8Reader(&quot;J&quot;)" storage="/home/runner/work/typespec/typespec/packages/http-client-csharp/generator/artifacts/bin/microsoft.typespec.generator.clientmodel.tests/debug/net8.0/microsoft.typespec.generator.clientmodel.tests.dll" id="f79af24c-28c2-7172-44e7-a79f11dabe70">
      <Execution id="535b3d76-be75-4cd0-9490-3661253df436" />
      <TestMethod codeBase="/home/runner/work/typespec/typespec/packages/http-client-csharp/generator/artifacts/bin/Microsoft.TypeSpec.Generator.ClientModel.Tests/Debug/net8.0/Microsoft.TypeSpec.Generator.ClientModel.Tests.dll" adapterTypeName="executor://nunit3testexecutor/" className="Microsoft.TypeSpec.Generator.ClientModel.Tests.ModelReaderWriterValidation.TestProjects.Sample_TypeSpec.FriendTests" name="RoundTripWithJsonInterfaceUtf8Reader(&quot;J&quot;)" />
    </UnitTest>
    <UnitTest name="RoundTripWithJsonInterfaceUtf8ReaderNonGeneric(&quot;J&quot;)" storage="/home/runner/work/typespec/typespec/packages/http-client-csharp/generator/artifacts/bin/microsoft.typespec.generator.clientmodel.tests/debug/net8.0/microsoft.typespec.generator.clientmodel.tests.dll" id="3760ca19-b6ce-3664-25f9-5023d89ae17a">
      <Execution id="fb5d6676-171a-4153-be65-1976325c3c5d" />
      <TestMethod codeBase="/home/runner/work/typespec/typespec/packages/http-client-csharp/generator/artifacts/bin/Microsoft.TypeSpec.Generator.ClientModel.Tests/Debug/net8.0/Microsoft.TypeSpec.Generator.ClientModel.Tests.dll" adapterTypeName="executor://nunit3testexecutor/" className="Microsoft.TypeSpec.Generator.ClientModel.Tests.ModelReaderWriterValidation.TestProjects.Sample_TypeSpec.ThingTests" name="RoundTripWithJsonInterfaceUtf8ReaderNonGeneric(&quot;J&quot;)" />
    </UnitTest>
    <UnitTest name="RoundTripWithJsonInterfaceUtf8Reader(&quot;J&quot;)" storage="/home/runner/work/typespec/typespec/packages/http-client-csharp/generator/artifacts/bin/microsoft.typespec.generator.clientmodel.tests/debug/net8.0/microsoft.typespec.generator.clientmodel.tests.dll" id="a1a9272a-f5a6-a0e8-35cb-eb9bf62ba30a">
      <Execution id="a15c4e1e-ffcd-4463-baca-4bb822a371e9" />
      <TestMethod codeBase="/home/runner/work/typespec/typespec/packages/http-client-csharp/generator/artifacts/bin/Microsoft.TypeSpec.Generator.ClientModel.Tests/Debug/net8.0/Microsoft.TypeSpec.Generator.ClientModel.Tests.dll" adapterTypeName="executor://nunit3testexecutor/" className="Microsoft.TypeSpec.Generator.ClientModel.Tests.ModelReaderWriterValidation.TestProjects.Sample_TypeSpec.ThingTests" name="RoundTripWithJsonInterfaceUtf8Reader(&quot;J&quot;)" />
    </UnitTest>
    <UnitTest name="CanReplaceMethod" storage="/home/runner/work/typespec/typespec/packages/http-client-csharp/generator/artifacts/bin/microsoft.typespec.generator.clientmodel.tests/debug/net8.0/microsoft.typespec.generator.clientmodel.tests.dll" id="94a2cac8-4ab7-421d-27d1-f00b332ef0d4">
      <Execution id="1e72c8fa-0dd2-4dfc-a661-c91bdbac53df" />
      <TestMethod codeBase="/home/runner/work/typespec/typespec/packages/http-client-csharp/generator/artifacts/bin/Microsoft.TypeSpec.Generator.ClientModel.Tests/Debug/net8.0/Microsoft.TypeSpec.Generator.ClientModel.Tests.dll" adapterTypeName="executor://nunit3testexecutor/" className="Microsoft.TypeSpec.Generator.ClientModel.Tests.Providers.EnumProvider.SerializationCustomizationTests" name="CanReplaceMethod" />
    </UnitTest>
    <UnitTest name="ClientProviderIsAddedToLibrary()" storage="/home/runner/work/typespec/typespec/packages/http-client-csharp/generator/artifacts/bin/microsoft.typespec.generator.clientmodel.tests/debug/net8.0/microsoft.typespec.generator.clientmodel.tests.dll" id="045aaeef-a9ff-bfd0-1ea0-c0aed08490bb">
      <Execution id="e0792df2-6561-4ea9-83f8-b811ffca3206" />
      <TestMethod codeBase="/home/runner/work/typespec/typespec/packages/http-client-csharp/generator/artifacts/bin/Microsoft.TypeSpec.Generator.ClientModel.Tests/Debug/net8.0/Microsoft.TypeSpec.Generator.ClientModel.Tests.dll" adapterTypeName="executor://nunit3testexecutor/" className="Microsoft.TypeSpec.Generator.ClientModel.Tests.Providers.ClientProviders.ClientProviderTests" name="ClientProviderIsAddedToLibrary()" />
    </UnitTest>
    <UnitTest name="TestGetClientOptions(False)" storage="/home/runner/work/typespec/typespec/packages/http-client-csharp/generator/artifacts/bin/microsoft.typespec.generator.clientmodel.tests/debug/net8.0/microsoft.typespec.generator.clientmodel.tests.dll" id="44616ce8-42b4-b0a8-a260-dff21925687d">
      <Execution id="172e4e5d-b93b-4c5c-94d7-20c6a1bc17b1" />
      <TestMethod codeBase="/home/runner/work/typespec/typespec/packages/http-client-csharp/generator/artifacts/bin/Microsoft.TypeSpec.Generator.ClientModel.Tests/Debug/net8.0/Microsoft.TypeSpec.Generator.ClientModel.Tests.dll" adapterTypeName="executor://nunit3testexecutor/" className="Microsoft.TypeSpec.Generator.ClientModel.Tests.Providers.ClientProviders.ClientProviderTests" name="TestGetClientOptions(False)" />
    </UnitTest>
    <UnitTest name="FormatsDatesAsJson(&quot;O&quot;,12/31/9999 23:59:59 +01:00,&quot;9999-12-31T22:59:59.9999999Z&quot;)" storage="/home/runner/work/typespec/typespec/packages/http-client-csharp/generator/artifacts/bin/microsoft.typespec.generator.clientmodel.tests/debug/net8.0/microsoft.typespec.generator.clientmodel.tests.dll" id="574b4d79-31b4-dea5-34f2-6b3d418bd92a">
      <Execution id="2822bfb0-e283-4fbf-a991-0c9da239f4b2" />
      <TestMethod codeBase="/home/runner/work/typespec/typespec/packages/http-client-csharp/generator/artifacts/bin/Microsoft.TypeSpec.Generator.ClientModel.Tests/Debug/net8.0/Microsoft.TypeSpec.Generator.ClientModel.Tests.dll" adapterTypeName="executor://nunit3testexecutor/" className="Microsoft.TypeSpec.Generator.ClientModel.Tests.Providers.TypeFormatterTests" name="FormatsDatesAsJson(&quot;O&quot;,12/31/9999 23:59:59 +01:00,&quot;9999-12-31T22:59:59.9999999Z&quot;)" />
    </UnitTest>
    <UnitTest name="EndpointAppliedInCreateMethodRequest(&quot;https://{hostName}&quot;,&quot;hostName&quot;)" storage="/home/runner/work/typespec/typespec/packages/http-client-csharp/generator/artifacts/bin/microsoft.typespec.generator.clientmodel.tests/debug/net8.0/microsoft.typespec.generator.clientmodel.tests.dll" id="62df222b-b5ff-5932-f094-7397c0131b87">
      <Execution id="0e3271f3-8c25-473d-8867-9bd3d8b6fd5c" />
      <TestMethod codeBase="/home/runner/work/typespec/typespec/packages/http-client-csharp/generator/artifacts/bin/Microsoft.TypeSpec.Generator.ClientModel.Tests/Debug/net8.0/Microsoft.TypeSpec.Generator.ClientModel.Tests.dll" adapterTypeName="executor://nunit3testexecutor/" className="Microsoft.TypeSpec.Generator.ClientModel.Tests.Providers.ClientProviders.ClientProviderTests" name="EndpointAppliedInCreateMethodRequest(&quot;https://{hostName}&quot;,&quot;hostName&quot;)" />
    </UnitTest>
    <UnitTest name="NextLinkInBodyAsync" storage="/home/runner/work/typespec/typespec/packages/http-client-csharp/generator/artifacts/bin/microsoft.typespec.generator.clientmodel.tests/debug/net8.0/microsoft.typespec.generator.clientmodel.tests.dll" id="ce3949f3-670a-6521-5519-457d098253df">
      <Execution id="7a5ced34-999c-4429-9c56-74378ab67d6b" />
      <TestMethod codeBase="/home/runner/work/typespec/typespec/packages/http-client-csharp/generator/artifacts/bin/Microsoft.TypeSpec.Generator.ClientModel.Tests/Debug/net8.0/Microsoft.TypeSpec.Generator.ClientModel.Tests.dll" adapterTypeName="executor://nunit3testexecutor/" className="Microsoft.TypeSpec.Generator.ClientModel.Tests.Providers.CollectionResultDefinitions.NextLinkTests" name="NextLinkInBodyAsync" />
    </UnitTest>
    <UnitTest name="RoundTripWithJsonInterfaceUtf8ReaderNonGeneric(&quot;W&quot;)" storage="/home/runner/work/typespec/typespec/packages/http-client-csharp/generator/artifacts/bin/microsoft.typespec.generator.clientmodel.tests/debug/net8.0/microsoft.typespec.generator.clientmodel.tests.dll" id="942a9c80-4af4-0c03-0952-5c17f4bb2d0a">
      <Execution id="9b52a817-c0f8-4aff-be6a-a6816baa7da2" />
      <TestMethod codeBase="/home/runner/work/typespec/typespec/packages/http-client-csharp/generator/artifacts/bin/Microsoft.TypeSpec.Generator.ClientModel.Tests/Debug/net8.0/Microsoft.TypeSpec.Generator.ClientModel.Tests.dll" adapterTypeName="executor://nunit3testexecutor/" className="Microsoft.TypeSpec.Generator.ClientModel.Tests.ModelReaderWriterValidation.TestProjects.Sample_TypeSpec.ThingWithNullsTests" name="RoundTripWithJsonInterfaceUtf8ReaderNonGeneric(&quot;W&quot;)" />
    </UnitTest>
    <UnitTest name="ValidateClientWithSpread(Microsoft.TypeSpec.Generator.Input.InputClient)" storage="/home/runner/work/typespec/typespec/packages/http-client-csharp/generator/artifacts/bin/microsoft.typespec.generator.clientmodel.tests/debug/net8.0/microsoft.typespec.generator.clientmodel.tests.dll" id="5b684f42-7f6e-71b8-222d-b5fe92216f9d">
      <Execution id="1d4f7d36-276e-44d9-9b09-795dfe737ec6" />
      <TestMethod codeBase="/home/runner/work/typespec/typespec/packages/http-client-csharp/generator/artifacts/bin/Microsoft.TypeSpec.Generator.ClientModel.Tests/Debug/net8.0/Microsoft.TypeSpec.Generator.ClientModel.Tests.dll" adapterTypeName="executor://nunit3testexecutor/" className="Microsoft.TypeSpec.Generator.ClientModel.Tests.Providers.ClientProviders.ClientProviderTests" name="ValidateClientWithSpread(Microsoft.TypeSpec.Generator.Input.InputClient)" />
    </UnitTest>
    <UnitTest name="NullClientProviderIsNotAddedToLibrary()" storage="/home/runner/work/typespec/typespec/packages/http-client-csharp/generator/artifacts/bin/microsoft.typespec.generator.clientmodel.tests/debug/net8.0/microsoft.typespec.generator.clientmodel.tests.dll" id="40d1042c-a09f-e848-c8e7-24cb9c43e893">
      <Execution id="1a044543-ad87-4e52-85ab-ca77d94c9d36" />
      <TestMethod codeBase="/home/runner/work/typespec/typespec/packages/http-client-csharp/generator/artifacts/bin/Microsoft.TypeSpec.Generator.ClientModel.Tests/Debug/net8.0/Microsoft.TypeSpec.Generator.ClientModel.Tests.dll" adapterTypeName="executor://nunit3testexecutor/" className="Microsoft.TypeSpec.Generator.ClientModel.Tests.Providers.ClientProviders.ClientProviderTests" name="NullClientProviderIsNotAddedToLibrary()" />
    </UnitTest>
    <UnitTest name="ResetThenAppendQueryThenAppendPath(&quot;http://localhost:12345&quot;,&quot;some/&quot;,&quot;one|1|two|2&quot;,&quot;http://localhost:12345/some/?one=1&amp;two=2&quot;)" storage="/home/runner/work/typespec/typespec/packages/http-client-csharp/generator/artifacts/bin/microsoft.typespec.generator.clientmodel.tests/debug/net8.0/microsoft.typespec.generator.clientmodel.tests.dll" id="3b9ab7b2-de71-ea7e-3b9f-d4d717b953d3">
      <Execution id="24bb078e-83a1-461a-86d3-930412292d05" />
      <TestMethod codeBase="/home/runner/work/typespec/typespec/packages/http-client-csharp/generator/artifacts/bin/Microsoft.TypeSpec.Generator.ClientModel.Tests/Debug/net8.0/Microsoft.TypeSpec.Generator.ClientModel.Tests.dll" adapterTypeName="executor://nunit3testexecutor/" className="Microsoft.TypeSpec.Generator.ClientModel.Tests.Providers.ClientUriBuilderTests" name="ResetThenAppendQueryThenAppendPath(&quot;http://localhost:12345&quot;,&quot;some/&quot;,&quot;one|1|two|2&quot;,&quot;http://localhost:12345/some/?one=1&amp;two=2&quot;)" />
    </UnitTest>
    <UnitTest name="DerivedShouldPassLiteralForKindToBase" storage="/home/runner/work/typespec/typespec/packages/http-client-csharp/generator/artifacts/bin/microsoft.typespec.generator.clientmodel.tests/debug/net8.0/microsoft.typespec.generator.clientmodel.tests.dll" id="b140ad36-aa55-d8f3-9a8b-21dd46774cd0">
      <Execution id="1c5627c1-531e-40f7-abc5-761be6e685d6" />
      <TestMethod codeBase="/home/runner/work/typespec/typespec/packages/http-client-csharp/generator/artifacts/bin/Microsoft.TypeSpec.Generator.ClientModel.Tests/Debug/net8.0/Microsoft.TypeSpec.Generator.ClientModel.Tests.dll" adapterTypeName="executor://nunit3testexecutor/" className="Microsoft.TypeSpec.Generator.ClientModel.Tests.Providers.MrwSerializationTypeDefinitions.DiscriminatorTests" name="DerivedShouldPassLiteralForKindToBase" />
    </UnitTest>
    <UnitTest name="UnknownVariantShouldPassKindToBase" storage="/home/runner/work/typespec/typespec/packages/http-client-csharp/generator/artifacts/bin/microsoft.typespec.generator.clientmodel.tests/debug/net8.0/microsoft.typespec.generator.clientmodel.tests.dll" id="38d346dd-80f9-a0e9-6d16-c0c882a84d79">
      <Execution id="b49be703-9d0f-4939-a927-3344e7d3c325" />
      <TestMethod codeBase="/home/runner/work/typespec/typespec/packages/http-client-csharp/generator/artifacts/bin/Microsoft.TypeSpec.Generator.ClientModel.Tests/Debug/net8.0/Microsoft.TypeSpec.Generator.ClientModel.Tests.dll" adapterTypeName="executor://nunit3testexecutor/" className="Microsoft.TypeSpec.Generator.ClientModel.Tests.Providers.MrwSerializationTypeDefinitions.DiscriminatorTests" name="UnknownVariantShouldPassKindToBase" />
    </UnitTest>
    <UnitTest name="ResetThenAppendQueryThenAppendPath(&quot;http://localhost/&quot;,&quot;/some&quot;,&quot;one|1&quot;,&quot;http://localhost/some?one=1&quot;)" storage="/home/runner/work/typespec/typespec/packages/http-client-csharp/generator/artifacts/bin/microsoft.typespec.generator.clientmodel.tests/debug/net8.0/microsoft.typespec.generator.clientmodel.tests.dll" id="e96d95ec-e2b3-da59-f0c7-6fd76fc38633">
      <Execution id="b8931c9c-e6b2-4820-80d7-07d622767bb7" />
      <TestMethod codeBase="/home/runner/work/typespec/typespec/packages/http-client-csharp/generator/artifacts/bin/Microsoft.TypeSpec.Generator.ClientModel.Tests/Debug/net8.0/Microsoft.TypeSpec.Generator.ClientModel.Tests.dll" adapterTypeName="executor://nunit3testexecutor/" className="Microsoft.TypeSpec.Generator.ClientModel.Tests.Providers.ClientUriBuilderTests" name="ResetThenAppendQueryThenAppendPath(&quot;http://localhost/&quot;,&quot;/some&quot;,&quot;one|1&quot;,&quot;http://localhost/some?one=1&quot;)" />
    </UnitTest>
    <UnitTest name="RoundTripWithModelInterfaceNonGeneric(&quot;W&quot;)" storage="/home/runner/work/typespec/typespec/packages/http-client-csharp/generator/artifacts/bin/microsoft.typespec.generator.clientmodel.tests/debug/net8.0/microsoft.typespec.generator.clientmodel.tests.dll" id="b3adc767-8378-ee8a-bfca-5ebd20efd43e">
      <Execution id="b8a98392-2bc8-42d3-b5ae-6625e430c7f4" />
      <TestMethod codeBase="/home/runner/work/typespec/typespec/packages/http-client-csharp/generator/artifacts/bin/Microsoft.TypeSpec.Generator.ClientModel.Tests/Debug/net8.0/Microsoft.TypeSpec.Generator.ClientModel.Tests.dll" adapterTypeName="executor://nunit3testexecutor/" className="Microsoft.TypeSpec.Generator.ClientModel.Tests.ModelReaderWriterValidation.TestProjects.Sample_TypeSpec.RenamedModelTests" name="RoundTripWithModelInterfaceNonGeneric(&quot;W&quot;)" />
    </UnitTest>
    <UnitTest name="RoundTripWithModelReaderWriterNonGeneric(&quot;W&quot;)" storage="/home/runner/work/typespec/typespec/packages/http-client-csharp/generator/artifacts/bin/microsoft.typespec.generator.clientmodel.tests/debug/net8.0/microsoft.typespec.generator.clientmodel.tests.dll" id="03889508-d11c-a85a-6eb7-81f82cc32dd5">
      <Execution id="3d1eefd3-2d15-473a-89c7-7fda3159e300" />
      <TestMethod codeBase="/home/runner/work/typespec/typespec/packages/http-client-csharp/generator/artifacts/bin/Microsoft.TypeSpec.Generator.ClientModel.Tests/Debug/net8.0/Microsoft.TypeSpec.Generator.ClientModel.Tests.dll" adapterTypeName="executor://nunit3testexecutor/" className="Microsoft.TypeSpec.Generator.ClientModel.Tests.ModelReaderWriterValidation.TestProjects.Sample_TypeSpec.RoundTripModelTests" name="RoundTripWithModelReaderWriterNonGeneric(&quot;W&quot;)" />
    </UnitTest>
    <UnitTest name="BackCompat_GAApiVersionsAdded" storage="/home/runner/work/typespec/typespec/packages/http-client-csharp/generator/artifacts/bin/microsoft.typespec.generator.clientmodel.tests/debug/net8.0/microsoft.typespec.generator.clientmodel.tests.dll" id="871b8fc7-75d8-bc2f-ecf5-0d8ddc50c53b">
      <Execution id="d315d9d8-03f2-4bdf-9a43-347d0408cd91" />
      <TestMethod codeBase="/home/runner/work/typespec/typespec/packages/http-client-csharp/generator/artifacts/bin/Microsoft.TypeSpec.Generator.ClientModel.Tests/Debug/net8.0/Microsoft.TypeSpec.Generator.ClientModel.Tests.dll" adapterTypeName="executor://nunit3testexecutor/" className="Microsoft.TypeSpec.Generator.ClientModel.Tests.Providers.ClientOptionsProviderTests" name="BackCompat_GAApiVersionsAdded" />
    </UnitTest>
    <UnitTest name="TestBuildJsonModelCreateCoreMethod(False)" storage="/home/runner/work/typespec/typespec/packages/http-client-csharp/generator/artifacts/bin/microsoft.typespec.generator.clientmodel.tests/debug/net8.0/microsoft.typespec.generator.clientmodel.tests.dll" id="a965f6f8-e0e8-6318-0a00-0dae62d3e6f2">
      <Execution id="4af35f25-7197-40eb-a89f-92b065f2b60d" />
      <TestMethod codeBase="/home/runner/work/typespec/typespec/packages/http-client-csharp/generator/artifacts/bin/Microsoft.TypeSpec.Generator.ClientModel.Tests/Debug/net8.0/Microsoft.TypeSpec.Generator.ClientModel.Tests.dll" adapterTypeName="executor://nunit3testexecutor/" className="Microsoft.TypeSpec.Generator.ClientModel.Tests.Providers.MrwSerializationTypeDefinitions.MrwSerializationTypeDefinitionTests" name="TestBuildJsonModelCreateCoreMethod(False)" />
    </UnitTest>
    <UnitTest name="AppendQuery_DateTimeOffset(&quot;http://localhost&quot;,&quot;6/30/1905 1:14:00 PM +00:00&quot;,&quot;D&quot;,True,&quot;http://localhost/?query=1905-06-30&quot;)" storage="/home/runner/work/typespec/typespec/packages/http-client-csharp/generator/artifacts/bin/microsoft.typespec.generator.clientmodel.tests/debug/net8.0/microsoft.typespec.generator.clientmodel.tests.dll" id="a24279c5-ea3c-440e-0894-883622bfcf6b">
      <Execution id="3a96c56e-ee1c-43f3-8aee-63530c87c61f" />
      <TestMethod codeBase="/home/runner/work/typespec/typespec/packages/http-client-csharp/generator/artifacts/bin/Microsoft.TypeSpec.Generator.ClientModel.Tests/Debug/net8.0/Microsoft.TypeSpec.Generator.ClientModel.Tests.dll" adapterTypeName="executor://nunit3testexecutor/" className="Microsoft.TypeSpec.Generator.ClientModel.Tests.Providers.ClientUriBuilderTests" name="AppendQuery_DateTimeOffset(&quot;http://localhost&quot;,&quot;6/30/1905 1:14:00 PM +00:00&quot;,&quot;D&quot;,True,&quot;http://localhost/?query=1905-06-30&quot;)" />
    </UnitTest>
    <UnitTest name="ValidateReturnTypeIsOverridden" storage="/home/runner/work/typespec/typespec/packages/http-client-csharp/generator/artifacts/bin/microsoft.typespec.generator.clientmodel.tests/debug/net8.0/microsoft.typespec.generator.clientmodel.tests.dll" id="4fe7a980-a4df-a5e0-9048-4c5bac6fd2df">
      <Execution id="a9113681-8b9f-426b-9436-bbbc835ff901" />
      <TestMethod codeBase="/home/runner/work/typespec/typespec/packages/http-client-csharp/generator/artifacts/bin/Microsoft.TypeSpec.Generator.ClientModel.Tests/Debug/net8.0/Microsoft.TypeSpec.Generator.ClientModel.Tests.dll" adapterTypeName="executor://nunit3testexecutor/" className="Microsoft.TypeSpec.Generator.ClientModel.Tests.Providers.Abstractions.ClientResponseApiTests" name="ValidateReturnTypeIsOverridden" />
    </UnitTest>
    <UnitTest name="RoundTripWithJsonInterfaceNonGeneric(&quot;W&quot;)" storage="/home/runner/work/typespec/typespec/packages/http-client-csharp/generator/artifacts/bin/microsoft.typespec.generator.clientmodel.tests/debug/net8.0/microsoft.typespec.generator.clientmodel.tests.dll" id="a5fa8019-cbff-efe6-e9ea-4195f8c23b49">
      <Execution id="27d3441f-bc2d-46af-b9e3-819a55f85a69" />
      <TestMethod codeBase="/home/runner/work/typespec/typespec/packages/http-client-csharp/generator/artifacts/bin/Microsoft.TypeSpec.Generator.ClientModel.Tests/Debug/net8.0/Microsoft.TypeSpec.Generator.ClientModel.Tests.dll" adapterTypeName="executor://nunit3testexecutor/" className="Microsoft.TypeSpec.Generator.ClientModel.Tests.ModelReaderWriterValidation.TestProjects.Sample_TypeSpec.RoundTripModelTests" name="RoundTripWithJsonInterfaceNonGeneric(&quot;W&quot;)" />
    </UnitTest>
    <UnitTest name="ValidateConvertToString(&quot;U&quot;,[4, 5, 6],&quot;BAUG&quot;)" storage="/home/runner/work/typespec/typespec/packages/http-client-csharp/generator/artifacts/bin/microsoft.typespec.generator.clientmodel.tests/debug/net8.0/microsoft.typespec.generator.clientmodel.tests.dll" id="223cb3ce-7b5f-60b3-9f52-4233503bc6f7">
      <Execution id="f111f49f-4da8-451f-8d23-3c9925f6809a" />
      <TestMethod codeBase="/home/runner/work/typespec/typespec/packages/http-client-csharp/generator/artifacts/bin/Microsoft.TypeSpec.Generator.ClientModel.Tests/Debug/net8.0/Microsoft.TypeSpec.Generator.ClientModel.Tests.dll" adapterTypeName="executor://nunit3testexecutor/" className="Microsoft.TypeSpec.Generator.ClientModel.Tests.Providers.TypeFormatterTests" name="ValidateConvertToString(&quot;U&quot;,[4, 5, 6],&quot;BAUG&quot;)" />
    </UnitTest>
    <UnitTest name="CanCustomizeStringToFixedEnum" storage="/home/runner/work/typespec/typespec/packages/http-client-csharp/generator/artifacts/bin/microsoft.typespec.generator.clientmodel.tests/debug/net8.0/microsoft.typespec.generator.clientmodel.tests.dll" id="5968cd03-cf3d-8280-4da4-8577dec06972">
      <Execution id="fdac6d3b-3b3d-48d0-af22-c1b6b4e36ced" />
      <TestMethod codeBase="/home/runner/work/typespec/typespec/packages/http-client-csharp/generator/artifacts/bin/Microsoft.TypeSpec.Generator.ClientModel.Tests/Debug/net8.0/Microsoft.TypeSpec.Generator.ClientModel.Tests.dll" adapterTypeName="executor://nunit3testexecutor/" className="Microsoft.TypeSpec.Generator.ClientModel.Tests.Providers.MrwSerializationTypeDefinitions.ModelCustomizationTests" name="CanCustomizeStringToFixedEnum" />
    </UnitTest>
    <UnitTest name="MultipartOperationDoesNotHaveConvenienceMethods" storage="/home/runner/work/typespec/typespec/packages/http-client-csharp/generator/artifacts/bin/microsoft.typespec.generator.clientmodel.tests/debug/net8.0/microsoft.typespec.generator.clientmodel.tests.dll" id="8495279f-b1c7-629f-981e-a834421eed6f">
      <Execution id="6522ea83-08d6-40b3-95a1-995079ce9c51" />
      <TestMethod codeBase="/home/runner/work/typespec/typespec/packages/http-client-csharp/generator/artifacts/bin/Microsoft.TypeSpec.Generator.ClientModel.Tests/Debug/net8.0/Microsoft.TypeSpec.Generator.ClientModel.Tests.dll" adapterTypeName="executor://nunit3testexecutor/" className="Microsoft.TypeSpec.Generator.ClientModel.Tests.Providers.ClientProviders.MultipartFormDataTests" name="MultipartOperationDoesNotHaveConvenienceMethods" />
    </UnitTest>
    <UnitTest name="TestBuildDeserializationMethod(Microsoft.TypeSpec.Generator.Input.InputPrimitiveType,[&quot;string&quot;],[&quot;case global::System.Text.Json.JsonValueKind.String:&quot;, &quot;additionalProperties.Add(prop.Name, prop.Value.GetString());&quot;])" storage="/home/runner/work/typespec/typespec/packages/http-client-csharp/generator/artifacts/bin/microsoft.typespec.generator.clientmodel.tests/debug/net8.0/microsoft.typespec.generator.clientmodel.tests.dll" id="c35a53b8-76e4-8431-244b-1eed358ae68f">
      <Execution id="e91d762c-cee4-4628-9c4a-2cce5f49fcf6" />
      <TestMethod codeBase="/home/runner/work/typespec/typespec/packages/http-client-csharp/generator/artifacts/bin/Microsoft.TypeSpec.Generator.ClientModel.Tests/Debug/net8.0/Microsoft.TypeSpec.Generator.ClientModel.Tests.dll" adapterTypeName="executor://nunit3testexecutor/" className="Microsoft.TypeSpec.Generator.ClientModel.Tests.Providers.MrwSerializationTypeDefinitions.AdditionalPropertiesTest" name="TestBuildDeserializationMethod(Microsoft.TypeSpec.Generator.Input.InputPrimitiveType,[&quot;string&quot;],[&quot;case global::System.Text.Json.JsonValueKind.String:&quot;, &quot;additionalProperties.Add(prop.Name, prop.Value.GetString());&quot;])" />
    </UnitTest>
    <UnitTest name="FormatsDatesAsString(&quot;o&quot;,05/04/2020 03:02:01 +00:00,&quot;2020-05-04T03:02:01.1230000Z&quot;)" storage="/home/runner/work/typespec/typespec/packages/http-client-csharp/generator/artifacts/bin/microsoft.typespec.generator.clientmodel.tests/debug/net8.0/microsoft.typespec.generator.clientmodel.tests.dll" id="fc9d51da-0a40-7e6b-a1cd-b320508541a4">
      <Execution id="6ce45611-cedf-4a2b-87fb-53fd6e68bb7f" />
      <TestMethod codeBase="/home/runner/work/typespec/typespec/packages/http-client-csharp/generator/artifacts/bin/Microsoft.TypeSpec.Generator.ClientModel.Tests/Debug/net8.0/Microsoft.TypeSpec.Generator.ClientModel.Tests.dll" adapterTypeName="executor://nunit3testexecutor/" className="Microsoft.TypeSpec.Generator.ClientModel.Tests.Providers.TypeFormatterTests" name="FormatsDatesAsString(&quot;o&quot;,05/04/2020 03:02:01 +00:00,&quot;2020-05-04T03:02:01.1230000Z&quot;)" />
    </UnitTest>
    <UnitTest name="AppendPath_ByteArray(&quot;http://localhost&quot;,[104, 101, 108, 108, 111],&quot;D&quot;,False,&quot;http://localhost/aGVsbG8=&quot;)" storage="/home/runner/work/typespec/typespec/packages/http-client-csharp/generator/artifacts/bin/microsoft.typespec.generator.clientmodel.tests/debug/net8.0/microsoft.typespec.generator.clientmodel.tests.dll" id="0042b540-d9ed-9ddc-23a9-c43f86f536b2">
      <Execution id="692fe2fd-20a0-4ebd-b149-b9e95fc3e154" />
      <TestMethod codeBase="/home/runner/work/typespec/typespec/packages/http-client-csharp/generator/artifacts/bin/Microsoft.TypeSpec.Generator.ClientModel.Tests/Debug/net8.0/Microsoft.TypeSpec.Generator.ClientModel.Tests.dll" adapterTypeName="executor://nunit3testexecutor/" className="Microsoft.TypeSpec.Generator.ClientModel.Tests.Providers.ClientUriBuilderTests" name="AppendPath_ByteArray(&quot;http://localhost&quot;,[104, 101, 108, 108, 111],&quot;D&quot;,False,&quot;http://localhost/aGVsbG8=&quot;)" />
    </UnitTest>
    <UnitTest name="ValidateIsLastNamespaceSegmentTheSame(&quot;Bar._Foo&quot;,&quot;Foo&quot;)" storage="/home/runner/work/typespec/typespec/packages/http-client-csharp/generator/artifacts/bin/microsoft.typespec.generator.clientmodel.tests/debug/net8.0/microsoft.typespec.generator.clientmodel.tests.dll" id="25bc9a60-23bd-3b26-5a83-8c696a1e9f91">
      <Execution id="e3d15614-25ef-43b9-b8a2-06354bf4e161" />
      <TestMethod codeBase="/home/runner/work/typespec/typespec/packages/http-client-csharp/generator/artifacts/bin/Microsoft.TypeSpec.Generator.ClientModel.Tests/Debug/net8.0/Microsoft.TypeSpec.Generator.ClientModel.Tests.dll" adapterTypeName="executor://nunit3testexecutor/" className="Microsoft.TypeSpec.Generator.ClientModel.Tests.Providers.ClientProviders.ClientProviderTests" name="ValidateIsLastNamespaceSegmentTheSame(&quot;Bar._Foo&quot;,&quot;Foo&quot;)" />
    </UnitTest>
    <UnitTest name="CanCustomizeModelName" storage="/home/runner/work/typespec/typespec/packages/http-client-csharp/generator/artifacts/bin/microsoft.typespec.generator.clientmodel.tests/debug/net8.0/microsoft.typespec.generator.clientmodel.tests.dll" id="8d4d0b58-570b-769d-8db0-79356b613256">
      <Execution id="9c051886-ed78-49e9-9541-1f43504e189f" />
      <TestMethod codeBase="/home/runner/work/typespec/typespec/packages/http-client-csharp/generator/artifacts/bin/Microsoft.TypeSpec.Generator.ClientModel.Tests/Debug/net8.0/Microsoft.TypeSpec.Generator.ClientModel.Tests.dll" adapterTypeName="executor://nunit3testexecutor/" className="Microsoft.TypeSpec.Generator.ClientModel.Tests.Providers.MrwSerializationTypeDefinitions.ModelCustomizationTests" name="CanCustomizeModelName" />
    </UnitTest>
    <UnitTest name="TestBuildImplicitToBinaryContent(False)" storage="/home/runner/work/typespec/typespec/packages/http-client-csharp/generator/artifacts/bin/microsoft.typespec.generator.clientmodel.tests/debug/net8.0/microsoft.typespec.generator.clientmodel.tests.dll" id="b1b0eee3-3048-4930-3256-de423350cc60">
      <Execution id="54985963-28b9-4165-ab17-dbba73b6f3d7" />
      <TestMethod codeBase="/home/runner/work/typespec/typespec/packages/http-client-csharp/generator/artifacts/bin/Microsoft.TypeSpec.Generator.ClientModel.Tests/Debug/net8.0/Microsoft.TypeSpec.Generator.ClientModel.Tests.dll" adapterTypeName="executor://nunit3testexecutor/" className="Microsoft.TypeSpec.Generator.ClientModel.Tests.Providers.MrwSerializationTypeDefinitions.MrwSerializationTypeDefinitionTests" name="TestBuildImplicitToBinaryContent(False)" />
    </UnitTest>
    <UnitTest name="TestReadOnlyPropertiesHaveWireCheck(True)" storage="/home/runner/work/typespec/typespec/packages/http-client-csharp/generator/artifacts/bin/microsoft.typespec.generator.clientmodel.tests/debug/net8.0/microsoft.typespec.generator.clientmodel.tests.dll" id="16a111f5-0eb5-7e54-3f99-07defee92367">
      <Execution id="8ccdf302-e2d7-474b-97c1-0db963cbed2f" />
      <TestMethod codeBase="/home/runner/work/typespec/typespec/packages/http-client-csharp/generator/artifacts/bin/Microsoft.TypeSpec.Generator.ClientModel.Tests/Debug/net8.0/Microsoft.TypeSpec.Generator.ClientModel.Tests.dll" adapterTypeName="executor://nunit3testexecutor/" className="Microsoft.TypeSpec.Generator.ClientModel.Tests.Providers.MrwSerializationTypeDefinitions.MrwSerializationTypeDefinitionTests" name="TestReadOnlyPropertiesHaveWireCheck(True)" />
    </UnitTest>
    <UnitTest name="TestBuildJsonModelCreateCoreMethod(True)" storage="/home/runner/work/typespec/typespec/packages/http-client-csharp/generator/artifacts/bin/microsoft.typespec.generator.clientmodel.tests/debug/net8.0/microsoft.typespec.generator.clientmodel.tests.dll" id="863f00e5-ad5d-e4d5-254c-017b0ea492ef">
      <Execution id="6d475351-cddd-4332-ba36-8480d2084b6f" />
      <TestMethod codeBase="/home/runner/work/typespec/typespec/packages/http-client-csharp/generator/artifacts/bin/Microsoft.TypeSpec.Generator.ClientModel.Tests/Debug/net8.0/Microsoft.TypeSpec.Generator.ClientModel.Tests.dll" adapterTypeName="executor://nunit3testexecutor/" className="Microsoft.TypeSpec.Generator.ClientModel.Tests.Providers.MrwSerializationTypeDefinitions.MrwSerializationTypeDefinitionTests" name="TestBuildJsonModelCreateCoreMethod(True)" />
    </UnitTest>
    <UnitTest name="TestBuildJsonModelWriteCore(Microsoft.TypeSpec.Generator.Input.InputPrimitiveType)" storage="/home/runner/work/typespec/typespec/packages/http-client-csharp/generator/artifacts/bin/microsoft.typespec.generator.clientmodel.tests/debug/net8.0/microsoft.typespec.generator.clientmodel.tests.dll" id="2656410e-7f45-70a7-fdf7-f36a93564a60">
      <Execution id="c014a9e7-1136-4a3f-bf72-325346f1b9da" />
      <TestMethod codeBase="/home/runner/work/typespec/typespec/packages/http-client-csharp/generator/artifacts/bin/Microsoft.TypeSpec.Generator.ClientModel.Tests/Debug/net8.0/Microsoft.TypeSpec.Generator.ClientModel.Tests.dll" adapterTypeName="executor://nunit3testexecutor/" className="Microsoft.TypeSpec.Generator.ClientModel.Tests.Providers.MrwSerializationTypeDefinitions.AdditionalPropertiesTest" name="TestBuildJsonModelWriteCore(Microsoft.TypeSpec.Generator.Input.InputPrimitiveType)" />
    </UnitTest>
    <UnitTest name="CanCustomizeSerializationMethodForRenamedProperty" storage="/home/runner/work/typespec/typespec/packages/http-client-csharp/generator/artifacts/bin/microsoft.typespec.generator.clientmodel.tests/debug/net8.0/microsoft.typespec.generator.clientmodel.tests.dll" id="3f453143-83b9-e557-9d70-ce635a271f4e">
      <Execution id="f718fecf-5b16-499a-a822-6448ee4dc0c1" />
      <TestMethod codeBase="/home/runner/work/typespec/typespec/packages/http-client-csharp/generator/artifacts/bin/Microsoft.TypeSpec.Generator.ClientModel.Tests/Debug/net8.0/Microsoft.TypeSpec.Generator.ClientModel.Tests.dll" adapterTypeName="executor://nunit3testexecutor/" className="Microsoft.TypeSpec.Generator.ClientModel.Tests.Providers.MrwSerializationTypeDefinitions.SerializationCustomizationTests" name="CanCustomizeSerializationMethodForRenamedProperty" />
    </UnitTest>
    <UnitTest name="ValidateClientWithSpecialHeaders" storage="/home/runner/work/typespec/typespec/packages/http-client-csharp/generator/artifacts/bin/microsoft.typespec.generator.clientmodel.tests/debug/net8.0/microsoft.typespec.generator.clientmodel.tests.dll" id="054c26a0-9f69-9ce9-ce49-eb0ed2f1204f">
      <Execution id="624f78df-3da4-496e-b5b1-3dc067caf813" />
      <TestMethod codeBase="/home/runner/work/typespec/typespec/packages/http-client-csharp/generator/artifacts/bin/Microsoft.TypeSpec.Generator.ClientModel.Tests/Debug/net8.0/Microsoft.TypeSpec.Generator.ClientModel.Tests.dll" adapterTypeName="executor://nunit3testexecutor/" className="Microsoft.TypeSpec.Generator.ClientModel.Tests.Providers.RestClientProviders.RestClientProviderTests" name="ValidateClientWithSpecialHeaders" />
    </UnitTest>
    <UnitTest name="BinaryContentSnippet_InvokeStatic(True)" storage="/home/runner/work/typespec/typespec/packages/http-client-csharp/generator/artifacts/bin/microsoft.typespec.generator.clientmodel.tests/debug/net8.0/microsoft.typespec.generator.clientmodel.tests.dll" id="3aa7f57e-bb40-bdf7-b002-4c757f5f3ab3">
      <Execution id="ab39fd98-d252-4b60-9f26-6befec9d36ed" />
      <TestMethod codeBase="/home/runner/work/typespec/typespec/packages/http-client-csharp/generator/artifacts/bin/Microsoft.TypeSpec.Generator.ClientModel.Tests/Debug/net8.0/Microsoft.TypeSpec.Generator.ClientModel.Tests.dll" adapterTypeName="executor://nunit3testexecutor/" className="Microsoft.TypeSpec.Generator.ClientModel.Tests.TypedSnippetsTests" name="BinaryContentSnippet_InvokeStatic(True)" />
    </UnitTest>
    <UnitTest name="TestIntSerializationStatement(Int32,&quot;string&quot;)" storage="/home/runner/work/typespec/typespec/packages/http-client-csharp/generator/artifacts/bin/microsoft.typespec.generator.clientmodel.tests/debug/net8.0/microsoft.typespec.generator.clientmodel.tests.dll" id="68d0fb8e-5c5d-d34b-58ab-63b024d75491">
      <Execution id="160313a5-d50f-4006-92df-e9e059d282bc" />
      <TestMethod codeBase="/home/runner/work/typespec/typespec/packages/http-client-csharp/generator/artifacts/bin/Microsoft.TypeSpec.Generator.ClientModel.Tests/Debug/net8.0/Microsoft.TypeSpec.Generator.ClientModel.Tests.dll" adapterTypeName="executor://nunit3testexecutor/" className="Microsoft.TypeSpec.Generator.ClientModel.Tests.Providers.MrwSerializationTypeDefinitions.MrwSerializationTypeDefinitionTests" name="TestIntSerializationStatement(Int32,&quot;string&quot;)" />
    </UnitTest>
    <UnitTest name="RoundTripWithJsonInterfaceOfT(&quot;W&quot;)" storage="/home/runner/work/typespec/typespec/packages/http-client-csharp/generator/artifacts/bin/microsoft.typespec.generator.clientmodel.tests/debug/net8.0/microsoft.typespec.generator.clientmodel.tests.dll" id="dbd6e154-4890-dc88-e04d-c6cb4bd2c543">
      <Execution id="b0a3f623-c407-49e8-a9e9-b8cf2378126e" />
      <TestMethod codeBase="/home/runner/work/typespec/typespec/packages/http-client-csharp/generator/artifacts/bin/Microsoft.TypeSpec.Generator.ClientModel.Tests/Debug/net8.0/Microsoft.TypeSpec.Generator.ClientModel.Tests.dll" adapterTypeName="executor://nunit3testexecutor/" className="Microsoft.TypeSpec.Generator.ClientModel.Tests.ModelReaderWriterValidation.TestProjects.Sample_TypeSpec.ThingWithNullsTests" name="RoundTripWithJsonInterfaceOfT(&quot;W&quot;)" />
    </UnitTest>
    <UnitTest name="AppendQuery_Double(&quot;http://localhost&quot;,-3.14d,False,&quot;http://localhost/?query=-3.14&quot;)" storage="/home/runner/work/typespec/typespec/packages/http-client-csharp/generator/artifacts/bin/microsoft.typespec.generator.clientmodel.tests/debug/net8.0/microsoft.typespec.generator.clientmodel.tests.dll" id="ec16d752-c3b4-091e-1dc9-5fb39755032b">
      <Execution id="7db742fd-54bd-4685-af11-d318dd7424ad" />
      <TestMethod codeBase="/home/runner/work/typespec/typespec/packages/http-client-csharp/generator/artifacts/bin/Microsoft.TypeSpec.Generator.ClientModel.Tests/Debug/net8.0/Microsoft.TypeSpec.Generator.ClientModel.Tests.dll" adapterTypeName="executor://nunit3testexecutor/" className="Microsoft.TypeSpec.Generator.ClientModel.Tests.Providers.ClientUriBuilderTests" name="AppendQuery_Double(&quot;http://localhost&quot;,-3.14d,False,&quot;http://localhost/?query=-3.14&quot;)" />
    </UnitTest>
    <UnitTest name="TestIntSerializationStatement(Int8,null)" storage="/home/runner/work/typespec/typespec/packages/http-client-csharp/generator/artifacts/bin/microsoft.typespec.generator.clientmodel.tests/debug/net8.0/microsoft.typespec.generator.clientmodel.tests.dll" id="578ae397-2c20-daa9-2874-a228a4ade716">
      <Execution id="19d23677-06b1-4de9-8c32-538dd9fadc02" />
      <TestMethod codeBase="/home/runner/work/typespec/typespec/packages/http-client-csharp/generator/artifacts/bin/Microsoft.TypeSpec.Generator.ClientModel.Tests/Debug/net8.0/Microsoft.TypeSpec.Generator.ClientModel.Tests.dll" adapterTypeName="executor://nunit3testexecutor/" className="Microsoft.TypeSpec.Generator.ClientModel.Tests.Providers.MrwSerializationTypeDefinitions.MrwSerializationTypeDefinitionTests" name="TestIntSerializationStatement(Int8,null)" />
    </UnitTest>
    <UnitTest name="ValidateToEnumMethodsExtensible(Microsoft.TypeSpec.Generator.Input.InputEnumType)" storage="/home/runner/work/typespec/typespec/packages/http-client-csharp/generator/artifacts/bin/microsoft.typespec.generator.clientmodel.tests/debug/net8.0/microsoft.typespec.generator.clientmodel.tests.dll" id="78a6b582-b368-300f-7454-3b6c6e2452ac">
      <Execution id="6e553582-d758-45dd-88d3-aab7df02e74b" />
      <TestMethod codeBase="/home/runner/work/typespec/typespec/packages/http-client-csharp/generator/artifacts/bin/Microsoft.TypeSpec.Generator.ClientModel.Tests/Debug/net8.0/Microsoft.TypeSpec.Generator.ClientModel.Tests.dll" adapterTypeName="executor://nunit3testexecutor/" className="Microsoft.TypeSpec.Generator.ClientModel.Tests.Providers.EnumProvider.EnumProviderSerializationTests" name="ValidateToEnumMethodsExtensible(Microsoft.TypeSpec.Generator.Input.InputEnumType)" />
    </UnitTest>
    <UnitTest name="ValidateClientWithAcceptHeader_ValueDefinedAsConstant" storage="/home/runner/work/typespec/typespec/packages/http-client-csharp/generator/artifacts/bin/microsoft.typespec.generator.clientmodel.tests/debug/net8.0/microsoft.typespec.generator.clientmodel.tests.dll" id="2315e0cb-ba4e-0315-4e33-7520d0de3d72">
      <Execution id="1488291c-929d-4298-b9d8-4c89e9660eac" />
      <TestMethod codeBase="/home/runner/work/typespec/typespec/packages/http-client-csharp/generator/artifacts/bin/Microsoft.TypeSpec.Generator.ClientModel.Tests/Debug/net8.0/Microsoft.TypeSpec.Generator.ClientModel.Tests.dll" adapterTypeName="executor://nunit3testexecutor/" className="Microsoft.TypeSpec.Generator.ClientModel.Tests.Providers.RestClientProviders.RestClientProviderTests" name="ValidateClientWithAcceptHeader_ValueDefinedAsConstant" />
    </UnitTest>
    <UnitTest name="HeaderParameterOptionality(False,False)" storage="/home/runner/work/typespec/typespec/packages/http-client-csharp/generator/artifacts/bin/microsoft.typespec.generator.clientmodel.tests/debug/net8.0/microsoft.typespec.generator.clientmodel.tests.dll" id="948d3d06-dd5d-b2ff-293a-f6a6c81f644a">
      <Execution id="b72d30a3-dd6e-4a4b-9292-11f3a4deeca5" />
      <TestMethod codeBase="/home/runner/work/typespec/typespec/packages/http-client-csharp/generator/artifacts/bin/Microsoft.TypeSpec.Generator.ClientModel.Tests/Debug/net8.0/Microsoft.TypeSpec.Generator.ClientModel.Tests.dll" adapterTypeName="executor://nunit3testexecutor/" className="Microsoft.TypeSpec.Generator.ClientModel.Tests.Providers.RestClientProviders.RestClientProviderTests" name="HeaderParameterOptionality(False,False)" />
    </UnitTest>
    <UnitTest name="OperationWithOptionalExtensibleEnum" storage="/home/runner/work/typespec/typespec/packages/http-client-csharp/generator/artifacts/bin/microsoft.typespec.generator.clientmodel.tests/debug/net8.0/microsoft.typespec.generator.clientmodel.tests.dll" id="dc4f4648-68a7-4ad9-5e64-5b8ab0e9f0d5">
      <Execution id="d31566ff-956f-4510-b21f-5f3e04924439" />
      <TestMethod codeBase="/home/runner/work/typespec/typespec/packages/http-client-csharp/generator/artifacts/bin/Microsoft.TypeSpec.Generator.ClientModel.Tests/Debug/net8.0/Microsoft.TypeSpec.Generator.ClientModel.Tests.dll" adapterTypeName="executor://nunit3testexecutor/" className="Microsoft.TypeSpec.Generator.ClientModel.Tests.Providers.ScmMethodProviderCollectionTests" name="OperationWithOptionalExtensibleEnum" />
    </UnitTest>
    <UnitTest name="AppendQuery_Bool(&quot;http://localhost&quot;,True,False,&quot;http://localhost/?query=true&quot;)" storage="/home/runner/work/typespec/typespec/packages/http-client-csharp/generator/artifacts/bin/microsoft.typespec.generator.clientmodel.tests/debug/net8.0/microsoft.typespec.generator.clientmodel.tests.dll" id="d58133a7-9d33-a542-69d0-49c99b7c3190">
      <Execution id="ae600cff-84c7-46aa-860e-d19210581228" />
      <TestMethod codeBase="/home/runner/work/typespec/typespec/packages/http-client-csharp/generator/artifacts/bin/Microsoft.TypeSpec.Generator.ClientModel.Tests/Debug/net8.0/Microsoft.TypeSpec.Generator.ClientModel.Tests.dll" adapterTypeName="executor://nunit3testexecutor/" className="Microsoft.TypeSpec.Generator.ClientModel.Tests.Providers.ClientUriBuilderTests" name="AppendQuery_Bool(&quot;http://localhost&quot;,True,False,&quot;http://localhost/?query=true&quot;)" />
    </UnitTest>
    <UnitTest name="TestBuildPersistableModelDeserializationMethod" storage="/home/runner/work/typespec/typespec/packages/http-client-csharp/generator/artifacts/bin/microsoft.typespec.generator.clientmodel.tests/debug/net8.0/microsoft.typespec.generator.clientmodel.tests.dll" id="65daf17b-6734-2887-3b9a-92e68be3eecc">
      <Execution id="bab127ad-fe05-4856-bded-7d37f716e14c" />
      <TestMethod codeBase="/home/runner/work/typespec/typespec/packages/http-client-csharp/generator/artifacts/bin/Microsoft.TypeSpec.Generator.ClientModel.Tests/Debug/net8.0/Microsoft.TypeSpec.Generator.ClientModel.Tests.dll" adapterTypeName="executor://nunit3testexecutor/" className="Microsoft.TypeSpec.Generator.ClientModel.Tests.Providers.MrwSerializationTypeDefinitions.MrwSerializationTypeDefinitionTests" name="TestBuildPersistableModelDeserializationMethod" />
    </UnitTest>
    <UnitTest name="RoundTripWithModelCast(&quot;W&quot;)" storage="/home/runner/work/typespec/typespec/packages/http-client-csharp/generator/artifacts/bin/microsoft.typespec.generator.clientmodel.tests/debug/net8.0/microsoft.typespec.generator.clientmodel.tests.dll" id="3936cffd-461a-434b-847d-904ad236cf5a">
      <Execution id="b4bc33a9-9a00-4057-8af5-2344f17cc816" />
      <TestMethod codeBase="/home/runner/work/typespec/typespec/packages/http-client-csharp/generator/artifacts/bin/Microsoft.TypeSpec.Generator.ClientModel.Tests/Debug/net8.0/Microsoft.TypeSpec.Generator.ClientModel.Tests.dll" adapterTypeName="executor://nunit3testexecutor/" className="Microsoft.TypeSpec.Generator.ClientModel.Tests.ModelReaderWriterValidation.TestProjects.Sample_TypeSpec.ThingWithNullsTests" name="RoundTripWithModelCast(&quot;W&quot;)" />
    </UnitTest>
    <UnitTest name="ValidateClientWithAcceptHeader_ValuesDefinedInResponse" storage="/home/runner/work/typespec/typespec/packages/http-client-csharp/generator/artifacts/bin/microsoft.typespec.generator.clientmodel.tests/debug/net8.0/microsoft.typespec.generator.clientmodel.tests.dll" id="aa24ebc7-de07-9d78-3ed9-d13182a4abaf">
      <Execution id="480754f7-c2a0-4f09-8bbf-cf5c1366ff14" />
      <TestMethod codeBase="/home/runner/work/typespec/typespec/packages/http-client-csharp/generator/artifacts/bin/Microsoft.TypeSpec.Generator.ClientModel.Tests/Debug/net8.0/Microsoft.TypeSpec.Generator.ClientModel.Tests.dll" adapterTypeName="executor://nunit3testexecutor/" className="Microsoft.TypeSpec.Generator.ClientModel.Tests.Providers.RestClientProviders.RestClientProviderTests" name="ValidateClientWithAcceptHeader_ValuesDefinedInResponse" />
    </UnitTest>
    <UnitTest name="CanReplaceOpMethod" storage="/home/runner/work/typespec/typespec/packages/http-client-csharp/generator/artifacts/bin/microsoft.typespec.generator.clientmodel.tests/debug/net8.0/microsoft.typespec.generator.clientmodel.tests.dll" id="228c7528-b299-db41-59ab-3646b8e95954">
      <Execution id="6f0ca489-2d66-400a-bb0c-ff06b9b0e3e6" />
      <TestMethod codeBase="/home/runner/work/typespec/typespec/packages/http-client-csharp/generator/artifacts/bin/Microsoft.TypeSpec.Generator.ClientModel.Tests/Debug/net8.0/Microsoft.TypeSpec.Generator.ClientModel.Tests.dll" adapterTypeName="executor://nunit3testexecutor/" className="Microsoft.TypeSpec.Generator.ClientModel.Tests.Providers.ClientProviders.ClientProviderCustomizationTests" name="CanReplaceOpMethod" />
    </UnitTest>
    <UnitTest name="ValidateConvertToString(null,True,&quot;true&quot;)" storage="/home/runner/work/typespec/typespec/packages/http-client-csharp/generator/artifacts/bin/microsoft.typespec.generator.clientmodel.tests/debug/net8.0/microsoft.typespec.generator.clientmodel.tests.dll" id="a0c2347e-12cd-e97e-3411-c0b888e63434">
      <Execution id="112df7f4-a6f1-4bf1-a92e-3ca2b70696d6" />
      <TestMethod codeBase="/home/runner/work/typespec/typespec/packages/http-client-csharp/generator/artifacts/bin/Microsoft.TypeSpec.Generator.ClientModel.Tests/Debug/net8.0/Microsoft.TypeSpec.Generator.ClientModel.Tests.dll" adapterTypeName="executor://nunit3testexecutor/" className="Microsoft.TypeSpec.Generator.ClientModel.Tests.Providers.TypeFormatterTests" name="ValidateConvertToString(null,True,&quot;true&quot;)" />
    </UnitTest>
    <UnitTest name="ThrowsIfWireIsNotJson" storage="/home/runner/work/typespec/typespec/packages/http-client-csharp/generator/artifacts/bin/microsoft.typespec.generator.clientmodel.tests/debug/net8.0/microsoft.typespec.generator.clientmodel.tests.dll" id="0cc38451-e146-8497-4cd5-53044a86f598">
      <Execution id="40a9daac-19cf-40c8-84e0-e18da8ec18c2" />
      <TestMethod codeBase="/home/runner/work/typespec/typespec/packages/http-client-csharp/generator/artifacts/bin/Microsoft.TypeSpec.Generator.ClientModel.Tests/Debug/net8.0/Microsoft.TypeSpec.Generator.ClientModel.Tests.dll" adapterTypeName="executor://nunit3testexecutor/" className="Microsoft.TypeSpec.Generator.ClientModel.Tests.ModelReaderWriterValidation.TestProjects.Sample_TypeSpec.ThingTests" name="ThrowsIfWireIsNotJson" />
    </UnitTest>
    <UnitTest name="ValidateClientResponseClassifiers(Microsoft.TypeSpec.Generator.Input.InputClient)" storage="/home/runner/work/typespec/typespec/packages/http-client-csharp/generator/artifacts/bin/microsoft.typespec.generator.clientmodel.tests/debug/net8.0/microsoft.typespec.generator.clientmodel.tests.dll" id="9ed36475-70ea-d935-981c-3ee0399bdd52">
      <Execution id="5729f86d-57de-4369-b092-0fd7a23f6133" />
      <TestMethod codeBase="/home/runner/work/typespec/typespec/packages/http-client-csharp/generator/artifacts/bin/Microsoft.TypeSpec.Generator.ClientModel.Tests/Debug/net8.0/Microsoft.TypeSpec.Generator.ClientModel.Tests.dll" adapterTypeName="executor://nunit3testexecutor/" className="Microsoft.TypeSpec.Generator.ClientModel.Tests.Providers.RestClientProviders.RestClientProviderTests" name="ValidateClientResponseClassifiers(Microsoft.TypeSpec.Generator.Input.InputClient)" />
    </UnitTest>
    <UnitTest name="ResetThenAppendPath(&quot;http://localhost/&quot;,&quot;/path&quot;,&quot;http://localhost/path&quot;)" storage="/home/runner/work/typespec/typespec/packages/http-client-csharp/generator/artifacts/bin/microsoft.typespec.generator.clientmodel.tests/debug/net8.0/microsoft.typespec.generator.clientmodel.tests.dll" id="0e6db308-be33-8ba9-e75a-890081430aca">
      <Execution id="07d1170c-cd08-4f52-a5c3-dd62b1ec13ba" />
      <TestMethod codeBase="/home/runner/work/typespec/typespec/packages/http-client-csharp/generator/artifacts/bin/Microsoft.TypeSpec.Generator.ClientModel.Tests/Debug/net8.0/Microsoft.TypeSpec.Generator.ClientModel.Tests.dll" adapterTypeName="executor://nunit3testexecutor/" className="Microsoft.TypeSpec.Generator.ClientModel.Tests.Providers.ClientUriBuilderTests" name="ResetThenAppendPath(&quot;http://localhost/&quot;,&quot;/path&quot;,&quot;http://localhost/path&quot;)" />
    </UnitTest>
    <UnitTest name="TestBuildJsonModelCreateMethodObjectDeclaration" storage="/home/runner/work/typespec/typespec/packages/http-client-csharp/generator/artifacts/bin/microsoft.typespec.generator.clientmodel.tests/debug/net8.0/microsoft.typespec.generator.clientmodel.tests.dll" id="118381db-b906-f6fd-1684-10bb36d8f131">
      <Execution id="7c23bbf2-6973-4b6f-bb96-556fbcb96905" />
      <TestMethod codeBase="/home/runner/work/typespec/typespec/packages/http-client-csharp/generator/artifacts/bin/Microsoft.TypeSpec.Generator.ClientModel.Tests/Debug/net8.0/Microsoft.TypeSpec.Generator.ClientModel.Tests.dll" adapterTypeName="executor://nunit3testexecutor/" className="Microsoft.TypeSpec.Generator.ClientModel.Tests.Providers.MrwSerializationTypeDefinitions.MrwSerializationTypeDefinitionTests" name="TestBuildJsonModelCreateMethodObjectDeclaration" />
    </UnitTest>
    <UnitTest name="CanAddMethod" storage="/home/runner/work/typespec/typespec/packages/http-client-csharp/generator/artifacts/bin/microsoft.typespec.generator.clientmodel.tests/debug/net8.0/microsoft.typespec.generator.clientmodel.tests.dll" id="e87a7c46-fccf-b207-c830-82e843042fb3">
      <Execution id="6f516064-f7c7-4073-9773-971c76f03d15" />
      <TestMethod codeBase="/home/runner/work/typespec/typespec/packages/http-client-csharp/generator/artifacts/bin/Microsoft.TypeSpec.Generator.ClientModel.Tests/Debug/net8.0/Microsoft.TypeSpec.Generator.ClientModel.Tests.dll" adapterTypeName="executor://nunit3testexecutor/" className="Microsoft.TypeSpec.Generator.ClientModel.Tests.Providers.ClientProviders.ClientProviderCustomizationTests" name="CanAddMethod" />
    </UnitTest>
    <UnitTest name="ResetThenAppendQuery(&quot;http://localhost/some&quot;,&quot;one|1&quot;,&quot;http://localhost/some?one=1&quot;)" storage="/home/runner/work/typespec/typespec/packages/http-client-csharp/generator/artifacts/bin/microsoft.typespec.generator.clientmodel.tests/debug/net8.0/microsoft.typespec.generator.clientmodel.tests.dll" id="1a77ee52-5ac1-842f-3a78-c59f71df5654">
      <Execution id="f67afa6f-6e0e-4615-b161-2467fe499975" />
      <TestMethod codeBase="/home/runner/work/typespec/typespec/packages/http-client-csharp/generator/artifacts/bin/Microsoft.TypeSpec.Generator.ClientModel.Tests/Debug/net8.0/Microsoft.TypeSpec.Generator.ClientModel.Tests.dll" adapterTypeName="executor://nunit3testexecutor/" className="Microsoft.TypeSpec.Generator.ClientModel.Tests.Providers.ClientUriBuilderTests" name="ResetThenAppendQuery(&quot;http://localhost/some&quot;,&quot;one|1&quot;,&quot;http://localhost/some?one=1&quot;)" />
    </UnitTest>
    <UnitTest name="ContinuationTokenInHeaderOfTAsync" storage="/home/runner/work/typespec/typespec/packages/http-client-csharp/generator/artifacts/bin/microsoft.typespec.generator.clientmodel.tests/debug/net8.0/microsoft.typespec.generator.clientmodel.tests.dll" id="3775d54e-5139-d61a-b3ed-3919845d7970">
      <Execution id="09ac3818-a9b4-497a-ada4-8ca9e89b32e8" />
      <TestMethod codeBase="/home/runner/work/typespec/typespec/packages/http-client-csharp/generator/artifacts/bin/Microsoft.TypeSpec.Generator.ClientModel.Tests/Debug/net8.0/Microsoft.TypeSpec.Generator.ClientModel.Tests.dll" adapterTypeName="executor://nunit3testexecutor/" className="Microsoft.TypeSpec.Generator.ClientModel.Tests.Providers.CollectionResultDefinitions.ContinuationTokenTests" name="ContinuationTokenInHeaderOfTAsync" />
    </UnitTest>
    <UnitTest name="AppendQuery_Int(&quot;http://localhost&quot;,299792458,True,&quot;http://localhost/?query=299792458&quot;)" storage="/home/runner/work/typespec/typespec/packages/http-client-csharp/generator/artifacts/bin/microsoft.typespec.generator.clientmodel.tests/debug/net8.0/microsoft.typespec.generator.clientmodel.tests.dll" id="3e62d79a-8b08-3538-6f63-1356805c57c5">
      <Execution id="e19b5654-a777-4329-b4a9-9b2a6d6b850f" />
      <TestMethod codeBase="/home/runner/work/typespec/typespec/packages/http-client-csharp/generator/artifacts/bin/Microsoft.TypeSpec.Generator.ClientModel.Tests/Debug/net8.0/Microsoft.TypeSpec.Generator.ClientModel.Tests.dll" adapterTypeName="executor://nunit3testexecutor/" className="Microsoft.TypeSpec.Generator.ClientModel.Tests.Providers.ClientUriBuilderTests" name="AppendQuery_Int(&quot;http://localhost&quot;,299792458,True,&quot;http://localhost/?query=299792458&quot;)" />
    </UnitTest>
    <UnitTest name="CanChangePropertyName" storage="/home/runner/work/typespec/typespec/packages/http-client-csharp/generator/artifacts/bin/microsoft.typespec.generator.clientmodel.tests/debug/net8.0/microsoft.typespec.generator.clientmodel.tests.dll" id="666c8d10-fb2c-8e9c-b885-d283f7f7989e">
      <Execution id="69096577-9ac5-4ad2-87e2-02981eee78e2" />
      <TestMethod codeBase="/home/runner/work/typespec/typespec/packages/http-client-csharp/generator/artifacts/bin/Microsoft.TypeSpec.Generator.ClientModel.Tests/Debug/net8.0/Microsoft.TypeSpec.Generator.ClientModel.Tests.dll" adapterTypeName="executor://nunit3testexecutor/" className="Microsoft.TypeSpec.Generator.ClientModel.Tests.Providers.MrwSerializationTypeDefinitions.SerializationCustomizationTests" name="CanChangePropertyName" />
    </UnitTest>
    <UnitTest name="OptionalSnippet_IsDefined" storage="/home/runner/work/typespec/typespec/packages/http-client-csharp/generator/artifacts/bin/microsoft.typespec.generator.clientmodel.tests/debug/net8.0/microsoft.typespec.generator.clientmodel.tests.dll" id="1f197d57-fb90-1daa-1029-19a0a18cfb63">
      <Execution id="96aca051-1672-471c-bd83-304266fff75a" />
      <TestMethod codeBase="/home/runner/work/typespec/typespec/packages/http-client-csharp/generator/artifacts/bin/Microsoft.TypeSpec.Generator.ClientModel.Tests/Debug/net8.0/Microsoft.TypeSpec.Generator.ClientModel.Tests.dll" adapterTypeName="executor://nunit3testexecutor/" className="Microsoft.TypeSpec.Generator.ClientModel.Tests.TypedSnippetsTests" name="OptionalSnippet_IsDefined" />
    </UnitTest>
    <UnitTest name="EndpointFieldAssignedFromStringParameter(&quot;https://{hostName}&quot;,&quot;hostName&quot;)" storage="/home/runner/work/typespec/typespec/packages/http-client-csharp/generator/artifacts/bin/microsoft.typespec.generator.clientmodel.tests/debug/net8.0/microsoft.typespec.generator.clientmodel.tests.dll" id="850718e8-8e6e-2fc0-30e9-cce89aa9345e">
      <Execution id="48efe947-1204-4942-be98-01168e3aa1f9" />
      <TestMethod codeBase="/home/runner/work/typespec/typespec/packages/http-client-csharp/generator/artifacts/bin/Microsoft.TypeSpec.Generator.ClientModel.Tests/Debug/net8.0/Microsoft.TypeSpec.Generator.ClientModel.Tests.dll" adapterTypeName="executor://nunit3testexecutor/" className="Microsoft.TypeSpec.Generator.ClientModel.Tests.Providers.ClientProviders.ClientProviderTests" name="EndpointFieldAssignedFromStringParameter(&quot;https://{hostName}&quot;,&quot;hostName&quot;)" />
    </UnitTest>
    <UnitTest name="RoundTripWithJsonInterfaceNonGeneric(&quot;J&quot;)" storage="/home/runner/work/typespec/typespec/packages/http-client-csharp/generator/artifacts/bin/microsoft.typespec.generator.clientmodel.tests/debug/net8.0/microsoft.typespec.generator.clientmodel.tests.dll" id="633faebd-f1aa-b19f-4840-fe1f8cb24aaa">
      <Execution id="a8cd4d3d-ab62-4827-ab76-9651c4c32fd9" />
      <TestMethod codeBase="/home/runner/work/typespec/typespec/packages/http-client-csharp/generator/artifacts/bin/Microsoft.TypeSpec.Generator.ClientModel.Tests/Debug/net8.0/Microsoft.TypeSpec.Generator.ClientModel.Tests.dll" adapterTypeName="executor://nunit3testexecutor/" className="Microsoft.TypeSpec.Generator.ClientModel.Tests.ModelReaderWriterValidation.TestProjects.Sample_TypeSpec.RoundTripModelTests" name="RoundTripWithJsonInterfaceNonGeneric(&quot;J&quot;)" />
    </UnitTest>
    <UnitTest name="TestIntDeserializeExpression(System.Byte,Int_String)" storage="/home/runner/work/typespec/typespec/packages/http-client-csharp/generator/artifacts/bin/microsoft.typespec.generator.clientmodel.tests/debug/net8.0/microsoft.typespec.generator.clientmodel.tests.dll" id="b83054a9-6d1f-b3f4-cf8b-0d733b097e9b">
      <Execution id="61a8d9f1-eb89-434d-b960-7f81138ef18e" />
      <TestMethod codeBase="/home/runner/work/typespec/typespec/packages/http-client-csharp/generator/artifacts/bin/Microsoft.TypeSpec.Generator.ClientModel.Tests/Debug/net8.0/Microsoft.TypeSpec.Generator.ClientModel.Tests.dll" adapterTypeName="executor://nunit3testexecutor/" className="Microsoft.TypeSpec.Generator.ClientModel.Tests.Providers.MrwSerializationTypeDefinitions.MrwSerializationTypeDefinitionTests" name="TestIntDeserializeExpression(System.Byte,Int_String)" />
    </UnitTest>
    <UnitTest name="RoundTripWithJsonInterfaceOfT(&quot;W&quot;)" storage="/home/runner/work/typespec/typespec/packages/http-client-csharp/generator/artifacts/bin/microsoft.typespec.generator.clientmodel.tests/debug/net8.0/microsoft.typespec.generator.clientmodel.tests.dll" id="0c9d4e59-49c7-021e-ea64-5c522f20c80b">
      <Execution id="d9c26bd7-ce39-41c5-b861-12d79fffa0b6" />
      <TestMethod codeBase="/home/runner/work/typespec/typespec/packages/http-client-csharp/generator/artifacts/bin/Microsoft.TypeSpec.Generator.ClientModel.Tests/Debug/net8.0/Microsoft.TypeSpec.Generator.ClientModel.Tests.dll" adapterTypeName="executor://nunit3testexecutor/" className="Microsoft.TypeSpec.Generator.ClientModel.Tests.ModelReaderWriterValidation.TestProjects.Sample_TypeSpec.RoundTripModelTests" name="RoundTripWithJsonInterfaceOfT(&quot;W&quot;)" />
    </UnitTest>
    <UnitTest name="NextLinkInBodyMultipleClients" storage="/home/runner/work/typespec/typespec/packages/http-client-csharp/generator/artifacts/bin/microsoft.typespec.generator.clientmodel.tests/debug/net8.0/microsoft.typespec.generator.clientmodel.tests.dll" id="5c12f93f-3c59-134e-f070-61c48d0d89a9">
      <Execution id="39c88e7b-19cf-4653-ba28-746ce8adf499" />
      <TestMethod codeBase="/home/runner/work/typespec/typespec/packages/http-client-csharp/generator/artifacts/bin/Microsoft.TypeSpec.Generator.ClientModel.Tests/Debug/net8.0/Microsoft.TypeSpec.Generator.ClientModel.Tests.dll" adapterTypeName="executor://nunit3testexecutor/" className="Microsoft.TypeSpec.Generator.ClientModel.Tests.Providers.CollectionResultDefinitions.NextLinkTests" name="NextLinkInBodyMultipleClients" />
    </UnitTest>
    <UnitTest name="ProcessMessageIsOverridden" storage="/home/runner/work/typespec/typespec/packages/http-client-csharp/generator/artifacts/bin/microsoft.typespec.generator.clientmodel.tests/debug/net8.0/microsoft.typespec.generator.clientmodel.tests.dll" id="4c1c59cd-e4a5-e39a-adb6-781aef6bf9d5">
      <Execution id="e6a85e2c-c118-482b-a726-87bfb362dd41" />
      <TestMethod codeBase="/home/runner/work/typespec/typespec/packages/http-client-csharp/generator/artifacts/bin/Microsoft.TypeSpec.Generator.ClientModel.Tests/Debug/net8.0/Microsoft.TypeSpec.Generator.ClientModel.Tests.dll" adapterTypeName="executor://nunit3testexecutor/" className="Microsoft.TypeSpec.Generator.ClientModel.Tests.Providers.Abstractions.ClientPipelineApiTests" name="ProcessMessageIsOverridden" />
    </UnitTest>
    <UnitTest name="RoundTripWithModelReaderWriterNonGeneric(&quot;W&quot;)" storage="/home/runner/work/typespec/typespec/packages/http-client-csharp/generator/artifacts/bin/microsoft.typespec.generator.clientmodel.tests/debug/net8.0/microsoft.typespec.generator.clientmodel.tests.dll" id="80bc32d0-5a3f-b82e-8b59-d70782c7273a">
      <Execution id="e87d401e-e8de-4e4c-89bf-4b326dccdd6d" />
      <TestMethod codeBase="/home/runner/work/typespec/typespec/packages/http-client-csharp/generator/artifacts/bin/Microsoft.TypeSpec.Generator.ClientModel.Tests/Debug/net8.0/Microsoft.TypeSpec.Generator.ClientModel.Tests.dll" adapterTypeName="executor://nunit3testexecutor/" className="Microsoft.TypeSpec.Generator.ClientModel.Tests.ModelReaderWriterValidation.TestProjects.Sample_TypeSpec.RenamedModelTests" name="RoundTripWithModelReaderWriterNonGeneric(&quot;W&quot;)" />
    </UnitTest>
    <UnitTest name="AppendQuery_Int(&quot;http://localhost&quot;,-299792458,False,&quot;http://localhost/?query=-299792458&quot;)" storage="/home/runner/work/typespec/typespec/packages/http-client-csharp/generator/artifacts/bin/microsoft.typespec.generator.clientmodel.tests/debug/net8.0/microsoft.typespec.generator.clientmodel.tests.dll" id="f4e3ebab-7e4a-0cd1-86fc-a3d86a2407e3">
      <Execution id="20c1900a-f49d-4bdc-a5dd-d51605f32c09" />
      <TestMethod codeBase="/home/runner/work/typespec/typespec/packages/http-client-csharp/generator/artifacts/bin/Microsoft.TypeSpec.Generator.ClientModel.Tests/Debug/net8.0/Microsoft.TypeSpec.Generator.ClientModel.Tests.dll" adapterTypeName="executor://nunit3testexecutor/" className="Microsoft.TypeSpec.Generator.ClientModel.Tests.Providers.ClientUriBuilderTests" name="AppendQuery_Int(&quot;http://localhost&quot;,-299792458,False,&quot;http://localhost/?query=-299792458&quot;)" />
    </UnitTest>
    <UnitTest name="SubClientFieldsAreStoredOnRootClient" storage="/home/runner/work/typespec/typespec/packages/http-client-csharp/generator/artifacts/bin/microsoft.typespec.generator.clientmodel.tests/debug/net8.0/microsoft.typespec.generator.clientmodel.tests.dll" id="b58757a7-d1b1-920d-0ad6-ed3ea2c5d501">
      <Execution id="38e8bf57-813f-4d35-a97a-025f9f5f64c4" />
      <TestMethod codeBase="/home/runner/work/typespec/typespec/packages/http-client-csharp/generator/artifacts/bin/Microsoft.TypeSpec.Generator.ClientModel.Tests/Debug/net8.0/Microsoft.TypeSpec.Generator.ClientModel.Tests.dll" adapterTypeName="executor://nunit3testexecutor/" className="Microsoft.TypeSpec.Generator.ClientModel.Tests.Providers.ClientProviders.ClientProviderTests" name="SubClientFieldsAreStoredOnRootClient" />
    </UnitTest>
    <UnitTest name="TestBuildFields_WithSubClients(Microsoft.TypeSpec.Generator.Input.InputClient,System.Collections.Generic.List`1[Microsoft.TypeSpec.Generator.ClientModel.Tests.Providers.ClientProviders.ClientProviderTests+ExpectedFieldProvider])" storage="/home/runner/work/typespec/typespec/packages/http-client-csharp/generator/artifacts/bin/microsoft.typespec.generator.clientmodel.tests/debug/net8.0/microsoft.typespec.generator.clientmodel.tests.dll" id="98cba7ef-cae3-92dd-b1d6-f5f810e86693">
      <Execution id="539dbee4-22fa-4948-9cda-dd768a78e53e" />
      <TestMethod codeBase="/home/runner/work/typespec/typespec/packages/http-client-csharp/generator/artifacts/bin/Microsoft.TypeSpec.Generator.ClientModel.Tests/Debug/net8.0/Microsoft.TypeSpec.Generator.ClientModel.Tests.dll" adapterTypeName="executor://nunit3testexecutor/" className="Microsoft.TypeSpec.Generator.ClientModel.Tests.Providers.ClientProviders.ClientProviderTests" name="TestBuildFields_WithSubClients(Microsoft.TypeSpec.Generator.Input.InputClient,System.Collections.Generic.List`1[Microsoft.TypeSpec.Generator.ClientModel.Tests.Providers.ClientProviders.ClientProviderTests+ExpectedFieldProvider])" />
    </UnitTest>
    <UnitTest name="ResetThenAppendPathThenAppendQuery(&quot;http://localhost&quot;,&quot;/some&quot;,&quot;one|1|two|2&quot;,&quot;http://localhost/some?one=1&amp;two=2&quot;)" storage="/home/runner/work/typespec/typespec/packages/http-client-csharp/generator/artifacts/bin/microsoft.typespec.generator.clientmodel.tests/debug/net8.0/microsoft.typespec.generator.clientmodel.tests.dll" id="bfaa7edb-4a04-4e67-1fba-886c635c7198">
      <Execution id="dad1e93e-f094-4373-9c84-5db40b272577" />
      <TestMethod codeBase="/home/runner/work/typespec/typespec/packages/http-client-csharp/generator/artifacts/bin/Microsoft.TypeSpec.Generator.ClientModel.Tests/Debug/net8.0/Microsoft.TypeSpec.Generator.ClientModel.Tests.dll" adapterTypeName="executor://nunit3testexecutor/" className="Microsoft.TypeSpec.Generator.ClientModel.Tests.Providers.ClientUriBuilderTests" name="ResetThenAppendPathThenAppendQuery(&quot;http://localhost&quot;,&quot;/some&quot;,&quot;one|1|two|2&quot;,&quot;http://localhost/some?one=1&amp;two=2&quot;)" />
    </UnitTest>
    <UnitTest name="RoundTripWithJsonInterfaceNonGeneric(&quot;J&quot;)" storage="/home/runner/work/typespec/typespec/packages/http-client-csharp/generator/artifacts/bin/microsoft.typespec.generator.clientmodel.tests/debug/net8.0/microsoft.typespec.generator.clientmodel.tests.dll" id="65ec0d1d-04b9-67af-7168-6d5dc4287ecb">
      <Execution id="521412bb-a65b-4f70-b6e0-fd7c642409bd" />
      <TestMethod codeBase="/home/runner/work/typespec/typespec/packages/http-client-csharp/generator/artifacts/bin/Microsoft.TypeSpec.Generator.ClientModel.Tests/Debug/net8.0/Microsoft.TypeSpec.Generator.ClientModel.Tests.dll" adapterTypeName="executor://nunit3testexecutor/" className="Microsoft.TypeSpec.Generator.ClientModel.Tests.ModelReaderWriterValidation.TestProjects.Sample_TypeSpec.ThingTests" name="RoundTripWithJsonInterfaceNonGeneric(&quot;J&quot;)" />
    </UnitTest>
    <UnitTest name="AppendQuery_DateTimeOffset(&quot;http://localhost&quot;,&quot;6/30/1905 1:14:00 PM +00:00&quot;,&quot;o&quot;,False,&quot;http://localhost/?query=1905-06-30T13:14:00.0000000Z&quot;)" storage="/home/runner/work/typespec/typespec/packages/http-client-csharp/generator/artifacts/bin/microsoft.typespec.generator.clientmodel.tests/debug/net8.0/microsoft.typespec.generator.clientmodel.tests.dll" id="a46f3cc4-c110-1556-a386-c5cffa7f4bae">
      <Execution id="f42c3d9a-ba30-4628-a88d-4fd9d1a4743a" />
      <TestMethod codeBase="/home/runner/work/typespec/typespec/packages/http-client-csharp/generator/artifacts/bin/Microsoft.TypeSpec.Generator.ClientModel.Tests/Debug/net8.0/Microsoft.TypeSpec.Generator.ClientModel.Tests.dll" adapterTypeName="executor://nunit3testexecutor/" className="Microsoft.TypeSpec.Generator.ClientModel.Tests.Providers.ClientUriBuilderTests" name="AppendQuery_DateTimeOffset(&quot;http://localhost&quot;,&quot;6/30/1905 1:14:00 PM +00:00&quot;,&quot;o&quot;,False,&quot;http://localhost/?query=1905-06-30T13:14:00.0000000Z&quot;)" />
    </UnitTest>
    <UnitTest name="TestEqualAfterConvertingToUtc(&quot;2020-05-04T03:02:01.1230000+00:00&quot;)" storage="/home/runner/work/typespec/typespec/packages/http-client-csharp/generator/artifacts/bin/microsoft.typespec.generator.clientmodel.tests/debug/net8.0/microsoft.typespec.generator.clientmodel.tests.dll" id="d85b041f-089f-431b-1ddd-38180f5dda6d">
      <Execution id="30488937-6b4a-4a3c-b27b-6a8a2612d320" />
      <TestMethod codeBase="/home/runner/work/typespec/typespec/packages/http-client-csharp/generator/artifacts/bin/Microsoft.TypeSpec.Generator.ClientModel.Tests/Debug/net8.0/Microsoft.TypeSpec.Generator.ClientModel.Tests.dll" adapterTypeName="executor://nunit3testexecutor/" className="Microsoft.TypeSpec.Generator.ClientModel.Tests.Providers.TypeFormatterTests" name="TestEqualAfterConvertingToUtc(&quot;2020-05-04T03:02:01.1230000+00:00&quot;)" />
    </UnitTest>
    <UnitTest name="RoundTripWithModelReaderWriter(&quot;J&quot;)" storage="/home/runner/work/typespec/typespec/packages/http-client-csharp/generator/artifacts/bin/microsoft.typespec.generator.clientmodel.tests/debug/net8.0/microsoft.typespec.generator.clientmodel.tests.dll" id="15abf66e-4495-0e09-6101-8af6d51e6310">
      <Execution id="ef0e0b58-21fa-4987-abd8-62e2e94522c5" />
      <TestMethod codeBase="/home/runner/work/typespec/typespec/packages/http-client-csharp/generator/artifacts/bin/Microsoft.TypeSpec.Generator.ClientModel.Tests/Debug/net8.0/Microsoft.TypeSpec.Generator.ClientModel.Tests.dll" adapterTypeName="executor://nunit3testexecutor/" className="Microsoft.TypeSpec.Generator.ClientModel.Tests.ModelReaderWriterValidation.TestProjects.Sample_TypeSpec.ThingTests" name="RoundTripWithModelReaderWriter(&quot;J&quot;)" />
    </UnitTest>
    <UnitTest name="CanChangeToNonNullableProp" storage="/home/runner/work/typespec/typespec/packages/http-client-csharp/generator/artifacts/bin/microsoft.typespec.generator.clientmodel.tests/debug/net8.0/microsoft.typespec.generator.clientmodel.tests.dll" id="4c9c5c23-67cc-c7e8-91bd-12f4d818dce5">
      <Execution id="fe326495-5039-4941-b541-6afbfa9f3458" />
      <TestMethod codeBase="/home/runner/work/typespec/typespec/packages/http-client-csharp/generator/artifacts/bin/Microsoft.TypeSpec.Generator.ClientModel.Tests/Debug/net8.0/Microsoft.TypeSpec.Generator.ClientModel.Tests.dll" adapterTypeName="executor://nunit3testexecutor/" className="Microsoft.TypeSpec.Generator.ClientModel.Tests.Providers.MrwSerializationTypeDefinitions.SerializationCustomizationTests" name="CanChangeToNonNullableProp" />
    </UnitTest>
    <UnitTest name="RoundTripWithModelInterfaceNonGeneric(&quot;J&quot;)" storage="/home/runner/work/typespec/typespec/packages/http-client-csharp/generator/artifacts/bin/microsoft.typespec.generator.clientmodel.tests/debug/net8.0/microsoft.typespec.generator.clientmodel.tests.dll" id="51cb5a3a-59ce-98a7-b4b7-3fe113e0d820">
      <Execution id="22e7e9b7-401e-490e-b353-3d26fbde2f10" />
      <TestMethod codeBase="/home/runner/work/typespec/typespec/packages/http-client-csharp/generator/artifacts/bin/Microsoft.TypeSpec.Generator.ClientModel.Tests/Debug/net8.0/Microsoft.TypeSpec.Generator.ClientModel.Tests.dll" adapterTypeName="executor://nunit3testexecutor/" className="Microsoft.TypeSpec.Generator.ClientModel.Tests.ModelReaderWriterValidation.TestProjects.Sample_TypeSpec.RoundTripModelTests" name="RoundTripWithModelInterfaceNonGeneric(&quot;J&quot;)" />
    </UnitTest>
    <UnitTest name="FormatsDatesAsString(&quot;R&quot;,05/04/2020 03:02:01 +00:00,&quot;Mon, 04 May 2020 03:02:01 GMT&quot;)" storage="/home/runner/work/typespec/typespec/packages/http-client-csharp/generator/artifacts/bin/microsoft.typespec.generator.clientmodel.tests/debug/net8.0/microsoft.typespec.generator.clientmodel.tests.dll" id="60e80210-144f-ae89-bdae-f71c9f8b8814">
      <Execution id="dd499814-c9c6-4a96-b946-b8f264ad9798" />
      <TestMethod codeBase="/home/runner/work/typespec/typespec/packages/http-client-csharp/generator/artifacts/bin/Microsoft.TypeSpec.Generator.ClientModel.Tests/Debug/net8.0/Microsoft.TypeSpec.Generator.ClientModel.Tests.dll" adapterTypeName="executor://nunit3testexecutor/" className="Microsoft.TypeSpec.Generator.ClientModel.Tests.Providers.TypeFormatterTests" name="FormatsDatesAsString(&quot;R&quot;,05/04/2020 03:02:01 +00:00,&quot;Mon, 04 May 2020 03:02:01 GMT&quot;)" />
    </UnitTest>
    <UnitTest name="TestApiVersionOfClient" storage="/home/runner/work/typespec/typespec/packages/http-client-csharp/generator/artifacts/bin/microsoft.typespec.generator.clientmodel.tests/debug/net8.0/microsoft.typespec.generator.clientmodel.tests.dll" id="63b96ad9-1a5d-1e15-66e8-6bae36a632f6">
      <Execution id="f33428b2-9715-4cb7-aad3-833f395a72e4" />
      <TestMethod codeBase="/home/runner/work/typespec/typespec/packages/http-client-csharp/generator/artifacts/bin/Microsoft.TypeSpec.Generator.ClientModel.Tests/Debug/net8.0/Microsoft.TypeSpec.Generator.ClientModel.Tests.dll" adapterTypeName="executor://nunit3testexecutor/" className="Microsoft.TypeSpec.Generator.ClientModel.Tests.Providers.ClientProviders.ClientProviderTests" name="TestApiVersionOfClient" />
    </UnitTest>
    <UnitTest name="ValidateIsLastNamespaceSegmentTheSame(&quot;Foo&quot;,&quot;Bar.Foo&quot;)" storage="/home/runner/work/typespec/typespec/packages/http-client-csharp/generator/artifacts/bin/microsoft.typespec.generator.clientmodel.tests/debug/net8.0/microsoft.typespec.generator.clientmodel.tests.dll" id="d014a639-73a9-c5f3-1a69-c8e9ea956187">
      <Execution id="ea274e9a-ef85-4856-9848-b1dbdff1802f" />
      <TestMethod codeBase="/home/runner/work/typespec/typespec/packages/http-client-csharp/generator/artifacts/bin/Microsoft.TypeSpec.Generator.ClientModel.Tests/Debug/net8.0/Microsoft.TypeSpec.Generator.ClientModel.Tests.dll" adapterTypeName="executor://nunit3testexecutor/" className="Microsoft.TypeSpec.Generator.ClientModel.Tests.Providers.ClientProviders.ClientProviderTests" name="ValidateIsLastNamespaceSegmentTheSame(&quot;Foo&quot;,&quot;Bar.Foo&quot;)" />
    </UnitTest>
    <UnitTest name="AppendPath_Long(&quot;http://localhost&quot;,299792458000000L,True,&quot;http://localhost/299792458000000&quot;)" storage="/home/runner/work/typespec/typespec/packages/http-client-csharp/generator/artifacts/bin/microsoft.typespec.generator.clientmodel.tests/debug/net8.0/microsoft.typespec.generator.clientmodel.tests.dll" id="ea6c1b95-a0ad-0182-c0b9-1f79d5e165b1">
      <Execution id="6dc46e77-6ce5-477b-aa70-bdfba3c4603e" />
      <TestMethod codeBase="/home/runner/work/typespec/typespec/packages/http-client-csharp/generator/artifacts/bin/Microsoft.TypeSpec.Generator.ClientModel.Tests/Debug/net8.0/Microsoft.TypeSpec.Generator.ClientModel.Tests.dll" adapterTypeName="executor://nunit3testexecutor/" className="Microsoft.TypeSpec.Generator.ClientModel.Tests.Providers.ClientUriBuilderTests" name="AppendPath_Long(&quot;http://localhost&quot;,299792458000000L,True,&quot;http://localhost/299792458000000&quot;)" />
    </UnitTest>
    <UnitTest name="TestBuildDeserializationMethod(Microsoft.TypeSpec.Generator.Input.InputPrimitiveType,[&quot;float&quot;],[&quot;case global::System.Text.Json.JsonValueKind.Number:&quot;, &quot;if (prop.Value.TryGetSingle(out float floatValue))&quot;, &quot;additionalProperties.Add(prop.Name, floatValue);&quot;])" storage="/home/runner/work/typespec/typespec/packages/http-client-csharp/generator/artifacts/bin/microsoft.typespec.generator.clientmodel.tests/debug/net8.0/microsoft.typespec.generator.clientmodel.tests.dll" id="f3c9bab4-3291-051a-77b7-1676b635bc87">
      <Execution id="e95ed0e4-5dfc-458f-92c7-36e886400ea4" />
      <TestMethod codeBase="/home/runner/work/typespec/typespec/packages/http-client-csharp/generator/artifacts/bin/Microsoft.TypeSpec.Generator.ClientModel.Tests/Debug/net8.0/Microsoft.TypeSpec.Generator.ClientModel.Tests.dll" adapterTypeName="executor://nunit3testexecutor/" className="Microsoft.TypeSpec.Generator.ClientModel.Tests.Providers.MrwSerializationTypeDefinitions.AdditionalPropertiesTest" name="TestBuildDeserializationMethod(Microsoft.TypeSpec.Generator.Input.InputPrimitiveType,[&quot;float&quot;],[&quot;case global::System.Text.Json.JsonValueKind.Number:&quot;, &quot;if (prop.Value.TryGetSingle(out float floatValue))&quot;, &quot;additionalProperties.Add(prop.Name, floatValue);&quot;])" />
    </UnitTest>
    <UnitTest name="CanAddMethodSameName" storage="/home/runner/work/typespec/typespec/packages/http-client-csharp/generator/artifacts/bin/microsoft.typespec.generator.clientmodel.tests/debug/net8.0/microsoft.typespec.generator.clientmodel.tests.dll" id="9b12f8a1-22cd-2d0a-2975-6602c64df5fd">
      <Execution id="06d1abad-78f5-406a-9dc9-2b6590b1b131" />
      <TestMethod codeBase="/home/runner/work/typespec/typespec/packages/http-client-csharp/generator/artifacts/bin/Microsoft.TypeSpec.Generator.ClientModel.Tests/Debug/net8.0/Microsoft.TypeSpec.Generator.ClientModel.Tests.dll" adapterTypeName="executor://nunit3testexecutor/" className="Microsoft.TypeSpec.Generator.ClientModel.Tests.Providers.ClientProviders.ClientProviderCustomizationTests" name="CanAddMethodSameName" />
    </UnitTest>
    <UnitTest name="ValidateConvertToString(null,-42,&quot;-42&quot;)" storage="/home/runner/work/typespec/typespec/packages/http-client-csharp/generator/artifacts/bin/microsoft.typespec.generator.clientmodel.tests/debug/net8.0/microsoft.typespec.generator.clientmodel.tests.dll" id="73131707-ca1a-3884-7742-1965e89251f2">
      <Execution id="c1cd9017-9274-46dd-b771-32b3552ecbf7" />
      <TestMethod codeBase="/home/runner/work/typespec/typespec/packages/http-client-csharp/generator/artifacts/bin/Microsoft.TypeSpec.Generator.ClientModel.Tests/Debug/net8.0/Microsoft.TypeSpec.Generator.ClientModel.Tests.dll" adapterTypeName="executor://nunit3testexecutor/" className="Microsoft.TypeSpec.Generator.ClientModel.Tests.Providers.TypeFormatterTests" name="ValidateConvertToString(null,-42,&quot;-42&quot;)" />
    </UnitTest>
    <UnitTest name="ThrowsIfUnknownFormat" storage="/home/runner/work/typespec/typespec/packages/http-client-csharp/generator/artifacts/bin/microsoft.typespec.generator.clientmodel.tests/debug/net8.0/microsoft.typespec.generator.clientmodel.tests.dll" id="abcce51a-46cc-2334-1c79-335e656d6908">
      <Execution id="e349a0e3-43dd-4a14-805e-47c70e4d3bc3" />
      <TestMethod codeBase="/home/runner/work/typespec/typespec/packages/http-client-csharp/generator/artifacts/bin/Microsoft.TypeSpec.Generator.ClientModel.Tests/Debug/net8.0/Microsoft.TypeSpec.Generator.ClientModel.Tests.dll" adapterTypeName="executor://nunit3testexecutor/" className="Microsoft.TypeSpec.Generator.ClientModel.Tests.ModelReaderWriterValidation.TestProjects.Sample_TypeSpec.RoundTripModelTests" name="ThrowsIfUnknownFormat" />
    </UnitTest>
    <UnitTest name="ResetThenAppendPath(&quot;http://localhost:12345/with/&quot;,&quot;/path&quot;,&quot;http://localhost:12345/with/path&quot;)" storage="/home/runner/work/typespec/typespec/packages/http-client-csharp/generator/artifacts/bin/microsoft.typespec.generator.clientmodel.tests/debug/net8.0/microsoft.typespec.generator.clientmodel.tests.dll" id="259590b0-282e-1979-8334-224eab396dc0">
      <Execution id="e6462a8d-b579-4168-ae48-f877516d9b27" />
      <TestMethod codeBase="/home/runner/work/typespec/typespec/packages/http-client-csharp/generator/artifacts/bin/Microsoft.TypeSpec.Generator.ClientModel.Tests/Debug/net8.0/Microsoft.TypeSpec.Generator.ClientModel.Tests.dll" adapterTypeName="executor://nunit3testexecutor/" className="Microsoft.TypeSpec.Generator.ClientModel.Tests.Providers.ClientUriBuilderTests" name="ResetThenAppendPath(&quot;http://localhost:12345/with/&quot;,&quot;/path&quot;,&quot;http://localhost:12345/with/path&quot;)" />
    </UnitTest>
    <UnitTest name="ValidateBodyOfProcessMessageIsOverridden" storage="/home/runner/work/typespec/typespec/packages/http-client-csharp/generator/artifacts/bin/microsoft.typespec.generator.clientmodel.tests/debug/net8.0/microsoft.typespec.generator.clientmodel.tests.dll" id="e8efddcb-de74-9a15-028e-2928f93e6b81">
      <Execution id="25bed48b-8d7c-4257-a78a-f68cac8dc0c9" />
      <TestMethod codeBase="/home/runner/work/typespec/typespec/packages/http-client-csharp/generator/artifacts/bin/Microsoft.TypeSpec.Generator.ClientModel.Tests/Debug/net8.0/Microsoft.TypeSpec.Generator.ClientModel.Tests.dll" adapterTypeName="executor://nunit3testexecutor/" className="Microsoft.TypeSpec.Generator.ClientModel.Tests.Providers.Abstractions.HttpMessageApiTests" name="ValidateBodyOfProcessMessageIsOverridden" />
    </UnitTest>
    <UnitTest name="ValidateIsLastNamespaceSegmentTheSame(&quot;/Foo&quot;,&quot;Foo&quot;)" storage="/home/runner/work/typespec/typespec/packages/http-client-csharp/generator/artifacts/bin/microsoft.typespec.generator.clientmodel.tests/debug/net8.0/microsoft.typespec.generator.clientmodel.tests.dll" id="298a1739-b929-a951-cba7-1dded414429f">
      <Execution id="6086dbd0-a5bb-4870-81ea-d3f58a6879d8" />
      <TestMethod codeBase="/home/runner/work/typespec/typespec/packages/http-client-csharp/generator/artifacts/bin/Microsoft.TypeSpec.Generator.ClientModel.Tests/Debug/net8.0/Microsoft.TypeSpec.Generator.ClientModel.Tests.dll" adapterTypeName="executor://nunit3testexecutor/" className="Microsoft.TypeSpec.Generator.ClientModel.Tests.Providers.ClientProviders.ClientProviderTests" name="ValidateIsLastNamespaceSegmentTheSame(&quot;/Foo&quot;,&quot;Foo&quot;)" />
    </UnitTest>
    <UnitTest name="AppendQueryDelimited(&quot;http://localhost&quot;,[&quot;hello&quot;, &quot;world&quot;],&quot;;&quot;,True,&quot;http://localhost/?query=hello%3Bworld&quot;)" storage="/home/runner/work/typespec/typespec/packages/http-client-csharp/generator/artifacts/bin/microsoft.typespec.generator.clientmodel.tests/debug/net8.0/microsoft.typespec.generator.clientmodel.tests.dll" id="3b908ee4-91ce-c0e9-93f0-06f64e2436c7">
      <Execution id="3a02568b-58b9-4911-97e6-80a64e7c0bfd" />
      <TestMethod codeBase="/home/runner/work/typespec/typespec/packages/http-client-csharp/generator/artifacts/bin/Microsoft.TypeSpec.Generator.ClientModel.Tests/Debug/net8.0/Microsoft.TypeSpec.Generator.ClientModel.Tests.dll" adapterTypeName="executor://nunit3testexecutor/" className="Microsoft.TypeSpec.Generator.ClientModel.Tests.Providers.ClientUriBuilderTests" name="AppendQueryDelimited(&quot;http://localhost&quot;,[&quot;hello&quot;, &quot;world&quot;],&quot;;&quot;,True,&quot;http://localhost/?query=hello%3Bworld&quot;)" />
    </UnitTest>
    <UnitTest name="TestImplicitToBinaryContentNotGeneratedForNonRootInputModel" storage="/home/runner/work/typespec/typespec/packages/http-client-csharp/generator/artifacts/bin/microsoft.typespec.generator.clientmodel.tests/debug/net8.0/microsoft.typespec.generator.clientmodel.tests.dll" id="df74a8b4-44a1-5487-2d29-3c4b11501295">
      <Execution id="5d13129e-de6b-472f-afec-0a8b9c82f426" />
      <TestMethod codeBase="/home/runner/work/typespec/typespec/packages/http-client-csharp/generator/artifacts/bin/Microsoft.TypeSpec.Generator.ClientModel.Tests/Debug/net8.0/Microsoft.TypeSpec.Generator.ClientModel.Tests.dll" adapterTypeName="executor://nunit3testexecutor/" className="Microsoft.TypeSpec.Generator.ClientModel.Tests.Providers.MrwSerializationTypeDefinitions.MrwSerializationTypeDefinitionTests" name="TestImplicitToBinaryContentNotGeneratedForNonRootInputModel" />
    </UnitTest>
    <UnitTest name="RoundTripWithJsonInterfaceOfT(&quot;W&quot;)" storage="/home/runner/work/typespec/typespec/packages/http-client-csharp/generator/artifacts/bin/microsoft.typespec.generator.clientmodel.tests/debug/net8.0/microsoft.typespec.generator.clientmodel.tests.dll" id="e1556102-bfa7-5198-dc89-44e3df8c3feb">
      <Execution id="57218459-3c4a-45f9-8c69-65ed5c29f61c" />
      <TestMethod codeBase="/home/runner/work/typespec/typespec/packages/http-client-csharp/generator/artifacts/bin/Microsoft.TypeSpec.Generator.ClientModel.Tests/Debug/net8.0/Microsoft.TypeSpec.Generator.ClientModel.Tests.dll" adapterTypeName="executor://nunit3testexecutor/" className="Microsoft.TypeSpec.Generator.ClientModel.Tests.ModelReaderWriterValidation.TestProjects.Sample_TypeSpec.RenamedModelTests" name="RoundTripWithJsonInterfaceOfT(&quot;W&quot;)" />
    </UnitTest>
    <UnitTest name="CanCustomizeExtensibleEnum(Microsoft.TypeSpec.Generator.Input.InputEnumType)" storage="/home/runner/work/typespec/typespec/packages/http-client-csharp/generator/artifacts/bin/microsoft.typespec.generator.clientmodel.tests/debug/net8.0/microsoft.typespec.generator.clientmodel.tests.dll" id="c448b744-7bf8-6f0c-d98b-198f6de41865">
      <Execution id="feb6ead6-a3c0-4968-a7ef-9cfa268b548d" />
      <TestMethod codeBase="/home/runner/work/typespec/typespec/packages/http-client-csharp/generator/artifacts/bin/Microsoft.TypeSpec.Generator.ClientModel.Tests/Debug/net8.0/Microsoft.TypeSpec.Generator.ClientModel.Tests.dll" adapterTypeName="executor://nunit3testexecutor/" className="Microsoft.TypeSpec.Generator.ClientModel.Tests.Providers.MrwSerializationTypeDefinitions.SerializationCustomizationTests" name="CanCustomizeExtensibleEnum(Microsoft.TypeSpec.Generator.Input.InputEnumType)" />
    </UnitTest>
    <UnitTest name="RoundTripWithJsonInterfaceOfT(&quot;W&quot;)" storage="/home/runner/work/typespec/typespec/packages/http-client-csharp/generator/artifacts/bin/microsoft.typespec.generator.clientmodel.tests/debug/net8.0/microsoft.typespec.generator.clientmodel.tests.dll" id="143dbbf3-4ec0-9d69-c413-541c8867be95">
      <Execution id="570b39fb-6abc-4d08-acb9-12230331de0f" />
      <TestMethod codeBase="/home/runner/work/typespec/typespec/packages/http-client-csharp/generator/artifacts/bin/Microsoft.TypeSpec.Generator.ClientModel.Tests/Debug/net8.0/Microsoft.TypeSpec.Generator.ClientModel.Tests.dll" adapterTypeName="executor://nunit3testexecutor/" className="Microsoft.TypeSpec.Generator.ClientModel.Tests.ModelReaderWriterValidation.TestProjects.Sample_TypeSpec.ThingTests" name="RoundTripWithJsonInterfaceOfT(&quot;W&quot;)" />
    </UnitTest>
    <UnitTest name="ValidateIsLastNamespaceSegmentTheSame(&quot;Foo&quot;,&quot;_Foo&quot;)" storage="/home/runner/work/typespec/typespec/packages/http-client-csharp/generator/artifacts/bin/microsoft.typespec.generator.clientmodel.tests/debug/net8.0/microsoft.typespec.generator.clientmodel.tests.dll" id="75565cb5-105a-47a6-0025-428383842588">
      <Execution id="d3ea55b7-66bd-49b3-bffe-a80312acf14e" />
      <TestMethod codeBase="/home/runner/work/typespec/typespec/packages/http-client-csharp/generator/artifacts/bin/Microsoft.TypeSpec.Generator.ClientModel.Tests/Debug/net8.0/Microsoft.TypeSpec.Generator.ClientModel.Tests.dll" adapterTypeName="executor://nunit3testexecutor/" className="Microsoft.TypeSpec.Generator.ClientModel.Tests.Providers.ClientProviders.ClientProviderTests" name="ValidateIsLastNamespaceSegmentTheSame(&quot;Foo&quot;,&quot;_Foo&quot;)" />
    </UnitTest>
    <UnitTest name="FormatsDatesAsJson(&quot;O&quot;,05/04/2020 03:02:01 +00:00,&quot;2020-05-04T03:02:01.1230000Z&quot;)" storage="/home/runner/work/typespec/typespec/packages/http-client-csharp/generator/artifacts/bin/microsoft.typespec.generator.clientmodel.tests/debug/net8.0/microsoft.typespec.generator.clientmodel.tests.dll" id="3e96eedd-eee8-45b2-9867-4b35303504e8">
      <Execution id="677ed990-aa25-44a5-8dc8-ca20e0b925f0" />
      <TestMethod codeBase="/home/runner/work/typespec/typespec/packages/http-client-csharp/generator/artifacts/bin/Microsoft.TypeSpec.Generator.ClientModel.Tests/Debug/net8.0/Microsoft.TypeSpec.Generator.ClientModel.Tests.dll" adapterTypeName="executor://nunit3testexecutor/" className="Microsoft.TypeSpec.Generator.ClientModel.Tests.Providers.TypeFormatterTests" name="FormatsDatesAsJson(&quot;O&quot;,05/04/2020 03:02:01 +00:00,&quot;2020-05-04T03:02:01.1230000Z&quot;)" />
    </UnitTest>
    <UnitTest name="ValidateQueryParamWriterDiff(True)" storage="/home/runner/work/typespec/typespec/packages/http-client-csharp/generator/artifacts/bin/microsoft.typespec.generator.clientmodel.tests/debug/net8.0/microsoft.typespec.generator.clientmodel.tests.dll" id="38edb700-70aa-aa33-0bc7-b5b75e3d9a26">
      <Execution id="e01a603f-3eb0-414f-852e-f80534b2f3ad" />
      <TestMethod codeBase="/home/runner/work/typespec/typespec/packages/http-client-csharp/generator/artifacts/bin/Microsoft.TypeSpec.Generator.ClientModel.Tests/Debug/net8.0/Microsoft.TypeSpec.Generator.ClientModel.Tests.dll" adapterTypeName="executor://nunit3testexecutor/" className="Microsoft.TypeSpec.Generator.ClientModel.Tests.Providers.ClientProviders.ClientProviderTests" name="ValidateQueryParamWriterDiff(True)" />
    </UnitTest>
    <UnitTest name="PascalCaseSerializedName" storage="/home/runner/work/typespec/typespec/packages/http-client-csharp/generator/artifacts/bin/microsoft.typespec.generator.clientmodel.tests/debug/net8.0/microsoft.typespec.generator.clientmodel.tests.dll" id="1c75349a-57cf-06ee-2a40-f8f9fb0c9b51">
      <Execution id="2e636c72-ffa0-4ff5-ae95-e3fe7dec1074" />
      <TestMethod codeBase="/home/runner/work/typespec/typespec/packages/http-client-csharp/generator/artifacts/bin/Microsoft.TypeSpec.Generator.ClientModel.Tests/Debug/net8.0/Microsoft.TypeSpec.Generator.ClientModel.Tests.dll" adapterTypeName="executor://nunit3testexecutor/" className="Microsoft.TypeSpec.Generator.ClientModel.Tests.Providers.MrwSerializationTypeDefinitions.JsonModelCoreTests" name="PascalCaseSerializedName" />
    </UnitTest>
    <UnitTest name="DerivedShouldNotHaveProxyAttribute" storage="/home/runner/work/typespec/typespec/packages/http-client-csharp/generator/artifacts/bin/microsoft.typespec.generator.clientmodel.tests/debug/net8.0/microsoft.typespec.generator.clientmodel.tests.dll" id="b15d8efd-7f32-e75e-1f6f-96aa9050a2b9">
      <Execution id="dde53518-9f89-41d4-a256-73c62b7af187" />
      <TestMethod codeBase="/home/runner/work/typespec/typespec/packages/http-client-csharp/generator/artifacts/bin/Microsoft.TypeSpec.Generator.ClientModel.Tests/Debug/net8.0/Microsoft.TypeSpec.Generator.ClientModel.Tests.dll" adapterTypeName="executor://nunit3testexecutor/" className="Microsoft.TypeSpec.Generator.ClientModel.Tests.Providers.MrwSerializationTypeDefinitions.DiscriminatorTests" name="DerivedShouldNotHaveProxyAttribute" />
    </UnitTest>
    <UnitTest name="RoundTripWithModelInterfaceNonGeneric(&quot;J&quot;)" storage="/home/runner/work/typespec/typespec/packages/http-client-csharp/generator/artifacts/bin/microsoft.typespec.generator.clientmodel.tests/debug/net8.0/microsoft.typespec.generator.clientmodel.tests.dll" id="277f322d-c788-9e4e-74c2-15e97b3deb10">
      <Execution id="228364b7-8f0e-4486-ba7e-631daa430368" />
      <TestMethod codeBase="/home/runner/work/typespec/typespec/packages/http-client-csharp/generator/artifacts/bin/Microsoft.TypeSpec.Generator.ClientModel.Tests/Debug/net8.0/Microsoft.TypeSpec.Generator.ClientModel.Tests.dll" adapterTypeName="executor://nunit3testexecutor/" className="Microsoft.TypeSpec.Generator.ClientModel.Tests.ModelReaderWriterValidation.TestProjects.Sample_TypeSpec.RenamedModelTests" name="RoundTripWithModelInterfaceNonGeneric(&quot;J&quot;)" />
    </UnitTest>
    <UnitTest name="TestBuildJsonModelCreateMethodProperlyDoesNotCastForUnknown" storage="/home/runner/work/typespec/typespec/packages/http-client-csharp/generator/artifacts/bin/microsoft.typespec.generator.clientmodel.tests/debug/net8.0/microsoft.typespec.generator.clientmodel.tests.dll" id="a73c3e41-b3cb-b229-f869-b2a02776ca71">
      <Execution id="a8a1a3cf-6df5-43cf-ad54-6ef0f99722d6" />
      <TestMethod codeBase="/home/runner/work/typespec/typespec/packages/http-client-csharp/generator/artifacts/bin/Microsoft.TypeSpec.Generator.ClientModel.Tests/Debug/net8.0/Microsoft.TypeSpec.Generator.ClientModel.Tests.dll" adapterTypeName="executor://nunit3testexecutor/" className="Microsoft.TypeSpec.Generator.ClientModel.Tests.Providers.MrwSerializationTypeDefinitions.DiscriminatorTests" name="TestBuildJsonModelCreateMethodProperlyDoesNotCastForUnknown" />
    </UnitTest>
    <UnitTest name="TestIntDeserializeExpression(System.Int32,Default)" storage="/home/runner/work/typespec/typespec/packages/http-client-csharp/generator/artifacts/bin/microsoft.typespec.generator.clientmodel.tests/debug/net8.0/microsoft.typespec.generator.clientmodel.tests.dll" id="b980310c-3eed-ecf0-a5ec-9237fd7abcff">
      <Execution id="4c3e254d-e257-4fc0-b4e1-fba09e120b68" />
      <TestMethod codeBase="/home/runner/work/typespec/typespec/packages/http-client-csharp/generator/artifacts/bin/Microsoft.TypeSpec.Generator.ClientModel.Tests/Debug/net8.0/Microsoft.TypeSpec.Generator.ClientModel.Tests.dll" adapterTypeName="executor://nunit3testexecutor/" className="Microsoft.TypeSpec.Generator.ClientModel.Tests.Providers.MrwSerializationTypeDefinitions.MrwSerializationTypeDefinitionTests" name="TestIntDeserializeExpression(System.Int32,Default)" />
    </UnitTest>
    <UnitTest name="MultipartOperationShouldHaveContentTypeParam" storage="/home/runner/work/typespec/typespec/packages/http-client-csharp/generator/artifacts/bin/microsoft.typespec.generator.clientmodel.tests/debug/net8.0/microsoft.typespec.generator.clientmodel.tests.dll" id="4164d3af-b848-0f65-ba37-42bad46ec49f">
      <Execution id="14398a4e-05ca-4177-bb36-a95c454ed87a" />
      <TestMethod codeBase="/home/runner/work/typespec/typespec/packages/http-client-csharp/generator/artifacts/bin/Microsoft.TypeSpec.Generator.ClientModel.Tests/Debug/net8.0/Microsoft.TypeSpec.Generator.ClientModel.Tests.dll" adapterTypeName="executor://nunit3testexecutor/" className="Microsoft.TypeSpec.Generator.ClientModel.Tests.Providers.ClientProviders.MultipartFormDataTests" name="MultipartOperationShouldHaveContentTypeParam" />
    </UnitTest>
    <UnitTest name="TestGetMethodParameters(Microsoft.TypeSpec.Generator.Input.InputBasicServiceMethod)" storage="/home/runner/work/typespec/typespec/packages/http-client-csharp/generator/artifacts/bin/microsoft.typespec.generator.clientmodel.tests/debug/net8.0/microsoft.typespec.generator.clientmodel.tests.dll" id="b2903119-1d6e-0bc6-5662-cedf6f3c55e9">
      <Execution id="47db7ae2-b29e-4658-920b-3d34e156f257" />
      <TestMethod codeBase="/home/runner/work/typespec/typespec/packages/http-client-csharp/generator/artifacts/bin/Microsoft.TypeSpec.Generator.ClientModel.Tests/Debug/net8.0/Microsoft.TypeSpec.Generator.ClientModel.Tests.dll" adapterTypeName="executor://nunit3testexecutor/" className="Microsoft.TypeSpec.Generator.ClientModel.Tests.Providers.RestClientProviders.RestClientProviderTests" name="TestGetMethodParameters(Microsoft.TypeSpec.Generator.Input.InputBasicServiceMethod)" />
    </UnitTest>
    <UnitTest name="ValidateConvertToString(&quot;R&quot;,05/04/2020 03:02:01 +01:00,&quot;Mon, 04 May 2020 02:02:01 GMT&quot;)" storage="/home/runner/work/typespec/typespec/packages/http-client-csharp/generator/artifacts/bin/microsoft.typespec.generator.clientmodel.tests/debug/net8.0/microsoft.typespec.generator.clientmodel.tests.dll" id="c2437baf-f3e4-8bba-bd7e-3accf8f67075">
      <Execution id="fbf131a7-5282-47aa-ad6a-72888da3e1ab" />
      <TestMethod codeBase="/home/runner/work/typespec/typespec/packages/http-client-csharp/generator/artifacts/bin/Microsoft.TypeSpec.Generator.ClientModel.Tests/Debug/net8.0/Microsoft.TypeSpec.Generator.ClientModel.Tests.dll" adapterTypeName="executor://nunit3testexecutor/" className="Microsoft.TypeSpec.Generator.ClientModel.Tests.Providers.TypeFormatterTests" name="ValidateConvertToString(&quot;R&quot;,05/04/2020 03:02:01 +01:00,&quot;Mon, 04 May 2020 02:02:01 GMT&quot;)" />
    </UnitTest>
    <UnitTest name="TestNestedTypes(False)" storage="/home/runner/work/typespec/typespec/packages/http-client-csharp/generator/artifacts/bin/microsoft.typespec.generator.clientmodel.tests/debug/net8.0/microsoft.typespec.generator.clientmodel.tests.dll" id="e5e96db0-2afd-1720-d8f8-60e737e02cce">
      <Execution id="f9313d43-2ddb-486d-a8d1-de1252bc3f7b" />
      <TestMethod codeBase="/home/runner/work/typespec/typespec/packages/http-client-csharp/generator/artifacts/bin/Microsoft.TypeSpec.Generator.ClientModel.Tests/Debug/net8.0/Microsoft.TypeSpec.Generator.ClientModel.Tests.dll" adapterTypeName="executor://nunit3testexecutor/" className="Microsoft.TypeSpec.Generator.ClientModel.Tests.Providers.ClientOptionsProviderTests" name="TestNestedTypes(False)" />
    </UnitTest>
    <UnitTest name="ResetThenAppendQuery(&quot;http://localhost/&quot;,&quot;one|1&quot;,&quot;http://localhost/?one=1&quot;)" storage="/home/runner/work/typespec/typespec/packages/http-client-csharp/generator/artifacts/bin/microsoft.typespec.generator.clientmodel.tests/debug/net8.0/microsoft.typespec.generator.clientmodel.tests.dll" id="34da232f-142c-49ff-a3dc-cd997cc4269f">
      <Execution id="485d07d4-4964-4a9d-b2f7-4f87ca4f866d" />
      <TestMethod codeBase="/home/runner/work/typespec/typespec/packages/http-client-csharp/generator/artifacts/bin/Microsoft.TypeSpec.Generator.ClientModel.Tests/Debug/net8.0/Microsoft.TypeSpec.Generator.ClientModel.Tests.dll" adapterTypeName="executor://nunit3testexecutor/" className="Microsoft.TypeSpec.Generator.ClientModel.Tests.Providers.ClientUriBuilderTests" name="ResetThenAppendQuery(&quot;http://localhost/&quot;,&quot;one|1&quot;,&quot;http://localhost/?one=1&quot;)" />
    </UnitTest>
    <UnitTest name="TestEqualAfterConvertingToUtc(&quot;Mon, 04 May 2020 03:02:01 GMT&quot;)" storage="/home/runner/work/typespec/typespec/packages/http-client-csharp/generator/artifacts/bin/microsoft.typespec.generator.clientmodel.tests/debug/net8.0/microsoft.typespec.generator.clientmodel.tests.dll" id="99b67a54-d7db-1b12-07ea-4b73cefe84fb">
      <Execution id="2317e78b-09d3-4d61-9d7c-51e464bd63c9" />
      <TestMethod codeBase="/home/runner/work/typespec/typespec/packages/http-client-csharp/generator/artifacts/bin/Microsoft.TypeSpec.Generator.ClientModel.Tests/Debug/net8.0/Microsoft.TypeSpec.Generator.ClientModel.Tests.dll" adapterTypeName="executor://nunit3testexecutor/" className="Microsoft.TypeSpec.Generator.ClientModel.Tests.Providers.TypeFormatterTests" name="TestEqualAfterConvertingToUtc(&quot;Mon, 04 May 2020 03:02:01 GMT&quot;)" />
    </UnitTest>
    <UnitTest name="ResetThenAppendPathThenAppendQuery(&quot;http://localhost:12345&quot;,&quot;/some&quot;,&quot;one|1&quot;,&quot;http://localhost:12345/some?one=1&quot;)" storage="/home/runner/work/typespec/typespec/packages/http-client-csharp/generator/artifacts/bin/microsoft.typespec.generator.clientmodel.tests/debug/net8.0/microsoft.typespec.generator.clientmodel.tests.dll" id="9adbf83d-961f-c409-ce42-1f948f6bfb91">
      <Execution id="4bc96992-24b1-4eca-acaa-dc15a4751b31" />
      <TestMethod codeBase="/home/runner/work/typespec/typespec/packages/http-client-csharp/generator/artifacts/bin/Microsoft.TypeSpec.Generator.ClientModel.Tests/Debug/net8.0/Microsoft.TypeSpec.Generator.ClientModel.Tests.dll" adapterTypeName="executor://nunit3testexecutor/" className="Microsoft.TypeSpec.Generator.ClientModel.Tests.Providers.ClientUriBuilderTests" name="ResetThenAppendPathThenAppendQuery(&quot;http://localhost:12345&quot;,&quot;/some&quot;,&quot;one|1&quot;,&quot;http://localhost:12345/some?one=1&quot;)" />
    </UnitTest>
    <UnitTest name="UnknownVariantDeserializeShouldUseBaseProperties" storage="/home/runner/work/typespec/typespec/packages/http-client-csharp/generator/artifacts/bin/microsoft.typespec.generator.clientmodel.tests/debug/net8.0/microsoft.typespec.generator.clientmodel.tests.dll" id="48716565-5026-3c86-5719-93d7595126ea">
      <Execution id="367beeae-54ff-4733-aaf0-29f779d8fe80" />
      <TestMethod codeBase="/home/runner/work/typespec/typespec/packages/http-client-csharp/generator/artifacts/bin/Microsoft.TypeSpec.Generator.ClientModel.Tests/Debug/net8.0/Microsoft.TypeSpec.Generator.ClientModel.Tests.dll" adapterTypeName="executor://nunit3testexecutor/" className="Microsoft.TypeSpec.Generator.ClientModel.Tests.Providers.MrwSerializationTypeDefinitions.DiscriminatorTests" name="UnknownVariantDeserializeShouldUseBaseProperties" />
    </UnitTest>
    <UnitTest name="ValidateClientWithApiVersionPathParameter(Microsoft.TypeSpec.Generator.Input.InputClient)" storage="/home/runner/work/typespec/typespec/packages/http-client-csharp/generator/artifacts/bin/microsoft.typespec.generator.clientmodel.tests/debug/net8.0/microsoft.typespec.generator.clientmodel.tests.dll" id="950100c2-49ef-ba57-58d1-801e4f2eaf4a">
      <Execution id="a80c2763-a8b0-4a17-9dbd-6e2fc0cf04c6" />
      <TestMethod codeBase="/home/runner/work/typespec/typespec/packages/http-client-csharp/generator/artifacts/bin/Microsoft.TypeSpec.Generator.ClientModel.Tests/Debug/net8.0/Microsoft.TypeSpec.Generator.ClientModel.Tests.dll" adapterTypeName="executor://nunit3testexecutor/" className="Microsoft.TypeSpec.Generator.ClientModel.Tests.Providers.RestClientProviders.RestClientProviderTests" name="ValidateClientWithApiVersionPathParameter(Microsoft.TypeSpec.Generator.Input.InputClient)" />
    </UnitTest>
    <UnitTest name="TestBuildConstructors_SecondaryConstructor(System.Collections.Generic.List`1[Microsoft.TypeSpec.Generator.Input.InputParameter])" storage="/home/runner/work/typespec/typespec/packages/http-client-csharp/generator/artifacts/bin/microsoft.typespec.generator.clientmodel.tests/debug/net8.0/microsoft.typespec.generator.clientmodel.tests.dll" id="75ea94fd-3e39-2426-5e3d-01bde1d3cfe1">
      <Execution id="10f8c91a-a9fb-45bc-bc4b-6ae9360809e7" />
      <TestMethod codeBase="/home/runner/work/typespec/typespec/packages/http-client-csharp/generator/artifacts/bin/Microsoft.TypeSpec.Generator.ClientModel.Tests/Debug/net8.0/Microsoft.TypeSpec.Generator.ClientModel.Tests.dll" adapterTypeName="executor://nunit3testexecutor/" className="Microsoft.TypeSpec.Generator.ClientModel.Tests.Providers.ClientProviders.ClientProviderTests" name="TestBuildConstructors_SecondaryConstructor(System.Collections.Generic.List`1[Microsoft.TypeSpec.Generator.Input.InputParameter])" />
    </UnitTest>
    <UnitTest name="AppendPath_Double(&quot;http://localhost&quot;,-3.14d,True,&quot;http://localhost/-3.14&quot;)" storage="/home/runner/work/typespec/typespec/packages/http-client-csharp/generator/artifacts/bin/microsoft.typespec.generator.clientmodel.tests/debug/net8.0/microsoft.typespec.generator.clientmodel.tests.dll" id="ea6625c3-c544-3a8a-f630-52d307e1360c">
      <Execution id="d7c21b43-1a05-4032-a649-5d1c059590a7" />
      <TestMethod codeBase="/home/runner/work/typespec/typespec/packages/http-client-csharp/generator/artifacts/bin/Microsoft.TypeSpec.Generator.ClientModel.Tests/Debug/net8.0/Microsoft.TypeSpec.Generator.ClientModel.Tests.dll" adapterTypeName="executor://nunit3testexecutor/" className="Microsoft.TypeSpec.Generator.ClientModel.Tests.Providers.ClientUriBuilderTests" name="AppendPath_Double(&quot;http://localhost&quot;,-3.14d,True,&quot;http://localhost/-3.14&quot;)" />
    </UnitTest>
    <UnitTest name="AppendQuery_DateTimeOffset(&quot;http://localhost&quot;,&quot;6/30/1905 1:14:00 PM +00:00&quot;,&quot;U&quot;,False,&quot;http://localhost/?query=-2035622760&quot;)" storage="/home/runner/work/typespec/typespec/packages/http-client-csharp/generator/artifacts/bin/microsoft.typespec.generator.clientmodel.tests/debug/net8.0/microsoft.typespec.generator.clientmodel.tests.dll" id="695d9dc1-603f-c186-f622-eadc4afd9848">
      <Execution id="3732d4e2-3d45-4aec-98c3-03f2114f209d" />
      <TestMethod codeBase="/home/runner/work/typespec/typespec/packages/http-client-csharp/generator/artifacts/bin/Microsoft.TypeSpec.Generator.ClientModel.Tests/Debug/net8.0/Microsoft.TypeSpec.Generator.ClientModel.Tests.dll" adapterTypeName="executor://nunit3testexecutor/" className="Microsoft.TypeSpec.Generator.ClientModel.Tests.Providers.ClientUriBuilderTests" name="AppendQuery_DateTimeOffset(&quot;http://localhost&quot;,&quot;6/30/1905 1:14:00 PM +00:00&quot;,&quot;U&quot;,False,&quot;http://localhost/?query=-2035622760&quot;)" />
    </UnitTest>
    <UnitTest name="ThrowsIfWireIsNotJson" storage="/home/runner/work/typespec/typespec/packages/http-client-csharp/generator/artifacts/bin/microsoft.typespec.generator.clientmodel.tests/debug/net8.0/microsoft.typespec.generator.clientmodel.tests.dll" id="f13da6e1-73f6-6894-5cc8-addc8326f458">
      <Execution id="c1d88a4f-9585-4e50-92ee-da4d195234e9" />
      <TestMethod codeBase="/home/runner/work/typespec/typespec/packages/http-client-csharp/generator/artifacts/bin/Microsoft.TypeSpec.Generator.ClientModel.Tests/Debug/net8.0/Microsoft.TypeSpec.Generator.ClientModel.Tests.dll" adapterTypeName="executor://nunit3testexecutor/" className="Microsoft.TypeSpec.Generator.ClientModel.Tests.ModelReaderWriterValidation.TestProjects.Sample_TypeSpec.FriendTests" name="ThrowsIfWireIsNotJson" />
    </UnitTest>
    <UnitTest name="TestBuildDeserializationMethod" storage="/home/runner/work/typespec/typespec/packages/http-client-csharp/generator/artifacts/bin/microsoft.typespec.generator.clientmodel.tests/debug/net8.0/microsoft.typespec.generator.clientmodel.tests.dll" id="ac8f81ff-9cec-3504-c5c4-8f5529420f89">
      <Execution id="63d9b50e-6493-4e2e-ac27-3ff61836796c" />
      <TestMethod codeBase="/home/runner/work/typespec/typespec/packages/http-client-csharp/generator/artifacts/bin/Microsoft.TypeSpec.Generator.ClientModel.Tests/Debug/net8.0/Microsoft.TypeSpec.Generator.ClientModel.Tests.dll" adapterTypeName="executor://nunit3testexecutor/" className="Microsoft.TypeSpec.Generator.ClientModel.Tests.Providers.MrwSerializationTypeDefinitions.MrwSerializationTypeDefinitionTests" name="TestBuildDeserializationMethod" />
    </UnitTest>
    <UnitTest name="RoundTripWithModelReaderWriterNonGeneric(&quot;W&quot;)" storage="/home/runner/work/typespec/typespec/packages/http-client-csharp/generator/artifacts/bin/microsoft.typespec.generator.clientmodel.tests/debug/net8.0/microsoft.typespec.generator.clientmodel.tests.dll" id="c07aed26-14d1-210f-7fca-c19609b25bf3">
      <Execution id="0398836c-2c28-4088-a740-ee7d791e1b2c" />
      <TestMethod codeBase="/home/runner/work/typespec/typespec/packages/http-client-csharp/generator/artifacts/bin/Microsoft.TypeSpec.Generator.ClientModel.Tests/Debug/net8.0/Microsoft.TypeSpec.Generator.ClientModel.Tests.dll" adapterTypeName="executor://nunit3testexecutor/" className="Microsoft.TypeSpec.Generator.ClientModel.Tests.ModelReaderWriterValidation.TestProjects.Sample_TypeSpec.FriendTests" name="RoundTripWithModelReaderWriterNonGeneric(&quot;W&quot;)" />
    </UnitTest>
    <UnitTest name="AppendPath_Long(&quot;http://localhost&quot;,-299792458000000L,True,&quot;http://localhost/-299792458000000&quot;)" storage="/home/runner/work/typespec/typespec/packages/http-client-csharp/generator/artifacts/bin/microsoft.typespec.generator.clientmodel.tests/debug/net8.0/microsoft.typespec.generator.clientmodel.tests.dll" id="4ba1c137-1c95-341d-bad4-9da8be1cd605">
      <Execution id="d73e9f90-d25d-44af-97c1-dbbb5923fa2e" />
      <TestMethod codeBase="/home/runner/work/typespec/typespec/packages/http-client-csharp/generator/artifacts/bin/Microsoft.TypeSpec.Generator.ClientModel.Tests/Debug/net8.0/Microsoft.TypeSpec.Generator.ClientModel.Tests.dll" adapterTypeName="executor://nunit3testexecutor/" className="Microsoft.TypeSpec.Generator.ClientModel.Tests.Providers.ClientUriBuilderTests" name="AppendPath_Long(&quot;http://localhost&quot;,-299792458000000L,True,&quot;http://localhost/-299792458000000&quot;)" />
    </UnitTest>
    <UnitTest name="RoundTripWithModelInterface(&quot;J&quot;)" storage="/home/runner/work/typespec/typespec/packages/http-client-csharp/generator/artifacts/bin/microsoft.typespec.generator.clientmodel.tests/debug/net8.0/microsoft.typespec.generator.clientmodel.tests.dll" id="7831a3db-451b-74a8-04c1-bbb1eb4b68e1">
      <Execution id="553ca5e7-bdba-4b50-9485-a96579ebf1f6" />
      <TestMethod codeBase="/home/runner/work/typespec/typespec/packages/http-client-csharp/generator/artifacts/bin/Microsoft.TypeSpec.Generator.ClientModel.Tests/Debug/net8.0/Microsoft.TypeSpec.Generator.ClientModel.Tests.dll" adapterTypeName="executor://nunit3testexecutor/" className="Microsoft.TypeSpec.Generator.ClientModel.Tests.ModelReaderWriterValidation.TestProjects.Sample_TypeSpec.RenamedModelTests" name="RoundTripWithModelInterface(&quot;J&quot;)" />
    </UnitTest>
    <UnitTest name="CanRemoveParameterFromMethods" storage="/home/runner/work/typespec/typespec/packages/http-client-csharp/generator/artifacts/bin/microsoft.typespec.generator.clientmodel.tests/debug/net8.0/microsoft.typespec.generator.clientmodel.tests.dll" id="25b46b14-6c10-f5c8-10e3-0f04dd23955e">
      <Execution id="9c1bffae-7aec-4b47-8965-9f43be7ab33d" />
      <TestMethod codeBase="/home/runner/work/typespec/typespec/packages/http-client-csharp/generator/artifacts/bin/Microsoft.TypeSpec.Generator.ClientModel.Tests/Debug/net8.0/Microsoft.TypeSpec.Generator.ClientModel.Tests.dll" adapterTypeName="executor://nunit3testexecutor/" className="Microsoft.TypeSpec.Generator.ClientModel.Tests.Providers.ScmMethodProviderCollectionTests" name="CanRemoveParameterFromMethods" />
    </UnitTest>
    <UnitTest name="ResetThenAppendQueryThenAppendPath(&quot;http://localhost:12345&quot;,&quot;/some&quot;,&quot;one|1|two|2&quot;,&quot;http://localhost:12345/some?one=1&amp;two=2&quot;)" storage="/home/runner/work/typespec/typespec/packages/http-client-csharp/generator/artifacts/bin/microsoft.typespec.generator.clientmodel.tests/debug/net8.0/microsoft.typespec.generator.clientmodel.tests.dll" id="817877a9-fa92-ffe3-c0a5-a704f2eac076">
      <Execution id="92a585d1-9cf9-46bc-bab3-820c982fcad3" />
      <TestMethod codeBase="/home/runner/work/typespec/typespec/packages/http-client-csharp/generator/artifacts/bin/Microsoft.TypeSpec.Generator.ClientModel.Tests/Debug/net8.0/Microsoft.TypeSpec.Generator.ClientModel.Tests.dll" adapterTypeName="executor://nunit3testexecutor/" className="Microsoft.TypeSpec.Generator.ClientModel.Tests.Providers.ClientUriBuilderTests" name="ResetThenAppendQueryThenAppendPath(&quot;http://localhost:12345&quot;,&quot;/some&quot;,&quot;one|1|two|2&quot;,&quot;http://localhost:12345/some?one=1&amp;two=2&quot;)" />
    </UnitTest>
    <UnitTest name="ResetThenAppendQuery(&quot;http://localhost:12345/some&quot;,&quot;one|1|two|2&quot;,&quot;http://localhost:12345/some?one=1&amp;two=2&quot;)" storage="/home/runner/work/typespec/typespec/packages/http-client-csharp/generator/artifacts/bin/microsoft.typespec.generator.clientmodel.tests/debug/net8.0/microsoft.typespec.generator.clientmodel.tests.dll" id="6f3de9f8-ce4b-1e99-dd86-b59a2c977e85">
      <Execution id="ee82ed10-7ff0-4c9b-9946-6f87fa63fe7a" />
      <TestMethod codeBase="/home/runner/work/typespec/typespec/packages/http-client-csharp/generator/artifacts/bin/Microsoft.TypeSpec.Generator.ClientModel.Tests/Debug/net8.0/Microsoft.TypeSpec.Generator.ClientModel.Tests.dll" adapterTypeName="executor://nunit3testexecutor/" className="Microsoft.TypeSpec.Generator.ClientModel.Tests.Providers.ClientUriBuilderTests" name="ResetThenAppendQuery(&quot;http://localhost:12345/some&quot;,&quot;one|1|two|2&quot;,&quot;http://localhost:12345/some?one=1&amp;two=2&quot;)" />
    </UnitTest>
    <UnitTest name="AppendQuery_ByteArray(&quot;http://localhost&quot;,[104, 101, 108, 108, 111],&quot;U&quot;,False,&quot;http://localhost/?query=aGVsbG8&quot;)" storage="/home/runner/work/typespec/typespec/packages/http-client-csharp/generator/artifacts/bin/microsoft.typespec.generator.clientmodel.tests/debug/net8.0/microsoft.typespec.generator.clientmodel.tests.dll" id="c50242f7-2db4-2683-4f08-b38b5407f5c6">
      <Execution id="bcee97ef-95a5-4c3d-9c86-168dad3cfb53" />
      <TestMethod codeBase="/home/runner/work/typespec/typespec/packages/http-client-csharp/generator/artifacts/bin/Microsoft.TypeSpec.Generator.ClientModel.Tests/Debug/net8.0/Microsoft.TypeSpec.Generator.ClientModel.Tests.dll" adapterTypeName="executor://nunit3testexecutor/" className="Microsoft.TypeSpec.Generator.ClientModel.Tests.Providers.ClientUriBuilderTests" name="AppendQuery_ByteArray(&quot;http://localhost&quot;,[104, 101, 108, 108, 111],&quot;U&quot;,False,&quot;http://localhost/?query=aGVsbG8&quot;)" />
    </UnitTest>
    <UnitTest name="NextLinkInHeaderOfT" storage="/home/runner/work/typespec/typespec/packages/http-client-csharp/generator/artifacts/bin/microsoft.typespec.generator.clientmodel.tests/debug/net8.0/microsoft.typespec.generator.clientmodel.tests.dll" id="d6ce6e65-ac0d-3e3a-3f5a-bb409eb791be">
      <Execution id="cbb01444-5a35-475e-98a7-09e17c845a6f" />
      <TestMethod codeBase="/home/runner/work/typespec/typespec/packages/http-client-csharp/generator/artifacts/bin/Microsoft.TypeSpec.Generator.ClientModel.Tests/Debug/net8.0/Microsoft.TypeSpec.Generator.ClientModel.Tests.dll" adapterTypeName="executor://nunit3testexecutor/" className="Microsoft.TypeSpec.Generator.ClientModel.Tests.Providers.CollectionResultDefinitions.NextLinkTests" name="NextLinkInHeaderOfT" />
    </UnitTest>
    <UnitTest name="ResetThenAppendPath(&quot;http://localhost:12345/with/&quot;,&quot;/path/&quot;,&quot;http://localhost:12345/with/path/&quot;)" storage="/home/runner/work/typespec/typespec/packages/http-client-csharp/generator/artifacts/bin/microsoft.typespec.generator.clientmodel.tests/debug/net8.0/microsoft.typespec.generator.clientmodel.tests.dll" id="977a139f-dcb4-f300-cb0f-ddd50fe5a9fc">
      <Execution id="fb8a47ab-0e20-4c5d-ac26-decbc9158aaf" />
      <TestMethod codeBase="/home/runner/work/typespec/typespec/packages/http-client-csharp/generator/artifacts/bin/Microsoft.TypeSpec.Generator.ClientModel.Tests/Debug/net8.0/Microsoft.TypeSpec.Generator.ClientModel.Tests.dll" adapterTypeName="executor://nunit3testexecutor/" className="Microsoft.TypeSpec.Generator.ClientModel.Tests.Providers.ClientUriBuilderTests" name="ResetThenAppendPath(&quot;http://localhost:12345/with/&quot;,&quot;/path/&quot;,&quot;http://localhost:12345/with/path/&quot;)" />
    </UnitTest>
    <UnitTest name="RoundTripWithModelInterface(&quot;W&quot;)" storage="/home/runner/work/typespec/typespec/packages/http-client-csharp/generator/artifacts/bin/microsoft.typespec.generator.clientmodel.tests/debug/net8.0/microsoft.typespec.generator.clientmodel.tests.dll" id="48705557-ba7e-35b4-12d1-0d3e35a38924">
      <Execution id="54729d43-7264-4c6d-8353-89172bb7dd2e" />
      <TestMethod codeBase="/home/runner/work/typespec/typespec/packages/http-client-csharp/generator/artifacts/bin/Microsoft.TypeSpec.Generator.ClientModel.Tests/Debug/net8.0/Microsoft.TypeSpec.Generator.ClientModel.Tests.dll" adapterTypeName="executor://nunit3testexecutor/" className="Microsoft.TypeSpec.Generator.ClientModel.Tests.ModelReaderWriterValidation.TestProjects.Sample_TypeSpec.ThingWithNullsTests" name="RoundTripWithModelInterface(&quot;W&quot;)" />
    </UnitTest>
    <UnitTest name="TestBuildAuthFields_WithSubClients_WithAuth(Microsoft.TypeSpec.Generator.Input.InputClient)" storage="/home/runner/work/typespec/typespec/packages/http-client-csharp/generator/artifacts/bin/microsoft.typespec.generator.clientmodel.tests/debug/net8.0/microsoft.typespec.generator.clientmodel.tests.dll" id="f74fbe00-0c7a-711f-33e0-1688ffdc8c23">
      <Execution id="fa416002-d360-44e5-bd39-4b19c7b39900" />
      <TestMethod codeBase="/home/runner/work/typespec/typespec/packages/http-client-csharp/generator/artifacts/bin/Microsoft.TypeSpec.Generator.ClientModel.Tests/Debug/net8.0/Microsoft.TypeSpec.Generator.ClientModel.Tests.dll" adapterTypeName="executor://nunit3testexecutor/" className="Microsoft.TypeSpec.Generator.ClientModel.Tests.Providers.ClientProviders.ClientProviderTests" name="TestBuildAuthFields_WithSubClients_WithAuth(Microsoft.TypeSpec.Generator.Input.InputClient)" />
    </UnitTest>
    <UnitTest name="MultipartShouldUseContentTypeParamInCreateRequestMethod" storage="/home/runner/work/typespec/typespec/packages/http-client-csharp/generator/artifacts/bin/microsoft.typespec.generator.clientmodel.tests/debug/net8.0/microsoft.typespec.generator.clientmodel.tests.dll" id="e98019ee-ae98-4223-bcd3-ae6ff5dbf925">
      <Execution id="ecef9174-f417-40f1-9668-cb834a22605b" />
      <TestMethod codeBase="/home/runner/work/typespec/typespec/packages/http-client-csharp/generator/artifacts/bin/Microsoft.TypeSpec.Generator.ClientModel.Tests/Debug/net8.0/Microsoft.TypeSpec.Generator.ClientModel.Tests.dll" adapterTypeName="executor://nunit3testexecutor/" className="Microsoft.TypeSpec.Generator.ClientModel.Tests.Providers.RestClientProviders.MultipartFormDataTests" name="MultipartShouldUseContentTypeParamInCreateRequestMethod" />
    </UnitTest>
    <UnitTest name="ValidateConvertToString(&quot;R&quot;,05/04/2020 03:02:01 +00:00,&quot;Mon, 04 May 2020 03:02:01 GMT&quot;)" storage="/home/runner/work/typespec/typespec/packages/http-client-csharp/generator/artifacts/bin/microsoft.typespec.generator.clientmodel.tests/debug/net8.0/microsoft.typespec.generator.clientmodel.tests.dll" id="12e154b4-112d-c5f4-0a6f-42e08eacf8bc">
      <Execution id="7b621f5b-ac1c-43b2-aa13-76858905eec5" />
      <TestMethod codeBase="/home/runner/work/typespec/typespec/packages/http-client-csharp/generator/artifacts/bin/Microsoft.TypeSpec.Generator.ClientModel.Tests/Debug/net8.0/Microsoft.TypeSpec.Generator.ClientModel.Tests.dll" adapterTypeName="executor://nunit3testexecutor/" className="Microsoft.TypeSpec.Generator.ClientModel.Tests.Providers.TypeFormatterTests" name="ValidateConvertToString(&quot;R&quot;,05/04/2020 03:02:01 +00:00,&quot;Mon, 04 May 2020 03:02:01 GMT&quot;)" />
    </UnitTest>
    <UnitTest name="BinaryContentHelperMethodsUseCorrectReturnType" storage="/home/runner/work/typespec/typespec/packages/http-client-csharp/generator/artifacts/bin/microsoft.typespec.generator.clientmodel.tests/debug/net8.0/microsoft.typespec.generator.clientmodel.tests.dll" id="562cb9c9-66ef-e89a-acef-55d92b06fb0a">
      <Execution id="72f5a941-3c3e-48af-ae6a-d77afce73a51" />
      <TestMethod codeBase="/home/runner/work/typespec/typespec/packages/http-client-csharp/generator/artifacts/bin/Microsoft.TypeSpec.Generator.ClientModel.Tests/Debug/net8.0/Microsoft.TypeSpec.Generator.ClientModel.Tests.dll" adapterTypeName="executor://nunit3testexecutor/" className="Microsoft.TypeSpec.Generator.ClientModel.Tests.Providers.Abstractions.RequestContentApiTests" name="BinaryContentHelperMethodsUseCorrectReturnType" />
    </UnitTest>
    <UnitTest name="TestConstructors(False)" storage="/home/runner/work/typespec/typespec/packages/http-client-csharp/generator/artifacts/bin/microsoft.typespec.generator.clientmodel.tests/debug/net8.0/microsoft.typespec.generator.clientmodel.tests.dll" id="799d4d94-b35a-dbf7-0a8c-2634f7daa23e">
      <Execution id="d81a13e4-b0ee-4979-86b9-6038ac0b0a1e" />
      <TestMethod codeBase="/home/runner/work/typespec/typespec/packages/http-client-csharp/generator/artifacts/bin/Microsoft.TypeSpec.Generator.ClientModel.Tests/Debug/net8.0/Microsoft.TypeSpec.Generator.ClientModel.Tests.dll" adapterTypeName="executor://nunit3testexecutor/" className="Microsoft.TypeSpec.Generator.ClientModel.Tests.Providers.ClientOptionsProviderTests" name="TestConstructors(False)" />
    </UnitTest>
    <UnitTest name="CanChangeClientAccessibility" storage="/home/runner/work/typespec/typespec/packages/http-client-csharp/generator/artifacts/bin/microsoft.typespec.generator.clientmodel.tests/debug/net8.0/microsoft.typespec.generator.clientmodel.tests.dll" id="1444e3ea-46f2-f61a-02a4-72867732fe00">
      <Execution id="0fc08ccc-9047-4405-9e41-f7074e61d604" />
      <TestMethod codeBase="/home/runner/work/typespec/typespec/packages/http-client-csharp/generator/artifacts/bin/Microsoft.TypeSpec.Generator.ClientModel.Tests/Debug/net8.0/Microsoft.TypeSpec.Generator.ClientModel.Tests.dll" adapterTypeName="executor://nunit3testexecutor/" className="Microsoft.TypeSpec.Generator.ClientModel.Tests.Providers.ClientProviders.ClientProviderCustomizationTests" name="CanChangeClientAccessibility" />
    </UnitTest>
    <UnitTest name="AppendQuery_Long(&quot;http://localhost&quot;,-299792458000000L,False,&quot;http://localhost/?query=-299792458000000&quot;)" storage="/home/runner/work/typespec/typespec/packages/http-client-csharp/generator/artifacts/bin/microsoft.typespec.generator.clientmodel.tests/debug/net8.0/microsoft.typespec.generator.clientmodel.tests.dll" id="de16f766-4813-7ad7-f97f-f45939abd6f4">
      <Execution id="2eb7596a-6448-441f-a307-240079f0b99f" />
      <TestMethod codeBase="/home/runner/work/typespec/typespec/packages/http-client-csharp/generator/artifacts/bin/Microsoft.TypeSpec.Generator.ClientModel.Tests/Debug/net8.0/Microsoft.TypeSpec.Generator.ClientModel.Tests.dll" adapterTypeName="executor://nunit3testexecutor/" className="Microsoft.TypeSpec.Generator.ClientModel.Tests.Providers.ClientUriBuilderTests" name="AppendQuery_Long(&quot;http://localhost&quot;,-299792458000000L,False,&quot;http://localhost/?query=-299792458000000&quot;)" />
    </UnitTest>
    <UnitTest name="RoundTripWithJsonInterfaceNonGeneric(&quot;W&quot;)" storage="/home/runner/work/typespec/typespec/packages/http-client-csharp/generator/artifacts/bin/microsoft.typespec.generator.clientmodel.tests/debug/net8.0/microsoft.typespec.generator.clientmodel.tests.dll" id="e4026a29-914d-441e-2c1a-b6749c436c60">
      <Execution id="08adb518-0e59-4ba1-970d-6eb506aa8bcb" />
      <TestMethod codeBase="/home/runner/work/typespec/typespec/packages/http-client-csharp/generator/artifacts/bin/Microsoft.TypeSpec.Generator.ClientModel.Tests/Debug/net8.0/Microsoft.TypeSpec.Generator.ClientModel.Tests.dll" adapterTypeName="executor://nunit3testexecutor/" className="Microsoft.TypeSpec.Generator.ClientModel.Tests.ModelReaderWriterValidation.TestProjects.Sample_TypeSpec.ThingWithNullsTests" name="RoundTripWithJsonInterfaceNonGeneric(&quot;W&quot;)" />
    </UnitTest>
    <UnitTest name="TestIntDeserializeExpression(System.SByte,Default)" storage="/home/runner/work/typespec/typespec/packages/http-client-csharp/generator/artifacts/bin/microsoft.typespec.generator.clientmodel.tests/debug/net8.0/microsoft.typespec.generator.clientmodel.tests.dll" id="5a28539e-fb57-42a1-3352-aa901506c7b3">
      <Execution id="ec30f9cd-3e38-4c2a-b9c5-d20321506dfd" />
      <TestMethod codeBase="/home/runner/work/typespec/typespec/packages/http-client-csharp/generator/artifacts/bin/Microsoft.TypeSpec.Generator.ClientModel.Tests/Debug/net8.0/Microsoft.TypeSpec.Generator.ClientModel.Tests.dll" adapterTypeName="executor://nunit3testexecutor/" className="Microsoft.TypeSpec.Generator.ClientModel.Tests.Providers.MrwSerializationTypeDefinitions.MrwSerializationTypeDefinitionTests" name="TestIntDeserializeExpression(System.SByte,Default)" />
    </UnitTest>
    <UnitTest name="TestBuildCreateRequestMethodWithQueryParameters" storage="/home/runner/work/typespec/typespec/packages/http-client-csharp/generator/artifacts/bin/microsoft.typespec.generator.clientmodel.tests/debug/net8.0/microsoft.typespec.generator.clientmodel.tests.dll" id="5d77efff-b8ec-351b-6e6d-fd1ec6702b9a">
      <Execution id="be5ecdf3-f14e-463b-9f29-80e136e2bbfb" />
      <TestMethod codeBase="/home/runner/work/typespec/typespec/packages/http-client-csharp/generator/artifacts/bin/Microsoft.TypeSpec.Generator.ClientModel.Tests/Debug/net8.0/Microsoft.TypeSpec.Generator.ClientModel.Tests.dll" adapterTypeName="executor://nunit3testexecutor/" className="Microsoft.TypeSpec.Generator.ClientModel.Tests.Providers.RestClientProviders.RestClientProviderTests" name="TestBuildCreateRequestMethodWithQueryParameters" />
    </UnitTest>
    <UnitTest name="RoundTripWithModelInterface(&quot;W&quot;)" storage="/home/runner/work/typespec/typespec/packages/http-client-csharp/generator/artifacts/bin/microsoft.typespec.generator.clientmodel.tests/debug/net8.0/microsoft.typespec.generator.clientmodel.tests.dll" id="6d6f828d-b4a8-fddd-d901-abc5c021fa4d">
      <Execution id="832d697c-a108-43d8-b44f-d61bcc5a67b7" />
      <TestMethod codeBase="/home/runner/work/typespec/typespec/packages/http-client-csharp/generator/artifacts/bin/Microsoft.TypeSpec.Generator.ClientModel.Tests/Debug/net8.0/Microsoft.TypeSpec.Generator.ClientModel.Tests.dll" adapterTypeName="executor://nunit3testexecutor/" className="Microsoft.TypeSpec.Generator.ClientModel.Tests.ModelReaderWriterValidation.TestProjects.Sample_TypeSpec.RoundTripModelTests" name="RoundTripWithModelInterface(&quot;W&quot;)" />
    </UnitTest>
    <UnitTest name="ValidateConvertToString(&quot;U&quot;,05/04/2020 03:02:01 +00:00,&quot;1588561321&quot;)" storage="/home/runner/work/typespec/typespec/packages/http-client-csharp/generator/artifacts/bin/microsoft.typespec.generator.clientmodel.tests/debug/net8.0/microsoft.typespec.generator.clientmodel.tests.dll" id="6413317d-8023-7834-0423-a72d4532e473">
      <Execution id="7fabffae-a183-49ba-9bf4-d6d105b0277d" />
      <TestMethod codeBase="/home/runner/work/typespec/typespec/packages/http-client-csharp/generator/artifacts/bin/Microsoft.TypeSpec.Generator.ClientModel.Tests/Debug/net8.0/Microsoft.TypeSpec.Generator.ClientModel.Tests.dll" adapterTypeName="executor://nunit3testexecutor/" className="Microsoft.TypeSpec.Generator.ClientModel.Tests.Providers.TypeFormatterTests" name="ValidateConvertToString(&quot;U&quot;,05/04/2020 03:02:01 +00:00,&quot;1588561321&quot;)" />
    </UnitTest>
    <UnitTest name="AppendQuery_ByteArray(&quot;http://localhost&quot;,[104, 101, 108, 108, 111],&quot;D&quot;,False,&quot;http://localhost/?query=aGVsbG8=&quot;)" storage="/home/runner/work/typespec/typespec/packages/http-client-csharp/generator/artifacts/bin/microsoft.typespec.generator.clientmodel.tests/debug/net8.0/microsoft.typespec.generator.clientmodel.tests.dll" id="aa0012e4-46c1-7e97-6638-62c0f32453e9">
      <Execution id="657e7c77-790c-48fd-9418-0848b7ae66fc" />
      <TestMethod codeBase="/home/runner/work/typespec/typespec/packages/http-client-csharp/generator/artifacts/bin/Microsoft.TypeSpec.Generator.ClientModel.Tests/Debug/net8.0/Microsoft.TypeSpec.Generator.ClientModel.Tests.dll" adapterTypeName="executor://nunit3testexecutor/" className="Microsoft.TypeSpec.Generator.ClientModel.Tests.Providers.ClientUriBuilderTests" name="AppendQuery_ByteArray(&quot;http://localhost&quot;,[104, 101, 108, 108, 111],&quot;D&quot;,False,&quot;http://localhost/?query=aGVsbG8=&quot;)" />
    </UnitTest>
    <UnitTest name="ContinuationTokenInBodyAsync" storage="/home/runner/work/typespec/typespec/packages/http-client-csharp/generator/artifacts/bin/microsoft.typespec.generator.clientmodel.tests/debug/net8.0/microsoft.typespec.generator.clientmodel.tests.dll" id="c3dcfb2e-c252-7a4f-72bf-fca051c3ff2f">
      <Execution id="e5d21b70-fa87-4161-82e0-8d6d8f457ba6" />
      <TestMethod codeBase="/home/runner/work/typespec/typespec/packages/http-client-csharp/generator/artifacts/bin/Microsoft.TypeSpec.Generator.ClientModel.Tests/Debug/net8.0/Microsoft.TypeSpec.Generator.ClientModel.Tests.dll" adapterTypeName="executor://nunit3testexecutor/" className="Microsoft.TypeSpec.Generator.ClientModel.Tests.Providers.CollectionResultDefinitions.ContinuationTokenTests" name="ContinuationTokenInBodyAsync" />
    </UnitTest>
    <UnitTest name="MultipleAdditionalProperties" storage="/home/runner/work/typespec/typespec/packages/http-client-csharp/generator/artifacts/bin/microsoft.typespec.generator.clientmodel.tests/debug/net8.0/microsoft.typespec.generator.clientmodel.tests.dll" id="28d94481-f77f-3356-3c92-37dcd5bc0f90">
      <Execution id="0c6a8e06-868b-4a9b-96ce-7b8b77dca797" />
      <TestMethod codeBase="/home/runner/work/typespec/typespec/packages/http-client-csharp/generator/artifacts/bin/Microsoft.TypeSpec.Generator.ClientModel.Tests/Debug/net8.0/Microsoft.TypeSpec.Generator.ClientModel.Tests.dll" adapterTypeName="executor://nunit3testexecutor/" className="Microsoft.TypeSpec.Generator.ClientModel.Tests.Providers.MrwSerializationTypeDefinitions.JsonModelCoreTests" name="MultipleAdditionalProperties" />
    </UnitTest>
    <UnitTest name="BinaryContentSnippet_InvokeStatic(False)" storage="/home/runner/work/typespec/typespec/packages/http-client-csharp/generator/artifacts/bin/microsoft.typespec.generator.clientmodel.tests/debug/net8.0/microsoft.typespec.generator.clientmodel.tests.dll" id="db6e13b3-cc8e-0a45-bc7c-133f013949b4">
      <Execution id="59f241f6-dcbc-424a-9f77-ff1f4a10b3aa" />
      <TestMethod codeBase="/home/runner/work/typespec/typespec/packages/http-client-csharp/generator/artifacts/bin/Microsoft.TypeSpec.Generator.ClientModel.Tests/Debug/net8.0/Microsoft.TypeSpec.Generator.ClientModel.Tests.dll" adapterTypeName="executor://nunit3testexecutor/" className="Microsoft.TypeSpec.Generator.ClientModel.Tests.TypedSnippetsTests" name="BinaryContentSnippet_InvokeStatic(False)" />
    </UnitTest>
    <UnitTest name="RoundTripWithJsonInterfaceNonGeneric(&quot;J&quot;)" storage="/home/runner/work/typespec/typespec/packages/http-client-csharp/generator/artifacts/bin/microsoft.typespec.generator.clientmodel.tests/debug/net8.0/microsoft.typespec.generator.clientmodel.tests.dll" id="96eae579-6c9b-21e2-6c60-e5406f00434d">
      <Execution id="50ccb2b3-e29a-417c-af61-b96ee94f92a9" />
      <TestMethod codeBase="/home/runner/work/typespec/typespec/packages/http-client-csharp/generator/artifacts/bin/Microsoft.TypeSpec.Generator.ClientModel.Tests/Debug/net8.0/Microsoft.TypeSpec.Generator.ClientModel.Tests.dll" adapterTypeName="executor://nunit3testexecutor/" className="Microsoft.TypeSpec.Generator.ClientModel.Tests.ModelReaderWriterValidation.TestProjects.Sample_TypeSpec.RenamedModelTests" name="RoundTripWithJsonInterfaceNonGeneric(&quot;J&quot;)" />
    </UnitTest>
    <UnitTest name="AppendPath_TimeSpan(&quot;http://localhost&quot;,&quot;02:15:00&quot;,&quot;&quot;,True,&quot;http://localhost/02%3A15%3A00&quot;)" storage="/home/runner/work/typespec/typespec/packages/http-client-csharp/generator/artifacts/bin/microsoft.typespec.generator.clientmodel.tests/debug/net8.0/microsoft.typespec.generator.clientmodel.tests.dll" id="f5c24419-7fc0-3865-4c1e-06a9bd125abe">
      <Execution id="0e98105c-d8b5-4340-aa88-661568609e46" />
      <TestMethod codeBase="/home/runner/work/typespec/typespec/packages/http-client-csharp/generator/artifacts/bin/Microsoft.TypeSpec.Generator.ClientModel.Tests/Debug/net8.0/Microsoft.TypeSpec.Generator.ClientModel.Tests.dll" adapterTypeName="executor://nunit3testexecutor/" className="Microsoft.TypeSpec.Generator.ClientModel.Tests.Providers.ClientUriBuilderTests" name="AppendPath_TimeSpan(&quot;http://localhost&quot;,&quot;02:15:00&quot;,&quot;&quot;,True,&quot;http://localhost/02%3A15%3A00&quot;)" />
    </UnitTest>
    <UnitTest name="RoundTripWithJsonInterfaceOfT(&quot;J&quot;)" storage="/home/runner/work/typespec/typespec/packages/http-client-csharp/generator/artifacts/bin/microsoft.typespec.generator.clientmodel.tests/debug/net8.0/microsoft.typespec.generator.clientmodel.tests.dll" id="504d157b-de35-9b35-c183-0b5933d7e04d">
      <Execution id="1bb9914d-7f3c-49fa-a67f-7ee3996c5538" />
      <TestMethod codeBase="/home/runner/work/typespec/typespec/packages/http-client-csharp/generator/artifacts/bin/Microsoft.TypeSpec.Generator.ClientModel.Tests/Debug/net8.0/Microsoft.TypeSpec.Generator.ClientModel.Tests.dll" adapterTypeName="executor://nunit3testexecutor/" className="Microsoft.TypeSpec.Generator.ClientModel.Tests.ModelReaderWriterValidation.TestProjects.Sample_TypeSpec.ThingWithNullsTests" name="RoundTripWithJsonInterfaceOfT(&quot;J&quot;)" />
    </UnitTest>
    <UnitTest name="TestBuildConstructors_ForSubClient_KeyAuthOrOAuth2Auth()" storage="/home/runner/work/typespec/typespec/packages/http-client-csharp/generator/artifacts/bin/microsoft.typespec.generator.clientmodel.tests/debug/net8.0/microsoft.typespec.generator.clientmodel.tests.dll" id="6f6088c3-76ba-6609-04be-35e965dd0076">
      <Execution id="2f9dcb4b-6bc8-4510-811a-8737fd5d00a6" />
      <TestMethod codeBase="/home/runner/work/typespec/typespec/packages/http-client-csharp/generator/artifacts/bin/Microsoft.TypeSpec.Generator.ClientModel.Tests/Debug/net8.0/Microsoft.TypeSpec.Generator.ClientModel.Tests.dll" adapterTypeName="executor://nunit3testexecutor/" className="Microsoft.TypeSpec.Generator.ClientModel.Tests.Providers.ClientProviders.ClientProviderTests" name="TestBuildConstructors_ForSubClient_KeyAuthOrOAuth2Auth()" />
    </UnitTest>
    <UnitTest name="UnknownVariantJsonCreateCoreShouldReturnDeserializeBase" storage="/home/runner/work/typespec/typespec/packages/http-client-csharp/generator/artifacts/bin/microsoft.typespec.generator.clientmodel.tests/debug/net8.0/microsoft.typespec.generator.clientmodel.tests.dll" id="773aea60-d004-01e3-c832-8f30ac2c1bda">
      <Execution id="e01104dc-46bc-40e1-8545-4f11ba336266" />
      <TestMethod codeBase="/home/runner/work/typespec/typespec/packages/http-client-csharp/generator/artifacts/bin/Microsoft.TypeSpec.Generator.ClientModel.Tests/Debug/net8.0/Microsoft.TypeSpec.Generator.ClientModel.Tests.dll" adapterTypeName="executor://nunit3testexecutor/" className="Microsoft.TypeSpec.Generator.ClientModel.Tests.Providers.MrwSerializationTypeDefinitions.DiscriminatorTests" name="UnknownVariantJsonCreateCoreShouldReturnDeserializeBase" />
    </UnitTest>
    <UnitTest name="ValidateIsLastNamespaceSegmentTheSame(&quot;Foo&quot;,&quot;Bar&quot;)" storage="/home/runner/work/typespec/typespec/packages/http-client-csharp/generator/artifacts/bin/microsoft.typespec.generator.clientmodel.tests/debug/net8.0/microsoft.typespec.generator.clientmodel.tests.dll" id="1cc92af9-eee7-7653-0e1e-565dd50e3732">
      <Execution id="29a8bfb9-676a-484a-9cf2-873d4eee0774" />
      <TestMethod codeBase="/home/runner/work/typespec/typespec/packages/http-client-csharp/generator/artifacts/bin/Microsoft.TypeSpec.Generator.ClientModel.Tests/Debug/net8.0/Microsoft.TypeSpec.Generator.ClientModel.Tests.dll" adapterTypeName="executor://nunit3testexecutor/" className="Microsoft.TypeSpec.Generator.ClientModel.Tests.Providers.ClientProviders.ClientProviderTests" name="ValidateIsLastNamespaceSegmentTheSame(&quot;Foo&quot;,&quot;Bar&quot;)" />
    </UnitTest>
    <UnitTest name="TestRequestOptionsParameterInSignature(Microsoft.TypeSpec.Generator.Input.InputBasicServiceMethod,True,False)" storage="/home/runner/work/typespec/typespec/packages/http-client-csharp/generator/artifacts/bin/microsoft.typespec.generator.clientmodel.tests/debug/net8.0/microsoft.typespec.generator.clientmodel.tests.dll" id="7fc2c76c-1924-e821-1092-1c6d9443a05b">
      <Execution id="7932e83c-c3ea-4db2-832c-1dca9c983612" />
      <TestMethod codeBase="/home/runner/work/typespec/typespec/packages/http-client-csharp/generator/artifacts/bin/Microsoft.TypeSpec.Generator.ClientModel.Tests/Debug/net8.0/Microsoft.TypeSpec.Generator.ClientModel.Tests.dll" adapterTypeName="executor://nunit3testexecutor/" className="Microsoft.TypeSpec.Generator.ClientModel.Tests.Providers.ClientProviders.ClientProviderTests" name="TestRequestOptionsParameterInSignature(Microsoft.TypeSpec.Generator.Input.InputBasicServiceMethod,True,False)" />
    </UnitTest>
    <UnitTest name="ResetThenAppendPath(&quot;http://localhost/with/&quot;,null,&quot;http://localhost/with/&quot;)" storage="/home/runner/work/typespec/typespec/packages/http-client-csharp/generator/artifacts/bin/microsoft.typespec.generator.clientmodel.tests/debug/net8.0/microsoft.typespec.generator.clientmodel.tests.dll" id="03d15dd7-ff5a-698e-d060-a294e5166274">
      <Execution id="89c360d9-690a-4e80-9939-c50767815b0a" />
      <TestMethod codeBase="/home/runner/work/typespec/typespec/packages/http-client-csharp/generator/artifacts/bin/Microsoft.TypeSpec.Generator.ClientModel.Tests/Debug/net8.0/Microsoft.TypeSpec.Generator.ClientModel.Tests.dll" adapterTypeName="executor://nunit3testexecutor/" className="Microsoft.TypeSpec.Generator.ClientModel.Tests.Providers.ClientUriBuilderTests" name="ResetThenAppendPath(&quot;http://localhost/with/&quot;,null,&quot;http://localhost/with/&quot;)" />
    </UnitTest>
    <UnitTest name="AppendPath_Guid(&quot;http://localhost&quot;,&quot;3f2504e0-4f89-11d3-9a0c-0305e82c3301&quot;,False,&quot;http://localhost/3f2504e0-4f89-11d3-9a0c-0305e82c3301&quot;)" storage="/home/runner/work/typespec/typespec/packages/http-client-csharp/generator/artifacts/bin/microsoft.typespec.generator.clientmodel.tests/debug/net8.0/microsoft.typespec.generator.clientmodel.tests.dll" id="f3de996c-5045-b55d-0a8c-671e3ba55d27">
      <Execution id="967496b2-f6c1-4fe3-8a0c-09c3aefe4218" />
      <TestMethod codeBase="/home/runner/work/typespec/typespec/packages/http-client-csharp/generator/artifacts/bin/Microsoft.TypeSpec.Generator.ClientModel.Tests/Debug/net8.0/Microsoft.TypeSpec.Generator.ClientModel.Tests.dll" adapterTypeName="executor://nunit3testexecutor/" className="Microsoft.TypeSpec.Generator.ClientModel.Tests.Providers.ClientUriBuilderTests" name="AppendPath_Guid(&quot;http://localhost&quot;,&quot;3f2504e0-4f89-11d3-9a0c-0305e82c3301&quot;,False,&quot;http://localhost/3f2504e0-4f89-11d3-9a0c-0305e82c3301&quot;)" />
    </UnitTest>
    <UnitTest name="ClientProviderSummaryIsPopulated()" storage="/home/runner/work/typespec/typespec/packages/http-client-csharp/generator/artifacts/bin/microsoft.typespec.generator.clientmodel.tests/debug/net8.0/microsoft.typespec.generator.clientmodel.tests.dll" id="ddf1e243-012a-ed03-8059-39559923d5c3">
      <Execution id="55287c4e-b7f8-4044-8c91-db8c5d7f491d" />
      <TestMethod codeBase="/home/runner/work/typespec/typespec/packages/http-client-csharp/generator/artifacts/bin/Microsoft.TypeSpec.Generator.ClientModel.Tests/Debug/net8.0/Microsoft.TypeSpec.Generator.ClientModel.Tests.dll" adapterTypeName="executor://nunit3testexecutor/" className="Microsoft.TypeSpec.Generator.ClientModel.Tests.Providers.ClientProviders.ClientProviderTests" name="ClientProviderSummaryIsPopulated()" />
    </UnitTest>
    <UnitTest name="ValidateConvertToString(null,null,&quot;null&quot;)" storage="/home/runner/work/typespec/typespec/packages/http-client-csharp/generator/artifacts/bin/microsoft.typespec.generator.clientmodel.tests/debug/net8.0/microsoft.typespec.generator.clientmodel.tests.dll" id="3aa3ced1-3219-ac82-73ec-234ca8bbdfb6">
      <Execution id="2db0ab9d-2ea0-4984-8652-e54dc5806e2f" />
      <TestMethod codeBase="/home/runner/work/typespec/typespec/packages/http-client-csharp/generator/artifacts/bin/Microsoft.TypeSpec.Generator.ClientModel.Tests/Debug/net8.0/Microsoft.TypeSpec.Generator.ClientModel.Tests.dll" adapterTypeName="executor://nunit3testexecutor/" className="Microsoft.TypeSpec.Generator.ClientModel.Tests.Providers.TypeFormatterTests" name="ValidateConvertToString(null,null,&quot;null&quot;)" />
    </UnitTest>
    <UnitTest name="ValidateToEnumMethodsFixed(Microsoft.TypeSpec.Generator.Input.InputEnumType)" storage="/home/runner/work/typespec/typespec/packages/http-client-csharp/generator/artifacts/bin/microsoft.typespec.generator.clientmodel.tests/debug/net8.0/microsoft.typespec.generator.clientmodel.tests.dll" id="92bc38d8-1a86-f92f-8d1f-451565894cae">
      <Execution id="1cced0f4-7752-43e5-bc78-88bef7422997" />
      <TestMethod codeBase="/home/runner/work/typespec/typespec/packages/http-client-csharp/generator/artifacts/bin/Microsoft.TypeSpec.Generator.ClientModel.Tests/Debug/net8.0/Microsoft.TypeSpec.Generator.ClientModel.Tests.dll" adapterTypeName="executor://nunit3testexecutor/" className="Microsoft.TypeSpec.Generator.ClientModel.Tests.Providers.EnumProvider.EnumProviderSerializationTests" name="ValidateToEnumMethodsFixed(Microsoft.TypeSpec.Generator.Input.InputEnumType)" />
    </UnitTest>
    <UnitTest name="ResetThenAppendQuery(&quot;http://localhost:12345/&quot;,&quot;one|1&quot;,&quot;http://localhost:12345/?one=1&quot;)" storage="/home/runner/work/typespec/typespec/packages/http-client-csharp/generator/artifacts/bin/microsoft.typespec.generator.clientmodel.tests/debug/net8.0/microsoft.typespec.generator.clientmodel.tests.dll" id="7bcb0848-d16e-3c13-2eb4-0d2bdba39c0b">
      <Execution id="7f214206-3814-4557-a038-a840891aca48" />
      <TestMethod codeBase="/home/runner/work/typespec/typespec/packages/http-client-csharp/generator/artifacts/bin/Microsoft.TypeSpec.Generator.ClientModel.Tests/Debug/net8.0/Microsoft.TypeSpec.Generator.ClientModel.Tests.dll" adapterTypeName="executor://nunit3testexecutor/" className="Microsoft.TypeSpec.Generator.ClientModel.Tests.Providers.ClientUriBuilderTests" name="ResetThenAppendQuery(&quot;http://localhost:12345/&quot;,&quot;one|1&quot;,&quot;http://localhost:12345/?one=1&quot;)" />
    </UnitTest>
    <UnitTest name="SerializedNameIsUsed(True)" storage="/home/runner/work/typespec/typespec/packages/http-client-csharp/generator/artifacts/bin/microsoft.typespec.generator.clientmodel.tests/debug/net8.0/microsoft.typespec.generator.clientmodel.tests.dll" id="2b95d2ae-b0e6-b9ff-1945-fd02bf0a08c5">
      <Execution id="871aa6d5-6ae1-4adb-aac5-68b1e2714842" />
      <TestMethod codeBase="/home/runner/work/typespec/typespec/packages/http-client-csharp/generator/artifacts/bin/Microsoft.TypeSpec.Generator.ClientModel.Tests/Debug/net8.0/Microsoft.TypeSpec.Generator.ClientModel.Tests.dll" adapterTypeName="executor://nunit3testexecutor/" className="Microsoft.TypeSpec.Generator.ClientModel.Tests.Providers.MrwSerializationTypeDefinitions.MrwSerializationTypeDefinitionTests" name="SerializedNameIsUsed(True)" />
    </UnitTest>
    <UnitTest name="AppendPath_Long(&quot;http://localhost&quot;,-299792458000000L,False,&quot;http://localhost/-299792458000000&quot;)" storage="/home/runner/work/typespec/typespec/packages/http-client-csharp/generator/artifacts/bin/microsoft.typespec.generator.clientmodel.tests/debug/net8.0/microsoft.typespec.generator.clientmodel.tests.dll" id="403cd832-7651-28cf-0576-a1670586cdfe">
      <Execution id="2b008f66-8bfa-41d7-9840-d88f889e5802" />
      <TestMethod codeBase="/home/runner/work/typespec/typespec/packages/http-client-csharp/generator/artifacts/bin/Microsoft.TypeSpec.Generator.ClientModel.Tests/Debug/net8.0/Microsoft.TypeSpec.Generator.ClientModel.Tests.dll" adapterTypeName="executor://nunit3testexecutor/" className="Microsoft.TypeSpec.Generator.ClientModel.Tests.Providers.ClientUriBuilderTests" name="AppendPath_Long(&quot;http://localhost&quot;,-299792458000000L,False,&quot;http://localhost/-299792458000000&quot;)" />
    </UnitTest>
    <UnitTest name="FormatsDatesAsJson(&quot;O&quot;,05/04/2020 03:02:01 +01:00,&quot;2020-05-04T02:02:01.1230000Z&quot;)" storage="/home/runner/work/typespec/typespec/packages/http-client-csharp/generator/artifacts/bin/microsoft.typespec.generator.clientmodel.tests/debug/net8.0/microsoft.typespec.generator.clientmodel.tests.dll" id="16ec844b-df5c-e2b9-8133-59889de5527e">
      <Execution id="8a29cad1-a577-46c0-ad54-caf11448de84" />
      <TestMethod codeBase="/home/runner/work/typespec/typespec/packages/http-client-csharp/generator/artifacts/bin/Microsoft.TypeSpec.Generator.ClientModel.Tests/Debug/net8.0/Microsoft.TypeSpec.Generator.ClientModel.Tests.dll" adapterTypeName="executor://nunit3testexecutor/" className="Microsoft.TypeSpec.Generator.ClientModel.Tests.Providers.TypeFormatterTests" name="FormatsDatesAsJson(&quot;O&quot;,05/04/2020 03:02:01 +01:00,&quot;2020-05-04T02:02:01.1230000Z&quot;)" />
    </UnitTest>
    <UnitTest name="RoundTripWithModelInterface(&quot;J&quot;)" storage="/home/runner/work/typespec/typespec/packages/http-client-csharp/generator/artifacts/bin/microsoft.typespec.generator.clientmodel.tests/debug/net8.0/microsoft.typespec.generator.clientmodel.tests.dll" id="9a526fb5-6d12-25be-93bf-dc2ad9ad84ce">
      <Execution id="d94a182f-91b5-4cbb-be4e-03d1ab0dc72a" />
      <TestMethod codeBase="/home/runner/work/typespec/typespec/packages/http-client-csharp/generator/artifacts/bin/Microsoft.TypeSpec.Generator.ClientModel.Tests/Debug/net8.0/Microsoft.TypeSpec.Generator.ClientModel.Tests.dll" adapterTypeName="executor://nunit3testexecutor/" className="Microsoft.TypeSpec.Generator.ClientModel.Tests.ModelReaderWriterValidation.TestProjects.Sample_TypeSpec.ThingTests" name="RoundTripWithModelInterface(&quot;J&quot;)" />
    </UnitTest>
    <UnitTest name="RoundTripWithModelReaderWriter(&quot;J&quot;)" storage="/home/runner/work/typespec/typespec/packages/http-client-csharp/generator/artifacts/bin/microsoft.typespec.generator.clientmodel.tests/debug/net8.0/microsoft.typespec.generator.clientmodel.tests.dll" id="773b3700-4327-8dc5-55b6-617ccbe6ad79">
      <Execution id="48138cb4-c40e-405f-9452-3cbccc41bd8e" />
      <TestMethod codeBase="/home/runner/work/typespec/typespec/packages/http-client-csharp/generator/artifacts/bin/Microsoft.TypeSpec.Generator.ClientModel.Tests/Debug/net8.0/Microsoft.TypeSpec.Generator.ClientModel.Tests.dll" adapterTypeName="executor://nunit3testexecutor/" className="Microsoft.TypeSpec.Generator.ClientModel.Tests.ModelReaderWriterValidation.TestProjects.Sample_TypeSpec.RenamedModelTests" name="RoundTripWithModelReaderWriter(&quot;J&quot;)" />
    </UnitTest>
    <UnitTest name="RequestBodyConstructedUsingReadOnlyMemoryBinaryContentHelpers" storage="/home/runner/work/typespec/typespec/packages/http-client-csharp/generator/artifacts/bin/microsoft.typespec.generator.clientmodel.tests/debug/net8.0/microsoft.typespec.generator.clientmodel.tests.dll" id="f0201c7a-8e53-0c7d-ef99-05c2124efd39">
      <Execution id="ec5f8077-c748-4437-8d2f-1eba0c2d2b87" />
      <TestMethod codeBase="/home/runner/work/typespec/typespec/packages/http-client-csharp/generator/artifacts/bin/Microsoft.TypeSpec.Generator.ClientModel.Tests/Debug/net8.0/Microsoft.TypeSpec.Generator.ClientModel.Tests.dll" adapterTypeName="executor://nunit3testexecutor/" className="Microsoft.TypeSpec.Generator.ClientModel.Tests.Providers.ScmMethodProviderCollectionTests" name="RequestBodyConstructedUsingReadOnlyMemoryBinaryContentHelpers" />
    </UnitTest>
    <UnitTest name="SubClientWithSingleSubClient" storage="/home/runner/work/typespec/typespec/packages/http-client-csharp/generator/artifacts/bin/microsoft.typespec.generator.clientmodel.tests/debug/net8.0/microsoft.typespec.generator.clientmodel.tests.dll" id="c94dec01-8725-8384-e760-0a6da8ccc2b9">
      <Execution id="f7bf1824-64f4-49c4-89d0-99a495d98948" />
      <TestMethod codeBase="/home/runner/work/typespec/typespec/packages/http-client-csharp/generator/artifacts/bin/Microsoft.TypeSpec.Generator.ClientModel.Tests/Debug/net8.0/Microsoft.TypeSpec.Generator.ClientModel.Tests.dll" adapterTypeName="executor://nunit3testexecutor/" className="Microsoft.TypeSpec.Generator.ClientModel.Tests.Providers.ClientProviders.ClientProviderSubClientTests" name="SubClientWithSingleSubClient" />
    </UnitTest>
    <UnitTest name="AppendPath_Float(&quot;http://localhost&quot;,-3.14f,False,&quot;http://localhost/-3.14&quot;)" storage="/home/runner/work/typespec/typespec/packages/http-client-csharp/generator/artifacts/bin/microsoft.typespec.generator.clientmodel.tests/debug/net8.0/microsoft.typespec.generator.clientmodel.tests.dll" id="21ccde52-84ff-b13b-7878-c18063ef33a0">
      <Execution id="b1ec3d0f-4789-443e-acc6-45a63bceb781" />
      <TestMethod codeBase="/home/runner/work/typespec/typespec/packages/http-client-csharp/generator/artifacts/bin/Microsoft.TypeSpec.Generator.ClientModel.Tests/Debug/net8.0/Microsoft.TypeSpec.Generator.ClientModel.Tests.dll" adapterTypeName="executor://nunit3testexecutor/" className="Microsoft.TypeSpec.Generator.ClientModel.Tests.Providers.ClientUriBuilderTests" name="AppendPath_Float(&quot;http://localhost&quot;,-3.14f,False,&quot;http://localhost/-3.14&quot;)" />
    </UnitTest>
    <UnitTest name="AppendQuery_DateTimeOffset(&quot;http://localhost&quot;,&quot;6/30/1905 1:14:00 PM +00:00&quot;,&quot;D&quot;,False,&quot;http://localhost/?query=1905-06-30&quot;)" storage="/home/runner/work/typespec/typespec/packages/http-client-csharp/generator/artifacts/bin/microsoft.typespec.generator.clientmodel.tests/debug/net8.0/microsoft.typespec.generator.clientmodel.tests.dll" id="165bb218-c429-9fa2-af30-547e3f724514">
      <Execution id="a7b327a9-1d74-4312-bdb8-61754a74a27f" />
      <TestMethod codeBase="/home/runner/work/typespec/typespec/packages/http-client-csharp/generator/artifacts/bin/Microsoft.TypeSpec.Generator.ClientModel.Tests/Debug/net8.0/Microsoft.TypeSpec.Generator.ClientModel.Tests.dll" adapterTypeName="executor://nunit3testexecutor/" className="Microsoft.TypeSpec.Generator.ClientModel.Tests.Providers.ClientUriBuilderTests" name="AppendQuery_DateTimeOffset(&quot;http://localhost&quot;,&quot;6/30/1905 1:14:00 PM +00:00&quot;,&quot;D&quot;,False,&quot;http://localhost/?query=1905-06-30&quot;)" />
    </UnitTest>
    <UnitTest name="AppendPath_Guid(&quot;http://localhost&quot;,&quot;3f2504e0-4f89-11d3-9a0c-0305e82c3301&quot;,True,&quot;http://localhost/3f2504e0-4f89-11d3-9a0c-0305e82c3301&quot;)" storage="/home/runner/work/typespec/typespec/packages/http-client-csharp/generator/artifacts/bin/microsoft.typespec.generator.clientmodel.tests/debug/net8.0/microsoft.typespec.generator.clientmodel.tests.dll" id="6950c12a-530d-10c2-664d-7df9a43fce0c">
      <Execution id="9f74ddf8-54a6-4524-92c9-648dbec284f1" />
      <TestMethod codeBase="/home/runner/work/typespec/typespec/packages/http-client-csharp/generator/artifacts/bin/Microsoft.TypeSpec.Generator.ClientModel.Tests/Debug/net8.0/Microsoft.TypeSpec.Generator.ClientModel.Tests.dll" adapterTypeName="executor://nunit3testexecutor/" className="Microsoft.TypeSpec.Generator.ClientModel.Tests.Providers.ClientUriBuilderTests" name="AppendPath_Guid(&quot;http://localhost&quot;,&quot;3f2504e0-4f89-11d3-9a0c-0305e82c3301&quot;,True,&quot;http://localhost/3f2504e0-4f89-11d3-9a0c-0305e82c3301&quot;)" />
    </UnitTest>
    <UnitTest name="ValidateConvertToString(null,-299792458L,&quot;-299792458&quot;)" storage="/home/runner/work/typespec/typespec/packages/http-client-csharp/generator/artifacts/bin/microsoft.typespec.generator.clientmodel.tests/debug/net8.0/microsoft.typespec.generator.clientmodel.tests.dll" id="52b9b455-2407-4953-cf47-5a45fd633d82">
      <Execution id="5e7c7f0d-9a99-469b-97fb-679dd06ce8d6" />
      <TestMethod codeBase="/home/runner/work/typespec/typespec/packages/http-client-csharp/generator/artifacts/bin/Microsoft.TypeSpec.Generator.ClientModel.Tests/Debug/net8.0/Microsoft.TypeSpec.Generator.ClientModel.Tests.dll" adapterTypeName="executor://nunit3testexecutor/" className="Microsoft.TypeSpec.Generator.ClientModel.Tests.Providers.TypeFormatterTests" name="ValidateConvertToString(null,-299792458L,&quot;-299792458&quot;)" />
    </UnitTest>
    <UnitTest name="TestBuildConstructors_ForSubClient_NoAuth()" storage="/home/runner/work/typespec/typespec/packages/http-client-csharp/generator/artifacts/bin/microsoft.typespec.generator.clientmodel.tests/debug/net8.0/microsoft.typespec.generator.clientmodel.tests.dll" id="e7431cde-8f7a-eed3-b10e-0a941618ee9b">
      <Execution id="5c84e573-14b0-49cd-baa7-cf51d27d6ad4" />
      <TestMethod codeBase="/home/runner/work/typespec/typespec/packages/http-client-csharp/generator/artifacts/bin/Microsoft.TypeSpec.Generator.ClientModel.Tests/Debug/net8.0/Microsoft.TypeSpec.Generator.ClientModel.Tests.dll" adapterTypeName="executor://nunit3testexecutor/" className="Microsoft.TypeSpec.Generator.ClientModel.Tests.Providers.ClientProviders.ClientProviderTests" name="TestBuildConstructors_ForSubClient_NoAuth()" />
    </UnitTest>
    <UnitTest name="ValidateBodyOfRestClientOperationIsOverridden" storage="/home/runner/work/typespec/typespec/packages/http-client-csharp/generator/artifacts/bin/microsoft.typespec.generator.clientmodel.tests/debug/net8.0/microsoft.typespec.generator.clientmodel.tests.dll" id="85515794-859c-c57f-429d-018ca2aa9bac">
      <Execution id="0824e208-c72b-49dd-af53-de71af95e575" />
      <TestMethod codeBase="/home/runner/work/typespec/typespec/packages/http-client-csharp/generator/artifacts/bin/Microsoft.TypeSpec.Generator.ClientModel.Tests/Debug/net8.0/Microsoft.TypeSpec.Generator.ClientModel.Tests.dll" adapterTypeName="executor://nunit3testexecutor/" className="Microsoft.TypeSpec.Generator.ClientModel.Tests.Providers.Abstractions.ClientPipelineApiTests" name="ValidateBodyOfRestClientOperationIsOverridden" />
    </UnitTest>
    <UnitTest name="TestNestedDiscriminatedModelWithOwnDiscriminator" storage="/home/runner/work/typespec/typespec/packages/http-client-csharp/generator/artifacts/bin/microsoft.typespec.generator.clientmodel.tests/debug/net8.0/microsoft.typespec.generator.clientmodel.tests.dll" id="8f7b5522-b0fe-db54-4f78-7c3f55c90f68">
      <Execution id="01530b14-5e75-4efc-91b9-b644276387dc" />
      <TestMethod codeBase="/home/runner/work/typespec/typespec/packages/http-client-csharp/generator/artifacts/bin/Microsoft.TypeSpec.Generator.ClientModel.Tests/Debug/net8.0/Microsoft.TypeSpec.Generator.ClientModel.Tests.dll" adapterTypeName="executor://nunit3testexecutor/" className="Microsoft.TypeSpec.Generator.ClientModel.Tests.Providers.MrwSerializationTypeDefinitions.DiscriminatorTests" name="TestNestedDiscriminatedModelWithOwnDiscriminator" />
    </UnitTest>
    <UnitTest name="AppendQueryDelimited(&quot;http://localhost&quot;,[&quot;hello&quot;, &quot;world&quot;],&quot;;&quot;,False,&quot;http://localhost/?query=hello;world&quot;)" storage="/home/runner/work/typespec/typespec/packages/http-client-csharp/generator/artifacts/bin/microsoft.typespec.generator.clientmodel.tests/debug/net8.0/microsoft.typespec.generator.clientmodel.tests.dll" id="d2beff4b-5bed-7a1c-c8e7-4e5325b7c60a">
      <Execution id="7007d7d9-287a-4505-b036-e62a595b5dce" />
      <TestMethod codeBase="/home/runner/work/typespec/typespec/packages/http-client-csharp/generator/artifacts/bin/Microsoft.TypeSpec.Generator.ClientModel.Tests/Debug/net8.0/Microsoft.TypeSpec.Generator.ClientModel.Tests.dll" adapterTypeName="executor://nunit3testexecutor/" className="Microsoft.TypeSpec.Generator.ClientModel.Tests.Providers.ClientUriBuilderTests" name="AppendQueryDelimited(&quot;http://localhost&quot;,[&quot;hello&quot;, &quot;world&quot;],&quot;;&quot;,False,&quot;http://localhost/?query=hello;world&quot;)" />
    </UnitTest>
    <UnitTest name="TestBuildAuthFields_SubClients_WithAuth(Microsoft.TypeSpec.Generator.Input.InputClient)" storage="/home/runner/work/typespec/typespec/packages/http-client-csharp/generator/artifacts/bin/microsoft.typespec.generator.clientmodel.tests/debug/net8.0/microsoft.typespec.generator.clientmodel.tests.dll" id="e3f6b41b-723f-fe52-6ef5-10aa6556c371">
      <Execution id="01f097f1-260e-421e-89bb-4cbd3fbca477" />
      <TestMethod codeBase="/home/runner/work/typespec/typespec/packages/http-client-csharp/generator/artifacts/bin/Microsoft.TypeSpec.Generator.ClientModel.Tests/Debug/net8.0/Microsoft.TypeSpec.Generator.ClientModel.Tests.dll" adapterTypeName="executor://nunit3testexecutor/" className="Microsoft.TypeSpec.Generator.ClientModel.Tests.Providers.ClientProviders.ClientProviderTests" name="TestBuildAuthFields_SubClients_WithAuth(Microsoft.TypeSpec.Generator.Input.InputClient)" />
    </UnitTest>
    <UnitTest name="TestGetMethodParameters_ProperOrdering()" storage="/home/runner/work/typespec/typespec/packages/http-client-csharp/generator/artifacts/bin/microsoft.typespec.generator.clientmodel.tests/debug/net8.0/microsoft.typespec.generator.clientmodel.tests.dll" id="7cff3d0d-af1d-f407-3d06-8761f43e6d14">
      <Execution id="c4175980-512f-4e9a-be65-767ce634876c" />
      <TestMethod codeBase="/home/runner/work/typespec/typespec/packages/http-client-csharp/generator/artifacts/bin/Microsoft.TypeSpec.Generator.ClientModel.Tests/Debug/net8.0/Microsoft.TypeSpec.Generator.ClientModel.Tests.dll" adapterTypeName="executor://nunit3testexecutor/" className="Microsoft.TypeSpec.Generator.ClientModel.Tests.Providers.RestClientProviders.RestClientProviderTests" name="TestGetMethodParameters_ProperOrdering()" />
    </UnitTest>
    <UnitTest name="AppendQuery_TimeSpan(&quot;http://localhost&quot;,&quot;02:15:00&quot;,null,False,&quot;http://localhost/?query=PT2H15M&quot;)" storage="/home/runner/work/typespec/typespec/packages/http-client-csharp/generator/artifacts/bin/microsoft.typespec.generator.clientmodel.tests/debug/net8.0/microsoft.typespec.generator.clientmodel.tests.dll" id="2702bbe4-9e72-8edf-0d4b-d6e7e729e629">
      <Execution id="281155fe-9c40-40ad-82ec-ce5c7ec2389e" />
      <TestMethod codeBase="/home/runner/work/typespec/typespec/packages/http-client-csharp/generator/artifacts/bin/Microsoft.TypeSpec.Generator.ClientModel.Tests/Debug/net8.0/Microsoft.TypeSpec.Generator.ClientModel.Tests.dll" adapterTypeName="executor://nunit3testexecutor/" className="Microsoft.TypeSpec.Generator.ClientModel.Tests.Providers.ClientUriBuilderTests" name="AppendQuery_TimeSpan(&quot;http://localhost&quot;,&quot;02:15:00&quot;,null,False,&quot;http://localhost/?query=PT2H15M&quot;)" />
    </UnitTest>
    <UnitTest name="AppendQuery_TimeSpan(&quot;http://localhost&quot;,&quot;02:15:00&quot;,&quot;&quot;,False,&quot;http://localhost/?query=02:15:00&quot;)" storage="/home/runner/work/typespec/typespec/packages/http-client-csharp/generator/artifacts/bin/microsoft.typespec.generator.clientmodel.tests/debug/net8.0/microsoft.typespec.generator.clientmodel.tests.dll" id="6799c615-984b-d393-61e7-01b94eabeafa">
      <Execution id="cc454ecf-7bcc-467f-8de2-7c924adbf147" />
      <TestMethod codeBase="/home/runner/work/typespec/typespec/packages/http-client-csharp/generator/artifacts/bin/Microsoft.TypeSpec.Generator.ClientModel.Tests/Debug/net8.0/Microsoft.TypeSpec.Generator.ClientModel.Tests.dll" adapterTypeName="executor://nunit3testexecutor/" className="Microsoft.TypeSpec.Generator.ClientModel.Tests.Providers.ClientUriBuilderTests" name="AppendQuery_TimeSpan(&quot;http://localhost&quot;,&quot;02:15:00&quot;,&quot;&quot;,False,&quot;http://localhost/?query=02:15:00&quot;)" />
    </UnitTest>
    <UnitTest name="SnakeCaseSerializedName" storage="/home/runner/work/typespec/typespec/packages/http-client-csharp/generator/artifacts/bin/microsoft.typespec.generator.clientmodel.tests/debug/net8.0/microsoft.typespec.generator.clientmodel.tests.dll" id="73d16d0c-278b-af64-2466-26e71375a3bd">
      <Execution id="3e84f8e5-558d-4568-811d-6b4548c1c65c" />
      <TestMethod codeBase="/home/runner/work/typespec/typespec/packages/http-client-csharp/generator/artifacts/bin/Microsoft.TypeSpec.Generator.ClientModel.Tests/Debug/net8.0/Microsoft.TypeSpec.Generator.ClientModel.Tests.dll" adapterTypeName="executor://nunit3testexecutor/" className="Microsoft.TypeSpec.Generator.ClientModel.Tests.Providers.MrwSerializationTypeDefinitions.JsonModelCoreTests" name="SnakeCaseSerializedName" />
    </UnitTest>
    <UnitTest name="TestIntSerializationStatement(Int32,null)" storage="/home/runner/work/typespec/typespec/packages/http-client-csharp/generator/artifacts/bin/microsoft.typespec.generator.clientmodel.tests/debug/net8.0/microsoft.typespec.generator.clientmodel.tests.dll" id="dd8aa756-842c-7b71-9947-6517e2bbacdf">
      <Execution id="cfe51167-a609-40ec-9a0e-430bdc81991d" />
      <TestMethod codeBase="/home/runner/work/typespec/typespec/packages/http-client-csharp/generator/artifacts/bin/Microsoft.TypeSpec.Generator.ClientModel.Tests/Debug/net8.0/Microsoft.TypeSpec.Generator.ClientModel.Tests.dll" adapterTypeName="executor://nunit3testexecutor/" className="Microsoft.TypeSpec.Generator.ClientModel.Tests.Providers.MrwSerializationTypeDefinitions.MrwSerializationTypeDefinitionTests" name="TestIntSerializationStatement(Int32,null)" />
    </UnitTest>
    <UnitTest name="ResetThenAppendPath(&quot;http://localhost:12345/with&quot;,&quot;/path/&quot;,&quot;http://localhost:12345/with/path/&quot;)" storage="/home/runner/work/typespec/typespec/packages/http-client-csharp/generator/artifacts/bin/microsoft.typespec.generator.clientmodel.tests/debug/net8.0/microsoft.typespec.generator.clientmodel.tests.dll" id="3c881886-4db7-dbcd-6874-1deb25e16f63">
      <Execution id="e4a8f871-48ba-4536-b181-933ef021e091" />
      <TestMethod codeBase="/home/runner/work/typespec/typespec/packages/http-client-csharp/generator/artifacts/bin/Microsoft.TypeSpec.Generator.ClientModel.Tests/Debug/net8.0/Microsoft.TypeSpec.Generator.ClientModel.Tests.dll" adapterTypeName="executor://nunit3testexecutor/" className="Microsoft.TypeSpec.Generator.ClientModel.Tests.Providers.ClientUriBuilderTests" name="ResetThenAppendPath(&quot;http://localhost:12345/with&quot;,&quot;/path/&quot;,&quot;http://localhost:12345/with/path/&quot;)" />
    </UnitTest>
    <UnitTest name="RoundTripWithModelInterfaceNonGeneric(&quot;W&quot;)" storage="/home/runner/work/typespec/typespec/packages/http-client-csharp/generator/artifacts/bin/microsoft.typespec.generator.clientmodel.tests/debug/net8.0/microsoft.typespec.generator.clientmodel.tests.dll" id="24604567-4b6e-b992-6f71-b271977ed625">
      <Execution id="c8cd1727-51a5-4eeb-8450-961d44f73f42" />
      <TestMethod codeBase="/home/runner/work/typespec/typespec/packages/http-client-csharp/generator/artifacts/bin/Microsoft.TypeSpec.Generator.ClientModel.Tests/Debug/net8.0/Microsoft.TypeSpec.Generator.ClientModel.Tests.dll" adapterTypeName="executor://nunit3testexecutor/" className="Microsoft.TypeSpec.Generator.ClientModel.Tests.ModelReaderWriterValidation.TestProjects.Sample_TypeSpec.ThingWithNullsTests" name="RoundTripWithModelInterfaceNonGeneric(&quot;W&quot;)" />
    </UnitTest>
    <UnitTest name="RoundTripWithJsonInterfaceNonGeneric(&quot;J&quot;)" storage="/home/runner/work/typespec/typespec/packages/http-client-csharp/generator/artifacts/bin/microsoft.typespec.generator.clientmodel.tests/debug/net8.0/microsoft.typespec.generator.clientmodel.tests.dll" id="1aadb9b6-5faf-816d-c27a-4da98e73e9a7">
      <Execution id="e1b07410-bcf2-4eda-8230-f76dfb1b62d5" />
      <TestMethod codeBase="/home/runner/work/typespec/typespec/packages/http-client-csharp/generator/artifacts/bin/Microsoft.TypeSpec.Generator.ClientModel.Tests/Debug/net8.0/Microsoft.TypeSpec.Generator.ClientModel.Tests.dll" adapterTypeName="executor://nunit3testexecutor/" className="Microsoft.TypeSpec.Generator.ClientModel.Tests.ModelReaderWriterValidation.TestProjects.Sample_TypeSpec.ThingWithNullsTests" name="RoundTripWithJsonInterfaceNonGeneric(&quot;J&quot;)" />
    </UnitTest>
    <UnitTest name="ValidateIsLastNamespaceSegmentTheSame(&quot;Foo&quot;,&quot;.Foo&quot;)" storage="/home/runner/work/typespec/typespec/packages/http-client-csharp/generator/artifacts/bin/microsoft.typespec.generator.clientmodel.tests/debug/net8.0/microsoft.typespec.generator.clientmodel.tests.dll" id="4a9e2f05-a37c-7177-de3c-274a8bc286bb">
      <Execution id="37ecc32e-5b99-45ac-8a67-d7eecb921c46" />
      <TestMethod codeBase="/home/runner/work/typespec/typespec/packages/http-client-csharp/generator/artifacts/bin/Microsoft.TypeSpec.Generator.ClientModel.Tests/Debug/net8.0/Microsoft.TypeSpec.Generator.ClientModel.Tests.dll" adapterTypeName="executor://nunit3testexecutor/" className="Microsoft.TypeSpec.Generator.ClientModel.Tests.Providers.ClientProviders.ClientProviderTests" name="ValidateIsLastNamespaceSegmentTheSame(&quot;Foo&quot;,&quot;.Foo&quot;)" />
    </UnitTest>
    <UnitTest name="AppendQuery_DateTimeOffset(&quot;http://localhost&quot;,&quot;6/30/1905 1:14:00 PM +00:00&quot;,&quot;R&quot;,True,&quot;http://localhost/?query=Fri%2C 30 Jun 1905 13%3A14%3A00 GMT&quot;)" storage="/home/runner/work/typespec/typespec/packages/http-client-csharp/generator/artifacts/bin/microsoft.typespec.generator.clientmodel.tests/debug/net8.0/microsoft.typespec.generator.clientmodel.tests.dll" id="b0cd1039-ea79-eaa1-e1c7-0398cf6051bb">
      <Execution id="19f56df6-1efc-4f71-82f0-98d2811f5801" />
      <TestMethod codeBase="/home/runner/work/typespec/typespec/packages/http-client-csharp/generator/artifacts/bin/Microsoft.TypeSpec.Generator.ClientModel.Tests/Debug/net8.0/Microsoft.TypeSpec.Generator.ClientModel.Tests.dll" adapterTypeName="executor://nunit3testexecutor/" className="Microsoft.TypeSpec.Generator.ClientModel.Tests.Providers.ClientUriBuilderTests" name="AppendQuery_DateTimeOffset(&quot;http://localhost&quot;,&quot;6/30/1905 1:14:00 PM +00:00&quot;,&quot;R&quot;,True,&quot;http://localhost/?query=Fri%2C 30 Jun 1905 13%3A14%3A00 GMT&quot;)" />
    </UnitTest>
    <UnitTest name="AppendQueryDelimited(&quot;http://localhost&quot;,[&quot;hello&quot;, &quot;world&quot;],&quot;|&quot;,False,&quot;http://localhost/?query=hello|world&quot;)" storage="/home/runner/work/typespec/typespec/packages/http-client-csharp/generator/artifacts/bin/microsoft.typespec.generator.clientmodel.tests/debug/net8.0/microsoft.typespec.generator.clientmodel.tests.dll" id="f21b19d3-41c0-235a-f7d9-88c615b2e912">
      <Execution id="2ffa735f-4871-4160-bee1-97eee5d86c27" />
      <TestMethod codeBase="/home/runner/work/typespec/typespec/packages/http-client-csharp/generator/artifacts/bin/Microsoft.TypeSpec.Generator.ClientModel.Tests/Debug/net8.0/Microsoft.TypeSpec.Generator.ClientModel.Tests.dll" adapterTypeName="executor://nunit3testexecutor/" className="Microsoft.TypeSpec.Generator.ClientModel.Tests.Providers.ClientUriBuilderTests" name="AppendQueryDelimited(&quot;http://localhost&quot;,[&quot;hello&quot;, &quot;world&quot;],&quot;|&quot;,False,&quot;http://localhost/?query=hello|world&quot;)" />
    </UnitTest>
    <UnitTest name="AppendQuery_ByteArray(&quot;http://localhost&quot;,[104, 101, 108, 108, 111],&quot;U&quot;,True,&quot;http://localhost/?query=aGVsbG8&quot;)" storage="/home/runner/work/typespec/typespec/packages/http-client-csharp/generator/artifacts/bin/microsoft.typespec.generator.clientmodel.tests/debug/net8.0/microsoft.typespec.generator.clientmodel.tests.dll" id="37d9c8b1-d0b8-0afa-2afc-a2ae57ced7f5">
      <Execution id="2228bd0a-a463-4a57-9424-ff164800ed61" />
      <TestMethod codeBase="/home/runner/work/typespec/typespec/packages/http-client-csharp/generator/artifacts/bin/Microsoft.TypeSpec.Generator.ClientModel.Tests/Debug/net8.0/Microsoft.TypeSpec.Generator.ClientModel.Tests.dll" adapterTypeName="executor://nunit3testexecutor/" className="Microsoft.TypeSpec.Generator.ClientModel.Tests.Providers.ClientUriBuilderTests" name="AppendQuery_ByteArray(&quot;http://localhost&quot;,[104, 101, 108, 108, 111],&quot;U&quot;,True,&quot;http://localhost/?query=aGVsbG8&quot;)" />
    </UnitTest>
    <UnitTest name="ContinuationTokenInBodyOfTAsync" storage="/home/runner/work/typespec/typespec/packages/http-client-csharp/generator/artifacts/bin/microsoft.typespec.generator.clientmodel.tests/debug/net8.0/microsoft.typespec.generator.clientmodel.tests.dll" id="66715d49-c41e-5f81-8a3b-27304d49716d">
      <Execution id="297f87c6-bf7b-45da-bb30-ac1542abb244" />
      <TestMethod codeBase="/home/runner/work/typespec/typespec/packages/http-client-csharp/generator/artifacts/bin/Microsoft.TypeSpec.Generator.ClientModel.Tests/Debug/net8.0/Microsoft.TypeSpec.Generator.ClientModel.Tests.dll" adapterTypeName="executor://nunit3testexecutor/" className="Microsoft.TypeSpec.Generator.ClientModel.Tests.Providers.CollectionResultDefinitions.ContinuationTokenTests" name="ContinuationTokenInBodyOfTAsync" />
    </UnitTest>
    <UnitTest name="RequestOptionsOptionality(False,True,False)" storage="/home/runner/work/typespec/typespec/packages/http-client-csharp/generator/artifacts/bin/microsoft.typespec.generator.clientmodel.tests/debug/net8.0/microsoft.typespec.generator.clientmodel.tests.dll" id="1f242f8f-75c5-9055-debb-fe84e1ee32f9">
      <Execution id="66e826de-48ec-4480-ba68-8f40a57e4126" />
      <TestMethod codeBase="/home/runner/work/typespec/typespec/packages/http-client-csharp/generator/artifacts/bin/Microsoft.TypeSpec.Generator.ClientModel.Tests/Debug/net8.0/Microsoft.TypeSpec.Generator.ClientModel.Tests.dll" adapterTypeName="executor://nunit3testexecutor/" className="Microsoft.TypeSpec.Generator.ClientModel.Tests.Providers.ScmMethodProviderCollectionTests" name="RequestOptionsOptionality(False,True,False)" />
    </UnitTest>
    <UnitTest name="AppendPath_Float(&quot;http://localhost&quot;,3.14f,True,&quot;http://localhost/3.14&quot;)" storage="/home/runner/work/typespec/typespec/packages/http-client-csharp/generator/artifacts/bin/microsoft.typespec.generator.clientmodel.tests/debug/net8.0/microsoft.typespec.generator.clientmodel.tests.dll" id="f19afe42-1bdb-8cfd-a433-5717c0bd644c">
      <Execution id="1c7c4420-79d2-4cfb-877a-950e44e95db6" />
      <TestMethod codeBase="/home/runner/work/typespec/typespec/packages/http-client-csharp/generator/artifacts/bin/Microsoft.TypeSpec.Generator.ClientModel.Tests/Debug/net8.0/Microsoft.TypeSpec.Generator.ClientModel.Tests.dll" adapterTypeName="executor://nunit3testexecutor/" className="Microsoft.TypeSpec.Generator.ClientModel.Tests.Providers.ClientUriBuilderTests" name="AppendPath_Float(&quot;http://localhost&quot;,3.14f,True,&quot;http://localhost/3.14&quot;)" />
    </UnitTest>
    <UnitTest name="FormatsDatesAsString(&quot;O&quot;,05/04/2020 03:02:01 +00:00,&quot;2020-05-04T03:02:01.1230000Z&quot;)" storage="/home/runner/work/typespec/typespec/packages/http-client-csharp/generator/artifacts/bin/microsoft.typespec.generator.clientmodel.tests/debug/net8.0/microsoft.typespec.generator.clientmodel.tests.dll" id="d189063a-2c0a-d19a-f98a-dcc48e248ba2">
      <Execution id="8515b196-3e4d-4e7c-b8b8-95d84d04233a" />
      <TestMethod codeBase="/home/runner/work/typespec/typespec/packages/http-client-csharp/generator/artifacts/bin/Microsoft.TypeSpec.Generator.ClientModel.Tests/Debug/net8.0/Microsoft.TypeSpec.Generator.ClientModel.Tests.dll" adapterTypeName="executor://nunit3testexecutor/" className="Microsoft.TypeSpec.Generator.ClientModel.Tests.Providers.TypeFormatterTests" name="FormatsDatesAsString(&quot;O&quot;,05/04/2020 03:02:01 +00:00,&quot;2020-05-04T03:02:01.1230000Z&quot;)" />
    </UnitTest>
    <UnitTest name="BackCompat_PrereleaseApiVersionsAdded" storage="/home/runner/work/typespec/typespec/packages/http-client-csharp/generator/artifacts/bin/microsoft.typespec.generator.clientmodel.tests/debug/net8.0/microsoft.typespec.generator.clientmodel.tests.dll" id="dbbaaed9-00fe-90da-a45f-1adc61af23d2">
      <Execution id="b8bbe9a9-79ab-4168-a723-ed98fe36198b" />
      <TestMethod codeBase="/home/runner/work/typespec/typespec/packages/http-client-csharp/generator/artifacts/bin/Microsoft.TypeSpec.Generator.ClientModel.Tests/Debug/net8.0/Microsoft.TypeSpec.Generator.ClientModel.Tests.dll" adapterTypeName="executor://nunit3testexecutor/" className="Microsoft.TypeSpec.Generator.ClientModel.Tests.Providers.ClientOptionsProviderTests" name="BackCompat_PrereleaseApiVersionsAdded" />
    </UnitTest>
    <UnitTest name="ValidateConvertToString(null,&quot;str&quot;,&quot;str&quot;)" storage="/home/runner/work/typespec/typespec/packages/http-client-csharp/generator/artifacts/bin/microsoft.typespec.generator.clientmodel.tests/debug/net8.0/microsoft.typespec.generator.clientmodel.tests.dll" id="a0e9667c-4b47-ec23-1abd-ea616525bf3f">
      <Execution id="7905542f-3938-4023-a6ef-9666899d4397" />
      <TestMethod codeBase="/home/runner/work/typespec/typespec/packages/http-client-csharp/generator/artifacts/bin/Microsoft.TypeSpec.Generator.ClientModel.Tests/Debug/net8.0/Microsoft.TypeSpec.Generator.ClientModel.Tests.dll" adapterTypeName="executor://nunit3testexecutor/" className="Microsoft.TypeSpec.Generator.ClientModel.Tests.Providers.TypeFormatterTests" name="ValidateConvertToString(null,&quot;str&quot;,&quot;str&quot;)" />
    </UnitTest>
    <UnitTest name="ThrowsIfWireIsNotJson" storage="/home/runner/work/typespec/typespec/packages/http-client-csharp/generator/artifacts/bin/microsoft.typespec.generator.clientmodel.tests/debug/net8.0/microsoft.typespec.generator.clientmodel.tests.dll" id="cfeeaaa1-a853-5f42-38dd-9d668c2073fd">
      <Execution id="8692ad18-14fa-4977-9080-043577abde04" />
      <TestMethod codeBase="/home/runner/work/typespec/typespec/packages/http-client-csharp/generator/artifacts/bin/Microsoft.TypeSpec.Generator.ClientModel.Tests/Debug/net8.0/Microsoft.TypeSpec.Generator.ClientModel.Tests.dll" adapterTypeName="executor://nunit3testexecutor/" className="Microsoft.TypeSpec.Generator.ClientModel.Tests.ModelReaderWriterValidation.TestProjects.Sample_TypeSpec.RoundTripModelTests" name="ThrowsIfWireIsNotJson" />
    </UnitTest>
    <UnitTest name="ValidateToSerialMethodsFixed(Microsoft.TypeSpec.Generator.Input.InputEnumType)" storage="/home/runner/work/typespec/typespec/packages/http-client-csharp/generator/artifacts/bin/microsoft.typespec.generator.clientmodel.tests/debug/net8.0/microsoft.typespec.generator.clientmodel.tests.dll" id="f45b0123-a5dd-fb53-d0d1-cdea3d2f2a2b">
      <Execution id="d408b48f-4592-4629-80ea-cdf5b59a963c" />
      <TestMethod codeBase="/home/runner/work/typespec/typespec/packages/http-client-csharp/generator/artifacts/bin/Microsoft.TypeSpec.Generator.ClientModel.Tests/Debug/net8.0/Microsoft.TypeSpec.Generator.ClientModel.Tests.dll" adapterTypeName="executor://nunit3testexecutor/" className="Microsoft.TypeSpec.Generator.ClientModel.Tests.Providers.EnumProvider.EnumProviderSerializationTests" name="ValidateToSerialMethodsFixed(Microsoft.TypeSpec.Generator.Input.InputEnumType)" />
    </UnitTest>
    <UnitTest name="RequestBodyConstructedRespectingRequestContentApi(Microsoft.TypeSpec.Generator.Input.InputModelType)" storage="/home/runner/work/typespec/typespec/packages/http-client-csharp/generator/artifacts/bin/microsoft.typespec.generator.clientmodel.tests/debug/net8.0/microsoft.typespec.generator.clientmodel.tests.dll" id="c91db1aa-50a3-2233-826f-30e095a5542d">
      <Execution id="aed30d32-911d-481e-8430-bfa2751d7469" />
      <TestMethod codeBase="/home/runner/work/typespec/typespec/packages/http-client-csharp/generator/artifacts/bin/Microsoft.TypeSpec.Generator.ClientModel.Tests/Debug/net8.0/Microsoft.TypeSpec.Generator.ClientModel.Tests.dll" adapterTypeName="executor://nunit3testexecutor/" className="Microsoft.TypeSpec.Generator.ClientModel.Tests.Providers.ScmMethodProviderCollectionTests" name="RequestBodyConstructedRespectingRequestContentApi(Microsoft.TypeSpec.Generator.Input.InputModelType)" />
    </UnitTest>
    <UnitTest name="ResetThenAppendPath(&quot;http://localhost/&quot;,&quot;path&quot;,&quot;http://localhost/path&quot;)" storage="/home/runner/work/typespec/typespec/packages/http-client-csharp/generator/artifacts/bin/microsoft.typespec.generator.clientmodel.tests/debug/net8.0/microsoft.typespec.generator.clientmodel.tests.dll" id="b5fbdece-a896-5b95-5dd6-251bca56a066">
      <Execution id="c5528228-f564-403c-93c1-e8499debe450" />
      <TestMethod codeBase="/home/runner/work/typespec/typespec/packages/http-client-csharp/generator/artifacts/bin/Microsoft.TypeSpec.Generator.ClientModel.Tests/Debug/net8.0/Microsoft.TypeSpec.Generator.ClientModel.Tests.dll" adapterTypeName="executor://nunit3testexecutor/" className="Microsoft.TypeSpec.Generator.ClientModel.Tests.Providers.ClientUriBuilderTests" name="ResetThenAppendPath(&quot;http://localhost/&quot;,&quot;path&quot;,&quot;http://localhost/path&quot;)" />
    </UnitTest>
    <UnitTest name="TestBuildImplicitToBinaryContent(True)" storage="/home/runner/work/typespec/typespec/packages/http-client-csharp/generator/artifacts/bin/microsoft.typespec.generator.clientmodel.tests/debug/net8.0/microsoft.typespec.generator.clientmodel.tests.dll" id="1bfcd3a7-5eb8-b503-f8b6-db88665035c4">
      <Execution id="45470fc4-863b-433f-83f8-0696e134ac56" />
      <TestMethod codeBase="/home/runner/work/typespec/typespec/packages/http-client-csharp/generator/artifacts/bin/Microsoft.TypeSpec.Generator.ClientModel.Tests/Debug/net8.0/Microsoft.TypeSpec.Generator.ClientModel.Tests.dll" adapterTypeName="executor://nunit3testexecutor/" className="Microsoft.TypeSpec.Generator.ClientModel.Tests.Providers.MrwSerializationTypeDefinitions.MrwSerializationTypeDefinitionTests" name="TestBuildImplicitToBinaryContent(True)" />
    </UnitTest>
    <UnitTest name="RootOutputModelsIncludesServiceResponse" storage="/home/runner/work/typespec/typespec/packages/http-client-csharp/generator/artifacts/bin/microsoft.typespec.generator.clientmodel.tests/debug/net8.0/microsoft.typespec.generator.clientmodel.tests.dll" id="25ca75be-05ae-0f2b-7a33-9b306a4b3909">
      <Execution id="4a252113-bf8c-4d97-bb62-47d9e56996dc" />
      <TestMethod codeBase="/home/runner/work/typespec/typespec/packages/http-client-csharp/generator/artifacts/bin/Microsoft.TypeSpec.Generator.ClientModel.Tests/Debug/net8.0/Microsoft.TypeSpec.Generator.ClientModel.Tests.dll" adapterTypeName="executor://nunit3testexecutor/" className="Microsoft.TypeSpec.Generator.ClientModel.Tests.ScmTypeFactoryTests" name="RootOutputModelsIncludesServiceResponse" />
    </UnitTest>
    <UnitTest name="ValidateReturnTypeOfCreateRequestIsOverridden" storage="/home/runner/work/typespec/typespec/packages/http-client-csharp/generator/artifacts/bin/microsoft.typespec.generator.clientmodel.tests/debug/net8.0/microsoft.typespec.generator.clientmodel.tests.dll" id="e6cf1529-c6a8-2487-8cef-54044b5c3922">
      <Execution id="389d86c8-4e1b-4776-b51d-2e99243897c3" />
      <TestMethod codeBase="/home/runner/work/typespec/typespec/packages/http-client-csharp/generator/artifacts/bin/Microsoft.TypeSpec.Generator.ClientModel.Tests/Debug/net8.0/Microsoft.TypeSpec.Generator.ClientModel.Tests.dll" adapterTypeName="executor://nunit3testexecutor/" className="Microsoft.TypeSpec.Generator.ClientModel.Tests.Providers.Abstractions.HttpMessageApiTests" name="ValidateReturnTypeOfCreateRequestIsOverridden" />
    </UnitTest>
    <UnitTest name="ResetThenAppendPath(&quot;http://localhost/with&quot;,null,&quot;http://localhost/with&quot;)" storage="/home/runner/work/typespec/typespec/packages/http-client-csharp/generator/artifacts/bin/microsoft.typespec.generator.clientmodel.tests/debug/net8.0/microsoft.typespec.generator.clientmodel.tests.dll" id="9ffaa909-2abe-cf56-ae26-3a90963ad86f">
      <Execution id="bdded9cc-09a0-47e4-84ec-850d67906a6a" />
      <TestMethod codeBase="/home/runner/work/typespec/typespec/packages/http-client-csharp/generator/artifacts/bin/Microsoft.TypeSpec.Generator.ClientModel.Tests/Debug/net8.0/Microsoft.TypeSpec.Generator.ClientModel.Tests.dll" adapterTypeName="executor://nunit3testexecutor/" className="Microsoft.TypeSpec.Generator.ClientModel.Tests.Providers.ClientUriBuilderTests" name="ResetThenAppendPath(&quot;http://localhost/with&quot;,null,&quot;http://localhost/with&quot;)" />
    </UnitTest>
    <UnitTest name="RoundTripWithModelReaderWriter(&quot;W&quot;)" storage="/home/runner/work/typespec/typespec/packages/http-client-csharp/generator/artifacts/bin/microsoft.typespec.generator.clientmodel.tests/debug/net8.0/microsoft.typespec.generator.clientmodel.tests.dll" id="4b9c1ba1-8fc1-d592-d8e2-2c9b4a349460">
      <Execution id="dab3f985-35c5-4a8a-abfa-76b68e687b02" />
      <TestMethod codeBase="/home/runner/work/typespec/typespec/packages/http-client-csharp/generator/artifacts/bin/Microsoft.TypeSpec.Generator.ClientModel.Tests/Debug/net8.0/Microsoft.TypeSpec.Generator.ClientModel.Tests.dll" adapterTypeName="executor://nunit3testexecutor/" className="Microsoft.TypeSpec.Generator.ClientModel.Tests.ModelReaderWriterValidation.TestProjects.Sample_TypeSpec.ThingWithNullsTests" name="RoundTripWithModelReaderWriter(&quot;W&quot;)" />
    </UnitTest>
    <UnitTest name="CanCustomizeUriProperty" storage="/home/runner/work/typespec/typespec/packages/http-client-csharp/generator/artifacts/bin/microsoft.typespec.generator.clientmodel.tests/debug/net8.0/microsoft.typespec.generator.clientmodel.tests.dll" id="1a108419-9c72-94cf-0752-8aadadbe46fc">
      <Execution id="b9c2cd1d-a095-4a4d-bae0-1cac787042b9" />
      <TestMethod codeBase="/home/runner/work/typespec/typespec/packages/http-client-csharp/generator/artifacts/bin/Microsoft.TypeSpec.Generator.ClientModel.Tests/Debug/net8.0/Microsoft.TypeSpec.Generator.ClientModel.Tests.dll" adapterTypeName="executor://nunit3testexecutor/" className="Microsoft.TypeSpec.Generator.ClientModel.Tests.Providers.MrwSerializationTypeDefinitions.ModelCustomizationTests" name="CanCustomizeUriProperty" />
    </UnitTest>
    <UnitTest name="BaseShouldHaveProxyAttribute" storage="/home/runner/work/typespec/typespec/packages/http-client-csharp/generator/artifacts/bin/microsoft.typespec.generator.clientmodel.tests/debug/net8.0/microsoft.typespec.generator.clientmodel.tests.dll" id="5ae84a76-0bf4-ee4a-d840-32550ac069fc">
      <Execution id="85944a75-5225-4048-ac91-4fd40e4abb8f" />
      <TestMethod codeBase="/home/runner/work/typespec/typespec/packages/http-client-csharp/generator/artifacts/bin/Microsoft.TypeSpec.Generator.ClientModel.Tests/Debug/net8.0/Microsoft.TypeSpec.Generator.ClientModel.Tests.dll" adapterTypeName="executor://nunit3testexecutor/" className="Microsoft.TypeSpec.Generator.ClientModel.Tests.Providers.MrwSerializationTypeDefinitions.DiscriminatorTests" name="BaseShouldHaveProxyAttribute" />
    </UnitTest>
    <UnitTest name="UnknownVariantPersistableCreateCoreShouldReturnDeserializeBase" storage="/home/runner/work/typespec/typespec/packages/http-client-csharp/generator/artifacts/bin/microsoft.typespec.generator.clientmodel.tests/debug/net8.0/microsoft.typespec.generator.clientmodel.tests.dll" id="4ca5403c-76a5-dae0-7b67-c6e13af21774">
      <Execution id="57909ad4-3b9f-469a-8153-ce9c2313248a" />
      <TestMethod codeBase="/home/runner/work/typespec/typespec/packages/http-client-csharp/generator/artifacts/bin/Microsoft.TypeSpec.Generator.ClientModel.Tests/Debug/net8.0/Microsoft.TypeSpec.Generator.ClientModel.Tests.dll" adapterTypeName="executor://nunit3testexecutor/" className="Microsoft.TypeSpec.Generator.ClientModel.Tests.Providers.MrwSerializationTypeDefinitions.DiscriminatorTests" name="UnknownVariantPersistableCreateCoreShouldReturnDeserializeBase" />
    </UnitTest>
    <UnitTest name="JsonSerializerSnippet_Deserialize" storage="/home/runner/work/typespec/typespec/packages/http-client-csharp/generator/artifacts/bin/microsoft.typespec.generator.clientmodel.tests/debug/net8.0/microsoft.typespec.generator.clientmodel.tests.dll" id="b23dab4f-103f-e800-d3ff-d923625bbd65">
      <Execution id="0673a871-1579-4891-9b82-214654c5a05e" />
      <TestMethod codeBase="/home/runner/work/typespec/typespec/packages/http-client-csharp/generator/artifacts/bin/Microsoft.TypeSpec.Generator.ClientModel.Tests/Debug/net8.0/Microsoft.TypeSpec.Generator.ClientModel.Tests.dll" adapterTypeName="executor://nunit3testexecutor/" className="Microsoft.TypeSpec.Generator.ClientModel.Tests.TypedSnippetsTests" name="JsonSerializerSnippet_Deserialize" />
    </UnitTest>
    <UnitTest name="ContinuationTokenInHeader" storage="/home/runner/work/typespec/typespec/packages/http-client-csharp/generator/artifacts/bin/microsoft.typespec.generator.clientmodel.tests/debug/net8.0/microsoft.typespec.generator.clientmodel.tests.dll" id="db34eeaa-efd9-a237-f672-4430f6523b37">
      <Execution id="826561c6-b8b4-4d55-90e5-aa23b455e3ea" />
      <TestMethod codeBase="/home/runner/work/typespec/typespec/packages/http-client-csharp/generator/artifacts/bin/Microsoft.TypeSpec.Generator.ClientModel.Tests/Debug/net8.0/Microsoft.TypeSpec.Generator.ClientModel.Tests.dll" adapterTypeName="executor://nunit3testexecutor/" className="Microsoft.TypeSpec.Generator.ClientModel.Tests.Providers.CollectionResultDefinitions.ContinuationTokenTests" name="ContinuationTokenInHeader" />
    </UnitTest>
    <UnitTest name="TestBuildDeserializationMethod(Microsoft.TypeSpec.Generator.Input.InputUnionType,[&quot;string&quot;, &quot;double&quot;],[&quot;case global::System.Text.Json.JsonValueKind.String:&quot;, &quot;additionalProperties.Add(prop.Name, prop.Value.GetString());&quot;, &quot;case global::System.Text.Json.JsonValueKind.Number:&quot;, &quot;if (prop.Value.TryGetDouble(out double doubleValue))&quot;, &quot;additionalDoubleProperties.Add(prop.Name, doubleValue);&quot;])" storage="/home/runner/work/typespec/typespec/packages/http-client-csharp/generator/artifacts/bin/microsoft.typespec.generator.clientmodel.tests/debug/net8.0/microsoft.typespec.generator.clientmodel.tests.dll" id="ed030d81-00c3-b759-cae4-3bed7cfacbb0">
      <Execution id="09cd1726-72e4-4c3f-9b4c-861308ce792c" />
      <TestMethod codeBase="/home/runner/work/typespec/typespec/packages/http-client-csharp/generator/artifacts/bin/Microsoft.TypeSpec.Generator.ClientModel.Tests/Debug/net8.0/Microsoft.TypeSpec.Generator.ClientModel.Tests.dll" adapterTypeName="executor://nunit3testexecutor/" className="Microsoft.TypeSpec.Generator.ClientModel.Tests.Providers.MrwSerializationTypeDefinitions.AdditionalPropertiesTest" name="TestBuildDeserializationMethod(Microsoft.TypeSpec.Generator.Input.InputUnionType,[&quot;string&quot;, &quot;double&quot;],[&quot;case global::System.Text.Json.JsonValueKind.String:&quot;, &quot;additionalProperties.Add(prop.Name, prop.Value.GetString());&quot;, &quot;case global::System.Text.Json.JsonValueKind.Number:&quot;, &quot;if (prop.Value.TryGetDouble(out double doubleValue))&quot;, &quot;additionalDoubleProperties.Add(prop.Name, doubleValue);&quot;])" />
    </UnitTest>
    <UnitTest name="AppendQuery_Double(&quot;http://localhost&quot;,-3.14d,True,&quot;http://localhost/?query=-3.14&quot;)" storage="/home/runner/work/typespec/typespec/packages/http-client-csharp/generator/artifacts/bin/microsoft.typespec.generator.clientmodel.tests/debug/net8.0/microsoft.typespec.generator.clientmodel.tests.dll" id="69ee431b-6bac-d2c4-e189-76788a58176a">
      <Execution id="12df0afe-4a5a-41e4-b23f-ab6efbd9212f" />
      <TestMethod codeBase="/home/runner/work/typespec/typespec/packages/http-client-csharp/generator/artifacts/bin/Microsoft.TypeSpec.Generator.ClientModel.Tests/Debug/net8.0/Microsoft.TypeSpec.Generator.ClientModel.Tests.dll" adapterTypeName="executor://nunit3testexecutor/" className="Microsoft.TypeSpec.Generator.ClientModel.Tests.Providers.ClientUriBuilderTests" name="AppendQuery_Double(&quot;http://localhost&quot;,-3.14d,True,&quot;http://localhost/?query=-3.14&quot;)" />
    </UnitTest>
    <UnitTest name="ResetThenAppendPath(&quot;http://localhost/&quot;,&quot;/path/&quot;,&quot;http://localhost/path/&quot;)" storage="/home/runner/work/typespec/typespec/packages/http-client-csharp/generator/artifacts/bin/microsoft.typespec.generator.clientmodel.tests/debug/net8.0/microsoft.typespec.generator.clientmodel.tests.dll" id="c8f1d21a-34aa-5e25-3b35-46ddd198d9e4">
      <Execution id="aedb56c3-99ab-4258-80ff-33042f8a41cc" />
      <TestMethod codeBase="/home/runner/work/typespec/typespec/packages/http-client-csharp/generator/artifacts/bin/Microsoft.TypeSpec.Generator.ClientModel.Tests/Debug/net8.0/Microsoft.TypeSpec.Generator.ClientModel.Tests.dll" adapterTypeName="executor://nunit3testexecutor/" className="Microsoft.TypeSpec.Generator.ClientModel.Tests.Providers.ClientUriBuilderTests" name="ResetThenAppendPath(&quot;http://localhost/&quot;,&quot;/path/&quot;,&quot;http://localhost/path/&quot;)" />
    </UnitTest>
    <UnitTest name="TestBuildPersistableModelWriteMethod" storage="/home/runner/work/typespec/typespec/packages/http-client-csharp/generator/artifacts/bin/microsoft.typespec.generator.clientmodel.tests/debug/net8.0/microsoft.typespec.generator.clientmodel.tests.dll" id="61a0d16b-51d0-5d10-c277-49bd978ee4cb">
      <Execution id="1e1fd91e-8331-476b-912a-f96aa070fd08" />
      <TestMethod codeBase="/home/runner/work/typespec/typespec/packages/http-client-csharp/generator/artifacts/bin/Microsoft.TypeSpec.Generator.ClientModel.Tests/Debug/net8.0/Microsoft.TypeSpec.Generator.ClientModel.Tests.dll" adapterTypeName="executor://nunit3testexecutor/" className="Microsoft.TypeSpec.Generator.ClientModel.Tests.Providers.MrwSerializationTypeDefinitions.MrwSerializationTypeDefinitionTests" name="TestBuildPersistableModelWriteMethod" />
    </UnitTest>
    <UnitTest name="AppendQuery_Double(&quot;http://localhost&quot;,3.14d,True,&quot;http://localhost/?query=3.14&quot;)" storage="/home/runner/work/typespec/typespec/packages/http-client-csharp/generator/artifacts/bin/microsoft.typespec.generator.clientmodel.tests/debug/net8.0/microsoft.typespec.generator.clientmodel.tests.dll" id="11cd0334-f322-c646-5f36-1872a5a0e56e">
      <Execution id="11dff5e1-527e-4b5b-852a-3f11521c3e8b" />
      <TestMethod codeBase="/home/runner/work/typespec/typespec/packages/http-client-csharp/generator/artifacts/bin/Microsoft.TypeSpec.Generator.ClientModel.Tests/Debug/net8.0/Microsoft.TypeSpec.Generator.ClientModel.Tests.dll" adapterTypeName="executor://nunit3testexecutor/" className="Microsoft.TypeSpec.Generator.ClientModel.Tests.Providers.ClientUriBuilderTests" name="AppendQuery_Double(&quot;http://localhost&quot;,3.14d,True,&quot;http://localhost/?query=3.14&quot;)" />
    </UnitTest>
    <UnitTest name="FormatsDatesAsJson(&quot;U&quot;,05/04/2020 03:02:01 +00:00,&quot;1588561321&quot;)" storage="/home/runner/work/typespec/typespec/packages/http-client-csharp/generator/artifacts/bin/microsoft.typespec.generator.clientmodel.tests/debug/net8.0/microsoft.typespec.generator.clientmodel.tests.dll" id="5204db14-5078-94d9-d965-2ae6957489a4">
      <Execution id="7f7f2cba-3640-44bf-9692-07f08ec4c807" />
      <TestMethod codeBase="/home/runner/work/typespec/typespec/packages/http-client-csharp/generator/artifacts/bin/Microsoft.TypeSpec.Generator.ClientModel.Tests/Debug/net8.0/Microsoft.TypeSpec.Generator.ClientModel.Tests.dll" adapterTypeName="executor://nunit3testexecutor/" className="Microsoft.TypeSpec.Generator.ClientModel.Tests.Providers.TypeFormatterTests" name="FormatsDatesAsJson(&quot;U&quot;,05/04/2020 03:02:01 +00:00,&quot;1588561321&quot;)" />
    </UnitTest>
    <UnitTest name="TestBuildAuthFields_WithAuth(System.Collections.Generic.List`1[Microsoft.TypeSpec.Generator.Input.InputParameter])" storage="/home/runner/work/typespec/typespec/packages/http-client-csharp/generator/artifacts/bin/microsoft.typespec.generator.clientmodel.tests/debug/net8.0/microsoft.typespec.generator.clientmodel.tests.dll" id="3d064911-8ce4-9ebd-478b-8d7a42aeaa1a">
      <Execution id="3d756934-e301-415e-a6b7-a201f79680fc" />
      <TestMethod codeBase="/home/runner/work/typespec/typespec/packages/http-client-csharp/generator/artifacts/bin/Microsoft.TypeSpec.Generator.ClientModel.Tests/Debug/net8.0/Microsoft.TypeSpec.Generator.ClientModel.Tests.dll" adapterTypeName="executor://nunit3testexecutor/" className="Microsoft.TypeSpec.Generator.ClientModel.Tests.Providers.ClientProviders.ClientProviderTests" name="TestBuildAuthFields_WithAuth(System.Collections.Generic.List`1[Microsoft.TypeSpec.Generator.Input.InputParameter])" />
    </UnitTest>
    <UnitTest name="ValidateConvertToString(&quot;U&quot;,test,&quot;dGVzdA&quot;)" storage="/home/runner/work/typespec/typespec/packages/http-client-csharp/generator/artifacts/bin/microsoft.typespec.generator.clientmodel.tests/debug/net8.0/microsoft.typespec.generator.clientmodel.tests.dll" id="33209066-3de3-64a0-ea13-658396f21c88">
      <Execution id="1973b117-4cae-4b9a-a981-30285c85e309" />
      <TestMethod codeBase="/home/runner/work/typespec/typespec/packages/http-client-csharp/generator/artifacts/bin/Microsoft.TypeSpec.Generator.ClientModel.Tests/Debug/net8.0/Microsoft.TypeSpec.Generator.ClientModel.Tests.dll" adapterTypeName="executor://nunit3testexecutor/" className="Microsoft.TypeSpec.Generator.ClientModel.Tests.Providers.TypeFormatterTests" name="ValidateConvertToString(&quot;U&quot;,test,&quot;dGVzdA&quot;)" />
    </UnitTest>
    <UnitTest name="ResetThenAppendPath(&quot;http://localhost/with&quot;,&quot;/path/&quot;,&quot;http://localhost/with/path/&quot;)" storage="/home/runner/work/typespec/typespec/packages/http-client-csharp/generator/artifacts/bin/microsoft.typespec.generator.clientmodel.tests/debug/net8.0/microsoft.typespec.generator.clientmodel.tests.dll" id="6a9d48da-ce15-7c73-da5e-020c6bba6713">
      <Execution id="7d4b0d1d-dd3f-4540-86e4-8b5dc1e1c503" />
      <TestMethod codeBase="/home/runner/work/typespec/typespec/packages/http-client-csharp/generator/artifacts/bin/Microsoft.TypeSpec.Generator.ClientModel.Tests/Debug/net8.0/Microsoft.TypeSpec.Generator.ClientModel.Tests.dll" adapterTypeName="executor://nunit3testexecutor/" className="Microsoft.TypeSpec.Generator.ClientModel.Tests.Providers.ClientUriBuilderTests" name="ResetThenAppendPath(&quot;http://localhost/with&quot;,&quot;/path/&quot;,&quot;http://localhost/with/path/&quot;)" />
    </UnitTest>
    <UnitTest name="AppendPath_DateTimeOffset(&quot;http://localhost&quot;,&quot;6/30/1905 1:14:00 PM +00:00&quot;,&quot;O&quot;,False,&quot;http://localhost/1905-06-30T13:14:00.0000000Z&quot;)" storage="/home/runner/work/typespec/typespec/packages/http-client-csharp/generator/artifacts/bin/microsoft.typespec.generator.clientmodel.tests/debug/net8.0/microsoft.typespec.generator.clientmodel.tests.dll" id="87d61092-b49e-e6da-181a-7f8834a22795">
      <Execution id="f03f4d28-4aa1-4808-a358-181230973cd4" />
      <TestMethod codeBase="/home/runner/work/typespec/typespec/packages/http-client-csharp/generator/artifacts/bin/Microsoft.TypeSpec.Generator.ClientModel.Tests/Debug/net8.0/Microsoft.TypeSpec.Generator.ClientModel.Tests.dll" adapterTypeName="executor://nunit3testexecutor/" className="Microsoft.TypeSpec.Generator.ClientModel.Tests.Providers.ClientUriBuilderTests" name="AppendPath_DateTimeOffset(&quot;http://localhost&quot;,&quot;6/30/1905 1:14:00 PM +00:00&quot;,&quot;O&quot;,False,&quot;http://localhost/1905-06-30T13:14:00.0000000Z&quot;)" />
    </UnitTest>
    <UnitTest name="TestBuildJsonModelWriteCore(Microsoft.TypeSpec.Generator.Input.InputUnionType)" storage="/home/runner/work/typespec/typespec/packages/http-client-csharp/generator/artifacts/bin/microsoft.typespec.generator.clientmodel.tests/debug/net8.0/microsoft.typespec.generator.clientmodel.tests.dll" id="0e78e6c8-d302-cfca-dc84-e91db65a3135">
      <Execution id="bb53dfe2-d372-459a-a02c-5da522c419c5" />
      <TestMethod codeBase="/home/runner/work/typespec/typespec/packages/http-client-csharp/generator/artifacts/bin/Microsoft.TypeSpec.Generator.ClientModel.Tests/Debug/net8.0/Microsoft.TypeSpec.Generator.ClientModel.Tests.dll" adapterTypeName="executor://nunit3testexecutor/" className="Microsoft.TypeSpec.Generator.ClientModel.Tests.Providers.MrwSerializationTypeDefinitions.AdditionalPropertiesTest" name="TestBuildJsonModelWriteCore(Microsoft.TypeSpec.Generator.Input.InputUnionType)" />
    </UnitTest>
    <UnitTest name="RoundTripWithModelInterfaceNonGeneric(&quot;W&quot;)" storage="/home/runner/work/typespec/typespec/packages/http-client-csharp/generator/artifacts/bin/microsoft.typespec.generator.clientmodel.tests/debug/net8.0/microsoft.typespec.generator.clientmodel.tests.dll" id="842ea89f-d86d-2b60-9c71-dee6ace08cf1">
      <Execution id="0dedfdc4-6d26-48cc-934b-132eef7c7cd9" />
      <TestMethod codeBase="/home/runner/work/typespec/typespec/packages/http-client-csharp/generator/artifacts/bin/Microsoft.TypeSpec.Generator.ClientModel.Tests/Debug/net8.0/Microsoft.TypeSpec.Generator.ClientModel.Tests.dll" adapterTypeName="executor://nunit3testexecutor/" className="Microsoft.TypeSpec.Generator.ClientModel.Tests.ModelReaderWriterValidation.TestProjects.Sample_TypeSpec.RoundTripModelTests" name="RoundTripWithModelInterfaceNonGeneric(&quot;W&quot;)" />
    </UnitTest>
    <UnitTest name="TestBuildJsonModelCreateMethod" storage="/home/runner/work/typespec/typespec/packages/http-client-csharp/generator/artifacts/bin/microsoft.typespec.generator.clientmodel.tests/debug/net8.0/microsoft.typespec.generator.clientmodel.tests.dll" id="3b4a943d-7746-2ac4-aa4d-084a76bc5ce0">
      <Execution id="1ad72a71-e505-4878-9ae1-1804a82b81ae" />
      <TestMethod codeBase="/home/runner/work/typespec/typespec/packages/http-client-csharp/generator/artifacts/bin/Microsoft.TypeSpec.Generator.ClientModel.Tests/Debug/net8.0/Microsoft.TypeSpec.Generator.ClientModel.Tests.dll" adapterTypeName="executor://nunit3testexecutor/" className="Microsoft.TypeSpec.Generator.ClientModel.Tests.Providers.MrwSerializationTypeDefinitions.MrwSerializationTypeDefinitionTests" name="TestBuildJsonModelCreateMethod" />
    </UnitTest>
    <UnitTest name="RoundTripWithModelReaderWriter(&quot;W&quot;)" storage="/home/runner/work/typespec/typespec/packages/http-client-csharp/generator/artifacts/bin/microsoft.typespec.generator.clientmodel.tests/debug/net8.0/microsoft.typespec.generator.clientmodel.tests.dll" id="497952da-8550-fce8-7520-c78629959b53">
      <Execution id="bc520ecd-0cf3-46b1-9d7e-c58cd8b5dcb9" />
      <TestMethod codeBase="/home/runner/work/typespec/typespec/packages/http-client-csharp/generator/artifacts/bin/Microsoft.TypeSpec.Generator.ClientModel.Tests/Debug/net8.0/Microsoft.TypeSpec.Generator.ClientModel.Tests.dll" adapterTypeName="executor://nunit3testexecutor/" className="Microsoft.TypeSpec.Generator.ClientModel.Tests.ModelReaderWriterValidation.TestProjects.Sample_TypeSpec.RenamedModelTests" name="RoundTripWithModelReaderWriter(&quot;W&quot;)" />
    </UnitTest>
    <UnitTest name="EndpointFieldAssignedFromStringParameter(&quot;{endpoint}&quot;,&quot;endpoint&quot;)" storage="/home/runner/work/typespec/typespec/packages/http-client-csharp/generator/artifacts/bin/microsoft.typespec.generator.clientmodel.tests/debug/net8.0/microsoft.typespec.generator.clientmodel.tests.dll" id="7904d1b1-607e-2d6f-5674-db51ba40f01a">
      <Execution id="b4bbc62b-ec80-471f-ae70-01353fc2bf86" />
      <TestMethod codeBase="/home/runner/work/typespec/typespec/packages/http-client-csharp/generator/artifacts/bin/Microsoft.TypeSpec.Generator.ClientModel.Tests/Debug/net8.0/Microsoft.TypeSpec.Generator.ClientModel.Tests.dll" adapterTypeName="executor://nunit3testexecutor/" className="Microsoft.TypeSpec.Generator.ClientModel.Tests.Providers.ClientProviders.ClientProviderTests" name="EndpointFieldAssignedFromStringParameter(&quot;{endpoint}&quot;,&quot;endpoint&quot;)" />
    </UnitTest>
    <UnitTest name="TestGetClientOptions(True)" storage="/home/runner/work/typespec/typespec/packages/http-client-csharp/generator/artifacts/bin/microsoft.typespec.generator.clientmodel.tests/debug/net8.0/microsoft.typespec.generator.clientmodel.tests.dll" id="cf012cb4-e83d-1909-fc0f-f01c58e7a4d2">
      <Execution id="065f7e29-f57f-4fc7-bfc0-464f80e95661" />
      <TestMethod codeBase="/home/runner/work/typespec/typespec/packages/http-client-csharp/generator/artifacts/bin/Microsoft.TypeSpec.Generator.ClientModel.Tests/Debug/net8.0/Microsoft.TypeSpec.Generator.ClientModel.Tests.dll" adapterTypeName="executor://nunit3testexecutor/" className="Microsoft.TypeSpec.Generator.ClientModel.Tests.Providers.ClientProviders.ClientProviderTests" name="TestGetClientOptions(True)" />
    </UnitTest>
    <UnitTest name="TestDeserializationStatement(Microsoft.TypeSpec.Generator.Input.InputModelProperty,False,False)" storage="/home/runner/work/typespec/typespec/packages/http-client-csharp/generator/artifacts/bin/microsoft.typespec.generator.clientmodel.tests/debug/net8.0/microsoft.typespec.generator.clientmodel.tests.dll" id="4475f251-65dc-0f4a-1b5f-4a7a6bbd208c">
      <Execution id="5778ab85-810a-4d7f-b7fa-4e0c5b506422" />
      <TestMethod codeBase="/home/runner/work/typespec/typespec/packages/http-client-csharp/generator/artifacts/bin/Microsoft.TypeSpec.Generator.ClientModel.Tests/Debug/net8.0/Microsoft.TypeSpec.Generator.ClientModel.Tests.dll" adapterTypeName="executor://nunit3testexecutor/" className="Microsoft.TypeSpec.Generator.ClientModel.Tests.Providers.MrwSerializationTypeDefinitions.DeserializationTests" name="TestDeserializationStatement(Microsoft.TypeSpec.Generator.Input.InputModelProperty,False,False)" />
    </UnitTest>
    <UnitTest name="CanChangeClientNamespace" storage="/home/runner/work/typespec/typespec/packages/http-client-csharp/generator/artifacts/bin/microsoft.typespec.generator.clientmodel.tests/debug/net8.0/microsoft.typespec.generator.clientmodel.tests.dll" id="e7665736-9460-afaf-265e-f237f6e8192a">
      <Execution id="d0abc317-c627-42f2-8641-d9d793ac193c" />
      <TestMethod codeBase="/home/runner/work/typespec/typespec/packages/http-client-csharp/generator/artifacts/bin/Microsoft.TypeSpec.Generator.ClientModel.Tests/Debug/net8.0/Microsoft.TypeSpec.Generator.ClientModel.Tests.dll" adapterTypeName="executor://nunit3testexecutor/" className="Microsoft.TypeSpec.Generator.ClientModel.Tests.Providers.ClientProviders.RestClientProviderCustomizationTests" name="CanChangeClientNamespace" />
    </UnitTest>
    <UnitTest name="DeserializeStruct" storage="/home/runner/work/typespec/typespec/packages/http-client-csharp/generator/artifacts/bin/microsoft.typespec.generator.clientmodel.tests/debug/net8.0/microsoft.typespec.generator.clientmodel.tests.dll" id="b34d9c33-6985-e559-8358-fd1a34fee8fa">
      <Execution id="1e182f1d-43ae-4582-8e56-803f070d3b45" />
      <TestMethod codeBase="/home/runner/work/typespec/typespec/packages/http-client-csharp/generator/artifacts/bin/Microsoft.TypeSpec.Generator.ClientModel.Tests/Debug/net8.0/Microsoft.TypeSpec.Generator.ClientModel.Tests.dll" adapterTypeName="executor://nunit3testexecutor/" className="Microsoft.TypeSpec.Generator.ClientModel.Tests.Providers.MrwSerializationTypeDefinitions.DeserializationTests" name="DeserializeStruct" />
    </UnitTest>
    <UnitTest name="TestBuildAuthFields_NoAuth(System.Collections.Generic.List`1[Microsoft.TypeSpec.Generator.Input.InputParameter])" storage="/home/runner/work/typespec/typespec/packages/http-client-csharp/generator/artifacts/bin/microsoft.typespec.generator.clientmodel.tests/debug/net8.0/microsoft.typespec.generator.clientmodel.tests.dll" id="3e51833d-f117-3a73-25e0-3ddbb4fb98e4">
      <Execution id="18ece4d7-b715-448b-8b48-5cc9ccf72f73" />
      <TestMethod codeBase="/home/runner/work/typespec/typespec/packages/http-client-csharp/generator/artifacts/bin/Microsoft.TypeSpec.Generator.ClientModel.Tests/Debug/net8.0/Microsoft.TypeSpec.Generator.ClientModel.Tests.dll" adapterTypeName="executor://nunit3testexecutor/" className="Microsoft.TypeSpec.Generator.ClientModel.Tests.Providers.ClientProviders.ClientProviderTests" name="TestBuildAuthFields_NoAuth(System.Collections.Generic.List`1[Microsoft.TypeSpec.Generator.Input.InputParameter])" />
    </UnitTest>
    <UnitTest name="FormatsTimeSpanAsJson(&quot;P&quot;,1.02:59:59,&quot;P1DT2H59M59S&quot;)" storage="/home/runner/work/typespec/typespec/packages/http-client-csharp/generator/artifacts/bin/microsoft.typespec.generator.clientmodel.tests/debug/net8.0/microsoft.typespec.generator.clientmodel.tests.dll" id="d57e935f-56fe-04b0-88db-49c67d440c2e">
      <Execution id="67ed1203-c55f-430a-9ce2-4f4f8b11a7df" />
      <TestMethod codeBase="/home/runner/work/typespec/typespec/packages/http-client-csharp/generator/artifacts/bin/Microsoft.TypeSpec.Generator.ClientModel.Tests/Debug/net8.0/Microsoft.TypeSpec.Generator.ClientModel.Tests.dll" adapterTypeName="executor://nunit3testexecutor/" className="Microsoft.TypeSpec.Generator.ClientModel.Tests.Providers.TypeFormatterTests" name="FormatsTimeSpanAsJson(&quot;P&quot;,1.02:59:59,&quot;P1DT2H59M59S&quot;)" />
    </UnitTest>
    <UnitTest name="ResetThenAppendPath(&quot;http://localhost/with/&quot;,&quot;/path/&quot;,&quot;http://localhost/with/path/&quot;)" storage="/home/runner/work/typespec/typespec/packages/http-client-csharp/generator/artifacts/bin/microsoft.typespec.generator.clientmodel.tests/debug/net8.0/microsoft.typespec.generator.clientmodel.tests.dll" id="5df8c735-ee70-086b-4ece-801e17a288cc">
      <Execution id="193e5f0f-bef7-477e-8fa2-fe18491e0ef1" />
      <TestMethod codeBase="/home/runner/work/typespec/typespec/packages/http-client-csharp/generator/artifacts/bin/Microsoft.TypeSpec.Generator.ClientModel.Tests/Debug/net8.0/Microsoft.TypeSpec.Generator.ClientModel.Tests.dll" adapterTypeName="executor://nunit3testexecutor/" className="Microsoft.TypeSpec.Generator.ClientModel.Tests.Providers.ClientUriBuilderTests" name="ResetThenAppendPath(&quot;http://localhost/with/&quot;,&quot;/path/&quot;,&quot;http://localhost/with/path/&quot;)" />
    </UnitTest>
    <UnitTest name="ValidateConvertToString(&quot;O&quot;,12/31/9999 23:59:59 +00:00,&quot;9999-12-31T23:59:59.9999999Z&quot;)" storage="/home/runner/work/typespec/typespec/packages/http-client-csharp/generator/artifacts/bin/microsoft.typespec.generator.clientmodel.tests/debug/net8.0/microsoft.typespec.generator.clientmodel.tests.dll" id="4eacd397-5546-4e42-e68f-700bea3cfca6">
      <Execution id="1a4d307b-c728-44ce-8fc5-78da647016a7" />
      <TestMethod codeBase="/home/runner/work/typespec/typespec/packages/http-client-csharp/generator/artifacts/bin/Microsoft.TypeSpec.Generator.ClientModel.Tests/Debug/net8.0/Microsoft.TypeSpec.Generator.ClientModel.Tests.dll" adapterTypeName="executor://nunit3testexecutor/" className="Microsoft.TypeSpec.Generator.ClientModel.Tests.Providers.TypeFormatterTests" name="ValidateConvertToString(&quot;O&quot;,12/31/9999 23:59:59 +00:00,&quot;9999-12-31T23:59:59.9999999Z&quot;)" />
    </UnitTest>
    <UnitTest name="CanCustomizeLiteralExtensibleEnum(Microsoft.TypeSpec.Generator.Input.InputLiteralType)" storage="/home/runner/work/typespec/typespec/packages/http-client-csharp/generator/artifacts/bin/microsoft.typespec.generator.clientmodel.tests/debug/net8.0/microsoft.typespec.generator.clientmodel.tests.dll" id="43f1300e-f020-7c17-c8a6-2b28700085f2">
      <Execution id="ae938f40-b1f3-4c73-ac60-e20191cdc5b6" />
      <TestMethod codeBase="/home/runner/work/typespec/typespec/packages/http-client-csharp/generator/artifacts/bin/Microsoft.TypeSpec.Generator.ClientModel.Tests/Debug/net8.0/Microsoft.TypeSpec.Generator.ClientModel.Tests.dll" adapterTypeName="executor://nunit3testexecutor/" className="Microsoft.TypeSpec.Generator.ClientModel.Tests.Providers.MrwSerializationTypeDefinitions.SerializationCustomizationTests" name="CanCustomizeLiteralExtensibleEnum(Microsoft.TypeSpec.Generator.Input.InputLiteralType)" />
    </UnitTest>
    <UnitTest name="AppendQuery_Float(&quot;http://localhost&quot;,3.14f,False,&quot;http://localhost/?query=3.14&quot;)" storage="/home/runner/work/typespec/typespec/packages/http-client-csharp/generator/artifacts/bin/microsoft.typespec.generator.clientmodel.tests/debug/net8.0/microsoft.typespec.generator.clientmodel.tests.dll" id="d341eb56-4b23-b767-48eb-8a58e9956c80">
      <Execution id="91375c81-197e-4402-ac3e-61578ca58258" />
      <TestMethod codeBase="/home/runner/work/typespec/typespec/packages/http-client-csharp/generator/artifacts/bin/Microsoft.TypeSpec.Generator.ClientModel.Tests/Debug/net8.0/Microsoft.TypeSpec.Generator.ClientModel.Tests.dll" adapterTypeName="executor://nunit3testexecutor/" className="Microsoft.TypeSpec.Generator.ClientModel.Tests.Providers.ClientUriBuilderTests" name="AppendQuery_Float(&quot;http://localhost&quot;,3.14f,False,&quot;http://localhost/?query=3.14&quot;)" />
    </UnitTest>
    <UnitTest name="RoundTripWithModelReaderWriterNonGeneric(&quot;J&quot;)" storage="/home/runner/work/typespec/typespec/packages/http-client-csharp/generator/artifacts/bin/microsoft.typespec.generator.clientmodel.tests/debug/net8.0/microsoft.typespec.generator.clientmodel.tests.dll" id="7c3720c5-94a3-4796-f141-9da3b939ea0f">
      <Execution id="95c78332-2c59-485d-ab4a-d602b484dc4c" />
      <TestMethod codeBase="/home/runner/work/typespec/typespec/packages/http-client-csharp/generator/artifacts/bin/Microsoft.TypeSpec.Generator.ClientModel.Tests/Debug/net8.0/Microsoft.TypeSpec.Generator.ClientModel.Tests.dll" adapterTypeName="executor://nunit3testexecutor/" className="Microsoft.TypeSpec.Generator.ClientModel.Tests.ModelReaderWriterValidation.TestProjects.Sample_TypeSpec.FriendTests" name="RoundTripWithModelReaderWriterNonGeneric(&quot;J&quot;)" />
    </UnitTest>
    <UnitTest name="AppendPath_Float(&quot;http://localhost&quot;,3.14f,False,&quot;http://localhost/3.14&quot;)" storage="/home/runner/work/typespec/typespec/packages/http-client-csharp/generator/artifacts/bin/microsoft.typespec.generator.clientmodel.tests/debug/net8.0/microsoft.typespec.generator.clientmodel.tests.dll" id="e40e07d2-876d-1f57-b753-1a1606f1526f">
      <Execution id="17f3b56c-7082-41f4-9bae-2276af33aea7" />
      <TestMethod codeBase="/home/runner/work/typespec/typespec/packages/http-client-csharp/generator/artifacts/bin/Microsoft.TypeSpec.Generator.ClientModel.Tests/Debug/net8.0/Microsoft.TypeSpec.Generator.ClientModel.Tests.dll" adapterTypeName="executor://nunit3testexecutor/" className="Microsoft.TypeSpec.Generator.ClientModel.Tests.Providers.ClientUriBuilderTests" name="AppendPath_Float(&quot;http://localhost&quot;,3.14f,False,&quot;http://localhost/3.14&quot;)" />
    </UnitTest>
    <UnitTest name="TestEqualAfterConvertingToUtc(&quot;2020-05-04T03:02:01.1230000&quot;)" storage="/home/runner/work/typespec/typespec/packages/http-client-csharp/generator/artifacts/bin/microsoft.typespec.generator.clientmodel.tests/debug/net8.0/microsoft.typespec.generator.clientmodel.tests.dll" id="756b8d5a-da58-e698-7688-1e61968366ee">
      <Execution id="55b86b1b-4800-4220-af47-3861abc0a424" />
      <TestMethod codeBase="/home/runner/work/typespec/typespec/packages/http-client-csharp/generator/artifacts/bin/Microsoft.TypeSpec.Generator.ClientModel.Tests/Debug/net8.0/Microsoft.TypeSpec.Generator.ClientModel.Tests.dll" adapterTypeName="executor://nunit3testexecutor/" className="Microsoft.TypeSpec.Generator.ClientModel.Tests.Providers.TypeFormatterTests" name="TestEqualAfterConvertingToUtc(&quot;2020-05-04T03:02:01.1230000&quot;)" />
    </UnitTest>
    <UnitTest name="ResetThenAppendPath(&quot;http://localhost:12345/with/&quot;,null,&quot;http://localhost:12345/with/&quot;)" storage="/home/runner/work/typespec/typespec/packages/http-client-csharp/generator/artifacts/bin/microsoft.typespec.generator.clientmodel.tests/debug/net8.0/microsoft.typespec.generator.clientmodel.tests.dll" id="e11309ac-b0a6-8c39-60d7-dba8677b0b69">
      <Execution id="6b7ea49e-3619-44e2-9046-f5ad0047020a" />
      <TestMethod codeBase="/home/runner/work/typespec/typespec/packages/http-client-csharp/generator/artifacts/bin/Microsoft.TypeSpec.Generator.ClientModel.Tests/Debug/net8.0/Microsoft.TypeSpec.Generator.ClientModel.Tests.dll" adapterTypeName="executor://nunit3testexecutor/" className="Microsoft.TypeSpec.Generator.ClientModel.Tests.Providers.ClientUriBuilderTests" name="ResetThenAppendPath(&quot;http://localhost:12345/with/&quot;,null,&quot;http://localhost:12345/with/&quot;)" />
    </UnitTest>
    <UnitTest name="EndpointFieldAssignedFromUriParameter" storage="/home/runner/work/typespec/typespec/packages/http-client-csharp/generator/artifacts/bin/microsoft.typespec.generator.clientmodel.tests/debug/net8.0/microsoft.typespec.generator.clientmodel.tests.dll" id="975aab6a-b3f2-b4e7-05ec-c104b83f4704">
      <Execution id="d2f0d352-cdfb-4497-bada-bdc88e99b4d4" />
      <TestMethod codeBase="/home/runner/work/typespec/typespec/packages/http-client-csharp/generator/artifacts/bin/Microsoft.TypeSpec.Generator.ClientModel.Tests/Debug/net8.0/Microsoft.TypeSpec.Generator.ClientModel.Tests.dll" adapterTypeName="executor://nunit3testexecutor/" className="Microsoft.TypeSpec.Generator.ClientModel.Tests.Providers.ClientProviders.ClientProviderTests" name="EndpointFieldAssignedFromUriParameter" />
    </UnitTest>
    <UnitTest name="AppendPath_Double(&quot;http://localhost&quot;,-3.14d,False,&quot;http://localhost/-3.14&quot;)" storage="/home/runner/work/typespec/typespec/packages/http-client-csharp/generator/artifacts/bin/microsoft.typespec.generator.clientmodel.tests/debug/net8.0/microsoft.typespec.generator.clientmodel.tests.dll" id="7bb6cf57-3b02-b6a7-9bfb-642a63859d02">
      <Execution id="480665b1-34b9-471f-9503-a5dc4e2194f9" />
      <TestMethod codeBase="/home/runner/work/typespec/typespec/packages/http-client-csharp/generator/artifacts/bin/Microsoft.TypeSpec.Generator.ClientModel.Tests/Debug/net8.0/Microsoft.TypeSpec.Generator.ClientModel.Tests.dll" adapterTypeName="executor://nunit3testexecutor/" className="Microsoft.TypeSpec.Generator.ClientModel.Tests.Providers.ClientUriBuilderTests" name="AppendPath_Double(&quot;http://localhost&quot;,-3.14d,False,&quot;http://localhost/-3.14&quot;)" />
    </UnitTest>
    <UnitTest name="ResetThenAppendPathThenAppendQuery(&quot;http://localhost:12345&quot;,&quot;/some&quot;,&quot;one|1|two|2&quot;,&quot;http://localhost:12345/some?one=1&amp;two=2&quot;)" storage="/home/runner/work/typespec/typespec/packages/http-client-csharp/generator/artifacts/bin/microsoft.typespec.generator.clientmodel.tests/debug/net8.0/microsoft.typespec.generator.clientmodel.tests.dll" id="88584719-7016-3e9e-c1c5-28b497cc6d24">
      <Execution id="dcf52e0d-ee5a-45dd-af2c-44673ddfa668" />
      <TestMethod codeBase="/home/runner/work/typespec/typespec/packages/http-client-csharp/generator/artifacts/bin/Microsoft.TypeSpec.Generator.ClientModel.Tests/Debug/net8.0/Microsoft.TypeSpec.Generator.ClientModel.Tests.dll" adapterTypeName="executor://nunit3testexecutor/" className="Microsoft.TypeSpec.Generator.ClientModel.Tests.Providers.ClientUriBuilderTests" name="ResetThenAppendPathThenAppendQuery(&quot;http://localhost:12345&quot;,&quot;/some&quot;,&quot;one|1|two|2&quot;,&quot;http://localhost:12345/some?one=1&amp;two=2&quot;)" />
    </UnitTest>
    <UnitTest name="TestImplements" storage="/home/runner/work/typespec/typespec/packages/http-client-csharp/generator/artifacts/bin/microsoft.typespec.generator.clientmodel.tests/debug/net8.0/microsoft.typespec.generator.clientmodel.tests.dll" id="2373c0bd-121c-20ca-d30b-76178bf4018a">
      <Execution id="74493ed7-1ce0-4d1a-8712-1790122711cb" />
      <TestMethod codeBase="/home/runner/work/typespec/typespec/packages/http-client-csharp/generator/artifacts/bin/Microsoft.TypeSpec.Generator.ClientModel.Tests/Debug/net8.0/Microsoft.TypeSpec.Generator.ClientModel.Tests.dll" adapterTypeName="executor://nunit3testexecutor/" className="Microsoft.TypeSpec.Generator.ClientModel.Tests.Providers.ClientOptionsProviderTests" name="TestImplements" />
    </UnitTest>
    <UnitTest name="AppendPath_Bool(&quot;http://localhost&quot;,False,False,&quot;http://localhost/false&quot;)" storage="/home/runner/work/typespec/typespec/packages/http-client-csharp/generator/artifacts/bin/microsoft.typespec.generator.clientmodel.tests/debug/net8.0/microsoft.typespec.generator.clientmodel.tests.dll" id="a9afc559-32b2-53d2-9918-0db87b84238e">
      <Execution id="bd027286-5332-4635-b93e-e7c6320d7a99" />
      <TestMethod codeBase="/home/runner/work/typespec/typespec/packages/http-client-csharp/generator/artifacts/bin/Microsoft.TypeSpec.Generator.ClientModel.Tests/Debug/net8.0/Microsoft.TypeSpec.Generator.ClientModel.Tests.dll" adapterTypeName="executor://nunit3testexecutor/" className="Microsoft.TypeSpec.Generator.ClientModel.Tests.Providers.ClientUriBuilderTests" name="AppendPath_Bool(&quot;http://localhost&quot;,False,False,&quot;http://localhost/false&quot;)" />
    </UnitTest>
    <UnitTest name="TestIntSerializationStatement(Integer,null)" storage="/home/runner/work/typespec/typespec/packages/http-client-csharp/generator/artifacts/bin/microsoft.typespec.generator.clientmodel.tests/debug/net8.0/microsoft.typespec.generator.clientmodel.tests.dll" id="5cb75f93-582a-f23d-368f-fc8ebba62e48">
      <Execution id="41c577f2-3310-4bc9-8f58-6b4796fff562" />
      <TestMethod codeBase="/home/runner/work/typespec/typespec/packages/http-client-csharp/generator/artifacts/bin/Microsoft.TypeSpec.Generator.ClientModel.Tests/Debug/net8.0/Microsoft.TypeSpec.Generator.ClientModel.Tests.dll" adapterTypeName="executor://nunit3testexecutor/" className="Microsoft.TypeSpec.Generator.ClientModel.Tests.Providers.MrwSerializationTypeDefinitions.MrwSerializationTypeDefinitionTests" name="TestIntSerializationStatement(Integer,null)" />
    </UnitTest>
    <UnitTest name="AppendQuery_Long(&quot;http://localhost&quot;,299792458000000L,True,&quot;http://localhost/?query=299792458000000&quot;)" storage="/home/runner/work/typespec/typespec/packages/http-client-csharp/generator/artifacts/bin/microsoft.typespec.generator.clientmodel.tests/debug/net8.0/microsoft.typespec.generator.clientmodel.tests.dll" id="7dbd18e0-0b4f-c7d2-d7c9-de0e1796dbfb">
      <Execution id="cc094f18-af58-4058-9677-a2ae61011377" />
      <TestMethod codeBase="/home/runner/work/typespec/typespec/packages/http-client-csharp/generator/artifacts/bin/Microsoft.TypeSpec.Generator.ClientModel.Tests/Debug/net8.0/Microsoft.TypeSpec.Generator.ClientModel.Tests.dll" adapterTypeName="executor://nunit3testexecutor/" className="Microsoft.TypeSpec.Generator.ClientModel.Tests.Providers.ClientUriBuilderTests" name="AppendQuery_Long(&quot;http://localhost&quot;,299792458000000L,True,&quot;http://localhost/?query=299792458000000&quot;)" />
    </UnitTest>
    <UnitTest name="ResetThenAppendPath(&quot;http://localhost:12345/with&quot;,null,&quot;http://localhost:12345/with&quot;)" storage="/home/runner/work/typespec/typespec/packages/http-client-csharp/generator/artifacts/bin/microsoft.typespec.generator.clientmodel.tests/debug/net8.0/microsoft.typespec.generator.clientmodel.tests.dll" id="3de26f97-04f3-7779-840b-49de49e85f73">
      <Execution id="c7f6a85a-f46d-4d92-81d0-132b1bd97091" />
      <TestMethod codeBase="/home/runner/work/typespec/typespec/packages/http-client-csharp/generator/artifacts/bin/Microsoft.TypeSpec.Generator.ClientModel.Tests/Debug/net8.0/Microsoft.TypeSpec.Generator.ClientModel.Tests.dll" adapterTypeName="executor://nunit3testexecutor/" className="Microsoft.TypeSpec.Generator.ClientModel.Tests.Providers.ClientUriBuilderTests" name="ResetThenAppendPath(&quot;http://localhost:12345/with&quot;,null,&quot;http://localhost:12345/with&quot;)" />
    </UnitTest>
    <UnitTest name="AppendQuery_Int(&quot;http://localhost&quot;,299792458,False,&quot;http://localhost/?query=299792458&quot;)" storage="/home/runner/work/typespec/typespec/packages/http-client-csharp/generator/artifacts/bin/microsoft.typespec.generator.clientmodel.tests/debug/net8.0/microsoft.typespec.generator.clientmodel.tests.dll" id="3d1620ff-198d-50c6-b337-596fac219ddf">
      <Execution id="5422e8e4-ede4-4d90-9aac-a9187aada437" />
      <TestMethod codeBase="/home/runner/work/typespec/typespec/packages/http-client-csharp/generator/artifacts/bin/Microsoft.TypeSpec.Generator.ClientModel.Tests/Debug/net8.0/Microsoft.TypeSpec.Generator.ClientModel.Tests.dll" adapterTypeName="executor://nunit3testexecutor/" className="Microsoft.TypeSpec.Generator.ClientModel.Tests.Providers.ClientUriBuilderTests" name="AppendQuery_Int(&quot;http://localhost&quot;,299792458,False,&quot;http://localhost/?query=299792458&quot;)" />
    </UnitTest>
    <UnitTest name="RoundTripWithModelReaderWriterNonGeneric(&quot;J&quot;)" storage="/home/runner/work/typespec/typespec/packages/http-client-csharp/generator/artifacts/bin/microsoft.typespec.generator.clientmodel.tests/debug/net8.0/microsoft.typespec.generator.clientmodel.tests.dll" id="48fd316c-30a1-09ce-b3db-3f8f54806915">
      <Execution id="aa4033ba-b6d3-48f4-b75c-e8aedafce07b" />
      <TestMethod codeBase="/home/runner/work/typespec/typespec/packages/http-client-csharp/generator/artifacts/bin/Microsoft.TypeSpec.Generator.ClientModel.Tests/Debug/net8.0/Microsoft.TypeSpec.Generator.ClientModel.Tests.dll" adapterTypeName="executor://nunit3testexecutor/" className="Microsoft.TypeSpec.Generator.ClientModel.Tests.ModelReaderWriterValidation.TestProjects.Sample_TypeSpec.ThingWithNullsTests" name="RoundTripWithModelReaderWriterNonGeneric(&quot;J&quot;)" />
    </UnitTest>
    <UnitTest name="AppendPath_Bool(&quot;http://localhost&quot;,True,False,&quot;http://localhost/true&quot;)" storage="/home/runner/work/typespec/typespec/packages/http-client-csharp/generator/artifacts/bin/microsoft.typespec.generator.clientmodel.tests/debug/net8.0/microsoft.typespec.generator.clientmodel.tests.dll" id="b7cb028a-5759-3a16-c636-c03c5b445e0f">
      <Execution id="c7789a0e-2a92-47a6-9dd8-dfbab42cb776" />
      <TestMethod codeBase="/home/runner/work/typespec/typespec/packages/http-client-csharp/generator/artifacts/bin/Microsoft.TypeSpec.Generator.ClientModel.Tests/Debug/net8.0/Microsoft.TypeSpec.Generator.ClientModel.Tests.dll" adapterTypeName="executor://nunit3testexecutor/" className="Microsoft.TypeSpec.Generator.ClientModel.Tests.Providers.ClientUriBuilderTests" name="AppendPath_Bool(&quot;http://localhost&quot;,True,False,&quot;http://localhost/true&quot;)" />
    </UnitTest>
    <UnitTest name="ResetThenAppendQueryThenAppendPath(&quot;http://localhost&quot;,&quot;some/&quot;,&quot;one|1|two|2&quot;,&quot;http://localhost/some/?one=1&amp;two=2&quot;)" storage="/home/runner/work/typespec/typespec/packages/http-client-csharp/generator/artifacts/bin/microsoft.typespec.generator.clientmodel.tests/debug/net8.0/microsoft.typespec.generator.clientmodel.tests.dll" id="e3ab55ff-d050-071c-735b-0ca651c32877">
      <Execution id="2fdc1644-f1aa-4406-8f5d-6cb80dd4ccee" />
      <TestMethod codeBase="/home/runner/work/typespec/typespec/packages/http-client-csharp/generator/artifacts/bin/Microsoft.TypeSpec.Generator.ClientModel.Tests/Debug/net8.0/Microsoft.TypeSpec.Generator.ClientModel.Tests.dll" adapterTypeName="executor://nunit3testexecutor/" className="Microsoft.TypeSpec.Generator.ClientModel.Tests.Providers.ClientUriBuilderTests" name="ResetThenAppendQueryThenAppendPath(&quot;http://localhost&quot;,&quot;some/&quot;,&quot;one|1|two|2&quot;,&quot;http://localhost/some/?one=1&amp;two=2&quot;)" />
    </UnitTest>
    <UnitTest name="RoundTripWithJsonInterfaceUtf8Reader(&quot;J&quot;)" storage="/home/runner/work/typespec/typespec/packages/http-client-csharp/generator/artifacts/bin/microsoft.typespec.generator.clientmodel.tests/debug/net8.0/microsoft.typespec.generator.clientmodel.tests.dll" id="5eb3f986-7ddf-5527-7d0a-1a62f3ed87dd">
      <Execution id="dadad2bb-7280-420e-b434-cd7f1225c8d1" />
      <TestMethod codeBase="/home/runner/work/typespec/typespec/packages/http-client-csharp/generator/artifacts/bin/Microsoft.TypeSpec.Generator.ClientModel.Tests/Debug/net8.0/Microsoft.TypeSpec.Generator.ClientModel.Tests.dll" adapterTypeName="executor://nunit3testexecutor/" className="Microsoft.TypeSpec.Generator.ClientModel.Tests.ModelReaderWriterValidation.TestProjects.Sample_TypeSpec.RenamedModelTests" name="RoundTripWithJsonInterfaceUtf8Reader(&quot;J&quot;)" />
    </UnitTest>
    <UnitTest name="RoundTripWithModelCast(&quot;W&quot;)" storage="/home/runner/work/typespec/typespec/packages/http-client-csharp/generator/artifacts/bin/microsoft.typespec.generator.clientmodel.tests/debug/net8.0/microsoft.typespec.generator.clientmodel.tests.dll" id="95c28ecf-7977-c561-acf2-769224b0280a">
      <Execution id="85655909-162d-4321-9728-83b8b50a0d3d" />
      <TestMethod codeBase="/home/runner/work/typespec/typespec/packages/http-client-csharp/generator/artifacts/bin/Microsoft.TypeSpec.Generator.ClientModel.Tests/Debug/net8.0/Microsoft.TypeSpec.Generator.ClientModel.Tests.dll" adapterTypeName="executor://nunit3testexecutor/" className="Microsoft.TypeSpec.Generator.ClientModel.Tests.ModelReaderWriterValidation.TestProjects.Sample_TypeSpec.FriendTests" name="RoundTripWithModelCast(&quot;W&quot;)" />
    </UnitTest>
    <UnitTest name="KebabCaseSerializedName" storage="/home/runner/work/typespec/typespec/packages/http-client-csharp/generator/artifacts/bin/microsoft.typespec.generator.clientmodel.tests/debug/net8.0/microsoft.typespec.generator.clientmodel.tests.dll" id="6929059c-5d5d-3365-e446-d5e0c0c63b90">
      <Execution id="0188f144-a0f0-49ef-a04c-b6ca2eaddeed" />
      <TestMethod codeBase="/home/runner/work/typespec/typespec/packages/http-client-csharp/generator/artifacts/bin/Microsoft.TypeSpec.Generator.ClientModel.Tests/Debug/net8.0/Microsoft.TypeSpec.Generator.ClientModel.Tests.dll" adapterTypeName="executor://nunit3testexecutor/" className="Microsoft.TypeSpec.Generator.ClientModel.Tests.Providers.MrwSerializationTypeDefinitions.JsonModelCoreTests" name="KebabCaseSerializedName" />
    </UnitTest>
    <UnitTest name="ValidateQueryParamDiff" storage="/home/runner/work/typespec/typespec/packages/http-client-csharp/generator/artifacts/bin/microsoft.typespec.generator.clientmodel.tests/debug/net8.0/microsoft.typespec.generator.clientmodel.tests.dll" id="666933bf-ca6e-ed0a-22c8-e8c76fc314a6">
      <Execution id="c8ef912e-4a2f-4faa-80d3-1fc76166b633" />
      <TestMethod codeBase="/home/runner/work/typespec/typespec/packages/http-client-csharp/generator/artifacts/bin/Microsoft.TypeSpec.Generator.ClientModel.Tests/Debug/net8.0/Microsoft.TypeSpec.Generator.ClientModel.Tests.dll" adapterTypeName="executor://nunit3testexecutor/" className="Microsoft.TypeSpec.Generator.ClientModel.Tests.Providers.ClientProviders.ClientProviderTests" name="ValidateQueryParamDiff" />
    </UnitTest>
    <UnitTest name="RoundTripWithJsonInterfaceNonGeneric(&quot;W&quot;)" storage="/home/runner/work/typespec/typespec/packages/http-client-csharp/generator/artifacts/bin/microsoft.typespec.generator.clientmodel.tests/debug/net8.0/microsoft.typespec.generator.clientmodel.tests.dll" id="19df9d5f-570b-e54d-a401-8a0b00b67220">
      <Execution id="bf87932f-a83b-48c2-990b-c3d92da0984b" />
      <TestMethod codeBase="/home/runner/work/typespec/typespec/packages/http-client-csharp/generator/artifacts/bin/Microsoft.TypeSpec.Generator.ClientModel.Tests/Debug/net8.0/Microsoft.TypeSpec.Generator.ClientModel.Tests.dll" adapterTypeName="executor://nunit3testexecutor/" className="Microsoft.TypeSpec.Generator.ClientModel.Tests.ModelReaderWriterValidation.TestProjects.Sample_TypeSpec.RenamedModelTests" name="RoundTripWithJsonInterfaceNonGeneric(&quot;W&quot;)" />
    </UnitTest>
    <UnitTest name="TestIntDeserializeExpression(System.Int64,Default)" storage="/home/runner/work/typespec/typespec/packages/http-client-csharp/generator/artifacts/bin/microsoft.typespec.generator.clientmodel.tests/debug/net8.0/microsoft.typespec.generator.clientmodel.tests.dll" id="d6098f81-48a5-ada0-84fc-9f1410547a55">
      <Execution id="0ca27b90-0e95-4722-af47-c159b1da23af" />
      <TestMethod codeBase="/home/runner/work/typespec/typespec/packages/http-client-csharp/generator/artifacts/bin/Microsoft.TypeSpec.Generator.ClientModel.Tests/Debug/net8.0/Microsoft.TypeSpec.Generator.ClientModel.Tests.dll" adapterTypeName="executor://nunit3testexecutor/" className="Microsoft.TypeSpec.Generator.ClientModel.Tests.Providers.MrwSerializationTypeDefinitions.MrwSerializationTypeDefinitionTests" name="TestIntDeserializeExpression(System.Int64,Default)" />
    </UnitTest>
    <UnitTest name="ValidateConvertToString(null,3.14d,&quot;3.14&quot;)" storage="/home/runner/work/typespec/typespec/packages/http-client-csharp/generator/artifacts/bin/microsoft.typespec.generator.clientmodel.tests/debug/net8.0/microsoft.typespec.generator.clientmodel.tests.dll" id="109643b4-ea5c-ad45-126d-1b025f818c70">
      <Execution id="55a26361-168b-46d7-94dc-30905a8394c5" />
      <TestMethod codeBase="/home/runner/work/typespec/typespec/packages/http-client-csharp/generator/artifacts/bin/Microsoft.TypeSpec.Generator.ClientModel.Tests/Debug/net8.0/Microsoft.TypeSpec.Generator.ClientModel.Tests.dll" adapterTypeName="executor://nunit3testexecutor/" className="Microsoft.TypeSpec.Generator.ClientModel.Tests.Providers.TypeFormatterTests" name="ValidateConvertToString(null,3.14d,&quot;3.14&quot;)" />
    </UnitTest>
    <UnitTest name="ResetThenAppendPath(&quot;http://localhost:12345&quot;,&quot;/path/&quot;,&quot;http://localhost:12345/path/&quot;)" storage="/home/runner/work/typespec/typespec/packages/http-client-csharp/generator/artifacts/bin/microsoft.typespec.generator.clientmodel.tests/debug/net8.0/microsoft.typespec.generator.clientmodel.tests.dll" id="c8d027c8-5f36-2b46-5bad-f085954c1e99">
      <Execution id="7b05e809-3e3a-4b37-937f-0ac9c931f3ff" />
      <TestMethod codeBase="/home/runner/work/typespec/typespec/packages/http-client-csharp/generator/artifacts/bin/Microsoft.TypeSpec.Generator.ClientModel.Tests/Debug/net8.0/Microsoft.TypeSpec.Generator.ClientModel.Tests.dll" adapterTypeName="executor://nunit3testexecutor/" className="Microsoft.TypeSpec.Generator.ClientModel.Tests.Providers.ClientUriBuilderTests" name="ResetThenAppendPath(&quot;http://localhost:12345&quot;,&quot;/path/&quot;,&quot;http://localhost:12345/path/&quot;)" />
    </UnitTest>
    <UnitTest name="PreVisitsMethods" storage="/home/runner/work/typespec/typespec/packages/http-client-csharp/generator/artifacts/bin/microsoft.typespec.generator.clientmodel.tests/debug/net8.0/microsoft.typespec.generator.clientmodel.tests.dll" id="03a1c178-bca2-901c-99a9-747e7f63e0f2">
      <Execution id="bdae0d60-341b-4606-9a3f-73bc47e3fd9c" />
      <TestMethod codeBase="/home/runner/work/typespec/typespec/packages/http-client-csharp/generator/artifacts/bin/Microsoft.TypeSpec.Generator.ClientModel.Tests/Debug/net8.0/Microsoft.TypeSpec.Generator.ClientModel.Tests.dll" adapterTypeName="executor://nunit3testexecutor/" className="Microsoft.TypeSpec.Generator.ClientModel.Tests.InputLibraryVisitorTests" name="PreVisitsMethods" />
    </UnitTest>
    <UnitTest name="BinaryDataParameterHasValidation" storage="/home/runner/work/typespec/typespec/packages/http-client-csharp/generator/artifacts/bin/microsoft.typespec.generator.clientmodel.tests/debug/net8.0/microsoft.typespec.generator.clientmodel.tests.dll" id="57ac62af-6075-79ea-79c9-3a588a195273">
      <Execution id="a9735044-e803-4583-9e4e-343a2a60be3b" />
      <TestMethod codeBase="/home/runner/work/typespec/typespec/packages/http-client-csharp/generator/artifacts/bin/Microsoft.TypeSpec.Generator.ClientModel.Tests/Debug/net8.0/Microsoft.TypeSpec.Generator.ClientModel.Tests.dll" adapterTypeName="executor://nunit3testexecutor/" className="Microsoft.TypeSpec.Generator.ClientModel.Tests.ScmKnownParametersTests" name="BinaryDataParameterHasValidation" />
    </UnitTest>
    <UnitTest name="TestRequestOptionsParameterInSignature(Microsoft.TypeSpec.Generator.Input.InputBasicServiceMethod,False,False)" storage="/home/runner/work/typespec/typespec/packages/http-client-csharp/generator/artifacts/bin/microsoft.typespec.generator.clientmodel.tests/debug/net8.0/microsoft.typespec.generator.clientmodel.tests.dll" id="5cecca1b-6cfe-a561-61db-bfb6cc7f6214">
      <Execution id="c60d3f71-ef12-4a77-8066-9f04ada8b593" />
      <TestMethod codeBase="/home/runner/work/typespec/typespec/packages/http-client-csharp/generator/artifacts/bin/Microsoft.TypeSpec.Generator.ClientModel.Tests/Debug/net8.0/Microsoft.TypeSpec.Generator.ClientModel.Tests.dll" adapterTypeName="executor://nunit3testexecutor/" className="Microsoft.TypeSpec.Generator.ClientModel.Tests.Providers.ClientProviders.ClientProviderTests" name="TestRequestOptionsParameterInSignature(Microsoft.TypeSpec.Generator.Input.InputBasicServiceMethod,False,False)" />
    </UnitTest>
    <UnitTest name="TestBuildPersistableModelWriteCoreMethod(False)" storage="/home/runner/work/typespec/typespec/packages/http-client-csharp/generator/artifacts/bin/microsoft.typespec.generator.clientmodel.tests/debug/net8.0/microsoft.typespec.generator.clientmodel.tests.dll" id="29dad130-e5f3-04d1-382b-77709bfa049c">
      <Execution id="3c7571b9-3f00-4ea0-8a75-d53d71113fc0" />
      <TestMethod codeBase="/home/runner/work/typespec/typespec/packages/http-client-csharp/generator/artifacts/bin/Microsoft.TypeSpec.Generator.ClientModel.Tests/Debug/net8.0/Microsoft.TypeSpec.Generator.ClientModel.Tests.dll" adapterTypeName="executor://nunit3testexecutor/" className="Microsoft.TypeSpec.Generator.ClientModel.Tests.Providers.MrwSerializationTypeDefinitions.MrwSerializationTypeDefinitionTests" name="TestBuildPersistableModelWriteCoreMethod(False)" />
    </UnitTest>
    <UnitTest name="ValidateIsLastNamespaceSegmentTheSame(&quot;Foo&quot;,&quot;Foo&quot;)" storage="/home/runner/work/typespec/typespec/packages/http-client-csharp/generator/artifacts/bin/microsoft.typespec.generator.clientmodel.tests/debug/net8.0/microsoft.typespec.generator.clientmodel.tests.dll" id="a23a4d3b-b938-d346-953e-8f23851ebb46">
      <Execution id="3cb1abae-39c0-4fdb-8704-5f687658bf79" />
      <TestMethod codeBase="/home/runner/work/typespec/typespec/packages/http-client-csharp/generator/artifacts/bin/Microsoft.TypeSpec.Generator.ClientModel.Tests/Debug/net8.0/Microsoft.TypeSpec.Generator.ClientModel.Tests.dll" adapterTypeName="executor://nunit3testexecutor/" className="Microsoft.TypeSpec.Generator.ClientModel.Tests.Providers.ClientProviders.ClientProviderTests" name="ValidateIsLastNamespaceSegmentTheSame(&quot;Foo&quot;,&quot;Foo&quot;)" />
    </UnitTest>
    <UnitTest name="OperationWithOptionalEnum" storage="/home/runner/work/typespec/typespec/packages/http-client-csharp/generator/artifacts/bin/microsoft.typespec.generator.clientmodel.tests/debug/net8.0/microsoft.typespec.generator.clientmodel.tests.dll" id="1a6f7815-7152-9d34-d9b2-1ad1aea279fd">
      <Execution id="68dd5ac7-56b6-4919-9414-9e6193dc4a2d" />
      <TestMethod codeBase="/home/runner/work/typespec/typespec/packages/http-client-csharp/generator/artifacts/bin/Microsoft.TypeSpec.Generator.ClientModel.Tests/Debug/net8.0/Microsoft.TypeSpec.Generator.ClientModel.Tests.dll" adapterTypeName="executor://nunit3testexecutor/" className="Microsoft.TypeSpec.Generator.ClientModel.Tests.Providers.ScmMethodProviderCollectionTests" name="OperationWithOptionalEnum" />
    </UnitTest>
    <UnitTest name="ResetThenAppendPath(&quot;http://localhost/&quot;,null,&quot;http://localhost/&quot;)" storage="/home/runner/work/typespec/typespec/packages/http-client-csharp/generator/artifacts/bin/microsoft.typespec.generator.clientmodel.tests/debug/net8.0/microsoft.typespec.generator.clientmodel.tests.dll" id="6b687bd3-e682-91ed-b1ee-b089e2b536c0">
      <Execution id="d2221f75-f6a7-433b-93e9-62fee98d6c8a" />
      <TestMethod codeBase="/home/runner/work/typespec/typespec/packages/http-client-csharp/generator/artifacts/bin/Microsoft.TypeSpec.Generator.ClientModel.Tests/Debug/net8.0/Microsoft.TypeSpec.Generator.ClientModel.Tests.dll" adapterTypeName="executor://nunit3testexecutor/" className="Microsoft.TypeSpec.Generator.ClientModel.Tests.Providers.ClientUriBuilderTests" name="ResetThenAppendPath(&quot;http://localhost/&quot;,null,&quot;http://localhost/&quot;)" />
    </UnitTest>
    <UnitTest name="TestBuildJsonModelWriteMethodObjectDeclaration" storage="/home/runner/work/typespec/typespec/packages/http-client-csharp/generator/artifacts/bin/microsoft.typespec.generator.clientmodel.tests/debug/net8.0/microsoft.typespec.generator.clientmodel.tests.dll" id="4ae3084e-c976-0715-7375-0c9f5fcb3759">
      <Execution id="02c860c8-7047-42cc-b2f3-e4da8cdbe1be" />
      <TestMethod codeBase="/home/runner/work/typespec/typespec/packages/http-client-csharp/generator/artifacts/bin/Microsoft.TypeSpec.Generator.ClientModel.Tests/Debug/net8.0/Microsoft.TypeSpec.Generator.ClientModel.Tests.dll" adapterTypeName="executor://nunit3testexecutor/" className="Microsoft.TypeSpec.Generator.ClientModel.Tests.Providers.MrwSerializationTypeDefinitions.MrwSerializationTypeDefinitionTests" name="TestBuildJsonModelWriteMethodObjectDeclaration" />
    </UnitTest>
    <UnitTest name="RoundTripWithModelReaderWriter(&quot;W&quot;)" storage="/home/runner/work/typespec/typespec/packages/http-client-csharp/generator/artifacts/bin/microsoft.typespec.generator.clientmodel.tests/debug/net8.0/microsoft.typespec.generator.clientmodel.tests.dll" id="0bfb23f1-036b-2928-5050-65c3a964fcdb">
      <Execution id="0fe05b64-5e4a-4b70-9da4-94b63badeb19" />
      <TestMethod codeBase="/home/runner/work/typespec/typespec/packages/http-client-csharp/generator/artifacts/bin/Microsoft.TypeSpec.Generator.ClientModel.Tests/Debug/net8.0/Microsoft.TypeSpec.Generator.ClientModel.Tests.dll" adapterTypeName="executor://nunit3testexecutor/" className="Microsoft.TypeSpec.Generator.ClientModel.Tests.ModelReaderWriterValidation.TestProjects.Sample_TypeSpec.ThingTests" name="RoundTripWithModelReaderWriter(&quot;W&quot;)" />
    </UnitTest>
    <UnitTest name="AppendPathDelimited_IntArray(&quot;http://localhost&quot;,[1, 2],&quot;.&quot;,False,&quot;http://localhost/1.2&quot;)" storage="/home/runner/work/typespec/typespec/packages/http-client-csharp/generator/artifacts/bin/microsoft.typespec.generator.clientmodel.tests/debug/net8.0/microsoft.typespec.generator.clientmodel.tests.dll" id="4292005f-9ae4-ccb0-3890-e2e0f4d774db">
      <Execution id="5af5f6cd-adf9-4248-af9f-6ed468f65708" />
      <TestMethod codeBase="/home/runner/work/typespec/typespec/packages/http-client-csharp/generator/artifacts/bin/Microsoft.TypeSpec.Generator.ClientModel.Tests/Debug/net8.0/Microsoft.TypeSpec.Generator.ClientModel.Tests.dll" adapterTypeName="executor://nunit3testexecutor/" className="Microsoft.TypeSpec.Generator.ClientModel.Tests.Providers.ClientUriBuilderTests" name="AppendPathDelimited_IntArray(&quot;http://localhost&quot;,[1, 2],&quot;.&quot;,False,&quot;http://localhost/1.2&quot;)" />
    </UnitTest>
    <UnitTest name="TestRequestOptionsParameterInSignature(Microsoft.TypeSpec.Generator.Input.InputBasicServiceMethod,False,True)" storage="/home/runner/work/typespec/typespec/packages/http-client-csharp/generator/artifacts/bin/microsoft.typespec.generator.clientmodel.tests/debug/net8.0/microsoft.typespec.generator.clientmodel.tests.dll" id="f55a233a-e14b-4380-52ae-c7ccd5e5efd5">
      <Execution id="398d9f23-d1d2-4b58-a087-9273afaf8761" />
      <TestMethod codeBase="/home/runner/work/typespec/typespec/packages/http-client-csharp/generator/artifacts/bin/Microsoft.TypeSpec.Generator.ClientModel.Tests/Debug/net8.0/Microsoft.TypeSpec.Generator.ClientModel.Tests.dll" adapterTypeName="executor://nunit3testexecutor/" className="Microsoft.TypeSpec.Generator.ClientModel.Tests.Providers.ClientProviders.ClientProviderTests" name="TestRequestOptionsParameterInSignature(Microsoft.TypeSpec.Generator.Input.InputBasicServiceMethod,False,True)" />
    </UnitTest>
    <UnitTest name="TestIntDeserializeExpression(System.Int32,Int_String)" storage="/home/runner/work/typespec/typespec/packages/http-client-csharp/generator/artifacts/bin/microsoft.typespec.generator.clientmodel.tests/debug/net8.0/microsoft.typespec.generator.clientmodel.tests.dll" id="68e80c0c-f8a6-c330-8b45-4fc007f5212d">
      <Execution id="da1f62d7-f390-4112-a926-9e794f4e0863" />
      <TestMethod codeBase="/home/runner/work/typespec/typespec/packages/http-client-csharp/generator/artifacts/bin/Microsoft.TypeSpec.Generator.ClientModel.Tests/Debug/net8.0/Microsoft.TypeSpec.Generator.ClientModel.Tests.dll" adapterTypeName="executor://nunit3testexecutor/" className="Microsoft.TypeSpec.Generator.ClientModel.Tests.Providers.MrwSerializationTypeDefinitions.MrwSerializationTypeDefinitionTests" name="TestIntDeserializeExpression(System.Int32,Int_String)" />
    </UnitTest>
    <UnitTest name="AppendQueryDelimited(&quot;http://localhost&quot;,[&quot;hello&quot;, &quot;world&quot;],&quot;,&quot;,False,&quot;http://localhost/?query=hello,world&quot;)" storage="/home/runner/work/typespec/typespec/packages/http-client-csharp/generator/artifacts/bin/microsoft.typespec.generator.clientmodel.tests/debug/net8.0/microsoft.typespec.generator.clientmodel.tests.dll" id="96dfbd8f-74c2-58c9-9fff-dec3a0d2fb13">
      <Execution id="d4a8947f-aec7-4a37-8839-96683377a9c9" />
      <TestMethod codeBase="/home/runner/work/typespec/typespec/packages/http-client-csharp/generator/artifacts/bin/Microsoft.TypeSpec.Generator.ClientModel.Tests/Debug/net8.0/Microsoft.TypeSpec.Generator.ClientModel.Tests.dll" adapterTypeName="executor://nunit3testexecutor/" className="Microsoft.TypeSpec.Generator.ClientModel.Tests.Providers.ClientUriBuilderTests" name="AppendQueryDelimited(&quot;http://localhost&quot;,[&quot;hello&quot;, &quot;world&quot;],&quot;,&quot;,False,&quot;http://localhost/?query=hello,world&quot;)" />
    </UnitTest>
    <UnitTest name="AppendQuery_Bool(&quot;http://localhost&quot;,True,True,&quot;http://localhost/?query=true&quot;)" storage="/home/runner/work/typespec/typespec/packages/http-client-csharp/generator/artifacts/bin/microsoft.typespec.generator.clientmodel.tests/debug/net8.0/microsoft.typespec.generator.clientmodel.tests.dll" id="6539ef61-00d3-0628-76fb-ca399d3cc346">
      <Execution id="d1554174-6903-4b5d-8cc9-315c4a2fd441" />
      <TestMethod codeBase="/home/runner/work/typespec/typespec/packages/http-client-csharp/generator/artifacts/bin/Microsoft.TypeSpec.Generator.ClientModel.Tests/Debug/net8.0/Microsoft.TypeSpec.Generator.ClientModel.Tests.dll" adapterTypeName="executor://nunit3testexecutor/" className="Microsoft.TypeSpec.Generator.ClientModel.Tests.Providers.ClientUriBuilderTests" name="AppendQuery_Bool(&quot;http://localhost&quot;,True,True,&quot;http://localhost/?query=true&quot;)" />
    </UnitTest>
    <UnitTest name="ValidateConvertToString(null,False,&quot;false&quot;)" storage="/home/runner/work/typespec/typespec/packages/http-client-csharp/generator/artifacts/bin/microsoft.typespec.generator.clientmodel.tests/debug/net8.0/microsoft.typespec.generator.clientmodel.tests.dll" id="d31df667-e086-86d8-6c74-e0530cd9f34a">
      <Execution id="379f3997-f70c-4058-87d2-d70df711852c" />
      <TestMethod codeBase="/home/runner/work/typespec/typespec/packages/http-client-csharp/generator/artifacts/bin/Microsoft.TypeSpec.Generator.ClientModel.Tests/Debug/net8.0/Microsoft.TypeSpec.Generator.ClientModel.Tests.dll" adapterTypeName="executor://nunit3testexecutor/" className="Microsoft.TypeSpec.Generator.ClientModel.Tests.Providers.TypeFormatterTests" name="ValidateConvertToString(null,False,&quot;false&quot;)" />
    </UnitTest>
    <UnitTest name="AppendPath_Bool(&quot;http://localhost&quot;,True,True,&quot;http://localhost/true&quot;)" storage="/home/runner/work/typespec/typespec/packages/http-client-csharp/generator/artifacts/bin/microsoft.typespec.generator.clientmodel.tests/debug/net8.0/microsoft.typespec.generator.clientmodel.tests.dll" id="cf04794a-c01e-27c1-a035-6828d1035adc">
      <Execution id="64a74e03-d6fb-4bb8-b57d-e71c61037be6" />
      <TestMethod codeBase="/home/runner/work/typespec/typespec/packages/http-client-csharp/generator/artifacts/bin/Microsoft.TypeSpec.Generator.ClientModel.Tests/Debug/net8.0/Microsoft.TypeSpec.Generator.ClientModel.Tests.dll" adapterTypeName="executor://nunit3testexecutor/" className="Microsoft.TypeSpec.Generator.ClientModel.Tests.Providers.ClientUriBuilderTests" name="AppendPath_Bool(&quot;http://localhost&quot;,True,True,&quot;http://localhost/true&quot;)" />
    </UnitTest>
    <UnitTest name="RootInputModelsIncludesOperationParameters" storage="/home/runner/work/typespec/typespec/packages/http-client-csharp/generator/artifacts/bin/microsoft.typespec.generator.clientmodel.tests/debug/net8.0/microsoft.typespec.generator.clientmodel.tests.dll" id="315f9f31-d5ab-2f60-3960-b77fea62cd66">
      <Execution id="3df7313e-5a0a-4021-97d5-f9646578d26c" />
      <TestMethod codeBase="/home/runner/work/typespec/typespec/packages/http-client-csharp/generator/artifacts/bin/Microsoft.TypeSpec.Generator.ClientModel.Tests/Debug/net8.0/Microsoft.TypeSpec.Generator.ClientModel.Tests.dll" adapterTypeName="executor://nunit3testexecutor/" className="Microsoft.TypeSpec.Generator.ClientModel.Tests.ScmTypeFactoryTests" name="RootInputModelsIncludesOperationParameters" />
    </UnitTest>
    <UnitTest name="TestIntSerializationStatement(Int64,null)" storage="/home/runner/work/typespec/typespec/packages/http-client-csharp/generator/artifacts/bin/microsoft.typespec.generator.clientmodel.tests/debug/net8.0/microsoft.typespec.generator.clientmodel.tests.dll" id="0a2cac4d-2fc6-eca4-917c-3476ebc50ff5">
      <Execution id="be75a07c-f91c-4dbe-9041-76ac6e8f50ec" />
      <TestMethod codeBase="/home/runner/work/typespec/typespec/packages/http-client-csharp/generator/artifacts/bin/Microsoft.TypeSpec.Generator.ClientModel.Tests/Debug/net8.0/Microsoft.TypeSpec.Generator.ClientModel.Tests.dll" adapterTypeName="executor://nunit3testexecutor/" className="Microsoft.TypeSpec.Generator.ClientModel.Tests.Providers.MrwSerializationTypeDefinitions.MrwSerializationTypeDefinitionTests" name="TestIntSerializationStatement(Int64,null)" />
    </UnitTest>
    <UnitTest name="ThrowsIfUnknownFormat" storage="/home/runner/work/typespec/typespec/packages/http-client-csharp/generator/artifacts/bin/microsoft.typespec.generator.clientmodel.tests/debug/net8.0/microsoft.typespec.generator.clientmodel.tests.dll" id="dcc2c800-d9b9-49e9-1202-6d1e7f1fc1e2">
      <Execution id="7af411e6-66b0-4690-8d5b-25930e82bb7f" />
      <TestMethod codeBase="/home/runner/work/typespec/typespec/packages/http-client-csharp/generator/artifacts/bin/Microsoft.TypeSpec.Generator.ClientModel.Tests/Debug/net8.0/Microsoft.TypeSpec.Generator.ClientModel.Tests.dll" adapterTypeName="executor://nunit3testexecutor/" className="Microsoft.TypeSpec.Generator.ClientModel.Tests.ModelReaderWriterValidation.TestProjects.Sample_TypeSpec.FriendTests" name="ThrowsIfUnknownFormat" />
    </UnitTest>
    <UnitTest name="FormatsDatesAsString(&quot;D&quot;,05/04/2020 00:00:00 +00:00,&quot;2020-05-04&quot;)" storage="/home/runner/work/typespec/typespec/packages/http-client-csharp/generator/artifacts/bin/microsoft.typespec.generator.clientmodel.tests/debug/net8.0/microsoft.typespec.generator.clientmodel.tests.dll" id="629e162f-e077-a600-505b-d11b0f7fdb6e">
      <Execution id="fa8eb839-e85a-421a-acc8-f40b79024273" />
      <TestMethod codeBase="/home/runner/work/typespec/typespec/packages/http-client-csharp/generator/artifacts/bin/Microsoft.TypeSpec.Generator.ClientModel.Tests/Debug/net8.0/Microsoft.TypeSpec.Generator.ClientModel.Tests.dll" adapterTypeName="executor://nunit3testexecutor/" className="Microsoft.TypeSpec.Generator.ClientModel.Tests.Providers.TypeFormatterTests" name="FormatsDatesAsString(&quot;D&quot;,05/04/2020 00:00:00 +00:00,&quot;2020-05-04&quot;)" />
    </UnitTest>
    <UnitTest name="RequestBodyConstructedRespectingRequestContentApi(Microsoft.TypeSpec.Generator.Input.InputDictionaryType)" storage="/home/runner/work/typespec/typespec/packages/http-client-csharp/generator/artifacts/bin/microsoft.typespec.generator.clientmodel.tests/debug/net8.0/microsoft.typespec.generator.clientmodel.tests.dll" id="336f215a-f7e1-0f44-750d-f4db67f466ef">
      <Execution id="33aeb52e-97c7-42e5-ba6f-b3e6865fd635" />
      <TestMethod codeBase="/home/runner/work/typespec/typespec/packages/http-client-csharp/generator/artifacts/bin/Microsoft.TypeSpec.Generator.ClientModel.Tests/Debug/net8.0/Microsoft.TypeSpec.Generator.ClientModel.Tests.dll" adapterTypeName="executor://nunit3testexecutor/" className="Microsoft.TypeSpec.Generator.ClientModel.Tests.Providers.ScmMethodProviderCollectionTests" name="RequestBodyConstructedRespectingRequestContentApi(Microsoft.TypeSpec.Generator.Input.InputDictionaryType)" />
    </UnitTest>
    <UnitTest name="ResetThenAppendQueryThenAppendPath(&quot;http://localhost&quot;,&quot;/some/&quot;,&quot;one|1|two|2&quot;,&quot;http://localhost/some/?one=1&amp;two=2&quot;)" storage="/home/runner/work/typespec/typespec/packages/http-client-csharp/generator/artifacts/bin/microsoft.typespec.generator.clientmodel.tests/debug/net8.0/microsoft.typespec.generator.clientmodel.tests.dll" id="d302d0d6-12ff-fd67-4af4-49feb7191209">
      <Execution id="bb2b43d0-dfb2-461a-b8c5-76728c41c5cb" />
      <TestMethod codeBase="/home/runner/work/typespec/typespec/packages/http-client-csharp/generator/artifacts/bin/Microsoft.TypeSpec.Generator.ClientModel.Tests/Debug/net8.0/Microsoft.TypeSpec.Generator.ClientModel.Tests.dll" adapterTypeName="executor://nunit3testexecutor/" className="Microsoft.TypeSpec.Generator.ClientModel.Tests.Providers.ClientUriBuilderTests" name="ResetThenAppendQueryThenAppendPath(&quot;http://localhost&quot;,&quot;/some/&quot;,&quot;one|1|two|2&quot;,&quot;http://localhost/some/?one=1&amp;two=2&quot;)" />
    </UnitTest>
    <UnitTest name="ListMethodWithEnumParameter(False,Body)" storage="/home/runner/work/typespec/typespec/packages/http-client-csharp/generator/artifacts/bin/microsoft.typespec.generator.clientmodel.tests/debug/net8.0/microsoft.typespec.generator.clientmodel.tests.dll" id="2fa1f9e2-c77f-77e5-7e5a-8daa566efe7b">
      <Execution id="dd9a2e5d-c6ff-4fe9-9cca-109e2440d8c1" />
      <TestMethod codeBase="/home/runner/work/typespec/typespec/packages/http-client-csharp/generator/artifacts/bin/Microsoft.TypeSpec.Generator.ClientModel.Tests/Debug/net8.0/Microsoft.TypeSpec.Generator.ClientModel.Tests.dll" adapterTypeName="executor://nunit3testexecutor/" className="Microsoft.TypeSpec.Generator.ClientModel.Tests.Providers.ScmMethodProviderCollectionTests" name="ListMethodWithEnumParameter(False,Body)" />
    </UnitTest>
    <UnitTest name="ResetThenAppendQueryThenAppendPath(&quot;http://localhost:12345&quot;,&quot;/some&quot;,&quot;one|1&quot;,&quot;http://localhost:12345/some?one=1&quot;)" storage="/home/runner/work/typespec/typespec/packages/http-client-csharp/generator/artifacts/bin/microsoft.typespec.generator.clientmodel.tests/debug/net8.0/microsoft.typespec.generator.clientmodel.tests.dll" id="df03d1d3-c520-593a-530a-22acdf388c84">
      <Execution id="266b7d6b-9158-42e4-b442-2421f516e29b" />
      <TestMethod codeBase="/home/runner/work/typespec/typespec/packages/http-client-csharp/generator/artifacts/bin/Microsoft.TypeSpec.Generator.ClientModel.Tests/Debug/net8.0/Microsoft.TypeSpec.Generator.ClientModel.Tests.dll" adapterTypeName="executor://nunit3testexecutor/" className="Microsoft.TypeSpec.Generator.ClientModel.Tests.Providers.ClientUriBuilderTests" name="ResetThenAppendQueryThenAppendPath(&quot;http://localhost:12345&quot;,&quot;/some&quot;,&quot;one|1&quot;,&quot;http://localhost:12345/some?one=1&quot;)" />
    </UnitTest>
    <UnitTest name="RoundTripWithJsonInterfaceNonGeneric(&quot;W&quot;)" storage="/home/runner/work/typespec/typespec/packages/http-client-csharp/generator/artifacts/bin/microsoft.typespec.generator.clientmodel.tests/debug/net8.0/microsoft.typespec.generator.clientmodel.tests.dll" id="228d8ed6-db29-3b9e-b289-2db726062215">
      <Execution id="74d39eee-c552-4b38-bbfa-f63e2122c09b" />
      <TestMethod codeBase="/home/runner/work/typespec/typespec/packages/http-client-csharp/generator/artifacts/bin/Microsoft.TypeSpec.Generator.ClientModel.Tests/Debug/net8.0/Microsoft.TypeSpec.Generator.ClientModel.Tests.dll" adapterTypeName="executor://nunit3testexecutor/" className="Microsoft.TypeSpec.Generator.ClientModel.Tests.ModelReaderWriterValidation.TestProjects.Sample_TypeSpec.ThingTests" name="RoundTripWithJsonInterfaceNonGeneric(&quot;W&quot;)" />
    </UnitTest>
    <UnitTest name="TestIntDeserializeExpression(System.Int64,Int_String)" storage="/home/runner/work/typespec/typespec/packages/http-client-csharp/generator/artifacts/bin/microsoft.typespec.generator.clientmodel.tests/debug/net8.0/microsoft.typespec.generator.clientmodel.tests.dll" id="405a9a6e-f7a9-5cd4-cb04-c735c2ffb585">
      <Execution id="cf3da15f-0eb3-4d15-bc32-02dddfdac4e3" />
      <TestMethod codeBase="/home/runner/work/typespec/typespec/packages/http-client-csharp/generator/artifacts/bin/Microsoft.TypeSpec.Generator.ClientModel.Tests/Debug/net8.0/Microsoft.TypeSpec.Generator.ClientModel.Tests.dll" adapterTypeName="executor://nunit3testexecutor/" className="Microsoft.TypeSpec.Generator.ClientModel.Tests.Providers.MrwSerializationTypeDefinitions.MrwSerializationTypeDefinitionTests" name="TestIntDeserializeExpression(System.Int64,Int_String)" />
    </UnitTest>
    <UnitTest name="ValidateMethodSignatureUsesIEnumerable" storage="/home/runner/work/typespec/typespec/packages/http-client-csharp/generator/artifacts/bin/microsoft.typespec.generator.clientmodel.tests/debug/net8.0/microsoft.typespec.generator.clientmodel.tests.dll" id="b5846ffc-e3db-f497-0b5d-efeac4ee29f0">
      <Execution id="2a0818e4-d0d7-4f64-8823-03d346e651b5" />
      <TestMethod codeBase="/home/runner/work/typespec/typespec/packages/http-client-csharp/generator/artifacts/bin/Microsoft.TypeSpec.Generator.ClientModel.Tests/Debug/net8.0/Microsoft.TypeSpec.Generator.ClientModel.Tests.dll" adapterTypeName="executor://nunit3testexecutor/" className="Microsoft.TypeSpec.Generator.ClientModel.Tests.Providers.ClientProviders.ClientProviderTests" name="ValidateMethodSignatureUsesIEnumerable" />
    </UnitTest>
    <UnitTest name="RootOutputModelsIncludesOperationResponse" storage="/home/runner/work/typespec/typespec/packages/http-client-csharp/generator/artifacts/bin/microsoft.typespec.generator.clientmodel.tests/debug/net8.0/microsoft.typespec.generator.clientmodel.tests.dll" id="135d5dcd-04ba-8363-5279-dda084b41d20">
      <Execution id="8dd71497-dda6-4f98-8e5d-de8f1575b8ce" />
      <TestMethod codeBase="/home/runner/work/typespec/typespec/packages/http-client-csharp/generator/artifacts/bin/Microsoft.TypeSpec.Generator.ClientModel.Tests/Debug/net8.0/Microsoft.TypeSpec.Generator.ClientModel.Tests.dll" adapterTypeName="executor://nunit3testexecutor/" className="Microsoft.TypeSpec.Generator.ClientModel.Tests.ScmTypeFactoryTests" name="RootOutputModelsIncludesOperationResponse" />
    </UnitTest>
    <UnitTest name="RoundTripWithModelInterface(&quot;W&quot;)" storage="/home/runner/work/typespec/typespec/packages/http-client-csharp/generator/artifacts/bin/microsoft.typespec.generator.clientmodel.tests/debug/net8.0/microsoft.typespec.generator.clientmodel.tests.dll" id="3744940e-3188-aa6a-84e8-d2ad78706d07">
      <Execution id="7e8168ea-2a3e-4d0d-a6a6-87cb442ac59e" />
      <TestMethod codeBase="/home/runner/work/typespec/typespec/packages/http-client-csharp/generator/artifacts/bin/Microsoft.TypeSpec.Generator.ClientModel.Tests/Debug/net8.0/Microsoft.TypeSpec.Generator.ClientModel.Tests.dll" adapterTypeName="executor://nunit3testexecutor/" className="Microsoft.TypeSpec.Generator.ClientModel.Tests.ModelReaderWriterValidation.TestProjects.Sample_TypeSpec.FriendTests" name="RoundTripWithModelInterface(&quot;W&quot;)" />
    </UnitTest>
    <UnitTest name="ResetThenAppendPathThenAppendQuery(&quot;http://localhost&quot;,&quot;some/&quot;,&quot;one|1|two|2&quot;,&quot;http://localhost/some/?one=1&amp;two=2&quot;)" storage="/home/runner/work/typespec/typespec/packages/http-client-csharp/generator/artifacts/bin/microsoft.typespec.generator.clientmodel.tests/debug/net8.0/microsoft.typespec.generator.clientmodel.tests.dll" id="42a05878-a1b0-899f-dd1c-1579afd508e2">
      <Execution id="1c945be4-d13a-4c0d-b441-082c57e5c653" />
      <TestMethod codeBase="/home/runner/work/typespec/typespec/packages/http-client-csharp/generator/artifacts/bin/Microsoft.TypeSpec.Generator.ClientModel.Tests/Debug/net8.0/Microsoft.TypeSpec.Generator.ClientModel.Tests.dll" adapterTypeName="executor://nunit3testexecutor/" className="Microsoft.TypeSpec.Generator.ClientModel.Tests.Providers.ClientUriBuilderTests" name="ResetThenAppendPathThenAppendQuery(&quot;http://localhost&quot;,&quot;some/&quot;,&quot;one|1|two|2&quot;,&quot;http://localhost/some/?one=1&amp;two=2&quot;)" />
    </UnitTest>
    <UnitTest name="ResetThenAppendPathThenAppendQuery(&quot;http://localhost&quot;,&quot;/some/&quot;,&quot;one|1|two|2&quot;,&quot;http://localhost/some/?one=1&amp;two=2&quot;)" storage="/home/runner/work/typespec/typespec/packages/http-client-csharp/generator/artifacts/bin/microsoft.typespec.generator.clientmodel.tests/debug/net8.0/microsoft.typespec.generator.clientmodel.tests.dll" id="caccd0b9-6717-f97e-3a5a-d03de4c75025">
      <Execution id="1da6b342-a30b-4832-8e44-d4ed6716169a" />
      <TestMethod codeBase="/home/runner/work/typespec/typespec/packages/http-client-csharp/generator/artifacts/bin/Microsoft.TypeSpec.Generator.ClientModel.Tests/Debug/net8.0/Microsoft.TypeSpec.Generator.ClientModel.Tests.dll" adapterTypeName="executor://nunit3testexecutor/" className="Microsoft.TypeSpec.Generator.ClientModel.Tests.Providers.ClientUriBuilderTests" name="ResetThenAppendPathThenAppendQuery(&quot;http://localhost&quot;,&quot;/some/&quot;,&quot;one|1|two|2&quot;,&quot;http://localhost/some/?one=1&amp;two=2&quot;)" />
    </UnitTest>
    <UnitTest name="AppendQuery_Long(&quot;http://localhost&quot;,-299792458000000L,True,&quot;http://localhost/?query=-299792458000000&quot;)" storage="/home/runner/work/typespec/typespec/packages/http-client-csharp/generator/artifacts/bin/microsoft.typespec.generator.clientmodel.tests/debug/net8.0/microsoft.typespec.generator.clientmodel.tests.dll" id="0a677d75-35d4-f91c-9966-daafd696b221">
      <Execution id="defeba3d-95fa-44eb-a180-b937c1aad8d4" />
      <TestMethod codeBase="/home/runner/work/typespec/typespec/packages/http-client-csharp/generator/artifacts/bin/Microsoft.TypeSpec.Generator.ClientModel.Tests/Debug/net8.0/Microsoft.TypeSpec.Generator.ClientModel.Tests.dll" adapterTypeName="executor://nunit3testexecutor/" className="Microsoft.TypeSpec.Generator.ClientModel.Tests.Providers.ClientUriBuilderTests" name="AppendQuery_Long(&quot;http://localhost&quot;,-299792458000000L,True,&quot;http://localhost/?query=-299792458000000&quot;)" />
    </UnitTest>
    <UnitTest name="AppendQuery_TimeSpan(&quot;http://localhost&quot;,&quot;02:15:00&quot;,&quot;P&quot;,False,&quot;http://localhost/?query=PT2H15M&quot;)" storage="/home/runner/work/typespec/typespec/packages/http-client-csharp/generator/artifacts/bin/microsoft.typespec.generator.clientmodel.tests/debug/net8.0/microsoft.typespec.generator.clientmodel.tests.dll" id="447a0ea2-4a73-9937-dd54-230022a31e61">
      <Execution id="906f71dc-00a7-494e-88ad-495b7183d3d4" />
      <TestMethod codeBase="/home/runner/work/typespec/typespec/packages/http-client-csharp/generator/artifacts/bin/Microsoft.TypeSpec.Generator.ClientModel.Tests/Debug/net8.0/Microsoft.TypeSpec.Generator.ClientModel.Tests.dll" adapterTypeName="executor://nunit3testexecutor/" className="Microsoft.TypeSpec.Generator.ClientModel.Tests.Providers.ClientUriBuilderTests" name="AppendQuery_TimeSpan(&quot;http://localhost&quot;,&quot;02:15:00&quot;,&quot;P&quot;,False,&quot;http://localhost/?query=PT2H15M&quot;)" />
    </UnitTest>
    <UnitTest name="AppendQuery_DateTimeOffset(&quot;http://localhost&quot;,&quot;6/30/1905 1:14:00 PM +00:00&quot;,&quot;o&quot;,True,&quot;http://localhost/?query=1905-06-30T13%3A14%3A00.0000000Z&quot;)" storage="/home/runner/work/typespec/typespec/packages/http-client-csharp/generator/artifacts/bin/microsoft.typespec.generator.clientmodel.tests/debug/net8.0/microsoft.typespec.generator.clientmodel.tests.dll" id="481a4ae3-81f3-e5b6-2f47-4f11c083d546">
      <Execution id="452cd4cf-3b15-41aa-9438-67951dfb4b81" />
      <TestMethod codeBase="/home/runner/work/typespec/typespec/packages/http-client-csharp/generator/artifacts/bin/Microsoft.TypeSpec.Generator.ClientModel.Tests/Debug/net8.0/Microsoft.TypeSpec.Generator.ClientModel.Tests.dll" adapterTypeName="executor://nunit3testexecutor/" className="Microsoft.TypeSpec.Generator.ClientModel.Tests.Providers.ClientUriBuilderTests" name="AppendQuery_DateTimeOffset(&quot;http://localhost&quot;,&quot;6/30/1905 1:14:00 PM +00:00&quot;,&quot;o&quot;,True,&quot;http://localhost/?query=1905-06-30T13%3A14%3A00.0000000Z&quot;)" />
    </UnitTest>
    <UnitTest name="RoundTripWithModelReaderWriter(&quot;W&quot;)" storage="/home/runner/work/typespec/typespec/packages/http-client-csharp/generator/artifacts/bin/microsoft.typespec.generator.clientmodel.tests/debug/net8.0/microsoft.typespec.generator.clientmodel.tests.dll" id="763fef58-1ede-bd37-d3db-07fa6ea545ca">
      <Execution id="d7ffd8a2-b62d-4383-b8d9-42325bfb40da" />
      <TestMethod codeBase="/home/runner/work/typespec/typespec/packages/http-client-csharp/generator/artifacts/bin/Microsoft.TypeSpec.Generator.ClientModel.Tests/Debug/net8.0/Microsoft.TypeSpec.Generator.ClientModel.Tests.dll" adapterTypeName="executor://nunit3testexecutor/" className="Microsoft.TypeSpec.Generator.ClientModel.Tests.ModelReaderWriterValidation.TestProjects.Sample_TypeSpec.RoundTripModelTests" name="RoundTripWithModelReaderWriter(&quot;W&quot;)" />
    </UnitTest>
    <UnitTest name="RoundTripWithJsonInterfaceUtf8Reader(&quot;W&quot;)" storage="/home/runner/work/typespec/typespec/packages/http-client-csharp/generator/artifacts/bin/microsoft.typespec.generator.clientmodel.tests/debug/net8.0/microsoft.typespec.generator.clientmodel.tests.dll" id="9485847a-d0cf-d910-52fd-1dc7d46c0bab">
      <Execution id="a8eeac2d-7382-4813-a91f-6dc405407087" />
      <TestMethod codeBase="/home/runner/work/typespec/typespec/packages/http-client-csharp/generator/artifacts/bin/Microsoft.TypeSpec.Generator.ClientModel.Tests/Debug/net8.0/Microsoft.TypeSpec.Generator.ClientModel.Tests.dll" adapterTypeName="executor://nunit3testexecutor/" className="Microsoft.TypeSpec.Generator.ClientModel.Tests.ModelReaderWriterValidation.TestProjects.Sample_TypeSpec.RoundTripModelTests" name="RoundTripWithJsonInterfaceUtf8Reader(&quot;W&quot;)" />
    </UnitTest>
    <UnitTest name="TestIntSerializationStatement(UInt8,null)" storage="/home/runner/work/typespec/typespec/packages/http-client-csharp/generator/artifacts/bin/microsoft.typespec.generator.clientmodel.tests/debug/net8.0/microsoft.typespec.generator.clientmodel.tests.dll" id="f09d85d7-8ab6-0829-1e07-986b9eae07b3">
      <Execution id="eac74338-a1f2-4cca-a482-7ca5a3e759e2" />
      <TestMethod codeBase="/home/runner/work/typespec/typespec/packages/http-client-csharp/generator/artifacts/bin/Microsoft.TypeSpec.Generator.ClientModel.Tests/Debug/net8.0/Microsoft.TypeSpec.Generator.ClientModel.Tests.dll" adapterTypeName="executor://nunit3testexecutor/" className="Microsoft.TypeSpec.Generator.ClientModel.Tests.Providers.MrwSerializationTypeDefinitions.MrwSerializationTypeDefinitionTests" name="TestIntSerializationStatement(UInt8,null)" />
    </UnitTest>
    <UnitTest name="AppendPath_ByteArray(&quot;http://localhost&quot;,[104, 101, 108, 108, 111],&quot;U&quot;,False,&quot;http://localhost/aGVsbG8&quot;)" storage="/home/runner/work/typespec/typespec/packages/http-client-csharp/generator/artifacts/bin/microsoft.typespec.generator.clientmodel.tests/debug/net8.0/microsoft.typespec.generator.clientmodel.tests.dll" id="24a6ee56-00ee-be62-7065-a28f8e048c75">
      <Execution id="61d6e98b-495d-423e-ac54-e59e266dc8a9" />
      <TestMethod codeBase="/home/runner/work/typespec/typespec/packages/http-client-csharp/generator/artifacts/bin/Microsoft.TypeSpec.Generator.ClientModel.Tests/Debug/net8.0/Microsoft.TypeSpec.Generator.ClientModel.Tests.dll" adapterTypeName="executor://nunit3testexecutor/" className="Microsoft.TypeSpec.Generator.ClientModel.Tests.Providers.ClientUriBuilderTests" name="AppendPath_ByteArray(&quot;http://localhost&quot;,[104, 101, 108, 108, 111],&quot;U&quot;,False,&quot;http://localhost/aGVsbG8&quot;)" />
    </UnitTest>
    <UnitTest name="ContinuationTokenInHeaderOfT" storage="/home/runner/work/typespec/typespec/packages/http-client-csharp/generator/artifacts/bin/microsoft.typespec.generator.clientmodel.tests/debug/net8.0/microsoft.typespec.generator.clientmodel.tests.dll" id="ca7c7e07-d914-3d5b-78e0-4e9b1096ac8d">
      <Execution id="2c78ef3d-f204-4240-a307-d6e0c76358de" />
      <TestMethod codeBase="/home/runner/work/typespec/typespec/packages/http-client-csharp/generator/artifacts/bin/Microsoft.TypeSpec.Generator.ClientModel.Tests/Debug/net8.0/Microsoft.TypeSpec.Generator.ClientModel.Tests.dll" adapterTypeName="executor://nunit3testexecutor/" className="Microsoft.TypeSpec.Generator.ClientModel.Tests.Providers.CollectionResultDefinitions.ContinuationTokenTests" name="ContinuationTokenInHeaderOfT" />
    </UnitTest>
    <UnitTest name="TestBuildPersistableModelCreateCoreMethod(False)" storage="/home/runner/work/typespec/typespec/packages/http-client-csharp/generator/artifacts/bin/microsoft.typespec.generator.clientmodel.tests/debug/net8.0/microsoft.typespec.generator.clientmodel.tests.dll" id="bbb9316d-667f-3b33-a704-f74b312052fa">
      <Execution id="78fd8d3c-7f00-4253-8e03-565daf04b19a" />
      <TestMethod codeBase="/home/runner/work/typespec/typespec/packages/http-client-csharp/generator/artifacts/bin/Microsoft.TypeSpec.Generator.ClientModel.Tests/Debug/net8.0/Microsoft.TypeSpec.Generator.ClientModel.Tests.dll" adapterTypeName="executor://nunit3testexecutor/" className="Microsoft.TypeSpec.Generator.ClientModel.Tests.Providers.MrwSerializationTypeDefinitions.MrwSerializationTypeDefinitionTests" name="TestBuildPersistableModelCreateCoreMethod(False)" />
    </UnitTest>
    <UnitTest name="TestBuildAuthFields_WithSubClients_NoAuth(Microsoft.TypeSpec.Generator.Input.InputClient)" storage="/home/runner/work/typespec/typespec/packages/http-client-csharp/generator/artifacts/bin/microsoft.typespec.generator.clientmodel.tests/debug/net8.0/microsoft.typespec.generator.clientmodel.tests.dll" id="d82a3974-a1b3-5452-a547-6e33ca1a063c">
      <Execution id="736f24c9-975a-42d9-bf0d-067dbefe5211" />
      <TestMethod codeBase="/home/runner/work/typespec/typespec/packages/http-client-csharp/generator/artifacts/bin/Microsoft.TypeSpec.Generator.ClientModel.Tests/Debug/net8.0/Microsoft.TypeSpec.Generator.ClientModel.Tests.dll" adapterTypeName="executor://nunit3testexecutor/" className="Microsoft.TypeSpec.Generator.ClientModel.Tests.Providers.ClientProviders.ClientProviderTests" name="TestBuildAuthFields_WithSubClients_NoAuth(Microsoft.TypeSpec.Generator.Input.InputClient)" />
    </UnitTest>
    <UnitTest name="AppendPath_DateTimeOffset(&quot;http://localhost&quot;,&quot;6/30/1905 1:14:00 PM +00:00&quot;,&quot;o&quot;,True,&quot;http://localhost/1905-06-30T13%3A14%3A00.0000000Z&quot;)" storage="/home/runner/work/typespec/typespec/packages/http-client-csharp/generator/artifacts/bin/microsoft.typespec.generator.clientmodel.tests/debug/net8.0/microsoft.typespec.generator.clientmodel.tests.dll" id="f54c3826-ad6c-97f6-6d7f-5045e4477882">
      <Execution id="2f972861-b82d-449d-9f9a-eaa0f1843e73" />
      <TestMethod codeBase="/home/runner/work/typespec/typespec/packages/http-client-csharp/generator/artifacts/bin/Microsoft.TypeSpec.Generator.ClientModel.Tests/Debug/net8.0/Microsoft.TypeSpec.Generator.ClientModel.Tests.dll" adapterTypeName="executor://nunit3testexecutor/" className="Microsoft.TypeSpec.Generator.ClientModel.Tests.Providers.ClientUriBuilderTests" name="AppendPath_DateTimeOffset(&quot;http://localhost&quot;,&quot;6/30/1905 1:14:00 PM +00:00&quot;,&quot;o&quot;,True,&quot;http://localhost/1905-06-30T13%3A14%3A00.0000000Z&quot;)" />
    </UnitTest>
    <UnitTest name="ValidateConvertToString(&quot;P&quot;,1.02:59:59,&quot;P1DT2H59M59S&quot;)" storage="/home/runner/work/typespec/typespec/packages/http-client-csharp/generator/artifacts/bin/microsoft.typespec.generator.clientmodel.tests/debug/net8.0/microsoft.typespec.generator.clientmodel.tests.dll" id="779909c1-7cde-1cc8-f8b8-418d64f97a54">
      <Execution id="a2332f6b-4964-4b3d-9eec-801a6ac2fd76" />
      <TestMethod codeBase="/home/runner/work/typespec/typespec/packages/http-client-csharp/generator/artifacts/bin/Microsoft.TypeSpec.Generator.ClientModel.Tests/Debug/net8.0/Microsoft.TypeSpec.Generator.ClientModel.Tests.dll" adapterTypeName="executor://nunit3testexecutor/" className="Microsoft.TypeSpec.Generator.ClientModel.Tests.Providers.TypeFormatterTests" name="ValidateConvertToString(&quot;P&quot;,1.02:59:59,&quot;P1DT2H59M59S&quot;)" />
    </UnitTest>
    <UnitTest name="TestMatchConditionsParameter()" storage="/home/runner/work/typespec/typespec/packages/http-client-csharp/generator/artifacts/bin/microsoft.typespec.generator.clientmodel.tests/debug/net8.0/microsoft.typespec.generator.clientmodel.tests.dll" id="36d6f59a-7f94-a600-a190-5fd3ba4b33a1">
      <Execution id="ad756fcd-2360-4682-aa3f-2eac25542d02" />
      <TestMethod codeBase="/home/runner/work/typespec/typespec/packages/http-client-csharp/generator/artifacts/bin/Microsoft.TypeSpec.Generator.ClientModel.Tests/Debug/net8.0/Microsoft.TypeSpec.Generator.ClientModel.Tests.dll" adapterTypeName="executor://nunit3testexecutor/" className="Microsoft.TypeSpec.Generator.ClientModel.Tests.OutputTypes.ScmKnownParametersTests" name="TestMatchConditionsParameter()" />
    </UnitTest>
    <UnitTest name="ResetThenAppendPath(&quot;http://localhost/with&quot;,&quot;/path&quot;,&quot;http://localhost/with/path&quot;)" storage="/home/runner/work/typespec/typespec/packages/http-client-csharp/generator/artifacts/bin/microsoft.typespec.generator.clientmodel.tests/debug/net8.0/microsoft.typespec.generator.clientmodel.tests.dll" id="204645f2-5333-c0d4-de67-a29e91bf63f0">
      <Execution id="a43d2048-ea3c-4aab-9a14-b158502da219" />
      <TestMethod codeBase="/home/runner/work/typespec/typespec/packages/http-client-csharp/generator/artifacts/bin/Microsoft.TypeSpec.Generator.ClientModel.Tests/Debug/net8.0/Microsoft.TypeSpec.Generator.ClientModel.Tests.dll" adapterTypeName="executor://nunit3testexecutor/" className="Microsoft.TypeSpec.Generator.ClientModel.Tests.Providers.ClientUriBuilderTests" name="ResetThenAppendPath(&quot;http://localhost/with&quot;,&quot;/path&quot;,&quot;http://localhost/with/path&quot;)" />
    </UnitTest>
    <UnitTest name="RequestBodyConstructedRespectingRequestContentApi(Microsoft.TypeSpec.Generator.Input.InputArrayType)" storage="/home/runner/work/typespec/typespec/packages/http-client-csharp/generator/artifacts/bin/microsoft.typespec.generator.clientmodel.tests/debug/net8.0/microsoft.typespec.generator.clientmodel.tests.dll" id="0b777eee-ee01-cd28-6e26-18a5f04014f3">
      <Execution id="cfb10e04-e750-4329-b94d-f56879303b58" />
      <TestMethod codeBase="/home/runner/work/typespec/typespec/packages/http-client-csharp/generator/artifacts/bin/Microsoft.TypeSpec.Generator.ClientModel.Tests/Debug/net8.0/Microsoft.TypeSpec.Generator.ClientModel.Tests.dll" adapterTypeName="executor://nunit3testexecutor/" className="Microsoft.TypeSpec.Generator.ClientModel.Tests.Providers.ScmMethodProviderCollectionTests" name="RequestBodyConstructedRespectingRequestContentApi(Microsoft.TypeSpec.Generator.Input.InputArrayType)" />
    </UnitTest>
    <UnitTest name="AppendQuery_Guid(&quot;http://localhost&quot;,&quot;3f2504e0-4f89-11d3-9a0c-0305e82c3301&quot;,True,&quot;http://localhost/?query=3f2504e0-4f89-11d3-9a0c-0305e82c3301&quot;)" storage="/home/runner/work/typespec/typespec/packages/http-client-csharp/generator/artifacts/bin/microsoft.typespec.generator.clientmodel.tests/debug/net8.0/microsoft.typespec.generator.clientmodel.tests.dll" id="922bfda1-7a14-2dce-128b-e09841dad4e2">
      <Execution id="03932b46-6564-4e56-9397-8f36b799b6c1" />
      <TestMethod codeBase="/home/runner/work/typespec/typespec/packages/http-client-csharp/generator/artifacts/bin/Microsoft.TypeSpec.Generator.ClientModel.Tests/Debug/net8.0/Microsoft.TypeSpec.Generator.ClientModel.Tests.dll" adapterTypeName="executor://nunit3testexecutor/" className="Microsoft.TypeSpec.Generator.ClientModel.Tests.Providers.ClientUriBuilderTests" name="AppendQuery_Guid(&quot;http://localhost&quot;,&quot;3f2504e0-4f89-11d3-9a0c-0305e82c3301&quot;,True,&quot;http://localhost/?query=3f2504e0-4f89-11d3-9a0c-0305e82c3301&quot;)" />
    </UnitTest>
    <UnitTest name="ValidateQueryParamWriterDiff(False)" storage="/home/runner/work/typespec/typespec/packages/http-client-csharp/generator/artifacts/bin/microsoft.typespec.generator.clientmodel.tests/debug/net8.0/microsoft.typespec.generator.clientmodel.tests.dll" id="1f529619-47ad-664f-ed2a-aae54577d440">
      <Execution id="880fa44d-df98-42ac-98ab-66c7756edfcd" />
      <TestMethod codeBase="/home/runner/work/typespec/typespec/packages/http-client-csharp/generator/artifacts/bin/Microsoft.TypeSpec.Generator.ClientModel.Tests/Debug/net8.0/Microsoft.TypeSpec.Generator.ClientModel.Tests.dll" adapterTypeName="executor://nunit3testexecutor/" className="Microsoft.TypeSpec.Generator.ClientModel.Tests.Providers.ClientProviders.ClientProviderTests" name="ValidateQueryParamWriterDiff(False)" />
    </UnitTest>
    <UnitTest name="TestBuildFields" storage="/home/runner/work/typespec/typespec/packages/http-client-csharp/generator/artifacts/bin/microsoft.typespec.generator.clientmodel.tests/debug/net8.0/microsoft.typespec.generator.clientmodel.tests.dll" id="f9b2f864-a502-a8ed-b3aa-05e5daad2520">
      <Execution id="4b432bbf-1e95-4664-8265-ed352d891f37" />
      <TestMethod codeBase="/home/runner/work/typespec/typespec/packages/http-client-csharp/generator/artifacts/bin/Microsoft.TypeSpec.Generator.ClientModel.Tests/Debug/net8.0/Microsoft.TypeSpec.Generator.ClientModel.Tests.dll" adapterTypeName="executor://nunit3testexecutor/" className="Microsoft.TypeSpec.Generator.ClientModel.Tests.Providers.MrwSerializationTypeDefinitions.MrwSerializationTypeDefinitionTests" name="TestBuildFields" />
    </UnitTest>
    <UnitTest name="CanChangeDictionaryToBinaryData" storage="/home/runner/work/typespec/typespec/packages/http-client-csharp/generator/artifacts/bin/microsoft.typespec.generator.clientmodel.tests/debug/net8.0/microsoft.typespec.generator.clientmodel.tests.dll" id="ddf3d0a6-dd5f-db17-7a45-bf3b28b38312">
      <Execution id="6436e072-32e8-46e9-9fdd-9914351b7c29" />
      <TestMethod codeBase="/home/runner/work/typespec/typespec/packages/http-client-csharp/generator/artifacts/bin/Microsoft.TypeSpec.Generator.ClientModel.Tests/Debug/net8.0/Microsoft.TypeSpec.Generator.ClientModel.Tests.dll" adapterTypeName="executor://nunit3testexecutor/" className="Microsoft.TypeSpec.Generator.ClientModel.Tests.Providers.MrwSerializationTypeDefinitions.SerializationCustomizationTests" name="CanChangeDictionaryToBinaryData" />
    </UnitTest>
    <UnitTest name="CanReplaceSerializationMethod" storage="/home/runner/work/typespec/typespec/packages/http-client-csharp/generator/artifacts/bin/microsoft.typespec.generator.clientmodel.tests/debug/net8.0/microsoft.typespec.generator.clientmodel.tests.dll" id="52f43070-5fba-489a-4c2a-6329fcf8bea7">
      <Execution id="853af5a6-d340-4498-8063-85510ff6a59a" />
      <TestMethod codeBase="/home/runner/work/typespec/typespec/packages/http-client-csharp/generator/artifacts/bin/Microsoft.TypeSpec.Generator.ClientModel.Tests/Debug/net8.0/Microsoft.TypeSpec.Generator.ClientModel.Tests.dll" adapterTypeName="executor://nunit3testexecutor/" className="Microsoft.TypeSpec.Generator.ClientModel.Tests.Providers.MrwSerializationTypeDefinitions.SerializationCustomizationTests" name="CanReplaceSerializationMethod" />
    </UnitTest>
    <UnitTest name="AppendPath_Double(&quot;http://localhost&quot;,3.14d,False,&quot;http://localhost/3.14&quot;)" storage="/home/runner/work/typespec/typespec/packages/http-client-csharp/generator/artifacts/bin/microsoft.typespec.generator.clientmodel.tests/debug/net8.0/microsoft.typespec.generator.clientmodel.tests.dll" id="0d6f690b-9d82-1f59-cc79-11a0ccc735ef">
      <Execution id="e4c51ccf-b9e8-4ca6-ae6c-ed58759e67c5" />
      <TestMethod codeBase="/home/runner/work/typespec/typespec/packages/http-client-csharp/generator/artifacts/bin/Microsoft.TypeSpec.Generator.ClientModel.Tests/Debug/net8.0/Microsoft.TypeSpec.Generator.ClientModel.Tests.dll" adapterTypeName="executor://nunit3testexecutor/" className="Microsoft.TypeSpec.Generator.ClientModel.Tests.Providers.ClientUriBuilderTests" name="AppendPath_Double(&quot;http://localhost&quot;,3.14d,False,&quot;http://localhost/3.14&quot;)" />
    </UnitTest>
    <UnitTest name="ResetThenAppendPathThenAppendQuery(&quot;http://localhost:12345&quot;,&quot;/some/&quot;,&quot;one|1|two|2&quot;,&quot;http://localhost:12345/some/?one=1&amp;two=2&quot;)" storage="/home/runner/work/typespec/typespec/packages/http-client-csharp/generator/artifacts/bin/microsoft.typespec.generator.clientmodel.tests/debug/net8.0/microsoft.typespec.generator.clientmodel.tests.dll" id="17af0ef1-5b03-524e-019b-aa5abb781652">
      <Execution id="810f6cb9-ca33-46b8-ac05-8166a93a171d" />
      <TestMethod codeBase="/home/runner/work/typespec/typespec/packages/http-client-csharp/generator/artifacts/bin/Microsoft.TypeSpec.Generator.ClientModel.Tests/Debug/net8.0/Microsoft.TypeSpec.Generator.ClientModel.Tests.dll" adapterTypeName="executor://nunit3testexecutor/" className="Microsoft.TypeSpec.Generator.ClientModel.Tests.Providers.ClientUriBuilderTests" name="ResetThenAppendPathThenAppendQuery(&quot;http://localhost:12345&quot;,&quot;/some/&quot;,&quot;one|1|two|2&quot;,&quot;http://localhost:12345/some/?one=1&amp;two=2&quot;)" />
    </UnitTest>
    <UnitTest name="TestIntSerializationStatement(SafeInt,null)" storage="/home/runner/work/typespec/typespec/packages/http-client-csharp/generator/artifacts/bin/microsoft.typespec.generator.clientmodel.tests/debug/net8.0/microsoft.typespec.generator.clientmodel.tests.dll" id="b958a41f-27f6-e471-1bf7-24003919c637">
      <Execution id="156d314e-5a91-4093-bc82-db9b948d014c" />
      <TestMethod codeBase="/home/runner/work/typespec/typespec/packages/http-client-csharp/generator/artifacts/bin/Microsoft.TypeSpec.Generator.ClientModel.Tests/Debug/net8.0/Microsoft.TypeSpec.Generator.ClientModel.Tests.dll" adapterTypeName="executor://nunit3testexecutor/" className="Microsoft.TypeSpec.Generator.ClientModel.Tests.Providers.MrwSerializationTypeDefinitions.MrwSerializationTypeDefinitionTests" name="TestIntSerializationStatement(SafeInt,null)" />
    </UnitTest>
    <UnitTest name="RoundTripWithJsonInterfaceOfT(&quot;J&quot;)" storage="/home/runner/work/typespec/typespec/packages/http-client-csharp/generator/artifacts/bin/microsoft.typespec.generator.clientmodel.tests/debug/net8.0/microsoft.typespec.generator.clientmodel.tests.dll" id="9e2a9f15-4488-46b5-d65a-ca258ef40110">
      <Execution id="1f2dab64-aed5-41dd-9ef9-05583d21e107" />
      <TestMethod codeBase="/home/runner/work/typespec/typespec/packages/http-client-csharp/generator/artifacts/bin/Microsoft.TypeSpec.Generator.ClientModel.Tests/Debug/net8.0/Microsoft.TypeSpec.Generator.ClientModel.Tests.dll" adapterTypeName="executor://nunit3testexecutor/" className="Microsoft.TypeSpec.Generator.ClientModel.Tests.ModelReaderWriterValidation.TestProjects.Sample_TypeSpec.RoundTripModelTests" name="RoundTripWithJsonInterfaceOfT(&quot;J&quot;)" />
    </UnitTest>
    <UnitTest name="ValidateConvertToString(&quot;c&quot;,1.02:59:59.5000000,&quot;1.02:59:59.5000000&quot;)" storage="/home/runner/work/typespec/typespec/packages/http-client-csharp/generator/artifacts/bin/microsoft.typespec.generator.clientmodel.tests/debug/net8.0/microsoft.typespec.generator.clientmodel.tests.dll" id="286c9298-177b-f65b-c722-ac07a895db6d">
      <Execution id="6d695b5b-b8f0-42c2-a469-04bc150b19bb" />
      <TestMethod codeBase="/home/runner/work/typespec/typespec/packages/http-client-csharp/generator/artifacts/bin/Microsoft.TypeSpec.Generator.ClientModel.Tests/Debug/net8.0/Microsoft.TypeSpec.Generator.ClientModel.Tests.dll" adapterTypeName="executor://nunit3testexecutor/" className="Microsoft.TypeSpec.Generator.ClientModel.Tests.Providers.TypeFormatterTests" name="ValidateConvertToString(&quot;c&quot;,1.02:59:59.5000000,&quot;1.02:59:59.5000000&quot;)" />
    </UnitTest>
    <UnitTest name="EndpointInitializationValue(Microsoft.TypeSpec.Generator.Input.InputParameter,NewInstanceExpression { Type = global::System.Uri, Parameters = Microsoft.TypeSpec.Generator.Expressions.ValueExpression[], InitExpression =  })" storage="/home/runner/work/typespec/typespec/packages/http-client-csharp/generator/artifacts/bin/microsoft.typespec.generator.clientmodel.tests/debug/net8.0/microsoft.typespec.generator.clientmodel.tests.dll" id="03f1dfdc-f881-eae6-ebfe-eaa49855d196">
      <Execution id="4d211d86-4a20-4fc5-978a-61eaf130d8e4" />
      <TestMethod codeBase="/home/runner/work/typespec/typespec/packages/http-client-csharp/generator/artifacts/bin/Microsoft.TypeSpec.Generator.ClientModel.Tests/Debug/net8.0/Microsoft.TypeSpec.Generator.ClientModel.Tests.dll" adapterTypeName="executor://nunit3testexecutor/" className="Microsoft.TypeSpec.Generator.ClientModel.Tests.Providers.ClientProviders.ClientProviderTests" name="EndpointInitializationValue(Microsoft.TypeSpec.Generator.Input.InputParameter,NewInstanceExpression { Type = global::System.Uri, Parameters = Microsoft.TypeSpec.Generator.Expressions.ValueExpression[], InitExpression =  })" />
    </UnitTest>
    <UnitTest name="RoundTripWithJsonInterfaceUtf8Reader(&quot;W&quot;)" storage="/home/runner/work/typespec/typespec/packages/http-client-csharp/generator/artifacts/bin/microsoft.typespec.generator.clientmodel.tests/debug/net8.0/microsoft.typespec.generator.clientmodel.tests.dll" id="47801b5e-10f4-56e3-4d93-5810e362eda9">
      <Execution id="493fabfe-d4bf-4b4d-82b2-ebf1f7a1b234" />
      <TestMethod codeBase="/home/runner/work/typespec/typespec/packages/http-client-csharp/generator/artifacts/bin/Microsoft.TypeSpec.Generator.ClientModel.Tests/Debug/net8.0/Microsoft.TypeSpec.Generator.ClientModel.Tests.dll" adapterTypeName="executor://nunit3testexecutor/" className="Microsoft.TypeSpec.Generator.ClientModel.Tests.ModelReaderWriterValidation.TestProjects.Sample_TypeSpec.ThingWithNullsTests" name="RoundTripWithJsonInterfaceUtf8Reader(&quot;W&quot;)" />
    </UnitTest>
    <UnitTest name="ValidateConvertToString(&quot;O&quot;,05/04/2020 03:02:01 +01:00,&quot;2020-05-04T02:02:01.1230000Z&quot;)" storage="/home/runner/work/typespec/typespec/packages/http-client-csharp/generator/artifacts/bin/microsoft.typespec.generator.clientmodel.tests/debug/net8.0/microsoft.typespec.generator.clientmodel.tests.dll" id="75c5c21e-f746-4e6e-81df-fc94bf156b92">
      <Execution id="da0faf42-0c81-4dce-9266-4f00bdb2dc9d" />
      <TestMethod codeBase="/home/runner/work/typespec/typespec/packages/http-client-csharp/generator/artifacts/bin/Microsoft.TypeSpec.Generator.ClientModel.Tests/Debug/net8.0/Microsoft.TypeSpec.Generator.ClientModel.Tests.dll" adapterTypeName="executor://nunit3testexecutor/" className="Microsoft.TypeSpec.Generator.ClientModel.Tests.Providers.TypeFormatterTests" name="ValidateConvertToString(&quot;O&quot;,05/04/2020 03:02:01 +01:00,&quot;2020-05-04T02:02:01.1230000Z&quot;)" />
    </UnitTest>
    <UnitTest name="TestProperties(True)" storage="/home/runner/work/typespec/typespec/packages/http-client-csharp/generator/artifacts/bin/microsoft.typespec.generator.clientmodel.tests/debug/net8.0/microsoft.typespec.generator.clientmodel.tests.dll" id="f5da3dc1-e02c-560c-2f2c-2214ac1c3c6d">
      <Execution id="964a344f-2fd5-45eb-876e-85dc30ce5578" />
      <TestMethod codeBase="/home/runner/work/typespec/typespec/packages/http-client-csharp/generator/artifacts/bin/Microsoft.TypeSpec.Generator.ClientModel.Tests/Debug/net8.0/Microsoft.TypeSpec.Generator.ClientModel.Tests.dll" adapterTypeName="executor://nunit3testexecutor/" className="Microsoft.TypeSpec.Generator.ClientModel.Tests.Providers.ClientOptionsProviderTests" name="TestProperties(True)" />
    </UnitTest>
    <UnitTest name="ThrowsIfUnknownFormat" storage="/home/runner/work/typespec/typespec/packages/http-client-csharp/generator/artifacts/bin/microsoft.typespec.generator.clientmodel.tests/debug/net8.0/microsoft.typespec.generator.clientmodel.tests.dll" id="7f7f5d66-3aed-c22e-7bf4-aeb78cf64ade">
      <Execution id="00c95678-4e25-417c-b985-40f7ec7ca667" />
      <TestMethod codeBase="/home/runner/work/typespec/typespec/packages/http-client-csharp/generator/artifacts/bin/Microsoft.TypeSpec.Generator.ClientModel.Tests/Debug/net8.0/Microsoft.TypeSpec.Generator.ClientModel.Tests.dll" adapterTypeName="executor://nunit3testexecutor/" className="Microsoft.TypeSpec.Generator.ClientModel.Tests.ModelReaderWriterValidation.TestProjects.Sample_TypeSpec.ThingTests" name="ThrowsIfUnknownFormat" />
    </UnitTest>
    <UnitTest name="ValidateConvertToString(null,3.14f,&quot;3.14&quot;)" storage="/home/runner/work/typespec/typespec/packages/http-client-csharp/generator/artifacts/bin/microsoft.typespec.generator.clientmodel.tests/debug/net8.0/microsoft.typespec.generator.clientmodel.tests.dll" id="7adc7ac4-fa4e-60ca-0d47-9278641414cf">
      <Execution id="66348467-04e8-43e8-8664-b3d282a3e3f8" />
      <TestMethod codeBase="/home/runner/work/typespec/typespec/packages/http-client-csharp/generator/artifacts/bin/Microsoft.TypeSpec.Generator.ClientModel.Tests/Debug/net8.0/Microsoft.TypeSpec.Generator.ClientModel.Tests.dll" adapterTypeName="executor://nunit3testexecutor/" className="Microsoft.TypeSpec.Generator.ClientModel.Tests.Providers.TypeFormatterTests" name="ValidateConvertToString(null,3.14f,&quot;3.14&quot;)" />
    </UnitTest>
    <UnitTest name="TestBuildCreateRequestMethodWithPaging(False)" storage="/home/runner/work/typespec/typespec/packages/http-client-csharp/generator/artifacts/bin/microsoft.typespec.generator.clientmodel.tests/debug/net8.0/microsoft.typespec.generator.clientmodel.tests.dll" id="34bfcbdb-a9fe-5904-aaae-9b92562a47e4">
      <Execution id="afab087e-58ba-4388-a277-910acd6086d8" />
      <TestMethod codeBase="/home/runner/work/typespec/typespec/packages/http-client-csharp/generator/artifacts/bin/Microsoft.TypeSpec.Generator.ClientModel.Tests/Debug/net8.0/Microsoft.TypeSpec.Generator.ClientModel.Tests.dll" adapterTypeName="executor://nunit3testexecutor/" className="Microsoft.TypeSpec.Generator.ClientModel.Tests.Providers.RestClientProviders.RestClientProviderTests" name="TestBuildCreateRequestMethodWithPaging(False)" />
    </UnitTest>
    <UnitTest name="ResetThenAppendQueryThenAppendPath(&quot;http://localhost:12345&quot;,&quot;some&quot;,&quot;one|1&quot;,&quot;http://localhost:12345/some?one=1&quot;)" storage="/home/runner/work/typespec/typespec/packages/http-client-csharp/generator/artifacts/bin/microsoft.typespec.generator.clientmodel.tests/debug/net8.0/microsoft.typespec.generator.clientmodel.tests.dll" id="070234ad-41f6-8b87-8d36-d61d76f8b990">
      <Execution id="6cd6297a-249d-4572-951b-c5a148d8b400" />
      <TestMethod codeBase="/home/runner/work/typespec/typespec/packages/http-client-csharp/generator/artifacts/bin/Microsoft.TypeSpec.Generator.ClientModel.Tests/Debug/net8.0/Microsoft.TypeSpec.Generator.ClientModel.Tests.dll" adapterTypeName="executor://nunit3testexecutor/" className="Microsoft.TypeSpec.Generator.ClientModel.Tests.Providers.ClientUriBuilderTests" name="ResetThenAppendQueryThenAppendPath(&quot;http://localhost:12345&quot;,&quot;some&quot;,&quot;one|1&quot;,&quot;http://localhost:12345/some?one=1&quot;)" />
    </UnitTest>
    <UnitTest name="ResetThenAppendPathThenAppendQuery(&quot;http://localhost/&quot;,&quot;/some&quot;,&quot;one|1&quot;,&quot;http://localhost/some?one=1&quot;)" storage="/home/runner/work/typespec/typespec/packages/http-client-csharp/generator/artifacts/bin/microsoft.typespec.generator.clientmodel.tests/debug/net8.0/microsoft.typespec.generator.clientmodel.tests.dll" id="d1093ddf-4b56-d096-51d1-5583aef8d68c">
      <Execution id="818defb1-6f47-4e3c-a5ff-b109a8809365" />
      <TestMethod codeBase="/home/runner/work/typespec/typespec/packages/http-client-csharp/generator/artifacts/bin/Microsoft.TypeSpec.Generator.ClientModel.Tests/Debug/net8.0/Microsoft.TypeSpec.Generator.ClientModel.Tests.dll" adapterTypeName="executor://nunit3testexecutor/" className="Microsoft.TypeSpec.Generator.ClientModel.Tests.Providers.ClientUriBuilderTests" name="ResetThenAppendPathThenAppendQuery(&quot;http://localhost/&quot;,&quot;/some&quot;,&quot;one|1&quot;,&quot;http://localhost/some?one=1&quot;)" />
    </UnitTest>
    <UnitTest name="ValidateToSerialMethodsExtensible(Microsoft.TypeSpec.Generator.Input.InputEnumType)" storage="/home/runner/work/typespec/typespec/packages/http-client-csharp/generator/artifacts/bin/microsoft.typespec.generator.clientmodel.tests/debug/net8.0/microsoft.typespec.generator.clientmodel.tests.dll" id="bf4fa718-a0dc-a376-320f-64846e767fdc">
      <Execution id="ad53ab57-59c7-4f8d-8326-fd2dd85413f9" />
      <TestMethod codeBase="/home/runner/work/typespec/typespec/packages/http-client-csharp/generator/artifacts/bin/Microsoft.TypeSpec.Generator.ClientModel.Tests/Debug/net8.0/Microsoft.TypeSpec.Generator.ClientModel.Tests.dll" adapterTypeName="executor://nunit3testexecutor/" className="Microsoft.TypeSpec.Generator.ClientModel.Tests.Providers.EnumProvider.EnumProviderSerializationTests" name="ValidateToSerialMethodsExtensible(Microsoft.TypeSpec.Generator.Input.InputEnumType)" />
    </UnitTest>
    <UnitTest name="ResetThenAppendQuery(&quot;http://localhost/some/&quot;,&quot;one|1|two|2&quot;,&quot;http://localhost/some/?one=1&amp;two=2&quot;)" storage="/home/runner/work/typespec/typespec/packages/http-client-csharp/generator/artifacts/bin/microsoft.typespec.generator.clientmodel.tests/debug/net8.0/microsoft.typespec.generator.clientmodel.tests.dll" id="bcca15e8-f885-072a-8111-788e9a179cb4">
      <Execution id="bbda3c0a-8b0f-4f2b-8f49-320ec46a71ef" />
      <TestMethod codeBase="/home/runner/work/typespec/typespec/packages/http-client-csharp/generator/artifacts/bin/Microsoft.TypeSpec.Generator.ClientModel.Tests/Debug/net8.0/Microsoft.TypeSpec.Generator.ClientModel.Tests.dll" adapterTypeName="executor://nunit3testexecutor/" className="Microsoft.TypeSpec.Generator.ClientModel.Tests.Providers.ClientUriBuilderTests" name="ResetThenAppendQuery(&quot;http://localhost/some/&quot;,&quot;one|1|two|2&quot;,&quot;http://localhost/some/?one=1&amp;two=2&quot;)" />
    </UnitTest>
    <UnitTest name="AppendQuery_TimeSpan(&quot;http://localhost&quot;,&quot;02:15:00&quot;,&quot;&quot;,True,&quot;http://localhost/?query=02%3A15%3A00&quot;)" storage="/home/runner/work/typespec/typespec/packages/http-client-csharp/generator/artifacts/bin/microsoft.typespec.generator.clientmodel.tests/debug/net8.0/microsoft.typespec.generator.clientmodel.tests.dll" id="94947477-732a-e560-5f54-22bdde23417b">
      <Execution id="4b4a6140-a36b-43f7-a26b-1a4f89c48de8" />
      <TestMethod codeBase="/home/runner/work/typespec/typespec/packages/http-client-csharp/generator/artifacts/bin/Microsoft.TypeSpec.Generator.ClientModel.Tests/Debug/net8.0/Microsoft.TypeSpec.Generator.ClientModel.Tests.dll" adapterTypeName="executor://nunit3testexecutor/" className="Microsoft.TypeSpec.Generator.ClientModel.Tests.Providers.ClientUriBuilderTests" name="AppendQuery_TimeSpan(&quot;http://localhost&quot;,&quot;02:15:00&quot;,&quot;&quot;,True,&quot;http://localhost/?query=02%3A15%3A00&quot;)" />
    </UnitTest>
    <UnitTest name="CanCustomizeEnumToFieldFrameworkType" storage="/home/runner/work/typespec/typespec/packages/http-client-csharp/generator/artifacts/bin/microsoft.typespec.generator.clientmodel.tests/debug/net8.0/microsoft.typespec.generator.clientmodel.tests.dll" id="43806d68-607b-69b7-029c-895db69c2a44">
      <Execution id="db4dd52c-6891-4522-9e4d-f285f1d92610" />
      <TestMethod codeBase="/home/runner/work/typespec/typespec/packages/http-client-csharp/generator/artifacts/bin/Microsoft.TypeSpec.Generator.ClientModel.Tests/Debug/net8.0/Microsoft.TypeSpec.Generator.ClientModel.Tests.dll" adapterTypeName="executor://nunit3testexecutor/" className="Microsoft.TypeSpec.Generator.ClientModel.Tests.Providers.MrwSerializationTypeDefinitions.ModelCustomizationTests" name="CanCustomizeEnumToFieldFrameworkType" />
    </UnitTest>
    <UnitTest name="RoundTripWithModelInterfaceNonGeneric(&quot;J&quot;)" storage="/home/runner/work/typespec/typespec/packages/http-client-csharp/generator/artifacts/bin/microsoft.typespec.generator.clientmodel.tests/debug/net8.0/microsoft.typespec.generator.clientmodel.tests.dll" id="18629ec7-3646-60f2-e0ac-ece98123ec4e">
      <Execution id="f73089a9-80ad-44b5-9fce-58d1ade69d47" />
      <TestMethod codeBase="/home/runner/work/typespec/typespec/packages/http-client-csharp/generator/artifacts/bin/Microsoft.TypeSpec.Generator.ClientModel.Tests/Debug/net8.0/Microsoft.TypeSpec.Generator.ClientModel.Tests.dll" adapterTypeName="executor://nunit3testexecutor/" className="Microsoft.TypeSpec.Generator.ClientModel.Tests.ModelReaderWriterValidation.TestProjects.Sample_TypeSpec.FriendTests" name="RoundTripWithModelInterfaceNonGeneric(&quot;J&quot;)" />
    </UnitTest>
    <UnitTest name="TestBuildProperties" storage="/home/runner/work/typespec/typespec/packages/http-client-csharp/generator/artifacts/bin/microsoft.typespec.generator.clientmodel.tests/debug/net8.0/microsoft.typespec.generator.clientmodel.tests.dll" id="622aba69-20fa-274e-c9a3-62ef69aa9cc7">
      <Execution id="76e6f481-bc89-4c93-b503-64c289364409" />
      <TestMethod codeBase="/home/runner/work/typespec/typespec/packages/http-client-csharp/generator/artifacts/bin/Microsoft.TypeSpec.Generator.ClientModel.Tests/Debug/net8.0/Microsoft.TypeSpec.Generator.ClientModel.Tests.dll" adapterTypeName="executor://nunit3testexecutor/" className="Microsoft.TypeSpec.Generator.ClientModel.Tests.Providers.ClientProviders.ClientProviderTests" name="TestBuildProperties" />
    </UnitTest>
    <UnitTest name="AppendPath_Float(&quot;http://localhost&quot;,-3.14f,True,&quot;http://localhost/-3.14&quot;)" storage="/home/runner/work/typespec/typespec/packages/http-client-csharp/generator/artifacts/bin/microsoft.typespec.generator.clientmodel.tests/debug/net8.0/microsoft.typespec.generator.clientmodel.tests.dll" id="bf3da019-7f9d-af94-6f96-f8ea713b9cf6">
      <Execution id="dae8c193-ba04-42b1-8560-2b7692a9449d" />
      <TestMethod codeBase="/home/runner/work/typespec/typespec/packages/http-client-csharp/generator/artifacts/bin/Microsoft.TypeSpec.Generator.ClientModel.Tests/Debug/net8.0/Microsoft.TypeSpec.Generator.ClientModel.Tests.dll" adapterTypeName="executor://nunit3testexecutor/" className="Microsoft.TypeSpec.Generator.ClientModel.Tests.Providers.ClientUriBuilderTests" name="AppendPath_Float(&quot;http://localhost&quot;,-3.14f,True,&quot;http://localhost/-3.14&quot;)" />
    </UnitTest>
    <UnitTest name="NextLinkInBodyOfTAsync" storage="/home/runner/work/typespec/typespec/packages/http-client-csharp/generator/artifacts/bin/microsoft.typespec.generator.clientmodel.tests/debug/net8.0/microsoft.typespec.generator.clientmodel.tests.dll" id="6eb251ea-cd01-f295-71ff-20db562d463d">
      <Execution id="655fe526-0480-4888-8454-54bee9fa6e7d" />
      <TestMethod codeBase="/home/runner/work/typespec/typespec/packages/http-client-csharp/generator/artifacts/bin/Microsoft.TypeSpec.Generator.ClientModel.Tests/Debug/net8.0/Microsoft.TypeSpec.Generator.ClientModel.Tests.dll" adapterTypeName="executor://nunit3testexecutor/" className="Microsoft.TypeSpec.Generator.ClientModel.Tests.Providers.CollectionResultDefinitions.NextLinkTests" name="NextLinkInBodyOfTAsync" />
    </UnitTest>
    <UnitTest name="TestBuildCreateRequestMethodWithPathParameters" storage="/home/runner/work/typespec/typespec/packages/http-client-csharp/generator/artifacts/bin/microsoft.typespec.generator.clientmodel.tests/debug/net8.0/microsoft.typespec.generator.clientmodel.tests.dll" id="399178cf-d06f-bce1-4bab-8ac5289277a4">
      <Execution id="34e4219b-9085-473a-a2bd-958a325f1c5f" />
      <TestMethod codeBase="/home/runner/work/typespec/typespec/packages/http-client-csharp/generator/artifacts/bin/Microsoft.TypeSpec.Generator.ClientModel.Tests/Debug/net8.0/Microsoft.TypeSpec.Generator.ClientModel.Tests.dll" adapterTypeName="executor://nunit3testexecutor/" className="Microsoft.TypeSpec.Generator.ClientModel.Tests.Providers.RestClientProviders.RestClientProviderTests" name="TestBuildCreateRequestMethodWithPathParameters" />
    </UnitTest>
    <UnitTest name="TestIntSerializationStatement(Int64,&quot;string&quot;)" storage="/home/runner/work/typespec/typespec/packages/http-client-csharp/generator/artifacts/bin/microsoft.typespec.generator.clientmodel.tests/debug/net8.0/microsoft.typespec.generator.clientmodel.tests.dll" id="e5ea073a-1304-13ec-948e-c8c80cc58fda">
      <Execution id="eea1a6ec-1ce2-48ed-8018-8934238842f1" />
      <TestMethod codeBase="/home/runner/work/typespec/typespec/packages/http-client-csharp/generator/artifacts/bin/Microsoft.TypeSpec.Generator.ClientModel.Tests/Debug/net8.0/Microsoft.TypeSpec.Generator.ClientModel.Tests.dll" adapterTypeName="executor://nunit3testexecutor/" className="Microsoft.TypeSpec.Generator.ClientModel.Tests.Providers.MrwSerializationTypeDefinitions.MrwSerializationTypeDefinitionTests" name="TestIntSerializationStatement(Int64,&quot;string&quot;)" />
    </UnitTest>
    <UnitTest name="CanReplaceMethod" storage="/home/runner/work/typespec/typespec/packages/http-client-csharp/generator/artifacts/bin/microsoft.typespec.generator.clientmodel.tests/debug/net8.0/microsoft.typespec.generator.clientmodel.tests.dll" id="bddbe6e1-4ba2-79f3-80d7-1fdfb1834331">
      <Execution id="a14c31c9-e1f0-471b-9c7d-cb47a32c268a" />
      <TestMethod codeBase="/home/runner/work/typespec/typespec/packages/http-client-csharp/generator/artifacts/bin/Microsoft.TypeSpec.Generator.ClientModel.Tests/Debug/net8.0/Microsoft.TypeSpec.Generator.ClientModel.Tests.dll" adapterTypeName="executor://nunit3testexecutor/" className="Microsoft.TypeSpec.Generator.ClientModel.Tests.Providers.Definitions.ClientPipelineExtensionsDefCustomizationTests" name="CanReplaceMethod" />
    </UnitTest>
    <UnitTest name="CanAddMultipleMethods" storage="/home/runner/work/typespec/typespec/packages/http-client-csharp/generator/artifacts/bin/microsoft.typespec.generator.clientmodel.tests/debug/net8.0/microsoft.typespec.generator.clientmodel.tests.dll" id="54b2cfa1-7269-c0b2-f15e-9f5e8fbe61d5">
      <Execution id="8c4cc84c-dc61-4558-ad5b-0cd76c777837" />
      <TestMethod codeBase="/home/runner/work/typespec/typespec/packages/http-client-csharp/generator/artifacts/bin/Microsoft.TypeSpec.Generator.ClientModel.Tests/Debug/net8.0/Microsoft.TypeSpec.Generator.ClientModel.Tests.dll" adapterTypeName="executor://nunit3testexecutor/" className="Microsoft.TypeSpec.Generator.ClientModel.Tests.Providers.ClientProviders.ClientProviderCustomizationTests" name="CanAddMultipleMethods" />
    </UnitTest>
    <UnitTest name="AppendQuery_Guid(&quot;http://localhost&quot;,&quot;3f2504e0-4f89-11d3-9a0c-0305e82c3301&quot;,False,&quot;http://localhost/?query=3f2504e0-4f89-11d3-9a0c-0305e82c3301&quot;)" storage="/home/runner/work/typespec/typespec/packages/http-client-csharp/generator/artifacts/bin/microsoft.typespec.generator.clientmodel.tests/debug/net8.0/microsoft.typespec.generator.clientmodel.tests.dll" id="1368c745-6a45-6b60-c9b7-a77fa1d07ab3">
      <Execution id="9977209c-b150-41bd-b79b-75efb35c0ab0" />
      <TestMethod codeBase="/home/runner/work/typespec/typespec/packages/http-client-csharp/generator/artifacts/bin/Microsoft.TypeSpec.Generator.ClientModel.Tests/Debug/net8.0/Microsoft.TypeSpec.Generator.ClientModel.Tests.dll" adapterTypeName="executor://nunit3testexecutor/" className="Microsoft.TypeSpec.Generator.ClientModel.Tests.Providers.ClientUriBuilderTests" name="AppendQuery_Guid(&quot;http://localhost&quot;,&quot;3f2504e0-4f89-11d3-9a0c-0305e82c3301&quot;,False,&quot;http://localhost/?query=3f2504e0-4f89-11d3-9a0c-0305e82c3301&quot;)" />
    </UnitTest>
    <UnitTest name="FormatsDatesAsJson(&quot;R&quot;,05/04/2020 03:02:01 +01:00,&quot;Mon, 04 May 2020 02:02:01 GMT&quot;)" storage="/home/runner/work/typespec/typespec/packages/http-client-csharp/generator/artifacts/bin/microsoft.typespec.generator.clientmodel.tests/debug/net8.0/microsoft.typespec.generator.clientmodel.tests.dll" id="9d18eb91-be6b-90e4-b7cf-8f9741658eb3">
      <Execution id="1980edf1-f0aa-4b96-8c86-d0190efdc5ba" />
      <TestMethod codeBase="/home/runner/work/typespec/typespec/packages/http-client-csharp/generator/artifacts/bin/Microsoft.TypeSpec.Generator.ClientModel.Tests/Debug/net8.0/Microsoft.TypeSpec.Generator.ClientModel.Tests.dll" adapterTypeName="executor://nunit3testexecutor/" className="Microsoft.TypeSpec.Generator.ClientModel.Tests.Providers.TypeFormatterTests" name="FormatsDatesAsJson(&quot;R&quot;,05/04/2020 03:02:01 +01:00,&quot;Mon, 04 May 2020 02:02:01 GMT&quot;)" />
    </UnitTest>
    <UnitTest name="CanReplaceStructMethod(False)" storage="/home/runner/work/typespec/typespec/packages/http-client-csharp/generator/artifacts/bin/microsoft.typespec.generator.clientmodel.tests/debug/net8.0/microsoft.typespec.generator.clientmodel.tests.dll" id="3c2bfb64-9df6-3696-771c-f9828b5d3e4d">
      <Execution id="b06dc2a7-7c62-400a-b358-c2179c9add6d" />
      <TestMethod codeBase="/home/runner/work/typespec/typespec/packages/http-client-csharp/generator/artifacts/bin/Microsoft.TypeSpec.Generator.ClientModel.Tests/Debug/net8.0/Microsoft.TypeSpec.Generator.ClientModel.Tests.dll" adapterTypeName="executor://nunit3testexecutor/" className="Microsoft.TypeSpec.Generator.ClientModel.Tests.Providers.ClientProviders.ClientProviderCustomizationTests" name="CanReplaceStructMethod(False)" />
    </UnitTest>
    <UnitTest name="NextLinkInHeaderAsync" storage="/home/runner/work/typespec/typespec/packages/http-client-csharp/generator/artifacts/bin/microsoft.typespec.generator.clientmodel.tests/debug/net8.0/microsoft.typespec.generator.clientmodel.tests.dll" id="883e5672-51ed-46eb-1c03-d79c19b513da">
      <Execution id="8a83b81a-bdc1-419b-8ff1-0c9fa825f74d" />
      <TestMethod codeBase="/home/runner/work/typespec/typespec/packages/http-client-csharp/generator/artifacts/bin/Microsoft.TypeSpec.Generator.ClientModel.Tests/Debug/net8.0/Microsoft.TypeSpec.Generator.ClientModel.Tests.dll" adapterTypeName="executor://nunit3testexecutor/" className="Microsoft.TypeSpec.Generator.ClientModel.Tests.Providers.CollectionResultDefinitions.NextLinkTests" name="NextLinkInHeaderAsync" />
    </UnitTest>
    <UnitTest name="AppendQuery_Int(&quot;http://localhost&quot;,-299792458,True,&quot;http://localhost/?query=-299792458&quot;)" storage="/home/runner/work/typespec/typespec/packages/http-client-csharp/generator/artifacts/bin/microsoft.typespec.generator.clientmodel.tests/debug/net8.0/microsoft.typespec.generator.clientmodel.tests.dll" id="7456fb2c-8b28-44ae-c1dd-c8e91814e107">
      <Execution id="a2d520de-a6ca-4b1b-9283-6324fc84bc33" />
      <TestMethod codeBase="/home/runner/work/typespec/typespec/packages/http-client-csharp/generator/artifacts/bin/Microsoft.TypeSpec.Generator.ClientModel.Tests/Debug/net8.0/Microsoft.TypeSpec.Generator.ClientModel.Tests.dll" adapterTypeName="executor://nunit3testexecutor/" className="Microsoft.TypeSpec.Generator.ClientModel.Tests.Providers.ClientUriBuilderTests" name="AppendQuery_Int(&quot;http://localhost&quot;,-299792458,True,&quot;http://localhost/?query=-299792458&quot;)" />
    </UnitTest>
    <UnitTest name="ResetThenAppendPathThenAppendQuery(&quot;http://localhost:12345&quot;,&quot;some/&quot;,&quot;one|1&quot;,&quot;http://localhost:12345/some/?one=1&quot;)" storage="/home/runner/work/typespec/typespec/packages/http-client-csharp/generator/artifacts/bin/microsoft.typespec.generator.clientmodel.tests/debug/net8.0/microsoft.typespec.generator.clientmodel.tests.dll" id="e2eeac04-ff14-49db-523a-cfd79fc27b7f">
      <Execution id="92bd0bc1-6db0-4126-8535-df81e600c04e" />
      <TestMethod codeBase="/home/runner/work/typespec/typespec/packages/http-client-csharp/generator/artifacts/bin/Microsoft.TypeSpec.Generator.ClientModel.Tests/Debug/net8.0/Microsoft.TypeSpec.Generator.ClientModel.Tests.dll" adapterTypeName="executor://nunit3testexecutor/" className="Microsoft.TypeSpec.Generator.ClientModel.Tests.Providers.ClientUriBuilderTests" name="ResetThenAppendPathThenAppendQuery(&quot;http://localhost:12345&quot;,&quot;some/&quot;,&quot;one|1&quot;,&quot;http://localhost:12345/some/?one=1&quot;)" />
    </UnitTest>
    <UnitTest name="AppendPath_DateTimeOffset(&quot;http://localhost&quot;,&quot;6/30/1905 1:14:00 PM +00:00&quot;,&quot;U&quot;,False,&quot;http://localhost/-2035622760&quot;)" storage="/home/runner/work/typespec/typespec/packages/http-client-csharp/generator/artifacts/bin/microsoft.typespec.generator.clientmodel.tests/debug/net8.0/microsoft.typespec.generator.clientmodel.tests.dll" id="a796d7f5-984c-823a-3844-ddc6f7370e1a">
      <Execution id="fcad3847-aa2c-479f-a744-7721e7dd3400" />
      <TestMethod codeBase="/home/runner/work/typespec/typespec/packages/http-client-csharp/generator/artifacts/bin/Microsoft.TypeSpec.Generator.ClientModel.Tests/Debug/net8.0/Microsoft.TypeSpec.Generator.ClientModel.Tests.dll" adapterTypeName="executor://nunit3testexecutor/" className="Microsoft.TypeSpec.Generator.ClientModel.Tests.Providers.ClientUriBuilderTests" name="AppendPath_DateTimeOffset(&quot;http://localhost&quot;,&quot;6/30/1905 1:14:00 PM +00:00&quot;,&quot;U&quot;,False,&quot;http://localhost/-2035622760&quot;)" />
    </UnitTest>
    <UnitTest name="AppendPath_DateTimeOffset(&quot;http://localhost&quot;,&quot;6/30/1905 1:14:00 PM +00:00&quot;,&quot;O&quot;,True,&quot;http://localhost/1905-06-30T13%3A14%3A00.0000000Z&quot;)" storage="/home/runner/work/typespec/typespec/packages/http-client-csharp/generator/artifacts/bin/microsoft.typespec.generator.clientmodel.tests/debug/net8.0/microsoft.typespec.generator.clientmodel.tests.dll" id="742aca02-9331-da31-2bac-cb8e449be676">
      <Execution id="e793aae5-0fbe-41f0-8f74-54d594e23b86" />
      <TestMethod codeBase="/home/runner/work/typespec/typespec/packages/http-client-csharp/generator/artifacts/bin/Microsoft.TypeSpec.Generator.ClientModel.Tests/Debug/net8.0/Microsoft.TypeSpec.Generator.ClientModel.Tests.dll" adapterTypeName="executor://nunit3testexecutor/" className="Microsoft.TypeSpec.Generator.ClientModel.Tests.Providers.ClientUriBuilderTests" name="AppendPath_DateTimeOffset(&quot;http://localhost&quot;,&quot;6/30/1905 1:14:00 PM +00:00&quot;,&quot;O&quot;,True,&quot;http://localhost/1905-06-30T13%3A14%3A00.0000000Z&quot;)" />
    </UnitTest>
    <UnitTest name="RoundTripWithJsonInterfaceUtf8Reader(&quot;W&quot;)" storage="/home/runner/work/typespec/typespec/packages/http-client-csharp/generator/artifacts/bin/microsoft.typespec.generator.clientmodel.tests/debug/net8.0/microsoft.typespec.generator.clientmodel.tests.dll" id="9e58d1b2-456d-53b1-789d-a8a13edb1755">
      <Execution id="bbad4660-4d2d-4f5e-a0a7-d30def974d55" />
      <TestMethod codeBase="/home/runner/work/typespec/typespec/packages/http-client-csharp/generator/artifacts/bin/Microsoft.TypeSpec.Generator.ClientModel.Tests/Debug/net8.0/Microsoft.TypeSpec.Generator.ClientModel.Tests.dll" adapterTypeName="executor://nunit3testexecutor/" className="Microsoft.TypeSpec.Generator.ClientModel.Tests.ModelReaderWriterValidation.TestProjects.Sample_TypeSpec.ThingTests" name="RoundTripWithJsonInterfaceUtf8Reader(&quot;W&quot;)" />
    </UnitTest>
    <UnitTest name="RoundTripWithJsonInterfaceUtf8ReaderNonGeneric(&quot;J&quot;)" storage="/home/runner/work/typespec/typespec/packages/http-client-csharp/generator/artifacts/bin/microsoft.typespec.generator.clientmodel.tests/debug/net8.0/microsoft.typespec.generator.clientmodel.tests.dll" id="0bcee4b1-1c28-608b-529d-c163d3dedf9c">
      <Execution id="05ceb683-5872-4d61-92d0-9d14edad932e" />
      <TestMethod codeBase="/home/runner/work/typespec/typespec/packages/http-client-csharp/generator/artifacts/bin/Microsoft.TypeSpec.Generator.ClientModel.Tests/Debug/net8.0/Microsoft.TypeSpec.Generator.ClientModel.Tests.dll" adapterTypeName="executor://nunit3testexecutor/" className="Microsoft.TypeSpec.Generator.ClientModel.Tests.ModelReaderWriterValidation.TestProjects.Sample_TypeSpec.FriendTests" name="RoundTripWithJsonInterfaceUtf8ReaderNonGeneric(&quot;J&quot;)" />
    </UnitTest>
    <UnitTest name="DiscriminatorDeserializationUsesCorrectDiscriminatorPropName" storage="/home/runner/work/typespec/typespec/packages/http-client-csharp/generator/artifacts/bin/microsoft.typespec.generator.clientmodel.tests/debug/net8.0/microsoft.typespec.generator.clientmodel.tests.dll" id="a2ae843a-92ec-37be-0383-b7c0f9e18238">
      <Execution id="7db8a281-0664-4b1d-a013-8f251f33ce93" />
      <TestMethod codeBase="/home/runner/work/typespec/typespec/packages/http-client-csharp/generator/artifacts/bin/Microsoft.TypeSpec.Generator.ClientModel.Tests/Debug/net8.0/Microsoft.TypeSpec.Generator.ClientModel.Tests.dll" adapterTypeName="executor://nunit3testexecutor/" className="Microsoft.TypeSpec.Generator.ClientModel.Tests.Providers.MrwSerializationTypeDefinitions.DiscriminatorTests" name="DiscriminatorDeserializationUsesCorrectDiscriminatorPropName" />
    </UnitTest>
    <UnitTest name="RoundTripWithJsonInterfaceOfT(&quot;J&quot;)" storage="/home/runner/work/typespec/typespec/packages/http-client-csharp/generator/artifacts/bin/microsoft.typespec.generator.clientmodel.tests/debug/net8.0/microsoft.typespec.generator.clientmodel.tests.dll" id="8cb4157a-a4c7-8622-53f1-e454664ebcf3">
      <Execution id="6ac8daed-fce2-4470-870a-f10736868d40" />
      <TestMethod codeBase="/home/runner/work/typespec/typespec/packages/http-client-csharp/generator/artifacts/bin/Microsoft.TypeSpec.Generator.ClientModel.Tests/Debug/net8.0/Microsoft.TypeSpec.Generator.ClientModel.Tests.dll" adapterTypeName="executor://nunit3testexecutor/" className="Microsoft.TypeSpec.Generator.ClientModel.Tests.ModelReaderWriterValidation.TestProjects.Sample_TypeSpec.FriendTests" name="RoundTripWithJsonInterfaceOfT(&quot;J&quot;)" />
    </UnitTest>
    <UnitTest name="TestProperties(False)" storage="/home/runner/work/typespec/typespec/packages/http-client-csharp/generator/artifacts/bin/microsoft.typespec.generator.clientmodel.tests/debug/net8.0/microsoft.typespec.generator.clientmodel.tests.dll" id="c09b9953-6e88-da7c-cf9f-d8e3839bb3cf">
      <Execution id="ab7fd23a-a0b8-4983-a63c-6d2a46c6a7f4" />
      <TestMethod codeBase="/home/runner/work/typespec/typespec/packages/http-client-csharp/generator/artifacts/bin/Microsoft.TypeSpec.Generator.ClientModel.Tests/Debug/net8.0/Microsoft.TypeSpec.Generator.ClientModel.Tests.dll" adapterTypeName="executor://nunit3testexecutor/" className="Microsoft.TypeSpec.Generator.ClientModel.Tests.Providers.ClientOptionsProviderTests" name="TestProperties(False)" />
    </UnitTest>
    <UnitTest name="CanCustomizePropertyIntoReadOnlyMemory" storage="/home/runner/work/typespec/typespec/packages/http-client-csharp/generator/artifacts/bin/microsoft.typespec.generator.clientmodel.tests/debug/net8.0/microsoft.typespec.generator.clientmodel.tests.dll" id="80a79c68-1797-57d6-44a8-e72ce9b9663e">
      <Execution id="0219ab14-f22a-4e28-8795-11368dac1cfc" />
      <TestMethod codeBase="/home/runner/work/typespec/typespec/packages/http-client-csharp/generator/artifacts/bin/Microsoft.TypeSpec.Generator.ClientModel.Tests/Debug/net8.0/Microsoft.TypeSpec.Generator.ClientModel.Tests.dll" adapterTypeName="executor://nunit3testexecutor/" className="Microsoft.TypeSpec.Generator.ClientModel.Tests.Providers.MrwSerializationTypeDefinitions.ModelCustomizationTests" name="CanCustomizePropertyIntoReadOnlyMemory" />
    </UnitTest>
    <UnitTest name="TestSubClientAccessorFactoryMethods(Microsoft.TypeSpec.Generator.Input.InputClient,False)" storage="/home/runner/work/typespec/typespec/packages/http-client-csharp/generator/artifacts/bin/microsoft.typespec.generator.clientmodel.tests/debug/net8.0/microsoft.typespec.generator.clientmodel.tests.dll" id="941cdf7d-b868-4a18-3e98-79f786b3a216">
      <Execution id="b1eb3cf7-e50c-40bd-a9f8-d41e5f2d5074" />
      <TestMethod codeBase="/home/runner/work/typespec/typespec/packages/http-client-csharp/generator/artifacts/bin/Microsoft.TypeSpec.Generator.ClientModel.Tests/Debug/net8.0/Microsoft.TypeSpec.Generator.ClientModel.Tests.dll" adapterTypeName="executor://nunit3testexecutor/" className="Microsoft.TypeSpec.Generator.ClientModel.Tests.Providers.ClientProviders.ClientProviderTests" name="TestSubClientAccessorFactoryMethods(Microsoft.TypeSpec.Generator.Input.InputClient,False)" />
    </UnitTest>
    <UnitTest name="AppendQuery_TimeSpan(&quot;http://localhost&quot;,&quot;02:15:00&quot;,null,True,&quot;http://localhost/?query=PT2H15M&quot;)" storage="/home/runner/work/typespec/typespec/packages/http-client-csharp/generator/artifacts/bin/microsoft.typespec.generator.clientmodel.tests/debug/net8.0/microsoft.typespec.generator.clientmodel.tests.dll" id="6a107d20-558d-703d-f7cd-24aec4600175">
      <Execution id="570c46f6-eba3-4e17-a2bc-938a419c8921" />
      <TestMethod codeBase="/home/runner/work/typespec/typespec/packages/http-client-csharp/generator/artifacts/bin/Microsoft.TypeSpec.Generator.ClientModel.Tests/Debug/net8.0/Microsoft.TypeSpec.Generator.ClientModel.Tests.dll" adapterTypeName="executor://nunit3testexecutor/" className="Microsoft.TypeSpec.Generator.ClientModel.Tests.Providers.ClientUriBuilderTests" name="AppendQuery_TimeSpan(&quot;http://localhost&quot;,&quot;02:15:00&quot;,null,True,&quot;http://localhost/?query=PT2H15M&quot;)" />
    </UnitTest>
    <UnitTest name="ValidateClientWithApiVersion" storage="/home/runner/work/typespec/typespec/packages/http-client-csharp/generator/artifacts/bin/microsoft.typespec.generator.clientmodel.tests/debug/net8.0/microsoft.typespec.generator.clientmodel.tests.dll" id="5112593c-0687-fa01-6d25-d137ee4d6ee0">
      <Execution id="48901f81-f8d7-49cc-82fc-250677a557f7" />
      <TestMethod codeBase="/home/runner/work/typespec/typespec/packages/http-client-csharp/generator/artifacts/bin/Microsoft.TypeSpec.Generator.ClientModel.Tests/Debug/net8.0/Microsoft.TypeSpec.Generator.ClientModel.Tests.dll" adapterTypeName="executor://nunit3testexecutor/" className="Microsoft.TypeSpec.Generator.ClientModel.Tests.Providers.RestClientProviders.RestClientProviderTests" name="ValidateClientWithApiVersion" />
    </UnitTest>
    <UnitTest name="PreVisitsClients" storage="/home/runner/work/typespec/typespec/packages/http-client-csharp/generator/artifacts/bin/microsoft.typespec.generator.clientmodel.tests/debug/net8.0/microsoft.typespec.generator.clientmodel.tests.dll" id="a8f1c880-78cf-7098-795a-e75cda76d3c7">
      <Execution id="5e80e13c-3beb-4761-81c3-842b930712b8" />
      <TestMethod codeBase="/home/runner/work/typespec/typespec/packages/http-client-csharp/generator/artifacts/bin/Microsoft.TypeSpec.Generator.ClientModel.Tests/Debug/net8.0/Microsoft.TypeSpec.Generator.ClientModel.Tests.dll" adapterTypeName="executor://nunit3testexecutor/" className="Microsoft.TypeSpec.Generator.ClientModel.Tests.InputLibraryVisitorTests" name="PreVisitsClients" />
    </UnitTest>
    <UnitTest name="ThrowsIfWireIsNotJson" storage="/home/runner/work/typespec/typespec/packages/http-client-csharp/generator/artifacts/bin/microsoft.typespec.generator.clientmodel.tests/debug/net8.0/microsoft.typespec.generator.clientmodel.tests.dll" id="8a40cf4a-8921-8267-667c-5a94ce0143cd">
      <Execution id="8fafe532-2613-42ce-a34e-826596ea8a00" />
      <TestMethod codeBase="/home/runner/work/typespec/typespec/packages/http-client-csharp/generator/artifacts/bin/Microsoft.TypeSpec.Generator.ClientModel.Tests/Debug/net8.0/Microsoft.TypeSpec.Generator.ClientModel.Tests.dll" adapterTypeName="executor://nunit3testexecutor/" className="Microsoft.TypeSpec.Generator.ClientModel.Tests.ModelReaderWriterValidation.TestProjects.Sample_TypeSpec.RenamedModelTests" name="ThrowsIfWireIsNotJson" />
    </UnitTest>
    <UnitTest name="ResetThenAppendPathThenAppendQuery(&quot;http://localhost/&quot;,&quot;some/&quot;,&quot;one|1&quot;,&quot;http://localhost/some/?one=1&quot;)" storage="/home/runner/work/typespec/typespec/packages/http-client-csharp/generator/artifacts/bin/microsoft.typespec.generator.clientmodel.tests/debug/net8.0/microsoft.typespec.generator.clientmodel.tests.dll" id="ba6e5088-a408-9d7c-c8df-cce696082113">
      <Execution id="2651ac36-ee0d-4d03-ae7f-f8d1ac92ec5f" />
      <TestMethod codeBase="/home/runner/work/typespec/typespec/packages/http-client-csharp/generator/artifacts/bin/Microsoft.TypeSpec.Generator.ClientModel.Tests/Debug/net8.0/Microsoft.TypeSpec.Generator.ClientModel.Tests.dll" adapterTypeName="executor://nunit3testexecutor/" className="Microsoft.TypeSpec.Generator.ClientModel.Tests.Providers.ClientUriBuilderTests" name="ResetThenAppendPathThenAppendQuery(&quot;http://localhost/&quot;,&quot;some/&quot;,&quot;one|1&quot;,&quot;http://localhost/some/?one=1&quot;)" />
    </UnitTest>
    <UnitTest name="FormatsTimeSpanAsJson(&quot;c&quot;,1.02:59:59.5000000,&quot;1.02:59:59.5000000&quot;)" storage="/home/runner/work/typespec/typespec/packages/http-client-csharp/generator/artifacts/bin/microsoft.typespec.generator.clientmodel.tests/debug/net8.0/microsoft.typespec.generator.clientmodel.tests.dll" id="87a406ec-4133-87bc-5a61-b337c8334484">
      <Execution id="1256f395-d8d1-481d-8ebe-f4d5c84b3544" />
      <TestMethod codeBase="/home/runner/work/typespec/typespec/packages/http-client-csharp/generator/artifacts/bin/Microsoft.TypeSpec.Generator.ClientModel.Tests/Debug/net8.0/Microsoft.TypeSpec.Generator.ClientModel.Tests.dll" adapterTypeName="executor://nunit3testexecutor/" className="Microsoft.TypeSpec.Generator.ClientModel.Tests.Providers.TypeFormatterTests" name="FormatsTimeSpanAsJson(&quot;c&quot;,1.02:59:59.5000000,&quot;1.02:59:59.5000000&quot;)" />
    </UnitTest>
    <UnitTest name="FormatsDatesAsString(&quot;O&quot;,12/31/9999 23:59:59 +01:00,&quot;9999-12-31T22:59:59.9999999Z&quot;)" storage="/home/runner/work/typespec/typespec/packages/http-client-csharp/generator/artifacts/bin/microsoft.typespec.generator.clientmodel.tests/debug/net8.0/microsoft.typespec.generator.clientmodel.tests.dll" id="4afc0fd1-72b0-e89b-9d2b-d3711e834ed8">
      <Execution id="0f470e40-e2f5-492f-b58f-9a8aa99b8559" />
      <TestMethod codeBase="/home/runner/work/typespec/typespec/packages/http-client-csharp/generator/artifacts/bin/Microsoft.TypeSpec.Generator.ClientModel.Tests/Debug/net8.0/Microsoft.TypeSpec.Generator.ClientModel.Tests.dll" adapterTypeName="executor://nunit3testexecutor/" className="Microsoft.TypeSpec.Generator.ClientModel.Tests.Providers.TypeFormatterTests" name="FormatsDatesAsString(&quot;O&quot;,12/31/9999 23:59:59 +01:00,&quot;9999-12-31T22:59:59.9999999Z&quot;)" />
    </UnitTest>
    <UnitTest name="ResetThenAppendPath(&quot;http://localhost:12345/&quot;,&quot;/path/&quot;,&quot;http://localhost:12345/path/&quot;)" storage="/home/runner/work/typespec/typespec/packages/http-client-csharp/generator/artifacts/bin/microsoft.typespec.generator.clientmodel.tests/debug/net8.0/microsoft.typespec.generator.clientmodel.tests.dll" id="0ff7f84c-222b-c9d7-80b3-11c44079c637">
      <Execution id="2346e1b3-35ef-4c1f-828c-e3f2f08d0b66" />
      <TestMethod codeBase="/home/runner/work/typespec/typespec/packages/http-client-csharp/generator/artifacts/bin/Microsoft.TypeSpec.Generator.ClientModel.Tests/Debug/net8.0/Microsoft.TypeSpec.Generator.ClientModel.Tests.dll" adapterTypeName="executor://nunit3testexecutor/" className="Microsoft.TypeSpec.Generator.ClientModel.Tests.Providers.ClientUriBuilderTests" name="ResetThenAppendPath(&quot;http://localhost:12345/&quot;,&quot;/path/&quot;,&quot;http://localhost:12345/path/&quot;)" />
    </UnitTest>
    <UnitTest name="ThrowsIfUnknownFormat" storage="/home/runner/work/typespec/typespec/packages/http-client-csharp/generator/artifacts/bin/microsoft.typespec.generator.clientmodel.tests/debug/net8.0/microsoft.typespec.generator.clientmodel.tests.dll" id="68ec2804-61d2-a820-b0f7-db77ab5e677a">
      <Execution id="93abe60a-58a4-4acf-9432-3a4a15b0e6bc" />
      <TestMethod codeBase="/home/runner/work/typespec/typespec/packages/http-client-csharp/generator/artifacts/bin/Microsoft.TypeSpec.Generator.ClientModel.Tests/Debug/net8.0/Microsoft.TypeSpec.Generator.ClientModel.Tests.dll" adapterTypeName="executor://nunit3testexecutor/" className="Microsoft.TypeSpec.Generator.ClientModel.Tests.ModelReaderWriterValidation.TestProjects.Sample_TypeSpec.RenamedModelTests" name="ThrowsIfUnknownFormat" />
    </UnitTest>
    <UnitTest name="EndpointAppliedInCreateMethodRequest(&quot;http://{hostName}&quot;,&quot;hostName&quot;)" storage="/home/runner/work/typespec/typespec/packages/http-client-csharp/generator/artifacts/bin/microsoft.typespec.generator.clientmodel.tests/debug/net8.0/microsoft.typespec.generator.clientmodel.tests.dll" id="d80a4ea0-25be-3125-c3d6-5e96f1b18f66">
      <Execution id="fad437ad-5829-44c7-aa87-c993903e3dfa" />
      <TestMethod codeBase="/home/runner/work/typespec/typespec/packages/http-client-csharp/generator/artifacts/bin/Microsoft.TypeSpec.Generator.ClientModel.Tests/Debug/net8.0/Microsoft.TypeSpec.Generator.ClientModel.Tests.dll" adapterTypeName="executor://nunit3testexecutor/" className="Microsoft.TypeSpec.Generator.ClientModel.Tests.Providers.ClientProviders.ClientProviderTests" name="EndpointAppliedInCreateMethodRequest(&quot;http://{hostName}&quot;,&quot;hostName&quot;)" />
    </UnitTest>
  </TestDefinitions>
  <TestEntries>
    <TestEntry testId="755d7606-d5aa-0b3e-76f8-b88c66525cda" executionId="1fab6be8-e5c3-4b4e-a8b8-9cbb914ebc2d" testListId="8c84fa94-04c1-424b-9868-57a2d4851a1d" />
    <TestEntry testId="b7c7001e-793c-7454-421c-2aec45c8798a" executionId="3b89feb5-0da6-46cf-ac72-ee031844b8cd" testListId="8c84fa94-04c1-424b-9868-57a2d4851a1d" />
    <TestEntry testId="79b6f9be-b651-a2de-ef36-a93ea3499229" executionId="bc4918b7-2fb4-4726-bec7-9db184b79887" testListId="8c84fa94-04c1-424b-9868-57a2d4851a1d" />
    <TestEntry testId="35b2bf0f-1bb3-7eee-c109-7d928c5b6267" executionId="2697d09d-a757-4ff0-8b3a-0ccfff3bbdc0" testListId="8c84fa94-04c1-424b-9868-57a2d4851a1d" />
    <TestEntry testId="cfeeaaa1-a853-5f42-38dd-9d668c2073fd" executionId="8692ad18-14fa-4977-9080-043577abde04" testListId="8c84fa94-04c1-424b-9868-57a2d4851a1d" />
    <TestEntry testId="73d16d0c-278b-af64-2466-26e71375a3bd" executionId="3e84f8e5-558d-4568-811d-6b4548c1c65c" testListId="8c84fa94-04c1-424b-9868-57a2d4851a1d" />
    <TestEntry testId="dcc2c800-d9b9-49e9-1202-6d1e7f1fc1e2" executionId="7af411e6-66b0-4690-8d5b-25930e82bb7f" testListId="8c84fa94-04c1-424b-9868-57a2d4851a1d" />
    <TestEntry testId="633faebd-f1aa-b19f-4840-fe1f8cb24aaa" executionId="a8cd4d3d-ab62-4827-ab76-9651c4c32fd9" testListId="8c84fa94-04c1-424b-9868-57a2d4851a1d" />
    <TestEntry testId="0205f87e-48c5-9939-4e7f-5d740be0ddd9" executionId="f455775c-c3f3-4108-9547-8bdb83faf8ba" testListId="8c84fa94-04c1-424b-9868-57a2d4851a1d" />
    <TestEntry testId="5eb3f986-7ddf-5527-7d0a-1a62f3ed87dd" executionId="dadad2bb-7280-420e-b434-cd7f1225c8d1" testListId="8c84fa94-04c1-424b-9868-57a2d4851a1d" />
    <TestEntry testId="48fd316c-30a1-09ce-b3db-3f8f54806915" executionId="aa4033ba-b6d3-48f4-b75c-e8aedafce07b" testListId="8c84fa94-04c1-424b-9868-57a2d4851a1d" />
    <TestEntry testId="1f242f8f-75c5-9055-debb-fe84e1ee32f9" executionId="66e826de-48ec-4480-ba68-8f40a57e4126" testListId="8c84fa94-04c1-424b-9868-57a2d4851a1d" />
    <TestEntry testId="8f7b5522-b0fe-db54-4f78-7c3f55c90f68" executionId="01530b14-5e75-4efc-91b9-b644276387dc" testListId="8c84fa94-04c1-424b-9868-57a2d4851a1d" />
    <TestEntry testId="6539ef61-00d3-0628-76fb-ca399d3cc346" executionId="d1554174-6903-4b5d-8cc9-315c4a2fd441" testListId="8c84fa94-04c1-424b-9868-57a2d4851a1d" />
    <TestEntry testId="58e7c7f4-792d-ea21-f736-0d57a96ac2e7" executionId="b50f0ac5-9e35-40d4-bc38-12b68f24ad43" testListId="8c84fa94-04c1-424b-9868-57a2d4851a1d" />
    <TestEntry testId="8d4d0b58-570b-769d-8db0-79356b613256" executionId="9c051886-ed78-49e9-9541-1f43504e189f" testListId="8c84fa94-04c1-424b-9868-57a2d4851a1d" />
    <TestEntry testId="d82a3974-a1b3-5452-a547-6e33ca1a063c" executionId="8be994fe-e1a1-4f18-83a9-1715b546f6e5" testListId="8c84fa94-04c1-424b-9868-57a2d4851a1d" />
    <TestEntry testId="63fc2dd7-d482-b316-024a-fe582ae69c29" executionId="6f98216a-e3a4-4d76-be33-2799bf536d8a" testListId="8c84fa94-04c1-424b-9868-57a2d4851a1d" />
    <TestEntry testId="a5fa8019-cbff-efe6-e9ea-4195f8c23b49" executionId="27d3441f-bc2d-46af-b9e3-819a55f85a69" testListId="8c84fa94-04c1-424b-9868-57a2d4851a1d" />
    <TestEntry testId="75ea94fd-3e39-2426-5e3d-01bde1d3cfe1" executionId="89534eb6-c594-4e14-a74b-273bd63d8e40" testListId="8c84fa94-04c1-424b-9868-57a2d4851a1d" />
    <TestEntry testId="5c12f93f-3c59-134e-f070-61c48d0d89a9" executionId="39c88e7b-19cf-4653-ba28-746ce8adf499" testListId="8c84fa94-04c1-424b-9868-57a2d4851a1d" />
    <TestEntry testId="2be290df-7d92-5723-935e-13156fa041e9" executionId="dba5c955-6a6f-4141-a8d2-07a804f3b784" testListId="8c84fa94-04c1-424b-9868-57a2d4851a1d" />
    <TestEntry testId="03889508-d11c-a85a-6eb7-81f82cc32dd5" executionId="3d1eefd3-2d15-473a-89c7-7fda3159e300" testListId="8c84fa94-04c1-424b-9868-57a2d4851a1d" />
    <TestEntry testId="f3e6285d-8759-0c1f-5ba3-a84991fcb85d" executionId="9c7e06d0-498e-48ae-8be4-13a618bc69ba" testListId="8c84fa94-04c1-424b-9868-57a2d4851a1d" />
    <TestEntry testId="a24279c5-ea3c-440e-0894-883622bfcf6b" executionId="3a96c56e-ee1c-43f3-8aee-63530c87c61f" testListId="8c84fa94-04c1-424b-9868-57a2d4851a1d" />
    <TestEntry testId="d57e935f-56fe-04b0-88db-49c67d440c2e" executionId="67ed1203-c55f-430a-9ce2-4f4f8b11a7df" testListId="8c84fa94-04c1-424b-9868-57a2d4851a1d" />
    <TestEntry testId="d1093ddf-4b56-d096-51d1-5583aef8d68c" executionId="818defb1-6f47-4e3c-a5ff-b109a8809365" testListId="8c84fa94-04c1-424b-9868-57a2d4851a1d" />
    <TestEntry testId="99b67a54-d7db-1b12-07ea-4b73cefe84fb" executionId="2317e78b-09d3-4d61-9d7c-51e464bd63c9" testListId="8c84fa94-04c1-424b-9868-57a2d4851a1d" />
    <TestEntry testId="62df222b-b5ff-5932-f094-7397c0131b87" executionId="0e3271f3-8c25-473d-8867-9bd3d8b6fd5c" testListId="8c84fa94-04c1-424b-9868-57a2d4851a1d" />
    <TestEntry testId="e5e96db0-2afd-1720-d8f8-60e737e02cce" executionId="f9313d43-2ddb-486d-a8d1-de1252bc3f7b" testListId="8c84fa94-04c1-424b-9868-57a2d4851a1d" />
    <TestEntry testId="71d82155-81ae-2027-d8cd-1453a0d28522" executionId="f1f28bdc-387e-44b1-8cb6-c5d585d02f4d" testListId="8c84fa94-04c1-424b-9868-57a2d4851a1d" />
    <TestEntry testId="3de26f97-04f3-7779-840b-49de49e85f73" executionId="c7f6a85a-f46d-4d92-81d0-132b1bd97091" testListId="8c84fa94-04c1-424b-9868-57a2d4851a1d" />
    <TestEntry testId="b2903119-1d6e-0bc6-5662-cedf6f3c55e9" executionId="47db7ae2-b29e-4658-920b-3d34e156f257" testListId="8c84fa94-04c1-424b-9868-57a2d4851a1d" />
    <TestEntry testId="779909c1-7cde-1cc8-f8b8-418d64f97a54" executionId="a2332f6b-4964-4b3d-9eec-801a6ac2fd76" testListId="8c84fa94-04c1-424b-9868-57a2d4851a1d" />
    <TestEntry testId="dec96545-7b70-bd7d-1c36-430957762403" executionId="7ad8b99e-dbbd-48e2-9690-dc254ec50bc9" testListId="8c84fa94-04c1-424b-9868-57a2d4851a1d" />
    <TestEntry testId="43806d68-607b-69b7-029c-895db69c2a44" executionId="db4dd52c-6891-4522-9e4d-f285f1d92610" testListId="8c84fa94-04c1-424b-9868-57a2d4851a1d" />
    <TestEntry testId="1f529619-47ad-664f-ed2a-aae54577d440" executionId="880fa44d-df98-42ac-98ab-66c7756edfcd" testListId="8c84fa94-04c1-424b-9868-57a2d4851a1d" />
    <TestEntry testId="504d157b-de35-9b35-c183-0b5933d7e04d" executionId="1bb9914d-7f3c-49fa-a67f-7ee3996c5538" testListId="8c84fa94-04c1-424b-9868-57a2d4851a1d" />
    <TestEntry testId="82207889-87a9-6e80-2186-6759c95c8d6f" executionId="e8a8709c-884d-4476-bb6b-29b1d3a1ef18" testListId="8c84fa94-04c1-424b-9868-57a2d4851a1d" />
    <TestEntry testId="773aea60-d004-01e3-c832-8f30ac2c1bda" executionId="e01104dc-46bc-40e1-8545-4f11ba336266" testListId="8c84fa94-04c1-424b-9868-57a2d4851a1d" />
    <TestEntry testId="64f221c7-b62a-2588-eba2-e29a560f56d2" executionId="9ef5f072-c961-4c25-9481-8550f6161bf7" testListId="8c84fa94-04c1-424b-9868-57a2d4851a1d" />
    <TestEntry testId="2ea0f092-6156-10d2-e7bd-00bd64638958" executionId="25a5f1dd-9f82-4ad1-892e-9acef1d5bdae" testListId="8c84fa94-04c1-424b-9868-57a2d4851a1d" />
    <TestEntry testId="9ed36475-70ea-d935-981c-3ee0399bdd52" executionId="5729f86d-57de-4369-b092-0fd7a23f6133" testListId="8c84fa94-04c1-424b-9868-57a2d4851a1d" />
    <TestEntry testId="5cb75f93-582a-f23d-368f-fc8ebba62e48" executionId="41c577f2-3310-4bc9-8f58-6b4796fff562" testListId="8c84fa94-04c1-424b-9868-57a2d4851a1d" />
    <TestEntry testId="387cdf60-47d4-7089-903d-9b660e15988c" executionId="a3c2a74f-3b15-4a32-9e1f-29052b057971" testListId="8c84fa94-04c1-424b-9868-57a2d4851a1d" />
    <TestEntry testId="96dfbd8f-74c2-58c9-9fff-dec3a0d2fb13" executionId="d4a8947f-aec7-4a37-8839-96683377a9c9" testListId="8c84fa94-04c1-424b-9868-57a2d4851a1d" />
    <TestEntry testId="f386f2c1-9bbf-a6f6-548a-2cdba0a98a5a" executionId="85ef94a1-cb39-4176-a89f-4820f6c6121e" testListId="8c84fa94-04c1-424b-9868-57a2d4851a1d" />
    <TestEntry testId="277f322d-c788-9e4e-74c2-15e97b3deb10" executionId="228364b7-8f0e-4486-ba7e-631daa430368" testListId="8c84fa94-04c1-424b-9868-57a2d4851a1d" />
    <TestEntry testId="15abf66e-4495-0e09-6101-8af6d51e6310" executionId="ef0e0b58-21fa-4987-abd8-62e2e94522c5" testListId="8c84fa94-04c1-424b-9868-57a2d4851a1d" />
    <TestEntry testId="e3f6b41b-723f-fe52-6ef5-10aa6556c371" executionId="9c05ed93-ddaa-464a-81b6-439523b95b09" testListId="8c84fa94-04c1-424b-9868-57a2d4851a1d" />
    <TestEntry testId="3ea572d0-8081-c04d-1c5e-07d3f0bdce4f" executionId="7c2a36a3-2a89-472f-94ef-ec558554445f" testListId="8c84fa94-04c1-424b-9868-57a2d4851a1d" />
    <TestEntry testId="442735ff-489f-a552-413b-c62743e9c691" executionId="7ff4380e-ff85-43b4-98aa-09609203864d" testListId="8c84fa94-04c1-424b-9868-57a2d4851a1d" />
    <TestEntry testId="c50242f7-2db4-2683-4f08-b38b5407f5c6" executionId="bcee97ef-95a5-4c3d-9c86-168dad3cfb53" testListId="8c84fa94-04c1-424b-9868-57a2d4851a1d" />
    <TestEntry testId="ce3949f3-670a-6521-5519-457d098253df" executionId="7a5ced34-999c-4429-9c56-74378ab67d6b" testListId="8c84fa94-04c1-424b-9868-57a2d4851a1d" />
    <TestEntry testId="5968cd03-cf3d-8280-4da4-8577dec06972" executionId="fdac6d3b-3b3d-48d0-af22-c1b6b4e36ced" testListId="8c84fa94-04c1-424b-9868-57a2d4851a1d" />
    <TestEntry testId="bddbe6e1-4ba2-79f3-80d7-1fdfb1834331" executionId="a14c31c9-e1f0-471b-9c7d-cb47a32c268a" testListId="8c84fa94-04c1-424b-9868-57a2d4851a1d" />
    <TestEntry testId="1d4780a7-4d27-ef6c-25c5-cce5511c2a1c" executionId="d831a2c9-9248-43ab-b0ab-1186644f285e" testListId="8c84fa94-04c1-424b-9868-57a2d4851a1d" />
    <TestEntry testId="b34d9c33-6985-e559-8358-fd1a34fee8fa" executionId="1e182f1d-43ae-4582-8e56-803f070d3b45" testListId="8c84fa94-04c1-424b-9868-57a2d4851a1d" />
    <TestEntry testId="17f7a6e9-436b-3c1f-3570-46d2473a1137" executionId="6c9e5318-5f89-492f-b128-65ef15b436b2" testListId="8c84fa94-04c1-424b-9868-57a2d4851a1d" />
    <TestEntry testId="dd8aa756-842c-7b71-9947-6517e2bbacdf" executionId="cfe51167-a609-40ec-9a0e-430bdc81991d" testListId="8c84fa94-04c1-424b-9868-57a2d4851a1d" />
    <TestEntry testId="3aa3ced1-3219-ac82-73ec-234ca8bbdfb6" executionId="2db0ab9d-2ea0-4984-8652-e54dc5806e2f" testListId="8c84fa94-04c1-424b-9868-57a2d4851a1d" />
    <TestEntry testId="b7cb028a-5759-3a16-c636-c03c5b445e0f" executionId="c7789a0e-2a92-47a6-9dd8-dfbab42cb776" testListId="8c84fa94-04c1-424b-9868-57a2d4851a1d" />
    <TestEntry testId="e3f6b41b-723f-fe52-6ef5-10aa6556c371" executionId="9c3ee022-a804-4a12-b9b2-b33494b5e04d" testListId="8c84fa94-04c1-424b-9868-57a2d4851a1d" />
    <TestEntry testId="8cb4157a-a4c7-8622-53f1-e454664ebcf3" executionId="6ac8daed-fce2-4470-870a-f10736868d40" testListId="8c84fa94-04c1-424b-9868-57a2d4851a1d" />
    <TestEntry testId="f6efac3f-f379-a2b9-46b2-570f71626f9f" executionId="675da3e3-6fd3-4dfc-aa10-34d53ecef52e" testListId="8c84fa94-04c1-424b-9868-57a2d4851a1d" />
    <TestEntry testId="e3f6b41b-723f-fe52-6ef5-10aa6556c371" executionId="ee559118-06c9-4876-a7e3-cb7b24856470" testListId="8c84fa94-04c1-424b-9868-57a2d4851a1d" />
    <TestEntry testId="562cb9c9-66ef-e89a-acef-55d92b06fb0a" executionId="72f5a941-3c3e-48af-ae6a-d77afce73a51" testListId="8c84fa94-04c1-424b-9868-57a2d4851a1d" />
    <TestEntry testId="6caccceb-65ae-74b9-773b-72dd04db8e11" executionId="7b0842d1-8b94-43a0-bc6c-1a2db6f0052d" testListId="8c84fa94-04c1-424b-9868-57a2d4851a1d" />
    <TestEntry testId="e8efddcb-de74-9a15-028e-2928f93e6b81" executionId="25bed48b-8d7c-4257-a78a-f68cac8dc0c9" testListId="8c84fa94-04c1-424b-9868-57a2d4851a1d" />
    <TestEntry testId="3e51833d-f117-3a73-25e0-3ddbb4fb98e4" executionId="18ece4d7-b715-448b-8b48-5cc9ccf72f73" testListId="8c84fa94-04c1-424b-9868-57a2d4851a1d" />
    <TestEntry testId="8c08e05c-b568-5eb3-8d0d-27975d397072" executionId="ce8ed211-12e7-4c84-b3ec-7d368366535e" testListId="8c84fa94-04c1-424b-9868-57a2d4851a1d" />
    <TestEntry testId="135d5dcd-04ba-8363-5279-dda084b41d20" executionId="8dd71497-dda6-4f98-8e5d-de8f1575b8ce" testListId="8c84fa94-04c1-424b-9868-57a2d4851a1d" />
    <TestEntry testId="df03d1d3-c520-593a-530a-22acdf388c84" executionId="266b7d6b-9158-42e4-b442-2421f516e29b" testListId="8c84fa94-04c1-424b-9868-57a2d4851a1d" />
    <TestEntry testId="0e6db308-be33-8ba9-e75a-890081430aca" executionId="07d1170c-cd08-4f52-a5c3-dd62b1ec13ba" testListId="8c84fa94-04c1-424b-9868-57a2d4851a1d" />
    <TestEntry testId="f45b0123-a5dd-fb53-d0d1-cdea3d2f2a2b" executionId="d408b48f-4592-4629-80ea-cdf5b59a963c" testListId="8c84fa94-04c1-424b-9868-57a2d4851a1d" />
    <TestEntry testId="3744940e-3188-aa6a-84e8-d2ad78706d07" executionId="7e8168ea-2a3e-4d0d-a6a6-87cb442ac59e" testListId="8c84fa94-04c1-424b-9868-57a2d4851a1d" />
    <TestEntry testId="f2b83b76-897b-f512-648e-fe8c53bce467" executionId="a873c6c9-f3a3-4e01-860d-8a5640da7558" testListId="8c84fa94-04c1-424b-9868-57a2d4851a1d" />
    <TestEntry testId="b166fe81-2f12-ebe8-5469-afabedfdb287" executionId="a5c6f6f0-6aef-417f-a93f-eee0def64c5f" testListId="8c84fa94-04c1-424b-9868-57a2d4851a1d" />
    <TestEntry testId="2b5db586-13e2-a5d4-7ef0-6053fff6d61a" executionId="f5625624-c518-454a-ad87-f761ad5cfc39" testListId="8c84fa94-04c1-424b-9868-57a2d4851a1d" />
    <TestEntry testId="6ac21b09-6a82-496e-b35b-b25d2eeff3bd" executionId="951b0d72-01a2-47d8-b143-f3108530d1e5" testListId="8c84fa94-04c1-424b-9868-57a2d4851a1d" />
    <TestEntry testId="e3f6b41b-723f-fe52-6ef5-10aa6556c371" executionId="5edef605-75a6-4d99-9ae1-8a1fedfbde96" testListId="8c84fa94-04c1-424b-9868-57a2d4851a1d" />
    <TestEntry testId="1836a3c5-4df5-cb58-885a-12136b484daa" executionId="517e6430-3b2e-4c61-8ce5-994fced16cd8" testListId="8c84fa94-04c1-424b-9868-57a2d4851a1d" />
    <TestEntry testId="75ea94fd-3e39-2426-5e3d-01bde1d3cfe1" executionId="d598494d-9946-4ed3-b500-e5e467e226a5" testListId="8c84fa94-04c1-424b-9868-57a2d4851a1d" />
    <TestEntry testId="b3adc767-8378-ee8a-bfca-5ebd20efd43e" executionId="b8a98392-2bc8-42d3-b5ae-6625e430c7f4" testListId="8c84fa94-04c1-424b-9868-57a2d4851a1d" />
    <TestEntry testId="ef4860c4-5be5-d879-a21f-f02c60c6df63" executionId="3b3ba5f1-6244-4c81-94ab-75a4b389caa0" testListId="8c84fa94-04c1-424b-9868-57a2d4851a1d" />
    <TestEntry testId="8a40cf4a-8921-8267-667c-5a94ce0143cd" executionId="8fafe532-2613-42ce-a34e-826596ea8a00" testListId="8c84fa94-04c1-424b-9868-57a2d4851a1d" />
    <TestEntry testId="25bc9a60-23bd-3b26-5a83-8c696a1e9f91" executionId="e3d15614-25ef-43b9-b8a2-06354bf4e161" testListId="8c84fa94-04c1-424b-9868-57a2d4851a1d" />
    <TestEntry testId="f7924615-42c6-5d3a-1294-83fa670fd078" executionId="c8a12d33-2131-4500-8266-7271131973f6" testListId="8c84fa94-04c1-424b-9868-57a2d4851a1d" />
    <TestEntry testId="c448b744-7bf8-6f0c-d98b-198f6de41865" executionId="feb6ead6-a3c0-4968-a7ef-9cfa268b548d" testListId="8c84fa94-04c1-424b-9868-57a2d4851a1d" />
    <TestEntry testId="666c8d10-fb2c-8e9c-b885-d283f7f7989e" executionId="69096577-9ac5-4ad2-87e2-02981eee78e2" testListId="8c84fa94-04c1-424b-9868-57a2d4851a1d" />
    <TestEntry testId="afbf2c35-f138-2b90-9822-0427b75e7c54" executionId="6cba1174-4f4f-408e-a0ab-dd90df40d11b" testListId="8c84fa94-04c1-424b-9868-57a2d4851a1d" />
    <TestEntry testId="be597b53-9e4f-dcdb-cad8-00fb11c924b4" executionId="0c1072be-3cf9-495d-9412-0470b507783b" testListId="8c84fa94-04c1-424b-9868-57a2d4851a1d" />
    <TestEntry testId="9b12f8a1-22cd-2d0a-2975-6602c64df5fd" executionId="06d1abad-78f5-406a-9dc9-2b6590b1b131" testListId="8c84fa94-04c1-424b-9868-57a2d4851a1d" />
    <TestEntry testId="03f1dfdc-f881-eae6-ebfe-eaa49855d196" executionId="4d211d86-4a20-4fc5-978a-61eaf130d8e4" testListId="8c84fa94-04c1-424b-9868-57a2d4851a1d" />
    <TestEntry testId="19b337b2-8e0b-53c8-ca57-17065a170026" executionId="51bfbd88-b2cc-4a3d-a36d-91362f110982" testListId="8c84fa94-04c1-424b-9868-57a2d4851a1d" />
    <TestEntry testId="e3f6b41b-723f-fe52-6ef5-10aa6556c371" executionId="dbcc206b-8f04-4957-aca0-acbcb3ff7ba2" testListId="8c84fa94-04c1-424b-9868-57a2d4851a1d" />
    <TestEntry testId="d710050f-ea9d-4918-b90b-64d0c581aaa0" executionId="ae26bf5c-8390-4f8f-ad14-939a933636fd" testListId="8c84fa94-04c1-424b-9868-57a2d4851a1d" />
    <TestEntry testId="9ed36475-70ea-d935-981c-3ee0399bdd52" executionId="02ca4ccb-ff9c-43e5-831e-eb1287f98e62" testListId="8c84fa94-04c1-424b-9868-57a2d4851a1d" />
    <TestEntry testId="784d2949-b6cc-e747-60b8-a29afed1681f" executionId="c864ce5e-ded2-4b3b-8b3d-92e59a6d4f61" testListId="8c84fa94-04c1-424b-9868-57a2d4851a1d" />
    <TestEntry testId="191f33f3-62f0-0c6b-7ab5-05cb65f9c718" executionId="ef638246-ded3-4723-9ece-40198385eddd" testListId="8c84fa94-04c1-424b-9868-57a2d4851a1d" />
    <TestEntry testId="d6098f81-48a5-ada0-84fc-9f1410547a55" executionId="0ca27b90-0e95-4722-af47-c159b1da23af" testListId="8c84fa94-04c1-424b-9868-57a2d4851a1d" />
    <TestEntry testId="c7289480-094d-12d9-bb0b-c491f0334fd8" executionId="0a2b7d09-a97f-4cdd-ae09-bcb094f02be9" testListId="8c84fa94-04c1-424b-9868-57a2d4851a1d" />
    <TestEntry testId="20fcdaab-bb21-b354-850b-63bfa9d12221" executionId="cba5e8a8-5627-45d5-b736-dad972b1d413" testListId="8c84fa94-04c1-424b-9868-57a2d4851a1d" />
    <TestEntry testId="f55a233a-e14b-4380-52ae-c7ccd5e5efd5" executionId="398d9f23-d1d2-4b58-a087-9273afaf8761" testListId="8c84fa94-04c1-424b-9868-57a2d4851a1d" />
    <TestEntry testId="f6fc3775-d3b3-4886-bb37-6a98fedff849" executionId="15ae2da3-dc00-445b-ac86-fa3e89e73362" testListId="8c84fa94-04c1-424b-9868-57a2d4851a1d" />
    <TestEntry testId="811a06d5-2f4e-bebd-c789-674c382a7929" executionId="85f29ba4-89e4-4ffc-a327-dc37afde1e8a" testListId="8c84fa94-04c1-424b-9868-57a2d4851a1d" />
    <TestEntry testId="39e35865-e3f4-9b43-7ff7-c975e099bc0c" executionId="73e60ff7-427b-4b31-b037-17559596b368" testListId="8c84fa94-04c1-424b-9868-57a2d4851a1d" />
    <TestEntry testId="d85b041f-089f-431b-1ddd-38180f5dda6d" executionId="30488937-6b4a-4a3c-b27b-6a8a2612d320" testListId="8c84fa94-04c1-424b-9868-57a2d4851a1d" />
    <TestEntry testId="3d064911-8ce4-9ebd-478b-8d7a42aeaa1a" executionId="3d756934-e301-415e-a6b7-a201f79680fc" testListId="8c84fa94-04c1-424b-9868-57a2d4851a1d" />
    <TestEntry testId="2be290df-7d92-5723-935e-13156fa041e9" executionId="3d733ced-ff28-4e4f-a965-6135a62cc7e0" testListId="8c84fa94-04c1-424b-9868-57a2d4851a1d" />
    <TestEntry testId="9ed36475-70ea-d935-981c-3ee0399bdd52" executionId="fbe62165-266a-481f-9d8d-2991c4f0ab86" testListId="8c84fa94-04c1-424b-9868-57a2d4851a1d" />
    <TestEntry testId="2656410e-7f45-70a7-fdf7-f36a93564a60" executionId="c014a9e7-1136-4a3f-bf72-325346f1b9da" testListId="8c84fa94-04c1-424b-9868-57a2d4851a1d" />
    <TestEntry testId="b5846ffc-e3db-f497-0b5d-efeac4ee29f0" executionId="2a0818e4-d0d7-4f64-8823-03d346e651b5" testListId="8c84fa94-04c1-424b-9868-57a2d4851a1d" />
    <TestEntry testId="6d43122f-b0d5-bf9d-4528-2f67c9810804" executionId="374d8cce-7dba-414b-98d8-96fc55281061" testListId="8c84fa94-04c1-424b-9868-57a2d4851a1d" />
    <TestEntry testId="3f453143-83b9-e557-9d70-ce635a271f4e" executionId="f718fecf-5b16-499a-a822-6448ee4dc0c1" testListId="8c84fa94-04c1-424b-9868-57a2d4851a1d" />
    <TestEntry testId="1b80a92f-6ac7-cbc4-fc15-b43bba65e287" executionId="657ab88f-c650-4bbd-b014-24bdb74c9e28" testListId="8c84fa94-04c1-424b-9868-57a2d4851a1d" />
    <TestEntry testId="d341eb56-4b23-b767-48eb-8a58e9956c80" executionId="91375c81-197e-4402-ac3e-61578ca58258" testListId="8c84fa94-04c1-424b-9868-57a2d4851a1d" />
    <TestEntry testId="60e80210-144f-ae89-bdae-f71c9f8b8814" executionId="dd499814-c9c6-4a96-b946-b8f264ad9798" testListId="8c84fa94-04c1-424b-9868-57a2d4851a1d" />
    <TestEntry testId="6a107d20-558d-703d-f7cd-24aec4600175" executionId="570c46f6-eba3-4e17-a2bc-938a419c8921" testListId="8c84fa94-04c1-424b-9868-57a2d4851a1d" />
    <TestEntry testId="75ea94fd-3e39-2426-5e3d-01bde1d3cfe1" executionId="96f8a0fb-0984-4059-85f9-271467164494" testListId="8c84fa94-04c1-424b-9868-57a2d4851a1d" />
    <TestEntry testId="98cba7ef-cae3-92dd-b1d6-f5f810e86693" executionId="09474f3b-9bf5-4f17-884a-5335fee70289" testListId="8c84fa94-04c1-424b-9868-57a2d4851a1d" />
    <TestEntry testId="e96d95ec-e2b3-da59-f0c7-6fd76fc38633" executionId="b8931c9c-e6b2-4820-80d7-07d622767bb7" testListId="8c84fa94-04c1-424b-9868-57a2d4851a1d" />
    <TestEntry testId="03a1c178-bca2-901c-99a9-747e7f63e0f2" executionId="bdae0d60-341b-4606-9a3f-73bc47e3fd9c" testListId="8c84fa94-04c1-424b-9868-57a2d4851a1d" />
    <TestEntry testId="38c2f9ba-1181-b216-c1a4-51a54f0113e2" executionId="84ba94bf-1c9f-4a4e-a52e-4dda08455abc" testListId="8c84fa94-04c1-424b-9868-57a2d4851a1d" />
    <TestEntry testId="4db094ea-4e79-1146-c144-b272beaf7514" executionId="97346301-51e5-4b7c-bc7d-721a8655f8f9" testListId="8c84fa94-04c1-424b-9868-57a2d4851a1d" />
    <TestEntry testId="c09b9953-6e88-da7c-cf9f-d8e3839bb3cf" executionId="ab7fd23a-a0b8-4983-a63c-6d2a46c6a7f4" testListId="8c84fa94-04c1-424b-9868-57a2d4851a1d" />
    <TestEntry testId="9adbf83d-961f-c409-ce42-1f948f6bfb91" executionId="4bc96992-24b1-4eca-acaa-dc15a4751b31" testListId="8c84fa94-04c1-424b-9868-57a2d4851a1d" />
    <TestEntry testId="1e137d1c-2d50-6f10-2ced-78edc3b544f6" executionId="beac972a-8df6-476d-8de7-d197a3a56dce" testListId="8c84fa94-04c1-424b-9868-57a2d4851a1d" />
    <TestEntry testId="75ea94fd-3e39-2426-5e3d-01bde1d3cfe1" executionId="a4c99dbe-eef1-48b3-ae38-e6dd7fe056fe" testListId="8c84fa94-04c1-424b-9868-57a2d4851a1d" />
    <TestEntry testId="3ea572d0-8081-c04d-1c5e-07d3f0bdce4f" executionId="0a09ccc6-d8eb-4310-9406-33bb438d0876" testListId="8c84fa94-04c1-424b-9868-57a2d4851a1d" />
    <TestEntry testId="4b9c1ba1-8fc1-d592-d8e2-2c9b4a349460" executionId="dab3f985-35c5-4a8a-abfa-76b68e687b02" testListId="8c84fa94-04c1-424b-9868-57a2d4851a1d" />
    <TestEntry testId="0042b540-d9ed-9ddc-23a9-c43f86f536b2" executionId="692fe2fd-20a0-4ebd-b149-b9e95fc3e154" testListId="8c84fa94-04c1-424b-9868-57a2d4851a1d" />
    <TestEntry testId="a6604334-c3da-4032-2d4c-e714d71d6226" executionId="63e25619-b8af-4cd2-b46e-d41597479dbd" testListId="8c84fa94-04c1-424b-9868-57a2d4851a1d" />
    <TestEntry testId="f9b2f864-a502-a8ed-b3aa-05e5daad2520" executionId="4b432bbf-1e95-4664-8265-ed352d891f37" testListId="8c84fa94-04c1-424b-9868-57a2d4851a1d" />
    <TestEntry testId="4da0d92a-1c6d-ea97-1f5b-a872acc44832" executionId="640c9b9f-4a52-4711-bdb1-259a50b53099" testListId="8c84fa94-04c1-424b-9868-57a2d4851a1d" />
    <TestEntry testId="2656410e-7f45-70a7-fdf7-f36a93564a60" executionId="f4f9c392-332b-481d-91e3-ffc2ccbef012" testListId="8c84fa94-04c1-424b-9868-57a2d4851a1d" />
    <TestEntry testId="95e5529b-4329-e8dc-eeed-d78a8fcdab90" executionId="5d5786fa-5a45-409d-97e1-de3cb0155222" testListId="8c84fa94-04c1-424b-9868-57a2d4851a1d" />
    <TestEntry testId="bbb9316d-667f-3b33-a704-f74b312052fa" executionId="78fd8d3c-7f00-4253-8e03-565daf04b19a" testListId="8c84fa94-04c1-424b-9868-57a2d4851a1d" />
    <TestEntry testId="ddf3d0a6-dd5f-db17-7a45-bf3b28b38312" executionId="6436e072-32e8-46e9-9fdd-9914351b7c29" testListId="8c84fa94-04c1-424b-9868-57a2d4851a1d" />
    <TestEntry testId="e3f6b41b-723f-fe52-6ef5-10aa6556c371" executionId="b3087d86-8b8c-4f2d-87bc-26e3c2a4e37c" testListId="8c84fa94-04c1-424b-9868-57a2d4851a1d" />
    <TestEntry testId="3b9ab7b2-de71-ea7e-3b9f-d4d717b953d3" executionId="24bb078e-83a1-461a-86d3-930412292d05" testListId="8c84fa94-04c1-424b-9868-57a2d4851a1d" />
    <TestEntry testId="86e3f85a-a891-efe2-3e19-1eec0a853048" executionId="fd147c78-f07d-4f5f-8db0-6e4402763b42" testListId="8c84fa94-04c1-424b-9868-57a2d4851a1d" />
    <TestEntry testId="44616ce8-42b4-b0a8-a260-dff21925687d" executionId="172e4e5d-b93b-4c5c-94d7-20c6a1bc17b1" testListId="8c84fa94-04c1-424b-9868-57a2d4851a1d" />
    <TestEntry testId="497952da-8550-fce8-7520-c78629959b53" executionId="bc520ecd-0cf3-46b1-9d7e-c58cd8b5dcb9" testListId="8c84fa94-04c1-424b-9868-57a2d4851a1d" />
    <TestEntry testId="a46f3cc4-c110-1556-a386-c5cffa7f4bae" executionId="f42c3d9a-ba30-4628-a88d-4fd9d1a4743a" testListId="8c84fa94-04c1-424b-9868-57a2d4851a1d" />
    <TestEntry testId="d58133a7-9d33-a542-69d0-49c99b7c3190" executionId="ae600cff-84c7-46aa-860e-d19210581228" testListId="8c84fa94-04c1-424b-9868-57a2d4851a1d" />
    <TestEntry testId="481a4ae3-81f3-e5b6-2f47-4f11c083d546" executionId="452cd4cf-3b15-41aa-9438-67951dfb4b81" testListId="8c84fa94-04c1-424b-9868-57a2d4851a1d" />
    <TestEntry testId="3775d54e-5139-d61a-b3ed-3919845d7970" executionId="09ac3818-a9b4-497a-ada4-8ca9e89b32e8" testListId="8c84fa94-04c1-424b-9868-57a2d4851a1d" />
    <TestEntry testId="b4007647-38ed-a41c-6e85-a9dbf46fa5bf" executionId="196ac131-bacb-476e-bb9c-a6551194c456" testListId="8c84fa94-04c1-424b-9868-57a2d4851a1d" />
    <TestEntry testId="3d064911-8ce4-9ebd-478b-8d7a42aeaa1a" executionId="33005d91-214e-4f21-85d8-d8d812211ce6" testListId="8c84fa94-04c1-424b-9868-57a2d4851a1d" />
    <TestEntry testId="34a566dd-f86c-555d-eb99-e99229f28977" executionId="aa78f601-b574-49a0-8a29-d5d877416588" testListId="8c84fa94-04c1-424b-9868-57a2d4851a1d" />
    <TestEntry testId="61a0d16b-51d0-5d10-c277-49bd978ee4cb" executionId="1e1fd91e-8331-476b-912a-f96aa070fd08" testListId="8c84fa94-04c1-424b-9868-57a2d4851a1d" />
    <TestEntry testId="b4e9abf5-dcce-a867-f0a1-16b9bce1e33c" executionId="8901507b-96b3-484d-b291-7f80ef9d692c" testListId="8c84fa94-04c1-424b-9868-57a2d4851a1d" />
    <TestEntry testId="e78dd496-39e7-6487-beae-ab1e68e8a32e" executionId="6877b9ad-a810-4a18-9bfb-eb53f539a42b" testListId="8c84fa94-04c1-424b-9868-57a2d4851a1d" />
    <TestEntry testId="e977acff-c5d7-bca3-f3c9-af0a1964bc45" executionId="fa711d79-72c2-44f8-b5b3-ebc2c934e0d0" testListId="8c84fa94-04c1-424b-9868-57a2d4851a1d" />
    <TestEntry testId="fe7ed937-78c6-d70d-a862-2291212607dd" executionId="317f1d84-da62-493a-b30c-b19458139b8a" testListId="8c84fa94-04c1-424b-9868-57a2d4851a1d" />
    <TestEntry testId="bf4fa718-a0dc-a376-320f-64846e767fdc" executionId="181b7865-7dcb-429c-8046-e996d3666aa5" testListId="8c84fa94-04c1-424b-9868-57a2d4851a1d" />
    <TestEntry testId="0c40e391-1535-8784-1bfb-cedd28fd8a3d" executionId="fe0f2d34-6012-4700-a46f-d696ab5cbf2d" testListId="8c84fa94-04c1-424b-9868-57a2d4851a1d" />
    <TestEntry testId="9a0b5fe5-23b6-e1a0-71e7-8e9b88d6007e" executionId="23109137-4c9d-4665-afce-e6278251ebe0" testListId="8c84fa94-04c1-424b-9868-57a2d4851a1d" />
    <TestEntry testId="48086829-e2cb-679b-fae9-3d9bb0deaa31" executionId="1329bc99-bd0e-4ea1-9d9a-f17e699fe9d8" testListId="8c84fa94-04c1-424b-9868-57a2d4851a1d" />
    <TestEntry testId="38edb700-70aa-aa33-0bc7-b5b75e3d9a26" executionId="e01a603f-3eb0-414f-852e-f80534b2f3ad" testListId="8c84fa94-04c1-424b-9868-57a2d4851a1d" />
    <TestEntry testId="3d1620ff-198d-50c6-b337-596fac219ddf" executionId="5422e8e4-ede4-4d90-9aac-a9187aada437" testListId="8c84fa94-04c1-424b-9868-57a2d4851a1d" />
    <TestEntry testId="c5a88dd3-53bc-ae28-974e-1eee3b032844" executionId="580cb85e-8d44-430e-b1a9-16e5894865fe" testListId="8c84fa94-04c1-424b-9868-57a2d4851a1d" />
    <TestEntry testId="7cff3d0d-af1d-f407-3d06-8761f43e6d14" executionId="c4175980-512f-4e9a-be65-767ce634876c" testListId="8c84fa94-04c1-424b-9868-57a2d4851a1d" />
    <TestEntry testId="a2ae843a-92ec-37be-0383-b7c0f9e18238" executionId="7db8a281-0664-4b1d-a013-8f251f33ce93" testListId="8c84fa94-04c1-424b-9868-57a2d4851a1d" />
    <TestEntry testId="3324df3f-d0c2-2d28-c81e-613d4d905e8f" executionId="e7f49151-63d3-4f30-a976-232c7b5146d8" testListId="8c84fa94-04c1-424b-9868-57a2d4851a1d" />
    <TestEntry testId="7f7f5d66-3aed-c22e-7bf4-aeb78cf64ade" executionId="00c95678-4e25-417c-b985-40f7ec7ca667" testListId="8c84fa94-04c1-424b-9868-57a2d4851a1d" />
    <TestEntry testId="b0955da3-ce5b-b0b3-75ec-821ea063e503" executionId="07ce765a-2a0e-4132-a927-403933b3af6c" testListId="8c84fa94-04c1-424b-9868-57a2d4851a1d" />
    <TestEntry testId="2be290df-7d92-5723-935e-13156fa041e9" executionId="3347817c-bab8-4163-bb26-0fd4ddee15ed" testListId="8c84fa94-04c1-424b-9868-57a2d4851a1d" />
    <TestEntry testId="a0c2347e-12cd-e97e-3411-c0b888e63434" executionId="112df7f4-a6f1-4bf1-a92e-3ca2b70696d6" testListId="8c84fa94-04c1-424b-9868-57a2d4851a1d" />
    <TestEntry testId="94947477-732a-e560-5f54-22bdde23417b" executionId="4b4a6140-a36b-43f7-a26b-1a4f89c48de8" testListId="8c84fa94-04c1-424b-9868-57a2d4851a1d" />
    <TestEntry testId="8fb5eb2d-b3ae-981f-09c3-d17ab6f8bf32" executionId="f65b7f6d-fad1-4440-848e-81bd05cac554" testListId="8c84fa94-04c1-424b-9868-57a2d4851a1d" />
    <TestEntry testId="f4e3ebab-7e4a-0cd1-86fc-a3d86a2407e3" executionId="20c1900a-f49d-4bdc-a5dd-d51605f32c09" testListId="8c84fa94-04c1-424b-9868-57a2d4851a1d" />
    <TestEntry testId="78a6b582-b368-300f-7454-3b6c6e2452ac" executionId="bdabeb1c-1509-4709-af89-6a90b7b27829" testListId="8c84fa94-04c1-424b-9868-57a2d4851a1d" />
    <TestEntry testId="2f907606-a74c-ccb6-685a-520887bca1bd" executionId="10db0474-0ea3-4890-99cd-aca186e3c874" testListId="8c84fa94-04c1-424b-9868-57a2d4851a1d" />
    <TestEntry testId="0d123650-c101-9c90-42a1-fa59bbf35a9d" executionId="9e5f6b67-922b-4ed1-81a3-139612064be6" testListId="8c84fa94-04c1-424b-9868-57a2d4851a1d" />
    <TestEntry testId="9dc477ec-e1a1-d66d-01b6-1f6f67046bad" executionId="15566770-4406-475b-b6c7-335de426c27f" testListId="8c84fa94-04c1-424b-9868-57a2d4851a1d" />
    <TestEntry testId="286c9298-177b-f65b-c722-ac07a895db6d" executionId="6d695b5b-b8f0-42c2-a469-04bc150b19bb" testListId="8c84fa94-04c1-424b-9868-57a2d4851a1d" />
    <TestEntry testId="a1c7a7a4-30b8-eb82-955d-baf3a6270edd" executionId="5a4a90d9-623f-4a1a-8691-b639480d50e8" testListId="8c84fa94-04c1-424b-9868-57a2d4851a1d" />
    <TestEntry testId="c91db1aa-50a3-2233-826f-30e095a5542d" executionId="aed30d32-911d-481e-8430-bfa2751d7469" testListId="8c84fa94-04c1-424b-9868-57a2d4851a1d" />
    <TestEntry testId="1cc92af9-eee7-7653-0e1e-565dd50e3732" executionId="29a8bfb9-676a-484a-9cf2-873d4eee0774" testListId="8c84fa94-04c1-424b-9868-57a2d4851a1d" />
    <TestEntry testId="f6a95ba9-ac49-2e23-29ac-ce6ba5255c74" executionId="0304f8db-312a-425e-99f4-1c71f78f2070" testListId="8c84fa94-04c1-424b-9868-57a2d4851a1d" />
    <TestEntry testId="f12ce410-d0e4-8074-07d4-91d1e0fbf2c9" executionId="87deca2a-4580-4a5d-b89b-12a313ff1df1" testListId="8c84fa94-04c1-424b-9868-57a2d4851a1d" />
    <TestEntry testId="1f197d57-fb90-1daa-1029-19a0a18cfb63" executionId="96aca051-1672-471c-bd83-304266fff75a" testListId="8c84fa94-04c1-424b-9868-57a2d4851a1d" />
    <TestEntry testId="666933bf-ca6e-ed0a-22c8-e8c76fc314a6" executionId="c8ef912e-4a2f-4faa-80d3-1fc76166b633" testListId="8c84fa94-04c1-424b-9868-57a2d4851a1d" />
    <TestEntry testId="60367087-2316-14c0-adc0-f0887c9790d8" executionId="cca30978-5e23-4649-87f0-ab21309b289c" testListId="8c84fa94-04c1-424b-9868-57a2d4851a1d" />
    <TestEntry testId="1e79c8d7-cd61-c59c-6dcf-65c08971bc10" executionId="27fc9c22-0fd4-4914-82f7-be8ba67f0479" testListId="8c84fa94-04c1-424b-9868-57a2d4851a1d" />
    <TestEntry testId="8494c4fc-6e14-a22b-6d09-e420845ec6ec" executionId="330773f0-a3db-4ae9-8834-2843a386c414" testListId="8c84fa94-04c1-424b-9868-57a2d4851a1d" />
    <TestEntry testId="87d61092-b49e-e6da-181a-7f8834a22795" executionId="f03f4d28-4aa1-4808-a358-181230973cd4" testListId="8c84fa94-04c1-424b-9868-57a2d4851a1d" />
    <TestEntry testId="b140ad36-aa55-d8f3-9a8b-21dd46774cd0" executionId="1c5627c1-531e-40f7-abc5-761be6e685d6" testListId="8c84fa94-04c1-424b-9868-57a2d4851a1d" />
    <TestEntry testId="6809884e-bb17-d38a-6d12-ed43e639dc6c" executionId="7c0a0d16-e633-42a7-8893-eb3b01cf05a5" testListId="8c84fa94-04c1-424b-9868-57a2d4851a1d" />
    <TestEntry testId="25927a93-4fe1-3342-a357-68efde15925c" executionId="75a794b2-989c-4ad7-ab49-5bf8ebf31360" testListId="8c84fa94-04c1-424b-9868-57a2d4851a1d" />
    <TestEntry testId="bcca15e8-f885-072a-8111-788e9a179cb4" executionId="bbda3c0a-8b0f-4f2b-8f49-320ec46a71ef" testListId="8c84fa94-04c1-424b-9868-57a2d4851a1d" />
    <TestEntry testId="2656410e-7f45-70a7-fdf7-f36a93564a60" executionId="9bc628e3-8b1e-4ec0-94cb-79ceaedd5945" testListId="8c84fa94-04c1-424b-9868-57a2d4851a1d" />
    <TestEntry testId="37b11b1a-faeb-4c63-96fe-94b39c79fba8" executionId="956be3be-cc12-41de-ab8b-589dbaa36765" testListId="8c84fa94-04c1-424b-9868-57a2d4851a1d" />
    <TestEntry testId="3e51833d-f117-3a73-25e0-3ddbb4fb98e4" executionId="54015d31-a82d-4b3c-b833-7939d457f8e5" testListId="8c84fa94-04c1-424b-9868-57a2d4851a1d" />
    <TestEntry testId="622aba69-20fa-274e-c9a3-62ef69aa9cc7" executionId="76e6f481-bc89-4c93-b503-64c289364409" testListId="8c84fa94-04c1-424b-9868-57a2d4851a1d" />
    <TestEntry testId="1e79c8d7-cd61-c59c-6dcf-65c08971bc10" executionId="9a6cce4f-52cc-4367-868e-20b45f3c6fc1" testListId="8c84fa94-04c1-424b-9868-57a2d4851a1d" />
    <TestEntry testId="7adc7ac4-fa4e-60ca-0d47-9278641414cf" executionId="66348467-04e8-43e8-8664-b3d282a3e3f8" testListId="8c84fa94-04c1-424b-9868-57a2d4851a1d" />
    <TestEntry testId="e1556102-bfa7-5198-dc89-44e3df8c3feb" executionId="57218459-3c4a-45f9-8c69-65ed5c29f61c" testListId="8c84fa94-04c1-424b-9868-57a2d4851a1d" />
    <TestEntry testId="4ae3084e-c976-0715-7375-0c9f5fcb3759" executionId="02c860c8-7047-42cc-b2f3-e4da8cdbe1be" testListId="8c84fa94-04c1-424b-9868-57a2d4851a1d" />
    <TestEntry testId="12e154b4-112d-c5f4-0a6f-42e08eacf8bc" executionId="7b621f5b-ac1c-43b2-aa13-76858905eec5" testListId="8c84fa94-04c1-424b-9868-57a2d4851a1d" />
    <TestEntry testId="6f6088c3-76ba-6609-04be-35e965dd0076" executionId="e30839b1-b189-467f-837d-9cd602d77dc5" testListId="8c84fa94-04c1-424b-9868-57a2d4851a1d" />
    <TestEntry testId="77bc6e3f-5d9f-dd2e-7e9a-08f79f19bcfe" executionId="059a2a14-095d-4cfe-bbc2-9517d5e171cb" testListId="8c84fa94-04c1-424b-9868-57a2d4851a1d" />
    <TestEntry testId="1a24a2ba-5321-9ff6-a6a8-d43137a1f8e2" executionId="ffdd2926-695a-4370-9e28-a847e05a3269" testListId="8c84fa94-04c1-424b-9868-57a2d4851a1d" />
    <TestEntry testId="54b2cfa1-7269-c0b2-f15e-9f5e8fbe61d5" executionId="8c4cc84c-dc61-4558-ad5b-0cd76c777837" testListId="8c84fa94-04c1-424b-9868-57a2d4851a1d" />
    <TestEntry testId="f8931a95-fbce-ccf9-7a95-09c5def45823" executionId="6bd5d57e-df49-4b36-8a19-3e9968f14a2f" testListId="8c84fa94-04c1-424b-9868-57a2d4851a1d" />
    <TestEntry testId="7bcb0848-d16e-3c13-2eb4-0d2bdba39c0b" executionId="7f214206-3814-4557-a038-a840891aca48" testListId="8c84fa94-04c1-424b-9868-57a2d4851a1d" />
    <TestEntry testId="93072ac8-93cd-f82a-1539-84c47e6d94f9" executionId="7049179b-45f6-42c5-884c-363a7b99375c" testListId="8c84fa94-04c1-424b-9868-57a2d4851a1d" />
    <TestEntry testId="4c1c59cd-e4a5-e39a-adb6-781aef6bf9d5" executionId="e6a85e2c-c118-482b-a726-87bfb362dd41" testListId="8c84fa94-04c1-424b-9868-57a2d4851a1d" />
    <TestEntry testId="c94dec01-8725-8384-e760-0a6da8ccc2b9" executionId="f7bf1824-64f4-49c4-89d0-99a495d98948" testListId="8c84fa94-04c1-424b-9868-57a2d4851a1d" />
    <TestEntry testId="2ac63861-a427-7dc0-632a-1a14e3db178d" executionId="579af3a2-d3a3-4742-b972-4de9679dcebe" testListId="8c84fa94-04c1-424b-9868-57a2d4851a1d" />
    <TestEntry testId="dbd6e154-4890-dc88-e04d-c6cb4bd2c543" executionId="b0a3f623-c407-49e8-a9e9-b8cf2378126e" testListId="8c84fa94-04c1-424b-9868-57a2d4851a1d" />
    <TestEntry testId="d82a3974-a1b3-5452-a547-6e33ca1a063c" executionId="91bd779d-e14e-4904-b6c0-b825b634904c" testListId="8c84fa94-04c1-424b-9868-57a2d4851a1d" />
    <TestEntry testId="2c34bca7-1fd3-05d4-21d5-d87dea8dd68d" executionId="bdba9129-fe76-4e94-8074-e6c9f408a470" testListId="8c84fa94-04c1-424b-9868-57a2d4851a1d" />
    <TestEntry testId="f5da3dc1-e02c-560c-2f2c-2214ac1c3c6d" executionId="964a344f-2fd5-45eb-876e-85dc30ce5578" testListId="8c84fa94-04c1-424b-9868-57a2d4851a1d" />
    <TestEntry testId="4292287d-3e88-e342-a73e-7621a9e1b4cb" executionId="9186a802-99b6-423a-8224-047854753bd6" testListId="8c84fa94-04c1-424b-9868-57a2d4851a1d" />
    <TestEntry testId="0d6f690b-9d82-1f59-cc79-11a0ccc735ef" executionId="e4c51ccf-b9e8-4ca6-ae6c-ed58759e67c5" testListId="8c84fa94-04c1-424b-9868-57a2d4851a1d" />
    <TestEntry testId="db6e13b3-cc8e-0a45-bc7c-133f013949b4" executionId="59f241f6-dcbc-424a-9f77-ff1f4a10b3aa" testListId="8c84fa94-04c1-424b-9868-57a2d4851a1d" />
    <TestEntry testId="eb73ec0d-ba85-a922-f1e4-560a64171ca9" executionId="c331e714-ffe9-4dde-b926-bac966f55032" testListId="8c84fa94-04c1-424b-9868-57a2d4851a1d" />
    <TestEntry testId="7fe16f67-ef74-a129-92fe-2486276145d3" executionId="7abba82e-c490-46ed-ac0b-1e8ded8a3cee" testListId="8c84fa94-04c1-424b-9868-57a2d4851a1d" />
    <TestEntry testId="228c7528-b299-db41-59ab-3646b8e95954" executionId="6f0ca489-2d66-400a-bb0c-ff06b9b0e3e6" testListId="8c84fa94-04c1-424b-9868-57a2d4851a1d" />
    <TestEntry testId="2b95d2ae-b0e6-b9ff-1945-fd02bf0a08c5" executionId="871aa6d5-6ae1-4adb-aac5-68b1e2714842" testListId="8c84fa94-04c1-424b-9868-57a2d4851a1d" />
    <TestEntry testId="942a9c80-4af4-0c03-0952-5c17f4bb2d0a" executionId="9b52a817-c0f8-4aff-be6a-a6816baa7da2" testListId="8c84fa94-04c1-424b-9868-57a2d4851a1d" />
    <TestEntry testId="1f6a65bf-9ff6-e05f-9e5f-5e7562d8b3ed" executionId="d93c6b7d-ac8d-4625-82d3-97d29384b320" testListId="8c84fa94-04c1-424b-9868-57a2d4851a1d" />
    <TestEntry testId="e4026a29-914d-441e-2c1a-b6749c436c60" executionId="08adb518-0e59-4ba1-970d-6eb506aa8bcb" testListId="8c84fa94-04c1-424b-9868-57a2d4851a1d" />
    <TestEntry testId="b1b0eee3-3048-4930-3256-de423350cc60" executionId="54985963-28b9-4165-ab17-dbba73b6f3d7" testListId="8c84fa94-04c1-424b-9868-57a2d4851a1d" />
    <TestEntry testId="3d064911-8ce4-9ebd-478b-8d7a42aeaa1a" executionId="3f025428-ea9d-4df7-a7e9-c90edf5d9ced" testListId="8c84fa94-04c1-424b-9868-57a2d4851a1d" />
    <TestEntry testId="9d18eb91-be6b-90e4-b7cf-8f9741658eb3" executionId="1980edf1-f0aa-4b96-8c86-d0190efdc5ba" testListId="8c84fa94-04c1-424b-9868-57a2d4851a1d" />
    <TestEntry testId="773b3700-4327-8dc5-55b6-617ccbe6ad79" executionId="48138cb4-c40e-405f-9452-3cbccc41bd8e" testListId="8c84fa94-04c1-424b-9868-57a2d4851a1d" />
    <TestEntry testId="17af0ef1-5b03-524e-019b-aa5abb781652" executionId="810f6cb9-ca33-46b8-ac05-8166a93a171d" testListId="8c84fa94-04c1-424b-9868-57a2d4851a1d" />
    <TestEntry testId="151f7ead-f8c8-292a-fa32-6e515a2838fc" executionId="137ff938-c112-4e0f-8cdc-bfb30ca904a3" testListId="8c84fa94-04c1-424b-9868-57a2d4851a1d" />
    <TestEntry testId="19df9d5f-570b-e54d-a401-8a0b00b67220" executionId="bf87932f-a83b-48c2-990b-c3d92da0984b" testListId="8c84fa94-04c1-424b-9868-57a2d4851a1d" />
    <TestEntry testId="87a406ec-4133-87bc-5a61-b337c8334484" executionId="1256f395-d8d1-481d-8ebe-f4d5c84b3544" testListId="8c84fa94-04c1-424b-9868-57a2d4851a1d" />
    <TestEntry testId="6d706680-b45d-6f73-58a0-c603a7578b64" executionId="527b3a5e-3d84-41ed-812e-0a8e2dbd2448" testListId="8c84fa94-04c1-424b-9868-57a2d4851a1d" />
    <TestEntry testId="4fe7a980-a4df-a5e0-9048-4c5bac6fd2df" executionId="a9113681-8b9f-426b-9436-bbbc835ff901" testListId="8c84fa94-04c1-424b-9868-57a2d4851a1d" />
    <TestEntry testId="dcac7d6c-cddc-07ec-ade2-6b37b9b8f7b2" executionId="a22a39a6-0459-4cb7-81e7-b5fe9bf78431" testListId="8c84fa94-04c1-424b-9868-57a2d4851a1d" />
    <TestEntry testId="5a28539e-fb57-42a1-3352-aa901506c7b3" executionId="ec30f9cd-3e38-4c2a-b9c5-d20321506dfd" testListId="8c84fa94-04c1-424b-9868-57a2d4851a1d" />
    <TestEntry testId="bf3da019-7f9d-af94-6f96-f8ea713b9cf6" executionId="dae8c193-ba04-42b1-8560-2b7692a9449d" testListId="8c84fa94-04c1-424b-9868-57a2d4851a1d" />
    <TestEntry testId="ed030d81-00c3-b759-cae4-3bed7cfacbb0" executionId="09cd1726-72e4-4c3f-9b4c-861308ce792c" testListId="8c84fa94-04c1-424b-9868-57a2d4851a1d" />
    <TestEntry testId="0bcee4b1-1c28-608b-529d-c163d3dedf9c" executionId="05ceb683-5872-4d61-92d0-9d14edad932e" testListId="8c84fa94-04c1-424b-9868-57a2d4851a1d" />
    <TestEntry testId="2db2b971-3e51-d05c-5cc4-2946c56148cc" executionId="20959e9b-7ea5-4696-a2fa-e0baf544868b" testListId="8c84fa94-04c1-424b-9868-57a2d4851a1d" />
    <TestEntry testId="0cc38451-e146-8497-4cd5-53044a86f598" executionId="40a9daac-19cf-40c8-84e0-e18da8ec18c2" testListId="8c84fa94-04c1-424b-9868-57a2d4851a1d" />
    <TestEntry testId="4453184c-f216-9b6d-4fbd-d2b0df67fcc5" executionId="e3bb9d1e-6821-49bc-bb66-334fa0f3b2ab" testListId="8c84fa94-04c1-424b-9868-57a2d4851a1d" />
    <TestEntry testId="1a13e6b3-6678-3730-e073-876042334d75" executionId="8c3d3645-ac55-4f42-867b-d346ba10fe00" testListId="8c84fa94-04c1-424b-9868-57a2d4851a1d" />
    <TestEntry testId="ce965a78-835a-15f8-3288-e78e41f0291b" executionId="3be596ac-b81f-479e-a1ce-41fcb07a3a88" testListId="8c84fa94-04c1-424b-9868-57a2d4851a1d" />
    <TestEntry testId="a038b769-e4a5-816c-c60d-2cf3795b10fd" executionId="0b08a070-9ca9-4a8e-bdf4-8d4421237bf2" testListId="8c84fa94-04c1-424b-9868-57a2d4851a1d" />
    <TestEntry testId="b18428a6-357e-c689-d8bc-399f60aac534" executionId="63a76809-8a89-4cd3-9f35-23ddc24f3df8" testListId="8c84fa94-04c1-424b-9868-57a2d4851a1d" />
    <TestEntry testId="742aca02-9331-da31-2bac-cb8e449be676" executionId="e793aae5-0fbe-41f0-8f74-54d594e23b86" testListId="8c84fa94-04c1-424b-9868-57a2d4851a1d" />
    <TestEntry testId="b30720bd-f140-b124-33ed-afa9a981ffb4" executionId="d9c986f3-d3c1-45ce-b0d5-ca4a4c6d98ed" testListId="8c84fa94-04c1-424b-9868-57a2d4851a1d" />
    <TestEntry testId="3d064911-8ce4-9ebd-478b-8d7a42aeaa1a" executionId="6b94835c-afac-4af7-a956-38bd374abf06" testListId="8c84fa94-04c1-424b-9868-57a2d4851a1d" />
    <TestEntry testId="6799c615-984b-d393-61e7-01b94eabeafa" executionId="cc454ecf-7bcc-467f-8de2-7c924adbf147" testListId="8c84fa94-04c1-424b-9868-57a2d4851a1d" />
    <TestEntry testId="407d0806-db6d-d0d8-dfd4-a56206ad652f" executionId="48d7ed93-5e41-48a7-9fdd-e7291850c4c8" testListId="8c84fa94-04c1-424b-9868-57a2d4851a1d" />
    <TestEntry testId="abf6c339-b908-439d-1fc1-47a1df3c26c9" executionId="5e0cdfcc-8bd3-4edc-8faf-cbd71fb6b631" testListId="8c84fa94-04c1-424b-9868-57a2d4851a1d" />
    <TestEntry testId="9485847a-d0cf-d910-52fd-1dc7d46c0bab" executionId="a8eeac2d-7382-4813-a91f-6dc405407087" testListId="8c84fa94-04c1-424b-9868-57a2d4851a1d" />
    <TestEntry testId="922bfda1-7a14-2dce-128b-e09841dad4e2" executionId="03932b46-6564-4e56-9397-8f36b799b6c1" testListId="8c84fa94-04c1-424b-9868-57a2d4851a1d" />
    <TestEntry testId="5cecca1b-6cfe-a561-61db-bfb6cc7f6214" executionId="f9e0338b-b6ab-4238-8b6c-fcd92c01a367" testListId="8c84fa94-04c1-424b-9868-57a2d4851a1d" />
    <TestEntry testId="155bcea2-a69c-4737-05b7-9a1a9d273028" executionId="a6df5948-e824-41d1-81b1-1cd2d07811e2" testListId="8c84fa94-04c1-424b-9868-57a2d4851a1d" />
    <TestEntry testId="3d064911-8ce4-9ebd-478b-8d7a42aeaa1a" executionId="e198effd-6463-4287-9d05-db5ec4adc852" testListId="8c84fa94-04c1-424b-9868-57a2d4851a1d" />
    <TestEntry testId="3eaab606-da98-cb80-86c4-76c1a49a2c30" executionId="5ad197ea-5e2a-4390-8949-6c4756912408" testListId="8c84fa94-04c1-424b-9868-57a2d4851a1d" />
    <TestEntry testId="ea6625c3-c544-3a8a-f630-52d307e1360c" executionId="d7c21b43-1a05-4032-a649-5d1c059590a7" testListId="8c84fa94-04c1-424b-9868-57a2d4851a1d" />
    <TestEntry testId="695d9dc1-603f-c186-f622-eadc4afd9848" executionId="3732d4e2-3d45-4aec-98c3-03f2114f209d" testListId="8c84fa94-04c1-424b-9868-57a2d4851a1d" />
    <TestEntry testId="75ea94fd-3e39-2426-5e3d-01bde1d3cfe1" executionId="a9cbbd3c-7866-408e-94d3-ad8cab51714d" testListId="8c84fa94-04c1-424b-9868-57a2d4851a1d" />
    <TestEntry testId="95b47281-e8c1-361c-53c0-38909c103b14" executionId="cf4ee961-a88a-4e3c-bab6-662108a24da7" testListId="8c84fa94-04c1-424b-9868-57a2d4851a1d" />
    <TestEntry testId="7279241d-1c25-8c46-c59a-9ee52d0c2a87" executionId="48101a95-04b2-4407-987f-ccc6d0353b3b" testListId="8c84fa94-04c1-424b-9868-57a2d4851a1d" />
    <TestEntry testId="2be290df-7d92-5723-935e-13156fa041e9" executionId="8d3ab0d7-363f-4754-920c-59a655a28bb8" testListId="8c84fa94-04c1-424b-9868-57a2d4851a1d" />
    <TestEntry testId="ea6c1b95-a0ad-0182-c0b9-1f79d5e165b1" executionId="6dc46e77-6ce5-477b-aa70-bdfba3c4603e" testListId="8c84fa94-04c1-424b-9868-57a2d4851a1d" />
    <TestEntry testId="f57ac424-adaf-1808-607f-9395be13912a" executionId="1319b4d2-8cfa-463d-bc8a-b069868fb306" testListId="8c84fa94-04c1-424b-9868-57a2d4851a1d" />
    <TestEntry testId="d31df667-e086-86d8-6c74-e0530cd9f34a" executionId="379f3997-f70c-4058-87d2-d70df711852c" testListId="8c84fa94-04c1-424b-9868-57a2d4851a1d" />
    <TestEntry testId="bf4fa718-a0dc-a376-320f-64846e767fdc" executionId="ad53ab57-59c7-4f8d-8326-fd2dd85413f9" testListId="8c84fa94-04c1-424b-9868-57a2d4851a1d" />
    <TestEntry testId="f79af24c-28c2-7172-44e7-a79f11dabe70" executionId="535b3d76-be75-4cd0-9490-3661253df436" testListId="8c84fa94-04c1-424b-9868-57a2d4851a1d" />
    <TestEntry testId="dcd05550-3ea5-0bef-33f4-5a0952c6de2a" executionId="6788d253-9d39-43aa-91bc-072fd7b156a6" testListId="8c84fa94-04c1-424b-9868-57a2d4851a1d" />
    <TestEntry testId="e40e07d2-876d-1f57-b753-1a1606f1526f" executionId="17f3b56c-7082-41f4-9bae-2276af33aea7" testListId="8c84fa94-04c1-424b-9868-57a2d4851a1d" />
    <TestEntry testId="d4e8a370-9b59-6ddd-5a28-e76f3ca89b62" executionId="d4316d2c-30be-4651-a764-ba3dfc6cb0a8" testListId="8c84fa94-04c1-424b-9868-57a2d4851a1d" />
    <TestEntry testId="b980310c-3eed-ecf0-a5ec-9237fd7abcff" executionId="4c3e254d-e257-4fc0-b4e1-fba09e120b68" testListId="8c84fa94-04c1-424b-9868-57a2d4851a1d" />
    <TestEntry testId="e534c7f0-aa9f-7e58-f835-e09dd0e1c6e7" executionId="cb2bc7cd-94d8-4221-882d-7b938a045e56" testListId="8c84fa94-04c1-424b-9868-57a2d4851a1d" />
    <TestEntry testId="0a2cac4d-2fc6-eca4-917c-3476ebc50ff5" executionId="be75a07c-f91c-4dbe-9041-76ac6e8f50ec" testListId="8c84fa94-04c1-424b-9868-57a2d4851a1d" />
    <TestEntry testId="5cecca1b-6cfe-a561-61db-bfb6cc7f6214" executionId="b2f5a2a1-5b65-4f55-b6ca-ce7455c689c0" testListId="8c84fa94-04c1-424b-9868-57a2d4851a1d" />
    <TestEntry testId="7904d1b1-607e-2d6f-5674-db51ba40f01a" executionId="b4bbc62b-ec80-471f-ae70-01353fc2bf86" testListId="8c84fa94-04c1-424b-9868-57a2d4851a1d" />
    <TestEntry testId="3c2bfb64-9df6-3696-771c-f9828b5d3e4d" executionId="b06dc2a7-7c62-400a-b358-c2179c9add6d" testListId="8c84fa94-04c1-424b-9868-57a2d4851a1d" />
    <TestEntry testId="78a6b582-b368-300f-7454-3b6c6e2452ac" executionId="6e553582-d758-45dd-88d3-aab7df02e74b" testListId="8c84fa94-04c1-424b-9868-57a2d4851a1d" />
    <TestEntry testId="cf04794a-c01e-27c1-a035-6828d1035adc" executionId="64a74e03-d6fb-4bb8-b57d-e71c61037be6" testListId="8c84fa94-04c1-424b-9868-57a2d4851a1d" />
    <TestEntry testId="52f43070-5fba-489a-4c2a-6329fcf8bea7" executionId="853af5a6-d340-4498-8063-85510ff6a59a" testListId="8c84fa94-04c1-424b-9868-57a2d4851a1d" />
    <TestEntry testId="336f215a-f7e1-0f44-750d-f4db67f466ef" executionId="33aeb52e-97c7-42e5-ba6f-b3e6865fd635" testListId="8c84fa94-04c1-424b-9868-57a2d4851a1d" />
    <TestEntry testId="4b263b67-44cb-8b8f-e3e0-1151d2d64a6c" executionId="79542c9f-54fb-491a-a2aa-5f00bc5d83a0" testListId="8c84fa94-04c1-424b-9868-57a2d4851a1d" />
    <TestEntry testId="0b1c2648-88af-4fbe-ba80-ea65bae2d4b0" executionId="93709350-5f3f-4931-9e34-8496f6c7defc" testListId="8c84fa94-04c1-424b-9868-57a2d4851a1d" />
    <TestEntry testId="34bfcbdb-a9fe-5904-aaae-9b92562a47e4" executionId="afab087e-58ba-4388-a277-910acd6086d8" testListId="8c84fa94-04c1-424b-9868-57a2d4851a1d" />
    <TestEntry testId="b609376b-7120-8e6a-b5d2-5cbe021250c9" executionId="7e18b11c-32b4-472b-b2b3-e8be74a3ae15" testListId="8c84fa94-04c1-424b-9868-57a2d4851a1d" />
    <TestEntry testId="6a9d48da-ce15-7c73-da5e-020c6bba6713" executionId="7d4b0d1d-dd3f-4540-86e4-8b5dc1e1c503" testListId="8c84fa94-04c1-424b-9868-57a2d4851a1d" />
    <TestEntry testId="e68f0fb3-29fa-f4a6-5af8-0a4a2c152ae4" executionId="f9b3128d-5d44-4550-827f-4cf0e27d8fef" testListId="8c84fa94-04c1-424b-9868-57a2d4851a1d" />
    <TestEntry testId="e11309ac-b0a6-8c39-60d7-dba8677b0b69" executionId="6b7ea49e-3619-44e2-9046-f5ad0047020a" testListId="8c84fa94-04c1-424b-9868-57a2d4851a1d" />
    <TestEntry testId="b58d0b7f-c953-3548-e48d-1e7873d59a4d" executionId="9afa2c12-3d89-4d0f-8489-4e4b81977a61" testListId="8c84fa94-04c1-424b-9868-57a2d4851a1d" />
    <TestEntry testId="2e3d963d-2c88-d01e-672b-3e7de3778e63" executionId="cc4740ac-71f8-4cf5-8bf0-5df8a0d38fbc" testListId="8c84fa94-04c1-424b-9868-57a2d4851a1d" />
    <TestEntry testId="24a6ee56-00ee-be62-7065-a28f8e048c75" executionId="61d6e98b-495d-423e-ac54-e59e266dc8a9" testListId="8c84fa94-04c1-424b-9868-57a2d4851a1d" />
    <TestEntry testId="d5bf2cba-f614-6dc7-c8b0-5dc8f1b0688a" executionId="25bbf1dc-b6cb-48ba-b549-a451d274ad10" testListId="8c84fa94-04c1-424b-9868-57a2d4851a1d" />
    <TestEntry testId="2be290df-7d92-5723-935e-13156fa041e9" executionId="6e99d156-90ff-45a7-b420-68fe4e0d4c4a" testListId="8c84fa94-04c1-424b-9868-57a2d4851a1d" />
    <TestEntry testId="0b777eee-ee01-cd28-6e26-18a5f04014f3" executionId="cfb10e04-e750-4329-b94d-f56879303b58" testListId="8c84fa94-04c1-424b-9868-57a2d4851a1d" />
    <TestEntry testId="c8fc9c05-b337-f71c-e51f-ac57c6c487d9" executionId="6657a6eb-b153-4c4c-bd58-d8a1caef2037" testListId="8c84fa94-04c1-424b-9868-57a2d4851a1d" />
    <TestEntry testId="38d346dd-80f9-a0e9-6d16-c0c882a84d79" executionId="b49be703-9d0f-4939-a927-3344e7d3c325" testListId="8c84fa94-04c1-424b-9868-57a2d4851a1d" />
    <TestEntry testId="f45b0123-a5dd-fb53-d0d1-cdea3d2f2a2b" executionId="04e3f440-61da-42ec-aee2-cbe1eac05f93" testListId="8c84fa94-04c1-424b-9868-57a2d4851a1d" />
    <TestEntry testId="2654aba6-2f33-6b4b-7f64-3307a5068802" executionId="cdc914c7-c910-41fb-8647-26cfe001fdc7" testListId="8c84fa94-04c1-424b-9868-57a2d4851a1d" />
    <TestEntry testId="bfaa7edb-4a04-4e67-1fba-886c635c7198" executionId="dad1e93e-f094-4373-9c84-5db40b272577" testListId="8c84fa94-04c1-424b-9868-57a2d4851a1d" />
    <TestEntry testId="647a6e46-5887-fcbd-09f2-cc660f744507" executionId="fbedb0ae-b652-4827-9262-6d2de2a6d0fc" testListId="8c84fa94-04c1-424b-9868-57a2d4851a1d" />
    <TestEntry testId="52b9b455-2407-4953-cf47-5a45fd633d82" executionId="5e7c7f0d-9a99-469b-97fb-679dd06ce8d6" testListId="8c84fa94-04c1-424b-9868-57a2d4851a1d" />
    <TestEntry testId="24604567-4b6e-b992-6f71-b271977ed625" executionId="c8cd1727-51a5-4eeb-8450-961d44f73f42" testListId="8c84fa94-04c1-424b-9868-57a2d4851a1d" />
    <TestEntry testId="1521db92-d0ad-eb1f-ad0c-05a73782449b" executionId="a9aa232f-4feb-4748-b135-ed026ebc927d" testListId="8c84fa94-04c1-424b-9868-57a2d4851a1d" />
    <TestEntry testId="ab54bdd7-dd50-11cb-626a-bab70cc89d7f" executionId="fc3904cd-1ede-4105-9dfd-9a09cead9dd4" testListId="8c84fa94-04c1-424b-9868-57a2d4851a1d" />
    <TestEntry testId="9e2a9f15-4488-46b5-d65a-ca258ef40110" executionId="1f2dab64-aed5-41dd-9ef9-05583d21e107" testListId="8c84fa94-04c1-424b-9868-57a2d4851a1d" />
    <TestEntry testId="304239fc-7054-9e5d-eba6-2bd02a709820" executionId="0b963242-681c-4c4b-a745-ded250b8e9d7" testListId="8c84fa94-04c1-424b-9868-57a2d4851a1d" />
    <TestEntry testId="165bb218-c429-9fa2-af30-547e3f724514" executionId="a7b327a9-1d74-4312-bdb8-61754a74a27f" testListId="8c84fa94-04c1-424b-9868-57a2d4851a1d" />
    <TestEntry testId="9e58d1b2-456d-53b1-789d-a8a13edb1755" executionId="bbad4660-4d2d-4f5e-a0a7-d30def974d55" testListId="8c84fa94-04c1-424b-9868-57a2d4851a1d" />
    <TestEntry testId="a796d7f5-984c-823a-3844-ddc6f7370e1a" executionId="fcad3847-aa2c-479f-a744-7721e7dd3400" testListId="8c84fa94-04c1-424b-9868-57a2d4851a1d" />
    <TestEntry testId="94a4d560-7e61-7129-d667-18a8b19b10da" executionId="7a69fb11-31d4-4c30-af9c-6366ffbbf810" testListId="8c84fa94-04c1-424b-9868-57a2d4851a1d" />
    <TestEntry testId="faf80909-a0ab-f142-10c5-3b6917abff3a" executionId="7e4f7a46-a8b8-4338-bc7e-97ec2965ec12" testListId="8c84fa94-04c1-424b-9868-57a2d4851a1d" />
    <TestEntry testId="c07aed26-14d1-210f-7fca-c19609b25bf3" executionId="0398836c-2c28-4088-a740-ee7d791e1b2c" testListId="8c84fa94-04c1-424b-9868-57a2d4851a1d" />
    <TestEntry testId="75c5c21e-f746-4e6e-81df-fc94bf156b92" executionId="da0faf42-0c81-4dce-9266-4f00bdb2dc9d" testListId="8c84fa94-04c1-424b-9868-57a2d4851a1d" />
    <TestEntry testId="f55a233a-e14b-4380-52ae-c7ccd5e5efd5" executionId="ba077ff6-4359-4dea-8b46-3d16580687fb" testListId="8c84fa94-04c1-424b-9868-57a2d4851a1d" />
    <TestEntry testId="955cd9c5-d10e-23d7-8d60-ef62fae1fbcc" executionId="8e4a666c-5416-4521-8b1e-5039540e5edf" testListId="8c84fa94-04c1-424b-9868-57a2d4851a1d" />
    <TestEntry testId="e7a2272b-a298-7d90-48b8-d8225bf3cf86" executionId="30bcc29a-9227-4c02-95b5-acd2d3c5082d" testListId="8c84fa94-04c1-424b-9868-57a2d4851a1d" />
    <TestEntry testId="3d064911-8ce4-9ebd-478b-8d7a42aeaa1a" executionId="8d1e46b8-5112-4f3a-a902-8775ac18b829" testListId="8c84fa94-04c1-424b-9868-57a2d4851a1d" />
    <TestEntry testId="65ec0d1d-04b9-67af-7168-6d5dc4287ecb" executionId="521412bb-a65b-4f70-b6e0-fd7c642409bd" testListId="8c84fa94-04c1-424b-9868-57a2d4851a1d" />
    <TestEntry testId="c82b7b83-2bf0-892d-6cf7-743b5ac7abdd" executionId="efb28813-eb19-424b-a262-166221f59d6f" testListId="8c84fa94-04c1-424b-9868-57a2d4851a1d" />
    <TestEntry testId="f340e295-f389-f4e4-e569-601715b5e578" executionId="b27d56d5-df3f-4ca7-bb13-2900d0be8008" testListId="8c84fa94-04c1-424b-9868-57a2d4851a1d" />
    <TestEntry testId="a9afc559-32b2-53d2-9918-0db87b84238e" executionId="bd027286-5332-4635-b93e-e7c6320d7a99" testListId="8c84fa94-04c1-424b-9868-57a2d4851a1d" />
    <TestEntry testId="ddf1e243-012a-ed03-8059-39559923d5c3" executionId="55287c4e-b7f8-4044-8c91-db8c5d7f491d" testListId="8c84fa94-04c1-424b-9868-57a2d4851a1d" />
    <TestEntry testId="977a139f-dcb4-f300-cb0f-ddd50fe5a9fc" executionId="fb8a47ab-0e20-4c5d-ac26-decbc9158aaf" testListId="8c84fa94-04c1-424b-9868-57a2d4851a1d" />
    <TestEntry testId="ca7c7e07-d914-3d5b-78e0-4e9b1096ac8d" executionId="2c78ef3d-f204-4240-a307-d6e0c76358de" testListId="8c84fa94-04c1-424b-9868-57a2d4851a1d" />
    <TestEntry testId="7ff4f6fa-bb67-568f-9832-37c9203e56a4" executionId="de59fae8-fad9-4ed1-97b9-99b6b9d44757" testListId="8c84fa94-04c1-424b-9868-57a2d4851a1d" />
    <TestEntry testId="ce3202ff-b814-8931-693c-9cdadf50e8a5" executionId="a519bf85-9573-4a3c-b14c-f43c500d3891" testListId="8c84fa94-04c1-424b-9868-57a2d4851a1d" />
    <TestEntry testId="c3dcfb2e-c252-7a4f-72bf-fca051c3ff2f" executionId="e5d21b70-fa87-4161-82e0-8d6d8f457ba6" testListId="8c84fa94-04c1-424b-9868-57a2d4851a1d" />
    <TestEntry testId="e2f241f3-f0df-b14e-8775-9cc120b5a97a" executionId="1c97c772-2f75-4086-9ae1-f0c23438ec80" testListId="8c84fa94-04c1-424b-9868-57a2d4851a1d" />
    <TestEntry testId="33209066-3de3-64a0-ea13-658396f21c88" executionId="1973b117-4cae-4b9a-a981-30285c85e309" testListId="8c84fa94-04c1-424b-9868-57a2d4851a1d" />
    <TestEntry testId="3e62d79a-8b08-3538-6f63-1356805c57c5" executionId="e19b5654-a777-4329-b4a9-9b2a6d6b850f" testListId="8c84fa94-04c1-424b-9868-57a2d4851a1d" />
    <TestEntry testId="68ec2804-61d2-a820-b0f7-db77ab5e677a" executionId="93abe60a-58a4-4acf-9432-3a4a15b0e6bc" testListId="8c84fa94-04c1-424b-9868-57a2d4851a1d" />
    <TestEntry testId="27dd74a8-22cf-ae92-39e4-ce5ef087ac4d" executionId="45135b1f-f141-47dc-9359-b9023e50079f" testListId="8c84fa94-04c1-424b-9868-57a2d4851a1d" />
    <TestEntry testId="a965f6f8-e0e8-6318-0a00-0dae62d3e6f2" executionId="4af35f25-7197-40eb-a89f-92b065f2b60d" testListId="8c84fa94-04c1-424b-9868-57a2d4851a1d" />
    <TestEntry testId="19c8ef68-77a7-4e1b-7e89-0933712f66d1" executionId="26a97770-537f-41ad-b25d-6783e181f6de" testListId="8c84fa94-04c1-424b-9868-57a2d4851a1d" />
    <TestEntry testId="2e7b08ab-c8fd-c1df-cb2f-8157e0c92849" executionId="8c87b42b-ded3-4b03-8e1f-7468433ae085" testListId="8c84fa94-04c1-424b-9868-57a2d4851a1d" />
    <TestEntry testId="76047b41-0e4d-e4f0-081c-d902d04aad22" executionId="2365bd42-3f35-49c2-a847-1aecdd3f541a" testListId="8c84fa94-04c1-424b-9868-57a2d4851a1d" />
    <TestEntry testId="40d1042c-a09f-e848-c8e7-24cb9c43e893" executionId="1a044543-ad87-4e52-85ab-ca77d94c9d36" testListId="8c84fa94-04c1-424b-9868-57a2d4851a1d" />
    <TestEntry testId="7c3720c5-94a3-4796-f141-9da3b939ea0f" executionId="95c78332-2c59-485d-ab4a-d602b484dc4c" testListId="8c84fa94-04c1-424b-9868-57a2d4851a1d" />
    <TestEntry testId="3936cffd-461a-434b-847d-904ad236cf5a" executionId="b4bc33a9-9a00-4057-8af5-2344f17cc816" testListId="8c84fa94-04c1-424b-9868-57a2d4851a1d" />
    <TestEntry testId="e311daf6-420e-d072-6122-320316529cb7" executionId="22507258-d2a0-45e4-97d9-6454e29f5464" testListId="8c84fa94-04c1-424b-9868-57a2d4851a1d" />
    <TestEntry testId="16a111f5-0eb5-7e54-3f99-07defee92367" executionId="8ccdf302-e2d7-474b-97c1-0db963cbed2f" testListId="8c84fa94-04c1-424b-9868-57a2d4851a1d" />
    <TestEntry testId="75ea94fd-3e39-2426-5e3d-01bde1d3cfe1" executionId="59e91c15-7997-4f77-8b6f-b45e92b62357" testListId="8c84fa94-04c1-424b-9868-57a2d4851a1d" />
    <TestEntry testId="a1a9272a-f5a6-a0e8-35cb-eb9bf62ba30a" executionId="a15c4e1e-ffcd-4463-baca-4bb822a371e9" testListId="8c84fa94-04c1-424b-9868-57a2d4851a1d" />
    <TestEntry testId="9dc477ec-e1a1-d66d-01b6-1f6f67046bad" executionId="6c11c508-7953-4614-ad7f-efdb0a30131b" testListId="8c84fa94-04c1-424b-9868-57a2d4851a1d" />
    <TestEntry testId="b958a41f-27f6-e471-1bf7-24003919c637" executionId="156d314e-5a91-4093-bc82-db9b948d014c" testListId="8c84fa94-04c1-424b-9868-57a2d4851a1d" />
    <TestEntry testId="e3f6b41b-723f-fe52-6ef5-10aa6556c371" executionId="d6ec046f-de56-401a-a57f-584f960e1034" testListId="8c84fa94-04c1-424b-9868-57a2d4851a1d" />
    <TestEntry testId="8a0fca4b-0698-ebf3-6c49-81c7c04e748c" executionId="71dc5314-7b30-4b75-8b64-38117629c267" testListId="8c84fa94-04c1-424b-9868-57a2d4851a1d" />
    <TestEntry testId="d302d0d6-12ff-fd67-4af4-49feb7191209" executionId="bb2b43d0-dfb2-461a-b8c5-76728c41c5cb" testListId="8c84fa94-04c1-424b-9868-57a2d4851a1d" />
    <TestEntry testId="67e8750c-0d0a-c477-eb48-6ae9f2c03135" executionId="78b96a75-e8c9-41af-bccd-d22b51e0525f" testListId="8c84fa94-04c1-424b-9868-57a2d4851a1d" />
    <TestEntry testId="8ecd7c13-855a-e3bf-d91c-582f7181be86" executionId="af03c751-598f-427f-9d77-fea17e1ac6fe" testListId="8c84fa94-04c1-424b-9868-57a2d4851a1d" />
    <TestEntry testId="75ea94fd-3e39-2426-5e3d-01bde1d3cfe1" executionId="596656ff-abfb-4cec-b849-cb2ae3f1dbd4" testListId="8c84fa94-04c1-424b-9868-57a2d4851a1d" />
    <TestEntry testId="17b44355-a286-c68e-0772-1ca3f99800c3" executionId="276c5103-d19c-4f10-a8f5-a315c85134b7" testListId="8c84fa94-04c1-424b-9868-57a2d4851a1d" />
    <TestEntry testId="4c9c5c23-67cc-c7e8-91bd-12f4d818dce5" executionId="fe326495-5039-4941-b541-6afbfa9f3458" testListId="8c84fa94-04c1-424b-9868-57a2d4851a1d" />
    <TestEntry testId="25ca75be-05ae-0f2b-7a33-9b306a4b3909" executionId="4a252113-bf8c-4d97-bb62-47d9e56996dc" testListId="8c84fa94-04c1-424b-9868-57a2d4851a1d" />
    <TestEntry testId="6b89a201-ff2f-4f23-8044-659acf19d59a" executionId="0686fa7f-546b-4414-b350-4bb1ab3cfc9b" testListId="8c84fa94-04c1-424b-9868-57a2d4851a1d" />
    <TestEntry testId="afea2367-f2c4-b4f0-d85c-b2267117e7d3" executionId="dd8c8509-2dbd-4c91-8d09-b363b01efa83" testListId="8c84fa94-04c1-424b-9868-57a2d4851a1d" />
    <TestEntry testId="99c7137a-c4cc-c248-105c-3d4d4355e432" executionId="a47b92c8-743b-417f-85c5-0d7b70e875bb" testListId="8c84fa94-04c1-424b-9868-57a2d4851a1d" />
    <TestEntry testId="4292005f-9ae4-ccb0-3890-e2e0f4d774db" executionId="5af5f6cd-adf9-4248-af9f-6ed468f65708" testListId="8c84fa94-04c1-424b-9868-57a2d4851a1d" />
    <TestEntry testId="4a6df610-3011-254b-963a-e4ad1bd15d95" executionId="ee2f247b-7bc8-4270-9da7-1b1364390faa" testListId="8c84fa94-04c1-424b-9868-57a2d4851a1d" />
    <TestEntry testId="fc9d51da-0a40-7e6b-a1cd-b320508541a4" executionId="6ce45611-cedf-4a2b-87fb-53fd6e68bb7f" testListId="8c84fa94-04c1-424b-9868-57a2d4851a1d" />
    <TestEntry testId="29514b91-bed8-afdb-7ff9-875aa5e2396a" executionId="34f86577-15f0-4334-9254-12d591b54ce3" testListId="8c84fa94-04c1-424b-9868-57a2d4851a1d" />
    <TestEntry testId="43212041-32f9-d8d5-a3c7-a7e60fccc4ff" executionId="a83ba5d2-cd79-4666-bf05-1baa2138d9cb" testListId="8c84fa94-04c1-424b-9868-57a2d4851a1d" />
    <TestEntry testId="871b8fc7-75d8-bc2f-ecf5-0d8ddc50c53b" executionId="d315d9d8-03f2-4bdf-9a43-347d0408cd91" testListId="8c84fa94-04c1-424b-9868-57a2d4851a1d" />
    <TestEntry testId="abcce51a-46cc-2334-1c79-335e656d6908" executionId="e349a0e3-43dd-4a14-805e-47c70e4d3bc3" testListId="8c84fa94-04c1-424b-9868-57a2d4851a1d" />
    <TestEntry testId="7f38df01-f099-1660-e545-044ff82cd7c2" executionId="a77f51c3-859e-463d-8e52-1bcc5badab42" testListId="8c84fa94-04c1-424b-9868-57a2d4851a1d" />
    <TestEntry testId="5d77efff-b8ec-351b-6e6d-fd1ec6702b9a" executionId="be5ecdf3-f14e-463b-9f29-80e136e2bbfb" testListId="8c84fa94-04c1-424b-9868-57a2d4851a1d" />
    <TestEntry testId="5b684f42-7f6e-71b8-222d-b5fe92216f9d" executionId="1d4f7d36-276e-44d9-9b09-795dfe737ec6" testListId="8c84fa94-04c1-424b-9868-57a2d4851a1d" />
    <TestEntry testId="96eae579-6c9b-21e2-6c60-e5406f00434d" executionId="50ccb2b3-e29a-417c-af61-b96ee94f92a9" testListId="8c84fa94-04c1-424b-9868-57a2d4851a1d" />
    <TestEntry testId="204645f2-5333-c0d4-de67-a29e91bf63f0" executionId="a43d2048-ea3c-4aab-9a14-b158502da219" testListId="8c84fa94-04c1-424b-9868-57a2d4851a1d" />
    <TestEntry testId="e7665736-9460-afaf-265e-f237f6e8192a" executionId="d0abc317-c627-42f2-8641-d9d793ac193c" testListId="8c84fa94-04c1-424b-9868-57a2d4851a1d" />
    <TestEntry testId="11cd0334-f322-c646-5f36-1872a5a0e56e" executionId="11dff5e1-527e-4b5b-852a-3f11521c3e8b" testListId="8c84fa94-04c1-424b-9868-57a2d4851a1d" />
    <TestEntry testId="d8ad1cdb-36bd-5582-339d-c6f09eed2cdb" executionId="8312f190-11cb-445f-9bfa-70fa37c39ebd" testListId="8c84fa94-04c1-424b-9868-57a2d4851a1d" />
    <TestEntry testId="ba6e5088-a408-9d7c-c8df-cce696082113" executionId="2651ac36-ee0d-4d03-ae7f-f8d1ac92ec5f" testListId="8c84fa94-04c1-424b-9868-57a2d4851a1d" />
    <TestEntry testId="1368c745-6a45-6b60-c9b7-a77fa1d07ab3" executionId="9977209c-b150-41bd-b79b-75efb35c0ab0" testListId="8c84fa94-04c1-424b-9868-57a2d4851a1d" />
    <TestEntry testId="92bc38d8-1a86-f92f-8d1f-451565894cae" executionId="1cced0f4-7752-43e5-bc78-88bef7422997" testListId="8c84fa94-04c1-424b-9868-57a2d4851a1d" />
    <TestEntry testId="a0e9667c-4b47-ec23-1abd-ea616525bf3f" executionId="7905542f-3938-4023-a6ef-9666899d4397" testListId="8c84fa94-04c1-424b-9868-57a2d4851a1d" />
    <TestEntry testId="3be952dc-5bb9-c92a-b566-50329caa9747" executionId="c84833b7-26d5-4dcd-8207-24d94a500cf0" testListId="8c84fa94-04c1-424b-9868-57a2d4851a1d" />
    <TestEntry testId="75565cb5-105a-47a6-0025-428383842588" executionId="d3ea55b7-66bd-49b3-bffe-a80312acf14e" testListId="8c84fa94-04c1-424b-9868-57a2d4851a1d" />
    <TestEntry testId="dc4f4648-68a7-4ad9-5e64-5b8ab0e9f0d5" executionId="d31566ff-956f-4510-b21f-5f3e04924439" testListId="8c84fa94-04c1-424b-9868-57a2d4851a1d" />
    <TestEntry testId="14f15414-7ce9-a88d-2f2c-1edc373dc303" executionId="07703c67-9ca9-402c-8717-846fd99e813d" testListId="8c84fa94-04c1-424b-9868-57a2d4851a1d" />
    <TestEntry testId="d2beff4b-5bed-7a1c-c8e7-4e5325b7c60a" executionId="7007d7d9-287a-4505-b036-e62a595b5dce" testListId="8c84fa94-04c1-424b-9868-57a2d4851a1d" />
    <TestEntry testId="4e1d9376-e8c2-5986-e921-3bdc0279cd2f" executionId="f1dd1b37-4099-411a-83a3-141c162944b3" testListId="8c84fa94-04c1-424b-9868-57a2d4851a1d" />
    <TestEntry testId="9028e4f8-46b1-79ea-0efe-f94680b13e65" executionId="024924c5-90e8-49c5-8af6-9d2044fe66ce" testListId="8c84fa94-04c1-424b-9868-57a2d4851a1d" />
    <TestEntry testId="7886312e-fb95-47a1-a0a7-e5c487125c82" executionId="1f5c586d-cecd-4fe4-990a-7d46c16140ff" testListId="8c84fa94-04c1-424b-9868-57a2d4851a1d" />
    <TestEntry testId="42a05878-a1b0-899f-dd1c-1579afd508e2" executionId="1c945be4-d13a-4c0d-b441-082c57e5c653" testListId="8c84fa94-04c1-424b-9868-57a2d4851a1d" />
    <TestEntry testId="bf4fa718-a0dc-a376-320f-64846e767fdc" executionId="e9457c35-0269-4832-9fab-42b85c582277" testListId="8c84fa94-04c1-424b-9868-57a2d4851a1d" />
    <TestEntry testId="b78e746e-68bb-7db4-f36c-e2f1170e65ff" executionId="d5bb4c35-33ab-47f2-9659-7c9c44c8c2bf" testListId="8c84fa94-04c1-424b-9868-57a2d4851a1d" />
    <TestEntry testId="bde8deb8-2638-4788-e366-7bcab5567e69" executionId="873d2fc7-4935-45dd-9bb6-0edb3c7b02a3" testListId="8c84fa94-04c1-424b-9868-57a2d4851a1d" />
    <TestEntry testId="80bc32d0-5a3f-b82e-8b59-d70782c7273a" executionId="e87d401e-e8de-4e4c-89bf-4b326dccdd6d" testListId="8c84fa94-04c1-424b-9868-57a2d4851a1d" />
    <TestEntry testId="37d9c8b1-d0b8-0afa-2afc-a2ae57ced7f5" executionId="2228bd0a-a463-4a57-9424-ff164800ed61" testListId="8c84fa94-04c1-424b-9868-57a2d4851a1d" />
    <TestEntry testId="3ea572d0-8081-c04d-1c5e-07d3f0bdce4f" executionId="669f606b-8794-4892-bdf4-8bd4404fce90" testListId="8c84fa94-04c1-424b-9868-57a2d4851a1d" />
    <TestEntry testId="505e1ea4-0d08-e68d-cda2-548640bb0bd2" executionId="36e794b8-1f33-49db-872d-514946b914bf" testListId="8c84fa94-04c1-424b-9868-57a2d4851a1d" />
    <TestEntry testId="92bc38d8-1a86-f92f-8d1f-451565894cae" executionId="ae4598c9-8291-46c8-b6cd-28192ad39860" testListId="8c84fa94-04c1-424b-9868-57a2d4851a1d" />
    <TestEntry testId="111b5e1e-7a3c-26c3-bc4c-dbf7de7c53b2" executionId="12ec882b-66bb-4add-98c1-99876e5bc531" testListId="8c84fa94-04c1-424b-9868-57a2d4851a1d" />
    <TestEntry testId="e0ce0b4d-3174-1ac5-ec25-2446ab1e03e3" executionId="798a5e75-2bc9-403d-bc46-b7312e4eeffb" testListId="8c84fa94-04c1-424b-9868-57a2d4851a1d" />
    <TestEntry testId="8495279f-b1c7-629f-981e-a834421eed6f" executionId="6522ea83-08d6-40b3-95a1-995079ce9c51" testListId="8c84fa94-04c1-424b-9868-57a2d4851a1d" />
    <TestEntry testId="6f6088c3-76ba-6609-04be-35e965dd0076" executionId="2f9dcb4b-6bc8-4510-811a-8737fd5d00a6" testListId="8c84fa94-04c1-424b-9868-57a2d4851a1d" />
    <TestEntry testId="bab02ab2-f0a0-0b38-9c16-3f5fb3f5a696" executionId="f591e779-58c4-4857-b097-1314ed0a9cbb" testListId="8c84fa94-04c1-424b-9868-57a2d4851a1d" />
    <TestEntry testId="ad49a717-fe17-427d-0527-da76ac2858a3" executionId="24e00d2a-24fb-4242-8e0b-7ff4157db012" testListId="8c84fa94-04c1-424b-9868-57a2d4851a1d" />
    <TestEntry testId="7dbd18e0-0b4f-c7d2-d7c9-de0e1796dbfb" executionId="cc094f18-af58-4058-9677-a2ae61011377" testListId="8c84fa94-04c1-424b-9868-57a2d4851a1d" />
    <TestEntry testId="315f9f31-d5ab-2f60-3960-b77fea62cd66" executionId="3df7313e-5a0a-4021-97d5-f9646578d26c" testListId="8c84fa94-04c1-424b-9868-57a2d4851a1d" />
    <TestEntry testId="b15d8efd-7f32-e75e-1f6f-96aa9050a2b9" executionId="dde53518-9f89-41d4-a256-73c62b7af187" testListId="8c84fa94-04c1-424b-9868-57a2d4851a1d" />
    <TestEntry testId="1c75349a-57cf-06ee-2a40-f8f9fb0c9b51" executionId="2e636c72-ffa0-4ff5-ae95-e3fe7dec1074" testListId="8c84fa94-04c1-424b-9868-57a2d4851a1d" />
    <TestEntry testId="0c9d4e59-49c7-021e-ea64-5c522f20c80b" executionId="d9c26bd7-ce39-41c5-b861-12d79fffa0b6" testListId="8c84fa94-04c1-424b-9868-57a2d4851a1d" />
    <TestEntry testId="68e80c0c-f8a6-c330-8b45-4fc007f5212d" executionId="da1f62d7-f390-4112-a926-9e794f4e0863" testListId="8c84fa94-04c1-424b-9868-57a2d4851a1d" />
    <TestEntry testId="4ba1c137-1c95-341d-bad4-9da8be1cd605" executionId="d73e9f90-d25d-44af-97c1-dbbb5923fa2e" testListId="8c84fa94-04c1-424b-9868-57a2d4851a1d" />
    <TestEntry testId="a4ce03e5-e5b7-fd8f-5cab-d75162b5702b" executionId="6632d0b7-d39c-4ac5-b94b-d249314cb935" testListId="8c84fa94-04c1-424b-9868-57a2d4851a1d" />
    <TestEntry testId="ac70c009-5dae-fc67-7af1-6bc0d9dbca52" executionId="2ce35ca2-da53-4b20-a511-05a7dddc1199" testListId="8c84fa94-04c1-424b-9868-57a2d4851a1d" />
    <TestEntry testId="e3f6b41b-723f-fe52-6ef5-10aa6556c371" executionId="be4b2142-d9df-4c98-813b-573c96682836" testListId="8c84fa94-04c1-424b-9868-57a2d4851a1d" />
    <TestEntry testId="41ebbba1-9e29-8cbf-57ae-582d5f80b59e" executionId="1a384b14-3ffa-4868-9704-794a6c120135" testListId="8c84fa94-04c1-424b-9868-57a2d4851a1d" />
    <TestEntry testId="2be290df-7d92-5723-935e-13156fa041e9" executionId="c780ff61-4f9b-4490-a390-5d8a7a402c55" testListId="8c84fa94-04c1-424b-9868-57a2d4851a1d" />
    <TestEntry testId="e98019ee-ae98-4223-bcd3-ae6ff5dbf925" executionId="ecef9174-f417-40f1-9668-cb834a22605b" testListId="8c84fa94-04c1-424b-9868-57a2d4851a1d" />
    <TestEntry testId="c35a53b8-76e4-8431-244b-1eed358ae68f" executionId="e91d762c-cee4-4628-9c4a-2cce5f49fcf6" testListId="8c84fa94-04c1-424b-9868-57a2d4851a1d" />
    <TestEntry testId="8eb9f71f-bf66-6024-5997-cbb73e527f0b" executionId="ed15fb64-954b-4fa7-a589-03e4521c72f2" testListId="8c84fa94-04c1-424b-9868-57a2d4851a1d" />
    <TestEntry testId="98df8e81-10c4-d836-17a1-b1ad96d54c07" executionId="e248224f-8bc1-4def-874c-2bdb2a0a58dc" testListId="8c84fa94-04c1-424b-9868-57a2d4851a1d" />
    <TestEntry testId="817877a9-fa92-ffe3-c0a5-a704f2eac076" executionId="92a585d1-9cf9-46bc-bab3-820c982fcad3" testListId="8c84fa94-04c1-424b-9868-57a2d4851a1d" />
    <TestEntry testId="eafb9ace-ebaf-e012-dda0-09b129d22a17" executionId="b1607c5e-8626-485c-876c-9e9b982a9f9a" testListId="8c84fa94-04c1-424b-9868-57a2d4851a1d" />
    <TestEntry testId="e3f6b41b-723f-fe52-6ef5-10aa6556c371" executionId="01f097f1-260e-421e-89bb-4cbd3fbca477" testListId="8c84fa94-04c1-424b-9868-57a2d4851a1d" />
    <TestEntry testId="763fef58-1ede-bd37-d3db-07fa6ea545ca" executionId="d7ffd8a2-b62d-4383-b8d9-42325bfb40da" testListId="8c84fa94-04c1-424b-9868-57a2d4851a1d" />
    <TestEntry testId="1eebbacd-bca6-3a8c-37b6-3e2efdecc729" executionId="a976ca58-7e7d-4b9d-808a-f6d6068792e9" testListId="8c84fa94-04c1-424b-9868-57a2d4851a1d" />
    <TestEntry testId="f74fbe00-0c7a-711f-33e0-1688ffdc8c23" executionId="8f440012-e10b-4328-870b-6cf9a966573a" testListId="8c84fa94-04c1-424b-9868-57a2d4851a1d" />
    <TestEntry testId="298a1739-b929-a951-cba7-1dded414429f" executionId="6086dbd0-a5bb-4870-81ea-d3f58a6879d8" testListId="8c84fa94-04c1-424b-9868-57a2d4851a1d" />
    <TestEntry testId="2fa1f9e2-c77f-77e5-7e5a-8daa566efe7b" executionId="dd9a2e5d-c6ff-4fe9-9cca-109e2440d8c1" testListId="8c84fa94-04c1-424b-9868-57a2d4851a1d" />
    <TestEntry testId="47801b5e-10f4-56e3-4d93-5810e362eda9" executionId="493fabfe-d4bf-4b4d-82b2-ebf1f7a1b234" testListId="8c84fa94-04c1-424b-9868-57a2d4851a1d" />
    <TestEntry testId="73850f0f-af34-f1c4-850f-dbfe7dcd52a0" executionId="fdec7eb6-1d70-446d-a7c1-5432a7e61c77" testListId="8c84fa94-04c1-424b-9868-57a2d4851a1d" />
    <TestEntry testId="d82a3974-a1b3-5452-a547-6e33ca1a063c" executionId="a75dc5cf-6ace-4b74-9244-34e2b96e2ac5" testListId="8c84fa94-04c1-424b-9868-57a2d4851a1d" />
    <TestEntry testId="f4244c06-7c13-2f72-fdd2-6d274b1695e1" executionId="074126eb-cd1c-449d-84b2-c209b02a9072" testListId="8c84fa94-04c1-424b-9868-57a2d4851a1d" />
    <TestEntry testId="7456fb2c-8b28-44ae-c1dd-c8e91814e107" executionId="a2d520de-a6ca-4b1b-9283-6324fc84bc33" testListId="8c84fa94-04c1-424b-9868-57a2d4851a1d" />
    <TestEntry testId="01dea6c4-7d7e-b6c3-7af5-444e0351b58b" executionId="a640d6d0-a304-4d8c-b913-24c24ad76f07" testListId="8c84fa94-04c1-424b-9868-57a2d4851a1d" />
    <TestEntry testId="e6cf1529-c6a8-2487-8cef-54044b5c3922" executionId="389d86c8-4e1b-4776-b51d-2e99243897c3" testListId="8c84fa94-04c1-424b-9868-57a2d4851a1d" />
    <TestEntry testId="5e6b1476-a892-09fa-249f-600b43aed7f9" executionId="ea435904-f59d-4bf6-8b6c-f825c52cf17d" testListId="8c84fa94-04c1-424b-9868-57a2d4851a1d" />
    <TestEntry testId="b030cc08-927e-166a-c61c-0f77792a9336" executionId="0854539c-43a8-4b67-859e-25fc431a59e6" testListId="8c84fa94-04c1-424b-9868-57a2d4851a1d" />
    <TestEntry testId="950100c2-49ef-ba57-58d1-801e4f2eaf4a" executionId="a80c2763-a8b0-4a17-9dbd-6e2fc0cf04c6" testListId="8c84fa94-04c1-424b-9868-57a2d4851a1d" />
    <TestEntry testId="b5b58d28-edb9-724c-2a4f-03de57c0a826" executionId="79155a57-646d-49ff-8568-8c45dab42b5e" testListId="8c84fa94-04c1-424b-9868-57a2d4851a1d" />
    <TestEntry testId="6d6f828d-b4a8-fddd-d901-abc5c021fa4d" executionId="832d697c-a108-43d8-b44f-d61bcc5a67b7" testListId="8c84fa94-04c1-424b-9868-57a2d4851a1d" />
    <TestEntry testId="75ae619b-afeb-b804-17e6-a8aa7acd150f" executionId="39014cae-381f-4bf5-8c19-138f4a668ba4" testListId="8c84fa94-04c1-424b-9868-57a2d4851a1d" />
    <TestEntry testId="4c3b5503-f5e3-d0cf-7dea-df6a38426cca" executionId="4c3e8849-7585-460e-bfcf-65795d9b4aad" testListId="8c84fa94-04c1-424b-9868-57a2d4851a1d" />
    <TestEntry testId="d81aefaa-21b2-2ce8-1512-b4dc36d8fb4e" executionId="989cb73c-7eb7-47af-ae92-abc9980b47ae" testListId="8c84fa94-04c1-424b-9868-57a2d4851a1d" />
    <TestEntry testId="73131707-ca1a-3884-7742-1965e89251f2" executionId="c1cd9017-9274-46dd-b771-32b3552ecbf7" testListId="8c84fa94-04c1-424b-9868-57a2d4851a1d" />
    <TestEntry testId="955cd9c5-d10e-23d7-8d60-ef62fae1fbcc" executionId="dd5520cd-f56f-4d4d-bd3e-d7f15c1d8fa6" testListId="8c84fa94-04c1-424b-9868-57a2d4851a1d" />
    <TestEntry testId="98690f6c-f3f1-595a-da66-da2a34bb754a" executionId="faa713dd-9110-4fda-97dc-37fb126181a6" testListId="8c84fa94-04c1-424b-9868-57a2d4851a1d" />
    <TestEntry testId="f0201c7a-8e53-0c7d-ef99-05c2124efd39" executionId="ec5f8077-c748-4437-8d2f-1eba0c2d2b87" testListId="8c84fa94-04c1-424b-9868-57a2d4851a1d" />
    <TestEntry testId="98cba7ef-cae3-92dd-b1d6-f5f810e86693" executionId="0ad0c996-c831-454d-b2c0-e0f7aa0fb627" testListId="8c84fa94-04c1-424b-9868-57a2d4851a1d" />
    <TestEntry testId="92bc38d8-1a86-f92f-8d1f-451565894cae" executionId="0bbc55c2-a066-4558-a329-3153e946fe32" testListId="8c84fa94-04c1-424b-9868-57a2d4851a1d" />
    <TestEntry testId="0d27c752-5f60-4ffa-96f4-4ef752e89e1c" executionId="8f89a88b-9f59-4029-9642-04682894a201" testListId="8c84fa94-04c1-424b-9868-57a2d4851a1d" />
    <TestEntry testId="dbbaaed9-00fe-90da-a45f-1adc61af23d2" executionId="b8bbe9a9-79ab-4168-a723-ed98fe36198b" testListId="8c84fa94-04c1-424b-9868-57a2d4851a1d" />
    <TestEntry testId="f3de996c-5045-b55d-0a8c-671e3ba55d27" executionId="967496b2-f6c1-4fe3-8a0c-09c3aefe4218" testListId="8c84fa94-04c1-424b-9868-57a2d4851a1d" />
    <TestEntry testId="32df4f6c-fe9a-a853-f5ff-57a18ccb77b2" executionId="88082511-ad34-41a5-8bb9-4b7c000d7af4" testListId="8c84fa94-04c1-424b-9868-57a2d4851a1d" />
    <TestEntry testId="e7431cde-8f7a-eed3-b10e-0a941618ee9b" executionId="5c84e573-14b0-49cd-baa7-cf51d27d6ad4" testListId="8c84fa94-04c1-424b-9868-57a2d4851a1d" />
    <TestEntry testId="18629ec7-3646-60f2-e0ac-ece98123ec4e" executionId="f73089a9-80ad-44b5-9fce-58d1ade69d47" testListId="8c84fa94-04c1-424b-9868-57a2d4851a1d" />
    <TestEntry testId="15172e93-4a8e-8f04-e2ea-6f69251cd20d" executionId="fc278013-7da4-4fb2-a920-3d866ad49756" testListId="8c84fa94-04c1-424b-9868-57a2d4851a1d" />
    <TestEntry testId="e5ea073a-1304-13ec-948e-c8c80cc58fda" executionId="eea1a6ec-1ce2-48ed-8018-8934238842f1" testListId="8c84fa94-04c1-424b-9868-57a2d4851a1d" />
    <TestEntry testId="5765d5cd-881c-0ebb-7c0e-e21a8ed03f0a" executionId="e744c6e0-f269-4711-b086-c73cec28ec63" testListId="8c84fa94-04c1-424b-9868-57a2d4851a1d" />
    <TestEntry testId="4908d300-3005-e9cc-511e-30cb01b1991e" executionId="abb47627-8314-4a87-9a9f-7e229f6288ce" testListId="8c84fa94-04c1-424b-9868-57a2d4851a1d" />
    <TestEntry testId="94a2cac8-4ab7-421d-27d1-f00b332ef0d4" executionId="1e72c8fa-0dd2-4dfc-a661-c91bdbac53df" testListId="8c84fa94-04c1-424b-9868-57a2d4851a1d" />
    <TestEntry testId="6950c12a-530d-10c2-664d-7df9a43fce0c" executionId="9f74ddf8-54a6-4524-92c9-648dbec284f1" testListId="8c84fa94-04c1-424b-9868-57a2d4851a1d" />
    <TestEntry testId="4908d300-3005-e9cc-511e-30cb01b1991e" executionId="85d4cfe9-153a-454d-b9a4-2dba5ad021c4" testListId="8c84fa94-04c1-424b-9868-57a2d4851a1d" />
    <TestEntry testId="43f1300e-f020-7c17-c8a6-2b28700085f2" executionId="ae938f40-b1f3-4c73-ac60-e20191cdc5b6" testListId="8c84fa94-04c1-424b-9868-57a2d4851a1d" />
    <TestEntry testId="51cb5a3a-59ce-98a7-b4b7-3fe113e0d820" executionId="22e7e9b7-401e-490e-b353-3d26fbde2f10" testListId="8c84fa94-04c1-424b-9868-57a2d4851a1d" />
    <TestEntry testId="d6ce6e65-ac0d-3e3a-3f5a-bb409eb791be" executionId="cbb01444-5a35-475e-98a7-09e17c845a6f" testListId="8c84fa94-04c1-424b-9868-57a2d4851a1d" />
    <TestEntry testId="caccd0b9-6717-f97e-3a5a-d03de4c75025" executionId="1da6b342-a30b-4832-8e44-d4ed6716169a" testListId="8c84fa94-04c1-424b-9868-57a2d4851a1d" />
    <TestEntry testId="26fe1055-2113-22c2-6ca3-f104b331390f" executionId="d0b6af3e-196e-4d28-b6d4-530cd5051c6d" testListId="8c84fa94-04c1-424b-9868-57a2d4851a1d" />
    <TestEntry testId="e3f6b41b-723f-fe52-6ef5-10aa6556c371" executionId="0e6c2fef-8b17-415d-bc22-c10e1433b0eb" testListId="8c84fa94-04c1-424b-9868-57a2d4851a1d" />
    <TestEntry testId="3760ca19-b6ce-3664-25f9-5023d89ae17a" executionId="fb5d6676-171a-4153-be65-1976325c3c5d" testListId="8c84fa94-04c1-424b-9868-57a2d4851a1d" />
    <TestEntry testId="3c881886-4db7-dbcd-6874-1deb25e16f63" executionId="e4a8f871-48ba-4536-b181-933ef021e091" testListId="8c84fa94-04c1-424b-9868-57a2d4851a1d" />
    <TestEntry testId="f74fbe00-0c7a-711f-33e0-1688ffdc8c23" executionId="59fea3e4-3626-4d86-99a1-580309baf1c0" testListId="8c84fa94-04c1-424b-9868-57a2d4851a1d" />
    <TestEntry testId="90b986fa-cbc6-3760-9999-22ccdf627ac8" executionId="e5e7dde7-7c78-490e-9a75-fb72d19ab34b" testListId="8c84fa94-04c1-424b-9868-57a2d4851a1d" />
    <TestEntry testId="29dad130-e5f3-04d1-382b-77709bfa049c" executionId="3c7571b9-3f00-4ea0-8a75-d53d71113fc0" testListId="8c84fa94-04c1-424b-9868-57a2d4851a1d" />
    <TestEntry testId="a4e27c1f-b13a-63ea-5950-d6764b4af861" executionId="b6a1f4b3-ce6d-463e-8cb4-058248cc6e7a" testListId="8c84fa94-04c1-424b-9868-57a2d4851a1d" />
    <TestEntry testId="3d064911-8ce4-9ebd-478b-8d7a42aeaa1a" executionId="055f5a39-69bb-4b6c-a53f-5c259c07b3e5" testListId="8c84fa94-04c1-424b-9868-57a2d4851a1d" />
    <TestEntry testId="3b908ee4-91ce-c0e9-93f0-06f64e2436c7" executionId="3a02568b-58b9-4911-97e6-80a64e7c0bfd" testListId="8c84fa94-04c1-424b-9868-57a2d4851a1d" />
    <TestEntry testId="2702bbe4-9e72-8edf-0d4b-d6e7e729e629" executionId="281155fe-9c40-40ad-82ec-ce5c7ec2389e" testListId="8c84fa94-04c1-424b-9868-57a2d4851a1d" />
    <TestEntry testId="48705557-ba7e-35b4-12d1-0d3e35a38924" executionId="54729d43-7264-4c6d-8353-89172bb7dd2e" testListId="8c84fa94-04c1-424b-9868-57a2d4851a1d" />
    <TestEntry testId="db34eeaa-efd9-a237-f672-4430f6523b37" executionId="826561c6-b8b4-4d55-90e5-aa23b455e3ea" testListId="8c84fa94-04c1-424b-9868-57a2d4851a1d" />
    <TestEntry testId="97ee7a8b-dbcc-21bb-9955-3f28e8302a4e" executionId="b9ee10c0-098f-4690-9399-61b6d18ba02b" testListId="8c84fa94-04c1-424b-9868-57a2d4851a1d" />
    <TestEntry testId="cf15e243-4e78-d001-2618-cf3fbacfb013" executionId="5e2586fd-2c52-4eb7-ae09-35b1a45a35dc" testListId="8c84fa94-04c1-424b-9868-57a2d4851a1d" />
    <TestEntry testId="045aaeef-a9ff-bfd0-1ea0-c0aed08490bb" executionId="e0792df2-6561-4ea9-83f8-b811ffca3206" testListId="8c84fa94-04c1-424b-9868-57a2d4851a1d" />
    <TestEntry testId="20f7aa37-bdbd-2499-362a-8c32860422e9" executionId="d18c573b-0296-4f51-85a5-6252b36f46df" testListId="8c84fa94-04c1-424b-9868-57a2d4851a1d" />
    <TestEntry testId="16ec844b-df5c-e2b9-8133-59889de5527e" executionId="8a29cad1-a577-46c0-ad54-caf11448de84" testListId="8c84fa94-04c1-424b-9868-57a2d4851a1d" />
    <TestEntry testId="0a9d26e0-52b5-9b8d-bb94-0a318551e657" executionId="ac2eca9a-be7c-4fe3-8ce5-eae2068516f6" testListId="8c84fa94-04c1-424b-9868-57a2d4851a1d" />
    <TestEntry testId="d82a3974-a1b3-5452-a547-6e33ca1a063c" executionId="4102ead5-4847-40b3-bea4-6965722f29e5" testListId="8c84fa94-04c1-424b-9868-57a2d4851a1d" />
    <TestEntry testId="6413317d-8023-7834-0423-a72d4532e473" executionId="7fabffae-a183-49ba-9bf4-d6d105b0277d" testListId="8c84fa94-04c1-424b-9868-57a2d4851a1d" />
    <TestEntry testId="e7a2272b-a298-7d90-48b8-d8225bf3cf86" executionId="4b04c1a7-360f-4070-b476-1b64a170b72c" testListId="8c84fa94-04c1-424b-9868-57a2d4851a1d" />
    <TestEntry testId="fca18189-14b0-a9a5-a2ad-de0d93f61ac9" executionId="31c853d0-5cfb-4daa-97eb-48b29abe42da" testListId="8c84fa94-04c1-424b-9868-57a2d4851a1d" />
    <TestEntry testId="1444e3ea-46f2-f61a-02a4-72867732fe00" executionId="0fc08ccc-9047-4405-9e41-f7074e61d604" testListId="8c84fa94-04c1-424b-9868-57a2d4851a1d" />
    <TestEntry testId="7f634d4b-27ed-9ff9-784d-d68a8b9fe380" executionId="bfbf788f-88c7-405b-9642-6c4345b534dc" testListId="8c84fa94-04c1-424b-9868-57a2d4851a1d" />
    <TestEntry testId="223cb3ce-7b5f-60b3-9f52-4233503bc6f7" executionId="f111f49f-4da8-451f-8d23-3c9925f6809a" testListId="8c84fa94-04c1-424b-9868-57a2d4851a1d" />
    <TestEntry testId="f09d85d7-8ab6-0829-1e07-986b9eae07b3" executionId="eac74338-a1f2-4cca-a482-7ca5a3e759e2" testListId="8c84fa94-04c1-424b-9868-57a2d4851a1d" />
    <TestEntry testId="b7e2a840-3c47-aac2-217c-7972286dbaac" executionId="874201e9-f88f-46cb-a121-69a43797f50c" testListId="8c84fa94-04c1-424b-9868-57a2d4851a1d" />
    <TestEntry testId="69ee431b-6bac-d2c4-e189-76788a58176a" executionId="12df0afe-4a5a-41e4-b23f-ab6efbd9212f" testListId="8c84fa94-04c1-424b-9868-57a2d4851a1d" />
    <TestEntry testId="f8fa5101-dce2-8878-b5f1-c2cb03fb91ea" executionId="41402ee7-a50b-4a33-b8dd-e41ecbf75ff7" testListId="8c84fa94-04c1-424b-9868-57a2d4851a1d" />
    <TestEntry testId="863f00e5-ad5d-e4d5-254c-017b0ea492ef" executionId="6d475351-cddd-4332-ba36-8480d2084b6f" testListId="8c84fa94-04c1-424b-9868-57a2d4851a1d" />
    <TestEntry testId="d56625dc-428d-2fd3-78bc-b8d6e72a64b8" executionId="78e44f6b-ed80-42cb-8ec8-698c6cdd2cf0" testListId="8c84fa94-04c1-424b-9868-57a2d4851a1d" />
    <TestEntry testId="756b8d5a-da58-e698-7688-1e61968366ee" executionId="55b86b1b-4800-4220-af47-3861abc0a424" testListId="8c84fa94-04c1-424b-9868-57a2d4851a1d" />
    <TestEntry testId="f13da6e1-73f6-6894-5cc8-addc8326f458" executionId="c1d88a4f-9585-4e50-92ee-da4d195234e9" testListId="8c84fa94-04c1-424b-9868-57a2d4851a1d" />
    <TestEntry testId="2315e0cb-ba4e-0315-4e33-7520d0de3d72" executionId="1488291c-929d-4298-b9d8-4c89e9660eac" testListId="8c84fa94-04c1-424b-9868-57a2d4851a1d" />
    <TestEntry testId="054c26a0-9f69-9ce9-ce49-eb0ed2f1204f" executionId="624f78df-3da4-496e-b5b1-3dc067caf813" testListId="8c84fa94-04c1-424b-9868-57a2d4851a1d" />
    <TestEntry testId="75ea94fd-3e39-2426-5e3d-01bde1d3cfe1" executionId="10f8c91a-a9fb-45bc-bc4b-6ae9360809e7" testListId="8c84fa94-04c1-424b-9868-57a2d4851a1d" />
    <TestEntry testId="3e1d6d5b-757a-b997-7bb3-f7a179b9268f" executionId="f3dda017-f1a8-4615-b113-2e296ba45c24" testListId="8c84fa94-04c1-424b-9868-57a2d4851a1d" />
    <TestEntry testId="9ed36475-70ea-d935-981c-3ee0399bdd52" executionId="13975c1a-d293-4242-832d-3f1236d62b4d" testListId="8c84fa94-04c1-424b-9868-57a2d4851a1d" />
    <TestEntry testId="188955b5-e156-d5fd-ccf1-ce70498d9a21" executionId="191baa78-ae93-42c2-8dd1-6f264c53fed2" testListId="8c84fa94-04c1-424b-9868-57a2d4851a1d" />
    <TestEntry testId="a73c3e41-b3cb-b229-f869-b2a02776ca71" executionId="a8a1a3cf-6df5-43cf-ad54-6ef0f99722d6" testListId="8c84fa94-04c1-424b-9868-57a2d4851a1d" />
    <TestEntry testId="7145ae4b-bd9d-ce63-a02e-8ebc01b346f9" executionId="2bd09819-3576-4b6e-a6c2-85173361fddf" testListId="8c84fa94-04c1-424b-9868-57a2d4851a1d" />
    <TestEntry testId="c14f3cef-d7a9-99e2-48ff-da4f93a55ade" executionId="5b2aa20c-f0ea-4422-87a7-76ccffb397c8" testListId="8c84fa94-04c1-424b-9868-57a2d4851a1d" />
    <TestEntry testId="143dbbf3-4ec0-9d69-c413-541c8867be95" executionId="570b39fb-6abc-4d08-acb9-12230331de0f" testListId="8c84fa94-04c1-424b-9868-57a2d4851a1d" />
    <TestEntry testId="d41c81ce-1573-0d69-8a41-0b5e2c4dff5c" executionId="322d61e2-8a61-427c-bc87-53303322c67c" testListId="8c84fa94-04c1-424b-9868-57a2d4851a1d" />
    <TestEntry testId="5cecca1b-6cfe-a561-61db-bfb6cc7f6214" executionId="c60d3f71-ef12-4a77-8066-9f04ada8b593" testListId="8c84fa94-04c1-424b-9868-57a2d4851a1d" />
    <TestEntry testId="3d064911-8ce4-9ebd-478b-8d7a42aeaa1a" executionId="e7e4dfff-1b8a-4f2a-bd38-a3235a7403c1" testListId="8c84fa94-04c1-424b-9868-57a2d4851a1d" />
    <TestEntry testId="b2543fe7-0c20-a3ef-8f08-d23e11184572" executionId="a74978a1-bc69-44a8-8fa1-4a58b2d33760" testListId="8c84fa94-04c1-424b-9868-57a2d4851a1d" />
    <TestEntry testId="228d8ed6-db29-3b9e-b289-2db726062215" executionId="74d39eee-c552-4b38-bbfa-f63e2122c09b" testListId="8c84fa94-04c1-424b-9868-57a2d4851a1d" />
    <TestEntry testId="1a108419-9c72-94cf-0752-8aadadbe46fc" executionId="b9c2cd1d-a095-4a4d-bae0-1cac787042b9" testListId="8c84fa94-04c1-424b-9868-57a2d4851a1d" />
    <TestEntry testId="109643b4-ea5c-ad45-126d-1b025f818c70" executionId="55a26361-168b-46d7-94dc-30905a8394c5" testListId="8c84fa94-04c1-424b-9868-57a2d4851a1d" />
    <TestEntry testId="4a9e2f05-a37c-7177-de3c-274a8bc286bb" executionId="37ecc32e-5b99-45ac-8a67-d7eecb921c46" testListId="8c84fa94-04c1-424b-9868-57a2d4851a1d" />
    <TestEntry testId="4ca5403c-76a5-dae0-7b67-c6e13af21774" executionId="57909ad4-3b9f-469a-8153-ce9c2313248a" testListId="8c84fa94-04c1-424b-9868-57a2d4851a1d" />
    <TestEntry testId="dd7e6866-8340-bf6e-eb04-ef29b1a07f97" executionId="209f59ff-a5d3-4277-8a7f-81b9608f8280" testListId="8c84fa94-04c1-424b-9868-57a2d4851a1d" />
    <TestEntry testId="3b4a943d-7746-2ac4-aa4d-084a76bc5ce0" executionId="1ad72a71-e505-4878-9ae1-1804a82b81ae" testListId="8c84fa94-04c1-424b-9868-57a2d4851a1d" />
    <TestEntry testId="dc3e9d82-618b-d644-9d10-0e33b97c0c55" executionId="e05dd414-86b3-48eb-a6c7-415217709141" testListId="8c84fa94-04c1-424b-9868-57a2d4851a1d" />
    <TestEntry testId="d189063a-2c0a-d19a-f98a-dcc48e248ba2" executionId="8515b196-3e4d-4e7c-b8b8-95d84d04233a" testListId="8c84fa94-04c1-424b-9868-57a2d4851a1d" />
    <TestEntry testId="9b5f94d3-9969-9523-e0dc-822954cce198" executionId="388ee6f1-d981-4378-ac6e-ca3a420d36c6" testListId="8c84fa94-04c1-424b-9868-57a2d4851a1d" />
    <TestEntry testId="b83054a9-6d1f-b3f4-cf8b-0d733b097e9b" executionId="61a8d9f1-eb89-434d-b960-7f81138ef18e" testListId="8c84fa94-04c1-424b-9868-57a2d4851a1d" />
    <TestEntry testId="0a677d75-35d4-f91c-9966-daafd696b221" executionId="defeba3d-95fa-44eb-a180-b937c1aad8d4" testListId="8c84fa94-04c1-424b-9868-57a2d4851a1d" />
    <TestEntry testId="6820eb44-0158-2a73-f0b8-2a4c254b1834" executionId="40900d42-6913-4c94-b1d2-fcc125136377" testListId="8c84fa94-04c1-424b-9868-57a2d4851a1d" />
    <TestEntry testId="fedf1bbb-8fa1-f79c-57f2-a44838558af8" executionId="e365c55d-8771-4ab0-a502-c24b2692826d" testListId="8c84fa94-04c1-424b-9868-57a2d4851a1d" />
    <TestEntry testId="762352be-2e5f-00ff-3b2e-3e465a79cd39" executionId="bf604694-81a5-43da-a28b-c372886524c7" testListId="8c84fa94-04c1-424b-9868-57a2d4851a1d" />
    <TestEntry testId="67d6cfcc-44ba-3a46-cee0-08f5b7b9500d" executionId="544209b2-2104-4d3f-81f9-bd8576c8d59e" testListId="8c84fa94-04c1-424b-9868-57a2d4851a1d" />
    <TestEntry testId="3e96eedd-eee8-45b2-9867-4b35303504e8" executionId="677ed990-aa25-44a5-8dc8-ca20e0b925f0" testListId="8c84fa94-04c1-424b-9868-57a2d4851a1d" />
    <TestEntry testId="070234ad-41f6-8b87-8d36-d61d76f8b990" executionId="6cd6297a-249d-4572-951b-c5a148d8b400" testListId="8c84fa94-04c1-424b-9868-57a2d4851a1d" />
    <TestEntry testId="4afc0fd1-72b0-e89b-9d2b-d3711e834ed8" executionId="0f470e40-e2f5-492f-b58f-9a8aa99b8559" testListId="8c84fa94-04c1-424b-9868-57a2d4851a1d" />
    <TestEntry testId="49262a15-1490-962e-680c-0823801e8b6d" executionId="e0a7bdae-e0de-4476-b29c-2605da5c2bd6" testListId="8c84fa94-04c1-424b-9868-57a2d4851a1d" />
    <TestEntry testId="f1ecba84-c4d2-f051-76ac-eebcd97d1a23" executionId="263adf81-63bb-4950-a0a0-837c1d828df0" testListId="8c84fa94-04c1-424b-9868-57a2d4851a1d" />
    <TestEntry testId="0bfb23f1-036b-2928-5050-65c3a964fcdb" executionId="0fe05b64-5e4a-4b70-9da4-94b63badeb19" testListId="8c84fa94-04c1-424b-9868-57a2d4851a1d" />
    <TestEntry testId="78a6b582-b368-300f-7454-3b6c6e2452ac" executionId="6c7394b4-32a7-4e47-9c6c-921ebd25ae36" testListId="8c84fa94-04c1-424b-9868-57a2d4851a1d" />
    <TestEntry testId="9ed36475-70ea-d935-981c-3ee0399bdd52" executionId="e35790a0-b614-45f2-92e4-4ad94d862c72" testListId="8c84fa94-04c1-424b-9868-57a2d4851a1d" />
    <TestEntry testId="9ed36475-70ea-d935-981c-3ee0399bdd52" executionId="c5257950-7bba-4d22-a3ef-d9d7278b902c" testListId="8c84fa94-04c1-424b-9868-57a2d4851a1d" />
    <TestEntry testId="1aadb9b6-5faf-816d-c27a-4da98e73e9a7" executionId="e1b07410-bcf2-4eda-8230-f76dfb1b62d5" testListId="8c84fa94-04c1-424b-9868-57a2d4851a1d" />
    <TestEntry testId="b2903119-1d6e-0bc6-5662-cedf6f3c55e9" executionId="426fa5e3-15bb-4f51-88c5-7fdff5bde959" testListId="8c84fa94-04c1-424b-9868-57a2d4851a1d" />
    <TestEntry testId="4632f35e-f6ce-353f-c111-e86cb37923a9" executionId="1abaa431-d73b-4494-9094-5fdf81f08fa9" testListId="8c84fa94-04c1-424b-9868-57a2d4851a1d" />
    <TestEntry testId="7831a3db-451b-74a8-04c1-bbb1eb4b68e1" executionId="553ca5e7-bdba-4b50-9485-a96579ebf1f6" testListId="8c84fa94-04c1-424b-9868-57a2d4851a1d" />
    <TestEntry testId="e55750b2-62ef-9dbe-18e1-f31fcd761b56" executionId="736fc64f-3398-4eca-912c-e674524afeff" testListId="8c84fa94-04c1-424b-9868-57a2d4851a1d" />
    <TestEntry testId="a496a37b-8ec8-167e-6807-16ba86423d4c" executionId="656c0603-ed49-44bd-8815-2a55cc522f32" testListId="8c84fa94-04c1-424b-9868-57a2d4851a1d" />
    <TestEntry testId="73312193-5ef0-356b-d1c9-219a4aa3befc" executionId="ac0dab68-f1d0-4dd5-b786-a4dabf419276" testListId="8c84fa94-04c1-424b-9868-57a2d4851a1d" />
    <TestEntry testId="9ed36475-70ea-d935-981c-3ee0399bdd52" executionId="a0a03c7d-e3d4-432f-bc9e-c96170b20ed6" testListId="8c84fa94-04c1-424b-9868-57a2d4851a1d" />
    <TestEntry testId="4475f251-65dc-0f4a-1b5f-4a7a6bbd208c" executionId="5778ab85-810a-4d7f-b7fa-4e0c5b506422" testListId="8c84fa94-04c1-424b-9868-57a2d4851a1d" />
    <TestEntry testId="9ffaa909-2abe-cf56-ae26-3a90963ad86f" executionId="bdded9cc-09a0-47e4-84ec-850d67906a6a" testListId="8c84fa94-04c1-424b-9868-57a2d4851a1d" />
    <TestEntry testId="19c28362-a18b-6f39-d6be-858ea76684d8" executionId="7c57d5bf-8981-4e7f-8886-59903f1c4ded" testListId="8c84fa94-04c1-424b-9868-57a2d4851a1d" />
    <TestEntry testId="68d0fb8e-5c5d-d34b-58ab-63b024d75491" executionId="160313a5-d50f-4006-92df-e9e059d282bc" testListId="8c84fa94-04c1-424b-9868-57a2d4851a1d" />
    <TestEntry testId="c30fd0f6-fea3-ec09-1d9a-dcf32faec467" executionId="d8744c67-2e8d-4c06-8eeb-b25856417649" testListId="8c84fa94-04c1-424b-9868-57a2d4851a1d" />
    <TestEntry testId="aa0012e4-46c1-7e97-6638-62c0f32453e9" executionId="657e7c77-790c-48fd-9418-0848b7ae66fc" testListId="8c84fa94-04c1-424b-9868-57a2d4851a1d" />
    <TestEntry testId="9a526fb5-6d12-25be-93bf-dc2ad9ad84ce" executionId="d94a182f-91b5-4cbb-be4e-03d1ab0dc72a" testListId="8c84fa94-04c1-424b-9868-57a2d4851a1d" />
    <TestEntry testId="5df8c735-ee70-086b-4ece-801e17a288cc" executionId="193e5f0f-bef7-477e-8fa2-fe18491e0ef1" testListId="8c84fa94-04c1-424b-9868-57a2d4851a1d" />
    <TestEntry testId="e133adb7-5032-7457-3f42-f37dc0456f83" executionId="41ce1bb8-b6b3-4d94-bf4e-439c975d0f76" testListId="8c84fa94-04c1-424b-9868-57a2d4851a1d" />
    <TestEntry testId="2be290df-7d92-5723-935e-13156fa041e9" executionId="7a5664fe-fb88-43d5-b57c-90bceb093f0d" testListId="8c84fa94-04c1-424b-9868-57a2d4851a1d" />
    <TestEntry testId="7d7d04ff-07f4-2928-7743-9094eb345a03" executionId="31745538-23d2-4d4a-9013-5f9934ee04a7" testListId="8c84fa94-04c1-424b-9868-57a2d4851a1d" />
    <TestEntry testId="e7a2272b-a298-7d90-48b8-d8225bf3cf86" executionId="12f9bff6-0788-46bb-90a7-57c4ef1f06e3" testListId="8c84fa94-04c1-424b-9868-57a2d4851a1d" />
    <TestEntry testId="96c6901d-cb68-884d-5e4f-ceda707a0dcc" executionId="355f3fde-b17d-4af7-8c10-4105187b7aba" testListId="8c84fa94-04c1-424b-9868-57a2d4851a1d" />
    <TestEntry testId="9ed36475-70ea-d935-981c-3ee0399bdd52" executionId="70182498-a5ee-4167-9e8c-1a35f70a51bb" testListId="8c84fa94-04c1-424b-9868-57a2d4851a1d" />
    <TestEntry testId="7fc2c76c-1924-e821-1092-1c6d9443a05b" executionId="7932e83c-c3ea-4db2-832c-1dca9c983612" testListId="8c84fa94-04c1-424b-9868-57a2d4851a1d" />
    <TestEntry testId="28d94481-f77f-3356-3c92-37dcd5bc0f90" executionId="0c6a8e06-868b-4a9b-96ce-7b8b77dca797" testListId="8c84fa94-04c1-424b-9868-57a2d4851a1d" />
    <TestEntry testId="9ed36475-70ea-d935-981c-3ee0399bdd52" executionId="71e401b1-8f7a-437e-bd42-376b64ac87c6" testListId="8c84fa94-04c1-424b-9868-57a2d4851a1d" />
    <TestEntry testId="6b5ff9cc-ee85-4ae8-2c38-ea30386d4d31" executionId="31575443-9d65-4fc7-97bf-22f137f55462" testListId="8c84fa94-04c1-424b-9868-57a2d4851a1d" />
    <TestEntry testId="f10a25d3-6a4a-63bf-4df3-f288145b5270" executionId="041c873b-1c4f-4e38-912c-5b20d4ce6a1c" testListId="8c84fa94-04c1-424b-9868-57a2d4851a1d" />
    <TestEntry testId="34da232f-142c-49ff-a3dc-cd997cc4269f" executionId="485d07d4-4964-4a9d-b2f7-4f87ca4f866d" testListId="8c84fa94-04c1-424b-9868-57a2d4851a1d" />
    <TestEntry testId="5ae84a76-0bf4-ee4a-d840-32550ac069fc" executionId="85944a75-5225-4048-ac91-4fd40e4abb8f" testListId="8c84fa94-04c1-424b-9868-57a2d4851a1d" />
    <TestEntry testId="ec16d752-c3b4-091e-1dc9-5fb39755032b" executionId="7db742fd-54bd-4685-af11-d318dd7424ad" testListId="8c84fa94-04c1-424b-9868-57a2d4851a1d" />
    <TestEntry testId="80a79c68-1797-57d6-44a8-e72ce9b9663e" executionId="0219ab14-f22a-4e28-8795-11368dac1cfc" testListId="8c84fa94-04c1-424b-9868-57a2d4851a1d" />
    <TestEntry testId="4eacd397-5546-4e42-e68f-700bea3cfca6" executionId="1a4d307b-c728-44ce-8fc5-78da647016a7" testListId="8c84fa94-04c1-424b-9868-57a2d4851a1d" />
    <TestEntry testId="1a77ee52-5ac1-842f-3a78-c59f71df5654" executionId="f67afa6f-6e0e-4615-b161-2467fe499975" testListId="8c84fa94-04c1-424b-9868-57a2d4851a1d" />
    <TestEntry testId="f54c3826-ad6c-97f6-6d7f-5045e4477882" executionId="2f972861-b82d-449d-9f9a-eaa0f1843e73" testListId="8c84fa94-04c1-424b-9868-57a2d4851a1d" />
    <TestEntry testId="faa5573b-343f-0522-2b3d-8e3745b6c8ae" executionId="de7c97e7-4099-4b49-8229-adf4122ab70d" testListId="8c84fa94-04c1-424b-9868-57a2d4851a1d" />
    <TestEntry testId="b23dab4f-103f-e800-d3ff-d923625bbd65" executionId="0673a871-1579-4891-9b82-214654c5a05e" testListId="8c84fa94-04c1-424b-9868-57a2d4851a1d" />
    <TestEntry testId="3ea572d0-8081-c04d-1c5e-07d3f0bdce4f" executionId="967e1881-349f-4a74-8419-b325c7f9509c" testListId="8c84fa94-04c1-424b-9868-57a2d4851a1d" />
    <TestEntry testId="2be290df-7d92-5723-935e-13156fa041e9" executionId="ebbe6476-ae7c-4123-b53f-997f67ddeb51" testListId="8c84fa94-04c1-424b-9868-57a2d4851a1d" />
    <TestEntry testId="629e162f-e077-a600-505b-d11b0f7fdb6e" executionId="fa8eb839-e85a-421a-acc8-f40b79024273" testListId="8c84fa94-04c1-424b-9868-57a2d4851a1d" />
    <TestEntry testId="85515794-859c-c57f-429d-018ca2aa9bac" executionId="0824e208-c72b-49dd-af53-de71af95e575" testListId="8c84fa94-04c1-424b-9868-57a2d4851a1d" />
    <TestEntry testId="0dbe4df9-fb4c-9268-8cfe-c53e8e32289c" executionId="76492157-b900-47cd-aa6f-e757e2215b85" testListId="8c84fa94-04c1-424b-9868-57a2d4851a1d" />
    <TestEntry testId="48716565-5026-3c86-5719-93d7595126ea" executionId="367beeae-54ff-4733-aaf0-29f779d8fe80" testListId="8c84fa94-04c1-424b-9868-57a2d4851a1d" />
    <TestEntry testId="25b46b14-6c10-f5c8-10e3-0f04dd23955e" executionId="9c1bffae-7aec-4b47-8965-9f43be7ab33d" testListId="8c84fa94-04c1-424b-9868-57a2d4851a1d" />
    <TestEntry testId="5b3ddd4d-574c-53fd-f18b-066847d4b1fe" executionId="ab4fd237-c810-45df-8fd3-abeac15d043f" testListId="8c84fa94-04c1-424b-9868-57a2d4851a1d" />
    <TestEntry testId="f5c6406b-ed87-33a2-ceec-3f178635429e" executionId="88cca385-4898-4501-a014-cf56fd5daec4" testListId="8c84fa94-04c1-424b-9868-57a2d4851a1d" />
    <TestEntry testId="b5ea6fe4-9efa-e0e9-e374-141dade498fc" executionId="1afaa967-ab7e-49b3-bec9-ab13d454432f" testListId="8c84fa94-04c1-424b-9868-57a2d4851a1d" />
    <TestEntry testId="63b96ad9-1a5d-1e15-66e8-6bae36a632f6" executionId="f33428b2-9715-4cb7-aad3-833f395a72e4" testListId="8c84fa94-04c1-424b-9868-57a2d4851a1d" />
    <TestEntry testId="fa1eba1d-67af-1549-37db-913bdb2669b8" executionId="ec604dc4-a03d-4499-89d6-70c42420b124" testListId="8c84fa94-04c1-424b-9868-57a2d4851a1d" />
    <TestEntry testId="2373c0bd-121c-20ca-d30b-76178bf4018a" executionId="74493ed7-1ce0-4d1a-8712-1790122711cb" testListId="8c84fa94-04c1-424b-9868-57a2d4851a1d" />
    <TestEntry testId="975aab6a-b3f2-b4e7-05ec-c104b83f4704" executionId="d2f0d352-cdfb-4497-bada-bdc88e99b4d4" testListId="8c84fa94-04c1-424b-9868-57a2d4851a1d" />
    <TestEntry testId="39b0be65-95d7-2b3c-12c6-e30f8e267dfc" executionId="ff869084-72a5-45c9-ba02-a94edfc3b3c8" testListId="8c84fa94-04c1-424b-9868-57a2d4851a1d" />
    <TestEntry testId="f74fbe00-0c7a-711f-33e0-1688ffdc8c23" executionId="fa416002-d360-44e5-bd39-4b19c7b39900" testListId="8c84fa94-04c1-424b-9868-57a2d4851a1d" />
    <TestEntry testId="bb05d838-e8b8-1928-3fbd-d3679a7f86bf" executionId="1a637168-066c-4c4b-81c4-931da51cfa82" testListId="8c84fa94-04c1-424b-9868-57a2d4851a1d" />
    <TestEntry testId="7d6988ed-c769-4037-dc1c-9fa54886bdc8" executionId="701b6669-98ff-4af5-aa6c-51532d54dd8c" testListId="8c84fa94-04c1-424b-9868-57a2d4851a1d" />
    <TestEntry testId="ac8f81ff-9cec-3504-c5c4-8f5529420f89" executionId="63d9b50e-6493-4e2e-ac27-3ff61836796c" testListId="8c84fa94-04c1-424b-9868-57a2d4851a1d" />
    <TestEntry testId="c8f1d21a-34aa-5e25-3b35-46ddd198d9e4" executionId="aedb56c3-99ab-4258-80ff-33042f8a41cc" testListId="8c84fa94-04c1-424b-9868-57a2d4851a1d" />
    <TestEntry testId="850718e8-8e6e-2fc0-30e9-cce89aa9345e" executionId="48efe947-1204-4942-be98-01168e3aa1f9" testListId="8c84fa94-04c1-424b-9868-57a2d4851a1d" />
    <TestEntry testId="36d6f59a-7f94-a600-a190-5fd3ba4b33a1" executionId="ad756fcd-2360-4682-aa3f-2eac25542d02" testListId="8c84fa94-04c1-424b-9868-57a2d4851a1d" />
    <TestEntry testId="c448b744-7bf8-6f0c-d98b-198f6de41865" executionId="a3a283c1-c13f-40af-b4df-789d716df6ec" testListId="8c84fa94-04c1-424b-9868-57a2d4851a1d" />
    <TestEntry testId="82207889-87a9-6e80-2186-6759c95c8d6f" executionId="cc9d886d-20d1-4ac5-9af7-b47822203361" testListId="8c84fa94-04c1-424b-9868-57a2d4851a1d" />
    <TestEntry testId="6f3de9f8-ce4b-1e99-dd86-b59a2c977e85" executionId="ee82ed10-7ff0-4c9b-9946-6f87fa63fe7a" testListId="8c84fa94-04c1-424b-9868-57a2d4851a1d" />
    <TestEntry testId="46c0f747-e309-a9f8-b426-f3a7bd05a508" executionId="bd9e7956-5a6b-4dca-87ab-9c54a72c8e21" testListId="8c84fa94-04c1-424b-9868-57a2d4851a1d" />
    <TestEntry testId="d7fa095d-def8-4b4f-a71c-95d92cb9d97c" executionId="1eb87d78-6431-4766-9366-fd8c93b24249" testListId="8c84fa94-04c1-424b-9868-57a2d4851a1d" />
    <TestEntry testId="5012d36b-b617-1c43-82be-02c1ca8a65d2" executionId="4168ac89-4c36-46f5-83ed-8b2d6c3f9004" testListId="8c84fa94-04c1-424b-9868-57a2d4851a1d" />
    <TestEntry testId="883e5672-51ed-46eb-1c03-d79c19b513da" executionId="8a83b81a-bdc1-419b-8ff1-0c9fa825f74d" testListId="8c84fa94-04c1-424b-9868-57a2d4851a1d" />
    <TestEntry testId="842ea89f-d86d-2b60-9c71-dee6ace08cf1" executionId="0dedfdc4-6d26-48cc-934b-132eef7c7cd9" testListId="8c84fa94-04c1-424b-9868-57a2d4851a1d" />
    <TestEntry testId="479a856a-b668-d0be-97cb-73c0d55e7806" executionId="45f2005a-9a92-4895-9b78-ab5dc5bdd854" testListId="8c84fa94-04c1-424b-9868-57a2d4851a1d" />
    <TestEntry testId="7bb6cf57-3b02-b6a7-9bfb-642a63859d02" executionId="480665b1-34b9-471f-9503-a5dc4e2194f9" testListId="8c84fa94-04c1-424b-9868-57a2d4851a1d" />
    <TestEntry testId="0ff7f84c-222b-c9d7-80b3-11c44079c637" executionId="2346e1b3-35ef-4c1f-828c-e3f2f08d0b66" testListId="8c84fa94-04c1-424b-9868-57a2d4851a1d" />
    <TestEntry testId="447a0ea2-4a73-9937-dd54-230022a31e61" executionId="906f71dc-00a7-494e-88ad-495b7183d3d4" testListId="8c84fa94-04c1-424b-9868-57a2d4851a1d" />
    <TestEntry testId="a23a4d3b-b938-d346-953e-8f23851ebb46" executionId="3cb1abae-39c0-4fdb-8704-5f687658bf79" testListId="8c84fa94-04c1-424b-9868-57a2d4851a1d" />
    <TestEntry testId="fb51798c-b608-b315-9be5-4e9843174a03" executionId="6849ed52-6ea5-4927-96ab-47307f07174a" testListId="8c84fa94-04c1-424b-9868-57a2d4851a1d" />
    <TestEntry testId="59b41628-064d-c852-59dd-ff3828786d75" executionId="2dfd4bdc-5bb7-4563-9692-e0ba1ce5b45a" testListId="8c84fa94-04c1-424b-9868-57a2d4851a1d" />
    <TestEntry testId="d82a3974-a1b3-5452-a547-6e33ca1a063c" executionId="736f24c9-975a-42d9-bf0d-067dbefe5211" testListId="8c84fa94-04c1-424b-9868-57a2d4851a1d" />
    <TestEntry testId="e0e7ed78-91d2-9712-eb9e-f812f7d4f81d" executionId="ea707829-953d-4c77-ab17-a9252b32d79d" testListId="8c84fa94-04c1-424b-9868-57a2d4851a1d" />
    <TestEntry testId="84ad1089-0415-9b9d-3949-c442ce279fcc" executionId="c322a859-b253-4e35-8d2d-7cfce2bff717" testListId="8c84fa94-04c1-424b-9868-57a2d4851a1d" />
    <TestEntry testId="6926a070-192e-3bc2-3350-2c630870c19d" executionId="b20fa990-f87a-48d7-babd-19f919495877" testListId="8c84fa94-04c1-424b-9868-57a2d4851a1d" />
    <TestEntry testId="f2d9e943-a7b0-5d4d-e069-287247218fd9" executionId="ef3a03a2-61fa-4d08-9004-aae48953fe1c" testListId="8c84fa94-04c1-424b-9868-57a2d4851a1d" />
    <TestEntry testId="6eb251ea-cd01-f295-71ff-20db562d463d" executionId="655fe526-0480-4888-8454-54bee9fa6e7d" testListId="8c84fa94-04c1-424b-9868-57a2d4851a1d" />
    <TestEntry testId="75ea94fd-3e39-2426-5e3d-01bde1d3cfe1" executionId="06f0b9f9-d105-4bd7-b3e7-f70e87bc4f6c" testListId="8c84fa94-04c1-424b-9868-57a2d4851a1d" />
    <TestEntry testId="e3f6b41b-723f-fe52-6ef5-10aa6556c371" executionId="4993b6b1-3e92-46ce-b89f-6ae28fafc3cd" testListId="8c84fa94-04c1-424b-9868-57a2d4851a1d" />
    <TestEntry testId="77145dec-6351-dad6-568e-bc45646b61eb" executionId="629ad878-8ddb-4d43-9333-8f10a427c86e" testListId="8c84fa94-04c1-424b-9868-57a2d4851a1d" />
    <TestEntry testId="f21b19d3-41c0-235a-f7d9-88c615b2e912" executionId="2ffa735f-4871-4160-bee1-97eee5d86c27" testListId="8c84fa94-04c1-424b-9868-57a2d4851a1d" />
    <TestEntry testId="b2903119-1d6e-0bc6-5662-cedf6f3c55e9" executionId="604a2c43-d4ca-4d92-a088-fd2f57404f8d" testListId="8c84fa94-04c1-424b-9868-57a2d4851a1d" />
    <TestEntry testId="118381db-b906-f6fd-1684-10bb36d8f131" executionId="7c23bbf2-6973-4b6f-bb96-556fbcb96905" testListId="8c84fa94-04c1-424b-9868-57a2d4851a1d" />
    <TestEntry testId="a0417d24-94d1-2703-f2aa-48245183ab9c" executionId="fd0eb746-9de9-4981-bd68-89ee0756ec7c" testListId="8c84fa94-04c1-424b-9868-57a2d4851a1d" />
    <TestEntry testId="4475f251-65dc-0f4a-1b5f-4a7a6bbd208c" executionId="ad47281f-60de-4006-bc62-e3e1148d1951" testListId="8c84fa94-04c1-424b-9868-57a2d4851a1d" />
    <TestEntry testId="f3c9bab4-3291-051a-77b7-1676b635bc87" executionId="e95ed0e4-5dfc-458f-92c7-36e886400ea4" testListId="8c84fa94-04c1-424b-9868-57a2d4851a1d" />
    <TestEntry testId="2be290df-7d92-5723-935e-13156fa041e9" executionId="591b1f65-f2ed-482b-bbeb-0dec65ad8882" testListId="8c84fa94-04c1-424b-9868-57a2d4851a1d" />
    <TestEntry testId="146aa1c0-e779-e5d3-3dd4-31fcfe25e1ce" executionId="b4bb4b75-8846-415c-b011-8aae68e7ff77" testListId="8c84fa94-04c1-424b-9868-57a2d4851a1d" />
    <TestEntry testId="1a6f7815-7152-9d34-d9b2-1ad1aea279fd" executionId="68dd5ac7-56b6-4919-9414-9e6193dc4a2d" testListId="8c84fa94-04c1-424b-9868-57a2d4851a1d" />
    <TestEntry testId="75ea94fd-3e39-2426-5e3d-01bde1d3cfe1" executionId="94d88b0d-46b1-4b1e-8dd5-9e61e8fe0502" testListId="8c84fa94-04c1-424b-9868-57a2d4851a1d" />
    <TestEntry testId="399178cf-d06f-bce1-4bab-8ac5289277a4" executionId="34e4219b-9085-473a-a2bd-958a325f1c5f" testListId="8c84fa94-04c1-424b-9868-57a2d4851a1d" />
    <TestEntry testId="8c32a78b-8884-f0f7-4dc4-773316383b83" executionId="cfaa9083-3a3a-4fa3-8a3c-1323e0c0a20e" testListId="8c84fa94-04c1-424b-9868-57a2d4851a1d" />
    <TestEntry testId="e3f6b41b-723f-fe52-6ef5-10aa6556c371" executionId="127cb03f-b9ff-4699-a288-e2e38db01fcf" testListId="8c84fa94-04c1-424b-9868-57a2d4851a1d" />
    <TestEntry testId="a0a3d471-9d79-b0a8-66e1-fb0ed7fc56be" executionId="a2377589-372b-40b9-a2f3-23d2d6f6461f" testListId="8c84fa94-04c1-424b-9868-57a2d4851a1d" />
    <TestEntry testId="8613ad41-9d85-d626-f136-26c1b7b762f6" executionId="75d85e8a-1673-475e-bcd9-e8729b28b663" testListId="8c84fa94-04c1-424b-9868-57a2d4851a1d" />
    <TestEntry testId="0e78e6c8-d302-cfca-dc84-e91db65a3135" executionId="bb53dfe2-d372-459a-a02c-5da522c419c5" testListId="8c84fa94-04c1-424b-9868-57a2d4851a1d" />
    <TestEntry testId="e87a7c46-fccf-b207-c830-82e843042fb3" executionId="6f516064-f7c7-4073-9773-971c76f03d15" testListId="8c84fa94-04c1-424b-9868-57a2d4851a1d" />
    <TestEntry testId="afbfe3bb-182e-d88f-133e-7ef3fc63c181" executionId="f0362f69-12f5-4664-bd52-bc29db995c20" testListId="8c84fa94-04c1-424b-9868-57a2d4851a1d" />
    <TestEntry testId="b0cd1039-ea79-eaa1-e1c7-0398cf6051bb" executionId="19f56df6-1efc-4f71-82f0-98d2811f5801" testListId="8c84fa94-04c1-424b-9868-57a2d4851a1d" />
    <TestEntry testId="e3ab55ff-d050-071c-735b-0ca651c32877" executionId="2fdc1644-f1aa-4406-8f5d-6cb80dd4ccee" testListId="8c84fa94-04c1-424b-9868-57a2d4851a1d" />
    <TestEntry testId="cf012cb4-e83d-1909-fc0f-f01c58e7a4d2" executionId="065f7e29-f57f-4fc7-bfc0-464f80e95661" testListId="8c84fa94-04c1-424b-9868-57a2d4851a1d" />
    <TestEntry testId="65daf17b-6734-2887-3b9a-92e68be3eecc" executionId="bab127ad-fe05-4856-bded-7d37f716e14c" testListId="8c84fa94-04c1-424b-9868-57a2d4851a1d" />
    <TestEntry testId="f55a233a-e14b-4380-52ae-c7ccd5e5efd5" executionId="b8a0ee68-1a63-4c6a-93e2-e195fe446b78" testListId="8c84fa94-04c1-424b-9868-57a2d4851a1d" />
    <TestEntry testId="eb5808bc-5dfb-a596-3540-5193459cee4f" executionId="11f3a8c8-9023-464d-8fb1-6c63ad44feff" testListId="8c84fa94-04c1-424b-9868-57a2d4851a1d" />
    <TestEntry testId="fdb81633-7b6e-81d1-a2ab-a47d6fb6831e" executionId="01613b06-fc92-422c-a0fc-819c1204a837" testListId="8c84fa94-04c1-424b-9868-57a2d4851a1d" />
    <TestEntry testId="af973e0b-0b20-ed6d-59fa-0a71e4ffb6b7" executionId="54cb5926-9192-4b58-9b4e-03d3e0baed32" testListId="8c84fa94-04c1-424b-9868-57a2d4851a1d" />
    <TestEntry testId="799d4d94-b35a-dbf7-0a8c-2634f7daa23e" executionId="d81a13e4-b0ee-4979-86b9-6038ac0b0a1e" testListId="8c84fa94-04c1-424b-9868-57a2d4851a1d" />
    <TestEntry testId="e2eeac04-ff14-49db-523a-cfd79fc27b7f" executionId="92bd0bc1-6db0-4126-8535-df81e600c04e" testListId="8c84fa94-04c1-424b-9868-57a2d4851a1d" />
    <TestEntry testId="f19afe42-1bdb-8cfd-a433-5717c0bd644c" executionId="1c7c4420-79d2-4cfb-877a-950e44e95db6" testListId="8c84fa94-04c1-424b-9868-57a2d4851a1d" />
    <TestEntry testId="405a9a6e-f7a9-5cd4-cb04-c735c2ffb585" executionId="cf3da15f-0eb3-4d15-bc32-02dddfdac4e3" testListId="8c84fa94-04c1-424b-9868-57a2d4851a1d" />
    <TestEntry testId="df74a8b4-44a1-5487-2d29-3c4b11501295" executionId="5d13129e-de6b-472f-afec-0a8b9c82f426" testListId="8c84fa94-04c1-424b-9868-57a2d4851a1d" />
    <TestEntry testId="09854cc2-76f8-2d6b-de4c-13f7bc0e444c" executionId="8446d4ec-e51b-4014-b28c-abe57355e498" testListId="8c84fa94-04c1-424b-9868-57a2d4851a1d" />
    <TestEntry testId="948d3d06-dd5d-b2ff-293a-f6a6c81f644a" executionId="b72d30a3-dd6e-4a4b-9292-11f3a4deeca5" testListId="8c84fa94-04c1-424b-9868-57a2d4851a1d" />
    <TestEntry testId="4164d3af-b848-0f65-ba37-42bad46ec49f" executionId="14398a4e-05ca-4177-bb36-a95c454ed87a" testListId="8c84fa94-04c1-424b-9868-57a2d4851a1d" />
    <TestEntry testId="bffb1606-622b-75c0-1073-31fd498473a7" executionId="c880a5a0-248b-4fe2-8a02-a4b7b6ee8d58" testListId="8c84fa94-04c1-424b-9868-57a2d4851a1d" />
    <TestEntry testId="d82a3974-a1b3-5452-a547-6e33ca1a063c" executionId="d9e8436a-61c5-423f-be91-06d385934403" testListId="8c84fa94-04c1-424b-9868-57a2d4851a1d" />
    <TestEntry testId="a9f8356a-b05d-d726-c42f-217cf41a7b02" executionId="105be367-75ed-475f-941d-3b2c7e70c65f" testListId="8c84fa94-04c1-424b-9868-57a2d4851a1d" />
    <TestEntry testId="c8d027c8-5f36-2b46-5bad-f085954c1e99" executionId="7b05e809-3e3a-4b37-937f-0ac9c931f3ff" testListId="8c84fa94-04c1-424b-9868-57a2d4851a1d" />
    <TestEntry testId="aa24ebc7-de07-9d78-3ed9-d13182a4abaf" executionId="480754f7-c2a0-4f09-8bbf-cf5c1366ff14" testListId="8c84fa94-04c1-424b-9868-57a2d4851a1d" />
    <TestEntry testId="c1ed43ba-2e5f-41f8-d7c9-dcdafdaccfcc" executionId="d001c24e-741d-437c-b434-4ef4797c18ee" testListId="8c84fa94-04c1-424b-9868-57a2d4851a1d" />
    <TestEntry testId="5f529286-f45e-6113-43c7-30ad853edeb4" executionId="a6e471fc-1a17-4c8c-a6b7-65995bc5ba9d" testListId="8c84fa94-04c1-424b-9868-57a2d4851a1d" />
    <TestEntry testId="1bfcd3a7-5eb8-b503-f8b6-db88665035c4" executionId="45470fc4-863b-433f-83f8-0696e134ac56" testListId="8c84fa94-04c1-424b-9868-57a2d4851a1d" />
    <TestEntry testId="e1d70b74-a2c0-6fe4-47e7-b215f4c4a892" executionId="acc56cdb-b910-4b00-a328-b42baab077cc" testListId="8c84fa94-04c1-424b-9868-57a2d4851a1d" />
    <TestEntry testId="58f6e8ea-1bd0-f4c2-4094-d3d6817aac02" executionId="6815c8a3-8819-4cf2-843e-8074f34fea88" testListId="8c84fa94-04c1-424b-9868-57a2d4851a1d" />
    <TestEntry testId="5214fd19-6c98-5cdb-7ecb-b98174fa9d8e" executionId="6cc2fba5-bb55-466e-91e6-8d511458db25" testListId="8c84fa94-04c1-424b-9868-57a2d4851a1d" />
    <TestEntry testId="a2f1978d-dfb0-b64f-3caa-b3c6898cea1b" executionId="fa4a46a4-18fa-419c-9ec7-70d2a281ea91" testListId="8c84fa94-04c1-424b-9868-57a2d4851a1d" />
    <TestEntry testId="66715d49-c41e-5f81-8a3b-27304d49716d" executionId="297f87c6-bf7b-45da-bb30-ac1542abb244" testListId="8c84fa94-04c1-424b-9868-57a2d4851a1d" />
    <TestEntry testId="09431a07-3c29-d662-92d8-a6fd68b38ca4" executionId="5d59e3ff-68e6-46d7-8141-dbf7a8e2a7fe" testListId="8c84fa94-04c1-424b-9868-57a2d4851a1d" />
    <TestEntry testId="03d15dd7-ff5a-698e-d060-a294e5166274" executionId="89c360d9-690a-4e80-9939-c50767815b0a" testListId="8c84fa94-04c1-424b-9868-57a2d4851a1d" />
    <TestEntry testId="d80a4ea0-25be-3125-c3d6-5e96f1b18f66" executionId="fad437ad-5829-44c7-aa87-c993903e3dfa" testListId="8c84fa94-04c1-424b-9868-57a2d4851a1d" />
    <TestEntry testId="465ab36c-5b4a-6a04-9a83-83cbcfe4d8c7" executionId="880d2f7d-252f-4581-b1d3-31645330bbcf" testListId="8c84fa94-04c1-424b-9868-57a2d4851a1d" />
    <TestEntry testId="b5fbdece-a896-5b95-5dd6-251bca56a066" executionId="c5528228-f564-403c-93c1-e8499debe450" testListId="8c84fa94-04c1-424b-9868-57a2d4851a1d" />
    <TestEntry testId="98cba7ef-cae3-92dd-b1d6-f5f810e86693" executionId="539dbee4-22fa-4948-9cda-dd768a78e53e" testListId="8c84fa94-04c1-424b-9868-57a2d4851a1d" />
    <TestEntry testId="d014a639-73a9-c5f3-1a69-c8e9ea956187" executionId="ea274e9a-ef85-4856-9848-b1dbdff1802f" testListId="8c84fa94-04c1-424b-9868-57a2d4851a1d" />
    <TestEntry testId="950100c2-49ef-ba57-58d1-801e4f2eaf4a" executionId="596e0e10-7f50-49b0-b773-9f32518bf65c" testListId="8c84fa94-04c1-424b-9868-57a2d4851a1d" />
    <TestEntry testId="5204db14-5078-94d9-d965-2ae6957489a4" executionId="7f7f2cba-3640-44bf-9692-07f08ec4c807" testListId="8c84fa94-04c1-424b-9868-57a2d4851a1d" />
    <TestEntry testId="2be290df-7d92-5723-935e-13156fa041e9" executionId="46386af2-3ab1-41f0-bf0e-468356215660" testListId="8c84fa94-04c1-424b-9868-57a2d4851a1d" />
    <TestEntry testId="403cd832-7651-28cf-0576-a1670586cdfe" executionId="2b008f66-8bfa-41d7-9840-d88f889e5802" testListId="8c84fa94-04c1-424b-9868-57a2d4851a1d" />
    <TestEntry testId="de16f766-4813-7ad7-f97f-f45939abd6f4" executionId="2eb7596a-6448-441f-a307-240079f0b99f" testListId="8c84fa94-04c1-424b-9868-57a2d4851a1d" />
    <TestEntry testId="259590b0-282e-1979-8334-224eab396dc0" executionId="e6462a8d-b579-4168-ae48-f877516d9b27" testListId="8c84fa94-04c1-424b-9868-57a2d4851a1d" />
    <TestEntry testId="88584719-7016-3e9e-c1c5-28b497cc6d24" executionId="dcf52e0d-ee5a-45dd-af2c-44673ddfa668" testListId="8c84fa94-04c1-424b-9868-57a2d4851a1d" />
    <TestEntry testId="6b687bd3-e682-91ed-b1ee-b089e2b536c0" executionId="d2221f75-f6a7-433b-93e9-62fee98d6c8a" testListId="8c84fa94-04c1-424b-9868-57a2d4851a1d" />
    <TestEntry testId="e9794e70-f218-ddcf-6de7-79e71cba8d18" executionId="7943d149-0d28-4d37-83ac-b9cf048dc799" testListId="8c84fa94-04c1-424b-9868-57a2d4851a1d" />
    <TestEntry testId="43f1300e-f020-7c17-c8a6-2b28700085f2" executionId="cdce6692-075d-4a7c-9655-e19f8f5392b6" testListId="8c84fa94-04c1-424b-9868-57a2d4851a1d" />
    <TestEntry testId="40265b60-4995-adcf-823c-d40faa49859f" executionId="c854461c-e4c7-41be-b777-38e0d820e8f4" testListId="8c84fa94-04c1-424b-9868-57a2d4851a1d" />
    <TestEntry testId="2959eeda-a4b5-3546-ecb7-e96124d728c7" executionId="e9c80dee-3e32-4770-b019-1e4931f4e1c3" testListId="8c84fa94-04c1-424b-9868-57a2d4851a1d" />
    <TestEntry testId="c2437baf-f3e4-8bba-bd7e-3accf8f67075" executionId="fbf131a7-5282-47aa-ad6a-72888da3e1ab" testListId="8c84fa94-04c1-424b-9868-57a2d4851a1d" />
    <TestEntry testId="860fe6c6-f4cf-3612-5ed7-a9bea3b42189" executionId="4e3bf4a7-476e-4505-8669-80ab61d7105f" testListId="8c84fa94-04c1-424b-9868-57a2d4851a1d" />
    <TestEntry testId="5112593c-0687-fa01-6d25-d137ee4d6ee0" executionId="48901f81-f8d7-49cc-82fc-250677a557f7" testListId="8c84fa94-04c1-424b-9868-57a2d4851a1d" />
    <TestEntry testId="98cba7ef-cae3-92dd-b1d6-f5f810e86693" executionId="4390b452-2ed8-4b5d-b422-01543f0d24b3" testListId="8c84fa94-04c1-424b-9868-57a2d4851a1d" />
    <TestEntry testId="a8f1c880-78cf-7098-795a-e75cda76d3c7" executionId="5e80e13c-3beb-4761-81c3-842b930712b8" testListId="8c84fa94-04c1-424b-9868-57a2d4851a1d" />
    <TestEntry testId="4aeb2cf1-e0c9-d53a-978a-fe86c8b66c85" executionId="118acd35-c35e-4c87-82a9-375a52d6b2ae" testListId="8c84fa94-04c1-424b-9868-57a2d4851a1d" />
    <TestEntry testId="95c28ecf-7977-c561-acf2-769224b0280a" executionId="85655909-162d-4321-9728-83b8b50a0d3d" testListId="8c84fa94-04c1-424b-9868-57a2d4851a1d" />
    <TestEntry testId="12fa48f5-9b10-8956-e496-0a1719ddb6f7" executionId="7a089e49-e876-4b26-a277-ad352a2f09f6" testListId="8c84fa94-04c1-424b-9868-57a2d4851a1d" />
    <TestEntry testId="381c192a-1ef4-4379-d001-223053ee8288" executionId="c516084c-771d-419a-b049-c6b449b5869e" testListId="8c84fa94-04c1-424b-9868-57a2d4851a1d" />
    <TestEntry testId="c0d2d7c8-8f54-3223-54ea-6b285d3fac39" executionId="99c5e37f-7ad0-49d7-b3b3-22729dcf7785" testListId="8c84fa94-04c1-424b-9868-57a2d4851a1d" />
    <TestEntry testId="578ae397-2c20-daa9-2874-a228a4ade716" executionId="19d23677-06b1-4de9-8c32-538dd9fadc02" testListId="8c84fa94-04c1-424b-9868-57a2d4851a1d" />
    <TestEntry testId="a09c5978-8741-f6db-4239-b7eb39a05af2" executionId="845d7d04-fdf0-47c1-962f-d07148d43a43" testListId="8c84fa94-04c1-424b-9868-57a2d4851a1d" />
    <TestEntry testId="a9dd89e9-5332-8f7c-9fd1-d81dd843c2eb" executionId="cbe69aa8-4855-49dc-8c7f-dd8e21b9e0ae" testListId="8c84fa94-04c1-424b-9868-57a2d4851a1d" />
    <TestEntry testId="21ccde52-84ff-b13b-7878-c18063ef33a0" executionId="b1ec3d0f-4789-443e-acc6-45a63bceb781" testListId="8c84fa94-04c1-424b-9868-57a2d4851a1d" />
    <TestEntry testId="f45b0123-a5dd-fb53-d0d1-cdea3d2f2a2b" executionId="c5b1c4f3-6061-46a5-8a18-1daaf3188769" testListId="8c84fa94-04c1-424b-9868-57a2d4851a1d" />
    <TestEntry testId="941cdf7d-b868-4a18-3e98-79f786b3a216" executionId="b1eb3cf7-e50c-40bd-a9f8-d41e5f2d5074" testListId="8c84fa94-04c1-424b-9868-57a2d4851a1d" />
    <TestEntry testId="574b4d79-31b4-dea5-34f2-6b3d418bd92a" executionId="2822bfb0-e283-4fbf-a991-0c9da239f4b2" testListId="8c84fa94-04c1-424b-9868-57a2d4851a1d" />
    <TestEntry testId="3aa7f57e-bb40-bdf7-b002-4c757f5f3ab3" executionId="ab39fd98-d252-4b60-9f26-6befec9d36ed" testListId="8c84fa94-04c1-424b-9868-57a2d4851a1d" />
    <TestEntry testId="6929059c-5d5d-3365-e446-d5e0c0c63b90" executionId="0188f144-a0f0-49ef-a04c-b6ca2eaddeed" testListId="8c84fa94-04c1-424b-9868-57a2d4851a1d" />
    <TestEntry testId="10412a26-d271-3a10-699f-0019dcc2c02f" executionId="2ff94ed5-b6f9-439c-9657-1004805b3a57" testListId="8c84fa94-04c1-424b-9868-57a2d4851a1d" />
    <TestEntry testId="57ac62af-6075-79ea-79c9-3a588a195273" executionId="a9735044-e803-4583-9e4e-343a2a60be3b" testListId="8c84fa94-04c1-424b-9868-57a2d4851a1d" />
    <TestEntry testId="f5c24419-7fc0-3865-4c1e-06a9bd125abe" executionId="0e98105c-d8b5-4340-aa88-661568609e46" testListId="8c84fa94-04c1-424b-9868-57a2d4851a1d" />
    <TestEntry testId="b58757a7-d1b1-920d-0ad6-ed3ea2c5d501" executionId="38e8bf57-813f-4d35-a97a-025f9f5f64c4" testListId="8c84fa94-04c1-424b-9868-57a2d4851a1d" />
    <TestEntry testId="cfbe27e3-5b55-241c-69bf-49bc822676ba" executionId="1ff0878c-7c7a-4cae-bb2e-f53793f2b44d" testListId="8c84fa94-04c1-424b-9868-57a2d4851a1d" />
  </TestEntries>
  <TestLists>
    <TestList name="Results Not in a List" id="8c84fa94-04c1-424b-9868-57a2d4851a1d" />
    <TestList name="All Loaded Results" id="19431567-8539-422a-85d7-44ee4e166bda" />
  </TestLists>
  <ResultSummary outcome="Completed">
    <Counters total="709" executed="709" passed="709" failed="0" error="0" timeout="0" aborted="0" inconclusive="0" passedButRunAborted="0" notRunnable="0" notExecuted="0" disconnected="0" warning="0" completed="0" inProgress="0" pending="0" />
    <Output>
      <StdOut>NUnit Adapter 4.5.0.0: Test execution started
Running all tests in /home/runner/work/typespec/typespec/packages/http-client-csharp/generator/artifacts/bin/Microsoft.TypeSpec.Generator.ClientModel.Tests/Debug/net8.0/Microsoft.TypeSpec.Generator.ClientModel.Tests.dll
   NUnit3TestExecutor discovered 709 of 709 NUnit test cases using Current Discovery mode, Non-Explicit run
NUnit Adapter 4.5.0.0: Test execution complete
</StdOut>
    </Output>
  </ResultSummary>
</TestRun>