<?xml version="1.0" encoding="utf-8"?>
<TestRun id="3156fe72-0c9f-4b7e-91e5-e4028c2915ef" name="@pkrvmxyh4eaekms 2025-06-24 21:13:23" xmlns="http://microsoft.com/schemas/VisualStudio/TeamTest/2010">
  <Times creation="2025-06-24T21:13:23.1490451+00:00" queuing="2025-06-24T21:13:23.1490452+00:00" start="2025-06-24T21:13:21.8157835+00:00" finish="2025-06-24T21:13:23.1534536+00:00" />
  <TestSettings name="default" id="a4def10a-b437-401f-b697-bfcbbf6fbda4">
    <Deployment runDeploymentRoot="_pkrvmxyh4eaekms_2025-06-24_21_13_23" />
  </TestSettings>
  <TestLists>
    <TestList name="Results Not in a List" id="8c84fa94-04c1-424b-9868-57a2d4851a1d" />
    <TestList name="All Loaded Results" id="19431567-8539-422a-85d7-44ee4e166bda" />
  </TestLists>
  <ResultSummary outcome="Completed">
    <Counters total="0" executed="0" passed="0" failed="0" error="0" timeout="0" aborted="0" inconclusive="0" passedButRunAborted="0" notRunnable="0" notExecuted="0" disconnected="0" warning="0" completed="0" inProgress="0" pending="0" />
    <Output>
      <StdOut>NUnit Adapter 4.5.0.0: Test execution started
Running all tests in /home/runner/work/typespec/typespec/packages/http-client-csharp/generator/artifacts/bin/Microsoft.TypeSpec.Generator.Tests.Common/Debug/net8.0/Microsoft.TypeSpec.Generator.Tests.Common.dll
   NUnit failed to load /home/runner/work/typespec/typespec/packages/http-client-csharp/generator/artifacts/bin/Microsoft.TypeSpec.Generator.Tests.Common/Debug/net8.0/Microsoft.TypeSpec.Generator.Tests.Common.dll
NUnit Adapter 4.5.0.0: Test execution complete
</StdOut>
    </Output>
    <RunInfos>
      <RunInfo computerName="pkrvmxyh4eaekms" outcome="Warning" timestamp="2025-06-24T21:13:22.9812882+00:00">
        <Text>No test is available in /home/runner/work/typespec/typespec/packages/http-client-csharp/generator/artifacts/bin/Microsoft.TypeSpec.Generator.Tests.Common/Debug/net8.0/Microsoft.TypeSpec.Generator.Tests.Common.dll. Make sure that test discoverer &amp; executors are registered and platform &amp; framework version settings are appropriate and try again.</Text>
      </RunInfo>
    </RunInfos>
  </ResultSummary>
</TestRun>