<?xml version="1.0" encoding="utf-8"?>
<TestRun id="ab43ef71-b0f0-4bd9-bc62-94187f6ce108" name="@pkrvmxyh4eaekms 2025-06-24 21:13:15" xmlns="http://microsoft.com/schemas/VisualStudio/TeamTest/2010">
  <Times creation="2025-06-24T21:13:15.1540295+00:00" queuing="2025-06-24T21:13:15.1540296+00:00" start="2025-06-24T21:13:13.5819307+00:00" finish="2025-06-24T21:13:15.1656762+00:00" />
  <TestSettings name="default" id="f8c8d179-ab88-4166-893b-a3db28312b81">
    <Deployment runDeploymentRoot="_pkrvmxyh4eaekms_2025-06-24_21_13_15" />
  </TestSettings>
  <Results>
    <UnitTestResult executionId="1c9c6aa2-4d41-4127-914e-56c4651f0f4e" testId="8548bb98-c67f-40fb-4234-31d02023327b" testName="ModelNameIsCustomized" computerName="pkrvmxyh4eaekms" duration="00:00:00.0068050" startTime="2025-06-24T21:13:14.9053374+00:00" endTime="2025-06-24T21:13:14.9119534+00:00" testType="13cdc9d9-ddb5-4fa4-a97d-d965ccfc6d4b" outcome="Passed" testListId="8c84fa94-04c1-424b-9868-57a2d4851a1d" relativeResultsDirectory="1c9c6aa2-4d41-4127-914e-56c4651f0f4e" />
    <UnitTestResult executionId="811c9712-bc44-4e8c-bd5e-2f40f22f8670" testId="38ded915-e5b2-1aa2-102b-90f0b81c6025" testName="ModelNamespaceIsCustomized" computerName="pkrvmxyh4eaekms" duration="00:00:00.0096600" startTime="2025-06-24T21:13:14.9266489+00:00" endTime="2025-06-24T21:13:14.9363092+00:00" testType="13cdc9d9-ddb5-4fa4-a97d-d965ccfc6d4b" outcome="Passed" testListId="8c84fa94-04c1-424b-9868-57a2d4851a1d" relativeResultsDirectory="811c9712-bc44-4e8c-bd5e-2f40f22f8670" />
    <UnitTestResult executionId="445f7c3d-8455-41e4-9e7d-65d71aca73c5" testId="971387e6-90a8-19e5-fec3-2366278847b5" testName="UnreferencedTypesAreRemoved" computerName="pkrvmxyh4eaekms" duration="00:00:00.0014160" startTime="2025-06-24T21:13:14.9628395+00:00" endTime="2025-06-24T21:13:14.9642559+00:00" testType="13cdc9d9-ddb5-4fa4-a97d-d965ccfc6d4b" outcome="Passed" testListId="8c84fa94-04c1-424b-9868-57a2d4851a1d" relativeResultsDirectory="445f7c3d-8455-41e4-9e7d-65d71aca73c5" />
    <UnitTestResult executionId="76cfdb07-23aa-4fa0-a3a0-6f6db8c2164c" testId="0da01a87-27b0-7a20-099f-64a20c9a77e3" testName="EqualsIgnoreCasing(&quot;A&quot;,&quot;B&quot;,False)" computerName="pkrvmxyh4eaekms" duration="00:00:00.0000920" startTime="2025-06-24T21:13:14.9542858+00:00" endTime="2025-06-24T21:13:14.9543777+00:00" testType="13cdc9d9-ddb5-4fa4-a97d-d965ccfc6d4b" outcome="Passed" testListId="8c84fa94-04c1-424b-9868-57a2d4851a1d" relativeResultsDirectory="76cfdb07-23aa-4fa0-a3a0-6f6db8c2164c" />
    <UnitTestResult executionId="3ec3cb1b-a47e-4a70-8530-5a91c38c57a1" testId="0c7f704d-2028-c228-16b6-13adc380f7c6" testName="ExtensibleEnumInHashSet([&quot;a&quot;, &quot;A&quot;, &quot;foo&quot;, &quot;fOO&quot;],2)" computerName="pkrvmxyh4eaekms" duration="00:00:00.0061810" startTime="2025-06-24T21:13:14.9564115+00:00" endTime="2025-06-24T21:13:14.9625921+00:00" testType="13cdc9d9-ddb5-4fa4-a97d-d965ccfc6d4b" outcome="Passed" testListId="8c84fa94-04c1-424b-9868-57a2d4851a1d" relativeResultsDirectory="3ec3cb1b-a47e-4a70-8530-5a91c38c57a1" />
    <UnitTestResult executionId="3b3f7c1d-f942-4e34-95e2-b78a91a0f9d5" testId="49883d08-2acd-485f-0886-5769dbfbca56" testName="ModelPropertyNameIsCustomized" computerName="pkrvmxyh4eaekms" duration="00:00:00.0053040" startTime="2025-06-24T21:13:14.9366189+00:00" endTime="2025-06-24T21:13:14.9419228+00:00" testType="13cdc9d9-ddb5-4fa4-a97d-d965ccfc6d4b" outcome="Passed" testListId="8c84fa94-04c1-424b-9868-57a2d4851a1d" relativeResultsDirectory="3b3f7c1d-f942-4e34-95e2-b78a91a0f9d5" />
    <UnitTestResult executionId="21cf25d4-7a15-4011-803e-0cd7c5169063" testId="fcfeb1f4-5869-e4d6-d35d-4345db46b7c6" testName="EqualsIgnoreCasing(&quot;A&quot;,&quot;A&quot;,True)" computerName="pkrvmxyh4eaekms" duration="00:00:00.0007940" startTime="2025-06-24T21:13:14.9534620+00:00" endTime="2025-06-24T21:13:14.9542562+00:00" testType="13cdc9d9-ddb5-4fa4-a97d-d965ccfc6d4b" outcome="Passed" testListId="8c84fa94-04c1-424b-9868-57a2d4851a1d" relativeResultsDirectory="21cf25d4-7a15-4011-803e-0cd7c5169063" />
    <UnitTestResult executionId="ca757f34-9dfa-4c76-bddf-3f49595013d9" testId="b857f191-b502-1beb-09d1-97cdaba8a193" testName="ExtensibleEnumCanHandleNullValue" computerName="pkrvmxyh4eaekms" duration="00:00:00.0018860" startTime="2025-06-24T21:13:14.9544844+00:00" endTime="2025-06-24T21:13:14.9563703+00:00" testType="13cdc9d9-ddb5-4fa4-a97d-d965ccfc6d4b" outcome="Passed" testListId="8c84fa94-04c1-424b-9868-57a2d4851a1d" relativeResultsDirectory="ca757f34-9dfa-4c76-bddf-3f49595013d9" />
    <UnitTestResult executionId="821a667c-f6f3-4394-9873-c4e659192f1a" testId="c69e2102-5c8b-4057-2540-d23518a67873" testName="EqualsIgnoreCasing(&quot;a&quot;,&quot;A&quot;,True)" computerName="pkrvmxyh4eaekms" duration="00:00:00.0074700" startTime="2025-06-24T21:13:14.9459706+00:00" endTime="2025-06-24T21:13:14.9534404+00:00" testType="13cdc9d9-ddb5-4fa4-a97d-d965ccfc6d4b" outcome="Passed" testListId="8c84fa94-04c1-424b-9868-57a2d4851a1d" relativeResultsDirectory="821a667c-f6f3-4394-9873-c4e659192f1a" />
  </Results>
  <TestDefinitions>
    <UnitTest name="EqualsIgnoreCasing(&quot;A&quot;,&quot;B&quot;,False)" storage="/home/runner/work/typespec/typespec/packages/http-client-csharp/generator/artifacts/bin/testprojects.local.tests/debug/net8.0/testprojects.local.tests.dll" id="0da01a87-27b0-7a20-099f-64a20c9a77e3">
      <Execution id="76cfdb07-23aa-4fa0-a3a0-6f6db8c2164c" />
      <TestMethod codeBase="/home/runner/work/typespec/typespec/packages/http-client-csharp/generator/artifacts/bin/TestProjects.Local.Tests/Debug/net8.0/TestProjects.Local.Tests.dll" adapterTypeName="executor://nunit3testexecutor/" className="TestProjects.Local.Tests.ExtensibleEnumTests" name="EqualsIgnoreCasing(&quot;A&quot;,&quot;B&quot;,False)" />
    </UnitTest>
    <UnitTest name="UnreferencedTypesAreRemoved" storage="/home/runner/work/typespec/typespec/packages/http-client-csharp/generator/artifacts/bin/testprojects.local.tests/debug/net8.0/testprojects.local.tests.dll" id="971387e6-90a8-19e5-fec3-2366278847b5">
      <Execution id="445f7c3d-8455-41e4-9e7d-65d71aca73c5" />
      <TestMethod codeBase="/home/runner/work/typespec/typespec/packages/http-client-csharp/generator/artifacts/bin/TestProjects.Local.Tests/Debug/net8.0/TestProjects.Local.Tests.dll" adapterTypeName="executor://nunit3testexecutor/" className="TestProjects.Local.Tests.UnreferencedTypeTests" name="UnreferencedTypesAreRemoved" />
    </UnitTest>
    <UnitTest name="EqualsIgnoreCasing(&quot;a&quot;,&quot;A&quot;,True)" storage="/home/runner/work/typespec/typespec/packages/http-client-csharp/generator/artifacts/bin/testprojects.local.tests/debug/net8.0/testprojects.local.tests.dll" id="c69e2102-5c8b-4057-2540-d23518a67873">
      <Execution id="821a667c-f6f3-4394-9873-c4e659192f1a" />
      <TestMethod codeBase="/home/runner/work/typespec/typespec/packages/http-client-csharp/generator/artifacts/bin/TestProjects.Local.Tests/Debug/net8.0/TestProjects.Local.Tests.dll" adapterTypeName="executor://nunit3testexecutor/" className="TestProjects.Local.Tests.ExtensibleEnumTests" name="EqualsIgnoreCasing(&quot;a&quot;,&quot;A&quot;,True)" />
    </UnitTest>
    <UnitTest name="ExtensibleEnumCanHandleNullValue" storage="/home/runner/work/typespec/typespec/packages/http-client-csharp/generator/artifacts/bin/testprojects.local.tests/debug/net8.0/testprojects.local.tests.dll" id="b857f191-b502-1beb-09d1-97cdaba8a193">
      <Execution id="ca757f34-9dfa-4c76-bddf-3f49595013d9" />
      <TestMethod codeBase="/home/runner/work/typespec/typespec/packages/http-client-csharp/generator/artifacts/bin/TestProjects.Local.Tests/Debug/net8.0/TestProjects.Local.Tests.dll" adapterTypeName="executor://nunit3testexecutor/" className="TestProjects.Local.Tests.ExtensibleEnumTests" name="ExtensibleEnumCanHandleNullValue" />
    </UnitTest>
    <UnitTest name="ModelNamespaceIsCustomized" storage="/home/runner/work/typespec/typespec/packages/http-client-csharp/generator/artifacts/bin/testprojects.local.tests/debug/net8.0/testprojects.local.tests.dll" id="38ded915-e5b2-1aa2-102b-90f0b81c6025">
      <Execution id="811c9712-bc44-4e8c-bd5e-2f40f22f8670" />
      <TestMethod codeBase="/home/runner/work/typespec/typespec/packages/http-client-csharp/generator/artifacts/bin/TestProjects.Local.Tests/Debug/net8.0/TestProjects.Local.Tests.dll" adapterTypeName="executor://nunit3testexecutor/" className="TestProjects.Local.Tests.CustomizationTests" name="ModelNamespaceIsCustomized" />
    </UnitTest>
    <UnitTest name="ModelNameIsCustomized" storage="/home/runner/work/typespec/typespec/packages/http-client-csharp/generator/artifacts/bin/testprojects.local.tests/debug/net8.0/testprojects.local.tests.dll" id="8548bb98-c67f-40fb-4234-31d02023327b">
      <Execution id="1c9c6aa2-4d41-4127-914e-56c4651f0f4e" />
      <TestMethod codeBase="/home/runner/work/typespec/typespec/packages/http-client-csharp/generator/artifacts/bin/TestProjects.Local.Tests/Debug/net8.0/TestProjects.Local.Tests.dll" adapterTypeName="executor://nunit3testexecutor/" className="TestProjects.Local.Tests.CustomizationTests" name="ModelNameIsCustomized" />
    </UnitTest>
    <UnitTest name="ExtensibleEnumInHashSet([&quot;a&quot;, &quot;A&quot;, &quot;foo&quot;, &quot;fOO&quot;],2)" storage="/home/runner/work/typespec/typespec/packages/http-client-csharp/generator/artifacts/bin/testprojects.local.tests/debug/net8.0/testprojects.local.tests.dll" id="0c7f704d-2028-c228-16b6-13adc380f7c6">
      <Execution id="3ec3cb1b-a47e-4a70-8530-5a91c38c57a1" />
      <TestMethod codeBase="/home/runner/work/typespec/typespec/packages/http-client-csharp/generator/artifacts/bin/TestProjects.Local.Tests/Debug/net8.0/TestProjects.Local.Tests.dll" adapterTypeName="executor://nunit3testexecutor/" className="TestProjects.Local.Tests.ExtensibleEnumTests" name="ExtensibleEnumInHashSet([&quot;a&quot;, &quot;A&quot;, &quot;foo&quot;, &quot;fOO&quot;],2)" />
    </UnitTest>
    <UnitTest name="ModelPropertyNameIsCustomized" storage="/home/runner/work/typespec/typespec/packages/http-client-csharp/generator/artifacts/bin/testprojects.local.tests/debug/net8.0/testprojects.local.tests.dll" id="49883d08-2acd-485f-0886-5769dbfbca56">
      <Execution id="3b3f7c1d-f942-4e34-95e2-b78a91a0f9d5" />
      <TestMethod codeBase="/home/runner/work/typespec/typespec/packages/http-client-csharp/generator/artifacts/bin/TestProjects.Local.Tests/Debug/net8.0/TestProjects.Local.Tests.dll" adapterTypeName="executor://nunit3testexecutor/" className="TestProjects.Local.Tests.CustomizationTests" name="ModelPropertyNameIsCustomized" />
    </UnitTest>
    <UnitTest name="EqualsIgnoreCasing(&quot;A&quot;,&quot;A&quot;,True)" storage="/home/runner/work/typespec/typespec/packages/http-client-csharp/generator/artifacts/bin/testprojects.local.tests/debug/net8.0/testprojects.local.tests.dll" id="fcfeb1f4-5869-e4d6-d35d-4345db46b7c6">
      <Execution id="21cf25d4-7a15-4011-803e-0cd7c5169063" />
      <TestMethod codeBase="/home/runner/work/typespec/typespec/packages/http-client-csharp/generator/artifacts/bin/TestProjects.Local.Tests/Debug/net8.0/TestProjects.Local.Tests.dll" adapterTypeName="executor://nunit3testexecutor/" className="TestProjects.Local.Tests.ExtensibleEnumTests" name="EqualsIgnoreCasing(&quot;A&quot;,&quot;A&quot;,True)" />
    </UnitTest>
  </TestDefinitions>
  <TestEntries>
    <TestEntry testId="8548bb98-c67f-40fb-4234-31d02023327b" executionId="1c9c6aa2-4d41-4127-914e-56c4651f0f4e" testListId="8c84fa94-04c1-424b-9868-57a2d4851a1d" />
    <TestEntry testId="38ded915-e5b2-1aa2-102b-90f0b81c6025" executionId="811c9712-bc44-4e8c-bd5e-2f40f22f8670" testListId="8c84fa94-04c1-424b-9868-57a2d4851a1d" />
    <TestEntry testId="971387e6-90a8-19e5-fec3-2366278847b5" executionId="445f7c3d-8455-41e4-9e7d-65d71aca73c5" testListId="8c84fa94-04c1-424b-9868-57a2d4851a1d" />
    <TestEntry testId="0da01a87-27b0-7a20-099f-64a20c9a77e3" executionId="76cfdb07-23aa-4fa0-a3a0-6f6db8c2164c" testListId="8c84fa94-04c1-424b-9868-57a2d4851a1d" />
    <TestEntry testId="0c7f704d-2028-c228-16b6-13adc380f7c6" executionId="3ec3cb1b-a47e-4a70-8530-5a91c38c57a1" testListId="8c84fa94-04c1-424b-9868-57a2d4851a1d" />
    <TestEntry testId="49883d08-2acd-485f-0886-5769dbfbca56" executionId="3b3f7c1d-f942-4e34-95e2-b78a91a0f9d5" testListId="8c84fa94-04c1-424b-9868-57a2d4851a1d" />
    <TestEntry testId="fcfeb1f4-5869-e4d6-d35d-4345db46b7c6" executionId="21cf25d4-7a15-4011-803e-0cd7c5169063" testListId="8c84fa94-04c1-424b-9868-57a2d4851a1d" />
    <TestEntry testId="b857f191-b502-1beb-09d1-97cdaba8a193" executionId="ca757f34-9dfa-4c76-bddf-3f49595013d9" testListId="8c84fa94-04c1-424b-9868-57a2d4851a1d" />
    <TestEntry testId="c69e2102-5c8b-4057-2540-d23518a67873" executionId="821a667c-f6f3-4394-9873-c4e659192f1a" testListId="8c84fa94-04c1-424b-9868-57a2d4851a1d" />
  </TestEntries>
  <TestLists>
    <TestList name="Results Not in a List" id="8c84fa94-04c1-424b-9868-57a2d4851a1d" />
    <TestList name="All Loaded Results" id="19431567-8539-422a-85d7-44ee4e166bda" />
  </TestLists>
  <ResultSummary outcome="Completed">
    <Counters total="9" executed="9" passed="9" failed="0" error="0" timeout="0" aborted="0" inconclusive="0" passedButRunAborted="0" notRunnable="0" notExecuted="0" disconnected="0" warning="0" completed="0" inProgress="0" pending="0" />
    <Output>
      <StdOut>NUnit Adapter 4.5.0.0: Test execution started
Running all tests in /home/runner/work/typespec/typespec/packages/http-client-csharp/generator/artifacts/bin/TestProjects.Local.Tests/Debug/net8.0/TestProjects.Local.Tests.dll
   NUnit3TestExecutor discovered 9 of 9 NUnit test cases using Current Discovery mode, Non-Explicit run
NUnit Adapter 4.5.0.0: Test execution complete
</StdOut>
    </Output>
  </ResultSummary>
</TestRun>