<?xml version="1.0" encoding="utf-8"?>
<TestRun id="2105a8c6-166f-40df-bcf2-efbdc9eb3945" name="@pkrvmxyh4eaekms 2025-06-24 21:14:06" xmlns="http://microsoft.com/schemas/VisualStudio/TeamTest/2010">
  <Times creation="2025-06-24T21:14:06.3397900+00:00" queuing="2025-06-24T21:14:06.3397901+00:00" start="2025-06-24T21:14:05.0227405+00:00" finish="2025-06-24T21:14:12.8394669+00:00" />
  <TestSettings name="default" id="45747903-0645-42e8-a81d-fd35c69b3539">
    <Deployment runDeploymentRoot="_pkrvmxyh4eaekms_2025-06-24_21_14_06" />
  </TestSettings>
  <Results>
    <UnitTestResult executionId="b73b15e3-5088-4381-b1e9-2bce9a2aa211" testId="b23dab4f-103f-e800-d3ff-d923625bbd65" testName="JsonSerializerSnippet_Deserialize" computerName="pkrvmxyh4eaekms" duration="00:00:00.0004860" startTime="2025-06-24T21:14:12.6746905+00:00" endTime="2025-06-24T21:14:12.6751767+00:00" testType="13cdc9d9-ddb5-4fa4-a97d-d965ccfc6d4b" outcome="Passed" testListId="8c84fa94-04c1-424b-9868-57a2d4851a1d" relativeResultsDirectory="b73b15e3-5088-4381-b1e9-2bce9a2aa211" />
    <UnitTestResult executionId="51d5d1f8-439d-47d3-983b-ad3bdab899d1" testId="a4ce03e5-e5b7-fd8f-5cab-d75162b5702b" testName="ValidateConvertToString(&quot;D&quot;,test,&quot;dGVzdA==&quot;)" computerName="pkrvmxyh4eaekms" duration="00:00:00.0001110" startTime="2025-06-24T21:14:12.6642904+00:00" endTime="2025-06-24T21:14:12.6644011+00:00" testType="13cdc9d9-ddb5-4fa4-a97d-d965ccfc6d4b" outcome="Passed" testListId="8c84fa94-04c1-424b-9868-57a2d4851a1d" relativeResultsDirectory="51d5d1f8-439d-47d3-983b-ad3bdab899d1" />
    <UnitTestResult executionId="4f048ebf-79f0-4cf4-981e-6661bf770051" testId="d82a3974-a1b3-5452-a547-6e33ca1a063c" testName="TestBuildAuthFields_WithSubClients_NoAuth(Microsoft.TypeSpec.Generator.Input.InputClient)" computerName="pkrvmxyh4eaekms" duration="00:00:00.0016660" startTime="2025-06-24T21:14:09.2648532+00:00" endTime="2025-06-24T21:14:09.2665187+00:00" testType="13cdc9d9-ddb5-4fa4-a97d-d965ccfc6d4b" outcome="Passed" testListId="8c84fa94-04c1-424b-9868-57a2d4851a1d" relativeResultsDirectory="4f048ebf-79f0-4cf4-981e-6661bf770051" />
    <UnitTestResult executionId="eeec9ec3-f17d-445e-9f65-369bb6e0d560" testId="03d15dd7-ff5a-698e-d060-a294e5166274" testName="ResetThenAppendPath(&quot;http://localhost/with/&quot;,null,&quot;http://localhost/with/&quot;)" computerName="pkrvmxyh4eaekms" duration="00:00:00.0001290" startTime="2025-06-24T21:14:09.5622934+00:00" endTime="2025-06-24T21:14:09.5624220+00:00" testType="13cdc9d9-ddb5-4fa4-a97d-d965ccfc6d4b" outcome="Passed" testListId="8c84fa94-04c1-424b-9868-57a2d4851a1d" relativeResultsDirectory="eeec9ec3-f17d-445e-9f65-369bb6e0d560" />
    <UnitTestResult executionId="05024c9f-3651-4faf-8871-c6fd97ccebd1" testId="3ea572d0-8081-c04d-1c5e-07d3f0bdce4f" testName="TestNonBodyRequestParametersInBodyWriterDiff(Microsoft.TypeSpec.Generator.Input.InputBasicServiceMethod)" computerName="pkrvmxyh4eaekms" duration="00:00:00.0026580" startTime="2025-06-24T21:14:09.3694017+00:00" endTime="2025-06-24T21:14:09.3720595+00:00" testType="13cdc9d9-ddb5-4fa4-a97d-d965ccfc6d4b" outcome="Passed" testListId="8c84fa94-04c1-424b-9868-57a2d4851a1d" relativeResultsDirectory="05024c9f-3651-4faf-8871-c6fd97ccebd1" />
    <UnitTestResult executionId="3d150e76-aab0-498b-96e7-d61c2df72799" testId="c82b7b83-2bf0-892d-6cf7-743b5ac7abdd" testName="RoundTripWithModelReaderWriterNonGeneric(&quot;J&quot;)" computerName="pkrvmxyh4eaekms" duration="00:00:00.0023370" startTime="2025-06-24T21:14:06.3880651+00:00" endTime="2025-06-24T21:14:06.3904022+00:00" testType="13cdc9d9-ddb5-4fa4-a97d-d965ccfc6d4b" outcome="Passed" testListId="8c84fa94-04c1-424b-9868-57a2d4851a1d" relativeResultsDirectory="3d150e76-aab0-498b-96e7-d61c2df72799" />
    <UnitTestResult executionId="8806fd12-92fd-490d-8bdf-e88c18ea0169" testId="b2903119-1d6e-0bc6-5662-cedf6f3c55e9" testName="TestGetMethodParameters(Microsoft.TypeSpec.Generator.Input.InputBasicServiceMethod)" computerName="pkrvmxyh4eaekms" duration="00:00:00.0001900" startTime="2025-06-24T21:14:12.5451605+00:00" endTime="2025-06-24T21:14:12.5453501+00:00" testType="13cdc9d9-ddb5-4fa4-a97d-d965ccfc6d4b" outcome="Passed" testListId="8c84fa94-04c1-424b-9868-57a2d4851a1d" relativeResultsDirectory="8806fd12-92fd-490d-8bdf-e88c18ea0169" />
    <UnitTestResult executionId="05b1004f-c64f-4e4f-8672-4cdc609f1178" testId="5d77efff-b8ec-351b-6e6d-fd1ec6702b9a" testName="TestBuildCreateRequestMethodWithQueryParameters" computerName="pkrvmxyh4eaekms" duration="00:00:00.0017800" startTime="2025-06-24T21:14:12.5412791+00:00" endTime="2025-06-24T21:14:12.5430589+00:00" testType="13cdc9d9-ddb5-4fa4-a97d-d965ccfc6d4b" outcome="Passed" testListId="8c84fa94-04c1-424b-9868-57a2d4851a1d" relativeResultsDirectory="05b1004f-c64f-4e4f-8672-4cdc609f1178" />
    <UnitTestResult executionId="e05f547c-a754-4bc9-a0c1-263908e14ddf" testId="a4e27c1f-b13a-63ea-5950-d6764b4af861" testName="AppendPath_Int(&quot;http://localhost&quot;,-299792458,True,&quot;http://localhost/-299792458&quot;)" computerName="pkrvmxyh4eaekms" duration="00:00:00.0000600" startTime="2025-06-24T21:14:09.5385063+00:00" endTime="2025-06-24T21:14:09.5385664+00:00" testType="13cdc9d9-ddb5-4fa4-a97d-d965ccfc6d4b" outcome="Passed" testListId="8c84fa94-04c1-424b-9868-57a2d4851a1d" relativeResultsDirectory="e05f547c-a754-4bc9-a0c1-263908e14ddf" />
    <UnitTestResult executionId="19a2a493-b9e7-4c4e-a8c0-c2a34e516f59" testId="75565cb5-105a-47a6-0025-428383842588" testName="ValidateIsLastNamespaceSegmentTheSame(&quot;Foo&quot;,&quot;_Foo&quot;)" computerName="pkrvmxyh4eaekms" duration="00:00:00.0009270" startTime="2025-06-24T21:14:09.4159891+00:00" endTime="2025-06-24T21:14:09.4169162+00:00" testType="13cdc9d9-ddb5-4fa4-a97d-d965ccfc6d4b" outcome="Passed" testListId="8c84fa94-04c1-424b-9868-57a2d4851a1d" relativeResultsDirectory="19a2a493-b9e7-4c4e-a8c0-c2a34e516f59" />
    <UnitTestResult executionId="0b151229-6c54-4ae7-8bc0-733036a02a5f" testId="afea2367-f2c4-b4f0-d85c-b2267117e7d3" testName="TestBuildPersistableModelGetFormatMethodObjectDeclaration" computerName="pkrvmxyh4eaekms" duration="00:00:00.0024070" startTime="2025-06-24T21:14:11.0105083+00:00" endTime="2025-06-24T21:14:11.0129153+00:00" testType="13cdc9d9-ddb5-4fa4-a97d-d965ccfc6d4b" outcome="Passed" testListId="8c84fa94-04c1-424b-9868-57a2d4851a1d" relativeResultsDirectory="0b151229-6c54-4ae7-8bc0-733036a02a5f" />
    <UnitTestResult executionId="bd49e2ad-df47-4f0d-a48a-91f045060480" testId="bab02ab2-f0a0-0b38-9c16-3f5fb3f5a696" testName="RoundTripWithModelInterfaceNonGeneric(&quot;J&quot;)" computerName="pkrvmxyh4eaekms" duration="00:00:00.0008160" startTime="2025-06-24T21:14:06.4361718+00:00" endTime="2025-06-24T21:14:06.4369879+00:00" testType="13cdc9d9-ddb5-4fa4-a97d-d965ccfc6d4b" outcome="Passed" testListId="8c84fa94-04c1-424b-9868-57a2d4851a1d" relativeResultsDirectory="bd49e2ad-df47-4f0d-a48a-91f045060480" />
    <UnitTestResult executionId="8aa0b11d-7061-473e-a12c-a759461238fa" testId="b18428a6-357e-c689-d8bc-399f60aac534" testName="ResetThenAppendPathThenAppendQuery(&quot;http://localhost:12345&quot;,&quot;some/&quot;,&quot;one|1|two|2&quot;,&quot;http://localhost:12345/some/?one=1&amp;two=2&quot;)" computerName="pkrvmxyh4eaekms" duration="00:00:00.0000630" startTime="2025-06-24T21:14:09.5666702+00:00" endTime="2025-06-24T21:14:09.5667327+00:00" testType="13cdc9d9-ddb5-4fa4-a97d-d965ccfc6d4b" outcome="Passed" testListId="8c84fa94-04c1-424b-9868-57a2d4851a1d" relativeResultsDirectory="8aa0b11d-7061-473e-a12c-a759461238fa" />
    <UnitTestResult executionId="f7a146fb-e8ea-4dd6-ad60-531d28dafbc5" testId="b30720bd-f140-b124-33ed-afa9a981ffb4" testName="RoundTripWithJsonInterfaceUtf8ReaderNonGeneric(&quot;W&quot;)" computerName="pkrvmxyh4eaekms" duration="00:00:00.0018850" startTime="2025-06-24T21:14:06.3731298+00:00" endTime="2025-06-24T21:14:06.3750145+00:00" testType="13cdc9d9-ddb5-4fa4-a97d-d965ccfc6d4b" outcome="Passed" testListId="8c84fa94-04c1-424b-9868-57a2d4851a1d" relativeResultsDirectory="f7a146fb-e8ea-4dd6-ad60-531d28dafbc5" />
    <UnitTestResult executionId="27469e10-0a55-4566-a27e-c3e1ce1ad77b" testId="3aa3ced1-3219-ac82-73ec-234ca8bbdfb6" testName="ValidateConvertToString(null,null,&quot;null&quot;)" computerName="pkrvmxyh4eaekms" duration="00:00:00.0001830" startTime="2025-06-24T21:14:12.6614411+00:00" endTime="2025-06-24T21:14:12.6616238+00:00" testType="13cdc9d9-ddb5-4fa4-a97d-d965ccfc6d4b" outcome="Passed" testListId="8c84fa94-04c1-424b-9868-57a2d4851a1d" relativeResultsDirectory="27469e10-0a55-4566-a27e-c3e1ce1ad77b" />
    <UnitTestResult executionId="960091d5-bd66-4df7-94db-18bc0416c8df" testId="69ee431b-6bac-d2c4-e189-76788a58176a" testName="AppendQuery_Double(&quot;http://localhost&quot;,-3.14d,True,&quot;http://localhost/?query=-3.14&quot;)" computerName="pkrvmxyh4eaekms" duration="00:00:00.0000610" startTime="2025-06-24T21:14:09.5555639+00:00" endTime="2025-06-24T21:14:09.5556245+00:00" testType="13cdc9d9-ddb5-4fa4-a97d-d965ccfc6d4b" outcome="Passed" testListId="8c84fa94-04c1-424b-9868-57a2d4851a1d" relativeResultsDirectory="960091d5-bd66-4df7-94db-18bc0416c8df" />
    <UnitTestResult executionId="999fa0a2-a48e-4f67-a16a-a38e8d0170ac" testId="5df8c735-ee70-086b-4ece-801e17a288cc" testName="ResetThenAppendPath(&quot;http://localhost/with/&quot;,&quot;/path/&quot;,&quot;http://localhost/with/path/&quot;)" computerName="pkrvmxyh4eaekms" duration="00:00:00.0000920" startTime="2025-06-24T21:14:09.5649655+00:00" endTime="2025-06-24T21:14:09.5650573+00:00" testType="13cdc9d9-ddb5-4fa4-a97d-d965ccfc6d4b" outcome="Passed" testListId="8c84fa94-04c1-424b-9868-57a2d4851a1d" relativeResultsDirectory="999fa0a2-a48e-4f67-a16a-a38e8d0170ac" />
    <UnitTestResult executionId="596ea924-a526-4450-82fb-7b36c06e6215" testId="4ba1c137-1c95-341d-bad4-9da8be1cd605" testName="AppendPath_Long(&quot;http://localhost&quot;,-299792458000000L,True,&quot;http://localhost/-299792458000000&quot;)" computerName="pkrvmxyh4eaekms" duration="00:00:00.0000640" startTime="2025-06-24T21:14:09.5393650+00:00" endTime="2025-06-24T21:14:09.5394290+00:00" testType="13cdc9d9-ddb5-4fa4-a97d-d965ccfc6d4b" outcome="Passed" testListId="8c84fa94-04c1-424b-9868-57a2d4851a1d" relativeResultsDirectory="596ea924-a526-4450-82fb-7b36c06e6215" />
    <UnitTestResult executionId="462f0978-1079-4bdb-843e-369c289352d2" testId="3e51833d-f117-3a73-25e0-3ddbb4fb98e4" testName="TestBuildAuthFields_NoAuth(System.Collections.Generic.List`1[Microsoft.TypeSpec.Generator.Input.InputParameter])" computerName="pkrvmxyh4eaekms" duration="00:00:00.0017670" startTime="2025-06-24T21:14:09.2135072+00:00" endTime="2025-06-24T21:14:09.2152736+00:00" testType="13cdc9d9-ddb5-4fa4-a97d-d965ccfc6d4b" outcome="Passed" testListId="8c84fa94-04c1-424b-9868-57a2d4851a1d" relativeResultsDirectory="462f0978-1079-4bdb-843e-369c289352d2" />
    <UnitTestResult executionId="41c7e328-e879-40c1-8992-820938f387c5" testId="b2543fe7-0c20-a3ef-8f08-d23e11184572" testName="OptionalSnippet_IsCollectionDefined" computerName="pkrvmxyh4eaekms" duration="00:00:00.0001900" startTime="2025-06-24T21:14:12.6755118+00:00" endTime="2025-06-24T21:14:12.6757017+00:00" testType="13cdc9d9-ddb5-4fa4-a97d-d965ccfc6d4b" outcome="Passed" testListId="8c84fa94-04c1-424b-9868-57a2d4851a1d" relativeResultsDirectory="41c7e328-e879-40c1-8992-820938f387c5" />
    <UnitTestResult executionId="26229abe-bbd2-4518-a4cd-e4c367135c5a" testId="6a107d20-558d-703d-f7cd-24aec4600175" testName="AppendQuery_TimeSpan(&quot;http://localhost&quot;,&quot;02:15:00&quot;,null,True,&quot;http://localhost/?query=PT2H15M&quot;)" computerName="pkrvmxyh4eaekms" duration="00:00:00.0000690" startTime="2025-06-24T21:14:09.5596071+00:00" endTime="2025-06-24T21:14:09.5596764+00:00" testType="13cdc9d9-ddb5-4fa4-a97d-d965ccfc6d4b" outcome="Passed" testListId="8c84fa94-04c1-424b-9868-57a2d4851a1d" relativeResultsDirectory="26229abe-bbd2-4518-a4cd-e4c367135c5a" />
    <UnitTestResult executionId="c960a7c7-9edb-4283-a934-9966c3f4a571" testId="151f7ead-f8c8-292a-fa32-6e515a2838fc" testName="OperationWithOptionalExtensibleIntEnum" computerName="pkrvmxyh4eaekms" duration="00:00:00.0021580" startTime="2025-06-24T21:14:12.6258874+00:00" endTime="2025-06-24T21:14:12.6280449+00:00" testType="13cdc9d9-ddb5-4fa4-a97d-d965ccfc6d4b" outcome="Passed" testListId="8c84fa94-04c1-424b-9868-57a2d4851a1d" relativeResultsDirectory="c960a7c7-9edb-4283-a934-9966c3f4a571" />
    <UnitTestResult executionId="a271b771-688b-408a-a55a-05621579818f" testId="60367087-2316-14c0-adc0-f0887c9790d8" testName="ValidateIsLastNamespaceSegmentTheSame(&quot;Foo&quot;,&quot;Bar._Foo&quot;)" computerName="pkrvmxyh4eaekms" duration="00:00:00.0034430" startTime="2025-06-24T21:14:09.4198488+00:00" endTime="2025-06-24T21:14:09.4232913+00:00" testType="13cdc9d9-ddb5-4fa4-a97d-d965ccfc6d4b" outcome="Passed" testListId="8c84fa94-04c1-424b-9868-57a2d4851a1d" relativeResultsDirectory="a271b771-688b-408a-a55a-05621579818f" />
    <UnitTestResult executionId="47c327c0-62d0-4739-85e6-414e45fc1ac4" testId="78a6b582-b368-300f-7454-3b6c6e2452ac" testName="ValidateToEnumMethodsExtensible(Microsoft.TypeSpec.Generator.Input.InputEnumType)" computerName="pkrvmxyh4eaekms" duration="00:00:00.0003690" startTime="2025-06-24T21:14:09.7641312+00:00" endTime="2025-06-24T21:14:09.7645000+00:00" testType="13cdc9d9-ddb5-4fa4-a97d-d965ccfc6d4b" outcome="Passed" testListId="8c84fa94-04c1-424b-9868-57a2d4851a1d" relativeResultsDirectory="47c327c0-62d0-4739-85e6-414e45fc1ac4" />
    <UnitTestResult executionId="60360d7a-5e59-49c3-acbf-b9c52a52697e" testId="5cecca1b-6cfe-a561-61db-bfb6cc7f6214" testName="TestRequestOptionsParameterInSignature(Microsoft.TypeSpec.Generator.Input.InputBasicServiceMethod,False,False)" computerName="pkrvmxyh4eaekms" duration="00:00:00.0016930" startTime="2025-06-24T21:14:09.3903908+00:00" endTime="2025-06-24T21:14:09.3920838+00:00" testType="13cdc9d9-ddb5-4fa4-a97d-d965ccfc6d4b" outcome="Passed" testListId="8c84fa94-04c1-424b-9868-57a2d4851a1d" relativeResultsDirectory="60360d7a-5e59-49c3-acbf-b9c52a52697e" />
    <UnitTestResult executionId="f5e14444-ef72-409f-b1d0-85e86eeb2fee" testId="92bc38d8-1a86-f92f-8d1f-451565894cae" testName="ValidateToEnumMethodsFixed(Microsoft.TypeSpec.Generator.Input.InputEnumType)" computerName="pkrvmxyh4eaekms" duration="00:00:00.0035570" startTime="2025-06-24T21:14:09.7647005+00:00" endTime="2025-06-24T21:14:09.7682570+00:00" testType="13cdc9d9-ddb5-4fa4-a97d-d965ccfc6d4b" outcome="Passed" testListId="8c84fa94-04c1-424b-9868-57a2d4851a1d" relativeResultsDirectory="f5e14444-ef72-409f-b1d0-85e86eeb2fee" />
    <UnitTestResult executionId="7666d9e8-43b1-4696-b2cd-d346393ac81b" testId="16ec844b-df5c-e2b9-8133-59889de5527e" testName="FormatsDatesAsJson(&quot;O&quot;,05/04/2020 03:02:01 +01:00,&quot;2020-05-04T02:02:01.1230000Z&quot;)" computerName="pkrvmxyh4eaekms" duration="00:00:00.0002900" startTime="2025-06-24T21:14:12.6567954+00:00" endTime="2025-06-24T21:14:12.6570856+00:00" testType="13cdc9d9-ddb5-4fa4-a97d-d965ccfc6d4b" outcome="Passed" testListId="8c84fa94-04c1-424b-9868-57a2d4851a1d" relativeResultsDirectory="7666d9e8-43b1-4696-b2cd-d346393ac81b" />
    <UnitTestResult executionId="89cbd069-be73-4b7a-88f7-4bfd49b9f62d" testId="25ca75be-05ae-0f2b-7a33-9b306a4b3909" testName="RootOutputModelsIncludesServiceResponse" computerName="pkrvmxyh4eaekms" duration="00:00:00.0015120" startTime="2025-06-24T21:14:12.6708913+00:00" endTime="2025-06-24T21:14:12.6724030+00:00" testType="13cdc9d9-ddb5-4fa4-a97d-d965ccfc6d4b" outcome="Passed" testListId="8c84fa94-04c1-424b-9868-57a2d4851a1d" relativeResultsDirectory="89cbd069-be73-4b7a-88f7-4bfd49b9f62d" />
    <UnitTestResult executionId="4800bf42-e203-4301-bd61-a6a41c6a51b7" testId="d81aefaa-21b2-2ce8-1512-b4dc36d8fb4e" testName="AppendQueryDelimited(&quot;http://localhost&quot;,[&quot;hello&quot;, &quot;world&quot;],&quot;,&quot;,True,&quot;http://localhost/?query=hello%2Cworld&quot;)" computerName="pkrvmxyh4eaekms" duration="00:00:00.0006860" startTime="2025-06-24T21:14:09.5598990+00:00" endTime="2025-06-24T21:14:09.5605847+00:00" testType="13cdc9d9-ddb5-4fa4-a97d-d965ccfc6d4b" outcome="Passed" testListId="8c84fa94-04c1-424b-9868-57a2d4851a1d" relativeResultsDirectory="4800bf42-e203-4301-bd61-a6a41c6a51b7" />
    <UnitTestResult executionId="9af269e8-5d7f-4b6d-b274-7d43c4fdaa88" testId="2f907606-a74c-ccb6-685a-520887bca1bd" testName="ValidateConvertToString(null,42,&quot;42&quot;)" computerName="pkrvmxyh4eaekms" duration="00:00:00.0001110" startTime="2025-06-24T21:14:12.6620767+00:00" endTime="2025-06-24T21:14:12.6621873+00:00" testType="13cdc9d9-ddb5-4fa4-a97d-d965ccfc6d4b" outcome="Passed" testListId="8c84fa94-04c1-424b-9868-57a2d4851a1d" relativeResultsDirectory="9af269e8-5d7f-4b6d-b274-7d43c4fdaa88" />
    <UnitTestResult executionId="38a5e6e8-5c24-4bff-bb71-83a9d1456dce" testId="20f7aa37-bdbd-2499-362a-8c32860422e9" testName="AppendPath_ByteArray(&quot;http://localhost&quot;,[104, 101, 108, 108, 111],&quot;U&quot;,True,&quot;http://localhost/aGVsbG8&quot;)" computerName="pkrvmxyh4eaekms" duration="00:00:00.0006640" startTime="2025-06-24T21:14:09.5294173+00:00" endTime="2025-06-24T21:14:09.5300815+00:00" testType="13cdc9d9-ddb5-4fa4-a97d-d965ccfc6d4b" outcome="Passed" testListId="8c84fa94-04c1-424b-9868-57a2d4851a1d" relativeResultsDirectory="38a5e6e8-5c24-4bff-bb71-83a9d1456dce" />
    <UnitTestResult executionId="b2c90826-1ba3-4524-91e0-b137c88007f6" testId="155bcea2-a69c-4737-05b7-9a1a9d273028" testName="OperationWithOptionalIntEnum" computerName="pkrvmxyh4eaekms" duration="00:00:00.0025130" startTime="2025-06-24T21:14:12.6280735+00:00" endTime="2025-06-24T21:14:12.6305860+00:00" testType="13cdc9d9-ddb5-4fa4-a97d-d965ccfc6d4b" outcome="Passed" testListId="8c84fa94-04c1-424b-9868-57a2d4851a1d" relativeResultsDirectory="b2c90826-1ba3-4524-91e0-b137c88007f6" />
    <UnitTestResult executionId="f896a75d-70d7-4df5-9eff-443e289fa17f" testId="0dbe4df9-fb4c-9268-8cfe-c53e8e32289c" testName="NoNextLinkOrContinuationTokenOfT" computerName="pkrvmxyh4eaekms" duration="00:00:00.0023320" startTime="2025-06-24T21:14:09.6273437+00:00" endTime="2025-06-24T21:14:09.6296758+00:00" testType="13cdc9d9-ddb5-4fa4-a97d-d965ccfc6d4b" outcome="Passed" testListId="8c84fa94-04c1-424b-9868-57a2d4851a1d" relativeResultsDirectory="f896a75d-70d7-4df5-9eff-443e289fa17f" />
    <UnitTestResult executionId="ef6e003d-f30f-46e0-9292-784d1ef37cdf" testId="4908d300-3005-e9cc-511e-30cb01b1991e" testName="TestApiVersionPathParameterOfClient(Microsoft.TypeSpec.Generator.Input.InputClient)" computerName="pkrvmxyh4eaekms" duration="00:00:00.0054050" startTime="2025-06-24T21:14:09.2023694+00:00" endTime="2025-06-24T21:14:09.2077744+00:00" testType="13cdc9d9-ddb5-4fa4-a97d-d965ccfc6d4b" outcome="Passed" testListId="8c84fa94-04c1-424b-9868-57a2d4851a1d" relativeResultsDirectory="ef6e003d-f30f-46e0-9292-784d1ef37cdf" />
    <UnitTestResult executionId="768153f5-d9d6-471f-9bf4-782a34670df2" testId="42a05878-a1b0-899f-dd1c-1579afd508e2" testName="ResetThenAppendPathThenAppendQuery(&quot;http://localhost&quot;,&quot;some/&quot;,&quot;one|1|two|2&quot;,&quot;http://localhost/some/?one=1&amp;two=2&quot;)" computerName="pkrvmxyh4eaekms" duration="00:00:00.0000660" startTime="2025-06-24T21:14:09.5665941+00:00" endTime="2025-06-24T21:14:09.5666604+00:00" testType="13cdc9d9-ddb5-4fa4-a97d-d965ccfc6d4b" outcome="Passed" testListId="8c84fa94-04c1-424b-9868-57a2d4851a1d" relativeResultsDirectory="768153f5-d9d6-471f-9bf4-782a34670df2" />
    <UnitTestResult executionId="cc32f30d-e758-498b-8434-77e957623a31" testId="1a24a2ba-5321-9ff6-a6a8-d43137a1f8e2" testName="ValidateConvertToString(null,1.02:59:59,&quot;P1DT2H59M59S&quot;)" computerName="pkrvmxyh4eaekms" duration="00:00:00.0000760" startTime="2025-06-24T21:14:12.6639078+00:00" endTime="2025-06-24T21:14:12.6639834+00:00" testType="13cdc9d9-ddb5-4fa4-a97d-d965ccfc6d4b" outcome="Passed" testListId="8c84fa94-04c1-424b-9868-57a2d4851a1d" relativeResultsDirectory="cc32f30d-e758-498b-8434-77e957623a31" />
    <UnitTestResult executionId="3eb7cb4e-384a-4f5e-9718-87eb89fb5337" testId="b5fbdece-a896-5b95-5dd6-251bca56a066" testName="ResetThenAppendPath(&quot;http://localhost/&quot;,&quot;path&quot;,&quot;http://localhost/path&quot;)" computerName="pkrvmxyh4eaekms" duration="00:00:00.0000940" startTime="2025-06-24T21:14:09.5627372+00:00" endTime="2025-06-24T21:14:09.5628309+00:00" testType="13cdc9d9-ddb5-4fa4-a97d-d965ccfc6d4b" outcome="Passed" testListId="8c84fa94-04c1-424b-9868-57a2d4851a1d" relativeResultsDirectory="3eb7cb4e-384a-4f5e-9718-87eb89fb5337" />
    <UnitTestResult executionId="4428d74c-e0e2-416d-bd4b-97f74cf6008f" testId="f9b2f864-a502-a8ed-b3aa-05e5daad2520" testName="TestBuildFields" computerName="pkrvmxyh4eaekms" duration="00:00:00.0014370" startTime="2025-06-24T21:14:10.9775727+00:00" endTime="2025-06-24T21:14:10.9790096+00:00" testType="13cdc9d9-ddb5-4fa4-a97d-d965ccfc6d4b" outcome="Passed" testListId="8c84fa94-04c1-424b-9868-57a2d4851a1d" relativeResultsDirectory="4428d74c-e0e2-416d-bd4b-97f74cf6008f" />
    <UnitTestResult executionId="4446652f-fce5-47b0-85c7-1a3c419698f6" testId="80a79c68-1797-57d6-44a8-e72ce9b9663e" testName="CanCustomizePropertyIntoReadOnlyMemory" computerName="pkrvmxyh4eaekms" duration="00:00:00.0948370" startTime="2025-06-24T21:14:10.5263823+00:00" endTime="2025-06-24T21:14:10.6212182+00:00" testType="13cdc9d9-ddb5-4fa4-a97d-d965ccfc6d4b" outcome="Passed" testListId="8c84fa94-04c1-424b-9868-57a2d4851a1d" relativeResultsDirectory="4446652f-fce5-47b0-85c7-1a3c419698f6" />
    <UnitTestResult executionId="15fc7a28-7bbf-4b4b-9d03-dcaf185c8d5c" testId="57ac62af-6075-79ea-79c9-3a588a195273" testName="BinaryDataParameterHasValidation" computerName="pkrvmxyh4eaekms" duration="00:00:00.0001850" startTime="2025-06-24T21:14:12.6658847+00:00" endTime="2025-06-24T21:14:12.6660696+00:00" testType="13cdc9d9-ddb5-4fa4-a97d-d965ccfc6d4b" outcome="Passed" testListId="8c84fa94-04c1-424b-9868-57a2d4851a1d" relativeResultsDirectory="15fc7a28-7bbf-4b4b-9d03-dcaf185c8d5c" />
    <UnitTestResult executionId="4a631a9c-8644-43c0-9153-be23178364e1" testId="942a9c80-4af4-0c03-0952-5c17f4bb2d0a" testName="RoundTripWithJsonInterfaceUtf8ReaderNonGeneric(&quot;W&quot;)" computerName="pkrvmxyh4eaekms" duration="00:00:00.0014270" startTime="2025-06-24T21:14:06.4319249+00:00" endTime="2025-06-24T21:14:06.4333520+00:00" testType="13cdc9d9-ddb5-4fa4-a97d-d965ccfc6d4b" outcome="Passed" testListId="8c84fa94-04c1-424b-9868-57a2d4851a1d" relativeResultsDirectory="4a631a9c-8644-43c0-9153-be23178364e1" />
    <UnitTestResult executionId="5c1b4348-f69c-4aea-85b4-8626fda13c56" testId="773aea60-d004-01e3-c832-8f30ac2c1bda" testName="UnknownVariantJsonCreateCoreShouldReturnDeserializeBase" computerName="pkrvmxyh4eaekms" duration="00:00:00.0027460" startTime="2025-06-24T21:14:10.0367088+00:00" endTime="2025-06-24T21:14:10.0394547+00:00" testType="13cdc9d9-ddb5-4fa4-a97d-d965ccfc6d4b" outcome="Passed" testListId="8c84fa94-04c1-424b-9868-57a2d4851a1d" relativeResultsDirectory="5c1b4348-f69c-4aea-85b4-8626fda13c56" />
    <UnitTestResult executionId="5b5c12f0-43a2-48c5-a2aa-24d10bb60ce4" testId="e3f6b41b-723f-fe52-6ef5-10aa6556c371" testName="TestBuildAuthFields_SubClients_WithAuth(Microsoft.TypeSpec.Generator.Input.InputClient)" computerName="pkrvmxyh4eaekms" duration="00:00:00.0019280" startTime="2025-06-24T21:14:09.2261886+00:00" endTime="2025-06-24T21:14:09.2281162+00:00" testType="13cdc9d9-ddb5-4fa4-a97d-d965ccfc6d4b" outcome="Passed" testListId="8c84fa94-04c1-424b-9868-57a2d4851a1d" relativeResultsDirectory="5b5c12f0-43a2-48c5-a2aa-24d10bb60ce4" />
    <UnitTestResult executionId="82340abb-a8a4-4412-a01e-a5b2775a085e" testId="f8931a95-fbce-ccf9-7a95-09c5def45823" testName="ValidateClientWithAcceptHeader_NoValuesDefined" computerName="pkrvmxyh4eaekms" duration="00:00:00.0007660" startTime="2025-06-24T21:14:12.5592974+00:00" endTime="2025-06-24T21:14:12.5600636+00:00" testType="13cdc9d9-ddb5-4fa4-a97d-d965ccfc6d4b" outcome="Passed" testListId="8c84fa94-04c1-424b-9868-57a2d4851a1d" relativeResultsDirectory="82340abb-a8a4-4412-a01e-a5b2775a085e" />
    <UnitTestResult executionId="b7a493ca-c462-455a-befd-f5c0a9648760" testId="b0955da3-ce5b-b0b3-75ec-821ea063e503" testName="HeaderParameterOptionality(True,True)" computerName="pkrvmxyh4eaekms" duration="00:00:00.0006880" startTime="2025-06-24T21:14:12.5331853+00:00" endTime="2025-06-24T21:14:12.5338732+00:00" testType="13cdc9d9-ddb5-4fa4-a97d-d965ccfc6d4b" outcome="Passed" testListId="8c84fa94-04c1-424b-9868-57a2d4851a1d" relativeResultsDirectory="b7a493ca-c462-455a-befd-f5c0a9648760" />
    <UnitTestResult executionId="3b8b2edf-61bd-429a-8da2-c7c567dfc10f" testId="f6fc3775-d3b3-4886-bb37-6a98fedff849" testName="RoundTripWithJsonInterfaceNonGeneric(&quot;W&quot;)" computerName="pkrvmxyh4eaekms" duration="00:00:00.0007829" startTime="2025-06-24T21:14:06.1996745+00:00" endTime="2025-06-24T21:14:06.2004570+00:00" testType="13cdc9d9-ddb5-4fa4-a97d-d965ccfc6d4b" outcome="Passed" testListId="8c84fa94-04c1-424b-9868-57a2d4851a1d" relativeResultsDirectory="3b8b2edf-61bd-429a-8da2-c7c567dfc10f" />
    <UnitTestResult executionId="11a61199-c104-4045-888b-67d3cbd3fbf7" testId="7f38df01-f099-1660-e545-044ff82cd7c2" testName="ValidateConvertToString(&quot;D&quot;,05/04/2020 00:00:00 +00:00,&quot;2020-05-04&quot;)" computerName="pkrvmxyh4eaekms" duration="00:00:00.0000730" startTime="2025-06-24T21:14:12.6635912+00:00" endTime="2025-06-24T21:14:12.6636645+00:00" testType="13cdc9d9-ddb5-4fa4-a97d-d965ccfc6d4b" outcome="Passed" testListId="8c84fa94-04c1-424b-9868-57a2d4851a1d" relativeResultsDirectory="11a61199-c104-4045-888b-67d3cbd3fbf7" />
    <UnitTestResult executionId="6d2122c4-d33c-4179-abe5-2f6aa272aa12" testId="c3dcfb2e-c252-7a4f-72bf-fca051c3ff2f" testName="ContinuationTokenInBodyAsync" computerName="pkrvmxyh4eaekms" duration="00:00:00.0034790" startTime="2025-06-24T21:14:09.5979035+00:00" endTime="2025-06-24T21:14:09.6013824+00:00" testType="13cdc9d9-ddb5-4fa4-a97d-d965ccfc6d4b" outcome="Passed" testListId="8c84fa94-04c1-424b-9868-57a2d4851a1d" relativeResultsDirectory="6d2122c4-d33c-4179-abe5-2f6aa272aa12" />
    <UnitTestResult executionId="a79bc61e-da0b-4b5a-8aa5-5f919fdb3db0" testId="1f197d57-fb90-1daa-1029-19a0a18cfb63" testName="OptionalSnippet_IsDefined" computerName="pkrvmxyh4eaekms" duration="00:00:00.0001740" startTime="2025-06-24T21:14:12.6757261+00:00" endTime="2025-06-24T21:14:12.6759005+00:00" testType="13cdc9d9-ddb5-4fa4-a97d-d965ccfc6d4b" outcome="Passed" testListId="8c84fa94-04c1-424b-9868-57a2d4851a1d" relativeResultsDirectory="a79bc61e-da0b-4b5a-8aa5-5f919fdb3db0" />
    <UnitTestResult executionId="62c4170d-15b4-4d1b-b4d0-306128fabb7b" testId="16a111f5-0eb5-7e54-3f99-07defee92367" testName="TestReadOnlyPropertiesHaveWireCheck(True)" computerName="pkrvmxyh4eaekms" duration="00:00:00.0040190" startTime="2025-06-24T21:14:11.0575716+00:00" endTime="2025-06-24T21:14:11.0615903+00:00" testType="13cdc9d9-ddb5-4fa4-a97d-d965ccfc6d4b" outcome="Passed" testListId="8c84fa94-04c1-424b-9868-57a2d4851a1d" relativeResultsDirectory="62c4170d-15b4-4d1b-b4d0-306128fabb7b" />
    <UnitTestResult executionId="23e63421-d828-4531-8338-06aa68c6dfc8" testId="6eb251ea-cd01-f295-71ff-20db562d463d" testName="NextLinkInBodyOfTAsync" computerName="pkrvmxyh4eaekms" duration="00:00:00.0024430" startTime="2025-06-24T21:14:09.6459399+00:00" endTime="2025-06-24T21:14:09.6483830+00:00" testType="13cdc9d9-ddb5-4fa4-a97d-d965ccfc6d4b" outcome="Passed" testListId="8c84fa94-04c1-424b-9868-57a2d4851a1d" relativeResultsDirectory="23e63421-d828-4531-8338-06aa68c6dfc8" />
    <UnitTestResult executionId="d320f6b4-8b30-4db3-95a1-ec68aa1103ca" testId="4e1d9376-e8c2-5986-e921-3bdc0279cd2f" testName="FormatsDatesAsString(&quot;U&quot;,05/04/2020 03:02:01 +00:00,&quot;1588561321&quot;)" computerName="pkrvmxyh4eaekms" duration="00:00:00.0000260" startTime="2025-06-24T21:14:12.6583689+00:00" endTime="2025-06-24T21:14:12.6583948+00:00" testType="13cdc9d9-ddb5-4fa4-a97d-d965ccfc6d4b" outcome="Passed" testListId="8c84fa94-04c1-424b-9868-57a2d4851a1d" relativeResultsDirectory="d320f6b4-8b30-4db3-95a1-ec68aa1103ca" />
    <UnitTestResult executionId="3d9a7488-9423-4944-89fd-570453c57575" testId="d57e935f-56fe-04b0-88db-49c67d440c2e" testName="FormatsTimeSpanAsJson(&quot;P&quot;,1.02:59:59,&quot;P1DT2H59M59S&quot;)" computerName="pkrvmxyh4eaekms" duration="00:00:00.0009590" startTime="2025-06-24T21:14:12.6584957+00:00" endTime="2025-06-24T21:14:12.6594545+00:00" testType="13cdc9d9-ddb5-4fa4-a97d-d965ccfc6d4b" outcome="Passed" testListId="8c84fa94-04c1-424b-9868-57a2d4851a1d" relativeResultsDirectory="3d9a7488-9423-4944-89fd-570453c57575" />
    <UnitTestResult executionId="c558f204-a5d1-4484-a11e-11aff765ad58" testId="ad49a717-fe17-427d-0527-da76ac2858a3" testName="ResetThenAppendQueryThenAppendPath(&quot;http://localhost/&quot;,&quot;/some/&quot;,&quot;one|1&quot;,&quot;http://localhost/some/?one=1&quot;)" computerName="pkrvmxyh4eaekms" duration="00:00:00.0000800" startTime="2025-06-24T21:14:09.5701664+00:00" endTime="2025-06-24T21:14:09.5702467+00:00" testType="13cdc9d9-ddb5-4fa4-a97d-d965ccfc6d4b" outcome="Passed" testListId="8c84fa94-04c1-424b-9868-57a2d4851a1d" relativeResultsDirectory="c558f204-a5d1-4484-a11e-11aff765ad58" />
    <UnitTestResult executionId="5a3e12dd-ab1f-44da-a7ae-0c3e856d1fac" testId="2373c0bd-121c-20ca-d30b-76178bf4018a" testName="TestImplements" computerName="pkrvmxyh4eaekms" duration="00:00:00.0023210" startTime="2025-06-24T21:14:07.9876714+00:00" endTime="2025-06-24T21:14:07.9899925+00:00" testType="13cdc9d9-ddb5-4fa4-a97d-d965ccfc6d4b" outcome="Passed" testListId="8c84fa94-04c1-424b-9868-57a2d4851a1d" relativeResultsDirectory="5a3e12dd-ab1f-44da-a7ae-0c3e856d1fac" />
    <UnitTestResult executionId="52c34e7e-0676-4687-be42-aac95e30a607" testId="d82a3974-a1b3-5452-a547-6e33ca1a063c" testName="TestBuildAuthFields_WithSubClients_NoAuth(Microsoft.TypeSpec.Generator.Input.InputClient)" computerName="pkrvmxyh4eaekms" duration="00:00:00.0015820" startTime="2025-06-24T21:14:09.2681329+00:00" endTime="2025-06-24T21:14:09.2697149+00:00" testType="13cdc9d9-ddb5-4fa4-a97d-d965ccfc6d4b" outcome="Passed" testListId="8c84fa94-04c1-424b-9868-57a2d4851a1d" relativeResultsDirectory="52c34e7e-0676-4687-be42-aac95e30a607" />
    <UnitTestResult executionId="24a378d6-ab58-4ba7-a401-4c26914b5d2c" testId="b0cd1039-ea79-eaa1-e1c7-0398cf6051bb" testName="AppendQuery_DateTimeOffset(&quot;http://localhost&quot;,&quot;6/30/1905 1:14:00 PM +00:00&quot;,&quot;R&quot;,True,&quot;http://localhost/?query=Fri%2C 30 Jun 1905 13%3A14%3A00 GMT&quot;)" computerName="pkrvmxyh4eaekms" duration="00:00:00.0000820" startTime="2025-06-24T21:14:09.5543904+00:00" endTime="2025-06-24T21:14:09.5544720+00:00" testType="13cdc9d9-ddb5-4fa4-a97d-d965ccfc6d4b" outcome="Passed" testListId="8c84fa94-04c1-424b-9868-57a2d4851a1d" relativeResultsDirectory="24a378d6-ab58-4ba7-a401-4c26914b5d2c" />
    <UnitTestResult executionId="e9498e18-a4f3-4d85-8af6-e0b62569f173" testId="cf012cb4-e83d-1909-fc0f-f01c58e7a4d2" testName="TestGetClientOptions(True)" computerName="pkrvmxyh4eaekms" duration="00:00:00.0011760" startTime="2025-06-24T21:14:09.3446898+00:00" endTime="2025-06-24T21:14:09.3458653+00:00" testType="13cdc9d9-ddb5-4fa4-a97d-d965ccfc6d4b" outcome="Passed" testListId="8c84fa94-04c1-424b-9868-57a2d4851a1d" relativeResultsDirectory="e9498e18-a4f3-4d85-8af6-e0b62569f173" />
    <UnitTestResult executionId="6136ee5a-a12c-4b31-9d3f-6e90de2e9c10" testId="e1556102-bfa7-5198-dc89-44e3df8c3feb" testName="RoundTripWithJsonInterfaceOfT(&quot;W&quot;)" computerName="pkrvmxyh4eaekms" duration="00:00:00.0005670" startTime="2025-06-24T21:14:06.2479822+00:00" endTime="2025-06-24T21:14:06.2485496+00:00" testType="13cdc9d9-ddb5-4fa4-a97d-d965ccfc6d4b" outcome="Passed" testListId="8c84fa94-04c1-424b-9868-57a2d4851a1d" relativeResultsDirectory="6136ee5a-a12c-4b31-9d3f-6e90de2e9c10" />
    <UnitTestResult executionId="841a9df4-649c-4c55-bf74-53eecc21d80e" testId="a0c2347e-12cd-e97e-3411-c0b888e63434" testName="ValidateConvertToString(null,True,&quot;true&quot;)" computerName="pkrvmxyh4eaekms" duration="00:00:00.0000940" startTime="2025-06-24T21:14:12.6618923+00:00" endTime="2025-06-24T21:14:12.6619863+00:00" testType="13cdc9d9-ddb5-4fa4-a97d-d965ccfc6d4b" outcome="Passed" testListId="8c84fa94-04c1-424b-9868-57a2d4851a1d" relativeResultsDirectory="841a9df4-649c-4c55-bf74-53eecc21d80e" />
    <UnitTestResult executionId="7059ac80-85d8-4807-bebc-94e3ddc146b7" testId="955cd9c5-d10e-23d7-8d60-ef62fae1fbcc" testName="TestBuildFields(System.Collections.Generic.List`1[Microsoft.TypeSpec.Generator.Input.InputParameter],System.Collections.Generic.List`1[Microsoft.TypeSpec.Generator.ClientModel.Tests.Providers.ClientProviders.ClientProviderTests+ExpectedFieldProvider])" computerName="pkrvmxyh4eaekms" duration="00:00:00.0013080" startTime="2025-06-24T21:14:09.3350335+00:00" endTime="2025-06-24T21:14:09.3363409+00:00" testType="13cdc9d9-ddb5-4fa4-a97d-d965ccfc6d4b" outcome="Passed" testListId="8c84fa94-04c1-424b-9868-57a2d4851a1d" relativeResultsDirectory="7059ac80-85d8-4807-bebc-94e3ddc146b7" />
    <UnitTestResult executionId="e41a99d4-b25b-40e0-902f-443883a4b165" testId="109643b4-ea5c-ad45-126d-1b025f818c70" testName="ValidateConvertToString(null,3.14d,&quot;3.14&quot;)" computerName="pkrvmxyh4eaekms" duration="00:00:00.0000740" startTime="2025-06-24T21:14:12.6625593+00:00" endTime="2025-06-24T21:14:12.6626335+00:00" testType="13cdc9d9-ddb5-4fa4-a97d-d965ccfc6d4b" outcome="Passed" testListId="8c84fa94-04c1-424b-9868-57a2d4851a1d" relativeResultsDirectory="e41a99d4-b25b-40e0-902f-443883a4b165" />
    <UnitTestResult executionId="3e53bd8f-05a9-40ca-982b-4f5b27048a57" testId="5214fd19-6c98-5cdb-7ecb-b98174fa9d8e" testName="ListMethodWithEnumParameter(True,Body)" computerName="pkrvmxyh4eaekms" duration="00:00:00.0031480" startTime="2025-06-24T21:14:12.5946792+00:00" endTime="2025-06-24T21:14:12.5978275+00:00" testType="13cdc9d9-ddb5-4fa4-a97d-d965ccfc6d4b" outcome="Passed" testListId="8c84fa94-04c1-424b-9868-57a2d4851a1d" relativeResultsDirectory="3e53bd8f-05a9-40ca-982b-4f5b27048a57" />
    <UnitTestResult executionId="0d8c823a-c7da-469e-ba10-0b24dfac6d5f" testId="3e62d79a-8b08-3538-6f63-1356805c57c5" testName="AppendQuery_Int(&quot;http://localhost&quot;,299792458,True,&quot;http://localhost/?query=299792458&quot;)" computerName="pkrvmxyh4eaekms" duration="00:00:00.0003160" startTime="2025-06-24T21:14:09.5572258+00:00" endTime="2025-06-24T21:14:09.5575421+00:00" testType="13cdc9d9-ddb5-4fa4-a97d-d965ccfc6d4b" outcome="Passed" testListId="8c84fa94-04c1-424b-9868-57a2d4851a1d" relativeResultsDirectory="0d8c823a-c7da-469e-ba10-0b24dfac6d5f" />
    <UnitTestResult executionId="c5bf02c6-65d6-4fcb-874d-aa7b7fef567b" testId="71d82155-81ae-2027-d8cd-1453a0d28522" testName="ValidateBodyOfClientOperationIsOverridden" computerName="pkrvmxyh4eaekms" duration="00:00:00.0067160" startTime="2025-06-24T21:14:06.4933901+00:00" endTime="2025-06-24T21:14:06.5001057+00:00" testType="13cdc9d9-ddb5-4fa4-a97d-d965ccfc6d4b" outcome="Passed" testListId="8c84fa94-04c1-424b-9868-57a2d4851a1d" relativeResultsDirectory="c5bf02c6-65d6-4fcb-874d-aa7b7fef567b" />
    <UnitTestResult executionId="2cd127b3-2c26-402e-8957-3a29ca2bb5fa" testId="e7665736-9460-afaf-265e-f237f6e8192a" testName="CanChangeClientNamespace" computerName="pkrvmxyh4eaekms" duration="00:00:00.0701100" startTime="2025-06-24T21:14:09.4555924+00:00" endTime="2025-06-24T21:14:09.5257024+00:00" testType="13cdc9d9-ddb5-4fa4-a97d-d965ccfc6d4b" outcome="Passed" testListId="8c84fa94-04c1-424b-9868-57a2d4851a1d" relativeResultsDirectory="2cd127b3-2c26-402e-8957-3a29ca2bb5fa" />
    <UnitTestResult executionId="b6c14c1c-647b-49e1-8ed6-d82a612e5891" testId="03a1c178-bca2-901c-99a9-747e7f63e0f2" testName="PreVisitsMethods" computerName="pkrvmxyh4eaekms" duration="00:00:00.0975990" startTime="2025-06-24T21:14:06.0748073+00:00" endTime="2025-06-24T21:14:06.1724060+00:00" testType="13cdc9d9-ddb5-4fa4-a97d-d965ccfc6d4b" outcome="Passed" testListId="8c84fa94-04c1-424b-9868-57a2d4851a1d" relativeResultsDirectory="b6c14c1c-647b-49e1-8ed6-d82a612e5891" />
    <UnitTestResult executionId="03a11047-78a9-467a-a73f-98d16cb5ec1d" testId="054c26a0-9f69-9ce9-ce49-eb0ed2f1204f" testName="ValidateClientWithSpecialHeaders" computerName="pkrvmxyh4eaekms" duration="00:00:00.0005610" startTime="2025-06-24T21:14:12.5651462+00:00" endTime="2025-06-24T21:14:12.5657066+00:00" testType="13cdc9d9-ddb5-4fa4-a97d-d965ccfc6d4b" outcome="Passed" testListId="8c84fa94-04c1-424b-9868-57a2d4851a1d" relativeResultsDirectory="03a11047-78a9-467a-a73f-98d16cb5ec1d" />
    <UnitTestResult executionId="c060acc1-4d99-4495-bc15-84cad8e371dc" testId="e3f6b41b-723f-fe52-6ef5-10aa6556c371" testName="TestBuildAuthFields_SubClients_WithAuth(Microsoft.TypeSpec.Generator.Input.InputClient)" computerName="pkrvmxyh4eaekms" duration="00:00:00.0015540" startTime="2025-06-24T21:14:09.2363019+00:00" endTime="2025-06-24T21:14:09.2378556+00:00" testType="13cdc9d9-ddb5-4fa4-a97d-d965ccfc6d4b" outcome="Passed" testListId="8c84fa94-04c1-424b-9868-57a2d4851a1d" relativeResultsDirectory="c060acc1-4d99-4495-bc15-84cad8e371dc" />
    <UnitTestResult executionId="a1553f94-19e6-422d-8467-4e78dc7efc61" testId="dcd05550-3ea5-0bef-33f4-5a0952c6de2a" testName="RoundTripWithModelInterfaceNonGeneric(&quot;W&quot;)" computerName="pkrvmxyh4eaekms" duration="00:00:00.0005900" startTime="2025-06-24T21:14:06.2218380+00:00" endTime="2025-06-24T21:14:06.2224274+00:00" testType="13cdc9d9-ddb5-4fa4-a97d-d965ccfc6d4b" outcome="Passed" testListId="8c84fa94-04c1-424b-9868-57a2d4851a1d" relativeResultsDirectory="a1553f94-19e6-422d-8467-4e78dc7efc61" />
    <UnitTestResult executionId="181d4d22-b1df-4b05-813c-5caf6048e491" testId="68ec2804-61d2-a820-b0f7-db77ab5e677a" testName="ThrowsIfUnknownFormat" computerName="pkrvmxyh4eaekms" duration="00:00:00.0006410" startTime="2025-06-24T21:14:06.2568384+00:00" endTime="2025-06-24T21:14:06.2574790+00:00" testType="13cdc9d9-ddb5-4fa4-a97d-d965ccfc6d4b" outcome="Passed" testListId="8c84fa94-04c1-424b-9868-57a2d4851a1d" relativeResultsDirectory="181d4d22-b1df-4b05-813c-5caf6048e491" />
    <UnitTestResult executionId="2ce73820-e16f-4cdd-a83c-4a82e6947372" testId="eb73ec0d-ba85-a922-f1e4-560a64171ca9" testName="RoundTripWithJsonInterfaceUtf8Reader(&quot;J&quot;)" computerName="pkrvmxyh4eaekms" duration="00:00:00.0021570" startTime="2025-06-24T21:14:06.3663914+00:00" endTime="2025-06-24T21:14:06.3685481+00:00" testType="13cdc9d9-ddb5-4fa4-a97d-d965ccfc6d4b" outcome="Passed" testListId="8c84fa94-04c1-424b-9868-57a2d4851a1d" relativeResultsDirectory="2ce73820-e16f-4cdd-a83c-4a82e6947372" />
    <UnitTestResult executionId="ed3da340-c0be-4412-8393-0916a29df0cd" testId="a0e9667c-4b47-ec23-1abd-ea616525bf3f" testName="ValidateConvertToString(null,&quot;str&quot;,&quot;str&quot;)" computerName="pkrvmxyh4eaekms" duration="00:00:00.0002400" startTime="2025-06-24T21:14:12.6616386+00:00" endTime="2025-06-24T21:14:12.6618781+00:00" testType="13cdc9d9-ddb5-4fa4-a97d-d965ccfc6d4b" outcome="Passed" testListId="8c84fa94-04c1-424b-9868-57a2d4851a1d" relativeResultsDirectory="ed3da340-c0be-4412-8393-0916a29df0cd" />
    <UnitTestResult executionId="7aee540d-775f-4376-8f16-d959e20dfd66" testId="43f1300e-f020-7c17-c8a6-2b28700085f2" testName="CanCustomizeLiteralExtensibleEnum(Microsoft.TypeSpec.Generator.Input.InputLiteralType)" computerName="pkrvmxyh4eaekms" duration="00:00:00.0650600" startTime="2025-06-24T21:14:11.6828482+00:00" endTime="2025-06-24T21:14:11.7479080+00:00" testType="13cdc9d9-ddb5-4fa4-a97d-d965ccfc6d4b" outcome="Passed" testListId="8c84fa94-04c1-424b-9868-57a2d4851a1d" relativeResultsDirectory="7aee540d-775f-4376-8f16-d959e20dfd66" />
    <UnitTestResult executionId="54265e4d-1865-4575-b751-19cd9c004692" testId="f3c9bab4-3291-051a-77b7-1676b635bc87" testName="TestBuildDeserializationMethod(Microsoft.TypeSpec.Generator.Input.InputPrimitiveType,[&quot;float&quot;],[&quot;case global::System.Text.Json.JsonValueKind.Number:&quot;, &quot;if (prop.Value.TryGetSingle(out float floatValue))&quot;, &quot;additionalProperties.Add(prop.Name, floatValue);&quot;])" computerName="pkrvmxyh4eaekms" duration="00:00:00.0020960" startTime="2025-06-24T21:14:09.9514641+00:00" endTime="2025-06-24T21:14:09.9535604+00:00" testType="13cdc9d9-ddb5-4fa4-a97d-d965ccfc6d4b" outcome="Passed" testListId="8c84fa94-04c1-424b-9868-57a2d4851a1d" relativeResultsDirectory="54265e4d-1865-4575-b751-19cd9c004692" />
    <UnitTestResult executionId="9122a93c-618b-485b-b49c-24d5ec8eac85" testId="b5ea6fe4-9efa-e0e9-e374-141dade498fc" testName="RoundTripWithJsonInterfaceUtf8ReaderNonGeneric(&quot;J&quot;)" computerName="pkrvmxyh4eaekms" duration="00:00:00.0004620" startTime="2025-06-24T21:14:06.2502034+00:00" endTime="2025-06-24T21:14:06.2506648+00:00" testType="13cdc9d9-ddb5-4fa4-a97d-d965ccfc6d4b" outcome="Passed" testListId="8c84fa94-04c1-424b-9868-57a2d4851a1d" relativeResultsDirectory="9122a93c-618b-485b-b49c-24d5ec8eac85" />
    <UnitTestResult executionId="5cdb504d-5bd6-4a2f-affa-ba2e5692d170" testId="bf3da019-7f9d-af94-6f96-f8ea713b9cf6" testName="AppendPath_Float(&quot;http://localhost&quot;,-3.14f,True,&quot;http://localhost/-3.14&quot;)" computerName="pkrvmxyh4eaekms" duration="00:00:00.0000690" startTime="2025-06-24T21:14:09.5366359+00:00" endTime="2025-06-24T21:14:09.5367047+00:00" testType="13cdc9d9-ddb5-4fa4-a97d-d965ccfc6d4b" outcome="Passed" testListId="8c84fa94-04c1-424b-9868-57a2d4851a1d" relativeResultsDirectory="5cdb504d-5bd6-4a2f-affa-ba2e5692d170" />
    <UnitTestResult executionId="3c6e51fa-2400-494e-b81c-fc2e0dc5a3df" testId="407d0806-db6d-d0d8-dfd4-a56206ad652f" testName="ResetThenAppendQuery(&quot;http://localhost/&quot;,&quot;one|1|two|2&quot;,&quot;http://localhost/?one=1&amp;two=2&quot;)" computerName="pkrvmxyh4eaekms" duration="00:00:00.0000860" startTime="2025-06-24T21:14:09.5686191+00:00" endTime="2025-06-24T21:14:09.5687053+00:00" testType="13cdc9d9-ddb5-4fa4-a97d-d965ccfc6d4b" outcome="Passed" testListId="8c84fa94-04c1-424b-9868-57a2d4851a1d" relativeResultsDirectory="3c6e51fa-2400-494e-b81c-fc2e0dc5a3df" />
    <UnitTestResult executionId="d8b629ee-6062-4032-bee3-1d8a071c93b8" testId="8eb9f71f-bf66-6024-5997-cbb73e527f0b" testName="CanRenameSubClient" computerName="pkrvmxyh4eaekms" duration="00:00:00.0882970" startTime="2025-06-24T21:14:08.7841484+00:00" endTime="2025-06-24T21:14:08.8724447+00:00" testType="13cdc9d9-ddb5-4fa4-a97d-d965ccfc6d4b" outcome="Passed" testListId="8c84fa94-04c1-424b-9868-57a2d4851a1d" relativeResultsDirectory="d8b629ee-6062-4032-bee3-1d8a071c93b8" />
    <UnitTestResult executionId="c6b077a3-5c24-4b52-aca4-ca2a5babf5e9" testId="7bb6cf57-3b02-b6a7-9bfb-642a63859d02" testName="AppendPath_Double(&quot;http://localhost&quot;,-3.14d,False,&quot;http://localhost/-3.14&quot;)" computerName="pkrvmxyh4eaekms" duration="00:00:00.0000680" startTime="2025-06-24T21:14:09.5357310+00:00" endTime="2025-06-24T21:14:09.5357985+00:00" testType="13cdc9d9-ddb5-4fa4-a97d-d965ccfc6d4b" outcome="Passed" testListId="8c84fa94-04c1-424b-9868-57a2d4851a1d" relativeResultsDirectory="c6b077a3-5c24-4b52-aca4-ca2a5babf5e9" />
    <UnitTestResult executionId="cc05b73c-8cde-4712-8968-a65617faa0c3" testId="403cd832-7651-28cf-0576-a1670586cdfe" testName="AppendPath_Long(&quot;http://localhost&quot;,-299792458000000L,False,&quot;http://localhost/-299792458000000&quot;)" computerName="pkrvmxyh4eaekms" duration="00:00:00.0000460" startTime="2025-06-24T21:14:09.5394390+00:00" endTime="2025-06-24T21:14:09.5394848+00:00" testType="13cdc9d9-ddb5-4fa4-a97d-d965ccfc6d4b" outcome="Passed" testListId="8c84fa94-04c1-424b-9868-57a2d4851a1d" relativeResultsDirectory="cc05b73c-8cde-4712-8968-a65617faa0c3" />
    <UnitTestResult executionId="87f84109-0ef0-4f7e-8aab-c684627f800b" testId="e2eeac04-ff14-49db-523a-cfd79fc27b7f" testName="ResetThenAppendPathThenAppendQuery(&quot;http://localhost:12345&quot;,&quot;some/&quot;,&quot;one|1&quot;,&quot;http://localhost:12345/some/?one=1&quot;)" computerName="pkrvmxyh4eaekms" duration="00:00:00.0000640" startTime="2025-06-24T21:14:09.5660456+00:00" endTime="2025-06-24T21:14:09.5661097+00:00" testType="13cdc9d9-ddb5-4fa4-a97d-d965ccfc6d4b" outcome="Passed" testListId="8c84fa94-04c1-424b-9868-57a2d4851a1d" relativeResultsDirectory="87f84109-0ef0-4f7e-8aab-c684627f800b" />
    <UnitTestResult executionId="c199da63-b70a-4af7-b625-3572a3ffac2c" testId="0a677d75-35d4-f91c-9966-daafd696b221" testName="AppendQuery_Long(&quot;http://localhost&quot;,-299792458000000L,True,&quot;http://localhost/?query=-299792458000000&quot;)" computerName="pkrvmxyh4eaekms" duration="00:00:00.0000800" startTime="2025-06-24T21:14:09.5586008+00:00" endTime="2025-06-24T21:14:09.5586804+00:00" testType="13cdc9d9-ddb5-4fa4-a97d-d965ccfc6d4b" outcome="Passed" testListId="8c84fa94-04c1-424b-9868-57a2d4851a1d" relativeResultsDirectory="c199da63-b70a-4af7-b625-3572a3ffac2c" />
    <UnitTestResult executionId="d3cf89ef-d597-40da-98f9-ae6a584267f1" testId="78a6b582-b368-300f-7454-3b6c6e2452ac" testName="ValidateToEnumMethodsExtensible(Microsoft.TypeSpec.Generator.Input.InputEnumType)" computerName="pkrvmxyh4eaekms" duration="00:00:00.0001240" startTime="2025-06-24T21:14:09.7645255+00:00" endTime="2025-06-24T21:14:09.7646496+00:00" testType="13cdc9d9-ddb5-4fa4-a97d-d965ccfc6d4b" outcome="Passed" testListId="8c84fa94-04c1-424b-9868-57a2d4851a1d" relativeResultsDirectory="d3cf89ef-d597-40da-98f9-ae6a584267f1" />
    <UnitTestResult executionId="c7f9e4d6-224c-40e9-95cc-629d98b85a3d" testId="e68f0fb3-29fa-f4a6-5af8-0a4a2c152ae4" testName="AppendPath_TimeSpan(&quot;http://localhost&quot;,&quot;02:15:00&quot;,&quot;&quot;,False,&quot;http://localhost/02:15:00&quot;)" computerName="pkrvmxyh4eaekms" duration="00:00:00.0000540" startTime="2025-06-24T21:14:09.5408187+00:00" endTime="2025-06-24T21:14:09.5408722+00:00" testType="13cdc9d9-ddb5-4fa4-a97d-d965ccfc6d4b" outcome="Passed" testListId="8c84fa94-04c1-424b-9868-57a2d4851a1d" relativeResultsDirectory="c7f9e4d6-224c-40e9-95cc-629d98b85a3d" />
    <UnitTestResult executionId="55973044-ef4e-4e8a-9314-2f0efd13e96e" testId="c1ed43ba-2e5f-41f8-d7c9-dcdafdaccfcc" testName="TestBuildPersistableModelGetFormatMethod" computerName="pkrvmxyh4eaekms" duration="00:00:00.0022930" startTime="2025-06-24T21:14:11.0081899+00:00" endTime="2025-06-24T21:14:11.0104828+00:00" testType="13cdc9d9-ddb5-4fa4-a97d-d965ccfc6d4b" outcome="Passed" testListId="8c84fa94-04c1-424b-9868-57a2d4851a1d" relativeResultsDirectory="55973044-ef4e-4e8a-9314-2f0efd13e96e" />
    <UnitTestResult executionId="613d4dfd-b445-4965-8ae6-ebce56d2623c" testId="2315e0cb-ba4e-0315-4e33-7520d0de3d72" testName="ValidateClientWithAcceptHeader_ValueDefinedAsConstant" computerName="pkrvmxyh4eaekms" duration="00:00:00.0009050" startTime="2025-06-24T21:14:12.5600782+00:00" endTime="2025-06-24T21:14:12.5609834+00:00" testType="13cdc9d9-ddb5-4fa4-a97d-d965ccfc6d4b" outcome="Passed" testListId="8c84fa94-04c1-424b-9868-57a2d4851a1d" relativeResultsDirectory="613d4dfd-b445-4965-8ae6-ebce56d2623c" />
    <UnitTestResult executionId="a08f7314-c958-44c2-951c-57b4de7280f4" testId="7ff4f6fa-bb67-568f-9832-37c9203e56a4" testName="RoundTripWithJsonInterfaceUtf8ReaderNonGeneric(&quot;W&quot;)" computerName="pkrvmxyh4eaekms" duration="00:00:00.0010820" startTime="2025-06-24T21:14:06.4046409+00:00" endTime="2025-06-24T21:14:06.4057229+00:00" testType="13cdc9d9-ddb5-4fa4-a97d-d965ccfc6d4b" outcome="Passed" testListId="8c84fa94-04c1-424b-9868-57a2d4851a1d" relativeResultsDirectory="a08f7314-c958-44c2-951c-57b4de7280f4" />
    <UnitTestResult executionId="6d5be17d-c0fe-46b0-8e47-0fee212001be" testId="10412a26-d271-3a10-699f-0019dcc2c02f" testName="AppendPath_DateTimeOffset(&quot;http://localhost&quot;,&quot;6/30/1905 1:14:00 PM +00:00&quot;,&quot;R&quot;,False,&quot;http://localhost/Fri, 30 Jun 1905 13:14:00 GMT&quot;)" computerName="pkrvmxyh4eaekms" duration="00:00:00.0001000" startTime="2025-06-24T21:14:09.5346060+00:00" endTime="2025-06-24T21:14:09.5347058+00:00" testType="13cdc9d9-ddb5-4fa4-a97d-d965ccfc6d4b" outcome="Passed" testListId="8c84fa94-04c1-424b-9868-57a2d4851a1d" relativeResultsDirectory="6d5be17d-c0fe-46b0-8e47-0fee212001be" />
    <UnitTestResult executionId="4db1f01b-128d-4557-bd4e-d578306f1753" testId="6413317d-8023-7834-0423-a72d4532e473" testName="ValidateConvertToString(&quot;U&quot;,05/04/2020 03:02:01 +00:00,&quot;1588561321&quot;)" computerName="pkrvmxyh4eaekms" duration="00:00:00.0000720" startTime="2025-06-24T21:14:12.6636715+00:00" endTime="2025-06-24T21:14:12.6637438+00:00" testType="13cdc9d9-ddb5-4fa4-a97d-d965ccfc6d4b" outcome="Passed" testListId="8c84fa94-04c1-424b-9868-57a2d4851a1d" relativeResultsDirectory="4db1f01b-128d-4557-bd4e-d578306f1753" />
    <UnitTestResult executionId="8054153c-14ee-42a3-9bc5-235ebad47ffa" testId="b958a41f-27f6-e471-1bf7-24003919c637" testName="TestIntSerializationStatement(SafeInt,null)" computerName="pkrvmxyh4eaekms" duration="00:00:00.0014280" startTime="2025-06-24T21:14:11.0451759+00:00" endTime="2025-06-24T21:14:11.0466034+00:00" testType="13cdc9d9-ddb5-4fa4-a97d-d965ccfc6d4b" outcome="Passed" testListId="8c84fa94-04c1-424b-9868-57a2d4851a1d" relativeResultsDirectory="8054153c-14ee-42a3-9bc5-235ebad47ffa" />
    <UnitTestResult executionId="7e7777ec-0c82-4e4b-8480-8fc069368acc" testId="4c3b5503-f5e3-d0cf-7dea-df6a38426cca" testName="ContinuationTokenInBodyOfT" computerName="pkrvmxyh4eaekms" duration="00:00:00.0045490" startTime="2025-06-24T21:14:09.6014141+00:00" endTime="2025-06-24T21:14:09.6059627+00:00" testType="13cdc9d9-ddb5-4fa4-a97d-d965ccfc6d4b" outcome="Passed" testListId="8c84fa94-04c1-424b-9868-57a2d4851a1d" relativeResultsDirectory="7e7777ec-0c82-4e4b-8480-8fc069368acc" />
    <UnitTestResult executionId="88ad6cc2-b377-4519-8b64-63a3a4b7a275" testId="3e51833d-f117-3a73-25e0-3ddbb4fb98e4" testName="TestBuildAuthFields_NoAuth(System.Collections.Generic.List`1[Microsoft.TypeSpec.Generator.Input.InputParameter])" computerName="pkrvmxyh4eaekms" duration="00:00:00.0019719" startTime="2025-06-24T21:14:09.2115094+00:00" endTime="2025-06-24T21:14:09.2134814+00:00" testType="13cdc9d9-ddb5-4fa4-a97d-d965ccfc6d4b" outcome="Passed" testListId="8c84fa94-04c1-424b-9868-57a2d4851a1d" relativeResultsDirectory="88ad6cc2-b377-4519-8b64-63a3a4b7a275" />
    <UnitTestResult executionId="f507d057-c632-4c7b-9659-7efa1242dd17" testId="21ccde52-84ff-b13b-7878-c18063ef33a0" testName="AppendPath_Float(&quot;http://localhost&quot;,-3.14f,False,&quot;http://localhost/-3.14&quot;)" computerName="pkrvmxyh4eaekms" duration="00:00:00.0000590" startTime="2025-06-24T21:14:09.5367201+00:00" endTime="2025-06-24T21:14:09.5367788+00:00" testType="13cdc9d9-ddb5-4fa4-a97d-d965ccfc6d4b" outcome="Passed" testListId="8c84fa94-04c1-424b-9868-57a2d4851a1d" relativeResultsDirectory="f507d057-c632-4c7b-9659-7efa1242dd17" />
    <UnitTestResult executionId="b9d57e70-c9ce-4d26-b0c8-9f78e1b66d28" testId="d31df667-e086-86d8-6c74-e0530cd9f34a" testName="ValidateConvertToString(null,False,&quot;false&quot;)" computerName="pkrvmxyh4eaekms" duration="00:00:00.0000740" startTime="2025-06-24T21:14:12.6619955+00:00" endTime="2025-06-24T21:14:12.6620698+00:00" testType="13cdc9d9-ddb5-4fa4-a97d-d965ccfc6d4b" outcome="Passed" testListId="8c84fa94-04c1-424b-9868-57a2d4851a1d" relativeResultsDirectory="b9d57e70-c9ce-4d26-b0c8-9f78e1b66d28" />
    <UnitTestResult executionId="6d80d3ed-20e4-4265-ae43-2d38c4b1aa98" testId="0cc38451-e146-8497-4cd5-53044a86f598" testName="ThrowsIfWireIsNotJson" computerName="pkrvmxyh4eaekms" duration="00:00:00.0001700" startTime="2025-06-24T21:14:06.4202085+00:00" endTime="2025-06-24T21:14:06.4203788+00:00" testType="13cdc9d9-ddb5-4fa4-a97d-d965ccfc6d4b" outcome="Passed" testListId="8c84fa94-04c1-424b-9868-57a2d4851a1d" relativeResultsDirectory="6d80d3ed-20e4-4265-ae43-2d38c4b1aa98" />
    <UnitTestResult executionId="c9a1cada-3768-4fa4-86d5-b5feb83ce838" testId="2db2b971-3e51-d05c-5cc4-2946c56148cc" testName="ResetThenAppendPath(&quot;http://localhost/with/&quot;,&quot;path&quot;,&quot;http://localhost/with/path&quot;)" computerName="pkrvmxyh4eaekms" duration="00:00:00.0000920" startTime="2025-06-24T21:14:09.5631444+00:00" endTime="2025-06-24T21:14:09.5632364+00:00" testType="13cdc9d9-ddb5-4fa4-a97d-d965ccfc6d4b" outcome="Passed" testListId="8c84fa94-04c1-424b-9868-57a2d4851a1d" relativeResultsDirectory="c9a1cada-3768-4fa4-86d5-b5feb83ce838" />
    <UnitTestResult executionId="53cc6d6a-33b5-4730-b4b5-8d8c127441de" testId="94947477-732a-e560-5f54-22bdde23417b" testName="AppendQuery_TimeSpan(&quot;http://localhost&quot;,&quot;02:15:00&quot;,&quot;&quot;,True,&quot;http://localhost/?query=02%3A15%3A00&quot;)" computerName="pkrvmxyh4eaekms" duration="00:00:00.0003110" startTime="2025-06-24T21:14:09.5592806+00:00" endTime="2025-06-24T21:14:09.5595917+00:00" testType="13cdc9d9-ddb5-4fa4-a97d-d965ccfc6d4b" outcome="Passed" testListId="8c84fa94-04c1-424b-9868-57a2d4851a1d" relativeResultsDirectory="53cc6d6a-33b5-4730-b4b5-8d8c127441de" />
    <UnitTestResult executionId="c0bcefd7-ce1e-463a-98e6-52c73490d9b9" testId="d5bf2cba-f614-6dc7-c8b0-5dc8f1b0688a" testName="RoundTripWithJsonInterfaceNonGeneric(&quot;J&quot;)" computerName="pkrvmxyh4eaekms" duration="00:00:00.0235100" startTime="2025-06-24T21:14:06.1761115+00:00" endTime="2025-06-24T21:14:06.1996208+00:00" testType="13cdc9d9-ddb5-4fa4-a97d-d965ccfc6d4b" outcome="Passed" testListId="8c84fa94-04c1-424b-9868-57a2d4851a1d" relativeResultsDirectory="c0bcefd7-ce1e-463a-98e6-52c73490d9b9" />
    <UnitTestResult executionId="c25a5ece-7658-465e-9668-a0c12dd30c5c" testId="87d61092-b49e-e6da-181a-7f8834a22795" testName="AppendPath_DateTimeOffset(&quot;http://localhost&quot;,&quot;6/30/1905 1:14:00 PM +00:00&quot;,&quot;O&quot;,False,&quot;http://localhost/1905-06-30T13:14:00.0000000Z&quot;)" computerName="pkrvmxyh4eaekms" duration="00:00:00.0001070" startTime="2025-06-24T21:14:09.5343701+00:00" endTime="2025-06-24T21:14:09.5344771+00:00" testType="13cdc9d9-ddb5-4fa4-a97d-d965ccfc6d4b" outcome="Passed" testListId="8c84fa94-04c1-424b-9868-57a2d4851a1d" relativeResultsDirectory="c25a5ece-7658-465e-9668-a0c12dd30c5c" />
    <UnitTestResult executionId="a7e55757-6d88-466e-b75e-e31ccc2e6267" testId="b4e9abf5-dcce-a867-f0a1-16b9bce1e33c" testName="FormatsDatesAsJson(&quot;R&quot;,05/04/2020 03:02:01 +00:00,&quot;Mon, 04 May 2020 03:02:01 GMT&quot;)" computerName="pkrvmxyh4eaekms" duration="00:00:00.0000760" startTime="2025-06-24T21:14:12.6575857+00:00" endTime="2025-06-24T21:14:12.6576612+00:00" testType="13cdc9d9-ddb5-4fa4-a97d-d965ccfc6d4b" outcome="Passed" testListId="8c84fa94-04c1-424b-9868-57a2d4851a1d" relativeResultsDirectory="a7e55757-6d88-466e-b75e-e31ccc2e6267" />
    <UnitTestResult executionId="6c5235b6-8eaa-4435-8db7-3547d3886043" testId="e0e7ed78-91d2-9712-eb9e-f812f7d4f81d" testName="AppendPath_TimeSpan(&quot;http://localhost&quot;,&quot;02:15:00&quot;,null,False,&quot;http://localhost/PT2H15M&quot;)" computerName="pkrvmxyh4eaekms" duration="00:00:00.0000520" startTime="2025-06-24T21:14:09.5408821+00:00" endTime="2025-06-24T21:14:09.5409345+00:00" testType="13cdc9d9-ddb5-4fa4-a97d-d965ccfc6d4b" outcome="Passed" testListId="8c84fa94-04c1-424b-9868-57a2d4851a1d" relativeResultsDirectory="6c5235b6-8eaa-4435-8db7-3547d3886043" />
    <UnitTestResult executionId="7e86163a-7d1d-4bd6-96db-7b7f1f7398a5" testId="32df4f6c-fe9a-a853-f5ff-57a18ccb77b2" testName="ContinuationTokenInHeaderAsync" computerName="pkrvmxyh4eaekms" duration="00:00:00.0025410" startTime="2025-06-24T21:14:09.6128224+00:00" endTime="2025-06-24T21:14:09.6153632+00:00" testType="13cdc9d9-ddb5-4fa4-a97d-d965ccfc6d4b" outcome="Passed" testListId="8c84fa94-04c1-424b-9868-57a2d4851a1d" relativeResultsDirectory="7e86163a-7d1d-4bd6-96db-7b7f1f7398a5" />
    <UnitTestResult executionId="b54c7eaa-6590-4a0a-ba95-30626b6c3368" testId="34da232f-142c-49ff-a3dc-cd997cc4269f" testName="ResetThenAppendQuery(&quot;http://localhost/&quot;,&quot;one|1&quot;,&quot;http://localhost/?one=1&quot;)" computerName="pkrvmxyh4eaekms" duration="00:00:00.0000840" startTime="2025-06-24T21:14:09.5677859+00:00" endTime="2025-06-24T21:14:09.5678701+00:00" testType="13cdc9d9-ddb5-4fa4-a97d-d965ccfc6d4b" outcome="Passed" testListId="8c84fa94-04c1-424b-9868-57a2d4851a1d" relativeResultsDirectory="b54c7eaa-6590-4a0a-ba95-30626b6c3368" />
    <UnitTestResult executionId="52ab4382-8005-4cd6-bd2d-72f91d9e82fe" testId="e977acff-c5d7-bca3-f3c9-af0a1964bc45" testName="ResetThenAppendPath(&quot;http://localhost:12345/with&quot;,&quot;path&quot;,&quot;http://localhost:12345/withpath&quot;)" computerName="pkrvmxyh4eaekms" duration="00:00:00.0001940" startTime="2025-06-24T21:14:09.5632451+00:00" endTime="2025-06-24T21:14:09.5634394+00:00" testType="13cdc9d9-ddb5-4fa4-a97d-d965ccfc6d4b" outcome="Passed" testListId="8c84fa94-04c1-424b-9868-57a2d4851a1d" relativeResultsDirectory="52ab4382-8005-4cd6-bd2d-72f91d9e82fe" />
    <UnitTestResult executionId="a5647cc9-5a80-48d6-99cc-b58f022a1af1" testId="abf6c339-b908-439d-1fc1-47a1df3c26c9" testName="AppendPath_Double(&quot;http://localhost&quot;,3.14d,True,&quot;http://localhost/3.14&quot;)" computerName="pkrvmxyh4eaekms" duration="00:00:00.0004280" startTime="2025-06-24T21:14:09.5347522+00:00" endTime="2025-06-24T21:14:09.5351796+00:00" testType="13cdc9d9-ddb5-4fa4-a97d-d965ccfc6d4b" outcome="Passed" testListId="8c84fa94-04c1-424b-9868-57a2d4851a1d" relativeResultsDirectory="a5647cc9-5a80-48d6-99cc-b58f022a1af1" />
    <UnitTestResult executionId="ec8bac39-44f3-47cf-a7a9-593ec487978f" testId="2656410e-7f45-70a7-fdf7-f36a93564a60" testName="TestBuildJsonModelWriteCore(Microsoft.TypeSpec.Generator.Input.InputPrimitiveType)" computerName="pkrvmxyh4eaekms" duration="00:00:00.0014050" startTime="2025-06-24T21:14:09.9776362+00:00" endTime="2025-06-24T21:14:09.9790416+00:00" testType="13cdc9d9-ddb5-4fa4-a97d-d965ccfc6d4b" outcome="Passed" testListId="8c84fa94-04c1-424b-9868-57a2d4851a1d" relativeResultsDirectory="ec8bac39-44f3-47cf-a7a9-593ec487978f" />
    <UnitTestResult executionId="879f17d9-8a58-4748-be0d-fcf93a871fa7" testId="dec96545-7b70-bd7d-1c36-430957762403" testName="TestBuildImplements" computerName="pkrvmxyh4eaekms" duration="00:00:00.0017280" startTime="2025-06-24T21:14:10.9790364+00:00" endTime="2025-06-24T21:14:10.9807641+00:00" testType="13cdc9d9-ddb5-4fa4-a97d-d965ccfc6d4b" outcome="Passed" testListId="8c84fa94-04c1-424b-9868-57a2d4851a1d" relativeResultsDirectory="879f17d9-8a58-4748-be0d-fcf93a871fa7" />
    <UnitTestResult executionId="20cca393-718d-4577-aae4-f1a5c21a52ef" testId="2be290df-7d92-5723-935e-13156fa041e9" testName="TestBuildConstructors_PrimaryConstructor(System.Collections.Generic.List`1[Microsoft.TypeSpec.Generator.Input.InputParameter])" computerName="pkrvmxyh4eaekms" duration="00:00:00.0014800" startTime="2025-06-24T21:14:09.3172892+00:00" endTime="2025-06-24T21:14:09.3187688+00:00" testType="13cdc9d9-ddb5-4fa4-a97d-d965ccfc6d4b" outcome="Passed" testListId="8c84fa94-04c1-424b-9868-57a2d4851a1d" relativeResultsDirectory="20cca393-718d-4577-aae4-f1a5c21a52ef" />
    <UnitTestResult executionId="a1a34ddb-5c9b-4ac3-9c3f-a0c8b3627f21" testId="faa5573b-343f-0522-2b3d-8e3745b6c8ae" testName="RoundTripWithJsonInterfaceUtf8Reader(&quot;W&quot;)" computerName="pkrvmxyh4eaekms" duration="00:00:00.0005050" startTime="2025-06-24T21:14:06.2496504+00:00" endTime="2025-06-24T21:14:06.2501555+00:00" testType="13cdc9d9-ddb5-4fa4-a97d-d965ccfc6d4b" outcome="Passed" testListId="8c84fa94-04c1-424b-9868-57a2d4851a1d" relativeResultsDirectory="a1a34ddb-5c9b-4ac3-9c3f-a0c8b3627f21" />
    <UnitTestResult executionId="025ac708-5c02-478b-873e-18641f101f5d" testId="75c5c21e-f746-4e6e-81df-fc94bf156b92" testName="ValidateConvertToString(&quot;O&quot;,05/04/2020 03:02:01 +01:00,&quot;2020-05-04T02:02:01.1230000Z&quot;)" computerName="pkrvmxyh4eaekms" duration="00:00:00.0000760" startTime="2025-06-24T21:14:12.6632094+00:00" endTime="2025-06-24T21:14:12.6632852+00:00" testType="13cdc9d9-ddb5-4fa4-a97d-d965ccfc6d4b" outcome="Passed" testListId="8c84fa94-04c1-424b-9868-57a2d4851a1d" relativeResultsDirectory="025ac708-5c02-478b-873e-18641f101f5d" />
    <UnitTestResult executionId="9de73802-6017-46ba-946f-437beb4ba1f8" testId="b83054a9-6d1f-b3f4-cf8b-0d733b097e9b" testName="TestIntDeserializeExpression(System.Byte,Int_String)" computerName="pkrvmxyh4eaekms" duration="00:00:00.0001940" startTime="2025-06-24T21:14:11.0366227+00:00" endTime="2025-06-24T21:14:11.0368169+00:00" testType="13cdc9d9-ddb5-4fa4-a97d-d965ccfc6d4b" outcome="Passed" testListId="8c84fa94-04c1-424b-9868-57a2d4851a1d" relativeResultsDirectory="9de73802-6017-46ba-946f-437beb4ba1f8" />
    <UnitTestResult executionId="b8d5c37b-629a-429a-af22-8cde2fa437d5" testId="f2d9e943-a7b0-5d4d-e069-287247218fd9" testName="NextLinkInHeaderOfTAsync" computerName="pkrvmxyh4eaekms" duration="00:00:00.0028110" startTime="2025-06-24T21:14:09.6559736+00:00" endTime="2025-06-24T21:14:09.6587848+00:00" testType="13cdc9d9-ddb5-4fa4-a97d-d965ccfc6d4b" outcome="Passed" testListId="8c84fa94-04c1-424b-9868-57a2d4851a1d" relativeResultsDirectory="b8d5c37b-629a-429a-af22-8cde2fa437d5" />
    <UnitTestResult executionId="4d9dd4d8-8b9e-4e3a-b6a1-8d65d6cf36f5" testId="0b1c2648-88af-4fbe-ba80-ea65bae2d4b0" testName="RequestOptionsIsOptionalWhenNoConvenience" computerName="pkrvmxyh4eaekms" duration="00:00:00.0017540" startTime="2025-06-24T21:14:12.6425438+00:00" endTime="2025-06-24T21:14:12.6442981+00:00" testType="13cdc9d9-ddb5-4fa4-a97d-d965ccfc6d4b" outcome="Passed" testListId="8c84fa94-04c1-424b-9868-57a2d4851a1d" relativeResultsDirectory="4d9dd4d8-8b9e-4e3a-b6a1-8d65d6cf36f5" />
    <UnitTestResult executionId="966fa481-67b9-4336-b265-c21166645f46" testId="0a2cac4d-2fc6-eca4-917c-3476ebc50ff5" testName="TestIntSerializationStatement(Int64,null)" computerName="pkrvmxyh4eaekms" duration="00:00:00.0012580" startTime="2025-06-24T21:14:11.0536139+00:00" endTime="2025-06-24T21:14:11.0548716+00:00" testType="13cdc9d9-ddb5-4fa4-a97d-d965ccfc6d4b" outcome="Passed" testListId="8c84fa94-04c1-424b-9868-57a2d4851a1d" relativeResultsDirectory="966fa481-67b9-4336-b265-c21166645f46" />
    <UnitTestResult executionId="7901a30f-caf0-41ed-85a3-69aff59d5e4f" testId="6d706680-b45d-6f73-58a0-c603a7578b64" testName="RoundTripWithModelInterface(&quot;W&quot;)" computerName="pkrvmxyh4eaekms" duration="00:00:00.0037270" startTime="2025-06-24T21:14:06.4088044+00:00" endTime="2025-06-24T21:14:06.4125314+00:00" testType="13cdc9d9-ddb5-4fa4-a97d-d965ccfc6d4b" outcome="Passed" testListId="8c84fa94-04c1-424b-9868-57a2d4851a1d" relativeResultsDirectory="7901a30f-caf0-41ed-85a3-69aff59d5e4f" />
    <UnitTestResult executionId="15fa0d2d-12cc-4262-8fb2-aef249312c06" testId="65ec0d1d-04b9-67af-7168-6d5dc4287ecb" testName="RoundTripWithJsonInterfaceNonGeneric(&quot;J&quot;)" computerName="pkrvmxyh4eaekms" duration="00:00:00.0036910" startTime="2025-06-24T21:14:06.3938868+00:00" endTime="2025-06-24T21:14:06.3975772+00:00" testType="13cdc9d9-ddb5-4fa4-a97d-d965ccfc6d4b" outcome="Passed" testListId="8c84fa94-04c1-424b-9868-57a2d4851a1d" relativeResultsDirectory="15fa0d2d-12cc-4262-8fb2-aef249312c06" />
    <UnitTestResult executionId="99e49f4a-673b-44ca-b1e6-d59bfcc0ab34" testId="2656410e-7f45-70a7-fdf7-f36a93564a60" testName="TestBuildJsonModelWriteCore(Microsoft.TypeSpec.Generator.Input.InputPrimitiveType)" computerName="pkrvmxyh4eaekms" duration="00:00:00.0190970" startTime="2025-06-24T21:14:09.9566632+00:00" endTime="2025-06-24T21:14:09.9757595+00:00" testType="13cdc9d9-ddb5-4fa4-a97d-d965ccfc6d4b" outcome="Passed" testListId="8c84fa94-04c1-424b-9868-57a2d4851a1d" relativeResultsDirectory="99e49f4a-673b-44ca-b1e6-d59bfcc0ab34" />
    <UnitTestResult executionId="7706d122-33ac-4512-a605-12786c824eab" testId="f74fbe00-0c7a-711f-33e0-1688ffdc8c23" testName="TestBuildAuthFields_WithSubClients_WithAuth(Microsoft.TypeSpec.Generator.Input.InputClient)" computerName="pkrvmxyh4eaekms" duration="00:00:00.0018630" startTime="2025-06-24T21:14:09.2719729+00:00" endTime="2025-06-24T21:14:09.2738358+00:00" testType="13cdc9d9-ddb5-4fa4-a97d-d965ccfc6d4b" outcome="Passed" testListId="8c84fa94-04c1-424b-9868-57a2d4851a1d" relativeResultsDirectory="7706d122-33ac-4512-a605-12786c824eab" />
    <UnitTestResult executionId="26824418-c2e4-4ddd-aed1-ccdcc791719b" testId="2e7b08ab-c8fd-c1df-cb2f-8157e0c92849" testName="RoundTripWithModelReaderWriter(&quot;J&quot;)" computerName="pkrvmxyh4eaekms" duration="00:00:00.0009910" startTime="2025-06-24T21:14:06.4380472+00:00" endTime="2025-06-24T21:14:06.4390381+00:00" testType="13cdc9d9-ddb5-4fa4-a97d-d965ccfc6d4b" outcome="Passed" testListId="8c84fa94-04c1-424b-9868-57a2d4851a1d" relativeResultsDirectory="26824418-c2e4-4ddd-aed1-ccdcc791719b" />
    <UnitTestResult executionId="87e3077a-c621-4c41-b3c9-2514e11f7bf9" testId="5765d5cd-881c-0ebb-7c0e-e21a8ed03f0a" testName="ResetThenAppendPath(&quot;http://localhost:12345&quot;,null,&quot;http://localhost:12345/&quot;)" computerName="pkrvmxyh4eaekms" duration="00:00:00.0001930" startTime="2025-06-24T21:14:09.5618282+00:00" endTime="2025-06-24T21:14:09.5620208+00:00" testType="13cdc9d9-ddb5-4fa4-a97d-d965ccfc6d4b" outcome="Passed" testListId="8c84fa94-04c1-424b-9868-57a2d4851a1d" relativeResultsDirectory="87e3077a-c621-4c41-b3c9-2514e11f7bf9" />
    <UnitTestResult executionId="2d530a29-5a12-45b2-b8a3-b4d2154838df" testId="2be290df-7d92-5723-935e-13156fa041e9" testName="TestBuildConstructors_PrimaryConstructor(System.Collections.Generic.List`1[Microsoft.TypeSpec.Generator.Input.InputParameter])" computerName="pkrvmxyh4eaekms" duration="00:00:00.0013350" startTime="2025-06-24T21:14:09.3159390+00:00" endTime="2025-06-24T21:14:09.3172738+00:00" testType="13cdc9d9-ddb5-4fa4-a97d-d965ccfc6d4b" outcome="Passed" testListId="8c84fa94-04c1-424b-9868-57a2d4851a1d" relativeResultsDirectory="2d530a29-5a12-45b2-b8a3-b4d2154838df" />
    <UnitTestResult executionId="011b77af-f54d-4c90-98bd-7471c8e59197" testId="4164d3af-b848-0f65-ba37-42bad46ec49f" testName="MultipartOperationShouldHaveContentTypeParam" computerName="pkrvmxyh4eaekms" duration="00:00:00.0022300" startTime="2025-06-24T21:14:09.4531906+00:00" endTime="2025-06-24T21:14:09.4554200+00:00" testType="13cdc9d9-ddb5-4fa4-a97d-d965ccfc6d4b" outcome="Passed" testListId="8c84fa94-04c1-424b-9868-57a2d4851a1d" relativeResultsDirectory="011b77af-f54d-4c90-98bd-7471c8e59197" />
    <UnitTestResult executionId="5e3ac00a-c7db-44bf-9c6e-396059a16bf3" testId="34bfcbdb-a9fe-5904-aaae-9b92562a47e4" testName="TestBuildCreateRequestMethodWithPaging(False)" computerName="pkrvmxyh4eaekms" duration="00:00:00.0011010" startTime="2025-06-24T21:14:12.5388338+00:00" endTime="2025-06-24T21:14:12.5399342+00:00" testType="13cdc9d9-ddb5-4fa4-a97d-d965ccfc6d4b" outcome="Passed" testListId="8c84fa94-04c1-424b-9868-57a2d4851a1d" relativeResultsDirectory="5e3ac00a-c7db-44bf-9c6e-396059a16bf3" />
    <UnitTestResult executionId="73616a26-9728-4aba-be23-83c02ed8d564" testId="f6efac3f-f379-a2b9-46b2-570f71626f9f" testName="TestDeserializationStatement(Microsoft.TypeSpec.Generator.Input.InputModelProperty,True,True)" computerName="pkrvmxyh4eaekms" duration="00:00:00.0009850" startTime="2025-06-24T21:14:09.9934447+00:00" endTime="2025-06-24T21:14:09.9944297+00:00" testType="13cdc9d9-ddb5-4fa4-a97d-d965ccfc6d4b" outcome="Passed" testListId="8c84fa94-04c1-424b-9868-57a2d4851a1d" relativeResultsDirectory="73616a26-9728-4aba-be23-83c02ed8d564" />
    <UnitTestResult executionId="75de20bf-19a3-4448-8dd8-bc4e22252042" testId="6799c615-984b-d393-61e7-01b94eabeafa" testName="AppendQuery_TimeSpan(&quot;http://localhost&quot;,&quot;02:15:00&quot;,&quot;&quot;,False,&quot;http://localhost/?query=02:15:00&quot;)" computerName="pkrvmxyh4eaekms" duration="00:00:00.0000520" startTime="2025-06-24T21:14:09.5597505+00:00" endTime="2025-06-24T21:14:09.5598026+00:00" testType="13cdc9d9-ddb5-4fa4-a97d-d965ccfc6d4b" outcome="Passed" testListId="8c84fa94-04c1-424b-9868-57a2d4851a1d" relativeResultsDirectory="75de20bf-19a3-4448-8dd8-bc4e22252042" />
    <UnitTestResult executionId="223f9352-3c6a-4510-8bfc-18982cb45a67" testId="df03d1d3-c520-593a-530a-22acdf388c84" testName="ResetThenAppendQueryThenAppendPath(&quot;http://localhost:12345&quot;,&quot;/some&quot;,&quot;one|1&quot;,&quot;http://localhost:12345/some?one=1&quot;)" computerName="pkrvmxyh4eaekms" duration="00:00:00.0000820" startTime="2025-06-24T21:14:09.5700679+00:00" endTime="2025-06-24T21:14:09.5701499+00:00" testType="13cdc9d9-ddb5-4fa4-a97d-d965ccfc6d4b" outcome="Passed" testListId="8c84fa94-04c1-424b-9868-57a2d4851a1d" relativeResultsDirectory="223f9352-3c6a-4510-8bfc-18982cb45a67" />
    <UnitTestResult executionId="4aecf350-20de-435b-aecd-8c221b0c07f4" testId="c8fc9c05-b337-f71c-e51f-ac57c6c487d9" testName="TestBuildPersistableModelCreateCoreMethod(True)" computerName="pkrvmxyh4eaekms" duration="00:00:00.0022060" startTime="2025-06-24T21:14:10.9989739+00:00" endTime="2025-06-24T21:14:11.0011795+00:00" testType="13cdc9d9-ddb5-4fa4-a97d-d965ccfc6d4b" outcome="Passed" testListId="8c84fa94-04c1-424b-9868-57a2d4851a1d" relativeResultsDirectory="4aecf350-20de-435b-aecd-8c221b0c07f4" />
    <UnitTestResult executionId="3c32267a-830c-4112-b6ef-3e21455b3351" testId="7c3720c5-94a3-4796-f141-9da3b939ea0f" testName="RoundTripWithModelReaderWriterNonGeneric(&quot;J&quot;)" computerName="pkrvmxyh4eaekms" duration="00:00:00.0014960" startTime="2025-06-24T21:14:06.2274026+00:00" endTime="2025-06-24T21:14:06.2288982+00:00" testType="13cdc9d9-ddb5-4fa4-a97d-d965ccfc6d4b" outcome="Passed" testListId="8c84fa94-04c1-424b-9868-57a2d4851a1d" relativeResultsDirectory="3c32267a-830c-4112-b6ef-3e21455b3351" />
    <UnitTestResult executionId="65a18611-76d6-4824-958c-127ba2b6cd16" testId="48fd316c-30a1-09ce-b3db-3f8f54806915" testName="RoundTripWithModelReaderWriterNonGeneric(&quot;J&quot;)" computerName="pkrvmxyh4eaekms" duration="00:00:00.0011120" startTime="2025-06-24T21:14:06.4401319+00:00" endTime="2025-06-24T21:14:06.4412433+00:00" testType="13cdc9d9-ddb5-4fa4-a97d-d965ccfc6d4b" outcome="Passed" testListId="8c84fa94-04c1-424b-9868-57a2d4851a1d" relativeResultsDirectory="65a18611-76d6-4824-958c-127ba2b6cd16" />
    <UnitTestResult executionId="12844f40-0f46-4535-abbc-f996e52d9bc0" testId="92bc38d8-1a86-f92f-8d1f-451565894cae" testName="ValidateToEnumMethodsFixed(Microsoft.TypeSpec.Generator.Input.InputEnumType)" computerName="pkrvmxyh4eaekms" duration="00:00:00.0003910" startTime="2025-06-24T21:14:09.7682874+00:00" endTime="2025-06-24T21:14:09.7686779+00:00" testType="13cdc9d9-ddb5-4fa4-a97d-d965ccfc6d4b" outcome="Passed" testListId="8c84fa94-04c1-424b-9868-57a2d4851a1d" relativeResultsDirectory="12844f40-0f46-4535-abbc-f996e52d9bc0" />
    <UnitTestResult executionId="dd8ddc73-6e90-4584-bc86-3649dd13e801" testId="1f6a65bf-9ff6-e05f-9e5f-5e7562d8b3ed" testName="CanChangeEnumMemberName" computerName="pkrvmxyh4eaekms" duration="00:00:00.0760040" startTime="2025-06-24T21:14:09.7727417+00:00" endTime="2025-06-24T21:14:09.8487455+00:00" testType="13cdc9d9-ddb5-4fa4-a97d-d965ccfc6d4b" outcome="Passed" testListId="8c84fa94-04c1-424b-9868-57a2d4851a1d" relativeResultsDirectory="dd8ddc73-6e90-4584-bc86-3649dd13e801" />
    <UnitTestResult executionId="2b78a802-5bb9-459e-96ff-5868eac2176d" testId="948d3d06-dd5d-b2ff-293a-f6a6c81f644a" testName="HeaderParameterOptionality(False,False)" computerName="pkrvmxyh4eaekms" duration="00:00:00.0001940" startTime="2025-06-24T21:14:12.5346646+00:00" endTime="2025-06-24T21:14:12.5348581+00:00" testType="13cdc9d9-ddb5-4fa4-a97d-d965ccfc6d4b" outcome="Passed" testListId="8c84fa94-04c1-424b-9868-57a2d4851a1d" relativeResultsDirectory="2b78a802-5bb9-459e-96ff-5868eac2176d" />
    <UnitTestResult executionId="aefa952f-1cc4-403c-a904-86cf668bcedb" testId="75ea94fd-3e39-2426-5e3d-01bde1d3cfe1" testName="TestBuildConstructors_SecondaryConstructor(System.Collections.Generic.List`1[Microsoft.TypeSpec.Generator.Input.InputParameter])" computerName="pkrvmxyh4eaekms" duration="00:00:00.0011290" startTime="2025-06-24T21:14:09.3256379+00:00" endTime="2025-06-24T21:14:09.3267666+00:00" testType="13cdc9d9-ddb5-4fa4-a97d-d965ccfc6d4b" outcome="Passed" testListId="8c84fa94-04c1-424b-9868-57a2d4851a1d" relativeResultsDirectory="aefa952f-1cc4-403c-a904-86cf668bcedb" />
    <UnitTestResult executionId="8544e836-bf3e-4315-9f7f-8aa96c1df4c4" testId="f10a25d3-6a4a-63bf-4df3-f288145b5270" testName="RoundTripWithModelCast(&quot;W&quot;)" computerName="pkrvmxyh4eaekms" duration="00:00:00.0009920" startTime="2025-06-24T21:14:06.2511913+00:00" endTime="2025-06-24T21:14:06.2521831+00:00" testType="13cdc9d9-ddb5-4fa4-a97d-d965ccfc6d4b" outcome="Passed" testListId="8c84fa94-04c1-424b-9868-57a2d4851a1d" relativeResultsDirectory="8544e836-bf3e-4315-9f7f-8aa96c1df4c4" />
    <UnitTestResult executionId="ce619ac3-2b09-4bae-9de4-dcfbd59486ef" testId="bbb9316d-667f-3b33-a704-f74b312052fa" testName="TestBuildPersistableModelCreateCoreMethod(False)" computerName="pkrvmxyh4eaekms" duration="00:00:00.0019490" startTime="2025-06-24T21:14:11.0012067+00:00" endTime="2025-06-24T21:14:11.0031560+00:00" testType="13cdc9d9-ddb5-4fa4-a97d-d965ccfc6d4b" outcome="Passed" testListId="8c84fa94-04c1-424b-9868-57a2d4851a1d" relativeResultsDirectory="ce619ac3-2b09-4bae-9de4-dcfbd59486ef" />
    <UnitTestResult executionId="091bc409-6e6d-4943-a767-775e7fbaca03" testId="25bc9a60-23bd-3b26-5a83-8c696a1e9f91" testName="ValidateIsLastNamespaceSegmentTheSame(&quot;Bar._Foo&quot;,&quot;Foo&quot;)" computerName="pkrvmxyh4eaekms" duration="00:00:00.0014330" startTime="2025-06-24T21:14:09.4233416+00:00" endTime="2025-06-24T21:14:09.4247749+00:00" testType="13cdc9d9-ddb5-4fa4-a97d-d965ccfc6d4b" outcome="Passed" testListId="8c84fa94-04c1-424b-9868-57a2d4851a1d" relativeResultsDirectory="091bc409-6e6d-4943-a767-775e7fbaca03" />
    <UnitTestResult executionId="7a24f19a-9c2e-46ec-8496-738a9f4c62dd" testId="4475f251-65dc-0f4a-1b5f-4a7a6bbd208c" testName="TestDeserializationStatement(Microsoft.TypeSpec.Generator.Input.InputModelProperty,False,False)" computerName="pkrvmxyh4eaekms" duration="00:00:00.0007020" startTime="2025-06-24T21:14:09.9944456+00:00" endTime="2025-06-24T21:14:09.9951480+00:00" testType="13cdc9d9-ddb5-4fa4-a97d-d965ccfc6d4b" outcome="Passed" testListId="8c84fa94-04c1-424b-9868-57a2d4851a1d" relativeResultsDirectory="7a24f19a-9c2e-46ec-8496-738a9f4c62dd" />
    <UnitTestResult executionId="02002da9-4767-40e1-9b5a-4068b5eabb8f" testId="33209066-3de3-64a0-ea13-658396f21c88" testName="ValidateConvertToString(&quot;U&quot;,test,&quot;dGVzdA&quot;)" computerName="pkrvmxyh4eaekms" duration="00:00:00.0000780" startTime="2025-06-24T21:14:12.6644120+00:00" endTime="2025-06-24T21:14:12.6644896+00:00" testType="13cdc9d9-ddb5-4fa4-a97d-d965ccfc6d4b" outcome="Passed" testListId="8c84fa94-04c1-424b-9868-57a2d4851a1d" relativeResultsDirectory="02002da9-4767-40e1-9b5a-4068b5eabb8f" />
    <UnitTestResult executionId="e6b81f06-b86c-4c48-9118-0973117f8bf0" testId="ba6e5088-a408-9d7c-c8df-cce696082113" testName="ResetThenAppendPathThenAppendQuery(&quot;http://localhost/&quot;,&quot;some/&quot;,&quot;one|1&quot;,&quot;http://localhost/some/?one=1&quot;)" computerName="pkrvmxyh4eaekms" duration="00:00:00.0000800" startTime="2025-06-24T21:14:09.5659559+00:00" endTime="2025-06-24T21:14:09.5660362+00:00" testType="13cdc9d9-ddb5-4fa4-a97d-d965ccfc6d4b" outcome="Passed" testListId="8c84fa94-04c1-424b-9868-57a2d4851a1d" relativeResultsDirectory="e6b81f06-b86c-4c48-9118-0973117f8bf0" />
    <UnitTestResult executionId="471eb67c-3a22-4cc9-a364-a171ad13ca54" testId="4b263b67-44cb-8b8f-e3e0-1151d2d64a6c" testName="ResetThenAppendQuery(&quot;http://localhost/some&quot;,&quot;one|1|two|2&quot;,&quot;http://localhost/some?one=1&amp;two=2&quot;)" computerName="pkrvmxyh4eaekms" duration="00:00:00.0000940" startTime="2025-06-24T21:14:09.5684006+00:00" endTime="2025-06-24T21:14:09.5684944+00:00" testType="13cdc9d9-ddb5-4fa4-a97d-d965ccfc6d4b" outcome="Passed" testListId="8c84fa94-04c1-424b-9868-57a2d4851a1d" relativeResultsDirectory="471eb67c-3a22-4cc9-a364-a171ad13ca54" />
    <UnitTestResult executionId="7611848c-e165-491e-a963-499e718da94b" testId="3d064911-8ce4-9ebd-478b-8d7a42aeaa1a" testName="TestBuildAuthFields_WithAuth(System.Collections.Generic.List`1[Microsoft.TypeSpec.Generator.Input.InputParameter])" computerName="pkrvmxyh4eaekms" duration="00:00:00.0018510" startTime="2025-06-24T21:14:09.2534863+00:00" endTime="2025-06-24T21:14:09.2553370+00:00" testType="13cdc9d9-ddb5-4fa4-a97d-d965ccfc6d4b" outcome="Passed" testListId="8c84fa94-04c1-424b-9868-57a2d4851a1d" relativeResultsDirectory="7611848c-e165-491e-a963-499e718da94b" />
    <UnitTestResult executionId="af696a22-7c39-49f4-a64d-155edcc566ab" testId="8a40cf4a-8921-8267-667c-5a94ce0143cd" testName="ThrowsIfWireIsNotJson" computerName="pkrvmxyh4eaekms" duration="00:00:00.0001750" startTime="2025-06-24T21:14:06.2574978+00:00" endTime="2025-06-24T21:14:06.2576723+00:00" testType="13cdc9d9-ddb5-4fa4-a97d-d965ccfc6d4b" outcome="Passed" testListId="8c84fa94-04c1-424b-9868-57a2d4851a1d" relativeResultsDirectory="af696a22-7c39-49f4-a64d-155edcc566ab" />
    <UnitTestResult executionId="4e53ed99-18e1-4fcf-baa9-71bad4701da4" testId="977a139f-dcb4-f300-cb0f-ddd50fe5a9fc" testName="ResetThenAppendPath(&quot;http://localhost:12345/with/&quot;,&quot;/path/&quot;,&quot;http://localhost:12345/with/path/&quot;)" computerName="pkrvmxyh4eaekms" duration="00:00:00.0000930" startTime="2025-06-24T21:14:09.5651669+00:00" endTime="2025-06-24T21:14:09.5652602+00:00" testType="13cdc9d9-ddb5-4fa4-a97d-d965ccfc6d4b" outcome="Passed" testListId="8c84fa94-04c1-424b-9868-57a2d4851a1d" relativeResultsDirectory="4e53ed99-18e1-4fcf-baa9-71bad4701da4" />
    <UnitTestResult executionId="b76f8e8d-f40b-4e96-be28-83a72a5a6987" testId="a2f1978d-dfb0-b64f-3caa-b3c6898cea1b" testName="AppendQuery_DateTimeOffset(&quot;http://localhost&quot;,&quot;6/30/1905 1:14:00 PM +00:00&quot;,&quot;O&quot;,False,&quot;http://localhost/?query=1905-06-30T13:14:00.0000000Z&quot;)" computerName="pkrvmxyh4eaekms" duration="00:00:00.0000720" startTime="2025-06-24T21:14:09.5546466+00:00" endTime="2025-06-24T21:14:09.5547188+00:00" testType="13cdc9d9-ddb5-4fa4-a97d-d965ccfc6d4b" outcome="Passed" testListId="8c84fa94-04c1-424b-9868-57a2d4851a1d" relativeResultsDirectory="b76f8e8d-f40b-4e96-be28-83a72a5a6987" />
    <UnitTestResult executionId="04aa5998-6f94-4695-8449-46d2f776b5dd" testId="6f6088c3-76ba-6609-04be-35e965dd0076" testName="TestBuildConstructors_ForSubClient_KeyAuthOrOAuth2Auth()" computerName="pkrvmxyh4eaekms" duration="00:00:00.0037200" startTime="2025-06-24T21:14:09.2982544+00:00" endTime="2025-06-24T21:14:09.3019748+00:00" testType="13cdc9d9-ddb5-4fa4-a97d-d965ccfc6d4b" outcome="Passed" testListId="8c84fa94-04c1-424b-9868-57a2d4851a1d" relativeResultsDirectory="04aa5998-6f94-4695-8449-46d2f776b5dd" />
    <UnitTestResult executionId="db7a910f-f753-49df-8c8a-d0e8af7fc2d2" testId="7f634d4b-27ed-9ff9-784d-d68a8b9fe380" testName="ListMethodsAreRenamedToGet" computerName="pkrvmxyh4eaekms" duration="00:00:00.0174770" startTime="2025-06-24T21:14:09.1701765+00:00" endTime="2025-06-24T21:14:09.1876529+00:00" testType="13cdc9d9-ddb5-4fa4-a97d-d965ccfc6d4b" outcome="Passed" testListId="8c84fa94-04c1-424b-9868-57a2d4851a1d" relativeResultsDirectory="db7a910f-f753-49df-8c8a-d0e8af7fc2d2" />
    <UnitTestResult executionId="99d031fe-24a0-4fd7-998c-28f425a1f0fb" testId="ac70c009-5dae-fc67-7af1-6bc0d9dbca52" testName="ValidateConvertToString(null,11111111-1111-1111-1111-111112111111,&quot;11111111-1111-1111-1111-111112111111&quot;)" computerName="pkrvmxyh4eaekms" duration="00:00:00.0000890" startTime="2025-06-24T21:14:12.6641926+00:00" endTime="2025-06-24T21:14:12.6642819+00:00" testType="13cdc9d9-ddb5-4fa4-a97d-d965ccfc6d4b" outcome="Passed" testListId="8c84fa94-04c1-424b-9868-57a2d4851a1d" relativeResultsDirectory="99d031fe-24a0-4fd7-998c-28f425a1f0fb" />
    <UnitTestResult executionId="08219c82-29e4-4ac6-ab1a-b97b34698cf5" testId="a23a4d3b-b938-d346-953e-8f23851ebb46" testName="ValidateIsLastNamespaceSegmentTheSame(&quot;Foo&quot;,&quot;Foo&quot;)" computerName="pkrvmxyh4eaekms" duration="00:00:00.0014250" startTime="2025-06-24T21:14:09.4134316+00:00" endTime="2025-06-24T21:14:09.4148563+00:00" testType="13cdc9d9-ddb5-4fa4-a97d-d965ccfc6d4b" outcome="Passed" testListId="8c84fa94-04c1-424b-9868-57a2d4851a1d" relativeResultsDirectory="08219c82-29e4-4ac6-ab1a-b97b34698cf5" />
    <UnitTestResult executionId="61a2d691-df5c-42a6-8843-221fc6bf2ca2" testId="75ea94fd-3e39-2426-5e3d-01bde1d3cfe1" testName="TestBuildConstructors_SecondaryConstructor(System.Collections.Generic.List`1[Microsoft.TypeSpec.Generator.Input.InputParameter])" computerName="pkrvmxyh4eaekms" duration="00:00:00.0010280" startTime="2025-06-24T21:14:09.3339367+00:00" endTime="2025-06-24T21:14:09.3349650+00:00" testType="13cdc9d9-ddb5-4fa4-a97d-d965ccfc6d4b" outcome="Passed" testListId="8c84fa94-04c1-424b-9868-57a2d4851a1d" relativeResultsDirectory="61a2d691-df5c-42a6-8843-221fc6bf2ca2" />
    <UnitTestResult executionId="687237d5-2f02-45a9-857e-74ce96f783d4" testId="1836a3c5-4df5-cb58-885a-12136b484daa" testName="AppendPath_Int(&quot;http://localhost&quot;,299792458,False,&quot;http://localhost/299792458&quot;)" computerName="pkrvmxyh4eaekms" duration="00:00:00.0003990" startTime="2025-06-24T21:14:09.5380919+00:00" endTime="2025-06-24T21:14:09.5384907+00:00" testType="13cdc9d9-ddb5-4fa4-a97d-d965ccfc6d4b" outcome="Passed" testListId="8c84fa94-04c1-424b-9868-57a2d4851a1d" relativeResultsDirectory="687237d5-2f02-45a9-857e-74ce96f783d4" />
    <UnitTestResult executionId="74471dad-46e1-4d99-9c24-d2289500e949" testId="c94dec01-8725-8384-e760-0a6da8ccc2b9" testName="SubClientWithSingleSubClient" computerName="pkrvmxyh4eaekms" duration="00:00:00.0012380" startTime="2025-06-24T21:14:09.1236021+00:00" endTime="2025-06-24T21:14:09.1248403+00:00" testType="13cdc9d9-ddb5-4fa4-a97d-d965ccfc6d4b" outcome="Passed" testListId="8c84fa94-04c1-424b-9868-57a2d4851a1d" relativeResultsDirectory="74471dad-46e1-4d99-9c24-d2289500e949" />
    <UnitTestResult executionId="76208f89-0333-440d-b1f4-2b9db16a8a3f" testId="4da0d92a-1c6d-ea97-1f5b-a872acc44832" testName="CanCustomizeEnumToFrameworkType" computerName="pkrvmxyh4eaekms" duration="00:00:00.0664550" startTime="2025-06-24T21:14:10.2266284+00:00" endTime="2025-06-24T21:14:10.2930826+00:00" testType="13cdc9d9-ddb5-4fa4-a97d-d965ccfc6d4b" outcome="Passed" testListId="8c84fa94-04c1-424b-9868-57a2d4851a1d" relativeResultsDirectory="76208f89-0333-440d-b1f4-2b9db16a8a3f" />
    <UnitTestResult executionId="affbdb4a-2948-4beb-b3e1-7fd8436084a7" testId="f45b0123-a5dd-fb53-d0d1-cdea3d2f2a2b" testName="ValidateToSerialMethodsFixed(Microsoft.TypeSpec.Generator.Input.InputEnumType)" computerName="pkrvmxyh4eaekms" duration="00:00:00.0002430" startTime="2025-06-24T21:14:09.7719800+00:00" endTime="2025-06-24T21:14:09.7722229+00:00" testType="13cdc9d9-ddb5-4fa4-a97d-d965ccfc6d4b" outcome="Passed" testListId="8c84fa94-04c1-424b-9868-57a2d4851a1d" relativeResultsDirectory="affbdb4a-2948-4beb-b3e1-7fd8436084a7" />
    <UnitTestResult executionId="accd5184-217f-440d-83c2-dc028ef90a1a" testId="bddbe6e1-4ba2-79f3-80d7-1fdfb1834331" testName="CanReplaceMethod" computerName="pkrvmxyh4eaekms" duration="00:00:00.0973509" startTime="2025-06-24T21:14:09.6613886+00:00" endTime="2025-06-24T21:14:09.7587392+00:00" testType="13cdc9d9-ddb5-4fa4-a97d-d965ccfc6d4b" outcome="Passed" testListId="8c84fa94-04c1-424b-9868-57a2d4851a1d" relativeResultsDirectory="accd5184-217f-440d-83c2-dc028ef90a1a" />
    <UnitTestResult executionId="e51e2b79-64c7-4e2b-952a-af2980d17632" testId="e3f6b41b-723f-fe52-6ef5-10aa6556c371" testName="TestBuildAuthFields_SubClients_WithAuth(Microsoft.TypeSpec.Generator.Input.InputClient)" computerName="pkrvmxyh4eaekms" duration="00:00:00.0015760" startTime="2025-06-24T21:14:09.2330265+00:00" endTime="2025-06-24T21:14:09.2346021+00:00" testType="13cdc9d9-ddb5-4fa4-a97d-d965ccfc6d4b" outcome="Passed" testListId="8c84fa94-04c1-424b-9868-57a2d4851a1d" relativeResultsDirectory="e51e2b79-64c7-4e2b-952a-af2980d17632" />
    <UnitTestResult executionId="d7ec9d23-f754-41ba-b971-5f09f8f7e2ca" testId="773b3700-4327-8dc5-55b6-617ccbe6ad79" testName="RoundTripWithModelReaderWriter(&quot;J&quot;)" computerName="pkrvmxyh4eaekms" duration="00:00:00.0004350" startTime="2025-06-24T21:14:06.2547650+00:00" endTime="2025-06-24T21:14:06.2551995+00:00" testType="13cdc9d9-ddb5-4fa4-a97d-d965ccfc6d4b" outcome="Passed" testListId="8c84fa94-04c1-424b-9868-57a2d4851a1d" relativeResultsDirectory="d7ec9d23-f754-41ba-b971-5f09f8f7e2ca" />
    <UnitTestResult executionId="d72fa0e4-9cbb-4acd-a438-d43c696be370" testId="9ed36475-70ea-d935-981c-3ee0399bdd52" testName="ValidateClientResponseClassifiers(Microsoft.TypeSpec.Generator.Input.InputClient)" computerName="pkrvmxyh4eaekms" duration="00:00:00.0002820" startTime="2025-06-24T21:14:12.5584822+00:00" endTime="2025-06-24T21:14:12.5587645+00:00" testType="13cdc9d9-ddb5-4fa4-a97d-d965ccfc6d4b" outcome="Passed" testListId="8c84fa94-04c1-424b-9868-57a2d4851a1d" relativeResultsDirectory="d72fa0e4-9cbb-4acd-a438-d43c696be370" />
    <UnitTestResult executionId="91c5f715-860c-4755-bb94-30b881fe66e8" testId="92bc38d8-1a86-f92f-8d1f-451565894cae" testName="ValidateToEnumMethodsFixed(Microsoft.TypeSpec.Generator.Input.InputEnumType)" computerName="pkrvmxyh4eaekms" duration="00:00:00.0005400" startTime="2025-06-24T21:14:09.7687055+00:00" endTime="2025-06-24T21:14:09.7692454+00:00" testType="13cdc9d9-ddb5-4fa4-a97d-d965ccfc6d4b" outcome="Passed" testListId="8c84fa94-04c1-424b-9868-57a2d4851a1d" relativeResultsDirectory="91c5f715-860c-4755-bb94-30b881fe66e8" />
    <UnitTestResult executionId="d1d2a707-9d6b-4200-b55d-48a783adcda0" testId="3936cffd-461a-434b-847d-904ad236cf5a" testName="RoundTripWithModelCast(&quot;W&quot;)" computerName="pkrvmxyh4eaekms" duration="00:00:00.0009730" startTime="2025-06-24T21:14:06.4334479+00:00" endTime="2025-06-24T21:14:06.4344205+00:00" testType="13cdc9d9-ddb5-4fa4-a97d-d965ccfc6d4b" outcome="Passed" testListId="8c84fa94-04c1-424b-9868-57a2d4851a1d" relativeResultsDirectory="d1d2a707-9d6b-4200-b55d-48a783adcda0" />
    <UnitTestResult executionId="7683c18b-7a62-4954-81b3-0abda9c0b1c6" testId="49262a15-1490-962e-680c-0823801e8b6d" testName="TestIntDeserializeExpression(System.SByte,Int_String)" computerName="pkrvmxyh4eaekms" duration="00:00:00.0001660" startTime="2025-06-24T21:14:11.0368302+00:00" endTime="2025-06-24T21:14:11.0369957+00:00" testType="13cdc9d9-ddb5-4fa4-a97d-d965ccfc6d4b" outcome="Passed" testListId="8c84fa94-04c1-424b-9868-57a2d4851a1d" relativeResultsDirectory="7683c18b-7a62-4954-81b3-0abda9c0b1c6" />
    <UnitTestResult executionId="22d0b277-063f-4caf-9ed0-1fe722ca334b" testId="9e2a9f15-4488-46b5-d65a-ca258ef40110" testName="RoundTripWithJsonInterfaceOfT(&quot;J&quot;)" computerName="pkrvmxyh4eaekms" duration="00:00:00.0017810" startTime="2025-06-24T21:14:06.3629570+00:00" endTime="2025-06-24T21:14:06.3647382+00:00" testType="13cdc9d9-ddb5-4fa4-a97d-d965ccfc6d4b" outcome="Passed" testListId="8c84fa94-04c1-424b-9868-57a2d4851a1d" relativeResultsDirectory="22d0b277-063f-4caf-9ed0-1fe722ca334b" />
    <UnitTestResult executionId="7f91a12d-e82a-4962-b068-401e2cb6d12e" testId="5eb3f986-7ddf-5527-7d0a-1a62f3ed87dd" testName="RoundTripWithJsonInterfaceUtf8Reader(&quot;J&quot;)" computerName="pkrvmxyh4eaekms" duration="00:00:00.0010340" startTime="2025-06-24T21:14:06.2485990+00:00" endTime="2025-06-24T21:14:06.2496329+00:00" testType="13cdc9d9-ddb5-4fa4-a97d-d965ccfc6d4b" outcome="Passed" testListId="8c84fa94-04c1-424b-9868-57a2d4851a1d" relativeResultsDirectory="7f91a12d-e82a-4962-b068-401e2cb6d12e" />
    <UnitTestResult executionId="14b847c8-3a86-49b3-8225-6def99ac2f30" testId="15abf66e-4495-0e09-6101-8af6d51e6310" testName="RoundTripWithModelReaderWriter(&quot;J&quot;)" computerName="pkrvmxyh4eaekms" duration="00:00:00.0011540" startTime="2025-06-24T21:14:06.4145267+00:00" endTime="2025-06-24T21:14:06.4156802+00:00" testType="13cdc9d9-ddb5-4fa4-a97d-d965ccfc6d4b" outcome="Passed" testListId="8c84fa94-04c1-424b-9868-57a2d4851a1d" relativeResultsDirectory="14b847c8-3a86-49b3-8225-6def99ac2f30" />
    <UnitTestResult executionId="043d794b-aeb3-449a-a9c3-801c9042430d" testId="73d16d0c-278b-af64-2466-26e71375a3bd" testName="SnakeCaseSerializedName" computerName="pkrvmxyh4eaekms" duration="00:00:00.0011520" startTime="2025-06-24T21:14:10.0543067+00:00" endTime="2025-06-24T21:14:10.0554584+00:00" testType="13cdc9d9-ddb5-4fa4-a97d-d965ccfc6d4b" outcome="Passed" testListId="8c84fa94-04c1-424b-9868-57a2d4851a1d" relativeResultsDirectory="043d794b-aeb3-449a-a9c3-801c9042430d" />
    <UnitTestResult executionId="692a4e9f-1964-4e7d-be52-f29b19c3e82d" testId="8613ad41-9d85-d626-f136-26c1b7b762f6" testName="RoundTripWithJsonInterfaceUtf8ReaderNonGeneric(&quot;J&quot;)" computerName="pkrvmxyh4eaekms" duration="00:00:00.0024229" startTime="2025-06-24T21:14:06.3706887+00:00" endTime="2025-06-24T21:14:06.3731117+00:00" testType="13cdc9d9-ddb5-4fa4-a97d-d965ccfc6d4b" outcome="Passed" testListId="8c84fa94-04c1-424b-9868-57a2d4851a1d" relativeResultsDirectory="692a4e9f-1964-4e7d-be52-f29b19c3e82d" />
    <UnitTestResult executionId="b4ce8d7e-8aa5-495d-9312-ca88ed7b621b" testId="dc3e9d82-618b-d644-9d10-0e33b97c0c55" testName="ResetThenAppendQuery(&quot;http://localhost&quot;,&quot;one|1&quot;,&quot;http://localhost/?one=1&quot;)" computerName="pkrvmxyh4eaekms" duration="00:00:00.0002660" startTime="2025-06-24T21:14:09.5669142+00:00" endTime="2025-06-24T21:14:09.5671801+00:00" testType="13cdc9d9-ddb5-4fa4-a97d-d965ccfc6d4b" outcome="Passed" testListId="8c84fa94-04c1-424b-9868-57a2d4851a1d" relativeResultsDirectory="b4ce8d7e-8aa5-495d-9312-ca88ed7b621b" />
    <UnitTestResult executionId="abeb6e3c-bcf1-4458-bf82-ffa56ff64e4b" testId="98cba7ef-cae3-92dd-b1d6-f5f810e86693" testName="TestBuildFields_WithSubClients(Microsoft.TypeSpec.Generator.Input.InputClient,System.Collections.Generic.List`1[Microsoft.TypeSpec.Generator.ClientModel.Tests.Providers.ClientProviders.ClientProviderTests+ExpectedFieldProvider])" computerName="pkrvmxyh4eaekms" duration="00:00:00.0011520" startTime="2025-06-24T21:14:09.3414490+00:00" endTime="2025-06-24T21:14:09.3426010+00:00" testType="13cdc9d9-ddb5-4fa4-a97d-d965ccfc6d4b" outcome="Passed" testListId="8c84fa94-04c1-424b-9868-57a2d4851a1d" relativeResultsDirectory="abeb6e3c-bcf1-4458-bf82-ffa56ff64e4b" />
    <UnitTestResult executionId="eb195d0b-6011-484d-a436-74a670c5b706" testId="90b986fa-cbc6-3760-9999-22ccdf627ac8" testName="RoundTripWithModelReaderWriterNonGeneric(&quot;W&quot;)" computerName="pkrvmxyh4eaekms" duration="00:00:00.0014750" startTime="2025-06-24T21:14:06.4179798+00:00" endTime="2025-06-24T21:14:06.4194547+00:00" testType="13cdc9d9-ddb5-4fa4-a97d-d965ccfc6d4b" outcome="Passed" testListId="8c84fa94-04c1-424b-9868-57a2d4851a1d" relativeResultsDirectory="eb195d0b-6011-484d-a436-74a670c5b706" />
    <UnitTestResult executionId="a9a1fcfc-e5b3-4b7d-8852-7cace96993f8" testId="1e79c8d7-cd61-c59c-6dcf-65c08971bc10" testName="ConvenienceMethodsHaveOptionalCancellationToken(Microsoft.TypeSpec.Generator.Input.InputBasicServiceMethod)" computerName="pkrvmxyh4eaekms" duration="00:00:00.0019750" startTime="2025-06-24T21:14:12.5746467+00:00" endTime="2025-06-24T21:14:12.5766214+00:00" testType="13cdc9d9-ddb5-4fa4-a97d-d965ccfc6d4b" outcome="Passed" testListId="8c84fa94-04c1-424b-9868-57a2d4851a1d" relativeResultsDirectory="a9a1fcfc-e5b3-4b7d-8852-7cace96993f8" />
    <UnitTestResult executionId="fb6b5b07-7ccb-4bf8-a0d4-1933c7df0cb7" testId="29514b91-bed8-afdb-7ff9-875aa5e2396a" testName="ValidateConvertToString(null,-3.14d,&quot;-3.14&quot;)" computerName="pkrvmxyh4eaekms" duration="00:00:00.0000770" startTime="2025-06-24T21:14:12.6626412+00:00" endTime="2025-06-24T21:14:12.6627185+00:00" testType="13cdc9d9-ddb5-4fa4-a97d-d965ccfc6d4b" outcome="Passed" testListId="8c84fa94-04c1-424b-9868-57a2d4851a1d" relativeResultsDirectory="fb6b5b07-7ccb-4bf8-a0d4-1933c7df0cb7" />
    <UnitTestResult executionId="9bb32ea8-6de1-4417-90ae-6248cc6f4d67" testId="1e79c8d7-cd61-c59c-6dcf-65c08971bc10" testName="ConvenienceMethodsHaveOptionalCancellationToken(Microsoft.TypeSpec.Generator.Input.InputBasicServiceMethod)" computerName="pkrvmxyh4eaekms" duration="00:00:00.0032830" startTime="2025-06-24T21:14:12.5713387+00:00" endTime="2025-06-24T21:14:12.5746213+00:00" testType="13cdc9d9-ddb5-4fa4-a97d-d965ccfc6d4b" outcome="Passed" testListId="8c84fa94-04c1-424b-9868-57a2d4851a1d" relativeResultsDirectory="9bb32ea8-6de1-4417-90ae-6248cc6f4d67" />
    <UnitTestResult executionId="d3d1618c-f911-4789-aad8-daa0dec0ca67" testId="3f453143-83b9-e557-9d70-ce635a271f4e" testName="CanCustomizeSerializationMethodForRenamedProperty" computerName="pkrvmxyh4eaekms" duration="00:00:00.0663220" startTime="2025-06-24T21:14:12.0992662+00:00" endTime="2025-06-24T21:14:12.1655873+00:00" testType="13cdc9d9-ddb5-4fa4-a97d-d965ccfc6d4b" outcome="Passed" testListId="8c84fa94-04c1-424b-9868-57a2d4851a1d" relativeResultsDirectory="d3d1618c-f911-4789-aad8-daa0dec0ca67" />
    <UnitTestResult executionId="1529a7dd-23c5-48c4-864a-73b9bde56949" testId="3c2bfb64-9df6-3696-771c-f9828b5d3e4d" testName="CanReplaceStructMethod(False)" computerName="pkrvmxyh4eaekms" duration="00:00:00.0780720" startTime="2025-06-24T21:14:09.0309911+00:00" endTime="2025-06-24T21:14:09.1090624+00:00" testType="13cdc9d9-ddb5-4fa4-a97d-d965ccfc6d4b" outcome="Passed" testListId="8c84fa94-04c1-424b-9868-57a2d4851a1d" relativeResultsDirectory="1529a7dd-23c5-48c4-864a-73b9bde56949" />
    <UnitTestResult executionId="854f1691-792c-4ca1-ab62-5be170f3c8fb" testId="f55a233a-e14b-4380-52ae-c7ccd5e5efd5" testName="TestRequestOptionsParameterInSignature(Microsoft.TypeSpec.Generator.Input.InputBasicServiceMethod,False,True)" computerName="pkrvmxyh4eaekms" duration="00:00:00.0013250" startTime="2025-06-24T21:14:09.3837927+00:00" endTime="2025-06-24T21:14:09.3851176+00:00" testType="13cdc9d9-ddb5-4fa4-a97d-d965ccfc6d4b" outcome="Passed" testListId="8c84fa94-04c1-424b-9868-57a2d4851a1d" relativeResultsDirectory="854f1691-792c-4ca1-ab62-5be170f3c8fb" />
    <UnitTestResult executionId="51496b05-8a5e-4da1-9612-1ce4b8df38ee" testId="ef4860c4-5be5-d879-a21f-f02c60c6df63" testName="AppendQuery_Bool(&quot;http://localhost&quot;,False,False,&quot;http://localhost/?query=false&quot;)" computerName="pkrvmxyh4eaekms" duration="00:00:00.0000810" startTime="2025-06-24T21:14:09.5445121+00:00" endTime="2025-06-24T21:14:09.5445929+00:00" testType="13cdc9d9-ddb5-4fa4-a97d-d965ccfc6d4b" outcome="Passed" testListId="8c84fa94-04c1-424b-9868-57a2d4851a1d" relativeResultsDirectory="51496b05-8a5e-4da1-9612-1ce4b8df38ee" />
    <UnitTestResult executionId="7b935824-19bc-4546-843c-64bbc437a3ba" testId="b7c7001e-793c-7454-421c-2aec45c8798a" testName="RoundTripWithModelReaderWriterNonGeneric(&quot;J&quot;)" computerName="pkrvmxyh4eaekms" duration="00:00:00.0004800" startTime="2025-06-24T21:14:06.2557716+00:00" endTime="2025-06-24T21:14:06.2562512+00:00" testType="13cdc9d9-ddb5-4fa4-a97d-d965ccfc6d4b" outcome="Passed" testListId="8c84fa94-04c1-424b-9868-57a2d4851a1d" relativeResultsDirectory="7b935824-19bc-4546-843c-64bbc437a3ba" />
    <UnitTestResult executionId="5e8d425d-4838-497d-8495-ca8bb38ecc3c" testId="8d4d0b58-570b-769d-8db0-79356b613256" testName="CanCustomizeModelName" computerName="pkrvmxyh4eaekms" duration="00:00:00.0763390" startTime="2025-06-24T21:14:10.3631544+00:00" endTime="2025-06-24T21:14:10.4394930+00:00" testType="13cdc9d9-ddb5-4fa4-a97d-d965ccfc6d4b" outcome="Passed" testListId="8c84fa94-04c1-424b-9868-57a2d4851a1d" relativeResultsDirectory="5e8d425d-4838-497d-8495-ca8bb38ecc3c" />
    <UnitTestResult executionId="bd67dd84-932e-477f-95a4-94bceb5bd78e" testId="5968cd03-cf3d-8280-4da4-8577dec06972" testName="CanCustomizeStringToFixedEnum" computerName="pkrvmxyh4eaekms" duration="00:00:00.0733729" startTime="2025-06-24T21:14:10.6953947+00:00" endTime="2025-06-24T21:14:10.7687677+00:00" testType="13cdc9d9-ddb5-4fa4-a97d-d965ccfc6d4b" outcome="Passed" testListId="8c84fa94-04c1-424b-9868-57a2d4851a1d" relativeResultsDirectory="bd67dd84-932e-477f-95a4-94bceb5bd78e" />
    <UnitTestResult executionId="999dc660-44e9-49c2-9535-2ec13e569d4e" testId="b166fe81-2f12-ebe8-5469-afabedfdb287" testName="RoundTripWithJsonInterfaceUtf8ReaderNonGeneric(&quot;W&quot;)" computerName="pkrvmxyh4eaekms" duration="00:00:00.0004600" startTime="2025-06-24T21:14:06.2506824+00:00" endTime="2025-06-24T21:14:06.2511420+00:00" testType="13cdc9d9-ddb5-4fa4-a97d-d965ccfc6d4b" outcome="Passed" testListId="8c84fa94-04c1-424b-9868-57a2d4851a1d" relativeResultsDirectory="999dc660-44e9-49c2-9535-2ec13e569d4e" />
    <UnitTestResult executionId="feaa843b-b4f8-40b9-b48f-10dac97353f6" testId="1a6f7815-7152-9d34-d9b2-1ad1aea279fd" testName="OperationWithOptionalEnum" computerName="pkrvmxyh4eaekms" duration="00:00:00.0024890" startTime="2025-06-24T21:14:12.6103954+00:00" endTime="2025-06-24T21:14:12.6128839+00:00" testType="13cdc9d9-ddb5-4fa4-a97d-d965ccfc6d4b" outcome="Passed" testListId="8c84fa94-04c1-424b-9868-57a2d4851a1d" relativeResultsDirectory="feaa843b-b4f8-40b9-b48f-10dac97353f6" />
    <UnitTestResult executionId="de12d792-c055-4aab-9e65-317233c7d31a" testId="191f33f3-62f0-0c6b-7ab5-05cb65f9c718" testName="TestNullRootClientWithChildren" computerName="pkrvmxyh4eaekms" duration="00:00:00.0036420" startTime="2025-06-24T21:14:09.3748698+00:00" endTime="2025-06-24T21:14:09.3785117+00:00" testType="13cdc9d9-ddb5-4fa4-a97d-d965ccfc6d4b" outcome="Passed" testListId="8c84fa94-04c1-424b-9868-57a2d4851a1d" relativeResultsDirectory="de12d792-c055-4aab-9e65-317233c7d31a" />
    <UnitTestResult executionId="8208cfac-33c5-4bb8-9c5c-204c08a1a125" testId="96eae579-6c9b-21e2-6c60-e5406f00434d" testName="RoundTripWithJsonInterfaceNonGeneric(&quot;J&quot;)" computerName="pkrvmxyh4eaekms" duration="00:00:00.0031050" startTime="2025-06-24T21:14:06.2433905+00:00" endTime="2025-06-24T21:14:06.2464957+00:00" testType="13cdc9d9-ddb5-4fa4-a97d-d965ccfc6d4b" outcome="Passed" testListId="8c84fa94-04c1-424b-9868-57a2d4851a1d" relativeResultsDirectory="8208cfac-33c5-4bb8-9c5c-204c08a1a125" />
    <UnitTestResult executionId="c3136cf9-65a9-430c-8a7c-7df3a39f5aba" testId="e0ce0b4d-3174-1ac5-ec25-2446ab1e03e3" testName="NonBodyPropertyKindsInModel" computerName="pkrvmxyh4eaekms" duration="00:00:00.0019130" startTime="2025-06-24T21:14:10.0510922+00:00" endTime="2025-06-24T21:14:10.0530052+00:00" testType="13cdc9d9-ddb5-4fa4-a97d-d965ccfc6d4b" outcome="Passed" testListId="8c84fa94-04c1-424b-9868-57a2d4851a1d" relativeResultsDirectory="c3136cf9-65a9-430c-8a7c-7df3a39f5aba" />
    <UnitTestResult executionId="03f706df-5679-4b86-86bf-537a9c751dfb" testId="dc4f4648-68a7-4ad9-5e64-5b8ab0e9f0d5" testName="OperationWithOptionalExtensibleEnum" computerName="pkrvmxyh4eaekms" duration="00:00:00.0129340" startTime="2025-06-24T21:14:12.6129102+00:00" endTime="2025-06-24T21:14:12.6258435+00:00" testType="13cdc9d9-ddb5-4fa4-a97d-d965ccfc6d4b" outcome="Passed" testListId="8c84fa94-04c1-424b-9868-57a2d4851a1d" relativeResultsDirectory="03f706df-5679-4b86-86bf-537a9c751dfb" />
    <UnitTestResult executionId="f59a3ac8-70e7-48de-901d-556762aecb19" testId="7dbd18e0-0b4f-c7d2-d7c9-de0e1796dbfb" testName="AppendQuery_Long(&quot;http://localhost&quot;,299792458000000L,True,&quot;http://localhost/?query=299792458000000&quot;)" computerName="pkrvmxyh4eaekms" duration="00:00:00.0002760" startTime="2025-06-24T21:14:09.5579940+00:00" endTime="2025-06-24T21:14:09.5582701+00:00" testType="13cdc9d9-ddb5-4fa4-a97d-d965ccfc6d4b" outcome="Passed" testListId="8c84fa94-04c1-424b-9868-57a2d4851a1d" relativeResultsDirectory="f59a3ac8-70e7-48de-901d-556762aecb19" />
    <UnitTestResult executionId="636d7f2c-d654-4fe8-a5fb-a156a4ab63bc" testId="d80a4ea0-25be-3125-c3d6-5e96f1b18f66" testName="EndpointAppliedInCreateMethodRequest(&quot;http://{hostName}&quot;,&quot;hostName&quot;)" computerName="pkrvmxyh4eaekms" duration="00:00:00.0023640" startTime="2025-06-24T21:14:09.1490136+00:00" endTime="2025-06-24T21:14:09.1513775+00:00" testType="13cdc9d9-ddb5-4fa4-a97d-d965ccfc6d4b" outcome="Passed" testListId="8c84fa94-04c1-424b-9868-57a2d4851a1d" relativeResultsDirectory="636d7f2c-d654-4fe8-a5fb-a156a4ab63bc" />
    <UnitTestResult executionId="350a083e-0536-4450-8ef7-805cb06bb8bf" testId="4453184c-f216-9b6d-4fbd-d2b0df67fcc5" testName="ValidateConvertToString(null,-3.14f,&quot;-3.14&quot;)" computerName="pkrvmxyh4eaekms" duration="00:00:00.0000760" startTime="2025-06-24T21:14:12.6624760+00:00" endTime="2025-06-24T21:14:12.6625519+00:00" testType="13cdc9d9-ddb5-4fa4-a97d-d965ccfc6d4b" outcome="Passed" testListId="8c84fa94-04c1-424b-9868-57a2d4851a1d" relativeResultsDirectory="350a083e-0536-4450-8ef7-805cb06bb8bf" />
    <UnitTestResult executionId="3e709ea6-732a-4589-82c6-554dfd1b26ad" testId="3ea572d0-8081-c04d-1c5e-07d3f0bdce4f" testName="TestNonBodyRequestParametersInBodyWriterDiff(Microsoft.TypeSpec.Generator.Input.InputBasicServiceMethod)" computerName="pkrvmxyh4eaekms" duration="00:00:00.0185100" startTime="2025-06-24T21:14:09.3470674+00:00" endTime="2025-06-24T21:14:09.3655764+00:00" testType="13cdc9d9-ddb5-4fa4-a97d-d965ccfc6d4b" outcome="Passed" testListId="8c84fa94-04c1-424b-9868-57a2d4851a1d" relativeResultsDirectory="3e709ea6-732a-4589-82c6-554dfd1b26ad" />
    <UnitTestResult executionId="bf31e11c-e1d7-4085-b922-ca702578f888" testId="44616ce8-42b4-b0a8-a260-dff21925687d" testName="TestGetClientOptions(False)" computerName="pkrvmxyh4eaekms" duration="00:00:00.0011120" startTime="2025-06-24T21:14:09.3458933+00:00" endTime="2025-06-24T21:14:09.3470054+00:00" testType="13cdc9d9-ddb5-4fa4-a97d-d965ccfc6d4b" outcome="Passed" testListId="8c84fa94-04c1-424b-9868-57a2d4851a1d" relativeResultsDirectory="bf31e11c-e1d7-4085-b922-ca702578f888" />
    <UnitTestResult executionId="98870ea1-f08c-4b38-aecd-c38db1b4f9eb" testId="f1ecba84-c4d2-f051-76ac-eebcd97d1a23" testName="ValidateConstructorsWhenUnsupportedAuth" computerName="pkrvmxyh4eaekms" duration="00:00:00.0038540" startTime="2025-06-24T21:14:09.4095245+00:00" endTime="2025-06-24T21:14:09.4133780+00:00" testType="13cdc9d9-ddb5-4fa4-a97d-d965ccfc6d4b" outcome="Passed" testListId="8c84fa94-04c1-424b-9868-57a2d4851a1d" relativeResultsDirectory="98870ea1-f08c-4b38-aecd-c38db1b4f9eb" />
    <UnitTestResult executionId="b727523d-0873-4a05-b096-51e28eee19a8" testId="9ed36475-70ea-d935-981c-3ee0399bdd52" testName="ValidateClientResponseClassifiers(Microsoft.TypeSpec.Generator.Input.InputClient)" computerName="pkrvmxyh4eaekms" duration="00:00:00.0005520" startTime="2025-06-24T21:14:12.5562759+00:00" endTime="2025-06-24T21:14:12.5568276+00:00" testType="13cdc9d9-ddb5-4fa4-a97d-d965ccfc6d4b" outcome="Passed" testListId="8c84fa94-04c1-424b-9868-57a2d4851a1d" relativeResultsDirectory="b727523d-0873-4a05-b096-51e28eee19a8" />
    <UnitTestResult executionId="be798ded-ae05-4a59-8d02-b918a0eb8018" testId="2656410e-7f45-70a7-fdf7-f36a93564a60" testName="TestBuildJsonModelWriteCore(Microsoft.TypeSpec.Generator.Input.InputPrimitiveType)" computerName="pkrvmxyh4eaekms" duration="00:00:00.0018020" startTime="2025-06-24T21:14:09.9758047+00:00" endTime="2025-06-24T21:14:09.9776070+00:00" testType="13cdc9d9-ddb5-4fa4-a97d-d965ccfc6d4b" outcome="Passed" testListId="8c84fa94-04c1-424b-9868-57a2d4851a1d" relativeResultsDirectory="be798ded-ae05-4a59-8d02-b918a0eb8018" />
    <UnitTestResult executionId="299e0971-246d-4b60-9530-f0d5b8ad6ac1" testId="f386f2c1-9bbf-a6f6-548a-2cdba0a98a5a" testName="RoundTripWithModelInterface(&quot;J&quot;)" computerName="pkrvmxyh4eaekms" duration="00:00:00.0020380" startTime="2025-06-24T21:14:06.3771633+00:00" endTime="2025-06-24T21:14:06.3792016+00:00" testType="13cdc9d9-ddb5-4fa4-a97d-d965ccfc6d4b" outcome="Passed" testListId="8c84fa94-04c1-424b-9868-57a2d4851a1d" relativeResultsDirectory="299e0971-246d-4b60-9530-f0d5b8ad6ac1" />
    <UnitTestResult executionId="07e04f88-268c-4a9c-a198-8ff7d5fa3688" testId="fc9d51da-0a40-7e6b-a1cd-b320508541a4" testName="FormatsDatesAsString(&quot;o&quot;,05/04/2020 03:02:01 +00:00,&quot;2020-05-04T03:02:01.1230000Z&quot;)" computerName="pkrvmxyh4eaekms" duration="00:00:00.0000300" startTime="2025-06-24T21:14:12.6582684+00:00" endTime="2025-06-24T21:14:12.6582981+00:00" testType="13cdc9d9-ddb5-4fa4-a97d-d965ccfc6d4b" outcome="Passed" testListId="8c84fa94-04c1-424b-9868-57a2d4851a1d" relativeResultsDirectory="07e04f88-268c-4a9c-a198-8ff7d5fa3688" />
    <UnitTestResult executionId="082c63a2-5cc3-4977-bb26-df53934b0241" testId="38d346dd-80f9-a0e9-6d16-c0c882a84d79" testName="UnknownVariantShouldPassKindToBase" computerName="pkrvmxyh4eaekms" duration="00:00:00.0024580" startTime="2025-06-24T21:14:10.0421576+00:00" endTime="2025-06-24T21:14:10.0446152+00:00" testType="13cdc9d9-ddb5-4fa4-a97d-d965ccfc6d4b" outcome="Passed" testListId="8c84fa94-04c1-424b-9868-57a2d4851a1d" relativeResultsDirectory="082c63a2-5cc3-4977-bb26-df53934b0241" />
    <UnitTestResult executionId="00edc796-0894-41b5-97a6-7db562d3126e" testId="a796d7f5-984c-823a-3844-ddc6f7370e1a" testName="AppendPath_DateTimeOffset(&quot;http://localhost&quot;,&quot;6/30/1905 1:14:00 PM +00:00&quot;,&quot;U&quot;,False,&quot;http://localhost/-2035622760&quot;)" computerName="pkrvmxyh4eaekms" duration="00:00:00.0001280" startTime="2025-06-24T21:14:09.5342295+00:00" endTime="2025-06-24T21:14:09.5343571+00:00" testType="13cdc9d9-ddb5-4fa4-a97d-d965ccfc6d4b" outcome="Passed" testListId="8c84fa94-04c1-424b-9868-57a2d4851a1d" relativeResultsDirectory="00edc796-0894-41b5-97a6-7db562d3126e" />
    <UnitTestResult executionId="64347229-308c-490b-80b6-027bae57e7a2" testId="a0417d24-94d1-2703-f2aa-48245183ab9c" testName="ValidateConvertToString(null,299792458L,&quot;299792458&quot;)" computerName="pkrvmxyh4eaekms" duration="00:00:00.0000749" startTime="2025-06-24T21:14:12.6627261+00:00" endTime="2025-06-24T21:14:12.6628014+00:00" testType="13cdc9d9-ddb5-4fa4-a97d-d965ccfc6d4b" outcome="Passed" testListId="8c84fa94-04c1-424b-9868-57a2d4851a1d" relativeResultsDirectory="64347229-308c-490b-80b6-027bae57e7a2" />
    <UnitTestResult executionId="f9b5c9b1-b97d-4429-96a6-8b1e39806c5b" testId="35b2bf0f-1bb3-7eee-c109-7d928c5b6267" testName="NextLinkInBody" computerName="pkrvmxyh4eaekms" duration="00:00:00.0046570" startTime="2025-06-24T21:14:09.6328441+00:00" endTime="2025-06-24T21:14:09.6375007+00:00" testType="13cdc9d9-ddb5-4fa4-a97d-d965ccfc6d4b" outcome="Passed" testListId="8c84fa94-04c1-424b-9868-57a2d4851a1d" relativeResultsDirectory="f9b5c9b1-b97d-4429-96a6-8b1e39806c5b" />
    <UnitTestResult executionId="f14e9296-e171-4495-a01b-513ecfa43dc1" testId="2be290df-7d92-5723-935e-13156fa041e9" testName="TestBuildConstructors_PrimaryConstructor(System.Collections.Generic.List`1[Microsoft.TypeSpec.Generator.Input.InputParameter])" computerName="pkrvmxyh4eaekms" duration="00:00:00.0027870" startTime="2025-06-24T21:14:09.3090976+00:00" endTime="2025-06-24T21:14:09.3118847+00:00" testType="13cdc9d9-ddb5-4fa4-a97d-d965ccfc6d4b" outcome="Passed" testListId="8c84fa94-04c1-424b-9868-57a2d4851a1d" relativeResultsDirectory="f14e9296-e171-4495-a01b-513ecfa43dc1" />
    <UnitTestResult executionId="5646af2a-1262-44ed-86fb-1825ac942143" testId="d82a3974-a1b3-5452-a547-6e33ca1a063c" testName="TestBuildAuthFields_WithSubClients_NoAuth(Microsoft.TypeSpec.Generator.Input.InputClient)" computerName="pkrvmxyh4eaekms" duration="00:00:00.0020799" startTime="2025-06-24T21:14:09.2610175+00:00" endTime="2025-06-24T21:14:09.2630976+00:00" testType="13cdc9d9-ddb5-4fa4-a97d-d965ccfc6d4b" outcome="Passed" testListId="8c84fa94-04c1-424b-9868-57a2d4851a1d" relativeResultsDirectory="5646af2a-1262-44ed-86fb-1825ac942143" />
    <UnitTestResult executionId="b77a34a9-e975-41e8-be88-4d9fe51f8562" testId="d4e8a370-9b59-6ddd-5a28-e76f3ca89b62" testName="NoNextLinkOrContinuationTokenOfTAsync" computerName="pkrvmxyh4eaekms" duration="00:00:00.0029700" startTime="2025-06-24T21:14:09.6297014+00:00" endTime="2025-06-24T21:14:09.6326714+00:00" testType="13cdc9d9-ddb5-4fa4-a97d-d965ccfc6d4b" outcome="Passed" testListId="8c84fa94-04c1-424b-9868-57a2d4851a1d" relativeResultsDirectory="b77a34a9-e975-41e8-be88-4d9fe51f8562" />
    <UnitTestResult executionId="b910b083-f246-412e-a736-dd18b47313b4" testId="6b687bd3-e682-91ed-b1ee-b089e2b536c0" testName="ResetThenAppendPath(&quot;http://localhost/&quot;,null,&quot;http://localhost/&quot;)" computerName="pkrvmxyh4eaekms" duration="00:00:00.0003280" startTime="2025-06-24T21:14:09.5614821+00:00" endTime="2025-06-24T21:14:09.5618101+00:00" testType="13cdc9d9-ddb5-4fa4-a97d-d965ccfc6d4b" outcome="Passed" testListId="8c84fa94-04c1-424b-9868-57a2d4851a1d" relativeResultsDirectory="b910b083-f246-412e-a736-dd18b47313b4" />
    <UnitTestResult executionId="29aedc4a-c681-4c32-b10a-856f17af582d" testId="d2beff4b-5bed-7a1c-c8e7-4e5325b7c60a" testName="AppendQueryDelimited(&quot;http://localhost&quot;,[&quot;hello&quot;, &quot;world&quot;],&quot;;&quot;,False,&quot;http://localhost/?query=hello;world&quot;)" computerName="pkrvmxyh4eaekms" duration="00:00:00.0000520" startTime="2025-06-24T21:14:09.5610389+00:00" endTime="2025-06-24T21:14:09.5610905+00:00" testType="13cdc9d9-ddb5-4fa4-a97d-d965ccfc6d4b" outcome="Passed" testListId="8c84fa94-04c1-424b-9868-57a2d4851a1d" relativeResultsDirectory="29aedc4a-c681-4c32-b10a-856f17af582d" />
    <UnitTestResult executionId="fc3625c8-9f77-4ce7-901e-fc5f292472b2" testId="c448b744-7bf8-6f0c-d98b-198f6de41865" testName="CanCustomizeExtensibleEnum(Microsoft.TypeSpec.Generator.Input.InputEnumType)" computerName="pkrvmxyh4eaekms" duration="00:00:00.0735550" startTime="2025-06-24T21:14:11.6091974+00:00" endTime="2025-06-24T21:14:11.6827521+00:00" testType="13cdc9d9-ddb5-4fa4-a97d-d965ccfc6d4b" outcome="Passed" testListId="8c84fa94-04c1-424b-9868-57a2d4851a1d" relativeResultsDirectory="fc3625c8-9f77-4ce7-901e-fc5f292472b2" />
    <UnitTestResult executionId="fde1809d-13a7-41ef-bdc1-a7c018bccd20" testId="27dd74a8-22cf-ae92-39e4-ce5ef087ac4d" testName="ResetThenAppendPath(&quot;http://localhost&quot;,&quot;path&quot;,&quot;http://localhost/path&quot;)" computerName="pkrvmxyh4eaekms" duration="00:00:00.0000920" startTime="2025-06-24T21:14:09.5626361+00:00" endTime="2025-06-24T21:14:09.5627281+00:00" testType="13cdc9d9-ddb5-4fa4-a97d-d965ccfc6d4b" outcome="Passed" testListId="8c84fa94-04c1-424b-9868-57a2d4851a1d" relativeResultsDirectory="fde1809d-13a7-41ef-bdc1-a7c018bccd20" />
    <UnitTestResult executionId="e241043a-0975-43af-a5d2-bd06f42b6109" testId="3d064911-8ce4-9ebd-478b-8d7a42aeaa1a" testName="TestBuildAuthFields_WithAuth(System.Collections.Generic.List`1[Microsoft.TypeSpec.Generator.Input.InputParameter])" computerName="pkrvmxyh4eaekms" duration="00:00:00.0067320" startTime="2025-06-24T21:14:09.2379342+00:00" endTime="2025-06-24T21:14:09.2446660+00:00" testType="13cdc9d9-ddb5-4fa4-a97d-d965ccfc6d4b" outcome="Passed" testListId="8c84fa94-04c1-424b-9868-57a2d4851a1d" relativeResultsDirectory="e241043a-0975-43af-a5d2-bd06f42b6109" />
    <UnitTestResult executionId="9109c6e9-88af-45c3-95d0-11b9e2f7c8e6" testId="0042b540-d9ed-9ddc-23a9-c43f86f536b2" testName="AppendPath_ByteArray(&quot;http://localhost&quot;,[104, 101, 108, 108, 111],&quot;D&quot;,False,&quot;http://localhost/aGVsbG8=&quot;)" computerName="pkrvmxyh4eaekms" duration="00:00:00.0000890" startTime="2025-06-24T21:14:09.5311042+00:00" endTime="2025-06-24T21:14:09.5311934+00:00" testType="13cdc9d9-ddb5-4fa4-a97d-d965ccfc6d4b" outcome="Passed" testListId="8c84fa94-04c1-424b-9868-57a2d4851a1d" relativeResultsDirectory="9109c6e9-88af-45c3-95d0-11b9e2f7c8e6" />
    <UnitTestResult executionId="eeeacc6a-3d29-476a-a0d8-cdaed721af2a" testId="75ea94fd-3e39-2426-5e3d-01bde1d3cfe1" testName="TestBuildConstructors_SecondaryConstructor(System.Collections.Generic.List`1[Microsoft.TypeSpec.Generator.Input.InputParameter])" computerName="pkrvmxyh4eaekms" duration="00:00:00.0015560" startTime="2025-06-24T21:14:09.3240516+00:00" endTime="2025-06-24T21:14:09.3256075+00:00" testType="13cdc9d9-ddb5-4fa4-a97d-d965ccfc6d4b" outcome="Passed" testListId="8c84fa94-04c1-424b-9868-57a2d4851a1d" relativeResultsDirectory="eeeacc6a-3d29-476a-a0d8-cdaed721af2a" />
    <UnitTestResult executionId="b97c4b29-8436-4a49-81c7-191dc320b5d7" testId="3d064911-8ce4-9ebd-478b-8d7a42aeaa1a" testName="TestBuildAuthFields_WithAuth(System.Collections.Generic.List`1[Microsoft.TypeSpec.Generator.Input.InputParameter])" computerName="pkrvmxyh4eaekms" duration="00:00:00.0022500" startTime="2025-06-24T21:14:09.2473086+00:00" endTime="2025-06-24T21:14:09.2495581+00:00" testType="13cdc9d9-ddb5-4fa4-a97d-d965ccfc6d4b" outcome="Passed" testListId="8c84fa94-04c1-424b-9868-57a2d4851a1d" relativeResultsDirectory="b97c4b29-8436-4a49-81c7-191dc320b5d7" />
    <UnitTestResult executionId="1286343d-c3d2-4159-a534-77ae4eabfb73" testId="8ecd7c13-855a-e3bf-d91c-582f7181be86" testName="FormatsDatesAsJson(&quot;O&quot;,12/31/9999 23:59:59 +00:00,&quot;9999-12-31T23:59:59.9999999Z&quot;)" computerName="pkrvmxyh4eaekms" duration="00:00:00.0000590" startTime="2025-06-24T21:14:12.6571107+00:00" endTime="2025-06-24T21:14:12.6571695+00:00" testType="13cdc9d9-ddb5-4fa4-a97d-d965ccfc6d4b" outcome="Passed" testListId="8c84fa94-04c1-424b-9868-57a2d4851a1d" relativeResultsDirectory="1286343d-c3d2-4159-a534-77ae4eabfb73" />
    <UnitTestResult executionId="8f1fb8a0-ea9e-453a-84b7-3f09f489fa95" testId="e534c7f0-aa9f-7e58-f835-e09dd0e1c6e7" testName="AppendPath_Long(&quot;http://localhost&quot;,299792458000000L,False,&quot;http://localhost/299792458000000&quot;)" computerName="pkrvmxyh4eaekms" duration="00:00:00.0003310" startTime="2025-06-24T21:14:09.5390192+00:00" endTime="2025-06-24T21:14:09.5393499+00:00" testType="13cdc9d9-ddb5-4fa4-a97d-d965ccfc6d4b" outcome="Passed" testListId="8c84fa94-04c1-424b-9868-57a2d4851a1d" relativeResultsDirectory="8f1fb8a0-ea9e-453a-84b7-3f09f489fa95" />
    <UnitTestResult executionId="ff7444c4-f073-4c6b-af24-861d9fdf01bf" testId="19df9d5f-570b-e54d-a401-8a0b00b67220" testName="RoundTripWithJsonInterfaceNonGeneric(&quot;W&quot;)" computerName="pkrvmxyh4eaekms" duration="00:00:00.0006620" startTime="2025-06-24T21:14:06.2465134+00:00" endTime="2025-06-24T21:14:06.2471755+00:00" testType="13cdc9d9-ddb5-4fa4-a97d-d965ccfc6d4b" outcome="Passed" testListId="8c84fa94-04c1-424b-9868-57a2d4851a1d" relativeResultsDirectory="ff7444c4-f073-4c6b-af24-861d9fdf01bf" />
    <UnitTestResult executionId="b2743fb6-24cf-40c5-84de-3ecf05b9f1ab" testId="228d8ed6-db29-3b9e-b289-2db726062215" testName="RoundTripWithJsonInterfaceNonGeneric(&quot;W&quot;)" computerName="pkrvmxyh4eaekms" duration="00:00:00.0009040" startTime="2025-06-24T21:14:06.3976107+00:00" endTime="2025-06-24T21:14:06.3985143+00:00" testType="13cdc9d9-ddb5-4fa4-a97d-d965ccfc6d4b" outcome="Passed" testListId="8c84fa94-04c1-424b-9868-57a2d4851a1d" relativeResultsDirectory="b2743fb6-24cf-40c5-84de-3ecf05b9f1ab" />
    <UnitTestResult executionId="f180573a-673c-4562-b01a-10232ae685a6" testId="4ae3084e-c976-0715-7375-0c9f5fcb3759" testName="TestBuildJsonModelWriteMethodObjectDeclaration" computerName="pkrvmxyh4eaekms" duration="00:00:00.0022889" startTime="2025-06-24T21:14:10.9966349+00:00" endTime="2025-06-24T21:14:10.9989235+00:00" testType="13cdc9d9-ddb5-4fa4-a97d-d965ccfc6d4b" outcome="Passed" testListId="8c84fa94-04c1-424b-9868-57a2d4851a1d" relativeResultsDirectory="f180573a-673c-4562-b01a-10232ae685a6" />
    <UnitTestResult executionId="8a629433-a7ea-4104-a8dc-74e5fe35518a" testId="755d7606-d5aa-0b3e-76f8-b88c66525cda" testName="TestBuildJsonModelCreateMethodProperlyCastsForDiscriminatedType" computerName="pkrvmxyh4eaekms" duration="00:00:00.0027670" startTime="2025-06-24T21:14:10.0184400+00:00" endTime="2025-06-24T21:14:10.0212062+00:00" testType="13cdc9d9-ddb5-4fa4-a97d-d965ccfc6d4b" outcome="Passed" testListId="8c84fa94-04c1-424b-9868-57a2d4851a1d" relativeResultsDirectory="8a629433-a7ea-4104-a8dc-74e5fe35518a" />
    <UnitTestResult executionId="c9abe927-a663-4590-88c4-13b246907abd" testId="f54c3826-ad6c-97f6-6d7f-5045e4477882" testName="AppendPath_DateTimeOffset(&quot;http://localhost&quot;,&quot;6/30/1905 1:14:00 PM +00:00&quot;,&quot;o&quot;,True,&quot;http://localhost/1905-06-30T13%3A14%3A00.0000000Z&quot;)" computerName="pkrvmxyh4eaekms" duration="00:00:00.0001299" startTime="2025-06-24T21:14:09.5332582+00:00" endTime="2025-06-24T21:14:09.5333877+00:00" testType="13cdc9d9-ddb5-4fa4-a97d-d965ccfc6d4b" outcome="Passed" testListId="8c84fa94-04c1-424b-9868-57a2d4851a1d" relativeResultsDirectory="c9abe927-a663-4590-88c4-13b246907abd" />
    <UnitTestResult executionId="c167af28-8c69-4aff-9f00-d98aec65c2e8" testId="a24279c5-ea3c-440e-0894-883622bfcf6b" testName="AppendQuery_DateTimeOffset(&quot;http://localhost&quot;,&quot;6/30/1905 1:14:00 PM +00:00&quot;,&quot;D&quot;,True,&quot;http://localhost/?query=1905-06-30&quot;)" computerName="pkrvmxyh4eaekms" duration="00:00:00.0008780" startTime="2025-06-24T21:14:09.5528161+00:00" endTime="2025-06-24T21:14:09.5536936+00:00" testType="13cdc9d9-ddb5-4fa4-a97d-d965ccfc6d4b" outcome="Passed" testListId="8c84fa94-04c1-424b-9868-57a2d4851a1d" relativeResultsDirectory="c167af28-8c69-4aff-9f00-d98aec65c2e8" />
    <UnitTestResult executionId="cb327a7a-2bb6-4828-95d8-ef7cfa203c86" testId="7fe16f67-ef74-a129-92fe-2486276145d3" testName="ValidateProperties" computerName="pkrvmxyh4eaekms" duration="00:00:00.0005820" startTime="2025-06-24T21:14:12.5667727+00:00" endTime="2025-06-24T21:14:12.5673540+00:00" testType="13cdc9d9-ddb5-4fa4-a97d-d965ccfc6d4b" outcome="Passed" testListId="8c84fa94-04c1-424b-9868-57a2d4851a1d" relativeResultsDirectory="cb327a7a-2bb6-4828-95d8-ef7cfa203c86" />
    <UnitTestResult executionId="68351348-6567-4ff4-9907-72ad97e996e3" testId="9028e4f8-46b1-79ea-0efe-f94680b13e65" testName="ResetThenAppendPath(&quot;http://localhost:12345/&quot;,&quot;path&quot;,&quot;http://localhost:12345/path&quot;)" computerName="pkrvmxyh4eaekms" duration="00:00:00.0000920" startTime="2025-06-24T21:14:09.5629403+00:00" endTime="2025-06-24T21:14:09.5630325+00:00" testType="13cdc9d9-ddb5-4fa4-a97d-d965ccfc6d4b" outcome="Passed" testListId="8c84fa94-04c1-424b-9868-57a2d4851a1d" relativeResultsDirectory="68351348-6567-4ff4-9907-72ad97e996e3" />
    <UnitTestResult executionId="db796959-a30d-40c6-8440-21769b6ddbae" testId="d6098f81-48a5-ada0-84fc-9f1410547a55" testName="TestIntDeserializeExpression(System.Int64,Default)" computerName="pkrvmxyh4eaekms" duration="00:00:00.0003270" startTime="2025-06-24T21:14:11.0370183+00:00" endTime="2025-06-24T21:14:11.0373454+00:00" testType="13cdc9d9-ddb5-4fa4-a97d-d965ccfc6d4b" outcome="Passed" testListId="8c84fa94-04c1-424b-9868-57a2d4851a1d" relativeResultsDirectory="db796959-a30d-40c6-8440-21769b6ddbae" />
    <UnitTestResult executionId="b9b3647b-2a38-4575-8728-724ad531ea54" testId="bcca15e8-f885-072a-8111-788e9a179cb4" testName="ResetThenAppendQuery(&quot;http://localhost/some/&quot;,&quot;one|1|two|2&quot;,&quot;http://localhost/some/?one=1&amp;two=2&quot;)" computerName="pkrvmxyh4eaekms" duration="00:00:00.0000980" startTime="2025-06-24T21:14:09.5688235+00:00" endTime="2025-06-24T21:14:09.5689219+00:00" testType="13cdc9d9-ddb5-4fa4-a97d-d965ccfc6d4b" outcome="Passed" testListId="8c84fa94-04c1-424b-9868-57a2d4851a1d" relativeResultsDirectory="b9b3647b-2a38-4575-8728-724ad531ea54" />
    <UnitTestResult executionId="7fd5f6f4-4ffc-4ab2-bd10-af222c0fb68a" testId="0ff7f84c-222b-c9d7-80b3-11c44079c637" testName="ResetThenAppendPath(&quot;http://localhost:12345/&quot;,&quot;/path/&quot;,&quot;http://localhost:12345/path/&quot;)" computerName="pkrvmxyh4eaekms" duration="00:00:00.0000930" startTime="2025-06-24T21:14:09.5647640+00:00" endTime="2025-06-24T21:14:09.5648568+00:00" testType="13cdc9d9-ddb5-4fa4-a97d-d965ccfc6d4b" outcome="Passed" testListId="8c84fa94-04c1-424b-9868-57a2d4851a1d" relativeResultsDirectory="7fd5f6f4-4ffc-4ab2-bd10-af222c0fb68a" />
    <UnitTestResult executionId="73e55064-ba33-46a0-90d7-63437998f08d" testId="96c6901d-cb68-884d-5e4f-ceda707a0dcc" testName="RoundTripWithJsonInterfaceUtf8ReaderNonGeneric(&quot;W&quot;)" computerName="pkrvmxyh4eaekms" duration="00:00:00.0005500" startTime="2025-06-24T21:14:06.2053257+00:00" endTime="2025-06-24T21:14:06.2058759+00:00" testType="13cdc9d9-ddb5-4fa4-a97d-d965ccfc6d4b" outcome="Passed" testListId="8c84fa94-04c1-424b-9868-57a2d4851a1d" relativeResultsDirectory="73e55064-ba33-46a0-90d7-63437998f08d" />
    <UnitTestResult executionId="056688c9-914d-4f8e-8ce8-bd93d190f4b7" testId="0bfb23f1-036b-2928-5050-65c3a964fcdb" testName="RoundTripWithModelReaderWriter(&quot;W&quot;)" computerName="pkrvmxyh4eaekms" duration="00:00:00.0010450" startTime="2025-06-24T21:14:06.4156980+00:00" endTime="2025-06-24T21:14:06.4167430+00:00" testType="13cdc9d9-ddb5-4fa4-a97d-d965ccfc6d4b" outcome="Passed" testListId="8c84fa94-04c1-424b-9868-57a2d4851a1d" relativeResultsDirectory="056688c9-914d-4f8e-8ce8-bd93d190f4b7" />
    <UnitTestResult executionId="2b33d694-ac56-4f09-81bd-308b7d18fbde" testId="9dc477ec-e1a1-d66d-01b6-1f6f67046bad" testName="TestDefaultCSharpMethodCollection(Microsoft.TypeSpec.Generator.Input.InputBasicServiceMethod)" computerName="pkrvmxyh4eaekms" duration="00:00:00.0028960" startTime="2025-06-24T21:14:12.6508264+00:00" endTime="2025-06-24T21:14:12.6537223+00:00" testType="13cdc9d9-ddb5-4fa4-a97d-d965ccfc6d4b" outcome="Passed" testListId="8c84fa94-04c1-424b-9868-57a2d4851a1d" relativeResultsDirectory="2b33d694-ac56-4f09-81bd-308b7d18fbde" />
    <UnitTestResult executionId="5e9a57ab-6d4b-49a7-b35b-c55776a0ba38" testId="387cdf60-47d4-7089-903d-9b660e15988c" testName="RequestBodyConstructedUsingBinaryContentHelpers(Microsoft.TypeSpec.Generator.Input.InputArrayType)" computerName="pkrvmxyh4eaekms" duration="00:00:00.0019100" startTime="2025-06-24T21:14:12.6357050+00:00" endTime="2025-06-24T21:14:12.6376154+00:00" testType="13cdc9d9-ddb5-4fa4-a97d-d965ccfc6d4b" outcome="Passed" testListId="8c84fa94-04c1-424b-9868-57a2d4851a1d" relativeResultsDirectory="5e9a57ab-6d4b-49a7-b35b-c55776a0ba38" />
    <UnitTestResult executionId="85d9736f-c35e-488f-afb9-0eff719c01e7" testId="95b47281-e8c1-361c-53c0-38909c103b14" testName="TestIntSerializationStatement(Integer,&quot;string&quot;)" computerName="pkrvmxyh4eaekms" duration="00:00:00.0035590" startTime="2025-06-24T21:14:11.0383013+00:00" endTime="2025-06-24T21:14:11.0418605+00:00" testType="13cdc9d9-ddb5-4fa4-a97d-d965ccfc6d4b" outcome="Passed" testListId="8c84fa94-04c1-424b-9868-57a2d4851a1d" relativeResultsDirectory="85d9736f-c35e-488f-afb9-0eff719c01e7" />
    <UnitTestResult executionId="43a9a055-89e1-4aea-ba95-5360f90ec397" testId="99c7137a-c4cc-c248-105c-3d4d4355e432" testName="TestDeserializationStatement(Microsoft.TypeSpec.Generator.Input.InputModelProperty,True,False)" computerName="pkrvmxyh4eaekms" duration="00:00:00.0007910" startTime="2025-06-24T21:14:09.9951730+00:00" endTime="2025-06-24T21:14:09.9959644+00:00" testType="13cdc9d9-ddb5-4fa4-a97d-d965ccfc6d4b" outcome="Passed" testListId="8c84fa94-04c1-424b-9868-57a2d4851a1d" relativeResultsDirectory="43a9a055-89e1-4aea-ba95-5360f90ec397" />
    <UnitTestResult executionId="8c4d51b2-dbd3-4e79-9766-4d13b7d83cca" testId="1e137d1c-2d50-6f10-2ced-78edc3b544f6" testName="TestBuildDeserializationMethodNestedSARD" computerName="pkrvmxyh4eaekms" duration="00:00:00.0048030" startTime="2025-06-24T21:14:10.9704825+00:00" endTime="2025-06-24T21:14:10.9752853+00:00" testType="13cdc9d9-ddb5-4fa4-a97d-d965ccfc6d4b" outcome="Passed" testListId="8c84fa94-04c1-424b-9868-57a2d4851a1d" relativeResultsDirectory="8c4d51b2-dbd3-4e79-9766-4d13b7d83cca" />
    <UnitTestResult executionId="3df5b749-1b79-4350-8de6-0bba27fcb3e3" testId="c50242f7-2db4-2683-4f08-b38b5407f5c6" testName="AppendQuery_ByteArray(&quot;http://localhost&quot;,[104, 101, 108, 108, 111],&quot;U&quot;,False,&quot;http://localhost/?query=aGVsbG8&quot;)" computerName="pkrvmxyh4eaekms" duration="00:00:00.0001900" startTime="2025-06-24T21:14:09.5524258+00:00" endTime="2025-06-24T21:14:09.5526160+00:00" testType="13cdc9d9-ddb5-4fa4-a97d-d965ccfc6d4b" outcome="Passed" testListId="8c84fa94-04c1-424b-9868-57a2d4851a1d" relativeResultsDirectory="3df5b749-1b79-4350-8de6-0bba27fcb3e3" />
    <UnitTestResult executionId="76367bcd-c363-435d-a648-3c742a94cade" testId="11cd0334-f322-c646-5f36-1872a5a0e56e" testName="AppendQuery_Double(&quot;http://localhost&quot;,3.14d,True,&quot;http://localhost/?query=3.14&quot;)" computerName="pkrvmxyh4eaekms" duration="00:00:00.0002960" startTime="2025-06-24T21:14:09.5549340+00:00" endTime="2025-06-24T21:14:09.5552295+00:00" testType="13cdc9d9-ddb5-4fa4-a97d-d965ccfc6d4b" outcome="Passed" testListId="8c84fa94-04c1-424b-9868-57a2d4851a1d" relativeResultsDirectory="76367bcd-c363-435d-a648-3c742a94cade" />
    <UnitTestResult executionId="3b0fa947-b751-4018-b555-860856ed8a2c" testId="3324df3f-d0c2-2d28-c81e-613d4d905e8f" testName="TestIntDeserializeExpression(System.Int16,Int_String)" computerName="pkrvmxyh4eaekms" duration="00:00:00.0076180" startTime="2025-06-24T21:14:11.0289735+00:00" endTime="2025-06-24T21:14:11.0365910+00:00" testType="13cdc9d9-ddb5-4fa4-a97d-d965ccfc6d4b" outcome="Passed" testListId="8c84fa94-04c1-424b-9868-57a2d4851a1d" relativeResultsDirectory="3b0fa947-b751-4018-b555-860856ed8a2c" />
    <UnitTestResult executionId="2e9fe634-2259-4cc5-855a-4b64f19207fc" testId="52b9b455-2407-4953-cf47-5a45fd633d82" testName="ValidateConvertToString(null,-299792458L,&quot;-299792458&quot;)" computerName="pkrvmxyh4eaekms" duration="00:00:00.0000710" startTime="2025-06-24T21:14:12.6628081+00:00" endTime="2025-06-24T21:14:12.6628791+00:00" testType="13cdc9d9-ddb5-4fa4-a97d-d965ccfc6d4b" outcome="Passed" testListId="8c84fa94-04c1-424b-9868-57a2d4851a1d" relativeResultsDirectory="2e9fe634-2259-4cc5-855a-4b64f19207fc" />
    <UnitTestResult executionId="4e184ef7-cb85-4a3c-9ecf-b0ce644aa2c0" testId="c07aed26-14d1-210f-7fca-c19609b25bf3" testName="RoundTripWithModelReaderWriterNonGeneric(&quot;W&quot;)" computerName="pkrvmxyh4eaekms" duration="00:00:00.0006530" startTime="2025-06-24T21:14:06.2289146+00:00" endTime="2025-06-24T21:14:06.2295673+00:00" testType="13cdc9d9-ddb5-4fa4-a97d-d965ccfc6d4b" outcome="Passed" testListId="8c84fa94-04c1-424b-9868-57a2d4851a1d" relativeResultsDirectory="4e184ef7-cb85-4a3c-9ecf-b0ce644aa2c0" />
    <UnitTestResult executionId="2639848f-e749-408e-a211-884007f5c13f" testId="f74fbe00-0c7a-711f-33e0-1688ffdc8c23" testName="TestBuildAuthFields_WithSubClients_WithAuth(Microsoft.TypeSpec.Generator.Input.InputClient)" computerName="pkrvmxyh4eaekms" duration="00:00:00.0021650" startTime="2025-06-24T21:14:09.2697817+00:00" endTime="2025-06-24T21:14:09.2719464+00:00" testType="13cdc9d9-ddb5-4fa4-a97d-d965ccfc6d4b" outcome="Passed" testListId="8c84fa94-04c1-424b-9868-57a2d4851a1d" relativeResultsDirectory="2639848f-e749-408e-a211-884007f5c13f" />
    <UnitTestResult executionId="3d22a7d7-a691-4b37-b047-43040bd19d97" testId="4aeb2cf1-e0c9-d53a-978a-fe86c8b66c85" testName="RoundTripWithJsonInterfaceUtf8ReaderNonGeneric(&quot;J&quot;)" computerName="pkrvmxyh4eaekms" duration="00:00:00.0011830" startTime="2025-06-24T21:14:06.4306964+00:00" endTime="2025-06-24T21:14:06.4318792+00:00" testType="13cdc9d9-ddb5-4fa4-a97d-d965ccfc6d4b" outcome="Passed" testListId="8c84fa94-04c1-424b-9868-57a2d4851a1d" relativeResultsDirectory="3d22a7d7-a691-4b37-b047-43040bd19d97" />
    <UnitTestResult executionId="6c47e93e-522c-40e0-9fdc-94f3522fcf7c" testId="6539ef61-00d3-0628-76fb-ca399d3cc346" testName="AppendQuery_Bool(&quot;http://localhost&quot;,True,True,&quot;http://localhost/?query=true&quot;)" computerName="pkrvmxyh4eaekms" duration="00:00:00.0005890" startTime="2025-06-24T21:14:09.5434106+00:00" endTime="2025-06-24T21:14:09.5439992+00:00" testType="13cdc9d9-ddb5-4fa4-a97d-d965ccfc6d4b" outcome="Passed" testListId="8c84fa94-04c1-424b-9868-57a2d4851a1d" relativeResultsDirectory="6c47e93e-522c-40e0-9fdc-94f3522fcf7c" />
    <UnitTestResult executionId="4eb99fe1-7346-4be1-ba04-a7e0b9ec0cb6" testId="dd7e6866-8340-bf6e-eb04-ef29b1a07f97" testName="TestConstructors(True)" computerName="pkrvmxyh4eaekms" duration="00:00:00.0037130" startTime="2025-06-24T21:14:07.9777183+00:00" endTime="2025-06-24T21:14:07.9814313+00:00" testType="13cdc9d9-ddb5-4fa4-a97d-d965ccfc6d4b" outcome="Passed" testListId="8c84fa94-04c1-424b-9868-57a2d4851a1d" relativeResultsDirectory="4eb99fe1-7346-4be1-ba04-a7e0b9ec0cb6" />
    <UnitTestResult executionId="a1949351-c958-4fcc-bc9d-8034d0877697" testId="6809884e-bb17-d38a-6d12-ed43e639dc6c" testName="AppendQuery_ByteArray(&quot;http://localhost&quot;,[104, 101, 108, 108, 111],&quot;D&quot;,True,&quot;http://localhost/?query=aGVsbG8%3D&quot;)" computerName="pkrvmxyh4eaekms" duration="00:00:00.0074130" startTime="2025-06-24T21:14:09.5449707+00:00" endTime="2025-06-24T21:14:09.5523833+00:00" testType="13cdc9d9-ddb5-4fa4-a97d-d965ccfc6d4b" outcome="Passed" testListId="8c84fa94-04c1-424b-9868-57a2d4851a1d" relativeResultsDirectory="a1949351-c958-4fcc-bc9d-8034d0877697" />
    <UnitTestResult executionId="6601ac44-022c-43dd-9aa3-7ec67df6b338" testId="647a6e46-5887-fcbd-09f2-cc660f744507" testName="CanCustomizeSerializationMethodForPropertyInBase" computerName="pkrvmxyh4eaekms" duration="00:00:00.0667620" startTime="2025-06-24T21:14:12.0324614+00:00" endTime="2025-06-24T21:14:12.0992231+00:00" testType="13cdc9d9-ddb5-4fa4-a97d-d965ccfc6d4b" outcome="Passed" testListId="8c84fa94-04c1-424b-9868-57a2d4851a1d" relativeResultsDirectory="6601ac44-022c-43dd-9aa3-7ec67df6b338" />
    <UnitTestResult executionId="0d632b9c-3553-4085-829f-b448fe2bd6b6" testId="304239fc-7054-9e5d-eba6-2bd02a709820" testName="SubClientWithMultipleSubClients" computerName="pkrvmxyh4eaekms" duration="00:00:00.0019719" startTime="2025-06-24T21:14:09.1216012+00:00" endTime="2025-06-24T21:14:09.1235729+00:00" testType="13cdc9d9-ddb5-4fa4-a97d-d965ccfc6d4b" outcome="Passed" testListId="8c84fa94-04c1-424b-9868-57a2d4851a1d" relativeResultsDirectory="0d632b9c-3553-4085-829f-b448fe2bd6b6" />
    <UnitTestResult executionId="63bd8bda-e986-468e-bb0c-ff301d313821" testId="a0a3d471-9d79-b0a8-66e1-fb0ed7fc56be" testName="ValidateIsLastNamespaceSegmentTheSame(&quot;.Foo&quot;,&quot;Foo&quot;)" computerName="pkrvmxyh4eaekms" duration="00:00:00.0008570" startTime="2025-06-24T21:14:09.4284864+00:00" endTime="2025-06-24T21:14:09.4293432+00:00" testType="13cdc9d9-ddb5-4fa4-a97d-d965ccfc6d4b" outcome="Passed" testListId="8c84fa94-04c1-424b-9868-57a2d4851a1d" relativeResultsDirectory="63bd8bda-e986-468e-bb0c-ff301d313821" />
    <UnitTestResult executionId="a6f1df7e-2a70-49a0-a95b-a0ea5ddc2046" testId="b15d8efd-7f32-e75e-1f6f-96aa9050a2b9" testName="DerivedShouldNotHaveProxyAttribute" computerName="pkrvmxyh4eaekms" duration="00:00:00.0020780" startTime="2025-06-24T21:14:10.0087581+00:00" endTime="2025-06-24T21:14:10.0108361+00:00" testType="13cdc9d9-ddb5-4fa4-a97d-d965ccfc6d4b" outcome="Passed" testListId="8c84fa94-04c1-424b-9868-57a2d4851a1d" relativeResultsDirectory="a6f1df7e-2a70-49a0-a95b-a0ea5ddc2046" />
    <UnitTestResult executionId="bef042a4-06b7-4a2d-a610-eb286abc3708" testId="37d9c8b1-d0b8-0afa-2afc-a2ae57ced7f5" testName="AppendQuery_ByteArray(&quot;http://localhost&quot;,[104, 101, 108, 108, 111],&quot;U&quot;,True,&quot;http://localhost/?query=aGVsbG8&quot;)" computerName="pkrvmxyh4eaekms" duration="00:00:00.0002980" startTime="2025-06-24T21:14:09.5446571+00:00" endTime="2025-06-24T21:14:09.5449552+00:00" testType="13cdc9d9-ddb5-4fa4-a97d-d965ccfc6d4b" outcome="Passed" testListId="8c84fa94-04c1-424b-9868-57a2d4851a1d" relativeResultsDirectory="bef042a4-06b7-4a2d-a610-eb286abc3708" />
    <UnitTestResult executionId="1ac4939d-88a3-4d4b-8f3f-69c1786f695b" testId="950100c2-49ef-ba57-58d1-801e4f2eaf4a" testName="ValidateClientWithApiVersionPathParameter(Microsoft.TypeSpec.Generator.Input.InputClient)" computerName="pkrvmxyh4eaekms" duration="00:00:00.0004540" startTime="2025-06-24T21:14:12.5646534+00:00" endTime="2025-06-24T21:14:12.5651072+00:00" testType="13cdc9d9-ddb5-4fa4-a97d-d965ccfc6d4b" outcome="Passed" testListId="8c84fa94-04c1-424b-9868-57a2d4851a1d" relativeResultsDirectory="1ac4939d-88a3-4d4b-8f3f-69c1786f695b" />
    <UnitTestResult executionId="4ec8b744-319c-4ed6-b265-faf4cb9b311e" testId="7fc2c76c-1924-e821-1092-1c6d9443a05b" testName="TestRequestOptionsParameterInSignature(Microsoft.TypeSpec.Generator.Input.InputBasicServiceMethod,True,False)" computerName="pkrvmxyh4eaekms" duration="00:00:00.0015700" startTime="2025-06-24T21:14:09.3873522+00:00" endTime="2025-06-24T21:14:09.3889219+00:00" testType="13cdc9d9-ddb5-4fa4-a97d-d965ccfc6d4b" outcome="Passed" testListId="8c84fa94-04c1-424b-9868-57a2d4851a1d" relativeResultsDirectory="4ec8b744-319c-4ed6-b265-faf4cb9b311e" />
    <UnitTestResult executionId="d1c142eb-ecf0-4fb2-8aa4-dc17c45275a3" testId="405a9a6e-f7a9-5cd4-cb04-c735c2ffb585" testName="TestIntDeserializeExpression(System.Int64,Int_String)" computerName="pkrvmxyh4eaekms" duration="00:00:00.0009010" startTime="2025-06-24T21:14:11.0275985+00:00" endTime="2025-06-24T21:14:11.0284990+00:00" testType="13cdc9d9-ddb5-4fa4-a97d-d965ccfc6d4b" outcome="Passed" testListId="8c84fa94-04c1-424b-9868-57a2d4851a1d" relativeResultsDirectory="d1c142eb-ecf0-4fb2-8aa4-dc17c45275a3" />
    <UnitTestResult executionId="442f6c30-ff10-4d07-b828-03355842478a" testId="e5e96db0-2afd-1720-d8f8-60e737e02cce" testName="TestNestedTypes(False)" computerName="pkrvmxyh4eaekms" duration="00:00:00.0018430" startTime="2025-06-24T21:14:07.9927689+00:00" endTime="2025-06-24T21:14:07.9946113+00:00" testType="13cdc9d9-ddb5-4fa4-a97d-d965ccfc6d4b" outcome="Passed" testListId="8c84fa94-04c1-424b-9868-57a2d4851a1d" relativeResultsDirectory="442f6c30-ff10-4d07-b828-03355842478a" />
    <UnitTestResult executionId="9c18ba85-429b-4332-a8d7-fb5830d2a4a0" testId="a8f1c880-78cf-7098-795a-e75cda76d3c7" testName="PreVisitsClients" computerName="pkrvmxyh4eaekms" duration="00:00:00.2230000" startTime="2025-06-24T21:14:05.8491748+00:00" endTime="2025-06-24T21:14:06.0720617+00:00" testType="13cdc9d9-ddb5-4fa4-a97d-d965ccfc6d4b" outcome="Passed" testListId="8c84fa94-04c1-424b-9868-57a2d4851a1d" relativeResultsDirectory="9c18ba85-429b-4332-a8d7-fb5830d2a4a0" />
    <UnitTestResult executionId="10c06adb-ca0b-46b4-8107-25dfdfb4573d" testId="fa1eba1d-67af-1549-37db-913bdb2669b8" testName="ValidateFields" computerName="pkrvmxyh4eaekms" duration="00:00:00.0004810" startTime="2025-06-24T21:14:12.5657316+00:00" endTime="2025-06-24T21:14:12.5662120+00:00" testType="13cdc9d9-ddb5-4fa4-a97d-d965ccfc6d4b" outcome="Passed" testListId="8c84fa94-04c1-424b-9868-57a2d4851a1d" relativeResultsDirectory="10c06adb-ca0b-46b4-8107-25dfdfb4573d" />
    <UnitTestResult executionId="f6a03d93-6efe-46f3-ba90-7ca56b201087" testId="1f529619-47ad-664f-ed2a-aae54577d440" testName="ValidateQueryParamWriterDiff(False)" computerName="pkrvmxyh4eaekms" duration="00:00:00.0026750" startTime="2025-06-24T21:14:09.4406260+00:00" endTime="2025-06-24T21:14:09.4433006+00:00" testType="13cdc9d9-ddb5-4fa4-a97d-d965ccfc6d4b" outcome="Passed" testListId="8c84fa94-04c1-424b-9868-57a2d4851a1d" relativeResultsDirectory="f6a03d93-6efe-46f3-ba90-7ca56b201087" />
    <UnitTestResult executionId="4ec5fe93-0672-4aa2-8571-748a75b300f5" testId="f13da6e1-73f6-6894-5cc8-addc8326f458" testName="ThrowsIfWireIsNotJson" computerName="pkrvmxyh4eaekms" duration="00:00:00.0009970" startTime="2025-06-24T21:14:06.2421343+00:00" endTime="2025-06-24T21:14:06.2431311+00:00" testType="13cdc9d9-ddb5-4fa4-a97d-d965ccfc6d4b" outcome="Passed" testListId="8c84fa94-04c1-424b-9868-57a2d4851a1d" relativeResultsDirectory="4ec5fe93-0672-4aa2-8571-748a75b300f5" />
    <UnitTestResult executionId="d21e7c86-907e-4a0e-8df3-6ae363f14aef" testId="52f43070-5fba-489a-4c2a-6329fcf8bea7" testName="CanReplaceSerializationMethod" computerName="pkrvmxyh4eaekms" duration="00:00:00.0894460" startTime="2025-06-24T21:14:12.2611924+00:00" endTime="2025-06-24T21:14:12.3506384+00:00" testType="13cdc9d9-ddb5-4fa4-a97d-d965ccfc6d4b" outcome="Passed" testListId="8c84fa94-04c1-424b-9868-57a2d4851a1d" relativeResultsDirectory="d21e7c86-907e-4a0e-8df3-6ae363f14aef" />
    <UnitTestResult executionId="2a419683-783f-4ab4-a719-0f8f69d2bf26" testId="76047b41-0e4d-e4f0-081c-d902d04aad22" testName="ResetThenAppendQuery(&quot;http://localhost&quot;,&quot;one|1|two|2&quot;,&quot;http://localhost/?one=1&amp;two=2&quot;)" computerName="pkrvmxyh4eaekms" duration="00:00:00.0000930" startTime="2025-06-24T21:14:09.5681712+00:00" endTime="2025-06-24T21:14:09.5682640+00:00" testType="13cdc9d9-ddb5-4fa4-a97d-d965ccfc6d4b" outcome="Passed" testListId="8c84fa94-04c1-424b-9868-57a2d4851a1d" relativeResultsDirectory="2a419683-783f-4ab4-a719-0f8f69d2bf26" />
    <UnitTestResult executionId="00fff446-c9a8-4d81-9646-4f0109b25ea1" testId="f55a233a-e14b-4380-52ae-c7ccd5e5efd5" testName="TestRequestOptionsParameterInSignature(Microsoft.TypeSpec.Generator.Input.InputBasicServiceMethod,False,True)" computerName="pkrvmxyh4eaekms" duration="00:00:00.0020100" startTime="2025-06-24T21:14:09.3817534+00:00" endTime="2025-06-24T21:14:09.3837629+00:00" testType="13cdc9d9-ddb5-4fa4-a97d-d965ccfc6d4b" outcome="Passed" testListId="8c84fa94-04c1-424b-9868-57a2d4851a1d" relativeResultsDirectory="00fff446-c9a8-4d81-9646-4f0109b25ea1" />
    <UnitTestResult executionId="ebf90694-2f57-40fe-87e9-205e94eed0dd" testId="4b9c1ba1-8fc1-d592-d8e2-2c9b4a349460" testName="RoundTripWithModelReaderWriter(&quot;W&quot;)" computerName="pkrvmxyh4eaekms" duration="00:00:00.0010210" startTime="2025-06-24T21:14:06.4390566+00:00" endTime="2025-06-24T21:14:06.4400771+00:00" testType="13cdc9d9-ddb5-4fa4-a97d-d965ccfc6d4b" outcome="Passed" testListId="8c84fa94-04c1-424b-9868-57a2d4851a1d" relativeResultsDirectory="ebf90694-2f57-40fe-87e9-205e94eed0dd" />
    <UnitTestResult executionId="8eecfec7-7edb-482e-8fe1-14ebf266076c" testId="763fef58-1ede-bd37-d3db-07fa6ea545ca" testName="RoundTripWithModelReaderWriter(&quot;W&quot;)" computerName="pkrvmxyh4eaekms" duration="00:00:00.0020590" startTime="2025-06-24T21:14:06.3859393+00:00" endTime="2025-06-24T21:14:06.3879978+00:00" testType="13cdc9d9-ddb5-4fa4-a97d-d965ccfc6d4b" outcome="Passed" testListId="8c84fa94-04c1-424b-9868-57a2d4851a1d" relativeResultsDirectory="8eecfec7-7edb-482e-8fe1-14ebf266076c" />
    <UnitTestResult executionId="f61bba74-5058-45ef-af59-4cf13da0cbf1" testId="94a2cac8-4ab7-421d-27d1-f00b332ef0d4" testName="CanReplaceMethod" computerName="pkrvmxyh4eaekms" duration="00:00:00.0698570" startTime="2025-06-24T21:14:09.8488002+00:00" endTime="2025-06-24T21:14:09.9186564+00:00" testType="13cdc9d9-ddb5-4fa4-a97d-d965ccfc6d4b" outcome="Passed" testListId="8c84fa94-04c1-424b-9868-57a2d4851a1d" relativeResultsDirectory="f61bba74-5058-45ef-af59-4cf13da0cbf1" />
    <UnitTestResult executionId="ebd719bb-a2be-49a7-8542-5a29907cd207" testId="6ac21b09-6a82-496e-b35b-b25d2eeff3bd" testName="TestEqualAfterConvertingToUtc(&quot;2020-05-04T03:02:01.1230000-08:00&quot;)" computerName="pkrvmxyh4eaekms" duration="00:00:00.0002310" startTime="2025-06-24T21:14:12.6607859+00:00" endTime="2025-06-24T21:14:12.6610170+00:00" testType="13cdc9d9-ddb5-4fa4-a97d-d965ccfc6d4b" outcome="Passed" testListId="8c84fa94-04c1-424b-9868-57a2d4851a1d" relativeResultsDirectory="ebd719bb-a2be-49a7-8542-5a29907cd207" />
    <UnitTestResult executionId="ffb2149f-eeda-495b-a5dd-abac4861d605" testId="5112593c-0687-fa01-6d25-d137ee4d6ee0" testName="ValidateClientWithApiVersion" computerName="pkrvmxyh4eaekms" duration="00:00:00.0009370" startTime="2025-06-24T21:14:12.5628295+00:00" endTime="2025-06-24T21:14:12.5637669+00:00" testType="13cdc9d9-ddb5-4fa4-a97d-d965ccfc6d4b" outcome="Passed" testListId="8c84fa94-04c1-424b-9868-57a2d4851a1d" relativeResultsDirectory="ffb2149f-eeda-495b-a5dd-abac4861d605" />
    <UnitTestResult executionId="fa192df6-02c4-4f79-859a-64ed01bbbea4" testId="7d7d04ff-07f4-2928-7743-9094eb345a03" testName="AccessibilityOfMethodMatchesInputOperation(False)" computerName="pkrvmxyh4eaekms" duration="00:00:00.0022500" startTime="2025-06-24T21:14:09.1288480+00:00" endTime="2025-06-24T21:14:09.1310977+00:00" testType="13cdc9d9-ddb5-4fa4-a97d-d965ccfc6d4b" outcome="Passed" testListId="8c84fa94-04c1-424b-9868-57a2d4851a1d" relativeResultsDirectory="fa192df6-02c4-4f79-859a-64ed01bbbea4" />
    <UnitTestResult executionId="d0a66124-5cb2-47e6-9062-aae7fde5e3c4" testId="bb05d838-e8b8-1928-3fbd-d3679a7f86bf" testName="RoundTripWithModelReaderWriter(&quot;J&quot;)" computerName="pkrvmxyh4eaekms" duration="00:00:00.0042500" startTime="2025-06-24T21:14:06.2224822+00:00" endTime="2025-06-24T21:14:06.2267318+00:00" testType="13cdc9d9-ddb5-4fa4-a97d-d965ccfc6d4b" outcome="Passed" testListId="8c84fa94-04c1-424b-9868-57a2d4851a1d" relativeResultsDirectory="d0a66124-5cb2-47e6-9062-aae7fde5e3c4" />
    <UnitTestResult executionId="99243152-ed6a-49db-8f7f-ccc8443a9258" testId="505e1ea4-0d08-e68d-cda2-548640bb0bd2" testName="NextLinkInBodyOfT" computerName="pkrvmxyh4eaekms" duration="00:00:00.0024690" startTime="2025-06-24T21:14:09.6434423+00:00" endTime="2025-06-24T21:14:09.6459117+00:00" testType="13cdc9d9-ddb5-4fa4-a97d-d965ccfc6d4b" outcome="Passed" testListId="8c84fa94-04c1-424b-9868-57a2d4851a1d" relativeResultsDirectory="99243152-ed6a-49db-8f7f-ccc8443a9258" />
    <UnitTestResult executionId="ce099104-229d-4ede-8c7e-d692b9d4fdf8" testId="fca18189-14b0-a9a5-a2ad-de0d93f61ac9" testName="ResetThenAppendPath(&quot;http://localhost:12345&quot;,&quot;/path&quot;,&quot;http://localhost:12345/path&quot;)" computerName="pkrvmxyh4eaekms" duration="00:00:00.0000930" startTime="2025-06-24T21:14:09.5637883+00:00" endTime="2025-06-24T21:14:09.5638811+00:00" testType="13cdc9d9-ddb5-4fa4-a97d-d965ccfc6d4b" outcome="Passed" testListId="8c84fa94-04c1-424b-9868-57a2d4851a1d" relativeResultsDirectory="ce099104-229d-4ede-8c7e-d692b9d4fdf8" />
    <UnitTestResult executionId="88266aaf-29c7-4cb6-abd0-60d0c05b9aa9" testId="6926a070-192e-3bc2-3350-2c630870c19d" testName="ValidateGetResponseClassifiersThrowsWhenNoSuccess" computerName="pkrvmxyh4eaekms" duration="00:00:00.0005180" startTime="2025-06-24T21:14:12.5662377+00:00" endTime="2025-06-24T21:14:12.5667558+00:00" testType="13cdc9d9-ddb5-4fa4-a97d-d965ccfc6d4b" outcome="Passed" testListId="8c84fa94-04c1-424b-9868-57a2d4851a1d" relativeResultsDirectory="88266aaf-29c7-4cb6-abd0-60d0c05b9aa9" />
    <UnitTestResult executionId="5f09c007-3dea-49de-bf90-d3fb58546498" testId="1bfcd3a7-5eb8-b503-f8b6-db88665035c4" testName="TestBuildImplicitToBinaryContent(True)" computerName="pkrvmxyh4eaekms" duration="00:00:00.0022070" startTime="2025-06-24T21:14:10.9808144+00:00" endTime="2025-06-24T21:14:10.9830216+00:00" testType="13cdc9d9-ddb5-4fa4-a97d-d965ccfc6d4b" outcome="Passed" testListId="8c84fa94-04c1-424b-9868-57a2d4851a1d" relativeResultsDirectory="5f09c007-3dea-49de-bf90-d3fb58546498" />
    <UnitTestResult executionId="901a2e2a-32f9-4d4d-8211-17a15f3c9b0d" testId="5b3ddd4d-574c-53fd-f18b-066847d4b1fe" testName="ResetThenAppendPathThenAppendQuery(&quot;http://localhost/&quot;,&quot;/some/&quot;,&quot;one|1&quot;,&quot;http://localhost/some/?one=1&quot;)" computerName="pkrvmxyh4eaekms" duration="00:00:00.0000980" startTime="2025-06-24T21:14:09.5662646+00:00" endTime="2025-06-24T21:14:09.5663627+00:00" testType="13cdc9d9-ddb5-4fa4-a97d-d965ccfc6d4b" outcome="Passed" testListId="8c84fa94-04c1-424b-9868-57a2d4851a1d" relativeResultsDirectory="901a2e2a-32f9-4d4d-8211-17a15f3c9b0d" />
    <UnitTestResult executionId="da7c3aa7-a57e-4a87-8993-b7ae228ed863" testId="3775d54e-5139-d61a-b3ed-3919845d7970" testName="ContinuationTokenInHeaderOfTAsync" computerName="pkrvmxyh4eaekms" duration="00:00:00.0025810" startTime="2025-06-24T21:14:09.6178870+00:00" endTime="2025-06-24T21:14:09.6204680+00:00" testType="13cdc9d9-ddb5-4fa4-a97d-d965ccfc6d4b" outcome="Passed" testListId="8c84fa94-04c1-424b-9868-57a2d4851a1d" relativeResultsDirectory="da7c3aa7-a57e-4a87-8993-b7ae228ed863" />
    <UnitTestResult executionId="7c0d0dc2-52d5-4294-b515-e866161b3c29" testId="4908d300-3005-e9cc-511e-30cb01b1991e" testName="TestApiVersionPathParameterOfClient(Microsoft.TypeSpec.Generator.Input.InputClient)" computerName="pkrvmxyh4eaekms" duration="00:00:00.0036330" startTime="2025-06-24T21:14:09.2078107+00:00" endTime="2025-06-24T21:14:09.2114435+00:00" testType="13cdc9d9-ddb5-4fa4-a97d-d965ccfc6d4b" outcome="Passed" testListId="8c84fa94-04c1-424b-9868-57a2d4851a1d" relativeResultsDirectory="7c0d0dc2-52d5-4294-b515-e866161b3c29" />
    <UnitTestResult executionId="ff8e020b-3254-47e6-b898-05554aa212d0" testId="ca7c7e07-d914-3d5b-78e0-4e9b1096ac8d" testName="ContinuationTokenInHeaderOfT" computerName="pkrvmxyh4eaekms" duration="00:00:00.0024680" startTime="2025-06-24T21:14:09.6153909+00:00" endTime="2025-06-24T21:14:09.6178592+00:00" testType="13cdc9d9-ddb5-4fa4-a97d-d965ccfc6d4b" outcome="Passed" testListId="8c84fa94-04c1-424b-9868-57a2d4851a1d" relativeResultsDirectory="ff8e020b-3254-47e6-b898-05554aa212d0" />
    <UnitTestResult executionId="9d48bf76-d001-4a65-bc79-4e692cf5add4" testId="e98019ee-ae98-4223-bcd3-ae6ff5dbf925" testName="MultipartShouldUseContentTypeParamInCreateRequestMethod" computerName="pkrvmxyh4eaekms" duration="00:00:00.0035480" startTime="2025-06-24T21:14:12.5284605+00:00" endTime="2025-06-24T21:14:12.5320089+00:00" testType="13cdc9d9-ddb5-4fa4-a97d-d965ccfc6d4b" outcome="Passed" testListId="8c84fa94-04c1-424b-9868-57a2d4851a1d" relativeResultsDirectory="9d48bf76-d001-4a65-bc79-4e692cf5add4" />
    <UnitTestResult executionId="3b3da1ac-e430-46e5-b7c1-0981da80399e" testId="2b5db586-13e2-a5d4-7ef0-6053fff6d61a" testName="AppendPath_DateTimeOffset(&quot;http://localhost&quot;,&quot;6/30/1905 1:14:00 PM +00:00&quot;,&quot;o&quot;,False,&quot;http://localhost/1905-06-30T13:14:00.0000000Z&quot;)" computerName="pkrvmxyh4eaekms" duration="00:00:00.0000989" startTime="2025-06-24T21:14:09.5344902+00:00" endTime="2025-06-24T21:14:09.5345885+00:00" testType="13cdc9d9-ddb5-4fa4-a97d-d965ccfc6d4b" outcome="Passed" testListId="8c84fa94-04c1-424b-9868-57a2d4851a1d" relativeResultsDirectory="3b3da1ac-e430-46e5-b7c1-0981da80399e" />
    <UnitTestResult executionId="46fa162b-1387-43e3-98a7-c4541bb1d471" testId="e3f6b41b-723f-fe52-6ef5-10aa6556c371" testName="TestBuildAuthFields_SubClients_WithAuth(Microsoft.TypeSpec.Generator.Input.InputClient)" computerName="pkrvmxyh4eaekms" duration="00:00:00.0015920" startTime="2025-06-24T21:14:09.2298697+00:00" endTime="2025-06-24T21:14:09.2314619+00:00" testType="13cdc9d9-ddb5-4fa4-a97d-d965ccfc6d4b" outcome="Passed" testListId="8c84fa94-04c1-424b-9868-57a2d4851a1d" relativeResultsDirectory="46fa162b-1387-43e3-98a7-c4541bb1d471" />
    <UnitTestResult executionId="aaa95759-8247-4999-b438-e4bf6635e04a" testId="481a4ae3-81f3-e5b6-2f47-4f11c083d546" testName="AppendQuery_DateTimeOffset(&quot;http://localhost&quot;,&quot;6/30/1905 1:14:00 PM +00:00&quot;,&quot;o&quot;,True,&quot;http://localhost/?query=1905-06-30T13%3A14%3A00.0000000Z&quot;)" computerName="pkrvmxyh4eaekms" duration="00:00:00.0001320" startTime="2025-06-24T21:14:09.5542433+00:00" endTime="2025-06-24T21:14:09.5543755+00:00" testType="13cdc9d9-ddb5-4fa4-a97d-d965ccfc6d4b" outcome="Passed" testListId="8c84fa94-04c1-424b-9868-57a2d4851a1d" relativeResultsDirectory="aaa95759-8247-4999-b438-e4bf6635e04a" />
    <UnitTestResult executionId="e1a4681d-4ef0-4c56-a3fb-70443d97767f" testId="59b41628-064d-c852-59dd-ff3828786d75" testName="RequestOptionsOptionality(True,False,True)" computerName="pkrvmxyh4eaekms" duration="00:00:00.0020870" startTime="2025-06-24T21:14:12.6443688+00:00" endTime="2025-06-24T21:14:12.6464557+00:00" testType="13cdc9d9-ddb5-4fa4-a97d-d965ccfc6d4b" outcome="Passed" testListId="8c84fa94-04c1-424b-9868-57a2d4851a1d" relativeResultsDirectory="e1a4681d-4ef0-4c56-a3fb-70443d97767f" />
    <UnitTestResult executionId="60371502-1a86-4341-991f-1445780eafa1" testId="c09b9953-6e88-da7c-cf9f-d8e3839bb3cf" testName="TestProperties(False)" computerName="pkrvmxyh4eaekms" duration="00:00:00.0017980" startTime="2025-06-24T21:14:07.9975007+00:00" endTime="2025-06-24T21:14:07.9992985+00:00" testType="13cdc9d9-ddb5-4fa4-a97d-d965ccfc6d4b" outcome="Passed" testListId="8c84fa94-04c1-424b-9868-57a2d4851a1d" relativeResultsDirectory="60371502-1a86-4341-991f-1445780eafa1" />
    <UnitTestResult executionId="1e14901d-decd-477f-a297-6dfb38d14582" testId="98690f6c-f3f1-595a-da66-da2a34bb754a" testName="CanChangeClientOptionsAccessibility" computerName="pkrvmxyh4eaekms" duration="00:00:00.0783830" startTime="2025-06-24T21:14:08.6096683+00:00" endTime="2025-06-24T21:14:08.6880505+00:00" testType="13cdc9d9-ddb5-4fa4-a97d-d965ccfc6d4b" outcome="Passed" testListId="8c84fa94-04c1-424b-9868-57a2d4851a1d" relativeResultsDirectory="1e14901d-decd-477f-a297-6dfb38d14582" />
    <UnitTestResult executionId="46cd5490-e203-4ae9-8d37-7ecdae4bada5" testId="6f3de9f8-ce4b-1e99-dd86-b59a2c977e85" testName="ResetThenAppendQuery(&quot;http://localhost:12345/some&quot;,&quot;one|1|two|2&quot;,&quot;http://localhost:12345/some?one=1&amp;two=2&quot;)" computerName="pkrvmxyh4eaekms" duration="00:00:00.0000950" startTime="2025-06-24T21:14:09.5685098+00:00" endTime="2025-06-24T21:14:09.5686043+00:00" testType="13cdc9d9-ddb5-4fa4-a97d-d965ccfc6d4b" outcome="Passed" testListId="8c84fa94-04c1-424b-9868-57a2d4851a1d" relativeResultsDirectory="46cd5490-e203-4ae9-8d37-7ecdae4bada5" />
    <UnitTestResult executionId="775e0ee4-2906-42c8-8c3e-b6feb0ddc90d" testId="12fa48f5-9b10-8956-e496-0a1719ddb6f7" testName="RepeatabilityFirstSentParamHasDefaultValue" computerName="pkrvmxyh4eaekms" duration="00:00:00.0003410" startTime="2025-06-24T21:14:12.6660840+00:00" endTime="2025-06-24T21:14:12.6664249+00:00" testType="13cdc9d9-ddb5-4fa4-a97d-d965ccfc6d4b" outcome="Passed" testListId="8c84fa94-04c1-424b-9868-57a2d4851a1d" relativeResultsDirectory="775e0ee4-2906-42c8-8c3e-b6feb0ddc90d" />
    <UnitTestResult executionId="892baddb-7c97-4a55-97fc-bcf9870e677a" testId="caccd0b9-6717-f97e-3a5a-d03de4c75025" testName="ResetThenAppendPathThenAppendQuery(&quot;http://localhost&quot;,&quot;/some/&quot;,&quot;one|1|two|2&quot;,&quot;http://localhost/some/?one=1&amp;two=2&quot;)" computerName="pkrvmxyh4eaekms" duration="00:00:00.0000620" startTime="2025-06-24T21:14:09.5667420+00:00" endTime="2025-06-24T21:14:09.5668037+00:00" testType="13cdc9d9-ddb5-4fa4-a97d-d965ccfc6d4b" outcome="Passed" testListId="8c84fa94-04c1-424b-9868-57a2d4851a1d" relativeResultsDirectory="892baddb-7c97-4a55-97fc-bcf9870e677a" />
    <UnitTestResult executionId="39d24276-415a-4312-8329-eb7e78c01fdb" testId="d014a639-73a9-c5f3-1a69-c8e9ea956187" testName="ValidateIsLastNamespaceSegmentTheSame(&quot;Foo&quot;,&quot;Bar.Foo&quot;)" computerName="pkrvmxyh4eaekms" duration="00:00:00.0008950" startTime="2025-06-24T21:14:09.4178552+00:00" endTime="2025-06-24T21:14:09.4187496+00:00" testType="13cdc9d9-ddb5-4fa4-a97d-d965ccfc6d4b" outcome="Passed" testListId="8c84fa94-04c1-424b-9868-57a2d4851a1d" relativeResultsDirectory="39d24276-415a-4312-8329-eb7e78c01fdb" />
    <UnitTestResult executionId="188a1cbf-13f1-43e7-8b7e-ef6c932f3647" testId="2fa1f9e2-c77f-77e5-7e5a-8daa566efe7b" testName="ListMethodWithEnumParameter(False,Body)" computerName="pkrvmxyh4eaekms" duration="00:00:00.0029060" startTime="2025-06-24T21:14:12.6003487+00:00" endTime="2025-06-24T21:14:12.6032549+00:00" testType="13cdc9d9-ddb5-4fa4-a97d-d965ccfc6d4b" outcome="Passed" testListId="8c84fa94-04c1-424b-9868-57a2d4851a1d" relativeResultsDirectory="188a1cbf-13f1-43e7-8b7e-ef6c932f3647" />
    <UnitTestResult executionId="40a53ef7-3720-4ce8-8ad2-983c16ea96fa" testId="98cba7ef-cae3-92dd-b1d6-f5f810e86693" testName="TestBuildFields_WithSubClients(Microsoft.TypeSpec.Generator.Input.InputClient,System.Collections.Generic.List`1[Microsoft.TypeSpec.Generator.ClientModel.Tests.Providers.ClientProviders.ClientProviderTests+ExpectedFieldProvider])" computerName="pkrvmxyh4eaekms" duration="00:00:00.0013710" startTime="2025-06-24T21:14:09.3376782+00:00" endTime="2025-06-24T21:14:09.3390488+00:00" testType="13cdc9d9-ddb5-4fa4-a97d-d965ccfc6d4b" outcome="Passed" testListId="8c84fa94-04c1-424b-9868-57a2d4851a1d" relativeResultsDirectory="40a53ef7-3720-4ce8-8ad2-983c16ea96fa" />
    <UnitTestResult executionId="dd120f35-5bbf-4604-b6b8-84efcafb6198" testId="66715d49-c41e-5f81-8a3b-27304d49716d" testName="ContinuationTokenInBodyOfTAsync" computerName="pkrvmxyh4eaekms" duration="00:00:00.0036720" startTime="2025-06-24T21:14:09.6059961+00:00" endTime="2025-06-24T21:14:09.6096675+00:00" testType="13cdc9d9-ddb5-4fa4-a97d-d965ccfc6d4b" outcome="Passed" testListId="8c84fa94-04c1-424b-9868-57a2d4851a1d" relativeResultsDirectory="dd120f35-5bbf-4604-b6b8-84efcafb6198" />
    <UnitTestResult executionId="dd1348bb-d88c-4df2-a6b9-e0eb16db1e94" testId="94a4d560-7e61-7129-d667-18a8b19b10da" testName="ResetThenAppendQueryThenAppendPath(&quot;http://localhost:12345&quot;,&quot;/some/&quot;,&quot;one|1|two|2&quot;,&quot;http://localhost:12345/some/?one=1&amp;two=2&quot;)" computerName="pkrvmxyh4eaekms" duration="00:00:00.0000860" startTime="2025-06-24T21:14:09.5709103+00:00" endTime="2025-06-24T21:14:09.5709959+00:00" testType="13cdc9d9-ddb5-4fa4-a97d-d965ccfc6d4b" outcome="Passed" testListId="8c84fa94-04c1-424b-9868-57a2d4851a1d" relativeResultsDirectory="dd1348bb-d88c-4df2-a6b9-e0eb16db1e94" />
    <UnitTestResult executionId="121d71f3-56aa-418f-9803-b7b85c6e04cd" testId="c0d2d7c8-8f54-3223-54ea-6b285d3fac39" testName="RoundTripWithModelReaderWriterNonGeneric(&quot;W&quot;)" computerName="pkrvmxyh4eaekms" duration="00:00:00.0010360" startTime="2025-06-24T21:14:06.4412619+00:00" endTime="2025-06-24T21:14:06.4422977+00:00" testType="13cdc9d9-ddb5-4fa4-a97d-d965ccfc6d4b" outcome="Passed" testListId="8c84fa94-04c1-424b-9868-57a2d4851a1d" relativeResultsDirectory="121d71f3-56aa-418f-9803-b7b85c6e04cd" />
    <UnitTestResult executionId="1e42a83e-ef72-4c3c-ac6d-9c39d9bddcf3" testId="0bcee4b1-1c28-608b-529d-c163d3dedf9c" testName="RoundTripWithJsonInterfaceUtf8ReaderNonGeneric(&quot;J&quot;)" computerName="pkrvmxyh4eaekms" duration="00:00:00.0010250" startTime="2025-06-24T21:14:06.2042530+00:00" endTime="2025-06-24T21:14:06.2052781+00:00" testType="13cdc9d9-ddb5-4fa4-a97d-d965ccfc6d4b" outcome="Passed" testListId="8c84fa94-04c1-424b-9868-57a2d4851a1d" relativeResultsDirectory="1e42a83e-ef72-4c3c-ac6d-9c39d9bddcf3" />
    <UnitTestResult executionId="bd843eec-f758-4d53-a63d-a8190a3c5754" testId="39b0be65-95d7-2b3c-12c6-e30f8e267dfc" testName="ContinuationTokenInBody" computerName="pkrvmxyh4eaekms" duration="00:00:00.0266620" startTime="2025-06-24T21:14:09.5712023+00:00" endTime="2025-06-24T21:14:09.5978645+00:00" testType="13cdc9d9-ddb5-4fa4-a97d-d965ccfc6d4b" outcome="Passed" testListId="8c84fa94-04c1-424b-9868-57a2d4851a1d" relativeResultsDirectory="bd843eec-f758-4d53-a63d-a8190a3c5754" />
    <UnitTestResult executionId="45303ed7-2455-491a-b798-191ef3f82e19" testId="7d6988ed-c769-4037-dc1c-9fa54886bdc8" testName="ValidateAllClientResponseClassifiers" computerName="pkrvmxyh4eaekms" duration="00:00:00.0022550" startTime="2025-06-24T21:14:12.5506806+00:00" endTime="2025-06-24T21:14:12.5529354+00:00" testType="13cdc9d9-ddb5-4fa4-a97d-d965ccfc6d4b" outcome="Passed" testListId="8c84fa94-04c1-424b-9868-57a2d4851a1d" relativeResultsDirectory="45303ed7-2455-491a-b798-191ef3f82e19" />
    <UnitTestResult executionId="a20b087e-df2d-4594-ba1c-51af5544d490" testId="b3adc767-8378-ee8a-bfca-5ebd20efd43e" testName="RoundTripWithModelInterfaceNonGeneric(&quot;W&quot;)" computerName="pkrvmxyh4eaekms" duration="00:00:00.0004860" startTime="2025-06-24T21:14:06.2542274+00:00" endTime="2025-06-24T21:14:06.2547135+00:00" testType="13cdc9d9-ddb5-4fa4-a97d-d965ccfc6d4b" outcome="Passed" testListId="8c84fa94-04c1-424b-9868-57a2d4851a1d" relativeResultsDirectory="a20b087e-df2d-4594-ba1c-51af5544d490" />
    <UnitTestResult executionId="8504c937-8986-44ee-b735-abe8dfae493a" testId="9dc477ec-e1a1-d66d-01b6-1f6f67046bad" testName="TestDefaultCSharpMethodCollection(Microsoft.TypeSpec.Generator.Input.InputBasicServiceMethod)" computerName="pkrvmxyh4eaekms" duration="00:00:00.0018820" startTime="2025-06-24T21:14:12.6537533+00:00" endTime="2025-06-24T21:14:12.6556349+00:00" testType="13cdc9d9-ddb5-4fa4-a97d-d965ccfc6d4b" outcome="Passed" testListId="8c84fa94-04c1-424b-9868-57a2d4851a1d" relativeResultsDirectory="8504c937-8986-44ee-b735-abe8dfae493a" />
    <UnitTestResult executionId="09640865-95a6-46c6-a63d-c27e9c666ad9" testId="1444e3ea-46f2-f61a-02a4-72867732fe00" testName="CanChangeClientAccessibility" computerName="pkrvmxyh4eaekms" duration="00:00:00.0719989" startTime="2025-06-24T21:14:08.5376124+00:00" endTime="2025-06-24T21:14:08.6096104+00:00" testType="13cdc9d9-ddb5-4fa4-a97d-d965ccfc6d4b" outcome="Passed" testListId="8c84fa94-04c1-424b-9868-57a2d4851a1d" relativeResultsDirectory="09640865-95a6-46c6-a63d-c27e9c666ad9" />
    <UnitTestResult executionId="87c9cd3e-04e8-4b17-aa80-235f615c3cc8" testId="47801b5e-10f4-56e3-4d93-5810e362eda9" testName="RoundTripWithJsonInterfaceUtf8Reader(&quot;W&quot;)" computerName="pkrvmxyh4eaekms" duration="00:00:00.0015700" startTime="2025-06-24T21:14:06.4290428+00:00" endTime="2025-06-24T21:14:06.4306123+00:00" testType="13cdc9d9-ddb5-4fa4-a97d-d965ccfc6d4b" outcome="Passed" testListId="8c84fa94-04c1-424b-9868-57a2d4851a1d" relativeResultsDirectory="87c9cd3e-04e8-4b17-aa80-235f615c3cc8" />
    <UnitTestResult executionId="22c1f235-fe68-444f-ac5b-fe423215066a" testId="574b4d79-31b4-dea5-34f2-6b3d418bd92a" testName="FormatsDatesAsJson(&quot;O&quot;,12/31/9999 23:59:59 +01:00,&quot;9999-12-31T22:59:59.9999999Z&quot;)" computerName="pkrvmxyh4eaekms" duration="00:00:00.0000440" startTime="2025-06-24T21:14:12.6571796+00:00" endTime="2025-06-24T21:14:12.6572231+00:00" testType="13cdc9d9-ddb5-4fa4-a97d-d965ccfc6d4b" outcome="Passed" testListId="8c84fa94-04c1-424b-9868-57a2d4851a1d" relativeResultsDirectory="22c1f235-fe68-444f-ac5b-fe423215066a" />
    <UnitTestResult executionId="b781e9dd-d4dc-4039-9ca9-53e82a3c922e" testId="118381db-b906-f6fd-1684-10bb36d8f131" testName="TestBuildJsonModelCreateMethodObjectDeclaration" computerName="pkrvmxyh4eaekms" duration="00:00:00.0019040" startTime="2025-06-24T21:14:10.9902625+00:00" endTime="2025-06-24T21:14:10.9921664+00:00" testType="13cdc9d9-ddb5-4fa4-a97d-d965ccfc6d4b" outcome="Passed" testListId="8c84fa94-04c1-424b-9868-57a2d4851a1d" relativeResultsDirectory="b781e9dd-d4dc-4039-9ca9-53e82a3c922e" />
    <UnitTestResult executionId="9bec1da9-0d69-43c5-88a6-5289803dbd51" testId="9ed36475-70ea-d935-981c-3ee0399bdd52" testName="ValidateClientResponseClassifiers(Microsoft.TypeSpec.Generator.Input.InputClient)" computerName="pkrvmxyh4eaekms" duration="00:00:00.0003230" startTime="2025-06-24T21:14:12.5581368+00:00" endTime="2025-06-24T21:14:12.5584601+00:00" testType="13cdc9d9-ddb5-4fa4-a97d-d965ccfc6d4b" outcome="Passed" testListId="8c84fa94-04c1-424b-9868-57a2d4851a1d" relativeResultsDirectory="9bec1da9-0d69-43c5-88a6-5289803dbd51" />
    <UnitTestResult executionId="0cc88a20-d83b-4ad9-8ab2-71e44d9e9429" testId="48086829-e2cb-679b-fae9-3d9bb0deaa31" testName="ValidateIsLastNamespaceSegmentTheSame(&quot;_Foo&quot;,&quot;Foo&quot;)" computerName="pkrvmxyh4eaekms" duration="00:00:00.0008780" startTime="2025-06-24T21:14:09.4169424+00:00" endTime="2025-06-24T21:14:09.4178201+00:00" testType="13cdc9d9-ddb5-4fa4-a97d-d965ccfc6d4b" outcome="Passed" testListId="8c84fa94-04c1-424b-9868-57a2d4851a1d" relativeResultsDirectory="0cc88a20-d83b-4ad9-8ab2-71e44d9e9429" />
    <UnitTestResult executionId="63a67bfd-b80e-457e-b3a9-4756dd3dcae2" testId="3aa7f57e-bb40-bdf7-b002-4c757f5f3ab3" testName="BinaryContentSnippet_InvokeStatic(True)" computerName="pkrvmxyh4eaekms" duration="00:00:00.0005599" startTime="2025-06-24T21:14:12.6740910+00:00" endTime="2025-06-24T21:14:12.6746510+00:00" testType="13cdc9d9-ddb5-4fa4-a97d-d965ccfc6d4b" outcome="Passed" testListId="8c84fa94-04c1-424b-9868-57a2d4851a1d" relativeResultsDirectory="63a67bfd-b80e-457e-b3a9-4756dd3dcae2" />
    <UnitTestResult executionId="3fa02a65-6565-4af9-94f8-80816437e457" testId="228c7528-b299-db41-59ab-3646b8e95954" testName="CanReplaceOpMethod" computerName="pkrvmxyh4eaekms" duration="00:00:00.0749070" startTime="2025-06-24T21:14:08.8724896+00:00" endTime="2025-06-24T21:14:08.9473955+00:00" testType="13cdc9d9-ddb5-4fa4-a97d-d965ccfc6d4b" outcome="Passed" testListId="8c84fa94-04c1-424b-9868-57a2d4851a1d" relativeResultsDirectory="3fa02a65-6565-4af9-94f8-80816437e457" />
    <UnitTestResult executionId="c768113d-a225-42b5-941c-a5d133732dbe" testId="48716565-5026-3c86-5719-93d7595126ea" testName="UnknownVariantDeserializeShouldUseBaseProperties" computerName="pkrvmxyh4eaekms" duration="00:00:00.0032710" startTime="2025-06-24T21:14:10.0307646+00:00" endTime="2025-06-24T21:14:10.0340350+00:00" testType="13cdc9d9-ddb5-4fa4-a97d-d965ccfc6d4b" outcome="Passed" testListId="8c84fa94-04c1-424b-9868-57a2d4851a1d" relativeResultsDirectory="c768113d-a225-42b5-941c-a5d133732dbe" />
    <UnitTestResult executionId="590fb474-719f-4f0e-8426-848dc0f4317c" testId="a9dd89e9-5332-8f7c-9fd1-d81dd843c2eb" testName="ResetThenAppendPath(&quot;http://localhost/with&quot;,&quot;path&quot;,&quot;http://localhost/withpath&quot;)" computerName="pkrvmxyh4eaekms" duration="00:00:00.0000940" startTime="2025-06-24T21:14:09.5630413+00:00" endTime="2025-06-24T21:14:09.5631356+00:00" testType="13cdc9d9-ddb5-4fa4-a97d-d965ccfc6d4b" outcome="Passed" testListId="8c84fa94-04c1-424b-9868-57a2d4851a1d" relativeResultsDirectory="590fb474-719f-4f0e-8426-848dc0f4317c" />
    <UnitTestResult executionId="584738f2-c243-4a6b-82d7-2ab8c5eeaab6" testId="f45b0123-a5dd-fb53-d0d1-cdea3d2f2a2b" testName="ValidateToSerialMethodsFixed(Microsoft.TypeSpec.Generator.Input.InputEnumType)" computerName="pkrvmxyh4eaekms" duration="00:00:00.0007190" startTime="2025-06-24T21:14:09.7702557+00:00" endTime="2025-06-24T21:14:09.7709746+00:00" testType="13cdc9d9-ddb5-4fa4-a97d-d965ccfc6d4b" outcome="Passed" testListId="8c84fa94-04c1-424b-9868-57a2d4851a1d" relativeResultsDirectory="584738f2-c243-4a6b-82d7-2ab8c5eeaab6" />
    <UnitTestResult executionId="ed5f91d5-38ec-4560-96f9-70f1cbc5b864" testId="479a856a-b668-d0be-97cb-73c0d55e7806" testName="AppendPath_DateTimeOffset(&quot;http://localhost&quot;,&quot;6/30/1905 1:14:00 PM +00:00&quot;,&quot;D&quot;,True,&quot;http://localhost/1905-06-30&quot;)" computerName="pkrvmxyh4eaekms" duration="00:00:00.0008660" startTime="2025-06-24T21:14:09.5312579+00:00" endTime="2025-06-24T21:14:09.5321234+00:00" testType="13cdc9d9-ddb5-4fa4-a97d-d965ccfc6d4b" outcome="Passed" testListId="8c84fa94-04c1-424b-9868-57a2d4851a1d" relativeResultsDirectory="ed5f91d5-38ec-4560-96f9-70f1cbc5b864" />
    <UnitTestResult executionId="c6bc41ed-79f6-4917-9ed8-4589f45c4036" testId="d82a3974-a1b3-5452-a547-6e33ca1a063c" testName="TestBuildAuthFields_WithSubClients_NoAuth(Microsoft.TypeSpec.Generator.Input.InputClient)" computerName="pkrvmxyh4eaekms" duration="00:00:00.0016990" startTime="2025-06-24T21:14:09.2631268+00:00" endTime="2025-06-24T21:14:09.2648259+00:00" testType="13cdc9d9-ddb5-4fa4-a97d-d965ccfc6d4b" outcome="Passed" testListId="8c84fa94-04c1-424b-9868-57a2d4851a1d" relativeResultsDirectory="c6bc41ed-79f6-4917-9ed8-4589f45c4036" />
    <UnitTestResult executionId="5546e23e-41e0-4257-a613-90b184e6341a" testId="2702bbe4-9e72-8edf-0d4b-d6e7e729e629" testName="AppendQuery_TimeSpan(&quot;http://localhost&quot;,&quot;02:15:00&quot;,null,False,&quot;http://localhost/?query=PT2H15M&quot;)" computerName="pkrvmxyh4eaekms" duration="00:00:00.0000510" startTime="2025-06-24T21:14:09.5598122+00:00" endTime="2025-06-24T21:14:09.5598634+00:00" testType="13cdc9d9-ddb5-4fa4-a97d-d965ccfc6d4b" outcome="Passed" testListId="8c84fa94-04c1-424b-9868-57a2d4851a1d" relativeResultsDirectory="5546e23e-41e0-4257-a613-90b184e6341a" />
    <UnitTestResult executionId="88487d4d-1135-4cf5-a126-5af91033e2f4" testId="25927a93-4fe1-3342-a357-68efde15925c" testName="CanCustomizeNullableStringToFixedEnum" computerName="pkrvmxyh4eaekms" duration="00:00:00.0867890" startTime="2025-06-24T21:14:10.4395459+00:00" endTime="2025-06-24T21:14:10.5263348+00:00" testType="13cdc9d9-ddb5-4fa4-a97d-d965ccfc6d4b" outcome="Passed" testListId="8c84fa94-04c1-424b-9868-57a2d4851a1d" relativeResultsDirectory="88487d4d-1135-4cf5-a126-5af91033e2f4" />
    <UnitTestResult executionId="e2cbb6a5-540d-42c6-8945-334e8a0fccdb" testId="ac8f81ff-9cec-3504-c5c4-8f5529420f89" testName="TestBuildDeserializationMethod" computerName="pkrvmxyh4eaekms" duration="00:00:00.0018020" startTime="2025-06-24T21:14:10.9686551+00:00" endTime="2025-06-24T21:14:10.9704566+00:00" testType="13cdc9d9-ddb5-4fa4-a97d-d965ccfc6d4b" outcome="Passed" testListId="8c84fa94-04c1-424b-9868-57a2d4851a1d" relativeResultsDirectory="e2cbb6a5-540d-42c6-8945-334e8a0fccdb" />
    <UnitTestResult executionId="e4380fb4-68a4-44ac-827f-f0733ecb9e50" testId="5cb75f93-582a-f23d-368f-fc8ebba62e48" testName="TestIntSerializationStatement(Integer,null)" computerName="pkrvmxyh4eaekms" duration="00:00:00.0017820" startTime="2025-06-24T21:14:11.0418904+00:00" endTime="2025-06-24T21:14:11.0436723+00:00" testType="13cdc9d9-ddb5-4fa4-a97d-d965ccfc6d4b" outcome="Passed" testListId="8c84fa94-04c1-424b-9868-57a2d4851a1d" relativeResultsDirectory="e4380fb4-68a4-44ac-827f-f0733ecb9e50" />
    <UnitTestResult executionId="29a6fc8c-3d86-4375-ba9f-7c590224cd16" testId="0c40e391-1535-8784-1bfb-cedd28fd8a3d" testName="TestResponseClassifierDuplication(Microsoft.TypeSpec.Generator.Input.InputClient)" computerName="pkrvmxyh4eaekms" duration="00:00:00.0023379" startTime="2025-06-24T21:14:12.5470454+00:00" endTime="2025-06-24T21:14:12.5493836+00:00" testType="13cdc9d9-ddb5-4fa4-a97d-d965ccfc6d4b" outcome="Passed" testListId="8c84fa94-04c1-424b-9868-57a2d4851a1d" relativeResultsDirectory="29a6fc8c-3d86-4375-ba9f-7c590224cd16" />
    <UnitTestResult executionId="ece28037-25f8-41e3-884d-1dd1798254cf" testId="8a0fca4b-0698-ebf3-6c49-81c7c04e748c" testName="TestBuildConstructor_ValidateConstructors" computerName="pkrvmxyh4eaekms" duration="00:00:00.0028230" startTime="2025-06-24T21:14:10.9658049+00:00" endTime="2025-06-24T21:14:10.9686278+00:00" testType="13cdc9d9-ddb5-4fa4-a97d-d965ccfc6d4b" outcome="Passed" testListId="8c84fa94-04c1-424b-9868-57a2d4851a1d" relativeResultsDirectory="ece28037-25f8-41e3-884d-1dd1798254cf" />
    <UnitTestResult executionId="d4bd0e9c-3b3e-4677-8de4-b5f4a92a15e8" testId="784d2949-b6cc-e747-60b8-a29afed1681f" testName="AppendPath_DateTimeOffset(&quot;http://localhost&quot;,&quot;6/30/1905 1:14:00 PM +00:00&quot;,&quot;D&quot;,False,&quot;http://localhost/1905-06-30&quot;)" computerName="pkrvmxyh4eaekms" duration="00:00:00.0001000" startTime="2025-06-24T21:14:09.5341169+00:00" endTime="2025-06-24T21:14:09.5342173+00:00" testType="13cdc9d9-ddb5-4fa4-a97d-d965ccfc6d4b" outcome="Passed" testListId="8c84fa94-04c1-424b-9868-57a2d4851a1d" relativeResultsDirectory="d4bd0e9c-3b3e-4677-8de4-b5f4a92a15e8" />
    <UnitTestResult executionId="f5bac13e-6056-446e-b421-af93eabe6789" testId="bf4fa718-a0dc-a376-320f-64846e767fdc" testName="ValidateToSerialMethodsExtensible(Microsoft.TypeSpec.Generator.Input.InputEnumType)" computerName="pkrvmxyh4eaekms" duration="00:00:00.0002830" startTime="2025-06-24T21:14:09.7698234+00:00" endTime="2025-06-24T21:14:09.7701064+00:00" testType="13cdc9d9-ddb5-4fa4-a97d-d965ccfc6d4b" outcome="Passed" testListId="8c84fa94-04c1-424b-9868-57a2d4851a1d" relativeResultsDirectory="f5bac13e-6056-446e-b421-af93eabe6789" />
    <UnitTestResult executionId="47788454-0593-4e00-b4f4-89544d812e04" testId="af973e0b-0b20-ed6d-59fa-0a71e4ffb6b7" testName="RequestBodyConstructedUsingBinaryContentHelpers(Microsoft.TypeSpec.Generator.Input.InputDictionaryType)" computerName="pkrvmxyh4eaekms" duration="00:00:00.0013400" startTime="2025-06-24T21:14:12.6376415+00:00" endTime="2025-06-24T21:14:12.6389812+00:00" testType="13cdc9d9-ddb5-4fa4-a97d-d965ccfc6d4b" outcome="Passed" testListId="8c84fa94-04c1-424b-9868-57a2d4851a1d" relativeResultsDirectory="47788454-0593-4e00-b4f4-89544d812e04" />
    <UnitTestResult executionId="623c9caf-634a-40c4-a63b-e3aa42ecfc84" testId="922bfda1-7a14-2dce-128b-e09841dad4e2" testName="AppendQuery_Guid(&quot;http://localhost&quot;,&quot;3f2504e0-4f89-11d3-9a0c-0305e82c3301&quot;,True,&quot;http://localhost/?query=3f2504e0-4f89-11d3-9a0c-0305e82c3301&quot;)" computerName="pkrvmxyh4eaekms" duration="00:00:00.0002830" startTime="2025-06-24T21:14:09.5566301+00:00" endTime="2025-06-24T21:14:09.5569126+00:00" testType="13cdc9d9-ddb5-4fa4-a97d-d965ccfc6d4b" outcome="Passed" testListId="8c84fa94-04c1-424b-9868-57a2d4851a1d" relativeResultsDirectory="623c9caf-634a-40c4-a63b-e3aa42ecfc84" />
    <UnitTestResult executionId="0a01f3a5-1646-4d8d-b1e7-2c25109bc8c5" testId="15172e93-4a8e-8f04-e2ea-6f69251cd20d" testName="BaseSerializationContainsSwitchStatement" computerName="pkrvmxyh4eaekms" duration="00:00:00.0101040" startTime="2025-06-24T21:14:09.9961692+00:00" endTime="2025-06-24T21:14:10.0062726+00:00" testType="13cdc9d9-ddb5-4fa4-a97d-d965ccfc6d4b" outcome="Passed" testListId="8c84fa94-04c1-424b-9868-57a2d4851a1d" relativeResultsDirectory="0a01f3a5-1646-4d8d-b1e7-2c25109bc8c5" />
    <UnitTestResult executionId="181fb447-ba86-49ef-908e-161dcad6d0e0" testId="f19afe42-1bdb-8cfd-a433-5717c0bd644c" testName="AppendPath_Float(&quot;http://localhost&quot;,3.14f,True,&quot;http://localhost/3.14&quot;)" computerName="pkrvmxyh4eaekms" duration="00:00:00.0003800" startTime="2025-06-24T21:14:09.5358389+00:00" endTime="2025-06-24T21:14:09.5362191+00:00" testType="13cdc9d9-ddb5-4fa4-a97d-d965ccfc6d4b" outcome="Passed" testListId="8c84fa94-04c1-424b-9868-57a2d4851a1d" relativeResultsDirectory="181fb447-ba86-49ef-908e-161dcad6d0e0" />
    <UnitTestResult executionId="3c2dfb75-a703-4dcb-8c9f-6144b1fd4d2d" testId="b58d0b7f-c953-3548-e48d-1e7873d59a4d" testName="AppendQuery_Long(&quot;http://localhost&quot;,299792458000000L,False,&quot;http://localhost/?query=299792458000000&quot;)" computerName="pkrvmxyh4eaekms" duration="00:00:00.0002990" startTime="2025-06-24T21:14:09.5582867+00:00" endTime="2025-06-24T21:14:09.5585857+00:00" testType="13cdc9d9-ddb5-4fa4-a97d-d965ccfc6d4b" outcome="Passed" testListId="8c84fa94-04c1-424b-9868-57a2d4851a1d" relativeResultsDirectory="3c2dfb75-a703-4dcb-8c9f-6144b1fd4d2d" />
    <UnitTestResult executionId="20fad1c5-b073-4c8a-9990-c9489a1b07a5" testId="146aa1c0-e779-e5d3-3dd4-31fcfe25e1ce" testName="NoNextLinkOrContinuationToken" computerName="pkrvmxyh4eaekms" duration="00:00:00.0041710" startTime="2025-06-24T21:14:09.6206432+00:00" endTime="2025-06-24T21:14:09.6248141+00:00" testType="13cdc9d9-ddb5-4fa4-a97d-d965ccfc6d4b" outcome="Passed" testListId="8c84fa94-04c1-424b-9868-57a2d4851a1d" relativeResultsDirectory="20fad1c5-b073-4c8a-9990-c9489a1b07a5" />
    <UnitTestResult executionId="344b6c4c-0114-42dd-b4e9-50d38faab9e9" testId="48705557-ba7e-35b4-12d1-0d3e35a38924" testName="RoundTripWithModelInterface(&quot;W&quot;)" computerName="pkrvmxyh4eaekms" duration="00:00:00.0007649" startTime="2025-06-24T21:14:06.4353457+00:00" endTime="2025-06-24T21:14:06.4361105+00:00" testType="13cdc9d9-ddb5-4fa4-a97d-d965ccfc6d4b" outcome="Passed" testListId="8c84fa94-04c1-424b-9868-57a2d4851a1d" relativeResultsDirectory="344b6c4c-0114-42dd-b4e9-50d38faab9e9" />
    <UnitTestResult executionId="7471176d-763c-4a14-a9d7-32f54303c379" testId="2be290df-7d92-5723-935e-13156fa041e9" testName="TestBuildConstructors_PrimaryConstructor(System.Collections.Generic.List`1[Microsoft.TypeSpec.Generator.Input.InputParameter])" computerName="pkrvmxyh4eaekms" duration="00:00:00.0014480" startTime="2025-06-24T21:14:09.3132460+00:00" endTime="2025-06-24T21:14:09.3146935+00:00" testType="13cdc9d9-ddb5-4fa4-a97d-d965ccfc6d4b" outcome="Passed" testListId="8c84fa94-04c1-424b-9868-57a2d4851a1d" relativeResultsDirectory="7471176d-763c-4a14-a9d7-32f54303c379" />
    <UnitTestResult executionId="75804c44-3056-48c8-8383-ed1ac4853891" testId="75ea94fd-3e39-2426-5e3d-01bde1d3cfe1" testName="TestBuildConstructors_SecondaryConstructor(System.Collections.Generic.List`1[Microsoft.TypeSpec.Generator.Input.InputParameter])" computerName="pkrvmxyh4eaekms" duration="00:00:00.0011210" startTime="2025-06-24T21:14:09.3290149+00:00" endTime="2025-06-24T21:14:09.3301359+00:00" testType="13cdc9d9-ddb5-4fa4-a97d-d965ccfc6d4b" outcome="Passed" testListId="8c84fa94-04c1-424b-9868-57a2d4851a1d" relativeResultsDirectory="75804c44-3056-48c8-8383-ed1ac4853891" />
    <UnitTestResult executionId="134d37b8-4e33-416a-9b53-88dfbdfeb750" testId="a1c7a7a4-30b8-eb82-955d-baf3a6270edd" testName="AppendPath_Int(&quot;http://localhost&quot;,-299792458,False,&quot;http://localhost/-299792458&quot;)" computerName="pkrvmxyh4eaekms" duration="00:00:00.0000520" startTime="2025-06-24T21:14:09.5385762+00:00" endTime="2025-06-24T21:14:09.5386284+00:00" testType="13cdc9d9-ddb5-4fa4-a97d-d965ccfc6d4b" outcome="Passed" testListId="8c84fa94-04c1-424b-9868-57a2d4851a1d" relativeResultsDirectory="134d37b8-4e33-416a-9b53-88dfbdfeb750" />
    <UnitTestResult executionId="a111159e-82fd-4038-a503-c9c563ae223c" testId="58f6e8ea-1bd0-f4c2-4094-d3d6817aac02" testName="CanCustomizePropertyUsingField(False)" computerName="pkrvmxyh4eaekms" duration="00:00:00.0645960" startTime="2025-06-24T21:14:11.8872991+00:00" endTime="2025-06-24T21:14:11.9518951+00:00" testType="13cdc9d9-ddb5-4fa4-a97d-d965ccfc6d4b" outcome="Passed" testListId="8c84fa94-04c1-424b-9868-57a2d4851a1d" relativeResultsDirectory="a111159e-82fd-4038-a503-c9c563ae223c" />
    <UnitTestResult executionId="b8646823-1bf3-454a-ad44-7902cf830cb3" testId="b2903119-1d6e-0bc6-5662-cedf6f3c55e9" testName="TestGetMethodParameters(Microsoft.TypeSpec.Generator.Input.InputBasicServiceMethod)" computerName="pkrvmxyh4eaekms" duration="00:00:00.0015440" startTime="2025-06-24T21:14:12.5431267+00:00" endTime="2025-06-24T21:14:12.5446709+00:00" testType="13cdc9d9-ddb5-4fa4-a97d-d965ccfc6d4b" outcome="Passed" testListId="8c84fa94-04c1-424b-9868-57a2d4851a1d" relativeResultsDirectory="b8646823-1bf3-454a-ad44-7902cf830cb3" />
    <UnitTestResult executionId="16f199fc-c3d1-4731-af25-8778bdb55d56" testId="447a0ea2-4a73-9937-dd54-230022a31e61" testName="AppendQuery_TimeSpan(&quot;http://localhost&quot;,&quot;02:15:00&quot;,&quot;P&quot;,False,&quot;http://localhost/?query=PT2H15M&quot;)" computerName="pkrvmxyh4eaekms" duration="00:00:00.0000540" startTime="2025-06-24T21:14:09.5596865+00:00" endTime="2025-06-24T21:14:09.5597409+00:00" testType="13cdc9d9-ddb5-4fa4-a97d-d965ccfc6d4b" outcome="Passed" testListId="8c84fa94-04c1-424b-9868-57a2d4851a1d" relativeResultsDirectory="16f199fc-c3d1-4731-af25-8778bdb55d56" />
    <UnitTestResult executionId="21822cad-c958-4481-bb01-ce00455b0d86" testId="14f15414-7ce9-a88d-2f2c-1edc373dc303" testName="ResetThenAppendPath(&quot;http://localhost:12345/with&quot;,&quot;/path&quot;,&quot;http://localhost:12345/with/path&quot;)" computerName="pkrvmxyh4eaekms" duration="00:00:00.0000940" startTime="2025-06-24T21:14:09.5642024+00:00" endTime="2025-06-24T21:14:09.5642967+00:00" testType="13cdc9d9-ddb5-4fa4-a97d-d965ccfc6d4b" outcome="Passed" testListId="8c84fa94-04c1-424b-9868-57a2d4851a1d" relativeResultsDirectory="21822cad-c958-4481-bb01-ce00455b0d86" />
    <UnitTestResult executionId="d553bec4-2e23-464d-96a7-20561d3b56e0" testId="3c881886-4db7-dbcd-6874-1deb25e16f63" testName="ResetThenAppendPath(&quot;http://localhost:12345/with&quot;,&quot;/path/&quot;,&quot;http://localhost:12345/with/path/&quot;)" computerName="pkrvmxyh4eaekms" duration="00:00:00.0000920" startTime="2025-06-24T21:14:09.5650661+00:00" endTime="2025-06-24T21:14:09.5651582+00:00" testType="13cdc9d9-ddb5-4fa4-a97d-d965ccfc6d4b" outcome="Passed" testListId="8c84fa94-04c1-424b-9868-57a2d4851a1d" relativeResultsDirectory="d553bec4-2e23-464d-96a7-20561d3b56e0" />
    <UnitTestResult executionId="f5d4662e-16db-4211-aa56-d4622bfb4c42" testId="43f1300e-f020-7c17-c8a6-2b28700085f2" testName="CanCustomizeLiteralExtensibleEnum(Microsoft.TypeSpec.Generator.Input.InputLiteralType)" computerName="pkrvmxyh4eaekms" duration="00:00:00.0617930" startTime="2025-06-24T21:14:11.7479521+00:00" endTime="2025-06-24T21:14:11.8097451+00:00" testType="13cdc9d9-ddb5-4fa4-a97d-d965ccfc6d4b" outcome="Passed" testListId="8c84fa94-04c1-424b-9868-57a2d4851a1d" relativeResultsDirectory="f5d4662e-16db-4211-aa56-d4622bfb4c42" />
    <UnitTestResult executionId="d6e110f3-a7aa-42ad-8db2-7bdf0b19869a" testId="3b908ee4-91ce-c0e9-93f0-06f64e2436c7" testName="AppendQueryDelimited(&quot;http://localhost&quot;,[&quot;hello&quot;, &quot;world&quot;],&quot;;&quot;,True,&quot;http://localhost/?query=hello%3Bworld&quot;)" computerName="pkrvmxyh4eaekms" duration="00:00:00.0002770" startTime="2025-06-24T21:14:09.5606027+00:00" endTime="2025-06-24T21:14:09.5608800+00:00" testType="13cdc9d9-ddb5-4fa4-a97d-d965ccfc6d4b" outcome="Passed" testListId="8c84fa94-04c1-424b-9868-57a2d4851a1d" relativeResultsDirectory="d6e110f3-a7aa-42ad-8db2-7bdf0b19869a" />
    <UnitTestResult executionId="1aa46984-a444-4b5f-9b69-14e0f0fe790a" testId="277f322d-c788-9e4e-74c2-15e97b3deb10" testName="RoundTripWithModelInterfaceNonGeneric(&quot;J&quot;)" computerName="pkrvmxyh4eaekms" duration="00:00:00.0004220" startTime="2025-06-24T21:14:06.2537894+00:00" endTime="2025-06-24T21:14:06.2542116+00:00" testType="13cdc9d9-ddb5-4fa4-a97d-d965ccfc6d4b" outcome="Passed" testListId="8c84fa94-04c1-424b-9868-57a2d4851a1d" relativeResultsDirectory="1aa46984-a444-4b5f-9b69-14e0f0fe790a" />
    <UnitTestResult executionId="ba81762a-b4de-4e0c-9c62-d45cc166216b" testId="0c9d4e59-49c7-021e-ea64-5c522f20c80b" testName="RoundTripWithJsonInterfaceOfT(&quot;W&quot;)" computerName="pkrvmxyh4eaekms" duration="00:00:00.0015610" startTime="2025-06-24T21:14:06.3647669+00:00" endTime="2025-06-24T21:14:06.3663278+00:00" testType="13cdc9d9-ddb5-4fa4-a97d-d965ccfc6d4b" outcome="Passed" testListId="8c84fa94-04c1-424b-9868-57a2d4851a1d" relativeResultsDirectory="ba81762a-b4de-4e0c-9c62-d45cc166216b" />
    <UnitTestResult executionId="ed0f8343-7e9f-470c-8281-1addd3754c1e" testId="a9afc559-32b2-53d2-9918-0db87b84238e" testName="AppendPath_Bool(&quot;http://localhost&quot;,False,False,&quot;http://localhost/false&quot;)" computerName="pkrvmxyh4eaekms" duration="00:00:00.0000860" startTime="2025-06-24T21:14:09.5292850+00:00" endTime="2025-06-24T21:14:09.5293713+00:00" testType="13cdc9d9-ddb5-4fa4-a97d-d965ccfc6d4b" outcome="Passed" testListId="8c84fa94-04c1-424b-9868-57a2d4851a1d" relativeResultsDirectory="ed0f8343-7e9f-470c-8281-1addd3754c1e" />
    <UnitTestResult executionId="b3c1c119-be08-435e-913c-53fd7a7fd074" testId="bf4fa718-a0dc-a376-320f-64846e767fdc" testName="ValidateToSerialMethodsExtensible(Microsoft.TypeSpec.Generator.Input.InputEnumType)" computerName="pkrvmxyh4eaekms" duration="00:00:00.0000950" startTime="2025-06-24T21:14:09.7701212+00:00" endTime="2025-06-24T21:14:09.7702164+00:00" testType="13cdc9d9-ddb5-4fa4-a97d-d965ccfc6d4b" outcome="Passed" testListId="8c84fa94-04c1-424b-9868-57a2d4851a1d" relativeResultsDirectory="b3c1c119-be08-435e-913c-53fd7a7fd074" />
    <UnitTestResult executionId="5b766e47-d7e9-43bb-b680-5dd71a6ca510" testId="17af0ef1-5b03-524e-019b-aa5abb781652" testName="ResetThenAppendPathThenAppendQuery(&quot;http://localhost:12345&quot;,&quot;/some/&quot;,&quot;one|1|two|2&quot;,&quot;http://localhost:12345/some/?one=1&amp;two=2&quot;)" computerName="pkrvmxyh4eaekms" duration="00:00:00.0000620" startTime="2025-06-24T21:14:09.5668128+00:00" endTime="2025-06-24T21:14:09.5668745+00:00" testType="13cdc9d9-ddb5-4fa4-a97d-d965ccfc6d4b" outcome="Passed" testListId="8c84fa94-04c1-424b-9868-57a2d4851a1d" relativeResultsDirectory="5b766e47-d7e9-43bb-b680-5dd71a6ca510" />
    <UnitTestResult executionId="edbd0982-e05e-4685-b5e0-e74d689c5b71" testId="e1d70b74-a2c0-6fe4-47e7-b215f4c4a892" testName="TestIntSerializationStatement(UInt8,&quot;string&quot;)" computerName="pkrvmxyh4eaekms" duration="00:00:00.0012950" startTime="2025-06-24T21:14:11.0548963+00:00" endTime="2025-06-24T21:14:11.0561915+00:00" testType="13cdc9d9-ddb5-4fa4-a97d-d965ccfc6d4b" outcome="Passed" testListId="8c84fa94-04c1-424b-9868-57a2d4851a1d" relativeResultsDirectory="edbd0982-e05e-4685-b5e0-e74d689c5b71" />
    <UnitTestResult executionId="2918e961-9094-4ec6-9855-01c17ec2ea47" testId="75ea94fd-3e39-2426-5e3d-01bde1d3cfe1" testName="TestBuildConstructors_SecondaryConstructor(System.Collections.Generic.List`1[Microsoft.TypeSpec.Generator.Input.InputParameter])" computerName="pkrvmxyh4eaekms" duration="00:00:00.0030540" startTime="2025-06-24T21:14:09.3209645+00:00" endTime="2025-06-24T21:14:09.3240178+00:00" testType="13cdc9d9-ddb5-4fa4-a97d-d965ccfc6d4b" outcome="Passed" testListId="8c84fa94-04c1-424b-9868-57a2d4851a1d" relativeResultsDirectory="2918e961-9094-4ec6-9855-01c17ec2ea47" />
    <UnitTestResult executionId="40bc4c27-5dc2-4a92-a90e-6e346e97b3cb" testId="e3ab55ff-d050-071c-735b-0ca651c32877" testName="ResetThenAppendQueryThenAppendPath(&quot;http://localhost&quot;,&quot;some/&quot;,&quot;one|1|two|2&quot;,&quot;http://localhost/some/?one=1&amp;two=2&quot;)" computerName="pkrvmxyh4eaekms" duration="00:00:00.0000810" startTime="2025-06-24T21:14:09.5706326+00:00" endTime="2025-06-24T21:14:09.5707137+00:00" testType="13cdc9d9-ddb5-4fa4-a97d-d965ccfc6d4b" outcome="Passed" testListId="8c84fa94-04c1-424b-9868-57a2d4851a1d" relativeResultsDirectory="40bc4c27-5dc2-4a92-a90e-6e346e97b3cb" />
    <UnitTestResult executionId="e55bf3a8-7f08-427d-8021-6d287d93438d" testId="64f221c7-b62a-2588-eba2-e29a560f56d2" testName="ValidateConvertToString(&quot;O&quot;,12/31/9999 23:59:59 +01:00,&quot;9999-12-31T22:59:59.9999999Z&quot;)" computerName="pkrvmxyh4eaekms" duration="00:00:00.0000790" startTime="2025-06-24T21:14:12.6634221+00:00" endTime="2025-06-24T21:14:12.6635015+00:00" testType="13cdc9d9-ddb5-4fa4-a97d-d965ccfc6d4b" outcome="Passed" testListId="8c84fa94-04c1-424b-9868-57a2d4851a1d" relativeResultsDirectory="e55bf3a8-7f08-427d-8021-6d287d93438d" />
    <UnitTestResult executionId="acd52166-a548-4a33-a998-1d3781c1903a" testId="d41c81ce-1573-0d69-8a41-0b5e2c4dff5c" testName="TestBuildExplicitFromClientResult" computerName="pkrvmxyh4eaekms" duration="00:00:00.0022090" startTime="2025-06-24T21:14:10.9753364+00:00" endTime="2025-06-24T21:14:10.9775453+00:00" testType="13cdc9d9-ddb5-4fa4-a97d-d965ccfc6d4b" outcome="Passed" testListId="8c84fa94-04c1-424b-9868-57a2d4851a1d" relativeResultsDirectory="acd52166-a548-4a33-a998-1d3781c1903a" />
    <UnitTestResult executionId="ff14df1b-d2be-49bd-90f7-3b262864c814" testId="9ed36475-70ea-d935-981c-3ee0399bdd52" testName="ValidateClientResponseClassifiers(Microsoft.TypeSpec.Generator.Input.InputClient)" computerName="pkrvmxyh4eaekms" duration="00:00:00.0002830" startTime="2025-06-24T21:14:12.5578302+00:00" endTime="2025-06-24T21:14:12.5581129+00:00" testType="13cdc9d9-ddb5-4fa4-a97d-d965ccfc6d4b" outcome="Passed" testListId="8c84fa94-04c1-424b-9868-57a2d4851a1d" relativeResultsDirectory="ff14df1b-d2be-49bd-90f7-3b262864c814" />
    <UnitTestResult executionId="a94a4085-2875-4c08-b3c5-a963bb46f111" testId="ec16d752-c3b4-091e-1dc9-5fb39755032b" testName="AppendQuery_Double(&quot;http://localhost&quot;,-3.14d,False,&quot;http://localhost/?query=-3.14&quot;)" computerName="pkrvmxyh4eaekms" duration="00:00:00.0000520" startTime="2025-06-24T21:14:09.5556344+00:00" endTime="2025-06-24T21:14:09.5556858+00:00" testType="13cdc9d9-ddb5-4fa4-a97d-d965ccfc6d4b" outcome="Passed" testListId="8c84fa94-04c1-424b-9868-57a2d4851a1d" relativeResultsDirectory="a94a4085-2875-4c08-b3c5-a963bb46f111" />
    <UnitTestResult executionId="43733640-92eb-44a5-bce4-3e550e6b0548" testId="95e5529b-4329-e8dc-eeed-d78a8fcdab90" testName="RoundTripWithModelReaderWriterNonGeneric(&quot;J&quot;)" computerName="pkrvmxyh4eaekms" duration="00:00:00.0011610" startTime="2025-06-24T21:14:06.4168012+00:00" endTime="2025-06-24T21:14:06.4179619+00:00" testType="13cdc9d9-ddb5-4fa4-a97d-d965ccfc6d4b" outcome="Passed" testListId="8c84fa94-04c1-424b-9868-57a2d4851a1d" relativeResultsDirectory="43733640-92eb-44a5-bce4-3e550e6b0548" />
    <UnitTestResult executionId="65b669be-eb9a-4d8a-b6ab-ffbf3f4294ea" testId="df74a8b4-44a1-5487-2d29-3c4b11501295" testName="TestImplicitToBinaryContentNotGeneratedForNonRootInputModel" computerName="pkrvmxyh4eaekms" duration="00:00:00.0029820" startTime="2025-06-24T21:14:11.0245537+00:00" endTime="2025-06-24T21:14:11.0275350+00:00" testType="13cdc9d9-ddb5-4fa4-a97d-d965ccfc6d4b" outcome="Passed" testListId="8c84fa94-04c1-424b-9868-57a2d4851a1d" relativeResultsDirectory="65b669be-eb9a-4d8a-b6ab-ffbf3f4294ea" />
    <UnitTestResult executionId="e4092e8c-3e77-4abe-8c27-949bd3deb1a3" testId="e9794e70-f218-ddcf-6de7-79e71cba8d18" testName="CanChangeListOfEnumPropToListOfExtensibleEnum" computerName="pkrvmxyh4eaekms" duration="00:00:00.0911910" startTime="2025-06-24T21:14:11.1400147+00:00" endTime="2025-06-24T21:14:11.2312050+00:00" testType="13cdc9d9-ddb5-4fa4-a97d-d965ccfc6d4b" outcome="Passed" testListId="8c84fa94-04c1-424b-9868-57a2d4851a1d" relativeResultsDirectory="e4092e8c-3e77-4abe-8c27-949bd3deb1a3" />
    <UnitTestResult executionId="520836b3-b667-454a-aabe-286dd420096f" testId="a46f3cc4-c110-1556-a386-c5cffa7f4bae" testName="AppendQuery_DateTimeOffset(&quot;http://localhost&quot;,&quot;6/30/1905 1:14:00 PM +00:00&quot;,&quot;o&quot;,False,&quot;http://localhost/?query=1905-06-30T13:14:00.0000000Z&quot;)" computerName="pkrvmxyh4eaekms" duration="00:00:00.0000699" startTime="2025-06-24T21:14:09.5547290+00:00" endTime="2025-06-24T21:14:09.5547992+00:00" testType="13cdc9d9-ddb5-4fa4-a97d-d965ccfc6d4b" outcome="Passed" testListId="8c84fa94-04c1-424b-9868-57a2d4851a1d" relativeResultsDirectory="520836b3-b667-454a-aabe-286dd420096f" />
    <UnitTestResult executionId="5cd7c10c-1cf1-4138-9051-23ba5491d9be" testId="b140ad36-aa55-d8f3-9a8b-21dd46774cd0" testName="DerivedShouldPassLiteralForKindToBase" computerName="pkrvmxyh4eaekms" duration="00:00:00.0047140" startTime="2025-06-24T21:14:10.0108669+00:00" endTime="2025-06-24T21:14:10.0155804+00:00" testType="13cdc9d9-ddb5-4fa4-a97d-d965ccfc6d4b" outcome="Passed" testListId="8c84fa94-04c1-424b-9868-57a2d4851a1d" relativeResultsDirectory="5cd7c10c-1cf1-4138-9051-23ba5491d9be" />
    <UnitTestResult executionId="38b52e58-d9ec-4aa2-a905-8c101caded40" testId="18629ec7-3646-60f2-e0ac-ece98123ec4e" testName="RoundTripWithModelInterfaceNonGeneric(&quot;J&quot;)" computerName="pkrvmxyh4eaekms" duration="00:00:00.0012210" startTime="2025-06-24T21:14:06.2205997+00:00" endTime="2025-06-24T21:14:06.2218202+00:00" testType="13cdc9d9-ddb5-4fa4-a97d-d965ccfc6d4b" outcome="Passed" testListId="8c84fa94-04c1-424b-9868-57a2d4851a1d" relativeResultsDirectory="38b52e58-d9ec-4aa2-a905-8c101caded40" />
    <UnitTestResult executionId="d5bfc064-f45b-43f4-9b15-3be63bb47469" testId="2be290df-7d92-5723-935e-13156fa041e9" testName="TestBuildConstructors_PrimaryConstructor(System.Collections.Generic.List`1[Microsoft.TypeSpec.Generator.Input.InputParameter])" computerName="pkrvmxyh4eaekms" duration="00:00:00.0010390" startTime="2025-06-24T21:14:09.3198580+00:00" endTime="2025-06-24T21:14:09.3208973+00:00" testType="13cdc9d9-ddb5-4fa4-a97d-d965ccfc6d4b" outcome="Passed" testListId="8c84fa94-04c1-424b-9868-57a2d4851a1d" relativeResultsDirectory="d5bfc064-f45b-43f4-9b15-3be63bb47469" />
    <UnitTestResult executionId="6d21cd59-6fcf-4a7f-951c-2eccebedd8bd" testId="e3f6b41b-723f-fe52-6ef5-10aa6556c371" testName="TestBuildAuthFields_SubClients_WithAuth(Microsoft.TypeSpec.Generator.Input.InputClient)" computerName="pkrvmxyh4eaekms" duration="00:00:00.0026240" startTime="2025-06-24T21:14:09.2212257+00:00" endTime="2025-06-24T21:14:09.2238492+00:00" testType="13cdc9d9-ddb5-4fa4-a97d-d965ccfc6d4b" outcome="Passed" testListId="8c84fa94-04c1-424b-9868-57a2d4851a1d" relativeResultsDirectory="6d21cd59-6fcf-4a7f-951c-2eccebedd8bd" />
    <UnitTestResult executionId="81230df4-806f-4186-adf2-5a7f227f1654" testId="b5846ffc-e3db-f497-0b5d-efeac4ee29f0" testName="ValidateMethodSignatureUsesIEnumerable" computerName="pkrvmxyh4eaekms" duration="00:00:00.0033030" startTime="2025-06-24T21:14:09.4293917+00:00" endTime="2025-06-24T21:14:09.4326943+00:00" testType="13cdc9d9-ddb5-4fa4-a97d-d965ccfc6d4b" outcome="Passed" testListId="8c84fa94-04c1-424b-9868-57a2d4851a1d" relativeResultsDirectory="81230df4-806f-4186-adf2-5a7f227f1654" />
    <UnitTestResult executionId="a5c91323-417d-45b3-9783-52442661dfa2" testId="3d064911-8ce4-9ebd-478b-8d7a42aeaa1a" testName="TestBuildAuthFields_WithAuth(System.Collections.Generic.List`1[Microsoft.TypeSpec.Generator.Input.InputParameter])" computerName="pkrvmxyh4eaekms" duration="00:00:00.0019610" startTime="2025-06-24T21:14:09.2514963+00:00" endTime="2025-06-24T21:14:09.2534572+00:00" testType="13cdc9d9-ddb5-4fa4-a97d-d965ccfc6d4b" outcome="Passed" testListId="8c84fa94-04c1-424b-9868-57a2d4851a1d" relativeResultsDirectory="a5c91323-417d-45b3-9783-52442661dfa2" />
    <UnitTestResult executionId="c5197b2e-338a-4991-885a-352e5de32cfa" testId="dcc2c800-d9b9-49e9-1202-6d1e7f1fc1e2" testName="ThrowsIfUnknownFormat" computerName="pkrvmxyh4eaekms" duration="00:00:00.0124949" startTime="2025-06-24T21:14:06.2295994+00:00" endTime="2025-06-24T21:14:06.2420940+00:00" testType="13cdc9d9-ddb5-4fa4-a97d-d965ccfc6d4b" outcome="Passed" testListId="8c84fa94-04c1-424b-9868-57a2d4851a1d" relativeResultsDirectory="c5197b2e-338a-4991-885a-352e5de32cfa" />
    <UnitTestResult executionId="1ef2daa7-9b46-4e53-8b65-261796562b54" testId="d302d0d6-12ff-fd67-4af4-49feb7191209" testName="ResetThenAppendQueryThenAppendPath(&quot;http://localhost&quot;,&quot;/some/&quot;,&quot;one|1|two|2&quot;,&quot;http://localhost/some/?one=1&amp;two=2&quot;)" computerName="pkrvmxyh4eaekms" duration="00:00:00.0000820" startTime="2025-06-24T21:14:09.5708174+00:00" endTime="2025-06-24T21:14:09.5708992+00:00" testType="13cdc9d9-ddb5-4fa4-a97d-d965ccfc6d4b" outcome="Passed" testListId="8c84fa94-04c1-424b-9868-57a2d4851a1d" relativeResultsDirectory="1ef2daa7-9b46-4e53-8b65-261796562b54" />
    <UnitTestResult executionId="0ca3af1b-44e6-42ac-bb5c-d84954481ecd" testId="be597b53-9e4f-dcdb-cad8-00fb11c924b4" testName="FormatsDatesAsJson(&quot;o&quot;,05/04/2020 03:02:01 +00:00,&quot;2020-05-04T03:02:01.1230000Z&quot;)" computerName="pkrvmxyh4eaekms" duration="00:00:00.0000390" startTime="2025-06-24T21:14:12.6572324+00:00" endTime="2025-06-24T21:14:12.6572709+00:00" testType="13cdc9d9-ddb5-4fa4-a97d-d965ccfc6d4b" outcome="Passed" testListId="8c84fa94-04c1-424b-9868-57a2d4851a1d" relativeResultsDirectory="0ca3af1b-44e6-42ac-bb5c-d84954481ecd" />
    <UnitTestResult executionId="392403e7-f320-4615-8b35-514344595fe6" testId="37b11b1a-faeb-4c63-96fe-94b39c79fba8" testName="CanChangePropertySerializedName" computerName="pkrvmxyh4eaekms" duration="00:00:00.1056770" startTime="2025-06-24T21:14:11.3720068+00:00" endTime="2025-06-24T21:14:11.4776834+00:00" testType="13cdc9d9-ddb5-4fa4-a97d-d965ccfc6d4b" outcome="Passed" testListId="8c84fa94-04c1-424b-9868-57a2d4851a1d" relativeResultsDirectory="392403e7-f320-4615-8b35-514344595fe6" />
    <UnitTestResult executionId="f463d7d5-60df-4463-951c-0aa5d25938f8" testId="c8f1d21a-34aa-5e25-3b35-46ddd198d9e4" testName="ResetThenAppendPath(&quot;http://localhost/&quot;,&quot;/path/&quot;,&quot;http://localhost/path/&quot;)" computerName="pkrvmxyh4eaekms" duration="00:00:00.0000920" startTime="2025-06-24T21:14:09.5645615+00:00" endTime="2025-06-24T21:14:09.5646539+00:00" testType="13cdc9d9-ddb5-4fa4-a97d-d965ccfc6d4b" outcome="Passed" testListId="8c84fa94-04c1-424b-9868-57a2d4851a1d" relativeResultsDirectory="f463d7d5-60df-4463-951c-0aa5d25938f8" />
    <UnitTestResult executionId="b6d7c80e-3e07-4916-a4ff-33aa2ed1884f" testId="cf15e243-4e78-d001-2618-cf3fbacfb013" testName="TestBuildJsonModelWriteCoreMethod(False)" computerName="pkrvmxyh4eaekms" duration="00:00:00.0020620" startTime="2025-06-24T21:14:10.9945324+00:00" endTime="2025-06-24T21:14:10.9965937+00:00" testType="13cdc9d9-ddb5-4fa4-a97d-d965ccfc6d4b" outcome="Passed" testListId="8c84fa94-04c1-424b-9868-57a2d4851a1d" relativeResultsDirectory="b6d7c80e-3e07-4916-a4ff-33aa2ed1884f" />
    <UnitTestResult executionId="65f86b94-f167-44bc-bc5b-6e444cd7a215" testId="75ea94fd-3e39-2426-5e3d-01bde1d3cfe1" testName="TestBuildConstructors_SecondaryConstructor(System.Collections.Generic.List`1[Microsoft.TypeSpec.Generator.Input.InputParameter])" computerName="pkrvmxyh4eaekms" duration="00:00:00.0010680" startTime="2025-06-24T21:14:09.3267926+00:00" endTime="2025-06-24T21:14:09.3278600+00:00" testType="13cdc9d9-ddb5-4fa4-a97d-d965ccfc6d4b" outcome="Passed" testListId="8c84fa94-04c1-424b-9868-57a2d4851a1d" relativeResultsDirectory="65f86b94-f167-44bc-bc5b-6e444cd7a215" />
    <UnitTestResult executionId="789ca423-0061-43a4-90f8-a160e43278c4" testId="38c2f9ba-1181-b216-c1a4-51a54f0113e2" testName="ResetThenAppendQueryThenAppendPath(&quot;http://localhost/&quot;,&quot;some/&quot;,&quot;one|1&quot;,&quot;http://localhost/some/?one=1&quot;)" computerName="pkrvmxyh4eaekms" duration="00:00:00.0001040" startTime="2025-06-24T21:14:09.5697471+00:00" endTime="2025-06-24T21:14:09.5698508+00:00" testType="13cdc9d9-ddb5-4fa4-a97d-d965ccfc6d4b" outcome="Passed" testListId="8c84fa94-04c1-424b-9868-57a2d4851a1d" relativeResultsDirectory="789ca423-0061-43a4-90f8-a160e43278c4" />
    <UnitTestResult executionId="3b633a1a-910e-4ea1-9336-12a4aebe6cb7" testId="58e7c7f4-792d-ea21-f736-0d57a96ac2e7" testName="TestEqualAfterConvertingToUtc(&quot;Mon, 04 May 2020 03:02:01&quot;)" computerName="pkrvmxyh4eaekms" duration="00:00:00.0000960" startTime="2025-06-24T21:14:12.6612819+00:00" endTime="2025-06-24T21:14:12.6613777+00:00" testType="13cdc9d9-ddb5-4fa4-a97d-d965ccfc6d4b" outcome="Passed" testListId="8c84fa94-04c1-424b-9868-57a2d4851a1d" relativeResultsDirectory="3b633a1a-910e-4ea1-9336-12a4aebe6cb7" />
    <UnitTestResult executionId="eb3d8985-7d25-4835-bf45-e535a34b5ca8" testId="f2b83b76-897b-f512-648e-fe8c53bce467" testName="ResetThenAppendPath(&quot;http://localhost&quot;,null,&quot;http://localhost/&quot;)" computerName="pkrvmxyh4eaekms" duration="00:00:00.0002690" startTime="2025-06-24T21:14:09.5611981+00:00" endTime="2025-06-24T21:14:09.5614666+00:00" testType="13cdc9d9-ddb5-4fa4-a97d-d965ccfc6d4b" outcome="Passed" testListId="8c84fa94-04c1-424b-9868-57a2d4851a1d" relativeResultsDirectory="eb3d8985-7d25-4835-bf45-e535a34b5ca8" />
    <UnitTestResult executionId="a8fcd834-969c-4fe4-b005-bc13a975ff35" testId="f7924615-42c6-5d3a-1294-83fa670fd078" testName="RoundTripWithJsonInterfaceOfT(&quot;J&quot;)" computerName="pkrvmxyh4eaekms" duration="00:00:00.0007360" startTime="2025-06-24T21:14:06.2472289+00:00" endTime="2025-06-24T21:14:06.2479650+00:00" testType="13cdc9d9-ddb5-4fa4-a97d-d965ccfc6d4b" outcome="Passed" testListId="8c84fa94-04c1-424b-9868-57a2d4851a1d" relativeResultsDirectory="a8fcd834-969c-4fe4-b005-bc13a975ff35" />
    <UnitTestResult executionId="ecfe5da5-8c8c-4eaf-9925-832feed6cd72" testId="2e3d963d-2c88-d01e-672b-3e7de3778e63" testName="AppendQuery_TimeSpan(&quot;http://localhost&quot;,&quot;02:15:00&quot;,&quot;P&quot;,True,&quot;http://localhost/?query=PT2H15M&quot;)" computerName="pkrvmxyh4eaekms" duration="00:00:00.0004240" startTime="2025-06-24T21:14:09.5588404+00:00" endTime="2025-06-24T21:14:09.5592647+00:00" testType="13cdc9d9-ddb5-4fa4-a97d-d965ccfc6d4b" outcome="Passed" testListId="8c84fa94-04c1-424b-9868-57a2d4851a1d" relativeResultsDirectory="ecfe5da5-8c8c-4eaf-9925-832feed6cd72" />
    <UnitTestResult executionId="06b024ec-96b4-447c-9a54-cfccc1dc3d47" testId="5b684f42-7f6e-71b8-222d-b5fe92216f9d" testName="ValidateClientWithSpread(Microsoft.TypeSpec.Generator.Input.InputClient)" computerName="pkrvmxyh4eaekms" duration="00:00:00.0102450" startTime="2025-06-24T21:14:09.3992300+00:00" endTime="2025-06-24T21:14:09.4094749+00:00" testType="13cdc9d9-ddb5-4fa4-a97d-d965ccfc6d4b" outcome="Passed" testListId="8c84fa94-04c1-424b-9868-57a2d4851a1d" relativeResultsDirectory="06b024ec-96b4-447c-9a54-cfccc1dc3d47" />
    <UnitTestResult executionId="04c58a28-c92f-4c5a-a819-3e54425eb336" testId="1a13e6b3-6678-3730-e073-876042334d75" testName="AppendPath_DateTimeOffset(&quot;http://localhost&quot;,&quot;6/30/1905 1:14:00 PM +00:00&quot;,&quot;U&quot;,True,&quot;http://localhost/-2035622760&quot;)" computerName="pkrvmxyh4eaekms" duration="00:00:00.0003690" startTime="2025-06-24T21:14:09.5321501+00:00" endTime="2025-06-24T21:14:09.5325190+00:00" testType="13cdc9d9-ddb5-4fa4-a97d-d965ccfc6d4b" outcome="Passed" testListId="8c84fa94-04c1-424b-9868-57a2d4851a1d" relativeResultsDirectory="04c58a28-c92f-4c5a-a819-3e54425eb336" />
    <UnitTestResult executionId="525f4264-fbdd-4167-a56e-457076be1003" testId="19b337b2-8e0b-53c8-ca57-17065a170026" testName="CanCustomizeFixedEnumString" computerName="pkrvmxyh4eaekms" duration="00:00:00.0699530" startTime="2025-06-24T21:14:10.2931343+00:00" endTime="2025-06-24T21:14:10.3630866+00:00" testType="13cdc9d9-ddb5-4fa4-a97d-d965ccfc6d4b" outcome="Passed" testListId="8c84fa94-04c1-424b-9868-57a2d4851a1d" relativeResultsDirectory="525f4264-fbdd-4167-a56e-457076be1003" />
    <UnitTestResult executionId="68085d8f-3019-47b5-8529-bd4adf27487b" testId="4fe7a980-a4df-a5e0-9048-4c5bac6fd2df" testName="ValidateReturnTypeIsOverridden" computerName="pkrvmxyh4eaekms" duration="00:00:00.0030310" startTime="2025-06-24T21:14:06.5001454+00:00" endTime="2025-06-24T21:14:06.5031759+00:00" testType="13cdc9d9-ddb5-4fa4-a97d-d965ccfc6d4b" outcome="Passed" testListId="8c84fa94-04c1-424b-9868-57a2d4851a1d" relativeResultsDirectory="68085d8f-3019-47b5-8529-bd4adf27487b" />
    <UnitTestResult executionId="cfe279f5-173b-44ce-aa88-bc74c63bf66c" testId="f4244c06-7c13-2f72-fdd2-6d274b1695e1" testName="AppendPath_Bool(&quot;http://localhost&quot;,False,True,&quot;http://localhost/false&quot;)" computerName="pkrvmxyh4eaekms" duration="00:00:00.0000630" startTime="2025-06-24T21:14:09.5292117+00:00" endTime="2025-06-24T21:14:09.5292744+00:00" testType="13cdc9d9-ddb5-4fa4-a97d-d965ccfc6d4b" outcome="Passed" testListId="8c84fa94-04c1-424b-9868-57a2d4851a1d" relativeResultsDirectory="cfe279f5-173b-44ce-aa88-bc74c63bf66c" />
    <UnitTestResult executionId="cf036733-f9f3-4fd2-a81a-44c49ce9863d" testId="2be290df-7d92-5723-935e-13156fa041e9" testName="TestBuildConstructors_PrimaryConstructor(System.Collections.Generic.List`1[Microsoft.TypeSpec.Generator.Input.InputParameter])" computerName="pkrvmxyh4eaekms" duration="00:00:00.0030530" startTime="2025-06-24T21:14:09.3043648+00:00" endTime="2025-06-24T21:14:09.3074174+00:00" testType="13cdc9d9-ddb5-4fa4-a97d-d965ccfc6d4b" outcome="Passed" testListId="8c84fa94-04c1-424b-9868-57a2d4851a1d" relativeResultsDirectory="cf036733-f9f3-4fd2-a81a-44c49ce9863d" />
    <UnitTestResult executionId="ac7647f0-efca-489f-b41e-ce352a5bc2ea" testId="2be290df-7d92-5723-935e-13156fa041e9" testName="TestBuildConstructors_PrimaryConstructor(System.Collections.Generic.List`1[Microsoft.TypeSpec.Generator.Input.InputParameter])" computerName="pkrvmxyh4eaekms" duration="00:00:00.0016260" startTime="2025-06-24T21:14:09.3074450+00:00" endTime="2025-06-24T21:14:09.3090702+00:00" testType="13cdc9d9-ddb5-4fa4-a97d-d965ccfc6d4b" outcome="Passed" testListId="8c84fa94-04c1-424b-9868-57a2d4851a1d" relativeResultsDirectory="ac7647f0-efca-489f-b41e-ce352a5bc2ea" />
    <UnitTestResult executionId="a9be1b29-0c61-4a89-9a95-4d7fa08abb95" testId="09431a07-3c29-d662-92d8-a6fd68b38ca4" testName="ResetThenAppendQuery(&quot;http://localhost:12345/some&quot;,&quot;one|1&quot;,&quot;http://localhost:12345/some?one=1&quot;)" computerName="pkrvmxyh4eaekms" duration="00:00:00.0000900" startTime="2025-06-24T21:14:09.5676806+00:00" endTime="2025-06-24T21:14:09.5677704+00:00" testType="13cdc9d9-ddb5-4fa4-a97d-d965ccfc6d4b" outcome="Passed" testListId="8c84fa94-04c1-424b-9868-57a2d4851a1d" relativeResultsDirectory="a9be1b29-0c61-4a89-9a95-4d7fa08abb95" />
    <UnitTestResult executionId="fab90bb8-b05b-4c27-a89a-f46103d1b984" testId="4c1c59cd-e4a5-e39a-adb6-781aef6bf9d5" testName="ProcessMessageIsOverridden" computerName="pkrvmxyh4eaekms" duration="00:00:00.0154240" startTime="2025-06-24T21:14:06.4470297+00:00" endTime="2025-06-24T21:14:06.4624536+00:00" testType="13cdc9d9-ddb5-4fa4-a97d-d965ccfc6d4b" outcome="Passed" testListId="8c84fa94-04c1-424b-9868-57a2d4851a1d" relativeResultsDirectory="fab90bb8-b05b-4c27-a89a-f46103d1b984" />
    <UnitTestResult executionId="31bf814c-8fb9-40c0-a9e8-ff3890ef5100" testId="fe7ed937-78c6-d70d-a862-2291212607dd" testName="AppendPath_DateTimeOffset(&quot;http://localhost&quot;,&quot;6/30/1905 1:14:00 PM +00:00&quot;,&quot;R&quot;,True,&quot;http://localhost/Fri%2C 30 Jun 1905 13%3A14%3A00 GMT&quot;)" computerName="pkrvmxyh4eaekms" duration="00:00:00.0006890" startTime="2025-06-24T21:14:09.5334020+00:00" endTime="2025-06-24T21:14:09.5340908+00:00" testType="13cdc9d9-ddb5-4fa4-a97d-d965ccfc6d4b" outcome="Passed" testListId="8c84fa94-04c1-424b-9868-57a2d4851a1d" relativeResultsDirectory="31bf814c-8fb9-40c0-a9e8-ff3890ef5100" />
    <UnitTestResult executionId="358bd318-e6eb-4082-b8ca-6d57139e2a55" testId="e3f6b41b-723f-fe52-6ef5-10aa6556c371" testName="TestBuildAuthFields_SubClients_WithAuth(Microsoft.TypeSpec.Generator.Input.InputClient)" computerName="pkrvmxyh4eaekms" duration="00:00:00.0022750" startTime="2025-06-24T21:14:09.2238826+00:00" endTime="2025-06-24T21:14:09.2261576+00:00" testType="13cdc9d9-ddb5-4fa4-a97d-d965ccfc6d4b" outcome="Passed" testListId="8c84fa94-04c1-424b-9868-57a2d4851a1d" relativeResultsDirectory="358bd318-e6eb-4082-b8ca-6d57139e2a55" />
    <UnitTestResult executionId="7aa6e06e-c1f3-45ab-94f3-f3df6b621087" testId="41ebbba1-9e29-8cbf-57ae-582d5f80b59e" testName="FormatsDatesAsString(&quot;O&quot;,12/31/9999 23:59:59 +00:00,&quot;9999-12-31T23:59:59.9999999Z&quot;)" computerName="pkrvmxyh4eaekms" duration="00:00:00.0000430" startTime="2025-06-24T21:14:12.6581775+00:00" endTime="2025-06-24T21:14:12.6582203+00:00" testType="13cdc9d9-ddb5-4fa4-a97d-d965ccfc6d4b" outcome="Passed" testListId="8c84fa94-04c1-424b-9868-57a2d4851a1d" relativeResultsDirectory="7aa6e06e-c1f3-45ab-94f3-f3df6b621087" />
    <UnitTestResult executionId="80a18a44-b623-43ae-8cc8-c7b228ee66ca" testId="e55750b2-62ef-9dbe-18e1-f31fcd761b56" testName="RoundTripWithModelCast(&quot;W&quot;)" computerName="pkrvmxyh4eaekms" duration="00:00:00.0020209" startTime="2025-06-24T21:14:06.3750797+00:00" endTime="2025-06-24T21:14:06.3771006+00:00" testType="13cdc9d9-ddb5-4fa4-a97d-d965ccfc6d4b" outcome="Passed" testListId="8c84fa94-04c1-424b-9868-57a2d4851a1d" relativeResultsDirectory="80a18a44-b623-43ae-8cc8-c7b228ee66ca" />
    <UnitTestResult executionId="6f10041d-e593-4a8d-bc04-f3d0fd661345" testId="6929059c-5d5d-3365-e446-d5e0c0c63b90" testName="KebabCaseSerializedName" computerName="pkrvmxyh4eaekms" duration="00:00:00.0008009" startTime="2025-06-24T21:14:10.0490492+00:00" endTime="2025-06-24T21:14:10.0498502+00:00" testType="13cdc9d9-ddb5-4fa4-a97d-d965ccfc6d4b" outcome="Passed" testListId="8c84fa94-04c1-424b-9868-57a2d4851a1d" relativeResultsDirectory="6f10041d-e593-4a8d-bc04-f3d0fd661345" />
    <UnitTestResult executionId="46c36820-2af9-497b-97d6-060e23d5856d" testId="96dfbd8f-74c2-58c9-9fff-dec3a0d2fb13" testName="AppendQueryDelimited(&quot;http://localhost&quot;,[&quot;hello&quot;, &quot;world&quot;],&quot;,&quot;,False,&quot;http://localhost/?query=hello,world&quot;)" computerName="pkrvmxyh4eaekms" duration="00:00:00.0000540" startTime="2025-06-24T21:14:09.5609750+00:00" endTime="2025-06-24T21:14:09.5610293+00:00" testType="13cdc9d9-ddb5-4fa4-a97d-d965ccfc6d4b" outcome="Passed" testListId="8c84fa94-04c1-424b-9868-57a2d4851a1d" relativeResultsDirectory="46c36820-2af9-497b-97d6-060e23d5856d" />
    <UnitTestResult executionId="9d55c383-3031-4622-acdf-3335d703e805" testId="1aadb9b6-5faf-816d-c27a-4da98e73e9a7" testName="RoundTripWithJsonInterfaceNonGeneric(&quot;J&quot;)" computerName="pkrvmxyh4eaekms" duration="00:00:00.0041340" startTime="2025-06-24T21:14:06.4206562+00:00" endTime="2025-06-24T21:14:06.4247903+00:00" testType="13cdc9d9-ddb5-4fa4-a97d-d965ccfc6d4b" outcome="Passed" testListId="8c84fa94-04c1-424b-9868-57a2d4851a1d" relativeResultsDirectory="9d55c383-3031-4622-acdf-3335d703e805" />
    <UnitTestResult executionId="b3fe5ce5-784e-44b4-990f-e2c031591e3d" testId="e7431cde-8f7a-eed3-b10e-0a941618ee9b" testName="TestBuildConstructors_ForSubClient_NoAuth()" computerName="pkrvmxyh4eaekms" duration="00:00:00.0022060" startTime="2025-06-24T21:14:09.3020557+00:00" endTime="2025-06-24T21:14:09.3042617+00:00" testType="13cdc9d9-ddb5-4fa4-a97d-d965ccfc6d4b" outcome="Passed" testListId="8c84fa94-04c1-424b-9868-57a2d4851a1d" relativeResultsDirectory="b3fe5ce5-784e-44b4-990f-e2c031591e3d" />
    <UnitTestResult executionId="cdddba79-7537-477e-9233-bc5671201792" testId="6b89a201-ff2f-4f23-8044-659acf19d59a" testName="AppendQuery_DateTimeOffset(&quot;http://localhost&quot;,&quot;6/30/1905 1:14:00 PM +00:00&quot;,&quot;R&quot;,False,&quot;http://localhost/?query=Fri, 30 Jun 1905 13:14:00 GMT&quot;)" computerName="pkrvmxyh4eaekms" duration="00:00:00.0000790" startTime="2025-06-24T21:14:09.5548093+00:00" endTime="2025-06-24T21:14:09.5548887+00:00" testType="13cdc9d9-ddb5-4fa4-a97d-d965ccfc6d4b" outcome="Passed" testListId="8c84fa94-04c1-424b-9868-57a2d4851a1d" relativeResultsDirectory="cdddba79-7537-477e-9233-bc5671201792" />
    <UnitTestResult executionId="7d1d59ab-e3c4-4aa8-9e82-9b157c211119" testId="2be290df-7d92-5723-935e-13156fa041e9" testName="TestBuildConstructors_PrimaryConstructor(System.Collections.Generic.List`1[Microsoft.TypeSpec.Generator.Input.InputParameter])" computerName="pkrvmxyh4eaekms" duration="00:00:00.0013029" startTime="2025-06-24T21:14:09.3119155+00:00" endTime="2025-06-24T21:14:09.3132185+00:00" testType="13cdc9d9-ddb5-4fa4-a97d-d965ccfc6d4b" outcome="Passed" testListId="8c84fa94-04c1-424b-9868-57a2d4851a1d" relativeResultsDirectory="7d1d59ab-e3c4-4aa8-9e82-9b157c211119" />
    <UnitTestResult executionId="d43adba4-e1ef-4892-90d0-fbd956b93091" testId="7f7f5d66-3aed-c22e-7bf4-aeb78cf64ade" testName="ThrowsIfUnknownFormat" computerName="pkrvmxyh4eaekms" duration="00:00:00.0006860" startTime="2025-06-24T21:14:06.4195060+00:00" endTime="2025-06-24T21:14:06.4201919+00:00" testType="13cdc9d9-ddb5-4fa4-a97d-d965ccfc6d4b" outcome="Passed" testListId="8c84fa94-04c1-424b-9868-57a2d4851a1d" relativeResultsDirectory="d43adba4-e1ef-4892-90d0-fbd956b93091" />
    <UnitTestResult executionId="e8b86699-d2cc-482e-aed5-3ac0e3994d3b" testId="0a9d26e0-52b5-9b8d-bb94-0a318551e657" testName="ValidateIsLastNamespaceSegmentTheSame(&quot;Bar.Foo&quot;,&quot;Foo&quot;)" computerName="pkrvmxyh4eaekms" duration="00:00:00.0010580" startTime="2025-06-24T21:14:09.4187647+00:00" endTime="2025-06-24T21:14:09.4198222+00:00" testType="13cdc9d9-ddb5-4fa4-a97d-d965ccfc6d4b" outcome="Passed" testListId="8c84fa94-04c1-424b-9868-57a2d4851a1d" relativeResultsDirectory="e8b86699-d2cc-482e-aed5-3ac0e3994d3b" />
    <UnitTestResult executionId="e5e7acaa-3943-488a-9ae6-e0bd6e5d4f80" testId="aa24ebc7-de07-9d78-3ed9-d13182a4abaf" testName="ValidateClientWithAcceptHeader_ValuesDefinedInResponse" computerName="pkrvmxyh4eaekms" duration="00:00:00.0007850" startTime="2025-06-24T21:14:12.5620190+00:00" endTime="2025-06-24T21:14:12.5628039+00:00" testType="13cdc9d9-ddb5-4fa4-a97d-d965ccfc6d4b" outcome="Passed" testListId="8c84fa94-04c1-424b-9868-57a2d4851a1d" relativeResultsDirectory="e5e7acaa-3943-488a-9ae6-e0bd6e5d4f80" />
    <UnitTestResult executionId="c4af7c28-b8bf-4bf6-bf37-869be5388ac9" testId="b7e2a840-3c47-aac2-217c-7972286dbaac" testName="ResetThenAppendQuery(&quot;http://localhost:12345/&quot;,&quot;one|1|two|2&quot;,&quot;http://localhost:12345/?one=1&amp;two=2&quot;)" computerName="pkrvmxyh4eaekms" duration="00:00:00.0000930" startTime="2025-06-24T21:14:09.5687179+00:00" endTime="2025-06-24T21:14:09.5688108+00:00" testType="13cdc9d9-ddb5-4fa4-a97d-d965ccfc6d4b" outcome="Passed" testListId="8c84fa94-04c1-424b-9868-57a2d4851a1d" relativeResultsDirectory="c4af7c28-b8bf-4bf6-bf37-869be5388ac9" />
    <UnitTestResult executionId="306a415e-9c22-496b-90eb-f4655cd146b9" testId="98cba7ef-cae3-92dd-b1d6-f5f810e86693" testName="TestBuildFields_WithSubClients(Microsoft.TypeSpec.Generator.Input.InputClient,System.Collections.Generic.List`1[Microsoft.TypeSpec.Generator.ClientModel.Tests.Providers.ClientProviders.ClientProviderTests+ExpectedFieldProvider])" computerName="pkrvmxyh4eaekms" duration="00:00:00.0010060" startTime="2025-06-24T21:14:09.3404287+00:00" endTime="2025-06-24T21:14:09.3414343+00:00" testType="13cdc9d9-ddb5-4fa4-a97d-d965ccfc6d4b" outcome="Passed" testListId="8c84fa94-04c1-424b-9868-57a2d4851a1d" relativeResultsDirectory="306a415e-9c22-496b-90eb-f4655cd146b9" />
    <UnitTestResult executionId="659fa0a2-1b13-443d-809a-15290db3565c" testId="2b95d2ae-b0e6-b9ff-1945-fd02bf0a08c5" testName="SerializedNameIsUsed(True)" computerName="pkrvmxyh4eaekms" duration="00:00:00.0040100" startTime="2025-06-24T21:14:10.9593514+00:00" endTime="2025-06-24T21:14:10.9633607+00:00" testType="13cdc9d9-ddb5-4fa4-a97d-d965ccfc6d4b" outcome="Passed" testListId="8c84fa94-04c1-424b-9868-57a2d4851a1d" relativeResultsDirectory="659fa0a2-1b13-443d-809a-15290db3565c" />
    <UnitTestResult executionId="f360ee64-7a22-440c-a209-b101fe4b1caa" testId="03889508-d11c-a85a-6eb7-81f82cc32dd5" testName="RoundTripWithModelReaderWriterNonGeneric(&quot;W&quot;)" computerName="pkrvmxyh4eaekms" duration="00:00:00.0022080" startTime="2025-06-24T21:14:06.3904292+00:00" endTime="2025-06-24T21:14:06.3926366+00:00" testType="13cdc9d9-ddb5-4fa4-a97d-d965ccfc6d4b" outcome="Passed" testListId="8c84fa94-04c1-424b-9868-57a2d4851a1d" relativeResultsDirectory="f360ee64-7a22-440c-a209-b101fe4b1caa" />
    <UnitTestResult executionId="e0e6e1cb-4734-4c4e-856a-2e77014d408b" testId="622aba69-20fa-274e-c9a3-62ef69aa9cc7" testName="TestBuildProperties" computerName="pkrvmxyh4eaekms" duration="00:00:00.0019780" startTime="2025-06-24T21:14:09.3426539+00:00" endTime="2025-06-24T21:14:09.3446319+00:00" testType="13cdc9d9-ddb5-4fa4-a97d-d965ccfc6d4b" outcome="Passed" testListId="8c84fa94-04c1-424b-9868-57a2d4851a1d" relativeResultsDirectory="e0e6e1cb-4734-4c4e-856a-2e77014d408b" />
    <UnitTestResult executionId="862a0248-9679-4374-82f6-0035297a0ba0" testId="4292287d-3e88-e342-a73e-7621a9e1b4cb" testName="RequestBodyConstructedUsingBinaryContentHelpers(Microsoft.TypeSpec.Generator.Input.InputModelType)" computerName="pkrvmxyh4eaekms" duration="00:00:00.0011970" startTime="2025-06-24T21:14:12.6390069+00:00" endTime="2025-06-24T21:14:12.6402042+00:00" testType="13cdc9d9-ddb5-4fa4-a97d-d965ccfc6d4b" outcome="Passed" testListId="8c84fa94-04c1-424b-9868-57a2d4851a1d" relativeResultsDirectory="862a0248-9679-4374-82f6-0035297a0ba0" />
    <UnitTestResult executionId="3f013a4f-9aca-4516-ae57-d47a3a90fead" testId="d85b041f-089f-431b-1ddd-38180f5dda6d" testName="TestEqualAfterConvertingToUtc(&quot;2020-05-04T03:02:01.1230000+00:00&quot;)" computerName="pkrvmxyh4eaekms" duration="00:00:00.0000640" startTime="2025-06-24T21:14:12.6610315+00:00" endTime="2025-06-24T21:14:12.6610956+00:00" testType="13cdc9d9-ddb5-4fa4-a97d-d965ccfc6d4b" outcome="Passed" testListId="8c84fa94-04c1-424b-9868-57a2d4851a1d" relativeResultsDirectory="3f013a4f-9aca-4516-ae57-d47a3a90fead" />
    <UnitTestResult executionId="d03f0ca7-ada5-40d2-be30-38315dab005d" testId="c14f3cef-d7a9-99e2-48ff-da4f93a55ade" testName="AppendQuery_Double(&quot;http://localhost&quot;,3.14d,False,&quot;http://localhost/?query=3.14&quot;)" computerName="pkrvmxyh4eaekms" duration="00:00:00.0003010" startTime="2025-06-24T21:14:09.5552451+00:00" endTime="2025-06-24T21:14:09.5555464+00:00" testType="13cdc9d9-ddb5-4fa4-a97d-d965ccfc6d4b" outcome="Passed" testListId="8c84fa94-04c1-424b-9868-57a2d4851a1d" relativeResultsDirectory="d03f0ca7-ada5-40d2-be30-38315dab005d" />
    <UnitTestResult executionId="b74c692c-5553-4633-b3b3-25483f656e39" testId="5012d36b-b617-1c43-82be-02c1ca8a65d2" testName="FormatsDatesAsJson(&quot;D&quot;,05/04/2020 00:00:00 +00:00,&quot;2020-05-04&quot;)" computerName="pkrvmxyh4eaekms" duration="00:00:00.0000670" startTime="2025-06-24T21:14:12.6572800+00:00" endTime="2025-06-24T21:14:12.6573465+00:00" testType="13cdc9d9-ddb5-4fa4-a97d-d965ccfc6d4b" outcome="Passed" testListId="8c84fa94-04c1-424b-9868-57a2d4851a1d" relativeResultsDirectory="b74c692c-5553-4633-b3b3-25483f656e39" />
    <UnitTestResult executionId="92ecf7bf-27df-4129-b651-1e03f8e8587d" testId="faf80909-a0ab-f142-10c5-3b6917abff3a" testName="TestBuildPersistableModelCreateMethod" computerName="pkrvmxyh4eaekms" duration="00:00:00.0024450" startTime="2025-06-24T21:14:11.0031953+00:00" endTime="2025-06-24T21:14:11.0056403+00:00" testType="13cdc9d9-ddb5-4fa4-a97d-d965ccfc6d4b" outcome="Passed" testListId="8c84fa94-04c1-424b-9868-57a2d4851a1d" relativeResultsDirectory="92ecf7bf-27df-4129-b651-1e03f8e8587d" />
    <UnitTestResult executionId="baa64328-9488-48f3-a1a6-38f26e97b544" testId="6950c12a-530d-10c2-664d-7df9a43fce0c" testName="AppendPath_Guid(&quot;http://localhost&quot;,&quot;3f2504e0-4f89-11d3-9a0c-0305e82c3301&quot;,True,&quot;http://localhost/3f2504e0-4f89-11d3-9a0c-0305e82c3301&quot;)" computerName="pkrvmxyh4eaekms" duration="00:00:00.0004230" startTime="2025-06-24T21:14:09.5368293+00:00" endTime="2025-06-24T21:14:09.5372520+00:00" testType="13cdc9d9-ddb5-4fa4-a97d-d965ccfc6d4b" outcome="Passed" testListId="8c84fa94-04c1-424b-9868-57a2d4851a1d" relativeResultsDirectory="baa64328-9488-48f3-a1a6-38f26e97b544" />
    <UnitTestResult executionId="f00885ab-8a2b-46f5-b202-e7736c866eab" testId="24a6ee56-00ee-be62-7065-a28f8e048c75" testName="AppendPath_ByteArray(&quot;http://localhost&quot;,[104, 101, 108, 108, 111],&quot;U&quot;,False,&quot;http://localhost/aGVsbG8&quot;)" computerName="pkrvmxyh4eaekms" duration="00:00:00.0000970" startTime="2025-06-24T21:14:09.5309907+00:00" endTime="2025-06-24T21:14:09.5310872+00:00" testType="13cdc9d9-ddb5-4fa4-a97d-d965ccfc6d4b" outcome="Passed" testListId="8c84fa94-04c1-424b-9868-57a2d4851a1d" relativeResultsDirectory="f00885ab-8a2b-46f5-b202-e7736c866eab" />
    <UnitTestResult executionId="45a615b9-639b-4f67-b4d4-0b47b01975a0" testId="e11309ac-b0a6-8c39-60d7-dba8677b0b69" testName="ResetThenAppendPath(&quot;http://localhost:12345/with/&quot;,null,&quot;http://localhost:12345/with/&quot;)" computerName="pkrvmxyh4eaekms" duration="00:00:00.0000910" startTime="2025-06-24T21:14:09.5625367+00:00" endTime="2025-06-24T21:14:09.5626271+00:00" testType="13cdc9d9-ddb5-4fa4-a97d-d965ccfc6d4b" outcome="Passed" testListId="8c84fa94-04c1-424b-9868-57a2d4851a1d" relativeResultsDirectory="45a615b9-639b-4f67-b4d4-0b47b01975a0" />
    <UnitTestResult executionId="8cd9666c-1374-496c-9033-f29dbfbe3223" testId="e4026a29-914d-441e-2c1a-b6749c436c60" testName="RoundTripWithJsonInterfaceNonGeneric(&quot;W&quot;)" computerName="pkrvmxyh4eaekms" duration="00:00:00.0008740" startTime="2025-06-24T21:14:06.4248259+00:00" endTime="2025-06-24T21:14:06.4256999+00:00" testType="13cdc9d9-ddb5-4fa4-a97d-d965ccfc6d4b" outcome="Passed" testListId="8c84fa94-04c1-424b-9868-57a2d4851a1d" relativeResultsDirectory="8cd9666c-1374-496c-9033-f29dbfbe3223" />
    <UnitTestResult executionId="3f53045e-99ec-4c6e-86ab-fbb106291a17" testId="0e78e6c8-d302-cfca-dc84-e91db65a3135" testName="TestBuildJsonModelWriteCore(Microsoft.TypeSpec.Generator.Input.InputUnionType)" computerName="pkrvmxyh4eaekms" duration="00:00:00.0013120" startTime="2025-06-24T21:14:09.9790679+00:00" endTime="2025-06-24T21:14:09.9803798+00:00" testType="13cdc9d9-ddb5-4fa4-a97d-d965ccfc6d4b" outcome="Passed" testListId="8c84fa94-04c1-424b-9868-57a2d4851a1d" relativeResultsDirectory="3f53045e-99ec-4c6e-86ab-fbb106291a17" />
    <UnitTestResult executionId="6eceee1a-c5dd-4584-b0a8-82521e0eeb0a" testId="8fb5eb2d-b3ae-981f-09c3-d17ab6f8bf32" testName="ResetThenAppendQuery(&quot;http://localhost:12345/some/&quot;,&quot;one|1|two|2&quot;,&quot;http://localhost:12345/some/?one=1&amp;two=2&quot;)" computerName="pkrvmxyh4eaekms" duration="00:00:00.0000940" startTime="2025-06-24T21:14:09.5689334+00:00" endTime="2025-06-24T21:14:09.5690276+00:00" testType="13cdc9d9-ddb5-4fa4-a97d-d965ccfc6d4b" outcome="Passed" testListId="8c84fa94-04c1-424b-9868-57a2d4851a1d" relativeResultsDirectory="6eceee1a-c5dd-4584-b0a8-82521e0eeb0a" />
    <UnitTestResult executionId="e75e6d4e-3233-4065-b0bd-a909e99ded1b" testId="5e6b1476-a892-09fa-249f-600b43aed7f9" testName="ValidateClientWithAcceptHeader_ValuesDefinedAsEnum" computerName="pkrvmxyh4eaekms" duration="00:00:00.0009880" startTime="2025-06-24T21:14:12.5610066+00:00" endTime="2025-06-24T21:14:12.5619942+00:00" testType="13cdc9d9-ddb5-4fa4-a97d-d965ccfc6d4b" outcome="Passed" testListId="8c84fa94-04c1-424b-9868-57a2d4851a1d" relativeResultsDirectory="e75e6d4e-3233-4065-b0bd-a909e99ded1b" />
    <UnitTestResult executionId="203691f2-a38a-4167-beeb-1b7e98a81077" testId="67e8750c-0d0a-c477-eb48-6ae9f2c03135" testName="AppendPathDelimited_StringArray(&quot;http://localhost&quot;,[&quot;hello&quot;, &quot;world&quot;],&quot;.&quot;,False,&quot;http://localhost/hello.world&quot;)" computerName="pkrvmxyh4eaekms" duration="00:00:00.0003230" startTime="2025-06-24T21:14:09.5430354+00:00" endTime="2025-06-24T21:14:09.5433577+00:00" testType="13cdc9d9-ddb5-4fa4-a97d-d965ccfc6d4b" outcome="Passed" testListId="8c84fa94-04c1-424b-9868-57a2d4851a1d" relativeResultsDirectory="203691f2-a38a-4167-beeb-1b7e98a81077" />
    <UnitTestResult executionId="a2d803d4-f7f8-44fa-a5f1-291c88db71d3" testId="e3f6b41b-723f-fe52-6ef5-10aa6556c371" testName="TestBuildAuthFields_SubClients_WithAuth(Microsoft.TypeSpec.Generator.Input.InputClient)" computerName="pkrvmxyh4eaekms" duration="00:00:00.0016149" startTime="2025-06-24T21:14:09.2195838+00:00" endTime="2025-06-24T21:14:09.2211989+00:00" testType="13cdc9d9-ddb5-4fa4-a97d-d965ccfc6d4b" outcome="Passed" testListId="8c84fa94-04c1-424b-9868-57a2d4851a1d" relativeResultsDirectory="a2d803d4-f7f8-44fa-a5f1-291c88db71d3" />
    <UnitTestResult executionId="16687c8b-d4f8-4018-a89d-bcd301c1bb4b" testId="fedf1bbb-8fa1-f79c-57f2-a44838558af8" testName="ThrowsIfWireIsNotJson" computerName="pkrvmxyh4eaekms" duration="00:00:00.0001340" startTime="2025-06-24T21:14:06.4429409+00:00" endTime="2025-06-24T21:14:06.4430751+00:00" testType="13cdc9d9-ddb5-4fa4-a97d-d965ccfc6d4b" outcome="Passed" testListId="8c84fa94-04c1-424b-9868-57a2d4851a1d" relativeResultsDirectory="16687c8b-d4f8-4018-a89d-bcd301c1bb4b" />
    <UnitTestResult executionId="81a688f5-4f3f-4099-89db-6a1005dd39db" testId="68d0fb8e-5c5d-d34b-58ab-63b024d75491" testName="TestIntSerializationStatement(Int32,&quot;string&quot;)" computerName="pkrvmxyh4eaekms" duration="00:00:00.0013090" startTime="2025-06-24T21:14:11.0493969+00:00" endTime="2025-06-24T21:14:11.0507054+00:00" testType="13cdc9d9-ddb5-4fa4-a97d-d965ccfc6d4b" outcome="Passed" testListId="8c84fa94-04c1-424b-9868-57a2d4851a1d" relativeResultsDirectory="81a688f5-4f3f-4099-89db-6a1005dd39db" />
    <UnitTestResult executionId="19ff7779-0681-42fa-941e-d8dbcf34aad9" testId="5cecca1b-6cfe-a561-61db-bfb6cc7f6214" testName="TestRequestOptionsParameterInSignature(Microsoft.TypeSpec.Generator.Input.InputBasicServiceMethod,False,False)" computerName="pkrvmxyh4eaekms" duration="00:00:00.0031540" startTime="2025-06-24T21:14:09.3785715+00:00" endTime="2025-06-24T21:14:09.3817252+00:00" testType="13cdc9d9-ddb5-4fa4-a97d-d965ccfc6d4b" outcome="Passed" testListId="8c84fa94-04c1-424b-9868-57a2d4851a1d" relativeResultsDirectory="19ff7779-0681-42fa-941e-d8dbcf34aad9" />
    <UnitTestResult executionId="dc0fa71d-4c63-4577-840e-79d58a88474d" testId="75ea94fd-3e39-2426-5e3d-01bde1d3cfe1" testName="TestBuildConstructors_SecondaryConstructor(System.Collections.Generic.List`1[Microsoft.TypeSpec.Generator.Input.InputParameter])" computerName="pkrvmxyh4eaekms" duration="00:00:00.0011550" startTime="2025-06-24T21:14:09.3316175+00:00" endTime="2025-06-24T21:14:09.3327719+00:00" testType="13cdc9d9-ddb5-4fa4-a97d-d965ccfc6d4b" outcome="Passed" testListId="8c84fa94-04c1-424b-9868-57a2d4851a1d" relativeResultsDirectory="dc0fa71d-4c63-4577-840e-79d58a88474d" />
    <UnitTestResult executionId="4ee19e1a-8afd-4001-a4c7-298042269af2" testId="e8efddcb-de74-9a15-028e-2928f93e6b81" testName="ValidateBodyOfProcessMessageIsOverridden" computerName="pkrvmxyh4eaekms" duration="00:00:00.0050910" startTime="2025-06-24T21:14:06.5034062+00:00" endTime="2025-06-24T21:14:06.5084970+00:00" testType="13cdc9d9-ddb5-4fa4-a97d-d965ccfc6d4b" outcome="Passed" testListId="8c84fa94-04c1-424b-9868-57a2d4851a1d" relativeResultsDirectory="4ee19e1a-8afd-4001-a4c7-298042269af2" />
    <UnitTestResult executionId="419b84b1-4269-4469-b0cd-04c5dad0d19f" testId="286c9298-177b-f65b-c722-ac07a895db6d" testName="ValidateConvertToString(&quot;c&quot;,1.02:59:59.5000000,&quot;1.02:59:59.5000000&quot;)" computerName="pkrvmxyh4eaekms" duration="00:00:00.0001100" startTime="2025-06-24T21:14:12.6640700+00:00" endTime="2025-06-24T21:14:12.6641796+00:00" testType="13cdc9d9-ddb5-4fa4-a97d-d965ccfc6d4b" outcome="Passed" testListId="8c84fa94-04c1-424b-9868-57a2d4851a1d" relativeResultsDirectory="419b84b1-4269-4469-b0cd-04c5dad0d19f" />
    <UnitTestResult executionId="db29320b-31fc-4e47-8f2c-7d859ec4ac1e" testId="6820eb44-0158-2a73-f0b8-2a4c254b1834" testName="ResetThenAppendQueryThenAppendPath(&quot;http://localhost:12345&quot;,&quot;some/&quot;,&quot;one|1&quot;,&quot;http://localhost:12345/some/?one=1&quot;)" computerName="pkrvmxyh4eaekms" duration="00:00:00.0000890" startTime="2025-06-24T21:14:09.5698627+00:00" endTime="2025-06-24T21:14:09.5699519+00:00" testType="13cdc9d9-ddb5-4fa4-a97d-d965ccfc6d4b" outcome="Passed" testListId="8c84fa94-04c1-424b-9868-57a2d4851a1d" relativeResultsDirectory="db29320b-31fc-4e47-8f2c-7d859ec4ac1e" />
    <UnitTestResult executionId="dd8730de-8034-4140-be08-5b23d981656c" testId="63fc2dd7-d482-b316-024a-fe582ae69c29" testName="RoundTripWithModelCast(&quot;W&quot;)" computerName="pkrvmxyh4eaekms" duration="00:00:00.0015850" startTime="2025-06-24T21:14:06.4057922+00:00" endTime="2025-06-24T21:14:06.4073769+00:00" testType="13cdc9d9-ddb5-4fa4-a97d-d965ccfc6d4b" outcome="Passed" testListId="8c84fa94-04c1-424b-9868-57a2d4851a1d" relativeResultsDirectory="dd8730de-8034-4140-be08-5b23d981656c" />
    <UnitTestResult executionId="13087045-414f-4753-9894-fbea12cda402" testId="1a108419-9c72-94cf-0752-8aadadbe46fc" testName="CanCustomizeUriProperty" computerName="pkrvmxyh4eaekms" duration="00:00:00.1053580" startTime="2025-06-24T21:14:10.7688230+00:00" endTime="2025-06-24T21:14:10.8741805+00:00" testType="13cdc9d9-ddb5-4fa4-a97d-d965ccfc6d4b" outcome="Passed" testListId="8c84fa94-04c1-424b-9868-57a2d4851a1d" relativeResultsDirectory="13087045-414f-4753-9894-fbea12cda402" />
    <UnitTestResult executionId="1196991b-a70c-4cf7-8e30-2b87bae8f689" testId="975aab6a-b3f2-b4e7-05ec-c104b83f4704" testName="EndpointFieldAssignedFromUriParameter" computerName="pkrvmxyh4eaekms" duration="00:00:00.0029590" startTime="2025-06-24T21:14:09.1644272+00:00" endTime="2025-06-24T21:14:09.1673864+00:00" testType="13cdc9d9-ddb5-4fa4-a97d-d965ccfc6d4b" outcome="Passed" testListId="8c84fa94-04c1-424b-9868-57a2d4851a1d" relativeResultsDirectory="1196991b-a70c-4cf7-8e30-2b87bae8f689" />
    <UnitTestResult executionId="1c31174b-d5ea-43b5-bef7-e0a4247b6cf9" testId="95c28ecf-7977-c561-acf2-769224b0280a" testName="RoundTripWithModelCast(&quot;W&quot;)" computerName="pkrvmxyh4eaekms" duration="00:00:00.0081790" startTime="2025-06-24T21:14:06.2059282+00:00" endTime="2025-06-24T21:14:06.2141068+00:00" testType="13cdc9d9-ddb5-4fa4-a97d-d965ccfc6d4b" outcome="Passed" testListId="8c84fa94-04c1-424b-9868-57a2d4851a1d" relativeResultsDirectory="1c31174b-d5ea-43b5-bef7-e0a4247b6cf9" />
    <UnitTestResult executionId="b97bc9c6-1922-4256-8a6b-c71e9d9bf25b" testId="c448b744-7bf8-6f0c-d98b-198f6de41865" testName="CanCustomizeExtensibleEnum(Microsoft.TypeSpec.Generator.Input.InputEnumType)" computerName="pkrvmxyh4eaekms" duration="00:00:00.0665920" startTime="2025-06-24T21:14:11.5425616+00:00" endTime="2025-06-24T21:14:11.6091534+00:00" testType="13cdc9d9-ddb5-4fa4-a97d-d965ccfc6d4b" outcome="Passed" testListId="8c84fa94-04c1-424b-9868-57a2d4851a1d" relativeResultsDirectory="b97bc9c6-1922-4256-8a6b-c71e9d9bf25b" />
    <UnitTestResult executionId="83454e8e-bf57-4633-9456-b99970119cac" testId="e6cf1529-c6a8-2487-8cef-54044b5c3922" testName="ValidateReturnTypeOfCreateRequestIsOverridden" computerName="pkrvmxyh4eaekms" duration="00:00:00.0029990" startTime="2025-06-24T21:14:06.5085410+00:00" endTime="2025-06-24T21:14:06.5115397+00:00" testType="13cdc9d9-ddb5-4fa4-a97d-d965ccfc6d4b" outcome="Passed" testListId="8c84fa94-04c1-424b-9868-57a2d4851a1d" relativeResultsDirectory="83454e8e-bf57-4633-9456-b99970119cac" />
    <UnitTestResult executionId="40c8c2dd-fa6b-4ea5-9c4c-2812650ee1dc" testId="85515794-859c-c57f-429d-018ca2aa9bac" testName="ValidateBodyOfRestClientOperationIsOverridden" computerName="pkrvmxyh4eaekms" duration="00:00:00.0254820" startTime="2025-06-24T21:14:06.4624989+00:00" endTime="2025-06-24T21:14:06.4879799+00:00" testType="13cdc9d9-ddb5-4fa4-a97d-d965ccfc6d4b" outcome="Passed" testListId="8c84fa94-04c1-424b-9868-57a2d4851a1d" relativeResultsDirectory="40c8c2dd-fa6b-4ea5-9c4c-2812650ee1dc" />
    <UnitTestResult executionId="2cd74e28-ffeb-42e4-8ce9-5790b5e06877" testId="1cc92af9-eee7-7653-0e1e-565dd50e3732" testName="ValidateIsLastNamespaceSegmentTheSame(&quot;Foo&quot;,&quot;Bar&quot;)" computerName="pkrvmxyh4eaekms" duration="00:00:00.0010790" startTime="2025-06-24T21:14:09.4148827+00:00" endTime="2025-06-24T21:14:09.4159614+00:00" testType="13cdc9d9-ddb5-4fa4-a97d-d965ccfc6d4b" outcome="Passed" testListId="8c84fa94-04c1-424b-9868-57a2d4851a1d" relativeResultsDirectory="2cd74e28-ffeb-42e4-8ce9-5790b5e06877" />
    <UnitTestResult executionId="aac66814-cfa1-4be0-9182-ef26c31153c7" testId="f57ac424-adaf-1808-607f-9395be13912a" testName="TestRestClientMethods(Microsoft.TypeSpec.Generator.Input.InputBasicServiceMethod)" computerName="pkrvmxyh4eaekms" duration="00:00:00.0011840" startTime="2025-06-24T21:14:12.5494498+00:00" endTime="2025-06-24T21:14:12.5506334+00:00" testType="13cdc9d9-ddb5-4fa4-a97d-d965ccfc6d4b" outcome="Passed" testListId="8c84fa94-04c1-424b-9868-57a2d4851a1d" relativeResultsDirectory="aac66814-cfa1-4be0-9182-ef26c31153c7" />
    <UnitTestResult executionId="a9cef716-728a-4347-bd48-b536a0a7c471" testId="d82a3974-a1b3-5452-a547-6e33ca1a063c" testName="TestBuildAuthFields_WithSubClients_NoAuth(Microsoft.TypeSpec.Generator.Input.InputClient)" computerName="pkrvmxyh4eaekms" duration="00:00:00.0019360" startTime="2025-06-24T21:14:09.2590528+00:00" endTime="2025-06-24T21:14:09.2609891+00:00" testType="13cdc9d9-ddb5-4fa4-a97d-d965ccfc6d4b" outcome="Passed" testListId="8c84fa94-04c1-424b-9868-57a2d4851a1d" relativeResultsDirectory="a9cef716-728a-4347-bd48-b536a0a7c471" />
    <UnitTestResult executionId="cfb6e616-b2d3-4fd9-b188-d55f040e168d" testId="9a0b5fe5-23b6-e1a0-71e7-8e9b88d6007e" testName="ListMethodIsRenamedToGet" computerName="pkrvmxyh4eaekms" duration="00:00:00.0015400" startTime="2025-06-24T21:14:12.5766603+00:00" endTime="2025-06-24T21:14:12.5781996+00:00" testType="13cdc9d9-ddb5-4fa4-a97d-d965ccfc6d4b" outcome="Passed" testListId="8c84fa94-04c1-424b-9868-57a2d4851a1d" relativeResultsDirectory="cfb6e616-b2d3-4fd9-b188-d55f040e168d" />
    <UnitTestResult executionId="9612a238-073e-41f3-b5bf-115fd22e8b5b" testId="79b6f9be-b651-a2de-ef36-a93ea3499229" testName="AppendQueryDelimited(&quot;http://localhost&quot;,[&quot;hello&quot;, &quot;world&quot;],&quot;|&quot;,True,&quot;http://localhost/?query=hello|world&quot;)" computerName="pkrvmxyh4eaekms" duration="00:00:00.0000699" startTime="2025-06-24T21:14:09.5608952+00:00" endTime="2025-06-24T21:14:09.5609651+00:00" testType="13cdc9d9-ddb5-4fa4-a97d-d965ccfc6d4b" outcome="Passed" testListId="8c84fa94-04c1-424b-9868-57a2d4851a1d" relativeResultsDirectory="9612a238-073e-41f3-b5bf-115fd22e8b5b" />
    <UnitTestResult executionId="c06f9e99-8567-4e2d-9fc1-904f39ae50d5" testId="5a28539e-fb57-42a1-3352-aa901506c7b3" testName="TestIntDeserializeExpression(System.SByte,Default)" computerName="pkrvmxyh4eaekms" duration="00:00:00.0002420" startTime="2025-06-24T21:14:11.0380054+00:00" endTime="2025-06-24T21:14:11.0382468+00:00" testType="13cdc9d9-ddb5-4fa4-a97d-d965ccfc6d4b" outcome="Passed" testListId="8c84fa94-04c1-424b-9868-57a2d4851a1d" relativeResultsDirectory="c06f9e99-8567-4e2d-9fc1-904f39ae50d5" />
    <UnitTestResult executionId="659043e6-3109-4d34-9685-1d383700b9c2" testId="40d1042c-a09f-e848-c8e7-24cb9c43e893" testName="NullClientProviderIsNotAddedToLibrary()" computerName="pkrvmxyh4eaekms" duration="00:00:00.0037510" startTime="2025-06-24T21:14:09.1877203+00:00" endTime="2025-06-24T21:14:09.1914712+00:00" testType="13cdc9d9-ddb5-4fa4-a97d-d965ccfc6d4b" outcome="Passed" testListId="8c84fa94-04c1-424b-9868-57a2d4851a1d" relativeResultsDirectory="659043e6-3109-4d34-9685-1d383700b9c2" />
    <UnitTestResult executionId="4b590e1f-36f4-4e8c-a5a9-fe9580c45c60" testId="1eebbacd-bca6-3a8c-37b6-3e2efdecc729" testName="TestNestedTypes(True)" computerName="pkrvmxyh4eaekms" duration="00:00:00.0027000" startTime="2025-06-24T21:14:07.9900416+00:00" endTime="2025-06-24T21:14:07.9927416+00:00" testType="13cdc9d9-ddb5-4fa4-a97d-d965ccfc6d4b" outcome="Passed" testListId="8c84fa94-04c1-424b-9868-57a2d4851a1d" relativeResultsDirectory="4b590e1f-36f4-4e8c-a5a9-fe9580c45c60" />
    <UnitTestResult executionId="df42c21b-3a46-4f09-ac8e-3f9110a136da" testId="dbbaaed9-00fe-90da-a45f-1adc61af23d2" testName="BackCompat_PrereleaseApiVersionsAdded" computerName="pkrvmxyh4eaekms" duration="00:00:00.0579730" startTime="2025-06-24T21:14:07.9196636+00:00" endTime="2025-06-24T21:14:07.9776361+00:00" testType="13cdc9d9-ddb5-4fa4-a97d-d965ccfc6d4b" outcome="Passed" testListId="8c84fa94-04c1-424b-9868-57a2d4851a1d" relativeResultsDirectory="df42c21b-3a46-4f09-ac8e-3f9110a136da" />
    <UnitTestResult executionId="5e016c12-6842-4b94-9f8e-ea95f50c3d28" testId="60e80210-144f-ae89-bdae-f71c9f8b8814" testName="FormatsDatesAsString(&quot;R&quot;,05/04/2020 03:02:01 +00:00,&quot;Mon, 04 May 2020 03:02:01 GMT&quot;)" computerName="pkrvmxyh4eaekms" duration="00:00:00.0000280" startTime="2025-06-24T21:14:12.6584029+00:00" endTime="2025-06-24T21:14:12.6584308+00:00" testType="13cdc9d9-ddb5-4fa4-a97d-d965ccfc6d4b" outcome="Passed" testListId="8c84fa94-04c1-424b-9868-57a2d4851a1d" relativeResultsDirectory="5e016c12-6842-4b94-9f8e-ea95f50c3d28" />
    <UnitTestResult executionId="afcd7871-2313-4502-ab64-47b59524eec4" testId="87a406ec-4133-87bc-5a61-b337c8334484" testName="FormatsTimeSpanAsJson(&quot;c&quot;,1.02:59:59.5000000,&quot;1.02:59:59.5000000&quot;)" computerName="pkrvmxyh4eaekms" duration="00:00:00.0006660" startTime="2025-06-24T21:14:12.6594721+00:00" endTime="2025-06-24T21:14:12.6601380+00:00" testType="13cdc9d9-ddb5-4fa4-a97d-d965ccfc6d4b" outcome="Passed" testListId="8c84fa94-04c1-424b-9868-57a2d4851a1d" relativeResultsDirectory="afcd7871-2313-4502-ab64-47b59524eec4" />
    <UnitTestResult executionId="e7ff79fb-b9bf-43d1-8c82-2a6cddff5fea" testId="ddf3d0a6-dd5f-db17-7a45-bf3b28b38312" testName="CanChangeDictionaryToBinaryData" computerName="pkrvmxyh4eaekms" duration="00:00:00.0710310" startTime="2025-06-24T21:14:11.0689398+00:00" endTime="2025-06-24T21:14:11.1399708+00:00" testType="13cdc9d9-ddb5-4fa4-a97d-d965ccfc6d4b" outcome="Passed" testListId="8c84fa94-04c1-424b-9868-57a2d4851a1d" relativeResultsDirectory="e7ff79fb-b9bf-43d1-8c82-2a6cddff5fea" />
    <UnitTestResult executionId="a71616af-0911-4b4e-986c-bc318dfc672e" testId="43806d68-607b-69b7-029c-895db69c2a44" testName="CanCustomizeEnumToFieldFrameworkType" computerName="pkrvmxyh4eaekms" duration="00:00:00.0894330" startTime="2025-06-24T21:14:10.1371440+00:00" endTime="2025-06-24T21:14:10.2265762+00:00" testType="13cdc9d9-ddb5-4fa4-a97d-d965ccfc6d4b" outcome="Passed" testListId="8c84fa94-04c1-424b-9868-57a2d4851a1d" relativeResultsDirectory="a71616af-0911-4b4e-986c-bc318dfc672e" />
    <UnitTestResult executionId="a205a58b-bb23-4df8-86d2-1f96dfceeb7c" testId="381c192a-1ef4-4379-d001-223053ee8288" testName="TestIntDeserializeExpression(System.Int16,Default)" computerName="pkrvmxyh4eaekms" duration="00:00:00.0002360" startTime="2025-06-24T21:14:11.0375471+00:00" endTime="2025-06-24T21:14:11.0377831+00:00" testType="13cdc9d9-ddb5-4fa4-a97d-d965ccfc6d4b" outcome="Passed" testListId="8c84fa94-04c1-424b-9868-57a2d4851a1d" relativeResultsDirectory="a205a58b-bb23-4df8-86d2-1f96dfceeb7c" />
    <UnitTestResult executionId="e2e19b06-2d02-49ce-8ff4-351009ea533d" testId="f12ce410-d0e4-8074-07d4-91d1e0fbf2c9" testName="CamelCaseSerializedName" computerName="pkrvmxyh4eaekms" duration="00:00:00.0008110" startTime="2025-06-24T21:14:10.0482119+00:00" endTime="2025-06-24T21:14:10.0490225+00:00" testType="13cdc9d9-ddb5-4fa4-a97d-d965ccfc6d4b" outcome="Passed" testListId="8c84fa94-04c1-424b-9868-57a2d4851a1d" relativeResultsDirectory="e2e19b06-2d02-49ce-8ff4-351009ea533d" />
    <UnitTestResult executionId="689d1022-ae0a-49c4-a88a-6b1ace4e8194" testId="3d064911-8ce4-9ebd-478b-8d7a42aeaa1a" testName="TestBuildAuthFields_WithAuth(System.Collections.Generic.List`1[Microsoft.TypeSpec.Generator.Input.InputParameter])" computerName="pkrvmxyh4eaekms" duration="00:00:00.0018780" startTime="2025-06-24T21:14:09.2495896+00:00" endTime="2025-06-24T21:14:09.2514671+00:00" testType="13cdc9d9-ddb5-4fa4-a97d-d965ccfc6d4b" outcome="Passed" testListId="8c84fa94-04c1-424b-9868-57a2d4851a1d" relativeResultsDirectory="689d1022-ae0a-49c4-a88a-6b1ace4e8194" />
    <UnitTestResult executionId="777229af-ef4d-45c8-93aa-0e00c4bb537d" testId="336f215a-f7e1-0f44-750d-f4db67f466ef" testName="RequestBodyConstructedRespectingRequestContentApi(Microsoft.TypeSpec.Generator.Input.InputDictionaryType)" computerName="pkrvmxyh4eaekms" duration="00:00:00.0014690" startTime="2025-06-24T21:14:12.6326842+00:00" endTime="2025-06-24T21:14:12.6341529+00:00" testType="13cdc9d9-ddb5-4fa4-a97d-d965ccfc6d4b" outcome="Passed" testListId="8c84fa94-04c1-424b-9868-57a2d4851a1d" relativeResultsDirectory="777229af-ef4d-45c8-93aa-0e00c4bb537d" />
    <UnitTestResult executionId="2aa0f014-2362-473c-9cf2-d89e68daccc4" testId="aa0012e4-46c1-7e97-6638-62c0f32453e9" testName="AppendQuery_ByteArray(&quot;http://localhost&quot;,[104, 101, 108, 108, 111],&quot;D&quot;,False,&quot;http://localhost/?query=aGVsbG8=&quot;)" computerName="pkrvmxyh4eaekms" duration="00:00:00.0000989" startTime="2025-06-24T21:14:09.5526391+00:00" endTime="2025-06-24T21:14:09.5527378+00:00" testType="13cdc9d9-ddb5-4fa4-a97d-d965ccfc6d4b" outcome="Passed" testListId="8c84fa94-04c1-424b-9868-57a2d4851a1d" relativeResultsDirectory="2aa0f014-2362-473c-9cf2-d89e68daccc4" />
    <UnitTestResult executionId="01891f59-c588-490a-b4e4-7ecc341d1fa5" testId="36d6f59a-7f94-a600-a190-5fd3ba4b33a1" testName="TestMatchConditionsParameter()" computerName="pkrvmxyh4eaekms" duration="00:00:00.0034210" startTime="2025-06-24T21:14:06.4433882+00:00" endTime="2025-06-24T21:14:06.4468096+00:00" testType="13cdc9d9-ddb5-4fa4-a97d-d965ccfc6d4b" outcome="Passed" testListId="8c84fa94-04c1-424b-9868-57a2d4851a1d" relativeResultsDirectory="01891f59-c588-490a-b4e4-7ecc341d1fa5" />
    <UnitTestResult executionId="047cf3b1-b37b-4c6a-9176-571610d3fab6" testId="b980310c-3eed-ecf0-a5ec-9237fd7abcff" testName="TestIntDeserializeExpression(System.Int32,Default)" computerName="pkrvmxyh4eaekms" duration="00:00:00.0001640" startTime="2025-06-24T21:14:11.0373675+00:00" endTime="2025-06-24T21:14:11.0375311+00:00" testType="13cdc9d9-ddb5-4fa4-a97d-d965ccfc6d4b" outcome="Passed" testListId="8c84fa94-04c1-424b-9868-57a2d4851a1d" relativeResultsDirectory="047cf3b1-b37b-4c6a-9176-571610d3fab6" />
    <UnitTestResult executionId="1dcbd3ce-3e5c-47fd-b250-6882e1e20c3e" testId="f4e3ebab-7e4a-0cd1-86fc-a3d86a2407e3" testName="AppendQuery_Int(&quot;http://localhost&quot;,-299792458,False,&quot;http://localhost/?query=-299792458&quot;)" computerName="pkrvmxyh4eaekms" duration="00:00:00.0000470" startTime="2025-06-24T21:14:09.5579109+00:00" endTime="2025-06-24T21:14:09.5579575+00:00" testType="13cdc9d9-ddb5-4fa4-a97d-d965ccfc6d4b" outcome="Passed" testListId="8c84fa94-04c1-424b-9868-57a2d4851a1d" relativeResultsDirectory="1dcbd3ce-3e5c-47fd-b250-6882e1e20c3e" />
    <UnitTestResult executionId="9ed4b9d0-e6bf-4cc7-bc0e-f6221f087ff6" testId="46c0f747-e309-a9f8-b426-f3a7bd05a508" testName="CanCustomizePropertyUsingField" computerName="pkrvmxyh4eaekms" duration="00:00:00.0740750" startTime="2025-06-24T21:14:10.6212689+00:00" endTime="2025-06-24T21:14:10.6953433+00:00" testType="13cdc9d9-ddb5-4fa4-a97d-d965ccfc6d4b" outcome="Passed" testListId="8c84fa94-04c1-424b-9868-57a2d4851a1d" relativeResultsDirectory="9ed4b9d0-e6bf-4cc7-bc0e-f6221f087ff6" />
    <UnitTestResult executionId="62660824-c174-4188-9d15-b74370b24bdf" testId="a6604334-c3da-4032-2d4c-e714d71d6226" testName="ValidateIsLastNamespaceSegmentTheSame(&quot;Foo&quot;,&quot;/Foo&quot;)" computerName="pkrvmxyh4eaekms" duration="00:00:00.0009180" startTime="2025-06-24T21:14:09.4248014+00:00" endTime="2025-06-24T21:14:09.4257189+00:00" testType="13cdc9d9-ddb5-4fa4-a97d-d965ccfc6d4b" outcome="Passed" testListId="8c84fa94-04c1-424b-9868-57a2d4851a1d" relativeResultsDirectory="62660824-c174-4188-9d15-b74370b24bdf" />
    <UnitTestResult executionId="7362616d-d515-4028-b308-875a83119b0b" testId="dcac7d6c-cddc-07ec-ade2-6b37b9b8f7b2" testName="ResetThenAppendQuery(&quot;http://localhost:12345&quot;,&quot;one|1|two|2&quot;,&quot;http://localhost:12345/?one=1&amp;two=2&quot;)" computerName="pkrvmxyh4eaekms" duration="00:00:00.0001130" startTime="2025-06-24T21:14:09.5682751+00:00" endTime="2025-06-24T21:14:09.5683879+00:00" testType="13cdc9d9-ddb5-4fa4-a97d-d965ccfc6d4b" outcome="Passed" testListId="8c84fa94-04c1-424b-9868-57a2d4851a1d" relativeResultsDirectory="7362616d-d515-4028-b308-875a83119b0b" />
    <UnitTestResult executionId="fbd3ac20-0e12-4e60-af79-2f03c45366db" testId="73850f0f-af34-f1c4-850f-dbfe7dcd52a0" testName="CanReplaceStructMethod(True)" computerName="pkrvmxyh4eaekms" duration="00:00:00.0834570" startTime="2025-06-24T21:14:08.9474850+00:00" endTime="2025-06-24T21:14:09.0309409+00:00" testType="13cdc9d9-ddb5-4fa4-a97d-d965ccfc6d4b" outcome="Passed" testListId="8c84fa94-04c1-424b-9868-57a2d4851a1d" relativeResultsDirectory="fbd3ac20-0e12-4e60-af79-2f03c45366db" />
    <UnitTestResult executionId="b5b8f0e0-6f45-4c65-9c7b-160a185b8a49" testId="19c8ef68-77a7-4e1b-7e89-0933712f66d1" testName="TestIntSerializationStatement(Int8,&quot;string&quot;)" computerName="pkrvmxyh4eaekms" duration="00:00:00.0013610" startTime="2025-06-24T21:14:11.0466309+00:00" endTime="2025-06-24T21:14:11.0479918+00:00" testType="13cdc9d9-ddb5-4fa4-a97d-d965ccfc6d4b" outcome="Passed" testListId="8c84fa94-04c1-424b-9868-57a2d4851a1d" relativeResultsDirectory="b5b8f0e0-6f45-4c65-9c7b-160a185b8a49" />
    <UnitTestResult executionId="19a3988f-8320-4b9c-a2f5-b9e5b345e41f" testId="84ad1089-0415-9b9d-3949-c442ce279fcc" testName="RoundTripWithModelInterface(&quot;J&quot;)" computerName="pkrvmxyh4eaekms" duration="00:00:00.0008180" startTime="2025-06-24T21:14:06.4344833+00:00" endTime="2025-06-24T21:14:06.4353013+00:00" testType="13cdc9d9-ddb5-4fa4-a97d-d965ccfc6d4b" outcome="Passed" testListId="8c84fa94-04c1-424b-9868-57a2d4851a1d" relativeResultsDirectory="19a3988f-8320-4b9c-a2f5-b9e5b345e41f" />
    <UnitTestResult executionId="0b26abde-5647-415d-a8ab-9b47e40fe0e6" testId="442735ff-489f-a552-413b-c62743e9c691" testName="ResetThenAppendPath(&quot;http://localhost&quot;,&quot;/path/&quot;,&quot;http://localhost/path/&quot;)" computerName="pkrvmxyh4eaekms" duration="00:00:00.0000960" startTime="2025-06-24T21:14:09.5644561+00:00" endTime="2025-06-24T21:14:09.5645523+00:00" testType="13cdc9d9-ddb5-4fa4-a97d-d965ccfc6d4b" outcome="Passed" testListId="8c84fa94-04c1-424b-9868-57a2d4851a1d" relativeResultsDirectory="0b26abde-5647-415d-a8ab-9b47e40fe0e6" />
    <UnitTestResult executionId="b214d2ea-f854-4a14-94fd-65d86e22bb3e" testId="bfaa7edb-4a04-4e67-1fba-886c635c7198" testName="ResetThenAppendPathThenAppendQuery(&quot;http://localhost&quot;,&quot;/some&quot;,&quot;one|1|two|2&quot;,&quot;http://localhost/some?one=1&amp;two=2&quot;)" computerName="pkrvmxyh4eaekms" duration="00:00:00.0000620" startTime="2025-06-24T21:14:09.5664517+00:00" endTime="2025-06-24T21:14:09.5665137+00:00" testType="13cdc9d9-ddb5-4fa4-a97d-d965ccfc6d4b" outcome="Passed" testListId="8c84fa94-04c1-424b-9868-57a2d4851a1d" relativeResultsDirectory="b214d2ea-f854-4a14-94fd-65d86e22bb3e" />
    <UnitTestResult executionId="9f0ae3ec-0efb-47ea-af06-04e3d338a2ee" testId="9b5f94d3-9969-9523-e0dc-822954cce198" testName="SerializedNameIsUsed(False)" computerName="pkrvmxyh4eaekms" duration="00:00:00.0023739" startTime="2025-06-24T21:14:10.9633870+00:00" endTime="2025-06-24T21:14:10.9657605+00:00" testType="13cdc9d9-ddb5-4fa4-a97d-d965ccfc6d4b" outcome="Passed" testListId="8c84fa94-04c1-424b-9868-57a2d4851a1d" relativeResultsDirectory="9f0ae3ec-0efb-47ea-af06-04e3d338a2ee" />
    <UnitTestResult executionId="cb15f872-244a-4f8e-af92-d0fc4a0c599b" testId="eb5808bc-5dfb-a596-3540-5193459cee4f" testName="ValidateIsLastNamespaceSegmentTheSame(&quot;.Foo&quot;,&quot;.Foo&quot;)" computerName="pkrvmxyh4eaekms" duration="00:00:00.0008690" startTime="2025-06-24T21:14:09.4266770+00:00" endTime="2025-06-24T21:14:09.4275460+00:00" testType="13cdc9d9-ddb5-4fa4-a97d-d965ccfc6d4b" outcome="Passed" testListId="8c84fa94-04c1-424b-9868-57a2d4851a1d" relativeResultsDirectory="cb15f872-244a-4f8e-af92-d0fc4a0c599b" />
    <UnitTestResult executionId="628ce57c-225b-499e-80ee-f3fc5041d70c" testId="2be290df-7d92-5723-935e-13156fa041e9" testName="TestBuildConstructors_PrimaryConstructor(System.Collections.Generic.List`1[Microsoft.TypeSpec.Generator.Input.InputParameter])" computerName="pkrvmxyh4eaekms" duration="00:00:00.0010450" startTime="2025-06-24T21:14:09.3187867+00:00" endTime="2025-06-24T21:14:09.3198318+00:00" testType="13cdc9d9-ddb5-4fa4-a97d-d965ccfc6d4b" outcome="Passed" testListId="8c84fa94-04c1-424b-9868-57a2d4851a1d" relativeResultsDirectory="628ce57c-225b-499e-80ee-f3fc5041d70c" />
    <UnitTestResult executionId="6e74d6f9-fc1d-4111-98cb-b79ae98d38da" testId="666c8d10-fb2c-8e9c-b885-d283f7f7989e" testName="CanChangePropertyName" computerName="pkrvmxyh4eaekms" duration="00:00:00.0694230" startTime="2025-06-24T21:14:11.2312662+00:00" endTime="2025-06-24T21:14:11.3006894+00:00" testType="13cdc9d9-ddb5-4fa4-a97d-d965ccfc6d4b" outcome="Passed" testListId="8c84fa94-04c1-424b-9868-57a2d4851a1d" relativeResultsDirectory="6e74d6f9-fc1d-4111-98cb-b79ae98d38da" />
    <UnitTestResult executionId="b71aa53e-75c1-4b97-831e-88efa35bc4b9" testId="bf4fa718-a0dc-a376-320f-64846e767fdc" testName="ValidateToSerialMethodsExtensible(Microsoft.TypeSpec.Generator.Input.InputEnumType)" computerName="pkrvmxyh4eaekms" duration="00:00:00.0004990" startTime="2025-06-24T21:14:09.7693089+00:00" endTime="2025-06-24T21:14:09.7698076+00:00" testType="13cdc9d9-ddb5-4fa4-a97d-d965ccfc6d4b" outcome="Passed" testListId="8c84fa94-04c1-424b-9868-57a2d4851a1d" relativeResultsDirectory="b71aa53e-75c1-4b97-831e-88efa35bc4b9" />
    <UnitTestResult executionId="47a8b254-7c2c-4849-bd42-60d1a18cd8f3" testId="8c08e05c-b568-5eb3-8d0d-27975d397072" testName="AppendPath_TimeSpan(&quot;http://localhost&quot;,&quot;02:15:00&quot;,&quot;P&quot;,False,&quot;http://localhost/PT2H15M&quot;)" computerName="pkrvmxyh4eaekms" duration="00:00:00.0000640" startTime="2025-06-24T21:14:09.5407446+00:00" endTime="2025-06-24T21:14:09.5408088+00:00" testType="13cdc9d9-ddb5-4fa4-a97d-d965ccfc6d4b" outcome="Passed" testListId="8c84fa94-04c1-424b-9868-57a2d4851a1d" relativeResultsDirectory="47a8b254-7c2c-4849-bd42-60d1a18cd8f3" />
    <UnitTestResult executionId="fcca5960-e7d7-4408-a6d9-e4bae74b8789" testId="399178cf-d06f-bce1-4bab-8ac5289277a4" testName="TestBuildCreateRequestMethodWithPathParameters" computerName="pkrvmxyh4eaekms" duration="00:00:00.0012669" startTime="2025-06-24T21:14:12.5399804+00:00" endTime="2025-06-24T21:14:12.5412472+00:00" testType="13cdc9d9-ddb5-4fa4-a97d-d965ccfc6d4b" outcome="Passed" testListId="8c84fa94-04c1-424b-9868-57a2d4851a1d" relativeResultsDirectory="fcca5960-e7d7-4408-a6d9-e4bae74b8789" />
    <UnitTestResult executionId="e93cb2d5-127c-4589-9176-ac6826972508" testId="61a0d16b-51d0-5d10-c277-49bd978ee4cb" testName="TestBuildPersistableModelWriteMethod" computerName="pkrvmxyh4eaekms" duration="00:00:00.0022590" startTime="2025-06-24T21:14:11.0173768+00:00" endTime="2025-06-24T21:14:11.0196352+00:00" testType="13cdc9d9-ddb5-4fa4-a97d-d965ccfc6d4b" outcome="Passed" testListId="8c84fa94-04c1-424b-9868-57a2d4851a1d" relativeResultsDirectory="e93cb2d5-127c-4589-9176-ac6826972508" />
    <UnitTestResult executionId="6dd97a2c-1d99-4545-b741-970f7e59a5fb" testId="ce965a78-835a-15f8-3288-e78e41f0291b" testName="ResetThenAppendPath(&quot;http://localhost:12345/&quot;,&quot;/path&quot;,&quot;http://localhost:12345/path&quot;)" computerName="pkrvmxyh4eaekms" duration="00:00:00.0000930" startTime="2025-06-24T21:14:09.5638899+00:00" endTime="2025-06-24T21:14:09.5639823+00:00" testType="13cdc9d9-ddb5-4fa4-a97d-d965ccfc6d4b" outcome="Passed" testListId="8c84fa94-04c1-424b-9868-57a2d4851a1d" relativeResultsDirectory="6dd97a2c-1d99-4545-b741-970f7e59a5fb" />
    <UnitTestResult executionId="14be8e5e-2223-4563-ae8f-d5e15e07bb9f" testId="850718e8-8e6e-2fc0-30e9-cce89aa9345e" testName="EndpointFieldAssignedFromStringParameter(&quot;https://{hostName}&quot;,&quot;hostName&quot;)" computerName="pkrvmxyh4eaekms" duration="00:00:00.0022130" startTime="2025-06-24T21:14:09.1621707+00:00" endTime="2025-06-24T21:14:09.1643835+00:00" testType="13cdc9d9-ddb5-4fa4-a97d-d965ccfc6d4b" outcome="Passed" testListId="8c84fa94-04c1-424b-9868-57a2d4851a1d" relativeResultsDirectory="14be8e5e-2223-4563-ae8f-d5e15e07bb9f" />
    <UnitTestResult executionId="4ae9d9f5-47b4-4e59-9364-0e5908aaa04e" testId="223cb3ce-7b5f-60b3-9f52-4233503bc6f7" testName="ValidateConvertToString(&quot;U&quot;,[4, 5, 6],&quot;BAUG&quot;)" computerName="pkrvmxyh4eaekms" duration="00:00:00.0000710" startTime="2025-06-24T21:14:12.6629656+00:00" endTime="2025-06-24T21:14:12.6630365+00:00" testType="13cdc9d9-ddb5-4fa4-a97d-d965ccfc6d4b" outcome="Passed" testListId="8c84fa94-04c1-424b-9868-57a2d4851a1d" relativeResultsDirectory="4ae9d9f5-47b4-4e59-9364-0e5908aaa04e" />
    <UnitTestResult executionId="2bdc959c-e2c4-4e8a-9a29-11d779c21696" testId="259590b0-282e-1979-8334-224eab396dc0" testName="ResetThenAppendPath(&quot;http://localhost:12345/with/&quot;,&quot;/path&quot;,&quot;http://localhost:12345/with/path&quot;)" computerName="pkrvmxyh4eaekms" duration="00:00:00.0001390" startTime="2025-06-24T21:14:09.5643054+00:00" endTime="2025-06-24T21:14:09.5644440+00:00" testType="13cdc9d9-ddb5-4fa4-a97d-d965ccfc6d4b" outcome="Passed" testListId="8c84fa94-04c1-424b-9868-57a2d4851a1d" relativeResultsDirectory="2bdc959c-e2c4-4e8a-9a29-11d779c21696" />
    <UnitTestResult executionId="bd3ed0c7-0b15-4d31-9ae7-a4b38e084523" testId="d341eb56-4b23-b767-48eb-8a58e9956c80" testName="AppendQuery_Float(&quot;http://localhost&quot;,3.14f,False,&quot;http://localhost/?query=3.14&quot;)" computerName="pkrvmxyh4eaekms" duration="00:00:00.0003470" startTime="2025-06-24T21:14:09.5561190+00:00" endTime="2025-06-24T21:14:09.5564656+00:00" testType="13cdc9d9-ddb5-4fa4-a97d-d965ccfc6d4b" outcome="Passed" testListId="8c84fa94-04c1-424b-9868-57a2d4851a1d" relativeResultsDirectory="bd3ed0c7-0b15-4d31-9ae7-a4b38e084523" />
    <UnitTestResult executionId="454fe9e6-f50c-4090-97c3-f6a44009c58d" testId="c91db1aa-50a3-2233-826f-30e095a5542d" testName="RequestBodyConstructedRespectingRequestContentApi(Microsoft.TypeSpec.Generator.Input.InputModelType)" computerName="pkrvmxyh4eaekms" duration="00:00:00.0014580" startTime="2025-06-24T21:14:12.6341783+00:00" endTime="2025-06-24T21:14:12.6356364+00:00" testType="13cdc9d9-ddb5-4fa4-a97d-d965ccfc6d4b" outcome="Passed" testListId="8c84fa94-04c1-424b-9868-57a2d4851a1d" relativeResultsDirectory="454fe9e6-f50c-4090-97c3-f6a44009c58d" />
    <UnitTestResult executionId="1afd5796-284b-4acd-8a9e-c29394a2f5f3" testId="8494c4fc-6e14-a22b-6d09-e420845ec6ec" testName="RoundTripWithModelInterfaceNonGeneric(&quot;J&quot;)" computerName="pkrvmxyh4eaekms" duration="00:00:00.0009730" startTime="2025-06-24T21:14:06.4126074+00:00" endTime="2025-06-24T21:14:06.4135799+00:00" testType="13cdc9d9-ddb5-4fa4-a97d-d965ccfc6d4b" outcome="Passed" testListId="8c84fa94-04c1-424b-9868-57a2d4851a1d" relativeResultsDirectory="1afd5796-284b-4acd-8a9e-c29394a2f5f3" />
    <UnitTestResult executionId="e6f7c841-fe00-4dee-ae73-a74609c737c1" testId="b1b0eee3-3048-4930-3256-de423350cc60" testName="TestBuildImplicitToBinaryContent(False)" computerName="pkrvmxyh4eaekms" duration="00:00:00.0017500" startTime="2025-06-24T21:14:10.9830497+00:00" endTime="2025-06-24T21:14:10.9847997+00:00" testType="13cdc9d9-ddb5-4fa4-a97d-d965ccfc6d4b" outcome="Passed" testListId="8c84fa94-04c1-424b-9868-57a2d4851a1d" relativeResultsDirectory="e6f7c841-fe00-4dee-ae73-a74609c737c1" />
    <UnitTestResult executionId="ed315575-17f9-4cba-ba96-6013e71e28ac" testId="d710050f-ea9d-4918-b90b-64d0c581aaa0" testName="AccessibilityOfMethodMatchesInputOperation(True)" computerName="pkrvmxyh4eaekms" duration="00:00:00.0037940" startTime="2025-06-24T21:14:09.1250259+00:00" endTime="2025-06-24T21:14:09.1288197+00:00" testType="13cdc9d9-ddb5-4fa4-a97d-d965ccfc6d4b" outcome="Passed" testListId="8c84fa94-04c1-424b-9868-57a2d4851a1d" relativeResultsDirectory="ed315575-17f9-4cba-ba96-6013e71e28ac" />
    <UnitTestResult executionId="b3d59c1e-45c6-49ca-a5db-5d6d7b1140e6" testId="1521db92-d0ad-eb1f-ad0c-05a73782449b" testName="ResetThenAppendQuery(&quot;http://localhost:12345&quot;,&quot;one|1&quot;,&quot;http://localhost:12345/?one=1&quot;)" computerName="pkrvmxyh4eaekms" duration="00:00:00.0003440" startTime="2025-06-24T21:14:09.5671971+00:00" endTime="2025-06-24T21:14:09.5675415+00:00" testType="13cdc9d9-ddb5-4fa4-a97d-d965ccfc6d4b" outcome="Passed" testListId="8c84fa94-04c1-424b-9868-57a2d4851a1d" relativeResultsDirectory="b3d59c1e-45c6-49ca-a5db-5d6d7b1140e6" />
    <UnitTestResult executionId="b9109d6f-98c5-40f4-8162-27d169cac67f" testId="a1a9272a-f5a6-a0e8-35cb-eb9bf62ba30a" testName="RoundTripWithJsonInterfaceUtf8Reader(&quot;J&quot;)" computerName="pkrvmxyh4eaekms" duration="00:00:00.0017280" startTime="2025-06-24T21:14:06.4004614+00:00" endTime="2025-06-24T21:14:06.4021898+00:00" testType="13cdc9d9-ddb5-4fa4-a97d-d965ccfc6d4b" outcome="Passed" testListId="8c84fa94-04c1-424b-9868-57a2d4851a1d" relativeResultsDirectory="b9109d6f-98c5-40f4-8162-27d169cac67f" />
    <UnitTestResult executionId="ab77a2c7-d8d8-4c73-8673-37d1af88b36e" testId="4292005f-9ae4-ccb0-3890-e2e0f4d774db" testName="AppendPathDelimited_IntArray(&quot;http://localhost&quot;,[1, 2],&quot;.&quot;,False,&quot;http://localhost/1.2&quot;)" computerName="pkrvmxyh4eaekms" duration="00:00:00.0002920" startTime="2025-06-24T21:14:09.5419751+00:00" endTime="2025-06-24T21:14:09.5422670+00:00" testType="13cdc9d9-ddb5-4fa4-a97d-d965ccfc6d4b" outcome="Passed" testListId="8c84fa94-04c1-424b-9868-57a2d4851a1d" relativeResultsDirectory="ab77a2c7-d8d8-4c73-8673-37d1af88b36e" />
    <UnitTestResult executionId="62bb1cf9-da0b-49a8-b8a9-380fed06848b" testId="88584719-7016-3e9e-c1c5-28b497cc6d24" testName="ResetThenAppendPathThenAppendQuery(&quot;http://localhost:12345&quot;,&quot;/some&quot;,&quot;one|1|two|2&quot;,&quot;http://localhost:12345/some?one=1&amp;two=2&quot;)" computerName="pkrvmxyh4eaekms" duration="00:00:00.0000620" startTime="2025-06-24T21:14:09.5665233+00:00" endTime="2025-06-24T21:14:09.5665851+00:00" testType="13cdc9d9-ddb5-4fa4-a97d-d965ccfc6d4b" outcome="Passed" testListId="8c84fa94-04c1-424b-9868-57a2d4851a1d" relativeResultsDirectory="62bb1cf9-da0b-49a8-b8a9-380fed06848b" />
    <UnitTestResult executionId="b1790d75-8700-4407-bb72-6a00f5d20336" testId="315f9f31-d5ab-2f60-3960-b77fea62cd66" testName="RootInputModelsIncludesOperationParameters" computerName="pkrvmxyh4eaekms" duration="00:00:00.0019730" startTime="2025-06-24T21:14:12.6671793+00:00" endTime="2025-06-24T21:14:12.6691523+00:00" testType="13cdc9d9-ddb5-4fa4-a97d-d965ccfc6d4b" outcome="Passed" testListId="8c84fa94-04c1-424b-9868-57a2d4851a1d" relativeResultsDirectory="b1790d75-8700-4407-bb72-6a00f5d20336" />
    <UnitTestResult executionId="16039efc-585a-4b18-8097-1a9d97c6972b" testId="e96d95ec-e2b3-da59-f0c7-6fd76fc38633" testName="ResetThenAppendQueryThenAppendPath(&quot;http://localhost/&quot;,&quot;/some&quot;,&quot;one|1&quot;,&quot;http://localhost/some?one=1&quot;)" computerName="pkrvmxyh4eaekms" duration="00:00:00.0000880" startTime="2025-06-24T21:14:09.5699646+00:00" endTime="2025-06-24T21:14:09.5700521+00:00" testType="13cdc9d9-ddb5-4fa4-a97d-d965ccfc6d4b" outcome="Passed" testListId="8c84fa94-04c1-424b-9868-57a2d4851a1d" relativeResultsDirectory="16039efc-585a-4b18-8097-1a9d97c6972b" />
    <UnitTestResult executionId="5c634e8f-7db9-4feb-b33d-fc68b05b98ec" testId="070234ad-41f6-8b87-8d36-d61d76f8b990" testName="ResetThenAppendQueryThenAppendPath(&quot;http://localhost:12345&quot;,&quot;some&quot;,&quot;one|1&quot;,&quot;http://localhost:12345/some?one=1&quot;)" computerName="pkrvmxyh4eaekms" duration="00:00:00.0003110" startTime="2025-06-24T21:14:09.5694210+00:00" endTime="2025-06-24T21:14:09.5697321+00:00" testType="13cdc9d9-ddb5-4fa4-a97d-d965ccfc6d4b" outcome="Passed" testListId="8c84fa94-04c1-424b-9868-57a2d4851a1d" relativeResultsDirectory="5c634e8f-7db9-4feb-b33d-fc68b05b98ec" />
    <UnitTestResult executionId="7a177be1-09ab-49ec-94ae-e36e270eda3c" testId="f55a233a-e14b-4380-52ae-c7ccd5e5efd5" testName="TestRequestOptionsParameterInSignature(Microsoft.TypeSpec.Generator.Input.InputBasicServiceMethod,False,True)" computerName="pkrvmxyh4eaekms" duration="00:00:00.0014189" startTime="2025-06-24T21:14:09.3889475+00:00" endTime="2025-06-24T21:14:09.3903662+00:00" testType="13cdc9d9-ddb5-4fa4-a97d-d965ccfc6d4b" outcome="Passed" testListId="8c84fa94-04c1-424b-9868-57a2d4851a1d" relativeResultsDirectory="7a177be1-09ab-49ec-94ae-e36e270eda3c" />
    <UnitTestResult executionId="de598a8a-17a5-4e2b-9444-979bce1f9d6c" testId="f45b0123-a5dd-fb53-d0d1-cdea3d2f2a2b" testName="ValidateToSerialMethodsFixed(Microsoft.TypeSpec.Generator.Input.InputEnumType)" computerName="pkrvmxyh4eaekms" duration="00:00:00.0009600" startTime="2025-06-24T21:14:09.7709940+00:00" endTime="2025-06-24T21:14:09.7719534+00:00" testType="13cdc9d9-ddb5-4fa4-a97d-d965ccfc6d4b" outcome="Passed" testListId="8c84fa94-04c1-424b-9868-57a2d4851a1d" relativeResultsDirectory="de598a8a-17a5-4e2b-9444-979bce1f9d6c" />
    <UnitTestResult executionId="c219b667-c43f-4dde-92eb-b4d44a7b53db" testId="135d5dcd-04ba-8363-5279-dda084b41d20" testName="RootOutputModelsIncludesOperationResponse" computerName="pkrvmxyh4eaekms" duration="00:00:00.0017050" startTime="2025-06-24T21:14:12.6691682+00:00" endTime="2025-06-24T21:14:12.6708729+00:00" testType="13cdc9d9-ddb5-4fa4-a97d-d965ccfc6d4b" outcome="Passed" testListId="8c84fa94-04c1-424b-9868-57a2d4851a1d" relativeResultsDirectory="c219b667-c43f-4dde-92eb-b4d44a7b53db" />
    <UnitTestResult executionId="9be8dab5-1ef4-4c7b-842d-300e00d6fb0e" testId="465ab36c-5b4a-6a04-9a83-83cbcfe4d8c7" testName="AppendPath_Int(&quot;http://localhost&quot;,299792458,True,&quot;http://localhost/299792458&quot;)" computerName="pkrvmxyh4eaekms" duration="00:00:00.0004250" startTime="2025-06-24T21:14:09.5376466+00:00" endTime="2025-06-24T21:14:09.5380713+00:00" testType="13cdc9d9-ddb5-4fa4-a97d-d965ccfc6d4b" outcome="Passed" testListId="8c84fa94-04c1-424b-9868-57a2d4851a1d" relativeResultsDirectory="9be8dab5-1ef4-4c7b-842d-300e00d6fb0e" />
    <UnitTestResult executionId="d1cf4008-c025-470f-924d-665ce8713bf3" testId="9e58d1b2-456d-53b1-789d-a8a13edb1755" testName="RoundTripWithJsonInterfaceUtf8Reader(&quot;W&quot;)" computerName="pkrvmxyh4eaekms" duration="00:00:00.0011689" startTime="2025-06-24T21:14:06.4022073+00:00" endTime="2025-06-24T21:14:06.4033757+00:00" testType="13cdc9d9-ddb5-4fa4-a97d-d965ccfc6d4b" outcome="Passed" testListId="8c84fa94-04c1-424b-9868-57a2d4851a1d" relativeResultsDirectory="d1cf4008-c025-470f-924d-665ce8713bf3" />
    <UnitTestResult executionId="43364ad8-cdd0-4d92-86e0-5f237b530c0c" testId="c5a88dd3-53bc-ae28-974e-1eee3b032844" testName="ResetThenAppendPathThenAppendQuery(&quot;http://localhost:12345&quot;,&quot;some&quot;,&quot;one|1&quot;,&quot;http://localhost:12345/some?one=1&quot;)" computerName="pkrvmxyh4eaekms" duration="00:00:00.0002910" startTime="2025-06-24T21:14:09.5656501+00:00" endTime="2025-06-24T21:14:09.5659410+00:00" testType="13cdc9d9-ddb5-4fa4-a97d-d965ccfc6d4b" outcome="Passed" testListId="8c84fa94-04c1-424b-9868-57a2d4851a1d" relativeResultsDirectory="43364ad8-cdd0-4d92-86e0-5f237b530c0c" />
    <UnitTestResult executionId="fb74f23d-be15-4de3-9efe-d4503f59353c" testId="dd8aa756-842c-7b71-9947-6517e2bbacdf" testName="TestIntSerializationStatement(Int32,null)" computerName="pkrvmxyh4eaekms" duration="00:00:00.0014360" startTime="2025-06-24T21:14:11.0507310+00:00" endTime="2025-06-24T21:14:11.0521667+00:00" testType="13cdc9d9-ddb5-4fa4-a97d-d965ccfc6d4b" outcome="Passed" testListId="8c84fa94-04c1-424b-9868-57a2d4851a1d" relativeResultsDirectory="fb74f23d-be15-4de3-9efe-d4503f59353c" />
    <UnitTestResult executionId="7ce1ad4b-ae2a-4226-859a-be19530f508e" testId="756b8d5a-da58-e698-7688-1e61968366ee" testName="TestEqualAfterConvertingToUtc(&quot;2020-05-04T03:02:01.1230000&quot;)" computerName="pkrvmxyh4eaekms" duration="00:00:00.0000920" startTime="2025-06-24T21:14:12.6611045+00:00" endTime="2025-06-24T21:14:12.6611964+00:00" testType="13cdc9d9-ddb5-4fa4-a97d-d965ccfc6d4b" outcome="Passed" testListId="8c84fa94-04c1-424b-9868-57a2d4851a1d" relativeResultsDirectory="7ce1ad4b-ae2a-4226-859a-be19530f508e" />
    <UnitTestResult executionId="e33daeec-5bac-4f17-a10f-ee3b77019c95" testId="8f7b5522-b0fe-db54-4f78-7c3f55c90f68" testName="TestNestedDiscriminatedModelWithOwnDiscriminator" computerName="pkrvmxyh4eaekms" duration="00:00:00.0066650" startTime="2025-06-24T21:14:10.0240562+00:00" endTime="2025-06-24T21:14:10.0307206+00:00" testType="13cdc9d9-ddb5-4fa4-a97d-d965ccfc6d4b" outcome="Passed" testListId="8c84fa94-04c1-424b-9868-57a2d4851a1d" relativeResultsDirectory="e33daeec-5bac-4f17-a10f-ee3b77019c95" />
    <UnitTestResult executionId="c9fbc8bd-724d-4fe1-9b18-bc0a207b8085" testId="75ae619b-afeb-b804-17e6-a8aa7acd150f" testName="AppendQuery_Float(&quot;http://localhost&quot;,3.14f,True,&quot;http://localhost/?query=3.14&quot;)" computerName="pkrvmxyh4eaekms" duration="00:00:00.0003660" startTime="2025-06-24T21:14:09.5557350+00:00" endTime="2025-06-24T21:14:09.5561009+00:00" testType="13cdc9d9-ddb5-4fa4-a97d-d965ccfc6d4b" outcome="Passed" testListId="8c84fa94-04c1-424b-9868-57a2d4851a1d" relativeResultsDirectory="c9fbc8bd-724d-4fe1-9b18-bc0a207b8085" />
    <UnitTestResult executionId="20058274-605b-4cd0-b196-45a66dd31434" testId="a09c5978-8741-f6db-4239-b7eb39a05af2" testName="ReadOnlyMemPropertyType" computerName="pkrvmxyh4eaekms" duration="00:00:00.0800110" startTime="2025-06-24T21:14:12.4481074+00:00" endTime="2025-06-24T21:14:12.5281182+00:00" testType="13cdc9d9-ddb5-4fa4-a97d-d965ccfc6d4b" outcome="Passed" testListId="8c84fa94-04c1-424b-9868-57a2d4851a1d" relativeResultsDirectory="20058274-605b-4cd0-b196-45a66dd31434" />
    <UnitTestResult executionId="01845b11-f0dd-4233-b9bb-2547fc79bdf7" testId="045aaeef-a9ff-bfd0-1ea0-c0aed08490bb" testName="ClientProviderIsAddedToLibrary()" computerName="pkrvmxyh4eaekms" duration="00:00:00.0024570" startTime="2025-06-24T21:14:09.1311591+00:00" endTime="2025-06-24T21:14:09.1336158+00:00" testType="13cdc9d9-ddb5-4fa4-a97d-d965ccfc6d4b" outcome="Passed" testListId="8c84fa94-04c1-424b-9868-57a2d4851a1d" relativeResultsDirectory="01845b11-f0dd-4233-b9bb-2547fc79bdf7" />
    <UnitTestResult executionId="a4a8753b-8c41-4df3-b27c-e515b3525e2e" testId="f340e295-f389-f4e4-e569-601715b5e578" testName="CanRemoveCachingField" computerName="pkrvmxyh4eaekms" duration="00:00:00.0960030" startTime="2025-06-24T21:14:08.6880984+00:00" endTime="2025-06-24T21:14:08.7841008+00:00" testType="13cdc9d9-ddb5-4fa4-a97d-d965ccfc6d4b" outcome="Passed" testListId="8c84fa94-04c1-424b-9868-57a2d4851a1d" relativeResultsDirectory="a4a8753b-8c41-4df3-b27c-e515b3525e2e" />
    <UnitTestResult executionId="d39b1c0a-21ab-481f-974b-63f74ad11c01" testId="bde8deb8-2638-4788-e366-7bcab5567e69" testName="UnknownVariantIJsonModelTShouldBeBase" computerName="pkrvmxyh4eaekms" duration="00:00:00.0026050" startTime="2025-06-24T21:14:10.0340713+00:00" endTime="2025-06-24T21:14:10.0366765+00:00" testType="13cdc9d9-ddb5-4fa4-a97d-d965ccfc6d4b" outcome="Passed" testListId="8c84fa94-04c1-424b-9868-57a2d4851a1d" relativeResultsDirectory="d39b1c0a-21ab-481f-974b-63f74ad11c01" />
    <UnitTestResult executionId="5c12730d-39d4-4b5f-9f34-59848882f8ba" testId="a73c3e41-b3cb-b229-f869-b2a02776ca71" testName="TestBuildJsonModelCreateMethodProperlyDoesNotCastForUnknown" computerName="pkrvmxyh4eaekms" duration="00:00:00.0027840" startTime="2025-06-24T21:14:10.0212406+00:00" endTime="2025-06-24T21:14:10.0240246+00:00" testType="13cdc9d9-ddb5-4fa4-a97d-d965ccfc6d4b" outcome="Passed" testListId="8c84fa94-04c1-424b-9868-57a2d4851a1d" relativeResultsDirectory="5c12730d-39d4-4b5f-9f34-59848882f8ba" />
    <UnitTestResult executionId="7e2567cb-d2cd-4f3a-91f6-5e5b83bcced1" testId="188955b5-e156-d5fd-ccf1-ce70498d9a21" testName="CanReplaceWriteMethod" computerName="pkrvmxyh4eaekms" duration="00:00:00.0973630" startTime="2025-06-24T21:14:12.3506893+00:00" endTime="2025-06-24T21:14:12.4480522+00:00" testType="13cdc9d9-ddb5-4fa4-a97d-d965ccfc6d4b" outcome="Passed" testListId="8c84fa94-04c1-424b-9868-57a2d4851a1d" relativeResultsDirectory="7e2567cb-d2cd-4f3a-91f6-5e5b83bcced1" />
    <UnitTestResult executionId="197e5904-35ea-4be9-a9a0-1c34d6842274" testId="799d4d94-b35a-dbf7-0a8c-2634f7daa23e" testName="TestConstructors(False)" computerName="pkrvmxyh4eaekms" duration="00:00:00.0020460" startTime="2025-06-24T21:14:07.9814613+00:00" endTime="2025-06-24T21:14:07.9835068+00:00" testType="13cdc9d9-ddb5-4fa4-a97d-d965ccfc6d4b" outcome="Passed" testListId="8c84fa94-04c1-424b-9868-57a2d4851a1d" relativeResultsDirectory="197e5904-35ea-4be9-a9a0-1c34d6842274" />
    <UnitTestResult executionId="83fcf984-cf99-4f54-a9a7-02dad8a0fc7f" testId="f09d85d7-8ab6-0829-1e07-986b9eae07b3" testName="TestIntSerializationStatement(UInt8,null)" computerName="pkrvmxyh4eaekms" duration="00:00:00.0012950" startTime="2025-06-24T21:14:11.0562167+00:00" endTime="2025-06-24T21:14:11.0575114+00:00" testType="13cdc9d9-ddb5-4fa4-a97d-d965ccfc6d4b" outcome="Passed" testListId="8c84fa94-04c1-424b-9868-57a2d4851a1d" relativeResultsDirectory="83fcf984-cf99-4f54-a9a7-02dad8a0fc7f" />
    <UnitTestResult executionId="b97b67e0-9a4d-4ab2-824d-52559799fdcf" testId="f5c24419-7fc0-3865-4c1e-06a9bd125abe" testName="AppendPath_TimeSpan(&quot;http://localhost&quot;,&quot;02:15:00&quot;,&quot;&quot;,True,&quot;http://localhost/02%3A15%3A00&quot;)" computerName="pkrvmxyh4eaekms" duration="00:00:00.0002880" startTime="2025-06-24T21:14:09.5403623+00:00" endTime="2025-06-24T21:14:09.5406504+00:00" testType="13cdc9d9-ddb5-4fa4-a97d-d965ccfc6d4b" outcome="Passed" testListId="8c84fa94-04c1-424b-9868-57a2d4851a1d" relativeResultsDirectory="b97b67e0-9a4d-4ab2-824d-52559799fdcf" />
    <UnitTestResult executionId="76ef0c70-da4c-413e-84c3-a635bc75ee76" testId="3d064911-8ce4-9ebd-478b-8d7a42aeaa1a" testName="TestBuildAuthFields_WithAuth(System.Collections.Generic.List`1[Microsoft.TypeSpec.Generator.Input.InputParameter])" computerName="pkrvmxyh4eaekms" duration="00:00:00.0019450" startTime="2025-06-24T21:14:09.2553641+00:00" endTime="2025-06-24T21:14:09.2573087+00:00" testType="13cdc9d9-ddb5-4fa4-a97d-d965ccfc6d4b" outcome="Passed" testListId="8c84fa94-04c1-424b-9868-57a2d4851a1d" relativeResultsDirectory="76ef0c70-da4c-413e-84c3-a635bc75ee76" />
    <UnitTestResult executionId="c8958a68-872a-4457-92c4-11e9494d6c25" testId="c2437baf-f3e4-8bba-bd7e-3accf8f67075" testName="ValidateConvertToString(&quot;R&quot;,05/04/2020 03:02:01 +01:00,&quot;Mon, 04 May 2020 02:02:01 GMT&quot;)" computerName="pkrvmxyh4eaekms" duration="00:00:00.0000720" startTime="2025-06-24T21:14:12.6638291+00:00" endTime="2025-06-24T21:14:12.6639012+00:00" testType="13cdc9d9-ddb5-4fa4-a97d-d965ccfc6d4b" outcome="Passed" testListId="8c84fa94-04c1-424b-9868-57a2d4851a1d" relativeResultsDirectory="c8958a68-872a-4457-92c4-11e9494d6c25" />
    <UnitTestResult executionId="0a085c71-fdf4-407e-b0e3-b54e83983ed7" testId="4ca5403c-76a5-dae0-7b67-c6e13af21774" testName="UnknownVariantPersistableCreateCoreShouldReturnDeserializeBase" computerName="pkrvmxyh4eaekms" duration="00:00:00.0026480" startTime="2025-06-24T21:14:10.0394817+00:00" endTime="2025-06-24T21:14:10.0421295+00:00" testType="13cdc9d9-ddb5-4fa4-a97d-d965ccfc6d4b" outcome="Passed" testListId="8c84fa94-04c1-424b-9868-57a2d4851a1d" relativeResultsDirectory="0a085c71-fdf4-407e-b0e3-b54e83983ed7" />
    <UnitTestResult executionId="4625ea54-e6de-4224-bed2-e7c968b6e62e" testId="0e6db308-be33-8ba9-e75a-890081430aca" testName="ResetThenAppendPath(&quot;http://localhost/&quot;,&quot;/path&quot;,&quot;http://localhost/path&quot;)" computerName="pkrvmxyh4eaekms" duration="00:00:00.0000960" startTime="2025-06-24T21:14:09.5636830+00:00" endTime="2025-06-24T21:14:09.5637790+00:00" testType="13cdc9d9-ddb5-4fa4-a97d-d965ccfc6d4b" outcome="Passed" testListId="8c84fa94-04c1-424b-9868-57a2d4851a1d" relativeResultsDirectory="4625ea54-e6de-4224-bed2-e7c968b6e62e" />
    <UnitTestResult executionId="e58e534f-2280-40d9-8c68-a08556bec62a" testId="1c75349a-57cf-06ee-2a40-f8f9fb0c9b51" testName="PascalCaseSerializedName" computerName="pkrvmxyh4eaekms" duration="00:00:00.0012320" startTime="2025-06-24T21:14:10.0530420+00:00" endTime="2025-06-24T21:14:10.0542739+00:00" testType="13cdc9d9-ddb5-4fa4-a97d-d965ccfc6d4b" outcome="Passed" testListId="8c84fa94-04c1-424b-9868-57a2d4851a1d" relativeResultsDirectory="e58e534f-2280-40d9-8c68-a08556bec62a" />
    <UnitTestResult executionId="9bff4734-7d89-48c9-aeb7-353bdb21d4d0" testId="e3f6b41b-723f-fe52-6ef5-10aa6556c371" testName="TestBuildAuthFields_SubClients_WithAuth(Microsoft.TypeSpec.Generator.Input.InputClient)" computerName="pkrvmxyh4eaekms" duration="00:00:00.0015150" startTime="2025-06-24T21:14:09.2314864+00:00" endTime="2025-06-24T21:14:09.2330013+00:00" testType="13cdc9d9-ddb5-4fa4-a97d-d965ccfc6d4b" outcome="Passed" testListId="8c84fa94-04c1-424b-9868-57a2d4851a1d" relativeResultsDirectory="9bff4734-7d89-48c9-aeb7-353bdb21d4d0" />
    <UnitTestResult executionId="1899cbbc-1567-45e7-82f4-dec1c9fe1c18" testId="7cff3d0d-af1d-f407-3d06-8761f43e6d14" testName="TestGetMethodParameters_ProperOrdering()" computerName="pkrvmxyh4eaekms" duration="00:00:00.0007150" startTime="2025-06-24T21:14:12.5454014+00:00" endTime="2025-06-24T21:14:12.5461166+00:00" testType="13cdc9d9-ddb5-4fa4-a97d-d965ccfc6d4b" outcome="Passed" testListId="8c84fa94-04c1-424b-9868-57a2d4851a1d" relativeResultsDirectory="1899cbbc-1567-45e7-82f4-dec1c9fe1c18" />
    <UnitTestResult executionId="93f4b997-3717-4375-ad81-d9fbaab94194" testId="67d6cfcc-44ba-3a46-cee0-08f5b7b9500d" testName="ValidatePipelinePropertyTypeIsOverridden" computerName="pkrvmxyh4eaekms" duration="00:00:00.0051080" startTime="2025-06-24T21:14:06.4880364+00:00" endTime="2025-06-24T21:14:06.4931444+00:00" testType="13cdc9d9-ddb5-4fa4-a97d-d965ccfc6d4b" outcome="Passed" testListId="8c84fa94-04c1-424b-9868-57a2d4851a1d" relativeResultsDirectory="93f4b997-3717-4375-ad81-d9fbaab94194" />
    <UnitTestResult executionId="82db3480-b9c0-4869-b3c4-46f77a4b63f4" testId="497952da-8550-fce8-7520-c78629959b53" testName="RoundTripWithModelReaderWriter(&quot;W&quot;)" computerName="pkrvmxyh4eaekms" duration="00:00:00.0005090" startTime="2025-06-24T21:14:06.2552151+00:00" endTime="2025-06-24T21:14:06.2557235+00:00" testType="13cdc9d9-ddb5-4fa4-a97d-d965ccfc6d4b" outcome="Passed" testListId="8c84fa94-04c1-424b-9868-57a2d4851a1d" relativeResultsDirectory="82db3480-b9c0-4869-b3c4-46f77a4b63f4" />
    <UnitTestResult executionId="5234e438-1cee-4dbf-a8de-8e670138a0b9" testId="ddf1e243-012a-ed03-8059-39559923d5c3" testName="ClientProviderSummaryIsPopulated()" computerName="pkrvmxyh4eaekms" duration="00:00:00.0037070" startTime="2025-06-24T21:14:09.1336750+00:00" endTime="2025-06-24T21:14:09.1373822+00:00" testType="13cdc9d9-ddb5-4fa4-a97d-d965ccfc6d4b" outcome="Passed" testListId="8c84fa94-04c1-424b-9868-57a2d4851a1d" relativeResultsDirectory="5234e438-1cee-4dbf-a8de-8e670138a0b9" />
    <UnitTestResult executionId="f43a4cf1-df8d-4876-a3bd-d56a8935cd32" testId="a496a37b-8ec8-167e-6807-16ba86423d4c" testName="TestExplicitFromClientResultNotGeneratedForNonRootOutputModel" computerName="pkrvmxyh4eaekms" duration="00:00:00.0024820" startTime="2025-06-24T21:14:11.0220432+00:00" endTime="2025-06-24T21:14:11.0245255+00:00" testType="13cdc9d9-ddb5-4fa4-a97d-d965ccfc6d4b" outcome="Passed" testListId="8c84fa94-04c1-424b-9868-57a2d4851a1d" relativeResultsDirectory="f43a4cf1-df8d-4876-a3bd-d56a8935cd32" />
    <UnitTestResult executionId="307c8c61-0cc9-49a7-94b7-3d25eda289aa" testId="b2903119-1d6e-0bc6-5662-cedf6f3c55e9" testName="TestGetMethodParameters(Microsoft.TypeSpec.Generator.Input.InputBasicServiceMethod)" computerName="pkrvmxyh4eaekms" duration="00:00:00.0004330" startTime="2025-06-24T21:14:12.5446997+00:00" endTime="2025-06-24T21:14:12.5451318+00:00" testType="13cdc9d9-ddb5-4fa4-a97d-d965ccfc6d4b" outcome="Passed" testListId="8c84fa94-04c1-424b-9868-57a2d4851a1d" relativeResultsDirectory="307c8c61-0cc9-49a7-94b7-3d25eda289aa" />
    <UnitTestResult executionId="356f5cba-bd0e-4d25-aef1-0b3ef4862438" testId="abcce51a-46cc-2334-1c79-335e656d6908" testName="ThrowsIfUnknownFormat" computerName="pkrvmxyh4eaekms" duration="00:00:00.0007170" startTime="2025-06-24T21:14:06.3926853+00:00" endTime="2025-06-24T21:14:06.3934020+00:00" testType="13cdc9d9-ddb5-4fa4-a97d-d965ccfc6d4b" outcome="Passed" testListId="8c84fa94-04c1-424b-9868-57a2d4851a1d" relativeResultsDirectory="356f5cba-bd0e-4d25-aef1-0b3ef4862438" />
    <UnitTestResult executionId="eed2b160-ffd1-417b-8bd3-c33b4f2a2447" testId="1f242f8f-75c5-9055-debb-fe84e1ee32f9" testName="RequestOptionsOptionality(False,True,False)" computerName="pkrvmxyh4eaekms" duration="00:00:00.0013200" startTime="2025-06-24T21:14:12.6494354+00:00" endTime="2025-06-24T21:14:12.6507549+00:00" testType="13cdc9d9-ddb5-4fa4-a97d-d965ccfc6d4b" outcome="Passed" testListId="8c84fa94-04c1-424b-9868-57a2d4851a1d" relativeResultsDirectory="eed2b160-ffd1-417b-8bd3-c33b4f2a2447" />
    <UnitTestResult executionId="6b480c5b-5b33-460d-b5a4-77d72220adf5" testId="e7a2272b-a298-7d90-48b8-d8225bf3cf86" testName="TestSubClientAccessorFactoryMethods(Microsoft.TypeSpec.Generator.Input.InputClient,True)" computerName="pkrvmxyh4eaekms" duration="00:00:00.0014460" startTime="2025-06-24T21:14:09.3955671+00:00" endTime="2025-06-24T21:14:09.3970134+00:00" testType="13cdc9d9-ddb5-4fa4-a97d-d965ccfc6d4b" outcome="Passed" testListId="8c84fa94-04c1-424b-9868-57a2d4851a1d" relativeResultsDirectory="6b480c5b-5b33-460d-b5a4-77d72220adf5" />
    <UnitTestResult executionId="1139124f-19f8-4bff-8a9b-042dfa1066bb" testId="8495279f-b1c7-629f-981e-a834421eed6f" testName="MultipartOperationDoesNotHaveConvenienceMethods" computerName="pkrvmxyh4eaekms" duration="00:00:00.0027810" startTime="2025-06-24T21:14:09.4503756+00:00" endTime="2025-06-24T21:14:09.4531563+00:00" testType="13cdc9d9-ddb5-4fa4-a97d-d965ccfc6d4b" outcome="Passed" testListId="8c84fa94-04c1-424b-9868-57a2d4851a1d" relativeResultsDirectory="1139124f-19f8-4bff-8a9b-042dfa1066bb" />
    <UnitTestResult executionId="9e9ee949-f410-4208-85a1-b710a3e1d9cb" testId="9b12f8a1-22cd-2d0a-2975-6602c64df5fd" testName="CanAddMethodSameName" computerName="pkrvmxyh4eaekms" duration="00:00:00.0971550" startTime="2025-06-24T21:14:08.3471162+00:00" endTime="2025-06-24T21:14:08.4442706+00:00" testType="13cdc9d9-ddb5-4fa4-a97d-d965ccfc6d4b" outcome="Passed" testListId="8c84fa94-04c1-424b-9868-57a2d4851a1d" relativeResultsDirectory="9e9ee949-f410-4208-85a1-b710a3e1d9cb" />
    <UnitTestResult executionId="e41e73b0-5f32-45ff-b370-be73d70911f0" testId="db34eeaa-efd9-a237-f672-4430f6523b37" testName="ContinuationTokenInHeader" computerName="pkrvmxyh4eaekms" duration="00:00:00.0030940" startTime="2025-06-24T21:14:09.6096982+00:00" endTime="2025-06-24T21:14:09.6127918+00:00" testType="13cdc9d9-ddb5-4fa4-a97d-d965ccfc6d4b" outcome="Passed" testListId="8c84fa94-04c1-424b-9868-57a2d4851a1d" relativeResultsDirectory="e41e73b0-5f32-45ff-b370-be73d70911f0" />
    <UnitTestResult executionId="13ea4ec8-8609-4e19-97bc-570d44fe224b" testId="f3e6285d-8759-0c1f-5ba3-a84991fcb85d" testName="TestEqualAfterConvertingToUtc(&quot;2020-05-04T03:02:01.1230000+08:00&quot;)" computerName="pkrvmxyh4eaekms" duration="00:00:00.0005860" startTime="2025-06-24T21:14:12.6601846+00:00" endTime="2025-06-24T21:14:12.6607706+00:00" testType="13cdc9d9-ddb5-4fa4-a97d-d965ccfc6d4b" outcome="Passed" testListId="8c84fa94-04c1-424b-9868-57a2d4851a1d" relativeResultsDirectory="13ea4ec8-8609-4e19-97bc-570d44fe224b" />
    <UnitTestResult executionId="8f6f9ce1-4745-481e-b323-f945d5998472" testId="3e1d6d5b-757a-b997-7bb3-f7a179b9268f" testName="AppendPath_ByteArray(&quot;http://localhost&quot;,[104, 101, 108, 108, 111],&quot;D&quot;,True,&quot;http://localhost/aGVsbG8%3D&quot;)" computerName="pkrvmxyh4eaekms" duration="00:00:00.0008730" startTime="2025-06-24T21:14:09.5300992+00:00" endTime="2025-06-24T21:14:09.5309717+00:00" testType="13cdc9d9-ddb5-4fa4-a97d-d965ccfc6d4b" outcome="Passed" testListId="8c84fa94-04c1-424b-9868-57a2d4851a1d" relativeResultsDirectory="8f6f9ce1-4745-481e-b323-f945d5998472" />
    <UnitTestResult executionId="72434a91-51aa-4bf8-aa8e-9bfda4f5ab07" testId="19c28362-a18b-6f39-d6be-858ea76684d8" testName="ResetThenAppendPathThenAppendQuery(&quot;http://localhost&quot;,&quot;some&quot;,&quot;one|1&quot;,&quot;http://localhost/some?one=1&quot;)" computerName="pkrvmxyh4eaekms" duration="00:00:00.0003330" startTime="2025-06-24T21:14:09.5653017+00:00" endTime="2025-06-24T21:14:09.5656345+00:00" testType="13cdc9d9-ddb5-4fa4-a97d-d965ccfc6d4b" outcome="Passed" testListId="8c84fa94-04c1-424b-9868-57a2d4851a1d" relativeResultsDirectory="72434a91-51aa-4bf8-aa8e-9bfda4f5ab07" />
    <UnitTestResult executionId="c4c3fc05-c973-4e19-8451-bcb5fdb72a1f" testId="c35a53b8-76e4-8431-244b-1eed358ae68f" testName="TestBuildDeserializationMethod(Microsoft.TypeSpec.Generator.Input.InputPrimitiveType,[&quot;string&quot;],[&quot;case global::System.Text.Json.JsonValueKind.String:&quot;, &quot;additionalProperties.Add(prop.Name, prop.Value.GetString());&quot;])" computerName="pkrvmxyh4eaekms" duration="00:00:00.0293960" startTime="2025-06-24T21:14:09.9189493+00:00" endTime="2025-06-24T21:14:09.9483443+00:00" testType="13cdc9d9-ddb5-4fa4-a97d-d965ccfc6d4b" outcome="Passed" testListId="8c84fa94-04c1-424b-9868-57a2d4851a1d" relativeResultsDirectory="c4c3fc05-c973-4e19-8451-bcb5fdb72a1f" />
    <UnitTestResult executionId="370f0489-9e8d-4e8d-8410-2a62d3332702" testId="941cdf7d-b868-4a18-3e98-79f786b3a216" testName="TestSubClientAccessorFactoryMethods(Microsoft.TypeSpec.Generator.Input.InputClient,False)" computerName="pkrvmxyh4eaekms" duration="00:00:00.0010630" startTime="2025-06-24T21:14:09.3981035+00:00" endTime="2025-06-24T21:14:09.3991665+00:00" testType="13cdc9d9-ddb5-4fa4-a97d-d965ccfc6d4b" outcome="Passed" testListId="8c84fa94-04c1-424b-9868-57a2d4851a1d" relativeResultsDirectory="370f0489-9e8d-4e8d-8410-2a62d3332702" />
    <UnitTestResult executionId="b01688bd-d75d-4df7-a299-7c4bbb6970c8" testId="b4007647-38ed-a41c-6e85-a9dbf46fa5bf" testName="NextLinkInHeader" computerName="pkrvmxyh4eaekms" duration="00:00:00.0024960" startTime="2025-06-24T21:14:09.6484089+00:00" endTime="2025-06-24T21:14:09.6509051+00:00" testType="13cdc9d9-ddb5-4fa4-a97d-d965ccfc6d4b" outcome="Passed" testListId="8c84fa94-04c1-424b-9868-57a2d4851a1d" relativeResultsDirectory="b01688bd-d75d-4df7-a299-7c4bbb6970c8" />
    <UnitTestResult executionId="579cbf4e-4389-459b-b5be-f6532a85d5d8" testId="99b67a54-d7db-1b12-07ea-4b73cefe84fb" testName="TestEqualAfterConvertingToUtc(&quot;Mon, 04 May 2020 03:02:01 GMT&quot;)" computerName="pkrvmxyh4eaekms" duration="00:00:00.0000649" startTime="2025-06-24T21:14:12.6612082+00:00" endTime="2025-06-24T21:14:12.6612730+00:00" testType="13cdc9d9-ddb5-4fa4-a97d-d965ccfc6d4b" outcome="Passed" testListId="8c84fa94-04c1-424b-9868-57a2d4851a1d" relativeResultsDirectory="579cbf4e-4389-459b-b5be-f6532a85d5d8" />
    <UnitTestResult executionId="e3b17c4b-eafb-458f-9762-08503799167b" testId="7279241d-1c25-8c46-c59a-9ee52d0c2a87" testName="RoundTripWithJsonInterfaceOfT(&quot;J&quot;)" computerName="pkrvmxyh4eaekms" duration="00:00:00.0009690" startTime="2025-06-24T21:14:06.3985783+00:00" endTime="2025-06-24T21:14:06.3995473+00:00" testType="13cdc9d9-ddb5-4fa4-a97d-d965ccfc6d4b" outcome="Passed" testListId="8c84fa94-04c1-424b-9868-57a2d4851a1d" relativeResultsDirectory="e3b17c4b-eafb-458f-9762-08503799167b" />
    <UnitTestResult executionId="c317dc20-23c6-44aa-999f-1e1051c6b86f" testId="98cba7ef-cae3-92dd-b1d6-f5f810e86693" testName="TestBuildFields_WithSubClients(Microsoft.TypeSpec.Generator.Input.InputClient,System.Collections.Generic.List`1[Microsoft.TypeSpec.Generator.ClientModel.Tests.Providers.ClientProviders.ClientProviderTests+ExpectedFieldProvider])" computerName="pkrvmxyh4eaekms" duration="00:00:00.0013270" startTime="2025-06-24T21:14:09.3390781+00:00" endTime="2025-06-24T21:14:09.3404049+00:00" testType="13cdc9d9-ddb5-4fa4-a97d-d965ccfc6d4b" outcome="Passed" testListId="8c84fa94-04c1-424b-9868-57a2d4851a1d" relativeResultsDirectory="c317dc20-23c6-44aa-999f-1e1051c6b86f" />
    <UnitTestResult executionId="21674e14-a34f-4e67-b534-97c6ebf2ea85" testId="cfeeaaa1-a853-5f42-38dd-9d668c2073fd" testName="ThrowsIfWireIsNotJson" computerName="pkrvmxyh4eaekms" duration="00:00:00.0002050" startTime="2025-06-24T21:14:06.3934193+00:00" endTime="2025-06-24T21:14:06.3936242+00:00" testType="13cdc9d9-ddb5-4fa4-a97d-d965ccfc6d4b" outcome="Passed" testListId="8c84fa94-04c1-424b-9868-57a2d4851a1d" relativeResultsDirectory="21674e14-a34f-4e67-b534-97c6ebf2ea85" />
    <UnitTestResult executionId="30465795-ee41-4ec8-87f2-a3b042fe5e0f" testId="9ffaa909-2abe-cf56-ae26-3a90963ad86f" testName="ResetThenAppendPath(&quot;http://localhost/with&quot;,null,&quot;http://localhost/with&quot;)" computerName="pkrvmxyh4eaekms" duration="00:00:00.0000960" startTime="2025-06-24T21:14:09.5621886+00:00" endTime="2025-06-24T21:14:09.5622843+00:00" testType="13cdc9d9-ddb5-4fa4-a97d-d965ccfc6d4b" outcome="Passed" testListId="8c84fa94-04c1-424b-9868-57a2d4851a1d" relativeResultsDirectory="30465795-ee41-4ec8-87f2-a3b042fe5e0f" />
    <UnitTestResult executionId="9312a13b-4940-4338-9fb1-62f88a1026bc" testId="73312193-5ef0-356b-d1c9-219a4aa3befc" testName="ListMethodWithImplicitPaging" computerName="pkrvmxyh4eaekms" duration="00:00:00.0036480" startTime="2025-06-24T21:14:12.6033011+00:00" endTime="2025-06-24T21:14:12.6069486+00:00" testType="13cdc9d9-ddb5-4fa4-a97d-d965ccfc6d4b" outcome="Passed" testListId="8c84fa94-04c1-424b-9868-57a2d4851a1d" relativeResultsDirectory="9312a13b-4940-4338-9fb1-62f88a1026bc" />
    <UnitTestResult executionId="649370ca-8484-4c58-a2dc-a556d4af6266" testId="de16f766-4813-7ad7-f97f-f45939abd6f4" testName="AppendQuery_Long(&quot;http://localhost&quot;,-299792458000000L,False,&quot;http://localhost/?query=-299792458000000&quot;)" computerName="pkrvmxyh4eaekms" duration="00:00:00.0000860" startTime="2025-06-24T21:14:09.5586979+00:00" endTime="2025-06-24T21:14:09.5587834+00:00" testType="13cdc9d9-ddb5-4fa4-a97d-d965ccfc6d4b" outcome="Passed" testListId="8c84fa94-04c1-424b-9868-57a2d4851a1d" relativeResultsDirectory="649370ca-8484-4c58-a2dc-a556d4af6266" />
    <UnitTestResult executionId="51a3467c-c916-4633-8e31-a3ab245b7274" testId="b78e746e-68bb-7db4-f36c-e2f1170e65ff" testName="CanCustomizePropertyUsingField(True)" computerName="pkrvmxyh4eaekms" duration="00:00:00.0774220" startTime="2025-06-24T21:14:11.8098345+00:00" endTime="2025-06-24T21:14:11.8872558+00:00" testType="13cdc9d9-ddb5-4fa4-a97d-d965ccfc6d4b" outcome="Passed" testListId="8c84fa94-04c1-424b-9868-57a2d4851a1d" relativeResultsDirectory="51a3467c-c916-4633-8e31-a3ab245b7274" />
    <UnitTestResult executionId="1d7f9629-2428-41a0-a9cb-9fffb7e5c911" testId="9ed36475-70ea-d935-981c-3ee0399bdd52" testName="ValidateClientResponseClassifiers(Microsoft.TypeSpec.Generator.Input.InputClient)" computerName="pkrvmxyh4eaekms" duration="00:00:00.0002910" startTime="2025-06-24T21:14:12.5575167+00:00" endTime="2025-06-24T21:14:12.5578082+00:00" testType="13cdc9d9-ddb5-4fa4-a97d-d965ccfc6d4b" outcome="Passed" testListId="8c84fa94-04c1-424b-9868-57a2d4851a1d" relativeResultsDirectory="1d7f9629-2428-41a0-a9cb-9fffb7e5c911" />
    <UnitTestResult executionId="9e9de7e6-016e-4c59-9c19-4642171a9231" testId="25b46b14-6c10-f5c8-10e3-0f04dd23955e" testName="CanRemoveParameterFromMethods" computerName="pkrvmxyh4eaekms" duration="00:00:00.0037040" startTime="2025-06-24T21:14:12.5675695+00:00" endTime="2025-06-24T21:14:12.5712734+00:00" testType="13cdc9d9-ddb5-4fa4-a97d-d965ccfc6d4b" outcome="Passed" testListId="8c84fa94-04c1-424b-9868-57a2d4851a1d" relativeResultsDirectory="9e9de7e6-016e-4c59-9c19-4642171a9231" />
    <UnitTestResult executionId="4e7f4981-b1c0-4cde-83f9-0b1fe4775434" testId="65daf17b-6734-2887-3b9a-92e68be3eecc" testName="TestBuildPersistableModelDeserializationMethod" computerName="pkrvmxyh4eaekms" duration="00:00:00.0024979" startTime="2025-06-24T21:14:11.0056663+00:00" endTime="2025-06-24T21:14:11.0081643+00:00" testType="13cdc9d9-ddb5-4fa4-a97d-d965ccfc6d4b" outcome="Passed" testListId="8c84fa94-04c1-424b-9868-57a2d4851a1d" relativeResultsDirectory="4e7f4981-b1c0-4cde-83f9-0b1fe4775434" />
    <UnitTestResult executionId="979c1779-e4ee-450b-a023-653d222b62f5" testId="2654aba6-2f33-6b4b-7f64-3307a5068802" testName="HeaderParameterOptionality(False,True)" computerName="pkrvmxyh4eaekms" duration="00:00:00.0002560" startTime="2025-06-24T21:14:12.5343938+00:00" endTime="2025-06-24T21:14:12.5346495+00:00" testType="13cdc9d9-ddb5-4fa4-a97d-d965ccfc6d4b" outcome="Passed" testListId="8c84fa94-04c1-424b-9868-57a2d4851a1d" relativeResultsDirectory="979c1779-e4ee-450b-a023-653d222b62f5" />
    <UnitTestResult executionId="925366dd-284a-47b2-964e-b605b33aa6c0" testId="0b777eee-ee01-cd28-6e26-18a5f04014f3" testName="RequestBodyConstructedRespectingRequestContentApi(Microsoft.TypeSpec.Generator.Input.InputArrayType)" computerName="pkrvmxyh4eaekms" duration="00:00:00.0020240" startTime="2025-06-24T21:14:12.6306339+00:00" endTime="2025-06-24T21:14:12.6326577+00:00" testType="13cdc9d9-ddb5-4fa4-a97d-d965ccfc6d4b" outcome="Passed" testListId="8c84fa94-04c1-424b-9868-57a2d4851a1d" relativeResultsDirectory="925366dd-284a-47b2-964e-b605b33aa6c0" />
    <UnitTestResult executionId="6379154e-3ed1-49ad-9c49-26d2cf2e85a7" testId="38edb700-70aa-aa33-0bc7-b5b75e3d9a26" testName="ValidateQueryParamWriterDiff(True)" computerName="pkrvmxyh4eaekms" duration="00:00:00.0038170" startTime="2025-06-24T21:14:09.4367806+00:00" endTime="2025-06-24T21:14:09.4405977+00:00" testType="13cdc9d9-ddb5-4fa4-a97d-d965ccfc6d4b" outcome="Passed" testListId="8c84fa94-04c1-424b-9868-57a2d4851a1d" relativeResultsDirectory="6379154e-3ed1-49ad-9c49-26d2cf2e85a7" />
    <UnitTestResult executionId="2a881410-58d4-4883-88bb-2096b2b92ba1" testId="842ea89f-d86d-2b60-9c71-dee6ace08cf1" testName="RoundTripWithModelInterfaceNonGeneric(&quot;W&quot;)" computerName="pkrvmxyh4eaekms" duration="00:00:00.0014880" startTime="2025-06-24T21:14:06.3826145+00:00" endTime="2025-06-24T21:14:06.3841028+00:00" testType="13cdc9d9-ddb5-4fa4-a97d-d965ccfc6d4b" outcome="Passed" testListId="8c84fa94-04c1-424b-9868-57a2d4851a1d" relativeResultsDirectory="2a881410-58d4-4883-88bb-2096b2b92ba1" />
    <UnitTestResult executionId="91f22c0f-617a-457c-8c9b-1ad9553ba262" testId="2959eeda-a4b5-3546-ecb7-e96124d728c7" testName="EndpointAppliedInCreateMethodRequest(&quot;{endpoint}&quot;,&quot;endpoint&quot;)" computerName="pkrvmxyh4eaekms" duration="00:00:00.0115219" startTime="2025-06-24T21:14:09.1374596+00:00" endTime="2025-06-24T21:14:09.1489815+00:00" testType="13cdc9d9-ddb5-4fa4-a97d-d965ccfc6d4b" outcome="Passed" testListId="8c84fa94-04c1-424b-9868-57a2d4851a1d" relativeResultsDirectory="91f22c0f-617a-457c-8c9b-1ad9553ba262" />
    <UnitTestResult executionId="6f89ee8e-530a-4958-bacd-86d8427bb755" testId="4c9c5c23-67cc-c7e8-91bd-12f4d818dce5" testName="CanChangeToNonNullableProp" computerName="pkrvmxyh4eaekms" duration="00:00:00.0647440" startTime="2025-06-24T21:14:11.4777274+00:00" endTime="2025-06-24T21:14:11.5424708+00:00" testType="13cdc9d9-ddb5-4fa4-a97d-d965ccfc6d4b" outcome="Passed" testListId="8c84fa94-04c1-424b-9868-57a2d4851a1d" relativeResultsDirectory="6f89ee8e-530a-4958-bacd-86d8427bb755" />
    <UnitTestResult executionId="7b93ed9c-40f1-40a0-86be-5f5ed3afb566" testId="7bcb0848-d16e-3c13-2eb4-0d2bdba39c0b" testName="ResetThenAppendQuery(&quot;http://localhost:12345/&quot;,&quot;one|1&quot;,&quot;http://localhost:12345/?one=1&quot;)" computerName="pkrvmxyh4eaekms" duration="00:00:00.0000820" startTime="2025-06-24T21:14:09.5678836+00:00" endTime="2025-06-24T21:14:09.5679654+00:00" testType="13cdc9d9-ddb5-4fa4-a97d-d965ccfc6d4b" outcome="Passed" testListId="8c84fa94-04c1-424b-9868-57a2d4851a1d" relativeResultsDirectory="7b93ed9c-40f1-40a0-86be-5f5ed3afb566" />
    <UnitTestResult executionId="3a3aa2b3-7673-4d24-b1ff-90ee0377a6a1" testId="629e162f-e077-a600-505b-d11b0f7fdb6e" testName="FormatsDatesAsString(&quot;D&quot;,05/04/2020 00:00:00 +00:00,&quot;2020-05-04&quot;)" computerName="pkrvmxyh4eaekms" duration="00:00:00.0000540" startTime="2025-06-24T21:14:12.6583055+00:00" endTime="2025-06-24T21:14:12.6583595+00:00" testType="13cdc9d9-ddb5-4fa4-a97d-d965ccfc6d4b" outcome="Passed" testListId="8c84fa94-04c1-424b-9868-57a2d4851a1d" relativeResultsDirectory="3a3aa2b3-7673-4d24-b1ff-90ee0377a6a1" />
    <UnitTestResult executionId="6e02651a-1e47-4583-98ca-b888f28fc120" testId="cfbe27e3-5b55-241c-69bf-49bc822676ba" testName="HeaderParameterOptionality(True,False)" computerName="pkrvmxyh4eaekms" duration="00:00:00.0004590" startTime="2025-06-24T21:14:12.5339026+00:00" endTime="2025-06-24T21:14:12.5343614+00:00" testType="13cdc9d9-ddb5-4fa4-a97d-d965ccfc6d4b" outcome="Passed" testListId="8c84fa94-04c1-424b-9868-57a2d4851a1d" relativeResultsDirectory="6e02651a-1e47-4583-98ca-b888f28fc120" />
    <UnitTestResult executionId="f3410ea3-dfcf-49f5-b6e8-053e3dbddfc7" testId="4eacd397-5546-4e42-e68f-700bea3cfca6" testName="ValidateConvertToString(&quot;O&quot;,12/31/9999 23:59:59 +00:00,&quot;9999-12-31T23:59:59.9999999Z&quot;)" computerName="pkrvmxyh4eaekms" duration="00:00:00.0001190" startTime="2025-06-24T21:14:12.6632927+00:00" endTime="2025-06-24T21:14:12.6634113+00:00" testType="13cdc9d9-ddb5-4fa4-a97d-d965ccfc6d4b" outcome="Passed" testListId="8c84fa94-04c1-424b-9868-57a2d4851a1d" relativeResultsDirectory="f3410ea3-dfcf-49f5-b6e8-053e3dbddfc7" />
    <UnitTestResult executionId="ba94eb6c-bea1-4a9d-a7ae-4828db7d46be" testId="75ea94fd-3e39-2426-5e3d-01bde1d3cfe1" testName="TestBuildConstructors_SecondaryConstructor(System.Collections.Generic.List`1[Microsoft.TypeSpec.Generator.Input.InputParameter])" computerName="pkrvmxyh4eaekms" duration="00:00:00.0014370" startTime="2025-06-24T21:14:09.3301543+00:00" endTime="2025-06-24T21:14:09.3315916+00:00" testType="13cdc9d9-ddb5-4fa4-a97d-d965ccfc6d4b" outcome="Passed" testListId="8c84fa94-04c1-424b-9868-57a2d4851a1d" relativeResultsDirectory="ba94eb6c-bea1-4a9d-a7ae-4828db7d46be" />
    <UnitTestResult executionId="18285fa9-e290-4dd9-8f5c-df05e3275b34" testId="6a9d48da-ce15-7c73-da5e-020c6bba6713" testName="ResetThenAppendPath(&quot;http://localhost/with&quot;,&quot;/path/&quot;,&quot;http://localhost/with/path/&quot;)" computerName="pkrvmxyh4eaekms" duration="00:00:00.0000910" startTime="2025-06-24T21:14:09.5648657+00:00" endTime="2025-06-24T21:14:09.5649567+00:00" testType="13cdc9d9-ddb5-4fa4-a97d-d965ccfc6d4b" outcome="Passed" testListId="8c84fa94-04c1-424b-9868-57a2d4851a1d" relativeResultsDirectory="18285fa9-e290-4dd9-8f5c-df05e3275b34" />
    <UnitTestResult executionId="fb7ef217-8cfc-4594-b2c3-f49fb95df18b" testId="e40e07d2-876d-1f57-b753-1a1606f1526f" testName="AppendPath_Float(&quot;http://localhost&quot;,3.14f,False,&quot;http://localhost/3.14&quot;)" computerName="pkrvmxyh4eaekms" duration="00:00:00.0003790" startTime="2025-06-24T21:14:09.5362379+00:00" endTime="2025-06-24T21:14:09.5366168+00:00" testType="13cdc9d9-ddb5-4fa4-a97d-d965ccfc6d4b" outcome="Passed" testListId="8c84fa94-04c1-424b-9868-57a2d4851a1d" relativeResultsDirectory="fb7ef217-8cfc-4594-b2c3-f49fb95df18b" />
    <UnitTestResult executionId="a7b6e836-4111-459e-983f-65405f171eaf" testId="f0201c7a-8e53-0c7d-ef99-05c2124efd39" testName="RequestBodyConstructedUsingReadOnlyMemoryBinaryContentHelpers" computerName="pkrvmxyh4eaekms" duration="00:00:00.0022750" startTime="2025-06-24T21:14:12.6402433+00:00" endTime="2025-06-24T21:14:12.6425179+00:00" testType="13cdc9d9-ddb5-4fa4-a97d-d965ccfc6d4b" outcome="Passed" testListId="8c84fa94-04c1-424b-9868-57a2d4851a1d" relativeResultsDirectory="a7b6e836-4111-459e-983f-65405f171eaf" />
    <UnitTestResult executionId="18d8a379-7fe1-415a-9ae6-caded627fcfc" testId="e3f6b41b-723f-fe52-6ef5-10aa6556c371" testName="TestBuildAuthFields_SubClients_WithAuth(Microsoft.TypeSpec.Generator.Input.InputClient)" computerName="pkrvmxyh4eaekms" duration="00:00:00.0016490" startTime="2025-06-24T21:14:09.2346274+00:00" endTime="2025-06-24T21:14:09.2362761+00:00" testType="13cdc9d9-ddb5-4fa4-a97d-d965ccfc6d4b" outcome="Passed" testListId="8c84fa94-04c1-424b-9868-57a2d4851a1d" relativeResultsDirectory="18d8a379-7fe1-415a-9ae6-caded627fcfc" />
    <UnitTestResult executionId="2adbc853-0671-416f-8b69-985f5298eeac" testId="5ae84a76-0bf4-ee4a-d840-32550ac069fc" testName="BaseShouldHaveProxyAttribute" computerName="pkrvmxyh4eaekms" duration="00:00:00.0023999" startTime="2025-06-24T21:14:10.0063275+00:00" endTime="2025-06-24T21:14:10.0087275+00:00" testType="13cdc9d9-ddb5-4fa4-a97d-d965ccfc6d4b" outcome="Passed" testListId="8c84fa94-04c1-424b-9868-57a2d4851a1d" relativeResultsDirectory="2adbc853-0671-416f-8b69-985f5298eeac" />
    <UnitTestResult executionId="de9e24a9-4683-410a-9aed-f33ec5c3a8e6" testId="0d27c752-5f60-4ffa-96f4-4ef752e89e1c" testName="AppendQuery_Float(&quot;http://localhost&quot;,-3.14f,False,&quot;http://localhost/?query=-3.14&quot;)" computerName="pkrvmxyh4eaekms" duration="00:00:00.0000450" startTime="2025-06-24T21:14:09.5565504+00:00" endTime="2025-06-24T21:14:09.5565957+00:00" testType="13cdc9d9-ddb5-4fa4-a97d-d965ccfc6d4b" outcome="Passed" testListId="8c84fa94-04c1-424b-9868-57a2d4851a1d" relativeResultsDirectory="de9e24a9-4683-410a-9aed-f33ec5c3a8e6" />
    <UnitTestResult executionId="9b2b55d7-0597-460f-beca-98f860c54d48" testId="e311daf6-420e-d072-6122-320316529cb7" testName="TestBuildPersistableModelWriteCoreMethod(True)" computerName="pkrvmxyh4eaekms" duration="00:00:00.0022800" startTime="2025-06-24T21:14:11.0129680+00:00" endTime="2025-06-24T21:14:11.0152482+00:00" testType="13cdc9d9-ddb5-4fa4-a97d-d965ccfc6d4b" outcome="Passed" testListId="8c84fa94-04c1-424b-9868-57a2d4851a1d" relativeResultsDirectory="9b2b55d7-0597-460f-beca-98f860c54d48" />
    <UnitTestResult executionId="080ab43a-0a31-46b2-b689-442bf7338bd0" testId="9485847a-d0cf-d910-52fd-1dc7d46c0bab" testName="RoundTripWithJsonInterfaceUtf8Reader(&quot;W&quot;)" computerName="pkrvmxyh4eaekms" duration="00:00:00.0020430" startTime="2025-06-24T21:14:06.3685754+00:00" endTime="2025-06-24T21:14:06.3706186+00:00" testType="13cdc9d9-ddb5-4fa4-a97d-d965ccfc6d4b" outcome="Passed" testListId="8c84fa94-04c1-424b-9868-57a2d4851a1d" relativeResultsDirectory="080ab43a-0a31-46b2-b689-442bf7338bd0" />
    <UnitTestResult executionId="d47407dc-afa9-41d9-81ae-4e559c7740c2" testId="f6a95ba9-ac49-2e23-29ac-ce6ba5255c74" testName="RequestOptionsOptionality(True,True,False)" computerName="pkrvmxyh4eaekms" duration="00:00:00.0017570" startTime="2025-06-24T21:14:12.6464819+00:00" endTime="2025-06-24T21:14:12.6482386+00:00" testType="13cdc9d9-ddb5-4fa4-a97d-d965ccfc6d4b" outcome="Passed" testListId="8c84fa94-04c1-424b-9868-57a2d4851a1d" relativeResultsDirectory="d47407dc-afa9-41d9-81ae-4e559c7740c2" />
    <UnitTestResult executionId="02debfef-3539-420e-ad4d-adbe179b127c" testId="a965f6f8-e0e8-6318-0a00-0dae62d3e6f2" testName="TestBuildJsonModelCreateCoreMethod(False)" computerName="pkrvmxyh4eaekms" duration="00:00:00.0016060" startTime="2025-06-24T21:14:10.9867513+00:00" endTime="2025-06-24T21:14:10.9883569+00:00" testType="13cdc9d9-ddb5-4fa4-a97d-d965ccfc6d4b" outcome="Passed" testListId="8c84fa94-04c1-424b-9868-57a2d4851a1d" relativeResultsDirectory="02debfef-3539-420e-ad4d-adbe179b127c" />
    <UnitTestResult executionId="08dd0f4c-815f-45cb-94be-c1592815af00" testId="8c32a78b-8884-f0f7-4dc4-773316383b83" testName="TestBuildDeserializationMethod(Microsoft.TypeSpec.Generator.Input.InputPrimitiveType,[&quot;bool&quot;],[&quot;case (global::System.Text.Json.JsonValueKind.True || global::System.Text.Json.JsonValueKind.False):&quot;, &quot;additionalProperties.Add(prop.Name, prop.Value.GetBoolean());&quot;])" computerName="pkrvmxyh4eaekms" duration="00:00:00.0030270" startTime="2025-06-24T21:14:09.9484007+00:00" endTime="2025-06-24T21:14:09.9514273+00:00" testType="13cdc9d9-ddb5-4fa4-a97d-d965ccfc6d4b" outcome="Passed" testListId="8c84fa94-04c1-424b-9868-57a2d4851a1d" relativeResultsDirectory="08dd0f4c-815f-45cb-94be-c1592815af00" />
    <UnitTestResult executionId="a5ad7f63-036e-49b2-b16e-ed039d3e6653" testId="3744940e-3188-aa6a-84e8-d2ad78706d07" testName="RoundTripWithModelInterface(&quot;W&quot;)" computerName="pkrvmxyh4eaekms" duration="00:00:00.0006360" startTime="2025-06-24T21:14:06.2199072+00:00" endTime="2025-06-24T21:14:06.2205430+00:00" testType="13cdc9d9-ddb5-4fa4-a97d-d965ccfc6d4b" outcome="Passed" testListId="8c84fa94-04c1-424b-9868-57a2d4851a1d" relativeResultsDirectory="a5ad7f63-036e-49b2-b16e-ed039d3e6653" />
    <UnitTestResult executionId="1f8fa20d-ccc5-4acc-9caf-de628a0b3762" testId="6caccceb-65ae-74b9-773b-72dd04db8e11" testName="ResetThenAppendQueryThenAppendPath(&quot;http://localhost:12345&quot;,&quot;/some/&quot;,&quot;one|1&quot;,&quot;http://localhost:12345/some/?one=1&quot;)" computerName="pkrvmxyh4eaekms" duration="00:00:00.0001240" startTime="2025-06-24T21:14:09.5702613+00:00" endTime="2025-06-24T21:14:09.5703854+00:00" testType="13cdc9d9-ddb5-4fa4-a97d-d965ccfc6d4b" outcome="Passed" testListId="8c84fa94-04c1-424b-9868-57a2d4851a1d" relativeResultsDirectory="1f8fa20d-ccc5-4acc-9caf-de628a0b3762" />
    <UnitTestResult executionId="a2cdef9f-2b4d-4454-9478-61388a9de0db" testId="db6e13b3-cc8e-0a45-bc7c-133f013949b4" testName="BinaryContentSnippet_InvokeStatic(False)" computerName="pkrvmxyh4eaekms" duration="00:00:00.0006910" startTime="2025-06-24T21:14:12.6733847+00:00" endTime="2025-06-24T21:14:12.6740759+00:00" testType="13cdc9d9-ddb5-4fa4-a97d-d965ccfc6d4b" outcome="Passed" testListId="8c84fa94-04c1-424b-9868-57a2d4851a1d" relativeResultsDirectory="a2cdef9f-2b4d-4454-9478-61388a9de0db" />
    <UnitTestResult executionId="407c05cf-1b4c-4263-adf5-34ab465fba74" testId="8cb4157a-a4c7-8622-53f1-e454664ebcf3" testName="RoundTripWithJsonInterfaceOfT(&quot;J&quot;)" computerName="pkrvmxyh4eaekms" duration="00:00:00.0010450" startTime="2025-06-24T21:14:06.2005673+00:00" endTime="2025-06-24T21:14:06.2016124+00:00" testType="13cdc9d9-ddb5-4fa4-a97d-d965ccfc6d4b" outcome="Passed" testListId="8c84fa94-04c1-424b-9868-57a2d4851a1d" relativeResultsDirectory="407c05cf-1b4c-4263-adf5-34ab465fba74" />
    <UnitTestResult executionId="865835d2-5056-4b3e-acf2-5a046e5eebe1" testId="666933bf-ca6e-ed0a-22c8-e8c76fc314a6" testName="ValidateQueryParamDiff" computerName="pkrvmxyh4eaekms" duration="00:00:00.0040020" startTime="2025-06-24T21:14:09.4327239+00:00" endTime="2025-06-24T21:14:09.4367254+00:00" testType="13cdc9d9-ddb5-4fa4-a97d-d965ccfc6d4b" outcome="Passed" testListId="8c84fa94-04c1-424b-9868-57a2d4851a1d" relativeResultsDirectory="865835d2-5056-4b3e-acf2-5a046e5eebe1" />
    <UnitTestResult executionId="dd23aef1-c061-465d-bc83-00edd2360a3d" testId="63b96ad9-1a5d-1e15-66e8-6bae36a632f6" testName="TestApiVersionOfClient" computerName="pkrvmxyh4eaekms" duration="00:00:00.0063610" startTime="2025-06-24T21:14:09.1959216+00:00" endTime="2025-06-24T21:14:09.2022823+00:00" testType="13cdc9d9-ddb5-4fa4-a97d-d965ccfc6d4b" outcome="Passed" testListId="8c84fa94-04c1-424b-9868-57a2d4851a1d" relativeResultsDirectory="dd23aef1-c061-465d-bc83-00edd2360a3d" />
    <UnitTestResult executionId="56075c28-199c-494f-ba15-1d37dd3bd025" testId="633faebd-f1aa-b19f-4840-fe1f8cb24aaa" testName="RoundTripWithJsonInterfaceNonGeneric(&quot;J&quot;)" computerName="pkrvmxyh4eaekms" duration="00:00:00.1028430" startTime="2025-06-24T21:14:06.2579177+00:00" endTime="2025-06-24T21:14:06.3607602+00:00" testType="13cdc9d9-ddb5-4fa4-a97d-d965ccfc6d4b" outcome="Passed" testListId="8c84fa94-04c1-424b-9868-57a2d4851a1d" relativeResultsDirectory="56075c28-199c-494f-ba15-1d37dd3bd025" />
    <UnitTestResult executionId="67086daa-e420-4462-bafe-5b015982f122" testId="5f529286-f45e-6113-43c7-30ad853edeb4" testName="ServiceClientWithSubClient" computerName="pkrvmxyh4eaekms" duration="00:00:00.0122150" startTime="2025-06-24T21:14:09.1093545+00:00" endTime="2025-06-24T21:14:09.1215693+00:00" testType="13cdc9d9-ddb5-4fa4-a97d-d965ccfc6d4b" outcome="Passed" testListId="8c84fa94-04c1-424b-9868-57a2d4851a1d" relativeResultsDirectory="67086daa-e420-4462-bafe-5b015982f122" />
    <UnitTestResult executionId="caff1ecd-0903-4416-bb0f-c8af4d82aeff" testId="ce3202ff-b814-8931-693c-9cdadf50e8a5" testName="RoundTripWithModelReaderWriter(&quot;J&quot;)" computerName="pkrvmxyh4eaekms" duration="00:00:00.0017430" startTime="2025-06-24T21:14:06.3841677+00:00" endTime="2025-06-24T21:14:06.3859109+00:00" testType="13cdc9d9-ddb5-4fa4-a97d-d965ccfc6d4b" outcome="Passed" testListId="8c84fa94-04c1-424b-9868-57a2d4851a1d" relativeResultsDirectory="caff1ecd-0903-4416-bb0f-c8af4d82aeff" />
    <UnitTestResult executionId="3b77f6b5-c8ab-40a4-a739-701edc192f11" testId="1d4780a7-4d27-ef6c-25c5-cce5511c2a1c" testName="ValidateConvertToString(null,[&quot;a&quot;, &quot;b&quot;],&quot;a,b&quot;)" computerName="pkrvmxyh4eaekms" duration="00:00:00.0000730" startTime="2025-06-24T21:14:12.6630431+00:00" endTime="2025-06-24T21:14:12.6631165+00:00" testType="13cdc9d9-ddb5-4fa4-a97d-d965ccfc6d4b" outcome="Passed" testListId="8c84fa94-04c1-424b-9868-57a2d4851a1d" relativeResultsDirectory="3b77f6b5-c8ab-40a4-a739-701edc192f11" />
    <UnitTestResult executionId="3ae6d175-cf26-4399-adcd-806b019a5a5e" testId="6b5ff9cc-ee85-4ae8-2c38-ea30386d4d31" testName="JsonSerializerSnippet_Serialize" computerName="pkrvmxyh4eaekms" duration="00:00:00.0002860" startTime="2025-06-24T21:14:12.6752018+00:00" endTime="2025-06-24T21:14:12.6754877+00:00" testType="13cdc9d9-ddb5-4fa4-a97d-d965ccfc6d4b" outcome="Passed" testListId="8c84fa94-04c1-424b-9868-57a2d4851a1d" relativeResultsDirectory="3ae6d175-cf26-4399-adcd-806b019a5a5e" />
    <UnitTestResult executionId="158daa01-f49b-40f6-a2a5-7fde97571e2c" testId="d82a3974-a1b3-5452-a547-6e33ca1a063c" testName="TestBuildAuthFields_WithSubClients_NoAuth(Microsoft.TypeSpec.Generator.Input.InputClient)" computerName="pkrvmxyh4eaekms" duration="00:00:00.0015610" startTime="2025-06-24T21:14:09.2665448+00:00" endTime="2025-06-24T21:14:09.2681055+00:00" testType="13cdc9d9-ddb5-4fa4-a97d-d965ccfc6d4b" outcome="Passed" testListId="8c84fa94-04c1-424b-9868-57a2d4851a1d" relativeResultsDirectory="158daa01-f49b-40f6-a2a5-7fde97571e2c" />
    <UnitTestResult executionId="9a5624d9-fa32-4604-8af0-78ffdf79b9bb" testId="fb51798c-b608-b315-9be5-4e9843174a03" testName="TestBuildCreateRequestMethodWithPaging(True)" computerName="pkrvmxyh4eaekms" duration="00:00:00.0038920" startTime="2025-06-24T21:14:12.5349102+00:00" endTime="2025-06-24T21:14:12.5388021+00:00" testType="13cdc9d9-ddb5-4fa4-a97d-d965ccfc6d4b" outcome="Passed" testListId="8c84fa94-04c1-424b-9868-57a2d4851a1d" relativeResultsDirectory="9a5624d9-fa32-4604-8af0-78ffdf79b9bb" />
    <UnitTestResult executionId="9f34d7e4-3b0c-4272-9f73-99174a921239" testId="e78dd496-39e7-6487-beae-ab1e68e8a32e" testName="TestBuildConstructors_ForSubClient_BothAuth()" computerName="pkrvmxyh4eaekms" duration="00:00:00.0172110" startTime="2025-06-24T21:14:09.2757090+00:00" endTime="2025-06-24T21:14:09.2929194+00:00" testType="13cdc9d9-ddb5-4fa4-a97d-d965ccfc6d4b" outcome="Passed" testListId="8c84fa94-04c1-424b-9868-57a2d4851a1d" relativeResultsDirectory="9f34d7e4-3b0c-4272-9f73-99174a921239" />
    <UnitTestResult executionId="10caeed6-267c-433b-ab7b-aed78455e26a" testId="e87a7c46-fccf-b207-c830-82e843042fb3" testName="CanAddMethod" computerName="pkrvmxyh4eaekms" duration="00:00:00.3475290" startTime="2025-06-24T21:14:07.9995395+00:00" endTime="2025-06-24T21:14:08.3470680+00:00" testType="13cdc9d9-ddb5-4fa4-a97d-d965ccfc6d4b" outcome="Passed" testListId="8c84fa94-04c1-424b-9868-57a2d4851a1d" relativeResultsDirectory="10caeed6-267c-433b-ab7b-aed78455e26a" />
    <UnitTestResult executionId="78bf53ec-533a-4951-a983-d62fec372a6d" testId="e5ea073a-1304-13ec-948e-c8c80cc58fda" testName="TestIntSerializationStatement(Int64,&quot;string&quot;)" computerName="pkrvmxyh4eaekms" duration="00:00:00.0013970" startTime="2025-06-24T21:14:11.0521923+00:00" endTime="2025-06-24T21:14:11.0535892+00:00" testType="13cdc9d9-ddb5-4fa4-a97d-d965ccfc6d4b" outcome="Passed" testListId="8c84fa94-04c1-424b-9868-57a2d4851a1d" relativeResultsDirectory="78bf53ec-533a-4951-a983-d62fec372a6d" />
    <UnitTestResult executionId="73c4b059-c1aa-402e-9577-e675e0ad55df" testId="5204db14-5078-94d9-d965-2ae6957489a4" testName="FormatsDatesAsJson(&quot;U&quot;,05/04/2020 03:02:01 +00:00,&quot;1588561321&quot;)" computerName="pkrvmxyh4eaekms" duration="00:00:00.0002140" startTime="2025-06-24T21:14:12.6573572+00:00" endTime="2025-06-24T21:14:12.6575712+00:00" testType="13cdc9d9-ddb5-4fa4-a97d-d965ccfc6d4b" outcome="Passed" testListId="8c84fa94-04c1-424b-9868-57a2d4851a1d" relativeResultsDirectory="73c4b059-c1aa-402e-9577-e675e0ad55df" />
    <UnitTestResult executionId="4a2dee97-60e5-4b6b-9068-3dc6726b4122" testId="bffb1606-622b-75c0-1073-31fd498473a7" testName="ListMethodWithNoPaging" computerName="pkrvmxyh4eaekms" duration="00:00:00.0033950" startTime="2025-06-24T21:14:12.6069754+00:00" endTime="2025-06-24T21:14:12.6103703+00:00" testType="13cdc9d9-ddb5-4fa4-a97d-d965ccfc6d4b" outcome="Passed" testListId="8c84fa94-04c1-424b-9868-57a2d4851a1d" relativeResultsDirectory="4a2dee97-60e5-4b6b-9068-3dc6726b4122" />
    <UnitTestResult executionId="8214106c-032c-405b-929a-157da8901ff7" testId="204645f2-5333-c0d4-de67-a29e91bf63f0" testName="ResetThenAppendPath(&quot;http://localhost/with&quot;,&quot;/path&quot;,&quot;http://localhost/with/path&quot;)" computerName="pkrvmxyh4eaekms" duration="00:00:00.0000920" startTime="2025-06-24T21:14:09.5639912+00:00" endTime="2025-06-24T21:14:09.5640827+00:00" testType="13cdc9d9-ddb5-4fa4-a97d-d965ccfc6d4b" outcome="Passed" testListId="8c84fa94-04c1-424b-9868-57a2d4851a1d" relativeResultsDirectory="8214106c-032c-405b-929a-157da8901ff7" />
    <UnitTestResult executionId="18f79440-f5ff-4e04-858d-37d958bede9a" testId="811a06d5-2f4e-bebd-c789-674c382a7929" testName="CanChangePropertyName" computerName="pkrvmxyh4eaekms" duration="00:00:00.0813950" startTime="2025-06-24T21:14:10.0556876+00:00" endTime="2025-06-24T21:14:10.1370824+00:00" testType="13cdc9d9-ddb5-4fa4-a97d-d965ccfc6d4b" outcome="Passed" testListId="8c84fa94-04c1-424b-9868-57a2d4851a1d" relativeResultsDirectory="18f79440-f5ff-4e04-858d-37d958bede9a" />
    <UnitTestResult executionId="f655203f-48cf-430d-bb91-bb12ebcb3b40" testId="1a77ee52-5ac1-842f-3a78-c59f71df5654" testName="ResetThenAppendQuery(&quot;http://localhost/some&quot;,&quot;one|1&quot;,&quot;http://localhost/some?one=1&quot;)" computerName="pkrvmxyh4eaekms" duration="00:00:00.0001100" startTime="2025-06-24T21:14:09.5675566+00:00" endTime="2025-06-24T21:14:09.5676667+00:00" testType="13cdc9d9-ddb5-4fa4-a97d-d965ccfc6d4b" outcome="Passed" testListId="8c84fa94-04c1-424b-9868-57a2d4851a1d" relativeResultsDirectory="f655203f-48cf-430d-bb91-bb12ebcb3b40" />
    <UnitTestResult executionId="0f1cc53e-7939-48b8-b8f0-af0bf8b3e5ae" testId="9ed36475-70ea-d935-981c-3ee0399bdd52" testName="ValidateClientResponseClassifiers(Microsoft.TypeSpec.Generator.Input.InputClient)" computerName="pkrvmxyh4eaekms" duration="00:00:00.0004720" startTime="2025-06-24T21:14:12.5587872+00:00" endTime="2025-06-24T21:14:12.5592590+00:00" testType="13cdc9d9-ddb5-4fa4-a97d-d965ccfc6d4b" outcome="Passed" testListId="8c84fa94-04c1-424b-9868-57a2d4851a1d" relativeResultsDirectory="0f1cc53e-7939-48b8-b8f0-af0bf8b3e5ae" />
    <UnitTestResult executionId="6d5cf161-4c04-4cbd-80fd-af126cffd804" testId="3b4a943d-7746-2ac4-aa4d-084a76bc5ce0" testName="TestBuildJsonModelCreateMethod" computerName="pkrvmxyh4eaekms" duration="00:00:00.0018280" startTime="2025-06-24T21:14:10.9884083+00:00" endTime="2025-06-24T21:14:10.9902366+00:00" testType="13cdc9d9-ddb5-4fa4-a97d-d965ccfc6d4b" outcome="Passed" testListId="8c84fa94-04c1-424b-9868-57a2d4851a1d" relativeResultsDirectory="6d5cf161-4c04-4cbd-80fd-af126cffd804" />
    <UnitTestResult executionId="f475eafb-f3aa-49ad-ba7d-1e882ce28cf6" testId="12e154b4-112d-c5f4-0a6f-42e08eacf8bc" testName="ValidateConvertToString(&quot;R&quot;,05/04/2020 03:02:01 +00:00,&quot;Mon, 04 May 2020 03:02:01 GMT&quot;)" computerName="pkrvmxyh4eaekms" duration="00:00:00.0000710" startTime="2025-06-24T21:14:12.6637503+00:00" endTime="2025-06-24T21:14:12.6638215+00:00" testType="13cdc9d9-ddb5-4fa4-a97d-d965ccfc6d4b" outcome="Passed" testListId="8c84fa94-04c1-424b-9868-57a2d4851a1d" relativeResultsDirectory="f475eafb-f3aa-49ad-ba7d-1e882ce28cf6" />
    <UnitTestResult executionId="903fd795-5a0e-4557-81f5-fbc83b67e8b4" testId="883e5672-51ed-46eb-1c03-d79c19b513da" testName="NextLinkInHeaderAsync" computerName="pkrvmxyh4eaekms" duration="00:00:00.0024310" startTime="2025-06-24T21:14:09.6509323+00:00" endTime="2025-06-24T21:14:09.6533631+00:00" testType="13cdc9d9-ddb5-4fa4-a97d-d965ccfc6d4b" outcome="Passed" testListId="8c84fa94-04c1-424b-9868-57a2d4851a1d" relativeResultsDirectory="903fd795-5a0e-4557-81f5-fbc83b67e8b4" />
    <UnitTestResult executionId="28ec54ca-5b86-49fc-9efa-fd990f4fbbc1" testId="afbf2c35-f138-2b90-9822-0427b75e7c54" testName="AppendQuery_DateTimeOffset(&quot;http://localhost&quot;,&quot;6/30/1905 1:14:00 PM +00:00&quot;,&quot;U&quot;,True,&quot;http://localhost/?query=-2035622760&quot;)" computerName="pkrvmxyh4eaekms" duration="00:00:00.0003810" startTime="2025-06-24T21:14:09.5537106+00:00" endTime="2025-06-24T21:14:09.5540910+00:00" testType="13cdc9d9-ddb5-4fa4-a97d-d965ccfc6d4b" outcome="Passed" testListId="8c84fa94-04c1-424b-9868-57a2d4851a1d" relativeResultsDirectory="28ec54ca-5b86-49fc-9efa-fd990f4fbbc1" />
    <UnitTestResult executionId="6d503852-6068-458a-8ea2-ac20c89c0beb" testId="75ea94fd-3e39-2426-5e3d-01bde1d3cfe1" testName="TestBuildConstructors_SecondaryConstructor(System.Collections.Generic.List`1[Microsoft.TypeSpec.Generator.Input.InputParameter])" computerName="pkrvmxyh4eaekms" duration="00:00:00.0011019" startTime="2025-06-24T21:14:09.3278867+00:00" endTime="2025-06-24T21:14:09.3289886+00:00" testType="13cdc9d9-ddb5-4fa4-a97d-d965ccfc6d4b" outcome="Passed" testListId="8c84fa94-04c1-424b-9868-57a2d4851a1d" relativeResultsDirectory="6d503852-6068-458a-8ea2-ac20c89c0beb" />
    <UnitTestResult executionId="d2ed9046-8142-4339-84c7-523dfbf70562" testId="3be952dc-5bb9-c92a-b566-50329caa9747" testName="ThrowsIfUnknownFormat" computerName="pkrvmxyh4eaekms" duration="00:00:00.0005590" startTime="2025-06-24T21:14:06.4423641+00:00" endTime="2025-06-24T21:14:06.4429230+00:00" testType="13cdc9d9-ddb5-4fa4-a97d-d965ccfc6d4b" outcome="Passed" testListId="8c84fa94-04c1-424b-9868-57a2d4851a1d" relativeResultsDirectory="d2ed9046-8142-4339-84c7-523dfbf70562" />
    <UnitTestResult executionId="af3494bb-86f3-4fae-b0fa-567118d27008" testId="b609376b-7120-8e6a-b5d2-5cbe021250c9" testName="AppendPathDelimited_StringArray(&quot;http://localhost&quot;,[&quot;hello&quot;, &quot;world&quot;],&quot;,&quot;,True,&quot;http://localhost/hello%2Cworld&quot;)" computerName="pkrvmxyh4eaekms" duration="00:00:00.0006630" startTime="2025-06-24T21:14:09.5423560+00:00" endTime="2025-06-24T21:14:09.5430186+00:00" testType="13cdc9d9-ddb5-4fa4-a97d-d965ccfc6d4b" outcome="Passed" testListId="8c84fa94-04c1-424b-9868-57a2d4851a1d" relativeResultsDirectory="af3494bb-86f3-4fae-b0fa-567118d27008" />
    <UnitTestResult executionId="e2f1bea6-ab59-483c-aab8-b2157f1ed7b0" testId="51cb5a3a-59ce-98a7-b4b7-3fe113e0d820" testName="RoundTripWithModelInterfaceNonGeneric(&quot;J&quot;)" computerName="pkrvmxyh4eaekms" duration="00:00:00.0017410" startTime="2025-06-24T21:14:06.3808439+00:00" endTime="2025-06-24T21:14:06.3825852+00:00" testType="13cdc9d9-ddb5-4fa4-a97d-d965ccfc6d4b" outcome="Passed" testListId="8c84fa94-04c1-424b-9868-57a2d4851a1d" relativeResultsDirectory="e2f1bea6-ab59-483c-aab8-b2157f1ed7b0" />
    <UnitTestResult executionId="bed6ee38-8c5f-4f6d-b084-d0882afddc9e" testId="3d1620ff-198d-50c6-b337-596fac219ddf" testName="AppendQuery_Int(&quot;http://localhost&quot;,299792458,False,&quot;http://localhost/?query=299792458&quot;)" computerName="pkrvmxyh4eaekms" duration="00:00:00.0002690" startTime="2025-06-24T21:14:09.5575575+00:00" endTime="2025-06-24T21:14:09.5578266+00:00" testType="13cdc9d9-ddb5-4fa4-a97d-d965ccfc6d4b" outcome="Passed" testListId="8c84fa94-04c1-424b-9868-57a2d4851a1d" relativeResultsDirectory="bed6ee38-8c5f-4f6d-b084-d0882afddc9e" />
    <UnitTestResult executionId="f4908036-8ee8-4240-b52a-3bf42bd095ad" testId="b030cc08-927e-166a-c61c-0f77792a9336" testName="ValidateConvertToString(&quot;D&quot;,[1, 2, 3],&quot;AQID&quot;)" computerName="pkrvmxyh4eaekms" duration="00:00:00.0000720" startTime="2025-06-24T21:14:12.6628859+00:00" endTime="2025-06-24T21:14:12.6629580+00:00" testType="13cdc9d9-ddb5-4fa4-a97d-d965ccfc6d4b" outcome="Passed" testListId="8c84fa94-04c1-424b-9868-57a2d4851a1d" relativeResultsDirectory="f4908036-8ee8-4240-b52a-3bf42bd095ad" />
    <UnitTestResult executionId="b5b57a95-5153-4e32-ad90-9c27c0a34a9e" testId="eafb9ace-ebaf-e012-dda0-09b129d22a17" testName="AppendQuery_Bool(&quot;http://localhost&quot;,False,True,&quot;http://localhost/?query=false&quot;)" computerName="pkrvmxyh4eaekms" duration="00:00:00.0000950" startTime="2025-06-24T21:14:09.5444011+00:00" endTime="2025-06-24T21:14:09.5444963+00:00" testType="13cdc9d9-ddb5-4fa4-a97d-d965ccfc6d4b" outcome="Passed" testListId="8c84fa94-04c1-424b-9868-57a2d4851a1d" relativeResultsDirectory="b5b57a95-5153-4e32-ad90-9c27c0a34a9e" />
    <UnitTestResult executionId="d53bcadb-df17-4aee-86a9-9a1c2f10a4e5" testId="9d18eb91-be6b-90e4-b7cf-8f9741658eb3" testName="FormatsDatesAsJson(&quot;R&quot;,05/04/2020 03:02:01 +01:00,&quot;Mon, 04 May 2020 02:02:01 GMT&quot;)" computerName="pkrvmxyh4eaekms" duration="00:00:00.0000440" startTime="2025-06-24T21:14:12.6576728+00:00" endTime="2025-06-24T21:14:12.6577164+00:00" testType="13cdc9d9-ddb5-4fa4-a97d-d965ccfc6d4b" outcome="Passed" testListId="8c84fa94-04c1-424b-9868-57a2d4851a1d" relativeResultsDirectory="d53bcadb-df17-4aee-86a9-9a1c2f10a4e5" />
    <UnitTestResult executionId="dc1dde82-b347-4eca-84f6-537e545c3faf" testId="17f7a6e9-436b-3c1f-3570-46d2473a1137" testName="UsesValidFieldIdentifierNames" computerName="pkrvmxyh4eaekms" duration="00:00:00.0023379" startTime="2025-06-24T21:14:09.6588124+00:00" endTime="2025-06-24T21:14:09.6611500+00:00" testType="13cdc9d9-ddb5-4fa4-a97d-d965ccfc6d4b" outcome="Passed" testListId="8c84fa94-04c1-424b-9868-57a2d4851a1d" relativeResultsDirectory="dc1dde82-b347-4eca-84f6-537e545c3faf" />
    <UnitTestResult executionId="c5b3f192-105f-4cd4-b262-7d9334b9c436" testId="871b8fc7-75d8-bc2f-ecf5-0d8ddc50c53b" testName="BackCompat_GAApiVersionsAdded" computerName="pkrvmxyh4eaekms" duration="00:00:01.3917570" startTime="2025-06-24T21:14:06.5278578+00:00" endTime="2025-06-24T21:14:07.9196143+00:00" testType="13cdc9d9-ddb5-4fa4-a97d-d965ccfc6d4b" outcome="Passed" testListId="8c84fa94-04c1-424b-9868-57a2d4851a1d" relativeResultsDirectory="c5b3f192-105f-4cd4-b262-7d9334b9c436" />
    <UnitTestResult executionId="f3e429e4-6b45-4b91-9dd8-0e91800c9d90" testId="82207889-87a9-6e80-2186-6759c95c8d6f" testName="TestGetSpreadParameterModel(Microsoft.TypeSpec.Generator.Input.InputParameter)" computerName="pkrvmxyh4eaekms" duration="00:00:00.0003760" startTime="2025-06-24T21:14:12.5461796+00:00" endTime="2025-06-24T21:14:12.5465551+00:00" testType="13cdc9d9-ddb5-4fa4-a97d-d965ccfc6d4b" outcome="Passed" testListId="8c84fa94-04c1-424b-9868-57a2d4851a1d" relativeResultsDirectory="f3e429e4-6b45-4b91-9dd8-0e91800c9d90" />
    <UnitTestResult executionId="0c354455-8ae7-47a8-a8a9-83bc3f1507c1" testId="2c34bca7-1fd3-05d4-21d5-d87dea8dd68d" testName="TestReadOnlyPropertiesHaveWireCheck(False)" computerName="pkrvmxyh4eaekms" duration="00:00:00.0026090" startTime="2025-06-24T21:14:11.0616224+00:00" endTime="2025-06-24T21:14:11.0642314+00:00" testType="13cdc9d9-ddb5-4fa4-a97d-d965ccfc6d4b" outcome="Passed" testListId="8c84fa94-04c1-424b-9868-57a2d4851a1d" relativeResultsDirectory="0c354455-8ae7-47a8-a8a9-83bc3f1507c1" />
    <UnitTestResult executionId="b39f7354-5e50-49a6-b55a-c0a4bb101a4f" testId="3ea572d0-8081-c04d-1c5e-07d3f0bdce4f" testName="TestNonBodyRequestParametersInBodyWriterDiff(Microsoft.TypeSpec.Generator.Input.InputBasicServiceMethod)" computerName="pkrvmxyh4eaekms" duration="00:00:00.0027340" startTime="2025-06-24T21:14:09.3720886+00:00" endTime="2025-06-24T21:14:09.3748222+00:00" testType="13cdc9d9-ddb5-4fa4-a97d-d965ccfc6d4b" outcome="Passed" testListId="8c84fa94-04c1-424b-9868-57a2d4851a1d" relativeResultsDirectory="b39f7354-5e50-49a6-b55a-c0a4bb101a4f" />
    <UnitTestResult executionId="4ce596ac-3dfc-43d8-86ef-463bcd33135d" testId="fdb81633-7b6e-81d1-a2ab-a47d6fb6831e" testName="XmlDocsAreWritten" computerName="pkrvmxyh4eaekms" duration="00:00:00.0067210" startTime="2025-06-24T21:14:09.4433805+00:00" endTime="2025-06-24T21:14:09.4501010+00:00" testType="13cdc9d9-ddb5-4fa4-a97d-d965ccfc6d4b" outcome="Passed" testListId="8c84fa94-04c1-424b-9868-57a2d4851a1d" relativeResultsDirectory="4ce596ac-3dfc-43d8-86ef-463bcd33135d" />
    <UnitTestResult executionId="303d8f3f-c286-4f22-8e04-781c62e79b3e" testId="03f1dfdc-f881-eae6-ebfe-eaa49855d196" testName="EndpointInitializationValue(Microsoft.TypeSpec.Generator.Input.InputParameter,NewInstanceExpression { Type = global::System.Uri, Parameters = Microsoft.TypeSpec.Generator.Expressions.ValueExpression[], InitExpression =  })" computerName="pkrvmxyh4eaekms" duration="00:00:00.0026880" startTime="2025-06-24T21:14:09.1674398+00:00" endTime="2025-06-24T21:14:09.1701272+00:00" testType="13cdc9d9-ddb5-4fa4-a97d-d965ccfc6d4b" outcome="Passed" testListId="8c84fa94-04c1-424b-9868-57a2d4851a1d" relativeResultsDirectory="303d8f3f-c286-4f22-8e04-781c62e79b3e" />
    <UnitTestResult executionId="a753c0b6-12c5-4aad-b5d2-f5753302096b" testId="98df8e81-10c4-d836-17a1-b1ad96d54c07" testName="ListMethodWithEnumParameter(True,Header)" computerName="pkrvmxyh4eaekms" duration="00:00:00.0163980" startTime="2025-06-24T21:14:12.5782469+00:00" endTime="2025-06-24T21:14:12.5946447+00:00" testType="13cdc9d9-ddb5-4fa4-a97d-d965ccfc6d4b" outcome="Passed" testListId="8c84fa94-04c1-424b-9868-57a2d4851a1d" relativeResultsDirectory="a753c0b6-12c5-4aad-b5d2-f5753302096b" />
    <UnitTestResult executionId="26320096-fb0f-4a5c-ac44-cb54dc5fb62f" testId="d58133a7-9d33-a542-69d0-49c99b7c3190" testName="AppendQuery_Bool(&quot;http://localhost&quot;,True,False,&quot;http://localhost/?query=true&quot;)" computerName="pkrvmxyh4eaekms" duration="00:00:00.0003660" startTime="2025-06-24T21:14:09.5440167+00:00" endTime="2025-06-24T21:14:09.5443830+00:00" testType="13cdc9d9-ddb5-4fa4-a97d-d965ccfc6d4b" outcome="Passed" testListId="8c84fa94-04c1-424b-9868-57a2d4851a1d" relativeResultsDirectory="26320096-fb0f-4a5c-ac44-cb54dc5fb62f" />
    <UnitTestResult executionId="83080dab-eeb2-4a62-91d3-dd722b6b4920" testId="e7a2272b-a298-7d90-48b8-d8225bf3cf86" testName="TestSubClientAccessorFactoryMethods(Microsoft.TypeSpec.Generator.Input.InputClient,True)" computerName="pkrvmxyh4eaekms" duration="00:00:00.0033860" startTime="2025-06-24T21:14:09.3921520+00:00" endTime="2025-06-24T21:14:09.3955381+00:00" testType="13cdc9d9-ddb5-4fa4-a97d-d965ccfc6d4b" outcome="Passed" testListId="8c84fa94-04c1-424b-9868-57a2d4851a1d" relativeResultsDirectory="83080dab-eeb2-4a62-91d3-dd722b6b4920" />
    <UnitTestResult executionId="e399841c-5b62-4342-afa5-7aac8bb20e69" testId="29dad130-e5f3-04d1-382b-77709bfa049c" testName="TestBuildPersistableModelWriteCoreMethod(False)" computerName="pkrvmxyh4eaekms" duration="00:00:00.0020610" startTime="2025-06-24T21:14:11.0152748+00:00" endTime="2025-06-24T21:14:11.0173351+00:00" testType="13cdc9d9-ddb5-4fa4-a97d-d965ccfc6d4b" outcome="Passed" testListId="8c84fa94-04c1-424b-9868-57a2d4851a1d" relativeResultsDirectory="e399841c-5b62-4342-afa5-7aac8bb20e69" />
    <UnitTestResult executionId="9645312f-e061-43e4-80a4-67e39f86a1e3" testId="298a1739-b929-a951-cba7-1dded414429f" testName="ValidateIsLastNamespaceSegmentTheSame(&quot;/Foo&quot;,&quot;Foo&quot;)" computerName="pkrvmxyh4eaekms" duration="00:00:00.0009060" startTime="2025-06-24T21:14:09.4257447+00:00" endTime="2025-06-24T21:14:09.4266510+00:00" testType="13cdc9d9-ddb5-4fa4-a97d-d965ccfc6d4b" outcome="Passed" testListId="8c84fa94-04c1-424b-9868-57a2d4851a1d" relativeResultsDirectory="9645312f-e061-43e4-80a4-67e39f86a1e3" />
    <UnitTestResult executionId="f06b3131-7ea7-440c-b3fc-1286d7feb4eb" testId="82207889-87a9-6e80-2186-6759c95c8d6f" testName="TestGetSpreadParameterModel(Microsoft.TypeSpec.Generator.Input.InputParameter)" computerName="pkrvmxyh4eaekms" duration="00:00:00.0004120" startTime="2025-06-24T21:14:12.5465720+00:00" endTime="2025-06-24T21:14:12.5469838+00:00" testType="13cdc9d9-ddb5-4fa4-a97d-d965ccfc6d4b" outcome="Passed" testListId="8c84fa94-04c1-424b-9868-57a2d4851a1d" relativeResultsDirectory="f06b3131-7ea7-440c-b3fc-1286d7feb4eb" />
    <UnitTestResult executionId="440d041b-c484-4041-9bf6-a06395669f6e" testId="80bc32d0-5a3f-b82e-8b59-d70782c7273a" testName="RoundTripWithModelReaderWriterNonGeneric(&quot;W&quot;)" computerName="pkrvmxyh4eaekms" duration="00:00:00.0005400" startTime="2025-06-24T21:14:06.2562680+00:00" endTime="2025-06-24T21:14:06.2568080+00:00" testType="13cdc9d9-ddb5-4fa4-a97d-d965ccfc6d4b" outcome="Passed" testListId="8c84fa94-04c1-424b-9868-57a2d4851a1d" relativeResultsDirectory="440d041b-c484-4041-9bf6-a06395669f6e" />
    <UnitTestResult executionId="01ad8965-b5d6-486b-9049-faf73b96ea7a" testId="2ac63861-a427-7dc0-632a-1a14e3db178d" testName="TestBuildPersistableModelWriteMethodObjectDeclaration" computerName="pkrvmxyh4eaekms" duration="00:00:00.0023540" startTime="2025-06-24T21:14:11.0196615+00:00" endTime="2025-06-24T21:14:11.0220157+00:00" testType="13cdc9d9-ddb5-4fa4-a97d-d965ccfc6d4b" outcome="Passed" testListId="8c84fa94-04c1-424b-9868-57a2d4851a1d" relativeResultsDirectory="01ad8965-b5d6-486b-9049-faf73b96ea7a" />
    <UnitTestResult executionId="cdbcd721-0051-442f-b601-d66f172a5eb1" testId="5cecca1b-6cfe-a561-61db-bfb6cc7f6214" testName="TestRequestOptionsParameterInSignature(Microsoft.TypeSpec.Generator.Input.InputBasicServiceMethod,False,False)" computerName="pkrvmxyh4eaekms" duration="00:00:00.0021660" startTime="2025-06-24T21:14:09.3851440+00:00" endTime="2025-06-24T21:14:09.3873094+00:00" testType="13cdc9d9-ddb5-4fa4-a97d-d965ccfc6d4b" outcome="Passed" testListId="8c84fa94-04c1-424b-9868-57a2d4851a1d" relativeResultsDirectory="cdbcd721-0051-442f-b601-d66f172a5eb1" />
    <UnitTestResult executionId="9270773f-29c6-4ae1-aed8-a72796b6bb6d" testId="d56625dc-428d-2fd3-78bc-b8d6e72a64b8" testName="ValidateConvertToString(&quot;O&quot;,05/04/2020 03:02:01 +00:00,&quot;2020-05-04T03:02:01.1230000Z&quot;)" computerName="pkrvmxyh4eaekms" duration="00:00:00.0000790" startTime="2025-06-24T21:14:12.6631231+00:00" endTime="2025-06-24T21:14:12.6632021+00:00" testType="13cdc9d9-ddb5-4fa4-a97d-d965ccfc6d4b" outcome="Passed" testListId="8c84fa94-04c1-424b-9868-57a2d4851a1d" relativeResultsDirectory="9270773f-29c6-4ae1-aed8-a72796b6bb6d" />
    <UnitTestResult executionId="a1d0f2bb-791c-4bae-8a34-9765958750c7" testId="e3f6b41b-723f-fe52-6ef5-10aa6556c371" testName="TestBuildAuthFields_SubClients_WithAuth(Microsoft.TypeSpec.Generator.Input.InputClient)" computerName="pkrvmxyh4eaekms" duration="00:00:00.0017010" startTime="2025-06-24T21:14:09.2281446+00:00" endTime="2025-06-24T21:14:09.2298451+00:00" testType="13cdc9d9-ddb5-4fa4-a97d-d965ccfc6d4b" outcome="Passed" testListId="8c84fa94-04c1-424b-9868-57a2d4851a1d" relativeResultsDirectory="a1d0f2bb-791c-4bae-8a34-9765958750c7" />
    <UnitTestResult executionId="6ccf204e-75cd-404b-8b5f-d2f4cf2a82b4" testId="779909c1-7cde-1cc8-f8b8-418d64f97a54" testName="ValidateConvertToString(&quot;P&quot;,1.02:59:59,&quot;P1DT2H59M59S&quot;)" computerName="pkrvmxyh4eaekms" duration="00:00:00.0000730" startTime="2025-06-24T21:14:12.6639903+00:00" endTime="2025-06-24T21:14:12.6640632+00:00" testType="13cdc9d9-ddb5-4fa4-a97d-d965ccfc6d4b" outcome="Passed" testListId="8c84fa94-04c1-424b-9868-57a2d4851a1d" relativeResultsDirectory="6ccf204e-75cd-404b-8b5f-d2f4cf2a82b4" />
    <UnitTestResult executionId="141db895-5895-4634-beed-c1184edac65b" testId="17b44355-a286-c68e-0772-1ca3f99800c3" testName="RoundTripWithModelInterface(&quot;W&quot;)" computerName="pkrvmxyh4eaekms" duration="00:00:00.0006160" startTime="2025-06-24T21:14:06.2531250+00:00" endTime="2025-06-24T21:14:06.2537404+00:00" testType="13cdc9d9-ddb5-4fa4-a97d-d965ccfc6d4b" outcome="Passed" testListId="8c84fa94-04c1-424b-9868-57a2d4851a1d" relativeResultsDirectory="141db895-5895-4634-beed-c1184edac65b" />
    <UnitTestResult executionId="9f41cf7e-272b-4fc6-8221-397df9af948a" testId="2be290df-7d92-5723-935e-13156fa041e9" testName="TestBuildConstructors_PrimaryConstructor(System.Collections.Generic.List`1[Microsoft.TypeSpec.Generator.Input.InputParameter])" computerName="pkrvmxyh4eaekms" duration="00:00:00.0011930" startTime="2025-06-24T21:14:09.3147204+00:00" endTime="2025-06-24T21:14:09.3159128+00:00" testType="13cdc9d9-ddb5-4fa4-a97d-d965ccfc6d4b" outcome="Passed" testListId="8c84fa94-04c1-424b-9868-57a2d4851a1d" relativeResultsDirectory="9f41cf7e-272b-4fc6-8221-397df9af948a" />
    <UnitTestResult executionId="7c35d75a-056d-472e-a478-49785084d970" testId="4475f251-65dc-0f4a-1b5f-4a7a6bbd208c" testName="TestDeserializationStatement(Microsoft.TypeSpec.Generator.Input.InputModelProperty,False,False)" computerName="pkrvmxyh4eaekms" duration="00:00:00.0016080" startTime="2025-06-24T21:14:09.9918073+00:00" endTime="2025-06-24T21:14:09.9934153+00:00" testType="13cdc9d9-ddb5-4fa4-a97d-d965ccfc6d4b" outcome="Passed" testListId="8c84fa94-04c1-424b-9868-57a2d4851a1d" relativeResultsDirectory="7c35d75a-056d-472e-a478-49785084d970" />
    <UnitTestResult executionId="2842eab6-1cc9-4053-a729-9453b6281efd" testId="e3f6b41b-723f-fe52-6ef5-10aa6556c371" testName="TestBuildAuthFields_SubClients_WithAuth(Microsoft.TypeSpec.Generator.Input.InputClient)" computerName="pkrvmxyh4eaekms" duration="00:00:00.0017300" startTime="2025-06-24T21:14:09.2178229+00:00" endTime="2025-06-24T21:14:09.2195528+00:00" testType="13cdc9d9-ddb5-4fa4-a97d-d965ccfc6d4b" outcome="Passed" testListId="8c84fa94-04c1-424b-9868-57a2d4851a1d" relativeResultsDirectory="2842eab6-1cc9-4053-a729-9453b6281efd" />
    <UnitTestResult executionId="183e18d9-4ddf-4659-8fb4-e243b144dc0f" testId="4db094ea-4e79-1146-c144-b272beaf7514" testName="TestIntDeserializeExpression(System.Byte,Default)" computerName="pkrvmxyh4eaekms" duration="00:00:00.0001780" startTime="2025-06-24T21:14:11.0378165+00:00" endTime="2025-06-24T21:14:11.0379947+00:00" testType="13cdc9d9-ddb5-4fa4-a97d-d965ccfc6d4b" outcome="Passed" testListId="8c84fa94-04c1-424b-9868-57a2d4851a1d" relativeResultsDirectory="183e18d9-4ddf-4659-8fb4-e243b144dc0f" />
    <UnitTestResult executionId="5af5bc1a-1a7f-47d5-993c-b74ae87a780b" testId="1b80a92f-6ac7-cbc4-fc15-b43bba65e287" testName="RoundTripWithJsonInterfaceUtf8Reader(&quot;W&quot;)" computerName="pkrvmxyh4eaekms" duration="00:00:00.0004830" startTime="2025-06-24T21:14:06.2037059+00:00" endTime="2025-06-24T21:14:06.2041887+00:00" testType="13cdc9d9-ddb5-4fa4-a97d-d965ccfc6d4b" outcome="Passed" testListId="8c84fa94-04c1-424b-9868-57a2d4851a1d" relativeResultsDirectory="5af5bc1a-1a7f-47d5-993c-b74ae87a780b" />
    <UnitTestResult executionId="63505897-c05f-4062-9ad9-2c8cbf784c06" testId="f3de996c-5045-b55d-0a8c-671e3ba55d27" testName="AppendPath_Guid(&quot;http://localhost&quot;,&quot;3f2504e0-4f89-11d3-9a0c-0305e82c3301&quot;,False,&quot;http://localhost/3f2504e0-4f89-11d3-9a0c-0305e82c3301&quot;)" computerName="pkrvmxyh4eaekms" duration="00:00:00.0003240" startTime="2025-06-24T21:14:09.5372684+00:00" endTime="2025-06-24T21:14:09.5375919+00:00" testType="13cdc9d9-ddb5-4fa4-a97d-d965ccfc6d4b" outcome="Passed" testListId="8c84fa94-04c1-424b-9868-57a2d4851a1d" relativeResultsDirectory="63505897-c05f-4062-9ad9-2c8cbf784c06" />
    <UnitTestResult executionId="bec62177-a793-404f-8e3a-90480e1cb79e" testId="9ed36475-70ea-d935-981c-3ee0399bdd52" testName="ValidateClientResponseClassifiers(Microsoft.TypeSpec.Generator.Input.InputClient)" computerName="pkrvmxyh4eaekms" duration="00:00:00.0003130" startTime="2025-06-24T21:14:12.5571754+00:00" endTime="2025-06-24T21:14:12.5574885+00:00" testType="13cdc9d9-ddb5-4fa4-a97d-d965ccfc6d4b" outcome="Passed" testListId="8c84fa94-04c1-424b-9868-57a2d4851a1d" relativeResultsDirectory="bec62177-a793-404f-8e3a-90480e1cb79e" />
    <UnitTestResult executionId="4ab9519f-b7ef-4369-94e7-b33335b52412" testId="e3f6b41b-723f-fe52-6ef5-10aa6556c371" testName="TestBuildAuthFields_SubClients_WithAuth(Microsoft.TypeSpec.Generator.Input.InputClient)" computerName="pkrvmxyh4eaekms" duration="00:00:00.0024359" startTime="2025-06-24T21:14:09.2153601+00:00" endTime="2025-06-24T21:14:09.2177956+00:00" testType="13cdc9d9-ddb5-4fa4-a97d-d965ccfc6d4b" outcome="Passed" testListId="8c84fa94-04c1-424b-9868-57a2d4851a1d" relativeResultsDirectory="4ab9519f-b7ef-4369-94e7-b33335b52412" />
    <UnitTestResult executionId="adb7dd46-138a-46be-bc7e-34e4422cec80" testId="d1093ddf-4b56-d096-51d1-5583aef8d68c" testName="ResetThenAppendPathThenAppendQuery(&quot;http://localhost/&quot;,&quot;/some&quot;,&quot;one|1&quot;,&quot;http://localhost/some?one=1&quot;)" computerName="pkrvmxyh4eaekms" duration="00:00:00.0000620" startTime="2025-06-24T21:14:09.5661190+00:00" endTime="2025-06-24T21:14:09.5661807+00:00" testType="13cdc9d9-ddb5-4fa4-a97d-d965ccfc6d4b" outcome="Passed" testListId="8c84fa94-04c1-424b-9868-57a2d4851a1d" relativeResultsDirectory="adb7dd46-138a-46be-bc7e-34e4422cec80" />
    <UnitTestResult executionId="77ce986b-8cd0-4467-a5cc-655c85f85d6b" testId="742aca02-9331-da31-2bac-cb8e449be676" testName="AppendPath_DateTimeOffset(&quot;http://localhost&quot;,&quot;6/30/1905 1:14:00 PM +00:00&quot;,&quot;O&quot;,True,&quot;http://localhost/1905-06-30T13%3A14%3A00.0000000Z&quot;)" computerName="pkrvmxyh4eaekms" duration="00:00:00.0006990" startTime="2025-06-24T21:14:09.5325445+00:00" endTime="2025-06-24T21:14:09.5332430+00:00" testType="13cdc9d9-ddb5-4fa4-a97d-d965ccfc6d4b" outcome="Passed" testListId="8c84fa94-04c1-424b-9868-57a2d4851a1d" relativeResultsDirectory="77ce986b-8cd0-4467-a5cc-655c85f85d6b" />
    <UnitTestResult executionId="386008dc-d1f9-49b8-8727-3a325affd249" testId="20fcdaab-bb21-b354-850b-63bfa9d12221" testName="ResetThenAppendQueryThenAppendPath(&quot;http://localhost&quot;,&quot;/some&quot;,&quot;one|1|two|2&quot;,&quot;http://localhost/some?one=1&amp;two=2&quot;)" computerName="pkrvmxyh4eaekms" duration="00:00:00.0001180" startTime="2025-06-24T21:14:09.5704002+00:00" endTime="2025-06-24T21:14:09.5705179+00:00" testType="13cdc9d9-ddb5-4fa4-a97d-d965ccfc6d4b" outcome="Passed" testListId="8c84fa94-04c1-424b-9868-57a2d4851a1d" relativeResultsDirectory="386008dc-d1f9-49b8-8727-3a325affd249" />
    <UnitTestResult executionId="9c732d56-7e2c-4948-8de1-c3140aff99ad" testId="3b9ab7b2-de71-ea7e-3b9f-d4d717b953d3" testName="ResetThenAppendQueryThenAppendPath(&quot;http://localhost:12345&quot;,&quot;some/&quot;,&quot;one|1|two|2&quot;,&quot;http://localhost:12345/some/?one=1&amp;two=2&quot;)" computerName="pkrvmxyh4eaekms" duration="00:00:00.0000800" startTime="2025-06-24T21:14:09.5707259+00:00" endTime="2025-06-24T21:14:09.5708059+00:00" testType="13cdc9d9-ddb5-4fa4-a97d-d965ccfc6d4b" outcome="Passed" testListId="8c84fa94-04c1-424b-9868-57a2d4851a1d" relativeResultsDirectory="9c732d56-7e2c-4948-8de1-c3140aff99ad" />
    <UnitTestResult executionId="5ad67f4d-4075-4567-a275-ff2cfc7f984d" testId="d189063a-2c0a-d19a-f98a-dcc48e248ba2" testName="FormatsDatesAsString(&quot;O&quot;,05/04/2020 03:02:01 +00:00,&quot;2020-05-04T03:02:01.1230000Z&quot;)" computerName="pkrvmxyh4eaekms" duration="00:00:00.0001560" startTime="2025-06-24T21:14:12.6577500+00:00" endTime="2025-06-24T21:14:12.6579055+00:00" testType="13cdc9d9-ddb5-4fa4-a97d-d965ccfc6d4b" outcome="Passed" testListId="8c84fa94-04c1-424b-9868-57a2d4851a1d" relativeResultsDirectory="5ad67f4d-4075-4567-a275-ff2cfc7f984d" />
    <UnitTestResult executionId="1f4302a4-2324-4aef-8e07-841bd50b0e48" testId="4a6df610-3011-254b-963a-e4ad1bd15d95" testName="ResetThenAppendPath(&quot;http://localhost&quot;,&quot;/path&quot;,&quot;http://localhost/path&quot;)" computerName="pkrvmxyh4eaekms" duration="00:00:00.0001010" startTime="2025-06-24T21:14:09.5635721+00:00" endTime="2025-06-24T21:14:09.5636733+00:00" testType="13cdc9d9-ddb5-4fa4-a97d-d965ccfc6d4b" outcome="Passed" testListId="8c84fa94-04c1-424b-9868-57a2d4851a1d" relativeResultsDirectory="1f4302a4-2324-4aef-8e07-841bd50b0e48" />
    <UnitTestResult executionId="9342c4d4-b668-4d5e-83b9-234337972f47" testId="dbd6e154-4890-dc88-e04d-c6cb4bd2c543" testName="RoundTripWithJsonInterfaceOfT(&quot;W&quot;)" computerName="pkrvmxyh4eaekms" duration="00:00:00.0009910" startTime="2025-06-24T21:14:06.4266471+00:00" endTime="2025-06-24T21:14:06.4276378+00:00" testType="13cdc9d9-ddb5-4fa4-a97d-d965ccfc6d4b" outcome="Passed" testListId="8c84fa94-04c1-424b-9868-57a2d4851a1d" relativeResultsDirectory="9342c4d4-b668-4d5e-83b9-234337972f47" />
    <UnitTestResult executionId="d0690f2c-81ea-4451-bdf6-c177f8d5fec8" testId="ed030d81-00c3-b759-cae4-3bed7cfacbb0" testName="TestBuildDeserializationMethod(Microsoft.TypeSpec.Generator.Input.InputUnionType,[&quot;string&quot;, &quot;double&quot;],[&quot;case global::System.Text.Json.JsonValueKind.String:&quot;, &quot;additionalProperties.Add(prop.Name, prop.Value.GetString());&quot;, &quot;case global::System.Text.Json.JsonValueKind.Number:&quot;, &quot;if (prop.Value.TryGetDouble(out double doubleValue))&quot;, &quot;additionalDoubleProperties.Add(prop.Name, doubleValue);&quot;])" computerName="pkrvmxyh4eaekms" duration="00:00:00.0030000" startTime="2025-06-24T21:14:09.9535906+00:00" endTime="2025-06-24T21:14:09.9565905+00:00" testType="13cdc9d9-ddb5-4fa4-a97d-d965ccfc6d4b" outcome="Passed" testListId="8c84fa94-04c1-424b-9868-57a2d4851a1d" relativeResultsDirectory="d0690f2c-81ea-4451-bdf6-c177f8d5fec8" />
    <UnitTestResult executionId="968e413b-b60a-4a85-8f0d-c946519ef579" testId="f5c6406b-ed87-33a2-ceec-3f178635429e" testName="ResetThenAppendQueryThenAppendPath(&quot;http://localhost&quot;,&quot;some&quot;,&quot;one|1&quot;,&quot;http://localhost/some?one=1&quot;)" computerName="pkrvmxyh4eaekms" duration="00:00:00.0003200" startTime="2025-06-24T21:14:09.5690836+00:00" endTime="2025-06-24T21:14:09.5694034+00:00" testType="13cdc9d9-ddb5-4fa4-a97d-d965ccfc6d4b" outcome="Passed" testListId="8c84fa94-04c1-424b-9868-57a2d4851a1d" relativeResultsDirectory="968e413b-b60a-4a85-8f0d-c946519ef579" />
    <UnitTestResult executionId="9d65b7ea-f0cc-470e-8b8e-c585adf0ca80" testId="111b5e1e-7a3c-26c3-bc4c-dbf7de7c53b2" testName="FormatsDatesAsString(&quot;R&quot;,05/04/2020 03:02:01 +01:00,&quot;Mon, 04 May 2020 02:02:01 GMT&quot;)" computerName="pkrvmxyh4eaekms" duration="00:00:00.0000280" startTime="2025-06-24T21:14:12.6584379+00:00" endTime="2025-06-24T21:14:12.6584656+00:00" testType="13cdc9d9-ddb5-4fa4-a97d-d965ccfc6d4b" outcome="Passed" testListId="8c84fa94-04c1-424b-9868-57a2d4851a1d" relativeResultsDirectory="9d65b7ea-f0cc-470e-8b8e-c585adf0ca80" />
    <UnitTestResult executionId="55af2a3a-6b94-4d8c-82c9-f67130439ed1" testId="950100c2-49ef-ba57-58d1-801e4f2eaf4a" testName="ValidateClientWithApiVersionPathParameter(Microsoft.TypeSpec.Generator.Input.InputClient)" computerName="pkrvmxyh4eaekms" duration="00:00:00.0008140" startTime="2025-06-24T21:14:12.5638124+00:00" endTime="2025-06-24T21:14:12.5646262+00:00" testType="13cdc9d9-ddb5-4fa4-a97d-d965ccfc6d4b" outcome="Passed" testListId="8c84fa94-04c1-424b-9868-57a2d4851a1d" relativeResultsDirectory="55af2a3a-6b94-4d8c-82c9-f67130439ed1" />
    <UnitTestResult executionId="aff444b2-98db-468b-8e1d-7a1c143ffe18" testId="ce3949f3-670a-6521-5519-457d098253df" testName="NextLinkInBodyAsync" computerName="pkrvmxyh4eaekms" duration="00:00:00.0025270" startTime="2025-06-24T21:14:09.6375332+00:00" endTime="2025-06-24T21:14:09.6400597+00:00" testType="13cdc9d9-ddb5-4fa4-a97d-d965ccfc6d4b" outcome="Passed" testListId="8c84fa94-04c1-424b-9868-57a2d4851a1d" relativeResultsDirectory="aff444b2-98db-468b-8e1d-7a1c143ffe18" />
    <UnitTestResult executionId="1217637d-631b-498b-8e2d-b8c8e18958ae" testId="0d123650-c101-9c90-42a1-fa59bbf35a9d" testName="AppendPathDelimited_IntArray(&quot;http://localhost&quot;,[4, 5],&quot;,&quot;,True,&quot;http://localhost/4%2C5&quot;)" computerName="pkrvmxyh4eaekms" duration="00:00:00.0009890" startTime="2025-06-24T21:14:09.5409700+00:00" endTime="2025-06-24T21:14:09.5419590+00:00" testType="13cdc9d9-ddb5-4fa4-a97d-d965ccfc6d4b" outcome="Passed" testListId="8c84fa94-04c1-424b-9868-57a2d4851a1d" relativeResultsDirectory="1217637d-631b-498b-8e2d-b8c8e18958ae" />
    <UnitTestResult executionId="816e0469-bbd8-41c9-b124-21a2448297ec" testId="24604567-4b6e-b992-6f71-b271977ed625" testName="RoundTripWithModelInterfaceNonGeneric(&quot;W&quot;)" computerName="pkrvmxyh4eaekms" duration="00:00:00.0009790" startTime="2025-06-24T21:14:06.4370165+00:00" endTime="2025-06-24T21:14:06.4379952+00:00" testType="13cdc9d9-ddb5-4fa4-a97d-d965ccfc6d4b" outcome="Passed" testListId="8c84fa94-04c1-424b-9868-57a2d4851a1d" relativeResultsDirectory="816e0469-bbd8-41c9-b124-21a2448297ec" />
    <UnitTestResult executionId="095fc37e-dada-4c13-bc69-15cba3d178e2" testId="43212041-32f9-d8d5-a3c7-a7e60fccc4ff" testName="RoundTripWithModelInterfaceNonGeneric(&quot;W&quot;)" computerName="pkrvmxyh4eaekms" duration="00:00:00.0008540" startTime="2025-06-24T21:14:06.4136084+00:00" endTime="2025-06-24T21:14:06.4144622+00:00" testType="13cdc9d9-ddb5-4fa4-a97d-d965ccfc6d4b" outcome="Passed" testListId="8c84fa94-04c1-424b-9868-57a2d4851a1d" relativeResultsDirectory="095fc37e-dada-4c13-bc69-15cba3d178e2" />
    <UnitTestResult executionId="8d59ee1f-52a5-4a86-b955-a9ab538b11e6" testId="0205f87e-48c5-9939-4e7f-5d740be0ddd9" testName="AppendQuery_DateTimeOffset(&quot;http://localhost&quot;,&quot;6/30/1905 1:14:00 PM +00:00&quot;,&quot;O&quot;,True,&quot;http://localhost/?query=1905-06-30T13%3A14%3A00.0000000Z&quot;)" computerName="pkrvmxyh4eaekms" duration="00:00:00.0001230" startTime="2025-06-24T21:14:09.5541060+00:00" endTime="2025-06-24T21:14:09.5542285+00:00" testType="13cdc9d9-ddb5-4fa4-a97d-d965ccfc6d4b" outcome="Passed" testListId="8c84fa94-04c1-424b-9868-57a2d4851a1d" relativeResultsDirectory="8d59ee1f-52a5-4a86-b955-a9ab538b11e6" />
    <UnitTestResult executionId="2a4bc6d2-ef9a-4bb3-8aff-f63a7cdfef11" testId="3d064911-8ce4-9ebd-478b-8d7a42aeaa1a" testName="TestBuildAuthFields_WithAuth(System.Collections.Generic.List`1[Microsoft.TypeSpec.Generator.Input.InputParameter])" computerName="pkrvmxyh4eaekms" duration="00:00:00.0025630" startTime="2025-06-24T21:14:09.2447135+00:00" endTime="2025-06-24T21:14:09.2472765+00:00" testType="13cdc9d9-ddb5-4fa4-a97d-d965ccfc6d4b" outcome="Passed" testListId="8c84fa94-04c1-424b-9868-57a2d4851a1d" relativeResultsDirectory="2a4bc6d2-ef9a-4bb3-8aff-f63a7cdfef11" />
    <UnitTestResult executionId="1be4d1b6-35db-42dd-8815-b91520a4646f" testId="817877a9-fa92-ffe3-c0a5-a704f2eac076" testName="ResetThenAppendQueryThenAppendPath(&quot;http://localhost:12345&quot;,&quot;/some&quot;,&quot;one|1|two|2&quot;,&quot;http://localhost:12345/some?one=1&amp;two=2&quot;)" computerName="pkrvmxyh4eaekms" duration="00:00:00.0000820" startTime="2025-06-24T21:14:09.5705352+00:00" endTime="2025-06-24T21:14:09.5706173+00:00" testType="13cdc9d9-ddb5-4fa4-a97d-d965ccfc6d4b" outcome="Passed" testListId="8c84fa94-04c1-424b-9868-57a2d4851a1d" relativeResultsDirectory="1be4d1b6-35db-42dd-8815-b91520a4646f" />
    <UnitTestResult executionId="1e0e8ec3-29c0-4ea3-a4e7-b12a26f5f773" testId="b34d9c33-6985-e559-8358-fd1a34fee8fa" testName="DeserializeStruct" computerName="pkrvmxyh4eaekms" duration="00:00:00.0092520" startTime="2025-06-24T21:14:09.9824898+00:00" endTime="2025-06-24T21:14:09.9917413+00:00" testType="13cdc9d9-ddb5-4fa4-a97d-d965ccfc6d4b" outcome="Passed" testListId="8c84fa94-04c1-424b-9868-57a2d4851a1d" relativeResultsDirectory="1e0e8ec3-29c0-4ea3-a4e7-b12a26f5f773" />
    <UnitTestResult executionId="7956698d-dd55-458c-9738-07f63bf548a8" testId="6f6088c3-76ba-6609-04be-35e965dd0076" testName="TestBuildConstructors_ForSubClient_KeyAuthOrOAuth2Auth()" computerName="pkrvmxyh4eaekms" duration="00:00:00.0051710" startTime="2025-06-24T21:14:09.2930410+00:00" endTime="2025-06-24T21:14:09.2982117+00:00" testType="13cdc9d9-ddb5-4fa4-a97d-d965ccfc6d4b" outcome="Passed" testListId="8c84fa94-04c1-424b-9868-57a2d4851a1d" relativeResultsDirectory="7956698d-dd55-458c-9738-07f63bf548a8" />
    <UnitTestResult executionId="1d50851d-3a6d-4ad4-8735-5dd5d62320db" testId="d8ad1cdb-36bd-5582-339d-c6f09eed2cdb" testName="TestBuildJsonModelWriteCoreMethod(True)" computerName="pkrvmxyh4eaekms" duration="00:00:00.0022930" startTime="2025-06-24T21:14:10.9922121+00:00" endTime="2025-06-24T21:14:10.9945048+00:00" testType="13cdc9d9-ddb5-4fa4-a97d-d965ccfc6d4b" outcome="Passed" testListId="8c84fa94-04c1-424b-9868-57a2d4851a1d" relativeResultsDirectory="1d50851d-3a6d-4ad4-8735-5dd5d62320db" />
    <UnitTestResult executionId="ce608148-4eaf-4630-9ab4-ca050b553a59" testId="9a526fb5-6d12-25be-93bf-dc2ad9ad84ce" testName="RoundTripWithModelInterface(&quot;J&quot;)" computerName="pkrvmxyh4eaekms" duration="00:00:00.0013280" startTime="2025-06-24T21:14:06.4074398+00:00" endTime="2025-06-24T21:14:06.4087680+00:00" testType="13cdc9d9-ddb5-4fa4-a97d-d965ccfc6d4b" outcome="Passed" testListId="8c84fa94-04c1-424b-9868-57a2d4851a1d" relativeResultsDirectory="ce608148-4eaf-4630-9ab4-ca050b553a59" />
    <UnitTestResult executionId="93d093ab-b1b8-4364-8afb-9c7ee3fd2361" testId="143dbbf3-4ec0-9d69-c413-541c8867be95" testName="RoundTripWithJsonInterfaceOfT(&quot;W&quot;)" computerName="pkrvmxyh4eaekms" duration="00:00:00.0008240" startTime="2025-06-24T21:14:06.3995754+00:00" endTime="2025-06-24T21:14:06.4003992+00:00" testType="13cdc9d9-ddb5-4fa4-a97d-d965ccfc6d4b" outcome="Passed" testListId="8c84fa94-04c1-424b-9868-57a2d4851a1d" relativeResultsDirectory="93d093ab-b1b8-4364-8afb-9c7ee3fd2361" />
    <UnitTestResult executionId="2ec537c3-5f82-433a-bfd2-640b40f615d4" testId="68e80c0c-f8a6-c330-8b45-4fc007f5212d" testName="TestIntDeserializeExpression(System.Int32,Int_String)" computerName="pkrvmxyh4eaekms" duration="00:00:00.0004240" startTime="2025-06-24T21:14:11.0285240+00:00" endTime="2025-06-24T21:14:11.0289478+00:00" testType="13cdc9d9-ddb5-4fa4-a97d-d965ccfc6d4b" outcome="Passed" testListId="8c84fa94-04c1-424b-9868-57a2d4851a1d" relativeResultsDirectory="2ec537c3-5f82-433a-bfd2-640b40f615d4" />
    <UnitTestResult executionId="a868b4f6-9265-4b98-ab46-bf08d7ccccbc" testId="f74fbe00-0c7a-711f-33e0-1688ffdc8c23" testName="TestBuildAuthFields_WithSubClients_WithAuth(Microsoft.TypeSpec.Generator.Input.InputClient)" computerName="pkrvmxyh4eaekms" duration="00:00:00.0017780" startTime="2025-06-24T21:14:09.2738677+00:00" endTime="2025-06-24T21:14:09.2756455+00:00" testType="13cdc9d9-ddb5-4fa4-a97d-d965ccfc6d4b" outcome="Passed" testListId="8c84fa94-04c1-424b-9868-57a2d4851a1d" relativeResultsDirectory="a868b4f6-9265-4b98-ab46-bf08d7ccccbc" />
    <UnitTestResult executionId="a4601e17-98f4-4fbc-972c-a20d0356144d" testId="ea6625c3-c544-3a8a-f630-52d307e1360c" testName="AppendPath_Double(&quot;http://localhost&quot;,-3.14d,True,&quot;http://localhost/-3.14&quot;)" computerName="pkrvmxyh4eaekms" duration="00:00:00.0000780" startTime="2025-06-24T21:14:09.5356422+00:00" endTime="2025-06-24T21:14:09.5357196+00:00" testType="13cdc9d9-ddb5-4fa4-a97d-d965ccfc6d4b" outcome="Passed" testListId="8c84fa94-04c1-424b-9868-57a2d4851a1d" relativeResultsDirectory="a4601e17-98f4-4fbc-972c-a20d0356144d" />
    <UnitTestResult executionId="85d2c607-56c1-4eea-a13e-afd1248b6364" testId="78a6b582-b368-300f-7454-3b6c6e2452ac" testName="ValidateToEnumMethodsExtensible(Microsoft.TypeSpec.Generator.Input.InputEnumType)" computerName="pkrvmxyh4eaekms" duration="00:00:00.0031070" startTime="2025-06-24T21:14:09.7609916+00:00" endTime="2025-06-24T21:14:09.7640987+00:00" testType="13cdc9d9-ddb5-4fa4-a97d-d965ccfc6d4b" outcome="Passed" testListId="8c84fa94-04c1-424b-9868-57a2d4851a1d" relativeResultsDirectory="85d2c607-56c1-4eea-a13e-afd1248b6364" />
    <UnitTestResult executionId="e2093da1-6997-44e6-ae3e-bfc4b2c33d23" testId="562cb9c9-66ef-e89a-acef-55d92b06fb0a" testName="BinaryContentHelperMethodsUseCorrectReturnType" computerName="pkrvmxyh4eaekms" duration="00:00:00.0158540" startTime="2025-06-24T21:14:06.5117562+00:00" endTime="2025-06-24T21:14:06.5276096+00:00" testType="13cdc9d9-ddb5-4fa4-a97d-d965ccfc6d4b" outcome="Passed" testListId="8c84fa94-04c1-424b-9868-57a2d4851a1d" relativeResultsDirectory="e2093da1-6997-44e6-ae3e-bfc4b2c33d23" />
    <UnitTestResult executionId="c84dd3ec-943b-4283-a1d5-345bd5f183a8" testId="c8d027c8-5f36-2b46-5bad-f085954c1e99" testName="ResetThenAppendPath(&quot;http://localhost:12345&quot;,&quot;/path/&quot;,&quot;http://localhost:12345/path/&quot;)" computerName="pkrvmxyh4eaekms" duration="00:00:00.0000920" startTime="2025-06-24T21:14:09.5646630+00:00" endTime="2025-06-24T21:14:09.5647552+00:00" testType="13cdc9d9-ddb5-4fa4-a97d-d965ccfc6d4b" outcome="Passed" testListId="8c84fa94-04c1-424b-9868-57a2d4851a1d" relativeResultsDirectory="c84dd3ec-943b-4283-a1d5-345bd5f183a8" />
    <UnitTestResult executionId="a34fa01d-36d5-44a9-9a3b-81988a064f9a" testId="7adc7ac4-fa4e-60ca-0d47-9278641414cf" testName="ValidateConvertToString(null,3.14f,&quot;3.14&quot;)" computerName="pkrvmxyh4eaekms" duration="00:00:00.0000960" startTime="2025-06-24T21:14:12.6623718+00:00" endTime="2025-06-24T21:14:12.6624675+00:00" testType="13cdc9d9-ddb5-4fa4-a97d-d965ccfc6d4b" outcome="Passed" testListId="8c84fa94-04c1-424b-9868-57a2d4851a1d" relativeResultsDirectory="a34fa01d-36d5-44a9-9a3b-81988a064f9a" />
    <UnitTestResult executionId="af55d704-5957-4dce-97dd-3ed04e1fff9e" testId="4a9e2f05-a37c-7177-de3c-274a8bc286bb" testName="ValidateIsLastNamespaceSegmentTheSame(&quot;Foo&quot;,&quot;.Foo&quot;)" computerName="pkrvmxyh4eaekms" duration="00:00:00.0008910" startTime="2025-06-24T21:14:09.4275710+00:00" endTime="2025-06-24T21:14:09.4284615+00:00" testType="13cdc9d9-ddb5-4fa4-a97d-d965ccfc6d4b" outcome="Passed" testListId="8c84fa94-04c1-424b-9868-57a2d4851a1d" relativeResultsDirectory="af55d704-5957-4dce-97dd-3ed04e1fff9e" />
    <UnitTestResult executionId="d702e2b8-ab8a-48ab-a472-4d11f7b40071" testId="c30fd0f6-fea3-ec09-1d9a-dcf32faec467" testName="ResetThenAppendQuery(&quot;http://localhost:12345/some/&quot;,&quot;one|1&quot;,&quot;http://localhost:12345/some/?one=1&quot;)" computerName="pkrvmxyh4eaekms" duration="00:00:00.0000870" startTime="2025-06-24T21:14:09.5680740+00:00" endTime="2025-06-24T21:14:09.5681608+00:00" testType="13cdc9d9-ddb5-4fa4-a97d-d965ccfc6d4b" outcome="Passed" testListId="8c84fa94-04c1-424b-9868-57a2d4851a1d" relativeResultsDirectory="d702e2b8-ab8a-48ab-a472-4d11f7b40071" />
    <UnitTestResult executionId="a6215a66-7dc9-4b87-bcc2-a4521a61108b" testId="34a566dd-f86c-555d-eb99-e99229f28977" testName="ResetThenAppendPath(&quot;http://localhost/with/&quot;,&quot;/path&quot;,&quot;http://localhost/with/path&quot;)" computerName="pkrvmxyh4eaekms" duration="00:00:00.0001020" startTime="2025-06-24T21:14:09.5640913+00:00" endTime="2025-06-24T21:14:09.5641929+00:00" testType="13cdc9d9-ddb5-4fa4-a97d-d965ccfc6d4b" outcome="Passed" testListId="8c84fa94-04c1-424b-9868-57a2d4851a1d" relativeResultsDirectory="a6215a66-7dc9-4b87-bcc2-a4521a61108b" />
    <UnitTestResult executionId="cba59459-12c8-4c27-b0d4-67937e3b84c1" testId="165bb218-c429-9fa2-af30-547e3f724514" testName="AppendQuery_DateTimeOffset(&quot;http://localhost&quot;,&quot;6/30/1905 1:14:00 PM +00:00&quot;,&quot;D&quot;,False,&quot;http://localhost/?query=1905-06-30&quot;)" computerName="pkrvmxyh4eaekms" duration="00:00:00.0000720" startTime="2025-06-24T21:14:09.5544830+00:00" endTime="2025-06-24T21:14:09.5545554+00:00" testType="13cdc9d9-ddb5-4fa4-a97d-d965ccfc6d4b" outcome="Passed" testListId="8c84fa94-04c1-424b-9868-57a2d4851a1d" relativeResultsDirectory="cba59459-12c8-4c27-b0d4-67937e3b84c1" />
    <UnitTestResult executionId="abd26636-99fe-4fac-a846-24ae5e853763" testId="5c12f93f-3c59-134e-f070-61c48d0d89a9" testName="NextLinkInBodyMultipleClients" computerName="pkrvmxyh4eaekms" duration="00:00:00.0033230" startTime="2025-06-24T21:14:09.6400889+00:00" endTime="2025-06-24T21:14:09.6434123+00:00" testType="13cdc9d9-ddb5-4fa4-a97d-d965ccfc6d4b" outcome="Passed" testListId="8c84fa94-04c1-424b-9868-57a2d4851a1d" relativeResultsDirectory="abd26636-99fe-4fac-a846-24ae5e853763" />
    <UnitTestResult executionId="9d501426-2981-4bc3-8f31-e8e023932f8a" testId="a2ae843a-92ec-37be-0383-b7c0f9e18238" testName="DiscriminatorDeserializationUsesCorrectDiscriminatorPropName" computerName="pkrvmxyh4eaekms" duration="00:00:00.0027980" startTime="2025-06-24T21:14:10.0156133+00:00" endTime="2025-06-24T21:14:10.0184112+00:00" testType="13cdc9d9-ddb5-4fa4-a97d-d965ccfc6d4b" outcome="Passed" testListId="8c84fa94-04c1-424b-9868-57a2d4851a1d" relativeResultsDirectory="9d501426-2981-4bc3-8f31-e8e023932f8a" />
    <UnitTestResult executionId="3a041540-7dd7-4c34-acdb-1c23cb01cdd4" testId="01dea6c4-7d7e-b6c3-7af5-444e0351b58b" testName="ResetThenAppendPath(&quot;http://localhost:12345/&quot;,null,&quot;http://localhost:12345/&quot;)" computerName="pkrvmxyh4eaekms" duration="00:00:00.0001370" startTime="2025-06-24T21:14:09.5620385+00:00" endTime="2025-06-24T21:14:09.5621759+00:00" testType="13cdc9d9-ddb5-4fa4-a97d-d965ccfc6d4b" outcome="Passed" testListId="8c84fa94-04c1-424b-9868-57a2d4851a1d" relativeResultsDirectory="3a041540-7dd7-4c34-acdb-1c23cb01cdd4" />
    <UnitTestResult executionId="60d783d3-3ec4-4939-b8f0-0e881bb631c7" testId="4afc0fd1-72b0-e89b-9d2b-d3711e834ed8" testName="FormatsDatesAsString(&quot;O&quot;,12/31/9999 23:59:59 +01:00,&quot;9999-12-31T22:59:59.9999999Z&quot;)" computerName="pkrvmxyh4eaekms" duration="00:00:00.0000320" startTime="2025-06-24T21:14:12.6582285+00:00" endTime="2025-06-24T21:14:12.6582607+00:00" testType="13cdc9d9-ddb5-4fa4-a97d-d965ccfc6d4b" outcome="Passed" testListId="8c84fa94-04c1-424b-9868-57a2d4851a1d" relativeResultsDirectory="60d783d3-3ec4-4939-b8f0-0e881bb631c7" />
    <UnitTestResult executionId="c51591fc-fba7-4b63-96c1-d7257ad44e62" testId="62df222b-b5ff-5932-f094-7397c0131b87" testName="EndpointAppliedInCreateMethodRequest(&quot;https://{hostName}&quot;,&quot;hostName&quot;)" computerName="pkrvmxyh4eaekms" duration="00:00:00.0019660" startTime="2025-06-24T21:14:09.1514035+00:00" endTime="2025-06-24T21:14:09.1533687+00:00" testType="13cdc9d9-ddb5-4fa4-a97d-d965ccfc6d4b" outcome="Passed" testListId="8c84fa94-04c1-424b-9868-57a2d4851a1d" relativeResultsDirectory="c51591fc-fba7-4b63-96c1-d7257ad44e62" />
    <UnitTestResult executionId="dccdbe46-d86d-489c-872a-bb2f6ef77f23" testId="a9f8356a-b05d-d726-c42f-217cf41a7b02" testName="ValidateConvertToString(&quot;o&quot;,05/04/2020 03:02:01 +00:00,&quot;2020-05-04T03:02:01.1230000Z&quot;)" computerName="pkrvmxyh4eaekms" duration="00:00:00.0000749" startTime="2025-06-24T21:14:12.6635091+00:00" endTime="2025-06-24T21:14:12.6635841+00:00" testType="13cdc9d9-ddb5-4fa4-a97d-d965ccfc6d4b" outcome="Passed" testListId="8c84fa94-04c1-424b-9868-57a2d4851a1d" relativeResultsDirectory="dccdbe46-d86d-489c-872a-bb2f6ef77f23" />
    <UnitTestResult executionId="0adb055c-9b5e-4ed2-8f94-0fd08ecb3aaf" testId="26fe1055-2113-22c2-6ca3-f104b331390f" testName="RoundTripWithModelReaderWriter(&quot;W&quot;)" computerName="pkrvmxyh4eaekms" duration="00:00:00.0005990" startTime="2025-06-24T21:14:06.2267514+00:00" endTime="2025-06-24T21:14:06.2273501+00:00" testType="13cdc9d9-ddb5-4fa4-a97d-d965ccfc6d4b" outcome="Passed" testListId="8c84fa94-04c1-424b-9868-57a2d4851a1d" relativeResultsDirectory="0adb055c-9b5e-4ed2-8f94-0fd08ecb3aaf" />
    <UnitTestResult executionId="a90ab5c2-0ad9-42ec-b277-fc89729d05ea" testId="09854cc2-76f8-2d6b-de4c-13f7bc0e444c" testName="AppendPath_TimeSpan(&quot;http://localhost&quot;,&quot;02:15:00&quot;,null,True,&quot;http://localhost/PT2H15M&quot;)" computerName="pkrvmxyh4eaekms" duration="00:00:00.0000680" startTime="2025-06-24T21:14:09.5406655+00:00" endTime="2025-06-24T21:14:09.5407334+00:00" testType="13cdc9d9-ddb5-4fa4-a97d-d965ccfc6d4b" outcome="Passed" testListId="8c84fa94-04c1-424b-9868-57a2d4851a1d" relativeResultsDirectory="a90ab5c2-0ad9-42ec-b277-fc89729d05ea" />
    <UnitTestResult executionId="3955f2cb-c222-4be9-aa8a-e6bd8b22aace" testId="f21b19d3-41c0-235a-f7d9-88c615b2e912" testName="AppendQueryDelimited(&quot;http://localhost&quot;,[&quot;hello&quot;, &quot;world&quot;],&quot;|&quot;,False,&quot;http://localhost/?query=hello|world&quot;)" computerName="pkrvmxyh4eaekms" duration="00:00:00.0000550" startTime="2025-06-24T21:14:09.5611021+00:00" endTime="2025-06-24T21:14:09.5611569+00:00" testType="13cdc9d9-ddb5-4fa4-a97d-d965ccfc6d4b" outcome="Passed" testListId="8c84fa94-04c1-424b-9868-57a2d4851a1d" relativeResultsDirectory="3955f2cb-c222-4be9-aa8a-e6bd8b22aace" />
    <UnitTestResult executionId="519cf3ae-75da-490c-a9d5-d1427b04122d" testId="9adbf83d-961f-c409-ce42-1f948f6bfb91" testName="ResetThenAppendPathThenAppendQuery(&quot;http://localhost:12345&quot;,&quot;/some&quot;,&quot;one|1&quot;,&quot;http://localhost:12345/some?one=1&quot;)" computerName="pkrvmxyh4eaekms" duration="00:00:00.0000660" startTime="2025-06-24T21:14:09.5661901+00:00" endTime="2025-06-24T21:14:09.5662557+00:00" testType="13cdc9d9-ddb5-4fa4-a97d-d965ccfc6d4b" outcome="Passed" testListId="8c84fa94-04c1-424b-9868-57a2d4851a1d" relativeResultsDirectory="519cf3ae-75da-490c-a9d5-d1427b04122d" />
    <UnitTestResult executionId="5af6734d-33d1-4f07-bd99-bcad7f3bd19b" testId="54b2cfa1-7269-c0b2-f15e-9f5e8fbe61d5" testName="CanAddMultipleMethods" computerName="pkrvmxyh4eaekms" duration="00:00:00.0932200" startTime="2025-06-24T21:14:08.4443441+00:00" endTime="2025-06-24T21:14:08.5375632+00:00" testType="13cdc9d9-ddb5-4fa4-a97d-d965ccfc6d4b" outcome="Passed" testListId="8c84fa94-04c1-424b-9868-57a2d4851a1d" relativeResultsDirectory="5af6734d-33d1-4f07-bd99-bcad7f3bd19b" />
    <UnitTestResult executionId="2ee4d99b-6244-441e-a771-8f620cf8929b" testId="955cd9c5-d10e-23d7-8d60-ef62fae1fbcc" testName="TestBuildFields(System.Collections.Generic.List`1[Microsoft.TypeSpec.Generator.Input.InputParameter],System.Collections.Generic.List`1[Microsoft.TypeSpec.Generator.ClientModel.Tests.Providers.ClientProviders.ClientProviderTests+ExpectedFieldProvider])" computerName="pkrvmxyh4eaekms" duration="00:00:00.0012410" startTime="2025-06-24T21:14:09.3363652+00:00" endTime="2025-06-24T21:14:09.3376056+00:00" testType="13cdc9d9-ddb5-4fa4-a97d-d965ccfc6d4b" outcome="Passed" testListId="8c84fa94-04c1-424b-9868-57a2d4851a1d" relativeResultsDirectory="2ee4d99b-6244-441e-a771-8f620cf8929b" />
    <UnitTestResult executionId="af2431a8-ad38-4fca-bb2b-bf33f64b8e6c" testId="97ee7a8b-dbcc-21bb-9955-3f28e8302a4e" testName="AppendQuery_Float(&quot;http://localhost&quot;,-3.14f,True,&quot;http://localhost/?query=-3.14&quot;)" computerName="pkrvmxyh4eaekms" duration="00:00:00.0000600" startTime="2025-06-24T21:14:09.5564806+00:00" endTime="2025-06-24T21:14:09.5565408+00:00" testType="13cdc9d9-ddb5-4fa4-a97d-d965ccfc6d4b" outcome="Passed" testListId="8c84fa94-04c1-424b-9868-57a2d4851a1d" relativeResultsDirectory="af2431a8-ad38-4fca-bb2b-bf33f64b8e6c" />
    <UnitTestResult executionId="cce6b0ab-9141-473a-a692-c55f43b1d7ce" testId="7904d1b1-607e-2d6f-5674-db51ba40f01a" testName="EndpointFieldAssignedFromStringParameter(&quot;{endpoint}&quot;,&quot;endpoint&quot;)" computerName="pkrvmxyh4eaekms" duration="00:00:00.0087080" startTime="2025-06-24T21:14:09.1534331+00:00" endTime="2025-06-24T21:14:09.1621411+00:00" testType="13cdc9d9-ddb5-4fa4-a97d-d965ccfc6d4b" outcome="Passed" testListId="8c84fa94-04c1-424b-9868-57a2d4851a1d" relativeResultsDirectory="cce6b0ab-9141-473a-a692-c55f43b1d7ce" />
    <UnitTestResult executionId="e9a5834a-7ca1-4357-a9b5-9c1faa3fa693" testId="f8fa5101-dce2-8878-b5f1-c2cb03fb91ea" testName="AppendPath_TimeSpan(&quot;http://localhost&quot;,&quot;02:15:00&quot;,&quot;P&quot;,True,&quot;http://localhost/PT2H15M&quot;)" computerName="pkrvmxyh4eaekms" duration="00:00:00.0008250" startTime="2025-06-24T21:14:09.5395205+00:00" endTime="2025-06-24T21:14:09.5403449+00:00" testType="13cdc9d9-ddb5-4fa4-a97d-d965ccfc6d4b" outcome="Passed" testListId="8c84fa94-04c1-424b-9868-57a2d4851a1d" relativeResultsDirectory="e9a5834a-7ca1-4357-a9b5-9c1faa3fa693" />
    <UnitTestResult executionId="dcc2d651-acd1-4a14-bb25-6873688ae980" testId="e7a2272b-a298-7d90-48b8-d8225bf3cf86" testName="TestSubClientAccessorFactoryMethods(Microsoft.TypeSpec.Generator.Input.InputClient,True)" computerName="pkrvmxyh4eaekms" duration="00:00:00.0010360" startTime="2025-06-24T21:14:09.3970415+00:00" endTime="2025-06-24T21:14:09.3980769+00:00" testType="13cdc9d9-ddb5-4fa4-a97d-d965ccfc6d4b" outcome="Passed" testListId="8c84fa94-04c1-424b-9868-57a2d4851a1d" relativeResultsDirectory="dcc2d651-acd1-4a14-bb25-6873688ae980" />
    <UnitTestResult executionId="b06f85d2-288c-41c9-9eb6-a947a260d4aa" testId="4632f35e-f6ce-353f-c111-e86cb37923a9" testName="RequestOptionsOptionality(False,False,False)" computerName="pkrvmxyh4eaekms" duration="00:00:00.0011500" startTime="2025-06-24T21:14:12.6482620+00:00" endTime="2025-06-24T21:14:12.6494119+00:00" testType="13cdc9d9-ddb5-4fa4-a97d-d965ccfc6d4b" outcome="Passed" testListId="8c84fa94-04c1-424b-9868-57a2d4851a1d" relativeResultsDirectory="b06f85d2-288c-41c9-9eb6-a947a260d4aa" />
    <UnitTestResult executionId="36bb3630-107e-44f5-be42-3985e512a757" testId="b5b58d28-edb9-724c-2a4f-03de57c0a826" testName="TestFields(True)" computerName="pkrvmxyh4eaekms" duration="00:00:00.0022160" startTime="2025-06-24T21:14:07.9835736+00:00" endTime="2025-06-24T21:14:07.9857896+00:00" testType="13cdc9d9-ddb5-4fa4-a97d-d965ccfc6d4b" outcome="Passed" testListId="8c84fa94-04c1-424b-9868-57a2d4851a1d" relativeResultsDirectory="36bb3630-107e-44f5-be42-3985e512a757" />
    <UnitTestResult executionId="0e90488e-494b-4ed9-886a-b9cfc8a93538" testId="e2f241f3-f0df-b14e-8775-9cc120b5a97a" testName="FormatsDatesAsString(&quot;O&quot;,05/04/2020 03:02:01 +01:00,&quot;2020-05-04T02:02:01.1230000Z&quot;)" computerName="pkrvmxyh4eaekms" duration="00:00:00.0002430" startTime="2025-06-24T21:14:12.6579206+00:00" endTime="2025-06-24T21:14:12.6581633+00:00" testType="13cdc9d9-ddb5-4fa4-a97d-d965ccfc6d4b" outcome="Passed" testListId="8c84fa94-04c1-424b-9868-57a2d4851a1d" relativeResultsDirectory="0e90488e-494b-4ed9-886a-b9cfc8a93538" />
    <UnitTestResult executionId="ceaa3f4e-6f88-4772-b490-1af870077885" testId="77145dec-6351-dad6-568e-bc45646b61eb" testName="TestFields(False)" computerName="pkrvmxyh4eaekms" duration="00:00:00.0018110" startTime="2025-06-24T21:14:07.9858167+00:00" endTime="2025-06-24T21:14:07.9876279+00:00" testType="13cdc9d9-ddb5-4fa4-a97d-d965ccfc6d4b" outcome="Passed" testListId="8c84fa94-04c1-424b-9868-57a2d4851a1d" relativeResultsDirectory="ceaa3f4e-6f88-4772-b490-1af870077885" />
    <UnitTestResult executionId="29ef7f51-c1ff-4e1f-86d6-88f62bbb5c42" testId="7456fb2c-8b28-44ae-c1dd-c8e91814e107" testName="AppendQuery_Int(&quot;http://localhost&quot;,-299792458,True,&quot;http://localhost/?query=-299792458&quot;)" computerName="pkrvmxyh4eaekms" duration="00:00:00.0000590" startTime="2025-06-24T21:14:09.5578416+00:00" endTime="2025-06-24T21:14:09.5579004+00:00" testType="13cdc9d9-ddb5-4fa4-a97d-d965ccfc6d4b" outcome="Passed" testListId="8c84fa94-04c1-424b-9868-57a2d4851a1d" relativeResultsDirectory="29ef7f51-c1ff-4e1f-86d6-88f62bbb5c42" />
    <UnitTestResult executionId="19549b02-7ae5-4318-94a9-2e23fb0fe5db" testId="0d6f690b-9d82-1f59-cc79-11a0ccc735ef" testName="AppendPath_Double(&quot;http://localhost&quot;,3.14d,False,&quot;http://localhost/3.14&quot;)" computerName="pkrvmxyh4eaekms" duration="00:00:00.0004290" startTime="2025-06-24T21:14:09.5351989+00:00" endTime="2025-06-24T21:14:09.5356277+00:00" testType="13cdc9d9-ddb5-4fa4-a97d-d965ccfc6d4b" outcome="Passed" testListId="8c84fa94-04c1-424b-9868-57a2d4851a1d" relativeResultsDirectory="19549b02-7ae5-4318-94a9-2e23fb0fe5db" />
    <UnitTestResult executionId="6cbae769-34da-4f64-8c1a-f3ceffa385ee" testId="3ea572d0-8081-c04d-1c5e-07d3f0bdce4f" testName="TestNonBodyRequestParametersInBodyWriterDiff(Microsoft.TypeSpec.Generator.Input.InputBasicServiceMethod)" computerName="pkrvmxyh4eaekms" duration="00:00:00.0037570" startTime="2025-06-24T21:14:09.3656171+00:00" endTime="2025-06-24T21:14:09.3693738+00:00" testType="13cdc9d9-ddb5-4fa4-a97d-d965ccfc6d4b" outcome="Passed" testListId="8c84fa94-04c1-424b-9868-57a2d4851a1d" relativeResultsDirectory="6cbae769-34da-4f64-8c1a-f3ceffa385ee" />
    <UnitTestResult executionId="976d6e9a-2830-4745-a06e-82024ee74caf" testId="c7289480-094d-12d9-bb0b-c491f0334fd8" testName="RoundTripWithJsonInterfaceUtf8Reader(&quot;J&quot;)" computerName="pkrvmxyh4eaekms" duration="00:00:00.0013029" startTime="2025-06-24T21:14:06.4276952+00:00" endTime="2025-06-24T21:14:06.4289981+00:00" testType="13cdc9d9-ddb5-4fa4-a97d-d965ccfc6d4b" outcome="Passed" testListId="8c84fa94-04c1-424b-9868-57a2d4851a1d" relativeResultsDirectory="976d6e9a-2830-4745-a06e-82024ee74caf" />
    <UnitTestResult executionId="cee3d44f-4ce3-4656-bffe-838d062ded2b" testId="578ae397-2c20-daa9-2874-a228a4ade716" testName="TestIntSerializationStatement(Int8,null)" computerName="pkrvmxyh4eaekms" duration="00:00:00.0013540" startTime="2025-06-24T21:14:11.0480182+00:00" endTime="2025-06-24T21:14:11.0493722+00:00" testType="13cdc9d9-ddb5-4fa4-a97d-d965ccfc6d4b" outcome="Passed" testListId="8c84fa94-04c1-424b-9868-57a2d4851a1d" relativeResultsDirectory="cee3d44f-4ce3-4656-bffe-838d062ded2b" />
    <UnitTestResult executionId="fc1a6d2f-ab45-4679-92f7-2efde91d95c5" testId="504d157b-de35-9b35-c183-0b5933d7e04d" testName="RoundTripWithJsonInterfaceOfT(&quot;J&quot;)" computerName="pkrvmxyh4eaekms" duration="00:00:00.0008470" startTime="2025-06-24T21:14:06.4257709+00:00" endTime="2025-06-24T21:14:06.4266181+00:00" testType="13cdc9d9-ddb5-4fa4-a97d-d965ccfc6d4b" outcome="Passed" testListId="8c84fa94-04c1-424b-9868-57a2d4851a1d" relativeResultsDirectory="fc1a6d2f-ab45-4679-92f7-2efde91d95c5" />
    <UnitTestResult executionId="2ef12636-413a-43a1-91af-c2a712e47fb7" testId="6d6f828d-b4a8-fddd-d901-abc5c021fa4d" testName="RoundTripWithModelInterface(&quot;W&quot;)" computerName="pkrvmxyh4eaekms" duration="00:00:00.0015470" startTime="2025-06-24T21:14:06.3792308+00:00" endTime="2025-06-24T21:14:06.3807772+00:00" testType="13cdc9d9-ddb5-4fa4-a97d-d965ccfc6d4b" outcome="Passed" testListId="8c84fa94-04c1-424b-9868-57a2d4851a1d" relativeResultsDirectory="2ef12636-413a-43a1-91af-c2a712e47fb7" />
    <UnitTestResult executionId="0a05c5f4-ab54-4fbc-90fb-35d2522a0cfe" testId="762352be-2e5f-00ff-3b2e-3e465a79cd39" testName="ResetThenAppendPath(&quot;http://localhost:12345&quot;,&quot;path&quot;,&quot;http://localhost:12345/path&quot;)" computerName="pkrvmxyh4eaekms" duration="00:00:00.0000920" startTime="2025-06-24T21:14:09.5628400+00:00" endTime="2025-06-24T21:14:09.5629317+00:00" testType="13cdc9d9-ddb5-4fa4-a97d-d965ccfc6d4b" outcome="Passed" testListId="8c84fa94-04c1-424b-9868-57a2d4851a1d" relativeResultsDirectory="0a05c5f4-ab54-4fbc-90fb-35d2522a0cfe" />
    <UnitTestResult executionId="a0927b32-e329-47c6-807b-6241d8cd85b5" testId="f79af24c-28c2-7172-44e7-a79f11dabe70" testName="RoundTripWithJsonInterfaceUtf8Reader(&quot;J&quot;)" computerName="pkrvmxyh4eaekms" duration="00:00:00.0015050" startTime="2025-06-24T21:14:06.2021720+00:00" endTime="2025-06-24T21:14:06.2036765+00:00" testType="13cdc9d9-ddb5-4fa4-a97d-d965ccfc6d4b" outcome="Passed" testListId="8c84fa94-04c1-424b-9868-57a2d4851a1d" relativeResultsDirectory="a0927b32-e329-47c6-807b-6241d8cd85b5" />
    <UnitTestResult executionId="d0ed5355-319b-4043-a357-45fb478c8c69" testId="afbfe3bb-182e-d88f-133e-7ef3fc63c181" testName="RoundTripWithModelInterface(&quot;J&quot;)" computerName="pkrvmxyh4eaekms" duration="00:00:00.0057040" startTime="2025-06-24T21:14:06.2141828+00:00" endTime="2025-06-24T21:14:06.2198870+00:00" testType="13cdc9d9-ddb5-4fa4-a97d-d965ccfc6d4b" outcome="Passed" testListId="8c84fa94-04c1-424b-9868-57a2d4851a1d" relativeResultsDirectory="d0ed5355-319b-4043-a357-45fb478c8c69" />
    <UnitTestResult executionId="80e2b813-6454-4538-87b1-1bdba4621079" testId="ab54bdd7-dd50-11cb-626a-bab70cc89d7f" testName="ListMethodWithEnumParameter(False,Header)" computerName="pkrvmxyh4eaekms" duration="00:00:00.0024430" startTime="2025-06-24T21:14:12.5978542+00:00" endTime="2025-06-24T21:14:12.6002968+00:00" testType="13cdc9d9-ddb5-4fa4-a97d-d965ccfc6d4b" outcome="Passed" testListId="8c84fa94-04c1-424b-9868-57a2d4851a1d" relativeResultsDirectory="80e2b813-6454-4538-87b1-1bdba4621079" />
    <UnitTestResult executionId="3eda4754-ae66-4516-97dc-090ee3645757" testId="39e35865-e3f4-9b43-7ff7-c975e099bc0c" testName="BuildPersistableModelCreateMethodObjectDeclaration" computerName="pkrvmxyh4eaekms" duration="00:00:00.0044880" startTime="2025-06-24T21:14:10.9547766+00:00" endTime="2025-06-24T21:14:10.9592639+00:00" testType="13cdc9d9-ddb5-4fa4-a97d-d965ccfc6d4b" outcome="Passed" testListId="8c84fa94-04c1-424b-9868-57a2d4851a1d" relativeResultsDirectory="3eda4754-ae66-4516-97dc-090ee3645757" />
    <UnitTestResult executionId="48520477-210f-4b33-b110-b89425f2e8a6" testId="e133adb7-5032-7457-3f42-f37dc0456f83" testName="CanReplaceDeserializationMethod" computerName="pkrvmxyh4eaekms" duration="00:00:00.0955059" startTime="2025-06-24T21:14:12.1656323+00:00" endTime="2025-06-24T21:14:12.2611380+00:00" testType="13cdc9d9-ddb5-4fa4-a97d-d965ccfc6d4b" outcome="Passed" testListId="8c84fa94-04c1-424b-9868-57a2d4851a1d" relativeResultsDirectory="48520477-210f-4b33-b110-b89425f2e8a6" />
    <UnitTestResult executionId="b679f804-2903-4ce0-bfc4-7b2c86159db1" testId="d7fa095d-def8-4b4f-a71c-95d92cb9d97c" testName="BinaryDataAdditionalProperties" computerName="pkrvmxyh4eaekms" duration="00:00:00.0019810" startTime="2025-06-24T21:14:10.0462020+00:00" endTime="2025-06-24T21:14:10.0481831+00:00" testType="13cdc9d9-ddb5-4fa4-a97d-d965ccfc6d4b" outcome="Passed" testListId="8c84fa94-04c1-424b-9868-57a2d4851a1d" relativeResultsDirectory="b679f804-2903-4ce0-bfc4-7b2c86159db1" />
    <UnitTestResult executionId="e4fe46c1-e938-47fd-9a15-cae2c7e48db2" testId="860fe6c6-f4cf-3612-5ed7-a9bea3b42189" testName="TestBuildPersistableModelCreateCoreMethod_DerivedType" computerName="pkrvmxyh4eaekms" duration="00:00:00.0030180" startTime="2025-06-24T21:14:11.0657064+00:00" endTime="2025-06-24T21:14:11.0687243+00:00" testType="13cdc9d9-ddb5-4fa4-a97d-d965ccfc6d4b" outcome="Passed" testListId="8c84fa94-04c1-424b-9868-57a2d4851a1d" relativeResultsDirectory="e4fe46c1-e938-47fd-9a15-cae2c7e48db2" />
    <UnitTestResult executionId="bf200c4d-efd6-4f90-9bd0-e4f6e10efc2b" testId="77bc6e3f-5d9f-dd2e-7e9a-08f79f19bcfe" testName="TestIntSerializationStatement(SafeInt,&quot;string&quot;)" computerName="pkrvmxyh4eaekms" duration="00:00:00.0014490" startTime="2025-06-24T21:14:11.0436994+00:00" endTime="2025-06-24T21:14:11.0451483+00:00" testType="13cdc9d9-ddb5-4fa4-a97d-d965ccfc6d4b" outcome="Passed" testListId="8c84fa94-04c1-424b-9868-57a2d4851a1d" relativeResultsDirectory="bf200c4d-efd6-4f90-9bd0-e4f6e10efc2b" />
    <UnitTestResult executionId="8b82438c-b14e-4008-8076-abe6d3510ced" testId="b7cb028a-5759-3a16-c636-c03c5b445e0f" testName="AppendPath_Bool(&quot;http://localhost&quot;,True,False,&quot;http://localhost/true&quot;)" computerName="pkrvmxyh4eaekms" duration="00:00:00.0004230" startTime="2025-06-24T21:14:09.5287738+00:00" endTime="2025-06-24T21:14:09.5291964+00:00" testType="13cdc9d9-ddb5-4fa4-a97d-d965ccfc6d4b" outcome="Passed" testListId="8c84fa94-04c1-424b-9868-57a2d4851a1d" relativeResultsDirectory="8b82438c-b14e-4008-8076-abe6d3510ced" />
    <UnitTestResult executionId="accf79d1-8b41-4e77-82e2-caeccabda02f" testId="7145ae4b-bd9d-ce63-a02e-8ebc01b346f9" testName="CanCustomizeSerializationMethod" computerName="pkrvmxyh4eaekms" duration="00:00:00.0804570" startTime="2025-06-24T21:14:11.9519632+00:00" endTime="2025-06-24T21:14:12.0324202+00:00" testType="13cdc9d9-ddb5-4fa4-a97d-d965ccfc6d4b" outcome="Passed" testListId="8c84fa94-04c1-424b-9868-57a2d4851a1d" relativeResultsDirectory="accf79d1-8b41-4e77-82e2-caeccabda02f" />
    <UnitTestResult executionId="b904324c-34cf-4fae-9ba9-06f40d048b81" testId="f5da3dc1-e02c-560c-2f2c-2214ac1c3c6d" testName="TestProperties(True)" computerName="pkrvmxyh4eaekms" duration="00:00:00.0028010" startTime="2025-06-24T21:14:07.9946732+00:00" endTime="2025-06-24T21:14:07.9974739+00:00" testType="13cdc9d9-ddb5-4fa4-a97d-d965ccfc6d4b" outcome="Passed" testListId="8c84fa94-04c1-424b-9868-57a2d4851a1d" relativeResultsDirectory="b904324c-34cf-4fae-9ba9-06f40d048b81" />
    <UnitTestResult executionId="8a2ec767-37b8-43cf-8ebc-4dd8cefab90e" testId="3eaab606-da98-cb80-86c4-76c1a49a2c30" testName="CanChangePropertyNameAndRedefineOriginal" computerName="pkrvmxyh4eaekms" duration="00:00:00.0712280" startTime="2025-06-24T21:14:11.3007337+00:00" endTime="2025-06-24T21:14:11.3719615+00:00" testType="13cdc9d9-ddb5-4fa4-a97d-d965ccfc6d4b" outcome="Passed" testListId="8c84fa94-04c1-424b-9868-57a2d4851a1d" relativeResultsDirectory="8a2ec767-37b8-43cf-8ebc-4dd8cefab90e" />
    <UnitTestResult executionId="ecbe3d7d-14b7-4c73-b885-aaba5881933d" testId="7886312e-fb95-47a1-a0a7-e5c487125c82" testName="CanSerializeCustomPropertyFromBase" computerName="pkrvmxyh4eaekms" duration="00:00:00.0803290" startTime="2025-06-24T21:14:10.8742273+00:00" endTime="2025-06-24T21:14:10.9545558+00:00" testType="13cdc9d9-ddb5-4fa4-a97d-d965ccfc6d4b" outcome="Passed" testListId="8c84fa94-04c1-424b-9868-57a2d4851a1d" relativeResultsDirectory="ecbe3d7d-14b7-4c73-b885-aaba5881933d" />
    <UnitTestResult executionId="ff5f7a6f-2f83-4e18-a200-02e4cc76027c" testId="86e3f85a-a891-efe2-3e19-1eec0a853048" testName="ResetThenAppendQuery(&quot;http://localhost/some/&quot;,&quot;one|1&quot;,&quot;http://localhost/some/?one=1&quot;)" computerName="pkrvmxyh4eaekms" duration="00:00:00.0000860" startTime="2025-06-24T21:14:09.5679774+00:00" endTime="2025-06-24T21:14:09.5680632+00:00" testType="13cdc9d9-ddb5-4fa4-a97d-d965ccfc6d4b" outcome="Passed" testListId="8c84fa94-04c1-424b-9868-57a2d4851a1d" relativeResultsDirectory="ff5f7a6f-2f83-4e18-a200-02e4cc76027c" />
    <UnitTestResult executionId="7eb79d5c-fa98-43b3-b3af-eb901edf3a78" testId="d6ce6e65-ac0d-3e3a-3f5a-bb409eb791be" testName="NextLinkInHeaderOfT" computerName="pkrvmxyh4eaekms" duration="00:00:00.0025590" startTime="2025-06-24T21:14:09.6533875+00:00" endTime="2025-06-24T21:14:09.6559460+00:00" testType="13cdc9d9-ddb5-4fa4-a97d-d965ccfc6d4b" outcome="Passed" testListId="8c84fa94-04c1-424b-9868-57a2d4851a1d" relativeResultsDirectory="7eb79d5c-fa98-43b3-b3af-eb901edf3a78" />
    <UnitTestResult executionId="5725310d-5027-4f00-9209-16d3aae0cebc" testId="93072ac8-93cd-f82a-1539-84c47e6d94f9" testName="NoNextLinkOrContinuationTokenAsync" computerName="pkrvmxyh4eaekms" duration="00:00:00.0024570" startTime="2025-06-24T21:14:09.6248438+00:00" endTime="2025-06-24T21:14:09.6273008+00:00" testType="13cdc9d9-ddb5-4fa4-a97d-d965ccfc6d4b" outcome="Passed" testListId="8c84fa94-04c1-424b-9868-57a2d4851a1d" relativeResultsDirectory="5725310d-5027-4f00-9209-16d3aae0cebc" />
    <UnitTestResult executionId="dc6cd481-901a-43f2-917b-df49fe1b299b" testId="3d064911-8ce4-9ebd-478b-8d7a42aeaa1a" testName="TestBuildAuthFields_WithAuth(System.Collections.Generic.List`1[Microsoft.TypeSpec.Generator.Input.InputParameter])" computerName="pkrvmxyh4eaekms" duration="00:00:00.0016230" startTime="2025-06-24T21:14:09.2573596+00:00" endTime="2025-06-24T21:14:09.2589828+00:00" testType="13cdc9d9-ddb5-4fa4-a97d-d965ccfc6d4b" outcome="Passed" testListId="8c84fa94-04c1-424b-9868-57a2d4851a1d" relativeResultsDirectory="dc6cd481-901a-43f2-917b-df49fe1b299b" />
    <UnitTestResult executionId="d5ce143a-83a1-4ab7-87d7-ba86549b355f" testId="28d94481-f77f-3356-3c92-37dcd5bc0f90" testName="MultipleAdditionalProperties" computerName="pkrvmxyh4eaekms" duration="00:00:00.0012020" startTime="2025-06-24T21:14:10.0498655+00:00" endTime="2025-06-24T21:14:10.0510675+00:00" testType="13cdc9d9-ddb5-4fa4-a97d-d965ccfc6d4b" outcome="Passed" testListId="8c84fa94-04c1-424b-9868-57a2d4851a1d" relativeResultsDirectory="d5ce143a-83a1-4ab7-87d7-ba86549b355f" />
    <UnitTestResult executionId="5cb8f22e-80d4-4c10-9a15-aed89b398772" testId="40265b60-4995-adcf-823c-d40faa49859f" testName="RepeatabilityRequestIdParamHasDefaultValue" computerName="pkrvmxyh4eaekms" duration="00:00:00.0006089" startTime="2025-06-24T21:14:12.6664394+00:00" endTime="2025-06-24T21:14:12.6670482+00:00" testType="13cdc9d9-ddb5-4fa4-a97d-d965ccfc6d4b" outcome="Passed" testListId="8c84fa94-04c1-424b-9868-57a2d4851a1d" relativeResultsDirectory="5cb8f22e-80d4-4c10-9a15-aed89b398772" />
    <UnitTestResult executionId="cd0550af-7fbd-4998-b468-8f6b2a6d8966" testId="3760ca19-b6ce-3664-25f9-5023d89ae17a" testName="RoundTripWithJsonInterfaceUtf8ReaderNonGeneric(&quot;J&quot;)" computerName="pkrvmxyh4eaekms" duration="00:00:00.0011890" startTime="2025-06-24T21:14:06.4034349+00:00" endTime="2025-06-24T21:14:06.4046238+00:00" testType="13cdc9d9-ddb5-4fa4-a97d-d965ccfc6d4b" outcome="Passed" testListId="8c84fa94-04c1-424b-9868-57a2d4851a1d" relativeResultsDirectory="cd0550af-7fbd-4998-b468-8f6b2a6d8966" />
    <UnitTestResult executionId="aed4eea5-fd04-4e68-a4c9-b73761c02c26" testId="2ea0f092-6156-10d2-e7bd-00bd64638958" testName="RoundTripWithJsonInterfaceOfT(&quot;W&quot;)" computerName="pkrvmxyh4eaekms" duration="00:00:00.0004670" startTime="2025-06-24T21:14:06.2016423+00:00" endTime="2025-06-24T21:14:06.2021089+00:00" testType="13cdc9d9-ddb5-4fa4-a97d-d965ccfc6d4b" outcome="Passed" testListId="8c84fa94-04c1-424b-9868-57a2d4851a1d" relativeResultsDirectory="aed4eea5-fd04-4e68-a4c9-b73761c02c26" />
    <UnitTestResult executionId="785a3ba2-22ee-48a6-8b49-80d636a370da" testId="3e96eedd-eee8-45b2-9867-4b35303504e8" testName="FormatsDatesAsJson(&quot;O&quot;,05/04/2020 03:02:01 +00:00,&quot;2020-05-04T03:02:01.1230000Z&quot;)" computerName="pkrvmxyh4eaekms" duration="00:00:00.0009010" startTime="2025-06-24T21:14:12.6558710+00:00" endTime="2025-06-24T21:14:12.6567715+00:00" testType="13cdc9d9-ddb5-4fa4-a97d-d965ccfc6d4b" outcome="Passed" testListId="8c84fa94-04c1-424b-9868-57a2d4851a1d" relativeResultsDirectory="785a3ba2-22ee-48a6-8b49-80d636a370da" />
    <UnitTestResult executionId="512fa4fd-8ef4-4bbb-b28b-d13cc9cd2184" testId="6d43122f-b0d5-bf9d-4528-2f67c9810804" testName="ResetThenAppendPath(&quot;http://localhost:12345/with/&quot;,&quot;path&quot;,&quot;http://localhost:12345/with/path&quot;)" computerName="pkrvmxyh4eaekms" duration="00:00:00.0001080" startTime="2025-06-24T21:14:09.5634540+00:00" endTime="2025-06-24T21:14:09.5635624+00:00" testType="13cdc9d9-ddb5-4fa4-a97d-d965ccfc6d4b" outcome="Passed" testListId="8c84fa94-04c1-424b-9868-57a2d4851a1d" relativeResultsDirectory="512fa4fd-8ef4-4bbb-b28b-d13cc9cd2184" />
    <UnitTestResult executionId="29f97b0c-2258-4a8e-a4c5-337a9b87fa98" testId="9ed36475-70ea-d935-981c-3ee0399bdd52" testName="ValidateClientResponseClassifiers(Microsoft.TypeSpec.Generator.Input.InputClient)" computerName="pkrvmxyh4eaekms" duration="00:00:00.0032600" startTime="2025-06-24T21:14:12.5529864+00:00" endTime="2025-06-24T21:14:12.5562461+00:00" testType="13cdc9d9-ddb5-4fa4-a97d-d965ccfc6d4b" outcome="Passed" testListId="8c84fa94-04c1-424b-9868-57a2d4851a1d" relativeResultsDirectory="29f97b0c-2258-4a8e-a4c5-337a9b87fa98" />
    <UnitTestResult executionId="c84a0168-83a9-4393-bfa5-76dfd6b1ebde" testId="ea6c1b95-a0ad-0182-c0b9-1f79d5e165b1" testName="AppendPath_Long(&quot;http://localhost&quot;,299792458000000L,True,&quot;http://localhost/299792458000000&quot;)" computerName="pkrvmxyh4eaekms" duration="00:00:00.0003410" startTime="2025-06-24T21:14:09.5386629+00:00" endTime="2025-06-24T21:14:09.5390040+00:00" testType="13cdc9d9-ddb5-4fa4-a97d-d965ccfc6d4b" outcome="Passed" testListId="8c84fa94-04c1-424b-9868-57a2d4851a1d" relativeResultsDirectory="c84a0168-83a9-4393-bfa5-76dfd6b1ebde" />
    <UnitTestResult executionId="4abc4054-186a-4b89-9c6d-bba771326d74" testId="cf04794a-c01e-27c1-a035-6828d1035adc" testName="AppendPath_Bool(&quot;http://localhost&quot;,True,True,&quot;http://localhost/true&quot;)" computerName="pkrvmxyh4eaekms" duration="00:00:00.0027760" startTime="2025-06-24T21:14:09.5259602+00:00" endTime="2025-06-24T21:14:09.5287362+00:00" testType="13cdc9d9-ddb5-4fa4-a97d-d965ccfc6d4b" outcome="Passed" testListId="8c84fa94-04c1-424b-9868-57a2d4851a1d" relativeResultsDirectory="4abc4054-186a-4b89-9c6d-bba771326d74" />
    <UnitTestResult executionId="a9175588-9bc8-4f87-8f15-09de4e715dc0" testId="695d9dc1-603f-c186-f622-eadc4afd9848" testName="AppendQuery_DateTimeOffset(&quot;http://localhost&quot;,&quot;6/30/1905 1:14:00 PM +00:00&quot;,&quot;U&quot;,False,&quot;http://localhost/?query=-2035622760&quot;)" computerName="pkrvmxyh4eaekms" duration="00:00:00.0000710" startTime="2025-06-24T21:14:09.5545657+00:00" endTime="2025-06-24T21:14:09.5546365+00:00" testType="13cdc9d9-ddb5-4fa4-a97d-d965ccfc6d4b" outcome="Passed" testListId="8c84fa94-04c1-424b-9868-57a2d4851a1d" relativeResultsDirectory="a9175588-9bc8-4f87-8f15-09de4e715dc0" />
    <UnitTestResult executionId="d35a2b1f-36f9-4be6-8101-31a7c6601547" testId="3de26f97-04f3-7779-840b-49de49e85f73" testName="ResetThenAppendPath(&quot;http://localhost:12345/with&quot;,null,&quot;http://localhost:12345/with&quot;)" computerName="pkrvmxyh4eaekms" duration="00:00:00.0000930" startTime="2025-06-24T21:14:09.5624346+00:00" endTime="2025-06-24T21:14:09.5625279+00:00" testType="13cdc9d9-ddb5-4fa4-a97d-d965ccfc6d4b" outcome="Passed" testListId="8c84fa94-04c1-424b-9868-57a2d4851a1d" relativeResultsDirectory="d35a2b1f-36f9-4be6-8101-31a7c6601547" />
    <UnitTestResult executionId="1b765220-8391-40c0-b280-2497087ad2db" testId="75ea94fd-3e39-2426-5e3d-01bde1d3cfe1" testName="TestBuildConstructors_SecondaryConstructor(System.Collections.Generic.List`1[Microsoft.TypeSpec.Generator.Input.InputParameter])" computerName="pkrvmxyh4eaekms" duration="00:00:00.0011120" startTime="2025-06-24T21:14:09.3327986+00:00" endTime="2025-06-24T21:14:09.3339105+00:00" testType="13cdc9d9-ddb5-4fa4-a97d-d965ccfc6d4b" outcome="Passed" testListId="8c84fa94-04c1-424b-9868-57a2d4851a1d" relativeResultsDirectory="1b765220-8391-40c0-b280-2497087ad2db" />
    <UnitTestResult executionId="09cd91e6-9f3d-45fd-a41a-e4a77e9d0603" testId="b58757a7-d1b1-920d-0ad6-ed3ea2c5d501" testName="SubClientFieldsAreStoredOnRootClient" computerName="pkrvmxyh4eaekms" duration="00:00:00.0043710" startTime="2025-06-24T21:14:09.1915198+00:00" endTime="2025-06-24T21:14:09.1958904+00:00" testType="13cdc9d9-ddb5-4fa4-a97d-d965ccfc6d4b" outcome="Passed" testListId="8c84fa94-04c1-424b-9868-57a2d4851a1d" relativeResultsDirectory="09cd91e6-9f3d-45fd-a41a-e4a77e9d0603" />
    <UnitTestResult executionId="dc563e66-2669-4248-a9cd-69f933ef2ef6" testId="a038b769-e4a5-816c-c60d-2cf3795b10fd" testName="ResetThenAppendPathThenAppendQuery(&quot;http://localhost:12345&quot;,&quot;/some/&quot;,&quot;one|1&quot;,&quot;http://localhost:12345/some/?one=1&quot;)" computerName="pkrvmxyh4eaekms" duration="00:00:00.0000680" startTime="2025-06-24T21:14:09.5663745+00:00" endTime="2025-06-24T21:14:09.5664425+00:00" testType="13cdc9d9-ddb5-4fa4-a97d-d965ccfc6d4b" outcome="Passed" testListId="8c84fa94-04c1-424b-9868-57a2d4851a1d" relativeResultsDirectory="dc563e66-2669-4248-a9cd-69f933ef2ef6" />
    <UnitTestResult executionId="53594b58-287b-4670-afc5-e797ecbcbe3f" testId="73131707-ca1a-3884-7742-1965e89251f2" testName="ValidateConvertToString(null,-42,&quot;-42&quot;)" computerName="pkrvmxyh4eaekms" duration="00:00:00.0001570" startTime="2025-06-24T21:14:12.6622013+00:00" endTime="2025-06-24T21:14:12.6623582+00:00" testType="13cdc9d9-ddb5-4fa4-a97d-d965ccfc6d4b" outcome="Passed" testListId="8c84fa94-04c1-424b-9868-57a2d4851a1d" relativeResultsDirectory="53594b58-287b-4670-afc5-e797ecbcbe3f" />
    <UnitTestResult executionId="a8073c2b-016f-4760-b5e7-f0fd7135d0e1" testId="7831a3db-451b-74a8-04c1-bbb1eb4b68e1" testName="RoundTripWithModelInterface(&quot;J&quot;)" computerName="pkrvmxyh4eaekms" duration="00:00:00.0008750" startTime="2025-06-24T21:14:06.2522331+00:00" endTime="2025-06-24T21:14:06.2531081+00:00" testType="13cdc9d9-ddb5-4fa4-a97d-d965ccfc6d4b" outcome="Passed" testListId="8c84fa94-04c1-424b-9868-57a2d4851a1d" relativeResultsDirectory="a8073c2b-016f-4760-b5e7-f0fd7135d0e1" />
    <UnitTestResult executionId="72ef0328-5ef9-4426-9cfe-9af20517522b" testId="a5fa8019-cbff-efe6-e9ea-4195f8c23b49" testName="RoundTripWithJsonInterfaceNonGeneric(&quot;W&quot;)" computerName="pkrvmxyh4eaekms" duration="00:00:00.0020720" startTime="2025-06-24T21:14:06.3608086+00:00" endTime="2025-06-24T21:14:06.3628801+00:00" testType="13cdc9d9-ddb5-4fa4-a97d-d965ccfc6d4b" outcome="Passed" testListId="8c84fa94-04c1-424b-9868-57a2d4851a1d" relativeResultsDirectory="72ef0328-5ef9-4426-9cfe-9af20517522b" />
    <UnitTestResult executionId="8f67ea74-4bcf-496b-92ab-d0ebcea82a89" testId="9ed36475-70ea-d935-981c-3ee0399bdd52" testName="ValidateClientResponseClassifiers(Microsoft.TypeSpec.Generator.Input.InputClient)" computerName="pkrvmxyh4eaekms" duration="00:00:00.0002980" startTime="2025-06-24T21:14:12.5568526+00:00" endTime="2025-06-24T21:14:12.5571501+00:00" testType="13cdc9d9-ddb5-4fa4-a97d-d965ccfc6d4b" outcome="Passed" testListId="8c84fa94-04c1-424b-9868-57a2d4851a1d" relativeResultsDirectory="8f67ea74-4bcf-496b-92ab-d0ebcea82a89" />
    <UnitTestResult executionId="ef194f60-19fc-4c0b-b959-35a55cacfdf0" testId="863f00e5-ad5d-e4d5-254c-017b0ea492ef" testName="TestBuildJsonModelCreateCoreMethod(True)" computerName="pkrvmxyh4eaekms" duration="00:00:00.0018540" startTime="2025-06-24T21:14:10.9848708+00:00" endTime="2025-06-24T21:14:10.9867242+00:00" testType="13cdc9d9-ddb5-4fa4-a97d-d965ccfc6d4b" outcome="Passed" testListId="8c84fa94-04c1-424b-9868-57a2d4851a1d" relativeResultsDirectory="ef194f60-19fc-4c0b-b959-35a55cacfdf0" />
    <UnitTestResult executionId="cf6fdedc-39a9-4609-b967-b96e65ac302b" testId="1368c745-6a45-6b60-c9b7-a77fa1d07ab3" testName="AppendQuery_Guid(&quot;http://localhost&quot;,&quot;3f2504e0-4f89-11d3-9a0c-0305e82c3301&quot;,False,&quot;http://localhost/?query=3f2504e0-4f89-11d3-9a0c-0305e82c3301&quot;)" computerName="pkrvmxyh4eaekms" duration="00:00:00.0002490" startTime="2025-06-24T21:14:09.5569295+00:00" endTime="2025-06-24T21:14:09.5571780+00:00" testType="13cdc9d9-ddb5-4fa4-a97d-d965ccfc6d4b" outcome="Passed" testListId="8c84fa94-04c1-424b-9868-57a2d4851a1d" relativeResultsDirectory="cf6fdedc-39a9-4609-b967-b96e65ac302b" />
  </Results>
  <TestDefinitions>
    <UnitTest name="TestIntSerializationStatement(UInt8,&quot;string&quot;)" storage="/home/runner/work/typespec/typespec/packages/http-client-csharp/generator/artifacts/bin/microsoft.typespec.generator.clientmodel.tests/debug/net8.0/microsoft.typespec.generator.clientmodel.tests.dll" id="e1d70b74-a2c0-6fe4-47e7-b215f4c4a892">
      <Execution id="edbd0982-e05e-4685-b5e0-e74d689c5b71" />
      <TestMethod codeBase="/home/runner/work/typespec/typespec/packages/http-client-csharp/generator/artifacts/bin/Microsoft.TypeSpec.Generator.ClientModel.Tests/Debug/net8.0/Microsoft.TypeSpec.Generator.ClientModel.Tests.dll" adapterTypeName="executor://nunit3testexecutor/" className="Microsoft.TypeSpec.Generator.ClientModel.Tests.Providers.MrwSerializationTypeDefinitions.MrwSerializationTypeDefinitionTests" name="TestIntSerializationStatement(UInt8,&quot;string&quot;)" />
    </UnitTest>
    <UnitTest name="AppendQuery_Bool(&quot;http://localhost&quot;,False,False,&quot;http://localhost/?query=false&quot;)" storage="/home/runner/work/typespec/typespec/packages/http-client-csharp/generator/artifacts/bin/microsoft.typespec.generator.clientmodel.tests/debug/net8.0/microsoft.typespec.generator.clientmodel.tests.dll" id="ef4860c4-5be5-d879-a21f-f02c60c6df63">
      <Execution id="51496b05-8a5e-4da1-9612-1ce4b8df38ee" />
      <TestMethod codeBase="/home/runner/work/typespec/typespec/packages/http-client-csharp/generator/artifacts/bin/Microsoft.TypeSpec.Generator.ClientModel.Tests/Debug/net8.0/Microsoft.TypeSpec.Generator.ClientModel.Tests.dll" adapterTypeName="executor://nunit3testexecutor/" className="Microsoft.TypeSpec.Generator.ClientModel.Tests.Providers.ClientUriBuilderTests" name="AppendQuery_Bool(&quot;http://localhost&quot;,False,False,&quot;http://localhost/?query=false&quot;)" />
    </UnitTest>
    <UnitTest name="ResetThenAppendQueryThenAppendPath(&quot;http://localhost:12345&quot;,&quot;/some/&quot;,&quot;one|1&quot;,&quot;http://localhost:12345/some/?one=1&quot;)" storage="/home/runner/work/typespec/typespec/packages/http-client-csharp/generator/artifacts/bin/microsoft.typespec.generator.clientmodel.tests/debug/net8.0/microsoft.typespec.generator.clientmodel.tests.dll" id="6caccceb-65ae-74b9-773b-72dd04db8e11">
      <Execution id="1f8fa20d-ccc5-4acc-9caf-de628a0b3762" />
      <TestMethod codeBase="/home/runner/work/typespec/typespec/packages/http-client-csharp/generator/artifacts/bin/Microsoft.TypeSpec.Generator.ClientModel.Tests/Debug/net8.0/Microsoft.TypeSpec.Generator.ClientModel.Tests.dll" adapterTypeName="executor://nunit3testexecutor/" className="Microsoft.TypeSpec.Generator.ClientModel.Tests.Providers.ClientUriBuilderTests" name="ResetThenAppendQueryThenAppendPath(&quot;http://localhost:12345&quot;,&quot;/some/&quot;,&quot;one|1&quot;,&quot;http://localhost:12345/some/?one=1&quot;)" />
    </UnitTest>
    <UnitTest name="ValidateConvertToString(null,42,&quot;42&quot;)" storage="/home/runner/work/typespec/typespec/packages/http-client-csharp/generator/artifacts/bin/microsoft.typespec.generator.clientmodel.tests/debug/net8.0/microsoft.typespec.generator.clientmodel.tests.dll" id="2f907606-a74c-ccb6-685a-520887bca1bd">
      <Execution id="9af269e8-5d7f-4b6d-b274-7d43c4fdaa88" />
      <TestMethod codeBase="/home/runner/work/typespec/typespec/packages/http-client-csharp/generator/artifacts/bin/Microsoft.TypeSpec.Generator.ClientModel.Tests/Debug/net8.0/Microsoft.TypeSpec.Generator.ClientModel.Tests.dll" adapterTypeName="executor://nunit3testexecutor/" className="Microsoft.TypeSpec.Generator.ClientModel.Tests.Providers.TypeFormatterTests" name="ValidateConvertToString(null,42,&quot;42&quot;)" />
    </UnitTest>
    <UnitTest name="ContinuationTokenInBody" storage="/home/runner/work/typespec/typespec/packages/http-client-csharp/generator/artifacts/bin/microsoft.typespec.generator.clientmodel.tests/debug/net8.0/microsoft.typespec.generator.clientmodel.tests.dll" id="39b0be65-95d7-2b3c-12c6-e30f8e267dfc">
      <Execution id="bd843eec-f758-4d53-a63d-a8190a3c5754" />
      <TestMethod codeBase="/home/runner/work/typespec/typespec/packages/http-client-csharp/generator/artifacts/bin/Microsoft.TypeSpec.Generator.ClientModel.Tests/Debug/net8.0/Microsoft.TypeSpec.Generator.ClientModel.Tests.dll" adapterTypeName="executor://nunit3testexecutor/" className="Microsoft.TypeSpec.Generator.ClientModel.Tests.Providers.CollectionResultDefinitions.ContinuationTokenTests" name="ContinuationTokenInBody" />
    </UnitTest>
    <UnitTest name="ValidateConvertToString(null,1.02:59:59,&quot;P1DT2H59M59S&quot;)" storage="/home/runner/work/typespec/typespec/packages/http-client-csharp/generator/artifacts/bin/microsoft.typespec.generator.clientmodel.tests/debug/net8.0/microsoft.typespec.generator.clientmodel.tests.dll" id="1a24a2ba-5321-9ff6-a6a8-d43137a1f8e2">
      <Execution id="cc32f30d-e758-498b-8434-77e957623a31" />
      <TestMethod codeBase="/home/runner/work/typespec/typespec/packages/http-client-csharp/generator/artifacts/bin/Microsoft.TypeSpec.Generator.ClientModel.Tests/Debug/net8.0/Microsoft.TypeSpec.Generator.ClientModel.Tests.dll" adapterTypeName="executor://nunit3testexecutor/" className="Microsoft.TypeSpec.Generator.ClientModel.Tests.Providers.TypeFormatterTests" name="ValidateConvertToString(null,1.02:59:59,&quot;P1DT2H59M59S&quot;)" />
    </UnitTest>
    <UnitTest name="RoundTripWithModelReaderWriterNonGeneric(&quot;J&quot;)" storage="/home/runner/work/typespec/typespec/packages/http-client-csharp/generator/artifacts/bin/microsoft.typespec.generator.clientmodel.tests/debug/net8.0/microsoft.typespec.generator.clientmodel.tests.dll" id="c82b7b83-2bf0-892d-6cf7-743b5ac7abdd">
      <Execution id="3d150e76-aab0-498b-96e7-d61c2df72799" />
      <TestMethod codeBase="/home/runner/work/typespec/typespec/packages/http-client-csharp/generator/artifacts/bin/Microsoft.TypeSpec.Generator.ClientModel.Tests/Debug/net8.0/Microsoft.TypeSpec.Generator.ClientModel.Tests.dll" adapterTypeName="executor://nunit3testexecutor/" className="Microsoft.TypeSpec.Generator.ClientModel.Tests.ModelReaderWriterValidation.TestProjects.Sample_TypeSpec.RoundTripModelTests" name="RoundTripWithModelReaderWriterNonGeneric(&quot;J&quot;)" />
    </UnitTest>
    <UnitTest name="CanCustomizeNullableStringToFixedEnum" storage="/home/runner/work/typespec/typespec/packages/http-client-csharp/generator/artifacts/bin/microsoft.typespec.generator.clientmodel.tests/debug/net8.0/microsoft.typespec.generator.clientmodel.tests.dll" id="25927a93-4fe1-3342-a357-68efde15925c">
      <Execution id="88487d4d-1135-4cf5-a126-5af91033e2f4" />
      <TestMethod codeBase="/home/runner/work/typespec/typespec/packages/http-client-csharp/generator/artifacts/bin/Microsoft.TypeSpec.Generator.ClientModel.Tests/Debug/net8.0/Microsoft.TypeSpec.Generator.ClientModel.Tests.dll" adapterTypeName="executor://nunit3testexecutor/" className="Microsoft.TypeSpec.Generator.ClientModel.Tests.Providers.MrwSerializationTypeDefinitions.ModelCustomizationTests" name="CanCustomizeNullableStringToFixedEnum" />
    </UnitTest>
    <UnitTest name="ContinuationTokenInHeaderAsync" storage="/home/runner/work/typespec/typespec/packages/http-client-csharp/generator/artifacts/bin/microsoft.typespec.generator.clientmodel.tests/debug/net8.0/microsoft.typespec.generator.clientmodel.tests.dll" id="32df4f6c-fe9a-a853-f5ff-57a18ccb77b2">
      <Execution id="7e86163a-7d1d-4bd6-96db-7b7f1f7398a5" />
      <TestMethod codeBase="/home/runner/work/typespec/typespec/packages/http-client-csharp/generator/artifacts/bin/Microsoft.TypeSpec.Generator.ClientModel.Tests/Debug/net8.0/Microsoft.TypeSpec.Generator.ClientModel.Tests.dll" adapterTypeName="executor://nunit3testexecutor/" className="Microsoft.TypeSpec.Generator.ClientModel.Tests.Providers.CollectionResultDefinitions.ContinuationTokenTests" name="ContinuationTokenInHeaderAsync" />
    </UnitTest>
    <UnitTest name="SerializedNameIsUsed(False)" storage="/home/runner/work/typespec/typespec/packages/http-client-csharp/generator/artifacts/bin/microsoft.typespec.generator.clientmodel.tests/debug/net8.0/microsoft.typespec.generator.clientmodel.tests.dll" id="9b5f94d3-9969-9523-e0dc-822954cce198">
      <Execution id="9f0ae3ec-0efb-47ea-af06-04e3d338a2ee" />
      <TestMethod codeBase="/home/runner/work/typespec/typespec/packages/http-client-csharp/generator/artifacts/bin/Microsoft.TypeSpec.Generator.ClientModel.Tests/Debug/net8.0/Microsoft.TypeSpec.Generator.ClientModel.Tests.dll" adapterTypeName="executor://nunit3testexecutor/" className="Microsoft.TypeSpec.Generator.ClientModel.Tests.Providers.MrwSerializationTypeDefinitions.MrwSerializationTypeDefinitionTests" name="SerializedNameIsUsed(False)" />
    </UnitTest>
    <UnitTest name="RepeatabilityFirstSentParamHasDefaultValue" storage="/home/runner/work/typespec/typespec/packages/http-client-csharp/generator/artifacts/bin/microsoft.typespec.generator.clientmodel.tests/debug/net8.0/microsoft.typespec.generator.clientmodel.tests.dll" id="12fa48f5-9b10-8956-e496-0a1719ddb6f7">
      <Execution id="775e0ee4-2906-42c8-8c3e-b6feb0ddc90d" />
      <TestMethod codeBase="/home/runner/work/typespec/typespec/packages/http-client-csharp/generator/artifacts/bin/Microsoft.TypeSpec.Generator.ClientModel.Tests/Debug/net8.0/Microsoft.TypeSpec.Generator.ClientModel.Tests.dll" adapterTypeName="executor://nunit3testexecutor/" className="Microsoft.TypeSpec.Generator.ClientModel.Tests.ScmKnownParametersTests" name="RepeatabilityFirstSentParamHasDefaultValue" />
    </UnitTest>
    <UnitTest name="RoundTripWithModelReaderWriterNonGeneric(&quot;J&quot;)" storage="/home/runner/work/typespec/typespec/packages/http-client-csharp/generator/artifacts/bin/microsoft.typespec.generator.clientmodel.tests/debug/net8.0/microsoft.typespec.generator.clientmodel.tests.dll" id="b7c7001e-793c-7454-421c-2aec45c8798a">
      <Execution id="7b935824-19bc-4546-843c-64bbc437a3ba" />
      <TestMethod codeBase="/home/runner/work/typespec/typespec/packages/http-client-csharp/generator/artifacts/bin/Microsoft.TypeSpec.Generator.ClientModel.Tests/Debug/net8.0/Microsoft.TypeSpec.Generator.ClientModel.Tests.dll" adapterTypeName="executor://nunit3testexecutor/" className="Microsoft.TypeSpec.Generator.ClientModel.Tests.ModelReaderWriterValidation.TestProjects.Sample_TypeSpec.RenamedModelTests" name="RoundTripWithModelReaderWriterNonGeneric(&quot;J&quot;)" />
    </UnitTest>
    <UnitTest name="ThrowsIfUnknownFormat" storage="/home/runner/work/typespec/typespec/packages/http-client-csharp/generator/artifacts/bin/microsoft.typespec.generator.clientmodel.tests/debug/net8.0/microsoft.typespec.generator.clientmodel.tests.dll" id="3be952dc-5bb9-c92a-b566-50329caa9747">
      <Execution id="d2ed9046-8142-4339-84c7-523dfbf70562" />
      <TestMethod codeBase="/home/runner/work/typespec/typespec/packages/http-client-csharp/generator/artifacts/bin/Microsoft.TypeSpec.Generator.ClientModel.Tests/Debug/net8.0/Microsoft.TypeSpec.Generator.ClientModel.Tests.dll" adapterTypeName="executor://nunit3testexecutor/" className="Microsoft.TypeSpec.Generator.ClientModel.Tests.ModelReaderWriterValidation.TestProjects.Sample_TypeSpec.ThingWithNullsTests" name="ThrowsIfUnknownFormat" />
    </UnitTest>
    <UnitTest name="CanCustomizePropertyUsingField(True)" storage="/home/runner/work/typespec/typespec/packages/http-client-csharp/generator/artifacts/bin/microsoft.typespec.generator.clientmodel.tests/debug/net8.0/microsoft.typespec.generator.clientmodel.tests.dll" id="b78e746e-68bb-7db4-f36c-e2f1170e65ff">
      <Execution id="51a3467c-c916-4633-8e31-a3ab245b7274" />
      <TestMethod codeBase="/home/runner/work/typespec/typespec/packages/http-client-csharp/generator/artifacts/bin/Microsoft.TypeSpec.Generator.ClientModel.Tests/Debug/net8.0/Microsoft.TypeSpec.Generator.ClientModel.Tests.dll" adapterTypeName="executor://nunit3testexecutor/" className="Microsoft.TypeSpec.Generator.ClientModel.Tests.Providers.MrwSerializationTypeDefinitions.SerializationCustomizationTests" name="CanCustomizePropertyUsingField(True)" />
    </UnitTest>
    <UnitTest name="TestBuildPersistableModelCreateCoreMethod(True)" storage="/home/runner/work/typespec/typespec/packages/http-client-csharp/generator/artifacts/bin/microsoft.typespec.generator.clientmodel.tests/debug/net8.0/microsoft.typespec.generator.clientmodel.tests.dll" id="c8fc9c05-b337-f71c-e51f-ac57c6c487d9">
      <Execution id="4aecf350-20de-435b-aecd-8c221b0c07f4" />
      <TestMethod codeBase="/home/runner/work/typespec/typespec/packages/http-client-csharp/generator/artifacts/bin/Microsoft.TypeSpec.Generator.ClientModel.Tests/Debug/net8.0/Microsoft.TypeSpec.Generator.ClientModel.Tests.dll" adapterTypeName="executor://nunit3testexecutor/" className="Microsoft.TypeSpec.Generator.ClientModel.Tests.Providers.MrwSerializationTypeDefinitions.MrwSerializationTypeDefinitionTests" name="TestBuildPersistableModelCreateCoreMethod(True)" />
    </UnitTest>
    <UnitTest name="AppendPath_Double(&quot;http://localhost&quot;,3.14d,True,&quot;http://localhost/3.14&quot;)" storage="/home/runner/work/typespec/typespec/packages/http-client-csharp/generator/artifacts/bin/microsoft.typespec.generator.clientmodel.tests/debug/net8.0/microsoft.typespec.generator.clientmodel.tests.dll" id="abf6c339-b908-439d-1fc1-47a1df3c26c9">
      <Execution id="a5647cc9-5a80-48d6-99cc-b58f022a1af1" />
      <TestMethod codeBase="/home/runner/work/typespec/typespec/packages/http-client-csharp/generator/artifacts/bin/Microsoft.TypeSpec.Generator.ClientModel.Tests/Debug/net8.0/Microsoft.TypeSpec.Generator.ClientModel.Tests.dll" adapterTypeName="executor://nunit3testexecutor/" className="Microsoft.TypeSpec.Generator.ClientModel.Tests.Providers.ClientUriBuilderTests" name="AppendPath_Double(&quot;http://localhost&quot;,3.14d,True,&quot;http://localhost/3.14&quot;)" />
    </UnitTest>
    <UnitTest name="AppendQuery_Float(&quot;http://localhost&quot;,3.14f,True,&quot;http://localhost/?query=3.14&quot;)" storage="/home/runner/work/typespec/typespec/packages/http-client-csharp/generator/artifacts/bin/microsoft.typespec.generator.clientmodel.tests/debug/net8.0/microsoft.typespec.generator.clientmodel.tests.dll" id="75ae619b-afeb-b804-17e6-a8aa7acd150f">
      <Execution id="c9fbc8bd-724d-4fe1-9b18-bc0a207b8085" />
      <TestMethod codeBase="/home/runner/work/typespec/typespec/packages/http-client-csharp/generator/artifacts/bin/Microsoft.TypeSpec.Generator.ClientModel.Tests/Debug/net8.0/Microsoft.TypeSpec.Generator.ClientModel.Tests.dll" adapterTypeName="executor://nunit3testexecutor/" className="Microsoft.TypeSpec.Generator.ClientModel.Tests.Providers.ClientUriBuilderTests" name="AppendQuery_Float(&quot;http://localhost&quot;,3.14f,True,&quot;http://localhost/?query=3.14&quot;)" />
    </UnitTest>
    <UnitTest name="TestBuildJsonModelWriteCoreMethod(False)" storage="/home/runner/work/typespec/typespec/packages/http-client-csharp/generator/artifacts/bin/microsoft.typespec.generator.clientmodel.tests/debug/net8.0/microsoft.typespec.generator.clientmodel.tests.dll" id="cf15e243-4e78-d001-2618-cf3fbacfb013">
      <Execution id="b6d7c80e-3e07-4916-a4ff-33aa2ed1884f" />
      <TestMethod codeBase="/home/runner/work/typespec/typespec/packages/http-client-csharp/generator/artifacts/bin/Microsoft.TypeSpec.Generator.ClientModel.Tests/Debug/net8.0/Microsoft.TypeSpec.Generator.ClientModel.Tests.dll" adapterTypeName="executor://nunit3testexecutor/" className="Microsoft.TypeSpec.Generator.ClientModel.Tests.Providers.MrwSerializationTypeDefinitions.MrwSerializationTypeDefinitionTests" name="TestBuildJsonModelWriteCoreMethod(False)" />
    </UnitTest>
    <UnitTest name="ResetThenAppendQuery(&quot;http://localhost:12345/some/&quot;,&quot;one|1|two|2&quot;,&quot;http://localhost:12345/some/?one=1&amp;two=2&quot;)" storage="/home/runner/work/typespec/typespec/packages/http-client-csharp/generator/artifacts/bin/microsoft.typespec.generator.clientmodel.tests/debug/net8.0/microsoft.typespec.generator.clientmodel.tests.dll" id="8fb5eb2d-b3ae-981f-09c3-d17ab6f8bf32">
      <Execution id="6eceee1a-c5dd-4584-b0a8-82521e0eeb0a" />
      <TestMethod codeBase="/home/runner/work/typespec/typespec/packages/http-client-csharp/generator/artifacts/bin/Microsoft.TypeSpec.Generator.ClientModel.Tests/Debug/net8.0/Microsoft.TypeSpec.Generator.ClientModel.Tests.dll" adapterTypeName="executor://nunit3testexecutor/" className="Microsoft.TypeSpec.Generator.ClientModel.Tests.Providers.ClientUriBuilderTests" name="ResetThenAppendQuery(&quot;http://localhost:12345/some/&quot;,&quot;one|1|two|2&quot;,&quot;http://localhost:12345/some/?one=1&amp;two=2&quot;)" />
    </UnitTest>
    <UnitTest name="AppendPath_DateTimeOffset(&quot;http://localhost&quot;,&quot;6/30/1905 1:14:00 PM +00:00&quot;,&quot;D&quot;,True,&quot;http://localhost/1905-06-30&quot;)" storage="/home/runner/work/typespec/typespec/packages/http-client-csharp/generator/artifacts/bin/microsoft.typespec.generator.clientmodel.tests/debug/net8.0/microsoft.typespec.generator.clientmodel.tests.dll" id="479a856a-b668-d0be-97cb-73c0d55e7806">
      <Execution id="ed5f91d5-38ec-4560-96f9-70f1cbc5b864" />
      <TestMethod codeBase="/home/runner/work/typespec/typespec/packages/http-client-csharp/generator/artifacts/bin/Microsoft.TypeSpec.Generator.ClientModel.Tests/Debug/net8.0/Microsoft.TypeSpec.Generator.ClientModel.Tests.dll" adapterTypeName="executor://nunit3testexecutor/" className="Microsoft.TypeSpec.Generator.ClientModel.Tests.Providers.ClientUriBuilderTests" name="AppendPath_DateTimeOffset(&quot;http://localhost&quot;,&quot;6/30/1905 1:14:00 PM +00:00&quot;,&quot;D&quot;,True,&quot;http://localhost/1905-06-30&quot;)" />
    </UnitTest>
    <UnitTest name="AppendPath_TimeSpan(&quot;http://localhost&quot;,&quot;02:15:00&quot;,&quot;P&quot;,True,&quot;http://localhost/PT2H15M&quot;)" storage="/home/runner/work/typespec/typespec/packages/http-client-csharp/generator/artifacts/bin/microsoft.typespec.generator.clientmodel.tests/debug/net8.0/microsoft.typespec.generator.clientmodel.tests.dll" id="f8fa5101-dce2-8878-b5f1-c2cb03fb91ea">
      <Execution id="e9a5834a-7ca1-4357-a9b5-9c1faa3fa693" />
      <TestMethod codeBase="/home/runner/work/typespec/typespec/packages/http-client-csharp/generator/artifacts/bin/Microsoft.TypeSpec.Generator.ClientModel.Tests/Debug/net8.0/Microsoft.TypeSpec.Generator.ClientModel.Tests.dll" adapterTypeName="executor://nunit3testexecutor/" className="Microsoft.TypeSpec.Generator.ClientModel.Tests.Providers.ClientUriBuilderTests" name="AppendPath_TimeSpan(&quot;http://localhost&quot;,&quot;02:15:00&quot;,&quot;P&quot;,True,&quot;http://localhost/PT2H15M&quot;)" />
    </UnitTest>
    <UnitTest name="AppendQuery_Long(&quot;http://localhost&quot;,299792458000000L,False,&quot;http://localhost/?query=299792458000000&quot;)" storage="/home/runner/work/typespec/typespec/packages/http-client-csharp/generator/artifacts/bin/microsoft.typespec.generator.clientmodel.tests/debug/net8.0/microsoft.typespec.generator.clientmodel.tests.dll" id="b58d0b7f-c953-3548-e48d-1e7873d59a4d">
      <Execution id="3c2dfb75-a703-4dcb-8c9f-6144b1fd4d2d" />
      <TestMethod codeBase="/home/runner/work/typespec/typespec/packages/http-client-csharp/generator/artifacts/bin/Microsoft.TypeSpec.Generator.ClientModel.Tests/Debug/net8.0/Microsoft.TypeSpec.Generator.ClientModel.Tests.dll" adapterTypeName="executor://nunit3testexecutor/" className="Microsoft.TypeSpec.Generator.ClientModel.Tests.Providers.ClientUriBuilderTests" name="AppendQuery_Long(&quot;http://localhost&quot;,299792458000000L,False,&quot;http://localhost/?query=299792458000000&quot;)" />
    </UnitTest>
    <UnitTest name="RoundTripWithJsonInterfaceNonGeneric(&quot;W&quot;)" storage="/home/runner/work/typespec/typespec/packages/http-client-csharp/generator/artifacts/bin/microsoft.typespec.generator.clientmodel.tests/debug/net8.0/microsoft.typespec.generator.clientmodel.tests.dll" id="f6fc3775-d3b3-4886-bb37-6a98fedff849">
      <Execution id="3b8b2edf-61bd-429a-8da2-c7c567dfc10f" />
      <TestMethod codeBase="/home/runner/work/typespec/typespec/packages/http-client-csharp/generator/artifacts/bin/Microsoft.TypeSpec.Generator.ClientModel.Tests/Debug/net8.0/Microsoft.TypeSpec.Generator.ClientModel.Tests.dll" adapterTypeName="executor://nunit3testexecutor/" className="Microsoft.TypeSpec.Generator.ClientModel.Tests.ModelReaderWriterValidation.TestProjects.Sample_TypeSpec.FriendTests" name="RoundTripWithJsonInterfaceNonGeneric(&quot;W&quot;)" />
    </UnitTest>
    <UnitTest name="ResetThenAppendQueryThenAppendPath(&quot;http://localhost/&quot;,&quot;/some/&quot;,&quot;one|1&quot;,&quot;http://localhost/some/?one=1&quot;)" storage="/home/runner/work/typespec/typespec/packages/http-client-csharp/generator/artifacts/bin/microsoft.typespec.generator.clientmodel.tests/debug/net8.0/microsoft.typespec.generator.clientmodel.tests.dll" id="ad49a717-fe17-427d-0527-da76ac2858a3">
      <Execution id="c558f204-a5d1-4484-a11e-11aff765ad58" />
      <TestMethod codeBase="/home/runner/work/typespec/typespec/packages/http-client-csharp/generator/artifacts/bin/Microsoft.TypeSpec.Generator.ClientModel.Tests/Debug/net8.0/Microsoft.TypeSpec.Generator.ClientModel.Tests.dll" adapterTypeName="executor://nunit3testexecutor/" className="Microsoft.TypeSpec.Generator.ClientModel.Tests.Providers.ClientUriBuilderTests" name="ResetThenAppendQueryThenAppendPath(&quot;http://localhost/&quot;,&quot;/some/&quot;,&quot;one|1&quot;,&quot;http://localhost/some/?one=1&quot;)" />
    </UnitTest>
    <UnitTest name="AppendPath_TimeSpan(&quot;http://localhost&quot;,&quot;02:15:00&quot;,null,False,&quot;http://localhost/PT2H15M&quot;)" storage="/home/runner/work/typespec/typespec/packages/http-client-csharp/generator/artifacts/bin/microsoft.typespec.generator.clientmodel.tests/debug/net8.0/microsoft.typespec.generator.clientmodel.tests.dll" id="e0e7ed78-91d2-9712-eb9e-f812f7d4f81d">
      <Execution id="6c5235b6-8eaa-4435-8db7-3547d3886043" />
      <TestMethod codeBase="/home/runner/work/typespec/typespec/packages/http-client-csharp/generator/artifacts/bin/Microsoft.TypeSpec.Generator.ClientModel.Tests/Debug/net8.0/Microsoft.TypeSpec.Generator.ClientModel.Tests.dll" adapterTypeName="executor://nunit3testexecutor/" className="Microsoft.TypeSpec.Generator.ClientModel.Tests.Providers.ClientUriBuilderTests" name="AppendPath_TimeSpan(&quot;http://localhost&quot;,&quot;02:15:00&quot;,null,False,&quot;http://localhost/PT2H15M&quot;)" />
    </UnitTest>
    <UnitTest name="RequestBodyConstructedUsingBinaryContentHelpers(Microsoft.TypeSpec.Generator.Input.InputArrayType)" storage="/home/runner/work/typespec/typespec/packages/http-client-csharp/generator/artifacts/bin/microsoft.typespec.generator.clientmodel.tests/debug/net8.0/microsoft.typespec.generator.clientmodel.tests.dll" id="387cdf60-47d4-7089-903d-9b660e15988c">
      <Execution id="5e9a57ab-6d4b-49a7-b35b-c55776a0ba38" />
      <TestMethod codeBase="/home/runner/work/typespec/typespec/packages/http-client-csharp/generator/artifacts/bin/Microsoft.TypeSpec.Generator.ClientModel.Tests/Debug/net8.0/Microsoft.TypeSpec.Generator.ClientModel.Tests.dll" adapterTypeName="executor://nunit3testexecutor/" className="Microsoft.TypeSpec.Generator.ClientModel.Tests.Providers.ScmMethodProviderCollectionTests" name="RequestBodyConstructedUsingBinaryContentHelpers(Microsoft.TypeSpec.Generator.Input.InputArrayType)" />
    </UnitTest>
    <UnitTest name="TestBuildImplements" storage="/home/runner/work/typespec/typespec/packages/http-client-csharp/generator/artifacts/bin/microsoft.typespec.generator.clientmodel.tests/debug/net8.0/microsoft.typespec.generator.clientmodel.tests.dll" id="dec96545-7b70-bd7d-1c36-430957762403">
      <Execution id="879f17d9-8a58-4748-be0d-fcf93a871fa7" />
      <TestMethod codeBase="/home/runner/work/typespec/typespec/packages/http-client-csharp/generator/artifacts/bin/Microsoft.TypeSpec.Generator.ClientModel.Tests/Debug/net8.0/Microsoft.TypeSpec.Generator.ClientModel.Tests.dll" adapterTypeName="executor://nunit3testexecutor/" className="Microsoft.TypeSpec.Generator.ClientModel.Tests.Providers.MrwSerializationTypeDefinitions.MrwSerializationTypeDefinitionTests" name="TestBuildImplements" />
    </UnitTest>
    <UnitTest name="AppendQuery_Float(&quot;http://localhost&quot;,-3.14f,False,&quot;http://localhost/?query=-3.14&quot;)" storage="/home/runner/work/typespec/typespec/packages/http-client-csharp/generator/artifacts/bin/microsoft.typespec.generator.clientmodel.tests/debug/net8.0/microsoft.typespec.generator.clientmodel.tests.dll" id="0d27c752-5f60-4ffa-96f4-4ef752e89e1c">
      <Execution id="de9e24a9-4683-410a-9aed-f33ec5c3a8e6" />
      <TestMethod codeBase="/home/runner/work/typespec/typespec/packages/http-client-csharp/generator/artifacts/bin/Microsoft.TypeSpec.Generator.ClientModel.Tests/Debug/net8.0/Microsoft.TypeSpec.Generator.ClientModel.Tests.dll" adapterTypeName="executor://nunit3testexecutor/" className="Microsoft.TypeSpec.Generator.ClientModel.Tests.Providers.ClientUriBuilderTests" name="AppendQuery_Float(&quot;http://localhost&quot;,-3.14f,False,&quot;http://localhost/?query=-3.14&quot;)" />
    </UnitTest>
    <UnitTest name="UsesValidFieldIdentifierNames" storage="/home/runner/work/typespec/typespec/packages/http-client-csharp/generator/artifacts/bin/microsoft.typespec.generator.clientmodel.tests/debug/net8.0/microsoft.typespec.generator.clientmodel.tests.dll" id="17f7a6e9-436b-3c1f-3570-46d2473a1137">
      <Execution id="dc1dde82-b347-4eca-84f6-537e545c3faf" />
      <TestMethod codeBase="/home/runner/work/typespec/typespec/packages/http-client-csharp/generator/artifacts/bin/Microsoft.TypeSpec.Generator.ClientModel.Tests/Debug/net8.0/Microsoft.TypeSpec.Generator.ClientModel.Tests.dll" adapterTypeName="executor://nunit3testexecutor/" className="Microsoft.TypeSpec.Generator.ClientModel.Tests.Providers.CollectionResultDefinitions.NextLinkTests" name="UsesValidFieldIdentifierNames" />
    </UnitTest>
    <UnitTest name="AppendQuery_DateTimeOffset(&quot;http://localhost&quot;,&quot;6/30/1905 1:14:00 PM +00:00&quot;,&quot;U&quot;,True,&quot;http://localhost/?query=-2035622760&quot;)" storage="/home/runner/work/typespec/typespec/packages/http-client-csharp/generator/artifacts/bin/microsoft.typespec.generator.clientmodel.tests/debug/net8.0/microsoft.typespec.generator.clientmodel.tests.dll" id="afbf2c35-f138-2b90-9822-0427b75e7c54">
      <Execution id="28ec54ca-5b86-49fc-9efa-fd990f4fbbc1" />
      <TestMethod codeBase="/home/runner/work/typespec/typespec/packages/http-client-csharp/generator/artifacts/bin/Microsoft.TypeSpec.Generator.ClientModel.Tests/Debug/net8.0/Microsoft.TypeSpec.Generator.ClientModel.Tests.dll" adapterTypeName="executor://nunit3testexecutor/" className="Microsoft.TypeSpec.Generator.ClientModel.Tests.Providers.ClientUriBuilderTests" name="AppendQuery_DateTimeOffset(&quot;http://localhost&quot;,&quot;6/30/1905 1:14:00 PM +00:00&quot;,&quot;U&quot;,True,&quot;http://localhost/?query=-2035622760&quot;)" />
    </UnitTest>
    <UnitTest name="AppendPath_ByteArray(&quot;http://localhost&quot;,[104, 101, 108, 108, 111],&quot;D&quot;,True,&quot;http://localhost/aGVsbG8%3D&quot;)" storage="/home/runner/work/typespec/typespec/packages/http-client-csharp/generator/artifacts/bin/microsoft.typespec.generator.clientmodel.tests/debug/net8.0/microsoft.typespec.generator.clientmodel.tests.dll" id="3e1d6d5b-757a-b997-7bb3-f7a179b9268f">
      <Execution id="8f6f9ce1-4745-481e-b323-f945d5998472" />
      <TestMethod codeBase="/home/runner/work/typespec/typespec/packages/http-client-csharp/generator/artifacts/bin/Microsoft.TypeSpec.Generator.ClientModel.Tests/Debug/net8.0/Microsoft.TypeSpec.Generator.ClientModel.Tests.dll" adapterTypeName="executor://nunit3testexecutor/" className="Microsoft.TypeSpec.Generator.ClientModel.Tests.Providers.ClientUriBuilderTests" name="AppendPath_ByteArray(&quot;http://localhost&quot;,[104, 101, 108, 108, 111],&quot;D&quot;,True,&quot;http://localhost/aGVsbG8%3D&quot;)" />
    </UnitTest>
    <UnitTest name="TestIntDeserializeExpression(System.SByte,Int_String)" storage="/home/runner/work/typespec/typespec/packages/http-client-csharp/generator/artifacts/bin/microsoft.typespec.generator.clientmodel.tests/debug/net8.0/microsoft.typespec.generator.clientmodel.tests.dll" id="49262a15-1490-962e-680c-0823801e8b6d">
      <Execution id="7683c18b-7a62-4954-81b3-0abda9c0b1c6" />
      <TestMethod codeBase="/home/runner/work/typespec/typespec/packages/http-client-csharp/generator/artifacts/bin/Microsoft.TypeSpec.Generator.ClientModel.Tests/Debug/net8.0/Microsoft.TypeSpec.Generator.ClientModel.Tests.dll" adapterTypeName="executor://nunit3testexecutor/" className="Microsoft.TypeSpec.Generator.ClientModel.Tests.Providers.MrwSerializationTypeDefinitions.MrwSerializationTypeDefinitionTests" name="TestIntDeserializeExpression(System.SByte,Int_String)" />
    </UnitTest>
    <UnitTest name="AppendQueryDelimited(&quot;http://localhost&quot;,[&quot;hello&quot;, &quot;world&quot;],&quot;|&quot;,True,&quot;http://localhost/?query=hello|world&quot;)" storage="/home/runner/work/typespec/typespec/packages/http-client-csharp/generator/artifacts/bin/microsoft.typespec.generator.clientmodel.tests/debug/net8.0/microsoft.typespec.generator.clientmodel.tests.dll" id="79b6f9be-b651-a2de-ef36-a93ea3499229">
      <Execution id="9612a238-073e-41f3-b5bf-115fd22e8b5b" />
      <TestMethod codeBase="/home/runner/work/typespec/typespec/packages/http-client-csharp/generator/artifacts/bin/Microsoft.TypeSpec.Generator.ClientModel.Tests/Debug/net8.0/Microsoft.TypeSpec.Generator.ClientModel.Tests.dll" adapterTypeName="executor://nunit3testexecutor/" className="Microsoft.TypeSpec.Generator.ClientModel.Tests.Providers.ClientUriBuilderTests" name="AppendQueryDelimited(&quot;http://localhost&quot;,[&quot;hello&quot;, &quot;world&quot;],&quot;|&quot;,True,&quot;http://localhost/?query=hello|world&quot;)" />
    </UnitTest>
    <UnitTest name="ValidateConvertToString(null,-3.14f,&quot;-3.14&quot;)" storage="/home/runner/work/typespec/typespec/packages/http-client-csharp/generator/artifacts/bin/microsoft.typespec.generator.clientmodel.tests/debug/net8.0/microsoft.typespec.generator.clientmodel.tests.dll" id="4453184c-f216-9b6d-4fbd-d2b0df67fcc5">
      <Execution id="350a083e-0536-4450-8ef7-805cb06bb8bf" />
      <TestMethod codeBase="/home/runner/work/typespec/typespec/packages/http-client-csharp/generator/artifacts/bin/Microsoft.TypeSpec.Generator.ClientModel.Tests/Debug/net8.0/Microsoft.TypeSpec.Generator.ClientModel.Tests.dll" adapterTypeName="executor://nunit3testexecutor/" className="Microsoft.TypeSpec.Generator.ClientModel.Tests.Providers.TypeFormatterTests" name="ValidateConvertToString(null,-3.14f,&quot;-3.14&quot;)" />
    </UnitTest>
    <UnitTest name="RepeatabilityRequestIdParamHasDefaultValue" storage="/home/runner/work/typespec/typespec/packages/http-client-csharp/generator/artifacts/bin/microsoft.typespec.generator.clientmodel.tests/debug/net8.0/microsoft.typespec.generator.clientmodel.tests.dll" id="40265b60-4995-adcf-823c-d40faa49859f">
      <Execution id="5cb8f22e-80d4-4c10-9a15-aed89b398772" />
      <TestMethod codeBase="/home/runner/work/typespec/typespec/packages/http-client-csharp/generator/artifacts/bin/Microsoft.TypeSpec.Generator.ClientModel.Tests/Debug/net8.0/Microsoft.TypeSpec.Generator.ClientModel.Tests.dll" adapterTypeName="executor://nunit3testexecutor/" className="Microsoft.TypeSpec.Generator.ClientModel.Tests.ScmKnownParametersTests" name="RepeatabilityRequestIdParamHasDefaultValue" />
    </UnitTest>
    <UnitTest name="TestBuildDeserializationMethodNestedSARD" storage="/home/runner/work/typespec/typespec/packages/http-client-csharp/generator/artifacts/bin/microsoft.typespec.generator.clientmodel.tests/debug/net8.0/microsoft.typespec.generator.clientmodel.tests.dll" id="1e137d1c-2d50-6f10-2ced-78edc3b544f6">
      <Execution id="8c4d51b2-dbd3-4e79-9766-4d13b7d83cca" />
      <TestMethod codeBase="/home/runner/work/typespec/typespec/packages/http-client-csharp/generator/artifacts/bin/Microsoft.TypeSpec.Generator.ClientModel.Tests/Debug/net8.0/Microsoft.TypeSpec.Generator.ClientModel.Tests.dll" adapterTypeName="executor://nunit3testexecutor/" className="Microsoft.TypeSpec.Generator.ClientModel.Tests.Providers.MrwSerializationTypeDefinitions.MrwSerializationTypeDefinitionTests" name="TestBuildDeserializationMethodNestedSARD" />
    </UnitTest>
    <UnitTest name="ValidateGetResponseClassifiersThrowsWhenNoSuccess" storage="/home/runner/work/typespec/typespec/packages/http-client-csharp/generator/artifacts/bin/microsoft.typespec.generator.clientmodel.tests/debug/net8.0/microsoft.typespec.generator.clientmodel.tests.dll" id="6926a070-192e-3bc2-3350-2c630870c19d">
      <Execution id="88266aaf-29c7-4cb6-abd0-60d0c05b9aa9" />
      <TestMethod codeBase="/home/runner/work/typespec/typespec/packages/http-client-csharp/generator/artifacts/bin/Microsoft.TypeSpec.Generator.ClientModel.Tests/Debug/net8.0/Microsoft.TypeSpec.Generator.ClientModel.Tests.dll" adapterTypeName="executor://nunit3testexecutor/" className="Microsoft.TypeSpec.Generator.ClientModel.Tests.Providers.RestClientProviders.RestClientProviderTests" name="ValidateGetResponseClassifiersThrowsWhenNoSuccess" />
    </UnitTest>
    <UnitTest name="OperationWithOptionalIntEnum" storage="/home/runner/work/typespec/typespec/packages/http-client-csharp/generator/artifacts/bin/microsoft.typespec.generator.clientmodel.tests/debug/net8.0/microsoft.typespec.generator.clientmodel.tests.dll" id="155bcea2-a69c-4737-05b7-9a1a9d273028">
      <Execution id="b2c90826-1ba3-4524-91e0-b137c88007f6" />
      <TestMethod codeBase="/home/runner/work/typespec/typespec/packages/http-client-csharp/generator/artifacts/bin/Microsoft.TypeSpec.Generator.ClientModel.Tests/Debug/net8.0/Microsoft.TypeSpec.Generator.ClientModel.Tests.dll" adapterTypeName="executor://nunit3testexecutor/" className="Microsoft.TypeSpec.Generator.ClientModel.Tests.Providers.ScmMethodProviderCollectionTests" name="OperationWithOptionalIntEnum" />
    </UnitTest>
    <UnitTest name="ValidateBodyOfClientOperationIsOverridden" storage="/home/runner/work/typespec/typespec/packages/http-client-csharp/generator/artifacts/bin/microsoft.typespec.generator.clientmodel.tests/debug/net8.0/microsoft.typespec.generator.clientmodel.tests.dll" id="71d82155-81ae-2027-d8cd-1453a0d28522">
      <Execution id="c5bf02c6-65d6-4fcb-874d-aa7b7fef567b" />
      <TestMethod codeBase="/home/runner/work/typespec/typespec/packages/http-client-csharp/generator/artifacts/bin/Microsoft.TypeSpec.Generator.ClientModel.Tests/Debug/net8.0/Microsoft.TypeSpec.Generator.ClientModel.Tests.dll" adapterTypeName="executor://nunit3testexecutor/" className="Microsoft.TypeSpec.Generator.ClientModel.Tests.Providers.Abstractions.ClientResponseApiTests" name="ValidateBodyOfClientOperationIsOverridden" />
    </UnitTest>
    <UnitTest name="RoundTripWithJsonInterfaceUtf8Reader(&quot;J&quot;)" storage="/home/runner/work/typespec/typespec/packages/http-client-csharp/generator/artifacts/bin/microsoft.typespec.generator.clientmodel.tests/debug/net8.0/microsoft.typespec.generator.clientmodel.tests.dll" id="c7289480-094d-12d9-bb0b-c491f0334fd8">
      <Execution id="976d6e9a-2830-4745-a06e-82024ee74caf" />
      <TestMethod codeBase="/home/runner/work/typespec/typespec/packages/http-client-csharp/generator/artifacts/bin/Microsoft.TypeSpec.Generator.ClientModel.Tests/Debug/net8.0/Microsoft.TypeSpec.Generator.ClientModel.Tests.dll" adapterTypeName="executor://nunit3testexecutor/" className="Microsoft.TypeSpec.Generator.ClientModel.Tests.ModelReaderWriterValidation.TestProjects.Sample_TypeSpec.ThingWithNullsTests" name="RoundTripWithJsonInterfaceUtf8Reader(&quot;J&quot;)" />
    </UnitTest>
    <UnitTest name="ThrowsIfWireIsNotJson" storage="/home/runner/work/typespec/typespec/packages/http-client-csharp/generator/artifacts/bin/microsoft.typespec.generator.clientmodel.tests/debug/net8.0/microsoft.typespec.generator.clientmodel.tests.dll" id="fedf1bbb-8fa1-f79c-57f2-a44838558af8">
      <Execution id="16687c8b-d4f8-4018-a89d-bcd301c1bb4b" />
      <TestMethod codeBase="/home/runner/work/typespec/typespec/packages/http-client-csharp/generator/artifacts/bin/Microsoft.TypeSpec.Generator.ClientModel.Tests/Debug/net8.0/Microsoft.TypeSpec.Generator.ClientModel.Tests.dll" adapterTypeName="executor://nunit3testexecutor/" className="Microsoft.TypeSpec.Generator.ClientModel.Tests.ModelReaderWriterValidation.TestProjects.Sample_TypeSpec.ThingWithNullsTests" name="ThrowsIfWireIsNotJson" />
    </UnitTest>
    <UnitTest name="ValidateFields" storage="/home/runner/work/typespec/typespec/packages/http-client-csharp/generator/artifacts/bin/microsoft.typespec.generator.clientmodel.tests/debug/net8.0/microsoft.typespec.generator.clientmodel.tests.dll" id="fa1eba1d-67af-1549-37db-913bdb2669b8">
      <Execution id="10c06adb-ca0b-46b4-8107-25dfdfb4573d" />
      <TestMethod codeBase="/home/runner/work/typespec/typespec/packages/http-client-csharp/generator/artifacts/bin/Microsoft.TypeSpec.Generator.ClientModel.Tests/Debug/net8.0/Microsoft.TypeSpec.Generator.ClientModel.Tests.dll" adapterTypeName="executor://nunit3testexecutor/" className="Microsoft.TypeSpec.Generator.ClientModel.Tests.Providers.RestClientProviders.RestClientProviderTests" name="ValidateFields" />
    </UnitTest>
    <UnitTest name="ResetThenAppendQuery(&quot;http://localhost:12345&quot;,&quot;one|1&quot;,&quot;http://localhost:12345/?one=1&quot;)" storage="/home/runner/work/typespec/typespec/packages/http-client-csharp/generator/artifacts/bin/microsoft.typespec.generator.clientmodel.tests/debug/net8.0/microsoft.typespec.generator.clientmodel.tests.dll" id="1521db92-d0ad-eb1f-ad0c-05a73782449b">
      <Execution id="b3d59c1e-45c6-49ca-a5db-5d6d7b1140e6" />
      <TestMethod codeBase="/home/runner/work/typespec/typespec/packages/http-client-csharp/generator/artifacts/bin/Microsoft.TypeSpec.Generator.ClientModel.Tests/Debug/net8.0/Microsoft.TypeSpec.Generator.ClientModel.Tests.dll" adapterTypeName="executor://nunit3testexecutor/" className="Microsoft.TypeSpec.Generator.ClientModel.Tests.Providers.ClientUriBuilderTests" name="ResetThenAppendQuery(&quot;http://localhost:12345&quot;,&quot;one|1&quot;,&quot;http://localhost:12345/?one=1&quot;)" />
    </UnitTest>
    <UnitTest name="TestRestClientMethods(Microsoft.TypeSpec.Generator.Input.InputBasicServiceMethod)" storage="/home/runner/work/typespec/typespec/packages/http-client-csharp/generator/artifacts/bin/microsoft.typespec.generator.clientmodel.tests/debug/net8.0/microsoft.typespec.generator.clientmodel.tests.dll" id="f57ac424-adaf-1808-607f-9395be13912a">
      <Execution id="aac66814-cfa1-4be0-9182-ef26c31153c7" />
      <TestMethod codeBase="/home/runner/work/typespec/typespec/packages/http-client-csharp/generator/artifacts/bin/Microsoft.TypeSpec.Generator.ClientModel.Tests/Debug/net8.0/Microsoft.TypeSpec.Generator.ClientModel.Tests.dll" adapterTypeName="executor://nunit3testexecutor/" className="Microsoft.TypeSpec.Generator.ClientModel.Tests.Providers.RestClientProviders.RestClientProviderTests" name="TestRestClientMethods(Microsoft.TypeSpec.Generator.Input.InputBasicServiceMethod)" />
    </UnitTest>
    <UnitTest name="RoundTripWithJsonInterfaceOfT(&quot;J&quot;)" storage="/home/runner/work/typespec/typespec/packages/http-client-csharp/generator/artifacts/bin/microsoft.typespec.generator.clientmodel.tests/debug/net8.0/microsoft.typespec.generator.clientmodel.tests.dll" id="f7924615-42c6-5d3a-1294-83fa670fd078">
      <Execution id="a8fcd834-969c-4fe4-b005-bc13a975ff35" />
      <TestMethod codeBase="/home/runner/work/typespec/typespec/packages/http-client-csharp/generator/artifacts/bin/Microsoft.TypeSpec.Generator.ClientModel.Tests/Debug/net8.0/Microsoft.TypeSpec.Generator.ClientModel.Tests.dll" adapterTypeName="executor://nunit3testexecutor/" className="Microsoft.TypeSpec.Generator.ClientModel.Tests.ModelReaderWriterValidation.TestProjects.Sample_TypeSpec.RenamedModelTests" name="RoundTripWithJsonInterfaceOfT(&quot;J&quot;)" />
    </UnitTest>
    <UnitTest name="RoundTripWithJsonInterfaceUtf8ReaderNonGeneric(&quot;W&quot;)" storage="/home/runner/work/typespec/typespec/packages/http-client-csharp/generator/artifacts/bin/microsoft.typespec.generator.clientmodel.tests/debug/net8.0/microsoft.typespec.generator.clientmodel.tests.dll" id="96c6901d-cb68-884d-5e4f-ceda707a0dcc">
      <Execution id="73e55064-ba33-46a0-90d7-63437998f08d" />
      <TestMethod codeBase="/home/runner/work/typespec/typespec/packages/http-client-csharp/generator/artifacts/bin/Microsoft.TypeSpec.Generator.ClientModel.Tests/Debug/net8.0/Microsoft.TypeSpec.Generator.ClientModel.Tests.dll" adapterTypeName="executor://nunit3testexecutor/" className="Microsoft.TypeSpec.Generator.ClientModel.Tests.ModelReaderWriterValidation.TestProjects.Sample_TypeSpec.FriendTests" name="RoundTripWithJsonInterfaceUtf8ReaderNonGeneric(&quot;W&quot;)" />
    </UnitTest>
    <UnitTest name="ResetThenAppendQueryThenAppendPath(&quot;http://localhost&quot;,&quot;some&quot;,&quot;one|1&quot;,&quot;http://localhost/some?one=1&quot;)" storage="/home/runner/work/typespec/typespec/packages/http-client-csharp/generator/artifacts/bin/microsoft.typespec.generator.clientmodel.tests/debug/net8.0/microsoft.typespec.generator.clientmodel.tests.dll" id="f5c6406b-ed87-33a2-ceec-3f178635429e">
      <Execution id="968e413b-b60a-4a85-8f0d-c946519ef579" />
      <TestMethod codeBase="/home/runner/work/typespec/typespec/packages/http-client-csharp/generator/artifacts/bin/Microsoft.TypeSpec.Generator.ClientModel.Tests/Debug/net8.0/Microsoft.TypeSpec.Generator.ClientModel.Tests.dll" adapterTypeName="executor://nunit3testexecutor/" className="Microsoft.TypeSpec.Generator.ClientModel.Tests.Providers.ClientUriBuilderTests" name="ResetThenAppendQueryThenAppendPath(&quot;http://localhost&quot;,&quot;some&quot;,&quot;one|1&quot;,&quot;http://localhost/some?one=1&quot;)" />
    </UnitTest>
    <UnitTest name="ConvenienceMethodsHaveOptionalCancellationToken(Microsoft.TypeSpec.Generator.Input.InputBasicServiceMethod)" storage="/home/runner/work/typespec/typespec/packages/http-client-csharp/generator/artifacts/bin/microsoft.typespec.generator.clientmodel.tests/debug/net8.0/microsoft.typespec.generator.clientmodel.tests.dll" id="1e79c8d7-cd61-c59c-6dcf-65c08971bc10">
      <Execution id="9bb32ea8-6de1-4417-90ae-6248cc6f4d67" />
      <TestMethod codeBase="/home/runner/work/typespec/typespec/packages/http-client-csharp/generator/artifacts/bin/Microsoft.TypeSpec.Generator.ClientModel.Tests/Debug/net8.0/Microsoft.TypeSpec.Generator.ClientModel.Tests.dll" adapterTypeName="executor://nunit3testexecutor/" className="Microsoft.TypeSpec.Generator.ClientModel.Tests.Providers.ScmMethodProviderCollectionTests" name="ConvenienceMethodsHaveOptionalCancellationToken(Microsoft.TypeSpec.Generator.Input.InputBasicServiceMethod)" />
    </UnitTest>
    <UnitTest name="RoundTripWithModelReaderWriterNonGeneric(&quot;J&quot;)" storage="/home/runner/work/typespec/typespec/packages/http-client-csharp/generator/artifacts/bin/microsoft.typespec.generator.clientmodel.tests/debug/net8.0/microsoft.typespec.generator.clientmodel.tests.dll" id="95e5529b-4329-e8dc-eeed-d78a8fcdab90">
      <Execution id="43733640-92eb-44a5-bce4-3e550e6b0548" />
      <TestMethod codeBase="/home/runner/work/typespec/typespec/packages/http-client-csharp/generator/artifacts/bin/Microsoft.TypeSpec.Generator.ClientModel.Tests/Debug/net8.0/Microsoft.TypeSpec.Generator.ClientModel.Tests.dll" adapterTypeName="executor://nunit3testexecutor/" className="Microsoft.TypeSpec.Generator.ClientModel.Tests.ModelReaderWriterValidation.TestProjects.Sample_TypeSpec.ThingTests" name="RoundTripWithModelReaderWriterNonGeneric(&quot;J&quot;)" />
    </UnitTest>
    <UnitTest name="ValidateConvertToString(&quot;D&quot;,05/04/2020 00:00:00 +00:00,&quot;2020-05-04&quot;)" storage="/home/runner/work/typespec/typespec/packages/http-client-csharp/generator/artifacts/bin/microsoft.typespec.generator.clientmodel.tests/debug/net8.0/microsoft.typespec.generator.clientmodel.tests.dll" id="7f38df01-f099-1660-e545-044ff82cd7c2">
      <Execution id="11a61199-c104-4045-888b-67d3cbd3fbf7" />
      <TestMethod codeBase="/home/runner/work/typespec/typespec/packages/http-client-csharp/generator/artifacts/bin/Microsoft.TypeSpec.Generator.ClientModel.Tests/Debug/net8.0/Microsoft.TypeSpec.Generator.ClientModel.Tests.dll" adapterTypeName="executor://nunit3testexecutor/" className="Microsoft.TypeSpec.Generator.ClientModel.Tests.Providers.TypeFormatterTests" name="ValidateConvertToString(&quot;D&quot;,05/04/2020 00:00:00 +00:00,&quot;2020-05-04&quot;)" />
    </UnitTest>
    <UnitTest name="TestBuildFields(System.Collections.Generic.List`1[Microsoft.TypeSpec.Generator.Input.InputParameter],System.Collections.Generic.List`1[Microsoft.TypeSpec.Generator.ClientModel.Tests.Providers.ClientProviders.ClientProviderTests+ExpectedFieldProvider])" storage="/home/runner/work/typespec/typespec/packages/http-client-csharp/generator/artifacts/bin/microsoft.typespec.generator.clientmodel.tests/debug/net8.0/microsoft.typespec.generator.clientmodel.tests.dll" id="955cd9c5-d10e-23d7-8d60-ef62fae1fbcc">
      <Execution id="7059ac80-85d8-4807-bebc-94e3ddc146b7" />
      <TestMethod codeBase="/home/runner/work/typespec/typespec/packages/http-client-csharp/generator/artifacts/bin/Microsoft.TypeSpec.Generator.ClientModel.Tests/Debug/net8.0/Microsoft.TypeSpec.Generator.ClientModel.Tests.dll" adapterTypeName="executor://nunit3testexecutor/" className="Microsoft.TypeSpec.Generator.ClientModel.Tests.Providers.ClientProviders.ClientProviderTests" name="TestBuildFields(System.Collections.Generic.List`1[Microsoft.TypeSpec.Generator.Input.InputParameter],System.Collections.Generic.List`1[Microsoft.TypeSpec.Generator.ClientModel.Tests.Providers.ClientProviders.ClientProviderTests+ExpectedFieldProvider])" />
    </UnitTest>
    <UnitTest name="ValidateIsLastNamespaceSegmentTheSame(&quot;.Foo&quot;,&quot;Foo&quot;)" storage="/home/runner/work/typespec/typespec/packages/http-client-csharp/generator/artifacts/bin/microsoft.typespec.generator.clientmodel.tests/debug/net8.0/microsoft.typespec.generator.clientmodel.tests.dll" id="a0a3d471-9d79-b0a8-66e1-fb0ed7fc56be">
      <Execution id="63bd8bda-e986-468e-bb0c-ff301d313821" />
      <TestMethod codeBase="/home/runner/work/typespec/typespec/packages/http-client-csharp/generator/artifacts/bin/Microsoft.TypeSpec.Generator.ClientModel.Tests/Debug/net8.0/Microsoft.TypeSpec.Generator.ClientModel.Tests.dll" adapterTypeName="executor://nunit3testexecutor/" className="Microsoft.TypeSpec.Generator.ClientModel.Tests.Providers.ClientProviders.ClientProviderTests" name="ValidateIsLastNamespaceSegmentTheSame(&quot;.Foo&quot;,&quot;Foo&quot;)" />
    </UnitTest>
    <UnitTest name="TestNestedTypes(True)" storage="/home/runner/work/typespec/typespec/packages/http-client-csharp/generator/artifacts/bin/microsoft.typespec.generator.clientmodel.tests/debug/net8.0/microsoft.typespec.generator.clientmodel.tests.dll" id="1eebbacd-bca6-3a8c-37b6-3e2efdecc729">
      <Execution id="4b590e1f-36f4-4e8c-a5a9-fe9580c45c60" />
      <TestMethod codeBase="/home/runner/work/typespec/typespec/packages/http-client-csharp/generator/artifacts/bin/Microsoft.TypeSpec.Generator.ClientModel.Tests/Debug/net8.0/Microsoft.TypeSpec.Generator.ClientModel.Tests.dll" adapterTypeName="executor://nunit3testexecutor/" className="Microsoft.TypeSpec.Generator.ClientModel.Tests.Providers.ClientOptionsProviderTests" name="TestNestedTypes(True)" />
    </UnitTest>
    <UnitTest name="ValidateConvertToString(&quot;D&quot;,[1, 2, 3],&quot;AQID&quot;)" storage="/home/runner/work/typespec/typespec/packages/http-client-csharp/generator/artifacts/bin/microsoft.typespec.generator.clientmodel.tests/debug/net8.0/microsoft.typespec.generator.clientmodel.tests.dll" id="b030cc08-927e-166a-c61c-0f77792a9336">
      <Execution id="f4908036-8ee8-4240-b52a-3bf42bd095ad" />
      <TestMethod codeBase="/home/runner/work/typespec/typespec/packages/http-client-csharp/generator/artifacts/bin/Microsoft.TypeSpec.Generator.ClientModel.Tests/Debug/net8.0/Microsoft.TypeSpec.Generator.ClientModel.Tests.dll" adapterTypeName="executor://nunit3testexecutor/" className="Microsoft.TypeSpec.Generator.ClientModel.Tests.Providers.TypeFormatterTests" name="ValidateConvertToString(&quot;D&quot;,[1, 2, 3],&quot;AQID&quot;)" />
    </UnitTest>
    <UnitTest name="HeaderParameterOptionality(True,True)" storage="/home/runner/work/typespec/typespec/packages/http-client-csharp/generator/artifacts/bin/microsoft.typespec.generator.clientmodel.tests/debug/net8.0/microsoft.typespec.generator.clientmodel.tests.dll" id="b0955da3-ce5b-b0b3-75ec-821ea063e503">
      <Execution id="b7a493ca-c462-455a-befd-f5c0a9648760" />
      <TestMethod codeBase="/home/runner/work/typespec/typespec/packages/http-client-csharp/generator/artifacts/bin/Microsoft.TypeSpec.Generator.ClientModel.Tests/Debug/net8.0/Microsoft.TypeSpec.Generator.ClientModel.Tests.dll" adapterTypeName="executor://nunit3testexecutor/" className="Microsoft.TypeSpec.Generator.ClientModel.Tests.Providers.RestClientProviders.RestClientProviderTests" name="HeaderParameterOptionality(True,True)" />
    </UnitTest>
    <UnitTest name="ResetThenAppendPath(&quot;http://localhost&quot;,&quot;/path/&quot;,&quot;http://localhost/path/&quot;)" storage="/home/runner/work/typespec/typespec/packages/http-client-csharp/generator/artifacts/bin/microsoft.typespec.generator.clientmodel.tests/debug/net8.0/microsoft.typespec.generator.clientmodel.tests.dll" id="442735ff-489f-a552-413b-c62743e9c691">
      <Execution id="0b26abde-5647-415d-a8ab-9b47e40fe0e6" />
      <TestMethod codeBase="/home/runner/work/typespec/typespec/packages/http-client-csharp/generator/artifacts/bin/Microsoft.TypeSpec.Generator.ClientModel.Tests/Debug/net8.0/Microsoft.TypeSpec.Generator.ClientModel.Tests.dll" adapterTypeName="executor://nunit3testexecutor/" className="Microsoft.TypeSpec.Generator.ClientModel.Tests.Providers.ClientUriBuilderTests" name="ResetThenAppendPath(&quot;http://localhost&quot;,&quot;/path/&quot;,&quot;http://localhost/path/&quot;)" />
    </UnitTest>
    <UnitTest name="RoundTripWithModelReaderWriter(&quot;J&quot;)" storage="/home/runner/work/typespec/typespec/packages/http-client-csharp/generator/artifacts/bin/microsoft.typespec.generator.clientmodel.tests/debug/net8.0/microsoft.typespec.generator.clientmodel.tests.dll" id="ce3202ff-b814-8931-693c-9cdadf50e8a5">
      <Execution id="caff1ecd-0903-4416-bb0f-c8af4d82aeff" />
      <TestMethod codeBase="/home/runner/work/typespec/typespec/packages/http-client-csharp/generator/artifacts/bin/Microsoft.TypeSpec.Generator.ClientModel.Tests/Debug/net8.0/Microsoft.TypeSpec.Generator.ClientModel.Tests.dll" adapterTypeName="executor://nunit3testexecutor/" className="Microsoft.TypeSpec.Generator.ClientModel.Tests.ModelReaderWriterValidation.TestProjects.Sample_TypeSpec.RoundTripModelTests" name="RoundTripWithModelReaderWriter(&quot;J&quot;)" />
    </UnitTest>
    <UnitTest name="TestConstructors(True)" storage="/home/runner/work/typespec/typespec/packages/http-client-csharp/generator/artifacts/bin/microsoft.typespec.generator.clientmodel.tests/debug/net8.0/microsoft.typespec.generator.clientmodel.tests.dll" id="dd7e6866-8340-bf6e-eb04-ef29b1a07f97">
      <Execution id="4eb99fe1-7346-4be1-ba04-a7e0b9ec0cb6" />
      <TestMethod codeBase="/home/runner/work/typespec/typespec/packages/http-client-csharp/generator/artifacts/bin/Microsoft.TypeSpec.Generator.ClientModel.Tests/Debug/net8.0/Microsoft.TypeSpec.Generator.ClientModel.Tests.dll" adapterTypeName="executor://nunit3testexecutor/" className="Microsoft.TypeSpec.Generator.ClientModel.Tests.Providers.ClientOptionsProviderTests" name="TestConstructors(True)" />
    </UnitTest>
    <UnitTest name="TestBuildPersistableModelCreateCoreMethod_DerivedType" storage="/home/runner/work/typespec/typespec/packages/http-client-csharp/generator/artifacts/bin/microsoft.typespec.generator.clientmodel.tests/debug/net8.0/microsoft.typespec.generator.clientmodel.tests.dll" id="860fe6c6-f4cf-3612-5ed7-a9bea3b42189">
      <Execution id="e4fe46c1-e938-47fd-9a15-cae2c7e48db2" />
      <TestMethod codeBase="/home/runner/work/typespec/typespec/packages/http-client-csharp/generator/artifacts/bin/Microsoft.TypeSpec.Generator.ClientModel.Tests/Debug/net8.0/Microsoft.TypeSpec.Generator.ClientModel.Tests.dll" adapterTypeName="executor://nunit3testexecutor/" className="Microsoft.TypeSpec.Generator.ClientModel.Tests.Providers.MrwSerializationTypeDefinitions.PersistableModelCoreTests" name="TestBuildPersistableModelCreateCoreMethod_DerivedType" />
    </UnitTest>
    <UnitTest name="ResetThenAppendPath(&quot;http://localhost:12345&quot;,&quot;path&quot;,&quot;http://localhost:12345/path&quot;)" storage="/home/runner/work/typespec/typespec/packages/http-client-csharp/generator/artifacts/bin/microsoft.typespec.generator.clientmodel.tests/debug/net8.0/microsoft.typespec.generator.clientmodel.tests.dll" id="762352be-2e5f-00ff-3b2e-3e465a79cd39">
      <Execution id="0a05c5f4-ab54-4fbc-90fb-35d2522a0cfe" />
      <TestMethod codeBase="/home/runner/work/typespec/typespec/packages/http-client-csharp/generator/artifacts/bin/Microsoft.TypeSpec.Generator.ClientModel.Tests/Debug/net8.0/Microsoft.TypeSpec.Generator.ClientModel.Tests.dll" adapterTypeName="executor://nunit3testexecutor/" className="Microsoft.TypeSpec.Generator.ClientModel.Tests.Providers.ClientUriBuilderTests" name="ResetThenAppendPath(&quot;http://localhost:12345&quot;,&quot;path&quot;,&quot;http://localhost:12345/path&quot;)" />
    </UnitTest>
    <UnitTest name="TestDefaultCSharpMethodCollection(Microsoft.TypeSpec.Generator.Input.InputBasicServiceMethod)" storage="/home/runner/work/typespec/typespec/packages/http-client-csharp/generator/artifacts/bin/microsoft.typespec.generator.clientmodel.tests/debug/net8.0/microsoft.typespec.generator.clientmodel.tests.dll" id="9dc477ec-e1a1-d66d-01b6-1f6f67046bad">
      <Execution id="2b33d694-ac56-4f09-81bd-308b7d18fbde" />
      <TestMethod codeBase="/home/runner/work/typespec/typespec/packages/http-client-csharp/generator/artifacts/bin/Microsoft.TypeSpec.Generator.ClientModel.Tests/Debug/net8.0/Microsoft.TypeSpec.Generator.ClientModel.Tests.dll" adapterTypeName="executor://nunit3testexecutor/" className="Microsoft.TypeSpec.Generator.ClientModel.Tests.Providers.ScmMethodProviderCollectionTests" name="TestDefaultCSharpMethodCollection(Microsoft.TypeSpec.Generator.Input.InputBasicServiceMethod)" />
    </UnitTest>
    <UnitTest name="AppendPathDelimited_StringArray(&quot;http://localhost&quot;,[&quot;hello&quot;, &quot;world&quot;],&quot;.&quot;,False,&quot;http://localhost/hello.world&quot;)" storage="/home/runner/work/typespec/typespec/packages/http-client-csharp/generator/artifacts/bin/microsoft.typespec.generator.clientmodel.tests/debug/net8.0/microsoft.typespec.generator.clientmodel.tests.dll" id="67e8750c-0d0a-c477-eb48-6ae9f2c03135">
      <Execution id="203691f2-a38a-4167-beeb-1b7e98a81077" />
      <TestMethod codeBase="/home/runner/work/typespec/typespec/packages/http-client-csharp/generator/artifacts/bin/Microsoft.TypeSpec.Generator.ClientModel.Tests/Debug/net8.0/Microsoft.TypeSpec.Generator.ClientModel.Tests.dll" adapterTypeName="executor://nunit3testexecutor/" className="Microsoft.TypeSpec.Generator.ClientModel.Tests.Providers.ClientUriBuilderTests" name="AppendPathDelimited_StringArray(&quot;http://localhost&quot;,[&quot;hello&quot;, &quot;world&quot;],&quot;.&quot;,False,&quot;http://localhost/hello.world&quot;)" />
    </UnitTest>
    <UnitTest name="NoNextLinkOrContinuationTokenOfTAsync" storage="/home/runner/work/typespec/typespec/packages/http-client-csharp/generator/artifacts/bin/microsoft.typespec.generator.clientmodel.tests/debug/net8.0/microsoft.typespec.generator.clientmodel.tests.dll" id="d4e8a370-9b59-6ddd-5a28-e76f3ca89b62">
      <Execution id="b77a34a9-e975-41e8-be88-4d9fe51f8562" />
      <TestMethod codeBase="/home/runner/work/typespec/typespec/packages/http-client-csharp/generator/artifacts/bin/Microsoft.TypeSpec.Generator.ClientModel.Tests/Debug/net8.0/Microsoft.TypeSpec.Generator.ClientModel.Tests.dll" adapterTypeName="executor://nunit3testexecutor/" className="Microsoft.TypeSpec.Generator.ClientModel.Tests.Providers.CollectionResultDefinitions.ListPageableTests" name="NoNextLinkOrContinuationTokenOfTAsync" />
    </UnitTest>
    <UnitTest name="ValidateConvertToString(null,299792458L,&quot;299792458&quot;)" storage="/home/runner/work/typespec/typespec/packages/http-client-csharp/generator/artifacts/bin/microsoft.typespec.generator.clientmodel.tests/debug/net8.0/microsoft.typespec.generator.clientmodel.tests.dll" id="a0417d24-94d1-2703-f2aa-48245183ab9c">
      <Execution id="64347229-308c-490b-80b6-027bae57e7a2" />
      <TestMethod codeBase="/home/runner/work/typespec/typespec/packages/http-client-csharp/generator/artifacts/bin/Microsoft.TypeSpec.Generator.ClientModel.Tests/Debug/net8.0/Microsoft.TypeSpec.Generator.ClientModel.Tests.dll" adapterTypeName="executor://nunit3testexecutor/" className="Microsoft.TypeSpec.Generator.ClientModel.Tests.Providers.TypeFormatterTests" name="ValidateConvertToString(null,299792458L,&quot;299792458&quot;)" />
    </UnitTest>
    <UnitTest name="AppendPath_DateTimeOffset(&quot;http://localhost&quot;,&quot;6/30/1905 1:14:00 PM +00:00&quot;,&quot;R&quot;,False,&quot;http://localhost/Fri, 30 Jun 1905 13:14:00 GMT&quot;)" storage="/home/runner/work/typespec/typespec/packages/http-client-csharp/generator/artifacts/bin/microsoft.typespec.generator.clientmodel.tests/debug/net8.0/microsoft.typespec.generator.clientmodel.tests.dll" id="10412a26-d271-3a10-699f-0019dcc2c02f">
      <Execution id="6d5be17d-c0fe-46b0-8e47-0fee212001be" />
      <TestMethod codeBase="/home/runner/work/typespec/typespec/packages/http-client-csharp/generator/artifacts/bin/Microsoft.TypeSpec.Generator.ClientModel.Tests/Debug/net8.0/Microsoft.TypeSpec.Generator.ClientModel.Tests.dll" adapterTypeName="executor://nunit3testexecutor/" className="Microsoft.TypeSpec.Generator.ClientModel.Tests.Providers.ClientUriBuilderTests" name="AppendPath_DateTimeOffset(&quot;http://localhost&quot;,&quot;6/30/1905 1:14:00 PM +00:00&quot;,&quot;R&quot;,False,&quot;http://localhost/Fri, 30 Jun 1905 13:14:00 GMT&quot;)" />
    </UnitTest>
    <UnitTest name="CanChangePropertyName" storage="/home/runner/work/typespec/typespec/packages/http-client-csharp/generator/artifacts/bin/microsoft.typespec.generator.clientmodel.tests/debug/net8.0/microsoft.typespec.generator.clientmodel.tests.dll" id="811a06d5-2f4e-bebd-c789-674c382a7929">
      <Execution id="18f79440-f5ff-4e04-858d-37d958bede9a" />
      <TestMethod codeBase="/home/runner/work/typespec/typespec/packages/http-client-csharp/generator/artifacts/bin/Microsoft.TypeSpec.Generator.ClientModel.Tests/Debug/net8.0/Microsoft.TypeSpec.Generator.ClientModel.Tests.dll" adapterTypeName="executor://nunit3testexecutor/" className="Microsoft.TypeSpec.Generator.ClientModel.Tests.Providers.MrwSerializationTypeDefinitions.ModelCustomizationTests" name="CanChangePropertyName" />
    </UnitTest>
    <UnitTest name="ResetThenAppendPath(&quot;http://localhost:12345/with&quot;,&quot;/path&quot;,&quot;http://localhost:12345/with/path&quot;)" storage="/home/runner/work/typespec/typespec/packages/http-client-csharp/generator/artifacts/bin/microsoft.typespec.generator.clientmodel.tests/debug/net8.0/microsoft.typespec.generator.clientmodel.tests.dll" id="14f15414-7ce9-a88d-2f2c-1edc373dc303">
      <Execution id="21822cad-c958-4481-bb01-ce00455b0d86" />
      <TestMethod codeBase="/home/runner/work/typespec/typespec/packages/http-client-csharp/generator/artifacts/bin/Microsoft.TypeSpec.Generator.ClientModel.Tests/Debug/net8.0/Microsoft.TypeSpec.Generator.ClientModel.Tests.dll" adapterTypeName="executor://nunit3testexecutor/" className="Microsoft.TypeSpec.Generator.ClientModel.Tests.Providers.ClientUriBuilderTests" name="ResetThenAppendPath(&quot;http://localhost:12345/with&quot;,&quot;/path&quot;,&quot;http://localhost:12345/with/path&quot;)" />
    </UnitTest>
    <UnitTest name="FormatsDatesAsString(&quot;O&quot;,12/31/9999 23:59:59 +00:00,&quot;9999-12-31T23:59:59.9999999Z&quot;)" storage="/home/runner/work/typespec/typespec/packages/http-client-csharp/generator/artifacts/bin/microsoft.typespec.generator.clientmodel.tests/debug/net8.0/microsoft.typespec.generator.clientmodel.tests.dll" id="41ebbba1-9e29-8cbf-57ae-582d5f80b59e">
      <Execution id="7aa6e06e-c1f3-45ab-94f3-f3df6b621087" />
      <TestMethod codeBase="/home/runner/work/typespec/typespec/packages/http-client-csharp/generator/artifacts/bin/Microsoft.TypeSpec.Generator.ClientModel.Tests/Debug/net8.0/Microsoft.TypeSpec.Generator.ClientModel.Tests.dll" adapterTypeName="executor://nunit3testexecutor/" className="Microsoft.TypeSpec.Generator.ClientModel.Tests.Providers.TypeFormatterTests" name="FormatsDatesAsString(&quot;O&quot;,12/31/9999 23:59:59 +00:00,&quot;9999-12-31T23:59:59.9999999Z&quot;)" />
    </UnitTest>
    <UnitTest name="ResetThenAppendQuery(&quot;http://localhost/some&quot;,&quot;one|1|two|2&quot;,&quot;http://localhost/some?one=1&amp;two=2&quot;)" storage="/home/runner/work/typespec/typespec/packages/http-client-csharp/generator/artifacts/bin/microsoft.typespec.generator.clientmodel.tests/debug/net8.0/microsoft.typespec.generator.clientmodel.tests.dll" id="4b263b67-44cb-8b8f-e3e0-1151d2d64a6c">
      <Execution id="471eb67c-3a22-4cc9-a364-a171ad13ca54" />
      <TestMethod codeBase="/home/runner/work/typespec/typespec/packages/http-client-csharp/generator/artifacts/bin/Microsoft.TypeSpec.Generator.ClientModel.Tests/Debug/net8.0/Microsoft.TypeSpec.Generator.ClientModel.Tests.dll" adapterTypeName="executor://nunit3testexecutor/" className="Microsoft.TypeSpec.Generator.ClientModel.Tests.Providers.ClientUriBuilderTests" name="ResetThenAppendQuery(&quot;http://localhost/some&quot;,&quot;one|1|two|2&quot;,&quot;http://localhost/some?one=1&amp;two=2&quot;)" />
    </UnitTest>
    <UnitTest name="ResetThenAppendPathThenAppendQuery(&quot;http://localhost:12345&quot;,&quot;/some/&quot;,&quot;one|1&quot;,&quot;http://localhost:12345/some/?one=1&quot;)" storage="/home/runner/work/typespec/typespec/packages/http-client-csharp/generator/artifacts/bin/microsoft.typespec.generator.clientmodel.tests/debug/net8.0/microsoft.typespec.generator.clientmodel.tests.dll" id="a038b769-e4a5-816c-c60d-2cf3795b10fd">
      <Execution id="dc563e66-2669-4248-a9cd-69f933ef2ef6" />
      <TestMethod codeBase="/home/runner/work/typespec/typespec/packages/http-client-csharp/generator/artifacts/bin/Microsoft.TypeSpec.Generator.ClientModel.Tests/Debug/net8.0/Microsoft.TypeSpec.Generator.ClientModel.Tests.dll" adapterTypeName="executor://nunit3testexecutor/" className="Microsoft.TypeSpec.Generator.ClientModel.Tests.Providers.ClientUriBuilderTests" name="ResetThenAppendPathThenAppendQuery(&quot;http://localhost:12345&quot;,&quot;/some/&quot;,&quot;one|1&quot;,&quot;http://localhost:12345/some/?one=1&quot;)" />
    </UnitTest>
    <UnitTest name="AppendPath_Int(&quot;http://localhost&quot;,299792458,True,&quot;http://localhost/299792458&quot;)" storage="/home/runner/work/typespec/typespec/packages/http-client-csharp/generator/artifacts/bin/microsoft.typespec.generator.clientmodel.tests/debug/net8.0/microsoft.typespec.generator.clientmodel.tests.dll" id="465ab36c-5b4a-6a04-9a83-83cbcfe4d8c7">
      <Execution id="9be8dab5-1ef4-4c7b-842d-300e00d6fb0e" />
      <TestMethod codeBase="/home/runner/work/typespec/typespec/packages/http-client-csharp/generator/artifacts/bin/Microsoft.TypeSpec.Generator.ClientModel.Tests/Debug/net8.0/Microsoft.TypeSpec.Generator.ClientModel.Tests.dll" adapterTypeName="executor://nunit3testexecutor/" className="Microsoft.TypeSpec.Generator.ClientModel.Tests.Providers.ClientUriBuilderTests" name="AppendPath_Int(&quot;http://localhost&quot;,299792458,True,&quot;http://localhost/299792458&quot;)" />
    </UnitTest>
    <UnitTest name="RoundTripWithModelInterface(&quot;J&quot;)" storage="/home/runner/work/typespec/typespec/packages/http-client-csharp/generator/artifacts/bin/microsoft.typespec.generator.clientmodel.tests/debug/net8.0/microsoft.typespec.generator.clientmodel.tests.dll" id="afbfe3bb-182e-d88f-133e-7ef3fc63c181">
      <Execution id="d0ed5355-319b-4043-a357-45fb478c8c69" />
      <TestMethod codeBase="/home/runner/work/typespec/typespec/packages/http-client-csharp/generator/artifacts/bin/Microsoft.TypeSpec.Generator.ClientModel.Tests/Debug/net8.0/Microsoft.TypeSpec.Generator.ClientModel.Tests.dll" adapterTypeName="executor://nunit3testexecutor/" className="Microsoft.TypeSpec.Generator.ClientModel.Tests.ModelReaderWriterValidation.TestProjects.Sample_TypeSpec.FriendTests" name="RoundTripWithModelInterface(&quot;J&quot;)" />
    </UnitTest>
    <UnitTest name="ValidateIsLastNamespaceSegmentTheSame(&quot;Foo&quot;,&quot;/Foo&quot;)" storage="/home/runner/work/typespec/typespec/packages/http-client-csharp/generator/artifacts/bin/microsoft.typespec.generator.clientmodel.tests/debug/net8.0/microsoft.typespec.generator.clientmodel.tests.dll" id="a6604334-c3da-4032-2d4c-e714d71d6226">
      <Execution id="62660824-c174-4188-9d15-b74370b24bdf" />
      <TestMethod codeBase="/home/runner/work/typespec/typespec/packages/http-client-csharp/generator/artifacts/bin/Microsoft.TypeSpec.Generator.ClientModel.Tests/Debug/net8.0/Microsoft.TypeSpec.Generator.ClientModel.Tests.dll" adapterTypeName="executor://nunit3testexecutor/" className="Microsoft.TypeSpec.Generator.ClientModel.Tests.Providers.ClientProviders.ClientProviderTests" name="ValidateIsLastNamespaceSegmentTheSame(&quot;Foo&quot;,&quot;/Foo&quot;)" />
    </UnitTest>
    <UnitTest name="AppendQuery_DateTimeOffset(&quot;http://localhost&quot;,&quot;6/30/1905 1:14:00 PM +00:00&quot;,&quot;O&quot;,True,&quot;http://localhost/?query=1905-06-30T13%3A14%3A00.0000000Z&quot;)" storage="/home/runner/work/typespec/typespec/packages/http-client-csharp/generator/artifacts/bin/microsoft.typespec.generator.clientmodel.tests/debug/net8.0/microsoft.typespec.generator.clientmodel.tests.dll" id="0205f87e-48c5-9939-4e7f-5d740be0ddd9">
      <Execution id="8d59ee1f-52a5-4a86-b955-a9ab538b11e6" />
      <TestMethod codeBase="/home/runner/work/typespec/typespec/packages/http-client-csharp/generator/artifacts/bin/Microsoft.TypeSpec.Generator.ClientModel.Tests/Debug/net8.0/Microsoft.TypeSpec.Generator.ClientModel.Tests.dll" adapterTypeName="executor://nunit3testexecutor/" className="Microsoft.TypeSpec.Generator.ClientModel.Tests.Providers.ClientUriBuilderTests" name="AppendQuery_DateTimeOffset(&quot;http://localhost&quot;,&quot;6/30/1905 1:14:00 PM +00:00&quot;,&quot;O&quot;,True,&quot;http://localhost/?query=1905-06-30T13%3A14%3A00.0000000Z&quot;)" />
    </UnitTest>
    <UnitTest name="SubClientWithMultipleSubClients" storage="/home/runner/work/typespec/typespec/packages/http-client-csharp/generator/artifacts/bin/microsoft.typespec.generator.clientmodel.tests/debug/net8.0/microsoft.typespec.generator.clientmodel.tests.dll" id="304239fc-7054-9e5d-eba6-2bd02a709820">
      <Execution id="0d632b9c-3553-4085-829f-b448fe2bd6b6" />
      <TestMethod codeBase="/home/runner/work/typespec/typespec/packages/http-client-csharp/generator/artifacts/bin/Microsoft.TypeSpec.Generator.ClientModel.Tests/Debug/net8.0/Microsoft.TypeSpec.Generator.ClientModel.Tests.dll" adapterTypeName="executor://nunit3testexecutor/" className="Microsoft.TypeSpec.Generator.ClientModel.Tests.Providers.ClientProviders.ClientProviderSubClientTests" name="SubClientWithMultipleSubClients" />
    </UnitTest>
    <UnitTest name="ListMethodsAreRenamedToGet" storage="/home/runner/work/typespec/typespec/packages/http-client-csharp/generator/artifacts/bin/microsoft.typespec.generator.clientmodel.tests/debug/net8.0/microsoft.typespec.generator.clientmodel.tests.dll" id="7f634d4b-27ed-9ff9-784d-d68a8b9fe380">
      <Execution id="db7a910f-f753-49df-8c8a-d0e8af7fc2d2" />
      <TestMethod codeBase="/home/runner/work/typespec/typespec/packages/http-client-csharp/generator/artifacts/bin/Microsoft.TypeSpec.Generator.ClientModel.Tests/Debug/net8.0/Microsoft.TypeSpec.Generator.ClientModel.Tests.dll" adapterTypeName="executor://nunit3testexecutor/" className="Microsoft.TypeSpec.Generator.ClientModel.Tests.Providers.ClientProviders.ClientProviderTests" name="ListMethodsAreRenamedToGet" />
    </UnitTest>
    <UnitTest name="NextLinkInHeader" storage="/home/runner/work/typespec/typespec/packages/http-client-csharp/generator/artifacts/bin/microsoft.typespec.generator.clientmodel.tests/debug/net8.0/microsoft.typespec.generator.clientmodel.tests.dll" id="b4007647-38ed-a41c-6e85-a9dbf46fa5bf">
      <Execution id="b01688bd-d75d-4df7-a299-7c4bbb6970c8" />
      <TestMethod codeBase="/home/runner/work/typespec/typespec/packages/http-client-csharp/generator/artifacts/bin/Microsoft.TypeSpec.Generator.ClientModel.Tests/Debug/net8.0/Microsoft.TypeSpec.Generator.ClientModel.Tests.dll" adapterTypeName="executor://nunit3testexecutor/" className="Microsoft.TypeSpec.Generator.ClientModel.Tests.Providers.CollectionResultDefinitions.NextLinkTests" name="NextLinkInHeader" />
    </UnitTest>
    <UnitTest name="TestIntSerializationStatement(SafeInt,&quot;string&quot;)" storage="/home/runner/work/typespec/typespec/packages/http-client-csharp/generator/artifacts/bin/microsoft.typespec.generator.clientmodel.tests/debug/net8.0/microsoft.typespec.generator.clientmodel.tests.dll" id="77bc6e3f-5d9f-dd2e-7e9a-08f79f19bcfe">
      <Execution id="bf200c4d-efd6-4f90-9bd0-e4f6e10efc2b" />
      <TestMethod codeBase="/home/runner/work/typespec/typespec/packages/http-client-csharp/generator/artifacts/bin/Microsoft.TypeSpec.Generator.ClientModel.Tests/Debug/net8.0/Microsoft.TypeSpec.Generator.ClientModel.Tests.dll" adapterTypeName="executor://nunit3testexecutor/" className="Microsoft.TypeSpec.Generator.ClientModel.Tests.Providers.MrwSerializationTypeDefinitions.MrwSerializationTypeDefinitionTests" name="TestIntSerializationStatement(SafeInt,&quot;string&quot;)" />
    </UnitTest>
    <UnitTest name="TestDeserializationStatement(Microsoft.TypeSpec.Generator.Input.InputModelProperty,True,False)" storage="/home/runner/work/typespec/typespec/packages/http-client-csharp/generator/artifacts/bin/microsoft.typespec.generator.clientmodel.tests/debug/net8.0/microsoft.typespec.generator.clientmodel.tests.dll" id="99c7137a-c4cc-c248-105c-3d4d4355e432">
      <Execution id="43a9a055-89e1-4aea-ba95-5360f90ec397" />
      <TestMethod codeBase="/home/runner/work/typespec/typespec/packages/http-client-csharp/generator/artifacts/bin/Microsoft.TypeSpec.Generator.ClientModel.Tests/Debug/net8.0/Microsoft.TypeSpec.Generator.ClientModel.Tests.dll" adapterTypeName="executor://nunit3testexecutor/" className="Microsoft.TypeSpec.Generator.ClientModel.Tests.Providers.MrwSerializationTypeDefinitions.DeserializationTests" name="TestDeserializationStatement(Microsoft.TypeSpec.Generator.Input.InputModelProperty,True,False)" />
    </UnitTest>
    <UnitTest name="TestBuildPersistableModelCreateMethod" storage="/home/runner/work/typespec/typespec/packages/http-client-csharp/generator/artifacts/bin/microsoft.typespec.generator.clientmodel.tests/debug/net8.0/microsoft.typespec.generator.clientmodel.tests.dll" id="faf80909-a0ab-f142-10c5-3b6917abff3a">
      <Execution id="92ecf7bf-27df-4129-b651-1e03f8e8587d" />
      <TestMethod codeBase="/home/runner/work/typespec/typespec/packages/http-client-csharp/generator/artifacts/bin/Microsoft.TypeSpec.Generator.ClientModel.Tests/Debug/net8.0/Microsoft.TypeSpec.Generator.ClientModel.Tests.dll" adapterTypeName="executor://nunit3testexecutor/" className="Microsoft.TypeSpec.Generator.ClientModel.Tests.Providers.MrwSerializationTypeDefinitions.MrwSerializationTypeDefinitionTests" name="TestBuildPersistableModelCreateMethod" />
    </UnitTest>
    <UnitTest name="TestEqualAfterConvertingToUtc(&quot;2020-05-04T03:02:01.1230000-08:00&quot;)" storage="/home/runner/work/typespec/typespec/packages/http-client-csharp/generator/artifacts/bin/microsoft.typespec.generator.clientmodel.tests/debug/net8.0/microsoft.typespec.generator.clientmodel.tests.dll" id="6ac21b09-6a82-496e-b35b-b25d2eeff3bd">
      <Execution id="ebd719bb-a2be-49a7-8542-5a29907cd207" />
      <TestMethod codeBase="/home/runner/work/typespec/typespec/packages/http-client-csharp/generator/artifacts/bin/Microsoft.TypeSpec.Generator.ClientModel.Tests/Debug/net8.0/Microsoft.TypeSpec.Generator.ClientModel.Tests.dll" adapterTypeName="executor://nunit3testexecutor/" className="Microsoft.TypeSpec.Generator.ClientModel.Tests.Providers.TypeFormatterTests" name="TestEqualAfterConvertingToUtc(&quot;2020-05-04T03:02:01.1230000-08:00&quot;)" />
    </UnitTest>
    <UnitTest name="RoundTripWithModelReaderWriter(&quot;W&quot;)" storage="/home/runner/work/typespec/typespec/packages/http-client-csharp/generator/artifacts/bin/microsoft.typespec.generator.clientmodel.tests/debug/net8.0/microsoft.typespec.generator.clientmodel.tests.dll" id="26fe1055-2113-22c2-6ca3-f104b331390f">
      <Execution id="0adb055c-9b5e-4ed2-8f94-0fd08ecb3aaf" />
      <TestMethod codeBase="/home/runner/work/typespec/typespec/packages/http-client-csharp/generator/artifacts/bin/Microsoft.TypeSpec.Generator.ClientModel.Tests/Debug/net8.0/Microsoft.TypeSpec.Generator.ClientModel.Tests.dll" adapterTypeName="executor://nunit3testexecutor/" className="Microsoft.TypeSpec.Generator.ClientModel.Tests.ModelReaderWriterValidation.TestProjects.Sample_TypeSpec.FriendTests" name="RoundTripWithModelReaderWriter(&quot;W&quot;)" />
    </UnitTest>
    <UnitTest name="ValidateIsLastNamespaceSegmentTheSame(&quot;Bar.Foo&quot;,&quot;Foo&quot;)" storage="/home/runner/work/typespec/typespec/packages/http-client-csharp/generator/artifacts/bin/microsoft.typespec.generator.clientmodel.tests/debug/net8.0/microsoft.typespec.generator.clientmodel.tests.dll" id="0a9d26e0-52b5-9b8d-bb94-0a318551e657">
      <Execution id="e8b86699-d2cc-482e-aed5-3ac0e3994d3b" />
      <TestMethod codeBase="/home/runner/work/typespec/typespec/packages/http-client-csharp/generator/artifacts/bin/Microsoft.TypeSpec.Generator.ClientModel.Tests/Debug/net8.0/Microsoft.TypeSpec.Generator.ClientModel.Tests.dll" adapterTypeName="executor://nunit3testexecutor/" className="Microsoft.TypeSpec.Generator.ClientModel.Tests.Providers.ClientProviders.ClientProviderTests" name="ValidateIsLastNamespaceSegmentTheSame(&quot;Bar.Foo&quot;,&quot;Foo&quot;)" />
    </UnitTest>
    <UnitTest name="RoundTripWithJsonInterfaceUtf8ReaderNonGeneric(&quot;W&quot;)" storage="/home/runner/work/typespec/typespec/packages/http-client-csharp/generator/artifacts/bin/microsoft.typespec.generator.clientmodel.tests/debug/net8.0/microsoft.typespec.generator.clientmodel.tests.dll" id="b30720bd-f140-b124-33ed-afa9a981ffb4">
      <Execution id="f7a146fb-e8ea-4dd6-ad60-531d28dafbc5" />
      <TestMethod codeBase="/home/runner/work/typespec/typespec/packages/http-client-csharp/generator/artifacts/bin/Microsoft.TypeSpec.Generator.ClientModel.Tests/Debug/net8.0/Microsoft.TypeSpec.Generator.ClientModel.Tests.dll" adapterTypeName="executor://nunit3testexecutor/" className="Microsoft.TypeSpec.Generator.ClientModel.Tests.ModelReaderWriterValidation.TestProjects.Sample_TypeSpec.RoundTripModelTests" name="RoundTripWithJsonInterfaceUtf8ReaderNonGeneric(&quot;W&quot;)" />
    </UnitTest>
    <UnitTest name="TestDeserializationStatement(Microsoft.TypeSpec.Generator.Input.InputModelProperty,True,True)" storage="/home/runner/work/typespec/typespec/packages/http-client-csharp/generator/artifacts/bin/microsoft.typespec.generator.clientmodel.tests/debug/net8.0/microsoft.typespec.generator.clientmodel.tests.dll" id="f6efac3f-f379-a2b9-46b2-570f71626f9f">
      <Execution id="73616a26-9728-4aba-be23-83c02ed8d564" />
      <TestMethod codeBase="/home/runner/work/typespec/typespec/packages/http-client-csharp/generator/artifacts/bin/Microsoft.TypeSpec.Generator.ClientModel.Tests/Debug/net8.0/Microsoft.TypeSpec.Generator.ClientModel.Tests.dll" adapterTypeName="executor://nunit3testexecutor/" className="Microsoft.TypeSpec.Generator.ClientModel.Tests.Providers.MrwSerializationTypeDefinitions.DeserializationTests" name="TestDeserializationStatement(Microsoft.TypeSpec.Generator.Input.InputModelProperty,True,True)" />
    </UnitTest>
    <UnitTest name="AppendPath_Bool(&quot;http://localhost&quot;,False,True,&quot;http://localhost/false&quot;)" storage="/home/runner/work/typespec/typespec/packages/http-client-csharp/generator/artifacts/bin/microsoft.typespec.generator.clientmodel.tests/debug/net8.0/microsoft.typespec.generator.clientmodel.tests.dll" id="f4244c06-7c13-2f72-fdd2-6d274b1695e1">
      <Execution id="cfe279f5-173b-44ce-aa88-bc74c63bf66c" />
      <TestMethod codeBase="/home/runner/work/typespec/typespec/packages/http-client-csharp/generator/artifacts/bin/Microsoft.TypeSpec.Generator.ClientModel.Tests/Debug/net8.0/Microsoft.TypeSpec.Generator.ClientModel.Tests.dll" adapterTypeName="executor://nunit3testexecutor/" className="Microsoft.TypeSpec.Generator.ClientModel.Tests.Providers.ClientUriBuilderTests" name="AppendPath_Bool(&quot;http://localhost&quot;,False,True,&quot;http://localhost/false&quot;)" />
    </UnitTest>
    <UnitTest name="OptionalSnippet_IsCollectionDefined" storage="/home/runner/work/typespec/typespec/packages/http-client-csharp/generator/artifacts/bin/microsoft.typespec.generator.clientmodel.tests/debug/net8.0/microsoft.typespec.generator.clientmodel.tests.dll" id="b2543fe7-0c20-a3ef-8f08-d23e11184572">
      <Execution id="41c7e328-e879-40c1-8992-820938f387c5" />
      <TestMethod codeBase="/home/runner/work/typespec/typespec/packages/http-client-csharp/generator/artifacts/bin/Microsoft.TypeSpec.Generator.ClientModel.Tests/Debug/net8.0/Microsoft.TypeSpec.Generator.ClientModel.Tests.dll" adapterTypeName="executor://nunit3testexecutor/" className="Microsoft.TypeSpec.Generator.ClientModel.Tests.TypedSnippetsTests" name="OptionalSnippet_IsCollectionDefined" />
    </UnitTest>
    <UnitTest name="ResetThenAppendPath(&quot;http://localhost:12345/&quot;,null,&quot;http://localhost:12345/&quot;)" storage="/home/runner/work/typespec/typespec/packages/http-client-csharp/generator/artifacts/bin/microsoft.typespec.generator.clientmodel.tests/debug/net8.0/microsoft.typespec.generator.clientmodel.tests.dll" id="01dea6c4-7d7e-b6c3-7af5-444e0351b58b">
      <Execution id="3a041540-7dd7-4c34-acdb-1c23cb01cdd4" />
      <TestMethod codeBase="/home/runner/work/typespec/typespec/packages/http-client-csharp/generator/artifacts/bin/Microsoft.TypeSpec.Generator.ClientModel.Tests/Debug/net8.0/Microsoft.TypeSpec.Generator.ClientModel.Tests.dll" adapterTypeName="executor://nunit3testexecutor/" className="Microsoft.TypeSpec.Generator.ClientModel.Tests.Providers.ClientUriBuilderTests" name="ResetThenAppendPath(&quot;http://localhost:12345/&quot;,null,&quot;http://localhost:12345/&quot;)" />
    </UnitTest>
    <UnitTest name="CanChangeListOfEnumPropToListOfExtensibleEnum" storage="/home/runner/work/typespec/typespec/packages/http-client-csharp/generator/artifacts/bin/microsoft.typespec.generator.clientmodel.tests/debug/net8.0/microsoft.typespec.generator.clientmodel.tests.dll" id="e9794e70-f218-ddcf-6de7-79e71cba8d18">
      <Execution id="e4092e8c-3e77-4abe-8c27-949bd3deb1a3" />
      <TestMethod codeBase="/home/runner/work/typespec/typespec/packages/http-client-csharp/generator/artifacts/bin/Microsoft.TypeSpec.Generator.ClientModel.Tests/Debug/net8.0/Microsoft.TypeSpec.Generator.ClientModel.Tests.dll" adapterTypeName="executor://nunit3testexecutor/" className="Microsoft.TypeSpec.Generator.ClientModel.Tests.Providers.MrwSerializationTypeDefinitions.SerializationCustomizationTests" name="CanChangeListOfEnumPropToListOfExtensibleEnum" />
    </UnitTest>
    <UnitTest name="RoundTripWithModelInterface(&quot;W&quot;)" storage="/home/runner/work/typespec/typespec/packages/http-client-csharp/generator/artifacts/bin/microsoft.typespec.generator.clientmodel.tests/debug/net8.0/microsoft.typespec.generator.clientmodel.tests.dll" id="6d706680-b45d-6f73-58a0-c603a7578b64">
      <Execution id="7901a30f-caf0-41ed-85a3-69aff59d5e4f" />
      <TestMethod codeBase="/home/runner/work/typespec/typespec/packages/http-client-csharp/generator/artifacts/bin/Microsoft.TypeSpec.Generator.ClientModel.Tests/Debug/net8.0/Microsoft.TypeSpec.Generator.ClientModel.Tests.dll" adapterTypeName="executor://nunit3testexecutor/" className="Microsoft.TypeSpec.Generator.ClientModel.Tests.ModelReaderWriterValidation.TestProjects.Sample_TypeSpec.ThingTests" name="RoundTripWithModelInterface(&quot;W&quot;)" />
    </UnitTest>
    <UnitTest name="TestBuildJsonModelWriteCoreMethod(True)" storage="/home/runner/work/typespec/typespec/packages/http-client-csharp/generator/artifacts/bin/microsoft.typespec.generator.clientmodel.tests/debug/net8.0/microsoft.typespec.generator.clientmodel.tests.dll" id="d8ad1cdb-36bd-5582-339d-c6f09eed2cdb">
      <Execution id="1d50851d-3a6d-4ad4-8735-5dd5d62320db" />
      <TestMethod codeBase="/home/runner/work/typespec/typespec/packages/http-client-csharp/generator/artifacts/bin/Microsoft.TypeSpec.Generator.ClientModel.Tests/Debug/net8.0/Microsoft.TypeSpec.Generator.ClientModel.Tests.dll" adapterTypeName="executor://nunit3testexecutor/" className="Microsoft.TypeSpec.Generator.ClientModel.Tests.Providers.MrwSerializationTypeDefinitions.MrwSerializationTypeDefinitionTests" name="TestBuildJsonModelWriteCoreMethod(True)" />
    </UnitTest>
    <UnitTest name="AppendQuery_ByteArray(&quot;http://localhost&quot;,[104, 101, 108, 108, 111],&quot;D&quot;,True,&quot;http://localhost/?query=aGVsbG8%3D&quot;)" storage="/home/runner/work/typespec/typespec/packages/http-client-csharp/generator/artifacts/bin/microsoft.typespec.generator.clientmodel.tests/debug/net8.0/microsoft.typespec.generator.clientmodel.tests.dll" id="6809884e-bb17-d38a-6d12-ed43e639dc6c">
      <Execution id="a1949351-c958-4fcc-bc9d-8034d0877697" />
      <TestMethod codeBase="/home/runner/work/typespec/typespec/packages/http-client-csharp/generator/artifacts/bin/Microsoft.TypeSpec.Generator.ClientModel.Tests/Debug/net8.0/Microsoft.TypeSpec.Generator.ClientModel.Tests.dll" adapterTypeName="executor://nunit3testexecutor/" className="Microsoft.TypeSpec.Generator.ClientModel.Tests.Providers.ClientUriBuilderTests" name="AppendQuery_ByteArray(&quot;http://localhost&quot;,[104, 101, 108, 108, 111],&quot;D&quot;,True,&quot;http://localhost/?query=aGVsbG8%3D&quot;)" />
    </UnitTest>
    <UnitTest name="TestApiVersionPathParameterOfClient(Microsoft.TypeSpec.Generator.Input.InputClient)" storage="/home/runner/work/typespec/typespec/packages/http-client-csharp/generator/artifacts/bin/microsoft.typespec.generator.clientmodel.tests/debug/net8.0/microsoft.typespec.generator.clientmodel.tests.dll" id="4908d300-3005-e9cc-511e-30cb01b1991e">
      <Execution id="ef6e003d-f30f-46e0-9292-784d1ef37cdf" />
      <TestMethod codeBase="/home/runner/work/typespec/typespec/packages/http-client-csharp/generator/artifacts/bin/Microsoft.TypeSpec.Generator.ClientModel.Tests/Debug/net8.0/Microsoft.TypeSpec.Generator.ClientModel.Tests.dll" adapterTypeName="executor://nunit3testexecutor/" className="Microsoft.TypeSpec.Generator.ClientModel.Tests.Providers.ClientProviders.ClientProviderTests" name="TestApiVersionPathParameterOfClient(Microsoft.TypeSpec.Generator.Input.InputClient)" />
    </UnitTest>
    <UnitTest name="CanCustomizePropertyUsingField(False)" storage="/home/runner/work/typespec/typespec/packages/http-client-csharp/generator/artifacts/bin/microsoft.typespec.generator.clientmodel.tests/debug/net8.0/microsoft.typespec.generator.clientmodel.tests.dll" id="58f6e8ea-1bd0-f4c2-4094-d3d6817aac02">
      <Execution id="a111159e-82fd-4038-a503-c9c563ae223c" />
      <TestMethod codeBase="/home/runner/work/typespec/typespec/packages/http-client-csharp/generator/artifacts/bin/Microsoft.TypeSpec.Generator.ClientModel.Tests/Debug/net8.0/Microsoft.TypeSpec.Generator.ClientModel.Tests.dll" adapterTypeName="executor://nunit3testexecutor/" className="Microsoft.TypeSpec.Generator.ClientModel.Tests.Providers.MrwSerializationTypeDefinitions.SerializationCustomizationTests" name="CanCustomizePropertyUsingField(False)" />
    </UnitTest>
    <UnitTest name="TestReadOnlyPropertiesHaveWireCheck(False)" storage="/home/runner/work/typespec/typespec/packages/http-client-csharp/generator/artifacts/bin/microsoft.typespec.generator.clientmodel.tests/debug/net8.0/microsoft.typespec.generator.clientmodel.tests.dll" id="2c34bca7-1fd3-05d4-21d5-d87dea8dd68d">
      <Execution id="0c354455-8ae7-47a8-a8a9-83bc3f1507c1" />
      <TestMethod codeBase="/home/runner/work/typespec/typespec/packages/http-client-csharp/generator/artifacts/bin/Microsoft.TypeSpec.Generator.ClientModel.Tests/Debug/net8.0/Microsoft.TypeSpec.Generator.ClientModel.Tests.dll" adapterTypeName="executor://nunit3testexecutor/" className="Microsoft.TypeSpec.Generator.ClientModel.Tests.Providers.MrwSerializationTypeDefinitions.MrwSerializationTypeDefinitionTests" name="TestReadOnlyPropertiesHaveWireCheck(False)" />
    </UnitTest>
    <UnitTest name="TestExplicitFromClientResultNotGeneratedForNonRootOutputModel" storage="/home/runner/work/typespec/typespec/packages/http-client-csharp/generator/artifacts/bin/microsoft.typespec.generator.clientmodel.tests/debug/net8.0/microsoft.typespec.generator.clientmodel.tests.dll" id="a496a37b-8ec8-167e-6807-16ba86423d4c">
      <Execution id="f43a4cf1-df8d-4876-a3bd-d56a8935cd32" />
      <TestMethod codeBase="/home/runner/work/typespec/typespec/packages/http-client-csharp/generator/artifacts/bin/Microsoft.TypeSpec.Generator.ClientModel.Tests/Debug/net8.0/Microsoft.TypeSpec.Generator.ClientModel.Tests.dll" adapterTypeName="executor://nunit3testexecutor/" className="Microsoft.TypeSpec.Generator.ClientModel.Tests.Providers.MrwSerializationTypeDefinitions.MrwSerializationTypeDefinitionTests" name="TestExplicitFromClientResultNotGeneratedForNonRootOutputModel" />
    </UnitTest>
    <UnitTest name="NextLinkInHeaderOfTAsync" storage="/home/runner/work/typespec/typespec/packages/http-client-csharp/generator/artifacts/bin/microsoft.typespec.generator.clientmodel.tests/debug/net8.0/microsoft.typespec.generator.clientmodel.tests.dll" id="f2d9e943-a7b0-5d4d-e069-287247218fd9">
      <Execution id="b8d5c37b-629a-429a-af22-8cde2fa437d5" />
      <TestMethod codeBase="/home/runner/work/typespec/typespec/packages/http-client-csharp/generator/artifacts/bin/Microsoft.TypeSpec.Generator.ClientModel.Tests/Debug/net8.0/Microsoft.TypeSpec.Generator.ClientModel.Tests.dll" adapterTypeName="executor://nunit3testexecutor/" className="Microsoft.TypeSpec.Generator.ClientModel.Tests.Providers.CollectionResultDefinitions.NextLinkTests" name="NextLinkInHeaderOfTAsync" />
    </UnitTest>
    <UnitTest name="AppendPath_DateTimeOffset(&quot;http://localhost&quot;,&quot;6/30/1905 1:14:00 PM +00:00&quot;,&quot;R&quot;,True,&quot;http://localhost/Fri%2C 30 Jun 1905 13%3A14%3A00 GMT&quot;)" storage="/home/runner/work/typespec/typespec/packages/http-client-csharp/generator/artifacts/bin/microsoft.typespec.generator.clientmodel.tests/debug/net8.0/microsoft.typespec.generator.clientmodel.tests.dll" id="fe7ed937-78c6-d70d-a862-2291212607dd">
      <Execution id="31bf814c-8fb9-40c0-a9e8-ff3890ef5100" />
      <TestMethod codeBase="/home/runner/work/typespec/typespec/packages/http-client-csharp/generator/artifacts/bin/Microsoft.TypeSpec.Generator.ClientModel.Tests/Debug/net8.0/Microsoft.TypeSpec.Generator.ClientModel.Tests.dll" adapterTypeName="executor://nunit3testexecutor/" className="Microsoft.TypeSpec.Generator.ClientModel.Tests.Providers.ClientUriBuilderTests" name="AppendPath_DateTimeOffset(&quot;http://localhost&quot;,&quot;6/30/1905 1:14:00 PM +00:00&quot;,&quot;R&quot;,True,&quot;http://localhost/Fri%2C 30 Jun 1905 13%3A14%3A00 GMT&quot;)" />
    </UnitTest>
    <UnitTest name="AppendQuery_DateTimeOffset(&quot;http://localhost&quot;,&quot;6/30/1905 1:14:00 PM +00:00&quot;,&quot;O&quot;,False,&quot;http://localhost/?query=1905-06-30T13:14:00.0000000Z&quot;)" storage="/home/runner/work/typespec/typespec/packages/http-client-csharp/generator/artifacts/bin/microsoft.typespec.generator.clientmodel.tests/debug/net8.0/microsoft.typespec.generator.clientmodel.tests.dll" id="a2f1978d-dfb0-b64f-3caa-b3c6898cea1b">
      <Execution id="b76f8e8d-f40b-4e96-be28-83a72a5a6987" />
      <TestMethod codeBase="/home/runner/work/typespec/typespec/packages/http-client-csharp/generator/artifacts/bin/Microsoft.TypeSpec.Generator.ClientModel.Tests/Debug/net8.0/Microsoft.TypeSpec.Generator.ClientModel.Tests.dll" adapterTypeName="executor://nunit3testexecutor/" className="Microsoft.TypeSpec.Generator.ClientModel.Tests.Providers.ClientUriBuilderTests" name="AppendQuery_DateTimeOffset(&quot;http://localhost&quot;,&quot;6/30/1905 1:14:00 PM +00:00&quot;,&quot;O&quot;,False,&quot;http://localhost/?query=1905-06-30T13:14:00.0000000Z&quot;)" />
    </UnitTest>
    <UnitTest name="AppendPath_TimeSpan(&quot;http://localhost&quot;,&quot;02:15:00&quot;,&quot;P&quot;,False,&quot;http://localhost/PT2H15M&quot;)" storage="/home/runner/work/typespec/typespec/packages/http-client-csharp/generator/artifacts/bin/microsoft.typespec.generator.clientmodel.tests/debug/net8.0/microsoft.typespec.generator.clientmodel.tests.dll" id="8c08e05c-b568-5eb3-8d0d-27975d397072">
      <Execution id="47a8b254-7c2c-4849-bd42-60d1a18cd8f3" />
      <TestMethod codeBase="/home/runner/work/typespec/typespec/packages/http-client-csharp/generator/artifacts/bin/Microsoft.TypeSpec.Generator.ClientModel.Tests/Debug/net8.0/Microsoft.TypeSpec.Generator.ClientModel.Tests.dll" adapterTypeName="executor://nunit3testexecutor/" className="Microsoft.TypeSpec.Generator.ClientModel.Tests.Providers.ClientUriBuilderTests" name="AppendPath_TimeSpan(&quot;http://localhost&quot;,&quot;02:15:00&quot;,&quot;P&quot;,False,&quot;http://localhost/PT2H15M&quot;)" />
    </UnitTest>
    <UnitTest name="ResetThenAppendQuery(&quot;http://localhost:12345&quot;,&quot;one|1|two|2&quot;,&quot;http://localhost:12345/?one=1&amp;two=2&quot;)" storage="/home/runner/work/typespec/typespec/packages/http-client-csharp/generator/artifacts/bin/microsoft.typespec.generator.clientmodel.tests/debug/net8.0/microsoft.typespec.generator.clientmodel.tests.dll" id="dcac7d6c-cddc-07ec-ade2-6b37b9b8f7b2">
      <Execution id="7362616d-d515-4028-b308-875a83119b0b" />
      <TestMethod codeBase="/home/runner/work/typespec/typespec/packages/http-client-csharp/generator/artifacts/bin/Microsoft.TypeSpec.Generator.ClientModel.Tests/Debug/net8.0/Microsoft.TypeSpec.Generator.ClientModel.Tests.dll" adapterTypeName="executor://nunit3testexecutor/" className="Microsoft.TypeSpec.Generator.ClientModel.Tests.Providers.ClientUriBuilderTests" name="ResetThenAppendQuery(&quot;http://localhost:12345&quot;,&quot;one|1|two|2&quot;,&quot;http://localhost:12345/?one=1&amp;two=2&quot;)" />
    </UnitTest>
    <UnitTest name="ResetThenAppendQueryThenAppendPath(&quot;http://localhost:12345&quot;,&quot;some/&quot;,&quot;one|1&quot;,&quot;http://localhost:12345/some/?one=1&quot;)" storage="/home/runner/work/typespec/typespec/packages/http-client-csharp/generator/artifacts/bin/microsoft.typespec.generator.clientmodel.tests/debug/net8.0/microsoft.typespec.generator.clientmodel.tests.dll" id="6820eb44-0158-2a73-f0b8-2a4c254b1834">
      <Execution id="db29320b-31fc-4e47-8f2c-7d859ec4ac1e" />
      <TestMethod codeBase="/home/runner/work/typespec/typespec/packages/http-client-csharp/generator/artifacts/bin/Microsoft.TypeSpec.Generator.ClientModel.Tests/Debug/net8.0/Microsoft.TypeSpec.Generator.ClientModel.Tests.dll" adapterTypeName="executor://nunit3testexecutor/" className="Microsoft.TypeSpec.Generator.ClientModel.Tests.Providers.ClientUriBuilderTests" name="ResetThenAppendQueryThenAppendPath(&quot;http://localhost:12345&quot;,&quot;some/&quot;,&quot;one|1&quot;,&quot;http://localhost:12345/some/?one=1&quot;)" />
    </UnitTest>
    <UnitTest name="AppendPath_DateTimeOffset(&quot;http://localhost&quot;,&quot;6/30/1905 1:14:00 PM +00:00&quot;,&quot;D&quot;,False,&quot;http://localhost/1905-06-30&quot;)" storage="/home/runner/work/typespec/typespec/packages/http-client-csharp/generator/artifacts/bin/microsoft.typespec.generator.clientmodel.tests/debug/net8.0/microsoft.typespec.generator.clientmodel.tests.dll" id="784d2949-b6cc-e747-60b8-a29afed1681f">
      <Execution id="d4bd0e9c-3b3e-4677-8de4-b5f4a92a15e8" />
      <TestMethod codeBase="/home/runner/work/typespec/typespec/packages/http-client-csharp/generator/artifacts/bin/Microsoft.TypeSpec.Generator.ClientModel.Tests/Debug/net8.0/Microsoft.TypeSpec.Generator.ClientModel.Tests.dll" adapterTypeName="executor://nunit3testexecutor/" className="Microsoft.TypeSpec.Generator.ClientModel.Tests.Providers.ClientUriBuilderTests" name="AppendPath_DateTimeOffset(&quot;http://localhost&quot;,&quot;6/30/1905 1:14:00 PM +00:00&quot;,&quot;D&quot;,False,&quot;http://localhost/1905-06-30&quot;)" />
    </UnitTest>
    <UnitTest name="TestGetSpreadParameterModel(Microsoft.TypeSpec.Generator.Input.InputParameter)" storage="/home/runner/work/typespec/typespec/packages/http-client-csharp/generator/artifacts/bin/microsoft.typespec.generator.clientmodel.tests/debug/net8.0/microsoft.typespec.generator.clientmodel.tests.dll" id="82207889-87a9-6e80-2186-6759c95c8d6f">
      <Execution id="f3e429e4-6b45-4b91-9dd8-0e91800c9d90" />
      <TestMethod codeBase="/home/runner/work/typespec/typespec/packages/http-client-csharp/generator/artifacts/bin/Microsoft.TypeSpec.Generator.ClientModel.Tests/Debug/net8.0/Microsoft.TypeSpec.Generator.ClientModel.Tests.dll" adapterTypeName="executor://nunit3testexecutor/" className="Microsoft.TypeSpec.Generator.ClientModel.Tests.Providers.RestClientProviders.RestClientProviderTests" name="TestGetSpreadParameterModel(Microsoft.TypeSpec.Generator.Input.InputParameter)" />
    </UnitTest>
    <UnitTest name="ValidateConstructorsWhenUnsupportedAuth" storage="/home/runner/work/typespec/typespec/packages/http-client-csharp/generator/artifacts/bin/microsoft.typespec.generator.clientmodel.tests/debug/net8.0/microsoft.typespec.generator.clientmodel.tests.dll" id="f1ecba84-c4d2-f051-76ac-eebcd97d1a23">
      <Execution id="98870ea1-f08c-4b38-aecd-c38db1b4f9eb" />
      <TestMethod codeBase="/home/runner/work/typespec/typespec/packages/http-client-csharp/generator/artifacts/bin/Microsoft.TypeSpec.Generator.ClientModel.Tests/Debug/net8.0/Microsoft.TypeSpec.Generator.ClientModel.Tests.dll" adapterTypeName="executor://nunit3testexecutor/" className="Microsoft.TypeSpec.Generator.ClientModel.Tests.Providers.ClientProviders.ClientProviderTests" name="ValidateConstructorsWhenUnsupportedAuth" />
    </UnitTest>
    <UnitTest name="FormatsDatesAsJson(&quot;O&quot;,12/31/9999 23:59:59 +00:00,&quot;9999-12-31T23:59:59.9999999Z&quot;)" storage="/home/runner/work/typespec/typespec/packages/http-client-csharp/generator/artifacts/bin/microsoft.typespec.generator.clientmodel.tests/debug/net8.0/microsoft.typespec.generator.clientmodel.tests.dll" id="8ecd7c13-855a-e3bf-d91c-582f7181be86">
      <Execution id="1286343d-c3d2-4159-a534-77ae4eabfb73" />
      <TestMethod codeBase="/home/runner/work/typespec/typespec/packages/http-client-csharp/generator/artifacts/bin/Microsoft.TypeSpec.Generator.ClientModel.Tests/Debug/net8.0/Microsoft.TypeSpec.Generator.ClientModel.Tests.dll" adapterTypeName="executor://nunit3testexecutor/" className="Microsoft.TypeSpec.Generator.ClientModel.Tests.Providers.TypeFormatterTests" name="FormatsDatesAsJson(&quot;O&quot;,12/31/9999 23:59:59 +00:00,&quot;9999-12-31T23:59:59.9999999Z&quot;)" />
    </UnitTest>
    <UnitTest name="UnknownVariantIJsonModelTShouldBeBase" storage="/home/runner/work/typespec/typespec/packages/http-client-csharp/generator/artifacts/bin/microsoft.typespec.generator.clientmodel.tests/debug/net8.0/microsoft.typespec.generator.clientmodel.tests.dll" id="bde8deb8-2638-4788-e366-7bcab5567e69">
      <Execution id="d39b1c0a-21ab-481f-974b-63f74ad11c01" />
      <TestMethod codeBase="/home/runner/work/typespec/typespec/packages/http-client-csharp/generator/artifacts/bin/Microsoft.TypeSpec.Generator.ClientModel.Tests/Debug/net8.0/Microsoft.TypeSpec.Generator.ClientModel.Tests.dll" adapterTypeName="executor://nunit3testexecutor/" className="Microsoft.TypeSpec.Generator.ClientModel.Tests.Providers.MrwSerializationTypeDefinitions.DiscriminatorTests" name="UnknownVariantIJsonModelTShouldBeBase" />
    </UnitTest>
    <UnitTest name="HeaderParameterOptionality(False,True)" storage="/home/runner/work/typespec/typespec/packages/http-client-csharp/generator/artifacts/bin/microsoft.typespec.generator.clientmodel.tests/debug/net8.0/microsoft.typespec.generator.clientmodel.tests.dll" id="2654aba6-2f33-6b4b-7f64-3307a5068802">
      <Execution id="979c1779-e4ee-450b-a023-653d222b62f5" />
      <TestMethod codeBase="/home/runner/work/typespec/typespec/packages/http-client-csharp/generator/artifacts/bin/Microsoft.TypeSpec.Generator.ClientModel.Tests/Debug/net8.0/Microsoft.TypeSpec.Generator.ClientModel.Tests.dll" adapterTypeName="executor://nunit3testexecutor/" className="Microsoft.TypeSpec.Generator.ClientModel.Tests.Providers.RestClientProviders.RestClientProviderTests" name="HeaderParameterOptionality(False,True)" />
    </UnitTest>
    <UnitTest name="CanChangeEnumMemberName" storage="/home/runner/work/typespec/typespec/packages/http-client-csharp/generator/artifacts/bin/microsoft.typespec.generator.clientmodel.tests/debug/net8.0/microsoft.typespec.generator.clientmodel.tests.dll" id="1f6a65bf-9ff6-e05f-9e5f-5e7562d8b3ed">
      <Execution id="dd8ddc73-6e90-4584-bc86-3649dd13e801" />
      <TestMethod codeBase="/home/runner/work/typespec/typespec/packages/http-client-csharp/generator/artifacts/bin/Microsoft.TypeSpec.Generator.ClientModel.Tests/Debug/net8.0/Microsoft.TypeSpec.Generator.ClientModel.Tests.dll" adapterTypeName="executor://nunit3testexecutor/" className="Microsoft.TypeSpec.Generator.ClientModel.Tests.Providers.EnumProvider.SerializationCustomizationTests" name="CanChangeEnumMemberName" />
    </UnitTest>
    <UnitTest name="ResetThenAppendPathThenAppendQuery(&quot;http://localhost:12345&quot;,&quot;some/&quot;,&quot;one|1|two|2&quot;,&quot;http://localhost:12345/some/?one=1&amp;two=2&quot;)" storage="/home/runner/work/typespec/typespec/packages/http-client-csharp/generator/artifacts/bin/microsoft.typespec.generator.clientmodel.tests/debug/net8.0/microsoft.typespec.generator.clientmodel.tests.dll" id="b18428a6-357e-c689-d8bc-399f60aac534">
      <Execution id="8aa0b11d-7061-473e-a12c-a759461238fa" />
      <TestMethod codeBase="/home/runner/work/typespec/typespec/packages/http-client-csharp/generator/artifacts/bin/Microsoft.TypeSpec.Generator.ClientModel.Tests/Debug/net8.0/Microsoft.TypeSpec.Generator.ClientModel.Tests.dll" adapterTypeName="executor://nunit3testexecutor/" className="Microsoft.TypeSpec.Generator.ClientModel.Tests.Providers.ClientUriBuilderTests" name="ResetThenAppendPathThenAppendQuery(&quot;http://localhost:12345&quot;,&quot;some/&quot;,&quot;one|1|two|2&quot;,&quot;http://localhost:12345/some/?one=1&amp;two=2&quot;)" />
    </UnitTest>
    <UnitTest name="AppendPathDelimited_IntArray(&quot;http://localhost&quot;,[4, 5],&quot;,&quot;,True,&quot;http://localhost/4%2C5&quot;)" storage="/home/runner/work/typespec/typespec/packages/http-client-csharp/generator/artifacts/bin/microsoft.typespec.generator.clientmodel.tests/debug/net8.0/microsoft.typespec.generator.clientmodel.tests.dll" id="0d123650-c101-9c90-42a1-fa59bbf35a9d">
      <Execution id="1217637d-631b-498b-8e2d-b8c8e18958ae" />
      <TestMethod codeBase="/home/runner/work/typespec/typespec/packages/http-client-csharp/generator/artifacts/bin/Microsoft.TypeSpec.Generator.ClientModel.Tests/Debug/net8.0/Microsoft.TypeSpec.Generator.ClientModel.Tests.dll" adapterTypeName="executor://nunit3testexecutor/" className="Microsoft.TypeSpec.Generator.ClientModel.Tests.Providers.ClientUriBuilderTests" name="AppendPathDelimited_IntArray(&quot;http://localhost&quot;,[4, 5],&quot;,&quot;,True,&quot;http://localhost/4%2C5&quot;)" />
    </UnitTest>
    <UnitTest name="ValidateConvertToString(null,[&quot;a&quot;, &quot;b&quot;],&quot;a,b&quot;)" storage="/home/runner/work/typespec/typespec/packages/http-client-csharp/generator/artifacts/bin/microsoft.typespec.generator.clientmodel.tests/debug/net8.0/microsoft.typespec.generator.clientmodel.tests.dll" id="1d4780a7-4d27-ef6c-25c5-cce5511c2a1c">
      <Execution id="3b77f6b5-c8ab-40a4-a739-701edc192f11" />
      <TestMethod codeBase="/home/runner/work/typespec/typespec/packages/http-client-csharp/generator/artifacts/bin/Microsoft.TypeSpec.Generator.ClientModel.Tests/Debug/net8.0/Microsoft.TypeSpec.Generator.ClientModel.Tests.dll" adapterTypeName="executor://nunit3testexecutor/" className="Microsoft.TypeSpec.Generator.ClientModel.Tests.Providers.TypeFormatterTests" name="ValidateConvertToString(null,[&quot;a&quot;, &quot;b&quot;],&quot;a,b&quot;)" />
    </UnitTest>
    <UnitTest name="ValidateAllClientResponseClassifiers" storage="/home/runner/work/typespec/typespec/packages/http-client-csharp/generator/artifacts/bin/microsoft.typespec.generator.clientmodel.tests/debug/net8.0/microsoft.typespec.generator.clientmodel.tests.dll" id="7d6988ed-c769-4037-dc1c-9fa54886bdc8">
      <Execution id="45303ed7-2455-491a-b798-191ef3f82e19" />
      <TestMethod codeBase="/home/runner/work/typespec/typespec/packages/http-client-csharp/generator/artifacts/bin/Microsoft.TypeSpec.Generator.ClientModel.Tests/Debug/net8.0/Microsoft.TypeSpec.Generator.ClientModel.Tests.dll" adapterTypeName="executor://nunit3testexecutor/" className="Microsoft.TypeSpec.Generator.ClientModel.Tests.Providers.RestClientProviders.RestClientProviderTests" name="ValidateAllClientResponseClassifiers" />
    </UnitTest>
    <UnitTest name="RoundTripWithModelReaderWriter(&quot;J&quot;)" storage="/home/runner/work/typespec/typespec/packages/http-client-csharp/generator/artifacts/bin/microsoft.typespec.generator.clientmodel.tests/debug/net8.0/microsoft.typespec.generator.clientmodel.tests.dll" id="2e7b08ab-c8fd-c1df-cb2f-8157e0c92849">
      <Execution id="26824418-c2e4-4ddd-aed1-ccdcc791719b" />
      <TestMethod codeBase="/home/runner/work/typespec/typespec/packages/http-client-csharp/generator/artifacts/bin/Microsoft.TypeSpec.Generator.ClientModel.Tests/Debug/net8.0/Microsoft.TypeSpec.Generator.ClientModel.Tests.dll" adapterTypeName="executor://nunit3testexecutor/" className="Microsoft.TypeSpec.Generator.ClientModel.Tests.ModelReaderWriterValidation.TestProjects.Sample_TypeSpec.ThingWithNullsTests" name="RoundTripWithModelReaderWriter(&quot;J&quot;)" />
    </UnitTest>
    <UnitTest name="CanReplaceDeserializationMethod" storage="/home/runner/work/typespec/typespec/packages/http-client-csharp/generator/artifacts/bin/microsoft.typespec.generator.clientmodel.tests/debug/net8.0/microsoft.typespec.generator.clientmodel.tests.dll" id="e133adb7-5032-7457-3f42-f37dc0456f83">
      <Execution id="48520477-210f-4b33-b110-b89425f2e8a6" />
      <TestMethod codeBase="/home/runner/work/typespec/typespec/packages/http-client-csharp/generator/artifacts/bin/Microsoft.TypeSpec.Generator.ClientModel.Tests/Debug/net8.0/Microsoft.TypeSpec.Generator.ClientModel.Tests.dll" adapterTypeName="executor://nunit3testexecutor/" className="Microsoft.TypeSpec.Generator.ClientModel.Tests.Providers.MrwSerializationTypeDefinitions.SerializationCustomizationTests" name="CanReplaceDeserializationMethod" />
    </UnitTest>
    <UnitTest name="ResetThenAppendQueryThenAppendPath(&quot;http://localhost/&quot;,&quot;some/&quot;,&quot;one|1&quot;,&quot;http://localhost/some/?one=1&quot;)" storage="/home/runner/work/typespec/typespec/packages/http-client-csharp/generator/artifacts/bin/microsoft.typespec.generator.clientmodel.tests/debug/net8.0/microsoft.typespec.generator.clientmodel.tests.dll" id="38c2f9ba-1181-b216-c1a4-51a54f0113e2">
      <Execution id="789ca423-0061-43a4-90f8-a160e43278c4" />
      <TestMethod codeBase="/home/runner/work/typespec/typespec/packages/http-client-csharp/generator/artifacts/bin/Microsoft.TypeSpec.Generator.ClientModel.Tests/Debug/net8.0/Microsoft.TypeSpec.Generator.ClientModel.Tests.dll" adapterTypeName="executor://nunit3testexecutor/" className="Microsoft.TypeSpec.Generator.ClientModel.Tests.Providers.ClientUriBuilderTests" name="ResetThenAppendQueryThenAppendPath(&quot;http://localhost/&quot;,&quot;some/&quot;,&quot;one|1&quot;,&quot;http://localhost/some/?one=1&quot;)" />
    </UnitTest>
    <UnitTest name="ContinuationTokenInBodyOfT" storage="/home/runner/work/typespec/typespec/packages/http-client-csharp/generator/artifacts/bin/microsoft.typespec.generator.clientmodel.tests/debug/net8.0/microsoft.typespec.generator.clientmodel.tests.dll" id="4c3b5503-f5e3-d0cf-7dea-df6a38426cca">
      <Execution id="7e7777ec-0c82-4e4b-8480-8fc069368acc" />
      <TestMethod codeBase="/home/runner/work/typespec/typespec/packages/http-client-csharp/generator/artifacts/bin/Microsoft.TypeSpec.Generator.ClientModel.Tests/Debug/net8.0/Microsoft.TypeSpec.Generator.ClientModel.Tests.dll" adapterTypeName="executor://nunit3testexecutor/" className="Microsoft.TypeSpec.Generator.ClientModel.Tests.Providers.CollectionResultDefinitions.ContinuationTokenTests" name="ContinuationTokenInBodyOfT" />
    </UnitTest>
    <UnitTest name="ResetThenAppendPath(&quot;http://localhost:12345/with&quot;,&quot;path&quot;,&quot;http://localhost:12345/withpath&quot;)" storage="/home/runner/work/typespec/typespec/packages/http-client-csharp/generator/artifacts/bin/microsoft.typespec.generator.clientmodel.tests/debug/net8.0/microsoft.typespec.generator.clientmodel.tests.dll" id="e977acff-c5d7-bca3-f3c9-af0a1964bc45">
      <Execution id="52ab4382-8005-4cd6-bd2d-72f91d9e82fe" />
      <TestMethod codeBase="/home/runner/work/typespec/typespec/packages/http-client-csharp/generator/artifacts/bin/Microsoft.TypeSpec.Generator.ClientModel.Tests/Debug/net8.0/Microsoft.TypeSpec.Generator.ClientModel.Tests.dll" adapterTypeName="executor://nunit3testexecutor/" className="Microsoft.TypeSpec.Generator.ClientModel.Tests.Providers.ClientUriBuilderTests" name="ResetThenAppendPath(&quot;http://localhost:12345/with&quot;,&quot;path&quot;,&quot;http://localhost:12345/withpath&quot;)" />
    </UnitTest>
    <UnitTest name="ResetThenAppendPath(&quot;http://localhost:12345/&quot;,&quot;path&quot;,&quot;http://localhost:12345/path&quot;)" storage="/home/runner/work/typespec/typespec/packages/http-client-csharp/generator/artifacts/bin/microsoft.typespec.generator.clientmodel.tests/debug/net8.0/microsoft.typespec.generator.clientmodel.tests.dll" id="9028e4f8-46b1-79ea-0efe-f94680b13e65">
      <Execution id="68351348-6567-4ff4-9907-72ad97e996e3" />
      <TestMethod codeBase="/home/runner/work/typespec/typespec/packages/http-client-csharp/generator/artifacts/bin/Microsoft.TypeSpec.Generator.ClientModel.Tests/Debug/net8.0/Microsoft.TypeSpec.Generator.ClientModel.Tests.dll" adapterTypeName="executor://nunit3testexecutor/" className="Microsoft.TypeSpec.Generator.ClientModel.Tests.Providers.ClientUriBuilderTests" name="ResetThenAppendPath(&quot;http://localhost:12345/&quot;,&quot;path&quot;,&quot;http://localhost:12345/path&quot;)" />
    </UnitTest>
    <UnitTest name="CanReplaceWriteMethod" storage="/home/runner/work/typespec/typespec/packages/http-client-csharp/generator/artifacts/bin/microsoft.typespec.generator.clientmodel.tests/debug/net8.0/microsoft.typespec.generator.clientmodel.tests.dll" id="188955b5-e156-d5fd-ccf1-ce70498d9a21">
      <Execution id="7e2567cb-d2cd-4f3a-91f6-5e5b83bcced1" />
      <TestMethod codeBase="/home/runner/work/typespec/typespec/packages/http-client-csharp/generator/artifacts/bin/Microsoft.TypeSpec.Generator.ClientModel.Tests/Debug/net8.0/Microsoft.TypeSpec.Generator.ClientModel.Tests.dll" adapterTypeName="executor://nunit3testexecutor/" className="Microsoft.TypeSpec.Generator.ClientModel.Tests.Providers.MrwSerializationTypeDefinitions.SerializationCustomizationTests" name="CanReplaceWriteMethod" />
    </UnitTest>
    <UnitTest name="TestEqualAfterConvertingToUtc(&quot;Mon, 04 May 2020 03:02:01&quot;)" storage="/home/runner/work/typespec/typespec/packages/http-client-csharp/generator/artifacts/bin/microsoft.typespec.generator.clientmodel.tests/debug/net8.0/microsoft.typespec.generator.clientmodel.tests.dll" id="58e7c7f4-792d-ea21-f736-0d57a96ac2e7">
      <Execution id="3b633a1a-910e-4ea1-9336-12a4aebe6cb7" />
      <TestMethod codeBase="/home/runner/work/typespec/typespec/packages/http-client-csharp/generator/artifacts/bin/Microsoft.TypeSpec.Generator.ClientModel.Tests/Debug/net8.0/Microsoft.TypeSpec.Generator.ClientModel.Tests.dll" adapterTypeName="executor://nunit3testexecutor/" className="Microsoft.TypeSpec.Generator.ClientModel.Tests.Providers.TypeFormatterTests" name="TestEqualAfterConvertingToUtc(&quot;Mon, 04 May 2020 03:02:01&quot;)" />
    </UnitTest>
    <UnitTest name="RequestBodyConstructedUsingBinaryContentHelpers(Microsoft.TypeSpec.Generator.Input.InputDictionaryType)" storage="/home/runner/work/typespec/typespec/packages/http-client-csharp/generator/artifacts/bin/microsoft.typespec.generator.clientmodel.tests/debug/net8.0/microsoft.typespec.generator.clientmodel.tests.dll" id="af973e0b-0b20-ed6d-59fa-0a71e4ffb6b7">
      <Execution id="47788454-0593-4e00-b4f4-89544d812e04" />
      <TestMethod codeBase="/home/runner/work/typespec/typespec/packages/http-client-csharp/generator/artifacts/bin/Microsoft.TypeSpec.Generator.ClientModel.Tests/Debug/net8.0/Microsoft.TypeSpec.Generator.ClientModel.Tests.dll" adapterTypeName="executor://nunit3testexecutor/" className="Microsoft.TypeSpec.Generator.ClientModel.Tests.Providers.ScmMethodProviderCollectionTests" name="RequestBodyConstructedUsingBinaryContentHelpers(Microsoft.TypeSpec.Generator.Input.InputDictionaryType)" />
    </UnitTest>
    <UnitTest name="RequestOptionsOptionality(True,True,False)" storage="/home/runner/work/typespec/typespec/packages/http-client-csharp/generator/artifacts/bin/microsoft.typespec.generator.clientmodel.tests/debug/net8.0/microsoft.typespec.generator.clientmodel.tests.dll" id="f6a95ba9-ac49-2e23-29ac-ce6ba5255c74">
      <Execution id="d47407dc-afa9-41d9-81ae-4e559c7740c2" />
      <TestMethod codeBase="/home/runner/work/typespec/typespec/packages/http-client-csharp/generator/artifacts/bin/Microsoft.TypeSpec.Generator.ClientModel.Tests/Debug/net8.0/Microsoft.TypeSpec.Generator.ClientModel.Tests.dll" adapterTypeName="executor://nunit3testexecutor/" className="Microsoft.TypeSpec.Generator.ClientModel.Tests.Providers.ScmMethodProviderCollectionTests" name="RequestOptionsOptionality(True,True,False)" />
    </UnitTest>
    <UnitTest name="TestResponseClassifierDuplication(Microsoft.TypeSpec.Generator.Input.InputClient)" storage="/home/runner/work/typespec/typespec/packages/http-client-csharp/generator/artifacts/bin/microsoft.typespec.generator.clientmodel.tests/debug/net8.0/microsoft.typespec.generator.clientmodel.tests.dll" id="0c40e391-1535-8784-1bfb-cedd28fd8a3d">
      <Execution id="29a6fc8c-3d86-4375-ba9f-7c590224cd16" />
      <TestMethod codeBase="/home/runner/work/typespec/typespec/packages/http-client-csharp/generator/artifacts/bin/Microsoft.TypeSpec.Generator.ClientModel.Tests/Debug/net8.0/Microsoft.TypeSpec.Generator.ClientModel.Tests.dll" adapterTypeName="executor://nunit3testexecutor/" className="Microsoft.TypeSpec.Generator.ClientModel.Tests.Providers.RestClientProviders.RestClientProviderTests" name="TestResponseClassifierDuplication(Microsoft.TypeSpec.Generator.Input.InputClient)" />
    </UnitTest>
    <UnitTest name="ResetThenAppendQuery(&quot;http://localhost/&quot;,&quot;one|1|two|2&quot;,&quot;http://localhost/?one=1&amp;two=2&quot;)" storage="/home/runner/work/typespec/typespec/packages/http-client-csharp/generator/artifacts/bin/microsoft.typespec.generator.clientmodel.tests/debug/net8.0/microsoft.typespec.generator.clientmodel.tests.dll" id="407d0806-db6d-d0d8-dfd4-a56206ad652f">
      <Execution id="3c6e51fa-2400-494e-b81c-fc2e0dc5a3df" />
      <TestMethod codeBase="/home/runner/work/typespec/typespec/packages/http-client-csharp/generator/artifacts/bin/Microsoft.TypeSpec.Generator.ClientModel.Tests/Debug/net8.0/Microsoft.TypeSpec.Generator.ClientModel.Tests.dll" adapterTypeName="executor://nunit3testexecutor/" className="Microsoft.TypeSpec.Generator.ClientModel.Tests.Providers.ClientUriBuilderTests" name="ResetThenAppendQuery(&quot;http://localhost/&quot;,&quot;one|1|two|2&quot;,&quot;http://localhost/?one=1&amp;two=2&quot;)" />
    </UnitTest>
    <UnitTest name="CanCustomizeFixedEnumString" storage="/home/runner/work/typespec/typespec/packages/http-client-csharp/generator/artifacts/bin/microsoft.typespec.generator.clientmodel.tests/debug/net8.0/microsoft.typespec.generator.clientmodel.tests.dll" id="19b337b2-8e0b-53c8-ca57-17065a170026">
      <Execution id="525f4264-fbdd-4167-a56e-457076be1003" />
      <TestMethod codeBase="/home/runner/work/typespec/typespec/packages/http-client-csharp/generator/artifacts/bin/Microsoft.TypeSpec.Generator.ClientModel.Tests/Debug/net8.0/Microsoft.TypeSpec.Generator.ClientModel.Tests.dll" adapterTypeName="executor://nunit3testexecutor/" className="Microsoft.TypeSpec.Generator.ClientModel.Tests.Providers.MrwSerializationTypeDefinitions.ModelCustomizationTests" name="CanCustomizeFixedEnumString" />
    </UnitTest>
    <UnitTest name="RoundTripWithJsonInterfaceOfT(&quot;W&quot;)" storage="/home/runner/work/typespec/typespec/packages/http-client-csharp/generator/artifacts/bin/microsoft.typespec.generator.clientmodel.tests/debug/net8.0/microsoft.typespec.generator.clientmodel.tests.dll" id="2ea0f092-6156-10d2-e7bd-00bd64638958">
      <Execution id="aed4eea5-fd04-4e68-a4c9-b73761c02c26" />
      <TestMethod codeBase="/home/runner/work/typespec/typespec/packages/http-client-csharp/generator/artifacts/bin/Microsoft.TypeSpec.Generator.ClientModel.Tests/Debug/net8.0/Microsoft.TypeSpec.Generator.ClientModel.Tests.dll" adapterTypeName="executor://nunit3testexecutor/" className="Microsoft.TypeSpec.Generator.ClientModel.Tests.ModelReaderWriterValidation.TestProjects.Sample_TypeSpec.FriendTests" name="RoundTripWithJsonInterfaceOfT(&quot;W&quot;)" />
    </UnitTest>
    <UnitTest name="RoundTripWithJsonInterfaceUtf8Reader(&quot;W&quot;)" storage="/home/runner/work/typespec/typespec/packages/http-client-csharp/generator/artifacts/bin/microsoft.typespec.generator.clientmodel.tests/debug/net8.0/microsoft.typespec.generator.clientmodel.tests.dll" id="1b80a92f-6ac7-cbc4-fc15-b43bba65e287">
      <Execution id="5af5bc1a-1a7f-47d5-993c-b74ae87a780b" />
      <TestMethod codeBase="/home/runner/work/typespec/typespec/packages/http-client-csharp/generator/artifacts/bin/Microsoft.TypeSpec.Generator.ClientModel.Tests/Debug/net8.0/Microsoft.TypeSpec.Generator.ClientModel.Tests.dll" adapterTypeName="executor://nunit3testexecutor/" className="Microsoft.TypeSpec.Generator.ClientModel.Tests.ModelReaderWriterValidation.TestProjects.Sample_TypeSpec.FriendTests" name="RoundTripWithJsonInterfaceUtf8Reader(&quot;W&quot;)" />
    </UnitTest>
    <UnitTest name="XmlDocsAreWritten" storage="/home/runner/work/typespec/typespec/packages/http-client-csharp/generator/artifacts/bin/microsoft.typespec.generator.clientmodel.tests/debug/net8.0/microsoft.typespec.generator.clientmodel.tests.dll" id="fdb81633-7b6e-81d1-a2ab-a47d6fb6831e">
      <Execution id="4ce596ac-3dfc-43d8-86ef-463bcd33135d" />
      <TestMethod codeBase="/home/runner/work/typespec/typespec/packages/http-client-csharp/generator/artifacts/bin/Microsoft.TypeSpec.Generator.ClientModel.Tests/Debug/net8.0/Microsoft.TypeSpec.Generator.ClientModel.Tests.dll" adapterTypeName="executor://nunit3testexecutor/" className="Microsoft.TypeSpec.Generator.ClientModel.Tests.Providers.ClientProviders.ClientProviderTests" name="XmlDocsAreWritten" />
    </UnitTest>
    <UnitTest name="ReadOnlyMemPropertyType" storage="/home/runner/work/typespec/typespec/packages/http-client-csharp/generator/artifacts/bin/microsoft.typespec.generator.clientmodel.tests/debug/net8.0/microsoft.typespec.generator.clientmodel.tests.dll" id="a09c5978-8741-f6db-4239-b7eb39a05af2">
      <Execution id="20058274-605b-4cd0-b196-45a66dd31434" />
      <TestMethod codeBase="/home/runner/work/typespec/typespec/packages/http-client-csharp/generator/artifacts/bin/Microsoft.TypeSpec.Generator.ClientModel.Tests/Debug/net8.0/Microsoft.TypeSpec.Generator.ClientModel.Tests.dll" adapterTypeName="executor://nunit3testexecutor/" className="Microsoft.TypeSpec.Generator.ClientModel.Tests.Providers.MrwSerializationTypeDefinitions.SerializationCustomizationTests" name="ReadOnlyMemPropertyType" />
    </UnitTest>
    <UnitTest name="AppendPath_Long(&quot;http://localhost&quot;,299792458000000L,False,&quot;http://localhost/299792458000000&quot;)" storage="/home/runner/work/typespec/typespec/packages/http-client-csharp/generator/artifacts/bin/microsoft.typespec.generator.clientmodel.tests/debug/net8.0/microsoft.typespec.generator.clientmodel.tests.dll" id="e534c7f0-aa9f-7e58-f835-e09dd0e1c6e7">
      <Execution id="8f1fb8a0-ea9e-453a-84b7-3f09f489fa95" />
      <TestMethod codeBase="/home/runner/work/typespec/typespec/packages/http-client-csharp/generator/artifacts/bin/Microsoft.TypeSpec.Generator.ClientModel.Tests/Debug/net8.0/Microsoft.TypeSpec.Generator.ClientModel.Tests.dll" adapterTypeName="executor://nunit3testexecutor/" className="Microsoft.TypeSpec.Generator.ClientModel.Tests.Providers.ClientUriBuilderTests" name="AppendPath_Long(&quot;http://localhost&quot;,299792458000000L,False,&quot;http://localhost/299792458000000&quot;)" />
    </UnitTest>
    <UnitTest name="RoundTripWithModelCast(&quot;W&quot;)" storage="/home/runner/work/typespec/typespec/packages/http-client-csharp/generator/artifacts/bin/microsoft.typespec.generator.clientmodel.tests/debug/net8.0/microsoft.typespec.generator.clientmodel.tests.dll" id="f10a25d3-6a4a-63bf-4df3-f288145b5270">
      <Execution id="8544e836-bf3e-4315-9f7f-8aa96c1df4c4" />
      <TestMethod codeBase="/home/runner/work/typespec/typespec/packages/http-client-csharp/generator/artifacts/bin/Microsoft.TypeSpec.Generator.ClientModel.Tests/Debug/net8.0/Microsoft.TypeSpec.Generator.ClientModel.Tests.dll" adapterTypeName="executor://nunit3testexecutor/" className="Microsoft.TypeSpec.Generator.ClientModel.Tests.ModelReaderWriterValidation.TestProjects.Sample_TypeSpec.RenamedModelTests" name="RoundTripWithModelCast(&quot;W&quot;)" />
    </UnitTest>
    <UnitTest name="AppendQuery_Float(&quot;http://localhost&quot;,-3.14f,True,&quot;http://localhost/?query=-3.14&quot;)" storage="/home/runner/work/typespec/typespec/packages/http-client-csharp/generator/artifacts/bin/microsoft.typespec.generator.clientmodel.tests/debug/net8.0/microsoft.typespec.generator.clientmodel.tests.dll" id="97ee7a8b-dbcc-21bb-9955-3f28e8302a4e">
      <Execution id="af2431a8-ad38-4fca-bb2b-bf33f64b8e6c" />
      <TestMethod codeBase="/home/runner/work/typespec/typespec/packages/http-client-csharp/generator/artifacts/bin/Microsoft.TypeSpec.Generator.ClientModel.Tests/Debug/net8.0/Microsoft.TypeSpec.Generator.ClientModel.Tests.dll" adapterTypeName="executor://nunit3testexecutor/" className="Microsoft.TypeSpec.Generator.ClientModel.Tests.Providers.ClientUriBuilderTests" name="AppendQuery_Float(&quot;http://localhost&quot;,-3.14f,True,&quot;http://localhost/?query=-3.14&quot;)" />
    </UnitTest>
    <UnitTest name="AccessibilityOfMethodMatchesInputOperation(True)" storage="/home/runner/work/typespec/typespec/packages/http-client-csharp/generator/artifacts/bin/microsoft.typespec.generator.clientmodel.tests/debug/net8.0/microsoft.typespec.generator.clientmodel.tests.dll" id="d710050f-ea9d-4918-b90b-64d0c581aaa0">
      <Execution id="ed315575-17f9-4cba-ba96-6013e71e28ac" />
      <TestMethod codeBase="/home/runner/work/typespec/typespec/packages/http-client-csharp/generator/artifacts/bin/Microsoft.TypeSpec.Generator.ClientModel.Tests/Debug/net8.0/Microsoft.TypeSpec.Generator.ClientModel.Tests.dll" adapterTypeName="executor://nunit3testexecutor/" className="Microsoft.TypeSpec.Generator.ClientModel.Tests.Providers.ClientProviders.ClientProviderTests" name="AccessibilityOfMethodMatchesInputOperation(True)" />
    </UnitTest>
    <UnitTest name="ResetThenAppendPath(&quot;http://localhost:12345&quot;,null,&quot;http://localhost:12345/&quot;)" storage="/home/runner/work/typespec/typespec/packages/http-client-csharp/generator/artifacts/bin/microsoft.typespec.generator.clientmodel.tests/debug/net8.0/microsoft.typespec.generator.clientmodel.tests.dll" id="5765d5cd-881c-0ebb-7c0e-e21a8ed03f0a">
      <Execution id="87e3077a-c621-4c41-b3c9-2514e11f7bf9" />
      <TestMethod codeBase="/home/runner/work/typespec/typespec/packages/http-client-csharp/generator/artifacts/bin/Microsoft.TypeSpec.Generator.ClientModel.Tests/Debug/net8.0/Microsoft.TypeSpec.Generator.ClientModel.Tests.dll" adapterTypeName="executor://nunit3testexecutor/" className="Microsoft.TypeSpec.Generator.ClientModel.Tests.Providers.ClientUriBuilderTests" name="ResetThenAppendPath(&quot;http://localhost:12345&quot;,null,&quot;http://localhost:12345/&quot;)" />
    </UnitTest>
    <UnitTest name="ListMethodWithEnumParameter(False,Header)" storage="/home/runner/work/typespec/typespec/packages/http-client-csharp/generator/artifacts/bin/microsoft.typespec.generator.clientmodel.tests/debug/net8.0/microsoft.typespec.generator.clientmodel.tests.dll" id="ab54bdd7-dd50-11cb-626a-bab70cc89d7f">
      <Execution id="80e2b813-6454-4538-87b1-1bdba4621079" />
      <TestMethod codeBase="/home/runner/work/typespec/typespec/packages/http-client-csharp/generator/artifacts/bin/Microsoft.TypeSpec.Generator.ClientModel.Tests/Debug/net8.0/Microsoft.TypeSpec.Generator.ClientModel.Tests.dll" adapterTypeName="executor://nunit3testexecutor/" className="Microsoft.TypeSpec.Generator.ClientModel.Tests.Providers.ScmMethodProviderCollectionTests" name="ListMethodWithEnumParameter(False,Header)" />
    </UnitTest>
    <UnitTest name="AccessibilityOfMethodMatchesInputOperation(False)" storage="/home/runner/work/typespec/typespec/packages/http-client-csharp/generator/artifacts/bin/microsoft.typespec.generator.clientmodel.tests/debug/net8.0/microsoft.typespec.generator.clientmodel.tests.dll" id="7d7d04ff-07f4-2928-7743-9094eb345a03">
      <Execution id="fa192df6-02c4-4f79-859a-64ed01bbbea4" />
      <TestMethod codeBase="/home/runner/work/typespec/typespec/packages/http-client-csharp/generator/artifacts/bin/Microsoft.TypeSpec.Generator.ClientModel.Tests/Debug/net8.0/Microsoft.TypeSpec.Generator.ClientModel.Tests.dll" adapterTypeName="executor://nunit3testexecutor/" className="Microsoft.TypeSpec.Generator.ClientModel.Tests.Providers.ClientProviders.ClientProviderTests" name="AccessibilityOfMethodMatchesInputOperation(False)" />
    </UnitTest>
    <UnitTest name="JsonSerializerSnippet_Serialize" storage="/home/runner/work/typespec/typespec/packages/http-client-csharp/generator/artifacts/bin/microsoft.typespec.generator.clientmodel.tests/debug/net8.0/microsoft.typespec.generator.clientmodel.tests.dll" id="6b5ff9cc-ee85-4ae8-2c38-ea30386d4d31">
      <Execution id="3ae6d175-cf26-4399-adcd-806b019a5a5e" />
      <TestMethod codeBase="/home/runner/work/typespec/typespec/packages/http-client-csharp/generator/artifacts/bin/Microsoft.TypeSpec.Generator.ClientModel.Tests/Debug/net8.0/Microsoft.TypeSpec.Generator.ClientModel.Tests.dll" adapterTypeName="executor://nunit3testexecutor/" className="Microsoft.TypeSpec.Generator.ClientModel.Tests.TypedSnippetsTests" name="JsonSerializerSnippet_Serialize" />
    </UnitTest>
    <UnitTest name="TestSubClientAccessorFactoryMethods(Microsoft.TypeSpec.Generator.Input.InputClient,True)" storage="/home/runner/work/typespec/typespec/packages/http-client-csharp/generator/artifacts/bin/microsoft.typespec.generator.clientmodel.tests/debug/net8.0/microsoft.typespec.generator.clientmodel.tests.dll" id="e7a2272b-a298-7d90-48b8-d8225bf3cf86">
      <Execution id="83080dab-eeb2-4a62-91d3-dd722b6b4920" />
      <TestMethod codeBase="/home/runner/work/typespec/typespec/packages/http-client-csharp/generator/artifacts/bin/Microsoft.TypeSpec.Generator.ClientModel.Tests/Debug/net8.0/Microsoft.TypeSpec.Generator.ClientModel.Tests.dll" adapterTypeName="executor://nunit3testexecutor/" className="Microsoft.TypeSpec.Generator.ClientModel.Tests.Providers.ClientProviders.ClientProviderTests" name="TestSubClientAccessorFactoryMethods(Microsoft.TypeSpec.Generator.Input.InputClient,True)" />
    </UnitTest>
    <UnitTest name="AppendPath_DateTimeOffset(&quot;http://localhost&quot;,&quot;6/30/1905 1:14:00 PM +00:00&quot;,&quot;U&quot;,True,&quot;http://localhost/-2035622760&quot;)" storage="/home/runner/work/typespec/typespec/packages/http-client-csharp/generator/artifacts/bin/microsoft.typespec.generator.clientmodel.tests/debug/net8.0/microsoft.typespec.generator.clientmodel.tests.dll" id="1a13e6b3-6678-3730-e073-876042334d75">
      <Execution id="04c58a28-c92f-4c5a-a819-3e54425eb336" />
      <TestMethod codeBase="/home/runner/work/typespec/typespec/packages/http-client-csharp/generator/artifacts/bin/Microsoft.TypeSpec.Generator.ClientModel.Tests/Debug/net8.0/Microsoft.TypeSpec.Generator.ClientModel.Tests.dll" adapterTypeName="executor://nunit3testexecutor/" className="Microsoft.TypeSpec.Generator.ClientModel.Tests.Providers.ClientUriBuilderTests" name="AppendPath_DateTimeOffset(&quot;http://localhost&quot;,&quot;6/30/1905 1:14:00 PM +00:00&quot;,&quot;U&quot;,True,&quot;http://localhost/-2035622760&quot;)" />
    </UnitTest>
    <UnitTest name="RoundTripWithModelInterface(&quot;W&quot;)" storage="/home/runner/work/typespec/typespec/packages/http-client-csharp/generator/artifacts/bin/microsoft.typespec.generator.clientmodel.tests/debug/net8.0/microsoft.typespec.generator.clientmodel.tests.dll" id="17b44355-a286-c68e-0772-1ca3f99800c3">
      <Execution id="141db895-5895-4634-beed-c1184edac65b" />
      <TestMethod codeBase="/home/runner/work/typespec/typespec/packages/http-client-csharp/generator/artifacts/bin/Microsoft.TypeSpec.Generator.ClientModel.Tests/Debug/net8.0/Microsoft.TypeSpec.Generator.ClientModel.Tests.dll" adapterTypeName="executor://nunit3testexecutor/" className="Microsoft.TypeSpec.Generator.ClientModel.Tests.ModelReaderWriterValidation.TestProjects.Sample_TypeSpec.RenamedModelTests" name="RoundTripWithModelInterface(&quot;W&quot;)" />
    </UnitTest>
    <UnitTest name="CanCustomizeEnumToFrameworkType" storage="/home/runner/work/typespec/typespec/packages/http-client-csharp/generator/artifacts/bin/microsoft.typespec.generator.clientmodel.tests/debug/net8.0/microsoft.typespec.generator.clientmodel.tests.dll" id="4da0d92a-1c6d-ea97-1f5b-a872acc44832">
      <Execution id="76208f89-0333-440d-b1f4-2b9db16a8a3f" />
      <TestMethod codeBase="/home/runner/work/typespec/typespec/packages/http-client-csharp/generator/artifacts/bin/Microsoft.TypeSpec.Generator.ClientModel.Tests/Debug/net8.0/Microsoft.TypeSpec.Generator.ClientModel.Tests.dll" adapterTypeName="executor://nunit3testexecutor/" className="Microsoft.TypeSpec.Generator.ClientModel.Tests.Providers.MrwSerializationTypeDefinitions.ModelCustomizationTests" name="CanCustomizeEnumToFrameworkType" />
    </UnitTest>
    <UnitTest name="ValidateIsLastNamespaceSegmentTheSame(&quot;Foo&quot;,&quot;Bar._Foo&quot;)" storage="/home/runner/work/typespec/typespec/packages/http-client-csharp/generator/artifacts/bin/microsoft.typespec.generator.clientmodel.tests/debug/net8.0/microsoft.typespec.generator.clientmodel.tests.dll" id="60367087-2316-14c0-adc0-f0887c9790d8">
      <Execution id="a271b771-688b-408a-a55a-05621579818f" />
      <TestMethod codeBase="/home/runner/work/typespec/typespec/packages/http-client-csharp/generator/artifacts/bin/Microsoft.TypeSpec.Generator.ClientModel.Tests/Debug/net8.0/Microsoft.TypeSpec.Generator.ClientModel.Tests.dll" adapterTypeName="executor://nunit3testexecutor/" className="Microsoft.TypeSpec.Generator.ClientModel.Tests.Providers.ClientProviders.ClientProviderTests" name="ValidateIsLastNamespaceSegmentTheSame(&quot;Foo&quot;,&quot;Bar._Foo&quot;)" />
    </UnitTest>
    <UnitTest name="ValidateClientWithAcceptHeader_ValuesDefinedAsEnum" storage="/home/runner/work/typespec/typespec/packages/http-client-csharp/generator/artifacts/bin/microsoft.typespec.generator.clientmodel.tests/debug/net8.0/microsoft.typespec.generator.clientmodel.tests.dll" id="5e6b1476-a892-09fa-249f-600b43aed7f9">
      <Execution id="e75e6d4e-3233-4065-b0bd-a909e99ded1b" />
      <TestMethod codeBase="/home/runner/work/typespec/typespec/packages/http-client-csharp/generator/artifacts/bin/Microsoft.TypeSpec.Generator.ClientModel.Tests/Debug/net8.0/Microsoft.TypeSpec.Generator.ClientModel.Tests.dll" adapterTypeName="executor://nunit3testexecutor/" className="Microsoft.TypeSpec.Generator.ClientModel.Tests.Providers.RestClientProviders.RestClientProviderTests" name="ValidateClientWithAcceptHeader_ValuesDefinedAsEnum" />
    </UnitTest>
    <UnitTest name="RoundTripWithJsonInterfaceUtf8ReaderNonGeneric(&quot;W&quot;)" storage="/home/runner/work/typespec/typespec/packages/http-client-csharp/generator/artifacts/bin/microsoft.typespec.generator.clientmodel.tests/debug/net8.0/microsoft.typespec.generator.clientmodel.tests.dll" id="b166fe81-2f12-ebe8-5469-afabedfdb287">
      <Execution id="999dc660-44e9-49c2-9535-2ec13e569d4e" />
      <TestMethod codeBase="/home/runner/work/typespec/typespec/packages/http-client-csharp/generator/artifacts/bin/Microsoft.TypeSpec.Generator.ClientModel.Tests/Debug/net8.0/Microsoft.TypeSpec.Generator.ClientModel.Tests.dll" adapterTypeName="executor://nunit3testexecutor/" className="Microsoft.TypeSpec.Generator.ClientModel.Tests.ModelReaderWriterValidation.TestProjects.Sample_TypeSpec.RenamedModelTests" name="RoundTripWithJsonInterfaceUtf8ReaderNonGeneric(&quot;W&quot;)" />
    </UnitTest>
    <UnitTest name="BinaryDataAdditionalProperties" storage="/home/runner/work/typespec/typespec/packages/http-client-csharp/generator/artifacts/bin/microsoft.typespec.generator.clientmodel.tests/debug/net8.0/microsoft.typespec.generator.clientmodel.tests.dll" id="d7fa095d-def8-4b4f-a71c-95d92cb9d97c">
      <Execution id="b679f804-2903-4ce0-bfc4-7b2c86159db1" />
      <TestMethod codeBase="/home/runner/work/typespec/typespec/packages/http-client-csharp/generator/artifacts/bin/Microsoft.TypeSpec.Generator.ClientModel.Tests/Debug/net8.0/Microsoft.TypeSpec.Generator.ClientModel.Tests.dll" adapterTypeName="executor://nunit3testexecutor/" className="Microsoft.TypeSpec.Generator.ClientModel.Tests.Providers.MrwSerializationTypeDefinitions.JsonModelCoreTests" name="BinaryDataAdditionalProperties" />
    </UnitTest>
    <UnitTest name="ResetThenAppendPathThenAppendQuery(&quot;http://localhost:12345&quot;,&quot;some&quot;,&quot;one|1&quot;,&quot;http://localhost:12345/some?one=1&quot;)" storage="/home/runner/work/typespec/typespec/packages/http-client-csharp/generator/artifacts/bin/microsoft.typespec.generator.clientmodel.tests/debug/net8.0/microsoft.typespec.generator.clientmodel.tests.dll" id="c5a88dd3-53bc-ae28-974e-1eee3b032844">
      <Execution id="43364ad8-cdd0-4d92-86e0-5f237b530c0c" />
      <TestMethod codeBase="/home/runner/work/typespec/typespec/packages/http-client-csharp/generator/artifacts/bin/Microsoft.TypeSpec.Generator.ClientModel.Tests/Debug/net8.0/Microsoft.TypeSpec.Generator.ClientModel.Tests.dll" adapterTypeName="executor://nunit3testexecutor/" className="Microsoft.TypeSpec.Generator.ClientModel.Tests.Providers.ClientUriBuilderTests" name="ResetThenAppendPathThenAppendQuery(&quot;http://localhost:12345&quot;,&quot;some&quot;,&quot;one|1&quot;,&quot;http://localhost:12345/some?one=1&quot;)" />
    </UnitTest>
    <UnitTest name="TestBuildConstructors_PrimaryConstructor(System.Collections.Generic.List`1[Microsoft.TypeSpec.Generator.Input.InputParameter])" storage="/home/runner/work/typespec/typespec/packages/http-client-csharp/generator/artifacts/bin/microsoft.typespec.generator.clientmodel.tests/debug/net8.0/microsoft.typespec.generator.clientmodel.tests.dll" id="2be290df-7d92-5723-935e-13156fa041e9">
      <Execution id="cf036733-f9f3-4fd2-a81a-44c49ce9863d" />
      <TestMethod codeBase="/home/runner/work/typespec/typespec/packages/http-client-csharp/generator/artifacts/bin/Microsoft.TypeSpec.Generator.ClientModel.Tests/Debug/net8.0/Microsoft.TypeSpec.Generator.ClientModel.Tests.dll" adapterTypeName="executor://nunit3testexecutor/" className="Microsoft.TypeSpec.Generator.ClientModel.Tests.Providers.ClientProviders.ClientProviderTests" name="TestBuildConstructors_PrimaryConstructor(System.Collections.Generic.List`1[Microsoft.TypeSpec.Generator.Input.InputParameter])" />
    </UnitTest>
    <UnitTest name="ResetThenAppendPath(&quot;http://localhost&quot;,&quot;path&quot;,&quot;http://localhost/path&quot;)" storage="/home/runner/work/typespec/typespec/packages/http-client-csharp/generator/artifacts/bin/microsoft.typespec.generator.clientmodel.tests/debug/net8.0/microsoft.typespec.generator.clientmodel.tests.dll" id="27dd74a8-22cf-ae92-39e4-ce5ef087ac4d">
      <Execution id="fde1809d-13a7-41ef-bdc1-a7c018bccd20" />
      <TestMethod codeBase="/home/runner/work/typespec/typespec/packages/http-client-csharp/generator/artifacts/bin/Microsoft.TypeSpec.Generator.ClientModel.Tests/Debug/net8.0/Microsoft.TypeSpec.Generator.ClientModel.Tests.dll" adapterTypeName="executor://nunit3testexecutor/" className="Microsoft.TypeSpec.Generator.ClientModel.Tests.Providers.ClientUriBuilderTests" name="ResetThenAppendPath(&quot;http://localhost&quot;,&quot;path&quot;,&quot;http://localhost/path&quot;)" />
    </UnitTest>
    <UnitTest name="RoundTripWithModelReaderWriter(&quot;J&quot;)" storage="/home/runner/work/typespec/typespec/packages/http-client-csharp/generator/artifacts/bin/microsoft.typespec.generator.clientmodel.tests/debug/net8.0/microsoft.typespec.generator.clientmodel.tests.dll" id="bb05d838-e8b8-1928-3fbd-d3679a7f86bf">
      <Execution id="d0a66124-5cb2-47e6-9062-aae7fde5e3c4" />
      <TestMethod codeBase="/home/runner/work/typespec/typespec/packages/http-client-csharp/generator/artifacts/bin/Microsoft.TypeSpec.Generator.ClientModel.Tests/Debug/net8.0/Microsoft.TypeSpec.Generator.ClientModel.Tests.dll" adapterTypeName="executor://nunit3testexecutor/" className="Microsoft.TypeSpec.Generator.ClientModel.Tests.ModelReaderWriterValidation.TestProjects.Sample_TypeSpec.FriendTests" name="RoundTripWithModelReaderWriter(&quot;J&quot;)" />
    </UnitTest>
    <UnitTest name="TestFields(True)" storage="/home/runner/work/typespec/typespec/packages/http-client-csharp/generator/artifacts/bin/microsoft.typespec.generator.clientmodel.tests/debug/net8.0/microsoft.typespec.generator.clientmodel.tests.dll" id="b5b58d28-edb9-724c-2a4f-03de57c0a826">
      <Execution id="36bb3630-107e-44f5-be42-3985e512a757" />
      <TestMethod codeBase="/home/runner/work/typespec/typespec/packages/http-client-csharp/generator/artifacts/bin/Microsoft.TypeSpec.Generator.ClientModel.Tests/Debug/net8.0/Microsoft.TypeSpec.Generator.ClientModel.Tests.dll" adapterTypeName="executor://nunit3testexecutor/" className="Microsoft.TypeSpec.Generator.ClientModel.Tests.Providers.ClientOptionsProviderTests" name="TestFields(True)" />
    </UnitTest>
    <UnitTest name="TestIntDeserializeExpression(System.Int16,Default)" storage="/home/runner/work/typespec/typespec/packages/http-client-csharp/generator/artifacts/bin/microsoft.typespec.generator.clientmodel.tests/debug/net8.0/microsoft.typespec.generator.clientmodel.tests.dll" id="381c192a-1ef4-4379-d001-223053ee8288">
      <Execution id="a205a58b-bb23-4df8-86d2-1f96dfceeb7c" />
      <TestMethod codeBase="/home/runner/work/typespec/typespec/packages/http-client-csharp/generator/artifacts/bin/Microsoft.TypeSpec.Generator.ClientModel.Tests/Debug/net8.0/Microsoft.TypeSpec.Generator.ClientModel.Tests.dll" adapterTypeName="executor://nunit3testexecutor/" className="Microsoft.TypeSpec.Generator.ClientModel.Tests.Providers.MrwSerializationTypeDefinitions.MrwSerializationTypeDefinitionTests" name="TestIntDeserializeExpression(System.Int16,Default)" />
    </UnitTest>
    <UnitTest name="ResetThenAppendPath(&quot;http://localhost:12345&quot;,&quot;/path&quot;,&quot;http://localhost:12345/path&quot;)" storage="/home/runner/work/typespec/typespec/packages/http-client-csharp/generator/artifacts/bin/microsoft.typespec.generator.clientmodel.tests/debug/net8.0/microsoft.typespec.generator.clientmodel.tests.dll" id="fca18189-14b0-a9a5-a2ad-de0d93f61ac9">
      <Execution id="ce099104-229d-4ede-8c7e-d692b9d4fdf8" />
      <TestMethod codeBase="/home/runner/work/typespec/typespec/packages/http-client-csharp/generator/artifacts/bin/Microsoft.TypeSpec.Generator.ClientModel.Tests/Debug/net8.0/Microsoft.TypeSpec.Generator.ClientModel.Tests.dll" adapterTypeName="executor://nunit3testexecutor/" className="Microsoft.TypeSpec.Generator.ClientModel.Tests.Providers.ClientUriBuilderTests" name="ResetThenAppendPath(&quot;http://localhost:12345&quot;,&quot;/path&quot;,&quot;http://localhost:12345/path&quot;)" />
    </UnitTest>
    <UnitTest name="TestBuildPersistableModelGetFormatMethod" storage="/home/runner/work/typespec/typespec/packages/http-client-csharp/generator/artifacts/bin/microsoft.typespec.generator.clientmodel.tests/debug/net8.0/microsoft.typespec.generator.clientmodel.tests.dll" id="c1ed43ba-2e5f-41f8-d7c9-dcdafdaccfcc">
      <Execution id="55973044-ef4e-4e8a-9314-2f0efd13e96e" />
      <TestMethod codeBase="/home/runner/work/typespec/typespec/packages/http-client-csharp/generator/artifacts/bin/Microsoft.TypeSpec.Generator.ClientModel.Tests/Debug/net8.0/Microsoft.TypeSpec.Generator.ClientModel.Tests.dll" adapterTypeName="executor://nunit3testexecutor/" className="Microsoft.TypeSpec.Generator.ClientModel.Tests.Providers.MrwSerializationTypeDefinitions.MrwSerializationTypeDefinitionTests" name="TestBuildPersistableModelGetFormatMethod" />
    </UnitTest>
    <UnitTest name="ResetThenAppendQuery(&quot;http://localhost:12345/&quot;,&quot;one|1|two|2&quot;,&quot;http://localhost:12345/?one=1&amp;two=2&quot;)" storage="/home/runner/work/typespec/typespec/packages/http-client-csharp/generator/artifacts/bin/microsoft.typespec.generator.clientmodel.tests/debug/net8.0/microsoft.typespec.generator.clientmodel.tests.dll" id="b7e2a840-3c47-aac2-217c-7972286dbaac">
      <Execution id="c4af7c28-b8bf-4bf6-bf37-869be5388ac9" />
      <TestMethod codeBase="/home/runner/work/typespec/typespec/packages/http-client-csharp/generator/artifacts/bin/Microsoft.TypeSpec.Generator.ClientModel.Tests/Debug/net8.0/Microsoft.TypeSpec.Generator.ClientModel.Tests.dll" adapterTypeName="executor://nunit3testexecutor/" className="Microsoft.TypeSpec.Generator.ClientModel.Tests.Providers.ClientUriBuilderTests" name="ResetThenAppendQuery(&quot;http://localhost:12345/&quot;,&quot;one|1|two|2&quot;,&quot;http://localhost:12345/?one=1&amp;two=2&quot;)" />
    </UnitTest>
    <UnitTest name="TestNonBodyRequestParametersInBodyWriterDiff(Microsoft.TypeSpec.Generator.Input.InputBasicServiceMethod)" storage="/home/runner/work/typespec/typespec/packages/http-client-csharp/generator/artifacts/bin/microsoft.typespec.generator.clientmodel.tests/debug/net8.0/microsoft.typespec.generator.clientmodel.tests.dll" id="3ea572d0-8081-c04d-1c5e-07d3f0bdce4f">
      <Execution id="3e709ea6-732a-4589-82c6-554dfd1b26ad" />
      <TestMethod codeBase="/home/runner/work/typespec/typespec/packages/http-client-csharp/generator/artifacts/bin/Microsoft.TypeSpec.Generator.ClientModel.Tests/Debug/net8.0/Microsoft.TypeSpec.Generator.ClientModel.Tests.dll" adapterTypeName="executor://nunit3testexecutor/" className="Microsoft.TypeSpec.Generator.ClientModel.Tests.Providers.ClientProviders.ClientProviderTests" name="TestNonBodyRequestParametersInBodyWriterDiff(Microsoft.TypeSpec.Generator.Input.InputBasicServiceMethod)" />
    </UnitTest>
    <UnitTest name="HeaderParameterOptionality(True,False)" storage="/home/runner/work/typespec/typespec/packages/http-client-csharp/generator/artifacts/bin/microsoft.typespec.generator.clientmodel.tests/debug/net8.0/microsoft.typespec.generator.clientmodel.tests.dll" id="cfbe27e3-5b55-241c-69bf-49bc822676ba">
      <Execution id="6e02651a-1e47-4583-98ca-b888f28fc120" />
      <TestMethod codeBase="/home/runner/work/typespec/typespec/packages/http-client-csharp/generator/artifacts/bin/Microsoft.TypeSpec.Generator.ClientModel.Tests/Debug/net8.0/Microsoft.TypeSpec.Generator.ClientModel.Tests.dll" adapterTypeName="executor://nunit3testexecutor/" className="Microsoft.TypeSpec.Generator.ClientModel.Tests.Providers.RestClientProviders.RestClientProviderTests" name="HeaderParameterOptionality(True,False)" />
    </UnitTest>
    <UnitTest name="CanReplaceStructMethod(True)" storage="/home/runner/work/typespec/typespec/packages/http-client-csharp/generator/artifacts/bin/microsoft.typespec.generator.clientmodel.tests/debug/net8.0/microsoft.typespec.generator.clientmodel.tests.dll" id="73850f0f-af34-f1c4-850f-dbfe7dcd52a0">
      <Execution id="fbd3ac20-0e12-4e60-af79-2f03c45366db" />
      <TestMethod codeBase="/home/runner/work/typespec/typespec/packages/http-client-csharp/generator/artifacts/bin/Microsoft.TypeSpec.Generator.ClientModel.Tests/Debug/net8.0/Microsoft.TypeSpec.Generator.ClientModel.Tests.dll" adapterTypeName="executor://nunit3testexecutor/" className="Microsoft.TypeSpec.Generator.ClientModel.Tests.Providers.ClientProviders.ClientProviderCustomizationTests" name="CanReplaceStructMethod(True)" />
    </UnitTest>
    <UnitTest name="BuildPersistableModelCreateMethodObjectDeclaration" storage="/home/runner/work/typespec/typespec/packages/http-client-csharp/generator/artifacts/bin/microsoft.typespec.generator.clientmodel.tests/debug/net8.0/microsoft.typespec.generator.clientmodel.tests.dll" id="39e35865-e3f4-9b43-7ff7-c975e099bc0c">
      <Execution id="3eda4754-ae66-4516-97dc-090ee3645757" />
      <TestMethod codeBase="/home/runner/work/typespec/typespec/packages/http-client-csharp/generator/artifacts/bin/Microsoft.TypeSpec.Generator.ClientModel.Tests/Debug/net8.0/Microsoft.TypeSpec.Generator.ClientModel.Tests.dll" adapterTypeName="executor://nunit3testexecutor/" className="Microsoft.TypeSpec.Generator.ClientModel.Tests.Providers.MrwSerializationTypeDefinitions.MrwSerializationTypeDefinitionTests" name="BuildPersistableModelCreateMethodObjectDeclaration" />
    </UnitTest>
    <UnitTest name="ResetThenAppendQueryThenAppendPath(&quot;http://localhost:12345&quot;,&quot;/some/&quot;,&quot;one|1|two|2&quot;,&quot;http://localhost:12345/some/?one=1&amp;two=2&quot;)" storage="/home/runner/work/typespec/typespec/packages/http-client-csharp/generator/artifacts/bin/microsoft.typespec.generator.clientmodel.tests/debug/net8.0/microsoft.typespec.generator.clientmodel.tests.dll" id="94a4d560-7e61-7129-d667-18a8b19b10da">
      <Execution id="dd1348bb-d88c-4df2-a6b9-e0eb16db1e94" />
      <TestMethod codeBase="/home/runner/work/typespec/typespec/packages/http-client-csharp/generator/artifacts/bin/Microsoft.TypeSpec.Generator.ClientModel.Tests/Debug/net8.0/Microsoft.TypeSpec.Generator.ClientModel.Tests.dll" adapterTypeName="executor://nunit3testexecutor/" className="Microsoft.TypeSpec.Generator.ClientModel.Tests.Providers.ClientUriBuilderTests" name="ResetThenAppendQueryThenAppendPath(&quot;http://localhost:12345&quot;,&quot;/some/&quot;,&quot;one|1|two|2&quot;,&quot;http://localhost:12345/some/?one=1&amp;two=2&quot;)" />
    </UnitTest>
    <UnitTest name="AppendPathDelimited_StringArray(&quot;http://localhost&quot;,[&quot;hello&quot;, &quot;world&quot;],&quot;,&quot;,True,&quot;http://localhost/hello%2Cworld&quot;)" storage="/home/runner/work/typespec/typespec/packages/http-client-csharp/generator/artifacts/bin/microsoft.typespec.generator.clientmodel.tests/debug/net8.0/microsoft.typespec.generator.clientmodel.tests.dll" id="b609376b-7120-8e6a-b5d2-5cbe021250c9">
      <Execution id="af3494bb-86f3-4fae-b0fa-567118d27008" />
      <TestMethod codeBase="/home/runner/work/typespec/typespec/packages/http-client-csharp/generator/artifacts/bin/Microsoft.TypeSpec.Generator.ClientModel.Tests/Debug/net8.0/Microsoft.TypeSpec.Generator.ClientModel.Tests.dll" adapterTypeName="executor://nunit3testexecutor/" className="Microsoft.TypeSpec.Generator.ClientModel.Tests.Providers.ClientUriBuilderTests" name="AppendPathDelimited_StringArray(&quot;http://localhost&quot;,[&quot;hello&quot;, &quot;world&quot;],&quot;,&quot;,True,&quot;http://localhost/hello%2Cworld&quot;)" />
    </UnitTest>
    <UnitTest name="ResetThenAppendQuery(&quot;http://localhost&quot;,&quot;one|1&quot;,&quot;http://localhost/?one=1&quot;)" storage="/home/runner/work/typespec/typespec/packages/http-client-csharp/generator/artifacts/bin/microsoft.typespec.generator.clientmodel.tests/debug/net8.0/microsoft.typespec.generator.clientmodel.tests.dll" id="dc3e9d82-618b-d644-9d10-0e33b97c0c55">
      <Execution id="b4ce8d7e-8aa5-495d-9312-ca88ed7b621b" />
      <TestMethod codeBase="/home/runner/work/typespec/typespec/packages/http-client-csharp/generator/artifacts/bin/Microsoft.TypeSpec.Generator.ClientModel.Tests/Debug/net8.0/Microsoft.TypeSpec.Generator.ClientModel.Tests.dll" adapterTypeName="executor://nunit3testexecutor/" className="Microsoft.TypeSpec.Generator.ClientModel.Tests.Providers.ClientUriBuilderTests" name="ResetThenAppendQuery(&quot;http://localhost&quot;,&quot;one|1&quot;,&quot;http://localhost/?one=1&quot;)" />
    </UnitTest>
    <UnitTest name="ValidateConvertToString(null,11111111-1111-1111-1111-111112111111,&quot;11111111-1111-1111-1111-111112111111&quot;)" storage="/home/runner/work/typespec/typespec/packages/http-client-csharp/generator/artifacts/bin/microsoft.typespec.generator.clientmodel.tests/debug/net8.0/microsoft.typespec.generator.clientmodel.tests.dll" id="ac70c009-5dae-fc67-7af1-6bc0d9dbca52">
      <Execution id="99d031fe-24a0-4fd7-998c-28f425a1f0fb" />
      <TestMethod codeBase="/home/runner/work/typespec/typespec/packages/http-client-csharp/generator/artifacts/bin/Microsoft.TypeSpec.Generator.ClientModel.Tests/Debug/net8.0/Microsoft.TypeSpec.Generator.ClientModel.Tests.dll" adapterTypeName="executor://nunit3testexecutor/" className="Microsoft.TypeSpec.Generator.ClientModel.Tests.Providers.TypeFormatterTests" name="ValidateConvertToString(null,11111111-1111-1111-1111-111112111111,&quot;11111111-1111-1111-1111-111112111111&quot;)" />
    </UnitTest>
    <UnitTest name="FormatsDatesAsString(&quot;U&quot;,05/04/2020 03:02:01 +00:00,&quot;1588561321&quot;)" storage="/home/runner/work/typespec/typespec/packages/http-client-csharp/generator/artifacts/bin/microsoft.typespec.generator.clientmodel.tests/debug/net8.0/microsoft.typespec.generator.clientmodel.tests.dll" id="4e1d9376-e8c2-5986-e921-3bdc0279cd2f">
      <Execution id="d320f6b4-8b30-4db3-95a1-ec68aa1103ca" />
      <TestMethod codeBase="/home/runner/work/typespec/typespec/packages/http-client-csharp/generator/artifacts/bin/Microsoft.TypeSpec.Generator.ClientModel.Tests/Debug/net8.0/Microsoft.TypeSpec.Generator.ClientModel.Tests.dll" adapterTypeName="executor://nunit3testexecutor/" className="Microsoft.TypeSpec.Generator.ClientModel.Tests.Providers.TypeFormatterTests" name="FormatsDatesAsString(&quot;U&quot;,05/04/2020 03:02:01 +00:00,&quot;1588561321&quot;)" />
    </UnitTest>
    <UnitTest name="RoundTripWithJsonInterfaceOfT(&quot;J&quot;)" storage="/home/runner/work/typespec/typespec/packages/http-client-csharp/generator/artifacts/bin/microsoft.typespec.generator.clientmodel.tests/debug/net8.0/microsoft.typespec.generator.clientmodel.tests.dll" id="7279241d-1c25-8c46-c59a-9ee52d0c2a87">
      <Execution id="e3b17c4b-eafb-458f-9762-08503799167b" />
      <TestMethod codeBase="/home/runner/work/typespec/typespec/packages/http-client-csharp/generator/artifacts/bin/Microsoft.TypeSpec.Generator.ClientModel.Tests/Debug/net8.0/Microsoft.TypeSpec.Generator.ClientModel.Tests.dll" adapterTypeName="executor://nunit3testexecutor/" className="Microsoft.TypeSpec.Generator.ClientModel.Tests.ModelReaderWriterValidation.TestProjects.Sample_TypeSpec.ThingTests" name="RoundTripWithJsonInterfaceOfT(&quot;J&quot;)" />
    </UnitTest>
    <UnitTest name="ResetThenAppendPath(&quot;http://localhost/with/&quot;,&quot;path&quot;,&quot;http://localhost/with/path&quot;)" storage="/home/runner/work/typespec/typespec/packages/http-client-csharp/generator/artifacts/bin/microsoft.typespec.generator.clientmodel.tests/debug/net8.0/microsoft.typespec.generator.clientmodel.tests.dll" id="2db2b971-3e51-d05c-5cc4-2946c56148cc">
      <Execution id="c9a1cada-3768-4fa4-86d5-b5feb83ce838" />
      <TestMethod codeBase="/home/runner/work/typespec/typespec/packages/http-client-csharp/generator/artifacts/bin/Microsoft.TypeSpec.Generator.ClientModel.Tests/Debug/net8.0/Microsoft.TypeSpec.Generator.ClientModel.Tests.dll" adapterTypeName="executor://nunit3testexecutor/" className="Microsoft.TypeSpec.Generator.ClientModel.Tests.Providers.ClientUriBuilderTests" name="ResetThenAppendPath(&quot;http://localhost/with/&quot;,&quot;path&quot;,&quot;http://localhost/with/path&quot;)" />
    </UnitTest>
    <UnitTest name="CanChangeClientOptionsAccessibility" storage="/home/runner/work/typespec/typespec/packages/http-client-csharp/generator/artifacts/bin/microsoft.typespec.generator.clientmodel.tests/debug/net8.0/microsoft.typespec.generator.clientmodel.tests.dll" id="98690f6c-f3f1-595a-da66-da2a34bb754a">
      <Execution id="1e14901d-decd-477f-a297-6dfb38d14582" />
      <TestMethod codeBase="/home/runner/work/typespec/typespec/packages/http-client-csharp/generator/artifacts/bin/Microsoft.TypeSpec.Generator.ClientModel.Tests/Debug/net8.0/Microsoft.TypeSpec.Generator.ClientModel.Tests.dll" adapterTypeName="executor://nunit3testexecutor/" className="Microsoft.TypeSpec.Generator.ClientModel.Tests.Providers.ClientProviders.ClientProviderCustomizationTests" name="CanChangeClientOptionsAccessibility" />
    </UnitTest>
    <UnitTest name="ValidateConvertToString(&quot;o&quot;,05/04/2020 03:02:01 +00:00,&quot;2020-05-04T03:02:01.1230000Z&quot;)" storage="/home/runner/work/typespec/typespec/packages/http-client-csharp/generator/artifacts/bin/microsoft.typespec.generator.clientmodel.tests/debug/net8.0/microsoft.typespec.generator.clientmodel.tests.dll" id="a9f8356a-b05d-d726-c42f-217cf41a7b02">
      <Execution id="dccdbe46-d86d-489c-872a-bb2f6ef77f23" />
      <TestMethod codeBase="/home/runner/work/typespec/typespec/packages/http-client-csharp/generator/artifacts/bin/Microsoft.TypeSpec.Generator.ClientModel.Tests/Debug/net8.0/Microsoft.TypeSpec.Generator.ClientModel.Tests.dll" adapterTypeName="executor://nunit3testexecutor/" className="Microsoft.TypeSpec.Generator.ClientModel.Tests.Providers.TypeFormatterTests" name="ValidateConvertToString(&quot;o&quot;,05/04/2020 03:02:01 +00:00,&quot;2020-05-04T03:02:01.1230000Z&quot;)" />
    </UnitTest>
    <UnitTest name="ResetThenAppendQueryThenAppendPath(&quot;http://localhost&quot;,&quot;/some&quot;,&quot;one|1|two|2&quot;,&quot;http://localhost/some?one=1&amp;two=2&quot;)" storage="/home/runner/work/typespec/typespec/packages/http-client-csharp/generator/artifacts/bin/microsoft.typespec.generator.clientmodel.tests/debug/net8.0/microsoft.typespec.generator.clientmodel.tests.dll" id="20fcdaab-bb21-b354-850b-63bfa9d12221">
      <Execution id="386008dc-d1f9-49b8-8727-3a325affd249" />
      <TestMethod codeBase="/home/runner/work/typespec/typespec/packages/http-client-csharp/generator/artifacts/bin/Microsoft.TypeSpec.Generator.ClientModel.Tests/Debug/net8.0/Microsoft.TypeSpec.Generator.ClientModel.Tests.dll" adapterTypeName="executor://nunit3testexecutor/" className="Microsoft.TypeSpec.Generator.ClientModel.Tests.Providers.ClientUriBuilderTests" name="ResetThenAppendQueryThenAppendPath(&quot;http://localhost&quot;,&quot;/some&quot;,&quot;one|1|two|2&quot;,&quot;http://localhost/some?one=1&amp;two=2&quot;)" />
    </UnitTest>
    <UnitTest name="ListMethodWithEnumParameter(True,Header)" storage="/home/runner/work/typespec/typespec/packages/http-client-csharp/generator/artifacts/bin/microsoft.typespec.generator.clientmodel.tests/debug/net8.0/microsoft.typespec.generator.clientmodel.tests.dll" id="98df8e81-10c4-d836-17a1-b1ad96d54c07">
      <Execution id="a753c0b6-12c5-4aad-b5d2-f5753302096b" />
      <TestMethod codeBase="/home/runner/work/typespec/typespec/packages/http-client-csharp/generator/artifacts/bin/Microsoft.TypeSpec.Generator.ClientModel.Tests/Debug/net8.0/Microsoft.TypeSpec.Generator.ClientModel.Tests.dll" adapterTypeName="executor://nunit3testexecutor/" className="Microsoft.TypeSpec.Generator.ClientModel.Tests.Providers.ScmMethodProviderCollectionTests" name="ListMethodWithEnumParameter(True,Header)" />
    </UnitTest>
    <UnitTest name="ListMethodWithImplicitPaging" storage="/home/runner/work/typespec/typespec/packages/http-client-csharp/generator/artifacts/bin/microsoft.typespec.generator.clientmodel.tests/debug/net8.0/microsoft.typespec.generator.clientmodel.tests.dll" id="73312193-5ef0-356b-d1c9-219a4aa3befc">
      <Execution id="9312a13b-4940-4338-9fb1-62f88a1026bc" />
      <TestMethod codeBase="/home/runner/work/typespec/typespec/packages/http-client-csharp/generator/artifacts/bin/Microsoft.TypeSpec.Generator.ClientModel.Tests/Debug/net8.0/Microsoft.TypeSpec.Generator.ClientModel.Tests.dll" adapterTypeName="executor://nunit3testexecutor/" className="Microsoft.TypeSpec.Generator.ClientModel.Tests.Providers.ScmMethodProviderCollectionTests" name="ListMethodWithImplicitPaging" />
    </UnitTest>
    <UnitTest name="RoundTripWithJsonInterfaceUtf8ReaderNonGeneric(&quot;W&quot;)" storage="/home/runner/work/typespec/typespec/packages/http-client-csharp/generator/artifacts/bin/microsoft.typespec.generator.clientmodel.tests/debug/net8.0/microsoft.typespec.generator.clientmodel.tests.dll" id="7ff4f6fa-bb67-568f-9832-37c9203e56a4">
      <Execution id="a08f7314-c958-44c2-951c-57b4de7280f4" />
      <TestMethod codeBase="/home/runner/work/typespec/typespec/packages/http-client-csharp/generator/artifacts/bin/Microsoft.TypeSpec.Generator.ClientModel.Tests/Debug/net8.0/Microsoft.TypeSpec.Generator.ClientModel.Tests.dll" adapterTypeName="executor://nunit3testexecutor/" className="Microsoft.TypeSpec.Generator.ClientModel.Tests.ModelReaderWriterValidation.TestProjects.Sample_TypeSpec.ThingTests" name="RoundTripWithJsonInterfaceUtf8ReaderNonGeneric(&quot;W&quot;)" />
    </UnitTest>
    <UnitTest name="TestBuildPersistableModelWriteMethodObjectDeclaration" storage="/home/runner/work/typespec/typespec/packages/http-client-csharp/generator/artifacts/bin/microsoft.typespec.generator.clientmodel.tests/debug/net8.0/microsoft.typespec.generator.clientmodel.tests.dll" id="2ac63861-a427-7dc0-632a-1a14e3db178d">
      <Execution id="01ad8965-b5d6-486b-9049-faf73b96ea7a" />
      <TestMethod codeBase="/home/runner/work/typespec/typespec/packages/http-client-csharp/generator/artifacts/bin/Microsoft.TypeSpec.Generator.ClientModel.Tests/Debug/net8.0/Microsoft.TypeSpec.Generator.ClientModel.Tests.dll" adapterTypeName="executor://nunit3testexecutor/" className="Microsoft.TypeSpec.Generator.ClientModel.Tests.Providers.MrwSerializationTypeDefinitions.MrwSerializationTypeDefinitionTests" name="TestBuildPersistableModelWriteMethodObjectDeclaration" />
    </UnitTest>
    <UnitTest name="ListMethodWithEnumParameter(True,Body)" storage="/home/runner/work/typespec/typespec/packages/http-client-csharp/generator/artifacts/bin/microsoft.typespec.generator.clientmodel.tests/debug/net8.0/microsoft.typespec.generator.clientmodel.tests.dll" id="5214fd19-6c98-5cdb-7ecb-b98174fa9d8e">
      <Execution id="3e53bd8f-05a9-40ca-982b-4f5b27048a57" />
      <TestMethod codeBase="/home/runner/work/typespec/typespec/packages/http-client-csharp/generator/artifacts/bin/Microsoft.TypeSpec.Generator.ClientModel.Tests/Debug/net8.0/Microsoft.TypeSpec.Generator.ClientModel.Tests.dll" adapterTypeName="executor://nunit3testexecutor/" className="Microsoft.TypeSpec.Generator.ClientModel.Tests.Providers.ScmMethodProviderCollectionTests" name="ListMethodWithEnumParameter(True,Body)" />
    </UnitTest>
    <UnitTest name="ResetThenAppendPath(&quot;http://localhost/with/&quot;,&quot;/path&quot;,&quot;http://localhost/with/path&quot;)" storage="/home/runner/work/typespec/typespec/packages/http-client-csharp/generator/artifacts/bin/microsoft.typespec.generator.clientmodel.tests/debug/net8.0/microsoft.typespec.generator.clientmodel.tests.dll" id="34a566dd-f86c-555d-eb99-e99229f28977">
      <Execution id="a6215a66-7dc9-4b87-bcc2-a4521a61108b" />
      <TestMethod codeBase="/home/runner/work/typespec/typespec/packages/http-client-csharp/generator/artifacts/bin/Microsoft.TypeSpec.Generator.ClientModel.Tests/Debug/net8.0/Microsoft.TypeSpec.Generator.ClientModel.Tests.dll" adapterTypeName="executor://nunit3testexecutor/" className="Microsoft.TypeSpec.Generator.ClientModel.Tests.Providers.ClientUriBuilderTests" name="ResetThenAppendPath(&quot;http://localhost/with/&quot;,&quot;/path&quot;,&quot;http://localhost/with/path&quot;)" />
    </UnitTest>
    <UnitTest name="TestFields(False)" storage="/home/runner/work/typespec/typespec/packages/http-client-csharp/generator/artifacts/bin/microsoft.typespec.generator.clientmodel.tests/debug/net8.0/microsoft.typespec.generator.clientmodel.tests.dll" id="77145dec-6351-dad6-568e-bc45646b61eb">
      <Execution id="ceaa3f4e-6f88-4772-b490-1af870077885" />
      <TestMethod codeBase="/home/runner/work/typespec/typespec/packages/http-client-csharp/generator/artifacts/bin/Microsoft.TypeSpec.Generator.ClientModel.Tests/Debug/net8.0/Microsoft.TypeSpec.Generator.ClientModel.Tests.dll" adapterTypeName="executor://nunit3testexecutor/" className="Microsoft.TypeSpec.Generator.ClientModel.Tests.Providers.ClientOptionsProviderTests" name="TestFields(False)" />
    </UnitTest>
    <UnitTest name="TestNullRootClientWithChildren" storage="/home/runner/work/typespec/typespec/packages/http-client-csharp/generator/artifacts/bin/microsoft.typespec.generator.clientmodel.tests/debug/net8.0/microsoft.typespec.generator.clientmodel.tests.dll" id="191f33f3-62f0-0c6b-7ab5-05cb65f9c718">
      <Execution id="de12d792-c055-4aab-9e65-317233c7d31a" />
      <TestMethod codeBase="/home/runner/work/typespec/typespec/packages/http-client-csharp/generator/artifacts/bin/Microsoft.TypeSpec.Generator.ClientModel.Tests/Debug/net8.0/Microsoft.TypeSpec.Generator.ClientModel.Tests.dll" adapterTypeName="executor://nunit3testexecutor/" className="Microsoft.TypeSpec.Generator.ClientModel.Tests.Providers.ClientProviders.ClientProviderTests" name="TestNullRootClientWithChildren" />
    </UnitTest>
    <UnitTest name="ValidateIsLastNamespaceSegmentTheSame(&quot;_Foo&quot;,&quot;Foo&quot;)" storage="/home/runner/work/typespec/typespec/packages/http-client-csharp/generator/artifacts/bin/microsoft.typespec.generator.clientmodel.tests/debug/net8.0/microsoft.typespec.generator.clientmodel.tests.dll" id="48086829-e2cb-679b-fae9-3d9bb0deaa31">
      <Execution id="0cc88a20-d83b-4ad9-8ab2-71e44d9e9429" />
      <TestMethod codeBase="/home/runner/work/typespec/typespec/packages/http-client-csharp/generator/artifacts/bin/Microsoft.TypeSpec.Generator.ClientModel.Tests/Debug/net8.0/Microsoft.TypeSpec.Generator.ClientModel.Tests.dll" adapterTypeName="executor://nunit3testexecutor/" className="Microsoft.TypeSpec.Generator.ClientModel.Tests.Providers.ClientProviders.ClientProviderTests" name="ValidateIsLastNamespaceSegmentTheSame(&quot;_Foo&quot;,&quot;Foo&quot;)" />
    </UnitTest>
    <UnitTest name="AppendQuery_DateTimeOffset(&quot;http://localhost&quot;,&quot;6/30/1905 1:14:00 PM +00:00&quot;,&quot;R&quot;,False,&quot;http://localhost/?query=Fri, 30 Jun 1905 13:14:00 GMT&quot;)" storage="/home/runner/work/typespec/typespec/packages/http-client-csharp/generator/artifacts/bin/microsoft.typespec.generator.clientmodel.tests/debug/net8.0/microsoft.typespec.generator.clientmodel.tests.dll" id="6b89a201-ff2f-4f23-8044-659acf19d59a">
      <Execution id="cdddba79-7537-477e-9233-bc5671201792" />
      <TestMethod codeBase="/home/runner/work/typespec/typespec/packages/http-client-csharp/generator/artifacts/bin/Microsoft.TypeSpec.Generator.ClientModel.Tests/Debug/net8.0/Microsoft.TypeSpec.Generator.ClientModel.Tests.dll" adapterTypeName="executor://nunit3testexecutor/" className="Microsoft.TypeSpec.Generator.ClientModel.Tests.Providers.ClientUriBuilderTests" name="AppendQuery_DateTimeOffset(&quot;http://localhost&quot;,&quot;6/30/1905 1:14:00 PM +00:00&quot;,&quot;R&quot;,False,&quot;http://localhost/?query=Fri, 30 Jun 1905 13:14:00 GMT&quot;)" />
    </UnitTest>
    <UnitTest name="TestIntDeserializeExpression(System.Byte,Default)" storage="/home/runner/work/typespec/typespec/packages/http-client-csharp/generator/artifacts/bin/microsoft.typespec.generator.clientmodel.tests/debug/net8.0/microsoft.typespec.generator.clientmodel.tests.dll" id="4db094ea-4e79-1146-c144-b272beaf7514">
      <Execution id="183e18d9-4ddf-4659-8fb4-e243b144dc0f" />
      <TestMethod codeBase="/home/runner/work/typespec/typespec/packages/http-client-csharp/generator/artifacts/bin/Microsoft.TypeSpec.Generator.ClientModel.Tests/Debug/net8.0/Microsoft.TypeSpec.Generator.ClientModel.Tests.dll" adapterTypeName="executor://nunit3testexecutor/" className="Microsoft.TypeSpec.Generator.ClientModel.Tests.Providers.MrwSerializationTypeDefinitions.MrwSerializationTypeDefinitionTests" name="TestIntDeserializeExpression(System.Byte,Default)" />
    </UnitTest>
    <UnitTest name="AppendPath_Int(&quot;http://localhost&quot;,299792458,False,&quot;http://localhost/299792458&quot;)" storage="/home/runner/work/typespec/typespec/packages/http-client-csharp/generator/artifacts/bin/microsoft.typespec.generator.clientmodel.tests/debug/net8.0/microsoft.typespec.generator.clientmodel.tests.dll" id="1836a3c5-4df5-cb58-885a-12136b484daa">
      <Execution id="687237d5-2f02-45a9-857e-74ce96f783d4" />
      <TestMethod codeBase="/home/runner/work/typespec/typespec/packages/http-client-csharp/generator/artifacts/bin/Microsoft.TypeSpec.Generator.ClientModel.Tests/Debug/net8.0/Microsoft.TypeSpec.Generator.ClientModel.Tests.dll" adapterTypeName="executor://nunit3testexecutor/" className="Microsoft.TypeSpec.Generator.ClientModel.Tests.Providers.ClientUriBuilderTests" name="AppendPath_Int(&quot;http://localhost&quot;,299792458,False,&quot;http://localhost/299792458&quot;)" />
    </UnitTest>
    <UnitTest name="TestBuildJsonModelCreateMethodProperlyCastsForDiscriminatedType" storage="/home/runner/work/typespec/typespec/packages/http-client-csharp/generator/artifacts/bin/microsoft.typespec.generator.clientmodel.tests/debug/net8.0/microsoft.typespec.generator.clientmodel.tests.dll" id="755d7606-d5aa-0b3e-76f8-b88c66525cda">
      <Execution id="8a629433-a7ea-4104-a8dc-74e5fe35518a" />
      <TestMethod codeBase="/home/runner/work/typespec/typespec/packages/http-client-csharp/generator/artifacts/bin/Microsoft.TypeSpec.Generator.ClientModel.Tests/Debug/net8.0/Microsoft.TypeSpec.Generator.ClientModel.Tests.dll" adapterTypeName="executor://nunit3testexecutor/" className="Microsoft.TypeSpec.Generator.ClientModel.Tests.Providers.MrwSerializationTypeDefinitions.DiscriminatorTests" name="TestBuildJsonModelCreateMethodProperlyCastsForDiscriminatedType" />
    </UnitTest>
    <UnitTest name="ResetThenAppendQuery(&quot;http://localhost:12345/some/&quot;,&quot;one|1&quot;,&quot;http://localhost:12345/some/?one=1&quot;)" storage="/home/runner/work/typespec/typespec/packages/http-client-csharp/generator/artifacts/bin/microsoft.typespec.generator.clientmodel.tests/debug/net8.0/microsoft.typespec.generator.clientmodel.tests.dll" id="c30fd0f6-fea3-ec09-1d9a-dcf32faec467">
      <Execution id="d702e2b8-ab8a-48ab-a472-4d11f7b40071" />
      <TestMethod codeBase="/home/runner/work/typespec/typespec/packages/http-client-csharp/generator/artifacts/bin/Microsoft.TypeSpec.Generator.ClientModel.Tests/Debug/net8.0/Microsoft.TypeSpec.Generator.ClientModel.Tests.dll" adapterTypeName="executor://nunit3testexecutor/" className="Microsoft.TypeSpec.Generator.ClientModel.Tests.Providers.ClientUriBuilderTests" name="ResetThenAppendQuery(&quot;http://localhost:12345/some/&quot;,&quot;one|1&quot;,&quot;http://localhost:12345/some/?one=1&quot;)" />
    </UnitTest>
    <UnitTest name="RequestOptionsIsOptionalWhenNoConvenience" storage="/home/runner/work/typespec/typespec/packages/http-client-csharp/generator/artifacts/bin/microsoft.typespec.generator.clientmodel.tests/debug/net8.0/microsoft.typespec.generator.clientmodel.tests.dll" id="0b1c2648-88af-4fbe-ba80-ea65bae2d4b0">
      <Execution id="4d9dd4d8-8b9e-4e3a-b6a1-8d65d6cf36f5" />
      <TestMethod codeBase="/home/runner/work/typespec/typespec/packages/http-client-csharp/generator/artifacts/bin/Microsoft.TypeSpec.Generator.ClientModel.Tests/Debug/net8.0/Microsoft.TypeSpec.Generator.ClientModel.Tests.dll" adapterTypeName="executor://nunit3testexecutor/" className="Microsoft.TypeSpec.Generator.ClientModel.Tests.Providers.ScmMethodProviderCollectionTests" name="RequestOptionsIsOptionalWhenNoConvenience" />
    </UnitTest>
    <UnitTest name="RoundTripWithJsonInterfaceUtf8ReaderNonGeneric(&quot;J&quot;)" storage="/home/runner/work/typespec/typespec/packages/http-client-csharp/generator/artifacts/bin/microsoft.typespec.generator.clientmodel.tests/debug/net8.0/microsoft.typespec.generator.clientmodel.tests.dll" id="b5ea6fe4-9efa-e0e9-e374-141dade498fc">
      <Execution id="9122a93c-618b-485b-b49c-24d5ec8eac85" />
      <TestMethod codeBase="/home/runner/work/typespec/typespec/packages/http-client-csharp/generator/artifacts/bin/Microsoft.TypeSpec.Generator.ClientModel.Tests/Debug/net8.0/Microsoft.TypeSpec.Generator.ClientModel.Tests.dll" adapterTypeName="executor://nunit3testexecutor/" className="Microsoft.TypeSpec.Generator.ClientModel.Tests.ModelReaderWriterValidation.TestProjects.Sample_TypeSpec.RenamedModelTests" name="RoundTripWithJsonInterfaceUtf8ReaderNonGeneric(&quot;J&quot;)" />
    </UnitTest>
    <UnitTest name="ValidateConvertToString(null,-3.14d,&quot;-3.14&quot;)" storage="/home/runner/work/typespec/typespec/packages/http-client-csharp/generator/artifacts/bin/microsoft.typespec.generator.clientmodel.tests/debug/net8.0/microsoft.typespec.generator.clientmodel.tests.dll" id="29514b91-bed8-afdb-7ff9-875aa5e2396a">
      <Execution id="fb6b5b07-7ccb-4bf8-a0d4-1933c7df0cb7" />
      <TestMethod codeBase="/home/runner/work/typespec/typespec/packages/http-client-csharp/generator/artifacts/bin/Microsoft.TypeSpec.Generator.ClientModel.Tests/Debug/net8.0/Microsoft.TypeSpec.Generator.ClientModel.Tests.dll" adapterTypeName="executor://nunit3testexecutor/" className="Microsoft.TypeSpec.Generator.ClientModel.Tests.Providers.TypeFormatterTests" name="ValidateConvertToString(null,-3.14d,&quot;-3.14&quot;)" />
    </UnitTest>
    <UnitTest name="ServiceClientWithSubClient" storage="/home/runner/work/typespec/typespec/packages/http-client-csharp/generator/artifacts/bin/microsoft.typespec.generator.clientmodel.tests/debug/net8.0/microsoft.typespec.generator.clientmodel.tests.dll" id="5f529286-f45e-6113-43c7-30ad853edeb4">
      <Execution id="67086daa-e420-4462-bafe-5b015982f122" />
      <TestMethod codeBase="/home/runner/work/typespec/typespec/packages/http-client-csharp/generator/artifacts/bin/Microsoft.TypeSpec.Generator.ClientModel.Tests/Debug/net8.0/Microsoft.TypeSpec.Generator.ClientModel.Tests.dll" adapterTypeName="executor://nunit3testexecutor/" className="Microsoft.TypeSpec.Generator.ClientModel.Tests.Providers.ClientProviders.ClientProviderSubClientTests" name="ServiceClientWithSubClient" />
    </UnitTest>
    <UnitTest name="AppendPath_TimeSpan(&quot;http://localhost&quot;,&quot;02:15:00&quot;,null,True,&quot;http://localhost/PT2H15M&quot;)" storage="/home/runner/work/typespec/typespec/packages/http-client-csharp/generator/artifacts/bin/microsoft.typespec.generator.clientmodel.tests/debug/net8.0/microsoft.typespec.generator.clientmodel.tests.dll" id="09854cc2-76f8-2d6b-de4c-13f7bc0e444c">
      <Execution id="a90ab5c2-0ad9-42ec-b277-fc89729d05ea" />
      <TestMethod codeBase="/home/runner/work/typespec/typespec/packages/http-client-csharp/generator/artifacts/bin/Microsoft.TypeSpec.Generator.ClientModel.Tests/Debug/net8.0/Microsoft.TypeSpec.Generator.ClientModel.Tests.dll" adapterTypeName="executor://nunit3testexecutor/" className="Microsoft.TypeSpec.Generator.ClientModel.Tests.Providers.ClientUriBuilderTests" name="AppendPath_TimeSpan(&quot;http://localhost&quot;,&quot;02:15:00&quot;,null,True,&quot;http://localhost/PT2H15M&quot;)" />
    </UnitTest>
    <UnitTest name="RequestOptionsOptionality(True,False,True)" storage="/home/runner/work/typespec/typespec/packages/http-client-csharp/generator/artifacts/bin/microsoft.typespec.generator.clientmodel.tests/debug/net8.0/microsoft.typespec.generator.clientmodel.tests.dll" id="59b41628-064d-c852-59dd-ff3828786d75">
      <Execution id="e1a4681d-4ef0-4c56-a3fb-70443d97767f" />
      <TestMethod codeBase="/home/runner/work/typespec/typespec/packages/http-client-csharp/generator/artifacts/bin/Microsoft.TypeSpec.Generator.ClientModel.Tests/Debug/net8.0/Microsoft.TypeSpec.Generator.ClientModel.Tests.dll" adapterTypeName="executor://nunit3testexecutor/" className="Microsoft.TypeSpec.Generator.ClientModel.Tests.Providers.ScmMethodProviderCollectionTests" name="RequestOptionsOptionality(True,False,True)" />
    </UnitTest>
    <UnitTest name="RoundTripWithModelInterfaceNonGeneric(&quot;J&quot;)" storage="/home/runner/work/typespec/typespec/packages/http-client-csharp/generator/artifacts/bin/microsoft.typespec.generator.clientmodel.tests/debug/net8.0/microsoft.typespec.generator.clientmodel.tests.dll" id="bab02ab2-f0a0-0b38-9c16-3f5fb3f5a696">
      <Execution id="bd49e2ad-df47-4f0d-a48a-91f045060480" />
      <TestMethod codeBase="/home/runner/work/typespec/typespec/packages/http-client-csharp/generator/artifacts/bin/Microsoft.TypeSpec.Generator.ClientModel.Tests/Debug/net8.0/Microsoft.TypeSpec.Generator.ClientModel.Tests.dll" adapterTypeName="executor://nunit3testexecutor/" className="Microsoft.TypeSpec.Generator.ClientModel.Tests.ModelReaderWriterValidation.TestProjects.Sample_TypeSpec.ThingWithNullsTests" name="RoundTripWithModelInterfaceNonGeneric(&quot;J&quot;)" />
    </UnitTest>
    <UnitTest name="ValidateIsLastNamespaceSegmentTheSame(&quot;.Foo&quot;,&quot;.Foo&quot;)" storage="/home/runner/work/typespec/typespec/packages/http-client-csharp/generator/artifacts/bin/microsoft.typespec.generator.clientmodel.tests/debug/net8.0/microsoft.typespec.generator.clientmodel.tests.dll" id="eb5808bc-5dfb-a596-3540-5193459cee4f">
      <Execution id="cb15f872-244a-4f8e-af92-d0fc4a0c599b" />
      <TestMethod codeBase="/home/runner/work/typespec/typespec/packages/http-client-csharp/generator/artifacts/bin/Microsoft.TypeSpec.Generator.ClientModel.Tests/Debug/net8.0/Microsoft.TypeSpec.Generator.ClientModel.Tests.dll" adapterTypeName="executor://nunit3testexecutor/" className="Microsoft.TypeSpec.Generator.ClientModel.Tests.Providers.ClientProviders.ClientProviderTests" name="ValidateIsLastNamespaceSegmentTheSame(&quot;.Foo&quot;,&quot;.Foo&quot;)" />
    </UnitTest>
    <UnitTest name="CanChangePropertySerializedName" storage="/home/runner/work/typespec/typespec/packages/http-client-csharp/generator/artifacts/bin/microsoft.typespec.generator.clientmodel.tests/debug/net8.0/microsoft.typespec.generator.clientmodel.tests.dll" id="37b11b1a-faeb-4c63-96fe-94b39c79fba8">
      <Execution id="392403e7-f320-4615-8b35-514344595fe6" />
      <TestMethod codeBase="/home/runner/work/typespec/typespec/packages/http-client-csharp/generator/artifacts/bin/Microsoft.TypeSpec.Generator.ClientModel.Tests/Debug/net8.0/Microsoft.TypeSpec.Generator.ClientModel.Tests.dll" adapterTypeName="executor://nunit3testexecutor/" className="Microsoft.TypeSpec.Generator.ClientModel.Tests.Providers.MrwSerializationTypeDefinitions.SerializationCustomizationTests" name="CanChangePropertySerializedName" />
    </UnitTest>
    <UnitTest name="CanChangePropertyNameAndRedefineOriginal" storage="/home/runner/work/typespec/typespec/packages/http-client-csharp/generator/artifacts/bin/microsoft.typespec.generator.clientmodel.tests/debug/net8.0/microsoft.typespec.generator.clientmodel.tests.dll" id="3eaab606-da98-cb80-86c4-76c1a49a2c30">
      <Execution id="8a2ec767-37b8-43cf-8ebc-4dd8cefab90e" />
      <TestMethod codeBase="/home/runner/work/typespec/typespec/packages/http-client-csharp/generator/artifacts/bin/Microsoft.TypeSpec.Generator.ClientModel.Tests/Debug/net8.0/Microsoft.TypeSpec.Generator.ClientModel.Tests.dll" adapterTypeName="executor://nunit3testexecutor/" className="Microsoft.TypeSpec.Generator.ClientModel.Tests.Providers.MrwSerializationTypeDefinitions.SerializationCustomizationTests" name="CanChangePropertyNameAndRedefineOriginal" />
    </UnitTest>
    <UnitTest name="AppendPath_ByteArray(&quot;http://localhost&quot;,[104, 101, 108, 108, 111],&quot;U&quot;,True,&quot;http://localhost/aGVsbG8&quot;)" storage="/home/runner/work/typespec/typespec/packages/http-client-csharp/generator/artifacts/bin/microsoft.typespec.generator.clientmodel.tests/debug/net8.0/microsoft.typespec.generator.clientmodel.tests.dll" id="20f7aa37-bdbd-2499-362a-8c32860422e9">
      <Execution id="38a5e6e8-5c24-4bff-bb71-83a9d1456dce" />
      <TestMethod codeBase="/home/runner/work/typespec/typespec/packages/http-client-csharp/generator/artifacts/bin/Microsoft.TypeSpec.Generator.ClientModel.Tests/Debug/net8.0/Microsoft.TypeSpec.Generator.ClientModel.Tests.dll" adapterTypeName="executor://nunit3testexecutor/" className="Microsoft.TypeSpec.Generator.ClientModel.Tests.Providers.ClientUriBuilderTests" name="AppendPath_ByteArray(&quot;http://localhost&quot;,[104, 101, 108, 108, 111],&quot;U&quot;,True,&quot;http://localhost/aGVsbG8&quot;)" />
    </UnitTest>
    <UnitTest name="ResetThenAppendPath(&quot;http://localhost/with&quot;,&quot;path&quot;,&quot;http://localhost/withpath&quot;)" storage="/home/runner/work/typespec/typespec/packages/http-client-csharp/generator/artifacts/bin/microsoft.typespec.generator.clientmodel.tests/debug/net8.0/microsoft.typespec.generator.clientmodel.tests.dll" id="a9dd89e9-5332-8f7c-9fd1-d81dd843c2eb">
      <Execution id="590fb474-719f-4f0e-8426-848dc0f4317c" />
      <TestMethod codeBase="/home/runner/work/typespec/typespec/packages/http-client-csharp/generator/artifacts/bin/Microsoft.TypeSpec.Generator.ClientModel.Tests/Debug/net8.0/Microsoft.TypeSpec.Generator.ClientModel.Tests.dll" adapterTypeName="executor://nunit3testexecutor/" className="Microsoft.TypeSpec.Generator.ClientModel.Tests.Providers.ClientUriBuilderTests" name="ResetThenAppendPath(&quot;http://localhost/with&quot;,&quot;path&quot;,&quot;http://localhost/withpath&quot;)" />
    </UnitTest>
    <UnitTest name="NextLinkInBodyOfT" storage="/home/runner/work/typespec/typespec/packages/http-client-csharp/generator/artifacts/bin/microsoft.typespec.generator.clientmodel.tests/debug/net8.0/microsoft.typespec.generator.clientmodel.tests.dll" id="505e1ea4-0d08-e68d-cda2-548640bb0bd2">
      <Execution id="99243152-ed6a-49db-8f7f-ccc8443a9258" />
      <TestMethod codeBase="/home/runner/work/typespec/typespec/packages/http-client-csharp/generator/artifacts/bin/Microsoft.TypeSpec.Generator.ClientModel.Tests/Debug/net8.0/Microsoft.TypeSpec.Generator.ClientModel.Tests.dll" adapterTypeName="executor://nunit3testexecutor/" className="Microsoft.TypeSpec.Generator.ClientModel.Tests.Providers.CollectionResultDefinitions.NextLinkTests" name="NextLinkInBodyOfT" />
    </UnitTest>
    <UnitTest name="TestBuildExplicitFromClientResult" storage="/home/runner/work/typespec/typespec/packages/http-client-csharp/generator/artifacts/bin/microsoft.typespec.generator.clientmodel.tests/debug/net8.0/microsoft.typespec.generator.clientmodel.tests.dll" id="d41c81ce-1573-0d69-8a41-0b5e2c4dff5c">
      <Execution id="acd52166-a548-4a33-a998-1d3781c1903a" />
      <TestMethod codeBase="/home/runner/work/typespec/typespec/packages/http-client-csharp/generator/artifacts/bin/Microsoft.TypeSpec.Generator.ClientModel.Tests/Debug/net8.0/Microsoft.TypeSpec.Generator.ClientModel.Tests.dll" adapterTypeName="executor://nunit3testexecutor/" className="Microsoft.TypeSpec.Generator.ClientModel.Tests.Providers.MrwSerializationTypeDefinitions.MrwSerializationTypeDefinitionTests" name="TestBuildExplicitFromClientResult" />
    </UnitTest>
    <UnitTest name="FormatsDatesAsJson(&quot;D&quot;,05/04/2020 00:00:00 +00:00,&quot;2020-05-04&quot;)" storage="/home/runner/work/typespec/typespec/packages/http-client-csharp/generator/artifacts/bin/microsoft.typespec.generator.clientmodel.tests/debug/net8.0/microsoft.typespec.generator.clientmodel.tests.dll" id="5012d36b-b617-1c43-82be-02c1ca8a65d2">
      <Execution id="b74c692c-5553-4633-b3b3-25483f656e39" />
      <TestMethod codeBase="/home/runner/work/typespec/typespec/packages/http-client-csharp/generator/artifacts/bin/Microsoft.TypeSpec.Generator.ClientModel.Tests/Debug/net8.0/Microsoft.TypeSpec.Generator.ClientModel.Tests.dll" adapterTypeName="executor://nunit3testexecutor/" className="Microsoft.TypeSpec.Generator.ClientModel.Tests.Providers.TypeFormatterTests" name="FormatsDatesAsJson(&quot;D&quot;,05/04/2020 00:00:00 +00:00,&quot;2020-05-04&quot;)" />
    </UnitTest>
    <UnitTest name="RequestOptionsOptionality(False,False,False)" storage="/home/runner/work/typespec/typespec/packages/http-client-csharp/generator/artifacts/bin/microsoft.typespec.generator.clientmodel.tests/debug/net8.0/microsoft.typespec.generator.clientmodel.tests.dll" id="4632f35e-f6ce-353f-c111-e86cb37923a9">
      <Execution id="b06f85d2-288c-41c9-9eb6-a947a260d4aa" />
      <TestMethod codeBase="/home/runner/work/typespec/typespec/packages/http-client-csharp/generator/artifacts/bin/Microsoft.TypeSpec.Generator.ClientModel.Tests/Debug/net8.0/Microsoft.TypeSpec.Generator.ClientModel.Tests.dll" adapterTypeName="executor://nunit3testexecutor/" className="Microsoft.TypeSpec.Generator.ClientModel.Tests.Providers.ScmMethodProviderCollectionTests" name="RequestOptionsOptionality(False,False,False)" />
    </UnitTest>
    <UnitTest name="ValidateClientWithAcceptHeader_NoValuesDefined" storage="/home/runner/work/typespec/typespec/packages/http-client-csharp/generator/artifacts/bin/microsoft.typespec.generator.clientmodel.tests/debug/net8.0/microsoft.typespec.generator.clientmodel.tests.dll" id="f8931a95-fbce-ccf9-7a95-09c5def45823">
      <Execution id="82340abb-a8a4-4412-a01e-a5b2775a085e" />
      <TestMethod codeBase="/home/runner/work/typespec/typespec/packages/http-client-csharp/generator/artifacts/bin/Microsoft.TypeSpec.Generator.ClientModel.Tests/Debug/net8.0/Microsoft.TypeSpec.Generator.ClientModel.Tests.dll" adapterTypeName="executor://nunit3testexecutor/" className="Microsoft.TypeSpec.Generator.ClientModel.Tests.Providers.RestClientProviders.RestClientProviderTests" name="ValidateClientWithAcceptHeader_NoValuesDefined" />
    </UnitTest>
    <UnitTest name="AppendPath_Int(&quot;http://localhost&quot;,-299792458,True,&quot;http://localhost/-299792458&quot;)" storage="/home/runner/work/typespec/typespec/packages/http-client-csharp/generator/artifacts/bin/microsoft.typespec.generator.clientmodel.tests/debug/net8.0/microsoft.typespec.generator.clientmodel.tests.dll" id="a4e27c1f-b13a-63ea-5950-d6764b4af861">
      <Execution id="e05f547c-a754-4bc9-a0c1-263908e14ddf" />
      <TestMethod codeBase="/home/runner/work/typespec/typespec/packages/http-client-csharp/generator/artifacts/bin/Microsoft.TypeSpec.Generator.ClientModel.Tests/Debug/net8.0/Microsoft.TypeSpec.Generator.ClientModel.Tests.dll" adapterTypeName="executor://nunit3testexecutor/" className="Microsoft.TypeSpec.Generator.ClientModel.Tests.Providers.ClientUriBuilderTests" name="AppendPath_Int(&quot;http://localhost&quot;,-299792458,True,&quot;http://localhost/-299792458&quot;)" />
    </UnitTest>
    <UnitTest name="TestIntSerializationStatement(Int8,&quot;string&quot;)" storage="/home/runner/work/typespec/typespec/packages/http-client-csharp/generator/artifacts/bin/microsoft.typespec.generator.clientmodel.tests/debug/net8.0/microsoft.typespec.generator.clientmodel.tests.dll" id="19c8ef68-77a7-4e1b-7e89-0933712f66d1">
      <Execution id="b5b8f0e0-6f45-4c65-9c7b-160a185b8a49" />
      <TestMethod codeBase="/home/runner/work/typespec/typespec/packages/http-client-csharp/generator/artifacts/bin/Microsoft.TypeSpec.Generator.ClientModel.Tests/Debug/net8.0/Microsoft.TypeSpec.Generator.ClientModel.Tests.dll" adapterTypeName="executor://nunit3testexecutor/" className="Microsoft.TypeSpec.Generator.ClientModel.Tests.Providers.MrwSerializationTypeDefinitions.MrwSerializationTypeDefinitionTests" name="TestIntSerializationStatement(Int8,&quot;string&quot;)" />
    </UnitTest>
    <UnitTest name="ResetThenAppendPath(&quot;http://localhost&quot;,&quot;/path&quot;,&quot;http://localhost/path&quot;)" storage="/home/runner/work/typespec/typespec/packages/http-client-csharp/generator/artifacts/bin/microsoft.typespec.generator.clientmodel.tests/debug/net8.0/microsoft.typespec.generator.clientmodel.tests.dll" id="4a6df610-3011-254b-963a-e4ad1bd15d95">
      <Execution id="1f4302a4-2324-4aef-8e07-841bd50b0e48" />
      <TestMethod codeBase="/home/runner/work/typespec/typespec/packages/http-client-csharp/generator/artifacts/bin/Microsoft.TypeSpec.Generator.ClientModel.Tests/Debug/net8.0/Microsoft.TypeSpec.Generator.ClientModel.Tests.dll" adapterTypeName="executor://nunit3testexecutor/" className="Microsoft.TypeSpec.Generator.ClientModel.Tests.Providers.ClientUriBuilderTests" name="ResetThenAppendPath(&quot;http://localhost&quot;,&quot;/path&quot;,&quot;http://localhost/path&quot;)" />
    </UnitTest>
    <UnitTest name="RoundTripWithModelInterfaceNonGeneric(&quot;J&quot;)" storage="/home/runner/work/typespec/typespec/packages/http-client-csharp/generator/artifacts/bin/microsoft.typespec.generator.clientmodel.tests/debug/net8.0/microsoft.typespec.generator.clientmodel.tests.dll" id="8494c4fc-6e14-a22b-6d09-e420845ec6ec">
      <Execution id="1afd5796-284b-4acd-8a9e-c29394a2f5f3" />
      <TestMethod codeBase="/home/runner/work/typespec/typespec/packages/http-client-csharp/generator/artifacts/bin/Microsoft.TypeSpec.Generator.ClientModel.Tests/Debug/net8.0/Microsoft.TypeSpec.Generator.ClientModel.Tests.dll" adapterTypeName="executor://nunit3testexecutor/" className="Microsoft.TypeSpec.Generator.ClientModel.Tests.ModelReaderWriterValidation.TestProjects.Sample_TypeSpec.ThingTests" name="RoundTripWithModelInterfaceNonGeneric(&quot;J&quot;)" />
    </UnitTest>
    <UnitTest name="RoundTripWithJsonInterfaceUtf8ReaderNonGeneric(&quot;J&quot;)" storage="/home/runner/work/typespec/typespec/packages/http-client-csharp/generator/artifacts/bin/microsoft.typespec.generator.clientmodel.tests/debug/net8.0/microsoft.typespec.generator.clientmodel.tests.dll" id="8613ad41-9d85-d626-f136-26c1b7b762f6">
      <Execution id="692a4e9f-1964-4e7d-be52-f29b19c3e82d" />
      <TestMethod codeBase="/home/runner/work/typespec/typespec/packages/http-client-csharp/generator/artifacts/bin/Microsoft.TypeSpec.Generator.ClientModel.Tests/Debug/net8.0/Microsoft.TypeSpec.Generator.ClientModel.Tests.dll" adapterTypeName="executor://nunit3testexecutor/" className="Microsoft.TypeSpec.Generator.ClientModel.Tests.ModelReaderWriterValidation.TestProjects.Sample_TypeSpec.RoundTripModelTests" name="RoundTripWithJsonInterfaceUtf8ReaderNonGeneric(&quot;J&quot;)" />
    </UnitTest>
    <UnitTest name="TestBuildDeserializationMethod(Microsoft.TypeSpec.Generator.Input.InputPrimitiveType,[&quot;bool&quot;],[&quot;case (global::System.Text.Json.JsonValueKind.True || global::System.Text.Json.JsonValueKind.False):&quot;, &quot;additionalProperties.Add(prop.Name, prop.Value.GetBoolean());&quot;])" storage="/home/runner/work/typespec/typespec/packages/http-client-csharp/generator/artifacts/bin/microsoft.typespec.generator.clientmodel.tests/debug/net8.0/microsoft.typespec.generator.clientmodel.tests.dll" id="8c32a78b-8884-f0f7-4dc4-773316383b83">
      <Execution id="08dd0f4c-815f-45cb-94be-c1592815af00" />
      <TestMethod codeBase="/home/runner/work/typespec/typespec/packages/http-client-csharp/generator/artifacts/bin/Microsoft.TypeSpec.Generator.ClientModel.Tests/Debug/net8.0/Microsoft.TypeSpec.Generator.ClientModel.Tests.dll" adapterTypeName="executor://nunit3testexecutor/" className="Microsoft.TypeSpec.Generator.ClientModel.Tests.Providers.MrwSerializationTypeDefinitions.AdditionalPropertiesTest" name="TestBuildDeserializationMethod(Microsoft.TypeSpec.Generator.Input.InputPrimitiveType,[&quot;bool&quot;],[&quot;case (global::System.Text.Json.JsonValueKind.True || global::System.Text.Json.JsonValueKind.False):&quot;, &quot;additionalProperties.Add(prop.Name, prop.Value.GetBoolean());&quot;])" />
    </UnitTest>
    <UnitTest name="ListMethodIsRenamedToGet" storage="/home/runner/work/typespec/typespec/packages/http-client-csharp/generator/artifacts/bin/microsoft.typespec.generator.clientmodel.tests/debug/net8.0/microsoft.typespec.generator.clientmodel.tests.dll" id="9a0b5fe5-23b6-e1a0-71e7-8e9b88d6007e">
      <Execution id="cfb6e616-b2d3-4fd9-b188-d55f040e168d" />
      <TestMethod codeBase="/home/runner/work/typespec/typespec/packages/http-client-csharp/generator/artifacts/bin/Microsoft.TypeSpec.Generator.ClientModel.Tests/Debug/net8.0/Microsoft.TypeSpec.Generator.ClientModel.Tests.dll" adapterTypeName="executor://nunit3testexecutor/" className="Microsoft.TypeSpec.Generator.ClientModel.Tests.Providers.ScmMethodProviderCollectionTests" name="ListMethodIsRenamedToGet" />
    </UnitTest>
    <UnitTest name="ResetThenAppendPath(&quot;http://localhost&quot;,null,&quot;http://localhost/&quot;)" storage="/home/runner/work/typespec/typespec/packages/http-client-csharp/generator/artifacts/bin/microsoft.typespec.generator.clientmodel.tests/debug/net8.0/microsoft.typespec.generator.clientmodel.tests.dll" id="f2b83b76-897b-f512-648e-fe8c53bce467">
      <Execution id="eb3d8985-7d25-4835-bf45-e535a34b5ca8" />
      <TestMethod codeBase="/home/runner/work/typespec/typespec/packages/http-client-csharp/generator/artifacts/bin/Microsoft.TypeSpec.Generator.ClientModel.Tests/Debug/net8.0/Microsoft.TypeSpec.Generator.ClientModel.Tests.dll" adapterTypeName="executor://nunit3testexecutor/" className="Microsoft.TypeSpec.Generator.ClientModel.Tests.Providers.ClientUriBuilderTests" name="ResetThenAppendPath(&quot;http://localhost&quot;,null,&quot;http://localhost/&quot;)" />
    </UnitTest>
    <UnitTest name="TestIntDeserializeExpression(System.Int16,Int_String)" storage="/home/runner/work/typespec/typespec/packages/http-client-csharp/generator/artifacts/bin/microsoft.typespec.generator.clientmodel.tests/debug/net8.0/microsoft.typespec.generator.clientmodel.tests.dll" id="3324df3f-d0c2-2d28-c81e-613d4d905e8f">
      <Execution id="3b0fa947-b751-4018-b555-860856ed8a2c" />
      <TestMethod codeBase="/home/runner/work/typespec/typespec/packages/http-client-csharp/generator/artifacts/bin/Microsoft.TypeSpec.Generator.ClientModel.Tests/Debug/net8.0/Microsoft.TypeSpec.Generator.ClientModel.Tests.dll" adapterTypeName="executor://nunit3testexecutor/" className="Microsoft.TypeSpec.Generator.ClientModel.Tests.Providers.MrwSerializationTypeDefinitions.MrwSerializationTypeDefinitionTests" name="TestIntDeserializeExpression(System.Int16,Int_String)" />
    </UnitTest>
    <UnitTest name="TestIntSerializationStatement(Integer,&quot;string&quot;)" storage="/home/runner/work/typespec/typespec/packages/http-client-csharp/generator/artifacts/bin/microsoft.typespec.generator.clientmodel.tests/debug/net8.0/microsoft.typespec.generator.clientmodel.tests.dll" id="95b47281-e8c1-361c-53c0-38909c103b14">
      <Execution id="85d9736f-c35e-488f-afb9-0eff719c01e7" />
      <TestMethod codeBase="/home/runner/work/typespec/typespec/packages/http-client-csharp/generator/artifacts/bin/Microsoft.TypeSpec.Generator.ClientModel.Tests/Debug/net8.0/Microsoft.TypeSpec.Generator.ClientModel.Tests.dll" adapterTypeName="executor://nunit3testexecutor/" className="Microsoft.TypeSpec.Generator.ClientModel.Tests.Providers.MrwSerializationTypeDefinitions.MrwSerializationTypeDefinitionTests" name="TestIntSerializationStatement(Integer,&quot;string&quot;)" />
    </UnitTest>
    <UnitTest name="BaseSerializationContainsSwitchStatement" storage="/home/runner/work/typespec/typespec/packages/http-client-csharp/generator/artifacts/bin/microsoft.typespec.generator.clientmodel.tests/debug/net8.0/microsoft.typespec.generator.clientmodel.tests.dll" id="15172e93-4a8e-8f04-e2ea-6f69251cd20d">
      <Execution id="0a01f3a5-1646-4d8d-b1e7-2c25109bc8c5" />
      <TestMethod codeBase="/home/runner/work/typespec/typespec/packages/http-client-csharp/generator/artifacts/bin/Microsoft.TypeSpec.Generator.ClientModel.Tests/Debug/net8.0/Microsoft.TypeSpec.Generator.ClientModel.Tests.dll" adapterTypeName="executor://nunit3testexecutor/" className="Microsoft.TypeSpec.Generator.ClientModel.Tests.Providers.MrwSerializationTypeDefinitions.DiscriminatorTests" name="BaseSerializationContainsSwitchStatement" />
    </UnitTest>
    <UnitTest name="CanRemoveCachingField" storage="/home/runner/work/typespec/typespec/packages/http-client-csharp/generator/artifacts/bin/microsoft.typespec.generator.clientmodel.tests/debug/net8.0/microsoft.typespec.generator.clientmodel.tests.dll" id="f340e295-f389-f4e4-e569-601715b5e578">
      <Execution id="a4a8753b-8c41-4df3-b27c-e515b3525e2e" />
      <TestMethod codeBase="/home/runner/work/typespec/typespec/packages/http-client-csharp/generator/artifacts/bin/Microsoft.TypeSpec.Generator.ClientModel.Tests/Debug/net8.0/Microsoft.TypeSpec.Generator.ClientModel.Tests.dll" adapterTypeName="executor://nunit3testexecutor/" className="Microsoft.TypeSpec.Generator.ClientModel.Tests.Providers.ClientProviders.ClientProviderCustomizationTests" name="CanRemoveCachingField" />
    </UnitTest>
    <UnitTest name="RoundTripWithModelInterface(&quot;J&quot;)" storage="/home/runner/work/typespec/typespec/packages/http-client-csharp/generator/artifacts/bin/microsoft.typespec.generator.clientmodel.tests/debug/net8.0/microsoft.typespec.generator.clientmodel.tests.dll" id="f386f2c1-9bbf-a6f6-548a-2cdba0a98a5a">
      <Execution id="299e0971-246d-4b60-9530-f0d5b8ad6ac1" />
      <TestMethod codeBase="/home/runner/work/typespec/typespec/packages/http-client-csharp/generator/artifacts/bin/Microsoft.TypeSpec.Generator.ClientModel.Tests/Debug/net8.0/Microsoft.TypeSpec.Generator.ClientModel.Tests.dll" adapterTypeName="executor://nunit3testexecutor/" className="Microsoft.TypeSpec.Generator.ClientModel.Tests.ModelReaderWriterValidation.TestProjects.Sample_TypeSpec.RoundTripModelTests" name="RoundTripWithModelInterface(&quot;J&quot;)" />
    </UnitTest>
    <UnitTest name="ListMethodWithNoPaging" storage="/home/runner/work/typespec/typespec/packages/http-client-csharp/generator/artifacts/bin/microsoft.typespec.generator.clientmodel.tests/debug/net8.0/microsoft.typespec.generator.clientmodel.tests.dll" id="bffb1606-622b-75c0-1073-31fd498473a7">
      <Execution id="4a2dee97-60e5-4b6b-9068-3dc6726b4122" />
      <TestMethod codeBase="/home/runner/work/typespec/typespec/packages/http-client-csharp/generator/artifacts/bin/Microsoft.TypeSpec.Generator.ClientModel.Tests/Debug/net8.0/Microsoft.TypeSpec.Generator.ClientModel.Tests.dll" adapterTypeName="executor://nunit3testexecutor/" className="Microsoft.TypeSpec.Generator.ClientModel.Tests.Providers.ScmMethodProviderCollectionTests" name="ListMethodWithNoPaging" />
    </UnitTest>
    <UnitTest name="NextLinkInBody" storage="/home/runner/work/typespec/typespec/packages/http-client-csharp/generator/artifacts/bin/microsoft.typespec.generator.clientmodel.tests/debug/net8.0/microsoft.typespec.generator.clientmodel.tests.dll" id="35b2bf0f-1bb3-7eee-c109-7d928c5b6267">
      <Execution id="f9b5c9b1-b97d-4429-96a6-8b1e39806c5b" />
      <TestMethod codeBase="/home/runner/work/typespec/typespec/packages/http-client-csharp/generator/artifacts/bin/Microsoft.TypeSpec.Generator.ClientModel.Tests/Debug/net8.0/Microsoft.TypeSpec.Generator.ClientModel.Tests.dll" adapterTypeName="executor://nunit3testexecutor/" className="Microsoft.TypeSpec.Generator.ClientModel.Tests.Providers.CollectionResultDefinitions.NextLinkTests" name="NextLinkInBody" />
    </UnitTest>
    <UnitTest name="FormatsDatesAsJson(&quot;o&quot;,05/04/2020 03:02:01 +00:00,&quot;2020-05-04T03:02:01.1230000Z&quot;)" storage="/home/runner/work/typespec/typespec/packages/http-client-csharp/generator/artifacts/bin/microsoft.typespec.generator.clientmodel.tests/debug/net8.0/microsoft.typespec.generator.clientmodel.tests.dll" id="be597b53-9e4f-dcdb-cad8-00fb11c924b4">
      <Execution id="0ca3af1b-44e6-42ac-bb5c-d84954481ecd" />
      <TestMethod codeBase="/home/runner/work/typespec/typespec/packages/http-client-csharp/generator/artifacts/bin/Microsoft.TypeSpec.Generator.ClientModel.Tests/Debug/net8.0/Microsoft.TypeSpec.Generator.ClientModel.Tests.dll" adapterTypeName="executor://nunit3testexecutor/" className="Microsoft.TypeSpec.Generator.ClientModel.Tests.Providers.TypeFormatterTests" name="FormatsDatesAsJson(&quot;o&quot;,05/04/2020 03:02:01 +00:00,&quot;2020-05-04T03:02:01.1230000Z&quot;)" />
    </UnitTest>
    <UnitTest name="FormatsDatesAsString(&quot;O&quot;,05/04/2020 03:02:01 +01:00,&quot;2020-05-04T02:02:01.1230000Z&quot;)" storage="/home/runner/work/typespec/typespec/packages/http-client-csharp/generator/artifacts/bin/microsoft.typespec.generator.clientmodel.tests/debug/net8.0/microsoft.typespec.generator.clientmodel.tests.dll" id="e2f241f3-f0df-b14e-8775-9cc120b5a97a">
      <Execution id="0e90488e-494b-4ed9-886a-b9cfc8a93538" />
      <TestMethod codeBase="/home/runner/work/typespec/typespec/packages/http-client-csharp/generator/artifacts/bin/Microsoft.TypeSpec.Generator.ClientModel.Tests/Debug/net8.0/Microsoft.TypeSpec.Generator.ClientModel.Tests.dll" adapterTypeName="executor://nunit3testexecutor/" className="Microsoft.TypeSpec.Generator.ClientModel.Tests.Providers.TypeFormatterTests" name="FormatsDatesAsString(&quot;O&quot;,05/04/2020 03:02:01 +01:00,&quot;2020-05-04T02:02:01.1230000Z&quot;)" />
    </UnitTest>
    <UnitTest name="RoundTripWithModelCast(&quot;W&quot;)" storage="/home/runner/work/typespec/typespec/packages/http-client-csharp/generator/artifacts/bin/microsoft.typespec.generator.clientmodel.tests/debug/net8.0/microsoft.typespec.generator.clientmodel.tests.dll" id="e55750b2-62ef-9dbe-18e1-f31fcd761b56">
      <Execution id="80a18a44-b623-43ae-8cc8-c7b228ee66ca" />
      <TestMethod codeBase="/home/runner/work/typespec/typespec/packages/http-client-csharp/generator/artifacts/bin/Microsoft.TypeSpec.Generator.ClientModel.Tests/Debug/net8.0/Microsoft.TypeSpec.Generator.ClientModel.Tests.dll" adapterTypeName="executor://nunit3testexecutor/" className="Microsoft.TypeSpec.Generator.ClientModel.Tests.ModelReaderWriterValidation.TestProjects.Sample_TypeSpec.RoundTripModelTests" name="RoundTripWithModelCast(&quot;W&quot;)" />
    </UnitTest>
    <UnitTest name="AppendQuery_TimeSpan(&quot;http://localhost&quot;,&quot;02:15:00&quot;,&quot;P&quot;,True,&quot;http://localhost/?query=PT2H15M&quot;)" storage="/home/runner/work/typespec/typespec/packages/http-client-csharp/generator/artifacts/bin/microsoft.typespec.generator.clientmodel.tests/debug/net8.0/microsoft.typespec.generator.clientmodel.tests.dll" id="2e3d963d-2c88-d01e-672b-3e7de3778e63">
      <Execution id="ecfe5da5-8c8c-4eaf-9925-832feed6cd72" />
      <TestMethod codeBase="/home/runner/work/typespec/typespec/packages/http-client-csharp/generator/artifacts/bin/Microsoft.TypeSpec.Generator.ClientModel.Tests/Debug/net8.0/Microsoft.TypeSpec.Generator.ClientModel.Tests.dll" adapterTypeName="executor://nunit3testexecutor/" className="Microsoft.TypeSpec.Generator.ClientModel.Tests.Providers.ClientUriBuilderTests" name="AppendQuery_TimeSpan(&quot;http://localhost&quot;,&quot;02:15:00&quot;,&quot;P&quot;,True,&quot;http://localhost/?query=PT2H15M&quot;)" />
    </UnitTest>
    <UnitTest name="ResetThenAppendQuery(&quot;http://localhost/some/&quot;,&quot;one|1&quot;,&quot;http://localhost/some/?one=1&quot;)" storage="/home/runner/work/typespec/typespec/packages/http-client-csharp/generator/artifacts/bin/microsoft.typespec.generator.clientmodel.tests/debug/net8.0/microsoft.typespec.generator.clientmodel.tests.dll" id="86e3f85a-a891-efe2-3e19-1eec0a853048">
      <Execution id="ff5f7a6f-2f83-4e18-a200-02e4cc76027c" />
      <TestMethod codeBase="/home/runner/work/typespec/typespec/packages/http-client-csharp/generator/artifacts/bin/Microsoft.TypeSpec.Generator.ClientModel.Tests/Debug/net8.0/Microsoft.TypeSpec.Generator.ClientModel.Tests.dll" adapterTypeName="executor://nunit3testexecutor/" className="Microsoft.TypeSpec.Generator.ClientModel.Tests.Providers.ClientUriBuilderTests" name="ResetThenAppendQuery(&quot;http://localhost/some/&quot;,&quot;one|1&quot;,&quot;http://localhost/some/?one=1&quot;)" />
    </UnitTest>
    <UnitTest name="ResetThenAppendPathThenAppendQuery(&quot;http://localhost&quot;,&quot;some&quot;,&quot;one|1&quot;,&quot;http://localhost/some?one=1&quot;)" storage="/home/runner/work/typespec/typespec/packages/http-client-csharp/generator/artifacts/bin/microsoft.typespec.generator.clientmodel.tests/debug/net8.0/microsoft.typespec.generator.clientmodel.tests.dll" id="19c28362-a18b-6f39-d6be-858ea76684d8">
      <Execution id="72434a91-51aa-4bf8-aa8e-9bfda4f5ab07" />
      <TestMethod codeBase="/home/runner/work/typespec/typespec/packages/http-client-csharp/generator/artifacts/bin/Microsoft.TypeSpec.Generator.ClientModel.Tests/Debug/net8.0/Microsoft.TypeSpec.Generator.ClientModel.Tests.dll" adapterTypeName="executor://nunit3testexecutor/" className="Microsoft.TypeSpec.Generator.ClientModel.Tests.Providers.ClientUriBuilderTests" name="ResetThenAppendPathThenAppendQuery(&quot;http://localhost&quot;,&quot;some&quot;,&quot;one|1&quot;,&quot;http://localhost/some?one=1&quot;)" />
    </UnitTest>
    <UnitTest name="AppendPath_Int(&quot;http://localhost&quot;,-299792458,False,&quot;http://localhost/-299792458&quot;)" storage="/home/runner/work/typespec/typespec/packages/http-client-csharp/generator/artifacts/bin/microsoft.typespec.generator.clientmodel.tests/debug/net8.0/microsoft.typespec.generator.clientmodel.tests.dll" id="a1c7a7a4-30b8-eb82-955d-baf3a6270edd">
      <Execution id="134d37b8-4e33-416a-9b53-88dfbdfeb750" />
      <TestMethod codeBase="/home/runner/work/typespec/typespec/packages/http-client-csharp/generator/artifacts/bin/Microsoft.TypeSpec.Generator.ClientModel.Tests/Debug/net8.0/Microsoft.TypeSpec.Generator.ClientModel.Tests.dll" adapterTypeName="executor://nunit3testexecutor/" className="Microsoft.TypeSpec.Generator.ClientModel.Tests.Providers.ClientUriBuilderTests" name="AppendPath_Int(&quot;http://localhost&quot;,-299792458,False,&quot;http://localhost/-299792458&quot;)" />
    </UnitTest>
    <UnitTest name="RoundTripWithJsonInterfaceNonGeneric(&quot;J&quot;)" storage="/home/runner/work/typespec/typespec/packages/http-client-csharp/generator/artifacts/bin/microsoft.typespec.generator.clientmodel.tests/debug/net8.0/microsoft.typespec.generator.clientmodel.tests.dll" id="d5bf2cba-f614-6dc7-c8b0-5dc8f1b0688a">
      <Execution id="c0bcefd7-ce1e-463a-98e6-52c73490d9b9" />
      <TestMethod codeBase="/home/runner/work/typespec/typespec/packages/http-client-csharp/generator/artifacts/bin/Microsoft.TypeSpec.Generator.ClientModel.Tests/Debug/net8.0/Microsoft.TypeSpec.Generator.ClientModel.Tests.dll" adapterTypeName="executor://nunit3testexecutor/" className="Microsoft.TypeSpec.Generator.ClientModel.Tests.ModelReaderWriterValidation.TestProjects.Sample_TypeSpec.FriendTests" name="RoundTripWithJsonInterfaceNonGeneric(&quot;J&quot;)" />
    </UnitTest>
    <UnitTest name="ResetThenAppendQuery(&quot;http://localhost&quot;,&quot;one|1|two|2&quot;,&quot;http://localhost/?one=1&amp;two=2&quot;)" storage="/home/runner/work/typespec/typespec/packages/http-client-csharp/generator/artifacts/bin/microsoft.typespec.generator.clientmodel.tests/debug/net8.0/microsoft.typespec.generator.clientmodel.tests.dll" id="76047b41-0e4d-e4f0-081c-d902d04aad22">
      <Execution id="2a419683-783f-4ab4-a719-0f8f69d2bf26" />
      <TestMethod codeBase="/home/runner/work/typespec/typespec/packages/http-client-csharp/generator/artifacts/bin/Microsoft.TypeSpec.Generator.ClientModel.Tests/Debug/net8.0/Microsoft.TypeSpec.Generator.ClientModel.Tests.dll" adapterTypeName="executor://nunit3testexecutor/" className="Microsoft.TypeSpec.Generator.ClientModel.Tests.Providers.ClientUriBuilderTests" name="ResetThenAppendQuery(&quot;http://localhost&quot;,&quot;one|1|two|2&quot;,&quot;http://localhost/?one=1&amp;two=2&quot;)" />
    </UnitTest>
    <UnitTest name="RoundTripWithModelReaderWriterNonGeneric(&quot;W&quot;)" storage="/home/runner/work/typespec/typespec/packages/http-client-csharp/generator/artifacts/bin/microsoft.typespec.generator.clientmodel.tests/debug/net8.0/microsoft.typespec.generator.clientmodel.tests.dll" id="c0d2d7c8-8f54-3223-54ea-6b285d3fac39">
      <Execution id="121d71f3-56aa-418f-9803-b7b85c6e04cd" />
      <TestMethod codeBase="/home/runner/work/typespec/typespec/packages/http-client-csharp/generator/artifacts/bin/Microsoft.TypeSpec.Generator.ClientModel.Tests/Debug/net8.0/Microsoft.TypeSpec.Generator.ClientModel.Tests.dll" adapterTypeName="executor://nunit3testexecutor/" className="Microsoft.TypeSpec.Generator.ClientModel.Tests.ModelReaderWriterValidation.TestProjects.Sample_TypeSpec.ThingWithNullsTests" name="RoundTripWithModelReaderWriterNonGeneric(&quot;W&quot;)" />
    </UnitTest>
    <UnitTest name="ValidateConvertToString(&quot;O&quot;,12/31/9999 23:59:59 +01:00,&quot;9999-12-31T22:59:59.9999999Z&quot;)" storage="/home/runner/work/typespec/typespec/packages/http-client-csharp/generator/artifacts/bin/microsoft.typespec.generator.clientmodel.tests/debug/net8.0/microsoft.typespec.generator.clientmodel.tests.dll" id="64f221c7-b62a-2588-eba2-e29a560f56d2">
      <Execution id="e55bf3a8-7f08-427d-8021-6d287d93438d" />
      <TestMethod codeBase="/home/runner/work/typespec/typespec/packages/http-client-csharp/generator/artifacts/bin/Microsoft.TypeSpec.Generator.ClientModel.Tests/Debug/net8.0/Microsoft.TypeSpec.Generator.ClientModel.Tests.dll" adapterTypeName="executor://nunit3testexecutor/" className="Microsoft.TypeSpec.Generator.ClientModel.Tests.Providers.TypeFormatterTests" name="ValidateConvertToString(&quot;O&quot;,12/31/9999 23:59:59 +01:00,&quot;9999-12-31T22:59:59.9999999Z&quot;)" />
    </UnitTest>
    <UnitTest name="ValidateConvertToString(&quot;D&quot;,test,&quot;dGVzdA==&quot;)" storage="/home/runner/work/typespec/typespec/packages/http-client-csharp/generator/artifacts/bin/microsoft.typespec.generator.clientmodel.tests/debug/net8.0/microsoft.typespec.generator.clientmodel.tests.dll" id="a4ce03e5-e5b7-fd8f-5cab-d75162b5702b">
      <Execution id="51d5d1f8-439d-47d3-983b-ad3bdab899d1" />
      <TestMethod codeBase="/home/runner/work/typespec/typespec/packages/http-client-csharp/generator/artifacts/bin/Microsoft.TypeSpec.Generator.ClientModel.Tests/Debug/net8.0/Microsoft.TypeSpec.Generator.ClientModel.Tests.dll" adapterTypeName="executor://nunit3testexecutor/" className="Microsoft.TypeSpec.Generator.ClientModel.Tests.Providers.TypeFormatterTests" name="ValidateConvertToString(&quot;D&quot;,test,&quot;dGVzdA==&quot;)" />
    </UnitTest>
    <UnitTest name="FormatsDatesAsJson(&quot;R&quot;,05/04/2020 03:02:01 +00:00,&quot;Mon, 04 May 2020 03:02:01 GMT&quot;)" storage="/home/runner/work/typespec/typespec/packages/http-client-csharp/generator/artifacts/bin/microsoft.typespec.generator.clientmodel.tests/debug/net8.0/microsoft.typespec.generator.clientmodel.tests.dll" id="b4e9abf5-dcce-a867-f0a1-16b9bce1e33c">
      <Execution id="a7e55757-6d88-466e-b75e-e31ccc2e6267" />
      <TestMethod codeBase="/home/runner/work/typespec/typespec/packages/http-client-csharp/generator/artifacts/bin/Microsoft.TypeSpec.Generator.ClientModel.Tests/Debug/net8.0/Microsoft.TypeSpec.Generator.ClientModel.Tests.dll" adapterTypeName="executor://nunit3testexecutor/" className="Microsoft.TypeSpec.Generator.ClientModel.Tests.Providers.TypeFormatterTests" name="FormatsDatesAsJson(&quot;R&quot;,05/04/2020 03:02:01 +00:00,&quot;Mon, 04 May 2020 03:02:01 GMT&quot;)" />
    </UnitTest>
    <UnitTest name="RoundTripWithModelInterface(&quot;J&quot;)" storage="/home/runner/work/typespec/typespec/packages/http-client-csharp/generator/artifacts/bin/microsoft.typespec.generator.clientmodel.tests/debug/net8.0/microsoft.typespec.generator.clientmodel.tests.dll" id="84ad1089-0415-9b9d-3949-c442ce279fcc">
      <Execution id="19a3988f-8320-4b9c-a2f5-b9e5b345e41f" />
      <TestMethod codeBase="/home/runner/work/typespec/typespec/packages/http-client-csharp/generator/artifacts/bin/Microsoft.TypeSpec.Generator.ClientModel.Tests/Debug/net8.0/Microsoft.TypeSpec.Generator.ClientModel.Tests.dll" adapterTypeName="executor://nunit3testexecutor/" className="Microsoft.TypeSpec.Generator.ClientModel.Tests.ModelReaderWriterValidation.TestProjects.Sample_TypeSpec.ThingWithNullsTests" name="RoundTripWithModelInterface(&quot;J&quot;)" />
    </UnitTest>
    <UnitTest name="AppendQueryDelimited(&quot;http://localhost&quot;,[&quot;hello&quot;, &quot;world&quot;],&quot;,&quot;,True,&quot;http://localhost/?query=hello%2Cworld&quot;)" storage="/home/runner/work/typespec/typespec/packages/http-client-csharp/generator/artifacts/bin/microsoft.typespec.generator.clientmodel.tests/debug/net8.0/microsoft.typespec.generator.clientmodel.tests.dll" id="d81aefaa-21b2-2ce8-1512-b4dc36d8fb4e">
      <Execution id="4800bf42-e203-4301-bd61-a6a41c6a51b7" />
      <TestMethod codeBase="/home/runner/work/typespec/typespec/packages/http-client-csharp/generator/artifacts/bin/Microsoft.TypeSpec.Generator.ClientModel.Tests/Debug/net8.0/Microsoft.TypeSpec.Generator.ClientModel.Tests.dll" adapterTypeName="executor://nunit3testexecutor/" className="Microsoft.TypeSpec.Generator.ClientModel.Tests.Providers.ClientUriBuilderTests" name="AppendQueryDelimited(&quot;http://localhost&quot;,[&quot;hello&quot;, &quot;world&quot;],&quot;,&quot;,True,&quot;http://localhost/?query=hello%2Cworld&quot;)" />
    </UnitTest>
    <UnitTest name="ResetThenAppendPathThenAppendQuery(&quot;http://localhost/&quot;,&quot;/some/&quot;,&quot;one|1&quot;,&quot;http://localhost/some/?one=1&quot;)" storage="/home/runner/work/typespec/typespec/packages/http-client-csharp/generator/artifacts/bin/microsoft.typespec.generator.clientmodel.tests/debug/net8.0/microsoft.typespec.generator.clientmodel.tests.dll" id="5b3ddd4d-574c-53fd-f18b-066847d4b1fe">
      <Execution id="901a2e2a-32f9-4d4d-8211-17a15f3c9b0d" />
      <TestMethod codeBase="/home/runner/work/typespec/typespec/packages/http-client-csharp/generator/artifacts/bin/Microsoft.TypeSpec.Generator.ClientModel.Tests/Debug/net8.0/Microsoft.TypeSpec.Generator.ClientModel.Tests.dll" adapterTypeName="executor://nunit3testexecutor/" className="Microsoft.TypeSpec.Generator.ClientModel.Tests.Providers.ClientUriBuilderTests" name="ResetThenAppendPathThenAppendQuery(&quot;http://localhost/&quot;,&quot;/some/&quot;,&quot;one|1&quot;,&quot;http://localhost/some/?one=1&quot;)" />
    </UnitTest>
    <UnitTest name="NonBodyPropertyKindsInModel" storage="/home/runner/work/typespec/typespec/packages/http-client-csharp/generator/artifacts/bin/microsoft.typespec.generator.clientmodel.tests/debug/net8.0/microsoft.typespec.generator.clientmodel.tests.dll" id="e0ce0b4d-3174-1ac5-ec25-2446ab1e03e3">
      <Execution id="c3136cf9-65a9-430c-8a7c-7df3a39f5aba" />
      <TestMethod codeBase="/home/runner/work/typespec/typespec/packages/http-client-csharp/generator/artifacts/bin/Microsoft.TypeSpec.Generator.ClientModel.Tests/Debug/net8.0/Microsoft.TypeSpec.Generator.ClientModel.Tests.dll" adapterTypeName="executor://nunit3testexecutor/" className="Microsoft.TypeSpec.Generator.ClientModel.Tests.Providers.MrwSerializationTypeDefinitions.JsonModelCoreTests" name="NonBodyPropertyKindsInModel" />
    </UnitTest>
    <UnitTest name="RoundTripWithJsonInterfaceUtf8ReaderNonGeneric(&quot;J&quot;)" storage="/home/runner/work/typespec/typespec/packages/http-client-csharp/generator/artifacts/bin/microsoft.typespec.generator.clientmodel.tests/debug/net8.0/microsoft.typespec.generator.clientmodel.tests.dll" id="4aeb2cf1-e0c9-d53a-978a-fe86c8b66c85">
      <Execution id="3d22a7d7-a691-4b37-b047-43040bd19d97" />
      <TestMethod codeBase="/home/runner/work/typespec/typespec/packages/http-client-csharp/generator/artifacts/bin/Microsoft.TypeSpec.Generator.ClientModel.Tests/Debug/net8.0/Microsoft.TypeSpec.Generator.ClientModel.Tests.dll" adapterTypeName="executor://nunit3testexecutor/" className="Microsoft.TypeSpec.Generator.ClientModel.Tests.ModelReaderWriterValidation.TestProjects.Sample_TypeSpec.ThingWithNullsTests" name="RoundTripWithJsonInterfaceUtf8ReaderNonGeneric(&quot;J&quot;)" />
    </UnitTest>
    <UnitTest name="EndpointAppliedInCreateMethodRequest(&quot;{endpoint}&quot;,&quot;endpoint&quot;)" storage="/home/runner/work/typespec/typespec/packages/http-client-csharp/generator/artifacts/bin/microsoft.typespec.generator.clientmodel.tests/debug/net8.0/microsoft.typespec.generator.clientmodel.tests.dll" id="2959eeda-a4b5-3546-ecb7-e96124d728c7">
      <Execution id="91f22c0f-617a-457c-8c9b-1ad9553ba262" />
      <TestMethod codeBase="/home/runner/work/typespec/typespec/packages/http-client-csharp/generator/artifacts/bin/Microsoft.TypeSpec.Generator.ClientModel.Tests/Debug/net8.0/Microsoft.TypeSpec.Generator.ClientModel.Tests.dll" adapterTypeName="executor://nunit3testexecutor/" className="Microsoft.TypeSpec.Generator.ClientModel.Tests.Providers.ClientProviders.ClientProviderTests" name="EndpointAppliedInCreateMethodRequest(&quot;{endpoint}&quot;,&quot;endpoint&quot;)" />
    </UnitTest>
    <UnitTest name="RoundTripWithJsonInterfaceUtf8Reader(&quot;W&quot;)" storage="/home/runner/work/typespec/typespec/packages/http-client-csharp/generator/artifacts/bin/microsoft.typespec.generator.clientmodel.tests/debug/net8.0/microsoft.typespec.generator.clientmodel.tests.dll" id="faa5573b-343f-0522-2b3d-8e3745b6c8ae">
      <Execution id="a1a34ddb-5c9b-4ac3-9c3f-a0c8b3627f21" />
      <TestMethod codeBase="/home/runner/work/typespec/typespec/packages/http-client-csharp/generator/artifacts/bin/Microsoft.TypeSpec.Generator.ClientModel.Tests/Debug/net8.0/Microsoft.TypeSpec.Generator.ClientModel.Tests.dll" adapterTypeName="executor://nunit3testexecutor/" className="Microsoft.TypeSpec.Generator.ClientModel.Tests.ModelReaderWriterValidation.TestProjects.Sample_TypeSpec.RenamedModelTests" name="RoundTripWithJsonInterfaceUtf8Reader(&quot;W&quot;)" />
    </UnitTest>
    <UnitTest name="ResetThenAppendPath(&quot;http://localhost:12345/with/&quot;,&quot;path&quot;,&quot;http://localhost:12345/with/path&quot;)" storage="/home/runner/work/typespec/typespec/packages/http-client-csharp/generator/artifacts/bin/microsoft.typespec.generator.clientmodel.tests/debug/net8.0/microsoft.typespec.generator.clientmodel.tests.dll" id="6d43122f-b0d5-bf9d-4528-2f67c9810804">
      <Execution id="512fa4fd-8ef4-4bbb-b28b-d13cc9cd2184" />
      <TestMethod codeBase="/home/runner/work/typespec/typespec/packages/http-client-csharp/generator/artifacts/bin/Microsoft.TypeSpec.Generator.ClientModel.Tests/Debug/net8.0/Microsoft.TypeSpec.Generator.ClientModel.Tests.dll" adapterTypeName="executor://nunit3testexecutor/" className="Microsoft.TypeSpec.Generator.ClientModel.Tests.Providers.ClientUriBuilderTests" name="ResetThenAppendPath(&quot;http://localhost:12345/with/&quot;,&quot;path&quot;,&quot;http://localhost:12345/with/path&quot;)" />
    </UnitTest>
    <UnitTest name="ValidateConvertToString(&quot;O&quot;,05/04/2020 03:02:01 +00:00,&quot;2020-05-04T03:02:01.1230000Z&quot;)" storage="/home/runner/work/typespec/typespec/packages/http-client-csharp/generator/artifacts/bin/microsoft.typespec.generator.clientmodel.tests/debug/net8.0/microsoft.typespec.generator.clientmodel.tests.dll" id="d56625dc-428d-2fd3-78bc-b8d6e72a64b8">
      <Execution id="9270773f-29c6-4ae1-aed8-a72796b6bb6d" />
      <TestMethod codeBase="/home/runner/work/typespec/typespec/packages/http-client-csharp/generator/artifacts/bin/Microsoft.TypeSpec.Generator.ClientModel.Tests/Debug/net8.0/Microsoft.TypeSpec.Generator.ClientModel.Tests.dll" adapterTypeName="executor://nunit3testexecutor/" className="Microsoft.TypeSpec.Generator.ClientModel.Tests.Providers.TypeFormatterTests" name="ValidateConvertToString(&quot;O&quot;,05/04/2020 03:02:01 +00:00,&quot;2020-05-04T03:02:01.1230000Z&quot;)" />
    </UnitTest>
    <UnitTest name="CanSerializeCustomPropertyFromBase" storage="/home/runner/work/typespec/typespec/packages/http-client-csharp/generator/artifacts/bin/microsoft.typespec.generator.clientmodel.tests/debug/net8.0/microsoft.typespec.generator.clientmodel.tests.dll" id="7886312e-fb95-47a1-a0a7-e5c487125c82">
      <Execution id="ecbe3d7d-14b7-4c73-b885-aaba5881933d" />
      <TestMethod codeBase="/home/runner/work/typespec/typespec/packages/http-client-csharp/generator/artifacts/bin/Microsoft.TypeSpec.Generator.ClientModel.Tests/Debug/net8.0/Microsoft.TypeSpec.Generator.ClientModel.Tests.dll" adapterTypeName="executor://nunit3testexecutor/" className="Microsoft.TypeSpec.Generator.ClientModel.Tests.Providers.MrwSerializationTypeDefinitions.ModelCustomizationTests" name="CanSerializeCustomPropertyFromBase" />
    </UnitTest>
    <UnitTest name="AppendPath_TimeSpan(&quot;http://localhost&quot;,&quot;02:15:00&quot;,&quot;&quot;,False,&quot;http://localhost/02:15:00&quot;)" storage="/home/runner/work/typespec/typespec/packages/http-client-csharp/generator/artifacts/bin/microsoft.typespec.generator.clientmodel.tests/debug/net8.0/microsoft.typespec.generator.clientmodel.tests.dll" id="e68f0fb3-29fa-f4a6-5af8-0a4a2c152ae4">
      <Execution id="c7f9e4d6-224c-40e9-95cc-629d98b85a3d" />
      <TestMethod codeBase="/home/runner/work/typespec/typespec/packages/http-client-csharp/generator/artifacts/bin/Microsoft.TypeSpec.Generator.ClientModel.Tests/Debug/net8.0/Microsoft.TypeSpec.Generator.ClientModel.Tests.dll" adapterTypeName="executor://nunit3testexecutor/" className="Microsoft.TypeSpec.Generator.ClientModel.Tests.Providers.ClientUriBuilderTests" name="AppendPath_TimeSpan(&quot;http://localhost&quot;,&quot;02:15:00&quot;,&quot;&quot;,False,&quot;http://localhost/02:15:00&quot;)" />
    </UnitTest>
    <UnitTest name="AppendPath_DateTimeOffset(&quot;http://localhost&quot;,&quot;6/30/1905 1:14:00 PM +00:00&quot;,&quot;o&quot;,False,&quot;http://localhost/1905-06-30T13:14:00.0000000Z&quot;)" storage="/home/runner/work/typespec/typespec/packages/http-client-csharp/generator/artifacts/bin/microsoft.typespec.generator.clientmodel.tests/debug/net8.0/microsoft.typespec.generator.clientmodel.tests.dll" id="2b5db586-13e2-a5d4-7ef0-6053fff6d61a">
      <Execution id="3b3da1ac-e430-46e5-b7c1-0981da80399e" />
      <TestMethod codeBase="/home/runner/work/typespec/typespec/packages/http-client-csharp/generator/artifacts/bin/Microsoft.TypeSpec.Generator.ClientModel.Tests/Debug/net8.0/Microsoft.TypeSpec.Generator.ClientModel.Tests.dll" adapterTypeName="executor://nunit3testexecutor/" className="Microsoft.TypeSpec.Generator.ClientModel.Tests.Providers.ClientUriBuilderTests" name="AppendPath_DateTimeOffset(&quot;http://localhost&quot;,&quot;6/30/1905 1:14:00 PM +00:00&quot;,&quot;o&quot;,False,&quot;http://localhost/1905-06-30T13:14:00.0000000Z&quot;)" />
    </UnitTest>
    <UnitTest name="RoundTripWithModelInterfaceNonGeneric(&quot;W&quot;)" storage="/home/runner/work/typespec/typespec/packages/http-client-csharp/generator/artifacts/bin/microsoft.typespec.generator.clientmodel.tests/debug/net8.0/microsoft.typespec.generator.clientmodel.tests.dll" id="dcd05550-3ea5-0bef-33f4-5a0952c6de2a">
      <Execution id="a1553f94-19e6-422d-8467-4e78dc7efc61" />
      <TestMethod codeBase="/home/runner/work/typespec/typespec/packages/http-client-csharp/generator/artifacts/bin/Microsoft.TypeSpec.Generator.ClientModel.Tests/Debug/net8.0/Microsoft.TypeSpec.Generator.ClientModel.Tests.dll" adapterTypeName="executor://nunit3testexecutor/" className="Microsoft.TypeSpec.Generator.ClientModel.Tests.ModelReaderWriterValidation.TestProjects.Sample_TypeSpec.FriendTests" name="RoundTripWithModelInterfaceNonGeneric(&quot;W&quot;)" />
    </UnitTest>
    <UnitTest name="RoundTripWithModelReaderWriterNonGeneric(&quot;W&quot;)" storage="/home/runner/work/typespec/typespec/packages/http-client-csharp/generator/artifacts/bin/microsoft.typespec.generator.clientmodel.tests/debug/net8.0/microsoft.typespec.generator.clientmodel.tests.dll" id="90b986fa-cbc6-3760-9999-22ccdf627ac8">
      <Execution id="eb195d0b-6011-484d-a436-74a670c5b706" />
      <TestMethod codeBase="/home/runner/work/typespec/typespec/packages/http-client-csharp/generator/artifacts/bin/Microsoft.TypeSpec.Generator.ClientModel.Tests/Debug/net8.0/Microsoft.TypeSpec.Generator.ClientModel.Tests.dll" adapterTypeName="executor://nunit3testexecutor/" className="Microsoft.TypeSpec.Generator.ClientModel.Tests.ModelReaderWriterValidation.TestProjects.Sample_TypeSpec.ThingTests" name="RoundTripWithModelReaderWriterNonGeneric(&quot;W&quot;)" />
    </UnitTest>
    <UnitTest name="NoNextLinkOrContinuationToken" storage="/home/runner/work/typespec/typespec/packages/http-client-csharp/generator/artifacts/bin/microsoft.typespec.generator.clientmodel.tests/debug/net8.0/microsoft.typespec.generator.clientmodel.tests.dll" id="146aa1c0-e779-e5d3-3dd4-31fcfe25e1ce">
      <Execution id="20fad1c5-b073-4c8a-9990-c9489a1b07a5" />
      <TestMethod codeBase="/home/runner/work/typespec/typespec/packages/http-client-csharp/generator/artifacts/bin/Microsoft.TypeSpec.Generator.ClientModel.Tests/Debug/net8.0/Microsoft.TypeSpec.Generator.ClientModel.Tests.dll" adapterTypeName="executor://nunit3testexecutor/" className="Microsoft.TypeSpec.Generator.ClientModel.Tests.Providers.CollectionResultDefinitions.ListPageableTests" name="NoNextLinkOrContinuationToken" />
    </UnitTest>
    <UnitTest name="RoundTripWithModelCast(&quot;W&quot;)" storage="/home/runner/work/typespec/typespec/packages/http-client-csharp/generator/artifacts/bin/microsoft.typespec.generator.clientmodel.tests/debug/net8.0/microsoft.typespec.generator.clientmodel.tests.dll" id="63fc2dd7-d482-b316-024a-fe582ae69c29">
      <Execution id="dd8730de-8034-4140-be08-5b23d981656c" />
      <TestMethod codeBase="/home/runner/work/typespec/typespec/packages/http-client-csharp/generator/artifacts/bin/Microsoft.TypeSpec.Generator.ClientModel.Tests/Debug/net8.0/Microsoft.TypeSpec.Generator.ClientModel.Tests.dll" adapterTypeName="executor://nunit3testexecutor/" className="Microsoft.TypeSpec.Generator.ClientModel.Tests.ModelReaderWriterValidation.TestProjects.Sample_TypeSpec.ThingTests" name="RoundTripWithModelCast(&quot;W&quot;)" />
    </UnitTest>
    <UnitTest name="CanCustomizeSerializationMethodForPropertyInBase" storage="/home/runner/work/typespec/typespec/packages/http-client-csharp/generator/artifacts/bin/microsoft.typespec.generator.clientmodel.tests/debug/net8.0/microsoft.typespec.generator.clientmodel.tests.dll" id="647a6e46-5887-fcbd-09f2-cc660f744507">
      <Execution id="6601ac44-022c-43dd-9aa3-7ec67df6b338" />
      <TestMethod codeBase="/home/runner/work/typespec/typespec/packages/http-client-csharp/generator/artifacts/bin/Microsoft.TypeSpec.Generator.ClientModel.Tests/Debug/net8.0/Microsoft.TypeSpec.Generator.ClientModel.Tests.dll" adapterTypeName="executor://nunit3testexecutor/" className="Microsoft.TypeSpec.Generator.ClientModel.Tests.Providers.MrwSerializationTypeDefinitions.SerializationCustomizationTests" name="CanCustomizeSerializationMethodForPropertyInBase" />
    </UnitTest>
    <UnitTest name="ResetThenAppendQuery(&quot;http://localhost:12345/some&quot;,&quot;one|1&quot;,&quot;http://localhost:12345/some?one=1&quot;)" storage="/home/runner/work/typespec/typespec/packages/http-client-csharp/generator/artifacts/bin/microsoft.typespec.generator.clientmodel.tests/debug/net8.0/microsoft.typespec.generator.clientmodel.tests.dll" id="09431a07-3c29-d662-92d8-a6fd68b38ca4">
      <Execution id="a9be1b29-0c61-4a89-9a95-4d7fa08abb95" />
      <TestMethod codeBase="/home/runner/work/typespec/typespec/packages/http-client-csharp/generator/artifacts/bin/Microsoft.TypeSpec.Generator.ClientModel.Tests/Debug/net8.0/Microsoft.TypeSpec.Generator.ClientModel.Tests.dll" adapterTypeName="executor://nunit3testexecutor/" className="Microsoft.TypeSpec.Generator.ClientModel.Tests.Providers.ClientUriBuilderTests" name="ResetThenAppendQuery(&quot;http://localhost:12345/some&quot;,&quot;one|1&quot;,&quot;http://localhost:12345/some?one=1&quot;)" />
    </UnitTest>
    <UnitTest name="NoNextLinkOrContinuationTokenAsync" storage="/home/runner/work/typespec/typespec/packages/http-client-csharp/generator/artifacts/bin/microsoft.typespec.generator.clientmodel.tests/debug/net8.0/microsoft.typespec.generator.clientmodel.tests.dll" id="93072ac8-93cd-f82a-1539-84c47e6d94f9">
      <Execution id="5725310d-5027-4f00-9209-16d3aae0cebc" />
      <TestMethod codeBase="/home/runner/work/typespec/typespec/packages/http-client-csharp/generator/artifacts/bin/Microsoft.TypeSpec.Generator.ClientModel.Tests/Debug/net8.0/Microsoft.TypeSpec.Generator.ClientModel.Tests.dll" adapterTypeName="executor://nunit3testexecutor/" className="Microsoft.TypeSpec.Generator.ClientModel.Tests.Providers.CollectionResultDefinitions.ListPageableTests" name="NoNextLinkOrContinuationTokenAsync" />
    </UnitTest>
    <UnitTest name="TestBuildPersistableModelGetFormatMethodObjectDeclaration" storage="/home/runner/work/typespec/typespec/packages/http-client-csharp/generator/artifacts/bin/microsoft.typespec.generator.clientmodel.tests/debug/net8.0/microsoft.typespec.generator.clientmodel.tests.dll" id="afea2367-f2c4-b4f0-d85c-b2267117e7d3">
      <Execution id="0b151229-6c54-4ae7-8bc0-733036a02a5f" />
      <TestMethod codeBase="/home/runner/work/typespec/typespec/packages/http-client-csharp/generator/artifacts/bin/Microsoft.TypeSpec.Generator.ClientModel.Tests/Debug/net8.0/Microsoft.TypeSpec.Generator.ClientModel.Tests.dll" adapterTypeName="executor://nunit3testexecutor/" className="Microsoft.TypeSpec.Generator.ClientModel.Tests.Providers.MrwSerializationTypeDefinitions.MrwSerializationTypeDefinitionTests" name="TestBuildPersistableModelGetFormatMethodObjectDeclaration" />
    </UnitTest>
    <UnitTest name="TestBuildConstructor_ValidateConstructors" storage="/home/runner/work/typespec/typespec/packages/http-client-csharp/generator/artifacts/bin/microsoft.typespec.generator.clientmodel.tests/debug/net8.0/microsoft.typespec.generator.clientmodel.tests.dll" id="8a0fca4b-0698-ebf3-6c49-81c7c04e748c">
      <Execution id="ece28037-25f8-41e3-884d-1dd1798254cf" />
      <TestMethod codeBase="/home/runner/work/typespec/typespec/packages/http-client-csharp/generator/artifacts/bin/Microsoft.TypeSpec.Generator.ClientModel.Tests/Debug/net8.0/Microsoft.TypeSpec.Generator.ClientModel.Tests.dll" adapterTypeName="executor://nunit3testexecutor/" className="Microsoft.TypeSpec.Generator.ClientModel.Tests.Providers.MrwSerializationTypeDefinitions.MrwSerializationTypeDefinitionTests" name="TestBuildConstructor_ValidateConstructors" />
    </UnitTest>
    <UnitTest name="ValidateProperties" storage="/home/runner/work/typespec/typespec/packages/http-client-csharp/generator/artifacts/bin/microsoft.typespec.generator.clientmodel.tests/debug/net8.0/microsoft.typespec.generator.clientmodel.tests.dll" id="7fe16f67-ef74-a129-92fe-2486276145d3">
      <Execution id="cb327a7a-2bb6-4828-95d8-ef7cfa203c86" />
      <TestMethod codeBase="/home/runner/work/typespec/typespec/packages/http-client-csharp/generator/artifacts/bin/Microsoft.TypeSpec.Generator.ClientModel.Tests/Debug/net8.0/Microsoft.TypeSpec.Generator.ClientModel.Tests.dll" adapterTypeName="executor://nunit3testexecutor/" className="Microsoft.TypeSpec.Generator.ClientModel.Tests.Providers.RestClientProviders.RestClientProviderTests" name="ValidateProperties" />
    </UnitTest>
    <UnitTest name="CamelCaseSerializedName" storage="/home/runner/work/typespec/typespec/packages/http-client-csharp/generator/artifacts/bin/microsoft.typespec.generator.clientmodel.tests/debug/net8.0/microsoft.typespec.generator.clientmodel.tests.dll" id="f12ce410-d0e4-8074-07d4-91d1e0fbf2c9">
      <Execution id="e2e19b06-2d02-49ce-8ff4-351009ea533d" />
      <TestMethod codeBase="/home/runner/work/typespec/typespec/packages/http-client-csharp/generator/artifacts/bin/Microsoft.TypeSpec.Generator.ClientModel.Tests/Debug/net8.0/Microsoft.TypeSpec.Generator.ClientModel.Tests.dll" adapterTypeName="executor://nunit3testexecutor/" className="Microsoft.TypeSpec.Generator.ClientModel.Tests.Providers.MrwSerializationTypeDefinitions.JsonModelCoreTests" name="CamelCaseSerializedName" />
    </UnitTest>
    <UnitTest name="OperationWithOptionalExtensibleIntEnum" storage="/home/runner/work/typespec/typespec/packages/http-client-csharp/generator/artifacts/bin/microsoft.typespec.generator.clientmodel.tests/debug/net8.0/microsoft.typespec.generator.clientmodel.tests.dll" id="151f7ead-f8c8-292a-fa32-6e515a2838fc">
      <Execution id="c960a7c7-9edb-4283-a934-9966c3f4a571" />
      <TestMethod codeBase="/home/runner/work/typespec/typespec/packages/http-client-csharp/generator/artifacts/bin/Microsoft.TypeSpec.Generator.ClientModel.Tests/Debug/net8.0/Microsoft.TypeSpec.Generator.ClientModel.Tests.dll" adapterTypeName="executor://nunit3testexecutor/" className="Microsoft.TypeSpec.Generator.ClientModel.Tests.Providers.ScmMethodProviderCollectionTests" name="OperationWithOptionalExtensibleIntEnum" />
    </UnitTest>
    <UnitTest name="NoNextLinkOrContinuationTokenOfT" storage="/home/runner/work/typespec/typespec/packages/http-client-csharp/generator/artifacts/bin/microsoft.typespec.generator.clientmodel.tests/debug/net8.0/microsoft.typespec.generator.clientmodel.tests.dll" id="0dbe4df9-fb4c-9268-8cfe-c53e8e32289c">
      <Execution id="f896a75d-70d7-4df5-9eff-443e289fa17f" />
      <TestMethod codeBase="/home/runner/work/typespec/typespec/packages/http-client-csharp/generator/artifacts/bin/Microsoft.TypeSpec.Generator.ClientModel.Tests/Debug/net8.0/Microsoft.TypeSpec.Generator.ClientModel.Tests.dll" adapterTypeName="executor://nunit3testexecutor/" className="Microsoft.TypeSpec.Generator.ClientModel.Tests.Providers.CollectionResultDefinitions.ListPageableTests" name="NoNextLinkOrContinuationTokenOfT" />
    </UnitTest>
    <UnitTest name="RequestBodyConstructedUsingBinaryContentHelpers(Microsoft.TypeSpec.Generator.Input.InputModelType)" storage="/home/runner/work/typespec/typespec/packages/http-client-csharp/generator/artifacts/bin/microsoft.typespec.generator.clientmodel.tests/debug/net8.0/microsoft.typespec.generator.clientmodel.tests.dll" id="4292287d-3e88-e342-a73e-7621a9e1b4cb">
      <Execution id="862a0248-9679-4374-82f6-0035297a0ba0" />
      <TestMethod codeBase="/home/runner/work/typespec/typespec/packages/http-client-csharp/generator/artifacts/bin/Microsoft.TypeSpec.Generator.ClientModel.Tests/Debug/net8.0/Microsoft.TypeSpec.Generator.ClientModel.Tests.dll" adapterTypeName="executor://nunit3testexecutor/" className="Microsoft.TypeSpec.Generator.ClientModel.Tests.Providers.ScmMethodProviderCollectionTests" name="RequestBodyConstructedUsingBinaryContentHelpers(Microsoft.TypeSpec.Generator.Input.InputModelType)" />
    </UnitTest>
    <UnitTest name="ResetThenAppendPath(&quot;http://localhost:12345/&quot;,&quot;/path&quot;,&quot;http://localhost:12345/path&quot;)" storage="/home/runner/work/typespec/typespec/packages/http-client-csharp/generator/artifacts/bin/microsoft.typespec.generator.clientmodel.tests/debug/net8.0/microsoft.typespec.generator.clientmodel.tests.dll" id="ce965a78-835a-15f8-3288-e78e41f0291b">
      <Execution id="6dd97a2c-1d99-4545-b741-970f7e59a5fb" />
      <TestMethod codeBase="/home/runner/work/typespec/typespec/packages/http-client-csharp/generator/artifacts/bin/Microsoft.TypeSpec.Generator.ClientModel.Tests/Debug/net8.0/Microsoft.TypeSpec.Generator.ClientModel.Tests.dll" adapterTypeName="executor://nunit3testexecutor/" className="Microsoft.TypeSpec.Generator.ClientModel.Tests.Providers.ClientUriBuilderTests" name="ResetThenAppendPath(&quot;http://localhost:12345/&quot;,&quot;/path&quot;,&quot;http://localhost:12345/path&quot;)" />
    </UnitTest>
    <UnitTest name="TestBuildCreateRequestMethodWithPaging(True)" storage="/home/runner/work/typespec/typespec/packages/http-client-csharp/generator/artifacts/bin/microsoft.typespec.generator.clientmodel.tests/debug/net8.0/microsoft.typespec.generator.clientmodel.tests.dll" id="fb51798c-b608-b315-9be5-4e9843174a03">
      <Execution id="9a5624d9-fa32-4604-8af0-78ffdf79b9bb" />
      <TestMethod codeBase="/home/runner/work/typespec/typespec/packages/http-client-csharp/generator/artifacts/bin/Microsoft.TypeSpec.Generator.ClientModel.Tests/Debug/net8.0/Microsoft.TypeSpec.Generator.ClientModel.Tests.dll" adapterTypeName="executor://nunit3testexecutor/" className="Microsoft.TypeSpec.Generator.ClientModel.Tests.Providers.RestClientProviders.RestClientProviderTests" name="TestBuildCreateRequestMethodWithPaging(True)" />
    </UnitTest>
    <UnitTest name="TestBuildPersistableModelWriteCoreMethod(True)" storage="/home/runner/work/typespec/typespec/packages/http-client-csharp/generator/artifacts/bin/microsoft.typespec.generator.clientmodel.tests/debug/net8.0/microsoft.typespec.generator.clientmodel.tests.dll" id="e311daf6-420e-d072-6122-320316529cb7">
      <Execution id="9b2b55d7-0597-460f-beca-98f860c54d48" />
      <TestMethod codeBase="/home/runner/work/typespec/typespec/packages/http-client-csharp/generator/artifacts/bin/Microsoft.TypeSpec.Generator.ClientModel.Tests/Debug/net8.0/Microsoft.TypeSpec.Generator.ClientModel.Tests.dll" adapterTypeName="executor://nunit3testexecutor/" className="Microsoft.TypeSpec.Generator.ClientModel.Tests.Providers.MrwSerializationTypeDefinitions.MrwSerializationTypeDefinitionTests" name="TestBuildPersistableModelWriteCoreMethod(True)" />
    </UnitTest>
    <UnitTest name="RoundTripWithJsonInterfaceUtf8Reader(&quot;J&quot;)" storage="/home/runner/work/typespec/typespec/packages/http-client-csharp/generator/artifacts/bin/microsoft.typespec.generator.clientmodel.tests/debug/net8.0/microsoft.typespec.generator.clientmodel.tests.dll" id="eb73ec0d-ba85-a922-f1e4-560a64171ca9">
      <Execution id="2ce73820-e16f-4cdd-a83c-4a82e6947372" />
      <TestMethod codeBase="/home/runner/work/typespec/typespec/packages/http-client-csharp/generator/artifacts/bin/Microsoft.TypeSpec.Generator.ClientModel.Tests/Debug/net8.0/Microsoft.TypeSpec.Generator.ClientModel.Tests.dll" adapterTypeName="executor://nunit3testexecutor/" className="Microsoft.TypeSpec.Generator.ClientModel.Tests.ModelReaderWriterValidation.TestProjects.Sample_TypeSpec.RoundTripModelTests" name="RoundTripWithJsonInterfaceUtf8Reader(&quot;J&quot;)" />
    </UnitTest>
    <UnitTest name="CanCustomizePropertyUsingField" storage="/home/runner/work/typespec/typespec/packages/http-client-csharp/generator/artifacts/bin/microsoft.typespec.generator.clientmodel.tests/debug/net8.0/microsoft.typespec.generator.clientmodel.tests.dll" id="46c0f747-e309-a9f8-b426-f3a7bd05a508">
      <Execution id="9ed4b9d0-e6bf-4cc7-bc0e-f6221f087ff6" />
      <TestMethod codeBase="/home/runner/work/typespec/typespec/packages/http-client-csharp/generator/artifacts/bin/Microsoft.TypeSpec.Generator.ClientModel.Tests/Debug/net8.0/Microsoft.TypeSpec.Generator.ClientModel.Tests.dll" adapterTypeName="executor://nunit3testexecutor/" className="Microsoft.TypeSpec.Generator.ClientModel.Tests.Providers.MrwSerializationTypeDefinitions.ModelCustomizationTests" name="CanCustomizePropertyUsingField" />
    </UnitTest>
    <UnitTest name="TestBuildConstructors_ForSubClient_BothAuth()" storage="/home/runner/work/typespec/typespec/packages/http-client-csharp/generator/artifacts/bin/microsoft.typespec.generator.clientmodel.tests/debug/net8.0/microsoft.typespec.generator.clientmodel.tests.dll" id="e78dd496-39e7-6487-beae-ab1e68e8a32e">
      <Execution id="9f34d7e4-3b0c-4272-9f73-99174a921239" />
      <TestMethod codeBase="/home/runner/work/typespec/typespec/packages/http-client-csharp/generator/artifacts/bin/Microsoft.TypeSpec.Generator.ClientModel.Tests/Debug/net8.0/Microsoft.TypeSpec.Generator.ClientModel.Tests.dll" adapterTypeName="executor://nunit3testexecutor/" className="Microsoft.TypeSpec.Generator.ClientModel.Tests.Providers.ClientProviders.ClientProviderTests" name="TestBuildConstructors_ForSubClient_BothAuth()" />
    </UnitTest>
    <UnitTest name="AppendQuery_Double(&quot;http://localhost&quot;,3.14d,False,&quot;http://localhost/?query=3.14&quot;)" storage="/home/runner/work/typespec/typespec/packages/http-client-csharp/generator/artifacts/bin/microsoft.typespec.generator.clientmodel.tests/debug/net8.0/microsoft.typespec.generator.clientmodel.tests.dll" id="c14f3cef-d7a9-99e2-48ff-da4f93a55ade">
      <Execution id="d03f0ca7-ada5-40d2-be30-38315dab005d" />
      <TestMethod codeBase="/home/runner/work/typespec/typespec/packages/http-client-csharp/generator/artifacts/bin/Microsoft.TypeSpec.Generator.ClientModel.Tests/Debug/net8.0/Microsoft.TypeSpec.Generator.ClientModel.Tests.dll" adapterTypeName="executor://nunit3testexecutor/" className="Microsoft.TypeSpec.Generator.ClientModel.Tests.Providers.ClientUriBuilderTests" name="AppendQuery_Double(&quot;http://localhost&quot;,3.14d,False,&quot;http://localhost/?query=3.14&quot;)" />
    </UnitTest>
    <UnitTest name="FormatsDatesAsString(&quot;R&quot;,05/04/2020 03:02:01 +01:00,&quot;Mon, 04 May 2020 02:02:01 GMT&quot;)" storage="/home/runner/work/typespec/typespec/packages/http-client-csharp/generator/artifacts/bin/microsoft.typespec.generator.clientmodel.tests/debug/net8.0/microsoft.typespec.generator.clientmodel.tests.dll" id="111b5e1e-7a3c-26c3-bc4c-dbf7de7c53b2">
      <Execution id="9d65b7ea-f0cc-470e-8b8e-c585adf0ca80" />
      <TestMethod codeBase="/home/runner/work/typespec/typespec/packages/http-client-csharp/generator/artifacts/bin/Microsoft.TypeSpec.Generator.ClientModel.Tests/Debug/net8.0/Microsoft.TypeSpec.Generator.ClientModel.Tests.dll" adapterTypeName="executor://nunit3testexecutor/" className="Microsoft.TypeSpec.Generator.ClientModel.Tests.Providers.TypeFormatterTests" name="FormatsDatesAsString(&quot;R&quot;,05/04/2020 03:02:01 +01:00,&quot;Mon, 04 May 2020 02:02:01 GMT&quot;)" />
    </UnitTest>
    <UnitTest name="AppendQuery_Bool(&quot;http://localhost&quot;,False,True,&quot;http://localhost/?query=false&quot;)" storage="/home/runner/work/typespec/typespec/packages/http-client-csharp/generator/artifacts/bin/microsoft.typespec.generator.clientmodel.tests/debug/net8.0/microsoft.typespec.generator.clientmodel.tests.dll" id="eafb9ace-ebaf-e012-dda0-09b129d22a17">
      <Execution id="b5b57a95-5153-4e32-ad90-9c27c0a34a9e" />
      <TestMethod codeBase="/home/runner/work/typespec/typespec/packages/http-client-csharp/generator/artifacts/bin/Microsoft.TypeSpec.Generator.ClientModel.Tests/Debug/net8.0/Microsoft.TypeSpec.Generator.ClientModel.Tests.dll" adapterTypeName="executor://nunit3testexecutor/" className="Microsoft.TypeSpec.Generator.ClientModel.Tests.Providers.ClientUriBuilderTests" name="AppendQuery_Bool(&quot;http://localhost&quot;,False,True,&quot;http://localhost/?query=false&quot;)" />
    </UnitTest>
    <UnitTest name="TestEqualAfterConvertingToUtc(&quot;2020-05-04T03:02:01.1230000+08:00&quot;)" storage="/home/runner/work/typespec/typespec/packages/http-client-csharp/generator/artifacts/bin/microsoft.typespec.generator.clientmodel.tests/debug/net8.0/microsoft.typespec.generator.clientmodel.tests.dll" id="f3e6285d-8759-0c1f-5ba3-a84991fcb85d">
      <Execution id="13ea4ec8-8609-4e19-97bc-570d44fe224b" />
      <TestMethod codeBase="/home/runner/work/typespec/typespec/packages/http-client-csharp/generator/artifacts/bin/Microsoft.TypeSpec.Generator.ClientModel.Tests/Debug/net8.0/Microsoft.TypeSpec.Generator.ClientModel.Tests.dll" adapterTypeName="executor://nunit3testexecutor/" className="Microsoft.TypeSpec.Generator.ClientModel.Tests.Providers.TypeFormatterTests" name="TestEqualAfterConvertingToUtc(&quot;2020-05-04T03:02:01.1230000+08:00&quot;)" />
    </UnitTest>
    <UnitTest name="ValidatePipelinePropertyTypeIsOverridden" storage="/home/runner/work/typespec/typespec/packages/http-client-csharp/generator/artifacts/bin/microsoft.typespec.generator.clientmodel.tests/debug/net8.0/microsoft.typespec.generator.clientmodel.tests.dll" id="67d6cfcc-44ba-3a46-cee0-08f5b7b9500d">
      <Execution id="93f4b997-3717-4375-ad81-d9fbaab94194" />
      <TestMethod codeBase="/home/runner/work/typespec/typespec/packages/http-client-csharp/generator/artifacts/bin/Microsoft.TypeSpec.Generator.ClientModel.Tests/Debug/net8.0/Microsoft.TypeSpec.Generator.ClientModel.Tests.dll" adapterTypeName="executor://nunit3testexecutor/" className="Microsoft.TypeSpec.Generator.ClientModel.Tests.Providers.Abstractions.ClientPipelineApiTests" name="ValidatePipelinePropertyTypeIsOverridden" />
    </UnitTest>
    <UnitTest name="RoundTripWithModelInterfaceNonGeneric(&quot;W&quot;)" storage="/home/runner/work/typespec/typespec/packages/http-client-csharp/generator/artifacts/bin/microsoft.typespec.generator.clientmodel.tests/debug/net8.0/microsoft.typespec.generator.clientmodel.tests.dll" id="43212041-32f9-d8d5-a3c7-a7e60fccc4ff">
      <Execution id="095fc37e-dada-4c13-bc69-15cba3d178e2" />
      <TestMethod codeBase="/home/runner/work/typespec/typespec/packages/http-client-csharp/generator/artifacts/bin/Microsoft.TypeSpec.Generator.ClientModel.Tests/Debug/net8.0/Microsoft.TypeSpec.Generator.ClientModel.Tests.dll" adapterTypeName="executor://nunit3testexecutor/" className="Microsoft.TypeSpec.Generator.ClientModel.Tests.ModelReaderWriterValidation.TestProjects.Sample_TypeSpec.ThingTests" name="RoundTripWithModelInterfaceNonGeneric(&quot;W&quot;)" />
    </UnitTest>
    <UnitTest name="CanCustomizeSerializationMethod" storage="/home/runner/work/typespec/typespec/packages/http-client-csharp/generator/artifacts/bin/microsoft.typespec.generator.clientmodel.tests/debug/net8.0/microsoft.typespec.generator.clientmodel.tests.dll" id="7145ae4b-bd9d-ce63-a02e-8ebc01b346f9">
      <Execution id="accf79d1-8b41-4e77-82e2-caeccabda02f" />
      <TestMethod codeBase="/home/runner/work/typespec/typespec/packages/http-client-csharp/generator/artifacts/bin/Microsoft.TypeSpec.Generator.ClientModel.Tests/Debug/net8.0/Microsoft.TypeSpec.Generator.ClientModel.Tests.dll" adapterTypeName="executor://nunit3testexecutor/" className="Microsoft.TypeSpec.Generator.ClientModel.Tests.Providers.MrwSerializationTypeDefinitions.SerializationCustomizationTests" name="CanCustomizeSerializationMethod" />
    </UnitTest>
    <UnitTest name="CanRenameSubClient" storage="/home/runner/work/typespec/typespec/packages/http-client-csharp/generator/artifacts/bin/microsoft.typespec.generator.clientmodel.tests/debug/net8.0/microsoft.typespec.generator.clientmodel.tests.dll" id="8eb9f71f-bf66-6024-5997-cbb73e527f0b">
      <Execution id="d8b629ee-6062-4032-bee3-1d8a071c93b8" />
      <TestMethod codeBase="/home/runner/work/typespec/typespec/packages/http-client-csharp/generator/artifacts/bin/Microsoft.TypeSpec.Generator.ClientModel.Tests/Debug/net8.0/Microsoft.TypeSpec.Generator.ClientModel.Tests.dll" adapterTypeName="executor://nunit3testexecutor/" className="Microsoft.TypeSpec.Generator.ClientModel.Tests.Providers.ClientProviders.ClientProviderCustomizationTests" name="CanRenameSubClient" />
    </UnitTest>
    <UnitTest name="RoundTripWithJsonInterfaceUtf8Reader(&quot;J&quot;)" storage="/home/runner/work/typespec/typespec/packages/http-client-csharp/generator/artifacts/bin/microsoft.typespec.generator.clientmodel.tests/debug/net8.0/microsoft.typespec.generator.clientmodel.tests.dll" id="f79af24c-28c2-7172-44e7-a79f11dabe70">
      <Execution id="a0927b32-e329-47c6-807b-6241d8cd85b5" />
      <TestMethod codeBase="/home/runner/work/typespec/typespec/packages/http-client-csharp/generator/artifacts/bin/Microsoft.TypeSpec.Generator.ClientModel.Tests/Debug/net8.0/Microsoft.TypeSpec.Generator.ClientModel.Tests.dll" adapterTypeName="executor://nunit3testexecutor/" className="Microsoft.TypeSpec.Generator.ClientModel.Tests.ModelReaderWriterValidation.TestProjects.Sample_TypeSpec.FriendTests" name="RoundTripWithJsonInterfaceUtf8Reader(&quot;J&quot;)" />
    </UnitTest>
    <UnitTest name="RoundTripWithJsonInterfaceUtf8ReaderNonGeneric(&quot;J&quot;)" storage="/home/runner/work/typespec/typespec/packages/http-client-csharp/generator/artifacts/bin/microsoft.typespec.generator.clientmodel.tests/debug/net8.0/microsoft.typespec.generator.clientmodel.tests.dll" id="3760ca19-b6ce-3664-25f9-5023d89ae17a">
      <Execution id="cd0550af-7fbd-4998-b468-8f6b2a6d8966" />
      <TestMethod codeBase="/home/runner/work/typespec/typespec/packages/http-client-csharp/generator/artifacts/bin/Microsoft.TypeSpec.Generator.ClientModel.Tests/Debug/net8.0/Microsoft.TypeSpec.Generator.ClientModel.Tests.dll" adapterTypeName="executor://nunit3testexecutor/" className="Microsoft.TypeSpec.Generator.ClientModel.Tests.ModelReaderWriterValidation.TestProjects.Sample_TypeSpec.ThingTests" name="RoundTripWithJsonInterfaceUtf8ReaderNonGeneric(&quot;J&quot;)" />
    </UnitTest>
    <UnitTest name="RoundTripWithJsonInterfaceUtf8Reader(&quot;J&quot;)" storage="/home/runner/work/typespec/typespec/packages/http-client-csharp/generator/artifacts/bin/microsoft.typespec.generator.clientmodel.tests/debug/net8.0/microsoft.typespec.generator.clientmodel.tests.dll" id="a1a9272a-f5a6-a0e8-35cb-eb9bf62ba30a">
      <Execution id="b9109d6f-98c5-40f4-8162-27d169cac67f" />
      <TestMethod codeBase="/home/runner/work/typespec/typespec/packages/http-client-csharp/generator/artifacts/bin/Microsoft.TypeSpec.Generator.ClientModel.Tests/Debug/net8.0/Microsoft.TypeSpec.Generator.ClientModel.Tests.dll" adapterTypeName="executor://nunit3testexecutor/" className="Microsoft.TypeSpec.Generator.ClientModel.Tests.ModelReaderWriterValidation.TestProjects.Sample_TypeSpec.ThingTests" name="RoundTripWithJsonInterfaceUtf8Reader(&quot;J&quot;)" />
    </UnitTest>
    <UnitTest name="CanReplaceMethod" storage="/home/runner/work/typespec/typespec/packages/http-client-csharp/generator/artifacts/bin/microsoft.typespec.generator.clientmodel.tests/debug/net8.0/microsoft.typespec.generator.clientmodel.tests.dll" id="94a2cac8-4ab7-421d-27d1-f00b332ef0d4">
      <Execution id="f61bba74-5058-45ef-af59-4cf13da0cbf1" />
      <TestMethod codeBase="/home/runner/work/typespec/typespec/packages/http-client-csharp/generator/artifacts/bin/Microsoft.TypeSpec.Generator.ClientModel.Tests/Debug/net8.0/Microsoft.TypeSpec.Generator.ClientModel.Tests.dll" adapterTypeName="executor://nunit3testexecutor/" className="Microsoft.TypeSpec.Generator.ClientModel.Tests.Providers.EnumProvider.SerializationCustomizationTests" name="CanReplaceMethod" />
    </UnitTest>
    <UnitTest name="ClientProviderIsAddedToLibrary()" storage="/home/runner/work/typespec/typespec/packages/http-client-csharp/generator/artifacts/bin/microsoft.typespec.generator.clientmodel.tests/debug/net8.0/microsoft.typespec.generator.clientmodel.tests.dll" id="045aaeef-a9ff-bfd0-1ea0-c0aed08490bb">
      <Execution id="01845b11-f0dd-4233-b9bb-2547fc79bdf7" />
      <TestMethod codeBase="/home/runner/work/typespec/typespec/packages/http-client-csharp/generator/artifacts/bin/Microsoft.TypeSpec.Generator.ClientModel.Tests/Debug/net8.0/Microsoft.TypeSpec.Generator.ClientModel.Tests.dll" adapterTypeName="executor://nunit3testexecutor/" className="Microsoft.TypeSpec.Generator.ClientModel.Tests.Providers.ClientProviders.ClientProviderTests" name="ClientProviderIsAddedToLibrary()" />
    </UnitTest>
    <UnitTest name="TestGetClientOptions(False)" storage="/home/runner/work/typespec/typespec/packages/http-client-csharp/generator/artifacts/bin/microsoft.typespec.generator.clientmodel.tests/debug/net8.0/microsoft.typespec.generator.clientmodel.tests.dll" id="44616ce8-42b4-b0a8-a260-dff21925687d">
      <Execution id="bf31e11c-e1d7-4085-b922-ca702578f888" />
      <TestMethod codeBase="/home/runner/work/typespec/typespec/packages/http-client-csharp/generator/artifacts/bin/Microsoft.TypeSpec.Generator.ClientModel.Tests/Debug/net8.0/Microsoft.TypeSpec.Generator.ClientModel.Tests.dll" adapterTypeName="executor://nunit3testexecutor/" className="Microsoft.TypeSpec.Generator.ClientModel.Tests.Providers.ClientProviders.ClientProviderTests" name="TestGetClientOptions(False)" />
    </UnitTest>
    <UnitTest name="FormatsDatesAsJson(&quot;O&quot;,12/31/9999 23:59:59 +01:00,&quot;9999-12-31T22:59:59.9999999Z&quot;)" storage="/home/runner/work/typespec/typespec/packages/http-client-csharp/generator/artifacts/bin/microsoft.typespec.generator.clientmodel.tests/debug/net8.0/microsoft.typespec.generator.clientmodel.tests.dll" id="574b4d79-31b4-dea5-34f2-6b3d418bd92a">
      <Execution id="22c1f235-fe68-444f-ac5b-fe423215066a" />
      <TestMethod codeBase="/home/runner/work/typespec/typespec/packages/http-client-csharp/generator/artifacts/bin/Microsoft.TypeSpec.Generator.ClientModel.Tests/Debug/net8.0/Microsoft.TypeSpec.Generator.ClientModel.Tests.dll" adapterTypeName="executor://nunit3testexecutor/" className="Microsoft.TypeSpec.Generator.ClientModel.Tests.Providers.TypeFormatterTests" name="FormatsDatesAsJson(&quot;O&quot;,12/31/9999 23:59:59 +01:00,&quot;9999-12-31T22:59:59.9999999Z&quot;)" />
    </UnitTest>
    <UnitTest name="EndpointAppliedInCreateMethodRequest(&quot;https://{hostName}&quot;,&quot;hostName&quot;)" storage="/home/runner/work/typespec/typespec/packages/http-client-csharp/generator/artifacts/bin/microsoft.typespec.generator.clientmodel.tests/debug/net8.0/microsoft.typespec.generator.clientmodel.tests.dll" id="62df222b-b5ff-5932-f094-7397c0131b87">
      <Execution id="c51591fc-fba7-4b63-96c1-d7257ad44e62" />
      <TestMethod codeBase="/home/runner/work/typespec/typespec/packages/http-client-csharp/generator/artifacts/bin/Microsoft.TypeSpec.Generator.ClientModel.Tests/Debug/net8.0/Microsoft.TypeSpec.Generator.ClientModel.Tests.dll" adapterTypeName="executor://nunit3testexecutor/" className="Microsoft.TypeSpec.Generator.ClientModel.Tests.Providers.ClientProviders.ClientProviderTests" name="EndpointAppliedInCreateMethodRequest(&quot;https://{hostName}&quot;,&quot;hostName&quot;)" />
    </UnitTest>
    <UnitTest name="NextLinkInBodyAsync" storage="/home/runner/work/typespec/typespec/packages/http-client-csharp/generator/artifacts/bin/microsoft.typespec.generator.clientmodel.tests/debug/net8.0/microsoft.typespec.generator.clientmodel.tests.dll" id="ce3949f3-670a-6521-5519-457d098253df">
      <Execution id="aff444b2-98db-468b-8e1d-7a1c143ffe18" />
      <TestMethod codeBase="/home/runner/work/typespec/typespec/packages/http-client-csharp/generator/artifacts/bin/Microsoft.TypeSpec.Generator.ClientModel.Tests/Debug/net8.0/Microsoft.TypeSpec.Generator.ClientModel.Tests.dll" adapterTypeName="executor://nunit3testexecutor/" className="Microsoft.TypeSpec.Generator.ClientModel.Tests.Providers.CollectionResultDefinitions.NextLinkTests" name="NextLinkInBodyAsync" />
    </UnitTest>
    <UnitTest name="RoundTripWithJsonInterfaceUtf8ReaderNonGeneric(&quot;W&quot;)" storage="/home/runner/work/typespec/typespec/packages/http-client-csharp/generator/artifacts/bin/microsoft.typespec.generator.clientmodel.tests/debug/net8.0/microsoft.typespec.generator.clientmodel.tests.dll" id="942a9c80-4af4-0c03-0952-5c17f4bb2d0a">
      <Execution id="4a631a9c-8644-43c0-9153-be23178364e1" />
      <TestMethod codeBase="/home/runner/work/typespec/typespec/packages/http-client-csharp/generator/artifacts/bin/Microsoft.TypeSpec.Generator.ClientModel.Tests/Debug/net8.0/Microsoft.TypeSpec.Generator.ClientModel.Tests.dll" adapterTypeName="executor://nunit3testexecutor/" className="Microsoft.TypeSpec.Generator.ClientModel.Tests.ModelReaderWriterValidation.TestProjects.Sample_TypeSpec.ThingWithNullsTests" name="RoundTripWithJsonInterfaceUtf8ReaderNonGeneric(&quot;W&quot;)" />
    </UnitTest>
    <UnitTest name="ValidateClientWithSpread(Microsoft.TypeSpec.Generator.Input.InputClient)" storage="/home/runner/work/typespec/typespec/packages/http-client-csharp/generator/artifacts/bin/microsoft.typespec.generator.clientmodel.tests/debug/net8.0/microsoft.typespec.generator.clientmodel.tests.dll" id="5b684f42-7f6e-71b8-222d-b5fe92216f9d">
      <Execution id="06b024ec-96b4-447c-9a54-cfccc1dc3d47" />
      <TestMethod codeBase="/home/runner/work/typespec/typespec/packages/http-client-csharp/generator/artifacts/bin/Microsoft.TypeSpec.Generator.ClientModel.Tests/Debug/net8.0/Microsoft.TypeSpec.Generator.ClientModel.Tests.dll" adapterTypeName="executor://nunit3testexecutor/" className="Microsoft.TypeSpec.Generator.ClientModel.Tests.Providers.ClientProviders.ClientProviderTests" name="ValidateClientWithSpread(Microsoft.TypeSpec.Generator.Input.InputClient)" />
    </UnitTest>
    <UnitTest name="NullClientProviderIsNotAddedToLibrary()" storage="/home/runner/work/typespec/typespec/packages/http-client-csharp/generator/artifacts/bin/microsoft.typespec.generator.clientmodel.tests/debug/net8.0/microsoft.typespec.generator.clientmodel.tests.dll" id="40d1042c-a09f-e848-c8e7-24cb9c43e893">
      <Execution id="659043e6-3109-4d34-9685-1d383700b9c2" />
      <TestMethod codeBase="/home/runner/work/typespec/typespec/packages/http-client-csharp/generator/artifacts/bin/Microsoft.TypeSpec.Generator.ClientModel.Tests/Debug/net8.0/Microsoft.TypeSpec.Generator.ClientModel.Tests.dll" adapterTypeName="executor://nunit3testexecutor/" className="Microsoft.TypeSpec.Generator.ClientModel.Tests.Providers.ClientProviders.ClientProviderTests" name="NullClientProviderIsNotAddedToLibrary()" />
    </UnitTest>
    <UnitTest name="ResetThenAppendQueryThenAppendPath(&quot;http://localhost:12345&quot;,&quot;some/&quot;,&quot;one|1|two|2&quot;,&quot;http://localhost:12345/some/?one=1&amp;two=2&quot;)" storage="/home/runner/work/typespec/typespec/packages/http-client-csharp/generator/artifacts/bin/microsoft.typespec.generator.clientmodel.tests/debug/net8.0/microsoft.typespec.generator.clientmodel.tests.dll" id="3b9ab7b2-de71-ea7e-3b9f-d4d717b953d3">
      <Execution id="9c732d56-7e2c-4948-8de1-c3140aff99ad" />
      <TestMethod codeBase="/home/runner/work/typespec/typespec/packages/http-client-csharp/generator/artifacts/bin/Microsoft.TypeSpec.Generator.ClientModel.Tests/Debug/net8.0/Microsoft.TypeSpec.Generator.ClientModel.Tests.dll" adapterTypeName="executor://nunit3testexecutor/" className="Microsoft.TypeSpec.Generator.ClientModel.Tests.Providers.ClientUriBuilderTests" name="ResetThenAppendQueryThenAppendPath(&quot;http://localhost:12345&quot;,&quot;some/&quot;,&quot;one|1|two|2&quot;,&quot;http://localhost:12345/some/?one=1&amp;two=2&quot;)" />
    </UnitTest>
    <UnitTest name="DerivedShouldPassLiteralForKindToBase" storage="/home/runner/work/typespec/typespec/packages/http-client-csharp/generator/artifacts/bin/microsoft.typespec.generator.clientmodel.tests/debug/net8.0/microsoft.typespec.generator.clientmodel.tests.dll" id="b140ad36-aa55-d8f3-9a8b-21dd46774cd0">
      <Execution id="5cd7c10c-1cf1-4138-9051-23ba5491d9be" />
      <TestMethod codeBase="/home/runner/work/typespec/typespec/packages/http-client-csharp/generator/artifacts/bin/Microsoft.TypeSpec.Generator.ClientModel.Tests/Debug/net8.0/Microsoft.TypeSpec.Generator.ClientModel.Tests.dll" adapterTypeName="executor://nunit3testexecutor/" className="Microsoft.TypeSpec.Generator.ClientModel.Tests.Providers.MrwSerializationTypeDefinitions.DiscriminatorTests" name="DerivedShouldPassLiteralForKindToBase" />
    </UnitTest>
    <UnitTest name="UnknownVariantShouldPassKindToBase" storage="/home/runner/work/typespec/typespec/packages/http-client-csharp/generator/artifacts/bin/microsoft.typespec.generator.clientmodel.tests/debug/net8.0/microsoft.typespec.generator.clientmodel.tests.dll" id="38d346dd-80f9-a0e9-6d16-c0c882a84d79">
      <Execution id="082c63a2-5cc3-4977-bb26-df53934b0241" />
      <TestMethod codeBase="/home/runner/work/typespec/typespec/packages/http-client-csharp/generator/artifacts/bin/Microsoft.TypeSpec.Generator.ClientModel.Tests/Debug/net8.0/Microsoft.TypeSpec.Generator.ClientModel.Tests.dll" adapterTypeName="executor://nunit3testexecutor/" className="Microsoft.TypeSpec.Generator.ClientModel.Tests.Providers.MrwSerializationTypeDefinitions.DiscriminatorTests" name="UnknownVariantShouldPassKindToBase" />
    </UnitTest>
    <UnitTest name="ResetThenAppendQueryThenAppendPath(&quot;http://localhost/&quot;,&quot;/some&quot;,&quot;one|1&quot;,&quot;http://localhost/some?one=1&quot;)" storage="/home/runner/work/typespec/typespec/packages/http-client-csharp/generator/artifacts/bin/microsoft.typespec.generator.clientmodel.tests/debug/net8.0/microsoft.typespec.generator.clientmodel.tests.dll" id="e96d95ec-e2b3-da59-f0c7-6fd76fc38633">
      <Execution id="16039efc-585a-4b18-8097-1a9d97c6972b" />
      <TestMethod codeBase="/home/runner/work/typespec/typespec/packages/http-client-csharp/generator/artifacts/bin/Microsoft.TypeSpec.Generator.ClientModel.Tests/Debug/net8.0/Microsoft.TypeSpec.Generator.ClientModel.Tests.dll" adapterTypeName="executor://nunit3testexecutor/" className="Microsoft.TypeSpec.Generator.ClientModel.Tests.Providers.ClientUriBuilderTests" name="ResetThenAppendQueryThenAppendPath(&quot;http://localhost/&quot;,&quot;/some&quot;,&quot;one|1&quot;,&quot;http://localhost/some?one=1&quot;)" />
    </UnitTest>
    <UnitTest name="RoundTripWithModelInterfaceNonGeneric(&quot;W&quot;)" storage="/home/runner/work/typespec/typespec/packages/http-client-csharp/generator/artifacts/bin/microsoft.typespec.generator.clientmodel.tests/debug/net8.0/microsoft.typespec.generator.clientmodel.tests.dll" id="b3adc767-8378-ee8a-bfca-5ebd20efd43e">
      <Execution id="a20b087e-df2d-4594-ba1c-51af5544d490" />
      <TestMethod codeBase="/home/runner/work/typespec/typespec/packages/http-client-csharp/generator/artifacts/bin/Microsoft.TypeSpec.Generator.ClientModel.Tests/Debug/net8.0/Microsoft.TypeSpec.Generator.ClientModel.Tests.dll" adapterTypeName="executor://nunit3testexecutor/" className="Microsoft.TypeSpec.Generator.ClientModel.Tests.ModelReaderWriterValidation.TestProjects.Sample_TypeSpec.RenamedModelTests" name="RoundTripWithModelInterfaceNonGeneric(&quot;W&quot;)" />
    </UnitTest>
    <UnitTest name="RoundTripWithModelReaderWriterNonGeneric(&quot;W&quot;)" storage="/home/runner/work/typespec/typespec/packages/http-client-csharp/generator/artifacts/bin/microsoft.typespec.generator.clientmodel.tests/debug/net8.0/microsoft.typespec.generator.clientmodel.tests.dll" id="03889508-d11c-a85a-6eb7-81f82cc32dd5">
      <Execution id="f360ee64-7a22-440c-a209-b101fe4b1caa" />
      <TestMethod codeBase="/home/runner/work/typespec/typespec/packages/http-client-csharp/generator/artifacts/bin/Microsoft.TypeSpec.Generator.ClientModel.Tests/Debug/net8.0/Microsoft.TypeSpec.Generator.ClientModel.Tests.dll" adapterTypeName="executor://nunit3testexecutor/" className="Microsoft.TypeSpec.Generator.ClientModel.Tests.ModelReaderWriterValidation.TestProjects.Sample_TypeSpec.RoundTripModelTests" name="RoundTripWithModelReaderWriterNonGeneric(&quot;W&quot;)" />
    </UnitTest>
    <UnitTest name="BackCompat_GAApiVersionsAdded" storage="/home/runner/work/typespec/typespec/packages/http-client-csharp/generator/artifacts/bin/microsoft.typespec.generator.clientmodel.tests/debug/net8.0/microsoft.typespec.generator.clientmodel.tests.dll" id="871b8fc7-75d8-bc2f-ecf5-0d8ddc50c53b">
      <Execution id="c5b3f192-105f-4cd4-b262-7d9334b9c436" />
      <TestMethod codeBase="/home/runner/work/typespec/typespec/packages/http-client-csharp/generator/artifacts/bin/Microsoft.TypeSpec.Generator.ClientModel.Tests/Debug/net8.0/Microsoft.TypeSpec.Generator.ClientModel.Tests.dll" adapterTypeName="executor://nunit3testexecutor/" className="Microsoft.TypeSpec.Generator.ClientModel.Tests.Providers.ClientOptionsProviderTests" name="BackCompat_GAApiVersionsAdded" />
    </UnitTest>
    <UnitTest name="TestBuildJsonModelCreateCoreMethod(False)" storage="/home/runner/work/typespec/typespec/packages/http-client-csharp/generator/artifacts/bin/microsoft.typespec.generator.clientmodel.tests/debug/net8.0/microsoft.typespec.generator.clientmodel.tests.dll" id="a965f6f8-e0e8-6318-0a00-0dae62d3e6f2">
      <Execution id="02debfef-3539-420e-ad4d-adbe179b127c" />
      <TestMethod codeBase="/home/runner/work/typespec/typespec/packages/http-client-csharp/generator/artifacts/bin/Microsoft.TypeSpec.Generator.ClientModel.Tests/Debug/net8.0/Microsoft.TypeSpec.Generator.ClientModel.Tests.dll" adapterTypeName="executor://nunit3testexecutor/" className="Microsoft.TypeSpec.Generator.ClientModel.Tests.Providers.MrwSerializationTypeDefinitions.MrwSerializationTypeDefinitionTests" name="TestBuildJsonModelCreateCoreMethod(False)" />
    </UnitTest>
    <UnitTest name="AppendQuery_DateTimeOffset(&quot;http://localhost&quot;,&quot;6/30/1905 1:14:00 PM +00:00&quot;,&quot;D&quot;,True,&quot;http://localhost/?query=1905-06-30&quot;)" storage="/home/runner/work/typespec/typespec/packages/http-client-csharp/generator/artifacts/bin/microsoft.typespec.generator.clientmodel.tests/debug/net8.0/microsoft.typespec.generator.clientmodel.tests.dll" id="a24279c5-ea3c-440e-0894-883622bfcf6b">
      <Execution id="c167af28-8c69-4aff-9f00-d98aec65c2e8" />
      <TestMethod codeBase="/home/runner/work/typespec/typespec/packages/http-client-csharp/generator/artifacts/bin/Microsoft.TypeSpec.Generator.ClientModel.Tests/Debug/net8.0/Microsoft.TypeSpec.Generator.ClientModel.Tests.dll" adapterTypeName="executor://nunit3testexecutor/" className="Microsoft.TypeSpec.Generator.ClientModel.Tests.Providers.ClientUriBuilderTests" name="AppendQuery_DateTimeOffset(&quot;http://localhost&quot;,&quot;6/30/1905 1:14:00 PM +00:00&quot;,&quot;D&quot;,True,&quot;http://localhost/?query=1905-06-30&quot;)" />
    </UnitTest>
    <UnitTest name="ValidateReturnTypeIsOverridden" storage="/home/runner/work/typespec/typespec/packages/http-client-csharp/generator/artifacts/bin/microsoft.typespec.generator.clientmodel.tests/debug/net8.0/microsoft.typespec.generator.clientmodel.tests.dll" id="4fe7a980-a4df-a5e0-9048-4c5bac6fd2df">
      <Execution id="68085d8f-3019-47b5-8529-bd4adf27487b" />
      <TestMethod codeBase="/home/runner/work/typespec/typespec/packages/http-client-csharp/generator/artifacts/bin/Microsoft.TypeSpec.Generator.ClientModel.Tests/Debug/net8.0/Microsoft.TypeSpec.Generator.ClientModel.Tests.dll" adapterTypeName="executor://nunit3testexecutor/" className="Microsoft.TypeSpec.Generator.ClientModel.Tests.Providers.Abstractions.ClientResponseApiTests" name="ValidateReturnTypeIsOverridden" />
    </UnitTest>
    <UnitTest name="RoundTripWithJsonInterfaceNonGeneric(&quot;W&quot;)" storage="/home/runner/work/typespec/typespec/packages/http-client-csharp/generator/artifacts/bin/microsoft.typespec.generator.clientmodel.tests/debug/net8.0/microsoft.typespec.generator.clientmodel.tests.dll" id="a5fa8019-cbff-efe6-e9ea-4195f8c23b49">
      <Execution id="72ef0328-5ef9-4426-9cfe-9af20517522b" />
      <TestMethod codeBase="/home/runner/work/typespec/typespec/packages/http-client-csharp/generator/artifacts/bin/Microsoft.TypeSpec.Generator.ClientModel.Tests/Debug/net8.0/Microsoft.TypeSpec.Generator.ClientModel.Tests.dll" adapterTypeName="executor://nunit3testexecutor/" className="Microsoft.TypeSpec.Generator.ClientModel.Tests.ModelReaderWriterValidation.TestProjects.Sample_TypeSpec.RoundTripModelTests" name="RoundTripWithJsonInterfaceNonGeneric(&quot;W&quot;)" />
    </UnitTest>
    <UnitTest name="ValidateConvertToString(&quot;U&quot;,[4, 5, 6],&quot;BAUG&quot;)" storage="/home/runner/work/typespec/typespec/packages/http-client-csharp/generator/artifacts/bin/microsoft.typespec.generator.clientmodel.tests/debug/net8.0/microsoft.typespec.generator.clientmodel.tests.dll" id="223cb3ce-7b5f-60b3-9f52-4233503bc6f7">
      <Execution id="4ae9d9f5-47b4-4e59-9364-0e5908aaa04e" />
      <TestMethod codeBase="/home/runner/work/typespec/typespec/packages/http-client-csharp/generator/artifacts/bin/Microsoft.TypeSpec.Generator.ClientModel.Tests/Debug/net8.0/Microsoft.TypeSpec.Generator.ClientModel.Tests.dll" adapterTypeName="executor://nunit3testexecutor/" className="Microsoft.TypeSpec.Generator.ClientModel.Tests.Providers.TypeFormatterTests" name="ValidateConvertToString(&quot;U&quot;,[4, 5, 6],&quot;BAUG&quot;)" />
    </UnitTest>
    <UnitTest name="CanCustomizeStringToFixedEnum" storage="/home/runner/work/typespec/typespec/packages/http-client-csharp/generator/artifacts/bin/microsoft.typespec.generator.clientmodel.tests/debug/net8.0/microsoft.typespec.generator.clientmodel.tests.dll" id="5968cd03-cf3d-8280-4da4-8577dec06972">
      <Execution id="bd67dd84-932e-477f-95a4-94bceb5bd78e" />
      <TestMethod codeBase="/home/runner/work/typespec/typespec/packages/http-client-csharp/generator/artifacts/bin/Microsoft.TypeSpec.Generator.ClientModel.Tests/Debug/net8.0/Microsoft.TypeSpec.Generator.ClientModel.Tests.dll" adapterTypeName="executor://nunit3testexecutor/" className="Microsoft.TypeSpec.Generator.ClientModel.Tests.Providers.MrwSerializationTypeDefinitions.ModelCustomizationTests" name="CanCustomizeStringToFixedEnum" />
    </UnitTest>
    <UnitTest name="MultipartOperationDoesNotHaveConvenienceMethods" storage="/home/runner/work/typespec/typespec/packages/http-client-csharp/generator/artifacts/bin/microsoft.typespec.generator.clientmodel.tests/debug/net8.0/microsoft.typespec.generator.clientmodel.tests.dll" id="8495279f-b1c7-629f-981e-a834421eed6f">
      <Execution id="1139124f-19f8-4bff-8a9b-042dfa1066bb" />
      <TestMethod codeBase="/home/runner/work/typespec/typespec/packages/http-client-csharp/generator/artifacts/bin/Microsoft.TypeSpec.Generator.ClientModel.Tests/Debug/net8.0/Microsoft.TypeSpec.Generator.ClientModel.Tests.dll" adapterTypeName="executor://nunit3testexecutor/" className="Microsoft.TypeSpec.Generator.ClientModel.Tests.Providers.ClientProviders.MultipartFormDataTests" name="MultipartOperationDoesNotHaveConvenienceMethods" />
    </UnitTest>
    <UnitTest name="TestBuildDeserializationMethod(Microsoft.TypeSpec.Generator.Input.InputPrimitiveType,[&quot;string&quot;],[&quot;case global::System.Text.Json.JsonValueKind.String:&quot;, &quot;additionalProperties.Add(prop.Name, prop.Value.GetString());&quot;])" storage="/home/runner/work/typespec/typespec/packages/http-client-csharp/generator/artifacts/bin/microsoft.typespec.generator.clientmodel.tests/debug/net8.0/microsoft.typespec.generator.clientmodel.tests.dll" id="c35a53b8-76e4-8431-244b-1eed358ae68f">
      <Execution id="c4c3fc05-c973-4e19-8451-bcb5fdb72a1f" />
      <TestMethod codeBase="/home/runner/work/typespec/typespec/packages/http-client-csharp/generator/artifacts/bin/Microsoft.TypeSpec.Generator.ClientModel.Tests/Debug/net8.0/Microsoft.TypeSpec.Generator.ClientModel.Tests.dll" adapterTypeName="executor://nunit3testexecutor/" className="Microsoft.TypeSpec.Generator.ClientModel.Tests.Providers.MrwSerializationTypeDefinitions.AdditionalPropertiesTest" name="TestBuildDeserializationMethod(Microsoft.TypeSpec.Generator.Input.InputPrimitiveType,[&quot;string&quot;],[&quot;case global::System.Text.Json.JsonValueKind.String:&quot;, &quot;additionalProperties.Add(prop.Name, prop.Value.GetString());&quot;])" />
    </UnitTest>
    <UnitTest name="FormatsDatesAsString(&quot;o&quot;,05/04/2020 03:02:01 +00:00,&quot;2020-05-04T03:02:01.1230000Z&quot;)" storage="/home/runner/work/typespec/typespec/packages/http-client-csharp/generator/artifacts/bin/microsoft.typespec.generator.clientmodel.tests/debug/net8.0/microsoft.typespec.generator.clientmodel.tests.dll" id="fc9d51da-0a40-7e6b-a1cd-b320508541a4">
      <Execution id="07e04f88-268c-4a9c-a198-8ff7d5fa3688" />
      <TestMethod codeBase="/home/runner/work/typespec/typespec/packages/http-client-csharp/generator/artifacts/bin/Microsoft.TypeSpec.Generator.ClientModel.Tests/Debug/net8.0/Microsoft.TypeSpec.Generator.ClientModel.Tests.dll" adapterTypeName="executor://nunit3testexecutor/" className="Microsoft.TypeSpec.Generator.ClientModel.Tests.Providers.TypeFormatterTests" name="FormatsDatesAsString(&quot;o&quot;,05/04/2020 03:02:01 +00:00,&quot;2020-05-04T03:02:01.1230000Z&quot;)" />
    </UnitTest>
    <UnitTest name="AppendPath_ByteArray(&quot;http://localhost&quot;,[104, 101, 108, 108, 111],&quot;D&quot;,False,&quot;http://localhost/aGVsbG8=&quot;)" storage="/home/runner/work/typespec/typespec/packages/http-client-csharp/generator/artifacts/bin/microsoft.typespec.generator.clientmodel.tests/debug/net8.0/microsoft.typespec.generator.clientmodel.tests.dll" id="0042b540-d9ed-9ddc-23a9-c43f86f536b2">
      <Execution id="9109c6e9-88af-45c3-95d0-11b9e2f7c8e6" />
      <TestMethod codeBase="/home/runner/work/typespec/typespec/packages/http-client-csharp/generator/artifacts/bin/Microsoft.TypeSpec.Generator.ClientModel.Tests/Debug/net8.0/Microsoft.TypeSpec.Generator.ClientModel.Tests.dll" adapterTypeName="executor://nunit3testexecutor/" className="Microsoft.TypeSpec.Generator.ClientModel.Tests.Providers.ClientUriBuilderTests" name="AppendPath_ByteArray(&quot;http://localhost&quot;,[104, 101, 108, 108, 111],&quot;D&quot;,False,&quot;http://localhost/aGVsbG8=&quot;)" />
    </UnitTest>
    <UnitTest name="ValidateIsLastNamespaceSegmentTheSame(&quot;Bar._Foo&quot;,&quot;Foo&quot;)" storage="/home/runner/work/typespec/typespec/packages/http-client-csharp/generator/artifacts/bin/microsoft.typespec.generator.clientmodel.tests/debug/net8.0/microsoft.typespec.generator.clientmodel.tests.dll" id="25bc9a60-23bd-3b26-5a83-8c696a1e9f91">
      <Execution id="091bc409-6e6d-4943-a767-775e7fbaca03" />
      <TestMethod codeBase="/home/runner/work/typespec/typespec/packages/http-client-csharp/generator/artifacts/bin/Microsoft.TypeSpec.Generator.ClientModel.Tests/Debug/net8.0/Microsoft.TypeSpec.Generator.ClientModel.Tests.dll" adapterTypeName="executor://nunit3testexecutor/" className="Microsoft.TypeSpec.Generator.ClientModel.Tests.Providers.ClientProviders.ClientProviderTests" name="ValidateIsLastNamespaceSegmentTheSame(&quot;Bar._Foo&quot;,&quot;Foo&quot;)" />
    </UnitTest>
    <UnitTest name="CanCustomizeModelName" storage="/home/runner/work/typespec/typespec/packages/http-client-csharp/generator/artifacts/bin/microsoft.typespec.generator.clientmodel.tests/debug/net8.0/microsoft.typespec.generator.clientmodel.tests.dll" id="8d4d0b58-570b-769d-8db0-79356b613256">
      <Execution id="5e8d425d-4838-497d-8495-ca8bb38ecc3c" />
      <TestMethod codeBase="/home/runner/work/typespec/typespec/packages/http-client-csharp/generator/artifacts/bin/Microsoft.TypeSpec.Generator.ClientModel.Tests/Debug/net8.0/Microsoft.TypeSpec.Generator.ClientModel.Tests.dll" adapterTypeName="executor://nunit3testexecutor/" className="Microsoft.TypeSpec.Generator.ClientModel.Tests.Providers.MrwSerializationTypeDefinitions.ModelCustomizationTests" name="CanCustomizeModelName" />
    </UnitTest>
    <UnitTest name="TestBuildImplicitToBinaryContent(False)" storage="/home/runner/work/typespec/typespec/packages/http-client-csharp/generator/artifacts/bin/microsoft.typespec.generator.clientmodel.tests/debug/net8.0/microsoft.typespec.generator.clientmodel.tests.dll" id="b1b0eee3-3048-4930-3256-de423350cc60">
      <Execution id="e6f7c841-fe00-4dee-ae73-a74609c737c1" />
      <TestMethod codeBase="/home/runner/work/typespec/typespec/packages/http-client-csharp/generator/artifacts/bin/Microsoft.TypeSpec.Generator.ClientModel.Tests/Debug/net8.0/Microsoft.TypeSpec.Generator.ClientModel.Tests.dll" adapterTypeName="executor://nunit3testexecutor/" className="Microsoft.TypeSpec.Generator.ClientModel.Tests.Providers.MrwSerializationTypeDefinitions.MrwSerializationTypeDefinitionTests" name="TestBuildImplicitToBinaryContent(False)" />
    </UnitTest>
    <UnitTest name="TestReadOnlyPropertiesHaveWireCheck(True)" storage="/home/runner/work/typespec/typespec/packages/http-client-csharp/generator/artifacts/bin/microsoft.typespec.generator.clientmodel.tests/debug/net8.0/microsoft.typespec.generator.clientmodel.tests.dll" id="16a111f5-0eb5-7e54-3f99-07defee92367">
      <Execution id="62c4170d-15b4-4d1b-b4d0-306128fabb7b" />
      <TestMethod codeBase="/home/runner/work/typespec/typespec/packages/http-client-csharp/generator/artifacts/bin/Microsoft.TypeSpec.Generator.ClientModel.Tests/Debug/net8.0/Microsoft.TypeSpec.Generator.ClientModel.Tests.dll" adapterTypeName="executor://nunit3testexecutor/" className="Microsoft.TypeSpec.Generator.ClientModel.Tests.Providers.MrwSerializationTypeDefinitions.MrwSerializationTypeDefinitionTests" name="TestReadOnlyPropertiesHaveWireCheck(True)" />
    </UnitTest>
    <UnitTest name="TestBuildJsonModelCreateCoreMethod(True)" storage="/home/runner/work/typespec/typespec/packages/http-client-csharp/generator/artifacts/bin/microsoft.typespec.generator.clientmodel.tests/debug/net8.0/microsoft.typespec.generator.clientmodel.tests.dll" id="863f00e5-ad5d-e4d5-254c-017b0ea492ef">
      <Execution id="ef194f60-19fc-4c0b-b959-35a55cacfdf0" />
      <TestMethod codeBase="/home/runner/work/typespec/typespec/packages/http-client-csharp/generator/artifacts/bin/Microsoft.TypeSpec.Generator.ClientModel.Tests/Debug/net8.0/Microsoft.TypeSpec.Generator.ClientModel.Tests.dll" adapterTypeName="executor://nunit3testexecutor/" className="Microsoft.TypeSpec.Generator.ClientModel.Tests.Providers.MrwSerializationTypeDefinitions.MrwSerializationTypeDefinitionTests" name="TestBuildJsonModelCreateCoreMethod(True)" />
    </UnitTest>
    <UnitTest name="TestBuildJsonModelWriteCore(Microsoft.TypeSpec.Generator.Input.InputPrimitiveType)" storage="/home/runner/work/typespec/typespec/packages/http-client-csharp/generator/artifacts/bin/microsoft.typespec.generator.clientmodel.tests/debug/net8.0/microsoft.typespec.generator.clientmodel.tests.dll" id="2656410e-7f45-70a7-fdf7-f36a93564a60">
      <Execution id="99e49f4a-673b-44ca-b1e6-d59bfcc0ab34" />
      <TestMethod codeBase="/home/runner/work/typespec/typespec/packages/http-client-csharp/generator/artifacts/bin/Microsoft.TypeSpec.Generator.ClientModel.Tests/Debug/net8.0/Microsoft.TypeSpec.Generator.ClientModel.Tests.dll" adapterTypeName="executor://nunit3testexecutor/" className="Microsoft.TypeSpec.Generator.ClientModel.Tests.Providers.MrwSerializationTypeDefinitions.AdditionalPropertiesTest" name="TestBuildJsonModelWriteCore(Microsoft.TypeSpec.Generator.Input.InputPrimitiveType)" />
    </UnitTest>
    <UnitTest name="CanCustomizeSerializationMethodForRenamedProperty" storage="/home/runner/work/typespec/typespec/packages/http-client-csharp/generator/artifacts/bin/microsoft.typespec.generator.clientmodel.tests/debug/net8.0/microsoft.typespec.generator.clientmodel.tests.dll" id="3f453143-83b9-e557-9d70-ce635a271f4e">
      <Execution id="d3d1618c-f911-4789-aad8-daa0dec0ca67" />
      <TestMethod codeBase="/home/runner/work/typespec/typespec/packages/http-client-csharp/generator/artifacts/bin/Microsoft.TypeSpec.Generator.ClientModel.Tests/Debug/net8.0/Microsoft.TypeSpec.Generator.ClientModel.Tests.dll" adapterTypeName="executor://nunit3testexecutor/" className="Microsoft.TypeSpec.Generator.ClientModel.Tests.Providers.MrwSerializationTypeDefinitions.SerializationCustomizationTests" name="CanCustomizeSerializationMethodForRenamedProperty" />
    </UnitTest>
    <UnitTest name="ValidateClientWithSpecialHeaders" storage="/home/runner/work/typespec/typespec/packages/http-client-csharp/generator/artifacts/bin/microsoft.typespec.generator.clientmodel.tests/debug/net8.0/microsoft.typespec.generator.clientmodel.tests.dll" id="054c26a0-9f69-9ce9-ce49-eb0ed2f1204f">
      <Execution id="03a11047-78a9-467a-a73f-98d16cb5ec1d" />
      <TestMethod codeBase="/home/runner/work/typespec/typespec/packages/http-client-csharp/generator/artifacts/bin/Microsoft.TypeSpec.Generator.ClientModel.Tests/Debug/net8.0/Microsoft.TypeSpec.Generator.ClientModel.Tests.dll" adapterTypeName="executor://nunit3testexecutor/" className="Microsoft.TypeSpec.Generator.ClientModel.Tests.Providers.RestClientProviders.RestClientProviderTests" name="ValidateClientWithSpecialHeaders" />
    </UnitTest>
    <UnitTest name="BinaryContentSnippet_InvokeStatic(True)" storage="/home/runner/work/typespec/typespec/packages/http-client-csharp/generator/artifacts/bin/microsoft.typespec.generator.clientmodel.tests/debug/net8.0/microsoft.typespec.generator.clientmodel.tests.dll" id="3aa7f57e-bb40-bdf7-b002-4c757f5f3ab3">
      <Execution id="63a67bfd-b80e-457e-b3a9-4756dd3dcae2" />
      <TestMethod codeBase="/home/runner/work/typespec/typespec/packages/http-client-csharp/generator/artifacts/bin/Microsoft.TypeSpec.Generator.ClientModel.Tests/Debug/net8.0/Microsoft.TypeSpec.Generator.ClientModel.Tests.dll" adapterTypeName="executor://nunit3testexecutor/" className="Microsoft.TypeSpec.Generator.ClientModel.Tests.TypedSnippetsTests" name="BinaryContentSnippet_InvokeStatic(True)" />
    </UnitTest>
    <UnitTest name="TestIntSerializationStatement(Int32,&quot;string&quot;)" storage="/home/runner/work/typespec/typespec/packages/http-client-csharp/generator/artifacts/bin/microsoft.typespec.generator.clientmodel.tests/debug/net8.0/microsoft.typespec.generator.clientmodel.tests.dll" id="68d0fb8e-5c5d-d34b-58ab-63b024d75491">
      <Execution id="81a688f5-4f3f-4099-89db-6a1005dd39db" />
      <TestMethod codeBase="/home/runner/work/typespec/typespec/packages/http-client-csharp/generator/artifacts/bin/Microsoft.TypeSpec.Generator.ClientModel.Tests/Debug/net8.0/Microsoft.TypeSpec.Generator.ClientModel.Tests.dll" adapterTypeName="executor://nunit3testexecutor/" className="Microsoft.TypeSpec.Generator.ClientModel.Tests.Providers.MrwSerializationTypeDefinitions.MrwSerializationTypeDefinitionTests" name="TestIntSerializationStatement(Int32,&quot;string&quot;)" />
    </UnitTest>
    <UnitTest name="RoundTripWithJsonInterfaceOfT(&quot;W&quot;)" storage="/home/runner/work/typespec/typespec/packages/http-client-csharp/generator/artifacts/bin/microsoft.typespec.generator.clientmodel.tests/debug/net8.0/microsoft.typespec.generator.clientmodel.tests.dll" id="dbd6e154-4890-dc88-e04d-c6cb4bd2c543">
      <Execution id="9342c4d4-b668-4d5e-83b9-234337972f47" />
      <TestMethod codeBase="/home/runner/work/typespec/typespec/packages/http-client-csharp/generator/artifacts/bin/Microsoft.TypeSpec.Generator.ClientModel.Tests/Debug/net8.0/Microsoft.TypeSpec.Generator.ClientModel.Tests.dll" adapterTypeName="executor://nunit3testexecutor/" className="Microsoft.TypeSpec.Generator.ClientModel.Tests.ModelReaderWriterValidation.TestProjects.Sample_TypeSpec.ThingWithNullsTests" name="RoundTripWithJsonInterfaceOfT(&quot;W&quot;)" />
    </UnitTest>
    <UnitTest name="AppendQuery_Double(&quot;http://localhost&quot;,-3.14d,False,&quot;http://localhost/?query=-3.14&quot;)" storage="/home/runner/work/typespec/typespec/packages/http-client-csharp/generator/artifacts/bin/microsoft.typespec.generator.clientmodel.tests/debug/net8.0/microsoft.typespec.generator.clientmodel.tests.dll" id="ec16d752-c3b4-091e-1dc9-5fb39755032b">
      <Execution id="a94a4085-2875-4c08-b3c5-a963bb46f111" />
      <TestMethod codeBase="/home/runner/work/typespec/typespec/packages/http-client-csharp/generator/artifacts/bin/Microsoft.TypeSpec.Generator.ClientModel.Tests/Debug/net8.0/Microsoft.TypeSpec.Generator.ClientModel.Tests.dll" adapterTypeName="executor://nunit3testexecutor/" className="Microsoft.TypeSpec.Generator.ClientModel.Tests.Providers.ClientUriBuilderTests" name="AppendQuery_Double(&quot;http://localhost&quot;,-3.14d,False,&quot;http://localhost/?query=-3.14&quot;)" />
    </UnitTest>
    <UnitTest name="TestIntSerializationStatement(Int8,null)" storage="/home/runner/work/typespec/typespec/packages/http-client-csharp/generator/artifacts/bin/microsoft.typespec.generator.clientmodel.tests/debug/net8.0/microsoft.typespec.generator.clientmodel.tests.dll" id="578ae397-2c20-daa9-2874-a228a4ade716">
      <Execution id="cee3d44f-4ce3-4656-bffe-838d062ded2b" />
      <TestMethod codeBase="/home/runner/work/typespec/typespec/packages/http-client-csharp/generator/artifacts/bin/Microsoft.TypeSpec.Generator.ClientModel.Tests/Debug/net8.0/Microsoft.TypeSpec.Generator.ClientModel.Tests.dll" adapterTypeName="executor://nunit3testexecutor/" className="Microsoft.TypeSpec.Generator.ClientModel.Tests.Providers.MrwSerializationTypeDefinitions.MrwSerializationTypeDefinitionTests" name="TestIntSerializationStatement(Int8,null)" />
    </UnitTest>
    <UnitTest name="ValidateToEnumMethodsExtensible(Microsoft.TypeSpec.Generator.Input.InputEnumType)" storage="/home/runner/work/typespec/typespec/packages/http-client-csharp/generator/artifacts/bin/microsoft.typespec.generator.clientmodel.tests/debug/net8.0/microsoft.typespec.generator.clientmodel.tests.dll" id="78a6b582-b368-300f-7454-3b6c6e2452ac">
      <Execution id="85d2c607-56c1-4eea-a13e-afd1248b6364" />
      <TestMethod codeBase="/home/runner/work/typespec/typespec/packages/http-client-csharp/generator/artifacts/bin/Microsoft.TypeSpec.Generator.ClientModel.Tests/Debug/net8.0/Microsoft.TypeSpec.Generator.ClientModel.Tests.dll" adapterTypeName="executor://nunit3testexecutor/" className="Microsoft.TypeSpec.Generator.ClientModel.Tests.Providers.EnumProvider.EnumProviderSerializationTests" name="ValidateToEnumMethodsExtensible(Microsoft.TypeSpec.Generator.Input.InputEnumType)" />
    </UnitTest>
    <UnitTest name="ValidateClientWithAcceptHeader_ValueDefinedAsConstant" storage="/home/runner/work/typespec/typespec/packages/http-client-csharp/generator/artifacts/bin/microsoft.typespec.generator.clientmodel.tests/debug/net8.0/microsoft.typespec.generator.clientmodel.tests.dll" id="2315e0cb-ba4e-0315-4e33-7520d0de3d72">
      <Execution id="613d4dfd-b445-4965-8ae6-ebce56d2623c" />
      <TestMethod codeBase="/home/runner/work/typespec/typespec/packages/http-client-csharp/generator/artifacts/bin/Microsoft.TypeSpec.Generator.ClientModel.Tests/Debug/net8.0/Microsoft.TypeSpec.Generator.ClientModel.Tests.dll" adapterTypeName="executor://nunit3testexecutor/" className="Microsoft.TypeSpec.Generator.ClientModel.Tests.Providers.RestClientProviders.RestClientProviderTests" name="ValidateClientWithAcceptHeader_ValueDefinedAsConstant" />
    </UnitTest>
    <UnitTest name="HeaderParameterOptionality(False,False)" storage="/home/runner/work/typespec/typespec/packages/http-client-csharp/generator/artifacts/bin/microsoft.typespec.generator.clientmodel.tests/debug/net8.0/microsoft.typespec.generator.clientmodel.tests.dll" id="948d3d06-dd5d-b2ff-293a-f6a6c81f644a">
      <Execution id="2b78a802-5bb9-459e-96ff-5868eac2176d" />
      <TestMethod codeBase="/home/runner/work/typespec/typespec/packages/http-client-csharp/generator/artifacts/bin/Microsoft.TypeSpec.Generator.ClientModel.Tests/Debug/net8.0/Microsoft.TypeSpec.Generator.ClientModel.Tests.dll" adapterTypeName="executor://nunit3testexecutor/" className="Microsoft.TypeSpec.Generator.ClientModel.Tests.Providers.RestClientProviders.RestClientProviderTests" name="HeaderParameterOptionality(False,False)" />
    </UnitTest>
    <UnitTest name="OperationWithOptionalExtensibleEnum" storage="/home/runner/work/typespec/typespec/packages/http-client-csharp/generator/artifacts/bin/microsoft.typespec.generator.clientmodel.tests/debug/net8.0/microsoft.typespec.generator.clientmodel.tests.dll" id="dc4f4648-68a7-4ad9-5e64-5b8ab0e9f0d5">
      <Execution id="03f706df-5679-4b86-86bf-537a9c751dfb" />
      <TestMethod codeBase="/home/runner/work/typespec/typespec/packages/http-client-csharp/generator/artifacts/bin/Microsoft.TypeSpec.Generator.ClientModel.Tests/Debug/net8.0/Microsoft.TypeSpec.Generator.ClientModel.Tests.dll" adapterTypeName="executor://nunit3testexecutor/" className="Microsoft.TypeSpec.Generator.ClientModel.Tests.Providers.ScmMethodProviderCollectionTests" name="OperationWithOptionalExtensibleEnum" />
    </UnitTest>
    <UnitTest name="AppendQuery_Bool(&quot;http://localhost&quot;,True,False,&quot;http://localhost/?query=true&quot;)" storage="/home/runner/work/typespec/typespec/packages/http-client-csharp/generator/artifacts/bin/microsoft.typespec.generator.clientmodel.tests/debug/net8.0/microsoft.typespec.generator.clientmodel.tests.dll" id="d58133a7-9d33-a542-69d0-49c99b7c3190">
      <Execution id="26320096-fb0f-4a5c-ac44-cb54dc5fb62f" />
      <TestMethod codeBase="/home/runner/work/typespec/typespec/packages/http-client-csharp/generator/artifacts/bin/Microsoft.TypeSpec.Generator.ClientModel.Tests/Debug/net8.0/Microsoft.TypeSpec.Generator.ClientModel.Tests.dll" adapterTypeName="executor://nunit3testexecutor/" className="Microsoft.TypeSpec.Generator.ClientModel.Tests.Providers.ClientUriBuilderTests" name="AppendQuery_Bool(&quot;http://localhost&quot;,True,False,&quot;http://localhost/?query=true&quot;)" />
    </UnitTest>
    <UnitTest name="TestBuildPersistableModelDeserializationMethod" storage="/home/runner/work/typespec/typespec/packages/http-client-csharp/generator/artifacts/bin/microsoft.typespec.generator.clientmodel.tests/debug/net8.0/microsoft.typespec.generator.clientmodel.tests.dll" id="65daf17b-6734-2887-3b9a-92e68be3eecc">
      <Execution id="4e7f4981-b1c0-4cde-83f9-0b1fe4775434" />
      <TestMethod codeBase="/home/runner/work/typespec/typespec/packages/http-client-csharp/generator/artifacts/bin/Microsoft.TypeSpec.Generator.ClientModel.Tests/Debug/net8.0/Microsoft.TypeSpec.Generator.ClientModel.Tests.dll" adapterTypeName="executor://nunit3testexecutor/" className="Microsoft.TypeSpec.Generator.ClientModel.Tests.Providers.MrwSerializationTypeDefinitions.MrwSerializationTypeDefinitionTests" name="TestBuildPersistableModelDeserializationMethod" />
    </UnitTest>
    <UnitTest name="RoundTripWithModelCast(&quot;W&quot;)" storage="/home/runner/work/typespec/typespec/packages/http-client-csharp/generator/artifacts/bin/microsoft.typespec.generator.clientmodel.tests/debug/net8.0/microsoft.typespec.generator.clientmodel.tests.dll" id="3936cffd-461a-434b-847d-904ad236cf5a">
      <Execution id="d1d2a707-9d6b-4200-b55d-48a783adcda0" />
      <TestMethod codeBase="/home/runner/work/typespec/typespec/packages/http-client-csharp/generator/artifacts/bin/Microsoft.TypeSpec.Generator.ClientModel.Tests/Debug/net8.0/Microsoft.TypeSpec.Generator.ClientModel.Tests.dll" adapterTypeName="executor://nunit3testexecutor/" className="Microsoft.TypeSpec.Generator.ClientModel.Tests.ModelReaderWriterValidation.TestProjects.Sample_TypeSpec.ThingWithNullsTests" name="RoundTripWithModelCast(&quot;W&quot;)" />
    </UnitTest>
    <UnitTest name="ValidateClientWithAcceptHeader_ValuesDefinedInResponse" storage="/home/runner/work/typespec/typespec/packages/http-client-csharp/generator/artifacts/bin/microsoft.typespec.generator.clientmodel.tests/debug/net8.0/microsoft.typespec.generator.clientmodel.tests.dll" id="aa24ebc7-de07-9d78-3ed9-d13182a4abaf">
      <Execution id="e5e7acaa-3943-488a-9ae6-e0bd6e5d4f80" />
      <TestMethod codeBase="/home/runner/work/typespec/typespec/packages/http-client-csharp/generator/artifacts/bin/Microsoft.TypeSpec.Generator.ClientModel.Tests/Debug/net8.0/Microsoft.TypeSpec.Generator.ClientModel.Tests.dll" adapterTypeName="executor://nunit3testexecutor/" className="Microsoft.TypeSpec.Generator.ClientModel.Tests.Providers.RestClientProviders.RestClientProviderTests" name="ValidateClientWithAcceptHeader_ValuesDefinedInResponse" />
    </UnitTest>
    <UnitTest name="CanReplaceOpMethod" storage="/home/runner/work/typespec/typespec/packages/http-client-csharp/generator/artifacts/bin/microsoft.typespec.generator.clientmodel.tests/debug/net8.0/microsoft.typespec.generator.clientmodel.tests.dll" id="228c7528-b299-db41-59ab-3646b8e95954">
      <Execution id="3fa02a65-6565-4af9-94f8-80816437e457" />
      <TestMethod codeBase="/home/runner/work/typespec/typespec/packages/http-client-csharp/generator/artifacts/bin/Microsoft.TypeSpec.Generator.ClientModel.Tests/Debug/net8.0/Microsoft.TypeSpec.Generator.ClientModel.Tests.dll" adapterTypeName="executor://nunit3testexecutor/" className="Microsoft.TypeSpec.Generator.ClientModel.Tests.Providers.ClientProviders.ClientProviderCustomizationTests" name="CanReplaceOpMethod" />
    </UnitTest>
    <UnitTest name="ValidateConvertToString(null,True,&quot;true&quot;)" storage="/home/runner/work/typespec/typespec/packages/http-client-csharp/generator/artifacts/bin/microsoft.typespec.generator.clientmodel.tests/debug/net8.0/microsoft.typespec.generator.clientmodel.tests.dll" id="a0c2347e-12cd-e97e-3411-c0b888e63434">
      <Execution id="841a9df4-649c-4c55-bf74-53eecc21d80e" />
      <TestMethod codeBase="/home/runner/work/typespec/typespec/packages/http-client-csharp/generator/artifacts/bin/Microsoft.TypeSpec.Generator.ClientModel.Tests/Debug/net8.0/Microsoft.TypeSpec.Generator.ClientModel.Tests.dll" adapterTypeName="executor://nunit3testexecutor/" className="Microsoft.TypeSpec.Generator.ClientModel.Tests.Providers.TypeFormatterTests" name="ValidateConvertToString(null,True,&quot;true&quot;)" />
    </UnitTest>
    <UnitTest name="ThrowsIfWireIsNotJson" storage="/home/runner/work/typespec/typespec/packages/http-client-csharp/generator/artifacts/bin/microsoft.typespec.generator.clientmodel.tests/debug/net8.0/microsoft.typespec.generator.clientmodel.tests.dll" id="0cc38451-e146-8497-4cd5-53044a86f598">
      <Execution id="6d80d3ed-20e4-4265-ae43-2d38c4b1aa98" />
      <TestMethod codeBase="/home/runner/work/typespec/typespec/packages/http-client-csharp/generator/artifacts/bin/Microsoft.TypeSpec.Generator.ClientModel.Tests/Debug/net8.0/Microsoft.TypeSpec.Generator.ClientModel.Tests.dll" adapterTypeName="executor://nunit3testexecutor/" className="Microsoft.TypeSpec.Generator.ClientModel.Tests.ModelReaderWriterValidation.TestProjects.Sample_TypeSpec.ThingTests" name="ThrowsIfWireIsNotJson" />
    </UnitTest>
    <UnitTest name="ValidateClientResponseClassifiers(Microsoft.TypeSpec.Generator.Input.InputClient)" storage="/home/runner/work/typespec/typespec/packages/http-client-csharp/generator/artifacts/bin/microsoft.typespec.generator.clientmodel.tests/debug/net8.0/microsoft.typespec.generator.clientmodel.tests.dll" id="9ed36475-70ea-d935-981c-3ee0399bdd52">
      <Execution id="29f97b0c-2258-4a8e-a4c5-337a9b87fa98" />
      <TestMethod codeBase="/home/runner/work/typespec/typespec/packages/http-client-csharp/generator/artifacts/bin/Microsoft.TypeSpec.Generator.ClientModel.Tests/Debug/net8.0/Microsoft.TypeSpec.Generator.ClientModel.Tests.dll" adapterTypeName="executor://nunit3testexecutor/" className="Microsoft.TypeSpec.Generator.ClientModel.Tests.Providers.RestClientProviders.RestClientProviderTests" name="ValidateClientResponseClassifiers(Microsoft.TypeSpec.Generator.Input.InputClient)" />
    </UnitTest>
    <UnitTest name="ResetThenAppendPath(&quot;http://localhost/&quot;,&quot;/path&quot;,&quot;http://localhost/path&quot;)" storage="/home/runner/work/typespec/typespec/packages/http-client-csharp/generator/artifacts/bin/microsoft.typespec.generator.clientmodel.tests/debug/net8.0/microsoft.typespec.generator.clientmodel.tests.dll" id="0e6db308-be33-8ba9-e75a-890081430aca">
      <Execution id="4625ea54-e6de-4224-bed2-e7c968b6e62e" />
      <TestMethod codeBase="/home/runner/work/typespec/typespec/packages/http-client-csharp/generator/artifacts/bin/Microsoft.TypeSpec.Generator.ClientModel.Tests/Debug/net8.0/Microsoft.TypeSpec.Generator.ClientModel.Tests.dll" adapterTypeName="executor://nunit3testexecutor/" className="Microsoft.TypeSpec.Generator.ClientModel.Tests.Providers.ClientUriBuilderTests" name="ResetThenAppendPath(&quot;http://localhost/&quot;,&quot;/path&quot;,&quot;http://localhost/path&quot;)" />
    </UnitTest>
    <UnitTest name="TestBuildJsonModelCreateMethodObjectDeclaration" storage="/home/runner/work/typespec/typespec/packages/http-client-csharp/generator/artifacts/bin/microsoft.typespec.generator.clientmodel.tests/debug/net8.0/microsoft.typespec.generator.clientmodel.tests.dll" id="118381db-b906-f6fd-1684-10bb36d8f131">
      <Execution id="b781e9dd-d4dc-4039-9ca9-53e82a3c922e" />
      <TestMethod codeBase="/home/runner/work/typespec/typespec/packages/http-client-csharp/generator/artifacts/bin/Microsoft.TypeSpec.Generator.ClientModel.Tests/Debug/net8.0/Microsoft.TypeSpec.Generator.ClientModel.Tests.dll" adapterTypeName="executor://nunit3testexecutor/" className="Microsoft.TypeSpec.Generator.ClientModel.Tests.Providers.MrwSerializationTypeDefinitions.MrwSerializationTypeDefinitionTests" name="TestBuildJsonModelCreateMethodObjectDeclaration" />
    </UnitTest>
    <UnitTest name="CanAddMethod" storage="/home/runner/work/typespec/typespec/packages/http-client-csharp/generator/artifacts/bin/microsoft.typespec.generator.clientmodel.tests/debug/net8.0/microsoft.typespec.generator.clientmodel.tests.dll" id="e87a7c46-fccf-b207-c830-82e843042fb3">
      <Execution id="10caeed6-267c-433b-ab7b-aed78455e26a" />
      <TestMethod codeBase="/home/runner/work/typespec/typespec/packages/http-client-csharp/generator/artifacts/bin/Microsoft.TypeSpec.Generator.ClientModel.Tests/Debug/net8.0/Microsoft.TypeSpec.Generator.ClientModel.Tests.dll" adapterTypeName="executor://nunit3testexecutor/" className="Microsoft.TypeSpec.Generator.ClientModel.Tests.Providers.ClientProviders.ClientProviderCustomizationTests" name="CanAddMethod" />
    </UnitTest>
    <UnitTest name="ResetThenAppendQuery(&quot;http://localhost/some&quot;,&quot;one|1&quot;,&quot;http://localhost/some?one=1&quot;)" storage="/home/runner/work/typespec/typespec/packages/http-client-csharp/generator/artifacts/bin/microsoft.typespec.generator.clientmodel.tests/debug/net8.0/microsoft.typespec.generator.clientmodel.tests.dll" id="1a77ee52-5ac1-842f-3a78-c59f71df5654">
      <Execution id="f655203f-48cf-430d-bb91-bb12ebcb3b40" />
      <TestMethod codeBase="/home/runner/work/typespec/typespec/packages/http-client-csharp/generator/artifacts/bin/Microsoft.TypeSpec.Generator.ClientModel.Tests/Debug/net8.0/Microsoft.TypeSpec.Generator.ClientModel.Tests.dll" adapterTypeName="executor://nunit3testexecutor/" className="Microsoft.TypeSpec.Generator.ClientModel.Tests.Providers.ClientUriBuilderTests" name="ResetThenAppendQuery(&quot;http://localhost/some&quot;,&quot;one|1&quot;,&quot;http://localhost/some?one=1&quot;)" />
    </UnitTest>
    <UnitTest name="ContinuationTokenInHeaderOfTAsync" storage="/home/runner/work/typespec/typespec/packages/http-client-csharp/generator/artifacts/bin/microsoft.typespec.generator.clientmodel.tests/debug/net8.0/microsoft.typespec.generator.clientmodel.tests.dll" id="3775d54e-5139-d61a-b3ed-3919845d7970">
      <Execution id="da7c3aa7-a57e-4a87-8993-b7ae228ed863" />
      <TestMethod codeBase="/home/runner/work/typespec/typespec/packages/http-client-csharp/generator/artifacts/bin/Microsoft.TypeSpec.Generator.ClientModel.Tests/Debug/net8.0/Microsoft.TypeSpec.Generator.ClientModel.Tests.dll" adapterTypeName="executor://nunit3testexecutor/" className="Microsoft.TypeSpec.Generator.ClientModel.Tests.Providers.CollectionResultDefinitions.ContinuationTokenTests" name="ContinuationTokenInHeaderOfTAsync" />
    </UnitTest>
    <UnitTest name="AppendQuery_Int(&quot;http://localhost&quot;,299792458,True,&quot;http://localhost/?query=299792458&quot;)" storage="/home/runner/work/typespec/typespec/packages/http-client-csharp/generator/artifacts/bin/microsoft.typespec.generator.clientmodel.tests/debug/net8.0/microsoft.typespec.generator.clientmodel.tests.dll" id="3e62d79a-8b08-3538-6f63-1356805c57c5">
      <Execution id="0d8c823a-c7da-469e-ba10-0b24dfac6d5f" />
      <TestMethod codeBase="/home/runner/work/typespec/typespec/packages/http-client-csharp/generator/artifacts/bin/Microsoft.TypeSpec.Generator.ClientModel.Tests/Debug/net8.0/Microsoft.TypeSpec.Generator.ClientModel.Tests.dll" adapterTypeName="executor://nunit3testexecutor/" className="Microsoft.TypeSpec.Generator.ClientModel.Tests.Providers.ClientUriBuilderTests" name="AppendQuery_Int(&quot;http://localhost&quot;,299792458,True,&quot;http://localhost/?query=299792458&quot;)" />
    </UnitTest>
    <UnitTest name="CanChangePropertyName" storage="/home/runner/work/typespec/typespec/packages/http-client-csharp/generator/artifacts/bin/microsoft.typespec.generator.clientmodel.tests/debug/net8.0/microsoft.typespec.generator.clientmodel.tests.dll" id="666c8d10-fb2c-8e9c-b885-d283f7f7989e">
      <Execution id="6e74d6f9-fc1d-4111-98cb-b79ae98d38da" />
      <TestMethod codeBase="/home/runner/work/typespec/typespec/packages/http-client-csharp/generator/artifacts/bin/Microsoft.TypeSpec.Generator.ClientModel.Tests/Debug/net8.0/Microsoft.TypeSpec.Generator.ClientModel.Tests.dll" adapterTypeName="executor://nunit3testexecutor/" className="Microsoft.TypeSpec.Generator.ClientModel.Tests.Providers.MrwSerializationTypeDefinitions.SerializationCustomizationTests" name="CanChangePropertyName" />
    </UnitTest>
    <UnitTest name="OptionalSnippet_IsDefined" storage="/home/runner/work/typespec/typespec/packages/http-client-csharp/generator/artifacts/bin/microsoft.typespec.generator.clientmodel.tests/debug/net8.0/microsoft.typespec.generator.clientmodel.tests.dll" id="1f197d57-fb90-1daa-1029-19a0a18cfb63">
      <Execution id="a79bc61e-da0b-4b5a-8aa5-5f919fdb3db0" />
      <TestMethod codeBase="/home/runner/work/typespec/typespec/packages/http-client-csharp/generator/artifacts/bin/Microsoft.TypeSpec.Generator.ClientModel.Tests/Debug/net8.0/Microsoft.TypeSpec.Generator.ClientModel.Tests.dll" adapterTypeName="executor://nunit3testexecutor/" className="Microsoft.TypeSpec.Generator.ClientModel.Tests.TypedSnippetsTests" name="OptionalSnippet_IsDefined" />
    </UnitTest>
    <UnitTest name="EndpointFieldAssignedFromStringParameter(&quot;https://{hostName}&quot;,&quot;hostName&quot;)" storage="/home/runner/work/typespec/typespec/packages/http-client-csharp/generator/artifacts/bin/microsoft.typespec.generator.clientmodel.tests/debug/net8.0/microsoft.typespec.generator.clientmodel.tests.dll" id="850718e8-8e6e-2fc0-30e9-cce89aa9345e">
      <Execution id="14be8e5e-2223-4563-ae8f-d5e15e07bb9f" />
      <TestMethod codeBase="/home/runner/work/typespec/typespec/packages/http-client-csharp/generator/artifacts/bin/Microsoft.TypeSpec.Generator.ClientModel.Tests/Debug/net8.0/Microsoft.TypeSpec.Generator.ClientModel.Tests.dll" adapterTypeName="executor://nunit3testexecutor/" className="Microsoft.TypeSpec.Generator.ClientModel.Tests.Providers.ClientProviders.ClientProviderTests" name="EndpointFieldAssignedFromStringParameter(&quot;https://{hostName}&quot;,&quot;hostName&quot;)" />
    </UnitTest>
    <UnitTest name="RoundTripWithJsonInterfaceNonGeneric(&quot;J&quot;)" storage="/home/runner/work/typespec/typespec/packages/http-client-csharp/generator/artifacts/bin/microsoft.typespec.generator.clientmodel.tests/debug/net8.0/microsoft.typespec.generator.clientmodel.tests.dll" id="633faebd-f1aa-b19f-4840-fe1f8cb24aaa">
      <Execution id="56075c28-199c-494f-ba15-1d37dd3bd025" />
      <TestMethod codeBase="/home/runner/work/typespec/typespec/packages/http-client-csharp/generator/artifacts/bin/Microsoft.TypeSpec.Generator.ClientModel.Tests/Debug/net8.0/Microsoft.TypeSpec.Generator.ClientModel.Tests.dll" adapterTypeName="executor://nunit3testexecutor/" className="Microsoft.TypeSpec.Generator.ClientModel.Tests.ModelReaderWriterValidation.TestProjects.Sample_TypeSpec.RoundTripModelTests" name="RoundTripWithJsonInterfaceNonGeneric(&quot;J&quot;)" />
    </UnitTest>
    <UnitTest name="TestIntDeserializeExpression(System.Byte,Int_String)" storage="/home/runner/work/typespec/typespec/packages/http-client-csharp/generator/artifacts/bin/microsoft.typespec.generator.clientmodel.tests/debug/net8.0/microsoft.typespec.generator.clientmodel.tests.dll" id="b83054a9-6d1f-b3f4-cf8b-0d733b097e9b">
      <Execution id="9de73802-6017-46ba-946f-437beb4ba1f8" />
      <TestMethod codeBase="/home/runner/work/typespec/typespec/packages/http-client-csharp/generator/artifacts/bin/Microsoft.TypeSpec.Generator.ClientModel.Tests/Debug/net8.0/Microsoft.TypeSpec.Generator.ClientModel.Tests.dll" adapterTypeName="executor://nunit3testexecutor/" className="Microsoft.TypeSpec.Generator.ClientModel.Tests.Providers.MrwSerializationTypeDefinitions.MrwSerializationTypeDefinitionTests" name="TestIntDeserializeExpression(System.Byte,Int_String)" />
    </UnitTest>
    <UnitTest name="RoundTripWithJsonInterfaceOfT(&quot;W&quot;)" storage="/home/runner/work/typespec/typespec/packages/http-client-csharp/generator/artifacts/bin/microsoft.typespec.generator.clientmodel.tests/debug/net8.0/microsoft.typespec.generator.clientmodel.tests.dll" id="0c9d4e59-49c7-021e-ea64-5c522f20c80b">
      <Execution id="ba81762a-b4de-4e0c-9c62-d45cc166216b" />
      <TestMethod codeBase="/home/runner/work/typespec/typespec/packages/http-client-csharp/generator/artifacts/bin/Microsoft.TypeSpec.Generator.ClientModel.Tests/Debug/net8.0/Microsoft.TypeSpec.Generator.ClientModel.Tests.dll" adapterTypeName="executor://nunit3testexecutor/" className="Microsoft.TypeSpec.Generator.ClientModel.Tests.ModelReaderWriterValidation.TestProjects.Sample_TypeSpec.RoundTripModelTests" name="RoundTripWithJsonInterfaceOfT(&quot;W&quot;)" />
    </UnitTest>
    <UnitTest name="NextLinkInBodyMultipleClients" storage="/home/runner/work/typespec/typespec/packages/http-client-csharp/generator/artifacts/bin/microsoft.typespec.generator.clientmodel.tests/debug/net8.0/microsoft.typespec.generator.clientmodel.tests.dll" id="5c12f93f-3c59-134e-f070-61c48d0d89a9">
      <Execution id="abd26636-99fe-4fac-a846-24ae5e853763" />
      <TestMethod codeBase="/home/runner/work/typespec/typespec/packages/http-client-csharp/generator/artifacts/bin/Microsoft.TypeSpec.Generator.ClientModel.Tests/Debug/net8.0/Microsoft.TypeSpec.Generator.ClientModel.Tests.dll" adapterTypeName="executor://nunit3testexecutor/" className="Microsoft.TypeSpec.Generator.ClientModel.Tests.Providers.CollectionResultDefinitions.NextLinkTests" name="NextLinkInBodyMultipleClients" />
    </UnitTest>
    <UnitTest name="ProcessMessageIsOverridden" storage="/home/runner/work/typespec/typespec/packages/http-client-csharp/generator/artifacts/bin/microsoft.typespec.generator.clientmodel.tests/debug/net8.0/microsoft.typespec.generator.clientmodel.tests.dll" id="4c1c59cd-e4a5-e39a-adb6-781aef6bf9d5">
      <Execution id="fab90bb8-b05b-4c27-a89a-f46103d1b984" />
      <TestMethod codeBase="/home/runner/work/typespec/typespec/packages/http-client-csharp/generator/artifacts/bin/Microsoft.TypeSpec.Generator.ClientModel.Tests/Debug/net8.0/Microsoft.TypeSpec.Generator.ClientModel.Tests.dll" adapterTypeName="executor://nunit3testexecutor/" className="Microsoft.TypeSpec.Generator.ClientModel.Tests.Providers.Abstractions.ClientPipelineApiTests" name="ProcessMessageIsOverridden" />
    </UnitTest>
    <UnitTest name="RoundTripWithModelReaderWriterNonGeneric(&quot;W&quot;)" storage="/home/runner/work/typespec/typespec/packages/http-client-csharp/generator/artifacts/bin/microsoft.typespec.generator.clientmodel.tests/debug/net8.0/microsoft.typespec.generator.clientmodel.tests.dll" id="80bc32d0-5a3f-b82e-8b59-d70782c7273a">
      <Execution id="440d041b-c484-4041-9bf6-a06395669f6e" />
      <TestMethod codeBase="/home/runner/work/typespec/typespec/packages/http-client-csharp/generator/artifacts/bin/Microsoft.TypeSpec.Generator.ClientModel.Tests/Debug/net8.0/Microsoft.TypeSpec.Generator.ClientModel.Tests.dll" adapterTypeName="executor://nunit3testexecutor/" className="Microsoft.TypeSpec.Generator.ClientModel.Tests.ModelReaderWriterValidation.TestProjects.Sample_TypeSpec.RenamedModelTests" name="RoundTripWithModelReaderWriterNonGeneric(&quot;W&quot;)" />
    </UnitTest>
    <UnitTest name="AppendQuery_Int(&quot;http://localhost&quot;,-299792458,False,&quot;http://localhost/?query=-299792458&quot;)" storage="/home/runner/work/typespec/typespec/packages/http-client-csharp/generator/artifacts/bin/microsoft.typespec.generator.clientmodel.tests/debug/net8.0/microsoft.typespec.generator.clientmodel.tests.dll" id="f4e3ebab-7e4a-0cd1-86fc-a3d86a2407e3">
      <Execution id="1dcbd3ce-3e5c-47fd-b250-6882e1e20c3e" />
      <TestMethod codeBase="/home/runner/work/typespec/typespec/packages/http-client-csharp/generator/artifacts/bin/Microsoft.TypeSpec.Generator.ClientModel.Tests/Debug/net8.0/Microsoft.TypeSpec.Generator.ClientModel.Tests.dll" adapterTypeName="executor://nunit3testexecutor/" className="Microsoft.TypeSpec.Generator.ClientModel.Tests.Providers.ClientUriBuilderTests" name="AppendQuery_Int(&quot;http://localhost&quot;,-299792458,False,&quot;http://localhost/?query=-299792458&quot;)" />
    </UnitTest>
    <UnitTest name="SubClientFieldsAreStoredOnRootClient" storage="/home/runner/work/typespec/typespec/packages/http-client-csharp/generator/artifacts/bin/microsoft.typespec.generator.clientmodel.tests/debug/net8.0/microsoft.typespec.generator.clientmodel.tests.dll" id="b58757a7-d1b1-920d-0ad6-ed3ea2c5d501">
      <Execution id="09cd91e6-9f3d-45fd-a41a-e4a77e9d0603" />
      <TestMethod codeBase="/home/runner/work/typespec/typespec/packages/http-client-csharp/generator/artifacts/bin/Microsoft.TypeSpec.Generator.ClientModel.Tests/Debug/net8.0/Microsoft.TypeSpec.Generator.ClientModel.Tests.dll" adapterTypeName="executor://nunit3testexecutor/" className="Microsoft.TypeSpec.Generator.ClientModel.Tests.Providers.ClientProviders.ClientProviderTests" name="SubClientFieldsAreStoredOnRootClient" />
    </UnitTest>
    <UnitTest name="TestBuildFields_WithSubClients(Microsoft.TypeSpec.Generator.Input.InputClient,System.Collections.Generic.List`1[Microsoft.TypeSpec.Generator.ClientModel.Tests.Providers.ClientProviders.ClientProviderTests+ExpectedFieldProvider])" storage="/home/runner/work/typespec/typespec/packages/http-client-csharp/generator/artifacts/bin/microsoft.typespec.generator.clientmodel.tests/debug/net8.0/microsoft.typespec.generator.clientmodel.tests.dll" id="98cba7ef-cae3-92dd-b1d6-f5f810e86693">
      <Execution id="40a53ef7-3720-4ce8-8ad2-983c16ea96fa" />
      <TestMethod codeBase="/home/runner/work/typespec/typespec/packages/http-client-csharp/generator/artifacts/bin/Microsoft.TypeSpec.Generator.ClientModel.Tests/Debug/net8.0/Microsoft.TypeSpec.Generator.ClientModel.Tests.dll" adapterTypeName="executor://nunit3testexecutor/" className="Microsoft.TypeSpec.Generator.ClientModel.Tests.Providers.ClientProviders.ClientProviderTests" name="TestBuildFields_WithSubClients(Microsoft.TypeSpec.Generator.Input.InputClient,System.Collections.Generic.List`1[Microsoft.TypeSpec.Generator.ClientModel.Tests.Providers.ClientProviders.ClientProviderTests+ExpectedFieldProvider])" />
    </UnitTest>
    <UnitTest name="ResetThenAppendPathThenAppendQuery(&quot;http://localhost&quot;,&quot;/some&quot;,&quot;one|1|two|2&quot;,&quot;http://localhost/some?one=1&amp;two=2&quot;)" storage="/home/runner/work/typespec/typespec/packages/http-client-csharp/generator/artifacts/bin/microsoft.typespec.generator.clientmodel.tests/debug/net8.0/microsoft.typespec.generator.clientmodel.tests.dll" id="bfaa7edb-4a04-4e67-1fba-886c635c7198">
      <Execution id="b214d2ea-f854-4a14-94fd-65d86e22bb3e" />
      <TestMethod codeBase="/home/runner/work/typespec/typespec/packages/http-client-csharp/generator/artifacts/bin/Microsoft.TypeSpec.Generator.ClientModel.Tests/Debug/net8.0/Microsoft.TypeSpec.Generator.ClientModel.Tests.dll" adapterTypeName="executor://nunit3testexecutor/" className="Microsoft.TypeSpec.Generator.ClientModel.Tests.Providers.ClientUriBuilderTests" name="ResetThenAppendPathThenAppendQuery(&quot;http://localhost&quot;,&quot;/some&quot;,&quot;one|1|two|2&quot;,&quot;http://localhost/some?one=1&amp;two=2&quot;)" />
    </UnitTest>
    <UnitTest name="RoundTripWithJsonInterfaceNonGeneric(&quot;J&quot;)" storage="/home/runner/work/typespec/typespec/packages/http-client-csharp/generator/artifacts/bin/microsoft.typespec.generator.clientmodel.tests/debug/net8.0/microsoft.typespec.generator.clientmodel.tests.dll" id="65ec0d1d-04b9-67af-7168-6d5dc4287ecb">
      <Execution id="15fa0d2d-12cc-4262-8fb2-aef249312c06" />
      <TestMethod codeBase="/home/runner/work/typespec/typespec/packages/http-client-csharp/generator/artifacts/bin/Microsoft.TypeSpec.Generator.ClientModel.Tests/Debug/net8.0/Microsoft.TypeSpec.Generator.ClientModel.Tests.dll" adapterTypeName="executor://nunit3testexecutor/" className="Microsoft.TypeSpec.Generator.ClientModel.Tests.ModelReaderWriterValidation.TestProjects.Sample_TypeSpec.ThingTests" name="RoundTripWithJsonInterfaceNonGeneric(&quot;J&quot;)" />
    </UnitTest>
    <UnitTest name="AppendQuery_DateTimeOffset(&quot;http://localhost&quot;,&quot;6/30/1905 1:14:00 PM +00:00&quot;,&quot;o&quot;,False,&quot;http://localhost/?query=1905-06-30T13:14:00.0000000Z&quot;)" storage="/home/runner/work/typespec/typespec/packages/http-client-csharp/generator/artifacts/bin/microsoft.typespec.generator.clientmodel.tests/debug/net8.0/microsoft.typespec.generator.clientmodel.tests.dll" id="a46f3cc4-c110-1556-a386-c5cffa7f4bae">
      <Execution id="520836b3-b667-454a-aabe-286dd420096f" />
      <TestMethod codeBase="/home/runner/work/typespec/typespec/packages/http-client-csharp/generator/artifacts/bin/Microsoft.TypeSpec.Generator.ClientModel.Tests/Debug/net8.0/Microsoft.TypeSpec.Generator.ClientModel.Tests.dll" adapterTypeName="executor://nunit3testexecutor/" className="Microsoft.TypeSpec.Generator.ClientModel.Tests.Providers.ClientUriBuilderTests" name="AppendQuery_DateTimeOffset(&quot;http://localhost&quot;,&quot;6/30/1905 1:14:00 PM +00:00&quot;,&quot;o&quot;,False,&quot;http://localhost/?query=1905-06-30T13:14:00.0000000Z&quot;)" />
    </UnitTest>
    <UnitTest name="TestEqualAfterConvertingToUtc(&quot;2020-05-04T03:02:01.1230000+00:00&quot;)" storage="/home/runner/work/typespec/typespec/packages/http-client-csharp/generator/artifacts/bin/microsoft.typespec.generator.clientmodel.tests/debug/net8.0/microsoft.typespec.generator.clientmodel.tests.dll" id="d85b041f-089f-431b-1ddd-38180f5dda6d">
      <Execution id="3f013a4f-9aca-4516-ae57-d47a3a90fead" />
      <TestMethod codeBase="/home/runner/work/typespec/typespec/packages/http-client-csharp/generator/artifacts/bin/Microsoft.TypeSpec.Generator.ClientModel.Tests/Debug/net8.0/Microsoft.TypeSpec.Generator.ClientModel.Tests.dll" adapterTypeName="executor://nunit3testexecutor/" className="Microsoft.TypeSpec.Generator.ClientModel.Tests.Providers.TypeFormatterTests" name="TestEqualAfterConvertingToUtc(&quot;2020-05-04T03:02:01.1230000+00:00&quot;)" />
    </UnitTest>
    <UnitTest name="RoundTripWithModelReaderWriter(&quot;J&quot;)" storage="/home/runner/work/typespec/typespec/packages/http-client-csharp/generator/artifacts/bin/microsoft.typespec.generator.clientmodel.tests/debug/net8.0/microsoft.typespec.generator.clientmodel.tests.dll" id="15abf66e-4495-0e09-6101-8af6d51e6310">
      <Execution id="14b847c8-3a86-49b3-8225-6def99ac2f30" />
      <TestMethod codeBase="/home/runner/work/typespec/typespec/packages/http-client-csharp/generator/artifacts/bin/Microsoft.TypeSpec.Generator.ClientModel.Tests/Debug/net8.0/Microsoft.TypeSpec.Generator.ClientModel.Tests.dll" adapterTypeName="executor://nunit3testexecutor/" className="Microsoft.TypeSpec.Generator.ClientModel.Tests.ModelReaderWriterValidation.TestProjects.Sample_TypeSpec.ThingTests" name="RoundTripWithModelReaderWriter(&quot;J&quot;)" />
    </UnitTest>
    <UnitTest name="CanChangeToNonNullableProp" storage="/home/runner/work/typespec/typespec/packages/http-client-csharp/generator/artifacts/bin/microsoft.typespec.generator.clientmodel.tests/debug/net8.0/microsoft.typespec.generator.clientmodel.tests.dll" id="4c9c5c23-67cc-c7e8-91bd-12f4d818dce5">
      <Execution id="6f89ee8e-530a-4958-bacd-86d8427bb755" />
      <TestMethod codeBase="/home/runner/work/typespec/typespec/packages/http-client-csharp/generator/artifacts/bin/Microsoft.TypeSpec.Generator.ClientModel.Tests/Debug/net8.0/Microsoft.TypeSpec.Generator.ClientModel.Tests.dll" adapterTypeName="executor://nunit3testexecutor/" className="Microsoft.TypeSpec.Generator.ClientModel.Tests.Providers.MrwSerializationTypeDefinitions.SerializationCustomizationTests" name="CanChangeToNonNullableProp" />
    </UnitTest>
    <UnitTest name="RoundTripWithModelInterfaceNonGeneric(&quot;J&quot;)" storage="/home/runner/work/typespec/typespec/packages/http-client-csharp/generator/artifacts/bin/microsoft.typespec.generator.clientmodel.tests/debug/net8.0/microsoft.typespec.generator.clientmodel.tests.dll" id="51cb5a3a-59ce-98a7-b4b7-3fe113e0d820">
      <Execution id="e2f1bea6-ab59-483c-aab8-b2157f1ed7b0" />
      <TestMethod codeBase="/home/runner/work/typespec/typespec/packages/http-client-csharp/generator/artifacts/bin/Microsoft.TypeSpec.Generator.ClientModel.Tests/Debug/net8.0/Microsoft.TypeSpec.Generator.ClientModel.Tests.dll" adapterTypeName="executor://nunit3testexecutor/" className="Microsoft.TypeSpec.Generator.ClientModel.Tests.ModelReaderWriterValidation.TestProjects.Sample_TypeSpec.RoundTripModelTests" name="RoundTripWithModelInterfaceNonGeneric(&quot;J&quot;)" />
    </UnitTest>
    <UnitTest name="FormatsDatesAsString(&quot;R&quot;,05/04/2020 03:02:01 +00:00,&quot;Mon, 04 May 2020 03:02:01 GMT&quot;)" storage="/home/runner/work/typespec/typespec/packages/http-client-csharp/generator/artifacts/bin/microsoft.typespec.generator.clientmodel.tests/debug/net8.0/microsoft.typespec.generator.clientmodel.tests.dll" id="60e80210-144f-ae89-bdae-f71c9f8b8814">
      <Execution id="5e016c12-6842-4b94-9f8e-ea95f50c3d28" />
      <TestMethod codeBase="/home/runner/work/typespec/typespec/packages/http-client-csharp/generator/artifacts/bin/Microsoft.TypeSpec.Generator.ClientModel.Tests/Debug/net8.0/Microsoft.TypeSpec.Generator.ClientModel.Tests.dll" adapterTypeName="executor://nunit3testexecutor/" className="Microsoft.TypeSpec.Generator.ClientModel.Tests.Providers.TypeFormatterTests" name="FormatsDatesAsString(&quot;R&quot;,05/04/2020 03:02:01 +00:00,&quot;Mon, 04 May 2020 03:02:01 GMT&quot;)" />
    </UnitTest>
    <UnitTest name="TestApiVersionOfClient" storage="/home/runner/work/typespec/typespec/packages/http-client-csharp/generator/artifacts/bin/microsoft.typespec.generator.clientmodel.tests/debug/net8.0/microsoft.typespec.generator.clientmodel.tests.dll" id="63b96ad9-1a5d-1e15-66e8-6bae36a632f6">
      <Execution id="dd23aef1-c061-465d-bc83-00edd2360a3d" />
      <TestMethod codeBase="/home/runner/work/typespec/typespec/packages/http-client-csharp/generator/artifacts/bin/Microsoft.TypeSpec.Generator.ClientModel.Tests/Debug/net8.0/Microsoft.TypeSpec.Generator.ClientModel.Tests.dll" adapterTypeName="executor://nunit3testexecutor/" className="Microsoft.TypeSpec.Generator.ClientModel.Tests.Providers.ClientProviders.ClientProviderTests" name="TestApiVersionOfClient" />
    </UnitTest>
    <UnitTest name="ValidateIsLastNamespaceSegmentTheSame(&quot;Foo&quot;,&quot;Bar.Foo&quot;)" storage="/home/runner/work/typespec/typespec/packages/http-client-csharp/generator/artifacts/bin/microsoft.typespec.generator.clientmodel.tests/debug/net8.0/microsoft.typespec.generator.clientmodel.tests.dll" id="d014a639-73a9-c5f3-1a69-c8e9ea956187">
      <Execution id="39d24276-415a-4312-8329-eb7e78c01fdb" />
      <TestMethod codeBase="/home/runner/work/typespec/typespec/packages/http-client-csharp/generator/artifacts/bin/Microsoft.TypeSpec.Generator.ClientModel.Tests/Debug/net8.0/Microsoft.TypeSpec.Generator.ClientModel.Tests.dll" adapterTypeName="executor://nunit3testexecutor/" className="Microsoft.TypeSpec.Generator.ClientModel.Tests.Providers.ClientProviders.ClientProviderTests" name="ValidateIsLastNamespaceSegmentTheSame(&quot;Foo&quot;,&quot;Bar.Foo&quot;)" />
    </UnitTest>
    <UnitTest name="AppendPath_Long(&quot;http://localhost&quot;,299792458000000L,True,&quot;http://localhost/299792458000000&quot;)" storage="/home/runner/work/typespec/typespec/packages/http-client-csharp/generator/artifacts/bin/microsoft.typespec.generator.clientmodel.tests/debug/net8.0/microsoft.typespec.generator.clientmodel.tests.dll" id="ea6c1b95-a0ad-0182-c0b9-1f79d5e165b1">
      <Execution id="c84a0168-83a9-4393-bfa5-76dfd6b1ebde" />
      <TestMethod codeBase="/home/runner/work/typespec/typespec/packages/http-client-csharp/generator/artifacts/bin/Microsoft.TypeSpec.Generator.ClientModel.Tests/Debug/net8.0/Microsoft.TypeSpec.Generator.ClientModel.Tests.dll" adapterTypeName="executor://nunit3testexecutor/" className="Microsoft.TypeSpec.Generator.ClientModel.Tests.Providers.ClientUriBuilderTests" name="AppendPath_Long(&quot;http://localhost&quot;,299792458000000L,True,&quot;http://localhost/299792458000000&quot;)" />
    </UnitTest>
    <UnitTest name="TestBuildDeserializationMethod(Microsoft.TypeSpec.Generator.Input.InputPrimitiveType,[&quot;float&quot;],[&quot;case global::System.Text.Json.JsonValueKind.Number:&quot;, &quot;if (prop.Value.TryGetSingle(out float floatValue))&quot;, &quot;additionalProperties.Add(prop.Name, floatValue);&quot;])" storage="/home/runner/work/typespec/typespec/packages/http-client-csharp/generator/artifacts/bin/microsoft.typespec.generator.clientmodel.tests/debug/net8.0/microsoft.typespec.generator.clientmodel.tests.dll" id="f3c9bab4-3291-051a-77b7-1676b635bc87">
      <Execution id="54265e4d-1865-4575-b751-19cd9c004692" />
      <TestMethod codeBase="/home/runner/work/typespec/typespec/packages/http-client-csharp/generator/artifacts/bin/Microsoft.TypeSpec.Generator.ClientModel.Tests/Debug/net8.0/Microsoft.TypeSpec.Generator.ClientModel.Tests.dll" adapterTypeName="executor://nunit3testexecutor/" className="Microsoft.TypeSpec.Generator.ClientModel.Tests.Providers.MrwSerializationTypeDefinitions.AdditionalPropertiesTest" name="TestBuildDeserializationMethod(Microsoft.TypeSpec.Generator.Input.InputPrimitiveType,[&quot;float&quot;],[&quot;case global::System.Text.Json.JsonValueKind.Number:&quot;, &quot;if (prop.Value.TryGetSingle(out float floatValue))&quot;, &quot;additionalProperties.Add(prop.Name, floatValue);&quot;])" />
    </UnitTest>
    <UnitTest name="CanAddMethodSameName" storage="/home/runner/work/typespec/typespec/packages/http-client-csharp/generator/artifacts/bin/microsoft.typespec.generator.clientmodel.tests/debug/net8.0/microsoft.typespec.generator.clientmodel.tests.dll" id="9b12f8a1-22cd-2d0a-2975-6602c64df5fd">
      <Execution id="9e9ee949-f410-4208-85a1-b710a3e1d9cb" />
      <TestMethod codeBase="/home/runner/work/typespec/typespec/packages/http-client-csharp/generator/artifacts/bin/Microsoft.TypeSpec.Generator.ClientModel.Tests/Debug/net8.0/Microsoft.TypeSpec.Generator.ClientModel.Tests.dll" adapterTypeName="executor://nunit3testexecutor/" className="Microsoft.TypeSpec.Generator.ClientModel.Tests.Providers.ClientProviders.ClientProviderCustomizationTests" name="CanAddMethodSameName" />
    </UnitTest>
    <UnitTest name="ValidateConvertToString(null,-42,&quot;-42&quot;)" storage="/home/runner/work/typespec/typespec/packages/http-client-csharp/generator/artifacts/bin/microsoft.typespec.generator.clientmodel.tests/debug/net8.0/microsoft.typespec.generator.clientmodel.tests.dll" id="73131707-ca1a-3884-7742-1965e89251f2">
      <Execution id="53594b58-287b-4670-afc5-e797ecbcbe3f" />
      <TestMethod codeBase="/home/runner/work/typespec/typespec/packages/http-client-csharp/generator/artifacts/bin/Microsoft.TypeSpec.Generator.ClientModel.Tests/Debug/net8.0/Microsoft.TypeSpec.Generator.ClientModel.Tests.dll" adapterTypeName="executor://nunit3testexecutor/" className="Microsoft.TypeSpec.Generator.ClientModel.Tests.Providers.TypeFormatterTests" name="ValidateConvertToString(null,-42,&quot;-42&quot;)" />
    </UnitTest>
    <UnitTest name="ThrowsIfUnknownFormat" storage="/home/runner/work/typespec/typespec/packages/http-client-csharp/generator/artifacts/bin/microsoft.typespec.generator.clientmodel.tests/debug/net8.0/microsoft.typespec.generator.clientmodel.tests.dll" id="abcce51a-46cc-2334-1c79-335e656d6908">
      <Execution id="356f5cba-bd0e-4d25-aef1-0b3ef4862438" />
      <TestMethod codeBase="/home/runner/work/typespec/typespec/packages/http-client-csharp/generator/artifacts/bin/Microsoft.TypeSpec.Generator.ClientModel.Tests/Debug/net8.0/Microsoft.TypeSpec.Generator.ClientModel.Tests.dll" adapterTypeName="executor://nunit3testexecutor/" className="Microsoft.TypeSpec.Generator.ClientModel.Tests.ModelReaderWriterValidation.TestProjects.Sample_TypeSpec.RoundTripModelTests" name="ThrowsIfUnknownFormat" />
    </UnitTest>
    <UnitTest name="ResetThenAppendPath(&quot;http://localhost:12345/with/&quot;,&quot;/path&quot;,&quot;http://localhost:12345/with/path&quot;)" storage="/home/runner/work/typespec/typespec/packages/http-client-csharp/generator/artifacts/bin/microsoft.typespec.generator.clientmodel.tests/debug/net8.0/microsoft.typespec.generator.clientmodel.tests.dll" id="259590b0-282e-1979-8334-224eab396dc0">
      <Execution id="2bdc959c-e2c4-4e8a-9a29-11d779c21696" />
      <TestMethod codeBase="/home/runner/work/typespec/typespec/packages/http-client-csharp/generator/artifacts/bin/Microsoft.TypeSpec.Generator.ClientModel.Tests/Debug/net8.0/Microsoft.TypeSpec.Generator.ClientModel.Tests.dll" adapterTypeName="executor://nunit3testexecutor/" className="Microsoft.TypeSpec.Generator.ClientModel.Tests.Providers.ClientUriBuilderTests" name="ResetThenAppendPath(&quot;http://localhost:12345/with/&quot;,&quot;/path&quot;,&quot;http://localhost:12345/with/path&quot;)" />
    </UnitTest>
    <UnitTest name="ValidateBodyOfProcessMessageIsOverridden" storage="/home/runner/work/typespec/typespec/packages/http-client-csharp/generator/artifacts/bin/microsoft.typespec.generator.clientmodel.tests/debug/net8.0/microsoft.typespec.generator.clientmodel.tests.dll" id="e8efddcb-de74-9a15-028e-2928f93e6b81">
      <Execution id="4ee19e1a-8afd-4001-a4c7-298042269af2" />
      <TestMethod codeBase="/home/runner/work/typespec/typespec/packages/http-client-csharp/generator/artifacts/bin/Microsoft.TypeSpec.Generator.ClientModel.Tests/Debug/net8.0/Microsoft.TypeSpec.Generator.ClientModel.Tests.dll" adapterTypeName="executor://nunit3testexecutor/" className="Microsoft.TypeSpec.Generator.ClientModel.Tests.Providers.Abstractions.HttpMessageApiTests" name="ValidateBodyOfProcessMessageIsOverridden" />
    </UnitTest>
    <UnitTest name="ValidateIsLastNamespaceSegmentTheSame(&quot;/Foo&quot;,&quot;Foo&quot;)" storage="/home/runner/work/typespec/typespec/packages/http-client-csharp/generator/artifacts/bin/microsoft.typespec.generator.clientmodel.tests/debug/net8.0/microsoft.typespec.generator.clientmodel.tests.dll" id="298a1739-b929-a951-cba7-1dded414429f">
      <Execution id="9645312f-e061-43e4-80a4-67e39f86a1e3" />
      <TestMethod codeBase="/home/runner/work/typespec/typespec/packages/http-client-csharp/generator/artifacts/bin/Microsoft.TypeSpec.Generator.ClientModel.Tests/Debug/net8.0/Microsoft.TypeSpec.Generator.ClientModel.Tests.dll" adapterTypeName="executor://nunit3testexecutor/" className="Microsoft.TypeSpec.Generator.ClientModel.Tests.Providers.ClientProviders.ClientProviderTests" name="ValidateIsLastNamespaceSegmentTheSame(&quot;/Foo&quot;,&quot;Foo&quot;)" />
    </UnitTest>
    <UnitTest name="AppendQueryDelimited(&quot;http://localhost&quot;,[&quot;hello&quot;, &quot;world&quot;],&quot;;&quot;,True,&quot;http://localhost/?query=hello%3Bworld&quot;)" storage="/home/runner/work/typespec/typespec/packages/http-client-csharp/generator/artifacts/bin/microsoft.typespec.generator.clientmodel.tests/debug/net8.0/microsoft.typespec.generator.clientmodel.tests.dll" id="3b908ee4-91ce-c0e9-93f0-06f64e2436c7">
      <Execution id="d6e110f3-a7aa-42ad-8db2-7bdf0b19869a" />
      <TestMethod codeBase="/home/runner/work/typespec/typespec/packages/http-client-csharp/generator/artifacts/bin/Microsoft.TypeSpec.Generator.ClientModel.Tests/Debug/net8.0/Microsoft.TypeSpec.Generator.ClientModel.Tests.dll" adapterTypeName="executor://nunit3testexecutor/" className="Microsoft.TypeSpec.Generator.ClientModel.Tests.Providers.ClientUriBuilderTests" name="AppendQueryDelimited(&quot;http://localhost&quot;,[&quot;hello&quot;, &quot;world&quot;],&quot;;&quot;,True,&quot;http://localhost/?query=hello%3Bworld&quot;)" />
    </UnitTest>
    <UnitTest name="TestImplicitToBinaryContentNotGeneratedForNonRootInputModel" storage="/home/runner/work/typespec/typespec/packages/http-client-csharp/generator/artifacts/bin/microsoft.typespec.generator.clientmodel.tests/debug/net8.0/microsoft.typespec.generator.clientmodel.tests.dll" id="df74a8b4-44a1-5487-2d29-3c4b11501295">
      <Execution id="65b669be-eb9a-4d8a-b6ab-ffbf3f4294ea" />
      <TestMethod codeBase="/home/runner/work/typespec/typespec/packages/http-client-csharp/generator/artifacts/bin/Microsoft.TypeSpec.Generator.ClientModel.Tests/Debug/net8.0/Microsoft.TypeSpec.Generator.ClientModel.Tests.dll" adapterTypeName="executor://nunit3testexecutor/" className="Microsoft.TypeSpec.Generator.ClientModel.Tests.Providers.MrwSerializationTypeDefinitions.MrwSerializationTypeDefinitionTests" name="TestImplicitToBinaryContentNotGeneratedForNonRootInputModel" />
    </UnitTest>
    <UnitTest name="RoundTripWithJsonInterfaceOfT(&quot;W&quot;)" storage="/home/runner/work/typespec/typespec/packages/http-client-csharp/generator/artifacts/bin/microsoft.typespec.generator.clientmodel.tests/debug/net8.0/microsoft.typespec.generator.clientmodel.tests.dll" id="e1556102-bfa7-5198-dc89-44e3df8c3feb">
      <Execution id="6136ee5a-a12c-4b31-9d3f-6e90de2e9c10" />
      <TestMethod codeBase="/home/runner/work/typespec/typespec/packages/http-client-csharp/generator/artifacts/bin/Microsoft.TypeSpec.Generator.ClientModel.Tests/Debug/net8.0/Microsoft.TypeSpec.Generator.ClientModel.Tests.dll" adapterTypeName="executor://nunit3testexecutor/" className="Microsoft.TypeSpec.Generator.ClientModel.Tests.ModelReaderWriterValidation.TestProjects.Sample_TypeSpec.RenamedModelTests" name="RoundTripWithJsonInterfaceOfT(&quot;W&quot;)" />
    </UnitTest>
    <UnitTest name="CanCustomizeExtensibleEnum(Microsoft.TypeSpec.Generator.Input.InputEnumType)" storage="/home/runner/work/typespec/typespec/packages/http-client-csharp/generator/artifacts/bin/microsoft.typespec.generator.clientmodel.tests/debug/net8.0/microsoft.typespec.generator.clientmodel.tests.dll" id="c448b744-7bf8-6f0c-d98b-198f6de41865">
      <Execution id="b97bc9c6-1922-4256-8a6b-c71e9d9bf25b" />
      <TestMethod codeBase="/home/runner/work/typespec/typespec/packages/http-client-csharp/generator/artifacts/bin/Microsoft.TypeSpec.Generator.ClientModel.Tests/Debug/net8.0/Microsoft.TypeSpec.Generator.ClientModel.Tests.dll" adapterTypeName="executor://nunit3testexecutor/" className="Microsoft.TypeSpec.Generator.ClientModel.Tests.Providers.MrwSerializationTypeDefinitions.SerializationCustomizationTests" name="CanCustomizeExtensibleEnum(Microsoft.TypeSpec.Generator.Input.InputEnumType)" />
    </UnitTest>
    <UnitTest name="RoundTripWithJsonInterfaceOfT(&quot;W&quot;)" storage="/home/runner/work/typespec/typespec/packages/http-client-csharp/generator/artifacts/bin/microsoft.typespec.generator.clientmodel.tests/debug/net8.0/microsoft.typespec.generator.clientmodel.tests.dll" id="143dbbf3-4ec0-9d69-c413-541c8867be95">
      <Execution id="93d093ab-b1b8-4364-8afb-9c7ee3fd2361" />
      <TestMethod codeBase="/home/runner/work/typespec/typespec/packages/http-client-csharp/generator/artifacts/bin/Microsoft.TypeSpec.Generator.ClientModel.Tests/Debug/net8.0/Microsoft.TypeSpec.Generator.ClientModel.Tests.dll" adapterTypeName="executor://nunit3testexecutor/" className="Microsoft.TypeSpec.Generator.ClientModel.Tests.ModelReaderWriterValidation.TestProjects.Sample_TypeSpec.ThingTests" name="RoundTripWithJsonInterfaceOfT(&quot;W&quot;)" />
    </UnitTest>
    <UnitTest name="ValidateIsLastNamespaceSegmentTheSame(&quot;Foo&quot;,&quot;_Foo&quot;)" storage="/home/runner/work/typespec/typespec/packages/http-client-csharp/generator/artifacts/bin/microsoft.typespec.generator.clientmodel.tests/debug/net8.0/microsoft.typespec.generator.clientmodel.tests.dll" id="75565cb5-105a-47a6-0025-428383842588">
      <Execution id="19a2a493-b9e7-4c4e-a8c0-c2a34e516f59" />
      <TestMethod codeBase="/home/runner/work/typespec/typespec/packages/http-client-csharp/generator/artifacts/bin/Microsoft.TypeSpec.Generator.ClientModel.Tests/Debug/net8.0/Microsoft.TypeSpec.Generator.ClientModel.Tests.dll" adapterTypeName="executor://nunit3testexecutor/" className="Microsoft.TypeSpec.Generator.ClientModel.Tests.Providers.ClientProviders.ClientProviderTests" name="ValidateIsLastNamespaceSegmentTheSame(&quot;Foo&quot;,&quot;_Foo&quot;)" />
    </UnitTest>
    <UnitTest name="FormatsDatesAsJson(&quot;O&quot;,05/04/2020 03:02:01 +00:00,&quot;2020-05-04T03:02:01.1230000Z&quot;)" storage="/home/runner/work/typespec/typespec/packages/http-client-csharp/generator/artifacts/bin/microsoft.typespec.generator.clientmodel.tests/debug/net8.0/microsoft.typespec.generator.clientmodel.tests.dll" id="3e96eedd-eee8-45b2-9867-4b35303504e8">
      <Execution id="785a3ba2-22ee-48a6-8b49-80d636a370da" />
      <TestMethod codeBase="/home/runner/work/typespec/typespec/packages/http-client-csharp/generator/artifacts/bin/Microsoft.TypeSpec.Generator.ClientModel.Tests/Debug/net8.0/Microsoft.TypeSpec.Generator.ClientModel.Tests.dll" adapterTypeName="executor://nunit3testexecutor/" className="Microsoft.TypeSpec.Generator.ClientModel.Tests.Providers.TypeFormatterTests" name="FormatsDatesAsJson(&quot;O&quot;,05/04/2020 03:02:01 +00:00,&quot;2020-05-04T03:02:01.1230000Z&quot;)" />
    </UnitTest>
    <UnitTest name="ValidateQueryParamWriterDiff(True)" storage="/home/runner/work/typespec/typespec/packages/http-client-csharp/generator/artifacts/bin/microsoft.typespec.generator.clientmodel.tests/debug/net8.0/microsoft.typespec.generator.clientmodel.tests.dll" id="38edb700-70aa-aa33-0bc7-b5b75e3d9a26">
      <Execution id="6379154e-3ed1-49ad-9c49-26d2cf2e85a7" />
      <TestMethod codeBase="/home/runner/work/typespec/typespec/packages/http-client-csharp/generator/artifacts/bin/Microsoft.TypeSpec.Generator.ClientModel.Tests/Debug/net8.0/Microsoft.TypeSpec.Generator.ClientModel.Tests.dll" adapterTypeName="executor://nunit3testexecutor/" className="Microsoft.TypeSpec.Generator.ClientModel.Tests.Providers.ClientProviders.ClientProviderTests" name="ValidateQueryParamWriterDiff(True)" />
    </UnitTest>
    <UnitTest name="PascalCaseSerializedName" storage="/home/runner/work/typespec/typespec/packages/http-client-csharp/generator/artifacts/bin/microsoft.typespec.generator.clientmodel.tests/debug/net8.0/microsoft.typespec.generator.clientmodel.tests.dll" id="1c75349a-57cf-06ee-2a40-f8f9fb0c9b51">
      <Execution id="e58e534f-2280-40d9-8c68-a08556bec62a" />
      <TestMethod codeBase="/home/runner/work/typespec/typespec/packages/http-client-csharp/generator/artifacts/bin/Microsoft.TypeSpec.Generator.ClientModel.Tests/Debug/net8.0/Microsoft.TypeSpec.Generator.ClientModel.Tests.dll" adapterTypeName="executor://nunit3testexecutor/" className="Microsoft.TypeSpec.Generator.ClientModel.Tests.Providers.MrwSerializationTypeDefinitions.JsonModelCoreTests" name="PascalCaseSerializedName" />
    </UnitTest>
    <UnitTest name="DerivedShouldNotHaveProxyAttribute" storage="/home/runner/work/typespec/typespec/packages/http-client-csharp/generator/artifacts/bin/microsoft.typespec.generator.clientmodel.tests/debug/net8.0/microsoft.typespec.generator.clientmodel.tests.dll" id="b15d8efd-7f32-e75e-1f6f-96aa9050a2b9">
      <Execution id="a6f1df7e-2a70-49a0-a95b-a0ea5ddc2046" />
      <TestMethod codeBase="/home/runner/work/typespec/typespec/packages/http-client-csharp/generator/artifacts/bin/Microsoft.TypeSpec.Generator.ClientModel.Tests/Debug/net8.0/Microsoft.TypeSpec.Generator.ClientModel.Tests.dll" adapterTypeName="executor://nunit3testexecutor/" className="Microsoft.TypeSpec.Generator.ClientModel.Tests.Providers.MrwSerializationTypeDefinitions.DiscriminatorTests" name="DerivedShouldNotHaveProxyAttribute" />
    </UnitTest>
    <UnitTest name="RoundTripWithModelInterfaceNonGeneric(&quot;J&quot;)" storage="/home/runner/work/typespec/typespec/packages/http-client-csharp/generator/artifacts/bin/microsoft.typespec.generator.clientmodel.tests/debug/net8.0/microsoft.typespec.generator.clientmodel.tests.dll" id="277f322d-c788-9e4e-74c2-15e97b3deb10">
      <Execution id="1aa46984-a444-4b5f-9b69-14e0f0fe790a" />
      <TestMethod codeBase="/home/runner/work/typespec/typespec/packages/http-client-csharp/generator/artifacts/bin/Microsoft.TypeSpec.Generator.ClientModel.Tests/Debug/net8.0/Microsoft.TypeSpec.Generator.ClientModel.Tests.dll" adapterTypeName="executor://nunit3testexecutor/" className="Microsoft.TypeSpec.Generator.ClientModel.Tests.ModelReaderWriterValidation.TestProjects.Sample_TypeSpec.RenamedModelTests" name="RoundTripWithModelInterfaceNonGeneric(&quot;J&quot;)" />
    </UnitTest>
    <UnitTest name="TestBuildJsonModelCreateMethodProperlyDoesNotCastForUnknown" storage="/home/runner/work/typespec/typespec/packages/http-client-csharp/generator/artifacts/bin/microsoft.typespec.generator.clientmodel.tests/debug/net8.0/microsoft.typespec.generator.clientmodel.tests.dll" id="a73c3e41-b3cb-b229-f869-b2a02776ca71">
      <Execution id="5c12730d-39d4-4b5f-9f34-59848882f8ba" />
      <TestMethod codeBase="/home/runner/work/typespec/typespec/packages/http-client-csharp/generator/artifacts/bin/Microsoft.TypeSpec.Generator.ClientModel.Tests/Debug/net8.0/Microsoft.TypeSpec.Generator.ClientModel.Tests.dll" adapterTypeName="executor://nunit3testexecutor/" className="Microsoft.TypeSpec.Generator.ClientModel.Tests.Providers.MrwSerializationTypeDefinitions.DiscriminatorTests" name="TestBuildJsonModelCreateMethodProperlyDoesNotCastForUnknown" />
    </UnitTest>
    <UnitTest name="TestIntDeserializeExpression(System.Int32,Default)" storage="/home/runner/work/typespec/typespec/packages/http-client-csharp/generator/artifacts/bin/microsoft.typespec.generator.clientmodel.tests/debug/net8.0/microsoft.typespec.generator.clientmodel.tests.dll" id="b980310c-3eed-ecf0-a5ec-9237fd7abcff">
      <Execution id="047cf3b1-b37b-4c6a-9176-571610d3fab6" />
      <TestMethod codeBase="/home/runner/work/typespec/typespec/packages/http-client-csharp/generator/artifacts/bin/Microsoft.TypeSpec.Generator.ClientModel.Tests/Debug/net8.0/Microsoft.TypeSpec.Generator.ClientModel.Tests.dll" adapterTypeName="executor://nunit3testexecutor/" className="Microsoft.TypeSpec.Generator.ClientModel.Tests.Providers.MrwSerializationTypeDefinitions.MrwSerializationTypeDefinitionTests" name="TestIntDeserializeExpression(System.Int32,Default)" />
    </UnitTest>
    <UnitTest name="MultipartOperationShouldHaveContentTypeParam" storage="/home/runner/work/typespec/typespec/packages/http-client-csharp/generator/artifacts/bin/microsoft.typespec.generator.clientmodel.tests/debug/net8.0/microsoft.typespec.generator.clientmodel.tests.dll" id="4164d3af-b848-0f65-ba37-42bad46ec49f">
      <Execution id="011b77af-f54d-4c90-98bd-7471c8e59197" />
      <TestMethod codeBase="/home/runner/work/typespec/typespec/packages/http-client-csharp/generator/artifacts/bin/Microsoft.TypeSpec.Generator.ClientModel.Tests/Debug/net8.0/Microsoft.TypeSpec.Generator.ClientModel.Tests.dll" adapterTypeName="executor://nunit3testexecutor/" className="Microsoft.TypeSpec.Generator.ClientModel.Tests.Providers.ClientProviders.MultipartFormDataTests" name="MultipartOperationShouldHaveContentTypeParam" />
    </UnitTest>
    <UnitTest name="TestGetMethodParameters(Microsoft.TypeSpec.Generator.Input.InputBasicServiceMethod)" storage="/home/runner/work/typespec/typespec/packages/http-client-csharp/generator/artifacts/bin/microsoft.typespec.generator.clientmodel.tests/debug/net8.0/microsoft.typespec.generator.clientmodel.tests.dll" id="b2903119-1d6e-0bc6-5662-cedf6f3c55e9">
      <Execution id="b8646823-1bf3-454a-ad44-7902cf830cb3" />
      <TestMethod codeBase="/home/runner/work/typespec/typespec/packages/http-client-csharp/generator/artifacts/bin/Microsoft.TypeSpec.Generator.ClientModel.Tests/Debug/net8.0/Microsoft.TypeSpec.Generator.ClientModel.Tests.dll" adapterTypeName="executor://nunit3testexecutor/" className="Microsoft.TypeSpec.Generator.ClientModel.Tests.Providers.RestClientProviders.RestClientProviderTests" name="TestGetMethodParameters(Microsoft.TypeSpec.Generator.Input.InputBasicServiceMethod)" />
    </UnitTest>
    <UnitTest name="ValidateConvertToString(&quot;R&quot;,05/04/2020 03:02:01 +01:00,&quot;Mon, 04 May 2020 02:02:01 GMT&quot;)" storage="/home/runner/work/typespec/typespec/packages/http-client-csharp/generator/artifacts/bin/microsoft.typespec.generator.clientmodel.tests/debug/net8.0/microsoft.typespec.generator.clientmodel.tests.dll" id="c2437baf-f3e4-8bba-bd7e-3accf8f67075">
      <Execution id="c8958a68-872a-4457-92c4-11e9494d6c25" />
      <TestMethod codeBase="/home/runner/work/typespec/typespec/packages/http-client-csharp/generator/artifacts/bin/Microsoft.TypeSpec.Generator.ClientModel.Tests/Debug/net8.0/Microsoft.TypeSpec.Generator.ClientModel.Tests.dll" adapterTypeName="executor://nunit3testexecutor/" className="Microsoft.TypeSpec.Generator.ClientModel.Tests.Providers.TypeFormatterTests" name="ValidateConvertToString(&quot;R&quot;,05/04/2020 03:02:01 +01:00,&quot;Mon, 04 May 2020 02:02:01 GMT&quot;)" />
    </UnitTest>
    <UnitTest name="TestNestedTypes(False)" storage="/home/runner/work/typespec/typespec/packages/http-client-csharp/generator/artifacts/bin/microsoft.typespec.generator.clientmodel.tests/debug/net8.0/microsoft.typespec.generator.clientmodel.tests.dll" id="e5e96db0-2afd-1720-d8f8-60e737e02cce">
      <Execution id="442f6c30-ff10-4d07-b828-03355842478a" />
      <TestMethod codeBase="/home/runner/work/typespec/typespec/packages/http-client-csharp/generator/artifacts/bin/Microsoft.TypeSpec.Generator.ClientModel.Tests/Debug/net8.0/Microsoft.TypeSpec.Generator.ClientModel.Tests.dll" adapterTypeName="executor://nunit3testexecutor/" className="Microsoft.TypeSpec.Generator.ClientModel.Tests.Providers.ClientOptionsProviderTests" name="TestNestedTypes(False)" />
    </UnitTest>
    <UnitTest name="ResetThenAppendQuery(&quot;http://localhost/&quot;,&quot;one|1&quot;,&quot;http://localhost/?one=1&quot;)" storage="/home/runner/work/typespec/typespec/packages/http-client-csharp/generator/artifacts/bin/microsoft.typespec.generator.clientmodel.tests/debug/net8.0/microsoft.typespec.generator.clientmodel.tests.dll" id="34da232f-142c-49ff-a3dc-cd997cc4269f">
      <Execution id="b54c7eaa-6590-4a0a-ba95-30626b6c3368" />
      <TestMethod codeBase="/home/runner/work/typespec/typespec/packages/http-client-csharp/generator/artifacts/bin/Microsoft.TypeSpec.Generator.ClientModel.Tests/Debug/net8.0/Microsoft.TypeSpec.Generator.ClientModel.Tests.dll" adapterTypeName="executor://nunit3testexecutor/" className="Microsoft.TypeSpec.Generator.ClientModel.Tests.Providers.ClientUriBuilderTests" name="ResetThenAppendQuery(&quot;http://localhost/&quot;,&quot;one|1&quot;,&quot;http://localhost/?one=1&quot;)" />
    </UnitTest>
    <UnitTest name="TestEqualAfterConvertingToUtc(&quot;Mon, 04 May 2020 03:02:01 GMT&quot;)" storage="/home/runner/work/typespec/typespec/packages/http-client-csharp/generator/artifacts/bin/microsoft.typespec.generator.clientmodel.tests/debug/net8.0/microsoft.typespec.generator.clientmodel.tests.dll" id="99b67a54-d7db-1b12-07ea-4b73cefe84fb">
      <Execution id="579cbf4e-4389-459b-b5be-f6532a85d5d8" />
      <TestMethod codeBase="/home/runner/work/typespec/typespec/packages/http-client-csharp/generator/artifacts/bin/Microsoft.TypeSpec.Generator.ClientModel.Tests/Debug/net8.0/Microsoft.TypeSpec.Generator.ClientModel.Tests.dll" adapterTypeName="executor://nunit3testexecutor/" className="Microsoft.TypeSpec.Generator.ClientModel.Tests.Providers.TypeFormatterTests" name="TestEqualAfterConvertingToUtc(&quot;Mon, 04 May 2020 03:02:01 GMT&quot;)" />
    </UnitTest>
    <UnitTest name="ResetThenAppendPathThenAppendQuery(&quot;http://localhost:12345&quot;,&quot;/some&quot;,&quot;one|1&quot;,&quot;http://localhost:12345/some?one=1&quot;)" storage="/home/runner/work/typespec/typespec/packages/http-client-csharp/generator/artifacts/bin/microsoft.typespec.generator.clientmodel.tests/debug/net8.0/microsoft.typespec.generator.clientmodel.tests.dll" id="9adbf83d-961f-c409-ce42-1f948f6bfb91">
      <Execution id="519cf3ae-75da-490c-a9d5-d1427b04122d" />
      <TestMethod codeBase="/home/runner/work/typespec/typespec/packages/http-client-csharp/generator/artifacts/bin/Microsoft.TypeSpec.Generator.ClientModel.Tests/Debug/net8.0/Microsoft.TypeSpec.Generator.ClientModel.Tests.dll" adapterTypeName="executor://nunit3testexecutor/" className="Microsoft.TypeSpec.Generator.ClientModel.Tests.Providers.ClientUriBuilderTests" name="ResetThenAppendPathThenAppendQuery(&quot;http://localhost:12345&quot;,&quot;/some&quot;,&quot;one|1&quot;,&quot;http://localhost:12345/some?one=1&quot;)" />
    </UnitTest>
    <UnitTest name="UnknownVariantDeserializeShouldUseBaseProperties" storage="/home/runner/work/typespec/typespec/packages/http-client-csharp/generator/artifacts/bin/microsoft.typespec.generator.clientmodel.tests/debug/net8.0/microsoft.typespec.generator.clientmodel.tests.dll" id="48716565-5026-3c86-5719-93d7595126ea">
      <Execution id="c768113d-a225-42b5-941c-a5d133732dbe" />
      <TestMethod codeBase="/home/runner/work/typespec/typespec/packages/http-client-csharp/generator/artifacts/bin/Microsoft.TypeSpec.Generator.ClientModel.Tests/Debug/net8.0/Microsoft.TypeSpec.Generator.ClientModel.Tests.dll" adapterTypeName="executor://nunit3testexecutor/" className="Microsoft.TypeSpec.Generator.ClientModel.Tests.Providers.MrwSerializationTypeDefinitions.DiscriminatorTests" name="UnknownVariantDeserializeShouldUseBaseProperties" />
    </UnitTest>
    <UnitTest name="ValidateClientWithApiVersionPathParameter(Microsoft.TypeSpec.Generator.Input.InputClient)" storage="/home/runner/work/typespec/typespec/packages/http-client-csharp/generator/artifacts/bin/microsoft.typespec.generator.clientmodel.tests/debug/net8.0/microsoft.typespec.generator.clientmodel.tests.dll" id="950100c2-49ef-ba57-58d1-801e4f2eaf4a">
      <Execution id="55af2a3a-6b94-4d8c-82c9-f67130439ed1" />
      <TestMethod codeBase="/home/runner/work/typespec/typespec/packages/http-client-csharp/generator/artifacts/bin/Microsoft.TypeSpec.Generator.ClientModel.Tests/Debug/net8.0/Microsoft.TypeSpec.Generator.ClientModel.Tests.dll" adapterTypeName="executor://nunit3testexecutor/" className="Microsoft.TypeSpec.Generator.ClientModel.Tests.Providers.RestClientProviders.RestClientProviderTests" name="ValidateClientWithApiVersionPathParameter(Microsoft.TypeSpec.Generator.Input.InputClient)" />
    </UnitTest>
    <UnitTest name="TestBuildConstructors_SecondaryConstructor(System.Collections.Generic.List`1[Microsoft.TypeSpec.Generator.Input.InputParameter])" storage="/home/runner/work/typespec/typespec/packages/http-client-csharp/generator/artifacts/bin/microsoft.typespec.generator.clientmodel.tests/debug/net8.0/microsoft.typespec.generator.clientmodel.tests.dll" id="75ea94fd-3e39-2426-5e3d-01bde1d3cfe1">
      <Execution id="2918e961-9094-4ec6-9855-01c17ec2ea47" />
      <TestMethod codeBase="/home/runner/work/typespec/typespec/packages/http-client-csharp/generator/artifacts/bin/Microsoft.TypeSpec.Generator.ClientModel.Tests/Debug/net8.0/Microsoft.TypeSpec.Generator.ClientModel.Tests.dll" adapterTypeName="executor://nunit3testexecutor/" className="Microsoft.TypeSpec.Generator.ClientModel.Tests.Providers.ClientProviders.ClientProviderTests" name="TestBuildConstructors_SecondaryConstructor(System.Collections.Generic.List`1[Microsoft.TypeSpec.Generator.Input.InputParameter])" />
    </UnitTest>
    <UnitTest name="AppendPath_Double(&quot;http://localhost&quot;,-3.14d,True,&quot;http://localhost/-3.14&quot;)" storage="/home/runner/work/typespec/typespec/packages/http-client-csharp/generator/artifacts/bin/microsoft.typespec.generator.clientmodel.tests/debug/net8.0/microsoft.typespec.generator.clientmodel.tests.dll" id="ea6625c3-c544-3a8a-f630-52d307e1360c">
      <Execution id="a4601e17-98f4-4fbc-972c-a20d0356144d" />
      <TestMethod codeBase="/home/runner/work/typespec/typespec/packages/http-client-csharp/generator/artifacts/bin/Microsoft.TypeSpec.Generator.ClientModel.Tests/Debug/net8.0/Microsoft.TypeSpec.Generator.ClientModel.Tests.dll" adapterTypeName="executor://nunit3testexecutor/" className="Microsoft.TypeSpec.Generator.ClientModel.Tests.Providers.ClientUriBuilderTests" name="AppendPath_Double(&quot;http://localhost&quot;,-3.14d,True,&quot;http://localhost/-3.14&quot;)" />
    </UnitTest>
    <UnitTest name="AppendQuery_DateTimeOffset(&quot;http://localhost&quot;,&quot;6/30/1905 1:14:00 PM +00:00&quot;,&quot;U&quot;,False,&quot;http://localhost/?query=-2035622760&quot;)" storage="/home/runner/work/typespec/typespec/packages/http-client-csharp/generator/artifacts/bin/microsoft.typespec.generator.clientmodel.tests/debug/net8.0/microsoft.typespec.generator.clientmodel.tests.dll" id="695d9dc1-603f-c186-f622-eadc4afd9848">
      <Execution id="a9175588-9bc8-4f87-8f15-09de4e715dc0" />
      <TestMethod codeBase="/home/runner/work/typespec/typespec/packages/http-client-csharp/generator/artifacts/bin/Microsoft.TypeSpec.Generator.ClientModel.Tests/Debug/net8.0/Microsoft.TypeSpec.Generator.ClientModel.Tests.dll" adapterTypeName="executor://nunit3testexecutor/" className="Microsoft.TypeSpec.Generator.ClientModel.Tests.Providers.ClientUriBuilderTests" name="AppendQuery_DateTimeOffset(&quot;http://localhost&quot;,&quot;6/30/1905 1:14:00 PM +00:00&quot;,&quot;U&quot;,False,&quot;http://localhost/?query=-2035622760&quot;)" />
    </UnitTest>
    <UnitTest name="ThrowsIfWireIsNotJson" storage="/home/runner/work/typespec/typespec/packages/http-client-csharp/generator/artifacts/bin/microsoft.typespec.generator.clientmodel.tests/debug/net8.0/microsoft.typespec.generator.clientmodel.tests.dll" id="f13da6e1-73f6-6894-5cc8-addc8326f458">
      <Execution id="4ec5fe93-0672-4aa2-8571-748a75b300f5" />
      <TestMethod codeBase="/home/runner/work/typespec/typespec/packages/http-client-csharp/generator/artifacts/bin/Microsoft.TypeSpec.Generator.ClientModel.Tests/Debug/net8.0/Microsoft.TypeSpec.Generator.ClientModel.Tests.dll" adapterTypeName="executor://nunit3testexecutor/" className="Microsoft.TypeSpec.Generator.ClientModel.Tests.ModelReaderWriterValidation.TestProjects.Sample_TypeSpec.FriendTests" name="ThrowsIfWireIsNotJson" />
    </UnitTest>
    <UnitTest name="TestBuildDeserializationMethod" storage="/home/runner/work/typespec/typespec/packages/http-client-csharp/generator/artifacts/bin/microsoft.typespec.generator.clientmodel.tests/debug/net8.0/microsoft.typespec.generator.clientmodel.tests.dll" id="ac8f81ff-9cec-3504-c5c4-8f5529420f89">
      <Execution id="e2cbb6a5-540d-42c6-8945-334e8a0fccdb" />
      <TestMethod codeBase="/home/runner/work/typespec/typespec/packages/http-client-csharp/generator/artifacts/bin/Microsoft.TypeSpec.Generator.ClientModel.Tests/Debug/net8.0/Microsoft.TypeSpec.Generator.ClientModel.Tests.dll" adapterTypeName="executor://nunit3testexecutor/" className="Microsoft.TypeSpec.Generator.ClientModel.Tests.Providers.MrwSerializationTypeDefinitions.MrwSerializationTypeDefinitionTests" name="TestBuildDeserializationMethod" />
    </UnitTest>
    <UnitTest name="RoundTripWithModelReaderWriterNonGeneric(&quot;W&quot;)" storage="/home/runner/work/typespec/typespec/packages/http-client-csharp/generator/artifacts/bin/microsoft.typespec.generator.clientmodel.tests/debug/net8.0/microsoft.typespec.generator.clientmodel.tests.dll" id="c07aed26-14d1-210f-7fca-c19609b25bf3">
      <Execution id="4e184ef7-cb85-4a3c-9ecf-b0ce644aa2c0" />
      <TestMethod codeBase="/home/runner/work/typespec/typespec/packages/http-client-csharp/generator/artifacts/bin/Microsoft.TypeSpec.Generator.ClientModel.Tests/Debug/net8.0/Microsoft.TypeSpec.Generator.ClientModel.Tests.dll" adapterTypeName="executor://nunit3testexecutor/" className="Microsoft.TypeSpec.Generator.ClientModel.Tests.ModelReaderWriterValidation.TestProjects.Sample_TypeSpec.FriendTests" name="RoundTripWithModelReaderWriterNonGeneric(&quot;W&quot;)" />
    </UnitTest>
    <UnitTest name="AppendPath_Long(&quot;http://localhost&quot;,-299792458000000L,True,&quot;http://localhost/-299792458000000&quot;)" storage="/home/runner/work/typespec/typespec/packages/http-client-csharp/generator/artifacts/bin/microsoft.typespec.generator.clientmodel.tests/debug/net8.0/microsoft.typespec.generator.clientmodel.tests.dll" id="4ba1c137-1c95-341d-bad4-9da8be1cd605">
      <Execution id="596ea924-a526-4450-82fb-7b36c06e6215" />
      <TestMethod codeBase="/home/runner/work/typespec/typespec/packages/http-client-csharp/generator/artifacts/bin/Microsoft.TypeSpec.Generator.ClientModel.Tests/Debug/net8.0/Microsoft.TypeSpec.Generator.ClientModel.Tests.dll" adapterTypeName="executor://nunit3testexecutor/" className="Microsoft.TypeSpec.Generator.ClientModel.Tests.Providers.ClientUriBuilderTests" name="AppendPath_Long(&quot;http://localhost&quot;,-299792458000000L,True,&quot;http://localhost/-299792458000000&quot;)" />
    </UnitTest>
    <UnitTest name="RoundTripWithModelInterface(&quot;J&quot;)" storage="/home/runner/work/typespec/typespec/packages/http-client-csharp/generator/artifacts/bin/microsoft.typespec.generator.clientmodel.tests/debug/net8.0/microsoft.typespec.generator.clientmodel.tests.dll" id="7831a3db-451b-74a8-04c1-bbb1eb4b68e1">
      <Execution id="a8073c2b-016f-4760-b5e7-f0fd7135d0e1" />
      <TestMethod codeBase="/home/runner/work/typespec/typespec/packages/http-client-csharp/generator/artifacts/bin/Microsoft.TypeSpec.Generator.ClientModel.Tests/Debug/net8.0/Microsoft.TypeSpec.Generator.ClientModel.Tests.dll" adapterTypeName="executor://nunit3testexecutor/" className="Microsoft.TypeSpec.Generator.ClientModel.Tests.ModelReaderWriterValidation.TestProjects.Sample_TypeSpec.RenamedModelTests" name="RoundTripWithModelInterface(&quot;J&quot;)" />
    </UnitTest>
    <UnitTest name="CanRemoveParameterFromMethods" storage="/home/runner/work/typespec/typespec/packages/http-client-csharp/generator/artifacts/bin/microsoft.typespec.generator.clientmodel.tests/debug/net8.0/microsoft.typespec.generator.clientmodel.tests.dll" id="25b46b14-6c10-f5c8-10e3-0f04dd23955e">
      <Execution id="9e9de7e6-016e-4c59-9c19-4642171a9231" />
      <TestMethod codeBase="/home/runner/work/typespec/typespec/packages/http-client-csharp/generator/artifacts/bin/Microsoft.TypeSpec.Generator.ClientModel.Tests/Debug/net8.0/Microsoft.TypeSpec.Generator.ClientModel.Tests.dll" adapterTypeName="executor://nunit3testexecutor/" className="Microsoft.TypeSpec.Generator.ClientModel.Tests.Providers.ScmMethodProviderCollectionTests" name="CanRemoveParameterFromMethods" />
    </UnitTest>
    <UnitTest name="ResetThenAppendQueryThenAppendPath(&quot;http://localhost:12345&quot;,&quot;/some&quot;,&quot;one|1|two|2&quot;,&quot;http://localhost:12345/some?one=1&amp;two=2&quot;)" storage="/home/runner/work/typespec/typespec/packages/http-client-csharp/generator/artifacts/bin/microsoft.typespec.generator.clientmodel.tests/debug/net8.0/microsoft.typespec.generator.clientmodel.tests.dll" id="817877a9-fa92-ffe3-c0a5-a704f2eac076">
      <Execution id="1be4d1b6-35db-42dd-8815-b91520a4646f" />
      <TestMethod codeBase="/home/runner/work/typespec/typespec/packages/http-client-csharp/generator/artifacts/bin/Microsoft.TypeSpec.Generator.ClientModel.Tests/Debug/net8.0/Microsoft.TypeSpec.Generator.ClientModel.Tests.dll" adapterTypeName="executor://nunit3testexecutor/" className="Microsoft.TypeSpec.Generator.ClientModel.Tests.Providers.ClientUriBuilderTests" name="ResetThenAppendQueryThenAppendPath(&quot;http://localhost:12345&quot;,&quot;/some&quot;,&quot;one|1|two|2&quot;,&quot;http://localhost:12345/some?one=1&amp;two=2&quot;)" />
    </UnitTest>
    <UnitTest name="ResetThenAppendQuery(&quot;http://localhost:12345/some&quot;,&quot;one|1|two|2&quot;,&quot;http://localhost:12345/some?one=1&amp;two=2&quot;)" storage="/home/runner/work/typespec/typespec/packages/http-client-csharp/generator/artifacts/bin/microsoft.typespec.generator.clientmodel.tests/debug/net8.0/microsoft.typespec.generator.clientmodel.tests.dll" id="6f3de9f8-ce4b-1e99-dd86-b59a2c977e85">
      <Execution id="46cd5490-e203-4ae9-8d37-7ecdae4bada5" />
      <TestMethod codeBase="/home/runner/work/typespec/typespec/packages/http-client-csharp/generator/artifacts/bin/Microsoft.TypeSpec.Generator.ClientModel.Tests/Debug/net8.0/Microsoft.TypeSpec.Generator.ClientModel.Tests.dll" adapterTypeName="executor://nunit3testexecutor/" className="Microsoft.TypeSpec.Generator.ClientModel.Tests.Providers.ClientUriBuilderTests" name="ResetThenAppendQuery(&quot;http://localhost:12345/some&quot;,&quot;one|1|two|2&quot;,&quot;http://localhost:12345/some?one=1&amp;two=2&quot;)" />
    </UnitTest>
    <UnitTest name="AppendQuery_ByteArray(&quot;http://localhost&quot;,[104, 101, 108, 108, 111],&quot;U&quot;,False,&quot;http://localhost/?query=aGVsbG8&quot;)" storage="/home/runner/work/typespec/typespec/packages/http-client-csharp/generator/artifacts/bin/microsoft.typespec.generator.clientmodel.tests/debug/net8.0/microsoft.typespec.generator.clientmodel.tests.dll" id="c50242f7-2db4-2683-4f08-b38b5407f5c6">
      <Execution id="3df5b749-1b79-4350-8de6-0bba27fcb3e3" />
      <TestMethod codeBase="/home/runner/work/typespec/typespec/packages/http-client-csharp/generator/artifacts/bin/Microsoft.TypeSpec.Generator.ClientModel.Tests/Debug/net8.0/Microsoft.TypeSpec.Generator.ClientModel.Tests.dll" adapterTypeName="executor://nunit3testexecutor/" className="Microsoft.TypeSpec.Generator.ClientModel.Tests.Providers.ClientUriBuilderTests" name="AppendQuery_ByteArray(&quot;http://localhost&quot;,[104, 101, 108, 108, 111],&quot;U&quot;,False,&quot;http://localhost/?query=aGVsbG8&quot;)" />
    </UnitTest>
    <UnitTest name="NextLinkInHeaderOfT" storage="/home/runner/work/typespec/typespec/packages/http-client-csharp/generator/artifacts/bin/microsoft.typespec.generator.clientmodel.tests/debug/net8.0/microsoft.typespec.generator.clientmodel.tests.dll" id="d6ce6e65-ac0d-3e3a-3f5a-bb409eb791be">
      <Execution id="7eb79d5c-fa98-43b3-b3af-eb901edf3a78" />
      <TestMethod codeBase="/home/runner/work/typespec/typespec/packages/http-client-csharp/generator/artifacts/bin/Microsoft.TypeSpec.Generator.ClientModel.Tests/Debug/net8.0/Microsoft.TypeSpec.Generator.ClientModel.Tests.dll" adapterTypeName="executor://nunit3testexecutor/" className="Microsoft.TypeSpec.Generator.ClientModel.Tests.Providers.CollectionResultDefinitions.NextLinkTests" name="NextLinkInHeaderOfT" />
    </UnitTest>
    <UnitTest name="ResetThenAppendPath(&quot;http://localhost:12345/with/&quot;,&quot;/path/&quot;,&quot;http://localhost:12345/with/path/&quot;)" storage="/home/runner/work/typespec/typespec/packages/http-client-csharp/generator/artifacts/bin/microsoft.typespec.generator.clientmodel.tests/debug/net8.0/microsoft.typespec.generator.clientmodel.tests.dll" id="977a139f-dcb4-f300-cb0f-ddd50fe5a9fc">
      <Execution id="4e53ed99-18e1-4fcf-baa9-71bad4701da4" />
      <TestMethod codeBase="/home/runner/work/typespec/typespec/packages/http-client-csharp/generator/artifacts/bin/Microsoft.TypeSpec.Generator.ClientModel.Tests/Debug/net8.0/Microsoft.TypeSpec.Generator.ClientModel.Tests.dll" adapterTypeName="executor://nunit3testexecutor/" className="Microsoft.TypeSpec.Generator.ClientModel.Tests.Providers.ClientUriBuilderTests" name="ResetThenAppendPath(&quot;http://localhost:12345/with/&quot;,&quot;/path/&quot;,&quot;http://localhost:12345/with/path/&quot;)" />
    </UnitTest>
    <UnitTest name="RoundTripWithModelInterface(&quot;W&quot;)" storage="/home/runner/work/typespec/typespec/packages/http-client-csharp/generator/artifacts/bin/microsoft.typespec.generator.clientmodel.tests/debug/net8.0/microsoft.typespec.generator.clientmodel.tests.dll" id="48705557-ba7e-35b4-12d1-0d3e35a38924">
      <Execution id="344b6c4c-0114-42dd-b4e9-50d38faab9e9" />
      <TestMethod codeBase="/home/runner/work/typespec/typespec/packages/http-client-csharp/generator/artifacts/bin/Microsoft.TypeSpec.Generator.ClientModel.Tests/Debug/net8.0/Microsoft.TypeSpec.Generator.ClientModel.Tests.dll" adapterTypeName="executor://nunit3testexecutor/" className="Microsoft.TypeSpec.Generator.ClientModel.Tests.ModelReaderWriterValidation.TestProjects.Sample_TypeSpec.ThingWithNullsTests" name="RoundTripWithModelInterface(&quot;W&quot;)" />
    </UnitTest>
    <UnitTest name="TestBuildAuthFields_WithSubClients_WithAuth(Microsoft.TypeSpec.Generator.Input.InputClient)" storage="/home/runner/work/typespec/typespec/packages/http-client-csharp/generator/artifacts/bin/microsoft.typespec.generator.clientmodel.tests/debug/net8.0/microsoft.typespec.generator.clientmodel.tests.dll" id="f74fbe00-0c7a-711f-33e0-1688ffdc8c23">
      <Execution id="2639848f-e749-408e-a211-884007f5c13f" />
      <TestMethod codeBase="/home/runner/work/typespec/typespec/packages/http-client-csharp/generator/artifacts/bin/Microsoft.TypeSpec.Generator.ClientModel.Tests/Debug/net8.0/Microsoft.TypeSpec.Generator.ClientModel.Tests.dll" adapterTypeName="executor://nunit3testexecutor/" className="Microsoft.TypeSpec.Generator.ClientModel.Tests.Providers.ClientProviders.ClientProviderTests" name="TestBuildAuthFields_WithSubClients_WithAuth(Microsoft.TypeSpec.Generator.Input.InputClient)" />
    </UnitTest>
    <UnitTest name="MultipartShouldUseContentTypeParamInCreateRequestMethod" storage="/home/runner/work/typespec/typespec/packages/http-client-csharp/generator/artifacts/bin/microsoft.typespec.generator.clientmodel.tests/debug/net8.0/microsoft.typespec.generator.clientmodel.tests.dll" id="e98019ee-ae98-4223-bcd3-ae6ff5dbf925">
      <Execution id="9d48bf76-d001-4a65-bc79-4e692cf5add4" />
      <TestMethod codeBase="/home/runner/work/typespec/typespec/packages/http-client-csharp/generator/artifacts/bin/Microsoft.TypeSpec.Generator.ClientModel.Tests/Debug/net8.0/Microsoft.TypeSpec.Generator.ClientModel.Tests.dll" adapterTypeName="executor://nunit3testexecutor/" className="Microsoft.TypeSpec.Generator.ClientModel.Tests.Providers.RestClientProviders.MultipartFormDataTests" name="MultipartShouldUseContentTypeParamInCreateRequestMethod" />
    </UnitTest>
    <UnitTest name="ValidateConvertToString(&quot;R&quot;,05/04/2020 03:02:01 +00:00,&quot;Mon, 04 May 2020 03:02:01 GMT&quot;)" storage="/home/runner/work/typespec/typespec/packages/http-client-csharp/generator/artifacts/bin/microsoft.typespec.generator.clientmodel.tests/debug/net8.0/microsoft.typespec.generator.clientmodel.tests.dll" id="12e154b4-112d-c5f4-0a6f-42e08eacf8bc">
      <Execution id="f475eafb-f3aa-49ad-ba7d-1e882ce28cf6" />
      <TestMethod codeBase="/home/runner/work/typespec/typespec/packages/http-client-csharp/generator/artifacts/bin/Microsoft.TypeSpec.Generator.ClientModel.Tests/Debug/net8.0/Microsoft.TypeSpec.Generator.ClientModel.Tests.dll" adapterTypeName="executor://nunit3testexecutor/" className="Microsoft.TypeSpec.Generator.ClientModel.Tests.Providers.TypeFormatterTests" name="ValidateConvertToString(&quot;R&quot;,05/04/2020 03:02:01 +00:00,&quot;Mon, 04 May 2020 03:02:01 GMT&quot;)" />
    </UnitTest>
    <UnitTest name="BinaryContentHelperMethodsUseCorrectReturnType" storage="/home/runner/work/typespec/typespec/packages/http-client-csharp/generator/artifacts/bin/microsoft.typespec.generator.clientmodel.tests/debug/net8.0/microsoft.typespec.generator.clientmodel.tests.dll" id="562cb9c9-66ef-e89a-acef-55d92b06fb0a">
      <Execution id="e2093da1-6997-44e6-ae3e-bfc4b2c33d23" />
      <TestMethod codeBase="/home/runner/work/typespec/typespec/packages/http-client-csharp/generator/artifacts/bin/Microsoft.TypeSpec.Generator.ClientModel.Tests/Debug/net8.0/Microsoft.TypeSpec.Generator.ClientModel.Tests.dll" adapterTypeName="executor://nunit3testexecutor/" className="Microsoft.TypeSpec.Generator.ClientModel.Tests.Providers.Abstractions.RequestContentApiTests" name="BinaryContentHelperMethodsUseCorrectReturnType" />
    </UnitTest>
    <UnitTest name="TestConstructors(False)" storage="/home/runner/work/typespec/typespec/packages/http-client-csharp/generator/artifacts/bin/microsoft.typespec.generator.clientmodel.tests/debug/net8.0/microsoft.typespec.generator.clientmodel.tests.dll" id="799d4d94-b35a-dbf7-0a8c-2634f7daa23e">
      <Execution id="197e5904-35ea-4be9-a9a0-1c34d6842274" />
      <TestMethod codeBase="/home/runner/work/typespec/typespec/packages/http-client-csharp/generator/artifacts/bin/Microsoft.TypeSpec.Generator.ClientModel.Tests/Debug/net8.0/Microsoft.TypeSpec.Generator.ClientModel.Tests.dll" adapterTypeName="executor://nunit3testexecutor/" className="Microsoft.TypeSpec.Generator.ClientModel.Tests.Providers.ClientOptionsProviderTests" name="TestConstructors(False)" />
    </UnitTest>
    <UnitTest name="CanChangeClientAccessibility" storage="/home/runner/work/typespec/typespec/packages/http-client-csharp/generator/artifacts/bin/microsoft.typespec.generator.clientmodel.tests/debug/net8.0/microsoft.typespec.generator.clientmodel.tests.dll" id="1444e3ea-46f2-f61a-02a4-72867732fe00">
      <Execution id="09640865-95a6-46c6-a63d-c27e9c666ad9" />
      <TestMethod codeBase="/home/runner/work/typespec/typespec/packages/http-client-csharp/generator/artifacts/bin/Microsoft.TypeSpec.Generator.ClientModel.Tests/Debug/net8.0/Microsoft.TypeSpec.Generator.ClientModel.Tests.dll" adapterTypeName="executor://nunit3testexecutor/" className="Microsoft.TypeSpec.Generator.ClientModel.Tests.Providers.ClientProviders.ClientProviderCustomizationTests" name="CanChangeClientAccessibility" />
    </UnitTest>
    <UnitTest name="AppendQuery_Long(&quot;http://localhost&quot;,-299792458000000L,False,&quot;http://localhost/?query=-299792458000000&quot;)" storage="/home/runner/work/typespec/typespec/packages/http-client-csharp/generator/artifacts/bin/microsoft.typespec.generator.clientmodel.tests/debug/net8.0/microsoft.typespec.generator.clientmodel.tests.dll" id="de16f766-4813-7ad7-f97f-f45939abd6f4">
      <Execution id="649370ca-8484-4c58-a2dc-a556d4af6266" />
      <TestMethod codeBase="/home/runner/work/typespec/typespec/packages/http-client-csharp/generator/artifacts/bin/Microsoft.TypeSpec.Generator.ClientModel.Tests/Debug/net8.0/Microsoft.TypeSpec.Generator.ClientModel.Tests.dll" adapterTypeName="executor://nunit3testexecutor/" className="Microsoft.TypeSpec.Generator.ClientModel.Tests.Providers.ClientUriBuilderTests" name="AppendQuery_Long(&quot;http://localhost&quot;,-299792458000000L,False,&quot;http://localhost/?query=-299792458000000&quot;)" />
    </UnitTest>
    <UnitTest name="RoundTripWithJsonInterfaceNonGeneric(&quot;W&quot;)" storage="/home/runner/work/typespec/typespec/packages/http-client-csharp/generator/artifacts/bin/microsoft.typespec.generator.clientmodel.tests/debug/net8.0/microsoft.typespec.generator.clientmodel.tests.dll" id="e4026a29-914d-441e-2c1a-b6749c436c60">
      <Execution id="8cd9666c-1374-496c-9033-f29dbfbe3223" />
      <TestMethod codeBase="/home/runner/work/typespec/typespec/packages/http-client-csharp/generator/artifacts/bin/Microsoft.TypeSpec.Generator.ClientModel.Tests/Debug/net8.0/Microsoft.TypeSpec.Generator.ClientModel.Tests.dll" adapterTypeName="executor://nunit3testexecutor/" className="Microsoft.TypeSpec.Generator.ClientModel.Tests.ModelReaderWriterValidation.TestProjects.Sample_TypeSpec.ThingWithNullsTests" name="RoundTripWithJsonInterfaceNonGeneric(&quot;W&quot;)" />
    </UnitTest>
    <UnitTest name="TestIntDeserializeExpression(System.SByte,Default)" storage="/home/runner/work/typespec/typespec/packages/http-client-csharp/generator/artifacts/bin/microsoft.typespec.generator.clientmodel.tests/debug/net8.0/microsoft.typespec.generator.clientmodel.tests.dll" id="5a28539e-fb57-42a1-3352-aa901506c7b3">
      <Execution id="c06f9e99-8567-4e2d-9fc1-904f39ae50d5" />
      <TestMethod codeBase="/home/runner/work/typespec/typespec/packages/http-client-csharp/generator/artifacts/bin/Microsoft.TypeSpec.Generator.ClientModel.Tests/Debug/net8.0/Microsoft.TypeSpec.Generator.ClientModel.Tests.dll" adapterTypeName="executor://nunit3testexecutor/" className="Microsoft.TypeSpec.Generator.ClientModel.Tests.Providers.MrwSerializationTypeDefinitions.MrwSerializationTypeDefinitionTests" name="TestIntDeserializeExpression(System.SByte,Default)" />
    </UnitTest>
    <UnitTest name="TestBuildCreateRequestMethodWithQueryParameters" storage="/home/runner/work/typespec/typespec/packages/http-client-csharp/generator/artifacts/bin/microsoft.typespec.generator.clientmodel.tests/debug/net8.0/microsoft.typespec.generator.clientmodel.tests.dll" id="5d77efff-b8ec-351b-6e6d-fd1ec6702b9a">
      <Execution id="05b1004f-c64f-4e4f-8672-4cdc609f1178" />
      <TestMethod codeBase="/home/runner/work/typespec/typespec/packages/http-client-csharp/generator/artifacts/bin/Microsoft.TypeSpec.Generator.ClientModel.Tests/Debug/net8.0/Microsoft.TypeSpec.Generator.ClientModel.Tests.dll" adapterTypeName="executor://nunit3testexecutor/" className="Microsoft.TypeSpec.Generator.ClientModel.Tests.Providers.RestClientProviders.RestClientProviderTests" name="TestBuildCreateRequestMethodWithQueryParameters" />
    </UnitTest>
    <UnitTest name="RoundTripWithModelInterface(&quot;W&quot;)" storage="/home/runner/work/typespec/typespec/packages/http-client-csharp/generator/artifacts/bin/microsoft.typespec.generator.clientmodel.tests/debug/net8.0/microsoft.typespec.generator.clientmodel.tests.dll" id="6d6f828d-b4a8-fddd-d901-abc5c021fa4d">
      <Execution id="2ef12636-413a-43a1-91af-c2a712e47fb7" />
      <TestMethod codeBase="/home/runner/work/typespec/typespec/packages/http-client-csharp/generator/artifacts/bin/Microsoft.TypeSpec.Generator.ClientModel.Tests/Debug/net8.0/Microsoft.TypeSpec.Generator.ClientModel.Tests.dll" adapterTypeName="executor://nunit3testexecutor/" className="Microsoft.TypeSpec.Generator.ClientModel.Tests.ModelReaderWriterValidation.TestProjects.Sample_TypeSpec.RoundTripModelTests" name="RoundTripWithModelInterface(&quot;W&quot;)" />
    </UnitTest>
    <UnitTest name="ValidateConvertToString(&quot;U&quot;,05/04/2020 03:02:01 +00:00,&quot;1588561321&quot;)" storage="/home/runner/work/typespec/typespec/packages/http-client-csharp/generator/artifacts/bin/microsoft.typespec.generator.clientmodel.tests/debug/net8.0/microsoft.typespec.generator.clientmodel.tests.dll" id="6413317d-8023-7834-0423-a72d4532e473">
      <Execution id="4db1f01b-128d-4557-bd4e-d578306f1753" />
      <TestMethod codeBase="/home/runner/work/typespec/typespec/packages/http-client-csharp/generator/artifacts/bin/Microsoft.TypeSpec.Generator.ClientModel.Tests/Debug/net8.0/Microsoft.TypeSpec.Generator.ClientModel.Tests.dll" adapterTypeName="executor://nunit3testexecutor/" className="Microsoft.TypeSpec.Generator.ClientModel.Tests.Providers.TypeFormatterTests" name="ValidateConvertToString(&quot;U&quot;,05/04/2020 03:02:01 +00:00,&quot;1588561321&quot;)" />
    </UnitTest>
    <UnitTest name="AppendQuery_ByteArray(&quot;http://localhost&quot;,[104, 101, 108, 108, 111],&quot;D&quot;,False,&quot;http://localhost/?query=aGVsbG8=&quot;)" storage="/home/runner/work/typespec/typespec/packages/http-client-csharp/generator/artifacts/bin/microsoft.typespec.generator.clientmodel.tests/debug/net8.0/microsoft.typespec.generator.clientmodel.tests.dll" id="aa0012e4-46c1-7e97-6638-62c0f32453e9">
      <Execution id="2aa0f014-2362-473c-9cf2-d89e68daccc4" />
      <TestMethod codeBase="/home/runner/work/typespec/typespec/packages/http-client-csharp/generator/artifacts/bin/Microsoft.TypeSpec.Generator.ClientModel.Tests/Debug/net8.0/Microsoft.TypeSpec.Generator.ClientModel.Tests.dll" adapterTypeName="executor://nunit3testexecutor/" className="Microsoft.TypeSpec.Generator.ClientModel.Tests.Providers.ClientUriBuilderTests" name="AppendQuery_ByteArray(&quot;http://localhost&quot;,[104, 101, 108, 108, 111],&quot;D&quot;,False,&quot;http://localhost/?query=aGVsbG8=&quot;)" />
    </UnitTest>
    <UnitTest name="ContinuationTokenInBodyAsync" storage="/home/runner/work/typespec/typespec/packages/http-client-csharp/generator/artifacts/bin/microsoft.typespec.generator.clientmodel.tests/debug/net8.0/microsoft.typespec.generator.clientmodel.tests.dll" id="c3dcfb2e-c252-7a4f-72bf-fca051c3ff2f">
      <Execution id="6d2122c4-d33c-4179-abe5-2f6aa272aa12" />
      <TestMethod codeBase="/home/runner/work/typespec/typespec/packages/http-client-csharp/generator/artifacts/bin/Microsoft.TypeSpec.Generator.ClientModel.Tests/Debug/net8.0/Microsoft.TypeSpec.Generator.ClientModel.Tests.dll" adapterTypeName="executor://nunit3testexecutor/" className="Microsoft.TypeSpec.Generator.ClientModel.Tests.Providers.CollectionResultDefinitions.ContinuationTokenTests" name="ContinuationTokenInBodyAsync" />
    </UnitTest>
    <UnitTest name="MultipleAdditionalProperties" storage="/home/runner/work/typespec/typespec/packages/http-client-csharp/generator/artifacts/bin/microsoft.typespec.generator.clientmodel.tests/debug/net8.0/microsoft.typespec.generator.clientmodel.tests.dll" id="28d94481-f77f-3356-3c92-37dcd5bc0f90">
      <Execution id="d5ce143a-83a1-4ab7-87d7-ba86549b355f" />
      <TestMethod codeBase="/home/runner/work/typespec/typespec/packages/http-client-csharp/generator/artifacts/bin/Microsoft.TypeSpec.Generator.ClientModel.Tests/Debug/net8.0/Microsoft.TypeSpec.Generator.ClientModel.Tests.dll" adapterTypeName="executor://nunit3testexecutor/" className="Microsoft.TypeSpec.Generator.ClientModel.Tests.Providers.MrwSerializationTypeDefinitions.JsonModelCoreTests" name="MultipleAdditionalProperties" />
    </UnitTest>
    <UnitTest name="BinaryContentSnippet_InvokeStatic(False)" storage="/home/runner/work/typespec/typespec/packages/http-client-csharp/generator/artifacts/bin/microsoft.typespec.generator.clientmodel.tests/debug/net8.0/microsoft.typespec.generator.clientmodel.tests.dll" id="db6e13b3-cc8e-0a45-bc7c-133f013949b4">
      <Execution id="a2cdef9f-2b4d-4454-9478-61388a9de0db" />
      <TestMethod codeBase="/home/runner/work/typespec/typespec/packages/http-client-csharp/generator/artifacts/bin/Microsoft.TypeSpec.Generator.ClientModel.Tests/Debug/net8.0/Microsoft.TypeSpec.Generator.ClientModel.Tests.dll" adapterTypeName="executor://nunit3testexecutor/" className="Microsoft.TypeSpec.Generator.ClientModel.Tests.TypedSnippetsTests" name="BinaryContentSnippet_InvokeStatic(False)" />
    </UnitTest>
    <UnitTest name="RoundTripWithJsonInterfaceNonGeneric(&quot;J&quot;)" storage="/home/runner/work/typespec/typespec/packages/http-client-csharp/generator/artifacts/bin/microsoft.typespec.generator.clientmodel.tests/debug/net8.0/microsoft.typespec.generator.clientmodel.tests.dll" id="96eae579-6c9b-21e2-6c60-e5406f00434d">
      <Execution id="8208cfac-33c5-4bb8-9c5c-204c08a1a125" />
      <TestMethod codeBase="/home/runner/work/typespec/typespec/packages/http-client-csharp/generator/artifacts/bin/Microsoft.TypeSpec.Generator.ClientModel.Tests/Debug/net8.0/Microsoft.TypeSpec.Generator.ClientModel.Tests.dll" adapterTypeName="executor://nunit3testexecutor/" className="Microsoft.TypeSpec.Generator.ClientModel.Tests.ModelReaderWriterValidation.TestProjects.Sample_TypeSpec.RenamedModelTests" name="RoundTripWithJsonInterfaceNonGeneric(&quot;J&quot;)" />
    </UnitTest>
    <UnitTest name="AppendPath_TimeSpan(&quot;http://localhost&quot;,&quot;02:15:00&quot;,&quot;&quot;,True,&quot;http://localhost/02%3A15%3A00&quot;)" storage="/home/runner/work/typespec/typespec/packages/http-client-csharp/generator/artifacts/bin/microsoft.typespec.generator.clientmodel.tests/debug/net8.0/microsoft.typespec.generator.clientmodel.tests.dll" id="f5c24419-7fc0-3865-4c1e-06a9bd125abe">
      <Execution id="b97b67e0-9a4d-4ab2-824d-52559799fdcf" />
      <TestMethod codeBase="/home/runner/work/typespec/typespec/packages/http-client-csharp/generator/artifacts/bin/Microsoft.TypeSpec.Generator.ClientModel.Tests/Debug/net8.0/Microsoft.TypeSpec.Generator.ClientModel.Tests.dll" adapterTypeName="executor://nunit3testexecutor/" className="Microsoft.TypeSpec.Generator.ClientModel.Tests.Providers.ClientUriBuilderTests" name="AppendPath_TimeSpan(&quot;http://localhost&quot;,&quot;02:15:00&quot;,&quot;&quot;,True,&quot;http://localhost/02%3A15%3A00&quot;)" />
    </UnitTest>
    <UnitTest name="RoundTripWithJsonInterfaceOfT(&quot;J&quot;)" storage="/home/runner/work/typespec/typespec/packages/http-client-csharp/generator/artifacts/bin/microsoft.typespec.generator.clientmodel.tests/debug/net8.0/microsoft.typespec.generator.clientmodel.tests.dll" id="504d157b-de35-9b35-c183-0b5933d7e04d">
      <Execution id="fc1a6d2f-ab45-4679-92f7-2efde91d95c5" />
      <TestMethod codeBase="/home/runner/work/typespec/typespec/packages/http-client-csharp/generator/artifacts/bin/Microsoft.TypeSpec.Generator.ClientModel.Tests/Debug/net8.0/Microsoft.TypeSpec.Generator.ClientModel.Tests.dll" adapterTypeName="executor://nunit3testexecutor/" className="Microsoft.TypeSpec.Generator.ClientModel.Tests.ModelReaderWriterValidation.TestProjects.Sample_TypeSpec.ThingWithNullsTests" name="RoundTripWithJsonInterfaceOfT(&quot;J&quot;)" />
    </UnitTest>
    <UnitTest name="TestBuildConstructors_ForSubClient_KeyAuthOrOAuth2Auth()" storage="/home/runner/work/typespec/typespec/packages/http-client-csharp/generator/artifacts/bin/microsoft.typespec.generator.clientmodel.tests/debug/net8.0/microsoft.typespec.generator.clientmodel.tests.dll" id="6f6088c3-76ba-6609-04be-35e965dd0076">
      <Execution id="7956698d-dd55-458c-9738-07f63bf548a8" />
      <TestMethod codeBase="/home/runner/work/typespec/typespec/packages/http-client-csharp/generator/artifacts/bin/Microsoft.TypeSpec.Generator.ClientModel.Tests/Debug/net8.0/Microsoft.TypeSpec.Generator.ClientModel.Tests.dll" adapterTypeName="executor://nunit3testexecutor/" className="Microsoft.TypeSpec.Generator.ClientModel.Tests.Providers.ClientProviders.ClientProviderTests" name="TestBuildConstructors_ForSubClient_KeyAuthOrOAuth2Auth()" />
    </UnitTest>
    <UnitTest name="UnknownVariantJsonCreateCoreShouldReturnDeserializeBase" storage="/home/runner/work/typespec/typespec/packages/http-client-csharp/generator/artifacts/bin/microsoft.typespec.generator.clientmodel.tests/debug/net8.0/microsoft.typespec.generator.clientmodel.tests.dll" id="773aea60-d004-01e3-c832-8f30ac2c1bda">
      <Execution id="5c1b4348-f69c-4aea-85b4-8626fda13c56" />
      <TestMethod codeBase="/home/runner/work/typespec/typespec/packages/http-client-csharp/generator/artifacts/bin/Microsoft.TypeSpec.Generator.ClientModel.Tests/Debug/net8.0/Microsoft.TypeSpec.Generator.ClientModel.Tests.dll" adapterTypeName="executor://nunit3testexecutor/" className="Microsoft.TypeSpec.Generator.ClientModel.Tests.Providers.MrwSerializationTypeDefinitions.DiscriminatorTests" name="UnknownVariantJsonCreateCoreShouldReturnDeserializeBase" />
    </UnitTest>
    <UnitTest name="ValidateIsLastNamespaceSegmentTheSame(&quot;Foo&quot;,&quot;Bar&quot;)" storage="/home/runner/work/typespec/typespec/packages/http-client-csharp/generator/artifacts/bin/microsoft.typespec.generator.clientmodel.tests/debug/net8.0/microsoft.typespec.generator.clientmodel.tests.dll" id="1cc92af9-eee7-7653-0e1e-565dd50e3732">
      <Execution id="2cd74e28-ffeb-42e4-8ce9-5790b5e06877" />
      <TestMethod codeBase="/home/runner/work/typespec/typespec/packages/http-client-csharp/generator/artifacts/bin/Microsoft.TypeSpec.Generator.ClientModel.Tests/Debug/net8.0/Microsoft.TypeSpec.Generator.ClientModel.Tests.dll" adapterTypeName="executor://nunit3testexecutor/" className="Microsoft.TypeSpec.Generator.ClientModel.Tests.Providers.ClientProviders.ClientProviderTests" name="ValidateIsLastNamespaceSegmentTheSame(&quot;Foo&quot;,&quot;Bar&quot;)" />
    </UnitTest>
    <UnitTest name="TestRequestOptionsParameterInSignature(Microsoft.TypeSpec.Generator.Input.InputBasicServiceMethod,True,False)" storage="/home/runner/work/typespec/typespec/packages/http-client-csharp/generator/artifacts/bin/microsoft.typespec.generator.clientmodel.tests/debug/net8.0/microsoft.typespec.generator.clientmodel.tests.dll" id="7fc2c76c-1924-e821-1092-1c6d9443a05b">
      <Execution id="4ec8b744-319c-4ed6-b265-faf4cb9b311e" />
      <TestMethod codeBase="/home/runner/work/typespec/typespec/packages/http-client-csharp/generator/artifacts/bin/Microsoft.TypeSpec.Generator.ClientModel.Tests/Debug/net8.0/Microsoft.TypeSpec.Generator.ClientModel.Tests.dll" adapterTypeName="executor://nunit3testexecutor/" className="Microsoft.TypeSpec.Generator.ClientModel.Tests.Providers.ClientProviders.ClientProviderTests" name="TestRequestOptionsParameterInSignature(Microsoft.TypeSpec.Generator.Input.InputBasicServiceMethod,True,False)" />
    </UnitTest>
    <UnitTest name="ResetThenAppendPath(&quot;http://localhost/with/&quot;,null,&quot;http://localhost/with/&quot;)" storage="/home/runner/work/typespec/typespec/packages/http-client-csharp/generator/artifacts/bin/microsoft.typespec.generator.clientmodel.tests/debug/net8.0/microsoft.typespec.generator.clientmodel.tests.dll" id="03d15dd7-ff5a-698e-d060-a294e5166274">
      <Execution id="eeec9ec3-f17d-445e-9f65-369bb6e0d560" />
      <TestMethod codeBase="/home/runner/work/typespec/typespec/packages/http-client-csharp/generator/artifacts/bin/Microsoft.TypeSpec.Generator.ClientModel.Tests/Debug/net8.0/Microsoft.TypeSpec.Generator.ClientModel.Tests.dll" adapterTypeName="executor://nunit3testexecutor/" className="Microsoft.TypeSpec.Generator.ClientModel.Tests.Providers.ClientUriBuilderTests" name="ResetThenAppendPath(&quot;http://localhost/with/&quot;,null,&quot;http://localhost/with/&quot;)" />
    </UnitTest>
    <UnitTest name="AppendPath_Guid(&quot;http://localhost&quot;,&quot;3f2504e0-4f89-11d3-9a0c-0305e82c3301&quot;,False,&quot;http://localhost/3f2504e0-4f89-11d3-9a0c-0305e82c3301&quot;)" storage="/home/runner/work/typespec/typespec/packages/http-client-csharp/generator/artifacts/bin/microsoft.typespec.generator.clientmodel.tests/debug/net8.0/microsoft.typespec.generator.clientmodel.tests.dll" id="f3de996c-5045-b55d-0a8c-671e3ba55d27">
      <Execution id="63505897-c05f-4062-9ad9-2c8cbf784c06" />
      <TestMethod codeBase="/home/runner/work/typespec/typespec/packages/http-client-csharp/generator/artifacts/bin/Microsoft.TypeSpec.Generator.ClientModel.Tests/Debug/net8.0/Microsoft.TypeSpec.Generator.ClientModel.Tests.dll" adapterTypeName="executor://nunit3testexecutor/" className="Microsoft.TypeSpec.Generator.ClientModel.Tests.Providers.ClientUriBuilderTests" name="AppendPath_Guid(&quot;http://localhost&quot;,&quot;3f2504e0-4f89-11d3-9a0c-0305e82c3301&quot;,False,&quot;http://localhost/3f2504e0-4f89-11d3-9a0c-0305e82c3301&quot;)" />
    </UnitTest>
    <UnitTest name="ClientProviderSummaryIsPopulated()" storage="/home/runner/work/typespec/typespec/packages/http-client-csharp/generator/artifacts/bin/microsoft.typespec.generator.clientmodel.tests/debug/net8.0/microsoft.typespec.generator.clientmodel.tests.dll" id="ddf1e243-012a-ed03-8059-39559923d5c3">
      <Execution id="5234e438-1cee-4dbf-a8de-8e670138a0b9" />
      <TestMethod codeBase="/home/runner/work/typespec/typespec/packages/http-client-csharp/generator/artifacts/bin/Microsoft.TypeSpec.Generator.ClientModel.Tests/Debug/net8.0/Microsoft.TypeSpec.Generator.ClientModel.Tests.dll" adapterTypeName="executor://nunit3testexecutor/" className="Microsoft.TypeSpec.Generator.ClientModel.Tests.Providers.ClientProviders.ClientProviderTests" name="ClientProviderSummaryIsPopulated()" />
    </UnitTest>
    <UnitTest name="ValidateConvertToString(null,null,&quot;null&quot;)" storage="/home/runner/work/typespec/typespec/packages/http-client-csharp/generator/artifacts/bin/microsoft.typespec.generator.clientmodel.tests/debug/net8.0/microsoft.typespec.generator.clientmodel.tests.dll" id="3aa3ced1-3219-ac82-73ec-234ca8bbdfb6">
      <Execution id="27469e10-0a55-4566-a27e-c3e1ce1ad77b" />
      <TestMethod codeBase="/home/runner/work/typespec/typespec/packages/http-client-csharp/generator/artifacts/bin/Microsoft.TypeSpec.Generator.ClientModel.Tests/Debug/net8.0/Microsoft.TypeSpec.Generator.ClientModel.Tests.dll" adapterTypeName="executor://nunit3testexecutor/" className="Microsoft.TypeSpec.Generator.ClientModel.Tests.Providers.TypeFormatterTests" name="ValidateConvertToString(null,null,&quot;null&quot;)" />
    </UnitTest>
    <UnitTest name="ValidateToEnumMethodsFixed(Microsoft.TypeSpec.Generator.Input.InputEnumType)" storage="/home/runner/work/typespec/typespec/packages/http-client-csharp/generator/artifacts/bin/microsoft.typespec.generator.clientmodel.tests/debug/net8.0/microsoft.typespec.generator.clientmodel.tests.dll" id="92bc38d8-1a86-f92f-8d1f-451565894cae">
      <Execution id="f5e14444-ef72-409f-b1d0-85e86eeb2fee" />
      <TestMethod codeBase="/home/runner/work/typespec/typespec/packages/http-client-csharp/generator/artifacts/bin/Microsoft.TypeSpec.Generator.ClientModel.Tests/Debug/net8.0/Microsoft.TypeSpec.Generator.ClientModel.Tests.dll" adapterTypeName="executor://nunit3testexecutor/" className="Microsoft.TypeSpec.Generator.ClientModel.Tests.Providers.EnumProvider.EnumProviderSerializationTests" name="ValidateToEnumMethodsFixed(Microsoft.TypeSpec.Generator.Input.InputEnumType)" />
    </UnitTest>
    <UnitTest name="ResetThenAppendQuery(&quot;http://localhost:12345/&quot;,&quot;one|1&quot;,&quot;http://localhost:12345/?one=1&quot;)" storage="/home/runner/work/typespec/typespec/packages/http-client-csharp/generator/artifacts/bin/microsoft.typespec.generator.clientmodel.tests/debug/net8.0/microsoft.typespec.generator.clientmodel.tests.dll" id="7bcb0848-d16e-3c13-2eb4-0d2bdba39c0b">
      <Execution id="7b93ed9c-40f1-40a0-86be-5f5ed3afb566" />
      <TestMethod codeBase="/home/runner/work/typespec/typespec/packages/http-client-csharp/generator/artifacts/bin/Microsoft.TypeSpec.Generator.ClientModel.Tests/Debug/net8.0/Microsoft.TypeSpec.Generator.ClientModel.Tests.dll" adapterTypeName="executor://nunit3testexecutor/" className="Microsoft.TypeSpec.Generator.ClientModel.Tests.Providers.ClientUriBuilderTests" name="ResetThenAppendQuery(&quot;http://localhost:12345/&quot;,&quot;one|1&quot;,&quot;http://localhost:12345/?one=1&quot;)" />
    </UnitTest>
    <UnitTest name="SerializedNameIsUsed(True)" storage="/home/runner/work/typespec/typespec/packages/http-client-csharp/generator/artifacts/bin/microsoft.typespec.generator.clientmodel.tests/debug/net8.0/microsoft.typespec.generator.clientmodel.tests.dll" id="2b95d2ae-b0e6-b9ff-1945-fd02bf0a08c5">
      <Execution id="659fa0a2-1b13-443d-809a-15290db3565c" />
      <TestMethod codeBase="/home/runner/work/typespec/typespec/packages/http-client-csharp/generator/artifacts/bin/Microsoft.TypeSpec.Generator.ClientModel.Tests/Debug/net8.0/Microsoft.TypeSpec.Generator.ClientModel.Tests.dll" adapterTypeName="executor://nunit3testexecutor/" className="Microsoft.TypeSpec.Generator.ClientModel.Tests.Providers.MrwSerializationTypeDefinitions.MrwSerializationTypeDefinitionTests" name="SerializedNameIsUsed(True)" />
    </UnitTest>
    <UnitTest name="AppendPath_Long(&quot;http://localhost&quot;,-299792458000000L,False,&quot;http://localhost/-299792458000000&quot;)" storage="/home/runner/work/typespec/typespec/packages/http-client-csharp/generator/artifacts/bin/microsoft.typespec.generator.clientmodel.tests/debug/net8.0/microsoft.typespec.generator.clientmodel.tests.dll" id="403cd832-7651-28cf-0576-a1670586cdfe">
      <Execution id="cc05b73c-8cde-4712-8968-a65617faa0c3" />
      <TestMethod codeBase="/home/runner/work/typespec/typespec/packages/http-client-csharp/generator/artifacts/bin/Microsoft.TypeSpec.Generator.ClientModel.Tests/Debug/net8.0/Microsoft.TypeSpec.Generator.ClientModel.Tests.dll" adapterTypeName="executor://nunit3testexecutor/" className="Microsoft.TypeSpec.Generator.ClientModel.Tests.Providers.ClientUriBuilderTests" name="AppendPath_Long(&quot;http://localhost&quot;,-299792458000000L,False,&quot;http://localhost/-299792458000000&quot;)" />
    </UnitTest>
    <UnitTest name="FormatsDatesAsJson(&quot;O&quot;,05/04/2020 03:02:01 +01:00,&quot;2020-05-04T02:02:01.1230000Z&quot;)" storage="/home/runner/work/typespec/typespec/packages/http-client-csharp/generator/artifacts/bin/microsoft.typespec.generator.clientmodel.tests/debug/net8.0/microsoft.typespec.generator.clientmodel.tests.dll" id="16ec844b-df5c-e2b9-8133-59889de5527e">
      <Execution id="7666d9e8-43b1-4696-b2cd-d346393ac81b" />
      <TestMethod codeBase="/home/runner/work/typespec/typespec/packages/http-client-csharp/generator/artifacts/bin/Microsoft.TypeSpec.Generator.ClientModel.Tests/Debug/net8.0/Microsoft.TypeSpec.Generator.ClientModel.Tests.dll" adapterTypeName="executor://nunit3testexecutor/" className="Microsoft.TypeSpec.Generator.ClientModel.Tests.Providers.TypeFormatterTests" name="FormatsDatesAsJson(&quot;O&quot;,05/04/2020 03:02:01 +01:00,&quot;2020-05-04T02:02:01.1230000Z&quot;)" />
    </UnitTest>
    <UnitTest name="RoundTripWithModelInterface(&quot;J&quot;)" storage="/home/runner/work/typespec/typespec/packages/http-client-csharp/generator/artifacts/bin/microsoft.typespec.generator.clientmodel.tests/debug/net8.0/microsoft.typespec.generator.clientmodel.tests.dll" id="9a526fb5-6d12-25be-93bf-dc2ad9ad84ce">
      <Execution id="ce608148-4eaf-4630-9ab4-ca050b553a59" />
      <TestMethod codeBase="/home/runner/work/typespec/typespec/packages/http-client-csharp/generator/artifacts/bin/Microsoft.TypeSpec.Generator.ClientModel.Tests/Debug/net8.0/Microsoft.TypeSpec.Generator.ClientModel.Tests.dll" adapterTypeName="executor://nunit3testexecutor/" className="Microsoft.TypeSpec.Generator.ClientModel.Tests.ModelReaderWriterValidation.TestProjects.Sample_TypeSpec.ThingTests" name="RoundTripWithModelInterface(&quot;J&quot;)" />
    </UnitTest>
    <UnitTest name="RoundTripWithModelReaderWriter(&quot;J&quot;)" storage="/home/runner/work/typespec/typespec/packages/http-client-csharp/generator/artifacts/bin/microsoft.typespec.generator.clientmodel.tests/debug/net8.0/microsoft.typespec.generator.clientmodel.tests.dll" id="773b3700-4327-8dc5-55b6-617ccbe6ad79">
      <Execution id="d7ec9d23-f754-41ba-b971-5f09f8f7e2ca" />
      <TestMethod codeBase="/home/runner/work/typespec/typespec/packages/http-client-csharp/generator/artifacts/bin/Microsoft.TypeSpec.Generator.ClientModel.Tests/Debug/net8.0/Microsoft.TypeSpec.Generator.ClientModel.Tests.dll" adapterTypeName="executor://nunit3testexecutor/" className="Microsoft.TypeSpec.Generator.ClientModel.Tests.ModelReaderWriterValidation.TestProjects.Sample_TypeSpec.RenamedModelTests" name="RoundTripWithModelReaderWriter(&quot;J&quot;)" />
    </UnitTest>
    <UnitTest name="RequestBodyConstructedUsingReadOnlyMemoryBinaryContentHelpers" storage="/home/runner/work/typespec/typespec/packages/http-client-csharp/generator/artifacts/bin/microsoft.typespec.generator.clientmodel.tests/debug/net8.0/microsoft.typespec.generator.clientmodel.tests.dll" id="f0201c7a-8e53-0c7d-ef99-05c2124efd39">
      <Execution id="a7b6e836-4111-459e-983f-65405f171eaf" />
      <TestMethod codeBase="/home/runner/work/typespec/typespec/packages/http-client-csharp/generator/artifacts/bin/Microsoft.TypeSpec.Generator.ClientModel.Tests/Debug/net8.0/Microsoft.TypeSpec.Generator.ClientModel.Tests.dll" adapterTypeName="executor://nunit3testexecutor/" className="Microsoft.TypeSpec.Generator.ClientModel.Tests.Providers.ScmMethodProviderCollectionTests" name="RequestBodyConstructedUsingReadOnlyMemoryBinaryContentHelpers" />
    </UnitTest>
    <UnitTest name="SubClientWithSingleSubClient" storage="/home/runner/work/typespec/typespec/packages/http-client-csharp/generator/artifacts/bin/microsoft.typespec.generator.clientmodel.tests/debug/net8.0/microsoft.typespec.generator.clientmodel.tests.dll" id="c94dec01-8725-8384-e760-0a6da8ccc2b9">
      <Execution id="74471dad-46e1-4d99-9c24-d2289500e949" />
      <TestMethod codeBase="/home/runner/work/typespec/typespec/packages/http-client-csharp/generator/artifacts/bin/Microsoft.TypeSpec.Generator.ClientModel.Tests/Debug/net8.0/Microsoft.TypeSpec.Generator.ClientModel.Tests.dll" adapterTypeName="executor://nunit3testexecutor/" className="Microsoft.TypeSpec.Generator.ClientModel.Tests.Providers.ClientProviders.ClientProviderSubClientTests" name="SubClientWithSingleSubClient" />
    </UnitTest>
    <UnitTest name="AppendPath_Float(&quot;http://localhost&quot;,-3.14f,False,&quot;http://localhost/-3.14&quot;)" storage="/home/runner/work/typespec/typespec/packages/http-client-csharp/generator/artifacts/bin/microsoft.typespec.generator.clientmodel.tests/debug/net8.0/microsoft.typespec.generator.clientmodel.tests.dll" id="21ccde52-84ff-b13b-7878-c18063ef33a0">
      <Execution id="f507d057-c632-4c7b-9659-7efa1242dd17" />
      <TestMethod codeBase="/home/runner/work/typespec/typespec/packages/http-client-csharp/generator/artifacts/bin/Microsoft.TypeSpec.Generator.ClientModel.Tests/Debug/net8.0/Microsoft.TypeSpec.Generator.ClientModel.Tests.dll" adapterTypeName="executor://nunit3testexecutor/" className="Microsoft.TypeSpec.Generator.ClientModel.Tests.Providers.ClientUriBuilderTests" name="AppendPath_Float(&quot;http://localhost&quot;,-3.14f,False,&quot;http://localhost/-3.14&quot;)" />
    </UnitTest>
    <UnitTest name="AppendQuery_DateTimeOffset(&quot;http://localhost&quot;,&quot;6/30/1905 1:14:00 PM +00:00&quot;,&quot;D&quot;,False,&quot;http://localhost/?query=1905-06-30&quot;)" storage="/home/runner/work/typespec/typespec/packages/http-client-csharp/generator/artifacts/bin/microsoft.typespec.generator.clientmodel.tests/debug/net8.0/microsoft.typespec.generator.clientmodel.tests.dll" id="165bb218-c429-9fa2-af30-547e3f724514">
      <Execution id="cba59459-12c8-4c27-b0d4-67937e3b84c1" />
      <TestMethod codeBase="/home/runner/work/typespec/typespec/packages/http-client-csharp/generator/artifacts/bin/Microsoft.TypeSpec.Generator.ClientModel.Tests/Debug/net8.0/Microsoft.TypeSpec.Generator.ClientModel.Tests.dll" adapterTypeName="executor://nunit3testexecutor/" className="Microsoft.TypeSpec.Generator.ClientModel.Tests.Providers.ClientUriBuilderTests" name="AppendQuery_DateTimeOffset(&quot;http://localhost&quot;,&quot;6/30/1905 1:14:00 PM +00:00&quot;,&quot;D&quot;,False,&quot;http://localhost/?query=1905-06-30&quot;)" />
    </UnitTest>
    <UnitTest name="AppendPath_Guid(&quot;http://localhost&quot;,&quot;3f2504e0-4f89-11d3-9a0c-0305e82c3301&quot;,True,&quot;http://localhost/3f2504e0-4f89-11d3-9a0c-0305e82c3301&quot;)" storage="/home/runner/work/typespec/typespec/packages/http-client-csharp/generator/artifacts/bin/microsoft.typespec.generator.clientmodel.tests/debug/net8.0/microsoft.typespec.generator.clientmodel.tests.dll" id="6950c12a-530d-10c2-664d-7df9a43fce0c">
      <Execution id="baa64328-9488-48f3-a1a6-38f26e97b544" />
      <TestMethod codeBase="/home/runner/work/typespec/typespec/packages/http-client-csharp/generator/artifacts/bin/Microsoft.TypeSpec.Generator.ClientModel.Tests/Debug/net8.0/Microsoft.TypeSpec.Generator.ClientModel.Tests.dll" adapterTypeName="executor://nunit3testexecutor/" className="Microsoft.TypeSpec.Generator.ClientModel.Tests.Providers.ClientUriBuilderTests" name="AppendPath_Guid(&quot;http://localhost&quot;,&quot;3f2504e0-4f89-11d3-9a0c-0305e82c3301&quot;,True,&quot;http://localhost/3f2504e0-4f89-11d3-9a0c-0305e82c3301&quot;)" />
    </UnitTest>
    <UnitTest name="ValidateConvertToString(null,-299792458L,&quot;-299792458&quot;)" storage="/home/runner/work/typespec/typespec/packages/http-client-csharp/generator/artifacts/bin/microsoft.typespec.generator.clientmodel.tests/debug/net8.0/microsoft.typespec.generator.clientmodel.tests.dll" id="52b9b455-2407-4953-cf47-5a45fd633d82">
      <Execution id="2e9fe634-2259-4cc5-855a-4b64f19207fc" />
      <TestMethod codeBase="/home/runner/work/typespec/typespec/packages/http-client-csharp/generator/artifacts/bin/Microsoft.TypeSpec.Generator.ClientModel.Tests/Debug/net8.0/Microsoft.TypeSpec.Generator.ClientModel.Tests.dll" adapterTypeName="executor://nunit3testexecutor/" className="Microsoft.TypeSpec.Generator.ClientModel.Tests.Providers.TypeFormatterTests" name="ValidateConvertToString(null,-299792458L,&quot;-299792458&quot;)" />
    </UnitTest>
    <UnitTest name="TestBuildConstructors_ForSubClient_NoAuth()" storage="/home/runner/work/typespec/typespec/packages/http-client-csharp/generator/artifacts/bin/microsoft.typespec.generator.clientmodel.tests/debug/net8.0/microsoft.typespec.generator.clientmodel.tests.dll" id="e7431cde-8f7a-eed3-b10e-0a941618ee9b">
      <Execution id="b3fe5ce5-784e-44b4-990f-e2c031591e3d" />
      <TestMethod codeBase="/home/runner/work/typespec/typespec/packages/http-client-csharp/generator/artifacts/bin/Microsoft.TypeSpec.Generator.ClientModel.Tests/Debug/net8.0/Microsoft.TypeSpec.Generator.ClientModel.Tests.dll" adapterTypeName="executor://nunit3testexecutor/" className="Microsoft.TypeSpec.Generator.ClientModel.Tests.Providers.ClientProviders.ClientProviderTests" name="TestBuildConstructors_ForSubClient_NoAuth()" />
    </UnitTest>
    <UnitTest name="ValidateBodyOfRestClientOperationIsOverridden" storage="/home/runner/work/typespec/typespec/packages/http-client-csharp/generator/artifacts/bin/microsoft.typespec.generator.clientmodel.tests/debug/net8.0/microsoft.typespec.generator.clientmodel.tests.dll" id="85515794-859c-c57f-429d-018ca2aa9bac">
      <Execution id="40c8c2dd-fa6b-4ea5-9c4c-2812650ee1dc" />
      <TestMethod codeBase="/home/runner/work/typespec/typespec/packages/http-client-csharp/generator/artifacts/bin/Microsoft.TypeSpec.Generator.ClientModel.Tests/Debug/net8.0/Microsoft.TypeSpec.Generator.ClientModel.Tests.dll" adapterTypeName="executor://nunit3testexecutor/" className="Microsoft.TypeSpec.Generator.ClientModel.Tests.Providers.Abstractions.ClientPipelineApiTests" name="ValidateBodyOfRestClientOperationIsOverridden" />
    </UnitTest>
    <UnitTest name="TestNestedDiscriminatedModelWithOwnDiscriminator" storage="/home/runner/work/typespec/typespec/packages/http-client-csharp/generator/artifacts/bin/microsoft.typespec.generator.clientmodel.tests/debug/net8.0/microsoft.typespec.generator.clientmodel.tests.dll" id="8f7b5522-b0fe-db54-4f78-7c3f55c90f68">
      <Execution id="e33daeec-5bac-4f17-a10f-ee3b77019c95" />
      <TestMethod codeBase="/home/runner/work/typespec/typespec/packages/http-client-csharp/generator/artifacts/bin/Microsoft.TypeSpec.Generator.ClientModel.Tests/Debug/net8.0/Microsoft.TypeSpec.Generator.ClientModel.Tests.dll" adapterTypeName="executor://nunit3testexecutor/" className="Microsoft.TypeSpec.Generator.ClientModel.Tests.Providers.MrwSerializationTypeDefinitions.DiscriminatorTests" name="TestNestedDiscriminatedModelWithOwnDiscriminator" />
    </UnitTest>
    <UnitTest name="AppendQueryDelimited(&quot;http://localhost&quot;,[&quot;hello&quot;, &quot;world&quot;],&quot;;&quot;,False,&quot;http://localhost/?query=hello;world&quot;)" storage="/home/runner/work/typespec/typespec/packages/http-client-csharp/generator/artifacts/bin/microsoft.typespec.generator.clientmodel.tests/debug/net8.0/microsoft.typespec.generator.clientmodel.tests.dll" id="d2beff4b-5bed-7a1c-c8e7-4e5325b7c60a">
      <Execution id="29aedc4a-c681-4c32-b10a-856f17af582d" />
      <TestMethod codeBase="/home/runner/work/typespec/typespec/packages/http-client-csharp/generator/artifacts/bin/Microsoft.TypeSpec.Generator.ClientModel.Tests/Debug/net8.0/Microsoft.TypeSpec.Generator.ClientModel.Tests.dll" adapterTypeName="executor://nunit3testexecutor/" className="Microsoft.TypeSpec.Generator.ClientModel.Tests.Providers.ClientUriBuilderTests" name="AppendQueryDelimited(&quot;http://localhost&quot;,[&quot;hello&quot;, &quot;world&quot;],&quot;;&quot;,False,&quot;http://localhost/?query=hello;world&quot;)" />
    </UnitTest>
    <UnitTest name="TestBuildAuthFields_SubClients_WithAuth(Microsoft.TypeSpec.Generator.Input.InputClient)" storage="/home/runner/work/typespec/typespec/packages/http-client-csharp/generator/artifacts/bin/microsoft.typespec.generator.clientmodel.tests/debug/net8.0/microsoft.typespec.generator.clientmodel.tests.dll" id="e3f6b41b-723f-fe52-6ef5-10aa6556c371">
      <Execution id="4ab9519f-b7ef-4369-94e7-b33335b52412" />
      <TestMethod codeBase="/home/runner/work/typespec/typespec/packages/http-client-csharp/generator/artifacts/bin/Microsoft.TypeSpec.Generator.ClientModel.Tests/Debug/net8.0/Microsoft.TypeSpec.Generator.ClientModel.Tests.dll" adapterTypeName="executor://nunit3testexecutor/" className="Microsoft.TypeSpec.Generator.ClientModel.Tests.Providers.ClientProviders.ClientProviderTests" name="TestBuildAuthFields_SubClients_WithAuth(Microsoft.TypeSpec.Generator.Input.InputClient)" />
    </UnitTest>
    <UnitTest name="TestGetMethodParameters_ProperOrdering()" storage="/home/runner/work/typespec/typespec/packages/http-client-csharp/generator/artifacts/bin/microsoft.typespec.generator.clientmodel.tests/debug/net8.0/microsoft.typespec.generator.clientmodel.tests.dll" id="7cff3d0d-af1d-f407-3d06-8761f43e6d14">
      <Execution id="1899cbbc-1567-45e7-82f4-dec1c9fe1c18" />
      <TestMethod codeBase="/home/runner/work/typespec/typespec/packages/http-client-csharp/generator/artifacts/bin/Microsoft.TypeSpec.Generator.ClientModel.Tests/Debug/net8.0/Microsoft.TypeSpec.Generator.ClientModel.Tests.dll" adapterTypeName="executor://nunit3testexecutor/" className="Microsoft.TypeSpec.Generator.ClientModel.Tests.Providers.RestClientProviders.RestClientProviderTests" name="TestGetMethodParameters_ProperOrdering()" />
    </UnitTest>
    <UnitTest name="AppendQuery_TimeSpan(&quot;http://localhost&quot;,&quot;02:15:00&quot;,null,False,&quot;http://localhost/?query=PT2H15M&quot;)" storage="/home/runner/work/typespec/typespec/packages/http-client-csharp/generator/artifacts/bin/microsoft.typespec.generator.clientmodel.tests/debug/net8.0/microsoft.typespec.generator.clientmodel.tests.dll" id="2702bbe4-9e72-8edf-0d4b-d6e7e729e629">
      <Execution id="5546e23e-41e0-4257-a613-90b184e6341a" />
      <TestMethod codeBase="/home/runner/work/typespec/typespec/packages/http-client-csharp/generator/artifacts/bin/Microsoft.TypeSpec.Generator.ClientModel.Tests/Debug/net8.0/Microsoft.TypeSpec.Generator.ClientModel.Tests.dll" adapterTypeName="executor://nunit3testexecutor/" className="Microsoft.TypeSpec.Generator.ClientModel.Tests.Providers.ClientUriBuilderTests" name="AppendQuery_TimeSpan(&quot;http://localhost&quot;,&quot;02:15:00&quot;,null,False,&quot;http://localhost/?query=PT2H15M&quot;)" />
    </UnitTest>
    <UnitTest name="AppendQuery_TimeSpan(&quot;http://localhost&quot;,&quot;02:15:00&quot;,&quot;&quot;,False,&quot;http://localhost/?query=02:15:00&quot;)" storage="/home/runner/work/typespec/typespec/packages/http-client-csharp/generator/artifacts/bin/microsoft.typespec.generator.clientmodel.tests/debug/net8.0/microsoft.typespec.generator.clientmodel.tests.dll" id="6799c615-984b-d393-61e7-01b94eabeafa">
      <Execution id="75de20bf-19a3-4448-8dd8-bc4e22252042" />
      <TestMethod codeBase="/home/runner/work/typespec/typespec/packages/http-client-csharp/generator/artifacts/bin/Microsoft.TypeSpec.Generator.ClientModel.Tests/Debug/net8.0/Microsoft.TypeSpec.Generator.ClientModel.Tests.dll" adapterTypeName="executor://nunit3testexecutor/" className="Microsoft.TypeSpec.Generator.ClientModel.Tests.Providers.ClientUriBuilderTests" name="AppendQuery_TimeSpan(&quot;http://localhost&quot;,&quot;02:15:00&quot;,&quot;&quot;,False,&quot;http://localhost/?query=02:15:00&quot;)" />
    </UnitTest>
    <UnitTest name="SnakeCaseSerializedName" storage="/home/runner/work/typespec/typespec/packages/http-client-csharp/generator/artifacts/bin/microsoft.typespec.generator.clientmodel.tests/debug/net8.0/microsoft.typespec.generator.clientmodel.tests.dll" id="73d16d0c-278b-af64-2466-26e71375a3bd">
      <Execution id="043d794b-aeb3-449a-a9c3-801c9042430d" />
      <TestMethod codeBase="/home/runner/work/typespec/typespec/packages/http-client-csharp/generator/artifacts/bin/Microsoft.TypeSpec.Generator.ClientModel.Tests/Debug/net8.0/Microsoft.TypeSpec.Generator.ClientModel.Tests.dll" adapterTypeName="executor://nunit3testexecutor/" className="Microsoft.TypeSpec.Generator.ClientModel.Tests.Providers.MrwSerializationTypeDefinitions.JsonModelCoreTests" name="SnakeCaseSerializedName" />
    </UnitTest>
    <UnitTest name="TestIntSerializationStatement(Int32,null)" storage="/home/runner/work/typespec/typespec/packages/http-client-csharp/generator/artifacts/bin/microsoft.typespec.generator.clientmodel.tests/debug/net8.0/microsoft.typespec.generator.clientmodel.tests.dll" id="dd8aa756-842c-7b71-9947-6517e2bbacdf">
      <Execution id="fb74f23d-be15-4de3-9efe-d4503f59353c" />
      <TestMethod codeBase="/home/runner/work/typespec/typespec/packages/http-client-csharp/generator/artifacts/bin/Microsoft.TypeSpec.Generator.ClientModel.Tests/Debug/net8.0/Microsoft.TypeSpec.Generator.ClientModel.Tests.dll" adapterTypeName="executor://nunit3testexecutor/" className="Microsoft.TypeSpec.Generator.ClientModel.Tests.Providers.MrwSerializationTypeDefinitions.MrwSerializationTypeDefinitionTests" name="TestIntSerializationStatement(Int32,null)" />
    </UnitTest>
    <UnitTest name="ResetThenAppendPath(&quot;http://localhost:12345/with&quot;,&quot;/path/&quot;,&quot;http://localhost:12345/with/path/&quot;)" storage="/home/runner/work/typespec/typespec/packages/http-client-csharp/generator/artifacts/bin/microsoft.typespec.generator.clientmodel.tests/debug/net8.0/microsoft.typespec.generator.clientmodel.tests.dll" id="3c881886-4db7-dbcd-6874-1deb25e16f63">
      <Execution id="d553bec4-2e23-464d-96a7-20561d3b56e0" />
      <TestMethod codeBase="/home/runner/work/typespec/typespec/packages/http-client-csharp/generator/artifacts/bin/Microsoft.TypeSpec.Generator.ClientModel.Tests/Debug/net8.0/Microsoft.TypeSpec.Generator.ClientModel.Tests.dll" adapterTypeName="executor://nunit3testexecutor/" className="Microsoft.TypeSpec.Generator.ClientModel.Tests.Providers.ClientUriBuilderTests" name="ResetThenAppendPath(&quot;http://localhost:12345/with&quot;,&quot;/path/&quot;,&quot;http://localhost:12345/with/path/&quot;)" />
    </UnitTest>
    <UnitTest name="RoundTripWithModelInterfaceNonGeneric(&quot;W&quot;)" storage="/home/runner/work/typespec/typespec/packages/http-client-csharp/generator/artifacts/bin/microsoft.typespec.generator.clientmodel.tests/debug/net8.0/microsoft.typespec.generator.clientmodel.tests.dll" id="24604567-4b6e-b992-6f71-b271977ed625">
      <Execution id="816e0469-bbd8-41c9-b124-21a2448297ec" />
      <TestMethod codeBase="/home/runner/work/typespec/typespec/packages/http-client-csharp/generator/artifacts/bin/Microsoft.TypeSpec.Generator.ClientModel.Tests/Debug/net8.0/Microsoft.TypeSpec.Generator.ClientModel.Tests.dll" adapterTypeName="executor://nunit3testexecutor/" className="Microsoft.TypeSpec.Generator.ClientModel.Tests.ModelReaderWriterValidation.TestProjects.Sample_TypeSpec.ThingWithNullsTests" name="RoundTripWithModelInterfaceNonGeneric(&quot;W&quot;)" />
    </UnitTest>
    <UnitTest name="RoundTripWithJsonInterfaceNonGeneric(&quot;J&quot;)" storage="/home/runner/work/typespec/typespec/packages/http-client-csharp/generator/artifacts/bin/microsoft.typespec.generator.clientmodel.tests/debug/net8.0/microsoft.typespec.generator.clientmodel.tests.dll" id="1aadb9b6-5faf-816d-c27a-4da98e73e9a7">
      <Execution id="9d55c383-3031-4622-acdf-3335d703e805" />
      <TestMethod codeBase="/home/runner/work/typespec/typespec/packages/http-client-csharp/generator/artifacts/bin/Microsoft.TypeSpec.Generator.ClientModel.Tests/Debug/net8.0/Microsoft.TypeSpec.Generator.ClientModel.Tests.dll" adapterTypeName="executor://nunit3testexecutor/" className="Microsoft.TypeSpec.Generator.ClientModel.Tests.ModelReaderWriterValidation.TestProjects.Sample_TypeSpec.ThingWithNullsTests" name="RoundTripWithJsonInterfaceNonGeneric(&quot;J&quot;)" />
    </UnitTest>
    <UnitTest name="ValidateIsLastNamespaceSegmentTheSame(&quot;Foo&quot;,&quot;.Foo&quot;)" storage="/home/runner/work/typespec/typespec/packages/http-client-csharp/generator/artifacts/bin/microsoft.typespec.generator.clientmodel.tests/debug/net8.0/microsoft.typespec.generator.clientmodel.tests.dll" id="4a9e2f05-a37c-7177-de3c-274a8bc286bb">
      <Execution id="af55d704-5957-4dce-97dd-3ed04e1fff9e" />
      <TestMethod codeBase="/home/runner/work/typespec/typespec/packages/http-client-csharp/generator/artifacts/bin/Microsoft.TypeSpec.Generator.ClientModel.Tests/Debug/net8.0/Microsoft.TypeSpec.Generator.ClientModel.Tests.dll" adapterTypeName="executor://nunit3testexecutor/" className="Microsoft.TypeSpec.Generator.ClientModel.Tests.Providers.ClientProviders.ClientProviderTests" name="ValidateIsLastNamespaceSegmentTheSame(&quot;Foo&quot;,&quot;.Foo&quot;)" />
    </UnitTest>
    <UnitTest name="AppendQuery_DateTimeOffset(&quot;http://localhost&quot;,&quot;6/30/1905 1:14:00 PM +00:00&quot;,&quot;R&quot;,True,&quot;http://localhost/?query=Fri%2C 30 Jun 1905 13%3A14%3A00 GMT&quot;)" storage="/home/runner/work/typespec/typespec/packages/http-client-csharp/generator/artifacts/bin/microsoft.typespec.generator.clientmodel.tests/debug/net8.0/microsoft.typespec.generator.clientmodel.tests.dll" id="b0cd1039-ea79-eaa1-e1c7-0398cf6051bb">
      <Execution id="24a378d6-ab58-4ba7-a401-4c26914b5d2c" />
      <TestMethod codeBase="/home/runner/work/typespec/typespec/packages/http-client-csharp/generator/artifacts/bin/Microsoft.TypeSpec.Generator.ClientModel.Tests/Debug/net8.0/Microsoft.TypeSpec.Generator.ClientModel.Tests.dll" adapterTypeName="executor://nunit3testexecutor/" className="Microsoft.TypeSpec.Generator.ClientModel.Tests.Providers.ClientUriBuilderTests" name="AppendQuery_DateTimeOffset(&quot;http://localhost&quot;,&quot;6/30/1905 1:14:00 PM +00:00&quot;,&quot;R&quot;,True,&quot;http://localhost/?query=Fri%2C 30 Jun 1905 13%3A14%3A00 GMT&quot;)" />
    </UnitTest>
    <UnitTest name="AppendQueryDelimited(&quot;http://localhost&quot;,[&quot;hello&quot;, &quot;world&quot;],&quot;|&quot;,False,&quot;http://localhost/?query=hello|world&quot;)" storage="/home/runner/work/typespec/typespec/packages/http-client-csharp/generator/artifacts/bin/microsoft.typespec.generator.clientmodel.tests/debug/net8.0/microsoft.typespec.generator.clientmodel.tests.dll" id="f21b19d3-41c0-235a-f7d9-88c615b2e912">
      <Execution id="3955f2cb-c222-4be9-aa8a-e6bd8b22aace" />
      <TestMethod codeBase="/home/runner/work/typespec/typespec/packages/http-client-csharp/generator/artifacts/bin/Microsoft.TypeSpec.Generator.ClientModel.Tests/Debug/net8.0/Microsoft.TypeSpec.Generator.ClientModel.Tests.dll" adapterTypeName="executor://nunit3testexecutor/" className="Microsoft.TypeSpec.Generator.ClientModel.Tests.Providers.ClientUriBuilderTests" name="AppendQueryDelimited(&quot;http://localhost&quot;,[&quot;hello&quot;, &quot;world&quot;],&quot;|&quot;,False,&quot;http://localhost/?query=hello|world&quot;)" />
    </UnitTest>
    <UnitTest name="AppendQuery_ByteArray(&quot;http://localhost&quot;,[104, 101, 108, 108, 111],&quot;U&quot;,True,&quot;http://localhost/?query=aGVsbG8&quot;)" storage="/home/runner/work/typespec/typespec/packages/http-client-csharp/generator/artifacts/bin/microsoft.typespec.generator.clientmodel.tests/debug/net8.0/microsoft.typespec.generator.clientmodel.tests.dll" id="37d9c8b1-d0b8-0afa-2afc-a2ae57ced7f5">
      <Execution id="bef042a4-06b7-4a2d-a610-eb286abc3708" />
      <TestMethod codeBase="/home/runner/work/typespec/typespec/packages/http-client-csharp/generator/artifacts/bin/Microsoft.TypeSpec.Generator.ClientModel.Tests/Debug/net8.0/Microsoft.TypeSpec.Generator.ClientModel.Tests.dll" adapterTypeName="executor://nunit3testexecutor/" className="Microsoft.TypeSpec.Generator.ClientModel.Tests.Providers.ClientUriBuilderTests" name="AppendQuery_ByteArray(&quot;http://localhost&quot;,[104, 101, 108, 108, 111],&quot;U&quot;,True,&quot;http://localhost/?query=aGVsbG8&quot;)" />
    </UnitTest>
    <UnitTest name="ContinuationTokenInBodyOfTAsync" storage="/home/runner/work/typespec/typespec/packages/http-client-csharp/generator/artifacts/bin/microsoft.typespec.generator.clientmodel.tests/debug/net8.0/microsoft.typespec.generator.clientmodel.tests.dll" id="66715d49-c41e-5f81-8a3b-27304d49716d">
      <Execution id="dd120f35-5bbf-4604-b6b8-84efcafb6198" />
      <TestMethod codeBase="/home/runner/work/typespec/typespec/packages/http-client-csharp/generator/artifacts/bin/Microsoft.TypeSpec.Generator.ClientModel.Tests/Debug/net8.0/Microsoft.TypeSpec.Generator.ClientModel.Tests.dll" adapterTypeName="executor://nunit3testexecutor/" className="Microsoft.TypeSpec.Generator.ClientModel.Tests.Providers.CollectionResultDefinitions.ContinuationTokenTests" name="ContinuationTokenInBodyOfTAsync" />
    </UnitTest>
    <UnitTest name="RequestOptionsOptionality(False,True,False)" storage="/home/runner/work/typespec/typespec/packages/http-client-csharp/generator/artifacts/bin/microsoft.typespec.generator.clientmodel.tests/debug/net8.0/microsoft.typespec.generator.clientmodel.tests.dll" id="1f242f8f-75c5-9055-debb-fe84e1ee32f9">
      <Execution id="eed2b160-ffd1-417b-8bd3-c33b4f2a2447" />
      <TestMethod codeBase="/home/runner/work/typespec/typespec/packages/http-client-csharp/generator/artifacts/bin/Microsoft.TypeSpec.Generator.ClientModel.Tests/Debug/net8.0/Microsoft.TypeSpec.Generator.ClientModel.Tests.dll" adapterTypeName="executor://nunit3testexecutor/" className="Microsoft.TypeSpec.Generator.ClientModel.Tests.Providers.ScmMethodProviderCollectionTests" name="RequestOptionsOptionality(False,True,False)" />
    </UnitTest>
    <UnitTest name="AppendPath_Float(&quot;http://localhost&quot;,3.14f,True,&quot;http://localhost/3.14&quot;)" storage="/home/runner/work/typespec/typespec/packages/http-client-csharp/generator/artifacts/bin/microsoft.typespec.generator.clientmodel.tests/debug/net8.0/microsoft.typespec.generator.clientmodel.tests.dll" id="f19afe42-1bdb-8cfd-a433-5717c0bd644c">
      <Execution id="181fb447-ba86-49ef-908e-161dcad6d0e0" />
      <TestMethod codeBase="/home/runner/work/typespec/typespec/packages/http-client-csharp/generator/artifacts/bin/Microsoft.TypeSpec.Generator.ClientModel.Tests/Debug/net8.0/Microsoft.TypeSpec.Generator.ClientModel.Tests.dll" adapterTypeName="executor://nunit3testexecutor/" className="Microsoft.TypeSpec.Generator.ClientModel.Tests.Providers.ClientUriBuilderTests" name="AppendPath_Float(&quot;http://localhost&quot;,3.14f,True,&quot;http://localhost/3.14&quot;)" />
    </UnitTest>
    <UnitTest name="FormatsDatesAsString(&quot;O&quot;,05/04/2020 03:02:01 +00:00,&quot;2020-05-04T03:02:01.1230000Z&quot;)" storage="/home/runner/work/typespec/typespec/packages/http-client-csharp/generator/artifacts/bin/microsoft.typespec.generator.clientmodel.tests/debug/net8.0/microsoft.typespec.generator.clientmodel.tests.dll" id="d189063a-2c0a-d19a-f98a-dcc48e248ba2">
      <Execution id="5ad67f4d-4075-4567-a275-ff2cfc7f984d" />
      <TestMethod codeBase="/home/runner/work/typespec/typespec/packages/http-client-csharp/generator/artifacts/bin/Microsoft.TypeSpec.Generator.ClientModel.Tests/Debug/net8.0/Microsoft.TypeSpec.Generator.ClientModel.Tests.dll" adapterTypeName="executor://nunit3testexecutor/" className="Microsoft.TypeSpec.Generator.ClientModel.Tests.Providers.TypeFormatterTests" name="FormatsDatesAsString(&quot;O&quot;,05/04/2020 03:02:01 +00:00,&quot;2020-05-04T03:02:01.1230000Z&quot;)" />
    </UnitTest>
    <UnitTest name="BackCompat_PrereleaseApiVersionsAdded" storage="/home/runner/work/typespec/typespec/packages/http-client-csharp/generator/artifacts/bin/microsoft.typespec.generator.clientmodel.tests/debug/net8.0/microsoft.typespec.generator.clientmodel.tests.dll" id="dbbaaed9-00fe-90da-a45f-1adc61af23d2">
      <Execution id="df42c21b-3a46-4f09-ac8e-3f9110a136da" />
      <TestMethod codeBase="/home/runner/work/typespec/typespec/packages/http-client-csharp/generator/artifacts/bin/Microsoft.TypeSpec.Generator.ClientModel.Tests/Debug/net8.0/Microsoft.TypeSpec.Generator.ClientModel.Tests.dll" adapterTypeName="executor://nunit3testexecutor/" className="Microsoft.TypeSpec.Generator.ClientModel.Tests.Providers.ClientOptionsProviderTests" name="BackCompat_PrereleaseApiVersionsAdded" />
    </UnitTest>
    <UnitTest name="ValidateConvertToString(null,&quot;str&quot;,&quot;str&quot;)" storage="/home/runner/work/typespec/typespec/packages/http-client-csharp/generator/artifacts/bin/microsoft.typespec.generator.clientmodel.tests/debug/net8.0/microsoft.typespec.generator.clientmodel.tests.dll" id="a0e9667c-4b47-ec23-1abd-ea616525bf3f">
      <Execution id="ed3da340-c0be-4412-8393-0916a29df0cd" />
      <TestMethod codeBase="/home/runner/work/typespec/typespec/packages/http-client-csharp/generator/artifacts/bin/Microsoft.TypeSpec.Generator.ClientModel.Tests/Debug/net8.0/Microsoft.TypeSpec.Generator.ClientModel.Tests.dll" adapterTypeName="executor://nunit3testexecutor/" className="Microsoft.TypeSpec.Generator.ClientModel.Tests.Providers.TypeFormatterTests" name="ValidateConvertToString(null,&quot;str&quot;,&quot;str&quot;)" />
    </UnitTest>
    <UnitTest name="ThrowsIfWireIsNotJson" storage="/home/runner/work/typespec/typespec/packages/http-client-csharp/generator/artifacts/bin/microsoft.typespec.generator.clientmodel.tests/debug/net8.0/microsoft.typespec.generator.clientmodel.tests.dll" id="cfeeaaa1-a853-5f42-38dd-9d668c2073fd">
      <Execution id="21674e14-a34f-4e67-b534-97c6ebf2ea85" />
      <TestMethod codeBase="/home/runner/work/typespec/typespec/packages/http-client-csharp/generator/artifacts/bin/Microsoft.TypeSpec.Generator.ClientModel.Tests/Debug/net8.0/Microsoft.TypeSpec.Generator.ClientModel.Tests.dll" adapterTypeName="executor://nunit3testexecutor/" className="Microsoft.TypeSpec.Generator.ClientModel.Tests.ModelReaderWriterValidation.TestProjects.Sample_TypeSpec.RoundTripModelTests" name="ThrowsIfWireIsNotJson" />
    </UnitTest>
    <UnitTest name="ValidateToSerialMethodsFixed(Microsoft.TypeSpec.Generator.Input.InputEnumType)" storage="/home/runner/work/typespec/typespec/packages/http-client-csharp/generator/artifacts/bin/microsoft.typespec.generator.clientmodel.tests/debug/net8.0/microsoft.typespec.generator.clientmodel.tests.dll" id="f45b0123-a5dd-fb53-d0d1-cdea3d2f2a2b">
      <Execution id="584738f2-c243-4a6b-82d7-2ab8c5eeaab6" />
      <TestMethod codeBase="/home/runner/work/typespec/typespec/packages/http-client-csharp/generator/artifacts/bin/Microsoft.TypeSpec.Generator.ClientModel.Tests/Debug/net8.0/Microsoft.TypeSpec.Generator.ClientModel.Tests.dll" adapterTypeName="executor://nunit3testexecutor/" className="Microsoft.TypeSpec.Generator.ClientModel.Tests.Providers.EnumProvider.EnumProviderSerializationTests" name="ValidateToSerialMethodsFixed(Microsoft.TypeSpec.Generator.Input.InputEnumType)" />
    </UnitTest>
    <UnitTest name="RequestBodyConstructedRespectingRequestContentApi(Microsoft.TypeSpec.Generator.Input.InputModelType)" storage="/home/runner/work/typespec/typespec/packages/http-client-csharp/generator/artifacts/bin/microsoft.typespec.generator.clientmodel.tests/debug/net8.0/microsoft.typespec.generator.clientmodel.tests.dll" id="c91db1aa-50a3-2233-826f-30e095a5542d">
      <Execution id="454fe9e6-f50c-4090-97c3-f6a44009c58d" />
      <TestMethod codeBase="/home/runner/work/typespec/typespec/packages/http-client-csharp/generator/artifacts/bin/Microsoft.TypeSpec.Generator.ClientModel.Tests/Debug/net8.0/Microsoft.TypeSpec.Generator.ClientModel.Tests.dll" adapterTypeName="executor://nunit3testexecutor/" className="Microsoft.TypeSpec.Generator.ClientModel.Tests.Providers.ScmMethodProviderCollectionTests" name="RequestBodyConstructedRespectingRequestContentApi(Microsoft.TypeSpec.Generator.Input.InputModelType)" />
    </UnitTest>
    <UnitTest name="ResetThenAppendPath(&quot;http://localhost/&quot;,&quot;path&quot;,&quot;http://localhost/path&quot;)" storage="/home/runner/work/typespec/typespec/packages/http-client-csharp/generator/artifacts/bin/microsoft.typespec.generator.clientmodel.tests/debug/net8.0/microsoft.typespec.generator.clientmodel.tests.dll" id="b5fbdece-a896-5b95-5dd6-251bca56a066">
      <Execution id="3eb7cb4e-384a-4f5e-9718-87eb89fb5337" />
      <TestMethod codeBase="/home/runner/work/typespec/typespec/packages/http-client-csharp/generator/artifacts/bin/Microsoft.TypeSpec.Generator.ClientModel.Tests/Debug/net8.0/Microsoft.TypeSpec.Generator.ClientModel.Tests.dll" adapterTypeName="executor://nunit3testexecutor/" className="Microsoft.TypeSpec.Generator.ClientModel.Tests.Providers.ClientUriBuilderTests" name="ResetThenAppendPath(&quot;http://localhost/&quot;,&quot;path&quot;,&quot;http://localhost/path&quot;)" />
    </UnitTest>
    <UnitTest name="TestBuildImplicitToBinaryContent(True)" storage="/home/runner/work/typespec/typespec/packages/http-client-csharp/generator/artifacts/bin/microsoft.typespec.generator.clientmodel.tests/debug/net8.0/microsoft.typespec.generator.clientmodel.tests.dll" id="1bfcd3a7-5eb8-b503-f8b6-db88665035c4">
      <Execution id="5f09c007-3dea-49de-bf90-d3fb58546498" />
      <TestMethod codeBase="/home/runner/work/typespec/typespec/packages/http-client-csharp/generator/artifacts/bin/Microsoft.TypeSpec.Generator.ClientModel.Tests/Debug/net8.0/Microsoft.TypeSpec.Generator.ClientModel.Tests.dll" adapterTypeName="executor://nunit3testexecutor/" className="Microsoft.TypeSpec.Generator.ClientModel.Tests.Providers.MrwSerializationTypeDefinitions.MrwSerializationTypeDefinitionTests" name="TestBuildImplicitToBinaryContent(True)" />
    </UnitTest>
    <UnitTest name="RootOutputModelsIncludesServiceResponse" storage="/home/runner/work/typespec/typespec/packages/http-client-csharp/generator/artifacts/bin/microsoft.typespec.generator.clientmodel.tests/debug/net8.0/microsoft.typespec.generator.clientmodel.tests.dll" id="25ca75be-05ae-0f2b-7a33-9b306a4b3909">
      <Execution id="89cbd069-be73-4b7a-88f7-4bfd49b9f62d" />
      <TestMethod codeBase="/home/runner/work/typespec/typespec/packages/http-client-csharp/generator/artifacts/bin/Microsoft.TypeSpec.Generator.ClientModel.Tests/Debug/net8.0/Microsoft.TypeSpec.Generator.ClientModel.Tests.dll" adapterTypeName="executor://nunit3testexecutor/" className="Microsoft.TypeSpec.Generator.ClientModel.Tests.ScmTypeFactoryTests" name="RootOutputModelsIncludesServiceResponse" />
    </UnitTest>
    <UnitTest name="ValidateReturnTypeOfCreateRequestIsOverridden" storage="/home/runner/work/typespec/typespec/packages/http-client-csharp/generator/artifacts/bin/microsoft.typespec.generator.clientmodel.tests/debug/net8.0/microsoft.typespec.generator.clientmodel.tests.dll" id="e6cf1529-c6a8-2487-8cef-54044b5c3922">
      <Execution id="83454e8e-bf57-4633-9456-b99970119cac" />
      <TestMethod codeBase="/home/runner/work/typespec/typespec/packages/http-client-csharp/generator/artifacts/bin/Microsoft.TypeSpec.Generator.ClientModel.Tests/Debug/net8.0/Microsoft.TypeSpec.Generator.ClientModel.Tests.dll" adapterTypeName="executor://nunit3testexecutor/" className="Microsoft.TypeSpec.Generator.ClientModel.Tests.Providers.Abstractions.HttpMessageApiTests" name="ValidateReturnTypeOfCreateRequestIsOverridden" />
    </UnitTest>
    <UnitTest name="ResetThenAppendPath(&quot;http://localhost/with&quot;,null,&quot;http://localhost/with&quot;)" storage="/home/runner/work/typespec/typespec/packages/http-client-csharp/generator/artifacts/bin/microsoft.typespec.generator.clientmodel.tests/debug/net8.0/microsoft.typespec.generator.clientmodel.tests.dll" id="9ffaa909-2abe-cf56-ae26-3a90963ad86f">
      <Execution id="30465795-ee41-4ec8-87f2-a3b042fe5e0f" />
      <TestMethod codeBase="/home/runner/work/typespec/typespec/packages/http-client-csharp/generator/artifacts/bin/Microsoft.TypeSpec.Generator.ClientModel.Tests/Debug/net8.0/Microsoft.TypeSpec.Generator.ClientModel.Tests.dll" adapterTypeName="executor://nunit3testexecutor/" className="Microsoft.TypeSpec.Generator.ClientModel.Tests.Providers.ClientUriBuilderTests" name="ResetThenAppendPath(&quot;http://localhost/with&quot;,null,&quot;http://localhost/with&quot;)" />
    </UnitTest>
    <UnitTest name="RoundTripWithModelReaderWriter(&quot;W&quot;)" storage="/home/runner/work/typespec/typespec/packages/http-client-csharp/generator/artifacts/bin/microsoft.typespec.generator.clientmodel.tests/debug/net8.0/microsoft.typespec.generator.clientmodel.tests.dll" id="4b9c1ba1-8fc1-d592-d8e2-2c9b4a349460">
      <Execution id="ebf90694-2f57-40fe-87e9-205e94eed0dd" />
      <TestMethod codeBase="/home/runner/work/typespec/typespec/packages/http-client-csharp/generator/artifacts/bin/Microsoft.TypeSpec.Generator.ClientModel.Tests/Debug/net8.0/Microsoft.TypeSpec.Generator.ClientModel.Tests.dll" adapterTypeName="executor://nunit3testexecutor/" className="Microsoft.TypeSpec.Generator.ClientModel.Tests.ModelReaderWriterValidation.TestProjects.Sample_TypeSpec.ThingWithNullsTests" name="RoundTripWithModelReaderWriter(&quot;W&quot;)" />
    </UnitTest>
    <UnitTest name="CanCustomizeUriProperty" storage="/home/runner/work/typespec/typespec/packages/http-client-csharp/generator/artifacts/bin/microsoft.typespec.generator.clientmodel.tests/debug/net8.0/microsoft.typespec.generator.clientmodel.tests.dll" id="1a108419-9c72-94cf-0752-8aadadbe46fc">
      <Execution id="13087045-414f-4753-9894-fbea12cda402" />
      <TestMethod codeBase="/home/runner/work/typespec/typespec/packages/http-client-csharp/generator/artifacts/bin/Microsoft.TypeSpec.Generator.ClientModel.Tests/Debug/net8.0/Microsoft.TypeSpec.Generator.ClientModel.Tests.dll" adapterTypeName="executor://nunit3testexecutor/" className="Microsoft.TypeSpec.Generator.ClientModel.Tests.Providers.MrwSerializationTypeDefinitions.ModelCustomizationTests" name="CanCustomizeUriProperty" />
    </UnitTest>
    <UnitTest name="BaseShouldHaveProxyAttribute" storage="/home/runner/work/typespec/typespec/packages/http-client-csharp/generator/artifacts/bin/microsoft.typespec.generator.clientmodel.tests/debug/net8.0/microsoft.typespec.generator.clientmodel.tests.dll" id="5ae84a76-0bf4-ee4a-d840-32550ac069fc">
      <Execution id="2adbc853-0671-416f-8b69-985f5298eeac" />
      <TestMethod codeBase="/home/runner/work/typespec/typespec/packages/http-client-csharp/generator/artifacts/bin/Microsoft.TypeSpec.Generator.ClientModel.Tests/Debug/net8.0/Microsoft.TypeSpec.Generator.ClientModel.Tests.dll" adapterTypeName="executor://nunit3testexecutor/" className="Microsoft.TypeSpec.Generator.ClientModel.Tests.Providers.MrwSerializationTypeDefinitions.DiscriminatorTests" name="BaseShouldHaveProxyAttribute" />
    </UnitTest>
    <UnitTest name="UnknownVariantPersistableCreateCoreShouldReturnDeserializeBase" storage="/home/runner/work/typespec/typespec/packages/http-client-csharp/generator/artifacts/bin/microsoft.typespec.generator.clientmodel.tests/debug/net8.0/microsoft.typespec.generator.clientmodel.tests.dll" id="4ca5403c-76a5-dae0-7b67-c6e13af21774">
      <Execution id="0a085c71-fdf4-407e-b0e3-b54e83983ed7" />
      <TestMethod codeBase="/home/runner/work/typespec/typespec/packages/http-client-csharp/generator/artifacts/bin/Microsoft.TypeSpec.Generator.ClientModel.Tests/Debug/net8.0/Microsoft.TypeSpec.Generator.ClientModel.Tests.dll" adapterTypeName="executor://nunit3testexecutor/" className="Microsoft.TypeSpec.Generator.ClientModel.Tests.Providers.MrwSerializationTypeDefinitions.DiscriminatorTests" name="UnknownVariantPersistableCreateCoreShouldReturnDeserializeBase" />
    </UnitTest>
    <UnitTest name="JsonSerializerSnippet_Deserialize" storage="/home/runner/work/typespec/typespec/packages/http-client-csharp/generator/artifacts/bin/microsoft.typespec.generator.clientmodel.tests/debug/net8.0/microsoft.typespec.generator.clientmodel.tests.dll" id="b23dab4f-103f-e800-d3ff-d923625bbd65">
      <Execution id="b73b15e3-5088-4381-b1e9-2bce9a2aa211" />
      <TestMethod codeBase="/home/runner/work/typespec/typespec/packages/http-client-csharp/generator/artifacts/bin/Microsoft.TypeSpec.Generator.ClientModel.Tests/Debug/net8.0/Microsoft.TypeSpec.Generator.ClientModel.Tests.dll" adapterTypeName="executor://nunit3testexecutor/" className="Microsoft.TypeSpec.Generator.ClientModel.Tests.TypedSnippetsTests" name="JsonSerializerSnippet_Deserialize" />
    </UnitTest>
    <UnitTest name="ContinuationTokenInHeader" storage="/home/runner/work/typespec/typespec/packages/http-client-csharp/generator/artifacts/bin/microsoft.typespec.generator.clientmodel.tests/debug/net8.0/microsoft.typespec.generator.clientmodel.tests.dll" id="db34eeaa-efd9-a237-f672-4430f6523b37">
      <Execution id="e41e73b0-5f32-45ff-b370-be73d70911f0" />
      <TestMethod codeBase="/home/runner/work/typespec/typespec/packages/http-client-csharp/generator/artifacts/bin/Microsoft.TypeSpec.Generator.ClientModel.Tests/Debug/net8.0/Microsoft.TypeSpec.Generator.ClientModel.Tests.dll" adapterTypeName="executor://nunit3testexecutor/" className="Microsoft.TypeSpec.Generator.ClientModel.Tests.Providers.CollectionResultDefinitions.ContinuationTokenTests" name="ContinuationTokenInHeader" />
    </UnitTest>
    <UnitTest name="TestBuildDeserializationMethod(Microsoft.TypeSpec.Generator.Input.InputUnionType,[&quot;string&quot;, &quot;double&quot;],[&quot;case global::System.Text.Json.JsonValueKind.String:&quot;, &quot;additionalProperties.Add(prop.Name, prop.Value.GetString());&quot;, &quot;case global::System.Text.Json.JsonValueKind.Number:&quot;, &quot;if (prop.Value.TryGetDouble(out double doubleValue))&quot;, &quot;additionalDoubleProperties.Add(prop.Name, doubleValue);&quot;])" storage="/home/runner/work/typespec/typespec/packages/http-client-csharp/generator/artifacts/bin/microsoft.typespec.generator.clientmodel.tests/debug/net8.0/microsoft.typespec.generator.clientmodel.tests.dll" id="ed030d81-00c3-b759-cae4-3bed7cfacbb0">
      <Execution id="d0690f2c-81ea-4451-bdf6-c177f8d5fec8" />
      <TestMethod codeBase="/home/runner/work/typespec/typespec/packages/http-client-csharp/generator/artifacts/bin/Microsoft.TypeSpec.Generator.ClientModel.Tests/Debug/net8.0/Microsoft.TypeSpec.Generator.ClientModel.Tests.dll" adapterTypeName="executor://nunit3testexecutor/" className="Microsoft.TypeSpec.Generator.ClientModel.Tests.Providers.MrwSerializationTypeDefinitions.AdditionalPropertiesTest" name="TestBuildDeserializationMethod(Microsoft.TypeSpec.Generator.Input.InputUnionType,[&quot;string&quot;, &quot;double&quot;],[&quot;case global::System.Text.Json.JsonValueKind.String:&quot;, &quot;additionalProperties.Add(prop.Name, prop.Value.GetString());&quot;, &quot;case global::System.Text.Json.JsonValueKind.Number:&quot;, &quot;if (prop.Value.TryGetDouble(out double doubleValue))&quot;, &quot;additionalDoubleProperties.Add(prop.Name, doubleValue);&quot;])" />
    </UnitTest>
    <UnitTest name="AppendQuery_Double(&quot;http://localhost&quot;,-3.14d,True,&quot;http://localhost/?query=-3.14&quot;)" storage="/home/runner/work/typespec/typespec/packages/http-client-csharp/generator/artifacts/bin/microsoft.typespec.generator.clientmodel.tests/debug/net8.0/microsoft.typespec.generator.clientmodel.tests.dll" id="69ee431b-6bac-d2c4-e189-76788a58176a">
      <Execution id="960091d5-bd66-4df7-94db-18bc0416c8df" />
      <TestMethod codeBase="/home/runner/work/typespec/typespec/packages/http-client-csharp/generator/artifacts/bin/Microsoft.TypeSpec.Generator.ClientModel.Tests/Debug/net8.0/Microsoft.TypeSpec.Generator.ClientModel.Tests.dll" adapterTypeName="executor://nunit3testexecutor/" className="Microsoft.TypeSpec.Generator.ClientModel.Tests.Providers.ClientUriBuilderTests" name="AppendQuery_Double(&quot;http://localhost&quot;,-3.14d,True,&quot;http://localhost/?query=-3.14&quot;)" />
    </UnitTest>
    <UnitTest name="ResetThenAppendPath(&quot;http://localhost/&quot;,&quot;/path/&quot;,&quot;http://localhost/path/&quot;)" storage="/home/runner/work/typespec/typespec/packages/http-client-csharp/generator/artifacts/bin/microsoft.typespec.generator.clientmodel.tests/debug/net8.0/microsoft.typespec.generator.clientmodel.tests.dll" id="c8f1d21a-34aa-5e25-3b35-46ddd198d9e4">
      <Execution id="f463d7d5-60df-4463-951c-0aa5d25938f8" />
      <TestMethod codeBase="/home/runner/work/typespec/typespec/packages/http-client-csharp/generator/artifacts/bin/Microsoft.TypeSpec.Generator.ClientModel.Tests/Debug/net8.0/Microsoft.TypeSpec.Generator.ClientModel.Tests.dll" adapterTypeName="executor://nunit3testexecutor/" className="Microsoft.TypeSpec.Generator.ClientModel.Tests.Providers.ClientUriBuilderTests" name="ResetThenAppendPath(&quot;http://localhost/&quot;,&quot;/path/&quot;,&quot;http://localhost/path/&quot;)" />
    </UnitTest>
    <UnitTest name="TestBuildPersistableModelWriteMethod" storage="/home/runner/work/typespec/typespec/packages/http-client-csharp/generator/artifacts/bin/microsoft.typespec.generator.clientmodel.tests/debug/net8.0/microsoft.typespec.generator.clientmodel.tests.dll" id="61a0d16b-51d0-5d10-c277-49bd978ee4cb">
      <Execution id="e93cb2d5-127c-4589-9176-ac6826972508" />
      <TestMethod codeBase="/home/runner/work/typespec/typespec/packages/http-client-csharp/generator/artifacts/bin/Microsoft.TypeSpec.Generator.ClientModel.Tests/Debug/net8.0/Microsoft.TypeSpec.Generator.ClientModel.Tests.dll" adapterTypeName="executor://nunit3testexecutor/" className="Microsoft.TypeSpec.Generator.ClientModel.Tests.Providers.MrwSerializationTypeDefinitions.MrwSerializationTypeDefinitionTests" name="TestBuildPersistableModelWriteMethod" />
    </UnitTest>
    <UnitTest name="AppendQuery_Double(&quot;http://localhost&quot;,3.14d,True,&quot;http://localhost/?query=3.14&quot;)" storage="/home/runner/work/typespec/typespec/packages/http-client-csharp/generator/artifacts/bin/microsoft.typespec.generator.clientmodel.tests/debug/net8.0/microsoft.typespec.generator.clientmodel.tests.dll" id="11cd0334-f322-c646-5f36-1872a5a0e56e">
      <Execution id="76367bcd-c363-435d-a648-3c742a94cade" />
      <TestMethod codeBase="/home/runner/work/typespec/typespec/packages/http-client-csharp/generator/artifacts/bin/Microsoft.TypeSpec.Generator.ClientModel.Tests/Debug/net8.0/Microsoft.TypeSpec.Generator.ClientModel.Tests.dll" adapterTypeName="executor://nunit3testexecutor/" className="Microsoft.TypeSpec.Generator.ClientModel.Tests.Providers.ClientUriBuilderTests" name="AppendQuery_Double(&quot;http://localhost&quot;,3.14d,True,&quot;http://localhost/?query=3.14&quot;)" />
    </UnitTest>
    <UnitTest name="FormatsDatesAsJson(&quot;U&quot;,05/04/2020 03:02:01 +00:00,&quot;1588561321&quot;)" storage="/home/runner/work/typespec/typespec/packages/http-client-csharp/generator/artifacts/bin/microsoft.typespec.generator.clientmodel.tests/debug/net8.0/microsoft.typespec.generator.clientmodel.tests.dll" id="5204db14-5078-94d9-d965-2ae6957489a4">
      <Execution id="73c4b059-c1aa-402e-9577-e675e0ad55df" />
      <TestMethod codeBase="/home/runner/work/typespec/typespec/packages/http-client-csharp/generator/artifacts/bin/Microsoft.TypeSpec.Generator.ClientModel.Tests/Debug/net8.0/Microsoft.TypeSpec.Generator.ClientModel.Tests.dll" adapterTypeName="executor://nunit3testexecutor/" className="Microsoft.TypeSpec.Generator.ClientModel.Tests.Providers.TypeFormatterTests" name="FormatsDatesAsJson(&quot;U&quot;,05/04/2020 03:02:01 +00:00,&quot;1588561321&quot;)" />
    </UnitTest>
    <UnitTest name="TestBuildAuthFields_WithAuth(System.Collections.Generic.List`1[Microsoft.TypeSpec.Generator.Input.InputParameter])" storage="/home/runner/work/typespec/typespec/packages/http-client-csharp/generator/artifacts/bin/microsoft.typespec.generator.clientmodel.tests/debug/net8.0/microsoft.typespec.generator.clientmodel.tests.dll" id="3d064911-8ce4-9ebd-478b-8d7a42aeaa1a">
      <Execution id="e241043a-0975-43af-a5d2-bd06f42b6109" />
      <TestMethod codeBase="/home/runner/work/typespec/typespec/packages/http-client-csharp/generator/artifacts/bin/Microsoft.TypeSpec.Generator.ClientModel.Tests/Debug/net8.0/Microsoft.TypeSpec.Generator.ClientModel.Tests.dll" adapterTypeName="executor://nunit3testexecutor/" className="Microsoft.TypeSpec.Generator.ClientModel.Tests.Providers.ClientProviders.ClientProviderTests" name="TestBuildAuthFields_WithAuth(System.Collections.Generic.List`1[Microsoft.TypeSpec.Generator.Input.InputParameter])" />
    </UnitTest>
    <UnitTest name="ValidateConvertToString(&quot;U&quot;,test,&quot;dGVzdA&quot;)" storage="/home/runner/work/typespec/typespec/packages/http-client-csharp/generator/artifacts/bin/microsoft.typespec.generator.clientmodel.tests/debug/net8.0/microsoft.typespec.generator.clientmodel.tests.dll" id="33209066-3de3-64a0-ea13-658396f21c88">
      <Execution id="02002da9-4767-40e1-9b5a-4068b5eabb8f" />
      <TestMethod codeBase="/home/runner/work/typespec/typespec/packages/http-client-csharp/generator/artifacts/bin/Microsoft.TypeSpec.Generator.ClientModel.Tests/Debug/net8.0/Microsoft.TypeSpec.Generator.ClientModel.Tests.dll" adapterTypeName="executor://nunit3testexecutor/" className="Microsoft.TypeSpec.Generator.ClientModel.Tests.Providers.TypeFormatterTests" name="ValidateConvertToString(&quot;U&quot;,test,&quot;dGVzdA&quot;)" />
    </UnitTest>
    <UnitTest name="ResetThenAppendPath(&quot;http://localhost/with&quot;,&quot;/path/&quot;,&quot;http://localhost/with/path/&quot;)" storage="/home/runner/work/typespec/typespec/packages/http-client-csharp/generator/artifacts/bin/microsoft.typespec.generator.clientmodel.tests/debug/net8.0/microsoft.typespec.generator.clientmodel.tests.dll" id="6a9d48da-ce15-7c73-da5e-020c6bba6713">
      <Execution id="18285fa9-e290-4dd9-8f5c-df05e3275b34" />
      <TestMethod codeBase="/home/runner/work/typespec/typespec/packages/http-client-csharp/generator/artifacts/bin/Microsoft.TypeSpec.Generator.ClientModel.Tests/Debug/net8.0/Microsoft.TypeSpec.Generator.ClientModel.Tests.dll" adapterTypeName="executor://nunit3testexecutor/" className="Microsoft.TypeSpec.Generator.ClientModel.Tests.Providers.ClientUriBuilderTests" name="ResetThenAppendPath(&quot;http://localhost/with&quot;,&quot;/path/&quot;,&quot;http://localhost/with/path/&quot;)" />
    </UnitTest>
    <UnitTest name="AppendPath_DateTimeOffset(&quot;http://localhost&quot;,&quot;6/30/1905 1:14:00 PM +00:00&quot;,&quot;O&quot;,False,&quot;http://localhost/1905-06-30T13:14:00.0000000Z&quot;)" storage="/home/runner/work/typespec/typespec/packages/http-client-csharp/generator/artifacts/bin/microsoft.typespec.generator.clientmodel.tests/debug/net8.0/microsoft.typespec.generator.clientmodel.tests.dll" id="87d61092-b49e-e6da-181a-7f8834a22795">
      <Execution id="c25a5ece-7658-465e-9668-a0c12dd30c5c" />
      <TestMethod codeBase="/home/runner/work/typespec/typespec/packages/http-client-csharp/generator/artifacts/bin/Microsoft.TypeSpec.Generator.ClientModel.Tests/Debug/net8.0/Microsoft.TypeSpec.Generator.ClientModel.Tests.dll" adapterTypeName="executor://nunit3testexecutor/" className="Microsoft.TypeSpec.Generator.ClientModel.Tests.Providers.ClientUriBuilderTests" name="AppendPath_DateTimeOffset(&quot;http://localhost&quot;,&quot;6/30/1905 1:14:00 PM +00:00&quot;,&quot;O&quot;,False,&quot;http://localhost/1905-06-30T13:14:00.0000000Z&quot;)" />
    </UnitTest>
    <UnitTest name="TestBuildJsonModelWriteCore(Microsoft.TypeSpec.Generator.Input.InputUnionType)" storage="/home/runner/work/typespec/typespec/packages/http-client-csharp/generator/artifacts/bin/microsoft.typespec.generator.clientmodel.tests/debug/net8.0/microsoft.typespec.generator.clientmodel.tests.dll" id="0e78e6c8-d302-cfca-dc84-e91db65a3135">
      <Execution id="3f53045e-99ec-4c6e-86ab-fbb106291a17" />
      <TestMethod codeBase="/home/runner/work/typespec/typespec/packages/http-client-csharp/generator/artifacts/bin/Microsoft.TypeSpec.Generator.ClientModel.Tests/Debug/net8.0/Microsoft.TypeSpec.Generator.ClientModel.Tests.dll" adapterTypeName="executor://nunit3testexecutor/" className="Microsoft.TypeSpec.Generator.ClientModel.Tests.Providers.MrwSerializationTypeDefinitions.AdditionalPropertiesTest" name="TestBuildJsonModelWriteCore(Microsoft.TypeSpec.Generator.Input.InputUnionType)" />
    </UnitTest>
    <UnitTest name="RoundTripWithModelInterfaceNonGeneric(&quot;W&quot;)" storage="/home/runner/work/typespec/typespec/packages/http-client-csharp/generator/artifacts/bin/microsoft.typespec.generator.clientmodel.tests/debug/net8.0/microsoft.typespec.generator.clientmodel.tests.dll" id="842ea89f-d86d-2b60-9c71-dee6ace08cf1">
      <Execution id="2a881410-58d4-4883-88bb-2096b2b92ba1" />
      <TestMethod codeBase="/home/runner/work/typespec/typespec/packages/http-client-csharp/generator/artifacts/bin/Microsoft.TypeSpec.Generator.ClientModel.Tests/Debug/net8.0/Microsoft.TypeSpec.Generator.ClientModel.Tests.dll" adapterTypeName="executor://nunit3testexecutor/" className="Microsoft.TypeSpec.Generator.ClientModel.Tests.ModelReaderWriterValidation.TestProjects.Sample_TypeSpec.RoundTripModelTests" name="RoundTripWithModelInterfaceNonGeneric(&quot;W&quot;)" />
    </UnitTest>
    <UnitTest name="TestBuildJsonModelCreateMethod" storage="/home/runner/work/typespec/typespec/packages/http-client-csharp/generator/artifacts/bin/microsoft.typespec.generator.clientmodel.tests/debug/net8.0/microsoft.typespec.generator.clientmodel.tests.dll" id="3b4a943d-7746-2ac4-aa4d-084a76bc5ce0">
      <Execution id="6d5cf161-4c04-4cbd-80fd-af126cffd804" />
      <TestMethod codeBase="/home/runner/work/typespec/typespec/packages/http-client-csharp/generator/artifacts/bin/Microsoft.TypeSpec.Generator.ClientModel.Tests/Debug/net8.0/Microsoft.TypeSpec.Generator.ClientModel.Tests.dll" adapterTypeName="executor://nunit3testexecutor/" className="Microsoft.TypeSpec.Generator.ClientModel.Tests.Providers.MrwSerializationTypeDefinitions.MrwSerializationTypeDefinitionTests" name="TestBuildJsonModelCreateMethod" />
    </UnitTest>
    <UnitTest name="RoundTripWithModelReaderWriter(&quot;W&quot;)" storage="/home/runner/work/typespec/typespec/packages/http-client-csharp/generator/artifacts/bin/microsoft.typespec.generator.clientmodel.tests/debug/net8.0/microsoft.typespec.generator.clientmodel.tests.dll" id="497952da-8550-fce8-7520-c78629959b53">
      <Execution id="82db3480-b9c0-4869-b3c4-46f77a4b63f4" />
      <TestMethod codeBase="/home/runner/work/typespec/typespec/packages/http-client-csharp/generator/artifacts/bin/Microsoft.TypeSpec.Generator.ClientModel.Tests/Debug/net8.0/Microsoft.TypeSpec.Generator.ClientModel.Tests.dll" adapterTypeName="executor://nunit3testexecutor/" className="Microsoft.TypeSpec.Generator.ClientModel.Tests.ModelReaderWriterValidation.TestProjects.Sample_TypeSpec.RenamedModelTests" name="RoundTripWithModelReaderWriter(&quot;W&quot;)" />
    </UnitTest>
    <UnitTest name="EndpointFieldAssignedFromStringParameter(&quot;{endpoint}&quot;,&quot;endpoint&quot;)" storage="/home/runner/work/typespec/typespec/packages/http-client-csharp/generator/artifacts/bin/microsoft.typespec.generator.clientmodel.tests/debug/net8.0/microsoft.typespec.generator.clientmodel.tests.dll" id="7904d1b1-607e-2d6f-5674-db51ba40f01a">
      <Execution id="cce6b0ab-9141-473a-a692-c55f43b1d7ce" />
      <TestMethod codeBase="/home/runner/work/typespec/typespec/packages/http-client-csharp/generator/artifacts/bin/Microsoft.TypeSpec.Generator.ClientModel.Tests/Debug/net8.0/Microsoft.TypeSpec.Generator.ClientModel.Tests.dll" adapterTypeName="executor://nunit3testexecutor/" className="Microsoft.TypeSpec.Generator.ClientModel.Tests.Providers.ClientProviders.ClientProviderTests" name="EndpointFieldAssignedFromStringParameter(&quot;{endpoint}&quot;,&quot;endpoint&quot;)" />
    </UnitTest>
    <UnitTest name="TestGetClientOptions(True)" storage="/home/runner/work/typespec/typespec/packages/http-client-csharp/generator/artifacts/bin/microsoft.typespec.generator.clientmodel.tests/debug/net8.0/microsoft.typespec.generator.clientmodel.tests.dll" id="cf012cb4-e83d-1909-fc0f-f01c58e7a4d2">
      <Execution id="e9498e18-a4f3-4d85-8af6-e0b62569f173" />
      <TestMethod codeBase="/home/runner/work/typespec/typespec/packages/http-client-csharp/generator/artifacts/bin/Microsoft.TypeSpec.Generator.ClientModel.Tests/Debug/net8.0/Microsoft.TypeSpec.Generator.ClientModel.Tests.dll" adapterTypeName="executor://nunit3testexecutor/" className="Microsoft.TypeSpec.Generator.ClientModel.Tests.Providers.ClientProviders.ClientProviderTests" name="TestGetClientOptions(True)" />
    </UnitTest>
    <UnitTest name="TestDeserializationStatement(Microsoft.TypeSpec.Generator.Input.InputModelProperty,False,False)" storage="/home/runner/work/typespec/typespec/packages/http-client-csharp/generator/artifacts/bin/microsoft.typespec.generator.clientmodel.tests/debug/net8.0/microsoft.typespec.generator.clientmodel.tests.dll" id="4475f251-65dc-0f4a-1b5f-4a7a6bbd208c">
      <Execution id="7c35d75a-056d-472e-a478-49785084d970" />
      <TestMethod codeBase="/home/runner/work/typespec/typespec/packages/http-client-csharp/generator/artifacts/bin/Microsoft.TypeSpec.Generator.ClientModel.Tests/Debug/net8.0/Microsoft.TypeSpec.Generator.ClientModel.Tests.dll" adapterTypeName="executor://nunit3testexecutor/" className="Microsoft.TypeSpec.Generator.ClientModel.Tests.Providers.MrwSerializationTypeDefinitions.DeserializationTests" name="TestDeserializationStatement(Microsoft.TypeSpec.Generator.Input.InputModelProperty,False,False)" />
    </UnitTest>
    <UnitTest name="CanChangeClientNamespace" storage="/home/runner/work/typespec/typespec/packages/http-client-csharp/generator/artifacts/bin/microsoft.typespec.generator.clientmodel.tests/debug/net8.0/microsoft.typespec.generator.clientmodel.tests.dll" id="e7665736-9460-afaf-265e-f237f6e8192a">
      <Execution id="2cd127b3-2c26-402e-8957-3a29ca2bb5fa" />
      <TestMethod codeBase="/home/runner/work/typespec/typespec/packages/http-client-csharp/generator/artifacts/bin/Microsoft.TypeSpec.Generator.ClientModel.Tests/Debug/net8.0/Microsoft.TypeSpec.Generator.ClientModel.Tests.dll" adapterTypeName="executor://nunit3testexecutor/" className="Microsoft.TypeSpec.Generator.ClientModel.Tests.Providers.ClientProviders.RestClientProviderCustomizationTests" name="CanChangeClientNamespace" />
    </UnitTest>
    <UnitTest name="DeserializeStruct" storage="/home/runner/work/typespec/typespec/packages/http-client-csharp/generator/artifacts/bin/microsoft.typespec.generator.clientmodel.tests/debug/net8.0/microsoft.typespec.generator.clientmodel.tests.dll" id="b34d9c33-6985-e559-8358-fd1a34fee8fa">
      <Execution id="1e0e8ec3-29c0-4ea3-a4e7-b12a26f5f773" />
      <TestMethod codeBase="/home/runner/work/typespec/typespec/packages/http-client-csharp/generator/artifacts/bin/Microsoft.TypeSpec.Generator.ClientModel.Tests/Debug/net8.0/Microsoft.TypeSpec.Generator.ClientModel.Tests.dll" adapterTypeName="executor://nunit3testexecutor/" className="Microsoft.TypeSpec.Generator.ClientModel.Tests.Providers.MrwSerializationTypeDefinitions.DeserializationTests" name="DeserializeStruct" />
    </UnitTest>
    <UnitTest name="TestBuildAuthFields_NoAuth(System.Collections.Generic.List`1[Microsoft.TypeSpec.Generator.Input.InputParameter])" storage="/home/runner/work/typespec/typespec/packages/http-client-csharp/generator/artifacts/bin/microsoft.typespec.generator.clientmodel.tests/debug/net8.0/microsoft.typespec.generator.clientmodel.tests.dll" id="3e51833d-f117-3a73-25e0-3ddbb4fb98e4">
      <Execution id="88ad6cc2-b377-4519-8b64-63a3a4b7a275" />
      <TestMethod codeBase="/home/runner/work/typespec/typespec/packages/http-client-csharp/generator/artifacts/bin/Microsoft.TypeSpec.Generator.ClientModel.Tests/Debug/net8.0/Microsoft.TypeSpec.Generator.ClientModel.Tests.dll" adapterTypeName="executor://nunit3testexecutor/" className="Microsoft.TypeSpec.Generator.ClientModel.Tests.Providers.ClientProviders.ClientProviderTests" name="TestBuildAuthFields_NoAuth(System.Collections.Generic.List`1[Microsoft.TypeSpec.Generator.Input.InputParameter])" />
    </UnitTest>
    <UnitTest name="FormatsTimeSpanAsJson(&quot;P&quot;,1.02:59:59,&quot;P1DT2H59M59S&quot;)" storage="/home/runner/work/typespec/typespec/packages/http-client-csharp/generator/artifacts/bin/microsoft.typespec.generator.clientmodel.tests/debug/net8.0/microsoft.typespec.generator.clientmodel.tests.dll" id="d57e935f-56fe-04b0-88db-49c67d440c2e">
      <Execution id="3d9a7488-9423-4944-89fd-570453c57575" />
      <TestMethod codeBase="/home/runner/work/typespec/typespec/packages/http-client-csharp/generator/artifacts/bin/Microsoft.TypeSpec.Generator.ClientModel.Tests/Debug/net8.0/Microsoft.TypeSpec.Generator.ClientModel.Tests.dll" adapterTypeName="executor://nunit3testexecutor/" className="Microsoft.TypeSpec.Generator.ClientModel.Tests.Providers.TypeFormatterTests" name="FormatsTimeSpanAsJson(&quot;P&quot;,1.02:59:59,&quot;P1DT2H59M59S&quot;)" />
    </UnitTest>
    <UnitTest name="ResetThenAppendPath(&quot;http://localhost/with/&quot;,&quot;/path/&quot;,&quot;http://localhost/with/path/&quot;)" storage="/home/runner/work/typespec/typespec/packages/http-client-csharp/generator/artifacts/bin/microsoft.typespec.generator.clientmodel.tests/debug/net8.0/microsoft.typespec.generator.clientmodel.tests.dll" id="5df8c735-ee70-086b-4ece-801e17a288cc">
      <Execution id="999fa0a2-a48e-4f67-a16a-a38e8d0170ac" />
      <TestMethod codeBase="/home/runner/work/typespec/typespec/packages/http-client-csharp/generator/artifacts/bin/Microsoft.TypeSpec.Generator.ClientModel.Tests/Debug/net8.0/Microsoft.TypeSpec.Generator.ClientModel.Tests.dll" adapterTypeName="executor://nunit3testexecutor/" className="Microsoft.TypeSpec.Generator.ClientModel.Tests.Providers.ClientUriBuilderTests" name="ResetThenAppendPath(&quot;http://localhost/with/&quot;,&quot;/path/&quot;,&quot;http://localhost/with/path/&quot;)" />
    </UnitTest>
    <UnitTest name="ValidateConvertToString(&quot;O&quot;,12/31/9999 23:59:59 +00:00,&quot;9999-12-31T23:59:59.9999999Z&quot;)" storage="/home/runner/work/typespec/typespec/packages/http-client-csharp/generator/artifacts/bin/microsoft.typespec.generator.clientmodel.tests/debug/net8.0/microsoft.typespec.generator.clientmodel.tests.dll" id="4eacd397-5546-4e42-e68f-700bea3cfca6">
      <Execution id="f3410ea3-dfcf-49f5-b6e8-053e3dbddfc7" />
      <TestMethod codeBase="/home/runner/work/typespec/typespec/packages/http-client-csharp/generator/artifacts/bin/Microsoft.TypeSpec.Generator.ClientModel.Tests/Debug/net8.0/Microsoft.TypeSpec.Generator.ClientModel.Tests.dll" adapterTypeName="executor://nunit3testexecutor/" className="Microsoft.TypeSpec.Generator.ClientModel.Tests.Providers.TypeFormatterTests" name="ValidateConvertToString(&quot;O&quot;,12/31/9999 23:59:59 +00:00,&quot;9999-12-31T23:59:59.9999999Z&quot;)" />
    </UnitTest>
    <UnitTest name="CanCustomizeLiteralExtensibleEnum(Microsoft.TypeSpec.Generator.Input.InputLiteralType)" storage="/home/runner/work/typespec/typespec/packages/http-client-csharp/generator/artifacts/bin/microsoft.typespec.generator.clientmodel.tests/debug/net8.0/microsoft.typespec.generator.clientmodel.tests.dll" id="43f1300e-f020-7c17-c8a6-2b28700085f2">
      <Execution id="7aee540d-775f-4376-8f16-d959e20dfd66" />
      <TestMethod codeBase="/home/runner/work/typespec/typespec/packages/http-client-csharp/generator/artifacts/bin/Microsoft.TypeSpec.Generator.ClientModel.Tests/Debug/net8.0/Microsoft.TypeSpec.Generator.ClientModel.Tests.dll" adapterTypeName="executor://nunit3testexecutor/" className="Microsoft.TypeSpec.Generator.ClientModel.Tests.Providers.MrwSerializationTypeDefinitions.SerializationCustomizationTests" name="CanCustomizeLiteralExtensibleEnum(Microsoft.TypeSpec.Generator.Input.InputLiteralType)" />
    </UnitTest>
    <UnitTest name="AppendQuery_Float(&quot;http://localhost&quot;,3.14f,False,&quot;http://localhost/?query=3.14&quot;)" storage="/home/runner/work/typespec/typespec/packages/http-client-csharp/generator/artifacts/bin/microsoft.typespec.generator.clientmodel.tests/debug/net8.0/microsoft.typespec.generator.clientmodel.tests.dll" id="d341eb56-4b23-b767-48eb-8a58e9956c80">
      <Execution id="bd3ed0c7-0b15-4d31-9ae7-a4b38e084523" />
      <TestMethod codeBase="/home/runner/work/typespec/typespec/packages/http-client-csharp/generator/artifacts/bin/Microsoft.TypeSpec.Generator.ClientModel.Tests/Debug/net8.0/Microsoft.TypeSpec.Generator.ClientModel.Tests.dll" adapterTypeName="executor://nunit3testexecutor/" className="Microsoft.TypeSpec.Generator.ClientModel.Tests.Providers.ClientUriBuilderTests" name="AppendQuery_Float(&quot;http://localhost&quot;,3.14f,False,&quot;http://localhost/?query=3.14&quot;)" />
    </UnitTest>
    <UnitTest name="RoundTripWithModelReaderWriterNonGeneric(&quot;J&quot;)" storage="/home/runner/work/typespec/typespec/packages/http-client-csharp/generator/artifacts/bin/microsoft.typespec.generator.clientmodel.tests/debug/net8.0/microsoft.typespec.generator.clientmodel.tests.dll" id="7c3720c5-94a3-4796-f141-9da3b939ea0f">
      <Execution id="3c32267a-830c-4112-b6ef-3e21455b3351" />
      <TestMethod codeBase="/home/runner/work/typespec/typespec/packages/http-client-csharp/generator/artifacts/bin/Microsoft.TypeSpec.Generator.ClientModel.Tests/Debug/net8.0/Microsoft.TypeSpec.Generator.ClientModel.Tests.dll" adapterTypeName="executor://nunit3testexecutor/" className="Microsoft.TypeSpec.Generator.ClientModel.Tests.ModelReaderWriterValidation.TestProjects.Sample_TypeSpec.FriendTests" name="RoundTripWithModelReaderWriterNonGeneric(&quot;J&quot;)" />
    </UnitTest>
    <UnitTest name="AppendPath_Float(&quot;http://localhost&quot;,3.14f,False,&quot;http://localhost/3.14&quot;)" storage="/home/runner/work/typespec/typespec/packages/http-client-csharp/generator/artifacts/bin/microsoft.typespec.generator.clientmodel.tests/debug/net8.0/microsoft.typespec.generator.clientmodel.tests.dll" id="e40e07d2-876d-1f57-b753-1a1606f1526f">
      <Execution id="fb7ef217-8cfc-4594-b2c3-f49fb95df18b" />
      <TestMethod codeBase="/home/runner/work/typespec/typespec/packages/http-client-csharp/generator/artifacts/bin/Microsoft.TypeSpec.Generator.ClientModel.Tests/Debug/net8.0/Microsoft.TypeSpec.Generator.ClientModel.Tests.dll" adapterTypeName="executor://nunit3testexecutor/" className="Microsoft.TypeSpec.Generator.ClientModel.Tests.Providers.ClientUriBuilderTests" name="AppendPath_Float(&quot;http://localhost&quot;,3.14f,False,&quot;http://localhost/3.14&quot;)" />
    </UnitTest>
    <UnitTest name="TestEqualAfterConvertingToUtc(&quot;2020-05-04T03:02:01.1230000&quot;)" storage="/home/runner/work/typespec/typespec/packages/http-client-csharp/generator/artifacts/bin/microsoft.typespec.generator.clientmodel.tests/debug/net8.0/microsoft.typespec.generator.clientmodel.tests.dll" id="756b8d5a-da58-e698-7688-1e61968366ee">
      <Execution id="7ce1ad4b-ae2a-4226-859a-be19530f508e" />
      <TestMethod codeBase="/home/runner/work/typespec/typespec/packages/http-client-csharp/generator/artifacts/bin/Microsoft.TypeSpec.Generator.ClientModel.Tests/Debug/net8.0/Microsoft.TypeSpec.Generator.ClientModel.Tests.dll" adapterTypeName="executor://nunit3testexecutor/" className="Microsoft.TypeSpec.Generator.ClientModel.Tests.Providers.TypeFormatterTests" name="TestEqualAfterConvertingToUtc(&quot;2020-05-04T03:02:01.1230000&quot;)" />
    </UnitTest>
    <UnitTest name="ResetThenAppendPath(&quot;http://localhost:12345/with/&quot;,null,&quot;http://localhost:12345/with/&quot;)" storage="/home/runner/work/typespec/typespec/packages/http-client-csharp/generator/artifacts/bin/microsoft.typespec.generator.clientmodel.tests/debug/net8.0/microsoft.typespec.generator.clientmodel.tests.dll" id="e11309ac-b0a6-8c39-60d7-dba8677b0b69">
      <Execution id="45a615b9-639b-4f67-b4d4-0b47b01975a0" />
      <TestMethod codeBase="/home/runner/work/typespec/typespec/packages/http-client-csharp/generator/artifacts/bin/Microsoft.TypeSpec.Generator.ClientModel.Tests/Debug/net8.0/Microsoft.TypeSpec.Generator.ClientModel.Tests.dll" adapterTypeName="executor://nunit3testexecutor/" className="Microsoft.TypeSpec.Generator.ClientModel.Tests.Providers.ClientUriBuilderTests" name="ResetThenAppendPath(&quot;http://localhost:12345/with/&quot;,null,&quot;http://localhost:12345/with/&quot;)" />
    </UnitTest>
    <UnitTest name="EndpointFieldAssignedFromUriParameter" storage="/home/runner/work/typespec/typespec/packages/http-client-csharp/generator/artifacts/bin/microsoft.typespec.generator.clientmodel.tests/debug/net8.0/microsoft.typespec.generator.clientmodel.tests.dll" id="975aab6a-b3f2-b4e7-05ec-c104b83f4704">
      <Execution id="1196991b-a70c-4cf7-8e30-2b87bae8f689" />
      <TestMethod codeBase="/home/runner/work/typespec/typespec/packages/http-client-csharp/generator/artifacts/bin/Microsoft.TypeSpec.Generator.ClientModel.Tests/Debug/net8.0/Microsoft.TypeSpec.Generator.ClientModel.Tests.dll" adapterTypeName="executor://nunit3testexecutor/" className="Microsoft.TypeSpec.Generator.ClientModel.Tests.Providers.ClientProviders.ClientProviderTests" name="EndpointFieldAssignedFromUriParameter" />
    </UnitTest>
    <UnitTest name="AppendPath_Double(&quot;http://localhost&quot;,-3.14d,False,&quot;http://localhost/-3.14&quot;)" storage="/home/runner/work/typespec/typespec/packages/http-client-csharp/generator/artifacts/bin/microsoft.typespec.generator.clientmodel.tests/debug/net8.0/microsoft.typespec.generator.clientmodel.tests.dll" id="7bb6cf57-3b02-b6a7-9bfb-642a63859d02">
      <Execution id="c6b077a3-5c24-4b52-aca4-ca2a5babf5e9" />
      <TestMethod codeBase="/home/runner/work/typespec/typespec/packages/http-client-csharp/generator/artifacts/bin/Microsoft.TypeSpec.Generator.ClientModel.Tests/Debug/net8.0/Microsoft.TypeSpec.Generator.ClientModel.Tests.dll" adapterTypeName="executor://nunit3testexecutor/" className="Microsoft.TypeSpec.Generator.ClientModel.Tests.Providers.ClientUriBuilderTests" name="AppendPath_Double(&quot;http://localhost&quot;,-3.14d,False,&quot;http://localhost/-3.14&quot;)" />
    </UnitTest>
    <UnitTest name="ResetThenAppendPathThenAppendQuery(&quot;http://localhost:12345&quot;,&quot;/some&quot;,&quot;one|1|two|2&quot;,&quot;http://localhost:12345/some?one=1&amp;two=2&quot;)" storage="/home/runner/work/typespec/typespec/packages/http-client-csharp/generator/artifacts/bin/microsoft.typespec.generator.clientmodel.tests/debug/net8.0/microsoft.typespec.generator.clientmodel.tests.dll" id="88584719-7016-3e9e-c1c5-28b497cc6d24">
      <Execution id="62bb1cf9-da0b-49a8-b8a9-380fed06848b" />
      <TestMethod codeBase="/home/runner/work/typespec/typespec/packages/http-client-csharp/generator/artifacts/bin/Microsoft.TypeSpec.Generator.ClientModel.Tests/Debug/net8.0/Microsoft.TypeSpec.Generator.ClientModel.Tests.dll" adapterTypeName="executor://nunit3testexecutor/" className="Microsoft.TypeSpec.Generator.ClientModel.Tests.Providers.ClientUriBuilderTests" name="ResetThenAppendPathThenAppendQuery(&quot;http://localhost:12345&quot;,&quot;/some&quot;,&quot;one|1|two|2&quot;,&quot;http://localhost:12345/some?one=1&amp;two=2&quot;)" />
    </UnitTest>
    <UnitTest name="TestImplements" storage="/home/runner/work/typespec/typespec/packages/http-client-csharp/generator/artifacts/bin/microsoft.typespec.generator.clientmodel.tests/debug/net8.0/microsoft.typespec.generator.clientmodel.tests.dll" id="2373c0bd-121c-20ca-d30b-76178bf4018a">
      <Execution id="5a3e12dd-ab1f-44da-a7ae-0c3e856d1fac" />
      <TestMethod codeBase="/home/runner/work/typespec/typespec/packages/http-client-csharp/generator/artifacts/bin/Microsoft.TypeSpec.Generator.ClientModel.Tests/Debug/net8.0/Microsoft.TypeSpec.Generator.ClientModel.Tests.dll" adapterTypeName="executor://nunit3testexecutor/" className="Microsoft.TypeSpec.Generator.ClientModel.Tests.Providers.ClientOptionsProviderTests" name="TestImplements" />
    </UnitTest>
    <UnitTest name="AppendPath_Bool(&quot;http://localhost&quot;,False,False,&quot;http://localhost/false&quot;)" storage="/home/runner/work/typespec/typespec/packages/http-client-csharp/generator/artifacts/bin/microsoft.typespec.generator.clientmodel.tests/debug/net8.0/microsoft.typespec.generator.clientmodel.tests.dll" id="a9afc559-32b2-53d2-9918-0db87b84238e">
      <Execution id="ed0f8343-7e9f-470c-8281-1addd3754c1e" />
      <TestMethod codeBase="/home/runner/work/typespec/typespec/packages/http-client-csharp/generator/artifacts/bin/Microsoft.TypeSpec.Generator.ClientModel.Tests/Debug/net8.0/Microsoft.TypeSpec.Generator.ClientModel.Tests.dll" adapterTypeName="executor://nunit3testexecutor/" className="Microsoft.TypeSpec.Generator.ClientModel.Tests.Providers.ClientUriBuilderTests" name="AppendPath_Bool(&quot;http://localhost&quot;,False,False,&quot;http://localhost/false&quot;)" />
    </UnitTest>
    <UnitTest name="TestIntSerializationStatement(Integer,null)" storage="/home/runner/work/typespec/typespec/packages/http-client-csharp/generator/artifacts/bin/microsoft.typespec.generator.clientmodel.tests/debug/net8.0/microsoft.typespec.generator.clientmodel.tests.dll" id="5cb75f93-582a-f23d-368f-fc8ebba62e48">
      <Execution id="e4380fb4-68a4-44ac-827f-f0733ecb9e50" />
      <TestMethod codeBase="/home/runner/work/typespec/typespec/packages/http-client-csharp/generator/artifacts/bin/Microsoft.TypeSpec.Generator.ClientModel.Tests/Debug/net8.0/Microsoft.TypeSpec.Generator.ClientModel.Tests.dll" adapterTypeName="executor://nunit3testexecutor/" className="Microsoft.TypeSpec.Generator.ClientModel.Tests.Providers.MrwSerializationTypeDefinitions.MrwSerializationTypeDefinitionTests" name="TestIntSerializationStatement(Integer,null)" />
    </UnitTest>
    <UnitTest name="AppendQuery_Long(&quot;http://localhost&quot;,299792458000000L,True,&quot;http://localhost/?query=299792458000000&quot;)" storage="/home/runner/work/typespec/typespec/packages/http-client-csharp/generator/artifacts/bin/microsoft.typespec.generator.clientmodel.tests/debug/net8.0/microsoft.typespec.generator.clientmodel.tests.dll" id="7dbd18e0-0b4f-c7d2-d7c9-de0e1796dbfb">
      <Execution id="f59a3ac8-70e7-48de-901d-556762aecb19" />
      <TestMethod codeBase="/home/runner/work/typespec/typespec/packages/http-client-csharp/generator/artifacts/bin/Microsoft.TypeSpec.Generator.ClientModel.Tests/Debug/net8.0/Microsoft.TypeSpec.Generator.ClientModel.Tests.dll" adapterTypeName="executor://nunit3testexecutor/" className="Microsoft.TypeSpec.Generator.ClientModel.Tests.Providers.ClientUriBuilderTests" name="AppendQuery_Long(&quot;http://localhost&quot;,299792458000000L,True,&quot;http://localhost/?query=299792458000000&quot;)" />
    </UnitTest>
    <UnitTest name="ResetThenAppendPath(&quot;http://localhost:12345/with&quot;,null,&quot;http://localhost:12345/with&quot;)" storage="/home/runner/work/typespec/typespec/packages/http-client-csharp/generator/artifacts/bin/microsoft.typespec.generator.clientmodel.tests/debug/net8.0/microsoft.typespec.generator.clientmodel.tests.dll" id="3de26f97-04f3-7779-840b-49de49e85f73">
      <Execution id="d35a2b1f-36f9-4be6-8101-31a7c6601547" />
      <TestMethod codeBase="/home/runner/work/typespec/typespec/packages/http-client-csharp/generator/artifacts/bin/Microsoft.TypeSpec.Generator.ClientModel.Tests/Debug/net8.0/Microsoft.TypeSpec.Generator.ClientModel.Tests.dll" adapterTypeName="executor://nunit3testexecutor/" className="Microsoft.TypeSpec.Generator.ClientModel.Tests.Providers.ClientUriBuilderTests" name="ResetThenAppendPath(&quot;http://localhost:12345/with&quot;,null,&quot;http://localhost:12345/with&quot;)" />
    </UnitTest>
    <UnitTest name="AppendQuery_Int(&quot;http://localhost&quot;,299792458,False,&quot;http://localhost/?query=299792458&quot;)" storage="/home/runner/work/typespec/typespec/packages/http-client-csharp/generator/artifacts/bin/microsoft.typespec.generator.clientmodel.tests/debug/net8.0/microsoft.typespec.generator.clientmodel.tests.dll" id="3d1620ff-198d-50c6-b337-596fac219ddf">
      <Execution id="bed6ee38-8c5f-4f6d-b084-d0882afddc9e" />
      <TestMethod codeBase="/home/runner/work/typespec/typespec/packages/http-client-csharp/generator/artifacts/bin/Microsoft.TypeSpec.Generator.ClientModel.Tests/Debug/net8.0/Microsoft.TypeSpec.Generator.ClientModel.Tests.dll" adapterTypeName="executor://nunit3testexecutor/" className="Microsoft.TypeSpec.Generator.ClientModel.Tests.Providers.ClientUriBuilderTests" name="AppendQuery_Int(&quot;http://localhost&quot;,299792458,False,&quot;http://localhost/?query=299792458&quot;)" />
    </UnitTest>
    <UnitTest name="RoundTripWithModelReaderWriterNonGeneric(&quot;J&quot;)" storage="/home/runner/work/typespec/typespec/packages/http-client-csharp/generator/artifacts/bin/microsoft.typespec.generator.clientmodel.tests/debug/net8.0/microsoft.typespec.generator.clientmodel.tests.dll" id="48fd316c-30a1-09ce-b3db-3f8f54806915">
      <Execution id="65a18611-76d6-4824-958c-127ba2b6cd16" />
      <TestMethod codeBase="/home/runner/work/typespec/typespec/packages/http-client-csharp/generator/artifacts/bin/Microsoft.TypeSpec.Generator.ClientModel.Tests/Debug/net8.0/Microsoft.TypeSpec.Generator.ClientModel.Tests.dll" adapterTypeName="executor://nunit3testexecutor/" className="Microsoft.TypeSpec.Generator.ClientModel.Tests.ModelReaderWriterValidation.TestProjects.Sample_TypeSpec.ThingWithNullsTests" name="RoundTripWithModelReaderWriterNonGeneric(&quot;J&quot;)" />
    </UnitTest>
    <UnitTest name="AppendPath_Bool(&quot;http://localhost&quot;,True,False,&quot;http://localhost/true&quot;)" storage="/home/runner/work/typespec/typespec/packages/http-client-csharp/generator/artifacts/bin/microsoft.typespec.generator.clientmodel.tests/debug/net8.0/microsoft.typespec.generator.clientmodel.tests.dll" id="b7cb028a-5759-3a16-c636-c03c5b445e0f">
      <Execution id="8b82438c-b14e-4008-8076-abe6d3510ced" />
      <TestMethod codeBase="/home/runner/work/typespec/typespec/packages/http-client-csharp/generator/artifacts/bin/Microsoft.TypeSpec.Generator.ClientModel.Tests/Debug/net8.0/Microsoft.TypeSpec.Generator.ClientModel.Tests.dll" adapterTypeName="executor://nunit3testexecutor/" className="Microsoft.TypeSpec.Generator.ClientModel.Tests.Providers.ClientUriBuilderTests" name="AppendPath_Bool(&quot;http://localhost&quot;,True,False,&quot;http://localhost/true&quot;)" />
    </UnitTest>
    <UnitTest name="ResetThenAppendQueryThenAppendPath(&quot;http://localhost&quot;,&quot;some/&quot;,&quot;one|1|two|2&quot;,&quot;http://localhost/some/?one=1&amp;two=2&quot;)" storage="/home/runner/work/typespec/typespec/packages/http-client-csharp/generator/artifacts/bin/microsoft.typespec.generator.clientmodel.tests/debug/net8.0/microsoft.typespec.generator.clientmodel.tests.dll" id="e3ab55ff-d050-071c-735b-0ca651c32877">
      <Execution id="40bc4c27-5dc2-4a92-a90e-6e346e97b3cb" />
      <TestMethod codeBase="/home/runner/work/typespec/typespec/packages/http-client-csharp/generator/artifacts/bin/Microsoft.TypeSpec.Generator.ClientModel.Tests/Debug/net8.0/Microsoft.TypeSpec.Generator.ClientModel.Tests.dll" adapterTypeName="executor://nunit3testexecutor/" className="Microsoft.TypeSpec.Generator.ClientModel.Tests.Providers.ClientUriBuilderTests" name="ResetThenAppendQueryThenAppendPath(&quot;http://localhost&quot;,&quot;some/&quot;,&quot;one|1|two|2&quot;,&quot;http://localhost/some/?one=1&amp;two=2&quot;)" />
    </UnitTest>
    <UnitTest name="RoundTripWithJsonInterfaceUtf8Reader(&quot;J&quot;)" storage="/home/runner/work/typespec/typespec/packages/http-client-csharp/generator/artifacts/bin/microsoft.typespec.generator.clientmodel.tests/debug/net8.0/microsoft.typespec.generator.clientmodel.tests.dll" id="5eb3f986-7ddf-5527-7d0a-1a62f3ed87dd">
      <Execution id="7f91a12d-e82a-4962-b068-401e2cb6d12e" />
      <TestMethod codeBase="/home/runner/work/typespec/typespec/packages/http-client-csharp/generator/artifacts/bin/Microsoft.TypeSpec.Generator.ClientModel.Tests/Debug/net8.0/Microsoft.TypeSpec.Generator.ClientModel.Tests.dll" adapterTypeName="executor://nunit3testexecutor/" className="Microsoft.TypeSpec.Generator.ClientModel.Tests.ModelReaderWriterValidation.TestProjects.Sample_TypeSpec.RenamedModelTests" name="RoundTripWithJsonInterfaceUtf8Reader(&quot;J&quot;)" />
    </UnitTest>
    <UnitTest name="RoundTripWithModelCast(&quot;W&quot;)" storage="/home/runner/work/typespec/typespec/packages/http-client-csharp/generator/artifacts/bin/microsoft.typespec.generator.clientmodel.tests/debug/net8.0/microsoft.typespec.generator.clientmodel.tests.dll" id="95c28ecf-7977-c561-acf2-769224b0280a">
      <Execution id="1c31174b-d5ea-43b5-bef7-e0a4247b6cf9" />
      <TestMethod codeBase="/home/runner/work/typespec/typespec/packages/http-client-csharp/generator/artifacts/bin/Microsoft.TypeSpec.Generator.ClientModel.Tests/Debug/net8.0/Microsoft.TypeSpec.Generator.ClientModel.Tests.dll" adapterTypeName="executor://nunit3testexecutor/" className="Microsoft.TypeSpec.Generator.ClientModel.Tests.ModelReaderWriterValidation.TestProjects.Sample_TypeSpec.FriendTests" name="RoundTripWithModelCast(&quot;W&quot;)" />
    </UnitTest>
    <UnitTest name="KebabCaseSerializedName" storage="/home/runner/work/typespec/typespec/packages/http-client-csharp/generator/artifacts/bin/microsoft.typespec.generator.clientmodel.tests/debug/net8.0/microsoft.typespec.generator.clientmodel.tests.dll" id="6929059c-5d5d-3365-e446-d5e0c0c63b90">
      <Execution id="6f10041d-e593-4a8d-bc04-f3d0fd661345" />
      <TestMethod codeBase="/home/runner/work/typespec/typespec/packages/http-client-csharp/generator/artifacts/bin/Microsoft.TypeSpec.Generator.ClientModel.Tests/Debug/net8.0/Microsoft.TypeSpec.Generator.ClientModel.Tests.dll" adapterTypeName="executor://nunit3testexecutor/" className="Microsoft.TypeSpec.Generator.ClientModel.Tests.Providers.MrwSerializationTypeDefinitions.JsonModelCoreTests" name="KebabCaseSerializedName" />
    </UnitTest>
    <UnitTest name="ValidateQueryParamDiff" storage="/home/runner/work/typespec/typespec/packages/http-client-csharp/generator/artifacts/bin/microsoft.typespec.generator.clientmodel.tests/debug/net8.0/microsoft.typespec.generator.clientmodel.tests.dll" id="666933bf-ca6e-ed0a-22c8-e8c76fc314a6">
      <Execution id="865835d2-5056-4b3e-acf2-5a046e5eebe1" />
      <TestMethod codeBase="/home/runner/work/typespec/typespec/packages/http-client-csharp/generator/artifacts/bin/Microsoft.TypeSpec.Generator.ClientModel.Tests/Debug/net8.0/Microsoft.TypeSpec.Generator.ClientModel.Tests.dll" adapterTypeName="executor://nunit3testexecutor/" className="Microsoft.TypeSpec.Generator.ClientModel.Tests.Providers.ClientProviders.ClientProviderTests" name="ValidateQueryParamDiff" />
    </UnitTest>
    <UnitTest name="RoundTripWithJsonInterfaceNonGeneric(&quot;W&quot;)" storage="/home/runner/work/typespec/typespec/packages/http-client-csharp/generator/artifacts/bin/microsoft.typespec.generator.clientmodel.tests/debug/net8.0/microsoft.typespec.generator.clientmodel.tests.dll" id="19df9d5f-570b-e54d-a401-8a0b00b67220">
      <Execution id="ff7444c4-f073-4c6b-af24-861d9fdf01bf" />
      <TestMethod codeBase="/home/runner/work/typespec/typespec/packages/http-client-csharp/generator/artifacts/bin/Microsoft.TypeSpec.Generator.ClientModel.Tests/Debug/net8.0/Microsoft.TypeSpec.Generator.ClientModel.Tests.dll" adapterTypeName="executor://nunit3testexecutor/" className="Microsoft.TypeSpec.Generator.ClientModel.Tests.ModelReaderWriterValidation.TestProjects.Sample_TypeSpec.RenamedModelTests" name="RoundTripWithJsonInterfaceNonGeneric(&quot;W&quot;)" />
    </UnitTest>
    <UnitTest name="TestIntDeserializeExpression(System.Int64,Default)" storage="/home/runner/work/typespec/typespec/packages/http-client-csharp/generator/artifacts/bin/microsoft.typespec.generator.clientmodel.tests/debug/net8.0/microsoft.typespec.generator.clientmodel.tests.dll" id="d6098f81-48a5-ada0-84fc-9f1410547a55">
      <Execution id="db796959-a30d-40c6-8440-21769b6ddbae" />
      <TestMethod codeBase="/home/runner/work/typespec/typespec/packages/http-client-csharp/generator/artifacts/bin/Microsoft.TypeSpec.Generator.ClientModel.Tests/Debug/net8.0/Microsoft.TypeSpec.Generator.ClientModel.Tests.dll" adapterTypeName="executor://nunit3testexecutor/" className="Microsoft.TypeSpec.Generator.ClientModel.Tests.Providers.MrwSerializationTypeDefinitions.MrwSerializationTypeDefinitionTests" name="TestIntDeserializeExpression(System.Int64,Default)" />
    </UnitTest>
    <UnitTest name="ValidateConvertToString(null,3.14d,&quot;3.14&quot;)" storage="/home/runner/work/typespec/typespec/packages/http-client-csharp/generator/artifacts/bin/microsoft.typespec.generator.clientmodel.tests/debug/net8.0/microsoft.typespec.generator.clientmodel.tests.dll" id="109643b4-ea5c-ad45-126d-1b025f818c70">
      <Execution id="e41a99d4-b25b-40e0-902f-443883a4b165" />
      <TestMethod codeBase="/home/runner/work/typespec/typespec/packages/http-client-csharp/generator/artifacts/bin/Microsoft.TypeSpec.Generator.ClientModel.Tests/Debug/net8.0/Microsoft.TypeSpec.Generator.ClientModel.Tests.dll" adapterTypeName="executor://nunit3testexecutor/" className="Microsoft.TypeSpec.Generator.ClientModel.Tests.Providers.TypeFormatterTests" name="ValidateConvertToString(null,3.14d,&quot;3.14&quot;)" />
    </UnitTest>
    <UnitTest name="ResetThenAppendPath(&quot;http://localhost:12345&quot;,&quot;/path/&quot;,&quot;http://localhost:12345/path/&quot;)" storage="/home/runner/work/typespec/typespec/packages/http-client-csharp/generator/artifacts/bin/microsoft.typespec.generator.clientmodel.tests/debug/net8.0/microsoft.typespec.generator.clientmodel.tests.dll" id="c8d027c8-5f36-2b46-5bad-f085954c1e99">
      <Execution id="c84dd3ec-943b-4283-a1d5-345bd5f183a8" />
      <TestMethod codeBase="/home/runner/work/typespec/typespec/packages/http-client-csharp/generator/artifacts/bin/Microsoft.TypeSpec.Generator.ClientModel.Tests/Debug/net8.0/Microsoft.TypeSpec.Generator.ClientModel.Tests.dll" adapterTypeName="executor://nunit3testexecutor/" className="Microsoft.TypeSpec.Generator.ClientModel.Tests.Providers.ClientUriBuilderTests" name="ResetThenAppendPath(&quot;http://localhost:12345&quot;,&quot;/path/&quot;,&quot;http://localhost:12345/path/&quot;)" />
    </UnitTest>
    <UnitTest name="PreVisitsMethods" storage="/home/runner/work/typespec/typespec/packages/http-client-csharp/generator/artifacts/bin/microsoft.typespec.generator.clientmodel.tests/debug/net8.0/microsoft.typespec.generator.clientmodel.tests.dll" id="03a1c178-bca2-901c-99a9-747e7f63e0f2">
      <Execution id="b6c14c1c-647b-49e1-8ed6-d82a612e5891" />
      <TestMethod codeBase="/home/runner/work/typespec/typespec/packages/http-client-csharp/generator/artifacts/bin/Microsoft.TypeSpec.Generator.ClientModel.Tests/Debug/net8.0/Microsoft.TypeSpec.Generator.ClientModel.Tests.dll" adapterTypeName="executor://nunit3testexecutor/" className="Microsoft.TypeSpec.Generator.ClientModel.Tests.InputLibraryVisitorTests" name="PreVisitsMethods" />
    </UnitTest>
    <UnitTest name="BinaryDataParameterHasValidation" storage="/home/runner/work/typespec/typespec/packages/http-client-csharp/generator/artifacts/bin/microsoft.typespec.generator.clientmodel.tests/debug/net8.0/microsoft.typespec.generator.clientmodel.tests.dll" id="57ac62af-6075-79ea-79c9-3a588a195273">
      <Execution id="15fc7a28-7bbf-4b4b-9d03-dcaf185c8d5c" />
      <TestMethod codeBase="/home/runner/work/typespec/typespec/packages/http-client-csharp/generator/artifacts/bin/Microsoft.TypeSpec.Generator.ClientModel.Tests/Debug/net8.0/Microsoft.TypeSpec.Generator.ClientModel.Tests.dll" adapterTypeName="executor://nunit3testexecutor/" className="Microsoft.TypeSpec.Generator.ClientModel.Tests.ScmKnownParametersTests" name="BinaryDataParameterHasValidation" />
    </UnitTest>
    <UnitTest name="TestRequestOptionsParameterInSignature(Microsoft.TypeSpec.Generator.Input.InputBasicServiceMethod,False,False)" storage="/home/runner/work/typespec/typespec/packages/http-client-csharp/generator/artifacts/bin/microsoft.typespec.generator.clientmodel.tests/debug/net8.0/microsoft.typespec.generator.clientmodel.tests.dll" id="5cecca1b-6cfe-a561-61db-bfb6cc7f6214">
      <Execution id="19ff7779-0681-42fa-941e-d8dbcf34aad9" />
      <TestMethod codeBase="/home/runner/work/typespec/typespec/packages/http-client-csharp/generator/artifacts/bin/Microsoft.TypeSpec.Generator.ClientModel.Tests/Debug/net8.0/Microsoft.TypeSpec.Generator.ClientModel.Tests.dll" adapterTypeName="executor://nunit3testexecutor/" className="Microsoft.TypeSpec.Generator.ClientModel.Tests.Providers.ClientProviders.ClientProviderTests" name="TestRequestOptionsParameterInSignature(Microsoft.TypeSpec.Generator.Input.InputBasicServiceMethod,False,False)" />
    </UnitTest>
    <UnitTest name="TestBuildPersistableModelWriteCoreMethod(False)" storage="/home/runner/work/typespec/typespec/packages/http-client-csharp/generator/artifacts/bin/microsoft.typespec.generator.clientmodel.tests/debug/net8.0/microsoft.typespec.generator.clientmodel.tests.dll" id="29dad130-e5f3-04d1-382b-77709bfa049c">
      <Execution id="e399841c-5b62-4342-afa5-7aac8bb20e69" />
      <TestMethod codeBase="/home/runner/work/typespec/typespec/packages/http-client-csharp/generator/artifacts/bin/Microsoft.TypeSpec.Generator.ClientModel.Tests/Debug/net8.0/Microsoft.TypeSpec.Generator.ClientModel.Tests.dll" adapterTypeName="executor://nunit3testexecutor/" className="Microsoft.TypeSpec.Generator.ClientModel.Tests.Providers.MrwSerializationTypeDefinitions.MrwSerializationTypeDefinitionTests" name="TestBuildPersistableModelWriteCoreMethod(False)" />
    </UnitTest>
    <UnitTest name="ValidateIsLastNamespaceSegmentTheSame(&quot;Foo&quot;,&quot;Foo&quot;)" storage="/home/runner/work/typespec/typespec/packages/http-client-csharp/generator/artifacts/bin/microsoft.typespec.generator.clientmodel.tests/debug/net8.0/microsoft.typespec.generator.clientmodel.tests.dll" id="a23a4d3b-b938-d346-953e-8f23851ebb46">
      <Execution id="08219c82-29e4-4ac6-ab1a-b97b34698cf5" />
      <TestMethod codeBase="/home/runner/work/typespec/typespec/packages/http-client-csharp/generator/artifacts/bin/Microsoft.TypeSpec.Generator.ClientModel.Tests/Debug/net8.0/Microsoft.TypeSpec.Generator.ClientModel.Tests.dll" adapterTypeName="executor://nunit3testexecutor/" className="Microsoft.TypeSpec.Generator.ClientModel.Tests.Providers.ClientProviders.ClientProviderTests" name="ValidateIsLastNamespaceSegmentTheSame(&quot;Foo&quot;,&quot;Foo&quot;)" />
    </UnitTest>
    <UnitTest name="OperationWithOptionalEnum" storage="/home/runner/work/typespec/typespec/packages/http-client-csharp/generator/artifacts/bin/microsoft.typespec.generator.clientmodel.tests/debug/net8.0/microsoft.typespec.generator.clientmodel.tests.dll" id="1a6f7815-7152-9d34-d9b2-1ad1aea279fd">
      <Execution id="feaa843b-b4f8-40b9-b48f-10dac97353f6" />
      <TestMethod codeBase="/home/runner/work/typespec/typespec/packages/http-client-csharp/generator/artifacts/bin/Microsoft.TypeSpec.Generator.ClientModel.Tests/Debug/net8.0/Microsoft.TypeSpec.Generator.ClientModel.Tests.dll" adapterTypeName="executor://nunit3testexecutor/" className="Microsoft.TypeSpec.Generator.ClientModel.Tests.Providers.ScmMethodProviderCollectionTests" name="OperationWithOptionalEnum" />
    </UnitTest>
    <UnitTest name="ResetThenAppendPath(&quot;http://localhost/&quot;,null,&quot;http://localhost/&quot;)" storage="/home/runner/work/typespec/typespec/packages/http-client-csharp/generator/artifacts/bin/microsoft.typespec.generator.clientmodel.tests/debug/net8.0/microsoft.typespec.generator.clientmodel.tests.dll" id="6b687bd3-e682-91ed-b1ee-b089e2b536c0">
      <Execution id="b910b083-f246-412e-a736-dd18b47313b4" />
      <TestMethod codeBase="/home/runner/work/typespec/typespec/packages/http-client-csharp/generator/artifacts/bin/Microsoft.TypeSpec.Generator.ClientModel.Tests/Debug/net8.0/Microsoft.TypeSpec.Generator.ClientModel.Tests.dll" adapterTypeName="executor://nunit3testexecutor/" className="Microsoft.TypeSpec.Generator.ClientModel.Tests.Providers.ClientUriBuilderTests" name="ResetThenAppendPath(&quot;http://localhost/&quot;,null,&quot;http://localhost/&quot;)" />
    </UnitTest>
    <UnitTest name="TestBuildJsonModelWriteMethodObjectDeclaration" storage="/home/runner/work/typespec/typespec/packages/http-client-csharp/generator/artifacts/bin/microsoft.typespec.generator.clientmodel.tests/debug/net8.0/microsoft.typespec.generator.clientmodel.tests.dll" id="4ae3084e-c976-0715-7375-0c9f5fcb3759">
      <Execution id="f180573a-673c-4562-b01a-10232ae685a6" />
      <TestMethod codeBase="/home/runner/work/typespec/typespec/packages/http-client-csharp/generator/artifacts/bin/Microsoft.TypeSpec.Generator.ClientModel.Tests/Debug/net8.0/Microsoft.TypeSpec.Generator.ClientModel.Tests.dll" adapterTypeName="executor://nunit3testexecutor/" className="Microsoft.TypeSpec.Generator.ClientModel.Tests.Providers.MrwSerializationTypeDefinitions.MrwSerializationTypeDefinitionTests" name="TestBuildJsonModelWriteMethodObjectDeclaration" />
    </UnitTest>
    <UnitTest name="RoundTripWithModelReaderWriter(&quot;W&quot;)" storage="/home/runner/work/typespec/typespec/packages/http-client-csharp/generator/artifacts/bin/microsoft.typespec.generator.clientmodel.tests/debug/net8.0/microsoft.typespec.generator.clientmodel.tests.dll" id="0bfb23f1-036b-2928-5050-65c3a964fcdb">
      <Execution id="056688c9-914d-4f8e-8ce8-bd93d190f4b7" />
      <TestMethod codeBase="/home/runner/work/typespec/typespec/packages/http-client-csharp/generator/artifacts/bin/Microsoft.TypeSpec.Generator.ClientModel.Tests/Debug/net8.0/Microsoft.TypeSpec.Generator.ClientModel.Tests.dll" adapterTypeName="executor://nunit3testexecutor/" className="Microsoft.TypeSpec.Generator.ClientModel.Tests.ModelReaderWriterValidation.TestProjects.Sample_TypeSpec.ThingTests" name="RoundTripWithModelReaderWriter(&quot;W&quot;)" />
    </UnitTest>
    <UnitTest name="AppendPathDelimited_IntArray(&quot;http://localhost&quot;,[1, 2],&quot;.&quot;,False,&quot;http://localhost/1.2&quot;)" storage="/home/runner/work/typespec/typespec/packages/http-client-csharp/generator/artifacts/bin/microsoft.typespec.generator.clientmodel.tests/debug/net8.0/microsoft.typespec.generator.clientmodel.tests.dll" id="4292005f-9ae4-ccb0-3890-e2e0f4d774db">
      <Execution id="ab77a2c7-d8d8-4c73-8673-37d1af88b36e" />
      <TestMethod codeBase="/home/runner/work/typespec/typespec/packages/http-client-csharp/generator/artifacts/bin/Microsoft.TypeSpec.Generator.ClientModel.Tests/Debug/net8.0/Microsoft.TypeSpec.Generator.ClientModel.Tests.dll" adapterTypeName="executor://nunit3testexecutor/" className="Microsoft.TypeSpec.Generator.ClientModel.Tests.Providers.ClientUriBuilderTests" name="AppendPathDelimited_IntArray(&quot;http://localhost&quot;,[1, 2],&quot;.&quot;,False,&quot;http://localhost/1.2&quot;)" />
    </UnitTest>
    <UnitTest name="TestRequestOptionsParameterInSignature(Microsoft.TypeSpec.Generator.Input.InputBasicServiceMethod,False,True)" storage="/home/runner/work/typespec/typespec/packages/http-client-csharp/generator/artifacts/bin/microsoft.typespec.generator.clientmodel.tests/debug/net8.0/microsoft.typespec.generator.clientmodel.tests.dll" id="f55a233a-e14b-4380-52ae-c7ccd5e5efd5">
      <Execution id="00fff446-c9a8-4d81-9646-4f0109b25ea1" />
      <TestMethod codeBase="/home/runner/work/typespec/typespec/packages/http-client-csharp/generator/artifacts/bin/Microsoft.TypeSpec.Generator.ClientModel.Tests/Debug/net8.0/Microsoft.TypeSpec.Generator.ClientModel.Tests.dll" adapterTypeName="executor://nunit3testexecutor/" className="Microsoft.TypeSpec.Generator.ClientModel.Tests.Providers.ClientProviders.ClientProviderTests" name="TestRequestOptionsParameterInSignature(Microsoft.TypeSpec.Generator.Input.InputBasicServiceMethod,False,True)" />
    </UnitTest>
    <UnitTest name="TestIntDeserializeExpression(System.Int32,Int_String)" storage="/home/runner/work/typespec/typespec/packages/http-client-csharp/generator/artifacts/bin/microsoft.typespec.generator.clientmodel.tests/debug/net8.0/microsoft.typespec.generator.clientmodel.tests.dll" id="68e80c0c-f8a6-c330-8b45-4fc007f5212d">
      <Execution id="2ec537c3-5f82-433a-bfd2-640b40f615d4" />
      <TestMethod codeBase="/home/runner/work/typespec/typespec/packages/http-client-csharp/generator/artifacts/bin/Microsoft.TypeSpec.Generator.ClientModel.Tests/Debug/net8.0/Microsoft.TypeSpec.Generator.ClientModel.Tests.dll" adapterTypeName="executor://nunit3testexecutor/" className="Microsoft.TypeSpec.Generator.ClientModel.Tests.Providers.MrwSerializationTypeDefinitions.MrwSerializationTypeDefinitionTests" name="TestIntDeserializeExpression(System.Int32,Int_String)" />
    </UnitTest>
    <UnitTest name="AppendQueryDelimited(&quot;http://localhost&quot;,[&quot;hello&quot;, &quot;world&quot;],&quot;,&quot;,False,&quot;http://localhost/?query=hello,world&quot;)" storage="/home/runner/work/typespec/typespec/packages/http-client-csharp/generator/artifacts/bin/microsoft.typespec.generator.clientmodel.tests/debug/net8.0/microsoft.typespec.generator.clientmodel.tests.dll" id="96dfbd8f-74c2-58c9-9fff-dec3a0d2fb13">
      <Execution id="46c36820-2af9-497b-97d6-060e23d5856d" />
      <TestMethod codeBase="/home/runner/work/typespec/typespec/packages/http-client-csharp/generator/artifacts/bin/Microsoft.TypeSpec.Generator.ClientModel.Tests/Debug/net8.0/Microsoft.TypeSpec.Generator.ClientModel.Tests.dll" adapterTypeName="executor://nunit3testexecutor/" className="Microsoft.TypeSpec.Generator.ClientModel.Tests.Providers.ClientUriBuilderTests" name="AppendQueryDelimited(&quot;http://localhost&quot;,[&quot;hello&quot;, &quot;world&quot;],&quot;,&quot;,False,&quot;http://localhost/?query=hello,world&quot;)" />
    </UnitTest>
    <UnitTest name="AppendQuery_Bool(&quot;http://localhost&quot;,True,True,&quot;http://localhost/?query=true&quot;)" storage="/home/runner/work/typespec/typespec/packages/http-client-csharp/generator/artifacts/bin/microsoft.typespec.generator.clientmodel.tests/debug/net8.0/microsoft.typespec.generator.clientmodel.tests.dll" id="6539ef61-00d3-0628-76fb-ca399d3cc346">
      <Execution id="6c47e93e-522c-40e0-9fdc-94f3522fcf7c" />
      <TestMethod codeBase="/home/runner/work/typespec/typespec/packages/http-client-csharp/generator/artifacts/bin/Microsoft.TypeSpec.Generator.ClientModel.Tests/Debug/net8.0/Microsoft.TypeSpec.Generator.ClientModel.Tests.dll" adapterTypeName="executor://nunit3testexecutor/" className="Microsoft.TypeSpec.Generator.ClientModel.Tests.Providers.ClientUriBuilderTests" name="AppendQuery_Bool(&quot;http://localhost&quot;,True,True,&quot;http://localhost/?query=true&quot;)" />
    </UnitTest>
    <UnitTest name="ValidateConvertToString(null,False,&quot;false&quot;)" storage="/home/runner/work/typespec/typespec/packages/http-client-csharp/generator/artifacts/bin/microsoft.typespec.generator.clientmodel.tests/debug/net8.0/microsoft.typespec.generator.clientmodel.tests.dll" id="d31df667-e086-86d8-6c74-e0530cd9f34a">
      <Execution id="b9d57e70-c9ce-4d26-b0c8-9f78e1b66d28" />
      <TestMethod codeBase="/home/runner/work/typespec/typespec/packages/http-client-csharp/generator/artifacts/bin/Microsoft.TypeSpec.Generator.ClientModel.Tests/Debug/net8.0/Microsoft.TypeSpec.Generator.ClientModel.Tests.dll" adapterTypeName="executor://nunit3testexecutor/" className="Microsoft.TypeSpec.Generator.ClientModel.Tests.Providers.TypeFormatterTests" name="ValidateConvertToString(null,False,&quot;false&quot;)" />
    </UnitTest>
    <UnitTest name="AppendPath_Bool(&quot;http://localhost&quot;,True,True,&quot;http://localhost/true&quot;)" storage="/home/runner/work/typespec/typespec/packages/http-client-csharp/generator/artifacts/bin/microsoft.typespec.generator.clientmodel.tests/debug/net8.0/microsoft.typespec.generator.clientmodel.tests.dll" id="cf04794a-c01e-27c1-a035-6828d1035adc">
      <Execution id="4abc4054-186a-4b89-9c6d-bba771326d74" />
      <TestMethod codeBase="/home/runner/work/typespec/typespec/packages/http-client-csharp/generator/artifacts/bin/Microsoft.TypeSpec.Generator.ClientModel.Tests/Debug/net8.0/Microsoft.TypeSpec.Generator.ClientModel.Tests.dll" adapterTypeName="executor://nunit3testexecutor/" className="Microsoft.TypeSpec.Generator.ClientModel.Tests.Providers.ClientUriBuilderTests" name="AppendPath_Bool(&quot;http://localhost&quot;,True,True,&quot;http://localhost/true&quot;)" />
    </UnitTest>
    <UnitTest name="RootInputModelsIncludesOperationParameters" storage="/home/runner/work/typespec/typespec/packages/http-client-csharp/generator/artifacts/bin/microsoft.typespec.generator.clientmodel.tests/debug/net8.0/microsoft.typespec.generator.clientmodel.tests.dll" id="315f9f31-d5ab-2f60-3960-b77fea62cd66">
      <Execution id="b1790d75-8700-4407-bb72-6a00f5d20336" />
      <TestMethod codeBase="/home/runner/work/typespec/typespec/packages/http-client-csharp/generator/artifacts/bin/Microsoft.TypeSpec.Generator.ClientModel.Tests/Debug/net8.0/Microsoft.TypeSpec.Generator.ClientModel.Tests.dll" adapterTypeName="executor://nunit3testexecutor/" className="Microsoft.TypeSpec.Generator.ClientModel.Tests.ScmTypeFactoryTests" name="RootInputModelsIncludesOperationParameters" />
    </UnitTest>
    <UnitTest name="TestIntSerializationStatement(Int64,null)" storage="/home/runner/work/typespec/typespec/packages/http-client-csharp/generator/artifacts/bin/microsoft.typespec.generator.clientmodel.tests/debug/net8.0/microsoft.typespec.generator.clientmodel.tests.dll" id="0a2cac4d-2fc6-eca4-917c-3476ebc50ff5">
      <Execution id="966fa481-67b9-4336-b265-c21166645f46" />
      <TestMethod codeBase="/home/runner/work/typespec/typespec/packages/http-client-csharp/generator/artifacts/bin/Microsoft.TypeSpec.Generator.ClientModel.Tests/Debug/net8.0/Microsoft.TypeSpec.Generator.ClientModel.Tests.dll" adapterTypeName="executor://nunit3testexecutor/" className="Microsoft.TypeSpec.Generator.ClientModel.Tests.Providers.MrwSerializationTypeDefinitions.MrwSerializationTypeDefinitionTests" name="TestIntSerializationStatement(Int64,null)" />
    </UnitTest>
    <UnitTest name="ThrowsIfUnknownFormat" storage="/home/runner/work/typespec/typespec/packages/http-client-csharp/generator/artifacts/bin/microsoft.typespec.generator.clientmodel.tests/debug/net8.0/microsoft.typespec.generator.clientmodel.tests.dll" id="dcc2c800-d9b9-49e9-1202-6d1e7f1fc1e2">
      <Execution id="c5197b2e-338a-4991-885a-352e5de32cfa" />
      <TestMethod codeBase="/home/runner/work/typespec/typespec/packages/http-client-csharp/generator/artifacts/bin/Microsoft.TypeSpec.Generator.ClientModel.Tests/Debug/net8.0/Microsoft.TypeSpec.Generator.ClientModel.Tests.dll" adapterTypeName="executor://nunit3testexecutor/" className="Microsoft.TypeSpec.Generator.ClientModel.Tests.ModelReaderWriterValidation.TestProjects.Sample_TypeSpec.FriendTests" name="ThrowsIfUnknownFormat" />
    </UnitTest>
    <UnitTest name="FormatsDatesAsString(&quot;D&quot;,05/04/2020 00:00:00 +00:00,&quot;2020-05-04&quot;)" storage="/home/runner/work/typespec/typespec/packages/http-client-csharp/generator/artifacts/bin/microsoft.typespec.generator.clientmodel.tests/debug/net8.0/microsoft.typespec.generator.clientmodel.tests.dll" id="629e162f-e077-a600-505b-d11b0f7fdb6e">
      <Execution id="3a3aa2b3-7673-4d24-b1ff-90ee0377a6a1" />
      <TestMethod codeBase="/home/runner/work/typespec/typespec/packages/http-client-csharp/generator/artifacts/bin/Microsoft.TypeSpec.Generator.ClientModel.Tests/Debug/net8.0/Microsoft.TypeSpec.Generator.ClientModel.Tests.dll" adapterTypeName="executor://nunit3testexecutor/" className="Microsoft.TypeSpec.Generator.ClientModel.Tests.Providers.TypeFormatterTests" name="FormatsDatesAsString(&quot;D&quot;,05/04/2020 00:00:00 +00:00,&quot;2020-05-04&quot;)" />
    </UnitTest>
    <UnitTest name="RequestBodyConstructedRespectingRequestContentApi(Microsoft.TypeSpec.Generator.Input.InputDictionaryType)" storage="/home/runner/work/typespec/typespec/packages/http-client-csharp/generator/artifacts/bin/microsoft.typespec.generator.clientmodel.tests/debug/net8.0/microsoft.typespec.generator.clientmodel.tests.dll" id="336f215a-f7e1-0f44-750d-f4db67f466ef">
      <Execution id="777229af-ef4d-45c8-93aa-0e00c4bb537d" />
      <TestMethod codeBase="/home/runner/work/typespec/typespec/packages/http-client-csharp/generator/artifacts/bin/Microsoft.TypeSpec.Generator.ClientModel.Tests/Debug/net8.0/Microsoft.TypeSpec.Generator.ClientModel.Tests.dll" adapterTypeName="executor://nunit3testexecutor/" className="Microsoft.TypeSpec.Generator.ClientModel.Tests.Providers.ScmMethodProviderCollectionTests" name="RequestBodyConstructedRespectingRequestContentApi(Microsoft.TypeSpec.Generator.Input.InputDictionaryType)" />
    </UnitTest>
    <UnitTest name="ResetThenAppendQueryThenAppendPath(&quot;http://localhost&quot;,&quot;/some/&quot;,&quot;one|1|two|2&quot;,&quot;http://localhost/some/?one=1&amp;two=2&quot;)" storage="/home/runner/work/typespec/typespec/packages/http-client-csharp/generator/artifacts/bin/microsoft.typespec.generator.clientmodel.tests/debug/net8.0/microsoft.typespec.generator.clientmodel.tests.dll" id="d302d0d6-12ff-fd67-4af4-49feb7191209">
      <Execution id="1ef2daa7-9b46-4e53-8b65-261796562b54" />
      <TestMethod codeBase="/home/runner/work/typespec/typespec/packages/http-client-csharp/generator/artifacts/bin/Microsoft.TypeSpec.Generator.ClientModel.Tests/Debug/net8.0/Microsoft.TypeSpec.Generator.ClientModel.Tests.dll" adapterTypeName="executor://nunit3testexecutor/" className="Microsoft.TypeSpec.Generator.ClientModel.Tests.Providers.ClientUriBuilderTests" name="ResetThenAppendQueryThenAppendPath(&quot;http://localhost&quot;,&quot;/some/&quot;,&quot;one|1|two|2&quot;,&quot;http://localhost/some/?one=1&amp;two=2&quot;)" />
    </UnitTest>
    <UnitTest name="ListMethodWithEnumParameter(False,Body)" storage="/home/runner/work/typespec/typespec/packages/http-client-csharp/generator/artifacts/bin/microsoft.typespec.generator.clientmodel.tests/debug/net8.0/microsoft.typespec.generator.clientmodel.tests.dll" id="2fa1f9e2-c77f-77e5-7e5a-8daa566efe7b">
      <Execution id="188a1cbf-13f1-43e7-8b7e-ef6c932f3647" />
      <TestMethod codeBase="/home/runner/work/typespec/typespec/packages/http-client-csharp/generator/artifacts/bin/Microsoft.TypeSpec.Generator.ClientModel.Tests/Debug/net8.0/Microsoft.TypeSpec.Generator.ClientModel.Tests.dll" adapterTypeName="executor://nunit3testexecutor/" className="Microsoft.TypeSpec.Generator.ClientModel.Tests.Providers.ScmMethodProviderCollectionTests" name="ListMethodWithEnumParameter(False,Body)" />
    </UnitTest>
    <UnitTest name="ResetThenAppendQueryThenAppendPath(&quot;http://localhost:12345&quot;,&quot;/some&quot;,&quot;one|1&quot;,&quot;http://localhost:12345/some?one=1&quot;)" storage="/home/runner/work/typespec/typespec/packages/http-client-csharp/generator/artifacts/bin/microsoft.typespec.generator.clientmodel.tests/debug/net8.0/microsoft.typespec.generator.clientmodel.tests.dll" id="df03d1d3-c520-593a-530a-22acdf388c84">
      <Execution id="223f9352-3c6a-4510-8bfc-18982cb45a67" />
      <TestMethod codeBase="/home/runner/work/typespec/typespec/packages/http-client-csharp/generator/artifacts/bin/Microsoft.TypeSpec.Generator.ClientModel.Tests/Debug/net8.0/Microsoft.TypeSpec.Generator.ClientModel.Tests.dll" adapterTypeName="executor://nunit3testexecutor/" className="Microsoft.TypeSpec.Generator.ClientModel.Tests.Providers.ClientUriBuilderTests" name="ResetThenAppendQueryThenAppendPath(&quot;http://localhost:12345&quot;,&quot;/some&quot;,&quot;one|1&quot;,&quot;http://localhost:12345/some?one=1&quot;)" />
    </UnitTest>
    <UnitTest name="RoundTripWithJsonInterfaceNonGeneric(&quot;W&quot;)" storage="/home/runner/work/typespec/typespec/packages/http-client-csharp/generator/artifacts/bin/microsoft.typespec.generator.clientmodel.tests/debug/net8.0/microsoft.typespec.generator.clientmodel.tests.dll" id="228d8ed6-db29-3b9e-b289-2db726062215">
      <Execution id="b2743fb6-24cf-40c5-84de-3ecf05b9f1ab" />
      <TestMethod codeBase="/home/runner/work/typespec/typespec/packages/http-client-csharp/generator/artifacts/bin/Microsoft.TypeSpec.Generator.ClientModel.Tests/Debug/net8.0/Microsoft.TypeSpec.Generator.ClientModel.Tests.dll" adapterTypeName="executor://nunit3testexecutor/" className="Microsoft.TypeSpec.Generator.ClientModel.Tests.ModelReaderWriterValidation.TestProjects.Sample_TypeSpec.ThingTests" name="RoundTripWithJsonInterfaceNonGeneric(&quot;W&quot;)" />
    </UnitTest>
    <UnitTest name="TestIntDeserializeExpression(System.Int64,Int_String)" storage="/home/runner/work/typespec/typespec/packages/http-client-csharp/generator/artifacts/bin/microsoft.typespec.generator.clientmodel.tests/debug/net8.0/microsoft.typespec.generator.clientmodel.tests.dll" id="405a9a6e-f7a9-5cd4-cb04-c735c2ffb585">
      <Execution id="d1c142eb-ecf0-4fb2-8aa4-dc17c45275a3" />
      <TestMethod codeBase="/home/runner/work/typespec/typespec/packages/http-client-csharp/generator/artifacts/bin/Microsoft.TypeSpec.Generator.ClientModel.Tests/Debug/net8.0/Microsoft.TypeSpec.Generator.ClientModel.Tests.dll" adapterTypeName="executor://nunit3testexecutor/" className="Microsoft.TypeSpec.Generator.ClientModel.Tests.Providers.MrwSerializationTypeDefinitions.MrwSerializationTypeDefinitionTests" name="TestIntDeserializeExpression(System.Int64,Int_String)" />
    </UnitTest>
    <UnitTest name="ValidateMethodSignatureUsesIEnumerable" storage="/home/runner/work/typespec/typespec/packages/http-client-csharp/generator/artifacts/bin/microsoft.typespec.generator.clientmodel.tests/debug/net8.0/microsoft.typespec.generator.clientmodel.tests.dll" id="b5846ffc-e3db-f497-0b5d-efeac4ee29f0">
      <Execution id="81230df4-806f-4186-adf2-5a7f227f1654" />
      <TestMethod codeBase="/home/runner/work/typespec/typespec/packages/http-client-csharp/generator/artifacts/bin/Microsoft.TypeSpec.Generator.ClientModel.Tests/Debug/net8.0/Microsoft.TypeSpec.Generator.ClientModel.Tests.dll" adapterTypeName="executor://nunit3testexecutor/" className="Microsoft.TypeSpec.Generator.ClientModel.Tests.Providers.ClientProviders.ClientProviderTests" name="ValidateMethodSignatureUsesIEnumerable" />
    </UnitTest>
    <UnitTest name="RootOutputModelsIncludesOperationResponse" storage="/home/runner/work/typespec/typespec/packages/http-client-csharp/generator/artifacts/bin/microsoft.typespec.generator.clientmodel.tests/debug/net8.0/microsoft.typespec.generator.clientmodel.tests.dll" id="135d5dcd-04ba-8363-5279-dda084b41d20">
      <Execution id="c219b667-c43f-4dde-92eb-b4d44a7b53db" />
      <TestMethod codeBase="/home/runner/work/typespec/typespec/packages/http-client-csharp/generator/artifacts/bin/Microsoft.TypeSpec.Generator.ClientModel.Tests/Debug/net8.0/Microsoft.TypeSpec.Generator.ClientModel.Tests.dll" adapterTypeName="executor://nunit3testexecutor/" className="Microsoft.TypeSpec.Generator.ClientModel.Tests.ScmTypeFactoryTests" name="RootOutputModelsIncludesOperationResponse" />
    </UnitTest>
    <UnitTest name="RoundTripWithModelInterface(&quot;W&quot;)" storage="/home/runner/work/typespec/typespec/packages/http-client-csharp/generator/artifacts/bin/microsoft.typespec.generator.clientmodel.tests/debug/net8.0/microsoft.typespec.generator.clientmodel.tests.dll" id="3744940e-3188-aa6a-84e8-d2ad78706d07">
      <Execution id="a5ad7f63-036e-49b2-b16e-ed039d3e6653" />
      <TestMethod codeBase="/home/runner/work/typespec/typespec/packages/http-client-csharp/generator/artifacts/bin/Microsoft.TypeSpec.Generator.ClientModel.Tests/Debug/net8.0/Microsoft.TypeSpec.Generator.ClientModel.Tests.dll" adapterTypeName="executor://nunit3testexecutor/" className="Microsoft.TypeSpec.Generator.ClientModel.Tests.ModelReaderWriterValidation.TestProjects.Sample_TypeSpec.FriendTests" name="RoundTripWithModelInterface(&quot;W&quot;)" />
    </UnitTest>
    <UnitTest name="ResetThenAppendPathThenAppendQuery(&quot;http://localhost&quot;,&quot;some/&quot;,&quot;one|1|two|2&quot;,&quot;http://localhost/some/?one=1&amp;two=2&quot;)" storage="/home/runner/work/typespec/typespec/packages/http-client-csharp/generator/artifacts/bin/microsoft.typespec.generator.clientmodel.tests/debug/net8.0/microsoft.typespec.generator.clientmodel.tests.dll" id="42a05878-a1b0-899f-dd1c-1579afd508e2">
      <Execution id="768153f5-d9d6-471f-9bf4-782a34670df2" />
      <TestMethod codeBase="/home/runner/work/typespec/typespec/packages/http-client-csharp/generator/artifacts/bin/Microsoft.TypeSpec.Generator.ClientModel.Tests/Debug/net8.0/Microsoft.TypeSpec.Generator.ClientModel.Tests.dll" adapterTypeName="executor://nunit3testexecutor/" className="Microsoft.TypeSpec.Generator.ClientModel.Tests.Providers.ClientUriBuilderTests" name="ResetThenAppendPathThenAppendQuery(&quot;http://localhost&quot;,&quot;some/&quot;,&quot;one|1|two|2&quot;,&quot;http://localhost/some/?one=1&amp;two=2&quot;)" />
    </UnitTest>
    <UnitTest name="ResetThenAppendPathThenAppendQuery(&quot;http://localhost&quot;,&quot;/some/&quot;,&quot;one|1|two|2&quot;,&quot;http://localhost/some/?one=1&amp;two=2&quot;)" storage="/home/runner/work/typespec/typespec/packages/http-client-csharp/generator/artifacts/bin/microsoft.typespec.generator.clientmodel.tests/debug/net8.0/microsoft.typespec.generator.clientmodel.tests.dll" id="caccd0b9-6717-f97e-3a5a-d03de4c75025">
      <Execution id="892baddb-7c97-4a55-97fc-bcf9870e677a" />
      <TestMethod codeBase="/home/runner/work/typespec/typespec/packages/http-client-csharp/generator/artifacts/bin/Microsoft.TypeSpec.Generator.ClientModel.Tests/Debug/net8.0/Microsoft.TypeSpec.Generator.ClientModel.Tests.dll" adapterTypeName="executor://nunit3testexecutor/" className="Microsoft.TypeSpec.Generator.ClientModel.Tests.Providers.ClientUriBuilderTests" name="ResetThenAppendPathThenAppendQuery(&quot;http://localhost&quot;,&quot;/some/&quot;,&quot;one|1|two|2&quot;,&quot;http://localhost/some/?one=1&amp;two=2&quot;)" />
    </UnitTest>
    <UnitTest name="AppendQuery_Long(&quot;http://localhost&quot;,-299792458000000L,True,&quot;http://localhost/?query=-299792458000000&quot;)" storage="/home/runner/work/typespec/typespec/packages/http-client-csharp/generator/artifacts/bin/microsoft.typespec.generator.clientmodel.tests/debug/net8.0/microsoft.typespec.generator.clientmodel.tests.dll" id="0a677d75-35d4-f91c-9966-daafd696b221">
      <Execution id="c199da63-b70a-4af7-b625-3572a3ffac2c" />
      <TestMethod codeBase="/home/runner/work/typespec/typespec/packages/http-client-csharp/generator/artifacts/bin/Microsoft.TypeSpec.Generator.ClientModel.Tests/Debug/net8.0/Microsoft.TypeSpec.Generator.ClientModel.Tests.dll" adapterTypeName="executor://nunit3testexecutor/" className="Microsoft.TypeSpec.Generator.ClientModel.Tests.Providers.ClientUriBuilderTests" name="AppendQuery_Long(&quot;http://localhost&quot;,-299792458000000L,True,&quot;http://localhost/?query=-299792458000000&quot;)" />
    </UnitTest>
    <UnitTest name="AppendQuery_TimeSpan(&quot;http://localhost&quot;,&quot;02:15:00&quot;,&quot;P&quot;,False,&quot;http://localhost/?query=PT2H15M&quot;)" storage="/home/runner/work/typespec/typespec/packages/http-client-csharp/generator/artifacts/bin/microsoft.typespec.generator.clientmodel.tests/debug/net8.0/microsoft.typespec.generator.clientmodel.tests.dll" id="447a0ea2-4a73-9937-dd54-230022a31e61">
      <Execution id="16f199fc-c3d1-4731-af25-8778bdb55d56" />
      <TestMethod codeBase="/home/runner/work/typespec/typespec/packages/http-client-csharp/generator/artifacts/bin/Microsoft.TypeSpec.Generator.ClientModel.Tests/Debug/net8.0/Microsoft.TypeSpec.Generator.ClientModel.Tests.dll" adapterTypeName="executor://nunit3testexecutor/" className="Microsoft.TypeSpec.Generator.ClientModel.Tests.Providers.ClientUriBuilderTests" name="AppendQuery_TimeSpan(&quot;http://localhost&quot;,&quot;02:15:00&quot;,&quot;P&quot;,False,&quot;http://localhost/?query=PT2H15M&quot;)" />
    </UnitTest>
    <UnitTest name="AppendQuery_DateTimeOffset(&quot;http://localhost&quot;,&quot;6/30/1905 1:14:00 PM +00:00&quot;,&quot;o&quot;,True,&quot;http://localhost/?query=1905-06-30T13%3A14%3A00.0000000Z&quot;)" storage="/home/runner/work/typespec/typespec/packages/http-client-csharp/generator/artifacts/bin/microsoft.typespec.generator.clientmodel.tests/debug/net8.0/microsoft.typespec.generator.clientmodel.tests.dll" id="481a4ae3-81f3-e5b6-2f47-4f11c083d546">
      <Execution id="aaa95759-8247-4999-b438-e4bf6635e04a" />
      <TestMethod codeBase="/home/runner/work/typespec/typespec/packages/http-client-csharp/generator/artifacts/bin/Microsoft.TypeSpec.Generator.ClientModel.Tests/Debug/net8.0/Microsoft.TypeSpec.Generator.ClientModel.Tests.dll" adapterTypeName="executor://nunit3testexecutor/" className="Microsoft.TypeSpec.Generator.ClientModel.Tests.Providers.ClientUriBuilderTests" name="AppendQuery_DateTimeOffset(&quot;http://localhost&quot;,&quot;6/30/1905 1:14:00 PM +00:00&quot;,&quot;o&quot;,True,&quot;http://localhost/?query=1905-06-30T13%3A14%3A00.0000000Z&quot;)" />
    </UnitTest>
    <UnitTest name="RoundTripWithModelReaderWriter(&quot;W&quot;)" storage="/home/runner/work/typespec/typespec/packages/http-client-csharp/generator/artifacts/bin/microsoft.typespec.generator.clientmodel.tests/debug/net8.0/microsoft.typespec.generator.clientmodel.tests.dll" id="763fef58-1ede-bd37-d3db-07fa6ea545ca">
      <Execution id="8eecfec7-7edb-482e-8fe1-14ebf266076c" />
      <TestMethod codeBase="/home/runner/work/typespec/typespec/packages/http-client-csharp/generator/artifacts/bin/Microsoft.TypeSpec.Generator.ClientModel.Tests/Debug/net8.0/Microsoft.TypeSpec.Generator.ClientModel.Tests.dll" adapterTypeName="executor://nunit3testexecutor/" className="Microsoft.TypeSpec.Generator.ClientModel.Tests.ModelReaderWriterValidation.TestProjects.Sample_TypeSpec.RoundTripModelTests" name="RoundTripWithModelReaderWriter(&quot;W&quot;)" />
    </UnitTest>
    <UnitTest name="RoundTripWithJsonInterfaceUtf8Reader(&quot;W&quot;)" storage="/home/runner/work/typespec/typespec/packages/http-client-csharp/generator/artifacts/bin/microsoft.typespec.generator.clientmodel.tests/debug/net8.0/microsoft.typespec.generator.clientmodel.tests.dll" id="9485847a-d0cf-d910-52fd-1dc7d46c0bab">
      <Execution id="080ab43a-0a31-46b2-b689-442bf7338bd0" />
      <TestMethod codeBase="/home/runner/work/typespec/typespec/packages/http-client-csharp/generator/artifacts/bin/Microsoft.TypeSpec.Generator.ClientModel.Tests/Debug/net8.0/Microsoft.TypeSpec.Generator.ClientModel.Tests.dll" adapterTypeName="executor://nunit3testexecutor/" className="Microsoft.TypeSpec.Generator.ClientModel.Tests.ModelReaderWriterValidation.TestProjects.Sample_TypeSpec.RoundTripModelTests" name="RoundTripWithJsonInterfaceUtf8Reader(&quot;W&quot;)" />
    </UnitTest>
    <UnitTest name="TestIntSerializationStatement(UInt8,null)" storage="/home/runner/work/typespec/typespec/packages/http-client-csharp/generator/artifacts/bin/microsoft.typespec.generator.clientmodel.tests/debug/net8.0/microsoft.typespec.generator.clientmodel.tests.dll" id="f09d85d7-8ab6-0829-1e07-986b9eae07b3">
      <Execution id="83fcf984-cf99-4f54-a9a7-02dad8a0fc7f" />
      <TestMethod codeBase="/home/runner/work/typespec/typespec/packages/http-client-csharp/generator/artifacts/bin/Microsoft.TypeSpec.Generator.ClientModel.Tests/Debug/net8.0/Microsoft.TypeSpec.Generator.ClientModel.Tests.dll" adapterTypeName="executor://nunit3testexecutor/" className="Microsoft.TypeSpec.Generator.ClientModel.Tests.Providers.MrwSerializationTypeDefinitions.MrwSerializationTypeDefinitionTests" name="TestIntSerializationStatement(UInt8,null)" />
    </UnitTest>
    <UnitTest name="AppendPath_ByteArray(&quot;http://localhost&quot;,[104, 101, 108, 108, 111],&quot;U&quot;,False,&quot;http://localhost/aGVsbG8&quot;)" storage="/home/runner/work/typespec/typespec/packages/http-client-csharp/generator/artifacts/bin/microsoft.typespec.generator.clientmodel.tests/debug/net8.0/microsoft.typespec.generator.clientmodel.tests.dll" id="24a6ee56-00ee-be62-7065-a28f8e048c75">
      <Execution id="f00885ab-8a2b-46f5-b202-e7736c866eab" />
      <TestMethod codeBase="/home/runner/work/typespec/typespec/packages/http-client-csharp/generator/artifacts/bin/Microsoft.TypeSpec.Generator.ClientModel.Tests/Debug/net8.0/Microsoft.TypeSpec.Generator.ClientModel.Tests.dll" adapterTypeName="executor://nunit3testexecutor/" className="Microsoft.TypeSpec.Generator.ClientModel.Tests.Providers.ClientUriBuilderTests" name="AppendPath_ByteArray(&quot;http://localhost&quot;,[104, 101, 108, 108, 111],&quot;U&quot;,False,&quot;http://localhost/aGVsbG8&quot;)" />
    </UnitTest>
    <UnitTest name="ContinuationTokenInHeaderOfT" storage="/home/runner/work/typespec/typespec/packages/http-client-csharp/generator/artifacts/bin/microsoft.typespec.generator.clientmodel.tests/debug/net8.0/microsoft.typespec.generator.clientmodel.tests.dll" id="ca7c7e07-d914-3d5b-78e0-4e9b1096ac8d">
      <Execution id="ff8e020b-3254-47e6-b898-05554aa212d0" />
      <TestMethod codeBase="/home/runner/work/typespec/typespec/packages/http-client-csharp/generator/artifacts/bin/Microsoft.TypeSpec.Generator.ClientModel.Tests/Debug/net8.0/Microsoft.TypeSpec.Generator.ClientModel.Tests.dll" adapterTypeName="executor://nunit3testexecutor/" className="Microsoft.TypeSpec.Generator.ClientModel.Tests.Providers.CollectionResultDefinitions.ContinuationTokenTests" name="ContinuationTokenInHeaderOfT" />
    </UnitTest>
    <UnitTest name="TestBuildPersistableModelCreateCoreMethod(False)" storage="/home/runner/work/typespec/typespec/packages/http-client-csharp/generator/artifacts/bin/microsoft.typespec.generator.clientmodel.tests/debug/net8.0/microsoft.typespec.generator.clientmodel.tests.dll" id="bbb9316d-667f-3b33-a704-f74b312052fa">
      <Execution id="ce619ac3-2b09-4bae-9de4-dcfbd59486ef" />
      <TestMethod codeBase="/home/runner/work/typespec/typespec/packages/http-client-csharp/generator/artifacts/bin/Microsoft.TypeSpec.Generator.ClientModel.Tests/Debug/net8.0/Microsoft.TypeSpec.Generator.ClientModel.Tests.dll" adapterTypeName="executor://nunit3testexecutor/" className="Microsoft.TypeSpec.Generator.ClientModel.Tests.Providers.MrwSerializationTypeDefinitions.MrwSerializationTypeDefinitionTests" name="TestBuildPersistableModelCreateCoreMethod(False)" />
    </UnitTest>
    <UnitTest name="TestBuildAuthFields_WithSubClients_NoAuth(Microsoft.TypeSpec.Generator.Input.InputClient)" storage="/home/runner/work/typespec/typespec/packages/http-client-csharp/generator/artifacts/bin/microsoft.typespec.generator.clientmodel.tests/debug/net8.0/microsoft.typespec.generator.clientmodel.tests.dll" id="d82a3974-a1b3-5452-a547-6e33ca1a063c">
      <Execution id="a9cef716-728a-4347-bd48-b536a0a7c471" />
      <TestMethod codeBase="/home/runner/work/typespec/typespec/packages/http-client-csharp/generator/artifacts/bin/Microsoft.TypeSpec.Generator.ClientModel.Tests/Debug/net8.0/Microsoft.TypeSpec.Generator.ClientModel.Tests.dll" adapterTypeName="executor://nunit3testexecutor/" className="Microsoft.TypeSpec.Generator.ClientModel.Tests.Providers.ClientProviders.ClientProviderTests" name="TestBuildAuthFields_WithSubClients_NoAuth(Microsoft.TypeSpec.Generator.Input.InputClient)" />
    </UnitTest>
    <UnitTest name="AppendPath_DateTimeOffset(&quot;http://localhost&quot;,&quot;6/30/1905 1:14:00 PM +00:00&quot;,&quot;o&quot;,True,&quot;http://localhost/1905-06-30T13%3A14%3A00.0000000Z&quot;)" storage="/home/runner/work/typespec/typespec/packages/http-client-csharp/generator/artifacts/bin/microsoft.typespec.generator.clientmodel.tests/debug/net8.0/microsoft.typespec.generator.clientmodel.tests.dll" id="f54c3826-ad6c-97f6-6d7f-5045e4477882">
      <Execution id="c9abe927-a663-4590-88c4-13b246907abd" />
      <TestMethod codeBase="/home/runner/work/typespec/typespec/packages/http-client-csharp/generator/artifacts/bin/Microsoft.TypeSpec.Generator.ClientModel.Tests/Debug/net8.0/Microsoft.TypeSpec.Generator.ClientModel.Tests.dll" adapterTypeName="executor://nunit3testexecutor/" className="Microsoft.TypeSpec.Generator.ClientModel.Tests.Providers.ClientUriBuilderTests" name="AppendPath_DateTimeOffset(&quot;http://localhost&quot;,&quot;6/30/1905 1:14:00 PM +00:00&quot;,&quot;o&quot;,True,&quot;http://localhost/1905-06-30T13%3A14%3A00.0000000Z&quot;)" />
    </UnitTest>
    <UnitTest name="ValidateConvertToString(&quot;P&quot;,1.02:59:59,&quot;P1DT2H59M59S&quot;)" storage="/home/runner/work/typespec/typespec/packages/http-client-csharp/generator/artifacts/bin/microsoft.typespec.generator.clientmodel.tests/debug/net8.0/microsoft.typespec.generator.clientmodel.tests.dll" id="779909c1-7cde-1cc8-f8b8-418d64f97a54">
      <Execution id="6ccf204e-75cd-404b-8b5f-d2f4cf2a82b4" />
      <TestMethod codeBase="/home/runner/work/typespec/typespec/packages/http-client-csharp/generator/artifacts/bin/Microsoft.TypeSpec.Generator.ClientModel.Tests/Debug/net8.0/Microsoft.TypeSpec.Generator.ClientModel.Tests.dll" adapterTypeName="executor://nunit3testexecutor/" className="Microsoft.TypeSpec.Generator.ClientModel.Tests.Providers.TypeFormatterTests" name="ValidateConvertToString(&quot;P&quot;,1.02:59:59,&quot;P1DT2H59M59S&quot;)" />
    </UnitTest>
    <UnitTest name="TestMatchConditionsParameter()" storage="/home/runner/work/typespec/typespec/packages/http-client-csharp/generator/artifacts/bin/microsoft.typespec.generator.clientmodel.tests/debug/net8.0/microsoft.typespec.generator.clientmodel.tests.dll" id="36d6f59a-7f94-a600-a190-5fd3ba4b33a1">
      <Execution id="01891f59-c588-490a-b4e4-7ecc341d1fa5" />
      <TestMethod codeBase="/home/runner/work/typespec/typespec/packages/http-client-csharp/generator/artifacts/bin/Microsoft.TypeSpec.Generator.ClientModel.Tests/Debug/net8.0/Microsoft.TypeSpec.Generator.ClientModel.Tests.dll" adapterTypeName="executor://nunit3testexecutor/" className="Microsoft.TypeSpec.Generator.ClientModel.Tests.OutputTypes.ScmKnownParametersTests" name="TestMatchConditionsParameter()" />
    </UnitTest>
    <UnitTest name="ResetThenAppendPath(&quot;http://localhost/with&quot;,&quot;/path&quot;,&quot;http://localhost/with/path&quot;)" storage="/home/runner/work/typespec/typespec/packages/http-client-csharp/generator/artifacts/bin/microsoft.typespec.generator.clientmodel.tests/debug/net8.0/microsoft.typespec.generator.clientmodel.tests.dll" id="204645f2-5333-c0d4-de67-a29e91bf63f0">
      <Execution id="8214106c-032c-405b-929a-157da8901ff7" />
      <TestMethod codeBase="/home/runner/work/typespec/typespec/packages/http-client-csharp/generator/artifacts/bin/Microsoft.TypeSpec.Generator.ClientModel.Tests/Debug/net8.0/Microsoft.TypeSpec.Generator.ClientModel.Tests.dll" adapterTypeName="executor://nunit3testexecutor/" className="Microsoft.TypeSpec.Generator.ClientModel.Tests.Providers.ClientUriBuilderTests" name="ResetThenAppendPath(&quot;http://localhost/with&quot;,&quot;/path&quot;,&quot;http://localhost/with/path&quot;)" />
    </UnitTest>
    <UnitTest name="RequestBodyConstructedRespectingRequestContentApi(Microsoft.TypeSpec.Generator.Input.InputArrayType)" storage="/home/runner/work/typespec/typespec/packages/http-client-csharp/generator/artifacts/bin/microsoft.typespec.generator.clientmodel.tests/debug/net8.0/microsoft.typespec.generator.clientmodel.tests.dll" id="0b777eee-ee01-cd28-6e26-18a5f04014f3">
      <Execution id="925366dd-284a-47b2-964e-b605b33aa6c0" />
      <TestMethod codeBase="/home/runner/work/typespec/typespec/packages/http-client-csharp/generator/artifacts/bin/Microsoft.TypeSpec.Generator.ClientModel.Tests/Debug/net8.0/Microsoft.TypeSpec.Generator.ClientModel.Tests.dll" adapterTypeName="executor://nunit3testexecutor/" className="Microsoft.TypeSpec.Generator.ClientModel.Tests.Providers.ScmMethodProviderCollectionTests" name="RequestBodyConstructedRespectingRequestContentApi(Microsoft.TypeSpec.Generator.Input.InputArrayType)" />
    </UnitTest>
    <UnitTest name="AppendQuery_Guid(&quot;http://localhost&quot;,&quot;3f2504e0-4f89-11d3-9a0c-0305e82c3301&quot;,True,&quot;http://localhost/?query=3f2504e0-4f89-11d3-9a0c-0305e82c3301&quot;)" storage="/home/runner/work/typespec/typespec/packages/http-client-csharp/generator/artifacts/bin/microsoft.typespec.generator.clientmodel.tests/debug/net8.0/microsoft.typespec.generator.clientmodel.tests.dll" id="922bfda1-7a14-2dce-128b-e09841dad4e2">
      <Execution id="623c9caf-634a-40c4-a63b-e3aa42ecfc84" />
      <TestMethod codeBase="/home/runner/work/typespec/typespec/packages/http-client-csharp/generator/artifacts/bin/Microsoft.TypeSpec.Generator.ClientModel.Tests/Debug/net8.0/Microsoft.TypeSpec.Generator.ClientModel.Tests.dll" adapterTypeName="executor://nunit3testexecutor/" className="Microsoft.TypeSpec.Generator.ClientModel.Tests.Providers.ClientUriBuilderTests" name="AppendQuery_Guid(&quot;http://localhost&quot;,&quot;3f2504e0-4f89-11d3-9a0c-0305e82c3301&quot;,True,&quot;http://localhost/?query=3f2504e0-4f89-11d3-9a0c-0305e82c3301&quot;)" />
    </UnitTest>
    <UnitTest name="ValidateQueryParamWriterDiff(False)" storage="/home/runner/work/typespec/typespec/packages/http-client-csharp/generator/artifacts/bin/microsoft.typespec.generator.clientmodel.tests/debug/net8.0/microsoft.typespec.generator.clientmodel.tests.dll" id="1f529619-47ad-664f-ed2a-aae54577d440">
      <Execution id="f6a03d93-6efe-46f3-ba90-7ca56b201087" />
      <TestMethod codeBase="/home/runner/work/typespec/typespec/packages/http-client-csharp/generator/artifacts/bin/Microsoft.TypeSpec.Generator.ClientModel.Tests/Debug/net8.0/Microsoft.TypeSpec.Generator.ClientModel.Tests.dll" adapterTypeName="executor://nunit3testexecutor/" className="Microsoft.TypeSpec.Generator.ClientModel.Tests.Providers.ClientProviders.ClientProviderTests" name="ValidateQueryParamWriterDiff(False)" />
    </UnitTest>
    <UnitTest name="TestBuildFields" storage="/home/runner/work/typespec/typespec/packages/http-client-csharp/generator/artifacts/bin/microsoft.typespec.generator.clientmodel.tests/debug/net8.0/microsoft.typespec.generator.clientmodel.tests.dll" id="f9b2f864-a502-a8ed-b3aa-05e5daad2520">
      <Execution id="4428d74c-e0e2-416d-bd4b-97f74cf6008f" />
      <TestMethod codeBase="/home/runner/work/typespec/typespec/packages/http-client-csharp/generator/artifacts/bin/Microsoft.TypeSpec.Generator.ClientModel.Tests/Debug/net8.0/Microsoft.TypeSpec.Generator.ClientModel.Tests.dll" adapterTypeName="executor://nunit3testexecutor/" className="Microsoft.TypeSpec.Generator.ClientModel.Tests.Providers.MrwSerializationTypeDefinitions.MrwSerializationTypeDefinitionTests" name="TestBuildFields" />
    </UnitTest>
    <UnitTest name="CanChangeDictionaryToBinaryData" storage="/home/runner/work/typespec/typespec/packages/http-client-csharp/generator/artifacts/bin/microsoft.typespec.generator.clientmodel.tests/debug/net8.0/microsoft.typespec.generator.clientmodel.tests.dll" id="ddf3d0a6-dd5f-db17-7a45-bf3b28b38312">
      <Execution id="e7ff79fb-b9bf-43d1-8c82-2a6cddff5fea" />
      <TestMethod codeBase="/home/runner/work/typespec/typespec/packages/http-client-csharp/generator/artifacts/bin/Microsoft.TypeSpec.Generator.ClientModel.Tests/Debug/net8.0/Microsoft.TypeSpec.Generator.ClientModel.Tests.dll" adapterTypeName="executor://nunit3testexecutor/" className="Microsoft.TypeSpec.Generator.ClientModel.Tests.Providers.MrwSerializationTypeDefinitions.SerializationCustomizationTests" name="CanChangeDictionaryToBinaryData" />
    </UnitTest>
    <UnitTest name="CanReplaceSerializationMethod" storage="/home/runner/work/typespec/typespec/packages/http-client-csharp/generator/artifacts/bin/microsoft.typespec.generator.clientmodel.tests/debug/net8.0/microsoft.typespec.generator.clientmodel.tests.dll" id="52f43070-5fba-489a-4c2a-6329fcf8bea7">
      <Execution id="d21e7c86-907e-4a0e-8df3-6ae363f14aef" />
      <TestMethod codeBase="/home/runner/work/typespec/typespec/packages/http-client-csharp/generator/artifacts/bin/Microsoft.TypeSpec.Generator.ClientModel.Tests/Debug/net8.0/Microsoft.TypeSpec.Generator.ClientModel.Tests.dll" adapterTypeName="executor://nunit3testexecutor/" className="Microsoft.TypeSpec.Generator.ClientModel.Tests.Providers.MrwSerializationTypeDefinitions.SerializationCustomizationTests" name="CanReplaceSerializationMethod" />
    </UnitTest>
    <UnitTest name="AppendPath_Double(&quot;http://localhost&quot;,3.14d,False,&quot;http://localhost/3.14&quot;)" storage="/home/runner/work/typespec/typespec/packages/http-client-csharp/generator/artifacts/bin/microsoft.typespec.generator.clientmodel.tests/debug/net8.0/microsoft.typespec.generator.clientmodel.tests.dll" id="0d6f690b-9d82-1f59-cc79-11a0ccc735ef">
      <Execution id="19549b02-7ae5-4318-94a9-2e23fb0fe5db" />
      <TestMethod codeBase="/home/runner/work/typespec/typespec/packages/http-client-csharp/generator/artifacts/bin/Microsoft.TypeSpec.Generator.ClientModel.Tests/Debug/net8.0/Microsoft.TypeSpec.Generator.ClientModel.Tests.dll" adapterTypeName="executor://nunit3testexecutor/" className="Microsoft.TypeSpec.Generator.ClientModel.Tests.Providers.ClientUriBuilderTests" name="AppendPath_Double(&quot;http://localhost&quot;,3.14d,False,&quot;http://localhost/3.14&quot;)" />
    </UnitTest>
    <UnitTest name="ResetThenAppendPathThenAppendQuery(&quot;http://localhost:12345&quot;,&quot;/some/&quot;,&quot;one|1|two|2&quot;,&quot;http://localhost:12345/some/?one=1&amp;two=2&quot;)" storage="/home/runner/work/typespec/typespec/packages/http-client-csharp/generator/artifacts/bin/microsoft.typespec.generator.clientmodel.tests/debug/net8.0/microsoft.typespec.generator.clientmodel.tests.dll" id="17af0ef1-5b03-524e-019b-aa5abb781652">
      <Execution id="5b766e47-d7e9-43bb-b680-5dd71a6ca510" />
      <TestMethod codeBase="/home/runner/work/typespec/typespec/packages/http-client-csharp/generator/artifacts/bin/Microsoft.TypeSpec.Generator.ClientModel.Tests/Debug/net8.0/Microsoft.TypeSpec.Generator.ClientModel.Tests.dll" adapterTypeName="executor://nunit3testexecutor/" className="Microsoft.TypeSpec.Generator.ClientModel.Tests.Providers.ClientUriBuilderTests" name="ResetThenAppendPathThenAppendQuery(&quot;http://localhost:12345&quot;,&quot;/some/&quot;,&quot;one|1|two|2&quot;,&quot;http://localhost:12345/some/?one=1&amp;two=2&quot;)" />
    </UnitTest>
    <UnitTest name="TestIntSerializationStatement(SafeInt,null)" storage="/home/runner/work/typespec/typespec/packages/http-client-csharp/generator/artifacts/bin/microsoft.typespec.generator.clientmodel.tests/debug/net8.0/microsoft.typespec.generator.clientmodel.tests.dll" id="b958a41f-27f6-e471-1bf7-24003919c637">
      <Execution id="8054153c-14ee-42a3-9bc5-235ebad47ffa" />
      <TestMethod codeBase="/home/runner/work/typespec/typespec/packages/http-client-csharp/generator/artifacts/bin/Microsoft.TypeSpec.Generator.ClientModel.Tests/Debug/net8.0/Microsoft.TypeSpec.Generator.ClientModel.Tests.dll" adapterTypeName="executor://nunit3testexecutor/" className="Microsoft.TypeSpec.Generator.ClientModel.Tests.Providers.MrwSerializationTypeDefinitions.MrwSerializationTypeDefinitionTests" name="TestIntSerializationStatement(SafeInt,null)" />
    </UnitTest>
    <UnitTest name="RoundTripWithJsonInterfaceOfT(&quot;J&quot;)" storage="/home/runner/work/typespec/typespec/packages/http-client-csharp/generator/artifacts/bin/microsoft.typespec.generator.clientmodel.tests/debug/net8.0/microsoft.typespec.generator.clientmodel.tests.dll" id="9e2a9f15-4488-46b5-d65a-ca258ef40110">
      <Execution id="22d0b277-063f-4caf-9ed0-1fe722ca334b" />
      <TestMethod codeBase="/home/runner/work/typespec/typespec/packages/http-client-csharp/generator/artifacts/bin/Microsoft.TypeSpec.Generator.ClientModel.Tests/Debug/net8.0/Microsoft.TypeSpec.Generator.ClientModel.Tests.dll" adapterTypeName="executor://nunit3testexecutor/" className="Microsoft.TypeSpec.Generator.ClientModel.Tests.ModelReaderWriterValidation.TestProjects.Sample_TypeSpec.RoundTripModelTests" name="RoundTripWithJsonInterfaceOfT(&quot;J&quot;)" />
    </UnitTest>
    <UnitTest name="ValidateConvertToString(&quot;c&quot;,1.02:59:59.5000000,&quot;1.02:59:59.5000000&quot;)" storage="/home/runner/work/typespec/typespec/packages/http-client-csharp/generator/artifacts/bin/microsoft.typespec.generator.clientmodel.tests/debug/net8.0/microsoft.typespec.generator.clientmodel.tests.dll" id="286c9298-177b-f65b-c722-ac07a895db6d">
      <Execution id="419b84b1-4269-4469-b0cd-04c5dad0d19f" />
      <TestMethod codeBase="/home/runner/work/typespec/typespec/packages/http-client-csharp/generator/artifacts/bin/Microsoft.TypeSpec.Generator.ClientModel.Tests/Debug/net8.0/Microsoft.TypeSpec.Generator.ClientModel.Tests.dll" adapterTypeName="executor://nunit3testexecutor/" className="Microsoft.TypeSpec.Generator.ClientModel.Tests.Providers.TypeFormatterTests" name="ValidateConvertToString(&quot;c&quot;,1.02:59:59.5000000,&quot;1.02:59:59.5000000&quot;)" />
    </UnitTest>
    <UnitTest name="EndpointInitializationValue(Microsoft.TypeSpec.Generator.Input.InputParameter,NewInstanceExpression { Type = global::System.Uri, Parameters = Microsoft.TypeSpec.Generator.Expressions.ValueExpression[], InitExpression =  })" storage="/home/runner/work/typespec/typespec/packages/http-client-csharp/generator/artifacts/bin/microsoft.typespec.generator.clientmodel.tests/debug/net8.0/microsoft.typespec.generator.clientmodel.tests.dll" id="03f1dfdc-f881-eae6-ebfe-eaa49855d196">
      <Execution id="303d8f3f-c286-4f22-8e04-781c62e79b3e" />
      <TestMethod codeBase="/home/runner/work/typespec/typespec/packages/http-client-csharp/generator/artifacts/bin/Microsoft.TypeSpec.Generator.ClientModel.Tests/Debug/net8.0/Microsoft.TypeSpec.Generator.ClientModel.Tests.dll" adapterTypeName="executor://nunit3testexecutor/" className="Microsoft.TypeSpec.Generator.ClientModel.Tests.Providers.ClientProviders.ClientProviderTests" name="EndpointInitializationValue(Microsoft.TypeSpec.Generator.Input.InputParameter,NewInstanceExpression { Type = global::System.Uri, Parameters = Microsoft.TypeSpec.Generator.Expressions.ValueExpression[], InitExpression =  })" />
    </UnitTest>
    <UnitTest name="RoundTripWithJsonInterfaceUtf8Reader(&quot;W&quot;)" storage="/home/runner/work/typespec/typespec/packages/http-client-csharp/generator/artifacts/bin/microsoft.typespec.generator.clientmodel.tests/debug/net8.0/microsoft.typespec.generator.clientmodel.tests.dll" id="47801b5e-10f4-56e3-4d93-5810e362eda9">
      <Execution id="87c9cd3e-04e8-4b17-aa80-235f615c3cc8" />
      <TestMethod codeBase="/home/runner/work/typespec/typespec/packages/http-client-csharp/generator/artifacts/bin/Microsoft.TypeSpec.Generator.ClientModel.Tests/Debug/net8.0/Microsoft.TypeSpec.Generator.ClientModel.Tests.dll" adapterTypeName="executor://nunit3testexecutor/" className="Microsoft.TypeSpec.Generator.ClientModel.Tests.ModelReaderWriterValidation.TestProjects.Sample_TypeSpec.ThingWithNullsTests" name="RoundTripWithJsonInterfaceUtf8Reader(&quot;W&quot;)" />
    </UnitTest>
    <UnitTest name="ValidateConvertToString(&quot;O&quot;,05/04/2020 03:02:01 +01:00,&quot;2020-05-04T02:02:01.1230000Z&quot;)" storage="/home/runner/work/typespec/typespec/packages/http-client-csharp/generator/artifacts/bin/microsoft.typespec.generator.clientmodel.tests/debug/net8.0/microsoft.typespec.generator.clientmodel.tests.dll" id="75c5c21e-f746-4e6e-81df-fc94bf156b92">
      <Execution id="025ac708-5c02-478b-873e-18641f101f5d" />
      <TestMethod codeBase="/home/runner/work/typespec/typespec/packages/http-client-csharp/generator/artifacts/bin/Microsoft.TypeSpec.Generator.ClientModel.Tests/Debug/net8.0/Microsoft.TypeSpec.Generator.ClientModel.Tests.dll" adapterTypeName="executor://nunit3testexecutor/" className="Microsoft.TypeSpec.Generator.ClientModel.Tests.Providers.TypeFormatterTests" name="ValidateConvertToString(&quot;O&quot;,05/04/2020 03:02:01 +01:00,&quot;2020-05-04T02:02:01.1230000Z&quot;)" />
    </UnitTest>
    <UnitTest name="TestProperties(True)" storage="/home/runner/work/typespec/typespec/packages/http-client-csharp/generator/artifacts/bin/microsoft.typespec.generator.clientmodel.tests/debug/net8.0/microsoft.typespec.generator.clientmodel.tests.dll" id="f5da3dc1-e02c-560c-2f2c-2214ac1c3c6d">
      <Execution id="b904324c-34cf-4fae-9ba9-06f40d048b81" />
      <TestMethod codeBase="/home/runner/work/typespec/typespec/packages/http-client-csharp/generator/artifacts/bin/Microsoft.TypeSpec.Generator.ClientModel.Tests/Debug/net8.0/Microsoft.TypeSpec.Generator.ClientModel.Tests.dll" adapterTypeName="executor://nunit3testexecutor/" className="Microsoft.TypeSpec.Generator.ClientModel.Tests.Providers.ClientOptionsProviderTests" name="TestProperties(True)" />
    </UnitTest>
    <UnitTest name="ThrowsIfUnknownFormat" storage="/home/runner/work/typespec/typespec/packages/http-client-csharp/generator/artifacts/bin/microsoft.typespec.generator.clientmodel.tests/debug/net8.0/microsoft.typespec.generator.clientmodel.tests.dll" id="7f7f5d66-3aed-c22e-7bf4-aeb78cf64ade">
      <Execution id="d43adba4-e1ef-4892-90d0-fbd956b93091" />
      <TestMethod codeBase="/home/runner/work/typespec/typespec/packages/http-client-csharp/generator/artifacts/bin/Microsoft.TypeSpec.Generator.ClientModel.Tests/Debug/net8.0/Microsoft.TypeSpec.Generator.ClientModel.Tests.dll" adapterTypeName="executor://nunit3testexecutor/" className="Microsoft.TypeSpec.Generator.ClientModel.Tests.ModelReaderWriterValidation.TestProjects.Sample_TypeSpec.ThingTests" name="ThrowsIfUnknownFormat" />
    </UnitTest>
    <UnitTest name="ValidateConvertToString(null,3.14f,&quot;3.14&quot;)" storage="/home/runner/work/typespec/typespec/packages/http-client-csharp/generator/artifacts/bin/microsoft.typespec.generator.clientmodel.tests/debug/net8.0/microsoft.typespec.generator.clientmodel.tests.dll" id="7adc7ac4-fa4e-60ca-0d47-9278641414cf">
      <Execution id="a34fa01d-36d5-44a9-9a3b-81988a064f9a" />
      <TestMethod codeBase="/home/runner/work/typespec/typespec/packages/http-client-csharp/generator/artifacts/bin/Microsoft.TypeSpec.Generator.ClientModel.Tests/Debug/net8.0/Microsoft.TypeSpec.Generator.ClientModel.Tests.dll" adapterTypeName="executor://nunit3testexecutor/" className="Microsoft.TypeSpec.Generator.ClientModel.Tests.Providers.TypeFormatterTests" name="ValidateConvertToString(null,3.14f,&quot;3.14&quot;)" />
    </UnitTest>
    <UnitTest name="TestBuildCreateRequestMethodWithPaging(False)" storage="/home/runner/work/typespec/typespec/packages/http-client-csharp/generator/artifacts/bin/microsoft.typespec.generator.clientmodel.tests/debug/net8.0/microsoft.typespec.generator.clientmodel.tests.dll" id="34bfcbdb-a9fe-5904-aaae-9b92562a47e4">
      <Execution id="5e3ac00a-c7db-44bf-9c6e-396059a16bf3" />
      <TestMethod codeBase="/home/runner/work/typespec/typespec/packages/http-client-csharp/generator/artifacts/bin/Microsoft.TypeSpec.Generator.ClientModel.Tests/Debug/net8.0/Microsoft.TypeSpec.Generator.ClientModel.Tests.dll" adapterTypeName="executor://nunit3testexecutor/" className="Microsoft.TypeSpec.Generator.ClientModel.Tests.Providers.RestClientProviders.RestClientProviderTests" name="TestBuildCreateRequestMethodWithPaging(False)" />
    </UnitTest>
    <UnitTest name="ResetThenAppendQueryThenAppendPath(&quot;http://localhost:12345&quot;,&quot;some&quot;,&quot;one|1&quot;,&quot;http://localhost:12345/some?one=1&quot;)" storage="/home/runner/work/typespec/typespec/packages/http-client-csharp/generator/artifacts/bin/microsoft.typespec.generator.clientmodel.tests/debug/net8.0/microsoft.typespec.generator.clientmodel.tests.dll" id="070234ad-41f6-8b87-8d36-d61d76f8b990">
      <Execution id="5c634e8f-7db9-4feb-b33d-fc68b05b98ec" />
      <TestMethod codeBase="/home/runner/work/typespec/typespec/packages/http-client-csharp/generator/artifacts/bin/Microsoft.TypeSpec.Generator.ClientModel.Tests/Debug/net8.0/Microsoft.TypeSpec.Generator.ClientModel.Tests.dll" adapterTypeName="executor://nunit3testexecutor/" className="Microsoft.TypeSpec.Generator.ClientModel.Tests.Providers.ClientUriBuilderTests" name="ResetThenAppendQueryThenAppendPath(&quot;http://localhost:12345&quot;,&quot;some&quot;,&quot;one|1&quot;,&quot;http://localhost:12345/some?one=1&quot;)" />
    </UnitTest>
    <UnitTest name="ResetThenAppendPathThenAppendQuery(&quot;http://localhost/&quot;,&quot;/some&quot;,&quot;one|1&quot;,&quot;http://localhost/some?one=1&quot;)" storage="/home/runner/work/typespec/typespec/packages/http-client-csharp/generator/artifacts/bin/microsoft.typespec.generator.clientmodel.tests/debug/net8.0/microsoft.typespec.generator.clientmodel.tests.dll" id="d1093ddf-4b56-d096-51d1-5583aef8d68c">
      <Execution id="adb7dd46-138a-46be-bc7e-34e4422cec80" />
      <TestMethod codeBase="/home/runner/work/typespec/typespec/packages/http-client-csharp/generator/artifacts/bin/Microsoft.TypeSpec.Generator.ClientModel.Tests/Debug/net8.0/Microsoft.TypeSpec.Generator.ClientModel.Tests.dll" adapterTypeName="executor://nunit3testexecutor/" className="Microsoft.TypeSpec.Generator.ClientModel.Tests.Providers.ClientUriBuilderTests" name="ResetThenAppendPathThenAppendQuery(&quot;http://localhost/&quot;,&quot;/some&quot;,&quot;one|1&quot;,&quot;http://localhost/some?one=1&quot;)" />
    </UnitTest>
    <UnitTest name="ValidateToSerialMethodsExtensible(Microsoft.TypeSpec.Generator.Input.InputEnumType)" storage="/home/runner/work/typespec/typespec/packages/http-client-csharp/generator/artifacts/bin/microsoft.typespec.generator.clientmodel.tests/debug/net8.0/microsoft.typespec.generator.clientmodel.tests.dll" id="bf4fa718-a0dc-a376-320f-64846e767fdc">
      <Execution id="b71aa53e-75c1-4b97-831e-88efa35bc4b9" />
      <TestMethod codeBase="/home/runner/work/typespec/typespec/packages/http-client-csharp/generator/artifacts/bin/Microsoft.TypeSpec.Generator.ClientModel.Tests/Debug/net8.0/Microsoft.TypeSpec.Generator.ClientModel.Tests.dll" adapterTypeName="executor://nunit3testexecutor/" className="Microsoft.TypeSpec.Generator.ClientModel.Tests.Providers.EnumProvider.EnumProviderSerializationTests" name="ValidateToSerialMethodsExtensible(Microsoft.TypeSpec.Generator.Input.InputEnumType)" />
    </UnitTest>
    <UnitTest name="ResetThenAppendQuery(&quot;http://localhost/some/&quot;,&quot;one|1|two|2&quot;,&quot;http://localhost/some/?one=1&amp;two=2&quot;)" storage="/home/runner/work/typespec/typespec/packages/http-client-csharp/generator/artifacts/bin/microsoft.typespec.generator.clientmodel.tests/debug/net8.0/microsoft.typespec.generator.clientmodel.tests.dll" id="bcca15e8-f885-072a-8111-788e9a179cb4">
      <Execution id="b9b3647b-2a38-4575-8728-724ad531ea54" />
      <TestMethod codeBase="/home/runner/work/typespec/typespec/packages/http-client-csharp/generator/artifacts/bin/Microsoft.TypeSpec.Generator.ClientModel.Tests/Debug/net8.0/Microsoft.TypeSpec.Generator.ClientModel.Tests.dll" adapterTypeName="executor://nunit3testexecutor/" className="Microsoft.TypeSpec.Generator.ClientModel.Tests.Providers.ClientUriBuilderTests" name="ResetThenAppendQuery(&quot;http://localhost/some/&quot;,&quot;one|1|two|2&quot;,&quot;http://localhost/some/?one=1&amp;two=2&quot;)" />
    </UnitTest>
    <UnitTest name="AppendQuery_TimeSpan(&quot;http://localhost&quot;,&quot;02:15:00&quot;,&quot;&quot;,True,&quot;http://localhost/?query=02%3A15%3A00&quot;)" storage="/home/runner/work/typespec/typespec/packages/http-client-csharp/generator/artifacts/bin/microsoft.typespec.generator.clientmodel.tests/debug/net8.0/microsoft.typespec.generator.clientmodel.tests.dll" id="94947477-732a-e560-5f54-22bdde23417b">
      <Execution id="53cc6d6a-33b5-4730-b4b5-8d8c127441de" />
      <TestMethod codeBase="/home/runner/work/typespec/typespec/packages/http-client-csharp/generator/artifacts/bin/Microsoft.TypeSpec.Generator.ClientModel.Tests/Debug/net8.0/Microsoft.TypeSpec.Generator.ClientModel.Tests.dll" adapterTypeName="executor://nunit3testexecutor/" className="Microsoft.TypeSpec.Generator.ClientModel.Tests.Providers.ClientUriBuilderTests" name="AppendQuery_TimeSpan(&quot;http://localhost&quot;,&quot;02:15:00&quot;,&quot;&quot;,True,&quot;http://localhost/?query=02%3A15%3A00&quot;)" />
    </UnitTest>
    <UnitTest name="CanCustomizeEnumToFieldFrameworkType" storage="/home/runner/work/typespec/typespec/packages/http-client-csharp/generator/artifacts/bin/microsoft.typespec.generator.clientmodel.tests/debug/net8.0/microsoft.typespec.generator.clientmodel.tests.dll" id="43806d68-607b-69b7-029c-895db69c2a44">
      <Execution id="a71616af-0911-4b4e-986c-bc318dfc672e" />
      <TestMethod codeBase="/home/runner/work/typespec/typespec/packages/http-client-csharp/generator/artifacts/bin/Microsoft.TypeSpec.Generator.ClientModel.Tests/Debug/net8.0/Microsoft.TypeSpec.Generator.ClientModel.Tests.dll" adapterTypeName="executor://nunit3testexecutor/" className="Microsoft.TypeSpec.Generator.ClientModel.Tests.Providers.MrwSerializationTypeDefinitions.ModelCustomizationTests" name="CanCustomizeEnumToFieldFrameworkType" />
    </UnitTest>
    <UnitTest name="RoundTripWithModelInterfaceNonGeneric(&quot;J&quot;)" storage="/home/runner/work/typespec/typespec/packages/http-client-csharp/generator/artifacts/bin/microsoft.typespec.generator.clientmodel.tests/debug/net8.0/microsoft.typespec.generator.clientmodel.tests.dll" id="18629ec7-3646-60f2-e0ac-ece98123ec4e">
      <Execution id="38b52e58-d9ec-4aa2-a905-8c101caded40" />
      <TestMethod codeBase="/home/runner/work/typespec/typespec/packages/http-client-csharp/generator/artifacts/bin/Microsoft.TypeSpec.Generator.ClientModel.Tests/Debug/net8.0/Microsoft.TypeSpec.Generator.ClientModel.Tests.dll" adapterTypeName="executor://nunit3testexecutor/" className="Microsoft.TypeSpec.Generator.ClientModel.Tests.ModelReaderWriterValidation.TestProjects.Sample_TypeSpec.FriendTests" name="RoundTripWithModelInterfaceNonGeneric(&quot;J&quot;)" />
    </UnitTest>
    <UnitTest name="TestBuildProperties" storage="/home/runner/work/typespec/typespec/packages/http-client-csharp/generator/artifacts/bin/microsoft.typespec.generator.clientmodel.tests/debug/net8.0/microsoft.typespec.generator.clientmodel.tests.dll" id="622aba69-20fa-274e-c9a3-62ef69aa9cc7">
      <Execution id="e0e6e1cb-4734-4c4e-856a-2e77014d408b" />
      <TestMethod codeBase="/home/runner/work/typespec/typespec/packages/http-client-csharp/generator/artifacts/bin/Microsoft.TypeSpec.Generator.ClientModel.Tests/Debug/net8.0/Microsoft.TypeSpec.Generator.ClientModel.Tests.dll" adapterTypeName="executor://nunit3testexecutor/" className="Microsoft.TypeSpec.Generator.ClientModel.Tests.Providers.ClientProviders.ClientProviderTests" name="TestBuildProperties" />
    </UnitTest>
    <UnitTest name="AppendPath_Float(&quot;http://localhost&quot;,-3.14f,True,&quot;http://localhost/-3.14&quot;)" storage="/home/runner/work/typespec/typespec/packages/http-client-csharp/generator/artifacts/bin/microsoft.typespec.generator.clientmodel.tests/debug/net8.0/microsoft.typespec.generator.clientmodel.tests.dll" id="bf3da019-7f9d-af94-6f96-f8ea713b9cf6">
      <Execution id="5cdb504d-5bd6-4a2f-affa-ba2e5692d170" />
      <TestMethod codeBase="/home/runner/work/typespec/typespec/packages/http-client-csharp/generator/artifacts/bin/Microsoft.TypeSpec.Generator.ClientModel.Tests/Debug/net8.0/Microsoft.TypeSpec.Generator.ClientModel.Tests.dll" adapterTypeName="executor://nunit3testexecutor/" className="Microsoft.TypeSpec.Generator.ClientModel.Tests.Providers.ClientUriBuilderTests" name="AppendPath_Float(&quot;http://localhost&quot;,-3.14f,True,&quot;http://localhost/-3.14&quot;)" />
    </UnitTest>
    <UnitTest name="NextLinkInBodyOfTAsync" storage="/home/runner/work/typespec/typespec/packages/http-client-csharp/generator/artifacts/bin/microsoft.typespec.generator.clientmodel.tests/debug/net8.0/microsoft.typespec.generator.clientmodel.tests.dll" id="6eb251ea-cd01-f295-71ff-20db562d463d">
      <Execution id="23e63421-d828-4531-8338-06aa68c6dfc8" />
      <TestMethod codeBase="/home/runner/work/typespec/typespec/packages/http-client-csharp/generator/artifacts/bin/Microsoft.TypeSpec.Generator.ClientModel.Tests/Debug/net8.0/Microsoft.TypeSpec.Generator.ClientModel.Tests.dll" adapterTypeName="executor://nunit3testexecutor/" className="Microsoft.TypeSpec.Generator.ClientModel.Tests.Providers.CollectionResultDefinitions.NextLinkTests" name="NextLinkInBodyOfTAsync" />
    </UnitTest>
    <UnitTest name="TestBuildCreateRequestMethodWithPathParameters" storage="/home/runner/work/typespec/typespec/packages/http-client-csharp/generator/artifacts/bin/microsoft.typespec.generator.clientmodel.tests/debug/net8.0/microsoft.typespec.generator.clientmodel.tests.dll" id="399178cf-d06f-bce1-4bab-8ac5289277a4">
      <Execution id="fcca5960-e7d7-4408-a6d9-e4bae74b8789" />
      <TestMethod codeBase="/home/runner/work/typespec/typespec/packages/http-client-csharp/generator/artifacts/bin/Microsoft.TypeSpec.Generator.ClientModel.Tests/Debug/net8.0/Microsoft.TypeSpec.Generator.ClientModel.Tests.dll" adapterTypeName="executor://nunit3testexecutor/" className="Microsoft.TypeSpec.Generator.ClientModel.Tests.Providers.RestClientProviders.RestClientProviderTests" name="TestBuildCreateRequestMethodWithPathParameters" />
    </UnitTest>
    <UnitTest name="TestIntSerializationStatement(Int64,&quot;string&quot;)" storage="/home/runner/work/typespec/typespec/packages/http-client-csharp/generator/artifacts/bin/microsoft.typespec.generator.clientmodel.tests/debug/net8.0/microsoft.typespec.generator.clientmodel.tests.dll" id="e5ea073a-1304-13ec-948e-c8c80cc58fda">
      <Execution id="78bf53ec-533a-4951-a983-d62fec372a6d" />
      <TestMethod codeBase="/home/runner/work/typespec/typespec/packages/http-client-csharp/generator/artifacts/bin/Microsoft.TypeSpec.Generator.ClientModel.Tests/Debug/net8.0/Microsoft.TypeSpec.Generator.ClientModel.Tests.dll" adapterTypeName="executor://nunit3testexecutor/" className="Microsoft.TypeSpec.Generator.ClientModel.Tests.Providers.MrwSerializationTypeDefinitions.MrwSerializationTypeDefinitionTests" name="TestIntSerializationStatement(Int64,&quot;string&quot;)" />
    </UnitTest>
    <UnitTest name="CanReplaceMethod" storage="/home/runner/work/typespec/typespec/packages/http-client-csharp/generator/artifacts/bin/microsoft.typespec.generator.clientmodel.tests/debug/net8.0/microsoft.typespec.generator.clientmodel.tests.dll" id="bddbe6e1-4ba2-79f3-80d7-1fdfb1834331">
      <Execution id="accd5184-217f-440d-83c2-dc028ef90a1a" />
      <TestMethod codeBase="/home/runner/work/typespec/typespec/packages/http-client-csharp/generator/artifacts/bin/Microsoft.TypeSpec.Generator.ClientModel.Tests/Debug/net8.0/Microsoft.TypeSpec.Generator.ClientModel.Tests.dll" adapterTypeName="executor://nunit3testexecutor/" className="Microsoft.TypeSpec.Generator.ClientModel.Tests.Providers.Definitions.ClientPipelineExtensionsDefCustomizationTests" name="CanReplaceMethod" />
    </UnitTest>
    <UnitTest name="CanAddMultipleMethods" storage="/home/runner/work/typespec/typespec/packages/http-client-csharp/generator/artifacts/bin/microsoft.typespec.generator.clientmodel.tests/debug/net8.0/microsoft.typespec.generator.clientmodel.tests.dll" id="54b2cfa1-7269-c0b2-f15e-9f5e8fbe61d5">
      <Execution id="5af6734d-33d1-4f07-bd99-bcad7f3bd19b" />
      <TestMethod codeBase="/home/runner/work/typespec/typespec/packages/http-client-csharp/generator/artifacts/bin/Microsoft.TypeSpec.Generator.ClientModel.Tests/Debug/net8.0/Microsoft.TypeSpec.Generator.ClientModel.Tests.dll" adapterTypeName="executor://nunit3testexecutor/" className="Microsoft.TypeSpec.Generator.ClientModel.Tests.Providers.ClientProviders.ClientProviderCustomizationTests" name="CanAddMultipleMethods" />
    </UnitTest>
    <UnitTest name="AppendQuery_Guid(&quot;http://localhost&quot;,&quot;3f2504e0-4f89-11d3-9a0c-0305e82c3301&quot;,False,&quot;http://localhost/?query=3f2504e0-4f89-11d3-9a0c-0305e82c3301&quot;)" storage="/home/runner/work/typespec/typespec/packages/http-client-csharp/generator/artifacts/bin/microsoft.typespec.generator.clientmodel.tests/debug/net8.0/microsoft.typespec.generator.clientmodel.tests.dll" id="1368c745-6a45-6b60-c9b7-a77fa1d07ab3">
      <Execution id="cf6fdedc-39a9-4609-b967-b96e65ac302b" />
      <TestMethod codeBase="/home/runner/work/typespec/typespec/packages/http-client-csharp/generator/artifacts/bin/Microsoft.TypeSpec.Generator.ClientModel.Tests/Debug/net8.0/Microsoft.TypeSpec.Generator.ClientModel.Tests.dll" adapterTypeName="executor://nunit3testexecutor/" className="Microsoft.TypeSpec.Generator.ClientModel.Tests.Providers.ClientUriBuilderTests" name="AppendQuery_Guid(&quot;http://localhost&quot;,&quot;3f2504e0-4f89-11d3-9a0c-0305e82c3301&quot;,False,&quot;http://localhost/?query=3f2504e0-4f89-11d3-9a0c-0305e82c3301&quot;)" />
    </UnitTest>
    <UnitTest name="FormatsDatesAsJson(&quot;R&quot;,05/04/2020 03:02:01 +01:00,&quot;Mon, 04 May 2020 02:02:01 GMT&quot;)" storage="/home/runner/work/typespec/typespec/packages/http-client-csharp/generator/artifacts/bin/microsoft.typespec.generator.clientmodel.tests/debug/net8.0/microsoft.typespec.generator.clientmodel.tests.dll" id="9d18eb91-be6b-90e4-b7cf-8f9741658eb3">
      <Execution id="d53bcadb-df17-4aee-86a9-9a1c2f10a4e5" />
      <TestMethod codeBase="/home/runner/work/typespec/typespec/packages/http-client-csharp/generator/artifacts/bin/Microsoft.TypeSpec.Generator.ClientModel.Tests/Debug/net8.0/Microsoft.TypeSpec.Generator.ClientModel.Tests.dll" adapterTypeName="executor://nunit3testexecutor/" className="Microsoft.TypeSpec.Generator.ClientModel.Tests.Providers.TypeFormatterTests" name="FormatsDatesAsJson(&quot;R&quot;,05/04/2020 03:02:01 +01:00,&quot;Mon, 04 May 2020 02:02:01 GMT&quot;)" />
    </UnitTest>
    <UnitTest name="CanReplaceStructMethod(False)" storage="/home/runner/work/typespec/typespec/packages/http-client-csharp/generator/artifacts/bin/microsoft.typespec.generator.clientmodel.tests/debug/net8.0/microsoft.typespec.generator.clientmodel.tests.dll" id="3c2bfb64-9df6-3696-771c-f9828b5d3e4d">
      <Execution id="1529a7dd-23c5-48c4-864a-73b9bde56949" />
      <TestMethod codeBase="/home/runner/work/typespec/typespec/packages/http-client-csharp/generator/artifacts/bin/Microsoft.TypeSpec.Generator.ClientModel.Tests/Debug/net8.0/Microsoft.TypeSpec.Generator.ClientModel.Tests.dll" adapterTypeName="executor://nunit3testexecutor/" className="Microsoft.TypeSpec.Generator.ClientModel.Tests.Providers.ClientProviders.ClientProviderCustomizationTests" name="CanReplaceStructMethod(False)" />
    </UnitTest>
    <UnitTest name="NextLinkInHeaderAsync" storage="/home/runner/work/typespec/typespec/packages/http-client-csharp/generator/artifacts/bin/microsoft.typespec.generator.clientmodel.tests/debug/net8.0/microsoft.typespec.generator.clientmodel.tests.dll" id="883e5672-51ed-46eb-1c03-d79c19b513da">
      <Execution id="903fd795-5a0e-4557-81f5-fbc83b67e8b4" />
      <TestMethod codeBase="/home/runner/work/typespec/typespec/packages/http-client-csharp/generator/artifacts/bin/Microsoft.TypeSpec.Generator.ClientModel.Tests/Debug/net8.0/Microsoft.TypeSpec.Generator.ClientModel.Tests.dll" adapterTypeName="executor://nunit3testexecutor/" className="Microsoft.TypeSpec.Generator.ClientModel.Tests.Providers.CollectionResultDefinitions.NextLinkTests" name="NextLinkInHeaderAsync" />
    </UnitTest>
    <UnitTest name="AppendQuery_Int(&quot;http://localhost&quot;,-299792458,True,&quot;http://localhost/?query=-299792458&quot;)" storage="/home/runner/work/typespec/typespec/packages/http-client-csharp/generator/artifacts/bin/microsoft.typespec.generator.clientmodel.tests/debug/net8.0/microsoft.typespec.generator.clientmodel.tests.dll" id="7456fb2c-8b28-44ae-c1dd-c8e91814e107">
      <Execution id="29ef7f51-c1ff-4e1f-86d6-88f62bbb5c42" />
      <TestMethod codeBase="/home/runner/work/typespec/typespec/packages/http-client-csharp/generator/artifacts/bin/Microsoft.TypeSpec.Generator.ClientModel.Tests/Debug/net8.0/Microsoft.TypeSpec.Generator.ClientModel.Tests.dll" adapterTypeName="executor://nunit3testexecutor/" className="Microsoft.TypeSpec.Generator.ClientModel.Tests.Providers.ClientUriBuilderTests" name="AppendQuery_Int(&quot;http://localhost&quot;,-299792458,True,&quot;http://localhost/?query=-299792458&quot;)" />
    </UnitTest>
    <UnitTest name="ResetThenAppendPathThenAppendQuery(&quot;http://localhost:12345&quot;,&quot;some/&quot;,&quot;one|1&quot;,&quot;http://localhost:12345/some/?one=1&quot;)" storage="/home/runner/work/typespec/typespec/packages/http-client-csharp/generator/artifacts/bin/microsoft.typespec.generator.clientmodel.tests/debug/net8.0/microsoft.typespec.generator.clientmodel.tests.dll" id="e2eeac04-ff14-49db-523a-cfd79fc27b7f">
      <Execution id="87f84109-0ef0-4f7e-8aab-c684627f800b" />
      <TestMethod codeBase="/home/runner/work/typespec/typespec/packages/http-client-csharp/generator/artifacts/bin/Microsoft.TypeSpec.Generator.ClientModel.Tests/Debug/net8.0/Microsoft.TypeSpec.Generator.ClientModel.Tests.dll" adapterTypeName="executor://nunit3testexecutor/" className="Microsoft.TypeSpec.Generator.ClientModel.Tests.Providers.ClientUriBuilderTests" name="ResetThenAppendPathThenAppendQuery(&quot;http://localhost:12345&quot;,&quot;some/&quot;,&quot;one|1&quot;,&quot;http://localhost:12345/some/?one=1&quot;)" />
    </UnitTest>
    <UnitTest name="AppendPath_DateTimeOffset(&quot;http://localhost&quot;,&quot;6/30/1905 1:14:00 PM +00:00&quot;,&quot;U&quot;,False,&quot;http://localhost/-2035622760&quot;)" storage="/home/runner/work/typespec/typespec/packages/http-client-csharp/generator/artifacts/bin/microsoft.typespec.generator.clientmodel.tests/debug/net8.0/microsoft.typespec.generator.clientmodel.tests.dll" id="a796d7f5-984c-823a-3844-ddc6f7370e1a">
      <Execution id="00edc796-0894-41b5-97a6-7db562d3126e" />
      <TestMethod codeBase="/home/runner/work/typespec/typespec/packages/http-client-csharp/generator/artifacts/bin/Microsoft.TypeSpec.Generator.ClientModel.Tests/Debug/net8.0/Microsoft.TypeSpec.Generator.ClientModel.Tests.dll" adapterTypeName="executor://nunit3testexecutor/" className="Microsoft.TypeSpec.Generator.ClientModel.Tests.Providers.ClientUriBuilderTests" name="AppendPath_DateTimeOffset(&quot;http://localhost&quot;,&quot;6/30/1905 1:14:00 PM +00:00&quot;,&quot;U&quot;,False,&quot;http://localhost/-2035622760&quot;)" />
    </UnitTest>
    <UnitTest name="AppendPath_DateTimeOffset(&quot;http://localhost&quot;,&quot;6/30/1905 1:14:00 PM +00:00&quot;,&quot;O&quot;,True,&quot;http://localhost/1905-06-30T13%3A14%3A00.0000000Z&quot;)" storage="/home/runner/work/typespec/typespec/packages/http-client-csharp/generator/artifacts/bin/microsoft.typespec.generator.clientmodel.tests/debug/net8.0/microsoft.typespec.generator.clientmodel.tests.dll" id="742aca02-9331-da31-2bac-cb8e449be676">
      <Execution id="77ce986b-8cd0-4467-a5cc-655c85f85d6b" />
      <TestMethod codeBase="/home/runner/work/typespec/typespec/packages/http-client-csharp/generator/artifacts/bin/Microsoft.TypeSpec.Generator.ClientModel.Tests/Debug/net8.0/Microsoft.TypeSpec.Generator.ClientModel.Tests.dll" adapterTypeName="executor://nunit3testexecutor/" className="Microsoft.TypeSpec.Generator.ClientModel.Tests.Providers.ClientUriBuilderTests" name="AppendPath_DateTimeOffset(&quot;http://localhost&quot;,&quot;6/30/1905 1:14:00 PM +00:00&quot;,&quot;O&quot;,True,&quot;http://localhost/1905-06-30T13%3A14%3A00.0000000Z&quot;)" />
    </UnitTest>
    <UnitTest name="RoundTripWithJsonInterfaceUtf8Reader(&quot;W&quot;)" storage="/home/runner/work/typespec/typespec/packages/http-client-csharp/generator/artifacts/bin/microsoft.typespec.generator.clientmodel.tests/debug/net8.0/microsoft.typespec.generator.clientmodel.tests.dll" id="9e58d1b2-456d-53b1-789d-a8a13edb1755">
      <Execution id="d1cf4008-c025-470f-924d-665ce8713bf3" />
      <TestMethod codeBase="/home/runner/work/typespec/typespec/packages/http-client-csharp/generator/artifacts/bin/Microsoft.TypeSpec.Generator.ClientModel.Tests/Debug/net8.0/Microsoft.TypeSpec.Generator.ClientModel.Tests.dll" adapterTypeName="executor://nunit3testexecutor/" className="Microsoft.TypeSpec.Generator.ClientModel.Tests.ModelReaderWriterValidation.TestProjects.Sample_TypeSpec.ThingTests" name="RoundTripWithJsonInterfaceUtf8Reader(&quot;W&quot;)" />
    </UnitTest>
    <UnitTest name="RoundTripWithJsonInterfaceUtf8ReaderNonGeneric(&quot;J&quot;)" storage="/home/runner/work/typespec/typespec/packages/http-client-csharp/generator/artifacts/bin/microsoft.typespec.generator.clientmodel.tests/debug/net8.0/microsoft.typespec.generator.clientmodel.tests.dll" id="0bcee4b1-1c28-608b-529d-c163d3dedf9c">
      <Execution id="1e42a83e-ef72-4c3c-ac6d-9c39d9bddcf3" />
      <TestMethod codeBase="/home/runner/work/typespec/typespec/packages/http-client-csharp/generator/artifacts/bin/Microsoft.TypeSpec.Generator.ClientModel.Tests/Debug/net8.0/Microsoft.TypeSpec.Generator.ClientModel.Tests.dll" adapterTypeName="executor://nunit3testexecutor/" className="Microsoft.TypeSpec.Generator.ClientModel.Tests.ModelReaderWriterValidation.TestProjects.Sample_TypeSpec.FriendTests" name="RoundTripWithJsonInterfaceUtf8ReaderNonGeneric(&quot;J&quot;)" />
    </UnitTest>
    <UnitTest name="DiscriminatorDeserializationUsesCorrectDiscriminatorPropName" storage="/home/runner/work/typespec/typespec/packages/http-client-csharp/generator/artifacts/bin/microsoft.typespec.generator.clientmodel.tests/debug/net8.0/microsoft.typespec.generator.clientmodel.tests.dll" id="a2ae843a-92ec-37be-0383-b7c0f9e18238">
      <Execution id="9d501426-2981-4bc3-8f31-e8e023932f8a" />
      <TestMethod codeBase="/home/runner/work/typespec/typespec/packages/http-client-csharp/generator/artifacts/bin/Microsoft.TypeSpec.Generator.ClientModel.Tests/Debug/net8.0/Microsoft.TypeSpec.Generator.ClientModel.Tests.dll" adapterTypeName="executor://nunit3testexecutor/" className="Microsoft.TypeSpec.Generator.ClientModel.Tests.Providers.MrwSerializationTypeDefinitions.DiscriminatorTests" name="DiscriminatorDeserializationUsesCorrectDiscriminatorPropName" />
    </UnitTest>
    <UnitTest name="RoundTripWithJsonInterfaceOfT(&quot;J&quot;)" storage="/home/runner/work/typespec/typespec/packages/http-client-csharp/generator/artifacts/bin/microsoft.typespec.generator.clientmodel.tests/debug/net8.0/microsoft.typespec.generator.clientmodel.tests.dll" id="8cb4157a-a4c7-8622-53f1-e454664ebcf3">
      <Execution id="407c05cf-1b4c-4263-adf5-34ab465fba74" />
      <TestMethod codeBase="/home/runner/work/typespec/typespec/packages/http-client-csharp/generator/artifacts/bin/Microsoft.TypeSpec.Generator.ClientModel.Tests/Debug/net8.0/Microsoft.TypeSpec.Generator.ClientModel.Tests.dll" adapterTypeName="executor://nunit3testexecutor/" className="Microsoft.TypeSpec.Generator.ClientModel.Tests.ModelReaderWriterValidation.TestProjects.Sample_TypeSpec.FriendTests" name="RoundTripWithJsonInterfaceOfT(&quot;J&quot;)" />
    </UnitTest>
    <UnitTest name="TestProperties(False)" storage="/home/runner/work/typespec/typespec/packages/http-client-csharp/generator/artifacts/bin/microsoft.typespec.generator.clientmodel.tests/debug/net8.0/microsoft.typespec.generator.clientmodel.tests.dll" id="c09b9953-6e88-da7c-cf9f-d8e3839bb3cf">
      <Execution id="60371502-1a86-4341-991f-1445780eafa1" />
      <TestMethod codeBase="/home/runner/work/typespec/typespec/packages/http-client-csharp/generator/artifacts/bin/Microsoft.TypeSpec.Generator.ClientModel.Tests/Debug/net8.0/Microsoft.TypeSpec.Generator.ClientModel.Tests.dll" adapterTypeName="executor://nunit3testexecutor/" className="Microsoft.TypeSpec.Generator.ClientModel.Tests.Providers.ClientOptionsProviderTests" name="TestProperties(False)" />
    </UnitTest>
    <UnitTest name="CanCustomizePropertyIntoReadOnlyMemory" storage="/home/runner/work/typespec/typespec/packages/http-client-csharp/generator/artifacts/bin/microsoft.typespec.generator.clientmodel.tests/debug/net8.0/microsoft.typespec.generator.clientmodel.tests.dll" id="80a79c68-1797-57d6-44a8-e72ce9b9663e">
      <Execution id="4446652f-fce5-47b0-85c7-1a3c419698f6" />
      <TestMethod codeBase="/home/runner/work/typespec/typespec/packages/http-client-csharp/generator/artifacts/bin/Microsoft.TypeSpec.Generator.ClientModel.Tests/Debug/net8.0/Microsoft.TypeSpec.Generator.ClientModel.Tests.dll" adapterTypeName="executor://nunit3testexecutor/" className="Microsoft.TypeSpec.Generator.ClientModel.Tests.Providers.MrwSerializationTypeDefinitions.ModelCustomizationTests" name="CanCustomizePropertyIntoReadOnlyMemory" />
    </UnitTest>
    <UnitTest name="TestSubClientAccessorFactoryMethods(Microsoft.TypeSpec.Generator.Input.InputClient,False)" storage="/home/runner/work/typespec/typespec/packages/http-client-csharp/generator/artifacts/bin/microsoft.typespec.generator.clientmodel.tests/debug/net8.0/microsoft.typespec.generator.clientmodel.tests.dll" id="941cdf7d-b868-4a18-3e98-79f786b3a216">
      <Execution id="370f0489-9e8d-4e8d-8410-2a62d3332702" />
      <TestMethod codeBase="/home/runner/work/typespec/typespec/packages/http-client-csharp/generator/artifacts/bin/Microsoft.TypeSpec.Generator.ClientModel.Tests/Debug/net8.0/Microsoft.TypeSpec.Generator.ClientModel.Tests.dll" adapterTypeName="executor://nunit3testexecutor/" className="Microsoft.TypeSpec.Generator.ClientModel.Tests.Providers.ClientProviders.ClientProviderTests" name="TestSubClientAccessorFactoryMethods(Microsoft.TypeSpec.Generator.Input.InputClient,False)" />
    </UnitTest>
    <UnitTest name="AppendQuery_TimeSpan(&quot;http://localhost&quot;,&quot;02:15:00&quot;,null,True,&quot;http://localhost/?query=PT2H15M&quot;)" storage="/home/runner/work/typespec/typespec/packages/http-client-csharp/generator/artifacts/bin/microsoft.typespec.generator.clientmodel.tests/debug/net8.0/microsoft.typespec.generator.clientmodel.tests.dll" id="6a107d20-558d-703d-f7cd-24aec4600175">
      <Execution id="26229abe-bbd2-4518-a4cd-e4c367135c5a" />
      <TestMethod codeBase="/home/runner/work/typespec/typespec/packages/http-client-csharp/generator/artifacts/bin/Microsoft.TypeSpec.Generator.ClientModel.Tests/Debug/net8.0/Microsoft.TypeSpec.Generator.ClientModel.Tests.dll" adapterTypeName="executor://nunit3testexecutor/" className="Microsoft.TypeSpec.Generator.ClientModel.Tests.Providers.ClientUriBuilderTests" name="AppendQuery_TimeSpan(&quot;http://localhost&quot;,&quot;02:15:00&quot;,null,True,&quot;http://localhost/?query=PT2H15M&quot;)" />
    </UnitTest>
    <UnitTest name="ValidateClientWithApiVersion" storage="/home/runner/work/typespec/typespec/packages/http-client-csharp/generator/artifacts/bin/microsoft.typespec.generator.clientmodel.tests/debug/net8.0/microsoft.typespec.generator.clientmodel.tests.dll" id="5112593c-0687-fa01-6d25-d137ee4d6ee0">
      <Execution id="ffb2149f-eeda-495b-a5dd-abac4861d605" />
      <TestMethod codeBase="/home/runner/work/typespec/typespec/packages/http-client-csharp/generator/artifacts/bin/Microsoft.TypeSpec.Generator.ClientModel.Tests/Debug/net8.0/Microsoft.TypeSpec.Generator.ClientModel.Tests.dll" adapterTypeName="executor://nunit3testexecutor/" className="Microsoft.TypeSpec.Generator.ClientModel.Tests.Providers.RestClientProviders.RestClientProviderTests" name="ValidateClientWithApiVersion" />
    </UnitTest>
    <UnitTest name="PreVisitsClients" storage="/home/runner/work/typespec/typespec/packages/http-client-csharp/generator/artifacts/bin/microsoft.typespec.generator.clientmodel.tests/debug/net8.0/microsoft.typespec.generator.clientmodel.tests.dll" id="a8f1c880-78cf-7098-795a-e75cda76d3c7">
      <Execution id="9c18ba85-429b-4332-a8d7-fb5830d2a4a0" />
      <TestMethod codeBase="/home/runner/work/typespec/typespec/packages/http-client-csharp/generator/artifacts/bin/Microsoft.TypeSpec.Generator.ClientModel.Tests/Debug/net8.0/Microsoft.TypeSpec.Generator.ClientModel.Tests.dll" adapterTypeName="executor://nunit3testexecutor/" className="Microsoft.TypeSpec.Generator.ClientModel.Tests.InputLibraryVisitorTests" name="PreVisitsClients" />
    </UnitTest>
    <UnitTest name="ThrowsIfWireIsNotJson" storage="/home/runner/work/typespec/typespec/packages/http-client-csharp/generator/artifacts/bin/microsoft.typespec.generator.clientmodel.tests/debug/net8.0/microsoft.typespec.generator.clientmodel.tests.dll" id="8a40cf4a-8921-8267-667c-5a94ce0143cd">
      <Execution id="af696a22-7c39-49f4-a64d-155edcc566ab" />
      <TestMethod codeBase="/home/runner/work/typespec/typespec/packages/http-client-csharp/generator/artifacts/bin/Microsoft.TypeSpec.Generator.ClientModel.Tests/Debug/net8.0/Microsoft.TypeSpec.Generator.ClientModel.Tests.dll" adapterTypeName="executor://nunit3testexecutor/" className="Microsoft.TypeSpec.Generator.ClientModel.Tests.ModelReaderWriterValidation.TestProjects.Sample_TypeSpec.RenamedModelTests" name="ThrowsIfWireIsNotJson" />
    </UnitTest>
    <UnitTest name="ResetThenAppendPathThenAppendQuery(&quot;http://localhost/&quot;,&quot;some/&quot;,&quot;one|1&quot;,&quot;http://localhost/some/?one=1&quot;)" storage="/home/runner/work/typespec/typespec/packages/http-client-csharp/generator/artifacts/bin/microsoft.typespec.generator.clientmodel.tests/debug/net8.0/microsoft.typespec.generator.clientmodel.tests.dll" id="ba6e5088-a408-9d7c-c8df-cce696082113">
      <Execution id="e6b81f06-b86c-4c48-9118-0973117f8bf0" />
      <TestMethod codeBase="/home/runner/work/typespec/typespec/packages/http-client-csharp/generator/artifacts/bin/Microsoft.TypeSpec.Generator.ClientModel.Tests/Debug/net8.0/Microsoft.TypeSpec.Generator.ClientModel.Tests.dll" adapterTypeName="executor://nunit3testexecutor/" className="Microsoft.TypeSpec.Generator.ClientModel.Tests.Providers.ClientUriBuilderTests" name="ResetThenAppendPathThenAppendQuery(&quot;http://localhost/&quot;,&quot;some/&quot;,&quot;one|1&quot;,&quot;http://localhost/some/?one=1&quot;)" />
    </UnitTest>
    <UnitTest name="FormatsTimeSpanAsJson(&quot;c&quot;,1.02:59:59.5000000,&quot;1.02:59:59.5000000&quot;)" storage="/home/runner/work/typespec/typespec/packages/http-client-csharp/generator/artifacts/bin/microsoft.typespec.generator.clientmodel.tests/debug/net8.0/microsoft.typespec.generator.clientmodel.tests.dll" id="87a406ec-4133-87bc-5a61-b337c8334484">
      <Execution id="afcd7871-2313-4502-ab64-47b59524eec4" />
      <TestMethod codeBase="/home/runner/work/typespec/typespec/packages/http-client-csharp/generator/artifacts/bin/Microsoft.TypeSpec.Generator.ClientModel.Tests/Debug/net8.0/Microsoft.TypeSpec.Generator.ClientModel.Tests.dll" adapterTypeName="executor://nunit3testexecutor/" className="Microsoft.TypeSpec.Generator.ClientModel.Tests.Providers.TypeFormatterTests" name="FormatsTimeSpanAsJson(&quot;c&quot;,1.02:59:59.5000000,&quot;1.02:59:59.5000000&quot;)" />
    </UnitTest>
    <UnitTest name="FormatsDatesAsString(&quot;O&quot;,12/31/9999 23:59:59 +01:00,&quot;9999-12-31T22:59:59.9999999Z&quot;)" storage="/home/runner/work/typespec/typespec/packages/http-client-csharp/generator/artifacts/bin/microsoft.typespec.generator.clientmodel.tests/debug/net8.0/microsoft.typespec.generator.clientmodel.tests.dll" id="4afc0fd1-72b0-e89b-9d2b-d3711e834ed8">
      <Execution id="60d783d3-3ec4-4939-b8f0-0e881bb631c7" />
      <TestMethod codeBase="/home/runner/work/typespec/typespec/packages/http-client-csharp/generator/artifacts/bin/Microsoft.TypeSpec.Generator.ClientModel.Tests/Debug/net8.0/Microsoft.TypeSpec.Generator.ClientModel.Tests.dll" adapterTypeName="executor://nunit3testexecutor/" className="Microsoft.TypeSpec.Generator.ClientModel.Tests.Providers.TypeFormatterTests" name="FormatsDatesAsString(&quot;O&quot;,12/31/9999 23:59:59 +01:00,&quot;9999-12-31T22:59:59.9999999Z&quot;)" />
    </UnitTest>
    <UnitTest name="ResetThenAppendPath(&quot;http://localhost:12345/&quot;,&quot;/path/&quot;,&quot;http://localhost:12345/path/&quot;)" storage="/home/runner/work/typespec/typespec/packages/http-client-csharp/generator/artifacts/bin/microsoft.typespec.generator.clientmodel.tests/debug/net8.0/microsoft.typespec.generator.clientmodel.tests.dll" id="0ff7f84c-222b-c9d7-80b3-11c44079c637">
      <Execution id="7fd5f6f4-4ffc-4ab2-bd10-af222c0fb68a" />
      <TestMethod codeBase="/home/runner/work/typespec/typespec/packages/http-client-csharp/generator/artifacts/bin/Microsoft.TypeSpec.Generator.ClientModel.Tests/Debug/net8.0/Microsoft.TypeSpec.Generator.ClientModel.Tests.dll" adapterTypeName="executor://nunit3testexecutor/" className="Microsoft.TypeSpec.Generator.ClientModel.Tests.Providers.ClientUriBuilderTests" name="ResetThenAppendPath(&quot;http://localhost:12345/&quot;,&quot;/path/&quot;,&quot;http://localhost:12345/path/&quot;)" />
    </UnitTest>
    <UnitTest name="ThrowsIfUnknownFormat" storage="/home/runner/work/typespec/typespec/packages/http-client-csharp/generator/artifacts/bin/microsoft.typespec.generator.clientmodel.tests/debug/net8.0/microsoft.typespec.generator.clientmodel.tests.dll" id="68ec2804-61d2-a820-b0f7-db77ab5e677a">
      <Execution id="181d4d22-b1df-4b05-813c-5caf6048e491" />
      <TestMethod codeBase="/home/runner/work/typespec/typespec/packages/http-client-csharp/generator/artifacts/bin/Microsoft.TypeSpec.Generator.ClientModel.Tests/Debug/net8.0/Microsoft.TypeSpec.Generator.ClientModel.Tests.dll" adapterTypeName="executor://nunit3testexecutor/" className="Microsoft.TypeSpec.Generator.ClientModel.Tests.ModelReaderWriterValidation.TestProjects.Sample_TypeSpec.RenamedModelTests" name="ThrowsIfUnknownFormat" />
    </UnitTest>
    <UnitTest name="EndpointAppliedInCreateMethodRequest(&quot;http://{hostName}&quot;,&quot;hostName&quot;)" storage="/home/runner/work/typespec/typespec/packages/http-client-csharp/generator/artifacts/bin/microsoft.typespec.generator.clientmodel.tests/debug/net8.0/microsoft.typespec.generator.clientmodel.tests.dll" id="d80a4ea0-25be-3125-c3d6-5e96f1b18f66">
      <Execution id="636d7f2c-d654-4fe8-a5fb-a156a4ab63bc" />
      <TestMethod codeBase="/home/runner/work/typespec/typespec/packages/http-client-csharp/generator/artifacts/bin/Microsoft.TypeSpec.Generator.ClientModel.Tests/Debug/net8.0/Microsoft.TypeSpec.Generator.ClientModel.Tests.dll" adapterTypeName="executor://nunit3testexecutor/" className="Microsoft.TypeSpec.Generator.ClientModel.Tests.Providers.ClientProviders.ClientProviderTests" name="EndpointAppliedInCreateMethodRequest(&quot;http://{hostName}&quot;,&quot;hostName&quot;)" />
    </UnitTest>
  </TestDefinitions>
  <TestEntries>
    <TestEntry testId="b23dab4f-103f-e800-d3ff-d923625bbd65" executionId="b73b15e3-5088-4381-b1e9-2bce9a2aa211" testListId="8c84fa94-04c1-424b-9868-57a2d4851a1d" />
    <TestEntry testId="a4ce03e5-e5b7-fd8f-5cab-d75162b5702b" executionId="51d5d1f8-439d-47d3-983b-ad3bdab899d1" testListId="8c84fa94-04c1-424b-9868-57a2d4851a1d" />
    <TestEntry testId="d82a3974-a1b3-5452-a547-6e33ca1a063c" executionId="4f048ebf-79f0-4cf4-981e-6661bf770051" testListId="8c84fa94-04c1-424b-9868-57a2d4851a1d" />
    <TestEntry testId="03d15dd7-ff5a-698e-d060-a294e5166274" executionId="eeec9ec3-f17d-445e-9f65-369bb6e0d560" testListId="8c84fa94-04c1-424b-9868-57a2d4851a1d" />
    <TestEntry testId="3ea572d0-8081-c04d-1c5e-07d3f0bdce4f" executionId="05024c9f-3651-4faf-8871-c6fd97ccebd1" testListId="8c84fa94-04c1-424b-9868-57a2d4851a1d" />
    <TestEntry testId="c82b7b83-2bf0-892d-6cf7-743b5ac7abdd" executionId="3d150e76-aab0-498b-96e7-d61c2df72799" testListId="8c84fa94-04c1-424b-9868-57a2d4851a1d" />
    <TestEntry testId="b2903119-1d6e-0bc6-5662-cedf6f3c55e9" executionId="8806fd12-92fd-490d-8bdf-e88c18ea0169" testListId="8c84fa94-04c1-424b-9868-57a2d4851a1d" />
    <TestEntry testId="5d77efff-b8ec-351b-6e6d-fd1ec6702b9a" executionId="05b1004f-c64f-4e4f-8672-4cdc609f1178" testListId="8c84fa94-04c1-424b-9868-57a2d4851a1d" />
    <TestEntry testId="a4e27c1f-b13a-63ea-5950-d6764b4af861" executionId="e05f547c-a754-4bc9-a0c1-263908e14ddf" testListId="8c84fa94-04c1-424b-9868-57a2d4851a1d" />
    <TestEntry testId="75565cb5-105a-47a6-0025-428383842588" executionId="19a2a493-b9e7-4c4e-a8c0-c2a34e516f59" testListId="8c84fa94-04c1-424b-9868-57a2d4851a1d" />
    <TestEntry testId="afea2367-f2c4-b4f0-d85c-b2267117e7d3" executionId="0b151229-6c54-4ae7-8bc0-733036a02a5f" testListId="8c84fa94-04c1-424b-9868-57a2d4851a1d" />
    <TestEntry testId="bab02ab2-f0a0-0b38-9c16-3f5fb3f5a696" executionId="bd49e2ad-df47-4f0d-a48a-91f045060480" testListId="8c84fa94-04c1-424b-9868-57a2d4851a1d" />
    <TestEntry testId="b18428a6-357e-c689-d8bc-399f60aac534" executionId="8aa0b11d-7061-473e-a12c-a759461238fa" testListId="8c84fa94-04c1-424b-9868-57a2d4851a1d" />
    <TestEntry testId="b30720bd-f140-b124-33ed-afa9a981ffb4" executionId="f7a146fb-e8ea-4dd6-ad60-531d28dafbc5" testListId="8c84fa94-04c1-424b-9868-57a2d4851a1d" />
    <TestEntry testId="3aa3ced1-3219-ac82-73ec-234ca8bbdfb6" executionId="27469e10-0a55-4566-a27e-c3e1ce1ad77b" testListId="8c84fa94-04c1-424b-9868-57a2d4851a1d" />
    <TestEntry testId="69ee431b-6bac-d2c4-e189-76788a58176a" executionId="960091d5-bd66-4df7-94db-18bc0416c8df" testListId="8c84fa94-04c1-424b-9868-57a2d4851a1d" />
    <TestEntry testId="5df8c735-ee70-086b-4ece-801e17a288cc" executionId="999fa0a2-a48e-4f67-a16a-a38e8d0170ac" testListId="8c84fa94-04c1-424b-9868-57a2d4851a1d" />
    <TestEntry testId="4ba1c137-1c95-341d-bad4-9da8be1cd605" executionId="596ea924-a526-4450-82fb-7b36c06e6215" testListId="8c84fa94-04c1-424b-9868-57a2d4851a1d" />
    <TestEntry testId="3e51833d-f117-3a73-25e0-3ddbb4fb98e4" executionId="462f0978-1079-4bdb-843e-369c289352d2" testListId="8c84fa94-04c1-424b-9868-57a2d4851a1d" />
    <TestEntry testId="b2543fe7-0c20-a3ef-8f08-d23e11184572" executionId="41c7e328-e879-40c1-8992-820938f387c5" testListId="8c84fa94-04c1-424b-9868-57a2d4851a1d" />
    <TestEntry testId="6a107d20-558d-703d-f7cd-24aec4600175" executionId="26229abe-bbd2-4518-a4cd-e4c367135c5a" testListId="8c84fa94-04c1-424b-9868-57a2d4851a1d" />
    <TestEntry testId="151f7ead-f8c8-292a-fa32-6e515a2838fc" executionId="c960a7c7-9edb-4283-a934-9966c3f4a571" testListId="8c84fa94-04c1-424b-9868-57a2d4851a1d" />
    <TestEntry testId="60367087-2316-14c0-adc0-f0887c9790d8" executionId="a271b771-688b-408a-a55a-05621579818f" testListId="8c84fa94-04c1-424b-9868-57a2d4851a1d" />
    <TestEntry testId="78a6b582-b368-300f-7454-3b6c6e2452ac" executionId="47c327c0-62d0-4739-85e6-414e45fc1ac4" testListId="8c84fa94-04c1-424b-9868-57a2d4851a1d" />
    <TestEntry testId="5cecca1b-6cfe-a561-61db-bfb6cc7f6214" executionId="60360d7a-5e59-49c3-acbf-b9c52a52697e" testListId="8c84fa94-04c1-424b-9868-57a2d4851a1d" />
    <TestEntry testId="92bc38d8-1a86-f92f-8d1f-451565894cae" executionId="f5e14444-ef72-409f-b1d0-85e86eeb2fee" testListId="8c84fa94-04c1-424b-9868-57a2d4851a1d" />
    <TestEntry testId="16ec844b-df5c-e2b9-8133-59889de5527e" executionId="7666d9e8-43b1-4696-b2cd-d346393ac81b" testListId="8c84fa94-04c1-424b-9868-57a2d4851a1d" />
    <TestEntry testId="25ca75be-05ae-0f2b-7a33-9b306a4b3909" executionId="89cbd069-be73-4b7a-88f7-4bfd49b9f62d" testListId="8c84fa94-04c1-424b-9868-57a2d4851a1d" />
    <TestEntry testId="d81aefaa-21b2-2ce8-1512-b4dc36d8fb4e" executionId="4800bf42-e203-4301-bd61-a6a41c6a51b7" testListId="8c84fa94-04c1-424b-9868-57a2d4851a1d" />
    <TestEntry testId="2f907606-a74c-ccb6-685a-520887bca1bd" executionId="9af269e8-5d7f-4b6d-b274-7d43c4fdaa88" testListId="8c84fa94-04c1-424b-9868-57a2d4851a1d" />
    <TestEntry testId="20f7aa37-bdbd-2499-362a-8c32860422e9" executionId="38a5e6e8-5c24-4bff-bb71-83a9d1456dce" testListId="8c84fa94-04c1-424b-9868-57a2d4851a1d" />
    <TestEntry testId="155bcea2-a69c-4737-05b7-9a1a9d273028" executionId="b2c90826-1ba3-4524-91e0-b137c88007f6" testListId="8c84fa94-04c1-424b-9868-57a2d4851a1d" />
    <TestEntry testId="0dbe4df9-fb4c-9268-8cfe-c53e8e32289c" executionId="f896a75d-70d7-4df5-9eff-443e289fa17f" testListId="8c84fa94-04c1-424b-9868-57a2d4851a1d" />
    <TestEntry testId="4908d300-3005-e9cc-511e-30cb01b1991e" executionId="ef6e003d-f30f-46e0-9292-784d1ef37cdf" testListId="8c84fa94-04c1-424b-9868-57a2d4851a1d" />
    <TestEntry testId="42a05878-a1b0-899f-dd1c-1579afd508e2" executionId="768153f5-d9d6-471f-9bf4-782a34670df2" testListId="8c84fa94-04c1-424b-9868-57a2d4851a1d" />
    <TestEntry testId="1a24a2ba-5321-9ff6-a6a8-d43137a1f8e2" executionId="cc32f30d-e758-498b-8434-77e957623a31" testListId="8c84fa94-04c1-424b-9868-57a2d4851a1d" />
    <TestEntry testId="b5fbdece-a896-5b95-5dd6-251bca56a066" executionId="3eb7cb4e-384a-4f5e-9718-87eb89fb5337" testListId="8c84fa94-04c1-424b-9868-57a2d4851a1d" />
    <TestEntry testId="f9b2f864-a502-a8ed-b3aa-05e5daad2520" executionId="4428d74c-e0e2-416d-bd4b-97f74cf6008f" testListId="8c84fa94-04c1-424b-9868-57a2d4851a1d" />
    <TestEntry testId="80a79c68-1797-57d6-44a8-e72ce9b9663e" executionId="4446652f-fce5-47b0-85c7-1a3c419698f6" testListId="8c84fa94-04c1-424b-9868-57a2d4851a1d" />
    <TestEntry testId="57ac62af-6075-79ea-79c9-3a588a195273" executionId="15fc7a28-7bbf-4b4b-9d03-dcaf185c8d5c" testListId="8c84fa94-04c1-424b-9868-57a2d4851a1d" />
    <TestEntry testId="942a9c80-4af4-0c03-0952-5c17f4bb2d0a" executionId="4a631a9c-8644-43c0-9153-be23178364e1" testListId="8c84fa94-04c1-424b-9868-57a2d4851a1d" />
    <TestEntry testId="773aea60-d004-01e3-c832-8f30ac2c1bda" executionId="5c1b4348-f69c-4aea-85b4-8626fda13c56" testListId="8c84fa94-04c1-424b-9868-57a2d4851a1d" />
    <TestEntry testId="e3f6b41b-723f-fe52-6ef5-10aa6556c371" executionId="5b5c12f0-43a2-48c5-a2aa-24d10bb60ce4" testListId="8c84fa94-04c1-424b-9868-57a2d4851a1d" />
    <TestEntry testId="f8931a95-fbce-ccf9-7a95-09c5def45823" executionId="82340abb-a8a4-4412-a01e-a5b2775a085e" testListId="8c84fa94-04c1-424b-9868-57a2d4851a1d" />
    <TestEntry testId="b0955da3-ce5b-b0b3-75ec-821ea063e503" executionId="b7a493ca-c462-455a-befd-f5c0a9648760" testListId="8c84fa94-04c1-424b-9868-57a2d4851a1d" />
    <TestEntry testId="f6fc3775-d3b3-4886-bb37-6a98fedff849" executionId="3b8b2edf-61bd-429a-8da2-c7c567dfc10f" testListId="8c84fa94-04c1-424b-9868-57a2d4851a1d" />
    <TestEntry testId="7f38df01-f099-1660-e545-044ff82cd7c2" executionId="11a61199-c104-4045-888b-67d3cbd3fbf7" testListId="8c84fa94-04c1-424b-9868-57a2d4851a1d" />
    <TestEntry testId="c3dcfb2e-c252-7a4f-72bf-fca051c3ff2f" executionId="6d2122c4-d33c-4179-abe5-2f6aa272aa12" testListId="8c84fa94-04c1-424b-9868-57a2d4851a1d" />
    <TestEntry testId="1f197d57-fb90-1daa-1029-19a0a18cfb63" executionId="a79bc61e-da0b-4b5a-8aa5-5f919fdb3db0" testListId="8c84fa94-04c1-424b-9868-57a2d4851a1d" />
    <TestEntry testId="16a111f5-0eb5-7e54-3f99-07defee92367" executionId="62c4170d-15b4-4d1b-b4d0-306128fabb7b" testListId="8c84fa94-04c1-424b-9868-57a2d4851a1d" />
    <TestEntry testId="6eb251ea-cd01-f295-71ff-20db562d463d" executionId="23e63421-d828-4531-8338-06aa68c6dfc8" testListId="8c84fa94-04c1-424b-9868-57a2d4851a1d" />
    <TestEntry testId="4e1d9376-e8c2-5986-e921-3bdc0279cd2f" executionId="d320f6b4-8b30-4db3-95a1-ec68aa1103ca" testListId="8c84fa94-04c1-424b-9868-57a2d4851a1d" />
    <TestEntry testId="d57e935f-56fe-04b0-88db-49c67d440c2e" executionId="3d9a7488-9423-4944-89fd-570453c57575" testListId="8c84fa94-04c1-424b-9868-57a2d4851a1d" />
    <TestEntry testId="ad49a717-fe17-427d-0527-da76ac2858a3" executionId="c558f204-a5d1-4484-a11e-11aff765ad58" testListId="8c84fa94-04c1-424b-9868-57a2d4851a1d" />
    <TestEntry testId="2373c0bd-121c-20ca-d30b-76178bf4018a" executionId="5a3e12dd-ab1f-44da-a7ae-0c3e856d1fac" testListId="8c84fa94-04c1-424b-9868-57a2d4851a1d" />
    <TestEntry testId="d82a3974-a1b3-5452-a547-6e33ca1a063c" executionId="52c34e7e-0676-4687-be42-aac95e30a607" testListId="8c84fa94-04c1-424b-9868-57a2d4851a1d" />
    <TestEntry testId="b0cd1039-ea79-eaa1-e1c7-0398cf6051bb" executionId="24a378d6-ab58-4ba7-a401-4c26914b5d2c" testListId="8c84fa94-04c1-424b-9868-57a2d4851a1d" />
    <TestEntry testId="cf012cb4-e83d-1909-fc0f-f01c58e7a4d2" executionId="e9498e18-a4f3-4d85-8af6-e0b62569f173" testListId="8c84fa94-04c1-424b-9868-57a2d4851a1d" />
    <TestEntry testId="e1556102-bfa7-5198-dc89-44e3df8c3feb" executionId="6136ee5a-a12c-4b31-9d3f-6e90de2e9c10" testListId="8c84fa94-04c1-424b-9868-57a2d4851a1d" />
    <TestEntry testId="a0c2347e-12cd-e97e-3411-c0b888e63434" executionId="841a9df4-649c-4c55-bf74-53eecc21d80e" testListId="8c84fa94-04c1-424b-9868-57a2d4851a1d" />
    <TestEntry testId="955cd9c5-d10e-23d7-8d60-ef62fae1fbcc" executionId="7059ac80-85d8-4807-bebc-94e3ddc146b7" testListId="8c84fa94-04c1-424b-9868-57a2d4851a1d" />
    <TestEntry testId="109643b4-ea5c-ad45-126d-1b025f818c70" executionId="e41a99d4-b25b-40e0-902f-443883a4b165" testListId="8c84fa94-04c1-424b-9868-57a2d4851a1d" />
    <TestEntry testId="5214fd19-6c98-5cdb-7ecb-b98174fa9d8e" executionId="3e53bd8f-05a9-40ca-982b-4f5b27048a57" testListId="8c84fa94-04c1-424b-9868-57a2d4851a1d" />
    <TestEntry testId="3e62d79a-8b08-3538-6f63-1356805c57c5" executionId="0d8c823a-c7da-469e-ba10-0b24dfac6d5f" testListId="8c84fa94-04c1-424b-9868-57a2d4851a1d" />
    <TestEntry testId="71d82155-81ae-2027-d8cd-1453a0d28522" executionId="c5bf02c6-65d6-4fcb-874d-aa7b7fef567b" testListId="8c84fa94-04c1-424b-9868-57a2d4851a1d" />
    <TestEntry testId="e7665736-9460-afaf-265e-f237f6e8192a" executionId="2cd127b3-2c26-402e-8957-3a29ca2bb5fa" testListId="8c84fa94-04c1-424b-9868-57a2d4851a1d" />
    <TestEntry testId="03a1c178-bca2-901c-99a9-747e7f63e0f2" executionId="b6c14c1c-647b-49e1-8ed6-d82a612e5891" testListId="8c84fa94-04c1-424b-9868-57a2d4851a1d" />
    <TestEntry testId="054c26a0-9f69-9ce9-ce49-eb0ed2f1204f" executionId="03a11047-78a9-467a-a73f-98d16cb5ec1d" testListId="8c84fa94-04c1-424b-9868-57a2d4851a1d" />
    <TestEntry testId="e3f6b41b-723f-fe52-6ef5-10aa6556c371" executionId="c060acc1-4d99-4495-bc15-84cad8e371dc" testListId="8c84fa94-04c1-424b-9868-57a2d4851a1d" />
    <TestEntry testId="dcd05550-3ea5-0bef-33f4-5a0952c6de2a" executionId="a1553f94-19e6-422d-8467-4e78dc7efc61" testListId="8c84fa94-04c1-424b-9868-57a2d4851a1d" />
    <TestEntry testId="68ec2804-61d2-a820-b0f7-db77ab5e677a" executionId="181d4d22-b1df-4b05-813c-5caf6048e491" testListId="8c84fa94-04c1-424b-9868-57a2d4851a1d" />
    <TestEntry testId="eb73ec0d-ba85-a922-f1e4-560a64171ca9" executionId="2ce73820-e16f-4cdd-a83c-4a82e6947372" testListId="8c84fa94-04c1-424b-9868-57a2d4851a1d" />
    <TestEntry testId="a0e9667c-4b47-ec23-1abd-ea616525bf3f" executionId="ed3da340-c0be-4412-8393-0916a29df0cd" testListId="8c84fa94-04c1-424b-9868-57a2d4851a1d" />
    <TestEntry testId="43f1300e-f020-7c17-c8a6-2b28700085f2" executionId="7aee540d-775f-4376-8f16-d959e20dfd66" testListId="8c84fa94-04c1-424b-9868-57a2d4851a1d" />
    <TestEntry testId="f3c9bab4-3291-051a-77b7-1676b635bc87" executionId="54265e4d-1865-4575-b751-19cd9c004692" testListId="8c84fa94-04c1-424b-9868-57a2d4851a1d" />
    <TestEntry testId="b5ea6fe4-9efa-e0e9-e374-141dade498fc" executionId="9122a93c-618b-485b-b49c-24d5ec8eac85" testListId="8c84fa94-04c1-424b-9868-57a2d4851a1d" />
    <TestEntry testId="bf3da019-7f9d-af94-6f96-f8ea713b9cf6" executionId="5cdb504d-5bd6-4a2f-affa-ba2e5692d170" testListId="8c84fa94-04c1-424b-9868-57a2d4851a1d" />
    <TestEntry testId="407d0806-db6d-d0d8-dfd4-a56206ad652f" executionId="3c6e51fa-2400-494e-b81c-fc2e0dc5a3df" testListId="8c84fa94-04c1-424b-9868-57a2d4851a1d" />
    <TestEntry testId="8eb9f71f-bf66-6024-5997-cbb73e527f0b" executionId="d8b629ee-6062-4032-bee3-1d8a071c93b8" testListId="8c84fa94-04c1-424b-9868-57a2d4851a1d" />
    <TestEntry testId="7bb6cf57-3b02-b6a7-9bfb-642a63859d02" executionId="c6b077a3-5c24-4b52-aca4-ca2a5babf5e9" testListId="8c84fa94-04c1-424b-9868-57a2d4851a1d" />
    <TestEntry testId="403cd832-7651-28cf-0576-a1670586cdfe" executionId="cc05b73c-8cde-4712-8968-a65617faa0c3" testListId="8c84fa94-04c1-424b-9868-57a2d4851a1d" />
    <TestEntry testId="e2eeac04-ff14-49db-523a-cfd79fc27b7f" executionId="87f84109-0ef0-4f7e-8aab-c684627f800b" testListId="8c84fa94-04c1-424b-9868-57a2d4851a1d" />
    <TestEntry testId="0a677d75-35d4-f91c-9966-daafd696b221" executionId="c199da63-b70a-4af7-b625-3572a3ffac2c" testListId="8c84fa94-04c1-424b-9868-57a2d4851a1d" />
    <TestEntry testId="78a6b582-b368-300f-7454-3b6c6e2452ac" executionId="d3cf89ef-d597-40da-98f9-ae6a584267f1" testListId="8c84fa94-04c1-424b-9868-57a2d4851a1d" />
    <TestEntry testId="e68f0fb3-29fa-f4a6-5af8-0a4a2c152ae4" executionId="c7f9e4d6-224c-40e9-95cc-629d98b85a3d" testListId="8c84fa94-04c1-424b-9868-57a2d4851a1d" />
    <TestEntry testId="c1ed43ba-2e5f-41f8-d7c9-dcdafdaccfcc" executionId="55973044-ef4e-4e8a-9314-2f0efd13e96e" testListId="8c84fa94-04c1-424b-9868-57a2d4851a1d" />
    <TestEntry testId="2315e0cb-ba4e-0315-4e33-7520d0de3d72" executionId="613d4dfd-b445-4965-8ae6-ebce56d2623c" testListId="8c84fa94-04c1-424b-9868-57a2d4851a1d" />
    <TestEntry testId="7ff4f6fa-bb67-568f-9832-37c9203e56a4" executionId="a08f7314-c958-44c2-951c-57b4de7280f4" testListId="8c84fa94-04c1-424b-9868-57a2d4851a1d" />
    <TestEntry testId="10412a26-d271-3a10-699f-0019dcc2c02f" executionId="6d5be17d-c0fe-46b0-8e47-0fee212001be" testListId="8c84fa94-04c1-424b-9868-57a2d4851a1d" />
    <TestEntry testId="6413317d-8023-7834-0423-a72d4532e473" executionId="4db1f01b-128d-4557-bd4e-d578306f1753" testListId="8c84fa94-04c1-424b-9868-57a2d4851a1d" />
    <TestEntry testId="b958a41f-27f6-e471-1bf7-24003919c637" executionId="8054153c-14ee-42a3-9bc5-235ebad47ffa" testListId="8c84fa94-04c1-424b-9868-57a2d4851a1d" />
    <TestEntry testId="4c3b5503-f5e3-d0cf-7dea-df6a38426cca" executionId="7e7777ec-0c82-4e4b-8480-8fc069368acc" testListId="8c84fa94-04c1-424b-9868-57a2d4851a1d" />
    <TestEntry testId="3e51833d-f117-3a73-25e0-3ddbb4fb98e4" executionId="88ad6cc2-b377-4519-8b64-63a3a4b7a275" testListId="8c84fa94-04c1-424b-9868-57a2d4851a1d" />
    <TestEntry testId="21ccde52-84ff-b13b-7878-c18063ef33a0" executionId="f507d057-c632-4c7b-9659-7efa1242dd17" testListId="8c84fa94-04c1-424b-9868-57a2d4851a1d" />
    <TestEntry testId="d31df667-e086-86d8-6c74-e0530cd9f34a" executionId="b9d57e70-c9ce-4d26-b0c8-9f78e1b66d28" testListId="8c84fa94-04c1-424b-9868-57a2d4851a1d" />
    <TestEntry testId="0cc38451-e146-8497-4cd5-53044a86f598" executionId="6d80d3ed-20e4-4265-ae43-2d38c4b1aa98" testListId="8c84fa94-04c1-424b-9868-57a2d4851a1d" />
    <TestEntry testId="2db2b971-3e51-d05c-5cc4-2946c56148cc" executionId="c9a1cada-3768-4fa4-86d5-b5feb83ce838" testListId="8c84fa94-04c1-424b-9868-57a2d4851a1d" />
    <TestEntry testId="94947477-732a-e560-5f54-22bdde23417b" executionId="53cc6d6a-33b5-4730-b4b5-8d8c127441de" testListId="8c84fa94-04c1-424b-9868-57a2d4851a1d" />
    <TestEntry testId="d5bf2cba-f614-6dc7-c8b0-5dc8f1b0688a" executionId="c0bcefd7-ce1e-463a-98e6-52c73490d9b9" testListId="8c84fa94-04c1-424b-9868-57a2d4851a1d" />
    <TestEntry testId="87d61092-b49e-e6da-181a-7f8834a22795" executionId="c25a5ece-7658-465e-9668-a0c12dd30c5c" testListId="8c84fa94-04c1-424b-9868-57a2d4851a1d" />
    <TestEntry testId="b4e9abf5-dcce-a867-f0a1-16b9bce1e33c" executionId="a7e55757-6d88-466e-b75e-e31ccc2e6267" testListId="8c84fa94-04c1-424b-9868-57a2d4851a1d" />
    <TestEntry testId="e0e7ed78-91d2-9712-eb9e-f812f7d4f81d" executionId="6c5235b6-8eaa-4435-8db7-3547d3886043" testListId="8c84fa94-04c1-424b-9868-57a2d4851a1d" />
    <TestEntry testId="32df4f6c-fe9a-a853-f5ff-57a18ccb77b2" executionId="7e86163a-7d1d-4bd6-96db-7b7f1f7398a5" testListId="8c84fa94-04c1-424b-9868-57a2d4851a1d" />
    <TestEntry testId="34da232f-142c-49ff-a3dc-cd997cc4269f" executionId="b54c7eaa-6590-4a0a-ba95-30626b6c3368" testListId="8c84fa94-04c1-424b-9868-57a2d4851a1d" />
    <TestEntry testId="e977acff-c5d7-bca3-f3c9-af0a1964bc45" executionId="52ab4382-8005-4cd6-bd2d-72f91d9e82fe" testListId="8c84fa94-04c1-424b-9868-57a2d4851a1d" />
    <TestEntry testId="abf6c339-b908-439d-1fc1-47a1df3c26c9" executionId="a5647cc9-5a80-48d6-99cc-b58f022a1af1" testListId="8c84fa94-04c1-424b-9868-57a2d4851a1d" />
    <TestEntry testId="2656410e-7f45-70a7-fdf7-f36a93564a60" executionId="ec8bac39-44f3-47cf-a7a9-593ec487978f" testListId="8c84fa94-04c1-424b-9868-57a2d4851a1d" />
    <TestEntry testId="dec96545-7b70-bd7d-1c36-430957762403" executionId="879f17d9-8a58-4748-be0d-fcf93a871fa7" testListId="8c84fa94-04c1-424b-9868-57a2d4851a1d" />
    <TestEntry testId="2be290df-7d92-5723-935e-13156fa041e9" executionId="20cca393-718d-4577-aae4-f1a5c21a52ef" testListId="8c84fa94-04c1-424b-9868-57a2d4851a1d" />
    <TestEntry testId="faa5573b-343f-0522-2b3d-8e3745b6c8ae" executionId="a1a34ddb-5c9b-4ac3-9c3f-a0c8b3627f21" testListId="8c84fa94-04c1-424b-9868-57a2d4851a1d" />
    <TestEntry testId="75c5c21e-f746-4e6e-81df-fc94bf156b92" executionId="025ac708-5c02-478b-873e-18641f101f5d" testListId="8c84fa94-04c1-424b-9868-57a2d4851a1d" />
    <TestEntry testId="b83054a9-6d1f-b3f4-cf8b-0d733b097e9b" executionId="9de73802-6017-46ba-946f-437beb4ba1f8" testListId="8c84fa94-04c1-424b-9868-57a2d4851a1d" />
    <TestEntry testId="f2d9e943-a7b0-5d4d-e069-287247218fd9" executionId="b8d5c37b-629a-429a-af22-8cde2fa437d5" testListId="8c84fa94-04c1-424b-9868-57a2d4851a1d" />
    <TestEntry testId="0b1c2648-88af-4fbe-ba80-ea65bae2d4b0" executionId="4d9dd4d8-8b9e-4e3a-b6a1-8d65d6cf36f5" testListId="8c84fa94-04c1-424b-9868-57a2d4851a1d" />
    <TestEntry testId="0a2cac4d-2fc6-eca4-917c-3476ebc50ff5" executionId="966fa481-67b9-4336-b265-c21166645f46" testListId="8c84fa94-04c1-424b-9868-57a2d4851a1d" />
    <TestEntry testId="6d706680-b45d-6f73-58a0-c603a7578b64" executionId="7901a30f-caf0-41ed-85a3-69aff59d5e4f" testListId="8c84fa94-04c1-424b-9868-57a2d4851a1d" />
    <TestEntry testId="65ec0d1d-04b9-67af-7168-6d5dc4287ecb" executionId="15fa0d2d-12cc-4262-8fb2-aef249312c06" testListId="8c84fa94-04c1-424b-9868-57a2d4851a1d" />
    <TestEntry testId="2656410e-7f45-70a7-fdf7-f36a93564a60" executionId="99e49f4a-673b-44ca-b1e6-d59bfcc0ab34" testListId="8c84fa94-04c1-424b-9868-57a2d4851a1d" />
    <TestEntry testId="f74fbe00-0c7a-711f-33e0-1688ffdc8c23" executionId="7706d122-33ac-4512-a605-12786c824eab" testListId="8c84fa94-04c1-424b-9868-57a2d4851a1d" />
    <TestEntry testId="2e7b08ab-c8fd-c1df-cb2f-8157e0c92849" executionId="26824418-c2e4-4ddd-aed1-ccdcc791719b" testListId="8c84fa94-04c1-424b-9868-57a2d4851a1d" />
    <TestEntry testId="5765d5cd-881c-0ebb-7c0e-e21a8ed03f0a" executionId="87e3077a-c621-4c41-b3c9-2514e11f7bf9" testListId="8c84fa94-04c1-424b-9868-57a2d4851a1d" />
    <TestEntry testId="2be290df-7d92-5723-935e-13156fa041e9" executionId="2d530a29-5a12-45b2-b8a3-b4d2154838df" testListId="8c84fa94-04c1-424b-9868-57a2d4851a1d" />
    <TestEntry testId="4164d3af-b848-0f65-ba37-42bad46ec49f" executionId="011b77af-f54d-4c90-98bd-7471c8e59197" testListId="8c84fa94-04c1-424b-9868-57a2d4851a1d" />
    <TestEntry testId="34bfcbdb-a9fe-5904-aaae-9b92562a47e4" executionId="5e3ac00a-c7db-44bf-9c6e-396059a16bf3" testListId="8c84fa94-04c1-424b-9868-57a2d4851a1d" />
    <TestEntry testId="f6efac3f-f379-a2b9-46b2-570f71626f9f" executionId="73616a26-9728-4aba-be23-83c02ed8d564" testListId="8c84fa94-04c1-424b-9868-57a2d4851a1d" />
    <TestEntry testId="6799c615-984b-d393-61e7-01b94eabeafa" executionId="75de20bf-19a3-4448-8dd8-bc4e22252042" testListId="8c84fa94-04c1-424b-9868-57a2d4851a1d" />
    <TestEntry testId="df03d1d3-c520-593a-530a-22acdf388c84" executionId="223f9352-3c6a-4510-8bfc-18982cb45a67" testListId="8c84fa94-04c1-424b-9868-57a2d4851a1d" />
    <TestEntry testId="c8fc9c05-b337-f71c-e51f-ac57c6c487d9" executionId="4aecf350-20de-435b-aecd-8c221b0c07f4" testListId="8c84fa94-04c1-424b-9868-57a2d4851a1d" />
    <TestEntry testId="7c3720c5-94a3-4796-f141-9da3b939ea0f" executionId="3c32267a-830c-4112-b6ef-3e21455b3351" testListId="8c84fa94-04c1-424b-9868-57a2d4851a1d" />
    <TestEntry testId="48fd316c-30a1-09ce-b3db-3f8f54806915" executionId="65a18611-76d6-4824-958c-127ba2b6cd16" testListId="8c84fa94-04c1-424b-9868-57a2d4851a1d" />
    <TestEntry testId="92bc38d8-1a86-f92f-8d1f-451565894cae" executionId="12844f40-0f46-4535-abbc-f996e52d9bc0" testListId="8c84fa94-04c1-424b-9868-57a2d4851a1d" />
    <TestEntry testId="1f6a65bf-9ff6-e05f-9e5f-5e7562d8b3ed" executionId="dd8ddc73-6e90-4584-bc86-3649dd13e801" testListId="8c84fa94-04c1-424b-9868-57a2d4851a1d" />
    <TestEntry testId="948d3d06-dd5d-b2ff-293a-f6a6c81f644a" executionId="2b78a802-5bb9-459e-96ff-5868eac2176d" testListId="8c84fa94-04c1-424b-9868-57a2d4851a1d" />
    <TestEntry testId="75ea94fd-3e39-2426-5e3d-01bde1d3cfe1" executionId="aefa952f-1cc4-403c-a904-86cf668bcedb" testListId="8c84fa94-04c1-424b-9868-57a2d4851a1d" />
    <TestEntry testId="f10a25d3-6a4a-63bf-4df3-f288145b5270" executionId="8544e836-bf3e-4315-9f7f-8aa96c1df4c4" testListId="8c84fa94-04c1-424b-9868-57a2d4851a1d" />
    <TestEntry testId="bbb9316d-667f-3b33-a704-f74b312052fa" executionId="ce619ac3-2b09-4bae-9de4-dcfbd59486ef" testListId="8c84fa94-04c1-424b-9868-57a2d4851a1d" />
    <TestEntry testId="25bc9a60-23bd-3b26-5a83-8c696a1e9f91" executionId="091bc409-6e6d-4943-a767-775e7fbaca03" testListId="8c84fa94-04c1-424b-9868-57a2d4851a1d" />
    <TestEntry testId="4475f251-65dc-0f4a-1b5f-4a7a6bbd208c" executionId="7a24f19a-9c2e-46ec-8496-738a9f4c62dd" testListId="8c84fa94-04c1-424b-9868-57a2d4851a1d" />
    <TestEntry testId="33209066-3de3-64a0-ea13-658396f21c88" executionId="02002da9-4767-40e1-9b5a-4068b5eabb8f" testListId="8c84fa94-04c1-424b-9868-57a2d4851a1d" />
    <TestEntry testId="ba6e5088-a408-9d7c-c8df-cce696082113" executionId="e6b81f06-b86c-4c48-9118-0973117f8bf0" testListId="8c84fa94-04c1-424b-9868-57a2d4851a1d" />
    <TestEntry testId="4b263b67-44cb-8b8f-e3e0-1151d2d64a6c" executionId="471eb67c-3a22-4cc9-a364-a171ad13ca54" testListId="8c84fa94-04c1-424b-9868-57a2d4851a1d" />
    <TestEntry testId="3d064911-8ce4-9ebd-478b-8d7a42aeaa1a" executionId="7611848c-e165-491e-a963-499e718da94b" testListId="8c84fa94-04c1-424b-9868-57a2d4851a1d" />
    <TestEntry testId="8a40cf4a-8921-8267-667c-5a94ce0143cd" executionId="af696a22-7c39-49f4-a64d-155edcc566ab" testListId="8c84fa94-04c1-424b-9868-57a2d4851a1d" />
    <TestEntry testId="977a139f-dcb4-f300-cb0f-ddd50fe5a9fc" executionId="4e53ed99-18e1-4fcf-baa9-71bad4701da4" testListId="8c84fa94-04c1-424b-9868-57a2d4851a1d" />
    <TestEntry testId="a2f1978d-dfb0-b64f-3caa-b3c6898cea1b" executionId="b76f8e8d-f40b-4e96-be28-83a72a5a6987" testListId="8c84fa94-04c1-424b-9868-57a2d4851a1d" />
    <TestEntry testId="6f6088c3-76ba-6609-04be-35e965dd0076" executionId="04aa5998-6f94-4695-8449-46d2f776b5dd" testListId="8c84fa94-04c1-424b-9868-57a2d4851a1d" />
    <TestEntry testId="7f634d4b-27ed-9ff9-784d-d68a8b9fe380" executionId="db7a910f-f753-49df-8c8a-d0e8af7fc2d2" testListId="8c84fa94-04c1-424b-9868-57a2d4851a1d" />
    <TestEntry testId="ac70c009-5dae-fc67-7af1-6bc0d9dbca52" executionId="99d031fe-24a0-4fd7-998c-28f425a1f0fb" testListId="8c84fa94-04c1-424b-9868-57a2d4851a1d" />
    <TestEntry testId="a23a4d3b-b938-d346-953e-8f23851ebb46" executionId="08219c82-29e4-4ac6-ab1a-b97b34698cf5" testListId="8c84fa94-04c1-424b-9868-57a2d4851a1d" />
    <TestEntry testId="75ea94fd-3e39-2426-5e3d-01bde1d3cfe1" executionId="61a2d691-df5c-42a6-8843-221fc6bf2ca2" testListId="8c84fa94-04c1-424b-9868-57a2d4851a1d" />
    <TestEntry testId="1836a3c5-4df5-cb58-885a-12136b484daa" executionId="687237d5-2f02-45a9-857e-74ce96f783d4" testListId="8c84fa94-04c1-424b-9868-57a2d4851a1d" />
    <TestEntry testId="c94dec01-8725-8384-e760-0a6da8ccc2b9" executionId="74471dad-46e1-4d99-9c24-d2289500e949" testListId="8c84fa94-04c1-424b-9868-57a2d4851a1d" />
    <TestEntry testId="4da0d92a-1c6d-ea97-1f5b-a872acc44832" executionId="76208f89-0333-440d-b1f4-2b9db16a8a3f" testListId="8c84fa94-04c1-424b-9868-57a2d4851a1d" />
    <TestEntry testId="f45b0123-a5dd-fb53-d0d1-cdea3d2f2a2b" executionId="affbdb4a-2948-4beb-b3e1-7fd8436084a7" testListId="8c84fa94-04c1-424b-9868-57a2d4851a1d" />
    <TestEntry testId="bddbe6e1-4ba2-79f3-80d7-1fdfb1834331" executionId="accd5184-217f-440d-83c2-dc028ef90a1a" testListId="8c84fa94-04c1-424b-9868-57a2d4851a1d" />
    <TestEntry testId="e3f6b41b-723f-fe52-6ef5-10aa6556c371" executionId="e51e2b79-64c7-4e2b-952a-af2980d17632" testListId="8c84fa94-04c1-424b-9868-57a2d4851a1d" />
    <TestEntry testId="773b3700-4327-8dc5-55b6-617ccbe6ad79" executionId="d7ec9d23-f754-41ba-b971-5f09f8f7e2ca" testListId="8c84fa94-04c1-424b-9868-57a2d4851a1d" />
    <TestEntry testId="9ed36475-70ea-d935-981c-3ee0399bdd52" executionId="d72fa0e4-9cbb-4acd-a438-d43c696be370" testListId="8c84fa94-04c1-424b-9868-57a2d4851a1d" />
    <TestEntry testId="92bc38d8-1a86-f92f-8d1f-451565894cae" executionId="91c5f715-860c-4755-bb94-30b881fe66e8" testListId="8c84fa94-04c1-424b-9868-57a2d4851a1d" />
    <TestEntry testId="3936cffd-461a-434b-847d-904ad236cf5a" executionId="d1d2a707-9d6b-4200-b55d-48a783adcda0" testListId="8c84fa94-04c1-424b-9868-57a2d4851a1d" />
    <TestEntry testId="49262a15-1490-962e-680c-0823801e8b6d" executionId="7683c18b-7a62-4954-81b3-0abda9c0b1c6" testListId="8c84fa94-04c1-424b-9868-57a2d4851a1d" />
    <TestEntry testId="9e2a9f15-4488-46b5-d65a-ca258ef40110" executionId="22d0b277-063f-4caf-9ed0-1fe722ca334b" testListId="8c84fa94-04c1-424b-9868-57a2d4851a1d" />
    <TestEntry testId="5eb3f986-7ddf-5527-7d0a-1a62f3ed87dd" executionId="7f91a12d-e82a-4962-b068-401e2cb6d12e" testListId="8c84fa94-04c1-424b-9868-57a2d4851a1d" />
    <TestEntry testId="15abf66e-4495-0e09-6101-8af6d51e6310" executionId="14b847c8-3a86-49b3-8225-6def99ac2f30" testListId="8c84fa94-04c1-424b-9868-57a2d4851a1d" />
    <TestEntry testId="73d16d0c-278b-af64-2466-26e71375a3bd" executionId="043d794b-aeb3-449a-a9c3-801c9042430d" testListId="8c84fa94-04c1-424b-9868-57a2d4851a1d" />
    <TestEntry testId="8613ad41-9d85-d626-f136-26c1b7b762f6" executionId="692a4e9f-1964-4e7d-be52-f29b19c3e82d" testListId="8c84fa94-04c1-424b-9868-57a2d4851a1d" />
    <TestEntry testId="dc3e9d82-618b-d644-9d10-0e33b97c0c55" executionId="b4ce8d7e-8aa5-495d-9312-ca88ed7b621b" testListId="8c84fa94-04c1-424b-9868-57a2d4851a1d" />
    <TestEntry testId="98cba7ef-cae3-92dd-b1d6-f5f810e86693" executionId="abeb6e3c-bcf1-4458-bf82-ffa56ff64e4b" testListId="8c84fa94-04c1-424b-9868-57a2d4851a1d" />
    <TestEntry testId="90b986fa-cbc6-3760-9999-22ccdf627ac8" executionId="eb195d0b-6011-484d-a436-74a670c5b706" testListId="8c84fa94-04c1-424b-9868-57a2d4851a1d" />
    <TestEntry testId="1e79c8d7-cd61-c59c-6dcf-65c08971bc10" executionId="a9a1fcfc-e5b3-4b7d-8852-7cace96993f8" testListId="8c84fa94-04c1-424b-9868-57a2d4851a1d" />
    <TestEntry testId="29514b91-bed8-afdb-7ff9-875aa5e2396a" executionId="fb6b5b07-7ccb-4bf8-a0d4-1933c7df0cb7" testListId="8c84fa94-04c1-424b-9868-57a2d4851a1d" />
    <TestEntry testId="1e79c8d7-cd61-c59c-6dcf-65c08971bc10" executionId="9bb32ea8-6de1-4417-90ae-6248cc6f4d67" testListId="8c84fa94-04c1-424b-9868-57a2d4851a1d" />
    <TestEntry testId="3f453143-83b9-e557-9d70-ce635a271f4e" executionId="d3d1618c-f911-4789-aad8-daa0dec0ca67" testListId="8c84fa94-04c1-424b-9868-57a2d4851a1d" />
    <TestEntry testId="3c2bfb64-9df6-3696-771c-f9828b5d3e4d" executionId="1529a7dd-23c5-48c4-864a-73b9bde56949" testListId="8c84fa94-04c1-424b-9868-57a2d4851a1d" />
    <TestEntry testId="f55a233a-e14b-4380-52ae-c7ccd5e5efd5" executionId="854f1691-792c-4ca1-ab62-5be170f3c8fb" testListId="8c84fa94-04c1-424b-9868-57a2d4851a1d" />
    <TestEntry testId="ef4860c4-5be5-d879-a21f-f02c60c6df63" executionId="51496b05-8a5e-4da1-9612-1ce4b8df38ee" testListId="8c84fa94-04c1-424b-9868-57a2d4851a1d" />
    <TestEntry testId="b7c7001e-793c-7454-421c-2aec45c8798a" executionId="7b935824-19bc-4546-843c-64bbc437a3ba" testListId="8c84fa94-04c1-424b-9868-57a2d4851a1d" />
    <TestEntry testId="8d4d0b58-570b-769d-8db0-79356b613256" executionId="5e8d425d-4838-497d-8495-ca8bb38ecc3c" testListId="8c84fa94-04c1-424b-9868-57a2d4851a1d" />
    <TestEntry testId="5968cd03-cf3d-8280-4da4-8577dec06972" executionId="bd67dd84-932e-477f-95a4-94bceb5bd78e" testListId="8c84fa94-04c1-424b-9868-57a2d4851a1d" />
    <TestEntry testId="b166fe81-2f12-ebe8-5469-afabedfdb287" executionId="999dc660-44e9-49c2-9535-2ec13e569d4e" testListId="8c84fa94-04c1-424b-9868-57a2d4851a1d" />
    <TestEntry testId="1a6f7815-7152-9d34-d9b2-1ad1aea279fd" executionId="feaa843b-b4f8-40b9-b48f-10dac97353f6" testListId="8c84fa94-04c1-424b-9868-57a2d4851a1d" />
    <TestEntry testId="191f33f3-62f0-0c6b-7ab5-05cb65f9c718" executionId="de12d792-c055-4aab-9e65-317233c7d31a" testListId="8c84fa94-04c1-424b-9868-57a2d4851a1d" />
    <TestEntry testId="96eae579-6c9b-21e2-6c60-e5406f00434d" executionId="8208cfac-33c5-4bb8-9c5c-204c08a1a125" testListId="8c84fa94-04c1-424b-9868-57a2d4851a1d" />
    <TestEntry testId="e0ce0b4d-3174-1ac5-ec25-2446ab1e03e3" executionId="c3136cf9-65a9-430c-8a7c-7df3a39f5aba" testListId="8c84fa94-04c1-424b-9868-57a2d4851a1d" />
    <TestEntry testId="dc4f4648-68a7-4ad9-5e64-5b8ab0e9f0d5" executionId="03f706df-5679-4b86-86bf-537a9c751dfb" testListId="8c84fa94-04c1-424b-9868-57a2d4851a1d" />
    <TestEntry testId="7dbd18e0-0b4f-c7d2-d7c9-de0e1796dbfb" executionId="f59a3ac8-70e7-48de-901d-556762aecb19" testListId="8c84fa94-04c1-424b-9868-57a2d4851a1d" />
    <TestEntry testId="d80a4ea0-25be-3125-c3d6-5e96f1b18f66" executionId="636d7f2c-d654-4fe8-a5fb-a156a4ab63bc" testListId="8c84fa94-04c1-424b-9868-57a2d4851a1d" />
    <TestEntry testId="4453184c-f216-9b6d-4fbd-d2b0df67fcc5" executionId="350a083e-0536-4450-8ef7-805cb06bb8bf" testListId="8c84fa94-04c1-424b-9868-57a2d4851a1d" />
    <TestEntry testId="3ea572d0-8081-c04d-1c5e-07d3f0bdce4f" executionId="3e709ea6-732a-4589-82c6-554dfd1b26ad" testListId="8c84fa94-04c1-424b-9868-57a2d4851a1d" />
    <TestEntry testId="44616ce8-42b4-b0a8-a260-dff21925687d" executionId="bf31e11c-e1d7-4085-b922-ca702578f888" testListId="8c84fa94-04c1-424b-9868-57a2d4851a1d" />
    <TestEntry testId="f1ecba84-c4d2-f051-76ac-eebcd97d1a23" executionId="98870ea1-f08c-4b38-aecd-c38db1b4f9eb" testListId="8c84fa94-04c1-424b-9868-57a2d4851a1d" />
    <TestEntry testId="9ed36475-70ea-d935-981c-3ee0399bdd52" executionId="b727523d-0873-4a05-b096-51e28eee19a8" testListId="8c84fa94-04c1-424b-9868-57a2d4851a1d" />
    <TestEntry testId="2656410e-7f45-70a7-fdf7-f36a93564a60" executionId="be798ded-ae05-4a59-8d02-b918a0eb8018" testListId="8c84fa94-04c1-424b-9868-57a2d4851a1d" />
    <TestEntry testId="f386f2c1-9bbf-a6f6-548a-2cdba0a98a5a" executionId="299e0971-246d-4b60-9530-f0d5b8ad6ac1" testListId="8c84fa94-04c1-424b-9868-57a2d4851a1d" />
    <TestEntry testId="fc9d51da-0a40-7e6b-a1cd-b320508541a4" executionId="07e04f88-268c-4a9c-a198-8ff7d5fa3688" testListId="8c84fa94-04c1-424b-9868-57a2d4851a1d" />
    <TestEntry testId="38d346dd-80f9-a0e9-6d16-c0c882a84d79" executionId="082c63a2-5cc3-4977-bb26-df53934b0241" testListId="8c84fa94-04c1-424b-9868-57a2d4851a1d" />
    <TestEntry testId="a796d7f5-984c-823a-3844-ddc6f7370e1a" executionId="00edc796-0894-41b5-97a6-7db562d3126e" testListId="8c84fa94-04c1-424b-9868-57a2d4851a1d" />
    <TestEntry testId="a0417d24-94d1-2703-f2aa-48245183ab9c" executionId="64347229-308c-490b-80b6-027bae57e7a2" testListId="8c84fa94-04c1-424b-9868-57a2d4851a1d" />
    <TestEntry testId="35b2bf0f-1bb3-7eee-c109-7d928c5b6267" executionId="f9b5c9b1-b97d-4429-96a6-8b1e39806c5b" testListId="8c84fa94-04c1-424b-9868-57a2d4851a1d" />
    <TestEntry testId="2be290df-7d92-5723-935e-13156fa041e9" executionId="f14e9296-e171-4495-a01b-513ecfa43dc1" testListId="8c84fa94-04c1-424b-9868-57a2d4851a1d" />
    <TestEntry testId="d82a3974-a1b3-5452-a547-6e33ca1a063c" executionId="5646af2a-1262-44ed-86fb-1825ac942143" testListId="8c84fa94-04c1-424b-9868-57a2d4851a1d" />
    <TestEntry testId="d4e8a370-9b59-6ddd-5a28-e76f3ca89b62" executionId="b77a34a9-e975-41e8-be88-4d9fe51f8562" testListId="8c84fa94-04c1-424b-9868-57a2d4851a1d" />
    <TestEntry testId="6b687bd3-e682-91ed-b1ee-b089e2b536c0" executionId="b910b083-f246-412e-a736-dd18b47313b4" testListId="8c84fa94-04c1-424b-9868-57a2d4851a1d" />
    <TestEntry testId="d2beff4b-5bed-7a1c-c8e7-4e5325b7c60a" executionId="29aedc4a-c681-4c32-b10a-856f17af582d" testListId="8c84fa94-04c1-424b-9868-57a2d4851a1d" />
    <TestEntry testId="c448b744-7bf8-6f0c-d98b-198f6de41865" executionId="fc3625c8-9f77-4ce7-901e-fc5f292472b2" testListId="8c84fa94-04c1-424b-9868-57a2d4851a1d" />
    <TestEntry testId="27dd74a8-22cf-ae92-39e4-ce5ef087ac4d" executionId="fde1809d-13a7-41ef-bdc1-a7c018bccd20" testListId="8c84fa94-04c1-424b-9868-57a2d4851a1d" />
    <TestEntry testId="3d064911-8ce4-9ebd-478b-8d7a42aeaa1a" executionId="e241043a-0975-43af-a5d2-bd06f42b6109" testListId="8c84fa94-04c1-424b-9868-57a2d4851a1d" />
    <TestEntry testId="0042b540-d9ed-9ddc-23a9-c43f86f536b2" executionId="9109c6e9-88af-45c3-95d0-11b9e2f7c8e6" testListId="8c84fa94-04c1-424b-9868-57a2d4851a1d" />
    <TestEntry testId="75ea94fd-3e39-2426-5e3d-01bde1d3cfe1" executionId="eeeacc6a-3d29-476a-a0d8-cdaed721af2a" testListId="8c84fa94-04c1-424b-9868-57a2d4851a1d" />
    <TestEntry testId="3d064911-8ce4-9ebd-478b-8d7a42aeaa1a" executionId="b97c4b29-8436-4a49-81c7-191dc320b5d7" testListId="8c84fa94-04c1-424b-9868-57a2d4851a1d" />
    <TestEntry testId="8ecd7c13-855a-e3bf-d91c-582f7181be86" executionId="1286343d-c3d2-4159-a534-77ae4eabfb73" testListId="8c84fa94-04c1-424b-9868-57a2d4851a1d" />
    <TestEntry testId="e534c7f0-aa9f-7e58-f835-e09dd0e1c6e7" executionId="8f1fb8a0-ea9e-453a-84b7-3f09f489fa95" testListId="8c84fa94-04c1-424b-9868-57a2d4851a1d" />
    <TestEntry testId="19df9d5f-570b-e54d-a401-8a0b00b67220" executionId="ff7444c4-f073-4c6b-af24-861d9fdf01bf" testListId="8c84fa94-04c1-424b-9868-57a2d4851a1d" />
    <TestEntry testId="228d8ed6-db29-3b9e-b289-2db726062215" executionId="b2743fb6-24cf-40c5-84de-3ecf05b9f1ab" testListId="8c84fa94-04c1-424b-9868-57a2d4851a1d" />
    <TestEntry testId="4ae3084e-c976-0715-7375-0c9f5fcb3759" executionId="f180573a-673c-4562-b01a-10232ae685a6" testListId="8c84fa94-04c1-424b-9868-57a2d4851a1d" />
    <TestEntry testId="755d7606-d5aa-0b3e-76f8-b88c66525cda" executionId="8a629433-a7ea-4104-a8dc-74e5fe35518a" testListId="8c84fa94-04c1-424b-9868-57a2d4851a1d" />
    <TestEntry testId="f54c3826-ad6c-97f6-6d7f-5045e4477882" executionId="c9abe927-a663-4590-88c4-13b246907abd" testListId="8c84fa94-04c1-424b-9868-57a2d4851a1d" />
    <TestEntry testId="a24279c5-ea3c-440e-0894-883622bfcf6b" executionId="c167af28-8c69-4aff-9f00-d98aec65c2e8" testListId="8c84fa94-04c1-424b-9868-57a2d4851a1d" />
    <TestEntry testId="7fe16f67-ef74-a129-92fe-2486276145d3" executionId="cb327a7a-2bb6-4828-95d8-ef7cfa203c86" testListId="8c84fa94-04c1-424b-9868-57a2d4851a1d" />
    <TestEntry testId="9028e4f8-46b1-79ea-0efe-f94680b13e65" executionId="68351348-6567-4ff4-9907-72ad97e996e3" testListId="8c84fa94-04c1-424b-9868-57a2d4851a1d" />
    <TestEntry testId="d6098f81-48a5-ada0-84fc-9f1410547a55" executionId="db796959-a30d-40c6-8440-21769b6ddbae" testListId="8c84fa94-04c1-424b-9868-57a2d4851a1d" />
    <TestEntry testId="bcca15e8-f885-072a-8111-788e9a179cb4" executionId="b9b3647b-2a38-4575-8728-724ad531ea54" testListId="8c84fa94-04c1-424b-9868-57a2d4851a1d" />
    <TestEntry testId="0ff7f84c-222b-c9d7-80b3-11c44079c637" executionId="7fd5f6f4-4ffc-4ab2-bd10-af222c0fb68a" testListId="8c84fa94-04c1-424b-9868-57a2d4851a1d" />
    <TestEntry testId="96c6901d-cb68-884d-5e4f-ceda707a0dcc" executionId="73e55064-ba33-46a0-90d7-63437998f08d" testListId="8c84fa94-04c1-424b-9868-57a2d4851a1d" />
    <TestEntry testId="0bfb23f1-036b-2928-5050-65c3a964fcdb" executionId="056688c9-914d-4f8e-8ce8-bd93d190f4b7" testListId="8c84fa94-04c1-424b-9868-57a2d4851a1d" />
    <TestEntry testId="9dc477ec-e1a1-d66d-01b6-1f6f67046bad" executionId="2b33d694-ac56-4f09-81bd-308b7d18fbde" testListId="8c84fa94-04c1-424b-9868-57a2d4851a1d" />
    <TestEntry testId="387cdf60-47d4-7089-903d-9b660e15988c" executionId="5e9a57ab-6d4b-49a7-b35b-c55776a0ba38" testListId="8c84fa94-04c1-424b-9868-57a2d4851a1d" />
    <TestEntry testId="95b47281-e8c1-361c-53c0-38909c103b14" executionId="85d9736f-c35e-488f-afb9-0eff719c01e7" testListId="8c84fa94-04c1-424b-9868-57a2d4851a1d" />
    <TestEntry testId="99c7137a-c4cc-c248-105c-3d4d4355e432" executionId="43a9a055-89e1-4aea-ba95-5360f90ec397" testListId="8c84fa94-04c1-424b-9868-57a2d4851a1d" />
    <TestEntry testId="1e137d1c-2d50-6f10-2ced-78edc3b544f6" executionId="8c4d51b2-dbd3-4e79-9766-4d13b7d83cca" testListId="8c84fa94-04c1-424b-9868-57a2d4851a1d" />
    <TestEntry testId="c50242f7-2db4-2683-4f08-b38b5407f5c6" executionId="3df5b749-1b79-4350-8de6-0bba27fcb3e3" testListId="8c84fa94-04c1-424b-9868-57a2d4851a1d" />
    <TestEntry testId="11cd0334-f322-c646-5f36-1872a5a0e56e" executionId="76367bcd-c363-435d-a648-3c742a94cade" testListId="8c84fa94-04c1-424b-9868-57a2d4851a1d" />
    <TestEntry testId="3324df3f-d0c2-2d28-c81e-613d4d905e8f" executionId="3b0fa947-b751-4018-b555-860856ed8a2c" testListId="8c84fa94-04c1-424b-9868-57a2d4851a1d" />
    <TestEntry testId="52b9b455-2407-4953-cf47-5a45fd633d82" executionId="2e9fe634-2259-4cc5-855a-4b64f19207fc" testListId="8c84fa94-04c1-424b-9868-57a2d4851a1d" />
    <TestEntry testId="c07aed26-14d1-210f-7fca-c19609b25bf3" executionId="4e184ef7-cb85-4a3c-9ecf-b0ce644aa2c0" testListId="8c84fa94-04c1-424b-9868-57a2d4851a1d" />
    <TestEntry testId="f74fbe00-0c7a-711f-33e0-1688ffdc8c23" executionId="2639848f-e749-408e-a211-884007f5c13f" testListId="8c84fa94-04c1-424b-9868-57a2d4851a1d" />
    <TestEntry testId="4aeb2cf1-e0c9-d53a-978a-fe86c8b66c85" executionId="3d22a7d7-a691-4b37-b047-43040bd19d97" testListId="8c84fa94-04c1-424b-9868-57a2d4851a1d" />
    <TestEntry testId="6539ef61-00d3-0628-76fb-ca399d3cc346" executionId="6c47e93e-522c-40e0-9fdc-94f3522fcf7c" testListId="8c84fa94-04c1-424b-9868-57a2d4851a1d" />
    <TestEntry testId="dd7e6866-8340-bf6e-eb04-ef29b1a07f97" executionId="4eb99fe1-7346-4be1-ba04-a7e0b9ec0cb6" testListId="8c84fa94-04c1-424b-9868-57a2d4851a1d" />
    <TestEntry testId="6809884e-bb17-d38a-6d12-ed43e639dc6c" executionId="a1949351-c958-4fcc-bc9d-8034d0877697" testListId="8c84fa94-04c1-424b-9868-57a2d4851a1d" />
    <TestEntry testId="647a6e46-5887-fcbd-09f2-cc660f744507" executionId="6601ac44-022c-43dd-9aa3-7ec67df6b338" testListId="8c84fa94-04c1-424b-9868-57a2d4851a1d" />
    <TestEntry testId="304239fc-7054-9e5d-eba6-2bd02a709820" executionId="0d632b9c-3553-4085-829f-b448fe2bd6b6" testListId="8c84fa94-04c1-424b-9868-57a2d4851a1d" />
    <TestEntry testId="a0a3d471-9d79-b0a8-66e1-fb0ed7fc56be" executionId="63bd8bda-e986-468e-bb0c-ff301d313821" testListId="8c84fa94-04c1-424b-9868-57a2d4851a1d" />
    <TestEntry testId="b15d8efd-7f32-e75e-1f6f-96aa9050a2b9" executionId="a6f1df7e-2a70-49a0-a95b-a0ea5ddc2046" testListId="8c84fa94-04c1-424b-9868-57a2d4851a1d" />
    <TestEntry testId="37d9c8b1-d0b8-0afa-2afc-a2ae57ced7f5" executionId="bef042a4-06b7-4a2d-a610-eb286abc3708" testListId="8c84fa94-04c1-424b-9868-57a2d4851a1d" />
    <TestEntry testId="950100c2-49ef-ba57-58d1-801e4f2eaf4a" executionId="1ac4939d-88a3-4d4b-8f3f-69c1786f695b" testListId="8c84fa94-04c1-424b-9868-57a2d4851a1d" />
    <TestEntry testId="7fc2c76c-1924-e821-1092-1c6d9443a05b" executionId="4ec8b744-319c-4ed6-b265-faf4cb9b311e" testListId="8c84fa94-04c1-424b-9868-57a2d4851a1d" />
    <TestEntry testId="405a9a6e-f7a9-5cd4-cb04-c735c2ffb585" executionId="d1c142eb-ecf0-4fb2-8aa4-dc17c45275a3" testListId="8c84fa94-04c1-424b-9868-57a2d4851a1d" />
    <TestEntry testId="e5e96db0-2afd-1720-d8f8-60e737e02cce" executionId="442f6c30-ff10-4d07-b828-03355842478a" testListId="8c84fa94-04c1-424b-9868-57a2d4851a1d" />
    <TestEntry testId="a8f1c880-78cf-7098-795a-e75cda76d3c7" executionId="9c18ba85-429b-4332-a8d7-fb5830d2a4a0" testListId="8c84fa94-04c1-424b-9868-57a2d4851a1d" />
    <TestEntry testId="fa1eba1d-67af-1549-37db-913bdb2669b8" executionId="10c06adb-ca0b-46b4-8107-25dfdfb4573d" testListId="8c84fa94-04c1-424b-9868-57a2d4851a1d" />
    <TestEntry testId="1f529619-47ad-664f-ed2a-aae54577d440" executionId="f6a03d93-6efe-46f3-ba90-7ca56b201087" testListId="8c84fa94-04c1-424b-9868-57a2d4851a1d" />
    <TestEntry testId="f13da6e1-73f6-6894-5cc8-addc8326f458" executionId="4ec5fe93-0672-4aa2-8571-748a75b300f5" testListId="8c84fa94-04c1-424b-9868-57a2d4851a1d" />
    <TestEntry testId="52f43070-5fba-489a-4c2a-6329fcf8bea7" executionId="d21e7c86-907e-4a0e-8df3-6ae363f14aef" testListId="8c84fa94-04c1-424b-9868-57a2d4851a1d" />
    <TestEntry testId="76047b41-0e4d-e4f0-081c-d902d04aad22" executionId="2a419683-783f-4ab4-a719-0f8f69d2bf26" testListId="8c84fa94-04c1-424b-9868-57a2d4851a1d" />
    <TestEntry testId="f55a233a-e14b-4380-52ae-c7ccd5e5efd5" executionId="00fff446-c9a8-4d81-9646-4f0109b25ea1" testListId="8c84fa94-04c1-424b-9868-57a2d4851a1d" />
    <TestEntry testId="4b9c1ba1-8fc1-d592-d8e2-2c9b4a349460" executionId="ebf90694-2f57-40fe-87e9-205e94eed0dd" testListId="8c84fa94-04c1-424b-9868-57a2d4851a1d" />
    <TestEntry testId="763fef58-1ede-bd37-d3db-07fa6ea545ca" executionId="8eecfec7-7edb-482e-8fe1-14ebf266076c" testListId="8c84fa94-04c1-424b-9868-57a2d4851a1d" />
    <TestEntry testId="94a2cac8-4ab7-421d-27d1-f00b332ef0d4" executionId="f61bba74-5058-45ef-af59-4cf13da0cbf1" testListId="8c84fa94-04c1-424b-9868-57a2d4851a1d" />
    <TestEntry testId="6ac21b09-6a82-496e-b35b-b25d2eeff3bd" executionId="ebd719bb-a2be-49a7-8542-5a29907cd207" testListId="8c84fa94-04c1-424b-9868-57a2d4851a1d" />
    <TestEntry testId="5112593c-0687-fa01-6d25-d137ee4d6ee0" executionId="ffb2149f-eeda-495b-a5dd-abac4861d605" testListId="8c84fa94-04c1-424b-9868-57a2d4851a1d" />
    <TestEntry testId="7d7d04ff-07f4-2928-7743-9094eb345a03" executionId="fa192df6-02c4-4f79-859a-64ed01bbbea4" testListId="8c84fa94-04c1-424b-9868-57a2d4851a1d" />
    <TestEntry testId="bb05d838-e8b8-1928-3fbd-d3679a7f86bf" executionId="d0a66124-5cb2-47e6-9062-aae7fde5e3c4" testListId="8c84fa94-04c1-424b-9868-57a2d4851a1d" />
    <TestEntry testId="505e1ea4-0d08-e68d-cda2-548640bb0bd2" executionId="99243152-ed6a-49db-8f7f-ccc8443a9258" testListId="8c84fa94-04c1-424b-9868-57a2d4851a1d" />
    <TestEntry testId="fca18189-14b0-a9a5-a2ad-de0d93f61ac9" executionId="ce099104-229d-4ede-8c7e-d692b9d4fdf8" testListId="8c84fa94-04c1-424b-9868-57a2d4851a1d" />
    <TestEntry testId="6926a070-192e-3bc2-3350-2c630870c19d" executionId="88266aaf-29c7-4cb6-abd0-60d0c05b9aa9" testListId="8c84fa94-04c1-424b-9868-57a2d4851a1d" />
    <TestEntry testId="1bfcd3a7-5eb8-b503-f8b6-db88665035c4" executionId="5f09c007-3dea-49de-bf90-d3fb58546498" testListId="8c84fa94-04c1-424b-9868-57a2d4851a1d" />
    <TestEntry testId="5b3ddd4d-574c-53fd-f18b-066847d4b1fe" executionId="901a2e2a-32f9-4d4d-8211-17a15f3c9b0d" testListId="8c84fa94-04c1-424b-9868-57a2d4851a1d" />
    <TestEntry testId="3775d54e-5139-d61a-b3ed-3919845d7970" executionId="da7c3aa7-a57e-4a87-8993-b7ae228ed863" testListId="8c84fa94-04c1-424b-9868-57a2d4851a1d" />
    <TestEntry testId="4908d300-3005-e9cc-511e-30cb01b1991e" executionId="7c0d0dc2-52d5-4294-b515-e866161b3c29" testListId="8c84fa94-04c1-424b-9868-57a2d4851a1d" />
    <TestEntry testId="ca7c7e07-d914-3d5b-78e0-4e9b1096ac8d" executionId="ff8e020b-3254-47e6-b898-05554aa212d0" testListId="8c84fa94-04c1-424b-9868-57a2d4851a1d" />
    <TestEntry testId="e98019ee-ae98-4223-bcd3-ae6ff5dbf925" executionId="9d48bf76-d001-4a65-bc79-4e692cf5add4" testListId="8c84fa94-04c1-424b-9868-57a2d4851a1d" />
    <TestEntry testId="2b5db586-13e2-a5d4-7ef0-6053fff6d61a" executionId="3b3da1ac-e430-46e5-b7c1-0981da80399e" testListId="8c84fa94-04c1-424b-9868-57a2d4851a1d" />
    <TestEntry testId="e3f6b41b-723f-fe52-6ef5-10aa6556c371" executionId="46fa162b-1387-43e3-98a7-c4541bb1d471" testListId="8c84fa94-04c1-424b-9868-57a2d4851a1d" />
    <TestEntry testId="481a4ae3-81f3-e5b6-2f47-4f11c083d546" executionId="aaa95759-8247-4999-b438-e4bf6635e04a" testListId="8c84fa94-04c1-424b-9868-57a2d4851a1d" />
    <TestEntry testId="59b41628-064d-c852-59dd-ff3828786d75" executionId="e1a4681d-4ef0-4c56-a3fb-70443d97767f" testListId="8c84fa94-04c1-424b-9868-57a2d4851a1d" />
    <TestEntry testId="c09b9953-6e88-da7c-cf9f-d8e3839bb3cf" executionId="60371502-1a86-4341-991f-1445780eafa1" testListId="8c84fa94-04c1-424b-9868-57a2d4851a1d" />
    <TestEntry testId="98690f6c-f3f1-595a-da66-da2a34bb754a" executionId="1e14901d-decd-477f-a297-6dfb38d14582" testListId="8c84fa94-04c1-424b-9868-57a2d4851a1d" />
    <TestEntry testId="6f3de9f8-ce4b-1e99-dd86-b59a2c977e85" executionId="46cd5490-e203-4ae9-8d37-7ecdae4bada5" testListId="8c84fa94-04c1-424b-9868-57a2d4851a1d" />
    <TestEntry testId="12fa48f5-9b10-8956-e496-0a1719ddb6f7" executionId="775e0ee4-2906-42c8-8c3e-b6feb0ddc90d" testListId="8c84fa94-04c1-424b-9868-57a2d4851a1d" />
    <TestEntry testId="caccd0b9-6717-f97e-3a5a-d03de4c75025" executionId="892baddb-7c97-4a55-97fc-bcf9870e677a" testListId="8c84fa94-04c1-424b-9868-57a2d4851a1d" />
    <TestEntry testId="d014a639-73a9-c5f3-1a69-c8e9ea956187" executionId="39d24276-415a-4312-8329-eb7e78c01fdb" testListId="8c84fa94-04c1-424b-9868-57a2d4851a1d" />
    <TestEntry testId="2fa1f9e2-c77f-77e5-7e5a-8daa566efe7b" executionId="188a1cbf-13f1-43e7-8b7e-ef6c932f3647" testListId="8c84fa94-04c1-424b-9868-57a2d4851a1d" />
    <TestEntry testId="98cba7ef-cae3-92dd-b1d6-f5f810e86693" executionId="40a53ef7-3720-4ce8-8ad2-983c16ea96fa" testListId="8c84fa94-04c1-424b-9868-57a2d4851a1d" />
    <TestEntry testId="66715d49-c41e-5f81-8a3b-27304d49716d" executionId="dd120f35-5bbf-4604-b6b8-84efcafb6198" testListId="8c84fa94-04c1-424b-9868-57a2d4851a1d" />
    <TestEntry testId="94a4d560-7e61-7129-d667-18a8b19b10da" executionId="dd1348bb-d88c-4df2-a6b9-e0eb16db1e94" testListId="8c84fa94-04c1-424b-9868-57a2d4851a1d" />
    <TestEntry testId="c0d2d7c8-8f54-3223-54ea-6b285d3fac39" executionId="121d71f3-56aa-418f-9803-b7b85c6e04cd" testListId="8c84fa94-04c1-424b-9868-57a2d4851a1d" />
    <TestEntry testId="0bcee4b1-1c28-608b-529d-c163d3dedf9c" executionId="1e42a83e-ef72-4c3c-ac6d-9c39d9bddcf3" testListId="8c84fa94-04c1-424b-9868-57a2d4851a1d" />
    <TestEntry testId="39b0be65-95d7-2b3c-12c6-e30f8e267dfc" executionId="bd843eec-f758-4d53-a63d-a8190a3c5754" testListId="8c84fa94-04c1-424b-9868-57a2d4851a1d" />
    <TestEntry testId="7d6988ed-c769-4037-dc1c-9fa54886bdc8" executionId="45303ed7-2455-491a-b798-191ef3f82e19" testListId="8c84fa94-04c1-424b-9868-57a2d4851a1d" />
    <TestEntry testId="b3adc767-8378-ee8a-bfca-5ebd20efd43e" executionId="a20b087e-df2d-4594-ba1c-51af5544d490" testListId="8c84fa94-04c1-424b-9868-57a2d4851a1d" />
    <TestEntry testId="9dc477ec-e1a1-d66d-01b6-1f6f67046bad" executionId="8504c937-8986-44ee-b735-abe8dfae493a" testListId="8c84fa94-04c1-424b-9868-57a2d4851a1d" />
    <TestEntry testId="1444e3ea-46f2-f61a-02a4-72867732fe00" executionId="09640865-95a6-46c6-a63d-c27e9c666ad9" testListId="8c84fa94-04c1-424b-9868-57a2d4851a1d" />
    <TestEntry testId="47801b5e-10f4-56e3-4d93-5810e362eda9" executionId="87c9cd3e-04e8-4b17-aa80-235f615c3cc8" testListId="8c84fa94-04c1-424b-9868-57a2d4851a1d" />
    <TestEntry testId="574b4d79-31b4-dea5-34f2-6b3d418bd92a" executionId="22c1f235-fe68-444f-ac5b-fe423215066a" testListId="8c84fa94-04c1-424b-9868-57a2d4851a1d" />
    <TestEntry testId="118381db-b906-f6fd-1684-10bb36d8f131" executionId="b781e9dd-d4dc-4039-9ca9-53e82a3c922e" testListId="8c84fa94-04c1-424b-9868-57a2d4851a1d" />
    <TestEntry testId="9ed36475-70ea-d935-981c-3ee0399bdd52" executionId="9bec1da9-0d69-43c5-88a6-5289803dbd51" testListId="8c84fa94-04c1-424b-9868-57a2d4851a1d" />
    <TestEntry testId="48086829-e2cb-679b-fae9-3d9bb0deaa31" executionId="0cc88a20-d83b-4ad9-8ab2-71e44d9e9429" testListId="8c84fa94-04c1-424b-9868-57a2d4851a1d" />
    <TestEntry testId="3aa7f57e-bb40-bdf7-b002-4c757f5f3ab3" executionId="63a67bfd-b80e-457e-b3a9-4756dd3dcae2" testListId="8c84fa94-04c1-424b-9868-57a2d4851a1d" />
    <TestEntry testId="228c7528-b299-db41-59ab-3646b8e95954" executionId="3fa02a65-6565-4af9-94f8-80816437e457" testListId="8c84fa94-04c1-424b-9868-57a2d4851a1d" />
    <TestEntry testId="48716565-5026-3c86-5719-93d7595126ea" executionId="c768113d-a225-42b5-941c-a5d133732dbe" testListId="8c84fa94-04c1-424b-9868-57a2d4851a1d" />
    <TestEntry testId="a9dd89e9-5332-8f7c-9fd1-d81dd843c2eb" executionId="590fb474-719f-4f0e-8426-848dc0f4317c" testListId="8c84fa94-04c1-424b-9868-57a2d4851a1d" />
    <TestEntry testId="f45b0123-a5dd-fb53-d0d1-cdea3d2f2a2b" executionId="584738f2-c243-4a6b-82d7-2ab8c5eeaab6" testListId="8c84fa94-04c1-424b-9868-57a2d4851a1d" />
    <TestEntry testId="479a856a-b668-d0be-97cb-73c0d55e7806" executionId="ed5f91d5-38ec-4560-96f9-70f1cbc5b864" testListId="8c84fa94-04c1-424b-9868-57a2d4851a1d" />
    <TestEntry testId="d82a3974-a1b3-5452-a547-6e33ca1a063c" executionId="c6bc41ed-79f6-4917-9ed8-4589f45c4036" testListId="8c84fa94-04c1-424b-9868-57a2d4851a1d" />
    <TestEntry testId="2702bbe4-9e72-8edf-0d4b-d6e7e729e629" executionId="5546e23e-41e0-4257-a613-90b184e6341a" testListId="8c84fa94-04c1-424b-9868-57a2d4851a1d" />
    <TestEntry testId="25927a93-4fe1-3342-a357-68efde15925c" executionId="88487d4d-1135-4cf5-a126-5af91033e2f4" testListId="8c84fa94-04c1-424b-9868-57a2d4851a1d" />
    <TestEntry testId="ac8f81ff-9cec-3504-c5c4-8f5529420f89" executionId="e2cbb6a5-540d-42c6-8945-334e8a0fccdb" testListId="8c84fa94-04c1-424b-9868-57a2d4851a1d" />
    <TestEntry testId="5cb75f93-582a-f23d-368f-fc8ebba62e48" executionId="e4380fb4-68a4-44ac-827f-f0733ecb9e50" testListId="8c84fa94-04c1-424b-9868-57a2d4851a1d" />
    <TestEntry testId="0c40e391-1535-8784-1bfb-cedd28fd8a3d" executionId="29a6fc8c-3d86-4375-ba9f-7c590224cd16" testListId="8c84fa94-04c1-424b-9868-57a2d4851a1d" />
    <TestEntry testId="8a0fca4b-0698-ebf3-6c49-81c7c04e748c" executionId="ece28037-25f8-41e3-884d-1dd1798254cf" testListId="8c84fa94-04c1-424b-9868-57a2d4851a1d" />
    <TestEntry testId="784d2949-b6cc-e747-60b8-a29afed1681f" executionId="d4bd0e9c-3b3e-4677-8de4-b5f4a92a15e8" testListId="8c84fa94-04c1-424b-9868-57a2d4851a1d" />
    <TestEntry testId="bf4fa718-a0dc-a376-320f-64846e767fdc" executionId="f5bac13e-6056-446e-b421-af93eabe6789" testListId="8c84fa94-04c1-424b-9868-57a2d4851a1d" />
    <TestEntry testId="af973e0b-0b20-ed6d-59fa-0a71e4ffb6b7" executionId="47788454-0593-4e00-b4f4-89544d812e04" testListId="8c84fa94-04c1-424b-9868-57a2d4851a1d" />
    <TestEntry testId="922bfda1-7a14-2dce-128b-e09841dad4e2" executionId="623c9caf-634a-40c4-a63b-e3aa42ecfc84" testListId="8c84fa94-04c1-424b-9868-57a2d4851a1d" />
    <TestEntry testId="15172e93-4a8e-8f04-e2ea-6f69251cd20d" executionId="0a01f3a5-1646-4d8d-b1e7-2c25109bc8c5" testListId="8c84fa94-04c1-424b-9868-57a2d4851a1d" />
    <TestEntry testId="f19afe42-1bdb-8cfd-a433-5717c0bd644c" executionId="181fb447-ba86-49ef-908e-161dcad6d0e0" testListId="8c84fa94-04c1-424b-9868-57a2d4851a1d" />
    <TestEntry testId="b58d0b7f-c953-3548-e48d-1e7873d59a4d" executionId="3c2dfb75-a703-4dcb-8c9f-6144b1fd4d2d" testListId="8c84fa94-04c1-424b-9868-57a2d4851a1d" />
    <TestEntry testId="146aa1c0-e779-e5d3-3dd4-31fcfe25e1ce" executionId="20fad1c5-b073-4c8a-9990-c9489a1b07a5" testListId="8c84fa94-04c1-424b-9868-57a2d4851a1d" />
    <TestEntry testId="48705557-ba7e-35b4-12d1-0d3e35a38924" executionId="344b6c4c-0114-42dd-b4e9-50d38faab9e9" testListId="8c84fa94-04c1-424b-9868-57a2d4851a1d" />
    <TestEntry testId="2be290df-7d92-5723-935e-13156fa041e9" executionId="7471176d-763c-4a14-a9d7-32f54303c379" testListId="8c84fa94-04c1-424b-9868-57a2d4851a1d" />
    <TestEntry testId="75ea94fd-3e39-2426-5e3d-01bde1d3cfe1" executionId="75804c44-3056-48c8-8383-ed1ac4853891" testListId="8c84fa94-04c1-424b-9868-57a2d4851a1d" />
    <TestEntry testId="a1c7a7a4-30b8-eb82-955d-baf3a6270edd" executionId="134d37b8-4e33-416a-9b53-88dfbdfeb750" testListId="8c84fa94-04c1-424b-9868-57a2d4851a1d" />
    <TestEntry testId="58f6e8ea-1bd0-f4c2-4094-d3d6817aac02" executionId="a111159e-82fd-4038-a503-c9c563ae223c" testListId="8c84fa94-04c1-424b-9868-57a2d4851a1d" />
    <TestEntry testId="b2903119-1d6e-0bc6-5662-cedf6f3c55e9" executionId="b8646823-1bf3-454a-ad44-7902cf830cb3" testListId="8c84fa94-04c1-424b-9868-57a2d4851a1d" />
    <TestEntry testId="447a0ea2-4a73-9937-dd54-230022a31e61" executionId="16f199fc-c3d1-4731-af25-8778bdb55d56" testListId="8c84fa94-04c1-424b-9868-57a2d4851a1d" />
    <TestEntry testId="14f15414-7ce9-a88d-2f2c-1edc373dc303" executionId="21822cad-c958-4481-bb01-ce00455b0d86" testListId="8c84fa94-04c1-424b-9868-57a2d4851a1d" />
    <TestEntry testId="3c881886-4db7-dbcd-6874-1deb25e16f63" executionId="d553bec4-2e23-464d-96a7-20561d3b56e0" testListId="8c84fa94-04c1-424b-9868-57a2d4851a1d" />
    <TestEntry testId="43f1300e-f020-7c17-c8a6-2b28700085f2" executionId="f5d4662e-16db-4211-aa56-d4622bfb4c42" testListId="8c84fa94-04c1-424b-9868-57a2d4851a1d" />
    <TestEntry testId="3b908ee4-91ce-c0e9-93f0-06f64e2436c7" executionId="d6e110f3-a7aa-42ad-8db2-7bdf0b19869a" testListId="8c84fa94-04c1-424b-9868-57a2d4851a1d" />
    <TestEntry testId="277f322d-c788-9e4e-74c2-15e97b3deb10" executionId="1aa46984-a444-4b5f-9b69-14e0f0fe790a" testListId="8c84fa94-04c1-424b-9868-57a2d4851a1d" />
    <TestEntry testId="0c9d4e59-49c7-021e-ea64-5c522f20c80b" executionId="ba81762a-b4de-4e0c-9c62-d45cc166216b" testListId="8c84fa94-04c1-424b-9868-57a2d4851a1d" />
    <TestEntry testId="a9afc559-32b2-53d2-9918-0db87b84238e" executionId="ed0f8343-7e9f-470c-8281-1addd3754c1e" testListId="8c84fa94-04c1-424b-9868-57a2d4851a1d" />
    <TestEntry testId="bf4fa718-a0dc-a376-320f-64846e767fdc" executionId="b3c1c119-be08-435e-913c-53fd7a7fd074" testListId="8c84fa94-04c1-424b-9868-57a2d4851a1d" />
    <TestEntry testId="17af0ef1-5b03-524e-019b-aa5abb781652" executionId="5b766e47-d7e9-43bb-b680-5dd71a6ca510" testListId="8c84fa94-04c1-424b-9868-57a2d4851a1d" />
    <TestEntry testId="e1d70b74-a2c0-6fe4-47e7-b215f4c4a892" executionId="edbd0982-e05e-4685-b5e0-e74d689c5b71" testListId="8c84fa94-04c1-424b-9868-57a2d4851a1d" />
    <TestEntry testId="75ea94fd-3e39-2426-5e3d-01bde1d3cfe1" executionId="2918e961-9094-4ec6-9855-01c17ec2ea47" testListId="8c84fa94-04c1-424b-9868-57a2d4851a1d" />
    <TestEntry testId="e3ab55ff-d050-071c-735b-0ca651c32877" executionId="40bc4c27-5dc2-4a92-a90e-6e346e97b3cb" testListId="8c84fa94-04c1-424b-9868-57a2d4851a1d" />
    <TestEntry testId="64f221c7-b62a-2588-eba2-e29a560f56d2" executionId="e55bf3a8-7f08-427d-8021-6d287d93438d" testListId="8c84fa94-04c1-424b-9868-57a2d4851a1d" />
    <TestEntry testId="d41c81ce-1573-0d69-8a41-0b5e2c4dff5c" executionId="acd52166-a548-4a33-a998-1d3781c1903a" testListId="8c84fa94-04c1-424b-9868-57a2d4851a1d" />
    <TestEntry testId="9ed36475-70ea-d935-981c-3ee0399bdd52" executionId="ff14df1b-d2be-49bd-90f7-3b262864c814" testListId="8c84fa94-04c1-424b-9868-57a2d4851a1d" />
    <TestEntry testId="ec16d752-c3b4-091e-1dc9-5fb39755032b" executionId="a94a4085-2875-4c08-b3c5-a963bb46f111" testListId="8c84fa94-04c1-424b-9868-57a2d4851a1d" />
    <TestEntry testId="95e5529b-4329-e8dc-eeed-d78a8fcdab90" executionId="43733640-92eb-44a5-bce4-3e550e6b0548" testListId="8c84fa94-04c1-424b-9868-57a2d4851a1d" />
    <TestEntry testId="df74a8b4-44a1-5487-2d29-3c4b11501295" executionId="65b669be-eb9a-4d8a-b6ab-ffbf3f4294ea" testListId="8c84fa94-04c1-424b-9868-57a2d4851a1d" />
    <TestEntry testId="e9794e70-f218-ddcf-6de7-79e71cba8d18" executionId="e4092e8c-3e77-4abe-8c27-949bd3deb1a3" testListId="8c84fa94-04c1-424b-9868-57a2d4851a1d" />
    <TestEntry testId="a46f3cc4-c110-1556-a386-c5cffa7f4bae" executionId="520836b3-b667-454a-aabe-286dd420096f" testListId="8c84fa94-04c1-424b-9868-57a2d4851a1d" />
    <TestEntry testId="b140ad36-aa55-d8f3-9a8b-21dd46774cd0" executionId="5cd7c10c-1cf1-4138-9051-23ba5491d9be" testListId="8c84fa94-04c1-424b-9868-57a2d4851a1d" />
    <TestEntry testId="18629ec7-3646-60f2-e0ac-ece98123ec4e" executionId="38b52e58-d9ec-4aa2-a905-8c101caded40" testListId="8c84fa94-04c1-424b-9868-57a2d4851a1d" />
    <TestEntry testId="2be290df-7d92-5723-935e-13156fa041e9" executionId="d5bfc064-f45b-43f4-9b15-3be63bb47469" testListId="8c84fa94-04c1-424b-9868-57a2d4851a1d" />
    <TestEntry testId="e3f6b41b-723f-fe52-6ef5-10aa6556c371" executionId="6d21cd59-6fcf-4a7f-951c-2eccebedd8bd" testListId="8c84fa94-04c1-424b-9868-57a2d4851a1d" />
    <TestEntry testId="b5846ffc-e3db-f497-0b5d-efeac4ee29f0" executionId="81230df4-806f-4186-adf2-5a7f227f1654" testListId="8c84fa94-04c1-424b-9868-57a2d4851a1d" />
    <TestEntry testId="3d064911-8ce4-9ebd-478b-8d7a42aeaa1a" executionId="a5c91323-417d-45b3-9783-52442661dfa2" testListId="8c84fa94-04c1-424b-9868-57a2d4851a1d" />
    <TestEntry testId="dcc2c800-d9b9-49e9-1202-6d1e7f1fc1e2" executionId="c5197b2e-338a-4991-885a-352e5de32cfa" testListId="8c84fa94-04c1-424b-9868-57a2d4851a1d" />
    <TestEntry testId="d302d0d6-12ff-fd67-4af4-49feb7191209" executionId="1ef2daa7-9b46-4e53-8b65-261796562b54" testListId="8c84fa94-04c1-424b-9868-57a2d4851a1d" />
    <TestEntry testId="be597b53-9e4f-dcdb-cad8-00fb11c924b4" executionId="0ca3af1b-44e6-42ac-bb5c-d84954481ecd" testListId="8c84fa94-04c1-424b-9868-57a2d4851a1d" />
    <TestEntry testId="37b11b1a-faeb-4c63-96fe-94b39c79fba8" executionId="392403e7-f320-4615-8b35-514344595fe6" testListId="8c84fa94-04c1-424b-9868-57a2d4851a1d" />
    <TestEntry testId="c8f1d21a-34aa-5e25-3b35-46ddd198d9e4" executionId="f463d7d5-60df-4463-951c-0aa5d25938f8" testListId="8c84fa94-04c1-424b-9868-57a2d4851a1d" />
    <TestEntry testId="cf15e243-4e78-d001-2618-cf3fbacfb013" executionId="b6d7c80e-3e07-4916-a4ff-33aa2ed1884f" testListId="8c84fa94-04c1-424b-9868-57a2d4851a1d" />
    <TestEntry testId="75ea94fd-3e39-2426-5e3d-01bde1d3cfe1" executionId="65f86b94-f167-44bc-bc5b-6e444cd7a215" testListId="8c84fa94-04c1-424b-9868-57a2d4851a1d" />
    <TestEntry testId="38c2f9ba-1181-b216-c1a4-51a54f0113e2" executionId="789ca423-0061-43a4-90f8-a160e43278c4" testListId="8c84fa94-04c1-424b-9868-57a2d4851a1d" />
    <TestEntry testId="58e7c7f4-792d-ea21-f736-0d57a96ac2e7" executionId="3b633a1a-910e-4ea1-9336-12a4aebe6cb7" testListId="8c84fa94-04c1-424b-9868-57a2d4851a1d" />
    <TestEntry testId="f2b83b76-897b-f512-648e-fe8c53bce467" executionId="eb3d8985-7d25-4835-bf45-e535a34b5ca8" testListId="8c84fa94-04c1-424b-9868-57a2d4851a1d" />
    <TestEntry testId="f7924615-42c6-5d3a-1294-83fa670fd078" executionId="a8fcd834-969c-4fe4-b005-bc13a975ff35" testListId="8c84fa94-04c1-424b-9868-57a2d4851a1d" />
    <TestEntry testId="2e3d963d-2c88-d01e-672b-3e7de3778e63" executionId="ecfe5da5-8c8c-4eaf-9925-832feed6cd72" testListId="8c84fa94-04c1-424b-9868-57a2d4851a1d" />
    <TestEntry testId="5b684f42-7f6e-71b8-222d-b5fe92216f9d" executionId="06b024ec-96b4-447c-9a54-cfccc1dc3d47" testListId="8c84fa94-04c1-424b-9868-57a2d4851a1d" />
    <TestEntry testId="1a13e6b3-6678-3730-e073-876042334d75" executionId="04c58a28-c92f-4c5a-a819-3e54425eb336" testListId="8c84fa94-04c1-424b-9868-57a2d4851a1d" />
    <TestEntry testId="19b337b2-8e0b-53c8-ca57-17065a170026" executionId="525f4264-fbdd-4167-a56e-457076be1003" testListId="8c84fa94-04c1-424b-9868-57a2d4851a1d" />
    <TestEntry testId="4fe7a980-a4df-a5e0-9048-4c5bac6fd2df" executionId="68085d8f-3019-47b5-8529-bd4adf27487b" testListId="8c84fa94-04c1-424b-9868-57a2d4851a1d" />
    <TestEntry testId="f4244c06-7c13-2f72-fdd2-6d274b1695e1" executionId="cfe279f5-173b-44ce-aa88-bc74c63bf66c" testListId="8c84fa94-04c1-424b-9868-57a2d4851a1d" />
    <TestEntry testId="2be290df-7d92-5723-935e-13156fa041e9" executionId="cf036733-f9f3-4fd2-a81a-44c49ce9863d" testListId="8c84fa94-04c1-424b-9868-57a2d4851a1d" />
    <TestEntry testId="2be290df-7d92-5723-935e-13156fa041e9" executionId="ac7647f0-efca-489f-b41e-ce352a5bc2ea" testListId="8c84fa94-04c1-424b-9868-57a2d4851a1d" />
    <TestEntry testId="09431a07-3c29-d662-92d8-a6fd68b38ca4" executionId="a9be1b29-0c61-4a89-9a95-4d7fa08abb95" testListId="8c84fa94-04c1-424b-9868-57a2d4851a1d" />
    <TestEntry testId="4c1c59cd-e4a5-e39a-adb6-781aef6bf9d5" executionId="fab90bb8-b05b-4c27-a89a-f46103d1b984" testListId="8c84fa94-04c1-424b-9868-57a2d4851a1d" />
    <TestEntry testId="fe7ed937-78c6-d70d-a862-2291212607dd" executionId="31bf814c-8fb9-40c0-a9e8-ff3890ef5100" testListId="8c84fa94-04c1-424b-9868-57a2d4851a1d" />
    <TestEntry testId="e3f6b41b-723f-fe52-6ef5-10aa6556c371" executionId="358bd318-e6eb-4082-b8ca-6d57139e2a55" testListId="8c84fa94-04c1-424b-9868-57a2d4851a1d" />
    <TestEntry testId="41ebbba1-9e29-8cbf-57ae-582d5f80b59e" executionId="7aa6e06e-c1f3-45ab-94f3-f3df6b621087" testListId="8c84fa94-04c1-424b-9868-57a2d4851a1d" />
    <TestEntry testId="e55750b2-62ef-9dbe-18e1-f31fcd761b56" executionId="80a18a44-b623-43ae-8cc8-c7b228ee66ca" testListId="8c84fa94-04c1-424b-9868-57a2d4851a1d" />
    <TestEntry testId="6929059c-5d5d-3365-e446-d5e0c0c63b90" executionId="6f10041d-e593-4a8d-bc04-f3d0fd661345" testListId="8c84fa94-04c1-424b-9868-57a2d4851a1d" />
    <TestEntry testId="96dfbd8f-74c2-58c9-9fff-dec3a0d2fb13" executionId="46c36820-2af9-497b-97d6-060e23d5856d" testListId="8c84fa94-04c1-424b-9868-57a2d4851a1d" />
    <TestEntry testId="1aadb9b6-5faf-816d-c27a-4da98e73e9a7" executionId="9d55c383-3031-4622-acdf-3335d703e805" testListId="8c84fa94-04c1-424b-9868-57a2d4851a1d" />
    <TestEntry testId="e7431cde-8f7a-eed3-b10e-0a941618ee9b" executionId="b3fe5ce5-784e-44b4-990f-e2c031591e3d" testListId="8c84fa94-04c1-424b-9868-57a2d4851a1d" />
    <TestEntry testId="6b89a201-ff2f-4f23-8044-659acf19d59a" executionId="cdddba79-7537-477e-9233-bc5671201792" testListId="8c84fa94-04c1-424b-9868-57a2d4851a1d" />
    <TestEntry testId="2be290df-7d92-5723-935e-13156fa041e9" executionId="7d1d59ab-e3c4-4aa8-9e82-9b157c211119" testListId="8c84fa94-04c1-424b-9868-57a2d4851a1d" />
    <TestEntry testId="7f7f5d66-3aed-c22e-7bf4-aeb78cf64ade" executionId="d43adba4-e1ef-4892-90d0-fbd956b93091" testListId="8c84fa94-04c1-424b-9868-57a2d4851a1d" />
    <TestEntry testId="0a9d26e0-52b5-9b8d-bb94-0a318551e657" executionId="e8b86699-d2cc-482e-aed5-3ac0e3994d3b" testListId="8c84fa94-04c1-424b-9868-57a2d4851a1d" />
    <TestEntry testId="aa24ebc7-de07-9d78-3ed9-d13182a4abaf" executionId="e5e7acaa-3943-488a-9ae6-e0bd6e5d4f80" testListId="8c84fa94-04c1-424b-9868-57a2d4851a1d" />
    <TestEntry testId="b7e2a840-3c47-aac2-217c-7972286dbaac" executionId="c4af7c28-b8bf-4bf6-bf37-869be5388ac9" testListId="8c84fa94-04c1-424b-9868-57a2d4851a1d" />
    <TestEntry testId="98cba7ef-cae3-92dd-b1d6-f5f810e86693" executionId="306a415e-9c22-496b-90eb-f4655cd146b9" testListId="8c84fa94-04c1-424b-9868-57a2d4851a1d" />
    <TestEntry testId="2b95d2ae-b0e6-b9ff-1945-fd02bf0a08c5" executionId="659fa0a2-1b13-443d-809a-15290db3565c" testListId="8c84fa94-04c1-424b-9868-57a2d4851a1d" />
    <TestEntry testId="03889508-d11c-a85a-6eb7-81f82cc32dd5" executionId="f360ee64-7a22-440c-a209-b101fe4b1caa" testListId="8c84fa94-04c1-424b-9868-57a2d4851a1d" />
    <TestEntry testId="622aba69-20fa-274e-c9a3-62ef69aa9cc7" executionId="e0e6e1cb-4734-4c4e-856a-2e77014d408b" testListId="8c84fa94-04c1-424b-9868-57a2d4851a1d" />
    <TestEntry testId="4292287d-3e88-e342-a73e-7621a9e1b4cb" executionId="862a0248-9679-4374-82f6-0035297a0ba0" testListId="8c84fa94-04c1-424b-9868-57a2d4851a1d" />
    <TestEntry testId="d85b041f-089f-431b-1ddd-38180f5dda6d" executionId="3f013a4f-9aca-4516-ae57-d47a3a90fead" testListId="8c84fa94-04c1-424b-9868-57a2d4851a1d" />
    <TestEntry testId="c14f3cef-d7a9-99e2-48ff-da4f93a55ade" executionId="d03f0ca7-ada5-40d2-be30-38315dab005d" testListId="8c84fa94-04c1-424b-9868-57a2d4851a1d" />
    <TestEntry testId="5012d36b-b617-1c43-82be-02c1ca8a65d2" executionId="b74c692c-5553-4633-b3b3-25483f656e39" testListId="8c84fa94-04c1-424b-9868-57a2d4851a1d" />
    <TestEntry testId="faf80909-a0ab-f142-10c5-3b6917abff3a" executionId="92ecf7bf-27df-4129-b651-1e03f8e8587d" testListId="8c84fa94-04c1-424b-9868-57a2d4851a1d" />
    <TestEntry testId="6950c12a-530d-10c2-664d-7df9a43fce0c" executionId="baa64328-9488-48f3-a1a6-38f26e97b544" testListId="8c84fa94-04c1-424b-9868-57a2d4851a1d" />
    <TestEntry testId="24a6ee56-00ee-be62-7065-a28f8e048c75" executionId="f00885ab-8a2b-46f5-b202-e7736c866eab" testListId="8c84fa94-04c1-424b-9868-57a2d4851a1d" />
    <TestEntry testId="e11309ac-b0a6-8c39-60d7-dba8677b0b69" executionId="45a615b9-639b-4f67-b4d4-0b47b01975a0" testListId="8c84fa94-04c1-424b-9868-57a2d4851a1d" />
    <TestEntry testId="e4026a29-914d-441e-2c1a-b6749c436c60" executionId="8cd9666c-1374-496c-9033-f29dbfbe3223" testListId="8c84fa94-04c1-424b-9868-57a2d4851a1d" />
    <TestEntry testId="0e78e6c8-d302-cfca-dc84-e91db65a3135" executionId="3f53045e-99ec-4c6e-86ab-fbb106291a17" testListId="8c84fa94-04c1-424b-9868-57a2d4851a1d" />
    <TestEntry testId="8fb5eb2d-b3ae-981f-09c3-d17ab6f8bf32" executionId="6eceee1a-c5dd-4584-b0a8-82521e0eeb0a" testListId="8c84fa94-04c1-424b-9868-57a2d4851a1d" />
    <TestEntry testId="5e6b1476-a892-09fa-249f-600b43aed7f9" executionId="e75e6d4e-3233-4065-b0bd-a909e99ded1b" testListId="8c84fa94-04c1-424b-9868-57a2d4851a1d" />
    <TestEntry testId="67e8750c-0d0a-c477-eb48-6ae9f2c03135" executionId="203691f2-a38a-4167-beeb-1b7e98a81077" testListId="8c84fa94-04c1-424b-9868-57a2d4851a1d" />
    <TestEntry testId="e3f6b41b-723f-fe52-6ef5-10aa6556c371" executionId="a2d803d4-f7f8-44fa-a5f1-291c88db71d3" testListId="8c84fa94-04c1-424b-9868-57a2d4851a1d" />
    <TestEntry testId="fedf1bbb-8fa1-f79c-57f2-a44838558af8" executionId="16687c8b-d4f8-4018-a89d-bcd301c1bb4b" testListId="8c84fa94-04c1-424b-9868-57a2d4851a1d" />
    <TestEntry testId="68d0fb8e-5c5d-d34b-58ab-63b024d75491" executionId="81a688f5-4f3f-4099-89db-6a1005dd39db" testListId="8c84fa94-04c1-424b-9868-57a2d4851a1d" />
    <TestEntry testId="5cecca1b-6cfe-a561-61db-bfb6cc7f6214" executionId="19ff7779-0681-42fa-941e-d8dbcf34aad9" testListId="8c84fa94-04c1-424b-9868-57a2d4851a1d" />
    <TestEntry testId="75ea94fd-3e39-2426-5e3d-01bde1d3cfe1" executionId="dc0fa71d-4c63-4577-840e-79d58a88474d" testListId="8c84fa94-04c1-424b-9868-57a2d4851a1d" />
    <TestEntry testId="e8efddcb-de74-9a15-028e-2928f93e6b81" executionId="4ee19e1a-8afd-4001-a4c7-298042269af2" testListId="8c84fa94-04c1-424b-9868-57a2d4851a1d" />
    <TestEntry testId="286c9298-177b-f65b-c722-ac07a895db6d" executionId="419b84b1-4269-4469-b0cd-04c5dad0d19f" testListId="8c84fa94-04c1-424b-9868-57a2d4851a1d" />
    <TestEntry testId="6820eb44-0158-2a73-f0b8-2a4c254b1834" executionId="db29320b-31fc-4e47-8f2c-7d859ec4ac1e" testListId="8c84fa94-04c1-424b-9868-57a2d4851a1d" />
    <TestEntry testId="63fc2dd7-d482-b316-024a-fe582ae69c29" executionId="dd8730de-8034-4140-be08-5b23d981656c" testListId="8c84fa94-04c1-424b-9868-57a2d4851a1d" />
    <TestEntry testId="1a108419-9c72-94cf-0752-8aadadbe46fc" executionId="13087045-414f-4753-9894-fbea12cda402" testListId="8c84fa94-04c1-424b-9868-57a2d4851a1d" />
    <TestEntry testId="975aab6a-b3f2-b4e7-05ec-c104b83f4704" executionId="1196991b-a70c-4cf7-8e30-2b87bae8f689" testListId="8c84fa94-04c1-424b-9868-57a2d4851a1d" />
    <TestEntry testId="95c28ecf-7977-c561-acf2-769224b0280a" executionId="1c31174b-d5ea-43b5-bef7-e0a4247b6cf9" testListId="8c84fa94-04c1-424b-9868-57a2d4851a1d" />
    <TestEntry testId="c448b744-7bf8-6f0c-d98b-198f6de41865" executionId="b97bc9c6-1922-4256-8a6b-c71e9d9bf25b" testListId="8c84fa94-04c1-424b-9868-57a2d4851a1d" />
    <TestEntry testId="e6cf1529-c6a8-2487-8cef-54044b5c3922" executionId="83454e8e-bf57-4633-9456-b99970119cac" testListId="8c84fa94-04c1-424b-9868-57a2d4851a1d" />
    <TestEntry testId="85515794-859c-c57f-429d-018ca2aa9bac" executionId="40c8c2dd-fa6b-4ea5-9c4c-2812650ee1dc" testListId="8c84fa94-04c1-424b-9868-57a2d4851a1d" />
    <TestEntry testId="1cc92af9-eee7-7653-0e1e-565dd50e3732" executionId="2cd74e28-ffeb-42e4-8ce9-5790b5e06877" testListId="8c84fa94-04c1-424b-9868-57a2d4851a1d" />
    <TestEntry testId="f57ac424-adaf-1808-607f-9395be13912a" executionId="aac66814-cfa1-4be0-9182-ef26c31153c7" testListId="8c84fa94-04c1-424b-9868-57a2d4851a1d" />
    <TestEntry testId="d82a3974-a1b3-5452-a547-6e33ca1a063c" executionId="a9cef716-728a-4347-bd48-b536a0a7c471" testListId="8c84fa94-04c1-424b-9868-57a2d4851a1d" />
    <TestEntry testId="9a0b5fe5-23b6-e1a0-71e7-8e9b88d6007e" executionId="cfb6e616-b2d3-4fd9-b188-d55f040e168d" testListId="8c84fa94-04c1-424b-9868-57a2d4851a1d" />
    <TestEntry testId="79b6f9be-b651-a2de-ef36-a93ea3499229" executionId="9612a238-073e-41f3-b5bf-115fd22e8b5b" testListId="8c84fa94-04c1-424b-9868-57a2d4851a1d" />
    <TestEntry testId="5a28539e-fb57-42a1-3352-aa901506c7b3" executionId="c06f9e99-8567-4e2d-9fc1-904f39ae50d5" testListId="8c84fa94-04c1-424b-9868-57a2d4851a1d" />
    <TestEntry testId="40d1042c-a09f-e848-c8e7-24cb9c43e893" executionId="659043e6-3109-4d34-9685-1d383700b9c2" testListId="8c84fa94-04c1-424b-9868-57a2d4851a1d" />
    <TestEntry testId="1eebbacd-bca6-3a8c-37b6-3e2efdecc729" executionId="4b590e1f-36f4-4e8c-a5a9-fe9580c45c60" testListId="8c84fa94-04c1-424b-9868-57a2d4851a1d" />
    <TestEntry testId="dbbaaed9-00fe-90da-a45f-1adc61af23d2" executionId="df42c21b-3a46-4f09-ac8e-3f9110a136da" testListId="8c84fa94-04c1-424b-9868-57a2d4851a1d" />
    <TestEntry testId="60e80210-144f-ae89-bdae-f71c9f8b8814" executionId="5e016c12-6842-4b94-9f8e-ea95f50c3d28" testListId="8c84fa94-04c1-424b-9868-57a2d4851a1d" />
    <TestEntry testId="87a406ec-4133-87bc-5a61-b337c8334484" executionId="afcd7871-2313-4502-ab64-47b59524eec4" testListId="8c84fa94-04c1-424b-9868-57a2d4851a1d" />
    <TestEntry testId="ddf3d0a6-dd5f-db17-7a45-bf3b28b38312" executionId="e7ff79fb-b9bf-43d1-8c82-2a6cddff5fea" testListId="8c84fa94-04c1-424b-9868-57a2d4851a1d" />
    <TestEntry testId="43806d68-607b-69b7-029c-895db69c2a44" executionId="a71616af-0911-4b4e-986c-bc318dfc672e" testListId="8c84fa94-04c1-424b-9868-57a2d4851a1d" />
    <TestEntry testId="381c192a-1ef4-4379-d001-223053ee8288" executionId="a205a58b-bb23-4df8-86d2-1f96dfceeb7c" testListId="8c84fa94-04c1-424b-9868-57a2d4851a1d" />
    <TestEntry testId="f12ce410-d0e4-8074-07d4-91d1e0fbf2c9" executionId="e2e19b06-2d02-49ce-8ff4-351009ea533d" testListId="8c84fa94-04c1-424b-9868-57a2d4851a1d" />
    <TestEntry testId="3d064911-8ce4-9ebd-478b-8d7a42aeaa1a" executionId="689d1022-ae0a-49c4-a88a-6b1ace4e8194" testListId="8c84fa94-04c1-424b-9868-57a2d4851a1d" />
    <TestEntry testId="336f215a-f7e1-0f44-750d-f4db67f466ef" executionId="777229af-ef4d-45c8-93aa-0e00c4bb537d" testListId="8c84fa94-04c1-424b-9868-57a2d4851a1d" />
    <TestEntry testId="aa0012e4-46c1-7e97-6638-62c0f32453e9" executionId="2aa0f014-2362-473c-9cf2-d89e68daccc4" testListId="8c84fa94-04c1-424b-9868-57a2d4851a1d" />
    <TestEntry testId="36d6f59a-7f94-a600-a190-5fd3ba4b33a1" executionId="01891f59-c588-490a-b4e4-7ecc341d1fa5" testListId="8c84fa94-04c1-424b-9868-57a2d4851a1d" />
    <TestEntry testId="b980310c-3eed-ecf0-a5ec-9237fd7abcff" executionId="047cf3b1-b37b-4c6a-9176-571610d3fab6" testListId="8c84fa94-04c1-424b-9868-57a2d4851a1d" />
    <TestEntry testId="f4e3ebab-7e4a-0cd1-86fc-a3d86a2407e3" executionId="1dcbd3ce-3e5c-47fd-b250-6882e1e20c3e" testListId="8c84fa94-04c1-424b-9868-57a2d4851a1d" />
    <TestEntry testId="46c0f747-e309-a9f8-b426-f3a7bd05a508" executionId="9ed4b9d0-e6bf-4cc7-bc0e-f6221f087ff6" testListId="8c84fa94-04c1-424b-9868-57a2d4851a1d" />
    <TestEntry testId="a6604334-c3da-4032-2d4c-e714d71d6226" executionId="62660824-c174-4188-9d15-b74370b24bdf" testListId="8c84fa94-04c1-424b-9868-57a2d4851a1d" />
    <TestEntry testId="dcac7d6c-cddc-07ec-ade2-6b37b9b8f7b2" executionId="7362616d-d515-4028-b308-875a83119b0b" testListId="8c84fa94-04c1-424b-9868-57a2d4851a1d" />
    <TestEntry testId="73850f0f-af34-f1c4-850f-dbfe7dcd52a0" executionId="fbd3ac20-0e12-4e60-af79-2f03c45366db" testListId="8c84fa94-04c1-424b-9868-57a2d4851a1d" />
    <TestEntry testId="19c8ef68-77a7-4e1b-7e89-0933712f66d1" executionId="b5b8f0e0-6f45-4c65-9c7b-160a185b8a49" testListId="8c84fa94-04c1-424b-9868-57a2d4851a1d" />
    <TestEntry testId="84ad1089-0415-9b9d-3949-c442ce279fcc" executionId="19a3988f-8320-4b9c-a2f5-b9e5b345e41f" testListId="8c84fa94-04c1-424b-9868-57a2d4851a1d" />
    <TestEntry testId="442735ff-489f-a552-413b-c62743e9c691" executionId="0b26abde-5647-415d-a8ab-9b47e40fe0e6" testListId="8c84fa94-04c1-424b-9868-57a2d4851a1d" />
    <TestEntry testId="bfaa7edb-4a04-4e67-1fba-886c635c7198" executionId="b214d2ea-f854-4a14-94fd-65d86e22bb3e" testListId="8c84fa94-04c1-424b-9868-57a2d4851a1d" />
    <TestEntry testId="9b5f94d3-9969-9523-e0dc-822954cce198" executionId="9f0ae3ec-0efb-47ea-af06-04e3d338a2ee" testListId="8c84fa94-04c1-424b-9868-57a2d4851a1d" />
    <TestEntry testId="eb5808bc-5dfb-a596-3540-5193459cee4f" executionId="cb15f872-244a-4f8e-af92-d0fc4a0c599b" testListId="8c84fa94-04c1-424b-9868-57a2d4851a1d" />
    <TestEntry testId="2be290df-7d92-5723-935e-13156fa041e9" executionId="628ce57c-225b-499e-80ee-f3fc5041d70c" testListId="8c84fa94-04c1-424b-9868-57a2d4851a1d" />
    <TestEntry testId="666c8d10-fb2c-8e9c-b885-d283f7f7989e" executionId="6e74d6f9-fc1d-4111-98cb-b79ae98d38da" testListId="8c84fa94-04c1-424b-9868-57a2d4851a1d" />
    <TestEntry testId="bf4fa718-a0dc-a376-320f-64846e767fdc" executionId="b71aa53e-75c1-4b97-831e-88efa35bc4b9" testListId="8c84fa94-04c1-424b-9868-57a2d4851a1d" />
    <TestEntry testId="8c08e05c-b568-5eb3-8d0d-27975d397072" executionId="47a8b254-7c2c-4849-bd42-60d1a18cd8f3" testListId="8c84fa94-04c1-424b-9868-57a2d4851a1d" />
    <TestEntry testId="399178cf-d06f-bce1-4bab-8ac5289277a4" executionId="fcca5960-e7d7-4408-a6d9-e4bae74b8789" testListId="8c84fa94-04c1-424b-9868-57a2d4851a1d" />
    <TestEntry testId="61a0d16b-51d0-5d10-c277-49bd978ee4cb" executionId="e93cb2d5-127c-4589-9176-ac6826972508" testListId="8c84fa94-04c1-424b-9868-57a2d4851a1d" />
    <TestEntry testId="ce965a78-835a-15f8-3288-e78e41f0291b" executionId="6dd97a2c-1d99-4545-b741-970f7e59a5fb" testListId="8c84fa94-04c1-424b-9868-57a2d4851a1d" />
    <TestEntry testId="850718e8-8e6e-2fc0-30e9-cce89aa9345e" executionId="14be8e5e-2223-4563-ae8f-d5e15e07bb9f" testListId="8c84fa94-04c1-424b-9868-57a2d4851a1d" />
    <TestEntry testId="223cb3ce-7b5f-60b3-9f52-4233503bc6f7" executionId="4ae9d9f5-47b4-4e59-9364-0e5908aaa04e" testListId="8c84fa94-04c1-424b-9868-57a2d4851a1d" />
    <TestEntry testId="259590b0-282e-1979-8334-224eab396dc0" executionId="2bdc959c-e2c4-4e8a-9a29-11d779c21696" testListId="8c84fa94-04c1-424b-9868-57a2d4851a1d" />
    <TestEntry testId="d341eb56-4b23-b767-48eb-8a58e9956c80" executionId="bd3ed0c7-0b15-4d31-9ae7-a4b38e084523" testListId="8c84fa94-04c1-424b-9868-57a2d4851a1d" />
    <TestEntry testId="c91db1aa-50a3-2233-826f-30e095a5542d" executionId="454fe9e6-f50c-4090-97c3-f6a44009c58d" testListId="8c84fa94-04c1-424b-9868-57a2d4851a1d" />
    <TestEntry testId="8494c4fc-6e14-a22b-6d09-e420845ec6ec" executionId="1afd5796-284b-4acd-8a9e-c29394a2f5f3" testListId="8c84fa94-04c1-424b-9868-57a2d4851a1d" />
    <TestEntry testId="b1b0eee3-3048-4930-3256-de423350cc60" executionId="e6f7c841-fe00-4dee-ae73-a74609c737c1" testListId="8c84fa94-04c1-424b-9868-57a2d4851a1d" />
    <TestEntry testId="d710050f-ea9d-4918-b90b-64d0c581aaa0" executionId="ed315575-17f9-4cba-ba96-6013e71e28ac" testListId="8c84fa94-04c1-424b-9868-57a2d4851a1d" />
    <TestEntry testId="1521db92-d0ad-eb1f-ad0c-05a73782449b" executionId="b3d59c1e-45c6-49ca-a5db-5d6d7b1140e6" testListId="8c84fa94-04c1-424b-9868-57a2d4851a1d" />
    <TestEntry testId="a1a9272a-f5a6-a0e8-35cb-eb9bf62ba30a" executionId="b9109d6f-98c5-40f4-8162-27d169cac67f" testListId="8c84fa94-04c1-424b-9868-57a2d4851a1d" />
    <TestEntry testId="4292005f-9ae4-ccb0-3890-e2e0f4d774db" executionId="ab77a2c7-d8d8-4c73-8673-37d1af88b36e" testListId="8c84fa94-04c1-424b-9868-57a2d4851a1d" />
    <TestEntry testId="88584719-7016-3e9e-c1c5-28b497cc6d24" executionId="62bb1cf9-da0b-49a8-b8a9-380fed06848b" testListId="8c84fa94-04c1-424b-9868-57a2d4851a1d" />
    <TestEntry testId="315f9f31-d5ab-2f60-3960-b77fea62cd66" executionId="b1790d75-8700-4407-bb72-6a00f5d20336" testListId="8c84fa94-04c1-424b-9868-57a2d4851a1d" />
    <TestEntry testId="e96d95ec-e2b3-da59-f0c7-6fd76fc38633" executionId="16039efc-585a-4b18-8097-1a9d97c6972b" testListId="8c84fa94-04c1-424b-9868-57a2d4851a1d" />
    <TestEntry testId="070234ad-41f6-8b87-8d36-d61d76f8b990" executionId="5c634e8f-7db9-4feb-b33d-fc68b05b98ec" testListId="8c84fa94-04c1-424b-9868-57a2d4851a1d" />
    <TestEntry testId="f55a233a-e14b-4380-52ae-c7ccd5e5efd5" executionId="7a177be1-09ab-49ec-94ae-e36e270eda3c" testListId="8c84fa94-04c1-424b-9868-57a2d4851a1d" />
    <TestEntry testId="f45b0123-a5dd-fb53-d0d1-cdea3d2f2a2b" executionId="de598a8a-17a5-4e2b-9444-979bce1f9d6c" testListId="8c84fa94-04c1-424b-9868-57a2d4851a1d" />
    <TestEntry testId="135d5dcd-04ba-8363-5279-dda084b41d20" executionId="c219b667-c43f-4dde-92eb-b4d44a7b53db" testListId="8c84fa94-04c1-424b-9868-57a2d4851a1d" />
    <TestEntry testId="465ab36c-5b4a-6a04-9a83-83cbcfe4d8c7" executionId="9be8dab5-1ef4-4c7b-842d-300e00d6fb0e" testListId="8c84fa94-04c1-424b-9868-57a2d4851a1d" />
    <TestEntry testId="9e58d1b2-456d-53b1-789d-a8a13edb1755" executionId="d1cf4008-c025-470f-924d-665ce8713bf3" testListId="8c84fa94-04c1-424b-9868-57a2d4851a1d" />
    <TestEntry testId="c5a88dd3-53bc-ae28-974e-1eee3b032844" executionId="43364ad8-cdd0-4d92-86e0-5f237b530c0c" testListId="8c84fa94-04c1-424b-9868-57a2d4851a1d" />
    <TestEntry testId="dd8aa756-842c-7b71-9947-6517e2bbacdf" executionId="fb74f23d-be15-4de3-9efe-d4503f59353c" testListId="8c84fa94-04c1-424b-9868-57a2d4851a1d" />
    <TestEntry testId="756b8d5a-da58-e698-7688-1e61968366ee" executionId="7ce1ad4b-ae2a-4226-859a-be19530f508e" testListId="8c84fa94-04c1-424b-9868-57a2d4851a1d" />
    <TestEntry testId="8f7b5522-b0fe-db54-4f78-7c3f55c90f68" executionId="e33daeec-5bac-4f17-a10f-ee3b77019c95" testListId="8c84fa94-04c1-424b-9868-57a2d4851a1d" />
    <TestEntry testId="75ae619b-afeb-b804-17e6-a8aa7acd150f" executionId="c9fbc8bd-724d-4fe1-9b18-bc0a207b8085" testListId="8c84fa94-04c1-424b-9868-57a2d4851a1d" />
    <TestEntry testId="a09c5978-8741-f6db-4239-b7eb39a05af2" executionId="20058274-605b-4cd0-b196-45a66dd31434" testListId="8c84fa94-04c1-424b-9868-57a2d4851a1d" />
    <TestEntry testId="045aaeef-a9ff-bfd0-1ea0-c0aed08490bb" executionId="01845b11-f0dd-4233-b9bb-2547fc79bdf7" testListId="8c84fa94-04c1-424b-9868-57a2d4851a1d" />
    <TestEntry testId="f340e295-f389-f4e4-e569-601715b5e578" executionId="a4a8753b-8c41-4df3-b27c-e515b3525e2e" testListId="8c84fa94-04c1-424b-9868-57a2d4851a1d" />
    <TestEntry testId="bde8deb8-2638-4788-e366-7bcab5567e69" executionId="d39b1c0a-21ab-481f-974b-63f74ad11c01" testListId="8c84fa94-04c1-424b-9868-57a2d4851a1d" />
    <TestEntry testId="a73c3e41-b3cb-b229-f869-b2a02776ca71" executionId="5c12730d-39d4-4b5f-9f34-59848882f8ba" testListId="8c84fa94-04c1-424b-9868-57a2d4851a1d" />
    <TestEntry testId="188955b5-e156-d5fd-ccf1-ce70498d9a21" executionId="7e2567cb-d2cd-4f3a-91f6-5e5b83bcced1" testListId="8c84fa94-04c1-424b-9868-57a2d4851a1d" />
    <TestEntry testId="799d4d94-b35a-dbf7-0a8c-2634f7daa23e" executionId="197e5904-35ea-4be9-a9a0-1c34d6842274" testListId="8c84fa94-04c1-424b-9868-57a2d4851a1d" />
    <TestEntry testId="f09d85d7-8ab6-0829-1e07-986b9eae07b3" executionId="83fcf984-cf99-4f54-a9a7-02dad8a0fc7f" testListId="8c84fa94-04c1-424b-9868-57a2d4851a1d" />
    <TestEntry testId="f5c24419-7fc0-3865-4c1e-06a9bd125abe" executionId="b97b67e0-9a4d-4ab2-824d-52559799fdcf" testListId="8c84fa94-04c1-424b-9868-57a2d4851a1d" />
    <TestEntry testId="3d064911-8ce4-9ebd-478b-8d7a42aeaa1a" executionId="76ef0c70-da4c-413e-84c3-a635bc75ee76" testListId="8c84fa94-04c1-424b-9868-57a2d4851a1d" />
    <TestEntry testId="c2437baf-f3e4-8bba-bd7e-3accf8f67075" executionId="c8958a68-872a-4457-92c4-11e9494d6c25" testListId="8c84fa94-04c1-424b-9868-57a2d4851a1d" />
    <TestEntry testId="4ca5403c-76a5-dae0-7b67-c6e13af21774" executionId="0a085c71-fdf4-407e-b0e3-b54e83983ed7" testListId="8c84fa94-04c1-424b-9868-57a2d4851a1d" />
    <TestEntry testId="0e6db308-be33-8ba9-e75a-890081430aca" executionId="4625ea54-e6de-4224-bed2-e7c968b6e62e" testListId="8c84fa94-04c1-424b-9868-57a2d4851a1d" />
    <TestEntry testId="1c75349a-57cf-06ee-2a40-f8f9fb0c9b51" executionId="e58e534f-2280-40d9-8c68-a08556bec62a" testListId="8c84fa94-04c1-424b-9868-57a2d4851a1d" />
    <TestEntry testId="e3f6b41b-723f-fe52-6ef5-10aa6556c371" executionId="9bff4734-7d89-48c9-aeb7-353bdb21d4d0" testListId="8c84fa94-04c1-424b-9868-57a2d4851a1d" />
    <TestEntry testId="7cff3d0d-af1d-f407-3d06-8761f43e6d14" executionId="1899cbbc-1567-45e7-82f4-dec1c9fe1c18" testListId="8c84fa94-04c1-424b-9868-57a2d4851a1d" />
    <TestEntry testId="67d6cfcc-44ba-3a46-cee0-08f5b7b9500d" executionId="93f4b997-3717-4375-ad81-d9fbaab94194" testListId="8c84fa94-04c1-424b-9868-57a2d4851a1d" />
    <TestEntry testId="497952da-8550-fce8-7520-c78629959b53" executionId="82db3480-b9c0-4869-b3c4-46f77a4b63f4" testListId="8c84fa94-04c1-424b-9868-57a2d4851a1d" />
    <TestEntry testId="ddf1e243-012a-ed03-8059-39559923d5c3" executionId="5234e438-1cee-4dbf-a8de-8e670138a0b9" testListId="8c84fa94-04c1-424b-9868-57a2d4851a1d" />
    <TestEntry testId="a496a37b-8ec8-167e-6807-16ba86423d4c" executionId="f43a4cf1-df8d-4876-a3bd-d56a8935cd32" testListId="8c84fa94-04c1-424b-9868-57a2d4851a1d" />
    <TestEntry testId="b2903119-1d6e-0bc6-5662-cedf6f3c55e9" executionId="307c8c61-0cc9-49a7-94b7-3d25eda289aa" testListId="8c84fa94-04c1-424b-9868-57a2d4851a1d" />
    <TestEntry testId="abcce51a-46cc-2334-1c79-335e656d6908" executionId="356f5cba-bd0e-4d25-aef1-0b3ef4862438" testListId="8c84fa94-04c1-424b-9868-57a2d4851a1d" />
    <TestEntry testId="1f242f8f-75c5-9055-debb-fe84e1ee32f9" executionId="eed2b160-ffd1-417b-8bd3-c33b4f2a2447" testListId="8c84fa94-04c1-424b-9868-57a2d4851a1d" />
    <TestEntry testId="e7a2272b-a298-7d90-48b8-d8225bf3cf86" executionId="6b480c5b-5b33-460d-b5a4-77d72220adf5" testListId="8c84fa94-04c1-424b-9868-57a2d4851a1d" />
    <TestEntry testId="8495279f-b1c7-629f-981e-a834421eed6f" executionId="1139124f-19f8-4bff-8a9b-042dfa1066bb" testListId="8c84fa94-04c1-424b-9868-57a2d4851a1d" />
    <TestEntry testId="9b12f8a1-22cd-2d0a-2975-6602c64df5fd" executionId="9e9ee949-f410-4208-85a1-b710a3e1d9cb" testListId="8c84fa94-04c1-424b-9868-57a2d4851a1d" />
    <TestEntry testId="db34eeaa-efd9-a237-f672-4430f6523b37" executionId="e41e73b0-5f32-45ff-b370-be73d70911f0" testListId="8c84fa94-04c1-424b-9868-57a2d4851a1d" />
    <TestEntry testId="f3e6285d-8759-0c1f-5ba3-a84991fcb85d" executionId="13ea4ec8-8609-4e19-97bc-570d44fe224b" testListId="8c84fa94-04c1-424b-9868-57a2d4851a1d" />
    <TestEntry testId="3e1d6d5b-757a-b997-7bb3-f7a179b9268f" executionId="8f6f9ce1-4745-481e-b323-f945d5998472" testListId="8c84fa94-04c1-424b-9868-57a2d4851a1d" />
    <TestEntry testId="19c28362-a18b-6f39-d6be-858ea76684d8" executionId="72434a91-51aa-4bf8-aa8e-9bfda4f5ab07" testListId="8c84fa94-04c1-424b-9868-57a2d4851a1d" />
    <TestEntry testId="c35a53b8-76e4-8431-244b-1eed358ae68f" executionId="c4c3fc05-c973-4e19-8451-bcb5fdb72a1f" testListId="8c84fa94-04c1-424b-9868-57a2d4851a1d" />
    <TestEntry testId="941cdf7d-b868-4a18-3e98-79f786b3a216" executionId="370f0489-9e8d-4e8d-8410-2a62d3332702" testListId="8c84fa94-04c1-424b-9868-57a2d4851a1d" />
    <TestEntry testId="b4007647-38ed-a41c-6e85-a9dbf46fa5bf" executionId="b01688bd-d75d-4df7-a299-7c4bbb6970c8" testListId="8c84fa94-04c1-424b-9868-57a2d4851a1d" />
    <TestEntry testId="99b67a54-d7db-1b12-07ea-4b73cefe84fb" executionId="579cbf4e-4389-459b-b5be-f6532a85d5d8" testListId="8c84fa94-04c1-424b-9868-57a2d4851a1d" />
    <TestEntry testId="7279241d-1c25-8c46-c59a-9ee52d0c2a87" executionId="e3b17c4b-eafb-458f-9762-08503799167b" testListId="8c84fa94-04c1-424b-9868-57a2d4851a1d" />
    <TestEntry testId="98cba7ef-cae3-92dd-b1d6-f5f810e86693" executionId="c317dc20-23c6-44aa-999f-1e1051c6b86f" testListId="8c84fa94-04c1-424b-9868-57a2d4851a1d" />
    <TestEntry testId="cfeeaaa1-a853-5f42-38dd-9d668c2073fd" executionId="21674e14-a34f-4e67-b534-97c6ebf2ea85" testListId="8c84fa94-04c1-424b-9868-57a2d4851a1d" />
    <TestEntry testId="9ffaa909-2abe-cf56-ae26-3a90963ad86f" executionId="30465795-ee41-4ec8-87f2-a3b042fe5e0f" testListId="8c84fa94-04c1-424b-9868-57a2d4851a1d" />
    <TestEntry testId="73312193-5ef0-356b-d1c9-219a4aa3befc" executionId="9312a13b-4940-4338-9fb1-62f88a1026bc" testListId="8c84fa94-04c1-424b-9868-57a2d4851a1d" />
    <TestEntry testId="de16f766-4813-7ad7-f97f-f45939abd6f4" executionId="649370ca-8484-4c58-a2dc-a556d4af6266" testListId="8c84fa94-04c1-424b-9868-57a2d4851a1d" />
    <TestEntry testId="b78e746e-68bb-7db4-f36c-e2f1170e65ff" executionId="51a3467c-c916-4633-8e31-a3ab245b7274" testListId="8c84fa94-04c1-424b-9868-57a2d4851a1d" />
    <TestEntry testId="9ed36475-70ea-d935-981c-3ee0399bdd52" executionId="1d7f9629-2428-41a0-a9cb-9fffb7e5c911" testListId="8c84fa94-04c1-424b-9868-57a2d4851a1d" />
    <TestEntry testId="25b46b14-6c10-f5c8-10e3-0f04dd23955e" executionId="9e9de7e6-016e-4c59-9c19-4642171a9231" testListId="8c84fa94-04c1-424b-9868-57a2d4851a1d" />
    <TestEntry testId="65daf17b-6734-2887-3b9a-92e68be3eecc" executionId="4e7f4981-b1c0-4cde-83f9-0b1fe4775434" testListId="8c84fa94-04c1-424b-9868-57a2d4851a1d" />
    <TestEntry testId="2654aba6-2f33-6b4b-7f64-3307a5068802" executionId="979c1779-e4ee-450b-a023-653d222b62f5" testListId="8c84fa94-04c1-424b-9868-57a2d4851a1d" />
    <TestEntry testId="0b777eee-ee01-cd28-6e26-18a5f04014f3" executionId="925366dd-284a-47b2-964e-b605b33aa6c0" testListId="8c84fa94-04c1-424b-9868-57a2d4851a1d" />
    <TestEntry testId="38edb700-70aa-aa33-0bc7-b5b75e3d9a26" executionId="6379154e-3ed1-49ad-9c49-26d2cf2e85a7" testListId="8c84fa94-04c1-424b-9868-57a2d4851a1d" />
    <TestEntry testId="842ea89f-d86d-2b60-9c71-dee6ace08cf1" executionId="2a881410-58d4-4883-88bb-2096b2b92ba1" testListId="8c84fa94-04c1-424b-9868-57a2d4851a1d" />
    <TestEntry testId="2959eeda-a4b5-3546-ecb7-e96124d728c7" executionId="91f22c0f-617a-457c-8c9b-1ad9553ba262" testListId="8c84fa94-04c1-424b-9868-57a2d4851a1d" />
    <TestEntry testId="4c9c5c23-67cc-c7e8-91bd-12f4d818dce5" executionId="6f89ee8e-530a-4958-bacd-86d8427bb755" testListId="8c84fa94-04c1-424b-9868-57a2d4851a1d" />
    <TestEntry testId="7bcb0848-d16e-3c13-2eb4-0d2bdba39c0b" executionId="7b93ed9c-40f1-40a0-86be-5f5ed3afb566" testListId="8c84fa94-04c1-424b-9868-57a2d4851a1d" />
    <TestEntry testId="629e162f-e077-a600-505b-d11b0f7fdb6e" executionId="3a3aa2b3-7673-4d24-b1ff-90ee0377a6a1" testListId="8c84fa94-04c1-424b-9868-57a2d4851a1d" />
    <TestEntry testId="cfbe27e3-5b55-241c-69bf-49bc822676ba" executionId="6e02651a-1e47-4583-98ca-b888f28fc120" testListId="8c84fa94-04c1-424b-9868-57a2d4851a1d" />
    <TestEntry testId="4eacd397-5546-4e42-e68f-700bea3cfca6" executionId="f3410ea3-dfcf-49f5-b6e8-053e3dbddfc7" testListId="8c84fa94-04c1-424b-9868-57a2d4851a1d" />
    <TestEntry testId="75ea94fd-3e39-2426-5e3d-01bde1d3cfe1" executionId="ba94eb6c-bea1-4a9d-a7ae-4828db7d46be" testListId="8c84fa94-04c1-424b-9868-57a2d4851a1d" />
    <TestEntry testId="6a9d48da-ce15-7c73-da5e-020c6bba6713" executionId="18285fa9-e290-4dd9-8f5c-df05e3275b34" testListId="8c84fa94-04c1-424b-9868-57a2d4851a1d" />
    <TestEntry testId="e40e07d2-876d-1f57-b753-1a1606f1526f" executionId="fb7ef217-8cfc-4594-b2c3-f49fb95df18b" testListId="8c84fa94-04c1-424b-9868-57a2d4851a1d" />
    <TestEntry testId="f0201c7a-8e53-0c7d-ef99-05c2124efd39" executionId="a7b6e836-4111-459e-983f-65405f171eaf" testListId="8c84fa94-04c1-424b-9868-57a2d4851a1d" />
    <TestEntry testId="e3f6b41b-723f-fe52-6ef5-10aa6556c371" executionId="18d8a379-7fe1-415a-9ae6-caded627fcfc" testListId="8c84fa94-04c1-424b-9868-57a2d4851a1d" />
    <TestEntry testId="5ae84a76-0bf4-ee4a-d840-32550ac069fc" executionId="2adbc853-0671-416f-8b69-985f5298eeac" testListId="8c84fa94-04c1-424b-9868-57a2d4851a1d" />
    <TestEntry testId="0d27c752-5f60-4ffa-96f4-4ef752e89e1c" executionId="de9e24a9-4683-410a-9aed-f33ec5c3a8e6" testListId="8c84fa94-04c1-424b-9868-57a2d4851a1d" />
    <TestEntry testId="e311daf6-420e-d072-6122-320316529cb7" executionId="9b2b55d7-0597-460f-beca-98f860c54d48" testListId="8c84fa94-04c1-424b-9868-57a2d4851a1d" />
    <TestEntry testId="9485847a-d0cf-d910-52fd-1dc7d46c0bab" executionId="080ab43a-0a31-46b2-b689-442bf7338bd0" testListId="8c84fa94-04c1-424b-9868-57a2d4851a1d" />
    <TestEntry testId="f6a95ba9-ac49-2e23-29ac-ce6ba5255c74" executionId="d47407dc-afa9-41d9-81ae-4e559c7740c2" testListId="8c84fa94-04c1-424b-9868-57a2d4851a1d" />
    <TestEntry testId="a965f6f8-e0e8-6318-0a00-0dae62d3e6f2" executionId="02debfef-3539-420e-ad4d-adbe179b127c" testListId="8c84fa94-04c1-424b-9868-57a2d4851a1d" />
    <TestEntry testId="8c32a78b-8884-f0f7-4dc4-773316383b83" executionId="08dd0f4c-815f-45cb-94be-c1592815af00" testListId="8c84fa94-04c1-424b-9868-57a2d4851a1d" />
    <TestEntry testId="3744940e-3188-aa6a-84e8-d2ad78706d07" executionId="a5ad7f63-036e-49b2-b16e-ed039d3e6653" testListId="8c84fa94-04c1-424b-9868-57a2d4851a1d" />
    <TestEntry testId="6caccceb-65ae-74b9-773b-72dd04db8e11" executionId="1f8fa20d-ccc5-4acc-9caf-de628a0b3762" testListId="8c84fa94-04c1-424b-9868-57a2d4851a1d" />
    <TestEntry testId="db6e13b3-cc8e-0a45-bc7c-133f013949b4" executionId="a2cdef9f-2b4d-4454-9478-61388a9de0db" testListId="8c84fa94-04c1-424b-9868-57a2d4851a1d" />
    <TestEntry testId="8cb4157a-a4c7-8622-53f1-e454664ebcf3" executionId="407c05cf-1b4c-4263-adf5-34ab465fba74" testListId="8c84fa94-04c1-424b-9868-57a2d4851a1d" />
    <TestEntry testId="666933bf-ca6e-ed0a-22c8-e8c76fc314a6" executionId="865835d2-5056-4b3e-acf2-5a046e5eebe1" testListId="8c84fa94-04c1-424b-9868-57a2d4851a1d" />
    <TestEntry testId="63b96ad9-1a5d-1e15-66e8-6bae36a632f6" executionId="dd23aef1-c061-465d-bc83-00edd2360a3d" testListId="8c84fa94-04c1-424b-9868-57a2d4851a1d" />
    <TestEntry testId="633faebd-f1aa-b19f-4840-fe1f8cb24aaa" executionId="56075c28-199c-494f-ba15-1d37dd3bd025" testListId="8c84fa94-04c1-424b-9868-57a2d4851a1d" />
    <TestEntry testId="5f529286-f45e-6113-43c7-30ad853edeb4" executionId="67086daa-e420-4462-bafe-5b015982f122" testListId="8c84fa94-04c1-424b-9868-57a2d4851a1d" />
    <TestEntry testId="ce3202ff-b814-8931-693c-9cdadf50e8a5" executionId="caff1ecd-0903-4416-bb0f-c8af4d82aeff" testListId="8c84fa94-04c1-424b-9868-57a2d4851a1d" />
    <TestEntry testId="1d4780a7-4d27-ef6c-25c5-cce5511c2a1c" executionId="3b77f6b5-c8ab-40a4-a739-701edc192f11" testListId="8c84fa94-04c1-424b-9868-57a2d4851a1d" />
    <TestEntry testId="6b5ff9cc-ee85-4ae8-2c38-ea30386d4d31" executionId="3ae6d175-cf26-4399-adcd-806b019a5a5e" testListId="8c84fa94-04c1-424b-9868-57a2d4851a1d" />
    <TestEntry testId="d82a3974-a1b3-5452-a547-6e33ca1a063c" executionId="158daa01-f49b-40f6-a2a5-7fde97571e2c" testListId="8c84fa94-04c1-424b-9868-57a2d4851a1d" />
    <TestEntry testId="fb51798c-b608-b315-9be5-4e9843174a03" executionId="9a5624d9-fa32-4604-8af0-78ffdf79b9bb" testListId="8c84fa94-04c1-424b-9868-57a2d4851a1d" />
    <TestEntry testId="e78dd496-39e7-6487-beae-ab1e68e8a32e" executionId="9f34d7e4-3b0c-4272-9f73-99174a921239" testListId="8c84fa94-04c1-424b-9868-57a2d4851a1d" />
    <TestEntry testId="e87a7c46-fccf-b207-c830-82e843042fb3" executionId="10caeed6-267c-433b-ab7b-aed78455e26a" testListId="8c84fa94-04c1-424b-9868-57a2d4851a1d" />
    <TestEntry testId="e5ea073a-1304-13ec-948e-c8c80cc58fda" executionId="78bf53ec-533a-4951-a983-d62fec372a6d" testListId="8c84fa94-04c1-424b-9868-57a2d4851a1d" />
    <TestEntry testId="5204db14-5078-94d9-d965-2ae6957489a4" executionId="73c4b059-c1aa-402e-9577-e675e0ad55df" testListId="8c84fa94-04c1-424b-9868-57a2d4851a1d" />
    <TestEntry testId="bffb1606-622b-75c0-1073-31fd498473a7" executionId="4a2dee97-60e5-4b6b-9068-3dc6726b4122" testListId="8c84fa94-04c1-424b-9868-57a2d4851a1d" />
    <TestEntry testId="204645f2-5333-c0d4-de67-a29e91bf63f0" executionId="8214106c-032c-405b-929a-157da8901ff7" testListId="8c84fa94-04c1-424b-9868-57a2d4851a1d" />
    <TestEntry testId="811a06d5-2f4e-bebd-c789-674c382a7929" executionId="18f79440-f5ff-4e04-858d-37d958bede9a" testListId="8c84fa94-04c1-424b-9868-57a2d4851a1d" />
    <TestEntry testId="1a77ee52-5ac1-842f-3a78-c59f71df5654" executionId="f655203f-48cf-430d-bb91-bb12ebcb3b40" testListId="8c84fa94-04c1-424b-9868-57a2d4851a1d" />
    <TestEntry testId="9ed36475-70ea-d935-981c-3ee0399bdd52" executionId="0f1cc53e-7939-48b8-b8f0-af0bf8b3e5ae" testListId="8c84fa94-04c1-424b-9868-57a2d4851a1d" />
    <TestEntry testId="3b4a943d-7746-2ac4-aa4d-084a76bc5ce0" executionId="6d5cf161-4c04-4cbd-80fd-af126cffd804" testListId="8c84fa94-04c1-424b-9868-57a2d4851a1d" />
    <TestEntry testId="12e154b4-112d-c5f4-0a6f-42e08eacf8bc" executionId="f475eafb-f3aa-49ad-ba7d-1e882ce28cf6" testListId="8c84fa94-04c1-424b-9868-57a2d4851a1d" />
    <TestEntry testId="883e5672-51ed-46eb-1c03-d79c19b513da" executionId="903fd795-5a0e-4557-81f5-fbc83b67e8b4" testListId="8c84fa94-04c1-424b-9868-57a2d4851a1d" />
    <TestEntry testId="afbf2c35-f138-2b90-9822-0427b75e7c54" executionId="28ec54ca-5b86-49fc-9efa-fd990f4fbbc1" testListId="8c84fa94-04c1-424b-9868-57a2d4851a1d" />
    <TestEntry testId="75ea94fd-3e39-2426-5e3d-01bde1d3cfe1" executionId="6d503852-6068-458a-8ea2-ac20c89c0beb" testListId="8c84fa94-04c1-424b-9868-57a2d4851a1d" />
    <TestEntry testId="3be952dc-5bb9-c92a-b566-50329caa9747" executionId="d2ed9046-8142-4339-84c7-523dfbf70562" testListId="8c84fa94-04c1-424b-9868-57a2d4851a1d" />
    <TestEntry testId="b609376b-7120-8e6a-b5d2-5cbe021250c9" executionId="af3494bb-86f3-4fae-b0fa-567118d27008" testListId="8c84fa94-04c1-424b-9868-57a2d4851a1d" />
    <TestEntry testId="51cb5a3a-59ce-98a7-b4b7-3fe113e0d820" executionId="e2f1bea6-ab59-483c-aab8-b2157f1ed7b0" testListId="8c84fa94-04c1-424b-9868-57a2d4851a1d" />
    <TestEntry testId="3d1620ff-198d-50c6-b337-596fac219ddf" executionId="bed6ee38-8c5f-4f6d-b084-d0882afddc9e" testListId="8c84fa94-04c1-424b-9868-57a2d4851a1d" />
    <TestEntry testId="b030cc08-927e-166a-c61c-0f77792a9336" executionId="f4908036-8ee8-4240-b52a-3bf42bd095ad" testListId="8c84fa94-04c1-424b-9868-57a2d4851a1d" />
    <TestEntry testId="eafb9ace-ebaf-e012-dda0-09b129d22a17" executionId="b5b57a95-5153-4e32-ad90-9c27c0a34a9e" testListId="8c84fa94-04c1-424b-9868-57a2d4851a1d" />
    <TestEntry testId="9d18eb91-be6b-90e4-b7cf-8f9741658eb3" executionId="d53bcadb-df17-4aee-86a9-9a1c2f10a4e5" testListId="8c84fa94-04c1-424b-9868-57a2d4851a1d" />
    <TestEntry testId="17f7a6e9-436b-3c1f-3570-46d2473a1137" executionId="dc1dde82-b347-4eca-84f6-537e545c3faf" testListId="8c84fa94-04c1-424b-9868-57a2d4851a1d" />
    <TestEntry testId="871b8fc7-75d8-bc2f-ecf5-0d8ddc50c53b" executionId="c5b3f192-105f-4cd4-b262-7d9334b9c436" testListId="8c84fa94-04c1-424b-9868-57a2d4851a1d" />
    <TestEntry testId="82207889-87a9-6e80-2186-6759c95c8d6f" executionId="f3e429e4-6b45-4b91-9dd8-0e91800c9d90" testListId="8c84fa94-04c1-424b-9868-57a2d4851a1d" />
    <TestEntry testId="2c34bca7-1fd3-05d4-21d5-d87dea8dd68d" executionId="0c354455-8ae7-47a8-a8a9-83bc3f1507c1" testListId="8c84fa94-04c1-424b-9868-57a2d4851a1d" />
    <TestEntry testId="3ea572d0-8081-c04d-1c5e-07d3f0bdce4f" executionId="b39f7354-5e50-49a6-b55a-c0a4bb101a4f" testListId="8c84fa94-04c1-424b-9868-57a2d4851a1d" />
    <TestEntry testId="fdb81633-7b6e-81d1-a2ab-a47d6fb6831e" executionId="4ce596ac-3dfc-43d8-86ef-463bcd33135d" testListId="8c84fa94-04c1-424b-9868-57a2d4851a1d" />
    <TestEntry testId="03f1dfdc-f881-eae6-ebfe-eaa49855d196" executionId="303d8f3f-c286-4f22-8e04-781c62e79b3e" testListId="8c84fa94-04c1-424b-9868-57a2d4851a1d" />
    <TestEntry testId="98df8e81-10c4-d836-17a1-b1ad96d54c07" executionId="a753c0b6-12c5-4aad-b5d2-f5753302096b" testListId="8c84fa94-04c1-424b-9868-57a2d4851a1d" />
    <TestEntry testId="d58133a7-9d33-a542-69d0-49c99b7c3190" executionId="26320096-fb0f-4a5c-ac44-cb54dc5fb62f" testListId="8c84fa94-04c1-424b-9868-57a2d4851a1d" />
    <TestEntry testId="e7a2272b-a298-7d90-48b8-d8225bf3cf86" executionId="83080dab-eeb2-4a62-91d3-dd722b6b4920" testListId="8c84fa94-04c1-424b-9868-57a2d4851a1d" />
    <TestEntry testId="29dad130-e5f3-04d1-382b-77709bfa049c" executionId="e399841c-5b62-4342-afa5-7aac8bb20e69" testListId="8c84fa94-04c1-424b-9868-57a2d4851a1d" />
    <TestEntry testId="298a1739-b929-a951-cba7-1dded414429f" executionId="9645312f-e061-43e4-80a4-67e39f86a1e3" testListId="8c84fa94-04c1-424b-9868-57a2d4851a1d" />
    <TestEntry testId="82207889-87a9-6e80-2186-6759c95c8d6f" executionId="f06b3131-7ea7-440c-b3fc-1286d7feb4eb" testListId="8c84fa94-04c1-424b-9868-57a2d4851a1d" />
    <TestEntry testId="80bc32d0-5a3f-b82e-8b59-d70782c7273a" executionId="440d041b-c484-4041-9bf6-a06395669f6e" testListId="8c84fa94-04c1-424b-9868-57a2d4851a1d" />
    <TestEntry testId="2ac63861-a427-7dc0-632a-1a14e3db178d" executionId="01ad8965-b5d6-486b-9049-faf73b96ea7a" testListId="8c84fa94-04c1-424b-9868-57a2d4851a1d" />
    <TestEntry testId="5cecca1b-6cfe-a561-61db-bfb6cc7f6214" executionId="cdbcd721-0051-442f-b601-d66f172a5eb1" testListId="8c84fa94-04c1-424b-9868-57a2d4851a1d" />
    <TestEntry testId="d56625dc-428d-2fd3-78bc-b8d6e72a64b8" executionId="9270773f-29c6-4ae1-aed8-a72796b6bb6d" testListId="8c84fa94-04c1-424b-9868-57a2d4851a1d" />
    <TestEntry testId="e3f6b41b-723f-fe52-6ef5-10aa6556c371" executionId="a1d0f2bb-791c-4bae-8a34-9765958750c7" testListId="8c84fa94-04c1-424b-9868-57a2d4851a1d" />
    <TestEntry testId="779909c1-7cde-1cc8-f8b8-418d64f97a54" executionId="6ccf204e-75cd-404b-8b5f-d2f4cf2a82b4" testListId="8c84fa94-04c1-424b-9868-57a2d4851a1d" />
    <TestEntry testId="17b44355-a286-c68e-0772-1ca3f99800c3" executionId="141db895-5895-4634-beed-c1184edac65b" testListId="8c84fa94-04c1-424b-9868-57a2d4851a1d" />
    <TestEntry testId="2be290df-7d92-5723-935e-13156fa041e9" executionId="9f41cf7e-272b-4fc6-8221-397df9af948a" testListId="8c84fa94-04c1-424b-9868-57a2d4851a1d" />
    <TestEntry testId="4475f251-65dc-0f4a-1b5f-4a7a6bbd208c" executionId="7c35d75a-056d-472e-a478-49785084d970" testListId="8c84fa94-04c1-424b-9868-57a2d4851a1d" />
    <TestEntry testId="e3f6b41b-723f-fe52-6ef5-10aa6556c371" executionId="2842eab6-1cc9-4053-a729-9453b6281efd" testListId="8c84fa94-04c1-424b-9868-57a2d4851a1d" />
    <TestEntry testId="4db094ea-4e79-1146-c144-b272beaf7514" executionId="183e18d9-4ddf-4659-8fb4-e243b144dc0f" testListId="8c84fa94-04c1-424b-9868-57a2d4851a1d" />
    <TestEntry testId="1b80a92f-6ac7-cbc4-fc15-b43bba65e287" executionId="5af5bc1a-1a7f-47d5-993c-b74ae87a780b" testListId="8c84fa94-04c1-424b-9868-57a2d4851a1d" />
    <TestEntry testId="f3de996c-5045-b55d-0a8c-671e3ba55d27" executionId="63505897-c05f-4062-9ad9-2c8cbf784c06" testListId="8c84fa94-04c1-424b-9868-57a2d4851a1d" />
    <TestEntry testId="9ed36475-70ea-d935-981c-3ee0399bdd52" executionId="bec62177-a793-404f-8e3a-90480e1cb79e" testListId="8c84fa94-04c1-424b-9868-57a2d4851a1d" />
    <TestEntry testId="e3f6b41b-723f-fe52-6ef5-10aa6556c371" executionId="4ab9519f-b7ef-4369-94e7-b33335b52412" testListId="8c84fa94-04c1-424b-9868-57a2d4851a1d" />
    <TestEntry testId="d1093ddf-4b56-d096-51d1-5583aef8d68c" executionId="adb7dd46-138a-46be-bc7e-34e4422cec80" testListId="8c84fa94-04c1-424b-9868-57a2d4851a1d" />
    <TestEntry testId="742aca02-9331-da31-2bac-cb8e449be676" executionId="77ce986b-8cd0-4467-a5cc-655c85f85d6b" testListId="8c84fa94-04c1-424b-9868-57a2d4851a1d" />
    <TestEntry testId="20fcdaab-bb21-b354-850b-63bfa9d12221" executionId="386008dc-d1f9-49b8-8727-3a325affd249" testListId="8c84fa94-04c1-424b-9868-57a2d4851a1d" />
    <TestEntry testId="3b9ab7b2-de71-ea7e-3b9f-d4d717b953d3" executionId="9c732d56-7e2c-4948-8de1-c3140aff99ad" testListId="8c84fa94-04c1-424b-9868-57a2d4851a1d" />
    <TestEntry testId="d189063a-2c0a-d19a-f98a-dcc48e248ba2" executionId="5ad67f4d-4075-4567-a275-ff2cfc7f984d" testListId="8c84fa94-04c1-424b-9868-57a2d4851a1d" />
    <TestEntry testId="4a6df610-3011-254b-963a-e4ad1bd15d95" executionId="1f4302a4-2324-4aef-8e07-841bd50b0e48" testListId="8c84fa94-04c1-424b-9868-57a2d4851a1d" />
    <TestEntry testId="dbd6e154-4890-dc88-e04d-c6cb4bd2c543" executionId="9342c4d4-b668-4d5e-83b9-234337972f47" testListId="8c84fa94-04c1-424b-9868-57a2d4851a1d" />
    <TestEntry testId="ed030d81-00c3-b759-cae4-3bed7cfacbb0" executionId="d0690f2c-81ea-4451-bdf6-c177f8d5fec8" testListId="8c84fa94-04c1-424b-9868-57a2d4851a1d" />
    <TestEntry testId="f5c6406b-ed87-33a2-ceec-3f178635429e" executionId="968e413b-b60a-4a85-8f0d-c946519ef579" testListId="8c84fa94-04c1-424b-9868-57a2d4851a1d" />
    <TestEntry testId="111b5e1e-7a3c-26c3-bc4c-dbf7de7c53b2" executionId="9d65b7ea-f0cc-470e-8b8e-c585adf0ca80" testListId="8c84fa94-04c1-424b-9868-57a2d4851a1d" />
    <TestEntry testId="950100c2-49ef-ba57-58d1-801e4f2eaf4a" executionId="55af2a3a-6b94-4d8c-82c9-f67130439ed1" testListId="8c84fa94-04c1-424b-9868-57a2d4851a1d" />
    <TestEntry testId="ce3949f3-670a-6521-5519-457d098253df" executionId="aff444b2-98db-468b-8e1d-7a1c143ffe18" testListId="8c84fa94-04c1-424b-9868-57a2d4851a1d" />
    <TestEntry testId="0d123650-c101-9c90-42a1-fa59bbf35a9d" executionId="1217637d-631b-498b-8e2d-b8c8e18958ae" testListId="8c84fa94-04c1-424b-9868-57a2d4851a1d" />
    <TestEntry testId="24604567-4b6e-b992-6f71-b271977ed625" executionId="816e0469-bbd8-41c9-b124-21a2448297ec" testListId="8c84fa94-04c1-424b-9868-57a2d4851a1d" />
    <TestEntry testId="43212041-32f9-d8d5-a3c7-a7e60fccc4ff" executionId="095fc37e-dada-4c13-bc69-15cba3d178e2" testListId="8c84fa94-04c1-424b-9868-57a2d4851a1d" />
    <TestEntry testId="0205f87e-48c5-9939-4e7f-5d740be0ddd9" executionId="8d59ee1f-52a5-4a86-b955-a9ab538b11e6" testListId="8c84fa94-04c1-424b-9868-57a2d4851a1d" />
    <TestEntry testId="3d064911-8ce4-9ebd-478b-8d7a42aeaa1a" executionId="2a4bc6d2-ef9a-4bb3-8aff-f63a7cdfef11" testListId="8c84fa94-04c1-424b-9868-57a2d4851a1d" />
    <TestEntry testId="817877a9-fa92-ffe3-c0a5-a704f2eac076" executionId="1be4d1b6-35db-42dd-8815-b91520a4646f" testListId="8c84fa94-04c1-424b-9868-57a2d4851a1d" />
    <TestEntry testId="b34d9c33-6985-e559-8358-fd1a34fee8fa" executionId="1e0e8ec3-29c0-4ea3-a4e7-b12a26f5f773" testListId="8c84fa94-04c1-424b-9868-57a2d4851a1d" />
    <TestEntry testId="6f6088c3-76ba-6609-04be-35e965dd0076" executionId="7956698d-dd55-458c-9738-07f63bf548a8" testListId="8c84fa94-04c1-424b-9868-57a2d4851a1d" />
    <TestEntry testId="d8ad1cdb-36bd-5582-339d-c6f09eed2cdb" executionId="1d50851d-3a6d-4ad4-8735-5dd5d62320db" testListId="8c84fa94-04c1-424b-9868-57a2d4851a1d" />
    <TestEntry testId="9a526fb5-6d12-25be-93bf-dc2ad9ad84ce" executionId="ce608148-4eaf-4630-9ab4-ca050b553a59" testListId="8c84fa94-04c1-424b-9868-57a2d4851a1d" />
    <TestEntry testId="143dbbf3-4ec0-9d69-c413-541c8867be95" executionId="93d093ab-b1b8-4364-8afb-9c7ee3fd2361" testListId="8c84fa94-04c1-424b-9868-57a2d4851a1d" />
    <TestEntry testId="68e80c0c-f8a6-c330-8b45-4fc007f5212d" executionId="2ec537c3-5f82-433a-bfd2-640b40f615d4" testListId="8c84fa94-04c1-424b-9868-57a2d4851a1d" />
    <TestEntry testId="f74fbe00-0c7a-711f-33e0-1688ffdc8c23" executionId="a868b4f6-9265-4b98-ab46-bf08d7ccccbc" testListId="8c84fa94-04c1-424b-9868-57a2d4851a1d" />
    <TestEntry testId="ea6625c3-c544-3a8a-f630-52d307e1360c" executionId="a4601e17-98f4-4fbc-972c-a20d0356144d" testListId="8c84fa94-04c1-424b-9868-57a2d4851a1d" />
    <TestEntry testId="78a6b582-b368-300f-7454-3b6c6e2452ac" executionId="85d2c607-56c1-4eea-a13e-afd1248b6364" testListId="8c84fa94-04c1-424b-9868-57a2d4851a1d" />
    <TestEntry testId="562cb9c9-66ef-e89a-acef-55d92b06fb0a" executionId="e2093da1-6997-44e6-ae3e-bfc4b2c33d23" testListId="8c84fa94-04c1-424b-9868-57a2d4851a1d" />
    <TestEntry testId="c8d027c8-5f36-2b46-5bad-f085954c1e99" executionId="c84dd3ec-943b-4283-a1d5-345bd5f183a8" testListId="8c84fa94-04c1-424b-9868-57a2d4851a1d" />
    <TestEntry testId="7adc7ac4-fa4e-60ca-0d47-9278641414cf" executionId="a34fa01d-36d5-44a9-9a3b-81988a064f9a" testListId="8c84fa94-04c1-424b-9868-57a2d4851a1d" />
    <TestEntry testId="4a9e2f05-a37c-7177-de3c-274a8bc286bb" executionId="af55d704-5957-4dce-97dd-3ed04e1fff9e" testListId="8c84fa94-04c1-424b-9868-57a2d4851a1d" />
    <TestEntry testId="c30fd0f6-fea3-ec09-1d9a-dcf32faec467" executionId="d702e2b8-ab8a-48ab-a472-4d11f7b40071" testListId="8c84fa94-04c1-424b-9868-57a2d4851a1d" />
    <TestEntry testId="34a566dd-f86c-555d-eb99-e99229f28977" executionId="a6215a66-7dc9-4b87-bcc2-a4521a61108b" testListId="8c84fa94-04c1-424b-9868-57a2d4851a1d" />
    <TestEntry testId="165bb218-c429-9fa2-af30-547e3f724514" executionId="cba59459-12c8-4c27-b0d4-67937e3b84c1" testListId="8c84fa94-04c1-424b-9868-57a2d4851a1d" />
    <TestEntry testId="5c12f93f-3c59-134e-f070-61c48d0d89a9" executionId="abd26636-99fe-4fac-a846-24ae5e853763" testListId="8c84fa94-04c1-424b-9868-57a2d4851a1d" />
    <TestEntry testId="a2ae843a-92ec-37be-0383-b7c0f9e18238" executionId="9d501426-2981-4bc3-8f31-e8e023932f8a" testListId="8c84fa94-04c1-424b-9868-57a2d4851a1d" />
    <TestEntry testId="01dea6c4-7d7e-b6c3-7af5-444e0351b58b" executionId="3a041540-7dd7-4c34-acdb-1c23cb01cdd4" testListId="8c84fa94-04c1-424b-9868-57a2d4851a1d" />
    <TestEntry testId="4afc0fd1-72b0-e89b-9d2b-d3711e834ed8" executionId="60d783d3-3ec4-4939-b8f0-0e881bb631c7" testListId="8c84fa94-04c1-424b-9868-57a2d4851a1d" />
    <TestEntry testId="62df222b-b5ff-5932-f094-7397c0131b87" executionId="c51591fc-fba7-4b63-96c1-d7257ad44e62" testListId="8c84fa94-04c1-424b-9868-57a2d4851a1d" />
    <TestEntry testId="a9f8356a-b05d-d726-c42f-217cf41a7b02" executionId="dccdbe46-d86d-489c-872a-bb2f6ef77f23" testListId="8c84fa94-04c1-424b-9868-57a2d4851a1d" />
    <TestEntry testId="26fe1055-2113-22c2-6ca3-f104b331390f" executionId="0adb055c-9b5e-4ed2-8f94-0fd08ecb3aaf" testListId="8c84fa94-04c1-424b-9868-57a2d4851a1d" />
    <TestEntry testId="09854cc2-76f8-2d6b-de4c-13f7bc0e444c" executionId="a90ab5c2-0ad9-42ec-b277-fc89729d05ea" testListId="8c84fa94-04c1-424b-9868-57a2d4851a1d" />
    <TestEntry testId="f21b19d3-41c0-235a-f7d9-88c615b2e912" executionId="3955f2cb-c222-4be9-aa8a-e6bd8b22aace" testListId="8c84fa94-04c1-424b-9868-57a2d4851a1d" />
    <TestEntry testId="9adbf83d-961f-c409-ce42-1f948f6bfb91" executionId="519cf3ae-75da-490c-a9d5-d1427b04122d" testListId="8c84fa94-04c1-424b-9868-57a2d4851a1d" />
    <TestEntry testId="54b2cfa1-7269-c0b2-f15e-9f5e8fbe61d5" executionId="5af6734d-33d1-4f07-bd99-bcad7f3bd19b" testListId="8c84fa94-04c1-424b-9868-57a2d4851a1d" />
    <TestEntry testId="955cd9c5-d10e-23d7-8d60-ef62fae1fbcc" executionId="2ee4d99b-6244-441e-a771-8f620cf8929b" testListId="8c84fa94-04c1-424b-9868-57a2d4851a1d" />
    <TestEntry testId="97ee7a8b-dbcc-21bb-9955-3f28e8302a4e" executionId="af2431a8-ad38-4fca-bb2b-bf33f64b8e6c" testListId="8c84fa94-04c1-424b-9868-57a2d4851a1d" />
    <TestEntry testId="7904d1b1-607e-2d6f-5674-db51ba40f01a" executionId="cce6b0ab-9141-473a-a692-c55f43b1d7ce" testListId="8c84fa94-04c1-424b-9868-57a2d4851a1d" />
    <TestEntry testId="f8fa5101-dce2-8878-b5f1-c2cb03fb91ea" executionId="e9a5834a-7ca1-4357-a9b5-9c1faa3fa693" testListId="8c84fa94-04c1-424b-9868-57a2d4851a1d" />
    <TestEntry testId="e7a2272b-a298-7d90-48b8-d8225bf3cf86" executionId="dcc2d651-acd1-4a14-bb25-6873688ae980" testListId="8c84fa94-04c1-424b-9868-57a2d4851a1d" />
    <TestEntry testId="4632f35e-f6ce-353f-c111-e86cb37923a9" executionId="b06f85d2-288c-41c9-9eb6-a947a260d4aa" testListId="8c84fa94-04c1-424b-9868-57a2d4851a1d" />
    <TestEntry testId="b5b58d28-edb9-724c-2a4f-03de57c0a826" executionId="36bb3630-107e-44f5-be42-3985e512a757" testListId="8c84fa94-04c1-424b-9868-57a2d4851a1d" />
    <TestEntry testId="e2f241f3-f0df-b14e-8775-9cc120b5a97a" executionId="0e90488e-494b-4ed9-886a-b9cfc8a93538" testListId="8c84fa94-04c1-424b-9868-57a2d4851a1d" />
    <TestEntry testId="77145dec-6351-dad6-568e-bc45646b61eb" executionId="ceaa3f4e-6f88-4772-b490-1af870077885" testListId="8c84fa94-04c1-424b-9868-57a2d4851a1d" />
    <TestEntry testId="7456fb2c-8b28-44ae-c1dd-c8e91814e107" executionId="29ef7f51-c1ff-4e1f-86d6-88f62bbb5c42" testListId="8c84fa94-04c1-424b-9868-57a2d4851a1d" />
    <TestEntry testId="0d6f690b-9d82-1f59-cc79-11a0ccc735ef" executionId="19549b02-7ae5-4318-94a9-2e23fb0fe5db" testListId="8c84fa94-04c1-424b-9868-57a2d4851a1d" />
    <TestEntry testId="3ea572d0-8081-c04d-1c5e-07d3f0bdce4f" executionId="6cbae769-34da-4f64-8c1a-f3ceffa385ee" testListId="8c84fa94-04c1-424b-9868-57a2d4851a1d" />
    <TestEntry testId="c7289480-094d-12d9-bb0b-c491f0334fd8" executionId="976d6e9a-2830-4745-a06e-82024ee74caf" testListId="8c84fa94-04c1-424b-9868-57a2d4851a1d" />
    <TestEntry testId="578ae397-2c20-daa9-2874-a228a4ade716" executionId="cee3d44f-4ce3-4656-bffe-838d062ded2b" testListId="8c84fa94-04c1-424b-9868-57a2d4851a1d" />
    <TestEntry testId="504d157b-de35-9b35-c183-0b5933d7e04d" executionId="fc1a6d2f-ab45-4679-92f7-2efde91d95c5" testListId="8c84fa94-04c1-424b-9868-57a2d4851a1d" />
    <TestEntry testId="6d6f828d-b4a8-fddd-d901-abc5c021fa4d" executionId="2ef12636-413a-43a1-91af-c2a712e47fb7" testListId="8c84fa94-04c1-424b-9868-57a2d4851a1d" />
    <TestEntry testId="762352be-2e5f-00ff-3b2e-3e465a79cd39" executionId="0a05c5f4-ab54-4fbc-90fb-35d2522a0cfe" testListId="8c84fa94-04c1-424b-9868-57a2d4851a1d" />
    <TestEntry testId="f79af24c-28c2-7172-44e7-a79f11dabe70" executionId="a0927b32-e329-47c6-807b-6241d8cd85b5" testListId="8c84fa94-04c1-424b-9868-57a2d4851a1d" />
    <TestEntry testId="afbfe3bb-182e-d88f-133e-7ef3fc63c181" executionId="d0ed5355-319b-4043-a357-45fb478c8c69" testListId="8c84fa94-04c1-424b-9868-57a2d4851a1d" />
    <TestEntry testId="ab54bdd7-dd50-11cb-626a-bab70cc89d7f" executionId="80e2b813-6454-4538-87b1-1bdba4621079" testListId="8c84fa94-04c1-424b-9868-57a2d4851a1d" />
    <TestEntry testId="39e35865-e3f4-9b43-7ff7-c975e099bc0c" executionId="3eda4754-ae66-4516-97dc-090ee3645757" testListId="8c84fa94-04c1-424b-9868-57a2d4851a1d" />
    <TestEntry testId="e133adb7-5032-7457-3f42-f37dc0456f83" executionId="48520477-210f-4b33-b110-b89425f2e8a6" testListId="8c84fa94-04c1-424b-9868-57a2d4851a1d" />
    <TestEntry testId="d7fa095d-def8-4b4f-a71c-95d92cb9d97c" executionId="b679f804-2903-4ce0-bfc4-7b2c86159db1" testListId="8c84fa94-04c1-424b-9868-57a2d4851a1d" />
    <TestEntry testId="860fe6c6-f4cf-3612-5ed7-a9bea3b42189" executionId="e4fe46c1-e938-47fd-9a15-cae2c7e48db2" testListId="8c84fa94-04c1-424b-9868-57a2d4851a1d" />
    <TestEntry testId="77bc6e3f-5d9f-dd2e-7e9a-08f79f19bcfe" executionId="bf200c4d-efd6-4f90-9bd0-e4f6e10efc2b" testListId="8c84fa94-04c1-424b-9868-57a2d4851a1d" />
    <TestEntry testId="b7cb028a-5759-3a16-c636-c03c5b445e0f" executionId="8b82438c-b14e-4008-8076-abe6d3510ced" testListId="8c84fa94-04c1-424b-9868-57a2d4851a1d" />
    <TestEntry testId="7145ae4b-bd9d-ce63-a02e-8ebc01b346f9" executionId="accf79d1-8b41-4e77-82e2-caeccabda02f" testListId="8c84fa94-04c1-424b-9868-57a2d4851a1d" />
    <TestEntry testId="f5da3dc1-e02c-560c-2f2c-2214ac1c3c6d" executionId="b904324c-34cf-4fae-9ba9-06f40d048b81" testListId="8c84fa94-04c1-424b-9868-57a2d4851a1d" />
    <TestEntry testId="3eaab606-da98-cb80-86c4-76c1a49a2c30" executionId="8a2ec767-37b8-43cf-8ebc-4dd8cefab90e" testListId="8c84fa94-04c1-424b-9868-57a2d4851a1d" />
    <TestEntry testId="7886312e-fb95-47a1-a0a7-e5c487125c82" executionId="ecbe3d7d-14b7-4c73-b885-aaba5881933d" testListId="8c84fa94-04c1-424b-9868-57a2d4851a1d" />
    <TestEntry testId="86e3f85a-a891-efe2-3e19-1eec0a853048" executionId="ff5f7a6f-2f83-4e18-a200-02e4cc76027c" testListId="8c84fa94-04c1-424b-9868-57a2d4851a1d" />
    <TestEntry testId="d6ce6e65-ac0d-3e3a-3f5a-bb409eb791be" executionId="7eb79d5c-fa98-43b3-b3af-eb901edf3a78" testListId="8c84fa94-04c1-424b-9868-57a2d4851a1d" />
    <TestEntry testId="93072ac8-93cd-f82a-1539-84c47e6d94f9" executionId="5725310d-5027-4f00-9209-16d3aae0cebc" testListId="8c84fa94-04c1-424b-9868-57a2d4851a1d" />
    <TestEntry testId="3d064911-8ce4-9ebd-478b-8d7a42aeaa1a" executionId="dc6cd481-901a-43f2-917b-df49fe1b299b" testListId="8c84fa94-04c1-424b-9868-57a2d4851a1d" />
    <TestEntry testId="28d94481-f77f-3356-3c92-37dcd5bc0f90" executionId="d5ce143a-83a1-4ab7-87d7-ba86549b355f" testListId="8c84fa94-04c1-424b-9868-57a2d4851a1d" />
    <TestEntry testId="40265b60-4995-adcf-823c-d40faa49859f" executionId="5cb8f22e-80d4-4c10-9a15-aed89b398772" testListId="8c84fa94-04c1-424b-9868-57a2d4851a1d" />
    <TestEntry testId="3760ca19-b6ce-3664-25f9-5023d89ae17a" executionId="cd0550af-7fbd-4998-b468-8f6b2a6d8966" testListId="8c84fa94-04c1-424b-9868-57a2d4851a1d" />
    <TestEntry testId="2ea0f092-6156-10d2-e7bd-00bd64638958" executionId="aed4eea5-fd04-4e68-a4c9-b73761c02c26" testListId="8c84fa94-04c1-424b-9868-57a2d4851a1d" />
    <TestEntry testId="3e96eedd-eee8-45b2-9867-4b35303504e8" executionId="785a3ba2-22ee-48a6-8b49-80d636a370da" testListId="8c84fa94-04c1-424b-9868-57a2d4851a1d" />
    <TestEntry testId="6d43122f-b0d5-bf9d-4528-2f67c9810804" executionId="512fa4fd-8ef4-4bbb-b28b-d13cc9cd2184" testListId="8c84fa94-04c1-424b-9868-57a2d4851a1d" />
    <TestEntry testId="9ed36475-70ea-d935-981c-3ee0399bdd52" executionId="29f97b0c-2258-4a8e-a4c5-337a9b87fa98" testListId="8c84fa94-04c1-424b-9868-57a2d4851a1d" />
    <TestEntry testId="ea6c1b95-a0ad-0182-c0b9-1f79d5e165b1" executionId="c84a0168-83a9-4393-bfa5-76dfd6b1ebde" testListId="8c84fa94-04c1-424b-9868-57a2d4851a1d" />
    <TestEntry testId="cf04794a-c01e-27c1-a035-6828d1035adc" executionId="4abc4054-186a-4b89-9c6d-bba771326d74" testListId="8c84fa94-04c1-424b-9868-57a2d4851a1d" />
    <TestEntry testId="695d9dc1-603f-c186-f622-eadc4afd9848" executionId="a9175588-9bc8-4f87-8f15-09de4e715dc0" testListId="8c84fa94-04c1-424b-9868-57a2d4851a1d" />
    <TestEntry testId="3de26f97-04f3-7779-840b-49de49e85f73" executionId="d35a2b1f-36f9-4be6-8101-31a7c6601547" testListId="8c84fa94-04c1-424b-9868-57a2d4851a1d" />
    <TestEntry testId="75ea94fd-3e39-2426-5e3d-01bde1d3cfe1" executionId="1b765220-8391-40c0-b280-2497087ad2db" testListId="8c84fa94-04c1-424b-9868-57a2d4851a1d" />
    <TestEntry testId="b58757a7-d1b1-920d-0ad6-ed3ea2c5d501" executionId="09cd91e6-9f3d-45fd-a41a-e4a77e9d0603" testListId="8c84fa94-04c1-424b-9868-57a2d4851a1d" />
    <TestEntry testId="a038b769-e4a5-816c-c60d-2cf3795b10fd" executionId="dc563e66-2669-4248-a9cd-69f933ef2ef6" testListId="8c84fa94-04c1-424b-9868-57a2d4851a1d" />
    <TestEntry testId="73131707-ca1a-3884-7742-1965e89251f2" executionId="53594b58-287b-4670-afc5-e797ecbcbe3f" testListId="8c84fa94-04c1-424b-9868-57a2d4851a1d" />
    <TestEntry testId="7831a3db-451b-74a8-04c1-bbb1eb4b68e1" executionId="a8073c2b-016f-4760-b5e7-f0fd7135d0e1" testListId="8c84fa94-04c1-424b-9868-57a2d4851a1d" />
    <TestEntry testId="a5fa8019-cbff-efe6-e9ea-4195f8c23b49" executionId="72ef0328-5ef9-4426-9cfe-9af20517522b" testListId="8c84fa94-04c1-424b-9868-57a2d4851a1d" />
    <TestEntry testId="9ed36475-70ea-d935-981c-3ee0399bdd52" executionId="8f67ea74-4bcf-496b-92ab-d0ebcea82a89" testListId="8c84fa94-04c1-424b-9868-57a2d4851a1d" />
    <TestEntry testId="863f00e5-ad5d-e4d5-254c-017b0ea492ef" executionId="ef194f60-19fc-4c0b-b959-35a55cacfdf0" testListId="8c84fa94-04c1-424b-9868-57a2d4851a1d" />
    <TestEntry testId="1368c745-6a45-6b60-c9b7-a77fa1d07ab3" executionId="cf6fdedc-39a9-4609-b967-b96e65ac302b" testListId="8c84fa94-04c1-424b-9868-57a2d4851a1d" />
  </TestEntries>
  <TestLists>
    <TestList name="Results Not in a List" id="8c84fa94-04c1-424b-9868-57a2d4851a1d" />
    <TestList name="All Loaded Results" id="19431567-8539-422a-85d7-44ee4e166bda" />
  </TestLists>
  <ResultSummary outcome="Completed">
    <Counters total="709" executed="709" passed="709" failed="0" error="0" timeout="0" aborted="0" inconclusive="0" passedButRunAborted="0" notRunnable="0" notExecuted="0" disconnected="0" warning="0" completed="0" inProgress="0" pending="0" />
    <Output>
      <StdOut>NUnit Adapter 4.5.0.0: Test execution started
Running all tests in /home/runner/work/typespec/typespec/packages/http-client-csharp/generator/artifacts/bin/Microsoft.TypeSpec.Generator.ClientModel.Tests/Debug/net8.0/Microsoft.TypeSpec.Generator.ClientModel.Tests.dll
   NUnit3TestExecutor discovered 709 of 709 NUnit test cases using Current Discovery mode, Non-Explicit run
NUnit Adapter 4.5.0.0: Test execution complete
</StdOut>
    </Output>
  </ResultSummary>
</TestRun>