<?xml version="1.0" encoding="utf-8"?>
<TestRun id="88c3d5d5-085b-44e7-82f1-47620236136f" name="@pkrvmxyh4eaekms 2025-06-24 21:13:51" xmlns="http://microsoft.com/schemas/VisualStudio/TeamTest/2010">
  <Times creation="2025-06-24T21:13:51.6734477+00:00" queuing="2025-06-24T21:13:51.6734478+00:00" start="2025-06-24T21:13:50.2204883+00:00" finish="2025-06-24T21:13:52.3223968+00:00" />
  <TestSettings name="default" id="08cc1df1-0e0f-4fe2-908e-23ec73572d89">
    <Deployment runDeploymentRoot="_pkrvmxyh4eaekms_2025-06-24_21_13_51" />
  </TestSettings>
  <Results>
    <UnitTestResult executionId="d4009bc4-db80-475c-9198-da9b8f5982d6" testId="7ba8e681-be3d-91d3-cfe3-6b74edd0c61d" testName="RoundTripWithModelInterfaceNonGenericJson" computerName="pkrvmxyh4eaekms" duration="00:00:00.0000020" startTime="2025-06-24T21:13:51.5405934+00:00" endTime="2025-06-24T21:13:51.5405950+00:00" testType="13cdc9d9-ddb5-4fa4-a97d-d965ccfc6d4b" outcome="NotExecuted" testListId="8c84fa94-04c1-424b-9868-57a2d4851a1d" relativeResultsDirectory="d4009bc4-db80-475c-9198-da9b8f5982d6">
      <Output>
        <StdOut>Test skipped because TestProjects.Spector.Tests.Http._Type.Model.Inheritance.SingleDiscriminator.EagleTests.RoundTripWithModelInterfaceNonGenericJson is currently a stubbed implementation.</StdOut>
        <ErrorInfo>
          <Message>Test skipped because TestProjects.Spector.Tests.Http._Type.Model.Inheritance.SingleDiscriminator.EagleTests.RoundTripWithModelInterfaceNonGenericJson is currently a stubbed implementation.</Message>
        </ErrorInfo>
      </Output>
    </UnitTestResult>
    <UnitTestResult executionId="6a0c0563-2eb2-4de5-92bc-8ea233391e3f" testId="1d16de56-7c85-d3a6-8655-9610c83194ee" testName="UnionFloatLiteralPut" computerName="pkrvmxyh4eaekms" duration="00:00:00.0000010" startTime="2025-06-24T21:13:51.5436990+00:00" endTime="2025-06-24T21:13:51.5437003+00:00" testType="13cdc9d9-ddb5-4fa4-a97d-d965ccfc6d4b" outcome="NotExecuted" testListId="8c84fa94-04c1-424b-9868-57a2d4851a1d" relativeResultsDirectory="6a0c0563-2eb2-4de5-92bc-8ea233391e3f">
      <Output>
        <StdOut>Test skipped because TestProjects.Spector.Tests.Http._Type.Property.ValueTypes.ValueTypesTests.UnionFloatLiteralPut is currently a stubbed implementation.</StdOut>
        <ErrorInfo>
          <Message>Test skipped because TestProjects.Spector.Tests.Http._Type.Property.ValueTypes.ValueTypesTests.UnionFloatLiteralPut is currently a stubbed implementation.</Message>
        </ErrorInfo>
      </Output>
    </UnitTestResult>
    <UnitTestResult executionId="afa76501-bf4e-4bdd-8b16-7e07a7191f42" testId="1e7c5a3a-43ea-1bb9-7c93-4f3d1ee49e43" testName="RenamedSix" computerName="pkrvmxyh4eaekms" duration="00:00:00.0000020" startTime="2025-06-24T21:13:51.5691505+00:00" endTime="2025-06-24T21:13:51.5691528+00:00" testType="13cdc9d9-ddb5-4fa4-a97d-d965ccfc6d4b" outcome="NotExecuted" testListId="8c84fa94-04c1-424b-9868-57a2d4851a1d" relativeResultsDirectory="afa76501-bf4e-4bdd-8b16-7e07a7191f42">
      <Output>
        <StdOut>Test skipped because TestProjects.Spector.Tests.Http.Client.Structure.RenamedOperation.RenamedOperationTests.RenamedSix is currently a stubbed implementation.</StdOut>
        <ErrorInfo>
          <Message>Test skipped because TestProjects.Spector.Tests.Http.Client.Structure.RenamedOperation.RenamedOperationTests.RenamedSix is currently a stubbed implementation.</Message>
        </ErrorInfo>
      </Output>
    </UnitTestResult>
    <UnitTestResult executionId="1a4177e0-5de0-43ea-8780-37e63557e30b" testId="52e9772e-4b73-797a-b13b-b91bc7a547e1" testName="ModelValuePut" computerName="pkrvmxyh4eaekms" duration="00:00:00.0000010" startTime="2025-06-24T21:13:51.5391444+00:00" endTime="2025-06-24T21:13:51.5391459+00:00" testType="13cdc9d9-ddb5-4fa4-a97d-d965ccfc6d4b" outcome="NotExecuted" testListId="8c84fa94-04c1-424b-9868-57a2d4851a1d" relativeResultsDirectory="1a4177e0-5de0-43ea-8780-37e63557e30b">
      <Output>
        <StdOut>Test skipped because TestProjects.Spector.Tests.Http._Type.Dictionary.DictionaryTests.ModelValuePut is currently a stubbed implementation.</StdOut>
        <ErrorInfo>
          <Message>Test skipped because TestProjects.Spector.Tests.Http._Type.Dictionary.DictionaryTests.ModelValuePut is currently a stubbed implementation.</Message>
        </ErrorInfo>
      </Output>
    </UnitTestResult>
    <UnitTestResult executionId="a26d910f-9627-4a0a-9534-d016161ea7aa" testId="d782eecb-b6e3-b465-8a5f-c81e8e6a3e51" testName="Four" computerName="pkrvmxyh4eaekms" duration="00:00:00.0000020" startTime="2025-06-24T21:13:51.5739267+00:00" endTime="2025-06-24T21:13:51.5739288+00:00" testType="13cdc9d9-ddb5-4fa4-a97d-d965ccfc6d4b" outcome="NotExecuted" testListId="8c84fa94-04c1-424b-9868-57a2d4851a1d" relativeResultsDirectory="a26d910f-9627-4a0a-9534-d016161ea7aa">
      <Output>
        <StdOut>Test skipped because TestProjects.Spector.Tests.Http.Client.Structure.TwoOperationGroup.TwoOperationGroupTests.Four is currently a stubbed implementation.</StdOut>
        <ErrorInfo>
          <Message>Test skipped because TestProjects.Spector.Tests.Http.Client.Structure.TwoOperationGroup.TwoOperationGroupTests.Four is currently a stubbed implementation.</Message>
        </ErrorInfo>
      </Output>
    </UnitTestResult>
    <UnitTestResult executionId="048714de-f7cd-4514-9512-81cac5cd151d" testId="5129b124-6ad2-d60d-5186-6f1b4b687a9a" testName="SendIntsOnly" computerName="pkrvmxyh4eaekms" duration="00:00:00.0000010" startTime="2025-06-24T21:13:51.5442494+00:00" endTime="2025-06-24T21:13:51.5442507+00:00" testType="13cdc9d9-ddb5-4fa4-a97d-d965ccfc6d4b" outcome="NotExecuted" testListId="8c84fa94-04c1-424b-9868-57a2d4851a1d" relativeResultsDirectory="048714de-f7cd-4514-9512-81cac5cd151d">
      <Output>
        <StdOut>Test skipped because TestProjects.Spector.Tests.Http._Type.Union.UnionTests.SendIntsOnly is currently a stubbed implementation.</StdOut>
        <ErrorInfo>
          <Message>Test skipped because TestProjects.Spector.Tests.Http._Type.Union.UnionTests.SendIntsOnly is currently a stubbed implementation.</Message>
        </ErrorInfo>
      </Output>
    </UnitTestResult>
    <UnitTestResult executionId="537fb36a-42ae-439a-acc5-1bf95bad950d" testId="cd34e934-f24d-535c-f868-677e20b29534" testName="ParametersWithWhileAsync" computerName="pkrvmxyh4eaekms" duration="00:00:00.0000030" startTime="2025-06-24T21:13:51.6332861+00:00" endTime="2025-06-24T21:13:51.6332888+00:00" testType="13cdc9d9-ddb5-4fa4-a97d-d965ccfc6d4b" outcome="NotExecuted" testListId="8c84fa94-04c1-424b-9868-57a2d4851a1d" relativeResultsDirectory="537fb36a-42ae-439a-acc5-1bf95bad950d">
      <Output>
        <StdOut>Test skipped because TestProjects.Spector.Tests.Http.SpecialWords.SpecialWordsTests.ParametersWithWhileAsync is currently a stubbed implementation.</StdOut>
        <ErrorInfo>
          <Message>Test skipped because TestProjects.Spector.Tests.Http.SpecialWords.SpecialWordsTests.ParametersWithWhileAsync is currently a stubbed implementation.</Message>
        </ErrorInfo>
      </Output>
    </UnitTestResult>
    <UnitTestResult executionId="1242e7eb-fd34-4537-a0b6-a3aa53615574" testId="157d2596-e393-7eee-546a-c5b56805f57f" testName="ModelValuePut" computerName="pkrvmxyh4eaekms" duration="00:00:00.0000010" startTime="2025-06-24T21:13:51.5358305+00:00" endTime="2025-06-24T21:13:51.5358318+00:00" testType="13cdc9d9-ddb5-4fa4-a97d-d965ccfc6d4b" outcome="NotExecuted" testListId="8c84fa94-04c1-424b-9868-57a2d4851a1d" relativeResultsDirectory="1242e7eb-fd34-4537-a0b6-a3aa53615574">
      <Output>
        <StdOut>Test skipped because TestProjects.Spector.Tests.Http._Type._Array.ArrayTests.ModelValuePut is currently a stubbed implementation.</StdOut>
        <ErrorInfo>
          <Message>Test skipped because TestProjects.Spector.Tests.Http._Type._Array.ArrayTests.ModelValuePut is currently a stubbed implementation.</Message>
        </ErrorInfo>
      </Output>
    </UnitTestResult>
    <UnitTestResult executionId="68f5cb66-5f5c-4581-a68c-a790d146dcb9" testId="2f86363d-a4d4-1800-c72d-48cea3058d8e" testName="Special_Headers_Conditional_Request_PostIfUnmodifiedSince" computerName="pkrvmxyh4eaekms" duration="00:00:00.0000020" startTime="2025-06-24T21:13:51.6277859+00:00" endTime="2025-06-24T21:13:51.6277876+00:00" testType="13cdc9d9-ddb5-4fa4-a97d-d965ccfc6d4b" outcome="NotExecuted" testListId="8c84fa94-04c1-424b-9868-57a2d4851a1d" relativeResultsDirectory="68f5cb66-5f5c-4581-a68c-a790d146dcb9">
      <Output>
        <StdOut>Test skipped because TestProjects.Spector.Tests.Http.SpecialHeaders.ConditionalRequest.ConditionalRequestHeaderTests.Special_Headers_Conditional_Request_PostIfUnmodifiedSince is currently a stubbed implementation.</StdOut>
        <ErrorInfo>
          <Message>Test skipped because TestProjects.Spector.Tests.Http.SpecialHeaders.ConditionalRequest.ConditionalRequestHeaderTests.Special_Headers_Conditional_Request_PostIfUnmodifiedSince is currently a stubbed implementation.</Message>
        </ErrorInfo>
      </Output>
    </UnitTestResult>
    <UnitTestResult executionId="fb21cd7e-e9a2-45ad-a07b-73bf6ccaad70" testId="0b81464b-e389-2e55-443c-be7a30f9a702" testName="GetUnknownValue" computerName="pkrvmxyh4eaekms" duration="00:00:00.0000020" startTime="2025-06-24T21:13:51.5387426+00:00" endTime="2025-06-24T21:13:51.5387442+00:00" testType="13cdc9d9-ddb5-4fa4-a97d-d965ccfc6d4b" outcome="NotExecuted" testListId="8c84fa94-04c1-424b-9868-57a2d4851a1d" relativeResultsDirectory="fb21cd7e-e9a2-45ad-a07b-73bf6ccaad70">
      <Output>
        <StdOut>Test skipped because TestProjects.Spector.Tests.Http._Type._Enum.Extensible.ExtensibleTests.GetUnknownValue is currently a stubbed implementation.</StdOut>
        <ErrorInfo>
          <Message>Test skipped because TestProjects.Spector.Tests.Http._Type._Enum.Extensible.ExtensibleTests.GetUnknownValue is currently a stubbed implementation.</Message>
        </ErrorInfo>
      </Output>
    </UnitTestResult>
    <UnitTestResult executionId="ab01b35e-ef8c-47c0-b486-683cd69df8e1" testId="7105951c-1acb-ed14-a8c2-9f9a0735b07a" testName="RecursivePut" computerName="pkrvmxyh4eaekms" duration="00:00:00.0000020" startTime="2025-06-24T21:13:51.5400849+00:00" endTime="2025-06-24T21:13:51.5400874+00:00" testType="13cdc9d9-ddb5-4fa4-a97d-d965ccfc6d4b" outcome="NotExecuted" testListId="8c84fa94-04c1-424b-9868-57a2d4851a1d" relativeResultsDirectory="ab01b35e-ef8c-47c0-b486-683cd69df8e1">
      <Output>
        <StdOut>Test skipped because TestProjects.Spector.Tests.Http._Type.Model.Inheritance.Recursive.RecursiveTests.RecursivePut is currently a stubbed implementation.</StdOut>
        <ErrorInfo>
          <Message>Test skipped because TestProjects.Spector.Tests.Http._Type.Model.Inheritance.Recursive.RecursiveTests.RecursivePut is currently a stubbed implementation.</Message>
        </ErrorInfo>
      </Output>
    </UnitTestResult>
    <UnitTestResult executionId="8fd6c398-41ed-4ff5-8cbf-b24b8bf35447" testId="4c9c1ba1-c53a-0897-0c82-ddfb89ab6693" testName="RequiredListsAreNotSettable" computerName="pkrvmxyh4eaekms" duration="00:00:00.0000030" startTime="2025-06-24T21:13:51.5411790+00:00" endTime="2025-06-24T21:13:51.5411817+00:00" testType="13cdc9d9-ddb5-4fa4-a97d-d965ccfc6d4b" outcome="NotExecuted" testListId="8c84fa94-04c1-424b-9868-57a2d4851a1d" relativeResultsDirectory="8fd6c398-41ed-4ff5-8cbf-b24b8bf35447">
      <Output>
        <StdOut>Test skipped because TestProjects.Spector.Tests.Http._Type.Model.Visibility.TypeModelVisibilityTests.RequiredListsAreNotSettable is currently a stubbed implementation.</StdOut>
        <ErrorInfo>
          <Message>Test skipped because TestProjects.Spector.Tests.Http._Type.Model.Visibility.TypeModelVisibilityTests.RequiredListsAreNotSettable is currently a stubbed implementation.</Message>
        </ErrorInfo>
      </Output>
    </UnitTestResult>
    <UnitTestResult executionId="8f16f2d0-bbd6-4027-be42-50f1ed798151" testId="0b116c9b-2e02-c09e-a06d-b3d54a91a261" testName="ImmediateSuccess" computerName="pkrvmxyh4eaekms" duration="00:00:00.0000060" startTime="2025-06-24T21:13:51.6280253+00:00" endTime="2025-06-24T21:13:51.6280317+00:00" testType="13cdc9d9-ddb5-4fa4-a97d-d965ccfc6d4b" outcome="NotExecuted" testListId="8c84fa94-04c1-424b-9868-57a2d4851a1d" relativeResultsDirectory="8f16f2d0-bbd6-4027-be42-50f1ed798151">
      <Output>
        <StdOut>Test skipped because TestProjects.Spector.Tests.Http.SpecialHeaders.Repeatability.RepeatabilityTests.ImmediateSuccess is currently a stubbed implementation.</StdOut>
        <ErrorInfo>
          <Message>Test skipped because TestProjects.Spector.Tests.Http.SpecialHeaders.Repeatability.RepeatabilityTests.ImmediateSuccess is currently a stubbed implementation.</Message>
        </ErrorInfo>
      </Output>
    </UnitTestResult>
    <UnitTestResult executionId="bcd28538-c35c-4d48-abc0-a3e636006538" testId="4722e420-79b0-fc15-72b5-3347e1a082a3" testName="ConvenienceMethod" computerName="pkrvmxyh4eaekms" duration="00:00:00.0000060" startTime="2025-06-24T21:13:51.6245908+00:00" endTime="2025-06-24T21:13:51.6245969+00:00" testType="13cdc9d9-ddb5-4fa4-a97d-d965ccfc6d4b" outcome="NotExecuted" testListId="8c84fa94-04c1-424b-9868-57a2d4851a1d" relativeResultsDirectory="bcd28538-c35c-4d48-abc0-a3e636006538">
      <Output>
        <StdOut>Test skipped because TestProjects.Spector.Tests.Http.Payload.Pageable.NextLinkPaginationTests.ConvenienceMethod is currently a stubbed implementation.</StdOut>
        <ErrorInfo>
          <Message>Test skipped because TestProjects.Spector.Tests.Http.Payload.Pageable.NextLinkPaginationTests.ConvenienceMethod is currently a stubbed implementation.</Message>
        </ErrorInfo>
      </Output>
    </UnitTestResult>
    <UnitTestResult executionId="4f518c7d-1691-4bec-9813-d2f19b4a5cb4" testId="8742efba-2234-7826-234c-dcd63a73c778" testName="QueryExpansionRecord" computerName="pkrvmxyh4eaekms" duration="00:00:00.0000020" startTime="2025-06-24T21:13:51.6259494+00:00" endTime="2025-06-24T21:13:51.6259514+00:00" testType="13cdc9d9-ddb5-4fa4-a97d-d965ccfc6d4b" outcome="NotExecuted" testListId="8c84fa94-04c1-424b-9868-57a2d4851a1d" relativeResultsDirectory="4f518c7d-1691-4bec-9813-d2f19b4a5cb4">
      <Output>
        <StdOut>Test skipped because TestProjects.Spector.Tests.Http.Routes.QueryParameterTests.QueryExpansionRecord is currently a stubbed implementation.</StdOut>
        <ErrorInfo>
          <Message>Test skipped because TestProjects.Spector.Tests.Http.Routes.QueryParameterTests.QueryExpansionRecord is currently a stubbed implementation.</Message>
        </ErrorInfo>
      </Output>
    </UnitTestResult>
    <UnitTestResult executionId="b490c337-bbfb-486c-bfd6-7b0ffbe7fbac" testId="788d9d46-bb7f-54c2-aa45-8dd2e6e6c2ea" testName="RoundTripWithModelReaderWriterWire" computerName="pkrvmxyh4eaekms" duration="00:00:00.0000010" startTime="2025-06-24T21:13:51.5420148+00:00" endTime="2025-06-24T21:13:51.5420160+00:00" testType="13cdc9d9-ddb5-4fa4-a97d-d965ccfc6d4b" outcome="NotExecuted" testListId="8c84fa94-04c1-424b-9868-57a2d4851a1d" relativeResultsDirectory="b490c337-bbfb-486c-bfd6-7b0ffbe7fbac">
      <Output>
        <StdOut>Test skipped because TestProjects.Spector.Tests.Http._Type.Property.AdditionalProperties.DifferentSpreadStringDerivedTests.RoundTripWithModelReaderWriterWire is currently a stubbed implementation.</StdOut>
        <ErrorInfo>
          <Message>Test skipped because TestProjects.Spector.Tests.Http._Type.Property.AdditionalProperties.DifferentSpreadStringDerivedTests.RoundTripWithModelReaderWriterWire is currently a stubbed implementation.</Message>
        </ErrorInfo>
      </Output>
    </UnitTestResult>
    <UnitTestResult executionId="8b3410f9-e0c3-49eb-8d09-c77e29a2dd05" testId="7f6fced5-4f70-6a7a-3a0c-bc2fb475f2b1" testName="RoundTripWithModelReaderWriterJson" computerName="pkrvmxyh4eaekms" duration="00:00:00.0000020" startTime="2025-06-24T21:13:51.5406136+00:00" endTime="2025-06-24T21:13:51.5406158+00:00" testType="13cdc9d9-ddb5-4fa4-a97d-d965ccfc6d4b" outcome="NotExecuted" testListId="8c84fa94-04c1-424b-9868-57a2d4851a1d" relativeResultsDirectory="8b3410f9-e0c3-49eb-8d09-c77e29a2dd05">
      <Output>
        <StdOut>Test skipped because TestProjects.Spector.Tests.Http._Type.Model.Inheritance.SingleDiscriminator.EagleTests.RoundTripWithModelReaderWriterJson is currently a stubbed implementation.</StdOut>
        <ErrorInfo>
          <Message>Test skipped because TestProjects.Spector.Tests.Http._Type.Model.Inheritance.SingleDiscriminator.EagleTests.RoundTripWithModelReaderWriterJson is currently a stubbed implementation.</Message>
        </ErrorInfo>
      </Output>
    </UnitTestResult>
    <UnitTestResult executionId="08dfbf29-18ff-4a13-bc11-511e40d43a0e" testId="deb47c0a-77fc-3131-96f9-09075f906b0f" testName="RenamedFive" computerName="pkrvmxyh4eaekms" duration="00:00:00.0000070" startTime="2025-06-24T21:13:51.5662183+00:00" endTime="2025-06-24T21:13:51.5662250+00:00" testType="13cdc9d9-ddb5-4fa4-a97d-d965ccfc6d4b" outcome="NotExecuted" testListId="8c84fa94-04c1-424b-9868-57a2d4851a1d" relativeResultsDirectory="08dfbf29-18ff-4a13-bc11-511e40d43a0e">
      <Output>
        <StdOut>Test skipped because TestProjects.Spector.Tests.Http.Client.Structure.MultiClient.MultiClientTests.RenamedFive is currently a stubbed implementation.</StdOut>
        <ErrorInfo>
          <Message>Test skipped because TestProjects.Spector.Tests.Http.Client.Structure.MultiClient.MultiClientTests.RenamedFive is currently a stubbed implementation.</Message>
        </ErrorInfo>
      </Output>
    </UnitTestResult>
    <UnitTestResult executionId="9ecdb7fc-43d9-4b44-a4b1-e8eeb24f0a92" testId="d474cf74-92c5-849f-167c-5214d785f2b3" testName="BytesGetDefault" computerName="pkrvmxyh4eaekms" duration="00:00:00.0000020" startTime="2025-06-24T21:13:51.5428543+00:00" endTime="2025-06-24T21:13:51.5428562+00:00" testType="13cdc9d9-ddb5-4fa4-a97d-d965ccfc6d4b" outcome="NotExecuted" testListId="8c84fa94-04c1-424b-9868-57a2d4851a1d" relativeResultsDirectory="9ecdb7fc-43d9-4b44-a4b1-e8eeb24f0a92">
      <Output>
        <StdOut>Test skipped because TestProjects.Spector.Tests.Http._Type.Property.Optionality.OptionalityTests.BytesGetDefault is currently a stubbed implementation.</StdOut>
        <ErrorInfo>
          <Message>Test skipped because TestProjects.Spector.Tests.Http._Type.Property.Optionality.OptionalityTests.BytesGetDefault is currently a stubbed implementation.</Message>
        </ErrorInfo>
      </Output>
    </UnitTestResult>
    <UnitTestResult executionId="c099bd73-fd81-45ca-961f-bd5686bbf120" testId="d83d947b-1baa-c588-7654-7a085276d263" testName="BooleanLiteralPutDefault" computerName="pkrvmxyh4eaekms" duration="00:00:00.0000010" startTime="2025-06-24T21:13:51.5428411+00:00" endTime="2025-06-24T21:13:51.5428425+00:00" testType="13cdc9d9-ddb5-4fa4-a97d-d965ccfc6d4b" outcome="NotExecuted" testListId="8c84fa94-04c1-424b-9868-57a2d4851a1d" relativeResultsDirectory="c099bd73-fd81-45ca-961f-bd5686bbf120">
      <Output>
        <StdOut>Test skipped because TestProjects.Spector.Tests.Http._Type.Property.Optionality.OptionalityTests.BooleanLiteralPutDefault is currently a stubbed implementation.</StdOut>
        <ErrorInfo>
          <Message>Test skipped because TestProjects.Spector.Tests.Http._Type.Property.Optionality.OptionalityTests.BooleanLiteralPutDefault is currently a stubbed implementation.</Message>
        </ErrorInfo>
      </Output>
    </UnitTestResult>
    <UnitTestResult executionId="2655d1b1-1d7f-4e9a-bcde-cf58140a5aae" testId="757139f7-b539-725c-85e3-0b11aa6c2d60" testName="Five" computerName="pkrvmxyh4eaekms" duration="00:00:00.0000050" startTime="2025-06-24T21:13:51.5739084+00:00" endTime="2025-06-24T21:13:51.5739134+00:00" testType="13cdc9d9-ddb5-4fa4-a97d-d965ccfc6d4b" outcome="NotExecuted" testListId="8c84fa94-04c1-424b-9868-57a2d4851a1d" relativeResultsDirectory="2655d1b1-1d7f-4e9a-bcde-cf58140a5aae">
      <Output>
        <StdOut>Test skipped because TestProjects.Spector.Tests.Http.Client.Structure.TwoOperationGroup.TwoOperationGroupTests.Five is currently a stubbed implementation.</StdOut>
        <ErrorInfo>
          <Message>Test skipped because TestProjects.Spector.Tests.Http.Client.Structure.TwoOperationGroup.TwoOperationGroupTests.Five is currently a stubbed implementation.</Message>
        </ErrorInfo>
      </Output>
    </UnitTestResult>
    <UnitTestResult executionId="8379ea54-a9d7-4028-a5cf-50db0fb6897c" testId="46f11cab-7b6b-763b-e496-067b626a37bd" testName="NeverPut" computerName="pkrvmxyh4eaekms" duration="00:00:00.0000020" startTime="2025-06-24T21:13:51.5436439+00:00" endTime="2025-06-24T21:13:51.5436458+00:00" testType="13cdc9d9-ddb5-4fa4-a97d-d965ccfc6d4b" outcome="NotExecuted" testListId="8c84fa94-04c1-424b-9868-57a2d4851a1d" relativeResultsDirectory="8379ea54-a9d7-4028-a5cf-50db0fb6897c">
      <Output>
        <StdOut>Test skipped because TestProjects.Spector.Tests.Http._Type.Property.ValueTypes.ValueTypesTests.NeverPut is currently a stubbed implementation.</StdOut>
        <ErrorInfo>
          <Message>Test skipped because TestProjects.Spector.Tests.Http._Type.Property.ValueTypes.ValueTypesTests.NeverPut is currently a stubbed implementation.</Message>
        </ErrorInfo>
      </Output>
    </UnitTestResult>
    <UnitTestResult executionId="ba9d6c0f-b68c-4a53-a227-8620278f94d1" testId="69f564ad-a04b-e8e3-f090-5c6e8733a168" testName="GetEmpty" computerName="pkrvmxyh4eaekms" duration="00:00:00.0000050" startTime="2025-06-24T21:13:51.5393502+00:00" endTime="2025-06-24T21:13:51.5393552+00:00" testType="13cdc9d9-ddb5-4fa4-a97d-d965ccfc6d4b" outcome="NotExecuted" testListId="8c84fa94-04c1-424b-9868-57a2d4851a1d" relativeResultsDirectory="ba9d6c0f-b68c-4a53-a227-8620278f94d1">
      <Output>
        <StdOut>Test skipped because TestProjects.Spector.Tests.Http._Type.Model.Empty.EmptyTests.GetEmpty is currently a stubbed implementation.</StdOut>
        <ErrorInfo>
          <Message>Test skipped because TestProjects.Spector.Tests.Http._Type.Model.Empty.EmptyTests.GetEmpty is currently a stubbed implementation.</Message>
        </ErrorInfo>
      </Output>
    </UnitTestResult>
    <UnitTestResult executionId="8b86f978-0e62-48f0-8fed-10c1d550f39c" testId="5ceb7b37-fd7e-5d1b-9457-246624e2ca1f" testName="ParametersWithTryAsync" computerName="pkrvmxyh4eaekms" duration="00:00:00.0000020" startTime="2025-06-24T21:13:51.6332701+00:00" endTime="2025-06-24T21:13:51.6332723+00:00" testType="13cdc9d9-ddb5-4fa4-a97d-d965ccfc6d4b" outcome="NotExecuted" testListId="8c84fa94-04c1-424b-9868-57a2d4851a1d" relativeResultsDirectory="8b86f978-0e62-48f0-8fed-10c1d550f39c">
      <Output>
        <StdOut>Test skipped because TestProjects.Spector.Tests.Http.SpecialWords.SpecialWordsTests.ParametersWithTryAsync is currently a stubbed implementation.</StdOut>
        <ErrorInfo>
          <Message>Test skipped because TestProjects.Spector.Tests.Http.SpecialWords.SpecialWordsTests.ParametersWithTryAsync is currently a stubbed implementation.</Message>
        </ErrorInfo>
      </Output>
    </UnitTestResult>
    <UnitTestResult executionId="dddd0db0-db26-450d-99e6-f54ad19d3f81" testId="8329bc4d-7d7c-9966-bf65-39848e6ecfc5" testName="MultiBinaryPartsWithoutPicture" computerName="pkrvmxyh4eaekms" duration="00:00:00.0004340" startTime="2025-06-24T21:13:51.6237152+00:00" endTime="2025-06-24T21:13:51.6241488+00:00" testType="13cdc9d9-ddb5-4fa4-a97d-d965ccfc6d4b" outcome="Failed" testListId="8c84fa94-04c1-424b-9868-57a2d4851a1d" relativeResultsDirectory="dddd0db0-db26-450d-99e6-f54ad19d3f81">
      <Output>
        <ErrorInfo>
          <Message>OneTimeSetUp: System.InvalidOperationException : Cannot find 'node_modules' in parent directories of /home/runner/work/typespec/typespec/packages/http-client-csharp/generator/artifacts/bin/TestProjects.Spector.Tests/Debug/net8.0/TestProjects.Spector.Tests.dll.</Message>
          <StackTrace>
</StackTrace>
        </ErrorInfo>
      </Output>
    </UnitTestResult>
    <UnitTestResult executionId="d8bcc756-1420-43b3-b7cd-a68aa3069cdc" testId="70f5bab1-e568-7df8-7984-2a1882d6804d" testName="HttpPartsNonStringFloat" computerName="pkrvmxyh4eaekms" duration="00:00:00.0004210" startTime="2025-06-24T21:13:51.6237152+00:00" endTime="2025-06-24T21:13:51.6241361+00:00" testType="13cdc9d9-ddb5-4fa4-a97d-d965ccfc6d4b" outcome="Failed" testListId="8c84fa94-04c1-424b-9868-57a2d4851a1d" relativeResultsDirectory="d8bcc756-1420-43b3-b7cd-a68aa3069cdc">
      <Output>
        <ErrorInfo>
          <Message>OneTimeSetUp: System.InvalidOperationException : Cannot find 'node_modules' in parent directories of /home/runner/work/typespec/typespec/packages/http-client-csharp/generator/artifacts/bin/TestProjects.Spector.Tests/Debug/net8.0/TestProjects.Spector.Tests.dll.</Message>
          <StackTrace>
</StackTrace>
        </ErrorInfo>
      </Output>
    </UnitTestResult>
    <UnitTestResult executionId="ca34ff51-fadd-4a29-8087-6af11dcc90e6" testId="88890ee6-9b1a-c296-e074-6e998b94dc22" testName="GetStringAndArray" computerName="pkrvmxyh4eaekms" duration="00:00:00.0000010" startTime="2025-06-24T21:13:51.5442140+00:00" endTime="2025-06-24T21:13:51.5442150+00:00" testType="13cdc9d9-ddb5-4fa4-a97d-d965ccfc6d4b" outcome="NotExecuted" testListId="8c84fa94-04c1-424b-9868-57a2d4851a1d" relativeResultsDirectory="ca34ff51-fadd-4a29-8087-6af11dcc90e6">
      <Output>
        <StdOut>Test skipped because TestProjects.Spector.Tests.Http._Type.Union.UnionTests.GetStringAndArray is currently a stubbed implementation.</StdOut>
        <ErrorInfo>
          <Message>Test skipped because TestProjects.Spector.Tests.Http._Type.Union.UnionTests.GetStringAndArray is currently a stubbed implementation.</Message>
        </ErrorInfo>
      </Output>
    </UnitTestResult>
    <UnitTestResult executionId="cc039104-3f63-4e46-a2a6-4141e8cd6511" testId="6f2f51ab-c727-879b-0724-780a5ebbb724" testName="RecursiveModelValuePut" computerName="pkrvmxyh4eaekms" duration="00:00:00.0000010" startTime="2025-06-24T21:13:51.5391671+00:00" endTime="2025-06-24T21:13:51.5391686+00:00" testType="13cdc9d9-ddb5-4fa4-a97d-d965ccfc6d4b" outcome="NotExecuted" testListId="8c84fa94-04c1-424b-9868-57a2d4851a1d" relativeResultsDirectory="cc039104-3f63-4e46-a2a6-4141e8cd6511">
      <Output>
        <StdOut>Test skipped because TestProjects.Spector.Tests.Http._Type.Dictionary.DictionaryTests.RecursiveModelValuePut is currently a stubbed implementation.</StdOut>
        <ErrorInfo>
          <Message>Test skipped because TestProjects.Spector.Tests.Http._Type.Dictionary.DictionaryTests.RecursiveModelValuePut is currently a stubbed implementation.</Message>
        </ErrorInfo>
      </Output>
    </UnitTestResult>
    <UnitTestResult executionId="193efc9c-0819-4eb4-9f57-ab6810b2b092" testId="0626a39a-73db-94b5-466e-6cea975b8e88" testName="OperationsIsAsync" computerName="pkrvmxyh4eaekms" duration="00:00:00.0000020" startTime="2025-06-24T21:13:51.6328905+00:00" endTime="2025-06-24T21:13:51.6328925+00:00" testType="13cdc9d9-ddb5-4fa4-a97d-d965ccfc6d4b" outcome="NotExecuted" testListId="8c84fa94-04c1-424b-9868-57a2d4851a1d" relativeResultsDirectory="193efc9c-0819-4eb4-9f57-ab6810b2b092">
      <Output>
        <StdOut>Test skipped because TestProjects.Spector.Tests.Http.SpecialWords.SpecialWordsTests.OperationsIsAsync is currently a stubbed implementation.</StdOut>
        <ErrorInfo>
          <Message>Test skipped because TestProjects.Spector.Tests.Http.SpecialWords.SpecialWordsTests.OperationsIsAsync is currently a stubbed implementation.</Message>
        </ErrorInfo>
      </Output>
    </UnitTestResult>
    <UnitTestResult executionId="260fa1b2-eade-4afe-a786-581433660b7e" testId="761de924-ec33-8b13-5a31-3a4d4c87d87f" testName="ModelsWithNotAsync" computerName="pkrvmxyh4eaekms" duration="00:00:00.0000020" startTime="2025-06-24T21:13:51.6326093+00:00" endTime="2025-06-24T21:13:51.6326110+00:00" testType="13cdc9d9-ddb5-4fa4-a97d-d965ccfc6d4b" outcome="NotExecuted" testListId="8c84fa94-04c1-424b-9868-57a2d4851a1d" relativeResultsDirectory="260fa1b2-eade-4afe-a786-581433660b7e">
      <Output>
        <StdOut>Test skipped because TestProjects.Spector.Tests.Http.SpecialWords.SpecialWordsTests.ModelsWithNotAsync is currently a stubbed implementation.</StdOut>
        <ErrorInfo>
          <Message>Test skipped because TestProjects.Spector.Tests.Http.SpecialWords.SpecialWordsTests.ModelsWithNotAsync is currently a stubbed implementation.</Message>
        </ErrorInfo>
      </Output>
    </UnitTestResult>
    <UnitTestResult executionId="0008a7a8-eb4e-43b1-b94f-b940f4044ea6" testId="bdeeb7fc-cad2-08e6-1a45-a3e88cad7183" testName="Fixed" computerName="pkrvmxyh4eaekms" duration="00:00:00.0000040" startTime="2025-06-24T21:13:51.6255016+00:00" endTime="2025-06-24T21:13:51.6255060+00:00" testType="13cdc9d9-ddb5-4fa4-a97d-d965ccfc6d4b" outcome="NotExecuted" testListId="8c84fa94-04c1-424b-9868-57a2d4851a1d" relativeResultsDirectory="0008a7a8-eb4e-43b1-b94f-b940f4044ea6">
      <Output>
        <StdOut>Test skipped because TestProjects.Spector.Tests.Http.Routes.PathParameterTests.Fixed is currently a stubbed implementation.</StdOut>
        <ErrorInfo>
          <Message>Test skipped because TestProjects.Spector.Tests.Http.Routes.PathParameterTests.Fixed is currently a stubbed implementation.</Message>
        </ErrorInfo>
      </Output>
    </UnitTestResult>
    <UnitTestResult executionId="c50c65d9-8f2a-412c-8ad2-1dfba083af6e" testId="ad4976a4-cd01-2db5-cd6a-3cc300541379" testName="PathAnnotationOnly" computerName="pkrvmxyh4eaekms" duration="00:00:00.0000020" startTime="2025-06-24T21:13:51.6255754+00:00" endTime="2025-06-24T21:13:51.6255773+00:00" testType="13cdc9d9-ddb5-4fa4-a97d-d965ccfc6d4b" outcome="NotExecuted" testListId="8c84fa94-04c1-424b-9868-57a2d4851a1d" relativeResultsDirectory="c50c65d9-8f2a-412c-8ad2-1dfba083af6e">
      <Output>
        <StdOut>Test skipped because TestProjects.Spector.Tests.Http.Routes.PathParameterTests.PathAnnotationOnly is currently a stubbed implementation.</StdOut>
        <ErrorInfo>
          <Message>Test skipped because TestProjects.Spector.Tests.Http.Routes.PathParameterTests.PathAnnotationOnly is currently a stubbed implementation.</Message>
        </ErrorInfo>
      </Output>
    </UnitTestResult>
    <UnitTestResult executionId="5c14ca9d-987a-44af-8eae-32a9ec4f2dc0" testId="7b48d446-573e-38e5-8f68-076ea029b41f" testName="Client_Structure_default_methods(Client.Structure.Service.ServiceClient,[&quot;One&quot;, &quot;Two&quot;])" computerName="pkrvmxyh4eaekms" duration="00:00:00.0010520" startTime="2025-06-24T21:13:51.5640486+00:00" endTime="2025-06-24T21:13:51.5651007+00:00" testType="13cdc9d9-ddb5-4fa4-a97d-d965ccfc6d4b" outcome="Passed" testListId="8c84fa94-04c1-424b-9868-57a2d4851a1d" relativeResultsDirectory="5c14ca9d-987a-44af-8eae-32a9ec4f2dc0" />
    <UnitTestResult executionId="01987d90-ad76-40db-b6f1-aa595ee9597b" testId="2293bdae-d312-0a38-f8a2-722e53483ebd" testName="AddOptionalParamFromOneOptional_WithApiVersionV1" computerName="pkrvmxyh4eaekms" duration="00:00:00.0000020" startTime="2025-06-24T21:13:51.6250576+00:00" endTime="2025-06-24T21:13:51.6250591+00:00" testType="13cdc9d9-ddb5-4fa4-a97d-d965ccfc6d4b" outcome="NotExecuted" testListId="8c84fa94-04c1-424b-9868-57a2d4851a1d" relativeResultsDirectory="01987d90-ad76-40db-b6f1-aa595ee9597b">
      <Output>
        <StdOut>Test skipped because TestProjects.Spector.Tests.Http.Resiliency.SrvDriven.V2.SrvDrivenV2Tests.AddOptionalParamFromOneOptional_WithApiVersionV1 is currently a stubbed implementation.</StdOut>
        <ErrorInfo>
          <Message>Test skipped because TestProjects.Spector.Tests.Http.Resiliency.SrvDriven.V2.SrvDrivenV2Tests.AddOptionalParamFromOneOptional_WithApiVersionV1 is currently a stubbed implementation.</Message>
        </ErrorInfo>
      </Output>
    </UnitTestResult>
    <UnitTestResult executionId="c7413cf5-b00e-43f2-a2ea-a2b1bc578ded" testId="65d502fd-51a5-b78d-6b27-cae344717057" testName="GetWrongDiscriminator" computerName="pkrvmxyh4eaekms" duration="00:00:00.0000010" startTime="2025-06-24T21:13:51.5408307+00:00" endTime="2025-06-24T21:13:51.5408320+00:00" testType="13cdc9d9-ddb5-4fa4-a97d-d965ccfc6d4b" outcome="NotExecuted" testListId="8c84fa94-04c1-424b-9868-57a2d4851a1d" relativeResultsDirectory="c7413cf5-b00e-43f2-a2ea-a2b1bc578ded">
      <Output>
        <StdOut>Test skipped because TestProjects.Spector.Tests.Http._Type.Model.Inheritance.SingleDiscriminator.SingleDiscriminatorTests.GetWrongDiscriminator is currently a stubbed implementation.</StdOut>
        <ErrorInfo>
          <Message>Test skipped because TestProjects.Spector.Tests.Http._Type.Model.Inheritance.SingleDiscriminator.SingleDiscriminatorTests.GetWrongDiscriminator is currently a stubbed implementation.</Message>
        </ErrorInfo>
      </Output>
    </UnitTestResult>
    <UnitTestResult executionId="0372e690-57e0-4c97-9ac4-4b21d6111389" testId="fc496a3d-0cb6-ea63-917a-10dad52540cb" testName="UnknownValuePut" computerName="pkrvmxyh4eaekms" duration="00:00:00.0000010" startTime="2025-06-24T21:13:51.5359093+00:00" endTime="2025-06-24T21:13:51.5359104+00:00" testType="13cdc9d9-ddb5-4fa4-a97d-d965ccfc6d4b" outcome="NotExecuted" testListId="8c84fa94-04c1-424b-9868-57a2d4851a1d" relativeResultsDirectory="0372e690-57e0-4c97-9ac4-4b21d6111389">
      <Output>
        <StdOut>Test skipped because TestProjects.Spector.Tests.Http._Type._Array.ArrayTests.UnknownValuePut is currently a stubbed implementation.</StdOut>
        <ErrorInfo>
          <Message>Test skipped because TestProjects.Spector.Tests.Http._Type._Array.ArrayTests.UnknownValuePut is currently a stubbed implementation.</Message>
        </ErrorInfo>
      </Output>
    </UnitTestResult>
    <UnitTestResult executionId="2543890e-c125-4ca5-a371-abe7c88f4bf1" testId="1626822a-3fa9-5b5e-a7a8-499cbd1856f4" testName="OperationsImportAsync" computerName="pkrvmxyh4eaekms" duration="00:00:00.0000020" startTime="2025-06-24T21:13:51.6328742+00:00" endTime="2025-06-24T21:13:51.6328760+00:00" testType="13cdc9d9-ddb5-4fa4-a97d-d965ccfc6d4b" outcome="NotExecuted" testListId="8c84fa94-04c1-424b-9868-57a2d4851a1d" relativeResultsDirectory="2543890e-c125-4ca5-a371-abe7c88f4bf1">
      <Output>
        <StdOut>Test skipped because TestProjects.Spector.Tests.Http.SpecialWords.SpecialWordsTests.OperationsImportAsync is currently a stubbed implementation.</StdOut>
        <ErrorInfo>
          <Message>Test skipped because TestProjects.Spector.Tests.Http.SpecialWords.SpecialWordsTests.OperationsImportAsync is currently a stubbed implementation.</Message>
        </ErrorInfo>
      </Output>
    </UnitTestResult>
    <UnitTestResult executionId="1426998f-b3c8-414e-bf3d-5a1bf7003709" testId="507b47a2-a96f-586f-41f2-5c729b0455eb" testName="RoundTripWithJsonInterfaceNonGenericJson" computerName="pkrvmxyh4eaekms" duration="00:00:00.0000060" startTime="2025-06-24T21:13:51.5405145+00:00" endTime="2025-06-24T21:13:51.5405210+00:00" testType="13cdc9d9-ddb5-4fa4-a97d-d965ccfc6d4b" outcome="NotExecuted" testListId="8c84fa94-04c1-424b-9868-57a2d4851a1d" relativeResultsDirectory="1426998f-b3c8-414e-bf3d-5a1bf7003709">
      <Output>
        <StdOut>Test skipped because TestProjects.Spector.Tests.Http._Type.Model.Inheritance.SingleDiscriminator.EagleTests.RoundTripWithJsonInterfaceNonGenericJson is currently a stubbed implementation.</StdOut>
        <ErrorInfo>
          <Message>Test skipped because TestProjects.Spector.Tests.Http._Type.Model.Inheritance.SingleDiscriminator.EagleTests.RoundTripWithJsonInterfaceNonGenericJson is currently a stubbed implementation.</Message>
        </ErrorInfo>
      </Output>
    </UnitTestResult>
    <UnitTestResult executionId="7f85db9b-7c9d-433a-8da5-076ff5e1ced4" testId="2df10659-c7a6-d86d-8c56-a96057c20095" testName="GetExtensibleModelWrongDiscriminator" computerName="pkrvmxyh4eaekms" duration="00:00:00.0000020" startTime="2025-06-24T21:13:51.5395566+00:00" endTime="2025-06-24T21:13:51.5395582+00:00" testType="13cdc9d9-ddb5-4fa4-a97d-d965ccfc6d4b" outcome="NotExecuted" testListId="8c84fa94-04c1-424b-9868-57a2d4851a1d" relativeResultsDirectory="7f85db9b-7c9d-433a-8da5-076ff5e1ced4">
      <Output>
        <StdOut>Test skipped because TestProjects.Spector.Tests.Http._Type.Model.Inheritance.EnumDiscriminator.EnumDiscriminatorTests.GetExtensibleModelWrongDiscriminator is currently a stubbed implementation.</StdOut>
        <ErrorInfo>
          <Message>Test skipped because TestProjects.Spector.Tests.Http._Type.Model.Inheritance.EnumDiscriminator.EnumDiscriminatorTests.GetExtensibleModelWrongDiscriminator is currently a stubbed implementation.</Message>
        </ErrorInfo>
      </Output>
    </UnitTestResult>
    <UnitTestResult executionId="cb975d6f-eaa6-4790-8126-495547751b90" testId="1dc01d01-dd20-5c43-85bc-8675e913563f" testName="Explicit" computerName="pkrvmxyh4eaekms" duration="00:00:00.0000060" startTime="2025-06-24T21:13:51.6254838+00:00" endTime="2025-06-24T21:13:51.6254897+00:00" testType="13cdc9d9-ddb5-4fa4-a97d-d965ccfc6d4b" outcome="NotExecuted" testListId="8c84fa94-04c1-424b-9868-57a2d4851a1d" relativeResultsDirectory="cb975d6f-eaa6-4790-8126-495547751b90">
      <Output>
        <StdOut>Test skipped because TestProjects.Spector.Tests.Http.Routes.PathParameterTests.Explicit is currently a stubbed implementation.</StdOut>
        <ErrorInfo>
          <Message>Test skipped because TestProjects.Spector.Tests.Http.Routes.PathParameterTests.Explicit is currently a stubbed implementation.</Message>
        </ErrorInfo>
      </Output>
    </UnitTestResult>
    <UnitTestResult executionId="1c1a9361-5e2c-4bce-803c-51f2c9ba033b" testId="b5d33c42-af96-4292-2f24-a41bf9e5e922" testName="OperationsOrAsync" computerName="pkrvmxyh4eaekms" duration="00:00:00.0000020" startTime="2025-06-24T21:13:51.6329186+00:00" endTime="2025-06-24T21:13:51.6329209+00:00" testType="13cdc9d9-ddb5-4fa4-a97d-d965ccfc6d4b" outcome="NotExecuted" testListId="8c84fa94-04c1-424b-9868-57a2d4851a1d" relativeResultsDirectory="1c1a9361-5e2c-4bce-803c-51f2c9ba033b">
      <Output>
        <StdOut>Test skipped because TestProjects.Spector.Tests.Http.SpecialWords.SpecialWordsTests.OperationsOrAsync is currently a stubbed implementation.</StdOut>
        <ErrorInfo>
          <Message>Test skipped because TestProjects.Spector.Tests.Http.SpecialWords.SpecialWordsTests.OperationsOrAsync is currently a stubbed implementation.</Message>
        </ErrorInfo>
      </Output>
    </UnitTestResult>
    <UnitTestResult executionId="b3eeff04-2c63-4efc-9686-5f6a6a48b308" testId="476509a5-2c92-f2f4-a0df-1546bc55de17" testName="VerifySpreadAsRequestBodyInModelMethod" computerName="pkrvmxyh4eaekms" duration="00:00:00.0004450" startTime="2025-06-24T21:13:51.6212111+00:00" endTime="2025-06-24T21:13:51.6216563+00:00" testType="13cdc9d9-ddb5-4fa4-a97d-d965ccfc6d4b" outcome="Passed" testListId="8c84fa94-04c1-424b-9868-57a2d4851a1d" relativeResultsDirectory="b3eeff04-2c63-4efc-9686-5f6a6a48b308" />
    <UnitTestResult executionId="4f02e9d7-59e7-4ebd-9ec0-36986de86881" testId="14c7cd6c-c6f4-fecf-e150-c8d97c0dbf54" testName="RoundTripWithJsonInterfaceOfTWire" computerName="pkrvmxyh4eaekms" duration="00:00:00.0000010" startTime="2025-06-24T21:13:51.5405522+00:00" endTime="2025-06-24T21:13:51.5405537+00:00" testType="13cdc9d9-ddb5-4fa4-a97d-d965ccfc6d4b" outcome="NotExecuted" testListId="8c84fa94-04c1-424b-9868-57a2d4851a1d" relativeResultsDirectory="4f02e9d7-59e7-4ebd-9ec0-36986de86881">
      <Output>
        <StdOut>Test skipped because TestProjects.Spector.Tests.Http._Type.Model.Inheritance.SingleDiscriminator.EagleTests.RoundTripWithJsonInterfaceOfTWire is currently a stubbed implementation.</StdOut>
        <ErrorInfo>
          <Message>Test skipped because TestProjects.Spector.Tests.Http._Type.Model.Inheritance.SingleDiscriminator.EagleTests.RoundTripWithJsonInterfaceOfTWire is currently a stubbed implementation.</Message>
        </ErrorInfo>
      </Output>
    </UnitTestResult>
    <UnitTestResult executionId="52081bae-e8e7-4989-b2dc-e8f981162b98" testId="b0303144-de5a-2570-c1ab-7299784d4af0" testName="AddOptionalParamFromOneOptional_WithApiVersionV2" computerName="pkrvmxyh4eaekms" duration="00:00:00.0000020" startTime="2025-06-24T21:13:51.6250652+00:00" endTime="2025-06-24T21:13:51.6250669+00:00" testType="13cdc9d9-ddb5-4fa4-a97d-d965ccfc6d4b" outcome="NotExecuted" testListId="8c84fa94-04c1-424b-9868-57a2d4851a1d" relativeResultsDirectory="52081bae-e8e7-4989-b2dc-e8f981162b98">
      <Output>
        <StdOut>Test skipped because TestProjects.Spector.Tests.Http.Resiliency.SrvDriven.V2.SrvDrivenV2Tests.AddOptionalParamFromOneOptional_WithApiVersionV2 is currently a stubbed implementation.</StdOut>
        <ErrorInfo>
          <Message>Test skipped because TestProjects.Spector.Tests.Http.Resiliency.SrvDriven.V2.SrvDrivenV2Tests.AddOptionalParamFromOneOptional_WithApiVersionV2 is currently a stubbed implementation.</Message>
        </ErrorInfo>
      </Output>
    </UnitTestResult>
    <UnitTestResult executionId="32946032-73d5-4577-aaa2-24700b3794cc" testId="dd4f59e0-25c6-2827-7b30-0dacf3b52fdc" testName="DatetimePut" computerName="pkrvmxyh4eaekms" duration="00:00:00.0000020" startTime="2025-06-24T21:13:51.5434898+00:00" endTime="2025-06-24T21:13:51.5434918+00:00" testType="13cdc9d9-ddb5-4fa4-a97d-d965ccfc6d4b" outcome="NotExecuted" testListId="8c84fa94-04c1-424b-9868-57a2d4851a1d" relativeResultsDirectory="32946032-73d5-4577-aaa2-24700b3794cc">
      <Output>
        <StdOut>Test skipped because TestProjects.Spector.Tests.Http._Type.Property.ValueTypes.ValueTypesTests.DatetimePut is currently a stubbed implementation.</StdOut>
        <ErrorInfo>
          <Message>Test skipped because TestProjects.Spector.Tests.Http._Type.Property.ValueTypes.ValueTypesTests.DatetimePut is currently a stubbed implementation.</Message>
        </ErrorInfo>
      </Output>
    </UnitTestResult>
    <UnitTestResult executionId="80c2431a-ccde-4c3d-bdcd-2db356cdf1d6" testId="9baa9896-e57c-9e55-93b3-a2304d982361" testName="RoundTripWithModelInterfaceNonGenericWire" computerName="pkrvmxyh4eaekms" duration="00:00:00.0000010" startTime="2025-06-24T21:13:51.5422572+00:00" endTime="2025-06-24T21:13:51.5422586+00:00" testType="13cdc9d9-ddb5-4fa4-a97d-d965ccfc6d4b" outcome="NotExecuted" testListId="8c84fa94-04c1-424b-9868-57a2d4851a1d" relativeResultsDirectory="80c2431a-ccde-4c3d-bdcd-2db356cdf1d6">
      <Output>
        <StdOut>Test skipped because TestProjects.Spector.Tests.Http._Type.Property.AdditionalProperties.MultipleSpreadRecordTests.RoundTripWithModelInterfaceNonGenericWire is currently a stubbed implementation.</StdOut>
        <ErrorInfo>
          <Message>Test skipped because TestProjects.Spector.Tests.Http._Type.Property.AdditionalProperties.MultipleSpreadRecordTests.RoundTripWithModelInterfaceNonGenericWire is currently a stubbed implementation.</Message>
        </ErrorInfo>
      </Output>
    </UnitTestResult>
    <UnitTestResult executionId="59e3b19e-970f-42f5-ba8b-47dad2f7b77e" testId="042bfee3-499b-2359-39a5-88cc62765608" testName="IsStringGet" computerName="pkrvmxyh4eaekms" duration="00:00:00.0000020" startTime="2025-06-24T21:13:51.5415404+00:00" endTime="2025-06-24T21:13:51.5415425+00:00" testType="13cdc9d9-ddb5-4fa4-a97d-d965ccfc6d4b" outcome="NotExecuted" testListId="8c84fa94-04c1-424b-9868-57a2d4851a1d" relativeResultsDirectory="59e3b19e-970f-42f5-ba8b-47dad2f7b77e">
      <Output>
        <StdOut>Test skipped because TestProjects.Spector.Tests.Http._Type.Property.AdditionalProperties.AdditionalPropertiesTests.IsStringGet is currently a stubbed implementation.</StdOut>
        <ErrorInfo>
          <Message>Test skipped because TestProjects.Spector.Tests.Http._Type.Property.AdditionalProperties.AdditionalPropertiesTests.IsStringGet is currently a stubbed implementation.</Message>
        </ErrorInfo>
      </Output>
    </UnitTestResult>
    <UnitTestResult executionId="c4d8cca0-32c0-4159-a887-9c9ff0f28e5f" testId="83cf61c0-85b0-705b-d6fb-fb7c2c7abc56" testName="ModelsWithExecAsync" computerName="pkrvmxyh4eaekms" duration="00:00:00.0000020" startTime="2025-06-24T21:13:51.6325242+00:00" endTime="2025-06-24T21:13:51.6325262+00:00" testType="13cdc9d9-ddb5-4fa4-a97d-d965ccfc6d4b" outcome="NotExecuted" testListId="8c84fa94-04c1-424b-9868-57a2d4851a1d" relativeResultsDirectory="c4d8cca0-32c0-4159-a887-9c9ff0f28e5f">
      <Output>
        <StdOut>Test skipped because TestProjects.Spector.Tests.Http.SpecialWords.SpecialWordsTests.ModelsWithExecAsync is currently a stubbed implementation.</StdOut>
        <ErrorInfo>
          <Message>Test skipped because TestProjects.Spector.Tests.Http.SpecialWords.SpecialWordsTests.ModelsWithExecAsync is currently a stubbed implementation.</Message>
        </ErrorInfo>
      </Output>
    </UnitTestResult>
    <UnitTestResult executionId="19f93fba-dc93-4bf2-9224-a736e3550edc" testId="a7f08c81-e754-e7bf-0bca-2d1e56d53308" testName="HttpPartsImageJpegContentType" computerName="pkrvmxyh4eaekms" duration="00:00:00.0004150" startTime="2025-06-24T21:13:51.6237152+00:00" endTime="2025-06-24T21:13:51.6241300+00:00" testType="13cdc9d9-ddb5-4fa4-a97d-d965ccfc6d4b" outcome="Failed" testListId="8c84fa94-04c1-424b-9868-57a2d4851a1d" relativeResultsDirectory="19f93fba-dc93-4bf2-9224-a736e3550edc">
      <Output>
        <ErrorInfo>
          <Message>OneTimeSetUp: System.InvalidOperationException : Cannot find 'node_modules' in parent directories of /home/runner/work/typespec/typespec/packages/http-client-csharp/generator/artifacts/bin/TestProjects.Spector.Tests/Debug/net8.0/TestProjects.Spector.Tests.dll.</Message>
          <StackTrace>
</StackTrace>
        </ErrorInfo>
      </Output>
    </UnitTestResult>
    <UnitTestResult executionId="3ad58f86-5053-4620-85dd-02eecc30621a" testId="2209afca-aab8-ea8b-b667-15d211eae6a7" testName="WithoutApiVersion" computerName="pkrvmxyh4eaekms" duration="00:00:00.0000060" startTime="2025-06-24T21:13:51.6272000+00:00" endTime="2025-06-24T21:13:51.6272059+00:00" testType="13cdc9d9-ddb5-4fa4-a97d-d965ccfc6d4b" outcome="NotExecuted" testListId="8c84fa94-04c1-424b-9868-57a2d4851a1d" relativeResultsDirectory="3ad58f86-5053-4620-85dd-02eecc30621a">
      <Output>
        <StdOut>Test skipped because TestProjects.Spector.Tests.Http.Server.Versions.NotVersioned.NotVersionedTests.WithoutApiVersion is currently a stubbed implementation.</StdOut>
        <ErrorInfo>
          <Message>Test skipped because TestProjects.Spector.Tests.Http.Server.Versions.NotVersioned.NotVersionedTests.WithoutApiVersion is currently a stubbed implementation.</Message>
        </ErrorInfo>
      </Output>
    </UnitTestResult>
    <UnitTestResult executionId="91ff4d33-9385-4ae8-b38f-c3ea9df75a79" testId="9054ae33-ca06-b4c1-6a05-55986caa066f" testName="ExtendsModelGet" computerName="pkrvmxyh4eaekms" duration="00:00:00.0000010" startTime="2025-06-24T21:13:51.5414302+00:00" endTime="2025-06-24T21:13:51.5414312+00:00" testType="13cdc9d9-ddb5-4fa4-a97d-d965ccfc6d4b" outcome="NotExecuted" testListId="8c84fa94-04c1-424b-9868-57a2d4851a1d" relativeResultsDirectory="91ff4d33-9385-4ae8-b38f-c3ea9df75a79">
      <Output>
        <StdOut>Test skipped because TestProjects.Spector.Tests.Http._Type.Property.AdditionalProperties.AdditionalPropertiesTests.ExtendsModelGet is currently a stubbed implementation.</StdOut>
        <ErrorInfo>
          <Message>Test skipped because TestProjects.Spector.Tests.Http._Type.Property.AdditionalProperties.AdditionalPropertiesTests.ExtendsModelGet is currently a stubbed implementation.</Message>
        </ErrorInfo>
      </Output>
    </UnitTestResult>
    <UnitTestResult executionId="977dad26-9610-4f2f-b5de-5bfc1ecadef1" testId="08adb212-6afa-960b-11fc-1c0577b8ac12" testName="HeaderISO8601Array" computerName="pkrvmxyh4eaekms" duration="00:00:00.0000020" startTime="2025-06-24T21:13:51.5885959+00:00" endTime="2025-06-24T21:13:51.5885978+00:00" testType="13cdc9d9-ddb5-4fa4-a97d-d965ccfc6d4b" outcome="NotExecuted" testListId="8c84fa94-04c1-424b-9868-57a2d4851a1d" relativeResultsDirectory="977dad26-9610-4f2f-b5de-5bfc1ecadef1">
      <Output>
        <StdOut>Test skipped because TestProjects.Spector.Tests.Http.Encode.Duration.EncodeDurationTests.HeaderISO8601Array is currently a stubbed implementation.</StdOut>
        <ErrorInfo>
          <Message>Test skipped because TestProjects.Spector.Tests.Http.Encode.Duration.EncodeDurationTests.HeaderISO8601Array is currently a stubbed implementation.</Message>
        </ErrorInfo>
      </Output>
    </UnitTestResult>
    <UnitTestResult executionId="ef2bf182-7fad-445e-8ae9-f518a0d3474b" testId="fc547443-adb7-bf09-5943-6f8209bac2e7" testName="QueryFloat64Seconds" computerName="pkrvmxyh4eaekms" duration="00:00:00.0000020" startTime="2025-06-24T21:13:51.5887207+00:00" endTime="2025-06-24T21:13:51.5887223+00:00" testType="13cdc9d9-ddb5-4fa4-a97d-d965ccfc6d4b" outcome="NotExecuted" testListId="8c84fa94-04c1-424b-9868-57a2d4851a1d" relativeResultsDirectory="ef2bf182-7fad-445e-8ae9-f518a0d3474b">
      <Output>
        <StdOut>Test skipped because TestProjects.Spector.Tests.Http.Encode.Duration.EncodeDurationTests.QueryFloat64Seconds is currently a stubbed implementation.</StdOut>
        <ErrorInfo>
          <Message>Test skipped because TestProjects.Spector.Tests.Http.Encode.Duration.EncodeDurationTests.QueryFloat64Seconds is currently a stubbed implementation.</Message>
        </ErrorInfo>
      </Output>
    </UnitTestResult>
    <UnitTestResult executionId="164d5c2a-74ec-497e-b488-79524791b519" testId="3f571377-cdb3-00ac-e4ec-6d0b9879add7" testName="ParametersWithRaiseAsync" computerName="pkrvmxyh4eaekms" duration="00:00:00.0000020" startTime="2025-06-24T21:13:51.6332523+00:00" endTime="2025-06-24T21:13:51.6332543+00:00" testType="13cdc9d9-ddb5-4fa4-a97d-d965ccfc6d4b" outcome="NotExecuted" testListId="8c84fa94-04c1-424b-9868-57a2d4851a1d" relativeResultsDirectory="164d5c2a-74ec-497e-b488-79524791b519">
      <Output>
        <StdOut>Test skipped because TestProjects.Spector.Tests.Http.SpecialWords.SpecialWordsTests.ParametersWithRaiseAsync is currently a stubbed implementation.</StdOut>
        <ErrorInfo>
          <Message>Test skipped because TestProjects.Spector.Tests.Http.SpecialWords.SpecialWordsTests.ParametersWithRaiseAsync is currently a stubbed implementation.</Message>
        </ErrorInfo>
      </Output>
    </UnitTestResult>
    <UnitTestResult executionId="03e5703d-a6a5-4e28-9d16-afc591219007" testId="3275c535-98d3-2671-bf0a-4dd9d2b30351" testName="EnumPut" computerName="pkrvmxyh4eaekms" duration="00:00:00.0000010" startTime="2025-06-24T21:13:51.5435518+00:00" endTime="2025-06-24T21:13:51.5435529+00:00" testType="13cdc9d9-ddb5-4fa4-a97d-d965ccfc6d4b" outcome="NotExecuted" testListId="8c84fa94-04c1-424b-9868-57a2d4851a1d" relativeResultsDirectory="03e5703d-a6a5-4e28-9d16-afc591219007">
      <Output>
        <StdOut>Test skipped because TestProjects.Spector.Tests.Http._Type.Property.ValueTypes.ValueTypesTests.EnumPut is currently a stubbed implementation.</StdOut>
        <ErrorInfo>
          <Message>Test skipped because TestProjects.Spector.Tests.Http._Type.Property.ValueTypes.ValueTypesTests.EnumPut is currently a stubbed implementation.</Message>
        </ErrorInfo>
      </Output>
    </UnitTestResult>
    <UnitTestResult executionId="5f9c13ac-354d-4a4b-8be0-72ada207e417" testId="f89ce99d-2c8d-2776-166b-bf510050cbe2" testName="ConvenienceMethodSync" computerName="pkrvmxyh4eaekms" duration="00:00:00.0000030" startTime="2025-06-24T21:13:51.6246082+00:00" endTime="2025-06-24T21:13:51.6246108+00:00" testType="13cdc9d9-ddb5-4fa4-a97d-d965ccfc6d4b" outcome="NotExecuted" testListId="8c84fa94-04c1-424b-9868-57a2d4851a1d" relativeResultsDirectory="5f9c13ac-354d-4a4b-8be0-72ada207e417">
      <Output>
        <StdOut>Test skipped because TestProjects.Spector.Tests.Http.Payload.Pageable.NextLinkPaginationTests.ConvenienceMethodSync is currently a stubbed implementation.</StdOut>
        <ErrorInfo>
          <Message>Test skipped because TestProjects.Spector.Tests.Http.Payload.Pageable.NextLinkPaginationTests.ConvenienceMethodSync is currently a stubbed implementation.</Message>
        </ErrorInfo>
      </Output>
    </UnitTestResult>
    <UnitTestResult executionId="89499f5a-416a-4bfc-aa7a-ef1c59144bf2" testId="11591035-e8d7-d997-9138-1e5cd3c3796b" testName="UnionStringLiteralGet" computerName="pkrvmxyh4eaekms" duration="00:00:00.0000010" startTime="2025-06-24T21:13:51.5437168+00:00" endTime="2025-06-24T21:13:51.5437178+00:00" testType="13cdc9d9-ddb5-4fa4-a97d-d965ccfc6d4b" outcome="NotExecuted" testListId="8c84fa94-04c1-424b-9868-57a2d4851a1d" relativeResultsDirectory="89499f5a-416a-4bfc-aa7a-ef1c59144bf2">
      <Output>
        <StdOut>Test skipped because TestProjects.Spector.Tests.Http._Type.Property.ValueTypes.ValueTypesTests.UnionStringLiteralGet is currently a stubbed implementation.</StdOut>
        <ErrorInfo>
          <Message>Test skipped because TestProjects.Spector.Tests.Http._Type.Property.ValueTypes.ValueTypesTests.UnionStringLiteralGet is currently a stubbed implementation.</Message>
        </ErrorInfo>
      </Output>
    </UnitTestResult>
    <UnitTestResult executionId="bbf53d48-6685-4b80-80e1-06337396d4d1" testId="0939645a-5917-d185-c8a8-b352118a6114" testName="ModelsWithYieldAsync" computerName="pkrvmxyh4eaekms" duration="00:00:00.0000040" startTime="2025-06-24T21:13:51.6326827+00:00" endTime="2025-06-24T21:13:51.6326862+00:00" testType="13cdc9d9-ddb5-4fa4-a97d-d965ccfc6d4b" outcome="NotExecuted" testListId="8c84fa94-04c1-424b-9868-57a2d4851a1d" relativeResultsDirectory="bbf53d48-6685-4b80-80e1-06337396d4d1">
      <Output>
        <StdOut>Test skipped because TestProjects.Spector.Tests.Http.SpecialWords.SpecialWordsTests.ModelsWithYieldAsync is currently a stubbed implementation.</StdOut>
        <ErrorInfo>
          <Message>Test skipped because TestProjects.Spector.Tests.Http.SpecialWords.SpecialWordsTests.ModelsWithYieldAsync is currently a stubbed implementation.</Message>
        </ErrorInfo>
      </Output>
    </UnitTestResult>
    <UnitTestResult executionId="e27b6683-d013-43df-b9a2-a611902c3aac" testId="6934aa15-a024-17b7-f771-6a780f957551" testName="NullableModelValueGet" computerName="pkrvmxyh4eaekms" duration="00:00:00.0000010" startTime="2025-06-24T21:13:51.5358705+00:00" endTime="2025-06-24T21:13:51.5358715+00:00" testType="13cdc9d9-ddb5-4fa4-a97d-d965ccfc6d4b" outcome="NotExecuted" testListId="8c84fa94-04c1-424b-9868-57a2d4851a1d" relativeResultsDirectory="e27b6683-d013-43df-b9a2-a611902c3aac">
      <Output>
        <StdOut>Test skipped because TestProjects.Spector.Tests.Http._Type._Array.ArrayTests.NullableModelValueGet is currently a stubbed implementation.</StdOut>
        <ErrorInfo>
          <Message>Test skipped because TestProjects.Spector.Tests.Http._Type._Array.ArrayTests.NullableModelValueGet is currently a stubbed implementation.</Message>
        </ErrorInfo>
      </Output>
    </UnitTestResult>
    <UnitTestResult executionId="52b09b09-0561-4fcc-8778-6a427e36a4cf" testId="a426f576-3808-e304-9b70-c173fd5c8cdc" testName="Int64ValuePut" computerName="pkrvmxyh4eaekms" duration="00:00:00.0000010" startTime="2025-06-24T21:13:51.5358193+00:00" endTime="2025-06-24T21:13:51.5358206+00:00" testType="13cdc9d9-ddb5-4fa4-a97d-d965ccfc6d4b" outcome="NotExecuted" testListId="8c84fa94-04c1-424b-9868-57a2d4851a1d" relativeResultsDirectory="52b09b09-0561-4fcc-8778-6a427e36a4cf">
      <Output>
        <StdOut>Test skipped because TestProjects.Spector.Tests.Http._Type._Array.ArrayTests.Int64ValuePut is currently a stubbed implementation.</StdOut>
        <ErrorInfo>
          <Message>Test skipped because TestProjects.Spector.Tests.Http._Type._Array.ArrayTests.Int64ValuePut is currently a stubbed implementation.</Message>
        </ErrorInfo>
      </Output>
    </UnitTestResult>
    <UnitTestResult executionId="4f50a288-a386-4877-aadb-dd6f48cc92a6" testId="53e086fe-4af6-bdcb-9b8a-0eb899f6b653" testName="QueryTemplateOnly" computerName="pkrvmxyh4eaekms" duration="00:00:00.0000030" startTime="2025-06-24T21:13:51.6259690+00:00" endTime="2025-06-24T21:13:51.6259715+00:00" testType="13cdc9d9-ddb5-4fa4-a97d-d965ccfc6d4b" outcome="NotExecuted" testListId="8c84fa94-04c1-424b-9868-57a2d4851a1d" relativeResultsDirectory="4f50a288-a386-4877-aadb-dd6f48cc92a6">
      <Output>
        <StdOut>Test skipped because TestProjects.Spector.Tests.Http.Routes.QueryParameterTests.QueryTemplateOnly is currently a stubbed implementation.</StdOut>
        <ErrorInfo>
          <Message>Test skipped because TestProjects.Spector.Tests.Http.Routes.QueryParameterTests.QueryTemplateOnly is currently a stubbed implementation.</Message>
        </ErrorInfo>
      </Output>
    </UnitTestResult>
    <UnitTestResult executionId="6d397b8d-2a22-4126-9c5d-eb0fe11de1d4" testId="e0a5b0c7-e061-5e95-d021-d8d2995b48ee" testName="Versioning_RenamedFrom_NewOp" computerName="pkrvmxyh4eaekms" duration="00:00:00.0000020" startTime="2025-06-24T21:13:51.6350574+00:00" endTime="2025-06-24T21:13:51.6350596+00:00" testType="13cdc9d9-ddb5-4fa4-a97d-d965ccfc6d4b" outcome="NotExecuted" testListId="8c84fa94-04c1-424b-9868-57a2d4851a1d" relativeResultsDirectory="6d397b8d-2a22-4126-9c5d-eb0fe11de1d4">
      <Output>
        <StdOut>Test skipped because TestProjects.Spector.Tests.Http.Versioning.RenamedFrom.V2.VersioningRenamedFromTests.Versioning_RenamedFrom_NewOp is currently a stubbed implementation.</StdOut>
        <ErrorInfo>
          <Message>Test skipped because TestProjects.Spector.Tests.Http.Versioning.RenamedFrom.V2.VersioningRenamedFromTests.Versioning_RenamedFrom_NewOp is currently a stubbed implementation.</Message>
        </ErrorInfo>
      </Output>
    </UnitTestResult>
    <UnitTestResult executionId="4d505ff9-bbd8-4234-b28a-666a254513ae" testId="b9c37f77-7764-4ea5-77ec-54d62bfe2585" testName="SpreadStringGet" computerName="pkrvmxyh4eaekms" duration="00:00:00.0000010" startTime="2025-06-24T21:13:51.5417354+00:00" endTime="2025-06-24T21:13:51.5417367+00:00" testType="13cdc9d9-ddb5-4fa4-a97d-d965ccfc6d4b" outcome="NotExecuted" testListId="8c84fa94-04c1-424b-9868-57a2d4851a1d" relativeResultsDirectory="4d505ff9-bbd8-4234-b28a-666a254513ae">
      <Output>
        <StdOut>Test skipped because TestProjects.Spector.Tests.Http._Type.Property.AdditionalProperties.AdditionalPropertiesTests.SpreadStringGet is currently a stubbed implementation.</StdOut>
        <ErrorInfo>
          <Message>Test skipped because TestProjects.Spector.Tests.Http._Type.Property.AdditionalProperties.AdditionalPropertiesTests.SpreadStringGet is currently a stubbed implementation.</Message>
        </ErrorInfo>
      </Output>
    </UnitTestResult>
    <UnitTestResult executionId="847f882b-c665-4a05-9b92-e5ecf79ae226" testId="fa110716-2b5e-322d-4e91-d4d1e4ec4718" testName="Model_SpreadCompositeRequestOnlyWithoutBody" computerName="pkrvmxyh4eaekms" duration="00:00:00.0000020" startTime="2025-06-24T21:13:51.6008205+00:00" endTime="2025-06-24T21:13:51.6008224+00:00" testType="13cdc9d9-ddb5-4fa4-a97d-d965ccfc6d4b" outcome="NotExecuted" testListId="8c84fa94-04c1-424b-9868-57a2d4851a1d" relativeResultsDirectory="847f882b-c665-4a05-9b92-e5ecf79ae226">
      <Output>
        <StdOut>Test skipped because TestProjects.Spector.Tests.Http.Parameters.Spread.SpreadTests.Model_SpreadCompositeRequestOnlyWithoutBody is currently a stubbed implementation.</StdOut>
        <ErrorInfo>
          <Message>Test skipped because TestProjects.Spector.Tests.Http.Parameters.Spread.SpreadTests.Model_SpreadCompositeRequestOnlyWithoutBody is currently a stubbed implementation.</Message>
        </ErrorInfo>
      </Output>
    </UnitTestResult>
    <UnitTestResult executionId="44e45074-f521-43e4-bf51-ecc8f697f845" testId="11da25de-0452-79d5-1ff1-599d5911e98a" testName="ModelsWithIfAsync" computerName="pkrvmxyh4eaekms" duration="00:00:00.0000020" startTime="2025-06-24T21:13:51.6325682+00:00" endTime="2025-06-24T21:13:51.6325699+00:00" testType="13cdc9d9-ddb5-4fa4-a97d-d965ccfc6d4b" outcome="NotExecuted" testListId="8c84fa94-04c1-424b-9868-57a2d4851a1d" relativeResultsDirectory="44e45074-f521-43e4-bf51-ecc8f697f845">
      <Output>
        <StdOut>Test skipped because TestProjects.Spector.Tests.Http.SpecialWords.SpecialWordsTests.ModelsWithIfAsync is currently a stubbed implementation.</StdOut>
        <ErrorInfo>
          <Message>Test skipped because TestProjects.Spector.Tests.Http.SpecialWords.SpecialWordsTests.ModelsWithIfAsync is currently a stubbed implementation.</Message>
        </ErrorInfo>
      </Output>
    </UnitTestResult>
    <UnitTestResult executionId="b2882c3e-9235-4d32-9cef-f44fe08151bf" testId="72fcb02e-3f2d-c62b-7e82-4c7f14e43577" testName="WithQueryApiVersion" computerName="pkrvmxyh4eaekms" duration="00:00:00.0000020" startTime="2025-06-24T21:13:51.6274946+00:00" endTime="2025-06-24T21:13:51.6274971+00:00" testType="13cdc9d9-ddb5-4fa4-a97d-d965ccfc6d4b" outcome="NotExecuted" testListId="8c84fa94-04c1-424b-9868-57a2d4851a1d" relativeResultsDirectory="b2882c3e-9235-4d32-9cef-f44fe08151bf">
      <Output>
        <StdOut>Test skipped because TestProjects.Spector.Tests.Http.Server.Versions.Versioned.VersionedTests.WithQueryApiVersion is currently a stubbed implementation.</StdOut>
        <ErrorInfo>
          <Message>Test skipped because TestProjects.Spector.Tests.Http.Server.Versions.Versioned.VersionedTests.WithQueryApiVersion is currently a stubbed implementation.</Message>
        </ErrorInfo>
      </Output>
    </UnitTestResult>
    <UnitTestResult executionId="0772572b-2677-4b32-842e-a85bca8ccc87" testId="34d4d314-8f58-2284-7521-bfbba42ac627" testName="OperationsFinallyAsync" computerName="pkrvmxyh4eaekms" duration="00:00:00.0000020" startTime="2025-06-24T21:13:51.6328277+00:00" endTime="2025-06-24T21:13:51.6328296+00:00" testType="13cdc9d9-ddb5-4fa4-a97d-d965ccfc6d4b" outcome="NotExecuted" testListId="8c84fa94-04c1-424b-9868-57a2d4851a1d" relativeResultsDirectory="0772572b-2677-4b32-842e-a85bca8ccc87">
      <Output>
        <StdOut>Test skipped because TestProjects.Spector.Tests.Http.SpecialWords.SpecialWordsTests.OperationsFinallyAsync is currently a stubbed implementation.</StdOut>
        <ErrorInfo>
          <Message>Test skipped because TestProjects.Spector.Tests.Http.SpecialWords.SpecialWordsTests.OperationsFinallyAsync is currently a stubbed implementation.</Message>
        </ErrorInfo>
      </Output>
    </UnitTestResult>
    <UnitTestResult executionId="7a2787b4-cb67-47d6-be6a-34ca585696a2" testId="5e4620a7-e771-8bfd-4197-167906da6d50" testName="CollectionsBytePutAll" computerName="pkrvmxyh4eaekms" duration="00:00:00.0000010" startTime="2025-06-24T21:13:51.5428957+00:00" endTime="2025-06-24T21:13:51.5428969+00:00" testType="13cdc9d9-ddb5-4fa4-a97d-d965ccfc6d4b" outcome="NotExecuted" testListId="8c84fa94-04c1-424b-9868-57a2d4851a1d" relativeResultsDirectory="7a2787b4-cb67-47d6-be6a-34ca585696a2">
      <Output>
        <StdOut>Test skipped because TestProjects.Spector.Tests.Http._Type.Property.Optionality.OptionalityTests.CollectionsBytePutAll is currently a stubbed implementation.</StdOut>
        <ErrorInfo>
          <Message>Test skipped because TestProjects.Spector.Tests.Http._Type.Property.Optionality.OptionalityTests.CollectionsBytePutAll is currently a stubbed implementation.</Message>
        </ErrorInfo>
      </Output>
    </UnitTestResult>
    <UnitTestResult executionId="585fba9e-551c-4f51-b1ec-efd534901d95" testId="a5075e39-0729-2689-b23b-8d48abaac0ed" testName="IntLiteralPutAll" computerName="pkrvmxyh4eaekms" duration="00:00:00.0000010" startTime="2025-06-24T21:13:51.5430189+00:00" endTime="2025-06-24T21:13:51.5430199+00:00" testType="13cdc9d9-ddb5-4fa4-a97d-d965ccfc6d4b" outcome="NotExecuted" testListId="8c84fa94-04c1-424b-9868-57a2d4851a1d" relativeResultsDirectory="585fba9e-551c-4f51-b1ec-efd534901d95">
      <Output>
        <StdOut>Test skipped because TestProjects.Spector.Tests.Http._Type.Property.Optionality.OptionalityTests.IntLiteralPutAll is currently a stubbed implementation.</StdOut>
        <ErrorInfo>
          <Message>Test skipped because TestProjects.Spector.Tests.Http._Type.Property.Optionality.OptionalityTests.IntLiteralPutAll is currently a stubbed implementation.</Message>
        </ErrorInfo>
      </Output>
    </UnitTestResult>
    <UnitTestResult executionId="8dda31b9-c3bc-481b-a6f6-093366adcb9c" testId="14851252-8f42-1e29-1fe9-f107bcb483a4" testName="ExtendsDifferentSpreadModelPut" computerName="pkrvmxyh4eaekms" duration="00:00:00.0000010" startTime="2025-06-24T21:13:51.5413893+00:00" endTime="2025-06-24T21:13:51.5413907+00:00" testType="13cdc9d9-ddb5-4fa4-a97d-d965ccfc6d4b" outcome="NotExecuted" testListId="8c84fa94-04c1-424b-9868-57a2d4851a1d" relativeResultsDirectory="8dda31b9-c3bc-481b-a6f6-093366adcb9c">
      <Output>
        <StdOut>Test skipped because TestProjects.Spector.Tests.Http._Type.Property.AdditionalProperties.AdditionalPropertiesTests.ExtendsDifferentSpreadModelPut is currently a stubbed implementation.</StdOut>
        <ErrorInfo>
          <Message>Test skipped because TestProjects.Spector.Tests.Http._Type.Property.AdditionalProperties.AdditionalPropertiesTests.ExtendsDifferentSpreadModelPut is currently a stubbed implementation.</Message>
        </ErrorInfo>
      </Output>
    </UnitTestResult>
    <UnitTestResult executionId="0a8501c0-9c34-4b5c-8c85-4bcbd01d24f0" testId="71cb431e-6fbe-aea1-d5f9-f65861e8fd06" testName="QueryUnixTimestampArray" computerName="pkrvmxyh4eaekms" duration="00:00:00.0000020" startTime="2025-06-24T21:13:51.5882877+00:00" endTime="2025-06-24T21:13:51.5882893+00:00" testType="13cdc9d9-ddb5-4fa4-a97d-d965ccfc6d4b" outcome="NotExecuted" testListId="8c84fa94-04c1-424b-9868-57a2d4851a1d" relativeResultsDirectory="0a8501c0-9c34-4b5c-8c85-4bcbd01d24f0">
      <Output>
        <StdOut>Test skipped because TestProjects.Spector.Tests.Http.Encode.Datetime.DateTimeTests.QueryUnixTimestampArray is currently a stubbed implementation.</StdOut>
        <ErrorInfo>
          <Message>Test skipped because TestProjects.Spector.Tests.Http.Encode.Datetime.DateTimeTests.QueryUnixTimestampArray is currently a stubbed implementation.</Message>
        </ErrorInfo>
      </Output>
    </UnitTestResult>
    <UnitTestResult executionId="0578c45b-68bf-4020-bf6e-1f6a970c02e8" testId="04ac2f11-3b00-60e3-ea69-d039a18adb21" testName="GetModelsOnly" computerName="pkrvmxyh4eaekms" duration="00:00:00.0000020" startTime="2025-06-24T21:13:51.5442081+00:00" endTime="2025-06-24T21:13:51.5442097+00:00" testType="13cdc9d9-ddb5-4fa4-a97d-d965ccfc6d4b" outcome="NotExecuted" testListId="8c84fa94-04c1-424b-9868-57a2d4851a1d" relativeResultsDirectory="0578c45b-68bf-4020-bf6e-1f6a970c02e8">
      <Output>
        <StdOut>Test skipped because TestProjects.Spector.Tests.Http._Type.Union.UnionTests.GetModelsOnly is currently a stubbed implementation.</StdOut>
        <ErrorInfo>
          <Message>Test skipped because TestProjects.Spector.Tests.Http._Type.Union.UnionTests.GetModelsOnly is currently a stubbed implementation.</Message>
        </ErrorInfo>
      </Output>
    </UnitTestResult>
    <UnitTestResult executionId="3cf6681b-4eee-466a-878d-c5467af7a3ef" testId="329b9777-9766-ba6f-2a28-cc62b4a8feb5" testName="Client_Structure_default_Four" computerName="pkrvmxyh4eaekms" duration="00:00:00.0000020" startTime="2025-06-24T21:13:51.5640154+00:00" endTime="2025-06-24T21:13:51.5640177+00:00" testType="13cdc9d9-ddb5-4fa4-a97d-d965ccfc6d4b" outcome="NotExecuted" testListId="8c84fa94-04c1-424b-9868-57a2d4851a1d" relativeResultsDirectory="3cf6681b-4eee-466a-878d-c5467af7a3ef">
      <Output>
        <StdOut>Test skipped because TestProjects.Spector.Tests.Http.Client.Structure.Default.DefaultTests.Client_Structure_default_Four is currently a stubbed implementation.</StdOut>
        <ErrorInfo>
          <Message>Test skipped because TestProjects.Spector.Tests.Http.Client.Structure.Default.DefaultTests.Client_Structure_default_Four is currently a stubbed implementation.</Message>
        </ErrorInfo>
      </Output>
    </UnitTestResult>
    <UnitTestResult executionId="c1ad1a52-c452-4fc7-b4ed-7da0769a3185" testId="36f26abf-6f47-6a48-f5c7-088766d73251" testName="MultipleSpreadPut" computerName="pkrvmxyh4eaekms" duration="00:00:00.0000010" startTime="2025-06-24T21:13:51.5415958+00:00" endTime="2025-06-24T21:13:51.5415971+00:00" testType="13cdc9d9-ddb5-4fa4-a97d-d965ccfc6d4b" outcome="NotExecuted" testListId="8c84fa94-04c1-424b-9868-57a2d4851a1d" relativeResultsDirectory="c1ad1a52-c452-4fc7-b4ed-7da0769a3185">
      <Output>
        <StdOut>Test skipped because TestProjects.Spector.Tests.Http._Type.Property.AdditionalProperties.AdditionalPropertiesTests.MultipleSpreadPut is currently a stubbed implementation.</StdOut>
        <ErrorInfo>
          <Message>Test skipped because TestProjects.Spector.Tests.Http._Type.Property.AdditionalProperties.AdditionalPropertiesTests.MultipleSpreadPut is currently a stubbed implementation.</Message>
        </ErrorInfo>
      </Output>
    </UnitTestResult>
    <UnitTestResult executionId="e18c1445-dfda-4048-8f94-2afd2bb7cc7c" testId="11e70d30-af9e-860e-3049-1c87be2a3094" testName="OperationsAndAsync" computerName="pkrvmxyh4eaekms" duration="00:00:00.0000020" startTime="2025-06-24T21:13:51.6326936+00:00" endTime="2025-06-24T21:13:51.6326960+00:00" testType="13cdc9d9-ddb5-4fa4-a97d-d965ccfc6d4b" outcome="NotExecuted" testListId="8c84fa94-04c1-424b-9868-57a2d4851a1d" relativeResultsDirectory="e18c1445-dfda-4048-8f94-2afd2bb7cc7c">
      <Output>
        <StdOut>Test skipped because TestProjects.Spector.Tests.Http.SpecialWords.SpecialWordsTests.OperationsAndAsync is currently a stubbed implementation.</StdOut>
        <ErrorInfo>
          <Message>Test skipped because TestProjects.Spector.Tests.Http.SpecialWords.SpecialWordsTests.OperationsAndAsync is currently a stubbed implementation.</Message>
        </ErrorInfo>
      </Output>
    </UnitTestResult>
    <UnitTestResult executionId="2e64df6e-2509-4c8e-9dd8-6d5e4acbd326" testId="0cf1f79b-cc4b-a801-bdb6-681b8016a79d" testName="ResponseBodyCustomContentType" computerName="pkrvmxyh4eaekms" duration="00:00:00.0138750" startTime="2025-06-24T21:13:51.5740544+00:00" endTime="2025-06-24T21:13:51.5879292+00:00" testType="13cdc9d9-ddb5-4fa4-a97d-d965ccfc6d4b" outcome="Failed" testListId="8c84fa94-04c1-424b-9868-57a2d4851a1d" relativeResultsDirectory="2e64df6e-2509-4c8e-9dd8-6d5e4acbd326">
      <Output>
        <ErrorInfo>
          <Message>OneTimeSetUp: System.InvalidOperationException : Cannot find 'node_modules' in parent directories of /home/runner/work/typespec/typespec/packages/http-client-csharp/generator/artifacts/bin/TestProjects.Spector.Tests/Debug/net8.0/TestProjects.Spector.Tests.dll.</Message>
          <StackTrace>
</StackTrace>
        </ErrorInfo>
      </Output>
    </UnitTestResult>
    <UnitTestResult executionId="ff39c757-bac0-4c7e-893a-01340e840f85" testId="d06725fe-5665-8ba6-d9ea-aed1cd48b438" testName="RoundTripWithJsonInterfaceNonGenericWire" computerName="pkrvmxyh4eaekms" duration="00:00:00.0000020" startTime="2025-06-24T21:13:51.5419156+00:00" endTime="2025-06-24T21:13:51.5419171+00:00" testType="13cdc9d9-ddb5-4fa4-a97d-d965ccfc6d4b" outcome="NotExecuted" testListId="8c84fa94-04c1-424b-9868-57a2d4851a1d" relativeResultsDirectory="ff39c757-bac0-4c7e-893a-01340e840f85">
      <Output>
        <StdOut>Test skipped because TestProjects.Spector.Tests.Http._Type.Property.AdditionalProperties.DifferentSpreadStringDerivedTests.RoundTripWithJsonInterfaceNonGenericWire is currently a stubbed implementation.</StdOut>
        <ErrorInfo>
          <Message>Test skipped because TestProjects.Spector.Tests.Http._Type.Property.AdditionalProperties.DifferentSpreadStringDerivedTests.RoundTripWithJsonInterfaceNonGenericWire is currently a stubbed implementation.</Message>
        </ErrorInfo>
      </Output>
    </UnitTestResult>
    <UnitTestResult executionId="f29df0da-6377-4819-ab47-e7258e577985" testId="b8fc69db-6dcf-bbbd-1805-1e1213c90acd" testName="StatusCodeInRange" computerName="pkrvmxyh4eaekms" duration="00:00:00.0000060" startTime="2025-06-24T21:13:51.6252643+00:00" endTime="2025-06-24T21:13:51.6252702+00:00" testType="13cdc9d9-ddb5-4fa4-a97d-d965ccfc6d4b" outcome="NotExecuted" testListId="8c84fa94-04c1-424b-9868-57a2d4851a1d" relativeResultsDirectory="f29df0da-6377-4819-ab47-e7258e577985">
      <Output>
        <StdOut>Test skipped because TestProjects.Spector.Tests.Http.Response.StatusCodeRange.StatusCodeRangeTests.StatusCodeInRange is currently a stubbed implementation.</StdOut>
        <ErrorInfo>
          <Message>Test skipped because TestProjects.Spector.Tests.Http.Response.StatusCodeRange.StatusCodeRangeTests.StatusCodeInRange is currently a stubbed implementation.</Message>
        </ErrorInfo>
      </Output>
    </UnitTestResult>
    <UnitTestResult executionId="a7c0785e-07b0-486b-b0f9-d41411aff122" testId="f4b871c0-3ff6-e28b-9e87-d3ef9c5cf49a" testName="PutUnknownValue" computerName="pkrvmxyh4eaekms" duration="00:00:00.0000010" startTime="2025-06-24T21:13:51.5389365+00:00" endTime="2025-06-24T21:13:51.5389378+00:00" testType="13cdc9d9-ddb5-4fa4-a97d-d965ccfc6d4b" outcome="NotExecuted" testListId="8c84fa94-04c1-424b-9868-57a2d4851a1d" relativeResultsDirectory="a7c0785e-07b0-486b-b0f9-d41411aff122">
      <Output>
        <StdOut>Test skipped because TestProjects.Spector.Tests.Http._Type._Enum.Fixed.FixedTests.PutUnknownValue is currently a stubbed implementation.</StdOut>
        <ErrorInfo>
          <Message>Test skipped because TestProjects.Spector.Tests.Http._Type._Enum.Fixed.FixedTests.PutUnknownValue is currently a stubbed implementation.</Message>
        </ErrorInfo>
      </Output>
    </UnitTestResult>
    <UnitTestResult executionId="eb32951a-3b88-4151-aaed-082d5e70f975" testId="229f9d2d-b82f-47d7-553f-2b2724ce977a" testName="ModelsWithWithAsync" computerName="pkrvmxyh4eaekms" duration="00:00:00.0000020" startTime="2025-06-24T21:13:51.6326722+00:00" endTime="2025-06-24T21:13:51.6326741+00:00" testType="13cdc9d9-ddb5-4fa4-a97d-d965ccfc6d4b" outcome="NotExecuted" testListId="8c84fa94-04c1-424b-9868-57a2d4851a1d" relativeResultsDirectory="eb32951a-3b88-4151-aaed-082d5e70f975">
      <Output>
        <StdOut>Test skipped because TestProjects.Spector.Tests.Http.SpecialWords.SpecialWordsTests.ModelsWithWithAsync is currently a stubbed implementation.</StdOut>
        <ErrorInfo>
          <Message>Test skipped because TestProjects.Spector.Tests.Http.SpecialWords.SpecialWordsTests.ModelsWithWithAsync is currently a stubbed implementation.</Message>
        </ErrorInfo>
      </Output>
    </UnitTestResult>
    <UnitTestResult executionId="222c5062-15f4-4108-ac1f-41bca0044d4d" testId="b3997614-9504-fb37-0e8a-091ba77a4676" testName="DurationPatchNonNull" computerName="pkrvmxyh4eaekms" duration="00:00:00.0000010" startTime="2025-06-24T21:13:51.5426368+00:00" endTime="2025-06-24T21:13:51.5426378+00:00" testType="13cdc9d9-ddb5-4fa4-a97d-d965ccfc6d4b" outcome="NotExecuted" testListId="8c84fa94-04c1-424b-9868-57a2d4851a1d" relativeResultsDirectory="222c5062-15f4-4108-ac1f-41bca0044d4d">
      <Output>
        <StdOut>Test skipped because TestProjects.Spector.Tests.Http._Type.Property.Nullable.NullableTests.DurationPatchNonNull is currently a stubbed implementation.</StdOut>
        <ErrorInfo>
          <Message>Test skipped because TestProjects.Spector.Tests.Http._Type.Property.Nullable.NullableTests.DurationPatchNonNull is currently a stubbed implementation.</Message>
        </ErrorInfo>
      </Output>
    </UnitTestResult>
    <UnitTestResult executionId="2aef004b-2479-4af4-bc0f-8037d66779de" testId="5fdcf191-419c-9f21-c545-6fbfe871b739" testName="GetModel" computerName="pkrvmxyh4eaekms" duration="00:00:00.0000020" startTime="2025-06-24T21:13:51.5408161+00:00" endTime="2025-06-24T21:13:51.5408183+00:00" testType="13cdc9d9-ddb5-4fa4-a97d-d965ccfc6d4b" outcome="NotExecuted" testListId="8c84fa94-04c1-424b-9868-57a2d4851a1d" relativeResultsDirectory="2aef004b-2479-4af4-bc0f-8037d66779de">
      <Output>
        <StdOut>Test skipped because TestProjects.Spector.Tests.Http._Type.Model.Inheritance.SingleDiscriminator.SingleDiscriminatorTests.GetModel is currently a stubbed implementation.</StdOut>
        <ErrorInfo>
          <Message>Test skipped because TestProjects.Spector.Tests.Http._Type.Model.Inheritance.SingleDiscriminator.SingleDiscriminatorTests.GetModel is currently a stubbed implementation.</Message>
        </ErrorInfo>
      </Output>
    </UnitTestResult>
    <UnitTestResult executionId="6293863f-7ba3-4bb7-9c24-d6be7cc8c24a" testId="e412d971-68b8-8d0a-ee3b-8359934ece50" testName="Encode_Numeric_Property_uint8AsString" computerName="pkrvmxyh4eaekms" duration="00:00:00.0000020" startTime="2025-06-24T21:13:51.5889893+00:00" endTime="2025-06-24T21:13:51.5889913+00:00" testType="13cdc9d9-ddb5-4fa4-a97d-d965ccfc6d4b" outcome="NotExecuted" testListId="8c84fa94-04c1-424b-9868-57a2d4851a1d" relativeResultsDirectory="6293863f-7ba3-4bb7-9c24-d6be7cc8c24a">
      <Output>
        <StdOut>Test skipped because TestProjects.Spector.Tests.Http.Encode.Numeric.EncodeNumericTests.Encode_Numeric_Property_uint8AsString is currently a stubbed implementation.</StdOut>
        <ErrorInfo>
          <Message>Test skipped because TestProjects.Spector.Tests.Http.Encode.Numeric.EncodeNumericTests.Encode_Numeric_Property_uint8AsString is currently a stubbed implementation.</Message>
        </ErrorInfo>
      </Output>
    </UnitTestResult>
    <UnitTestResult executionId="ff6210e0-efba-4758-9e11-ff6f82d3dbba" testId="a7d44bbc-3726-15d1-37ac-69642cbdd6cb" testName="Special_Headers_Conditional_Request_PostIfMatch" computerName="pkrvmxyh4eaekms" duration="00:00:00.0000020" startTime="2025-06-24T21:13:51.6277685+00:00" endTime="2025-06-24T21:13:51.6277706+00:00" testType="13cdc9d9-ddb5-4fa4-a97d-d965ccfc6d4b" outcome="NotExecuted" testListId="8c84fa94-04c1-424b-9868-57a2d4851a1d" relativeResultsDirectory="ff6210e0-efba-4758-9e11-ff6f82d3dbba">
      <Output>
        <StdOut>Test skipped because TestProjects.Spector.Tests.Http.SpecialHeaders.ConditionalRequest.ConditionalRequestHeaderTests.Special_Headers_Conditional_Request_PostIfMatch is currently a stubbed implementation.</StdOut>
        <ErrorInfo>
          <Message>Test skipped because TestProjects.Spector.Tests.Http.SpecialHeaders.ConditionalRequest.ConditionalRequestHeaderTests.Special_Headers_Conditional_Request_PostIfMatch is currently a stubbed implementation.</Message>
        </ErrorInfo>
      </Output>
    </UnitTestResult>
    <UnitTestResult executionId="58e5dce4-e9f3-41bf-85da-07aae54bf25a" testId="7d8c6ca5-dc67-50fb-2fd2-1c2157b728a6" testName="SpreadModelGet" computerName="pkrvmxyh4eaekms" duration="00:00:00.0000010" startTime="2025-06-24T21:13:51.5416799+00:00" endTime="2025-06-24T21:13:51.5416812+00:00" testType="13cdc9d9-ddb5-4fa4-a97d-d965ccfc6d4b" outcome="NotExecuted" testListId="8c84fa94-04c1-424b-9868-57a2d4851a1d" relativeResultsDirectory="58e5dce4-e9f3-41bf-85da-07aae54bf25a">
      <Output>
        <StdOut>Test skipped because TestProjects.Spector.Tests.Http._Type.Property.AdditionalProperties.AdditionalPropertiesTests.SpreadModelGet is currently a stubbed implementation.</StdOut>
        <ErrorInfo>
          <Message>Test skipped because TestProjects.Spector.Tests.Http._Type.Property.AdditionalProperties.AdditionalPropertiesTests.SpreadModelGet is currently a stubbed implementation.</Message>
        </ErrorInfo>
      </Output>
    </UnitTestResult>
    <UnitTestResult executionId="83125a6b-1cfe-4479-aba9-e18f7fb31b69" testId="949c4488-8ddc-f0bb-c6b3-13fddb2ed12f" testName="SpreadDifferentFloatGet" computerName="pkrvmxyh4eaekms" duration="00:00:00.0000010" startTime="2025-06-24T21:13:51.5416013+00:00" endTime="2025-06-24T21:13:51.5416024+00:00" testType="13cdc9d9-ddb5-4fa4-a97d-d965ccfc6d4b" outcome="NotExecuted" testListId="8c84fa94-04c1-424b-9868-57a2d4851a1d" relativeResultsDirectory="83125a6b-1cfe-4479-aba9-e18f7fb31b69">
      <Output>
        <StdOut>Test skipped because TestProjects.Spector.Tests.Http._Type.Property.AdditionalProperties.AdditionalPropertiesTests.SpreadDifferentFloatGet is currently a stubbed implementation.</StdOut>
        <ErrorInfo>
          <Message>Test skipped because TestProjects.Spector.Tests.Http._Type.Property.AdditionalProperties.AdditionalPropertiesTests.SpreadDifferentFloatGet is currently a stubbed implementation.</Message>
        </ErrorInfo>
      </Output>
    </UnitTestResult>
    <UnitTestResult executionId="0d6e764f-8c8b-4476-8b67-3dda312aefdc" testId="a021d11e-3f66-cba6-253c-050986106ead" testName="Client_Structure_default_Three" computerName="pkrvmxyh4eaekms" duration="00:00:00.0000020" startTime="2025-06-24T21:13:51.5660259+00:00" endTime="2025-06-24T21:13:51.5660278+00:00" testType="13cdc9d9-ddb5-4fa4-a97d-d965ccfc6d4b" outcome="NotExecuted" testListId="8c84fa94-04c1-424b-9868-57a2d4851a1d" relativeResultsDirectory="0d6e764f-8c8b-4476-8b67-3dda312aefdc">
      <Output>
        <StdOut>Test skipped because TestProjects.Spector.Tests.Http.Client.Structure.Default.DefaultTests.Client_Structure_default_Three is currently a stubbed implementation.</StdOut>
        <ErrorInfo>
          <Message>Test skipped because TestProjects.Spector.Tests.Http.Client.Structure.Default.DefaultTests.Client_Structure_default_Three is currently a stubbed implementation.</Message>
        </ErrorInfo>
      </Output>
    </UnitTestResult>
    <UnitTestResult executionId="36835806-1fe2-446b-ba02-2447d7a95f4d" testId="b2d89a1c-3490-509f-ffc0-625d45a2e4b1" testName="IntLiteralGetAll" computerName="pkrvmxyh4eaekms" duration="00:00:00.0000010" startTime="2025-06-24T21:13:51.5430074+00:00" endTime="2025-06-24T21:13:51.5430088+00:00" testType="13cdc9d9-ddb5-4fa4-a97d-d965ccfc6d4b" outcome="NotExecuted" testListId="8c84fa94-04c1-424b-9868-57a2d4851a1d" relativeResultsDirectory="36835806-1fe2-446b-ba02-2447d7a95f4d">
      <Output>
        <StdOut>Test skipped because TestProjects.Spector.Tests.Http._Type.Property.Optionality.OptionalityTests.IntLiteralGetAll is currently a stubbed implementation.</StdOut>
        <ErrorInfo>
          <Message>Test skipped because TestProjects.Spector.Tests.Http._Type.Property.Optionality.OptionalityTests.IntLiteralGetAll is currently a stubbed implementation.</Message>
        </ErrorInfo>
      </Output>
    </UnitTestResult>
    <UnitTestResult executionId="93090dc2-b55e-474b-8442-53e24eebcf41" testId="e5d2e92c-77eb-9239-8100-251f0aa68e22" testName="PropertyUnixTimestampArray" computerName="pkrvmxyh4eaekms" duration="00:00:00.0000020" startTime="2025-06-24T21:13:51.5882460+00:00" endTime="2025-06-24T21:13:51.5882479+00:00" testType="13cdc9d9-ddb5-4fa4-a97d-d965ccfc6d4b" outcome="NotExecuted" testListId="8c84fa94-04c1-424b-9868-57a2d4851a1d" relativeResultsDirectory="93090dc2-b55e-474b-8442-53e24eebcf41">
      <Output>
        <StdOut>Test skipped because TestProjects.Spector.Tests.Http.Encode.Datetime.DateTimeTests.PropertyUnixTimestampArray is currently a stubbed implementation.</StdOut>
        <ErrorInfo>
          <Message>Test skipped because TestProjects.Spector.Tests.Http.Encode.Datetime.DateTimeTests.PropertyUnixTimestampArray is currently a stubbed implementation.</Message>
        </ErrorInfo>
      </Output>
    </UnitTestResult>
    <UnitTestResult executionId="d604ba6a-d4e2-4251-b36c-bc4677056f8a" testId="83c8a6f6-7747-a4ad-1868-25d174f9208f" testName="Int64ValuePut" computerName="pkrvmxyh4eaekms" duration="00:00:00.0000010" startTime="2025-06-24T21:13:51.5391327+00:00" endTime="2025-06-24T21:13:51.5391339+00:00" testType="13cdc9d9-ddb5-4fa4-a97d-d965ccfc6d4b" outcome="NotExecuted" testListId="8c84fa94-04c1-424b-9868-57a2d4851a1d" relativeResultsDirectory="d604ba6a-d4e2-4251-b36c-bc4677056f8a">
      <Output>
        <StdOut>Test skipped because TestProjects.Spector.Tests.Http._Type.Dictionary.DictionaryTests.Int64ValuePut is currently a stubbed implementation.</StdOut>
        <ErrorInfo>
          <Message>Test skipped because TestProjects.Spector.Tests.Http._Type.Dictionary.DictionaryTests.Int64ValuePut is currently a stubbed implementation.</Message>
        </ErrorInfo>
      </Output>
    </UnitTestResult>
    <UnitTestResult executionId="491349bc-1431-4a71-b791-115c6c9cfaa0" testId="16ed7b38-ad27-67b1-7580-de46b9dba210" testName="GetFixedModelMissingDiscriminator" computerName="pkrvmxyh4eaekms" duration="00:00:00.0000010" startTime="2025-06-24T21:13:51.5395685+00:00" endTime="2025-06-24T21:13:51.5395699+00:00" testType="13cdc9d9-ddb5-4fa4-a97d-d965ccfc6d4b" outcome="NotExecuted" testListId="8c84fa94-04c1-424b-9868-57a2d4851a1d" relativeResultsDirectory="491349bc-1431-4a71-b791-115c6c9cfaa0">
      <Output>
        <StdOut>Test skipped because TestProjects.Spector.Tests.Http._Type.Model.Inheritance.EnumDiscriminator.EnumDiscriminatorTests.GetFixedModelMissingDiscriminator is currently a stubbed implementation.</StdOut>
        <ErrorInfo>
          <Message>Test skipped because TestProjects.Spector.Tests.Http._Type.Model.Inheritance.EnumDiscriminator.EnumDiscriminatorTests.GetFixedModelMissingDiscriminator is currently a stubbed implementation.</Message>
        </ErrorInfo>
      </Output>
    </UnitTestResult>
    <UnitTestResult executionId="2cbb8a72-c3fb-4d82-ade1-ff17573ce61f" testId="b5f54e6b-6c0c-d3b2-5376-238dd68fd46e" testName="DurationGetAll" computerName="pkrvmxyh4eaekms" duration="00:00:00.0000020" startTime="2025-06-24T21:13:51.5429596+00:00" endTime="2025-06-24T21:13:51.5429612+00:00" testType="13cdc9d9-ddb5-4fa4-a97d-d965ccfc6d4b" outcome="NotExecuted" testListId="8c84fa94-04c1-424b-9868-57a2d4851a1d" relativeResultsDirectory="2cbb8a72-c3fb-4d82-ade1-ff17573ce61f">
      <Output>
        <StdOut>Test skipped because TestProjects.Spector.Tests.Http._Type.Property.Optionality.OptionalityTests.DurationGetAll is currently a stubbed implementation.</StdOut>
        <ErrorInfo>
          <Message>Test skipped because TestProjects.Spector.Tests.Http._Type.Property.Optionality.OptionalityTests.DurationGetAll is currently a stubbed implementation.</Message>
        </ErrorInfo>
      </Output>
    </UnitTestResult>
    <UnitTestResult executionId="68cd851a-11e6-4e6d-ae4d-75f4eeabcc0d" testId="2b8278f2-63f4-76df-c0a7-f90843398a28" testName="DifferentBody" computerName="pkrvmxyh4eaekms" duration="00:00:00.0005430" startTime="2025-06-24T21:13:51.6226831+00:00" endTime="2025-06-24T21:13:51.6232262+00:00" testType="13cdc9d9-ddb5-4fa4-a97d-d965ccfc6d4b" outcome="Failed" testListId="8c84fa94-04c1-424b-9868-57a2d4851a1d" relativeResultsDirectory="68cd851a-11e6-4e6d-ae4d-75f4eeabcc0d">
      <Output>
        <ErrorInfo>
          <Message>OneTimeSetUp: System.InvalidOperationException : Cannot find 'node_modules' in parent directories of /home/runner/work/typespec/typespec/packages/http-client-csharp/generator/artifacts/bin/TestProjects.Spector.Tests/Debug/net8.0/TestProjects.Spector.Tests.dll.</Message>
          <StackTrace>
</StackTrace>
        </ErrorInfo>
      </Output>
    </UnitTestResult>
    <UnitTestResult executionId="df8d9226-344b-4264-9c53-0e515d16408d" testId="e1a9d344-9ca0-c67e-426d-dde4c4123f1e" testName="DecimalGet" computerName="pkrvmxyh4eaekms" duration="00:00:00.0000010" startTime="2025-06-24T21:13:51.5435119+00:00" endTime="2025-06-24T21:13:51.5435129+00:00" testType="13cdc9d9-ddb5-4fa4-a97d-d965ccfc6d4b" outcome="NotExecuted" testListId="8c84fa94-04c1-424b-9868-57a2d4851a1d" relativeResultsDirectory="df8d9226-344b-4264-9c53-0e515d16408d">
      <Output>
        <StdOut>Test skipped because TestProjects.Spector.Tests.Http._Type.Property.ValueTypes.ValueTypesTests.DecimalGet is currently a stubbed implementation.</StdOut>
        <ErrorInfo>
          <Message>Test skipped because TestProjects.Spector.Tests.Http._Type.Property.ValueTypes.ValueTypesTests.DecimalGet is currently a stubbed implementation.</Message>
        </ErrorInfo>
      </Output>
    </UnitTestResult>
    <UnitTestResult executionId="eae3e21b-167f-4823-a37b-f4f375d76a3a" testId="a913404d-45fa-809b-82de-903589668c82" testName="WithQueryOldApiVersion" computerName="pkrvmxyh4eaekms" duration="00:00:00.0000030" startTime="2025-06-24T21:13:51.6275269+00:00" endTime="2025-06-24T21:13:51.6275303+00:00" testType="13cdc9d9-ddb5-4fa4-a97d-d965ccfc6d4b" outcome="NotExecuted" testListId="8c84fa94-04c1-424b-9868-57a2d4851a1d" relativeResultsDirectory="eae3e21b-167f-4823-a37b-f4f375d76a3a">
      <Output>
        <StdOut>Test skipped because TestProjects.Spector.Tests.Http.Server.Versions.Versioned.VersionedTests.WithQueryOldApiVersion is currently a stubbed implementation.</StdOut>
        <ErrorInfo>
          <Message>Test skipped because TestProjects.Spector.Tests.Http.Server.Versions.Versioned.VersionedTests.WithQueryOldApiVersion is currently a stubbed implementation.</Message>
        </ErrorInfo>
      </Output>
    </UnitTestResult>
    <UnitTestResult executionId="7d8150a8-2df0-42eb-b3af-22bb1a6bf498" testId="bfe1b3b8-b577-c8fc-625c-21bcffad831b" testName="ParametersWithInAsync" computerName="pkrvmxyh4eaekms" duration="00:00:00.0000020" startTime="2025-06-24T21:13:51.6331943+00:00" endTime="2025-06-24T21:13:51.6331960+00:00" testType="13cdc9d9-ddb5-4fa4-a97d-d965ccfc6d4b" outcome="NotExecuted" testListId="8c84fa94-04c1-424b-9868-57a2d4851a1d" relativeResultsDirectory="7d8150a8-2df0-42eb-b3af-22bb1a6bf498">
      <Output>
        <StdOut>Test skipped because TestProjects.Spector.Tests.Http.SpecialWords.SpecialWordsTests.ParametersWithInAsync is currently a stubbed implementation.</StdOut>
        <ErrorInfo>
          <Message>Test skipped because TestProjects.Spector.Tests.Http.SpecialWords.SpecialWordsTests.ParametersWithInAsync is currently a stubbed implementation.</Message>
        </ErrorInfo>
      </Output>
    </UnitTestResult>
    <UnitTestResult executionId="9705ab00-e66f-4413-8b7e-cea92e558dca" testId="2799f7e1-65a2-e058-63eb-adec78ad1fd2" testName="Int64ValueGet" computerName="pkrvmxyh4eaekms" duration="00:00:00.0000010" startTime="2025-06-24T21:13:51.5358139+00:00" endTime="2025-06-24T21:13:51.5358150+00:00" testType="13cdc9d9-ddb5-4fa4-a97d-d965ccfc6d4b" outcome="NotExecuted" testListId="8c84fa94-04c1-424b-9868-57a2d4851a1d" relativeResultsDirectory="9705ab00-e66f-4413-8b7e-cea92e558dca">
      <Output>
        <StdOut>Test skipped because TestProjects.Spector.Tests.Http._Type._Array.ArrayTests.Int64ValueGet is currently a stubbed implementation.</StdOut>
        <ErrorInfo>
          <Message>Test skipped because TestProjects.Spector.Tests.Http._Type._Array.ArrayTests.Int64ValueGet is currently a stubbed implementation.</Message>
        </ErrorInfo>
      </Output>
    </UnitTestResult>
    <UnitTestResult executionId="4ecfdf78-6e1f-48ec-81de-9d2b96f0d6d5" testId="49a724d4-51fb-9763-c2c9-6fa6b4f604cf" testName="StringPut" computerName="pkrvmxyh4eaekms" duration="00:00:00.0000010" startTime="2025-06-24T21:13:51.5391789+00:00" endTime="2025-06-24T21:13:51.5391802+00:00" testType="13cdc9d9-ddb5-4fa4-a97d-d965ccfc6d4b" outcome="NotExecuted" testListId="8c84fa94-04c1-424b-9868-57a2d4851a1d" relativeResultsDirectory="4ecfdf78-6e1f-48ec-81de-9d2b96f0d6d5">
      <Output>
        <StdOut>Test skipped because TestProjects.Spector.Tests.Http._Type.Dictionary.DictionaryTests.StringPut is currently a stubbed implementation.</StdOut>
        <ErrorInfo>
          <Message>Test skipped because TestProjects.Spector.Tests.Http._Type.Dictionary.DictionaryTests.StringPut is currently a stubbed implementation.</Message>
        </ErrorInfo>
      </Output>
    </UnitTestResult>
    <UnitTestResult executionId="b5f589ff-d91d-4292-96c0-d264779fc6ef" testId="147fc18f-bce1-9d2e-38b9-b19831c7fed4" testName="DictionaryStringPut" computerName="pkrvmxyh4eaekms" duration="00:00:00.0000010" startTime="2025-06-24T21:13:51.5435284+00:00" endTime="2025-06-24T21:13:51.5435296+00:00" testType="13cdc9d9-ddb5-4fa4-a97d-d965ccfc6d4b" outcome="NotExecuted" testListId="8c84fa94-04c1-424b-9868-57a2d4851a1d" relativeResultsDirectory="b5f589ff-d91d-4292-96c0-d264779fc6ef">
      <Output>
        <StdOut>Test skipped because TestProjects.Spector.Tests.Http._Type.Property.ValueTypes.ValueTypesTests.DictionaryStringPut is currently a stubbed implementation.</StdOut>
        <ErrorInfo>
          <Message>Test skipped because TestProjects.Spector.Tests.Http._Type.Property.ValueTypes.ValueTypesTests.DictionaryStringPut is currently a stubbed implementation.</Message>
        </ErrorInfo>
      </Output>
    </UnitTestResult>
    <UnitTestResult executionId="f6ee85f4-33bf-4018-ad04-17fce236f99a" testId="51e5fba9-83e2-2ad0-e4bd-2c65eb92afef" testName="ReadOnlyPropertiesAreReadOnly" computerName="pkrvmxyh4eaekms" duration="00:00:00.0000020" startTime="2025-06-24T21:13:51.5411677+00:00" endTime="2025-06-24T21:13:51.5411700+00:00" testType="13cdc9d9-ddb5-4fa4-a97d-d965ccfc6d4b" outcome="NotExecuted" testListId="8c84fa94-04c1-424b-9868-57a2d4851a1d" relativeResultsDirectory="f6ee85f4-33bf-4018-ad04-17fce236f99a">
      <Output>
        <StdOut>Test skipped because TestProjects.Spector.Tests.Http._Type.Model.Visibility.TypeModelVisibilityTests.ReadOnlyPropertiesAreReadOnly is currently a stubbed implementation.</StdOut>
        <ErrorInfo>
          <Message>Test skipped because TestProjects.Spector.Tests.Http._Type.Model.Visibility.TypeModelVisibilityTests.ReadOnlyPropertiesAreReadOnly is currently a stubbed implementation.</Message>
        </ErrorInfo>
      </Output>
    </UnitTestResult>
    <UnitTestResult executionId="8787ec3c-6537-4d9a-8eb6-e0df73676543" testId="2f945e99-5286-a8cf-c2a9-cc9947cf2514" testName="PathExplicit" computerName="pkrvmxyh4eaekms" duration="00:00:00.0000020" startTime="2025-06-24T21:13:51.6255903+00:00" endTime="2025-06-24T21:13:51.6255926+00:00" testType="13cdc9d9-ddb5-4fa4-a97d-d965ccfc6d4b" outcome="NotExecuted" testListId="8c84fa94-04c1-424b-9868-57a2d4851a1d" relativeResultsDirectory="8787ec3c-6537-4d9a-8eb6-e0df73676543">
      <Output>
        <StdOut>Test skipped because TestProjects.Spector.Tests.Http.Routes.PathParameterTests.PathExplicit is currently a stubbed implementation.</StdOut>
        <ErrorInfo>
          <Message>Test skipped because TestProjects.Spector.Tests.Http.Routes.PathParameterTests.PathExplicit is currently a stubbed implementation.</Message>
        </ErrorInfo>
      </Output>
    </UnitTestResult>
    <UnitTestResult executionId="6c348eb6-205d-4565-ac97-657a59526e6c" testId="5d24ff1f-a182-494a-0683-c112671c38cd" testName="DurationValuePut" computerName="pkrvmxyh4eaekms" duration="00:00:00.0000010" startTime="2025-06-24T21:13:51.5357849+00:00" endTime="2025-06-24T21:13:51.5357860+00:00" testType="13cdc9d9-ddb5-4fa4-a97d-d965ccfc6d4b" outcome="NotExecuted" testListId="8c84fa94-04c1-424b-9868-57a2d4851a1d" relativeResultsDirectory="6c348eb6-205d-4565-ac97-657a59526e6c">
      <Output>
        <StdOut>Test skipped because TestProjects.Spector.Tests.Http._Type._Array.ArrayTests.DurationValuePut is currently a stubbed implementation.</StdOut>
        <ErrorInfo>
          <Message>Test skipped because TestProjects.Spector.Tests.Http._Type._Array.ArrayTests.DurationValuePut is currently a stubbed implementation.</Message>
        </ErrorInfo>
      </Output>
    </UnitTestResult>
    <UnitTestResult executionId="f6bf897f-001d-4b71-9598-46efa491c319" testId="b376b6ce-a10d-29df-383d-365368724170" testName="Output" computerName="pkrvmxyh4eaekms" duration="00:00:00.0000020" startTime="2025-06-24T21:13:51.5410083+00:00" endTime="2025-06-24T21:13:51.5410098+00:00" testType="13cdc9d9-ddb5-4fa4-a97d-d965ccfc6d4b" outcome="NotExecuted" testListId="8c84fa94-04c1-424b-9868-57a2d4851a1d" relativeResultsDirectory="f6bf897f-001d-4b71-9598-46efa491c319">
      <Output>
        <StdOut>Test skipped because TestProjects.Spector.Tests.Http._Type.Model.Usage.UsageTests.Output is currently a stubbed implementation.</StdOut>
        <ErrorInfo>
          <Message>Test skipped because TestProjects.Spector.Tests.Http._Type.Model.Usage.UsageTests.Output is currently a stubbed implementation.</Message>
        </ErrorInfo>
      </Output>
    </UnitTestResult>
    <UnitTestResult executionId="418580aa-6d46-476a-9af1-35675603d71a" testId="a27d050c-f8a6-c9de-29fa-fb9630eefd5a" testName="RoundTripWithModelReaderWriterWire" computerName="pkrvmxyh4eaekms" duration="00:00:00.0000010" startTime="2025-06-24T21:13:51.5422875+00:00" endTime="2025-06-24T21:13:51.5422889+00:00" testType="13cdc9d9-ddb5-4fa4-a97d-d965ccfc6d4b" outcome="NotExecuted" testListId="8c84fa94-04c1-424b-9868-57a2d4851a1d" relativeResultsDirectory="418580aa-6d46-476a-9af1-35675603d71a">
      <Output>
        <StdOut>Test skipped because TestProjects.Spector.Tests.Http._Type.Property.AdditionalProperties.MultipleSpreadRecordTests.RoundTripWithModelReaderWriterWire is currently a stubbed implementation.</StdOut>
        <ErrorInfo>
          <Message>Test skipped because TestProjects.Spector.Tests.Http._Type.Property.AdditionalProperties.MultipleSpreadRecordTests.RoundTripWithModelReaderWriterWire is currently a stubbed implementation.</Message>
        </ErrorInfo>
      </Output>
    </UnitTestResult>
    <UnitTestResult executionId="0e371c2b-3eb5-4837-8e3d-9ab4421ae5a0" testId="cbe10435-7387-4547-6ff3-0e1d6a2a802e" testName="Client_Structure_default_methods(Client.Structure.Service._Qux.QuxBar,[&quot;Nine&quot;])" computerName="pkrvmxyh4eaekms" duration="00:00:00.0001060" startTime="2025-06-24T21:13:51.5658544+00:00" endTime="2025-06-24T21:13:51.5659607+00:00" testType="13cdc9d9-ddb5-4fa4-a97d-d965ccfc6d4b" outcome="Passed" testListId="8c84fa94-04c1-424b-9868-57a2d4851a1d" relativeResultsDirectory="0e371c2b-3eb5-4837-8e3d-9ab4421ae5a0" />
    <UnitTestResult executionId="a6f500e0-1221-427d-a5bf-ffcf1b87e226" testId="be790eca-be0c-4c86-777d-4d7fd934afb8" testName="Client_Structure_default_methods(Client.Structure.Service.Foo,[&quot;Three&quot;, &quot;Four&quot;])" computerName="pkrvmxyh4eaekms" duration="00:00:00.0003640" startTime="2025-06-24T21:13:51.5651178+00:00" endTime="2025-06-24T21:13:51.5654813+00:00" testType="13cdc9d9-ddb5-4fa4-a97d-d965ccfc6d4b" outcome="Passed" testListId="8c84fa94-04c1-424b-9868-57a2d4851a1d" relativeResultsDirectory="a6f500e0-1221-427d-a5bf-ffcf1b87e226" />
    <UnitTestResult executionId="01025dec-d459-4444-8c1b-c56a06ec2e2f" testId="20bd20a9-a793-2354-0bf7-23810a63975e" testName="Client_Structure_Two_Operation_Group_methods" computerName="pkrvmxyh4eaekms" duration="00:00:00.0027670" startTime="2025-06-24T21:13:51.5711231+00:00" endTime="2025-06-24T21:13:51.5738903+00:00" testType="13cdc9d9-ddb5-4fa4-a97d-d965ccfc6d4b" outcome="Passed" testListId="8c84fa94-04c1-424b-9868-57a2d4851a1d" relativeResultsDirectory="01025dec-d459-4444-8c1b-c56a06ec2e2f" />
    <UnitTestResult executionId="21ef39ba-4585-46f8-9067-681ea56be6e8" testId="49d43554-3fff-f9c5-ac2e-8cc6550624a0" testName="PlaintimeGetAll" computerName="pkrvmxyh4eaekms" duration="00:00:00.0000010" startTime="2025-06-24T21:13:51.5430643+00:00" endTime="2025-06-24T21:13:51.5430654+00:00" testType="13cdc9d9-ddb5-4fa4-a97d-d965ccfc6d4b" outcome="NotExecuted" testListId="8c84fa94-04c1-424b-9868-57a2d4851a1d" relativeResultsDirectory="21ef39ba-4585-46f8-9067-681ea56be6e8">
      <Output>
        <StdOut>Test skipped because TestProjects.Spector.Tests.Http._Type.Property.Optionality.OptionalityTests.PlaintimeGetAll is currently a stubbed implementation.</StdOut>
        <ErrorInfo>
          <Message>Test skipped because TestProjects.Spector.Tests.Http._Type.Property.Optionality.OptionalityTests.PlaintimeGetAll is currently a stubbed implementation.</Message>
        </ErrorInfo>
      </Output>
    </UnitTestResult>
    <UnitTestResult executionId="c0209a97-d799-40c0-ac88-c7f7995fad98" testId="85bf8de4-2a96-0b28-69cf-780ef4f9f166" testName="GetMixedLiterals" computerName="pkrvmxyh4eaekms" duration="00:00:00.0000020" startTime="2025-06-24T21:13:51.5441944+00:00" endTime="2025-06-24T21:13:51.5441965+00:00" testType="13cdc9d9-ddb5-4fa4-a97d-d965ccfc6d4b" outcome="NotExecuted" testListId="8c84fa94-04c1-424b-9868-57a2d4851a1d" relativeResultsDirectory="c0209a97-d799-40c0-ac88-c7f7995fad98">
      <Output>
        <StdOut>Test skipped because TestProjects.Spector.Tests.Http._Type.Union.UnionTests.GetMixedLiterals is currently a stubbed implementation.</StdOut>
        <ErrorInfo>
          <Message>Test skipped because TestProjects.Spector.Tests.Http._Type.Union.UnionTests.GetMixedLiterals is currently a stubbed implementation.</Message>
        </ErrorInfo>
      </Output>
    </UnitTestResult>
    <UnitTestResult executionId="706034f5-56c2-444b-b9b5-25da4ec4aabd" testId="dc64ce54-bfa1-04d9-a277-a7eb18a1f02e" testName="Input" computerName="pkrvmxyh4eaekms" duration="00:00:00.0000060" startTime="2025-06-24T21:13:51.5409832+00:00" endTime="2025-06-24T21:13:51.5409892+00:00" testType="13cdc9d9-ddb5-4fa4-a97d-d965ccfc6d4b" outcome="NotExecuted" testListId="8c84fa94-04c1-424b-9868-57a2d4851a1d" relativeResultsDirectory="706034f5-56c2-444b-b9b5-25da4ec4aabd">
      <Output>
        <StdOut>Test skipped because TestProjects.Spector.Tests.Http._Type.Model.Usage.UsageTests.Input is currently a stubbed implementation.</StdOut>
        <ErrorInfo>
          <Message>Test skipped because TestProjects.Spector.Tests.Http._Type.Model.Usage.UsageTests.Input is currently a stubbed implementation.</Message>
        </ErrorInfo>
      </Output>
    </UnitTestResult>
    <UnitTestResult executionId="8683eb2f-d6b3-494b-ab35-d55b2f02238f" testId="14b78350-1b72-9d0c-c593-4d7c3592b7f3" testName="ParametersWithAndAsync" computerName="pkrvmxyh4eaekms" duration="00:00:00.0000020" startTime="2025-06-24T21:13:51.6329903+00:00" endTime="2025-06-24T21:13:51.6329923+00:00" testType="13cdc9d9-ddb5-4fa4-a97d-d965ccfc6d4b" outcome="NotExecuted" testListId="8c84fa94-04c1-424b-9868-57a2d4851a1d" relativeResultsDirectory="8683eb2f-d6b3-494b-ab35-d55b2f02238f">
      <Output>
        <StdOut>Test skipped because TestProjects.Spector.Tests.Http.SpecialWords.SpecialWordsTests.ParametersWithAndAsync is currently a stubbed implementation.</StdOut>
        <ErrorInfo>
          <Message>Test skipped because TestProjects.Spector.Tests.Http.SpecialWords.SpecialWordsTests.ParametersWithAndAsync is currently a stubbed implementation.</Message>
        </ErrorInfo>
      </Output>
    </UnitTestResult>
    <UnitTestResult executionId="4fb490ae-2364-4b03-ba1d-d36e1b3fed70" testId="e15401ad-fc12-ecea-4942-da0a49531f62" testName="StringLiteralGet" computerName="pkrvmxyh4eaekms" duration="00:00:00.0000020" startTime="2025-06-24T21:13:51.5436623+00:00" endTime="2025-06-24T21:13:51.5436647+00:00" testType="13cdc9d9-ddb5-4fa4-a97d-d965ccfc6d4b" outcome="NotExecuted" testListId="8c84fa94-04c1-424b-9868-57a2d4851a1d" relativeResultsDirectory="4fb490ae-2364-4b03-ba1d-d36e1b3fed70">
      <Output>
        <StdOut>Test skipped because TestProjects.Spector.Tests.Http._Type.Property.ValueTypes.ValueTypesTests.StringLiteralGet is currently a stubbed implementation.</StdOut>
        <ErrorInfo>
          <Message>Test skipped because TestProjects.Spector.Tests.Http._Type.Property.ValueTypes.ValueTypesTests.StringLiteralGet is currently a stubbed implementation.</Message>
        </ErrorInfo>
      </Output>
    </UnitTestResult>
    <UnitTestResult executionId="a6627e2d-e71e-47a1-8677-795339a93a42" testId="f4c27759-8d14-75fa-0cd9-51b1ebbc79f9" testName="ModelsWithForAsync" computerName="pkrvmxyh4eaekms" duration="00:00:00.0000020" startTime="2025-06-24T21:13:51.6325410+00:00" endTime="2025-06-24T21:13:51.6325429+00:00" testType="13cdc9d9-ddb5-4fa4-a97d-d965ccfc6d4b" outcome="NotExecuted" testListId="8c84fa94-04c1-424b-9868-57a2d4851a1d" relativeResultsDirectory="a6627e2d-e71e-47a1-8677-795339a93a42">
      <Output>
        <StdOut>Test skipped because TestProjects.Spector.Tests.Http.SpecialWords.SpecialWordsTests.ModelsWithForAsync is currently a stubbed implementation.</StdOut>
        <ErrorInfo>
          <Message>Test skipped because TestProjects.Spector.Tests.Http.SpecialWords.SpecialWordsTests.ModelsWithForAsync is currently a stubbed implementation.</Message>
        </ErrorInfo>
      </Output>
    </UnitTestResult>
    <UnitTestResult executionId="a58ea05d-869b-4cc6-a47a-a33a360a2f8a" testId="e96dd298-b866-15b6-5de1-4ec16b99ba35" testName="RoundTripWithModelInterfaceWire" computerName="pkrvmxyh4eaekms" duration="00:00:00.0000010" startTime="2025-06-24T21:13:51.5422648+00:00" endTime="2025-06-24T21:13:51.5422660+00:00" testType="13cdc9d9-ddb5-4fa4-a97d-d965ccfc6d4b" outcome="NotExecuted" testListId="8c84fa94-04c1-424b-9868-57a2d4851a1d" relativeResultsDirectory="a58ea05d-869b-4cc6-a47a-a33a360a2f8a">
      <Output>
        <StdOut>Test skipped because TestProjects.Spector.Tests.Http._Type.Property.AdditionalProperties.MultipleSpreadRecordTests.RoundTripWithModelInterfaceWire is currently a stubbed implementation.</StdOut>
        <ErrorInfo>
          <Message>Test skipped because TestProjects.Spector.Tests.Http._Type.Property.AdditionalProperties.MultipleSpreadRecordTests.RoundTripWithModelInterfaceWire is currently a stubbed implementation.</Message>
        </ErrorInfo>
      </Output>
    </UnitTestResult>
    <UnitTestResult executionId="6a3a6e50-c382-45a6-a832-ae6aeda66ecf" testId="a07e4e7c-2c60-8f67-8d10-efdfe8d784f4" testName="Int32ValuePut" computerName="pkrvmxyh4eaekms" duration="00:00:00.0000010" startTime="2025-06-24T21:13:51.5358084+00:00" endTime="2025-06-24T21:13:51.5358096+00:00" testType="13cdc9d9-ddb5-4fa4-a97d-d965ccfc6d4b" outcome="NotExecuted" testListId="8c84fa94-04c1-424b-9868-57a2d4851a1d" relativeResultsDirectory="6a3a6e50-c382-45a6-a832-ae6aeda66ecf">
      <Output>
        <StdOut>Test skipped because TestProjects.Spector.Tests.Http._Type._Array.ArrayTests.Int32ValuePut is currently a stubbed implementation.</StdOut>
        <ErrorInfo>
          <Message>Test skipped because TestProjects.Spector.Tests.Http._Type._Array.ArrayTests.Int32ValuePut is currently a stubbed implementation.</Message>
        </ErrorInfo>
      </Output>
    </UnitTestResult>
    <UnitTestResult executionId="7fcb5471-ee2c-4561-abc3-76089c7633b4" testId="e524475f-5f2c-7463-f45c-b989840b75cb" testName="UnknownDictGet" computerName="pkrvmxyh4eaekms" duration="00:00:00.0000020" startTime="2025-06-24T21:13:51.5437462+00:00" endTime="2025-06-24T21:13:51.5437486+00:00" testType="13cdc9d9-ddb5-4fa4-a97d-d965ccfc6d4b" outcome="NotExecuted" testListId="8c84fa94-04c1-424b-9868-57a2d4851a1d" relativeResultsDirectory="7fcb5471-ee2c-4561-abc3-76089c7633b4">
      <Output>
        <StdOut>Test skipped because TestProjects.Spector.Tests.Http._Type.Property.ValueTypes.ValueTypesTests.UnknownDictGet is currently a stubbed implementation.</StdOut>
        <ErrorInfo>
          <Message>Test skipped because TestProjects.Spector.Tests.Http._Type.Property.ValueTypes.ValueTypesTests.UnknownDictGet is currently a stubbed implementation.</Message>
        </ErrorInfo>
      </Output>
    </UnitTestResult>
    <UnitTestResult executionId="ca668f26-5814-4ac4-ad41-f16494fc82c3" testId="cfe89c84-835a-020f-f02a-e99b60991256" testName="Valid" computerName="pkrvmxyh4eaekms" duration="00:00:00.0000060" startTime="2025-06-24T21:13:51.6265167+00:00" endTime="2025-06-24T21:13:51.6265230+00:00" testType="13cdc9d9-ddb5-4fa4-a97d-d965ccfc6d4b" outcome="NotExecuted" testListId="8c84fa94-04c1-424b-9868-57a2d4851a1d" relativeResultsDirectory="ca668f26-5814-4ac4-ad41-f16494fc82c3">
      <Output>
        <StdOut>Test skipped because TestProjects.Spector.Tests.Http.Server.Endpoint.NotDefined.NotDefinedTests.Valid is currently a stubbed implementation.</StdOut>
        <ErrorInfo>
          <Message>Test skipped because TestProjects.Spector.Tests.Http.Server.Endpoint.NotDefined.NotDefinedTests.Valid is currently a stubbed implementation.</Message>
        </ErrorInfo>
      </Output>
    </UnitTestResult>
    <UnitTestResult executionId="e8ed966d-5632-4107-bba2-dbcde61d5f3e" testId="11c3797b-e513-3024-985b-d291037676fe" testName="UnionIntLiteralGetDefault" computerName="pkrvmxyh4eaekms" duration="00:00:00.0000010" startTime="2025-06-24T21:13:51.5431943+00:00" endTime="2025-06-24T21:13:51.5431955+00:00" testType="13cdc9d9-ddb5-4fa4-a97d-d965ccfc6d4b" outcome="NotExecuted" testListId="8c84fa94-04c1-424b-9868-57a2d4851a1d" relativeResultsDirectory="e8ed966d-5632-4107-bba2-dbcde61d5f3e">
      <Output>
        <StdOut>Test skipped because TestProjects.Spector.Tests.Http._Type.Property.Optionality.OptionalityTests.UnionIntLiteralGetDefault is currently a stubbed implementation.</StdOut>
        <ErrorInfo>
          <Message>Test skipped because TestProjects.Spector.Tests.Http._Type.Property.Optionality.OptionalityTests.UnionIntLiteralGetDefault is currently a stubbed implementation.</Message>
        </ErrorInfo>
      </Output>
    </UnitTestResult>
    <UnitTestResult executionId="f538245e-8b93-42f5-9bea-ebe0c943d205" testId="22e048f1-3e75-ba75-6813-92c4e46ce0bc" testName="OperationsAsAsync" computerName="pkrvmxyh4eaekms" duration="00:00:00.0000020" startTime="2025-06-24T21:13:51.6327031+00:00" endTime="2025-06-24T21:13:51.6327051+00:00" testType="13cdc9d9-ddb5-4fa4-a97d-d965ccfc6d4b" outcome="NotExecuted" testListId="8c84fa94-04c1-424b-9868-57a2d4851a1d" relativeResultsDirectory="f538245e-8b93-42f5-9bea-ebe0c943d205">
      <Output>
        <StdOut>Test skipped because TestProjects.Spector.Tests.Http.SpecialWords.SpecialWordsTests.OperationsAsAsync is currently a stubbed implementation.</StdOut>
        <ErrorInfo>
          <Message>Test skipped because TestProjects.Spector.Tests.Http.SpecialWords.SpecialWordsTests.OperationsAsAsync is currently a stubbed implementation.</Message>
        </ErrorInfo>
      </Output>
    </UnitTestResult>
    <UnitTestResult executionId="43957bab-79bd-485a-bb22-2e650b14bd4a" testId="cab5ce9e-98bd-0b2e-42b2-c6ec67dd7aff" testName="LabelExpansionExplodeRecord" computerName="pkrvmxyh4eaekms" duration="00:00:00.0000020" startTime="2025-06-24T21:13:51.6255498+00:00" endTime="2025-06-24T21:13:51.6255520+00:00" testType="13cdc9d9-ddb5-4fa4-a97d-d965ccfc6d4b" outcome="NotExecuted" testListId="8c84fa94-04c1-424b-9868-57a2d4851a1d" relativeResultsDirectory="43957bab-79bd-485a-bb22-2e650b14bd4a">
      <Output>
        <StdOut>https://github.com/Azure/cadl-ranch/issues/772</StdOut>
        <ErrorInfo>
          <Message>https://github.com/Azure/cadl-ranch/issues/772</Message>
        </ErrorInfo>
      </Output>
    </UnitTestResult>
    <UnitTestResult executionId="1ed1c87a-948d-42be-afd5-0234d6aa333a" testId="b1b32665-a1fb-0499-b8e4-db38dadb3682" testName="UnionIntLiteralGet" computerName="pkrvmxyh4eaekms" duration="00:00:00.0000010" startTime="2025-06-24T21:13:51.5437046+00:00" endTime="2025-06-24T21:13:51.5437060+00:00" testType="13cdc9d9-ddb5-4fa4-a97d-d965ccfc6d4b" outcome="NotExecuted" testListId="8c84fa94-04c1-424b-9868-57a2d4851a1d" relativeResultsDirectory="1ed1c87a-948d-42be-afd5-0234d6aa333a">
      <Output>
        <StdOut>Test skipped because TestProjects.Spector.Tests.Http._Type.Property.ValueTypes.ValueTypesTests.UnionIntLiteralGet is currently a stubbed implementation.</StdOut>
        <ErrorInfo>
          <Message>Test skipped because TestProjects.Spector.Tests.Http._Type.Property.ValueTypes.ValueTypesTests.UnionIntLiteralGet is currently a stubbed implementation.</Message>
        </ErrorInfo>
      </Output>
    </UnitTestResult>
    <UnitTestResult executionId="969bb008-a131-4e72-896e-12f9e714a1a9" testId="ec0d8083-b72f-bbde-8429-f097a4c5c660" testName="RenamedFour" computerName="pkrvmxyh4eaekms" duration="00:00:00.0000020" startTime="2025-06-24T21:13:51.5691343+00:00" endTime="2025-06-24T21:13:51.5691364+00:00" testType="13cdc9d9-ddb5-4fa4-a97d-d965ccfc6d4b" outcome="NotExecuted" testListId="8c84fa94-04c1-424b-9868-57a2d4851a1d" relativeResultsDirectory="969bb008-a131-4e72-896e-12f9e714a1a9">
      <Output>
        <StdOut>Test skipped because TestProjects.Spector.Tests.Http.Client.Structure.RenamedOperation.RenamedOperationTests.RenamedFour is currently a stubbed implementation.</StdOut>
        <ErrorInfo>
          <Message>Test skipped because TestProjects.Spector.Tests.Http.Client.Structure.RenamedOperation.RenamedOperationTests.RenamedFour is currently a stubbed implementation.</Message>
        </ErrorInfo>
      </Output>
    </UnitTestResult>
    <UnitTestResult executionId="404703b3-5c24-4dba-b067-6183d8be4c8e" testId="8fb8934e-c5e3-2a7c-3ca9-fd177ec55b36" testName="HeaderBase64url" computerName="pkrvmxyh4eaekms" duration="00:00:00.0138210" startTime="2025-06-24T21:13:51.5740544+00:00" endTime="2025-06-24T21:13:51.5878752+00:00" testType="13cdc9d9-ddb5-4fa4-a97d-d965ccfc6d4b" outcome="Failed" testListId="8c84fa94-04c1-424b-9868-57a2d4851a1d" relativeResultsDirectory="404703b3-5c24-4dba-b067-6183d8be4c8e">
      <Output>
        <ErrorInfo>
          <Message>OneTimeSetUp: System.InvalidOperationException : Cannot find 'node_modules' in parent directories of /home/runner/work/typespec/typespec/packages/http-client-csharp/generator/artifacts/bin/TestProjects.Spector.Tests/Debug/net8.0/TestProjects.Spector.Tests.dll.</Message>
          <StackTrace>
</StackTrace>
        </ErrorInfo>
      </Output>
    </UnitTestResult>
    <UnitTestResult executionId="17eecb2d-87d4-4e8f-82ff-8ecf182dc375" testId="8d667b0f-4c3d-125b-91e9-9ce5fd47ec01" testName="PlaintimeGetDefault" computerName="pkrvmxyh4eaekms" duration="00:00:00.0000010" startTime="2025-06-24T21:13:51.5430698+00:00" endTime="2025-06-24T21:13:51.5430712+00:00" testType="13cdc9d9-ddb5-4fa4-a97d-d965ccfc6d4b" outcome="NotExecuted" testListId="8c84fa94-04c1-424b-9868-57a2d4851a1d" relativeResultsDirectory="17eecb2d-87d4-4e8f-82ff-8ecf182dc375">
      <Output>
        <StdOut>Test skipped because TestProjects.Spector.Tests.Http._Type.Property.Optionality.OptionalityTests.PlaintimeGetDefault is currently a stubbed implementation.</StdOut>
        <ErrorInfo>
          <Message>Test skipped because TestProjects.Spector.Tests.Http._Type.Property.Optionality.OptionalityTests.PlaintimeGetDefault is currently a stubbed implementation.</Message>
        </ErrorInfo>
      </Output>
    </UnitTestResult>
    <UnitTestResult executionId="e1c26438-c0d8-49ba-81b9-08a49714627f" testId="d95aa351-3116-3762-56af-ca104bde1b98" testName="DurationGetDefault" computerName="pkrvmxyh4eaekms" duration="00:00:00.0000020" startTime="2025-06-24T21:13:51.5429676+00:00" endTime="2025-06-24T21:13:51.5429691+00:00" testType="13cdc9d9-ddb5-4fa4-a97d-d965ccfc6d4b" outcome="NotExecuted" testListId="8c84fa94-04c1-424b-9868-57a2d4851a1d" relativeResultsDirectory="e1c26438-c0d8-49ba-81b9-08a49714627f">
      <Output>
        <StdOut>Test skipped because TestProjects.Spector.Tests.Http._Type.Property.Optionality.OptionalityTests.DurationGetDefault is currently a stubbed implementation.</StdOut>
        <ErrorInfo>
          <Message>Test skipped because TestProjects.Spector.Tests.Http._Type.Property.Optionality.OptionalityTests.DurationGetDefault is currently a stubbed implementation.</Message>
        </ErrorInfo>
      </Output>
    </UnitTestResult>
    <UnitTestResult executionId="b4f27fac-32ed-4a2d-abd7-54deec536fe3" testId="c014a45c-2668-8df4-da87-9193a13b4ba3" testName="WithPathApiVersion" computerName="pkrvmxyh4eaekms" duration="00:00:00.0000020" startTime="2025-06-24T21:13:51.6274857+00:00" endTime="2025-06-24T21:13:51.6274878+00:00" testType="13cdc9d9-ddb5-4fa4-a97d-d965ccfc6d4b" outcome="NotExecuted" testListId="8c84fa94-04c1-424b-9868-57a2d4851a1d" relativeResultsDirectory="b4f27fac-32ed-4a2d-abd7-54deec536fe3">
      <Output>
        <StdOut>Test skipped because TestProjects.Spector.Tests.Http.Server.Versions.Versioned.VersionedTests.WithPathApiVersion is currently a stubbed implementation.</StdOut>
        <ErrorInfo>
          <Message>Test skipped because TestProjects.Spector.Tests.Http.Server.Versions.Versioned.VersionedTests.WithPathApiVersion is currently a stubbed implementation.</Message>
        </ErrorInfo>
      </Output>
    </UnitTestResult>
    <UnitTestResult executionId="c695db96-f4bc-4a6c-b9d0-4cf223603653" testId="f01a07f1-8c4b-82a6-15ff-a73f4b19abb6" testName="WithQueryApiVersion" computerName="pkrvmxyh4eaekms" duration="00:00:00.0000030" startTime="2025-06-24T21:13:51.6272462+00:00" endTime="2025-06-24T21:13:51.6272488+00:00" testType="13cdc9d9-ddb5-4fa4-a97d-d965ccfc6d4b" outcome="NotExecuted" testListId="8c84fa94-04c1-424b-9868-57a2d4851a1d" relativeResultsDirectory="c695db96-f4bc-4a6c-b9d0-4cf223603653">
      <Output>
        <StdOut>Test skipped because TestProjects.Spector.Tests.Http.Server.Versions.NotVersioned.NotVersionedTests.WithQueryApiVersion is currently a stubbed implementation.</StdOut>
        <ErrorInfo>
          <Message>Test skipped because TestProjects.Spector.Tests.Http.Server.Versions.NotVersioned.NotVersionedTests.WithQueryApiVersion is currently a stubbed implementation.</Message>
        </ErrorInfo>
      </Output>
    </UnitTestResult>
    <UnitTestResult executionId="e3574ef9-1ea8-4f03-a927-e1cf17691bf7" testId="f86f091f-dc3d-cef2-66cc-bb24f41e7f39" testName="GetIntsOnly" computerName="pkrvmxyh4eaekms" duration="00:00:00.0000020" startTime="2025-06-24T21:13:51.5441850+00:00" endTime="2025-06-24T21:13:51.5441869+00:00" testType="13cdc9d9-ddb5-4fa4-a97d-d965ccfc6d4b" outcome="NotExecuted" testListId="8c84fa94-04c1-424b-9868-57a2d4851a1d" relativeResultsDirectory="e3574ef9-1ea8-4f03-a927-e1cf17691bf7">
      <Output>
        <StdOut>Test skipped because TestProjects.Spector.Tests.Http._Type.Union.UnionTests.GetIntsOnly is currently a stubbed implementation.</StdOut>
        <ErrorInfo>
          <Message>Test skipped because TestProjects.Spector.Tests.Http._Type.Union.UnionTests.GetIntsOnly is currently a stubbed implementation.</Message>
        </ErrorInfo>
      </Output>
    </UnitTestResult>
    <UnitTestResult executionId="e290cb67-1a46-4a9c-a117-a7da1120b3f5" testId="91a927a1-ef2a-8402-c96e-6854d8779ac1" testName="StringGetDefault" computerName="pkrvmxyh4eaekms" duration="00:00:00.0000020" startTime="2025-06-24T21:13:51.5431176+00:00" endTime="2025-06-24T21:13:51.5431193+00:00" testType="13cdc9d9-ddb5-4fa4-a97d-d965ccfc6d4b" outcome="NotExecuted" testListId="8c84fa94-04c1-424b-9868-57a2d4851a1d" relativeResultsDirectory="e290cb67-1a46-4a9c-a117-a7da1120b3f5">
      <Output>
        <StdOut>Test skipped because TestProjects.Spector.Tests.Http._Type.Property.Optionality.OptionalityTests.StringGetDefault is currently a stubbed implementation.</StdOut>
        <ErrorInfo>
          <Message>Test skipped because TestProjects.Spector.Tests.Http._Type.Property.Optionality.OptionalityTests.StringGetDefault is currently a stubbed implementation.</Message>
        </ErrorInfo>
      </Output>
    </UnitTestResult>
    <UnitTestResult executionId="cd2acc47-d8e9-4627-a456-177ea67da992" testId="50f5a27b-3f63-8891-fc33-32982a3fc7e2" testName="ModelsWithOrAsync" computerName="pkrvmxyh4eaekms" duration="00:00:00.0000020" startTime="2025-06-24T21:13:51.6326195+00:00" endTime="2025-06-24T21:13:51.6326216+00:00" testType="13cdc9d9-ddb5-4fa4-a97d-d965ccfc6d4b" outcome="NotExecuted" testListId="8c84fa94-04c1-424b-9868-57a2d4851a1d" relativeResultsDirectory="cd2acc47-d8e9-4627-a456-177ea67da992">
      <Output>
        <StdOut>Test skipped because TestProjects.Spector.Tests.Http.SpecialWords.SpecialWordsTests.ModelsWithOrAsync is currently a stubbed implementation.</StdOut>
        <ErrorInfo>
          <Message>Test skipped because TestProjects.Spector.Tests.Http.SpecialWords.SpecialWordsTests.ModelsWithOrAsync is currently a stubbed implementation.</Message>
        </ErrorInfo>
      </Output>
    </UnitTestResult>
    <UnitTestResult executionId="908019fc-6a90-478d-8664-55e155250f78" testId="82bc8540-0f43-f4dd-301b-839d336deb54" testName="RenamedSix" computerName="pkrvmxyh4eaekms" duration="00:00:00.0000020" startTime="2025-06-24T21:13:51.5662532+00:00" endTime="2025-06-24T21:13:51.5662548+00:00" testType="13cdc9d9-ddb5-4fa4-a97d-d965ccfc6d4b" outcome="NotExecuted" testListId="8c84fa94-04c1-424b-9868-57a2d4851a1d" relativeResultsDirectory="908019fc-6a90-478d-8664-55e155250f78">
      <Output>
        <StdOut>Test skipped because TestProjects.Spector.Tests.Http.Client.Structure.MultiClient.MultiClientTests.RenamedSix is currently a stubbed implementation.</StdOut>
        <ErrorInfo>
          <Message>Test skipped because TestProjects.Spector.Tests.Http.Client.Structure.MultiClient.MultiClientTests.RenamedSix is currently a stubbed implementation.</Message>
        </ErrorInfo>
      </Output>
    </UnitTestResult>
    <UnitTestResult executionId="4708b68c-a790-40db-b5cf-0b0ca8fa62e5" testId="23ffa4d2-a33d-5763-3caa-e16e252d77d7" testName="QueryContinuationPrimitive" computerName="pkrvmxyh4eaekms" duration="00:00:00.0000080" startTime="2025-06-24T21:13:51.6258390+00:00" endTime="2025-06-24T21:13:51.6258472+00:00" testType="13cdc9d9-ddb5-4fa4-a97d-d965ccfc6d4b" outcome="NotExecuted" testListId="8c84fa94-04c1-424b-9868-57a2d4851a1d" relativeResultsDirectory="4708b68c-a790-40db-b5cf-0b0ca8fa62e5">
      <Output>
        <StdOut>https://github.com/microsoft/typespec/issues/5139</StdOut>
        <ErrorInfo>
          <Message>https://github.com/microsoft/typespec/issues/5139</Message>
        </ErrorInfo>
      </Output>
    </UnitTestResult>
    <UnitTestResult executionId="59794e97-700b-4a93-a4dd-6a63ee515ec1" testId="1d5aa4f0-2bcf-8c6f-b28e-be1b4281be2f" testName="BytesGetNull" computerName="pkrvmxyh4eaekms" duration="00:00:00.0000020" startTime="2025-06-24T21:13:51.5424977+00:00" endTime="2025-06-24T21:13:51.5425000+00:00" testType="13cdc9d9-ddb5-4fa4-a97d-d965ccfc6d4b" outcome="NotExecuted" testListId="8c84fa94-04c1-424b-9868-57a2d4851a1d" relativeResultsDirectory="59794e97-700b-4a93-a4dd-6a63ee515ec1">
      <Output>
        <StdOut>Test skipped because TestProjects.Spector.Tests.Http._Type.Property.Nullable.NullableTests.BytesGetNull is currently a stubbed implementation.</StdOut>
        <ErrorInfo>
          <Message>Test skipped because TestProjects.Spector.Tests.Http._Type.Property.Nullable.NullableTests.BytesGetNull is currently a stubbed implementation.</Message>
        </ErrorInfo>
      </Output>
    </UnitTestResult>
    <UnitTestResult executionId="b426208e-ae86-4517-a000-618dcc8f3991" testId="b01cb5c9-22d4-2a5a-8aca-b3f2b32961f7" testName="ParametersWithYieldAsync" computerName="pkrvmxyh4eaekms" duration="00:00:00.0000020" startTime="2025-06-24T21:13:51.6333052+00:00" endTime="2025-06-24T21:13:51.6333071+00:00" testType="13cdc9d9-ddb5-4fa4-a97d-d965ccfc6d4b" outcome="NotExecuted" testListId="8c84fa94-04c1-424b-9868-57a2d4851a1d" relativeResultsDirectory="b426208e-ae86-4517-a000-618dcc8f3991">
      <Output>
        <StdOut>Test skipped because TestProjects.Spector.Tests.Http.SpecialWords.SpecialWordsTests.ParametersWithYieldAsync is currently a stubbed implementation.</StdOut>
        <ErrorInfo>
          <Message>Test skipped because TestProjects.Spector.Tests.Http.SpecialWords.SpecialWordsTests.ParametersWithYieldAsync is currently a stubbed implementation.</Message>
        </ErrorInfo>
      </Output>
    </UnitTestResult>
    <UnitTestResult executionId="f7380877-5d94-4bb8-bcb0-af87ca54ace1" testId="e81ecf66-f1fa-1e67-4645-cf19a9a36522" testName="Basic" computerName="pkrvmxyh4eaekms" duration="00:00:00.0004010" startTime="2025-06-24T21:13:51.6237152+00:00" endTime="2025-06-24T21:13:51.6241163+00:00" testType="13cdc9d9-ddb5-4fa4-a97d-d965ccfc6d4b" outcome="Failed" testListId="8c84fa94-04c1-424b-9868-57a2d4851a1d" relativeResultsDirectory="f7380877-5d94-4bb8-bcb0-af87ca54ace1">
      <Output>
        <ErrorInfo>
          <Message>OneTimeSetUp: System.InvalidOperationException : Cannot find 'node_modules' in parent directories of /home/runner/work/typespec/typespec/packages/http-client-csharp/generator/artifacts/bin/TestProjects.Spector.Tests/Debug/net8.0/TestProjects.Spector.Tests.dll.</Message>
          <StackTrace>
</StackTrace>
        </ErrorInfo>
      </Output>
    </UnitTestResult>
    <UnitTestResult executionId="52b0bb14-c1bc-4b4c-a81f-8ef1b167112f" testId="afe3e6ea-e61d-c342-7dde-75e47beacd52" testName="QueryBase64url" computerName="pkrvmxyh4eaekms" duration="00:00:00.0138430" startTime="2025-06-24T21:13:51.5740544+00:00" endTime="2025-06-24T21:13:51.5878977+00:00" testType="13cdc9d9-ddb5-4fa4-a97d-d965ccfc6d4b" outcome="Failed" testListId="8c84fa94-04c1-424b-9868-57a2d4851a1d" relativeResultsDirectory="52b0bb14-c1bc-4b4c-a81f-8ef1b167112f">
      <Output>
        <ErrorInfo>
          <Message>OneTimeSetUp: System.InvalidOperationException : Cannot find 'node_modules' in parent directories of /home/runner/work/typespec/typespec/packages/http-client-csharp/generator/artifacts/bin/TestProjects.Spector.Tests/Debug/net8.0/TestProjects.Spector.Tests.dll.</Message>
          <StackTrace>
</StackTrace>
        </ErrorInfo>
      </Output>
    </UnitTestResult>
    <UnitTestResult executionId="f8ccbd91-ffac-4663-948e-29b7d0e6bc62" testId="a58f8daf-8f4f-8c7f-fa59-bbde15d4b1b5" testName="BooleanLiteralPutAll" computerName="pkrvmxyh4eaekms" duration="00:00:00.0000010" startTime="2025-06-24T21:13:51.5428354+00:00" endTime="2025-06-24T21:13:51.5428367+00:00" testType="13cdc9d9-ddb5-4fa4-a97d-d965ccfc6d4b" outcome="NotExecuted" testListId="8c84fa94-04c1-424b-9868-57a2d4851a1d" relativeResultsDirectory="f8ccbd91-ffac-4663-948e-29b7d0e6bc62">
      <Output>
        <StdOut>Test skipped because TestProjects.Spector.Tests.Http._Type.Property.Optionality.OptionalityTests.BooleanLiteralPutAll is currently a stubbed implementation.</StdOut>
        <ErrorInfo>
          <Message>Test skipped because TestProjects.Spector.Tests.Http._Type.Property.Optionality.OptionalityTests.BooleanLiteralPutAll is currently a stubbed implementation.</Message>
        </ErrorInfo>
      </Output>
    </UnitTestResult>
    <UnitTestResult executionId="aeebd824-f8a9-4e71-8a9b-40d7fefb4b06" testId="11e4aa90-d769-fbf8-32cf-4794e65f6a4c" testName="PropertyFloatSecondsArray" computerName="pkrvmxyh4eaekms" duration="00:00:00.0000020" startTime="2025-06-24T21:13:51.5886511+00:00" endTime="2025-06-24T21:13:51.5886530+00:00" testType="13cdc9d9-ddb5-4fa4-a97d-d965ccfc6d4b" outcome="NotExecuted" testListId="8c84fa94-04c1-424b-9868-57a2d4851a1d" relativeResultsDirectory="aeebd824-f8a9-4e71-8a9b-40d7fefb4b06">
      <Output>
        <StdOut>Test skipped because TestProjects.Spector.Tests.Http.Encode.Duration.EncodeDurationTests.PropertyFloatSecondsArray is currently a stubbed implementation.</StdOut>
        <ErrorInfo>
          <Message>Test skipped because TestProjects.Spector.Tests.Http.Encode.Duration.EncodeDurationTests.PropertyFloatSecondsArray is currently a stubbed implementation.</Message>
        </ErrorInfo>
      </Output>
    </UnitTestResult>
    <UnitTestResult executionId="7e7a5736-7c15-4522-8447-346600b6f4c4" testId="ac1d21fd-4176-c013-ba8c-c7c73ec8c27b" testName="IntPut" computerName="pkrvmxyh4eaekms" duration="00:00:00.0000010" startTime="2025-06-24T21:13:51.5436209+00:00" endTime="2025-06-24T21:13:51.5436221+00:00" testType="13cdc9d9-ddb5-4fa4-a97d-d965ccfc6d4b" outcome="NotExecuted" testListId="8c84fa94-04c1-424b-9868-57a2d4851a1d" relativeResultsDirectory="7e7a5736-7c15-4522-8447-346600b6f4c4">
      <Output>
        <StdOut>Test skipped because TestProjects.Spector.Tests.Http._Type.Property.ValueTypes.ValueTypesTests.IntPut is currently a stubbed implementation.</StdOut>
        <ErrorInfo>
          <Message>Test skipped because TestProjects.Spector.Tests.Http._Type.Property.ValueTypes.ValueTypesTests.IntPut is currently a stubbed implementation.</Message>
        </ErrorInfo>
      </Output>
    </UnitTestResult>
    <UnitTestResult executionId="57faf34c-4e4c-4831-9fd0-4e4acef49e73" testId="160e2795-38fd-dcae-4f45-b70d860fae21" testName="ModelValueGet" computerName="pkrvmxyh4eaekms" duration="00:00:00.0000020" startTime="2025-06-24T21:13:51.5391382+00:00" endTime="2025-06-24T21:13:51.5391399+00:00" testType="13cdc9d9-ddb5-4fa4-a97d-d965ccfc6d4b" outcome="NotExecuted" testListId="8c84fa94-04c1-424b-9868-57a2d4851a1d" relativeResultsDirectory="57faf34c-4e4c-4831-9fd0-4e4acef49e73">
      <Output>
        <StdOut>Test skipped because TestProjects.Spector.Tests.Http._Type.Dictionary.DictionaryTests.ModelValueGet is currently a stubbed implementation.</StdOut>
        <ErrorInfo>
          <Message>Test skipped because TestProjects.Spector.Tests.Http._Type.Dictionary.DictionaryTests.ModelValueGet is currently a stubbed implementation.</Message>
        </ErrorInfo>
      </Output>
    </UnitTestResult>
    <UnitTestResult executionId="4cdbb798-0dad-4908-8c4b-a288102f233d" testId="7231518a-3b92-2ba3-441d-9b849e0432db" testName="ModelsWithPassAsync" computerName="pkrvmxyh4eaekms" duration="00:00:00.0000020" startTime="2025-06-24T21:13:51.6326281+00:00" endTime="2025-06-24T21:13:51.6326300+00:00" testType="13cdc9d9-ddb5-4fa4-a97d-d965ccfc6d4b" outcome="NotExecuted" testListId="8c84fa94-04c1-424b-9868-57a2d4851a1d" relativeResultsDirectory="4cdbb798-0dad-4908-8c4b-a288102f233d">
      <Output>
        <StdOut>Test skipped because TestProjects.Spector.Tests.Http.SpecialWords.SpecialWordsTests.ModelsWithPassAsync is currently a stubbed implementation.</StdOut>
        <ErrorInfo>
          <Message>Test skipped because TestProjects.Spector.Tests.Http.SpecialWords.SpecialWordsTests.ModelsWithPassAsync is currently a stubbed implementation.</Message>
        </ErrorInfo>
      </Output>
    </UnitTestResult>
    <UnitTestResult executionId="211fedf1-953c-4969-b7d1-35d074672da3" testId="4e9af848-d916-1322-93bb-d04a01857fb4" testName="IsModelGet" computerName="pkrvmxyh4eaekms" duration="00:00:00.0000020" startTime="2025-06-24T21:13:51.5415233+00:00" endTime="2025-06-24T21:13:51.5415251+00:00" testType="13cdc9d9-ddb5-4fa4-a97d-d965ccfc6d4b" outcome="NotExecuted" testListId="8c84fa94-04c1-424b-9868-57a2d4851a1d" relativeResultsDirectory="211fedf1-953c-4969-b7d1-35d074672da3">
      <Output>
        <StdOut>Test skipped because TestProjects.Spector.Tests.Http._Type.Property.AdditionalProperties.AdditionalPropertiesTests.IsModelGet is currently a stubbed implementation.</StdOut>
        <ErrorInfo>
          <Message>Test skipped because TestProjects.Spector.Tests.Http._Type.Property.AdditionalProperties.AdditionalPropertiesTests.IsModelGet is currently a stubbed implementation.</Message>
        </ErrorInfo>
      </Output>
    </UnitTestResult>
    <UnitTestResult executionId="d7d5d17b-c41b-4bb9-8b7f-01345c687ab2" testId="133e4429-4d79-8cf3-ae99-535243ed2289" testName="ImplicitBodySimple" computerName="pkrvmxyh4eaekms" duration="00:00:00.0000020" startTime="2025-06-24T21:13:51.5891747+00:00" endTime="2025-06-24T21:13:51.5891764+00:00" testType="13cdc9d9-ddb5-4fa4-a97d-d965ccfc6d4b" outcome="NotExecuted" testListId="8c84fa94-04c1-424b-9868-57a2d4851a1d" relativeResultsDirectory="d7d5d17b-c41b-4bb9-8b7f-01345c687ab2">
      <Output>
        <StdOut>Test skipped because TestProjects.Spector.Tests.Http.Parameters.Basic.BasicParametersTests.ImplicitBodySimple is currently a stubbed implementation.</StdOut>
        <ErrorInfo>
          <Message>Test skipped because TestProjects.Spector.Tests.Http.Parameters.Basic.BasicParametersTests.ImplicitBodySimple is currently a stubbed implementation.</Message>
        </ErrorInfo>
      </Output>
    </UnitTestResult>
    <UnitTestResult executionId="ec3e89f8-4ffb-4c4a-b6fe-dccdb1d60a67" testId="e9892386-a4d7-1c0d-be76-9acbdf834ed7" testName="StringGet" computerName="pkrvmxyh4eaekms" duration="00:00:00.0000010" startTime="2025-06-24T21:13:51.5440100+00:00" endTime="2025-06-24T21:13:51.5440114+00:00" testType="13cdc9d9-ddb5-4fa4-a97d-d965ccfc6d4b" outcome="NotExecuted" testListId="8c84fa94-04c1-424b-9868-57a2d4851a1d" relativeResultsDirectory="ec3e89f8-4ffb-4c4a-b6fe-dccdb1d60a67">
      <Output>
        <StdOut>Test skipped because TestProjects.Spector.Tests.Http._Type.Scalar.ScalarTests.StringGet is currently a stubbed implementation.</StdOut>
        <ErrorInfo>
          <Message>Test skipped because TestProjects.Spector.Tests.Http._Type.Scalar.ScalarTests.StringGet is currently a stubbed implementation.</Message>
        </ErrorInfo>
      </Output>
    </UnitTestResult>
    <UnitTestResult executionId="0eb182e0-d794-415a-bd75-ff61562d9a10" testId="5670c6e2-247f-23a3-bc62-7d446ab9390b" testName="DatetimeValuePut" computerName="pkrvmxyh4eaekms" duration="00:00:00.0000020" startTime="2025-06-24T21:13:51.5357730+00:00" endTime="2025-06-24T21:13:51.5357746+00:00" testType="13cdc9d9-ddb5-4fa4-a97d-d965ccfc6d4b" outcome="NotExecuted" testListId="8c84fa94-04c1-424b-9868-57a2d4851a1d" relativeResultsDirectory="0eb182e0-d794-415a-bd75-ff61562d9a10">
      <Output>
        <StdOut>Test skipped because TestProjects.Spector.Tests.Http._Type._Array.ArrayTests.DatetimeValuePut is currently a stubbed implementation.</StdOut>
        <ErrorInfo>
          <Message>Test skipped because TestProjects.Spector.Tests.Http._Type._Array.ArrayTests.DatetimeValuePut is currently a stubbed implementation.</Message>
        </ErrorInfo>
      </Output>
    </UnitTestResult>
    <UnitTestResult executionId="cb565051-c310-4a85-a2ac-831003a88f93" testId="907a7d5f-e979-134b-a4dc-f61b7bbc41ca" testName="DurationGet" computerName="pkrvmxyh4eaekms" duration="00:00:00.0000010" startTime="2025-06-24T21:13:51.5435339+00:00" endTime="2025-06-24T21:13:51.5435354+00:00" testType="13cdc9d9-ddb5-4fa4-a97d-d965ccfc6d4b" outcome="NotExecuted" testListId="8c84fa94-04c1-424b-9868-57a2d4851a1d" relativeResultsDirectory="cb565051-c310-4a85-a2ac-831003a88f93">
      <Output>
        <StdOut>Test skipped because TestProjects.Spector.Tests.Http._Type.Property.ValueTypes.ValueTypesTests.DurationGet is currently a stubbed implementation.</StdOut>
        <ErrorInfo>
          <Message>Test skipped because TestProjects.Spector.Tests.Http._Type.Property.ValueTypes.ValueTypesTests.DurationGet is currently a stubbed implementation.</Message>
        </ErrorInfo>
      </Output>
    </UnitTestResult>
    <UnitTestResult executionId="c676fa79-eef1-44dd-8783-c60f971b90fb" testId="c7a99980-7b30-585f-b0a3-eca232d00ad5" testName="HeaderRfc3339" computerName="pkrvmxyh4eaekms" duration="00:00:00.0000020" startTime="2025-06-24T21:13:51.5881763+00:00" endTime="2025-06-24T21:13:51.5881787+00:00" testType="13cdc9d9-ddb5-4fa4-a97d-d965ccfc6d4b" outcome="NotExecuted" testListId="8c84fa94-04c1-424b-9868-57a2d4851a1d" relativeResultsDirectory="c676fa79-eef1-44dd-8783-c60f971b90fb">
      <Output>
        <StdOut>Test skipped because TestProjects.Spector.Tests.Http.Encode.Datetime.DateTimeTests.HeaderRfc3339 is currently a stubbed implementation.</StdOut>
        <ErrorInfo>
          <Message>Test skipped because TestProjects.Spector.Tests.Http.Encode.Datetime.DateTimeTests.HeaderRfc3339 is currently a stubbed implementation.</Message>
        </ErrorInfo>
      </Output>
    </UnitTestResult>
    <UnitTestResult executionId="a8534b0d-191b-4b66-819c-44133a311e20" testId="0fe972d5-3a12-a6da-4e20-57f3ffcbaa4f" testName="ModelsWithAsyncAsync" computerName="pkrvmxyh4eaekms" duration="00:00:00.0000020" startTime="2025-06-24T21:13:51.6324320+00:00" endTime="2025-06-24T21:13:51.6324341+00:00" testType="13cdc9d9-ddb5-4fa4-a97d-d965ccfc6d4b" outcome="NotExecuted" testListId="8c84fa94-04c1-424b-9868-57a2d4851a1d" relativeResultsDirectory="a8534b0d-191b-4b66-819c-44133a311e20">
      <Output>
        <StdOut>Test skipped because TestProjects.Spector.Tests.Http.SpecialWords.SpecialWordsTests.ModelsWithAsyncAsync is currently a stubbed implementation.</StdOut>
        <ErrorInfo>
          <Message>Test skipped because TestProjects.Spector.Tests.Http.SpecialWords.SpecialWordsTests.ModelsWithAsyncAsync is currently a stubbed implementation.</Message>
        </ErrorInfo>
      </Output>
    </UnitTestResult>
    <UnitTestResult executionId="a3168dcd-5ca1-4a96-a6ca-01caf03ef2fa" testId="8c223ae4-9d48-ec5f-834f-0f5827a30bde" testName="OperationsReturnAsync" computerName="pkrvmxyh4eaekms" duration="00:00:00.0000020" startTime="2025-06-24T21:13:51.6329444+00:00" endTime="2025-06-24T21:13:51.6329465+00:00" testType="13cdc9d9-ddb5-4fa4-a97d-d965ccfc6d4b" outcome="NotExecuted" testListId="8c84fa94-04c1-424b-9868-57a2d4851a1d" relativeResultsDirectory="a3168dcd-5ca1-4a96-a6ca-01caf03ef2fa">
      <Output>
        <StdOut>Test skipped because TestProjects.Spector.Tests.Http.SpecialWords.SpecialWordsTests.OperationsReturnAsync is currently a stubbed implementation.</StdOut>
        <ErrorInfo>
          <Message>Test skipped because TestProjects.Spector.Tests.Http.SpecialWords.SpecialWordsTests.OperationsReturnAsync is currently a stubbed implementation.</Message>
        </ErrorInfo>
      </Output>
    </UnitTestResult>
    <UnitTestResult executionId="d04ee6fa-9985-41af-9ccf-9b40ec20da16" testId="bbbb4873-b388-9027-19b7-c37634ad7aa1" testName="PostRoundTripEmpty" computerName="pkrvmxyh4eaekms" duration="00:00:00.0000010" startTime="2025-06-24T21:13:51.5393637+00:00" endTime="2025-06-24T21:13:51.5393651+00:00" testType="13cdc9d9-ddb5-4fa4-a97d-d965ccfc6d4b" outcome="NotExecuted" testListId="8c84fa94-04c1-424b-9868-57a2d4851a1d" relativeResultsDirectory="d04ee6fa-9985-41af-9ccf-9b40ec20da16">
      <Output>
        <StdOut>Test skipped because TestProjects.Spector.Tests.Http._Type.Model.Empty.EmptyTests.PostRoundTripEmpty is currently a stubbed implementation.</StdOut>
        <ErrorInfo>
          <Message>Test skipped because TestProjects.Spector.Tests.Http._Type.Model.Empty.EmptyTests.PostRoundTripEmpty is currently a stubbed implementation.</Message>
        </ErrorInfo>
      </Output>
    </UnitTestResult>
    <UnitTestResult executionId="763ffed7-d191-48c7-a7b6-74dfe0b43963" testId="55995edc-e7d0-67a9-3c28-9812696c2ada" testName="BinaryArrayParts" computerName="pkrvmxyh4eaekms" duration="00:00:00.0004050" startTime="2025-06-24T21:13:51.6237152+00:00" endTime="2025-06-24T21:13:51.6241199+00:00" testType="13cdc9d9-ddb5-4fa4-a97d-d965ccfc6d4b" outcome="Failed" testListId="8c84fa94-04c1-424b-9868-57a2d4851a1d" relativeResultsDirectory="763ffed7-d191-48c7-a7b6-74dfe0b43963">
      <Output>
        <ErrorInfo>
          <Message>OneTimeSetUp: System.InvalidOperationException : Cannot find 'node_modules' in parent directories of /home/runner/work/typespec/typespec/packages/http-client-csharp/generator/artifacts/bin/TestProjects.Spector.Tests/Debug/net8.0/TestProjects.Spector.Tests.dll.</Message>
          <StackTrace>
</StackTrace>
        </ErrorInfo>
      </Output>
    </UnitTestResult>
    <UnitTestResult executionId="16b71b93-5eac-47eb-9486-ee5410d15686" testId="63507661-7c2f-36c2-7c52-efea806d83e5" testName="RoundTripWithModelInterfaceNonGenericWire" computerName="pkrvmxyh4eaekms" duration="00:00:00.0000020" startTime="2025-06-24T21:13:51.5419838+00:00" endTime="2025-06-24T21:13:51.5419860+00:00" testType="13cdc9d9-ddb5-4fa4-a97d-d965ccfc6d4b" outcome="NotExecuted" testListId="8c84fa94-04c1-424b-9868-57a2d4851a1d" relativeResultsDirectory="16b71b93-5eac-47eb-9486-ee5410d15686">
      <Output>
        <StdOut>Test skipped because TestProjects.Spector.Tests.Http._Type.Property.AdditionalProperties.DifferentSpreadStringDerivedTests.RoundTripWithModelInterfaceNonGenericWire is currently a stubbed implementation.</StdOut>
        <ErrorInfo>
          <Message>Test skipped because TestProjects.Spector.Tests.Http._Type.Property.AdditionalProperties.DifferentSpreadStringDerivedTests.RoundTripWithModelInterfaceNonGenericWire is currently a stubbed implementation.</Message>
        </ErrorInfo>
      </Output>
    </UnitTestResult>
    <UnitTestResult executionId="f19355cb-45eb-4c5d-acab-2a5de2a67636" testId="777451b0-0b07-094b-2b5a-444b06d1abb2" testName="RoundTripWithJsonInterfaceUtf8ReaderNonGenericWire" computerName="pkrvmxyh4eaekms" duration="00:00:00.0000010" startTime="2025-06-24T21:13:51.5405711+00:00" endTime="2025-06-24T21:13:51.5405723+00:00" testType="13cdc9d9-ddb5-4fa4-a97d-d965ccfc6d4b" outcome="NotExecuted" testListId="8c84fa94-04c1-424b-9868-57a2d4851a1d" relativeResultsDirectory="f19355cb-45eb-4c5d-acab-2a5de2a67636">
      <Output>
        <StdOut>Test skipped because TestProjects.Spector.Tests.Http._Type.Model.Inheritance.SingleDiscriminator.EagleTests.RoundTripWithJsonInterfaceUtf8ReaderNonGenericWire is currently a stubbed implementation.</StdOut>
        <ErrorInfo>
          <Message>Test skipped because TestProjects.Spector.Tests.Http._Type.Model.Inheritance.SingleDiscriminator.EagleTests.RoundTripWithJsonInterfaceUtf8ReaderNonGenericWire is currently a stubbed implementation.</Message>
        </ErrorInfo>
      </Output>
    </UnitTestResult>
    <UnitTestResult executionId="b52ddc08-aef5-4263-bc6b-47883c2010cb" testId="9d0c1024-a93b-a389-7cf7-86cbd198403f" testName="SpreadRecordNonDiscriminatedUnionPut" computerName="pkrvmxyh4eaekms" duration="00:00:00.0000010" startTime="2025-06-24T21:13:51.5417183+00:00" endTime="2025-06-24T21:13:51.5417195+00:00" testType="13cdc9d9-ddb5-4fa4-a97d-d965ccfc6d4b" outcome="NotExecuted" testListId="8c84fa94-04c1-424b-9868-57a2d4851a1d" relativeResultsDirectory="b52ddc08-aef5-4263-bc6b-47883c2010cb">
      <Output>
        <StdOut>Test skipped because TestProjects.Spector.Tests.Http._Type.Property.AdditionalProperties.AdditionalPropertiesTests.SpreadRecordNonDiscriminatedUnionPut is currently a stubbed implementation.</StdOut>
        <ErrorInfo>
          <Message>Test skipped because TestProjects.Spector.Tests.Http._Type.Property.AdditionalProperties.AdditionalPropertiesTests.SpreadRecordNonDiscriminatedUnionPut is currently a stubbed implementation.</Message>
        </ErrorInfo>
      </Output>
    </UnitTestResult>
    <UnitTestResult executionId="ebed38ca-87db-4795-94e5-2ba6a95ea419" testId="ab7767a9-699b-81c0-7f74-a1434e3dfda1" testName="UnionFloatLiteralGet" computerName="pkrvmxyh4eaekms" duration="00:00:00.0000010" startTime="2025-06-24T21:13:51.5436937+00:00" endTime="2025-06-24T21:13:51.5436948+00:00" testType="13cdc9d9-ddb5-4fa4-a97d-d965ccfc6d4b" outcome="NotExecuted" testListId="8c84fa94-04c1-424b-9868-57a2d4851a1d" relativeResultsDirectory="ebed38ca-87db-4795-94e5-2ba6a95ea419">
      <Output>
        <StdOut>Test skipped because TestProjects.Spector.Tests.Http._Type.Property.ValueTypes.ValueTypesTests.UnionFloatLiteralGet is currently a stubbed implementation.</StdOut>
        <ErrorInfo>
          <Message>Test skipped because TestProjects.Spector.Tests.Http._Type.Property.ValueTypes.ValueTypesTests.UnionFloatLiteralGet is currently a stubbed implementation.</Message>
        </ErrorInfo>
      </Output>
    </UnitTestResult>
    <UnitTestResult executionId="38186962-a4ca-4391-a25d-f51864a8014d" testId="8ee817e9-6dc8-4b74-f44c-425f5c447a77" testName="ModelsWithInAsync" computerName="pkrvmxyh4eaekms" duration="00:00:00.0000020" startTime="2025-06-24T21:13:51.6325841+00:00" endTime="2025-06-24T21:13:51.6325859+00:00" testType="13cdc9d9-ddb5-4fa4-a97d-d965ccfc6d4b" outcome="NotExecuted" testListId="8c84fa94-04c1-424b-9868-57a2d4851a1d" relativeResultsDirectory="38186962-a4ca-4391-a25d-f51864a8014d">
      <Output>
        <StdOut>Test skipped because TestProjects.Spector.Tests.Http.SpecialWords.SpecialWordsTests.ModelsWithInAsync is currently a stubbed implementation.</StdOut>
        <ErrorInfo>
          <Message>Test skipped because TestProjects.Spector.Tests.Http.SpecialWords.SpecialWordsTests.ModelsWithInAsync is currently a stubbed implementation.</Message>
        </ErrorInfo>
      </Output>
    </UnitTestResult>
    <UnitTestResult executionId="1a1a082a-2aca-4cc5-8098-70688e544b8b" testId="7c552428-a9dd-f2dc-37ce-8e969f241e0d" testName="QueryDefault" computerName="pkrvmxyh4eaekms" duration="00:00:00.0000020" startTime="2025-06-24T21:13:51.5887132+00:00" endTime="2025-06-24T21:13:51.5887149+00:00" testType="13cdc9d9-ddb5-4fa4-a97d-d965ccfc6d4b" outcome="NotExecuted" testListId="8c84fa94-04c1-424b-9868-57a2d4851a1d" relativeResultsDirectory="1a1a082a-2aca-4cc5-8098-70688e544b8b">
      <Output>
        <StdOut>Test skipped because TestProjects.Spector.Tests.Http.Encode.Duration.EncodeDurationTests.QueryDefault is currently a stubbed implementation.</StdOut>
        <ErrorInfo>
          <Message>Test skipped because TestProjects.Spector.Tests.Http.Encode.Duration.EncodeDurationTests.QueryDefault is currently a stubbed implementation.</Message>
        </ErrorInfo>
      </Output>
    </UnitTestResult>
    <UnitTestResult executionId="b07a5c59-de34-467c-a6df-c0a3287976d2" testId="8ec45d93-0c6b-1c6e-e4d9-f5149dbd299d" testName="TestRenamedMembers" computerName="pkrvmxyh4eaekms" duration="00:00:00.0000060" startTime="2025-06-24T21:13:51.6350310+00:00" endTime="2025-06-24T21:13:51.6350368+00:00" testType="13cdc9d9-ddb5-4fa4-a97d-d965ccfc6d4b" outcome="NotExecuted" testListId="8c84fa94-04c1-424b-9868-57a2d4851a1d" relativeResultsDirectory="b07a5c59-de34-467c-a6df-c0a3287976d2">
      <Output>
        <StdOut>Test skipped because TestProjects.Spector.Tests.Http.Versioning.RenamedFrom.V2.VersioningRenamedFromTests.TestRenamedMembers is currently a stubbed implementation.</StdOut>
        <ErrorInfo>
          <Message>Test skipped because TestProjects.Spector.Tests.Http.Versioning.RenamedFrom.V2.VersioningRenamedFromTests.TestRenamedMembers is currently a stubbed implementation.</Message>
        </ErrorInfo>
      </Output>
    </UnitTestResult>
    <UnitTestResult executionId="5e5b75b6-e7ad-4a45-b0ab-34501527a452" testId="c398ce42-db9d-78fd-b092-a14cb15fdbdd" testName="ModelGet" computerName="pkrvmxyh4eaekms" duration="00:00:00.0000010" startTime="2025-06-24T21:13:51.5436264+00:00" endTime="2025-06-24T21:13:51.5436275+00:00" testType="13cdc9d9-ddb5-4fa4-a97d-d965ccfc6d4b" outcome="NotExecuted" testListId="8c84fa94-04c1-424b-9868-57a2d4851a1d" relativeResultsDirectory="5e5b75b6-e7ad-4a45-b0ab-34501527a452">
      <Output>
        <StdOut>Test skipped because TestProjects.Spector.Tests.Http._Type.Property.ValueTypes.ValueTypesTests.ModelGet is currently a stubbed implementation.</StdOut>
        <ErrorInfo>
          <Message>Test skipped because TestProjects.Spector.Tests.Http._Type.Property.ValueTypes.ValueTypesTests.ModelGet is currently a stubbed implementation.</Message>
        </ErrorInfo>
      </Output>
    </UnitTestResult>
    <UnitTestResult executionId="135a2603-597d-4286-a817-c2d0609094e6" testId="5f0ce51c-cc76-c855-edfe-47ef26f9b2f4" testName="Encode_Numeric_Property_uint32AsStringOptional" computerName="pkrvmxyh4eaekms" duration="00:00:00.0000020" startTime="2025-06-24T21:13:51.5889791+00:00" endTime="2025-06-24T21:13:51.5889811+00:00" testType="13cdc9d9-ddb5-4fa4-a97d-d965ccfc6d4b" outcome="NotExecuted" testListId="8c84fa94-04c1-424b-9868-57a2d4851a1d" relativeResultsDirectory="135a2603-597d-4286-a817-c2d0609094e6">
      <Output>
        <StdOut>Test skipped because TestProjects.Spector.Tests.Http.Encode.Numeric.EncodeNumericTests.Encode_Numeric_Property_uint32AsStringOptional is currently a stubbed implementation.</StdOut>
        <ErrorInfo>
          <Message>Test skipped because TestProjects.Spector.Tests.Http.Encode.Numeric.EncodeNumericTests.Encode_Numeric_Property_uint32AsStringOptional is currently a stubbed implementation.</Message>
        </ErrorInfo>
      </Output>
    </UnitTestResult>
    <UnitTestResult executionId="8595e3ce-90b2-4ec2-8ef4-ddf4f8feef9e" testId="949a2159-4b10-152e-4ce1-8d560e9c175a" testName="PropertyFloatSecondsArrayConvenience" computerName="pkrvmxyh4eaekms" duration="00:00:00.0000020" startTime="2025-06-24T21:13:51.5886620+00:00" endTime="2025-06-24T21:13:51.5886641+00:00" testType="13cdc9d9-ddb5-4fa4-a97d-d965ccfc6d4b" outcome="NotExecuted" testListId="8c84fa94-04c1-424b-9868-57a2d4851a1d" relativeResultsDirectory="8595e3ce-90b2-4ec2-8ef4-ddf4f8feef9e">
      <Output>
        <StdOut>Test skipped because TestProjects.Spector.Tests.Http.Encode.Duration.EncodeDurationTests.PropertyFloatSecondsArrayConvenience is currently a stubbed implementation.</StdOut>
        <ErrorInfo>
          <Message>Test skipped because TestProjects.Spector.Tests.Http.Encode.Duration.EncodeDurationTests.PropertyFloatSecondsArrayConvenience is currently a stubbed implementation.</Message>
        </ErrorInfo>
      </Output>
    </UnitTestResult>
    <UnitTestResult executionId="253b0b9d-e7cf-4741-aa90-0cb674f56b67" testId="337691d1-14f7-d8ba-0144-791dbaf5a041" testName="ExtendsUnknownPut" computerName="pkrvmxyh4eaekms" duration="00:00:00.0000010" startTime="2025-06-24T21:13:51.5414928+00:00" endTime="2025-06-24T21:13:51.5414943+00:00" testType="13cdc9d9-ddb5-4fa4-a97d-d965ccfc6d4b" outcome="NotExecuted" testListId="8c84fa94-04c1-424b-9868-57a2d4851a1d" relativeResultsDirectory="253b0b9d-e7cf-4741-aa90-0cb674f56b67">
      <Output>
        <StdOut>Test skipped because TestProjects.Spector.Tests.Http._Type.Property.AdditionalProperties.AdditionalPropertiesTests.ExtendsUnknownPut is currently a stubbed implementation.</StdOut>
        <ErrorInfo>
          <Message>Test skipped because TestProjects.Spector.Tests.Http._Type.Property.AdditionalProperties.AdditionalPropertiesTests.ExtendsUnknownPut is currently a stubbed implementation.</Message>
        </ErrorInfo>
      </Output>
    </UnitTestResult>
    <UnitTestResult executionId="ee48d383-ae16-408b-8283-2446e1ed5ffe" testId="8e2f760f-31bf-1e77-ce73-45dbb1d3430d" testName="OperationsInAsync" computerName="pkrvmxyh4eaekms" duration="00:00:00.0000020" startTime="2025-06-24T21:13:51.6328822+00:00" endTime="2025-06-24T21:13:51.6328841+00:00" testType="13cdc9d9-ddb5-4fa4-a97d-d965ccfc6d4b" outcome="NotExecuted" testListId="8c84fa94-04c1-424b-9868-57a2d4851a1d" relativeResultsDirectory="ee48d383-ae16-408b-8283-2446e1ed5ffe">
      <Output>
        <StdOut>Test skipped because TestProjects.Spector.Tests.Http.SpecialWords.SpecialWordsTests.OperationsInAsync is currently a stubbed implementation.</StdOut>
        <ErrorInfo>
          <Message>Test skipped because TestProjects.Spector.Tests.Http.SpecialWords.SpecialWordsTests.OperationsInAsync is currently a stubbed implementation.</Message>
        </ErrorInfo>
      </Output>
    </UnitTestResult>
    <UnitTestResult executionId="621d2e17-e9a3-44b1-b31c-4e255d0ea925" testId="9f9efddd-641e-ab10-823c-37aeb2556ab4" testName="Int64ValueGet" computerName="pkrvmxyh4eaekms" duration="00:00:00.0000010" startTime="2025-06-24T21:13:51.5391273+00:00" endTime="2025-06-24T21:13:51.5391285+00:00" testType="13cdc9d9-ddb5-4fa4-a97d-d965ccfc6d4b" outcome="NotExecuted" testListId="8c84fa94-04c1-424b-9868-57a2d4851a1d" relativeResultsDirectory="621d2e17-e9a3-44b1-b31c-4e255d0ea925">
      <Output>
        <StdOut>Test skipped because TestProjects.Spector.Tests.Http._Type.Dictionary.DictionaryTests.Int64ValueGet is currently a stubbed implementation.</StdOut>
        <ErrorInfo>
          <Message>Test skipped because TestProjects.Spector.Tests.Http._Type.Dictionary.DictionaryTests.Int64ValueGet is currently a stubbed implementation.</Message>
        </ErrorInfo>
      </Output>
    </UnitTestResult>
    <UnitTestResult executionId="b512d483-92a1-4bf1-98fa-4c4c3c8aeb38" testId="81b2c6fa-26d3-8984-98eb-0462ef3db642" testName="RequiredAndOptionalGetAll" computerName="pkrvmxyh4eaekms" duration="00:00:00.0000010" startTime="2025-06-24T21:13:51.5430874+00:00" endTime="2025-06-24T21:13:51.5430887+00:00" testType="13cdc9d9-ddb5-4fa4-a97d-d965ccfc6d4b" outcome="NotExecuted" testListId="8c84fa94-04c1-424b-9868-57a2d4851a1d" relativeResultsDirectory="b512d483-92a1-4bf1-98fa-4c4c3c8aeb38">
      <Output>
        <StdOut>Test skipped because TestProjects.Spector.Tests.Http._Type.Property.Optionality.OptionalityTests.RequiredAndOptionalGetAll is currently a stubbed implementation.</StdOut>
        <ErrorInfo>
          <Message>Test skipped because TestProjects.Spector.Tests.Http._Type.Property.Optionality.OptionalityTests.RequiredAndOptionalGetAll is currently a stubbed implementation.</Message>
        </ErrorInfo>
      </Output>
    </UnitTestResult>
    <UnitTestResult executionId="1098ec2b-365d-483c-8c38-cee152d9c60f" testId="b37dc247-281d-9ad1-5089-906957d4178f" testName="RoundTripWithModelInterfaceWire" computerName="pkrvmxyh4eaekms" duration="00:00:00.0000020" startTime="2025-06-24T21:13:51.5406048+00:00" endTime="2025-06-24T21:13:51.5406069+00:00" testType="13cdc9d9-ddb5-4fa4-a97d-d965ccfc6d4b" outcome="NotExecuted" testListId="8c84fa94-04c1-424b-9868-57a2d4851a1d" relativeResultsDirectory="1098ec2b-365d-483c-8c38-cee152d9c60f">
      <Output>
        <StdOut>Test skipped because TestProjects.Spector.Tests.Http._Type.Model.Inheritance.SingleDiscriminator.EagleTests.RoundTripWithModelInterfaceWire is currently a stubbed implementation.</StdOut>
        <ErrorInfo>
          <Message>Test skipped because TestProjects.Spector.Tests.Http._Type.Model.Inheritance.SingleDiscriminator.EagleTests.RoundTripWithModelInterfaceWire is currently a stubbed implementation.</Message>
        </ErrorInfo>
      </Output>
    </UnitTestResult>
    <UnitTestResult executionId="ce4ddf08-890c-4a4d-ab85-fdd0f7d4325f" testId="c5d2171e-4a2c-e8cc-bad0-b1c0dd918a1d" testName="Invalid" computerName="pkrvmxyh4eaekms" duration="00:00:00.0000040" startTime="2025-06-24T21:13:51.5445862+00:00" endTime="2025-06-24T21:13:51.5445903+00:00" testType="13cdc9d9-ddb5-4fa4-a97d-d965ccfc6d4b" outcome="NotExecuted" testListId="8c84fa94-04c1-424b-9868-57a2d4851a1d" relativeResultsDirectory="ce4ddf08-890c-4a4d-ab85-fdd0f7d4325f">
      <Output>
        <StdOut>Test skipped because TestProjects.Spector.Tests.Http.Authentication.Http.Custom.CustomTests.Invalid is currently a stubbed implementation.</StdOut>
        <ErrorInfo>
          <Message>Test skipped because TestProjects.Spector.Tests.Http.Authentication.Http.Custom.CustomTests.Invalid is currently a stubbed implementation.</Message>
        </ErrorInfo>
      </Output>
    </UnitTestResult>
    <UnitTestResult executionId="77196a71-254a-46a8-8ce6-a5b5794dda23" testId="eeb1a371-6f4c-6ca0-eed6-a7b6dbd853db" testName="OperationsRaiseAsync" computerName="pkrvmxyh4eaekms" duration="00:00:00.0000020" startTime="2025-06-24T21:13:51.6329364+00:00" endTime="2025-06-24T21:13:51.6329381+00:00" testType="13cdc9d9-ddb5-4fa4-a97d-d965ccfc6d4b" outcome="NotExecuted" testListId="8c84fa94-04c1-424b-9868-57a2d4851a1d" relativeResultsDirectory="77196a71-254a-46a8-8ce6-a5b5794dda23">
      <Output>
        <StdOut>Test skipped because TestProjects.Spector.Tests.Http.SpecialWords.SpecialWordsTests.OperationsRaiseAsync is currently a stubbed implementation.</StdOut>
        <ErrorInfo>
          <Message>Test skipped because TestProjects.Spector.Tests.Http.SpecialWords.SpecialWordsTests.OperationsRaiseAsync is currently a stubbed implementation.</Message>
        </ErrorInfo>
      </Output>
    </UnitTestResult>
    <UnitTestResult executionId="01b48ea4-4bbd-4028-8093-fd690ae518ec" testId="6518affc-3387-c57d-6aa7-33e1d48c2322" testName="HttpPartsRequiredContentType" computerName="pkrvmxyh4eaekms" duration="00:00:00.0004270" startTime="2025-06-24T21:13:51.6237152+00:00" endTime="2025-06-24T21:13:51.6241423+00:00" testType="13cdc9d9-ddb5-4fa4-a97d-d965ccfc6d4b" outcome="Failed" testListId="8c84fa94-04c1-424b-9868-57a2d4851a1d" relativeResultsDirectory="01b48ea4-4bbd-4028-8093-fd690ae518ec">
      <Output>
        <ErrorInfo>
          <Message>OneTimeSetUp: System.InvalidOperationException : Cannot find 'node_modules' in parent directories of /home/runner/work/typespec/typespec/packages/http-client-csharp/generator/artifacts/bin/TestProjects.Spector.Tests/Debug/net8.0/TestProjects.Spector.Tests.dll.</Message>
          <StackTrace>
</StackTrace>
        </ErrorInfo>
      </Output>
    </UnitTestResult>
    <UnitTestResult executionId="dc98d04f-878f-4da0-9ac6-1319be32fc60" testId="08ac9898-3269-c14e-731c-e13befb2ce63" testName="Model_SpreadCompositeRequest" computerName="pkrvmxyh4eaekms" duration="00:00:00.0000020" startTime="2025-06-24T21:13:51.6007927+00:00" endTime="2025-06-24T21:13:51.6007944+00:00" testType="13cdc9d9-ddb5-4fa4-a97d-d965ccfc6d4b" outcome="NotExecuted" testListId="8c84fa94-04c1-424b-9868-57a2d4851a1d" relativeResultsDirectory="dc98d04f-878f-4da0-9ac6-1319be32fc60">
      <Output>
        <StdOut>Test skipped because TestProjects.Spector.Tests.Http.Parameters.Spread.SpreadTests.Model_SpreadCompositeRequest is currently a stubbed implementation.</StdOut>
        <ErrorInfo>
          <Message>Test skipped because TestProjects.Spector.Tests.Http.Parameters.Spread.SpreadTests.Model_SpreadCompositeRequest is currently a stubbed implementation.</Message>
        </ErrorInfo>
      </Output>
    </UnitTestResult>
    <UnitTestResult executionId="20ea41a8-5dd8-4b1b-9ab6-89e8cf428dbc" testId="1d69222c-ad0f-5e57-1abc-660327f8725e" testName="OptionalPathParamIncluded(False)" computerName="pkrvmxyh4eaekms" duration="00:00:00.0107560" startTime="2025-06-24T21:13:51.5897716+00:00" endTime="2025-06-24T21:13:51.6005275+00:00" testType="13cdc9d9-ddb5-4fa4-a97d-d965ccfc6d4b" outcome="NotExecuted" testListId="8c84fa94-04c1-424b-9868-57a2d4851a1d" relativeResultsDirectory="20ea41a8-5dd8-4b1b-9ab6-89e8cf428dbc">
      <Output>
        <StdOut>OneTimeSetUp: Test skipped because TestProjects.Spector.Tests.Http.Parameters.Path.PathTests.OptionalPathParamIncluded is currently a stubbed implementation.</StdOut>
        <ErrorInfo>
          <Message>OneTimeSetUp: Test skipped because TestProjects.Spector.Tests.Http.Parameters.Path.PathTests.OptionalPathParamIncluded is currently a stubbed implementation.</Message>
        </ErrorInfo>
      </Output>
    </UnitTestResult>
    <UnitTestResult executionId="fcc44f30-b30d-4ec9-a2a8-815e9d792cb6" testId="58078968-4438-809b-672f-9916a969c6a8" testName="ExtensibleEnumGet" computerName="pkrvmxyh4eaekms" duration="00:00:00.0000020" startTime="2025-06-24T21:13:51.5435580+00:00" endTime="2025-06-24T21:13:51.5435600+00:00" testType="13cdc9d9-ddb5-4fa4-a97d-d965ccfc6d4b" outcome="NotExecuted" testListId="8c84fa94-04c1-424b-9868-57a2d4851a1d" relativeResultsDirectory="fcc44f30-b30d-4ec9-a2a8-815e9d792cb6">
      <Output>
        <StdOut>Test skipped because TestProjects.Spector.Tests.Http._Type.Property.ValueTypes.ValueTypesTests.ExtensibleEnumGet is currently a stubbed implementation.</StdOut>
        <ErrorInfo>
          <Message>Test skipped because TestProjects.Spector.Tests.Http._Type.Property.ValueTypes.ValueTypesTests.ExtensibleEnumGet is currently a stubbed implementation.</Message>
        </ErrorInfo>
      </Output>
    </UnitTestResult>
    <UnitTestResult executionId="963fd098-d285-467e-8e4f-10d2de5e047c" testId="ce08179f-a942-7d83-874f-c63532548267" testName="OperationsFromAsync" computerName="pkrvmxyh4eaekms" duration="00:00:00.0000020" startTime="2025-06-24T21:13:51.6328474+00:00" endTime="2025-06-24T21:13:51.6328494+00:00" testType="13cdc9d9-ddb5-4fa4-a97d-d965ccfc6d4b" outcome="NotExecuted" testListId="8c84fa94-04c1-424b-9868-57a2d4851a1d" relativeResultsDirectory="963fd098-d285-467e-8e4f-10d2de5e047c">
      <Output>
        <StdOut>Test skipped because TestProjects.Spector.Tests.Http.SpecialWords.SpecialWordsTests.OperationsFromAsync is currently a stubbed implementation.</StdOut>
        <ErrorInfo>
          <Message>Test skipped because TestProjects.Spector.Tests.Http.SpecialWords.SpecialWordsTests.OperationsFromAsync is currently a stubbed implementation.</Message>
        </ErrorInfo>
      </Output>
    </UnitTestResult>
    <UnitTestResult executionId="67ef81b1-a4ef-403e-87eb-689e0e445162" testId="50528cde-2418-393f-203a-d7c70decc5f5" testName="HeaderRfc7231" computerName="pkrvmxyh4eaekms" duration="00:00:00.0000020" startTime="2025-06-24T21:13:51.5881855+00:00" endTime="2025-06-24T21:13:51.5881874+00:00" testType="13cdc9d9-ddb5-4fa4-a97d-d965ccfc6d4b" outcome="NotExecuted" testListId="8c84fa94-04c1-424b-9868-57a2d4851a1d" relativeResultsDirectory="67ef81b1-a4ef-403e-87eb-689e0e445162">
      <Output>
        <StdOut>Test skipped because TestProjects.Spector.Tests.Http.Encode.Datetime.DateTimeTests.HeaderRfc7231 is currently a stubbed implementation.</StdOut>
        <ErrorInfo>
          <Message>Test skipped because TestProjects.Spector.Tests.Http.Encode.Datetime.DateTimeTests.HeaderRfc7231 is currently a stubbed implementation.</Message>
        </ErrorInfo>
      </Output>
    </UnitTestResult>
    <UnitTestResult executionId="7d08075e-7f5b-4b1a-a838-630be72507f0" testId="2d372ab4-2a22-d742-0457-ce1a320b9e6d" testName="RequestBodyCustomContentType" computerName="pkrvmxyh4eaekms" duration="00:00:00.0138590" startTime="2025-06-24T21:13:51.5740544+00:00" endTime="2025-06-24T21:13:51.5879130+00:00" testType="13cdc9d9-ddb5-4fa4-a97d-d965ccfc6d4b" outcome="Failed" testListId="8c84fa94-04c1-424b-9868-57a2d4851a1d" relativeResultsDirectory="7d08075e-7f5b-4b1a-a838-630be72507f0">
      <Output>
        <ErrorInfo>
          <Message>OneTimeSetUp: System.InvalidOperationException : Cannot find 'node_modules' in parent directories of /home/runner/work/typespec/typespec/packages/http-client-csharp/generator/artifacts/bin/TestProjects.Spector.Tests/Debug/net8.0/TestProjects.Spector.Tests.dll.</Message>
          <StackTrace>
</StackTrace>
        </ErrorInfo>
      </Output>
    </UnitTestResult>
    <UnitTestResult executionId="d18b21ae-a8d9-472b-bb15-6b49ec5014a4" testId="978ce783-833d-5d2b-6b3c-52e3099da292" testName="Versioning_Added_v1" computerName="pkrvmxyh4eaekms" duration="00:00:00.0000020" startTime="2025-06-24T21:13:51.6337374+00:00" endTime="2025-06-24T21:13:51.6337394+00:00" testType="13cdc9d9-ddb5-4fa4-a97d-d965ccfc6d4b" outcome="NotExecuted" testListId="8c84fa94-04c1-424b-9868-57a2d4851a1d" relativeResultsDirectory="d18b21ae-a8d9-472b-bb15-6b49ec5014a4">
      <Output>
        <StdOut>Test skipped because TestProjects.Spector.Tests.Http.Versioning.Added.V2.VersioningAddedV2Tests.Versioning_Added_v1 is currently a stubbed implementation.</StdOut>
        <ErrorInfo>
          <Message>Test skipped because TestProjects.Spector.Tests.Http.Versioning.Added.V2.VersioningAddedV2Tests.Versioning_Added_v1 is currently a stubbed implementation.</Message>
        </ErrorInfo>
      </Output>
    </UnitTestResult>
    <UnitTestResult executionId="05a2381d-54a5-4c5d-88a0-dd33a6be2014" testId="d2e193cc-34f9-e214-b02c-4f393aa248da" testName="HeaderBase64" computerName="pkrvmxyh4eaekms" duration="00:00:00.0138170" startTime="2025-06-24T21:13:51.5740544+00:00" endTime="2025-06-24T21:13:51.5878715+00:00" testType="13cdc9d9-ddb5-4fa4-a97d-d965ccfc6d4b" outcome="Failed" testListId="8c84fa94-04c1-424b-9868-57a2d4851a1d" relativeResultsDirectory="05a2381d-54a5-4c5d-88a0-dd33a6be2014">
      <Output>
        <ErrorInfo>
          <Message>OneTimeSetUp: System.InvalidOperationException : Cannot find 'node_modules' in parent directories of /home/runner/work/typespec/typespec/packages/http-client-csharp/generator/artifacts/bin/TestProjects.Spector.Tests/Debug/net8.0/TestProjects.Spector.Tests.dll.</Message>
          <StackTrace>
</StackTrace>
        </ErrorInfo>
      </Output>
    </UnitTestResult>
    <UnitTestResult executionId="0b8ca69b-c4a5-4520-858d-c7799beef524" testId="3714244a-f483-53e0-11f4-755919d9a646" testName="PostValid" computerName="pkrvmxyh4eaekms" duration="00:00:00.0000010" startTime="2025-06-24T21:13:51.5399277+00:00" endTime="2025-06-24T21:13:51.5399291+00:00" testType="13cdc9d9-ddb5-4fa4-a97d-d965ccfc6d4b" outcome="NotExecuted" testListId="8c84fa94-04c1-424b-9868-57a2d4851a1d" relativeResultsDirectory="0b8ca69b-c4a5-4520-858d-c7799beef524">
      <Output>
        <StdOut>Test skipped because TestProjects.Spector.Tests.Http._Type.Model.Inheritance.NotDiscriminated.NotDiscriminatedTests.PostValid is currently a stubbed implementation.</StdOut>
        <ErrorInfo>
          <Message>Test skipped because TestProjects.Spector.Tests.Http._Type.Model.Inheritance.NotDiscriminated.NotDiscriminatedTests.PostValid is currently a stubbed implementation.</Message>
        </ErrorInfo>
      </Output>
    </UnitTestResult>
    <UnitTestResult executionId="59d37a50-0f54-44cf-bfad-186d0ca3dcc1" testId="7723c8a3-3446-ef63-22bd-9fa4b4d504a1" testName="Client_Structure_default_Nine" computerName="pkrvmxyh4eaekms" duration="00:00:00.0000040" startTime="2025-06-24T21:13:51.5659905+00:00" endTime="2025-06-24T21:13:51.5659946+00:00" testType="13cdc9d9-ddb5-4fa4-a97d-d965ccfc6d4b" outcome="NotExecuted" testListId="8c84fa94-04c1-424b-9868-57a2d4851a1d" relativeResultsDirectory="59d37a50-0f54-44cf-bfad-186d0ca3dcc1">
      <Output>
        <StdOut>Test skipped because TestProjects.Spector.Tests.Http.Client.Structure.Default.DefaultTests.Client_Structure_default_Nine is currently a stubbed implementation.</StdOut>
        <ErrorInfo>
          <Message>Test skipped because TestProjects.Spector.Tests.Http.Client.Structure.Default.DefaultTests.Client_Structure_default_Nine is currently a stubbed implementation.</Message>
        </ErrorInfo>
      </Output>
    </UnitTestResult>
    <UnitTestResult executionId="43e1521d-9aa7-4718-956a-6c17d82c2fdf" testId="25d7fa74-6b31-7ed6-f83f-7e6d1615395d" testName="ExtendsModelPut" computerName="pkrvmxyh4eaekms" duration="00:00:00.0000020" startTime="2025-06-24T21:13:51.5414383+00:00" endTime="2025-06-24T21:13:51.5414403+00:00" testType="13cdc9d9-ddb5-4fa4-a97d-d965ccfc6d4b" outcome="NotExecuted" testListId="8c84fa94-04c1-424b-9868-57a2d4851a1d" relativeResultsDirectory="43e1521d-9aa7-4718-956a-6c17d82c2fdf">
      <Output>
        <StdOut>Test skipped because TestProjects.Spector.Tests.Http._Type.Property.AdditionalProperties.AdditionalPropertiesTests.ExtendsModelPut is currently a stubbed implementation.</StdOut>
        <ErrorInfo>
          <Message>Test skipped because TestProjects.Spector.Tests.Http._Type.Property.AdditionalProperties.AdditionalPropertiesTests.ExtendsModelPut is currently a stubbed implementation.</Message>
        </ErrorInfo>
      </Output>
    </UnitTestResult>
    <UnitTestResult executionId="09969d27-c7d2-4047-b925-2638e691b54b" testId="9b0d2ed4-a4e6-d046-b830-822003c804c0" testName="ParametersWithFromAsync" computerName="pkrvmxyh4eaekms" duration="00:00:00.0000020" startTime="2025-06-24T21:13:51.6331585+00:00" endTime="2025-06-24T21:13:51.6331606+00:00" testType="13cdc9d9-ddb5-4fa4-a97d-d965ccfc6d4b" outcome="NotExecuted" testListId="8c84fa94-04c1-424b-9868-57a2d4851a1d" relativeResultsDirectory="09969d27-c7d2-4047-b925-2638e691b54b">
      <Output>
        <StdOut>Test skipped because TestProjects.Spector.Tests.Http.SpecialWords.SpecialWordsTests.ParametersWithFromAsync is currently a stubbed implementation.</StdOut>
        <ErrorInfo>
          <Message>Test skipped because TestProjects.Spector.Tests.Http.SpecialWords.SpecialWordsTests.ParametersWithFromAsync is currently a stubbed implementation.</Message>
        </ErrorInfo>
      </Output>
    </UnitTestResult>
    <UnitTestResult executionId="1b69d070-0d53-49c8-9f25-1127f2ed6034" testId="d8bea81e-18c8-304c-b921-15f11a76a680" testName="GetAsText" computerName="pkrvmxyh4eaekms" duration="00:00:00.0000020" startTime="2025-06-24T21:13:51.6236574+00:00" endTime="2025-06-24T21:13:51.6236595+00:00" testType="13cdc9d9-ddb5-4fa4-a97d-d965ccfc6d4b" outcome="NotExecuted" testListId="8c84fa94-04c1-424b-9868-57a2d4851a1d" relativeResultsDirectory="1b69d070-0d53-49c8-9f25-1127f2ed6034">
      <Output>
        <StdOut>Test skipped because TestProjects.Spector.Tests.Http.Payload.MediaType.MediaTypeTests.GetAsText is currently a stubbed implementation.</StdOut>
        <ErrorInfo>
          <Message>Test skipped because TestProjects.Spector.Tests.Http.Payload.MediaType.MediaTypeTests.GetAsText is currently a stubbed implementation.</Message>
        </ErrorInfo>
      </Output>
    </UnitTestResult>
    <UnitTestResult executionId="1964ee42-cca8-4be4-9253-c34bdd7c3c82" testId="a879d571-dbc1-66a1-6878-dfed2f3c2d8d" testName="ExtendsDifferentSpreadModelArrayPut" computerName="pkrvmxyh4eaekms" duration="00:00:00.0000020" startTime="2025-06-24T21:13:51.5413749+00:00" endTime="2025-06-24T21:13:51.5413766+00:00" testType="13cdc9d9-ddb5-4fa4-a97d-d965ccfc6d4b" outcome="NotExecuted" testListId="8c84fa94-04c1-424b-9868-57a2d4851a1d" relativeResultsDirectory="1964ee42-cca8-4be4-9253-c34bdd7c3c82">
      <Output>
        <StdOut>Test skipped because TestProjects.Spector.Tests.Http._Type.Property.AdditionalProperties.AdditionalPropertiesTests.ExtendsDifferentSpreadModelArrayPut is currently a stubbed implementation.</StdOut>
        <ErrorInfo>
          <Message>Test skipped because TestProjects.Spector.Tests.Http._Type.Property.AdditionalProperties.AdditionalPropertiesTests.ExtendsDifferentSpreadModelArrayPut is currently a stubbed implementation.</Message>
        </ErrorInfo>
      </Output>
    </UnitTestResult>
    <UnitTestResult executionId="d70d5a24-31b6-44bd-a12f-913fb1591c92" testId="d88efe72-4dac-2621-6744-580600b5a542" testName="BooleanLiteralGetAll" computerName="pkrvmxyh4eaekms" duration="00:00:00.0000050" startTime="2025-06-24T21:13:51.5428168+00:00" endTime="2025-06-24T21:13:51.5428215+00:00" testType="13cdc9d9-ddb5-4fa4-a97d-d965ccfc6d4b" outcome="NotExecuted" testListId="8c84fa94-04c1-424b-9868-57a2d4851a1d" relativeResultsDirectory="d70d5a24-31b6-44bd-a12f-913fb1591c92">
      <Output>
        <StdOut>Test skipped because TestProjects.Spector.Tests.Http._Type.Property.Optionality.OptionalityTests.BooleanLiteralGetAll is currently a stubbed implementation.</StdOut>
        <ErrorInfo>
          <Message>Test skipped because TestProjects.Spector.Tests.Http._Type.Property.Optionality.OptionalityTests.BooleanLiteralGetAll is currently a stubbed implementation.</Message>
        </ErrorInfo>
      </Output>
    </UnitTestResult>
    <UnitTestResult executionId="b4448ea6-7eb9-40aa-941e-2c6dc4bcfa65" testId="29dff1df-8583-fa03-c185-2c7ae3301185" testName="FloatLiteralGetDefault" computerName="pkrvmxyh4eaekms" duration="00:00:00.0000010" startTime="2025-06-24T21:13:51.5429911+00:00" endTime="2025-06-24T21:13:51.5429924+00:00" testType="13cdc9d9-ddb5-4fa4-a97d-d965ccfc6d4b" outcome="NotExecuted" testListId="8c84fa94-04c1-424b-9868-57a2d4851a1d" relativeResultsDirectory="b4448ea6-7eb9-40aa-941e-2c6dc4bcfa65">
      <Output>
        <StdOut>Test skipped because TestProjects.Spector.Tests.Http._Type.Property.Optionality.OptionalityTests.FloatLiteralGetDefault is currently a stubbed implementation.</StdOut>
        <ErrorInfo>
          <Message>Test skipped because TestProjects.Spector.Tests.Http._Type.Property.Optionality.OptionalityTests.FloatLiteralGetDefault is currently a stubbed implementation.</Message>
        </ErrorInfo>
      </Output>
    </UnitTestResult>
    <UnitTestResult executionId="4b13bcae-63fc-41cc-aa5c-647ab9af7a10" testId="8cf3a58d-9cd4-92ff-5e14-620ef959d3d0" testName="BooleanPut" computerName="pkrvmxyh4eaekms" duration="00:00:00.0000030" startTime="2025-06-24T21:13:51.5439429+00:00" endTime="2025-06-24T21:13:51.5439459+00:00" testType="13cdc9d9-ddb5-4fa4-a97d-d965ccfc6d4b" outcome="NotExecuted" testListId="8c84fa94-04c1-424b-9868-57a2d4851a1d" relativeResultsDirectory="4b13bcae-63fc-41cc-aa5c-647ab9af7a10">
      <Output>
        <StdOut>Test skipped because TestProjects.Spector.Tests.Http._Type.Scalar.ScalarTests.BooleanPut is currently a stubbed implementation.</StdOut>
        <ErrorInfo>
          <Message>Test skipped because TestProjects.Spector.Tests.Http._Type.Scalar.ScalarTests.BooleanPut is currently a stubbed implementation.</Message>
        </ErrorInfo>
      </Output>
    </UnitTestResult>
    <UnitTestResult executionId="bb410e5a-e980-4f69-80bd-085a5d9b541d" testId="2a102ffb-2b48-19e1-5362-d97b8f5130ce" testName="BytesGetAll" computerName="pkrvmxyh4eaekms" duration="00:00:00.0000010" startTime="2025-06-24T21:13:51.5428468+00:00" endTime="2025-06-24T21:13:51.5428479+00:00" testType="13cdc9d9-ddb5-4fa4-a97d-d965ccfc6d4b" outcome="NotExecuted" testListId="8c84fa94-04c1-424b-9868-57a2d4851a1d" relativeResultsDirectory="bb410e5a-e980-4f69-80bd-085a5d9b541d">
      <Output>
        <StdOut>Test skipped because TestProjects.Spector.Tests.Http._Type.Property.Optionality.OptionalityTests.BytesGetAll is currently a stubbed implementation.</StdOut>
        <ErrorInfo>
          <Message>Test skipped because TestProjects.Spector.Tests.Http._Type.Property.Optionality.OptionalityTests.BytesGetAll is currently a stubbed implementation.</Message>
        </ErrorInfo>
      </Output>
    </UnitTestResult>
    <UnitTestResult executionId="736a4f12-f9cd-476b-880e-12ea344ecda2" testId="21341ede-d83b-4a97-9079-afc4ac964e77" testName="CollectionsStringGetNull" computerName="pkrvmxyh4eaekms" duration="00:00:00.0000010" startTime="2025-06-24T21:13:51.5425806+00:00" endTime="2025-06-24T21:13:51.5425819+00:00" testType="13cdc9d9-ddb5-4fa4-a97d-d965ccfc6d4b" outcome="NotExecuted" testListId="8c84fa94-04c1-424b-9868-57a2d4851a1d" relativeResultsDirectory="736a4f12-f9cd-476b-880e-12ea344ecda2">
      <Output>
        <StdOut>Test skipped because TestProjects.Spector.Tests.Http._Type.Property.Nullable.NullableTests.CollectionsStringGetNull is currently a stubbed implementation.</StdOut>
        <ErrorInfo>
          <Message>Test skipped because TestProjects.Spector.Tests.Http._Type.Property.Nullable.NullableTests.CollectionsStringGetNull is currently a stubbed implementation.</Message>
        </ErrorInfo>
      </Output>
    </UnitTestResult>
    <UnitTestResult executionId="a331fef1-58ff-47c9-92ea-42287e775eaf" testId="340c6c97-7e1a-5994-a92c-8a7e869b1a99" testName="AddOptionalParamFromNone_V1Client_V1Service_WithApiVersionV1" computerName="pkrvmxyh4eaekms" duration="00:00:00.0000060" startTime="2025-06-24T21:13:51.6248038+00:00" endTime="2025-06-24T21:13:51.6248097+00:00" testType="13cdc9d9-ddb5-4fa4-a97d-d965ccfc6d4b" outcome="NotExecuted" testListId="8c84fa94-04c1-424b-9868-57a2d4851a1d" relativeResultsDirectory="a331fef1-58ff-47c9-92ea-42287e775eaf">
      <Output>
        <StdOut>Test skipped because TestProjects.Spector.Tests.Http.Resiliency.SrvDriven.V1.SrvDrivenV1Tests.AddOptionalParamFromNone_V1Client_V1Service_WithApiVersionV1 is currently a stubbed implementation.</StdOut>
        <ErrorInfo>
          <Message>Test skipped because TestProjects.Spector.Tests.Http.Resiliency.SrvDriven.V1.SrvDrivenV1Tests.AddOptionalParamFromNone_V1Client_V1Service_WithApiVersionV1 is currently a stubbed implementation.</Message>
        </ErrorInfo>
      </Output>
    </UnitTestResult>
    <UnitTestResult executionId="b6692663-2347-47d8-9b39-7c266230f39d" testId="475876de-efd1-c4cc-108b-cefb28c52497" testName="OperationsAsyncAsync" computerName="pkrvmxyh4eaekms" duration="00:00:00.0000020" startTime="2025-06-24T21:13:51.6327206+00:00" endTime="2025-06-24T21:13:51.6327229+00:00" testType="13cdc9d9-ddb5-4fa4-a97d-d965ccfc6d4b" outcome="NotExecuted" testListId="8c84fa94-04c1-424b-9868-57a2d4851a1d" relativeResultsDirectory="b6692663-2347-47d8-9b39-7c266230f39d">
      <Output>
        <StdOut>Test skipped because TestProjects.Spector.Tests.Http.SpecialWords.SpecialWordsTests.OperationsAsyncAsync is currently a stubbed implementation.</StdOut>
        <ErrorInfo>
          <Message>Test skipped because TestProjects.Spector.Tests.Http.SpecialWords.SpecialWordsTests.OperationsAsyncAsync is currently a stubbed implementation.</Message>
        </ErrorInfo>
      </Output>
    </UnitTestResult>
    <UnitTestResult executionId="4d057e39-15ad-427b-a11f-91125f64b3f6" testId="4a2232db-ef72-d944-c6b6-053f4c284b3f" testName="ModelsWithIsAsync" computerName="pkrvmxyh4eaekms" duration="00:00:00.0000020" startTime="2025-06-24T21:13:51.6325919+00:00" endTime="2025-06-24T21:13:51.6325942+00:00" testType="13cdc9d9-ddb5-4fa4-a97d-d965ccfc6d4b" outcome="NotExecuted" testListId="8c84fa94-04c1-424b-9868-57a2d4851a1d" relativeResultsDirectory="4d057e39-15ad-427b-a11f-91125f64b3f6">
      <Output>
        <StdOut>Test skipped because TestProjects.Spector.Tests.Http.SpecialWords.SpecialWordsTests.ModelsWithIsAsync is currently a stubbed implementation.</StdOut>
        <ErrorInfo>
          <Message>Test skipped because TestProjects.Spector.Tests.Http.SpecialWords.SpecialWordsTests.ModelsWithIsAsync is currently a stubbed implementation.</Message>
        </ErrorInfo>
      </Output>
    </UnitTestResult>
    <UnitTestResult executionId="c9c3c23b-ead8-4ea5-8a11-e96ca5c6783a" testId="654eb399-7ecb-f575-bb21-b7838ee1c6b3" testName="ExtendsFloatPut" computerName="pkrvmxyh4eaekms" duration="00:00:00.0000020" startTime="2025-06-24T21:13:51.5414118+00:00" endTime="2025-06-24T21:13:51.5414134+00:00" testType="13cdc9d9-ddb5-4fa4-a97d-d965ccfc6d4b" outcome="NotExecuted" testListId="8c84fa94-04c1-424b-9868-57a2d4851a1d" relativeResultsDirectory="c9c3c23b-ead8-4ea5-8a11-e96ca5c6783a">
      <Output>
        <StdOut>Test skipped because TestProjects.Spector.Tests.Http._Type.Property.AdditionalProperties.AdditionalPropertiesTests.ExtendsFloatPut is currently a stubbed implementation.</StdOut>
        <ErrorInfo>
          <Message>Test skipped because TestProjects.Spector.Tests.Http._Type.Property.AdditionalProperties.AdditionalPropertiesTests.ExtendsFloatPut is currently a stubbed implementation.</Message>
        </ErrorInfo>
      </Output>
    </UnitTestResult>
    <UnitTestResult executionId="bf7d2864-95d1-4046-a8c4-a70a9a64a12b" testId="104d183d-d8d8-b8ad-7787-10524d00a205" testName="UnionIntLiteralGetAll" computerName="pkrvmxyh4eaekms" duration="00:00:00.0000010" startTime="2025-06-24T21:13:51.5431887+00:00" endTime="2025-06-24T21:13:51.5431899+00:00" testType="13cdc9d9-ddb5-4fa4-a97d-d965ccfc6d4b" outcome="NotExecuted" testListId="8c84fa94-04c1-424b-9868-57a2d4851a1d" relativeResultsDirectory="bf7d2864-95d1-4046-a8c4-a70a9a64a12b">
      <Output>
        <StdOut>Test skipped because TestProjects.Spector.Tests.Http._Type.Property.Optionality.OptionalityTests.UnionIntLiteralGetAll is currently a stubbed implementation.</StdOut>
        <ErrorInfo>
          <Message>Test skipped because TestProjects.Spector.Tests.Http._Type.Property.Optionality.OptionalityTests.UnionIntLiteralGetAll is currently a stubbed implementation.</Message>
        </ErrorInfo>
      </Output>
    </UnitTestResult>
    <UnitTestResult executionId="35a805c1-0f50-4aa4-99ed-2b312a29aa1d" testId="449b9e3a-c0f6-4c58-ea9c-a84bad8363d1" testName="Decimal128VerifyVerify" computerName="pkrvmxyh4eaekms" duration="00:00:00.0000020" startTime="2025-06-24T21:13:51.5439749+00:00" endTime="2025-06-24T21:13:51.5439765+00:00" testType="13cdc9d9-ddb5-4fa4-a97d-d965ccfc6d4b" outcome="NotExecuted" testListId="8c84fa94-04c1-424b-9868-57a2d4851a1d" relativeResultsDirectory="35a805c1-0f50-4aa4-99ed-2b312a29aa1d">
      <Output>
        <StdOut>Test skipped because TestProjects.Spector.Tests.Http._Type.Scalar.ScalarTests.Decimal128VerifyVerify is currently a stubbed implementation.</StdOut>
        <ErrorInfo>
          <Message>Test skipped because TestProjects.Spector.Tests.Http._Type.Scalar.ScalarTests.Decimal128VerifyVerify is currently a stubbed implementation.</Message>
        </ErrorInfo>
      </Output>
    </UnitTestResult>
    <UnitTestResult executionId="75265621-13b5-4613-a7cc-27177001b520" testId="e4264249-4f55-9205-142c-4e8a5e33eb35" testName="ResponseHeaderRfc7231" computerName="pkrvmxyh4eaekms" duration="00:00:00.0000050" startTime="2025-06-24T21:13:51.5883531+00:00" endTime="2025-06-24T21:13:51.5883582+00:00" testType="13cdc9d9-ddb5-4fa4-a97d-d965ccfc6d4b" outcome="NotExecuted" testListId="8c84fa94-04c1-424b-9868-57a2d4851a1d" relativeResultsDirectory="75265621-13b5-4613-a7cc-27177001b520">
      <Output>
        <StdOut>Test skipped because TestProjects.Spector.Tests.Http.Encode.Datetime.DateTimeTests.ResponseHeaderRfc7231 is currently a stubbed implementation.</StdOut>
        <ErrorInfo>
          <Message>Test skipped because TestProjects.Spector.Tests.Http.Encode.Datetime.DateTimeTests.ResponseHeaderRfc7231 is currently a stubbed implementation.</Message>
        </ErrorInfo>
      </Output>
    </UnitTestResult>
    <UnitTestResult executionId="198ca282-34f0-4612-94da-86a4ff7b3c87" testId="6905c7d7-ff99-53aa-ded7-8df57489d488" testName="ExtendsUnknownGet" computerName="pkrvmxyh4eaekms" duration="00:00:00.0000010" startTime="2025-06-24T21:13:51.5414862+00:00" endTime="2025-06-24T21:13:51.5414875+00:00" testType="13cdc9d9-ddb5-4fa4-a97d-d965ccfc6d4b" outcome="NotExecuted" testListId="8c84fa94-04c1-424b-9868-57a2d4851a1d" relativeResultsDirectory="198ca282-34f0-4612-94da-86a4ff7b3c87">
      <Output>
        <StdOut>Test skipped because TestProjects.Spector.Tests.Http._Type.Property.AdditionalProperties.AdditionalPropertiesTests.ExtendsUnknownGet is currently a stubbed implementation.</StdOut>
        <ErrorInfo>
          <Message>Test skipped because TestProjects.Spector.Tests.Http._Type.Property.AdditionalProperties.AdditionalPropertiesTests.ExtendsUnknownGet is currently a stubbed implementation.</Message>
        </ErrorInfo>
      </Output>
    </UnitTestResult>
    <UnitTestResult executionId="bb04b2db-1f4d-4432-a43c-b9e7fa372f20" testId="076c784e-a066-6bea-e29b-a8b465e4de9e" testName="NullableFloatValueGet" computerName="pkrvmxyh4eaekms" duration="00:00:00.0000020" startTime="2025-06-24T21:13:51.5358471+00:00" endTime="2025-06-24T21:13:51.5358490+00:00" testType="13cdc9d9-ddb5-4fa4-a97d-d965ccfc6d4b" outcome="NotExecuted" testListId="8c84fa94-04c1-424b-9868-57a2d4851a1d" relativeResultsDirectory="bb04b2db-1f4d-4432-a43c-b9e7fa372f20">
      <Output>
        <StdOut>Test skipped because TestProjects.Spector.Tests.Http._Type._Array.ArrayTests.NullableFloatValueGet is currently a stubbed implementation.</StdOut>
        <ErrorInfo>
          <Message>Test skipped because TestProjects.Spector.Tests.Http._Type._Array.ArrayTests.NullableFloatValueGet is currently a stubbed implementation.</Message>
        </ErrorInfo>
      </Output>
    </UnitTestResult>
    <UnitTestResult executionId="c3d2b1c9-2786-45ab-9970-5430bbb31801" testId="cf9fa066-29cf-d4ed-9e54-b6f825816022" testName="ParametersWithIsAsync" computerName="pkrvmxyh4eaekms" duration="00:00:00.0000020" startTime="2025-06-24T21:13:51.6332023+00:00" endTime="2025-06-24T21:13:51.6332047+00:00" testType="13cdc9d9-ddb5-4fa4-a97d-d965ccfc6d4b" outcome="NotExecuted" testListId="8c84fa94-04c1-424b-9868-57a2d4851a1d" relativeResultsDirectory="c3d2b1c9-2786-45ab-9970-5430bbb31801">
      <Output>
        <StdOut>Test skipped because TestProjects.Spector.Tests.Http.SpecialWords.SpecialWordsTests.ParametersWithIsAsync is currently a stubbed implementation.</StdOut>
        <ErrorInfo>
          <Message>Test skipped because TestProjects.Spector.Tests.Http.SpecialWords.SpecialWordsTests.ParametersWithIsAsync is currently a stubbed implementation.</Message>
        </ErrorInfo>
      </Output>
    </UnitTestResult>
    <UnitTestResult executionId="24093d25-4287-4b58-b181-0ae2602a1dad" testId="a3529409-afe4-2a16-020b-a6829605b055" testName="FloatLiteralPutAll" computerName="pkrvmxyh4eaekms" duration="00:00:00.0000010" startTime="2025-06-24T21:13:51.5429966+00:00" endTime="2025-06-24T21:13:51.5429976+00:00" testType="13cdc9d9-ddb5-4fa4-a97d-d965ccfc6d4b" outcome="NotExecuted" testListId="8c84fa94-04c1-424b-9868-57a2d4851a1d" relativeResultsDirectory="24093d25-4287-4b58-b181-0ae2602a1dad">
      <Output>
        <StdOut>Test skipped because TestProjects.Spector.Tests.Http._Type.Property.Optionality.OptionalityTests.FloatLiteralPutAll is currently a stubbed implementation.</StdOut>
        <ErrorInfo>
          <Message>Test skipped because TestProjects.Spector.Tests.Http._Type.Property.Optionality.OptionalityTests.FloatLiteralPutAll is currently a stubbed implementation.</Message>
        </ErrorInfo>
      </Output>
    </UnitTestResult>
    <UnitTestResult executionId="2753b7ab-1bad-45af-b067-bc4d807a0772" testId="9a16cf19-d078-71cd-fa4c-7764429f122c" testName="ResponseHeaderUnixTimestamp" computerName="pkrvmxyh4eaekms" duration="00:00:00.0000020" startTime="2025-06-24T21:13:51.5883685+00:00" endTime="2025-06-24T21:13:51.5883708+00:00" testType="13cdc9d9-ddb5-4fa4-a97d-d965ccfc6d4b" outcome="NotExecuted" testListId="8c84fa94-04c1-424b-9868-57a2d4851a1d" relativeResultsDirectory="2753b7ab-1bad-45af-b067-bc4d807a0772">
      <Output>
        <StdOut>Test skipped because TestProjects.Spector.Tests.Http.Encode.Datetime.DateTimeTests.ResponseHeaderUnixTimestamp is currently a stubbed implementation.</StdOut>
        <ErrorInfo>
          <Message>Test skipped because TestProjects.Spector.Tests.Http.Encode.Datetime.DateTimeTests.ResponseHeaderUnixTimestamp is currently a stubbed implementation.</Message>
        </ErrorInfo>
      </Output>
    </UnitTestResult>
    <UnitTestResult executionId="8e7c8e6d-e204-499e-922c-27ba7db23673" testId="6efe0c80-2555-fc81-92db-2b2b0d17de89" testName="Model_SpreadAsRequestBody" computerName="pkrvmxyh4eaekms" duration="00:00:00.0000020" startTime="2025-06-24T21:13:51.6007849+00:00" endTime="2025-06-24T21:13:51.6007868+00:00" testType="13cdc9d9-ddb5-4fa4-a97d-d965ccfc6d4b" outcome="NotExecuted" testListId="8c84fa94-04c1-424b-9868-57a2d4851a1d" relativeResultsDirectory="8e7c8e6d-e204-499e-922c-27ba7db23673">
      <Output>
        <StdOut>Test skipped because TestProjects.Spector.Tests.Http.Parameters.Spread.SpreadTests.Model_SpreadAsRequestBody is currently a stubbed implementation.</StdOut>
        <ErrorInfo>
          <Message>Test skipped because TestProjects.Spector.Tests.Http.Parameters.Spread.SpreadTests.Model_SpreadAsRequestBody is currently a stubbed implementation.</Message>
        </ErrorInfo>
      </Output>
    </UnitTestResult>
    <UnitTestResult executionId="f446ed27-ba7d-4db7-88f3-d0dbe6bade21" testId="5c0c8264-6d8d-b9c1-738d-680a082c1d44" testName="RoundTripWithJsonInterfaceOfTJson" computerName="pkrvmxyh4eaekms" duration="00:00:00.0000010" startTime="2025-06-24T21:13:51.5421936+00:00" endTime="2025-06-24T21:13:51.5421949+00:00" testType="13cdc9d9-ddb5-4fa4-a97d-d965ccfc6d4b" outcome="NotExecuted" testListId="8c84fa94-04c1-424b-9868-57a2d4851a1d" relativeResultsDirectory="f446ed27-ba7d-4db7-88f3-d0dbe6bade21">
      <Output>
        <StdOut>Test skipped because TestProjects.Spector.Tests.Http._Type.Property.AdditionalProperties.MultipleSpreadRecordTests.RoundTripWithJsonInterfaceOfTJson is currently a stubbed implementation.</StdOut>
        <ErrorInfo>
          <Message>Test skipped because TestProjects.Spector.Tests.Http._Type.Property.AdditionalProperties.MultipleSpreadRecordTests.RoundTripWithJsonInterfaceOfTJson is currently a stubbed implementation.</Message>
        </ErrorInfo>
      </Output>
    </UnitTestResult>
    <UnitTestResult executionId="097d208d-7acd-43f2-877b-3054546780bb" testId="7bd58085-89fe-fadd-cb95-acc8a9c6f5c2" testName="ModelProperties_SameAsModelAsync" computerName="pkrvmxyh4eaekms" duration="00:00:00.0000060" startTime="2025-06-24T21:13:51.6323873+00:00" endTime="2025-06-24T21:13:51.6323933+00:00" testType="13cdc9d9-ddb5-4fa4-a97d-d965ccfc6d4b" outcome="NotExecuted" testListId="8c84fa94-04c1-424b-9868-57a2d4851a1d" relativeResultsDirectory="097d208d-7acd-43f2-877b-3054546780bb">
      <Output>
        <StdOut>Test skipped because TestProjects.Spector.Tests.Http.SpecialWords.SpecialWordsTests.ModelProperties_SameAsModelAsync is currently a stubbed implementation.</StdOut>
        <ErrorInfo>
          <Message>Test skipped because TestProjects.Spector.Tests.Http.SpecialWords.SpecialWordsTests.ModelProperties_SameAsModelAsync is currently a stubbed implementation.</Message>
        </ErrorInfo>
      </Output>
    </UnitTestResult>
    <UnitTestResult executionId="23ede725-1dca-4baf-9b81-eda1c19646f2" testId="b3e7e1cd-b887-6f61-5804-c81df2ec69f6" testName="ModelsWithRaiseAsync" computerName="pkrvmxyh4eaekms" duration="00:00:00.0000020" startTime="2025-06-24T21:13:51.6326367+00:00" endTime="2025-06-24T21:13:51.6326389+00:00" testType="13cdc9d9-ddb5-4fa4-a97d-d965ccfc6d4b" outcome="NotExecuted" testListId="8c84fa94-04c1-424b-9868-57a2d4851a1d" relativeResultsDirectory="23ede725-1dca-4baf-9b81-eda1c19646f2">
      <Output>
        <StdOut>Test skipped because TestProjects.Spector.Tests.Http.SpecialWords.SpecialWordsTests.ModelsWithRaiseAsync is currently a stubbed implementation.</StdOut>
        <ErrorInfo>
          <Message>Test skipped because TestProjects.Spector.Tests.Http.SpecialWords.SpecialWordsTests.ModelsWithRaiseAsync is currently a stubbed implementation.</Message>
        </ErrorInfo>
      </Output>
    </UnitTestResult>
    <UnitTestResult executionId="905acb5d-2e46-4876-892a-fa2aa03c4c88" testId="15a4f196-6096-baea-22f5-7d2f0439728b" testName="Int32ValuePut" computerName="pkrvmxyh4eaekms" duration="00:00:00.0000010" startTime="2025-06-24T21:13:51.5391217+00:00" endTime="2025-06-24T21:13:51.5391226+00:00" testType="13cdc9d9-ddb5-4fa4-a97d-d965ccfc6d4b" outcome="NotExecuted" testListId="8c84fa94-04c1-424b-9868-57a2d4851a1d" relativeResultsDirectory="905acb5d-2e46-4876-892a-fa2aa03c4c88">
      <Output>
        <StdOut>Test skipped because TestProjects.Spector.Tests.Http._Type.Dictionary.DictionaryTests.Int32ValuePut is currently a stubbed implementation.</StdOut>
        <ErrorInfo>
          <Message>Test skipped because TestProjects.Spector.Tests.Http._Type.Dictionary.DictionaryTests.Int32ValuePut is currently a stubbed implementation.</Message>
        </ErrorInfo>
      </Output>
    </UnitTestResult>
    <UnitTestResult executionId="7de8a073-745a-4b4c-affc-53c4b189f759" testId="bdbdad57-0704-0ee8-11d9-58133781e959" testName="UnionStringLiteralGetAll" computerName="pkrvmxyh4eaekms" duration="00:00:00.0000020" startTime="2025-06-24T21:13:51.5432199+00:00" endTime="2025-06-24T21:13:51.5432217+00:00" testType="13cdc9d9-ddb5-4fa4-a97d-d965ccfc6d4b" outcome="NotExecuted" testListId="8c84fa94-04c1-424b-9868-57a2d4851a1d" relativeResultsDirectory="7de8a073-745a-4b4c-affc-53c4b189f759">
      <Output>
        <StdOut>Test skipped because TestProjects.Spector.Tests.Http._Type.Property.Optionality.OptionalityTests.UnionStringLiteralGetAll is currently a stubbed implementation.</StdOut>
        <ErrorInfo>
          <Message>Test skipped because TestProjects.Spector.Tests.Http._Type.Property.Optionality.OptionalityTests.UnionStringLiteralGetAll is currently a stubbed implementation.</Message>
        </ErrorInfo>
      </Output>
    </UnitTestResult>
    <UnitTestResult executionId="74d32dc1-c0ec-419e-a5ce-c9ceeded3bd2" testId="c6da5a02-086e-5521-e3e6-b30ef87e3695" testName="PutValid" computerName="pkrvmxyh4eaekms" duration="00:00:00.0000010" startTime="2025-06-24T21:13:51.5399333+00:00" endTime="2025-06-24T21:13:51.5399347+00:00" testType="13cdc9d9-ddb5-4fa4-a97d-d965ccfc6d4b" outcome="NotExecuted" testListId="8c84fa94-04c1-424b-9868-57a2d4851a1d" relativeResultsDirectory="74d32dc1-c0ec-419e-a5ce-c9ceeded3bd2">
      <Output>
        <StdOut>Test skipped because TestProjects.Spector.Tests.Http._Type.Model.Inheritance.NotDiscriminated.NotDiscriminatedTests.PutValid is currently a stubbed implementation.</StdOut>
        <ErrorInfo>
          <Message>Test skipped because TestProjects.Spector.Tests.Http._Type.Model.Inheritance.NotDiscriminated.NotDiscriminatedTests.PutValid is currently a stubbed implementation.</Message>
        </ErrorInfo>
      </Output>
    </UnitTestResult>
    <UnitTestResult executionId="9ce636d9-470b-42e7-b2c3-b275c9720c50" testId="e138c17c-09ad-69c5-6439-809c870e17a3" testName="ExtendsModelArrayPut" computerName="pkrvmxyh4eaekms" duration="00:00:00.0000010" startTime="2025-06-24T21:13:51.5414236+00:00" endTime="2025-06-24T21:13:51.5414249+00:00" testType="13cdc9d9-ddb5-4fa4-a97d-d965ccfc6d4b" outcome="NotExecuted" testListId="8c84fa94-04c1-424b-9868-57a2d4851a1d" relativeResultsDirectory="9ce636d9-470b-42e7-b2c3-b275c9720c50">
      <Output>
        <StdOut>Test skipped because TestProjects.Spector.Tests.Http._Type.Property.AdditionalProperties.AdditionalPropertiesTests.ExtendsModelArrayPut is currently a stubbed implementation.</StdOut>
        <ErrorInfo>
          <Message>Test skipped because TestProjects.Spector.Tests.Http._Type.Property.AdditionalProperties.AdditionalPropertiesTests.ExtendsModelArrayPut is currently a stubbed implementation.</Message>
        </ErrorInfo>
      </Output>
    </UnitTestResult>
    <UnitTestResult executionId="30292177-9aa9-4bab-a22b-0378d7694958" testId="f1ba841a-34f9-a4aa-9f22-76f70f1be999" testName="Alias_SpreadAsRequestParameter" computerName="pkrvmxyh4eaekms" duration="00:00:00.0000020" startTime="2025-06-24T21:13:51.6007604+00:00" endTime="2025-06-24T21:13:51.6007624+00:00" testType="13cdc9d9-ddb5-4fa4-a97d-d965ccfc6d4b" outcome="NotExecuted" testListId="8c84fa94-04c1-424b-9868-57a2d4851a1d" relativeResultsDirectory="30292177-9aa9-4bab-a22b-0378d7694958">
      <Output>
        <StdOut>Test skipped because TestProjects.Spector.Tests.Http.Parameters.Spread.SpreadTests.Alias_SpreadAsRequestParameter is currently a stubbed implementation.</StdOut>
        <ErrorInfo>
          <Message>Test skipped because TestProjects.Spector.Tests.Http.Parameters.Spread.SpreadTests.Alias_SpreadAsRequestParameter is currently a stubbed implementation.</Message>
        </ErrorInfo>
      </Output>
    </UnitTestResult>
    <UnitTestResult executionId="b4afd66e-ccf7-48a0-a84a-e5ae8f98be80" testId="d0a1fed3-567b-a6a4-a4f1-b3212ab2f2ab" testName="DatetimeValueGet" computerName="pkrvmxyh4eaekms" duration="00:00:00.0000010" startTime="2025-06-24T21:13:51.5390805+00:00" endTime="2025-06-24T21:13:51.5390818+00:00" testType="13cdc9d9-ddb5-4fa4-a97d-d965ccfc6d4b" outcome="NotExecuted" testListId="8c84fa94-04c1-424b-9868-57a2d4851a1d" relativeResultsDirectory="b4afd66e-ccf7-48a0-a84a-e5ae8f98be80">
      <Output>
        <StdOut>Test skipped because TestProjects.Spector.Tests.Http._Type.Dictionary.DictionaryTests.DatetimeValueGet is currently a stubbed implementation.</StdOut>
        <ErrorInfo>
          <Message>Test skipped because TestProjects.Spector.Tests.Http._Type.Dictionary.DictionaryTests.DatetimeValueGet is currently a stubbed implementation.</Message>
        </ErrorInfo>
      </Output>
    </UnitTestResult>
    <UnitTestResult executionId="dec56366-03bd-47b1-86c1-c169e4ac7d40" testId="bee6f4e4-ace3-93de-3568-e2eef08606e8" testName="QueryCsv" computerName="pkrvmxyh4eaekms" duration="00:00:00.0000020" startTime="2025-06-24T21:13:51.5895541+00:00" endTime="2025-06-24T21:13:51.5895562+00:00" testType="13cdc9d9-ddb5-4fa4-a97d-d965ccfc6d4b" outcome="NotExecuted" testListId="8c84fa94-04c1-424b-9868-57a2d4851a1d" relativeResultsDirectory="dec56366-03bd-47b1-86c1-c169e4ac7d40">
      <Output>
        <StdOut>Test skipped because TestProjects.Spector.Tests.Http.Parameters.CollectionFormat.CollectionFormatParametersTests.QueryCsv is currently a stubbed implementation.</StdOut>
        <ErrorInfo>
          <Message>Test skipped because TestProjects.Spector.Tests.Http.Parameters.CollectionFormat.CollectionFormatParametersTests.QueryCsv is currently a stubbed implementation.</Message>
        </ErrorInfo>
      </Output>
    </UnitTestResult>
    <UnitTestResult executionId="84d54e6f-aba8-4870-b261-8651ddc292e5" testId="b166f31a-b1ef-1ca2-5275-513f4de5f2c0" testName="IsUnknownDerivedPut" computerName="pkrvmxyh4eaekms" duration="00:00:00.0000010" startTime="2025-06-24T21:13:51.5415597+00:00" endTime="2025-06-24T21:13:51.5415612+00:00" testType="13cdc9d9-ddb5-4fa4-a97d-d965ccfc6d4b" outcome="NotExecuted" testListId="8c84fa94-04c1-424b-9868-57a2d4851a1d" relativeResultsDirectory="84d54e6f-aba8-4870-b261-8651ddc292e5">
      <Output>
        <StdOut>Test skipped because TestProjects.Spector.Tests.Http._Type.Property.AdditionalProperties.AdditionalPropertiesTests.IsUnknownDerivedPut is currently a stubbed implementation.</StdOut>
        <ErrorInfo>
          <Message>Test skipped because TestProjects.Spector.Tests.Http._Type.Property.AdditionalProperties.AdditionalPropertiesTests.IsUnknownDerivedPut is currently a stubbed implementation.</Message>
        </ErrorInfo>
      </Output>
    </UnitTestResult>
    <UnitTestResult executionId="2aae15a0-d1a9-4db9-b929-0fe7cf9f439e" testId="3d457de1-d803-6991-0ada-d2b2a04cf4cf" testName="PutRecursiveModel" computerName="pkrvmxyh4eaekms" duration="00:00:00.0000010" startTime="2025-06-24T21:13:51.5408418+00:00" endTime="2025-06-24T21:13:51.5408432+00:00" testType="13cdc9d9-ddb5-4fa4-a97d-d965ccfc6d4b" outcome="NotExecuted" testListId="8c84fa94-04c1-424b-9868-57a2d4851a1d" relativeResultsDirectory="2aae15a0-d1a9-4db9-b929-0fe7cf9f439e">
      <Output>
        <StdOut>Test skipped because TestProjects.Spector.Tests.Http._Type.Model.Inheritance.SingleDiscriminator.SingleDiscriminatorTests.PutRecursiveModel is currently a stubbed implementation.</StdOut>
        <ErrorInfo>
          <Message>Test skipped because TestProjects.Spector.Tests.Http._Type.Model.Inheritance.SingleDiscriminator.SingleDiscriminatorTests.PutRecursiveModel is currently a stubbed implementation.</Message>
        </ErrorInfo>
      </Output>
    </UnitTestResult>
    <UnitTestResult executionId="600b137f-92bb-4b2c-ba89-77df1bca0cb5" testId="31db3e23-4dee-1c55-73fd-9f55ac3d80c2" testName="OperationsForAsync" computerName="pkrvmxyh4eaekms" duration="00:00:00.0000020" startTime="2025-06-24T21:13:51.6328378+00:00" endTime="2025-06-24T21:13:51.6328403+00:00" testType="13cdc9d9-ddb5-4fa4-a97d-d965ccfc6d4b" outcome="NotExecuted" testListId="8c84fa94-04c1-424b-9868-57a2d4851a1d" relativeResultsDirectory="600b137f-92bb-4b2c-ba89-77df1bca0cb5">
      <Output>
        <StdOut>Test skipped because TestProjects.Spector.Tests.Http.SpecialWords.SpecialWordsTests.OperationsForAsync is currently a stubbed implementation.</StdOut>
        <ErrorInfo>
          <Message>Test skipped because TestProjects.Spector.Tests.Http.SpecialWords.SpecialWordsTests.OperationsForAsync is currently a stubbed implementation.</Message>
        </ErrorInfo>
      </Output>
    </UnitTestResult>
    <UnitTestResult executionId="82bdab93-b91a-4454-9827-fbe122df6ca6" testId="5b51352c-98eb-c7ab-5b00-9f581ddca220" testName="PropertyFloatSeconds" computerName="pkrvmxyh4eaekms" duration="00:00:00.0000020" startTime="2025-06-24T21:13:51.5886420+00:00" endTime="2025-06-24T21:13:51.5886442+00:00" testType="13cdc9d9-ddb5-4fa4-a97d-d965ccfc6d4b" outcome="NotExecuted" testListId="8c84fa94-04c1-424b-9868-57a2d4851a1d" relativeResultsDirectory="82bdab93-b91a-4454-9827-fbe122df6ca6">
      <Output>
        <StdOut>Test skipped because TestProjects.Spector.Tests.Http.Encode.Duration.EncodeDurationTests.PropertyFloatSeconds is currently a stubbed implementation.</StdOut>
        <ErrorInfo>
          <Message>Test skipped because TestProjects.Spector.Tests.Http.Encode.Duration.EncodeDurationTests.PropertyFloatSeconds is currently a stubbed implementation.</Message>
        </ErrorInfo>
      </Output>
    </UnitTestResult>
    <UnitTestResult executionId="8fae8739-ef7d-4d96-af22-268589f84777" testId="3c5ce007-fabf-3cc9-0c68-659b281c65b4" testName="WithPathApiVersion" computerName="pkrvmxyh4eaekms" duration="00:00:00.0000040" startTime="2025-06-24T21:13:51.6272161+00:00" endTime="2025-06-24T21:13:51.6272199+00:00" testType="13cdc9d9-ddb5-4fa4-a97d-d965ccfc6d4b" outcome="NotExecuted" testListId="8c84fa94-04c1-424b-9868-57a2d4851a1d" relativeResultsDirectory="8fae8739-ef7d-4d96-af22-268589f84777">
      <Output>
        <StdOut>Test skipped because TestProjects.Spector.Tests.Http.Server.Versions.NotVersioned.NotVersionedTests.WithPathApiVersion is currently a stubbed implementation.</StdOut>
        <ErrorInfo>
          <Message>Test skipped because TestProjects.Spector.Tests.Http.Server.Versions.NotVersioned.NotVersionedTests.WithPathApiVersion is currently a stubbed implementation.</Message>
        </ErrorInfo>
      </Output>
    </UnitTestResult>
    <UnitTestResult executionId="c1252eaa-01e4-455c-a7a5-04a00460e7d7" testId="052d5570-7c03-17c8-758b-3389dd0b18fe" testName="AddOptionalParamFromOneOptional_V1Client_V1Service_WithApiVersionV1" computerName="pkrvmxyh4eaekms" duration="00:00:00.0000020" startTime="2025-06-24T21:13:51.6248318+00:00" endTime="2025-06-24T21:13:51.6248338+00:00" testType="13cdc9d9-ddb5-4fa4-a97d-d965ccfc6d4b" outcome="NotExecuted" testListId="8c84fa94-04c1-424b-9868-57a2d4851a1d" relativeResultsDirectory="c1252eaa-01e4-455c-a7a5-04a00460e7d7">
      <Output>
        <StdOut>Test skipped because TestProjects.Spector.Tests.Http.Resiliency.SrvDriven.V1.SrvDrivenV1Tests.AddOptionalParamFromOneOptional_V1Client_V1Service_WithApiVersionV1 is currently a stubbed implementation.</StdOut>
        <ErrorInfo>
          <Message>Test skipped because TestProjects.Spector.Tests.Http.Resiliency.SrvDriven.V1.SrvDrivenV1Tests.AddOptionalParamFromOneOptional_V1Client_V1Service_WithApiVersionV1 is currently a stubbed implementation.</Message>
        </ErrorInfo>
      </Output>
    </UnitTestResult>
    <UnitTestResult executionId="b3c5b9c7-1bd2-45a4-96c9-fb2c643968a3" testId="6b343d85-a9fc-1547-334b-917e19b4cfc6" testName="OperationsGlobalAsync" computerName="pkrvmxyh4eaekms" duration="00:00:00.0000020" startTime="2025-06-24T21:13:51.6328564+00:00" endTime="2025-06-24T21:13:51.6328583+00:00" testType="13cdc9d9-ddb5-4fa4-a97d-d965ccfc6d4b" outcome="NotExecuted" testListId="8c84fa94-04c1-424b-9868-57a2d4851a1d" relativeResultsDirectory="b3c5b9c7-1bd2-45a4-96c9-fb2c643968a3">
      <Output>
        <StdOut>Test skipped because TestProjects.Spector.Tests.Http.SpecialWords.SpecialWordsTests.OperationsGlobalAsync is currently a stubbed implementation.</StdOut>
        <ErrorInfo>
          <Message>Test skipped because TestProjects.Spector.Tests.Http.SpecialWords.SpecialWordsTests.OperationsGlobalAsync is currently a stubbed implementation.</Message>
        </ErrorInfo>
      </Output>
    </UnitTestResult>
    <UnitTestResult executionId="8756e229-2136-45a6-9d2c-c4c4bb38f93f" testId="04b0b1d6-d777-be73-3a3c-1b4cc152f666" testName="OperationsElifAsync" computerName="pkrvmxyh4eaekms" duration="00:00:00.0000020" startTime="2025-06-24T21:13:51.6327935+00:00" endTime="2025-06-24T21:13:51.6327955+00:00" testType="13cdc9d9-ddb5-4fa4-a97d-d965ccfc6d4b" outcome="NotExecuted" testListId="8c84fa94-04c1-424b-9868-57a2d4851a1d" relativeResultsDirectory="8756e229-2136-45a6-9d2c-c4c4bb38f93f">
      <Output>
        <StdOut>Test skipped because TestProjects.Spector.Tests.Http.SpecialWords.SpecialWordsTests.OperationsElifAsync is currently a stubbed implementation.</StdOut>
        <ErrorInfo>
          <Message>Test skipped because TestProjects.Spector.Tests.Http.SpecialWords.SpecialWordsTests.OperationsElifAsync is currently a stubbed implementation.</Message>
        </ErrorInfo>
      </Output>
    </UnitTestResult>
    <UnitTestResult executionId="9c6b1893-5ff3-4374-a34b-27b0c95bcff5" testId="7c649d35-27dd-6eec-cfd9-a690e516834c" testName="RoundTripWithModelCast" computerName="pkrvmxyh4eaekms" duration="00:00:00.0000020" startTime="2025-06-24T21:13:51.5419569+00:00" endTime="2025-06-24T21:13:51.5419593+00:00" testType="13cdc9d9-ddb5-4fa4-a97d-d965ccfc6d4b" outcome="NotExecuted" testListId="8c84fa94-04c1-424b-9868-57a2d4851a1d" relativeResultsDirectory="9c6b1893-5ff3-4374-a34b-27b0c95bcff5">
      <Output>
        <StdOut>Test skipped because TestProjects.Spector.Tests.Http._Type.Property.AdditionalProperties.DifferentSpreadStringDerivedTests.RoundTripWithModelCast is currently a stubbed implementation.</StdOut>
        <ErrorInfo>
          <Message>Test skipped because TestProjects.Spector.Tests.Http._Type.Property.AdditionalProperties.DifferentSpreadStringDerivedTests.RoundTripWithModelCast is currently a stubbed implementation.</Message>
        </ErrorInfo>
      </Output>
    </UnitTestResult>
    <UnitTestResult executionId="7f4ea775-238d-45c2-9149-04483870e772" testId="921180dd-7fea-2259-a316-baef64f8d32e" testName="SpreadModelArrayPut" computerName="pkrvmxyh4eaekms" duration="00:00:00.0000020" startTime="2025-06-24T21:13:51.5416741+00:00" endTime="2025-06-24T21:13:51.5416757+00:00" testType="13cdc9d9-ddb5-4fa4-a97d-d965ccfc6d4b" outcome="NotExecuted" testListId="8c84fa94-04c1-424b-9868-57a2d4851a1d" relativeResultsDirectory="7f4ea775-238d-45c2-9149-04483870e772">
      <Output>
        <StdOut>Test skipped because TestProjects.Spector.Tests.Http._Type.Property.AdditionalProperties.AdditionalPropertiesTests.SpreadModelArrayPut is currently a stubbed implementation.</StdOut>
        <ErrorInfo>
          <Message>Test skipped because TestProjects.Spector.Tests.Http._Type.Property.AdditionalProperties.AdditionalPropertiesTests.SpreadModelArrayPut is currently a stubbed implementation.</Message>
        </ErrorInfo>
      </Output>
    </UnitTestResult>
    <UnitTestResult executionId="cfe12650-e69d-46ce-a95c-322bd536eb00" testId="7930635e-012d-5d00-6266-e2022fedd43c" testName="ExtendsDifferentSpreadModelGet" computerName="pkrvmxyh4eaekms" duration="00:00:00.0000010" startTime="2025-06-24T21:13:51.5413834+00:00" endTime="2025-06-24T21:13:51.5413847+00:00" testType="13cdc9d9-ddb5-4fa4-a97d-d965ccfc6d4b" outcome="NotExecuted" testListId="8c84fa94-04c1-424b-9868-57a2d4851a1d" relativeResultsDirectory="cfe12650-e69d-46ce-a95c-322bd536eb00">
      <Output>
        <StdOut>Test skipped because TestProjects.Spector.Tests.Http._Type.Property.AdditionalProperties.AdditionalPropertiesTests.ExtendsDifferentSpreadModelGet is currently a stubbed implementation.</StdOut>
        <ErrorInfo>
          <Message>Test skipped because TestProjects.Spector.Tests.Http._Type.Property.AdditionalProperties.AdditionalPropertiesTests.ExtendsDifferentSpreadModelGet is currently a stubbed implementation.</Message>
        </ErrorInfo>
      </Output>
    </UnitTestResult>
    <UnitTestResult executionId="63360d32-4df8-4c0a-b7d7-64e4eabe2203" testId="510f3d0a-9cf0-2c11-ea2e-10d2af875119" testName="Versioning_MadeOptional_Test" computerName="pkrvmxyh4eaekms" duration="00:00:00.0000020" startTime="2025-06-24T21:13:51.6341373+00:00" endTime="2025-06-24T21:13:51.6341397+00:00" testType="13cdc9d9-ddb5-4fa4-a97d-d965ccfc6d4b" outcome="NotExecuted" testListId="8c84fa94-04c1-424b-9868-57a2d4851a1d" relativeResultsDirectory="63360d32-4df8-4c0a-b7d7-64e4eabe2203">
      <Output>
        <StdOut>Test skipped because TestProjects.Spector.Tests.Http.Versioning.MadeOptional.V2.VersioningMadeOptionalV2Tests.Versioning_MadeOptional_Test is currently a stubbed implementation.</StdOut>
        <ErrorInfo>
          <Message>Test skipped because TestProjects.Spector.Tests.Http.Versioning.MadeOptional.V2.VersioningMadeOptionalV2Tests.Versioning_MadeOptional_Test is currently a stubbed implementation.</Message>
        </ErrorInfo>
      </Output>
    </UnitTestResult>
    <UnitTestResult executionId="744f3562-2abd-46c7-a75f-8e8b12ee95c5" testId="35307052-86c4-4625-7548-2c5159e02610" testName="RequestQueryResponseHeaderConvenienceMethod" computerName="pkrvmxyh4eaekms" duration="00:00:00.0000020" startTime="2025-06-24T21:13:51.6244261+00:00" endTime="2025-06-24T21:13:51.6244283+00:00" testType="13cdc9d9-ddb5-4fa4-a97d-d965ccfc6d4b" outcome="NotExecuted" testListId="8c84fa94-04c1-424b-9868-57a2d4851a1d" relativeResultsDirectory="744f3562-2abd-46c7-a75f-8e8b12ee95c5">
      <Output>
        <StdOut>Test skipped because TestProjects.Spector.Tests.Http.Payload.Pageable.ContinuationTokenPaginationTests.RequestQueryResponseHeaderConvenienceMethod is currently a stubbed implementation.</StdOut>
        <ErrorInfo>
          <Message>Test skipped because TestProjects.Spector.Tests.Http.Payload.Pageable.ContinuationTokenPaginationTests.RequestQueryResponseHeaderConvenienceMethod is currently a stubbed implementation.</Message>
        </ErrorInfo>
      </Output>
    </UnitTestResult>
    <UnitTestResult executionId="15c65653-4a52-4a14-8542-4cb2615545f9" testId="b376e0c7-de98-4458-4c08-3cb725d1a241" testName="QueryMulti" computerName="pkrvmxyh4eaekms" duration="00:00:00.0000020" startTime="2025-06-24T21:13:51.5895645+00:00" endTime="2025-06-24T21:13:51.5895663+00:00" testType="13cdc9d9-ddb5-4fa4-a97d-d965ccfc6d4b" outcome="NotExecuted" testListId="8c84fa94-04c1-424b-9868-57a2d4851a1d" relativeResultsDirectory="15c65653-4a52-4a14-8542-4cb2615545f9">
      <Output>
        <StdOut>Test skipped because TestProjects.Spector.Tests.Http.Parameters.CollectionFormat.CollectionFormatParametersTests.QueryMulti is currently a stubbed implementation.</StdOut>
        <ErrorInfo>
          <Message>Test skipped because TestProjects.Spector.Tests.Http.Parameters.CollectionFormat.CollectionFormatParametersTests.QueryMulti is currently a stubbed implementation.</Message>
        </ErrorInfo>
      </Output>
    </UnitTestResult>
    <UnitTestResult executionId="1aa04ae3-5b1c-4289-b340-b4df0016572e" testId="bae26c15-de9e-9848-3f9c-49775acdfcee" testName="HeaderCsv" computerName="pkrvmxyh4eaekms" duration="00:00:00.0000060" startTime="2025-06-24T21:13:51.5895380+00:00" endTime="2025-06-24T21:13:51.5895435+00:00" testType="13cdc9d9-ddb5-4fa4-a97d-d965ccfc6d4b" outcome="NotExecuted" testListId="8c84fa94-04c1-424b-9868-57a2d4851a1d" relativeResultsDirectory="1aa04ae3-5b1c-4289-b340-b4df0016572e">
      <Output>
        <StdOut>Test skipped because TestProjects.Spector.Tests.Http.Parameters.CollectionFormat.CollectionFormatParametersTests.HeaderCsv is currently a stubbed implementation.</StdOut>
        <ErrorInfo>
          <Message>Test skipped because TestProjects.Spector.Tests.Http.Parameters.CollectionFormat.CollectionFormatParametersTests.HeaderCsv is currently a stubbed implementation.</Message>
        </ErrorInfo>
      </Output>
    </UnitTestResult>
    <UnitTestResult executionId="04852d06-8386-4d29-b24c-f60a1ed69832" testId="a901ce01-321e-bd93-eb37-592bdf3a675f" testName="RoundTripWithJsonInterfaceUtf8ReaderNonGenericJson" computerName="pkrvmxyh4eaekms" duration="00:00:00.0000020" startTime="2025-06-24T21:13:51.5422109+00:00" endTime="2025-06-24T21:13:51.5422125+00:00" testType="13cdc9d9-ddb5-4fa4-a97d-d965ccfc6d4b" outcome="NotExecuted" testListId="8c84fa94-04c1-424b-9868-57a2d4851a1d" relativeResultsDirectory="04852d06-8386-4d29-b24c-f60a1ed69832">
      <Output>
        <StdOut>Test skipped because TestProjects.Spector.Tests.Http._Type.Property.AdditionalProperties.MultipleSpreadRecordTests.RoundTripWithJsonInterfaceUtf8ReaderNonGenericJson is currently a stubbed implementation.</StdOut>
        <ErrorInfo>
          <Message>Test skipped because TestProjects.Spector.Tests.Http._Type.Property.AdditionalProperties.MultipleSpreadRecordTests.RoundTripWithJsonInterfaceUtf8ReaderNonGenericJson is currently a stubbed implementation.</Message>
        </ErrorInfo>
      </Output>
    </UnitTestResult>
    <UnitTestResult executionId="4cf4deed-8019-4e6a-9544-0952d2c6ae3f" testId="372f8185-d71f-e606-2b7b-bf41eb7e71da" testName="UnionFloatLiteralGetAll" computerName="pkrvmxyh4eaekms" duration="00:00:00.0000010" startTime="2025-06-24T21:13:51.5431651+00:00" endTime="2025-06-24T21:13:51.5431661+00:00" testType="13cdc9d9-ddb5-4fa4-a97d-d965ccfc6d4b" outcome="NotExecuted" testListId="8c84fa94-04c1-424b-9868-57a2d4851a1d" relativeResultsDirectory="4cf4deed-8019-4e6a-9544-0952d2c6ae3f">
      <Output>
        <StdOut>Test skipped because TestProjects.Spector.Tests.Http._Type.Property.Optionality.OptionalityTests.UnionFloatLiteralGetAll is currently a stubbed implementation.</StdOut>
        <ErrorInfo>
          <Message>Test skipped because TestProjects.Spector.Tests.Http._Type.Property.Optionality.OptionalityTests.UnionFloatLiteralGetAll is currently a stubbed implementation.</Message>
        </ErrorInfo>
      </Output>
    </UnitTestResult>
    <UnitTestResult executionId="0ee85571-638f-4df8-adca-efa5f1916b8b" testId="8f7756d1-ec45-576a-8300-b8fc4b87c5dd" testName="Model_SpreadCompositeRequestOnlyWithBody" computerName="pkrvmxyh4eaekms" duration="00:00:00.0000020" startTime="2025-06-24T21:13:51.6008116+00:00" endTime="2025-06-24T21:13:51.6008138+00:00" testType="13cdc9d9-ddb5-4fa4-a97d-d965ccfc6d4b" outcome="NotExecuted" testListId="8c84fa94-04c1-424b-9868-57a2d4851a1d" relativeResultsDirectory="0ee85571-638f-4df8-adca-efa5f1916b8b">
      <Output>
        <StdOut>Test skipped because TestProjects.Spector.Tests.Http.Parameters.Spread.SpreadTests.Model_SpreadCompositeRequestOnlyWithBody is currently a stubbed implementation.</StdOut>
        <ErrorInfo>
          <Message>Test skipped because TestProjects.Spector.Tests.Http.Parameters.Spread.SpreadTests.Model_SpreadCompositeRequestOnlyWithBody is currently a stubbed implementation.</Message>
        </ErrorInfo>
      </Output>
    </UnitTestResult>
    <UnitTestResult executionId="0d76b472-d0e5-4a14-be14-048bd2f8dea5" testId="0a2b377d-efba-dc00-2e8a-4a8a612eeb62" testName="StringGet" computerName="pkrvmxyh4eaekms" duration="00:00:00.0000020" startTime="2025-06-24T21:13:51.5436528+00:00" endTime="2025-06-24T21:13:51.5436549+00:00" testType="13cdc9d9-ddb5-4fa4-a97d-d965ccfc6d4b" outcome="NotExecuted" testListId="8c84fa94-04c1-424b-9868-57a2d4851a1d" relativeResultsDirectory="0d76b472-d0e5-4a14-be14-048bd2f8dea5">
      <Output>
        <StdOut>Test skipped because TestProjects.Spector.Tests.Http._Type.Property.ValueTypes.ValueTypesTests.StringGet is currently a stubbed implementation.</StdOut>
        <ErrorInfo>
          <Message>Test skipped because TestProjects.Spector.Tests.Http._Type.Property.ValueTypes.ValueTypesTests.StringGet is currently a stubbed implementation.</Message>
        </ErrorInfo>
      </Output>
    </UnitTestResult>
    <UnitTestResult executionId="cac90336-d448-462b-bd75-3672428fa68f" testId="e4407705-f35a-1acb-7293-039fb928d91f" testName="PropertyISO8601Convenience" computerName="pkrvmxyh4eaekms" duration="00:00:00.0000020" startTime="2025-06-24T21:13:51.5887053+00:00" endTime="2025-06-24T21:13:51.5887071+00:00" testType="13cdc9d9-ddb5-4fa4-a97d-d965ccfc6d4b" outcome="NotExecuted" testListId="8c84fa94-04c1-424b-9868-57a2d4851a1d" relativeResultsDirectory="cac90336-d448-462b-bd75-3672428fa68f">
      <Output>
        <StdOut>Test skipped because TestProjects.Spector.Tests.Http.Encode.Duration.EncodeDurationTests.PropertyISO8601Convenience is currently a stubbed implementation.</StdOut>
        <ErrorInfo>
          <Message>Test skipped because TestProjects.Spector.Tests.Http.Encode.Duration.EncodeDurationTests.PropertyISO8601Convenience is currently a stubbed implementation.</Message>
        </ErrorInfo>
      </Output>
    </UnitTestResult>
    <UnitTestResult executionId="9a86e1f1-ada6-4a96-8d5c-316279cadba9" testId="16e29c9f-eeff-a6f4-a1f4-756fb59d8276" testName="UnionEnumValuePut" computerName="pkrvmxyh4eaekms" duration="00:00:00.0000020" startTime="2025-06-24T21:13:51.5436877+00:00" endTime="2025-06-24T21:13:51.5436894+00:00" testType="13cdc9d9-ddb5-4fa4-a97d-d965ccfc6d4b" outcome="NotExecuted" testListId="8c84fa94-04c1-424b-9868-57a2d4851a1d" relativeResultsDirectory="9a86e1f1-ada6-4a96-8d5c-316279cadba9">
      <Output>
        <StdOut>Test skipped because TestProjects.Spector.Tests.Http._Type.Property.ValueTypes.ValueTypesTests.UnionEnumValuePut is currently a stubbed implementation.</StdOut>
        <ErrorInfo>
          <Message>Test skipped because TestProjects.Spector.Tests.Http._Type.Property.ValueTypes.ValueTypesTests.UnionEnumValuePut is currently a stubbed implementation.</Message>
        </ErrorInfo>
      </Output>
    </UnitTestResult>
    <UnitTestResult executionId="e5d323f5-ca02-4b30-a8c4-2f5c51e0d00d" testId="8293ff92-9cd7-a3fb-1b5a-06572890497c" testName="GetFloatsOnly" computerName="pkrvmxyh4eaekms" duration="00:00:00.0000020" startTime="2025-06-24T21:13:51.5441754+00:00" endTime="2025-06-24T21:13:51.5441778+00:00" testType="13cdc9d9-ddb5-4fa4-a97d-d965ccfc6d4b" outcome="NotExecuted" testListId="8c84fa94-04c1-424b-9868-57a2d4851a1d" relativeResultsDirectory="e5d323f5-ca02-4b30-a8c4-2f5c51e0d00d">
      <Output>
        <StdOut>Test skipped because TestProjects.Spector.Tests.Http._Type.Union.UnionTests.GetFloatsOnly is currently a stubbed implementation.</StdOut>
        <ErrorInfo>
          <Message>Test skipped because TestProjects.Spector.Tests.Http._Type.Union.UnionTests.GetFloatsOnly is currently a stubbed implementation.</Message>
        </ErrorInfo>
      </Output>
    </UnitTestResult>
    <UnitTestResult executionId="2f760d90-5bb4-4f9e-969b-2ef0d49643f6" testId="d91b7a44-c85f-02cf-ed21-3e0a38b01423" testName="CollectionsStringPatchNull" computerName="pkrvmxyh4eaekms" duration="00:00:00.0000020" startTime="2025-06-24T21:13:51.5425963+00:00" endTime="2025-06-24T21:13:51.5425985+00:00" testType="13cdc9d9-ddb5-4fa4-a97d-d965ccfc6d4b" outcome="NotExecuted" testListId="8c84fa94-04c1-424b-9868-57a2d4851a1d" relativeResultsDirectory="2f760d90-5bb4-4f9e-969b-2ef0d49643f6">
      <Output>
        <StdOut>Test skipped because TestProjects.Spector.Tests.Http._Type.Property.Nullable.NullableTests.CollectionsStringPatchNull is currently a stubbed implementation.</StdOut>
        <ErrorInfo>
          <Message>Test skipped because TestProjects.Spector.Tests.Http._Type.Property.Nullable.NullableTests.CollectionsStringPatchNull is currently a stubbed implementation.</Message>
        </ErrorInfo>
      </Output>
    </UnitTestResult>
    <UnitTestResult executionId="3d86ebb5-3bff-481a-8092-0821532ee451" testId="54622c98-af52-ea96-9c17-f55ba17866ee" testName="DictionaryStringGet" computerName="pkrvmxyh4eaekms" duration="00:00:00.0000010" startTime="2025-06-24T21:13:51.5435228+00:00" endTime="2025-06-24T21:13:51.5435242+00:00" testType="13cdc9d9-ddb5-4fa4-a97d-d965ccfc6d4b" outcome="NotExecuted" testListId="8c84fa94-04c1-424b-9868-57a2d4851a1d" relativeResultsDirectory="3d86ebb5-3bff-481a-8092-0821532ee451">
      <Output>
        <StdOut>Test skipped because TestProjects.Spector.Tests.Http._Type.Property.ValueTypes.ValueTypesTests.DictionaryStringGet is currently a stubbed implementation.</StdOut>
        <ErrorInfo>
          <Message>Test skipped because TestProjects.Spector.Tests.Http._Type.Property.ValueTypes.ValueTypesTests.DictionaryStringGet is currently a stubbed implementation.</Message>
        </ErrorInfo>
      </Output>
    </UnitTestResult>
    <UnitTestResult executionId="2afcbd09-df8f-483e-b646-10798a870bce" testId="a80bfb36-976e-5178-a2fc-1dbefd3e60bc" testName="BooleanValueGet" computerName="pkrvmxyh4eaekms" duration="00:00:00.0025510" startTime="2025-06-24T21:13:51.5311492+00:00" endTime="2025-06-24T21:13:51.5335912+00:00" testType="13cdc9d9-ddb5-4fa4-a97d-d965ccfc6d4b" outcome="NotExecuted" testListId="8c84fa94-04c1-424b-9868-57a2d4851a1d" relativeResultsDirectory="2afcbd09-df8f-483e-b646-10798a870bce">
      <Output>
        <StdOut>Test skipped because TestProjects.Spector.Tests.Http._Type._Array.ArrayTests.BooleanValueGet is currently a stubbed implementation.</StdOut>
        <ErrorInfo>
          <Message>Test skipped because TestProjects.Spector.Tests.Http._Type._Array.ArrayTests.BooleanValueGet is currently a stubbed implementation.</Message>
        </ErrorInfo>
      </Output>
    </UnitTestResult>
    <UnitTestResult executionId="65e5780f-a4c5-4a3a-a00c-e0235ef3f351" testId="16a2477a-b9d5-e2d0-a95e-ab75bfec974c" testName="Six" computerName="pkrvmxyh4eaekms" duration="00:00:00.0000020" startTime="2025-06-24T21:13:51.5739455+00:00" endTime="2025-06-24T21:13:51.5739472+00:00" testType="13cdc9d9-ddb5-4fa4-a97d-d965ccfc6d4b" outcome="NotExecuted" testListId="8c84fa94-04c1-424b-9868-57a2d4851a1d" relativeResultsDirectory="65e5780f-a4c5-4a3a-a00c-e0235ef3f351">
      <Output>
        <StdOut>Test skipped because TestProjects.Spector.Tests.Http.Client.Structure.TwoOperationGroup.TwoOperationGroupTests.Six is currently a stubbed implementation.</StdOut>
        <ErrorInfo>
          <Message>Test skipped because TestProjects.Spector.Tests.Http.Client.Structure.TwoOperationGroup.TwoOperationGroupTests.Six is currently a stubbed implementation.</Message>
        </ErrorInfo>
      </Output>
    </UnitTestResult>
    <UnitTestResult executionId="7682e22b-04b8-45fd-8f60-65b500fa4e6f" testId="3502e4bb-0add-ea77-ff35-d3481b17d3b0" testName="PlaindateGetAll" computerName="pkrvmxyh4eaekms" duration="00:00:00.0000030" startTime="2025-06-24T21:13:51.5430331+00:00" endTime="2025-06-24T21:13:51.5430361+00:00" testType="13cdc9d9-ddb5-4fa4-a97d-d965ccfc6d4b" outcome="NotExecuted" testListId="8c84fa94-04c1-424b-9868-57a2d4851a1d" relativeResultsDirectory="7682e22b-04b8-45fd-8f60-65b500fa4e6f">
      <Output>
        <StdOut>Test skipped because TestProjects.Spector.Tests.Http._Type.Property.Optionality.OptionalityTests.PlaindateGetAll is currently a stubbed implementation.</StdOut>
        <ErrorInfo>
          <Message>Test skipped because TestProjects.Spector.Tests.Http._Type.Property.Optionality.OptionalityTests.PlaindateGetAll is currently a stubbed implementation.</Message>
        </ErrorInfo>
      </Output>
    </UnitTestResult>
    <UnitTestResult executionId="189c5db4-9f1a-4ebd-9f10-1c648dfacab6" testId="d010037f-8ee4-8636-2543-ead179fc7c25" testName="CheckMadeOptionalMembers" computerName="pkrvmxyh4eaekms" duration="00:00:00.0000060" startTime="2025-06-24T21:13:51.6339348+00:00" endTime="2025-06-24T21:13:51.6339409+00:00" testType="13cdc9d9-ddb5-4fa4-a97d-d965ccfc6d4b" outcome="NotExecuted" testListId="8c84fa94-04c1-424b-9868-57a2d4851a1d" relativeResultsDirectory="189c5db4-9f1a-4ebd-9f10-1c648dfacab6">
      <Output>
        <StdOut>Test skipped because TestProjects.Spector.Tests.Http.Versioning.MadeOptional.V1.VersioningMadeOptionalV1Tests.CheckMadeOptionalMembers is currently a stubbed implementation.</StdOut>
        <ErrorInfo>
          <Message>Test skipped because TestProjects.Spector.Tests.Http.Versioning.MadeOptional.V1.VersioningMadeOptionalV1Tests.CheckMadeOptionalMembers is currently a stubbed implementation.</Message>
        </ErrorInfo>
      </Output>
    </UnitTestResult>
    <UnitTestResult executionId="727349d2-d377-4d9f-bdd0-0d2f60d38c58" testId="3091f0cd-ea6a-1eb0-6161-2b6f59c83f2c" testName="HeaderDefault" computerName="pkrvmxyh4eaekms" duration="00:00:00.0000080" startTime="2025-06-24T21:13:51.5881567+00:00" endTime="2025-06-24T21:13:51.5881649+00:00" testType="13cdc9d9-ddb5-4fa4-a97d-d965ccfc6d4b" outcome="NotExecuted" testListId="8c84fa94-04c1-424b-9868-57a2d4851a1d" relativeResultsDirectory="727349d2-d377-4d9f-bdd0-0d2f60d38c58">
      <Output>
        <StdOut>Test skipped because TestProjects.Spector.Tests.Http.Encode.Datetime.DateTimeTests.HeaderDefault is currently a stubbed implementation.</StdOut>
        <ErrorInfo>
          <Message>Test skipped because TestProjects.Spector.Tests.Http.Encode.Datetime.DateTimeTests.HeaderDefault is currently a stubbed implementation.</Message>
        </ErrorInfo>
      </Output>
    </UnitTestResult>
    <UnitTestResult executionId="1d6de42f-ec74-43ba-b481-c8dfeeace5d8" testId="00412995-7b1c-356a-bb6a-b102960282e3" testName="ParametersWithElifAsync" computerName="pkrvmxyh4eaekms" duration="00:00:00.0000020" startTime="2025-06-24T21:13:51.6330966+00:00" endTime="2025-06-24T21:13:51.6330987+00:00" testType="13cdc9d9-ddb5-4fa4-a97d-d965ccfc6d4b" outcome="NotExecuted" testListId="8c84fa94-04c1-424b-9868-57a2d4851a1d" relativeResultsDirectory="1d6de42f-ec74-43ba-b481-c8dfeeace5d8">
      <Output>
        <StdOut>Test skipped because TestProjects.Spector.Tests.Http.SpecialWords.SpecialWordsTests.ParametersWithElifAsync is currently a stubbed implementation.</StdOut>
        <ErrorInfo>
          <Message>Test skipped because TestProjects.Spector.Tests.Http.SpecialWords.SpecialWordsTests.ParametersWithElifAsync is currently a stubbed implementation.</Message>
        </ErrorInfo>
      </Output>
    </UnitTestResult>
    <UnitTestResult executionId="8c665e07-a39b-4f77-8bcc-b7af94375ca3" testId="263f04f0-c5f4-1e54-6504-94465b2a767f" testName="RoundTripWithModelReaderWriterNonGenericWire" computerName="pkrvmxyh4eaekms" duration="00:00:00.0000010" startTime="2025-06-24T21:13:51.5420091+00:00" endTime="2025-06-24T21:13:51.5420103+00:00" testType="13cdc9d9-ddb5-4fa4-a97d-d965ccfc6d4b" outcome="NotExecuted" testListId="8c84fa94-04c1-424b-9868-57a2d4851a1d" relativeResultsDirectory="8c665e07-a39b-4f77-8bcc-b7af94375ca3">
      <Output>
        <StdOut>Test skipped because TestProjects.Spector.Tests.Http._Type.Property.AdditionalProperties.DifferentSpreadStringDerivedTests.RoundTripWithModelReaderWriterNonGenericWire is currently a stubbed implementation.</StdOut>
        <ErrorInfo>
          <Message>Test skipped because TestProjects.Spector.Tests.Http._Type.Property.AdditionalProperties.DifferentSpreadStringDerivedTests.RoundTripWithModelReaderWriterNonGenericWire is currently a stubbed implementation.</Message>
        </ErrorInfo>
      </Output>
    </UnitTestResult>
    <UnitTestResult executionId="017e8e35-f356-40fc-9176-8eaf6e95d789" testId="bff55bef-f586-ceb2-b35d-f42f5a94fb9c" testName="SpreadDifferentStringPut" computerName="pkrvmxyh4eaekms" duration="00:00:00.0000010" startTime="2025-06-24T21:13:51.5416514+00:00" endTime="2025-06-24T21:13:51.5416526+00:00" testType="13cdc9d9-ddb5-4fa4-a97d-d965ccfc6d4b" outcome="NotExecuted" testListId="8c84fa94-04c1-424b-9868-57a2d4851a1d" relativeResultsDirectory="017e8e35-f356-40fc-9176-8eaf6e95d789">
      <Output>
        <StdOut>Test skipped because TestProjects.Spector.Tests.Http._Type.Property.AdditionalProperties.AdditionalPropertiesTests.SpreadDifferentStringPut is currently a stubbed implementation.</StdOut>
        <ErrorInfo>
          <Message>Test skipped because TestProjects.Spector.Tests.Http._Type.Property.AdditionalProperties.AdditionalPropertiesTests.SpreadDifferentStringPut is currently a stubbed implementation.</Message>
        </ErrorInfo>
      </Output>
    </UnitTestResult>
    <UnitTestResult executionId="d5f1d558-4cea-43dc-80b7-be31d8ea1071" testId="694abfee-b4fd-c5a7-92ec-8964c642823f" testName="PropertyRfc7231" computerName="pkrvmxyh4eaekms" duration="00:00:00.0000020" startTime="2025-06-24T21:13:51.5882281+00:00" endTime="2025-06-24T21:13:51.5882301+00:00" testType="13cdc9d9-ddb5-4fa4-a97d-d965ccfc6d4b" outcome="NotExecuted" testListId="8c84fa94-04c1-424b-9868-57a2d4851a1d" relativeResultsDirectory="d5f1d558-4cea-43dc-80b7-be31d8ea1071">
      <Output>
        <StdOut>Test skipped because TestProjects.Spector.Tests.Http.Encode.Datetime.DateTimeTests.PropertyRfc7231 is currently a stubbed implementation.</StdOut>
        <ErrorInfo>
          <Message>Test skipped because TestProjects.Spector.Tests.Http.Encode.Datetime.DateTimeTests.PropertyRfc7231 is currently a stubbed implementation.</Message>
        </ErrorInfo>
      </Output>
    </UnitTestResult>
    <UnitTestResult executionId="8fa97922-6f89-4f07-990c-9327f878eb93" testId="d786c9ad-bee7-02b2-0866-ee8c139d9711" testName="ModelsWithAsAsync" computerName="pkrvmxyh4eaekms" duration="00:00:00.0000020" startTime="2025-06-24T21:13:51.6324150+00:00" endTime="2025-06-24T21:13:51.6324172+00:00" testType="13cdc9d9-ddb5-4fa4-a97d-d965ccfc6d4b" outcome="NotExecuted" testListId="8c84fa94-04c1-424b-9868-57a2d4851a1d" relativeResultsDirectory="8fa97922-6f89-4f07-990c-9327f878eb93">
      <Output>
        <StdOut>Test skipped because TestProjects.Spector.Tests.Http.SpecialWords.SpecialWordsTests.ModelsWithAsAsync is currently a stubbed implementation.</StdOut>
        <ErrorInfo>
          <Message>Test skipped because TestProjects.Spector.Tests.Http.SpecialWords.SpecialWordsTests.ModelsWithAsAsync is currently a stubbed implementation.</Message>
        </ErrorInfo>
      </Output>
    </UnitTestResult>
    <UnitTestResult executionId="9861c36b-23bc-4943-9f67-2ba2fb423727" testId="71052d0a-5d24-ff99-814f-9cdd12efd6d7" testName="RequestQueryResponseHeaderProtocolMethod" computerName="pkrvmxyh4eaekms" duration="00:00:00.0000020" startTime="2025-06-24T21:13:51.6244347+00:00" endTime="2025-06-24T21:13:51.6244370+00:00" testType="13cdc9d9-ddb5-4fa4-a97d-d965ccfc6d4b" outcome="NotExecuted" testListId="8c84fa94-04c1-424b-9868-57a2d4851a1d" relativeResultsDirectory="9861c36b-23bc-4943-9f67-2ba2fb423727">
      <Output>
        <StdOut>Test skipped because TestProjects.Spector.Tests.Http.Payload.Pageable.ContinuationTokenPaginationTests.RequestQueryResponseHeaderProtocolMethod is currently a stubbed implementation.</StdOut>
        <ErrorInfo>
          <Message>Test skipped because TestProjects.Spector.Tests.Http.Payload.Pageable.ContinuationTokenPaginationTests.RequestQueryResponseHeaderProtocolMethod is currently a stubbed implementation.</Message>
        </ErrorInfo>
      </Output>
    </UnitTestResult>
    <UnitTestResult executionId="5e8e2252-b4a4-4c29-a31f-21b832b8d6b4" testId="e9666507-692a-369c-a54e-9fb328f6b973" testName="GetStringExtensibleNamedOnly" computerName="pkrvmxyh4eaekms" duration="00:00:00.0000010" startTime="2025-06-24T21:13:51.5442196+00:00" endTime="2025-06-24T21:13:51.5442210+00:00" testType="13cdc9d9-ddb5-4fa4-a97d-d965ccfc6d4b" outcome="NotExecuted" testListId="8c84fa94-04c1-424b-9868-57a2d4851a1d" relativeResultsDirectory="5e8e2252-b4a4-4c29-a31f-21b832b8d6b4">
      <Output>
        <StdOut>Test skipped because TestProjects.Spector.Tests.Http._Type.Union.UnionTests.GetStringExtensibleNamedOnly is currently a stubbed implementation.</StdOut>
        <ErrorInfo>
          <Message>Test skipped because TestProjects.Spector.Tests.Http._Type.Union.UnionTests.GetStringExtensibleNamedOnly is currently a stubbed implementation.</Message>
        </ErrorInfo>
      </Output>
    </UnitTestResult>
    <UnitTestResult executionId="9415a057-80e5-40c0-995e-e5eeb3ec05a2" testId="a8853fc9-e793-4121-23dd-2f33df2e662f" testName="RequestHeaderResponseBodyConvenienceMethod" computerName="pkrvmxyh4eaekms" duration="00:00:00.0000060" startTime="2025-06-24T21:13:51.6243451+00:00" endTime="2025-06-24T21:13:51.6243512+00:00" testType="13cdc9d9-ddb5-4fa4-a97d-d965ccfc6d4b" outcome="NotExecuted" testListId="8c84fa94-04c1-424b-9868-57a2d4851a1d" relativeResultsDirectory="9415a057-80e5-40c0-995e-e5eeb3ec05a2">
      <Output>
        <StdOut>Test skipped because TestProjects.Spector.Tests.Http.Payload.Pageable.ContinuationTokenPaginationTests.RequestHeaderResponseBodyConvenienceMethod is currently a stubbed implementation.</StdOut>
        <ErrorInfo>
          <Message>Test skipped because TestProjects.Spector.Tests.Http.Payload.Pageable.ContinuationTokenPaginationTests.RequestHeaderResponseBodyConvenienceMethod is currently a stubbed implementation.</Message>
        </ErrorInfo>
      </Output>
    </UnitTestResult>
    <UnitTestResult executionId="66d86035-529f-48da-81f8-9adbdcce1330" testId="b9304ada-a59e-f974-b170-975a36a3be5f" testName="UnionFloatLiteralGetDefault" computerName="pkrvmxyh4eaekms" duration="00:00:00.0000010" startTime="2025-06-24T21:13:51.5431706+00:00" endTime="2025-06-24T21:13:51.5431721+00:00" testType="13cdc9d9-ddb5-4fa4-a97d-d965ccfc6d4b" outcome="NotExecuted" testListId="8c84fa94-04c1-424b-9868-57a2d4851a1d" relativeResultsDirectory="66d86035-529f-48da-81f8-9adbdcce1330">
      <Output>
        <StdOut>Test skipped because TestProjects.Spector.Tests.Http._Type.Property.Optionality.OptionalityTests.UnionFloatLiteralGetDefault is currently a stubbed implementation.</StdOut>
        <ErrorInfo>
          <Message>Test skipped because TestProjects.Spector.Tests.Http._Type.Property.Optionality.OptionalityTests.UnionFloatLiteralGetDefault is currently a stubbed implementation.</Message>
        </ErrorInfo>
      </Output>
    </UnitTestResult>
    <UnitTestResult executionId="2b987982-0e8e-4624-bfcb-145361a0e79f" testId="2fb09491-fc23-6ee0-242b-fa1728818340" testName="ParametersWithOrAsync" computerName="pkrvmxyh4eaekms" duration="00:00:00.0000020" startTime="2025-06-24T21:13:51.6332341+00:00" endTime="2025-06-24T21:13:51.6332361+00:00" testType="13cdc9d9-ddb5-4fa4-a97d-d965ccfc6d4b" outcome="NotExecuted" testListId="8c84fa94-04c1-424b-9868-57a2d4851a1d" relativeResultsDirectory="2b987982-0e8e-4624-bfcb-145361a0e79f">
      <Output>
        <StdOut>Test skipped because TestProjects.Spector.Tests.Http.SpecialWords.SpecialWordsTests.ParametersWithOrAsync is currently a stubbed implementation.</StdOut>
        <ErrorInfo>
          <Message>Test skipped because TestProjects.Spector.Tests.Http.SpecialWords.SpecialWordsTests.ParametersWithOrAsync is currently a stubbed implementation.</Message>
        </ErrorInfo>
      </Output>
    </UnitTestResult>
    <UnitTestResult executionId="b3c268fb-0374-4edd-9b5b-bf596d64703e" testId="b3a481db-a938-323e-9fb8-489f8a369674" testName="ParametersWithBreakAsync" computerName="pkrvmxyh4eaekms" duration="00:00:00.0000020" startTime="2025-06-24T21:13:51.6330339+00:00" endTime="2025-06-24T21:13:51.6330357+00:00" testType="13cdc9d9-ddb5-4fa4-a97d-d965ccfc6d4b" outcome="NotExecuted" testListId="8c84fa94-04c1-424b-9868-57a2d4851a1d" relativeResultsDirectory="b3c268fb-0374-4edd-9b5b-bf596d64703e">
      <Output>
        <StdOut>Test skipped because TestProjects.Spector.Tests.Http.SpecialWords.SpecialWordsTests.ParametersWithBreakAsync is currently a stubbed implementation.</StdOut>
        <ErrorInfo>
          <Message>Test skipped because TestProjects.Spector.Tests.Http.SpecialWords.SpecialWordsTests.ParametersWithBreakAsync is currently a stubbed implementation.</Message>
        </ErrorInfo>
      </Output>
    </UnitTestResult>
    <UnitTestResult executionId="33807540-b666-404f-8006-bcef07c5d90d" testId="89adbdff-11d9-a072-c166-2a83194bd5e1" testName="DatetimePutAll" computerName="pkrvmxyh4eaekms" duration="00:00:00.0000020" startTime="2025-06-24T21:13:51.5429416+00:00" endTime="2025-06-24T21:13:51.5429440+00:00" testType="13cdc9d9-ddb5-4fa4-a97d-d965ccfc6d4b" outcome="NotExecuted" testListId="8c84fa94-04c1-424b-9868-57a2d4851a1d" relativeResultsDirectory="33807540-b666-404f-8006-bcef07c5d90d">
      <Output>
        <StdOut>Test skipped because TestProjects.Spector.Tests.Http._Type.Property.Optionality.OptionalityTests.DatetimePutAll is currently a stubbed implementation.</StdOut>
        <ErrorInfo>
          <Message>Test skipped because TestProjects.Spector.Tests.Http._Type.Property.Optionality.OptionalityTests.DatetimePutAll is currently a stubbed implementation.</Message>
        </ErrorInfo>
      </Output>
    </UnitTestResult>
    <UnitTestResult executionId="535677c7-148e-437f-a150-736907f65baa" testId="8fb0ae3f-6df1-05e9-1f59-c87282710e99" testName="DecimalVerifyVerify" computerName="pkrvmxyh4eaekms" duration="00:00:00.0000010" startTime="2025-06-24T21:13:51.5440041+00:00" endTime="2025-06-24T21:13:51.5440055+00:00" testType="13cdc9d9-ddb5-4fa4-a97d-d965ccfc6d4b" outcome="NotExecuted" testListId="8c84fa94-04c1-424b-9868-57a2d4851a1d" relativeResultsDirectory="535677c7-148e-437f-a150-736907f65baa">
      <Output>
        <StdOut>Test skipped because TestProjects.Spector.Tests.Http._Type.Scalar.ScalarTests.DecimalVerifyVerify is currently a stubbed implementation.</StdOut>
        <ErrorInfo>
          <Message>Test skipped because TestProjects.Spector.Tests.Http._Type.Scalar.ScalarTests.DecimalVerifyVerify is currently a stubbed implementation.</Message>
        </ErrorInfo>
      </Output>
    </UnitTestResult>
    <UnitTestResult executionId="0ae51d4b-ad0b-4e5b-8be9-9a3ec0ed2efd" testId="9961478a-9fa5-b364-4dc5-7ec6e1e9cd7a" testName="PlaintimePutAll" computerName="pkrvmxyh4eaekms" duration="00:00:00.0000010" startTime="2025-06-24T21:13:51.5430754+00:00" endTime="2025-06-24T21:13:51.5430768+00:00" testType="13cdc9d9-ddb5-4fa4-a97d-d965ccfc6d4b" outcome="NotExecuted" testListId="8c84fa94-04c1-424b-9868-57a2d4851a1d" relativeResultsDirectory="0ae51d4b-ad0b-4e5b-8be9-9a3ec0ed2efd">
      <Output>
        <StdOut>Test skipped because TestProjects.Spector.Tests.Http._Type.Property.Optionality.OptionalityTests.PlaintimePutAll is currently a stubbed implementation.</StdOut>
        <ErrorInfo>
          <Message>Test skipped because TestProjects.Spector.Tests.Http._Type.Property.Optionality.OptionalityTests.PlaintimePutAll is currently a stubbed implementation.</Message>
        </ErrorInfo>
      </Output>
    </UnitTestResult>
    <UnitTestResult executionId="db0b6bc3-a0b5-41fe-a8e1-7a9c87d83b42" testId="dd515da8-c83f-96dd-f590-a65f1f18728f" testName="UnionStringLiteralPut" computerName="pkrvmxyh4eaekms" duration="00:00:00.0000010" startTime="2025-06-24T21:13:51.5437222+00:00" endTime="2025-06-24T21:13:51.5437235+00:00" testType="13cdc9d9-ddb5-4fa4-a97d-d965ccfc6d4b" outcome="NotExecuted" testListId="8c84fa94-04c1-424b-9868-57a2d4851a1d" relativeResultsDirectory="db0b6bc3-a0b5-41fe-a8e1-7a9c87d83b42">
      <Output>
        <StdOut>Test skipped because TestProjects.Spector.Tests.Http._Type.Property.ValueTypes.ValueTypesTests.UnionStringLiteralPut is currently a stubbed implementation.</StdOut>
        <ErrorInfo>
          <Message>Test skipped because TestProjects.Spector.Tests.Http._Type.Property.ValueTypes.ValueTypesTests.UnionStringLiteralPut is currently a stubbed implementation.</Message>
        </ErrorInfo>
      </Output>
    </UnitTestResult>
    <UnitTestResult executionId="8cf7135a-bbdc-4035-957b-b84418935793" testId="31d90594-9a86-36d6-b1a3-9b187aa1f500" testName="DatetimeGetNull" computerName="pkrvmxyh4eaekms" duration="00:00:00.0000010" startTime="2025-06-24T21:13:51.5426131+00:00" endTime="2025-06-24T21:13:51.5426143+00:00" testType="13cdc9d9-ddb5-4fa4-a97d-d965ccfc6d4b" outcome="NotExecuted" testListId="8c84fa94-04c1-424b-9868-57a2d4851a1d" relativeResultsDirectory="8cf7135a-bbdc-4035-957b-b84418935793">
      <Output>
        <StdOut>Test skipped because TestProjects.Spector.Tests.Http._Type.Property.Nullable.NullableTests.DatetimeGetNull is currently a stubbed implementation.</StdOut>
        <ErrorInfo>
          <Message>Test skipped because TestProjects.Spector.Tests.Http._Type.Property.Nullable.NullableTests.DatetimeGetNull is currently a stubbed implementation.</Message>
        </ErrorInfo>
      </Output>
    </UnitTestResult>
    <UnitTestResult executionId="4add9d2d-2bc2-4ebd-bdf7-9615deff2b91" testId="7ea310e6-54a0-f55d-1a3d-51546a2de4db" testName="GetExtensibleEnum" computerName="pkrvmxyh4eaekms" duration="00:00:00.0000050" startTime="2025-06-24T21:13:51.5395365+00:00" endTime="2025-06-24T21:13:51.5395415+00:00" testType="13cdc9d9-ddb5-4fa4-a97d-d965ccfc6d4b" outcome="NotExecuted" testListId="8c84fa94-04c1-424b-9868-57a2d4851a1d" relativeResultsDirectory="4add9d2d-2bc2-4ebd-bdf7-9615deff2b91">
      <Output>
        <StdOut>Test skipped because TestProjects.Spector.Tests.Http._Type.Model.Inheritance.EnumDiscriminator.EnumDiscriminatorTests.GetExtensibleEnum is currently a stubbed implementation.</StdOut>
        <ErrorInfo>
          <Message>Test skipped because TestProjects.Spector.Tests.Http._Type.Model.Inheritance.EnumDiscriminator.EnumDiscriminatorTests.GetExtensibleEnum is currently a stubbed implementation.</Message>
        </ErrorInfo>
      </Output>
    </UnitTestResult>
    <UnitTestResult executionId="afcce3c2-5189-4ea1-8905-8e0ee58db900" testId="05f57a81-8b5d-3917-1d0b-1c75d5d12313" testName="BooleanValuePut" computerName="pkrvmxyh4eaekms" duration="00:00:00.0000190" startTime="2025-06-24T21:13:51.5357348+00:00" endTime="2025-06-24T21:13:51.5357537+00:00" testType="13cdc9d9-ddb5-4fa4-a97d-d965ccfc6d4b" outcome="NotExecuted" testListId="8c84fa94-04c1-424b-9868-57a2d4851a1d" relativeResultsDirectory="afcce3c2-5189-4ea1-8905-8e0ee58db900">
      <Output>
        <StdOut>Test skipped because TestProjects.Spector.Tests.Http._Type._Array.ArrayTests.BooleanValuePut is currently a stubbed implementation.</StdOut>
        <ErrorInfo>
          <Message>Test skipped because TestProjects.Spector.Tests.Http._Type._Array.ArrayTests.BooleanValuePut is currently a stubbed implementation.</Message>
        </ErrorInfo>
      </Output>
    </UnitTestResult>
    <UnitTestResult executionId="19727b00-354b-428c-9fa7-eb7ee596606d" testId="e838e783-f2af-feb4-e9f1-c2ff02a7a200" testName="ParametersWithClassAsync" computerName="pkrvmxyh4eaekms" duration="00:00:00.0000020" startTime="2025-06-24T21:13:51.6330509+00:00" endTime="2025-06-24T21:13:51.6330532+00:00" testType="13cdc9d9-ddb5-4fa4-a97d-d965ccfc6d4b" outcome="NotExecuted" testListId="8c84fa94-04c1-424b-9868-57a2d4851a1d" relativeResultsDirectory="19727b00-354b-428c-9fa7-eb7ee596606d">
      <Output>
        <StdOut>Test skipped because TestProjects.Spector.Tests.Http.SpecialWords.SpecialWordsTests.ParametersWithClassAsync is currently a stubbed implementation.</StdOut>
        <ErrorInfo>
          <Message>Test skipped because TestProjects.Spector.Tests.Http.SpecialWords.SpecialWordsTests.ParametersWithClassAsync is currently a stubbed implementation.</Message>
        </ErrorInfo>
      </Output>
    </UnitTestResult>
    <UnitTestResult executionId="a8029f1b-4a91-4e41-ae1b-7d38fe9831cd" testId="e29cfc35-8690-6a41-56d9-eddae2a6ee4e" testName="ResponseHeaderDefault" computerName="pkrvmxyh4eaekms" duration="00:00:00.0000020" startTime="2025-06-24T21:13:51.5882958+00:00" endTime="2025-06-24T21:13:51.5882978+00:00" testType="13cdc9d9-ddb5-4fa4-a97d-d965ccfc6d4b" outcome="NotExecuted" testListId="8c84fa94-04c1-424b-9868-57a2d4851a1d" relativeResultsDirectory="a8029f1b-4a91-4e41-ae1b-7d38fe9831cd">
      <Output>
        <StdOut>Test skipped because TestProjects.Spector.Tests.Http.Encode.Datetime.DateTimeTests.ResponseHeaderDefault is currently a stubbed implementation.</StdOut>
        <ErrorInfo>
          <Message>Test skipped because TestProjects.Spector.Tests.Http.Encode.Datetime.DateTimeTests.ResponseHeaderDefault is currently a stubbed implementation.</Message>
        </ErrorInfo>
      </Output>
    </UnitTestResult>
    <UnitTestResult executionId="d64285cc-85b1-41a6-a4a0-c7ff0f761732" testId="705525e6-cc73-452a-63c1-3c9cb7bce78c" testName="Alias_SpreadAsRequestBody" computerName="pkrvmxyh4eaekms" duration="00:00:00.0000020" startTime="2025-06-24T21:13:51.6007512+00:00" endTime="2025-06-24T21:13:51.6007535+00:00" testType="13cdc9d9-ddb5-4fa4-a97d-d965ccfc6d4b" outcome="NotExecuted" testListId="8c84fa94-04c1-424b-9868-57a2d4851a1d" relativeResultsDirectory="d64285cc-85b1-41a6-a4a0-c7ff0f761732">
      <Output>
        <StdOut>Test skipped because TestProjects.Spector.Tests.Http.Parameters.Spread.SpreadTests.Alias_SpreadAsRequestBody is currently a stubbed implementation.</StdOut>
        <ErrorInfo>
          <Message>Test skipped because TestProjects.Spector.Tests.Http.Parameters.Spread.SpreadTests.Alias_SpreadAsRequestBody is currently a stubbed implementation.</Message>
        </ErrorInfo>
      </Output>
    </UnitTestResult>
    <UnitTestResult executionId="bb0ffc33-12a1-43a8-ad6c-dd3060f7185f" testId="0d37e3cb-6a13-9e51-c242-5f0da2f5a233" testName="BooleanPut" computerName="pkrvmxyh4eaekms" duration="00:00:00.0000010" startTime="2025-06-24T21:13:51.5390744+00:00" endTime="2025-06-24T21:13:51.5390758+00:00" testType="13cdc9d9-ddb5-4fa4-a97d-d965ccfc6d4b" outcome="NotExecuted" testListId="8c84fa94-04c1-424b-9868-57a2d4851a1d" relativeResultsDirectory="bb0ffc33-12a1-43a8-ad6c-dd3060f7185f">
      <Output>
        <StdOut>Test skipped because TestProjects.Spector.Tests.Http._Type.Dictionary.DictionaryTests.BooleanPut is currently a stubbed implementation.</StdOut>
        <ErrorInfo>
          <Message>Test skipped because TestProjects.Spector.Tests.Http._Type.Dictionary.DictionaryTests.BooleanPut is currently a stubbed implementation.</Message>
        </ErrorInfo>
      </Output>
    </UnitTestResult>
    <UnitTestResult executionId="c0fa4004-c516-4cee-965b-a3e3ba53aadd" testId="2ce728c9-6513-0474-466d-72b050cdb0ba" testName="ParametersWithConstructorAsync" computerName="pkrvmxyh4eaekms" duration="00:00:00.0000020" startTime="2025-06-24T21:13:51.6330617+00:00" endTime="2025-06-24T21:13:51.6330637+00:00" testType="13cdc9d9-ddb5-4fa4-a97d-d965ccfc6d4b" outcome="NotExecuted" testListId="8c84fa94-04c1-424b-9868-57a2d4851a1d" relativeResultsDirectory="c0fa4004-c516-4cee-965b-a3e3ba53aadd">
      <Output>
        <StdOut>Test skipped because TestProjects.Spector.Tests.Http.SpecialWords.SpecialWordsTests.ParametersWithConstructorAsync is currently a stubbed implementation.</StdOut>
        <ErrorInfo>
          <Message>Test skipped because TestProjects.Spector.Tests.Http.SpecialWords.SpecialWordsTests.ParametersWithConstructorAsync is currently a stubbed implementation.</Message>
        </ErrorInfo>
      </Output>
    </UnitTestResult>
    <UnitTestResult executionId="f4096666-c256-4088-85d7-49fb008a1278" testId="35394b5a-d5b7-e733-ff8c-27be6bab22a4" testName="ParametersWithAsyncAsync" computerName="pkrvmxyh4eaekms" duration="00:00:00.0000020" startTime="2025-06-24T21:13:51.6330162+00:00" endTime="2025-06-24T21:13:51.6330182+00:00" testType="13cdc9d9-ddb5-4fa4-a97d-d965ccfc6d4b" outcome="NotExecuted" testListId="8c84fa94-04c1-424b-9868-57a2d4851a1d" relativeResultsDirectory="f4096666-c256-4088-85d7-49fb008a1278">
      <Output>
        <StdOut>Test skipped because TestProjects.Spector.Tests.Http.SpecialWords.SpecialWordsTests.ParametersWithAsyncAsync is currently a stubbed implementation.</StdOut>
        <ErrorInfo>
          <Message>Test skipped because TestProjects.Spector.Tests.Http.SpecialWords.SpecialWordsTests.ParametersWithAsyncAsync is currently a stubbed implementation.</Message>
        </ErrorInfo>
      </Output>
    </UnitTestResult>
    <UnitTestResult executionId="81a7c4b8-a820-4f76-9e7b-44b6d5441cd5" testId="ae7a47e9-b477-242b-fd04-04a041957190" testName="NullableFloatValuePut" computerName="pkrvmxyh4eaekms" duration="00:00:00.0000010" startTime="2025-06-24T21:13:51.5391562+00:00" endTime="2025-06-24T21:13:51.5391575+00:00" testType="13cdc9d9-ddb5-4fa4-a97d-d965ccfc6d4b" outcome="NotExecuted" testListId="8c84fa94-04c1-424b-9868-57a2d4851a1d" relativeResultsDirectory="81a7c4b8-a820-4f76-9e7b-44b6d5441cd5">
      <Output>
        <StdOut>Test skipped because TestProjects.Spector.Tests.Http._Type.Dictionary.DictionaryTests.NullableFloatValuePut is currently a stubbed implementation.</StdOut>
        <ErrorInfo>
          <Message>Test skipped because TestProjects.Spector.Tests.Http._Type.Dictionary.DictionaryTests.NullableFloatValuePut is currently a stubbed implementation.</Message>
        </ErrorInfo>
      </Output>
    </UnitTestResult>
    <UnitTestResult executionId="af4ee709-a7e7-41c0-9925-eac5547c7e86" testId="b33c7869-2bf1-52f3-c346-44f705b431cd" testName="TestRemovedMembers" computerName="pkrvmxyh4eaekms" duration="00:00:00.0000060" startTime="2025-06-24T21:13:51.6345444+00:00" endTime="2025-06-24T21:13:51.6345502+00:00" testType="13cdc9d9-ddb5-4fa4-a97d-d965ccfc6d4b" outcome="NotExecuted" testListId="8c84fa94-04c1-424b-9868-57a2d4851a1d" relativeResultsDirectory="af4ee709-a7e7-41c0-9925-eac5547c7e86">
      <Output>
        <StdOut>Test skipped because TestProjects.Spector.Tests.Http.Versioning.Removed.V2.VersioningRemovedV2Tests.TestRemovedMembers is currently a stubbed implementation.</StdOut>
        <ErrorInfo>
          <Message>Test skipped because TestProjects.Spector.Tests.Http.Versioning.Removed.V2.VersioningRemovedV2Tests.TestRemovedMembers is currently a stubbed implementation.</Message>
        </ErrorInfo>
      </Output>
    </UnitTestResult>
    <UnitTestResult executionId="bea372ea-d39a-4f73-a9f0-3f1ccc934b6e" testId="c35c2009-ed50-3384-08c9-7ad76c845e12" testName="Models_ReadOnlyRoundTrip" computerName="pkrvmxyh4eaekms" duration="00:00:00.0000050" startTime="2025-06-24T21:13:51.5411447+00:00" endTime="2025-06-24T21:13:51.5411496+00:00" testType="13cdc9d9-ddb5-4fa4-a97d-d965ccfc6d4b" outcome="NotExecuted" testListId="8c84fa94-04c1-424b-9868-57a2d4851a1d" relativeResultsDirectory="bea372ea-d39a-4f73-a9f0-3f1ccc934b6e">
      <Output>
        <StdOut>Test skipped because TestProjects.Spector.Tests.Http._Type.Model.Visibility.TypeModelVisibilityTests.Models_ReadOnlyRoundTrip is currently a stubbed implementation.</StdOut>
        <ErrorInfo>
          <Message>Test skipped because TestProjects.Spector.Tests.Http._Type.Model.Visibility.TypeModelVisibilityTests.Models_ReadOnlyRoundTrip is currently a stubbed implementation.</Message>
        </ErrorInfo>
      </Output>
    </UnitTestResult>
    <UnitTestResult executionId="e7ec8a8d-7072-4b8c-9c3c-693b2041d5b0" testId="74a4a950-3235-9796-a1b9-35c0398b3c51" testName="UnknownArrayPut" computerName="pkrvmxyh4eaekms" duration="00:00:00.0000020" startTime="2025-06-24T21:13:51.5437379+00:00" endTime="2025-06-24T21:13:51.5437397+00:00" testType="13cdc9d9-ddb5-4fa4-a97d-d965ccfc6d4b" outcome="NotExecuted" testListId="8c84fa94-04c1-424b-9868-57a2d4851a1d" relativeResultsDirectory="e7ec8a8d-7072-4b8c-9c3c-693b2041d5b0">
      <Output>
        <StdOut>Test skipped because TestProjects.Spector.Tests.Http._Type.Property.ValueTypes.ValueTypesTests.UnknownArrayPut is currently a stubbed implementation.</StdOut>
        <ErrorInfo>
          <Message>Test skipped because TestProjects.Spector.Tests.Http._Type.Property.ValueTypes.ValueTypesTests.UnknownArrayPut is currently a stubbed implementation.</Message>
        </ErrorInfo>
      </Output>
    </UnitTestResult>
    <UnitTestResult executionId="a96a1f10-594f-4c5d-a08a-f3bc0e5bfc63" testId="cb98872d-dba9-3987-dad3-c649f79e50c0" testName="SpreadDifferentModelGet" computerName="pkrvmxyh4eaekms" duration="00:00:00.0000010" startTime="2025-06-24T21:13:51.5416334+00:00" endTime="2025-06-24T21:13:51.5416348+00:00" testType="13cdc9d9-ddb5-4fa4-a97d-d965ccfc6d4b" outcome="NotExecuted" testListId="8c84fa94-04c1-424b-9868-57a2d4851a1d" relativeResultsDirectory="a96a1f10-594f-4c5d-a08a-f3bc0e5bfc63">
      <Output>
        <StdOut>Test skipped because TestProjects.Spector.Tests.Http._Type.Property.AdditionalProperties.AdditionalPropertiesTests.SpreadDifferentModelGet is currently a stubbed implementation.</StdOut>
        <ErrorInfo>
          <Message>Test skipped because TestProjects.Spector.Tests.Http._Type.Property.AdditionalProperties.AdditionalPropertiesTests.SpreadDifferentModelGet is currently a stubbed implementation.</Message>
        </ErrorInfo>
      </Output>
    </UnitTestResult>
    <UnitTestResult executionId="f5dfd221-3acc-4ed2-9b79-93842a3c5d14" testId="e27ee226-188f-cf1e-bb44-10f5748e4c2e" testName="SpreadDifferentFloatPut" computerName="pkrvmxyh4eaekms" duration="00:00:00.0000020" startTime="2025-06-24T21:13:51.5416094+00:00" endTime="2025-06-24T21:13:51.5416114+00:00" testType="13cdc9d9-ddb5-4fa4-a97d-d965ccfc6d4b" outcome="NotExecuted" testListId="8c84fa94-04c1-424b-9868-57a2d4851a1d" relativeResultsDirectory="f5dfd221-3acc-4ed2-9b79-93842a3c5d14">
      <Output>
        <StdOut>Test skipped because TestProjects.Spector.Tests.Http._Type.Property.AdditionalProperties.AdditionalPropertiesTests.SpreadDifferentFloatPut is currently a stubbed implementation.</StdOut>
        <ErrorInfo>
          <Message>Test skipped because TestProjects.Spector.Tests.Http._Type.Property.AdditionalProperties.AdditionalPropertiesTests.SpreadDifferentFloatPut is currently a stubbed implementation.</Message>
        </ErrorInfo>
      </Output>
    </UnitTestResult>
    <UnitTestResult executionId="b011265b-2f01-41a9-b37a-301a102a4d15" testId="2d57f613-4611-bb05-70c2-856c9cce6879" testName="SendMixedLiteralsOnlyOnly" computerName="pkrvmxyh4eaekms" duration="00:00:00.0000010" startTime="2025-06-24T21:13:51.5442550+00:00" endTime="2025-06-24T21:13:51.5442562+00:00" testType="13cdc9d9-ddb5-4fa4-a97d-d965ccfc6d4b" outcome="NotExecuted" testListId="8c84fa94-04c1-424b-9868-57a2d4851a1d" relativeResultsDirectory="b011265b-2f01-41a9-b37a-301a102a4d15">
      <Output>
        <StdOut>Test skipped because TestProjects.Spector.Tests.Http._Type.Union.UnionTests.SendMixedLiteralsOnlyOnly is currently a stubbed implementation.</StdOut>
        <ErrorInfo>
          <Message>Test skipped because TestProjects.Spector.Tests.Http._Type.Union.UnionTests.SendMixedLiteralsOnlyOnly is currently a stubbed implementation.</Message>
        </ErrorInfo>
      </Output>
    </UnitTestResult>
    <UnitTestResult executionId="87b990f1-0bce-4279-95c3-b7aba7cdfb4b" testId="beaff054-0f94-10e4-a0ed-2211a6e70a2c" testName="ResponseHeaderRfc3339" computerName="pkrvmxyh4eaekms" duration="00:00:00.0000030" startTime="2025-06-24T21:13:51.5883048+00:00" endTime="2025-06-24T21:13:51.5883080+00:00" testType="13cdc9d9-ddb5-4fa4-a97d-d965ccfc6d4b" outcome="NotExecuted" testListId="8c84fa94-04c1-424b-9868-57a2d4851a1d" relativeResultsDirectory="87b990f1-0bce-4279-95c3-b7aba7cdfb4b">
      <Output>
        <StdOut>Test skipped because TestProjects.Spector.Tests.Http.Encode.Datetime.DateTimeTests.ResponseHeaderRfc3339 is currently a stubbed implementation.</StdOut>
        <ErrorInfo>
          <Message>Test skipped because TestProjects.Spector.Tests.Http.Encode.Datetime.DateTimeTests.ResponseHeaderRfc3339 is currently a stubbed implementation.</Message>
        </ErrorInfo>
      </Output>
    </UnitTestResult>
    <UnitTestResult executionId="fbcf546f-7bf7-4d65-b267-3eff0143b51d" testId="ec32b513-bd31-d745-5430-fd07a2a1da9f" testName="Decimal128TypeRequestBody" computerName="pkrvmxyh4eaekms" duration="00:00:00.0000020" startTime="2025-06-24T21:13:51.5439508+00:00" endTime="2025-06-24T21:13:51.5439527+00:00" testType="13cdc9d9-ddb5-4fa4-a97d-d965ccfc6d4b" outcome="NotExecuted" testListId="8c84fa94-04c1-424b-9868-57a2d4851a1d" relativeResultsDirectory="fbcf546f-7bf7-4d65-b267-3eff0143b51d">
      <Output>
        <StdOut>Test skipped because TestProjects.Spector.Tests.Http._Type.Scalar.ScalarTests.Decimal128TypeRequestBody is currently a stubbed implementation.</StdOut>
        <ErrorInfo>
          <Message>Test skipped because TestProjects.Spector.Tests.Http._Type.Scalar.ScalarTests.Decimal128TypeRequestBody is currently a stubbed implementation.</Message>
        </ErrorInfo>
      </Output>
    </UnitTestResult>
    <UnitTestResult executionId="09d9d519-4344-4938-b176-b3c3d826c58c" testId="a56dfacb-4af0-82ec-d657-bed633e9add9" testName="RoundTripWithJsonInterfaceUtf8ReaderWire" computerName="pkrvmxyh4eaekms" duration="00:00:00.0000010" startTime="2025-06-24T21:13:51.5419512+00:00" endTime="2025-06-24T21:13:51.5419526+00:00" testType="13cdc9d9-ddb5-4fa4-a97d-d965ccfc6d4b" outcome="NotExecuted" testListId="8c84fa94-04c1-424b-9868-57a2d4851a1d" relativeResultsDirectory="09d9d519-4344-4938-b176-b3c3d826c58c">
      <Output>
        <StdOut>Test skipped because TestProjects.Spector.Tests.Http._Type.Property.AdditionalProperties.DifferentSpreadStringDerivedTests.RoundTripWithJsonInterfaceUtf8ReaderWire is currently a stubbed implementation.</StdOut>
        <ErrorInfo>
          <Message>Test skipped because TestProjects.Spector.Tests.Http._Type.Property.AdditionalProperties.DifferentSpreadStringDerivedTests.RoundTripWithJsonInterfaceUtf8ReaderWire is currently a stubbed implementation.</Message>
        </ErrorInfo>
      </Output>
    </UnitTestResult>
    <UnitTestResult executionId="9b9f1a7a-abdc-4a96-b56d-cdbe78ed32e3" testId="a63689cf-95e5-fbe7-80f5-ad0180090582" testName="StringGet" computerName="pkrvmxyh4eaekms" duration="00:00:00.0000010" startTime="2025-06-24T21:13:51.5391730+00:00" endTime="2025-06-24T21:13:51.5391744+00:00" testType="13cdc9d9-ddb5-4fa4-a97d-d965ccfc6d4b" outcome="NotExecuted" testListId="8c84fa94-04c1-424b-9868-57a2d4851a1d" relativeResultsDirectory="9b9f1a7a-abdc-4a96-b56d-cdbe78ed32e3">
      <Output>
        <StdOut>Test skipped because TestProjects.Spector.Tests.Http._Type.Dictionary.DictionaryTests.StringGet is currently a stubbed implementation.</StdOut>
        <ErrorInfo>
          <Message>Test skipped because TestProjects.Spector.Tests.Http._Type.Dictionary.DictionaryTests.StringGet is currently a stubbed implementation.</Message>
        </ErrorInfo>
      </Output>
    </UnitTestResult>
    <UnitTestResult executionId="ab6366aa-2168-4218-9760-eb61c33a1d56" testId="d0169706-e11d-5cc8-701e-9666a13a4758" testName="RequestHeaderResponseHeaderConvenienceMethod" computerName="pkrvmxyh4eaekms" duration="00:00:00.0000020" startTime="2025-06-24T21:13:51.6243912+00:00" endTime="2025-06-24T21:13:51.6243933+00:00" testType="13cdc9d9-ddb5-4fa4-a97d-d965ccfc6d4b" outcome="NotExecuted" testListId="8c84fa94-04c1-424b-9868-57a2d4851a1d" relativeResultsDirectory="ab6366aa-2168-4218-9760-eb61c33a1d56">
      <Output>
        <StdOut>Test skipped because TestProjects.Spector.Tests.Http.Payload.Pageable.ContinuationTokenPaginationTests.RequestHeaderResponseHeaderConvenienceMethod is currently a stubbed implementation.</StdOut>
        <ErrorInfo>
          <Message>Test skipped because TestProjects.Spector.Tests.Http.Payload.Pageable.ContinuationTokenPaginationTests.RequestHeaderResponseHeaderConvenienceMethod is currently a stubbed implementation.</Message>
        </ErrorInfo>
      </Output>
    </UnitTestResult>
    <UnitTestResult executionId="8aa77a6f-d466-4ef2-89a2-8172e7823916" testId="9a426f5e-167f-9b4f-54f0-7ce77fa1cd6b" testName="RenamedThree" computerName="pkrvmxyh4eaekms" duration="00:00:00.0000020" startTime="2025-06-24T21:13:51.5691590+00:00" endTime="2025-06-24T21:13:51.5691609+00:00" testType="13cdc9d9-ddb5-4fa4-a97d-d965ccfc6d4b" outcome="NotExecuted" testListId="8c84fa94-04c1-424b-9868-57a2d4851a1d" relativeResultsDirectory="8aa77a6f-d466-4ef2-89a2-8172e7823916">
      <Output>
        <StdOut>Test skipped because TestProjects.Spector.Tests.Http.Client.Structure.RenamedOperation.RenamedOperationTests.RenamedThree is currently a stubbed implementation.</StdOut>
        <ErrorInfo>
          <Message>Test skipped because TestProjects.Spector.Tests.Http.Client.Structure.RenamedOperation.RenamedOperationTests.RenamedThree is currently a stubbed implementation.</Message>
        </ErrorInfo>
      </Output>
    </UnitTestResult>
    <UnitTestResult executionId="c80dfb12-1c6d-4db9-a856-b9caafa13f43" testId="70279d27-6c5c-6eb7-4c96-fdff400aff40" testName="RoundTripWithModelReaderWriterNonGenericWire" computerName="pkrvmxyh4eaekms" duration="00:00:00.0000020" startTime="2025-06-24T21:13:51.5406323+00:00" endTime="2025-06-24T21:13:51.5406342+00:00" testType="13cdc9d9-ddb5-4fa4-a97d-d965ccfc6d4b" outcome="NotExecuted" testListId="8c84fa94-04c1-424b-9868-57a2d4851a1d" relativeResultsDirectory="c80dfb12-1c6d-4db9-a856-b9caafa13f43">
      <Output>
        <StdOut>Test skipped because TestProjects.Spector.Tests.Http._Type.Model.Inheritance.SingleDiscriminator.EagleTests.RoundTripWithModelReaderWriterNonGenericWire is currently a stubbed implementation.</StdOut>
        <ErrorInfo>
          <Message>Test skipped because TestProjects.Spector.Tests.Http._Type.Model.Inheritance.SingleDiscriminator.EagleTests.RoundTripWithModelReaderWriterNonGenericWire is currently a stubbed implementation.</Message>
        </ErrorInfo>
      </Output>
    </UnitTestResult>
    <UnitTestResult executionId="2c1ffd9a-c337-4185-b511-1ef8f531d16b" testId="47468728-e188-8663-4de2-79f2d19837c4" testName="Parameters_BodyOptionality_requiredExplicit" computerName="pkrvmxyh4eaekms" duration="00:00:00.0000020" startTime="2025-06-24T21:13:51.5893765+00:00" endTime="2025-06-24T21:13:51.5893783+00:00" testType="13cdc9d9-ddb5-4fa4-a97d-d965ccfc6d4b" outcome="NotExecuted" testListId="8c84fa94-04c1-424b-9868-57a2d4851a1d" relativeResultsDirectory="2c1ffd9a-c337-4185-b511-1ef8f531d16b">
      <Output>
        <StdOut>Test skipped because TestProjects.Spector.Tests.Http.Parameters.BodyOptionality.BodyOptionalityTests.Parameters_BodyOptionality_requiredExplicit is currently a stubbed implementation.</StdOut>
        <ErrorInfo>
          <Message>Test skipped because TestProjects.Spector.Tests.Http.Parameters.BodyOptionality.BodyOptionalityTests.Parameters_BodyOptionality_requiredExplicit is currently a stubbed implementation.</Message>
        </ErrorInfo>
      </Output>
    </UnitTestResult>
    <UnitTestResult executionId="e1882c42-f3c4-48df-a46a-012c7e3a2762" testId="c5a29c23-7ceb-db02-9659-631971b90b6a" testName="RequestBodyBase64url" computerName="pkrvmxyh4eaekms" duration="00:00:00.0138550" startTime="2025-06-24T21:13:51.5740544+00:00" endTime="2025-06-24T21:13:51.5879098+00:00" testType="13cdc9d9-ddb5-4fa4-a97d-d965ccfc6d4b" outcome="Failed" testListId="8c84fa94-04c1-424b-9868-57a2d4851a1d" relativeResultsDirectory="e1882c42-f3c4-48df-a46a-012c7e3a2762">
      <Output>
        <ErrorInfo>
          <Message>OneTimeSetUp: System.InvalidOperationException : Cannot find 'node_modules' in parent directories of /home/runner/work/typespec/typespec/packages/http-client-csharp/generator/artifacts/bin/TestProjects.Spector.Tests/Debug/net8.0/TestProjects.Spector.Tests.dll.</Message>
          <StackTrace>
</StackTrace>
        </ErrorInfo>
      </Output>
    </UnitTestResult>
    <UnitTestResult executionId="8ef87be5-da02-4559-871b-47543c75e541" testId="82c574d4-310c-9865-9ff5-4c193c660ec0" testName="HeaderBase64urlArray" computerName="pkrvmxyh4eaekms" duration="00:00:00.0138240" startTime="2025-06-24T21:13:51.5740544+00:00" endTime="2025-06-24T21:13:51.5878784+00:00" testType="13cdc9d9-ddb5-4fa4-a97d-d965ccfc6d4b" outcome="Failed" testListId="8c84fa94-04c1-424b-9868-57a2d4851a1d" relativeResultsDirectory="8ef87be5-da02-4559-871b-47543c75e541">
      <Output>
        <ErrorInfo>
          <Message>OneTimeSetUp: System.InvalidOperationException : Cannot find 'node_modules' in parent directories of /home/runner/work/typespec/typespec/packages/http-client-csharp/generator/artifacts/bin/TestProjects.Spector.Tests/Debug/net8.0/TestProjects.Spector.Tests.dll.</Message>
          <StackTrace>
</StackTrace>
        </ErrorInfo>
      </Output>
    </UnitTestResult>
    <UnitTestResult executionId="2c3f49d3-bd30-4464-bafa-e3410340172b" testId="460bb2dd-61cf-bb8c-1e06-bbf0807f68aa" testName="ParametersWithWithAsync" computerName="pkrvmxyh4eaekms" duration="00:00:00.0000020" startTime="2025-06-24T21:13:51.6332962+00:00" endTime="2025-06-24T21:13:51.6332982+00:00" testType="13cdc9d9-ddb5-4fa4-a97d-d965ccfc6d4b" outcome="NotExecuted" testListId="8c84fa94-04c1-424b-9868-57a2d4851a1d" relativeResultsDirectory="2c3f49d3-bd30-4464-bafa-e3410340172b">
      <Output>
        <StdOut>Test skipped because TestProjects.Spector.Tests.Http.SpecialWords.SpecialWordsTests.ParametersWithWithAsync is currently a stubbed implementation.</StdOut>
        <ErrorInfo>
          <Message>Test skipped because TestProjects.Spector.Tests.Http.SpecialWords.SpecialWordsTests.ParametersWithWithAsync is currently a stubbed implementation.</Message>
        </ErrorInfo>
      </Output>
    </UnitTestResult>
    <UnitTestResult executionId="dcd76e11-0904-4827-95a3-891fde81e175" testId="f59a40e3-3fcf-65a7-f6cd-1022790d9380" testName="AddOptionalParamFromNone_WithApiVersionV1" computerName="pkrvmxyh4eaekms" duration="00:00:00.0000020" startTime="2025-06-24T21:13:51.6250395+00:00" endTime="2025-06-24T21:13:51.6250418+00:00" testType="13cdc9d9-ddb5-4fa4-a97d-d965ccfc6d4b" outcome="NotExecuted" testListId="8c84fa94-04c1-424b-9868-57a2d4851a1d" relativeResultsDirectory="dcd76e11-0904-4827-95a3-891fde81e175">
      <Output>
        <StdOut>Test skipped because TestProjects.Spector.Tests.Http.Resiliency.SrvDriven.V2.SrvDrivenV2Tests.AddOptionalParamFromNone_WithApiVersionV1 is currently a stubbed implementation.</StdOut>
        <ErrorInfo>
          <Message>Test skipped because TestProjects.Spector.Tests.Http.Resiliency.SrvDriven.V2.SrvDrivenV2Tests.AddOptionalParamFromNone_WithApiVersionV1 is currently a stubbed implementation.</Message>
        </ErrorInfo>
      </Output>
    </UnitTestResult>
    <UnitTestResult executionId="d9973ed4-33ff-450a-828f-fe69014a2b95" testId="1467f056-ccdf-6c8e-94a4-b6e67541ea01" testName="RoundTripWithJsonInterfaceUtf8ReaderNonGenericJson" computerName="pkrvmxyh4eaekms" duration="00:00:00.0000010" startTime="2025-06-24T21:13:51.5405648+00:00" endTime="2025-06-24T21:13:51.5405660+00:00" testType="13cdc9d9-ddb5-4fa4-a97d-d965ccfc6d4b" outcome="NotExecuted" testListId="8c84fa94-04c1-424b-9868-57a2d4851a1d" relativeResultsDirectory="d9973ed4-33ff-450a-828f-fe69014a2b95">
      <Output>
        <StdOut>Test skipped because TestProjects.Spector.Tests.Http._Type.Model.Inheritance.SingleDiscriminator.EagleTests.RoundTripWithJsonInterfaceUtf8ReaderNonGenericJson is currently a stubbed implementation.</StdOut>
        <ErrorInfo>
          <Message>Test skipped because TestProjects.Spector.Tests.Http._Type.Model.Inheritance.SingleDiscriminator.EagleTests.RoundTripWithJsonInterfaceUtf8ReaderNonGenericJson is currently a stubbed implementation.</Message>
        </ErrorInfo>
      </Output>
    </UnitTestResult>
    <UnitTestResult executionId="009b561e-0978-42c3-941b-34f29ecbba93" testId="3f905ce8-80f2-02cc-b77c-8a684ed28345" testName="StringPatchNonNull" computerName="pkrvmxyh4eaekms" duration="00:00:00.0000010" startTime="2025-06-24T21:13:51.5426588+00:00" endTime="2025-06-24T21:13:51.5426600+00:00" testType="13cdc9d9-ddb5-4fa4-a97d-d965ccfc6d4b" outcome="NotExecuted" testListId="8c84fa94-04c1-424b-9868-57a2d4851a1d" relativeResultsDirectory="009b561e-0978-42c3-941b-34f29ecbba93">
      <Output>
        <StdOut>Test skipped because TestProjects.Spector.Tests.Http._Type.Property.Nullable.NullableTests.StringPatchNonNull is currently a stubbed implementation.</StdOut>
        <ErrorInfo>
          <Message>Test skipped because TestProjects.Spector.Tests.Http._Type.Property.Nullable.NullableTests.StringPatchNonNull is currently a stubbed implementation.</Message>
        </ErrorInfo>
      </Output>
    </UnitTestResult>
    <UnitTestResult executionId="df51b262-16a4-4261-8127-7ffcfb960c7a" testId="d6427a85-43f2-21ee-b344-8e351b59ad58" testName="Model_SpreadCompositeRequestMix" computerName="pkrvmxyh4eaekms" duration="00:00:00.0000020" startTime="2025-06-24T21:13:51.6008012+00:00" endTime="2025-06-24T21:13:51.6008033+00:00" testType="13cdc9d9-ddb5-4fa4-a97d-d965ccfc6d4b" outcome="NotExecuted" testListId="8c84fa94-04c1-424b-9868-57a2d4851a1d" relativeResultsDirectory="df51b262-16a4-4261-8127-7ffcfb960c7a">
      <Output>
        <StdOut>Test skipped because TestProjects.Spector.Tests.Http.Parameters.Spread.SpreadTests.Model_SpreadCompositeRequestMix is currently a stubbed implementation.</StdOut>
        <ErrorInfo>
          <Message>Test skipped because TestProjects.Spector.Tests.Http.Parameters.Spread.SpreadTests.Model_SpreadCompositeRequestMix is currently a stubbed implementation.</Message>
        </ErrorInfo>
      </Output>
    </UnitTestResult>
    <UnitTestResult executionId="587dcc5c-224d-454e-bc74-fd69a0139758" testId="6aa13359-3466-f1b1-12ac-f29655b38b66" testName="ExtendsUnknownDiscriminatedGet" computerName="pkrvmxyh4eaekms" duration="00:00:00.0000010" startTime="2025-06-24T21:13:51.5414748+00:00" endTime="2025-06-24T21:13:51.5414759+00:00" testType="13cdc9d9-ddb5-4fa4-a97d-d965ccfc6d4b" outcome="NotExecuted" testListId="8c84fa94-04c1-424b-9868-57a2d4851a1d" relativeResultsDirectory="587dcc5c-224d-454e-bc74-fd69a0139758">
      <Output>
        <StdOut>Test skipped because TestProjects.Spector.Tests.Http._Type.Property.AdditionalProperties.AdditionalPropertiesTests.ExtendsUnknownDiscriminatedGet is currently a stubbed implementation.</StdOut>
        <ErrorInfo>
          <Message>Test skipped because TestProjects.Spector.Tests.Http._Type.Property.AdditionalProperties.AdditionalPropertiesTests.ExtendsUnknownDiscriminatedGet is currently a stubbed implementation.</Message>
        </ErrorInfo>
      </Output>
    </UnitTestResult>
    <UnitTestResult executionId="32fa2df4-4c62-440e-8abc-4e94f97d987a" testId="96b8454f-cb93-a5f4-fc55-77e054e1d610" testName="RequestHeaderResponseBodyProtocolMethodSync" computerName="pkrvmxyh4eaekms" duration="00:00:00.0000040" startTime="2025-06-24T21:13:51.6243803+00:00" endTime="2025-06-24T21:13:51.6243846+00:00" testType="13cdc9d9-ddb5-4fa4-a97d-d965ccfc6d4b" outcome="NotExecuted" testListId="8c84fa94-04c1-424b-9868-57a2d4851a1d" relativeResultsDirectory="32fa2df4-4c62-440e-8abc-4e94f97d987a">
      <Output>
        <StdOut>Test skipped because TestProjects.Spector.Tests.Http.Payload.Pageable.ContinuationTokenPaginationTests.RequestHeaderResponseBodyProtocolMethodSync is currently a stubbed implementation.</StdOut>
        <ErrorInfo>
          <Message>Test skipped because TestProjects.Spector.Tests.Http.Payload.Pageable.ContinuationTokenPaginationTests.RequestHeaderResponseBodyProtocolMethodSync is currently a stubbed implementation.</Message>
        </ErrorInfo>
      </Output>
    </UnitTestResult>
    <UnitTestResult executionId="8564baa9-7236-432c-8510-6685fd1ef385" testId="0fe584cd-a940-2e55-7451-b22c6cbc4ba6" testName="ThrowsIfUnknownFormat" computerName="pkrvmxyh4eaekms" duration="00:00:00.0000010" startTime="2025-06-24T21:13:51.5422938+00:00" endTime="2025-06-24T21:13:51.5422952+00:00" testType="13cdc9d9-ddb5-4fa4-a97d-d965ccfc6d4b" outcome="NotExecuted" testListId="8c84fa94-04c1-424b-9868-57a2d4851a1d" relativeResultsDirectory="8564baa9-7236-432c-8510-6685fd1ef385">
      <Output>
        <StdOut>Test skipped because TestProjects.Spector.Tests.Http._Type.Property.AdditionalProperties.MultipleSpreadRecordTests.ThrowsIfUnknownFormat is currently a stubbed implementation.</StdOut>
        <ErrorInfo>
          <Message>Test skipped because TestProjects.Spector.Tests.Http._Type.Property.AdditionalProperties.MultipleSpreadRecordTests.ThrowsIfUnknownFormat is currently a stubbed implementation.</Message>
        </ErrorInfo>
      </Output>
    </UnitTestResult>
    <UnitTestResult executionId="17efa271-a9ea-4ff1-99e4-c341a49135f7" testId="8b5c01eb-3daf-d3da-7adc-83346970f921" testName="QueryExpansionExplodeRecord" computerName="pkrvmxyh4eaekms" duration="00:00:00.0000040" startTime="2025-06-24T21:13:51.6259258+00:00" endTime="2025-06-24T21:13:51.6259298+00:00" testType="13cdc9d9-ddb5-4fa4-a97d-d965ccfc6d4b" outcome="NotExecuted" testListId="8c84fa94-04c1-424b-9868-57a2d4851a1d" relativeResultsDirectory="17efa271-a9ea-4ff1-99e4-c341a49135f7">
      <Output>
        <StdOut>Test skipped because TestProjects.Spector.Tests.Http.Routes.QueryParameterTests.QueryExpansionExplodeRecord is currently a stubbed implementation.</StdOut>
        <ErrorInfo>
          <Message>Test skipped because TestProjects.Spector.Tests.Http.Routes.QueryParameterTests.QueryExpansionExplodeRecord is currently a stubbed implementation.</Message>
        </ErrorInfo>
      </Output>
    </UnitTestResult>
    <UnitTestResult executionId="68d9c57c-2aca-4ea2-aebe-e5599e98f2e1" testId="598c46e4-bffe-167c-08f9-f86ee5a64d1e" testName="TestRemovedMembers" computerName="pkrvmxyh4eaekms" duration="00:00:00.0000070" startTime="2025-06-24T21:13:51.6343383+00:00" endTime="2025-06-24T21:13:51.6343458+00:00" testType="13cdc9d9-ddb5-4fa4-a97d-d965ccfc6d4b" outcome="NotExecuted" testListId="8c84fa94-04c1-424b-9868-57a2d4851a1d" relativeResultsDirectory="68d9c57c-2aca-4ea2-aebe-e5599e98f2e1">
      <Output>
        <StdOut>Test skipped because TestProjects.Spector.Tests.Http.Versioning.Removed.V1.VersioningRemovedV1Tests.TestRemovedMembers is currently a stubbed implementation.</StdOut>
        <ErrorInfo>
          <Message>Test skipped because TestProjects.Spector.Tests.Http.Versioning.Removed.V1.VersioningRemovedV1Tests.TestRemovedMembers is currently a stubbed implementation.</Message>
        </ErrorInfo>
      </Output>
    </UnitTestResult>
    <UnitTestResult executionId="c58a662d-08ef-4583-a611-3872fbefbacf" testId="bc24cc47-3602-1504-8ee2-a23831c68b20" testName="RoundTripWithModelReaderWriterNonGenericJson" computerName="pkrvmxyh4eaekms" duration="00:00:00.0000010" startTime="2025-06-24T21:13:51.5422762+00:00" endTime="2025-06-24T21:13:51.5422776+00:00" testType="13cdc9d9-ddb5-4fa4-a97d-d965ccfc6d4b" outcome="NotExecuted" testListId="8c84fa94-04c1-424b-9868-57a2d4851a1d" relativeResultsDirectory="c58a662d-08ef-4583-a611-3872fbefbacf">
      <Output>
        <StdOut>Test skipped because TestProjects.Spector.Tests.Http._Type.Property.AdditionalProperties.MultipleSpreadRecordTests.RoundTripWithModelReaderWriterNonGenericJson is currently a stubbed implementation.</StdOut>
        <ErrorInfo>
          <Message>Test skipped because TestProjects.Spector.Tests.Http._Type.Property.AdditionalProperties.MultipleSpreadRecordTests.RoundTripWithModelReaderWriterNonGenericJson is currently a stubbed implementation.</Message>
        </ErrorInfo>
      </Output>
    </UnitTestResult>
    <UnitTestResult executionId="201474ca-36d5-419b-a846-43f9b3a6eb1a" testId="7dcf94df-35d5-4f41-2d95-5365443ab3fd" testName="Int32ValueGet" computerName="pkrvmxyh4eaekms" duration="00:00:00.0000010" startTime="2025-06-24T21:13:51.5391159+00:00" endTime="2025-06-24T21:13:51.5391172+00:00" testType="13cdc9d9-ddb5-4fa4-a97d-d965ccfc6d4b" outcome="NotExecuted" testListId="8c84fa94-04c1-424b-9868-57a2d4851a1d" relativeResultsDirectory="201474ca-36d5-419b-a846-43f9b3a6eb1a">
      <Output>
        <StdOut>Test skipped because TestProjects.Spector.Tests.Http._Type.Dictionary.DictionaryTests.Int32ValueGet is currently a stubbed implementation.</StdOut>
        <ErrorInfo>
          <Message>Test skipped because TestProjects.Spector.Tests.Http._Type.Dictionary.DictionaryTests.Int32ValueGet is currently a stubbed implementation.</Message>
        </ErrorInfo>
      </Output>
    </UnitTestResult>
    <UnitTestResult executionId="4ba1eae6-65ae-4e1e-8d5c-9e7120265f36" testId="c6e4fcad-1989-e899-8bac-26a833edc360" testName="NullableStringValuePut" computerName="pkrvmxyh4eaekms" duration="00:00:00.0000010" startTime="2025-06-24T21:13:51.5358871+00:00" endTime="2025-06-24T21:13:51.5358883+00:00" testType="13cdc9d9-ddb5-4fa4-a97d-d965ccfc6d4b" outcome="NotExecuted" testListId="8c84fa94-04c1-424b-9868-57a2d4851a1d" relativeResultsDirectory="4ba1eae6-65ae-4e1e-8d5c-9e7120265f36">
      <Output>
        <StdOut>Test skipped because TestProjects.Spector.Tests.Http._Type._Array.ArrayTests.NullableStringValuePut is currently a stubbed implementation.</StdOut>
        <ErrorInfo>
          <Message>Test skipped because TestProjects.Spector.Tests.Http._Type._Array.ArrayTests.NullableStringValuePut is currently a stubbed implementation.</Message>
        </ErrorInfo>
      </Output>
    </UnitTestResult>
    <UnitTestResult executionId="db7aa747-175b-4ec3-8d29-6ecc5b2c84dc" testId="b44213bb-33ae-33af-0aec-08d3537052c3" testName="Client_Structure_default_Eight" computerName="pkrvmxyh4eaekms" duration="00:00:00.0000060" startTime="2025-06-24T21:13:51.5639772+00:00" endTime="2025-06-24T21:13:51.5639837+00:00" testType="13cdc9d9-ddb5-4fa4-a97d-d965ccfc6d4b" outcome="NotExecuted" testListId="8c84fa94-04c1-424b-9868-57a2d4851a1d" relativeResultsDirectory="db7aa747-175b-4ec3-8d29-6ecc5b2c84dc">
      <Output>
        <StdOut>Test skipped because TestProjects.Spector.Tests.Http.Client.Structure.Default.DefaultTests.Client_Structure_default_Eight is currently a stubbed implementation.</StdOut>
        <ErrorInfo>
          <Message>Test skipped because TestProjects.Spector.Tests.Http.Client.Structure.Default.DefaultTests.Client_Structure_default_Eight is currently a stubbed implementation.</Message>
        </ErrorInfo>
      </Output>
    </UnitTestResult>
    <UnitTestResult executionId="48b25654-047b-43e9-bb00-59db801f85ef" testId="11577903-e60e-06f8-2a5b-73b4d1c07a25" testName="DatetimeGetAll" computerName="pkrvmxyh4eaekms" duration="00:00:00.0000020" startTime="2025-06-24T21:13:51.5429297+00:00" endTime="2025-06-24T21:13:51.5429314+00:00" testType="13cdc9d9-ddb5-4fa4-a97d-d965ccfc6d4b" outcome="NotExecuted" testListId="8c84fa94-04c1-424b-9868-57a2d4851a1d" relativeResultsDirectory="48b25654-047b-43e9-bb00-59db801f85ef">
      <Output>
        <StdOut>Test skipped because TestProjects.Spector.Tests.Http._Type.Property.Optionality.OptionalityTests.DatetimeGetAll is currently a stubbed implementation.</StdOut>
        <ErrorInfo>
          <Message>Test skipped because TestProjects.Spector.Tests.Http._Type.Property.Optionality.OptionalityTests.DatetimeGetAll is currently a stubbed implementation.</Message>
        </ErrorInfo>
      </Output>
    </UnitTestResult>
    <UnitTestResult executionId="bd2c4242-c480-4062-af30-da4ed25ffec3" testId="284867a4-0bf6-af11-7fd6-c0f8eeace1ae" testName="SendEnumsOnly" computerName="pkrvmxyh4eaekms" duration="00:00:00.0000010" startTime="2025-06-24T21:13:51.5442385+00:00" endTime="2025-06-24T21:13:51.5442398+00:00" testType="13cdc9d9-ddb5-4fa4-a97d-d965ccfc6d4b" outcome="NotExecuted" testListId="8c84fa94-04c1-424b-9868-57a2d4851a1d" relativeResultsDirectory="bd2c4242-c480-4062-af30-da4ed25ffec3">
      <Output>
        <StdOut>Test skipped because TestProjects.Spector.Tests.Http._Type.Union.UnionTests.SendEnumsOnly is currently a stubbed implementation.</StdOut>
        <ErrorInfo>
          <Message>Test skipped because TestProjects.Spector.Tests.Http._Type.Union.UnionTests.SendEnumsOnly is currently a stubbed implementation.</Message>
        </ErrorInfo>
      </Output>
    </UnitTestResult>
    <UnitTestResult executionId="b3f6045b-7cb0-4de6-9d85-d2513fba1c7b" testId="35dc10eb-dede-1c37-f1fc-8a62654248e9" testName="Versioning_ReturnTypeChangedFrom_Test" computerName="pkrvmxyh4eaekms" duration="00:00:00.0000060" startTime="2025-06-24T21:13:51.6352549+00:00" endTime="2025-06-24T21:13:51.6352605+00:00" testType="13cdc9d9-ddb5-4fa4-a97d-d965ccfc6d4b" outcome="NotExecuted" testListId="8c84fa94-04c1-424b-9868-57a2d4851a1d" relativeResultsDirectory="b3f6045b-7cb0-4de6-9d85-d2513fba1c7b">
      <Output>
        <StdOut>Test skipped because TestProjects.Spector.Tests.Http.Versioning.ReturnTypeChangedFrom.V2.VersioningReturnTypeChangedFromTests.Versioning_ReturnTypeChangedFrom_Test is currently a stubbed implementation.</StdOut>
        <ErrorInfo>
          <Message>Test skipped because TestProjects.Spector.Tests.Http.Versioning.ReturnTypeChangedFrom.V2.VersioningReturnTypeChangedFromTests.Versioning_ReturnTypeChangedFrom_Test is currently a stubbed implementation.</Message>
        </ErrorInfo>
      </Output>
    </UnitTestResult>
    <UnitTestResult executionId="ea18a2b2-e107-43b4-9c35-bea982ff3190" testId="154c2543-3b03-d18b-1e75-6232e8195a78" testName="RoundTripWithModelInterfaceWire" computerName="pkrvmxyh4eaekms" duration="00:00:00.0000010" startTime="2025-06-24T21:13:51.5419910+00:00" endTime="2025-06-24T21:13:51.5419924+00:00" testType="13cdc9d9-ddb5-4fa4-a97d-d965ccfc6d4b" outcome="NotExecuted" testListId="8c84fa94-04c1-424b-9868-57a2d4851a1d" relativeResultsDirectory="ea18a2b2-e107-43b4-9c35-bea982ff3190">
      <Output>
        <StdOut>Test skipped because TestProjects.Spector.Tests.Http._Type.Property.AdditionalProperties.DifferentSpreadStringDerivedTests.RoundTripWithModelInterfaceWire is currently a stubbed implementation.</StdOut>
        <ErrorInfo>
          <Message>Test skipped because TestProjects.Spector.Tests.Http._Type.Property.AdditionalProperties.DifferentSpreadStringDerivedTests.RoundTripWithModelInterfaceWire is currently a stubbed implementation.</Message>
        </ErrorInfo>
      </Output>
    </UnitTestResult>
    <UnitTestResult executionId="91fd22ae-1bd1-4fc9-9fdd-a68eda72ea3d" testId="dff15840-393e-409f-4dc0-667696e27c18" testName="FloatLiteralGet" computerName="pkrvmxyh4eaekms" duration="00:00:00.0000020" startTime="2025-06-24T21:13:51.5435841+00:00" endTime="2025-06-24T21:13:51.5435857+00:00" testType="13cdc9d9-ddb5-4fa4-a97d-d965ccfc6d4b" outcome="NotExecuted" testListId="8c84fa94-04c1-424b-9868-57a2d4851a1d" relativeResultsDirectory="91fd22ae-1bd1-4fc9-9fdd-a68eda72ea3d">
      <Output>
        <StdOut>Test skipped because TestProjects.Spector.Tests.Http._Type.Property.ValueTypes.ValueTypesTests.FloatLiteralGet is currently a stubbed implementation.</StdOut>
        <ErrorInfo>
          <Message>Test skipped because TestProjects.Spector.Tests.Http._Type.Property.ValueTypes.ValueTypesTests.FloatLiteralGet is currently a stubbed implementation.</Message>
        </ErrorInfo>
      </Output>
    </UnitTestResult>
    <UnitTestResult executionId="a81d2d64-9bdc-4a6c-b127-ddedce273529" testId="0806a028-b1a0-eb17-a93f-a38674b9bea4" testName="RequestQueryResponseBodyProtocolMethod" computerName="pkrvmxyh4eaekms" duration="00:00:00.0000020" startTime="2025-06-24T21:13:51.6244176+00:00" endTime="2025-06-24T21:13:51.6244195+00:00" testType="13cdc9d9-ddb5-4fa4-a97d-d965ccfc6d4b" outcome="NotExecuted" testListId="8c84fa94-04c1-424b-9868-57a2d4851a1d" relativeResultsDirectory="a81d2d64-9bdc-4a6c-b127-ddedce273529">
      <Output>
        <StdOut>Test skipped because TestProjects.Spector.Tests.Http.Payload.Pageable.ContinuationTokenPaginationTests.RequestQueryResponseBodyProtocolMethod is currently a stubbed implementation.</StdOut>
        <ErrorInfo>
          <Message>Test skipped because TestProjects.Spector.Tests.Http.Payload.Pageable.ContinuationTokenPaginationTests.RequestQueryResponseBodyProtocolMethod is currently a stubbed implementation.</Message>
        </ErrorInfo>
      </Output>
    </UnitTestResult>
    <UnitTestResult executionId="86688e89-8c69-4722-984d-4de6d92c7736" testId="9a638e40-d359-6746-9f21-8510b5774335" testName="HeaderUnixTimestamp" computerName="pkrvmxyh4eaekms" duration="00:00:00.0000020" startTime="2025-06-24T21:13:51.5881942+00:00" endTime="2025-06-24T21:13:51.5881960+00:00" testType="13cdc9d9-ddb5-4fa4-a97d-d965ccfc6d4b" outcome="NotExecuted" testListId="8c84fa94-04c1-424b-9868-57a2d4851a1d" relativeResultsDirectory="86688e89-8c69-4722-984d-4de6d92c7736">
      <Output>
        <StdOut>Test skipped because TestProjects.Spector.Tests.Http.Encode.Datetime.DateTimeTests.HeaderUnixTimestamp is currently a stubbed implementation.</StdOut>
        <ErrorInfo>
          <Message>Test skipped because TestProjects.Spector.Tests.Http.Encode.Datetime.DateTimeTests.HeaderUnixTimestamp is currently a stubbed implementation.</Message>
        </ErrorInfo>
      </Output>
    </UnitTestResult>
    <UnitTestResult executionId="27aabf1e-7e36-4fdd-a3ca-5865b01512f0" testId="2051097f-3f6a-d11b-1868-e03525ceefe3" testName="SpreadDifferentStringGet" computerName="pkrvmxyh4eaekms" duration="00:00:00.0000020" startTime="2025-06-24T21:13:51.5416450+00:00" endTime="2025-06-24T21:13:51.5416470+00:00" testType="13cdc9d9-ddb5-4fa4-a97d-d965ccfc6d4b" outcome="NotExecuted" testListId="8c84fa94-04c1-424b-9868-57a2d4851a1d" relativeResultsDirectory="27aabf1e-7e36-4fdd-a3ca-5865b01512f0">
      <Output>
        <StdOut>Test skipped because TestProjects.Spector.Tests.Http._Type.Property.AdditionalProperties.AdditionalPropertiesTests.SpreadDifferentStringGet is currently a stubbed implementation.</StdOut>
        <ErrorInfo>
          <Message>Test skipped because TestProjects.Spector.Tests.Http._Type.Property.AdditionalProperties.AdditionalPropertiesTests.SpreadDifferentStringGet is currently a stubbed implementation.</Message>
        </ErrorInfo>
      </Output>
    </UnitTestResult>
    <UnitTestResult executionId="9d40cf06-8bb2-4bd1-86b7-c383c1a5bb08" testId="d542a4be-264f-4669-d3a4-585d50add547" testName="Special_Headers_Conditional_Request_PostIfNoneMatch" computerName="pkrvmxyh4eaekms" duration="00:00:00.0000020" startTime="2025-06-24T21:13:51.6277773+00:00" endTime="2025-06-24T21:13:51.6277792+00:00" testType="13cdc9d9-ddb5-4fa4-a97d-d965ccfc6d4b" outcome="NotExecuted" testListId="8c84fa94-04c1-424b-9868-57a2d4851a1d" relativeResultsDirectory="9d40cf06-8bb2-4bd1-86b7-c383c1a5bb08">
      <Output>
        <StdOut>Test skipped because TestProjects.Spector.Tests.Http.SpecialHeaders.ConditionalRequest.ConditionalRequestHeaderTests.Special_Headers_Conditional_Request_PostIfNoneMatch is currently a stubbed implementation.</StdOut>
        <ErrorInfo>
          <Message>Test skipped because TestProjects.Spector.Tests.Http.SpecialHeaders.ConditionalRequest.ConditionalRequestHeaderTests.Special_Headers_Conditional_Request_PostIfNoneMatch is currently a stubbed implementation.</Message>
        </ErrorInfo>
      </Output>
    </UnitTestResult>
    <UnitTestResult executionId="655150d4-3238-4781-9c65-e66286488c2e" testId="7c6cbcc3-6ed0-961f-d796-d395ce4e0236" testName="RequiredAndOptionalPutRequiredOnly" computerName="pkrvmxyh4eaekms" duration="00:00:00.0000010" startTime="2025-06-24T21:13:51.5431044+00:00" endTime="2025-06-24T21:13:51.5431055+00:00" testType="13cdc9d9-ddb5-4fa4-a97d-d965ccfc6d4b" outcome="NotExecuted" testListId="8c84fa94-04c1-424b-9868-57a2d4851a1d" relativeResultsDirectory="655150d4-3238-4781-9c65-e66286488c2e">
      <Output>
        <StdOut>Test skipped because TestProjects.Spector.Tests.Http._Type.Property.Optionality.OptionalityTests.RequiredAndOptionalPutRequiredOnly is currently a stubbed implementation.</StdOut>
        <ErrorInfo>
          <Message>Test skipped because TestProjects.Spector.Tests.Http._Type.Property.Optionality.OptionalityTests.RequiredAndOptionalPutRequiredOnly is currently a stubbed implementation.</Message>
        </ErrorInfo>
      </Output>
    </UnitTestResult>
    <UnitTestResult executionId="7f78009e-522b-4399-942b-19f48518fd6d" testId="02dfff2c-6e20-f055-38aa-937902f53f06" testName="CollectionsModelPatchNull" computerName="pkrvmxyh4eaekms" duration="00:00:00.0000020" startTime="2025-06-24T21:13:51.5425682+00:00" endTime="2025-06-24T21:13:51.5425699+00:00" testType="13cdc9d9-ddb5-4fa4-a97d-d965ccfc6d4b" outcome="NotExecuted" testListId="8c84fa94-04c1-424b-9868-57a2d4851a1d" relativeResultsDirectory="7f78009e-522b-4399-942b-19f48518fd6d">
      <Output>
        <StdOut>Test skipped because TestProjects.Spector.Tests.Http._Type.Property.Nullable.NullableTests.CollectionsModelPatchNull is currently a stubbed implementation.</StdOut>
        <ErrorInfo>
          <Message>Test skipped because TestProjects.Spector.Tests.Http._Type.Property.Nullable.NullableTests.CollectionsModelPatchNull is currently a stubbed implementation.</Message>
        </ErrorInfo>
      </Output>
    </UnitTestResult>
    <UnitTestResult executionId="ebc32972-85a0-4d65-b897-c037c8327129" testId="e1ed053f-bf6d-9dee-74a1-43003f7e12cd" testName="GetEnumsOnly" computerName="pkrvmxyh4eaekms" duration="00:00:00.0000050" startTime="2025-06-24T21:13:51.5441591+00:00" endTime="2025-06-24T21:13:51.5441646+00:00" testType="13cdc9d9-ddb5-4fa4-a97d-d965ccfc6d4b" outcome="NotExecuted" testListId="8c84fa94-04c1-424b-9868-57a2d4851a1d" relativeResultsDirectory="ebc32972-85a0-4d65-b897-c037c8327129">
      <Output>
        <StdOut>Test skipped because TestProjects.Spector.Tests.Http._Type.Union.UnionTests.GetEnumsOnly is currently a stubbed implementation.</StdOut>
        <ErrorInfo>
          <Message>Test skipped because TestProjects.Spector.Tests.Http._Type.Union.UnionTests.GetEnumsOnly is currently a stubbed implementation.</Message>
        </ErrorInfo>
      </Output>
    </UnitTestResult>
    <UnitTestResult executionId="a66bd1d1-7e41-4765-995a-d4727533f673" testId="54970370-ff41-1690-3bb5-6e3c3dd11e8a" testName="ModelsWithFinallyAsync" computerName="pkrvmxyh4eaekms" duration="00:00:00.0000020" startTime="2025-06-24T21:13:51.6325330+00:00" endTime="2025-06-24T21:13:51.6325345+00:00" testType="13cdc9d9-ddb5-4fa4-a97d-d965ccfc6d4b" outcome="NotExecuted" testListId="8c84fa94-04c1-424b-9868-57a2d4851a1d" relativeResultsDirectory="a66bd1d1-7e41-4765-995a-d4727533f673">
      <Output>
        <StdOut>Test skipped because TestProjects.Spector.Tests.Http.SpecialWords.SpecialWordsTests.ModelsWithFinallyAsync is currently a stubbed implementation.</StdOut>
        <ErrorInfo>
          <Message>Test skipped because TestProjects.Spector.Tests.Http.SpecialWords.SpecialWordsTests.ModelsWithFinallyAsync is currently a stubbed implementation.</Message>
        </ErrorInfo>
      </Output>
    </UnitTestResult>
    <UnitTestResult executionId="4e7321d4-786a-4b80-b71b-b6226cc483de" testId="22a27231-c6a7-72df-cf67-ef27f39a4583" testName="ModelsWithAndAsync" computerName="pkrvmxyh4eaekms" duration="00:00:00.0000020" startTime="2025-06-24T21:13:51.6324062+00:00" endTime="2025-06-24T21:13:51.6324082+00:00" testType="13cdc9d9-ddb5-4fa4-a97d-d965ccfc6d4b" outcome="NotExecuted" testListId="8c84fa94-04c1-424b-9868-57a2d4851a1d" relativeResultsDirectory="4e7321d4-786a-4b80-b71b-b6226cc483de">
      <Output>
        <StdOut>Test skipped because TestProjects.Spector.Tests.Http.SpecialWords.SpecialWordsTests.ModelsWithAndAsync is currently a stubbed implementation.</StdOut>
        <ErrorInfo>
          <Message>Test skipped because TestProjects.Spector.Tests.Http.SpecialWords.SpecialWordsTests.ModelsWithAndAsync is currently a stubbed implementation.</Message>
        </ErrorInfo>
      </Output>
    </UnitTestResult>
    <UnitTestResult executionId="3faec24c-4609-4796-9f91-6d1109cd4727" testId="c6a16e31-5525-bac7-671f-4578facffc56" testName="ThrowsIfWireIsNotJson" computerName="pkrvmxyh4eaekms" duration="00:00:00.0000010" startTime="2025-06-24T21:13:51.5422996+00:00" endTime="2025-06-24T21:13:51.5423008+00:00" testType="13cdc9d9-ddb5-4fa4-a97d-d965ccfc6d4b" outcome="NotExecuted" testListId="8c84fa94-04c1-424b-9868-57a2d4851a1d" relativeResultsDirectory="3faec24c-4609-4796-9f91-6d1109cd4727">
      <Output>
        <StdOut>Test skipped because TestProjects.Spector.Tests.Http._Type.Property.AdditionalProperties.MultipleSpreadRecordTests.ThrowsIfWireIsNotJson is currently a stubbed implementation.</StdOut>
        <ErrorInfo>
          <Message>Test skipped because TestProjects.Spector.Tests.Http._Type.Property.AdditionalProperties.MultipleSpreadRecordTests.ThrowsIfWireIsNotJson is currently a stubbed implementation.</Message>
        </ErrorInfo>
      </Output>
    </UnitTestResult>
    <UnitTestResult executionId="8d7d6606-2258-487c-a8cc-a5f92b7a02b9" testId="f58c561a-56c6-5a64-2790-afbbbb854f54" testName="ParametersWithElseAsync" computerName="pkrvmxyh4eaekms" duration="00:00:00.0000020" startTime="2025-06-24T21:13:51.6331052+00:00" endTime="2025-06-24T21:13:51.6331071+00:00" testType="13cdc9d9-ddb5-4fa4-a97d-d965ccfc6d4b" outcome="NotExecuted" testListId="8c84fa94-04c1-424b-9868-57a2d4851a1d" relativeResultsDirectory="8d7d6606-2258-487c-a8cc-a5f92b7a02b9">
      <Output>
        <StdOut>Test skipped because TestProjects.Spector.Tests.Http.SpecialWords.SpecialWordsTests.ParametersWithElseAsync is currently a stubbed implementation.</StdOut>
        <ErrorInfo>
          <Message>Test skipped because TestProjects.Spector.Tests.Http.SpecialWords.SpecialWordsTests.ParametersWithElseAsync is currently a stubbed implementation.</Message>
        </ErrorInfo>
      </Output>
    </UnitTestResult>
    <UnitTestResult executionId="aece8a1f-59a5-4873-913e-fee647d10034" testId="811de1f5-4649-de67-a6eb-cb786595808c" testName="OperationsExceptAsync" computerName="pkrvmxyh4eaekms" duration="00:00:00.0000020" startTime="2025-06-24T21:13:51.6328104+00:00" endTime="2025-06-24T21:13:51.6328125+00:00" testType="13cdc9d9-ddb5-4fa4-a97d-d965ccfc6d4b" outcome="NotExecuted" testListId="8c84fa94-04c1-424b-9868-57a2d4851a1d" relativeResultsDirectory="aece8a1f-59a5-4873-913e-fee647d10034">
      <Output>
        <StdOut>Test skipped because TestProjects.Spector.Tests.Http.SpecialWords.SpecialWordsTests.OperationsExceptAsync is currently a stubbed implementation.</StdOut>
        <ErrorInfo>
          <Message>Test skipped because TestProjects.Spector.Tests.Http.SpecialWords.SpecialWordsTests.OperationsExceptAsync is currently a stubbed implementation.</Message>
        </ErrorInfo>
      </Output>
    </UnitTestResult>
    <UnitTestResult executionId="cedd6cbc-6d38-40dd-a50e-4176fce860b3" testId="2a92bd88-1fbe-5d77-bf05-3b21a27c97c4" testName="DatetimeGet" computerName="pkrvmxyh4eaekms" duration="00:00:00.0000020" startTime="2025-06-24T21:13:51.5434814+00:00" endTime="2025-06-24T21:13:51.5434833+00:00" testType="13cdc9d9-ddb5-4fa4-a97d-d965ccfc6d4b" outcome="NotExecuted" testListId="8c84fa94-04c1-424b-9868-57a2d4851a1d" relativeResultsDirectory="cedd6cbc-6d38-40dd-a50e-4176fce860b3">
      <Output>
        <StdOut>Test skipped because TestProjects.Spector.Tests.Http._Type.Property.ValueTypes.ValueTypesTests.DatetimeGet is currently a stubbed implementation.</StdOut>
        <ErrorInfo>
          <Message>Test skipped because TestProjects.Spector.Tests.Http._Type.Property.ValueTypes.ValueTypesTests.DatetimeGet is currently a stubbed implementation.</Message>
        </ErrorInfo>
      </Output>
    </UnitTestResult>
    <UnitTestResult executionId="5e2ecc2e-ef35-413c-921e-bbdf70114655" testId="0dd727c4-441b-ca1e-47be-3f5ec998ae2c" testName="DatetimeTetNonNull" computerName="pkrvmxyh4eaekms" duration="00:00:00.0000010" startTime="2025-06-24T21:13:51.5426247+00:00" endTime="2025-06-24T21:13:51.5426262+00:00" testType="13cdc9d9-ddb5-4fa4-a97d-d965ccfc6d4b" outcome="NotExecuted" testListId="8c84fa94-04c1-424b-9868-57a2d4851a1d" relativeResultsDirectory="5e2ecc2e-ef35-413c-921e-bbdf70114655">
      <Output>
        <StdOut>Test skipped because TestProjects.Spector.Tests.Http._Type.Property.Nullable.NullableTests.DatetimeTetNonNull is currently a stubbed implementation.</StdOut>
        <ErrorInfo>
          <Message>Test skipped because TestProjects.Spector.Tests.Http._Type.Property.Nullable.NullableTests.DatetimeTetNonNull is currently a stubbed implementation.</Message>
        </ErrorInfo>
      </Output>
    </UnitTestResult>
    <UnitTestResult executionId="7145fe08-03c1-4e1d-bf7a-7c65553b6ae0" testId="3d66031e-9b2f-0a00-4106-7d54f5313c8a" testName="NoOperationParams" computerName="pkrvmxyh4eaekms" duration="00:00:00.0000060" startTime="2025-06-24T21:13:51.6267264+00:00" endTime="2025-06-24T21:13:51.6267320+00:00" testType="13cdc9d9-ddb5-4fa4-a97d-d965ccfc6d4b" outcome="NotExecuted" testListId="8c84fa94-04c1-424b-9868-57a2d4851a1d" relativeResultsDirectory="7145fe08-03c1-4e1d-bf7a-7c65553b6ae0">
      <Output>
        <StdOut>Test skipped because TestProjects.Spector.Tests.Http.Server.Path.Multiple.MultipleTests.NoOperationParams is currently a stubbed implementation.</StdOut>
        <ErrorInfo>
          <Message>Test skipped because TestProjects.Spector.Tests.Http.Server.Path.Multiple.MultipleTests.NoOperationParams is currently a stubbed implementation.</Message>
        </ErrorInfo>
      </Output>
    </UnitTestResult>
    <UnitTestResult executionId="19a5ce69-431b-4345-a8ac-3a4f040bbd04" testId="2e6f12c4-567a-a9a5-1394-114f4affe65c" testName="One" computerName="pkrvmxyh4eaekms" duration="00:00:00.0000020" startTime="2025-06-24T21:13:51.5739358+00:00" endTime="2025-06-24T21:13:51.5739377+00:00" testType="13cdc9d9-ddb5-4fa4-a97d-d965ccfc6d4b" outcome="NotExecuted" testListId="8c84fa94-04c1-424b-9868-57a2d4851a1d" relativeResultsDirectory="19a5ce69-431b-4345-a8ac-3a4f040bbd04">
      <Output>
        <StdOut>Test skipped because TestProjects.Spector.Tests.Http.Client.Structure.TwoOperationGroup.TwoOperationGroupTests.One is currently a stubbed implementation.</StdOut>
        <ErrorInfo>
          <Message>Test skipped because TestProjects.Spector.Tests.Http.Client.Structure.TwoOperationGroup.TwoOperationGroupTests.One is currently a stubbed implementation.</Message>
        </ErrorInfo>
      </Output>
    </UnitTestResult>
    <UnitTestResult executionId="d4d062bc-616f-43d0-b580-b5e58ebb6079" testId="ed3816f5-9557-c094-70f8-28e7c24d766b" testName="PropertyBase64url" computerName="pkrvmxyh4eaekms" duration="00:00:00.0138330" startTime="2025-06-24T21:13:51.5740544+00:00" endTime="2025-06-24T21:13:51.5878878+00:00" testType="13cdc9d9-ddb5-4fa4-a97d-d965ccfc6d4b" outcome="Failed" testListId="8c84fa94-04c1-424b-9868-57a2d4851a1d" relativeResultsDirectory="d4d062bc-616f-43d0-b580-b5e58ebb6079">
      <Output>
        <ErrorInfo>
          <Message>OneTimeSetUp: System.InvalidOperationException : Cannot find 'node_modules' in parent directories of /home/runner/work/typespec/typespec/packages/http-client-csharp/generator/artifacts/bin/TestProjects.Spector.Tests/Debug/net8.0/TestProjects.Spector.Tests.dll.</Message>
          <StackTrace>
</StackTrace>
        </ErrorInfo>
      </Output>
    </UnitTestResult>
    <UnitTestResult executionId="24536ef1-80ec-4a8f-9453-ca072153d453" testId="295ff600-46b5-ffa4-d057-eedf2160e6fd" testName="SpreadDifferentModelPut" computerName="pkrvmxyh4eaekms" duration="00:00:00.0000010" startTime="2025-06-24T21:13:51.5416392+00:00" endTime="2025-06-24T21:13:51.5416406+00:00" testType="13cdc9d9-ddb5-4fa4-a97d-d965ccfc6d4b" outcome="NotExecuted" testListId="8c84fa94-04c1-424b-9868-57a2d4851a1d" relativeResultsDirectory="24536ef1-80ec-4a8f-9453-ca072153d453">
      <Output>
        <StdOut>Test skipped because TestProjects.Spector.Tests.Http._Type.Property.AdditionalProperties.AdditionalPropertiesTests.SpreadDifferentModelPut is currently a stubbed implementation.</StdOut>
        <ErrorInfo>
          <Message>Test skipped because TestProjects.Spector.Tests.Http._Type.Property.AdditionalProperties.AdditionalPropertiesTests.SpreadDifferentModelPut is currently a stubbed implementation.</Message>
        </ErrorInfo>
      </Output>
    </UnitTestResult>
    <UnitTestResult executionId="7d828bc1-113c-465d-9e7e-18a7a7b2c3f2" testId="634be660-ab2b-1395-2050-4b29a1eded1c" testName="HeaderISO8601" computerName="pkrvmxyh4eaekms" duration="00:00:00.0000020" startTime="2025-06-24T21:13:51.5885867+00:00" endTime="2025-06-24T21:13:51.5885889+00:00" testType="13cdc9d9-ddb5-4fa4-a97d-d965ccfc6d4b" outcome="NotExecuted" testListId="8c84fa94-04c1-424b-9868-57a2d4851a1d" relativeResultsDirectory="7d828bc1-113c-465d-9e7e-18a7a7b2c3f2">
      <Output>
        <StdOut>Test skipped because TestProjects.Spector.Tests.Http.Encode.Duration.EncodeDurationTests.HeaderISO8601 is currently a stubbed implementation.</StdOut>
        <ErrorInfo>
          <Message>Test skipped because TestProjects.Spector.Tests.Http.Encode.Duration.EncodeDurationTests.HeaderISO8601 is currently a stubbed implementation.</Message>
        </ErrorInfo>
      </Output>
    </UnitTestResult>
    <UnitTestResult executionId="62f89b8a-e4d2-4a31-af05-0098c2d718c1" testId="d71236c6-e3e8-3e3c-ac00-40a10ebbbddd" testName="PutRecursiveModel" computerName="pkrvmxyh4eaekms" duration="00:00:00.0000040" startTime="2025-06-24T21:13:51.5397712+00:00" endTime="2025-06-24T21:13:51.5397752+00:00" testType="13cdc9d9-ddb5-4fa4-a97d-d965ccfc6d4b" outcome="NotExecuted" testListId="8c84fa94-04c1-424b-9868-57a2d4851a1d" relativeResultsDirectory="62f89b8a-e4d2-4a31-af05-0098c2d718c1">
      <Output>
        <StdOut>Test skipped because TestProjects.Spector.Tests.Http._Type.Model.Inheritance.NestedDiscriminator.NestedDiscriminatorTests.PutRecursiveModel is currently a stubbed implementation.</StdOut>
        <ErrorInfo>
          <Message>Test skipped because TestProjects.Spector.Tests.Http._Type.Model.Inheritance.NestedDiscriminator.NestedDiscriminatorTests.PutRecursiveModel is currently a stubbed implementation.</Message>
        </ErrorInfo>
      </Output>
    </UnitTestResult>
    <UnitTestResult executionId="862fef00-189b-4ec8-aa7b-585d2f9323c4" testId="3b90192e-1cff-2de9-5c91-04c5efb18edb" testName="UnionIntLiteralPutDefault" computerName="pkrvmxyh4eaekms" duration="00:00:00.0000020" startTime="2025-06-24T21:13:51.5432106+00:00" endTime="2025-06-24T21:13:51.5432128+00:00" testType="13cdc9d9-ddb5-4fa4-a97d-d965ccfc6d4b" outcome="NotExecuted" testListId="8c84fa94-04c1-424b-9868-57a2d4851a1d" relativeResultsDirectory="862fef00-189b-4ec8-aa7b-585d2f9323c4">
      <Output>
        <StdOut>Test skipped because TestProjects.Spector.Tests.Http._Type.Property.Optionality.OptionalityTests.UnionIntLiteralPutDefault is currently a stubbed implementation.</StdOut>
        <ErrorInfo>
          <Message>Test skipped because TestProjects.Spector.Tests.Http._Type.Property.Optionality.OptionalityTests.UnionIntLiteralPutDefault is currently a stubbed implementation.</Message>
        </ErrorInfo>
      </Output>
    </UnitTestResult>
    <UnitTestResult executionId="0b571f38-755f-4047-b07c-09f3fd89cd28" testId="c8358eda-9951-61f5-2d73-bb09fec88ace" testName="RoundTripWithJsonInterfaceOfTJson" computerName="pkrvmxyh4eaekms" duration="00:00:00.0000020" startTime="2025-06-24T21:13:51.5419216+00:00" endTime="2025-06-24T21:13:51.5419234+00:00" testType="13cdc9d9-ddb5-4fa4-a97d-d965ccfc6d4b" outcome="NotExecuted" testListId="8c84fa94-04c1-424b-9868-57a2d4851a1d" relativeResultsDirectory="0b571f38-755f-4047-b07c-09f3fd89cd28">
      <Output>
        <StdOut>Test skipped because TestProjects.Spector.Tests.Http._Type.Property.AdditionalProperties.DifferentSpreadStringDerivedTests.RoundTripWithJsonInterfaceOfTJson is currently a stubbed implementation.</StdOut>
        <ErrorInfo>
          <Message>Test skipped because TestProjects.Spector.Tests.Http._Type.Property.AdditionalProperties.DifferentSpreadStringDerivedTests.RoundTripWithJsonInterfaceOfTJson is currently a stubbed implementation.</Message>
        </ErrorInfo>
      </Output>
    </UnitTestResult>
    <UnitTestResult executionId="133faf65-9c3a-4762-b2e6-0d2780b0fbfb" testId="87b3b798-201c-f416-b201-5675faff582c" testName="RoundTripWithJsonInterfaceUtf8ReaderJson" computerName="pkrvmxyh4eaekms" duration="00:00:00.0000010" startTime="2025-06-24T21:13:51.5422052+00:00" endTime="2025-06-24T21:13:51.5422065+00:00" testType="13cdc9d9-ddb5-4fa4-a97d-d965ccfc6d4b" outcome="NotExecuted" testListId="8c84fa94-04c1-424b-9868-57a2d4851a1d" relativeResultsDirectory="133faf65-9c3a-4762-b2e6-0d2780b0fbfb">
      <Output>
        <StdOut>Test skipped because TestProjects.Spector.Tests.Http._Type.Property.AdditionalProperties.MultipleSpreadRecordTests.RoundTripWithJsonInterfaceUtf8ReaderJson is currently a stubbed implementation.</StdOut>
        <ErrorInfo>
          <Message>Test skipped because TestProjects.Spector.Tests.Http._Type.Property.AdditionalProperties.MultipleSpreadRecordTests.RoundTripWithJsonInterfaceUtf8ReaderJson is currently a stubbed implementation.</Message>
        </ErrorInfo>
      </Output>
    </UnitTestResult>
    <UnitTestResult executionId="7fb818bf-dbd6-4b7f-af49-3c39ef8caf1e" testId="73d73dc2-8492-1de1-1bd6-3de906c804f3" testName="IntLiteralPutDefault" computerName="pkrvmxyh4eaekms" duration="00:00:00.0000010" startTime="2025-06-24T21:13:51.5430243+00:00" endTime="2025-06-24T21:13:51.5430258+00:00" testType="13cdc9d9-ddb5-4fa4-a97d-d965ccfc6d4b" outcome="NotExecuted" testListId="8c84fa94-04c1-424b-9868-57a2d4851a1d" relativeResultsDirectory="7fb818bf-dbd6-4b7f-af49-3c39ef8caf1e">
      <Output>
        <StdOut>Test skipped because TestProjects.Spector.Tests.Http._Type.Property.Optionality.OptionalityTests.IntLiteralPutDefault is currently a stubbed implementation.</StdOut>
        <ErrorInfo>
          <Message>Test skipped because TestProjects.Spector.Tests.Http._Type.Property.Optionality.OptionalityTests.IntLiteralPutDefault is currently a stubbed implementation.</Message>
        </ErrorInfo>
      </Output>
    </UnitTestResult>
    <UnitTestResult executionId="cd62cda4-b0ed-4889-a392-fc3a1e914dab" testId="d545b0a1-6d90-6643-d5af-215cd62b87bd" testName="Versioning_Added_v2" computerName="pkrvmxyh4eaekms" duration="00:00:00.0000020" startTime="2025-06-24T21:13:51.6337463+00:00" endTime="2025-06-24T21:13:51.6337485+00:00" testType="13cdc9d9-ddb5-4fa4-a97d-d965ccfc6d4b" outcome="NotExecuted" testListId="8c84fa94-04c1-424b-9868-57a2d4851a1d" relativeResultsDirectory="cd62cda4-b0ed-4889-a392-fc3a1e914dab">
      <Output>
        <StdOut>Test skipped because TestProjects.Spector.Tests.Http.Versioning.Added.V2.VersioningAddedV2Tests.Versioning_Added_v2 is currently a stubbed implementation.</StdOut>
        <ErrorInfo>
          <Message>Test skipped because TestProjects.Spector.Tests.Http.Versioning.Added.V2.VersioningAddedV2Tests.Versioning_Added_v2 is currently a stubbed implementation.</Message>
        </ErrorInfo>
      </Output>
    </UnitTestResult>
    <UnitTestResult executionId="4bc60db5-6535-4284-ae3d-d1abf72d5495" testId="71d819df-4747-5813-a46c-45a112baebb1" testName="GetValid" computerName="pkrvmxyh4eaekms" duration="00:00:00.0000050" startTime="2025-06-24T21:13:51.5399151+00:00" endTime="2025-06-24T21:13:51.5399198+00:00" testType="13cdc9d9-ddb5-4fa4-a97d-d965ccfc6d4b" outcome="NotExecuted" testListId="8c84fa94-04c1-424b-9868-57a2d4851a1d" relativeResultsDirectory="4bc60db5-6535-4284-ae3d-d1abf72d5495">
      <Output>
        <StdOut>Test skipped because TestProjects.Spector.Tests.Http._Type.Model.Inheritance.NotDiscriminated.NotDiscriminatedTests.GetValid is currently a stubbed implementation.</StdOut>
        <ErrorInfo>
          <Message>Test skipped because TestProjects.Spector.Tests.Http._Type.Model.Inheritance.NotDiscriminated.NotDiscriminatedTests.GetValid is currently a stubbed implementation.</Message>
        </ErrorInfo>
      </Output>
    </UnitTestResult>
    <UnitTestResult executionId="0a205001-33dd-406f-b15b-cf117dfb8c2f" testId="5155163d-a611-d4a7-3bb7-da05bb3eacbf" testName="DurationValuePut" computerName="pkrvmxyh4eaekms" duration="00:00:00.0000010" startTime="2025-06-24T21:13:51.5390991+00:00" endTime="2025-06-24T21:13:51.5391003+00:00" testType="13cdc9d9-ddb5-4fa4-a97d-d965ccfc6d4b" outcome="NotExecuted" testListId="8c84fa94-04c1-424b-9868-57a2d4851a1d" relativeResultsDirectory="0a205001-33dd-406f-b15b-cf117dfb8c2f">
      <Output>
        <StdOut>Test skipped because TestProjects.Spector.Tests.Http._Type.Dictionary.DictionaryTests.DurationValuePut is currently a stubbed implementation.</StdOut>
        <ErrorInfo>
          <Message>Test skipped because TestProjects.Spector.Tests.Http._Type.Dictionary.DictionaryTests.DurationValuePut is currently a stubbed implementation.</Message>
        </ErrorInfo>
      </Output>
    </UnitTestResult>
    <UnitTestResult executionId="82b4848e-3106-4b88-b3c2-452929cc51d0" testId="7576d1e8-d6bb-547d-f9e9-5e037320c808" testName="ParametersWithFinallyAsync" computerName="pkrvmxyh4eaekms" duration="00:00:00.0000110" startTime="2025-06-24T21:13:51.6331316+00:00" endTime="2025-06-24T21:13:51.6331427+00:00" testType="13cdc9d9-ddb5-4fa4-a97d-d965ccfc6d4b" outcome="NotExecuted" testListId="8c84fa94-04c1-424b-9868-57a2d4851a1d" relativeResultsDirectory="82b4848e-3106-4b88-b3c2-452929cc51d0">
      <Output>
        <StdOut>Test skipped because TestProjects.Spector.Tests.Http.SpecialWords.SpecialWordsTests.ParametersWithFinallyAsync is currently a stubbed implementation.</StdOut>
        <ErrorInfo>
          <Message>Test skipped because TestProjects.Spector.Tests.Http.SpecialWords.SpecialWordsTests.ParametersWithFinallyAsync is currently a stubbed implementation.</Message>
        </ErrorInfo>
      </Output>
    </UnitTestResult>
    <UnitTestResult executionId="0eca4714-96c5-4fbb-91b1-5cdce1899624" testId="ba754c6a-e316-1d94-432c-ee528b6bd9e3" testName="IntGet" computerName="pkrvmxyh4eaekms" duration="00:00:00.0000010" startTime="2025-06-24T21:13:51.5436020+00:00" endTime="2025-06-24T21:13:51.5436034+00:00" testType="13cdc9d9-ddb5-4fa4-a97d-d965ccfc6d4b" outcome="NotExecuted" testListId="8c84fa94-04c1-424b-9868-57a2d4851a1d" relativeResultsDirectory="0eca4714-96c5-4fbb-91b1-5cdce1899624">
      <Output>
        <StdOut>Test skipped because TestProjects.Spector.Tests.Http._Type.Property.ValueTypes.ValueTypesTests.IntGet is currently a stubbed implementation.</StdOut>
        <ErrorInfo>
          <Message>Test skipped because TestProjects.Spector.Tests.Http._Type.Property.ValueTypes.ValueTypesTests.IntGet is currently a stubbed implementation.</Message>
        </ErrorInfo>
      </Output>
    </UnitTestResult>
    <UnitTestResult executionId="dc9e7581-08ba-4ae1-b578-c3f88ebcffb5" testId="8af07428-4f6d-dfc7-8036-c8192e779f8c" testName="QueryFloatSeconds" computerName="pkrvmxyh4eaekms" duration="00:00:00.0000020" startTime="2025-06-24T21:13:51.5887298+00:00" endTime="2025-06-24T21:13:51.5887317+00:00" testType="13cdc9d9-ddb5-4fa4-a97d-d965ccfc6d4b" outcome="NotExecuted" testListId="8c84fa94-04c1-424b-9868-57a2d4851a1d" relativeResultsDirectory="dc9e7581-08ba-4ae1-b578-c3f88ebcffb5">
      <Output>
        <StdOut>Test skipped because TestProjects.Spector.Tests.Http.Encode.Duration.EncodeDurationTests.QueryFloatSeconds is currently a stubbed implementation.</StdOut>
        <ErrorInfo>
          <Message>Test skipped because TestProjects.Spector.Tests.Http.Encode.Duration.EncodeDurationTests.QueryFloatSeconds is currently a stubbed implementation.</Message>
        </ErrorInfo>
      </Output>
    </UnitTestResult>
    <UnitTestResult executionId="6324c31a-a13d-4a25-b775-b83eb08f6480" testId="e7a73ccf-eb00-feb9-f196-0eb0f9e16f44" testName="UnionStringLiteralGetDefault" computerName="pkrvmxyh4eaekms" duration="00:00:00.0000020" startTime="2025-06-24T21:13:51.5432269+00:00" endTime="2025-06-24T21:13:51.5432284+00:00" testType="13cdc9d9-ddb5-4fa4-a97d-d965ccfc6d4b" outcome="NotExecuted" testListId="8c84fa94-04c1-424b-9868-57a2d4851a1d" relativeResultsDirectory="6324c31a-a13d-4a25-b775-b83eb08f6480">
      <Output>
        <StdOut>Test skipped because TestProjects.Spector.Tests.Http._Type.Property.Optionality.OptionalityTests.UnionStringLiteralGetDefault is currently a stubbed implementation.</StdOut>
        <ErrorInfo>
          <Message>Test skipped because TestProjects.Spector.Tests.Http._Type.Property.Optionality.OptionalityTests.UnionStringLiteralGetDefault is currently a stubbed implementation.</Message>
        </ErrorInfo>
      </Output>
    </UnitTestResult>
    <UnitTestResult executionId="c6421f37-eadf-425f-88e8-722fd1495f21" testId="1dc04680-c17a-5ef0-cd55-c5909a099d31" testName="UnknownStringPut" computerName="pkrvmxyh4eaekms" duration="00:00:00.0000010" startTime="2025-06-24T21:13:51.5437786+00:00" endTime="2025-06-24T21:13:51.5437799+00:00" testType="13cdc9d9-ddb5-4fa4-a97d-d965ccfc6d4b" outcome="NotExecuted" testListId="8c84fa94-04c1-424b-9868-57a2d4851a1d" relativeResultsDirectory="c6421f37-eadf-425f-88e8-722fd1495f21">
      <Output>
        <StdOut>Test skipped because TestProjects.Spector.Tests.Http._Type.Property.ValueTypes.ValueTypesTests.UnknownStringPut is currently a stubbed implementation.</StdOut>
        <ErrorInfo>
          <Message>Test skipped because TestProjects.Spector.Tests.Http._Type.Property.ValueTypes.ValueTypesTests.UnknownStringPut is currently a stubbed implementation.</Message>
        </ErrorInfo>
      </Output>
    </UnitTestResult>
    <UnitTestResult executionId="85f9b923-a33f-4614-b687-45ce1006411c" testId="ac5ad418-154c-ea42-d78a-259b410be746" testName="NullableFloatValuePut" computerName="pkrvmxyh4eaekms" duration="00:00:00.0000010" startTime="2025-06-24T21:13:51.5358532+00:00" endTime="2025-06-24T21:13:51.5358543+00:00" testType="13cdc9d9-ddb5-4fa4-a97d-d965ccfc6d4b" outcome="NotExecuted" testListId="8c84fa94-04c1-424b-9868-57a2d4851a1d" relativeResultsDirectory="85f9b923-a33f-4614-b687-45ce1006411c">
      <Output>
        <StdOut>Test skipped because TestProjects.Spector.Tests.Http._Type._Array.ArrayTests.NullableFloatValuePut is currently a stubbed implementation.</StdOut>
        <ErrorInfo>
          <Message>Test skipped because TestProjects.Spector.Tests.Http._Type._Array.ArrayTests.NullableFloatValuePut is currently a stubbed implementation.</Message>
        </ErrorInfo>
      </Output>
    </UnitTestResult>
    <UnitTestResult executionId="533c618d-bd3f-4f93-b6da-28d2db582dc2" testId="dae8967b-2ab3-1f9d-4a49-d95b9695bcde" testName="ModelValueGet" computerName="pkrvmxyh4eaekms" duration="00:00:00.0000010" startTime="2025-06-24T21:13:51.5358250+00:00" endTime="2025-06-24T21:13:51.5358262+00:00" testType="13cdc9d9-ddb5-4fa4-a97d-d965ccfc6d4b" outcome="NotExecuted" testListId="8c84fa94-04c1-424b-9868-57a2d4851a1d" relativeResultsDirectory="533c618d-bd3f-4f93-b6da-28d2db582dc2">
      <Output>
        <StdOut>Test skipped because TestProjects.Spector.Tests.Http._Type._Array.ArrayTests.ModelValueGet is currently a stubbed implementation.</StdOut>
        <ErrorInfo>
          <Message>Test skipped because TestProjects.Spector.Tests.Http._Type._Array.ArrayTests.ModelValueGet is currently a stubbed implementation.</Message>
        </ErrorInfo>
      </Output>
    </UnitTestResult>
    <UnitTestResult executionId="8fcd5dea-4de7-4b3e-ae30-af639933978c" testId="a3e78115-73d4-5855-1567-96e35b62d47b" testName="CollectionsByteGetNonNull" computerName="pkrvmxyh4eaekms" duration="00:00:00.0000020" startTime="2025-06-24T21:13:51.5425267+00:00" endTime="2025-06-24T21:13:51.5425286+00:00" testType="13cdc9d9-ddb5-4fa4-a97d-d965ccfc6d4b" outcome="NotExecuted" testListId="8c84fa94-04c1-424b-9868-57a2d4851a1d" relativeResultsDirectory="8fcd5dea-4de7-4b3e-ae30-af639933978c">
      <Output>
        <StdOut>Test skipped because TestProjects.Spector.Tests.Http._Type.Property.Nullable.NullableTests.CollectionsByteGetNonNull is currently a stubbed implementation.</StdOut>
        <ErrorInfo>
          <Message>Test skipped because TestProjects.Spector.Tests.Http._Type.Property.Nullable.NullableTests.CollectionsByteGetNonNull is currently a stubbed implementation.</Message>
        </ErrorInfo>
      </Output>
    </UnitTestResult>
    <UnitTestResult executionId="93c1761a-20bd-49f3-90b9-b1cd4469d2f2" testId="b9e7b15e-f277-6e8e-cf88-c99b89e138b5" testName="IsUnknownDiscriminatedPut" computerName="pkrvmxyh4eaekms" duration="00:00:00.0000010" startTime="2025-06-24T21:13:51.5415718+00:00" endTime="2025-06-24T21:13:51.5415731+00:00" testType="13cdc9d9-ddb5-4fa4-a97d-d965ccfc6d4b" outcome="NotExecuted" testListId="8c84fa94-04c1-424b-9868-57a2d4851a1d" relativeResultsDirectory="93c1761a-20bd-49f3-90b9-b1cd4469d2f2">
      <Output>
        <StdOut>Test skipped because TestProjects.Spector.Tests.Http._Type.Property.AdditionalProperties.AdditionalPropertiesTests.IsUnknownDiscriminatedPut is currently a stubbed implementation.</StdOut>
        <ErrorInfo>
          <Message>Test skipped because TestProjects.Spector.Tests.Http._Type.Property.AdditionalProperties.AdditionalPropertiesTests.IsUnknownDiscriminatedPut is currently a stubbed implementation.</Message>
        </ErrorInfo>
      </Output>
    </UnitTestResult>
    <UnitTestResult executionId="e9de103e-26cb-4d84-9d2e-7d1d836be31a" testId="9f9e66fa-9619-69e7-b7c7-fc40c68a8886" testName="IsUnknownGet" computerName="pkrvmxyh4eaekms" duration="00:00:00.0000010" startTime="2025-06-24T21:13:51.5415776+00:00" endTime="2025-06-24T21:13:51.5415788+00:00" testType="13cdc9d9-ddb5-4fa4-a97d-d965ccfc6d4b" outcome="NotExecuted" testListId="8c84fa94-04c1-424b-9868-57a2d4851a1d" relativeResultsDirectory="e9de103e-26cb-4d84-9d2e-7d1d836be31a">
      <Output>
        <StdOut>Test skipped because TestProjects.Spector.Tests.Http._Type.Property.AdditionalProperties.AdditionalPropertiesTests.IsUnknownGet is currently a stubbed implementation.</StdOut>
        <ErrorInfo>
          <Message>Test skipped because TestProjects.Spector.Tests.Http._Type.Property.AdditionalProperties.AdditionalPropertiesTests.IsUnknownGet is currently a stubbed implementation.</Message>
        </ErrorInfo>
      </Output>
    </UnitTestResult>
    <UnitTestResult executionId="26777841-b54b-46c7-b9e5-e0cde0cfb439" testId="a23a82db-6a0c-f496-ce1d-906a455da103" testName="BytesGet" computerName="pkrvmxyh4eaekms" duration="00:00:00.0000010" startTime="2025-06-24T21:13:51.5434269+00:00" endTime="2025-06-24T21:13:51.5434279+00:00" testType="13cdc9d9-ddb5-4fa4-a97d-d965ccfc6d4b" outcome="NotExecuted" testListId="8c84fa94-04c1-424b-9868-57a2d4851a1d" relativeResultsDirectory="26777841-b54b-46c7-b9e5-e0cde0cfb439">
      <Output>
        <StdOut>Test skipped because TestProjects.Spector.Tests.Http._Type.Property.ValueTypes.ValueTypesTests.BytesGet is currently a stubbed implementation.</StdOut>
        <ErrorInfo>
          <Message>Test skipped because TestProjects.Spector.Tests.Http._Type.Property.ValueTypes.ValueTypesTests.BytesGet is currently a stubbed implementation.</Message>
        </ErrorInfo>
      </Output>
    </UnitTestResult>
    <UnitTestResult executionId="b145e6eb-3559-4b9f-b855-d1bf2901d999" testId="75589ec1-a859-64d8-48d4-af442a39f6c2" testName="QueryPipes" computerName="pkrvmxyh4eaekms" duration="00:00:00.0000020" startTime="2025-06-24T21:13:51.5895820+00:00" endTime="2025-06-24T21:13:51.5895840+00:00" testType="13cdc9d9-ddb5-4fa4-a97d-d965ccfc6d4b" outcome="NotExecuted" testListId="8c84fa94-04c1-424b-9868-57a2d4851a1d" relativeResultsDirectory="b145e6eb-3559-4b9f-b855-d1bf2901d999">
      <Output>
        <StdOut>Test skipped because TestProjects.Spector.Tests.Http.Parameters.CollectionFormat.CollectionFormatParametersTests.QueryPipes is currently a stubbed implementation.</StdOut>
        <ErrorInfo>
          <Message>Test skipped because TestProjects.Spector.Tests.Http.Parameters.CollectionFormat.CollectionFormatParametersTests.QueryPipes is currently a stubbed implementation.</Message>
        </ErrorInfo>
      </Output>
    </UnitTestResult>
    <UnitTestResult executionId="b951a50d-dcf6-4cdc-a583-37351bea81a2" testId="ea93ada1-d851-38d7-e6ad-05dc7326d4da" testName="ExtendsStringGet" computerName="pkrvmxyh4eaekms" duration="00:00:00.0000020" startTime="2025-06-24T21:13:51.5414473+00:00" endTime="2025-06-24T21:13:51.5414494+00:00" testType="13cdc9d9-ddb5-4fa4-a97d-d965ccfc6d4b" outcome="NotExecuted" testListId="8c84fa94-04c1-424b-9868-57a2d4851a1d" relativeResultsDirectory="b951a50d-dcf6-4cdc-a583-37351bea81a2">
      <Output>
        <StdOut>Test skipped because TestProjects.Spector.Tests.Http._Type.Property.AdditionalProperties.AdditionalPropertiesTests.ExtendsStringGet is currently a stubbed implementation.</StdOut>
        <ErrorInfo>
          <Message>Test skipped because TestProjects.Spector.Tests.Http._Type.Property.AdditionalProperties.AdditionalPropertiesTests.ExtendsStringGet is currently a stubbed implementation.</Message>
        </ErrorInfo>
      </Output>
    </UnitTestResult>
    <UnitTestResult executionId="50b7419c-80b0-4415-be6a-fa76b033fef4" testId="243ea1eb-c348-0267-684c-044e251fb3a1" testName="StatusCodeNotFound" computerName="pkrvmxyh4eaekms" duration="00:00:00.0000030" startTime="2025-06-24T21:13:51.6252878+00:00" endTime="2025-06-24T21:13:51.6252907+00:00" testType="13cdc9d9-ddb5-4fa4-a97d-d965ccfc6d4b" outcome="NotExecuted" testListId="8c84fa94-04c1-424b-9868-57a2d4851a1d" relativeResultsDirectory="50b7419c-80b0-4415-be6a-fa76b033fef4">
      <Output>
        <StdOut>Test skipped because TestProjects.Spector.Tests.Http.Response.StatusCodeRange.StatusCodeRangeTests.StatusCodeNotFound is currently a stubbed implementation.</StdOut>
        <ErrorInfo>
          <Message>Test skipped because TestProjects.Spector.Tests.Http.Response.StatusCodeRange.StatusCodeRangeTests.StatusCodeNotFound is currently a stubbed implementation.</Message>
        </ErrorInfo>
      </Output>
    </UnitTestResult>
    <UnitTestResult executionId="ae160dc3-f509-49c0-8d9c-beed0e9ba706" testId="7929969f-2067-fdf9-d9da-bec5c1ca9f68" testName="EnumGet" computerName="pkrvmxyh4eaekms" duration="00:00:00.0000020" startTime="2025-06-24T21:13:51.5435456+00:00" endTime="2025-06-24T21:13:51.5435471+00:00" testType="13cdc9d9-ddb5-4fa4-a97d-d965ccfc6d4b" outcome="NotExecuted" testListId="8c84fa94-04c1-424b-9868-57a2d4851a1d" relativeResultsDirectory="ae160dc3-f509-49c0-8d9c-beed0e9ba706">
      <Output>
        <StdOut>Test skipped because TestProjects.Spector.Tests.Http._Type.Property.ValueTypes.ValueTypesTests.EnumGet is currently a stubbed implementation.</StdOut>
        <ErrorInfo>
          <Message>Test skipped because TestProjects.Spector.Tests.Http._Type.Property.ValueTypes.ValueTypesTests.EnumGet is currently a stubbed implementation.</Message>
        </ErrorInfo>
      </Output>
    </UnitTestResult>
    <UnitTestResult executionId="c4822944-d0f4-417b-b772-2062d4fa19c5" testId="127aa5d9-b5be-e3b4-9d4b-e44b3b7addf9" testName="RequestQueryResponseBodyConvenienceMethod" computerName="pkrvmxyh4eaekms" duration="00:00:00.0000020" startTime="2025-06-24T21:13:51.6244083+00:00" endTime="2025-06-24T21:13:51.6244105+00:00" testType="13cdc9d9-ddb5-4fa4-a97d-d965ccfc6d4b" outcome="NotExecuted" testListId="8c84fa94-04c1-424b-9868-57a2d4851a1d" relativeResultsDirectory="c4822944-d0f4-417b-b772-2062d4fa19c5">
      <Output>
        <StdOut>Test skipped because TestProjects.Spector.Tests.Http.Payload.Pageable.ContinuationTokenPaginationTests.RequestQueryResponseBodyConvenienceMethod is currently a stubbed implementation.</StdOut>
        <ErrorInfo>
          <Message>Test skipped because TestProjects.Spector.Tests.Http.Payload.Pageable.ContinuationTokenPaginationTests.RequestQueryResponseBodyConvenienceMethod is currently a stubbed implementation.</Message>
        </ErrorInfo>
      </Output>
    </UnitTestResult>
    <UnitTestResult executionId="5d414dbf-3665-4938-b4a4-74a44e33aa5a" testId="3be2305c-1fcd-69bb-4cb6-0f3765875678" testName="DatetimePatchNonNull" computerName="pkrvmxyh4eaekms" duration="00:00:00.0000010" startTime="2025-06-24T21:13:51.5426189+00:00" endTime="2025-06-24T21:13:51.5426203+00:00" testType="13cdc9d9-ddb5-4fa4-a97d-d965ccfc6d4b" outcome="NotExecuted" testListId="8c84fa94-04c1-424b-9868-57a2d4851a1d" relativeResultsDirectory="5d414dbf-3665-4938-b4a4-74a44e33aa5a">
      <Output>
        <StdOut>Test skipped because TestProjects.Spector.Tests.Http._Type.Property.Nullable.NullableTests.DatetimePatchNonNull is currently a stubbed implementation.</StdOut>
        <ErrorInfo>
          <Message>Test skipped because TestProjects.Spector.Tests.Http._Type.Property.Nullable.NullableTests.DatetimePatchNonNull is currently a stubbed implementation.</Message>
        </ErrorInfo>
      </Output>
    </UnitTestResult>
    <UnitTestResult executionId="d9663779-6432-4043-8e4c-04f8e726ea86" testId="822c0314-a6ca-19b6-168d-b33c64861d5a" testName="RoundTripWithModelReaderWriterJson" computerName="pkrvmxyh4eaekms" duration="00:00:00.0000010" startTime="2025-06-24T21:13:51.5422704+00:00" endTime="2025-06-24T21:13:51.5422718+00:00" testType="13cdc9d9-ddb5-4fa4-a97d-d965ccfc6d4b" outcome="NotExecuted" testListId="8c84fa94-04c1-424b-9868-57a2d4851a1d" relativeResultsDirectory="d9663779-6432-4043-8e4c-04f8e726ea86">
      <Output>
        <StdOut>Test skipped because TestProjects.Spector.Tests.Http._Type.Property.AdditionalProperties.MultipleSpreadRecordTests.RoundTripWithModelReaderWriterJson is currently a stubbed implementation.</StdOut>
        <ErrorInfo>
          <Message>Test skipped because TestProjects.Spector.Tests.Http._Type.Property.AdditionalProperties.MultipleSpreadRecordTests.RoundTripWithModelReaderWriterJson is currently a stubbed implementation.</Message>
        </ErrorInfo>
      </Output>
    </UnitTestResult>
    <UnitTestResult executionId="6e6270e2-235a-4c8b-8841-97b033dbde45" testId="c56ff070-7f72-8597-594d-286431f5693b" testName="DurationValueGet" computerName="pkrvmxyh4eaekms" duration="00:00:00.0000010" startTime="2025-06-24T21:13:51.5357791+00:00" endTime="2025-06-24T21:13:51.5357804+00:00" testType="13cdc9d9-ddb5-4fa4-a97d-d965ccfc6d4b" outcome="NotExecuted" testListId="8c84fa94-04c1-424b-9868-57a2d4851a1d" relativeResultsDirectory="6e6270e2-235a-4c8b-8841-97b033dbde45">
      <Output>
        <StdOut>Test skipped because TestProjects.Spector.Tests.Http._Type._Array.ArrayTests.DurationValueGet is currently a stubbed implementation.</StdOut>
        <ErrorInfo>
          <Message>Test skipped because TestProjects.Spector.Tests.Http._Type._Array.ArrayTests.DurationValueGet is currently a stubbed implementation.</Message>
        </ErrorInfo>
      </Output>
    </UnitTestResult>
    <UnitTestResult executionId="d4e29d41-29b3-4b4f-a036-8a98a2fe89c1" testId="bb86d477-a493-9444-8177-6c4f694b9cb1" testName="AddOptionalParamFromOneOptional_V1Client_V2Service_WithApiVersionV1" computerName="pkrvmxyh4eaekms" duration="00:00:00.0000020" startTime="2025-06-24T21:13:51.6248406+00:00" endTime="2025-06-24T21:13:51.6248427+00:00" testType="13cdc9d9-ddb5-4fa4-a97d-d965ccfc6d4b" outcome="NotExecuted" testListId="8c84fa94-04c1-424b-9868-57a2d4851a1d" relativeResultsDirectory="d4e29d41-29b3-4b4f-a036-8a98a2fe89c1">
      <Output>
        <StdOut>Test skipped because TestProjects.Spector.Tests.Http.Resiliency.SrvDriven.V1.SrvDrivenV1Tests.AddOptionalParamFromOneOptional_V1Client_V2Service_WithApiVersionV1 is currently a stubbed implementation.</StdOut>
        <ErrorInfo>
          <Message>Test skipped because TestProjects.Spector.Tests.Http.Resiliency.SrvDriven.V1.SrvDrivenV1Tests.AddOptionalParamFromOneOptional_V1Client_V2Service_WithApiVersionV1 is currently a stubbed implementation.</Message>
        </ErrorInfo>
      </Output>
    </UnitTestResult>
    <UnitTestResult executionId="84ebb295-5fe6-4c93-bdd1-13bdaab3c348" testId="04cde281-0eb7-6ef3-1c71-352937db45e4" testName="SpreadRecordNonDiscriminatedUnionGet" computerName="pkrvmxyh4eaekms" duration="00:00:00.0000020" startTime="2025-06-24T21:13:51.5417122+00:00" endTime="2025-06-24T21:13:51.5417139+00:00" testType="13cdc9d9-ddb5-4fa4-a97d-d965ccfc6d4b" outcome="NotExecuted" testListId="8c84fa94-04c1-424b-9868-57a2d4851a1d" relativeResultsDirectory="84ebb295-5fe6-4c93-bdd1-13bdaab3c348">
      <Output>
        <StdOut>Test skipped because TestProjects.Spector.Tests.Http._Type.Property.AdditionalProperties.AdditionalPropertiesTests.SpreadRecordNonDiscriminatedUnionGet is currently a stubbed implementation.</StdOut>
        <ErrorInfo>
          <Message>Test skipped because TestProjects.Spector.Tests.Http._Type.Property.AdditionalProperties.AdditionalPropertiesTests.SpreadRecordNonDiscriminatedUnionGet is currently a stubbed implementation.</Message>
        </ErrorInfo>
      </Output>
    </UnitTestResult>
    <UnitTestResult executionId="f8aa5934-ee16-4141-9372-5e488c66e813" testId="efe4b932-301f-4af1-81a1-3f8276fdd816" testName="SpreadRecordNonDiscriminatedUnion2Put" computerName="pkrvmxyh4eaekms" duration="00:00:00.0000020" startTime="2025-06-24T21:13:51.5417038+00:00" endTime="2025-06-24T21:13:51.5417059+00:00" testType="13cdc9d9-ddb5-4fa4-a97d-d965ccfc6d4b" outcome="NotExecuted" testListId="8c84fa94-04c1-424b-9868-57a2d4851a1d" relativeResultsDirectory="f8aa5934-ee16-4141-9372-5e488c66e813">
      <Output>
        <StdOut>Test skipped because TestProjects.Spector.Tests.Http._Type.Property.AdditionalProperties.AdditionalPropertiesTests.SpreadRecordNonDiscriminatedUnion2Put is currently a stubbed implementation.</StdOut>
        <ErrorInfo>
          <Message>Test skipped because TestProjects.Spector.Tests.Http._Type.Property.AdditionalProperties.AdditionalPropertiesTests.SpreadRecordNonDiscriminatedUnion2Put is currently a stubbed implementation.</Message>
        </ErrorInfo>
      </Output>
    </UnitTestResult>
    <UnitTestResult executionId="174a4333-eb9c-4ac0-a281-6f130e4b6a0a" testId="19384039-9d8f-f628-9fee-6169f30160f7" testName="CollectionsModelGetDefault" computerName="pkrvmxyh4eaekms" duration="00:00:00.0000010" startTime="2025-06-24T21:13:51.5429121+00:00" endTime="2025-06-24T21:13:51.5429134+00:00" testType="13cdc9d9-ddb5-4fa4-a97d-d965ccfc6d4b" outcome="NotExecuted" testListId="8c84fa94-04c1-424b-9868-57a2d4851a1d" relativeResultsDirectory="174a4333-eb9c-4ac0-a281-6f130e4b6a0a">
      <Output>
        <StdOut>Test skipped because TestProjects.Spector.Tests.Http._Type.Property.Optionality.OptionalityTests.CollectionsModelGetDefault is currently a stubbed implementation.</StdOut>
        <ErrorInfo>
          <Message>Test skipped because TestProjects.Spector.Tests.Http._Type.Property.Optionality.OptionalityTests.CollectionsModelGetDefault is currently a stubbed implementation.</Message>
        </ErrorInfo>
      </Output>
    </UnitTestResult>
    <UnitTestResult executionId="ace9c77c-1059-4611-81af-05ef7b283892" testId="a3d42ba6-8091-0d31-6ac2-04b70c444067" testName="RenamedOne" computerName="pkrvmxyh4eaekms" duration="00:00:00.0000020" startTime="2025-06-24T21:13:51.5691428+00:00" endTime="2025-06-24T21:13:51.5691445+00:00" testType="13cdc9d9-ddb5-4fa4-a97d-d965ccfc6d4b" outcome="NotExecuted" testListId="8c84fa94-04c1-424b-9868-57a2d4851a1d" relativeResultsDirectory="ace9c77c-1059-4611-81af-05ef7b283892">
      <Output>
        <StdOut>Test skipped because TestProjects.Spector.Tests.Http.Client.Structure.RenamedOperation.RenamedOperationTests.RenamedOne is currently a stubbed implementation.</StdOut>
        <ErrorInfo>
          <Message>Test skipped because TestProjects.Spector.Tests.Http.Client.Structure.RenamedOperation.RenamedOperationTests.RenamedOne is currently a stubbed implementation.</Message>
        </ErrorInfo>
      </Output>
    </UnitTestResult>
    <UnitTestResult executionId="ba1b317b-a6ff-4861-bd32-9e1e19f52827" testId="1d4762e5-6da6-a395-fe19-3ac609bb2b6f" testName="BytesPutAll" computerName="pkrvmxyh4eaekms" duration="00:00:00.0000020" startTime="2025-06-24T21:13:51.5428630+00:00" endTime="2025-06-24T21:13:51.5428653+00:00" testType="13cdc9d9-ddb5-4fa4-a97d-d965ccfc6d4b" outcome="NotExecuted" testListId="8c84fa94-04c1-424b-9868-57a2d4851a1d" relativeResultsDirectory="ba1b317b-a6ff-4861-bd32-9e1e19f52827">
      <Output>
        <StdOut>Test skipped because TestProjects.Spector.Tests.Http._Type.Property.Optionality.OptionalityTests.BytesPutAll is currently a stubbed implementation.</StdOut>
        <ErrorInfo>
          <Message>Test skipped because TestProjects.Spector.Tests.Http._Type.Property.Optionality.OptionalityTests.BytesPutAll is currently a stubbed implementation.</Message>
        </ErrorInfo>
      </Output>
    </UnitTestResult>
    <UnitTestResult executionId="9ac4a0d1-d65e-4d03-966c-af86c3e2aedf" testId="7ab5e04b-c54c-96ac-3762-2c7f66ac4661" testName="HeaderInt32Seconds" computerName="pkrvmxyh4eaekms" duration="00:00:00.0000040" startTime="2025-06-24T21:13:51.5885749+00:00" endTime="2025-06-24T21:13:51.5885789+00:00" testType="13cdc9d9-ddb5-4fa4-a97d-d965ccfc6d4b" outcome="NotExecuted" testListId="8c84fa94-04c1-424b-9868-57a2d4851a1d" relativeResultsDirectory="9ac4a0d1-d65e-4d03-966c-af86c3e2aedf">
      <Output>
        <StdOut>Test skipped because TestProjects.Spector.Tests.Http.Encode.Duration.EncodeDurationTests.HeaderInt32Seconds is currently a stubbed implementation.</StdOut>
        <ErrorInfo>
          <Message>Test skipped because TestProjects.Spector.Tests.Http.Encode.Duration.EncodeDurationTests.HeaderInt32Seconds is currently a stubbed implementation.</Message>
        </ErrorInfo>
      </Output>
    </UnitTestResult>
    <UnitTestResult executionId="631391a0-1161-4869-b2a1-3231dfa318a5" testId="fb80423e-b271-1823-8b6c-e20e7db77869" testName="ParametersWithLambdaAsync" computerName="pkrvmxyh4eaekms" duration="00:00:00.0000020" startTime="2025-06-24T21:13:51.6332108+00:00" endTime="2025-06-24T21:13:51.6332129+00:00" testType="13cdc9d9-ddb5-4fa4-a97d-d965ccfc6d4b" outcome="NotExecuted" testListId="8c84fa94-04c1-424b-9868-57a2d4851a1d" relativeResultsDirectory="631391a0-1161-4869-b2a1-3231dfa318a5">
      <Output>
        <StdOut>Test skipped because TestProjects.Spector.Tests.Http.SpecialWords.SpecialWordsTests.ParametersWithLambdaAsync is currently a stubbed implementation.</StdOut>
        <ErrorInfo>
          <Message>Test skipped because TestProjects.Spector.Tests.Http.SpecialWords.SpecialWordsTests.ParametersWithLambdaAsync is currently a stubbed implementation.</Message>
        </ErrorInfo>
      </Output>
    </UnitTestResult>
    <UnitTestResult executionId="7d8d4919-8e0b-4dca-8a23-917b1f0de7a9" testId="538e4bb7-e3aa-2dbf-e82b-524177d005e1" testName="RoundTripWithJsonInterfaceOfTWire" computerName="pkrvmxyh4eaekms" duration="00:00:00.0000010" startTime="2025-06-24T21:13:51.5421994+00:00" endTime="2025-06-24T21:13:51.5422008+00:00" testType="13cdc9d9-ddb5-4fa4-a97d-d965ccfc6d4b" outcome="NotExecuted" testListId="8c84fa94-04c1-424b-9868-57a2d4851a1d" relativeResultsDirectory="7d8d4919-8e0b-4dca-8a23-917b1f0de7a9">
      <Output>
        <StdOut>Test skipped because TestProjects.Spector.Tests.Http._Type.Property.AdditionalProperties.MultipleSpreadRecordTests.RoundTripWithJsonInterfaceOfTWire is currently a stubbed implementation.</StdOut>
        <ErrorInfo>
          <Message>Test skipped because TestProjects.Spector.Tests.Http._Type.Property.AdditionalProperties.MultipleSpreadRecordTests.RoundTripWithJsonInterfaceOfTWire is currently a stubbed implementation.</Message>
        </ErrorInfo>
      </Output>
    </UnitTestResult>
    <UnitTestResult executionId="0dac28db-ff0f-4d4b-8d89-f166e5928826" testId="232965ff-d930-6802-722e-9ba1c58e44b2" testName="RoundTripWithJsonInterfaceOfTJson" computerName="pkrvmxyh4eaekms" duration="00:00:00.0000020" startTime="2025-06-24T21:13:51.5405444+00:00" endTime="2025-06-24T21:13:51.5405464+00:00" testType="13cdc9d9-ddb5-4fa4-a97d-d965ccfc6d4b" outcome="NotExecuted" testListId="8c84fa94-04c1-424b-9868-57a2d4851a1d" relativeResultsDirectory="0dac28db-ff0f-4d4b-8d89-f166e5928826">
      <Output>
        <StdOut>Test skipped because TestProjects.Spector.Tests.Http._Type.Model.Inheritance.SingleDiscriminator.EagleTests.RoundTripWithJsonInterfaceOfTJson is currently a stubbed implementation.</StdOut>
        <ErrorInfo>
          <Message>Test skipped because TestProjects.Spector.Tests.Http._Type.Model.Inheritance.SingleDiscriminator.EagleTests.RoundTripWithJsonInterfaceOfTJson is currently a stubbed implementation.</Message>
        </ErrorInfo>
      </Output>
    </UnitTestResult>
    <UnitTestResult executionId="0495298f-e1f4-4cdb-be3e-325c75bee9cc" testId="fa122a36-8318-ea40-d4d3-31cb2ef31e8e" testName="ParametersWithGlobalAsync" computerName="pkrvmxyh4eaekms" duration="00:00:00.0000020" startTime="2025-06-24T21:13:51.6331677+00:00" endTime="2025-06-24T21:13:51.6331698+00:00" testType="13cdc9d9-ddb5-4fa4-a97d-d965ccfc6d4b" outcome="NotExecuted" testListId="8c84fa94-04c1-424b-9868-57a2d4851a1d" relativeResultsDirectory="0495298f-e1f4-4cdb-be3e-325c75bee9cc">
      <Output>
        <StdOut>Test skipped because TestProjects.Spector.Tests.Http.SpecialWords.SpecialWordsTests.ParametersWithGlobalAsync is currently a stubbed implementation.</StdOut>
        <ErrorInfo>
          <Message>Test skipped because TestProjects.Spector.Tests.Http.SpecialWords.SpecialWordsTests.ParametersWithGlobalAsync is currently a stubbed implementation.</Message>
        </ErrorInfo>
      </Output>
    </UnitTestResult>
    <UnitTestResult executionId="8ab6f916-1a59-4c05-b591-97f4a33e57fc" testId="b2e75b58-7f3d-8fcc-bf76-7626f64109ac" testName="QuerySsv" computerName="pkrvmxyh4eaekms" duration="00:00:00.0000020" startTime="2025-06-24T21:13:51.5895902+00:00" endTime="2025-06-24T21:13:51.5895923+00:00" testType="13cdc9d9-ddb5-4fa4-a97d-d965ccfc6d4b" outcome="NotExecuted" testListId="8c84fa94-04c1-424b-9868-57a2d4851a1d" relativeResultsDirectory="8ab6f916-1a59-4c05-b591-97f4a33e57fc">
      <Output>
        <StdOut>Test skipped because TestProjects.Spector.Tests.Http.Parameters.CollectionFormat.CollectionFormatParametersTests.QuerySsv is currently a stubbed implementation.</StdOut>
        <ErrorInfo>
          <Message>Test skipped because TestProjects.Spector.Tests.Http.Parameters.CollectionFormat.CollectionFormatParametersTests.QuerySsv is currently a stubbed implementation.</Message>
        </ErrorInfo>
      </Output>
    </UnitTestResult>
    <UnitTestResult executionId="669246f4-ea9e-4260-9850-e68c0d0f8342" testId="c33215a8-8e06-8c77-b310-241bf335385a" testName="OperationsContinueAsync" computerName="pkrvmxyh4eaekms" duration="00:00:00.0000020" startTime="2025-06-24T21:13:51.6327667+00:00" endTime="2025-06-24T21:13:51.6327691+00:00" testType="13cdc9d9-ddb5-4fa4-a97d-d965ccfc6d4b" outcome="NotExecuted" testListId="8c84fa94-04c1-424b-9868-57a2d4851a1d" relativeResultsDirectory="669246f4-ea9e-4260-9850-e68c0d0f8342">
      <Output>
        <StdOut>Test skipped because TestProjects.Spector.Tests.Http.SpecialWords.SpecialWordsTests.OperationsContinueAsync is currently a stubbed implementation.</StdOut>
        <ErrorInfo>
          <Message>Test skipped because TestProjects.Spector.Tests.Http.SpecialWords.SpecialWordsTests.OperationsContinueAsync is currently a stubbed implementation.</Message>
        </ErrorInfo>
      </Output>
    </UnitTestResult>
    <UnitTestResult executionId="2b211d88-e9f4-491d-92e2-92c6753c60e9" testId="68660fcd-c696-ba66-0b11-22dd75aa8422" testName="Alias_SpreadWithModel" computerName="pkrvmxyh4eaekms" duration="00:00:00.0000020" startTime="2025-06-24T21:13:51.6007687+00:00" endTime="2025-06-24T21:13:51.6007704+00:00" testType="13cdc9d9-ddb5-4fa4-a97d-d965ccfc6d4b" outcome="NotExecuted" testListId="8c84fa94-04c1-424b-9868-57a2d4851a1d" relativeResultsDirectory="2b211d88-e9f4-491d-92e2-92c6753c60e9">
      <Output>
        <StdOut>Test skipped because TestProjects.Spector.Tests.Http.Parameters.Spread.SpreadTests.Alias_SpreadWithModel is currently a stubbed implementation.</StdOut>
        <ErrorInfo>
          <Message>Test skipped because TestProjects.Spector.Tests.Http.Parameters.Spread.SpreadTests.Alias_SpreadWithModel is currently a stubbed implementation.</Message>
        </ErrorInfo>
      </Output>
    </UnitTestResult>
    <UnitTestResult executionId="6e529a6d-9b96-4e8c-95cb-842549ec7cc4" testId="db4d6004-ea60-af95-d4d9-4ea882d43d5f" testName="ModelsWithReturnAsync" computerName="pkrvmxyh4eaekms" duration="00:00:00.0000020" startTime="2025-06-24T21:13:51.6326455+00:00" endTime="2025-06-24T21:13:51.6326476+00:00" testType="13cdc9d9-ddb5-4fa4-a97d-d965ccfc6d4b" outcome="NotExecuted" testListId="8c84fa94-04c1-424b-9868-57a2d4851a1d" relativeResultsDirectory="6e529a6d-9b96-4e8c-95cb-842549ec7cc4">
      <Output>
        <StdOut>Test skipped because TestProjects.Spector.Tests.Http.SpecialWords.SpecialWordsTests.ModelsWithReturnAsync is currently a stubbed implementation.</StdOut>
        <ErrorInfo>
          <Message>Test skipped because TestProjects.Spector.Tests.Http.SpecialWords.SpecialWordsTests.ModelsWithReturnAsync is currently a stubbed implementation.</Message>
        </ErrorInfo>
      </Output>
    </UnitTestResult>
    <UnitTestResult executionId="2f95fa99-be71-405a-b2ba-a136cdcd3356" testId="a64c313b-d875-eef9-f393-ee255a8c8579" testName="RoundTripWithJsonInterfaceUtf8ReaderNonGenericWire" computerName="pkrvmxyh4eaekms" duration="00:00:00.0000010" startTime="2025-06-24T21:13:51.5422169+00:00" endTime="2025-06-24T21:13:51.5422183+00:00" testType="13cdc9d9-ddb5-4fa4-a97d-d965ccfc6d4b" outcome="NotExecuted" testListId="8c84fa94-04c1-424b-9868-57a2d4851a1d" relativeResultsDirectory="2f95fa99-be71-405a-b2ba-a136cdcd3356">
      <Output>
        <StdOut>Test skipped because TestProjects.Spector.Tests.Http._Type.Property.AdditionalProperties.MultipleSpreadRecordTests.RoundTripWithJsonInterfaceUtf8ReaderNonGenericWire is currently a stubbed implementation.</StdOut>
        <ErrorInfo>
          <Message>Test skipped because TestProjects.Spector.Tests.Http._Type.Property.AdditionalProperties.MultipleSpreadRecordTests.RoundTripWithJsonInterfaceUtf8ReaderNonGenericWire is currently a stubbed implementation.</Message>
        </ErrorInfo>
      </Output>
    </UnitTestResult>
    <UnitTestResult executionId="eba2f02e-f0ef-43a1-bb37-1e5a0ded3865" testId="248eee01-5041-973c-0ab4-c150bf9e6c7e" testName="UnionFloatLiteralPutDefault" computerName="pkrvmxyh4eaekms" duration="00:00:00.0000010" startTime="2025-06-24T21:13:51.5431822+00:00" endTime="2025-06-24T21:13:51.5431835+00:00" testType="13cdc9d9-ddb5-4fa4-a97d-d965ccfc6d4b" outcome="NotExecuted" testListId="8c84fa94-04c1-424b-9868-57a2d4851a1d" relativeResultsDirectory="eba2f02e-f0ef-43a1-bb37-1e5a0ded3865">
      <Output>
        <StdOut>Test skipped because TestProjects.Spector.Tests.Http._Type.Property.Optionality.OptionalityTests.UnionFloatLiteralPutDefault is currently a stubbed implementation.</StdOut>
        <ErrorInfo>
          <Message>Test skipped because TestProjects.Spector.Tests.Http._Type.Property.Optionality.OptionalityTests.UnionFloatLiteralPutDefault is currently a stubbed implementation.</Message>
        </ErrorInfo>
      </Output>
    </UnitTestResult>
    <UnitTestResult executionId="09172599-db01-4404-b8fa-39dcad787335" testId="88649245-478d-0cbb-f88c-020cf163700c" testName="CollectionsModelPatchNonNull" computerName="pkrvmxyh4eaekms" duration="00:00:00.0000010" startTime="2025-06-24T21:13:51.5425628+00:00" endTime="2025-06-24T21:13:51.5425639+00:00" testType="13cdc9d9-ddb5-4fa4-a97d-d965ccfc6d4b" outcome="NotExecuted" testListId="8c84fa94-04c1-424b-9868-57a2d4851a1d" relativeResultsDirectory="09172599-db01-4404-b8fa-39dcad787335">
      <Output>
        <StdOut>Test skipped because TestProjects.Spector.Tests.Http._Type.Property.Nullable.NullableTests.CollectionsModelPatchNonNull is currently a stubbed implementation.</StdOut>
        <ErrorInfo>
          <Message>Test skipped because TestProjects.Spector.Tests.Http._Type.Property.Nullable.NullableTests.CollectionsModelPatchNonNull is currently a stubbed implementation.</Message>
        </ErrorInfo>
      </Output>
    </UnitTestResult>
    <UnitTestResult executionId="e4b1807c-4e0e-4ebe-bce4-6a4bae788941" testId="8de9a9dc-1e63-f5cb-590f-d4ff669449cb" testName="IsFloatPut" computerName="pkrvmxyh4eaekms" duration="00:00:00.0000010" startTime="2025-06-24T21:13:51.5415044+00:00" endTime="2025-06-24T21:13:51.5415058+00:00" testType="13cdc9d9-ddb5-4fa4-a97d-d965ccfc6d4b" outcome="NotExecuted" testListId="8c84fa94-04c1-424b-9868-57a2d4851a1d" relativeResultsDirectory="e4b1807c-4e0e-4ebe-bce4-6a4bae788941">
      <Output>
        <StdOut>Test skipped because TestProjects.Spector.Tests.Http._Type.Property.AdditionalProperties.AdditionalPropertiesTests.IsFloatPut is currently a stubbed implementation.</StdOut>
        <ErrorInfo>
          <Message>Test skipped because TestProjects.Spector.Tests.Http._Type.Property.AdditionalProperties.AdditionalPropertiesTests.IsFloatPut is currently a stubbed implementation.</Message>
        </ErrorInfo>
      </Output>
    </UnitTestResult>
    <UnitTestResult executionId="b990a1f9-140a-4f07-9113-6b2b4535e72b" testId="89976b87-70f9-fca1-e2cd-6691b4628a39" testName="AddOptionalParamFromOneRequired_WithApiVersionV2" computerName="pkrvmxyh4eaekms" duration="00:00:00.0000020" startTime="2025-06-24T21:13:51.6250809+00:00" endTime="2025-06-24T21:13:51.6250828+00:00" testType="13cdc9d9-ddb5-4fa4-a97d-d965ccfc6d4b" outcome="NotExecuted" testListId="8c84fa94-04c1-424b-9868-57a2d4851a1d" relativeResultsDirectory="b990a1f9-140a-4f07-9113-6b2b4535e72b">
      <Output>
        <StdOut>Test skipped because TestProjects.Spector.Tests.Http.Resiliency.SrvDriven.V2.SrvDrivenV2Tests.AddOptionalParamFromOneRequired_WithApiVersionV2 is currently a stubbed implementation.</StdOut>
        <ErrorInfo>
          <Message>Test skipped because TestProjects.Spector.Tests.Http.Resiliency.SrvDriven.V2.SrvDrivenV2Tests.AddOptionalParamFromOneRequired_WithApiVersionV2 is currently a stubbed implementation.</Message>
        </ErrorInfo>
      </Output>
    </UnitTestResult>
    <UnitTestResult executionId="611e938f-b585-4d9e-b6a6-07249c5e9549" testId="e3a7ed5d-9798-22cb-4eae-dcd99f1ece7e" testName="ParametersWithDefAsync" computerName="pkrvmxyh4eaekms" duration="00:00:00.0000020" startTime="2025-06-24T21:13:51.6330794+00:00" endTime="2025-06-24T21:13:51.6330816+00:00" testType="13cdc9d9-ddb5-4fa4-a97d-d965ccfc6d4b" outcome="NotExecuted" testListId="8c84fa94-04c1-424b-9868-57a2d4851a1d" relativeResultsDirectory="611e938f-b585-4d9e-b6a6-07249c5e9549">
      <Output>
        <StdOut>Test skipped because TestProjects.Spector.Tests.Http.SpecialWords.SpecialWordsTests.ParametersWithDefAsync is currently a stubbed implementation.</StdOut>
        <ErrorInfo>
          <Message>Test skipped because TestProjects.Spector.Tests.Http.SpecialWords.SpecialWordsTests.ParametersWithDefAsync is currently a stubbed implementation.</Message>
        </ErrorInfo>
      </Output>
    </UnitTestResult>
    <UnitTestResult executionId="e7b3d318-e514-459c-be94-3c0ee961f0c0" testId="0fcd6ed2-9b82-b675-1d9d-a2c6210977c6" testName="QueryDefault" computerName="pkrvmxyh4eaekms" duration="00:00:00.0138490" startTime="2025-06-24T21:13:51.5740544+00:00" endTime="2025-06-24T21:13:51.5879038+00:00" testType="13cdc9d9-ddb5-4fa4-a97d-d965ccfc6d4b" outcome="Failed" testListId="8c84fa94-04c1-424b-9868-57a2d4851a1d" relativeResultsDirectory="e7b3d318-e514-459c-be94-3c0ee961f0c0">
      <Output>
        <ErrorInfo>
          <Message>OneTimeSetUp: System.InvalidOperationException : Cannot find 'node_modules' in parent directories of /home/runner/work/typespec/typespec/packages/http-client-csharp/generator/artifacts/bin/TestProjects.Spector.Tests/Debug/net8.0/TestProjects.Spector.Tests.dll.</Message>
          <StackTrace>
</StackTrace>
        </ErrorInfo>
      </Output>
    </UnitTestResult>
    <UnitTestResult executionId="8fcdde3f-a1fe-49e7-b0e3-88f1de1bb777" testId="7dd1b4fc-cb90-9ed0-99c7-97b1e573137e" testName="SpreadModelArrayGet" computerName="pkrvmxyh4eaekms" duration="00:00:00.0000010" startTime="2025-06-24T21:13:51.5416682+00:00" endTime="2025-06-24T21:13:51.5416695+00:00" testType="13cdc9d9-ddb5-4fa4-a97d-d965ccfc6d4b" outcome="NotExecuted" testListId="8c84fa94-04c1-424b-9868-57a2d4851a1d" relativeResultsDirectory="8fcdde3f-a1fe-49e7-b0e3-88f1de1bb777">
      <Output>
        <StdOut>Test skipped because TestProjects.Spector.Tests.Http._Type.Property.AdditionalProperties.AdditionalPropertiesTests.SpreadModelArrayGet is currently a stubbed implementation.</StdOut>
        <ErrorInfo>
          <Message>Test skipped because TestProjects.Spector.Tests.Http._Type.Property.AdditionalProperties.AdditionalPropertiesTests.SpreadModelArrayGet is currently a stubbed implementation.</Message>
        </ErrorInfo>
      </Output>
    </UnitTestResult>
    <UnitTestResult executionId="69332c87-2bbc-4620-be1e-7294a4283f66" testId="1d923a8f-b16f-5d0e-1a9f-33316463ba7a" testName="PutUnknownValue" computerName="pkrvmxyh4eaekms" duration="00:00:00.0000010" startTime="2025-06-24T21:13:51.5387566+00:00" endTime="2025-06-24T21:13:51.5387578+00:00" testType="13cdc9d9-ddb5-4fa4-a97d-d965ccfc6d4b" outcome="NotExecuted" testListId="8c84fa94-04c1-424b-9868-57a2d4851a1d" relativeResultsDirectory="69332c87-2bbc-4620-be1e-7294a4283f66">
      <Output>
        <StdOut>Test skipped because TestProjects.Spector.Tests.Http._Type._Enum.Extensible.ExtensibleTests.PutUnknownValue is currently a stubbed implementation.</StdOut>
        <ErrorInfo>
          <Message>Test skipped because TestProjects.Spector.Tests.Http._Type._Enum.Extensible.ExtensibleTests.PutUnknownValue is currently a stubbed implementation.</Message>
        </ErrorInfo>
      </Output>
    </UnitTestResult>
    <UnitTestResult executionId="720c89f5-7360-48d1-af37-77654e7f2d6f" testId="b38c6e42-c862-a4ea-16f2-21bf6715fba7" testName="RenamedTwo" computerName="pkrvmxyh4eaekms" duration="00:00:00.0000020" startTime="2025-06-24T21:13:51.5691676+00:00" endTime="2025-06-24T21:13:51.5691698+00:00" testType="13cdc9d9-ddb5-4fa4-a97d-d965ccfc6d4b" outcome="NotExecuted" testListId="8c84fa94-04c1-424b-9868-57a2d4851a1d" relativeResultsDirectory="720c89f5-7360-48d1-af37-77654e7f2d6f">
      <Output>
        <StdOut>Test skipped because TestProjects.Spector.Tests.Http.Client.Structure.RenamedOperation.RenamedOperationTests.RenamedTwo is currently a stubbed implementation.</StdOut>
        <ErrorInfo>
          <Message>Test skipped because TestProjects.Spector.Tests.Http.Client.Structure.RenamedOperation.RenamedOperationTests.RenamedTwo is currently a stubbed implementation.</Message>
        </ErrorInfo>
      </Output>
    </UnitTestResult>
    <UnitTestResult executionId="ca803d73-5339-4436-9ff6-53c4bd6034e5" testId="23c51d33-06d3-70ac-fc99-d3c1fe1bb6a4" testName="Client_Structure_default_Seven" computerName="pkrvmxyh4eaekms" duration="00:00:00.0000020" startTime="2025-06-24T21:13:51.5660097+00:00" endTime="2025-06-24T21:13:51.5660114+00:00" testType="13cdc9d9-ddb5-4fa4-a97d-d965ccfc6d4b" outcome="NotExecuted" testListId="8c84fa94-04c1-424b-9868-57a2d4851a1d" relativeResultsDirectory="ca803d73-5339-4436-9ff6-53c4bd6034e5">
      <Output>
        <StdOut>Test skipped because TestProjects.Spector.Tests.Http.Client.Structure.Default.DefaultTests.Client_Structure_default_Seven is currently a stubbed implementation.</StdOut>
        <ErrorInfo>
          <Message>Test skipped because TestProjects.Spector.Tests.Http.Client.Structure.Default.DefaultTests.Client_Structure_default_Seven is currently a stubbed implementation.</Message>
        </ErrorInfo>
      </Output>
    </UnitTestResult>
    <UnitTestResult executionId="977dcdb3-dda1-4c09-9548-2205be72236f" testId="acd3f14e-c2f1-9372-1787-7ec1b567d54c" testName="StringGetNonNull" computerName="pkrvmxyh4eaekms" duration="00:00:00.0000010" startTime="2025-06-24T21:13:51.5426479+00:00" endTime="2025-06-24T21:13:51.5426491+00:00" testType="13cdc9d9-ddb5-4fa4-a97d-d965ccfc6d4b" outcome="NotExecuted" testListId="8c84fa94-04c1-424b-9868-57a2d4851a1d" relativeResultsDirectory="977dcdb3-dda1-4c09-9548-2205be72236f">
      <Output>
        <StdOut>Test skipped because TestProjects.Spector.Tests.Http._Type.Property.Nullable.NullableTests.StringGetNonNull is currently a stubbed implementation.</StdOut>
        <ErrorInfo>
          <Message>Test skipped because TestProjects.Spector.Tests.Http._Type.Property.Nullable.NullableTests.StringGetNonNull is currently a stubbed implementation.</Message>
        </ErrorInfo>
      </Output>
    </UnitTestResult>
    <UnitTestResult executionId="c987c6e5-d958-4af8-bc77-473852632547" testId="e1e5ccc1-97cf-fd3a-c2fc-066c50779444" testName="PropertyFloat64Seconds" computerName="pkrvmxyh4eaekms" duration="00:00:00.0000020" startTime="2025-06-24T21:13:51.5886232+00:00" endTime="2025-06-24T21:13:51.5886255+00:00" testType="13cdc9d9-ddb5-4fa4-a97d-d965ccfc6d4b" outcome="NotExecuted" testListId="8c84fa94-04c1-424b-9868-57a2d4851a1d" relativeResultsDirectory="c987c6e5-d958-4af8-bc77-473852632547">
      <Output>
        <StdOut>Test skipped because TestProjects.Spector.Tests.Http.Encode.Duration.EncodeDurationTests.PropertyFloat64Seconds is currently a stubbed implementation.</StdOut>
        <ErrorInfo>
          <Message>Test skipped because TestProjects.Spector.Tests.Http.Encode.Duration.EncodeDurationTests.PropertyFloat64Seconds is currently a stubbed implementation.</Message>
        </ErrorInfo>
      </Output>
    </UnitTestResult>
    <UnitTestResult executionId="c276f5ce-2274-42bd-bc43-7be40b78d5aa" testId="c575082e-5cd2-48d3-bb3d-abb600a9fc4e" testName="ModelsWithTryAsync" computerName="pkrvmxyh4eaekms" duration="00:00:00.0000020" startTime="2025-06-24T21:13:51.6326545+00:00" endTime="2025-06-24T21:13:51.6326562+00:00" testType="13cdc9d9-ddb5-4fa4-a97d-d965ccfc6d4b" outcome="NotExecuted" testListId="8c84fa94-04c1-424b-9868-57a2d4851a1d" relativeResultsDirectory="c276f5ce-2274-42bd-bc43-7be40b78d5aa">
      <Output>
        <StdOut>Test skipped because TestProjects.Spector.Tests.Http.SpecialWords.SpecialWordsTests.ModelsWithTryAsync is currently a stubbed implementation.</StdOut>
        <ErrorInfo>
          <Message>Test skipped because TestProjects.Spector.Tests.Http.SpecialWords.SpecialWordsTests.ModelsWithTryAsync is currently a stubbed implementation.</Message>
        </ErrorInfo>
      </Output>
    </UnitTestResult>
    <UnitTestResult executionId="8477fbac-5478-40f8-bd06-63a978e1ae3a" testId="3ea7ba45-fdda-334f-96dd-cf9ac56b0da0" testName="DurationPut" computerName="pkrvmxyh4eaekms" duration="00:00:00.0000020" startTime="2025-06-24T21:13:51.5435397+00:00" endTime="2025-06-24T21:13:51.5435413+00:00" testType="13cdc9d9-ddb5-4fa4-a97d-d965ccfc6d4b" outcome="NotExecuted" testListId="8c84fa94-04c1-424b-9868-57a2d4851a1d" relativeResultsDirectory="8477fbac-5478-40f8-bd06-63a978e1ae3a">
      <Output>
        <StdOut>Test skipped because TestProjects.Spector.Tests.Http._Type.Property.ValueTypes.ValueTypesTests.DurationPut is currently a stubbed implementation.</StdOut>
        <ErrorInfo>
          <Message>Test skipped because TestProjects.Spector.Tests.Http._Type.Property.ValueTypes.ValueTypesTests.DurationPut is currently a stubbed implementation.</Message>
        </ErrorInfo>
      </Output>
    </UnitTestResult>
    <UnitTestResult executionId="0e0a7f11-9f3c-4d14-ab25-c06638c77080" testId="65eee8a6-2b61-ec37-98c0-a15a9c9bcb58" testName="CollectionsBytePutDefault" computerName="pkrvmxyh4eaekms" duration="00:00:00.0000010" startTime="2025-06-24T21:13:51.5429011+00:00" endTime="2025-06-24T21:13:51.5429023+00:00" testType="13cdc9d9-ddb5-4fa4-a97d-d965ccfc6d4b" outcome="NotExecuted" testListId="8c84fa94-04c1-424b-9868-57a2d4851a1d" relativeResultsDirectory="0e0a7f11-9f3c-4d14-ab25-c06638c77080">
      <Output>
        <StdOut>Test skipped because TestProjects.Spector.Tests.Http._Type.Property.Optionality.OptionalityTests.CollectionsBytePutDefault is currently a stubbed implementation.</StdOut>
        <ErrorInfo>
          <Message>Test skipped because TestProjects.Spector.Tests.Http._Type.Property.Optionality.OptionalityTests.CollectionsBytePutDefault is currently a stubbed implementation.</Message>
        </ErrorInfo>
      </Output>
    </UnitTestResult>
    <UnitTestResult executionId="9e943c6a-97ec-4eeb-a8a1-d63d1f0ec5e7" testId="fdf95327-9ef9-e32c-b227-ade43afd1fb9" testName="DatetimeGetDefault" computerName="pkrvmxyh4eaekms" duration="00:00:00.0000010" startTime="2025-06-24T21:13:51.5429356+00:00" endTime="2025-06-24T21:13:51.5429366+00:00" testType="13cdc9d9-ddb5-4fa4-a97d-d965ccfc6d4b" outcome="NotExecuted" testListId="8c84fa94-04c1-424b-9868-57a2d4851a1d" relativeResultsDirectory="9e943c6a-97ec-4eeb-a8a1-d63d1f0ec5e7">
      <Output>
        <StdOut>Test skipped because TestProjects.Spector.Tests.Http._Type.Property.Optionality.OptionalityTests.DatetimeGetDefault is currently a stubbed implementation.</StdOut>
        <ErrorInfo>
          <Message>Test skipped because TestProjects.Spector.Tests.Http._Type.Property.Optionality.OptionalityTests.DatetimeGetDefault is currently a stubbed implementation.</Message>
        </ErrorInfo>
      </Output>
    </UnitTestResult>
    <UnitTestResult executionId="60696dca-1010-4ebb-956b-518869c6327b" testId="bb8ac351-1985-e6bf-6b69-451d637b8fba" testName="RoundTripWithJsonInterfaceUtf8ReaderJson" computerName="pkrvmxyh4eaekms" duration="00:00:00.0000010" startTime="2025-06-24T21:13:51.5405591+00:00" endTime="2025-06-24T21:13:51.5405604+00:00" testType="13cdc9d9-ddb5-4fa4-a97d-d965ccfc6d4b" outcome="NotExecuted" testListId="8c84fa94-04c1-424b-9868-57a2d4851a1d" relativeResultsDirectory="60696dca-1010-4ebb-956b-518869c6327b">
      <Output>
        <StdOut>Test skipped because TestProjects.Spector.Tests.Http._Type.Model.Inheritance.SingleDiscriminator.EagleTests.RoundTripWithJsonInterfaceUtf8ReaderJson is currently a stubbed implementation.</StdOut>
        <ErrorInfo>
          <Message>Test skipped because TestProjects.Spector.Tests.Http._Type.Model.Inheritance.SingleDiscriminator.EagleTests.RoundTripWithJsonInterfaceUtf8ReaderJson is currently a stubbed implementation.</Message>
        </ErrorInfo>
      </Output>
    </UnitTestResult>
    <UnitTestResult executionId="1af31468-e391-4e0e-910d-6aabfc8d013b" testId="20c88336-8468-0cc0-e7a1-d1be82982672" testName="CheckFileNameAndContentType" computerName="pkrvmxyh4eaekms" duration="00:00:00.0004080" startTime="2025-06-24T21:13:51.6237152+00:00" endTime="2025-06-24T21:13:51.6241235+00:00" testType="13cdc9d9-ddb5-4fa4-a97d-d965ccfc6d4b" outcome="Failed" testListId="8c84fa94-04c1-424b-9868-57a2d4851a1d" relativeResultsDirectory="1af31468-e391-4e0e-910d-6aabfc8d013b">
      <Output>
        <ErrorInfo>
          <Message>OneTimeSetUp: System.InvalidOperationException : Cannot find 'node_modules' in parent directories of /home/runner/work/typespec/typespec/packages/http-client-csharp/generator/artifacts/bin/TestProjects.Spector.Tests/Debug/net8.0/TestProjects.Spector.Tests.dll.</Message>
          <StackTrace>
</StackTrace>
        </ErrorInfo>
      </Output>
    </UnitTestResult>
    <UnitTestResult executionId="ce84c082-10b3-4b57-8049-e48454c3d135" testId="4a751bee-96e2-5368-2081-2a22917b81ba" testName="OperationsIfAsync" computerName="pkrvmxyh4eaekms" duration="00:00:00.0000020" startTime="2025-06-24T21:13:51.6328651+00:00" endTime="2025-06-24T21:13:51.6328672+00:00" testType="13cdc9d9-ddb5-4fa4-a97d-d965ccfc6d4b" outcome="NotExecuted" testListId="8c84fa94-04c1-424b-9868-57a2d4851a1d" relativeResultsDirectory="ce84c082-10b3-4b57-8049-e48454c3d135">
      <Output>
        <StdOut>Test skipped because TestProjects.Spector.Tests.Http.SpecialWords.SpecialWordsTests.OperationsIfAsync is currently a stubbed implementation.</StdOut>
        <ErrorInfo>
          <Message>Test skipped because TestProjects.Spector.Tests.Http.SpecialWords.SpecialWordsTests.OperationsIfAsync is currently a stubbed implementation.</Message>
        </ErrorInfo>
      </Output>
    </UnitTestResult>
    <UnitTestResult executionId="6e702a81-1734-4504-9d36-fec659786b27" testId="3f1e7363-ca93-117c-597e-447b097d4854" testName="DatetimePutDefault" computerName="pkrvmxyh4eaekms" duration="00:00:00.0000020" startTime="2025-06-24T21:13:51.5429511+00:00" endTime="2025-06-24T21:13:51.5429530+00:00" testType="13cdc9d9-ddb5-4fa4-a97d-d965ccfc6d4b" outcome="NotExecuted" testListId="8c84fa94-04c1-424b-9868-57a2d4851a1d" relativeResultsDirectory="6e702a81-1734-4504-9d36-fec659786b27">
      <Output>
        <StdOut>Test skipped because TestProjects.Spector.Tests.Http._Type.Property.Optionality.OptionalityTests.DatetimePutDefault is currently a stubbed implementation.</StdOut>
        <ErrorInfo>
          <Message>Test skipped because TestProjects.Spector.Tests.Http._Type.Property.Optionality.OptionalityTests.DatetimePutDefault is currently a stubbed implementation.</Message>
        </ErrorInfo>
      </Output>
    </UnitTestResult>
    <UnitTestResult executionId="065408ca-3f12-4184-b057-12d98524cbd8" testId="b9652fd8-ff42-5433-03bd-62cc21220957" testName="VerifySpreadParameterWithInnerModelMethod" computerName="pkrvmxyh4eaekms" duration="00:00:00.0004470" startTime="2025-06-24T21:13:51.6221487+00:00" endTime="2025-06-24T21:13:51.6225952+00:00" testType="13cdc9d9-ddb5-4fa4-a97d-d965ccfc6d4b" outcome="Passed" testListId="8c84fa94-04c1-424b-9868-57a2d4851a1d" relativeResultsDirectory="065408ca-3f12-4184-b057-12d98524cbd8" />
    <UnitTestResult executionId="749826a5-dbed-4ac8-b0db-3418841d787e" testId="fb1359aa-d278-1f90-d10d-e4602a88c784" testName="CollectionsModelGetNonNull" computerName="pkrvmxyh4eaekms" duration="00:00:00.0000010" startTime="2025-06-24T21:13:51.5425514+00:00" endTime="2025-06-24T21:13:51.5425528+00:00" testType="13cdc9d9-ddb5-4fa4-a97d-d965ccfc6d4b" outcome="NotExecuted" testListId="8c84fa94-04c1-424b-9868-57a2d4851a1d" relativeResultsDirectory="749826a5-dbed-4ac8-b0db-3418841d787e">
      <Output>
        <StdOut>Test skipped because TestProjects.Spector.Tests.Http._Type.Property.Nullable.NullableTests.CollectionsModelGetNonNull is currently a stubbed implementation.</StdOut>
        <ErrorInfo>
          <Message>Test skipped because TestProjects.Spector.Tests.Http._Type.Property.Nullable.NullableTests.CollectionsModelGetNonNull is currently a stubbed implementation.</Message>
        </ErrorInfo>
      </Output>
    </UnitTestResult>
    <UnitTestResult executionId="f07b34d7-682b-403e-8afb-6f98eab79b8e" testId="a87b378e-ae53-7d8d-1214-656f382446d1" testName="RoundTripWithJsonInterfaceUtf8ReaderNonGenericWire" computerName="pkrvmxyh4eaekms" duration="00:00:00.0000030" startTime="2025-06-24T21:13:51.5419442+00:00" endTime="2025-06-24T21:13:51.5419468+00:00" testType="13cdc9d9-ddb5-4fa4-a97d-d965ccfc6d4b" outcome="NotExecuted" testListId="8c84fa94-04c1-424b-9868-57a2d4851a1d" relativeResultsDirectory="f07b34d7-682b-403e-8afb-6f98eab79b8e">
      <Output>
        <StdOut>Test skipped because TestProjects.Spector.Tests.Http._Type.Property.AdditionalProperties.DifferentSpreadStringDerivedTests.RoundTripWithJsonInterfaceUtf8ReaderNonGenericWire is currently a stubbed implementation.</StdOut>
        <ErrorInfo>
          <Message>Test skipped because TestProjects.Spector.Tests.Http._Type.Property.AdditionalProperties.DifferentSpreadStringDerivedTests.RoundTripWithJsonInterfaceUtf8ReaderNonGenericWire is currently a stubbed implementation.</Message>
        </ErrorInfo>
      </Output>
    </UnitTestResult>
    <UnitTestResult executionId="040229fc-a196-49e6-afdb-7ed6de9e3fc0" testId="c3c0a4fb-eaa6-6eff-edb2-bba34dba1a01" testName="NullableBoolValueGet" computerName="pkrvmxyh4eaekms" duration="00:00:00.0000010" startTime="2025-06-24T21:13:51.5358361+00:00" endTime="2025-06-24T21:13:51.5358370+00:00" testType="13cdc9d9-ddb5-4fa4-a97d-d965ccfc6d4b" outcome="NotExecuted" testListId="8c84fa94-04c1-424b-9868-57a2d4851a1d" relativeResultsDirectory="040229fc-a196-49e6-afdb-7ed6de9e3fc0">
      <Output>
        <StdOut>Test skipped because TestProjects.Spector.Tests.Http._Type._Array.ArrayTests.NullableBoolValueGet is currently a stubbed implementation.</StdOut>
        <ErrorInfo>
          <Message>Test skipped because TestProjects.Spector.Tests.Http._Type._Array.ArrayTests.NullableBoolValueGet is currently a stubbed implementation.</Message>
        </ErrorInfo>
      </Output>
    </UnitTestResult>
    <UnitTestResult executionId="fec410d0-39a9-44a5-8bf8-15eec4f607f5" testId="aa21fbc1-b1d6-bb4b-7738-2272aff56480" testName="PropertyInt32Seconds" computerName="pkrvmxyh4eaekms" duration="00:00:00.0000020" startTime="2025-06-24T21:13:51.5886806+00:00" endTime="2025-06-24T21:13:51.5886827+00:00" testType="13cdc9d9-ddb5-4fa4-a97d-d965ccfc6d4b" outcome="NotExecuted" testListId="8c84fa94-04c1-424b-9868-57a2d4851a1d" relativeResultsDirectory="fec410d0-39a9-44a5-8bf8-15eec4f607f5">
      <Output>
        <StdOut>Test skipped because TestProjects.Spector.Tests.Http.Encode.Duration.EncodeDurationTests.PropertyInt32Seconds is currently a stubbed implementation.</StdOut>
        <ErrorInfo>
          <Message>Test skipped because TestProjects.Spector.Tests.Http.Encode.Duration.EncodeDurationTests.PropertyInt32Seconds is currently a stubbed implementation.</Message>
        </ErrorInfo>
      </Output>
    </UnitTestResult>
    <UnitTestResult executionId="9b614a0b-e2e0-43ef-b25a-9a24ad02f906" testId="e6daadaf-2814-1593-d3c8-75308905dc82" testName="ParametersWithContinueAsync" computerName="pkrvmxyh4eaekms" duration="00:00:00.0000020" startTime="2025-06-24T21:13:51.6330705+00:00" endTime="2025-06-24T21:13:51.6330726+00:00" testType="13cdc9d9-ddb5-4fa4-a97d-d965ccfc6d4b" outcome="NotExecuted" testListId="8c84fa94-04c1-424b-9868-57a2d4851a1d" relativeResultsDirectory="9b614a0b-e2e0-43ef-b25a-9a24ad02f906">
      <Output>
        <StdOut>Test skipped because TestProjects.Spector.Tests.Http.SpecialWords.SpecialWordsTests.ParametersWithContinueAsync is currently a stubbed implementation.</StdOut>
        <ErrorInfo>
          <Message>Test skipped because TestProjects.Spector.Tests.Http.SpecialWords.SpecialWordsTests.ParametersWithContinueAsync is currently a stubbed implementation.</Message>
        </ErrorInfo>
      </Output>
    </UnitTestResult>
    <UnitTestResult executionId="81b33e01-b142-4d74-9e64-8a4b42db83ab" testId="c7910546-1ef4-6c31-0c19-ab2204f181e7" testName="OperationsDelAsync" computerName="pkrvmxyh4eaekms" duration="00:00:00.0000020" startTime="2025-06-24T21:13:51.6327847+00:00" endTime="2025-06-24T21:13:51.6327866+00:00" testType="13cdc9d9-ddb5-4fa4-a97d-d965ccfc6d4b" outcome="NotExecuted" testListId="8c84fa94-04c1-424b-9868-57a2d4851a1d" relativeResultsDirectory="81b33e01-b142-4d74-9e64-8a4b42db83ab">
      <Output>
        <StdOut>Test skipped because TestProjects.Spector.Tests.Http.SpecialWords.SpecialWordsTests.OperationsDelAsync is currently a stubbed implementation.</StdOut>
        <ErrorInfo>
          <Message>Test skipped because TestProjects.Spector.Tests.Http.SpecialWords.SpecialWordsTests.OperationsDelAsync is currently a stubbed implementation.</Message>
        </ErrorInfo>
      </Output>
    </UnitTestResult>
    <UnitTestResult executionId="e1f47ba1-78a3-472f-aaf3-749a3ad2b3ad" testId="0fc7b103-83b3-b38a-373f-4f3952d740ec" testName="UnionStringLiteralPutDefault" computerName="pkrvmxyh4eaekms" duration="00:00:00.0000010" startTime="2025-06-24T21:13:51.5432383+00:00" endTime="2025-06-24T21:13:51.5432394+00:00" testType="13cdc9d9-ddb5-4fa4-a97d-d965ccfc6d4b" outcome="NotExecuted" testListId="8c84fa94-04c1-424b-9868-57a2d4851a1d" relativeResultsDirectory="e1f47ba1-78a3-472f-aaf3-749a3ad2b3ad">
      <Output>
        <StdOut>Test skipped because TestProjects.Spector.Tests.Http._Type.Property.Optionality.OptionalityTests.UnionStringLiteralPutDefault is currently a stubbed implementation.</StdOut>
        <ErrorInfo>
          <Message>Test skipped because TestProjects.Spector.Tests.Http._Type.Property.Optionality.OptionalityTests.UnionStringLiteralPutDefault is currently a stubbed implementation.</Message>
        </ErrorInfo>
      </Output>
    </UnitTestResult>
    <UnitTestResult executionId="a979739d-1b6a-4511-8508-d1c45a26fd06" testId="bd111570-0293-3846-5332-85f9342c992c" testName="Versioning_Removed_V3Model" computerName="pkrvmxyh4eaekms" duration="00:00:00.0000030" startTime="2025-06-24T21:13:51.6343615+00:00" endTime="2025-06-24T21:13:51.6343644+00:00" testType="13cdc9d9-ddb5-4fa4-a97d-d965ccfc6d4b" outcome="NotExecuted" testListId="8c84fa94-04c1-424b-9868-57a2d4851a1d" relativeResultsDirectory="a979739d-1b6a-4511-8508-d1c45a26fd06">
      <Output>
        <StdOut>Test skipped because TestProjects.Spector.Tests.Http.Versioning.Removed.V1.VersioningRemovedV1Tests.Versioning_Removed_V3Model is currently a stubbed implementation.</StdOut>
        <ErrorInfo>
          <Message>Test skipped because TestProjects.Spector.Tests.Http.Versioning.Removed.V1.VersioningRemovedV1Tests.Versioning_Removed_V3Model is currently a stubbed implementation.</Message>
        </ErrorInfo>
      </Output>
    </UnitTestResult>
    <UnitTestResult executionId="f559d1a3-828f-4fa2-9191-503a15c60c94" testId="f9373d14-d214-373f-df60-00110e68a0ff" testName="VerifySpreadParameterWithInnerAliasMethod" computerName="pkrvmxyh4eaekms" duration="00:00:00.0004590" startTime="2025-06-24T21:13:51.6216734+00:00" endTime="2025-06-24T21:13:51.6221319+00:00" testType="13cdc9d9-ddb5-4fa4-a97d-d965ccfc6d4b" outcome="Passed" testListId="8c84fa94-04c1-424b-9868-57a2d4851a1d" relativeResultsDirectory="f559d1a3-828f-4fa2-9191-503a15c60c94" />
    <UnitTestResult executionId="c568d2b3-a104-47ed-9af4-ad7423a4386c" testId="9b14d172-06b0-9257-d790-ec1433fbd4e8" testName="ParametersWithImportAsync" computerName="pkrvmxyh4eaekms" duration="00:00:00.0000020" startTime="2025-06-24T21:13:51.6331861+00:00" endTime="2025-06-24T21:13:51.6331880+00:00" testType="13cdc9d9-ddb5-4fa4-a97d-d965ccfc6d4b" outcome="NotExecuted" testListId="8c84fa94-04c1-424b-9868-57a2d4851a1d" relativeResultsDirectory="c568d2b3-a104-47ed-9af4-ad7423a4386c">
      <Output>
        <StdOut>Test skipped because TestProjects.Spector.Tests.Http.SpecialWords.SpecialWordsTests.ParametersWithImportAsync is currently a stubbed implementation.</StdOut>
        <ErrorInfo>
          <Message>Test skipped because TestProjects.Spector.Tests.Http.SpecialWords.SpecialWordsTests.ParametersWithImportAsync is currently a stubbed implementation.</Message>
        </ErrorInfo>
      </Output>
    </UnitTestResult>
    <UnitTestResult executionId="e26d3508-5424-4cc7-8c93-156c33e4376a" testId="59d3a30c-3e5a-a108-e99f-39e84fc290d5" testName="RoundTripWithModelInterfaceJson" computerName="pkrvmxyh4eaekms" duration="00:00:00.0000010" startTime="2025-06-24T21:13:51.5405879+00:00" endTime="2025-06-24T21:13:51.5405890+00:00" testType="13cdc9d9-ddb5-4fa4-a97d-d965ccfc6d4b" outcome="NotExecuted" testListId="8c84fa94-04c1-424b-9868-57a2d4851a1d" relativeResultsDirectory="e26d3508-5424-4cc7-8c93-156c33e4376a">
      <Output>
        <StdOut>Test skipped because TestProjects.Spector.Tests.Http._Type.Model.Inheritance.SingleDiscriminator.EagleTests.RoundTripWithModelInterfaceJson is currently a stubbed implementation.</StdOut>
        <ErrorInfo>
          <Message>Test skipped because TestProjects.Spector.Tests.Http._Type.Model.Inheritance.SingleDiscriminator.EagleTests.RoundTripWithModelInterfaceJson is currently a stubbed implementation.</Message>
        </ErrorInfo>
      </Output>
    </UnitTestResult>
    <UnitTestResult executionId="991dc5de-1ea4-4e41-a430-2ee5d22234d3" testId="2d0d79b5-3e12-a71f-8dfc-bca388428903" testName="PlaintimePutDefault" computerName="pkrvmxyh4eaekms" duration="00:00:00.0000020" startTime="2025-06-24T21:13:51.5430810+00:00" endTime="2025-06-24T21:13:51.5430830+00:00" testType="13cdc9d9-ddb5-4fa4-a97d-d965ccfc6d4b" outcome="NotExecuted" testListId="8c84fa94-04c1-424b-9868-57a2d4851a1d" relativeResultsDirectory="991dc5de-1ea4-4e41-a430-2ee5d22234d3">
      <Output>
        <StdOut>Test skipped because TestProjects.Spector.Tests.Http._Type.Property.Optionality.OptionalityTests.PlaintimePutDefault is currently a stubbed implementation.</StdOut>
        <ErrorInfo>
          <Message>Test skipped because TestProjects.Spector.Tests.Http._Type.Property.Optionality.OptionalityTests.PlaintimePutDefault is currently a stubbed implementation.</Message>
        </ErrorInfo>
      </Output>
    </UnitTestResult>
    <UnitTestResult executionId="82e48415-ec58-49e2-883c-ad8c71cd488a" testId="3d12e459-dd61-12f4-6b74-4f26414d8e6f" testName="VerifyMethods" computerName="pkrvmxyh4eaekms" duration="00:00:00.0189980" startTime="2025-06-24T21:13:51.5447594+00:00" endTime="2025-06-24T21:13:51.5637575+00:00" testType="13cdc9d9-ddb5-4fa4-a97d-d965ccfc6d4b" outcome="Passed" testListId="8c84fa94-04c1-424b-9868-57a2d4851a1d" relativeResultsDirectory="82e48415-ec58-49e2-883c-ad8c71cd488a" />
    <UnitTestResult executionId="47d78fe5-83d5-4e61-8df0-84f9ea28abdf" testId="5665bf0d-0a3d-eb7f-2634-db51056c8a3c" testName="BooleanLiteralGet" computerName="pkrvmxyh4eaekms" duration="00:00:00.0000020" startTime="2025-06-24T21:13:51.5434085+00:00" endTime="2025-06-24T21:13:51.5434104+00:00" testType="13cdc9d9-ddb5-4fa4-a97d-d965ccfc6d4b" outcome="NotExecuted" testListId="8c84fa94-04c1-424b-9868-57a2d4851a1d" relativeResultsDirectory="47d78fe5-83d5-4e61-8df0-84f9ea28abdf">
      <Output>
        <StdOut>Test skipped because TestProjects.Spector.Tests.Http._Type.Property.ValueTypes.ValueTypesTests.BooleanLiteralGet is currently a stubbed implementation.</StdOut>
        <ErrorInfo>
          <Message>Test skipped because TestProjects.Spector.Tests.Http._Type.Property.ValueTypes.ValueTypesTests.BooleanLiteralGet is currently a stubbed implementation.</Message>
        </ErrorInfo>
      </Output>
    </UnitTestResult>
    <UnitTestResult executionId="061681ec-9b1c-4cb9-aace-0f5e22402ca6" testId="c28a09af-0f00-9030-968c-a8980124e92d" testName="GetFixedModelWrongDiscriminator" computerName="pkrvmxyh4eaekms" duration="00:00:00.0000010" startTime="2025-06-24T21:13:51.5395743+00:00" endTime="2025-06-24T21:13:51.5395755+00:00" testType="13cdc9d9-ddb5-4fa4-a97d-d965ccfc6d4b" outcome="NotExecuted" testListId="8c84fa94-04c1-424b-9868-57a2d4851a1d" relativeResultsDirectory="061681ec-9b1c-4cb9-aace-0f5e22402ca6">
      <Output>
        <StdOut>Test skipped because TestProjects.Spector.Tests.Http._Type.Model.Inheritance.EnumDiscriminator.EnumDiscriminatorTests.GetFixedModelWrongDiscriminator is currently a stubbed implementation.</StdOut>
        <ErrorInfo>
          <Message>Test skipped because TestProjects.Spector.Tests.Http._Type.Model.Inheritance.EnumDiscriminator.EnumDiscriminatorTests.GetFixedModelWrongDiscriminator is currently a stubbed implementation.</Message>
        </ErrorInfo>
      </Output>
    </UnitTestResult>
    <UnitTestResult executionId="2e35ae0a-ec91-4b5e-bb33-991a1887b9ca" testId="309a8dee-7a5d-1cf0-95f9-ecf2cb9380aa" testName="Decimal128Get" computerName="pkrvmxyh4eaekms" duration="00:00:00.0000020" startTime="2025-06-24T21:13:51.5434983+00:00" endTime="2025-06-24T21:13:51.5435000+00:00" testType="13cdc9d9-ddb5-4fa4-a97d-d965ccfc6d4b" outcome="NotExecuted" testListId="8c84fa94-04c1-424b-9868-57a2d4851a1d" relativeResultsDirectory="2e35ae0a-ec91-4b5e-bb33-991a1887b9ca">
      <Output>
        <StdOut>Test skipped because TestProjects.Spector.Tests.Http._Type.Property.ValueTypes.ValueTypesTests.Decimal128Get is currently a stubbed implementation.</StdOut>
        <ErrorInfo>
          <Message>Test skipped because TestProjects.Spector.Tests.Http._Type.Property.ValueTypes.ValueTypesTests.Decimal128Get is currently a stubbed implementation.</Message>
        </ErrorInfo>
      </Output>
    </UnitTestResult>
    <UnitTestResult executionId="16869660-8d28-4053-b4c8-7e5a2c661312" testId="9795a002-6286-5f60-a542-0772a094d41c" testName="BooleanGet" computerName="pkrvmxyh4eaekms" duration="00:00:00.0000060" startTime="2025-06-24T21:13:51.5433924+00:00" endTime="2025-06-24T21:13:51.5433983+00:00" testType="13cdc9d9-ddb5-4fa4-a97d-d965ccfc6d4b" outcome="NotExecuted" testListId="8c84fa94-04c1-424b-9868-57a2d4851a1d" relativeResultsDirectory="16869660-8d28-4053-b4c8-7e5a2c661312">
      <Output>
        <StdOut>Test skipped because TestProjects.Spector.Tests.Http._Type.Property.ValueTypes.ValueTypesTests.BooleanGet is currently a stubbed implementation.</StdOut>
        <ErrorInfo>
          <Message>Test skipped because TestProjects.Spector.Tests.Http._Type.Property.ValueTypes.ValueTypesTests.BooleanGet is currently a stubbed implementation.</Message>
        </ErrorInfo>
      </Output>
    </UnitTestResult>
    <UnitTestResult executionId="97409bbd-7f8b-47f9-a1e3-925014ec0c82" testId="b9b11b97-e435-d856-9019-47a328f3a951" testName="DecimalVerifyPrepareVerify" computerName="pkrvmxyh4eaekms" duration="00:00:00.0000010" startTime="2025-06-24T21:13:51.5439986+00:00" endTime="2025-06-24T21:13:51.5439996+00:00" testType="13cdc9d9-ddb5-4fa4-a97d-d965ccfc6d4b" outcome="NotExecuted" testListId="8c84fa94-04c1-424b-9868-57a2d4851a1d" relativeResultsDirectory="97409bbd-7f8b-47f9-a1e3-925014ec0c82">
      <Output>
        <StdOut>Test skipped because TestProjects.Spector.Tests.Http._Type.Scalar.ScalarTests.DecimalVerifyPrepareVerify is currently a stubbed implementation.</StdOut>
        <ErrorInfo>
          <Message>Test skipped because TestProjects.Spector.Tests.Http._Type.Scalar.ScalarTests.DecimalVerifyPrepareVerify is currently a stubbed implementation.</Message>
        </ErrorInfo>
      </Output>
    </UnitTestResult>
    <UnitTestResult executionId="c44689fa-2716-4c08-9fe4-7c5151d988cb" testId="b363134a-0c61-5745-6581-ca78415d3153" testName="Six" computerName="pkrvmxyh4eaekms" duration="00:00:00.0000010" startTime="2025-06-24T21:13:51.5447433+00:00" endTime="2025-06-24T21:13:51.5447444+00:00" testType="13cdc9d9-ddb5-4fa4-a97d-d965ccfc6d4b" outcome="NotExecuted" testListId="8c84fa94-04c1-424b-9868-57a2d4851a1d" relativeResultsDirectory="c44689fa-2716-4c08-9fe4-7c5151d988cb">
      <Output>
        <StdOut>Test skipped because TestProjects.Spector.Tests.Http.Client.Structure.ClientOperationGroup.ClientOperationGroupTests.Six is currently a stubbed implementation.</StdOut>
        <ErrorInfo>
          <Message>Test skipped because TestProjects.Spector.Tests.Http.Client.Structure.ClientOperationGroup.ClientOperationGroupTests.Six is currently a stubbed implementation.</Message>
        </ErrorInfo>
      </Output>
    </UnitTestResult>
    <UnitTestResult executionId="58a9ec5a-cf4a-455e-bffe-e0f377f14d3e" testId="172a3d03-0587-c42d-92d9-6fdcc751a71c" testName="OperationsAssertAsync" computerName="pkrvmxyh4eaekms" duration="00:00:00.0000020" startTime="2025-06-24T21:13:51.6327117+00:00" endTime="2025-06-24T21:13:51.6327137+00:00" testType="13cdc9d9-ddb5-4fa4-a97d-d965ccfc6d4b" outcome="NotExecuted" testListId="8c84fa94-04c1-424b-9868-57a2d4851a1d" relativeResultsDirectory="58a9ec5a-cf4a-455e-bffe-e0f377f14d3e">
      <Output>
        <StdOut>Test skipped because TestProjects.Spector.Tests.Http.SpecialWords.SpecialWordsTests.OperationsAssertAsync is currently a stubbed implementation.</StdOut>
        <ErrorInfo>
          <Message>Test skipped because TestProjects.Spector.Tests.Http.SpecialWords.SpecialWordsTests.OperationsAssertAsync is currently a stubbed implementation.</Message>
        </ErrorInfo>
      </Output>
    </UnitTestResult>
    <UnitTestResult executionId="646cb6ab-9d42-4bda-9740-2048d46e600a" testId="a03a10d7-f652-19de-0490-1c7540ffa38b" testName="CollectionsIntGet" computerName="pkrvmxyh4eaekms" duration="00:00:00.0000030" startTime="2025-06-24T21:13:51.5434381+00:00" endTime="2025-06-24T21:13:51.5434411+00:00" testType="13cdc9d9-ddb5-4fa4-a97d-d965ccfc6d4b" outcome="NotExecuted" testListId="8c84fa94-04c1-424b-9868-57a2d4851a1d" relativeResultsDirectory="646cb6ab-9d42-4bda-9740-2048d46e600a">
      <Output>
        <StdOut>Test skipped because TestProjects.Spector.Tests.Http._Type.Property.ValueTypes.ValueTypesTests.CollectionsIntGet is currently a stubbed implementation.</StdOut>
        <ErrorInfo>
          <Message>Test skipped because TestProjects.Spector.Tests.Http._Type.Property.ValueTypes.ValueTypesTests.CollectionsIntGet is currently a stubbed implementation.</Message>
        </ErrorInfo>
      </Output>
    </UnitTestResult>
    <UnitTestResult executionId="c66dd604-10de-49a9-82db-bc5a59c6668d" testId="33e90164-d704-6100-5436-5d048544b6f2" testName="RoundTripWithModelReaderWriterNonGenericWire" computerName="pkrvmxyh4eaekms" duration="00:00:00.0000010" startTime="2025-06-24T21:13:51.5422820+00:00" endTime="2025-06-24T21:13:51.5422833+00:00" testType="13cdc9d9-ddb5-4fa4-a97d-d965ccfc6d4b" outcome="NotExecuted" testListId="8c84fa94-04c1-424b-9868-57a2d4851a1d" relativeResultsDirectory="c66dd604-10de-49a9-82db-bc5a59c6668d">
      <Output>
        <StdOut>Test skipped because TestProjects.Spector.Tests.Http._Type.Property.AdditionalProperties.MultipleSpreadRecordTests.RoundTripWithModelReaderWriterNonGenericWire is currently a stubbed implementation.</StdOut>
        <ErrorInfo>
          <Message>Test skipped because TestProjects.Spector.Tests.Http._Type.Property.AdditionalProperties.MultipleSpreadRecordTests.RoundTripWithModelReaderWriterNonGenericWire is currently a stubbed implementation.</Message>
        </ErrorInfo>
      </Output>
    </UnitTestResult>
    <UnitTestResult executionId="11731fdd-0cec-49f2-8a84-5eeaef96e3ad" testId="daf5de1e-f450-c7a7-993c-fb6763eb2ed8" testName="UnknownValuePut" computerName="pkrvmxyh4eaekms" duration="00:00:00.0000010" startTime="2025-06-24T21:13:51.5391907+00:00" endTime="2025-06-24T21:13:51.5391919+00:00" testType="13cdc9d9-ddb5-4fa4-a97d-d965ccfc6d4b" outcome="NotExecuted" testListId="8c84fa94-04c1-424b-9868-57a2d4851a1d" relativeResultsDirectory="11731fdd-0cec-49f2-8a84-5eeaef96e3ad">
      <Output>
        <StdOut>Test skipped because TestProjects.Spector.Tests.Http._Type.Dictionary.DictionaryTests.UnknownValuePut is currently a stubbed implementation.</StdOut>
        <ErrorInfo>
          <Message>Test skipped because TestProjects.Spector.Tests.Http._Type.Dictionary.DictionaryTests.UnknownValuePut is currently a stubbed implementation.</Message>
        </ErrorInfo>
      </Output>
    </UnitTestResult>
    <UnitTestResult executionId="31847aa3-8098-4d34-80f8-63ac193ad725" testId="6018a2be-318c-b9d4-dd54-a1ae714948ce" testName="OperationsWhileAsync" computerName="pkrvmxyh4eaekms" duration="00:00:00.0000020" startTime="2025-06-24T21:13:51.6329621+00:00" endTime="2025-06-24T21:13:51.6329646+00:00" testType="13cdc9d9-ddb5-4fa4-a97d-d965ccfc6d4b" outcome="NotExecuted" testListId="8c84fa94-04c1-424b-9868-57a2d4851a1d" relativeResultsDirectory="31847aa3-8098-4d34-80f8-63ac193ad725">
      <Output>
        <StdOut>Test skipped because TestProjects.Spector.Tests.Http.SpecialWords.SpecialWordsTests.OperationsWhileAsync is currently a stubbed implementation.</StdOut>
        <ErrorInfo>
          <Message>Test skipped because TestProjects.Spector.Tests.Http.SpecialWords.SpecialWordsTests.OperationsWhileAsync is currently a stubbed implementation.</Message>
        </ErrorInfo>
      </Output>
    </UnitTestResult>
    <UnitTestResult executionId="46f68fca-5624-4165-b48c-b700611367ba" testId="cc9d5bd6-ad40-6150-c908-5ed446cbdbb4" testName="PropertyFloat64SecondsConvenience" computerName="pkrvmxyh4eaekms" duration="00:00:00.0000020" startTime="2025-06-24T21:13:51.5886327+00:00" endTime="2025-06-24T21:13:51.5886347+00:00" testType="13cdc9d9-ddb5-4fa4-a97d-d965ccfc6d4b" outcome="NotExecuted" testListId="8c84fa94-04c1-424b-9868-57a2d4851a1d" relativeResultsDirectory="46f68fca-5624-4165-b48c-b700611367ba">
      <Output>
        <StdOut>Test skipped because TestProjects.Spector.Tests.Http.Encode.Duration.EncodeDurationTests.PropertyFloat64SecondsConvenience is currently a stubbed implementation.</StdOut>
        <ErrorInfo>
          <Message>Test skipped because TestProjects.Spector.Tests.Http.Encode.Duration.EncodeDurationTests.PropertyFloat64SecondsConvenience is currently a stubbed implementation.</Message>
        </ErrorInfo>
      </Output>
    </UnitTestResult>
    <UnitTestResult executionId="d2512abb-d83a-463a-ad87-72b2a49f40e1" testId="462124de-92fa-ebaa-2b3c-58ac640d985c" testName="ResponseBodyDefault" computerName="pkrvmxyh4eaekms" duration="00:00:00.0138780" startTime="2025-06-24T21:13:51.5740544+00:00" endTime="2025-06-24T21:13:51.5879323+00:00" testType="13cdc9d9-ddb5-4fa4-a97d-d965ccfc6d4b" outcome="Failed" testListId="8c84fa94-04c1-424b-9868-57a2d4851a1d" relativeResultsDirectory="d2512abb-d83a-463a-ad87-72b2a49f40e1">
      <Output>
        <ErrorInfo>
          <Message>OneTimeSetUp: System.InvalidOperationException : Cannot find 'node_modules' in parent directories of /home/runner/work/typespec/typespec/packages/http-client-csharp/generator/artifacts/bin/TestProjects.Spector.Tests/Debug/net8.0/TestProjects.Spector.Tests.dll.</Message>
          <StackTrace>
</StackTrace>
        </ErrorInfo>
      </Output>
    </UnitTestResult>
    <UnitTestResult executionId="507d987f-31b8-4f17-8f78-31c003b03929" testId="b37e7923-8ac3-1ae2-476b-8155f676c33e" testName="SpreadStringPut" computerName="pkrvmxyh4eaekms" duration="00:00:00.0000010" startTime="2025-06-24T21:13:51.5417410+00:00" endTime="2025-06-24T21:13:51.5417423+00:00" testType="13cdc9d9-ddb5-4fa4-a97d-d965ccfc6d4b" outcome="NotExecuted" testListId="8c84fa94-04c1-424b-9868-57a2d4851a1d" relativeResultsDirectory="507d987f-31b8-4f17-8f78-31c003b03929">
      <Output>
        <StdOut>Test skipped because TestProjects.Spector.Tests.Http._Type.Property.AdditionalProperties.AdditionalPropertiesTests.SpreadStringPut is currently a stubbed implementation.</StdOut>
        <ErrorInfo>
          <Message>Test skipped because TestProjects.Spector.Tests.Http._Type.Property.AdditionalProperties.AdditionalPropertiesTests.SpreadStringPut is currently a stubbed implementation.</Message>
        </ErrorInfo>
      </Output>
    </UnitTestResult>
    <UnitTestResult executionId="d5e49825-08b1-4c38-a2ad-b6d3931f0f4c" testId="fef3002c-ea29-6742-1ebc-93c5e87d8808" testName="StringValueGet" computerName="pkrvmxyh4eaekms" duration="00:00:00.0000010" startTime="2025-06-24T21:13:51.5358925+00:00" endTime="2025-06-24T21:13:51.5358937+00:00" testType="13cdc9d9-ddb5-4fa4-a97d-d965ccfc6d4b" outcome="NotExecuted" testListId="8c84fa94-04c1-424b-9868-57a2d4851a1d" relativeResultsDirectory="d5e49825-08b1-4c38-a2ad-b6d3931f0f4c">
      <Output>
        <StdOut>Test skipped because TestProjects.Spector.Tests.Http._Type._Array.ArrayTests.StringValueGet is currently a stubbed implementation.</StdOut>
        <ErrorInfo>
          <Message>Test skipped because TestProjects.Spector.Tests.Http._Type._Array.ArrayTests.StringValueGet is currently a stubbed implementation.</Message>
        </ErrorInfo>
      </Output>
    </UnitTestResult>
    <UnitTestResult executionId="f1ac94af-9837-4edf-9b92-e55a6e87ea8f" testId="7ec22095-3495-2f13-ffd6-8c3cac57277f" testName="DecimalTypeResponseBody" computerName="pkrvmxyh4eaekms" duration="00:00:00.0000010" startTime="2025-06-24T21:13:51.5439925+00:00" endTime="2025-06-24T21:13:51.5439934+00:00" testType="13cdc9d9-ddb5-4fa4-a97d-d965ccfc6d4b" outcome="NotExecuted" testListId="8c84fa94-04c1-424b-9868-57a2d4851a1d" relativeResultsDirectory="f1ac94af-9837-4edf-9b92-e55a6e87ea8f">
      <Output>
        <StdOut>Test skipped because TestProjects.Spector.Tests.Http._Type.Scalar.ScalarTests.DecimalTypeResponseBody is currently a stubbed implementation.</StdOut>
        <ErrorInfo>
          <Message>Test skipped because TestProjects.Spector.Tests.Http._Type.Scalar.ScalarTests.DecimalTypeResponseBody is currently a stubbed implementation.</Message>
        </ErrorInfo>
      </Output>
    </UnitTestResult>
    <UnitTestResult executionId="b4bc8903-85a5-46e5-b4f2-964fd0293802" testId="c05a7438-005b-0b0f-0501-87ee5dc039df" testName="GetRecursiveModel" computerName="pkrvmxyh4eaekms" duration="00:00:00.0000010" startTime="2025-06-24T21:13:51.5397539+00:00" endTime="2025-06-24T21:13:51.5397552+00:00" testType="13cdc9d9-ddb5-4fa4-a97d-d965ccfc6d4b" outcome="NotExecuted" testListId="8c84fa94-04c1-424b-9868-57a2d4851a1d" relativeResultsDirectory="b4bc8903-85a5-46e5-b4f2-964fd0293802">
      <Output>
        <StdOut>Test skipped because TestProjects.Spector.Tests.Http._Type.Model.Inheritance.NestedDiscriminator.NestedDiscriminatorTests.GetRecursiveModel is currently a stubbed implementation.</StdOut>
        <ErrorInfo>
          <Message>Test skipped because TestProjects.Spector.Tests.Http._Type.Model.Inheritance.NestedDiscriminator.NestedDiscriminatorTests.GetRecursiveModel is currently a stubbed implementation.</Message>
        </ErrorInfo>
      </Output>
    </UnitTestResult>
    <UnitTestResult executionId="14d12c65-30b1-4949-9be4-87e2fed716f1" testId="c741a126-b77d-7f58-01b9-ad109c2ef317" testName="UpdateResource" computerName="pkrvmxyh4eaekms" duration="00:00:00.0000020" startTime="2025-06-24T21:13:51.6234417+00:00" endTime="2025-06-24T21:13:51.6234433+00:00" testType="13cdc9d9-ddb5-4fa4-a97d-d965ccfc6d4b" outcome="NotExecuted" testListId="8c84fa94-04c1-424b-9868-57a2d4851a1d" relativeResultsDirectory="14d12c65-30b1-4949-9be4-87e2fed716f1">
      <Output>
        <StdOut>Test skipped because TestProjects.Spector.Tests.Http.Payload.JsonMergePatch.JsonMergePatchTests.UpdateResource is currently a stubbed implementation.</StdOut>
        <ErrorInfo>
          <Message>Test skipped because TestProjects.Spector.Tests.Http.Payload.JsonMergePatch.JsonMergePatchTests.UpdateResource is currently a stubbed implementation.</Message>
        </ErrorInfo>
      </Output>
    </UnitTestResult>
    <UnitTestResult executionId="59bb61a2-2dc6-46a2-83da-e7678538bbe9" testId="c2fb6b8a-f244-5a50-3b8d-db2510f3a895" testName="SendStringsOnly" computerName="pkrvmxyh4eaekms" duration="00:00:00.0000010" startTime="2025-06-24T21:13:51.5442894+00:00" endTime="2025-06-24T21:13:51.5442905+00:00" testType="13cdc9d9-ddb5-4fa4-a97d-d965ccfc6d4b" outcome="NotExecuted" testListId="8c84fa94-04c1-424b-9868-57a2d4851a1d" relativeResultsDirectory="59bb61a2-2dc6-46a2-83da-e7678538bbe9">
      <Output>
        <StdOut>Test skipped because TestProjects.Spector.Tests.Http._Type.Union.UnionTests.SendStringsOnly is currently a stubbed implementation.</StdOut>
        <ErrorInfo>
          <Message>Test skipped because TestProjects.Spector.Tests.Http._Type.Union.UnionTests.SendStringsOnly is currently a stubbed implementation.</Message>
        </ErrorInfo>
      </Output>
    </UnitTestResult>
    <UnitTestResult executionId="70b09484-d11a-450c-91e8-266f5a51e4d3" testId="eb9896ab-912f-8cca-16aa-45fe5260ae18" testName="VerifyMethods" computerName="pkrvmxyh4eaekms" duration="00:00:00.0017290" startTime="2025-06-24T21:13:51.5691766+00:00" endTime="2025-06-24T21:13:51.5709056+00:00" testType="13cdc9d9-ddb5-4fa4-a97d-d965ccfc6d4b" outcome="Passed" testListId="8c84fa94-04c1-424b-9868-57a2d4851a1d" relativeResultsDirectory="70b09484-d11a-450c-91e8-266f5a51e4d3" />
    <UnitTestResult executionId="17089587-98cc-43f8-b410-4bcf6f9eb94d" testId="645b115d-5f56-6e64-e3f7-3430f2843efe" testName="CollectionsStringGet" computerName="pkrvmxyh4eaekms" duration="00:00:00.0000020" startTime="2025-06-24T21:13:51.5434633+00:00" endTime="2025-06-24T21:13:51.5434655+00:00" testType="13cdc9d9-ddb5-4fa4-a97d-d965ccfc6d4b" outcome="NotExecuted" testListId="8c84fa94-04c1-424b-9868-57a2d4851a1d" relativeResultsDirectory="17089587-98cc-43f8-b410-4bcf6f9eb94d">
      <Output>
        <StdOut>Test skipped because TestProjects.Spector.Tests.Http._Type.Property.ValueTypes.ValueTypesTests.CollectionsStringGet is currently a stubbed implementation.</StdOut>
        <ErrorInfo>
          <Message>Test skipped because TestProjects.Spector.Tests.Http._Type.Property.ValueTypes.ValueTypesTests.CollectionsStringGet is currently a stubbed implementation.</Message>
        </ErrorInfo>
      </Output>
    </UnitTestResult>
    <UnitTestResult executionId="76f662ee-b0f3-4772-b1d7-753d05f7d8cb" testId="3b0d1b55-e460-919c-25a2-e0f33d77f1cf" testName="CollectionsBytePatchNull" computerName="pkrvmxyh4eaekms" duration="00:00:00.0000010" startTime="2025-06-24T21:13:51.5425454+00:00" endTime="2025-06-24T21:13:51.5425469+00:00" testType="13cdc9d9-ddb5-4fa4-a97d-d965ccfc6d4b" outcome="NotExecuted" testListId="8c84fa94-04c1-424b-9868-57a2d4851a1d" relativeResultsDirectory="76f662ee-b0f3-4772-b1d7-753d05f7d8cb">
      <Output>
        <StdOut>Test skipped because TestProjects.Spector.Tests.Http._Type.Property.Nullable.NullableTests.CollectionsBytePatchNull is currently a stubbed implementation.</StdOut>
        <ErrorInfo>
          <Message>Test skipped because TestProjects.Spector.Tests.Http._Type.Property.Nullable.NullableTests.CollectionsBytePatchNull is currently a stubbed implementation.</Message>
        </ErrorInfo>
      </Output>
    </UnitTestResult>
    <UnitTestResult executionId="743b8f9d-e2c4-44d6-ac3e-a1768fdabad5" testId="2bb9f67e-c73d-f96d-877b-17c8fb312d2f" testName="ModelsWithAssertAsync" computerName="pkrvmxyh4eaekms" duration="00:00:00.0000020" startTime="2025-06-24T21:13:51.6324237+00:00" endTime="2025-06-24T21:13:51.6324255+00:00" testType="13cdc9d9-ddb5-4fa4-a97d-d965ccfc6d4b" outcome="NotExecuted" testListId="8c84fa94-04c1-424b-9868-57a2d4851a1d" relativeResultsDirectory="743b8f9d-e2c4-44d6-ac3e-a1768fdabad5">
      <Output>
        <StdOut>Test skipped because TestProjects.Spector.Tests.Http.SpecialWords.SpecialWordsTests.ModelsWithAssertAsync is currently a stubbed implementation.</StdOut>
        <ErrorInfo>
          <Message>Test skipped because TestProjects.Spector.Tests.Http.SpecialWords.SpecialWordsTests.ModelsWithAssertAsync is currently a stubbed implementation.</Message>
        </ErrorInfo>
      </Output>
    </UnitTestResult>
    <UnitTestResult executionId="16bb4a97-17d0-4b56-8f5d-01bcdd53c623" testId="a6f871f3-b38e-43ca-75ef-b3ddaf643061" testName="QueryBase64" computerName="pkrvmxyh4eaekms" duration="00:00:00.0138400" startTime="2025-06-24T21:13:51.5740544+00:00" endTime="2025-06-24T21:13:51.5878944+00:00" testType="13cdc9d9-ddb5-4fa4-a97d-d965ccfc6d4b" outcome="Failed" testListId="8c84fa94-04c1-424b-9868-57a2d4851a1d" relativeResultsDirectory="16bb4a97-17d0-4b56-8f5d-01bcdd53c623">
      <Output>
        <ErrorInfo>
          <Message>OneTimeSetUp: System.InvalidOperationException : Cannot find 'node_modules' in parent directories of /home/runner/work/typespec/typespec/packages/http-client-csharp/generator/artifacts/bin/TestProjects.Spector.Tests/Debug/net8.0/TestProjects.Spector.Tests.dll.</Message>
          <StackTrace>
</StackTrace>
        </ErrorInfo>
      </Output>
    </UnitTestResult>
    <UnitTestResult executionId="96ed6fe4-098f-492e-9493-730b1b37db6e" testId="cc20a33d-d540-df4f-fdbe-0995897f77b1" testName="Five" computerName="pkrvmxyh4eaekms" duration="00:00:00.0000040" startTime="2025-06-24T21:13:51.5447201+00:00" endTime="2025-06-24T21:13:51.5447243+00:00" testType="13cdc9d9-ddb5-4fa4-a97d-d965ccfc6d4b" outcome="NotExecuted" testListId="8c84fa94-04c1-424b-9868-57a2d4851a1d" relativeResultsDirectory="96ed6fe4-098f-492e-9493-730b1b37db6e">
      <Output>
        <StdOut>Test skipped because TestProjects.Spector.Tests.Http.Client.Structure.ClientOperationGroup.ClientOperationGroupTests.Five is currently a stubbed implementation.</StdOut>
        <ErrorInfo>
          <Message>Test skipped because TestProjects.Spector.Tests.Http.Client.Structure.ClientOperationGroup.ClientOperationGroupTests.Five is currently a stubbed implementation.</Message>
        </ErrorInfo>
      </Output>
    </UnitTestResult>
    <UnitTestResult executionId="e7e0089e-295a-40e5-8d52-516aabc1afa3" testId="b16039a0-2da7-aa05-f8b1-bdc8b76739d3" testName="BooleanLiteralPut" computerName="pkrvmxyh4eaekms" duration="00:00:00.0000010" startTime="2025-06-24T21:13:51.5434153+00:00" endTime="2025-06-24T21:13:51.5434166+00:00" testType="13cdc9d9-ddb5-4fa4-a97d-d965ccfc6d4b" outcome="NotExecuted" testListId="8c84fa94-04c1-424b-9868-57a2d4851a1d" relativeResultsDirectory="e7e0089e-295a-40e5-8d52-516aabc1afa3">
      <Output>
        <StdOut>Test skipped because TestProjects.Spector.Tests.Http._Type.Property.ValueTypes.ValueTypesTests.BooleanLiteralPut is currently a stubbed implementation.</StdOut>
        <ErrorInfo>
          <Message>Test skipped because TestProjects.Spector.Tests.Http._Type.Property.ValueTypes.ValueTypesTests.BooleanLiteralPut is currently a stubbed implementation.</Message>
        </ErrorInfo>
      </Output>
    </UnitTestResult>
    <UnitTestResult executionId="994032d0-178e-494e-a060-a15cc2b0295a" testId="0eb74776-263f-0664-c061-68842bde7c12" testName="OperationsConstructorAsync" computerName="pkrvmxyh4eaekms" duration="00:00:00.0000020" startTime="2025-06-24T21:13:51.6327564+00:00" endTime="2025-06-24T21:13:51.6327584+00:00" testType="13cdc9d9-ddb5-4fa4-a97d-d965ccfc6d4b" outcome="NotExecuted" testListId="8c84fa94-04c1-424b-9868-57a2d4851a1d" relativeResultsDirectory="994032d0-178e-494e-a060-a15cc2b0295a">
      <Output>
        <StdOut>Test skipped because TestProjects.Spector.Tests.Http.SpecialWords.SpecialWordsTests.OperationsConstructorAsync is currently a stubbed implementation.</StdOut>
        <ErrorInfo>
          <Message>Test skipped because TestProjects.Spector.Tests.Http.SpecialWords.SpecialWordsTests.OperationsConstructorAsync is currently a stubbed implementation.</Message>
        </ErrorInfo>
      </Output>
    </UnitTestResult>
    <UnitTestResult executionId="06bcc733-a583-4197-8f5c-b8e4d86d4a13" testId="92409bc5-654e-82b4-fd0b-133d85a012dd" testName="ParametersWithExecAsync" computerName="pkrvmxyh4eaekms" duration="00:00:00.0000020" startTime="2025-06-24T21:13:51.6331228+00:00" endTime="2025-06-24T21:13:51.6331248+00:00" testType="13cdc9d9-ddb5-4fa4-a97d-d965ccfc6d4b" outcome="NotExecuted" testListId="8c84fa94-04c1-424b-9868-57a2d4851a1d" relativeResultsDirectory="06bcc733-a583-4197-8f5c-b8e4d86d4a13">
      <Output>
        <StdOut>Test skipped because TestProjects.Spector.Tests.Http.SpecialWords.SpecialWordsTests.ParametersWithExecAsync is currently a stubbed implementation.</StdOut>
        <ErrorInfo>
          <Message>Test skipped because TestProjects.Spector.Tests.Http.SpecialWords.SpecialWordsTests.ParametersWithExecAsync is currently a stubbed implementation.</Message>
        </ErrorInfo>
      </Output>
    </UnitTestResult>
    <UnitTestResult executionId="f11da8ae-27a3-41e3-8c4e-ae191f34ca1b" testId="404c999d-0daa-255c-fea9-31bfbf15be09" testName="Alias_SpreadAliasinAlias" computerName="pkrvmxyh4eaekms" duration="00:00:00.0000070" startTime="2025-06-24T21:13:51.6007323+00:00" endTime="2025-06-24T21:13:51.6007396+00:00" testType="13cdc9d9-ddb5-4fa4-a97d-d965ccfc6d4b" outcome="NotExecuted" testListId="8c84fa94-04c1-424b-9868-57a2d4851a1d" relativeResultsDirectory="f11da8ae-27a3-41e3-8c4e-ae191f34ca1b">
      <Output>
        <StdOut>Test skipped because TestProjects.Spector.Tests.Http.Parameters.Spread.SpreadTests.Alias_SpreadAliasinAlias is currently a stubbed implementation.</StdOut>
        <ErrorInfo>
          <Message>Test skipped because TestProjects.Spector.Tests.Http.Parameters.Spread.SpreadTests.Alias_SpreadAliasinAlias is currently a stubbed implementation.</Message>
        </ErrorInfo>
      </Output>
    </UnitTestResult>
    <UnitTestResult executionId="5478c96c-9b67-4d2c-b6e9-5a4cfe3d5a4c" testId="e9bf371f-d3fc-b2fc-f9dd-0a5761fa656b" testName="GetKnownValue" computerName="pkrvmxyh4eaekms" duration="00:00:00.0000050" startTime="2025-06-24T21:13:51.5387287+00:00" endTime="2025-06-24T21:13:51.5387340+00:00" testType="13cdc9d9-ddb5-4fa4-a97d-d965ccfc6d4b" outcome="NotExecuted" testListId="8c84fa94-04c1-424b-9868-57a2d4851a1d" relativeResultsDirectory="5478c96c-9b67-4d2c-b6e9-5a4cfe3d5a4c">
      <Output>
        <StdOut>Test skipped because TestProjects.Spector.Tests.Http._Type._Enum.Extensible.ExtensibleTests.GetKnownValue is currently a stubbed implementation.</StdOut>
        <ErrorInfo>
          <Message>Test skipped because TestProjects.Spector.Tests.Http._Type._Enum.Extensible.ExtensibleTests.GetKnownValue is currently a stubbed implementation.</Message>
        </ErrorInfo>
      </Output>
    </UnitTestResult>
    <UnitTestResult executionId="ace6f1cc-1315-49a2-aa71-04c71da15823" testId="cd05d273-2752-7e15-7631-23830fc3a1a7" testName="NullableFloatValueGet" computerName="pkrvmxyh4eaekms" duration="00:00:00.0000010" startTime="2025-06-24T21:13:51.5391507+00:00" endTime="2025-06-24T21:13:51.5391518+00:00" testType="13cdc9d9-ddb5-4fa4-a97d-d965ccfc6d4b" outcome="NotExecuted" testListId="8c84fa94-04c1-424b-9868-57a2d4851a1d" relativeResultsDirectory="ace6f1cc-1315-49a2-aa71-04c71da15823">
      <Output>
        <StdOut>Test skipped because TestProjects.Spector.Tests.Http._Type.Dictionary.DictionaryTests.NullableFloatValueGet is currently a stubbed implementation.</StdOut>
        <ErrorInfo>
          <Message>Test skipped because TestProjects.Spector.Tests.Http._Type.Dictionary.DictionaryTests.NullableFloatValueGet is currently a stubbed implementation.</Message>
        </ErrorInfo>
      </Output>
    </UnitTestResult>
    <UnitTestResult executionId="4d0e6615-eb44-4b4b-8fcf-6c9295acdaf9" testId="4ebceb0a-8c67-94cb-f060-84037259d0e4" testName="Client_Structure_default_Six" computerName="pkrvmxyh4eaekms" duration="00:00:00.0000020" startTime="2025-06-24T21:13:51.5660175+00:00" endTime="2025-06-24T21:13:51.5660195+00:00" testType="13cdc9d9-ddb5-4fa4-a97d-d965ccfc6d4b" outcome="NotExecuted" testListId="8c84fa94-04c1-424b-9868-57a2d4851a1d" relativeResultsDirectory="4d0e6615-eb44-4b4b-8fcf-6c9295acdaf9">
      <Output>
        <StdOut>Test skipped because TestProjects.Spector.Tests.Http.Client.Structure.Default.DefaultTests.Client_Structure_default_Six is currently a stubbed implementation.</StdOut>
        <ErrorInfo>
          <Message>Test skipped because TestProjects.Spector.Tests.Http.Client.Structure.Default.DefaultTests.Client_Structure_default_Six is currently a stubbed implementation.</Message>
        </ErrorInfo>
      </Output>
    </UnitTestResult>
    <UnitTestResult executionId="1ed6dc0a-8d4d-4cbc-8f69-7c19eddbd1f0" testId="47231bf1-d4a7-8b9b-7db2-84a9b8cd9532" testName="ModelsWithBreakAsync" computerName="pkrvmxyh4eaekms" duration="00:00:00.0000020" startTime="2025-06-24T21:13:51.6324488+00:00" endTime="2025-06-24T21:13:51.6324509+00:00" testType="13cdc9d9-ddb5-4fa4-a97d-d965ccfc6d4b" outcome="NotExecuted" testListId="8c84fa94-04c1-424b-9868-57a2d4851a1d" relativeResultsDirectory="1ed6dc0a-8d4d-4cbc-8f69-7c19eddbd1f0">
      <Output>
        <StdOut>Test skipped because TestProjects.Spector.Tests.Http.SpecialWords.SpecialWordsTests.ModelsWithBreakAsync is currently a stubbed implementation.</StdOut>
        <ErrorInfo>
          <Message>Test skipped because TestProjects.Spector.Tests.Http.SpecialWords.SpecialWordsTests.ModelsWithBreakAsync is currently a stubbed implementation.</Message>
        </ErrorInfo>
      </Output>
    </UnitTestResult>
    <UnitTestResult executionId="cff78ccc-0f56-4a79-8ab4-484e3935fa4a" testId="756696b0-e958-8542-9d46-f99f81e443aa" testName="ExtendsUnknownDerivedPut" computerName="pkrvmxyh4eaekms" duration="00:00:00.0000010" startTime="2025-06-24T21:13:51.5414692+00:00" endTime="2025-06-24T21:13:51.5414706+00:00" testType="13cdc9d9-ddb5-4fa4-a97d-d965ccfc6d4b" outcome="NotExecuted" testListId="8c84fa94-04c1-424b-9868-57a2d4851a1d" relativeResultsDirectory="cff78ccc-0f56-4a79-8ab4-484e3935fa4a">
      <Output>
        <StdOut>Test skipped because TestProjects.Spector.Tests.Http._Type.Property.AdditionalProperties.AdditionalPropertiesTests.ExtendsUnknownDerivedPut is currently a stubbed implementation.</StdOut>
        <ErrorInfo>
          <Message>Test skipped because TestProjects.Spector.Tests.Http._Type.Property.AdditionalProperties.AdditionalPropertiesTests.ExtendsUnknownDerivedPut is currently a stubbed implementation.</Message>
        </ErrorInfo>
      </Output>
    </UnitTestResult>
    <UnitTestResult executionId="3ff2abc2-a870-4b56-a75f-1b784dfd014c" testId="26cc5b1c-7cb4-828d-078d-9e9d640c14e9" testName="QueryContinuationArray" computerName="pkrvmxyh4eaekms" duration="00:00:00.0000020" startTime="2025-06-24T21:13:51.6257896+00:00" endTime="2025-06-24T21:13:51.6257919+00:00" testType="13cdc9d9-ddb5-4fa4-a97d-d965ccfc6d4b" outcome="NotExecuted" testListId="8c84fa94-04c1-424b-9868-57a2d4851a1d" relativeResultsDirectory="3ff2abc2-a870-4b56-a75f-1b784dfd014c">
      <Output>
        <StdOut>https://github.com/microsoft/typespec/issues/5139</StdOut>
        <ErrorInfo>
          <Message>https://github.com/microsoft/typespec/issues/5139</Message>
        </ErrorInfo>
      </Output>
    </UnitTestResult>
    <UnitTestResult executionId="c55139d8-890c-42e9-9c5a-9fc320775bb1" testId="63c270b5-144d-ad80-e5b8-df913b8e372d" testName="DurationPutDefault" computerName="pkrvmxyh4eaekms" duration="00:00:00.0000010" startTime="2025-06-24T21:13:51.5429794+00:00" endTime="2025-06-24T21:13:51.5429805+00:00" testType="13cdc9d9-ddb5-4fa4-a97d-d965ccfc6d4b" outcome="NotExecuted" testListId="8c84fa94-04c1-424b-9868-57a2d4851a1d" relativeResultsDirectory="c55139d8-890c-42e9-9c5a-9fc320775bb1">
      <Output>
        <StdOut>Test skipped because TestProjects.Spector.Tests.Http._Type.Property.Optionality.OptionalityTests.DurationPutDefault is currently a stubbed implementation.</StdOut>
        <ErrorInfo>
          <Message>Test skipped because TestProjects.Spector.Tests.Http._Type.Property.Optionality.OptionalityTests.DurationPutDefault is currently a stubbed implementation.</Message>
        </ErrorInfo>
      </Output>
    </UnitTestResult>
    <UnitTestResult executionId="448935f3-c8d0-492b-8649-b20f5d1f48e3" testId="8f029877-17e2-40b7-8d43-989fea8e4ad9" testName="Three" computerName="pkrvmxyh4eaekms" duration="00:00:00.0000010" startTime="2025-06-24T21:13:51.5447488+00:00" endTime="2025-06-24T21:13:51.5447499+00:00" testType="13cdc9d9-ddb5-4fa4-a97d-d965ccfc6d4b" outcome="NotExecuted" testListId="8c84fa94-04c1-424b-9868-57a2d4851a1d" relativeResultsDirectory="448935f3-c8d0-492b-8649-b20f5d1f48e3">
      <Output>
        <StdOut>Test skipped because TestProjects.Spector.Tests.Http.Client.Structure.ClientOperationGroup.ClientOperationGroupTests.Three is currently a stubbed implementation.</StdOut>
        <ErrorInfo>
          <Message>Test skipped because TestProjects.Spector.Tests.Http.Client.Structure.ClientOperationGroup.ClientOperationGroupTests.Three is currently a stubbed implementation.</Message>
        </ErrorInfo>
      </Output>
    </UnitTestResult>
    <UnitTestResult executionId="a483b83f-d96e-4a5a-86d7-07d0474aa7c0" testId="11784062-63a0-8ef4-2592-94b450fe6db4" testName="ParametersWithAssertAsync" computerName="pkrvmxyh4eaekms" duration="00:00:00.0000020" startTime="2025-06-24T21:13:51.6330075+00:00" endTime="2025-06-24T21:13:51.6330095+00:00" testType="13cdc9d9-ddb5-4fa4-a97d-d965ccfc6d4b" outcome="NotExecuted" testListId="8c84fa94-04c1-424b-9868-57a2d4851a1d" relativeResultsDirectory="a483b83f-d96e-4a5a-86d7-07d0474aa7c0">
      <Output>
        <StdOut>Test skipped because TestProjects.Spector.Tests.Http.SpecialWords.SpecialWordsTests.ParametersWithAssertAsync is currently a stubbed implementation.</StdOut>
        <ErrorInfo>
          <Message>Test skipped because TestProjects.Spector.Tests.Http.SpecialWords.SpecialWordsTests.ParametersWithAssertAsync is currently a stubbed implementation.</Message>
        </ErrorInfo>
      </Output>
    </UnitTestResult>
    <UnitTestResult executionId="47d7a058-fbb9-4c46-ad5a-a50bc4c930d6" testId="637b301a-e43c-c84a-acde-33e031695ce9" testName="NullableStringValueGet" computerName="pkrvmxyh4eaekms" duration="00:00:00.0000010" startTime="2025-06-24T21:13:51.5358817+00:00" endTime="2025-06-24T21:13:51.5358827+00:00" testType="13cdc9d9-ddb5-4fa4-a97d-d965ccfc6d4b" outcome="NotExecuted" testListId="8c84fa94-04c1-424b-9868-57a2d4851a1d" relativeResultsDirectory="47d7a058-fbb9-4c46-ad5a-a50bc4c930d6">
      <Output>
        <StdOut>Test skipped because TestProjects.Spector.Tests.Http._Type._Array.ArrayTests.NullableStringValueGet is currently a stubbed implementation.</StdOut>
        <ErrorInfo>
          <Message>Test skipped because TestProjects.Spector.Tests.Http._Type._Array.ArrayTests.NullableStringValueGet is currently a stubbed implementation.</Message>
        </ErrorInfo>
      </Output>
    </UnitTestResult>
    <UnitTestResult executionId="b5527271-1ae3-494a-949e-f2def96ee7a5" testId="5e67323f-cf69-94c7-e0c9-aba3d32d1006" testName="DecimalPut" computerName="pkrvmxyh4eaekms" duration="00:00:00.0000010" startTime="2025-06-24T21:13:51.5435172+00:00" endTime="2025-06-24T21:13:51.5435185+00:00" testType="13cdc9d9-ddb5-4fa4-a97d-d965ccfc6d4b" outcome="NotExecuted" testListId="8c84fa94-04c1-424b-9868-57a2d4851a1d" relativeResultsDirectory="b5527271-1ae3-494a-949e-f2def96ee7a5">
      <Output>
        <StdOut>Test skipped because TestProjects.Spector.Tests.Http._Type.Property.ValueTypes.ValueTypesTests.DecimalPut is currently a stubbed implementation.</StdOut>
        <ErrorInfo>
          <Message>Test skipped because TestProjects.Spector.Tests.Http._Type.Property.ValueTypes.ValueTypesTests.DecimalPut is currently a stubbed implementation.</Message>
        </ErrorInfo>
      </Output>
    </UnitTestResult>
    <UnitTestResult executionId="32e4e57b-2879-4a11-adc0-d38afb376bf8" testId="b4aa39ea-18fd-59fc-2bb9-72702a97fba6" testName="Client_Structure_default_methods(Client.Structure.Service._Baz.BazFoo,[&quot;Seven&quot;])" computerName="pkrvmxyh4eaekms" duration="00:00:00.0000989" startTime="2025-06-24T21:13:51.5656294+00:00" endTime="2025-06-24T21:13:51.5657279+00:00" testType="13cdc9d9-ddb5-4fa4-a97d-d965ccfc6d4b" outcome="Passed" testListId="8c84fa94-04c1-424b-9868-57a2d4851a1d" relativeResultsDirectory="32e4e57b-2879-4a11-adc0-d38afb376bf8" />
    <UnitTestResult executionId="b60ed9e9-aafb-4eac-8c94-364580da4ca3" testId="794bcebd-d9ca-b41c-937e-e45ed8e0b6f2" testName="IsUnknownDiscriminatedGet" computerName="pkrvmxyh4eaekms" duration="00:00:00.0000010" startTime="2025-06-24T21:13:51.5415654+00:00" endTime="2025-06-24T21:13:51.5415667+00:00" testType="13cdc9d9-ddb5-4fa4-a97d-d965ccfc6d4b" outcome="NotExecuted" testListId="8c84fa94-04c1-424b-9868-57a2d4851a1d" relativeResultsDirectory="b60ed9e9-aafb-4eac-8c94-364580da4ca3">
      <Output>
        <StdOut>Test skipped because TestProjects.Spector.Tests.Http._Type.Property.AdditionalProperties.AdditionalPropertiesTests.IsUnknownDiscriminatedGet is currently a stubbed implementation.</StdOut>
        <ErrorInfo>
          <Message>Test skipped because TestProjects.Spector.Tests.Http._Type.Property.AdditionalProperties.AdditionalPropertiesTests.IsUnknownDiscriminatedGet is currently a stubbed implementation.</Message>
        </ErrorInfo>
      </Output>
    </UnitTestResult>
    <UnitTestResult executionId="ecd3d8b5-b7a9-4010-bb69-e4627cda4abd" testId="456990b0-916a-1b3b-9c18-d8b452e85e47" testName="CheckMadeOptionalMembers" computerName="pkrvmxyh4eaekms" duration="00:00:00.0000060" startTime="2025-06-24T21:13:51.6341193+00:00" endTime="2025-06-24T21:13:51.6341254+00:00" testType="13cdc9d9-ddb5-4fa4-a97d-d965ccfc6d4b" outcome="NotExecuted" testListId="8c84fa94-04c1-424b-9868-57a2d4851a1d" relativeResultsDirectory="ecd3d8b5-b7a9-4010-bb69-e4627cda4abd">
      <Output>
        <StdOut>Test skipped because TestProjects.Spector.Tests.Http.Versioning.MadeOptional.V2.VersioningMadeOptionalV2Tests.CheckMadeOptionalMembers is currently a stubbed implementation.</StdOut>
        <ErrorInfo>
          <Message>Test skipped because TestProjects.Spector.Tests.Http.Versioning.MadeOptional.V2.VersioningMadeOptionalV2Tests.CheckMadeOptionalMembers is currently a stubbed implementation.</Message>
        </ErrorInfo>
      </Output>
    </UnitTestResult>
    <UnitTestResult executionId="3a91ae18-d61b-45af-847a-d68033d1c1d2" testId="a45c7eec-eefc-21e5-2395-81488af44924" testName="BytesPatchNonNull" computerName="pkrvmxyh4eaekms" duration="00:00:00.0000020" startTime="2025-06-24T21:13:51.5425069+00:00" endTime="2025-06-24T21:13:51.5425090+00:00" testType="13cdc9d9-ddb5-4fa4-a97d-d965ccfc6d4b" outcome="NotExecuted" testListId="8c84fa94-04c1-424b-9868-57a2d4851a1d" relativeResultsDirectory="3a91ae18-d61b-45af-847a-d68033d1c1d2">
      <Output>
        <StdOut>Test skipped because TestProjects.Spector.Tests.Http._Type.Property.Nullable.NullableTests.BytesPatchNonNull is currently a stubbed implementation.</StdOut>
        <ErrorInfo>
          <Message>Test skipped because TestProjects.Spector.Tests.Http._Type.Property.Nullable.NullableTests.BytesPatchNonNull is currently a stubbed implementation.</Message>
        </ErrorInfo>
      </Output>
    </UnitTestResult>
    <UnitTestResult executionId="85cbf1af-fab1-4de7-b084-21fb2fc8a935" testId="b9c22bfd-feb2-a009-ec61-d39f06b6b4b0" testName="ReservedTemplate" computerName="pkrvmxyh4eaekms" duration="00:00:00.0000020" startTime="2025-06-24T21:13:51.6256167+00:00" endTime="2025-06-24T21:13:51.6256184+00:00" testType="13cdc9d9-ddb5-4fa4-a97d-d965ccfc6d4b" outcome="NotExecuted" testListId="8c84fa94-04c1-424b-9868-57a2d4851a1d" relativeResultsDirectory="85cbf1af-fab1-4de7-b084-21fb2fc8a935">
      <Output>
        <StdOut>Test skipped because TestProjects.Spector.Tests.Http.Routes.PathParameterTests.ReservedTemplate is currently a stubbed implementation.</StdOut>
        <ErrorInfo>
          <Message>Test skipped because TestProjects.Spector.Tests.Http.Routes.PathParameterTests.ReservedTemplate is currently a stubbed implementation.</Message>
        </ErrorInfo>
      </Output>
    </UnitTestResult>
    <UnitTestResult executionId="af90b1f2-8de4-431e-821b-0598751abaf1" testId="ea52517e-d007-3103-0b9f-f3e1d9092248" testName="StringPut" computerName="pkrvmxyh4eaekms" duration="00:00:00.0000020" startTime="2025-06-24T21:13:51.5440168+00:00" endTime="2025-06-24T21:13:51.5440185+00:00" testType="13cdc9d9-ddb5-4fa4-a97d-d965ccfc6d4b" outcome="NotExecuted" testListId="8c84fa94-04c1-424b-9868-57a2d4851a1d" relativeResultsDirectory="af90b1f2-8de4-431e-821b-0598751abaf1">
      <Output>
        <StdOut>Test skipped because TestProjects.Spector.Tests.Http._Type.Scalar.ScalarTests.StringPut is currently a stubbed implementation.</StdOut>
        <ErrorInfo>
          <Message>Test skipped because TestProjects.Spector.Tests.Http._Type.Scalar.ScalarTests.StringPut is currently a stubbed implementation.</Message>
        </ErrorInfo>
      </Output>
    </UnitTestResult>
    <UnitTestResult executionId="2362de4f-e8ae-4673-bd32-19cc5aa28fc4" testId="2e7408a3-cef0-1987-40df-e8e6dc1cc788" testName="FloatLiteralPut" computerName="pkrvmxyh4eaekms" duration="00:00:00.0000010" startTime="2025-06-24T21:13:51.5435903+00:00" endTime="2025-06-24T21:13:51.5435917+00:00" testType="13cdc9d9-ddb5-4fa4-a97d-d965ccfc6d4b" outcome="NotExecuted" testListId="8c84fa94-04c1-424b-9868-57a2d4851a1d" relativeResultsDirectory="2362de4f-e8ae-4673-bd32-19cc5aa28fc4">
      <Output>
        <StdOut>Test skipped because TestProjects.Spector.Tests.Http._Type.Property.ValueTypes.ValueTypesTests.FloatLiteralPut is currently a stubbed implementation.</StdOut>
        <ErrorInfo>
          <Message>Test skipped because TestProjects.Spector.Tests.Http._Type.Property.ValueTypes.ValueTypesTests.FloatLiteralPut is currently a stubbed implementation.</Message>
        </ErrorInfo>
      </Output>
    </UnitTestResult>
    <UnitTestResult executionId="6bb3986b-a0e1-4e33-9b82-665c3568fb89" testId="ba935187-7aeb-3fd0-d1b9-27e416352e47" testName="RoundTripWithJsonInterfaceNonGenericWire" computerName="pkrvmxyh4eaekms" duration="00:00:00.0000020" startTime="2025-06-24T21:13:51.5405329+00:00" endTime="2025-06-24T21:13:51.5405351+00:00" testType="13cdc9d9-ddb5-4fa4-a97d-d965ccfc6d4b" outcome="NotExecuted" testListId="8c84fa94-04c1-424b-9868-57a2d4851a1d" relativeResultsDirectory="6bb3986b-a0e1-4e33-9b82-665c3568fb89">
      <Output>
        <StdOut>Test skipped because TestProjects.Spector.Tests.Http._Type.Model.Inheritance.SingleDiscriminator.EagleTests.RoundTripWithJsonInterfaceNonGenericWire is currently a stubbed implementation.</StdOut>
        <ErrorInfo>
          <Message>Test skipped because TestProjects.Spector.Tests.Http._Type.Model.Inheritance.SingleDiscriminator.EagleTests.RoundTripWithJsonInterfaceNonGenericWire is currently a stubbed implementation.</Message>
        </ErrorInfo>
      </Output>
    </UnitTestResult>
    <UnitTestResult executionId="b7dcc312-ee0e-42b6-aaa2-16cddd3c140b" testId="c6441f80-b963-54e9-4efb-bc6bd7c605a6" testName="QueryExpansionExplodePrimitive" computerName="pkrvmxyh4eaekms" duration="00:00:00.0000020" startTime="2025-06-24T21:13:51.6258900+00:00" endTime="2025-06-24T21:13:51.6258922+00:00" testType="13cdc9d9-ddb5-4fa4-a97d-d965ccfc6d4b" outcome="NotExecuted" testListId="8c84fa94-04c1-424b-9868-57a2d4851a1d" relativeResultsDirectory="b7dcc312-ee0e-42b6-aaa2-16cddd3c140b">
      <Output>
        <StdOut>Test skipped because TestProjects.Spector.Tests.Http.Routes.QueryParameterTests.QueryExpansionExplodePrimitive is currently a stubbed implementation.</StdOut>
        <ErrorInfo>
          <Message>Test skipped because TestProjects.Spector.Tests.Http.Routes.QueryParameterTests.QueryExpansionExplodePrimitive is currently a stubbed implementation.</Message>
        </ErrorInfo>
      </Output>
    </UnitTestResult>
    <UnitTestResult executionId="bf0b82c0-e4bd-448a-a141-76331ce8526e" testId="76b9f899-9e1d-26dd-eefc-6d3b69deb9bd" testName="PropertyGet" computerName="pkrvmxyh4eaekms" duration="00:00:00.0000060" startTime="2025-06-24T21:13:51.6262191+00:00" endTime="2025-06-24T21:13:51.6262250+00:00" testType="13cdc9d9-ddb5-4fa4-a97d-d965ccfc6d4b" outcome="NotExecuted" testListId="8c84fa94-04c1-424b-9868-57a2d4851a1d" relativeResultsDirectory="bf0b82c0-e4bd-448a-a141-76331ce8526e">
      <Output>
        <StdOut>Test skipped because TestProjects.Spector.Tests.Http.Serialization.EncodedName.Json.EncodedNameJsonTests.PropertyGet is currently a stubbed implementation.</StdOut>
        <ErrorInfo>
          <Message>Test skipped because TestProjects.Spector.Tests.Http.Serialization.EncodedName.Json.EncodedNameJsonTests.PropertyGet is currently a stubbed implementation.</Message>
        </ErrorInfo>
      </Output>
    </UnitTestResult>
    <UnitTestResult executionId="3fa787f4-d641-4a51-ada0-730b7d6357fa" testId="3bbf860e-5bb8-7888-0f1b-3a719ed59bf1" testName="PlaindateGetDefault" computerName="pkrvmxyh4eaekms" duration="00:00:00.0000020" startTime="2025-06-24T21:13:51.5430442+00:00" endTime="2025-06-24T21:13:51.5430460+00:00" testType="13cdc9d9-ddb5-4fa4-a97d-d965ccfc6d4b" outcome="NotExecuted" testListId="8c84fa94-04c1-424b-9868-57a2d4851a1d" relativeResultsDirectory="3fa787f4-d641-4a51-ada0-730b7d6357fa">
      <Output>
        <StdOut>Test skipped because TestProjects.Spector.Tests.Http._Type.Property.Optionality.OptionalityTests.PlaindateGetDefault is currently a stubbed implementation.</StdOut>
        <ErrorInfo>
          <Message>Test skipped because TestProjects.Spector.Tests.Http._Type.Property.Optionality.OptionalityTests.PlaindateGetDefault is currently a stubbed implementation.</Message>
        </ErrorInfo>
      </Output>
    </UnitTestResult>
    <UnitTestResult executionId="ee1d40fe-e2d5-40ad-a669-8249fde971ba" testId="4f32f8c9-44b0-0164-028a-6e2ffe5d418c" testName="RoundTripWithJsonInterfaceNonGenericJson" computerName="pkrvmxyh4eaekms" duration="00:00:00.0000050" startTime="2025-06-24T21:13:51.5419017+00:00" endTime="2025-06-24T21:13:51.5419070+00:00" testType="13cdc9d9-ddb5-4fa4-a97d-d965ccfc6d4b" outcome="NotExecuted" testListId="8c84fa94-04c1-424b-9868-57a2d4851a1d" relativeResultsDirectory="ee1d40fe-e2d5-40ad-a669-8249fde971ba">
      <Output>
        <StdOut>Test skipped because TestProjects.Spector.Tests.Http._Type.Property.AdditionalProperties.DifferentSpreadStringDerivedTests.RoundTripWithJsonInterfaceNonGenericJson is currently a stubbed implementation.</StdOut>
        <ErrorInfo>
          <Message>Test skipped because TestProjects.Spector.Tests.Http._Type.Property.AdditionalProperties.DifferentSpreadStringDerivedTests.RoundTripWithJsonInterfaceNonGenericJson is currently a stubbed implementation.</Message>
        </ErrorInfo>
      </Output>
    </UnitTestResult>
    <UnitTestResult executionId="821f8ce8-dfd5-4fb6-982b-bfba761f9f25" testId="a716507e-3c82-1725-7c5c-3d96809b4ce2" testName="MultiBinaryPartsWithPicture" computerName="pkrvmxyh4eaekms" duration="00:00:00.0004370" startTime="2025-06-24T21:13:51.6237152+00:00" endTime="2025-06-24T21:13:51.6241518+00:00" testType="13cdc9d9-ddb5-4fa4-a97d-d965ccfc6d4b" outcome="Failed" testListId="8c84fa94-04c1-424b-9868-57a2d4851a1d" relativeResultsDirectory="821f8ce8-dfd5-4fb6-982b-bfba761f9f25">
      <Output>
        <ErrorInfo>
          <Message>OneTimeSetUp: System.InvalidOperationException : Cannot find 'node_modules' in parent directories of /home/runner/work/typespec/typespec/packages/http-client-csharp/generator/artifacts/bin/TestProjects.Spector.Tests/Debug/net8.0/TestProjects.Spector.Tests.dll.</Message>
          <StackTrace>
</StackTrace>
        </ErrorInfo>
      </Output>
    </UnitTestResult>
    <UnitTestResult executionId="2434b6cb-066a-4e48-9ce6-acb0aae768e3" testId="c27f4f00-c1f6-6ef9-9bf2-c1f43e89f45d" testName="UnknownDictPut" computerName="pkrvmxyh4eaekms" duration="00:00:00.0000010" startTime="2025-06-24T21:13:51.5437542+00:00" endTime="2025-06-24T21:13:51.5437555+00:00" testType="13cdc9d9-ddb5-4fa4-a97d-d965ccfc6d4b" outcome="NotExecuted" testListId="8c84fa94-04c1-424b-9868-57a2d4851a1d" relativeResultsDirectory="2434b6cb-066a-4e48-9ce6-acb0aae768e3">
      <Output>
        <StdOut>Test skipped because TestProjects.Spector.Tests.Http._Type.Property.ValueTypes.ValueTypesTests.UnknownDictPut is currently a stubbed implementation.</StdOut>
        <ErrorInfo>
          <Message>Test skipped because TestProjects.Spector.Tests.Http._Type.Property.ValueTypes.ValueTypesTests.UnknownDictPut is currently a stubbed implementation.</Message>
        </ErrorInfo>
      </Output>
    </UnitTestResult>
    <UnitTestResult executionId="24086ce6-61e0-46de-8aa7-f8b98eee9d0f" testId="8969d79c-436b-58c6-9a6a-5337945309f4" testName="QueryRfc3339" computerName="pkrvmxyh4eaekms" duration="00:00:00.0000020" startTime="2025-06-24T21:13:51.5882632+00:00" endTime="2025-06-24T21:13:51.5882652+00:00" testType="13cdc9d9-ddb5-4fa4-a97d-d965ccfc6d4b" outcome="NotExecuted" testListId="8c84fa94-04c1-424b-9868-57a2d4851a1d" relativeResultsDirectory="24086ce6-61e0-46de-8aa7-f8b98eee9d0f">
      <Output>
        <StdOut>Test skipped because TestProjects.Spector.Tests.Http.Encode.Datetime.DateTimeTests.QueryRfc3339 is currently a stubbed implementation.</StdOut>
        <ErrorInfo>
          <Message>Test skipped because TestProjects.Spector.Tests.Http.Encode.Datetime.DateTimeTests.QueryRfc3339 is currently a stubbed implementation.</Message>
        </ErrorInfo>
      </Output>
    </UnitTestResult>
    <UnitTestResult executionId="01fc6eb3-d02d-4645-a335-4faedafd05f9" testId="2c9e99c4-fc09-02a4-92e0-905feeb5bfde" testName="Versioning_RenamedFrom_NewInterface" computerName="pkrvmxyh4eaekms" duration="00:00:00.0000020" startTime="2025-06-24T21:13:51.6350479+00:00" endTime="2025-06-24T21:13:51.6350499+00:00" testType="13cdc9d9-ddb5-4fa4-a97d-d965ccfc6d4b" outcome="NotExecuted" testListId="8c84fa94-04c1-424b-9868-57a2d4851a1d" relativeResultsDirectory="01fc6eb3-d02d-4645-a335-4faedafd05f9">
      <Output>
        <StdOut>Test skipped because TestProjects.Spector.Tests.Http.Versioning.RenamedFrom.V2.VersioningRenamedFromTests.Versioning_RenamedFrom_NewInterface is currently a stubbed implementation.</StdOut>
        <ErrorInfo>
          <Message>Test skipped because TestProjects.Spector.Tests.Http.Versioning.RenamedFrom.V2.VersioningRenamedFromTests.Versioning_RenamedFrom_NewInterface is currently a stubbed implementation.</Message>
        </ErrorInfo>
      </Output>
    </UnitTestResult>
    <UnitTestResult executionId="e45a9f28-6f9d-4d9d-9463-8f96c3f7d7e7" testId="55ff28fa-ae0a-1c7a-66fb-8bdcd53582ad" testName="OperationsAwaitAsync" computerName="pkrvmxyh4eaekms" duration="00:00:00.0000020" startTime="2025-06-24T21:13:51.6327299+00:00" endTime="2025-06-24T21:13:51.6327317+00:00" testType="13cdc9d9-ddb5-4fa4-a97d-d965ccfc6d4b" outcome="NotExecuted" testListId="8c84fa94-04c1-424b-9868-57a2d4851a1d" relativeResultsDirectory="e45a9f28-6f9d-4d9d-9463-8f96c3f7d7e7">
      <Output>
        <StdOut>Test skipped because TestProjects.Spector.Tests.Http.SpecialWords.SpecialWordsTests.OperationsAwaitAsync is currently a stubbed implementation.</StdOut>
        <ErrorInfo>
          <Message>Test skipped because TestProjects.Spector.Tests.Http.SpecialWords.SpecialWordsTests.OperationsAwaitAsync is currently a stubbed implementation.</Message>
        </ErrorInfo>
      </Output>
    </UnitTestResult>
    <UnitTestResult executionId="aa1bcc83-e4af-46e9-87a7-090a0bb66292" testId="dcc7fdac-857e-506e-1727-64ae64e3a82b" testName="RoundTripWithModelInterfaceJson" computerName="pkrvmxyh4eaekms" duration="00:00:00.0000020" startTime="2025-06-24T21:13:51.5422397+00:00" endTime="2025-06-24T21:13:51.5422419+00:00" testType="13cdc9d9-ddb5-4fa4-a97d-d965ccfc6d4b" outcome="NotExecuted" testListId="8c84fa94-04c1-424b-9868-57a2d4851a1d" relativeResultsDirectory="aa1bcc83-e4af-46e9-87a7-090a0bb66292">
      <Output>
        <StdOut>Test skipped because TestProjects.Spector.Tests.Http._Type.Property.AdditionalProperties.MultipleSpreadRecordTests.RoundTripWithModelInterfaceJson is currently a stubbed implementation.</StdOut>
        <ErrorInfo>
          <Message>Test skipped because TestProjects.Spector.Tests.Http._Type.Property.AdditionalProperties.MultipleSpreadRecordTests.RoundTripWithModelInterfaceJson is currently a stubbed implementation.</Message>
        </ErrorInfo>
      </Output>
    </UnitTestResult>
    <UnitTestResult executionId="17ab33f6-eb88-4a45-9464-3f9be468631a" testId="17ee7df6-6744-55fc-93c4-441397222e87" testName="SendModelsOnly" computerName="pkrvmxyh4eaekms" duration="00:00:00.0000010" startTime="2025-06-24T21:13:51.5442661+00:00" endTime="2025-06-24T21:13:51.5442674+00:00" testType="13cdc9d9-ddb5-4fa4-a97d-d965ccfc6d4b" outcome="NotExecuted" testListId="8c84fa94-04c1-424b-9868-57a2d4851a1d" relativeResultsDirectory="17ab33f6-eb88-4a45-9464-3f9be468631a">
      <Output>
        <StdOut>Test skipped because TestProjects.Spector.Tests.Http._Type.Union.UnionTests.SendModelsOnly is currently a stubbed implementation.</StdOut>
        <ErrorInfo>
          <Message>Test skipped because TestProjects.Spector.Tests.Http._Type.Union.UnionTests.SendModelsOnly is currently a stubbed implementation.</Message>
        </ErrorInfo>
      </Output>
    </UnitTestResult>
    <UnitTestResult executionId="d9c5ea26-0f07-4c4e-a8df-fb1814c67e83" testId="6979139b-e96e-a45f-c701-3e0a735163d4" testName="CollectionsStringPatchNonNull" computerName="pkrvmxyh4eaekms" duration="00:00:00.0000020" startTime="2025-06-24T21:13:51.5425872+00:00" endTime="2025-06-24T21:13:51.5425890+00:00" testType="13cdc9d9-ddb5-4fa4-a97d-d965ccfc6d4b" outcome="NotExecuted" testListId="8c84fa94-04c1-424b-9868-57a2d4851a1d" relativeResultsDirectory="d9c5ea26-0f07-4c4e-a8df-fb1814c67e83">
      <Output>
        <StdOut>Test skipped because TestProjects.Spector.Tests.Http._Type.Property.Nullable.NullableTests.CollectionsStringPatchNonNull is currently a stubbed implementation.</StdOut>
        <ErrorInfo>
          <Message>Test skipped because TestProjects.Spector.Tests.Http._Type.Property.Nullable.NullableTests.CollectionsStringPatchNonNull is currently a stubbed implementation.</Message>
        </ErrorInfo>
      </Output>
    </UnitTestResult>
    <UnitTestResult executionId="60cf92ad-fc7c-43f4-8050-b845316d464f" testId="6ee1564f-65bc-3b2e-5527-0e3695ae76f4" testName="QueryExpansionPrimitive" computerName="pkrvmxyh4eaekms" duration="00:00:00.0000020" startTime="2025-06-24T21:13:51.6259397+00:00" endTime="2025-06-24T21:13:51.6259419+00:00" testType="13cdc9d9-ddb5-4fa4-a97d-d965ccfc6d4b" outcome="NotExecuted" testListId="8c84fa94-04c1-424b-9868-57a2d4851a1d" relativeResultsDirectory="60cf92ad-fc7c-43f4-8050-b845316d464f">
      <Output>
        <StdOut>Test skipped because TestProjects.Spector.Tests.Http.Routes.QueryParameterTests.QueryExpansionPrimitive is currently a stubbed implementation.</StdOut>
        <ErrorInfo>
          <Message>Test skipped because TestProjects.Spector.Tests.Http.Routes.QueryParameterTests.QueryExpansionPrimitive is currently a stubbed implementation.</Message>
        </ErrorInfo>
      </Output>
    </UnitTestResult>
    <UnitTestResult executionId="05517c83-2dff-435a-9e57-2c479b86ff4f" testId="04863f12-5719-c2d2-15a5-4bdf2429e4a8" testName="UnknownIntGet" computerName="pkrvmxyh4eaekms" duration="00:00:00.0000010" startTime="2025-06-24T21:13:51.5437602+00:00" endTime="2025-06-24T21:13:51.5437617+00:00" testType="13cdc9d9-ddb5-4fa4-a97d-d965ccfc6d4b" outcome="NotExecuted" testListId="8c84fa94-04c1-424b-9868-57a2d4851a1d" relativeResultsDirectory="05517c83-2dff-435a-9e57-2c479b86ff4f">
      <Output>
        <StdOut>Test skipped because TestProjects.Spector.Tests.Http._Type.Property.ValueTypes.ValueTypesTests.UnknownIntGet is currently a stubbed implementation.</StdOut>
        <ErrorInfo>
          <Message>Test skipped because TestProjects.Spector.Tests.Http._Type.Property.ValueTypes.ValueTypesTests.UnknownIntGet is currently a stubbed implementation.</Message>
        </ErrorInfo>
      </Output>
    </UnitTestResult>
    <UnitTestResult executionId="b7e493be-cfe9-4ac2-837a-d4a46230b64a" testId="2f72134a-f5b6-7f01-0dcc-851bb44e0d7c" testName="QueryAnnotationOnly" computerName="pkrvmxyh4eaekms" duration="00:00:00.0000060" startTime="2025-06-24T21:13:51.6257724+00:00" endTime="2025-06-24T21:13:51.6257784+00:00" testType="13cdc9d9-ddb5-4fa4-a97d-d965ccfc6d4b" outcome="NotExecuted" testListId="8c84fa94-04c1-424b-9868-57a2d4851a1d" relativeResultsDirectory="b7e493be-cfe9-4ac2-837a-d4a46230b64a">
      <Output>
        <StdOut>Test skipped because TestProjects.Spector.Tests.Http.Routes.QueryParameterTests.QueryAnnotationOnly is currently a stubbed implementation.</StdOut>
        <ErrorInfo>
          <Message>Test skipped because TestProjects.Spector.Tests.Http.Routes.QueryParameterTests.QueryAnnotationOnly is currently a stubbed implementation.</Message>
        </ErrorInfo>
      </Output>
    </UnitTestResult>
    <UnitTestResult executionId="0553b785-ad97-43ec-bd87-2c1fda5f577d" testId="8bcf2340-1c95-c1d7-e818-316b5fa995b6" testName="RenamedTwo" computerName="pkrvmxyh4eaekms" duration="00:00:00.0000020" startTime="2025-06-24T21:13:51.5662693+00:00" endTime="2025-06-24T21:13:51.5662712+00:00" testType="13cdc9d9-ddb5-4fa4-a97d-d965ccfc6d4b" outcome="NotExecuted" testListId="8c84fa94-04c1-424b-9868-57a2d4851a1d" relativeResultsDirectory="0553b785-ad97-43ec-bd87-2c1fda5f577d">
      <Output>
        <StdOut>Test skipped because TestProjects.Spector.Tests.Http.Client.Structure.MultiClient.MultiClientTests.RenamedTwo is currently a stubbed implementation.</StdOut>
        <ErrorInfo>
          <Message>Test skipped because TestProjects.Spector.Tests.Http.Client.Structure.MultiClient.MultiClientTests.RenamedTwo is currently a stubbed implementation.</Message>
        </ErrorInfo>
      </Output>
    </UnitTestResult>
    <UnitTestResult executionId="bfdf00ee-8d39-4994-826b-393b95f50ac2" testId="721cca9c-73ac-87f2-6b59-fe960c808071" testName="Decimal128TypeResponseBody" computerName="pkrvmxyh4eaekms" duration="00:00:00.0000010" startTime="2025-06-24T21:13:51.5439633+00:00" endTime="2025-06-24T21:13:51.5439645+00:00" testType="13cdc9d9-ddb5-4fa4-a97d-d965ccfc6d4b" outcome="NotExecuted" testListId="8c84fa94-04c1-424b-9868-57a2d4851a1d" relativeResultsDirectory="bfdf00ee-8d39-4994-826b-393b95f50ac2">
      <Output>
        <StdOut>Test skipped because TestProjects.Spector.Tests.Http._Type.Scalar.ScalarTests.Decimal128TypeResponseBody is currently a stubbed implementation.</StdOut>
        <ErrorInfo>
          <Message>Test skipped because TestProjects.Spector.Tests.Http._Type.Scalar.ScalarTests.Decimal128TypeResponseBody is currently a stubbed implementation.</Message>
        </ErrorInfo>
      </Output>
    </UnitTestResult>
    <UnitTestResult executionId="0a9c2064-e9a6-4bf6-8d4f-78558a8799c1" testId="a370824c-143f-13f5-d4f5-8c4b6edcd5fd" testName="GetModel" computerName="pkrvmxyh4eaekms" duration="00:00:00.0000010" startTime="2025-06-24T21:13:51.5397480+00:00" endTime="2025-06-24T21:13:51.5397493+00:00" testType="13cdc9d9-ddb5-4fa4-a97d-d965ccfc6d4b" outcome="NotExecuted" testListId="8c84fa94-04c1-424b-9868-57a2d4851a1d" relativeResultsDirectory="0a9c2064-e9a6-4bf6-8d4f-78558a8799c1">
      <Output>
        <StdOut>Test skipped because TestProjects.Spector.Tests.Http._Type.Model.Inheritance.NestedDiscriminator.NestedDiscriminatorTests.GetModel is currently a stubbed implementation.</StdOut>
        <ErrorInfo>
          <Message>Test skipped because TestProjects.Spector.Tests.Http._Type.Model.Inheritance.NestedDiscriminator.NestedDiscriminatorTests.GetModel is currently a stubbed implementation.</Message>
        </ErrorInfo>
      </Output>
    </UnitTestResult>
    <UnitTestResult executionId="d7f0b1bf-1c8a-4581-86c7-75e7f3a28ab4" testId="b694c13a-a619-a414-6d6f-e83e24402d32" testName="BooleanPut" computerName="pkrvmxyh4eaekms" duration="00:00:00.0000010" startTime="2025-06-24T21:13:51.5434212+00:00" endTime="2025-06-24T21:13:51.5434225+00:00" testType="13cdc9d9-ddb5-4fa4-a97d-d965ccfc6d4b" outcome="NotExecuted" testListId="8c84fa94-04c1-424b-9868-57a2d4851a1d" relativeResultsDirectory="d7f0b1bf-1c8a-4581-86c7-75e7f3a28ab4">
      <Output>
        <StdOut>Test skipped because TestProjects.Spector.Tests.Http._Type.Property.ValueTypes.ValueTypesTests.BooleanPut is currently a stubbed implementation.</StdOut>
        <ErrorInfo>
          <Message>Test skipped because TestProjects.Spector.Tests.Http._Type.Property.ValueTypes.ValueTypesTests.BooleanPut is currently a stubbed implementation.</Message>
        </ErrorInfo>
      </Output>
    </UnitTestResult>
    <UnitTestResult executionId="4ff7d4a6-4d51-40a2-925e-b57438995cb2" testId="6ee5a42b-45cc-f5ed-7dfe-d4b9cf4306e7" testName="CollectionsModelGet" computerName="pkrvmxyh4eaekms" duration="00:00:00.0000020" startTime="2025-06-24T21:13:51.5434514+00:00" endTime="2025-06-24T21:13:51.5434529+00:00" testType="13cdc9d9-ddb5-4fa4-a97d-d965ccfc6d4b" outcome="NotExecuted" testListId="8c84fa94-04c1-424b-9868-57a2d4851a1d" relativeResultsDirectory="4ff7d4a6-4d51-40a2-925e-b57438995cb2">
      <Output>
        <StdOut>Test skipped because TestProjects.Spector.Tests.Http._Type.Property.ValueTypes.ValueTypesTests.CollectionsModelGet is currently a stubbed implementation.</StdOut>
        <ErrorInfo>
          <Message>Test skipped because TestProjects.Spector.Tests.Http._Type.Property.ValueTypes.ValueTypesTests.CollectionsModelGet is currently a stubbed implementation.</Message>
        </ErrorInfo>
      </Output>
    </UnitTestResult>
    <UnitTestResult executionId="3f455139-0123-49de-95f4-ddb5f21c47f5" testId="7bcd4c28-edde-0640-9e1f-76d0d1505b14" testName="CollectionsBytePatchNonNull" computerName="pkrvmxyh4eaekms" duration="00:00:00.0000010" startTime="2025-06-24T21:13:51.5425396+00:00" endTime="2025-06-24T21:13:51.5425411+00:00" testType="13cdc9d9-ddb5-4fa4-a97d-d965ccfc6d4b" outcome="NotExecuted" testListId="8c84fa94-04c1-424b-9868-57a2d4851a1d" relativeResultsDirectory="3f455139-0123-49de-95f4-ddb5f21c47f5">
      <Output>
        <StdOut>Test skipped because TestProjects.Spector.Tests.Http._Type.Property.Nullable.NullableTests.CollectionsBytePatchNonNull is currently a stubbed implementation.</StdOut>
        <ErrorInfo>
          <Message>Test skipped because TestProjects.Spector.Tests.Http._Type.Property.Nullable.NullableTests.CollectionsBytePatchNonNull is currently a stubbed implementation.</Message>
        </ErrorInfo>
      </Output>
    </UnitTestResult>
    <UnitTestResult executionId="04d72029-390a-4902-ad81-ee73f41a2647" testId="c41fe82b-f1d1-dc5d-49d1-c361c22c44b9" testName="StringLiteralPutDefault" computerName="pkrvmxyh4eaekms" duration="00:00:00.0000010" startTime="2025-06-24T21:13:51.5431487+00:00" endTime="2025-06-24T21:13:51.5431500+00:00" testType="13cdc9d9-ddb5-4fa4-a97d-d965ccfc6d4b" outcome="NotExecuted" testListId="8c84fa94-04c1-424b-9868-57a2d4851a1d" relativeResultsDirectory="04d72029-390a-4902-ad81-ee73f41a2647">
      <Output>
        <StdOut>Test skipped because TestProjects.Spector.Tests.Http._Type.Property.Optionality.OptionalityTests.StringLiteralPutDefault is currently a stubbed implementation.</StdOut>
        <ErrorInfo>
          <Message>Test skipped because TestProjects.Spector.Tests.Http._Type.Property.Optionality.OptionalityTests.StringLiteralPutDefault is currently a stubbed implementation.</Message>
        </ErrorInfo>
      </Output>
    </UnitTestResult>
    <UnitTestResult executionId="44fdc422-92a6-455e-8d68-1c1807e77080" testId="fbcfad3b-8f82-8b6e-759e-f0dc8337381f" testName="ModelsWithConstructorAsync" computerName="pkrvmxyh4eaekms" duration="00:00:00.0000020" startTime="2025-06-24T21:13:51.6324653+00:00" endTime="2025-06-24T21:13:51.6324671+00:00" testType="13cdc9d9-ddb5-4fa4-a97d-d965ccfc6d4b" outcome="NotExecuted" testListId="8c84fa94-04c1-424b-9868-57a2d4851a1d" relativeResultsDirectory="44fdc422-92a6-455e-8d68-1c1807e77080">
      <Output>
        <StdOut>Test skipped because TestProjects.Spector.Tests.Http.SpecialWords.SpecialWordsTests.ModelsWithConstructorAsync is currently a stubbed implementation.</StdOut>
        <ErrorInfo>
          <Message>Test skipped because TestProjects.Spector.Tests.Http.SpecialWords.SpecialWordsTests.ModelsWithConstructorAsync is currently a stubbed implementation.</Message>
        </ErrorInfo>
      </Output>
    </UnitTestResult>
    <UnitTestResult executionId="85635a39-c366-48ff-add6-5979c8b02aa6" testId="0a6efd64-17bd-7fad-8755-fa839cacc4a8" testName="SendAsText" computerName="pkrvmxyh4eaekms" duration="00:00:00.0000020" startTime="2025-06-24T21:13:51.6236753+00:00" endTime="2025-06-24T21:13:51.6236770+00:00" testType="13cdc9d9-ddb5-4fa4-a97d-d965ccfc6d4b" outcome="NotExecuted" testListId="8c84fa94-04c1-424b-9868-57a2d4851a1d" relativeResultsDirectory="85635a39-c366-48ff-add6-5979c8b02aa6">
      <Output>
        <StdOut>Test skipped because TestProjects.Spector.Tests.Http.Payload.MediaType.MediaTypeTests.SendAsText is currently a stubbed implementation.</StdOut>
        <ErrorInfo>
          <Message>Test skipped because TestProjects.Spector.Tests.Http.Payload.MediaType.MediaTypeTests.SendAsText is currently a stubbed implementation.</Message>
        </ErrorInfo>
      </Output>
    </UnitTestResult>
    <UnitTestResult executionId="90a12bc1-8028-439d-ab80-8340a9f150d7" testId="3ebb31ab-5f7b-840b-860e-a489a4adf8d2" testName="QueryUnixTimestamp" computerName="pkrvmxyh4eaekms" duration="00:00:00.0000020" startTime="2025-06-24T21:13:51.5882798+00:00" endTime="2025-06-24T21:13:51.5882814+00:00" testType="13cdc9d9-ddb5-4fa4-a97d-d965ccfc6d4b" outcome="NotExecuted" testListId="8c84fa94-04c1-424b-9868-57a2d4851a1d" relativeResultsDirectory="90a12bc1-8028-439d-ab80-8340a9f150d7">
      <Output>
        <StdOut>Test skipped because TestProjects.Spector.Tests.Http.Encode.Datetime.DateTimeTests.QueryUnixTimestamp is currently a stubbed implementation.</StdOut>
        <ErrorInfo>
          <Message>Test skipped because TestProjects.Spector.Tests.Http.Encode.Datetime.DateTimeTests.QueryUnixTimestamp is currently a stubbed implementation.</Message>
        </ErrorInfo>
      </Output>
    </UnitTestResult>
    <UnitTestResult executionId="0510f60a-29a0-4f8b-bfbe-74b842c5881d" testId="1f255460-7731-e75d-e2f1-9fe6820331b6" testName="One" computerName="pkrvmxyh4eaekms" duration="00:00:00.0000010" startTime="2025-06-24T21:13:51.5447379+00:00" endTime="2025-06-24T21:13:51.5447390+00:00" testType="13cdc9d9-ddb5-4fa4-a97d-d965ccfc6d4b" outcome="NotExecuted" testListId="8c84fa94-04c1-424b-9868-57a2d4851a1d" relativeResultsDirectory="0510f60a-29a0-4f8b-bfbe-74b842c5881d">
      <Output>
        <StdOut>Test skipped because TestProjects.Spector.Tests.Http.Client.Structure.ClientOperationGroup.ClientOperationGroupTests.One is currently a stubbed implementation.</StdOut>
        <ErrorInfo>
          <Message>Test skipped because TestProjects.Spector.Tests.Http.Client.Structure.ClientOperationGroup.ClientOperationGroupTests.One is currently a stubbed implementation.</Message>
        </ErrorInfo>
      </Output>
    </UnitTestResult>
    <UnitTestResult executionId="1e9a8083-5188-4617-a19b-e1c8783849e5" testId="5c4fd151-abc5-08e8-2ac5-445c5f3ce20f" testName="InputAndOutput" computerName="pkrvmxyh4eaekms" duration="00:00:00.0000020" startTime="2025-06-24T21:13:51.5410000+00:00" endTime="2025-06-24T21:13:51.5410022+00:00" testType="13cdc9d9-ddb5-4fa4-a97d-d965ccfc6d4b" outcome="NotExecuted" testListId="8c84fa94-04c1-424b-9868-57a2d4851a1d" relativeResultsDirectory="1e9a8083-5188-4617-a19b-e1c8783849e5">
      <Output>
        <StdOut>Test skipped because TestProjects.Spector.Tests.Http._Type.Model.Usage.UsageTests.InputAndOutput is currently a stubbed implementation.</StdOut>
        <ErrorInfo>
          <Message>Test skipped because TestProjects.Spector.Tests.Http._Type.Model.Usage.UsageTests.InputAndOutput is currently a stubbed implementation.</Message>
        </ErrorInfo>
      </Output>
    </UnitTestResult>
    <UnitTestResult executionId="e68bcc47-b15f-46bc-a7c0-af0fba4519e7" testId="76cde181-7f89-8cba-1309-071d722b7a02" testName="RoundTripWithJsonInterfaceUtf8ReaderWire" computerName="pkrvmxyh4eaekms" duration="00:00:00.0000010" startTime="2025-06-24T21:13:51.5422226+00:00" endTime="2025-06-24T21:13:51.5422239+00:00" testType="13cdc9d9-ddb5-4fa4-a97d-d965ccfc6d4b" outcome="NotExecuted" testListId="8c84fa94-04c1-424b-9868-57a2d4851a1d" relativeResultsDirectory="e68bcc47-b15f-46bc-a7c0-af0fba4519e7">
      <Output>
        <StdOut>Test skipped because TestProjects.Spector.Tests.Http._Type.Property.AdditionalProperties.MultipleSpreadRecordTests.RoundTripWithJsonInterfaceUtf8ReaderWire is currently a stubbed implementation.</StdOut>
        <ErrorInfo>
          <Message>Test skipped because TestProjects.Spector.Tests.Http._Type.Property.AdditionalProperties.MultipleSpreadRecordTests.RoundTripWithJsonInterfaceUtf8ReaderWire is currently a stubbed implementation.</Message>
        </ErrorInfo>
      </Output>
    </UnitTestResult>
    <UnitTestResult executionId="85fe5ca7-af6d-4677-af56-5a116c0a8721" testId="f912cb77-5f50-7843-304a-ac19add17cce" testName="Valid" computerName="pkrvmxyh4eaekms" duration="00:00:00.0000010" startTime="2025-06-24T21:13:51.5444660+00:00" endTime="2025-06-24T21:13:51.5444674+00:00" testType="13cdc9d9-ddb5-4fa4-a97d-d965ccfc6d4b" outcome="NotExecuted" testListId="8c84fa94-04c1-424b-9868-57a2d4851a1d" relativeResultsDirectory="85fe5ca7-af6d-4677-af56-5a116c0a8721">
      <Output>
        <StdOut>Test skipped because TestProjects.Spector.Tests.Http.Authentication.ApiKey.ApiKeyTests.Valid is currently a stubbed implementation.</StdOut>
        <ErrorInfo>
          <Message>Test skipped because TestProjects.Spector.Tests.Http.Authentication.ApiKey.ApiKeyTests.Valid is currently a stubbed implementation.</Message>
        </ErrorInfo>
      </Output>
    </UnitTestResult>
    <UnitTestResult executionId="d1a277a0-1892-4efc-a917-45298e1b45c7" testId="9b534261-bbc0-a7ae-1c98-5dd824988fe8" testName="SpreadFloatPut" computerName="pkrvmxyh4eaekms" duration="00:00:00.0000010" startTime="2025-06-24T21:13:51.5416626+00:00" endTime="2025-06-24T21:13:51.5416639+00:00" testType="13cdc9d9-ddb5-4fa4-a97d-d965ccfc6d4b" outcome="NotExecuted" testListId="8c84fa94-04c1-424b-9868-57a2d4851a1d" relativeResultsDirectory="d1a277a0-1892-4efc-a917-45298e1b45c7">
      <Output>
        <StdOut>Test skipped because TestProjects.Spector.Tests.Http._Type.Property.AdditionalProperties.AdditionalPropertiesTests.SpreadFloatPut is currently a stubbed implementation.</StdOut>
        <ErrorInfo>
          <Message>Test skipped because TestProjects.Spector.Tests.Http._Type.Property.AdditionalProperties.AdditionalPropertiesTests.SpreadFloatPut is currently a stubbed implementation.</Message>
        </ErrorInfo>
      </Output>
    </UnitTestResult>
    <UnitTestResult executionId="dce0f288-a553-4e3c-b907-416c46940fad" testId="3c3038ed-1cf4-b000-9ff8-18dc01eebdb6" testName="MyOp" computerName="pkrvmxyh4eaekms" duration="00:00:00.0000050" startTime="2025-06-24T21:13:51.6269451+00:00" endTime="2025-06-24T21:13:51.6269505+00:00" testType="13cdc9d9-ddb5-4fa4-a97d-d965ccfc6d4b" outcome="NotExecuted" testListId="8c84fa94-04c1-424b-9868-57a2d4851a1d" relativeResultsDirectory="dce0f288-a553-4e3c-b907-416c46940fad">
      <Output>
        <StdOut>Test skipped because TestProjects.Spector.Tests.Http.Server.Path.Single.SingleTests.MyOp is currently a stubbed implementation.</StdOut>
        <ErrorInfo>
          <Message>Test skipped because TestProjects.Spector.Tests.Http.Server.Path.Single.SingleTests.MyOp is currently a stubbed implementation.</Message>
        </ErrorInfo>
      </Output>
    </UnitTestResult>
    <UnitTestResult executionId="8431e64d-97d6-4b16-95a8-804dac5e1c05" testId="e5cf0bc7-aa2b-f907-c774-50d191389705" testName="RoundTripWithModelCast" computerName="pkrvmxyh4eaekms" duration="00:00:00.0000020" startTime="2025-06-24T21:13:51.5422296+00:00" endTime="2025-06-24T21:13:51.5422317+00:00" testType="13cdc9d9-ddb5-4fa4-a97d-d965ccfc6d4b" outcome="NotExecuted" testListId="8c84fa94-04c1-424b-9868-57a2d4851a1d" relativeResultsDirectory="8431e64d-97d6-4b16-95a8-804dac5e1c05">
      <Output>
        <StdOut>Test skipped because TestProjects.Spector.Tests.Http._Type.Property.AdditionalProperties.MultipleSpreadRecordTests.RoundTripWithModelCast is currently a stubbed implementation.</StdOut>
        <ErrorInfo>
          <Message>Test skipped because TestProjects.Spector.Tests.Http._Type.Property.AdditionalProperties.MultipleSpreadRecordTests.RoundTripWithModelCast is currently a stubbed implementation.</Message>
        </ErrorInfo>
      </Output>
    </UnitTestResult>
    <UnitTestResult executionId="73158c04-e674-4ef7-a116-29898e2e93cd" testId="aa521387-eb70-2513-ffdb-d2164cc65025" testName="ParametersWithPassAsync" computerName="pkrvmxyh4eaekms" duration="00:00:00.0000020" startTime="2025-06-24T21:13:51.6332431+00:00" endTime="2025-06-24T21:13:51.6332455+00:00" testType="13cdc9d9-ddb5-4fa4-a97d-d965ccfc6d4b" outcome="NotExecuted" testListId="8c84fa94-04c1-424b-9868-57a2d4851a1d" relativeResultsDirectory="73158c04-e674-4ef7-a116-29898e2e93cd">
      <Output>
        <StdOut>Test skipped because TestProjects.Spector.Tests.Http.SpecialWords.SpecialWordsTests.ParametersWithPassAsync is currently a stubbed implementation.</StdOut>
        <ErrorInfo>
          <Message>Test skipped because TestProjects.Spector.Tests.Http.SpecialWords.SpecialWordsTests.ParametersWithPassAsync is currently a stubbed implementation.</Message>
        </ErrorInfo>
      </Output>
    </UnitTestResult>
    <UnitTestResult executionId="8a8d6a29-39c2-49e2-93a1-8e5bec0d2478" testId="788782e3-8264-ef29-ac96-28995966c922" testName="IsStringPut" computerName="pkrvmxyh4eaekms" duration="00:00:00.0000010" startTime="2025-06-24T21:13:51.5415480+00:00" endTime="2025-06-24T21:13:51.5415494+00:00" testType="13cdc9d9-ddb5-4fa4-a97d-d965ccfc6d4b" outcome="NotExecuted" testListId="8c84fa94-04c1-424b-9868-57a2d4851a1d" relativeResultsDirectory="8a8d6a29-39c2-49e2-93a1-8e5bec0d2478">
      <Output>
        <StdOut>Test skipped because TestProjects.Spector.Tests.Http._Type.Property.AdditionalProperties.AdditionalPropertiesTests.IsStringPut is currently a stubbed implementation.</StdOut>
        <ErrorInfo>
          <Message>Test skipped because TestProjects.Spector.Tests.Http._Type.Property.AdditionalProperties.AdditionalPropertiesTests.IsStringPut is currently a stubbed implementation.</Message>
        </ErrorInfo>
      </Output>
    </UnitTestResult>
    <UnitTestResult executionId="3f10149f-5724-4787-b941-95cbbf10bff8" testId="3da7f6f2-0f83-a936-5073-8a10fbd29d04" testName="ThrowsIfUnknownFormat" computerName="pkrvmxyh4eaekms" duration="00:00:00.0000010" startTime="2025-06-24T21:13:51.5420203+00:00" endTime="2025-06-24T21:13:51.5420213+00:00" testType="13cdc9d9-ddb5-4fa4-a97d-d965ccfc6d4b" outcome="NotExecuted" testListId="8c84fa94-04c1-424b-9868-57a2d4851a1d" relativeResultsDirectory="3f10149f-5724-4787-b941-95cbbf10bff8">
      <Output>
        <StdOut>Test skipped because TestProjects.Spector.Tests.Http._Type.Property.AdditionalProperties.DifferentSpreadStringDerivedTests.ThrowsIfUnknownFormat is currently a stubbed implementation.</StdOut>
        <ErrorInfo>
          <Message>Test skipped because TestProjects.Spector.Tests.Http._Type.Property.AdditionalProperties.DifferentSpreadStringDerivedTests.ThrowsIfUnknownFormat is currently a stubbed implementation.</Message>
        </ErrorInfo>
      </Output>
    </UnitTestResult>
    <UnitTestResult executionId="dd0d2147-af3c-42ba-8570-882d5fa938c8" testId="a8227ed7-50e4-572e-da9b-394f0a3dc6b1" testName="TestAddedMembersV1Client" computerName="pkrvmxyh4eaekms" duration="00:00:00.0000060" startTime="2025-06-24T21:13:51.6335237+00:00" endTime="2025-06-24T21:13:51.6335300+00:00" testType="13cdc9d9-ddb5-4fa4-a97d-d965ccfc6d4b" outcome="NotExecuted" testListId="8c84fa94-04c1-424b-9868-57a2d4851a1d" relativeResultsDirectory="dd0d2147-af3c-42ba-8570-882d5fa938c8">
      <Output>
        <StdOut>Test skipped because TestProjects.Spector.Tests.Http.Versioning.Added.V1.VersioningAddedV1Tests.TestAddedMembersV1Client is currently a stubbed implementation.</StdOut>
        <ErrorInfo>
          <Message>Test skipped because TestProjects.Spector.Tests.Http.Versioning.Added.V1.VersioningAddedV1Tests.TestAddedMembersV1Client is currently a stubbed implementation.</Message>
        </ErrorInfo>
      </Output>
    </UnitTestResult>
    <UnitTestResult executionId="eb56fbf2-9a6b-4158-a776-8130cce370f0" testId="7361cc30-aaea-0428-3def-3ef4493b53fd" testName="StringLiteralPutAll" computerName="pkrvmxyh4eaekms" duration="00:00:00.0000010" startTime="2025-06-24T21:13:51.5431430+00:00" endTime="2025-06-24T21:13:51.5431445+00:00" testType="13cdc9d9-ddb5-4fa4-a97d-d965ccfc6d4b" outcome="NotExecuted" testListId="8c84fa94-04c1-424b-9868-57a2d4851a1d" relativeResultsDirectory="eb56fbf2-9a6b-4158-a776-8130cce370f0">
      <Output>
        <StdOut>Test skipped because TestProjects.Spector.Tests.Http._Type.Property.Optionality.OptionalityTests.StringLiteralPutAll is currently a stubbed implementation.</StdOut>
        <ErrorInfo>
          <Message>Test skipped because TestProjects.Spector.Tests.Http._Type.Property.Optionality.OptionalityTests.StringLiteralPutAll is currently a stubbed implementation.</Message>
        </ErrorInfo>
      </Output>
    </UnitTestResult>
    <UnitTestResult executionId="7066c94a-7efd-461e-bf43-ebe1aa2c507f" testId="da26213c-4dea-837f-df51-c6608cd1faba" testName="UnknownStringGet" computerName="pkrvmxyh4eaekms" duration="00:00:00.0000010" startTime="2025-06-24T21:13:51.5437729+00:00" endTime="2025-06-24T21:13:51.5437743+00:00" testType="13cdc9d9-ddb5-4fa4-a97d-d965ccfc6d4b" outcome="NotExecuted" testListId="8c84fa94-04c1-424b-9868-57a2d4851a1d" relativeResultsDirectory="7066c94a-7efd-461e-bf43-ebe1aa2c507f">
      <Output>
        <StdOut>Test skipped because TestProjects.Spector.Tests.Http._Type.Property.ValueTypes.ValueTypesTests.UnknownStringGet is currently a stubbed implementation.</StdOut>
        <ErrorInfo>
          <Message>Test skipped because TestProjects.Spector.Tests.Http._Type.Property.ValueTypes.ValueTypesTests.UnknownStringGet is currently a stubbed implementation.</Message>
        </ErrorInfo>
      </Output>
    </UnitTestResult>
    <UnitTestResult executionId="4b1c872c-aae1-4359-b4fa-f5ccbc588bcd" testId="bcf69323-457d-e740-48b7-4f2f1e16badf" testName="StringPutDefault" computerName="pkrvmxyh4eaekms" duration="00:00:00.0000010" startTime="2025-06-24T21:13:51.5431598+00:00" endTime="2025-06-24T21:13:51.5431610+00:00" testType="13cdc9d9-ddb5-4fa4-a97d-d965ccfc6d4b" outcome="NotExecuted" testListId="8c84fa94-04c1-424b-9868-57a2d4851a1d" relativeResultsDirectory="4b1c872c-aae1-4359-b4fa-f5ccbc588bcd">
      <Output>
        <StdOut>Test skipped because TestProjects.Spector.Tests.Http._Type.Property.Optionality.OptionalityTests.StringPutDefault is currently a stubbed implementation.</StdOut>
        <ErrorInfo>
          <Message>Test skipped because TestProjects.Spector.Tests.Http._Type.Property.Optionality.OptionalityTests.StringPutDefault is currently a stubbed implementation.</Message>
        </ErrorInfo>
      </Output>
    </UnitTestResult>
    <UnitTestResult executionId="bc606a91-4251-40fd-88d8-e8aecdfc35eb" testId="8f8b0be4-a173-b4de-674d-4096cd4d3b98" testName="FloatPut" computerName="pkrvmxyh4eaekms" duration="00:00:00.0000010" startTime="2025-06-24T21:13:51.5435960+00:00" endTime="2025-06-24T21:13:51.5435974+00:00" testType="13cdc9d9-ddb5-4fa4-a97d-d965ccfc6d4b" outcome="NotExecuted" testListId="8c84fa94-04c1-424b-9868-57a2d4851a1d" relativeResultsDirectory="bc606a91-4251-40fd-88d8-e8aecdfc35eb">
      <Output>
        <StdOut>Test skipped because TestProjects.Spector.Tests.Http._Type.Property.ValueTypes.ValueTypesTests.FloatPut is currently a stubbed implementation.</StdOut>
        <ErrorInfo>
          <Message>Test skipped because TestProjects.Spector.Tests.Http._Type.Property.ValueTypes.ValueTypesTests.FloatPut is currently a stubbed implementation.</Message>
        </ErrorInfo>
      </Output>
    </UnitTestResult>
    <UnitTestResult executionId="be639b58-5568-4d14-8d78-692bd29df4b8" testId="b2eda28b-c9e6-7735-0ab7-ea0808cdfdd1" testName="ExtendsDifferentSpreadFloatGet" computerName="pkrvmxyh4eaekms" duration="00:00:00.0000060" startTime="2025-06-24T21:13:51.5413391+00:00" endTime="2025-06-24T21:13:51.5413450+00:00" testType="13cdc9d9-ddb5-4fa4-a97d-d965ccfc6d4b" outcome="NotExecuted" testListId="8c84fa94-04c1-424b-9868-57a2d4851a1d" relativeResultsDirectory="be639b58-5568-4d14-8d78-692bd29df4b8">
      <Output>
        <StdOut>Test skipped because TestProjects.Spector.Tests.Http._Type.Property.AdditionalProperties.AdditionalPropertiesTests.ExtendsDifferentSpreadFloatGet is currently a stubbed implementation.</StdOut>
        <ErrorInfo>
          <Message>Test skipped because TestProjects.Spector.Tests.Http._Type.Property.AdditionalProperties.AdditionalPropertiesTests.ExtendsDifferentSpreadFloatGet is currently a stubbed implementation.</Message>
        </ErrorInfo>
      </Output>
    </UnitTestResult>
    <UnitTestResult executionId="8bef08c5-bd36-429c-9ab1-a9170d7bd906" testId="9df696e6-197b-30b3-2c58-4d63836eeaed" testName="ParametersWithForAsync" computerName="pkrvmxyh4eaekms" duration="00:00:00.0000020" startTime="2025-06-24T21:13:51.6331497+00:00" endTime="2025-06-24T21:13:51.6331521+00:00" testType="13cdc9d9-ddb5-4fa4-a97d-d965ccfc6d4b" outcome="NotExecuted" testListId="8c84fa94-04c1-424b-9868-57a2d4851a1d" relativeResultsDirectory="8bef08c5-bd36-429c-9ab1-a9170d7bd906">
      <Output>
        <StdOut>Test skipped because TestProjects.Spector.Tests.Http.SpecialWords.SpecialWordsTests.ParametersWithForAsync is currently a stubbed implementation.</StdOut>
        <ErrorInfo>
          <Message>Test skipped because TestProjects.Spector.Tests.Http.SpecialWords.SpecialWordsTests.ParametersWithForAsync is currently a stubbed implementation.</Message>
        </ErrorInfo>
      </Output>
    </UnitTestResult>
    <UnitTestResult executionId="85d20819-85af-4a52-98ce-e1cb29348fff" testId="bf43e289-2eab-fb02-da1a-4417f0778d56" testName="Two" computerName="pkrvmxyh4eaekms" duration="00:00:00.0000010" startTime="2025-06-24T21:13:51.5447542+00:00" endTime="2025-06-24T21:13:51.5447553+00:00" testType="13cdc9d9-ddb5-4fa4-a97d-d965ccfc6d4b" outcome="NotExecuted" testListId="8c84fa94-04c1-424b-9868-57a2d4851a1d" relativeResultsDirectory="85d20819-85af-4a52-98ce-e1cb29348fff">
      <Output>
        <StdOut>Test skipped because TestProjects.Spector.Tests.Http.Client.Structure.ClientOperationGroup.ClientOperationGroupTests.Two is currently a stubbed implementation.</StdOut>
        <ErrorInfo>
          <Message>Test skipped because TestProjects.Spector.Tests.Http.Client.Structure.ClientOperationGroup.ClientOperationGroupTests.Two is currently a stubbed implementation.</Message>
        </ErrorInfo>
      </Output>
    </UnitTestResult>
    <UnitTestResult executionId="3d3de209-1300-45af-9231-3fdda3ea0cbc" testId="0638ab0f-7b34-b9ab-bbea-5c2a523683e3" testName="Float32ValueGet" computerName="pkrvmxyh4eaekms" duration="00:00:00.0000010" startTime="2025-06-24T21:13:51.5391049+00:00" endTime="2025-06-24T21:13:51.5391060+00:00" testType="13cdc9d9-ddb5-4fa4-a97d-d965ccfc6d4b" outcome="NotExecuted" testListId="8c84fa94-04c1-424b-9868-57a2d4851a1d" relativeResultsDirectory="3d3de209-1300-45af-9231-3fdda3ea0cbc">
      <Output>
        <StdOut>Test skipped because TestProjects.Spector.Tests.Http._Type.Dictionary.DictionaryTests.Float32ValueGet is currently a stubbed implementation.</StdOut>
        <ErrorInfo>
          <Message>Test skipped because TestProjects.Spector.Tests.Http._Type.Dictionary.DictionaryTests.Float32ValueGet is currently a stubbed implementation.</Message>
        </ErrorInfo>
      </Output>
    </UnitTestResult>
    <UnitTestResult executionId="dcd3a738-cce0-4a10-9263-6f79f07bb9c6" testId="b0ad2dae-d160-a86c-783d-09be99bcb1b1" testName="ParametersWithAwaitAsync" computerName="pkrvmxyh4eaekms" duration="00:00:00.0000030" startTime="2025-06-24T21:13:51.6330251+00:00" endTime="2025-06-24T21:13:51.6330277+00:00" testType="13cdc9d9-ddb5-4fa4-a97d-d965ccfc6d4b" outcome="NotExecuted" testListId="8c84fa94-04c1-424b-9868-57a2d4851a1d" relativeResultsDirectory="dcd3a738-cce0-4a10-9263-6f79f07bb9c6">
      <Output>
        <StdOut>Test skipped because TestProjects.Spector.Tests.Http.SpecialWords.SpecialWordsTests.ParametersWithAwaitAsync is currently a stubbed implementation.</StdOut>
        <ErrorInfo>
          <Message>Test skipped because TestProjects.Spector.Tests.Http.SpecialWords.SpecialWordsTests.ParametersWithAwaitAsync is currently a stubbed implementation.</Message>
        </ErrorInfo>
      </Output>
    </UnitTestResult>
    <UnitTestResult executionId="461dcc4b-4c1c-4485-bd38-9a3ae2950043" testId="9b3f0334-0419-1e3a-0a61-33aca1d25833" testName="FileArrayAndBasic" computerName="pkrvmxyh4eaekms" duration="00:00:00.0004120" startTime="2025-06-24T21:13:51.6237152+00:00" endTime="2025-06-24T21:13:51.6241269+00:00" testType="13cdc9d9-ddb5-4fa4-a97d-d965ccfc6d4b" outcome="Failed" testListId="8c84fa94-04c1-424b-9868-57a2d4851a1d" relativeResultsDirectory="461dcc4b-4c1c-4485-bd38-9a3ae2950043">
      <Output>
        <ErrorInfo>
          <Message>OneTimeSetUp: System.InvalidOperationException : Cannot find 'node_modules' in parent directories of /home/runner/work/typespec/typespec/packages/http-client-csharp/generator/artifacts/bin/TestProjects.Spector.Tests/Debug/net8.0/TestProjects.Spector.Tests.dll.</Message>
          <StackTrace>
</StackTrace>
        </ErrorInfo>
      </Output>
    </UnitTestResult>
    <UnitTestResult executionId="efefd434-7999-4b9b-8532-eb8e66993b7b" testId="9a251989-2418-e1f4-5998-2ea83a890ae9" testName="OperationsClassAsync" computerName="pkrvmxyh4eaekms" duration="00:00:00.0000020" startTime="2025-06-24T21:13:51.6327477+00:00" endTime="2025-06-24T21:13:51.6327496+00:00" testType="13cdc9d9-ddb5-4fa4-a97d-d965ccfc6d4b" outcome="NotExecuted" testListId="8c84fa94-04c1-424b-9868-57a2d4851a1d" relativeResultsDirectory="efefd434-7999-4b9b-8532-eb8e66993b7b">
      <Output>
        <StdOut>Test skipped because TestProjects.Spector.Tests.Http.SpecialWords.SpecialWordsTests.OperationsClassAsync is currently a stubbed implementation.</StdOut>
        <ErrorInfo>
          <Message>Test skipped because TestProjects.Spector.Tests.Http.SpecialWords.SpecialWordsTests.OperationsClassAsync is currently a stubbed implementation.</Message>
        </ErrorInfo>
      </Output>
    </UnitTestResult>
    <UnitTestResult executionId="f6b3aaa9-eabc-4527-b561-d7f12ada3cd7" testId="224167d9-9c7f-8a48-861a-7d93190b39a0" testName="ExtendsDifferentSpreadStringGet" computerName="pkrvmxyh4eaekms" duration="00:00:00.0000010" startTime="2025-06-24T21:13:51.5413951+00:00" endTime="2025-06-24T21:13:51.5413963+00:00" testType="13cdc9d9-ddb5-4fa4-a97d-d965ccfc6d4b" outcome="NotExecuted" testListId="8c84fa94-04c1-424b-9868-57a2d4851a1d" relativeResultsDirectory="f6b3aaa9-eabc-4527-b561-d7f12ada3cd7">
      <Output>
        <StdOut>Test skipped because TestProjects.Spector.Tests.Http._Type.Property.AdditionalProperties.AdditionalPropertiesTests.ExtendsDifferentSpreadStringGet is currently a stubbed implementation.</StdOut>
        <ErrorInfo>
          <Message>Test skipped because TestProjects.Spector.Tests.Http._Type.Property.AdditionalProperties.AdditionalPropertiesTests.ExtendsDifferentSpreadStringGet is currently a stubbed implementation.</Message>
        </ErrorInfo>
      </Output>
    </UnitTestResult>
    <UnitTestResult executionId="49c09351-d8a0-463e-b5c5-49a126b8a0ed" testId="5529553a-9f94-737a-e0ca-8c546ad63b9b" testName="IsUnknownPut" computerName="pkrvmxyh4eaekms" duration="00:00:00.0000010" startTime="2025-06-24T21:13:51.5415833+00:00" endTime="2025-06-24T21:13:51.5415846+00:00" testType="13cdc9d9-ddb5-4fa4-a97d-d965ccfc6d4b" outcome="NotExecuted" testListId="8c84fa94-04c1-424b-9868-57a2d4851a1d" relativeResultsDirectory="49c09351-d8a0-463e-b5c5-49a126b8a0ed">
      <Output>
        <StdOut>Test skipped because TestProjects.Spector.Tests.Http._Type.Property.AdditionalProperties.AdditionalPropertiesTests.IsUnknownPut is currently a stubbed implementation.</StdOut>
        <ErrorInfo>
          <Message>Test skipped because TestProjects.Spector.Tests.Http._Type.Property.AdditionalProperties.AdditionalPropertiesTests.IsUnknownPut is currently a stubbed implementation.</Message>
        </ErrorInfo>
      </Output>
    </UnitTestResult>
    <UnitTestResult executionId="618ca7a9-bfd0-41ab-ade4-b4f7b36cc599" testId="c0c4a31f-9565-98e2-253b-3645a779f416" testName="ParametersWithIfAsync" computerName="pkrvmxyh4eaekms" duration="00:00:00.0000020" startTime="2025-06-24T21:13:51.6331770+00:00" endTime="2025-06-24T21:13:51.6331790+00:00" testType="13cdc9d9-ddb5-4fa4-a97d-d965ccfc6d4b" outcome="NotExecuted" testListId="8c84fa94-04c1-424b-9868-57a2d4851a1d" relativeResultsDirectory="618ca7a9-bfd0-41ab-ade4-b4f7b36cc599">
      <Output>
        <StdOut>Test skipped because TestProjects.Spector.Tests.Http.SpecialWords.SpecialWordsTests.ParametersWithIfAsync is currently a stubbed implementation.</StdOut>
        <ErrorInfo>
          <Message>Test skipped because TestProjects.Spector.Tests.Http.SpecialWords.SpecialWordsTests.ParametersWithIfAsync is currently a stubbed implementation.</Message>
        </ErrorInfo>
      </Output>
    </UnitTestResult>
    <UnitTestResult executionId="06fde00e-1e8e-4525-bf45-fc9d1b870ebd" testId="52ae8eb1-30fe-4437-8223-d4e8b4e8161e" testName="GetStringExtensibleOnly" computerName="pkrvmxyh4eaekms" duration="00:00:00.0000020" startTime="2025-06-24T21:13:51.5442263+00:00" endTime="2025-06-24T21:13:51.5442280+00:00" testType="13cdc9d9-ddb5-4fa4-a97d-d965ccfc6d4b" outcome="NotExecuted" testListId="8c84fa94-04c1-424b-9868-57a2d4851a1d" relativeResultsDirectory="06fde00e-1e8e-4525-bf45-fc9d1b870ebd">
      <Output>
        <StdOut>Test skipped because TestProjects.Spector.Tests.Http._Type.Union.UnionTests.GetStringExtensibleOnly is currently a stubbed implementation.</StdOut>
        <ErrorInfo>
          <Message>Test skipped because TestProjects.Spector.Tests.Http._Type.Union.UnionTests.GetStringExtensibleOnly is currently a stubbed implementation.</Message>
        </ErrorInfo>
      </Output>
    </UnitTestResult>
    <UnitTestResult executionId="d6888f59-3cc6-4dca-b02c-70cc32e5c463" testId="b2a29d83-2255-dfd1-e53d-8365f7ee4c3d" testName="ExtendsFloatGet" computerName="pkrvmxyh4eaekms" duration="00:00:00.0000010" startTime="2025-06-24T21:13:51.5414064+00:00" endTime="2025-06-24T21:13:51.5414075+00:00" testType="13cdc9d9-ddb5-4fa4-a97d-d965ccfc6d4b" outcome="NotExecuted" testListId="8c84fa94-04c1-424b-9868-57a2d4851a1d" relativeResultsDirectory="d6888f59-3cc6-4dca-b02c-70cc32e5c463">
      <Output>
        <StdOut>Test skipped because TestProjects.Spector.Tests.Http._Type.Property.AdditionalProperties.AdditionalPropertiesTests.ExtendsFloatGet is currently a stubbed implementation.</StdOut>
        <ErrorInfo>
          <Message>Test skipped because TestProjects.Spector.Tests.Http._Type.Property.AdditionalProperties.AdditionalPropertiesTests.ExtendsFloatGet is currently a stubbed implementation.</Message>
        </ErrorInfo>
      </Output>
    </UnitTestResult>
    <UnitTestResult executionId="dcae29b9-b7d2-464a-90b9-7cff249cb551" testId="3b51fd06-b989-5910-7830-776b8cb7c56d" testName="CollectionsModelGetAll" computerName="pkrvmxyh4eaekms" duration="00:00:00.0000010" startTime="2025-06-24T21:13:51.5429066+00:00" endTime="2025-06-24T21:13:51.5429078+00:00" testType="13cdc9d9-ddb5-4fa4-a97d-d965ccfc6d4b" outcome="NotExecuted" testListId="8c84fa94-04c1-424b-9868-57a2d4851a1d" relativeResultsDirectory="dcae29b9-b7d2-464a-90b9-7cff249cb551">
      <Output>
        <StdOut>Test skipped because TestProjects.Spector.Tests.Http._Type.Property.Optionality.OptionalityTests.CollectionsModelGetAll is currently a stubbed implementation.</StdOut>
        <ErrorInfo>
          <Message>Test skipped because TestProjects.Spector.Tests.Http._Type.Property.Optionality.OptionalityTests.CollectionsModelGetAll is currently a stubbed implementation.</Message>
        </ErrorInfo>
      </Output>
    </UnitTestResult>
    <UnitTestResult executionId="af893a9b-789f-4b99-9e5b-03dfc9eac8db" testId="1bcc343b-d2d1-90cb-be67-fd2d7f22d67c" testName="ThrowsIfWireIsNotJson" computerName="pkrvmxyh4eaekms" duration="00:00:00.0000010" startTime="2025-06-24T21:13:51.5406505+00:00" endTime="2025-06-24T21:13:51.5406517+00:00" testType="13cdc9d9-ddb5-4fa4-a97d-d965ccfc6d4b" outcome="NotExecuted" testListId="8c84fa94-04c1-424b-9868-57a2d4851a1d" relativeResultsDirectory="af893a9b-789f-4b99-9e5b-03dfc9eac8db">
      <Output>
        <StdOut>Test skipped because TestProjects.Spector.Tests.Http._Type.Model.Inheritance.SingleDiscriminator.EagleTests.ThrowsIfWireIsNotJson is currently a stubbed implementation.</StdOut>
        <ErrorInfo>
          <Message>Test skipped because TestProjects.Spector.Tests.Http._Type.Model.Inheritance.SingleDiscriminator.EagleTests.ThrowsIfWireIsNotJson is currently a stubbed implementation.</Message>
        </ErrorInfo>
      </Output>
    </UnitTestResult>
    <UnitTestResult executionId="0e37c841-61de-4248-8b02-b4e2c6844442" testId="e647956b-268c-f7ca-f221-81f3a3697e5b" testName="DecimalTypeRequestBody" computerName="pkrvmxyh4eaekms" duration="00:00:00.0000010" startTime="2025-06-24T21:13:51.5439808+00:00" endTime="2025-06-24T21:13:51.5439823+00:00" testType="13cdc9d9-ddb5-4fa4-a97d-d965ccfc6d4b" outcome="NotExecuted" testListId="8c84fa94-04c1-424b-9868-57a2d4851a1d" relativeResultsDirectory="0e37c841-61de-4248-8b02-b4e2c6844442">
      <Output>
        <StdOut>Test skipped because TestProjects.Spector.Tests.Http._Type.Scalar.ScalarTests.DecimalTypeRequestBody is currently a stubbed implementation.</StdOut>
        <ErrorInfo>
          <Message>Test skipped because TestProjects.Spector.Tests.Http._Type.Scalar.ScalarTests.DecimalTypeRequestBody is currently a stubbed implementation.</Message>
        </ErrorInfo>
      </Output>
    </UnitTestResult>
    <UnitTestResult executionId="a03892a1-664c-4c83-a377-20d53a8b52c6" testId="853cd726-dcd5-7456-01cf-3cfd3e824e03" testName="HeaderDefault" computerName="pkrvmxyh4eaekms" duration="00:00:00.0000060" startTime="2025-06-24T21:13:51.5885390+00:00" endTime="2025-06-24T21:13:51.5885451+00:00" testType="13cdc9d9-ddb5-4fa4-a97d-d965ccfc6d4b" outcome="NotExecuted" testListId="8c84fa94-04c1-424b-9868-57a2d4851a1d" relativeResultsDirectory="a03892a1-664c-4c83-a377-20d53a8b52c6">
      <Output>
        <StdOut>Test skipped because TestProjects.Spector.Tests.Http.Encode.Duration.EncodeDurationTests.HeaderDefault is currently a stubbed implementation.</StdOut>
        <ErrorInfo>
          <Message>Test skipped because TestProjects.Spector.Tests.Http.Encode.Duration.EncodeDurationTests.HeaderDefault is currently a stubbed implementation.</Message>
        </ErrorInfo>
      </Output>
    </UnitTestResult>
    <UnitTestResult executionId="92d5486d-17d3-4a56-9974-f7cdcbec48ea" testId="c71aa1e1-be3b-f9c5-5c57-091e4c458610" testName="PropertyDefault" computerName="pkrvmxyh4eaekms" duration="00:00:00.0000020" startTime="2025-06-24T21:13:51.5882110+00:00" endTime="2025-06-24T21:13:51.5882127+00:00" testType="13cdc9d9-ddb5-4fa4-a97d-d965ccfc6d4b" outcome="NotExecuted" testListId="8c84fa94-04c1-424b-9868-57a2d4851a1d" relativeResultsDirectory="92d5486d-17d3-4a56-9974-f7cdcbec48ea">
      <Output>
        <StdOut>Test skipped because TestProjects.Spector.Tests.Http.Encode.Datetime.DateTimeTests.PropertyDefault is currently a stubbed implementation.</StdOut>
        <ErrorInfo>
          <Message>Test skipped because TestProjects.Spector.Tests.Http.Encode.Datetime.DateTimeTests.PropertyDefault is currently a stubbed implementation.</Message>
        </ErrorInfo>
      </Output>
    </UnitTestResult>
    <UnitTestResult executionId="bc9993a6-6ed9-429b-a0e1-9d959f5bd578" testId="37b49cca-d169-28e2-3d69-d77a5660c828" testName="StringPut" computerName="pkrvmxyh4eaekms" duration="00:00:00.0000010" startTime="2025-06-24T21:13:51.5436765+00:00" endTime="2025-06-24T21:13:51.5436779+00:00" testType="13cdc9d9-ddb5-4fa4-a97d-d965ccfc6d4b" outcome="NotExecuted" testListId="8c84fa94-04c1-424b-9868-57a2d4851a1d" relativeResultsDirectory="bc9993a6-6ed9-429b-a0e1-9d959f5bd578">
      <Output>
        <StdOut>Test skipped because TestProjects.Spector.Tests.Http._Type.Property.ValueTypes.ValueTypesTests.StringPut is currently a stubbed implementation.</StdOut>
        <ErrorInfo>
          <Message>Test skipped because TestProjects.Spector.Tests.Http._Type.Property.ValueTypes.ValueTypesTests.StringPut is currently a stubbed implementation.</Message>
        </ErrorInfo>
      </Output>
    </UnitTestResult>
    <UnitTestResult executionId="3cd4aed6-622e-4962-a830-cd32a4302d1b" testId="6803ab4a-a38f-9af4-a787-e725955bb02e" testName="OperationsTryAsync" computerName="pkrvmxyh4eaekms" duration="00:00:00.0000020" startTime="2025-06-24T21:13:51.6329530+00:00" endTime="2025-06-24T21:13:51.6329549+00:00" testType="13cdc9d9-ddb5-4fa4-a97d-d965ccfc6d4b" outcome="NotExecuted" testListId="8c84fa94-04c1-424b-9868-57a2d4851a1d" relativeResultsDirectory="3cd4aed6-622e-4962-a830-cd32a4302d1b">
      <Output>
        <StdOut>Test skipped because TestProjects.Spector.Tests.Http.SpecialWords.SpecialWordsTests.OperationsTryAsync is currently a stubbed implementation.</StdOut>
        <ErrorInfo>
          <Message>Test skipped because TestProjects.Spector.Tests.Http.SpecialWords.SpecialWordsTests.OperationsTryAsync is currently a stubbed implementation.</Message>
        </ErrorInfo>
      </Output>
    </UnitTestResult>
    <UnitTestResult executionId="7c8cb3fa-c8d6-41c6-b028-f74a5bcb49d8" testId="2edd1132-7596-8819-f11c-2c357c9d36c2" testName="NullableIntValuePut" computerName="pkrvmxyh4eaekms" duration="00:00:00.0000020" startTime="2025-06-24T21:13:51.5358646+00:00" endTime="2025-06-24T21:13:51.5358664+00:00" testType="13cdc9d9-ddb5-4fa4-a97d-d965ccfc6d4b" outcome="NotExecuted" testListId="8c84fa94-04c1-424b-9868-57a2d4851a1d" relativeResultsDirectory="7c8cb3fa-c8d6-41c6-b028-f74a5bcb49d8">
      <Output>
        <StdOut>Test skipped because TestProjects.Spector.Tests.Http._Type._Array.ArrayTests.NullableIntValuePut is currently a stubbed implementation.</StdOut>
        <ErrorInfo>
          <Message>Test skipped because TestProjects.Spector.Tests.Http._Type._Array.ArrayTests.NullableIntValuePut is currently a stubbed implementation.</Message>
        </ErrorInfo>
      </Output>
    </UnitTestResult>
    <UnitTestResult executionId="93d792f0-5434-4344-b03d-32118dfd9b18" testId="d47d2f98-f284-5a29-1057-1513024baa77" testName="SendStringExtensibleOnly" computerName="pkrvmxyh4eaekms" duration="00:00:00.0000010" startTime="2025-06-24T21:13:51.5442839+00:00" endTime="2025-06-24T21:13:51.5442849+00:00" testType="13cdc9d9-ddb5-4fa4-a97d-d965ccfc6d4b" outcome="NotExecuted" testListId="8c84fa94-04c1-424b-9868-57a2d4851a1d" relativeResultsDirectory="93d792f0-5434-4344-b03d-32118dfd9b18">
      <Output>
        <StdOut>Test skipped because TestProjects.Spector.Tests.Http._Type.Union.UnionTests.SendStringExtensibleOnly is currently a stubbed implementation.</StdOut>
        <ErrorInfo>
          <Message>Test skipped because TestProjects.Spector.Tests.Http._Type.Union.UnionTests.SendStringExtensibleOnly is currently a stubbed implementation.</Message>
        </ErrorInfo>
      </Output>
    </UnitTestResult>
    <UnitTestResult executionId="61386214-6fc1-4858-949a-fbf049b04c31" testId="2e07d8da-c757-8866-28db-4e78a09b52ad" testName="OperationsBreakAsync" computerName="pkrvmxyh4eaekms" duration="00:00:00.0000020" startTime="2025-06-24T21:13:51.6327387+00:00" endTime="2025-06-24T21:13:51.6327410+00:00" testType="13cdc9d9-ddb5-4fa4-a97d-d965ccfc6d4b" outcome="NotExecuted" testListId="8c84fa94-04c1-424b-9868-57a2d4851a1d" relativeResultsDirectory="61386214-6fc1-4858-949a-fbf049b04c31">
      <Output>
        <StdOut>Test skipped because TestProjects.Spector.Tests.Http.SpecialWords.SpecialWordsTests.OperationsBreakAsync is currently a stubbed implementation.</StdOut>
        <ErrorInfo>
          <Message>Test skipped because TestProjects.Spector.Tests.Http.SpecialWords.SpecialWordsTests.OperationsBreakAsync is currently a stubbed implementation.</Message>
        </ErrorInfo>
      </Output>
    </UnitTestResult>
    <UnitTestResult executionId="7b3a45b3-f681-4b47-81f0-ddf0892565e5" testId="8b8076a2-89ca-34ed-d529-5a602ce0fc13" testName="DurationPutAll" computerName="pkrvmxyh4eaekms" duration="00:00:00.0000010" startTime="2025-06-24T21:13:51.5429736+00:00" endTime="2025-06-24T21:13:51.5429750+00:00" testType="13cdc9d9-ddb5-4fa4-a97d-d965ccfc6d4b" outcome="NotExecuted" testListId="8c84fa94-04c1-424b-9868-57a2d4851a1d" relativeResultsDirectory="7b3a45b3-f681-4b47-81f0-ddf0892565e5">
      <Output>
        <StdOut>Test skipped because TestProjects.Spector.Tests.Http._Type.Property.Optionality.OptionalityTests.DurationPutAll is currently a stubbed implementation.</StdOut>
        <ErrorInfo>
          <Message>Test skipped because TestProjects.Spector.Tests.Http._Type.Property.Optionality.OptionalityTests.DurationPutAll is currently a stubbed implementation.</Message>
        </ErrorInfo>
      </Output>
    </UnitTestResult>
    <UnitTestResult executionId="e36fbe75-c212-46a0-99d7-7bfe61e3c01a" testId="241313de-4724-90ee-623b-5cd85525538b" testName="NullableIntValueGet" computerName="pkrvmxyh4eaekms" duration="00:00:00.0000010" startTime="2025-06-24T21:13:51.5358589+00:00" endTime="2025-06-24T21:13:51.5358602+00:00" testType="13cdc9d9-ddb5-4fa4-a97d-d965ccfc6d4b" outcome="NotExecuted" testListId="8c84fa94-04c1-424b-9868-57a2d4851a1d" relativeResultsDirectory="e36fbe75-c212-46a0-99d7-7bfe61e3c01a">
      <Output>
        <StdOut>Test skipped because TestProjects.Spector.Tests.Http._Type._Array.ArrayTests.NullableIntValueGet is currently a stubbed implementation.</StdOut>
        <ErrorInfo>
          <Message>Test skipped because TestProjects.Spector.Tests.Http._Type._Array.ArrayTests.NullableIntValueGet is currently a stubbed implementation.</Message>
        </ErrorInfo>
      </Output>
    </UnitTestResult>
    <UnitTestResult executionId="8d13d86f-be52-4191-9317-e6360fadf846" testId="380ef134-85bf-9835-09e6-9666657d5e58" testName="WithOperationPathParam" computerName="pkrvmxyh4eaekms" duration="00:00:00.0000020" startTime="2025-06-24T21:13:51.6267429+00:00" endTime="2025-06-24T21:13:51.6267452+00:00" testType="13cdc9d9-ddb5-4fa4-a97d-d965ccfc6d4b" outcome="NotExecuted" testListId="8c84fa94-04c1-424b-9868-57a2d4851a1d" relativeResultsDirectory="8d13d86f-be52-4191-9317-e6360fadf846">
      <Output>
        <StdOut>Test skipped because TestProjects.Spector.Tests.Http.Server.Path.Multiple.MultipleTests.WithOperationPathParam is currently a stubbed implementation.</StdOut>
        <ErrorInfo>
          <Message>Test skipped because TestProjects.Spector.Tests.Http.Server.Path.Multiple.MultipleTests.WithOperationPathParam is currently a stubbed implementation.</Message>
        </ErrorInfo>
      </Output>
    </UnitTestResult>
    <UnitTestResult executionId="40da6477-1735-48f7-be45-99de56472cdd" testId="f9684b62-7e22-11d3-3fe5-ae3af5778ca7" testName="FloatGet" computerName="pkrvmxyh4eaekms" duration="00:00:00.0000020" startTime="2025-06-24T21:13:51.5435757+00:00" endTime="2025-06-24T21:13:51.5435777+00:00" testType="13cdc9d9-ddb5-4fa4-a97d-d965ccfc6d4b" outcome="NotExecuted" testListId="8c84fa94-04c1-424b-9868-57a2d4851a1d" relativeResultsDirectory="40da6477-1735-48f7-be45-99de56472cdd">
      <Output>
        <StdOut>Test skipped because TestProjects.Spector.Tests.Http._Type.Property.ValueTypes.ValueTypesTests.FloatGet is currently a stubbed implementation.</StdOut>
        <ErrorInfo>
          <Message>Test skipped because TestProjects.Spector.Tests.Http._Type.Property.ValueTypes.ValueTypesTests.FloatGet is currently a stubbed implementation.</Message>
        </ErrorInfo>
      </Output>
    </UnitTestResult>
    <UnitTestResult executionId="02dafd78-a584-4f90-87db-5f832a465242" testId="60798962-4482-df1a-2ef3-330ba8776b7d" testName="HeaderFloatSeconds" computerName="pkrvmxyh4eaekms" duration="00:00:00.0000020" startTime="2025-06-24T21:13:51.5885658+00:00" endTime="2025-06-24T21:13:51.5885678+00:00" testType="13cdc9d9-ddb5-4fa4-a97d-d965ccfc6d4b" outcome="NotExecuted" testListId="8c84fa94-04c1-424b-9868-57a2d4851a1d" relativeResultsDirectory="02dafd78-a584-4f90-87db-5f832a465242">
      <Output>
        <StdOut>Test skipped because TestProjects.Spector.Tests.Http.Encode.Duration.EncodeDurationTests.HeaderFloatSeconds is currently a stubbed implementation.</StdOut>
        <ErrorInfo>
          <Message>Test skipped because TestProjects.Spector.Tests.Http.Encode.Duration.EncodeDurationTests.HeaderFloatSeconds is currently a stubbed implementation.</Message>
        </ErrorInfo>
      </Output>
    </UnitTestResult>
    <UnitTestResult executionId="48dba94d-b1ad-406d-9bcb-3f9a8234ffd3" testId="ea4f3608-3ede-1988-a798-afc3c2661b6a" testName="BooleanGet" computerName="pkrvmxyh4eaekms" duration="00:00:00.0000050" startTime="2025-06-24T21:13:51.5439278+00:00" endTime="2025-06-24T21:13:51.5439333+00:00" testType="13cdc9d9-ddb5-4fa4-a97d-d965ccfc6d4b" outcome="NotExecuted" testListId="8c84fa94-04c1-424b-9868-57a2d4851a1d" relativeResultsDirectory="48dba94d-b1ad-406d-9bcb-3f9a8234ffd3">
      <Output>
        <StdOut>Test skipped because TestProjects.Spector.Tests.Http._Type.Scalar.ScalarTests.BooleanGet is currently a stubbed implementation.</StdOut>
        <ErrorInfo>
          <Message>Test skipped because TestProjects.Spector.Tests.Http._Type.Scalar.ScalarTests.BooleanGet is currently a stubbed implementation.</Message>
        </ErrorInfo>
      </Output>
    </UnitTestResult>
    <UnitTestResult executionId="fbc1b2b3-8c0b-40eb-91c6-f029e40045df" testId="84c68c41-caad-1796-2855-424d4e73b866" testName="CollectionsModelGetNull" computerName="pkrvmxyh4eaekms" duration="00:00:00.0000010" startTime="2025-06-24T21:13:51.5425572+00:00" endTime="2025-06-24T21:13:51.5425583+00:00" testType="13cdc9d9-ddb5-4fa4-a97d-d965ccfc6d4b" outcome="NotExecuted" testListId="8c84fa94-04c1-424b-9868-57a2d4851a1d" relativeResultsDirectory="fbc1b2b3-8c0b-40eb-91c6-f029e40045df">
      <Output>
        <StdOut>Test skipped because TestProjects.Spector.Tests.Http._Type.Property.Nullable.NullableTests.CollectionsModelGetNull is currently a stubbed implementation.</StdOut>
        <ErrorInfo>
          <Message>Test skipped because TestProjects.Spector.Tests.Http._Type.Property.Nullable.NullableTests.CollectionsModelGetNull is currently a stubbed implementation.</Message>
        </ErrorInfo>
      </Output>
    </UnitTestResult>
    <UnitTestResult executionId="8abeced1-83e9-4320-9ab5-6590ea832ca7" testId="5536ca78-35df-9a76-afff-9e81cc6fd0a7" testName="PutKnownValue" computerName="pkrvmxyh4eaekms" duration="00:00:00.0000030" startTime="2025-06-24T21:13:51.5387492+00:00" endTime="2025-06-24T21:13:51.5387522+00:00" testType="13cdc9d9-ddb5-4fa4-a97d-d965ccfc6d4b" outcome="NotExecuted" testListId="8c84fa94-04c1-424b-9868-57a2d4851a1d" relativeResultsDirectory="8abeced1-83e9-4320-9ab5-6590ea832ca7">
      <Output>
        <StdOut>Test skipped because TestProjects.Spector.Tests.Http._Type._Enum.Extensible.ExtensibleTests.PutKnownValue is currently a stubbed implementation.</StdOut>
        <ErrorInfo>
          <Message>Test skipped because TestProjects.Spector.Tests.Http._Type._Enum.Extensible.ExtensibleTests.PutKnownValue is currently a stubbed implementation.</Message>
        </ErrorInfo>
      </Output>
    </UnitTestResult>
    <UnitTestResult executionId="ee310398-06f7-4e8e-a163-ebe8a85f07c2" testId="f45be44c-3cb5-137c-d584-e9e7bd473cb3" testName="StringGetAll" computerName="pkrvmxyh4eaekms" duration="00:00:00.0000010" startTime="2025-06-24T21:13:51.5431098+00:00" endTime="2025-06-24T21:13:51.5431112+00:00" testType="13cdc9d9-ddb5-4fa4-a97d-d965ccfc6d4b" outcome="NotExecuted" testListId="8c84fa94-04c1-424b-9868-57a2d4851a1d" relativeResultsDirectory="ee310398-06f7-4e8e-a163-ebe8a85f07c2">
      <Output>
        <StdOut>Test skipped because TestProjects.Spector.Tests.Http._Type.Property.Optionality.OptionalityTests.StringGetAll is currently a stubbed implementation.</StdOut>
        <ErrorInfo>
          <Message>Test skipped because TestProjects.Spector.Tests.Http._Type.Property.Optionality.OptionalityTests.StringGetAll is currently a stubbed implementation.</Message>
        </ErrorInfo>
      </Output>
    </UnitTestResult>
    <UnitTestResult executionId="fcbbd3ff-e2fe-45b9-80ff-89c684a63880" testId="43a0f7aa-d93e-d087-738b-a7df47b12c57" testName="QueryInt32SecondsArray" computerName="pkrvmxyh4eaekms" duration="00:00:00.0000020" startTime="2025-06-24T21:13:51.5887453+00:00" endTime="2025-06-24T21:13:51.5887471+00:00" testType="13cdc9d9-ddb5-4fa4-a97d-d965ccfc6d4b" outcome="NotExecuted" testListId="8c84fa94-04c1-424b-9868-57a2d4851a1d" relativeResultsDirectory="fcbbd3ff-e2fe-45b9-80ff-89c684a63880">
      <Output>
        <StdOut>Test skipped because TestProjects.Spector.Tests.Http.Encode.Duration.EncodeDurationTests.QueryInt32SecondsArray is currently a stubbed implementation.</StdOut>
        <ErrorInfo>
          <Message>Test skipped because TestProjects.Spector.Tests.Http.Encode.Duration.EncodeDurationTests.QueryInt32SecondsArray is currently a stubbed implementation.</Message>
        </ErrorInfo>
      </Output>
    </UnitTestResult>
    <UnitTestResult executionId="01fe632e-8790-4fca-a981-2174d8f1fda2" testId="c8ddc760-1d64-b23f-dc2f-69ce2d4136a2" testName="BytesPatchNull" computerName="pkrvmxyh4eaekms" duration="00:00:00.0000020" startTime="2025-06-24T21:13:51.5425157+00:00" endTime="2025-06-24T21:13:51.5425180+00:00" testType="13cdc9d9-ddb5-4fa4-a97d-d965ccfc6d4b" outcome="NotExecuted" testListId="8c84fa94-04c1-424b-9868-57a2d4851a1d" relativeResultsDirectory="01fe632e-8790-4fca-a981-2174d8f1fda2">
      <Output>
        <StdOut>Test skipped because TestProjects.Spector.Tests.Http._Type.Property.Nullable.NullableTests.BytesPatchNull is currently a stubbed implementation.</StdOut>
        <ErrorInfo>
          <Message>Test skipped because TestProjects.Spector.Tests.Http._Type.Property.Nullable.NullableTests.BytesPatchNull is currently a stubbed implementation.</Message>
        </ErrorInfo>
      </Output>
    </UnitTestResult>
    <UnitTestResult executionId="0c0c9700-0ca7-40e8-ac27-d030fd7f4ccd" testId="b38da084-cc1e-3d26-f741-2b942b257eeb" testName="ResponseBodyBase64" computerName="pkrvmxyh4eaekms" duration="00:00:00.0138680" startTime="2025-06-24T21:13:51.5740544+00:00" endTime="2025-06-24T21:13:51.5879224+00:00" testType="13cdc9d9-ddb5-4fa4-a97d-d965ccfc6d4b" outcome="Failed" testListId="8c84fa94-04c1-424b-9868-57a2d4851a1d" relativeResultsDirectory="0c0c9700-0ca7-40e8-ac27-d030fd7f4ccd">
      <Output>
        <ErrorInfo>
          <Message>OneTimeSetUp: System.InvalidOperationException : Cannot find 'node_modules' in parent directories of /home/runner/work/typespec/typespec/packages/http-client-csharp/generator/artifacts/bin/TestProjects.Spector.Tests/Debug/net8.0/TestProjects.Spector.Tests.dll.</Message>
          <StackTrace>
</StackTrace>
        </ErrorInfo>
      </Output>
    </UnitTestResult>
    <UnitTestResult executionId="b5fdef63-ebd1-42ff-a2cc-228cf833ec7e" testId="42bcab30-c59c-4772-aff6-9def1e1cc633" testName="Versioning_Removed_v2" computerName="pkrvmxyh4eaekms" duration="00:00:00.0000020" startTime="2025-06-24T21:13:51.6345609+00:00" endTime="2025-06-24T21:13:51.6345630+00:00" testType="13cdc9d9-ddb5-4fa4-a97d-d965ccfc6d4b" outcome="NotExecuted" testListId="8c84fa94-04c1-424b-9868-57a2d4851a1d" relativeResultsDirectory="b5fdef63-ebd1-42ff-a2cc-228cf833ec7e">
      <Output>
        <StdOut>Test skipped because TestProjects.Spector.Tests.Http.Versioning.Removed.V2.VersioningRemovedV2Tests.Versioning_Removed_v2 is currently a stubbed implementation.</StdOut>
        <ErrorInfo>
          <Message>Test skipped because TestProjects.Spector.Tests.Http.Versioning.Removed.V2.VersioningRemovedV2Tests.Versioning_Removed_v2 is currently a stubbed implementation.</Message>
        </ErrorInfo>
      </Output>
    </UnitTestResult>
    <UnitTestResult executionId="8c7fdad7-f6a8-421f-9cc9-2553e4e106fe" testId="114cbfe1-01a0-9cad-ad06-e9bae8d419c7" testName="ResponseBodyOctetStream" computerName="pkrvmxyh4eaekms" duration="00:00:00.0138810" startTime="2025-06-24T21:13:51.5740544+00:00" endTime="2025-06-24T21:13:51.5879354+00:00" testType="13cdc9d9-ddb5-4fa4-a97d-d965ccfc6d4b" outcome="Failed" testListId="8c84fa94-04c1-424b-9868-57a2d4851a1d" relativeResultsDirectory="8c7fdad7-f6a8-421f-9cc9-2553e4e106fe">
      <Output>
        <ErrorInfo>
          <Message>OneTimeSetUp: System.InvalidOperationException : Cannot find 'node_modules' in parent directories of /home/runner/work/typespec/typespec/packages/http-client-csharp/generator/artifacts/bin/TestProjects.Spector.Tests/Debug/net8.0/TestProjects.Spector.Tests.dll.</Message>
          <StackTrace>
</StackTrace>
        </ErrorInfo>
      </Output>
    </UnitTestResult>
    <UnitTestResult executionId="0e68e3a5-800c-45de-b42d-266c25880dfc" testId="b4ae6cd0-209a-9596-96c4-8d34792df1ed" testName="IsUnknownDerivedGet" computerName="pkrvmxyh4eaekms" duration="00:00:00.0000010" startTime="2025-06-24T21:13:51.5415539+00:00" endTime="2025-06-24T21:13:51.5415553+00:00" testType="13cdc9d9-ddb5-4fa4-a97d-d965ccfc6d4b" outcome="NotExecuted" testListId="8c84fa94-04c1-424b-9868-57a2d4851a1d" relativeResultsDirectory="0e68e3a5-800c-45de-b42d-266c25880dfc">
      <Output>
        <StdOut>Test skipped because TestProjects.Spector.Tests.Http._Type.Property.AdditionalProperties.AdditionalPropertiesTests.IsUnknownDerivedGet is currently a stubbed implementation.</StdOut>
        <ErrorInfo>
          <Message>Test skipped because TestProjects.Spector.Tests.Http._Type.Property.AdditionalProperties.AdditionalPropertiesTests.IsUnknownDerivedGet is currently a stubbed implementation.</Message>
        </ErrorInfo>
      </Output>
    </UnitTestResult>
    <UnitTestResult executionId="72a3d834-e026-42cd-a2ca-a123a0b488d2" testId="f0bab84c-08b2-7fff-bc8e-d0b7fbad91b8" testName="RoundTripWithModelCast" computerName="pkrvmxyh4eaekms" duration="00:00:00.0000010" startTime="2025-06-24T21:13:51.5405822+00:00" endTime="2025-06-24T21:13:51.5405834+00:00" testType="13cdc9d9-ddb5-4fa4-a97d-d965ccfc6d4b" outcome="NotExecuted" testListId="8c84fa94-04c1-424b-9868-57a2d4851a1d" relativeResultsDirectory="72a3d834-e026-42cd-a2ca-a123a0b488d2">
      <Output>
        <StdOut>Test skipped because TestProjects.Spector.Tests.Http._Type.Model.Inheritance.SingleDiscriminator.EagleTests.RoundTripWithModelCast is currently a stubbed implementation.</StdOut>
        <ErrorInfo>
          <Message>Test skipped because TestProjects.Spector.Tests.Http._Type.Model.Inheritance.SingleDiscriminator.EagleTests.RoundTripWithModelCast is currently a stubbed implementation.</Message>
        </ErrorInfo>
      </Output>
    </UnitTestResult>
    <UnitTestResult executionId="d678ac25-2cba-4aee-88e3-a47829fdc754" testId="608674e4-0337-763e-debe-487c1c4b6d01" testName="PlaindatePutDefault" computerName="pkrvmxyh4eaekms" duration="00:00:00.0000010" startTime="2025-06-24T21:13:51.5430587+00:00" endTime="2025-06-24T21:13:51.5430600+00:00" testType="13cdc9d9-ddb5-4fa4-a97d-d965ccfc6d4b" outcome="NotExecuted" testListId="8c84fa94-04c1-424b-9868-57a2d4851a1d" relativeResultsDirectory="d678ac25-2cba-4aee-88e3-a47829fdc754">
      <Output>
        <StdOut>Test skipped because TestProjects.Spector.Tests.Http._Type.Property.Optionality.OptionalityTests.PlaindatePutDefault is currently a stubbed implementation.</StdOut>
        <ErrorInfo>
          <Message>Test skipped because TestProjects.Spector.Tests.Http._Type.Property.Optionality.OptionalityTests.PlaindatePutDefault is currently a stubbed implementation.</Message>
        </ErrorInfo>
      </Output>
    </UnitTestResult>
    <UnitTestResult executionId="d2be8d74-f93b-43b9-b57a-40698f07dae9" testId="9050a8da-f692-333f-b931-03996d2d9a89" testName="HeaderUnixTimestampArray" computerName="pkrvmxyh4eaekms" duration="00:00:00.0000020" startTime="2025-06-24T21:13:51.5882023+00:00" endTime="2025-06-24T21:13:51.5882041+00:00" testType="13cdc9d9-ddb5-4fa4-a97d-d965ccfc6d4b" outcome="NotExecuted" testListId="8c84fa94-04c1-424b-9868-57a2d4851a1d" relativeResultsDirectory="d2be8d74-f93b-43b9-b57a-40698f07dae9">
      <Output>
        <StdOut>Test skipped because TestProjects.Spector.Tests.Http.Encode.Datetime.DateTimeTests.HeaderUnixTimestampArray is currently a stubbed implementation.</StdOut>
        <ErrorInfo>
          <Message>Test skipped because TestProjects.Spector.Tests.Http.Encode.Datetime.DateTimeTests.HeaderUnixTimestampArray is currently a stubbed implementation.</Message>
        </ErrorInfo>
      </Output>
    </UnitTestResult>
    <UnitTestResult executionId="bc39d290-00fa-47e1-87f2-3296bbe28133" testId="7378290a-d1d1-94d7-fddb-cdb50a9fdc87" testName="Decimal128TypeRequestParameter" computerName="pkrvmxyh4eaekms" duration="00:00:00.0000020" startTime="2025-06-24T21:13:51.5439574+00:00" endTime="2025-06-24T21:13:51.5439589+00:00" testType="13cdc9d9-ddb5-4fa4-a97d-d965ccfc6d4b" outcome="NotExecuted" testListId="8c84fa94-04c1-424b-9868-57a2d4851a1d" relativeResultsDirectory="bc39d290-00fa-47e1-87f2-3296bbe28133">
      <Output>
        <StdOut>Test skipped because TestProjects.Spector.Tests.Http._Type.Scalar.ScalarTests.Decimal128TypeRequestParameter is currently a stubbed implementation.</StdOut>
        <ErrorInfo>
          <Message>Test skipped because TestProjects.Spector.Tests.Http._Type.Scalar.ScalarTests.Decimal128TypeRequestParameter is currently a stubbed implementation.</Message>
        </ErrorInfo>
      </Output>
    </UnitTestResult>
    <UnitTestResult executionId="9b9b5284-5315-4d90-aa4f-d34dfdf630ec" testId="3a20acdb-c96c-72e7-6b5a-e2e0f661b452" testName="IntLiteralPut" computerName="pkrvmxyh4eaekms" duration="00:00:00.0000010" startTime="2025-06-24T21:13:51.5436143+00:00" endTime="2025-06-24T21:13:51.5436156+00:00" testType="13cdc9d9-ddb5-4fa4-a97d-d965ccfc6d4b" outcome="NotExecuted" testListId="8c84fa94-04c1-424b-9868-57a2d4851a1d" relativeResultsDirectory="9b9b5284-5315-4d90-aa4f-d34dfdf630ec">
      <Output>
        <StdOut>Test skipped because TestProjects.Spector.Tests.Http._Type.Property.ValueTypes.ValueTypesTests.IntLiteralPut is currently a stubbed implementation.</StdOut>
        <ErrorInfo>
          <Message>Test skipped because TestProjects.Spector.Tests.Http._Type.Property.ValueTypes.ValueTypesTests.IntLiteralPut is currently a stubbed implementation.</Message>
        </ErrorInfo>
      </Output>
    </UnitTestResult>
    <UnitTestResult executionId="e0e779f0-3c72-45bd-8012-315a7b582615" testId="b99183ff-68db-d2e1-6d20-4951e5134566" testName="RequestBodyOctetStream" computerName="pkrvmxyh4eaekms" duration="00:00:00.0138650" startTime="2025-06-24T21:13:51.5740544+00:00" endTime="2025-06-24T21:13:51.5879192+00:00" testType="13cdc9d9-ddb5-4fa4-a97d-d965ccfc6d4b" outcome="Failed" testListId="8c84fa94-04c1-424b-9868-57a2d4851a1d" relativeResultsDirectory="e0e779f0-3c72-45bd-8012-315a7b582615">
      <Output>
        <ErrorInfo>
          <Message>OneTimeSetUp: System.InvalidOperationException : Cannot find 'node_modules' in parent directories of /home/runner/work/typespec/typespec/packages/http-client-csharp/generator/artifacts/bin/TestProjects.Spector.Tests/Debug/net8.0/TestProjects.Spector.Tests.dll.</Message>
          <StackTrace>
</StackTrace>
        </ErrorInfo>
      </Output>
    </UnitTestResult>
    <UnitTestResult executionId="a5a12fa6-f03b-4c59-8c63-024fed39211b" testId="53ea5535-43bc-1eb0-a359-c1ed13ff33ea" testName="SendAsJson" computerName="pkrvmxyh4eaekms" duration="00:00:00.0000020" startTime="2025-06-24T21:13:51.6236666+00:00" endTime="2025-06-24T21:13:51.6236687+00:00" testType="13cdc9d9-ddb5-4fa4-a97d-d965ccfc6d4b" outcome="NotExecuted" testListId="8c84fa94-04c1-424b-9868-57a2d4851a1d" relativeResultsDirectory="a5a12fa6-f03b-4c59-8c63-024fed39211b">
      <Output>
        <StdOut>Test skipped because TestProjects.Spector.Tests.Http.Payload.MediaType.MediaTypeTests.SendAsJson is currently a stubbed implementation.</StdOut>
        <ErrorInfo>
          <Message>Test skipped because TestProjects.Spector.Tests.Http.Payload.MediaType.MediaTypeTests.SendAsJson is currently a stubbed implementation.</Message>
        </ErrorInfo>
      </Output>
    </UnitTestResult>
    <UnitTestResult executionId="460dabc7-2040-4726-8b4b-faf8426b4801" testId="2d7e6f7a-5520-fc8f-b0cf-5ad02d5a8ce4" testName="DatetimeValueGet" computerName="pkrvmxyh4eaekms" duration="00:00:00.0000020" startTime="2025-06-24T21:13:51.5357662+00:00" endTime="2025-06-24T21:13:51.5357679+00:00" testType="13cdc9d9-ddb5-4fa4-a97d-d965ccfc6d4b" outcome="NotExecuted" testListId="8c84fa94-04c1-424b-9868-57a2d4851a1d" relativeResultsDirectory="460dabc7-2040-4726-8b4b-faf8426b4801">
      <Output>
        <StdOut>Test skipped because TestProjects.Spector.Tests.Http._Type._Array.ArrayTests.DatetimeValueGet is currently a stubbed implementation.</StdOut>
        <ErrorInfo>
          <Message>Test skipped because TestProjects.Spector.Tests.Http._Type._Array.ArrayTests.DatetimeValueGet is currently a stubbed implementation.</Message>
        </ErrorInfo>
      </Output>
    </UnitTestResult>
    <UnitTestResult executionId="437c6db0-74d0-4c14-ad63-b1b672f5e203" testId="855e625b-5d0e-0005-86a6-bb0d66022e24" testName="HeaderDefault" computerName="pkrvmxyh4eaekms" duration="00:00:00.0138270" startTime="2025-06-24T21:13:51.5740544+00:00" endTime="2025-06-24T21:13:51.5878815+00:00" testType="13cdc9d9-ddb5-4fa4-a97d-d965ccfc6d4b" outcome="Failed" testListId="8c84fa94-04c1-424b-9868-57a2d4851a1d" relativeResultsDirectory="437c6db0-74d0-4c14-ad63-b1b672f5e203">
      <Output>
        <ErrorInfo>
          <Message>OneTimeSetUp: System.InvalidOperationException : Cannot find 'node_modules' in parent directories of /home/runner/work/typespec/typespec/packages/http-client-csharp/generator/artifacts/bin/TestProjects.Spector.Tests/Debug/net8.0/TestProjects.Spector.Tests.dll.</Message>
          <StackTrace>
</StackTrace>
        </ErrorInfo>
      </Output>
    </UnitTestResult>
    <UnitTestResult executionId="e3abfba6-6c98-4cb3-aa89-76f5f868a7ca" testId="3d809c87-e997-cd9e-361b-b19fa3500380" testName="QueryExpansionExplodeArray" computerName="pkrvmxyh4eaekms" duration="00:00:00.0000020" startTime="2025-06-24T21:13:51.6258805+00:00" endTime="2025-06-24T21:13:51.6258828+00:00" testType="13cdc9d9-ddb5-4fa4-a97d-d965ccfc6d4b" outcome="NotExecuted" testListId="8c84fa94-04c1-424b-9868-57a2d4851a1d" relativeResultsDirectory="e3abfba6-6c98-4cb3-aa89-76f5f868a7ca">
      <Output>
        <StdOut>Test skipped because TestProjects.Spector.Tests.Http.Routes.QueryParameterTests.QueryExpansionExplodeArray is currently a stubbed implementation.</StdOut>
        <ErrorInfo>
          <Message>Test skipped because TestProjects.Spector.Tests.Http.Routes.QueryParameterTests.QueryExpansionExplodeArray is currently a stubbed implementation.</Message>
        </ErrorInfo>
      </Output>
    </UnitTestResult>
    <UnitTestResult executionId="40dad1cf-cd9d-4bbd-964a-9f70523dd9b8" testId="718c70e0-36a4-430b-ec62-91397adab157" testName="RenamedFive" computerName="pkrvmxyh4eaekms" duration="00:00:00.0000060" startTime="2025-06-24T21:13:51.5691159+00:00" endTime="2025-06-24T21:13:51.5691219+00:00" testType="13cdc9d9-ddb5-4fa4-a97d-d965ccfc6d4b" outcome="NotExecuted" testListId="8c84fa94-04c1-424b-9868-57a2d4851a1d" relativeResultsDirectory="40dad1cf-cd9d-4bbd-964a-9f70523dd9b8">
      <Output>
        <StdOut>Test skipped because TestProjects.Spector.Tests.Http.Client.Structure.RenamedOperation.RenamedOperationTests.RenamedFive is currently a stubbed implementation.</StdOut>
        <ErrorInfo>
          <Message>Test skipped because TestProjects.Spector.Tests.Http.Client.Structure.RenamedOperation.RenamedOperationTests.RenamedFive is currently a stubbed implementation.</Message>
        </ErrorInfo>
      </Output>
    </UnitTestResult>
    <UnitTestResult executionId="490b3604-1161-4700-b23d-68d61f9037e9" testId="beb96d27-2fc2-9b90-385f-41405f72cd61" testName="Versioning_Removed_V3Model" computerName="pkrvmxyh4eaekms" duration="00:00:00.0000060" startTime="2025-06-24T21:13:51.6347710+00:00" endTime="2025-06-24T21:13:51.6347769+00:00" testType="13cdc9d9-ddb5-4fa4-a97d-d965ccfc6d4b" outcome="NotExecuted" testListId="8c84fa94-04c1-424b-9868-57a2d4851a1d" relativeResultsDirectory="490b3604-1161-4700-b23d-68d61f9037e9">
      <Output>
        <StdOut>Test skipped because TestProjects.Spector.Tests.Http.Versioning.Removed.V2Preview.VersioningRemovedV2PreviewTests.Versioning_Removed_V3Model is currently a stubbed implementation.</StdOut>
        <ErrorInfo>
          <Message>Test skipped because TestProjects.Spector.Tests.Http.Versioning.Removed.V2Preview.VersioningRemovedV2PreviewTests.Versioning_Removed_V3Model is currently a stubbed implementation.</Message>
        </ErrorInfo>
      </Output>
    </UnitTestResult>
    <UnitTestResult executionId="6baa310a-1891-4165-b190-ffa8735312bf" testId="c077f351-648b-9e8a-1c6b-6111d49cd85b" testName="RequestHeaderResponseBodyConvenienceMethodSync" computerName="pkrvmxyh4eaekms" duration="00:00:00.0000020" startTime="2025-06-24T21:13:51.6243621+00:00" endTime="2025-06-24T21:13:51.6243645+00:00" testType="13cdc9d9-ddb5-4fa4-a97d-d965ccfc6d4b" outcome="NotExecuted" testListId="8c84fa94-04c1-424b-9868-57a2d4851a1d" relativeResultsDirectory="6baa310a-1891-4165-b190-ffa8735312bf">
      <Output>
        <StdOut>Test skipped because TestProjects.Spector.Tests.Http.Payload.Pageable.ContinuationTokenPaginationTests.RequestHeaderResponseBodyConvenienceMethodSync is currently a stubbed implementation.</StdOut>
        <ErrorInfo>
          <Message>Test skipped because TestProjects.Spector.Tests.Http.Payload.Pageable.ContinuationTokenPaginationTests.RequestHeaderResponseBodyConvenienceMethodSync is currently a stubbed implementation.</Message>
        </ErrorInfo>
      </Output>
    </UnitTestResult>
    <UnitTestResult executionId="c19477bd-50f0-4be3-872c-0f02a8d40b8e" testId="04d5b8d4-ac29-6902-90a4-51cc5c3d57b2" testName="BooleanLiteralGetDefault" computerName="pkrvmxyh4eaekms" duration="00:00:00.0000020" startTime="2025-06-24T21:13:51.5428292+00:00" endTime="2025-06-24T21:13:51.5428308+00:00" testType="13cdc9d9-ddb5-4fa4-a97d-d965ccfc6d4b" outcome="NotExecuted" testListId="8c84fa94-04c1-424b-9868-57a2d4851a1d" relativeResultsDirectory="c19477bd-50f0-4be3-872c-0f02a8d40b8e">
      <Output>
        <StdOut>Test skipped because TestProjects.Spector.Tests.Http._Type.Property.Optionality.OptionalityTests.BooleanLiteralGetDefault is currently a stubbed implementation.</StdOut>
        <ErrorInfo>
          <Message>Test skipped because TestProjects.Spector.Tests.Http._Type.Property.Optionality.OptionalityTests.BooleanLiteralGetDefault is currently a stubbed implementation.</Message>
        </ErrorInfo>
      </Output>
    </UnitTestResult>
    <UnitTestResult executionId="b34a002c-4862-4765-9274-900519c2b8cd" testId="52fa042a-705d-b609-f612-f1ac397d61d6" testName="RequestHeaderResponseHeaderProtocolMethod" computerName="pkrvmxyh4eaekms" duration="00:00:00.0000020" startTime="2025-06-24T21:13:51.6243996+00:00" endTime="2025-06-24T21:13:51.6244017+00:00" testType="13cdc9d9-ddb5-4fa4-a97d-d965ccfc6d4b" outcome="NotExecuted" testListId="8c84fa94-04c1-424b-9868-57a2d4851a1d" relativeResultsDirectory="b34a002c-4862-4765-9274-900519c2b8cd">
      <Output>
        <StdOut>Test skipped because TestProjects.Spector.Tests.Http.Payload.Pageable.ContinuationTokenPaginationTests.RequestHeaderResponseHeaderProtocolMethod is currently a stubbed implementation.</StdOut>
        <ErrorInfo>
          <Message>Test skipped because TestProjects.Spector.Tests.Http.Payload.Pageable.ContinuationTokenPaginationTests.RequestHeaderResponseHeaderProtocolMethod is currently a stubbed implementation.</Message>
        </ErrorInfo>
      </Output>
    </UnitTestResult>
    <UnitTestResult executionId="8338f673-4115-43a8-b26e-ad42b86fe208" testId="b882edcc-97af-c9f9-19cf-3bd7796010b0" testName="PutModel" computerName="pkrvmxyh4eaekms" duration="00:00:00.0000020" startTime="2025-06-24T21:13:51.5397653+00:00" endTime="2025-06-24T21:13:51.5397669+00:00" testType="13cdc9d9-ddb5-4fa4-a97d-d965ccfc6d4b" outcome="NotExecuted" testListId="8c84fa94-04c1-424b-9868-57a2d4851a1d" relativeResultsDirectory="8338f673-4115-43a8-b26e-ad42b86fe208">
      <Output>
        <StdOut>Test skipped because TestProjects.Spector.Tests.Http._Type.Model.Inheritance.NestedDiscriminator.NestedDiscriminatorTests.PutModel is currently a stubbed implementation.</StdOut>
        <ErrorInfo>
          <Message>Test skipped because TestProjects.Spector.Tests.Http._Type.Model.Inheritance.NestedDiscriminator.NestedDiscriminatorTests.PutModel is currently a stubbed implementation.</Message>
        </ErrorInfo>
      </Output>
    </UnitTestResult>
    <UnitTestResult executionId="bc39e1de-f39e-4506-a7f8-70a114b1de96" testId="c542cc56-38ef-944c-4273-4c6b76d404f1" testName="QueryRfc7231" computerName="pkrvmxyh4eaekms" duration="00:00:00.0000020" startTime="2025-06-24T21:13:51.5882713+00:00" endTime="2025-06-24T21:13:51.5882735+00:00" testType="13cdc9d9-ddb5-4fa4-a97d-d965ccfc6d4b" outcome="NotExecuted" testListId="8c84fa94-04c1-424b-9868-57a2d4851a1d" relativeResultsDirectory="bc39e1de-f39e-4506-a7f8-70a114b1de96">
      <Output>
        <StdOut>Test skipped because TestProjects.Spector.Tests.Http.Encode.Datetime.DateTimeTests.QueryRfc7231 is currently a stubbed implementation.</StdOut>
        <ErrorInfo>
          <Message>Test skipped because TestProjects.Spector.Tests.Http.Encode.Datetime.DateTimeTests.QueryRfc7231 is currently a stubbed implementation.</Message>
        </ErrorInfo>
      </Output>
    </UnitTestResult>
    <UnitTestResult executionId="731839c4-f2cf-4924-ba07-a60a318d475f" testId="614f00b6-8d9f-fa8f-4906-93142ca479df" testName="AddOperation" computerName="pkrvmxyh4eaekms" duration="00:00:00.0000060" startTime="2025-06-24T21:13:51.6250202+00:00" endTime="2025-06-24T21:13:51.6250265+00:00" testType="13cdc9d9-ddb5-4fa4-a97d-d965ccfc6d4b" outcome="NotExecuted" testListId="8c84fa94-04c1-424b-9868-57a2d4851a1d" relativeResultsDirectory="731839c4-f2cf-4924-ba07-a60a318d475f">
      <Output>
        <StdOut>Test skipped because TestProjects.Spector.Tests.Http.Resiliency.SrvDriven.V2.SrvDrivenV2Tests.AddOperation is currently a stubbed implementation.</StdOut>
        <ErrorInfo>
          <Message>Test skipped because TestProjects.Spector.Tests.Http.Resiliency.SrvDriven.V2.SrvDrivenV2Tests.AddOperation is currently a stubbed implementation.</Message>
        </ErrorInfo>
      </Output>
    </UnitTestResult>
    <UnitTestResult executionId="9814352c-84b4-42ad-95c5-9f89a9b98dea" testId="6a4ad02b-6915-e752-1c41-064522d9062c" testName="UnionIntLiteralGutAll" computerName="pkrvmxyh4eaekms" duration="00:00:00.0000020" startTime="2025-06-24T21:13:51.5432019+00:00" endTime="2025-06-24T21:13:51.5432039+00:00" testType="13cdc9d9-ddb5-4fa4-a97d-d965ccfc6d4b" outcome="NotExecuted" testListId="8c84fa94-04c1-424b-9868-57a2d4851a1d" relativeResultsDirectory="9814352c-84b4-42ad-95c5-9f89a9b98dea">
      <Output>
        <StdOut>Test skipped because TestProjects.Spector.Tests.Http._Type.Property.Optionality.OptionalityTests.UnionIntLiteralGutAll is currently a stubbed implementation.</StdOut>
        <ErrorInfo>
          <Message>Test skipped because TestProjects.Spector.Tests.Http._Type.Property.Optionality.OptionalityTests.UnionIntLiteralGutAll is currently a stubbed implementation.</Message>
        </ErrorInfo>
      </Output>
    </UnitTestResult>
    <UnitTestResult executionId="253f134b-679c-4cc2-86b0-1666d46e3199" testId="7aa13ed7-6db7-29f4-987b-fb6da0f2bd56" testName="RoundTripWithJsonInterfaceNonGenericJson" computerName="pkrvmxyh4eaekms" duration="00:00:00.0000050" startTime="2025-06-24T21:13:51.5421724+00:00" endTime="2025-06-24T21:13:51.5421779+00:00" testType="13cdc9d9-ddb5-4fa4-a97d-d965ccfc6d4b" outcome="NotExecuted" testListId="8c84fa94-04c1-424b-9868-57a2d4851a1d" relativeResultsDirectory="253f134b-679c-4cc2-86b0-1666d46e3199">
      <Output>
        <StdOut>Test skipped because TestProjects.Spector.Tests.Http._Type.Property.AdditionalProperties.MultipleSpreadRecordTests.RoundTripWithJsonInterfaceNonGenericJson is currently a stubbed implementation.</StdOut>
        <ErrorInfo>
          <Message>Test skipped because TestProjects.Spector.Tests.Http._Type.Property.AdditionalProperties.MultipleSpreadRecordTests.RoundTripWithJsonInterfaceNonGenericJson is currently a stubbed implementation.</Message>
        </ErrorInfo>
      </Output>
    </UnitTestResult>
    <UnitTestResult executionId="cdbf5944-bd63-43b0-9c3d-6d4ec1ad4a54" testId="46f5296c-2415-1c44-d018-296c540f5d6c" testName="UnionEnumValueGet" computerName="pkrvmxyh4eaekms" duration="00:00:00.0000010" startTime="2025-06-24T21:13:51.5436823+00:00" endTime="2025-06-24T21:13:51.5436834+00:00" testType="13cdc9d9-ddb5-4fa4-a97d-d965ccfc6d4b" outcome="NotExecuted" testListId="8c84fa94-04c1-424b-9868-57a2d4851a1d" relativeResultsDirectory="cdbf5944-bd63-43b0-9c3d-6d4ec1ad4a54">
      <Output>
        <StdOut>Test skipped because TestProjects.Spector.Tests.Http._Type.Property.ValueTypes.ValueTypesTests.UnionEnumValueGet is currently a stubbed implementation.</StdOut>
        <ErrorInfo>
          <Message>Test skipped because TestProjects.Spector.Tests.Http._Type.Property.ValueTypes.ValueTypesTests.UnionEnumValueGet is currently a stubbed implementation.</Message>
        </ErrorInfo>
      </Output>
    </UnitTestResult>
    <UnitTestResult executionId="b71dbb87-d6c6-47aa-be88-072d71f4ea1a" testId="faa15ef3-4cd7-2f4f-0d8c-127e9975cfe1" testName="QueryExplicit" computerName="pkrvmxyh4eaekms" duration="00:00:00.0000020" startTime="2025-06-24T21:13:51.6259582+00:00" endTime="2025-06-24T21:13:51.6259602+00:00" testType="13cdc9d9-ddb5-4fa4-a97d-d965ccfc6d4b" outcome="NotExecuted" testListId="8c84fa94-04c1-424b-9868-57a2d4851a1d" relativeResultsDirectory="b71dbb87-d6c6-47aa-be88-072d71f4ea1a">
      <Output>
        <StdOut>Test skipped because TestProjects.Spector.Tests.Http.Routes.QueryParameterTests.QueryExplicit is currently a stubbed implementation.</StdOut>
        <ErrorInfo>
          <Message>Test skipped because TestProjects.Spector.Tests.Http.Routes.QueryParameterTests.QueryExplicit is currently a stubbed implementation.</Message>
        </ErrorInfo>
      </Output>
    </UnitTestResult>
    <UnitTestResult executionId="62214615-9524-4ec7-a6da-70da0c286e0d" testId="7856cdc9-835e-add2-c562-9365bd47f0d0" testName="RoundTripWithModelInterfaceJson" computerName="pkrvmxyh4eaekms" duration="00:00:00.0000020" startTime="2025-06-24T21:13:51.5419665+00:00" endTime="2025-06-24T21:13:51.5419688+00:00" testType="13cdc9d9-ddb5-4fa4-a97d-d965ccfc6d4b" outcome="NotExecuted" testListId="8c84fa94-04c1-424b-9868-57a2d4851a1d" relativeResultsDirectory="62214615-9524-4ec7-a6da-70da0c286e0d">
      <Output>
        <StdOut>Test skipped because TestProjects.Spector.Tests.Http._Type.Property.AdditionalProperties.DifferentSpreadStringDerivedTests.RoundTripWithModelInterfaceJson is currently a stubbed implementation.</StdOut>
        <ErrorInfo>
          <Message>Test skipped because TestProjects.Spector.Tests.Http._Type.Property.AdditionalProperties.DifferentSpreadStringDerivedTests.RoundTripWithModelInterfaceJson is currently a stubbed implementation.</Message>
        </ErrorInfo>
      </Output>
    </UnitTestResult>
    <UnitTestResult executionId="5446a884-8d6a-4ab4-b78f-58b7873a34d5" testId="8f71040f-abc2-5b47-5417-77b95f55f06e" testName="ModelsWithGlobalAsync" computerName="pkrvmxyh4eaekms" duration="00:00:00.0000020" startTime="2025-06-24T21:13:51.6325602+00:00" endTime="2025-06-24T21:13:51.6325618+00:00" testType="13cdc9d9-ddb5-4fa4-a97d-d965ccfc6d4b" outcome="NotExecuted" testListId="8c84fa94-04c1-424b-9868-57a2d4851a1d" relativeResultsDirectory="5446a884-8d6a-4ab4-b78f-58b7873a34d5">
      <Output>
        <StdOut>Test skipped because TestProjects.Spector.Tests.Http.SpecialWords.SpecialWordsTests.ModelsWithGlobalAsync is currently a stubbed implementation.</StdOut>
        <ErrorInfo>
          <Message>Test skipped because TestProjects.Spector.Tests.Http.SpecialWords.SpecialWordsTests.ModelsWithGlobalAsync is currently a stubbed implementation.</Message>
        </ErrorInfo>
      </Output>
    </UnitTestResult>
    <UnitTestResult executionId="43e44dd6-69b6-4dba-b0e7-56c1a89e2888" testId="3b6ba87f-94ed-684e-2678-7f0fed49ce41" testName="ExtendsUnknownDiscriminatedPut" computerName="pkrvmxyh4eaekms" duration="00:00:00.0000010" startTime="2025-06-24T21:13:51.5414803+00:00" endTime="2025-06-24T21:13:51.5414817+00:00" testType="13cdc9d9-ddb5-4fa4-a97d-d965ccfc6d4b" outcome="NotExecuted" testListId="8c84fa94-04c1-424b-9868-57a2d4851a1d" relativeResultsDirectory="43e44dd6-69b6-4dba-b0e7-56c1a89e2888">
      <Output>
        <StdOut>Test skipped because TestProjects.Spector.Tests.Http._Type.Property.AdditionalProperties.AdditionalPropertiesTests.ExtendsUnknownDiscriminatedPut is currently a stubbed implementation.</StdOut>
        <ErrorInfo>
          <Message>Test skipped because TestProjects.Spector.Tests.Http._Type.Property.AdditionalProperties.AdditionalPropertiesTests.ExtendsUnknownDiscriminatedPut is currently a stubbed implementation.</Message>
        </ErrorInfo>
      </Output>
    </UnitTestResult>
    <UnitTestResult executionId="efa1b3c2-34ad-4f24-813b-7ac5e4fa582d" testId="47908c5c-71b0-1fc7-1aab-6d50833a351e" testName="PropertyFloatSecondsConvenience" computerName="pkrvmxyh4eaekms" duration="00:00:00.0000020" startTime="2025-06-24T21:13:51.5886710+00:00" endTime="2025-06-24T21:13:51.5886732+00:00" testType="13cdc9d9-ddb5-4fa4-a97d-d965ccfc6d4b" outcome="NotExecuted" testListId="8c84fa94-04c1-424b-9868-57a2d4851a1d" relativeResultsDirectory="efa1b3c2-34ad-4f24-813b-7ac5e4fa582d">
      <Output>
        <StdOut>Test skipped because TestProjects.Spector.Tests.Http.Encode.Duration.EncodeDurationTests.PropertyFloatSecondsConvenience is currently a stubbed implementation.</StdOut>
        <ErrorInfo>
          <Message>Test skipped because TestProjects.Spector.Tests.Http.Encode.Duration.EncodeDurationTests.PropertyFloatSecondsConvenience is currently a stubbed implementation.</Message>
        </ErrorInfo>
      </Output>
    </UnitTestResult>
    <UnitTestResult executionId="456c2313-c88a-4544-8d9c-d97f7c10ba56" testId="f9d28d4a-2335-0f3b-efd5-f721a6588116" testName="PropertyISO8601" computerName="pkrvmxyh4eaekms" duration="00:00:00.0000020" startTime="2025-06-24T21:13:51.5886975+00:00" endTime="2025-06-24T21:13:51.5886993+00:00" testType="13cdc9d9-ddb5-4fa4-a97d-d965ccfc6d4b" outcome="NotExecuted" testListId="8c84fa94-04c1-424b-9868-57a2d4851a1d" relativeResultsDirectory="456c2313-c88a-4544-8d9c-d97f7c10ba56">
      <Output>
        <StdOut>Test skipped because TestProjects.Spector.Tests.Http.Encode.Duration.EncodeDurationTests.PropertyISO8601 is currently a stubbed implementation.</StdOut>
        <ErrorInfo>
          <Message>Test skipped because TestProjects.Spector.Tests.Http.Encode.Duration.EncodeDurationTests.PropertyISO8601 is currently a stubbed implementation.</Message>
        </ErrorInfo>
      </Output>
    </UnitTestResult>
    <UnitTestResult executionId="725eef9d-68c7-4555-b98d-87fba255bbb6" testId="a117a165-0b5f-337e-b92d-367274b78708" testName="HttpPartsJsonArrayAndFileArray" computerName="pkrvmxyh4eaekms" duration="00:00:00.0004180" startTime="2025-06-24T21:13:51.6237152+00:00" endTime="2025-06-24T21:13:51.6241331+00:00" testType="13cdc9d9-ddb5-4fa4-a97d-d965ccfc6d4b" outcome="Failed" testListId="8c84fa94-04c1-424b-9868-57a2d4851a1d" relativeResultsDirectory="725eef9d-68c7-4555-b98d-87fba255bbb6">
      <Output>
        <ErrorInfo>
          <Message>OneTimeSetUp: System.InvalidOperationException : Cannot find 'node_modules' in parent directories of /home/runner/work/typespec/typespec/packages/http-client-csharp/generator/artifacts/bin/TestProjects.Spector.Tests/Debug/net8.0/TestProjects.Spector.Tests.dll.</Message>
          <StackTrace>
</StackTrace>
        </ErrorInfo>
      </Output>
    </UnitTestResult>
    <UnitTestResult executionId="b2bbc285-7fda-4bf2-bb2e-f0139a327788" testId="dcbabca8-1225-e783-4b0f-af1ca9392e88" testName="AnonymousModel" computerName="pkrvmxyh4eaekms" duration="00:00:00.0003930" startTime="2025-06-24T21:13:51.6237152+00:00" endTime="2025-06-24T21:13:51.6241079+00:00" testType="13cdc9d9-ddb5-4fa4-a97d-d965ccfc6d4b" outcome="Failed" testListId="8c84fa94-04c1-424b-9868-57a2d4851a1d" relativeResultsDirectory="b2bbc285-7fda-4bf2-bb2e-f0139a327788">
      <Output>
        <ErrorInfo>
          <Message>OneTimeSetUp: System.InvalidOperationException : Cannot find 'node_modules' in parent directories of /home/runner/work/typespec/typespec/packages/http-client-csharp/generator/artifacts/bin/TestProjects.Spector.Tests/Debug/net8.0/TestProjects.Spector.Tests.dll.</Message>
          <StackTrace>
</StackTrace>
        </ErrorInfo>
      </Output>
    </UnitTestResult>
    <UnitTestResult executionId="31d1b18f-9e13-4b2c-bd66-05cd69331293" testId="fad861ee-0583-c6e3-9fdc-88a7a378a083" testName="Client_Structure_default_methods(Client.Structure.Service.Bar,[&quot;Five&quot;, &quot;Six&quot;])" computerName="pkrvmxyh4eaekms" duration="00:00:00.0001190" startTime="2025-06-24T21:13:51.5654975+00:00" endTime="2025-06-24T21:13:51.5656169+00:00" testType="13cdc9d9-ddb5-4fa4-a97d-d965ccfc6d4b" outcome="Passed" testListId="8c84fa94-04c1-424b-9868-57a2d4851a1d" relativeResultsDirectory="31d1b18f-9e13-4b2c-bd66-05cd69331293" />
    <UnitTestResult executionId="ca842b12-08bc-492c-be95-c417a01ae3d1" testId="32f91bdd-24d8-af5d-facd-798a2267d644" testName="UnknownValueGet" computerName="pkrvmxyh4eaekms" duration="00:00:00.0000010" startTime="2025-06-24T21:13:51.5359037+00:00" endTime="2025-06-24T21:13:51.5359050+00:00" testType="13cdc9d9-ddb5-4fa4-a97d-d965ccfc6d4b" outcome="NotExecuted" testListId="8c84fa94-04c1-424b-9868-57a2d4851a1d" relativeResultsDirectory="ca842b12-08bc-492c-be95-c417a01ae3d1">
      <Output>
        <StdOut>Test skipped because TestProjects.Spector.Tests.Http._Type._Array.ArrayTests.UnknownValueGet is currently a stubbed implementation.</StdOut>
        <ErrorInfo>
          <Message>Test skipped because TestProjects.Spector.Tests.Http._Type._Array.ArrayTests.UnknownValueGet is currently a stubbed implementation.</Message>
        </ErrorInfo>
      </Output>
    </UnitTestResult>
    <UnitTestResult executionId="46dc76cf-3b09-40c0-82ae-0a67f4246618" testId="ec1e3956-a5cd-e4f4-d9cf-aa05347e6604" testName="Alias_SpreadWithMultipleParameters" computerName="pkrvmxyh4eaekms" duration="00:00:00.0000020" startTime="2025-06-24T21:13:51.6007767+00:00" endTime="2025-06-24T21:13:51.6007786+00:00" testType="13cdc9d9-ddb5-4fa4-a97d-d965ccfc6d4b" outcome="NotExecuted" testListId="8c84fa94-04c1-424b-9868-57a2d4851a1d" relativeResultsDirectory="46dc76cf-3b09-40c0-82ae-0a67f4246618">
      <Output>
        <StdOut>Test skipped because TestProjects.Spector.Tests.Http.Parameters.Spread.SpreadTests.Alias_SpreadWithMultipleParameters is currently a stubbed implementation.</StdOut>
        <ErrorInfo>
          <Message>Test skipped because TestProjects.Spector.Tests.Http.Parameters.Spread.SpreadTests.Alias_SpreadWithMultipleParameters is currently a stubbed implementation.</Message>
        </ErrorInfo>
      </Output>
    </UnitTestResult>
    <UnitTestResult executionId="d97b04e5-32dc-48d6-9a8c-6aac0f54ecd6" testId="2232b041-2db4-80c4-44a8-f3014a545de0" testName="RoundTripWithModelInterfaceNonGenericWire" computerName="pkrvmxyh4eaekms" duration="00:00:00.0000010" startTime="2025-06-24T21:13:51.5405993+00:00" endTime="2025-06-24T21:13:51.5406004+00:00" testType="13cdc9d9-ddb5-4fa4-a97d-d965ccfc6d4b" outcome="NotExecuted" testListId="8c84fa94-04c1-424b-9868-57a2d4851a1d" relativeResultsDirectory="d97b04e5-32dc-48d6-9a8c-6aac0f54ecd6">
      <Output>
        <StdOut>Test skipped because TestProjects.Spector.Tests.Http._Type.Model.Inheritance.SingleDiscriminator.EagleTests.RoundTripWithModelInterfaceNonGenericWire is currently a stubbed implementation.</StdOut>
        <ErrorInfo>
          <Message>Test skipped because TestProjects.Spector.Tests.Http._Type.Model.Inheritance.SingleDiscriminator.EagleTests.RoundTripWithModelInterfaceNonGenericWire is currently a stubbed implementation.</Message>
        </ErrorInfo>
      </Output>
    </UnitTestResult>
    <UnitTestResult executionId="5b20c677-c2df-429e-8bd5-1ba36caa06bb" testId="20d975b2-08de-5282-7899-4fbed86d8bdd" testName="Parameters_BodyOptionality_requiredImplicit" computerName="pkrvmxyh4eaekms" duration="00:00:00.0000020" startTime="2025-06-24T21:13:51.5893847+00:00" endTime="2025-06-24T21:13:51.5893868+00:00" testType="13cdc9d9-ddb5-4fa4-a97d-d965ccfc6d4b" outcome="NotExecuted" testListId="8c84fa94-04c1-424b-9868-57a2d4851a1d" relativeResultsDirectory="5b20c677-c2df-429e-8bd5-1ba36caa06bb">
      <Output>
        <StdOut>Test skipped because TestProjects.Spector.Tests.Http.Parameters.BodyOptionality.BodyOptionalityTests.Parameters_BodyOptionality_requiredImplicit is currently a stubbed implementation.</StdOut>
        <ErrorInfo>
          <Message>Test skipped because TestProjects.Spector.Tests.Http.Parameters.BodyOptionality.BodyOptionalityTests.Parameters_BodyOptionality_requiredImplicit is currently a stubbed implementation.</Message>
        </ErrorInfo>
      </Output>
    </UnitTestResult>
    <UnitTestResult executionId="fa30f748-a6c5-4a00-b031-1839582601eb" testId="206c4e38-3f72-124c-ee03-77cfc410e583" testName="Client_Structure_default_Five" computerName="pkrvmxyh4eaekms" duration="00:00:00.0000020" startTime="2025-06-24T21:13:51.5640067+00:00" endTime="2025-06-24T21:13:51.5640089+00:00" testType="13cdc9d9-ddb5-4fa4-a97d-d965ccfc6d4b" outcome="NotExecuted" testListId="8c84fa94-04c1-424b-9868-57a2d4851a1d" relativeResultsDirectory="fa30f748-a6c5-4a00-b031-1839582601eb">
      <Output>
        <StdOut>Test skipped because TestProjects.Spector.Tests.Http.Client.Structure.Default.DefaultTests.Client_Structure_default_Five is currently a stubbed implementation.</StdOut>
        <ErrorInfo>
          <Message>Test skipped because TestProjects.Spector.Tests.Http.Client.Structure.Default.DefaultTests.Client_Structure_default_Five is currently a stubbed implementation.</Message>
        </ErrorInfo>
      </Output>
    </UnitTestResult>
    <UnitTestResult executionId="85c6292e-3414-42b5-8bb9-76a11f52d8a0" testId="f321c81d-e41e-0547-ef45-0d99586939e3" testName="ExtensibleEnumPut" computerName="pkrvmxyh4eaekms" duration="00:00:00.0000020" startTime="2025-06-24T21:13:51.5435671+00:00" endTime="2025-06-24T21:13:51.5435693+00:00" testType="13cdc9d9-ddb5-4fa4-a97d-d965ccfc6d4b" outcome="NotExecuted" testListId="8c84fa94-04c1-424b-9868-57a2d4851a1d" relativeResultsDirectory="85c6292e-3414-42b5-8bb9-76a11f52d8a0">
      <Output>
        <StdOut>Test skipped because TestProjects.Spector.Tests.Http._Type.Property.ValueTypes.ValueTypesTests.ExtensibleEnumPut is currently a stubbed implementation.</StdOut>
        <ErrorInfo>
          <Message>Test skipped because TestProjects.Spector.Tests.Http._Type.Property.ValueTypes.ValueTypesTests.ExtensibleEnumPut is currently a stubbed implementation.</Message>
        </ErrorInfo>
      </Output>
    </UnitTestResult>
    <UnitTestResult executionId="464007df-5b08-4346-b202-c7eb3c90e1e1" testId="39a7bbdf-0b63-a228-da84-280cdcb8027b" testName="BytesPut" computerName="pkrvmxyh4eaekms" duration="00:00:00.0000010" startTime="2025-06-24T21:13:51.5434322+00:00" endTime="2025-06-24T21:13:51.5434336+00:00" testType="13cdc9d9-ddb5-4fa4-a97d-d965ccfc6d4b" outcome="NotExecuted" testListId="8c84fa94-04c1-424b-9868-57a2d4851a1d" relativeResultsDirectory="464007df-5b08-4346-b202-c7eb3c90e1e1">
      <Output>
        <StdOut>Test skipped because TestProjects.Spector.Tests.Http._Type.Property.ValueTypes.ValueTypesTests.BytesPut is currently a stubbed implementation.</StdOut>
        <ErrorInfo>
          <Message>Test skipped because TestProjects.Spector.Tests.Http._Type.Property.ValueTypes.ValueTypesTests.BytesPut is currently a stubbed implementation.</Message>
        </ErrorInfo>
      </Output>
    </UnitTestResult>
    <UnitTestResult executionId="91cba079-cbc6-4a60-97ff-7f20fdf224a7" testId="dceb5b2c-5320-0bf1-69a9-231a593a5d70" testName="StringLiteralGetDefault" computerName="pkrvmxyh4eaekms" duration="00:00:00.0000020" startTime="2025-06-24T21:13:51.5431347+00:00" endTime="2025-06-24T21:13:51.5431368+00:00" testType="13cdc9d9-ddb5-4fa4-a97d-d965ccfc6d4b" outcome="NotExecuted" testListId="8c84fa94-04c1-424b-9868-57a2d4851a1d" relativeResultsDirectory="91cba079-cbc6-4a60-97ff-7f20fdf224a7">
      <Output>
        <StdOut>Test skipped because TestProjects.Spector.Tests.Http._Type.Property.Optionality.OptionalityTests.StringLiteralGetDefault is currently a stubbed implementation.</StdOut>
        <ErrorInfo>
          <Message>Test skipped because TestProjects.Spector.Tests.Http._Type.Property.Optionality.OptionalityTests.StringLiteralGetDefault is currently a stubbed implementation.</Message>
        </ErrorInfo>
      </Output>
    </UnitTestResult>
    <UnitTestResult executionId="176657ea-d70b-4e06-9fdb-6534c71d5ce4" testId="3813671f-7df7-d4f8-00e9-7373c421efaf" testName="TestAddedMembersV2Client" computerName="pkrvmxyh4eaekms" duration="00:00:00.0000060" startTime="2025-06-24T21:13:51.6337111+00:00" endTime="2025-06-24T21:13:51.6337174+00:00" testType="13cdc9d9-ddb5-4fa4-a97d-d965ccfc6d4b" outcome="NotExecuted" testListId="8c84fa94-04c1-424b-9868-57a2d4851a1d" relativeResultsDirectory="176657ea-d70b-4e06-9fdb-6534c71d5ce4">
      <Output>
        <StdOut>Test skipped because TestProjects.Spector.Tests.Http.Versioning.Added.V2.VersioningAddedV2Tests.TestAddedMembersV2Client is currently a stubbed implementation.</StdOut>
        <ErrorInfo>
          <Message>Test skipped because TestProjects.Spector.Tests.Http.Versioning.Added.V2.VersioningAddedV2Tests.TestAddedMembersV2Client is currently a stubbed implementation.</Message>
        </ErrorInfo>
      </Output>
    </UnitTestResult>
    <UnitTestResult executionId="2c7b6a18-05fd-4bfb-a425-4471bf832f0b" testId="8682cd7b-e82a-a230-c58f-06df235dd674" testName="ExtendsDifferentSpreadModelArrayGet" computerName="pkrvmxyh4eaekms" duration="00:00:00.0000020" startTime="2025-06-24T21:13:51.5413656+00:00" endTime="2025-06-24T21:13:51.5413678+00:00" testType="13cdc9d9-ddb5-4fa4-a97d-d965ccfc6d4b" outcome="NotExecuted" testListId="8c84fa94-04c1-424b-9868-57a2d4851a1d" relativeResultsDirectory="2c7b6a18-05fd-4bfb-a425-4471bf832f0b">
      <Output>
        <StdOut>Test skipped because TestProjects.Spector.Tests.Http._Type.Property.AdditionalProperties.AdditionalPropertiesTests.ExtendsDifferentSpreadModelArrayGet is currently a stubbed implementation.</StdOut>
        <ErrorInfo>
          <Message>Test skipped because TestProjects.Spector.Tests.Http._Type.Property.AdditionalProperties.AdditionalPropertiesTests.ExtendsDifferentSpreadModelArrayGet is currently a stubbed implementation.</Message>
        </ErrorInfo>
      </Output>
    </UnitTestResult>
    <UnitTestResult executionId="72999c66-d2f3-478e-800a-22ffd151d09b" testId="fcb461e8-0d34-d849-6505-489cbade957a" testName="ResponseBodyBase64url" computerName="pkrvmxyh4eaekms" duration="00:00:00.0138710" startTime="2025-06-24T21:13:51.5740544+00:00" endTime="2025-06-24T21:13:51.5879259+00:00" testType="13cdc9d9-ddb5-4fa4-a97d-d965ccfc6d4b" outcome="Failed" testListId="8c84fa94-04c1-424b-9868-57a2d4851a1d" relativeResultsDirectory="72999c66-d2f3-478e-800a-22ffd151d09b">
      <Output>
        <ErrorInfo>
          <Message>OneTimeSetUp: System.InvalidOperationException : Cannot find 'node_modules' in parent directories of /home/runner/work/typespec/typespec/packages/http-client-csharp/generator/artifacts/bin/TestProjects.Spector.Tests/Debug/net8.0/TestProjects.Spector.Tests.dll.</Message>
          <StackTrace>
</StackTrace>
        </ErrorInfo>
      </Output>
    </UnitTestResult>
    <UnitTestResult executionId="f4fce80d-5431-4763-ac68-6ef5c1963cf3" testId="9711d665-6780-8710-b6f4-45fe300dbb02" testName="PropertySend" computerName="pkrvmxyh4eaekms" duration="00:00:00.0000020" startTime="2025-06-24T21:13:51.6262357+00:00" endTime="2025-06-24T21:13:51.6262378+00:00" testType="13cdc9d9-ddb5-4fa4-a97d-d965ccfc6d4b" outcome="NotExecuted" testListId="8c84fa94-04c1-424b-9868-57a2d4851a1d" relativeResultsDirectory="f4fce80d-5431-4763-ac68-6ef5c1963cf3">
      <Output>
        <StdOut>Test skipped because TestProjects.Spector.Tests.Http.Serialization.EncodedName.Json.EncodedNameJsonTests.PropertySend is currently a stubbed implementation.</StdOut>
        <ErrorInfo>
          <Message>Test skipped because TestProjects.Spector.Tests.Http.Serialization.EncodedName.Json.EncodedNameJsonTests.PropertySend is currently a stubbed implementation.</Message>
        </ErrorInfo>
      </Output>
    </UnitTestResult>
    <UnitTestResult executionId="c39899ef-4f3a-42ed-a3ad-b0fa4a59eaee" testId="e0d9a6ad-8e82-f0c5-2453-d2208c526383" testName="PropertyDefault" computerName="pkrvmxyh4eaekms" duration="00:00:00.0138370" startTime="2025-06-24T21:13:51.5740544+00:00" endTime="2025-06-24T21:13:51.5878911+00:00" testType="13cdc9d9-ddb5-4fa4-a97d-d965ccfc6d4b" outcome="Failed" testListId="8c84fa94-04c1-424b-9868-57a2d4851a1d" relativeResultsDirectory="c39899ef-4f3a-42ed-a3ad-b0fa4a59eaee">
      <Output>
        <ErrorInfo>
          <Message>OneTimeSetUp: System.InvalidOperationException : Cannot find 'node_modules' in parent directories of /home/runner/work/typespec/typespec/packages/http-client-csharp/generator/artifacts/bin/TestProjects.Spector.Tests/Debug/net8.0/TestProjects.Spector.Tests.dll.</Message>
          <StackTrace>
</StackTrace>
        </ErrorInfo>
      </Output>
    </UnitTestResult>
    <UnitTestResult executionId="070e4510-4f15-45e3-809b-2637ab8e7ae3" testId="2290cec1-0aea-5654-71f8-47de64bb926a" testName="SendMixedTypesOnlyOnly" computerName="pkrvmxyh4eaekms" duration="00:00:00.0000010" startTime="2025-06-24T21:13:51.5442605+00:00" endTime="2025-06-24T21:13:51.5442615+00:00" testType="13cdc9d9-ddb5-4fa4-a97d-d965ccfc6d4b" outcome="NotExecuted" testListId="8c84fa94-04c1-424b-9868-57a2d4851a1d" relativeResultsDirectory="070e4510-4f15-45e3-809b-2637ab8e7ae3">
      <Output>
        <StdOut>Test skipped because TestProjects.Spector.Tests.Http._Type.Union.UnionTests.SendMixedTypesOnlyOnly is currently a stubbed implementation.</StdOut>
        <ErrorInfo>
          <Message>Test skipped because TestProjects.Spector.Tests.Http._Type.Union.UnionTests.SendMixedTypesOnlyOnly is currently a stubbed implementation.</Message>
        </ErrorInfo>
      </Output>
    </UnitTestResult>
    <UnitTestResult executionId="a381aa25-3654-4721-bae9-17086328a630" testId="e1f929d1-8a69-a7a1-fcc3-6785491176c1" testName="RoundTripWithJsonInterfaceUtf8ReaderNonGenericJson" computerName="pkrvmxyh4eaekms" duration="00:00:00.0000010" startTime="2025-06-24T21:13:51.5419388+00:00" endTime="2025-06-24T21:13:51.5419399+00:00" testType="13cdc9d9-ddb5-4fa4-a97d-d965ccfc6d4b" outcome="NotExecuted" testListId="8c84fa94-04c1-424b-9868-57a2d4851a1d" relativeResultsDirectory="a381aa25-3654-4721-bae9-17086328a630">
      <Output>
        <StdOut>Test skipped because TestProjects.Spector.Tests.Http._Type.Property.AdditionalProperties.DifferentSpreadStringDerivedTests.RoundTripWithJsonInterfaceUtf8ReaderNonGenericJson is currently a stubbed implementation.</StdOut>
        <ErrorInfo>
          <Message>Test skipped because TestProjects.Spector.Tests.Http._Type.Property.AdditionalProperties.DifferentSpreadStringDerivedTests.RoundTripWithJsonInterfaceUtf8ReaderNonGenericJson is currently a stubbed implementation.</Message>
        </ErrorInfo>
      </Output>
    </UnitTestResult>
    <UnitTestResult executionId="9cb30b5f-b68d-4cf0-81dc-52467be84e4a" testId="3dd3f7c5-aa1a-d5fc-7adf-5aca8d5bb6a1" testName="RequiredAndOptionalPutAll" computerName="pkrvmxyh4eaekms" duration="00:00:00.0000010" startTime="2025-06-24T21:13:51.5430989+00:00" endTime="2025-06-24T21:13:51.5431001+00:00" testType="13cdc9d9-ddb5-4fa4-a97d-d965ccfc6d4b" outcome="NotExecuted" testListId="8c84fa94-04c1-424b-9868-57a2d4851a1d" relativeResultsDirectory="9cb30b5f-b68d-4cf0-81dc-52467be84e4a">
      <Output>
        <StdOut>Test skipped because TestProjects.Spector.Tests.Http._Type.Property.Optionality.OptionalityTests.RequiredAndOptionalPutAll is currently a stubbed implementation.</StdOut>
        <ErrorInfo>
          <Message>Test skipped because TestProjects.Spector.Tests.Http._Type.Property.Optionality.OptionalityTests.RequiredAndOptionalPutAll is currently a stubbed implementation.</Message>
        </ErrorInfo>
      </Output>
    </UnitTestResult>
    <UnitTestResult executionId="dc7e4073-945c-4a07-98a8-732986f58b8e" testId="4a0e2c71-4437-d744-6440-34e959dfebcf" testName="DurationPatchNull" computerName="pkrvmxyh4eaekms" duration="00:00:00.0000010" startTime="2025-06-24T21:13:51.5426423+00:00" endTime="2025-06-24T21:13:51.5426435+00:00" testType="13cdc9d9-ddb5-4fa4-a97d-d965ccfc6d4b" outcome="NotExecuted" testListId="8c84fa94-04c1-424b-9868-57a2d4851a1d" relativeResultsDirectory="dc7e4073-945c-4a07-98a8-732986f58b8e">
      <Output>
        <StdOut>Test skipped because TestProjects.Spector.Tests.Http._Type.Property.Nullable.NullableTests.DurationPatchNull is currently a stubbed implementation.</StdOut>
        <ErrorInfo>
          <Message>Test skipped because TestProjects.Spector.Tests.Http._Type.Property.Nullable.NullableTests.DurationPatchNull is currently a stubbed implementation.</Message>
        </ErrorInfo>
      </Output>
    </UnitTestResult>
    <UnitTestResult executionId="b06d9d73-acae-40cf-83a9-bd4cd1109453" testId="0febe0ea-80ca-f772-95bc-d5315c94391e" testName="PutEmpty" computerName="pkrvmxyh4eaekms" duration="00:00:00.0000010" startTime="2025-06-24T21:13:51.5393699+00:00" endTime="2025-06-24T21:13:51.5393712+00:00" testType="13cdc9d9-ddb5-4fa4-a97d-d965ccfc6d4b" outcome="NotExecuted" testListId="8c84fa94-04c1-424b-9868-57a2d4851a1d" relativeResultsDirectory="b06d9d73-acae-40cf-83a9-bd4cd1109453">
      <Output>
        <StdOut>Test skipped because TestProjects.Spector.Tests.Http._Type.Model.Empty.EmptyTests.PutEmpty is currently a stubbed implementation.</StdOut>
        <ErrorInfo>
          <Message>Test skipped because TestProjects.Spector.Tests.Http._Type.Model.Empty.EmptyTests.PutEmpty is currently a stubbed implementation.</Message>
        </ErrorInfo>
      </Output>
    </UnitTestResult>
    <UnitTestResult executionId="b4ecf86f-ab6d-4d29-a749-d410df158170" testId="95739443-12f4-1dfc-f6c0-de66ccb21637" testName="RoundTripWithModelInterfaceNonGenericJson" computerName="pkrvmxyh4eaekms" duration="00:00:00.0000020" startTime="2025-06-24T21:13:51.5422481+00:00" endTime="2025-06-24T21:13:51.5422502+00:00" testType="13cdc9d9-ddb5-4fa4-a97d-d965ccfc6d4b" outcome="NotExecuted" testListId="8c84fa94-04c1-424b-9868-57a2d4851a1d" relativeResultsDirectory="b4ecf86f-ab6d-4d29-a749-d410df158170">
      <Output>
        <StdOut>Test skipped because TestProjects.Spector.Tests.Http._Type.Property.AdditionalProperties.MultipleSpreadRecordTests.RoundTripWithModelInterfaceNonGenericJson is currently a stubbed implementation.</StdOut>
        <ErrorInfo>
          <Message>Test skipped because TestProjects.Spector.Tests.Http._Type.Property.AdditionalProperties.MultipleSpreadRecordTests.RoundTripWithModelInterfaceNonGenericJson is currently a stubbed implementation.</Message>
        </ErrorInfo>
      </Output>
    </UnitTestResult>
    <UnitTestResult executionId="0c3de879-6325-4ade-ab40-3e589e34c289" testId="a5fc1b26-5918-51f7-05bb-432b2995c5a9" testName="OperationsPassAsync" computerName="pkrvmxyh4eaekms" duration="00:00:00.0000020" startTime="2025-06-24T21:13:51.6329280+00:00" endTime="2025-06-24T21:13:51.6329300+00:00" testType="13cdc9d9-ddb5-4fa4-a97d-d965ccfc6d4b" outcome="NotExecuted" testListId="8c84fa94-04c1-424b-9868-57a2d4851a1d" relativeResultsDirectory="0c3de879-6325-4ade-ab40-3e589e34c289">
      <Output>
        <StdOut>Test skipped because TestProjects.Spector.Tests.Http.SpecialWords.SpecialWordsTests.OperationsPassAsync is currently a stubbed implementation.</StdOut>
        <ErrorInfo>
          <Message>Test skipped because TestProjects.Spector.Tests.Http.SpecialWords.SpecialWordsTests.OperationsPassAsync is currently a stubbed implementation.</Message>
        </ErrorInfo>
      </Output>
    </UnitTestResult>
    <UnitTestResult executionId="ffeedd1e-0f9d-4f07-9522-9727cfa066d5" testId="2c0c0288-3667-5867-38b9-49e66eda1e3e" testName="StringGetNull" computerName="pkrvmxyh4eaekms" duration="00:00:00.0000010" startTime="2025-06-24T21:13:51.5426534+00:00" endTime="2025-06-24T21:13:51.5426545+00:00" testType="13cdc9d9-ddb5-4fa4-a97d-d965ccfc6d4b" outcome="NotExecuted" testListId="8c84fa94-04c1-424b-9868-57a2d4851a1d" relativeResultsDirectory="ffeedd1e-0f9d-4f07-9522-9727cfa066d5">
      <Output>
        <StdOut>Test skipped because TestProjects.Spector.Tests.Http._Type.Property.Nullable.NullableTests.StringGetNull is currently a stubbed implementation.</StdOut>
        <ErrorInfo>
          <Message>Test skipped because TestProjects.Spector.Tests.Http._Type.Property.Nullable.NullableTests.StringGetNull is currently a stubbed implementation.</Message>
        </ErrorInfo>
      </Output>
    </UnitTestResult>
    <UnitTestResult executionId="fa07c968-90a9-4870-bb66-f798d9f0ac7e" testId="a40940ee-1e0c-4497-9389-0dd20eb26504" testName="GetMixedTypes" computerName="pkrvmxyh4eaekms" duration="00:00:00.0000010" startTime="2025-06-24T21:13:51.5442025+00:00" endTime="2025-06-24T21:13:51.5442038+00:00" testType="13cdc9d9-ddb5-4fa4-a97d-d965ccfc6d4b" outcome="NotExecuted" testListId="8c84fa94-04c1-424b-9868-57a2d4851a1d" relativeResultsDirectory="fa07c968-90a9-4870-bb66-f798d9f0ac7e">
      <Output>
        <StdOut>Test skipped because TestProjects.Spector.Tests.Http._Type.Union.UnionTests.GetMixedTypes is currently a stubbed implementation.</StdOut>
        <ErrorInfo>
          <Message>Test skipped because TestProjects.Spector.Tests.Http._Type.Union.UnionTests.GetMixedTypes is currently a stubbed implementation.</Message>
        </ErrorInfo>
      </Output>
    </UnitTestResult>
    <UnitTestResult executionId="45e5d9a5-f3f8-46a7-b8a4-700e875d7d5e" testId="0a85d251-c920-1c76-5ba6-88640672d5ab" testName="CollectionsStringPut" computerName="pkrvmxyh4eaekms" duration="00:00:00.0000020" startTime="2025-06-24T21:13:51.5434721+00:00" endTime="2025-06-24T21:13:51.5434740+00:00" testType="13cdc9d9-ddb5-4fa4-a97d-d965ccfc6d4b" outcome="NotExecuted" testListId="8c84fa94-04c1-424b-9868-57a2d4851a1d" relativeResultsDirectory="45e5d9a5-f3f8-46a7-b8a4-700e875d7d5e">
      <Output>
        <StdOut>Test skipped because TestProjects.Spector.Tests.Http._Type.Property.ValueTypes.ValueTypesTests.CollectionsStringPut is currently a stubbed implementation.</StdOut>
        <ErrorInfo>
          <Message>Test skipped because TestProjects.Spector.Tests.Http._Type.Property.ValueTypes.ValueTypesTests.CollectionsStringPut is currently a stubbed implementation.</Message>
        </ErrorInfo>
      </Output>
    </UnitTestResult>
    <UnitTestResult executionId="3141cafd-7b3c-4e32-a434-b78149fa1fb9" testId="2c8af5c6-fd6a-ab63-725d-404963a83957" testName="BooleanGet" computerName="pkrvmxyh4eaekms" duration="00:00:00.0000040" startTime="2025-06-24T21:13:51.5390627+00:00" endTime="2025-06-24T21:13:51.5390671+00:00" testType="13cdc9d9-ddb5-4fa4-a97d-d965ccfc6d4b" outcome="NotExecuted" testListId="8c84fa94-04c1-424b-9868-57a2d4851a1d" relativeResultsDirectory="3141cafd-7b3c-4e32-a434-b78149fa1fb9">
      <Output>
        <StdOut>Test skipped because TestProjects.Spector.Tests.Http._Type.Dictionary.DictionaryTests.BooleanGet is currently a stubbed implementation.</StdOut>
        <ErrorInfo>
          <Message>Test skipped because TestProjects.Spector.Tests.Http._Type.Dictionary.DictionaryTests.BooleanGet is currently a stubbed implementation.</Message>
        </ErrorInfo>
      </Output>
    </UnitTestResult>
    <UnitTestResult executionId="50475e41-0e91-467c-9f12-9629107509b7" testId="f773514f-0415-86e7-6793-d141fa07f5e2" testName="ParametersWithNotAsync" computerName="pkrvmxyh4eaekms" duration="00:00:00.0000020" startTime="2025-06-24T21:13:51.6332250+00:00" endTime="2025-06-24T21:13:51.6332273+00:00" testType="13cdc9d9-ddb5-4fa4-a97d-d965ccfc6d4b" outcome="NotExecuted" testListId="8c84fa94-04c1-424b-9868-57a2d4851a1d" relativeResultsDirectory="50475e41-0e91-467c-9f12-9629107509b7">
      <Output>
        <StdOut>Test skipped because TestProjects.Spector.Tests.Http.SpecialWords.SpecialWordsTests.ParametersWithNotAsync is currently a stubbed implementation.</StdOut>
        <ErrorInfo>
          <Message>Test skipped because TestProjects.Spector.Tests.Http.SpecialWords.SpecialWordsTests.ParametersWithNotAsync is currently a stubbed implementation.</Message>
        </ErrorInfo>
      </Output>
    </UnitTestResult>
    <UnitTestResult executionId="b312b5a4-3ecc-451b-97cc-47a9a92e7ed9" testId="d2aac64e-e603-e511-1481-da7b5e54b762" testName="RecursiveGet" computerName="pkrvmxyh4eaekms" duration="00:00:00.0000060" startTime="2025-06-24T21:13:51.5400681+00:00" endTime="2025-06-24T21:13:51.5400742+00:00" testType="13cdc9d9-ddb5-4fa4-a97d-d965ccfc6d4b" outcome="NotExecuted" testListId="8c84fa94-04c1-424b-9868-57a2d4851a1d" relativeResultsDirectory="b312b5a4-3ecc-451b-97cc-47a9a92e7ed9">
      <Output>
        <StdOut>Test skipped because TestProjects.Spector.Tests.Http._Type.Model.Inheritance.Recursive.RecursiveTests.RecursiveGet is currently a stubbed implementation.</StdOut>
        <ErrorInfo>
          <Message>Test skipped because TestProjects.Spector.Tests.Http._Type.Model.Inheritance.Recursive.RecursiveTests.RecursiveGet is currently a stubbed implementation.</Message>
        </ErrorInfo>
      </Output>
    </UnitTestResult>
    <UnitTestResult executionId="42636a58-0833-4dc5-8f57-243c136232a9" testId="cf8ff4a2-d8db-11b1-06e4-f823829b0f30" testName="CreateResource" computerName="pkrvmxyh4eaekms" duration="00:00:00.0000060" startTime="2025-06-24T21:13:51.6234159+00:00" endTime="2025-06-24T21:13:51.6234220+00:00" testType="13cdc9d9-ddb5-4fa4-a97d-d965ccfc6d4b" outcome="NotExecuted" testListId="8c84fa94-04c1-424b-9868-57a2d4851a1d" relativeResultsDirectory="42636a58-0833-4dc5-8f57-243c136232a9">
      <Output>
        <StdOut>Test skipped because TestProjects.Spector.Tests.Http.Payload.JsonMergePatch.JsonMergePatchTests.CreateResource is currently a stubbed implementation.</StdOut>
        <ErrorInfo>
          <Message>Test skipped because TestProjects.Spector.Tests.Http.Payload.JsonMergePatch.JsonMergePatchTests.CreateResource is currently a stubbed implementation.</Message>
        </ErrorInfo>
      </Output>
    </UnitTestResult>
    <UnitTestResult executionId="df612ae3-e905-43e8-8a18-a6f66d0439d2" testId="48daebb0-593f-2738-a07d-a91d24969abf" testName="RequestHeaderResponseBodyProtocolMethod" computerName="pkrvmxyh4eaekms" duration="00:00:00.0000020" startTime="2025-06-24T21:13:51.6243717+00:00" endTime="2025-06-24T21:13:51.6243737+00:00" testType="13cdc9d9-ddb5-4fa4-a97d-d965ccfc6d4b" outcome="NotExecuted" testListId="8c84fa94-04c1-424b-9868-57a2d4851a1d" relativeResultsDirectory="df612ae3-e905-43e8-8a18-a6f66d0439d2">
      <Output>
        <StdOut>Test skipped because TestProjects.Spector.Tests.Http.Payload.Pageable.ContinuationTokenPaginationTests.RequestHeaderResponseBodyProtocolMethod is currently a stubbed implementation.</StdOut>
        <ErrorInfo>
          <Message>Test skipped because TestProjects.Spector.Tests.Http.Payload.Pageable.ContinuationTokenPaginationTests.RequestHeaderResponseBodyProtocolMethod is currently a stubbed implementation.</Message>
        </ErrorInfo>
      </Output>
    </UnitTestResult>
    <UnitTestResult executionId="ab7a73cb-073b-4d6e-adaa-065a4401e99a" testId="2e2d7890-8c51-350e-9163-4ba34bbe400a" testName="Float32ValueGet" computerName="pkrvmxyh4eaekms" duration="00:00:00.0000010" startTime="2025-06-24T21:13:51.5357903+00:00" endTime="2025-06-24T21:13:51.5357916+00:00" testType="13cdc9d9-ddb5-4fa4-a97d-d965ccfc6d4b" outcome="NotExecuted" testListId="8c84fa94-04c1-424b-9868-57a2d4851a1d" relativeResultsDirectory="ab7a73cb-073b-4d6e-adaa-065a4401e99a">
      <Output>
        <StdOut>Test skipped because TestProjects.Spector.Tests.Http._Type._Array.ArrayTests.Float32ValueGet is currently a stubbed implementation.</StdOut>
        <ErrorInfo>
          <Message>Test skipped because TestProjects.Spector.Tests.Http._Type._Array.ArrayTests.Float32ValueGet is currently a stubbed implementation.</Message>
        </ErrorInfo>
      </Output>
    </UnitTestResult>
    <UnitTestResult executionId="98748bab-9c70-4450-9984-23e89cda3404" testId="aeec4e5f-bc8e-2634-0605-92786e0b894c" testName="FloatLiteralPutDefault" computerName="pkrvmxyh4eaekms" duration="00:00:00.0000010" startTime="2025-06-24T21:13:51.5430019+00:00" endTime="2025-06-24T21:13:51.5430030+00:00" testType="13cdc9d9-ddb5-4fa4-a97d-d965ccfc6d4b" outcome="NotExecuted" testListId="8c84fa94-04c1-424b-9868-57a2d4851a1d" relativeResultsDirectory="98748bab-9c70-4450-9984-23e89cda3404">
      <Output>
        <StdOut>Test skipped because TestProjects.Spector.Tests.Http._Type.Property.Optionality.OptionalityTests.FloatLiteralPutDefault is currently a stubbed implementation.</StdOut>
        <ErrorInfo>
          <Message>Test skipped because TestProjects.Spector.Tests.Http._Type.Property.Optionality.OptionalityTests.FloatLiteralPutDefault is currently a stubbed implementation.</Message>
        </ErrorInfo>
      </Output>
    </UnitTestResult>
    <UnitTestResult executionId="086b4704-500c-4575-b014-36b512875ed8" testId="738b23ca-593c-9c40-e043-c828986be789" testName="Normal" computerName="pkrvmxyh4eaekms" duration="00:00:00.0000060" startTime="2025-06-24T21:13:51.5897527+00:00" endTime="2025-06-24T21:13:51.5897587+00:00" testType="13cdc9d9-ddb5-4fa4-a97d-d965ccfc6d4b" outcome="NotExecuted" testListId="8c84fa94-04c1-424b-9868-57a2d4851a1d" relativeResultsDirectory="086b4704-500c-4575-b014-36b512875ed8">
      <Output>
        <StdOut>Test skipped because TestProjects.Spector.Tests.Http.Parameters.Path.PathTests.Normal is currently a stubbed implementation.</StdOut>
        <ErrorInfo>
          <Message>Test skipped because TestProjects.Spector.Tests.Http.Parameters.Path.PathTests.Normal is currently a stubbed implementation.</Message>
        </ErrorInfo>
      </Output>
    </UnitTestResult>
    <UnitTestResult executionId="b0a3cf3c-7bdf-4b42-9c72-2ce996b9deae" testId="5d6ce930-2804-a840-89ee-3361b624ef2e" testName="ParametersWithDelAsync" computerName="pkrvmxyh4eaekms" duration="00:00:00.0000020" startTime="2025-06-24T21:13:51.6330880+00:00" endTime="2025-06-24T21:13:51.6330900+00:00" testType="13cdc9d9-ddb5-4fa4-a97d-d965ccfc6d4b" outcome="NotExecuted" testListId="8c84fa94-04c1-424b-9868-57a2d4851a1d" relativeResultsDirectory="b0a3cf3c-7bdf-4b42-9c72-2ce996b9deae">
      <Output>
        <StdOut>Test skipped because TestProjects.Spector.Tests.Http.SpecialWords.SpecialWordsTests.ParametersWithDelAsync is currently a stubbed implementation.</StdOut>
        <ErrorInfo>
          <Message>Test skipped because TestProjects.Spector.Tests.Http.SpecialWords.SpecialWordsTests.ParametersWithDelAsync is currently a stubbed implementation.</Message>
        </ErrorInfo>
      </Output>
    </UnitTestResult>
    <UnitTestResult executionId="9cd04ad7-9ff6-4060-a1bc-92e704402b1f" testId="64a8847b-9530-106c-0bd2-82c8d2aec323" testName="PutExtensibleEnum" computerName="pkrvmxyh4eaekms" duration="00:00:00.0000020" startTime="2025-06-24T21:13:51.5395799+00:00" endTime="2025-06-24T21:13:51.5395814+00:00" testType="13cdc9d9-ddb5-4fa4-a97d-d965ccfc6d4b" outcome="NotExecuted" testListId="8c84fa94-04c1-424b-9868-57a2d4851a1d" relativeResultsDirectory="9cd04ad7-9ff6-4060-a1bc-92e704402b1f">
      <Output>
        <StdOut>Test skipped because TestProjects.Spector.Tests.Http._Type.Model.Inheritance.EnumDiscriminator.EnumDiscriminatorTests.PutExtensibleEnum is currently a stubbed implementation.</StdOut>
        <ErrorInfo>
          <Message>Test skipped because TestProjects.Spector.Tests.Http._Type.Model.Inheritance.EnumDiscriminator.EnumDiscriminatorTests.PutExtensibleEnum is currently a stubbed implementation.</Message>
        </ErrorInfo>
      </Output>
    </UnitTestResult>
    <UnitTestResult executionId="d332139c-10e6-4fc3-a6d5-13a6bce5dbe5" testId="19437128-c3d8-4adc-5252-c2ac12486858" testName="ModelsWithElseAsync" computerName="pkrvmxyh4eaekms" duration="00:00:00.0000020" startTime="2025-06-24T21:13:51.6325075+00:00" endTime="2025-06-24T21:13:51.6325093+00:00" testType="13cdc9d9-ddb5-4fa4-a97d-d965ccfc6d4b" outcome="NotExecuted" testListId="8c84fa94-04c1-424b-9868-57a2d4851a1d" relativeResultsDirectory="d332139c-10e6-4fc3-a6d5-13a6bce5dbe5">
      <Output>
        <StdOut>Test skipped because TestProjects.Spector.Tests.Http.SpecialWords.SpecialWordsTests.ModelsWithElseAsync is currently a stubbed implementation.</StdOut>
        <ErrorInfo>
          <Message>Test skipped because TestProjects.Spector.Tests.Http.SpecialWords.SpecialWordsTests.ModelsWithElseAsync is currently a stubbed implementation.</Message>
        </ErrorInfo>
      </Output>
    </UnitTestResult>
    <UnitTestResult executionId="e680a0e3-73e4-4e1e-a3ca-425dcda74a45" testId="4981d695-92f1-d493-485e-08694a7644a1" testName="ExtendsDifferentSpreadFloatPut" computerName="pkrvmxyh4eaekms" duration="00:00:00.0000020" startTime="2025-06-24T21:13:51.5413563+00:00" endTime="2025-06-24T21:13:51.5413587+00:00" testType="13cdc9d9-ddb5-4fa4-a97d-d965ccfc6d4b" outcome="NotExecuted" testListId="8c84fa94-04c1-424b-9868-57a2d4851a1d" relativeResultsDirectory="e680a0e3-73e4-4e1e-a3ca-425dcda74a45">
      <Output>
        <StdOut>Test skipped because TestProjects.Spector.Tests.Http._Type.Property.AdditionalProperties.AdditionalPropertiesTests.ExtendsDifferentSpreadFloatPut is currently a stubbed implementation.</StdOut>
        <ErrorInfo>
          <Message>Test skipped because TestProjects.Spector.Tests.Http._Type.Property.AdditionalProperties.AdditionalPropertiesTests.ExtendsDifferentSpreadFloatPut is currently a stubbed implementation.</Message>
        </ErrorInfo>
      </Output>
    </UnitTestResult>
    <UnitTestResult executionId="bb3bda12-853e-4940-87ff-c8bb73c722aa" testId="d15527e4-1e39-d3f5-2cf5-2c6a34ea362e" testName="Float32ValuePut" computerName="pkrvmxyh4eaekms" duration="00:00:00.0000010" startTime="2025-06-24T21:13:51.5391104+00:00" endTime="2025-06-24T21:13:51.5391117+00:00" testType="13cdc9d9-ddb5-4fa4-a97d-d965ccfc6d4b" outcome="NotExecuted" testListId="8c84fa94-04c1-424b-9868-57a2d4851a1d" relativeResultsDirectory="bb3bda12-853e-4940-87ff-c8bb73c722aa">
      <Output>
        <StdOut>Test skipped because TestProjects.Spector.Tests.Http._Type.Dictionary.DictionaryTests.Float32ValuePut is currently a stubbed implementation.</StdOut>
        <ErrorInfo>
          <Message>Test skipped because TestProjects.Spector.Tests.Http._Type.Dictionary.DictionaryTests.Float32ValuePut is currently a stubbed implementation.</Message>
        </ErrorInfo>
      </Output>
    </UnitTestResult>
    <UnitTestResult executionId="e01f26fa-b2f7-41d7-b3c1-bd403a38b071" testId="d6fba41c-c1c2-79bd-698f-3cccdad2a009" testName="AddOptionalParamFromNone_WithApiVersionV2" computerName="pkrvmxyh4eaekms" duration="00:00:00.0000020" startTime="2025-06-24T21:13:51.6250490+00:00" endTime="2025-06-24T21:13:51.6250513+00:00" testType="13cdc9d9-ddb5-4fa4-a97d-d965ccfc6d4b" outcome="NotExecuted" testListId="8c84fa94-04c1-424b-9868-57a2d4851a1d" relativeResultsDirectory="e01f26fa-b2f7-41d7-b3c1-bd403a38b071">
      <Output>
        <StdOut>Test skipped because TestProjects.Spector.Tests.Http.Resiliency.SrvDriven.V2.SrvDrivenV2Tests.AddOptionalParamFromNone_WithApiVersionV2 is currently a stubbed implementation.</StdOut>
        <ErrorInfo>
          <Message>Test skipped because TestProjects.Spector.Tests.Http.Resiliency.SrvDriven.V2.SrvDrivenV2Tests.AddOptionalParamFromNone_WithApiVersionV2 is currently a stubbed implementation.</Message>
        </ErrorInfo>
      </Output>
    </UnitTestResult>
    <UnitTestResult executionId="7d892343-6266-488e-9ae6-5df711ddd3e5" testId="35c4068b-0d49-3ee9-4c33-2faaf9e065c7" testName="UpdateOptionalResource" computerName="pkrvmxyh4eaekms" duration="00:00:00.0000020" startTime="2025-06-24T21:13:51.6234332+00:00" endTime="2025-06-24T21:13:51.6234354+00:00" testType="13cdc9d9-ddb5-4fa4-a97d-d965ccfc6d4b" outcome="NotExecuted" testListId="8c84fa94-04c1-424b-9868-57a2d4851a1d" relativeResultsDirectory="7d892343-6266-488e-9ae6-5df711ddd3e5">
      <Output>
        <StdOut>Test skipped because TestProjects.Spector.Tests.Http.Payload.JsonMergePatch.JsonMergePatchTests.UpdateOptionalResource is currently a stubbed implementation.</StdOut>
        <ErrorInfo>
          <Message>Test skipped because TestProjects.Spector.Tests.Http.Payload.JsonMergePatch.JsonMergePatchTests.UpdateOptionalResource is currently a stubbed implementation.</Message>
        </ErrorInfo>
      </Output>
    </UnitTestResult>
    <UnitTestResult executionId="fe80f2cf-a7ae-47f5-8320-d290bd76f9c5" testId="4d815e7c-717d-37f0-c864-5262ea8b4fc6" testName="Parameters_BodyOptionality_OptionalExplicit" computerName="pkrvmxyh4eaekms" duration="00:00:00.0000060" startTime="2025-06-24T21:13:51.5893605+00:00" endTime="2025-06-24T21:13:51.5893664+00:00" testType="13cdc9d9-ddb5-4fa4-a97d-d965ccfc6d4b" outcome="NotExecuted" testListId="8c84fa94-04c1-424b-9868-57a2d4851a1d" relativeResultsDirectory="fe80f2cf-a7ae-47f5-8320-d290bd76f9c5">
      <Output>
        <StdOut>Test skipped because TestProjects.Spector.Tests.Http.Parameters.BodyOptionality.BodyOptionalityTests.Parameters_BodyOptionality_OptionalExplicit is currently a stubbed implementation.</StdOut>
        <ErrorInfo>
          <Message>Test skipped because TestProjects.Spector.Tests.Http.Parameters.BodyOptionality.BodyOptionalityTests.Parameters_BodyOptionality_OptionalExplicit is currently a stubbed implementation.</Message>
        </ErrorInfo>
      </Output>
    </UnitTestResult>
    <UnitTestResult executionId="c18c662d-a41b-496d-af53-27cce790c446" testId="4bde530b-461a-6038-6a46-89cba4fc9e98" testName="PutKnownValue" computerName="pkrvmxyh4eaekms" duration="00:00:00.0000010" startTime="2025-06-24T21:13:51.5389287+00:00" endTime="2025-06-24T21:13:51.5389302+00:00" testType="13cdc9d9-ddb5-4fa4-a97d-d965ccfc6d4b" outcome="NotExecuted" testListId="8c84fa94-04c1-424b-9868-57a2d4851a1d" relativeResultsDirectory="c18c662d-a41b-496d-af53-27cce790c446">
      <Output>
        <StdOut>Test skipped because TestProjects.Spector.Tests.Http._Type._Enum.Fixed.FixedTests.PutKnownValue is currently a stubbed implementation.</StdOut>
        <ErrorInfo>
          <Message>Test skipped because TestProjects.Spector.Tests.Http._Type._Enum.Fixed.FixedTests.PutKnownValue is currently a stubbed implementation.</Message>
        </ErrorInfo>
      </Output>
    </UnitTestResult>
    <UnitTestResult executionId="09d3d5aa-3993-4e4a-ad78-e78b3570fb4c" testId="37877dbe-dfb0-b798-1767-e5bf44bf6e24" testName="Three" computerName="pkrvmxyh4eaekms" duration="00:00:00.0000020" startTime="2025-06-24T21:13:51.5739538+00:00" endTime="2025-06-24T21:13:51.5739558+00:00" testType="13cdc9d9-ddb5-4fa4-a97d-d965ccfc6d4b" outcome="NotExecuted" testListId="8c84fa94-04c1-424b-9868-57a2d4851a1d" relativeResultsDirectory="09d3d5aa-3993-4e4a-ad78-e78b3570fb4c">
      <Output>
        <StdOut>Test skipped because TestProjects.Spector.Tests.Http.Client.Structure.TwoOperationGroup.TwoOperationGroupTests.Three is currently a stubbed implementation.</StdOut>
        <ErrorInfo>
          <Message>Test skipped because TestProjects.Spector.Tests.Http.Client.Structure.TwoOperationGroup.TwoOperationGroupTests.Three is currently a stubbed implementation.</Message>
        </ErrorInfo>
      </Output>
    </UnitTestResult>
    <UnitTestResult executionId="adce0769-255a-4000-9e6d-ee83dfc014e1" testId="81f9da1a-9b48-653b-ded6-f5036ebc7fc8" testName="ParametersWithExceptAsync" computerName="pkrvmxyh4eaekms" duration="00:00:00.0000020" startTime="2025-06-24T21:13:51.6331141+00:00" endTime="2025-06-24T21:13:51.6331160+00:00" testType="13cdc9d9-ddb5-4fa4-a97d-d965ccfc6d4b" outcome="NotExecuted" testListId="8c84fa94-04c1-424b-9868-57a2d4851a1d" relativeResultsDirectory="adce0769-255a-4000-9e6d-ee83dfc014e1">
      <Output>
        <StdOut>Test skipped because TestProjects.Spector.Tests.Http.SpecialWords.SpecialWordsTests.ParametersWithExceptAsync is currently a stubbed implementation.</StdOut>
        <ErrorInfo>
          <Message>Test skipped because TestProjects.Spector.Tests.Http.SpecialWords.SpecialWordsTests.ParametersWithExceptAsync is currently a stubbed implementation.</Message>
        </ErrorInfo>
      </Output>
    </UnitTestResult>
    <UnitTestResult executionId="6ddd7ad6-5d3f-4e7c-9ad8-430d1c296af4" testId="5608fd80-9029-124b-666d-f8202fc90320" testName="UnknownValueGet" computerName="pkrvmxyh4eaekms" duration="00:00:00.0000010" startTime="2025-06-24T21:13:51.5391845+00:00" endTime="2025-06-24T21:13:51.5391857+00:00" testType="13cdc9d9-ddb5-4fa4-a97d-d965ccfc6d4b" outcome="NotExecuted" testListId="8c84fa94-04c1-424b-9868-57a2d4851a1d" relativeResultsDirectory="6ddd7ad6-5d3f-4e7c-9ad8-430d1c296af4">
      <Output>
        <StdOut>Test skipped because TestProjects.Spector.Tests.Http._Type.Dictionary.DictionaryTests.UnknownValueGet is currently a stubbed implementation.</StdOut>
        <ErrorInfo>
          <Message>Test skipped because TestProjects.Spector.Tests.Http._Type.Dictionary.DictionaryTests.UnknownValueGet is currently a stubbed implementation.</Message>
        </ErrorInfo>
      </Output>
    </UnitTestResult>
    <UnitTestResult executionId="da067f69-399f-4818-ba36-c1e5c4c20bd4" testId="865f2873-318a-e2c5-5a69-6a289192835b" testName="IsModelArrayGet" computerName="pkrvmxyh4eaekms" duration="00:00:00.0000010" startTime="2025-06-24T21:13:51.5415100+00:00" endTime="2025-06-24T21:13:51.5415113+00:00" testType="13cdc9d9-ddb5-4fa4-a97d-d965ccfc6d4b" outcome="NotExecuted" testListId="8c84fa94-04c1-424b-9868-57a2d4851a1d" relativeResultsDirectory="da067f69-399f-4818-ba36-c1e5c4c20bd4">
      <Output>
        <StdOut>Test skipped because TestProjects.Spector.Tests.Http._Type.Property.AdditionalProperties.AdditionalPropertiesTests.IsModelArrayGet is currently a stubbed implementation.</StdOut>
        <ErrorInfo>
          <Message>Test skipped because TestProjects.Spector.Tests.Http._Type.Property.AdditionalProperties.AdditionalPropertiesTests.IsModelArrayGet is currently a stubbed implementation.</Message>
        </ErrorInfo>
      </Output>
    </UnitTestResult>
    <UnitTestResult executionId="11ac5756-7694-4900-b588-ca152b7e5f06" testId="6136afeb-dcb7-5943-90e1-0816a4fac688" testName="SpreadModelPut" computerName="pkrvmxyh4eaekms" duration="00:00:00.0000010" startTime="2025-06-24T21:13:51.5416855+00:00" endTime="2025-06-24T21:13:51.5416869+00:00" testType="13cdc9d9-ddb5-4fa4-a97d-d965ccfc6d4b" outcome="NotExecuted" testListId="8c84fa94-04c1-424b-9868-57a2d4851a1d" relativeResultsDirectory="11ac5756-7694-4900-b588-ca152b7e5f06">
      <Output>
        <StdOut>Test skipped because TestProjects.Spector.Tests.Http._Type.Property.AdditionalProperties.AdditionalPropertiesTests.SpreadModelPut is currently a stubbed implementation.</StdOut>
        <ErrorInfo>
          <Message>Test skipped because TestProjects.Spector.Tests.Http._Type.Property.AdditionalProperties.AdditionalPropertiesTests.SpreadModelPut is currently a stubbed implementation.</Message>
        </ErrorInfo>
      </Output>
    </UnitTestResult>
    <UnitTestResult executionId="9a590539-76cc-445f-b2e8-0476816ebb31" testId="85fc182b-324b-21fe-0b29-569b247fb68b" testName="GetExtensibleModelMissingDiscriminator" computerName="pkrvmxyh4eaekms" duration="00:00:00.0000010" startTime="2025-06-24T21:13:51.5395499+00:00" endTime="2025-06-24T21:13:51.5395514+00:00" testType="13cdc9d9-ddb5-4fa4-a97d-d965ccfc6d4b" outcome="NotExecuted" testListId="8c84fa94-04c1-424b-9868-57a2d4851a1d" relativeResultsDirectory="9a590539-76cc-445f-b2e8-0476816ebb31">
      <Output>
        <StdOut>Test skipped because TestProjects.Spector.Tests.Http._Type.Model.Inheritance.EnumDiscriminator.EnumDiscriminatorTests.GetExtensibleModelMissingDiscriminator is currently a stubbed implementation.</StdOut>
        <ErrorInfo>
          <Message>Test skipped because TestProjects.Spector.Tests.Http._Type.Model.Inheritance.EnumDiscriminator.EnumDiscriminatorTests.GetExtensibleModelMissingDiscriminator is currently a stubbed implementation.</Message>
        </ErrorInfo>
      </Output>
    </UnitTestResult>
    <UnitTestResult executionId="8544e80e-39d5-4156-bd01-8baf214bdc30" testId="483378af-8aa2-948d-abe2-8fb8f261153d" testName="RequiredAndOptionalGetRequiredOnly" computerName="pkrvmxyh4eaekms" duration="00:00:00.0000010" startTime="2025-06-24T21:13:51.5430931+00:00" endTime="2025-06-24T21:13:51.5430944+00:00" testType="13cdc9d9-ddb5-4fa4-a97d-d965ccfc6d4b" outcome="NotExecuted" testListId="8c84fa94-04c1-424b-9868-57a2d4851a1d" relativeResultsDirectory="8544e80e-39d5-4156-bd01-8baf214bdc30">
      <Output>
        <StdOut>Test skipped because TestProjects.Spector.Tests.Http._Type.Property.Optionality.OptionalityTests.RequiredAndOptionalGetRequiredOnly is currently a stubbed implementation.</StdOut>
        <ErrorInfo>
          <Message>Test skipped because TestProjects.Spector.Tests.Http._Type.Property.Optionality.OptionalityTests.RequiredAndOptionalGetRequiredOnly is currently a stubbed implementation.</Message>
        </ErrorInfo>
      </Output>
    </UnitTestResult>
    <UnitTestResult executionId="0a14d3d5-a061-4c73-96ca-ed1a5556de20" testId="ad423190-6428-d097-68d2-e3a87ad89748" testName="ModelsWithFromAsync" computerName="pkrvmxyh4eaekms" duration="00:00:00.0000020" startTime="2025-06-24T21:13:51.6325512+00:00" endTime="2025-06-24T21:13:51.6325533+00:00" testType="13cdc9d9-ddb5-4fa4-a97d-d965ccfc6d4b" outcome="NotExecuted" testListId="8c84fa94-04c1-424b-9868-57a2d4851a1d" relativeResultsDirectory="0a14d3d5-a061-4c73-96ca-ed1a5556de20">
      <Output>
        <StdOut>Test skipped because TestProjects.Spector.Tests.Http.SpecialWords.SpecialWordsTests.ModelsWithFromAsync is currently a stubbed implementation.</StdOut>
        <ErrorInfo>
          <Message>Test skipped because TestProjects.Spector.Tests.Http.SpecialWords.SpecialWordsTests.ModelsWithFromAsync is currently a stubbed implementation.</Message>
        </ErrorInfo>
      </Output>
    </UnitTestResult>
    <UnitTestResult executionId="bbe59e10-6522-48c1-821f-7e7dc58b3136" testId="c5f80172-8a79-2906-0e99-fd11835f09eb" testName="OperationsNotAsync" computerName="pkrvmxyh4eaekms" duration="00:00:00.0000040" startTime="2025-06-24T21:13:51.6329080+00:00" endTime="2025-06-24T21:13:51.6329117+00:00" testType="13cdc9d9-ddb5-4fa4-a97d-d965ccfc6d4b" outcome="NotExecuted" testListId="8c84fa94-04c1-424b-9868-57a2d4851a1d" relativeResultsDirectory="bbe59e10-6522-48c1-821f-7e7dc58b3136">
      <Output>
        <StdOut>Test skipped because TestProjects.Spector.Tests.Http.SpecialWords.SpecialWordsTests.OperationsNotAsync is currently a stubbed implementation.</StdOut>
        <ErrorInfo>
          <Message>Test skipped because TestProjects.Spector.Tests.Http.SpecialWords.SpecialWordsTests.OperationsNotAsync is currently a stubbed implementation.</Message>
        </ErrorInfo>
      </Output>
    </UnitTestResult>
    <UnitTestResult executionId="f74baeed-354a-4315-9e07-10c69983a03d" testId="a3df5a3c-fed1-33a3-86cb-d9c7334253e2" testName="Versioning_Added_InterfaceV2" computerName="pkrvmxyh4eaekms" duration="00:00:00.0000020" startTime="2025-06-24T21:13:51.6337290+00:00" endTime="2025-06-24T21:13:51.6337313+00:00" testType="13cdc9d9-ddb5-4fa4-a97d-d965ccfc6d4b" outcome="NotExecuted" testListId="8c84fa94-04c1-424b-9868-57a2d4851a1d" relativeResultsDirectory="f74baeed-354a-4315-9e07-10c69983a03d">
      <Output>
        <StdOut>Test skipped because TestProjects.Spector.Tests.Http.Versioning.Added.V2.VersioningAddedV2Tests.Versioning_Added_InterfaceV2 is currently a stubbed implementation.</StdOut>
        <ErrorInfo>
          <Message>Test skipped because TestProjects.Spector.Tests.Http.Versioning.Added.V2.VersioningAddedV2Tests.Versioning_Added_InterfaceV2 is currently a stubbed implementation.</Message>
        </ErrorInfo>
      </Output>
    </UnitTestResult>
    <UnitTestResult executionId="eda60e25-23d5-4fda-94e7-7c3270e13860" testId="846a1417-d332-5306-a5c5-00f1e90a0d34" testName="RenamedOne" computerName="pkrvmxyh4eaekms" duration="00:00:00.0000020" startTime="2025-06-24T21:13:51.5662451+00:00" endTime="2025-06-24T21:13:51.5662468+00:00" testType="13cdc9d9-ddb5-4fa4-a97d-d965ccfc6d4b" outcome="NotExecuted" testListId="8c84fa94-04c1-424b-9868-57a2d4851a1d" relativeResultsDirectory="eda60e25-23d5-4fda-94e7-7c3270e13860">
      <Output>
        <StdOut>Test skipped because TestProjects.Spector.Tests.Http.Client.Structure.MultiClient.MultiClientTests.RenamedOne is currently a stubbed implementation.</StdOut>
        <ErrorInfo>
          <Message>Test skipped because TestProjects.Spector.Tests.Http.Client.Structure.MultiClient.MultiClientTests.RenamedOne is currently a stubbed implementation.</Message>
        </ErrorInfo>
      </Output>
    </UnitTestResult>
    <UnitTestResult executionId="b0746f34-154a-4402-8b1a-0f085b1daad1" testId="1632f8c4-befb-0624-55c6-6d4fa02abac0" testName="SpreadDifferentModelArrayPut" computerName="pkrvmxyh4eaekms" duration="00:00:00.0000020" startTime="2025-06-24T21:13:51.5416272+00:00" endTime="2025-06-24T21:13:51.5416288+00:00" testType="13cdc9d9-ddb5-4fa4-a97d-d965ccfc6d4b" outcome="NotExecuted" testListId="8c84fa94-04c1-424b-9868-57a2d4851a1d" relativeResultsDirectory="b0746f34-154a-4402-8b1a-0f085b1daad1">
      <Output>
        <StdOut>Test skipped because TestProjects.Spector.Tests.Http._Type.Property.AdditionalProperties.AdditionalPropertiesTests.SpreadDifferentModelArrayPut is currently a stubbed implementation.</StdOut>
        <ErrorInfo>
          <Message>Test skipped because TestProjects.Spector.Tests.Http._Type.Property.AdditionalProperties.AdditionalPropertiesTests.SpreadDifferentModelArrayPut is currently a stubbed implementation.</Message>
        </ErrorInfo>
      </Output>
    </UnitTestResult>
    <UnitTestResult executionId="08a05415-d9da-4217-ad75-1f16c26b2645" testId="3b8be157-ecd2-7baf-59d7-2ef89f206753" testName="ExtendsUnknownDerivedGet" computerName="pkrvmxyh4eaekms" duration="00:00:00.0000010" startTime="2025-06-24T21:13:51.5414631+00:00" endTime="2025-06-24T21:13:51.5414644+00:00" testType="13cdc9d9-ddb5-4fa4-a97d-d965ccfc6d4b" outcome="NotExecuted" testListId="8c84fa94-04c1-424b-9868-57a2d4851a1d" relativeResultsDirectory="08a05415-d9da-4217-ad75-1f16c26b2645">
      <Output>
        <StdOut>Test skipped because TestProjects.Spector.Tests.Http._Type.Property.AdditionalProperties.AdditionalPropertiesTests.ExtendsUnknownDerivedGet is currently a stubbed implementation.</StdOut>
        <ErrorInfo>
          <Message>Test skipped because TestProjects.Spector.Tests.Http._Type.Property.AdditionalProperties.AdditionalPropertiesTests.ExtendsUnknownDerivedGet is currently a stubbed implementation.</Message>
        </ErrorInfo>
      </Output>
    </UnitTestResult>
    <UnitTestResult executionId="520496b6-85d6-4a05-a73b-afdccdf9e5e8" testId="f479c527-ea15-77bf-9aec-573b4312afd2" testName="CollectionsModelPut" computerName="pkrvmxyh4eaekms" duration="00:00:00.0000010" startTime="2025-06-24T21:13:51.5434575+00:00" endTime="2025-06-24T21:13:51.5434590+00:00" testType="13cdc9d9-ddb5-4fa4-a97d-d965ccfc6d4b" outcome="NotExecuted" testListId="8c84fa94-04c1-424b-9868-57a2d4851a1d" relativeResultsDirectory="520496b6-85d6-4a05-a73b-afdccdf9e5e8">
      <Output>
        <StdOut>Test skipped because TestProjects.Spector.Tests.Http._Type.Property.ValueTypes.ValueTypesTests.CollectionsModelPut is currently a stubbed implementation.</StdOut>
        <ErrorInfo>
          <Message>Test skipped because TestProjects.Spector.Tests.Http._Type.Property.ValueTypes.ValueTypesTests.CollectionsModelPut is currently a stubbed implementation.</Message>
        </ErrorInfo>
      </Output>
    </UnitTestResult>
    <UnitTestResult executionId="b8e8debb-d5b5-4bbf-bea8-d596c84a1ac3" testId="614176e9-f2cd-20bd-b829-26b9dcbc382a" testName="PathTemplateOnly" computerName="pkrvmxyh4eaekms" duration="00:00:00.0000020" startTime="2025-06-24T21:13:51.6255998+00:00" endTime="2025-06-24T21:13:51.6256015+00:00" testType="13cdc9d9-ddb5-4fa4-a97d-d965ccfc6d4b" outcome="NotExecuted" testListId="8c84fa94-04c1-424b-9868-57a2d4851a1d" relativeResultsDirectory="b8e8debb-d5b5-4bbf-bea8-d596c84a1ac3">
      <Output>
        <StdOut>Test skipped because TestProjects.Spector.Tests.Http.Routes.PathParameterTests.PathTemplateOnly is currently a stubbed implementation.</StdOut>
        <ErrorInfo>
          <Message>Test skipped because TestProjects.Spector.Tests.Http.Routes.PathParameterTests.PathTemplateOnly is currently a stubbed implementation.</Message>
        </ErrorInfo>
      </Output>
    </UnitTestResult>
    <UnitTestResult executionId="41b0488d-275a-4b13-b55b-c5ed71f77782" testId="a02e8c63-2528-7708-d623-673a48e7b0e4" testName="GetLegacyModel" computerName="pkrvmxyh4eaekms" duration="00:00:00.0000070" startTime="2025-06-24T21:13:51.5407871+00:00" endTime="2025-06-24T21:13:51.5407938+00:00" testType="13cdc9d9-ddb5-4fa4-a97d-d965ccfc6d4b" outcome="NotExecuted" testListId="8c84fa94-04c1-424b-9868-57a2d4851a1d" relativeResultsDirectory="41b0488d-275a-4b13-b55b-c5ed71f77782">
      <Output>
        <StdOut>Test skipped because TestProjects.Spector.Tests.Http._Type.Model.Inheritance.SingleDiscriminator.SingleDiscriminatorTests.GetLegacyModel is currently a stubbed implementation.</StdOut>
        <ErrorInfo>
          <Message>Test skipped because TestProjects.Spector.Tests.Http._Type.Model.Inheritance.SingleDiscriminator.SingleDiscriminatorTests.GetLegacyModel is currently a stubbed implementation.</Message>
        </ErrorInfo>
      </Output>
    </UnitTestResult>
    <UnitTestResult executionId="7fce6a0e-44f0-434f-a6cd-20db7b912086" testId="9ad3ff68-cf66-132e-0b79-ee6d29f36ec2" testName="AddOptionalParamFromOneRequired_V1Client_V2Service_WithApiVersionV1" computerName="pkrvmxyh4eaekms" duration="00:00:00.0000020" startTime="2025-06-24T21:13:51.6248571+00:00" endTime="2025-06-24T21:13:51.6248589+00:00" testType="13cdc9d9-ddb5-4fa4-a97d-d965ccfc6d4b" outcome="NotExecuted" testListId="8c84fa94-04c1-424b-9868-57a2d4851a1d" relativeResultsDirectory="7fce6a0e-44f0-434f-a6cd-20db7b912086">
      <Output>
        <StdOut>Test skipped because TestProjects.Spector.Tests.Http.Resiliency.SrvDriven.V1.SrvDrivenV1Tests.AddOptionalParamFromOneRequired_V1Client_V2Service_WithApiVersionV1 is currently a stubbed implementation.</StdOut>
        <ErrorInfo>
          <Message>Test skipped because TestProjects.Spector.Tests.Http.Resiliency.SrvDriven.V1.SrvDrivenV1Tests.AddOptionalParamFromOneRequired_V1Client_V2Service_WithApiVersionV1 is currently a stubbed implementation.</Message>
        </ErrorInfo>
      </Output>
    </UnitTestResult>
    <UnitTestResult executionId="6717b401-2556-47c2-bc03-394b0dfb3a34" testId="6a7df1d6-d6b8-2789-0a41-322ae37829a7" testName="IsModelArrayPut" computerName="pkrvmxyh4eaekms" duration="00:00:00.0000010" startTime="2025-06-24T21:13:51.5415158+00:00" endTime="2025-06-24T21:13:51.5415169+00:00" testType="13cdc9d9-ddb5-4fa4-a97d-d965ccfc6d4b" outcome="NotExecuted" testListId="8c84fa94-04c1-424b-9868-57a2d4851a1d" relativeResultsDirectory="6717b401-2556-47c2-bc03-394b0dfb3a34">
      <Output>
        <StdOut>Test skipped because TestProjects.Spector.Tests.Http._Type.Property.AdditionalProperties.AdditionalPropertiesTests.IsModelArrayPut is currently a stubbed implementation.</StdOut>
        <ErrorInfo>
          <Message>Test skipped because TestProjects.Spector.Tests.Http._Type.Property.AdditionalProperties.AdditionalPropertiesTests.IsModelArrayPut is currently a stubbed implementation.</Message>
        </ErrorInfo>
      </Output>
    </UnitTestResult>
    <UnitTestResult executionId="963aae5d-bd7e-4ebb-9c53-f9fb49827e3e" testId="2ecfb074-9b8a-3f8b-bab0-4451eb971b5e" testName="RenamedThree" computerName="pkrvmxyh4eaekms" duration="00:00:00.0000020" startTime="2025-06-24T21:13:51.5662610+00:00" endTime="2025-06-24T21:13:51.5662629+00:00" testType="13cdc9d9-ddb5-4fa4-a97d-d965ccfc6d4b" outcome="NotExecuted" testListId="8c84fa94-04c1-424b-9868-57a2d4851a1d" relativeResultsDirectory="963aae5d-bd7e-4ebb-9c53-f9fb49827e3e">
      <Output>
        <StdOut>Test skipped because TestProjects.Spector.Tests.Http.Client.Structure.MultiClient.MultiClientTests.RenamedThree is currently a stubbed implementation.</StdOut>
        <ErrorInfo>
          <Message>Test skipped because TestProjects.Spector.Tests.Http.Client.Structure.MultiClient.MultiClientTests.RenamedThree is currently a stubbed implementation.</Message>
        </ErrorInfo>
      </Output>
    </UnitTestResult>
    <UnitTestResult executionId="765f36c6-f680-48b6-a06a-dc6b510cb27f" testId="0f0cb2e0-62b7-ccb1-7320-803c08e61d31" testName="ParametersWithReturnAsync" computerName="pkrvmxyh4eaekms" duration="00:00:00.0000020" startTime="2025-06-24T21:13:51.6332607+00:00" endTime="2025-06-24T21:13:51.6332625+00:00" testType="13cdc9d9-ddb5-4fa4-a97d-d965ccfc6d4b" outcome="NotExecuted" testListId="8c84fa94-04c1-424b-9868-57a2d4851a1d" relativeResultsDirectory="765f36c6-f680-48b6-a06a-dc6b510cb27f">
      <Output>
        <StdOut>Test skipped because TestProjects.Spector.Tests.Http.SpecialWords.SpecialWordsTests.ParametersWithReturnAsync is currently a stubbed implementation.</StdOut>
        <ErrorInfo>
          <Message>Test skipped because TestProjects.Spector.Tests.Http.SpecialWords.SpecialWordsTests.ParametersWithReturnAsync is currently a stubbed implementation.</Message>
        </ErrorInfo>
      </Output>
    </UnitTestResult>
    <UnitTestResult executionId="74674f27-5ebb-45e3-9a2c-e79ef434ec22" testId="75d61307-df21-c4f2-ce29-12e6730a956e" testName="CollectionsByteGetDefault" computerName="pkrvmxyh4eaekms" duration="00:00:00.0000010" startTime="2025-06-24T21:13:51.5428897+00:00" endTime="2025-06-24T21:13:51.5428912+00:00" testType="13cdc9d9-ddb5-4fa4-a97d-d965ccfc6d4b" outcome="NotExecuted" testListId="8c84fa94-04c1-424b-9868-57a2d4851a1d" relativeResultsDirectory="74674f27-5ebb-45e3-9a2c-e79ef434ec22">
      <Output>
        <StdOut>Test skipped because TestProjects.Spector.Tests.Http._Type.Property.Optionality.OptionalityTests.CollectionsByteGetDefault is currently a stubbed implementation.</StdOut>
        <ErrorInfo>
          <Message>Test skipped because TestProjects.Spector.Tests.Http._Type.Property.Optionality.OptionalityTests.CollectionsByteGetDefault is currently a stubbed implementation.</Message>
        </ErrorInfo>
      </Output>
    </UnitTestResult>
    <UnitTestResult executionId="397b64c9-c300-46a1-9a4a-d3dfebb469ee" testId="45f89548-d9c9-eb75-f211-fd412e47b917" testName="Versioning_Removed_V3Model" computerName="pkrvmxyh4eaekms" duration="00:00:00.0000020" startTime="2025-06-24T21:13:51.6345698+00:00" endTime="2025-06-24T21:13:51.6345716+00:00" testType="13cdc9d9-ddb5-4fa4-a97d-d965ccfc6d4b" outcome="NotExecuted" testListId="8c84fa94-04c1-424b-9868-57a2d4851a1d" relativeResultsDirectory="397b64c9-c300-46a1-9a4a-d3dfebb469ee">
      <Output>
        <StdOut>Test skipped because TestProjects.Spector.Tests.Http.Versioning.Removed.V2.VersioningRemovedV2Tests.Versioning_Removed_V3Model is currently a stubbed implementation.</StdOut>
        <ErrorInfo>
          <Message>Test skipped because TestProjects.Spector.Tests.Http.Versioning.Removed.V2.VersioningRemovedV2Tests.Versioning_Removed_V3Model is currently a stubbed implementation.</Message>
        </ErrorInfo>
      </Output>
    </UnitTestResult>
    <UnitTestResult executionId="10dbb794-beb7-43e0-b661-6d9b6e2592f9" testId="d9d780a4-c708-af1f-5845-0b2e2fe51a5e" testName="UnionIntLiteralPut" computerName="pkrvmxyh4eaekms" duration="00:00:00.0000010" startTime="2025-06-24T21:13:51.5437110+00:00" endTime="2025-06-24T21:13:51.5437124+00:00" testType="13cdc9d9-ddb5-4fa4-a97d-d965ccfc6d4b" outcome="NotExecuted" testListId="8c84fa94-04c1-424b-9868-57a2d4851a1d" relativeResultsDirectory="10dbb794-beb7-43e0-b661-6d9b6e2592f9">
      <Output>
        <StdOut>Test skipped because TestProjects.Spector.Tests.Http._Type.Property.ValueTypes.ValueTypesTests.UnionIntLiteralPut is currently a stubbed implementation.</StdOut>
        <ErrorInfo>
          <Message>Test skipped because TestProjects.Spector.Tests.Http._Type.Property.ValueTypes.ValueTypesTests.UnionIntLiteralPut is currently a stubbed implementation.</Message>
        </ErrorInfo>
      </Output>
    </UnitTestResult>
    <UnitTestResult executionId="a24eeb9a-30ff-49b6-893c-ec47069e7ef1" testId="fe1b0bbb-1398-2d4d-c50e-a1bc017662e1" testName="QueryMultiAsArray" computerName="pkrvmxyh4eaekms" duration="00:00:00.0000020" startTime="2025-06-24T21:13:51.5895735+00:00" endTime="2025-06-24T21:13:51.5895756+00:00" testType="13cdc9d9-ddb5-4fa4-a97d-d965ccfc6d4b" outcome="NotExecuted" testListId="8c84fa94-04c1-424b-9868-57a2d4851a1d" relativeResultsDirectory="a24eeb9a-30ff-49b6-893c-ec47069e7ef1">
      <Output>
        <StdOut>Test skipped because TestProjects.Spector.Tests.Http.Parameters.CollectionFormat.CollectionFormatParametersTests.QueryMultiAsArray is currently a stubbed implementation.</StdOut>
        <ErrorInfo>
          <Message>Test skipped because TestProjects.Spector.Tests.Http.Parameters.CollectionFormat.CollectionFormatParametersTests.QueryMultiAsArray is currently a stubbed implementation.</Message>
        </ErrorInfo>
      </Output>
    </UnitTestResult>
    <UnitTestResult executionId="75fd4f2d-d855-402f-90be-003e556c2e17" testId="baeb7eea-9850-1e20-76a1-4ff3b229c720" testName="IsModelPut" computerName="pkrvmxyh4eaekms" duration="00:00:00.0000020" startTime="2025-06-24T21:13:51.5415319+00:00" endTime="2025-06-24T21:13:51.5415338+00:00" testType="13cdc9d9-ddb5-4fa4-a97d-d965ccfc6d4b" outcome="NotExecuted" testListId="8c84fa94-04c1-424b-9868-57a2d4851a1d" relativeResultsDirectory="75fd4f2d-d855-402f-90be-003e556c2e17">
      <Output>
        <StdOut>Test skipped because TestProjects.Spector.Tests.Http._Type.Property.AdditionalProperties.AdditionalPropertiesTests.IsModelPut is currently a stubbed implementation.</StdOut>
        <ErrorInfo>
          <Message>Test skipped because TestProjects.Spector.Tests.Http._Type.Property.AdditionalProperties.AdditionalPropertiesTests.IsModelPut is currently a stubbed implementation.</Message>
        </ErrorInfo>
      </Output>
    </UnitTestResult>
    <UnitTestResult executionId="27d249e6-c738-4da5-be05-a7264610090e" testId="0de1ac9d-b97d-d753-8d62-08ad8331541d" testName="ProtocolMethod" computerName="pkrvmxyh4eaekms" duration="00:00:00.0000020" startTime="2025-06-24T21:13:51.6246177+00:00" endTime="2025-06-24T21:13:51.6246200+00:00" testType="13cdc9d9-ddb5-4fa4-a97d-d965ccfc6d4b" outcome="NotExecuted" testListId="8c84fa94-04c1-424b-9868-57a2d4851a1d" relativeResultsDirectory="27d249e6-c738-4da5-be05-a7264610090e">
      <Output>
        <StdOut>Test skipped because TestProjects.Spector.Tests.Http.Payload.Pageable.NextLinkPaginationTests.ProtocolMethod is currently a stubbed implementation.</StdOut>
        <ErrorInfo>
          <Message>Test skipped because TestProjects.Spector.Tests.Http.Payload.Pageable.NextLinkPaginationTests.ProtocolMethod is currently a stubbed implementation.</Message>
        </ErrorInfo>
      </Output>
    </UnitTestResult>
    <UnitTestResult executionId="ecbf5f6e-91d9-43f4-b7b0-f087870d43b9" testId="be7b20be-0056-8c36-be7f-544e3d5b1b87" testName="CollectionsModelPutDefault" computerName="pkrvmxyh4eaekms" duration="00:00:00.0000020" startTime="2025-06-24T21:13:51.5429229+00:00" endTime="2025-06-24T21:13:51.5429248+00:00" testType="13cdc9d9-ddb5-4fa4-a97d-d965ccfc6d4b" outcome="NotExecuted" testListId="8c84fa94-04c1-424b-9868-57a2d4851a1d" relativeResultsDirectory="ecbf5f6e-91d9-43f4-b7b0-f087870d43b9">
      <Output>
        <StdOut>Test skipped because TestProjects.Spector.Tests.Http._Type.Property.Optionality.OptionalityTests.CollectionsModelPutDefault is currently a stubbed implementation.</StdOut>
        <ErrorInfo>
          <Message>Test skipped because TestProjects.Spector.Tests.Http._Type.Property.Optionality.OptionalityTests.CollectionsModelPutDefault is currently a stubbed implementation.</Message>
        </ErrorInfo>
      </Output>
    </UnitTestResult>
    <UnitTestResult executionId="655a6719-566e-440b-bb54-038bbd07d42b" testId="a627bbe7-0d09-5b94-eac3-34972aa00884" testName="AddOptionalParamFromOneRequired_WithApiVersionV1" computerName="pkrvmxyh4eaekms" duration="00:00:00.0000020" startTime="2025-06-24T21:13:51.6250728+00:00" endTime="2025-06-24T21:13:51.6250746+00:00" testType="13cdc9d9-ddb5-4fa4-a97d-d965ccfc6d4b" outcome="NotExecuted" testListId="8c84fa94-04c1-424b-9868-57a2d4851a1d" relativeResultsDirectory="655a6719-566e-440b-bb54-038bbd07d42b">
      <Output>
        <StdOut>Test skipped because TestProjects.Spector.Tests.Http.Resiliency.SrvDriven.V2.SrvDrivenV2Tests.AddOptionalParamFromOneRequired_WithApiVersionV1 is currently a stubbed implementation.</StdOut>
        <ErrorInfo>
          <Message>Test skipped because TestProjects.Spector.Tests.Http.Resiliency.SrvDriven.V2.SrvDrivenV2Tests.AddOptionalParamFromOneRequired_WithApiVersionV1 is currently a stubbed implementation.</Message>
        </ErrorInfo>
      </Output>
    </UnitTestResult>
    <UnitTestResult executionId="d5da6907-83e3-4f5a-8659-b3cbff9f59d4" testId="70c84084-e6c9-9fa6-7c52-98ec081d5f13" testName="QueryBase64urlArray" computerName="pkrvmxyh4eaekms" duration="00:00:00.0138460" startTime="2025-06-24T21:13:51.5740544+00:00" endTime="2025-06-24T21:13:51.5879008+00:00" testType="13cdc9d9-ddb5-4fa4-a97d-d965ccfc6d4b" outcome="Failed" testListId="8c84fa94-04c1-424b-9868-57a2d4851a1d" relativeResultsDirectory="d5da6907-83e3-4f5a-8659-b3cbff9f59d4">
      <Output>
        <ErrorInfo>
          <Message>OneTimeSetUp: System.InvalidOperationException : Cannot find 'node_modules' in parent directories of /home/runner/work/typespec/typespec/packages/http-client-csharp/generator/artifacts/bin/TestProjects.Spector.Tests/Debug/net8.0/TestProjects.Spector.Tests.dll.</Message>
          <StackTrace>
</StackTrace>
        </ErrorInfo>
      </Output>
    </UnitTestResult>
    <UnitTestResult executionId="37a61015-586a-4722-ba32-34c9f6e7ad98" testId="88ed1ad2-3eee-e01c-90d0-695c68a659cd" testName="StringLiteralPut" computerName="pkrvmxyh4eaekms" duration="00:00:00.0000010" startTime="2025-06-24T21:13:51.5436707+00:00" endTime="2025-06-24T21:13:51.5436719+00:00" testType="13cdc9d9-ddb5-4fa4-a97d-d965ccfc6d4b" outcome="NotExecuted" testListId="8c84fa94-04c1-424b-9868-57a2d4851a1d" relativeResultsDirectory="37a61015-586a-4722-ba32-34c9f6e7ad98">
      <Output>
        <StdOut>Test skipped because TestProjects.Spector.Tests.Http._Type.Property.ValueTypes.ValueTypesTests.StringLiteralPut is currently a stubbed implementation.</StdOut>
        <ErrorInfo>
          <Message>Test skipped because TestProjects.Spector.Tests.Http._Type.Property.ValueTypes.ValueTypesTests.StringLiteralPut is currently a stubbed implementation.</Message>
        </ErrorInfo>
      </Output>
    </UnitTestResult>
    <UnitTestResult executionId="75890405-7123-4cf4-b9b1-e106f829a2c2" testId="fcb26e78-ef7d-0f0e-cfdf-0eb5aa5ef77d" testName="SendStringExtensibleNamedOnly" computerName="pkrvmxyh4eaekms" duration="00:00:00.0000010" startTime="2025-06-24T21:13:51.5442781+00:00" endTime="2025-06-24T21:13:51.5442794+00:00" testType="13cdc9d9-ddb5-4fa4-a97d-d965ccfc6d4b" outcome="NotExecuted" testListId="8c84fa94-04c1-424b-9868-57a2d4851a1d" relativeResultsDirectory="75890405-7123-4cf4-b9b1-e106f829a2c2">
      <Output>
        <StdOut>Test skipped because TestProjects.Spector.Tests.Http._Type.Union.UnionTests.SendStringExtensibleNamedOnly is currently a stubbed implementation.</StdOut>
        <ErrorInfo>
          <Message>Test skipped because TestProjects.Spector.Tests.Http._Type.Union.UnionTests.SendStringExtensibleNamedOnly is currently a stubbed implementation.</Message>
        </ErrorInfo>
      </Output>
    </UnitTestResult>
    <UnitTestResult executionId="ccaadad0-afa8-47ed-9693-ea079916c788" testId="c4379fb5-5c53-1d7c-1661-71b06b8bbb07" testName="GetMissingDiscriminator" computerName="pkrvmxyh4eaekms" duration="00:00:00.0000050" startTime="2025-06-24T21:13:51.5397355+00:00" endTime="2025-06-24T21:13:51.5397402+00:00" testType="13cdc9d9-ddb5-4fa4-a97d-d965ccfc6d4b" outcome="NotExecuted" testListId="8c84fa94-04c1-424b-9868-57a2d4851a1d" relativeResultsDirectory="ccaadad0-afa8-47ed-9693-ea079916c788">
      <Output>
        <StdOut>Test skipped because TestProjects.Spector.Tests.Http._Type.Model.Inheritance.NestedDiscriminator.NestedDiscriminatorTests.GetMissingDiscriminator is currently a stubbed implementation.</StdOut>
        <ErrorInfo>
          <Message>Test skipped because TestProjects.Spector.Tests.Http._Type.Model.Inheritance.NestedDiscriminator.NestedDiscriminatorTests.GetMissingDiscriminator is currently a stubbed implementation.</Message>
        </ErrorInfo>
      </Output>
    </UnitTestResult>
    <UnitTestResult executionId="7ba25030-de46-4997-9b00-b5b895d81be7" testId="1f48354a-9ec4-2eeb-125b-eecfcf2ac38c" testName="ModelsWithDefAsync" computerName="pkrvmxyh4eaekms" duration="00:00:00.0000020" startTime="2025-06-24T21:13:51.6324830+00:00" endTime="2025-06-24T21:13:51.6324849+00:00" testType="13cdc9d9-ddb5-4fa4-a97d-d965ccfc6d4b" outcome="NotExecuted" testListId="8c84fa94-04c1-424b-9868-57a2d4851a1d" relativeResultsDirectory="7ba25030-de46-4997-9b00-b5b895d81be7">
      <Output>
        <StdOut>Test skipped because TestProjects.Spector.Tests.Http.SpecialWords.SpecialWordsTests.ModelsWithDefAsync is currently a stubbed implementation.</StdOut>
        <ErrorInfo>
          <Message>Test skipped because TestProjects.Spector.Tests.Http.SpecialWords.SpecialWordsTests.ModelsWithDefAsync is currently a stubbed implementation.</Message>
        </ErrorInfo>
      </Output>
    </UnitTestResult>
    <UnitTestResult executionId="d614797f-14a8-411d-ac7c-1fb9c4fd8cd1" testId="6e426c78-4051-6673-9910-5c3948358fcd" testName="QueryDefault" computerName="pkrvmxyh4eaekms" duration="00:00:00.0000020" startTime="2025-06-24T21:13:51.5882544+00:00" endTime="2025-06-24T21:13:51.5882566+00:00" testType="13cdc9d9-ddb5-4fa4-a97d-d965ccfc6d4b" outcome="NotExecuted" testListId="8c84fa94-04c1-424b-9868-57a2d4851a1d" relativeResultsDirectory="d614797f-14a8-411d-ac7c-1fb9c4fd8cd1">
      <Output>
        <StdOut>Test skipped because TestProjects.Spector.Tests.Http.Encode.Datetime.DateTimeTests.QueryDefault is currently a stubbed implementation.</StdOut>
        <ErrorInfo>
          <Message>Test skipped because TestProjects.Spector.Tests.Http.Encode.Datetime.DateTimeTests.QueryDefault is currently a stubbed implementation.</Message>
        </ErrorInfo>
      </Output>
    </UnitTestResult>
    <UnitTestResult executionId="a906741b-13ba-4b58-a93a-617387934aa6" testId="9d065879-ef0c-6e32-11b6-7a920470a670" testName="RoundTripWithModelReaderWriterNonGenericJson" computerName="pkrvmxyh4eaekms" duration="00:00:00.0000020" startTime="2025-06-24T21:13:51.5406236+00:00" endTime="2025-06-24T21:13:51.5406258+00:00" testType="13cdc9d9-ddb5-4fa4-a97d-d965ccfc6d4b" outcome="NotExecuted" testListId="8c84fa94-04c1-424b-9868-57a2d4851a1d" relativeResultsDirectory="a906741b-13ba-4b58-a93a-617387934aa6">
      <Output>
        <StdOut>Test skipped because TestProjects.Spector.Tests.Http._Type.Model.Inheritance.SingleDiscriminator.EagleTests.RoundTripWithModelReaderWriterNonGenericJson is currently a stubbed implementation.</StdOut>
        <ErrorInfo>
          <Message>Test skipped because TestProjects.Spector.Tests.Http._Type.Model.Inheritance.SingleDiscriminator.EagleTests.RoundTripWithModelReaderWriterNonGenericJson is currently a stubbed implementation.</Message>
        </ErrorInfo>
      </Output>
    </UnitTestResult>
    <UnitTestResult executionId="672d6960-68f9-4063-8267-ef04e7b7a936" testId="cdd478ae-7c7a-97cc-6872-4601f8244ce0" testName="SendStringAndArray" computerName="pkrvmxyh4eaekms" duration="00:00:00.0000020" startTime="2025-06-24T21:13:51.5442719+00:00" endTime="2025-06-24T21:13:51.5442738+00:00" testType="13cdc9d9-ddb5-4fa4-a97d-d965ccfc6d4b" outcome="NotExecuted" testListId="8c84fa94-04c1-424b-9868-57a2d4851a1d" relativeResultsDirectory="672d6960-68f9-4063-8267-ef04e7b7a936">
      <Output>
        <StdOut>Test skipped because TestProjects.Spector.Tests.Http._Type.Union.UnionTests.SendStringAndArray is currently a stubbed implementation.</StdOut>
        <ErrorInfo>
          <Message>Test skipped because TestProjects.Spector.Tests.Http._Type.Union.UnionTests.SendStringAndArray is currently a stubbed implementation.</Message>
        </ErrorInfo>
      </Output>
    </UnitTestResult>
    <UnitTestResult executionId="b63ad540-5f32-4c70-bb78-911850ba8152" testId="7c6a914d-92b3-edaf-33c3-a2ef4d20b67a" testName="CollectionsByteGetAll" computerName="pkrvmxyh4eaekms" duration="00:00:00.0000020" startTime="2025-06-24T21:13:51.5428828+00:00" endTime="2025-06-24T21:13:51.5428846+00:00" testType="13cdc9d9-ddb5-4fa4-a97d-d965ccfc6d4b" outcome="NotExecuted" testListId="8c84fa94-04c1-424b-9868-57a2d4851a1d" relativeResultsDirectory="b63ad540-5f32-4c70-bb78-911850ba8152">
      <Output>
        <StdOut>Test skipped because TestProjects.Spector.Tests.Http._Type.Property.Optionality.OptionalityTests.CollectionsByteGetAll is currently a stubbed implementation.</StdOut>
        <ErrorInfo>
          <Message>Test skipped because TestProjects.Spector.Tests.Http._Type.Property.Optionality.OptionalityTests.CollectionsByteGetAll is currently a stubbed implementation.</Message>
        </ErrorInfo>
      </Output>
    </UnitTestResult>
    <UnitTestResult executionId="764ec20d-153c-4350-964f-6757e4870c74" testId="156498c2-d63b-9f08-7aaf-6c97614f6ed8" testName="QueryInt32Seconds" computerName="pkrvmxyh4eaekms" duration="00:00:00.0000020" startTime="2025-06-24T21:13:51.5887377+00:00" endTime="2025-06-24T21:13:51.5887393+00:00" testType="13cdc9d9-ddb5-4fa4-a97d-d965ccfc6d4b" outcome="NotExecuted" testListId="8c84fa94-04c1-424b-9868-57a2d4851a1d" relativeResultsDirectory="764ec20d-153c-4350-964f-6757e4870c74">
      <Output>
        <StdOut>Test skipped because TestProjects.Spector.Tests.Http.Encode.Duration.EncodeDurationTests.QueryInt32Seconds is currently a stubbed implementation.</StdOut>
        <ErrorInfo>
          <Message>Test skipped because TestProjects.Spector.Tests.Http.Encode.Duration.EncodeDurationTests.QueryInt32Seconds is currently a stubbed implementation.</Message>
        </ErrorInfo>
      </Output>
    </UnitTestResult>
    <UnitTestResult executionId="dc0b839d-2cb8-4404-89bd-9461ddf3f9bf" testId="9659bcd4-4735-6e22-71f4-071a58efde35" testName="SpreadRecordUnionGet" computerName="pkrvmxyh4eaekms" duration="00:00:00.0000010" startTime="2025-06-24T21:13:51.5417240+00:00" endTime="2025-06-24T21:13:51.5417253+00:00" testType="13cdc9d9-ddb5-4fa4-a97d-d965ccfc6d4b" outcome="NotExecuted" testListId="8c84fa94-04c1-424b-9868-57a2d4851a1d" relativeResultsDirectory="dc0b839d-2cb8-4404-89bd-9461ddf3f9bf">
      <Output>
        <StdOut>Test skipped because TestProjects.Spector.Tests.Http._Type.Property.AdditionalProperties.AdditionalPropertiesTests.SpreadRecordUnionGet is currently a stubbed implementation.</StdOut>
        <ErrorInfo>
          <Message>Test skipped because TestProjects.Spector.Tests.Http._Type.Property.AdditionalProperties.AdditionalPropertiesTests.SpreadRecordUnionGet is currently a stubbed implementation.</Message>
        </ErrorInfo>
      </Output>
    </UnitTestResult>
    <UnitTestResult executionId="a56db2c1-832c-4dc5-8bb8-79f787b3ba4c" testId="fbf8627f-8c3a-2318-5e58-a54407795f39" testName="ReadOnlyPropertiesAreDeserialized" computerName="pkrvmxyh4eaekms" duration="00:00:00.0000020" startTime="2025-06-24T21:13:51.5411583+00:00" endTime="2025-06-24T21:13:51.5411601+00:00" testType="13cdc9d9-ddb5-4fa4-a97d-d965ccfc6d4b" outcome="NotExecuted" testListId="8c84fa94-04c1-424b-9868-57a2d4851a1d" relativeResultsDirectory="a56db2c1-832c-4dc5-8bb8-79f787b3ba4c">
      <Output>
        <StdOut>Test skipped because TestProjects.Spector.Tests.Http._Type.Model.Visibility.TypeModelVisibilityTests.ReadOnlyPropertiesAreDeserialized is currently a stubbed implementation.</StdOut>
        <ErrorInfo>
          <Message>Test skipped because TestProjects.Spector.Tests.Http._Type.Model.Visibility.TypeModelVisibilityTests.ReadOnlyPropertiesAreDeserialized is currently a stubbed implementation.</Message>
        </ErrorInfo>
      </Output>
    </UnitTestResult>
    <UnitTestResult executionId="68677a7a-5268-48ca-9264-71fc711d7ac8" testId="2d5a8059-ba92-f7f9-73b7-56551102ec4a" testName="SpreadRecordNonDiscriminatedUnion2Get" computerName="pkrvmxyh4eaekms" duration="00:00:00.0000020" startTime="2025-06-24T21:13:51.5416937+00:00" endTime="2025-06-24T21:13:51.5416961+00:00" testType="13cdc9d9-ddb5-4fa4-a97d-d965ccfc6d4b" outcome="NotExecuted" testListId="8c84fa94-04c1-424b-9868-57a2d4851a1d" relativeResultsDirectory="68677a7a-5268-48ca-9264-71fc711d7ac8">
      <Output>
        <StdOut>Test skipped because TestProjects.Spector.Tests.Http._Type.Property.AdditionalProperties.AdditionalPropertiesTests.SpreadRecordNonDiscriminatedUnion2Get is currently a stubbed implementation.</StdOut>
        <ErrorInfo>
          <Message>Test skipped because TestProjects.Spector.Tests.Http._Type.Property.AdditionalProperties.AdditionalPropertiesTests.SpreadRecordNonDiscriminatedUnion2Get is currently a stubbed implementation.</Message>
        </ErrorInfo>
      </Output>
    </UnitTestResult>
    <UnitTestResult executionId="494f1bd3-dc64-4ac4-be31-ac8adbfb2d32" testId="e9f15d06-1dca-6f6d-2d8f-6c1cbbe3a57a" testName="GetStringsOnly" computerName="pkrvmxyh4eaekms" duration="00:00:00.0000020" startTime="2025-06-24T21:13:51.5442323+00:00" endTime="2025-06-24T21:13:51.5442342+00:00" testType="13cdc9d9-ddb5-4fa4-a97d-d965ccfc6d4b" outcome="NotExecuted" testListId="8c84fa94-04c1-424b-9868-57a2d4851a1d" relativeResultsDirectory="494f1bd3-dc64-4ac4-be31-ac8adbfb2d32">
      <Output>
        <StdOut>Test skipped because TestProjects.Spector.Tests.Http._Type.Union.UnionTests.GetStringsOnly is currently a stubbed implementation.</StdOut>
        <ErrorInfo>
          <Message>Test skipped because TestProjects.Spector.Tests.Http._Type.Union.UnionTests.GetStringsOnly is currently a stubbed implementation.</Message>
        </ErrorInfo>
      </Output>
    </UnitTestResult>
    <UnitTestResult executionId="b6d02c74-8a6e-4a7e-9b3a-10f2eb980387" testId="a20f62ce-8e04-c6eb-fd21-dfdc1dc37044" testName="UnknownArrayGet" computerName="pkrvmxyh4eaekms" duration="00:00:00.0000020" startTime="2025-06-24T21:13:51.5437285+00:00" endTime="2025-06-24T21:13:51.5437306+00:00" testType="13cdc9d9-ddb5-4fa4-a97d-d965ccfc6d4b" outcome="NotExecuted" testListId="8c84fa94-04c1-424b-9868-57a2d4851a1d" relativeResultsDirectory="b6d02c74-8a6e-4a7e-9b3a-10f2eb980387">
      <Output>
        <StdOut>Test skipped because TestProjects.Spector.Tests.Http._Type.Property.ValueTypes.ValueTypesTests.UnknownArrayGet is currently a stubbed implementation.</StdOut>
        <ErrorInfo>
          <Message>Test skipped because TestProjects.Spector.Tests.Http._Type.Property.ValueTypes.ValueTypesTests.UnknownArrayGet is currently a stubbed implementation.</Message>
        </ErrorInfo>
      </Output>
    </UnitTestResult>
    <UnitTestResult executionId="53334913-4c6c-445d-afef-471b6fe97cca" testId="dd00cd2b-3924-38aa-da3a-7883f7ae03a0" testName="OperationsLambdaAsync" computerName="pkrvmxyh4eaekms" duration="00:00:00.0000020" startTime="2025-06-24T21:13:51.6328992+00:00" endTime="2025-06-24T21:13:51.6329013+00:00" testType="13cdc9d9-ddb5-4fa4-a97d-d965ccfc6d4b" outcome="NotExecuted" testListId="8c84fa94-04c1-424b-9868-57a2d4851a1d" relativeResultsDirectory="53334913-4c6c-445d-afef-471b6fe97cca">
      <Output>
        <StdOut>Test skipped because TestProjects.Spector.Tests.Http.SpecialWords.SpecialWordsTests.OperationsLambdaAsync is currently a stubbed implementation.</StdOut>
        <ErrorInfo>
          <Message>Test skipped because TestProjects.Spector.Tests.Http.SpecialWords.SpecialWordsTests.OperationsLambdaAsync is currently a stubbed implementation.</Message>
        </ErrorInfo>
      </Output>
    </UnitTestResult>
    <UnitTestResult executionId="21d7f4e5-add6-4bf5-86ce-4b041e12f425" testId="529fca7e-16e7-d72f-a834-7459e2edface" testName="OptionalPathParamIncluded(True)" computerName="pkrvmxyh4eaekms" duration="00:00:00.0107460" startTime="2025-06-24T21:13:51.5897716+00:00" endTime="2025-06-24T21:13:51.6005167+00:00" testType="13cdc9d9-ddb5-4fa4-a97d-d965ccfc6d4b" outcome="NotExecuted" testListId="8c84fa94-04c1-424b-9868-57a2d4851a1d" relativeResultsDirectory="21d7f4e5-add6-4bf5-86ce-4b041e12f425">
      <Output>
        <StdOut>OneTimeSetUp: Test skipped because TestProjects.Spector.Tests.Http.Parameters.Path.PathTests.OptionalPathParamIncluded is currently a stubbed implementation.</StdOut>
        <ErrorInfo>
          <Message>OneTimeSetUp: Test skipped because TestProjects.Spector.Tests.Http.Parameters.Path.PathTests.OptionalPathParamIncluded is currently a stubbed implementation.</Message>
        </ErrorInfo>
      </Output>
    </UnitTestResult>
    <UnitTestResult executionId="a31f1972-0324-430b-9662-6799938fe1c5" testId="b5c2c443-15d3-fbe1-783c-4659af59d27c" testName="ModelsWithImportAsync" computerName="pkrvmxyh4eaekms" duration="00:00:00.0000020" startTime="2025-06-24T21:13:51.6325762+00:00" endTime="2025-06-24T21:13:51.6325780+00:00" testType="13cdc9d9-ddb5-4fa4-a97d-d965ccfc6d4b" outcome="NotExecuted" testListId="8c84fa94-04c1-424b-9868-57a2d4851a1d" relativeResultsDirectory="a31f1972-0324-430b-9662-6799938fe1c5">
      <Output>
        <StdOut>Test skipped because TestProjects.Spector.Tests.Http.SpecialWords.SpecialWordsTests.ModelsWithImportAsync is currently a stubbed implementation.</StdOut>
        <ErrorInfo>
          <Message>Test skipped because TestProjects.Spector.Tests.Http.SpecialWords.SpecialWordsTests.ModelsWithImportAsync is currently a stubbed implementation.</Message>
        </ErrorInfo>
      </Output>
    </UnitTestResult>
    <UnitTestResult executionId="97780eb4-9892-48b7-bc56-f8852e115e8b" testId="f7c1649e-6a97-2199-2dd8-691dd556000f" testName="PropertyInt32SecondsConvenience" computerName="pkrvmxyh4eaekms" duration="00:00:00.0000020" startTime="2025-06-24T21:13:51.5886892+00:00" endTime="2025-06-24T21:13:51.5886913+00:00" testType="13cdc9d9-ddb5-4fa4-a97d-d965ccfc6d4b" outcome="NotExecuted" testListId="8c84fa94-04c1-424b-9868-57a2d4851a1d" relativeResultsDirectory="97780eb4-9892-48b7-bc56-f8852e115e8b">
      <Output>
        <StdOut>Test skipped because TestProjects.Spector.Tests.Http.Encode.Duration.EncodeDurationTests.PropertyInt32SecondsConvenience is currently a stubbed implementation.</StdOut>
        <ErrorInfo>
          <Message>Test skipped because TestProjects.Spector.Tests.Http.Encode.Duration.EncodeDurationTests.PropertyInt32SecondsConvenience is currently a stubbed implementation.</Message>
        </ErrorInfo>
      </Output>
    </UnitTestResult>
    <UnitTestResult executionId="1be4e62e-42fb-4473-ae40-ab91eef2635f" testId="a1066b2e-d3d7-ae58-7635-aca2a314394b" testName="Client_Structure_default_methods(Client.Structure.Service._Qux.Qux,[&quot;Eight&quot;])" computerName="pkrvmxyh4eaekms" duration="00:00:00.0001020" startTime="2025-06-24T21:13:51.5657399+00:00" endTime="2025-06-24T21:13:51.5658418+00:00" testType="13cdc9d9-ddb5-4fa4-a97d-d965ccfc6d4b" outcome="Passed" testListId="8c84fa94-04c1-424b-9868-57a2d4851a1d" relativeResultsDirectory="1be4e62e-42fb-4473-ae40-ab91eef2635f" />
    <UnitTestResult executionId="b57080c1-5c1a-4c85-9217-1236b5dbb0ad" testId="859e5a39-c04c-79a8-2f78-d6b25c317ca4" testName="ParametersWithAsAsync" computerName="pkrvmxyh4eaekms" duration="00:00:00.0000020" startTime="2025-06-24T21:13:51.6329985+00:00" endTime="2025-06-24T21:13:51.6330007+00:00" testType="13cdc9d9-ddb5-4fa4-a97d-d965ccfc6d4b" outcome="NotExecuted" testListId="8c84fa94-04c1-424b-9868-57a2d4851a1d" relativeResultsDirectory="b57080c1-5c1a-4c85-9217-1236b5dbb0ad">
      <Output>
        <StdOut>Test skipped because TestProjects.Spector.Tests.Http.SpecialWords.SpecialWordsTests.ParametersWithAsAsync is currently a stubbed implementation.</StdOut>
        <ErrorInfo>
          <Message>Test skipped because TestProjects.Spector.Tests.Http.SpecialWords.SpecialWordsTests.ParametersWithAsAsync is currently a stubbed implementation.</Message>
        </ErrorInfo>
      </Output>
    </UnitTestResult>
    <UnitTestResult executionId="a0b579f1-a1ba-4c49-9e70-94745146fd25" testId="0b956eab-47b0-19b5-0fb4-49dbe7c77075" testName="PutFixedEnum" computerName="pkrvmxyh4eaekms" duration="00:00:00.0000030" startTime="2025-06-24T21:13:51.5395858+00:00" endTime="2025-06-24T21:13:51.5395888+00:00" testType="13cdc9d9-ddb5-4fa4-a97d-d965ccfc6d4b" outcome="NotExecuted" testListId="8c84fa94-04c1-424b-9868-57a2d4851a1d" relativeResultsDirectory="a0b579f1-a1ba-4c49-9e70-94745146fd25">
      <Output>
        <StdOut>Test skipped because TestProjects.Spector.Tests.Http._Type.Model.Inheritance.EnumDiscriminator.EnumDiscriminatorTests.PutFixedEnum is currently a stubbed implementation.</StdOut>
        <ErrorInfo>
          <Message>Test skipped because TestProjects.Spector.Tests.Http._Type.Model.Inheritance.EnumDiscriminator.EnumDiscriminatorTests.PutFixedEnum is currently a stubbed implementation.</Message>
        </ErrorInfo>
      </Output>
    </UnitTestResult>
    <UnitTestResult executionId="4b3a0c2f-fc5e-493f-84e4-1b83f062f0f9" testId="dbec7d7d-94c3-b0f5-4ee0-9eaa78cfac82" testName="ModelsWithClassAsync" computerName="pkrvmxyh4eaekms" duration="00:00:00.0000020" startTime="2025-06-24T21:13:51.6324575+00:00" endTime="2025-06-24T21:13:51.6324591+00:00" testType="13cdc9d9-ddb5-4fa4-a97d-d965ccfc6d4b" outcome="NotExecuted" testListId="8c84fa94-04c1-424b-9868-57a2d4851a1d" relativeResultsDirectory="4b3a0c2f-fc5e-493f-84e4-1b83f062f0f9">
      <Output>
        <StdOut>Test skipped because TestProjects.Spector.Tests.Http.SpecialWords.SpecialWordsTests.ModelsWithClassAsync is currently a stubbed implementation.</StdOut>
        <ErrorInfo>
          <Message>Test skipped because TestProjects.Spector.Tests.Http.SpecialWords.SpecialWordsTests.ModelsWithClassAsync is currently a stubbed implementation.</Message>
        </ErrorInfo>
      </Output>
    </UnitTestResult>
    <UnitTestResult executionId="2b998cb0-8538-4344-bc55-cf9101a776c3" testId="55f954ec-9a08-4469-a240-ffdd3b2151d8" testName="PutModel" computerName="pkrvmxyh4eaekms" duration="00:00:00.0000010" startTime="2025-06-24T21:13:51.5408363+00:00" endTime="2025-06-24T21:13:51.5408376+00:00" testType="13cdc9d9-ddb5-4fa4-a97d-d965ccfc6d4b" outcome="NotExecuted" testListId="8c84fa94-04c1-424b-9868-57a2d4851a1d" relativeResultsDirectory="2b998cb0-8538-4344-bc55-cf9101a776c3">
      <Output>
        <StdOut>Test skipped because TestProjects.Spector.Tests.Http._Type.Model.Inheritance.SingleDiscriminator.SingleDiscriminatorTests.PutModel is currently a stubbed implementation.</StdOut>
        <ErrorInfo>
          <Message>Test skipped because TestProjects.Spector.Tests.Http._Type.Model.Inheritance.SingleDiscriminator.SingleDiscriminatorTests.PutModel is currently a stubbed implementation.</Message>
        </ErrorInfo>
      </Output>
    </UnitTestResult>
    <UnitTestResult executionId="8f0dfd25-7cd6-450b-8473-73d264542456" testId="9a7fe6e9-8cb4-019f-e121-a55542105962" testName="SpreadFloatGet" computerName="pkrvmxyh4eaekms" duration="00:00:00.0000010" startTime="2025-06-24T21:13:51.5416570+00:00" endTime="2025-06-24T21:13:51.5416583+00:00" testType="13cdc9d9-ddb5-4fa4-a97d-d965ccfc6d4b" outcome="NotExecuted" testListId="8c84fa94-04c1-424b-9868-57a2d4851a1d" relativeResultsDirectory="8f0dfd25-7cd6-450b-8473-73d264542456">
      <Output>
        <StdOut>Test skipped because TestProjects.Spector.Tests.Http._Type.Property.AdditionalProperties.AdditionalPropertiesTests.SpreadFloatGet is currently a stubbed implementation.</StdOut>
        <ErrorInfo>
          <Message>Test skipped because TestProjects.Spector.Tests.Http._Type.Property.AdditionalProperties.AdditionalPropertiesTests.SpreadFloatGet is currently a stubbed implementation.</Message>
        </ErrorInfo>
      </Output>
    </UnitTestResult>
    <UnitTestResult executionId="bea6d454-cd3b-46f6-a292-7a946a73fca6" testId="5720a2b7-9b03-2e66-0adc-a318e14c9188" testName="HttpPartsOptionalContentType" computerName="pkrvmxyh4eaekms" duration="00:00:00.0004240" startTime="2025-06-24T21:13:51.6237152+00:00" endTime="2025-06-24T21:13:51.6241392+00:00" testType="13cdc9d9-ddb5-4fa4-a97d-d965ccfc6d4b" outcome="Failed" testListId="8c84fa94-04c1-424b-9868-57a2d4851a1d" relativeResultsDirectory="bea6d454-cd3b-46f6-a292-7a946a73fca6">
      <Output>
        <ErrorInfo>
          <Message>OneTimeSetUp: System.InvalidOperationException : Cannot find 'node_modules' in parent directories of /home/runner/work/typespec/typespec/packages/http-client-csharp/generator/artifacts/bin/TestProjects.Spector.Tests/Debug/net8.0/TestProjects.Spector.Tests.dll.</Message>
          <StackTrace>
</StackTrace>
        </ErrorInfo>
      </Output>
    </UnitTestResult>
    <UnitTestResult executionId="110de756-2a66-4c0d-ad39-f4526ba3e582" testId="f67edcad-a7ca-e5a5-90e0-26e1200b4bc7" testName="Encode_Numeric_Property_safeintAsString" computerName="pkrvmxyh4eaekms" duration="00:00:00.0000060" startTime="2025-06-24T21:13:51.5889629+00:00" endTime="2025-06-24T21:13:51.5889688+00:00" testType="13cdc9d9-ddb5-4fa4-a97d-d965ccfc6d4b" outcome="NotExecuted" testListId="8c84fa94-04c1-424b-9868-57a2d4851a1d" relativeResultsDirectory="110de756-2a66-4c0d-ad39-f4526ba3e582">
      <Output>
        <StdOut>Test skipped because TestProjects.Spector.Tests.Http.Encode.Numeric.EncodeNumericTests.Encode_Numeric_Property_safeintAsString is currently a stubbed implementation.</StdOut>
        <ErrorInfo>
          <Message>Test skipped because TestProjects.Spector.Tests.Http.Encode.Numeric.EncodeNumericTests.Encode_Numeric_Property_safeintAsString is currently a stubbed implementation.</Message>
        </ErrorInfo>
      </Output>
    </UnitTestResult>
    <UnitTestResult executionId="82657429-0bc4-4368-be20-62ce055e3992" testId="fbc8aa06-767e-6057-d3cc-9fa617f610fc" testName="UnknownPut" computerName="pkrvmxyh4eaekms" duration="00:00:00.0000020" startTime="2025-06-24T21:13:51.5440339+00:00" endTime="2025-06-24T21:13:51.5440357+00:00" testType="13cdc9d9-ddb5-4fa4-a97d-d965ccfc6d4b" outcome="NotExecuted" testListId="8c84fa94-04c1-424b-9868-57a2d4851a1d" relativeResultsDirectory="82657429-0bc4-4368-be20-62ce055e3992">
      <Output>
        <StdOut>Test skipped because TestProjects.Spector.Tests.Http._Type.Scalar.ScalarTests.UnknownPut is currently a stubbed implementation.</StdOut>
        <ErrorInfo>
          <Message>Test skipped because TestProjects.Spector.Tests.Http._Type.Scalar.ScalarTests.UnknownPut is currently a stubbed implementation.</Message>
        </ErrorInfo>
      </Output>
    </UnitTestResult>
    <UnitTestResult executionId="1d0fb044-4683-4a13-9d67-9b5850c9424b" testId="6c099e5b-f326-d741-80dc-d6cf1fda6067" testName="OperationsWithAsync" computerName="pkrvmxyh4eaekms" duration="00:00:00.0000020" startTime="2025-06-24T21:13:51.6329714+00:00" endTime="2025-06-24T21:13:51.6329737+00:00" testType="13cdc9d9-ddb5-4fa4-a97d-d965ccfc6d4b" outcome="NotExecuted" testListId="8c84fa94-04c1-424b-9868-57a2d4851a1d" relativeResultsDirectory="1d0fb044-4683-4a13-9d67-9b5850c9424b">
      <Output>
        <StdOut>Test skipped because TestProjects.Spector.Tests.Http.SpecialWords.SpecialWordsTests.OperationsWithAsync is currently a stubbed implementation.</StdOut>
        <ErrorInfo>
          <Message>Test skipped because TestProjects.Spector.Tests.Http.SpecialWords.SpecialWordsTests.OperationsWithAsync is currently a stubbed implementation.</Message>
        </ErrorInfo>
      </Output>
    </UnitTestResult>
    <UnitTestResult executionId="988ce52a-587b-4f8e-bad2-3cc687f8eeef" testId="8b31adbf-e3fa-aab9-10c3-71b722020683" testName="PlaindatePutAll" computerName="pkrvmxyh4eaekms" duration="00:00:00.0000020" startTime="2025-06-24T21:13:51.5430525+00:00" endTime="2025-06-24T21:13:51.5430542+00:00" testType="13cdc9d9-ddb5-4fa4-a97d-d965ccfc6d4b" outcome="NotExecuted" testListId="8c84fa94-04c1-424b-9868-57a2d4851a1d" relativeResultsDirectory="988ce52a-587b-4f8e-bad2-3cc687f8eeef">
      <Output>
        <StdOut>Test skipped because TestProjects.Spector.Tests.Http._Type.Property.Optionality.OptionalityTests.PlaindatePutAll is currently a stubbed implementation.</StdOut>
        <ErrorInfo>
          <Message>Test skipped because TestProjects.Spector.Tests.Http._Type.Property.Optionality.OptionalityTests.PlaindatePutAll is currently a stubbed implementation.</Message>
        </ErrorInfo>
      </Output>
    </UnitTestResult>
    <UnitTestResult executionId="c1321139-f286-4400-9f87-1e9249d8782c" testId="72f864a9-4b86-7b6a-d803-c50163fe18bc" testName="RoundTripWithModelReaderWriterNonGenericJson" computerName="pkrvmxyh4eaekms" duration="00:00:00.0000010" startTime="2025-06-24T21:13:51.5420024+00:00" endTime="2025-06-24T21:13:51.5420038+00:00" testType="13cdc9d9-ddb5-4fa4-a97d-d965ccfc6d4b" outcome="NotExecuted" testListId="8c84fa94-04c1-424b-9868-57a2d4851a1d" relativeResultsDirectory="c1321139-f286-4400-9f87-1e9249d8782c">
      <Output>
        <StdOut>Test skipped because TestProjects.Spector.Tests.Http._Type.Property.AdditionalProperties.DifferentSpreadStringDerivedTests.RoundTripWithModelReaderWriterNonGenericJson is currently a stubbed implementation.</StdOut>
        <ErrorInfo>
          <Message>Test skipped because TestProjects.Spector.Tests.Http._Type.Property.AdditionalProperties.DifferentSpreadStringDerivedTests.RoundTripWithModelReaderWriterNonGenericJson is currently a stubbed implementation.</Message>
        </ErrorInfo>
      </Output>
    </UnitTestResult>
    <UnitTestResult executionId="85a8e0e2-0396-4296-a79e-f99caf38cb75" testId="2af92099-2f1c-0a9f-5996-0114dfc64f3a" testName="VerifySpreadAsRequestBodyInAliasMethod" computerName="pkrvmxyh4eaekms" duration="00:00:00.0203470" startTime="2025-06-24T21:13:51.6008292+00:00" endTime="2025-06-24T21:13:51.6211754+00:00" testType="13cdc9d9-ddb5-4fa4-a97d-d965ccfc6d4b" outcome="Passed" testListId="8c84fa94-04c1-424b-9868-57a2d4851a1d" relativeResultsDirectory="85a8e0e2-0396-4296-a79e-f99caf38cb75" />
    <UnitTestResult executionId="2ca642d6-6f34-4bcd-a09f-fea639d15d06" testId="e8a24ebb-8df6-c99a-05a7-e929aac5a0fd" testName="SendFloatsOnly" computerName="pkrvmxyh4eaekms" duration="00:00:00.0000010" startTime="2025-06-24T21:13:51.5442440+00:00" endTime="2025-06-24T21:13:51.5442451+00:00" testType="13cdc9d9-ddb5-4fa4-a97d-d965ccfc6d4b" outcome="NotExecuted" testListId="8c84fa94-04c1-424b-9868-57a2d4851a1d" relativeResultsDirectory="2ca642d6-6f34-4bcd-a09f-fea639d15d06">
      <Output>
        <StdOut>Test skipped because TestProjects.Spector.Tests.Http._Type.Union.UnionTests.SendFloatsOnly is currently a stubbed implementation.</StdOut>
        <ErrorInfo>
          <Message>Test skipped because TestProjects.Spector.Tests.Http._Type.Union.UnionTests.SendFloatsOnly is currently a stubbed implementation.</Message>
        </ErrorInfo>
      </Output>
    </UnitTestResult>
    <UnitTestResult executionId="6a2ec79e-8ee7-4c2d-a160-60f6fb5b6d5e" testId="bc8e6339-0196-c7e2-a466-fd90f4b1db4b" testName="RepeatabilityHeadersNotInMethodSignature" computerName="pkrvmxyh4eaekms" duration="00:00:00.0040980" startTime="2025-06-24T21:13:51.6280426+00:00" endTime="2025-06-24T21:13:51.6321402+00:00" testType="13cdc9d9-ddb5-4fa4-a97d-d965ccfc6d4b" outcome="Passed" testListId="8c84fa94-04c1-424b-9868-57a2d4851a1d" relativeResultsDirectory="6a2ec79e-8ee7-4c2d-a160-60f6fb5b6d5e" />
    <UnitTestResult executionId="2a5a3cfa-097f-4eb4-a7c6-6871020a41e2" testId="d18b4288-ad3f-9696-dd64-10203dd36473" testName="Client_Structure_default_One" computerName="pkrvmxyh4eaekms" duration="00:00:00.0000020" startTime="2025-06-24T21:13:51.5660014+00:00" endTime="2025-06-24T21:13:51.5660034+00:00" testType="13cdc9d9-ddb5-4fa4-a97d-d965ccfc6d4b" outcome="NotExecuted" testListId="8c84fa94-04c1-424b-9868-57a2d4851a1d" relativeResultsDirectory="2a5a3cfa-097f-4eb4-a7c6-6871020a41e2">
      <Output>
        <StdOut>Test skipped because TestProjects.Spector.Tests.Http.Client.Structure.Default.DefaultTests.Client_Structure_default_One is currently a stubbed implementation.</StdOut>
        <ErrorInfo>
          <Message>Test skipped because TestProjects.Spector.Tests.Http.Client.Structure.Default.DefaultTests.Client_Structure_default_One is currently a stubbed implementation.</Message>
        </ErrorInfo>
      </Output>
    </UnitTestResult>
    <UnitTestResult executionId="151c43e2-fc27-4998-9883-815737a1bbc2" testId="1b87fe21-8ab2-d8b7-cecf-440877f4c370" testName="QueryContinuationRecord" computerName="pkrvmxyh4eaekms" duration="00:00:00.0000020" startTime="2025-06-24T21:13:51.6258608+00:00" endTime="2025-06-24T21:13:51.6258632+00:00" testType="13cdc9d9-ddb5-4fa4-a97d-d965ccfc6d4b" outcome="NotExecuted" testListId="8c84fa94-04c1-424b-9868-57a2d4851a1d" relativeResultsDirectory="151c43e2-fc27-4998-9883-815737a1bbc2">
      <Output>
        <StdOut>https://github.com/microsoft/typespec/issues/5139</StdOut>
        <ErrorInfo>
          <Message>https://github.com/microsoft/typespec/issues/5139</Message>
        </ErrorInfo>
      </Output>
    </UnitTestResult>
    <UnitTestResult executionId="e73c3d06-f70e-4fc3-9e01-414d489120f0" testId="e41bfa23-ed29-604d-eb93-eb4f1b5fa19a" testName="ModelsWithContinueAsync" computerName="pkrvmxyh4eaekms" duration="00:00:00.0000030" startTime="2025-06-24T21:13:51.6324740+00:00" endTime="2025-06-24T21:13:51.6324771+00:00" testType="13cdc9d9-ddb5-4fa4-a97d-d965ccfc6d4b" outcome="NotExecuted" testListId="8c84fa94-04c1-424b-9868-57a2d4851a1d" relativeResultsDirectory="e73c3d06-f70e-4fc3-9e01-414d489120f0">
      <Output>
        <StdOut>Test skipped because TestProjects.Spector.Tests.Http.SpecialWords.SpecialWordsTests.ModelsWithContinueAsync is currently a stubbed implementation.</StdOut>
        <ErrorInfo>
          <Message>Test skipped because TestProjects.Spector.Tests.Http.SpecialWords.SpecialWordsTests.ModelsWithContinueAsync is currently a stubbed implementation.</Message>
        </ErrorInfo>
      </Output>
    </UnitTestResult>
    <UnitTestResult executionId="cbbe281b-2f38-4504-826a-10eefaafc773" testId="f12d8bfb-d790-e889-1d9d-8a35b974b8c9" testName="StringPutAll" computerName="pkrvmxyh4eaekms" duration="00:00:00.0000010" startTime="2025-06-24T21:13:51.5431542+00:00" endTime="2025-06-24T21:13:51.5431555+00:00" testType="13cdc9d9-ddb5-4fa4-a97d-d965ccfc6d4b" outcome="NotExecuted" testListId="8c84fa94-04c1-424b-9868-57a2d4851a1d" relativeResultsDirectory="cbbe281b-2f38-4504-826a-10eefaafc773">
      <Output>
        <StdOut>Test skipped because TestProjects.Spector.Tests.Http._Type.Property.Optionality.OptionalityTests.StringPutAll is currently a stubbed implementation.</StdOut>
        <ErrorInfo>
          <Message>Test skipped because TestProjects.Spector.Tests.Http._Type.Property.Optionality.OptionalityTests.StringPutAll is currently a stubbed implementation.</Message>
        </ErrorInfo>
      </Output>
    </UnitTestResult>
    <UnitTestResult executionId="6dc894a3-dc04-4d53-94df-40a38f8a5736" testId="164bccbd-90cc-0a46-d19c-e8656c4478ab" testName="ReservedAnnotation" computerName="pkrvmxyh4eaekms" duration="00:00:00.0000020" startTime="2025-06-24T21:13:51.6256084+00:00" endTime="2025-06-24T21:13:51.6256104+00:00" testType="13cdc9d9-ddb5-4fa4-a97d-d965ccfc6d4b" outcome="NotExecuted" testListId="8c84fa94-04c1-424b-9868-57a2d4851a1d" relativeResultsDirectory="6dc894a3-dc04-4d53-94df-40a38f8a5736">
      <Output>
        <StdOut>Test skipped because TestProjects.Spector.Tests.Http.Routes.PathParameterTests.ReservedAnnotation is currently a stubbed implementation.</StdOut>
        <ErrorInfo>
          <Message>Test skipped because TestProjects.Spector.Tests.Http.Routes.PathParameterTests.ReservedAnnotation is currently a stubbed implementation.</Message>
        </ErrorInfo>
      </Output>
    </UnitTestResult>
    <UnitTestResult executionId="1b5ca00f-655f-4b2d-9898-0d714f189de1" testId="6de83952-347e-da73-e780-91a0baf95d5e" testName="StringLiteralGetAll" computerName="pkrvmxyh4eaekms" duration="00:00:00.0000020" startTime="2025-06-24T21:13:51.5431261+00:00" endTime="2025-06-24T21:13:51.5431281+00:00" testType="13cdc9d9-ddb5-4fa4-a97d-d965ccfc6d4b" outcome="NotExecuted" testListId="8c84fa94-04c1-424b-9868-57a2d4851a1d" relativeResultsDirectory="1b5ca00f-655f-4b2d-9898-0d714f189de1">
      <Output>
        <StdOut>Test skipped because TestProjects.Spector.Tests.Http._Type.Property.Optionality.OptionalityTests.StringLiteralGetAll is currently a stubbed implementation.</StdOut>
        <ErrorInfo>
          <Message>Test skipped because TestProjects.Spector.Tests.Http._Type.Property.Optionality.OptionalityTests.StringLiteralGetAll is currently a stubbed implementation.</Message>
        </ErrorInfo>
      </Output>
    </UnitTestResult>
    <UnitTestResult executionId="a46d0c6e-186c-4f28-b903-9727daf98bce" testId="c8b1b74f-ee76-f9f3-68c8-aed20d162fee" testName="RoundTripWithModelReaderWriterWire" computerName="pkrvmxyh4eaekms" duration="00:00:00.0000010" startTime="2025-06-24T21:13:51.5406387+00:00" endTime="2025-06-24T21:13:51.5406401+00:00" testType="13cdc9d9-ddb5-4fa4-a97d-d965ccfc6d4b" outcome="NotExecuted" testListId="8c84fa94-04c1-424b-9868-57a2d4851a1d" relativeResultsDirectory="a46d0c6e-186c-4f28-b903-9727daf98bce">
      <Output>
        <StdOut>Test skipped because TestProjects.Spector.Tests.Http._Type.Model.Inheritance.SingleDiscriminator.EagleTests.RoundTripWithModelReaderWriterWire is currently a stubbed implementation.</StdOut>
        <ErrorInfo>
          <Message>Test skipped because TestProjects.Spector.Tests.Http._Type.Model.Inheritance.SingleDiscriminator.EagleTests.RoundTripWithModelReaderWriterWire is currently a stubbed implementation.</Message>
        </ErrorInfo>
      </Output>
    </UnitTestResult>
    <UnitTestResult executionId="eb5d0c14-8396-4c7f-88d6-572cb70c7635" testId="9d42bb14-17d7-b988-9b15-c5fe1823b70a" testName="ModelsWithExceptAsync" computerName="pkrvmxyh4eaekms" duration="00:00:00.0000020" startTime="2025-06-24T21:13:51.6325156+00:00" endTime="2025-06-24T21:13:51.6325176+00:00" testType="13cdc9d9-ddb5-4fa4-a97d-d965ccfc6d4b" outcome="NotExecuted" testListId="8c84fa94-04c1-424b-9868-57a2d4851a1d" relativeResultsDirectory="eb5d0c14-8396-4c7f-88d6-572cb70c7635">
      <Output>
        <StdOut>Test skipped because TestProjects.Spector.Tests.Http.SpecialWords.SpecialWordsTests.ModelsWithExceptAsync is currently a stubbed implementation.</StdOut>
        <ErrorInfo>
          <Message>Test skipped because TestProjects.Spector.Tests.Http.SpecialWords.SpecialWordsTests.ModelsWithExceptAsync is currently a stubbed implementation.</Message>
        </ErrorInfo>
      </Output>
    </UnitTestResult>
    <UnitTestResult executionId="c261b821-bb48-4c99-bf88-89976a3b3cf6" testId="2e43ac5c-b4a5-5bae-0d91-948d5cf83a49" testName="ProtocolMethodSync" computerName="pkrvmxyh4eaekms" duration="00:00:00.0000020" startTime="2025-06-24T21:13:51.6246270+00:00" endTime="2025-06-24T21:13:51.6246292+00:00" testType="13cdc9d9-ddb5-4fa4-a97d-d965ccfc6d4b" outcome="NotExecuted" testListId="8c84fa94-04c1-424b-9868-57a2d4851a1d" relativeResultsDirectory="c261b821-bb48-4c99-bf88-89976a3b3cf6">
      <Output>
        <StdOut>Test skipped because TestProjects.Spector.Tests.Http.Payload.Pageable.NextLinkPaginationTests.ProtocolMethodSync is currently a stubbed implementation.</StdOut>
        <ErrorInfo>
          <Message>Test skipped because TestProjects.Spector.Tests.Http.Payload.Pageable.NextLinkPaginationTests.ProtocolMethodSync is currently a stubbed implementation.</Message>
        </ErrorInfo>
      </Output>
    </UnitTestResult>
    <UnitTestResult executionId="b3e97e7d-b723-447a-be6c-50b9af4f796b" testId="6bcf193e-96dd-11f5-82e5-cc5e7e1bea39" testName="CollectionsStringGetNonNull" computerName="pkrvmxyh4eaekms" duration="00:00:00.0000020" startTime="2025-06-24T21:13:51.5425744+00:00" endTime="2025-06-24T21:13:51.5425761+00:00" testType="13cdc9d9-ddb5-4fa4-a97d-d965ccfc6d4b" outcome="NotExecuted" testListId="8c84fa94-04c1-424b-9868-57a2d4851a1d" relativeResultsDirectory="b3e97e7d-b723-447a-be6c-50b9af4f796b">
      <Output>
        <StdOut>Test skipped because TestProjects.Spector.Tests.Http._Type.Property.Nullable.NullableTests.CollectionsStringGetNonNull is currently a stubbed implementation.</StdOut>
        <ErrorInfo>
          <Message>Test skipped because TestProjects.Spector.Tests.Http._Type.Property.Nullable.NullableTests.CollectionsStringGetNonNull is currently a stubbed implementation.</Message>
        </ErrorInfo>
      </Output>
    </UnitTestResult>
    <UnitTestResult executionId="eb977a62-988e-4289-abf3-085041a6c632" testId="6e5f0f72-3020-bcc8-a9b9-941aa39a60a9" testName="ModelsWithAwaitAsync" computerName="pkrvmxyh4eaekms" duration="00:00:00.0000020" startTime="2025-06-24T21:13:51.6324407+00:00" endTime="2025-06-24T21:13:51.6324426+00:00" testType="13cdc9d9-ddb5-4fa4-a97d-d965ccfc6d4b" outcome="NotExecuted" testListId="8c84fa94-04c1-424b-9868-57a2d4851a1d" relativeResultsDirectory="eb977a62-988e-4289-abf3-085041a6c632">
      <Output>
        <StdOut>Test skipped because TestProjects.Spector.Tests.Http.SpecialWords.SpecialWordsTests.ModelsWithAwaitAsync is currently a stubbed implementation.</StdOut>
        <ErrorInfo>
          <Message>Test skipped because TestProjects.Spector.Tests.Http.SpecialWords.SpecialWordsTests.ModelsWithAwaitAsync is currently a stubbed implementation.</Message>
        </ErrorInfo>
      </Output>
    </UnitTestResult>
    <UnitTestResult executionId="d7307780-e66a-4a46-91f5-b4dfe903b519" testId="8b26d9a8-4c6f-48de-000c-d4f1e910eee4" testName="DurationValueGet" computerName="pkrvmxyh4eaekms" duration="00:00:00.0000020" startTime="2025-06-24T21:13:51.5390929+00:00" endTime="2025-06-24T21:13:51.5390946+00:00" testType="13cdc9d9-ddb5-4fa4-a97d-d965ccfc6d4b" outcome="NotExecuted" testListId="8c84fa94-04c1-424b-9868-57a2d4851a1d" relativeResultsDirectory="d7307780-e66a-4a46-91f5-b4dfe903b519">
      <Output>
        <StdOut>Test skipped because TestProjects.Spector.Tests.Http._Type.Dictionary.DictionaryTests.DurationValueGet is currently a stubbed implementation.</StdOut>
        <ErrorInfo>
          <Message>Test skipped because TestProjects.Spector.Tests.Http._Type.Dictionary.DictionaryTests.DurationValueGet is currently a stubbed implementation.</Message>
        </ErrorInfo>
      </Output>
    </UnitTestResult>
    <UnitTestResult executionId="cf5db735-f2ce-4ed2-b4be-f95b4d51eed7" testId="060624e6-6e79-6e89-8fc1-22a8b77d6ad5" testName="QueryExpansionArray" computerName="pkrvmxyh4eaekms" duration="00:00:00.0000020" startTime="2025-06-24T21:13:51.6258712+00:00" endTime="2025-06-24T21:13:51.6258736+00:00" testType="13cdc9d9-ddb5-4fa4-a97d-d965ccfc6d4b" outcome="NotExecuted" testListId="8c84fa94-04c1-424b-9868-57a2d4851a1d" relativeResultsDirectory="cf5db735-f2ce-4ed2-b4be-f95b4d51eed7">
      <Output>
        <StdOut>Test skipped because TestProjects.Spector.Tests.Http.Routes.QueryParameterTests.QueryExpansionArray is currently a stubbed implementation.</StdOut>
        <ErrorInfo>
          <Message>Test skipped because TestProjects.Spector.Tests.Http.Routes.QueryParameterTests.QueryExpansionArray is currently a stubbed implementation.</Message>
        </ErrorInfo>
      </Output>
    </UnitTestResult>
    <UnitTestResult executionId="dacec9ed-39f4-496d-acae-9074fdc1a25c" testId="080aef21-9aba-8252-7cb7-f06d7dc8900a" testName="LabelExpansionExplodeArray" computerName="pkrvmxyh4eaekms" duration="00:00:00.0000020" startTime="2025-06-24T21:13:51.6255317+00:00" endTime="2025-06-24T21:13:51.6255340+00:00" testType="13cdc9d9-ddb5-4fa4-a97d-d965ccfc6d4b" outcome="NotExecuted" testListId="8c84fa94-04c1-424b-9868-57a2d4851a1d" relativeResultsDirectory="dacec9ed-39f4-496d-acae-9074fdc1a25c">
      <Output>
        <StdOut>https://github.com/Azure/cadl-ranch/issues/772</StdOut>
        <ErrorInfo>
          <Message>https://github.com/Azure/cadl-ranch/issues/772</Message>
        </ErrorInfo>
      </Output>
    </UnitTestResult>
    <UnitTestResult executionId="e9697746-8b44-4093-8984-7ea977a49b15" testId="0728a934-cc2b-8459-23c3-dca6bc733b9b" testName="NeverGet" computerName="pkrvmxyh4eaekms" duration="00:00:00.0000010" startTime="2025-06-24T21:13:51.5436375+00:00" endTime="2025-06-24T21:13:51.5436388+00:00" testType="13cdc9d9-ddb5-4fa4-a97d-d965ccfc6d4b" outcome="NotExecuted" testListId="8c84fa94-04c1-424b-9868-57a2d4851a1d" relativeResultsDirectory="e9697746-8b44-4093-8984-7ea977a49b15">
      <Output>
        <StdOut>Test skipped because TestProjects.Spector.Tests.Http._Type.Property.ValueTypes.ValueTypesTests.NeverGet is currently a stubbed implementation.</StdOut>
        <ErrorInfo>
          <Message>Test skipped because TestProjects.Spector.Tests.Http._Type.Property.ValueTypes.ValueTypesTests.NeverGet is currently a stubbed implementation.</Message>
        </ErrorInfo>
      </Output>
    </UnitTestResult>
    <UnitTestResult executionId="82d8fa2b-bea3-4f8d-b4e0-242c37031d5c" testId="c23c41e8-db7e-ca6e-8489-dd1555aef950" testName="PropertyDefault" computerName="pkrvmxyh4eaekms" duration="00:00:00.0000020" startTime="2025-06-24T21:13:51.5886051+00:00" endTime="2025-06-24T21:13:51.5886072+00:00" testType="13cdc9d9-ddb5-4fa4-a97d-d965ccfc6d4b" outcome="NotExecuted" testListId="8c84fa94-04c1-424b-9868-57a2d4851a1d" relativeResultsDirectory="82d8fa2b-bea3-4f8d-b4e0-242c37031d5c">
      <Output>
        <StdOut>Test skipped because TestProjects.Spector.Tests.Http.Encode.Duration.EncodeDurationTests.PropertyDefault is currently a stubbed implementation.</StdOut>
        <ErrorInfo>
          <Message>Test skipped because TestProjects.Spector.Tests.Http.Encode.Duration.EncodeDurationTests.PropertyDefault is currently a stubbed implementation.</Message>
        </ErrorInfo>
      </Output>
    </UnitTestResult>
    <UnitTestResult executionId="3e566e54-5b5d-4269-a2d9-1663ab3fedca" testId="b9f616c2-7498-0ae9-3390-ddca06dbe0a1" testName="GetRecursiveModel" computerName="pkrvmxyh4eaekms" duration="00:00:00.0000020" startTime="2025-06-24T21:13:51.5408247+00:00" endTime="2025-06-24T21:13:51.5408262+00:00" testType="13cdc9d9-ddb5-4fa4-a97d-d965ccfc6d4b" outcome="NotExecuted" testListId="8c84fa94-04c1-424b-9868-57a2d4851a1d" relativeResultsDirectory="3e566e54-5b5d-4269-a2d9-1663ab3fedca">
      <Output>
        <StdOut>Test skipped because TestProjects.Spector.Tests.Http._Type.Model.Inheritance.SingleDiscriminator.SingleDiscriminatorTests.GetRecursiveModel is currently a stubbed implementation.</StdOut>
        <ErrorInfo>
          <Message>Test skipped because TestProjects.Spector.Tests.Http._Type.Model.Inheritance.SingleDiscriminator.SingleDiscriminatorTests.GetRecursiveModel is currently a stubbed implementation.</Message>
        </ErrorInfo>
      </Output>
    </UnitTestResult>
    <UnitTestResult executionId="d418ff01-240c-4801-845d-5df77544d406" testId="d41e69fd-a9e9-3c42-5f0a-b40ef1a6fc58" testName="PropertyBase64" computerName="pkrvmxyh4eaekms" duration="00:00:00.0138300" startTime="2025-06-24T21:13:51.5740544+00:00" endTime="2025-06-24T21:13:51.5878846+00:00" testType="13cdc9d9-ddb5-4fa4-a97d-d965ccfc6d4b" outcome="Failed" testListId="8c84fa94-04c1-424b-9868-57a2d4851a1d" relativeResultsDirectory="d418ff01-240c-4801-845d-5df77544d406">
      <Output>
        <ErrorInfo>
          <Message>OneTimeSetUp: System.InvalidOperationException : Cannot find 'node_modules' in parent directories of /home/runner/work/typespec/typespec/packages/http-client-csharp/generator/artifacts/bin/TestProjects.Spector.Tests/Debug/net8.0/TestProjects.Spector.Tests.dll.</Message>
          <StackTrace>
</StackTrace>
        </ErrorInfo>
      </Output>
    </UnitTestResult>
    <UnitTestResult executionId="95c8d4b7-6131-4cb3-9085-289cbc0e45ee" testId="e5f4abe5-0bea-7f59-36d4-d1a4437c6aa4" testName="GetKnownValue" computerName="pkrvmxyh4eaekms" duration="00:00:00.0000050" startTime="2025-06-24T21:13:51.5389157+00:00" endTime="2025-06-24T21:13:51.5389207+00:00" testType="13cdc9d9-ddb5-4fa4-a97d-d965ccfc6d4b" outcome="NotExecuted" testListId="8c84fa94-04c1-424b-9868-57a2d4851a1d" relativeResultsDirectory="95c8d4b7-6131-4cb3-9085-289cbc0e45ee">
      <Output>
        <StdOut>Test skipped because TestProjects.Spector.Tests.Http._Type._Enum.Fixed.FixedTests.GetKnownValue is currently a stubbed implementation.</StdOut>
        <ErrorInfo>
          <Message>Test skipped because TestProjects.Spector.Tests.Http._Type._Enum.Fixed.FixedTests.GetKnownValue is currently a stubbed implementation.</Message>
        </ErrorInfo>
      </Output>
    </UnitTestResult>
    <UnitTestResult executionId="8535d0f2-fbda-49a0-8635-c44ba78691fd" testId="1c51855e-4fa2-b7b8-23e1-4594d73e5197" testName="Base64urlArrayBytesProperty" computerName="pkrvmxyh4eaekms" duration="00:00:00.0138020" startTime="2025-06-24T21:13:51.5740544+00:00" endTime="2025-06-24T21:13:51.5878558+00:00" testType="13cdc9d9-ddb5-4fa4-a97d-d965ccfc6d4b" outcome="Failed" testListId="8c84fa94-04c1-424b-9868-57a2d4851a1d" relativeResultsDirectory="8535d0f2-fbda-49a0-8635-c44ba78691fd">
      <Output>
        <ErrorInfo>
          <Message>OneTimeSetUp: System.InvalidOperationException : Cannot find 'node_modules' in parent directories of /home/runner/work/typespec/typespec/packages/http-client-csharp/generator/artifacts/bin/TestProjects.Spector.Tests/Debug/net8.0/TestProjects.Spector.Tests.dll.</Message>
          <StackTrace>
</StackTrace>
        </ErrorInfo>
      </Output>
    </UnitTestResult>
    <UnitTestResult executionId="f5ff01cd-7fc4-4e34-8082-e79ba5b363d2" testId="14211889-6c07-d548-a17d-b0353d77daec" testName="RequestBodyBase64" computerName="pkrvmxyh4eaekms" duration="00:00:00.0138520" startTime="2025-06-24T21:13:51.5740544+00:00" endTime="2025-06-24T21:13:51.5879068+00:00" testType="13cdc9d9-ddb5-4fa4-a97d-d965ccfc6d4b" outcome="Failed" testListId="8c84fa94-04c1-424b-9868-57a2d4851a1d" relativeResultsDirectory="f5ff01cd-7fc4-4e34-8082-e79ba5b363d2">
      <Output>
        <ErrorInfo>
          <Message>OneTimeSetUp: System.InvalidOperationException : Cannot find 'node_modules' in parent directories of /home/runner/work/typespec/typespec/packages/http-client-csharp/generator/artifacts/bin/TestProjects.Spector.Tests/Debug/net8.0/TestProjects.Spector.Tests.dll.</Message>
          <StackTrace>
</StackTrace>
        </ErrorInfo>
      </Output>
    </UnitTestResult>
    <UnitTestResult executionId="5f626ccd-450d-47c4-9ff4-e637942a8e4b" testId="d7cd0540-6703-b71f-2d28-b521912dd279" testName="Two" computerName="pkrvmxyh4eaekms" duration="00:00:00.0000020" startTime="2025-06-24T21:13:51.5739623+00:00" endTime="2025-06-24T21:13:51.5739641+00:00" testType="13cdc9d9-ddb5-4fa4-a97d-d965ccfc6d4b" outcome="NotExecuted" testListId="8c84fa94-04c1-424b-9868-57a2d4851a1d" relativeResultsDirectory="5f626ccd-450d-47c4-9ff4-e637942a8e4b">
      <Output>
        <StdOut>Test skipped because TestProjects.Spector.Tests.Http.Client.Structure.TwoOperationGroup.TwoOperationGroupTests.Two is currently a stubbed implementation.</StdOut>
        <ErrorInfo>
          <Message>Test skipped because TestProjects.Spector.Tests.Http.Client.Structure.TwoOperationGroup.TwoOperationGroupTests.Two is currently a stubbed implementation.</Message>
        </ErrorInfo>
      </Output>
    </UnitTestResult>
    <UnitTestResult executionId="64090500-261a-4c2b-8ad7-c63201889ede" testId="67c07337-578a-e013-10f3-2c5670a50f07" testName="StringPatchNull" computerName="pkrvmxyh4eaekms" duration="00:00:00.0000010" startTime="2025-06-24T21:13:51.5426645+00:00" endTime="2025-06-24T21:13:51.5426655+00:00" testType="13cdc9d9-ddb5-4fa4-a97d-d965ccfc6d4b" outcome="NotExecuted" testListId="8c84fa94-04c1-424b-9868-57a2d4851a1d" relativeResultsDirectory="64090500-261a-4c2b-8ad7-c63201889ede">
      <Output>
        <StdOut>Test skipped because TestProjects.Spector.Tests.Http._Type.Property.Nullable.NullableTests.StringPatchNull is currently a stubbed implementation.</StdOut>
        <ErrorInfo>
          <Message>Test skipped because TestProjects.Spector.Tests.Http._Type.Property.Nullable.NullableTests.StringPatchNull is currently a stubbed implementation.</Message>
        </ErrorInfo>
      </Output>
    </UnitTestResult>
    <UnitTestResult executionId="06a4c8a2-0663-4444-b7a4-2fba525db0f7" testId="b8626300-65a5-3fa0-adae-bd65ce4711ab" testName="OperationsDefAsync" computerName="pkrvmxyh4eaekms" duration="00:00:00.0000020" startTime="2025-06-24T21:13:51.6327758+00:00" endTime="2025-06-24T21:13:51.6327778+00:00" testType="13cdc9d9-ddb5-4fa4-a97d-d965ccfc6d4b" outcome="NotExecuted" testListId="8c84fa94-04c1-424b-9868-57a2d4851a1d" relativeResultsDirectory="06a4c8a2-0663-4444-b7a4-2fba525db0f7">
      <Output>
        <StdOut>Test skipped because TestProjects.Spector.Tests.Http.SpecialWords.SpecialWordsTests.OperationsDefAsync is currently a stubbed implementation.</StdOut>
        <ErrorInfo>
          <Message>Test skipped because TestProjects.Spector.Tests.Http.SpecialWords.SpecialWordsTests.OperationsDefAsync is currently a stubbed implementation.</Message>
        </ErrorInfo>
      </Output>
    </UnitTestResult>
    <UnitTestResult executionId="e47e0102-fd89-47b5-b407-e3eb41c9a11b" testId="7958d8c0-1fe6-21d6-f926-07812748bff9" testName="SameBody" computerName="pkrvmxyh4eaekms" duration="00:00:00.0005509" startTime="2025-06-24T21:13:51.6226831+00:00" endTime="2025-06-24T21:13:51.6232340+00:00" testType="13cdc9d9-ddb5-4fa4-a97d-d965ccfc6d4b" outcome="Failed" testListId="8c84fa94-04c1-424b-9868-57a2d4851a1d" relativeResultsDirectory="e47e0102-fd89-47b5-b407-e3eb41c9a11b">
      <Output>
        <ErrorInfo>
          <Message>OneTimeSetUp: System.InvalidOperationException : Cannot find 'node_modules' in parent directories of /home/runner/work/typespec/typespec/packages/http-client-csharp/generator/artifacts/bin/TestProjects.Spector.Tests/Debug/net8.0/TestProjects.Spector.Tests.dll.</Message>
          <StackTrace>
</StackTrace>
        </ErrorInfo>
      </Output>
    </UnitTestResult>
    <UnitTestResult executionId="89a59a5d-aec2-4afe-ac19-76b48cf2a88f" testId="55a54cc6-7f27-269d-6799-7a2fe9c9fae1" testName="AddOptionalParamFromOneRequired_V1Client_V1Service_WithApiVersionV1" computerName="pkrvmxyh4eaekms" duration="00:00:00.0000020" startTime="2025-06-24T21:13:51.6248489+00:00" endTime="2025-06-24T21:13:51.6248507+00:00" testType="13cdc9d9-ddb5-4fa4-a97d-d965ccfc6d4b" outcome="NotExecuted" testListId="8c84fa94-04c1-424b-9868-57a2d4851a1d" relativeResultsDirectory="89a59a5d-aec2-4afe-ac19-76b48cf2a88f">
      <Output>
        <StdOut>Test skipped because TestProjects.Spector.Tests.Http.Resiliency.SrvDriven.V1.SrvDrivenV1Tests.AddOptionalParamFromOneRequired_V1Client_V1Service_WithApiVersionV1 is currently a stubbed implementation.</StdOut>
        <ErrorInfo>
          <Message>Test skipped because TestProjects.Spector.Tests.Http.Resiliency.SrvDriven.V1.SrvDrivenV1Tests.AddOptionalParamFromOneRequired_V1Client_V1Service_WithApiVersionV1 is currently a stubbed implementation.</Message>
        </ErrorInfo>
      </Output>
    </UnitTestResult>
    <UnitTestResult executionId="c6cbfb0a-a94f-4295-a360-2177f0652fc5" testId="e7727a67-0ebe-bab9-8ccb-76e0db5d7327" testName="RoundTripWithJsonInterfaceUtf8ReaderJson" computerName="pkrvmxyh4eaekms" duration="00:00:00.0000010" startTime="2025-06-24T21:13:51.5419334+00:00" endTime="2025-06-24T21:13:51.5419345+00:00" testType="13cdc9d9-ddb5-4fa4-a97d-d965ccfc6d4b" outcome="NotExecuted" testListId="8c84fa94-04c1-424b-9868-57a2d4851a1d" relativeResultsDirectory="c6cbfb0a-a94f-4295-a360-2177f0652fc5">
      <Output>
        <StdOut>Test skipped because TestProjects.Spector.Tests.Http._Type.Property.AdditionalProperties.DifferentSpreadStringDerivedTests.RoundTripWithJsonInterfaceUtf8ReaderJson is currently a stubbed implementation.</StdOut>
        <ErrorInfo>
          <Message>Test skipped because TestProjects.Spector.Tests.Http._Type.Property.AdditionalProperties.DifferentSpreadStringDerivedTests.RoundTripWithJsonInterfaceUtf8ReaderJson is currently a stubbed implementation.</Message>
        </ErrorInfo>
      </Output>
    </UnitTestResult>
    <UnitTestResult executionId="9a1c9005-bb3e-407d-8f35-371b4c09d39e" testId="09000b30-b50a-fea1-e3f8-373b92fc09fb" testName="Valid" computerName="pkrvmxyh4eaekms" duration="00:00:00.0000010" startTime="2025-06-24T21:13:51.5445978+00:00" endTime="2025-06-24T21:13:51.5445990+00:00" testType="13cdc9d9-ddb5-4fa4-a97d-d965ccfc6d4b" outcome="NotExecuted" testListId="8c84fa94-04c1-424b-9868-57a2d4851a1d" relativeResultsDirectory="9a1c9005-bb3e-407d-8f35-371b4c09d39e">
      <Output>
        <StdOut>Test skipped because TestProjects.Spector.Tests.Http.Authentication.Http.Custom.CustomTests.Valid is currently a stubbed implementation.</StdOut>
        <ErrorInfo>
          <Message>Test skipped because TestProjects.Spector.Tests.Http.Authentication.Http.Custom.CustomTests.Valid is currently a stubbed implementation.</Message>
        </ErrorInfo>
      </Output>
    </UnitTestResult>
    <UnitTestResult executionId="e30d3067-5db1-4b6b-981c-80ee09fe8a16" testId="70381e69-57c9-c706-1f8d-240e94a1b700" testName="ParametersWithCancellationTokenAsync" computerName="pkrvmxyh4eaekms" duration="00:00:00.0000020" startTime="2025-06-24T21:13:51.6330421+00:00" endTime="2025-06-24T21:13:51.6330439+00:00" testType="13cdc9d9-ddb5-4fa4-a97d-d965ccfc6d4b" outcome="NotExecuted" testListId="8c84fa94-04c1-424b-9868-57a2d4851a1d" relativeResultsDirectory="e30d3067-5db1-4b6b-981c-80ee09fe8a16">
      <Output>
        <StdOut>Test skipped because TestProjects.Spector.Tests.Http.SpecialWords.SpecialWordsTests.ParametersWithCancellationTokenAsync is currently a stubbed implementation.</StdOut>
        <ErrorInfo>
          <Message>Test skipped because TestProjects.Spector.Tests.Http.SpecialWords.SpecialWordsTests.ParametersWithCancellationTokenAsync is currently a stubbed implementation.</Message>
        </ErrorInfo>
      </Output>
    </UnitTestResult>
    <UnitTestResult executionId="3a4282d6-6d43-4d94-bcad-edc090b89e31" testId="7e5f87a8-3e86-baa3-41b1-cbee2b76fd99" testName="CollectionsModelPutAll" computerName="pkrvmxyh4eaekms" duration="00:00:00.0000010" startTime="2025-06-24T21:13:51.5429176+00:00" endTime="2025-06-24T21:13:51.5429187+00:00" testType="13cdc9d9-ddb5-4fa4-a97d-d965ccfc6d4b" outcome="NotExecuted" testListId="8c84fa94-04c1-424b-9868-57a2d4851a1d" relativeResultsDirectory="3a4282d6-6d43-4d94-bcad-edc090b89e31">
      <Output>
        <StdOut>Test skipped because TestProjects.Spector.Tests.Http._Type.Property.Optionality.OptionalityTests.CollectionsModelPutAll is currently a stubbed implementation.</StdOut>
        <ErrorInfo>
          <Message>Test skipped because TestProjects.Spector.Tests.Http._Type.Property.Optionality.OptionalityTests.CollectionsModelPutAll is currently a stubbed implementation.</Message>
        </ErrorInfo>
      </Output>
    </UnitTestResult>
    <UnitTestResult executionId="32e09b51-8a3e-42c8-b888-15fd28325837" testId="98a81c68-72e4-94f4-0dd9-698455968fe2" testName="QueryISO8601" computerName="pkrvmxyh4eaekms" duration="00:00:00.0000020" startTime="2025-06-24T21:13:51.5887536+00:00" endTime="2025-06-24T21:13:51.5887559+00:00" testType="13cdc9d9-ddb5-4fa4-a97d-d965ccfc6d4b" outcome="NotExecuted" testListId="8c84fa94-04c1-424b-9868-57a2d4851a1d" relativeResultsDirectory="32e09b51-8a3e-42c8-b888-15fd28325837">
      <Output>
        <StdOut>Test skipped because TestProjects.Spector.Tests.Http.Encode.Duration.EncodeDurationTests.QueryISO8601 is currently a stubbed implementation.</StdOut>
        <ErrorInfo>
          <Message>Test skipped because TestProjects.Spector.Tests.Http.Encode.Duration.EncodeDurationTests.QueryISO8601 is currently a stubbed implementation.</Message>
        </ErrorInfo>
      </Output>
    </UnitTestResult>
    <UnitTestResult executionId="3a2287f0-5d1d-4654-a195-76af71a51dc8" testId="db570c89-0c17-67f9-68b7-a045941bff8c" testName="LabelExpansionArray" computerName="pkrvmxyh4eaekms" duration="00:00:00.0000020" startTime="2025-06-24T21:13:51.6255227+00:00" endTime="2025-06-24T21:13:51.6255246+00:00" testType="13cdc9d9-ddb5-4fa4-a97d-d965ccfc6d4b" outcome="NotExecuted" testListId="8c84fa94-04c1-424b-9868-57a2d4851a1d" relativeResultsDirectory="3a2287f0-5d1d-4654-a195-76af71a51dc8">
      <Output>
        <StdOut>https://github.com/Azure/cadl-ranch/issues/772</StdOut>
        <ErrorInfo>
          <Message>https://github.com/Azure/cadl-ranch/issues/772</Message>
        </ErrorInfo>
      </Output>
    </UnitTestResult>
    <UnitTestResult executionId="8e74037f-9a64-408f-81d8-f6349aac470d" testId="6f442467-794b-6b44-6cf4-0d982a97bbb7" testName="RecursiveModelValueGet" computerName="pkrvmxyh4eaekms" duration="00:00:00.0000010" startTime="2025-06-24T21:13:51.5391616+00:00" endTime="2025-06-24T21:13:51.5391628+00:00" testType="13cdc9d9-ddb5-4fa4-a97d-d965ccfc6d4b" outcome="NotExecuted" testListId="8c84fa94-04c1-424b-9868-57a2d4851a1d" relativeResultsDirectory="8e74037f-9a64-408f-81d8-f6349aac470d">
      <Output>
        <StdOut>Test skipped because TestProjects.Spector.Tests.Http._Type.Dictionary.DictionaryTests.RecursiveModelValueGet is currently a stubbed implementation.</StdOut>
        <ErrorInfo>
          <Message>Test skipped because TestProjects.Spector.Tests.Http._Type.Dictionary.DictionaryTests.RecursiveModelValueGet is currently a stubbed implementation.</Message>
        </ErrorInfo>
      </Output>
    </UnitTestResult>
    <UnitTestResult executionId="d8a6c988-b391-4d71-b72d-800de2abecad" testId="354dd232-6794-c14f-fc97-ae1678a19d01" testName="ModelsWithDelAsync" computerName="pkrvmxyh4eaekms" duration="00:00:00.0000020" startTime="2025-06-24T21:13:51.6324909+00:00" endTime="2025-06-24T21:13:51.6324927+00:00" testType="13cdc9d9-ddb5-4fa4-a97d-d965ccfc6d4b" outcome="NotExecuted" testListId="8c84fa94-04c1-424b-9868-57a2d4851a1d" relativeResultsDirectory="d8a6c988-b391-4d71-b72d-800de2abecad">
      <Output>
        <StdOut>Test skipped because TestProjects.Spector.Tests.Http.SpecialWords.SpecialWordsTests.ModelsWithDelAsync is currently a stubbed implementation.</StdOut>
        <ErrorInfo>
          <Message>Test skipped because TestProjects.Spector.Tests.Http.SpecialWords.SpecialWordsTests.ModelsWithDelAsync is currently a stubbed implementation.</Message>
        </ErrorInfo>
      </Output>
    </UnitTestResult>
    <UnitTestResult executionId="e1cb8f31-2ef0-4b93-9e46-ac77783057bb" testId="746aa62c-59c1-5e8a-da75-9e4aa7d04e7c" testName="IntLiteralGet" computerName="pkrvmxyh4eaekms" duration="00:00:00.0000010" startTime="2025-06-24T21:13:51.5436078+00:00" endTime="2025-06-24T21:13:51.5436092+00:00" testType="13cdc9d9-ddb5-4fa4-a97d-d965ccfc6d4b" outcome="NotExecuted" testListId="8c84fa94-04c1-424b-9868-57a2d4851a1d" relativeResultsDirectory="e1cb8f31-2ef0-4b93-9e46-ac77783057bb">
      <Output>
        <StdOut>Test skipped because TestProjects.Spector.Tests.Http._Type.Property.ValueTypes.ValueTypesTests.IntLiteralGet is currently a stubbed implementation.</StdOut>
        <ErrorInfo>
          <Message>Test skipped because TestProjects.Spector.Tests.Http._Type.Property.ValueTypes.ValueTypesTests.IntLiteralGet is currently a stubbed implementation.</Message>
        </ErrorInfo>
      </Output>
    </UnitTestResult>
    <UnitTestResult executionId="677a30b2-33ad-4e7a-acb9-e0fd88a74730" testId="5db8f9a4-a7b7-a775-7925-07d65fdb99b6" testName="ModelPut" computerName="pkrvmxyh4eaekms" duration="00:00:00.0000010" startTime="2025-06-24T21:13:51.5436319+00:00" endTime="2025-06-24T21:13:51.5436331+00:00" testType="13cdc9d9-ddb5-4fa4-a97d-d965ccfc6d4b" outcome="NotExecuted" testListId="8c84fa94-04c1-424b-9868-57a2d4851a1d" relativeResultsDirectory="677a30b2-33ad-4e7a-acb9-e0fd88a74730">
      <Output>
        <StdOut>Test skipped because TestProjects.Spector.Tests.Http._Type.Property.ValueTypes.ValueTypesTests.ModelPut is currently a stubbed implementation.</StdOut>
        <ErrorInfo>
          <Message>Test skipped because TestProjects.Spector.Tests.Http._Type.Property.ValueTypes.ValueTypesTests.ModelPut is currently a stubbed implementation.</Message>
        </ErrorInfo>
      </Output>
    </UnitTestResult>
    <UnitTestResult executionId="7afdc53a-a3a9-4dd4-979d-dfd5945f970b" testId="559dab16-1840-4d7e-b7fc-8708b2bd6eb6" testName="StringValuePut" computerName="pkrvmxyh4eaekms" duration="00:00:00.0000010" startTime="2025-06-24T21:13:51.5358984+00:00" endTime="2025-06-24T21:13:51.5358994+00:00" testType="13cdc9d9-ddb5-4fa4-a97d-d965ccfc6d4b" outcome="NotExecuted" testListId="8c84fa94-04c1-424b-9868-57a2d4851a1d" relativeResultsDirectory="7afdc53a-a3a9-4dd4-979d-dfd5945f970b">
      <Output>
        <StdOut>Test skipped because TestProjects.Spector.Tests.Http._Type._Array.ArrayTests.StringValuePut is currently a stubbed implementation.</StdOut>
        <ErrorInfo>
          <Message>Test skipped because TestProjects.Spector.Tests.Http._Type._Array.ArrayTests.StringValuePut is currently a stubbed implementation.</Message>
        </ErrorInfo>
      </Output>
    </UnitTestResult>
    <UnitTestResult executionId="bf619a28-7947-429f-a075-c034ff00b57c" testId="5359756e-48ad-8765-e1e2-55dae5f1187d" testName="NullableBoolValuePut" computerName="pkrvmxyh4eaekms" duration="00:00:00.0000010" startTime="2025-06-24T21:13:51.5358414+00:00" endTime="2025-06-24T21:13:51.5358425+00:00" testType="13cdc9d9-ddb5-4fa4-a97d-d965ccfc6d4b" outcome="NotExecuted" testListId="8c84fa94-04c1-424b-9868-57a2d4851a1d" relativeResultsDirectory="bf619a28-7947-429f-a075-c034ff00b57c">
      <Output>
        <StdOut>Test skipped because TestProjects.Spector.Tests.Http._Type._Array.ArrayTests.NullableBoolValuePut is currently a stubbed implementation.</StdOut>
        <ErrorInfo>
          <Message>Test skipped because TestProjects.Spector.Tests.Http._Type._Array.ArrayTests.NullableBoolValuePut is currently a stubbed implementation.</Message>
        </ErrorInfo>
      </Output>
    </UnitTestResult>
    <UnitTestResult executionId="247fcff4-be3d-4a18-9272-c64559447626" testId="4562b682-08d1-0b34-dd21-531daaf4a760" testName="Decimal128Put" computerName="pkrvmxyh4eaekms" duration="00:00:00.0000010" startTime="2025-06-24T21:13:51.5435059+00:00" endTime="2025-06-24T21:13:51.5435073+00:00" testType="13cdc9d9-ddb5-4fa4-a97d-d965ccfc6d4b" outcome="NotExecuted" testListId="8c84fa94-04c1-424b-9868-57a2d4851a1d" relativeResultsDirectory="247fcff4-be3d-4a18-9272-c64559447626">
      <Output>
        <StdOut>Test skipped because TestProjects.Spector.Tests.Http._Type.Property.ValueTypes.ValueTypesTests.Decimal128Put is currently a stubbed implementation.</StdOut>
        <ErrorInfo>
          <Message>Test skipped because TestProjects.Spector.Tests.Http._Type.Property.ValueTypes.ValueTypesTests.Decimal128Put is currently a stubbed implementation.</Message>
        </ErrorInfo>
      </Output>
    </UnitTestResult>
    <UnitTestResult executionId="12408d5a-a5b3-49af-acbf-6bbf5ddf998f" testId="2ac72e1b-67e4-691e-dbd4-506944678026" testName="Special_Headers_Conditional_Request_HeadIfModifiedSince" computerName="pkrvmxyh4eaekms" duration="00:00:00.0000060" startTime="2025-06-24T21:13:51.6277513+00:00" endTime="2025-06-24T21:13:51.6277575+00:00" testType="13cdc9d9-ddb5-4fa4-a97d-d965ccfc6d4b" outcome="NotExecuted" testListId="8c84fa94-04c1-424b-9868-57a2d4851a1d" relativeResultsDirectory="12408d5a-a5b3-49af-acbf-6bbf5ddf998f">
      <Output>
        <StdOut>Test skipped because TestProjects.Spector.Tests.Http.SpecialHeaders.ConditionalRequest.ConditionalRequestHeaderTests.Special_Headers_Conditional_Request_HeadIfModifiedSince is currently a stubbed implementation.</StdOut>
        <ErrorInfo>
          <Message>Test skipped because TestProjects.Spector.Tests.Http.SpecialHeaders.ConditionalRequest.ConditionalRequestHeaderTests.Special_Headers_Conditional_Request_HeadIfModifiedSince is currently a stubbed implementation.</Message>
        </ErrorInfo>
      </Output>
    </UnitTestResult>
    <UnitTestResult executionId="881b73c2-24df-4bbe-b684-d2919a783cbc" testId="dd5a5ae0-57da-3fe2-e850-94f3ba87002f" testName="RequestBodyDefault" computerName="pkrvmxyh4eaekms" duration="00:00:00.0138620" startTime="2025-06-24T21:13:51.5740544+00:00" endTime="2025-06-24T21:13:51.5879161+00:00" testType="13cdc9d9-ddb5-4fa4-a97d-d965ccfc6d4b" outcome="Failed" testListId="8c84fa94-04c1-424b-9868-57a2d4851a1d" relativeResultsDirectory="881b73c2-24df-4bbe-b684-d2919a783cbc">
      <Output>
        <ErrorInfo>
          <Message>OneTimeSetUp: System.InvalidOperationException : Cannot find 'node_modules' in parent directories of /home/runner/work/typespec/typespec/packages/http-client-csharp/generator/artifacts/bin/TestProjects.Spector.Tests/Debug/net8.0/TestProjects.Spector.Tests.dll.</Message>
          <StackTrace>
</StackTrace>
        </ErrorInfo>
      </Output>
    </UnitTestResult>
    <UnitTestResult executionId="bd37142a-4898-4fba-b8cd-cc3102a22dec" testId="d307580a-81ae-be04-25d4-8932d3f176da" testName="Datetime_patchNull" computerName="pkrvmxyh4eaekms" duration="00:00:00.0000020" startTime="2025-06-24T21:13:51.5426050+00:00" endTime="2025-06-24T21:13:51.5426067+00:00" testType="13cdc9d9-ddb5-4fa4-a97d-d965ccfc6d4b" outcome="NotExecuted" testListId="8c84fa94-04c1-424b-9868-57a2d4851a1d" relativeResultsDirectory="bd37142a-4898-4fba-b8cd-cc3102a22dec">
      <Output>
        <StdOut>Test skipped because TestProjects.Spector.Tests.Http._Type.Property.Nullable.NullableTests.Datetime_patchNull is currently a stubbed implementation.</StdOut>
        <ErrorInfo>
          <Message>Test skipped because TestProjects.Spector.Tests.Http._Type.Property.Nullable.NullableTests.Datetime_patchNull is currently a stubbed implementation.</Message>
        </ErrorInfo>
      </Output>
    </UnitTestResult>
    <UnitTestResult executionId="1855f3ec-488c-4681-ae19-d420b58f8723" testId="15766a9e-0496-6f1b-ceb0-4516c0d1b13e" testName="LabelExpansionRecord" computerName="pkrvmxyh4eaekms" duration="00:00:00.0000020" startTime="2025-06-24T21:13:51.6255672+00:00" endTime="2025-06-24T21:13:51.6255690+00:00" testType="13cdc9d9-ddb5-4fa4-a97d-d965ccfc6d4b" outcome="NotExecuted" testListId="8c84fa94-04c1-424b-9868-57a2d4851a1d" relativeResultsDirectory="1855f3ec-488c-4681-ae19-d420b58f8723">
      <Output>
        <StdOut>https://github.com/Azure/cadl-ranch/issues/772</StdOut>
        <ErrorInfo>
          <Message>https://github.com/Azure/cadl-ranch/issues/772</Message>
        </ErrorInfo>
      </Output>
    </UnitTestResult>
    <UnitTestResult executionId="47fcf2aa-5c32-47ce-b09b-45d906d617e3" testId="69c508ea-2cca-4212-757a-a5c8428e218c" testName="Client_Structure_default_Two" computerName="pkrvmxyh4eaekms" duration="00:00:00.0000020" startTime="2025-06-24T21:13:51.5660338+00:00" endTime="2025-06-24T21:13:51.5660355+00:00" testType="13cdc9d9-ddb5-4fa4-a97d-d965ccfc6d4b" outcome="NotExecuted" testListId="8c84fa94-04c1-424b-9868-57a2d4851a1d" relativeResultsDirectory="47fcf2aa-5c32-47ce-b09b-45d906d617e3">
      <Output>
        <StdOut>Test skipped because TestProjects.Spector.Tests.Http.Client.Structure.Default.DefaultTests.Client_Structure_default_Two is currently a stubbed implementation.</StdOut>
        <ErrorInfo>
          <Message>Test skipped because TestProjects.Spector.Tests.Http.Client.Structure.Default.DefaultTests.Client_Structure_default_Two is currently a stubbed implementation.</Message>
        </ErrorInfo>
      </Output>
    </UnitTestResult>
    <UnitTestResult executionId="b7577806-c680-497b-bbce-04c617656386" testId="76872cb6-e940-68f9-64b3-4436a27471e6" testName="CollectionsByteGetNull" computerName="pkrvmxyh4eaekms" duration="00:00:00.0000010" startTime="2025-06-24T21:13:51.5425337+00:00" endTime="2025-06-24T21:13:51.5425349+00:00" testType="13cdc9d9-ddb5-4fa4-a97d-d965ccfc6d4b" outcome="NotExecuted" testListId="8c84fa94-04c1-424b-9868-57a2d4851a1d" relativeResultsDirectory="b7577806-c680-497b-bbce-04c617656386">
      <Output>
        <StdOut>Test skipped because TestProjects.Spector.Tests.Http._Type.Property.Nullable.NullableTests.CollectionsByteGetNull is currently a stubbed implementation.</StdOut>
        <ErrorInfo>
          <Message>Test skipped because TestProjects.Spector.Tests.Http._Type.Property.Nullable.NullableTests.CollectionsByteGetNull is currently a stubbed implementation.</Message>
        </ErrorInfo>
      </Output>
    </UnitTestResult>
    <UnitTestResult executionId="e77e1e26-8d17-4cfc-8f16-3efbea20765f" testId="698c07c2-e832-c7be-cc64-0b093e805cb9" testName="ModelsWithWhileAsync" computerName="pkrvmxyh4eaekms" duration="00:00:00.0000020" startTime="2025-06-24T21:13:51.6326629+00:00" endTime="2025-06-24T21:13:51.6326648+00:00" testType="13cdc9d9-ddb5-4fa4-a97d-d965ccfc6d4b" outcome="NotExecuted" testListId="8c84fa94-04c1-424b-9868-57a2d4851a1d" relativeResultsDirectory="e77e1e26-8d17-4cfc-8f16-3efbea20765f">
      <Output>
        <StdOut>Test skipped because TestProjects.Spector.Tests.Http.SpecialWords.SpecialWordsTests.ModelsWithWhileAsync is currently a stubbed implementation.</StdOut>
        <ErrorInfo>
          <Message>Test skipped because TestProjects.Spector.Tests.Http.SpecialWords.SpecialWordsTests.ModelsWithWhileAsync is currently a stubbed implementation.</Message>
        </ErrorInfo>
      </Output>
    </UnitTestResult>
    <UnitTestResult executionId="2f00e4f7-63b8-4b9b-952d-52d7dbbce2be" testId="c08e15cd-1526-f74a-43f9-3aa1993f84f8" testName="PropertyDefaultConvenience" computerName="pkrvmxyh4eaekms" duration="00:00:00.0000020" startTime="2025-06-24T21:13:51.5886139+00:00" endTime="2025-06-24T21:13:51.5886162+00:00" testType="13cdc9d9-ddb5-4fa4-a97d-d965ccfc6d4b" outcome="NotExecuted" testListId="8c84fa94-04c1-424b-9868-57a2d4851a1d" relativeResultsDirectory="2f00e4f7-63b8-4b9b-952d-52d7dbbce2be">
      <Output>
        <StdOut>Test skipped because TestProjects.Spector.Tests.Http.Encode.Duration.EncodeDurationTests.PropertyDefaultConvenience is currently a stubbed implementation.</StdOut>
        <ErrorInfo>
          <Message>Test skipped because TestProjects.Spector.Tests.Http.Encode.Duration.EncodeDurationTests.PropertyDefaultConvenience is currently a stubbed implementation.</Message>
        </ErrorInfo>
      </Output>
    </UnitTestResult>
    <UnitTestResult executionId="f3d1c5ee-dfae-42d7-b615-a00788bfa63d" testId="ce4bf8e4-65ed-2ec2-8d52-0d80f84bda0a" testName="Four" computerName="pkrvmxyh4eaekms" duration="00:00:00.0000010" startTime="2025-06-24T21:13:51.5447320+00:00" endTime="2025-06-24T21:13:51.5447333+00:00" testType="13cdc9d9-ddb5-4fa4-a97d-d965ccfc6d4b" outcome="NotExecuted" testListId="8c84fa94-04c1-424b-9868-57a2d4851a1d" relativeResultsDirectory="f3d1c5ee-dfae-42d7-b615-a00788bfa63d">
      <Output>
        <StdOut>Test skipped because TestProjects.Spector.Tests.Http.Client.Structure.ClientOperationGroup.ClientOperationGroupTests.Four is currently a stubbed implementation.</StdOut>
        <ErrorInfo>
          <Message>Test skipped because TestProjects.Spector.Tests.Http.Client.Structure.ClientOperationGroup.ClientOperationGroupTests.Four is currently a stubbed implementation.</Message>
        </ErrorInfo>
      </Output>
    </UnitTestResult>
    <UnitTestResult executionId="39fbb827-1de7-4267-b46d-9f4657835c2e" testId="7806fc59-74d8-4cba-5173-f4a593c19367" testName="Float32ValuePut" computerName="pkrvmxyh4eaekms" duration="00:00:00.0000010" startTime="2025-06-24T21:13:51.5357958+00:00" endTime="2025-06-24T21:13:51.5357967+00:00" testType="13cdc9d9-ddb5-4fa4-a97d-d965ccfc6d4b" outcome="NotExecuted" testListId="8c84fa94-04c1-424b-9868-57a2d4851a1d" relativeResultsDirectory="39fbb827-1de7-4267-b46d-9f4657835c2e">
      <Output>
        <StdOut>Test skipped because TestProjects.Spector.Tests.Http._Type._Array.ArrayTests.Float32ValuePut is currently a stubbed implementation.</StdOut>
        <ErrorInfo>
          <Message>Test skipped because TestProjects.Spector.Tests.Http._Type._Array.ArrayTests.Float32ValuePut is currently a stubbed implementation.</Message>
        </ErrorInfo>
      </Output>
    </UnitTestResult>
    <UnitTestResult executionId="35a056e5-1a40-4bf4-8df6-944645e10fb0" testId="0ddfc056-60dd-cbbd-2fec-b5b805204fac" testName="BytesPutDefault" computerName="pkrvmxyh4eaekms" duration="00:00:00.0000020" startTime="2025-06-24T21:13:51.5428741+00:00" endTime="2025-06-24T21:13:51.5428760+00:00" testType="13cdc9d9-ddb5-4fa4-a97d-d965ccfc6d4b" outcome="NotExecuted" testListId="8c84fa94-04c1-424b-9868-57a2d4851a1d" relativeResultsDirectory="35a056e5-1a40-4bf4-8df6-944645e10fb0">
      <Output>
        <StdOut>Test skipped because TestProjects.Spector.Tests.Http._Type.Property.Optionality.OptionalityTests.BytesPutDefault is currently a stubbed implementation.</StdOut>
        <ErrorInfo>
          <Message>Test skipped because TestProjects.Spector.Tests.Http._Type.Property.Optionality.OptionalityTests.BytesPutDefault is currently a stubbed implementation.</Message>
        </ErrorInfo>
      </Output>
    </UnitTestResult>
    <UnitTestResult executionId="a2dfe701-6cf0-4b71-bc7d-f3282a81f9aa" testId="eb6795f7-05e6-9fb0-c4d3-e85e1ff19af8" testName="HeaderFloat64Seconds" computerName="pkrvmxyh4eaekms" duration="00:00:00.0000020" startTime="2025-06-24T21:13:51.5885561+00:00" endTime="2025-06-24T21:13:51.5885584+00:00" testType="13cdc9d9-ddb5-4fa4-a97d-d965ccfc6d4b" outcome="NotExecuted" testListId="8c84fa94-04c1-424b-9868-57a2d4851a1d" relativeResultsDirectory="a2dfe701-6cf0-4b71-bc7d-f3282a81f9aa">
      <Output>
        <StdOut>Test skipped because TestProjects.Spector.Tests.Http.Encode.Duration.EncodeDurationTests.HeaderFloat64Seconds is currently a stubbed implementation.</StdOut>
        <ErrorInfo>
          <Message>Test skipped because TestProjects.Spector.Tests.Http.Encode.Duration.EncodeDurationTests.HeaderFloat64Seconds is currently a stubbed implementation.</Message>
        </ErrorInfo>
      </Output>
    </UnitTestResult>
    <UnitTestResult executionId="b62bb878-166e-4e41-b2fb-6d16343cb981" testId="86b69d09-4fa7-8a8f-0fa9-37523c65b41c" testName="FloatLiteralGetAll" computerName="pkrvmxyh4eaekms" duration="00:00:00.0000010" startTime="2025-06-24T21:13:51.5429856+00:00" endTime="2025-06-24T21:13:51.5429868+00:00" testType="13cdc9d9-ddb5-4fa4-a97d-d965ccfc6d4b" outcome="NotExecuted" testListId="8c84fa94-04c1-424b-9868-57a2d4851a1d" relativeResultsDirectory="b62bb878-166e-4e41-b2fb-6d16343cb981">
      <Output>
        <StdOut>Test skipped because TestProjects.Spector.Tests.Http._Type.Property.Optionality.OptionalityTests.FloatLiteralGetAll is currently a stubbed implementation.</StdOut>
        <ErrorInfo>
          <Message>Test skipped because TestProjects.Spector.Tests.Http._Type.Property.Optionality.OptionalityTests.FloatLiteralGetAll is currently a stubbed implementation.</Message>
        </ErrorInfo>
      </Output>
    </UnitTestResult>
    <UnitTestResult executionId="5db909e4-fd5f-4bbe-874b-17775099dec5" testId="5664dcc7-d0d2-9619-03a7-997ed3462e4f" testName="NullableModelValuePut" computerName="pkrvmxyh4eaekms" duration="00:00:00.0000010" startTime="2025-06-24T21:13:51.5358760+00:00" endTime="2025-06-24T21:13:51.5358774+00:00" testType="13cdc9d9-ddb5-4fa4-a97d-d965ccfc6d4b" outcome="NotExecuted" testListId="8c84fa94-04c1-424b-9868-57a2d4851a1d" relativeResultsDirectory="5db909e4-fd5f-4bbe-874b-17775099dec5">
      <Output>
        <StdOut>Test skipped because TestProjects.Spector.Tests.Http._Type._Array.ArrayTests.NullableModelValuePut is currently a stubbed implementation.</StdOut>
        <ErrorInfo>
          <Message>Test skipped because TestProjects.Spector.Tests.Http._Type._Array.ArrayTests.NullableModelValuePut is currently a stubbed implementation.</Message>
        </ErrorInfo>
      </Output>
    </UnitTestResult>
    <UnitTestResult executionId="1874e796-c9a3-43ba-97e9-f419dd7b52a5" testId="439e491f-9255-cb49-e03a-ac3b35c7dcce" testName="RoundTripWithJsonInterfaceUtf8ReaderWire" computerName="pkrvmxyh4eaekms" duration="00:00:00.0000010" startTime="2025-06-24T21:13:51.5405769+00:00" endTime="2025-06-24T21:13:51.5405780+00:00" testType="13cdc9d9-ddb5-4fa4-a97d-d965ccfc6d4b" outcome="NotExecuted" testListId="8c84fa94-04c1-424b-9868-57a2d4851a1d" relativeResultsDirectory="1874e796-c9a3-43ba-97e9-f419dd7b52a5">
      <Output>
        <StdOut>Test skipped because TestProjects.Spector.Tests.Http._Type.Model.Inheritance.SingleDiscriminator.EagleTests.RoundTripWithJsonInterfaceUtf8ReaderWire is currently a stubbed implementation.</StdOut>
        <ErrorInfo>
          <Message>Test skipped because TestProjects.Spector.Tests.Http._Type.Model.Inheritance.SingleDiscriminator.EagleTests.RoundTripWithJsonInterfaceUtf8ReaderWire is currently a stubbed implementation.</Message>
        </ErrorInfo>
      </Output>
    </UnitTestResult>
    <UnitTestResult executionId="d819e63a-4153-426b-8372-7feaae4de271" testId="c75fdb7c-d586-731d-842f-eec2f81a4606" testName="UnknownIntPut" computerName="pkrvmxyh4eaekms" duration="00:00:00.0000020" startTime="2025-06-24T21:13:51.5437662+00:00" endTime="2025-06-24T21:13:51.5437684+00:00" testType="13cdc9d9-ddb5-4fa4-a97d-d965ccfc6d4b" outcome="NotExecuted" testListId="8c84fa94-04c1-424b-9868-57a2d4851a1d" relativeResultsDirectory="d819e63a-4153-426b-8372-7feaae4de271">
      <Output>
        <StdOut>Test skipped because TestProjects.Spector.Tests.Http._Type.Property.ValueTypes.ValueTypesTests.UnknownIntPut is currently a stubbed implementation.</StdOut>
        <ErrorInfo>
          <Message>Test skipped because TestProjects.Spector.Tests.Http._Type.Property.ValueTypes.ValueTypesTests.UnknownIntPut is currently a stubbed implementation.</Message>
        </ErrorInfo>
      </Output>
    </UnitTestResult>
    <UnitTestResult executionId="6984e9f6-dcaf-4085-8715-d22a348f0750" testId="2093b017-9f87-d886-777d-474d68401442" testName="ThrowsIfWireIsNotJson" computerName="pkrvmxyh4eaekms" duration="00:00:00.0000010" startTime="2025-06-24T21:13:51.5420260+00:00" endTime="2025-06-24T21:13:51.5420274+00:00" testType="13cdc9d9-ddb5-4fa4-a97d-d965ccfc6d4b" outcome="NotExecuted" testListId="8c84fa94-04c1-424b-9868-57a2d4851a1d" relativeResultsDirectory="6984e9f6-dcaf-4085-8715-d22a348f0750">
      <Output>
        <StdOut>Test skipped because TestProjects.Spector.Tests.Http._Type.Property.AdditionalProperties.DifferentSpreadStringDerivedTests.ThrowsIfWireIsNotJson is currently a stubbed implementation.</StdOut>
        <ErrorInfo>
          <Message>Test skipped because TestProjects.Spector.Tests.Http._Type.Property.AdditionalProperties.DifferentSpreadStringDerivedTests.ThrowsIfWireIsNotJson is currently a stubbed implementation.</Message>
        </ErrorInfo>
      </Output>
    </UnitTestResult>
    <UnitTestResult executionId="61583566-0865-404e-912b-1803ee32e402" testId="fad03819-3696-48f2-b163-81d182ea0001" testName="Type_Property_Nullable_Duration_getNull" computerName="pkrvmxyh4eaekms" duration="00:00:00.0000020" startTime="2025-06-24T21:13:51.5426698+00:00" endTime="2025-06-24T21:13:51.5426718+00:00" testType="13cdc9d9-ddb5-4fa4-a97d-d965ccfc6d4b" outcome="NotExecuted" testListId="8c84fa94-04c1-424b-9868-57a2d4851a1d" relativeResultsDirectory="61583566-0865-404e-912b-1803ee32e402">
      <Output>
        <StdOut>Test skipped because TestProjects.Spector.Tests.Http._Type.Property.Nullable.NullableTests.Type_Property_Nullable_Duration_getNull is currently a stubbed implementation.</StdOut>
        <ErrorInfo>
          <Message>Test skipped because TestProjects.Spector.Tests.Http._Type.Property.Nullable.NullableTests.Type_Property_Nullable_Duration_getNull is currently a stubbed implementation.</Message>
        </ErrorInfo>
      </Output>
    </UnitTestResult>
    <UnitTestResult executionId="9f3b036d-5331-44a0-8b61-60e44757a715" testId="7315c720-ea1f-e475-0fe9-902db2e43ea1" testName="RoundTripWithJsonInterfaceNonGenericWire" computerName="pkrvmxyh4eaekms" duration="00:00:00.0000020" startTime="2025-06-24T21:13:51.5421874+00:00" endTime="2025-06-24T21:13:51.5421891+00:00" testType="13cdc9d9-ddb5-4fa4-a97d-d965ccfc6d4b" outcome="NotExecuted" testListId="8c84fa94-04c1-424b-9868-57a2d4851a1d" relativeResultsDirectory="9f3b036d-5331-44a0-8b61-60e44757a715">
      <Output>
        <StdOut>Test skipped because TestProjects.Spector.Tests.Http._Type.Property.AdditionalProperties.MultipleSpreadRecordTests.RoundTripWithJsonInterfaceNonGenericWire is currently a stubbed implementation.</StdOut>
        <ErrorInfo>
          <Message>Test skipped because TestProjects.Spector.Tests.Http._Type.Property.AdditionalProperties.MultipleSpreadRecordTests.RoundTripWithJsonInterfaceNonGenericWire is currently a stubbed implementation.</Message>
        </ErrorInfo>
      </Output>
    </UnitTestResult>
    <UnitTestResult executionId="089ad08e-1f79-48cf-8824-fad83ca459e2" testId="1dc899c4-5eac-0a6f-382f-9539e8787d10" testName="GetMissingDiscriminator" computerName="pkrvmxyh4eaekms" duration="00:00:00.0000020" startTime="2025-06-24T21:13:51.5408050+00:00" endTime="2025-06-24T21:13:51.5408072+00:00" testType="13cdc9d9-ddb5-4fa4-a97d-d965ccfc6d4b" outcome="NotExecuted" testListId="8c84fa94-04c1-424b-9868-57a2d4851a1d" relativeResultsDirectory="089ad08e-1f79-48cf-8824-fad83ca459e2">
      <Output>
        <StdOut>Test skipped because TestProjects.Spector.Tests.Http._Type.Model.Inheritance.SingleDiscriminator.SingleDiscriminatorTests.GetMissingDiscriminator is currently a stubbed implementation.</StdOut>
        <ErrorInfo>
          <Message>Test skipped because TestProjects.Spector.Tests.Http._Type.Model.Inheritance.SingleDiscriminator.SingleDiscriminatorTests.GetMissingDiscriminator is currently a stubbed implementation.</Message>
        </ErrorInfo>
      </Output>
    </UnitTestResult>
    <UnitTestResult executionId="a2165c73-72a5-4e8f-aa3f-68f85b294475" testId="f0006959-e92b-ddf0-e350-e42c16c5830a" testName="ExtendsDifferentSpreadStringPut" computerName="pkrvmxyh4eaekms" duration="00:00:00.0000010" startTime="2025-06-24T21:13:51.5414005+00:00" endTime="2025-06-24T21:13:51.5414019+00:00" testType="13cdc9d9-ddb5-4fa4-a97d-d965ccfc6d4b" outcome="NotExecuted" testListId="8c84fa94-04c1-424b-9868-57a2d4851a1d" relativeResultsDirectory="a2165c73-72a5-4e8f-aa3f-68f85b294475">
      <Output>
        <StdOut>Test skipped because TestProjects.Spector.Tests.Http._Type.Property.AdditionalProperties.AdditionalPropertiesTests.ExtendsDifferentSpreadStringPut is currently a stubbed implementation.</StdOut>
        <ErrorInfo>
          <Message>Test skipped because TestProjects.Spector.Tests.Http._Type.Property.AdditionalProperties.AdditionalPropertiesTests.ExtendsDifferentSpreadStringPut is currently a stubbed implementation.</Message>
        </ErrorInfo>
      </Output>
    </UnitTestResult>
    <UnitTestResult executionId="e61c2a82-62d1-4de6-9b17-ea008e89f488" testId="297429e0-2277-cf0b-92f4-a86ebf1d4d0e" testName="GetAsJson" computerName="pkrvmxyh4eaekms" duration="00:00:00.0000090" startTime="2025-06-24T21:13:51.6236375+00:00" endTime="2025-06-24T21:13:51.6236461+00:00" testType="13cdc9d9-ddb5-4fa4-a97d-d965ccfc6d4b" outcome="NotExecuted" testListId="8c84fa94-04c1-424b-9868-57a2d4851a1d" relativeResultsDirectory="e61c2a82-62d1-4de6-9b17-ea008e89f488">
      <Output>
        <StdOut>Test skipped because TestProjects.Spector.Tests.Http.Payload.MediaType.MediaTypeTests.GetAsJson is currently a stubbed implementation.</StdOut>
        <ErrorInfo>
          <Message>Test skipped because TestProjects.Spector.Tests.Http.Payload.MediaType.MediaTypeTests.GetAsJson is currently a stubbed implementation.</Message>
        </ErrorInfo>
      </Output>
    </UnitTestResult>
    <UnitTestResult executionId="7bea3f7b-1bc4-458d-86e2-a14e2372b2e8" testId="d04554b7-061e-f09e-8ae9-a63a30508632" testName="SpreadDifferentModelArrayGet" computerName="pkrvmxyh4eaekms" duration="00:00:00.0000020" startTime="2025-06-24T21:13:51.5416184+00:00" endTime="2025-06-24T21:13:51.5416206+00:00" testType="13cdc9d9-ddb5-4fa4-a97d-d965ccfc6d4b" outcome="NotExecuted" testListId="8c84fa94-04c1-424b-9868-57a2d4851a1d" relativeResultsDirectory="7bea3f7b-1bc4-458d-86e2-a14e2372b2e8">
      <Output>
        <StdOut>Test skipped because TestProjects.Spector.Tests.Http._Type.Property.AdditionalProperties.AdditionalPropertiesTests.SpreadDifferentModelArrayGet is currently a stubbed implementation.</StdOut>
        <ErrorInfo>
          <Message>Test skipped because TestProjects.Spector.Tests.Http._Type.Property.AdditionalProperties.AdditionalPropertiesTests.SpreadDifferentModelArrayGet is currently a stubbed implementation.</Message>
        </ErrorInfo>
      </Output>
    </UnitTestResult>
    <UnitTestResult executionId="944a5c32-b578-4c40-857d-1d42ad70232c" testId="e860b32c-5677-68e5-70c7-ee4962553471" testName="RoundTripWithModelInterfaceNonGenericJson" computerName="pkrvmxyh4eaekms" duration="00:00:00.0000020" startTime="2025-06-24T21:13:51.5419755+00:00" endTime="2025-06-24T21:13:51.5419775+00:00" testType="13cdc9d9-ddb5-4fa4-a97d-d965ccfc6d4b" outcome="NotExecuted" testListId="8c84fa94-04c1-424b-9868-57a2d4851a1d" relativeResultsDirectory="944a5c32-b578-4c40-857d-1d42ad70232c">
      <Output>
        <StdOut>Test skipped because TestProjects.Spector.Tests.Http._Type.Property.AdditionalProperties.DifferentSpreadStringDerivedTests.RoundTripWithModelInterfaceNonGenericJson is currently a stubbed implementation.</StdOut>
        <ErrorInfo>
          <Message>Test skipped because TestProjects.Spector.Tests.Http._Type.Property.AdditionalProperties.DifferentSpreadStringDerivedTests.RoundTripWithModelInterfaceNonGenericJson is currently a stubbed implementation.</Message>
        </ErrorInfo>
      </Output>
    </UnitTestResult>
    <UnitTestResult executionId="7e788456-0f37-4f9a-a9a4-5bad72551288" testId="76a1cbbb-7b96-c57b-5f6f-d0ecbfc78e28" testName="GetFixedEnum" computerName="pkrvmxyh4eaekms" duration="00:00:00.0000010" startTime="2025-06-24T21:13:51.5395625+00:00" endTime="2025-06-24T21:13:51.5395639+00:00" testType="13cdc9d9-ddb5-4fa4-a97d-d965ccfc6d4b" outcome="NotExecuted" testListId="8c84fa94-04c1-424b-9868-57a2d4851a1d" relativeResultsDirectory="7e788456-0f37-4f9a-a9a4-5bad72551288">
      <Output>
        <StdOut>Test skipped because TestProjects.Spector.Tests.Http._Type.Model.Inheritance.EnumDiscriminator.EnumDiscriminatorTests.GetFixedEnum is currently a stubbed implementation.</StdOut>
        <ErrorInfo>
          <Message>Test skipped because TestProjects.Spector.Tests.Http._Type.Model.Inheritance.EnumDiscriminator.EnumDiscriminatorTests.GetFixedEnum is currently a stubbed implementation.</Message>
        </ErrorInfo>
      </Output>
    </UnitTestResult>
    <UnitTestResult executionId="72a00c6e-5593-4932-8d6d-a17444692eee" testId="b6d724e3-90e6-e4c7-e5ca-f8b21fc53c9a" testName="RenamedFour" computerName="pkrvmxyh4eaekms" duration="00:00:00.0000020" startTime="2025-06-24T21:13:51.5662368+00:00" endTime="2025-06-24T21:13:51.5662388+00:00" testType="13cdc9d9-ddb5-4fa4-a97d-d965ccfc6d4b" outcome="NotExecuted" testListId="8c84fa94-04c1-424b-9868-57a2d4851a1d" relativeResultsDirectory="72a00c6e-5593-4932-8d6d-a17444692eee">
      <Output>
        <StdOut>Test skipped because TestProjects.Spector.Tests.Http.Client.Structure.MultiClient.MultiClientTests.RenamedFour is currently a stubbed implementation.</StdOut>
        <ErrorInfo>
          <Message>Test skipped because TestProjects.Spector.Tests.Http.Client.Structure.MultiClient.MultiClientTests.RenamedFour is currently a stubbed implementation.</Message>
        </ErrorInfo>
      </Output>
    </UnitTestResult>
    <UnitTestResult executionId="8f744ba3-6616-4b2c-bdfd-073f3f18a805" testId="90a0b11e-51a0-a0f7-75a3-0d98de21fc8d" testName="InInterface" computerName="pkrvmxyh4eaekms" duration="00:00:00.0000030" startTime="2025-06-24T21:13:51.6255132+00:00" endTime="2025-06-24T21:13:51.6255157+00:00" testType="13cdc9d9-ddb5-4fa4-a97d-d965ccfc6d4b" outcome="NotExecuted" testListId="8c84fa94-04c1-424b-9868-57a2d4851a1d" relativeResultsDirectory="8f744ba3-6616-4b2c-bdfd-073f3f18a805">
      <Output>
        <StdOut>Test skipped because TestProjects.Spector.Tests.Http.Routes.PathParameterTests.InInterface is currently a stubbed implementation.</StdOut>
        <ErrorInfo>
          <Message>Test skipped because TestProjects.Spector.Tests.Http.Routes.PathParameterTests.InInterface is currently a stubbed implementation.</Message>
        </ErrorInfo>
      </Output>
    </UnitTestResult>
    <UnitTestResult executionId="8f1dce3f-3059-4532-adea-23bd20a7ec8b" testId="69175da1-56f0-0efc-874c-3aae3f450970" testName="ThrowsIfUnknownFormat" computerName="pkrvmxyh4eaekms" duration="00:00:00.0000010" startTime="2025-06-24T21:13:51.5406446+00:00" endTime="2025-06-24T21:13:51.5406458+00:00" testType="13cdc9d9-ddb5-4fa4-a97d-d965ccfc6d4b" outcome="NotExecuted" testListId="8c84fa94-04c1-424b-9868-57a2d4851a1d" relativeResultsDirectory="8f1dce3f-3059-4532-adea-23bd20a7ec8b">
      <Output>
        <StdOut>Test skipped because TestProjects.Spector.Tests.Http._Type.Model.Inheritance.SingleDiscriminator.EagleTests.ThrowsIfUnknownFormat is currently a stubbed implementation.</StdOut>
        <ErrorInfo>
          <Message>Test skipped because TestProjects.Spector.Tests.Http._Type.Model.Inheritance.SingleDiscriminator.EagleTests.ThrowsIfUnknownFormat is currently a stubbed implementation.</Message>
        </ErrorInfo>
      </Output>
    </UnitTestResult>
    <UnitTestResult executionId="e20dd1f2-f57f-440d-a6e3-8dc957f9d89e" testId="ba6ab45b-2e58-4828-72b7-4a7dfbc617a4" testName="VerifyMethods" computerName="pkrvmxyh4eaekms" duration="00:00:00.0026549" startTime="2025-06-24T21:13:51.5662778+00:00" endTime="2025-06-24T21:13:51.5689325+00:00" testType="13cdc9d9-ddb5-4fa4-a97d-d965ccfc6d4b" outcome="Passed" testListId="8c84fa94-04c1-424b-9868-57a2d4851a1d" relativeResultsDirectory="e20dd1f2-f57f-440d-a6e3-8dc957f9d89e" />
    <UnitTestResult executionId="0a905ac4-7c61-46a3-8821-453986f15ca7" testId="0631c2c8-a454-06fd-7c37-2185f9a99e6b" testName="UnionFloatLiteralPutAll" computerName="pkrvmxyh4eaekms" duration="00:00:00.0000010" startTime="2025-06-24T21:13:51.5431765+00:00" endTime="2025-06-24T21:13:51.5431776+00:00" testType="13cdc9d9-ddb5-4fa4-a97d-d965ccfc6d4b" outcome="NotExecuted" testListId="8c84fa94-04c1-424b-9868-57a2d4851a1d" relativeResultsDirectory="0a905ac4-7c61-46a3-8821-453986f15ca7">
      <Output>
        <StdOut>Test skipped because TestProjects.Spector.Tests.Http._Type.Property.Optionality.OptionalityTests.UnionFloatLiteralPutAll is currently a stubbed implementation.</StdOut>
        <ErrorInfo>
          <Message>Test skipped because TestProjects.Spector.Tests.Http._Type.Property.Optionality.OptionalityTests.UnionFloatLiteralPutAll is currently a stubbed implementation.</Message>
        </ErrorInfo>
      </Output>
    </UnitTestResult>
    <UnitTestResult executionId="bf62ca3c-63ff-4134-ac05-b71c74501d16" testId="5bacd78c-ca4c-fcf2-91b1-2fdd8c66bd49" testName="WithoutApiVersion" computerName="pkrvmxyh4eaekms" duration="00:00:00.0000060" startTime="2025-06-24T21:13:51.6274690+00:00" endTime="2025-06-24T21:13:51.6274749+00:00" testType="13cdc9d9-ddb5-4fa4-a97d-d965ccfc6d4b" outcome="NotExecuted" testListId="8c84fa94-04c1-424b-9868-57a2d4851a1d" relativeResultsDirectory="bf62ca3c-63ff-4134-ac05-b71c74501d16">
      <Output>
        <StdOut>Test skipped because TestProjects.Spector.Tests.Http.Server.Versions.Versioned.VersionedTests.WithoutApiVersion is currently a stubbed implementation.</StdOut>
        <ErrorInfo>
          <Message>Test skipped because TestProjects.Spector.Tests.Http.Server.Versions.Versioned.VersionedTests.WithoutApiVersion is currently a stubbed implementation.</Message>
        </ErrorInfo>
      </Output>
    </UnitTestResult>
    <UnitTestResult executionId="71b6d7ca-0206-4acf-927a-953cab32e81d" testId="ad7ae205-b718-725b-0209-4f927f2fb27e" testName="DecimalTypeRequestParameter" computerName="pkrvmxyh4eaekms" duration="00:00:00.0000010" startTime="2025-06-24T21:13:51.5439866+00:00" endTime="2025-06-24T21:13:51.5439879+00:00" testType="13cdc9d9-ddb5-4fa4-a97d-d965ccfc6d4b" outcome="NotExecuted" testListId="8c84fa94-04c1-424b-9868-57a2d4851a1d" relativeResultsDirectory="71b6d7ca-0206-4acf-927a-953cab32e81d">
      <Output>
        <StdOut>Test skipped because TestProjects.Spector.Tests.Http._Type.Scalar.ScalarTests.DecimalTypeRequestParameter is currently a stubbed implementation.</StdOut>
        <ErrorInfo>
          <Message>Test skipped because TestProjects.Spector.Tests.Http._Type.Scalar.ScalarTests.DecimalTypeRequestParameter is currently a stubbed implementation.</Message>
        </ErrorInfo>
      </Output>
    </UnitTestResult>
    <UnitTestResult executionId="91787971-fe94-44be-b0a0-f13845e8892f" testId="9327744f-7a74-0a38-2242-7f2cabff18a8" testName="OperationsYieldAsync" computerName="pkrvmxyh4eaekms" duration="00:00:00.0000020" startTime="2025-06-24T21:13:51.6329805+00:00" endTime="2025-06-24T21:13:51.6329827+00:00" testType="13cdc9d9-ddb5-4fa4-a97d-d965ccfc6d4b" outcome="NotExecuted" testListId="8c84fa94-04c1-424b-9868-57a2d4851a1d" relativeResultsDirectory="91787971-fe94-44be-b0a0-f13845e8892f">
      <Output>
        <StdOut>Test skipped because TestProjects.Spector.Tests.Http.SpecialWords.SpecialWordsTests.OperationsYieldAsync is currently a stubbed implementation.</StdOut>
        <ErrorInfo>
          <Message>Test skipped because TestProjects.Spector.Tests.Http.SpecialWords.SpecialWordsTests.OperationsYieldAsync is currently a stubbed implementation.</Message>
        </ErrorInfo>
      </Output>
    </UnitTestResult>
    <UnitTestResult executionId="4d892b38-dac1-4fde-919b-efe572d21798" testId="7f3ceecd-496d-66aa-7ce5-730554894094" testName="GetWrongDiscriminator" computerName="pkrvmxyh4eaekms" duration="00:00:00.0000010" startTime="2025-06-24T21:13:51.5397598+00:00" endTime="2025-06-24T21:13:51.5397610+00:00" testType="13cdc9d9-ddb5-4fa4-a97d-d965ccfc6d4b" outcome="NotExecuted" testListId="8c84fa94-04c1-424b-9868-57a2d4851a1d" relativeResultsDirectory="4d892b38-dac1-4fde-919b-efe572d21798">
      <Output>
        <StdOut>Test skipped because TestProjects.Spector.Tests.Http._Type.Model.Inheritance.NestedDiscriminator.NestedDiscriminatorTests.GetWrongDiscriminator is currently a stubbed implementation.</StdOut>
        <ErrorInfo>
          <Message>Test skipped because TestProjects.Spector.Tests.Http._Type.Model.Inheritance.NestedDiscriminator.NestedDiscriminatorTests.GetWrongDiscriminator is currently a stubbed implementation.</Message>
        </ErrorInfo>
      </Output>
    </UnitTestResult>
    <UnitTestResult executionId="33d33b49-e884-4bc4-b35e-00756f9e652d" testId="bd263f7c-e3d3-c392-da4c-744301b7cf12" testName="RoundTripWithJsonInterfaceOfTWire" computerName="pkrvmxyh4eaekms" duration="00:00:00.0000010" startTime="2025-06-24T21:13:51.5419278+00:00" endTime="2025-06-24T21:13:51.5419290+00:00" testType="13cdc9d9-ddb5-4fa4-a97d-d965ccfc6d4b" outcome="NotExecuted" testListId="8c84fa94-04c1-424b-9868-57a2d4851a1d" relativeResultsDirectory="33d33b49-e884-4bc4-b35e-00756f9e652d">
      <Output>
        <StdOut>Test skipped because TestProjects.Spector.Tests.Http._Type.Property.AdditionalProperties.DifferentSpreadStringDerivedTests.RoundTripWithJsonInterfaceOfTWire is currently a stubbed implementation.</StdOut>
        <ErrorInfo>
          <Message>Test skipped because TestProjects.Spector.Tests.Http._Type.Property.AdditionalProperties.DifferentSpreadStringDerivedTests.RoundTripWithJsonInterfaceOfTWire is currently a stubbed implementation.</Message>
        </ErrorInfo>
      </Output>
    </UnitTestResult>
    <UnitTestResult executionId="3305672a-eac9-4c28-8e3b-0dc2ac483312" testId="d2cb7b36-d9a8-af97-5793-c6193fcf131f" testName="ModelsWithLambdaAsync" computerName="pkrvmxyh4eaekms" duration="00:00:00.0000020" startTime="2025-06-24T21:13:51.6326007+00:00" endTime="2025-06-24T21:13:51.6326027+00:00" testType="13cdc9d9-ddb5-4fa4-a97d-d965ccfc6d4b" outcome="NotExecuted" testListId="8c84fa94-04c1-424b-9868-57a2d4851a1d" relativeResultsDirectory="3305672a-eac9-4c28-8e3b-0dc2ac483312">
      <Output>
        <StdOut>Test skipped because TestProjects.Spector.Tests.Http.SpecialWords.SpecialWordsTests.ModelsWithLambdaAsync is currently a stubbed implementation.</StdOut>
        <ErrorInfo>
          <Message>Test skipped because TestProjects.Spector.Tests.Http.SpecialWords.SpecialWordsTests.ModelsWithLambdaAsync is currently a stubbed implementation.</Message>
        </ErrorInfo>
      </Output>
    </UnitTestResult>
    <UnitTestResult executionId="7907c2cd-09ea-41d4-9fd0-bf9d672adc75" testId="ebee9ea3-9663-804a-18c0-77562627001c" testName="PropertyUnixTimestamp" computerName="pkrvmxyh4eaekms" duration="00:00:00.0000020" startTime="2025-06-24T21:13:51.5882378+00:00" endTime="2025-06-24T21:13:51.5882397+00:00" testType="13cdc9d9-ddb5-4fa4-a97d-d965ccfc6d4b" outcome="NotExecuted" testListId="8c84fa94-04c1-424b-9868-57a2d4851a1d" relativeResultsDirectory="7907c2cd-09ea-41d4-9fd0-bf9d672adc75">
      <Output>
        <StdOut>Test skipped because TestProjects.Spector.Tests.Http.Encode.Datetime.DateTimeTests.PropertyUnixTimestamp is currently a stubbed implementation.</StdOut>
        <ErrorInfo>
          <Message>Test skipped because TestProjects.Spector.Tests.Http.Encode.Datetime.DateTimeTests.PropertyUnixTimestamp is currently a stubbed implementation.</Message>
        </ErrorInfo>
      </Output>
    </UnitTestResult>
    <UnitTestResult executionId="01e1a528-ecdd-4829-9f38-2c5d1a35afd7" testId="ac685e7a-25ef-68b5-6ead-87af322f44b1" testName="Int32ValueGet" computerName="pkrvmxyh4eaekms" duration="00:00:00.0000010" startTime="2025-06-24T21:13:51.5358027+00:00" endTime="2025-06-24T21:13:51.5358039+00:00" testType="13cdc9d9-ddb5-4fa4-a97d-d965ccfc6d4b" outcome="NotExecuted" testListId="8c84fa94-04c1-424b-9868-57a2d4851a1d" relativeResultsDirectory="01e1a528-ecdd-4829-9f38-2c5d1a35afd7">
      <Output>
        <StdOut>Test skipped because TestProjects.Spector.Tests.Http._Type._Array.ArrayTests.Int32ValueGet is currently a stubbed implementation.</StdOut>
        <ErrorInfo>
          <Message>Test skipped because TestProjects.Spector.Tests.Http._Type._Array.ArrayTests.Int32ValueGet is currently a stubbed implementation.</Message>
        </ErrorInfo>
      </Output>
    </UnitTestResult>
    <UnitTestResult executionId="8b97ac6d-b2df-49dd-be59-f01037b3b29e" testId="2beb1f94-dc0b-ee16-146d-8c37a7fdfdff" testName="JsonPart" computerName="pkrvmxyh4eaekms" duration="00:00:00.0004300" startTime="2025-06-24T21:13:51.6237152+00:00" endTime="2025-06-24T21:13:51.6241456+00:00" testType="13cdc9d9-ddb5-4fa4-a97d-d965ccfc6d4b" outcome="Failed" testListId="8c84fa94-04c1-424b-9868-57a2d4851a1d" relativeResultsDirectory="8b97ac6d-b2df-49dd-be59-f01037b3b29e">
      <Output>
        <ErrorInfo>
          <Message>OneTimeSetUp: System.InvalidOperationException : Cannot find 'node_modules' in parent directories of /home/runner/work/typespec/typespec/packages/http-client-csharp/generator/artifacts/bin/TestProjects.Spector.Tests/Debug/net8.0/TestProjects.Spector.Tests.dll.</Message>
          <StackTrace>
</StackTrace>
        </ErrorInfo>
      </Output>
    </UnitTestResult>
    <UnitTestResult executionId="ce01cc66-1cf0-457a-85e4-eea4a3dd3988" testId="5d40e5fd-716a-6919-7151-81d30b0ae341" testName="LabelExpansionPrimitive" computerName="pkrvmxyh4eaekms" duration="00:00:00.0000020" startTime="2025-06-24T21:13:51.6255587+00:00" endTime="2025-06-24T21:13:51.6255605+00:00" testType="13cdc9d9-ddb5-4fa4-a97d-d965ccfc6d4b" outcome="NotExecuted" testListId="8c84fa94-04c1-424b-9868-57a2d4851a1d" relativeResultsDirectory="ce01cc66-1cf0-457a-85e4-eea4a3dd3988">
      <Output>
        <StdOut>https://github.com/Azure/cadl-ranch/issues/772</StdOut>
        <ErrorInfo>
          <Message>https://github.com/Azure/cadl-ranch/issues/772</Message>
        </ErrorInfo>
      </Output>
    </UnitTestResult>
    <UnitTestResult executionId="ba2fde8c-344d-4723-ba5f-96dbcce93025" testId="caf29afa-94ee-4d9e-314b-7369c1f91e6f" testName="DatetimeValuePut" computerName="pkrvmxyh4eaekms" duration="00:00:00.0000010" startTime="2025-06-24T21:13:51.5390861+00:00" endTime="2025-06-24T21:13:51.5390873+00:00" testType="13cdc9d9-ddb5-4fa4-a97d-d965ccfc6d4b" outcome="NotExecuted" testListId="8c84fa94-04c1-424b-9868-57a2d4851a1d" relativeResultsDirectory="ba2fde8c-344d-4723-ba5f-96dbcce93025">
      <Output>
        <StdOut>Test skipped because TestProjects.Spector.Tests.Http._Type.Dictionary.DictionaryTests.DatetimeValuePut is currently a stubbed implementation.</StdOut>
        <ErrorInfo>
          <Message>Test skipped because TestProjects.Spector.Tests.Http._Type.Dictionary.DictionaryTests.DatetimeValuePut is currently a stubbed implementation.</Message>
        </ErrorInfo>
      </Output>
    </UnitTestResult>
    <UnitTestResult executionId="5fc9b4be-6f44-4837-9f66-413b002fad16" testId="9ad2e5bc-43c1-6cda-62dc-0abca1831792" testName="LabelExpansionExplodePrimitive" computerName="pkrvmxyh4eaekms" duration="00:00:00.0000020" startTime="2025-06-24T21:13:51.6255412+00:00" endTime="2025-06-24T21:13:51.6255430+00:00" testType="13cdc9d9-ddb5-4fa4-a97d-d965ccfc6d4b" outcome="NotExecuted" testListId="8c84fa94-04c1-424b-9868-57a2d4851a1d" relativeResultsDirectory="5fc9b4be-6f44-4837-9f66-413b002fad16">
      <Output>
        <StdOut>https://github.com/Azure/cadl-ranch/issues/772</StdOut>
        <ErrorInfo>
          <Message>https://github.com/Azure/cadl-ranch/issues/772</Message>
        </ErrorInfo>
      </Output>
    </UnitTestResult>
    <UnitTestResult executionId="8673619e-be76-4885-b48b-36d6d40ad422" testId="fd89c7b5-0f3f-a8ce-f085-9300016d6e91" testName="Decimal128VerifyPrepareVerify" computerName="pkrvmxyh4eaekms" duration="00:00:00.0000010" startTime="2025-06-24T21:13:51.5439690+00:00" endTime="2025-06-24T21:13:51.5439703+00:00" testType="13cdc9d9-ddb5-4fa4-a97d-d965ccfc6d4b" outcome="NotExecuted" testListId="8c84fa94-04c1-424b-9868-57a2d4851a1d" relativeResultsDirectory="8673619e-be76-4885-b48b-36d6d40ad422">
      <Output>
        <StdOut>Test skipped because TestProjects.Spector.Tests.Http._Type.Scalar.ScalarTests.Decimal128VerifyPrepareVerify is currently a stubbed implementation.</StdOut>
        <ErrorInfo>
          <Message>Test skipped because TestProjects.Spector.Tests.Http._Type.Scalar.ScalarTests.Decimal128VerifyPrepareVerify is currently a stubbed implementation.</Message>
        </ErrorInfo>
      </Output>
    </UnitTestResult>
    <UnitTestResult executionId="41b39be4-ba8a-4829-8e1a-079a9488fe77" testId="3833d072-e84d-0f25-deeb-d2aee95c49ea" testName="PropertyRfc3339" computerName="pkrvmxyh4eaekms" duration="00:00:00.0000020" startTime="2025-06-24T21:13:51.5882194+00:00" endTime="2025-06-24T21:13:51.5882213+00:00" testType="13cdc9d9-ddb5-4fa4-a97d-d965ccfc6d4b" outcome="NotExecuted" testListId="8c84fa94-04c1-424b-9868-57a2d4851a1d" relativeResultsDirectory="41b39be4-ba8a-4829-8e1a-079a9488fe77">
      <Output>
        <StdOut>Test skipped because TestProjects.Spector.Tests.Http.Encode.Datetime.DateTimeTests.PropertyRfc3339 is currently a stubbed implementation.</StdOut>
        <ErrorInfo>
          <Message>Test skipped because TestProjects.Spector.Tests.Http.Encode.Datetime.DateTimeTests.PropertyRfc3339 is currently a stubbed implementation.</Message>
        </ErrorInfo>
      </Output>
    </UnitTestResult>
    <UnitTestResult executionId="fd276c9f-62da-48ef-ba4a-46bbf28b7d32" testId="4f38be7c-b654-41ba-9f62-fd933d74b138" testName="OperationsExecAsync" computerName="pkrvmxyh4eaekms" duration="00:00:00.0000020" startTime="2025-06-24T21:13:51.6328187+00:00" endTime="2025-06-24T21:13:51.6328207+00:00" testType="13cdc9d9-ddb5-4fa4-a97d-d965ccfc6d4b" outcome="NotExecuted" testListId="8c84fa94-04c1-424b-9868-57a2d4851a1d" relativeResultsDirectory="fd276c9f-62da-48ef-ba4a-46bbf28b7d32">
      <Output>
        <StdOut>Test skipped because TestProjects.Spector.Tests.Http.SpecialWords.SpecialWordsTests.OperationsExecAsync is currently a stubbed implementation.</StdOut>
        <ErrorInfo>
          <Message>Test skipped because TestProjects.Spector.Tests.Http.SpecialWords.SpecialWordsTests.OperationsExecAsync is currently a stubbed implementation.</Message>
        </ErrorInfo>
      </Output>
    </UnitTestResult>
    <UnitTestResult executionId="1c918504-e2b7-4256-bfa2-2160f76da0c1" testId="9be91aed-9e84-1d24-bd96-d45341d4b71f" testName="UnknownGet" computerName="pkrvmxyh4eaekms" duration="00:00:00.0000020" startTime="2025-06-24T21:13:51.5440255+00:00" endTime="2025-06-24T21:13:51.5440275+00:00" testType="13cdc9d9-ddb5-4fa4-a97d-d965ccfc6d4b" outcome="NotExecuted" testListId="8c84fa94-04c1-424b-9868-57a2d4851a1d" relativeResultsDirectory="1c918504-e2b7-4256-bfa2-2160f76da0c1">
      <Output>
        <StdOut>Test skipped because TestProjects.Spector.Tests.Http._Type.Scalar.ScalarTests.UnknownGet is currently a stubbed implementation.</StdOut>
        <ErrorInfo>
          <Message>Test skipped because TestProjects.Spector.Tests.Http._Type.Scalar.ScalarTests.UnknownGet is currently a stubbed implementation.</Message>
        </ErrorInfo>
      </Output>
    </UnitTestResult>
    <UnitTestResult executionId="bec92cd6-1be1-475d-9f99-8167cca0b6b3" testId="d9a83f8d-ab40-7e2a-7b92-507a40ebac6d" testName="AddOptionalParamFromNone_V1Client_V2Service_WithApiVersionV1" computerName="pkrvmxyh4eaekms" duration="00:00:00.0000020" startTime="2025-06-24T21:13:51.6248221+00:00" endTime="2025-06-24T21:13:51.6248242+00:00" testType="13cdc9d9-ddb5-4fa4-a97d-d965ccfc6d4b" outcome="NotExecuted" testListId="8c84fa94-04c1-424b-9868-57a2d4851a1d" relativeResultsDirectory="bec92cd6-1be1-475d-9f99-8167cca0b6b3">
      <Output>
        <StdOut>Test skipped because TestProjects.Spector.Tests.Http.Resiliency.SrvDriven.V1.SrvDrivenV1Tests.AddOptionalParamFromNone_V1Client_V2Service_WithApiVersionV1 is currently a stubbed implementation.</StdOut>
        <ErrorInfo>
          <Message>Test skipped because TestProjects.Spector.Tests.Http.Resiliency.SrvDriven.V1.SrvDrivenV1Tests.AddOptionalParamFromNone_V1Client_V2Service_WithApiVersionV1 is currently a stubbed implementation.</Message>
        </ErrorInfo>
      </Output>
    </UnitTestResult>
    <UnitTestResult executionId="900c282f-68b3-4909-b582-95a935ebd09d" testId="15af17fa-70f1-0652-70a1-6269a53f1e4b" testName="ExtendsModelArrayGet" computerName="pkrvmxyh4eaekms" duration="00:00:00.0000010" startTime="2025-06-24T21:13:51.5414179+00:00" endTime="2025-06-24T21:13:51.5414192+00:00" testType="13cdc9d9-ddb5-4fa4-a97d-d965ccfc6d4b" outcome="NotExecuted" testListId="8c84fa94-04c1-424b-9868-57a2d4851a1d" relativeResultsDirectory="900c282f-68b3-4909-b582-95a935ebd09d">
      <Output>
        <StdOut>Test skipped because TestProjects.Spector.Tests.Http._Type.Property.AdditionalProperties.AdditionalPropertiesTests.ExtendsModelArrayGet is currently a stubbed implementation.</StdOut>
        <ErrorInfo>
          <Message>Test skipped because TestProjects.Spector.Tests.Http._Type.Property.AdditionalProperties.AdditionalPropertiesTests.ExtendsModelArrayGet is currently a stubbed implementation.</Message>
        </ErrorInfo>
      </Output>
    </UnitTestResult>
    <UnitTestResult executionId="124ef8ea-cdc4-4254-b342-d708cc470b74" testId="c6d6d899-0a77-5d61-f139-b349a493c70b" testName="DurationGetNonNull" computerName="pkrvmxyh4eaekms" duration="00:00:00.0000010" startTime="2025-06-24T21:13:51.5426305+00:00" endTime="2025-06-24T21:13:51.5426317+00:00" testType="13cdc9d9-ddb5-4fa4-a97d-d965ccfc6d4b" outcome="NotExecuted" testListId="8c84fa94-04c1-424b-9868-57a2d4851a1d" relativeResultsDirectory="124ef8ea-cdc4-4254-b342-d708cc470b74">
      <Output>
        <StdOut>Test skipped because TestProjects.Spector.Tests.Http._Type.Property.Nullable.NullableTests.DurationGetNonNull is currently a stubbed implementation.</StdOut>
        <ErrorInfo>
          <Message>Test skipped because TestProjects.Spector.Tests.Http._Type.Property.Nullable.NullableTests.DurationGetNonNull is currently a stubbed implementation.</Message>
        </ErrorInfo>
      </Output>
    </UnitTestResult>
    <UnitTestResult executionId="842547e7-0017-44fe-8936-e953f40aac5b" testId="34f84800-61fe-8fb2-20e1-3885eeafe62d" testName="IsFloatGet" computerName="pkrvmxyh4eaekms" duration="00:00:00.0000010" startTime="2025-06-24T21:13:51.5414987+00:00" endTime="2025-06-24T21:13:51.5415000+00:00" testType="13cdc9d9-ddb5-4fa4-a97d-d965ccfc6d4b" outcome="NotExecuted" testListId="8c84fa94-04c1-424b-9868-57a2d4851a1d" relativeResultsDirectory="842547e7-0017-44fe-8936-e953f40aac5b">
      <Output>
        <StdOut>Test skipped because TestProjects.Spector.Tests.Http._Type.Property.AdditionalProperties.AdditionalPropertiesTests.IsFloatGet is currently a stubbed implementation.</StdOut>
        <ErrorInfo>
          <Message>Test skipped because TestProjects.Spector.Tests.Http._Type.Property.AdditionalProperties.AdditionalPropertiesTests.IsFloatGet is currently a stubbed implementation.</Message>
        </ErrorInfo>
      </Output>
    </UnitTestResult>
    <UnitTestResult executionId="d099f451-3a50-4d0f-8df5-73b67442d309" testId="709f4647-b846-d48a-81ce-777212ad3730" testName="BytesGetNonNull" computerName="pkrvmxyh4eaekms" duration="00:00:00.0000050" startTime="2025-06-24T21:13:51.5424840+00:00" endTime="2025-06-24T21:13:51.5424889+00:00" testType="13cdc9d9-ddb5-4fa4-a97d-d965ccfc6d4b" outcome="NotExecuted" testListId="8c84fa94-04c1-424b-9868-57a2d4851a1d" relativeResultsDirectory="d099f451-3a50-4d0f-8df5-73b67442d309">
      <Output>
        <StdOut>Test skipped because TestProjects.Spector.Tests.Http._Type.Property.Nullable.NullableTests.BytesGetNonNull is currently a stubbed implementation.</StdOut>
        <ErrorInfo>
          <Message>Test skipped because TestProjects.Spector.Tests.Http._Type.Property.Nullable.NullableTests.BytesGetNonNull is currently a stubbed implementation.</Message>
        </ErrorInfo>
      </Output>
    </UnitTestResult>
    <UnitTestResult executionId="b75b58a1-c4bd-440b-a922-573d683130ad" testId="9451e5db-57bf-ae03-ca19-27f734b757c5" testName="OperationsElseAsync" computerName="pkrvmxyh4eaekms" duration="00:00:00.0000020" startTime="2025-06-24T21:13:51.6328021+00:00" endTime="2025-06-24T21:13:51.6328040+00:00" testType="13cdc9d9-ddb5-4fa4-a97d-d965ccfc6d4b" outcome="NotExecuted" testListId="8c84fa94-04c1-424b-9868-57a2d4851a1d" relativeResultsDirectory="b75b58a1-c4bd-440b-a922-573d683130ad">
      <Output>
        <StdOut>Test skipped because TestProjects.Spector.Tests.Http.SpecialWords.SpecialWordsTests.OperationsElseAsync is currently a stubbed implementation.</StdOut>
        <ErrorInfo>
          <Message>Test skipped because TestProjects.Spector.Tests.Http.SpecialWords.SpecialWordsTests.OperationsElseAsync is currently a stubbed implementation.</Message>
        </ErrorInfo>
      </Output>
    </UnitTestResult>
    <UnitTestResult executionId="a3f73871-8b70-4f1b-9249-56e17824a579" testId="4a551345-f3b8-9807-f1a7-e41a8a073001" testName="SpreadRecordUnionPut" computerName="pkrvmxyh4eaekms" duration="00:00:00.0000010" startTime="2025-06-24T21:13:51.5417297+00:00" endTime="2025-06-24T21:13:51.5417311+00:00" testType="13cdc9d9-ddb5-4fa4-a97d-d965ccfc6d4b" outcome="NotExecuted" testListId="8c84fa94-04c1-424b-9868-57a2d4851a1d" relativeResultsDirectory="a3f73871-8b70-4f1b-9249-56e17824a579">
      <Output>
        <StdOut>Test skipped because TestProjects.Spector.Tests.Http._Type.Property.AdditionalProperties.AdditionalPropertiesTests.SpreadRecordUnionPut is currently a stubbed implementation.</StdOut>
        <ErrorInfo>
          <Message>Test skipped because TestProjects.Spector.Tests.Http._Type.Property.AdditionalProperties.AdditionalPropertiesTests.SpreadRecordUnionPut is currently a stubbed implementation.</Message>
        </ErrorInfo>
      </Output>
    </UnitTestResult>
    <UnitTestResult executionId="77aee128-f392-43f3-9ad8-6a979cabdc6d" testId="a93735cd-087b-dffb-ec6b-1df3d0ecfdf0" testName="Versioning_TypeChangedFrom_Test" computerName="pkrvmxyh4eaekms" duration="00:00:00.0000060" startTime="2025-06-24T21:13:51.6354570+00:00" endTime="2025-06-24T21:13:51.6354629+00:00" testType="13cdc9d9-ddb5-4fa4-a97d-d965ccfc6d4b" outcome="NotExecuted" testListId="8c84fa94-04c1-424b-9868-57a2d4851a1d" relativeResultsDirectory="77aee128-f392-43f3-9ad8-6a979cabdc6d">
      <Output>
        <StdOut>Test skipped because TestProjects.Spector.Tests.Http.Versioning.TypeChangedFrom.V2.VersioningTypeChangedFromTests.Versioning_TypeChangedFrom_Test is currently a stubbed implementation.</StdOut>
        <ErrorInfo>
          <Message>Test skipped because TestProjects.Spector.Tests.Http.Versioning.TypeChangedFrom.V2.VersioningTypeChangedFromTests.Versioning_TypeChangedFrom_Test is currently a stubbed implementation.</Message>
        </ErrorInfo>
      </Output>
    </UnitTestResult>
    <UnitTestResult executionId="95e14116-6831-4c38-aa87-de7255821927" testId="136c1757-a795-3c14-6dcd-f3799de3a980" testName="UnionStringLiteralPutAll" computerName="pkrvmxyh4eaekms" duration="00:00:00.0000010" startTime="2025-06-24T21:13:51.5432327+00:00" endTime="2025-06-24T21:13:51.5432341+00:00" testType="13cdc9d9-ddb5-4fa4-a97d-d965ccfc6d4b" outcome="NotExecuted" testListId="8c84fa94-04c1-424b-9868-57a2d4851a1d" relativeResultsDirectory="95e14116-6831-4c38-aa87-de7255821927">
      <Output>
        <StdOut>Test skipped because TestProjects.Spector.Tests.Http._Type.Property.Optionality.OptionalityTests.UnionStringLiteralPutAll is currently a stubbed implementation.</StdOut>
        <ErrorInfo>
          <Message>Test skipped because TestProjects.Spector.Tests.Http._Type.Property.Optionality.OptionalityTests.UnionStringLiteralPutAll is currently a stubbed implementation.</Message>
        </ErrorInfo>
      </Output>
    </UnitTestResult>
    <UnitTestResult executionId="629d5d4a-077e-457c-ad8e-a0c41b8894cc" testId="80bbb480-f987-81bc-2d62-c405bf3a4975" testName="ModelsWithElifAsync" computerName="pkrvmxyh4eaekms" duration="00:00:00.0000020" startTime="2025-06-24T21:13:51.6324989+00:00" endTime="2025-06-24T21:13:51.6325009+00:00" testType="13cdc9d9-ddb5-4fa4-a97d-d965ccfc6d4b" outcome="NotExecuted" testListId="8c84fa94-04c1-424b-9868-57a2d4851a1d" relativeResultsDirectory="629d5d4a-077e-457c-ad8e-a0c41b8894cc">
      <Output>
        <StdOut>Test skipped because TestProjects.Spector.Tests.Http.SpecialWords.SpecialWordsTests.ModelsWithElifAsync is currently a stubbed implementation.</StdOut>
        <ErrorInfo>
          <Message>Test skipped because TestProjects.Spector.Tests.Http.SpecialWords.SpecialWordsTests.ModelsWithElifAsync is currently a stubbed implementation.</Message>
        </ErrorInfo>
      </Output>
    </UnitTestResult>
    <UnitTestResult executionId="a1ce067f-c425-4f56-b73b-0d686f6eff03" testId="aecd500a-c675-9f7d-29fa-8219d1c56350" testName="ExtendsStringPut" computerName="pkrvmxyh4eaekms" duration="00:00:00.0000020" startTime="2025-06-24T21:13:51.5414562+00:00" endTime="2025-06-24T21:13:51.5414579+00:00" testType="13cdc9d9-ddb5-4fa4-a97d-d965ccfc6d4b" outcome="NotExecuted" testListId="8c84fa94-04c1-424b-9868-57a2d4851a1d" relativeResultsDirectory="a1ce067f-c425-4f56-b73b-0d686f6eff03">
      <Output>
        <StdOut>Test skipped because TestProjects.Spector.Tests.Http._Type.Property.AdditionalProperties.AdditionalPropertiesTests.ExtendsStringPut is currently a stubbed implementation.</StdOut>
        <ErrorInfo>
          <Message>Test skipped because TestProjects.Spector.Tests.Http._Type.Property.AdditionalProperties.AdditionalPropertiesTests.ExtendsStringPut is currently a stubbed implementation.</Message>
        </ErrorInfo>
      </Output>
    </UnitTestResult>
    <UnitTestResult executionId="0959ceec-18c2-4324-b220-9ae0a44d9837" testId="1484bc34-e151-27c5-4599-c83da5534d7a" testName="MultipleSpreadGet" computerName="pkrvmxyh4eaekms" duration="00:00:00.0000010" startTime="2025-06-24T21:13:51.5415899+00:00" endTime="2025-06-24T21:13:51.5415914+00:00" testType="13cdc9d9-ddb5-4fa4-a97d-d965ccfc6d4b" outcome="NotExecuted" testListId="8c84fa94-04c1-424b-9868-57a2d4851a1d" relativeResultsDirectory="0959ceec-18c2-4324-b220-9ae0a44d9837">
      <Output>
        <StdOut>Test skipped because TestProjects.Spector.Tests.Http._Type.Property.AdditionalProperties.AdditionalPropertiesTests.MultipleSpreadGet is currently a stubbed implementation.</StdOut>
        <ErrorInfo>
          <Message>Test skipped because TestProjects.Spector.Tests.Http._Type.Property.AdditionalProperties.AdditionalPropertiesTests.MultipleSpreadGet is currently a stubbed implementation.</Message>
        </ErrorInfo>
      </Output>
    </UnitTestResult>
    <UnitTestResult executionId="c13c9c5b-f531-4307-9616-8689967c50d0" testId="a1657c8e-5edf-1f6f-aaf9-303b27bfaa75" testName="IntLiteralGetDefault" computerName="pkrvmxyh4eaekms" duration="00:00:00.0000010" startTime="2025-06-24T21:13:51.5430133+00:00" endTime="2025-06-24T21:13:51.5430146+00:00" testType="13cdc9d9-ddb5-4fa4-a97d-d965ccfc6d4b" outcome="NotExecuted" testListId="8c84fa94-04c1-424b-9868-57a2d4851a1d" relativeResultsDirectory="c13c9c5b-f531-4307-9616-8689967c50d0">
      <Output>
        <StdOut>Test skipped because TestProjects.Spector.Tests.Http._Type.Property.Optionality.OptionalityTests.IntLiteralGetDefault is currently a stubbed implementation.</StdOut>
        <ErrorInfo>
          <Message>Test skipped because TestProjects.Spector.Tests.Http._Type.Property.Optionality.OptionalityTests.IntLiteralGetDefault is currently a stubbed implementation.</Message>
        </ErrorInfo>
      </Output>
    </UnitTestResult>
    <UnitTestResult executionId="368b04fe-d7d9-428b-9c72-6ce0fad3ea59" testId="028d7453-0d14-13df-ced4-0423fc08f650" testName="ExplicitBodySimple" computerName="pkrvmxyh4eaekms" duration="00:00:00.0000050" startTime="2025-06-24T21:13:51.5891592+00:00" endTime="2025-06-24T21:13:51.5891646+00:00" testType="13cdc9d9-ddb5-4fa4-a97d-d965ccfc6d4b" outcome="NotExecuted" testListId="8c84fa94-04c1-424b-9868-57a2d4851a1d" relativeResultsDirectory="368b04fe-d7d9-428b-9c72-6ce0fad3ea59">
      <Output>
        <StdOut>Test skipped because TestProjects.Spector.Tests.Http.Parameters.Basic.BasicParametersTests.ExplicitBodySimple is currently a stubbed implementation.</StdOut>
        <ErrorInfo>
          <Message>Test skipped because TestProjects.Spector.Tests.Http.Parameters.Basic.BasicParametersTests.ExplicitBodySimple is currently a stubbed implementation.</Message>
        </ErrorInfo>
      </Output>
    </UnitTestResult>
    <UnitTestResult executionId="69dd0c21-e69b-410f-b777-34e17784e44f" testId="0079a8b4-6783-22c6-8645-7240170f1f97" testName="RoundTripWithModelReaderWriterJson" computerName="pkrvmxyh4eaekms" duration="00:00:00.0000010" startTime="2025-06-24T21:13:51.5419967+00:00" endTime="2025-06-24T21:13:51.5419979+00:00" testType="13cdc9d9-ddb5-4fa4-a97d-d965ccfc6d4b" outcome="NotExecuted" testListId="8c84fa94-04c1-424b-9868-57a2d4851a1d" relativeResultsDirectory="69dd0c21-e69b-410f-b777-34e17784e44f">
      <Output>
        <StdOut>Test skipped because TestProjects.Spector.Tests.Http._Type.Property.AdditionalProperties.DifferentSpreadStringDerivedTests.RoundTripWithModelReaderWriterJson is currently a stubbed implementation.</StdOut>
        <ErrorInfo>
          <Message>Test skipped because TestProjects.Spector.Tests.Http._Type.Property.AdditionalProperties.DifferentSpreadStringDerivedTests.RoundTripWithModelReaderWriterJson is currently a stubbed implementation.</Message>
        </ErrorInfo>
      </Output>
    </UnitTestResult>
    <UnitTestResult executionId="6aae3a36-b571-47c3-a0d4-12ab405d2211" testId="68829d0b-bbc7-42eb-7e78-b56d42cf6b38" testName="CollectionsIntPut" computerName="pkrvmxyh4eaekms" duration="00:00:00.0000010" startTime="2025-06-24T21:13:51.5434458+00:00" endTime="2025-06-24T21:13:51.5434469+00:00" testType="13cdc9d9-ddb5-4fa4-a97d-d965ccfc6d4b" outcome="NotExecuted" testListId="8c84fa94-04c1-424b-9868-57a2d4851a1d" relativeResultsDirectory="6aae3a36-b571-47c3-a0d4-12ab405d2211">
      <Output>
        <StdOut>Test skipped because TestProjects.Spector.Tests.Http._Type.Property.ValueTypes.ValueTypesTests.CollectionsIntPut is currently a stubbed implementation.</StdOut>
        <ErrorInfo>
          <Message>Test skipped because TestProjects.Spector.Tests.Http._Type.Property.ValueTypes.ValueTypesTests.CollectionsIntPut is currently a stubbed implementation.</Message>
        </ErrorInfo>
      </Output>
    </UnitTestResult>
    <UnitTestResult executionId="5e3acbec-cbdd-4529-bfe4-bb51d1f3c4ed" testId="ffe44c92-a379-e3e2-463a-5c44f6b8bf08" testName="Invalid" computerName="pkrvmxyh4eaekms" duration="00:00:00.0000050" startTime="2025-06-24T21:13:51.5444533+00:00" endTime="2025-06-24T21:13:51.5444580+00:00" testType="13cdc9d9-ddb5-4fa4-a97d-d965ccfc6d4b" outcome="NotExecuted" testListId="8c84fa94-04c1-424b-9868-57a2d4851a1d" relativeResultsDirectory="5e3acbec-cbdd-4529-bfe4-bb51d1f3c4ed">
      <Output>
        <StdOut>Test skipped because TestProjects.Spector.Tests.Http.Authentication.ApiKey.ApiKeyTests.Invalid is currently a stubbed implementation.</StdOut>
        <ErrorInfo>
          <Message>Test skipped because TestProjects.Spector.Tests.Http.Authentication.ApiKey.ApiKeyTests.Invalid is currently a stubbed implementation.</Message>
        </ErrorInfo>
      </Output>
    </UnitTestResult>
  </Results>
  <TestDefinitions>
    <UnitTest name="DatetimePutAll" storage="/home/runner/work/typespec/typespec/packages/http-client-csharp/generator/artifacts/bin/testprojects.spector.tests/debug/net8.0/testprojects.spector.tests.dll" id="89adbdff-11d9-a072-c166-2a83194bd5e1">
      <Execution id="33807540-b666-404f-8006-bcef07c5d90d" />
      <TestMethod codeBase="/home/runner/work/typespec/typespec/packages/http-client-csharp/generator/artifacts/bin/TestProjects.Spector.Tests/Debug/net8.0/TestProjects.Spector.Tests.dll" adapterTypeName="executor://nunit3testexecutor/" className="TestProjects.Spector.Tests.Http._Type.Property.Optionality.OptionalityTests" name="DatetimePutAll" />
    </UnitTest>
    <UnitTest name="ParametersWithYieldAsync" storage="/home/runner/work/typespec/typespec/packages/http-client-csharp/generator/artifacts/bin/testprojects.spector.tests/debug/net8.0/testprojects.spector.tests.dll" id="b01cb5c9-22d4-2a5a-8aca-b3f2b32961f7">
      <Execution id="b426208e-ae86-4517-a000-618dcc8f3991" />
      <TestMethod codeBase="/home/runner/work/typespec/typespec/packages/http-client-csharp/generator/artifacts/bin/TestProjects.Spector.Tests/Debug/net8.0/TestProjects.Spector.Tests.dll" adapterTypeName="executor://nunit3testexecutor/" className="TestProjects.Spector.Tests.Http.SpecialWords.SpecialWordsTests" name="ParametersWithYieldAsync" />
    </UnitTest>
    <UnitTest name="EnumGet" storage="/home/runner/work/typespec/typespec/packages/http-client-csharp/generator/artifacts/bin/testprojects.spector.tests/debug/net8.0/testprojects.spector.tests.dll" id="7929969f-2067-fdf9-d9da-bec5c1ca9f68">
      <Execution id="ae160dc3-f509-49c0-8d9c-beed0e9ba706" />
      <TestMethod codeBase="/home/runner/work/typespec/typespec/packages/http-client-csharp/generator/artifacts/bin/TestProjects.Spector.Tests/Debug/net8.0/TestProjects.Spector.Tests.dll" adapterTypeName="executor://nunit3testexecutor/" className="TestProjects.Spector.Tests.Http._Type.Property.ValueTypes.ValueTypesTests" name="EnumGet" />
    </UnitTest>
    <UnitTest name="Invalid" storage="/home/runner/work/typespec/typespec/packages/http-client-csharp/generator/artifacts/bin/testprojects.spector.tests/debug/net8.0/testprojects.spector.tests.dll" id="c5d2171e-4a2c-e8cc-bad0-b1c0dd918a1d">
      <Execution id="ce4ddf08-890c-4a4d-ab85-fdd0f7d4325f" />
      <TestMethod codeBase="/home/runner/work/typespec/typespec/packages/http-client-csharp/generator/artifacts/bin/TestProjects.Spector.Tests/Debug/net8.0/TestProjects.Spector.Tests.dll" adapterTypeName="executor://nunit3testexecutor/" className="TestProjects.Spector.Tests.Http.Authentication.Http.Custom.CustomTests" name="Invalid" />
    </UnitTest>
    <UnitTest name="GetExtensibleEnum" storage="/home/runner/work/typespec/typespec/packages/http-client-csharp/generator/artifacts/bin/testprojects.spector.tests/debug/net8.0/testprojects.spector.tests.dll" id="7ea310e6-54a0-f55d-1a3d-51546a2de4db">
      <Execution id="4add9d2d-2bc2-4ebd-bdf7-9615deff2b91" />
      <TestMethod codeBase="/home/runner/work/typespec/typespec/packages/http-client-csharp/generator/artifacts/bin/TestProjects.Spector.Tests/Debug/net8.0/TestProjects.Spector.Tests.dll" adapterTypeName="executor://nunit3testexecutor/" className="TestProjects.Spector.Tests.Http._Type.Model.Inheritance.EnumDiscriminator.EnumDiscriminatorTests" name="GetExtensibleEnum" />
    </UnitTest>
    <UnitTest name="Invalid" storage="/home/runner/work/typespec/typespec/packages/http-client-csharp/generator/artifacts/bin/testprojects.spector.tests/debug/net8.0/testprojects.spector.tests.dll" id="ffe44c92-a379-e3e2-463a-5c44f6b8bf08">
      <Execution id="5e3acbec-cbdd-4529-bfe4-bb51d1f3c4ed" />
      <TestMethod codeBase="/home/runner/work/typespec/typespec/packages/http-client-csharp/generator/artifacts/bin/TestProjects.Spector.Tests/Debug/net8.0/TestProjects.Spector.Tests.dll" adapterTypeName="executor://nunit3testexecutor/" className="TestProjects.Spector.Tests.Http.Authentication.ApiKey.ApiKeyTests" name="Invalid" />
    </UnitTest>
    <UnitTest name="BooleanLiteralPut" storage="/home/runner/work/typespec/typespec/packages/http-client-csharp/generator/artifacts/bin/testprojects.spector.tests/debug/net8.0/testprojects.spector.tests.dll" id="b16039a0-2da7-aa05-f8b1-bdc8b76739d3">
      <Execution id="e7e0089e-295a-40e5-8d52-516aabc1afa3" />
      <TestMethod codeBase="/home/runner/work/typespec/typespec/packages/http-client-csharp/generator/artifacts/bin/TestProjects.Spector.Tests/Debug/net8.0/TestProjects.Spector.Tests.dll" adapterTypeName="executor://nunit3testexecutor/" className="TestProjects.Spector.Tests.Http._Type.Property.ValueTypes.ValueTypesTests" name="BooleanLiteralPut" />
    </UnitTest>
    <UnitTest name="UnionStringLiteralGet" storage="/home/runner/work/typespec/typespec/packages/http-client-csharp/generator/artifacts/bin/testprojects.spector.tests/debug/net8.0/testprojects.spector.tests.dll" id="11591035-e8d7-d997-9138-1e5cd3c3796b">
      <Execution id="89499f5a-416a-4bfc-aa7a-ef1c59144bf2" />
      <TestMethod codeBase="/home/runner/work/typespec/typespec/packages/http-client-csharp/generator/artifacts/bin/TestProjects.Spector.Tests/Debug/net8.0/TestProjects.Spector.Tests.dll" adapterTypeName="executor://nunit3testexecutor/" className="TestProjects.Spector.Tests.Http._Type.Property.ValueTypes.ValueTypesTests" name="UnionStringLiteralGet" />
    </UnitTest>
    <UnitTest name="PropertyDefaultConvenience" storage="/home/runner/work/typespec/typespec/packages/http-client-csharp/generator/artifacts/bin/testprojects.spector.tests/debug/net8.0/testprojects.spector.tests.dll" id="c08e15cd-1526-f74a-43f9-3aa1993f84f8">
      <Execution id="2f00e4f7-63b8-4b9b-952d-52d7dbbce2be" />
      <TestMethod codeBase="/home/runner/work/typespec/typespec/packages/http-client-csharp/generator/artifacts/bin/TestProjects.Spector.Tests/Debug/net8.0/TestProjects.Spector.Tests.dll" adapterTypeName="executor://nunit3testexecutor/" className="TestProjects.Spector.Tests.Http.Encode.Duration.EncodeDurationTests" name="PropertyDefaultConvenience" />
    </UnitTest>
    <UnitTest name="ExtendsModelGet" storage="/home/runner/work/typespec/typespec/packages/http-client-csharp/generator/artifacts/bin/testprojects.spector.tests/debug/net8.0/testprojects.spector.tests.dll" id="9054ae33-ca06-b4c1-6a05-55986caa066f">
      <Execution id="91ff4d33-9385-4ae8-b38f-c3ea9df75a79" />
      <TestMethod codeBase="/home/runner/work/typespec/typespec/packages/http-client-csharp/generator/artifacts/bin/TestProjects.Spector.Tests/Debug/net8.0/TestProjects.Spector.Tests.dll" adapterTypeName="executor://nunit3testexecutor/" className="TestProjects.Spector.Tests.Http._Type.Property.AdditionalProperties.AdditionalPropertiesTests" name="ExtendsModelGet" />
    </UnitTest>
    <UnitTest name="Model_SpreadCompositeRequestMix" storage="/home/runner/work/typespec/typespec/packages/http-client-csharp/generator/artifacts/bin/testprojects.spector.tests/debug/net8.0/testprojects.spector.tests.dll" id="d6427a85-43f2-21ee-b344-8e351b59ad58">
      <Execution id="df51b262-16a4-4261-8127-7ffcfb960c7a" />
      <TestMethod codeBase="/home/runner/work/typespec/typespec/packages/http-client-csharp/generator/artifacts/bin/TestProjects.Spector.Tests/Debug/net8.0/TestProjects.Spector.Tests.dll" adapterTypeName="executor://nunit3testexecutor/" className="TestProjects.Spector.Tests.Http.Parameters.Spread.SpreadTests" name="Model_SpreadCompositeRequestMix" />
    </UnitTest>
    <UnitTest name="SpreadDifferentModelPut" storage="/home/runner/work/typespec/typespec/packages/http-client-csharp/generator/artifacts/bin/testprojects.spector.tests/debug/net8.0/testprojects.spector.tests.dll" id="295ff600-46b5-ffa4-d057-eedf2160e6fd">
      <Execution id="24536ef1-80ec-4a8f-9453-ca072153d453" />
      <TestMethod codeBase="/home/runner/work/typespec/typespec/packages/http-client-csharp/generator/artifacts/bin/TestProjects.Spector.Tests/Debug/net8.0/TestProjects.Spector.Tests.dll" adapterTypeName="executor://nunit3testexecutor/" className="TestProjects.Spector.Tests.Http._Type.Property.AdditionalProperties.AdditionalPropertiesTests" name="SpreadDifferentModelPut" />
    </UnitTest>
    <UnitTest name="QueryExpansionArray" storage="/home/runner/work/typespec/typespec/packages/http-client-csharp/generator/artifacts/bin/testprojects.spector.tests/debug/net8.0/testprojects.spector.tests.dll" id="060624e6-6e79-6e89-8fc1-22a8b77d6ad5">
      <Execution id="cf5db735-f2ce-4ed2-b4be-f95b4d51eed7" />
      <TestMethod codeBase="/home/runner/work/typespec/typespec/packages/http-client-csharp/generator/artifacts/bin/TestProjects.Spector.Tests/Debug/net8.0/TestProjects.Spector.Tests.dll" adapterTypeName="executor://nunit3testexecutor/" className="TestProjects.Spector.Tests.Http.Routes.QueryParameterTests" name="QueryExpansionArray" />
    </UnitTest>
    <UnitTest name="SpreadRecordNonDiscriminatedUnion2Put" storage="/home/runner/work/typespec/typespec/packages/http-client-csharp/generator/artifacts/bin/testprojects.spector.tests/debug/net8.0/testprojects.spector.tests.dll" id="efe4b932-301f-4af1-81a1-3f8276fdd816">
      <Execution id="f8aa5934-ee16-4141-9372-5e488c66e813" />
      <TestMethod codeBase="/home/runner/work/typespec/typespec/packages/http-client-csharp/generator/artifacts/bin/TestProjects.Spector.Tests/Debug/net8.0/TestProjects.Spector.Tests.dll" adapterTypeName="executor://nunit3testexecutor/" className="TestProjects.Spector.Tests.Http._Type.Property.AdditionalProperties.AdditionalPropertiesTests" name="SpreadRecordNonDiscriminatedUnion2Put" />
    </UnitTest>
    <UnitTest name="Alias_SpreadWithModel" storage="/home/runner/work/typespec/typespec/packages/http-client-csharp/generator/artifacts/bin/testprojects.spector.tests/debug/net8.0/testprojects.spector.tests.dll" id="68660fcd-c696-ba66-0b11-22dd75aa8422">
      <Execution id="2b211d88-e9f4-491d-92e2-92c6753c60e9" />
      <TestMethod codeBase="/home/runner/work/typespec/typespec/packages/http-client-csharp/generator/artifacts/bin/TestProjects.Spector.Tests/Debug/net8.0/TestProjects.Spector.Tests.dll" adapterTypeName="executor://nunit3testexecutor/" className="TestProjects.Spector.Tests.Http.Parameters.Spread.SpreadTests" name="Alias_SpreadWithModel" />
    </UnitTest>
    <UnitTest name="AddOptionalParamFromOneOptional_WithApiVersionV1" storage="/home/runner/work/typespec/typespec/packages/http-client-csharp/generator/artifacts/bin/testprojects.spector.tests/debug/net8.0/testprojects.spector.tests.dll" id="2293bdae-d312-0a38-f8a2-722e53483ebd">
      <Execution id="01987d90-ad76-40db-b6f1-aa595ee9597b" />
      <TestMethod codeBase="/home/runner/work/typespec/typespec/packages/http-client-csharp/generator/artifacts/bin/TestProjects.Spector.Tests/Debug/net8.0/TestProjects.Spector.Tests.dll" adapterTypeName="executor://nunit3testexecutor/" className="TestProjects.Spector.Tests.Http.Resiliency.SrvDriven.V2.SrvDrivenV2Tests" name="AddOptionalParamFromOneOptional_WithApiVersionV1" />
    </UnitTest>
    <UnitTest name="DecimalTypeRequestParameter" storage="/home/runner/work/typespec/typespec/packages/http-client-csharp/generator/artifacts/bin/testprojects.spector.tests/debug/net8.0/testprojects.spector.tests.dll" id="ad7ae205-b718-725b-0209-4f927f2fb27e">
      <Execution id="71b6d7ca-0206-4acf-927a-953cab32e81d" />
      <TestMethod codeBase="/home/runner/work/typespec/typespec/packages/http-client-csharp/generator/artifacts/bin/TestProjects.Spector.Tests/Debug/net8.0/TestProjects.Spector.Tests.dll" adapterTypeName="executor://nunit3testexecutor/" className="TestProjects.Spector.Tests.Http._Type.Scalar.ScalarTests" name="DecimalTypeRequestParameter" />
    </UnitTest>
    <UnitTest name="OperationsGlobalAsync" storage="/home/runner/work/typespec/typespec/packages/http-client-csharp/generator/artifacts/bin/testprojects.spector.tests/debug/net8.0/testprojects.spector.tests.dll" id="6b343d85-a9fc-1547-334b-917e19b4cfc6">
      <Execution id="b3c5b9c7-1bd2-45a4-96c9-fb2c643968a3" />
      <TestMethod codeBase="/home/runner/work/typespec/typespec/packages/http-client-csharp/generator/artifacts/bin/TestProjects.Spector.Tests/Debug/net8.0/TestProjects.Spector.Tests.dll" adapterTypeName="executor://nunit3testexecutor/" className="TestProjects.Spector.Tests.Http.SpecialWords.SpecialWordsTests" name="OperationsGlobalAsync" />
    </UnitTest>
    <UnitTest name="SpreadDifferentFloatGet" storage="/home/runner/work/typespec/typespec/packages/http-client-csharp/generator/artifacts/bin/testprojects.spector.tests/debug/net8.0/testprojects.spector.tests.dll" id="949c4488-8ddc-f0bb-c6b3-13fddb2ed12f">
      <Execution id="83125a6b-1cfe-4479-aba9-e18f7fb31b69" />
      <TestMethod codeBase="/home/runner/work/typespec/typespec/packages/http-client-csharp/generator/artifacts/bin/TestProjects.Spector.Tests/Debug/net8.0/TestProjects.Spector.Tests.dll" adapterTypeName="executor://nunit3testexecutor/" className="TestProjects.Spector.Tests.Http._Type.Property.AdditionalProperties.AdditionalPropertiesTests" name="SpreadDifferentFloatGet" />
    </UnitTest>
    <UnitTest name="DurationValuePut" storage="/home/runner/work/typespec/typespec/packages/http-client-csharp/generator/artifacts/bin/testprojects.spector.tests/debug/net8.0/testprojects.spector.tests.dll" id="5155163d-a611-d4a7-3bb7-da05bb3eacbf">
      <Execution id="0a205001-33dd-406f-b15b-cf117dfb8c2f" />
      <TestMethod codeBase="/home/runner/work/typespec/typespec/packages/http-client-csharp/generator/artifacts/bin/TestProjects.Spector.Tests/Debug/net8.0/TestProjects.Spector.Tests.dll" adapterTypeName="executor://nunit3testexecutor/" className="TestProjects.Spector.Tests.Http._Type.Dictionary.DictionaryTests" name="DurationValuePut" />
    </UnitTest>
    <UnitTest name="SpreadRecordNonDiscriminatedUnionGet" storage="/home/runner/work/typespec/typespec/packages/http-client-csharp/generator/artifacts/bin/testprojects.spector.tests/debug/net8.0/testprojects.spector.tests.dll" id="04cde281-0eb7-6ef3-1c71-352937db45e4">
      <Execution id="84ebb295-5fe6-4c93-bdd1-13bdaab3c348" />
      <TestMethod codeBase="/home/runner/work/typespec/typespec/packages/http-client-csharp/generator/artifacts/bin/TestProjects.Spector.Tests/Debug/net8.0/TestProjects.Spector.Tests.dll" adapterTypeName="executor://nunit3testexecutor/" className="TestProjects.Spector.Tests.Http._Type.Property.AdditionalProperties.AdditionalPropertiesTests" name="SpreadRecordNonDiscriminatedUnionGet" />
    </UnitTest>
    <UnitTest name="DatetimeValuePut" storage="/home/runner/work/typespec/typespec/packages/http-client-csharp/generator/artifacts/bin/testprojects.spector.tests/debug/net8.0/testprojects.spector.tests.dll" id="5670c6e2-247f-23a3-bc62-7d446ab9390b">
      <Execution id="0eb182e0-d794-415a-bd75-ff61562d9a10" />
      <TestMethod codeBase="/home/runner/work/typespec/typespec/packages/http-client-csharp/generator/artifacts/bin/TestProjects.Spector.Tests/Debug/net8.0/TestProjects.Spector.Tests.dll" adapterTypeName="executor://nunit3testexecutor/" className="TestProjects.Spector.Tests.Http._Type._Array.ArrayTests" name="DatetimeValuePut" />
    </UnitTest>
    <UnitTest name="Special_Headers_Conditional_Request_PostIfUnmodifiedSince" storage="/home/runner/work/typespec/typespec/packages/http-client-csharp/generator/artifacts/bin/testprojects.spector.tests/debug/net8.0/testprojects.spector.tests.dll" id="2f86363d-a4d4-1800-c72d-48cea3058d8e">
      <Execution id="68f5cb66-5f5c-4581-a68c-a790d146dcb9" />
      <TestMethod codeBase="/home/runner/work/typespec/typespec/packages/http-client-csharp/generator/artifacts/bin/TestProjects.Spector.Tests/Debug/net8.0/TestProjects.Spector.Tests.dll" adapterTypeName="executor://nunit3testexecutor/" className="TestProjects.Spector.Tests.Http.SpecialHeaders.ConditionalRequest.ConditionalRequestHeaderTests" name="Special_Headers_Conditional_Request_PostIfUnmodifiedSince" />
    </UnitTest>
    <UnitTest name="FloatLiteralPut" storage="/home/runner/work/typespec/typespec/packages/http-client-csharp/generator/artifacts/bin/testprojects.spector.tests/debug/net8.0/testprojects.spector.tests.dll" id="2e7408a3-cef0-1987-40df-e8e6dc1cc788">
      <Execution id="2362de4f-e8ae-4673-bd32-19cc5aa28fc4" />
      <TestMethod codeBase="/home/runner/work/typespec/typespec/packages/http-client-csharp/generator/artifacts/bin/TestProjects.Spector.Tests/Debug/net8.0/TestProjects.Spector.Tests.dll" adapterTypeName="executor://nunit3testexecutor/" className="TestProjects.Spector.Tests.Http._Type.Property.ValueTypes.ValueTypesTests" name="FloatLiteralPut" />
    </UnitTest>
    <UnitTest name="ModelPut" storage="/home/runner/work/typespec/typespec/packages/http-client-csharp/generator/artifacts/bin/testprojects.spector.tests/debug/net8.0/testprojects.spector.tests.dll" id="5db8f9a4-a7b7-a775-7925-07d65fdb99b6">
      <Execution id="677a30b2-33ad-4e7a-acb9-e0fd88a74730" />
      <TestMethod codeBase="/home/runner/work/typespec/typespec/packages/http-client-csharp/generator/artifacts/bin/TestProjects.Spector.Tests/Debug/net8.0/TestProjects.Spector.Tests.dll" adapterTypeName="executor://nunit3testexecutor/" className="TestProjects.Spector.Tests.Http._Type.Property.ValueTypes.ValueTypesTests" name="ModelPut" />
    </UnitTest>
    <UnitTest name="ProtocolMethodSync" storage="/home/runner/work/typespec/typespec/packages/http-client-csharp/generator/artifacts/bin/testprojects.spector.tests/debug/net8.0/testprojects.spector.tests.dll" id="2e43ac5c-b4a5-5bae-0d91-948d5cf83a49">
      <Execution id="c261b821-bb48-4c99-bf88-89976a3b3cf6" />
      <TestMethod codeBase="/home/runner/work/typespec/typespec/packages/http-client-csharp/generator/artifacts/bin/TestProjects.Spector.Tests/Debug/net8.0/TestProjects.Spector.Tests.dll" adapterTypeName="executor://nunit3testexecutor/" className="TestProjects.Spector.Tests.Http.Payload.Pageable.NextLinkPaginationTests" name="ProtocolMethodSync" />
    </UnitTest>
    <UnitTest name="OperationsIsAsync" storage="/home/runner/work/typespec/typespec/packages/http-client-csharp/generator/artifacts/bin/testprojects.spector.tests/debug/net8.0/testprojects.spector.tests.dll" id="0626a39a-73db-94b5-466e-6cea975b8e88">
      <Execution id="193efc9c-0819-4eb4-9f57-ab6810b2b092" />
      <TestMethod codeBase="/home/runner/work/typespec/typespec/packages/http-client-csharp/generator/artifacts/bin/TestProjects.Spector.Tests/Debug/net8.0/TestProjects.Spector.Tests.dll" adapterTypeName="executor://nunit3testexecutor/" className="TestProjects.Spector.Tests.Http.SpecialWords.SpecialWordsTests" name="OperationsIsAsync" />
    </UnitTest>
    <UnitTest name="DictionaryStringGet" storage="/home/runner/work/typespec/typespec/packages/http-client-csharp/generator/artifacts/bin/testprojects.spector.tests/debug/net8.0/testprojects.spector.tests.dll" id="54622c98-af52-ea96-9c17-f55ba17866ee">
      <Execution id="3d86ebb5-3bff-481a-8092-0821532ee451" />
      <TestMethod codeBase="/home/runner/work/typespec/typespec/packages/http-client-csharp/generator/artifacts/bin/TestProjects.Spector.Tests/Debug/net8.0/TestProjects.Spector.Tests.dll" adapterTypeName="executor://nunit3testexecutor/" className="TestProjects.Spector.Tests.Http._Type.Property.ValueTypes.ValueTypesTests" name="DictionaryStringGet" />
    </UnitTest>
    <UnitTest name="GetLegacyModel" storage="/home/runner/work/typespec/typespec/packages/http-client-csharp/generator/artifacts/bin/testprojects.spector.tests/debug/net8.0/testprojects.spector.tests.dll" id="a02e8c63-2528-7708-d623-673a48e7b0e4">
      <Execution id="41b0488d-275a-4b13-b55b-c5ed71f77782" />
      <TestMethod codeBase="/home/runner/work/typespec/typespec/packages/http-client-csharp/generator/artifacts/bin/TestProjects.Spector.Tests/Debug/net8.0/TestProjects.Spector.Tests.dll" adapterTypeName="executor://nunit3testexecutor/" className="TestProjects.Spector.Tests.Http._Type.Model.Inheritance.SingleDiscriminator.SingleDiscriminatorTests" name="GetLegacyModel" />
    </UnitTest>
    <UnitTest name="PropertyDefault" storage="/home/runner/work/typespec/typespec/packages/http-client-csharp/generator/artifacts/bin/testprojects.spector.tests/debug/net8.0/testprojects.spector.tests.dll" id="c71aa1e1-be3b-f9c5-5c57-091e4c458610">
      <Execution id="92d5486d-17d3-4a56-9974-f7cdcbec48ea" />
      <TestMethod codeBase="/home/runner/work/typespec/typespec/packages/http-client-csharp/generator/artifacts/bin/TestProjects.Spector.Tests/Debug/net8.0/TestProjects.Spector.Tests.dll" adapterTypeName="executor://nunit3testexecutor/" className="TestProjects.Spector.Tests.Http.Encode.Datetime.DateTimeTests" name="PropertyDefault" />
    </UnitTest>
    <UnitTest name="InInterface" storage="/home/runner/work/typespec/typespec/packages/http-client-csharp/generator/artifacts/bin/testprojects.spector.tests/debug/net8.0/testprojects.spector.tests.dll" id="90a0b11e-51a0-a0f7-75a3-0d98de21fc8d">
      <Execution id="8f744ba3-6616-4b2c-bdfd-073f3f18a805" />
      <TestMethod codeBase="/home/runner/work/typespec/typespec/packages/http-client-csharp/generator/artifacts/bin/TestProjects.Spector.Tests/Debug/net8.0/TestProjects.Spector.Tests.dll" adapterTypeName="executor://nunit3testexecutor/" className="TestProjects.Spector.Tests.Http.Routes.PathParameterTests" name="InInterface" />
    </UnitTest>
    <UnitTest name="RoundTripWithModelInterfaceJson" storage="/home/runner/work/typespec/typespec/packages/http-client-csharp/generator/artifacts/bin/testprojects.spector.tests/debug/net8.0/testprojects.spector.tests.dll" id="dcc7fdac-857e-506e-1727-64ae64e3a82b">
      <Execution id="aa1bcc83-e4af-46e9-87a7-090a0bb66292" />
      <TestMethod codeBase="/home/runner/work/typespec/typespec/packages/http-client-csharp/generator/artifacts/bin/TestProjects.Spector.Tests/Debug/net8.0/TestProjects.Spector.Tests.dll" adapterTypeName="executor://nunit3testexecutor/" className="TestProjects.Spector.Tests.Http._Type.Property.AdditionalProperties.MultipleSpreadRecordTests" name="RoundTripWithModelInterfaceJson" />
    </UnitTest>
    <UnitTest name="DecimalVerifyVerify" storage="/home/runner/work/typespec/typespec/packages/http-client-csharp/generator/artifacts/bin/testprojects.spector.tests/debug/net8.0/testprojects.spector.tests.dll" id="8fb0ae3f-6df1-05e9-1f59-c87282710e99">
      <Execution id="535677c7-148e-437f-a150-736907f65baa" />
      <TestMethod codeBase="/home/runner/work/typespec/typespec/packages/http-client-csharp/generator/artifacts/bin/TestProjects.Spector.Tests/Debug/net8.0/TestProjects.Spector.Tests.dll" adapterTypeName="executor://nunit3testexecutor/" className="TestProjects.Spector.Tests.Http._Type.Scalar.ScalarTests" name="DecimalVerifyVerify" />
    </UnitTest>
    <UnitTest name="DatetimeGetNull" storage="/home/runner/work/typespec/typespec/packages/http-client-csharp/generator/artifacts/bin/testprojects.spector.tests/debug/net8.0/testprojects.spector.tests.dll" id="31d90594-9a86-36d6-b1a3-9b187aa1f500">
      <Execution id="8cf7135a-bbdc-4035-957b-b84418935793" />
      <TestMethod codeBase="/home/runner/work/typespec/typespec/packages/http-client-csharp/generator/artifacts/bin/TestProjects.Spector.Tests/Debug/net8.0/TestProjects.Spector.Tests.dll" adapterTypeName="executor://nunit3testexecutor/" className="TestProjects.Spector.Tests.Http._Type.Property.Nullable.NullableTests" name="DatetimeGetNull" />
    </UnitTest>
    <UnitTest name="NullableModelValuePut" storage="/home/runner/work/typespec/typespec/packages/http-client-csharp/generator/artifacts/bin/testprojects.spector.tests/debug/net8.0/testprojects.spector.tests.dll" id="5664dcc7-d0d2-9619-03a7-997ed3462e4f">
      <Execution id="5db909e4-fd5f-4bbe-874b-17775099dec5" />
      <TestMethod codeBase="/home/runner/work/typespec/typespec/packages/http-client-csharp/generator/artifacts/bin/TestProjects.Spector.Tests/Debug/net8.0/TestProjects.Spector.Tests.dll" adapterTypeName="executor://nunit3testexecutor/" className="TestProjects.Spector.Tests.Http._Type._Array.ArrayTests" name="NullableModelValuePut" />
    </UnitTest>
    <UnitTest name="QueryUnixTimestamp" storage="/home/runner/work/typespec/typespec/packages/http-client-csharp/generator/artifacts/bin/testprojects.spector.tests/debug/net8.0/testprojects.spector.tests.dll" id="3ebb31ab-5f7b-840b-860e-a489a4adf8d2">
      <Execution id="90a12bc1-8028-439d-ab80-8340a9f150d7" />
      <TestMethod codeBase="/home/runner/work/typespec/typespec/packages/http-client-csharp/generator/artifacts/bin/TestProjects.Spector.Tests/Debug/net8.0/TestProjects.Spector.Tests.dll" adapterTypeName="executor://nunit3testexecutor/" className="TestProjects.Spector.Tests.Http.Encode.Datetime.DateTimeTests" name="QueryUnixTimestamp" />
    </UnitTest>
    <UnitTest name="DurationPatchNonNull" storage="/home/runner/work/typespec/typespec/packages/http-client-csharp/generator/artifacts/bin/testprojects.spector.tests/debug/net8.0/testprojects.spector.tests.dll" id="b3997614-9504-fb37-0e8a-091ba77a4676">
      <Execution id="222c5062-15f4-4108-ac1f-41bca0044d4d" />
      <TestMethod codeBase="/home/runner/work/typespec/typespec/packages/http-client-csharp/generator/artifacts/bin/TestProjects.Spector.Tests/Debug/net8.0/TestProjects.Spector.Tests.dll" adapterTypeName="executor://nunit3testexecutor/" className="TestProjects.Spector.Tests.Http._Type.Property.Nullable.NullableTests" name="DurationPatchNonNull" />
    </UnitTest>
    <UnitTest name="GetExtensibleModelWrongDiscriminator" storage="/home/runner/work/typespec/typespec/packages/http-client-csharp/generator/artifacts/bin/testprojects.spector.tests/debug/net8.0/testprojects.spector.tests.dll" id="2df10659-c7a6-d86d-8c56-a96057c20095">
      <Execution id="7f85db9b-7c9d-433a-8da5-076ff5e1ced4" />
      <TestMethod codeBase="/home/runner/work/typespec/typespec/packages/http-client-csharp/generator/artifacts/bin/TestProjects.Spector.Tests/Debug/net8.0/TestProjects.Spector.Tests.dll" adapterTypeName="executor://nunit3testexecutor/" className="TestProjects.Spector.Tests.Http._Type.Model.Inheritance.EnumDiscriminator.EnumDiscriminatorTests" name="GetExtensibleModelWrongDiscriminator" />
    </UnitTest>
    <UnitTest name="IntLiteralGet" storage="/home/runner/work/typespec/typespec/packages/http-client-csharp/generator/artifacts/bin/testprojects.spector.tests/debug/net8.0/testprojects.spector.tests.dll" id="746aa62c-59c1-5e8a-da75-9e4aa7d04e7c">
      <Execution id="e1cb8f31-2ef0-4b93-9e46-ac77783057bb" />
      <TestMethod codeBase="/home/runner/work/typespec/typespec/packages/http-client-csharp/generator/artifacts/bin/TestProjects.Spector.Tests/Debug/net8.0/TestProjects.Spector.Tests.dll" adapterTypeName="executor://nunit3testexecutor/" className="TestProjects.Spector.Tests.Http._Type.Property.ValueTypes.ValueTypesTests" name="IntLiteralGet" />
    </UnitTest>
    <UnitTest name="PutExtensibleEnum" storage="/home/runner/work/typespec/typespec/packages/http-client-csharp/generator/artifacts/bin/testprojects.spector.tests/debug/net8.0/testprojects.spector.tests.dll" id="64a8847b-9530-106c-0bd2-82c8d2aec323">
      <Execution id="9cd04ad7-9ff6-4060-a1bc-92e704402b1f" />
      <TestMethod codeBase="/home/runner/work/typespec/typespec/packages/http-client-csharp/generator/artifacts/bin/TestProjects.Spector.Tests/Debug/net8.0/TestProjects.Spector.Tests.dll" adapterTypeName="executor://nunit3testexecutor/" className="TestProjects.Spector.Tests.Http._Type.Model.Inheritance.EnumDiscriminator.EnumDiscriminatorTests" name="PutExtensibleEnum" />
    </UnitTest>
    <UnitTest name="SendMixedLiteralsOnlyOnly" storage="/home/runner/work/typespec/typespec/packages/http-client-csharp/generator/artifacts/bin/testprojects.spector.tests/debug/net8.0/testprojects.spector.tests.dll" id="2d57f613-4611-bb05-70c2-856c9cce6879">
      <Execution id="b011265b-2f01-41a9-b37a-301a102a4d15" />
      <TestMethod codeBase="/home/runner/work/typespec/typespec/packages/http-client-csharp/generator/artifacts/bin/TestProjects.Spector.Tests/Debug/net8.0/TestProjects.Spector.Tests.dll" adapterTypeName="executor://nunit3testexecutor/" className="TestProjects.Spector.Tests.Http._Type.Union.UnionTests" name="SendMixedLiteralsOnlyOnly" />
    </UnitTest>
    <UnitTest name="OptionalPathParamIncluded(False)" storage="/home/runner/work/typespec/typespec/packages/http-client-csharp/generator/artifacts/bin/testprojects.spector.tests/debug/net8.0/testprojects.spector.tests.dll" id="1d69222c-ad0f-5e57-1abc-660327f8725e">
      <Execution id="20ea41a8-5dd8-4b1b-9ab6-89e8cf428dbc" />
      <TestMethod codeBase="/home/runner/work/typespec/typespec/packages/http-client-csharp/generator/artifacts/bin/TestProjects.Spector.Tests/Debug/net8.0/TestProjects.Spector.Tests.dll" adapterTypeName="executor://nunit3testexecutor/" className="TestProjects.Spector.Tests.Http.Parameters.Path.PathTests" name="OptionalPathParamIncluded(False)" />
    </UnitTest>
    <UnitTest name="IsUnknownDiscriminatedPut" storage="/home/runner/work/typespec/typespec/packages/http-client-csharp/generator/artifacts/bin/testprojects.spector.tests/debug/net8.0/testprojects.spector.tests.dll" id="b9e7b15e-f277-6e8e-cf88-c99b89e138b5">
      <Execution id="93c1761a-20bd-49f3-90b9-b1cd4469d2f2" />
      <TestMethod codeBase="/home/runner/work/typespec/typespec/packages/http-client-csharp/generator/artifacts/bin/TestProjects.Spector.Tests/Debug/net8.0/TestProjects.Spector.Tests.dll" adapterTypeName="executor://nunit3testexecutor/" className="TestProjects.Spector.Tests.Http._Type.Property.AdditionalProperties.AdditionalPropertiesTests" name="IsUnknownDiscriminatedPut" />
    </UnitTest>
    <UnitTest name="TestRemovedMembers" storage="/home/runner/work/typespec/typespec/packages/http-client-csharp/generator/artifacts/bin/testprojects.spector.tests/debug/net8.0/testprojects.spector.tests.dll" id="b33c7869-2bf1-52f3-c346-44f705b431cd">
      <Execution id="af4ee709-a7e7-41c0-9925-eac5547c7e86" />
      <TestMethod codeBase="/home/runner/work/typespec/typespec/packages/http-client-csharp/generator/artifacts/bin/TestProjects.Spector.Tests/Debug/net8.0/TestProjects.Spector.Tests.dll" adapterTypeName="executor://nunit3testexecutor/" className="TestProjects.Spector.Tests.Http.Versioning.Removed.V2.VersioningRemovedV2Tests" name="TestRemovedMembers" />
    </UnitTest>
    <UnitTest name="RenamedThree" storage="/home/runner/work/typespec/typespec/packages/http-client-csharp/generator/artifacts/bin/testprojects.spector.tests/debug/net8.0/testprojects.spector.tests.dll" id="9a426f5e-167f-9b4f-54f0-7ce77fa1cd6b">
      <Execution id="8aa77a6f-d466-4ef2-89a2-8172e7823916" />
      <TestMethod codeBase="/home/runner/work/typespec/typespec/packages/http-client-csharp/generator/artifacts/bin/TestProjects.Spector.Tests/Debug/net8.0/TestProjects.Spector.Tests.dll" adapterTypeName="executor://nunit3testexecutor/" className="TestProjects.Spector.Tests.Http.Client.Structure.RenamedOperation.RenamedOperationTests" name="RenamedThree" />
    </UnitTest>
    <UnitTest name="Client_Structure_default_Five" storage="/home/runner/work/typespec/typespec/packages/http-client-csharp/generator/artifacts/bin/testprojects.spector.tests/debug/net8.0/testprojects.spector.tests.dll" id="206c4e38-3f72-124c-ee03-77cfc410e583">
      <Execution id="fa30f748-a6c5-4a00-b031-1839582601eb" />
      <TestMethod codeBase="/home/runner/work/typespec/typespec/packages/http-client-csharp/generator/artifacts/bin/TestProjects.Spector.Tests/Debug/net8.0/TestProjects.Spector.Tests.dll" adapterTypeName="executor://nunit3testexecutor/" className="TestProjects.Spector.Tests.Http.Client.Structure.Default.DefaultTests" name="Client_Structure_default_Five" />
    </UnitTest>
    <UnitTest name="Client_Structure_default_methods(Client.Structure.Service._Qux.QuxBar,[&quot;Nine&quot;])" storage="/home/runner/work/typespec/typespec/packages/http-client-csharp/generator/artifacts/bin/testprojects.spector.tests/debug/net8.0/testprojects.spector.tests.dll" id="cbe10435-7387-4547-6ff3-0e1d6a2a802e">
      <Execution id="0e371c2b-3eb5-4837-8e3d-9ab4421ae5a0" />
      <TestMethod codeBase="/home/runner/work/typespec/typespec/packages/http-client-csharp/generator/artifacts/bin/TestProjects.Spector.Tests/Debug/net8.0/TestProjects.Spector.Tests.dll" adapterTypeName="executor://nunit3testexecutor/" className="TestProjects.Spector.Tests.Http.Client.Structure.Default.DefaultTests" name="Client_Structure_default_methods(Client.Structure.Service._Qux.QuxBar,[&quot;Nine&quot;])" />
    </UnitTest>
    <UnitTest name="ExtendsUnknownDiscriminatedPut" storage="/home/runner/work/typespec/typespec/packages/http-client-csharp/generator/artifacts/bin/testprojects.spector.tests/debug/net8.0/testprojects.spector.tests.dll" id="3b6ba87f-94ed-684e-2678-7f0fed49ce41">
      <Execution id="43e44dd6-69b6-4dba-b0e7-56c1a89e2888" />
      <TestMethod codeBase="/home/runner/work/typespec/typespec/packages/http-client-csharp/generator/artifacts/bin/TestProjects.Spector.Tests/Debug/net8.0/TestProjects.Spector.Tests.dll" adapterTypeName="executor://nunit3testexecutor/" className="TestProjects.Spector.Tests.Http._Type.Property.AdditionalProperties.AdditionalPropertiesTests" name="ExtendsUnknownDiscriminatedPut" />
    </UnitTest>
    <UnitTest name="RoundTripWithJsonInterfaceOfTWire" storage="/home/runner/work/typespec/typespec/packages/http-client-csharp/generator/artifacts/bin/testprojects.spector.tests/debug/net8.0/testprojects.spector.tests.dll" id="bd263f7c-e3d3-c392-da4c-744301b7cf12">
      <Execution id="33d33b49-e884-4bc4-b35e-00756f9e652d" />
      <TestMethod codeBase="/home/runner/work/typespec/typespec/packages/http-client-csharp/generator/artifacts/bin/TestProjects.Spector.Tests/Debug/net8.0/TestProjects.Spector.Tests.dll" adapterTypeName="executor://nunit3testexecutor/" className="TestProjects.Spector.Tests.Http._Type.Property.AdditionalProperties.DifferentSpreadStringDerivedTests" name="RoundTripWithJsonInterfaceOfTWire" />
    </UnitTest>
    <UnitTest name="ModelsWithNotAsync" storage="/home/runner/work/typespec/typespec/packages/http-client-csharp/generator/artifacts/bin/testprojects.spector.tests/debug/net8.0/testprojects.spector.tests.dll" id="761de924-ec33-8b13-5a31-3a4d4c87d87f">
      <Execution id="260fa1b2-eade-4afe-a786-581433660b7e" />
      <TestMethod codeBase="/home/runner/work/typespec/typespec/packages/http-client-csharp/generator/artifacts/bin/TestProjects.Spector.Tests/Debug/net8.0/TestProjects.Spector.Tests.dll" adapterTypeName="executor://nunit3testexecutor/" className="TestProjects.Spector.Tests.Http.SpecialWords.SpecialWordsTests" name="ModelsWithNotAsync" />
    </UnitTest>
    <UnitTest name="GetFixedModelWrongDiscriminator" storage="/home/runner/work/typespec/typespec/packages/http-client-csharp/generator/artifacts/bin/testprojects.spector.tests/debug/net8.0/testprojects.spector.tests.dll" id="c28a09af-0f00-9030-968c-a8980124e92d">
      <Execution id="061681ec-9b1c-4cb9-aace-0f5e22402ca6" />
      <TestMethod codeBase="/home/runner/work/typespec/typespec/packages/http-client-csharp/generator/artifacts/bin/TestProjects.Spector.Tests/Debug/net8.0/TestProjects.Spector.Tests.dll" adapterTypeName="executor://nunit3testexecutor/" className="TestProjects.Spector.Tests.Http._Type.Model.Inheritance.EnumDiscriminator.EnumDiscriminatorTests" name="GetFixedModelWrongDiscriminator" />
    </UnitTest>
    <UnitTest name="RenamedOne" storage="/home/runner/work/typespec/typespec/packages/http-client-csharp/generator/artifacts/bin/testprojects.spector.tests/debug/net8.0/testprojects.spector.tests.dll" id="a3d42ba6-8091-0d31-6ac2-04b70c444067">
      <Execution id="ace9c77c-1059-4611-81af-05ef7b283892" />
      <TestMethod codeBase="/home/runner/work/typespec/typespec/packages/http-client-csharp/generator/artifacts/bin/TestProjects.Spector.Tests/Debug/net8.0/TestProjects.Spector.Tests.dll" adapterTypeName="executor://nunit3testexecutor/" className="TestProjects.Spector.Tests.Http.Client.Structure.RenamedOperation.RenamedOperationTests" name="RenamedOne" />
    </UnitTest>
    <UnitTest name="Client_Structure_default_Two" storage="/home/runner/work/typespec/typespec/packages/http-client-csharp/generator/artifacts/bin/testprojects.spector.tests/debug/net8.0/testprojects.spector.tests.dll" id="69c508ea-2cca-4212-757a-a5c8428e218c">
      <Execution id="47fcf2aa-5c32-47ce-b09b-45d906d617e3" />
      <TestMethod codeBase="/home/runner/work/typespec/typespec/packages/http-client-csharp/generator/artifacts/bin/TestProjects.Spector.Tests/Debug/net8.0/TestProjects.Spector.Tests.dll" adapterTypeName="executor://nunit3testexecutor/" className="TestProjects.Spector.Tests.Http.Client.Structure.Default.DefaultTests" name="Client_Structure_default_Two" />
    </UnitTest>
    <UnitTest name="Model_SpreadAsRequestBody" storage="/home/runner/work/typespec/typespec/packages/http-client-csharp/generator/artifacts/bin/testprojects.spector.tests/debug/net8.0/testprojects.spector.tests.dll" id="6efe0c80-2555-fc81-92db-2b2b0d17de89">
      <Execution id="8e7c8e6d-e204-499e-922c-27ba7db23673" />
      <TestMethod codeBase="/home/runner/work/typespec/typespec/packages/http-client-csharp/generator/artifacts/bin/TestProjects.Spector.Tests/Debug/net8.0/TestProjects.Spector.Tests.dll" adapterTypeName="executor://nunit3testexecutor/" className="TestProjects.Spector.Tests.Http.Parameters.Spread.SpreadTests" name="Model_SpreadAsRequestBody" />
    </UnitTest>
    <UnitTest name="ParametersWithDelAsync" storage="/home/runner/work/typespec/typespec/packages/http-client-csharp/generator/artifacts/bin/testprojects.spector.tests/debug/net8.0/testprojects.spector.tests.dll" id="5d6ce930-2804-a840-89ee-3361b624ef2e">
      <Execution id="b0a3cf3c-7bdf-4b42-9c72-2ce996b9deae" />
      <TestMethod codeBase="/home/runner/work/typespec/typespec/packages/http-client-csharp/generator/artifacts/bin/TestProjects.Spector.Tests/Debug/net8.0/TestProjects.Spector.Tests.dll" adapterTypeName="executor://nunit3testexecutor/" className="TestProjects.Spector.Tests.Http.SpecialWords.SpecialWordsTests" name="ParametersWithDelAsync" />
    </UnitTest>
    <UnitTest name="ParametersWithAssertAsync" storage="/home/runner/work/typespec/typespec/packages/http-client-csharp/generator/artifacts/bin/testprojects.spector.tests/debug/net8.0/testprojects.spector.tests.dll" id="11784062-63a0-8ef4-2592-94b450fe6db4">
      <Execution id="a483b83f-d96e-4a5a-86d7-07d0474aa7c0" />
      <TestMethod codeBase="/home/runner/work/typespec/typespec/packages/http-client-csharp/generator/artifacts/bin/TestProjects.Spector.Tests/Debug/net8.0/TestProjects.Spector.Tests.dll" adapterTypeName="executor://nunit3testexecutor/" className="TestProjects.Spector.Tests.Http.SpecialWords.SpecialWordsTests" name="ParametersWithAssertAsync" />
    </UnitTest>
    <UnitTest name="OperationsDelAsync" storage="/home/runner/work/typespec/typespec/packages/http-client-csharp/generator/artifacts/bin/testprojects.spector.tests/debug/net8.0/testprojects.spector.tests.dll" id="c7910546-1ef4-6c31-0c19-ab2204f181e7">
      <Execution id="81b33e01-b142-4d74-9e64-8a4b42db83ab" />
      <TestMethod codeBase="/home/runner/work/typespec/typespec/packages/http-client-csharp/generator/artifacts/bin/TestProjects.Spector.Tests/Debug/net8.0/TestProjects.Spector.Tests.dll" adapterTypeName="executor://nunit3testexecutor/" className="TestProjects.Spector.Tests.Http.SpecialWords.SpecialWordsTests" name="OperationsDelAsync" />
    </UnitTest>
    <UnitTest name="BooleanPut" storage="/home/runner/work/typespec/typespec/packages/http-client-csharp/generator/artifacts/bin/testprojects.spector.tests/debug/net8.0/testprojects.spector.tests.dll" id="b694c13a-a619-a414-6d6f-e83e24402d32">
      <Execution id="d7f0b1bf-1c8a-4581-86c7-75e7f3a28ab4" />
      <TestMethod codeBase="/home/runner/work/typespec/typespec/packages/http-client-csharp/generator/artifacts/bin/TestProjects.Spector.Tests/Debug/net8.0/TestProjects.Spector.Tests.dll" adapterTypeName="executor://nunit3testexecutor/" className="TestProjects.Spector.Tests.Http._Type.Property.ValueTypes.ValueTypesTests" name="BooleanPut" />
    </UnitTest>
    <UnitTest name="RequestHeaderResponseBodyProtocolMethod" storage="/home/runner/work/typespec/typespec/packages/http-client-csharp/generator/artifacts/bin/testprojects.spector.tests/debug/net8.0/testprojects.spector.tests.dll" id="48daebb0-593f-2738-a07d-a91d24969abf">
      <Execution id="df612ae3-e905-43e8-8a18-a6f66d0439d2" />
      <TestMethod codeBase="/home/runner/work/typespec/typespec/packages/http-client-csharp/generator/artifacts/bin/TestProjects.Spector.Tests/Debug/net8.0/TestProjects.Spector.Tests.dll" adapterTypeName="executor://nunit3testexecutor/" className="TestProjects.Spector.Tests.Http.Payload.Pageable.ContinuationTokenPaginationTests" name="RequestHeaderResponseBodyProtocolMethod" />
    </UnitTest>
    <UnitTest name="ExplicitBodySimple" storage="/home/runner/work/typespec/typespec/packages/http-client-csharp/generator/artifacts/bin/testprojects.spector.tests/debug/net8.0/testprojects.spector.tests.dll" id="028d7453-0d14-13df-ced4-0423fc08f650">
      <Execution id="368b04fe-d7d9-428b-9c72-6ce0fad3ea59" />
      <TestMethod codeBase="/home/runner/work/typespec/typespec/packages/http-client-csharp/generator/artifacts/bin/TestProjects.Spector.Tests/Debug/net8.0/TestProjects.Spector.Tests.dll" adapterTypeName="executor://nunit3testexecutor/" className="TestProjects.Spector.Tests.Http.Parameters.Basic.BasicParametersTests" name="ExplicitBodySimple" />
    </UnitTest>
    <UnitTest name="RoundTripWithModelReaderWriterNonGenericJson" storage="/home/runner/work/typespec/typespec/packages/http-client-csharp/generator/artifacts/bin/testprojects.spector.tests/debug/net8.0/testprojects.spector.tests.dll" id="bc24cc47-3602-1504-8ee2-a23831c68b20">
      <Execution id="c58a662d-08ef-4583-a611-3872fbefbacf" />
      <TestMethod codeBase="/home/runner/work/typespec/typespec/packages/http-client-csharp/generator/artifacts/bin/TestProjects.Spector.Tests/Debug/net8.0/TestProjects.Spector.Tests.dll" adapterTypeName="executor://nunit3testexecutor/" className="TestProjects.Spector.Tests.Http._Type.Property.AdditionalProperties.MultipleSpreadRecordTests" name="RoundTripWithModelReaderWriterNonGenericJson" />
    </UnitTest>
    <UnitTest name="OperationsDefAsync" storage="/home/runner/work/typespec/typespec/packages/http-client-csharp/generator/artifacts/bin/testprojects.spector.tests/debug/net8.0/testprojects.spector.tests.dll" id="b8626300-65a5-3fa0-adae-bd65ce4711ab">
      <Execution id="06a4c8a2-0663-4444-b7a4-2fba525db0f7" />
      <TestMethod codeBase="/home/runner/work/typespec/typespec/packages/http-client-csharp/generator/artifacts/bin/TestProjects.Spector.Tests/Debug/net8.0/TestProjects.Spector.Tests.dll" adapterTypeName="executor://nunit3testexecutor/" className="TestProjects.Spector.Tests.Http.SpecialWords.SpecialWordsTests" name="OperationsDefAsync" />
    </UnitTest>
    <UnitTest name="SpreadDifferentModelArrayGet" storage="/home/runner/work/typespec/typespec/packages/http-client-csharp/generator/artifacts/bin/testprojects.spector.tests/debug/net8.0/testprojects.spector.tests.dll" id="d04554b7-061e-f09e-8ae9-a63a30508632">
      <Execution id="7bea3f7b-1bc4-458d-86e2-a14e2372b2e8" />
      <TestMethod codeBase="/home/runner/work/typespec/typespec/packages/http-client-csharp/generator/artifacts/bin/TestProjects.Spector.Tests/Debug/net8.0/TestProjects.Spector.Tests.dll" adapterTypeName="executor://nunit3testexecutor/" className="TestProjects.Spector.Tests.Http._Type.Property.AdditionalProperties.AdditionalPropertiesTests" name="SpreadDifferentModelArrayGet" />
    </UnitTest>
    <UnitTest name="ModelsWithBreakAsync" storage="/home/runner/work/typespec/typespec/packages/http-client-csharp/generator/artifacts/bin/testprojects.spector.tests/debug/net8.0/testprojects.spector.tests.dll" id="47231bf1-d4a7-8b9b-7db2-84a9b8cd9532">
      <Execution id="1ed6dc0a-8d4d-4cbc-8f69-7c19eddbd1f0" />
      <TestMethod codeBase="/home/runner/work/typespec/typespec/packages/http-client-csharp/generator/artifacts/bin/TestProjects.Spector.Tests/Debug/net8.0/TestProjects.Spector.Tests.dll" adapterTypeName="executor://nunit3testexecutor/" className="TestProjects.Spector.Tests.Http.SpecialWords.SpecialWordsTests" name="ModelsWithBreakAsync" />
    </UnitTest>
    <UnitTest name="ReservedTemplate" storage="/home/runner/work/typespec/typespec/packages/http-client-csharp/generator/artifacts/bin/testprojects.spector.tests/debug/net8.0/testprojects.spector.tests.dll" id="b9c22bfd-feb2-a009-ec61-d39f06b6b4b0">
      <Execution id="85cbf1af-fab1-4de7-b084-21fb2fc8a935" />
      <TestMethod codeBase="/home/runner/work/typespec/typespec/packages/http-client-csharp/generator/artifacts/bin/TestProjects.Spector.Tests/Debug/net8.0/TestProjects.Spector.Tests.dll" adapterTypeName="executor://nunit3testexecutor/" className="TestProjects.Spector.Tests.Http.Routes.PathParameterTests" name="ReservedTemplate" />
    </UnitTest>
    <UnitTest name="NullableFloatValuePut" storage="/home/runner/work/typespec/typespec/packages/http-client-csharp/generator/artifacts/bin/testprojects.spector.tests/debug/net8.0/testprojects.spector.tests.dll" id="ae7a47e9-b477-242b-fd04-04a041957190">
      <Execution id="81a7c4b8-a820-4f76-9e7b-44b6d5441cd5" />
      <TestMethod codeBase="/home/runner/work/typespec/typespec/packages/http-client-csharp/generator/artifacts/bin/TestProjects.Spector.Tests/Debug/net8.0/TestProjects.Spector.Tests.dll" adapterTypeName="executor://nunit3testexecutor/" className="TestProjects.Spector.Tests.Http._Type.Dictionary.DictionaryTests" name="NullableFloatValuePut" />
    </UnitTest>
    <UnitTest name="UnknownArrayGet" storage="/home/runner/work/typespec/typespec/packages/http-client-csharp/generator/artifacts/bin/testprojects.spector.tests/debug/net8.0/testprojects.spector.tests.dll" id="a20f62ce-8e04-c6eb-fd21-dfdc1dc37044">
      <Execution id="b6d02c74-8a6e-4a7e-9b3a-10f2eb980387" />
      <TestMethod codeBase="/home/runner/work/typespec/typespec/packages/http-client-csharp/generator/artifacts/bin/TestProjects.Spector.Tests/Debug/net8.0/TestProjects.Spector.Tests.dll" adapterTypeName="executor://nunit3testexecutor/" className="TestProjects.Spector.Tests.Http._Type.Property.ValueTypes.ValueTypesTests" name="UnknownArrayGet" />
    </UnitTest>
    <UnitTest name="RequestBodyBase64" storage="/home/runner/work/typespec/typespec/packages/http-client-csharp/generator/artifacts/bin/testprojects.spector.tests/debug/net8.0/testprojects.spector.tests.dll" id="14211889-6c07-d548-a17d-b0353d77daec">
      <Execution id="f5ff01cd-7fc4-4e34-8082-e79ba5b363d2" />
      <TestMethod codeBase="/home/runner/work/typespec/typespec/packages/http-client-csharp/generator/artifacts/bin/TestProjects.Spector.Tests/Debug/net8.0/TestProjects.Spector.Tests.dll" adapterTypeName="executor://nunit3testexecutor/" className="TestProjects.Spector.Tests.Http.Encode.Bytes.EncodeBytesTests" name="RequestBodyBase64" />
    </UnitTest>
    <UnitTest name="IntLiteralGetDefault" storage="/home/runner/work/typespec/typespec/packages/http-client-csharp/generator/artifacts/bin/testprojects.spector.tests/debug/net8.0/testprojects.spector.tests.dll" id="a1657c8e-5edf-1f6f-aaf9-303b27bfaa75">
      <Execution id="c13c9c5b-f531-4307-9616-8689967c50d0" />
      <TestMethod codeBase="/home/runner/work/typespec/typespec/packages/http-client-csharp/generator/artifacts/bin/TestProjects.Spector.Tests/Debug/net8.0/TestProjects.Spector.Tests.dll" adapterTypeName="executor://nunit3testexecutor/" className="TestProjects.Spector.Tests.Http._Type.Property.Optionality.OptionalityTests" name="IntLiteralGetDefault" />
    </UnitTest>
    <UnitTest name="PostValid" storage="/home/runner/work/typespec/typespec/packages/http-client-csharp/generator/artifacts/bin/testprojects.spector.tests/debug/net8.0/testprojects.spector.tests.dll" id="3714244a-f483-53e0-11f4-755919d9a646">
      <Execution id="0b8ca69b-c4a5-4520-858d-c7799beef524" />
      <TestMethod codeBase="/home/runner/work/typespec/typespec/packages/http-client-csharp/generator/artifacts/bin/TestProjects.Spector.Tests/Debug/net8.0/TestProjects.Spector.Tests.dll" adapterTypeName="executor://nunit3testexecutor/" className="TestProjects.Spector.Tests.Http._Type.Model.Inheritance.NotDiscriminated.NotDiscriminatedTests" name="PostValid" />
    </UnitTest>
    <UnitTest name="ResponseHeaderDefault" storage="/home/runner/work/typespec/typespec/packages/http-client-csharp/generator/artifacts/bin/testprojects.spector.tests/debug/net8.0/testprojects.spector.tests.dll" id="e29cfc35-8690-6a41-56d9-eddae2a6ee4e">
      <Execution id="a8029f1b-4a91-4e41-ae1b-7d38fe9831cd" />
      <TestMethod codeBase="/home/runner/work/typespec/typespec/packages/http-client-csharp/generator/artifacts/bin/TestProjects.Spector.Tests/Debug/net8.0/TestProjects.Spector.Tests.dll" adapterTypeName="executor://nunit3testexecutor/" className="TestProjects.Spector.Tests.Http.Encode.Datetime.DateTimeTests" name="ResponseHeaderDefault" />
    </UnitTest>
    <UnitTest name="RoundTripWithJsonInterfaceNonGenericJson" storage="/home/runner/work/typespec/typespec/packages/http-client-csharp/generator/artifacts/bin/testprojects.spector.tests/debug/net8.0/testprojects.spector.tests.dll" id="507b47a2-a96f-586f-41f2-5c729b0455eb">
      <Execution id="1426998f-b3c8-414e-bf3d-5a1bf7003709" />
      <TestMethod codeBase="/home/runner/work/typespec/typespec/packages/http-client-csharp/generator/artifacts/bin/TestProjects.Spector.Tests/Debug/net8.0/TestProjects.Spector.Tests.dll" adapterTypeName="executor://nunit3testexecutor/" className="TestProjects.Spector.Tests.Http._Type.Model.Inheritance.SingleDiscriminator.EagleTests" name="RoundTripWithJsonInterfaceNonGenericJson" />
    </UnitTest>
    <UnitTest name="DurationPut" storage="/home/runner/work/typespec/typespec/packages/http-client-csharp/generator/artifacts/bin/testprojects.spector.tests/debug/net8.0/testprojects.spector.tests.dll" id="3ea7ba45-fdda-334f-96dd-cf9ac56b0da0">
      <Execution id="8477fbac-5478-40f8-bd06-63a978e1ae3a" />
      <TestMethod codeBase="/home/runner/work/typespec/typespec/packages/http-client-csharp/generator/artifacts/bin/TestProjects.Spector.Tests/Debug/net8.0/TestProjects.Spector.Tests.dll" adapterTypeName="executor://nunit3testexecutor/" className="TestProjects.Spector.Tests.Http._Type.Property.ValueTypes.ValueTypesTests" name="DurationPut" />
    </UnitTest>
    <UnitTest name="DurationValueGet" storage="/home/runner/work/typespec/typespec/packages/http-client-csharp/generator/artifacts/bin/testprojects.spector.tests/debug/net8.0/testprojects.spector.tests.dll" id="c56ff070-7f72-8597-594d-286431f5693b">
      <Execution id="6e6270e2-235a-4c8b-8841-97b033dbde45" />
      <TestMethod codeBase="/home/runner/work/typespec/typespec/packages/http-client-csharp/generator/artifacts/bin/TestProjects.Spector.Tests/Debug/net8.0/TestProjects.Spector.Tests.dll" adapterTypeName="executor://nunit3testexecutor/" className="TestProjects.Spector.Tests.Http._Type._Array.ArrayTests" name="DurationValueGet" />
    </UnitTest>
    <UnitTest name="Encode_Numeric_Property_uint8AsString" storage="/home/runner/work/typespec/typespec/packages/http-client-csharp/generator/artifacts/bin/testprojects.spector.tests/debug/net8.0/testprojects.spector.tests.dll" id="e412d971-68b8-8d0a-ee3b-8359934ece50">
      <Execution id="6293863f-7ba3-4bb7-9c24-d6be7cc8c24a" />
      <TestMethod codeBase="/home/runner/work/typespec/typespec/packages/http-client-csharp/generator/artifacts/bin/TestProjects.Spector.Tests/Debug/net8.0/TestProjects.Spector.Tests.dll" adapterTypeName="executor://nunit3testexecutor/" className="TestProjects.Spector.Tests.Http.Encode.Numeric.EncodeNumericTests" name="Encode_Numeric_Property_uint8AsString" />
    </UnitTest>
    <UnitTest name="Output" storage="/home/runner/work/typespec/typespec/packages/http-client-csharp/generator/artifacts/bin/testprojects.spector.tests/debug/net8.0/testprojects.spector.tests.dll" id="b376b6ce-a10d-29df-383d-365368724170">
      <Execution id="f6bf897f-001d-4b71-9598-46efa491c319" />
      <TestMethod codeBase="/home/runner/work/typespec/typespec/packages/http-client-csharp/generator/artifacts/bin/TestProjects.Spector.Tests/Debug/net8.0/TestProjects.Spector.Tests.dll" adapterTypeName="executor://nunit3testexecutor/" className="TestProjects.Spector.Tests.Http._Type.Model.Usage.UsageTests" name="Output" />
    </UnitTest>
    <UnitTest name="StringPut" storage="/home/runner/work/typespec/typespec/packages/http-client-csharp/generator/artifacts/bin/testprojects.spector.tests/debug/net8.0/testprojects.spector.tests.dll" id="37b49cca-d169-28e2-3d69-d77a5660c828">
      <Execution id="bc9993a6-6ed9-429b-a0e1-9d959f5bd578" />
      <TestMethod codeBase="/home/runner/work/typespec/typespec/packages/http-client-csharp/generator/artifacts/bin/TestProjects.Spector.Tests/Debug/net8.0/TestProjects.Spector.Tests.dll" adapterTypeName="executor://nunit3testexecutor/" className="TestProjects.Spector.Tests.Http._Type.Property.ValueTypes.ValueTypesTests" name="StringPut" />
    </UnitTest>
    <UnitTest name="RequestQueryResponseBodyProtocolMethod" storage="/home/runner/work/typespec/typespec/packages/http-client-csharp/generator/artifacts/bin/testprojects.spector.tests/debug/net8.0/testprojects.spector.tests.dll" id="0806a028-b1a0-eb17-a93f-a38674b9bea4">
      <Execution id="a81d2d64-9bdc-4a6c-b127-ddedce273529" />
      <TestMethod codeBase="/home/runner/work/typespec/typespec/packages/http-client-csharp/generator/artifacts/bin/TestProjects.Spector.Tests/Debug/net8.0/TestProjects.Spector.Tests.dll" adapterTypeName="executor://nunit3testexecutor/" className="TestProjects.Spector.Tests.Http.Payload.Pageable.ContinuationTokenPaginationTests" name="RequestQueryResponseBodyProtocolMethod" />
    </UnitTest>
    <UnitTest name="Float32ValueGet" storage="/home/runner/work/typespec/typespec/packages/http-client-csharp/generator/artifacts/bin/testprojects.spector.tests/debug/net8.0/testprojects.spector.tests.dll" id="0638ab0f-7b34-b9ab-bbea-5c2a523683e3">
      <Execution id="3d3de209-1300-45af-9231-3fdda3ea0cbc" />
      <TestMethod codeBase="/home/runner/work/typespec/typespec/packages/http-client-csharp/generator/artifacts/bin/TestProjects.Spector.Tests/Debug/net8.0/TestProjects.Spector.Tests.dll" adapterTypeName="executor://nunit3testexecutor/" className="TestProjects.Spector.Tests.Http._Type.Dictionary.DictionaryTests" name="Float32ValueGet" />
    </UnitTest>
    <UnitTest name="RoundTripWithJsonInterfaceOfTJson" storage="/home/runner/work/typespec/typespec/packages/http-client-csharp/generator/artifacts/bin/testprojects.spector.tests/debug/net8.0/testprojects.spector.tests.dll" id="5c0c8264-6d8d-b9c1-738d-680a082c1d44">
      <Execution id="f446ed27-ba7d-4db7-88f3-d0dbe6bade21" />
      <TestMethod codeBase="/home/runner/work/typespec/typespec/packages/http-client-csharp/generator/artifacts/bin/TestProjects.Spector.Tests/Debug/net8.0/TestProjects.Spector.Tests.dll" adapterTypeName="executor://nunit3testexecutor/" className="TestProjects.Spector.Tests.Http._Type.Property.AdditionalProperties.MultipleSpreadRecordTests" name="RoundTripWithJsonInterfaceOfTJson" />
    </UnitTest>
    <UnitTest name="PropertySend" storage="/home/runner/work/typespec/typespec/packages/http-client-csharp/generator/artifacts/bin/testprojects.spector.tests/debug/net8.0/testprojects.spector.tests.dll" id="9711d665-6780-8710-b6f4-45fe300dbb02">
      <Execution id="f4fce80d-5431-4763-ac68-6ef5c1963cf3" />
      <TestMethod codeBase="/home/runner/work/typespec/typespec/packages/http-client-csharp/generator/artifacts/bin/TestProjects.Spector.Tests/Debug/net8.0/TestProjects.Spector.Tests.dll" adapterTypeName="executor://nunit3testexecutor/" className="TestProjects.Spector.Tests.Http.Serialization.EncodedName.Json.EncodedNameJsonTests" name="PropertySend" />
    </UnitTest>
    <UnitTest name="CollectionsModelGetNonNull" storage="/home/runner/work/typespec/typespec/packages/http-client-csharp/generator/artifacts/bin/testprojects.spector.tests/debug/net8.0/testprojects.spector.tests.dll" id="fb1359aa-d278-1f90-d10d-e4602a88c784">
      <Execution id="749826a5-dbed-4ac8-b0db-3418841d787e" />
      <TestMethod codeBase="/home/runner/work/typespec/typespec/packages/http-client-csharp/generator/artifacts/bin/TestProjects.Spector.Tests/Debug/net8.0/TestProjects.Spector.Tests.dll" adapterTypeName="executor://nunit3testexecutor/" className="TestProjects.Spector.Tests.Http._Type.Property.Nullable.NullableTests" name="CollectionsModelGetNonNull" />
    </UnitTest>
    <UnitTest name="ThrowsIfUnknownFormat" storage="/home/runner/work/typespec/typespec/packages/http-client-csharp/generator/artifacts/bin/testprojects.spector.tests/debug/net8.0/testprojects.spector.tests.dll" id="69175da1-56f0-0efc-874c-3aae3f450970">
      <Execution id="8f1dce3f-3059-4532-adea-23bd20a7ec8b" />
      <TestMethod codeBase="/home/runner/work/typespec/typespec/packages/http-client-csharp/generator/artifacts/bin/TestProjects.Spector.Tests/Debug/net8.0/TestProjects.Spector.Tests.dll" adapterTypeName="executor://nunit3testexecutor/" className="TestProjects.Spector.Tests.Http._Type.Model.Inheritance.SingleDiscriminator.EagleTests" name="ThrowsIfUnknownFormat" />
    </UnitTest>
    <UnitTest name="NullableBoolValueGet" storage="/home/runner/work/typespec/typespec/packages/http-client-csharp/generator/artifacts/bin/testprojects.spector.tests/debug/net8.0/testprojects.spector.tests.dll" id="c3c0a4fb-eaa6-6eff-edb2-bba34dba1a01">
      <Execution id="040229fc-a196-49e6-afdb-7ed6de9e3fc0" />
      <TestMethod codeBase="/home/runner/work/typespec/typespec/packages/http-client-csharp/generator/artifacts/bin/TestProjects.Spector.Tests/Debug/net8.0/TestProjects.Spector.Tests.dll" adapterTypeName="executor://nunit3testexecutor/" className="TestProjects.Spector.Tests.Http._Type._Array.ArrayTests" name="NullableBoolValueGet" />
    </UnitTest>
    <UnitTest name="HeaderBase64urlArray" storage="/home/runner/work/typespec/typespec/packages/http-client-csharp/generator/artifacts/bin/testprojects.spector.tests/debug/net8.0/testprojects.spector.tests.dll" id="82c574d4-310c-9865-9ff5-4c193c660ec0">
      <Execution id="8ef87be5-da02-4559-871b-47543c75e541" />
      <TestMethod codeBase="/home/runner/work/typespec/typespec/packages/http-client-csharp/generator/artifacts/bin/TestProjects.Spector.Tests/Debug/net8.0/TestProjects.Spector.Tests.dll" adapterTypeName="executor://nunit3testexecutor/" className="TestProjects.Spector.Tests.Http.Encode.Bytes.EncodeBytesTests" name="HeaderBase64urlArray" />
    </UnitTest>
    <UnitTest name="JsonPart" storage="/home/runner/work/typespec/typespec/packages/http-client-csharp/generator/artifacts/bin/testprojects.spector.tests/debug/net8.0/testprojects.spector.tests.dll" id="2beb1f94-dc0b-ee16-146d-8c37a7fdfdff">
      <Execution id="8b97ac6d-b2df-49dd-be59-f01037b3b29e" />
      <TestMethod codeBase="/home/runner/work/typespec/typespec/packages/http-client-csharp/generator/artifacts/bin/TestProjects.Spector.Tests/Debug/net8.0/TestProjects.Spector.Tests.dll" adapterTypeName="executor://nunit3testexecutor/" className="TestProjects.Spector.Tests.Http.Payload.Multipart.MultipartTests" name="JsonPart" />
    </UnitTest>
    <UnitTest name="CollectionsByteGetNull" storage="/home/runner/work/typespec/typespec/packages/http-client-csharp/generator/artifacts/bin/testprojects.spector.tests/debug/net8.0/testprojects.spector.tests.dll" id="76872cb6-e940-68f9-64b3-4436a27471e6">
      <Execution id="b7577806-c680-497b-bbce-04c617656386" />
      <TestMethod codeBase="/home/runner/work/typespec/typespec/packages/http-client-csharp/generator/artifacts/bin/TestProjects.Spector.Tests/Debug/net8.0/TestProjects.Spector.Tests.dll" adapterTypeName="executor://nunit3testexecutor/" className="TestProjects.Spector.Tests.Http._Type.Property.Nullable.NullableTests" name="CollectionsByteGetNull" />
    </UnitTest>
    <UnitTest name="UnionEnumValuePut" storage="/home/runner/work/typespec/typespec/packages/http-client-csharp/generator/artifacts/bin/testprojects.spector.tests/debug/net8.0/testprojects.spector.tests.dll" id="16e29c9f-eeff-a6f4-a1f4-756fb59d8276">
      <Execution id="9a86e1f1-ada6-4a96-8d5c-316279cadba9" />
      <TestMethod codeBase="/home/runner/work/typespec/typespec/packages/http-client-csharp/generator/artifacts/bin/TestProjects.Spector.Tests/Debug/net8.0/TestProjects.Spector.Tests.dll" adapterTypeName="executor://nunit3testexecutor/" className="TestProjects.Spector.Tests.Http._Type.Property.ValueTypes.ValueTypesTests" name="UnionEnumValuePut" />
    </UnitTest>
    <UnitTest name="UnknownValuePut" storage="/home/runner/work/typespec/typespec/packages/http-client-csharp/generator/artifacts/bin/testprojects.spector.tests/debug/net8.0/testprojects.spector.tests.dll" id="daf5de1e-f450-c7a7-993c-fb6763eb2ed8">
      <Execution id="11731fdd-0cec-49f2-8a84-5eeaef96e3ad" />
      <TestMethod codeBase="/home/runner/work/typespec/typespec/packages/http-client-csharp/generator/artifacts/bin/TestProjects.Spector.Tests/Debug/net8.0/TestProjects.Spector.Tests.dll" adapterTypeName="executor://nunit3testexecutor/" className="TestProjects.Spector.Tests.Http._Type.Dictionary.DictionaryTests" name="UnknownValuePut" />
    </UnitTest>
    <UnitTest name="LabelExpansionPrimitive" storage="/home/runner/work/typespec/typespec/packages/http-client-csharp/generator/artifacts/bin/testprojects.spector.tests/debug/net8.0/testprojects.spector.tests.dll" id="5d40e5fd-716a-6919-7151-81d30b0ae341">
      <Execution id="ce01cc66-1cf0-457a-85e4-eea4a3dd3988" />
      <TestMethod codeBase="/home/runner/work/typespec/typespec/packages/http-client-csharp/generator/artifacts/bin/TestProjects.Spector.Tests/Debug/net8.0/TestProjects.Spector.Tests.dll" adapterTypeName="executor://nunit3testexecutor/" className="TestProjects.Spector.Tests.Http.Routes.PathParameterTests" name="LabelExpansionPrimitive" />
    </UnitTest>
    <UnitTest name="BooleanLiteralGetAll" storage="/home/runner/work/typespec/typespec/packages/http-client-csharp/generator/artifacts/bin/testprojects.spector.tests/debug/net8.0/testprojects.spector.tests.dll" id="d88efe72-4dac-2621-6744-580600b5a542">
      <Execution id="d70d5a24-31b6-44bd-a12f-913fb1591c92" />
      <TestMethod codeBase="/home/runner/work/typespec/typespec/packages/http-client-csharp/generator/artifacts/bin/TestProjects.Spector.Tests/Debug/net8.0/TestProjects.Spector.Tests.dll" adapterTypeName="executor://nunit3testexecutor/" className="TestProjects.Spector.Tests.Http._Type.Property.Optionality.OptionalityTests" name="BooleanLiteralGetAll" />
    </UnitTest>
    <UnitTest name="QueryCsv" storage="/home/runner/work/typespec/typespec/packages/http-client-csharp/generator/artifacts/bin/testprojects.spector.tests/debug/net8.0/testprojects.spector.tests.dll" id="bee6f4e4-ace3-93de-3568-e2eef08606e8">
      <Execution id="dec56366-03bd-47b1-86c1-c169e4ac7d40" />
      <TestMethod codeBase="/home/runner/work/typespec/typespec/packages/http-client-csharp/generator/artifacts/bin/TestProjects.Spector.Tests/Debug/net8.0/TestProjects.Spector.Tests.dll" adapterTypeName="executor://nunit3testexecutor/" className="TestProjects.Spector.Tests.Http.Parameters.CollectionFormat.CollectionFormatParametersTests" name="QueryCsv" />
    </UnitTest>
    <UnitTest name="Six" storage="/home/runner/work/typespec/typespec/packages/http-client-csharp/generator/artifacts/bin/testprojects.spector.tests/debug/net8.0/testprojects.spector.tests.dll" id="b363134a-0c61-5745-6581-ca78415d3153">
      <Execution id="c44689fa-2716-4c08-9fe4-7c5151d988cb" />
      <TestMethod codeBase="/home/runner/work/typespec/typespec/packages/http-client-csharp/generator/artifacts/bin/TestProjects.Spector.Tests/Debug/net8.0/TestProjects.Spector.Tests.dll" adapterTypeName="executor://nunit3testexecutor/" className="TestProjects.Spector.Tests.Http.Client.Structure.ClientOperationGroup.ClientOperationGroupTests" name="Six" />
    </UnitTest>
    <UnitTest name="CollectionsModelGet" storage="/home/runner/work/typespec/typespec/packages/http-client-csharp/generator/artifacts/bin/testprojects.spector.tests/debug/net8.0/testprojects.spector.tests.dll" id="6ee5a42b-45cc-f5ed-7dfe-d4b9cf4306e7">
      <Execution id="4ff7d4a6-4d51-40a2-925e-b57438995cb2" />
      <TestMethod codeBase="/home/runner/work/typespec/typespec/packages/http-client-csharp/generator/artifacts/bin/TestProjects.Spector.Tests/Debug/net8.0/TestProjects.Spector.Tests.dll" adapterTypeName="executor://nunit3testexecutor/" className="TestProjects.Spector.Tests.Http._Type.Property.ValueTypes.ValueTypesTests" name="CollectionsModelGet" />
    </UnitTest>
    <UnitTest name="Four" storage="/home/runner/work/typespec/typespec/packages/http-client-csharp/generator/artifacts/bin/testprojects.spector.tests/debug/net8.0/testprojects.spector.tests.dll" id="d782eecb-b6e3-b465-8a5f-c81e8e6a3e51">
      <Execution id="a26d910f-9627-4a0a-9534-d016161ea7aa" />
      <TestMethod codeBase="/home/runner/work/typespec/typespec/packages/http-client-csharp/generator/artifacts/bin/TestProjects.Spector.Tests/Debug/net8.0/TestProjects.Spector.Tests.dll" adapterTypeName="executor://nunit3testexecutor/" className="TestProjects.Spector.Tests.Http.Client.Structure.TwoOperationGroup.TwoOperationGroupTests" name="Four" />
    </UnitTest>
    <UnitTest name="CollectionsByteGetDefault" storage="/home/runner/work/typespec/typespec/packages/http-client-csharp/generator/artifacts/bin/testprojects.spector.tests/debug/net8.0/testprojects.spector.tests.dll" id="75d61307-df21-c4f2-ce29-12e6730a956e">
      <Execution id="74674f27-5ebb-45e3-9a2c-e79ef434ec22" />
      <TestMethod codeBase="/home/runner/work/typespec/typespec/packages/http-client-csharp/generator/artifacts/bin/TestProjects.Spector.Tests/Debug/net8.0/TestProjects.Spector.Tests.dll" adapterTypeName="executor://nunit3testexecutor/" className="TestProjects.Spector.Tests.Http._Type.Property.Optionality.OptionalityTests" name="CollectionsByteGetDefault" />
    </UnitTest>
    <UnitTest name="PutEmpty" storage="/home/runner/work/typespec/typespec/packages/http-client-csharp/generator/artifacts/bin/testprojects.spector.tests/debug/net8.0/testprojects.spector.tests.dll" id="0febe0ea-80ca-f772-95bc-d5315c94391e">
      <Execution id="b06d9d73-acae-40cf-83a9-bd4cd1109453" />
      <TestMethod codeBase="/home/runner/work/typespec/typespec/packages/http-client-csharp/generator/artifacts/bin/TestProjects.Spector.Tests/Debug/net8.0/TestProjects.Spector.Tests.dll" adapterTypeName="executor://nunit3testexecutor/" className="TestProjects.Spector.Tests.Http._Type.Model.Empty.EmptyTests" name="PutEmpty" />
    </UnitTest>
    <UnitTest name="RoundTripWithJsonInterfaceUtf8ReaderJson" storage="/home/runner/work/typespec/typespec/packages/http-client-csharp/generator/artifacts/bin/testprojects.spector.tests/debug/net8.0/testprojects.spector.tests.dll" id="bb8ac351-1985-e6bf-6b69-451d637b8fba">
      <Execution id="60696dca-1010-4ebb-956b-518869c6327b" />
      <TestMethod codeBase="/home/runner/work/typespec/typespec/packages/http-client-csharp/generator/artifacts/bin/TestProjects.Spector.Tests/Debug/net8.0/TestProjects.Spector.Tests.dll" adapterTypeName="executor://nunit3testexecutor/" className="TestProjects.Spector.Tests.Http._Type.Model.Inheritance.SingleDiscriminator.EagleTests" name="RoundTripWithJsonInterfaceUtf8ReaderJson" />
    </UnitTest>
    <UnitTest name="RenamedFour" storage="/home/runner/work/typespec/typespec/packages/http-client-csharp/generator/artifacts/bin/testprojects.spector.tests/debug/net8.0/testprojects.spector.tests.dll" id="ec0d8083-b72f-bbde-8429-f097a4c5c660">
      <Execution id="969bb008-a131-4e72-896e-12f9e714a1a9" />
      <TestMethod codeBase="/home/runner/work/typespec/typespec/packages/http-client-csharp/generator/artifacts/bin/TestProjects.Spector.Tests/Debug/net8.0/TestProjects.Spector.Tests.dll" adapterTypeName="executor://nunit3testexecutor/" className="TestProjects.Spector.Tests.Http.Client.Structure.RenamedOperation.RenamedOperationTests" name="RenamedFour" />
    </UnitTest>
    <UnitTest name="GetModel" storage="/home/runner/work/typespec/typespec/packages/http-client-csharp/generator/artifacts/bin/testprojects.spector.tests/debug/net8.0/testprojects.spector.tests.dll" id="a370824c-143f-13f5-d4f5-8c4b6edcd5fd">
      <Execution id="0a9c2064-e9a6-4bf6-8d4f-78558a8799c1" />
      <TestMethod codeBase="/home/runner/work/typespec/typespec/packages/http-client-csharp/generator/artifacts/bin/TestProjects.Spector.Tests/Debug/net8.0/TestProjects.Spector.Tests.dll" adapterTypeName="executor://nunit3testexecutor/" className="TestProjects.Spector.Tests.Http._Type.Model.Inheritance.NestedDiscriminator.NestedDiscriminatorTests" name="GetModel" />
    </UnitTest>
    <UnitTest name="DurationPutDefault" storage="/home/runner/work/typespec/typespec/packages/http-client-csharp/generator/artifacts/bin/testprojects.spector.tests/debug/net8.0/testprojects.spector.tests.dll" id="63c270b5-144d-ad80-e5b8-df913b8e372d">
      <Execution id="c55139d8-890c-42e9-9c5a-9fc320775bb1" />
      <TestMethod codeBase="/home/runner/work/typespec/typespec/packages/http-client-csharp/generator/artifacts/bin/TestProjects.Spector.Tests/Debug/net8.0/TestProjects.Spector.Tests.dll" adapterTypeName="executor://nunit3testexecutor/" className="TestProjects.Spector.Tests.Http._Type.Property.Optionality.OptionalityTests" name="DurationPutDefault" />
    </UnitTest>
    <UnitTest name="NullableModelValueGet" storage="/home/runner/work/typespec/typespec/packages/http-client-csharp/generator/artifacts/bin/testprojects.spector.tests/debug/net8.0/testprojects.spector.tests.dll" id="6934aa15-a024-17b7-f771-6a780f957551">
      <Execution id="e27b6683-d013-43df-b9a2-a611902c3aac" />
      <TestMethod codeBase="/home/runner/work/typespec/typespec/packages/http-client-csharp/generator/artifacts/bin/TestProjects.Spector.Tests/Debug/net8.0/TestProjects.Spector.Tests.dll" adapterTypeName="executor://nunit3testexecutor/" className="TestProjects.Spector.Tests.Http._Type._Array.ArrayTests" name="NullableModelValueGet" />
    </UnitTest>
    <UnitTest name="RoundTripWithModelReaderWriterJson" storage="/home/runner/work/typespec/typespec/packages/http-client-csharp/generator/artifacts/bin/testprojects.spector.tests/debug/net8.0/testprojects.spector.tests.dll" id="822c0314-a6ca-19b6-168d-b33c64861d5a">
      <Execution id="d9663779-6432-4043-8e4c-04f8e726ea86" />
      <TestMethod codeBase="/home/runner/work/typespec/typespec/packages/http-client-csharp/generator/artifacts/bin/TestProjects.Spector.Tests/Debug/net8.0/TestProjects.Spector.Tests.dll" adapterTypeName="executor://nunit3testexecutor/" className="TestProjects.Spector.Tests.Http._Type.Property.AdditionalProperties.MultipleSpreadRecordTests" name="RoundTripWithModelReaderWriterJson" />
    </UnitTest>
    <UnitTest name="PropertyFloatSeconds" storage="/home/runner/work/typespec/typespec/packages/http-client-csharp/generator/artifacts/bin/testprojects.spector.tests/debug/net8.0/testprojects.spector.tests.dll" id="5b51352c-98eb-c7ab-5b00-9f581ddca220">
      <Execution id="82bdab93-b91a-4454-9827-fbe122df6ca6" />
      <TestMethod codeBase="/home/runner/work/typespec/typespec/packages/http-client-csharp/generator/artifacts/bin/TestProjects.Spector.Tests/Debug/net8.0/TestProjects.Spector.Tests.dll" adapterTypeName="executor://nunit3testexecutor/" className="TestProjects.Spector.Tests.Http.Encode.Duration.EncodeDurationTests" name="PropertyFloatSeconds" />
    </UnitTest>
    <UnitTest name="Versioning_Removed_V3Model" storage="/home/runner/work/typespec/typespec/packages/http-client-csharp/generator/artifacts/bin/testprojects.spector.tests/debug/net8.0/testprojects.spector.tests.dll" id="beb96d27-2fc2-9b90-385f-41405f72cd61">
      <Execution id="490b3604-1161-4700-b23d-68d61f9037e9" />
      <TestMethod codeBase="/home/runner/work/typespec/typespec/packages/http-client-csharp/generator/artifacts/bin/TestProjects.Spector.Tests/Debug/net8.0/TestProjects.Spector.Tests.dll" adapterTypeName="executor://nunit3testexecutor/" className="TestProjects.Spector.Tests.Http.Versioning.Removed.V2Preview.VersioningRemovedV2PreviewTests" name="Versioning_Removed_V3Model" />
    </UnitTest>
    <UnitTest name="QueryRfc7231" storage="/home/runner/work/typespec/typespec/packages/http-client-csharp/generator/artifacts/bin/testprojects.spector.tests/debug/net8.0/testprojects.spector.tests.dll" id="c542cc56-38ef-944c-4273-4c6b76d404f1">
      <Execution id="bc39e1de-f39e-4506-a7f8-70a114b1de96" />
      <TestMethod codeBase="/home/runner/work/typespec/typespec/packages/http-client-csharp/generator/artifacts/bin/TestProjects.Spector.Tests/Debug/net8.0/TestProjects.Spector.Tests.dll" adapterTypeName="executor://nunit3testexecutor/" className="TestProjects.Spector.Tests.Http.Encode.Datetime.DateTimeTests" name="QueryRfc7231" />
    </UnitTest>
    <UnitTest name="StringLiteralGetAll" storage="/home/runner/work/typespec/typespec/packages/http-client-csharp/generator/artifacts/bin/testprojects.spector.tests/debug/net8.0/testprojects.spector.tests.dll" id="6de83952-347e-da73-e780-91a0baf95d5e">
      <Execution id="1b5ca00f-655f-4b2d-9898-0d714f189de1" />
      <TestMethod codeBase="/home/runner/work/typespec/typespec/packages/http-client-csharp/generator/artifacts/bin/TestProjects.Spector.Tests/Debug/net8.0/TestProjects.Spector.Tests.dll" adapterTypeName="executor://nunit3testexecutor/" className="TestProjects.Spector.Tests.Http._Type.Property.Optionality.OptionalityTests" name="StringLiteralGetAll" />
    </UnitTest>
    <UnitTest name="ParametersWithElseAsync" storage="/home/runner/work/typespec/typespec/packages/http-client-csharp/generator/artifacts/bin/testprojects.spector.tests/debug/net8.0/testprojects.spector.tests.dll" id="f58c561a-56c6-5a64-2790-afbbbb854f54">
      <Execution id="8d7d6606-2258-487c-a8cc-a5f92b7a02b9" />
      <TestMethod codeBase="/home/runner/work/typespec/typespec/packages/http-client-csharp/generator/artifacts/bin/TestProjects.Spector.Tests/Debug/net8.0/TestProjects.Spector.Tests.dll" adapterTypeName="executor://nunit3testexecutor/" className="TestProjects.Spector.Tests.Http.SpecialWords.SpecialWordsTests" name="ParametersWithElseAsync" />
    </UnitTest>
    <UnitTest name="QueryUnixTimestampArray" storage="/home/runner/work/typespec/typespec/packages/http-client-csharp/generator/artifacts/bin/testprojects.spector.tests/debug/net8.0/testprojects.spector.tests.dll" id="71cb431e-6fbe-aea1-d5f9-f65861e8fd06">
      <Execution id="0a8501c0-9c34-4b5c-8c85-4bcbd01d24f0" />
      <TestMethod codeBase="/home/runner/work/typespec/typespec/packages/http-client-csharp/generator/artifacts/bin/TestProjects.Spector.Tests/Debug/net8.0/TestProjects.Spector.Tests.dll" adapterTypeName="executor://nunit3testexecutor/" className="TestProjects.Spector.Tests.Http.Encode.Datetime.DateTimeTests" name="QueryUnixTimestampArray" />
    </UnitTest>
    <UnitTest name="Valid" storage="/home/runner/work/typespec/typespec/packages/http-client-csharp/generator/artifacts/bin/testprojects.spector.tests/debug/net8.0/testprojects.spector.tests.dll" id="cfe89c84-835a-020f-f02a-e99b60991256">
      <Execution id="ca668f26-5814-4ac4-ad41-f16494fc82c3" />
      <TestMethod codeBase="/home/runner/work/typespec/typespec/packages/http-client-csharp/generator/artifacts/bin/TestProjects.Spector.Tests/Debug/net8.0/TestProjects.Spector.Tests.dll" adapterTypeName="executor://nunit3testexecutor/" className="TestProjects.Spector.Tests.Http.Server.Endpoint.NotDefined.NotDefinedTests" name="Valid" />
    </UnitTest>
    <UnitTest name="ParametersWithContinueAsync" storage="/home/runner/work/typespec/typespec/packages/http-client-csharp/generator/artifacts/bin/testprojects.spector.tests/debug/net8.0/testprojects.spector.tests.dll" id="e6daadaf-2814-1593-d3c8-75308905dc82">
      <Execution id="9b614a0b-e2e0-43ef-b25a-9a24ad02f906" />
      <TestMethod codeBase="/home/runner/work/typespec/typespec/packages/http-client-csharp/generator/artifacts/bin/TestProjects.Spector.Tests/Debug/net8.0/TestProjects.Spector.Tests.dll" adapterTypeName="executor://nunit3testexecutor/" className="TestProjects.Spector.Tests.Http.SpecialWords.SpecialWordsTests" name="ParametersWithContinueAsync" />
    </UnitTest>
    <UnitTest name="QueryTemplateOnly" storage="/home/runner/work/typespec/typespec/packages/http-client-csharp/generator/artifacts/bin/testprojects.spector.tests/debug/net8.0/testprojects.spector.tests.dll" id="53e086fe-4af6-bdcb-9b8a-0eb899f6b653">
      <Execution id="4f50a288-a386-4877-aadb-dd6f48cc92a6" />
      <TestMethod codeBase="/home/runner/work/typespec/typespec/packages/http-client-csharp/generator/artifacts/bin/TestProjects.Spector.Tests/Debug/net8.0/TestProjects.Spector.Tests.dll" adapterTypeName="executor://nunit3testexecutor/" className="TestProjects.Spector.Tests.Http.Routes.QueryParameterTests" name="QueryTemplateOnly" />
    </UnitTest>
    <UnitTest name="VerifySpreadAsRequestBodyInAliasMethod" storage="/home/runner/work/typespec/typespec/packages/http-client-csharp/generator/artifacts/bin/testprojects.spector.tests/debug/net8.0/testprojects.spector.tests.dll" id="2af92099-2f1c-0a9f-5996-0114dfc64f3a">
      <Execution id="85a8e0e2-0396-4296-a79e-f99caf38cb75" />
      <TestMethod codeBase="/home/runner/work/typespec/typespec/packages/http-client-csharp/generator/artifacts/bin/TestProjects.Spector.Tests/Debug/net8.0/TestProjects.Spector.Tests.dll" adapterTypeName="executor://nunit3testexecutor/" className="TestProjects.Spector.Tests.Http.Parameters.Spread.SpreadTests" name="VerifySpreadAsRequestBodyInAliasMethod" />
    </UnitTest>
    <UnitTest name="HttpPartsImageJpegContentType" storage="/home/runner/work/typespec/typespec/packages/http-client-csharp/generator/artifacts/bin/testprojects.spector.tests/debug/net8.0/testprojects.spector.tests.dll" id="a7f08c81-e754-e7bf-0bca-2d1e56d53308">
      <Execution id="19f93fba-dc93-4bf2-9224-a736e3550edc" />
      <TestMethod codeBase="/home/runner/work/typespec/typespec/packages/http-client-csharp/generator/artifacts/bin/TestProjects.Spector.Tests/Debug/net8.0/TestProjects.Spector.Tests.dll" adapterTypeName="executor://nunit3testexecutor/" className="TestProjects.Spector.Tests.Http.Payload.Multipart.MultipartTests" name="HttpPartsImageJpegContentType" />
    </UnitTest>
    <UnitTest name="UnionStringLiteralPutAll" storage="/home/runner/work/typespec/typespec/packages/http-client-csharp/generator/artifacts/bin/testprojects.spector.tests/debug/net8.0/testprojects.spector.tests.dll" id="136c1757-a795-3c14-6dcd-f3799de3a980">
      <Execution id="95e14116-6831-4c38-aa87-de7255821927" />
      <TestMethod codeBase="/home/runner/work/typespec/typespec/packages/http-client-csharp/generator/artifacts/bin/TestProjects.Spector.Tests/Debug/net8.0/TestProjects.Spector.Tests.dll" adapterTypeName="executor://nunit3testexecutor/" className="TestProjects.Spector.Tests.Http._Type.Property.Optionality.OptionalityTests" name="UnionStringLiteralPutAll" />
    </UnitTest>
    <UnitTest name="IntLiteralPutAll" storage="/home/runner/work/typespec/typespec/packages/http-client-csharp/generator/artifacts/bin/testprojects.spector.tests/debug/net8.0/testprojects.spector.tests.dll" id="a5075e39-0729-2689-b23b-8d48abaac0ed">
      <Execution id="585fba9e-551c-4f51-b1ec-efd534901d95" />
      <TestMethod codeBase="/home/runner/work/typespec/typespec/packages/http-client-csharp/generator/artifacts/bin/TestProjects.Spector.Tests/Debug/net8.0/TestProjects.Spector.Tests.dll" adapterTypeName="executor://nunit3testexecutor/" className="TestProjects.Spector.Tests.Http._Type.Property.Optionality.OptionalityTests" name="IntLiteralPutAll" />
    </UnitTest>
    <UnitTest name="UnionIntLiteralGutAll" storage="/home/runner/work/typespec/typespec/packages/http-client-csharp/generator/artifacts/bin/testprojects.spector.tests/debug/net8.0/testprojects.spector.tests.dll" id="6a4ad02b-6915-e752-1c41-064522d9062c">
      <Execution id="9814352c-84b4-42ad-95c5-9f89a9b98dea" />
      <TestMethod codeBase="/home/runner/work/typespec/typespec/packages/http-client-csharp/generator/artifacts/bin/TestProjects.Spector.Tests/Debug/net8.0/TestProjects.Spector.Tests.dll" adapterTypeName="executor://nunit3testexecutor/" className="TestProjects.Spector.Tests.Http._Type.Property.Optionality.OptionalityTests" name="UnionIntLiteralGutAll" />
    </UnitTest>
    <UnitTest name="RoundTripWithModelReaderWriterNonGenericWire" storage="/home/runner/work/typespec/typespec/packages/http-client-csharp/generator/artifacts/bin/testprojects.spector.tests/debug/net8.0/testprojects.spector.tests.dll" id="33e90164-d704-6100-5436-5d048544b6f2">
      <Execution id="c66dd604-10de-49a9-82db-bc5a59c6668d" />
      <TestMethod codeBase="/home/runner/work/typespec/typespec/packages/http-client-csharp/generator/artifacts/bin/TestProjects.Spector.Tests/Debug/net8.0/TestProjects.Spector.Tests.dll" adapterTypeName="executor://nunit3testexecutor/" className="TestProjects.Spector.Tests.Http._Type.Property.AdditionalProperties.MultipleSpreadRecordTests" name="RoundTripWithModelReaderWriterNonGenericWire" />
    </UnitTest>
    <UnitTest name="Versioning_ReturnTypeChangedFrom_Test" storage="/home/runner/work/typespec/typespec/packages/http-client-csharp/generator/artifacts/bin/testprojects.spector.tests/debug/net8.0/testprojects.spector.tests.dll" id="35dc10eb-dede-1c37-f1fc-8a62654248e9">
      <Execution id="b3f6045b-7cb0-4de6-9d85-d2513fba1c7b" />
      <TestMethod codeBase="/home/runner/work/typespec/typespec/packages/http-client-csharp/generator/artifacts/bin/TestProjects.Spector.Tests/Debug/net8.0/TestProjects.Spector.Tests.dll" adapterTypeName="executor://nunit3testexecutor/" className="TestProjects.Spector.Tests.Http.Versioning.ReturnTypeChangedFrom.V2.VersioningReturnTypeChangedFromTests" name="Versioning_ReturnTypeChangedFrom_Test" />
    </UnitTest>
    <UnitTest name="ModelsWithReturnAsync" storage="/home/runner/work/typespec/typespec/packages/http-client-csharp/generator/artifacts/bin/testprojects.spector.tests/debug/net8.0/testprojects.spector.tests.dll" id="db4d6004-ea60-af95-d4d9-4ea882d43d5f">
      <Execution id="6e529a6d-9b96-4e8c-95cb-842549ec7cc4" />
      <TestMethod codeBase="/home/runner/work/typespec/typespec/packages/http-client-csharp/generator/artifacts/bin/TestProjects.Spector.Tests/Debug/net8.0/TestProjects.Spector.Tests.dll" adapterTypeName="executor://nunit3testexecutor/" className="TestProjects.Spector.Tests.Http.SpecialWords.SpecialWordsTests" name="ModelsWithReturnAsync" />
    </UnitTest>
    <UnitTest name="CollectionsStringPut" storage="/home/runner/work/typespec/typespec/packages/http-client-csharp/generator/artifacts/bin/testprojects.spector.tests/debug/net8.0/testprojects.spector.tests.dll" id="0a85d251-c920-1c76-5ba6-88640672d5ab">
      <Execution id="45e5d9a5-f3f8-46a7-b8a4-700e875d7d5e" />
      <TestMethod codeBase="/home/runner/work/typespec/typespec/packages/http-client-csharp/generator/artifacts/bin/TestProjects.Spector.Tests/Debug/net8.0/TestProjects.Spector.Tests.dll" adapterTypeName="executor://nunit3testexecutor/" className="TestProjects.Spector.Tests.Http._Type.Property.ValueTypes.ValueTypesTests" name="CollectionsStringPut" />
    </UnitTest>
    <UnitTest name="SpreadStringPut" storage="/home/runner/work/typespec/typespec/packages/http-client-csharp/generator/artifacts/bin/testprojects.spector.tests/debug/net8.0/testprojects.spector.tests.dll" id="b37e7923-8ac3-1ae2-476b-8155f676c33e">
      <Execution id="507d987f-31b8-4f17-8f78-31c003b03929" />
      <TestMethod codeBase="/home/runner/work/typespec/typespec/packages/http-client-csharp/generator/artifacts/bin/TestProjects.Spector.Tests/Debug/net8.0/TestProjects.Spector.Tests.dll" adapterTypeName="executor://nunit3testexecutor/" className="TestProjects.Spector.Tests.Http._Type.Property.AdditionalProperties.AdditionalPropertiesTests" name="SpreadStringPut" />
    </UnitTest>
    <UnitTest name="OperationsForAsync" storage="/home/runner/work/typespec/typespec/packages/http-client-csharp/generator/artifacts/bin/testprojects.spector.tests/debug/net8.0/testprojects.spector.tests.dll" id="31db3e23-4dee-1c55-73fd-9f55ac3d80c2">
      <Execution id="600b137f-92bb-4b2c-ba89-77df1bca0cb5" />
      <TestMethod codeBase="/home/runner/work/typespec/typespec/packages/http-client-csharp/generator/artifacts/bin/TestProjects.Spector.Tests/Debug/net8.0/TestProjects.Spector.Tests.dll" adapterTypeName="executor://nunit3testexecutor/" className="TestProjects.Spector.Tests.Http.SpecialWords.SpecialWordsTests" name="OperationsForAsync" />
    </UnitTest>
    <UnitTest name="SendEnumsOnly" storage="/home/runner/work/typespec/typespec/packages/http-client-csharp/generator/artifacts/bin/testprojects.spector.tests/debug/net8.0/testprojects.spector.tests.dll" id="284867a4-0bf6-af11-7fd6-c0f8eeace1ae">
      <Execution id="bd2c4242-c480-4062-af30-da4ed25ffec3" />
      <TestMethod codeBase="/home/runner/work/typespec/typespec/packages/http-client-csharp/generator/artifacts/bin/TestProjects.Spector.Tests/Debug/net8.0/TestProjects.Spector.Tests.dll" adapterTypeName="executor://nunit3testexecutor/" className="TestProjects.Spector.Tests.Http._Type.Union.UnionTests" name="SendEnumsOnly" />
    </UnitTest>
    <UnitTest name="ParametersWithOrAsync" storage="/home/runner/work/typespec/typespec/packages/http-client-csharp/generator/artifacts/bin/testprojects.spector.tests/debug/net8.0/testprojects.spector.tests.dll" id="2fb09491-fc23-6ee0-242b-fa1728818340">
      <Execution id="2b987982-0e8e-4624-bfcb-145361a0e79f" />
      <TestMethod codeBase="/home/runner/work/typespec/typespec/packages/http-client-csharp/generator/artifacts/bin/TestProjects.Spector.Tests/Debug/net8.0/TestProjects.Spector.Tests.dll" adapterTypeName="executor://nunit3testexecutor/" className="TestProjects.Spector.Tests.Http.SpecialWords.SpecialWordsTests" name="ParametersWithOrAsync" />
    </UnitTest>
    <UnitTest name="Special_Headers_Conditional_Request_PostIfNoneMatch" storage="/home/runner/work/typespec/typespec/packages/http-client-csharp/generator/artifacts/bin/testprojects.spector.tests/debug/net8.0/testprojects.spector.tests.dll" id="d542a4be-264f-4669-d3a4-585d50add547">
      <Execution id="9d40cf06-8bb2-4bd1-86b7-c383c1a5bb08" />
      <TestMethod codeBase="/home/runner/work/typespec/typespec/packages/http-client-csharp/generator/artifacts/bin/TestProjects.Spector.Tests/Debug/net8.0/TestProjects.Spector.Tests.dll" adapterTypeName="executor://nunit3testexecutor/" className="TestProjects.Spector.Tests.Http.SpecialHeaders.ConditionalRequest.ConditionalRequestHeaderTests" name="Special_Headers_Conditional_Request_PostIfNoneMatch" />
    </UnitTest>
    <UnitTest name="IsModelArrayGet" storage="/home/runner/work/typespec/typespec/packages/http-client-csharp/generator/artifacts/bin/testprojects.spector.tests/debug/net8.0/testprojects.spector.tests.dll" id="865f2873-318a-e2c5-5a69-6a289192835b">
      <Execution id="da067f69-399f-4818-ba36-c1e5c4c20bd4" />
      <TestMethod codeBase="/home/runner/work/typespec/typespec/packages/http-client-csharp/generator/artifacts/bin/TestProjects.Spector.Tests/Debug/net8.0/TestProjects.Spector.Tests.dll" adapterTypeName="executor://nunit3testexecutor/" className="TestProjects.Spector.Tests.Http._Type.Property.AdditionalProperties.AdditionalPropertiesTests" name="IsModelArrayGet" />
    </UnitTest>
    <UnitTest name="ExtendsStringGet" storage="/home/runner/work/typespec/typespec/packages/http-client-csharp/generator/artifacts/bin/testprojects.spector.tests/debug/net8.0/testprojects.spector.tests.dll" id="ea93ada1-d851-38d7-e6ad-05dc7326d4da">
      <Execution id="b951a50d-dcf6-4cdc-a583-37351bea81a2" />
      <TestMethod codeBase="/home/runner/work/typespec/typespec/packages/http-client-csharp/generator/artifacts/bin/TestProjects.Spector.Tests/Debug/net8.0/TestProjects.Spector.Tests.dll" adapterTypeName="executor://nunit3testexecutor/" className="TestProjects.Spector.Tests.Http._Type.Property.AdditionalProperties.AdditionalPropertiesTests" name="ExtendsStringGet" />
    </UnitTest>
    <UnitTest name="BytesPatchNonNull" storage="/home/runner/work/typespec/typespec/packages/http-client-csharp/generator/artifacts/bin/testprojects.spector.tests/debug/net8.0/testprojects.spector.tests.dll" id="a45c7eec-eefc-21e5-2395-81488af44924">
      <Execution id="3a91ae18-d61b-45af-847a-d68033d1c1d2" />
      <TestMethod codeBase="/home/runner/work/typespec/typespec/packages/http-client-csharp/generator/artifacts/bin/TestProjects.Spector.Tests/Debug/net8.0/TestProjects.Spector.Tests.dll" adapterTypeName="executor://nunit3testexecutor/" className="TestProjects.Spector.Tests.Http._Type.Property.Nullable.NullableTests" name="BytesPatchNonNull" />
    </UnitTest>
    <UnitTest name="UnknownDictGet" storage="/home/runner/work/typespec/typespec/packages/http-client-csharp/generator/artifacts/bin/testprojects.spector.tests/debug/net8.0/testprojects.spector.tests.dll" id="e524475f-5f2c-7463-f45c-b989840b75cb">
      <Execution id="7fcb5471-ee2c-4561-abc3-76089c7633b4" />
      <TestMethod codeBase="/home/runner/work/typespec/typespec/packages/http-client-csharp/generator/artifacts/bin/TestProjects.Spector.Tests/Debug/net8.0/TestProjects.Spector.Tests.dll" adapterTypeName="executor://nunit3testexecutor/" className="TestProjects.Spector.Tests.Http._Type.Property.ValueTypes.ValueTypesTests" name="UnknownDictGet" />
    </UnitTest>
    <UnitTest name="QueryBase64url" storage="/home/runner/work/typespec/typespec/packages/http-client-csharp/generator/artifacts/bin/testprojects.spector.tests/debug/net8.0/testprojects.spector.tests.dll" id="afe3e6ea-e61d-c342-7dde-75e47beacd52">
      <Execution id="52b0bb14-c1bc-4b4c-a81f-8ef1b167112f" />
      <TestMethod codeBase="/home/runner/work/typespec/typespec/packages/http-client-csharp/generator/artifacts/bin/TestProjects.Spector.Tests/Debug/net8.0/TestProjects.Spector.Tests.dll" adapterTypeName="executor://nunit3testexecutor/" className="TestProjects.Spector.Tests.Http.Encode.Bytes.EncodeBytesTests" name="QueryBase64url" />
    </UnitTest>
    <UnitTest name="ParametersWithExceptAsync" storage="/home/runner/work/typespec/typespec/packages/http-client-csharp/generator/artifacts/bin/testprojects.spector.tests/debug/net8.0/testprojects.spector.tests.dll" id="81f9da1a-9b48-653b-ded6-f5036ebc7fc8">
      <Execution id="adce0769-255a-4000-9e6d-ee83dfc014e1" />
      <TestMethod codeBase="/home/runner/work/typespec/typespec/packages/http-client-csharp/generator/artifacts/bin/TestProjects.Spector.Tests/Debug/net8.0/TestProjects.Spector.Tests.dll" adapterTypeName="executor://nunit3testexecutor/" className="TestProjects.Spector.Tests.Http.SpecialWords.SpecialWordsTests" name="ParametersWithExceptAsync" />
    </UnitTest>
    <UnitTest name="Client_Structure_default_Three" storage="/home/runner/work/typespec/typespec/packages/http-client-csharp/generator/artifacts/bin/testprojects.spector.tests/debug/net8.0/testprojects.spector.tests.dll" id="a021d11e-3f66-cba6-253c-050986106ead">
      <Execution id="0d6e764f-8c8b-4476-8b67-3dda312aefdc" />
      <TestMethod codeBase="/home/runner/work/typespec/typespec/packages/http-client-csharp/generator/artifacts/bin/TestProjects.Spector.Tests/Debug/net8.0/TestProjects.Spector.Tests.dll" adapterTypeName="executor://nunit3testexecutor/" className="TestProjects.Spector.Tests.Http.Client.Structure.Default.DefaultTests" name="Client_Structure_default_Three" />
    </UnitTest>
    <UnitTest name="IsUnknownDerivedGet" storage="/home/runner/work/typespec/typespec/packages/http-client-csharp/generator/artifacts/bin/testprojects.spector.tests/debug/net8.0/testprojects.spector.tests.dll" id="b4ae6cd0-209a-9596-96c4-8d34792df1ed">
      <Execution id="0e68e3a5-800c-45de-b42d-266c25880dfc" />
      <TestMethod codeBase="/home/runner/work/typespec/typespec/packages/http-client-csharp/generator/artifacts/bin/TestProjects.Spector.Tests/Debug/net8.0/TestProjects.Spector.Tests.dll" adapterTypeName="executor://nunit3testexecutor/" className="TestProjects.Spector.Tests.Http._Type.Property.AdditionalProperties.AdditionalPropertiesTests" name="IsUnknownDerivedGet" />
    </UnitTest>
    <UnitTest name="StringGet" storage="/home/runner/work/typespec/typespec/packages/http-client-csharp/generator/artifacts/bin/testprojects.spector.tests/debug/net8.0/testprojects.spector.tests.dll" id="0a2b377d-efba-dc00-2e8a-4a8a612eeb62">
      <Execution id="0d76b472-d0e5-4a14-be14-048bd2f8dea5" />
      <TestMethod codeBase="/home/runner/work/typespec/typespec/packages/http-client-csharp/generator/artifacts/bin/TestProjects.Spector.Tests/Debug/net8.0/TestProjects.Spector.Tests.dll" adapterTypeName="executor://nunit3testexecutor/" className="TestProjects.Spector.Tests.Http._Type.Property.ValueTypes.ValueTypesTests" name="StringGet" />
    </UnitTest>
    <UnitTest name="QueryDefault" storage="/home/runner/work/typespec/typespec/packages/http-client-csharp/generator/artifacts/bin/testprojects.spector.tests/debug/net8.0/testprojects.spector.tests.dll" id="0fcd6ed2-9b82-b675-1d9d-a2c6210977c6">
      <Execution id="e7b3d318-e514-459c-be94-3c0ee961f0c0" />
      <TestMethod codeBase="/home/runner/work/typespec/typespec/packages/http-client-csharp/generator/artifacts/bin/TestProjects.Spector.Tests/Debug/net8.0/TestProjects.Spector.Tests.dll" adapterTypeName="executor://nunit3testexecutor/" className="TestProjects.Spector.Tests.Http.Encode.Bytes.EncodeBytesTests" name="QueryDefault" />
    </UnitTest>
    <UnitTest name="QueryExpansionExplodeRecord" storage="/home/runner/work/typespec/typespec/packages/http-client-csharp/generator/artifacts/bin/testprojects.spector.tests/debug/net8.0/testprojects.spector.tests.dll" id="8b5c01eb-3daf-d3da-7adc-83346970f921">
      <Execution id="17efa271-a9ea-4ff1-99e4-c341a49135f7" />
      <TestMethod codeBase="/home/runner/work/typespec/typespec/packages/http-client-csharp/generator/artifacts/bin/TestProjects.Spector.Tests/Debug/net8.0/TestProjects.Spector.Tests.dll" adapterTypeName="executor://nunit3testexecutor/" className="TestProjects.Spector.Tests.Http.Routes.QueryParameterTests" name="QueryExpansionExplodeRecord" />
    </UnitTest>
    <UnitTest name="CollectionsModelPutAll" storage="/home/runner/work/typespec/typespec/packages/http-client-csharp/generator/artifacts/bin/testprojects.spector.tests/debug/net8.0/testprojects.spector.tests.dll" id="7e5f87a8-3e86-baa3-41b1-cbee2b76fd99">
      <Execution id="3a4282d6-6d43-4d94-bcad-edc090b89e31" />
      <TestMethod codeBase="/home/runner/work/typespec/typespec/packages/http-client-csharp/generator/artifacts/bin/TestProjects.Spector.Tests/Debug/net8.0/TestProjects.Spector.Tests.dll" adapterTypeName="executor://nunit3testexecutor/" className="TestProjects.Spector.Tests.Http._Type.Property.Optionality.OptionalityTests" name="CollectionsModelPutAll" />
    </UnitTest>
    <UnitTest name="BytesGet" storage="/home/runner/work/typespec/typespec/packages/http-client-csharp/generator/artifacts/bin/testprojects.spector.tests/debug/net8.0/testprojects.spector.tests.dll" id="a23a82db-6a0c-f496-ce1d-906a455da103">
      <Execution id="26777841-b54b-46c7-b9e5-e0cde0cfb439" />
      <TestMethod codeBase="/home/runner/work/typespec/typespec/packages/http-client-csharp/generator/artifacts/bin/TestProjects.Spector.Tests/Debug/net8.0/TestProjects.Spector.Tests.dll" adapterTypeName="executor://nunit3testexecutor/" className="TestProjects.Spector.Tests.Http._Type.Property.ValueTypes.ValueTypesTests" name="BytesGet" />
    </UnitTest>
    <UnitTest name="OperationsTryAsync" storage="/home/runner/work/typespec/typespec/packages/http-client-csharp/generator/artifacts/bin/testprojects.spector.tests/debug/net8.0/testprojects.spector.tests.dll" id="6803ab4a-a38f-9af4-a787-e725955bb02e">
      <Execution id="3cd4aed6-622e-4962-a830-cd32a4302d1b" />
      <TestMethod codeBase="/home/runner/work/typespec/typespec/packages/http-client-csharp/generator/artifacts/bin/TestProjects.Spector.Tests/Debug/net8.0/TestProjects.Spector.Tests.dll" adapterTypeName="executor://nunit3testexecutor/" className="TestProjects.Spector.Tests.Http.SpecialWords.SpecialWordsTests" name="OperationsTryAsync" />
    </UnitTest>
    <UnitTest name="HeaderISO8601" storage="/home/runner/work/typespec/typespec/packages/http-client-csharp/generator/artifacts/bin/testprojects.spector.tests/debug/net8.0/testprojects.spector.tests.dll" id="634be660-ab2b-1395-2050-4b29a1eded1c">
      <Execution id="7d828bc1-113c-465d-9e7e-18a7a7b2c3f2" />
      <TestMethod codeBase="/home/runner/work/typespec/typespec/packages/http-client-csharp/generator/artifacts/bin/TestProjects.Spector.Tests/Debug/net8.0/TestProjects.Spector.Tests.dll" adapterTypeName="executor://nunit3testexecutor/" className="TestProjects.Spector.Tests.Http.Encode.Duration.EncodeDurationTests" name="HeaderISO8601" />
    </UnitTest>
    <UnitTest name="Client_Structure_default_methods(Client.Structure.Service.Foo,[&quot;Three&quot;, &quot;Four&quot;])" storage="/home/runner/work/typespec/typespec/packages/http-client-csharp/generator/artifacts/bin/testprojects.spector.tests/debug/net8.0/testprojects.spector.tests.dll" id="be790eca-be0c-4c86-777d-4d7fd934afb8">
      <Execution id="a6f500e0-1221-427d-a5bf-ffcf1b87e226" />
      <TestMethod codeBase="/home/runner/work/typespec/typespec/packages/http-client-csharp/generator/artifacts/bin/TestProjects.Spector.Tests/Debug/net8.0/TestProjects.Spector.Tests.dll" adapterTypeName="executor://nunit3testexecutor/" className="TestProjects.Spector.Tests.Http.Client.Structure.Default.DefaultTests" name="Client_Structure_default_methods(Client.Structure.Service.Foo,[&quot;Three&quot;, &quot;Four&quot;])" />
    </UnitTest>
    <UnitTest name="RoundTripWithJsonInterfaceUtf8ReaderNonGenericWire" storage="/home/runner/work/typespec/typespec/packages/http-client-csharp/generator/artifacts/bin/testprojects.spector.tests/debug/net8.0/testprojects.spector.tests.dll" id="777451b0-0b07-094b-2b5a-444b06d1abb2">
      <Execution id="f19355cb-45eb-4c5d-acab-2a5de2a67636" />
      <TestMethod codeBase="/home/runner/work/typespec/typespec/packages/http-client-csharp/generator/artifacts/bin/TestProjects.Spector.Tests/Debug/net8.0/TestProjects.Spector.Tests.dll" adapterTypeName="executor://nunit3testexecutor/" className="TestProjects.Spector.Tests.Http._Type.Model.Inheritance.SingleDiscriminator.EagleTests" name="RoundTripWithJsonInterfaceUtf8ReaderNonGenericWire" />
    </UnitTest>
    <UnitTest name="RoundTripWithModelReaderWriterJson" storage="/home/runner/work/typespec/typespec/packages/http-client-csharp/generator/artifacts/bin/testprojects.spector.tests/debug/net8.0/testprojects.spector.tests.dll" id="0079a8b4-6783-22c6-8645-7240170f1f97">
      <Execution id="69dd0c21-e69b-410f-b777-34e17784e44f" />
      <TestMethod codeBase="/home/runner/work/typespec/typespec/packages/http-client-csharp/generator/artifacts/bin/TestProjects.Spector.Tests/Debug/net8.0/TestProjects.Spector.Tests.dll" adapterTypeName="executor://nunit3testexecutor/" className="TestProjects.Spector.Tests.Http._Type.Property.AdditionalProperties.DifferentSpreadStringDerivedTests" name="RoundTripWithModelReaderWriterJson" />
    </UnitTest>
    <UnitTest name="Client_Structure_default_Six" storage="/home/runner/work/typespec/typespec/packages/http-client-csharp/generator/artifacts/bin/testprojects.spector.tests/debug/net8.0/testprojects.spector.tests.dll" id="4ebceb0a-8c67-94cb-f060-84037259d0e4">
      <Execution id="4d0e6615-eb44-4b4b-8fcf-6c9295acdaf9" />
      <TestMethod codeBase="/home/runner/work/typespec/typespec/packages/http-client-csharp/generator/artifacts/bin/TestProjects.Spector.Tests/Debug/net8.0/TestProjects.Spector.Tests.dll" adapterTypeName="executor://nunit3testexecutor/" className="TestProjects.Spector.Tests.Http.Client.Structure.Default.DefaultTests" name="Client_Structure_default_Six" />
    </UnitTest>
    <UnitTest name="Versioning_Removed_V3Model" storage="/home/runner/work/typespec/typespec/packages/http-client-csharp/generator/artifacts/bin/testprojects.spector.tests/debug/net8.0/testprojects.spector.tests.dll" id="bd111570-0293-3846-5332-85f9342c992c">
      <Execution id="a979739d-1b6a-4511-8508-d1c45a26fd06" />
      <TestMethod codeBase="/home/runner/work/typespec/typespec/packages/http-client-csharp/generator/artifacts/bin/TestProjects.Spector.Tests/Debug/net8.0/TestProjects.Spector.Tests.dll" adapterTypeName="executor://nunit3testexecutor/" className="TestProjects.Spector.Tests.Http.Versioning.Removed.V1.VersioningRemovedV1Tests" name="Versioning_Removed_V3Model" />
    </UnitTest>
    <UnitTest name="Base64urlArrayBytesProperty" storage="/home/runner/work/typespec/typespec/packages/http-client-csharp/generator/artifacts/bin/testprojects.spector.tests/debug/net8.0/testprojects.spector.tests.dll" id="1c51855e-4fa2-b7b8-23e1-4594d73e5197">
      <Execution id="8535d0f2-fbda-49a0-8635-c44ba78691fd" />
      <TestMethod codeBase="/home/runner/work/typespec/typespec/packages/http-client-csharp/generator/artifacts/bin/TestProjects.Spector.Tests/Debug/net8.0/TestProjects.Spector.Tests.dll" adapterTypeName="executor://nunit3testexecutor/" className="TestProjects.Spector.Tests.Http.Encode.Bytes.EncodeBytesTests" name="Base64urlArrayBytesProperty" />
    </UnitTest>
    <UnitTest name="MultipleSpreadPut" storage="/home/runner/work/typespec/typespec/packages/http-client-csharp/generator/artifacts/bin/testprojects.spector.tests/debug/net8.0/testprojects.spector.tests.dll" id="36f26abf-6f47-6a48-f5c7-088766d73251">
      <Execution id="c1ad1a52-c452-4fc7-b4ed-7da0769a3185" />
      <TestMethod codeBase="/home/runner/work/typespec/typespec/packages/http-client-csharp/generator/artifacts/bin/TestProjects.Spector.Tests/Debug/net8.0/TestProjects.Spector.Tests.dll" adapterTypeName="executor://nunit3testexecutor/" className="TestProjects.Spector.Tests.Http._Type.Property.AdditionalProperties.AdditionalPropertiesTests" name="MultipleSpreadPut" />
    </UnitTest>
    <UnitTest name="ThrowsIfWireIsNotJson" storage="/home/runner/work/typespec/typespec/packages/http-client-csharp/generator/artifacts/bin/testprojects.spector.tests/debug/net8.0/testprojects.spector.tests.dll" id="2093b017-9f87-d886-777d-474d68401442">
      <Execution id="6984e9f6-dcaf-4085-8715-d22a348f0750" />
      <TestMethod codeBase="/home/runner/work/typespec/typespec/packages/http-client-csharp/generator/artifacts/bin/TestProjects.Spector.Tests/Debug/net8.0/TestProjects.Spector.Tests.dll" adapterTypeName="executor://nunit3testexecutor/" className="TestProjects.Spector.Tests.Http._Type.Property.AdditionalProperties.DifferentSpreadStringDerivedTests" name="ThrowsIfWireIsNotJson" />
    </UnitTest>
    <UnitTest name="RenamedTwo" storage="/home/runner/work/typespec/typespec/packages/http-client-csharp/generator/artifacts/bin/testprojects.spector.tests/debug/net8.0/testprojects.spector.tests.dll" id="8bcf2340-1c95-c1d7-e818-316b5fa995b6">
      <Execution id="0553b785-ad97-43ec-bd87-2c1fda5f577d" />
      <TestMethod codeBase="/home/runner/work/typespec/typespec/packages/http-client-csharp/generator/artifacts/bin/TestProjects.Spector.Tests/Debug/net8.0/TestProjects.Spector.Tests.dll" adapterTypeName="executor://nunit3testexecutor/" className="TestProjects.Spector.Tests.Http.Client.Structure.MultiClient.MultiClientTests" name="RenamedTwo" />
    </UnitTest>
    <UnitTest name="ModelsWithOrAsync" storage="/home/runner/work/typespec/typespec/packages/http-client-csharp/generator/artifacts/bin/testprojects.spector.tests/debug/net8.0/testprojects.spector.tests.dll" id="50f5a27b-3f63-8891-fc33-32982a3fc7e2">
      <Execution id="cd2acc47-d8e9-4627-a456-177ea67da992" />
      <TestMethod codeBase="/home/runner/work/typespec/typespec/packages/http-client-csharp/generator/artifacts/bin/TestProjects.Spector.Tests/Debug/net8.0/TestProjects.Spector.Tests.dll" adapterTypeName="executor://nunit3testexecutor/" className="TestProjects.Spector.Tests.Http.SpecialWords.SpecialWordsTests" name="ModelsWithOrAsync" />
    </UnitTest>
    <UnitTest name="PutModel" storage="/home/runner/work/typespec/typespec/packages/http-client-csharp/generator/artifacts/bin/testprojects.spector.tests/debug/net8.0/testprojects.spector.tests.dll" id="b882edcc-97af-c9f9-19cf-3bd7796010b0">
      <Execution id="8338f673-4115-43a8-b26e-ad42b86fe208" />
      <TestMethod codeBase="/home/runner/work/typespec/typespec/packages/http-client-csharp/generator/artifacts/bin/TestProjects.Spector.Tests/Debug/net8.0/TestProjects.Spector.Tests.dll" adapterTypeName="executor://nunit3testexecutor/" className="TestProjects.Spector.Tests.Http._Type.Model.Inheritance.NestedDiscriminator.NestedDiscriminatorTests" name="PutModel" />
    </UnitTest>
    <UnitTest name="GetValid" storage="/home/runner/work/typespec/typespec/packages/http-client-csharp/generator/artifacts/bin/testprojects.spector.tests/debug/net8.0/testprojects.spector.tests.dll" id="71d819df-4747-5813-a46c-45a112baebb1">
      <Execution id="4bc60db5-6535-4284-ae3d-d1abf72d5495" />
      <TestMethod codeBase="/home/runner/work/typespec/typespec/packages/http-client-csharp/generator/artifacts/bin/TestProjects.Spector.Tests/Debug/net8.0/TestProjects.Spector.Tests.dll" adapterTypeName="executor://nunit3testexecutor/" className="TestProjects.Spector.Tests.Http._Type.Model.Inheritance.NotDiscriminated.NotDiscriminatedTests" name="GetValid" />
    </UnitTest>
    <UnitTest name="PropertyInt32Seconds" storage="/home/runner/work/typespec/typespec/packages/http-client-csharp/generator/artifacts/bin/testprojects.spector.tests/debug/net8.0/testprojects.spector.tests.dll" id="aa21fbc1-b1d6-bb4b-7738-2272aff56480">
      <Execution id="fec410d0-39a9-44a5-8bf8-15eec4f607f5" />
      <TestMethod codeBase="/home/runner/work/typespec/typespec/packages/http-client-csharp/generator/artifacts/bin/TestProjects.Spector.Tests/Debug/net8.0/TestProjects.Spector.Tests.dll" adapterTypeName="executor://nunit3testexecutor/" className="TestProjects.Spector.Tests.Http.Encode.Duration.EncodeDurationTests" name="PropertyInt32Seconds" />
    </UnitTest>
    <UnitTest name="ExtendsDifferentSpreadModelPut" storage="/home/runner/work/typespec/typespec/packages/http-client-csharp/generator/artifacts/bin/testprojects.spector.tests/debug/net8.0/testprojects.spector.tests.dll" id="14851252-8f42-1e29-1fe9-f107bcb483a4">
      <Execution id="8dda31b9-c3bc-481b-a6f6-093366adcb9c" />
      <TestMethod codeBase="/home/runner/work/typespec/typespec/packages/http-client-csharp/generator/artifacts/bin/TestProjects.Spector.Tests/Debug/net8.0/TestProjects.Spector.Tests.dll" adapterTypeName="executor://nunit3testexecutor/" className="TestProjects.Spector.Tests.Http._Type.Property.AdditionalProperties.AdditionalPropertiesTests" name="ExtendsDifferentSpreadModelPut" />
    </UnitTest>
    <UnitTest name="GetModel" storage="/home/runner/work/typespec/typespec/packages/http-client-csharp/generator/artifacts/bin/testprojects.spector.tests/debug/net8.0/testprojects.spector.tests.dll" id="5fdcf191-419c-9f21-c545-6fbfe871b739">
      <Execution id="2aef004b-2479-4af4-bc0f-8037d66779de" />
      <TestMethod codeBase="/home/runner/work/typespec/typespec/packages/http-client-csharp/generator/artifacts/bin/TestProjects.Spector.Tests/Debug/net8.0/TestProjects.Spector.Tests.dll" adapterTypeName="executor://nunit3testexecutor/" className="TestProjects.Spector.Tests.Http._Type.Model.Inheritance.SingleDiscriminator.SingleDiscriminatorTests" name="GetModel" />
    </UnitTest>
    <UnitTest name="ThrowsIfUnknownFormat" storage="/home/runner/work/typespec/typespec/packages/http-client-csharp/generator/artifacts/bin/testprojects.spector.tests/debug/net8.0/testprojects.spector.tests.dll" id="3da7f6f2-0f83-a936-5073-8a10fbd29d04">
      <Execution id="3f10149f-5724-4787-b941-95cbbf10bff8" />
      <TestMethod codeBase="/home/runner/work/typespec/typespec/packages/http-client-csharp/generator/artifacts/bin/TestProjects.Spector.Tests/Debug/net8.0/TestProjects.Spector.Tests.dll" adapterTypeName="executor://nunit3testexecutor/" className="TestProjects.Spector.Tests.Http._Type.Property.AdditionalProperties.DifferentSpreadStringDerivedTests" name="ThrowsIfUnknownFormat" />
    </UnitTest>
    <UnitTest name="NullableStringValueGet" storage="/home/runner/work/typespec/typespec/packages/http-client-csharp/generator/artifacts/bin/testprojects.spector.tests/debug/net8.0/testprojects.spector.tests.dll" id="637b301a-e43c-c84a-acde-33e031695ce9">
      <Execution id="47d7a058-fbb9-4c46-ad5a-a50bc4c930d6" />
      <TestMethod codeBase="/home/runner/work/typespec/typespec/packages/http-client-csharp/generator/artifacts/bin/TestProjects.Spector.Tests/Debug/net8.0/TestProjects.Spector.Tests.dll" adapterTypeName="executor://nunit3testexecutor/" className="TestProjects.Spector.Tests.Http._Type._Array.ArrayTests" name="NullableStringValueGet" />
    </UnitTest>
    <UnitTest name="Versioning_MadeOptional_Test" storage="/home/runner/work/typespec/typespec/packages/http-client-csharp/generator/artifacts/bin/testprojects.spector.tests/debug/net8.0/testprojects.spector.tests.dll" id="510f3d0a-9cf0-2c11-ea2e-10d2af875119">
      <Execution id="63360d32-4df8-4c0a-b7d7-64e4eabe2203" />
      <TestMethod codeBase="/home/runner/work/typespec/typespec/packages/http-client-csharp/generator/artifacts/bin/TestProjects.Spector.Tests/Debug/net8.0/TestProjects.Spector.Tests.dll" adapterTypeName="executor://nunit3testexecutor/" className="TestProjects.Spector.Tests.Http.Versioning.MadeOptional.V2.VersioningMadeOptionalV2Tests" name="Versioning_MadeOptional_Test" />
    </UnitTest>
    <UnitTest name="QueryFloat64Seconds" storage="/home/runner/work/typespec/typespec/packages/http-client-csharp/generator/artifacts/bin/testprojects.spector.tests/debug/net8.0/testprojects.spector.tests.dll" id="fc547443-adb7-bf09-5943-6f8209bac2e7">
      <Execution id="ef2bf182-7fad-445e-8ae9-f518a0d3474b" />
      <TestMethod codeBase="/home/runner/work/typespec/typespec/packages/http-client-csharp/generator/artifacts/bin/TestProjects.Spector.Tests/Debug/net8.0/TestProjects.Spector.Tests.dll" adapterTypeName="executor://nunit3testexecutor/" className="TestProjects.Spector.Tests.Http.Encode.Duration.EncodeDurationTests" name="QueryFloat64Seconds" />
    </UnitTest>
    <UnitTest name="BooleanLiteralPutAll" storage="/home/runner/work/typespec/typespec/packages/http-client-csharp/generator/artifacts/bin/testprojects.spector.tests/debug/net8.0/testprojects.spector.tests.dll" id="a58f8daf-8f4f-8c7f-fa59-bbde15d4b1b5">
      <Execution id="f8ccbd91-ffac-4663-948e-29b7d0e6bc62" />
      <TestMethod codeBase="/home/runner/work/typespec/typespec/packages/http-client-csharp/generator/artifacts/bin/TestProjects.Spector.Tests/Debug/net8.0/TestProjects.Spector.Tests.dll" adapterTypeName="executor://nunit3testexecutor/" className="TestProjects.Spector.Tests.Http._Type.Property.Optionality.OptionalityTests" name="BooleanLiteralPutAll" />
    </UnitTest>
    <UnitTest name="ModelsWithWithAsync" storage="/home/runner/work/typespec/typespec/packages/http-client-csharp/generator/artifacts/bin/testprojects.spector.tests/debug/net8.0/testprojects.spector.tests.dll" id="229f9d2d-b82f-47d7-553f-2b2724ce977a">
      <Execution id="eb32951a-3b88-4151-aaed-082d5e70f975" />
      <TestMethod codeBase="/home/runner/work/typespec/typespec/packages/http-client-csharp/generator/artifacts/bin/TestProjects.Spector.Tests/Debug/net8.0/TestProjects.Spector.Tests.dll" adapterTypeName="executor://nunit3testexecutor/" className="TestProjects.Spector.Tests.Http.SpecialWords.SpecialWordsTests" name="ModelsWithWithAsync" />
    </UnitTest>
    <UnitTest name="AddOperation" storage="/home/runner/work/typespec/typespec/packages/http-client-csharp/generator/artifacts/bin/testprojects.spector.tests/debug/net8.0/testprojects.spector.tests.dll" id="614f00b6-8d9f-fa8f-4906-93142ca479df">
      <Execution id="731839c4-f2cf-4924-ba07-a60a318d475f" />
      <TestMethod codeBase="/home/runner/work/typespec/typespec/packages/http-client-csharp/generator/artifacts/bin/TestProjects.Spector.Tests/Debug/net8.0/TestProjects.Spector.Tests.dll" adapterTypeName="executor://nunit3testexecutor/" className="TestProjects.Spector.Tests.Http.Resiliency.SrvDriven.V2.SrvDrivenV2Tests" name="AddOperation" />
    </UnitTest>
    <UnitTest name="FloatLiteralGetAll" storage="/home/runner/work/typespec/typespec/packages/http-client-csharp/generator/artifacts/bin/testprojects.spector.tests/debug/net8.0/testprojects.spector.tests.dll" id="86b69d09-4fa7-8a8f-0fa9-37523c65b41c">
      <Execution id="b62bb878-166e-4e41-b2fb-6d16343cb981" />
      <TestMethod codeBase="/home/runner/work/typespec/typespec/packages/http-client-csharp/generator/artifacts/bin/TestProjects.Spector.Tests/Debug/net8.0/TestProjects.Spector.Tests.dll" adapterTypeName="executor://nunit3testexecutor/" className="TestProjects.Spector.Tests.Http._Type.Property.Optionality.OptionalityTests" name="FloatLiteralGetAll" />
    </UnitTest>
    <UnitTest name="Parameters_BodyOptionality_requiredExplicit" storage="/home/runner/work/typespec/typespec/packages/http-client-csharp/generator/artifacts/bin/testprojects.spector.tests/debug/net8.0/testprojects.spector.tests.dll" id="47468728-e188-8663-4de2-79f2d19837c4">
      <Execution id="2c1ffd9a-c337-4185-b511-1ef8f531d16b" />
      <TestMethod codeBase="/home/runner/work/typespec/typespec/packages/http-client-csharp/generator/artifacts/bin/TestProjects.Spector.Tests/Debug/net8.0/TestProjects.Spector.Tests.dll" adapterTypeName="executor://nunit3testexecutor/" className="TestProjects.Spector.Tests.Http.Parameters.BodyOptionality.BodyOptionalityTests" name="Parameters_BodyOptionality_requiredExplicit" />
    </UnitTest>
    <UnitTest name="ParametersWithForAsync" storage="/home/runner/work/typespec/typespec/packages/http-client-csharp/generator/artifacts/bin/testprojects.spector.tests/debug/net8.0/testprojects.spector.tests.dll" id="9df696e6-197b-30b3-2c58-4d63836eeaed">
      <Execution id="8bef08c5-bd36-429c-9ab1-a9170d7bd906" />
      <TestMethod codeBase="/home/runner/work/typespec/typespec/packages/http-client-csharp/generator/artifacts/bin/TestProjects.Spector.Tests/Debug/net8.0/TestProjects.Spector.Tests.dll" adapterTypeName="executor://nunit3testexecutor/" className="TestProjects.Spector.Tests.Http.SpecialWords.SpecialWordsTests" name="ParametersWithForAsync" />
    </UnitTest>
    <UnitTest name="RenamedFive" storage="/home/runner/work/typespec/typespec/packages/http-client-csharp/generator/artifacts/bin/testprojects.spector.tests/debug/net8.0/testprojects.spector.tests.dll" id="deb47c0a-77fc-3131-96f9-09075f906b0f">
      <Execution id="08dfbf29-18ff-4a13-bc11-511e40d43a0e" />
      <TestMethod codeBase="/home/runner/work/typespec/typespec/packages/http-client-csharp/generator/artifacts/bin/TestProjects.Spector.Tests/Debug/net8.0/TestProjects.Spector.Tests.dll" adapterTypeName="executor://nunit3testexecutor/" className="TestProjects.Spector.Tests.Http.Client.Structure.MultiClient.MultiClientTests" name="RenamedFive" />
    </UnitTest>
    <UnitTest name="CollectionsBytePatchNull" storage="/home/runner/work/typespec/typespec/packages/http-client-csharp/generator/artifacts/bin/testprojects.spector.tests/debug/net8.0/testprojects.spector.tests.dll" id="3b0d1b55-e460-919c-25a2-e0f33d77f1cf">
      <Execution id="76f662ee-b0f3-4772-b1d7-753d05f7d8cb" />
      <TestMethod codeBase="/home/runner/work/typespec/typespec/packages/http-client-csharp/generator/artifacts/bin/TestProjects.Spector.Tests/Debug/net8.0/TestProjects.Spector.Tests.dll" adapterTypeName="executor://nunit3testexecutor/" className="TestProjects.Spector.Tests.Http._Type.Property.Nullable.NullableTests" name="CollectionsBytePatchNull" />
    </UnitTest>
    <UnitTest name="Input" storage="/home/runner/work/typespec/typespec/packages/http-client-csharp/generator/artifacts/bin/testprojects.spector.tests/debug/net8.0/testprojects.spector.tests.dll" id="dc64ce54-bfa1-04d9-a277-a7eb18a1f02e">
      <Execution id="706034f5-56c2-444b-b9b5-25da4ec4aabd" />
      <TestMethod codeBase="/home/runner/work/typespec/typespec/packages/http-client-csharp/generator/artifacts/bin/TestProjects.Spector.Tests/Debug/net8.0/TestProjects.Spector.Tests.dll" adapterTypeName="executor://nunit3testexecutor/" className="TestProjects.Spector.Tests.Http._Type.Model.Usage.UsageTests" name="Input" />
    </UnitTest>
    <UnitTest name="IntPut" storage="/home/runner/work/typespec/typespec/packages/http-client-csharp/generator/artifacts/bin/testprojects.spector.tests/debug/net8.0/testprojects.spector.tests.dll" id="ac1d21fd-4176-c013-ba8c-c7c73ec8c27b">
      <Execution id="7e7a5736-7c15-4522-8447-346600b6f4c4" />
      <TestMethod codeBase="/home/runner/work/typespec/typespec/packages/http-client-csharp/generator/artifacts/bin/TestProjects.Spector.Tests/Debug/net8.0/TestProjects.Spector.Tests.dll" adapterTypeName="executor://nunit3testexecutor/" className="TestProjects.Spector.Tests.Http._Type.Property.ValueTypes.ValueTypesTests" name="IntPut" />
    </UnitTest>
    <UnitTest name="RoundTripWithJsonInterfaceOfTJson" storage="/home/runner/work/typespec/typespec/packages/http-client-csharp/generator/artifacts/bin/testprojects.spector.tests/debug/net8.0/testprojects.spector.tests.dll" id="232965ff-d930-6802-722e-9ba1c58e44b2">
      <Execution id="0dac28db-ff0f-4d4b-8d89-f166e5928826" />
      <TestMethod codeBase="/home/runner/work/typespec/typespec/packages/http-client-csharp/generator/artifacts/bin/TestProjects.Spector.Tests/Debug/net8.0/TestProjects.Spector.Tests.dll" adapterTypeName="executor://nunit3testexecutor/" className="TestProjects.Spector.Tests.Http._Type.Model.Inheritance.SingleDiscriminator.EagleTests" name="RoundTripWithJsonInterfaceOfTJson" />
    </UnitTest>
    <UnitTest name="RoundTripWithModelInterfaceWire" storage="/home/runner/work/typespec/typespec/packages/http-client-csharp/generator/artifacts/bin/testprojects.spector.tests/debug/net8.0/testprojects.spector.tests.dll" id="154c2543-3b03-d18b-1e75-6232e8195a78">
      <Execution id="ea18a2b2-e107-43b4-9c35-bea982ff3190" />
      <TestMethod codeBase="/home/runner/work/typespec/typespec/packages/http-client-csharp/generator/artifacts/bin/TestProjects.Spector.Tests/Debug/net8.0/TestProjects.Spector.Tests.dll" adapterTypeName="executor://nunit3testexecutor/" className="TestProjects.Spector.Tests.Http._Type.Property.AdditionalProperties.DifferentSpreadStringDerivedTests" name="RoundTripWithModelInterfaceWire" />
    </UnitTest>
    <UnitTest name="Decimal128VerifyVerify" storage="/home/runner/work/typespec/typespec/packages/http-client-csharp/generator/artifacts/bin/testprojects.spector.tests/debug/net8.0/testprojects.spector.tests.dll" id="449b9e3a-c0f6-4c58-ea9c-a84bad8363d1">
      <Execution id="35a805c1-0f50-4aa4-99ed-2b312a29aa1d" />
      <TestMethod codeBase="/home/runner/work/typespec/typespec/packages/http-client-csharp/generator/artifacts/bin/TestProjects.Spector.Tests/Debug/net8.0/TestProjects.Spector.Tests.dll" adapterTypeName="executor://nunit3testexecutor/" className="TestProjects.Spector.Tests.Http._Type.Scalar.ScalarTests" name="Decimal128VerifyVerify" />
    </UnitTest>
    <UnitTest name="BytesGetDefault" storage="/home/runner/work/typespec/typespec/packages/http-client-csharp/generator/artifacts/bin/testprojects.spector.tests/debug/net8.0/testprojects.spector.tests.dll" id="d474cf74-92c5-849f-167c-5214d785f2b3">
      <Execution id="9ecdb7fc-43d9-4b44-a4b1-e8eeb24f0a92" />
      <TestMethod codeBase="/home/runner/work/typespec/typespec/packages/http-client-csharp/generator/artifacts/bin/TestProjects.Spector.Tests/Debug/net8.0/TestProjects.Spector.Tests.dll" adapterTypeName="executor://nunit3testexecutor/" className="TestProjects.Spector.Tests.Http._Type.Property.Optionality.OptionalityTests" name="BytesGetDefault" />
    </UnitTest>
    <UnitTest name="RoundTripWithModelReaderWriterNonGenericJson" storage="/home/runner/work/typespec/typespec/packages/http-client-csharp/generator/artifacts/bin/testprojects.spector.tests/debug/net8.0/testprojects.spector.tests.dll" id="72f864a9-4b86-7b6a-d803-c50163fe18bc">
      <Execution id="c1321139-f286-4400-9f87-1e9249d8782c" />
      <TestMethod codeBase="/home/runner/work/typespec/typespec/packages/http-client-csharp/generator/artifacts/bin/TestProjects.Spector.Tests/Debug/net8.0/TestProjects.Spector.Tests.dll" adapterTypeName="executor://nunit3testexecutor/" className="TestProjects.Spector.Tests.Http._Type.Property.AdditionalProperties.DifferentSpreadStringDerivedTests" name="RoundTripWithModelReaderWriterNonGenericJson" />
    </UnitTest>
    <UnitTest name="HeaderISO8601Array" storage="/home/runner/work/typespec/typespec/packages/http-client-csharp/generator/artifacts/bin/testprojects.spector.tests/debug/net8.0/testprojects.spector.tests.dll" id="08adb212-6afa-960b-11fc-1c0577b8ac12">
      <Execution id="977dad26-9610-4f2f-b5de-5bfc1ecadef1" />
      <TestMethod codeBase="/home/runner/work/typespec/typespec/packages/http-client-csharp/generator/artifacts/bin/TestProjects.Spector.Tests/Debug/net8.0/TestProjects.Spector.Tests.dll" adapterTypeName="executor://nunit3testexecutor/" className="TestProjects.Spector.Tests.Http.Encode.Duration.EncodeDurationTests" name="HeaderISO8601Array" />
    </UnitTest>
    <UnitTest name="ParametersWithInAsync" storage="/home/runner/work/typespec/typespec/packages/http-client-csharp/generator/artifacts/bin/testprojects.spector.tests/debug/net8.0/testprojects.spector.tests.dll" id="bfe1b3b8-b577-c8fc-625c-21bcffad831b">
      <Execution id="7d8150a8-2df0-42eb-b3af-22bb1a6bf498" />
      <TestMethod codeBase="/home/runner/work/typespec/typespec/packages/http-client-csharp/generator/artifacts/bin/TestProjects.Spector.Tests/Debug/net8.0/TestProjects.Spector.Tests.dll" adapterTypeName="executor://nunit3testexecutor/" className="TestProjects.Spector.Tests.Http.SpecialWords.SpecialWordsTests" name="ParametersWithInAsync" />
    </UnitTest>
    <UnitTest name="GetAsText" storage="/home/runner/work/typespec/typespec/packages/http-client-csharp/generator/artifacts/bin/testprojects.spector.tests/debug/net8.0/testprojects.spector.tests.dll" id="d8bea81e-18c8-304c-b921-15f11a76a680">
      <Execution id="1b69d070-0d53-49c8-9f25-1127f2ed6034" />
      <TestMethod codeBase="/home/runner/work/typespec/typespec/packages/http-client-csharp/generator/artifacts/bin/TestProjects.Spector.Tests/Debug/net8.0/TestProjects.Spector.Tests.dll" adapterTypeName="executor://nunit3testexecutor/" className="TestProjects.Spector.Tests.Http.Payload.MediaType.MediaTypeTests" name="GetAsText" />
    </UnitTest>
    <UnitTest name="Decimal128TypeRequestParameter" storage="/home/runner/work/typespec/typespec/packages/http-client-csharp/generator/artifacts/bin/testprojects.spector.tests/debug/net8.0/testprojects.spector.tests.dll" id="7378290a-d1d1-94d7-fddb-cdb50a9fdc87">
      <Execution id="bc39d290-00fa-47e1-87f2-3296bbe28133" />
      <TestMethod codeBase="/home/runner/work/typespec/typespec/packages/http-client-csharp/generator/artifacts/bin/TestProjects.Spector.Tests/Debug/net8.0/TestProjects.Spector.Tests.dll" adapterTypeName="executor://nunit3testexecutor/" className="TestProjects.Spector.Tests.Http._Type.Scalar.ScalarTests" name="Decimal128TypeRequestParameter" />
    </UnitTest>
    <UnitTest name="Versioning_RenamedFrom_NewOp" storage="/home/runner/work/typespec/typespec/packages/http-client-csharp/generator/artifacts/bin/testprojects.spector.tests/debug/net8.0/testprojects.spector.tests.dll" id="e0a5b0c7-e061-5e95-d021-d8d2995b48ee">
      <Execution id="6d397b8d-2a22-4126-9c5d-eb0fe11de1d4" />
      <TestMethod codeBase="/home/runner/work/typespec/typespec/packages/http-client-csharp/generator/artifacts/bin/TestProjects.Spector.Tests/Debug/net8.0/TestProjects.Spector.Tests.dll" adapterTypeName="executor://nunit3testexecutor/" className="TestProjects.Spector.Tests.Http.Versioning.RenamedFrom.V2.VersioningRenamedFromTests" name="Versioning_RenamedFrom_NewOp" />
    </UnitTest>
    <UnitTest name="Client_Structure_default_Nine" storage="/home/runner/work/typespec/typespec/packages/http-client-csharp/generator/artifacts/bin/testprojects.spector.tests/debug/net8.0/testprojects.spector.tests.dll" id="7723c8a3-3446-ef63-22bd-9fa4b4d504a1">
      <Execution id="59d37a50-0f54-44cf-bfad-186d0ca3dcc1" />
      <TestMethod codeBase="/home/runner/work/typespec/typespec/packages/http-client-csharp/generator/artifacts/bin/TestProjects.Spector.Tests/Debug/net8.0/TestProjects.Spector.Tests.dll" adapterTypeName="executor://nunit3testexecutor/" className="TestProjects.Spector.Tests.Http.Client.Structure.Default.DefaultTests" name="Client_Structure_default_Nine" />
    </UnitTest>
    <UnitTest name="QueryExpansionExplodePrimitive" storage="/home/runner/work/typespec/typespec/packages/http-client-csharp/generator/artifacts/bin/testprojects.spector.tests/debug/net8.0/testprojects.spector.tests.dll" id="c6441f80-b963-54e9-4efb-bc6bd7c605a6">
      <Execution id="b7dcc312-ee0e-42b6-aaa2-16cddd3c140b" />
      <TestMethod codeBase="/home/runner/work/typespec/typespec/packages/http-client-csharp/generator/artifacts/bin/TestProjects.Spector.Tests/Debug/net8.0/TestProjects.Spector.Tests.dll" adapterTypeName="executor://nunit3testexecutor/" className="TestProjects.Spector.Tests.Http.Routes.QueryParameterTests" name="QueryExpansionExplodePrimitive" />
    </UnitTest>
    <UnitTest name="RoundTripWithJsonInterfaceUtf8ReaderNonGenericJson" storage="/home/runner/work/typespec/typespec/packages/http-client-csharp/generator/artifacts/bin/testprojects.spector.tests/debug/net8.0/testprojects.spector.tests.dll" id="e1f929d1-8a69-a7a1-fcc3-6785491176c1">
      <Execution id="a381aa25-3654-4721-bae9-17086328a630" />
      <TestMethod codeBase="/home/runner/work/typespec/typespec/packages/http-client-csharp/generator/artifacts/bin/TestProjects.Spector.Tests/Debug/net8.0/TestProjects.Spector.Tests.dll" adapterTypeName="executor://nunit3testexecutor/" className="TestProjects.Spector.Tests.Http._Type.Property.AdditionalProperties.DifferentSpreadStringDerivedTests" name="RoundTripWithJsonInterfaceUtf8ReaderNonGenericJson" />
    </UnitTest>
    <UnitTest name="WithQueryApiVersion" storage="/home/runner/work/typespec/typespec/packages/http-client-csharp/generator/artifacts/bin/testprojects.spector.tests/debug/net8.0/testprojects.spector.tests.dll" id="f01a07f1-8c4b-82a6-15ff-a73f4b19abb6">
      <Execution id="c695db96-f4bc-4a6c-b9d0-4cf223603653" />
      <TestMethod codeBase="/home/runner/work/typespec/typespec/packages/http-client-csharp/generator/artifacts/bin/TestProjects.Spector.Tests/Debug/net8.0/TestProjects.Spector.Tests.dll" adapterTypeName="executor://nunit3testexecutor/" className="TestProjects.Spector.Tests.Http.Server.Versions.NotVersioned.NotVersionedTests" name="WithQueryApiVersion" />
    </UnitTest>
    <UnitTest name="DurationGetDefault" storage="/home/runner/work/typespec/typespec/packages/http-client-csharp/generator/artifacts/bin/testprojects.spector.tests/debug/net8.0/testprojects.spector.tests.dll" id="d95aa351-3116-3762-56af-ca104bde1b98">
      <Execution id="e1c26438-c0d8-49ba-81b9-08a49714627f" />
      <TestMethod codeBase="/home/runner/work/typespec/typespec/packages/http-client-csharp/generator/artifacts/bin/TestProjects.Spector.Tests/Debug/net8.0/TestProjects.Spector.Tests.dll" adapterTypeName="executor://nunit3testexecutor/" className="TestProjects.Spector.Tests.Http._Type.Property.Optionality.OptionalityTests" name="DurationGetDefault" />
    </UnitTest>
    <UnitTest name="RoundTripWithJsonInterfaceNonGenericWire" storage="/home/runner/work/typespec/typespec/packages/http-client-csharp/generator/artifacts/bin/testprojects.spector.tests/debug/net8.0/testprojects.spector.tests.dll" id="ba935187-7aeb-3fd0-d1b9-27e416352e47">
      <Execution id="6bb3986b-a0e1-4e33-9b82-665c3568fb89" />
      <TestMethod codeBase="/home/runner/work/typespec/typespec/packages/http-client-csharp/generator/artifacts/bin/TestProjects.Spector.Tests/Debug/net8.0/TestProjects.Spector.Tests.dll" adapterTypeName="executor://nunit3testexecutor/" className="TestProjects.Spector.Tests.Http._Type.Model.Inheritance.SingleDiscriminator.EagleTests" name="RoundTripWithJsonInterfaceNonGenericWire" />
    </UnitTest>
    <UnitTest name="StringGetNull" storage="/home/runner/work/typespec/typespec/packages/http-client-csharp/generator/artifacts/bin/testprojects.spector.tests/debug/net8.0/testprojects.spector.tests.dll" id="2c0c0288-3667-5867-38b9-49e66eda1e3e">
      <Execution id="ffeedd1e-0f9d-4f07-9522-9727cfa066d5" />
      <TestMethod codeBase="/home/runner/work/typespec/typespec/packages/http-client-csharp/generator/artifacts/bin/TestProjects.Spector.Tests/Debug/net8.0/TestProjects.Spector.Tests.dll" adapterTypeName="executor://nunit3testexecutor/" className="TestProjects.Spector.Tests.Http._Type.Property.Nullable.NullableTests" name="StringGetNull" />
    </UnitTest>
    <UnitTest name="ExtendsUnknownDerivedGet" storage="/home/runner/work/typespec/typespec/packages/http-client-csharp/generator/artifacts/bin/testprojects.spector.tests/debug/net8.0/testprojects.spector.tests.dll" id="3b8be157-ecd2-7baf-59d7-2ef89f206753">
      <Execution id="08a05415-d9da-4217-ad75-1f16c26b2645" />
      <TestMethod codeBase="/home/runner/work/typespec/typespec/packages/http-client-csharp/generator/artifacts/bin/TestProjects.Spector.Tests/Debug/net8.0/TestProjects.Spector.Tests.dll" adapterTypeName="executor://nunit3testexecutor/" className="TestProjects.Spector.Tests.Http._Type.Property.AdditionalProperties.AdditionalPropertiesTests" name="ExtendsUnknownDerivedGet" />
    </UnitTest>
    <UnitTest name="CollectionsModelPatchNonNull" storage="/home/runner/work/typespec/typespec/packages/http-client-csharp/generator/artifacts/bin/testprojects.spector.tests/debug/net8.0/testprojects.spector.tests.dll" id="88649245-478d-0cbb-f88c-020cf163700c">
      <Execution id="09172599-db01-4404-b8fa-39dcad787335" />
      <TestMethod codeBase="/home/runner/work/typespec/typespec/packages/http-client-csharp/generator/artifacts/bin/TestProjects.Spector.Tests/Debug/net8.0/TestProjects.Spector.Tests.dll" adapterTypeName="executor://nunit3testexecutor/" className="TestProjects.Spector.Tests.Http._Type.Property.Nullable.NullableTests" name="CollectionsModelPatchNonNull" />
    </UnitTest>
    <UnitTest name="OperationsExecAsync" storage="/home/runner/work/typespec/typespec/packages/http-client-csharp/generator/artifacts/bin/testprojects.spector.tests/debug/net8.0/testprojects.spector.tests.dll" id="4f38be7c-b654-41ba-9f62-fd933d74b138">
      <Execution id="fd276c9f-62da-48ef-ba4a-46bbf28b7d32" />
      <TestMethod codeBase="/home/runner/work/typespec/typespec/packages/http-client-csharp/generator/artifacts/bin/TestProjects.Spector.Tests/Debug/net8.0/TestProjects.Spector.Tests.dll" adapterTypeName="executor://nunit3testexecutor/" className="TestProjects.Spector.Tests.Http.SpecialWords.SpecialWordsTests" name="OperationsExecAsync" />
    </UnitTest>
    <UnitTest name="WithOperationPathParam" storage="/home/runner/work/typespec/typespec/packages/http-client-csharp/generator/artifacts/bin/testprojects.spector.tests/debug/net8.0/testprojects.spector.tests.dll" id="380ef134-85bf-9835-09e6-9666657d5e58">
      <Execution id="8d13d86f-be52-4191-9317-e6360fadf846" />
      <TestMethod codeBase="/home/runner/work/typespec/typespec/packages/http-client-csharp/generator/artifacts/bin/TestProjects.Spector.Tests/Debug/net8.0/TestProjects.Spector.Tests.dll" adapterTypeName="executor://nunit3testexecutor/" className="TestProjects.Spector.Tests.Http.Server.Path.Multiple.MultipleTests" name="WithOperationPathParam" />
    </UnitTest>
    <UnitTest name="Client_Structure_Two_Operation_Group_methods" storage="/home/runner/work/typespec/typespec/packages/http-client-csharp/generator/artifacts/bin/testprojects.spector.tests/debug/net8.0/testprojects.spector.tests.dll" id="20bd20a9-a793-2354-0bf7-23810a63975e">
      <Execution id="01025dec-d459-4444-8c1b-c56a06ec2e2f" />
      <TestMethod codeBase="/home/runner/work/typespec/typespec/packages/http-client-csharp/generator/artifacts/bin/TestProjects.Spector.Tests/Debug/net8.0/TestProjects.Spector.Tests.dll" adapterTypeName="executor://nunit3testexecutor/" className="TestProjects.Spector.Tests.Http.Client.Structure.TwoOperationGroup.TwoOperationGroupTests" name="Client_Structure_Two_Operation_Group_methods" />
    </UnitTest>
    <UnitTest name="WithPathApiVersion" storage="/home/runner/work/typespec/typespec/packages/http-client-csharp/generator/artifacts/bin/testprojects.spector.tests/debug/net8.0/testprojects.spector.tests.dll" id="c014a45c-2668-8df4-da87-9193a13b4ba3">
      <Execution id="b4f27fac-32ed-4a2d-abd7-54deec536fe3" />
      <TestMethod codeBase="/home/runner/work/typespec/typespec/packages/http-client-csharp/generator/artifacts/bin/TestProjects.Spector.Tests/Debug/net8.0/TestProjects.Spector.Tests.dll" adapterTypeName="executor://nunit3testexecutor/" className="TestProjects.Spector.Tests.Http.Server.Versions.Versioned.VersionedTests" name="WithPathApiVersion" />
    </UnitTest>
    <UnitTest name="RequestQueryResponseBodyConvenienceMethod" storage="/home/runner/work/typespec/typespec/packages/http-client-csharp/generator/artifacts/bin/testprojects.spector.tests/debug/net8.0/testprojects.spector.tests.dll" id="127aa5d9-b5be-e3b4-9d4b-e44b3b7addf9">
      <Execution id="c4822944-d0f4-417b-b772-2062d4fa19c5" />
      <TestMethod codeBase="/home/runner/work/typespec/typespec/packages/http-client-csharp/generator/artifacts/bin/TestProjects.Spector.Tests/Debug/net8.0/TestProjects.Spector.Tests.dll" adapterTypeName="executor://nunit3testexecutor/" className="TestProjects.Spector.Tests.Http.Payload.Pageable.ContinuationTokenPaginationTests" name="RequestQueryResponseBodyConvenienceMethod" />
    </UnitTest>
    <UnitTest name="ModelsWithLambdaAsync" storage="/home/runner/work/typespec/typespec/packages/http-client-csharp/generator/artifacts/bin/testprojects.spector.tests/debug/net8.0/testprojects.spector.tests.dll" id="d2cb7b36-d9a8-af97-5793-c6193fcf131f">
      <Execution id="3305672a-eac9-4c28-8e3b-0dc2ac483312" />
      <TestMethod codeBase="/home/runner/work/typespec/typespec/packages/http-client-csharp/generator/artifacts/bin/TestProjects.Spector.Tests/Debug/net8.0/TestProjects.Spector.Tests.dll" adapterTypeName="executor://nunit3testexecutor/" className="TestProjects.Spector.Tests.Http.SpecialWords.SpecialWordsTests" name="ModelsWithLambdaAsync" />
    </UnitTest>
    <UnitTest name="CollectionsModelPatchNull" storage="/home/runner/work/typespec/typespec/packages/http-client-csharp/generator/artifacts/bin/testprojects.spector.tests/debug/net8.0/testprojects.spector.tests.dll" id="02dfff2c-6e20-f055-38aa-937902f53f06">
      <Execution id="7f78009e-522b-4399-942b-19f48518fd6d" />
      <TestMethod codeBase="/home/runner/work/typespec/typespec/packages/http-client-csharp/generator/artifacts/bin/TestProjects.Spector.Tests/Debug/net8.0/TestProjects.Spector.Tests.dll" adapterTypeName="executor://nunit3testexecutor/" className="TestProjects.Spector.Tests.Http._Type.Property.Nullable.NullableTests" name="CollectionsModelPatchNull" />
    </UnitTest>
    <UnitTest name="QueryMulti" storage="/home/runner/work/typespec/typespec/packages/http-client-csharp/generator/artifacts/bin/testprojects.spector.tests/debug/net8.0/testprojects.spector.tests.dll" id="b376e0c7-de98-4458-4c08-3cb725d1a241">
      <Execution id="15c65653-4a52-4a14-8542-4cb2615545f9" />
      <TestMethod codeBase="/home/runner/work/typespec/typespec/packages/http-client-csharp/generator/artifacts/bin/TestProjects.Spector.Tests/Debug/net8.0/TestProjects.Spector.Tests.dll" adapterTypeName="executor://nunit3testexecutor/" className="TestProjects.Spector.Tests.Http.Parameters.CollectionFormat.CollectionFormatParametersTests" name="QueryMulti" />
    </UnitTest>
    <UnitTest name="RequestBodyCustomContentType" storage="/home/runner/work/typespec/typespec/packages/http-client-csharp/generator/artifacts/bin/testprojects.spector.tests/debug/net8.0/testprojects.spector.tests.dll" id="2d372ab4-2a22-d742-0457-ce1a320b9e6d">
      <Execution id="7d08075e-7f5b-4b1a-a838-630be72507f0" />
      <TestMethod codeBase="/home/runner/work/typespec/typespec/packages/http-client-csharp/generator/artifacts/bin/TestProjects.Spector.Tests/Debug/net8.0/TestProjects.Spector.Tests.dll" adapterTypeName="executor://nunit3testexecutor/" className="TestProjects.Spector.Tests.Http.Encode.Bytes.EncodeBytesTests" name="RequestBodyCustomContentType" />
    </UnitTest>
    <UnitTest name="GetWrongDiscriminator" storage="/home/runner/work/typespec/typespec/packages/http-client-csharp/generator/artifacts/bin/testprojects.spector.tests/debug/net8.0/testprojects.spector.tests.dll" id="65d502fd-51a5-b78d-6b27-cae344717057">
      <Execution id="c7413cf5-b00e-43f2-a2ea-a2b1bc578ded" />
      <TestMethod codeBase="/home/runner/work/typespec/typespec/packages/http-client-csharp/generator/artifacts/bin/TestProjects.Spector.Tests/Debug/net8.0/TestProjects.Spector.Tests.dll" adapterTypeName="executor://nunit3testexecutor/" className="TestProjects.Spector.Tests.Http._Type.Model.Inheritance.SingleDiscriminator.SingleDiscriminatorTests" name="GetWrongDiscriminator" />
    </UnitTest>
    <UnitTest name="DatetimeGetAll" storage="/home/runner/work/typespec/typespec/packages/http-client-csharp/generator/artifacts/bin/testprojects.spector.tests/debug/net8.0/testprojects.spector.tests.dll" id="11577903-e60e-06f8-2a5b-73b4d1c07a25">
      <Execution id="48b25654-047b-43e9-bb00-59db801f85ef" />
      <TestMethod codeBase="/home/runner/work/typespec/typespec/packages/http-client-csharp/generator/artifacts/bin/TestProjects.Spector.Tests/Debug/net8.0/TestProjects.Spector.Tests.dll" adapterTypeName="executor://nunit3testexecutor/" className="TestProjects.Spector.Tests.Http._Type.Property.Optionality.OptionalityTests" name="DatetimeGetAll" />
    </UnitTest>
    <UnitTest name="QueryExpansionRecord" storage="/home/runner/work/typespec/typespec/packages/http-client-csharp/generator/artifacts/bin/testprojects.spector.tests/debug/net8.0/testprojects.spector.tests.dll" id="8742efba-2234-7826-234c-dcd63a73c778">
      <Execution id="4f518c7d-1691-4bec-9813-d2f19b4a5cb4" />
      <TestMethod codeBase="/home/runner/work/typespec/typespec/packages/http-client-csharp/generator/artifacts/bin/TestProjects.Spector.Tests/Debug/net8.0/TestProjects.Spector.Tests.dll" adapterTypeName="executor://nunit3testexecutor/" className="TestProjects.Spector.Tests.Http.Routes.QueryParameterTests" name="QueryExpansionRecord" />
    </UnitTest>
    <UnitTest name="ExtendsFloatPut" storage="/home/runner/work/typespec/typespec/packages/http-client-csharp/generator/artifacts/bin/testprojects.spector.tests/debug/net8.0/testprojects.spector.tests.dll" id="654eb399-7ecb-f575-bb21-b7838ee1c6b3">
      <Execution id="c9c3c23b-ead8-4ea5-8a11-e96ca5c6783a" />
      <TestMethod codeBase="/home/runner/work/typespec/typespec/packages/http-client-csharp/generator/artifacts/bin/TestProjects.Spector.Tests/Debug/net8.0/TestProjects.Spector.Tests.dll" adapterTypeName="executor://nunit3testexecutor/" className="TestProjects.Spector.Tests.Http._Type.Property.AdditionalProperties.AdditionalPropertiesTests" name="ExtendsFloatPut" />
    </UnitTest>
    <UnitTest name="Versioning_Added_v2" storage="/home/runner/work/typespec/typespec/packages/http-client-csharp/generator/artifacts/bin/testprojects.spector.tests/debug/net8.0/testprojects.spector.tests.dll" id="d545b0a1-6d90-6643-d5af-215cd62b87bd">
      <Execution id="cd62cda4-b0ed-4889-a392-fc3a1e914dab" />
      <TestMethod codeBase="/home/runner/work/typespec/typespec/packages/http-client-csharp/generator/artifacts/bin/TestProjects.Spector.Tests/Debug/net8.0/TestProjects.Spector.Tests.dll" adapterTypeName="executor://nunit3testexecutor/" className="TestProjects.Spector.Tests.Http.Versioning.Added.V2.VersioningAddedV2Tests" name="Versioning_Added_v2" />
    </UnitTest>
    <UnitTest name="PropertyFloatSecondsArray" storage="/home/runner/work/typespec/typespec/packages/http-client-csharp/generator/artifacts/bin/testprojects.spector.tests/debug/net8.0/testprojects.spector.tests.dll" id="11e4aa90-d769-fbf8-32cf-4794e65f6a4c">
      <Execution id="aeebd824-f8a9-4e71-8a9b-40d7fefb4b06" />
      <TestMethod codeBase="/home/runner/work/typespec/typespec/packages/http-client-csharp/generator/artifacts/bin/TestProjects.Spector.Tests/Debug/net8.0/TestProjects.Spector.Tests.dll" adapterTypeName="executor://nunit3testexecutor/" className="TestProjects.Spector.Tests.Http.Encode.Duration.EncodeDurationTests" name="PropertyFloatSecondsArray" />
    </UnitTest>
    <UnitTest name="HeaderDefault" storage="/home/runner/work/typespec/typespec/packages/http-client-csharp/generator/artifacts/bin/testprojects.spector.tests/debug/net8.0/testprojects.spector.tests.dll" id="853cd726-dcd5-7456-01cf-3cfd3e824e03">
      <Execution id="a03892a1-664c-4c83-a377-20d53a8b52c6" />
      <TestMethod codeBase="/home/runner/work/typespec/typespec/packages/http-client-csharp/generator/artifacts/bin/TestProjects.Spector.Tests/Debug/net8.0/TestProjects.Spector.Tests.dll" adapterTypeName="executor://nunit3testexecutor/" className="TestProjects.Spector.Tests.Http.Encode.Duration.EncodeDurationTests" name="HeaderDefault" />
    </UnitTest>
    <UnitTest name="DecimalPut" storage="/home/runner/work/typespec/typespec/packages/http-client-csharp/generator/artifacts/bin/testprojects.spector.tests/debug/net8.0/testprojects.spector.tests.dll" id="5e67323f-cf69-94c7-e0c9-aba3d32d1006">
      <Execution id="b5527271-1ae3-494a-949e-f2def96ee7a5" />
      <TestMethod codeBase="/home/runner/work/typespec/typespec/packages/http-client-csharp/generator/artifacts/bin/TestProjects.Spector.Tests/Debug/net8.0/TestProjects.Spector.Tests.dll" adapterTypeName="executor://nunit3testexecutor/" className="TestProjects.Spector.Tests.Http._Type.Property.ValueTypes.ValueTypesTests" name="DecimalPut" />
    </UnitTest>
    <UnitTest name="StringGet" storage="/home/runner/work/typespec/typespec/packages/http-client-csharp/generator/artifacts/bin/testprojects.spector.tests/debug/net8.0/testprojects.spector.tests.dll" id="e9892386-a4d7-1c0d-be76-9acbdf834ed7">
      <Execution id="ec3e89f8-4ffb-4c4a-b6fe-dccdb1d60a67" />
      <TestMethod codeBase="/home/runner/work/typespec/typespec/packages/http-client-csharp/generator/artifacts/bin/TestProjects.Spector.Tests/Debug/net8.0/TestProjects.Spector.Tests.dll" adapterTypeName="executor://nunit3testexecutor/" className="TestProjects.Spector.Tests.Http._Type.Scalar.ScalarTests" name="StringGet" />
    </UnitTest>
    <UnitTest name="IntLiteralGetAll" storage="/home/runner/work/typespec/typespec/packages/http-client-csharp/generator/artifacts/bin/testprojects.spector.tests/debug/net8.0/testprojects.spector.tests.dll" id="b2d89a1c-3490-509f-ffc0-625d45a2e4b1">
      <Execution id="36835806-1fe2-446b-ba02-2447d7a95f4d" />
      <TestMethod codeBase="/home/runner/work/typespec/typespec/packages/http-client-csharp/generator/artifacts/bin/TestProjects.Spector.Tests/Debug/net8.0/TestProjects.Spector.Tests.dll" adapterTypeName="executor://nunit3testexecutor/" className="TestProjects.Spector.Tests.Http._Type.Property.Optionality.OptionalityTests" name="IntLiteralGetAll" />
    </UnitTest>
    <UnitTest name="ModelsWithAwaitAsync" storage="/home/runner/work/typespec/typespec/packages/http-client-csharp/generator/artifacts/bin/testprojects.spector.tests/debug/net8.0/testprojects.spector.tests.dll" id="6e5f0f72-3020-bcc8-a9b9-941aa39a60a9">
      <Execution id="eb977a62-988e-4289-abf3-085041a6c632" />
      <TestMethod codeBase="/home/runner/work/typespec/typespec/packages/http-client-csharp/generator/artifacts/bin/TestProjects.Spector.Tests/Debug/net8.0/TestProjects.Spector.Tests.dll" adapterTypeName="executor://nunit3testexecutor/" className="TestProjects.Spector.Tests.Http.SpecialWords.SpecialWordsTests" name="ModelsWithAwaitAsync" />
    </UnitTest>
    <UnitTest name="ModelsWithIfAsync" storage="/home/runner/work/typespec/typespec/packages/http-client-csharp/generator/artifacts/bin/testprojects.spector.tests/debug/net8.0/testprojects.spector.tests.dll" id="11da25de-0452-79d5-1ff1-599d5911e98a">
      <Execution id="44e45074-f521-43e4-bf51-ecc8f697f845" />
      <TestMethod codeBase="/home/runner/work/typespec/typespec/packages/http-client-csharp/generator/artifacts/bin/TestProjects.Spector.Tests/Debug/net8.0/TestProjects.Spector.Tests.dll" adapterTypeName="executor://nunit3testexecutor/" className="TestProjects.Spector.Tests.Http.SpecialWords.SpecialWordsTests" name="ModelsWithIfAsync" />
    </UnitTest>
    <UnitTest name="ModelsWithDelAsync" storage="/home/runner/work/typespec/typespec/packages/http-client-csharp/generator/artifacts/bin/testprojects.spector.tests/debug/net8.0/testprojects.spector.tests.dll" id="354dd232-6794-c14f-fc97-ae1678a19d01">
      <Execution id="d8a6c988-b391-4d71-b72d-800de2abecad" />
      <TestMethod codeBase="/home/runner/work/typespec/typespec/packages/http-client-csharp/generator/artifacts/bin/TestProjects.Spector.Tests/Debug/net8.0/TestProjects.Spector.Tests.dll" adapterTypeName="executor://nunit3testexecutor/" className="TestProjects.Spector.Tests.Http.SpecialWords.SpecialWordsTests" name="ModelsWithDelAsync" />
    </UnitTest>
    <UnitTest name="NullableBoolValuePut" storage="/home/runner/work/typespec/typespec/packages/http-client-csharp/generator/artifacts/bin/testprojects.spector.tests/debug/net8.0/testprojects.spector.tests.dll" id="5359756e-48ad-8765-e1e2-55dae5f1187d">
      <Execution id="bf619a28-7947-429f-a075-c034ff00b57c" />
      <TestMethod codeBase="/home/runner/work/typespec/typespec/packages/http-client-csharp/generator/artifacts/bin/TestProjects.Spector.Tests/Debug/net8.0/TestProjects.Spector.Tests.dll" adapterTypeName="executor://nunit3testexecutor/" className="TestProjects.Spector.Tests.Http._Type._Array.ArrayTests" name="NullableBoolValuePut" />
    </UnitTest>
    <UnitTest name="BooleanValuePut" storage="/home/runner/work/typespec/typespec/packages/http-client-csharp/generator/artifacts/bin/testprojects.spector.tests/debug/net8.0/testprojects.spector.tests.dll" id="05f57a81-8b5d-3917-1d0b-1c75d5d12313">
      <Execution id="afcce3c2-5189-4ea1-8905-8e0ee58db900" />
      <TestMethod codeBase="/home/runner/work/typespec/typespec/packages/http-client-csharp/generator/artifacts/bin/TestProjects.Spector.Tests/Debug/net8.0/TestProjects.Spector.Tests.dll" adapterTypeName="executor://nunit3testexecutor/" className="TestProjects.Spector.Tests.Http._Type._Array.ArrayTests" name="BooleanValuePut" />
    </UnitTest>
    <UnitTest name="RenamedSix" storage="/home/runner/work/typespec/typespec/packages/http-client-csharp/generator/artifacts/bin/testprojects.spector.tests/debug/net8.0/testprojects.spector.tests.dll" id="1e7c5a3a-43ea-1bb9-7c93-4f3d1ee49e43">
      <Execution id="afa76501-bf4e-4bdd-8b16-7e07a7191f42" />
      <TestMethod codeBase="/home/runner/work/typespec/typespec/packages/http-client-csharp/generator/artifacts/bin/TestProjects.Spector.Tests/Debug/net8.0/TestProjects.Spector.Tests.dll" adapterTypeName="executor://nunit3testexecutor/" className="TestProjects.Spector.Tests.Http.Client.Structure.RenamedOperation.RenamedOperationTests" name="RenamedSix" />
    </UnitTest>
    <UnitTest name="AddOptionalParamFromOneRequired_V1Client_V1Service_WithApiVersionV1" storage="/home/runner/work/typespec/typespec/packages/http-client-csharp/generator/artifacts/bin/testprojects.spector.tests/debug/net8.0/testprojects.spector.tests.dll" id="55a54cc6-7f27-269d-6799-7a2fe9c9fae1">
      <Execution id="89a59a5d-aec2-4afe-ac19-76b48cf2a88f" />
      <TestMethod codeBase="/home/runner/work/typespec/typespec/packages/http-client-csharp/generator/artifacts/bin/TestProjects.Spector.Tests/Debug/net8.0/TestProjects.Spector.Tests.dll" adapterTypeName="executor://nunit3testexecutor/" className="TestProjects.Spector.Tests.Http.Resiliency.SrvDriven.V1.SrvDrivenV1Tests" name="AddOptionalParamFromOneRequired_V1Client_V1Service_WithApiVersionV1" />
    </UnitTest>
    <UnitTest name="OperationsFinallyAsync" storage="/home/runner/work/typespec/typespec/packages/http-client-csharp/generator/artifacts/bin/testprojects.spector.tests/debug/net8.0/testprojects.spector.tests.dll" id="34d4d314-8f58-2284-7521-bfbba42ac627">
      <Execution id="0772572b-2677-4b32-842e-a85bca8ccc87" />
      <TestMethod codeBase="/home/runner/work/typespec/typespec/packages/http-client-csharp/generator/artifacts/bin/TestProjects.Spector.Tests/Debug/net8.0/TestProjects.Spector.Tests.dll" adapterTypeName="executor://nunit3testexecutor/" className="TestProjects.Spector.Tests.Http.SpecialWords.SpecialWordsTests" name="OperationsFinallyAsync" />
    </UnitTest>
    <UnitTest name="BytesPatchNull" storage="/home/runner/work/typespec/typespec/packages/http-client-csharp/generator/artifacts/bin/testprojects.spector.tests/debug/net8.0/testprojects.spector.tests.dll" id="c8ddc760-1d64-b23f-dc2f-69ce2d4136a2">
      <Execution id="01fe632e-8790-4fca-a981-2174d8f1fda2" />
      <TestMethod codeBase="/home/runner/work/typespec/typespec/packages/http-client-csharp/generator/artifacts/bin/TestProjects.Spector.Tests/Debug/net8.0/TestProjects.Spector.Tests.dll" adapterTypeName="executor://nunit3testexecutor/" className="TestProjects.Spector.Tests.Http._Type.Property.Nullable.NullableTests" name="BytesPatchNull" />
    </UnitTest>
    <UnitTest name="ExtendsStringPut" storage="/home/runner/work/typespec/typespec/packages/http-client-csharp/generator/artifacts/bin/testprojects.spector.tests/debug/net8.0/testprojects.spector.tests.dll" id="aecd500a-c675-9f7d-29fa-8219d1c56350">
      <Execution id="a1ce067f-c425-4f56-b73b-0d686f6eff03" />
      <TestMethod codeBase="/home/runner/work/typespec/typespec/packages/http-client-csharp/generator/artifacts/bin/TestProjects.Spector.Tests/Debug/net8.0/TestProjects.Spector.Tests.dll" adapterTypeName="executor://nunit3testexecutor/" className="TestProjects.Spector.Tests.Http._Type.Property.AdditionalProperties.AdditionalPropertiesTests" name="ExtendsStringPut" />
    </UnitTest>
    <UnitTest name="UnionIntLiteralGetDefault" storage="/home/runner/work/typespec/typespec/packages/http-client-csharp/generator/artifacts/bin/testprojects.spector.tests/debug/net8.0/testprojects.spector.tests.dll" id="11c3797b-e513-3024-985b-d291037676fe">
      <Execution id="e8ed966d-5632-4107-bba2-dbcde61d5f3e" />
      <TestMethod codeBase="/home/runner/work/typespec/typespec/packages/http-client-csharp/generator/artifacts/bin/TestProjects.Spector.Tests/Debug/net8.0/TestProjects.Spector.Tests.dll" adapterTypeName="executor://nunit3testexecutor/" className="TestProjects.Spector.Tests.Http._Type.Property.Optionality.OptionalityTests" name="UnionIntLiteralGetDefault" />
    </UnitTest>
    <UnitTest name="UnknownStringPut" storage="/home/runner/work/typespec/typespec/packages/http-client-csharp/generator/artifacts/bin/testprojects.spector.tests/debug/net8.0/testprojects.spector.tests.dll" id="1dc04680-c17a-5ef0-cd55-c5909a099d31">
      <Execution id="c6421f37-eadf-425f-88e8-722fd1495f21" />
      <TestMethod codeBase="/home/runner/work/typespec/typespec/packages/http-client-csharp/generator/artifacts/bin/TestProjects.Spector.Tests/Debug/net8.0/TestProjects.Spector.Tests.dll" adapterTypeName="executor://nunit3testexecutor/" className="TestProjects.Spector.Tests.Http._Type.Property.ValueTypes.ValueTypesTests" name="UnknownStringPut" />
    </UnitTest>
    <UnitTest name="SendIntsOnly" storage="/home/runner/work/typespec/typespec/packages/http-client-csharp/generator/artifacts/bin/testprojects.spector.tests/debug/net8.0/testprojects.spector.tests.dll" id="5129b124-6ad2-d60d-5186-6f1b4b687a9a">
      <Execution id="048714de-f7cd-4514-9512-81cac5cd151d" />
      <TestMethod codeBase="/home/runner/work/typespec/typespec/packages/http-client-csharp/generator/artifacts/bin/TestProjects.Spector.Tests/Debug/net8.0/TestProjects.Spector.Tests.dll" adapterTypeName="executor://nunit3testexecutor/" className="TestProjects.Spector.Tests.Http._Type.Union.UnionTests" name="SendIntsOnly" />
    </UnitTest>
    <UnitTest name="QueryBase64urlArray" storage="/home/runner/work/typespec/typespec/packages/http-client-csharp/generator/artifacts/bin/testprojects.spector.tests/debug/net8.0/testprojects.spector.tests.dll" id="70c84084-e6c9-9fa6-7c52-98ec081d5f13">
      <Execution id="d5da6907-83e3-4f5a-8659-b3cbff9f59d4" />
      <TestMethod codeBase="/home/runner/work/typespec/typespec/packages/http-client-csharp/generator/artifacts/bin/TestProjects.Spector.Tests/Debug/net8.0/TestProjects.Spector.Tests.dll" adapterTypeName="executor://nunit3testexecutor/" className="TestProjects.Spector.Tests.Http.Encode.Bytes.EncodeBytesTests" name="QueryBase64urlArray" />
    </UnitTest>
    <UnitTest name="RoundTripWithJsonInterfaceUtf8ReaderNonGenericWire" storage="/home/runner/work/typespec/typespec/packages/http-client-csharp/generator/artifacts/bin/testprojects.spector.tests/debug/net8.0/testprojects.spector.tests.dll" id="a64c313b-d875-eef9-f393-ee255a8c8579">
      <Execution id="2f95fa99-be71-405a-b2ba-a136cdcd3356" />
      <TestMethod codeBase="/home/runner/work/typespec/typespec/packages/http-client-csharp/generator/artifacts/bin/TestProjects.Spector.Tests/Debug/net8.0/TestProjects.Spector.Tests.dll" adapterTypeName="executor://nunit3testexecutor/" className="TestProjects.Spector.Tests.Http._Type.Property.AdditionalProperties.MultipleSpreadRecordTests" name="RoundTripWithJsonInterfaceUtf8ReaderNonGenericWire" />
    </UnitTest>
    <UnitTest name="WithQueryApiVersion" storage="/home/runner/work/typespec/typespec/packages/http-client-csharp/generator/artifacts/bin/testprojects.spector.tests/debug/net8.0/testprojects.spector.tests.dll" id="72fcb02e-3f2d-c62b-7e82-4c7f14e43577">
      <Execution id="b2882c3e-9235-4d32-9cef-f44fe08151bf" />
      <TestMethod codeBase="/home/runner/work/typespec/typespec/packages/http-client-csharp/generator/artifacts/bin/TestProjects.Spector.Tests/Debug/net8.0/TestProjects.Spector.Tests.dll" adapterTypeName="executor://nunit3testexecutor/" className="TestProjects.Spector.Tests.Http.Server.Versions.Versioned.VersionedTests" name="WithQueryApiVersion" />
    </UnitTest>
    <UnitTest name="Int32ValuePut" storage="/home/runner/work/typespec/typespec/packages/http-client-csharp/generator/artifacts/bin/testprojects.spector.tests/debug/net8.0/testprojects.spector.tests.dll" id="15a4f196-6096-baea-22f5-7d2f0439728b">
      <Execution id="905acb5d-2e46-4876-892a-fa2aa03c4c88" />
      <TestMethod codeBase="/home/runner/work/typespec/typespec/packages/http-client-csharp/generator/artifacts/bin/TestProjects.Spector.Tests/Debug/net8.0/TestProjects.Spector.Tests.dll" adapterTypeName="executor://nunit3testexecutor/" className="TestProjects.Spector.Tests.Http._Type.Dictionary.DictionaryTests" name="Int32ValuePut" />
    </UnitTest>
    <UnitTest name="QueryDefault" storage="/home/runner/work/typespec/typespec/packages/http-client-csharp/generator/artifacts/bin/testprojects.spector.tests/debug/net8.0/testprojects.spector.tests.dll" id="6e426c78-4051-6673-9910-5c3948358fcd">
      <Execution id="d614797f-14a8-411d-ac7c-1fb9c4fd8cd1" />
      <TestMethod codeBase="/home/runner/work/typespec/typespec/packages/http-client-csharp/generator/artifacts/bin/TestProjects.Spector.Tests/Debug/net8.0/TestProjects.Spector.Tests.dll" adapterTypeName="executor://nunit3testexecutor/" className="TestProjects.Spector.Tests.Http.Encode.Datetime.DateTimeTests" name="QueryDefault" />
    </UnitTest>
    <UnitTest name="PathTemplateOnly" storage="/home/runner/work/typespec/typespec/packages/http-client-csharp/generator/artifacts/bin/testprojects.spector.tests/debug/net8.0/testprojects.spector.tests.dll" id="614176e9-f2cd-20bd-b829-26b9dcbc382a">
      <Execution id="b8e8debb-d5b5-4bbf-bea8-d596c84a1ac3" />
      <TestMethod codeBase="/home/runner/work/typespec/typespec/packages/http-client-csharp/generator/artifacts/bin/TestProjects.Spector.Tests/Debug/net8.0/TestProjects.Spector.Tests.dll" adapterTypeName="executor://nunit3testexecutor/" className="TestProjects.Spector.Tests.Http.Routes.PathParameterTests" name="PathTemplateOnly" />
    </UnitTest>
    <UnitTest name="SendMixedTypesOnlyOnly" storage="/home/runner/work/typespec/typespec/packages/http-client-csharp/generator/artifacts/bin/testprojects.spector.tests/debug/net8.0/testprojects.spector.tests.dll" id="2290cec1-0aea-5654-71f8-47de64bb926a">
      <Execution id="070e4510-4f15-45e3-809b-2637ab8e7ae3" />
      <TestMethod codeBase="/home/runner/work/typespec/typespec/packages/http-client-csharp/generator/artifacts/bin/TestProjects.Spector.Tests/Debug/net8.0/TestProjects.Spector.Tests.dll" adapterTypeName="executor://nunit3testexecutor/" className="TestProjects.Spector.Tests.Http._Type.Union.UnionTests" name="SendMixedTypesOnlyOnly" />
    </UnitTest>
    <UnitTest name="UnionFloatLiteralGetAll" storage="/home/runner/work/typespec/typespec/packages/http-client-csharp/generator/artifacts/bin/testprojects.spector.tests/debug/net8.0/testprojects.spector.tests.dll" id="372f8185-d71f-e606-2b7b-bf41eb7e71da">
      <Execution id="4cf4deed-8019-4e6a-9544-0952d2c6ae3f" />
      <TestMethod codeBase="/home/runner/work/typespec/typespec/packages/http-client-csharp/generator/artifacts/bin/TestProjects.Spector.Tests/Debug/net8.0/TestProjects.Spector.Tests.dll" adapterTypeName="executor://nunit3testexecutor/" className="TestProjects.Spector.Tests.Http._Type.Property.Optionality.OptionalityTests" name="UnionFloatLiteralGetAll" />
    </UnitTest>
    <UnitTest name="PropertyFloatSecondsConvenience" storage="/home/runner/work/typespec/typespec/packages/http-client-csharp/generator/artifacts/bin/testprojects.spector.tests/debug/net8.0/testprojects.spector.tests.dll" id="47908c5c-71b0-1fc7-1aab-6d50833a351e">
      <Execution id="efa1b3c2-34ad-4f24-813b-7ac5e4fa582d" />
      <TestMethod codeBase="/home/runner/work/typespec/typespec/packages/http-client-csharp/generator/artifacts/bin/TestProjects.Spector.Tests/Debug/net8.0/TestProjects.Spector.Tests.dll" adapterTypeName="executor://nunit3testexecutor/" className="TestProjects.Spector.Tests.Http.Encode.Duration.EncodeDurationTests" name="PropertyFloatSecondsConvenience" />
    </UnitTest>
    <UnitTest name="RoundTripWithJsonInterfaceUtf8ReaderWire" storage="/home/runner/work/typespec/typespec/packages/http-client-csharp/generator/artifacts/bin/testprojects.spector.tests/debug/net8.0/testprojects.spector.tests.dll" id="a56dfacb-4af0-82ec-d657-bed633e9add9">
      <Execution id="09d9d519-4344-4938-b176-b3c3d826c58c" />
      <TestMethod codeBase="/home/runner/work/typespec/typespec/packages/http-client-csharp/generator/artifacts/bin/TestProjects.Spector.Tests/Debug/net8.0/TestProjects.Spector.Tests.dll" adapterTypeName="executor://nunit3testexecutor/" className="TestProjects.Spector.Tests.Http._Type.Property.AdditionalProperties.DifferentSpreadStringDerivedTests" name="RoundTripWithJsonInterfaceUtf8ReaderWire" />
    </UnitTest>
    <UnitTest name="DatetimeTetNonNull" storage="/home/runner/work/typespec/typespec/packages/http-client-csharp/generator/artifacts/bin/testprojects.spector.tests/debug/net8.0/testprojects.spector.tests.dll" id="0dd727c4-441b-ca1e-47be-3f5ec998ae2c">
      <Execution id="5e2ecc2e-ef35-413c-921e-bbdf70114655" />
      <TestMethod codeBase="/home/runner/work/typespec/typespec/packages/http-client-csharp/generator/artifacts/bin/TestProjects.Spector.Tests/Debug/net8.0/TestProjects.Spector.Tests.dll" adapterTypeName="executor://nunit3testexecutor/" className="TestProjects.Spector.Tests.Http._Type.Property.Nullable.NullableTests" name="DatetimeTetNonNull" />
    </UnitTest>
    <UnitTest name="RoundTripWithJsonInterfaceNonGenericJson" storage="/home/runner/work/typespec/typespec/packages/http-client-csharp/generator/artifacts/bin/testprojects.spector.tests/debug/net8.0/testprojects.spector.tests.dll" id="4f32f8c9-44b0-0164-028a-6e2ffe5d418c">
      <Execution id="ee1d40fe-e2d5-40ad-a669-8249fde971ba" />
      <TestMethod codeBase="/home/runner/work/typespec/typespec/packages/http-client-csharp/generator/artifacts/bin/TestProjects.Spector.Tests/Debug/net8.0/TestProjects.Spector.Tests.dll" adapterTypeName="executor://nunit3testexecutor/" className="TestProjects.Spector.Tests.Http._Type.Property.AdditionalProperties.DifferentSpreadStringDerivedTests" name="RoundTripWithJsonInterfaceNonGenericJson" />
    </UnitTest>
    <UnitTest name="QueryExpansionPrimitive" storage="/home/runner/work/typespec/typespec/packages/http-client-csharp/generator/artifacts/bin/testprojects.spector.tests/debug/net8.0/testprojects.spector.tests.dll" id="6ee1564f-65bc-3b2e-5527-0e3695ae76f4">
      <Execution id="60cf92ad-fc7c-43f4-8050-b845316d464f" />
      <TestMethod codeBase="/home/runner/work/typespec/typespec/packages/http-client-csharp/generator/artifacts/bin/TestProjects.Spector.Tests/Debug/net8.0/TestProjects.Spector.Tests.dll" adapterTypeName="executor://nunit3testexecutor/" className="TestProjects.Spector.Tests.Http.Routes.QueryParameterTests" name="QueryExpansionPrimitive" />
    </UnitTest>
    <UnitTest name="AddOptionalParamFromOneRequired_WithApiVersionV2" storage="/home/runner/work/typespec/typespec/packages/http-client-csharp/generator/artifacts/bin/testprojects.spector.tests/debug/net8.0/testprojects.spector.tests.dll" id="89976b87-70f9-fca1-e2cd-6691b4628a39">
      <Execution id="b990a1f9-140a-4f07-9113-6b2b4535e72b" />
      <TestMethod codeBase="/home/runner/work/typespec/typespec/packages/http-client-csharp/generator/artifacts/bin/TestProjects.Spector.Tests/Debug/net8.0/TestProjects.Spector.Tests.dll" adapterTypeName="executor://nunit3testexecutor/" className="TestProjects.Spector.Tests.Http.Resiliency.SrvDriven.V2.SrvDrivenV2Tests" name="AddOptionalParamFromOneRequired_WithApiVersionV2" />
    </UnitTest>
    <UnitTest name="ModelValuePut" storage="/home/runner/work/typespec/typespec/packages/http-client-csharp/generator/artifacts/bin/testprojects.spector.tests/debug/net8.0/testprojects.spector.tests.dll" id="52e9772e-4b73-797a-b13b-b91bc7a547e1">
      <Execution id="1a4177e0-5de0-43ea-8780-37e63557e30b" />
      <TestMethod codeBase="/home/runner/work/typespec/typespec/packages/http-client-csharp/generator/artifacts/bin/TestProjects.Spector.Tests/Debug/net8.0/TestProjects.Spector.Tests.dll" adapterTypeName="executor://nunit3testexecutor/" className="TestProjects.Spector.Tests.Http._Type.Dictionary.DictionaryTests" name="ModelValuePut" />
    </UnitTest>
    <UnitTest name="WithPathApiVersion" storage="/home/runner/work/typespec/typespec/packages/http-client-csharp/generator/artifacts/bin/testprojects.spector.tests/debug/net8.0/testprojects.spector.tests.dll" id="3c5ce007-fabf-3cc9-0c68-659b281c65b4">
      <Execution id="8fae8739-ef7d-4d96-af22-268589f84777" />
      <TestMethod codeBase="/home/runner/work/typespec/typespec/packages/http-client-csharp/generator/artifacts/bin/TestProjects.Spector.Tests/Debug/net8.0/TestProjects.Spector.Tests.dll" adapterTypeName="executor://nunit3testexecutor/" className="TestProjects.Spector.Tests.Http.Server.Versions.NotVersioned.NotVersionedTests" name="WithPathApiVersion" />
    </UnitTest>
    <UnitTest name="IsFloatPut" storage="/home/runner/work/typespec/typespec/packages/http-client-csharp/generator/artifacts/bin/testprojects.spector.tests/debug/net8.0/testprojects.spector.tests.dll" id="8de9a9dc-1e63-f5cb-590f-d4ff669449cb">
      <Execution id="e4b1807c-4e0e-4ebe-bce4-6a4bae788941" />
      <TestMethod codeBase="/home/runner/work/typespec/typespec/packages/http-client-csharp/generator/artifacts/bin/TestProjects.Spector.Tests/Debug/net8.0/TestProjects.Spector.Tests.dll" adapterTypeName="executor://nunit3testexecutor/" className="TestProjects.Spector.Tests.Http._Type.Property.AdditionalProperties.AdditionalPropertiesTests" name="IsFloatPut" />
    </UnitTest>
    <UnitTest name="BytesPutAll" storage="/home/runner/work/typespec/typespec/packages/http-client-csharp/generator/artifacts/bin/testprojects.spector.tests/debug/net8.0/testprojects.spector.tests.dll" id="1d4762e5-6da6-a395-fe19-3ac609bb2b6f">
      <Execution id="ba1b317b-a6ff-4861-bd32-9e1e19f52827" />
      <TestMethod codeBase="/home/runner/work/typespec/typespec/packages/http-client-csharp/generator/artifacts/bin/TestProjects.Spector.Tests/Debug/net8.0/TestProjects.Spector.Tests.dll" adapterTypeName="executor://nunit3testexecutor/" className="TestProjects.Spector.Tests.Http._Type.Property.Optionality.OptionalityTests" name="BytesPutAll" />
    </UnitTest>
    <UnitTest name="ParametersWithRaiseAsync" storage="/home/runner/work/typespec/typespec/packages/http-client-csharp/generator/artifacts/bin/testprojects.spector.tests/debug/net8.0/testprojects.spector.tests.dll" id="3f571377-cdb3-00ac-e4ec-6d0b9879add7">
      <Execution id="164d5c2a-74ec-497e-b488-79524791b519" />
      <TestMethod codeBase="/home/runner/work/typespec/typespec/packages/http-client-csharp/generator/artifacts/bin/TestProjects.Spector.Tests/Debug/net8.0/TestProjects.Spector.Tests.dll" adapterTypeName="executor://nunit3testexecutor/" className="TestProjects.Spector.Tests.Http.SpecialWords.SpecialWordsTests" name="ParametersWithRaiseAsync" />
    </UnitTest>
    <UnitTest name="ModelsWithContinueAsync" storage="/home/runner/work/typespec/typespec/packages/http-client-csharp/generator/artifacts/bin/testprojects.spector.tests/debug/net8.0/testprojects.spector.tests.dll" id="e41bfa23-ed29-604d-eb93-eb4f1b5fa19a">
      <Execution id="e73c3d06-f70e-4fc3-9e01-414d489120f0" />
      <TestMethod codeBase="/home/runner/work/typespec/typespec/packages/http-client-csharp/generator/artifacts/bin/TestProjects.Spector.Tests/Debug/net8.0/TestProjects.Spector.Tests.dll" adapterTypeName="executor://nunit3testexecutor/" className="TestProjects.Spector.Tests.Http.SpecialWords.SpecialWordsTests" name="ModelsWithContinueAsync" />
    </UnitTest>
    <UnitTest name="UnionFloatLiteralGet" storage="/home/runner/work/typespec/typespec/packages/http-client-csharp/generator/artifacts/bin/testprojects.spector.tests/debug/net8.0/testprojects.spector.tests.dll" id="ab7767a9-699b-81c0-7f74-a1434e3dfda1">
      <Execution id="ebed38ca-87db-4795-94e5-2ba6a95ea419" />
      <TestMethod codeBase="/home/runner/work/typespec/typespec/packages/http-client-csharp/generator/artifacts/bin/TestProjects.Spector.Tests/Debug/net8.0/TestProjects.Spector.Tests.dll" adapterTypeName="executor://nunit3testexecutor/" className="TestProjects.Spector.Tests.Http._Type.Property.ValueTypes.ValueTypesTests" name="UnionFloatLiteralGet" />
    </UnitTest>
    <UnitTest name="RoundTripWithJsonInterfaceOfTJson" storage="/home/runner/work/typespec/typespec/packages/http-client-csharp/generator/artifacts/bin/testprojects.spector.tests/debug/net8.0/testprojects.spector.tests.dll" id="c8358eda-9951-61f5-2d73-bb09fec88ace">
      <Execution id="0b571f38-755f-4047-b07c-09f3fd89cd28" />
      <TestMethod codeBase="/home/runner/work/typespec/typespec/packages/http-client-csharp/generator/artifacts/bin/TestProjects.Spector.Tests/Debug/net8.0/TestProjects.Spector.Tests.dll" adapterTypeName="executor://nunit3testexecutor/" className="TestProjects.Spector.Tests.Http._Type.Property.AdditionalProperties.DifferentSpreadStringDerivedTests" name="RoundTripWithJsonInterfaceOfTJson" />
    </UnitTest>
    <UnitTest name="ReadOnlyPropertiesAreReadOnly" storage="/home/runner/work/typespec/typespec/packages/http-client-csharp/generator/artifacts/bin/testprojects.spector.tests/debug/net8.0/testprojects.spector.tests.dll" id="51e5fba9-83e2-2ad0-e4bd-2c65eb92afef">
      <Execution id="f6ee85f4-33bf-4018-ad04-17fce236f99a" />
      <TestMethod codeBase="/home/runner/work/typespec/typespec/packages/http-client-csharp/generator/artifacts/bin/TestProjects.Spector.Tests/Debug/net8.0/TestProjects.Spector.Tests.dll" adapterTypeName="executor://nunit3testexecutor/" className="TestProjects.Spector.Tests.Http._Type.Model.Visibility.TypeModelVisibilityTests" name="ReadOnlyPropertiesAreReadOnly" />
    </UnitTest>
    <UnitTest name="ModelsWithExceptAsync" storage="/home/runner/work/typespec/typespec/packages/http-client-csharp/generator/artifacts/bin/testprojects.spector.tests/debug/net8.0/testprojects.spector.tests.dll" id="9d42bb14-17d7-b988-9b15-c5fe1823b70a">
      <Execution id="eb5d0c14-8396-4c7f-88d6-572cb70c7635" />
      <TestMethod codeBase="/home/runner/work/typespec/typespec/packages/http-client-csharp/generator/artifacts/bin/TestProjects.Spector.Tests/Debug/net8.0/TestProjects.Spector.Tests.dll" adapterTypeName="executor://nunit3testexecutor/" className="TestProjects.Spector.Tests.Http.SpecialWords.SpecialWordsTests" name="ModelsWithExceptAsync" />
    </UnitTest>
    <UnitTest name="AnonymousModel" storage="/home/runner/work/typespec/typespec/packages/http-client-csharp/generator/artifacts/bin/testprojects.spector.tests/debug/net8.0/testprojects.spector.tests.dll" id="dcbabca8-1225-e783-4b0f-af1ca9392e88">
      <Execution id="b2bbc285-7fda-4bf2-bb2e-f0139a327788" />
      <TestMethod codeBase="/home/runner/work/typespec/typespec/packages/http-client-csharp/generator/artifacts/bin/TestProjects.Spector.Tests/Debug/net8.0/TestProjects.Spector.Tests.dll" adapterTypeName="executor://nunit3testexecutor/" className="TestProjects.Spector.Tests.Http.Payload.Multipart.MultipartTests" name="AnonymousModel" />
    </UnitTest>
    <UnitTest name="RoundTripWithJsonInterfaceUtf8ReaderJson" storage="/home/runner/work/typespec/typespec/packages/http-client-csharp/generator/artifacts/bin/testprojects.spector.tests/debug/net8.0/testprojects.spector.tests.dll" id="e7727a67-0ebe-bab9-8ccb-76e0db5d7327">
      <Execution id="c6cbfb0a-a94f-4295-a360-2177f0652fc5" />
      <TestMethod codeBase="/home/runner/work/typespec/typespec/packages/http-client-csharp/generator/artifacts/bin/TestProjects.Spector.Tests/Debug/net8.0/TestProjects.Spector.Tests.dll" adapterTypeName="executor://nunit3testexecutor/" className="TestProjects.Spector.Tests.Http._Type.Property.AdditionalProperties.DifferentSpreadStringDerivedTests" name="RoundTripWithJsonInterfaceUtf8ReaderJson" />
    </UnitTest>
    <UnitTest name="PropertyDefault" storage="/home/runner/work/typespec/typespec/packages/http-client-csharp/generator/artifacts/bin/testprojects.spector.tests/debug/net8.0/testprojects.spector.tests.dll" id="c23c41e8-db7e-ca6e-8489-dd1555aef950">
      <Execution id="82d8fa2b-bea3-4f8d-b4e0-242c37031d5c" />
      <TestMethod codeBase="/home/runner/work/typespec/typespec/packages/http-client-csharp/generator/artifacts/bin/TestProjects.Spector.Tests/Debug/net8.0/TestProjects.Spector.Tests.dll" adapterTypeName="executor://nunit3testexecutor/" className="TestProjects.Spector.Tests.Http.Encode.Duration.EncodeDurationTests" name="PropertyDefault" />
    </UnitTest>
    <UnitTest name="DecimalTypeRequestBody" storage="/home/runner/work/typespec/typespec/packages/http-client-csharp/generator/artifacts/bin/testprojects.spector.tests/debug/net8.0/testprojects.spector.tests.dll" id="e647956b-268c-f7ca-f221-81f3a3697e5b">
      <Execution id="0e37c841-61de-4248-8b02-b4e2c6844442" />
      <TestMethod codeBase="/home/runner/work/typespec/typespec/packages/http-client-csharp/generator/artifacts/bin/TestProjects.Spector.Tests/Debug/net8.0/TestProjects.Spector.Tests.dll" adapterTypeName="executor://nunit3testexecutor/" className="TestProjects.Spector.Tests.Http._Type.Scalar.ScalarTests" name="DecimalTypeRequestBody" />
    </UnitTest>
    <UnitTest name="PropertyRfc3339" storage="/home/runner/work/typespec/typespec/packages/http-client-csharp/generator/artifacts/bin/testprojects.spector.tests/debug/net8.0/testprojects.spector.tests.dll" id="3833d072-e84d-0f25-deeb-d2aee95c49ea">
      <Execution id="41b39be4-ba8a-4829-8e1a-079a9488fe77" />
      <TestMethod codeBase="/home/runner/work/typespec/typespec/packages/http-client-csharp/generator/artifacts/bin/TestProjects.Spector.Tests/Debug/net8.0/TestProjects.Spector.Tests.dll" adapterTypeName="executor://nunit3testexecutor/" className="TestProjects.Spector.Tests.Http.Encode.Datetime.DateTimeTests" name="PropertyRfc3339" />
    </UnitTest>
    <UnitTest name="AddOptionalParamFromOneRequired_WithApiVersionV1" storage="/home/runner/work/typespec/typespec/packages/http-client-csharp/generator/artifacts/bin/testprojects.spector.tests/debug/net8.0/testprojects.spector.tests.dll" id="a627bbe7-0d09-5b94-eac3-34972aa00884">
      <Execution id="655a6719-566e-440b-bb54-038bbd07d42b" />
      <TestMethod codeBase="/home/runner/work/typespec/typespec/packages/http-client-csharp/generator/artifacts/bin/TestProjects.Spector.Tests/Debug/net8.0/TestProjects.Spector.Tests.dll" adapterTypeName="executor://nunit3testexecutor/" className="TestProjects.Spector.Tests.Http.Resiliency.SrvDriven.V2.SrvDrivenV2Tests" name="AddOptionalParamFromOneRequired_WithApiVersionV1" />
    </UnitTest>
    <UnitTest name="DurationPatchNull" storage="/home/runner/work/typespec/typespec/packages/http-client-csharp/generator/artifacts/bin/testprojects.spector.tests/debug/net8.0/testprojects.spector.tests.dll" id="4a0e2c71-4437-d744-6440-34e959dfebcf">
      <Execution id="dc7e4073-945c-4a07-98a8-732986f58b8e" />
      <TestMethod codeBase="/home/runner/work/typespec/typespec/packages/http-client-csharp/generator/artifacts/bin/TestProjects.Spector.Tests/Debug/net8.0/TestProjects.Spector.Tests.dll" adapterTypeName="executor://nunit3testexecutor/" className="TestProjects.Spector.Tests.Http._Type.Property.Nullable.NullableTests" name="DurationPatchNull" />
    </UnitTest>
    <UnitTest name="BooleanLiteralPutDefault" storage="/home/runner/work/typespec/typespec/packages/http-client-csharp/generator/artifacts/bin/testprojects.spector.tests/debug/net8.0/testprojects.spector.tests.dll" id="d83d947b-1baa-c588-7654-7a085276d263">
      <Execution id="c099bd73-fd81-45ca-961f-bd5686bbf120" />
      <TestMethod codeBase="/home/runner/work/typespec/typespec/packages/http-client-csharp/generator/artifacts/bin/TestProjects.Spector.Tests/Debug/net8.0/TestProjects.Spector.Tests.dll" adapterTypeName="executor://nunit3testexecutor/" className="TestProjects.Spector.Tests.Http._Type.Property.Optionality.OptionalityTests" name="BooleanLiteralPutDefault" />
    </UnitTest>
    <UnitTest name="RecursiveModelValuePut" storage="/home/runner/work/typespec/typespec/packages/http-client-csharp/generator/artifacts/bin/testprojects.spector.tests/debug/net8.0/testprojects.spector.tests.dll" id="6f2f51ab-c727-879b-0724-780a5ebbb724">
      <Execution id="cc039104-3f63-4e46-a2a6-4141e8cd6511" />
      <TestMethod codeBase="/home/runner/work/typespec/typespec/packages/http-client-csharp/generator/artifacts/bin/TestProjects.Spector.Tests/Debug/net8.0/TestProjects.Spector.Tests.dll" adapterTypeName="executor://nunit3testexecutor/" className="TestProjects.Spector.Tests.Http._Type.Dictionary.DictionaryTests" name="RecursiveModelValuePut" />
    </UnitTest>
    <UnitTest name="QueryMultiAsArray" storage="/home/runner/work/typespec/typespec/packages/http-client-csharp/generator/artifacts/bin/testprojects.spector.tests/debug/net8.0/testprojects.spector.tests.dll" id="fe1b0bbb-1398-2d4d-c50e-a1bc017662e1">
      <Execution id="a24eeb9a-30ff-49b6-893c-ec47069e7ef1" />
      <TestMethod codeBase="/home/runner/work/typespec/typespec/packages/http-client-csharp/generator/artifacts/bin/TestProjects.Spector.Tests/Debug/net8.0/TestProjects.Spector.Tests.dll" adapterTypeName="executor://nunit3testexecutor/" className="TestProjects.Spector.Tests.Http.Parameters.CollectionFormat.CollectionFormatParametersTests" name="QueryMultiAsArray" />
    </UnitTest>
    <UnitTest name="HeaderDefault" storage="/home/runner/work/typespec/typespec/packages/http-client-csharp/generator/artifacts/bin/testprojects.spector.tests/debug/net8.0/testprojects.spector.tests.dll" id="855e625b-5d0e-0005-86a6-bb0d66022e24">
      <Execution id="437c6db0-74d0-4c14-ad63-b1b672f5e203" />
      <TestMethod codeBase="/home/runner/work/typespec/typespec/packages/http-client-csharp/generator/artifacts/bin/TestProjects.Spector.Tests/Debug/net8.0/TestProjects.Spector.Tests.dll" adapterTypeName="executor://nunit3testexecutor/" className="TestProjects.Spector.Tests.Http.Encode.Bytes.EncodeBytesTests" name="HeaderDefault" />
    </UnitTest>
    <UnitTest name="SpreadRecordNonDiscriminatedUnionPut" storage="/home/runner/work/typespec/typespec/packages/http-client-csharp/generator/artifacts/bin/testprojects.spector.tests/debug/net8.0/testprojects.spector.tests.dll" id="9d0c1024-a93b-a389-7cf7-86cbd198403f">
      <Execution id="b52ddc08-aef5-4263-bc6b-47883c2010cb" />
      <TestMethod codeBase="/home/runner/work/typespec/typespec/packages/http-client-csharp/generator/artifacts/bin/TestProjects.Spector.Tests/Debug/net8.0/TestProjects.Spector.Tests.dll" adapterTypeName="executor://nunit3testexecutor/" className="TestProjects.Spector.Tests.Http._Type.Property.AdditionalProperties.AdditionalPropertiesTests" name="SpreadRecordNonDiscriminatedUnionPut" />
    </UnitTest>
    <UnitTest name="RoundTripWithJsonInterfaceNonGenericWire" storage="/home/runner/work/typespec/typespec/packages/http-client-csharp/generator/artifacts/bin/testprojects.spector.tests/debug/net8.0/testprojects.spector.tests.dll" id="7315c720-ea1f-e475-0fe9-902db2e43ea1">
      <Execution id="9f3b036d-5331-44a0-8b61-60e44757a715" />
      <TestMethod codeBase="/home/runner/work/typespec/typespec/packages/http-client-csharp/generator/artifacts/bin/TestProjects.Spector.Tests/Debug/net8.0/TestProjects.Spector.Tests.dll" adapterTypeName="executor://nunit3testexecutor/" className="TestProjects.Spector.Tests.Http._Type.Property.AdditionalProperties.MultipleSpreadRecordTests" name="RoundTripWithJsonInterfaceNonGenericWire" />
    </UnitTest>
    <UnitTest name="RoundTripWithJsonInterfaceOfTWire" storage="/home/runner/work/typespec/typespec/packages/http-client-csharp/generator/artifacts/bin/testprojects.spector.tests/debug/net8.0/testprojects.spector.tests.dll" id="14c7cd6c-c6f4-fecf-e150-c8d97c0dbf54">
      <Execution id="4f02e9d7-59e7-4ebd-9ec0-36986de86881" />
      <TestMethod codeBase="/home/runner/work/typespec/typespec/packages/http-client-csharp/generator/artifacts/bin/TestProjects.Spector.Tests/Debug/net8.0/TestProjects.Spector.Tests.dll" adapterTypeName="executor://nunit3testexecutor/" className="TestProjects.Spector.Tests.Http._Type.Model.Inheritance.SingleDiscriminator.EagleTests" name="RoundTripWithJsonInterfaceOfTWire" />
    </UnitTest>
    <UnitTest name="ParametersWithLambdaAsync" storage="/home/runner/work/typespec/typespec/packages/http-client-csharp/generator/artifacts/bin/testprojects.spector.tests/debug/net8.0/testprojects.spector.tests.dll" id="fb80423e-b271-1823-8b6c-e20e7db77869">
      <Execution id="631391a0-1161-4869-b2a1-3231dfa318a5" />
      <TestMethod codeBase="/home/runner/work/typespec/typespec/packages/http-client-csharp/generator/artifacts/bin/TestProjects.Spector.Tests/Debug/net8.0/TestProjects.Spector.Tests.dll" adapterTypeName="executor://nunit3testexecutor/" className="TestProjects.Spector.Tests.Http.SpecialWords.SpecialWordsTests" name="ParametersWithLambdaAsync" />
    </UnitTest>
    <UnitTest name="PutKnownValue" storage="/home/runner/work/typespec/typespec/packages/http-client-csharp/generator/artifacts/bin/testprojects.spector.tests/debug/net8.0/testprojects.spector.tests.dll" id="4bde530b-461a-6038-6a46-89cba4fc9e98">
      <Execution id="c18c662d-a41b-496d-af53-27cce790c446" />
      <TestMethod codeBase="/home/runner/work/typespec/typespec/packages/http-client-csharp/generator/artifacts/bin/TestProjects.Spector.Tests/Debug/net8.0/TestProjects.Spector.Tests.dll" adapterTypeName="executor://nunit3testexecutor/" className="TestProjects.Spector.Tests.Http._Type._Enum.Fixed.FixedTests" name="PutKnownValue" />
    </UnitTest>
    <UnitTest name="BooleanGet" storage="/home/runner/work/typespec/typespec/packages/http-client-csharp/generator/artifacts/bin/testprojects.spector.tests/debug/net8.0/testprojects.spector.tests.dll" id="2c8af5c6-fd6a-ab63-725d-404963a83957">
      <Execution id="3141cafd-7b3c-4e32-a434-b78149fa1fb9" />
      <TestMethod codeBase="/home/runner/work/typespec/typespec/packages/http-client-csharp/generator/artifacts/bin/TestProjects.Spector.Tests/Debug/net8.0/TestProjects.Spector.Tests.dll" adapterTypeName="executor://nunit3testexecutor/" className="TestProjects.Spector.Tests.Http._Type.Dictionary.DictionaryTests" name="BooleanGet" />
    </UnitTest>
    <UnitTest name="One" storage="/home/runner/work/typespec/typespec/packages/http-client-csharp/generator/artifacts/bin/testprojects.spector.tests/debug/net8.0/testprojects.spector.tests.dll" id="2e6f12c4-567a-a9a5-1394-114f4affe65c">
      <Execution id="19a5ce69-431b-4345-a8ac-3a4f040bbd04" />
      <TestMethod codeBase="/home/runner/work/typespec/typespec/packages/http-client-csharp/generator/artifacts/bin/TestProjects.Spector.Tests/Debug/net8.0/TestProjects.Spector.Tests.dll" adapterTypeName="executor://nunit3testexecutor/" className="TestProjects.Spector.Tests.Http.Client.Structure.TwoOperationGroup.TwoOperationGroupTests" name="One" />
    </UnitTest>
    <UnitTest name="GetWrongDiscriminator" storage="/home/runner/work/typespec/typespec/packages/http-client-csharp/generator/artifacts/bin/testprojects.spector.tests/debug/net8.0/testprojects.spector.tests.dll" id="7f3ceecd-496d-66aa-7ce5-730554894094">
      <Execution id="4d892b38-dac1-4fde-919b-efe572d21798" />
      <TestMethod codeBase="/home/runner/work/typespec/typespec/packages/http-client-csharp/generator/artifacts/bin/TestProjects.Spector.Tests/Debug/net8.0/TestProjects.Spector.Tests.dll" adapterTypeName="executor://nunit3testexecutor/" className="TestProjects.Spector.Tests.Http._Type.Model.Inheritance.NestedDiscriminator.NestedDiscriminatorTests" name="GetWrongDiscriminator" />
    </UnitTest>
    <UnitTest name="RequestBodyDefault" storage="/home/runner/work/typespec/typespec/packages/http-client-csharp/generator/artifacts/bin/testprojects.spector.tests/debug/net8.0/testprojects.spector.tests.dll" id="dd5a5ae0-57da-3fe2-e850-94f3ba87002f">
      <Execution id="881b73c2-24df-4bbe-b684-d2919a783cbc" />
      <TestMethod codeBase="/home/runner/work/typespec/typespec/packages/http-client-csharp/generator/artifacts/bin/TestProjects.Spector.Tests/Debug/net8.0/TestProjects.Spector.Tests.dll" adapterTypeName="executor://nunit3testexecutor/" className="TestProjects.Spector.Tests.Http.Encode.Bytes.EncodeBytesTests" name="RequestBodyDefault" />
    </UnitTest>
    <UnitTest name="RenamedFive" storage="/home/runner/work/typespec/typespec/packages/http-client-csharp/generator/artifacts/bin/testprojects.spector.tests/debug/net8.0/testprojects.spector.tests.dll" id="718c70e0-36a4-430b-ec62-91397adab157">
      <Execution id="40dad1cf-cd9d-4bbd-964a-9f70523dd9b8" />
      <TestMethod codeBase="/home/runner/work/typespec/typespec/packages/http-client-csharp/generator/artifacts/bin/TestProjects.Spector.Tests/Debug/net8.0/TestProjects.Spector.Tests.dll" adapterTypeName="executor://nunit3testexecutor/" className="TestProjects.Spector.Tests.Http.Client.Structure.RenamedOperation.RenamedOperationTests" name="RenamedFive" />
    </UnitTest>
    <UnitTest name="EnumPut" storage="/home/runner/work/typespec/typespec/packages/http-client-csharp/generator/artifacts/bin/testprojects.spector.tests/debug/net8.0/testprojects.spector.tests.dll" id="3275c535-98d3-2671-bf0a-4dd9d2b30351">
      <Execution id="03e5703d-a6a5-4e28-9d16-afc591219007" />
      <TestMethod codeBase="/home/runner/work/typespec/typespec/packages/http-client-csharp/generator/artifacts/bin/TestProjects.Spector.Tests/Debug/net8.0/TestProjects.Spector.Tests.dll" adapterTypeName="executor://nunit3testexecutor/" className="TestProjects.Spector.Tests.Http._Type.Property.ValueTypes.ValueTypesTests" name="EnumPut" />
    </UnitTest>
    <UnitTest name="RecursivePut" storage="/home/runner/work/typespec/typespec/packages/http-client-csharp/generator/artifacts/bin/testprojects.spector.tests/debug/net8.0/testprojects.spector.tests.dll" id="7105951c-1acb-ed14-a8c2-9f9a0735b07a">
      <Execution id="ab01b35e-ef8c-47c0-b486-683cd69df8e1" />
      <TestMethod codeBase="/home/runner/work/typespec/typespec/packages/http-client-csharp/generator/artifacts/bin/TestProjects.Spector.Tests/Debug/net8.0/TestProjects.Spector.Tests.dll" adapterTypeName="executor://nunit3testexecutor/" className="TestProjects.Spector.Tests.Http._Type.Model.Inheritance.Recursive.RecursiveTests" name="RecursivePut" />
    </UnitTest>
    <UnitTest name="StringPut" storage="/home/runner/work/typespec/typespec/packages/http-client-csharp/generator/artifacts/bin/testprojects.spector.tests/debug/net8.0/testprojects.spector.tests.dll" id="49a724d4-51fb-9763-c2c9-6fa6b4f604cf">
      <Execution id="4ecfdf78-6e1f-48ec-81de-9d2b96f0d6d5" />
      <TestMethod codeBase="/home/runner/work/typespec/typespec/packages/http-client-csharp/generator/artifacts/bin/TestProjects.Spector.Tests/Debug/net8.0/TestProjects.Spector.Tests.dll" adapterTypeName="executor://nunit3testexecutor/" className="TestProjects.Spector.Tests.Http._Type.Dictionary.DictionaryTests" name="StringPut" />
    </UnitTest>
    <UnitTest name="TestRemovedMembers" storage="/home/runner/work/typespec/typespec/packages/http-client-csharp/generator/artifacts/bin/testprojects.spector.tests/debug/net8.0/testprojects.spector.tests.dll" id="598c46e4-bffe-167c-08f9-f86ee5a64d1e">
      <Execution id="68d9c57c-2aca-4ea2-aebe-e5599e98f2e1" />
      <TestMethod codeBase="/home/runner/work/typespec/typespec/packages/http-client-csharp/generator/artifacts/bin/TestProjects.Spector.Tests/Debug/net8.0/TestProjects.Spector.Tests.dll" adapterTypeName="executor://nunit3testexecutor/" className="TestProjects.Spector.Tests.Http.Versioning.Removed.V1.VersioningRemovedV1Tests" name="TestRemovedMembers" />
    </UnitTest>
    <UnitTest name="UnknownDictPut" storage="/home/runner/work/typespec/typespec/packages/http-client-csharp/generator/artifacts/bin/testprojects.spector.tests/debug/net8.0/testprojects.spector.tests.dll" id="c27f4f00-c1f6-6ef9-9bf2-c1f43e89f45d">
      <Execution id="2434b6cb-066a-4e48-9ce6-acb0aae768e3" />
      <TestMethod codeBase="/home/runner/work/typespec/typespec/packages/http-client-csharp/generator/artifacts/bin/TestProjects.Spector.Tests/Debug/net8.0/TestProjects.Spector.Tests.dll" adapterTypeName="executor://nunit3testexecutor/" className="TestProjects.Spector.Tests.Http._Type.Property.ValueTypes.ValueTypesTests" name="UnknownDictPut" />
    </UnitTest>
    <UnitTest name="StringValueGet" storage="/home/runner/work/typespec/typespec/packages/http-client-csharp/generator/artifacts/bin/testprojects.spector.tests/debug/net8.0/testprojects.spector.tests.dll" id="fef3002c-ea29-6742-1ebc-93c5e87d8808">
      <Execution id="d5e49825-08b1-4c38-a2ad-b6d3931f0f4c" />
      <TestMethod codeBase="/home/runner/work/typespec/typespec/packages/http-client-csharp/generator/artifacts/bin/TestProjects.Spector.Tests/Debug/net8.0/TestProjects.Spector.Tests.dll" adapterTypeName="executor://nunit3testexecutor/" className="TestProjects.Spector.Tests.Http._Type._Array.ArrayTests" name="StringValueGet" />
    </UnitTest>
    <UnitTest name="ExtendsDifferentSpreadModelArrayPut" storage="/home/runner/work/typespec/typespec/packages/http-client-csharp/generator/artifacts/bin/testprojects.spector.tests/debug/net8.0/testprojects.spector.tests.dll" id="a879d571-dbc1-66a1-6878-dfed2f3c2d8d">
      <Execution id="1964ee42-cca8-4be4-9253-c34bdd7c3c82" />
      <TestMethod codeBase="/home/runner/work/typespec/typespec/packages/http-client-csharp/generator/artifacts/bin/TestProjects.Spector.Tests/Debug/net8.0/TestProjects.Spector.Tests.dll" adapterTypeName="executor://nunit3testexecutor/" className="TestProjects.Spector.Tests.Http._Type.Property.AdditionalProperties.AdditionalPropertiesTests" name="ExtendsDifferentSpreadModelArrayPut" />
    </UnitTest>
    <UnitTest name="BooleanPut" storage="/home/runner/work/typespec/typespec/packages/http-client-csharp/generator/artifacts/bin/testprojects.spector.tests/debug/net8.0/testprojects.spector.tests.dll" id="8cf3a58d-9cd4-92ff-5e14-620ef959d3d0">
      <Execution id="4b13bcae-63fc-41cc-aa5c-647ab9af7a10" />
      <TestMethod codeBase="/home/runner/work/typespec/typespec/packages/http-client-csharp/generator/artifacts/bin/TestProjects.Spector.Tests/Debug/net8.0/TestProjects.Spector.Tests.dll" adapterTypeName="executor://nunit3testexecutor/" className="TestProjects.Spector.Tests.Http._Type.Scalar.ScalarTests" name="BooleanPut" />
    </UnitTest>
    <UnitTest name="PropertyISO8601Convenience" storage="/home/runner/work/typespec/typespec/packages/http-client-csharp/generator/artifacts/bin/testprojects.spector.tests/debug/net8.0/testprojects.spector.tests.dll" id="e4407705-f35a-1acb-7293-039fb928d91f">
      <Execution id="cac90336-d448-462b-bd75-3672428fa68f" />
      <TestMethod codeBase="/home/runner/work/typespec/typespec/packages/http-client-csharp/generator/artifacts/bin/TestProjects.Spector.Tests/Debug/net8.0/TestProjects.Spector.Tests.dll" adapterTypeName="executor://nunit3testexecutor/" className="TestProjects.Spector.Tests.Http.Encode.Duration.EncodeDurationTests" name="PropertyISO8601Convenience" />
    </UnitTest>
    <UnitTest name="UnionIntLiteralGetAll" storage="/home/runner/work/typespec/typespec/packages/http-client-csharp/generator/artifacts/bin/testprojects.spector.tests/debug/net8.0/testprojects.spector.tests.dll" id="104d183d-d8d8-b8ad-7787-10524d00a205">
      <Execution id="bf7d2864-95d1-4046-a8c4-a70a9a64a12b" />
      <TestMethod codeBase="/home/runner/work/typespec/typespec/packages/http-client-csharp/generator/artifacts/bin/TestProjects.Spector.Tests/Debug/net8.0/TestProjects.Spector.Tests.dll" adapterTypeName="executor://nunit3testexecutor/" className="TestProjects.Spector.Tests.Http._Type.Property.Optionality.OptionalityTests" name="UnionIntLiteralGetAll" />
    </UnitTest>
    <UnitTest name="GetRecursiveModel" storage="/home/runner/work/typespec/typespec/packages/http-client-csharp/generator/artifacts/bin/testprojects.spector.tests/debug/net8.0/testprojects.spector.tests.dll" id="b9f616c2-7498-0ae9-3390-ddca06dbe0a1">
      <Execution id="3e566e54-5b5d-4269-a2d9-1663ab3fedca" />
      <TestMethod codeBase="/home/runner/work/typespec/typespec/packages/http-client-csharp/generator/artifacts/bin/TestProjects.Spector.Tests/Debug/net8.0/TestProjects.Spector.Tests.dll" adapterTypeName="executor://nunit3testexecutor/" className="TestProjects.Spector.Tests.Http._Type.Model.Inheritance.SingleDiscriminator.SingleDiscriminatorTests" name="GetRecursiveModel" />
    </UnitTest>
    <UnitTest name="DatetimePutDefault" storage="/home/runner/work/typespec/typespec/packages/http-client-csharp/generator/artifacts/bin/testprojects.spector.tests/debug/net8.0/testprojects.spector.tests.dll" id="3f1e7363-ca93-117c-597e-447b097d4854">
      <Execution id="6e702a81-1734-4504-9d36-fec659786b27" />
      <TestMethod codeBase="/home/runner/work/typespec/typespec/packages/http-client-csharp/generator/artifacts/bin/TestProjects.Spector.Tests/Debug/net8.0/TestProjects.Spector.Tests.dll" adapterTypeName="executor://nunit3testexecutor/" className="TestProjects.Spector.Tests.Http._Type.Property.Optionality.OptionalityTests" name="DatetimePutDefault" />
    </UnitTest>
    <UnitTest name="UnknownPut" storage="/home/runner/work/typespec/typespec/packages/http-client-csharp/generator/artifacts/bin/testprojects.spector.tests/debug/net8.0/testprojects.spector.tests.dll" id="fbc8aa06-767e-6057-d3cc-9fa617f610fc">
      <Execution id="82657429-0bc4-4368-be20-62ce055e3992" />
      <TestMethod codeBase="/home/runner/work/typespec/typespec/packages/http-client-csharp/generator/artifacts/bin/TestProjects.Spector.Tests/Debug/net8.0/TestProjects.Spector.Tests.dll" adapterTypeName="executor://nunit3testexecutor/" className="TestProjects.Spector.Tests.Http._Type.Scalar.ScalarTests" name="UnknownPut" />
    </UnitTest>
    <UnitTest name="ParametersWithReturnAsync" storage="/home/runner/work/typespec/typespec/packages/http-client-csharp/generator/artifacts/bin/testprojects.spector.tests/debug/net8.0/testprojects.spector.tests.dll" id="0f0cb2e0-62b7-ccb1-7320-803c08e61d31">
      <Execution id="765f36c6-f680-48b6-a06a-dc6b510cb27f" />
      <TestMethod codeBase="/home/runner/work/typespec/typespec/packages/http-client-csharp/generator/artifacts/bin/TestProjects.Spector.Tests/Debug/net8.0/TestProjects.Spector.Tests.dll" adapterTypeName="executor://nunit3testexecutor/" className="TestProjects.Spector.Tests.Http.SpecialWords.SpecialWordsTests" name="ParametersWithReturnAsync" />
    </UnitTest>
    <UnitTest name="StringLiteralPutAll" storage="/home/runner/work/typespec/typespec/packages/http-client-csharp/generator/artifacts/bin/testprojects.spector.tests/debug/net8.0/testprojects.spector.tests.dll" id="7361cc30-aaea-0428-3def-3ef4493b53fd">
      <Execution id="eb56fbf2-9a6b-4158-a776-8130cce370f0" />
      <TestMethod codeBase="/home/runner/work/typespec/typespec/packages/http-client-csharp/generator/artifacts/bin/TestProjects.Spector.Tests/Debug/net8.0/TestProjects.Spector.Tests.dll" adapterTypeName="executor://nunit3testexecutor/" className="TestProjects.Spector.Tests.Http._Type.Property.Optionality.OptionalityTests" name="StringLiteralPutAll" />
    </UnitTest>
    <UnitTest name="HttpPartsOptionalContentType" storage="/home/runner/work/typespec/typespec/packages/http-client-csharp/generator/artifacts/bin/testprojects.spector.tests/debug/net8.0/testprojects.spector.tests.dll" id="5720a2b7-9b03-2e66-0adc-a318e14c9188">
      <Execution id="bea6d454-cd3b-46f6-a292-7a946a73fca6" />
      <TestMethod codeBase="/home/runner/work/typespec/typespec/packages/http-client-csharp/generator/artifacts/bin/TestProjects.Spector.Tests/Debug/net8.0/TestProjects.Spector.Tests.dll" adapterTypeName="executor://nunit3testexecutor/" className="TestProjects.Spector.Tests.Http.Payload.Multipart.MultipartTests" name="HttpPartsOptionalContentType" />
    </UnitTest>
    <UnitTest name="Decimal128TypeResponseBody" storage="/home/runner/work/typespec/typespec/packages/http-client-csharp/generator/artifacts/bin/testprojects.spector.tests/debug/net8.0/testprojects.spector.tests.dll" id="721cca9c-73ac-87f2-6b59-fe960c808071">
      <Execution id="bfdf00ee-8d39-4994-826b-393b95f50ac2" />
      <TestMethod codeBase="/home/runner/work/typespec/typespec/packages/http-client-csharp/generator/artifacts/bin/TestProjects.Spector.Tests/Debug/net8.0/TestProjects.Spector.Tests.dll" adapterTypeName="executor://nunit3testexecutor/" className="TestProjects.Spector.Tests.Http._Type.Scalar.ScalarTests" name="Decimal128TypeResponseBody" />
    </UnitTest>
    <UnitTest name="UnionStringLiteralPutDefault" storage="/home/runner/work/typespec/typespec/packages/http-client-csharp/generator/artifacts/bin/testprojects.spector.tests/debug/net8.0/testprojects.spector.tests.dll" id="0fc7b103-83b3-b38a-373f-4f3952d740ec">
      <Execution id="e1f47ba1-78a3-472f-aaf3-749a3ad2b3ad" />
      <TestMethod codeBase="/home/runner/work/typespec/typespec/packages/http-client-csharp/generator/artifacts/bin/TestProjects.Spector.Tests/Debug/net8.0/TestProjects.Spector.Tests.dll" adapterTypeName="executor://nunit3testexecutor/" className="TestProjects.Spector.Tests.Http._Type.Property.Optionality.OptionalityTests" name="UnionStringLiteralPutDefault" />
    </UnitTest>
    <UnitTest name="GetAsJson" storage="/home/runner/work/typespec/typespec/packages/http-client-csharp/generator/artifacts/bin/testprojects.spector.tests/debug/net8.0/testprojects.spector.tests.dll" id="297429e0-2277-cf0b-92f4-a86ebf1d4d0e">
      <Execution id="e61c2a82-62d1-4de6-9b17-ea008e89f488" />
      <TestMethod codeBase="/home/runner/work/typespec/typespec/packages/http-client-csharp/generator/artifacts/bin/TestProjects.Spector.Tests/Debug/net8.0/TestProjects.Spector.Tests.dll" adapterTypeName="executor://nunit3testexecutor/" className="TestProjects.Spector.Tests.Http.Payload.MediaType.MediaTypeTests" name="GetAsJson" />
    </UnitTest>
    <UnitTest name="Three" storage="/home/runner/work/typespec/typespec/packages/http-client-csharp/generator/artifacts/bin/testprojects.spector.tests/debug/net8.0/testprojects.spector.tests.dll" id="8f029877-17e2-40b7-8d43-989fea8e4ad9">
      <Execution id="448935f3-c8d0-492b-8649-b20f5d1f48e3" />
      <TestMethod codeBase="/home/runner/work/typespec/typespec/packages/http-client-csharp/generator/artifacts/bin/TestProjects.Spector.Tests/Debug/net8.0/TestProjects.Spector.Tests.dll" adapterTypeName="executor://nunit3testexecutor/" className="TestProjects.Spector.Tests.Http.Client.Structure.ClientOperationGroup.ClientOperationGroupTests" name="Three" />
    </UnitTest>
    <UnitTest name="RequiredAndOptionalGetAll" storage="/home/runner/work/typespec/typespec/packages/http-client-csharp/generator/artifacts/bin/testprojects.spector.tests/debug/net8.0/testprojects.spector.tests.dll" id="81b2c6fa-26d3-8984-98eb-0462ef3db642">
      <Execution id="b512d483-92a1-4bf1-98fa-4c4c3c8aeb38" />
      <TestMethod codeBase="/home/runner/work/typespec/typespec/packages/http-client-csharp/generator/artifacts/bin/TestProjects.Spector.Tests/Debug/net8.0/TestProjects.Spector.Tests.dll" adapterTypeName="executor://nunit3testexecutor/" className="TestProjects.Spector.Tests.Http._Type.Property.Optionality.OptionalityTests" name="RequiredAndOptionalGetAll" />
    </UnitTest>
    <UnitTest name="Client_Structure_default_methods(Client.Structure.Service._Baz.BazFoo,[&quot;Seven&quot;])" storage="/home/runner/work/typespec/typespec/packages/http-client-csharp/generator/artifacts/bin/testprojects.spector.tests/debug/net8.0/testprojects.spector.tests.dll" id="b4aa39ea-18fd-59fc-2bb9-72702a97fba6">
      <Execution id="32e4e57b-2879-4a11-adc0-d38afb376bf8" />
      <TestMethod codeBase="/home/runner/work/typespec/typespec/packages/http-client-csharp/generator/artifacts/bin/TestProjects.Spector.Tests/Debug/net8.0/TestProjects.Spector.Tests.dll" adapterTypeName="executor://nunit3testexecutor/" className="TestProjects.Spector.Tests.Http.Client.Structure.Default.DefaultTests" name="Client_Structure_default_methods(Client.Structure.Service._Baz.BazFoo,[&quot;Seven&quot;])" />
    </UnitTest>
    <UnitTest name="HeaderInt32Seconds" storage="/home/runner/work/typespec/typespec/packages/http-client-csharp/generator/artifacts/bin/testprojects.spector.tests/debug/net8.0/testprojects.spector.tests.dll" id="7ab5e04b-c54c-96ac-3762-2c7f66ac4661">
      <Execution id="9ac4a0d1-d65e-4d03-966c-af86c3e2aedf" />
      <TestMethod codeBase="/home/runner/work/typespec/typespec/packages/http-client-csharp/generator/artifacts/bin/TestProjects.Spector.Tests/Debug/net8.0/TestProjects.Spector.Tests.dll" adapterTypeName="executor://nunit3testexecutor/" className="TestProjects.Spector.Tests.Http.Encode.Duration.EncodeDurationTests" name="HeaderInt32Seconds" />
    </UnitTest>
    <UnitTest name="Int32ValuePut" storage="/home/runner/work/typespec/typespec/packages/http-client-csharp/generator/artifacts/bin/testprojects.spector.tests/debug/net8.0/testprojects.spector.tests.dll" id="a07e4e7c-2c60-8f67-8d10-efdfe8d784f4">
      <Execution id="6a3a6e50-c382-45a6-a832-ae6aeda66ecf" />
      <TestMethod codeBase="/home/runner/work/typespec/typespec/packages/http-client-csharp/generator/artifacts/bin/TestProjects.Spector.Tests/Debug/net8.0/TestProjects.Spector.Tests.dll" adapterTypeName="executor://nunit3testexecutor/" className="TestProjects.Spector.Tests.Http._Type._Array.ArrayTests" name="Int32ValuePut" />
    </UnitTest>
    <UnitTest name="ParametersWithAwaitAsync" storage="/home/runner/work/typespec/typespec/packages/http-client-csharp/generator/artifacts/bin/testprojects.spector.tests/debug/net8.0/testprojects.spector.tests.dll" id="b0ad2dae-d160-a86c-783d-09be99bcb1b1">
      <Execution id="dcd3a738-cce0-4a10-9263-6f79f07bb9c6" />
      <TestMethod codeBase="/home/runner/work/typespec/typespec/packages/http-client-csharp/generator/artifacts/bin/TestProjects.Spector.Tests/Debug/net8.0/TestProjects.Spector.Tests.dll" adapterTypeName="executor://nunit3testexecutor/" className="TestProjects.Spector.Tests.Http.SpecialWords.SpecialWordsTests" name="ParametersWithAwaitAsync" />
    </UnitTest>
    <UnitTest name="OptionalPathParamIncluded(True)" storage="/home/runner/work/typespec/typespec/packages/http-client-csharp/generator/artifacts/bin/testprojects.spector.tests/debug/net8.0/testprojects.spector.tests.dll" id="529fca7e-16e7-d72f-a834-7459e2edface">
      <Execution id="21d7f4e5-add6-4bf5-86ce-4b041e12f425" />
      <TestMethod codeBase="/home/runner/work/typespec/typespec/packages/http-client-csharp/generator/artifacts/bin/TestProjects.Spector.Tests/Debug/net8.0/TestProjects.Spector.Tests.dll" adapterTypeName="executor://nunit3testexecutor/" className="TestProjects.Spector.Tests.Http.Parameters.Path.PathTests" name="OptionalPathParamIncluded(True)" />
    </UnitTest>
    <UnitTest name="RoundTripWithModelInterfaceJson" storage="/home/runner/work/typespec/typespec/packages/http-client-csharp/generator/artifacts/bin/testprojects.spector.tests/debug/net8.0/testprojects.spector.tests.dll" id="7856cdc9-835e-add2-c562-9365bd47f0d0">
      <Execution id="62214615-9524-4ec7-a6da-70da0c286e0d" />
      <TestMethod codeBase="/home/runner/work/typespec/typespec/packages/http-client-csharp/generator/artifacts/bin/TestProjects.Spector.Tests/Debug/net8.0/TestProjects.Spector.Tests.dll" adapterTypeName="executor://nunit3testexecutor/" className="TestProjects.Spector.Tests.Http._Type.Property.AdditionalProperties.DifferentSpreadStringDerivedTests" name="RoundTripWithModelInterfaceJson" />
    </UnitTest>
    <UnitTest name="RoundTripWithModelInterfaceNonGenericJson" storage="/home/runner/work/typespec/typespec/packages/http-client-csharp/generator/artifacts/bin/testprojects.spector.tests/debug/net8.0/testprojects.spector.tests.dll" id="95739443-12f4-1dfc-f6c0-de66ccb21637">
      <Execution id="b4ecf86f-ab6d-4d29-a749-d410df158170" />
      <TestMethod codeBase="/home/runner/work/typespec/typespec/packages/http-client-csharp/generator/artifacts/bin/TestProjects.Spector.Tests/Debug/net8.0/TestProjects.Spector.Tests.dll" adapterTypeName="executor://nunit3testexecutor/" className="TestProjects.Spector.Tests.Http._Type.Property.AdditionalProperties.MultipleSpreadRecordTests" name="RoundTripWithModelInterfaceNonGenericJson" />
    </UnitTest>
    <UnitTest name="SpreadDifferentFloatPut" storage="/home/runner/work/typespec/typespec/packages/http-client-csharp/generator/artifacts/bin/testprojects.spector.tests/debug/net8.0/testprojects.spector.tests.dll" id="e27ee226-188f-cf1e-bb44-10f5748e4c2e">
      <Execution id="f5dfd221-3acc-4ed2-9b79-93842a3c5d14" />
      <TestMethod codeBase="/home/runner/work/typespec/typespec/packages/http-client-csharp/generator/artifacts/bin/TestProjects.Spector.Tests/Debug/net8.0/TestProjects.Spector.Tests.dll" adapterTypeName="executor://nunit3testexecutor/" className="TestProjects.Spector.Tests.Http._Type.Property.AdditionalProperties.AdditionalPropertiesTests" name="SpreadDifferentFloatPut" />
    </UnitTest>
    <UnitTest name="RoundTripWithModelReaderWriterWire" storage="/home/runner/work/typespec/typespec/packages/http-client-csharp/generator/artifacts/bin/testprojects.spector.tests/debug/net8.0/testprojects.spector.tests.dll" id="a27d050c-f8a6-c9de-29fa-fb9630eefd5a">
      <Execution id="418580aa-6d46-476a-9af1-35675603d71a" />
      <TestMethod codeBase="/home/runner/work/typespec/typespec/packages/http-client-csharp/generator/artifacts/bin/TestProjects.Spector.Tests/Debug/net8.0/TestProjects.Spector.Tests.dll" adapterTypeName="executor://nunit3testexecutor/" className="TestProjects.Spector.Tests.Http._Type.Property.AdditionalProperties.MultipleSpreadRecordTests" name="RoundTripWithModelReaderWriterWire" />
    </UnitTest>
    <UnitTest name="WithQueryOldApiVersion" storage="/home/runner/work/typespec/typespec/packages/http-client-csharp/generator/artifacts/bin/testprojects.spector.tests/debug/net8.0/testprojects.spector.tests.dll" id="a913404d-45fa-809b-82de-903589668c82">
      <Execution id="eae3e21b-167f-4823-a37b-f4f375d76a3a" />
      <TestMethod codeBase="/home/runner/work/typespec/typespec/packages/http-client-csharp/generator/artifacts/bin/TestProjects.Spector.Tests/Debug/net8.0/TestProjects.Spector.Tests.dll" adapterTypeName="executor://nunit3testexecutor/" className="TestProjects.Spector.Tests.Http.Server.Versions.Versioned.VersionedTests" name="WithQueryOldApiVersion" />
    </UnitTest>
    <UnitTest name="DurationGetNonNull" storage="/home/runner/work/typespec/typespec/packages/http-client-csharp/generator/artifacts/bin/testprojects.spector.tests/debug/net8.0/testprojects.spector.tests.dll" id="c6d6d899-0a77-5d61-f139-b349a493c70b">
      <Execution id="124ef8ea-cdc4-4254-b342-d708cc470b74" />
      <TestMethod codeBase="/home/runner/work/typespec/typespec/packages/http-client-csharp/generator/artifacts/bin/TestProjects.Spector.Tests/Debug/net8.0/TestProjects.Spector.Tests.dll" adapterTypeName="executor://nunit3testexecutor/" className="TestProjects.Spector.Tests.Http._Type.Property.Nullable.NullableTests" name="DurationGetNonNull" />
    </UnitTest>
    <UnitTest name="DatetimePatchNonNull" storage="/home/runner/work/typespec/typespec/packages/http-client-csharp/generator/artifacts/bin/testprojects.spector.tests/debug/net8.0/testprojects.spector.tests.dll" id="3be2305c-1fcd-69bb-4cb6-0f3765875678">
      <Execution id="5d414dbf-3665-4938-b4a4-74a44e33aa5a" />
      <TestMethod codeBase="/home/runner/work/typespec/typespec/packages/http-client-csharp/generator/artifacts/bin/TestProjects.Spector.Tests/Debug/net8.0/TestProjects.Spector.Tests.dll" adapterTypeName="executor://nunit3testexecutor/" className="TestProjects.Spector.Tests.Http._Type.Property.Nullable.NullableTests" name="DatetimePatchNonNull" />
    </UnitTest>
    <UnitTest name="IsFloatGet" storage="/home/runner/work/typespec/typespec/packages/http-client-csharp/generator/artifacts/bin/testprojects.spector.tests/debug/net8.0/testprojects.spector.tests.dll" id="34f84800-61fe-8fb2-20e1-3885eeafe62d">
      <Execution id="842547e7-0017-44fe-8936-e953f40aac5b" />
      <TestMethod codeBase="/home/runner/work/typespec/typespec/packages/http-client-csharp/generator/artifacts/bin/TestProjects.Spector.Tests/Debug/net8.0/TestProjects.Spector.Tests.dll" adapterTypeName="executor://nunit3testexecutor/" className="TestProjects.Spector.Tests.Http._Type.Property.AdditionalProperties.AdditionalPropertiesTests" name="IsFloatGet" />
    </UnitTest>
    <UnitTest name="ImplicitBodySimple" storage="/home/runner/work/typespec/typespec/packages/http-client-csharp/generator/artifacts/bin/testprojects.spector.tests/debug/net8.0/testprojects.spector.tests.dll" id="133e4429-4d79-8cf3-ae99-535243ed2289">
      <Execution id="d7d5d17b-c41b-4bb9-8b7f-01345c687ab2" />
      <TestMethod codeBase="/home/runner/work/typespec/typespec/packages/http-client-csharp/generator/artifacts/bin/TestProjects.Spector.Tests/Debug/net8.0/TestProjects.Spector.Tests.dll" adapterTypeName="executor://nunit3testexecutor/" className="TestProjects.Spector.Tests.Http.Parameters.Basic.BasicParametersTests" name="ImplicitBodySimple" />
    </UnitTest>
    <UnitTest name="HeaderDefault" storage="/home/runner/work/typespec/typespec/packages/http-client-csharp/generator/artifacts/bin/testprojects.spector.tests/debug/net8.0/testprojects.spector.tests.dll" id="3091f0cd-ea6a-1eb0-6161-2b6f59c83f2c">
      <Execution id="727349d2-d377-4d9f-bdd0-0d2f60d38c58" />
      <TestMethod codeBase="/home/runner/work/typespec/typespec/packages/http-client-csharp/generator/artifacts/bin/TestProjects.Spector.Tests/Debug/net8.0/TestProjects.Spector.Tests.dll" adapterTypeName="executor://nunit3testexecutor/" className="TestProjects.Spector.Tests.Http.Encode.Datetime.DateTimeTests" name="HeaderDefault" />
    </UnitTest>
    <UnitTest name="RoundTripWithJsonInterfaceUtf8ReaderNonGenericJson" storage="/home/runner/work/typespec/typespec/packages/http-client-csharp/generator/artifacts/bin/testprojects.spector.tests/debug/net8.0/testprojects.spector.tests.dll" id="1467f056-ccdf-6c8e-94a4-b6e67541ea01">
      <Execution id="d9973ed4-33ff-450a-828f-fe69014a2b95" />
      <TestMethod codeBase="/home/runner/work/typespec/typespec/packages/http-client-csharp/generator/artifacts/bin/TestProjects.Spector.Tests/Debug/net8.0/TestProjects.Spector.Tests.dll" adapterTypeName="executor://nunit3testexecutor/" className="TestProjects.Spector.Tests.Http._Type.Model.Inheritance.SingleDiscriminator.EagleTests" name="RoundTripWithJsonInterfaceUtf8ReaderNonGenericJson" />
    </UnitTest>
    <UnitTest name="CollectionsIntPut" storage="/home/runner/work/typespec/typespec/packages/http-client-csharp/generator/artifacts/bin/testprojects.spector.tests/debug/net8.0/testprojects.spector.tests.dll" id="68829d0b-bbc7-42eb-7e78-b56d42cf6b38">
      <Execution id="6aae3a36-b571-47c3-a0d4-12ab405d2211" />
      <TestMethod codeBase="/home/runner/work/typespec/typespec/packages/http-client-csharp/generator/artifacts/bin/TestProjects.Spector.Tests/Debug/net8.0/TestProjects.Spector.Tests.dll" adapterTypeName="executor://nunit3testexecutor/" className="TestProjects.Spector.Tests.Http._Type.Property.ValueTypes.ValueTypesTests" name="CollectionsIntPut" />
    </UnitTest>
    <UnitTest name="SendModelsOnly" storage="/home/runner/work/typespec/typespec/packages/http-client-csharp/generator/artifacts/bin/testprojects.spector.tests/debug/net8.0/testprojects.spector.tests.dll" id="17ee7df6-6744-55fc-93c4-441397222e87">
      <Execution id="17ab33f6-eb88-4a45-9464-3f9be468631a" />
      <TestMethod codeBase="/home/runner/work/typespec/typespec/packages/http-client-csharp/generator/artifacts/bin/TestProjects.Spector.Tests/Debug/net8.0/TestProjects.Spector.Tests.dll" adapterTypeName="executor://nunit3testexecutor/" className="TestProjects.Spector.Tests.Http._Type.Union.UnionTests" name="SendModelsOnly" />
    </UnitTest>
    <UnitTest name="CollectionsByteGetAll" storage="/home/runner/work/typespec/typespec/packages/http-client-csharp/generator/artifacts/bin/testprojects.spector.tests/debug/net8.0/testprojects.spector.tests.dll" id="7c6a914d-92b3-edaf-33c3-a2ef4d20b67a">
      <Execution id="b63ad540-5f32-4c70-bb78-911850ba8152" />
      <TestMethod codeBase="/home/runner/work/typespec/typespec/packages/http-client-csharp/generator/artifacts/bin/TestProjects.Spector.Tests/Debug/net8.0/TestProjects.Spector.Tests.dll" adapterTypeName="executor://nunit3testexecutor/" className="TestProjects.Spector.Tests.Http._Type.Property.Optionality.OptionalityTests" name="CollectionsByteGetAll" />
    </UnitTest>
    <UnitTest name="StringGet" storage="/home/runner/work/typespec/typespec/packages/http-client-csharp/generator/artifacts/bin/testprojects.spector.tests/debug/net8.0/testprojects.spector.tests.dll" id="a63689cf-95e5-fbe7-80f5-ad0180090582">
      <Execution id="9b9f1a7a-abdc-4a96-b56d-cdbe78ed32e3" />
      <TestMethod codeBase="/home/runner/work/typespec/typespec/packages/http-client-csharp/generator/artifacts/bin/TestProjects.Spector.Tests/Debug/net8.0/TestProjects.Spector.Tests.dll" adapterTypeName="executor://nunit3testexecutor/" className="TestProjects.Spector.Tests.Http._Type.Dictionary.DictionaryTests" name="StringGet" />
    </UnitTest>
    <UnitTest name="Client_Structure_default_One" storage="/home/runner/work/typespec/typespec/packages/http-client-csharp/generator/artifacts/bin/testprojects.spector.tests/debug/net8.0/testprojects.spector.tests.dll" id="d18b4288-ad3f-9696-dd64-10203dd36473">
      <Execution id="2a5a3cfa-097f-4eb4-a7c6-6871020a41e2" />
      <TestMethod codeBase="/home/runner/work/typespec/typespec/packages/http-client-csharp/generator/artifacts/bin/TestProjects.Spector.Tests/Debug/net8.0/TestProjects.Spector.Tests.dll" adapterTypeName="executor://nunit3testexecutor/" className="TestProjects.Spector.Tests.Http.Client.Structure.Default.DefaultTests" name="Client_Structure_default_One" />
    </UnitTest>
    <UnitTest name="CollectionsBytePutAll" storage="/home/runner/work/typespec/typespec/packages/http-client-csharp/generator/artifacts/bin/testprojects.spector.tests/debug/net8.0/testprojects.spector.tests.dll" id="5e4620a7-e771-8bfd-4197-167906da6d50">
      <Execution id="7a2787b4-cb67-47d6-be6a-34ca585696a2" />
      <TestMethod codeBase="/home/runner/work/typespec/typespec/packages/http-client-csharp/generator/artifacts/bin/TestProjects.Spector.Tests/Debug/net8.0/TestProjects.Spector.Tests.dll" adapterTypeName="executor://nunit3testexecutor/" className="TestProjects.Spector.Tests.Http._Type.Property.Optionality.OptionalityTests" name="CollectionsBytePutAll" />
    </UnitTest>
    <UnitTest name="LabelExpansionExplodeArray" storage="/home/runner/work/typespec/typespec/packages/http-client-csharp/generator/artifacts/bin/testprojects.spector.tests/debug/net8.0/testprojects.spector.tests.dll" id="080aef21-9aba-8252-7cb7-f06d7dc8900a">
      <Execution id="dacec9ed-39f4-496d-acae-9074fdc1a25c" />
      <TestMethod codeBase="/home/runner/work/typespec/typespec/packages/http-client-csharp/generator/artifacts/bin/TestProjects.Spector.Tests/Debug/net8.0/TestProjects.Spector.Tests.dll" adapterTypeName="executor://nunit3testexecutor/" className="TestProjects.Spector.Tests.Http.Routes.PathParameterTests" name="LabelExpansionExplodeArray" />
    </UnitTest>
    <UnitTest name="Float32ValueGet" storage="/home/runner/work/typespec/typespec/packages/http-client-csharp/generator/artifacts/bin/testprojects.spector.tests/debug/net8.0/testprojects.spector.tests.dll" id="2e2d7890-8c51-350e-9163-4ba34bbe400a">
      <Execution id="ab7a73cb-073b-4d6e-adaa-065a4401e99a" />
      <TestMethod codeBase="/home/runner/work/typespec/typespec/packages/http-client-csharp/generator/artifacts/bin/TestProjects.Spector.Tests/Debug/net8.0/TestProjects.Spector.Tests.dll" adapterTypeName="executor://nunit3testexecutor/" className="TestProjects.Spector.Tests.Http._Type._Array.ArrayTests" name="Float32ValueGet" />
    </UnitTest>
    <UnitTest name="CollectionsByteGetNonNull" storage="/home/runner/work/typespec/typespec/packages/http-client-csharp/generator/artifacts/bin/testprojects.spector.tests/debug/net8.0/testprojects.spector.tests.dll" id="a3e78115-73d4-5855-1567-96e35b62d47b">
      <Execution id="8fcd5dea-4de7-4b3e-ae30-af639933978c" />
      <TestMethod codeBase="/home/runner/work/typespec/typespec/packages/http-client-csharp/generator/artifacts/bin/TestProjects.Spector.Tests/Debug/net8.0/TestProjects.Spector.Tests.dll" adapterTypeName="executor://nunit3testexecutor/" className="TestProjects.Spector.Tests.Http._Type.Property.Nullable.NullableTests" name="CollectionsByteGetNonNull" />
    </UnitTest>
    <UnitTest name="DifferentBody" storage="/home/runner/work/typespec/typespec/packages/http-client-csharp/generator/artifacts/bin/testprojects.spector.tests/debug/net8.0/testprojects.spector.tests.dll" id="2b8278f2-63f4-76df-c0a7-f90843398a28">
      <Execution id="68cd851a-11e6-4e6d-ae4d-75f4eeabcc0d" />
      <TestMethod codeBase="/home/runner/work/typespec/typespec/packages/http-client-csharp/generator/artifacts/bin/TestProjects.Spector.Tests/Debug/net8.0/TestProjects.Spector.Tests.dll" adapterTypeName="executor://nunit3testexecutor/" className="TestProjects.Spector.Tests.Http.Payload.ContentNegotiation.ContentNegotiationTests" name="DifferentBody" />
    </UnitTest>
    <UnitTest name="ResponseBodyBase64url" storage="/home/runner/work/typespec/typespec/packages/http-client-csharp/generator/artifacts/bin/testprojects.spector.tests/debug/net8.0/testprojects.spector.tests.dll" id="fcb461e8-0d34-d849-6505-489cbade957a">
      <Execution id="72999c66-d2f3-478e-800a-22ffd151d09b" />
      <TestMethod codeBase="/home/runner/work/typespec/typespec/packages/http-client-csharp/generator/artifacts/bin/TestProjects.Spector.Tests/Debug/net8.0/TestProjects.Spector.Tests.dll" adapterTypeName="executor://nunit3testexecutor/" className="TestProjects.Spector.Tests.Http.Encode.Bytes.EncodeBytesTests" name="ResponseBodyBase64url" />
    </UnitTest>
    <UnitTest name="GetUnknownValue" storage="/home/runner/work/typespec/typespec/packages/http-client-csharp/generator/artifacts/bin/testprojects.spector.tests/debug/net8.0/testprojects.spector.tests.dll" id="0b81464b-e389-2e55-443c-be7a30f9a702">
      <Execution id="fb21cd7e-e9a2-45ad-a07b-73bf6ccaad70" />
      <TestMethod codeBase="/home/runner/work/typespec/typespec/packages/http-client-csharp/generator/artifacts/bin/TestProjects.Spector.Tests/Debug/net8.0/TestProjects.Spector.Tests.dll" adapterTypeName="executor://nunit3testexecutor/" className="TestProjects.Spector.Tests.Http._Type._Enum.Extensible.ExtensibleTests" name="GetUnknownValue" />
    </UnitTest>
    <UnitTest name="NullableIntValueGet" storage="/home/runner/work/typespec/typespec/packages/http-client-csharp/generator/artifacts/bin/testprojects.spector.tests/debug/net8.0/testprojects.spector.tests.dll" id="241313de-4724-90ee-623b-5cd85525538b">
      <Execution id="e36fbe75-c212-46a0-99d7-7bfe61e3c01a" />
      <TestMethod codeBase="/home/runner/work/typespec/typespec/packages/http-client-csharp/generator/artifacts/bin/TestProjects.Spector.Tests/Debug/net8.0/TestProjects.Spector.Tests.dll" adapterTypeName="executor://nunit3testexecutor/" className="TestProjects.Spector.Tests.Http._Type._Array.ArrayTests" name="NullableIntValueGet" />
    </UnitTest>
    <UnitTest name="ParametersWithDefAsync" storage="/home/runner/work/typespec/typespec/packages/http-client-csharp/generator/artifacts/bin/testprojects.spector.tests/debug/net8.0/testprojects.spector.tests.dll" id="e3a7ed5d-9798-22cb-4eae-dcd99f1ece7e">
      <Execution id="611e938f-b585-4d9e-b6a6-07249c5e9549" />
      <TestMethod codeBase="/home/runner/work/typespec/typespec/packages/http-client-csharp/generator/artifacts/bin/TestProjects.Spector.Tests/Debug/net8.0/TestProjects.Spector.Tests.dll" adapterTypeName="executor://nunit3testexecutor/" className="TestProjects.Spector.Tests.Http.SpecialWords.SpecialWordsTests" name="ParametersWithDefAsync" />
    </UnitTest>
    <UnitTest name="SendStringAndArray" storage="/home/runner/work/typespec/typespec/packages/http-client-csharp/generator/artifacts/bin/testprojects.spector.tests/debug/net8.0/testprojects.spector.tests.dll" id="cdd478ae-7c7a-97cc-6872-4601f8244ce0">
      <Execution id="672d6960-68f9-4063-8267-ef04e7b7a936" />
      <TestMethod codeBase="/home/runner/work/typespec/typespec/packages/http-client-csharp/generator/artifacts/bin/TestProjects.Spector.Tests/Debug/net8.0/TestProjects.Spector.Tests.dll" adapterTypeName="executor://nunit3testexecutor/" className="TestProjects.Spector.Tests.Http._Type.Union.UnionTests" name="SendStringAndArray" />
    </UnitTest>
    <UnitTest name="RoundTripWithModelInterfaceWire" storage="/home/runner/work/typespec/typespec/packages/http-client-csharp/generator/artifacts/bin/testprojects.spector.tests/debug/net8.0/testprojects.spector.tests.dll" id="b37dc247-281d-9ad1-5089-906957d4178f">
      <Execution id="1098ec2b-365d-483c-8c38-cee152d9c60f" />
      <TestMethod codeBase="/home/runner/work/typespec/typespec/packages/http-client-csharp/generator/artifacts/bin/TestProjects.Spector.Tests/Debug/net8.0/TestProjects.Spector.Tests.dll" adapterTypeName="executor://nunit3testexecutor/" className="TestProjects.Spector.Tests.Http._Type.Model.Inheritance.SingleDiscriminator.EagleTests" name="RoundTripWithModelInterfaceWire" />
    </UnitTest>
    <UnitTest name="RenamedFour" storage="/home/runner/work/typespec/typespec/packages/http-client-csharp/generator/artifacts/bin/testprojects.spector.tests/debug/net8.0/testprojects.spector.tests.dll" id="b6d724e3-90e6-e4c7-e5ca-f8b21fc53c9a">
      <Execution id="72a00c6e-5593-4932-8d6d-a17444692eee" />
      <TestMethod codeBase="/home/runner/work/typespec/typespec/packages/http-client-csharp/generator/artifacts/bin/TestProjects.Spector.Tests/Debug/net8.0/TestProjects.Spector.Tests.dll" adapterTypeName="executor://nunit3testexecutor/" className="TestProjects.Spector.Tests.Http.Client.Structure.MultiClient.MultiClientTests" name="RenamedFour" />
    </UnitTest>
    <UnitTest name="RoundTripWithModelCast" storage="/home/runner/work/typespec/typespec/packages/http-client-csharp/generator/artifacts/bin/testprojects.spector.tests/debug/net8.0/testprojects.spector.tests.dll" id="7c649d35-27dd-6eec-cfd9-a690e516834c">
      <Execution id="9c6b1893-5ff3-4374-a34b-27b0c95bcff5" />
      <TestMethod codeBase="/home/runner/work/typespec/typespec/packages/http-client-csharp/generator/artifacts/bin/TestProjects.Spector.Tests/Debug/net8.0/TestProjects.Spector.Tests.dll" adapterTypeName="executor://nunit3testexecutor/" className="TestProjects.Spector.Tests.Http._Type.Property.AdditionalProperties.DifferentSpreadStringDerivedTests" name="RoundTripWithModelCast" />
    </UnitTest>
    <UnitTest name="Datetime_patchNull" storage="/home/runner/work/typespec/typespec/packages/http-client-csharp/generator/artifacts/bin/testprojects.spector.tests/debug/net8.0/testprojects.spector.tests.dll" id="d307580a-81ae-be04-25d4-8932d3f176da">
      <Execution id="bd37142a-4898-4fba-b8cd-cc3102a22dec" />
      <TestMethod codeBase="/home/runner/work/typespec/typespec/packages/http-client-csharp/generator/artifacts/bin/TestProjects.Spector.Tests/Debug/net8.0/TestProjects.Spector.Tests.dll" adapterTypeName="executor://nunit3testexecutor/" className="TestProjects.Spector.Tests.Http._Type.Property.Nullable.NullableTests" name="Datetime_patchNull" />
    </UnitTest>
    <UnitTest name="Int64ValueGet" storage="/home/runner/work/typespec/typespec/packages/http-client-csharp/generator/artifacts/bin/testprojects.spector.tests/debug/net8.0/testprojects.spector.tests.dll" id="9f9efddd-641e-ab10-823c-37aeb2556ab4">
      <Execution id="621d2e17-e9a3-44b1-b31c-4e255d0ea925" />
      <TestMethod codeBase="/home/runner/work/typespec/typespec/packages/http-client-csharp/generator/artifacts/bin/TestProjects.Spector.Tests/Debug/net8.0/TestProjects.Spector.Tests.dll" adapterTypeName="executor://nunit3testexecutor/" className="TestProjects.Spector.Tests.Http._Type.Dictionary.DictionaryTests" name="Int64ValueGet" />
    </UnitTest>
    <UnitTest name="IsUnknownGet" storage="/home/runner/work/typespec/typespec/packages/http-client-csharp/generator/artifacts/bin/testprojects.spector.tests/debug/net8.0/testprojects.spector.tests.dll" id="9f9e66fa-9619-69e7-b7c7-fc40c68a8886">
      <Execution id="e9de103e-26cb-4d84-9d2e-7d1d836be31a" />
      <TestMethod codeBase="/home/runner/work/typespec/typespec/packages/http-client-csharp/generator/artifacts/bin/TestProjects.Spector.Tests/Debug/net8.0/TestProjects.Spector.Tests.dll" adapterTypeName="executor://nunit3testexecutor/" className="TestProjects.Spector.Tests.Http._Type.Property.AdditionalProperties.AdditionalPropertiesTests" name="IsUnknownGet" />
    </UnitTest>
    <UnitTest name="MultipleSpreadGet" storage="/home/runner/work/typespec/typespec/packages/http-client-csharp/generator/artifacts/bin/testprojects.spector.tests/debug/net8.0/testprojects.spector.tests.dll" id="1484bc34-e151-27c5-4599-c83da5534d7a">
      <Execution id="0959ceec-18c2-4324-b220-9ae0a44d9837" />
      <TestMethod codeBase="/home/runner/work/typespec/typespec/packages/http-client-csharp/generator/artifacts/bin/TestProjects.Spector.Tests/Debug/net8.0/TestProjects.Spector.Tests.dll" adapterTypeName="executor://nunit3testexecutor/" className="TestProjects.Spector.Tests.Http._Type.Property.AdditionalProperties.AdditionalPropertiesTests" name="MultipleSpreadGet" />
    </UnitTest>
    <UnitTest name="RequiredAndOptionalPutRequiredOnly" storage="/home/runner/work/typespec/typespec/packages/http-client-csharp/generator/artifacts/bin/testprojects.spector.tests/debug/net8.0/testprojects.spector.tests.dll" id="7c6cbcc3-6ed0-961f-d796-d395ce4e0236">
      <Execution id="655150d4-3238-4781-9c65-e66286488c2e" />
      <TestMethod codeBase="/home/runner/work/typespec/typespec/packages/http-client-csharp/generator/artifacts/bin/TestProjects.Spector.Tests/Debug/net8.0/TestProjects.Spector.Tests.dll" adapterTypeName="executor://nunit3testexecutor/" className="TestProjects.Spector.Tests.Http._Type.Property.Optionality.OptionalityTests" name="RequiredAndOptionalPutRequiredOnly" />
    </UnitTest>
    <UnitTest name="HeaderFloat64Seconds" storage="/home/runner/work/typespec/typespec/packages/http-client-csharp/generator/artifacts/bin/testprojects.spector.tests/debug/net8.0/testprojects.spector.tests.dll" id="eb6795f7-05e6-9fb0-c4d3-e85e1ff19af8">
      <Execution id="a2dfe701-6cf0-4b71-bc7d-f3282a81f9aa" />
      <TestMethod codeBase="/home/runner/work/typespec/typespec/packages/http-client-csharp/generator/artifacts/bin/TestProjects.Spector.Tests/Debug/net8.0/TestProjects.Spector.Tests.dll" adapterTypeName="executor://nunit3testexecutor/" className="TestProjects.Spector.Tests.Http.Encode.Duration.EncodeDurationTests" name="HeaderFloat64Seconds" />
    </UnitTest>
    <UnitTest name="ResponseBodyBase64" storage="/home/runner/work/typespec/typespec/packages/http-client-csharp/generator/artifacts/bin/testprojects.spector.tests/debug/net8.0/testprojects.spector.tests.dll" id="b38da084-cc1e-3d26-f741-2b942b257eeb">
      <Execution id="0c0c9700-0ca7-40e8-ac27-d030fd7f4ccd" />
      <TestMethod codeBase="/home/runner/work/typespec/typespec/packages/http-client-csharp/generator/artifacts/bin/TestProjects.Spector.Tests/Debug/net8.0/TestProjects.Spector.Tests.dll" adapterTypeName="executor://nunit3testexecutor/" className="TestProjects.Spector.Tests.Http.Encode.Bytes.EncodeBytesTests" name="ResponseBodyBase64" />
    </UnitTest>
    <UnitTest name="SpreadDifferentStringPut" storage="/home/runner/work/typespec/typespec/packages/http-client-csharp/generator/artifacts/bin/testprojects.spector.tests/debug/net8.0/testprojects.spector.tests.dll" id="bff55bef-f586-ceb2-b35d-f42f5a94fb9c">
      <Execution id="017e8e35-f356-40fc-9176-8eaf6e95d789" />
      <TestMethod codeBase="/home/runner/work/typespec/typespec/packages/http-client-csharp/generator/artifacts/bin/TestProjects.Spector.Tests/Debug/net8.0/TestProjects.Spector.Tests.dll" adapterTypeName="executor://nunit3testexecutor/" className="TestProjects.Spector.Tests.Http._Type.Property.AdditionalProperties.AdditionalPropertiesTests" name="SpreadDifferentStringPut" />
    </UnitTest>
    <UnitTest name="OperationsFromAsync" storage="/home/runner/work/typespec/typespec/packages/http-client-csharp/generator/artifacts/bin/testprojects.spector.tests/debug/net8.0/testprojects.spector.tests.dll" id="ce08179f-a942-7d83-874f-c63532548267">
      <Execution id="963fd098-d285-467e-8e4f-10d2de5e047c" />
      <TestMethod codeBase="/home/runner/work/typespec/typespec/packages/http-client-csharp/generator/artifacts/bin/TestProjects.Spector.Tests/Debug/net8.0/TestProjects.Spector.Tests.dll" adapterTypeName="executor://nunit3testexecutor/" className="TestProjects.Spector.Tests.Http.SpecialWords.SpecialWordsTests" name="OperationsFromAsync" />
    </UnitTest>
    <UnitTest name="Six" storage="/home/runner/work/typespec/typespec/packages/http-client-csharp/generator/artifacts/bin/testprojects.spector.tests/debug/net8.0/testprojects.spector.tests.dll" id="16a2477a-b9d5-e2d0-a95e-ab75bfec974c">
      <Execution id="65e5780f-a4c5-4a3a-a00c-e0235ef3f351" />
      <TestMethod codeBase="/home/runner/work/typespec/typespec/packages/http-client-csharp/generator/artifacts/bin/TestProjects.Spector.Tests/Debug/net8.0/TestProjects.Spector.Tests.dll" adapterTypeName="executor://nunit3testexecutor/" className="TestProjects.Spector.Tests.Http.Client.Structure.TwoOperationGroup.TwoOperationGroupTests" name="Six" />
    </UnitTest>
    <UnitTest name="CollectionsStringPatchNull" storage="/home/runner/work/typespec/typespec/packages/http-client-csharp/generator/artifacts/bin/testprojects.spector.tests/debug/net8.0/testprojects.spector.tests.dll" id="d91b7a44-c85f-02cf-ed21-3e0a38b01423">
      <Execution id="2f760d90-5bb4-4f9e-969b-2ef0d49643f6" />
      <TestMethod codeBase="/home/runner/work/typespec/typespec/packages/http-client-csharp/generator/artifacts/bin/TestProjects.Spector.Tests/Debug/net8.0/TestProjects.Spector.Tests.dll" adapterTypeName="executor://nunit3testexecutor/" className="TestProjects.Spector.Tests.Http._Type.Property.Nullable.NullableTests" name="CollectionsStringPatchNull" />
    </UnitTest>
    <UnitTest name="GetMissingDiscriminator" storage="/home/runner/work/typespec/typespec/packages/http-client-csharp/generator/artifacts/bin/testprojects.spector.tests/debug/net8.0/testprojects.spector.tests.dll" id="1dc899c4-5eac-0a6f-382f-9539e8787d10">
      <Execution id="089ad08e-1f79-48cf-8824-fad83ca459e2" />
      <TestMethod codeBase="/home/runner/work/typespec/typespec/packages/http-client-csharp/generator/artifacts/bin/TestProjects.Spector.Tests/Debug/net8.0/TestProjects.Spector.Tests.dll" adapterTypeName="executor://nunit3testexecutor/" className="TestProjects.Spector.Tests.Http._Type.Model.Inheritance.SingleDiscriminator.SingleDiscriminatorTests" name="GetMissingDiscriminator" />
    </UnitTest>
    <UnitTest name="IsUnknownDiscriminatedGet" storage="/home/runner/work/typespec/typespec/packages/http-client-csharp/generator/artifacts/bin/testprojects.spector.tests/debug/net8.0/testprojects.spector.tests.dll" id="794bcebd-d9ca-b41c-937e-e45ed8e0b6f2">
      <Execution id="b60ed9e9-aafb-4eac-8c94-364580da4ca3" />
      <TestMethod codeBase="/home/runner/work/typespec/typespec/packages/http-client-csharp/generator/artifacts/bin/TestProjects.Spector.Tests/Debug/net8.0/TestProjects.Spector.Tests.dll" adapterTypeName="executor://nunit3testexecutor/" className="TestProjects.Spector.Tests.Http._Type.Property.AdditionalProperties.AdditionalPropertiesTests" name="IsUnknownDiscriminatedGet" />
    </UnitTest>
    <UnitTest name="ModelsWithTryAsync" storage="/home/runner/work/typespec/typespec/packages/http-client-csharp/generator/artifacts/bin/testprojects.spector.tests/debug/net8.0/testprojects.spector.tests.dll" id="c575082e-5cd2-48d3-bb3d-abb600a9fc4e">
      <Execution id="c276f5ce-2274-42bd-bc43-7be40b78d5aa" />
      <TestMethod codeBase="/home/runner/work/typespec/typespec/packages/http-client-csharp/generator/artifacts/bin/TestProjects.Spector.Tests/Debug/net8.0/TestProjects.Spector.Tests.dll" adapterTypeName="executor://nunit3testexecutor/" className="TestProjects.Spector.Tests.Http.SpecialWords.SpecialWordsTests" name="ModelsWithTryAsync" />
    </UnitTest>
    <UnitTest name="PlaintimeGetDefault" storage="/home/runner/work/typespec/typespec/packages/http-client-csharp/generator/artifacts/bin/testprojects.spector.tests/debug/net8.0/testprojects.spector.tests.dll" id="8d667b0f-4c3d-125b-91e9-9ce5fd47ec01">
      <Execution id="17eecb2d-87d4-4e8f-82ff-8ecf182dc375" />
      <TestMethod codeBase="/home/runner/work/typespec/typespec/packages/http-client-csharp/generator/artifacts/bin/TestProjects.Spector.Tests/Debug/net8.0/TestProjects.Spector.Tests.dll" adapterTypeName="executor://nunit3testexecutor/" className="TestProjects.Spector.Tests.Http._Type.Property.Optionality.OptionalityTests" name="PlaintimeGetDefault" />
    </UnitTest>
    <UnitTest name="RoundTripWithJsonInterfaceUtf8ReaderWire" storage="/home/runner/work/typespec/typespec/packages/http-client-csharp/generator/artifacts/bin/testprojects.spector.tests/debug/net8.0/testprojects.spector.tests.dll" id="439e491f-9255-cb49-e03a-ac3b35c7dcce">
      <Execution id="1874e796-c9a3-43ba-97e9-f419dd7b52a5" />
      <TestMethod codeBase="/home/runner/work/typespec/typespec/packages/http-client-csharp/generator/artifacts/bin/TestProjects.Spector.Tests/Debug/net8.0/TestProjects.Spector.Tests.dll" adapterTypeName="executor://nunit3testexecutor/" className="TestProjects.Spector.Tests.Http._Type.Model.Inheritance.SingleDiscriminator.EagleTests" name="RoundTripWithJsonInterfaceUtf8ReaderWire" />
    </UnitTest>
    <UnitTest name="GetEnumsOnly" storage="/home/runner/work/typespec/typespec/packages/http-client-csharp/generator/artifacts/bin/testprojects.spector.tests/debug/net8.0/testprojects.spector.tests.dll" id="e1ed053f-bf6d-9dee-74a1-43003f7e12cd">
      <Execution id="ebc32972-85a0-4d65-b897-c037c8327129" />
      <TestMethod codeBase="/home/runner/work/typespec/typespec/packages/http-client-csharp/generator/artifacts/bin/TestProjects.Spector.Tests/Debug/net8.0/TestProjects.Spector.Tests.dll" adapterTypeName="executor://nunit3testexecutor/" className="TestProjects.Spector.Tests.Http._Type.Union.UnionTests" name="GetEnumsOnly" />
    </UnitTest>
    <UnitTest name="PathAnnotationOnly" storage="/home/runner/work/typespec/typespec/packages/http-client-csharp/generator/artifacts/bin/testprojects.spector.tests/debug/net8.0/testprojects.spector.tests.dll" id="ad4976a4-cd01-2db5-cd6a-3cc300541379">
      <Execution id="c50c65d9-8f2a-412c-8ad2-1dfba083af6e" />
      <TestMethod codeBase="/home/runner/work/typespec/typespec/packages/http-client-csharp/generator/artifacts/bin/TestProjects.Spector.Tests/Debug/net8.0/TestProjects.Spector.Tests.dll" adapterTypeName="executor://nunit3testexecutor/" className="TestProjects.Spector.Tests.Http.Routes.PathParameterTests" name="PathAnnotationOnly" />
    </UnitTest>
    <UnitTest name="GetMixedLiterals" storage="/home/runner/work/typespec/typespec/packages/http-client-csharp/generator/artifacts/bin/testprojects.spector.tests/debug/net8.0/testprojects.spector.tests.dll" id="85bf8de4-2a96-0b28-69cf-780ef4f9f166">
      <Execution id="c0209a97-d799-40c0-ac88-c7f7995fad98" />
      <TestMethod codeBase="/home/runner/work/typespec/typespec/packages/http-client-csharp/generator/artifacts/bin/TestProjects.Spector.Tests/Debug/net8.0/TestProjects.Spector.Tests.dll" adapterTypeName="executor://nunit3testexecutor/" className="TestProjects.Spector.Tests.Http._Type.Union.UnionTests" name="GetMixedLiterals" />
    </UnitTest>
    <UnitTest name="ParametersWithPassAsync" storage="/home/runner/work/typespec/typespec/packages/http-client-csharp/generator/artifacts/bin/testprojects.spector.tests/debug/net8.0/testprojects.spector.tests.dll" id="aa521387-eb70-2513-ffdb-d2164cc65025">
      <Execution id="73158c04-e674-4ef7-a116-29898e2e93cd" />
      <TestMethod codeBase="/home/runner/work/typespec/typespec/packages/http-client-csharp/generator/artifacts/bin/TestProjects.Spector.Tests/Debug/net8.0/TestProjects.Spector.Tests.dll" adapterTypeName="executor://nunit3testexecutor/" className="TestProjects.Spector.Tests.Http.SpecialWords.SpecialWordsTests" name="ParametersWithPassAsync" />
    </UnitTest>
    <UnitTest name="SendAsJson" storage="/home/runner/work/typespec/typespec/packages/http-client-csharp/generator/artifacts/bin/testprojects.spector.tests/debug/net8.0/testprojects.spector.tests.dll" id="53ea5535-43bc-1eb0-a359-c1ed13ff33ea">
      <Execution id="a5a12fa6-f03b-4c59-8c63-024fed39211b" />
      <TestMethod codeBase="/home/runner/work/typespec/typespec/packages/http-client-csharp/generator/artifacts/bin/TestProjects.Spector.Tests/Debug/net8.0/TestProjects.Spector.Tests.dll" adapterTypeName="executor://nunit3testexecutor/" className="TestProjects.Spector.Tests.Http.Payload.MediaType.MediaTypeTests" name="SendAsJson" />
    </UnitTest>
    <UnitTest name="PostRoundTripEmpty" storage="/home/runner/work/typespec/typespec/packages/http-client-csharp/generator/artifacts/bin/testprojects.spector.tests/debug/net8.0/testprojects.spector.tests.dll" id="bbbb4873-b388-9027-19b7-c37634ad7aa1">
      <Execution id="d04ee6fa-9985-41af-9ccf-9b40ec20da16" />
      <TestMethod codeBase="/home/runner/work/typespec/typespec/packages/http-client-csharp/generator/artifacts/bin/TestProjects.Spector.Tests/Debug/net8.0/TestProjects.Spector.Tests.dll" adapterTypeName="executor://nunit3testexecutor/" className="TestProjects.Spector.Tests.Http._Type.Model.Empty.EmptyTests" name="PostRoundTripEmpty" />
    </UnitTest>
    <UnitTest name="Versioning_Added_InterfaceV2" storage="/home/runner/work/typespec/typespec/packages/http-client-csharp/generator/artifacts/bin/testprojects.spector.tests/debug/net8.0/testprojects.spector.tests.dll" id="a3df5a3c-fed1-33a3-86cb-d9c7334253e2">
      <Execution id="f74baeed-354a-4315-9e07-10c69983a03d" />
      <TestMethod codeBase="/home/runner/work/typespec/typespec/packages/http-client-csharp/generator/artifacts/bin/TestProjects.Spector.Tests/Debug/net8.0/TestProjects.Spector.Tests.dll" adapterTypeName="executor://nunit3testexecutor/" className="TestProjects.Spector.Tests.Http.Versioning.Added.V2.VersioningAddedV2Tests" name="Versioning_Added_InterfaceV2" />
    </UnitTest>
    <UnitTest name="RoundTripWithModelInterfaceWire" storage="/home/runner/work/typespec/typespec/packages/http-client-csharp/generator/artifacts/bin/testprojects.spector.tests/debug/net8.0/testprojects.spector.tests.dll" id="e96dd298-b866-15b6-5de1-4ec16b99ba35">
      <Execution id="a58ea05d-869b-4cc6-a47a-a33a360a2f8a" />
      <TestMethod codeBase="/home/runner/work/typespec/typespec/packages/http-client-csharp/generator/artifacts/bin/TestProjects.Spector.Tests/Debug/net8.0/TestProjects.Spector.Tests.dll" adapterTypeName="executor://nunit3testexecutor/" className="TestProjects.Spector.Tests.Http._Type.Property.AdditionalProperties.MultipleSpreadRecordTests" name="RoundTripWithModelInterfaceWire" />
    </UnitTest>
    <UnitTest name="GetEmpty" storage="/home/runner/work/typespec/typespec/packages/http-client-csharp/generator/artifacts/bin/testprojects.spector.tests/debug/net8.0/testprojects.spector.tests.dll" id="69f564ad-a04b-e8e3-f090-5c6e8733a168">
      <Execution id="ba9d6c0f-b68c-4a53-a227-8620278f94d1" />
      <TestMethod codeBase="/home/runner/work/typespec/typespec/packages/http-client-csharp/generator/artifacts/bin/TestProjects.Spector.Tests/Debug/net8.0/TestProjects.Spector.Tests.dll" adapterTypeName="executor://nunit3testexecutor/" className="TestProjects.Spector.Tests.Http._Type.Model.Empty.EmptyTests" name="GetEmpty" />
    </UnitTest>
    <UnitTest name="MultiBinaryPartsWithPicture" storage="/home/runner/work/typespec/typespec/packages/http-client-csharp/generator/artifacts/bin/testprojects.spector.tests/debug/net8.0/testprojects.spector.tests.dll" id="a716507e-3c82-1725-7c5c-3d96809b4ce2">
      <Execution id="821f8ce8-dfd5-4fb6-982b-bfba761f9f25" />
      <TestMethod codeBase="/home/runner/work/typespec/typespec/packages/http-client-csharp/generator/artifacts/bin/TestProjects.Spector.Tests/Debug/net8.0/TestProjects.Spector.Tests.dll" adapterTypeName="executor://nunit3testexecutor/" className="TestProjects.Spector.Tests.Http.Payload.Multipart.MultipartTests" name="MultiBinaryPartsWithPicture" />
    </UnitTest>
    <UnitTest name="SpreadModelArrayGet" storage="/home/runner/work/typespec/typespec/packages/http-client-csharp/generator/artifacts/bin/testprojects.spector.tests/debug/net8.0/testprojects.spector.tests.dll" id="7dd1b4fc-cb90-9ed0-99c7-97b1e573137e">
      <Execution id="8fcdde3f-a1fe-49e7-b0e3-88f1de1bb777" />
      <TestMethod codeBase="/home/runner/work/typespec/typespec/packages/http-client-csharp/generator/artifacts/bin/TestProjects.Spector.Tests/Debug/net8.0/TestProjects.Spector.Tests.dll" adapterTypeName="executor://nunit3testexecutor/" className="TestProjects.Spector.Tests.Http._Type.Property.AdditionalProperties.AdditionalPropertiesTests" name="SpreadModelArrayGet" />
    </UnitTest>
    <UnitTest name="IsUnknownPut" storage="/home/runner/work/typespec/typespec/packages/http-client-csharp/generator/artifacts/bin/testprojects.spector.tests/debug/net8.0/testprojects.spector.tests.dll" id="5529553a-9f94-737a-e0ca-8c546ad63b9b">
      <Execution id="49c09351-d8a0-463e-b5c5-49a126b8a0ed" />
      <TestMethod codeBase="/home/runner/work/typespec/typespec/packages/http-client-csharp/generator/artifacts/bin/TestProjects.Spector.Tests/Debug/net8.0/TestProjects.Spector.Tests.dll" adapterTypeName="executor://nunit3testexecutor/" className="TestProjects.Spector.Tests.Http._Type.Property.AdditionalProperties.AdditionalPropertiesTests" name="IsUnknownPut" />
    </UnitTest>
    <UnitTest name="RecursiveModelValueGet" storage="/home/runner/work/typespec/typespec/packages/http-client-csharp/generator/artifacts/bin/testprojects.spector.tests/debug/net8.0/testprojects.spector.tests.dll" id="6f442467-794b-6b44-6cf4-0d982a97bbb7">
      <Execution id="8e74037f-9a64-408f-81d8-f6349aac470d" />
      <TestMethod codeBase="/home/runner/work/typespec/typespec/packages/http-client-csharp/generator/artifacts/bin/TestProjects.Spector.Tests/Debug/net8.0/TestProjects.Spector.Tests.dll" adapterTypeName="executor://nunit3testexecutor/" className="TestProjects.Spector.Tests.Http._Type.Dictionary.DictionaryTests" name="RecursiveModelValueGet" />
    </UnitTest>
    <UnitTest name="CollectionsStringGetNull" storage="/home/runner/work/typespec/typespec/packages/http-client-csharp/generator/artifacts/bin/testprojects.spector.tests/debug/net8.0/testprojects.spector.tests.dll" id="21341ede-d83b-4a97-9079-afc4ac964e77">
      <Execution id="736a4f12-f9cd-476b-880e-12ea344ecda2" />
      <TestMethod codeBase="/home/runner/work/typespec/typespec/packages/http-client-csharp/generator/artifacts/bin/TestProjects.Spector.Tests/Debug/net8.0/TestProjects.Spector.Tests.dll" adapterTypeName="executor://nunit3testexecutor/" className="TestProjects.Spector.Tests.Http._Type.Property.Nullable.NullableTests" name="CollectionsStringGetNull" />
    </UnitTest>
    <UnitTest name="FileArrayAndBasic" storage="/home/runner/work/typespec/typespec/packages/http-client-csharp/generator/artifacts/bin/testprojects.spector.tests/debug/net8.0/testprojects.spector.tests.dll" id="9b3f0334-0419-1e3a-0a61-33aca1d25833">
      <Execution id="461dcc4b-4c1c-4485-bd38-9a3ae2950043" />
      <TestMethod codeBase="/home/runner/work/typespec/typespec/packages/http-client-csharp/generator/artifacts/bin/TestProjects.Spector.Tests/Debug/net8.0/TestProjects.Spector.Tests.dll" adapterTypeName="executor://nunit3testexecutor/" className="TestProjects.Spector.Tests.Http.Payload.Multipart.MultipartTests" name="FileArrayAndBasic" />
    </UnitTest>
    <UnitTest name="Decimal128Put" storage="/home/runner/work/typespec/typespec/packages/http-client-csharp/generator/artifacts/bin/testprojects.spector.tests/debug/net8.0/testprojects.spector.tests.dll" id="4562b682-08d1-0b34-dd21-531daaf4a760">
      <Execution id="247fcff4-be3d-4a18-9272-c64559447626" />
      <TestMethod codeBase="/home/runner/work/typespec/typespec/packages/http-client-csharp/generator/artifacts/bin/TestProjects.Spector.Tests/Debug/net8.0/TestProjects.Spector.Tests.dll" adapterTypeName="executor://nunit3testexecutor/" className="TestProjects.Spector.Tests.Http._Type.Property.ValueTypes.ValueTypesTests" name="Decimal128Put" />
    </UnitTest>
    <UnitTest name="CheckFileNameAndContentType" storage="/home/runner/work/typespec/typespec/packages/http-client-csharp/generator/artifacts/bin/testprojects.spector.tests/debug/net8.0/testprojects.spector.tests.dll" id="20c88336-8468-0cc0-e7a1-d1be82982672">
      <Execution id="1af31468-e391-4e0e-910d-6aabfc8d013b" />
      <TestMethod codeBase="/home/runner/work/typespec/typespec/packages/http-client-csharp/generator/artifacts/bin/TestProjects.Spector.Tests/Debug/net8.0/TestProjects.Spector.Tests.dll" adapterTypeName="executor://nunit3testexecutor/" className="TestProjects.Spector.Tests.Http.Payload.Multipart.MultipartTests" name="CheckFileNameAndContentType" />
    </UnitTest>
    <UnitTest name="PropertyFloat64Seconds" storage="/home/runner/work/typespec/typespec/packages/http-client-csharp/generator/artifacts/bin/testprojects.spector.tests/debug/net8.0/testprojects.spector.tests.dll" id="e1e5ccc1-97cf-fd3a-c2fc-066c50779444">
      <Execution id="c987c6e5-d958-4af8-bc77-473852632547" />
      <TestMethod codeBase="/home/runner/work/typespec/typespec/packages/http-client-csharp/generator/artifacts/bin/TestProjects.Spector.Tests/Debug/net8.0/TestProjects.Spector.Tests.dll" adapterTypeName="executor://nunit3testexecutor/" className="TestProjects.Spector.Tests.Http.Encode.Duration.EncodeDurationTests" name="PropertyFloat64Seconds" />
    </UnitTest>
    <UnitTest name="RequestQueryResponseHeaderConvenienceMethod" storage="/home/runner/work/typespec/typespec/packages/http-client-csharp/generator/artifacts/bin/testprojects.spector.tests/debug/net8.0/testprojects.spector.tests.dll" id="35307052-86c4-4625-7548-2c5159e02610">
      <Execution id="744f3562-2abd-46c7-a75f-8e8b12ee95c5" />
      <TestMethod codeBase="/home/runner/work/typespec/typespec/packages/http-client-csharp/generator/artifacts/bin/TestProjects.Spector.Tests/Debug/net8.0/TestProjects.Spector.Tests.dll" adapterTypeName="executor://nunit3testexecutor/" className="TestProjects.Spector.Tests.Http.Payload.Pageable.ContinuationTokenPaginationTests" name="RequestQueryResponseHeaderConvenienceMethod" />
    </UnitTest>
    <UnitTest name="RequestHeaderResponseHeaderConvenienceMethod" storage="/home/runner/work/typespec/typespec/packages/http-client-csharp/generator/artifacts/bin/testprojects.spector.tests/debug/net8.0/testprojects.spector.tests.dll" id="d0169706-e11d-5cc8-701e-9666a13a4758">
      <Execution id="ab6366aa-2168-4218-9760-eb61c33a1d56" />
      <TestMethod codeBase="/home/runner/work/typespec/typespec/packages/http-client-csharp/generator/artifacts/bin/TestProjects.Spector.Tests/Debug/net8.0/TestProjects.Spector.Tests.dll" adapterTypeName="executor://nunit3testexecutor/" className="TestProjects.Spector.Tests.Http.Payload.Pageable.ContinuationTokenPaginationTests" name="RequestHeaderResponseHeaderConvenienceMethod" />
    </UnitTest>
    <UnitTest name="PropertyFloatSecondsArrayConvenience" storage="/home/runner/work/typespec/typespec/packages/http-client-csharp/generator/artifacts/bin/testprojects.spector.tests/debug/net8.0/testprojects.spector.tests.dll" id="949a2159-4b10-152e-4ce1-8d560e9c175a">
      <Execution id="8595e3ce-90b2-4ec2-8ef4-ddf4f8feef9e" />
      <TestMethod codeBase="/home/runner/work/typespec/typespec/packages/http-client-csharp/generator/artifacts/bin/TestProjects.Spector.Tests/Debug/net8.0/TestProjects.Spector.Tests.dll" adapterTypeName="executor://nunit3testexecutor/" className="TestProjects.Spector.Tests.Http.Encode.Duration.EncodeDurationTests" name="PropertyFloatSecondsArrayConvenience" />
    </UnitTest>
    <UnitTest name="BooleanPut" storage="/home/runner/work/typespec/typespec/packages/http-client-csharp/generator/artifacts/bin/testprojects.spector.tests/debug/net8.0/testprojects.spector.tests.dll" id="0d37e3cb-6a13-9e51-c242-5f0da2f5a233">
      <Execution id="bb0ffc33-12a1-43a8-ad6c-dd3060f7185f" />
      <TestMethod codeBase="/home/runner/work/typespec/typespec/packages/http-client-csharp/generator/artifacts/bin/TestProjects.Spector.Tests/Debug/net8.0/TestProjects.Spector.Tests.dll" adapterTypeName="executor://nunit3testexecutor/" className="TestProjects.Spector.Tests.Http._Type.Dictionary.DictionaryTests" name="BooleanPut" />
    </UnitTest>
    <UnitTest name="NullableStringValuePut" storage="/home/runner/work/typespec/typespec/packages/http-client-csharp/generator/artifacts/bin/testprojects.spector.tests/debug/net8.0/testprojects.spector.tests.dll" id="c6e4fcad-1989-e899-8bac-26a833edc360">
      <Execution id="4ba1eae6-65ae-4e1e-8d5c-9e7120265f36" />
      <TestMethod codeBase="/home/runner/work/typespec/typespec/packages/http-client-csharp/generator/artifacts/bin/TestProjects.Spector.Tests/Debug/net8.0/TestProjects.Spector.Tests.dll" adapterTypeName="executor://nunit3testexecutor/" className="TestProjects.Spector.Tests.Http._Type._Array.ArrayTests" name="NullableStringValuePut" />
    </UnitTest>
    <UnitTest name="Special_Headers_Conditional_Request_PostIfMatch" storage="/home/runner/work/typespec/typespec/packages/http-client-csharp/generator/artifacts/bin/testprojects.spector.tests/debug/net8.0/testprojects.spector.tests.dll" id="a7d44bbc-3726-15d1-37ac-69642cbdd6cb">
      <Execution id="ff6210e0-efba-4758-9e11-ff6f82d3dbba" />
      <TestMethod codeBase="/home/runner/work/typespec/typespec/packages/http-client-csharp/generator/artifacts/bin/TestProjects.Spector.Tests/Debug/net8.0/TestProjects.Spector.Tests.dll" adapterTypeName="executor://nunit3testexecutor/" className="TestProjects.Spector.Tests.Http.SpecialHeaders.ConditionalRequest.ConditionalRequestHeaderTests" name="Special_Headers_Conditional_Request_PostIfMatch" />
    </UnitTest>
    <UnitTest name="RoundTripWithModelInterfaceNonGenericWire" storage="/home/runner/work/typespec/typespec/packages/http-client-csharp/generator/artifacts/bin/testprojects.spector.tests/debug/net8.0/testprojects.spector.tests.dll" id="2232b041-2db4-80c4-44a8-f3014a545de0">
      <Execution id="d97b04e5-32dc-48d6-9a8c-6aac0f54ecd6" />
      <TestMethod codeBase="/home/runner/work/typespec/typespec/packages/http-client-csharp/generator/artifacts/bin/TestProjects.Spector.Tests/Debug/net8.0/TestProjects.Spector.Tests.dll" adapterTypeName="executor://nunit3testexecutor/" className="TestProjects.Spector.Tests.Http._Type.Model.Inheritance.SingleDiscriminator.EagleTests" name="RoundTripWithModelInterfaceNonGenericWire" />
    </UnitTest>
    <UnitTest name="Models_ReadOnlyRoundTrip" storage="/home/runner/work/typespec/typespec/packages/http-client-csharp/generator/artifacts/bin/testprojects.spector.tests/debug/net8.0/testprojects.spector.tests.dll" id="c35c2009-ed50-3384-08c9-7ad76c845e12">
      <Execution id="bea372ea-d39a-4f73-a9f0-3f1ccc934b6e" />
      <TestMethod codeBase="/home/runner/work/typespec/typespec/packages/http-client-csharp/generator/artifacts/bin/TestProjects.Spector.Tests/Debug/net8.0/TestProjects.Spector.Tests.dll" adapterTypeName="executor://nunit3testexecutor/" className="TestProjects.Spector.Tests.Http._Type.Model.Visibility.TypeModelVisibilityTests" name="Models_ReadOnlyRoundTrip" />
    </UnitTest>
    <UnitTest name="HttpPartsRequiredContentType" storage="/home/runner/work/typespec/typespec/packages/http-client-csharp/generator/artifacts/bin/testprojects.spector.tests/debug/net8.0/testprojects.spector.tests.dll" id="6518affc-3387-c57d-6aa7-33e1d48c2322">
      <Execution id="01b48ea4-4bbd-4028-8093-fd690ae518ec" />
      <TestMethod codeBase="/home/runner/work/typespec/typespec/packages/http-client-csharp/generator/artifacts/bin/TestProjects.Spector.Tests/Debug/net8.0/TestProjects.Spector.Tests.dll" adapterTypeName="executor://nunit3testexecutor/" className="TestProjects.Spector.Tests.Http.Payload.Multipart.MultipartTests" name="HttpPartsRequiredContentType" />
    </UnitTest>
    <UnitTest name="HeaderRfc7231" storage="/home/runner/work/typespec/typespec/packages/http-client-csharp/generator/artifacts/bin/testprojects.spector.tests/debug/net8.0/testprojects.spector.tests.dll" id="50528cde-2418-393f-203a-d7c70decc5f5">
      <Execution id="67ef81b1-a4ef-403e-87eb-689e0e445162" />
      <TestMethod codeBase="/home/runner/work/typespec/typespec/packages/http-client-csharp/generator/artifacts/bin/TestProjects.Spector.Tests/Debug/net8.0/TestProjects.Spector.Tests.dll" adapterTypeName="executor://nunit3testexecutor/" className="TestProjects.Spector.Tests.Http.Encode.Datetime.DateTimeTests" name="HeaderRfc7231" />
    </UnitTest>
    <UnitTest name="NullableFloatValuePut" storage="/home/runner/work/typespec/typespec/packages/http-client-csharp/generator/artifacts/bin/testprojects.spector.tests/debug/net8.0/testprojects.spector.tests.dll" id="ac5ad418-154c-ea42-d78a-259b410be746">
      <Execution id="85f9b923-a33f-4614-b687-45ce1006411c" />
      <TestMethod codeBase="/home/runner/work/typespec/typespec/packages/http-client-csharp/generator/artifacts/bin/TestProjects.Spector.Tests/Debug/net8.0/TestProjects.Spector.Tests.dll" adapterTypeName="executor://nunit3testexecutor/" className="TestProjects.Spector.Tests.Http._Type._Array.ArrayTests" name="NullableFloatValuePut" />
    </UnitTest>
    <UnitTest name="AddOptionalParamFromOneOptional_V1Client_V2Service_WithApiVersionV1" storage="/home/runner/work/typespec/typespec/packages/http-client-csharp/generator/artifacts/bin/testprojects.spector.tests/debug/net8.0/testprojects.spector.tests.dll" id="bb86d477-a493-9444-8177-6c4f694b9cb1">
      <Execution id="d4e29d41-29b3-4b4f-a036-8a98a2fe89c1" />
      <TestMethod codeBase="/home/runner/work/typespec/typespec/packages/http-client-csharp/generator/artifacts/bin/TestProjects.Spector.Tests/Debug/net8.0/TestProjects.Spector.Tests.dll" adapterTypeName="executor://nunit3testexecutor/" className="TestProjects.Spector.Tests.Http.Resiliency.SrvDriven.V1.SrvDrivenV1Tests" name="AddOptionalParamFromOneOptional_V1Client_V2Service_WithApiVersionV1" />
    </UnitTest>
    <UnitTest name="PlaintimeGetAll" storage="/home/runner/work/typespec/typespec/packages/http-client-csharp/generator/artifacts/bin/testprojects.spector.tests/debug/net8.0/testprojects.spector.tests.dll" id="49d43554-3fff-f9c5-ac2e-8cc6550624a0">
      <Execution id="21ef39ba-4585-46f8-9067-681ea56be6e8" />
      <TestMethod codeBase="/home/runner/work/typespec/typespec/packages/http-client-csharp/generator/artifacts/bin/TestProjects.Spector.Tests/Debug/net8.0/TestProjects.Spector.Tests.dll" adapterTypeName="executor://nunit3testexecutor/" className="TestProjects.Spector.Tests.Http._Type.Property.Optionality.OptionalityTests" name="PlaintimeGetAll" />
    </UnitTest>
    <UnitTest name="ParametersWithIfAsync" storage="/home/runner/work/typespec/typespec/packages/http-client-csharp/generator/artifacts/bin/testprojects.spector.tests/debug/net8.0/testprojects.spector.tests.dll" id="c0c4a31f-9565-98e2-253b-3645a779f416">
      <Execution id="618ca7a9-bfd0-41ab-ade4-b4f7b36cc599" />
      <TestMethod codeBase="/home/runner/work/typespec/typespec/packages/http-client-csharp/generator/artifacts/bin/TestProjects.Spector.Tests/Debug/net8.0/TestProjects.Spector.Tests.dll" adapterTypeName="executor://nunit3testexecutor/" className="TestProjects.Spector.Tests.Http.SpecialWords.SpecialWordsTests" name="ParametersWithIfAsync" />
    </UnitTest>
    <UnitTest name="SpreadFloatPut" storage="/home/runner/work/typespec/typespec/packages/http-client-csharp/generator/artifacts/bin/testprojects.spector.tests/debug/net8.0/testprojects.spector.tests.dll" id="9b534261-bbc0-a7ae-1c98-5dd824988fe8">
      <Execution id="d1a277a0-1892-4efc-a917-45298e1b45c7" />
      <TestMethod codeBase="/home/runner/work/typespec/typespec/packages/http-client-csharp/generator/artifacts/bin/TestProjects.Spector.Tests/Debug/net8.0/TestProjects.Spector.Tests.dll" adapterTypeName="executor://nunit3testexecutor/" className="TestProjects.Spector.Tests.Http._Type.Property.AdditionalProperties.AdditionalPropertiesTests" name="SpreadFloatPut" />
    </UnitTest>
    <UnitTest name="PutUnknownValue" storage="/home/runner/work/typespec/typespec/packages/http-client-csharp/generator/artifacts/bin/testprojects.spector.tests/debug/net8.0/testprojects.spector.tests.dll" id="1d923a8f-b16f-5d0e-1a9f-33316463ba7a">
      <Execution id="69332c87-2bbc-4620-be1e-7294a4283f66" />
      <TestMethod codeBase="/home/runner/work/typespec/typespec/packages/http-client-csharp/generator/artifacts/bin/TestProjects.Spector.Tests/Debug/net8.0/TestProjects.Spector.Tests.dll" adapterTypeName="executor://nunit3testexecutor/" className="TestProjects.Spector.Tests.Http._Type._Enum.Extensible.ExtensibleTests" name="PutUnknownValue" />
    </UnitTest>
    <UnitTest name="QueryExplicit" storage="/home/runner/work/typespec/typespec/packages/http-client-csharp/generator/artifacts/bin/testprojects.spector.tests/debug/net8.0/testprojects.spector.tests.dll" id="faa15ef3-4cd7-2f4f-0d8c-127e9975cfe1">
      <Execution id="b71dbb87-d6c6-47aa-be88-072d71f4ea1a" />
      <TestMethod codeBase="/home/runner/work/typespec/typespec/packages/http-client-csharp/generator/artifacts/bin/TestProjects.Spector.Tests/Debug/net8.0/TestProjects.Spector.Tests.dll" adapterTypeName="executor://nunit3testexecutor/" className="TestProjects.Spector.Tests.Http.Routes.QueryParameterTests" name="QueryExplicit" />
    </UnitTest>
    <UnitTest name="GetStringsOnly" storage="/home/runner/work/typespec/typespec/packages/http-client-csharp/generator/artifacts/bin/testprojects.spector.tests/debug/net8.0/testprojects.spector.tests.dll" id="e9f15d06-1dca-6f6d-2d8f-6c1cbbe3a57a">
      <Execution id="494f1bd3-dc64-4ac4-be31-ac8adbfb2d32" />
      <TestMethod codeBase="/home/runner/work/typespec/typespec/packages/http-client-csharp/generator/artifacts/bin/TestProjects.Spector.Tests/Debug/net8.0/TestProjects.Spector.Tests.dll" adapterTypeName="executor://nunit3testexecutor/" className="TestProjects.Spector.Tests.Http._Type.Union.UnionTests" name="GetStringsOnly" />
    </UnitTest>
    <UnitTest name="UnknownIntPut" storage="/home/runner/work/typespec/typespec/packages/http-client-csharp/generator/artifacts/bin/testprojects.spector.tests/debug/net8.0/testprojects.spector.tests.dll" id="c75fdb7c-d586-731d-842f-eec2f81a4606">
      <Execution id="d819e63a-4153-426b-8372-7feaae4de271" />
      <TestMethod codeBase="/home/runner/work/typespec/typespec/packages/http-client-csharp/generator/artifacts/bin/TestProjects.Spector.Tests/Debug/net8.0/TestProjects.Spector.Tests.dll" adapterTypeName="executor://nunit3testexecutor/" className="TestProjects.Spector.Tests.Http._Type.Property.ValueTypes.ValueTypesTests" name="UnknownIntPut" />
    </UnitTest>
    <UnitTest name="SpreadDifferentModelArrayPut" storage="/home/runner/work/typespec/typespec/packages/http-client-csharp/generator/artifacts/bin/testprojects.spector.tests/debug/net8.0/testprojects.spector.tests.dll" id="1632f8c4-befb-0624-55c6-6d4fa02abac0">
      <Execution id="b0746f34-154a-4402-8b1a-0f085b1daad1" />
      <TestMethod codeBase="/home/runner/work/typespec/typespec/packages/http-client-csharp/generator/artifacts/bin/TestProjects.Spector.Tests/Debug/net8.0/TestProjects.Spector.Tests.dll" adapterTypeName="executor://nunit3testexecutor/" className="TestProjects.Spector.Tests.Http._Type.Property.AdditionalProperties.AdditionalPropertiesTests" name="SpreadDifferentModelArrayPut" />
    </UnitTest>
    <UnitTest name="OperationsReturnAsync" storage="/home/runner/work/typespec/typespec/packages/http-client-csharp/generator/artifacts/bin/testprojects.spector.tests/debug/net8.0/testprojects.spector.tests.dll" id="8c223ae4-9d48-ec5f-834f-0f5827a30bde">
      <Execution id="a3168dcd-5ca1-4a96-a6ca-01caf03ef2fa" />
      <TestMethod codeBase="/home/runner/work/typespec/typespec/packages/http-client-csharp/generator/artifacts/bin/TestProjects.Spector.Tests/Debug/net8.0/TestProjects.Spector.Tests.dll" adapterTypeName="executor://nunit3testexecutor/" className="TestProjects.Spector.Tests.Http.SpecialWords.SpecialWordsTests" name="OperationsReturnAsync" />
    </UnitTest>
    <UnitTest name="ConvenienceMethodSync" storage="/home/runner/work/typespec/typespec/packages/http-client-csharp/generator/artifacts/bin/testprojects.spector.tests/debug/net8.0/testprojects.spector.tests.dll" id="f89ce99d-2c8d-2776-166b-bf510050cbe2">
      <Execution id="5f9c13ac-354d-4a4b-8be0-72ada207e417" />
      <TestMethod codeBase="/home/runner/work/typespec/typespec/packages/http-client-csharp/generator/artifacts/bin/TestProjects.Spector.Tests/Debug/net8.0/TestProjects.Spector.Tests.dll" adapterTypeName="executor://nunit3testexecutor/" className="TestProjects.Spector.Tests.Http.Payload.Pageable.NextLinkPaginationTests" name="ConvenienceMethodSync" />
    </UnitTest>
    <UnitTest name="TestRenamedMembers" storage="/home/runner/work/typespec/typespec/packages/http-client-csharp/generator/artifacts/bin/testprojects.spector.tests/debug/net8.0/testprojects.spector.tests.dll" id="8ec45d93-0c6b-1c6e-e4d9-f5149dbd299d">
      <Execution id="b07a5c59-de34-467c-a6df-c0a3287976d2" />
      <TestMethod codeBase="/home/runner/work/typespec/typespec/packages/http-client-csharp/generator/artifacts/bin/TestProjects.Spector.Tests/Debug/net8.0/TestProjects.Spector.Tests.dll" adapterTypeName="executor://nunit3testexecutor/" className="TestProjects.Spector.Tests.Http.Versioning.RenamedFrom.V2.VersioningRenamedFromTests" name="TestRenamedMembers" />
    </UnitTest>
    <UnitTest name="SpreadRecordUnionGet" storage="/home/runner/work/typespec/typespec/packages/http-client-csharp/generator/artifacts/bin/testprojects.spector.tests/debug/net8.0/testprojects.spector.tests.dll" id="9659bcd4-4735-6e22-71f4-071a58efde35">
      <Execution id="dc0b839d-2cb8-4404-89bd-9461ddf3f9bf" />
      <TestMethod codeBase="/home/runner/work/typespec/typespec/packages/http-client-csharp/generator/artifacts/bin/TestProjects.Spector.Tests/Debug/net8.0/TestProjects.Spector.Tests.dll" adapterTypeName="executor://nunit3testexecutor/" className="TestProjects.Spector.Tests.Http._Type.Property.AdditionalProperties.AdditionalPropertiesTests" name="SpreadRecordUnionGet" />
    </UnitTest>
    <UnitTest name="DurationGet" storage="/home/runner/work/typespec/typespec/packages/http-client-csharp/generator/artifacts/bin/testprojects.spector.tests/debug/net8.0/testprojects.spector.tests.dll" id="907a7d5f-e979-134b-a4dc-f61b7bbc41ca">
      <Execution id="cb565051-c310-4a85-a2ac-831003a88f93" />
      <TestMethod codeBase="/home/runner/work/typespec/typespec/packages/http-client-csharp/generator/artifacts/bin/TestProjects.Spector.Tests/Debug/net8.0/TestProjects.Spector.Tests.dll" adapterTypeName="executor://nunit3testexecutor/" className="TestProjects.Spector.Tests.Http._Type.Property.ValueTypes.ValueTypesTests" name="DurationGet" />
    </UnitTest>
    <UnitTest name="OperationsNotAsync" storage="/home/runner/work/typespec/typespec/packages/http-client-csharp/generator/artifacts/bin/testprojects.spector.tests/debug/net8.0/testprojects.spector.tests.dll" id="c5f80172-8a79-2906-0e99-fd11835f09eb">
      <Execution id="bbe59e10-6522-48c1-821f-7e7dc58b3136" />
      <TestMethod codeBase="/home/runner/work/typespec/typespec/packages/http-client-csharp/generator/artifacts/bin/TestProjects.Spector.Tests/Debug/net8.0/TestProjects.Spector.Tests.dll" adapterTypeName="executor://nunit3testexecutor/" className="TestProjects.Spector.Tests.Http.SpecialWords.SpecialWordsTests" name="OperationsNotAsync" />
    </UnitTest>
    <UnitTest name="Alias_SpreadAsRequestParameter" storage="/home/runner/work/typespec/typespec/packages/http-client-csharp/generator/artifacts/bin/testprojects.spector.tests/debug/net8.0/testprojects.spector.tests.dll" id="f1ba841a-34f9-a4aa-9f22-76f70f1be999">
      <Execution id="30292177-9aa9-4bab-a22b-0378d7694958" />
      <TestMethod codeBase="/home/runner/work/typespec/typespec/packages/http-client-csharp/generator/artifacts/bin/TestProjects.Spector.Tests/Debug/net8.0/TestProjects.Spector.Tests.dll" adapterTypeName="executor://nunit3testexecutor/" className="TestProjects.Spector.Tests.Http.Parameters.Spread.SpreadTests" name="Alias_SpreadAsRequestParameter" />
    </UnitTest>
    <UnitTest name="ResponseBodyDefault" storage="/home/runner/work/typespec/typespec/packages/http-client-csharp/generator/artifacts/bin/testprojects.spector.tests/debug/net8.0/testprojects.spector.tests.dll" id="462124de-92fa-ebaa-2b3c-58ac640d985c">
      <Execution id="d2512abb-d83a-463a-ad87-72b2a49f40e1" />
      <TestMethod codeBase="/home/runner/work/typespec/typespec/packages/http-client-csharp/generator/artifacts/bin/TestProjects.Spector.Tests/Debug/net8.0/TestProjects.Spector.Tests.dll" adapterTypeName="executor://nunit3testexecutor/" className="TestProjects.Spector.Tests.Http.Encode.Bytes.EncodeBytesTests" name="ResponseBodyDefault" />
    </UnitTest>
    <UnitTest name="NullableFloatValueGet" storage="/home/runner/work/typespec/typespec/packages/http-client-csharp/generator/artifacts/bin/testprojects.spector.tests/debug/net8.0/testprojects.spector.tests.dll" id="076c784e-a066-6bea-e29b-a8b465e4de9e">
      <Execution id="bb04b2db-1f4d-4432-a43c-b9e7fa372f20" />
      <TestMethod codeBase="/home/runner/work/typespec/typespec/packages/http-client-csharp/generator/artifacts/bin/TestProjects.Spector.Tests/Debug/net8.0/TestProjects.Spector.Tests.dll" adapterTypeName="executor://nunit3testexecutor/" className="TestProjects.Spector.Tests.Http._Type._Array.ArrayTests" name="NullableFloatValueGet" />
    </UnitTest>
    <UnitTest name="QueryRfc3339" storage="/home/runner/work/typespec/typespec/packages/http-client-csharp/generator/artifacts/bin/testprojects.spector.tests/debug/net8.0/testprojects.spector.tests.dll" id="8969d79c-436b-58c6-9a6a-5337945309f4">
      <Execution id="24086ce6-61e0-46de-8aa7-f8b98eee9d0f" />
      <TestMethod codeBase="/home/runner/work/typespec/typespec/packages/http-client-csharp/generator/artifacts/bin/TestProjects.Spector.Tests/Debug/net8.0/TestProjects.Spector.Tests.dll" adapterTypeName="executor://nunit3testexecutor/" className="TestProjects.Spector.Tests.Http.Encode.Datetime.DateTimeTests" name="QueryRfc3339" />
    </UnitTest>
    <UnitTest name="PropertyGet" storage="/home/runner/work/typespec/typespec/packages/http-client-csharp/generator/artifacts/bin/testprojects.spector.tests/debug/net8.0/testprojects.spector.tests.dll" id="76b9f899-9e1d-26dd-eefc-6d3b69deb9bd">
      <Execution id="bf0b82c0-e4bd-448a-a141-76331ce8526e" />
      <TestMethod codeBase="/home/runner/work/typespec/typespec/packages/http-client-csharp/generator/artifacts/bin/TestProjects.Spector.Tests/Debug/net8.0/TestProjects.Spector.Tests.dll" adapterTypeName="executor://nunit3testexecutor/" className="TestProjects.Spector.Tests.Http.Serialization.EncodedName.Json.EncodedNameJsonTests" name="PropertyGet" />
    </UnitTest>
    <UnitTest name="DatetimeValueGet" storage="/home/runner/work/typespec/typespec/packages/http-client-csharp/generator/artifacts/bin/testprojects.spector.tests/debug/net8.0/testprojects.spector.tests.dll" id="2d7e6f7a-5520-fc8f-b0cf-5ad02d5a8ce4">
      <Execution id="460dabc7-2040-4726-8b4b-faf8426b4801" />
      <TestMethod codeBase="/home/runner/work/typespec/typespec/packages/http-client-csharp/generator/artifacts/bin/TestProjects.Spector.Tests/Debug/net8.0/TestProjects.Spector.Tests.dll" adapterTypeName="executor://nunit3testexecutor/" className="TestProjects.Spector.Tests.Http._Type._Array.ArrayTests" name="DatetimeValueGet" />
    </UnitTest>
    <UnitTest name="DurationPutAll" storage="/home/runner/work/typespec/typespec/packages/http-client-csharp/generator/artifacts/bin/testprojects.spector.tests/debug/net8.0/testprojects.spector.tests.dll" id="8b8076a2-89ca-34ed-d529-5a602ce0fc13">
      <Execution id="7b3a45b3-f681-4b47-81f0-ddf0892565e5" />
      <TestMethod codeBase="/home/runner/work/typespec/typespec/packages/http-client-csharp/generator/artifacts/bin/TestProjects.Spector.Tests/Debug/net8.0/TestProjects.Spector.Tests.dll" adapterTypeName="executor://nunit3testexecutor/" className="TestProjects.Spector.Tests.Http._Type.Property.Optionality.OptionalityTests" name="DurationPutAll" />
    </UnitTest>
    <UnitTest name="PutFixedEnum" storage="/home/runner/work/typespec/typespec/packages/http-client-csharp/generator/artifacts/bin/testprojects.spector.tests/debug/net8.0/testprojects.spector.tests.dll" id="0b956eab-47b0-19b5-0fb4-49dbe7c77075">
      <Execution id="a0b579f1-a1ba-4c49-9e70-94745146fd25" />
      <TestMethod codeBase="/home/runner/work/typespec/typespec/packages/http-client-csharp/generator/artifacts/bin/TestProjects.Spector.Tests/Debug/net8.0/TestProjects.Spector.Tests.dll" adapterTypeName="executor://nunit3testexecutor/" className="TestProjects.Spector.Tests.Http._Type.Model.Inheritance.EnumDiscriminator.EnumDiscriminatorTests" name="PutFixedEnum" />
    </UnitTest>
    <UnitTest name="One" storage="/home/runner/work/typespec/typespec/packages/http-client-csharp/generator/artifacts/bin/testprojects.spector.tests/debug/net8.0/testprojects.spector.tests.dll" id="1f255460-7731-e75d-e2f1-9fe6820331b6">
      <Execution id="0510f60a-29a0-4f8b-bfbe-74b842c5881d" />
      <TestMethod codeBase="/home/runner/work/typespec/typespec/packages/http-client-csharp/generator/artifacts/bin/TestProjects.Spector.Tests/Debug/net8.0/TestProjects.Spector.Tests.dll" adapterTypeName="executor://nunit3testexecutor/" className="TestProjects.Spector.Tests.Http.Client.Structure.ClientOperationGroup.ClientOperationGroupTests" name="One" />
    </UnitTest>
    <UnitTest name="SpreadStringGet" storage="/home/runner/work/typespec/typespec/packages/http-client-csharp/generator/artifacts/bin/testprojects.spector.tests/debug/net8.0/testprojects.spector.tests.dll" id="b9c37f77-7764-4ea5-77ec-54d62bfe2585">
      <Execution id="4d505ff9-bbd8-4234-b28a-666a254513ae" />
      <TestMethod codeBase="/home/runner/work/typespec/typespec/packages/http-client-csharp/generator/artifacts/bin/TestProjects.Spector.Tests/Debug/net8.0/TestProjects.Spector.Tests.dll" adapterTypeName="executor://nunit3testexecutor/" className="TestProjects.Spector.Tests.Http._Type.Property.AdditionalProperties.AdditionalPropertiesTests" name="SpreadStringGet" />
    </UnitTest>
    <UnitTest name="RenamedTwo" storage="/home/runner/work/typespec/typespec/packages/http-client-csharp/generator/artifacts/bin/testprojects.spector.tests/debug/net8.0/testprojects.spector.tests.dll" id="b38c6e42-c862-a4ea-16f2-21bf6715fba7">
      <Execution id="720c89f5-7360-48d1-af37-77654e7f2d6f" />
      <TestMethod codeBase="/home/runner/work/typespec/typespec/packages/http-client-csharp/generator/artifacts/bin/TestProjects.Spector.Tests/Debug/net8.0/TestProjects.Spector.Tests.dll" adapterTypeName="executor://nunit3testexecutor/" className="TestProjects.Spector.Tests.Http.Client.Structure.RenamedOperation.RenamedOperationTests" name="RenamedTwo" />
    </UnitTest>
    <UnitTest name="Model_SpreadCompositeRequestOnlyWithoutBody" storage="/home/runner/work/typespec/typespec/packages/http-client-csharp/generator/artifacts/bin/testprojects.spector.tests/debug/net8.0/testprojects.spector.tests.dll" id="fa110716-2b5e-322d-4e91-d4d1e4ec4718">
      <Execution id="847f882b-c665-4a05-9b92-e5ecf79ae226" />
      <TestMethod codeBase="/home/runner/work/typespec/typespec/packages/http-client-csharp/generator/artifacts/bin/TestProjects.Spector.Tests/Debug/net8.0/TestProjects.Spector.Tests.dll" adapterTypeName="executor://nunit3testexecutor/" className="TestProjects.Spector.Tests.Http.Parameters.Spread.SpreadTests" name="Model_SpreadCompositeRequestOnlyWithoutBody" />
    </UnitTest>
    <UnitTest name="OperationsLambdaAsync" storage="/home/runner/work/typespec/typespec/packages/http-client-csharp/generator/artifacts/bin/testprojects.spector.tests/debug/net8.0/testprojects.spector.tests.dll" id="dd00cd2b-3924-38aa-da3a-7883f7ae03a0">
      <Execution id="53334913-4c6c-445d-afef-471b6fe97cca" />
      <TestMethod codeBase="/home/runner/work/typespec/typespec/packages/http-client-csharp/generator/artifacts/bin/TestProjects.Spector.Tests/Debug/net8.0/TestProjects.Spector.Tests.dll" adapterTypeName="executor://nunit3testexecutor/" className="TestProjects.Spector.Tests.Http.SpecialWords.SpecialWordsTests" name="OperationsLambdaAsync" />
    </UnitTest>
    <UnitTest name="ModelProperties_SameAsModelAsync" storage="/home/runner/work/typespec/typespec/packages/http-client-csharp/generator/artifacts/bin/testprojects.spector.tests/debug/net8.0/testprojects.spector.tests.dll" id="7bd58085-89fe-fadd-cb95-acc8a9c6f5c2">
      <Execution id="097d208d-7acd-43f2-877b-3054546780bb" />
      <TestMethod codeBase="/home/runner/work/typespec/typespec/packages/http-client-csharp/generator/artifacts/bin/TestProjects.Spector.Tests/Debug/net8.0/TestProjects.Spector.Tests.dll" adapterTypeName="executor://nunit3testexecutor/" className="TestProjects.Spector.Tests.Http.SpecialWords.SpecialWordsTests" name="ModelProperties_SameAsModelAsync" />
    </UnitTest>
    <UnitTest name="Versioning_RenamedFrom_NewInterface" storage="/home/runner/work/typespec/typespec/packages/http-client-csharp/generator/artifacts/bin/testprojects.spector.tests/debug/net8.0/testprojects.spector.tests.dll" id="2c9e99c4-fc09-02a4-92e0-905feeb5bfde">
      <Execution id="01fc6eb3-d02d-4645-a335-4faedafd05f9" />
      <TestMethod codeBase="/home/runner/work/typespec/typespec/packages/http-client-csharp/generator/artifacts/bin/TestProjects.Spector.Tests/Debug/net8.0/TestProjects.Spector.Tests.dll" adapterTypeName="executor://nunit3testexecutor/" className="TestProjects.Spector.Tests.Http.Versioning.RenamedFrom.V2.VersioningRenamedFromTests" name="Versioning_RenamedFrom_NewInterface" />
    </UnitTest>
    <UnitTest name="QueryContinuationPrimitive" storage="/home/runner/work/typespec/typespec/packages/http-client-csharp/generator/artifacts/bin/testprojects.spector.tests/debug/net8.0/testprojects.spector.tests.dll" id="23ffa4d2-a33d-5763-3caa-e16e252d77d7">
      <Execution id="4708b68c-a790-40db-b5cf-0b0ca8fa62e5" />
      <TestMethod codeBase="/home/runner/work/typespec/typespec/packages/http-client-csharp/generator/artifacts/bin/TestProjects.Spector.Tests/Debug/net8.0/TestProjects.Spector.Tests.dll" adapterTypeName="executor://nunit3testexecutor/" className="TestProjects.Spector.Tests.Http.Routes.QueryParameterTests" name="QueryContinuationPrimitive" />
    </UnitTest>
    <UnitTest name="StringPutAll" storage="/home/runner/work/typespec/typespec/packages/http-client-csharp/generator/artifacts/bin/testprojects.spector.tests/debug/net8.0/testprojects.spector.tests.dll" id="f12d8bfb-d790-e889-1d9d-8a35b974b8c9">
      <Execution id="cbbe281b-2f38-4504-826a-10eefaafc773" />
      <TestMethod codeBase="/home/runner/work/typespec/typespec/packages/http-client-csharp/generator/artifacts/bin/TestProjects.Spector.Tests/Debug/net8.0/TestProjects.Spector.Tests.dll" adapterTypeName="executor://nunit3testexecutor/" className="TestProjects.Spector.Tests.Http._Type.Property.Optionality.OptionalityTests" name="StringPutAll" />
    </UnitTest>
    <UnitTest name="RequiredAndOptionalGetRequiredOnly" storage="/home/runner/work/typespec/typespec/packages/http-client-csharp/generator/artifacts/bin/testprojects.spector.tests/debug/net8.0/testprojects.spector.tests.dll" id="483378af-8aa2-948d-abe2-8fb8f261153d">
      <Execution id="8544e80e-39d5-4156-bd01-8baf214bdc30" />
      <TestMethod codeBase="/home/runner/work/typespec/typespec/packages/http-client-csharp/generator/artifacts/bin/TestProjects.Spector.Tests/Debug/net8.0/TestProjects.Spector.Tests.dll" adapterTypeName="executor://nunit3testexecutor/" className="TestProjects.Spector.Tests.Http._Type.Property.Optionality.OptionalityTests" name="RequiredAndOptionalGetRequiredOnly" />
    </UnitTest>
    <UnitTest name="OperationsOrAsync" storage="/home/runner/work/typespec/typespec/packages/http-client-csharp/generator/artifacts/bin/testprojects.spector.tests/debug/net8.0/testprojects.spector.tests.dll" id="b5d33c42-af96-4292-2f24-a41bf9e5e922">
      <Execution id="1c1a9361-5e2c-4bce-803c-51f2c9ba033b" />
      <TestMethod codeBase="/home/runner/work/typespec/typespec/packages/http-client-csharp/generator/artifacts/bin/TestProjects.Spector.Tests/Debug/net8.0/TestProjects.Spector.Tests.dll" adapterTypeName="executor://nunit3testexecutor/" className="TestProjects.Spector.Tests.Http.SpecialWords.SpecialWordsTests" name="OperationsOrAsync" />
    </UnitTest>
    <UnitTest name="MyOp" storage="/home/runner/work/typespec/typespec/packages/http-client-csharp/generator/artifacts/bin/testprojects.spector.tests/debug/net8.0/testprojects.spector.tests.dll" id="3c3038ed-1cf4-b000-9ff8-18dc01eebdb6">
      <Execution id="dce0f288-a553-4e3c-b907-416c46940fad" />
      <TestMethod codeBase="/home/runner/work/typespec/typespec/packages/http-client-csharp/generator/artifacts/bin/TestProjects.Spector.Tests/Debug/net8.0/TestProjects.Spector.Tests.dll" adapterTypeName="executor://nunit3testexecutor/" className="TestProjects.Spector.Tests.Http.Server.Path.Single.SingleTests" name="MyOp" />
    </UnitTest>
    <UnitTest name="BooleanGet" storage="/home/runner/work/typespec/typespec/packages/http-client-csharp/generator/artifacts/bin/testprojects.spector.tests/debug/net8.0/testprojects.spector.tests.dll" id="9795a002-6286-5f60-a542-0772a094d41c">
      <Execution id="16869660-8d28-4053-b4c8-7e5a2c661312" />
      <TestMethod codeBase="/home/runner/work/typespec/typespec/packages/http-client-csharp/generator/artifacts/bin/TestProjects.Spector.Tests/Debug/net8.0/TestProjects.Spector.Tests.dll" adapterTypeName="executor://nunit3testexecutor/" className="TestProjects.Spector.Tests.Http._Type.Property.ValueTypes.ValueTypesTests" name="BooleanGet" />
    </UnitTest>
    <UnitTest name="RoundTripWithJsonInterfaceUtf8ReaderJson" storage="/home/runner/work/typespec/typespec/packages/http-client-csharp/generator/artifacts/bin/testprojects.spector.tests/debug/net8.0/testprojects.spector.tests.dll" id="87b3b798-201c-f416-b201-5675faff582c">
      <Execution id="133faf65-9c3a-4762-b2e6-0d2780b0fbfb" />
      <TestMethod codeBase="/home/runner/work/typespec/typespec/packages/http-client-csharp/generator/artifacts/bin/TestProjects.Spector.Tests/Debug/net8.0/TestProjects.Spector.Tests.dll" adapterTypeName="executor://nunit3testexecutor/" className="TestProjects.Spector.Tests.Http._Type.Property.AdditionalProperties.MultipleSpreadRecordTests" name="RoundTripWithJsonInterfaceUtf8ReaderJson" />
    </UnitTest>
    <UnitTest name="Versioning_Added_v1" storage="/home/runner/work/typespec/typespec/packages/http-client-csharp/generator/artifacts/bin/testprojects.spector.tests/debug/net8.0/testprojects.spector.tests.dll" id="978ce783-833d-5d2b-6b3c-52e3099da292">
      <Execution id="d18b21ae-a8d9-472b-bb15-6b49ec5014a4" />
      <TestMethod codeBase="/home/runner/work/typespec/typespec/packages/http-client-csharp/generator/artifacts/bin/TestProjects.Spector.Tests/Debug/net8.0/TestProjects.Spector.Tests.dll" adapterTypeName="executor://nunit3testexecutor/" className="TestProjects.Spector.Tests.Http.Versioning.Added.V2.VersioningAddedV2Tests" name="Versioning_Added_v1" />
    </UnitTest>
    <UnitTest name="ExtendsDifferentSpreadStringPut" storage="/home/runner/work/typespec/typespec/packages/http-client-csharp/generator/artifacts/bin/testprojects.spector.tests/debug/net8.0/testprojects.spector.tests.dll" id="f0006959-e92b-ddf0-e350-e42c16c5830a">
      <Execution id="a2165c73-72a5-4e8f-aa3f-68f85b294475" />
      <TestMethod codeBase="/home/runner/work/typespec/typespec/packages/http-client-csharp/generator/artifacts/bin/TestProjects.Spector.Tests/Debug/net8.0/TestProjects.Spector.Tests.dll" adapterTypeName="executor://nunit3testexecutor/" className="TestProjects.Spector.Tests.Http._Type.Property.AdditionalProperties.AdditionalPropertiesTests" name="ExtendsDifferentSpreadStringPut" />
    </UnitTest>
    <UnitTest name="RequiredAndOptionalPutAll" storage="/home/runner/work/typespec/typespec/packages/http-client-csharp/generator/artifacts/bin/testprojects.spector.tests/debug/net8.0/testprojects.spector.tests.dll" id="3dd3f7c5-aa1a-d5fc-7adf-5aca8d5bb6a1">
      <Execution id="9cb30b5f-b68d-4cf0-81dc-52467be84e4a" />
      <TestMethod codeBase="/home/runner/work/typespec/typespec/packages/http-client-csharp/generator/artifacts/bin/TestProjects.Spector.Tests/Debug/net8.0/TestProjects.Spector.Tests.dll" adapterTypeName="executor://nunit3testexecutor/" className="TestProjects.Spector.Tests.Http._Type.Property.Optionality.OptionalityTests" name="RequiredAndOptionalPutAll" />
    </UnitTest>
    <UnitTest name="GetStringExtensibleNamedOnly" storage="/home/runner/work/typespec/typespec/packages/http-client-csharp/generator/artifacts/bin/testprojects.spector.tests/debug/net8.0/testprojects.spector.tests.dll" id="e9666507-692a-369c-a54e-9fb328f6b973">
      <Execution id="5e8e2252-b4a4-4c29-a31f-21b832b8d6b4" />
      <TestMethod codeBase="/home/runner/work/typespec/typespec/packages/http-client-csharp/generator/artifacts/bin/TestProjects.Spector.Tests/Debug/net8.0/TestProjects.Spector.Tests.dll" adapterTypeName="executor://nunit3testexecutor/" className="TestProjects.Spector.Tests.Http._Type.Union.UnionTests" name="GetStringExtensibleNamedOnly" />
    </UnitTest>
    <UnitTest name="UnknownArrayPut" storage="/home/runner/work/typespec/typespec/packages/http-client-csharp/generator/artifacts/bin/testprojects.spector.tests/debug/net8.0/testprojects.spector.tests.dll" id="74a4a950-3235-9796-a1b9-35c0398b3c51">
      <Execution id="e7ec8a8d-7072-4b8c-9c3c-693b2041d5b0" />
      <TestMethod codeBase="/home/runner/work/typespec/typespec/packages/http-client-csharp/generator/artifacts/bin/TestProjects.Spector.Tests/Debug/net8.0/TestProjects.Spector.Tests.dll" adapterTypeName="executor://nunit3testexecutor/" className="TestProjects.Spector.Tests.Http._Type.Property.ValueTypes.ValueTypesTests" name="UnknownArrayPut" />
    </UnitTest>
    <UnitTest name="FloatGet" storage="/home/runner/work/typespec/typespec/packages/http-client-csharp/generator/artifacts/bin/testprojects.spector.tests/debug/net8.0/testprojects.spector.tests.dll" id="f9684b62-7e22-11d3-3fe5-ae3af5778ca7">
      <Execution id="40da6477-1735-48f7-be45-99de56472cdd" />
      <TestMethod codeBase="/home/runner/work/typespec/typespec/packages/http-client-csharp/generator/artifacts/bin/TestProjects.Spector.Tests/Debug/net8.0/TestProjects.Spector.Tests.dll" adapterTypeName="executor://nunit3testexecutor/" className="TestProjects.Spector.Tests.Http._Type.Property.ValueTypes.ValueTypesTests" name="FloatGet" />
    </UnitTest>
    <UnitTest name="ModelsWithAsAsync" storage="/home/runner/work/typespec/typespec/packages/http-client-csharp/generator/artifacts/bin/testprojects.spector.tests/debug/net8.0/testprojects.spector.tests.dll" id="d786c9ad-bee7-02b2-0866-ee8c139d9711">
      <Execution id="8fa97922-6f89-4f07-990c-9327f878eb93" />
      <TestMethod codeBase="/home/runner/work/typespec/typespec/packages/http-client-csharp/generator/artifacts/bin/TestProjects.Spector.Tests/Debug/net8.0/TestProjects.Spector.Tests.dll" adapterTypeName="executor://nunit3testexecutor/" className="TestProjects.Spector.Tests.Http.SpecialWords.SpecialWordsTests" name="ModelsWithAsAsync" />
    </UnitTest>
    <UnitTest name="OperationsWithAsync" storage="/home/runner/work/typespec/typespec/packages/http-client-csharp/generator/artifacts/bin/testprojects.spector.tests/debug/net8.0/testprojects.spector.tests.dll" id="6c099e5b-f326-d741-80dc-d6cf1fda6067">
      <Execution id="1d0fb044-4683-4a13-9d67-9b5850c9424b" />
      <TestMethod codeBase="/home/runner/work/typespec/typespec/packages/http-client-csharp/generator/artifacts/bin/TestProjects.Spector.Tests/Debug/net8.0/TestProjects.Spector.Tests.dll" adapterTypeName="executor://nunit3testexecutor/" className="TestProjects.Spector.Tests.Http.SpecialWords.SpecialWordsTests" name="OperationsWithAsync" />
    </UnitTest>
    <UnitTest name="QueryAnnotationOnly" storage="/home/runner/work/typespec/typespec/packages/http-client-csharp/generator/artifacts/bin/testprojects.spector.tests/debug/net8.0/testprojects.spector.tests.dll" id="2f72134a-f5b6-7f01-0dcc-851bb44e0d7c">
      <Execution id="b7e493be-cfe9-4ac2-837a-d4a46230b64a" />
      <TestMethod codeBase="/home/runner/work/typespec/typespec/packages/http-client-csharp/generator/artifacts/bin/TestProjects.Spector.Tests/Debug/net8.0/TestProjects.Spector.Tests.dll" adapterTypeName="executor://nunit3testexecutor/" className="TestProjects.Spector.Tests.Http.Routes.QueryParameterTests" name="QueryAnnotationOnly" />
    </UnitTest>
    <UnitTest name="Encode_Numeric_Property_uint32AsStringOptional" storage="/home/runner/work/typespec/typespec/packages/http-client-csharp/generator/artifacts/bin/testprojects.spector.tests/debug/net8.0/testprojects.spector.tests.dll" id="5f0ce51c-cc76-c855-edfe-47ef26f9b2f4">
      <Execution id="135a2603-597d-4286-a817-c2d0609094e6" />
      <TestMethod codeBase="/home/runner/work/typespec/typespec/packages/http-client-csharp/generator/artifacts/bin/TestProjects.Spector.Tests/Debug/net8.0/TestProjects.Spector.Tests.dll" adapterTypeName="executor://nunit3testexecutor/" className="TestProjects.Spector.Tests.Http.Encode.Numeric.EncodeNumericTests" name="Encode_Numeric_Property_uint32AsStringOptional" />
    </UnitTest>
    <UnitTest name="AddOptionalParamFromNone_V1Client_V2Service_WithApiVersionV1" storage="/home/runner/work/typespec/typespec/packages/http-client-csharp/generator/artifacts/bin/testprojects.spector.tests/debug/net8.0/testprojects.spector.tests.dll" id="d9a83f8d-ab40-7e2a-7b92-507a40ebac6d">
      <Execution id="bec92cd6-1be1-475d-9f99-8167cca0b6b3" />
      <TestMethod codeBase="/home/runner/work/typespec/typespec/packages/http-client-csharp/generator/artifacts/bin/TestProjects.Spector.Tests/Debug/net8.0/TestProjects.Spector.Tests.dll" adapterTypeName="executor://nunit3testexecutor/" className="TestProjects.Spector.Tests.Http.Resiliency.SrvDriven.V1.SrvDrivenV1Tests" name="AddOptionalParamFromNone_V1Client_V2Service_WithApiVersionV1" />
    </UnitTest>
    <UnitTest name="UnionFloatLiteralPut" storage="/home/runner/work/typespec/typespec/packages/http-client-csharp/generator/artifacts/bin/testprojects.spector.tests/debug/net8.0/testprojects.spector.tests.dll" id="1d16de56-7c85-d3a6-8655-9610c83194ee">
      <Execution id="6a0c0563-2eb2-4de5-92bc-8ea233391e3f" />
      <TestMethod codeBase="/home/runner/work/typespec/typespec/packages/http-client-csharp/generator/artifacts/bin/TestProjects.Spector.Tests/Debug/net8.0/TestProjects.Spector.Tests.dll" adapterTypeName="executor://nunit3testexecutor/" className="TestProjects.Spector.Tests.Http._Type.Property.ValueTypes.ValueTypesTests" name="UnionFloatLiteralPut" />
    </UnitTest>
    <UnitTest name="ExtendsModelArrayPut" storage="/home/runner/work/typespec/typespec/packages/http-client-csharp/generator/artifacts/bin/testprojects.spector.tests/debug/net8.0/testprojects.spector.tests.dll" id="e138c17c-09ad-69c5-6439-809c870e17a3">
      <Execution id="9ce636d9-470b-42e7-b2c3-b275c9720c50" />
      <TestMethod codeBase="/home/runner/work/typespec/typespec/packages/http-client-csharp/generator/artifacts/bin/TestProjects.Spector.Tests/Debug/net8.0/TestProjects.Spector.Tests.dll" adapterTypeName="executor://nunit3testexecutor/" className="TestProjects.Spector.Tests.Http._Type.Property.AdditionalProperties.AdditionalPropertiesTests" name="ExtendsModelArrayPut" />
    </UnitTest>
    <UnitTest name="ParametersWithAndAsync" storage="/home/runner/work/typespec/typespec/packages/http-client-csharp/generator/artifacts/bin/testprojects.spector.tests/debug/net8.0/testprojects.spector.tests.dll" id="14b78350-1b72-9d0c-c593-4d7c3592b7f3">
      <Execution id="8683eb2f-d6b3-494b-ab35-d55b2f02238f" />
      <TestMethod codeBase="/home/runner/work/typespec/typespec/packages/http-client-csharp/generator/artifacts/bin/TestProjects.Spector.Tests/Debug/net8.0/TestProjects.Spector.Tests.dll" adapterTypeName="executor://nunit3testexecutor/" className="TestProjects.Spector.Tests.Http.SpecialWords.SpecialWordsTests" name="ParametersWithAndAsync" />
    </UnitTest>
    <UnitTest name="SpreadModelPut" storage="/home/runner/work/typespec/typespec/packages/http-client-csharp/generator/artifacts/bin/testprojects.spector.tests/debug/net8.0/testprojects.spector.tests.dll" id="6136afeb-dcb7-5943-90e1-0816a4fac688">
      <Execution id="11ac5756-7694-4900-b588-ca152b7e5f06" />
      <TestMethod codeBase="/home/runner/work/typespec/typespec/packages/http-client-csharp/generator/artifacts/bin/TestProjects.Spector.Tests/Debug/net8.0/TestProjects.Spector.Tests.dll" adapterTypeName="executor://nunit3testexecutor/" className="TestProjects.Spector.Tests.Http._Type.Property.AdditionalProperties.AdditionalPropertiesTests" name="SpreadModelPut" />
    </UnitTest>
    <UnitTest name="OperationsWhileAsync" storage="/home/runner/work/typespec/typespec/packages/http-client-csharp/generator/artifacts/bin/testprojects.spector.tests/debug/net8.0/testprojects.spector.tests.dll" id="6018a2be-318c-b9d4-dd54-a1ae714948ce">
      <Execution id="31847aa3-8098-4d34-80f8-63ac193ad725" />
      <TestMethod codeBase="/home/runner/work/typespec/typespec/packages/http-client-csharp/generator/artifacts/bin/TestProjects.Spector.Tests/Debug/net8.0/TestProjects.Spector.Tests.dll" adapterTypeName="executor://nunit3testexecutor/" className="TestProjects.Spector.Tests.Http.SpecialWords.SpecialWordsTests" name="OperationsWhileAsync" />
    </UnitTest>
    <UnitTest name="OperationsAssertAsync" storage="/home/runner/work/typespec/typespec/packages/http-client-csharp/generator/artifacts/bin/testprojects.spector.tests/debug/net8.0/testprojects.spector.tests.dll" id="172a3d03-0587-c42d-92d9-6fdcc751a71c">
      <Execution id="58a9ec5a-cf4a-455e-bffe-e0f377f14d3e" />
      <TestMethod codeBase="/home/runner/work/typespec/typespec/packages/http-client-csharp/generator/artifacts/bin/TestProjects.Spector.Tests/Debug/net8.0/TestProjects.Spector.Tests.dll" adapterTypeName="executor://nunit3testexecutor/" className="TestProjects.Spector.Tests.Http.SpecialWords.SpecialWordsTests" name="OperationsAssertAsync" />
    </UnitTest>
    <UnitTest name="ModelValueGet" storage="/home/runner/work/typespec/typespec/packages/http-client-csharp/generator/artifacts/bin/testprojects.spector.tests/debug/net8.0/testprojects.spector.tests.dll" id="dae8967b-2ab3-1f9d-4a49-d95b9695bcde">
      <Execution id="533c618d-bd3f-4f93-b6da-28d2db582dc2" />
      <TestMethod codeBase="/home/runner/work/typespec/typespec/packages/http-client-csharp/generator/artifacts/bin/TestProjects.Spector.Tests/Debug/net8.0/TestProjects.Spector.Tests.dll" adapterTypeName="executor://nunit3testexecutor/" className="TestProjects.Spector.Tests.Http._Type._Array.ArrayTests" name="ModelValueGet" />
    </UnitTest>
    <UnitTest name="ModelsWithAndAsync" storage="/home/runner/work/typespec/typespec/packages/http-client-csharp/generator/artifacts/bin/testprojects.spector.tests/debug/net8.0/testprojects.spector.tests.dll" id="22a27231-c6a7-72df-cf67-ef27f39a4583">
      <Execution id="4e7321d4-786a-4b80-b71b-b6226cc483de" />
      <TestMethod codeBase="/home/runner/work/typespec/typespec/packages/http-client-csharp/generator/artifacts/bin/TestProjects.Spector.Tests/Debug/net8.0/TestProjects.Spector.Tests.dll" adapterTypeName="executor://nunit3testexecutor/" className="TestProjects.Spector.Tests.Http.SpecialWords.SpecialWordsTests" name="ModelsWithAndAsync" />
    </UnitTest>
    <UnitTest name="ModelsWithClassAsync" storage="/home/runner/work/typespec/typespec/packages/http-client-csharp/generator/artifacts/bin/testprojects.spector.tests/debug/net8.0/testprojects.spector.tests.dll" id="dbec7d7d-94c3-b0f5-4ee0-9eaa78cfac82">
      <Execution id="4b3a0c2f-fc5e-493f-84e4-1b83f062f0f9" />
      <TestMethod codeBase="/home/runner/work/typespec/typespec/packages/http-client-csharp/generator/artifacts/bin/TestProjects.Spector.Tests/Debug/net8.0/TestProjects.Spector.Tests.dll" adapterTypeName="executor://nunit3testexecutor/" className="TestProjects.Spector.Tests.Http.SpecialWords.SpecialWordsTests" name="ModelsWithClassAsync" />
    </UnitTest>
    <UnitTest name="OperationsElseAsync" storage="/home/runner/work/typespec/typespec/packages/http-client-csharp/generator/artifacts/bin/testprojects.spector.tests/debug/net8.0/testprojects.spector.tests.dll" id="9451e5db-57bf-ae03-ca19-27f734b757c5">
      <Execution id="b75b58a1-c4bd-440b-a922-573d683130ad" />
      <TestMethod codeBase="/home/runner/work/typespec/typespec/packages/http-client-csharp/generator/artifacts/bin/TestProjects.Spector.Tests/Debug/net8.0/TestProjects.Spector.Tests.dll" adapterTypeName="executor://nunit3testexecutor/" className="TestProjects.Spector.Tests.Http.SpecialWords.SpecialWordsTests" name="OperationsElseAsync" />
    </UnitTest>
    <UnitTest name="ModelsWithAsyncAsync" storage="/home/runner/work/typespec/typespec/packages/http-client-csharp/generator/artifacts/bin/testprojects.spector.tests/debug/net8.0/testprojects.spector.tests.dll" id="0fe972d5-3a12-a6da-4e20-57f3ffcbaa4f">
      <Execution id="a8534b0d-191b-4b66-819c-44133a311e20" />
      <TestMethod codeBase="/home/runner/work/typespec/typespec/packages/http-client-csharp/generator/artifacts/bin/TestProjects.Spector.Tests/Debug/net8.0/TestProjects.Spector.Tests.dll" adapterTypeName="executor://nunit3testexecutor/" className="TestProjects.Spector.Tests.Http.SpecialWords.SpecialWordsTests" name="ModelsWithAsyncAsync" />
    </UnitTest>
    <UnitTest name="RoundTripWithModelInterfaceNonGenericJson" storage="/home/runner/work/typespec/typespec/packages/http-client-csharp/generator/artifacts/bin/testprojects.spector.tests/debug/net8.0/testprojects.spector.tests.dll" id="e860b32c-5677-68e5-70c7-ee4962553471">
      <Execution id="944a5c32-b578-4c40-857d-1d42ad70232c" />
      <TestMethod codeBase="/home/runner/work/typespec/typespec/packages/http-client-csharp/generator/artifacts/bin/TestProjects.Spector.Tests/Debug/net8.0/TestProjects.Spector.Tests.dll" adapterTypeName="executor://nunit3testexecutor/" className="TestProjects.Spector.Tests.Http._Type.Property.AdditionalProperties.DifferentSpreadStringDerivedTests" name="RoundTripWithModelInterfaceNonGenericJson" />
    </UnitTest>
    <UnitTest name="FloatLiteralPutAll" storage="/home/runner/work/typespec/typespec/packages/http-client-csharp/generator/artifacts/bin/testprojects.spector.tests/debug/net8.0/testprojects.spector.tests.dll" id="a3529409-afe4-2a16-020b-a6829605b055">
      <Execution id="24093d25-4287-4b58-b181-0ae2602a1dad" />
      <TestMethod codeBase="/home/runner/work/typespec/typespec/packages/http-client-csharp/generator/artifacts/bin/TestProjects.Spector.Tests/Debug/net8.0/TestProjects.Spector.Tests.dll" adapterTypeName="executor://nunit3testexecutor/" className="TestProjects.Spector.Tests.Http._Type.Property.Optionality.OptionalityTests" name="FloatLiteralPutAll" />
    </UnitTest>
    <UnitTest name="FloatLiteralPutDefault" storage="/home/runner/work/typespec/typespec/packages/http-client-csharp/generator/artifacts/bin/testprojects.spector.tests/debug/net8.0/testprojects.spector.tests.dll" id="aeec4e5f-bc8e-2634-0605-92786e0b894c">
      <Execution id="98748bab-9c70-4450-9984-23e89cda3404" />
      <TestMethod codeBase="/home/runner/work/typespec/typespec/packages/http-client-csharp/generator/artifacts/bin/TestProjects.Spector.Tests/Debug/net8.0/TestProjects.Spector.Tests.dll" adapterTypeName="executor://nunit3testexecutor/" className="TestProjects.Spector.Tests.Http._Type.Property.Optionality.OptionalityTests" name="FloatLiteralPutDefault" />
    </UnitTest>
    <UnitTest name="ExtendsDifferentSpreadStringGet" storage="/home/runner/work/typespec/typespec/packages/http-client-csharp/generator/artifacts/bin/testprojects.spector.tests/debug/net8.0/testprojects.spector.tests.dll" id="224167d9-9c7f-8a48-861a-7d93190b39a0">
      <Execution id="f6b3aaa9-eabc-4527-b561-d7f12ada3cd7" />
      <TestMethod codeBase="/home/runner/work/typespec/typespec/packages/http-client-csharp/generator/artifacts/bin/TestProjects.Spector.Tests/Debug/net8.0/TestProjects.Spector.Tests.dll" adapterTypeName="executor://nunit3testexecutor/" className="TestProjects.Spector.Tests.Http._Type.Property.AdditionalProperties.AdditionalPropertiesTests" name="ExtendsDifferentSpreadStringGet" />
    </UnitTest>
    <UnitTest name="HeaderUnixTimestamp" storage="/home/runner/work/typespec/typespec/packages/http-client-csharp/generator/artifacts/bin/testprojects.spector.tests/debug/net8.0/testprojects.spector.tests.dll" id="9a638e40-d359-6746-9f21-8510b5774335">
      <Execution id="86688e89-8c69-4722-984d-4de6d92c7736" />
      <TestMethod codeBase="/home/runner/work/typespec/typespec/packages/http-client-csharp/generator/artifacts/bin/TestProjects.Spector.Tests/Debug/net8.0/TestProjects.Spector.Tests.dll" adapterTypeName="executor://nunit3testexecutor/" className="TestProjects.Spector.Tests.Http.Encode.Datetime.DateTimeTests" name="HeaderUnixTimestamp" />
    </UnitTest>
    <UnitTest name="Versioning_Removed_V3Model" storage="/home/runner/work/typespec/typespec/packages/http-client-csharp/generator/artifacts/bin/testprojects.spector.tests/debug/net8.0/testprojects.spector.tests.dll" id="45f89548-d9c9-eb75-f211-fd412e47b917">
      <Execution id="397b64c9-c300-46a1-9a4a-d3dfebb469ee" />
      <TestMethod codeBase="/home/runner/work/typespec/typespec/packages/http-client-csharp/generator/artifacts/bin/TestProjects.Spector.Tests/Debug/net8.0/TestProjects.Spector.Tests.dll" adapterTypeName="executor://nunit3testexecutor/" className="TestProjects.Spector.Tests.Http.Versioning.Removed.V2.VersioningRemovedV2Tests" name="Versioning_Removed_V3Model" />
    </UnitTest>
    <UnitTest name="WithoutApiVersion" storage="/home/runner/work/typespec/typespec/packages/http-client-csharp/generator/artifacts/bin/testprojects.spector.tests/debug/net8.0/testprojects.spector.tests.dll" id="2209afca-aab8-ea8b-b667-15d211eae6a7">
      <Execution id="3ad58f86-5053-4620-85dd-02eecc30621a" />
      <TestMethod codeBase="/home/runner/work/typespec/typespec/packages/http-client-csharp/generator/artifacts/bin/TestProjects.Spector.Tests/Debug/net8.0/TestProjects.Spector.Tests.dll" adapterTypeName="executor://nunit3testexecutor/" className="TestProjects.Spector.Tests.Http.Server.Versions.NotVersioned.NotVersionedTests" name="WithoutApiVersion" />
    </UnitTest>
    <UnitTest name="HeaderUnixTimestampArray" storage="/home/runner/work/typespec/typespec/packages/http-client-csharp/generator/artifacts/bin/testprojects.spector.tests/debug/net8.0/testprojects.spector.tests.dll" id="9050a8da-f692-333f-b931-03996d2d9a89">
      <Execution id="d2be8d74-f93b-43b9-b57a-40698f07dae9" />
      <TestMethod codeBase="/home/runner/work/typespec/typespec/packages/http-client-csharp/generator/artifacts/bin/TestProjects.Spector.Tests/Debug/net8.0/TestProjects.Spector.Tests.dll" adapterTypeName="executor://nunit3testexecutor/" className="TestProjects.Spector.Tests.Http.Encode.Datetime.DateTimeTests" name="HeaderUnixTimestampArray" />
    </UnitTest>
    <UnitTest name="Valid" storage="/home/runner/work/typespec/typespec/packages/http-client-csharp/generator/artifacts/bin/testprojects.spector.tests/debug/net8.0/testprojects.spector.tests.dll" id="09000b30-b50a-fea1-e3f8-373b92fc09fb">
      <Execution id="9a1c9005-bb3e-407d-8f35-371b4c09d39e" />
      <TestMethod codeBase="/home/runner/work/typespec/typespec/packages/http-client-csharp/generator/artifacts/bin/TestProjects.Spector.Tests/Debug/net8.0/TestProjects.Spector.Tests.dll" adapterTypeName="executor://nunit3testexecutor/" className="TestProjects.Spector.Tests.Http.Authentication.Http.Custom.CustomTests" name="Valid" />
    </UnitTest>
    <UnitTest name="DurationValueGet" storage="/home/runner/work/typespec/typespec/packages/http-client-csharp/generator/artifacts/bin/testprojects.spector.tests/debug/net8.0/testprojects.spector.tests.dll" id="8b26d9a8-4c6f-48de-000c-d4f1e910eee4">
      <Execution id="d7307780-e66a-4a46-91f5-b4dfe903b519" />
      <TestMethod codeBase="/home/runner/work/typespec/typespec/packages/http-client-csharp/generator/artifacts/bin/TestProjects.Spector.Tests/Debug/net8.0/TestProjects.Spector.Tests.dll" adapterTypeName="executor://nunit3testexecutor/" className="TestProjects.Spector.Tests.Http._Type.Dictionary.DictionaryTests" name="DurationValueGet" />
    </UnitTest>
    <UnitTest name="FloatLiteralGetDefault" storage="/home/runner/work/typespec/typespec/packages/http-client-csharp/generator/artifacts/bin/testprojects.spector.tests/debug/net8.0/testprojects.spector.tests.dll" id="29dff1df-8583-fa03-c185-2c7ae3301185">
      <Execution id="b4448ea6-7eb9-40aa-941e-2c6dc4bcfa65" />
      <TestMethod codeBase="/home/runner/work/typespec/typespec/packages/http-client-csharp/generator/artifacts/bin/TestProjects.Spector.Tests/Debug/net8.0/TestProjects.Spector.Tests.dll" adapterTypeName="executor://nunit3testexecutor/" className="TestProjects.Spector.Tests.Http._Type.Property.Optionality.OptionalityTests" name="FloatLiteralGetDefault" />
    </UnitTest>
    <UnitTest name="ParametersWithClassAsync" storage="/home/runner/work/typespec/typespec/packages/http-client-csharp/generator/artifacts/bin/testprojects.spector.tests/debug/net8.0/testprojects.spector.tests.dll" id="e838e783-f2af-feb4-e9f1-c2ff02a7a200">
      <Execution id="19727b00-354b-428c-9fa7-eb7ee596606d" />
      <TestMethod codeBase="/home/runner/work/typespec/typespec/packages/http-client-csharp/generator/artifacts/bin/TestProjects.Spector.Tests/Debug/net8.0/TestProjects.Spector.Tests.dll" adapterTypeName="executor://nunit3testexecutor/" className="TestProjects.Spector.Tests.Http.SpecialWords.SpecialWordsTests" name="ParametersWithClassAsync" />
    </UnitTest>
    <UnitTest name="Client_Structure_default_Eight" storage="/home/runner/work/typespec/typespec/packages/http-client-csharp/generator/artifacts/bin/testprojects.spector.tests/debug/net8.0/testprojects.spector.tests.dll" id="b44213bb-33ae-33af-0aec-08d3537052c3">
      <Execution id="db7aa747-175b-4ec3-8d29-6ecc5b2c84dc" />
      <TestMethod codeBase="/home/runner/work/typespec/typespec/packages/http-client-csharp/generator/artifacts/bin/TestProjects.Spector.Tests/Debug/net8.0/TestProjects.Spector.Tests.dll" adapterTypeName="executor://nunit3testexecutor/" className="TestProjects.Spector.Tests.Http.Client.Structure.Default.DefaultTests" name="Client_Structure_default_Eight" />
    </UnitTest>
    <UnitTest name="Decimal128TypeRequestBody" storage="/home/runner/work/typespec/typespec/packages/http-client-csharp/generator/artifacts/bin/testprojects.spector.tests/debug/net8.0/testprojects.spector.tests.dll" id="ec32b513-bd31-d745-5430-fd07a2a1da9f">
      <Execution id="fbcf546f-7bf7-4d65-b267-3eff0143b51d" />
      <TestMethod codeBase="/home/runner/work/typespec/typespec/packages/http-client-csharp/generator/artifacts/bin/TestProjects.Spector.Tests/Debug/net8.0/TestProjects.Spector.Tests.dll" adapterTypeName="executor://nunit3testexecutor/" className="TestProjects.Spector.Tests.Http._Type.Scalar.ScalarTests" name="Decimal128TypeRequestBody" />
    </UnitTest>
    <UnitTest name="AddOptionalParamFromOneRequired_V1Client_V2Service_WithApiVersionV1" storage="/home/runner/work/typespec/typespec/packages/http-client-csharp/generator/artifacts/bin/testprojects.spector.tests/debug/net8.0/testprojects.spector.tests.dll" id="9ad3ff68-cf66-132e-0b79-ee6d29f36ec2">
      <Execution id="7fce6a0e-44f0-434f-a6cd-20db7b912086" />
      <TestMethod codeBase="/home/runner/work/typespec/typespec/packages/http-client-csharp/generator/artifacts/bin/TestProjects.Spector.Tests/Debug/net8.0/TestProjects.Spector.Tests.dll" adapterTypeName="executor://nunit3testexecutor/" className="TestProjects.Spector.Tests.Http.Resiliency.SrvDriven.V1.SrvDrivenV1Tests" name="AddOptionalParamFromOneRequired_V1Client_V2Service_WithApiVersionV1" />
    </UnitTest>
    <UnitTest name="ParametersWithFromAsync" storage="/home/runner/work/typespec/typespec/packages/http-client-csharp/generator/artifacts/bin/testprojects.spector.tests/debug/net8.0/testprojects.spector.tests.dll" id="9b0d2ed4-a4e6-d046-b830-822003c804c0">
      <Execution id="09969d27-c7d2-4047-b925-2638e691b54b" />
      <TestMethod codeBase="/home/runner/work/typespec/typespec/packages/http-client-csharp/generator/artifacts/bin/TestProjects.Spector.Tests/Debug/net8.0/TestProjects.Spector.Tests.dll" adapterTypeName="executor://nunit3testexecutor/" className="TestProjects.Spector.Tests.Http.SpecialWords.SpecialWordsTests" name="ParametersWithFromAsync" />
    </UnitTest>
    <UnitTest name="Four" storage="/home/runner/work/typespec/typespec/packages/http-client-csharp/generator/artifacts/bin/testprojects.spector.tests/debug/net8.0/testprojects.spector.tests.dll" id="ce4bf8e4-65ed-2ec2-8d52-0d80f84bda0a">
      <Execution id="f3d1c5ee-dfae-42d7-b615-a00788bfa63d" />
      <TestMethod codeBase="/home/runner/work/typespec/typespec/packages/http-client-csharp/generator/artifacts/bin/TestProjects.Spector.Tests/Debug/net8.0/TestProjects.Spector.Tests.dll" adapterTypeName="executor://nunit3testexecutor/" className="TestProjects.Spector.Tests.Http.Client.Structure.ClientOperationGroup.ClientOperationGroupTests" name="Four" />
    </UnitTest>
    <UnitTest name="IntLiteralPutDefault" storage="/home/runner/work/typespec/typespec/packages/http-client-csharp/generator/artifacts/bin/testprojects.spector.tests/debug/net8.0/testprojects.spector.tests.dll" id="73d73dc2-8492-1de1-1bd6-3de906c804f3">
      <Execution id="7fb818bf-dbd6-4b7f-af49-3c39ef8caf1e" />
      <TestMethod codeBase="/home/runner/work/typespec/typespec/packages/http-client-csharp/generator/artifacts/bin/TestProjects.Spector.Tests/Debug/net8.0/TestProjects.Spector.Tests.dll" adapterTypeName="executor://nunit3testexecutor/" className="TestProjects.Spector.Tests.Http._Type.Property.Optionality.OptionalityTests" name="IntLiteralPutDefault" />
    </UnitTest>
    <UnitTest name="OperationsAndAsync" storage="/home/runner/work/typespec/typespec/packages/http-client-csharp/generator/artifacts/bin/testprojects.spector.tests/debug/net8.0/testprojects.spector.tests.dll" id="11e70d30-af9e-860e-3049-1c87be2a3094">
      <Execution id="e18c1445-dfda-4048-8f94-2afd2bb7cc7c" />
      <TestMethod codeBase="/home/runner/work/typespec/typespec/packages/http-client-csharp/generator/artifacts/bin/TestProjects.Spector.Tests/Debug/net8.0/TestProjects.Spector.Tests.dll" adapterTypeName="executor://nunit3testexecutor/" className="TestProjects.Spector.Tests.Http.SpecialWords.SpecialWordsTests" name="OperationsAndAsync" />
    </UnitTest>
    <UnitTest name="RequestHeaderResponseBodyConvenienceMethod" storage="/home/runner/work/typespec/typespec/packages/http-client-csharp/generator/artifacts/bin/testprojects.spector.tests/debug/net8.0/testprojects.spector.tests.dll" id="a8853fc9-e793-4121-23dd-2f33df2e662f">
      <Execution id="9415a057-80e5-40c0-995e-e5eeb3ec05a2" />
      <TestMethod codeBase="/home/runner/work/typespec/typespec/packages/http-client-csharp/generator/artifacts/bin/TestProjects.Spector.Tests/Debug/net8.0/TestProjects.Spector.Tests.dll" adapterTypeName="executor://nunit3testexecutor/" className="TestProjects.Spector.Tests.Http.Payload.Pageable.ContinuationTokenPaginationTests" name="RequestHeaderResponseBodyConvenienceMethod" />
    </UnitTest>
    <UnitTest name="WithoutApiVersion" storage="/home/runner/work/typespec/typespec/packages/http-client-csharp/generator/artifacts/bin/testprojects.spector.tests/debug/net8.0/testprojects.spector.tests.dll" id="5bacd78c-ca4c-fcf2-91b1-2fdd8c66bd49">
      <Execution id="bf62ca3c-63ff-4134-ac05-b71c74501d16" />
      <TestMethod codeBase="/home/runner/work/typespec/typespec/packages/http-client-csharp/generator/artifacts/bin/TestProjects.Spector.Tests/Debug/net8.0/TestProjects.Spector.Tests.dll" adapterTypeName="executor://nunit3testexecutor/" className="TestProjects.Spector.Tests.Http.Server.Versions.Versioned.VersionedTests" name="WithoutApiVersion" />
    </UnitTest>
    <UnitTest name="RenamedOne" storage="/home/runner/work/typespec/typespec/packages/http-client-csharp/generator/artifacts/bin/testprojects.spector.tests/debug/net8.0/testprojects.spector.tests.dll" id="846a1417-d332-5306-a5c5-00f1e90a0d34">
      <Execution id="eda60e25-23d5-4fda-94e7-7c3270e13860" />
      <TestMethod codeBase="/home/runner/work/typespec/typespec/packages/http-client-csharp/generator/artifacts/bin/TestProjects.Spector.Tests/Debug/net8.0/TestProjects.Spector.Tests.dll" adapterTypeName="executor://nunit3testexecutor/" className="TestProjects.Spector.Tests.Http.Client.Structure.MultiClient.MultiClientTests" name="RenamedOne" />
    </UnitTest>
    <UnitTest name="OperationsElifAsync" storage="/home/runner/work/typespec/typespec/packages/http-client-csharp/generator/artifacts/bin/testprojects.spector.tests/debug/net8.0/testprojects.spector.tests.dll" id="04b0b1d6-d777-be73-3a3c-1b4cc152f666">
      <Execution id="8756e229-2136-45a6-9d2c-c4c4bb38f93f" />
      <TestMethod codeBase="/home/runner/work/typespec/typespec/packages/http-client-csharp/generator/artifacts/bin/TestProjects.Spector.Tests/Debug/net8.0/TestProjects.Spector.Tests.dll" adapterTypeName="executor://nunit3testexecutor/" className="TestProjects.Spector.Tests.Http.SpecialWords.SpecialWordsTests" name="OperationsElifAsync" />
    </UnitTest>
    <UnitTest name="PutModel" storage="/home/runner/work/typespec/typespec/packages/http-client-csharp/generator/artifacts/bin/testprojects.spector.tests/debug/net8.0/testprojects.spector.tests.dll" id="55f954ec-9a08-4469-a240-ffdd3b2151d8">
      <Execution id="2b998cb0-8538-4344-bc55-cf9101a776c3" />
      <TestMethod codeBase="/home/runner/work/typespec/typespec/packages/http-client-csharp/generator/artifacts/bin/TestProjects.Spector.Tests/Debug/net8.0/TestProjects.Spector.Tests.dll" adapterTypeName="executor://nunit3testexecutor/" className="TestProjects.Spector.Tests.Http._Type.Model.Inheritance.SingleDiscriminator.SingleDiscriminatorTests" name="PutModel" />
    </UnitTest>
    <UnitTest name="Explicit" storage="/home/runner/work/typespec/typespec/packages/http-client-csharp/generator/artifacts/bin/testprojects.spector.tests/debug/net8.0/testprojects.spector.tests.dll" id="1dc01d01-dd20-5c43-85bc-8675e913563f">
      <Execution id="cb975d6f-eaa6-4790-8126-495547751b90" />
      <TestMethod codeBase="/home/runner/work/typespec/typespec/packages/http-client-csharp/generator/artifacts/bin/TestProjects.Spector.Tests/Debug/net8.0/TestProjects.Spector.Tests.dll" adapterTypeName="executor://nunit3testexecutor/" className="TestProjects.Spector.Tests.Http.Routes.PathParameterTests" name="Explicit" />
    </UnitTest>
    <UnitTest name="ModelsWithInAsync" storage="/home/runner/work/typespec/typespec/packages/http-client-csharp/generator/artifacts/bin/testprojects.spector.tests/debug/net8.0/testprojects.spector.tests.dll" id="8ee817e9-6dc8-4b74-f44c-425f5c447a77">
      <Execution id="38186962-a4ca-4391-a25d-f51864a8014d" />
      <TestMethod codeBase="/home/runner/work/typespec/typespec/packages/http-client-csharp/generator/artifacts/bin/TestProjects.Spector.Tests/Debug/net8.0/TestProjects.Spector.Tests.dll" adapterTypeName="executor://nunit3testexecutor/" className="TestProjects.Spector.Tests.Http.SpecialWords.SpecialWordsTests" name="ModelsWithInAsync" />
    </UnitTest>
    <UnitTest name="SendStringExtensibleOnly" storage="/home/runner/work/typespec/typespec/packages/http-client-csharp/generator/artifacts/bin/testprojects.spector.tests/debug/net8.0/testprojects.spector.tests.dll" id="d47d2f98-f284-5a29-1057-1513024baa77">
      <Execution id="93d792f0-5434-4344-b03d-32118dfd9b18" />
      <TestMethod codeBase="/home/runner/work/typespec/typespec/packages/http-client-csharp/generator/artifacts/bin/TestProjects.Spector.Tests/Debug/net8.0/TestProjects.Spector.Tests.dll" adapterTypeName="executor://nunit3testexecutor/" className="TestProjects.Spector.Tests.Http._Type.Union.UnionTests" name="SendStringExtensibleOnly" />
    </UnitTest>
    <UnitTest name="UnionEnumValueGet" storage="/home/runner/work/typespec/typespec/packages/http-client-csharp/generator/artifacts/bin/testprojects.spector.tests/debug/net8.0/testprojects.spector.tests.dll" id="46f5296c-2415-1c44-d018-296c540f5d6c">
      <Execution id="cdbf5944-bd63-43b0-9c3d-6d4ec1ad4a54" />
      <TestMethod codeBase="/home/runner/work/typespec/typespec/packages/http-client-csharp/generator/artifacts/bin/TestProjects.Spector.Tests/Debug/net8.0/TestProjects.Spector.Tests.dll" adapterTypeName="executor://nunit3testexecutor/" className="TestProjects.Spector.Tests.Http._Type.Property.ValueTypes.ValueTypesTests" name="UnionEnumValueGet" />
    </UnitTest>
    <UnitTest name="Parameters_BodyOptionality_requiredImplicit" storage="/home/runner/work/typespec/typespec/packages/http-client-csharp/generator/artifacts/bin/testprojects.spector.tests/debug/net8.0/testprojects.spector.tests.dll" id="20d975b2-08de-5282-7899-4fbed86d8bdd">
      <Execution id="5b20c677-c2df-429e-8bd5-1ba36caa06bb" />
      <TestMethod codeBase="/home/runner/work/typespec/typespec/packages/http-client-csharp/generator/artifacts/bin/TestProjects.Spector.Tests/Debug/net8.0/TestProjects.Spector.Tests.dll" adapterTypeName="executor://nunit3testexecutor/" className="TestProjects.Spector.Tests.Http.Parameters.BodyOptionality.BodyOptionalityTests" name="Parameters_BodyOptionality_requiredImplicit" />
    </UnitTest>
    <UnitTest name="AddOptionalParamFromNone_WithApiVersionV1" storage="/home/runner/work/typespec/typespec/packages/http-client-csharp/generator/artifacts/bin/testprojects.spector.tests/debug/net8.0/testprojects.spector.tests.dll" id="f59a40e3-3fcf-65a7-f6cd-1022790d9380">
      <Execution id="dcd76e11-0904-4827-95a3-891fde81e175" />
      <TestMethod codeBase="/home/runner/work/typespec/typespec/packages/http-client-csharp/generator/artifacts/bin/TestProjects.Spector.Tests/Debug/net8.0/TestProjects.Spector.Tests.dll" adapterTypeName="executor://nunit3testexecutor/" className="TestProjects.Spector.Tests.Http.Resiliency.SrvDriven.V2.SrvDrivenV2Tests" name="AddOptionalParamFromNone_WithApiVersionV1" />
    </UnitTest>
    <UnitTest name="QuerySsv" storage="/home/runner/work/typespec/typespec/packages/http-client-csharp/generator/artifacts/bin/testprojects.spector.tests/debug/net8.0/testprojects.spector.tests.dll" id="b2e75b58-7f3d-8fcc-bf76-7626f64109ac">
      <Execution id="8ab6f916-1a59-4c05-b591-97f4a33e57fc" />
      <TestMethod codeBase="/home/runner/work/typespec/typespec/packages/http-client-csharp/generator/artifacts/bin/TestProjects.Spector.Tests/Debug/net8.0/TestProjects.Spector.Tests.dll" adapterTypeName="executor://nunit3testexecutor/" className="TestProjects.Spector.Tests.Http.Parameters.CollectionFormat.CollectionFormatParametersTests" name="QuerySsv" />
    </UnitTest>
    <UnitTest name="IntGet" storage="/home/runner/work/typespec/typespec/packages/http-client-csharp/generator/artifacts/bin/testprojects.spector.tests/debug/net8.0/testprojects.spector.tests.dll" id="ba754c6a-e316-1d94-432c-ee528b6bd9e3">
      <Execution id="0eca4714-96c5-4fbb-91b1-5cdce1899624" />
      <TestMethod codeBase="/home/runner/work/typespec/typespec/packages/http-client-csharp/generator/artifacts/bin/TestProjects.Spector.Tests/Debug/net8.0/TestProjects.Spector.Tests.dll" adapterTypeName="executor://nunit3testexecutor/" className="TestProjects.Spector.Tests.Http._Type.Property.ValueTypes.ValueTypesTests" name="IntGet" />
    </UnitTest>
    <UnitTest name="StringPutDefault" storage="/home/runner/work/typespec/typespec/packages/http-client-csharp/generator/artifacts/bin/testprojects.spector.tests/debug/net8.0/testprojects.spector.tests.dll" id="bcf69323-457d-e740-48b7-4f2f1e16badf">
      <Execution id="4b1c872c-aae1-4359-b4fa-f5ccbc588bcd" />
      <TestMethod codeBase="/home/runner/work/typespec/typespec/packages/http-client-csharp/generator/artifacts/bin/TestProjects.Spector.Tests/Debug/net8.0/TestProjects.Spector.Tests.dll" adapterTypeName="executor://nunit3testexecutor/" className="TestProjects.Spector.Tests.Http._Type.Property.Optionality.OptionalityTests" name="StringPutDefault" />
    </UnitTest>
    <UnitTest name="RepeatabilityHeadersNotInMethodSignature" storage="/home/runner/work/typespec/typespec/packages/http-client-csharp/generator/artifacts/bin/testprojects.spector.tests/debug/net8.0/testprojects.spector.tests.dll" id="bc8e6339-0196-c7e2-a466-fd90f4b1db4b">
      <Execution id="6a2ec79e-8ee7-4c2d-a160-60f6fb5b6d5e" />
      <TestMethod codeBase="/home/runner/work/typespec/typespec/packages/http-client-csharp/generator/artifacts/bin/TestProjects.Spector.Tests/Debug/net8.0/TestProjects.Spector.Tests.dll" adapterTypeName="executor://nunit3testexecutor/" className="TestProjects.Spector.Tests.Http.SpecialHeaders.Repeatability.RepeatabilityTests" name="RepeatabilityHeadersNotInMethodSignature" />
    </UnitTest>
    <UnitTest name="DatetimeGet" storage="/home/runner/work/typespec/typespec/packages/http-client-csharp/generator/artifacts/bin/testprojects.spector.tests/debug/net8.0/testprojects.spector.tests.dll" id="2a92bd88-1fbe-5d77-bf05-3b21a27c97c4">
      <Execution id="cedd6cbc-6d38-40dd-a50e-4176fce860b3" />
      <TestMethod codeBase="/home/runner/work/typespec/typespec/packages/http-client-csharp/generator/artifacts/bin/TestProjects.Spector.Tests/Debug/net8.0/TestProjects.Spector.Tests.dll" adapterTypeName="executor://nunit3testexecutor/" className="TestProjects.Spector.Tests.Http._Type.Property.ValueTypes.ValueTypesTests" name="DatetimeGet" />
    </UnitTest>
    <UnitTest name="ThrowsIfWireIsNotJson" storage="/home/runner/work/typespec/typespec/packages/http-client-csharp/generator/artifacts/bin/testprojects.spector.tests/debug/net8.0/testprojects.spector.tests.dll" id="1bcc343b-d2d1-90cb-be67-fd2d7f22d67c">
      <Execution id="af893a9b-789f-4b99-9e5b-03dfc9eac8db" />
      <TestMethod codeBase="/home/runner/work/typespec/typespec/packages/http-client-csharp/generator/artifacts/bin/TestProjects.Spector.Tests/Debug/net8.0/TestProjects.Spector.Tests.dll" adapterTypeName="executor://nunit3testexecutor/" className="TestProjects.Spector.Tests.Http._Type.Model.Inheritance.SingleDiscriminator.EagleTests" name="ThrowsIfWireIsNotJson" />
    </UnitTest>
    <UnitTest name="UnionIntLiteralPut" storage="/home/runner/work/typespec/typespec/packages/http-client-csharp/generator/artifacts/bin/testprojects.spector.tests/debug/net8.0/testprojects.spector.tests.dll" id="d9d780a4-c708-af1f-5845-0b2e2fe51a5e">
      <Execution id="10dbb794-beb7-43e0-b661-6d9b6e2592f9" />
      <TestMethod codeBase="/home/runner/work/typespec/typespec/packages/http-client-csharp/generator/artifacts/bin/TestProjects.Spector.Tests/Debug/net8.0/TestProjects.Spector.Tests.dll" adapterTypeName="executor://nunit3testexecutor/" className="TestProjects.Spector.Tests.Http._Type.Property.ValueTypes.ValueTypesTests" name="UnionIntLiteralPut" />
    </UnitTest>
    <UnitTest name="CollectionsStringGetNonNull" storage="/home/runner/work/typespec/typespec/packages/http-client-csharp/generator/artifacts/bin/testprojects.spector.tests/debug/net8.0/testprojects.spector.tests.dll" id="6bcf193e-96dd-11f5-82e5-cc5e7e1bea39">
      <Execution id="b3e97e7d-b723-447a-be6c-50b9af4f796b" />
      <TestMethod codeBase="/home/runner/work/typespec/typespec/packages/http-client-csharp/generator/artifacts/bin/TestProjects.Spector.Tests/Debug/net8.0/TestProjects.Spector.Tests.dll" adapterTypeName="executor://nunit3testexecutor/" className="TestProjects.Spector.Tests.Http._Type.Property.Nullable.NullableTests" name="CollectionsStringGetNonNull" />
    </UnitTest>
    <UnitTest name="PutRecursiveModel" storage="/home/runner/work/typespec/typespec/packages/http-client-csharp/generator/artifacts/bin/testprojects.spector.tests/debug/net8.0/testprojects.spector.tests.dll" id="3d457de1-d803-6991-0ada-d2b2a04cf4cf">
      <Execution id="2aae15a0-d1a9-4db9-b929-0fe7cf9f439e" />
      <TestMethod codeBase="/home/runner/work/typespec/typespec/packages/http-client-csharp/generator/artifacts/bin/TestProjects.Spector.Tests/Debug/net8.0/TestProjects.Spector.Tests.dll" adapterTypeName="executor://nunit3testexecutor/" className="TestProjects.Spector.Tests.Http._Type.Model.Inheritance.SingleDiscriminator.SingleDiscriminatorTests" name="PutRecursiveModel" />
    </UnitTest>
    <UnitTest name="GetFixedEnum" storage="/home/runner/work/typespec/typespec/packages/http-client-csharp/generator/artifacts/bin/testprojects.spector.tests/debug/net8.0/testprojects.spector.tests.dll" id="76a1cbbb-7b96-c57b-5f6f-d0ecbfc78e28">
      <Execution id="7e788456-0f37-4f9a-a9a4-5bad72551288" />
      <TestMethod codeBase="/home/runner/work/typespec/typespec/packages/http-client-csharp/generator/artifacts/bin/TestProjects.Spector.Tests/Debug/net8.0/TestProjects.Spector.Tests.dll" adapterTypeName="executor://nunit3testexecutor/" className="TestProjects.Spector.Tests.Http._Type.Model.Inheritance.EnumDiscriminator.EnumDiscriminatorTests" name="GetFixedEnum" />
    </UnitTest>
    <UnitTest name="ResponseHeaderUnixTimestamp" storage="/home/runner/work/typespec/typespec/packages/http-client-csharp/generator/artifacts/bin/testprojects.spector.tests/debug/net8.0/testprojects.spector.tests.dll" id="9a16cf19-d078-71cd-fa4c-7764429f122c">
      <Execution id="2753b7ab-1bad-45af-b067-bc4d807a0772" />
      <TestMethod codeBase="/home/runner/work/typespec/typespec/packages/http-client-csharp/generator/artifacts/bin/TestProjects.Spector.Tests/Debug/net8.0/TestProjects.Spector.Tests.dll" adapterTypeName="executor://nunit3testexecutor/" className="TestProjects.Spector.Tests.Http.Encode.Datetime.DateTimeTests" name="ResponseHeaderUnixTimestamp" />
    </UnitTest>
    <UnitTest name="SpreadModelArrayPut" storage="/home/runner/work/typespec/typespec/packages/http-client-csharp/generator/artifacts/bin/testprojects.spector.tests/debug/net8.0/testprojects.spector.tests.dll" id="921180dd-7fea-2259-a316-baef64f8d32e">
      <Execution id="7f4ea775-238d-45c2-9149-04483870e772" />
      <TestMethod codeBase="/home/runner/work/typespec/typespec/packages/http-client-csharp/generator/artifacts/bin/TestProjects.Spector.Tests/Debug/net8.0/TestProjects.Spector.Tests.dll" adapterTypeName="executor://nunit3testexecutor/" className="TestProjects.Spector.Tests.Http._Type.Property.AdditionalProperties.AdditionalPropertiesTests" name="SpreadModelArrayPut" />
    </UnitTest>
    <UnitTest name="DecimalVerifyPrepareVerify" storage="/home/runner/work/typespec/typespec/packages/http-client-csharp/generator/artifacts/bin/testprojects.spector.tests/debug/net8.0/testprojects.spector.tests.dll" id="b9b11b97-e435-d856-9019-47a328f3a951">
      <Execution id="97409bbd-7f8b-47f9-a1e3-925014ec0c82" />
      <TestMethod codeBase="/home/runner/work/typespec/typespec/packages/http-client-csharp/generator/artifacts/bin/TestProjects.Spector.Tests/Debug/net8.0/TestProjects.Spector.Tests.dll" adapterTypeName="executor://nunit3testexecutor/" className="TestProjects.Spector.Tests.Http._Type.Scalar.ScalarTests" name="DecimalVerifyPrepareVerify" />
    </UnitTest>
    <UnitTest name="Fixed" storage="/home/runner/work/typespec/typespec/packages/http-client-csharp/generator/artifacts/bin/testprojects.spector.tests/debug/net8.0/testprojects.spector.tests.dll" id="bdeeb7fc-cad2-08e6-1a45-a3e88cad7183">
      <Execution id="0008a7a8-eb4e-43b1-b94f-b940f4044ea6" />
      <TestMethod codeBase="/home/runner/work/typespec/typespec/packages/http-client-csharp/generator/artifacts/bin/TestProjects.Spector.Tests/Debug/net8.0/TestProjects.Spector.Tests.dll" adapterTypeName="executor://nunit3testexecutor/" className="TestProjects.Spector.Tests.Http.Routes.PathParameterTests" name="Fixed" />
    </UnitTest>
    <UnitTest name="ModelsWithElseAsync" storage="/home/runner/work/typespec/typespec/packages/http-client-csharp/generator/artifacts/bin/testprojects.spector.tests/debug/net8.0/testprojects.spector.tests.dll" id="19437128-c3d8-4adc-5252-c2ac12486858">
      <Execution id="d332139c-10e6-4fc3-a6d5-13a6bce5dbe5" />
      <TestMethod codeBase="/home/runner/work/typespec/typespec/packages/http-client-csharp/generator/artifacts/bin/TestProjects.Spector.Tests/Debug/net8.0/TestProjects.Spector.Tests.dll" adapterTypeName="executor://nunit3testexecutor/" className="TestProjects.Spector.Tests.Http.SpecialWords.SpecialWordsTests" name="ModelsWithElseAsync" />
    </UnitTest>
    <UnitTest name="BytesGetAll" storage="/home/runner/work/typespec/typespec/packages/http-client-csharp/generator/artifacts/bin/testprojects.spector.tests/debug/net8.0/testprojects.spector.tests.dll" id="2a102ffb-2b48-19e1-5362-d97b8f5130ce">
      <Execution id="bb410e5a-e980-4f69-80bd-085a5d9b541d" />
      <TestMethod codeBase="/home/runner/work/typespec/typespec/packages/http-client-csharp/generator/artifacts/bin/TestProjects.Spector.Tests/Debug/net8.0/TestProjects.Spector.Tests.dll" adapterTypeName="executor://nunit3testexecutor/" className="TestProjects.Spector.Tests.Http._Type.Property.Optionality.OptionalityTests" name="BytesGetAll" />
    </UnitTest>
    <UnitTest name="BytesGetNull" storage="/home/runner/work/typespec/typespec/packages/http-client-csharp/generator/artifacts/bin/testprojects.spector.tests/debug/net8.0/testprojects.spector.tests.dll" id="1d5aa4f0-2bcf-8c6f-b28e-be1b4281be2f">
      <Execution id="59794e97-700b-4a93-a4dd-6a63ee515ec1" />
      <TestMethod codeBase="/home/runner/work/typespec/typespec/packages/http-client-csharp/generator/artifacts/bin/TestProjects.Spector.Tests/Debug/net8.0/TestProjects.Spector.Tests.dll" adapterTypeName="executor://nunit3testexecutor/" className="TestProjects.Spector.Tests.Http._Type.Property.Nullable.NullableTests" name="BytesGetNull" />
    </UnitTest>
    <UnitTest name="ProtocolMethod" storage="/home/runner/work/typespec/typespec/packages/http-client-csharp/generator/artifacts/bin/testprojects.spector.tests/debug/net8.0/testprojects.spector.tests.dll" id="0de1ac9d-b97d-d753-8d62-08ad8331541d">
      <Execution id="27d249e6-c738-4da5-be05-a7264610090e" />
      <TestMethod codeBase="/home/runner/work/typespec/typespec/packages/http-client-csharp/generator/artifacts/bin/TestProjects.Spector.Tests/Debug/net8.0/TestProjects.Spector.Tests.dll" adapterTypeName="executor://nunit3testexecutor/" className="TestProjects.Spector.Tests.Http.Payload.Pageable.NextLinkPaginationTests" name="ProtocolMethod" />
    </UnitTest>
    <UnitTest name="RequestQueryResponseHeaderProtocolMethod" storage="/home/runner/work/typespec/typespec/packages/http-client-csharp/generator/artifacts/bin/testprojects.spector.tests/debug/net8.0/testprojects.spector.tests.dll" id="71052d0a-5d24-ff99-814f-9cdd12efd6d7">
      <Execution id="9861c36b-23bc-4943-9f67-2ba2fb423727" />
      <TestMethod codeBase="/home/runner/work/typespec/typespec/packages/http-client-csharp/generator/artifacts/bin/TestProjects.Spector.Tests/Debug/net8.0/TestProjects.Spector.Tests.dll" adapterTypeName="executor://nunit3testexecutor/" className="TestProjects.Spector.Tests.Http.Payload.Pageable.ContinuationTokenPaginationTests" name="RequestQueryResponseHeaderProtocolMethod" />
    </UnitTest>
    <UnitTest name="SameBody" storage="/home/runner/work/typespec/typespec/packages/http-client-csharp/generator/artifacts/bin/testprojects.spector.tests/debug/net8.0/testprojects.spector.tests.dll" id="7958d8c0-1fe6-21d6-f926-07812748bff9">
      <Execution id="e47e0102-fd89-47b5-b407-e3eb41c9a11b" />
      <TestMethod codeBase="/home/runner/work/typespec/typespec/packages/http-client-csharp/generator/artifacts/bin/TestProjects.Spector.Tests/Debug/net8.0/TestProjects.Spector.Tests.dll" adapterTypeName="executor://nunit3testexecutor/" className="TestProjects.Spector.Tests.Http.Payload.ContentNegotiation.ContentNegotiationTests" name="SameBody" />
    </UnitTest>
    <UnitTest name="AddOptionalParamFromNone_V1Client_V1Service_WithApiVersionV1" storage="/home/runner/work/typespec/typespec/packages/http-client-csharp/generator/artifacts/bin/testprojects.spector.tests/debug/net8.0/testprojects.spector.tests.dll" id="340c6c97-7e1a-5994-a92c-8a7e869b1a99">
      <Execution id="a331fef1-58ff-47c9-92ea-42287e775eaf" />
      <TestMethod codeBase="/home/runner/work/typespec/typespec/packages/http-client-csharp/generator/artifacts/bin/TestProjects.Spector.Tests/Debug/net8.0/TestProjects.Spector.Tests.dll" adapterTypeName="executor://nunit3testexecutor/" className="TestProjects.Spector.Tests.Http.Resiliency.SrvDriven.V1.SrvDrivenV1Tests" name="AddOptionalParamFromNone_V1Client_V1Service_WithApiVersionV1" />
    </UnitTest>
    <UnitTest name="ExtendsDifferentSpreadFloatGet" storage="/home/runner/work/typespec/typespec/packages/http-client-csharp/generator/artifacts/bin/testprojects.spector.tests/debug/net8.0/testprojects.spector.tests.dll" id="b2eda28b-c9e6-7735-0ab7-ea0808cdfdd1">
      <Execution id="be639b58-5568-4d14-8d78-692bd29df4b8" />
      <TestMethod codeBase="/home/runner/work/typespec/typespec/packages/http-client-csharp/generator/artifacts/bin/TestProjects.Spector.Tests/Debug/net8.0/TestProjects.Spector.Tests.dll" adapterTypeName="executor://nunit3testexecutor/" className="TestProjects.Spector.Tests.Http._Type.Property.AdditionalProperties.AdditionalPropertiesTests" name="ExtendsDifferentSpreadFloatGet" />
    </UnitTest>
    <UnitTest name="RequestBodyBase64url" storage="/home/runner/work/typespec/typespec/packages/http-client-csharp/generator/artifacts/bin/testprojects.spector.tests/debug/net8.0/testprojects.spector.tests.dll" id="c5a29c23-7ceb-db02-9659-631971b90b6a">
      <Execution id="e1882c42-f3c4-48df-a46a-012c7e3a2762" />
      <TestMethod codeBase="/home/runner/work/typespec/typespec/packages/http-client-csharp/generator/artifacts/bin/TestProjects.Spector.Tests/Debug/net8.0/TestProjects.Spector.Tests.dll" adapterTypeName="executor://nunit3testexecutor/" className="TestProjects.Spector.Tests.Http.Encode.Bytes.EncodeBytesTests" name="RequestBodyBase64url" />
    </UnitTest>
    <UnitTest name="RoundTripWithJsonInterfaceUtf8ReaderNonGenericWire" storage="/home/runner/work/typespec/typespec/packages/http-client-csharp/generator/artifacts/bin/testprojects.spector.tests/debug/net8.0/testprojects.spector.tests.dll" id="a87b378e-ae53-7d8d-1214-656f382446d1">
      <Execution id="f07b34d7-682b-403e-8afb-6f98eab79b8e" />
      <TestMethod codeBase="/home/runner/work/typespec/typespec/packages/http-client-csharp/generator/artifacts/bin/TestProjects.Spector.Tests/Debug/net8.0/TestProjects.Spector.Tests.dll" adapterTypeName="executor://nunit3testexecutor/" className="TestProjects.Spector.Tests.Http._Type.Property.AdditionalProperties.DifferentSpreadStringDerivedTests" name="RoundTripWithJsonInterfaceUtf8ReaderNonGenericWire" />
    </UnitTest>
    <UnitTest name="FloatPut" storage="/home/runner/work/typespec/typespec/packages/http-client-csharp/generator/artifacts/bin/testprojects.spector.tests/debug/net8.0/testprojects.spector.tests.dll" id="8f8b0be4-a173-b4de-674d-4096cd4d3b98">
      <Execution id="bc606a91-4251-40fd-88d8-e8aecdfc35eb" />
      <TestMethod codeBase="/home/runner/work/typespec/typespec/packages/http-client-csharp/generator/artifacts/bin/TestProjects.Spector.Tests/Debug/net8.0/TestProjects.Spector.Tests.dll" adapterTypeName="executor://nunit3testexecutor/" className="TestProjects.Spector.Tests.Http._Type.Property.ValueTypes.ValueTypesTests" name="FloatPut" />
    </UnitTest>
    <UnitTest name="StringGetAll" storage="/home/runner/work/typespec/typespec/packages/http-client-csharp/generator/artifacts/bin/testprojects.spector.tests/debug/net8.0/testprojects.spector.tests.dll" id="f45be44c-3cb5-137c-d584-e9e7bd473cb3">
      <Execution id="ee310398-06f7-4e8e-a163-ebe8a85f07c2" />
      <TestMethod codeBase="/home/runner/work/typespec/typespec/packages/http-client-csharp/generator/artifacts/bin/TestProjects.Spector.Tests/Debug/net8.0/TestProjects.Spector.Tests.dll" adapterTypeName="executor://nunit3testexecutor/" className="TestProjects.Spector.Tests.Http._Type.Property.Optionality.OptionalityTests" name="StringGetAll" />
    </UnitTest>
    <UnitTest name="BytesGetNonNull" storage="/home/runner/work/typespec/typespec/packages/http-client-csharp/generator/artifacts/bin/testprojects.spector.tests/debug/net8.0/testprojects.spector.tests.dll" id="709f4647-b846-d48a-81ce-777212ad3730">
      <Execution id="d099f451-3a50-4d0f-8df5-73b67442d309" />
      <TestMethod codeBase="/home/runner/work/typespec/typespec/packages/http-client-csharp/generator/artifacts/bin/TestProjects.Spector.Tests/Debug/net8.0/TestProjects.Spector.Tests.dll" adapterTypeName="executor://nunit3testexecutor/" className="TestProjects.Spector.Tests.Http._Type.Property.Nullable.NullableTests" name="BytesGetNonNull" />
    </UnitTest>
    <UnitTest name="IsStringGet" storage="/home/runner/work/typespec/typespec/packages/http-client-csharp/generator/artifacts/bin/testprojects.spector.tests/debug/net8.0/testprojects.spector.tests.dll" id="042bfee3-499b-2359-39a5-88cc62765608">
      <Execution id="59e3b19e-970f-42f5-ba8b-47dad2f7b77e" />
      <TestMethod codeBase="/home/runner/work/typespec/typespec/packages/http-client-csharp/generator/artifacts/bin/TestProjects.Spector.Tests/Debug/net8.0/TestProjects.Spector.Tests.dll" adapterTypeName="executor://nunit3testexecutor/" className="TestProjects.Spector.Tests.Http._Type.Property.AdditionalProperties.AdditionalPropertiesTests" name="IsStringGet" />
    </UnitTest>
    <UnitTest name="CheckMadeOptionalMembers" storage="/home/runner/work/typespec/typespec/packages/http-client-csharp/generator/artifacts/bin/testprojects.spector.tests/debug/net8.0/testprojects.spector.tests.dll" id="456990b0-916a-1b3b-9c18-d8b452e85e47">
      <Execution id="ecd3d8b5-b7a9-4010-bb69-e4627cda4abd" />
      <TestMethod codeBase="/home/runner/work/typespec/typespec/packages/http-client-csharp/generator/artifacts/bin/TestProjects.Spector.Tests/Debug/net8.0/TestProjects.Spector.Tests.dll" adapterTypeName="executor://nunit3testexecutor/" className="TestProjects.Spector.Tests.Http.Versioning.MadeOptional.V2.VersioningMadeOptionalV2Tests" name="CheckMadeOptionalMembers" />
    </UnitTest>
    <UnitTest name="BooleanValueGet" storage="/home/runner/work/typespec/typespec/packages/http-client-csharp/generator/artifacts/bin/testprojects.spector.tests/debug/net8.0/testprojects.spector.tests.dll" id="a80bfb36-976e-5178-a2fc-1dbefd3e60bc">
      <Execution id="2afcbd09-df8f-483e-b646-10798a870bce" />
      <TestMethod codeBase="/home/runner/work/typespec/typespec/packages/http-client-csharp/generator/artifacts/bin/TestProjects.Spector.Tests/Debug/net8.0/TestProjects.Spector.Tests.dll" adapterTypeName="executor://nunit3testexecutor/" className="TestProjects.Spector.Tests.Http._Type._Array.ArrayTests" name="BooleanValueGet" />
    </UnitTest>
    <UnitTest name="GetFloatsOnly" storage="/home/runner/work/typespec/typespec/packages/http-client-csharp/generator/artifacts/bin/testprojects.spector.tests/debug/net8.0/testprojects.spector.tests.dll" id="8293ff92-9cd7-a3fb-1b5a-06572890497c">
      <Execution id="e5d323f5-ca02-4b30-a8c4-2f5c51e0d00d" />
      <TestMethod codeBase="/home/runner/work/typespec/typespec/packages/http-client-csharp/generator/artifacts/bin/TestProjects.Spector.Tests/Debug/net8.0/TestProjects.Spector.Tests.dll" adapterTypeName="executor://nunit3testexecutor/" className="TestProjects.Spector.Tests.Http._Type.Union.UnionTests" name="GetFloatsOnly" />
    </UnitTest>
    <UnitTest name="GetKnownValue" storage="/home/runner/work/typespec/typespec/packages/http-client-csharp/generator/artifacts/bin/testprojects.spector.tests/debug/net8.0/testprojects.spector.tests.dll" id="e5f4abe5-0bea-7f59-36d4-d1a4437c6aa4">
      <Execution id="95c8d4b7-6131-4cb3-9085-289cbc0e45ee" />
      <TestMethod codeBase="/home/runner/work/typespec/typespec/packages/http-client-csharp/generator/artifacts/bin/TestProjects.Spector.Tests/Debug/net8.0/TestProjects.Spector.Tests.dll" adapterTypeName="executor://nunit3testexecutor/" className="TestProjects.Spector.Tests.Http._Type._Enum.Fixed.FixedTests" name="GetKnownValue" />
    </UnitTest>
    <UnitTest name="OperationsConstructorAsync" storage="/home/runner/work/typespec/typespec/packages/http-client-csharp/generator/artifacts/bin/testprojects.spector.tests/debug/net8.0/testprojects.spector.tests.dll" id="0eb74776-263f-0664-c061-68842bde7c12">
      <Execution id="994032d0-178e-494e-a060-a15cc2b0295a" />
      <TestMethod codeBase="/home/runner/work/typespec/typespec/packages/http-client-csharp/generator/artifacts/bin/TestProjects.Spector.Tests/Debug/net8.0/TestProjects.Spector.Tests.dll" adapterTypeName="executor://nunit3testexecutor/" className="TestProjects.Spector.Tests.Http.SpecialWords.SpecialWordsTests" name="OperationsConstructorAsync" />
    </UnitTest>
    <UnitTest name="SendAsText" storage="/home/runner/work/typespec/typespec/packages/http-client-csharp/generator/artifacts/bin/testprojects.spector.tests/debug/net8.0/testprojects.spector.tests.dll" id="0a6efd64-17bd-7fad-8755-fa839cacc4a8">
      <Execution id="85635a39-c366-48ff-add6-5979c8b02aa6" />
      <TestMethod codeBase="/home/runner/work/typespec/typespec/packages/http-client-csharp/generator/artifacts/bin/TestProjects.Spector.Tests/Debug/net8.0/TestProjects.Spector.Tests.dll" adapterTypeName="executor://nunit3testexecutor/" className="TestProjects.Spector.Tests.Http.Payload.MediaType.MediaTypeTests" name="SendAsText" />
    </UnitTest>
    <UnitTest name="OperationsClassAsync" storage="/home/runner/work/typespec/typespec/packages/http-client-csharp/generator/artifacts/bin/testprojects.spector.tests/debug/net8.0/testprojects.spector.tests.dll" id="9a251989-2418-e1f4-5998-2ea83a890ae9">
      <Execution id="efefd434-7999-4b9b-8532-eb8e66993b7b" />
      <TestMethod codeBase="/home/runner/work/typespec/typespec/packages/http-client-csharp/generator/artifacts/bin/TestProjects.Spector.Tests/Debug/net8.0/TestProjects.Spector.Tests.dll" adapterTypeName="executor://nunit3testexecutor/" className="TestProjects.Spector.Tests.Http.SpecialWords.SpecialWordsTests" name="OperationsClassAsync" />
    </UnitTest>
    <UnitTest name="QueryInt32Seconds" storage="/home/runner/work/typespec/typespec/packages/http-client-csharp/generator/artifacts/bin/testprojects.spector.tests/debug/net8.0/testprojects.spector.tests.dll" id="156498c2-d63b-9f08-7aaf-6c97614f6ed8">
      <Execution id="764ec20d-153c-4350-964f-6757e4870c74" />
      <TestMethod codeBase="/home/runner/work/typespec/typespec/packages/http-client-csharp/generator/artifacts/bin/TestProjects.Spector.Tests/Debug/net8.0/TestProjects.Spector.Tests.dll" adapterTypeName="executor://nunit3testexecutor/" className="TestProjects.Spector.Tests.Http.Encode.Duration.EncodeDurationTests" name="QueryInt32Seconds" />
    </UnitTest>
    <UnitTest name="VerifyMethods" storage="/home/runner/work/typespec/typespec/packages/http-client-csharp/generator/artifacts/bin/testprojects.spector.tests/debug/net8.0/testprojects.spector.tests.dll" id="ba6ab45b-2e58-4828-72b7-4a7dfbc617a4">
      <Execution id="e20dd1f2-f57f-440d-a6e3-8dc957f9d89e" />
      <TestMethod codeBase="/home/runner/work/typespec/typespec/packages/http-client-csharp/generator/artifacts/bin/TestProjects.Spector.Tests/Debug/net8.0/TestProjects.Spector.Tests.dll" adapterTypeName="executor://nunit3testexecutor/" className="TestProjects.Spector.Tests.Http.Client.Structure.MultiClient.MultiClientTests" name="VerifyMethods" />
    </UnitTest>
    <UnitTest name="TestAddedMembersV1Client" storage="/home/runner/work/typespec/typespec/packages/http-client-csharp/generator/artifacts/bin/testprojects.spector.tests/debug/net8.0/testprojects.spector.tests.dll" id="a8227ed7-50e4-572e-da9b-394f0a3dc6b1">
      <Execution id="dd0d2147-af3c-42ba-8570-882d5fa938c8" />
      <TestMethod codeBase="/home/runner/work/typespec/typespec/packages/http-client-csharp/generator/artifacts/bin/TestProjects.Spector.Tests/Debug/net8.0/TestProjects.Spector.Tests.dll" adapterTypeName="executor://nunit3testexecutor/" className="TestProjects.Spector.Tests.Http.Versioning.Added.V1.VersioningAddedV1Tests" name="TestAddedMembersV1Client" />
    </UnitTest>
    <UnitTest name="StringLiteralPutDefault" storage="/home/runner/work/typespec/typespec/packages/http-client-csharp/generator/artifacts/bin/testprojects.spector.tests/debug/net8.0/testprojects.spector.tests.dll" id="c41fe82b-f1d1-dc5d-49d1-c361c22c44b9">
      <Execution id="04d72029-390a-4902-ad81-ee73f41a2647" />
      <TestMethod codeBase="/home/runner/work/typespec/typespec/packages/http-client-csharp/generator/artifacts/bin/TestProjects.Spector.Tests/Debug/net8.0/TestProjects.Spector.Tests.dll" adapterTypeName="executor://nunit3testexecutor/" className="TestProjects.Spector.Tests.Http._Type.Property.Optionality.OptionalityTests" name="StringLiteralPutDefault" />
    </UnitTest>
    <UnitTest name="ReadOnlyPropertiesAreDeserialized" storage="/home/runner/work/typespec/typespec/packages/http-client-csharp/generator/artifacts/bin/testprojects.spector.tests/debug/net8.0/testprojects.spector.tests.dll" id="fbf8627f-8c3a-2318-5e58-a54407795f39">
      <Execution id="a56db2c1-832c-4dc5-8bb8-79f787b3ba4c" />
      <TestMethod codeBase="/home/runner/work/typespec/typespec/packages/http-client-csharp/generator/artifacts/bin/TestProjects.Spector.Tests/Debug/net8.0/TestProjects.Spector.Tests.dll" adapterTypeName="executor://nunit3testexecutor/" className="TestProjects.Spector.Tests.Http._Type.Model.Visibility.TypeModelVisibilityTests" name="ReadOnlyPropertiesAreDeserialized" />
    </UnitTest>
    <UnitTest name="RoundTripWithModelInterfaceNonGenericWire" storage="/home/runner/work/typespec/typespec/packages/http-client-csharp/generator/artifacts/bin/testprojects.spector.tests/debug/net8.0/testprojects.spector.tests.dll" id="9baa9896-e57c-9e55-93b3-a2304d982361">
      <Execution id="80c2431a-ccde-4c3d-bdcd-2db356cdf1d6" />
      <TestMethod codeBase="/home/runner/work/typespec/typespec/packages/http-client-csharp/generator/artifacts/bin/TestProjects.Spector.Tests/Debug/net8.0/TestProjects.Spector.Tests.dll" adapterTypeName="executor://nunit3testexecutor/" className="TestProjects.Spector.Tests.Http._Type.Property.AdditionalProperties.MultipleSpreadRecordTests" name="RoundTripWithModelInterfaceNonGenericWire" />
    </UnitTest>
    <UnitTest name="QueryDefault" storage="/home/runner/work/typespec/typespec/packages/http-client-csharp/generator/artifacts/bin/testprojects.spector.tests/debug/net8.0/testprojects.spector.tests.dll" id="7c552428-a9dd-f2dc-37ce-8e969f241e0d">
      <Execution id="1a1a082a-2aca-4cc5-8098-70688e544b8b" />
      <TestMethod codeBase="/home/runner/work/typespec/typespec/packages/http-client-csharp/generator/artifacts/bin/TestProjects.Spector.Tests/Debug/net8.0/TestProjects.Spector.Tests.dll" adapterTypeName="executor://nunit3testexecutor/" className="TestProjects.Spector.Tests.Http.Encode.Duration.EncodeDurationTests" name="QueryDefault" />
    </UnitTest>
    <UnitTest name="QueryBase64" storage="/home/runner/work/typespec/typespec/packages/http-client-csharp/generator/artifacts/bin/testprojects.spector.tests/debug/net8.0/testprojects.spector.tests.dll" id="a6f871f3-b38e-43ca-75ef-b3ddaf643061">
      <Execution id="16bb4a97-17d0-4b56-8f5d-01bcdd53c623" />
      <TestMethod codeBase="/home/runner/work/typespec/typespec/packages/http-client-csharp/generator/artifacts/bin/TestProjects.Spector.Tests/Debug/net8.0/TestProjects.Spector.Tests.dll" adapterTypeName="executor://nunit3testexecutor/" className="TestProjects.Spector.Tests.Http.Encode.Bytes.EncodeBytesTests" name="QueryBase64" />
    </UnitTest>
    <UnitTest name="BytesPut" storage="/home/runner/work/typespec/typespec/packages/http-client-csharp/generator/artifacts/bin/testprojects.spector.tests/debug/net8.0/testprojects.spector.tests.dll" id="39a7bbdf-0b63-a228-da84-280cdcb8027b">
      <Execution id="464007df-5b08-4346-b202-c7eb3c90e1e1" />
      <TestMethod codeBase="/home/runner/work/typespec/typespec/packages/http-client-csharp/generator/artifacts/bin/TestProjects.Spector.Tests/Debug/net8.0/TestProjects.Spector.Tests.dll" adapterTypeName="executor://nunit3testexecutor/" className="TestProjects.Spector.Tests.Http._Type.Property.ValueTypes.ValueTypesTests" name="BytesPut" />
    </UnitTest>
    <UnitTest name="StringValuePut" storage="/home/runner/work/typespec/typespec/packages/http-client-csharp/generator/artifacts/bin/testprojects.spector.tests/debug/net8.0/testprojects.spector.tests.dll" id="559dab16-1840-4d7e-b7fc-8708b2bd6eb6">
      <Execution id="7afdc53a-a3a9-4dd4-979d-dfd5945f970b" />
      <TestMethod codeBase="/home/runner/work/typespec/typespec/packages/http-client-csharp/generator/artifacts/bin/TestProjects.Spector.Tests/Debug/net8.0/TestProjects.Spector.Tests.dll" adapterTypeName="executor://nunit3testexecutor/" className="TestProjects.Spector.Tests.Http._Type._Array.ArrayTests" name="StringValuePut" />
    </UnitTest>
    <UnitTest name="RoundTripWithModelReaderWriterWire" storage="/home/runner/work/typespec/typespec/packages/http-client-csharp/generator/artifacts/bin/testprojects.spector.tests/debug/net8.0/testprojects.spector.tests.dll" id="c8b1b74f-ee76-f9f3-68c8-aed20d162fee">
      <Execution id="a46d0c6e-186c-4f28-b903-9727daf98bce" />
      <TestMethod codeBase="/home/runner/work/typespec/typespec/packages/http-client-csharp/generator/artifacts/bin/TestProjects.Spector.Tests/Debug/net8.0/TestProjects.Spector.Tests.dll" adapterTypeName="executor://nunit3testexecutor/" className="TestProjects.Spector.Tests.Http._Type.Model.Inheritance.SingleDiscriminator.EagleTests" name="RoundTripWithModelReaderWriterWire" />
    </UnitTest>
    <UnitTest name="UnionFloatLiteralPutAll" storage="/home/runner/work/typespec/typespec/packages/http-client-csharp/generator/artifacts/bin/testprojects.spector.tests/debug/net8.0/testprojects.spector.tests.dll" id="0631c2c8-a454-06fd-7c37-2185f9a99e6b">
      <Execution id="0a905ac4-7c61-46a3-8821-453986f15ca7" />
      <TestMethod codeBase="/home/runner/work/typespec/typespec/packages/http-client-csharp/generator/artifacts/bin/TestProjects.Spector.Tests/Debug/net8.0/TestProjects.Spector.Tests.dll" adapterTypeName="executor://nunit3testexecutor/" className="TestProjects.Spector.Tests.Http._Type.Property.Optionality.OptionalityTests" name="UnionFloatLiteralPutAll" />
    </UnitTest>
    <UnitTest name="GetMixedTypes" storage="/home/runner/work/typespec/typespec/packages/http-client-csharp/generator/artifacts/bin/testprojects.spector.tests/debug/net8.0/testprojects.spector.tests.dll" id="a40940ee-1e0c-4497-9389-0dd20eb26504">
      <Execution id="fa07c968-90a9-4870-bb66-f798d9f0ac7e" />
      <TestMethod codeBase="/home/runner/work/typespec/typespec/packages/http-client-csharp/generator/artifacts/bin/TestProjects.Spector.Tests/Debug/net8.0/TestProjects.Spector.Tests.dll" adapterTypeName="executor://nunit3testexecutor/" className="TestProjects.Spector.Tests.Http._Type.Union.UnionTests" name="GetMixedTypes" />
    </UnitTest>
    <UnitTest name="RoundTripWithModelInterfaceNonGenericWire" storage="/home/runner/work/typespec/typespec/packages/http-client-csharp/generator/artifacts/bin/testprojects.spector.tests/debug/net8.0/testprojects.spector.tests.dll" id="63507661-7c2f-36c2-7c52-efea806d83e5">
      <Execution id="16b71b93-5eac-47eb-9486-ee5410d15686" />
      <TestMethod codeBase="/home/runner/work/typespec/typespec/packages/http-client-csharp/generator/artifacts/bin/TestProjects.Spector.Tests/Debug/net8.0/TestProjects.Spector.Tests.dll" adapterTypeName="executor://nunit3testexecutor/" className="TestProjects.Spector.Tests.Http._Type.Property.AdditionalProperties.DifferentSpreadStringDerivedTests" name="RoundTripWithModelInterfaceNonGenericWire" />
    </UnitTest>
    <UnitTest name="UnknownGet" storage="/home/runner/work/typespec/typespec/packages/http-client-csharp/generator/artifacts/bin/testprojects.spector.tests/debug/net8.0/testprojects.spector.tests.dll" id="9be91aed-9e84-1d24-bd96-d45341d4b71f">
      <Execution id="1c918504-e2b7-4256-bfa2-2160f76da0c1" />
      <TestMethod codeBase="/home/runner/work/typespec/typespec/packages/http-client-csharp/generator/artifacts/bin/TestProjects.Spector.Tests/Debug/net8.0/TestProjects.Spector.Tests.dll" adapterTypeName="executor://nunit3testexecutor/" className="TestProjects.Spector.Tests.Http._Type.Scalar.ScalarTests" name="UnknownGet" />
    </UnitTest>
    <UnitTest name="RoundTripWithJsonInterfaceUtf8ReaderNonGenericJson" storage="/home/runner/work/typespec/typespec/packages/http-client-csharp/generator/artifacts/bin/testprojects.spector.tests/debug/net8.0/testprojects.spector.tests.dll" id="a901ce01-321e-bd93-eb37-592bdf3a675f">
      <Execution id="04852d06-8386-4d29-b24c-f60a1ed69832" />
      <TestMethod codeBase="/home/runner/work/typespec/typespec/packages/http-client-csharp/generator/artifacts/bin/TestProjects.Spector.Tests/Debug/net8.0/TestProjects.Spector.Tests.dll" adapterTypeName="executor://nunit3testexecutor/" className="TestProjects.Spector.Tests.Http._Type.Property.AdditionalProperties.MultipleSpreadRecordTests" name="RoundTripWithJsonInterfaceUtf8ReaderNonGenericJson" />
    </UnitTest>
    <UnitTest name="DatetimeGetDefault" storage="/home/runner/work/typespec/typespec/packages/http-client-csharp/generator/artifacts/bin/testprojects.spector.tests/debug/net8.0/testprojects.spector.tests.dll" id="fdf95327-9ef9-e32c-b227-ade43afd1fb9">
      <Execution id="9e943c6a-97ec-4eeb-a8a1-d63d1f0ec5e7" />
      <TestMethod codeBase="/home/runner/work/typespec/typespec/packages/http-client-csharp/generator/artifacts/bin/TestProjects.Spector.Tests/Debug/net8.0/TestProjects.Spector.Tests.dll" adapterTypeName="executor://nunit3testexecutor/" className="TestProjects.Spector.Tests.Http._Type.Property.Optionality.OptionalityTests" name="DatetimeGetDefault" />
    </UnitTest>
    <UnitTest name="NullableIntValuePut" storage="/home/runner/work/typespec/typespec/packages/http-client-csharp/generator/artifacts/bin/testprojects.spector.tests/debug/net8.0/testprojects.spector.tests.dll" id="2edd1132-7596-8819-f11c-2c357c9d36c2">
      <Execution id="7c8cb3fa-c8d6-41c6-b028-f74a5bcb49d8" />
      <TestMethod codeBase="/home/runner/work/typespec/typespec/packages/http-client-csharp/generator/artifacts/bin/TestProjects.Spector.Tests/Debug/net8.0/TestProjects.Spector.Tests.dll" adapterTypeName="executor://nunit3testexecutor/" className="TestProjects.Spector.Tests.Http._Type._Array.ArrayTests" name="NullableIntValuePut" />
    </UnitTest>
    <UnitTest name="PlaintimePutDefault" storage="/home/runner/work/typespec/typespec/packages/http-client-csharp/generator/artifacts/bin/testprojects.spector.tests/debug/net8.0/testprojects.spector.tests.dll" id="2d0d79b5-3e12-a71f-8dfc-bca388428903">
      <Execution id="991dc5de-1ea4-4e41-a430-2ee5d22234d3" />
      <TestMethod codeBase="/home/runner/work/typespec/typespec/packages/http-client-csharp/generator/artifacts/bin/TestProjects.Spector.Tests/Debug/net8.0/TestProjects.Spector.Tests.dll" adapterTypeName="executor://nunit3testexecutor/" className="TestProjects.Spector.Tests.Http._Type.Property.Optionality.OptionalityTests" name="PlaintimePutDefault" />
    </UnitTest>
    <UnitTest name="ModelsWithAssertAsync" storage="/home/runner/work/typespec/typespec/packages/http-client-csharp/generator/artifacts/bin/testprojects.spector.tests/debug/net8.0/testprojects.spector.tests.dll" id="2bb9f67e-c73d-f96d-877b-17c8fb312d2f">
      <Execution id="743b8f9d-e2c4-44d6-ac3e-a1768fdabad5" />
      <TestMethod codeBase="/home/runner/work/typespec/typespec/packages/http-client-csharp/generator/artifacts/bin/TestProjects.Spector.Tests/Debug/net8.0/TestProjects.Spector.Tests.dll" adapterTypeName="executor://nunit3testexecutor/" className="TestProjects.Spector.Tests.Http.SpecialWords.SpecialWordsTests" name="ModelsWithAssertAsync" />
    </UnitTest>
    <UnitTest name="Two" storage="/home/runner/work/typespec/typespec/packages/http-client-csharp/generator/artifacts/bin/testprojects.spector.tests/debug/net8.0/testprojects.spector.tests.dll" id="d7cd0540-6703-b71f-2d28-b521912dd279">
      <Execution id="5f626ccd-450d-47c4-9ff4-e637942a8e4b" />
      <TestMethod codeBase="/home/runner/work/typespec/typespec/packages/http-client-csharp/generator/artifacts/bin/TestProjects.Spector.Tests/Debug/net8.0/TestProjects.Spector.Tests.dll" adapterTypeName="executor://nunit3testexecutor/" className="TestProjects.Spector.Tests.Http.Client.Structure.TwoOperationGroup.TwoOperationGroupTests" name="Two" />
    </UnitTest>
    <UnitTest name="PropertyFloat64SecondsConvenience" storage="/home/runner/work/typespec/typespec/packages/http-client-csharp/generator/artifacts/bin/testprojects.spector.tests/debug/net8.0/testprojects.spector.tests.dll" id="cc9d5bd6-ad40-6150-c908-5ed446cbdbb4">
      <Execution id="46f68fca-5624-4165-b48c-b700611367ba" />
      <TestMethod codeBase="/home/runner/work/typespec/typespec/packages/http-client-csharp/generator/artifacts/bin/TestProjects.Spector.Tests/Debug/net8.0/TestProjects.Spector.Tests.dll" adapterTypeName="executor://nunit3testexecutor/" className="TestProjects.Spector.Tests.Http.Encode.Duration.EncodeDurationTests" name="PropertyFloat64SecondsConvenience" />
    </UnitTest>
    <UnitTest name="PropertyUnixTimestamp" storage="/home/runner/work/typespec/typespec/packages/http-client-csharp/generator/artifacts/bin/testprojects.spector.tests/debug/net8.0/testprojects.spector.tests.dll" id="ebee9ea3-9663-804a-18c0-77562627001c">
      <Execution id="7907c2cd-09ea-41d4-9fd0-bf9d672adc75" />
      <TestMethod codeBase="/home/runner/work/typespec/typespec/packages/http-client-csharp/generator/artifacts/bin/TestProjects.Spector.Tests/Debug/net8.0/TestProjects.Spector.Tests.dll" adapterTypeName="executor://nunit3testexecutor/" className="TestProjects.Spector.Tests.Http.Encode.Datetime.DateTimeTests" name="PropertyUnixTimestamp" />
    </UnitTest>
    <UnitTest name="RequiredListsAreNotSettable" storage="/home/runner/work/typespec/typespec/packages/http-client-csharp/generator/artifacts/bin/testprojects.spector.tests/debug/net8.0/testprojects.spector.tests.dll" id="4c9c1ba1-c53a-0897-0c82-ddfb89ab6693">
      <Execution id="8fd6c398-41ed-4ff5-8cbf-b24b8bf35447" />
      <TestMethod codeBase="/home/runner/work/typespec/typespec/packages/http-client-csharp/generator/artifacts/bin/TestProjects.Spector.Tests/Debug/net8.0/TestProjects.Spector.Tests.dll" adapterTypeName="executor://nunit3testexecutor/" className="TestProjects.Spector.Tests.Http._Type.Model.Visibility.TypeModelVisibilityTests" name="RequiredListsAreNotSettable" />
    </UnitTest>
    <UnitTest name="ModelsWithElifAsync" storage="/home/runner/work/typespec/typespec/packages/http-client-csharp/generator/artifacts/bin/testprojects.spector.tests/debug/net8.0/testprojects.spector.tests.dll" id="80bbb480-f987-81bc-2d62-c405bf3a4975">
      <Execution id="629d5d4a-077e-457c-ad8e-a0c41b8894cc" />
      <TestMethod codeBase="/home/runner/work/typespec/typespec/packages/http-client-csharp/generator/artifacts/bin/TestProjects.Spector.Tests/Debug/net8.0/TestProjects.Spector.Tests.dll" adapterTypeName="executor://nunit3testexecutor/" className="TestProjects.Spector.Tests.Http.SpecialWords.SpecialWordsTests" name="ModelsWithElifAsync" />
    </UnitTest>
    <UnitTest name="ParametersWithConstructorAsync" storage="/home/runner/work/typespec/typespec/packages/http-client-csharp/generator/artifacts/bin/testprojects.spector.tests/debug/net8.0/testprojects.spector.tests.dll" id="2ce728c9-6513-0474-466d-72b050cdb0ba">
      <Execution id="c0fa4004-c516-4cee-965b-a3e3ba53aadd" />
      <TestMethod codeBase="/home/runner/work/typespec/typespec/packages/http-client-csharp/generator/artifacts/bin/TestProjects.Spector.Tests/Debug/net8.0/TestProjects.Spector.Tests.dll" adapterTypeName="executor://nunit3testexecutor/" className="TestProjects.Spector.Tests.Http.SpecialWords.SpecialWordsTests" name="ParametersWithConstructorAsync" />
    </UnitTest>
    <UnitTest name="StatusCodeNotFound" storage="/home/runner/work/typespec/typespec/packages/http-client-csharp/generator/artifacts/bin/testprojects.spector.tests/debug/net8.0/testprojects.spector.tests.dll" id="243ea1eb-c348-0267-684c-044e251fb3a1">
      <Execution id="50b7419c-80b0-4415-be6a-fa76b033fef4" />
      <TestMethod codeBase="/home/runner/work/typespec/typespec/packages/http-client-csharp/generator/artifacts/bin/TestProjects.Spector.Tests/Debug/net8.0/TestProjects.Spector.Tests.dll" adapterTypeName="executor://nunit3testexecutor/" className="TestProjects.Spector.Tests.Http.Response.StatusCodeRange.StatusCodeRangeTests" name="StatusCodeNotFound" />
    </UnitTest>
    <UnitTest name="ConvenienceMethod" storage="/home/runner/work/typespec/typespec/packages/http-client-csharp/generator/artifacts/bin/testprojects.spector.tests/debug/net8.0/testprojects.spector.tests.dll" id="4722e420-79b0-fc15-72b5-3347e1a082a3">
      <Execution id="bcd28538-c35c-4d48-abc0-a3e636006538" />
      <TestMethod codeBase="/home/runner/work/typespec/typespec/packages/http-client-csharp/generator/artifacts/bin/TestProjects.Spector.Tests/Debug/net8.0/TestProjects.Spector.Tests.dll" adapterTypeName="executor://nunit3testexecutor/" className="TestProjects.Spector.Tests.Http.Payload.Pageable.NextLinkPaginationTests" name="ConvenienceMethod" />
    </UnitTest>
    <UnitTest name="OperationsImportAsync" storage="/home/runner/work/typespec/typespec/packages/http-client-csharp/generator/artifacts/bin/testprojects.spector.tests/debug/net8.0/testprojects.spector.tests.dll" id="1626822a-3fa9-5b5e-a7a8-499cbd1856f4">
      <Execution id="2543890e-c125-4ca5-a371-abe7c88f4bf1" />
      <TestMethod codeBase="/home/runner/work/typespec/typespec/packages/http-client-csharp/generator/artifacts/bin/TestProjects.Spector.Tests/Debug/net8.0/TestProjects.Spector.Tests.dll" adapterTypeName="executor://nunit3testexecutor/" className="TestProjects.Spector.Tests.Http.SpecialWords.SpecialWordsTests" name="OperationsImportAsync" />
    </UnitTest>
    <UnitTest name="TestAddedMembersV2Client" storage="/home/runner/work/typespec/typespec/packages/http-client-csharp/generator/artifacts/bin/testprojects.spector.tests/debug/net8.0/testprojects.spector.tests.dll" id="3813671f-7df7-d4f8-00e9-7373c421efaf">
      <Execution id="176657ea-d70b-4e06-9fdb-6534c71d5ce4" />
      <TestMethod codeBase="/home/runner/work/typespec/typespec/packages/http-client-csharp/generator/artifacts/bin/TestProjects.Spector.Tests/Debug/net8.0/TestProjects.Spector.Tests.dll" adapterTypeName="executor://nunit3testexecutor/" className="TestProjects.Spector.Tests.Http.Versioning.Added.V2.VersioningAddedV2Tests" name="TestAddedMembersV2Client" />
    </UnitTest>
    <UnitTest name="CollectionsStringGet" storage="/home/runner/work/typespec/typespec/packages/http-client-csharp/generator/artifacts/bin/testprojects.spector.tests/debug/net8.0/testprojects.spector.tests.dll" id="645b115d-5f56-6e64-e3f7-3430f2843efe">
      <Execution id="17089587-98cc-43f8-b410-4bcf6f9eb94d" />
      <TestMethod codeBase="/home/runner/work/typespec/typespec/packages/http-client-csharp/generator/artifacts/bin/TestProjects.Spector.Tests/Debug/net8.0/TestProjects.Spector.Tests.dll" adapterTypeName="executor://nunit3testexecutor/" className="TestProjects.Spector.Tests.Http._Type.Property.ValueTypes.ValueTypesTests" name="CollectionsStringGet" />
    </UnitTest>
    <UnitTest name="CollectionsModelGetAll" storage="/home/runner/work/typespec/typespec/packages/http-client-csharp/generator/artifacts/bin/testprojects.spector.tests/debug/net8.0/testprojects.spector.tests.dll" id="3b51fd06-b989-5910-7830-776b8cb7c56d">
      <Execution id="dcae29b9-b7d2-464a-90b9-7cff249cb551" />
      <TestMethod codeBase="/home/runner/work/typespec/typespec/packages/http-client-csharp/generator/artifacts/bin/TestProjects.Spector.Tests/Debug/net8.0/TestProjects.Spector.Tests.dll" adapterTypeName="executor://nunit3testexecutor/" className="TestProjects.Spector.Tests.Http._Type.Property.Optionality.OptionalityTests" name="CollectionsModelGetAll" />
    </UnitTest>
    <UnitTest name="CheckMadeOptionalMembers" storage="/home/runner/work/typespec/typespec/packages/http-client-csharp/generator/artifacts/bin/testprojects.spector.tests/debug/net8.0/testprojects.spector.tests.dll" id="d010037f-8ee4-8636-2543-ead179fc7c25">
      <Execution id="189c5db4-9f1a-4ebd-9f10-1c648dfacab6" />
      <TestMethod codeBase="/home/runner/work/typespec/typespec/packages/http-client-csharp/generator/artifacts/bin/TestProjects.Spector.Tests/Debug/net8.0/TestProjects.Spector.Tests.dll" adapterTypeName="executor://nunit3testexecutor/" className="TestProjects.Spector.Tests.Http.Versioning.MadeOptional.V1.VersioningMadeOptionalV1Tests" name="CheckMadeOptionalMembers" />
    </UnitTest>
    <UnitTest name="IntLiteralPut" storage="/home/runner/work/typespec/typespec/packages/http-client-csharp/generator/artifacts/bin/testprojects.spector.tests/debug/net8.0/testprojects.spector.tests.dll" id="3a20acdb-c96c-72e7-6b5a-e2e0f661b452">
      <Execution id="9b9b5284-5315-4d90-aa4f-d34dfdf630ec" />
      <TestMethod codeBase="/home/runner/work/typespec/typespec/packages/http-client-csharp/generator/artifacts/bin/TestProjects.Spector.Tests/Debug/net8.0/TestProjects.Spector.Tests.dll" adapterTypeName="executor://nunit3testexecutor/" className="TestProjects.Spector.Tests.Http._Type.Property.ValueTypes.ValueTypesTests" name="IntLiteralPut" />
    </UnitTest>
    <UnitTest name="RoundTripWithModelReaderWriterNonGenericWire" storage="/home/runner/work/typespec/typespec/packages/http-client-csharp/generator/artifacts/bin/testprojects.spector.tests/debug/net8.0/testprojects.spector.tests.dll" id="263f04f0-c5f4-1e54-6504-94465b2a767f">
      <Execution id="8c665e07-a39b-4f77-8bcc-b7af94375ca3" />
      <TestMethod codeBase="/home/runner/work/typespec/typespec/packages/http-client-csharp/generator/artifacts/bin/TestProjects.Spector.Tests/Debug/net8.0/TestProjects.Spector.Tests.dll" adapterTypeName="executor://nunit3testexecutor/" className="TestProjects.Spector.Tests.Http._Type.Property.AdditionalProperties.DifferentSpreadStringDerivedTests" name="RoundTripWithModelReaderWriterNonGenericWire" />
    </UnitTest>
    <UnitTest name="ExtendsModelArrayGet" storage="/home/runner/work/typespec/typespec/packages/http-client-csharp/generator/artifacts/bin/testprojects.spector.tests/debug/net8.0/testprojects.spector.tests.dll" id="15af17fa-70f1-0652-70a1-6269a53f1e4b">
      <Execution id="900c282f-68b3-4909-b582-95a935ebd09d" />
      <TestMethod codeBase="/home/runner/work/typespec/typespec/packages/http-client-csharp/generator/artifacts/bin/TestProjects.Spector.Tests/Debug/net8.0/TestProjects.Spector.Tests.dll" adapterTypeName="executor://nunit3testexecutor/" className="TestProjects.Spector.Tests.Http._Type.Property.AdditionalProperties.AdditionalPropertiesTests" name="ExtendsModelArrayGet" />
    </UnitTest>
    <UnitTest name="UnknownValuePut" storage="/home/runner/work/typespec/typespec/packages/http-client-csharp/generator/artifacts/bin/testprojects.spector.tests/debug/net8.0/testprojects.spector.tests.dll" id="fc496a3d-0cb6-ea63-917a-10dad52540cb">
      <Execution id="0372e690-57e0-4c97-9ac4-4b21d6111389" />
      <TestMethod codeBase="/home/runner/work/typespec/typespec/packages/http-client-csharp/generator/artifacts/bin/TestProjects.Spector.Tests/Debug/net8.0/TestProjects.Spector.Tests.dll" adapterTypeName="executor://nunit3testexecutor/" className="TestProjects.Spector.Tests.Http._Type._Array.ArrayTests" name="UnknownValuePut" />
    </UnitTest>
    <UnitTest name="QueryPipes" storage="/home/runner/work/typespec/typespec/packages/http-client-csharp/generator/artifacts/bin/testprojects.spector.tests/debug/net8.0/testprojects.spector.tests.dll" id="75589ec1-a859-64d8-48d4-af442a39f6c2">
      <Execution id="b145e6eb-3559-4b9f-b855-d1bf2901d999" />
      <TestMethod codeBase="/home/runner/work/typespec/typespec/packages/http-client-csharp/generator/artifacts/bin/TestProjects.Spector.Tests/Debug/net8.0/TestProjects.Spector.Tests.dll" adapterTypeName="executor://nunit3testexecutor/" className="TestProjects.Spector.Tests.Http.Parameters.CollectionFormat.CollectionFormatParametersTests" name="QueryPipes" />
    </UnitTest>
    <UnitTest name="RequestHeaderResponseBodyConvenienceMethodSync" storage="/home/runner/work/typespec/typespec/packages/http-client-csharp/generator/artifacts/bin/testprojects.spector.tests/debug/net8.0/testprojects.spector.tests.dll" id="c077f351-648b-9e8a-1c6b-6111d49cd85b">
      <Execution id="6baa310a-1891-4165-b190-ffa8735312bf" />
      <TestMethod codeBase="/home/runner/work/typespec/typespec/packages/http-client-csharp/generator/artifacts/bin/TestProjects.Spector.Tests/Debug/net8.0/TestProjects.Spector.Tests.dll" adapterTypeName="executor://nunit3testexecutor/" className="TestProjects.Spector.Tests.Http.Payload.Pageable.ContinuationTokenPaginationTests" name="RequestHeaderResponseBodyConvenienceMethodSync" />
    </UnitTest>
    <UnitTest name="SpreadRecordNonDiscriminatedUnion2Get" storage="/home/runner/work/typespec/typespec/packages/http-client-csharp/generator/artifacts/bin/testprojects.spector.tests/debug/net8.0/testprojects.spector.tests.dll" id="2d5a8059-ba92-f7f9-73b7-56551102ec4a">
      <Execution id="68677a7a-5268-48ca-9264-71fc711d7ac8" />
      <TestMethod codeBase="/home/runner/work/typespec/typespec/packages/http-client-csharp/generator/artifacts/bin/TestProjects.Spector.Tests/Debug/net8.0/TestProjects.Spector.Tests.dll" adapterTypeName="executor://nunit3testexecutor/" className="TestProjects.Spector.Tests.Http._Type.Property.AdditionalProperties.AdditionalPropertiesTests" name="SpreadRecordNonDiscriminatedUnion2Get" />
    </UnitTest>
    <UnitTest name="UnionIntLiteralGet" storage="/home/runner/work/typespec/typespec/packages/http-client-csharp/generator/artifacts/bin/testprojects.spector.tests/debug/net8.0/testprojects.spector.tests.dll" id="b1b32665-a1fb-0499-b8e4-db38dadb3682">
      <Execution id="1ed1c87a-948d-42be-afd5-0234d6aa333a" />
      <TestMethod codeBase="/home/runner/work/typespec/typespec/packages/http-client-csharp/generator/artifacts/bin/TestProjects.Spector.Tests/Debug/net8.0/TestProjects.Spector.Tests.dll" adapterTypeName="executor://nunit3testexecutor/" className="TestProjects.Spector.Tests.Http._Type.Property.ValueTypes.ValueTypesTests" name="UnionIntLiteralGet" />
    </UnitTest>
    <UnitTest name="PropertyDefault" storage="/home/runner/work/typespec/typespec/packages/http-client-csharp/generator/artifacts/bin/testprojects.spector.tests/debug/net8.0/testprojects.spector.tests.dll" id="e0d9a6ad-8e82-f0c5-2453-d2208c526383">
      <Execution id="c39899ef-4f3a-42ed-a3ad-b0fa4a59eaee" />
      <TestMethod codeBase="/home/runner/work/typespec/typespec/packages/http-client-csharp/generator/artifacts/bin/TestProjects.Spector.Tests/Debug/net8.0/TestProjects.Spector.Tests.dll" adapterTypeName="executor://nunit3testexecutor/" className="TestProjects.Spector.Tests.Http.Encode.Bytes.EncodeBytesTests" name="PropertyDefault" />
    </UnitTest>
    <UnitTest name="OperationsIfAsync" storage="/home/runner/work/typespec/typespec/packages/http-client-csharp/generator/artifacts/bin/testprojects.spector.tests/debug/net8.0/testprojects.spector.tests.dll" id="4a751bee-96e2-5368-2081-2a22917b81ba">
      <Execution id="ce84c082-10b3-4b57-8049-e48454c3d135" />
      <TestMethod codeBase="/home/runner/work/typespec/typespec/packages/http-client-csharp/generator/artifacts/bin/TestProjects.Spector.Tests/Debug/net8.0/TestProjects.Spector.Tests.dll" adapterTypeName="executor://nunit3testexecutor/" className="TestProjects.Spector.Tests.Http.SpecialWords.SpecialWordsTests" name="OperationsIfAsync" />
    </UnitTest>
    <UnitTest name="Float32ValuePut" storage="/home/runner/work/typespec/typespec/packages/http-client-csharp/generator/artifacts/bin/testprojects.spector.tests/debug/net8.0/testprojects.spector.tests.dll" id="d15527e4-1e39-d3f5-2cf5-2c6a34ea362e">
      <Execution id="bb3bda12-853e-4940-87ff-c8bb73c722aa" />
      <TestMethod codeBase="/home/runner/work/typespec/typespec/packages/http-client-csharp/generator/artifacts/bin/TestProjects.Spector.Tests/Debug/net8.0/TestProjects.Spector.Tests.dll" adapterTypeName="executor://nunit3testexecutor/" className="TestProjects.Spector.Tests.Http._Type.Dictionary.DictionaryTests" name="Float32ValuePut" />
    </UnitTest>
    <UnitTest name="BooleanLiteralGetDefault" storage="/home/runner/work/typespec/typespec/packages/http-client-csharp/generator/artifacts/bin/testprojects.spector.tests/debug/net8.0/testprojects.spector.tests.dll" id="04d5b8d4-ac29-6902-90a4-51cc5c3d57b2">
      <Execution id="c19477bd-50f0-4be3-872c-0f02a8d40b8e" />
      <TestMethod codeBase="/home/runner/work/typespec/typespec/packages/http-client-csharp/generator/artifacts/bin/TestProjects.Spector.Tests/Debug/net8.0/TestProjects.Spector.Tests.dll" adapterTypeName="executor://nunit3testexecutor/" className="TestProjects.Spector.Tests.Http._Type.Property.Optionality.OptionalityTests" name="BooleanLiteralGetDefault" />
    </UnitTest>
    <UnitTest name="PropertyISO8601" storage="/home/runner/work/typespec/typespec/packages/http-client-csharp/generator/artifacts/bin/testprojects.spector.tests/debug/net8.0/testprojects.spector.tests.dll" id="f9d28d4a-2335-0f3b-efd5-f721a6588116">
      <Execution id="456c2313-c88a-4544-8d9c-d97f7c10ba56" />
      <TestMethod codeBase="/home/runner/work/typespec/typespec/packages/http-client-csharp/generator/artifacts/bin/TestProjects.Spector.Tests/Debug/net8.0/TestProjects.Spector.Tests.dll" adapterTypeName="executor://nunit3testexecutor/" className="TestProjects.Spector.Tests.Http.Encode.Duration.EncodeDurationTests" name="PropertyISO8601" />
    </UnitTest>
    <UnitTest name="BinaryArrayParts" storage="/home/runner/work/typespec/typespec/packages/http-client-csharp/generator/artifacts/bin/testprojects.spector.tests/debug/net8.0/testprojects.spector.tests.dll" id="55995edc-e7d0-67a9-3c28-9812696c2ada">
      <Execution id="763ffed7-d191-48c7-a7b6-74dfe0b43963" />
      <TestMethod codeBase="/home/runner/work/typespec/typespec/packages/http-client-csharp/generator/artifacts/bin/TestProjects.Spector.Tests/Debug/net8.0/TestProjects.Spector.Tests.dll" adapterTypeName="executor://nunit3testexecutor/" className="TestProjects.Spector.Tests.Http.Payload.Multipart.MultipartTests" name="BinaryArrayParts" />
    </UnitTest>
    <UnitTest name="Int64ValuePut" storage="/home/runner/work/typespec/typespec/packages/http-client-csharp/generator/artifacts/bin/testprojects.spector.tests/debug/net8.0/testprojects.spector.tests.dll" id="a426f576-3808-e304-9b70-c173fd5c8cdc">
      <Execution id="52b09b09-0561-4fcc-8778-6a427e36a4cf" />
      <TestMethod codeBase="/home/runner/work/typespec/typespec/packages/http-client-csharp/generator/artifacts/bin/TestProjects.Spector.Tests/Debug/net8.0/TestProjects.Spector.Tests.dll" adapterTypeName="executor://nunit3testexecutor/" className="TestProjects.Spector.Tests.Http._Type._Array.ArrayTests" name="Int64ValuePut" />
    </UnitTest>
    <UnitTest name="ParametersWithImportAsync" storage="/home/runner/work/typespec/typespec/packages/http-client-csharp/generator/artifacts/bin/testprojects.spector.tests/debug/net8.0/testprojects.spector.tests.dll" id="9b14d172-06b0-9257-d790-ec1433fbd4e8">
      <Execution id="c568d2b3-a104-47ed-9af4-ad7423a4386c" />
      <TestMethod codeBase="/home/runner/work/typespec/typespec/packages/http-client-csharp/generator/artifacts/bin/TestProjects.Spector.Tests/Debug/net8.0/TestProjects.Spector.Tests.dll" adapterTypeName="executor://nunit3testexecutor/" className="TestProjects.Spector.Tests.Http.SpecialWords.SpecialWordsTests" name="ParametersWithImportAsync" />
    </UnitTest>
    <UnitTest name="RenamedThree" storage="/home/runner/work/typespec/typespec/packages/http-client-csharp/generator/artifacts/bin/testprojects.spector.tests/debug/net8.0/testprojects.spector.tests.dll" id="2ecfb074-9b8a-3f8b-bab0-4451eb971b5e">
      <Execution id="963aae5d-bd7e-4ebb-9c53-f9fb49827e3e" />
      <TestMethod codeBase="/home/runner/work/typespec/typespec/packages/http-client-csharp/generator/artifacts/bin/TestProjects.Spector.Tests/Debug/net8.0/TestProjects.Spector.Tests.dll" adapterTypeName="executor://nunit3testexecutor/" className="TestProjects.Spector.Tests.Http.Client.Structure.MultiClient.MultiClientTests" name="RenamedThree" />
    </UnitTest>
    <UnitTest name="StatusCodeInRange" storage="/home/runner/work/typespec/typespec/packages/http-client-csharp/generator/artifacts/bin/testprojects.spector.tests/debug/net8.0/testprojects.spector.tests.dll" id="b8fc69db-6dcf-bbbd-1805-1e1213c90acd">
      <Execution id="f29df0da-6377-4819-ab47-e7258e577985" />
      <TestMethod codeBase="/home/runner/work/typespec/typespec/packages/http-client-csharp/generator/artifacts/bin/TestProjects.Spector.Tests/Debug/net8.0/TestProjects.Spector.Tests.dll" adapterTypeName="executor://nunit3testexecutor/" className="TestProjects.Spector.Tests.Http.Response.StatusCodeRange.StatusCodeRangeTests" name="StatusCodeInRange" />
    </UnitTest>
    <UnitTest name="Model_SpreadCompositeRequest" storage="/home/runner/work/typespec/typespec/packages/http-client-csharp/generator/artifacts/bin/testprojects.spector.tests/debug/net8.0/testprojects.spector.tests.dll" id="08ac9898-3269-c14e-731c-e13befb2ce63">
      <Execution id="dc98d04f-878f-4da0-9ac6-1319be32fc60" />
      <TestMethod codeBase="/home/runner/work/typespec/typespec/packages/http-client-csharp/generator/artifacts/bin/TestProjects.Spector.Tests/Debug/net8.0/TestProjects.Spector.Tests.dll" adapterTypeName="executor://nunit3testexecutor/" className="TestProjects.Spector.Tests.Http.Parameters.Spread.SpreadTests" name="Model_SpreadCompositeRequest" />
    </UnitTest>
    <UnitTest name="Versioning_Removed_v2" storage="/home/runner/work/typespec/typespec/packages/http-client-csharp/generator/artifacts/bin/testprojects.spector.tests/debug/net8.0/testprojects.spector.tests.dll" id="42bcab30-c59c-4772-aff6-9def1e1cc633">
      <Execution id="b5fdef63-ebd1-42ff-a2cc-228cf833ec7e" />
      <TestMethod codeBase="/home/runner/work/typespec/typespec/packages/http-client-csharp/generator/artifacts/bin/TestProjects.Spector.Tests/Debug/net8.0/TestProjects.Spector.Tests.dll" adapterTypeName="executor://nunit3testexecutor/" className="TestProjects.Spector.Tests.Http.Versioning.Removed.V2.VersioningRemovedV2Tests" name="Versioning_Removed_v2" />
    </UnitTest>
    <UnitTest name="ExtendsModelPut" storage="/home/runner/work/typespec/typespec/packages/http-client-csharp/generator/artifacts/bin/testprojects.spector.tests/debug/net8.0/testprojects.spector.tests.dll" id="25d7fa74-6b31-7ed6-f83f-7e6d1615395d">
      <Execution id="43e1521d-9aa7-4718-956a-6c17d82c2fdf" />
      <TestMethod codeBase="/home/runner/work/typespec/typespec/packages/http-client-csharp/generator/artifacts/bin/TestProjects.Spector.Tests/Debug/net8.0/TestProjects.Spector.Tests.dll" adapterTypeName="executor://nunit3testexecutor/" className="TestProjects.Spector.Tests.Http._Type.Property.AdditionalProperties.AdditionalPropertiesTests" name="ExtendsModelPut" />
    </UnitTest>
    <UnitTest name="IsStringPut" storage="/home/runner/work/typespec/typespec/packages/http-client-csharp/generator/artifacts/bin/testprojects.spector.tests/debug/net8.0/testprojects.spector.tests.dll" id="788782e3-8264-ef29-ac96-28995966c922">
      <Execution id="8a8d6a29-39c2-49e2-93a1-8e5bec0d2478" />
      <TestMethod codeBase="/home/runner/work/typespec/typespec/packages/http-client-csharp/generator/artifacts/bin/TestProjects.Spector.Tests/Debug/net8.0/TestProjects.Spector.Tests.dll" adapterTypeName="executor://nunit3testexecutor/" className="TestProjects.Spector.Tests.Http._Type.Property.AdditionalProperties.AdditionalPropertiesTests" name="IsStringPut" />
    </UnitTest>
    <UnitTest name="Versioning_TypeChangedFrom_Test" storage="/home/runner/work/typespec/typespec/packages/http-client-csharp/generator/artifacts/bin/testprojects.spector.tests/debug/net8.0/testprojects.spector.tests.dll" id="a93735cd-087b-dffb-ec6b-1df3d0ecfdf0">
      <Execution id="77aee128-f392-43f3-9ad8-6a979cabdc6d" />
      <TestMethod codeBase="/home/runner/work/typespec/typespec/packages/http-client-csharp/generator/artifacts/bin/TestProjects.Spector.Tests/Debug/net8.0/TestProjects.Spector.Tests.dll" adapterTypeName="executor://nunit3testexecutor/" className="TestProjects.Spector.Tests.Http.Versioning.TypeChangedFrom.V2.VersioningTypeChangedFromTests" name="Versioning_TypeChangedFrom_Test" />
    </UnitTest>
    <UnitTest name="AddOptionalParamFromOneOptional_WithApiVersionV2" storage="/home/runner/work/typespec/typespec/packages/http-client-csharp/generator/artifacts/bin/testprojects.spector.tests/debug/net8.0/testprojects.spector.tests.dll" id="b0303144-de5a-2570-c1ab-7299784d4af0">
      <Execution id="52081bae-e8e7-4989-b2dc-e8f981162b98" />
      <TestMethod codeBase="/home/runner/work/typespec/typespec/packages/http-client-csharp/generator/artifacts/bin/TestProjects.Spector.Tests/Debug/net8.0/TestProjects.Spector.Tests.dll" adapterTypeName="executor://nunit3testexecutor/" className="TestProjects.Spector.Tests.Http.Resiliency.SrvDriven.V2.SrvDrivenV2Tests" name="AddOptionalParamFromOneOptional_WithApiVersionV2" />
    </UnitTest>
    <UnitTest name="StringPatchNonNull" storage="/home/runner/work/typespec/typespec/packages/http-client-csharp/generator/artifacts/bin/testprojects.spector.tests/debug/net8.0/testprojects.spector.tests.dll" id="3f905ce8-80f2-02cc-b77c-8a684ed28345">
      <Execution id="009b561e-0978-42c3-941b-34f29ecbba93" />
      <TestMethod codeBase="/home/runner/work/typespec/typespec/packages/http-client-csharp/generator/artifacts/bin/TestProjects.Spector.Tests/Debug/net8.0/TestProjects.Spector.Tests.dll" adapterTypeName="executor://nunit3testexecutor/" className="TestProjects.Spector.Tests.Http._Type.Property.Nullable.NullableTests" name="StringPatchNonNull" />
    </UnitTest>
    <UnitTest name="PlaintimePutAll" storage="/home/runner/work/typespec/typespec/packages/http-client-csharp/generator/artifacts/bin/testprojects.spector.tests/debug/net8.0/testprojects.spector.tests.dll" id="9961478a-9fa5-b364-4dc5-7ec6e1e9cd7a">
      <Execution id="0ae51d4b-ad0b-4e5b-8be9-9a3ec0ed2efd" />
      <TestMethod codeBase="/home/runner/work/typespec/typespec/packages/http-client-csharp/generator/artifacts/bin/TestProjects.Spector.Tests/Debug/net8.0/TestProjects.Spector.Tests.dll" adapterTypeName="executor://nunit3testexecutor/" className="TestProjects.Spector.Tests.Http._Type.Property.Optionality.OptionalityTests" name="PlaintimePutAll" />
    </UnitTest>
    <UnitTest name="GetRecursiveModel" storage="/home/runner/work/typespec/typespec/packages/http-client-csharp/generator/artifacts/bin/testprojects.spector.tests/debug/net8.0/testprojects.spector.tests.dll" id="c05a7438-005b-0b0f-0501-87ee5dc039df">
      <Execution id="b4bc8903-85a5-46e5-b4f2-964fd0293802" />
      <TestMethod codeBase="/home/runner/work/typespec/typespec/packages/http-client-csharp/generator/artifacts/bin/TestProjects.Spector.Tests/Debug/net8.0/TestProjects.Spector.Tests.dll" adapterTypeName="executor://nunit3testexecutor/" className="TestProjects.Spector.Tests.Http._Type.Model.Inheritance.NestedDiscriminator.NestedDiscriminatorTests" name="GetRecursiveModel" />
    </UnitTest>
    <UnitTest name="HeaderFloatSeconds" storage="/home/runner/work/typespec/typespec/packages/http-client-csharp/generator/artifacts/bin/testprojects.spector.tests/debug/net8.0/testprojects.spector.tests.dll" id="60798962-4482-df1a-2ef3-330ba8776b7d">
      <Execution id="02dafd78-a584-4f90-87db-5f832a465242" />
      <TestMethod codeBase="/home/runner/work/typespec/typespec/packages/http-client-csharp/generator/artifacts/bin/TestProjects.Spector.Tests/Debug/net8.0/TestProjects.Spector.Tests.dll" adapterTypeName="executor://nunit3testexecutor/" className="TestProjects.Spector.Tests.Http.Encode.Duration.EncodeDurationTests" name="HeaderFloatSeconds" />
    </UnitTest>
    <UnitTest name="GetFixedModelMissingDiscriminator" storage="/home/runner/work/typespec/typespec/packages/http-client-csharp/generator/artifacts/bin/testprojects.spector.tests/debug/net8.0/testprojects.spector.tests.dll" id="16ed7b38-ad27-67b1-7580-de46b9dba210">
      <Execution id="491349bc-1431-4a71-b791-115c6c9cfaa0" />
      <TestMethod codeBase="/home/runner/work/typespec/typespec/packages/http-client-csharp/generator/artifacts/bin/TestProjects.Spector.Tests/Debug/net8.0/TestProjects.Spector.Tests.dll" adapterTypeName="executor://nunit3testexecutor/" className="TestProjects.Spector.Tests.Http._Type.Model.Inheritance.EnumDiscriminator.EnumDiscriminatorTests" name="GetFixedModelMissingDiscriminator" />
    </UnitTest>
    <UnitTest name="PropertyBase64url" storage="/home/runner/work/typespec/typespec/packages/http-client-csharp/generator/artifacts/bin/testprojects.spector.tests/debug/net8.0/testprojects.spector.tests.dll" id="ed3816f5-9557-c094-70f8-28e7c24d766b">
      <Execution id="d4d062bc-616f-43d0-b580-b5e58ebb6079" />
      <TestMethod codeBase="/home/runner/work/typespec/typespec/packages/http-client-csharp/generator/artifacts/bin/TestProjects.Spector.Tests/Debug/net8.0/TestProjects.Spector.Tests.dll" adapterTypeName="executor://nunit3testexecutor/" className="TestProjects.Spector.Tests.Http.Encode.Bytes.EncodeBytesTests" name="PropertyBase64url" />
    </UnitTest>
    <UnitTest name="RequestHeaderResponseBodyProtocolMethodSync" storage="/home/runner/work/typespec/typespec/packages/http-client-csharp/generator/artifacts/bin/testprojects.spector.tests/debug/net8.0/testprojects.spector.tests.dll" id="96b8454f-cb93-a5f4-fc55-77e054e1d610">
      <Execution id="32fa2df4-4c62-440e-8abc-4e94f97d987a" />
      <TestMethod codeBase="/home/runner/work/typespec/typespec/packages/http-client-csharp/generator/artifacts/bin/TestProjects.Spector.Tests/Debug/net8.0/TestProjects.Spector.Tests.dll" adapterTypeName="executor://nunit3testexecutor/" className="TestProjects.Spector.Tests.Http.Payload.Pageable.ContinuationTokenPaginationTests" name="RequestHeaderResponseBodyProtocolMethodSync" />
    </UnitTest>
    <UnitTest name="BooleanGet" storage="/home/runner/work/typespec/typespec/packages/http-client-csharp/generator/artifacts/bin/testprojects.spector.tests/debug/net8.0/testprojects.spector.tests.dll" id="ea4f3608-3ede-1988-a798-afc3c2661b6a">
      <Execution id="48dba94d-b1ad-406d-9bcb-3f9a8234ffd3" />
      <TestMethod codeBase="/home/runner/work/typespec/typespec/packages/http-client-csharp/generator/artifacts/bin/TestProjects.Spector.Tests/Debug/net8.0/TestProjects.Spector.Tests.dll" adapterTypeName="executor://nunit3testexecutor/" className="TestProjects.Spector.Tests.Http._Type.Scalar.ScalarTests" name="BooleanGet" />
    </UnitTest>
    <UnitTest name="UpdateOptionalResource" storage="/home/runner/work/typespec/typespec/packages/http-client-csharp/generator/artifacts/bin/testprojects.spector.tests/debug/net8.0/testprojects.spector.tests.dll" id="35c4068b-0d49-3ee9-4c33-2faaf9e065c7">
      <Execution id="7d892343-6266-488e-9ae6-5df711ddd3e5" />
      <TestMethod codeBase="/home/runner/work/typespec/typespec/packages/http-client-csharp/generator/artifacts/bin/TestProjects.Spector.Tests/Debug/net8.0/TestProjects.Spector.Tests.dll" adapterTypeName="executor://nunit3testexecutor/" className="TestProjects.Spector.Tests.Http.Payload.JsonMergePatch.JsonMergePatchTests" name="UpdateOptionalResource" />
    </UnitTest>
    <UnitTest name="Client_Structure_default_methods(Client.Structure.Service.ServiceClient,[&quot;One&quot;, &quot;Two&quot;])" storage="/home/runner/work/typespec/typespec/packages/http-client-csharp/generator/artifacts/bin/testprojects.spector.tests/debug/net8.0/testprojects.spector.tests.dll" id="7b48d446-573e-38e5-8f68-076ea029b41f">
      <Execution id="5c14ca9d-987a-44af-8eae-32a9ec4f2dc0" />
      <TestMethod codeBase="/home/runner/work/typespec/typespec/packages/http-client-csharp/generator/artifacts/bin/TestProjects.Spector.Tests/Debug/net8.0/TestProjects.Spector.Tests.dll" adapterTypeName="executor://nunit3testexecutor/" className="TestProjects.Spector.Tests.Http.Client.Structure.Default.DefaultTests" name="Client_Structure_default_methods(Client.Structure.Service.ServiceClient,[&quot;One&quot;, &quot;Two&quot;])" />
    </UnitTest>
    <UnitTest name="FloatLiteralGet" storage="/home/runner/work/typespec/typespec/packages/http-client-csharp/generator/artifacts/bin/testprojects.spector.tests/debug/net8.0/testprojects.spector.tests.dll" id="dff15840-393e-409f-4dc0-667696e27c18">
      <Execution id="91fd22ae-1bd1-4fc9-9fdd-a68eda72ea3d" />
      <TestMethod codeBase="/home/runner/work/typespec/typespec/packages/http-client-csharp/generator/artifacts/bin/TestProjects.Spector.Tests/Debug/net8.0/TestProjects.Spector.Tests.dll" adapterTypeName="executor://nunit3testexecutor/" className="TestProjects.Spector.Tests.Http._Type.Property.ValueTypes.ValueTypesTests" name="FloatLiteralGet" />
    </UnitTest>
    <UnitTest name="ParametersWithBreakAsync" storage="/home/runner/work/typespec/typespec/packages/http-client-csharp/generator/artifacts/bin/testprojects.spector.tests/debug/net8.0/testprojects.spector.tests.dll" id="b3a481db-a938-323e-9fb8-489f8a369674">
      <Execution id="b3c268fb-0374-4edd-9b5b-bf596d64703e" />
      <TestMethod codeBase="/home/runner/work/typespec/typespec/packages/http-client-csharp/generator/artifacts/bin/TestProjects.Spector.Tests/Debug/net8.0/TestProjects.Spector.Tests.dll" adapterTypeName="executor://nunit3testexecutor/" className="TestProjects.Spector.Tests.Http.SpecialWords.SpecialWordsTests" name="ParametersWithBreakAsync" />
    </UnitTest>
    <UnitTest name="UnknownValueGet" storage="/home/runner/work/typespec/typespec/packages/http-client-csharp/generator/artifacts/bin/testprojects.spector.tests/debug/net8.0/testprojects.spector.tests.dll" id="5608fd80-9029-124b-666d-f8202fc90320">
      <Execution id="6ddd7ad6-5d3f-4e7c-9ad8-430d1c296af4" />
      <TestMethod codeBase="/home/runner/work/typespec/typespec/packages/http-client-csharp/generator/artifacts/bin/TestProjects.Spector.Tests/Debug/net8.0/TestProjects.Spector.Tests.dll" adapterTypeName="executor://nunit3testexecutor/" className="TestProjects.Spector.Tests.Http._Type.Dictionary.DictionaryTests" name="UnknownValueGet" />
    </UnitTest>
    <UnitTest name="OperationsPassAsync" storage="/home/runner/work/typespec/typespec/packages/http-client-csharp/generator/artifacts/bin/testprojects.spector.tests/debug/net8.0/testprojects.spector.tests.dll" id="a5fc1b26-5918-51f7-05bb-432b2995c5a9">
      <Execution id="0c3de879-6325-4ade-ab40-3e589e34c289" />
      <TestMethod codeBase="/home/runner/work/typespec/typespec/packages/http-client-csharp/generator/artifacts/bin/TestProjects.Spector.Tests/Debug/net8.0/TestProjects.Spector.Tests.dll" adapterTypeName="executor://nunit3testexecutor/" className="TestProjects.Spector.Tests.Http.SpecialWords.SpecialWordsTests" name="OperationsPassAsync" />
    </UnitTest>
    <UnitTest name="ParametersWithCancellationTokenAsync" storage="/home/runner/work/typespec/typespec/packages/http-client-csharp/generator/artifacts/bin/testprojects.spector.tests/debug/net8.0/testprojects.spector.tests.dll" id="70381e69-57c9-c706-1f8d-240e94a1b700">
      <Execution id="e30d3067-5db1-4b6b-981c-80ee09fe8a16" />
      <TestMethod codeBase="/home/runner/work/typespec/typespec/packages/http-client-csharp/generator/artifacts/bin/TestProjects.Spector.Tests/Debug/net8.0/TestProjects.Spector.Tests.dll" adapterTypeName="executor://nunit3testexecutor/" className="TestProjects.Spector.Tests.Http.SpecialWords.SpecialWordsTests" name="ParametersWithCancellationTokenAsync" />
    </UnitTest>
    <UnitTest name="DecimalTypeResponseBody" storage="/home/runner/work/typespec/typespec/packages/http-client-csharp/generator/artifacts/bin/testprojects.spector.tests/debug/net8.0/testprojects.spector.tests.dll" id="7ec22095-3495-2f13-ffd6-8c3cac57277f">
      <Execution id="f1ac94af-9837-4edf-9b92-e55a6e87ea8f" />
      <TestMethod codeBase="/home/runner/work/typespec/typespec/packages/http-client-csharp/generator/artifacts/bin/TestProjects.Spector.Tests/Debug/net8.0/TestProjects.Spector.Tests.dll" adapterTypeName="executor://nunit3testexecutor/" className="TestProjects.Spector.Tests.Http._Type.Scalar.ScalarTests" name="DecimalTypeResponseBody" />
    </UnitTest>
    <UnitTest name="Int32ValueGet" storage="/home/runner/work/typespec/typespec/packages/http-client-csharp/generator/artifacts/bin/testprojects.spector.tests/debug/net8.0/testprojects.spector.tests.dll" id="7dcf94df-35d5-4f41-2d95-5365443ab3fd">
      <Execution id="201474ca-36d5-419b-a846-43f9b3a6eb1a" />
      <TestMethod codeBase="/home/runner/work/typespec/typespec/packages/http-client-csharp/generator/artifacts/bin/TestProjects.Spector.Tests/Debug/net8.0/TestProjects.Spector.Tests.dll" adapterTypeName="executor://nunit3testexecutor/" className="TestProjects.Spector.Tests.Http._Type.Dictionary.DictionaryTests" name="Int32ValueGet" />
    </UnitTest>
    <UnitTest name="ParametersWithNotAsync" storage="/home/runner/work/typespec/typespec/packages/http-client-csharp/generator/artifacts/bin/testprojects.spector.tests/debug/net8.0/testprojects.spector.tests.dll" id="f773514f-0415-86e7-6793-d141fa07f5e2">
      <Execution id="50475e41-0e91-467c-9f12-9629107509b7" />
      <TestMethod codeBase="/home/runner/work/typespec/typespec/packages/http-client-csharp/generator/artifacts/bin/TestProjects.Spector.Tests/Debug/net8.0/TestProjects.Spector.Tests.dll" adapterTypeName="executor://nunit3testexecutor/" className="TestProjects.Spector.Tests.Http.SpecialWords.SpecialWordsTests" name="ParametersWithNotAsync" />
    </UnitTest>
    <UnitTest name="UnionStringLiteralPut" storage="/home/runner/work/typespec/typespec/packages/http-client-csharp/generator/artifacts/bin/testprojects.spector.tests/debug/net8.0/testprojects.spector.tests.dll" id="dd515da8-c83f-96dd-f590-a65f1f18728f">
      <Execution id="db0b6bc3-a0b5-41fe-a8e1-7a9c87d83b42" />
      <TestMethod codeBase="/home/runner/work/typespec/typespec/packages/http-client-csharp/generator/artifacts/bin/TestProjects.Spector.Tests/Debug/net8.0/TestProjects.Spector.Tests.dll" adapterTypeName="executor://nunit3testexecutor/" className="TestProjects.Spector.Tests.Http._Type.Property.ValueTypes.ValueTypesTests" name="UnionStringLiteralPut" />
    </UnitTest>
    <UnitTest name="ModelsWithYieldAsync" storage="/home/runner/work/typespec/typespec/packages/http-client-csharp/generator/artifacts/bin/testprojects.spector.tests/debug/net8.0/testprojects.spector.tests.dll" id="0939645a-5917-d185-c8a8-b352118a6114">
      <Execution id="bbf53d48-6685-4b80-80e1-06337396d4d1" />
      <TestMethod codeBase="/home/runner/work/typespec/typespec/packages/http-client-csharp/generator/artifacts/bin/TestProjects.Spector.Tests/Debug/net8.0/TestProjects.Spector.Tests.dll" adapterTypeName="executor://nunit3testexecutor/" className="TestProjects.Spector.Tests.Http.SpecialWords.SpecialWordsTests" name="ModelsWithYieldAsync" />
    </UnitTest>
    <UnitTest name="OperationsExceptAsync" storage="/home/runner/work/typespec/typespec/packages/http-client-csharp/generator/artifacts/bin/testprojects.spector.tests/debug/net8.0/testprojects.spector.tests.dll" id="811de1f5-4649-de67-a6eb-cb786595808c">
      <Execution id="aece8a1f-59a5-4873-913e-fee647d10034" />
      <TestMethod codeBase="/home/runner/work/typespec/typespec/packages/http-client-csharp/generator/artifacts/bin/TestProjects.Spector.Tests/Debug/net8.0/TestProjects.Spector.Tests.dll" adapterTypeName="executor://nunit3testexecutor/" className="TestProjects.Spector.Tests.Http.SpecialWords.SpecialWordsTests" name="OperationsExceptAsync" />
    </UnitTest>
    <UnitTest name="SpreadFloatGet" storage="/home/runner/work/typespec/typespec/packages/http-client-csharp/generator/artifacts/bin/testprojects.spector.tests/debug/net8.0/testprojects.spector.tests.dll" id="9a7fe6e9-8cb4-019f-e121-a55542105962">
      <Execution id="8f0dfd25-7cd6-450b-8473-73d264542456" />
      <TestMethod codeBase="/home/runner/work/typespec/typespec/packages/http-client-csharp/generator/artifacts/bin/TestProjects.Spector.Tests/Debug/net8.0/TestProjects.Spector.Tests.dll" adapterTypeName="executor://nunit3testexecutor/" className="TestProjects.Spector.Tests.Http._Type.Property.AdditionalProperties.AdditionalPropertiesTests" name="SpreadFloatGet" />
    </UnitTest>
    <UnitTest name="UnknownValueGet" storage="/home/runner/work/typespec/typespec/packages/http-client-csharp/generator/artifacts/bin/testprojects.spector.tests/debug/net8.0/testprojects.spector.tests.dll" id="32f91bdd-24d8-af5d-facd-798a2267d644">
      <Execution id="ca842b12-08bc-492c-be95-c417a01ae3d1" />
      <TestMethod codeBase="/home/runner/work/typespec/typespec/packages/http-client-csharp/generator/artifacts/bin/TestProjects.Spector.Tests/Debug/net8.0/TestProjects.Spector.Tests.dll" adapterTypeName="executor://nunit3testexecutor/" className="TestProjects.Spector.Tests.Http._Type._Array.ArrayTests" name="UnknownValueGet" />
    </UnitTest>
    <UnitTest name="PlaindatePutDefault" storage="/home/runner/work/typespec/typespec/packages/http-client-csharp/generator/artifacts/bin/testprojects.spector.tests/debug/net8.0/testprojects.spector.tests.dll" id="608674e4-0337-763e-debe-487c1c4b6d01">
      <Execution id="d678ac25-2cba-4aee-88e3-a47829fdc754" />
      <TestMethod codeBase="/home/runner/work/typespec/typespec/packages/http-client-csharp/generator/artifacts/bin/TestProjects.Spector.Tests/Debug/net8.0/TestProjects.Spector.Tests.dll" adapterTypeName="executor://nunit3testexecutor/" className="TestProjects.Spector.Tests.Http._Type.Property.Optionality.OptionalityTests" name="PlaindatePutDefault" />
    </UnitTest>
    <UnitTest name="Decimal128VerifyPrepareVerify" storage="/home/runner/work/typespec/typespec/packages/http-client-csharp/generator/artifacts/bin/testprojects.spector.tests/debug/net8.0/testprojects.spector.tests.dll" id="fd89c7b5-0f3f-a8ce-f085-9300016d6e91">
      <Execution id="8673619e-be76-4885-b48b-36d6d40ad422" />
      <TestMethod codeBase="/home/runner/work/typespec/typespec/packages/http-client-csharp/generator/artifacts/bin/TestProjects.Spector.Tests/Debug/net8.0/TestProjects.Spector.Tests.dll" adapterTypeName="executor://nunit3testexecutor/" className="TestProjects.Spector.Tests.Http._Type.Scalar.ScalarTests" name="Decimal128VerifyPrepareVerify" />
    </UnitTest>
    <UnitTest name="ModelsWithGlobalAsync" storage="/home/runner/work/typespec/typespec/packages/http-client-csharp/generator/artifacts/bin/testprojects.spector.tests/debug/net8.0/testprojects.spector.tests.dll" id="8f71040f-abc2-5b47-5417-77b95f55f06e">
      <Execution id="5446a884-8d6a-4ab4-b78f-58b7873a34d5" />
      <TestMethod codeBase="/home/runner/work/typespec/typespec/packages/http-client-csharp/generator/artifacts/bin/TestProjects.Spector.Tests/Debug/net8.0/TestProjects.Spector.Tests.dll" adapterTypeName="executor://nunit3testexecutor/" className="TestProjects.Spector.Tests.Http.SpecialWords.SpecialWordsTests" name="ModelsWithGlobalAsync" />
    </UnitTest>
    <UnitTest name="ModelsWithFromAsync" storage="/home/runner/work/typespec/typespec/packages/http-client-csharp/generator/artifacts/bin/testprojects.spector.tests/debug/net8.0/testprojects.spector.tests.dll" id="ad423190-6428-d097-68d2-e3a87ad89748">
      <Execution id="0a14d3d5-a061-4c73-96ca-ed1a5556de20" />
      <TestMethod codeBase="/home/runner/work/typespec/typespec/packages/http-client-csharp/generator/artifacts/bin/TestProjects.Spector.Tests/Debug/net8.0/TestProjects.Spector.Tests.dll" adapterTypeName="executor://nunit3testexecutor/" className="TestProjects.Spector.Tests.Http.SpecialWords.SpecialWordsTests" name="ModelsWithFromAsync" />
    </UnitTest>
    <UnitTest name="DurationGetAll" storage="/home/runner/work/typespec/typespec/packages/http-client-csharp/generator/artifacts/bin/testprojects.spector.tests/debug/net8.0/testprojects.spector.tests.dll" id="b5f54e6b-6c0c-d3b2-5376-238dd68fd46e">
      <Execution id="2cbb8a72-c3fb-4d82-ade1-ff17573ce61f" />
      <TestMethod codeBase="/home/runner/work/typespec/typespec/packages/http-client-csharp/generator/artifacts/bin/TestProjects.Spector.Tests/Debug/net8.0/TestProjects.Spector.Tests.dll" adapterTypeName="executor://nunit3testexecutor/" className="TestProjects.Spector.Tests.Http._Type.Property.Optionality.OptionalityTests" name="DurationGetAll" />
    </UnitTest>
    <UnitTest name="LabelExpansionExplodePrimitive" storage="/home/runner/work/typespec/typespec/packages/http-client-csharp/generator/artifacts/bin/testprojects.spector.tests/debug/net8.0/testprojects.spector.tests.dll" id="9ad2e5bc-43c1-6cda-62dc-0abca1831792">
      <Execution id="5fc9b4be-6f44-4837-9f66-413b002fad16" />
      <TestMethod codeBase="/home/runner/work/typespec/typespec/packages/http-client-csharp/generator/artifacts/bin/TestProjects.Spector.Tests/Debug/net8.0/TestProjects.Spector.Tests.dll" adapterTypeName="executor://nunit3testexecutor/" className="TestProjects.Spector.Tests.Http.Routes.PathParameterTests" name="LabelExpansionExplodePrimitive" />
    </UnitTest>
    <UnitTest name="CollectionsBytePatchNonNull" storage="/home/runner/work/typespec/typespec/packages/http-client-csharp/generator/artifacts/bin/testprojects.spector.tests/debug/net8.0/testprojects.spector.tests.dll" id="7bcd4c28-edde-0640-9e1f-76d0d1505b14">
      <Execution id="3f455139-0123-49de-95f4-ddb5f21c47f5" />
      <TestMethod codeBase="/home/runner/work/typespec/typespec/packages/http-client-csharp/generator/artifacts/bin/TestProjects.Spector.Tests/Debug/net8.0/TestProjects.Spector.Tests.dll" adapterTypeName="executor://nunit3testexecutor/" className="TestProjects.Spector.Tests.Http._Type.Property.Nullable.NullableTests" name="CollectionsBytePatchNonNull" />
    </UnitTest>
    <UnitTest name="SpreadDifferentStringGet" storage="/home/runner/work/typespec/typespec/packages/http-client-csharp/generator/artifacts/bin/testprojects.spector.tests/debug/net8.0/testprojects.spector.tests.dll" id="2051097f-3f6a-d11b-1868-e03525ceefe3">
      <Execution id="27aabf1e-7e36-4fdd-a3ca-5865b01512f0" />
      <TestMethod codeBase="/home/runner/work/typespec/typespec/packages/http-client-csharp/generator/artifacts/bin/TestProjects.Spector.Tests/Debug/net8.0/TestProjects.Spector.Tests.dll" adapterTypeName="executor://nunit3testexecutor/" className="TestProjects.Spector.Tests.Http._Type.Property.AdditionalProperties.AdditionalPropertiesTests" name="SpreadDifferentStringGet" />
    </UnitTest>
    <UnitTest name="UnionFloatLiteralPutDefault" storage="/home/runner/work/typespec/typespec/packages/http-client-csharp/generator/artifacts/bin/testprojects.spector.tests/debug/net8.0/testprojects.spector.tests.dll" id="248eee01-5041-973c-0ab4-c150bf9e6c7e">
      <Execution id="eba2f02e-f0ef-43a1-bb37-1e5a0ded3865" />
      <TestMethod codeBase="/home/runner/work/typespec/typespec/packages/http-client-csharp/generator/artifacts/bin/TestProjects.Spector.Tests/Debug/net8.0/TestProjects.Spector.Tests.dll" adapterTypeName="executor://nunit3testexecutor/" className="TestProjects.Spector.Tests.Http._Type.Property.Optionality.OptionalityTests" name="UnionFloatLiteralPutDefault" />
    </UnitTest>
    <UnitTest name="ResponseBodyOctetStream" storage="/home/runner/work/typespec/typespec/packages/http-client-csharp/generator/artifacts/bin/testprojects.spector.tests/debug/net8.0/testprojects.spector.tests.dll" id="114cbfe1-01a0-9cad-ad06-e9bae8d419c7">
      <Execution id="8c7fdad7-f6a8-421f-9cc9-2553e4e106fe" />
      <TestMethod codeBase="/home/runner/work/typespec/typespec/packages/http-client-csharp/generator/artifacts/bin/TestProjects.Spector.Tests/Debug/net8.0/TestProjects.Spector.Tests.dll" adapterTypeName="executor://nunit3testexecutor/" className="TestProjects.Spector.Tests.Http.Encode.Bytes.EncodeBytesTests" name="ResponseBodyOctetStream" />
    </UnitTest>
    <UnitTest name="Client_Structure_default_Four" storage="/home/runner/work/typespec/typespec/packages/http-client-csharp/generator/artifacts/bin/testprojects.spector.tests/debug/net8.0/testprojects.spector.tests.dll" id="329b9777-9766-ba6f-2a28-cc62b4a8feb5">
      <Execution id="3cf6681b-4eee-466a-878d-c5467af7a3ef" />
      <TestMethod codeBase="/home/runner/work/typespec/typespec/packages/http-client-csharp/generator/artifacts/bin/TestProjects.Spector.Tests/Debug/net8.0/TestProjects.Spector.Tests.dll" adapterTypeName="executor://nunit3testexecutor/" className="TestProjects.Spector.Tests.Http.Client.Structure.Default.DefaultTests" name="Client_Structure_default_Four" />
    </UnitTest>
    <UnitTest name="ParametersWithFinallyAsync" storage="/home/runner/work/typespec/typespec/packages/http-client-csharp/generator/artifacts/bin/testprojects.spector.tests/debug/net8.0/testprojects.spector.tests.dll" id="7576d1e8-d6bb-547d-f9e9-5e037320c808">
      <Execution id="82b4848e-3106-4b88-b3c2-452929cc51d0" />
      <TestMethod codeBase="/home/runner/work/typespec/typespec/packages/http-client-csharp/generator/artifacts/bin/TestProjects.Spector.Tests/Debug/net8.0/TestProjects.Spector.Tests.dll" adapterTypeName="executor://nunit3testexecutor/" className="TestProjects.Spector.Tests.Http.SpecialWords.SpecialWordsTests" name="ParametersWithFinallyAsync" />
    </UnitTest>
    <UnitTest name="ParametersWithWhileAsync" storage="/home/runner/work/typespec/typespec/packages/http-client-csharp/generator/artifacts/bin/testprojects.spector.tests/debug/net8.0/testprojects.spector.tests.dll" id="cd34e934-f24d-535c-f868-677e20b29534">
      <Execution id="537fb36a-42ae-439a-acc5-1bf95bad950d" />
      <TestMethod codeBase="/home/runner/work/typespec/typespec/packages/http-client-csharp/generator/artifacts/bin/TestProjects.Spector.Tests/Debug/net8.0/TestProjects.Spector.Tests.dll" adapterTypeName="executor://nunit3testexecutor/" className="TestProjects.Spector.Tests.Http.SpecialWords.SpecialWordsTests" name="ParametersWithWhileAsync" />
    </UnitTest>
    <UnitTest name="SpreadDifferentModelGet" storage="/home/runner/work/typespec/typespec/packages/http-client-csharp/generator/artifacts/bin/testprojects.spector.tests/debug/net8.0/testprojects.spector.tests.dll" id="cb98872d-dba9-3987-dad3-c649f79e50c0">
      <Execution id="a96a1f10-594f-4c5d-a08a-f3bc0e5bfc63" />
      <TestMethod codeBase="/home/runner/work/typespec/typespec/packages/http-client-csharp/generator/artifacts/bin/TestProjects.Spector.Tests/Debug/net8.0/TestProjects.Spector.Tests.dll" adapterTypeName="executor://nunit3testexecutor/" className="TestProjects.Spector.Tests.Http._Type.Property.AdditionalProperties.AdditionalPropertiesTests" name="SpreadDifferentModelGet" />
    </UnitTest>
    <UnitTest name="ModelsWithRaiseAsync" storage="/home/runner/work/typespec/typespec/packages/http-client-csharp/generator/artifacts/bin/testprojects.spector.tests/debug/net8.0/testprojects.spector.tests.dll" id="b3e7e1cd-b887-6f61-5804-c81df2ec69f6">
      <Execution id="23ede725-1dca-4baf-9b81-eda1c19646f2" />
      <TestMethod codeBase="/home/runner/work/typespec/typespec/packages/http-client-csharp/generator/artifacts/bin/TestProjects.Spector.Tests/Debug/net8.0/TestProjects.Spector.Tests.dll" adapterTypeName="executor://nunit3testexecutor/" className="TestProjects.Spector.Tests.Http.SpecialWords.SpecialWordsTests" name="ModelsWithRaiseAsync" />
    </UnitTest>
    <UnitTest name="SendStringsOnly" storage="/home/runner/work/typespec/typespec/packages/http-client-csharp/generator/artifacts/bin/testprojects.spector.tests/debug/net8.0/testprojects.spector.tests.dll" id="c2fb6b8a-f244-5a50-3b8d-db2510f3a895">
      <Execution id="59bb61a2-2dc6-46a2-83da-e7678538bbe9" />
      <TestMethod codeBase="/home/runner/work/typespec/typespec/packages/http-client-csharp/generator/artifacts/bin/TestProjects.Spector.Tests/Debug/net8.0/TestProjects.Spector.Tests.dll" adapterTypeName="executor://nunit3testexecutor/" className="TestProjects.Spector.Tests.Http._Type.Union.UnionTests" name="SendStringsOnly" />
    </UnitTest>
    <UnitTest name="RecursiveGet" storage="/home/runner/work/typespec/typespec/packages/http-client-csharp/generator/artifacts/bin/testprojects.spector.tests/debug/net8.0/testprojects.spector.tests.dll" id="d2aac64e-e603-e511-1481-da7b5e54b762">
      <Execution id="b312b5a4-3ecc-451b-97cc-47a9a92e7ed9" />
      <TestMethod codeBase="/home/runner/work/typespec/typespec/packages/http-client-csharp/generator/artifacts/bin/TestProjects.Spector.Tests/Debug/net8.0/TestProjects.Spector.Tests.dll" adapterTypeName="executor://nunit3testexecutor/" className="TestProjects.Spector.Tests.Http._Type.Model.Inheritance.Recursive.RecursiveTests" name="RecursiveGet" />
    </UnitTest>
    <UnitTest name="StringGetNonNull" storage="/home/runner/work/typespec/typespec/packages/http-client-csharp/generator/artifacts/bin/testprojects.spector.tests/debug/net8.0/testprojects.spector.tests.dll" id="acd3f14e-c2f1-9372-1787-7ec1b567d54c">
      <Execution id="977dcdb3-dda1-4c09-9548-2205be72236f" />
      <TestMethod codeBase="/home/runner/work/typespec/typespec/packages/http-client-csharp/generator/artifacts/bin/TestProjects.Spector.Tests/Debug/net8.0/TestProjects.Spector.Tests.dll" adapterTypeName="executor://nunit3testexecutor/" className="TestProjects.Spector.Tests.Http._Type.Property.Nullable.NullableTests" name="StringGetNonNull" />
    </UnitTest>
    <UnitTest name="Three" storage="/home/runner/work/typespec/typespec/packages/http-client-csharp/generator/artifacts/bin/testprojects.spector.tests/debug/net8.0/testprojects.spector.tests.dll" id="37877dbe-dfb0-b798-1767-e5bf44bf6e24">
      <Execution id="09d3d5aa-3993-4e4a-ad78-e78b3570fb4c" />
      <TestMethod codeBase="/home/runner/work/typespec/typespec/packages/http-client-csharp/generator/artifacts/bin/TestProjects.Spector.Tests/Debug/net8.0/TestProjects.Spector.Tests.dll" adapterTypeName="executor://nunit3testexecutor/" className="TestProjects.Spector.Tests.Http.Client.Structure.TwoOperationGroup.TwoOperationGroupTests" name="Three" />
    </UnitTest>
    <UnitTest name="ExtendsDifferentSpreadModelArrayGet" storage="/home/runner/work/typespec/typespec/packages/http-client-csharp/generator/artifacts/bin/testprojects.spector.tests/debug/net8.0/testprojects.spector.tests.dll" id="8682cd7b-e82a-a230-c58f-06df235dd674">
      <Execution id="2c7b6a18-05fd-4bfb-a425-4471bf832f0b" />
      <TestMethod codeBase="/home/runner/work/typespec/typespec/packages/http-client-csharp/generator/artifacts/bin/TestProjects.Spector.Tests/Debug/net8.0/TestProjects.Spector.Tests.dll" adapterTypeName="executor://nunit3testexecutor/" className="TestProjects.Spector.Tests.Http._Type.Property.AdditionalProperties.AdditionalPropertiesTests" name="ExtendsDifferentSpreadModelArrayGet" />
    </UnitTest>
    <UnitTest name="RoundTripWithModelInterfaceJson" storage="/home/runner/work/typespec/typespec/packages/http-client-csharp/generator/artifacts/bin/testprojects.spector.tests/debug/net8.0/testprojects.spector.tests.dll" id="59d3a30c-3e5a-a108-e99f-39e84fc290d5">
      <Execution id="e26d3508-5424-4cc7-8c93-156c33e4376a" />
      <TestMethod codeBase="/home/runner/work/typespec/typespec/packages/http-client-csharp/generator/artifacts/bin/TestProjects.Spector.Tests/Debug/net8.0/TestProjects.Spector.Tests.dll" adapterTypeName="executor://nunit3testexecutor/" className="TestProjects.Spector.Tests.Http._Type.Model.Inheritance.SingleDiscriminator.EagleTests" name="RoundTripWithModelInterfaceJson" />
    </UnitTest>
    <UnitTest name="GetExtensibleModelMissingDiscriminator" storage="/home/runner/work/typespec/typespec/packages/http-client-csharp/generator/artifacts/bin/testprojects.spector.tests/debug/net8.0/testprojects.spector.tests.dll" id="85fc182b-324b-21fe-0b29-569b247fb68b">
      <Execution id="9a590539-76cc-445f-b2e8-0476816ebb31" />
      <TestMethod codeBase="/home/runner/work/typespec/typespec/packages/http-client-csharp/generator/artifacts/bin/TestProjects.Spector.Tests/Debug/net8.0/TestProjects.Spector.Tests.dll" adapterTypeName="executor://nunit3testexecutor/" className="TestProjects.Spector.Tests.Http._Type.Model.Inheritance.EnumDiscriminator.EnumDiscriminatorTests" name="GetExtensibleModelMissingDiscriminator" />
    </UnitTest>
    <UnitTest name="Normal" storage="/home/runner/work/typespec/typespec/packages/http-client-csharp/generator/artifacts/bin/testprojects.spector.tests/debug/net8.0/testprojects.spector.tests.dll" id="738b23ca-593c-9c40-e043-c828986be789">
      <Execution id="086b4704-500c-4575-b014-36b512875ed8" />
      <TestMethod codeBase="/home/runner/work/typespec/typespec/packages/http-client-csharp/generator/artifacts/bin/TestProjects.Spector.Tests/Debug/net8.0/TestProjects.Spector.Tests.dll" adapterTypeName="executor://nunit3testexecutor/" className="TestProjects.Spector.Tests.Http.Parameters.Path.PathTests" name="Normal" />
    </UnitTest>
    <UnitTest name="ModelsWithForAsync" storage="/home/runner/work/typespec/typespec/packages/http-client-csharp/generator/artifacts/bin/testprojects.spector.tests/debug/net8.0/testprojects.spector.tests.dll" id="f4c27759-8d14-75fa-0cd9-51b1ebbc79f9">
      <Execution id="a6627e2d-e71e-47a1-8677-795339a93a42" />
      <TestMethod codeBase="/home/runner/work/typespec/typespec/packages/http-client-csharp/generator/artifacts/bin/TestProjects.Spector.Tests/Debug/net8.0/TestProjects.Spector.Tests.dll" adapterTypeName="executor://nunit3testexecutor/" className="TestProjects.Spector.Tests.Http.SpecialWords.SpecialWordsTests" name="ModelsWithForAsync" />
    </UnitTest>
    <UnitTest name="DatetimeValueGet" storage="/home/runner/work/typespec/typespec/packages/http-client-csharp/generator/artifacts/bin/testprojects.spector.tests/debug/net8.0/testprojects.spector.tests.dll" id="d0a1fed3-567b-a6a4-a4f1-b3212ab2f2ab">
      <Execution id="b4afd66e-ccf7-48a0-a84a-e5ae8f98be80" />
      <TestMethod codeBase="/home/runner/work/typespec/typespec/packages/http-client-csharp/generator/artifacts/bin/TestProjects.Spector.Tests/Debug/net8.0/TestProjects.Spector.Tests.dll" adapterTypeName="executor://nunit3testexecutor/" className="TestProjects.Spector.Tests.Http._Type.Dictionary.DictionaryTests" name="DatetimeValueGet" />
    </UnitTest>
    <UnitTest name="DictionaryStringPut" storage="/home/runner/work/typespec/typespec/packages/http-client-csharp/generator/artifacts/bin/testprojects.spector.tests/debug/net8.0/testprojects.spector.tests.dll" id="147fc18f-bce1-9d2e-38b9-b19831c7fed4">
      <Execution id="b5f589ff-d91d-4292-96c0-d264779fc6ef" />
      <TestMethod codeBase="/home/runner/work/typespec/typespec/packages/http-client-csharp/generator/artifacts/bin/TestProjects.Spector.Tests/Debug/net8.0/TestProjects.Spector.Tests.dll" adapterTypeName="executor://nunit3testexecutor/" className="TestProjects.Spector.Tests.Http._Type.Property.ValueTypes.ValueTypesTests" name="DictionaryStringPut" />
    </UnitTest>
    <UnitTest name="CollectionsModelPut" storage="/home/runner/work/typespec/typespec/packages/http-client-csharp/generator/artifacts/bin/testprojects.spector.tests/debug/net8.0/testprojects.spector.tests.dll" id="f479c527-ea15-77bf-9aec-573b4312afd2">
      <Execution id="520496b6-85d6-4a05-a73b-afdccdf9e5e8" />
      <TestMethod codeBase="/home/runner/work/typespec/typespec/packages/http-client-csharp/generator/artifacts/bin/TestProjects.Spector.Tests/Debug/net8.0/TestProjects.Spector.Tests.dll" adapterTypeName="executor://nunit3testexecutor/" className="TestProjects.Spector.Tests.Http._Type.Property.ValueTypes.ValueTypesTests" name="CollectionsModelPut" />
    </UnitTest>
    <UnitTest name="StringPatchNull" storage="/home/runner/work/typespec/typespec/packages/http-client-csharp/generator/artifacts/bin/testprojects.spector.tests/debug/net8.0/testprojects.spector.tests.dll" id="67c07337-578a-e013-10f3-2c5670a50f07">
      <Execution id="64090500-261a-4c2b-8ad7-c63201889ede" />
      <TestMethod codeBase="/home/runner/work/typespec/typespec/packages/http-client-csharp/generator/artifacts/bin/TestProjects.Spector.Tests/Debug/net8.0/TestProjects.Spector.Tests.dll" adapterTypeName="executor://nunit3testexecutor/" className="TestProjects.Spector.Tests.Http._Type.Property.Nullable.NullableTests" name="StringPatchNull" />
    </UnitTest>
    <UnitTest name="StringLiteralGetDefault" storage="/home/runner/work/typespec/typespec/packages/http-client-csharp/generator/artifacts/bin/testprojects.spector.tests/debug/net8.0/testprojects.spector.tests.dll" id="dceb5b2c-5320-0bf1-69a9-231a593a5d70">
      <Execution id="91cba079-cbc6-4a60-97ff-7f20fdf224a7" />
      <TestMethod codeBase="/home/runner/work/typespec/typespec/packages/http-client-csharp/generator/artifacts/bin/TestProjects.Spector.Tests/Debug/net8.0/TestProjects.Spector.Tests.dll" adapterTypeName="executor://nunit3testexecutor/" className="TestProjects.Spector.Tests.Http._Type.Property.Optionality.OptionalityTests" name="StringLiteralGetDefault" />
    </UnitTest>
    <UnitTest name="SpreadModelGet" storage="/home/runner/work/typespec/typespec/packages/http-client-csharp/generator/artifacts/bin/testprojects.spector.tests/debug/net8.0/testprojects.spector.tests.dll" id="7d8c6ca5-dc67-50fb-2fd2-1c2157b728a6">
      <Execution id="58e5dce4-e9f3-41bf-85da-07aae54bf25a" />
      <TestMethod codeBase="/home/runner/work/typespec/typespec/packages/http-client-csharp/generator/artifacts/bin/TestProjects.Spector.Tests/Debug/net8.0/TestProjects.Spector.Tests.dll" adapterTypeName="executor://nunit3testexecutor/" className="TestProjects.Spector.Tests.Http._Type.Property.AdditionalProperties.AdditionalPropertiesTests" name="SpreadModelGet" />
    </UnitTest>
    <UnitTest name="ParametersWithTryAsync" storage="/home/runner/work/typespec/typespec/packages/http-client-csharp/generator/artifacts/bin/testprojects.spector.tests/debug/net8.0/testprojects.spector.tests.dll" id="5ceb7b37-fd7e-5d1b-9457-246624e2ca1f">
      <Execution id="8b86f978-0e62-48f0-8fed-10c1d550f39c" />
      <TestMethod codeBase="/home/runner/work/typespec/typespec/packages/http-client-csharp/generator/artifacts/bin/TestProjects.Spector.Tests/Debug/net8.0/TestProjects.Spector.Tests.dll" adapterTypeName="executor://nunit3testexecutor/" className="TestProjects.Spector.Tests.Http.SpecialWords.SpecialWordsTests" name="ParametersWithTryAsync" />
    </UnitTest>
    <UnitTest name="LabelExpansionArray" storage="/home/runner/work/typespec/typespec/packages/http-client-csharp/generator/artifacts/bin/testprojects.spector.tests/debug/net8.0/testprojects.spector.tests.dll" id="db570c89-0c17-67f9-68b7-a045941bff8c">
      <Execution id="3a2287f0-5d1d-4654-a195-76af71a51dc8" />
      <TestMethod codeBase="/home/runner/work/typespec/typespec/packages/http-client-csharp/generator/artifacts/bin/TestProjects.Spector.Tests/Debug/net8.0/TestProjects.Spector.Tests.dll" adapterTypeName="executor://nunit3testexecutor/" className="TestProjects.Spector.Tests.Http.Routes.PathParameterTests" name="LabelExpansionArray" />
    </UnitTest>
    <UnitTest name="ThrowsIfWireIsNotJson" storage="/home/runner/work/typespec/typespec/packages/http-client-csharp/generator/artifacts/bin/testprojects.spector.tests/debug/net8.0/testprojects.spector.tests.dll" id="c6a16e31-5525-bac7-671f-4578facffc56">
      <Execution id="3faec24c-4609-4796-9f91-6d1109cd4727" />
      <TestMethod codeBase="/home/runner/work/typespec/typespec/packages/http-client-csharp/generator/artifacts/bin/TestProjects.Spector.Tests/Debug/net8.0/TestProjects.Spector.Tests.dll" adapterTypeName="executor://nunit3testexecutor/" className="TestProjects.Spector.Tests.Http._Type.Property.AdditionalProperties.MultipleSpreadRecordTests" name="ThrowsIfWireIsNotJson" />
    </UnitTest>
    <UnitTest name="ExtendsFloatGet" storage="/home/runner/work/typespec/typespec/packages/http-client-csharp/generator/artifacts/bin/testprojects.spector.tests/debug/net8.0/testprojects.spector.tests.dll" id="b2a29d83-2255-dfd1-e53d-8365f7ee4c3d">
      <Execution id="d6888f59-3cc6-4dca-b02c-70cc32e5c463" />
      <TestMethod codeBase="/home/runner/work/typespec/typespec/packages/http-client-csharp/generator/artifacts/bin/TestProjects.Spector.Tests/Debug/net8.0/TestProjects.Spector.Tests.dll" adapterTypeName="executor://nunit3testexecutor/" className="TestProjects.Spector.Tests.Http._Type.Property.AdditionalProperties.AdditionalPropertiesTests" name="ExtendsFloatGet" />
    </UnitTest>
    <UnitTest name="ParametersWithAsAsync" storage="/home/runner/work/typespec/typespec/packages/http-client-csharp/generator/artifacts/bin/testprojects.spector.tests/debug/net8.0/testprojects.spector.tests.dll" id="859e5a39-c04c-79a8-2f78-d6b25c317ca4">
      <Execution id="b57080c1-5c1a-4c85-9217-1236b5dbb0ad" />
      <TestMethod codeBase="/home/runner/work/typespec/typespec/packages/http-client-csharp/generator/artifacts/bin/TestProjects.Spector.Tests/Debug/net8.0/TestProjects.Spector.Tests.dll" adapterTypeName="executor://nunit3testexecutor/" className="TestProjects.Spector.Tests.Http.SpecialWords.SpecialWordsTests" name="ParametersWithAsAsync" />
    </UnitTest>
    <UnitTest name="Alias_SpreadAsRequestBody" storage="/home/runner/work/typespec/typespec/packages/http-client-csharp/generator/artifacts/bin/testprojects.spector.tests/debug/net8.0/testprojects.spector.tests.dll" id="705525e6-cc73-452a-63c1-3c9cb7bce78c">
      <Execution id="d64285cc-85b1-41a6-a4a0-c7ff0f761732" />
      <TestMethod codeBase="/home/runner/work/typespec/typespec/packages/http-client-csharp/generator/artifacts/bin/TestProjects.Spector.Tests/Debug/net8.0/TestProjects.Spector.Tests.dll" adapterTypeName="executor://nunit3testexecutor/" className="TestProjects.Spector.Tests.Http.Parameters.Spread.SpreadTests" name="Alias_SpreadAsRequestBody" />
    </UnitTest>
    <UnitTest name="QueryContinuationArray" storage="/home/runner/work/typespec/typespec/packages/http-client-csharp/generator/artifacts/bin/testprojects.spector.tests/debug/net8.0/testprojects.spector.tests.dll" id="26cc5b1c-7cb4-828d-078d-9e9d640c14e9">
      <Execution id="3ff2abc2-a870-4b56-a75f-1b784dfd014c" />
      <TestMethod codeBase="/home/runner/work/typespec/typespec/packages/http-client-csharp/generator/artifacts/bin/TestProjects.Spector.Tests/Debug/net8.0/TestProjects.Spector.Tests.dll" adapterTypeName="executor://nunit3testexecutor/" className="TestProjects.Spector.Tests.Http.Routes.QueryParameterTests" name="QueryContinuationArray" />
    </UnitTest>
    <UnitTest name="GetModelsOnly" storage="/home/runner/work/typespec/typespec/packages/http-client-csharp/generator/artifacts/bin/testprojects.spector.tests/debug/net8.0/testprojects.spector.tests.dll" id="04ac2f11-3b00-60e3-ea69-d039a18adb21">
      <Execution id="0578c45b-68bf-4020-bf6e-1f6a970c02e8" />
      <TestMethod codeBase="/home/runner/work/typespec/typespec/packages/http-client-csharp/generator/artifacts/bin/TestProjects.Spector.Tests/Debug/net8.0/TestProjects.Spector.Tests.dll" adapterTypeName="executor://nunit3testexecutor/" className="TestProjects.Spector.Tests.Http._Type.Union.UnionTests" name="GetModelsOnly" />
    </UnitTest>
    <UnitTest name="DurationValuePut" storage="/home/runner/work/typespec/typespec/packages/http-client-csharp/generator/artifacts/bin/testprojects.spector.tests/debug/net8.0/testprojects.spector.tests.dll" id="5d24ff1f-a182-494a-0683-c112671c38cd">
      <Execution id="6c348eb6-205d-4565-ac97-657a59526e6c" />
      <TestMethod codeBase="/home/runner/work/typespec/typespec/packages/http-client-csharp/generator/artifacts/bin/TestProjects.Spector.Tests/Debug/net8.0/TestProjects.Spector.Tests.dll" adapterTypeName="executor://nunit3testexecutor/" className="TestProjects.Spector.Tests.Http._Type._Array.ArrayTests" name="DurationValuePut" />
    </UnitTest>
    <UnitTest name="PathExplicit" storage="/home/runner/work/typespec/typespec/packages/http-client-csharp/generator/artifacts/bin/testprojects.spector.tests/debug/net8.0/testprojects.spector.tests.dll" id="2f945e99-5286-a8cf-c2a9-cc9947cf2514">
      <Execution id="8787ec3c-6537-4d9a-8eb6-e0df73676543" />
      <TestMethod codeBase="/home/runner/work/typespec/typespec/packages/http-client-csharp/generator/artifacts/bin/TestProjects.Spector.Tests/Debug/net8.0/TestProjects.Spector.Tests.dll" adapterTypeName="executor://nunit3testexecutor/" className="TestProjects.Spector.Tests.Http.Routes.PathParameterTests" name="PathExplicit" />
    </UnitTest>
    <UnitTest name="ExtendsDifferentSpreadModelGet" storage="/home/runner/work/typespec/typespec/packages/http-client-csharp/generator/artifacts/bin/testprojects.spector.tests/debug/net8.0/testprojects.spector.tests.dll" id="7930635e-012d-5d00-6266-e2022fedd43c">
      <Execution id="cfe12650-e69d-46ce-a95c-322bd536eb00" />
      <TestMethod codeBase="/home/runner/work/typespec/typespec/packages/http-client-csharp/generator/artifacts/bin/TestProjects.Spector.Tests/Debug/net8.0/TestProjects.Spector.Tests.dll" adapterTypeName="executor://nunit3testexecutor/" className="TestProjects.Spector.Tests.Http._Type.Property.AdditionalProperties.AdditionalPropertiesTests" name="ExtendsDifferentSpreadModelGet" />
    </UnitTest>
    <UnitTest name="RoundTripWithModelReaderWriterWire" storage="/home/runner/work/typespec/typespec/packages/http-client-csharp/generator/artifacts/bin/testprojects.spector.tests/debug/net8.0/testprojects.spector.tests.dll" id="788d9d46-bb7f-54c2-aa45-8dd2e6e6c2ea">
      <Execution id="b490c337-bbfb-486c-bfd6-7b0ffbe7fbac" />
      <TestMethod codeBase="/home/runner/work/typespec/typespec/packages/http-client-csharp/generator/artifacts/bin/TestProjects.Spector.Tests/Debug/net8.0/TestProjects.Spector.Tests.dll" adapterTypeName="executor://nunit3testexecutor/" className="TestProjects.Spector.Tests.Http._Type.Property.AdditionalProperties.DifferentSpreadStringDerivedTests" name="RoundTripWithModelReaderWriterWire" />
    </UnitTest>
    <UnitTest name="RoundTripWithJsonInterfaceNonGenericWire" storage="/home/runner/work/typespec/typespec/packages/http-client-csharp/generator/artifacts/bin/testprojects.spector.tests/debug/net8.0/testprojects.spector.tests.dll" id="d06725fe-5665-8ba6-d9ea-aed1cd48b438">
      <Execution id="ff39c757-bac0-4c7e-893a-01340e840f85" />
      <TestMethod codeBase="/home/runner/work/typespec/typespec/packages/http-client-csharp/generator/artifacts/bin/TestProjects.Spector.Tests/Debug/net8.0/TestProjects.Spector.Tests.dll" adapterTypeName="executor://nunit3testexecutor/" className="TestProjects.Spector.Tests.Http._Type.Property.AdditionalProperties.DifferentSpreadStringDerivedTests" name="RoundTripWithJsonInterfaceNonGenericWire" />
    </UnitTest>
    <UnitTest name="Two" storage="/home/runner/work/typespec/typespec/packages/http-client-csharp/generator/artifacts/bin/testprojects.spector.tests/debug/net8.0/testprojects.spector.tests.dll" id="bf43e289-2eab-fb02-da1a-4417f0778d56">
      <Execution id="85d20819-85af-4a52-98ce-e1cb29348fff" />
      <TestMethod codeBase="/home/runner/work/typespec/typespec/packages/http-client-csharp/generator/artifacts/bin/TestProjects.Spector.Tests/Debug/net8.0/TestProjects.Spector.Tests.dll" adapterTypeName="executor://nunit3testexecutor/" className="TestProjects.Spector.Tests.Http.Client.Structure.ClientOperationGroup.ClientOperationGroupTests" name="Two" />
    </UnitTest>
    <UnitTest name="ModelGet" storage="/home/runner/work/typespec/typespec/packages/http-client-csharp/generator/artifacts/bin/testprojects.spector.tests/debug/net8.0/testprojects.spector.tests.dll" id="c398ce42-db9d-78fd-b092-a14cb15fdbdd">
      <Execution id="5e5b75b6-e7ad-4a45-b0ab-34501527a452" />
      <TestMethod codeBase="/home/runner/work/typespec/typespec/packages/http-client-csharp/generator/artifacts/bin/TestProjects.Spector.Tests/Debug/net8.0/TestProjects.Spector.Tests.dll" adapterTypeName="executor://nunit3testexecutor/" className="TestProjects.Spector.Tests.Http._Type.Property.ValueTypes.ValueTypesTests" name="ModelGet" />
    </UnitTest>
    <UnitTest name="OperationsYieldAsync" storage="/home/runner/work/typespec/typespec/packages/http-client-csharp/generator/artifacts/bin/testprojects.spector.tests/debug/net8.0/testprojects.spector.tests.dll" id="9327744f-7a74-0a38-2242-7f2cabff18a8">
      <Execution id="91787971-fe94-44be-b0a0-f13845e8892f" />
      <TestMethod codeBase="/home/runner/work/typespec/typespec/packages/http-client-csharp/generator/artifacts/bin/TestProjects.Spector.Tests/Debug/net8.0/TestProjects.Spector.Tests.dll" adapterTypeName="executor://nunit3testexecutor/" className="TestProjects.Spector.Tests.Http.SpecialWords.SpecialWordsTests" name="OperationsYieldAsync" />
    </UnitTest>
    <UnitTest name="GetStringExtensibleOnly" storage="/home/runner/work/typespec/typespec/packages/http-client-csharp/generator/artifacts/bin/testprojects.spector.tests/debug/net8.0/testprojects.spector.tests.dll" id="52ae8eb1-30fe-4437-8223-d4e8b4e8161e">
      <Execution id="06fde00e-1e8e-4525-bf45-fc9d1b870ebd" />
      <TestMethod codeBase="/home/runner/work/typespec/typespec/packages/http-client-csharp/generator/artifacts/bin/TestProjects.Spector.Tests/Debug/net8.0/TestProjects.Spector.Tests.dll" adapterTypeName="executor://nunit3testexecutor/" className="TestProjects.Spector.Tests.Http._Type.Union.UnionTests" name="GetStringExtensibleOnly" />
    </UnitTest>
    <UnitTest name="Five" storage="/home/runner/work/typespec/typespec/packages/http-client-csharp/generator/artifacts/bin/testprojects.spector.tests/debug/net8.0/testprojects.spector.tests.dll" id="cc20a33d-d540-df4f-fdbe-0995897f77b1">
      <Execution id="96ed6fe4-098f-492e-9493-730b1b37db6e" />
      <TestMethod codeBase="/home/runner/work/typespec/typespec/packages/http-client-csharp/generator/artifacts/bin/TestProjects.Spector.Tests/Debug/net8.0/TestProjects.Spector.Tests.dll" adapterTypeName="executor://nunit3testexecutor/" className="TestProjects.Spector.Tests.Http.Client.Structure.ClientOperationGroup.ClientOperationGroupTests" name="Five" />
    </UnitTest>
    <UnitTest name="CollectionsStringPatchNonNull" storage="/home/runner/work/typespec/typespec/packages/http-client-csharp/generator/artifacts/bin/testprojects.spector.tests/debug/net8.0/testprojects.spector.tests.dll" id="6979139b-e96e-a45f-c701-3e0a735163d4">
      <Execution id="d9c5ea26-0f07-4c4e-a8df-fb1814c67e83" />
      <TestMethod codeBase="/home/runner/work/typespec/typespec/packages/http-client-csharp/generator/artifacts/bin/TestProjects.Spector.Tests/Debug/net8.0/TestProjects.Spector.Tests.dll" adapterTypeName="executor://nunit3testexecutor/" className="TestProjects.Spector.Tests.Http._Type.Property.Nullable.NullableTests" name="CollectionsStringPatchNonNull" />
    </UnitTest>
    <UnitTest name="GetMissingDiscriminator" storage="/home/runner/work/typespec/typespec/packages/http-client-csharp/generator/artifacts/bin/testprojects.spector.tests/debug/net8.0/testprojects.spector.tests.dll" id="c4379fb5-5c53-1d7c-1661-71b06b8bbb07">
      <Execution id="ccaadad0-afa8-47ed-9693-ea079916c788" />
      <TestMethod codeBase="/home/runner/work/typespec/typespec/packages/http-client-csharp/generator/artifacts/bin/TestProjects.Spector.Tests/Debug/net8.0/TestProjects.Spector.Tests.dll" adapterTypeName="executor://nunit3testexecutor/" className="TestProjects.Spector.Tests.Http._Type.Model.Inheritance.NestedDiscriminator.NestedDiscriminatorTests" name="GetMissingDiscriminator" />
    </UnitTest>
    <UnitTest name="Alias_SpreadAliasinAlias" storage="/home/runner/work/typespec/typespec/packages/http-client-csharp/generator/artifacts/bin/testprojects.spector.tests/debug/net8.0/testprojects.spector.tests.dll" id="404c999d-0daa-255c-fea9-31bfbf15be09">
      <Execution id="f11da8ae-27a3-41e3-8c4e-ae191f34ca1b" />
      <TestMethod codeBase="/home/runner/work/typespec/typespec/packages/http-client-csharp/generator/artifacts/bin/TestProjects.Spector.Tests/Debug/net8.0/TestProjects.Spector.Tests.dll" adapterTypeName="executor://nunit3testexecutor/" className="TestProjects.Spector.Tests.Http.Parameters.Spread.SpreadTests" name="Alias_SpreadAliasinAlias" />
    </UnitTest>
    <UnitTest name="ModelsWithConstructorAsync" storage="/home/runner/work/typespec/typespec/packages/http-client-csharp/generator/artifacts/bin/testprojects.spector.tests/debug/net8.0/testprojects.spector.tests.dll" id="fbcfad3b-8f82-8b6e-759e-f0dc8337381f">
      <Execution id="44fdc422-92a6-455e-8d68-1c1807e77080" />
      <TestMethod codeBase="/home/runner/work/typespec/typespec/packages/http-client-csharp/generator/artifacts/bin/TestProjects.Spector.Tests/Debug/net8.0/TestProjects.Spector.Tests.dll" adapterTypeName="executor://nunit3testexecutor/" className="TestProjects.Spector.Tests.Http.SpecialWords.SpecialWordsTests" name="ModelsWithConstructorAsync" />
    </UnitTest>
    <UnitTest name="ModelsWithIsAsync" storage="/home/runner/work/typespec/typespec/packages/http-client-csharp/generator/artifacts/bin/testprojects.spector.tests/debug/net8.0/testprojects.spector.tests.dll" id="4a2232db-ef72-d944-c6b6-053f4c284b3f">
      <Execution id="4d057e39-15ad-427b-a11f-91125f64b3f6" />
      <TestMethod codeBase="/home/runner/work/typespec/typespec/packages/http-client-csharp/generator/artifacts/bin/TestProjects.Spector.Tests/Debug/net8.0/TestProjects.Spector.Tests.dll" adapterTypeName="executor://nunit3testexecutor/" className="TestProjects.Spector.Tests.Http.SpecialWords.SpecialWordsTests" name="ModelsWithIsAsync" />
    </UnitTest>
    <UnitTest name="PutUnknownValue" storage="/home/runner/work/typespec/typespec/packages/http-client-csharp/generator/artifacts/bin/testprojects.spector.tests/debug/net8.0/testprojects.spector.tests.dll" id="f4b871c0-3ff6-e28b-9e87-d3ef9c5cf49a">
      <Execution id="a7c0785e-07b0-486b-b0f9-d41411aff122" />
      <TestMethod codeBase="/home/runner/work/typespec/typespec/packages/http-client-csharp/generator/artifacts/bin/TestProjects.Spector.Tests/Debug/net8.0/TestProjects.Spector.Tests.dll" adapterTypeName="executor://nunit3testexecutor/" className="TestProjects.Spector.Tests.Http._Type._Enum.Fixed.FixedTests" name="PutUnknownValue" />
    </UnitTest>
    <UnitTest name="ReservedAnnotation" storage="/home/runner/work/typespec/typespec/packages/http-client-csharp/generator/artifacts/bin/testprojects.spector.tests/debug/net8.0/testprojects.spector.tests.dll" id="164bccbd-90cc-0a46-d19c-e8656c4478ab">
      <Execution id="6dc894a3-dc04-4d53-94df-40a38f8a5736" />
      <TestMethod codeBase="/home/runner/work/typespec/typespec/packages/http-client-csharp/generator/artifacts/bin/TestProjects.Spector.Tests/Debug/net8.0/TestProjects.Spector.Tests.dll" adapterTypeName="executor://nunit3testexecutor/" className="TestProjects.Spector.Tests.Http.Routes.PathParameterTests" name="ReservedAnnotation" />
    </UnitTest>
    <UnitTest name="NeverGet" storage="/home/runner/work/typespec/typespec/packages/http-client-csharp/generator/artifacts/bin/testprojects.spector.tests/debug/net8.0/testprojects.spector.tests.dll" id="0728a934-cc2b-8459-23c3-dca6bc733b9b">
      <Execution id="e9697746-8b44-4093-8984-7ea977a49b15" />
      <TestMethod codeBase="/home/runner/work/typespec/typespec/packages/http-client-csharp/generator/artifacts/bin/TestProjects.Spector.Tests/Debug/net8.0/TestProjects.Spector.Tests.dll" adapterTypeName="executor://nunit3testexecutor/" className="TestProjects.Spector.Tests.Http._Type.Property.ValueTypes.ValueTypesTests" name="NeverGet" />
    </UnitTest>
    <UnitTest name="ModelValuePut" storage="/home/runner/work/typespec/typespec/packages/http-client-csharp/generator/artifacts/bin/testprojects.spector.tests/debug/net8.0/testprojects.spector.tests.dll" id="157d2596-e393-7eee-546a-c5b56805f57f">
      <Execution id="1242e7eb-fd34-4537-a0b6-a3aa53615574" />
      <TestMethod codeBase="/home/runner/work/typespec/typespec/packages/http-client-csharp/generator/artifacts/bin/TestProjects.Spector.Tests/Debug/net8.0/TestProjects.Spector.Tests.dll" adapterTypeName="executor://nunit3testexecutor/" className="TestProjects.Spector.Tests.Http._Type._Array.ArrayTests" name="ModelValuePut" />
    </UnitTest>
    <UnitTest name="QueryFloatSeconds" storage="/home/runner/work/typespec/typespec/packages/http-client-csharp/generator/artifacts/bin/testprojects.spector.tests/debug/net8.0/testprojects.spector.tests.dll" id="8af07428-4f6d-dfc7-8036-c8192e779f8c">
      <Execution id="dc9e7581-08ba-4ae1-b578-c3f88ebcffb5" />
      <TestMethod codeBase="/home/runner/work/typespec/typespec/packages/http-client-csharp/generator/artifacts/bin/TestProjects.Spector.Tests/Debug/net8.0/TestProjects.Spector.Tests.dll" adapterTypeName="executor://nunit3testexecutor/" className="TestProjects.Spector.Tests.Http.Encode.Duration.EncodeDurationTests" name="QueryFloatSeconds" />
    </UnitTest>
    <UnitTest name="CollectionsBytePutDefault" storage="/home/runner/work/typespec/typespec/packages/http-client-csharp/generator/artifacts/bin/testprojects.spector.tests/debug/net8.0/testprojects.spector.tests.dll" id="65eee8a6-2b61-ec37-98c0-a15a9c9bcb58">
      <Execution id="0e0a7f11-9f3c-4d14-ab25-c06638c77080" />
      <TestMethod codeBase="/home/runner/work/typespec/typespec/packages/http-client-csharp/generator/artifacts/bin/TestProjects.Spector.Tests/Debug/net8.0/TestProjects.Spector.Tests.dll" adapterTypeName="executor://nunit3testexecutor/" className="TestProjects.Spector.Tests.Http._Type.Property.Optionality.OptionalityTests" name="CollectionsBytePutDefault" />
    </UnitTest>
    <UnitTest name="RoundTripWithJsonInterfaceNonGenericJson" storage="/home/runner/work/typespec/typespec/packages/http-client-csharp/generator/artifacts/bin/testprojects.spector.tests/debug/net8.0/testprojects.spector.tests.dll" id="7aa13ed7-6db7-29f4-987b-fb6da0f2bd56">
      <Execution id="253f134b-679c-4cc2-86b0-1666d46e3199" />
      <TestMethod codeBase="/home/runner/work/typespec/typespec/packages/http-client-csharp/generator/artifacts/bin/TestProjects.Spector.Tests/Debug/net8.0/TestProjects.Spector.Tests.dll" adapterTypeName="executor://nunit3testexecutor/" className="TestProjects.Spector.Tests.Http._Type.Property.AdditionalProperties.MultipleSpreadRecordTests" name="RoundTripWithJsonInterfaceNonGenericJson" />
    </UnitTest>
    <UnitTest name="ModelsWithImportAsync" storage="/home/runner/work/typespec/typespec/packages/http-client-csharp/generator/artifacts/bin/testprojects.spector.tests/debug/net8.0/testprojects.spector.tests.dll" id="b5c2c443-15d3-fbe1-783c-4659af59d27c">
      <Execution id="a31f1972-0324-430b-9662-6799938fe1c5" />
      <TestMethod codeBase="/home/runner/work/typespec/typespec/packages/http-client-csharp/generator/artifacts/bin/TestProjects.Spector.Tests/Debug/net8.0/TestProjects.Spector.Tests.dll" adapterTypeName="executor://nunit3testexecutor/" className="TestProjects.Spector.Tests.Http.SpecialWords.SpecialWordsTests" name="ModelsWithImportAsync" />
    </UnitTest>
    <UnitTest name="Int64ValueGet" storage="/home/runner/work/typespec/typespec/packages/http-client-csharp/generator/artifacts/bin/testprojects.spector.tests/debug/net8.0/testprojects.spector.tests.dll" id="2799f7e1-65a2-e058-63eb-adec78ad1fd2">
      <Execution id="9705ab00-e66f-4413-8b7e-cea92e558dca" />
      <TestMethod codeBase="/home/runner/work/typespec/typespec/packages/http-client-csharp/generator/artifacts/bin/TestProjects.Spector.Tests/Debug/net8.0/TestProjects.Spector.Tests.dll" adapterTypeName="executor://nunit3testexecutor/" className="TestProjects.Spector.Tests.Http._Type._Array.ArrayTests" name="Int64ValueGet" />
    </UnitTest>
    <UnitTest name="ParametersWithElifAsync" storage="/home/runner/work/typespec/typespec/packages/http-client-csharp/generator/artifacts/bin/testprojects.spector.tests/debug/net8.0/testprojects.spector.tests.dll" id="00412995-7b1c-356a-bb6a-b102960282e3">
      <Execution id="1d6de42f-ec74-43ba-b481-c8dfeeace5d8" />
      <TestMethod codeBase="/home/runner/work/typespec/typespec/packages/http-client-csharp/generator/artifacts/bin/TestProjects.Spector.Tests/Debug/net8.0/TestProjects.Spector.Tests.dll" adapterTypeName="executor://nunit3testexecutor/" className="TestProjects.Spector.Tests.Http.SpecialWords.SpecialWordsTests" name="ParametersWithElifAsync" />
    </UnitTest>
    <UnitTest name="Basic" storage="/home/runner/work/typespec/typespec/packages/http-client-csharp/generator/artifacts/bin/testprojects.spector.tests/debug/net8.0/testprojects.spector.tests.dll" id="e81ecf66-f1fa-1e67-4645-cf19a9a36522">
      <Execution id="f7380877-5d94-4bb8-bcb0-af87ca54ace1" />
      <TestMethod codeBase="/home/runner/work/typespec/typespec/packages/http-client-csharp/generator/artifacts/bin/TestProjects.Spector.Tests/Debug/net8.0/TestProjects.Spector.Tests.dll" adapterTypeName="executor://nunit3testexecutor/" className="TestProjects.Spector.Tests.Http.Payload.Multipart.MultipartTests" name="Basic" />
    </UnitTest>
    <UnitTest name="ImmediateSuccess" storage="/home/runner/work/typespec/typespec/packages/http-client-csharp/generator/artifacts/bin/testprojects.spector.tests/debug/net8.0/testprojects.spector.tests.dll" id="0b116c9b-2e02-c09e-a06d-b3d54a91a261">
      <Execution id="8f16f2d0-bbd6-4027-be42-50f1ed798151" />
      <TestMethod codeBase="/home/runner/work/typespec/typespec/packages/http-client-csharp/generator/artifacts/bin/TestProjects.Spector.Tests/Debug/net8.0/TestProjects.Spector.Tests.dll" adapterTypeName="executor://nunit3testexecutor/" className="TestProjects.Spector.Tests.Http.SpecialHeaders.Repeatability.RepeatabilityTests" name="ImmediateSuccess" />
    </UnitTest>
    <UnitTest name="ModelsWithFinallyAsync" storage="/home/runner/work/typespec/typespec/packages/http-client-csharp/generator/artifacts/bin/testprojects.spector.tests/debug/net8.0/testprojects.spector.tests.dll" id="54970370-ff41-1690-3bb5-6e3c3dd11e8a">
      <Execution id="a66bd1d1-7e41-4765-995a-d4727533f673" />
      <TestMethod codeBase="/home/runner/work/typespec/typespec/packages/http-client-csharp/generator/artifacts/bin/TestProjects.Spector.Tests/Debug/net8.0/TestProjects.Spector.Tests.dll" adapterTypeName="executor://nunit3testexecutor/" className="TestProjects.Spector.Tests.Http.SpecialWords.SpecialWordsTests" name="ModelsWithFinallyAsync" />
    </UnitTest>
    <UnitTest name="Valid" storage="/home/runner/work/typespec/typespec/packages/http-client-csharp/generator/artifacts/bin/testprojects.spector.tests/debug/net8.0/testprojects.spector.tests.dll" id="f912cb77-5f50-7843-304a-ac19add17cce">
      <Execution id="85fe5ca7-af6d-4677-af56-5a116c0a8721" />
      <TestMethod codeBase="/home/runner/work/typespec/typespec/packages/http-client-csharp/generator/artifacts/bin/TestProjects.Spector.Tests/Debug/net8.0/TestProjects.Spector.Tests.dll" adapterTypeName="executor://nunit3testexecutor/" className="TestProjects.Spector.Tests.Http.Authentication.ApiKey.ApiKeyTests" name="Valid" />
    </UnitTest>
    <UnitTest name="QueryInt32SecondsArray" storage="/home/runner/work/typespec/typespec/packages/http-client-csharp/generator/artifacts/bin/testprojects.spector.tests/debug/net8.0/testprojects.spector.tests.dll" id="43a0f7aa-d93e-d087-738b-a7df47b12c57">
      <Execution id="fcbbd3ff-e2fe-45b9-80ff-89c684a63880" />
      <TestMethod codeBase="/home/runner/work/typespec/typespec/packages/http-client-csharp/generator/artifacts/bin/TestProjects.Spector.Tests/Debug/net8.0/TestProjects.Spector.Tests.dll" adapterTypeName="executor://nunit3testexecutor/" className="TestProjects.Spector.Tests.Http.Encode.Duration.EncodeDurationTests" name="QueryInt32SecondsArray" />
    </UnitTest>
    <UnitTest name="Int64ValuePut" storage="/home/runner/work/typespec/typespec/packages/http-client-csharp/generator/artifacts/bin/testprojects.spector.tests/debug/net8.0/testprojects.spector.tests.dll" id="83c8a6f6-7747-a4ad-1868-25d174f9208f">
      <Execution id="d604ba6a-d4e2-4251-b36c-bc4677056f8a" />
      <TestMethod codeBase="/home/runner/work/typespec/typespec/packages/http-client-csharp/generator/artifacts/bin/TestProjects.Spector.Tests/Debug/net8.0/TestProjects.Spector.Tests.dll" adapterTypeName="executor://nunit3testexecutor/" className="TestProjects.Spector.Tests.Http._Type.Dictionary.DictionaryTests" name="Int64ValuePut" />
    </UnitTest>
    <UnitTest name="SendFloatsOnly" storage="/home/runner/work/typespec/typespec/packages/http-client-csharp/generator/artifacts/bin/testprojects.spector.tests/debug/net8.0/testprojects.spector.tests.dll" id="e8a24ebb-8df6-c99a-05a7-e929aac5a0fd">
      <Execution id="2ca642d6-6f34-4bcd-a09f-fea639d15d06" />
      <TestMethod codeBase="/home/runner/work/typespec/typespec/packages/http-client-csharp/generator/artifacts/bin/TestProjects.Spector.Tests/Debug/net8.0/TestProjects.Spector.Tests.dll" adapterTypeName="executor://nunit3testexecutor/" className="TestProjects.Spector.Tests.Http._Type.Union.UnionTests" name="SendFloatsOnly" />
    </UnitTest>
    <UnitTest name="Client_Structure_default_methods(Client.Structure.Service._Qux.Qux,[&quot;Eight&quot;])" storage="/home/runner/work/typespec/typespec/packages/http-client-csharp/generator/artifacts/bin/testprojects.spector.tests/debug/net8.0/testprojects.spector.tests.dll" id="a1066b2e-d3d7-ae58-7635-aca2a314394b">
      <Execution id="1be4e62e-42fb-4473-ae40-ab91eef2635f" />
      <TestMethod codeBase="/home/runner/work/typespec/typespec/packages/http-client-csharp/generator/artifacts/bin/TestProjects.Spector.Tests/Debug/net8.0/TestProjects.Spector.Tests.dll" adapterTypeName="executor://nunit3testexecutor/" className="TestProjects.Spector.Tests.Http.Client.Structure.Default.DefaultTests" name="Client_Structure_default_methods(Client.Structure.Service._Qux.Qux,[&quot;Eight&quot;])" />
    </UnitTest>
    <UnitTest name="PutRecursiveModel" storage="/home/runner/work/typespec/typespec/packages/http-client-csharp/generator/artifacts/bin/testprojects.spector.tests/debug/net8.0/testprojects.spector.tests.dll" id="d71236c6-e3e8-3e3c-ac00-40a10ebbbddd">
      <Execution id="62f89b8a-e4d2-4a31-af05-0098c2d718c1" />
      <TestMethod codeBase="/home/runner/work/typespec/typespec/packages/http-client-csharp/generator/artifacts/bin/TestProjects.Spector.Tests/Debug/net8.0/TestProjects.Spector.Tests.dll" adapterTypeName="executor://nunit3testexecutor/" className="TestProjects.Spector.Tests.Http._Type.Model.Inheritance.NestedDiscriminator.NestedDiscriminatorTests" name="PutRecursiveModel" />
    </UnitTest>
    <UnitTest name="PlaindateGetDefault" storage="/home/runner/work/typespec/typespec/packages/http-client-csharp/generator/artifacts/bin/testprojects.spector.tests/debug/net8.0/testprojects.spector.tests.dll" id="3bbf860e-5bb8-7888-0f1b-3a719ed59bf1">
      <Execution id="3fa787f4-d641-4a51-ada0-730b7d6357fa" />
      <TestMethod codeBase="/home/runner/work/typespec/typespec/packages/http-client-csharp/generator/artifacts/bin/TestProjects.Spector.Tests/Debug/net8.0/TestProjects.Spector.Tests.dll" adapterTypeName="executor://nunit3testexecutor/" className="TestProjects.Spector.Tests.Http._Type.Property.Optionality.OptionalityTests" name="PlaindateGetDefault" />
    </UnitTest>
    <UnitTest name="IsModelArrayPut" storage="/home/runner/work/typespec/typespec/packages/http-client-csharp/generator/artifacts/bin/testprojects.spector.tests/debug/net8.0/testprojects.spector.tests.dll" id="6a7df1d6-d6b8-2789-0a41-322ae37829a7">
      <Execution id="6717b401-2556-47c2-bc03-394b0dfb3a34" />
      <TestMethod codeBase="/home/runner/work/typespec/typespec/packages/http-client-csharp/generator/artifacts/bin/TestProjects.Spector.Tests/Debug/net8.0/TestProjects.Spector.Tests.dll" adapterTypeName="executor://nunit3testexecutor/" className="TestProjects.Spector.Tests.Http._Type.Property.AdditionalProperties.AdditionalPropertiesTests" name="IsModelArrayPut" />
    </UnitTest>
    <UnitTest name="NullableFloatValueGet" storage="/home/runner/work/typespec/typespec/packages/http-client-csharp/generator/artifacts/bin/testprojects.spector.tests/debug/net8.0/testprojects.spector.tests.dll" id="cd05d273-2752-7e15-7631-23830fc3a1a7">
      <Execution id="ace6f1cc-1315-49a2-aa71-04c71da15823" />
      <TestMethod codeBase="/home/runner/work/typespec/typespec/packages/http-client-csharp/generator/artifacts/bin/TestProjects.Spector.Tests/Debug/net8.0/TestProjects.Spector.Tests.dll" adapterTypeName="executor://nunit3testexecutor/" className="TestProjects.Spector.Tests.Http._Type.Dictionary.DictionaryTests" name="NullableFloatValueGet" />
    </UnitTest>
    <UnitTest name="SendStringExtensibleNamedOnly" storage="/home/runner/work/typespec/typespec/packages/http-client-csharp/generator/artifacts/bin/testprojects.spector.tests/debug/net8.0/testprojects.spector.tests.dll" id="fcb26e78-ef7d-0f0e-cfdf-0eb5aa5ef77d">
      <Execution id="75890405-7123-4cf4-b9b1-e106f829a2c2" />
      <TestMethod codeBase="/home/runner/work/typespec/typespec/packages/http-client-csharp/generator/artifacts/bin/TestProjects.Spector.Tests/Debug/net8.0/TestProjects.Spector.Tests.dll" adapterTypeName="executor://nunit3testexecutor/" className="TestProjects.Spector.Tests.Http._Type.Union.UnionTests" name="SendStringExtensibleNamedOnly" />
    </UnitTest>
    <UnitTest name="HeaderBase64url" storage="/home/runner/work/typespec/typespec/packages/http-client-csharp/generator/artifacts/bin/testprojects.spector.tests/debug/net8.0/testprojects.spector.tests.dll" id="8fb8934e-c5e3-2a7c-3ca9-fd177ec55b36">
      <Execution id="404703b3-5c24-4dba-b067-6183d8be4c8e" />
      <TestMethod codeBase="/home/runner/work/typespec/typespec/packages/http-client-csharp/generator/artifacts/bin/TestProjects.Spector.Tests/Debug/net8.0/TestProjects.Spector.Tests.dll" adapterTypeName="executor://nunit3testexecutor/" className="TestProjects.Spector.Tests.Http.Encode.Bytes.EncodeBytesTests" name="HeaderBase64url" />
    </UnitTest>
    <UnitTest name="StringLiteralGet" storage="/home/runner/work/typespec/typespec/packages/http-client-csharp/generator/artifacts/bin/testprojects.spector.tests/debug/net8.0/testprojects.spector.tests.dll" id="e15401ad-fc12-ecea-4942-da0a49531f62">
      <Execution id="4fb490ae-2364-4b03-ba1d-d36e1b3fed70" />
      <TestMethod codeBase="/home/runner/work/typespec/typespec/packages/http-client-csharp/generator/artifacts/bin/TestProjects.Spector.Tests/Debug/net8.0/TestProjects.Spector.Tests.dll" adapterTypeName="executor://nunit3testexecutor/" className="TestProjects.Spector.Tests.Http._Type.Property.ValueTypes.ValueTypesTests" name="StringLiteralGet" />
    </UnitTest>
    <UnitTest name="ResponseHeaderRfc7231" storage="/home/runner/work/typespec/typespec/packages/http-client-csharp/generator/artifacts/bin/testprojects.spector.tests/debug/net8.0/testprojects.spector.tests.dll" id="e4264249-4f55-9205-142c-4e8a5e33eb35">
      <Execution id="75265621-13b5-4613-a7cc-27177001b520" />
      <TestMethod codeBase="/home/runner/work/typespec/typespec/packages/http-client-csharp/generator/artifacts/bin/TestProjects.Spector.Tests/Debug/net8.0/TestProjects.Spector.Tests.dll" adapterTypeName="executor://nunit3testexecutor/" className="TestProjects.Spector.Tests.Http.Encode.Datetime.DateTimeTests" name="ResponseHeaderRfc7231" />
    </UnitTest>
    <UnitTest name="LabelExpansionRecord" storage="/home/runner/work/typespec/typespec/packages/http-client-csharp/generator/artifacts/bin/testprojects.spector.tests/debug/net8.0/testprojects.spector.tests.dll" id="15766a9e-0496-6f1b-ceb0-4516c0d1b13e">
      <Execution id="1855f3ec-488c-4681-ae19-d420b58f8723" />
      <TestMethod codeBase="/home/runner/work/typespec/typespec/packages/http-client-csharp/generator/artifacts/bin/TestProjects.Spector.Tests/Debug/net8.0/TestProjects.Spector.Tests.dll" adapterTypeName="executor://nunit3testexecutor/" className="TestProjects.Spector.Tests.Http.Routes.PathParameterTests" name="LabelExpansionRecord" />
    </UnitTest>
    <UnitTest name="PlaindateGetAll" storage="/home/runner/work/typespec/typespec/packages/http-client-csharp/generator/artifacts/bin/testprojects.spector.tests/debug/net8.0/testprojects.spector.tests.dll" id="3502e4bb-0add-ea77-ff35-d3481b17d3b0">
      <Execution id="7682e22b-04b8-45fd-8f60-65b500fa4e6f" />
      <TestMethod codeBase="/home/runner/work/typespec/typespec/packages/http-client-csharp/generator/artifacts/bin/TestProjects.Spector.Tests/Debug/net8.0/TestProjects.Spector.Tests.dll" adapterTypeName="executor://nunit3testexecutor/" className="TestProjects.Spector.Tests.Http._Type.Property.Optionality.OptionalityTests" name="PlaindateGetAll" />
    </UnitTest>
    <UnitTest name="RoundTripWithModelCast" storage="/home/runner/work/typespec/typespec/packages/http-client-csharp/generator/artifacts/bin/testprojects.spector.tests/debug/net8.0/testprojects.spector.tests.dll" id="e5cf0bc7-aa2b-f907-c774-50d191389705">
      <Execution id="8431e64d-97d6-4b16-95a8-804dac5e1c05" />
      <TestMethod codeBase="/home/runner/work/typespec/typespec/packages/http-client-csharp/generator/artifacts/bin/TestProjects.Spector.Tests/Debug/net8.0/TestProjects.Spector.Tests.dll" adapterTypeName="executor://nunit3testexecutor/" className="TestProjects.Spector.Tests.Http._Type.Property.AdditionalProperties.MultipleSpreadRecordTests" name="RoundTripWithModelCast" />
    </UnitTest>
    <UnitTest name="UnknownStringGet" storage="/home/runner/work/typespec/typespec/packages/http-client-csharp/generator/artifacts/bin/testprojects.spector.tests/debug/net8.0/testprojects.spector.tests.dll" id="da26213c-4dea-837f-df51-c6608cd1faba">
      <Execution id="7066c94a-7efd-461e-bf43-ebe1aa2c507f" />
      <TestMethod codeBase="/home/runner/work/typespec/typespec/packages/http-client-csharp/generator/artifacts/bin/TestProjects.Spector.Tests/Debug/net8.0/TestProjects.Spector.Tests.dll" adapterTypeName="executor://nunit3testexecutor/" className="TestProjects.Spector.Tests.Http._Type.Property.ValueTypes.ValueTypesTests" name="UnknownStringGet" />
    </UnitTest>
    <UnitTest name="PropertyRfc7231" storage="/home/runner/work/typespec/typespec/packages/http-client-csharp/generator/artifacts/bin/testprojects.spector.tests/debug/net8.0/testprojects.spector.tests.dll" id="694abfee-b4fd-c5a7-92ec-8964c642823f">
      <Execution id="d5f1d558-4cea-43dc-80b7-be31d8ea1071" />
      <TestMethod codeBase="/home/runner/work/typespec/typespec/packages/http-client-csharp/generator/artifacts/bin/TestProjects.Spector.Tests/Debug/net8.0/TestProjects.Spector.Tests.dll" adapterTypeName="executor://nunit3testexecutor/" className="TestProjects.Spector.Tests.Http.Encode.Datetime.DateTimeTests" name="PropertyRfc7231" />
    </UnitTest>
    <UnitTest name="OperationsContinueAsync" storage="/home/runner/work/typespec/typespec/packages/http-client-csharp/generator/artifacts/bin/testprojects.spector.tests/debug/net8.0/testprojects.spector.tests.dll" id="c33215a8-8e06-8c77-b310-241bf335385a">
      <Execution id="669246f4-ea9e-4260-9850-e68c0d0f8342" />
      <TestMethod codeBase="/home/runner/work/typespec/typespec/packages/http-client-csharp/generator/artifacts/bin/TestProjects.Spector.Tests/Debug/net8.0/TestProjects.Spector.Tests.dll" adapterTypeName="executor://nunit3testexecutor/" className="TestProjects.Spector.Tests.Http.SpecialWords.SpecialWordsTests" name="OperationsContinueAsync" />
    </UnitTest>
    <UnitTest name="RoundTripWithModelInterfaceNonGenericJson" storage="/home/runner/work/typespec/typespec/packages/http-client-csharp/generator/artifacts/bin/testprojects.spector.tests/debug/net8.0/testprojects.spector.tests.dll" id="7ba8e681-be3d-91d3-cfe3-6b74edd0c61d">
      <Execution id="d4009bc4-db80-475c-9198-da9b8f5982d6" />
      <TestMethod codeBase="/home/runner/work/typespec/typespec/packages/http-client-csharp/generator/artifacts/bin/TestProjects.Spector.Tests/Debug/net8.0/TestProjects.Spector.Tests.dll" adapterTypeName="executor://nunit3testexecutor/" className="TestProjects.Spector.Tests.Http._Type.Model.Inheritance.SingleDiscriminator.EagleTests" name="RoundTripWithModelInterfaceNonGenericJson" />
    </UnitTest>
    <UnitTest name="RoundTripWithModelReaderWriterJson" storage="/home/runner/work/typespec/typespec/packages/http-client-csharp/generator/artifacts/bin/testprojects.spector.tests/debug/net8.0/testprojects.spector.tests.dll" id="7f6fced5-4f70-6a7a-3a0c-bc2fb475f2b1">
      <Execution id="8b3410f9-e0c3-49eb-8d09-c77e29a2dd05" />
      <TestMethod codeBase="/home/runner/work/typespec/typespec/packages/http-client-csharp/generator/artifacts/bin/TestProjects.Spector.Tests/Debug/net8.0/TestProjects.Spector.Tests.dll" adapterTypeName="executor://nunit3testexecutor/" className="TestProjects.Spector.Tests.Http._Type.Model.Inheritance.SingleDiscriminator.EagleTests" name="RoundTripWithModelReaderWriterJson" />
    </UnitTest>
    <UnitTest name="VerifySpreadParameterWithInnerAliasMethod" storage="/home/runner/work/typespec/typespec/packages/http-client-csharp/generator/artifacts/bin/testprojects.spector.tests/debug/net8.0/testprojects.spector.tests.dll" id="f9373d14-d214-373f-df60-00110e68a0ff">
      <Execution id="f559d1a3-828f-4fa2-9191-503a15c60c94" />
      <TestMethod codeBase="/home/runner/work/typespec/typespec/packages/http-client-csharp/generator/artifacts/bin/TestProjects.Spector.Tests/Debug/net8.0/TestProjects.Spector.Tests.dll" adapterTypeName="executor://nunit3testexecutor/" className="TestProjects.Spector.Tests.Http.Parameters.Spread.SpreadTests" name="VerifySpreadParameterWithInnerAliasMethod" />
    </UnitTest>
    <UnitTest name="ModelsWithPassAsync" storage="/home/runner/work/typespec/typespec/packages/http-client-csharp/generator/artifacts/bin/testprojects.spector.tests/debug/net8.0/testprojects.spector.tests.dll" id="7231518a-3b92-2ba3-441d-9b849e0432db">
      <Execution id="4cdbb798-0dad-4908-8c4b-a288102f233d" />
      <TestMethod codeBase="/home/runner/work/typespec/typespec/packages/http-client-csharp/generator/artifacts/bin/TestProjects.Spector.Tests/Debug/net8.0/TestProjects.Spector.Tests.dll" adapterTypeName="executor://nunit3testexecutor/" className="TestProjects.Spector.Tests.Http.SpecialWords.SpecialWordsTests" name="ModelsWithPassAsync" />
    </UnitTest>
    <UnitTest name="ModelsWithExecAsync" storage="/home/runner/work/typespec/typespec/packages/http-client-csharp/generator/artifacts/bin/testprojects.spector.tests/debug/net8.0/testprojects.spector.tests.dll" id="83cf61c0-85b0-705b-d6fb-fb7c2c7abc56">
      <Execution id="c4d8cca0-32c0-4159-a887-9c9ff0f28e5f" />
      <TestMethod codeBase="/home/runner/work/typespec/typespec/packages/http-client-csharp/generator/artifacts/bin/TestProjects.Spector.Tests/Debug/net8.0/TestProjects.Spector.Tests.dll" adapterTypeName="executor://nunit3testexecutor/" className="TestProjects.Spector.Tests.Http.SpecialWords.SpecialWordsTests" name="ModelsWithExecAsync" />
    </UnitTest>
    <UnitTest name="OperationsRaiseAsync" storage="/home/runner/work/typespec/typespec/packages/http-client-csharp/generator/artifacts/bin/testprojects.spector.tests/debug/net8.0/testprojects.spector.tests.dll" id="eeb1a371-6f4c-6ca0-eed6-a7b6dbd853db">
      <Execution id="77196a71-254a-46a8-8ce6-a5b5794dda23" />
      <TestMethod codeBase="/home/runner/work/typespec/typespec/packages/http-client-csharp/generator/artifacts/bin/TestProjects.Spector.Tests/Debug/net8.0/TestProjects.Spector.Tests.dll" adapterTypeName="executor://nunit3testexecutor/" className="TestProjects.Spector.Tests.Http.SpecialWords.SpecialWordsTests" name="OperationsRaiseAsync" />
    </UnitTest>
    <UnitTest name="IsUnknownDerivedPut" storage="/home/runner/work/typespec/typespec/packages/http-client-csharp/generator/artifacts/bin/testprojects.spector.tests/debug/net8.0/testprojects.spector.tests.dll" id="b166f31a-b1ef-1ca2-5275-513f4de5f2c0">
      <Execution id="84d54e6f-aba8-4870-b261-8651ddc292e5" />
      <TestMethod codeBase="/home/runner/work/typespec/typespec/packages/http-client-csharp/generator/artifacts/bin/TestProjects.Spector.Tests/Debug/net8.0/TestProjects.Spector.Tests.dll" adapterTypeName="executor://nunit3testexecutor/" className="TestProjects.Spector.Tests.Http._Type.Property.AdditionalProperties.AdditionalPropertiesTests" name="IsUnknownDerivedPut" />
    </UnitTest>
    <UnitTest name="VerifySpreadParameterWithInnerModelMethod" storage="/home/runner/work/typespec/typespec/packages/http-client-csharp/generator/artifacts/bin/testprojects.spector.tests/debug/net8.0/testprojects.spector.tests.dll" id="b9652fd8-ff42-5433-03bd-62cc21220957">
      <Execution id="065408ca-3f12-4184-b057-12d98524cbd8" />
      <TestMethod codeBase="/home/runner/work/typespec/typespec/packages/http-client-csharp/generator/artifacts/bin/TestProjects.Spector.Tests/Debug/net8.0/TestProjects.Spector.Tests.dll" adapterTypeName="executor://nunit3testexecutor/" className="TestProjects.Spector.Tests.Http.Parameters.Spread.SpreadTests" name="VerifySpreadParameterWithInnerModelMethod" />
    </UnitTest>
    <UnitTest name="ModelsWithDefAsync" storage="/home/runner/work/typespec/typespec/packages/http-client-csharp/generator/artifacts/bin/testprojects.spector.tests/debug/net8.0/testprojects.spector.tests.dll" id="1f48354a-9ec4-2eeb-125b-eecfcf2ac38c">
      <Execution id="7ba25030-de46-4997-9b00-b5b895d81be7" />
      <TestMethod codeBase="/home/runner/work/typespec/typespec/packages/http-client-csharp/generator/artifacts/bin/TestProjects.Spector.Tests/Debug/net8.0/TestProjects.Spector.Tests.dll" adapterTypeName="executor://nunit3testexecutor/" className="TestProjects.Spector.Tests.Http.SpecialWords.SpecialWordsTests" name="ModelsWithDefAsync" />
    </UnitTest>
    <UnitTest name="GetStringAndArray" storage="/home/runner/work/typespec/typespec/packages/http-client-csharp/generator/artifacts/bin/testprojects.spector.tests/debug/net8.0/testprojects.spector.tests.dll" id="88890ee6-9b1a-c296-e074-6e998b94dc22">
      <Execution id="ca34ff51-fadd-4a29-8087-6af11dcc90e6" />
      <TestMethod codeBase="/home/runner/work/typespec/typespec/packages/http-client-csharp/generator/artifacts/bin/TestProjects.Spector.Tests/Debug/net8.0/TestProjects.Spector.Tests.dll" adapterTypeName="executor://nunit3testexecutor/" className="TestProjects.Spector.Tests.Http._Type.Union.UnionTests" name="GetStringAndArray" />
    </UnitTest>
    <UnitTest name="Five" storage="/home/runner/work/typespec/typespec/packages/http-client-csharp/generator/artifacts/bin/testprojects.spector.tests/debug/net8.0/testprojects.spector.tests.dll" id="757139f7-b539-725c-85e3-0b11aa6c2d60">
      <Execution id="2655d1b1-1d7f-4e9a-bcde-cf58140a5aae" />
      <TestMethod codeBase="/home/runner/work/typespec/typespec/packages/http-client-csharp/generator/artifacts/bin/TestProjects.Spector.Tests/Debug/net8.0/TestProjects.Spector.Tests.dll" adapterTypeName="executor://nunit3testexecutor/" className="TestProjects.Spector.Tests.Http.Client.Structure.TwoOperationGroup.TwoOperationGroupTests" name="Five" />
    </UnitTest>
    <UnitTest name="QueryISO8601" storage="/home/runner/work/typespec/typespec/packages/http-client-csharp/generator/artifacts/bin/testprojects.spector.tests/debug/net8.0/testprojects.spector.tests.dll" id="98a81c68-72e4-94f4-0dd9-698455968fe2">
      <Execution id="32e09b51-8a3e-42c8-b888-15fd28325837" />
      <TestMethod codeBase="/home/runner/work/typespec/typespec/packages/http-client-csharp/generator/artifacts/bin/TestProjects.Spector.Tests/Debug/net8.0/TestProjects.Spector.Tests.dll" adapterTypeName="executor://nunit3testexecutor/" className="TestProjects.Spector.Tests.Http.Encode.Duration.EncodeDurationTests" name="QueryISO8601" />
    </UnitTest>
    <UnitTest name="IsModelGet" storage="/home/runner/work/typespec/typespec/packages/http-client-csharp/generator/artifacts/bin/testprojects.spector.tests/debug/net8.0/testprojects.spector.tests.dll" id="4e9af848-d916-1322-93bb-d04a01857fb4">
      <Execution id="211fedf1-953c-4969-b7d1-35d074672da3" />
      <TestMethod codeBase="/home/runner/work/typespec/typespec/packages/http-client-csharp/generator/artifacts/bin/TestProjects.Spector.Tests/Debug/net8.0/TestProjects.Spector.Tests.dll" adapterTypeName="executor://nunit3testexecutor/" className="TestProjects.Spector.Tests.Http._Type.Property.AdditionalProperties.AdditionalPropertiesTests" name="IsModelGet" />
    </UnitTest>
    <UnitTest name="Client_Structure_default_methods(Client.Structure.Service.Bar,[&quot;Five&quot;, &quot;Six&quot;])" storage="/home/runner/work/typespec/typespec/packages/http-client-csharp/generator/artifacts/bin/testprojects.spector.tests/debug/net8.0/testprojects.spector.tests.dll" id="fad861ee-0583-c6e3-9fdc-88a7a378a083">
      <Execution id="31d1b18f-9e13-4b2c-bd66-05cd69331293" />
      <TestMethod codeBase="/home/runner/work/typespec/typespec/packages/http-client-csharp/generator/artifacts/bin/TestProjects.Spector.Tests/Debug/net8.0/TestProjects.Spector.Tests.dll" adapterTypeName="executor://nunit3testexecutor/" className="TestProjects.Spector.Tests.Http.Client.Structure.Default.DefaultTests" name="Client_Structure_default_methods(Client.Structure.Service.Bar,[&quot;Five&quot;, &quot;Six&quot;])" />
    </UnitTest>
    <UnitTest name="PropertyBase64" storage="/home/runner/work/typespec/typespec/packages/http-client-csharp/generator/artifacts/bin/testprojects.spector.tests/debug/net8.0/testprojects.spector.tests.dll" id="d41e69fd-a9e9-3c42-5f0a-b40ef1a6fc58">
      <Execution id="d418ff01-240c-4801-845d-5df77544d406" />
      <TestMethod codeBase="/home/runner/work/typespec/typespec/packages/http-client-csharp/generator/artifacts/bin/TestProjects.Spector.Tests/Debug/net8.0/TestProjects.Spector.Tests.dll" adapterTypeName="executor://nunit3testexecutor/" className="TestProjects.Spector.Tests.Http.Encode.Bytes.EncodeBytesTests" name="PropertyBase64" />
    </UnitTest>
    <UnitTest name="HttpPartsNonStringFloat" storage="/home/runner/work/typespec/typespec/packages/http-client-csharp/generator/artifacts/bin/testprojects.spector.tests/debug/net8.0/testprojects.spector.tests.dll" id="70f5bab1-e568-7df8-7984-2a1882d6804d">
      <Execution id="d8bcc756-1420-43b3-b7cd-a68aa3069cdc" />
      <TestMethod codeBase="/home/runner/work/typespec/typespec/packages/http-client-csharp/generator/artifacts/bin/TestProjects.Spector.Tests/Debug/net8.0/TestProjects.Spector.Tests.dll" adapterTypeName="executor://nunit3testexecutor/" className="TestProjects.Spector.Tests.Http.Payload.Multipart.MultipartTests" name="HttpPartsNonStringFloat" />
    </UnitTest>
    <UnitTest name="OperationsAsAsync" storage="/home/runner/work/typespec/typespec/packages/http-client-csharp/generator/artifacts/bin/testprojects.spector.tests/debug/net8.0/testprojects.spector.tests.dll" id="22e048f1-3e75-ba75-6813-92c4e46ce0bc">
      <Execution id="f538245e-8b93-42f5-9bea-ebe0c943d205" />
      <TestMethod codeBase="/home/runner/work/typespec/typespec/packages/http-client-csharp/generator/artifacts/bin/TestProjects.Spector.Tests/Debug/net8.0/TestProjects.Spector.Tests.dll" adapterTypeName="executor://nunit3testexecutor/" className="TestProjects.Spector.Tests.Http.SpecialWords.SpecialWordsTests" name="OperationsAsAsync" />
    </UnitTest>
    <UnitTest name="CreateResource" storage="/home/runner/work/typespec/typespec/packages/http-client-csharp/generator/artifacts/bin/testprojects.spector.tests/debug/net8.0/testprojects.spector.tests.dll" id="cf8ff4a2-d8db-11b1-06e4-f823829b0f30">
      <Execution id="42636a58-0833-4dc5-8f57-243c136232a9" />
      <TestMethod codeBase="/home/runner/work/typespec/typespec/packages/http-client-csharp/generator/artifacts/bin/TestProjects.Spector.Tests/Debug/net8.0/TestProjects.Spector.Tests.dll" adapterTypeName="executor://nunit3testexecutor/" className="TestProjects.Spector.Tests.Http.Payload.JsonMergePatch.JsonMergePatchTests" name="CreateResource" />
    </UnitTest>
    <UnitTest name="CollectionsModelPutDefault" storage="/home/runner/work/typespec/typespec/packages/http-client-csharp/generator/artifacts/bin/testprojects.spector.tests/debug/net8.0/testprojects.spector.tests.dll" id="be7b20be-0056-8c36-be7f-544e3d5b1b87">
      <Execution id="ecbf5f6e-91d9-43f4-b7b0-f087870d43b9" />
      <TestMethod codeBase="/home/runner/work/typespec/typespec/packages/http-client-csharp/generator/artifacts/bin/TestProjects.Spector.Tests/Debug/net8.0/TestProjects.Spector.Tests.dll" adapterTypeName="executor://nunit3testexecutor/" className="TestProjects.Spector.Tests.Http._Type.Property.Optionality.OptionalityTests" name="CollectionsModelPutDefault" />
    </UnitTest>
    <UnitTest name="ExtendsUnknownPut" storage="/home/runner/work/typespec/typespec/packages/http-client-csharp/generator/artifacts/bin/testprojects.spector.tests/debug/net8.0/testprojects.spector.tests.dll" id="337691d1-14f7-d8ba-0144-791dbaf5a041">
      <Execution id="253b0b9d-e7cf-4741-aa90-0cb674f56b67" />
      <TestMethod codeBase="/home/runner/work/typespec/typespec/packages/http-client-csharp/generator/artifacts/bin/TestProjects.Spector.Tests/Debug/net8.0/TestProjects.Spector.Tests.dll" adapterTypeName="executor://nunit3testexecutor/" className="TestProjects.Spector.Tests.Http._Type.Property.AdditionalProperties.AdditionalPropertiesTests" name="ExtendsUnknownPut" />
    </UnitTest>
    <UnitTest name="NeverPut" storage="/home/runner/work/typespec/typespec/packages/http-client-csharp/generator/artifacts/bin/testprojects.spector.tests/debug/net8.0/testprojects.spector.tests.dll" id="46f11cab-7b6b-763b-e496-067b626a37bd">
      <Execution id="8379ea54-a9d7-4028-a5cf-50db0fb6897c" />
      <TestMethod codeBase="/home/runner/work/typespec/typespec/packages/http-client-csharp/generator/artifacts/bin/TestProjects.Spector.Tests/Debug/net8.0/TestProjects.Spector.Tests.dll" adapterTypeName="executor://nunit3testexecutor/" className="TestProjects.Spector.Tests.Http._Type.Property.ValueTypes.ValueTypesTests" name="NeverPut" />
    </UnitTest>
    <UnitTest name="StringLiteralPut" storage="/home/runner/work/typespec/typespec/packages/http-client-csharp/generator/artifacts/bin/testprojects.spector.tests/debug/net8.0/testprojects.spector.tests.dll" id="88ed1ad2-3eee-e01c-90d0-695c68a659cd">
      <Execution id="37a61015-586a-4722-ba32-34c9f6e7ad98" />
      <TestMethod codeBase="/home/runner/work/typespec/typespec/packages/http-client-csharp/generator/artifacts/bin/TestProjects.Spector.Tests/Debug/net8.0/TestProjects.Spector.Tests.dll" adapterTypeName="executor://nunit3testexecutor/" className="TestProjects.Spector.Tests.Http._Type.Property.ValueTypes.ValueTypesTests" name="StringLiteralPut" />
    </UnitTest>
    <UnitTest name="MultiBinaryPartsWithoutPicture" storage="/home/runner/work/typespec/typespec/packages/http-client-csharp/generator/artifacts/bin/testprojects.spector.tests/debug/net8.0/testprojects.spector.tests.dll" id="8329bc4d-7d7c-9966-bf65-39848e6ecfc5">
      <Execution id="dddd0db0-db26-450d-99e6-f54ad19d3f81" />
      <TestMethod codeBase="/home/runner/work/typespec/typespec/packages/http-client-csharp/generator/artifacts/bin/TestProjects.Spector.Tests/Debug/net8.0/TestProjects.Spector.Tests.dll" adapterTypeName="executor://nunit3testexecutor/" className="TestProjects.Spector.Tests.Http.Payload.Multipart.MultipartTests" name="MultiBinaryPartsWithoutPicture" />
    </UnitTest>
    <UnitTest name="Decimal128Get" storage="/home/runner/work/typespec/typespec/packages/http-client-csharp/generator/artifacts/bin/testprojects.spector.tests/debug/net8.0/testprojects.spector.tests.dll" id="309a8dee-7a5d-1cf0-95f9-ecf2cb9380aa">
      <Execution id="2e35ae0a-ec91-4b5e-bb33-991a1887b9ca" />
      <TestMethod codeBase="/home/runner/work/typespec/typespec/packages/http-client-csharp/generator/artifacts/bin/TestProjects.Spector.Tests/Debug/net8.0/TestProjects.Spector.Tests.dll" adapterTypeName="executor://nunit3testexecutor/" className="TestProjects.Spector.Tests.Http._Type.Property.ValueTypes.ValueTypesTests" name="Decimal128Get" />
    </UnitTest>
    <UnitTest name="GetIntsOnly" storage="/home/runner/work/typespec/typespec/packages/http-client-csharp/generator/artifacts/bin/testprojects.spector.tests/debug/net8.0/testprojects.spector.tests.dll" id="f86f091f-dc3d-cef2-66cc-bb24f41e7f39">
      <Execution id="e3574ef9-1ea8-4f03-a927-e1cf17691bf7" />
      <TestMethod codeBase="/home/runner/work/typespec/typespec/packages/http-client-csharp/generator/artifacts/bin/TestProjects.Spector.Tests/Debug/net8.0/TestProjects.Spector.Tests.dll" adapterTypeName="executor://nunit3testexecutor/" className="TestProjects.Spector.Tests.Http._Type.Union.UnionTests" name="GetIntsOnly" />
    </UnitTest>
    <UnitTest name="NoOperationParams" storage="/home/runner/work/typespec/typespec/packages/http-client-csharp/generator/artifacts/bin/testprojects.spector.tests/debug/net8.0/testprojects.spector.tests.dll" id="3d66031e-9b2f-0a00-4106-7d54f5313c8a">
      <Execution id="7145fe08-03c1-4e1d-bf7a-7c65553b6ae0" />
      <TestMethod codeBase="/home/runner/work/typespec/typespec/packages/http-client-csharp/generator/artifacts/bin/TestProjects.Spector.Tests/Debug/net8.0/TestProjects.Spector.Tests.dll" adapterTypeName="executor://nunit3testexecutor/" className="TestProjects.Spector.Tests.Http.Server.Path.Multiple.MultipleTests" name="NoOperationParams" />
    </UnitTest>
    <UnitTest name="ExtendsUnknownGet" storage="/home/runner/work/typespec/typespec/packages/http-client-csharp/generator/artifacts/bin/testprojects.spector.tests/debug/net8.0/testprojects.spector.tests.dll" id="6905c7d7-ff99-53aa-ded7-8df57489d488">
      <Execution id="198ca282-34f0-4612-94da-86a4ff7b3c87" />
      <TestMethod codeBase="/home/runner/work/typespec/typespec/packages/http-client-csharp/generator/artifacts/bin/TestProjects.Spector.Tests/Debug/net8.0/TestProjects.Spector.Tests.dll" adapterTypeName="executor://nunit3testexecutor/" className="TestProjects.Spector.Tests.Http._Type.Property.AdditionalProperties.AdditionalPropertiesTests" name="ExtendsUnknownGet" />
    </UnitTest>
    <UnitTest name="Client_Structure_default_Seven" storage="/home/runner/work/typespec/typespec/packages/http-client-csharp/generator/artifacts/bin/testprojects.spector.tests/debug/net8.0/testprojects.spector.tests.dll" id="23c51d33-06d3-70ac-fc99-d3c1fe1bb6a4">
      <Execution id="ca803d73-5339-4436-9ff6-53c4bd6034e5" />
      <TestMethod codeBase="/home/runner/work/typespec/typespec/packages/http-client-csharp/generator/artifacts/bin/TestProjects.Spector.Tests/Debug/net8.0/TestProjects.Spector.Tests.dll" adapterTypeName="executor://nunit3testexecutor/" className="TestProjects.Spector.Tests.Http.Client.Structure.Default.DefaultTests" name="Client_Structure_default_Seven" />
    </UnitTest>
    <UnitTest name="ResponseHeaderRfc3339" storage="/home/runner/work/typespec/typespec/packages/http-client-csharp/generator/artifacts/bin/testprojects.spector.tests/debug/net8.0/testprojects.spector.tests.dll" id="beaff054-0f94-10e4-a0ed-2211a6e70a2c">
      <Execution id="87b990f1-0bce-4279-95c3-b7aba7cdfb4b" />
      <TestMethod codeBase="/home/runner/work/typespec/typespec/packages/http-client-csharp/generator/artifacts/bin/TestProjects.Spector.Tests/Debug/net8.0/TestProjects.Spector.Tests.dll" adapterTypeName="executor://nunit3testexecutor/" className="TestProjects.Spector.Tests.Http.Encode.Datetime.DateTimeTests" name="ResponseHeaderRfc3339" />
    </UnitTest>
    <UnitTest name="RoundTripWithModelReaderWriterNonGenericJson" storage="/home/runner/work/typespec/typespec/packages/http-client-csharp/generator/artifacts/bin/testprojects.spector.tests/debug/net8.0/testprojects.spector.tests.dll" id="9d065879-ef0c-6e32-11b6-7a920470a670">
      <Execution id="a906741b-13ba-4b58-a93a-617387934aa6" />
      <TestMethod codeBase="/home/runner/work/typespec/typespec/packages/http-client-csharp/generator/artifacts/bin/TestProjects.Spector.Tests/Debug/net8.0/TestProjects.Spector.Tests.dll" adapterTypeName="executor://nunit3testexecutor/" className="TestProjects.Spector.Tests.Http._Type.Model.Inheritance.SingleDiscriminator.EagleTests" name="RoundTripWithModelReaderWriterNonGenericJson" />
    </UnitTest>
    <UnitTest name="RenamedSix" storage="/home/runner/work/typespec/typespec/packages/http-client-csharp/generator/artifacts/bin/testprojects.spector.tests/debug/net8.0/testprojects.spector.tests.dll" id="82bc8540-0f43-f4dd-301b-839d336deb54">
      <Execution id="908019fc-6a90-478d-8664-55e155250f78" />
      <TestMethod codeBase="/home/runner/work/typespec/typespec/packages/http-client-csharp/generator/artifacts/bin/TestProjects.Spector.Tests/Debug/net8.0/TestProjects.Spector.Tests.dll" adapterTypeName="executor://nunit3testexecutor/" className="TestProjects.Spector.Tests.Http.Client.Structure.MultiClient.MultiClientTests" name="RenamedSix" />
    </UnitTest>
    <UnitTest name="ExtendsDifferentSpreadFloatPut" storage="/home/runner/work/typespec/typespec/packages/http-client-csharp/generator/artifacts/bin/testprojects.spector.tests/debug/net8.0/testprojects.spector.tests.dll" id="4981d695-92f1-d493-485e-08694a7644a1">
      <Execution id="e680a0e3-73e4-4e1e-a3ca-425dcda74a45" />
      <TestMethod codeBase="/home/runner/work/typespec/typespec/packages/http-client-csharp/generator/artifacts/bin/TestProjects.Spector.Tests/Debug/net8.0/TestProjects.Spector.Tests.dll" adapterTypeName="executor://nunit3testexecutor/" className="TestProjects.Spector.Tests.Http._Type.Property.AdditionalProperties.AdditionalPropertiesTests" name="ExtendsDifferentSpreadFloatPut" />
    </UnitTest>
    <UnitTest name="Alias_SpreadWithMultipleParameters" storage="/home/runner/work/typespec/typespec/packages/http-client-csharp/generator/artifacts/bin/testprojects.spector.tests/debug/net8.0/testprojects.spector.tests.dll" id="ec1e3956-a5cd-e4f4-d9cf-aa05347e6604">
      <Execution id="46dc76cf-3b09-40c0-82ae-0a67f4246618" />
      <TestMethod codeBase="/home/runner/work/typespec/typespec/packages/http-client-csharp/generator/artifacts/bin/TestProjects.Spector.Tests/Debug/net8.0/TestProjects.Spector.Tests.dll" adapterTypeName="executor://nunit3testexecutor/" className="TestProjects.Spector.Tests.Http.Parameters.Spread.SpreadTests" name="Alias_SpreadWithMultipleParameters" />
    </UnitTest>
    <UnitTest name="AddOptionalParamFromOneOptional_V1Client_V1Service_WithApiVersionV1" storage="/home/runner/work/typespec/typespec/packages/http-client-csharp/generator/artifacts/bin/testprojects.spector.tests/debug/net8.0/testprojects.spector.tests.dll" id="052d5570-7c03-17c8-758b-3389dd0b18fe">
      <Execution id="c1252eaa-01e4-455c-a7a5-04a00460e7d7" />
      <TestMethod codeBase="/home/runner/work/typespec/typespec/packages/http-client-csharp/generator/artifacts/bin/TestProjects.Spector.Tests/Debug/net8.0/TestProjects.Spector.Tests.dll" adapterTypeName="executor://nunit3testexecutor/" className="TestProjects.Spector.Tests.Http.Resiliency.SrvDriven.V1.SrvDrivenV1Tests" name="AddOptionalParamFromOneOptional_V1Client_V1Service_WithApiVersionV1" />
    </UnitTest>
    <UnitTest name="DecimalGet" storage="/home/runner/work/typespec/typespec/packages/http-client-csharp/generator/artifacts/bin/testprojects.spector.tests/debug/net8.0/testprojects.spector.tests.dll" id="e1a9d344-9ca0-c67e-426d-dde4c4123f1e">
      <Execution id="df8d9226-344b-4264-9c53-0e515d16408d" />
      <TestMethod codeBase="/home/runner/work/typespec/typespec/packages/http-client-csharp/generator/artifacts/bin/TestProjects.Spector.Tests/Debug/net8.0/TestProjects.Spector.Tests.dll" adapterTypeName="executor://nunit3testexecutor/" className="TestProjects.Spector.Tests.Http._Type.Property.ValueTypes.ValueTypesTests" name="DecimalGet" />
    </UnitTest>
    <UnitTest name="InputAndOutput" storage="/home/runner/work/typespec/typespec/packages/http-client-csharp/generator/artifacts/bin/testprojects.spector.tests/debug/net8.0/testprojects.spector.tests.dll" id="5c4fd151-abc5-08e8-2ac5-445c5f3ce20f">
      <Execution id="1e9a8083-5188-4617-a19b-e1c8783849e5" />
      <TestMethod codeBase="/home/runner/work/typespec/typespec/packages/http-client-csharp/generator/artifacts/bin/TestProjects.Spector.Tests/Debug/net8.0/TestProjects.Spector.Tests.dll" adapterTypeName="executor://nunit3testexecutor/" className="TestProjects.Spector.Tests.Http._Type.Model.Usage.UsageTests" name="InputAndOutput" />
    </UnitTest>
    <UnitTest name="UpdateResource" storage="/home/runner/work/typespec/typespec/packages/http-client-csharp/generator/artifacts/bin/testprojects.spector.tests/debug/net8.0/testprojects.spector.tests.dll" id="c741a126-b77d-7f58-01b9-ad109c2ef317">
      <Execution id="14d12c65-30b1-4949-9be4-87e2fed716f1" />
      <TestMethod codeBase="/home/runner/work/typespec/typespec/packages/http-client-csharp/generator/artifacts/bin/TestProjects.Spector.Tests/Debug/net8.0/TestProjects.Spector.Tests.dll" adapterTypeName="executor://nunit3testexecutor/" className="TestProjects.Spector.Tests.Http.Payload.JsonMergePatch.JsonMergePatchTests" name="UpdateResource" />
    </UnitTest>
    <UnitTest name="PropertyUnixTimestampArray" storage="/home/runner/work/typespec/typespec/packages/http-client-csharp/generator/artifacts/bin/testprojects.spector.tests/debug/net8.0/testprojects.spector.tests.dll" id="e5d2e92c-77eb-9239-8100-251f0aa68e22">
      <Execution id="93090dc2-b55e-474b-8442-53e24eebcf41" />
      <TestMethod codeBase="/home/runner/work/typespec/typespec/packages/http-client-csharp/generator/artifacts/bin/TestProjects.Spector.Tests/Debug/net8.0/TestProjects.Spector.Tests.dll" adapterTypeName="executor://nunit3testexecutor/" className="TestProjects.Spector.Tests.Http.Encode.Datetime.DateTimeTests" name="PropertyUnixTimestampArray" />
    </UnitTest>
    <UnitTest name="ParametersWithGlobalAsync" storage="/home/runner/work/typespec/typespec/packages/http-client-csharp/generator/artifacts/bin/testprojects.spector.tests/debug/net8.0/testprojects.spector.tests.dll" id="fa122a36-8318-ea40-d4d3-31cb2ef31e8e">
      <Execution id="0495298f-e1f4-4cdb-be3e-325c75bee9cc" />
      <TestMethod codeBase="/home/runner/work/typespec/typespec/packages/http-client-csharp/generator/artifacts/bin/TestProjects.Spector.Tests/Debug/net8.0/TestProjects.Spector.Tests.dll" adapterTypeName="executor://nunit3testexecutor/" className="TestProjects.Spector.Tests.Http.SpecialWords.SpecialWordsTests" name="ParametersWithGlobalAsync" />
    </UnitTest>
    <UnitTest name="Special_Headers_Conditional_Request_HeadIfModifiedSince" storage="/home/runner/work/typespec/typespec/packages/http-client-csharp/generator/artifacts/bin/testprojects.spector.tests/debug/net8.0/testprojects.spector.tests.dll" id="2ac72e1b-67e4-691e-dbd4-506944678026">
      <Execution id="12408d5a-a5b3-49af-acbf-6bbf5ddf998f" />
      <TestMethod codeBase="/home/runner/work/typespec/typespec/packages/http-client-csharp/generator/artifacts/bin/TestProjects.Spector.Tests/Debug/net8.0/TestProjects.Spector.Tests.dll" adapterTypeName="executor://nunit3testexecutor/" className="TestProjects.Spector.Tests.Http.SpecialHeaders.ConditionalRequest.ConditionalRequestHeaderTests" name="Special_Headers_Conditional_Request_HeadIfModifiedSince" />
    </UnitTest>
    <UnitTest name="RequestHeaderResponseHeaderProtocolMethod" storage="/home/runner/work/typespec/typespec/packages/http-client-csharp/generator/artifacts/bin/testprojects.spector.tests/debug/net8.0/testprojects.spector.tests.dll" id="52fa042a-705d-b609-f612-f1ac397d61d6">
      <Execution id="b34a002c-4862-4765-9274-900519c2b8cd" />
      <TestMethod codeBase="/home/runner/work/typespec/typespec/packages/http-client-csharp/generator/artifacts/bin/TestProjects.Spector.Tests/Debug/net8.0/TestProjects.Spector.Tests.dll" adapterTypeName="executor://nunit3testexecutor/" className="TestProjects.Spector.Tests.Http.Payload.Pageable.ContinuationTokenPaginationTests" name="RequestHeaderResponseHeaderProtocolMethod" />
    </UnitTest>
    <UnitTest name="PlaindatePutAll" storage="/home/runner/work/typespec/typespec/packages/http-client-csharp/generator/artifacts/bin/testprojects.spector.tests/debug/net8.0/testprojects.spector.tests.dll" id="8b31adbf-e3fa-aab9-10c3-71b722020683">
      <Execution id="988ce52a-587b-4f8e-bad2-3cc687f8eeef" />
      <TestMethod codeBase="/home/runner/work/typespec/typespec/packages/http-client-csharp/generator/artifacts/bin/TestProjects.Spector.Tests/Debug/net8.0/TestProjects.Spector.Tests.dll" adapterTypeName="executor://nunit3testexecutor/" className="TestProjects.Spector.Tests.Http._Type.Property.Optionality.OptionalityTests" name="PlaindatePutAll" />
    </UnitTest>
    <UnitTest name="HeaderBase64" storage="/home/runner/work/typespec/typespec/packages/http-client-csharp/generator/artifacts/bin/testprojects.spector.tests/debug/net8.0/testprojects.spector.tests.dll" id="d2e193cc-34f9-e214-b02c-4f393aa248da">
      <Execution id="05a2381d-54a5-4c5d-88a0-dd33a6be2014" />
      <TestMethod codeBase="/home/runner/work/typespec/typespec/packages/http-client-csharp/generator/artifacts/bin/TestProjects.Spector.Tests/Debug/net8.0/TestProjects.Spector.Tests.dll" adapterTypeName="executor://nunit3testexecutor/" className="TestProjects.Spector.Tests.Http.Encode.Bytes.EncodeBytesTests" name="HeaderBase64" />
    </UnitTest>
    <UnitTest name="GetKnownValue" storage="/home/runner/work/typespec/typespec/packages/http-client-csharp/generator/artifacts/bin/testprojects.spector.tests/debug/net8.0/testprojects.spector.tests.dll" id="e9bf371f-d3fc-b2fc-f9dd-0a5761fa656b">
      <Execution id="5478c96c-9b67-4d2c-b6e9-5a4cfe3d5a4c" />
      <TestMethod codeBase="/home/runner/work/typespec/typespec/packages/http-client-csharp/generator/artifacts/bin/TestProjects.Spector.Tests/Debug/net8.0/TestProjects.Spector.Tests.dll" adapterTypeName="executor://nunit3testexecutor/" className="TestProjects.Spector.Tests.Http._Type._Enum.Extensible.ExtensibleTests" name="GetKnownValue" />
    </UnitTest>
    <UnitTest name="AddOptionalParamFromNone_WithApiVersionV2" storage="/home/runner/work/typespec/typespec/packages/http-client-csharp/generator/artifacts/bin/testprojects.spector.tests/debug/net8.0/testprojects.spector.tests.dll" id="d6fba41c-c1c2-79bd-698f-3cccdad2a009">
      <Execution id="e01f26fa-b2f7-41d7-b3c1-bd403a38b071" />
      <TestMethod codeBase="/home/runner/work/typespec/typespec/packages/http-client-csharp/generator/artifacts/bin/TestProjects.Spector.Tests/Debug/net8.0/TestProjects.Spector.Tests.dll" adapterTypeName="executor://nunit3testexecutor/" className="TestProjects.Spector.Tests.Http.Resiliency.SrvDriven.V2.SrvDrivenV2Tests" name="AddOptionalParamFromNone_WithApiVersionV2" />
    </UnitTest>
    <UnitTest name="RequestBodyOctetStream" storage="/home/runner/work/typespec/typespec/packages/http-client-csharp/generator/artifacts/bin/testprojects.spector.tests/debug/net8.0/testprojects.spector.tests.dll" id="b99183ff-68db-d2e1-6d20-4951e5134566">
      <Execution id="e0e779f0-3c72-45bd-8012-315a7b582615" />
      <TestMethod codeBase="/home/runner/work/typespec/typespec/packages/http-client-csharp/generator/artifacts/bin/TestProjects.Spector.Tests/Debug/net8.0/TestProjects.Spector.Tests.dll" adapterTypeName="executor://nunit3testexecutor/" className="TestProjects.Spector.Tests.Http.Encode.Bytes.EncodeBytesTests" name="RequestBodyOctetStream" />
    </UnitTest>
    <UnitTest name="UnionStringLiteralGetAll" storage="/home/runner/work/typespec/typespec/packages/http-client-csharp/generator/artifacts/bin/testprojects.spector.tests/debug/net8.0/testprojects.spector.tests.dll" id="bdbdad57-0704-0ee8-11d9-58133781e959">
      <Execution id="7de8a073-745a-4b4c-affc-53c4b189f759" />
      <TestMethod codeBase="/home/runner/work/typespec/typespec/packages/http-client-csharp/generator/artifacts/bin/TestProjects.Spector.Tests/Debug/net8.0/TestProjects.Spector.Tests.dll" adapterTypeName="executor://nunit3testexecutor/" className="TestProjects.Spector.Tests.Http._Type.Property.Optionality.OptionalityTests" name="UnionStringLiteralGetAll" />
    </UnitTest>
    <UnitTest name="OperationsInAsync" storage="/home/runner/work/typespec/typespec/packages/http-client-csharp/generator/artifacts/bin/testprojects.spector.tests/debug/net8.0/testprojects.spector.tests.dll" id="8e2f760f-31bf-1e77-ce73-45dbb1d3430d">
      <Execution id="ee48d383-ae16-408b-8283-2446e1ed5ffe" />
      <TestMethod codeBase="/home/runner/work/typespec/typespec/packages/http-client-csharp/generator/artifacts/bin/TestProjects.Spector.Tests/Debug/net8.0/TestProjects.Spector.Tests.dll" adapterTypeName="executor://nunit3testexecutor/" className="TestProjects.Spector.Tests.Http.SpecialWords.SpecialWordsTests" name="OperationsInAsync" />
    </UnitTest>
    <UnitTest name="ParametersWithAsyncAsync" storage="/home/runner/work/typespec/typespec/packages/http-client-csharp/generator/artifacts/bin/testprojects.spector.tests/debug/net8.0/testprojects.spector.tests.dll" id="35394b5a-d5b7-e733-ff8c-27be6bab22a4">
      <Execution id="f4096666-c256-4088-85d7-49fb008a1278" />
      <TestMethod codeBase="/home/runner/work/typespec/typespec/packages/http-client-csharp/generator/artifacts/bin/TestProjects.Spector.Tests/Debug/net8.0/TestProjects.Spector.Tests.dll" adapterTypeName="executor://nunit3testexecutor/" className="TestProjects.Spector.Tests.Http.SpecialWords.SpecialWordsTests" name="ParametersWithAsyncAsync" />
    </UnitTest>
    <UnitTest name="HeaderRfc3339" storage="/home/runner/work/typespec/typespec/packages/http-client-csharp/generator/artifacts/bin/testprojects.spector.tests/debug/net8.0/testprojects.spector.tests.dll" id="c7a99980-7b30-585f-b0a3-eca232d00ad5">
      <Execution id="c676fa79-eef1-44dd-8783-c60f971b90fb" />
      <TestMethod codeBase="/home/runner/work/typespec/typespec/packages/http-client-csharp/generator/artifacts/bin/TestProjects.Spector.Tests/Debug/net8.0/TestProjects.Spector.Tests.dll" adapterTypeName="executor://nunit3testexecutor/" className="TestProjects.Spector.Tests.Http.Encode.Datetime.DateTimeTests" name="HeaderRfc3339" />
    </UnitTest>
    <UnitTest name="QueryExpansionExplodeArray" storage="/home/runner/work/typespec/typespec/packages/http-client-csharp/generator/artifacts/bin/testprojects.spector.tests/debug/net8.0/testprojects.spector.tests.dll" id="3d809c87-e997-cd9e-361b-b19fa3500380">
      <Execution id="e3abfba6-6c98-4cb3-aa89-76f5f868a7ca" />
      <TestMethod codeBase="/home/runner/work/typespec/typespec/packages/http-client-csharp/generator/artifacts/bin/TestProjects.Spector.Tests/Debug/net8.0/TestProjects.Spector.Tests.dll" adapterTypeName="executor://nunit3testexecutor/" className="TestProjects.Spector.Tests.Http.Routes.QueryParameterTests" name="QueryExpansionExplodeArray" />
    </UnitTest>
    <UnitTest name="OperationsBreakAsync" storage="/home/runner/work/typespec/typespec/packages/http-client-csharp/generator/artifacts/bin/testprojects.spector.tests/debug/net8.0/testprojects.spector.tests.dll" id="2e07d8da-c757-8866-28db-4e78a09b52ad">
      <Execution id="61386214-6fc1-4858-949a-fbf049b04c31" />
      <TestMethod codeBase="/home/runner/work/typespec/typespec/packages/http-client-csharp/generator/artifacts/bin/TestProjects.Spector.Tests/Debug/net8.0/TestProjects.Spector.Tests.dll" adapterTypeName="executor://nunit3testexecutor/" className="TestProjects.Spector.Tests.Http.SpecialWords.SpecialWordsTests" name="OperationsBreakAsync" />
    </UnitTest>
    <UnitTest name="ParametersWithExecAsync" storage="/home/runner/work/typespec/typespec/packages/http-client-csharp/generator/artifacts/bin/testprojects.spector.tests/debug/net8.0/testprojects.spector.tests.dll" id="92409bc5-654e-82b4-fd0b-133d85a012dd">
      <Execution id="06bcc733-a583-4197-8f5c-b8e4d86d4a13" />
      <TestMethod codeBase="/home/runner/work/typespec/typespec/packages/http-client-csharp/generator/artifacts/bin/TestProjects.Spector.Tests/Debug/net8.0/TestProjects.Spector.Tests.dll" adapterTypeName="executor://nunit3testexecutor/" className="TestProjects.Spector.Tests.Http.SpecialWords.SpecialWordsTests" name="ParametersWithExecAsync" />
    </UnitTest>
    <UnitTest name="PropertyInt32SecondsConvenience" storage="/home/runner/work/typespec/typespec/packages/http-client-csharp/generator/artifacts/bin/testprojects.spector.tests/debug/net8.0/testprojects.spector.tests.dll" id="f7c1649e-6a97-2199-2dd8-691dd556000f">
      <Execution id="97780eb4-9892-48b7-bc56-f8852e115e8b" />
      <TestMethod codeBase="/home/runner/work/typespec/typespec/packages/http-client-csharp/generator/artifacts/bin/TestProjects.Spector.Tests/Debug/net8.0/TestProjects.Spector.Tests.dll" adapterTypeName="executor://nunit3testexecutor/" className="TestProjects.Spector.Tests.Http.Encode.Duration.EncodeDurationTests" name="PropertyInt32SecondsConvenience" />
    </UnitTest>
    <UnitTest name="StringPut" storage="/home/runner/work/typespec/typespec/packages/http-client-csharp/generator/artifacts/bin/testprojects.spector.tests/debug/net8.0/testprojects.spector.tests.dll" id="ea52517e-d007-3103-0b9f-f3e1d9092248">
      <Execution id="af90b1f2-8de4-431e-821b-0598751abaf1" />
      <TestMethod codeBase="/home/runner/work/typespec/typespec/packages/http-client-csharp/generator/artifacts/bin/TestProjects.Spector.Tests/Debug/net8.0/TestProjects.Spector.Tests.dll" adapterTypeName="executor://nunit3testexecutor/" className="TestProjects.Spector.Tests.Http._Type.Scalar.ScalarTests" name="StringPut" />
    </UnitTest>
    <UnitTest name="VerifyMethods" storage="/home/runner/work/typespec/typespec/packages/http-client-csharp/generator/artifacts/bin/testprojects.spector.tests/debug/net8.0/testprojects.spector.tests.dll" id="eb9896ab-912f-8cca-16aa-45fe5260ae18">
      <Execution id="70b09484-d11a-450c-91e8-266f5a51e4d3" />
      <TestMethod codeBase="/home/runner/work/typespec/typespec/packages/http-client-csharp/generator/artifacts/bin/TestProjects.Spector.Tests/Debug/net8.0/TestProjects.Spector.Tests.dll" adapterTypeName="executor://nunit3testexecutor/" className="TestProjects.Spector.Tests.Http.Client.Structure.RenamedOperation.RenamedOperationTests" name="VerifyMethods" />
    </UnitTest>
    <UnitTest name="BytesPutDefault" storage="/home/runner/work/typespec/typespec/packages/http-client-csharp/generator/artifacts/bin/testprojects.spector.tests/debug/net8.0/testprojects.spector.tests.dll" id="0ddfc056-60dd-cbbd-2fec-b5b805204fac">
      <Execution id="35a056e5-1a40-4bf4-8df6-944645e10fb0" />
      <TestMethod codeBase="/home/runner/work/typespec/typespec/packages/http-client-csharp/generator/artifacts/bin/TestProjects.Spector.Tests/Debug/net8.0/TestProjects.Spector.Tests.dll" adapterTypeName="executor://nunit3testexecutor/" className="TestProjects.Spector.Tests.Http._Type.Property.Optionality.OptionalityTests" name="BytesPutDefault" />
    </UnitTest>
    <UnitTest name="RoundTripWithJsonInterfaceOfTWire" storage="/home/runner/work/typespec/typespec/packages/http-client-csharp/generator/artifacts/bin/testprojects.spector.tests/debug/net8.0/testprojects.spector.tests.dll" id="538e4bb7-e3aa-2dbf-e82b-524177d005e1">
      <Execution id="7d8d4919-8e0b-4dca-8a23-917b1f0de7a9" />
      <TestMethod codeBase="/home/runner/work/typespec/typespec/packages/http-client-csharp/generator/artifacts/bin/TestProjects.Spector.Tests/Debug/net8.0/TestProjects.Spector.Tests.dll" adapterTypeName="executor://nunit3testexecutor/" className="TestProjects.Spector.Tests.Http._Type.Property.AdditionalProperties.MultipleSpreadRecordTests" name="RoundTripWithJsonInterfaceOfTWire" />
    </UnitTest>
    <UnitTest name="ExtensibleEnumGet" storage="/home/runner/work/typespec/typespec/packages/http-client-csharp/generator/artifacts/bin/testprojects.spector.tests/debug/net8.0/testprojects.spector.tests.dll" id="58078968-4438-809b-672f-9916a969c6a8">
      <Execution id="fcc44f30-b30d-4ec9-a2a8-815e9d792cb6" />
      <TestMethod codeBase="/home/runner/work/typespec/typespec/packages/http-client-csharp/generator/artifacts/bin/TestProjects.Spector.Tests/Debug/net8.0/TestProjects.Spector.Tests.dll" adapterTypeName="executor://nunit3testexecutor/" className="TestProjects.Spector.Tests.Http._Type.Property.ValueTypes.ValueTypesTests" name="ExtensibleEnumGet" />
    </UnitTest>
    <UnitTest name="ResponseBodyCustomContentType" storage="/home/runner/work/typespec/typespec/packages/http-client-csharp/generator/artifacts/bin/testprojects.spector.tests/debug/net8.0/testprojects.spector.tests.dll" id="0cf1f79b-cc4b-a801-bdb6-681b8016a79d">
      <Execution id="2e64df6e-2509-4c8e-9dd8-6d5e4acbd326" />
      <TestMethod codeBase="/home/runner/work/typespec/typespec/packages/http-client-csharp/generator/artifacts/bin/TestProjects.Spector.Tests/Debug/net8.0/TestProjects.Spector.Tests.dll" adapterTypeName="executor://nunit3testexecutor/" className="TestProjects.Spector.Tests.Http.Encode.Bytes.EncodeBytesTests" name="ResponseBodyCustomContentType" />
    </UnitTest>
    <UnitTest name="QueryContinuationRecord" storage="/home/runner/work/typespec/typespec/packages/http-client-csharp/generator/artifacts/bin/testprojects.spector.tests/debug/net8.0/testprojects.spector.tests.dll" id="1b87fe21-8ab2-d8b7-cecf-440877f4c370">
      <Execution id="151c43e2-fc27-4998-9883-815737a1bbc2" />
      <TestMethod codeBase="/home/runner/work/typespec/typespec/packages/http-client-csharp/generator/artifacts/bin/TestProjects.Spector.Tests/Debug/net8.0/TestProjects.Spector.Tests.dll" adapterTypeName="executor://nunit3testexecutor/" className="TestProjects.Spector.Tests.Http.Routes.QueryParameterTests" name="QueryContinuationRecord" />
    </UnitTest>
    <UnitTest name="DatetimeValuePut" storage="/home/runner/work/typespec/typespec/packages/http-client-csharp/generator/artifacts/bin/testprojects.spector.tests/debug/net8.0/testprojects.spector.tests.dll" id="caf29afa-94ee-4d9e-314b-7369c1f91e6f">
      <Execution id="ba2fde8c-344d-4723-ba5f-96dbcce93025" />
      <TestMethod codeBase="/home/runner/work/typespec/typespec/packages/http-client-csharp/generator/artifacts/bin/TestProjects.Spector.Tests/Debug/net8.0/TestProjects.Spector.Tests.dll" adapterTypeName="executor://nunit3testexecutor/" className="TestProjects.Spector.Tests.Http._Type.Dictionary.DictionaryTests" name="DatetimeValuePut" />
    </UnitTest>
    <UnitTest name="RoundTripWithModelCast" storage="/home/runner/work/typespec/typespec/packages/http-client-csharp/generator/artifacts/bin/testprojects.spector.tests/debug/net8.0/testprojects.spector.tests.dll" id="f0bab84c-08b2-7fff-bc8e-d0b7fbad91b8">
      <Execution id="72a3d834-e026-42cd-a2ca-a123a0b488d2" />
      <TestMethod codeBase="/home/runner/work/typespec/typespec/packages/http-client-csharp/generator/artifacts/bin/TestProjects.Spector.Tests/Debug/net8.0/TestProjects.Spector.Tests.dll" adapterTypeName="executor://nunit3testexecutor/" className="TestProjects.Spector.Tests.Http._Type.Model.Inheritance.SingleDiscriminator.EagleTests" name="RoundTripWithModelCast" />
    </UnitTest>
    <UnitTest name="ParametersWithIsAsync" storage="/home/runner/work/typespec/typespec/packages/http-client-csharp/generator/artifacts/bin/testprojects.spector.tests/debug/net8.0/testprojects.spector.tests.dll" id="cf9fa066-29cf-d4ed-9e54-b6f825816022">
      <Execution id="c3d2b1c9-2786-45ab-9970-5430bbb31801" />
      <TestMethod codeBase="/home/runner/work/typespec/typespec/packages/http-client-csharp/generator/artifacts/bin/TestProjects.Spector.Tests/Debug/net8.0/TestProjects.Spector.Tests.dll" adapterTypeName="executor://nunit3testexecutor/" className="TestProjects.Spector.Tests.Http.SpecialWords.SpecialWordsTests" name="ParametersWithIsAsync" />
    </UnitTest>
    <UnitTest name="HeaderCsv" storage="/home/runner/work/typespec/typespec/packages/http-client-csharp/generator/artifacts/bin/testprojects.spector.tests/debug/net8.0/testprojects.spector.tests.dll" id="bae26c15-de9e-9848-3f9c-49775acdfcee">
      <Execution id="1aa04ae3-5b1c-4289-b340-b4df0016572e" />
      <TestMethod codeBase="/home/runner/work/typespec/typespec/packages/http-client-csharp/generator/artifacts/bin/TestProjects.Spector.Tests/Debug/net8.0/TestProjects.Spector.Tests.dll" adapterTypeName="executor://nunit3testexecutor/" className="TestProjects.Spector.Tests.Http.Parameters.CollectionFormat.CollectionFormatParametersTests" name="HeaderCsv" />
    </UnitTest>
    <UnitTest name="Type_Property_Nullable_Duration_getNull" storage="/home/runner/work/typespec/typespec/packages/http-client-csharp/generator/artifacts/bin/testprojects.spector.tests/debug/net8.0/testprojects.spector.tests.dll" id="fad03819-3696-48f2-b163-81d182ea0001">
      <Execution id="61583566-0865-404e-912b-1803ee32e402" />
      <TestMethod codeBase="/home/runner/work/typespec/typespec/packages/http-client-csharp/generator/artifacts/bin/TestProjects.Spector.Tests/Debug/net8.0/TestProjects.Spector.Tests.dll" adapterTypeName="executor://nunit3testexecutor/" className="TestProjects.Spector.Tests.Http._Type.Property.Nullable.NullableTests" name="Type_Property_Nullable_Duration_getNull" />
    </UnitTest>
    <UnitTest name="ExtendsUnknownDiscriminatedGet" storage="/home/runner/work/typespec/typespec/packages/http-client-csharp/generator/artifacts/bin/testprojects.spector.tests/debug/net8.0/testprojects.spector.tests.dll" id="6aa13359-3466-f1b1-12ac-f29655b38b66">
      <Execution id="587dcc5c-224d-454e-bc74-fd69a0139758" />
      <TestMethod codeBase="/home/runner/work/typespec/typespec/packages/http-client-csharp/generator/artifacts/bin/TestProjects.Spector.Tests/Debug/net8.0/TestProjects.Spector.Tests.dll" adapterTypeName="executor://nunit3testexecutor/" className="TestProjects.Spector.Tests.Http._Type.Property.AdditionalProperties.AdditionalPropertiesTests" name="ExtendsUnknownDiscriminatedGet" />
    </UnitTest>
    <UnitTest name="HttpPartsJsonArrayAndFileArray" storage="/home/runner/work/typespec/typespec/packages/http-client-csharp/generator/artifacts/bin/testprojects.spector.tests/debug/net8.0/testprojects.spector.tests.dll" id="a117a165-0b5f-337e-b92d-367274b78708">
      <Execution id="725eef9d-68c7-4555-b98d-87fba255bbb6" />
      <TestMethod codeBase="/home/runner/work/typespec/typespec/packages/http-client-csharp/generator/artifacts/bin/TestProjects.Spector.Tests/Debug/net8.0/TestProjects.Spector.Tests.dll" adapterTypeName="executor://nunit3testexecutor/" className="TestProjects.Spector.Tests.Http.Payload.Multipart.MultipartTests" name="HttpPartsJsonArrayAndFileArray" />
    </UnitTest>
    <UnitTest name="IsModelPut" storage="/home/runner/work/typespec/typespec/packages/http-client-csharp/generator/artifacts/bin/testprojects.spector.tests/debug/net8.0/testprojects.spector.tests.dll" id="baeb7eea-9850-1e20-76a1-4ff3b229c720">
      <Execution id="75fd4f2d-d855-402f-90be-003e556c2e17" />
      <TestMethod codeBase="/home/runner/work/typespec/typespec/packages/http-client-csharp/generator/artifacts/bin/TestProjects.Spector.Tests/Debug/net8.0/TestProjects.Spector.Tests.dll" adapterTypeName="executor://nunit3testexecutor/" className="TestProjects.Spector.Tests.Http._Type.Property.AdditionalProperties.AdditionalPropertiesTests" name="IsModelPut" />
    </UnitTest>
    <UnitTest name="RoundTripWithModelReaderWriterNonGenericWire" storage="/home/runner/work/typespec/typespec/packages/http-client-csharp/generator/artifacts/bin/testprojects.spector.tests/debug/net8.0/testprojects.spector.tests.dll" id="70279d27-6c5c-6eb7-4c96-fdff400aff40">
      <Execution id="c80dfb12-1c6d-4db9-a856-b9caafa13f43" />
      <TestMethod codeBase="/home/runner/work/typespec/typespec/packages/http-client-csharp/generator/artifacts/bin/TestProjects.Spector.Tests/Debug/net8.0/TestProjects.Spector.Tests.dll" adapterTypeName="executor://nunit3testexecutor/" className="TestProjects.Spector.Tests.Http._Type.Model.Inheritance.SingleDiscriminator.EagleTests" name="RoundTripWithModelReaderWriterNonGenericWire" />
    </UnitTest>
    <UnitTest name="Int32ValueGet" storage="/home/runner/work/typespec/typespec/packages/http-client-csharp/generator/artifacts/bin/testprojects.spector.tests/debug/net8.0/testprojects.spector.tests.dll" id="ac685e7a-25ef-68b5-6ead-87af322f44b1">
      <Execution id="01e1a528-ecdd-4829-9f38-2c5d1a35afd7" />
      <TestMethod codeBase="/home/runner/work/typespec/typespec/packages/http-client-csharp/generator/artifacts/bin/TestProjects.Spector.Tests/Debug/net8.0/TestProjects.Spector.Tests.dll" adapterTypeName="executor://nunit3testexecutor/" className="TestProjects.Spector.Tests.Http._Type._Array.ArrayTests" name="Int32ValueGet" />
    </UnitTest>
    <UnitTest name="StringGetDefault" storage="/home/runner/work/typespec/typespec/packages/http-client-csharp/generator/artifacts/bin/testprojects.spector.tests/debug/net8.0/testprojects.spector.tests.dll" id="91a927a1-ef2a-8402-c96e-6854d8779ac1">
      <Execution id="e290cb67-1a46-4a9c-a117-a7da1120b3f5" />
      <TestMethod codeBase="/home/runner/work/typespec/typespec/packages/http-client-csharp/generator/artifacts/bin/TestProjects.Spector.Tests/Debug/net8.0/TestProjects.Spector.Tests.dll" adapterTypeName="executor://nunit3testexecutor/" className="TestProjects.Spector.Tests.Http._Type.Property.Optionality.OptionalityTests" name="StringGetDefault" />
    </UnitTest>
    <UnitTest name="BooleanLiteralGet" storage="/home/runner/work/typespec/typespec/packages/http-client-csharp/generator/artifacts/bin/testprojects.spector.tests/debug/net8.0/testprojects.spector.tests.dll" id="5665bf0d-0a3d-eb7f-2634-db51056c8a3c">
      <Execution id="47d78fe5-83d5-4e61-8df0-84f9ea28abdf" />
      <TestMethod codeBase="/home/runner/work/typespec/typespec/packages/http-client-csharp/generator/artifacts/bin/TestProjects.Spector.Tests/Debug/net8.0/TestProjects.Spector.Tests.dll" adapterTypeName="executor://nunit3testexecutor/" className="TestProjects.Spector.Tests.Http._Type.Property.ValueTypes.ValueTypesTests" name="BooleanLiteralGet" />
    </UnitTest>
    <UnitTest name="UnionIntLiteralPutDefault" storage="/home/runner/work/typespec/typespec/packages/http-client-csharp/generator/artifacts/bin/testprojects.spector.tests/debug/net8.0/testprojects.spector.tests.dll" id="3b90192e-1cff-2de9-5c91-04c5efb18edb">
      <Execution id="862fef00-189b-4ec8-aa7b-585d2f9323c4" />
      <TestMethod codeBase="/home/runner/work/typespec/typespec/packages/http-client-csharp/generator/artifacts/bin/TestProjects.Spector.Tests/Debug/net8.0/TestProjects.Spector.Tests.dll" adapterTypeName="executor://nunit3testexecutor/" className="TestProjects.Spector.Tests.Http._Type.Property.Optionality.OptionalityTests" name="UnionIntLiteralPutDefault" />
    </UnitTest>
    <UnitTest name="VerifySpreadAsRequestBodyInModelMethod" storage="/home/runner/work/typespec/typespec/packages/http-client-csharp/generator/artifacts/bin/testprojects.spector.tests/debug/net8.0/testprojects.spector.tests.dll" id="476509a5-2c92-f2f4-a0df-1546bc55de17">
      <Execution id="b3eeff04-2c63-4efc-9686-5f6a6a48b308" />
      <TestMethod codeBase="/home/runner/work/typespec/typespec/packages/http-client-csharp/generator/artifacts/bin/TestProjects.Spector.Tests/Debug/net8.0/TestProjects.Spector.Tests.dll" adapterTypeName="executor://nunit3testexecutor/" className="TestProjects.Spector.Tests.Http.Parameters.Spread.SpreadTests" name="VerifySpreadAsRequestBodyInModelMethod" />
    </UnitTest>
    <UnitTest name="RoundTripWithJsonInterfaceUtf8ReaderWire" storage="/home/runner/work/typespec/typespec/packages/http-client-csharp/generator/artifacts/bin/testprojects.spector.tests/debug/net8.0/testprojects.spector.tests.dll" id="76cde181-7f89-8cba-1309-071d722b7a02">
      <Execution id="e68bcc47-b15f-46bc-a7c0-af0fba4519e7" />
      <TestMethod codeBase="/home/runner/work/typespec/typespec/packages/http-client-csharp/generator/artifacts/bin/TestProjects.Spector.Tests/Debug/net8.0/TestProjects.Spector.Tests.dll" adapterTypeName="executor://nunit3testexecutor/" className="TestProjects.Spector.Tests.Http._Type.Property.AdditionalProperties.MultipleSpreadRecordTests" name="RoundTripWithJsonInterfaceUtf8ReaderWire" />
    </UnitTest>
    <UnitTest name="ExtendsUnknownDerivedPut" storage="/home/runner/work/typespec/typespec/packages/http-client-csharp/generator/artifacts/bin/testprojects.spector.tests/debug/net8.0/testprojects.spector.tests.dll" id="756696b0-e958-8542-9d46-f99f81e443aa">
      <Execution id="cff78ccc-0f56-4a79-8ab4-484e3935fa4a" />
      <TestMethod codeBase="/home/runner/work/typespec/typespec/packages/http-client-csharp/generator/artifacts/bin/TestProjects.Spector.Tests/Debug/net8.0/TestProjects.Spector.Tests.dll" adapterTypeName="executor://nunit3testexecutor/" className="TestProjects.Spector.Tests.Http._Type.Property.AdditionalProperties.AdditionalPropertiesTests" name="ExtendsUnknownDerivedPut" />
    </UnitTest>
    <UnitTest name="ExtensibleEnumPut" storage="/home/runner/work/typespec/typespec/packages/http-client-csharp/generator/artifacts/bin/testprojects.spector.tests/debug/net8.0/testprojects.spector.tests.dll" id="f321c81d-e41e-0547-ef45-0d99586939e3">
      <Execution id="85c6292e-3414-42b5-8bb9-76a11f52d8a0" />
      <TestMethod codeBase="/home/runner/work/typespec/typespec/packages/http-client-csharp/generator/artifacts/bin/TestProjects.Spector.Tests/Debug/net8.0/TestProjects.Spector.Tests.dll" adapterTypeName="executor://nunit3testexecutor/" className="TestProjects.Spector.Tests.Http._Type.Property.ValueTypes.ValueTypesTests" name="ExtensibleEnumPut" />
    </UnitTest>
    <UnitTest name="CollectionsModelGetDefault" storage="/home/runner/work/typespec/typespec/packages/http-client-csharp/generator/artifacts/bin/testprojects.spector.tests/debug/net8.0/testprojects.spector.tests.dll" id="19384039-9d8f-f628-9fee-6169f30160f7">
      <Execution id="174a4333-eb9c-4ac0-a281-6f130e4b6a0a" />
      <TestMethod codeBase="/home/runner/work/typespec/typespec/packages/http-client-csharp/generator/artifacts/bin/TestProjects.Spector.Tests/Debug/net8.0/TestProjects.Spector.Tests.dll" adapterTypeName="executor://nunit3testexecutor/" className="TestProjects.Spector.Tests.Http._Type.Property.Optionality.OptionalityTests" name="CollectionsModelGetDefault" />
    </UnitTest>
    <UnitTest name="Encode_Numeric_Property_safeintAsString" storage="/home/runner/work/typespec/typespec/packages/http-client-csharp/generator/artifacts/bin/testprojects.spector.tests/debug/net8.0/testprojects.spector.tests.dll" id="f67edcad-a7ca-e5a5-90e0-26e1200b4bc7">
      <Execution id="110de756-2a66-4c0d-ad39-f4526ba3e582" />
      <TestMethod codeBase="/home/runner/work/typespec/typespec/packages/http-client-csharp/generator/artifacts/bin/TestProjects.Spector.Tests/Debug/net8.0/TestProjects.Spector.Tests.dll" adapterTypeName="executor://nunit3testexecutor/" className="TestProjects.Spector.Tests.Http.Encode.Numeric.EncodeNumericTests" name="Encode_Numeric_Property_safeintAsString" />
    </UnitTest>
    <UnitTest name="DatetimePut" storage="/home/runner/work/typespec/typespec/packages/http-client-csharp/generator/artifacts/bin/testprojects.spector.tests/debug/net8.0/testprojects.spector.tests.dll" id="dd4f59e0-25c6-2827-7b30-0dacf3b52fdc">
      <Execution id="32946032-73d5-4577-aaa2-24700b3794cc" />
      <TestMethod codeBase="/home/runner/work/typespec/typespec/packages/http-client-csharp/generator/artifacts/bin/TestProjects.Spector.Tests/Debug/net8.0/TestProjects.Spector.Tests.dll" adapterTypeName="executor://nunit3testexecutor/" className="TestProjects.Spector.Tests.Http._Type.Property.ValueTypes.ValueTypesTests" name="DatetimePut" />
    </UnitTest>
    <UnitTest name="VerifyMethods" storage="/home/runner/work/typespec/typespec/packages/http-client-csharp/generator/artifacts/bin/testprojects.spector.tests/debug/net8.0/testprojects.spector.tests.dll" id="3d12e459-dd61-12f4-6b74-4f26414d8e6f">
      <Execution id="82e48415-ec58-49e2-883c-ad8c71cd488a" />
      <TestMethod codeBase="/home/runner/work/typespec/typespec/packages/http-client-csharp/generator/artifacts/bin/TestProjects.Spector.Tests/Debug/net8.0/TestProjects.Spector.Tests.dll" adapterTypeName="executor://nunit3testexecutor/" className="TestProjects.Spector.Tests.Http.Client.Structure.ClientOperationGroup.ClientOperationGroupTests" name="VerifyMethods" />
    </UnitTest>
    <UnitTest name="CollectionsModelGetNull" storage="/home/runner/work/typespec/typespec/packages/http-client-csharp/generator/artifacts/bin/testprojects.spector.tests/debug/net8.0/testprojects.spector.tests.dll" id="84c68c41-caad-1796-2855-424d4e73b866">
      <Execution id="fbc1b2b3-8c0b-40eb-91c6-f029e40045df" />
      <TestMethod codeBase="/home/runner/work/typespec/typespec/packages/http-client-csharp/generator/artifacts/bin/TestProjects.Spector.Tests/Debug/net8.0/TestProjects.Spector.Tests.dll" adapterTypeName="executor://nunit3testexecutor/" className="TestProjects.Spector.Tests.Http._Type.Property.Nullable.NullableTests" name="CollectionsModelGetNull" />
    </UnitTest>
    <UnitTest name="Parameters_BodyOptionality_OptionalExplicit" storage="/home/runner/work/typespec/typespec/packages/http-client-csharp/generator/artifacts/bin/testprojects.spector.tests/debug/net8.0/testprojects.spector.tests.dll" id="4d815e7c-717d-37f0-c864-5262ea8b4fc6">
      <Execution id="fe80f2cf-a7ae-47f5-8320-d290bd76f9c5" />
      <TestMethod codeBase="/home/runner/work/typespec/typespec/packages/http-client-csharp/generator/artifacts/bin/TestProjects.Spector.Tests/Debug/net8.0/TestProjects.Spector.Tests.dll" adapterTypeName="executor://nunit3testexecutor/" className="TestProjects.Spector.Tests.Http.Parameters.BodyOptionality.BodyOptionalityTests" name="Parameters_BodyOptionality_OptionalExplicit" />
    </UnitTest>
    <UnitTest name="ModelsWithWhileAsync" storage="/home/runner/work/typespec/typespec/packages/http-client-csharp/generator/artifacts/bin/testprojects.spector.tests/debug/net8.0/testprojects.spector.tests.dll" id="698c07c2-e832-c7be-cc64-0b093e805cb9">
      <Execution id="e77e1e26-8d17-4cfc-8f16-3efbea20765f" />
      <TestMethod codeBase="/home/runner/work/typespec/typespec/packages/http-client-csharp/generator/artifacts/bin/TestProjects.Spector.Tests/Debug/net8.0/TestProjects.Spector.Tests.dll" adapterTypeName="executor://nunit3testexecutor/" className="TestProjects.Spector.Tests.Http.SpecialWords.SpecialWordsTests" name="ModelsWithWhileAsync" />
    </UnitTest>
    <UnitTest name="OperationsAwaitAsync" storage="/home/runner/work/typespec/typespec/packages/http-client-csharp/generator/artifacts/bin/testprojects.spector.tests/debug/net8.0/testprojects.spector.tests.dll" id="55ff28fa-ae0a-1c7a-66fb-8bdcd53582ad">
      <Execution id="e45a9f28-6f9d-4d9d-9463-8f96c3f7d7e7" />
      <TestMethod codeBase="/home/runner/work/typespec/typespec/packages/http-client-csharp/generator/artifacts/bin/TestProjects.Spector.Tests/Debug/net8.0/TestProjects.Spector.Tests.dll" adapterTypeName="executor://nunit3testexecutor/" className="TestProjects.Spector.Tests.Http.SpecialWords.SpecialWordsTests" name="OperationsAwaitAsync" />
    </UnitTest>
    <UnitTest name="ParametersWithWithAsync" storage="/home/runner/work/typespec/typespec/packages/http-client-csharp/generator/artifacts/bin/testprojects.spector.tests/debug/net8.0/testprojects.spector.tests.dll" id="460bb2dd-61cf-bb8c-1e06-bbf0807f68aa">
      <Execution id="2c3f49d3-bd30-4464-bafa-e3410340172b" />
      <TestMethod codeBase="/home/runner/work/typespec/typespec/packages/http-client-csharp/generator/artifacts/bin/TestProjects.Spector.Tests/Debug/net8.0/TestProjects.Spector.Tests.dll" adapterTypeName="executor://nunit3testexecutor/" className="TestProjects.Spector.Tests.Http.SpecialWords.SpecialWordsTests" name="ParametersWithWithAsync" />
    </UnitTest>
    <UnitTest name="PutKnownValue" storage="/home/runner/work/typespec/typespec/packages/http-client-csharp/generator/artifacts/bin/testprojects.spector.tests/debug/net8.0/testprojects.spector.tests.dll" id="5536ca78-35df-9a76-afff-9e81cc6fd0a7">
      <Execution id="8abeced1-83e9-4320-9ab5-6590ea832ca7" />
      <TestMethod codeBase="/home/runner/work/typespec/typespec/packages/http-client-csharp/generator/artifacts/bin/TestProjects.Spector.Tests/Debug/net8.0/TestProjects.Spector.Tests.dll" adapterTypeName="executor://nunit3testexecutor/" className="TestProjects.Spector.Tests.Http._Type._Enum.Extensible.ExtensibleTests" name="PutKnownValue" />
    </UnitTest>
    <UnitTest name="UnionFloatLiteralGetDefault" storage="/home/runner/work/typespec/typespec/packages/http-client-csharp/generator/artifacts/bin/testprojects.spector.tests/debug/net8.0/testprojects.spector.tests.dll" id="b9304ada-a59e-f974-b170-975a36a3be5f">
      <Execution id="66d86035-529f-48da-81f8-9adbdcce1330" />
      <TestMethod codeBase="/home/runner/work/typespec/typespec/packages/http-client-csharp/generator/artifacts/bin/TestProjects.Spector.Tests/Debug/net8.0/TestProjects.Spector.Tests.dll" adapterTypeName="executor://nunit3testexecutor/" className="TestProjects.Spector.Tests.Http._Type.Property.Optionality.OptionalityTests" name="UnionFloatLiteralGetDefault" />
    </UnitTest>
    <UnitTest name="SpreadRecordUnionPut" storage="/home/runner/work/typespec/typespec/packages/http-client-csharp/generator/artifacts/bin/testprojects.spector.tests/debug/net8.0/testprojects.spector.tests.dll" id="4a551345-f3b8-9807-f1a7-e41a8a073001">
      <Execution id="a3f73871-8b70-4f1b-9249-56e17824a579" />
      <TestMethod codeBase="/home/runner/work/typespec/typespec/packages/http-client-csharp/generator/artifacts/bin/TestProjects.Spector.Tests/Debug/net8.0/TestProjects.Spector.Tests.dll" adapterTypeName="executor://nunit3testexecutor/" className="TestProjects.Spector.Tests.Http._Type.Property.AdditionalProperties.AdditionalPropertiesTests" name="SpreadRecordUnionPut" />
    </UnitTest>
    <UnitTest name="UnknownIntGet" storage="/home/runner/work/typespec/typespec/packages/http-client-csharp/generator/artifacts/bin/testprojects.spector.tests/debug/net8.0/testprojects.spector.tests.dll" id="04863f12-5719-c2d2-15a5-4bdf2429e4a8">
      <Execution id="05517c83-2dff-435a-9e57-2c479b86ff4f" />
      <TestMethod codeBase="/home/runner/work/typespec/typespec/packages/http-client-csharp/generator/artifacts/bin/TestProjects.Spector.Tests/Debug/net8.0/TestProjects.Spector.Tests.dll" adapterTypeName="executor://nunit3testexecutor/" className="TestProjects.Spector.Tests.Http._Type.Property.ValueTypes.ValueTypesTests" name="UnknownIntGet" />
    </UnitTest>
    <UnitTest name="Model_SpreadCompositeRequestOnlyWithBody" storage="/home/runner/work/typespec/typespec/packages/http-client-csharp/generator/artifacts/bin/testprojects.spector.tests/debug/net8.0/testprojects.spector.tests.dll" id="8f7756d1-ec45-576a-8300-b8fc4b87c5dd">
      <Execution id="0ee85571-638f-4df8-adca-efa5f1916b8b" />
      <TestMethod codeBase="/home/runner/work/typespec/typespec/packages/http-client-csharp/generator/artifacts/bin/TestProjects.Spector.Tests/Debug/net8.0/TestProjects.Spector.Tests.dll" adapterTypeName="executor://nunit3testexecutor/" className="TestProjects.Spector.Tests.Http.Parameters.Spread.SpreadTests" name="Model_SpreadCompositeRequestOnlyWithBody" />
    </UnitTest>
    <UnitTest name="OperationsAsyncAsync" storage="/home/runner/work/typespec/typespec/packages/http-client-csharp/generator/artifacts/bin/testprojects.spector.tests/debug/net8.0/testprojects.spector.tests.dll" id="475876de-efd1-c4cc-108b-cefb28c52497">
      <Execution id="b6692663-2347-47d8-9b39-7c266230f39d" />
      <TestMethod codeBase="/home/runner/work/typespec/typespec/packages/http-client-csharp/generator/artifacts/bin/TestProjects.Spector.Tests/Debug/net8.0/TestProjects.Spector.Tests.dll" adapterTypeName="executor://nunit3testexecutor/" className="TestProjects.Spector.Tests.Http.SpecialWords.SpecialWordsTests" name="OperationsAsyncAsync" />
    </UnitTest>
    <UnitTest name="Float32ValuePut" storage="/home/runner/work/typespec/typespec/packages/http-client-csharp/generator/artifacts/bin/testprojects.spector.tests/debug/net8.0/testprojects.spector.tests.dll" id="7806fc59-74d8-4cba-5173-f4a593c19367">
      <Execution id="39fbb827-1de7-4267-b46d-9f4657835c2e" />
      <TestMethod codeBase="/home/runner/work/typespec/typespec/packages/http-client-csharp/generator/artifacts/bin/TestProjects.Spector.Tests/Debug/net8.0/TestProjects.Spector.Tests.dll" adapterTypeName="executor://nunit3testexecutor/" className="TestProjects.Spector.Tests.Http._Type._Array.ArrayTests" name="Float32ValuePut" />
    </UnitTest>
    <UnitTest name="PutValid" storage="/home/runner/work/typespec/typespec/packages/http-client-csharp/generator/artifacts/bin/testprojects.spector.tests/debug/net8.0/testprojects.spector.tests.dll" id="c6da5a02-086e-5521-e3e6-b30ef87e3695">
      <Execution id="74d32dc1-c0ec-419e-a5ce-c9ceeded3bd2" />
      <TestMethod codeBase="/home/runner/work/typespec/typespec/packages/http-client-csharp/generator/artifacts/bin/TestProjects.Spector.Tests/Debug/net8.0/TestProjects.Spector.Tests.dll" adapterTypeName="executor://nunit3testexecutor/" className="TestProjects.Spector.Tests.Http._Type.Model.Inheritance.NotDiscriminated.NotDiscriminatedTests" name="PutValid" />
    </UnitTest>
    <UnitTest name="ModelValueGet" storage="/home/runner/work/typespec/typespec/packages/http-client-csharp/generator/artifacts/bin/testprojects.spector.tests/debug/net8.0/testprojects.spector.tests.dll" id="160e2795-38fd-dcae-4f45-b70d860fae21">
      <Execution id="57faf34c-4e4c-4831-9fd0-4e4acef49e73" />
      <TestMethod codeBase="/home/runner/work/typespec/typespec/packages/http-client-csharp/generator/artifacts/bin/TestProjects.Spector.Tests/Debug/net8.0/TestProjects.Spector.Tests.dll" adapterTypeName="executor://nunit3testexecutor/" className="TestProjects.Spector.Tests.Http._Type.Dictionary.DictionaryTests" name="ModelValueGet" />
    </UnitTest>
    <UnitTest name="UnionStringLiteralGetDefault" storage="/home/runner/work/typespec/typespec/packages/http-client-csharp/generator/artifacts/bin/testprojects.spector.tests/debug/net8.0/testprojects.spector.tests.dll" id="e7a73ccf-eb00-feb9-f196-0eb0f9e16f44">
      <Execution id="6324c31a-a13d-4a25-b775-b83eb08f6480" />
      <TestMethod codeBase="/home/runner/work/typespec/typespec/packages/http-client-csharp/generator/artifacts/bin/TestProjects.Spector.Tests/Debug/net8.0/TestProjects.Spector.Tests.dll" adapterTypeName="executor://nunit3testexecutor/" className="TestProjects.Spector.Tests.Http._Type.Property.Optionality.OptionalityTests" name="UnionStringLiteralGetDefault" />
    </UnitTest>
    <UnitTest name="ThrowsIfUnknownFormat" storage="/home/runner/work/typespec/typespec/packages/http-client-csharp/generator/artifacts/bin/testprojects.spector.tests/debug/net8.0/testprojects.spector.tests.dll" id="0fe584cd-a940-2e55-7451-b22c6cbc4ba6">
      <Execution id="8564baa9-7236-432c-8510-6685fd1ef385" />
      <TestMethod codeBase="/home/runner/work/typespec/typespec/packages/http-client-csharp/generator/artifacts/bin/TestProjects.Spector.Tests/Debug/net8.0/TestProjects.Spector.Tests.dll" adapterTypeName="executor://nunit3testexecutor/" className="TestProjects.Spector.Tests.Http._Type.Property.AdditionalProperties.MultipleSpreadRecordTests" name="ThrowsIfUnknownFormat" />
    </UnitTest>
    <UnitTest name="LabelExpansionExplodeRecord" storage="/home/runner/work/typespec/typespec/packages/http-client-csharp/generator/artifacts/bin/testprojects.spector.tests/debug/net8.0/testprojects.spector.tests.dll" id="cab5ce9e-98bd-0b2e-42b2-c6ec67dd7aff">
      <Execution id="43957bab-79bd-485a-bb22-2e650b14bd4a" />
      <TestMethod codeBase="/home/runner/work/typespec/typespec/packages/http-client-csharp/generator/artifacts/bin/TestProjects.Spector.Tests/Debug/net8.0/TestProjects.Spector.Tests.dll" adapterTypeName="executor://nunit3testexecutor/" className="TestProjects.Spector.Tests.Http.Routes.PathParameterTests" name="LabelExpansionExplodeRecord" />
    </UnitTest>
    <UnitTest name="CollectionsIntGet" storage="/home/runner/work/typespec/typespec/packages/http-client-csharp/generator/artifacts/bin/testprojects.spector.tests/debug/net8.0/testprojects.spector.tests.dll" id="a03a10d7-f652-19de-0490-1c7540ffa38b">
      <Execution id="646cb6ab-9d42-4bda-9740-2048d46e600a" />
      <TestMethod codeBase="/home/runner/work/typespec/typespec/packages/http-client-csharp/generator/artifacts/bin/TestProjects.Spector.Tests/Debug/net8.0/TestProjects.Spector.Tests.dll" adapterTypeName="executor://nunit3testexecutor/" className="TestProjects.Spector.Tests.Http._Type.Property.ValueTypes.ValueTypesTests" name="CollectionsIntGet" />
    </UnitTest>
  </TestDefinitions>
  <TestEntries>
    <TestEntry testId="7ba8e681-be3d-91d3-cfe3-6b74edd0c61d" executionId="d4009bc4-db80-475c-9198-da9b8f5982d6" testListId="8c84fa94-04c1-424b-9868-57a2d4851a1d" />
    <TestEntry testId="1d16de56-7c85-d3a6-8655-9610c83194ee" executionId="6a0c0563-2eb2-4de5-92bc-8ea233391e3f" testListId="8c84fa94-04c1-424b-9868-57a2d4851a1d" />
    <TestEntry testId="1e7c5a3a-43ea-1bb9-7c93-4f3d1ee49e43" executionId="afa76501-bf4e-4bdd-8b16-7e07a7191f42" testListId="8c84fa94-04c1-424b-9868-57a2d4851a1d" />
    <TestEntry testId="52e9772e-4b73-797a-b13b-b91bc7a547e1" executionId="1a4177e0-5de0-43ea-8780-37e63557e30b" testListId="8c84fa94-04c1-424b-9868-57a2d4851a1d" />
    <TestEntry testId="d782eecb-b6e3-b465-8a5f-c81e8e6a3e51" executionId="a26d910f-9627-4a0a-9534-d016161ea7aa" testListId="8c84fa94-04c1-424b-9868-57a2d4851a1d" />
    <TestEntry testId="5129b124-6ad2-d60d-5186-6f1b4b687a9a" executionId="048714de-f7cd-4514-9512-81cac5cd151d" testListId="8c84fa94-04c1-424b-9868-57a2d4851a1d" />
    <TestEntry testId="cd34e934-f24d-535c-f868-677e20b29534" executionId="537fb36a-42ae-439a-acc5-1bf95bad950d" testListId="8c84fa94-04c1-424b-9868-57a2d4851a1d" />
    <TestEntry testId="157d2596-e393-7eee-546a-c5b56805f57f" executionId="1242e7eb-fd34-4537-a0b6-a3aa53615574" testListId="8c84fa94-04c1-424b-9868-57a2d4851a1d" />
    <TestEntry testId="2f86363d-a4d4-1800-c72d-48cea3058d8e" executionId="68f5cb66-5f5c-4581-a68c-a790d146dcb9" testListId="8c84fa94-04c1-424b-9868-57a2d4851a1d" />
    <TestEntry testId="0b81464b-e389-2e55-443c-be7a30f9a702" executionId="fb21cd7e-e9a2-45ad-a07b-73bf6ccaad70" testListId="8c84fa94-04c1-424b-9868-57a2d4851a1d" />
    <TestEntry testId="7105951c-1acb-ed14-a8c2-9f9a0735b07a" executionId="ab01b35e-ef8c-47c0-b486-683cd69df8e1" testListId="8c84fa94-04c1-424b-9868-57a2d4851a1d" />
    <TestEntry testId="4c9c1ba1-c53a-0897-0c82-ddfb89ab6693" executionId="8fd6c398-41ed-4ff5-8cbf-b24b8bf35447" testListId="8c84fa94-04c1-424b-9868-57a2d4851a1d" />
    <TestEntry testId="0b116c9b-2e02-c09e-a06d-b3d54a91a261" executionId="8f16f2d0-bbd6-4027-be42-50f1ed798151" testListId="8c84fa94-04c1-424b-9868-57a2d4851a1d" />
    <TestEntry testId="4722e420-79b0-fc15-72b5-3347e1a082a3" executionId="bcd28538-c35c-4d48-abc0-a3e636006538" testListId="8c84fa94-04c1-424b-9868-57a2d4851a1d" />
    <TestEntry testId="8742efba-2234-7826-234c-dcd63a73c778" executionId="4f518c7d-1691-4bec-9813-d2f19b4a5cb4" testListId="8c84fa94-04c1-424b-9868-57a2d4851a1d" />
    <TestEntry testId="788d9d46-bb7f-54c2-aa45-8dd2e6e6c2ea" executionId="b490c337-bbfb-486c-bfd6-7b0ffbe7fbac" testListId="8c84fa94-04c1-424b-9868-57a2d4851a1d" />
    <TestEntry testId="7f6fced5-4f70-6a7a-3a0c-bc2fb475f2b1" executionId="8b3410f9-e0c3-49eb-8d09-c77e29a2dd05" testListId="8c84fa94-04c1-424b-9868-57a2d4851a1d" />
    <TestEntry testId="deb47c0a-77fc-3131-96f9-09075f906b0f" executionId="08dfbf29-18ff-4a13-bc11-511e40d43a0e" testListId="8c84fa94-04c1-424b-9868-57a2d4851a1d" />
    <TestEntry testId="d474cf74-92c5-849f-167c-5214d785f2b3" executionId="9ecdb7fc-43d9-4b44-a4b1-e8eeb24f0a92" testListId="8c84fa94-04c1-424b-9868-57a2d4851a1d" />
    <TestEntry testId="d83d947b-1baa-c588-7654-7a085276d263" executionId="c099bd73-fd81-45ca-961f-bd5686bbf120" testListId="8c84fa94-04c1-424b-9868-57a2d4851a1d" />
    <TestEntry testId="757139f7-b539-725c-85e3-0b11aa6c2d60" executionId="2655d1b1-1d7f-4e9a-bcde-cf58140a5aae" testListId="8c84fa94-04c1-424b-9868-57a2d4851a1d" />
    <TestEntry testId="46f11cab-7b6b-763b-e496-067b626a37bd" executionId="8379ea54-a9d7-4028-a5cf-50db0fb6897c" testListId="8c84fa94-04c1-424b-9868-57a2d4851a1d" />
    <TestEntry testId="69f564ad-a04b-e8e3-f090-5c6e8733a168" executionId="ba9d6c0f-b68c-4a53-a227-8620278f94d1" testListId="8c84fa94-04c1-424b-9868-57a2d4851a1d" />
    <TestEntry testId="5ceb7b37-fd7e-5d1b-9457-246624e2ca1f" executionId="8b86f978-0e62-48f0-8fed-10c1d550f39c" testListId="8c84fa94-04c1-424b-9868-57a2d4851a1d" />
    <TestEntry testId="8329bc4d-7d7c-9966-bf65-39848e6ecfc5" executionId="dddd0db0-db26-450d-99e6-f54ad19d3f81" testListId="8c84fa94-04c1-424b-9868-57a2d4851a1d" />
    <TestEntry testId="70f5bab1-e568-7df8-7984-2a1882d6804d" executionId="d8bcc756-1420-43b3-b7cd-a68aa3069cdc" testListId="8c84fa94-04c1-424b-9868-57a2d4851a1d" />
    <TestEntry testId="88890ee6-9b1a-c296-e074-6e998b94dc22" executionId="ca34ff51-fadd-4a29-8087-6af11dcc90e6" testListId="8c84fa94-04c1-424b-9868-57a2d4851a1d" />
    <TestEntry testId="6f2f51ab-c727-879b-0724-780a5ebbb724" executionId="cc039104-3f63-4e46-a2a6-4141e8cd6511" testListId="8c84fa94-04c1-424b-9868-57a2d4851a1d" />
    <TestEntry testId="0626a39a-73db-94b5-466e-6cea975b8e88" executionId="193efc9c-0819-4eb4-9f57-ab6810b2b092" testListId="8c84fa94-04c1-424b-9868-57a2d4851a1d" />
    <TestEntry testId="761de924-ec33-8b13-5a31-3a4d4c87d87f" executionId="260fa1b2-eade-4afe-a786-581433660b7e" testListId="8c84fa94-04c1-424b-9868-57a2d4851a1d" />
    <TestEntry testId="bdeeb7fc-cad2-08e6-1a45-a3e88cad7183" executionId="0008a7a8-eb4e-43b1-b94f-b940f4044ea6" testListId="8c84fa94-04c1-424b-9868-57a2d4851a1d" />
    <TestEntry testId="ad4976a4-cd01-2db5-cd6a-3cc300541379" executionId="c50c65d9-8f2a-412c-8ad2-1dfba083af6e" testListId="8c84fa94-04c1-424b-9868-57a2d4851a1d" />
    <TestEntry testId="7b48d446-573e-38e5-8f68-076ea029b41f" executionId="5c14ca9d-987a-44af-8eae-32a9ec4f2dc0" testListId="8c84fa94-04c1-424b-9868-57a2d4851a1d" />
    <TestEntry testId="2293bdae-d312-0a38-f8a2-722e53483ebd" executionId="01987d90-ad76-40db-b6f1-aa595ee9597b" testListId="8c84fa94-04c1-424b-9868-57a2d4851a1d" />
    <TestEntry testId="65d502fd-51a5-b78d-6b27-cae344717057" executionId="c7413cf5-b00e-43f2-a2ea-a2b1bc578ded" testListId="8c84fa94-04c1-424b-9868-57a2d4851a1d" />
    <TestEntry testId="fc496a3d-0cb6-ea63-917a-10dad52540cb" executionId="0372e690-57e0-4c97-9ac4-4b21d6111389" testListId="8c84fa94-04c1-424b-9868-57a2d4851a1d" />
    <TestEntry testId="1626822a-3fa9-5b5e-a7a8-499cbd1856f4" executionId="2543890e-c125-4ca5-a371-abe7c88f4bf1" testListId="8c84fa94-04c1-424b-9868-57a2d4851a1d" />
    <TestEntry testId="507b47a2-a96f-586f-41f2-5c729b0455eb" executionId="1426998f-b3c8-414e-bf3d-5a1bf7003709" testListId="8c84fa94-04c1-424b-9868-57a2d4851a1d" />
    <TestEntry testId="2df10659-c7a6-d86d-8c56-a96057c20095" executionId="7f85db9b-7c9d-433a-8da5-076ff5e1ced4" testListId="8c84fa94-04c1-424b-9868-57a2d4851a1d" />
    <TestEntry testId="1dc01d01-dd20-5c43-85bc-8675e913563f" executionId="cb975d6f-eaa6-4790-8126-495547751b90" testListId="8c84fa94-04c1-424b-9868-57a2d4851a1d" />
    <TestEntry testId="b5d33c42-af96-4292-2f24-a41bf9e5e922" executionId="1c1a9361-5e2c-4bce-803c-51f2c9ba033b" testListId="8c84fa94-04c1-424b-9868-57a2d4851a1d" />
    <TestEntry testId="476509a5-2c92-f2f4-a0df-1546bc55de17" executionId="b3eeff04-2c63-4efc-9686-5f6a6a48b308" testListId="8c84fa94-04c1-424b-9868-57a2d4851a1d" />
    <TestEntry testId="14c7cd6c-c6f4-fecf-e150-c8d97c0dbf54" executionId="4f02e9d7-59e7-4ebd-9ec0-36986de86881" testListId="8c84fa94-04c1-424b-9868-57a2d4851a1d" />
    <TestEntry testId="b0303144-de5a-2570-c1ab-7299784d4af0" executionId="52081bae-e8e7-4989-b2dc-e8f981162b98" testListId="8c84fa94-04c1-424b-9868-57a2d4851a1d" />
    <TestEntry testId="dd4f59e0-25c6-2827-7b30-0dacf3b52fdc" executionId="32946032-73d5-4577-aaa2-24700b3794cc" testListId="8c84fa94-04c1-424b-9868-57a2d4851a1d" />
    <TestEntry testId="9baa9896-e57c-9e55-93b3-a2304d982361" executionId="80c2431a-ccde-4c3d-bdcd-2db356cdf1d6" testListId="8c84fa94-04c1-424b-9868-57a2d4851a1d" />
    <TestEntry testId="042bfee3-499b-2359-39a5-88cc62765608" executionId="59e3b19e-970f-42f5-ba8b-47dad2f7b77e" testListId="8c84fa94-04c1-424b-9868-57a2d4851a1d" />
    <TestEntry testId="83cf61c0-85b0-705b-d6fb-fb7c2c7abc56" executionId="c4d8cca0-32c0-4159-a887-9c9ff0f28e5f" testListId="8c84fa94-04c1-424b-9868-57a2d4851a1d" />
    <TestEntry testId="a7f08c81-e754-e7bf-0bca-2d1e56d53308" executionId="19f93fba-dc93-4bf2-9224-a736e3550edc" testListId="8c84fa94-04c1-424b-9868-57a2d4851a1d" />
    <TestEntry testId="2209afca-aab8-ea8b-b667-15d211eae6a7" executionId="3ad58f86-5053-4620-85dd-02eecc30621a" testListId="8c84fa94-04c1-424b-9868-57a2d4851a1d" />
    <TestEntry testId="9054ae33-ca06-b4c1-6a05-55986caa066f" executionId="91ff4d33-9385-4ae8-b38f-c3ea9df75a79" testListId="8c84fa94-04c1-424b-9868-57a2d4851a1d" />
    <TestEntry testId="08adb212-6afa-960b-11fc-1c0577b8ac12" executionId="977dad26-9610-4f2f-b5de-5bfc1ecadef1" testListId="8c84fa94-04c1-424b-9868-57a2d4851a1d" />
    <TestEntry testId="fc547443-adb7-bf09-5943-6f8209bac2e7" executionId="ef2bf182-7fad-445e-8ae9-f518a0d3474b" testListId="8c84fa94-04c1-424b-9868-57a2d4851a1d" />
    <TestEntry testId="3f571377-cdb3-00ac-e4ec-6d0b9879add7" executionId="164d5c2a-74ec-497e-b488-79524791b519" testListId="8c84fa94-04c1-424b-9868-57a2d4851a1d" />
    <TestEntry testId="3275c535-98d3-2671-bf0a-4dd9d2b30351" executionId="03e5703d-a6a5-4e28-9d16-afc591219007" testListId="8c84fa94-04c1-424b-9868-57a2d4851a1d" />
    <TestEntry testId="f89ce99d-2c8d-2776-166b-bf510050cbe2" executionId="5f9c13ac-354d-4a4b-8be0-72ada207e417" testListId="8c84fa94-04c1-424b-9868-57a2d4851a1d" />
    <TestEntry testId="11591035-e8d7-d997-9138-1e5cd3c3796b" executionId="89499f5a-416a-4bfc-aa7a-ef1c59144bf2" testListId="8c84fa94-04c1-424b-9868-57a2d4851a1d" />
    <TestEntry testId="0939645a-5917-d185-c8a8-b352118a6114" executionId="bbf53d48-6685-4b80-80e1-06337396d4d1" testListId="8c84fa94-04c1-424b-9868-57a2d4851a1d" />
    <TestEntry testId="6934aa15-a024-17b7-f771-6a780f957551" executionId="e27b6683-d013-43df-b9a2-a611902c3aac" testListId="8c84fa94-04c1-424b-9868-57a2d4851a1d" />
    <TestEntry testId="a426f576-3808-e304-9b70-c173fd5c8cdc" executionId="52b09b09-0561-4fcc-8778-6a427e36a4cf" testListId="8c84fa94-04c1-424b-9868-57a2d4851a1d" />
    <TestEntry testId="53e086fe-4af6-bdcb-9b8a-0eb899f6b653" executionId="4f50a288-a386-4877-aadb-dd6f48cc92a6" testListId="8c84fa94-04c1-424b-9868-57a2d4851a1d" />
    <TestEntry testId="e0a5b0c7-e061-5e95-d021-d8d2995b48ee" executionId="6d397b8d-2a22-4126-9c5d-eb0fe11de1d4" testListId="8c84fa94-04c1-424b-9868-57a2d4851a1d" />
    <TestEntry testId="b9c37f77-7764-4ea5-77ec-54d62bfe2585" executionId="4d505ff9-bbd8-4234-b28a-666a254513ae" testListId="8c84fa94-04c1-424b-9868-57a2d4851a1d" />
    <TestEntry testId="fa110716-2b5e-322d-4e91-d4d1e4ec4718" executionId="847f882b-c665-4a05-9b92-e5ecf79ae226" testListId="8c84fa94-04c1-424b-9868-57a2d4851a1d" />
    <TestEntry testId="11da25de-0452-79d5-1ff1-599d5911e98a" executionId="44e45074-f521-43e4-bf51-ecc8f697f845" testListId="8c84fa94-04c1-424b-9868-57a2d4851a1d" />
    <TestEntry testId="72fcb02e-3f2d-c62b-7e82-4c7f14e43577" executionId="b2882c3e-9235-4d32-9cef-f44fe08151bf" testListId="8c84fa94-04c1-424b-9868-57a2d4851a1d" />
    <TestEntry testId="34d4d314-8f58-2284-7521-bfbba42ac627" executionId="0772572b-2677-4b32-842e-a85bca8ccc87" testListId="8c84fa94-04c1-424b-9868-57a2d4851a1d" />
    <TestEntry testId="5e4620a7-e771-8bfd-4197-167906da6d50" executionId="7a2787b4-cb67-47d6-be6a-34ca585696a2" testListId="8c84fa94-04c1-424b-9868-57a2d4851a1d" />
    <TestEntry testId="a5075e39-0729-2689-b23b-8d48abaac0ed" executionId="585fba9e-551c-4f51-b1ec-efd534901d95" testListId="8c84fa94-04c1-424b-9868-57a2d4851a1d" />
    <TestEntry testId="14851252-8f42-1e29-1fe9-f107bcb483a4" executionId="8dda31b9-c3bc-481b-a6f6-093366adcb9c" testListId="8c84fa94-04c1-424b-9868-57a2d4851a1d" />
    <TestEntry testId="71cb431e-6fbe-aea1-d5f9-f65861e8fd06" executionId="0a8501c0-9c34-4b5c-8c85-4bcbd01d24f0" testListId="8c84fa94-04c1-424b-9868-57a2d4851a1d" />
    <TestEntry testId="04ac2f11-3b00-60e3-ea69-d039a18adb21" executionId="0578c45b-68bf-4020-bf6e-1f6a970c02e8" testListId="8c84fa94-04c1-424b-9868-57a2d4851a1d" />
    <TestEntry testId="329b9777-9766-ba6f-2a28-cc62b4a8feb5" executionId="3cf6681b-4eee-466a-878d-c5467af7a3ef" testListId="8c84fa94-04c1-424b-9868-57a2d4851a1d" />
    <TestEntry testId="36f26abf-6f47-6a48-f5c7-088766d73251" executionId="c1ad1a52-c452-4fc7-b4ed-7da0769a3185" testListId="8c84fa94-04c1-424b-9868-57a2d4851a1d" />
    <TestEntry testId="11e70d30-af9e-860e-3049-1c87be2a3094" executionId="e18c1445-dfda-4048-8f94-2afd2bb7cc7c" testListId="8c84fa94-04c1-424b-9868-57a2d4851a1d" />
    <TestEntry testId="0cf1f79b-cc4b-a801-bdb6-681b8016a79d" executionId="2e64df6e-2509-4c8e-9dd8-6d5e4acbd326" testListId="8c84fa94-04c1-424b-9868-57a2d4851a1d" />
    <TestEntry testId="d06725fe-5665-8ba6-d9ea-aed1cd48b438" executionId="ff39c757-bac0-4c7e-893a-01340e840f85" testListId="8c84fa94-04c1-424b-9868-57a2d4851a1d" />
    <TestEntry testId="b8fc69db-6dcf-bbbd-1805-1e1213c90acd" executionId="f29df0da-6377-4819-ab47-e7258e577985" testListId="8c84fa94-04c1-424b-9868-57a2d4851a1d" />
    <TestEntry testId="f4b871c0-3ff6-e28b-9e87-d3ef9c5cf49a" executionId="a7c0785e-07b0-486b-b0f9-d41411aff122" testListId="8c84fa94-04c1-424b-9868-57a2d4851a1d" />
    <TestEntry testId="229f9d2d-b82f-47d7-553f-2b2724ce977a" executionId="eb32951a-3b88-4151-aaed-082d5e70f975" testListId="8c84fa94-04c1-424b-9868-57a2d4851a1d" />
    <TestEntry testId="b3997614-9504-fb37-0e8a-091ba77a4676" executionId="222c5062-15f4-4108-ac1f-41bca0044d4d" testListId="8c84fa94-04c1-424b-9868-57a2d4851a1d" />
    <TestEntry testId="5fdcf191-419c-9f21-c545-6fbfe871b739" executionId="2aef004b-2479-4af4-bc0f-8037d66779de" testListId="8c84fa94-04c1-424b-9868-57a2d4851a1d" />
    <TestEntry testId="e412d971-68b8-8d0a-ee3b-8359934ece50" executionId="6293863f-7ba3-4bb7-9c24-d6be7cc8c24a" testListId="8c84fa94-04c1-424b-9868-57a2d4851a1d" />
    <TestEntry testId="a7d44bbc-3726-15d1-37ac-69642cbdd6cb" executionId="ff6210e0-efba-4758-9e11-ff6f82d3dbba" testListId="8c84fa94-04c1-424b-9868-57a2d4851a1d" />
    <TestEntry testId="7d8c6ca5-dc67-50fb-2fd2-1c2157b728a6" executionId="58e5dce4-e9f3-41bf-85da-07aae54bf25a" testListId="8c84fa94-04c1-424b-9868-57a2d4851a1d" />
    <TestEntry testId="949c4488-8ddc-f0bb-c6b3-13fddb2ed12f" executionId="83125a6b-1cfe-4479-aba9-e18f7fb31b69" testListId="8c84fa94-04c1-424b-9868-57a2d4851a1d" />
    <TestEntry testId="a021d11e-3f66-cba6-253c-050986106ead" executionId="0d6e764f-8c8b-4476-8b67-3dda312aefdc" testListId="8c84fa94-04c1-424b-9868-57a2d4851a1d" />
    <TestEntry testId="b2d89a1c-3490-509f-ffc0-625d45a2e4b1" executionId="36835806-1fe2-446b-ba02-2447d7a95f4d" testListId="8c84fa94-04c1-424b-9868-57a2d4851a1d" />
    <TestEntry testId="e5d2e92c-77eb-9239-8100-251f0aa68e22" executionId="93090dc2-b55e-474b-8442-53e24eebcf41" testListId="8c84fa94-04c1-424b-9868-57a2d4851a1d" />
    <TestEntry testId="83c8a6f6-7747-a4ad-1868-25d174f9208f" executionId="d604ba6a-d4e2-4251-b36c-bc4677056f8a" testListId="8c84fa94-04c1-424b-9868-57a2d4851a1d" />
    <TestEntry testId="16ed7b38-ad27-67b1-7580-de46b9dba210" executionId="491349bc-1431-4a71-b791-115c6c9cfaa0" testListId="8c84fa94-04c1-424b-9868-57a2d4851a1d" />
    <TestEntry testId="b5f54e6b-6c0c-d3b2-5376-238dd68fd46e" executionId="2cbb8a72-c3fb-4d82-ade1-ff17573ce61f" testListId="8c84fa94-04c1-424b-9868-57a2d4851a1d" />
    <TestEntry testId="2b8278f2-63f4-76df-c0a7-f90843398a28" executionId="68cd851a-11e6-4e6d-ae4d-75f4eeabcc0d" testListId="8c84fa94-04c1-424b-9868-57a2d4851a1d" />
    <TestEntry testId="e1a9d344-9ca0-c67e-426d-dde4c4123f1e" executionId="df8d9226-344b-4264-9c53-0e515d16408d" testListId="8c84fa94-04c1-424b-9868-57a2d4851a1d" />
    <TestEntry testId="a913404d-45fa-809b-82de-903589668c82" executionId="eae3e21b-167f-4823-a37b-f4f375d76a3a" testListId="8c84fa94-04c1-424b-9868-57a2d4851a1d" />
    <TestEntry testId="bfe1b3b8-b577-c8fc-625c-21bcffad831b" executionId="7d8150a8-2df0-42eb-b3af-22bb1a6bf498" testListId="8c84fa94-04c1-424b-9868-57a2d4851a1d" />
    <TestEntry testId="2799f7e1-65a2-e058-63eb-adec78ad1fd2" executionId="9705ab00-e66f-4413-8b7e-cea92e558dca" testListId="8c84fa94-04c1-424b-9868-57a2d4851a1d" />
    <TestEntry testId="49a724d4-51fb-9763-c2c9-6fa6b4f604cf" executionId="4ecfdf78-6e1f-48ec-81de-9d2b96f0d6d5" testListId="8c84fa94-04c1-424b-9868-57a2d4851a1d" />
    <TestEntry testId="147fc18f-bce1-9d2e-38b9-b19831c7fed4" executionId="b5f589ff-d91d-4292-96c0-d264779fc6ef" testListId="8c84fa94-04c1-424b-9868-57a2d4851a1d" />
    <TestEntry testId="51e5fba9-83e2-2ad0-e4bd-2c65eb92afef" executionId="f6ee85f4-33bf-4018-ad04-17fce236f99a" testListId="8c84fa94-04c1-424b-9868-57a2d4851a1d" />
    <TestEntry testId="2f945e99-5286-a8cf-c2a9-cc9947cf2514" executionId="8787ec3c-6537-4d9a-8eb6-e0df73676543" testListId="8c84fa94-04c1-424b-9868-57a2d4851a1d" />
    <TestEntry testId="5d24ff1f-a182-494a-0683-c112671c38cd" executionId="6c348eb6-205d-4565-ac97-657a59526e6c" testListId="8c84fa94-04c1-424b-9868-57a2d4851a1d" />
    <TestEntry testId="b376b6ce-a10d-29df-383d-365368724170" executionId="f6bf897f-001d-4b71-9598-46efa491c319" testListId="8c84fa94-04c1-424b-9868-57a2d4851a1d" />
    <TestEntry testId="a27d050c-f8a6-c9de-29fa-fb9630eefd5a" executionId="418580aa-6d46-476a-9af1-35675603d71a" testListId="8c84fa94-04c1-424b-9868-57a2d4851a1d" />
    <TestEntry testId="cbe10435-7387-4547-6ff3-0e1d6a2a802e" executionId="0e371c2b-3eb5-4837-8e3d-9ab4421ae5a0" testListId="8c84fa94-04c1-424b-9868-57a2d4851a1d" />
    <TestEntry testId="be790eca-be0c-4c86-777d-4d7fd934afb8" executionId="a6f500e0-1221-427d-a5bf-ffcf1b87e226" testListId="8c84fa94-04c1-424b-9868-57a2d4851a1d" />
    <TestEntry testId="20bd20a9-a793-2354-0bf7-23810a63975e" executionId="01025dec-d459-4444-8c1b-c56a06ec2e2f" testListId="8c84fa94-04c1-424b-9868-57a2d4851a1d" />
    <TestEntry testId="49d43554-3fff-f9c5-ac2e-8cc6550624a0" executionId="21ef39ba-4585-46f8-9067-681ea56be6e8" testListId="8c84fa94-04c1-424b-9868-57a2d4851a1d" />
    <TestEntry testId="85bf8de4-2a96-0b28-69cf-780ef4f9f166" executionId="c0209a97-d799-40c0-ac88-c7f7995fad98" testListId="8c84fa94-04c1-424b-9868-57a2d4851a1d" />
    <TestEntry testId="dc64ce54-bfa1-04d9-a277-a7eb18a1f02e" executionId="706034f5-56c2-444b-b9b5-25da4ec4aabd" testListId="8c84fa94-04c1-424b-9868-57a2d4851a1d" />
    <TestEntry testId="14b78350-1b72-9d0c-c593-4d7c3592b7f3" executionId="8683eb2f-d6b3-494b-ab35-d55b2f02238f" testListId="8c84fa94-04c1-424b-9868-57a2d4851a1d" />
    <TestEntry testId="e15401ad-fc12-ecea-4942-da0a49531f62" executionId="4fb490ae-2364-4b03-ba1d-d36e1b3fed70" testListId="8c84fa94-04c1-424b-9868-57a2d4851a1d" />
    <TestEntry testId="f4c27759-8d14-75fa-0cd9-51b1ebbc79f9" executionId="a6627e2d-e71e-47a1-8677-795339a93a42" testListId="8c84fa94-04c1-424b-9868-57a2d4851a1d" />
    <TestEntry testId="e96dd298-b866-15b6-5de1-4ec16b99ba35" executionId="a58ea05d-869b-4cc6-a47a-a33a360a2f8a" testListId="8c84fa94-04c1-424b-9868-57a2d4851a1d" />
    <TestEntry testId="a07e4e7c-2c60-8f67-8d10-efdfe8d784f4" executionId="6a3a6e50-c382-45a6-a832-ae6aeda66ecf" testListId="8c84fa94-04c1-424b-9868-57a2d4851a1d" />
    <TestEntry testId="e524475f-5f2c-7463-f45c-b989840b75cb" executionId="7fcb5471-ee2c-4561-abc3-76089c7633b4" testListId="8c84fa94-04c1-424b-9868-57a2d4851a1d" />
    <TestEntry testId="cfe89c84-835a-020f-f02a-e99b60991256" executionId="ca668f26-5814-4ac4-ad41-f16494fc82c3" testListId="8c84fa94-04c1-424b-9868-57a2d4851a1d" />
    <TestEntry testId="11c3797b-e513-3024-985b-d291037676fe" executionId="e8ed966d-5632-4107-bba2-dbcde61d5f3e" testListId="8c84fa94-04c1-424b-9868-57a2d4851a1d" />
    <TestEntry testId="22e048f1-3e75-ba75-6813-92c4e46ce0bc" executionId="f538245e-8b93-42f5-9bea-ebe0c943d205" testListId="8c84fa94-04c1-424b-9868-57a2d4851a1d" />
    <TestEntry testId="cab5ce9e-98bd-0b2e-42b2-c6ec67dd7aff" executionId="43957bab-79bd-485a-bb22-2e650b14bd4a" testListId="8c84fa94-04c1-424b-9868-57a2d4851a1d" />
    <TestEntry testId="b1b32665-a1fb-0499-b8e4-db38dadb3682" executionId="1ed1c87a-948d-42be-afd5-0234d6aa333a" testListId="8c84fa94-04c1-424b-9868-57a2d4851a1d" />
    <TestEntry testId="ec0d8083-b72f-bbde-8429-f097a4c5c660" executionId="969bb008-a131-4e72-896e-12f9e714a1a9" testListId="8c84fa94-04c1-424b-9868-57a2d4851a1d" />
    <TestEntry testId="8fb8934e-c5e3-2a7c-3ca9-fd177ec55b36" executionId="404703b3-5c24-4dba-b067-6183d8be4c8e" testListId="8c84fa94-04c1-424b-9868-57a2d4851a1d" />
    <TestEntry testId="8d667b0f-4c3d-125b-91e9-9ce5fd47ec01" executionId="17eecb2d-87d4-4e8f-82ff-8ecf182dc375" testListId="8c84fa94-04c1-424b-9868-57a2d4851a1d" />
    <TestEntry testId="d95aa351-3116-3762-56af-ca104bde1b98" executionId="e1c26438-c0d8-49ba-81b9-08a49714627f" testListId="8c84fa94-04c1-424b-9868-57a2d4851a1d" />
    <TestEntry testId="c014a45c-2668-8df4-da87-9193a13b4ba3" executionId="b4f27fac-32ed-4a2d-abd7-54deec536fe3" testListId="8c84fa94-04c1-424b-9868-57a2d4851a1d" />
    <TestEntry testId="f01a07f1-8c4b-82a6-15ff-a73f4b19abb6" executionId="c695db96-f4bc-4a6c-b9d0-4cf223603653" testListId="8c84fa94-04c1-424b-9868-57a2d4851a1d" />
    <TestEntry testId="f86f091f-dc3d-cef2-66cc-bb24f41e7f39" executionId="e3574ef9-1ea8-4f03-a927-e1cf17691bf7" testListId="8c84fa94-04c1-424b-9868-57a2d4851a1d" />
    <TestEntry testId="91a927a1-ef2a-8402-c96e-6854d8779ac1" executionId="e290cb67-1a46-4a9c-a117-a7da1120b3f5" testListId="8c84fa94-04c1-424b-9868-57a2d4851a1d" />
    <TestEntry testId="50f5a27b-3f63-8891-fc33-32982a3fc7e2" executionId="cd2acc47-d8e9-4627-a456-177ea67da992" testListId="8c84fa94-04c1-424b-9868-57a2d4851a1d" />
    <TestEntry testId="82bc8540-0f43-f4dd-301b-839d336deb54" executionId="908019fc-6a90-478d-8664-55e155250f78" testListId="8c84fa94-04c1-424b-9868-57a2d4851a1d" />
    <TestEntry testId="23ffa4d2-a33d-5763-3caa-e16e252d77d7" executionId="4708b68c-a790-40db-b5cf-0b0ca8fa62e5" testListId="8c84fa94-04c1-424b-9868-57a2d4851a1d" />
    <TestEntry testId="1d5aa4f0-2bcf-8c6f-b28e-be1b4281be2f" executionId="59794e97-700b-4a93-a4dd-6a63ee515ec1" testListId="8c84fa94-04c1-424b-9868-57a2d4851a1d" />
    <TestEntry testId="b01cb5c9-22d4-2a5a-8aca-b3f2b32961f7" executionId="b426208e-ae86-4517-a000-618dcc8f3991" testListId="8c84fa94-04c1-424b-9868-57a2d4851a1d" />
    <TestEntry testId="e81ecf66-f1fa-1e67-4645-cf19a9a36522" executionId="f7380877-5d94-4bb8-bcb0-af87ca54ace1" testListId="8c84fa94-04c1-424b-9868-57a2d4851a1d" />
    <TestEntry testId="afe3e6ea-e61d-c342-7dde-75e47beacd52" executionId="52b0bb14-c1bc-4b4c-a81f-8ef1b167112f" testListId="8c84fa94-04c1-424b-9868-57a2d4851a1d" />
    <TestEntry testId="a58f8daf-8f4f-8c7f-fa59-bbde15d4b1b5" executionId="f8ccbd91-ffac-4663-948e-29b7d0e6bc62" testListId="8c84fa94-04c1-424b-9868-57a2d4851a1d" />
    <TestEntry testId="11e4aa90-d769-fbf8-32cf-4794e65f6a4c" executionId="aeebd824-f8a9-4e71-8a9b-40d7fefb4b06" testListId="8c84fa94-04c1-424b-9868-57a2d4851a1d" />
    <TestEntry testId="ac1d21fd-4176-c013-ba8c-c7c73ec8c27b" executionId="7e7a5736-7c15-4522-8447-346600b6f4c4" testListId="8c84fa94-04c1-424b-9868-57a2d4851a1d" />
    <TestEntry testId="160e2795-38fd-dcae-4f45-b70d860fae21" executionId="57faf34c-4e4c-4831-9fd0-4e4acef49e73" testListId="8c84fa94-04c1-424b-9868-57a2d4851a1d" />
    <TestEntry testId="7231518a-3b92-2ba3-441d-9b849e0432db" executionId="4cdbb798-0dad-4908-8c4b-a288102f233d" testListId="8c84fa94-04c1-424b-9868-57a2d4851a1d" />
    <TestEntry testId="4e9af848-d916-1322-93bb-d04a01857fb4" executionId="211fedf1-953c-4969-b7d1-35d074672da3" testListId="8c84fa94-04c1-424b-9868-57a2d4851a1d" />
    <TestEntry testId="133e4429-4d79-8cf3-ae99-535243ed2289" executionId="d7d5d17b-c41b-4bb9-8b7f-01345c687ab2" testListId="8c84fa94-04c1-424b-9868-57a2d4851a1d" />
    <TestEntry testId="e9892386-a4d7-1c0d-be76-9acbdf834ed7" executionId="ec3e89f8-4ffb-4c4a-b6fe-dccdb1d60a67" testListId="8c84fa94-04c1-424b-9868-57a2d4851a1d" />
    <TestEntry testId="5670c6e2-247f-23a3-bc62-7d446ab9390b" executionId="0eb182e0-d794-415a-bd75-ff61562d9a10" testListId="8c84fa94-04c1-424b-9868-57a2d4851a1d" />
    <TestEntry testId="907a7d5f-e979-134b-a4dc-f61b7bbc41ca" executionId="cb565051-c310-4a85-a2ac-831003a88f93" testListId="8c84fa94-04c1-424b-9868-57a2d4851a1d" />
    <TestEntry testId="c7a99980-7b30-585f-b0a3-eca232d00ad5" executionId="c676fa79-eef1-44dd-8783-c60f971b90fb" testListId="8c84fa94-04c1-424b-9868-57a2d4851a1d" />
    <TestEntry testId="0fe972d5-3a12-a6da-4e20-57f3ffcbaa4f" executionId="a8534b0d-191b-4b66-819c-44133a311e20" testListId="8c84fa94-04c1-424b-9868-57a2d4851a1d" />
    <TestEntry testId="8c223ae4-9d48-ec5f-834f-0f5827a30bde" executionId="a3168dcd-5ca1-4a96-a6ca-01caf03ef2fa" testListId="8c84fa94-04c1-424b-9868-57a2d4851a1d" />
    <TestEntry testId="bbbb4873-b388-9027-19b7-c37634ad7aa1" executionId="d04ee6fa-9985-41af-9ccf-9b40ec20da16" testListId="8c84fa94-04c1-424b-9868-57a2d4851a1d" />
    <TestEntry testId="55995edc-e7d0-67a9-3c28-9812696c2ada" executionId="763ffed7-d191-48c7-a7b6-74dfe0b43963" testListId="8c84fa94-04c1-424b-9868-57a2d4851a1d" />
    <TestEntry testId="63507661-7c2f-36c2-7c52-efea806d83e5" executionId="16b71b93-5eac-47eb-9486-ee5410d15686" testListId="8c84fa94-04c1-424b-9868-57a2d4851a1d" />
    <TestEntry testId="777451b0-0b07-094b-2b5a-444b06d1abb2" executionId="f19355cb-45eb-4c5d-acab-2a5de2a67636" testListId="8c84fa94-04c1-424b-9868-57a2d4851a1d" />
    <TestEntry testId="9d0c1024-a93b-a389-7cf7-86cbd198403f" executionId="b52ddc08-aef5-4263-bc6b-47883c2010cb" testListId="8c84fa94-04c1-424b-9868-57a2d4851a1d" />
    <TestEntry testId="ab7767a9-699b-81c0-7f74-a1434e3dfda1" executionId="ebed38ca-87db-4795-94e5-2ba6a95ea419" testListId="8c84fa94-04c1-424b-9868-57a2d4851a1d" />
    <TestEntry testId="8ee817e9-6dc8-4b74-f44c-425f5c447a77" executionId="38186962-a4ca-4391-a25d-f51864a8014d" testListId="8c84fa94-04c1-424b-9868-57a2d4851a1d" />
    <TestEntry testId="7c552428-a9dd-f2dc-37ce-8e969f241e0d" executionId="1a1a082a-2aca-4cc5-8098-70688e544b8b" testListId="8c84fa94-04c1-424b-9868-57a2d4851a1d" />
    <TestEntry testId="8ec45d93-0c6b-1c6e-e4d9-f5149dbd299d" executionId="b07a5c59-de34-467c-a6df-c0a3287976d2" testListId="8c84fa94-04c1-424b-9868-57a2d4851a1d" />
    <TestEntry testId="c398ce42-db9d-78fd-b092-a14cb15fdbdd" executionId="5e5b75b6-e7ad-4a45-b0ab-34501527a452" testListId="8c84fa94-04c1-424b-9868-57a2d4851a1d" />
    <TestEntry testId="5f0ce51c-cc76-c855-edfe-47ef26f9b2f4" executionId="135a2603-597d-4286-a817-c2d0609094e6" testListId="8c84fa94-04c1-424b-9868-57a2d4851a1d" />
    <TestEntry testId="949a2159-4b10-152e-4ce1-8d560e9c175a" executionId="8595e3ce-90b2-4ec2-8ef4-ddf4f8feef9e" testListId="8c84fa94-04c1-424b-9868-57a2d4851a1d" />
    <TestEntry testId="337691d1-14f7-d8ba-0144-791dbaf5a041" executionId="253b0b9d-e7cf-4741-aa90-0cb674f56b67" testListId="8c84fa94-04c1-424b-9868-57a2d4851a1d" />
    <TestEntry testId="8e2f760f-31bf-1e77-ce73-45dbb1d3430d" executionId="ee48d383-ae16-408b-8283-2446e1ed5ffe" testListId="8c84fa94-04c1-424b-9868-57a2d4851a1d" />
    <TestEntry testId="9f9efddd-641e-ab10-823c-37aeb2556ab4" executionId="621d2e17-e9a3-44b1-b31c-4e255d0ea925" testListId="8c84fa94-04c1-424b-9868-57a2d4851a1d" />
    <TestEntry testId="81b2c6fa-26d3-8984-98eb-0462ef3db642" executionId="b512d483-92a1-4bf1-98fa-4c4c3c8aeb38" testListId="8c84fa94-04c1-424b-9868-57a2d4851a1d" />
    <TestEntry testId="b37dc247-281d-9ad1-5089-906957d4178f" executionId="1098ec2b-365d-483c-8c38-cee152d9c60f" testListId="8c84fa94-04c1-424b-9868-57a2d4851a1d" />
    <TestEntry testId="c5d2171e-4a2c-e8cc-bad0-b1c0dd918a1d" executionId="ce4ddf08-890c-4a4d-ab85-fdd0f7d4325f" testListId="8c84fa94-04c1-424b-9868-57a2d4851a1d" />
    <TestEntry testId="eeb1a371-6f4c-6ca0-eed6-a7b6dbd853db" executionId="77196a71-254a-46a8-8ce6-a5b5794dda23" testListId="8c84fa94-04c1-424b-9868-57a2d4851a1d" />
    <TestEntry testId="6518affc-3387-c57d-6aa7-33e1d48c2322" executionId="01b48ea4-4bbd-4028-8093-fd690ae518ec" testListId="8c84fa94-04c1-424b-9868-57a2d4851a1d" />
    <TestEntry testId="08ac9898-3269-c14e-731c-e13befb2ce63" executionId="dc98d04f-878f-4da0-9ac6-1319be32fc60" testListId="8c84fa94-04c1-424b-9868-57a2d4851a1d" />
    <TestEntry testId="1d69222c-ad0f-5e57-1abc-660327f8725e" executionId="20ea41a8-5dd8-4b1b-9ab6-89e8cf428dbc" testListId="8c84fa94-04c1-424b-9868-57a2d4851a1d" />
    <TestEntry testId="58078968-4438-809b-672f-9916a969c6a8" executionId="fcc44f30-b30d-4ec9-a2a8-815e9d792cb6" testListId="8c84fa94-04c1-424b-9868-57a2d4851a1d" />
    <TestEntry testId="ce08179f-a942-7d83-874f-c63532548267" executionId="963fd098-d285-467e-8e4f-10d2de5e047c" testListId="8c84fa94-04c1-424b-9868-57a2d4851a1d" />
    <TestEntry testId="50528cde-2418-393f-203a-d7c70decc5f5" executionId="67ef81b1-a4ef-403e-87eb-689e0e445162" testListId="8c84fa94-04c1-424b-9868-57a2d4851a1d" />
    <TestEntry testId="2d372ab4-2a22-d742-0457-ce1a320b9e6d" executionId="7d08075e-7f5b-4b1a-a838-630be72507f0" testListId="8c84fa94-04c1-424b-9868-57a2d4851a1d" />
    <TestEntry testId="978ce783-833d-5d2b-6b3c-52e3099da292" executionId="d18b21ae-a8d9-472b-bb15-6b49ec5014a4" testListId="8c84fa94-04c1-424b-9868-57a2d4851a1d" />
    <TestEntry testId="d2e193cc-34f9-e214-b02c-4f393aa248da" executionId="05a2381d-54a5-4c5d-88a0-dd33a6be2014" testListId="8c84fa94-04c1-424b-9868-57a2d4851a1d" />
    <TestEntry testId="3714244a-f483-53e0-11f4-755919d9a646" executionId="0b8ca69b-c4a5-4520-858d-c7799beef524" testListId="8c84fa94-04c1-424b-9868-57a2d4851a1d" />
    <TestEntry testId="7723c8a3-3446-ef63-22bd-9fa4b4d504a1" executionId="59d37a50-0f54-44cf-bfad-186d0ca3dcc1" testListId="8c84fa94-04c1-424b-9868-57a2d4851a1d" />
    <TestEntry testId="25d7fa74-6b31-7ed6-f83f-7e6d1615395d" executionId="43e1521d-9aa7-4718-956a-6c17d82c2fdf" testListId="8c84fa94-04c1-424b-9868-57a2d4851a1d" />
    <TestEntry testId="9b0d2ed4-a4e6-d046-b830-822003c804c0" executionId="09969d27-c7d2-4047-b925-2638e691b54b" testListId="8c84fa94-04c1-424b-9868-57a2d4851a1d" />
    <TestEntry testId="d8bea81e-18c8-304c-b921-15f11a76a680" executionId="1b69d070-0d53-49c8-9f25-1127f2ed6034" testListId="8c84fa94-04c1-424b-9868-57a2d4851a1d" />
    <TestEntry testId="a879d571-dbc1-66a1-6878-dfed2f3c2d8d" executionId="1964ee42-cca8-4be4-9253-c34bdd7c3c82" testListId="8c84fa94-04c1-424b-9868-57a2d4851a1d" />
    <TestEntry testId="d88efe72-4dac-2621-6744-580600b5a542" executionId="d70d5a24-31b6-44bd-a12f-913fb1591c92" testListId="8c84fa94-04c1-424b-9868-57a2d4851a1d" />
    <TestEntry testId="29dff1df-8583-fa03-c185-2c7ae3301185" executionId="b4448ea6-7eb9-40aa-941e-2c6dc4bcfa65" testListId="8c84fa94-04c1-424b-9868-57a2d4851a1d" />
    <TestEntry testId="8cf3a58d-9cd4-92ff-5e14-620ef959d3d0" executionId="4b13bcae-63fc-41cc-aa5c-647ab9af7a10" testListId="8c84fa94-04c1-424b-9868-57a2d4851a1d" />
    <TestEntry testId="2a102ffb-2b48-19e1-5362-d97b8f5130ce" executionId="bb410e5a-e980-4f69-80bd-085a5d9b541d" testListId="8c84fa94-04c1-424b-9868-57a2d4851a1d" />
    <TestEntry testId="21341ede-d83b-4a97-9079-afc4ac964e77" executionId="736a4f12-f9cd-476b-880e-12ea344ecda2" testListId="8c84fa94-04c1-424b-9868-57a2d4851a1d" />
    <TestEntry testId="340c6c97-7e1a-5994-a92c-8a7e869b1a99" executionId="a331fef1-58ff-47c9-92ea-42287e775eaf" testListId="8c84fa94-04c1-424b-9868-57a2d4851a1d" />
    <TestEntry testId="475876de-efd1-c4cc-108b-cefb28c52497" executionId="b6692663-2347-47d8-9b39-7c266230f39d" testListId="8c84fa94-04c1-424b-9868-57a2d4851a1d" />
    <TestEntry testId="4a2232db-ef72-d944-c6b6-053f4c284b3f" executionId="4d057e39-15ad-427b-a11f-91125f64b3f6" testListId="8c84fa94-04c1-424b-9868-57a2d4851a1d" />
    <TestEntry testId="654eb399-7ecb-f575-bb21-b7838ee1c6b3" executionId="c9c3c23b-ead8-4ea5-8a11-e96ca5c6783a" testListId="8c84fa94-04c1-424b-9868-57a2d4851a1d" />
    <TestEntry testId="104d183d-d8d8-b8ad-7787-10524d00a205" executionId="bf7d2864-95d1-4046-a8c4-a70a9a64a12b" testListId="8c84fa94-04c1-424b-9868-57a2d4851a1d" />
    <TestEntry testId="449b9e3a-c0f6-4c58-ea9c-a84bad8363d1" executionId="35a805c1-0f50-4aa4-99ed-2b312a29aa1d" testListId="8c84fa94-04c1-424b-9868-57a2d4851a1d" />
    <TestEntry testId="e4264249-4f55-9205-142c-4e8a5e33eb35" executionId="75265621-13b5-4613-a7cc-27177001b520" testListId="8c84fa94-04c1-424b-9868-57a2d4851a1d" />
    <TestEntry testId="6905c7d7-ff99-53aa-ded7-8df57489d488" executionId="198ca282-34f0-4612-94da-86a4ff7b3c87" testListId="8c84fa94-04c1-424b-9868-57a2d4851a1d" />
    <TestEntry testId="076c784e-a066-6bea-e29b-a8b465e4de9e" executionId="bb04b2db-1f4d-4432-a43c-b9e7fa372f20" testListId="8c84fa94-04c1-424b-9868-57a2d4851a1d" />
    <TestEntry testId="cf9fa066-29cf-d4ed-9e54-b6f825816022" executionId="c3d2b1c9-2786-45ab-9970-5430bbb31801" testListId="8c84fa94-04c1-424b-9868-57a2d4851a1d" />
    <TestEntry testId="a3529409-afe4-2a16-020b-a6829605b055" executionId="24093d25-4287-4b58-b181-0ae2602a1dad" testListId="8c84fa94-04c1-424b-9868-57a2d4851a1d" />
    <TestEntry testId="9a16cf19-d078-71cd-fa4c-7764429f122c" executionId="2753b7ab-1bad-45af-b067-bc4d807a0772" testListId="8c84fa94-04c1-424b-9868-57a2d4851a1d" />
    <TestEntry testId="6efe0c80-2555-fc81-92db-2b2b0d17de89" executionId="8e7c8e6d-e204-499e-922c-27ba7db23673" testListId="8c84fa94-04c1-424b-9868-57a2d4851a1d" />
    <TestEntry testId="5c0c8264-6d8d-b9c1-738d-680a082c1d44" executionId="f446ed27-ba7d-4db7-88f3-d0dbe6bade21" testListId="8c84fa94-04c1-424b-9868-57a2d4851a1d" />
    <TestEntry testId="7bd58085-89fe-fadd-cb95-acc8a9c6f5c2" executionId="097d208d-7acd-43f2-877b-3054546780bb" testListId="8c84fa94-04c1-424b-9868-57a2d4851a1d" />
    <TestEntry testId="b3e7e1cd-b887-6f61-5804-c81df2ec69f6" executionId="23ede725-1dca-4baf-9b81-eda1c19646f2" testListId="8c84fa94-04c1-424b-9868-57a2d4851a1d" />
    <TestEntry testId="15a4f196-6096-baea-22f5-7d2f0439728b" executionId="905acb5d-2e46-4876-892a-fa2aa03c4c88" testListId="8c84fa94-04c1-424b-9868-57a2d4851a1d" />
    <TestEntry testId="bdbdad57-0704-0ee8-11d9-58133781e959" executionId="7de8a073-745a-4b4c-affc-53c4b189f759" testListId="8c84fa94-04c1-424b-9868-57a2d4851a1d" />
    <TestEntry testId="c6da5a02-086e-5521-e3e6-b30ef87e3695" executionId="74d32dc1-c0ec-419e-a5ce-c9ceeded3bd2" testListId="8c84fa94-04c1-424b-9868-57a2d4851a1d" />
    <TestEntry testId="e138c17c-09ad-69c5-6439-809c870e17a3" executionId="9ce636d9-470b-42e7-b2c3-b275c9720c50" testListId="8c84fa94-04c1-424b-9868-57a2d4851a1d" />
    <TestEntry testId="f1ba841a-34f9-a4aa-9f22-76f70f1be999" executionId="30292177-9aa9-4bab-a22b-0378d7694958" testListId="8c84fa94-04c1-424b-9868-57a2d4851a1d" />
    <TestEntry testId="d0a1fed3-567b-a6a4-a4f1-b3212ab2f2ab" executionId="b4afd66e-ccf7-48a0-a84a-e5ae8f98be80" testListId="8c84fa94-04c1-424b-9868-57a2d4851a1d" />
    <TestEntry testId="bee6f4e4-ace3-93de-3568-e2eef08606e8" executionId="dec56366-03bd-47b1-86c1-c169e4ac7d40" testListId="8c84fa94-04c1-424b-9868-57a2d4851a1d" />
    <TestEntry testId="b166f31a-b1ef-1ca2-5275-513f4de5f2c0" executionId="84d54e6f-aba8-4870-b261-8651ddc292e5" testListId="8c84fa94-04c1-424b-9868-57a2d4851a1d" />
    <TestEntry testId="3d457de1-d803-6991-0ada-d2b2a04cf4cf" executionId="2aae15a0-d1a9-4db9-b929-0fe7cf9f439e" testListId="8c84fa94-04c1-424b-9868-57a2d4851a1d" />
    <TestEntry testId="31db3e23-4dee-1c55-73fd-9f55ac3d80c2" executionId="600b137f-92bb-4b2c-ba89-77df1bca0cb5" testListId="8c84fa94-04c1-424b-9868-57a2d4851a1d" />
    <TestEntry testId="5b51352c-98eb-c7ab-5b00-9f581ddca220" executionId="82bdab93-b91a-4454-9827-fbe122df6ca6" testListId="8c84fa94-04c1-424b-9868-57a2d4851a1d" />
    <TestEntry testId="3c5ce007-fabf-3cc9-0c68-659b281c65b4" executionId="8fae8739-ef7d-4d96-af22-268589f84777" testListId="8c84fa94-04c1-424b-9868-57a2d4851a1d" />
    <TestEntry testId="052d5570-7c03-17c8-758b-3389dd0b18fe" executionId="c1252eaa-01e4-455c-a7a5-04a00460e7d7" testListId="8c84fa94-04c1-424b-9868-57a2d4851a1d" />
    <TestEntry testId="6b343d85-a9fc-1547-334b-917e19b4cfc6" executionId="b3c5b9c7-1bd2-45a4-96c9-fb2c643968a3" testListId="8c84fa94-04c1-424b-9868-57a2d4851a1d" />
    <TestEntry testId="04b0b1d6-d777-be73-3a3c-1b4cc152f666" executionId="8756e229-2136-45a6-9d2c-c4c4bb38f93f" testListId="8c84fa94-04c1-424b-9868-57a2d4851a1d" />
    <TestEntry testId="7c649d35-27dd-6eec-cfd9-a690e516834c" executionId="9c6b1893-5ff3-4374-a34b-27b0c95bcff5" testListId="8c84fa94-04c1-424b-9868-57a2d4851a1d" />
    <TestEntry testId="921180dd-7fea-2259-a316-baef64f8d32e" executionId="7f4ea775-238d-45c2-9149-04483870e772" testListId="8c84fa94-04c1-424b-9868-57a2d4851a1d" />
    <TestEntry testId="7930635e-012d-5d00-6266-e2022fedd43c" executionId="cfe12650-e69d-46ce-a95c-322bd536eb00" testListId="8c84fa94-04c1-424b-9868-57a2d4851a1d" />
    <TestEntry testId="510f3d0a-9cf0-2c11-ea2e-10d2af875119" executionId="63360d32-4df8-4c0a-b7d7-64e4eabe2203" testListId="8c84fa94-04c1-424b-9868-57a2d4851a1d" />
    <TestEntry testId="35307052-86c4-4625-7548-2c5159e02610" executionId="744f3562-2abd-46c7-a75f-8e8b12ee95c5" testListId="8c84fa94-04c1-424b-9868-57a2d4851a1d" />
    <TestEntry testId="b376e0c7-de98-4458-4c08-3cb725d1a241" executionId="15c65653-4a52-4a14-8542-4cb2615545f9" testListId="8c84fa94-04c1-424b-9868-57a2d4851a1d" />
    <TestEntry testId="bae26c15-de9e-9848-3f9c-49775acdfcee" executionId="1aa04ae3-5b1c-4289-b340-b4df0016572e" testListId="8c84fa94-04c1-424b-9868-57a2d4851a1d" />
    <TestEntry testId="a901ce01-321e-bd93-eb37-592bdf3a675f" executionId="04852d06-8386-4d29-b24c-f60a1ed69832" testListId="8c84fa94-04c1-424b-9868-57a2d4851a1d" />
    <TestEntry testId="372f8185-d71f-e606-2b7b-bf41eb7e71da" executionId="4cf4deed-8019-4e6a-9544-0952d2c6ae3f" testListId="8c84fa94-04c1-424b-9868-57a2d4851a1d" />
    <TestEntry testId="8f7756d1-ec45-576a-8300-b8fc4b87c5dd" executionId="0ee85571-638f-4df8-adca-efa5f1916b8b" testListId="8c84fa94-04c1-424b-9868-57a2d4851a1d" />
    <TestEntry testId="0a2b377d-efba-dc00-2e8a-4a8a612eeb62" executionId="0d76b472-d0e5-4a14-be14-048bd2f8dea5" testListId="8c84fa94-04c1-424b-9868-57a2d4851a1d" />
    <TestEntry testId="e4407705-f35a-1acb-7293-039fb928d91f" executionId="cac90336-d448-462b-bd75-3672428fa68f" testListId="8c84fa94-04c1-424b-9868-57a2d4851a1d" />
    <TestEntry testId="16e29c9f-eeff-a6f4-a1f4-756fb59d8276" executionId="9a86e1f1-ada6-4a96-8d5c-316279cadba9" testListId="8c84fa94-04c1-424b-9868-57a2d4851a1d" />
    <TestEntry testId="8293ff92-9cd7-a3fb-1b5a-06572890497c" executionId="e5d323f5-ca02-4b30-a8c4-2f5c51e0d00d" testListId="8c84fa94-04c1-424b-9868-57a2d4851a1d" />
    <TestEntry testId="d91b7a44-c85f-02cf-ed21-3e0a38b01423" executionId="2f760d90-5bb4-4f9e-969b-2ef0d49643f6" testListId="8c84fa94-04c1-424b-9868-57a2d4851a1d" />
    <TestEntry testId="54622c98-af52-ea96-9c17-f55ba17866ee" executionId="3d86ebb5-3bff-481a-8092-0821532ee451" testListId="8c84fa94-04c1-424b-9868-57a2d4851a1d" />
    <TestEntry testId="a80bfb36-976e-5178-a2fc-1dbefd3e60bc" executionId="2afcbd09-df8f-483e-b646-10798a870bce" testListId="8c84fa94-04c1-424b-9868-57a2d4851a1d" />
    <TestEntry testId="16a2477a-b9d5-e2d0-a95e-ab75bfec974c" executionId="65e5780f-a4c5-4a3a-a00c-e0235ef3f351" testListId="8c84fa94-04c1-424b-9868-57a2d4851a1d" />
    <TestEntry testId="3502e4bb-0add-ea77-ff35-d3481b17d3b0" executionId="7682e22b-04b8-45fd-8f60-65b500fa4e6f" testListId="8c84fa94-04c1-424b-9868-57a2d4851a1d" />
    <TestEntry testId="d010037f-8ee4-8636-2543-ead179fc7c25" executionId="189c5db4-9f1a-4ebd-9f10-1c648dfacab6" testListId="8c84fa94-04c1-424b-9868-57a2d4851a1d" />
    <TestEntry testId="3091f0cd-ea6a-1eb0-6161-2b6f59c83f2c" executionId="727349d2-d377-4d9f-bdd0-0d2f60d38c58" testListId="8c84fa94-04c1-424b-9868-57a2d4851a1d" />
    <TestEntry testId="00412995-7b1c-356a-bb6a-b102960282e3" executionId="1d6de42f-ec74-43ba-b481-c8dfeeace5d8" testListId="8c84fa94-04c1-424b-9868-57a2d4851a1d" />
    <TestEntry testId="263f04f0-c5f4-1e54-6504-94465b2a767f" executionId="8c665e07-a39b-4f77-8bcc-b7af94375ca3" testListId="8c84fa94-04c1-424b-9868-57a2d4851a1d" />
    <TestEntry testId="bff55bef-f586-ceb2-b35d-f42f5a94fb9c" executionId="017e8e35-f356-40fc-9176-8eaf6e95d789" testListId="8c84fa94-04c1-424b-9868-57a2d4851a1d" />
    <TestEntry testId="694abfee-b4fd-c5a7-92ec-8964c642823f" executionId="d5f1d558-4cea-43dc-80b7-be31d8ea1071" testListId="8c84fa94-04c1-424b-9868-57a2d4851a1d" />
    <TestEntry testId="d786c9ad-bee7-02b2-0866-ee8c139d9711" executionId="8fa97922-6f89-4f07-990c-9327f878eb93" testListId="8c84fa94-04c1-424b-9868-57a2d4851a1d" />
    <TestEntry testId="71052d0a-5d24-ff99-814f-9cdd12efd6d7" executionId="9861c36b-23bc-4943-9f67-2ba2fb423727" testListId="8c84fa94-04c1-424b-9868-57a2d4851a1d" />
    <TestEntry testId="e9666507-692a-369c-a54e-9fb328f6b973" executionId="5e8e2252-b4a4-4c29-a31f-21b832b8d6b4" testListId="8c84fa94-04c1-424b-9868-57a2d4851a1d" />
    <TestEntry testId="a8853fc9-e793-4121-23dd-2f33df2e662f" executionId="9415a057-80e5-40c0-995e-e5eeb3ec05a2" testListId="8c84fa94-04c1-424b-9868-57a2d4851a1d" />
    <TestEntry testId="b9304ada-a59e-f974-b170-975a36a3be5f" executionId="66d86035-529f-48da-81f8-9adbdcce1330" testListId="8c84fa94-04c1-424b-9868-57a2d4851a1d" />
    <TestEntry testId="2fb09491-fc23-6ee0-242b-fa1728818340" executionId="2b987982-0e8e-4624-bfcb-145361a0e79f" testListId="8c84fa94-04c1-424b-9868-57a2d4851a1d" />
    <TestEntry testId="b3a481db-a938-323e-9fb8-489f8a369674" executionId="b3c268fb-0374-4edd-9b5b-bf596d64703e" testListId="8c84fa94-04c1-424b-9868-57a2d4851a1d" />
    <TestEntry testId="89adbdff-11d9-a072-c166-2a83194bd5e1" executionId="33807540-b666-404f-8006-bcef07c5d90d" testListId="8c84fa94-04c1-424b-9868-57a2d4851a1d" />
    <TestEntry testId="8fb0ae3f-6df1-05e9-1f59-c87282710e99" executionId="535677c7-148e-437f-a150-736907f65baa" testListId="8c84fa94-04c1-424b-9868-57a2d4851a1d" />
    <TestEntry testId="9961478a-9fa5-b364-4dc5-7ec6e1e9cd7a" executionId="0ae51d4b-ad0b-4e5b-8be9-9a3ec0ed2efd" testListId="8c84fa94-04c1-424b-9868-57a2d4851a1d" />
    <TestEntry testId="dd515da8-c83f-96dd-f590-a65f1f18728f" executionId="db0b6bc3-a0b5-41fe-a8e1-7a9c87d83b42" testListId="8c84fa94-04c1-424b-9868-57a2d4851a1d" />
    <TestEntry testId="31d90594-9a86-36d6-b1a3-9b187aa1f500" executionId="8cf7135a-bbdc-4035-957b-b84418935793" testListId="8c84fa94-04c1-424b-9868-57a2d4851a1d" />
    <TestEntry testId="7ea310e6-54a0-f55d-1a3d-51546a2de4db" executionId="4add9d2d-2bc2-4ebd-bdf7-9615deff2b91" testListId="8c84fa94-04c1-424b-9868-57a2d4851a1d" />
    <TestEntry testId="05f57a81-8b5d-3917-1d0b-1c75d5d12313" executionId="afcce3c2-5189-4ea1-8905-8e0ee58db900" testListId="8c84fa94-04c1-424b-9868-57a2d4851a1d" />
    <TestEntry testId="e838e783-f2af-feb4-e9f1-c2ff02a7a200" executionId="19727b00-354b-428c-9fa7-eb7ee596606d" testListId="8c84fa94-04c1-424b-9868-57a2d4851a1d" />
    <TestEntry testId="e29cfc35-8690-6a41-56d9-eddae2a6ee4e" executionId="a8029f1b-4a91-4e41-ae1b-7d38fe9831cd" testListId="8c84fa94-04c1-424b-9868-57a2d4851a1d" />
    <TestEntry testId="705525e6-cc73-452a-63c1-3c9cb7bce78c" executionId="d64285cc-85b1-41a6-a4a0-c7ff0f761732" testListId="8c84fa94-04c1-424b-9868-57a2d4851a1d" />
    <TestEntry testId="0d37e3cb-6a13-9e51-c242-5f0da2f5a233" executionId="bb0ffc33-12a1-43a8-ad6c-dd3060f7185f" testListId="8c84fa94-04c1-424b-9868-57a2d4851a1d" />
    <TestEntry testId="2ce728c9-6513-0474-466d-72b050cdb0ba" executionId="c0fa4004-c516-4cee-965b-a3e3ba53aadd" testListId="8c84fa94-04c1-424b-9868-57a2d4851a1d" />
    <TestEntry testId="35394b5a-d5b7-e733-ff8c-27be6bab22a4" executionId="f4096666-c256-4088-85d7-49fb008a1278" testListId="8c84fa94-04c1-424b-9868-57a2d4851a1d" />
    <TestEntry testId="ae7a47e9-b477-242b-fd04-04a041957190" executionId="81a7c4b8-a820-4f76-9e7b-44b6d5441cd5" testListId="8c84fa94-04c1-424b-9868-57a2d4851a1d" />
    <TestEntry testId="b33c7869-2bf1-52f3-c346-44f705b431cd" executionId="af4ee709-a7e7-41c0-9925-eac5547c7e86" testListId="8c84fa94-04c1-424b-9868-57a2d4851a1d" />
    <TestEntry testId="c35c2009-ed50-3384-08c9-7ad76c845e12" executionId="bea372ea-d39a-4f73-a9f0-3f1ccc934b6e" testListId="8c84fa94-04c1-424b-9868-57a2d4851a1d" />
    <TestEntry testId="74a4a950-3235-9796-a1b9-35c0398b3c51" executionId="e7ec8a8d-7072-4b8c-9c3c-693b2041d5b0" testListId="8c84fa94-04c1-424b-9868-57a2d4851a1d" />
    <TestEntry testId="cb98872d-dba9-3987-dad3-c649f79e50c0" executionId="a96a1f10-594f-4c5d-a08a-f3bc0e5bfc63" testListId="8c84fa94-04c1-424b-9868-57a2d4851a1d" />
    <TestEntry testId="e27ee226-188f-cf1e-bb44-10f5748e4c2e" executionId="f5dfd221-3acc-4ed2-9b79-93842a3c5d14" testListId="8c84fa94-04c1-424b-9868-57a2d4851a1d" />
    <TestEntry testId="2d57f613-4611-bb05-70c2-856c9cce6879" executionId="b011265b-2f01-41a9-b37a-301a102a4d15" testListId="8c84fa94-04c1-424b-9868-57a2d4851a1d" />
    <TestEntry testId="beaff054-0f94-10e4-a0ed-2211a6e70a2c" executionId="87b990f1-0bce-4279-95c3-b7aba7cdfb4b" testListId="8c84fa94-04c1-424b-9868-57a2d4851a1d" />
    <TestEntry testId="ec32b513-bd31-d745-5430-fd07a2a1da9f" executionId="fbcf546f-7bf7-4d65-b267-3eff0143b51d" testListId="8c84fa94-04c1-424b-9868-57a2d4851a1d" />
    <TestEntry testId="a56dfacb-4af0-82ec-d657-bed633e9add9" executionId="09d9d519-4344-4938-b176-b3c3d826c58c" testListId="8c84fa94-04c1-424b-9868-57a2d4851a1d" />
    <TestEntry testId="a63689cf-95e5-fbe7-80f5-ad0180090582" executionId="9b9f1a7a-abdc-4a96-b56d-cdbe78ed32e3" testListId="8c84fa94-04c1-424b-9868-57a2d4851a1d" />
    <TestEntry testId="d0169706-e11d-5cc8-701e-9666a13a4758" executionId="ab6366aa-2168-4218-9760-eb61c33a1d56" testListId="8c84fa94-04c1-424b-9868-57a2d4851a1d" />
    <TestEntry testId="9a426f5e-167f-9b4f-54f0-7ce77fa1cd6b" executionId="8aa77a6f-d466-4ef2-89a2-8172e7823916" testListId="8c84fa94-04c1-424b-9868-57a2d4851a1d" />
    <TestEntry testId="70279d27-6c5c-6eb7-4c96-fdff400aff40" executionId="c80dfb12-1c6d-4db9-a856-b9caafa13f43" testListId="8c84fa94-04c1-424b-9868-57a2d4851a1d" />
    <TestEntry testId="47468728-e188-8663-4de2-79f2d19837c4" executionId="2c1ffd9a-c337-4185-b511-1ef8f531d16b" testListId="8c84fa94-04c1-424b-9868-57a2d4851a1d" />
    <TestEntry testId="c5a29c23-7ceb-db02-9659-631971b90b6a" executionId="e1882c42-f3c4-48df-a46a-012c7e3a2762" testListId="8c84fa94-04c1-424b-9868-57a2d4851a1d" />
    <TestEntry testId="82c574d4-310c-9865-9ff5-4c193c660ec0" executionId="8ef87be5-da02-4559-871b-47543c75e541" testListId="8c84fa94-04c1-424b-9868-57a2d4851a1d" />
    <TestEntry testId="460bb2dd-61cf-bb8c-1e06-bbf0807f68aa" executionId="2c3f49d3-bd30-4464-bafa-e3410340172b" testListId="8c84fa94-04c1-424b-9868-57a2d4851a1d" />
    <TestEntry testId="f59a40e3-3fcf-65a7-f6cd-1022790d9380" executionId="dcd76e11-0904-4827-95a3-891fde81e175" testListId="8c84fa94-04c1-424b-9868-57a2d4851a1d" />
    <TestEntry testId="1467f056-ccdf-6c8e-94a4-b6e67541ea01" executionId="d9973ed4-33ff-450a-828f-fe69014a2b95" testListId="8c84fa94-04c1-424b-9868-57a2d4851a1d" />
    <TestEntry testId="3f905ce8-80f2-02cc-b77c-8a684ed28345" executionId="009b561e-0978-42c3-941b-34f29ecbba93" testListId="8c84fa94-04c1-424b-9868-57a2d4851a1d" />
    <TestEntry testId="d6427a85-43f2-21ee-b344-8e351b59ad58" executionId="df51b262-16a4-4261-8127-7ffcfb960c7a" testListId="8c84fa94-04c1-424b-9868-57a2d4851a1d" />
    <TestEntry testId="6aa13359-3466-f1b1-12ac-f29655b38b66" executionId="587dcc5c-224d-454e-bc74-fd69a0139758" testListId="8c84fa94-04c1-424b-9868-57a2d4851a1d" />
    <TestEntry testId="96b8454f-cb93-a5f4-fc55-77e054e1d610" executionId="32fa2df4-4c62-440e-8abc-4e94f97d987a" testListId="8c84fa94-04c1-424b-9868-57a2d4851a1d" />
    <TestEntry testId="0fe584cd-a940-2e55-7451-b22c6cbc4ba6" executionId="8564baa9-7236-432c-8510-6685fd1ef385" testListId="8c84fa94-04c1-424b-9868-57a2d4851a1d" />
    <TestEntry testId="8b5c01eb-3daf-d3da-7adc-83346970f921" executionId="17efa271-a9ea-4ff1-99e4-c341a49135f7" testListId="8c84fa94-04c1-424b-9868-57a2d4851a1d" />
    <TestEntry testId="598c46e4-bffe-167c-08f9-f86ee5a64d1e" executionId="68d9c57c-2aca-4ea2-aebe-e5599e98f2e1" testListId="8c84fa94-04c1-424b-9868-57a2d4851a1d" />
    <TestEntry testId="bc24cc47-3602-1504-8ee2-a23831c68b20" executionId="c58a662d-08ef-4583-a611-3872fbefbacf" testListId="8c84fa94-04c1-424b-9868-57a2d4851a1d" />
    <TestEntry testId="7dcf94df-35d5-4f41-2d95-5365443ab3fd" executionId="201474ca-36d5-419b-a846-43f9b3a6eb1a" testListId="8c84fa94-04c1-424b-9868-57a2d4851a1d" />
    <TestEntry testId="c6e4fcad-1989-e899-8bac-26a833edc360" executionId="4ba1eae6-65ae-4e1e-8d5c-9e7120265f36" testListId="8c84fa94-04c1-424b-9868-57a2d4851a1d" />
    <TestEntry testId="b44213bb-33ae-33af-0aec-08d3537052c3" executionId="db7aa747-175b-4ec3-8d29-6ecc5b2c84dc" testListId="8c84fa94-04c1-424b-9868-57a2d4851a1d" />
    <TestEntry testId="11577903-e60e-06f8-2a5b-73b4d1c07a25" executionId="48b25654-047b-43e9-bb00-59db801f85ef" testListId="8c84fa94-04c1-424b-9868-57a2d4851a1d" />
    <TestEntry testId="284867a4-0bf6-af11-7fd6-c0f8eeace1ae" executionId="bd2c4242-c480-4062-af30-da4ed25ffec3" testListId="8c84fa94-04c1-424b-9868-57a2d4851a1d" />
    <TestEntry testId="35dc10eb-dede-1c37-f1fc-8a62654248e9" executionId="b3f6045b-7cb0-4de6-9d85-d2513fba1c7b" testListId="8c84fa94-04c1-424b-9868-57a2d4851a1d" />
    <TestEntry testId="154c2543-3b03-d18b-1e75-6232e8195a78" executionId="ea18a2b2-e107-43b4-9c35-bea982ff3190" testListId="8c84fa94-04c1-424b-9868-57a2d4851a1d" />
    <TestEntry testId="dff15840-393e-409f-4dc0-667696e27c18" executionId="91fd22ae-1bd1-4fc9-9fdd-a68eda72ea3d" testListId="8c84fa94-04c1-424b-9868-57a2d4851a1d" />
    <TestEntry testId="0806a028-b1a0-eb17-a93f-a38674b9bea4" executionId="a81d2d64-9bdc-4a6c-b127-ddedce273529" testListId="8c84fa94-04c1-424b-9868-57a2d4851a1d" />
    <TestEntry testId="9a638e40-d359-6746-9f21-8510b5774335" executionId="86688e89-8c69-4722-984d-4de6d92c7736" testListId="8c84fa94-04c1-424b-9868-57a2d4851a1d" />
    <TestEntry testId="2051097f-3f6a-d11b-1868-e03525ceefe3" executionId="27aabf1e-7e36-4fdd-a3ca-5865b01512f0" testListId="8c84fa94-04c1-424b-9868-57a2d4851a1d" />
    <TestEntry testId="d542a4be-264f-4669-d3a4-585d50add547" executionId="9d40cf06-8bb2-4bd1-86b7-c383c1a5bb08" testListId="8c84fa94-04c1-424b-9868-57a2d4851a1d" />
    <TestEntry testId="7c6cbcc3-6ed0-961f-d796-d395ce4e0236" executionId="655150d4-3238-4781-9c65-e66286488c2e" testListId="8c84fa94-04c1-424b-9868-57a2d4851a1d" />
    <TestEntry testId="02dfff2c-6e20-f055-38aa-937902f53f06" executionId="7f78009e-522b-4399-942b-19f48518fd6d" testListId="8c84fa94-04c1-424b-9868-57a2d4851a1d" />
    <TestEntry testId="e1ed053f-bf6d-9dee-74a1-43003f7e12cd" executionId="ebc32972-85a0-4d65-b897-c037c8327129" testListId="8c84fa94-04c1-424b-9868-57a2d4851a1d" />
    <TestEntry testId="54970370-ff41-1690-3bb5-6e3c3dd11e8a" executionId="a66bd1d1-7e41-4765-995a-d4727533f673" testListId="8c84fa94-04c1-424b-9868-57a2d4851a1d" />
    <TestEntry testId="22a27231-c6a7-72df-cf67-ef27f39a4583" executionId="4e7321d4-786a-4b80-b71b-b6226cc483de" testListId="8c84fa94-04c1-424b-9868-57a2d4851a1d" />
    <TestEntry testId="c6a16e31-5525-bac7-671f-4578facffc56" executionId="3faec24c-4609-4796-9f91-6d1109cd4727" testListId="8c84fa94-04c1-424b-9868-57a2d4851a1d" />
    <TestEntry testId="f58c561a-56c6-5a64-2790-afbbbb854f54" executionId="8d7d6606-2258-487c-a8cc-a5f92b7a02b9" testListId="8c84fa94-04c1-424b-9868-57a2d4851a1d" />
    <TestEntry testId="811de1f5-4649-de67-a6eb-cb786595808c" executionId="aece8a1f-59a5-4873-913e-fee647d10034" testListId="8c84fa94-04c1-424b-9868-57a2d4851a1d" />
    <TestEntry testId="2a92bd88-1fbe-5d77-bf05-3b21a27c97c4" executionId="cedd6cbc-6d38-40dd-a50e-4176fce860b3" testListId="8c84fa94-04c1-424b-9868-57a2d4851a1d" />
    <TestEntry testId="0dd727c4-441b-ca1e-47be-3f5ec998ae2c" executionId="5e2ecc2e-ef35-413c-921e-bbdf70114655" testListId="8c84fa94-04c1-424b-9868-57a2d4851a1d" />
    <TestEntry testId="3d66031e-9b2f-0a00-4106-7d54f5313c8a" executionId="7145fe08-03c1-4e1d-bf7a-7c65553b6ae0" testListId="8c84fa94-04c1-424b-9868-57a2d4851a1d" />
    <TestEntry testId="2e6f12c4-567a-a9a5-1394-114f4affe65c" executionId="19a5ce69-431b-4345-a8ac-3a4f040bbd04" testListId="8c84fa94-04c1-424b-9868-57a2d4851a1d" />
    <TestEntry testId="ed3816f5-9557-c094-70f8-28e7c24d766b" executionId="d4d062bc-616f-43d0-b580-b5e58ebb6079" testListId="8c84fa94-04c1-424b-9868-57a2d4851a1d" />
    <TestEntry testId="295ff600-46b5-ffa4-d057-eedf2160e6fd" executionId="24536ef1-80ec-4a8f-9453-ca072153d453" testListId="8c84fa94-04c1-424b-9868-57a2d4851a1d" />
    <TestEntry testId="634be660-ab2b-1395-2050-4b29a1eded1c" executionId="7d828bc1-113c-465d-9e7e-18a7a7b2c3f2" testListId="8c84fa94-04c1-424b-9868-57a2d4851a1d" />
    <TestEntry testId="d71236c6-e3e8-3e3c-ac00-40a10ebbbddd" executionId="62f89b8a-e4d2-4a31-af05-0098c2d718c1" testListId="8c84fa94-04c1-424b-9868-57a2d4851a1d" />
    <TestEntry testId="3b90192e-1cff-2de9-5c91-04c5efb18edb" executionId="862fef00-189b-4ec8-aa7b-585d2f9323c4" testListId="8c84fa94-04c1-424b-9868-57a2d4851a1d" />
    <TestEntry testId="c8358eda-9951-61f5-2d73-bb09fec88ace" executionId="0b571f38-755f-4047-b07c-09f3fd89cd28" testListId="8c84fa94-04c1-424b-9868-57a2d4851a1d" />
    <TestEntry testId="87b3b798-201c-f416-b201-5675faff582c" executionId="133faf65-9c3a-4762-b2e6-0d2780b0fbfb" testListId="8c84fa94-04c1-424b-9868-57a2d4851a1d" />
    <TestEntry testId="73d73dc2-8492-1de1-1bd6-3de906c804f3" executionId="7fb818bf-dbd6-4b7f-af49-3c39ef8caf1e" testListId="8c84fa94-04c1-424b-9868-57a2d4851a1d" />
    <TestEntry testId="d545b0a1-6d90-6643-d5af-215cd62b87bd" executionId="cd62cda4-b0ed-4889-a392-fc3a1e914dab" testListId="8c84fa94-04c1-424b-9868-57a2d4851a1d" />
    <TestEntry testId="71d819df-4747-5813-a46c-45a112baebb1" executionId="4bc60db5-6535-4284-ae3d-d1abf72d5495" testListId="8c84fa94-04c1-424b-9868-57a2d4851a1d" />
    <TestEntry testId="5155163d-a611-d4a7-3bb7-da05bb3eacbf" executionId="0a205001-33dd-406f-b15b-cf117dfb8c2f" testListId="8c84fa94-04c1-424b-9868-57a2d4851a1d" />
    <TestEntry testId="7576d1e8-d6bb-547d-f9e9-5e037320c808" executionId="82b4848e-3106-4b88-b3c2-452929cc51d0" testListId="8c84fa94-04c1-424b-9868-57a2d4851a1d" />
    <TestEntry testId="ba754c6a-e316-1d94-432c-ee528b6bd9e3" executionId="0eca4714-96c5-4fbb-91b1-5cdce1899624" testListId="8c84fa94-04c1-424b-9868-57a2d4851a1d" />
    <TestEntry testId="8af07428-4f6d-dfc7-8036-c8192e779f8c" executionId="dc9e7581-08ba-4ae1-b578-c3f88ebcffb5" testListId="8c84fa94-04c1-424b-9868-57a2d4851a1d" />
    <TestEntry testId="e7a73ccf-eb00-feb9-f196-0eb0f9e16f44" executionId="6324c31a-a13d-4a25-b775-b83eb08f6480" testListId="8c84fa94-04c1-424b-9868-57a2d4851a1d" />
    <TestEntry testId="1dc04680-c17a-5ef0-cd55-c5909a099d31" executionId="c6421f37-eadf-425f-88e8-722fd1495f21" testListId="8c84fa94-04c1-424b-9868-57a2d4851a1d" />
    <TestEntry testId="ac5ad418-154c-ea42-d78a-259b410be746" executionId="85f9b923-a33f-4614-b687-45ce1006411c" testListId="8c84fa94-04c1-424b-9868-57a2d4851a1d" />
    <TestEntry testId="dae8967b-2ab3-1f9d-4a49-d95b9695bcde" executionId="533c618d-bd3f-4f93-b6da-28d2db582dc2" testListId="8c84fa94-04c1-424b-9868-57a2d4851a1d" />
    <TestEntry testId="a3e78115-73d4-5855-1567-96e35b62d47b" executionId="8fcd5dea-4de7-4b3e-ae30-af639933978c" testListId="8c84fa94-04c1-424b-9868-57a2d4851a1d" />
    <TestEntry testId="b9e7b15e-f277-6e8e-cf88-c99b89e138b5" executionId="93c1761a-20bd-49f3-90b9-b1cd4469d2f2" testListId="8c84fa94-04c1-424b-9868-57a2d4851a1d" />
    <TestEntry testId="9f9e66fa-9619-69e7-b7c7-fc40c68a8886" executionId="e9de103e-26cb-4d84-9d2e-7d1d836be31a" testListId="8c84fa94-04c1-424b-9868-57a2d4851a1d" />
    <TestEntry testId="a23a82db-6a0c-f496-ce1d-906a455da103" executionId="26777841-b54b-46c7-b9e5-e0cde0cfb439" testListId="8c84fa94-04c1-424b-9868-57a2d4851a1d" />
    <TestEntry testId="75589ec1-a859-64d8-48d4-af442a39f6c2" executionId="b145e6eb-3559-4b9f-b855-d1bf2901d999" testListId="8c84fa94-04c1-424b-9868-57a2d4851a1d" />
    <TestEntry testId="ea93ada1-d851-38d7-e6ad-05dc7326d4da" executionId="b951a50d-dcf6-4cdc-a583-37351bea81a2" testListId="8c84fa94-04c1-424b-9868-57a2d4851a1d" />
    <TestEntry testId="243ea1eb-c348-0267-684c-044e251fb3a1" executionId="50b7419c-80b0-4415-be6a-fa76b033fef4" testListId="8c84fa94-04c1-424b-9868-57a2d4851a1d" />
    <TestEntry testId="7929969f-2067-fdf9-d9da-bec5c1ca9f68" executionId="ae160dc3-f509-49c0-8d9c-beed0e9ba706" testListId="8c84fa94-04c1-424b-9868-57a2d4851a1d" />
    <TestEntry testId="127aa5d9-b5be-e3b4-9d4b-e44b3b7addf9" executionId="c4822944-d0f4-417b-b772-2062d4fa19c5" testListId="8c84fa94-04c1-424b-9868-57a2d4851a1d" />
    <TestEntry testId="3be2305c-1fcd-69bb-4cb6-0f3765875678" executionId="5d414dbf-3665-4938-b4a4-74a44e33aa5a" testListId="8c84fa94-04c1-424b-9868-57a2d4851a1d" />
    <TestEntry testId="822c0314-a6ca-19b6-168d-b33c64861d5a" executionId="d9663779-6432-4043-8e4c-04f8e726ea86" testListId="8c84fa94-04c1-424b-9868-57a2d4851a1d" />
    <TestEntry testId="c56ff070-7f72-8597-594d-286431f5693b" executionId="6e6270e2-235a-4c8b-8841-97b033dbde45" testListId="8c84fa94-04c1-424b-9868-57a2d4851a1d" />
    <TestEntry testId="bb86d477-a493-9444-8177-6c4f694b9cb1" executionId="d4e29d41-29b3-4b4f-a036-8a98a2fe89c1" testListId="8c84fa94-04c1-424b-9868-57a2d4851a1d" />
    <TestEntry testId="04cde281-0eb7-6ef3-1c71-352937db45e4" executionId="84ebb295-5fe6-4c93-bdd1-13bdaab3c348" testListId="8c84fa94-04c1-424b-9868-57a2d4851a1d" />
    <TestEntry testId="efe4b932-301f-4af1-81a1-3f8276fdd816" executionId="f8aa5934-ee16-4141-9372-5e488c66e813" testListId="8c84fa94-04c1-424b-9868-57a2d4851a1d" />
    <TestEntry testId="19384039-9d8f-f628-9fee-6169f30160f7" executionId="174a4333-eb9c-4ac0-a281-6f130e4b6a0a" testListId="8c84fa94-04c1-424b-9868-57a2d4851a1d" />
    <TestEntry testId="a3d42ba6-8091-0d31-6ac2-04b70c444067" executionId="ace9c77c-1059-4611-81af-05ef7b283892" testListId="8c84fa94-04c1-424b-9868-57a2d4851a1d" />
    <TestEntry testId="1d4762e5-6da6-a395-fe19-3ac609bb2b6f" executionId="ba1b317b-a6ff-4861-bd32-9e1e19f52827" testListId="8c84fa94-04c1-424b-9868-57a2d4851a1d" />
    <TestEntry testId="7ab5e04b-c54c-96ac-3762-2c7f66ac4661" executionId="9ac4a0d1-d65e-4d03-966c-af86c3e2aedf" testListId="8c84fa94-04c1-424b-9868-57a2d4851a1d" />
    <TestEntry testId="fb80423e-b271-1823-8b6c-e20e7db77869" executionId="631391a0-1161-4869-b2a1-3231dfa318a5" testListId="8c84fa94-04c1-424b-9868-57a2d4851a1d" />
    <TestEntry testId="538e4bb7-e3aa-2dbf-e82b-524177d005e1" executionId="7d8d4919-8e0b-4dca-8a23-917b1f0de7a9" testListId="8c84fa94-04c1-424b-9868-57a2d4851a1d" />
    <TestEntry testId="232965ff-d930-6802-722e-9ba1c58e44b2" executionId="0dac28db-ff0f-4d4b-8d89-f166e5928826" testListId="8c84fa94-04c1-424b-9868-57a2d4851a1d" />
    <TestEntry testId="fa122a36-8318-ea40-d4d3-31cb2ef31e8e" executionId="0495298f-e1f4-4cdb-be3e-325c75bee9cc" testListId="8c84fa94-04c1-424b-9868-57a2d4851a1d" />
    <TestEntry testId="b2e75b58-7f3d-8fcc-bf76-7626f64109ac" executionId="8ab6f916-1a59-4c05-b591-97f4a33e57fc" testListId="8c84fa94-04c1-424b-9868-57a2d4851a1d" />
    <TestEntry testId="c33215a8-8e06-8c77-b310-241bf335385a" executionId="669246f4-ea9e-4260-9850-e68c0d0f8342" testListId="8c84fa94-04c1-424b-9868-57a2d4851a1d" />
    <TestEntry testId="68660fcd-c696-ba66-0b11-22dd75aa8422" executionId="2b211d88-e9f4-491d-92e2-92c6753c60e9" testListId="8c84fa94-04c1-424b-9868-57a2d4851a1d" />
    <TestEntry testId="db4d6004-ea60-af95-d4d9-4ea882d43d5f" executionId="6e529a6d-9b96-4e8c-95cb-842549ec7cc4" testListId="8c84fa94-04c1-424b-9868-57a2d4851a1d" />
    <TestEntry testId="a64c313b-d875-eef9-f393-ee255a8c8579" executionId="2f95fa99-be71-405a-b2ba-a136cdcd3356" testListId="8c84fa94-04c1-424b-9868-57a2d4851a1d" />
    <TestEntry testId="248eee01-5041-973c-0ab4-c150bf9e6c7e" executionId="eba2f02e-f0ef-43a1-bb37-1e5a0ded3865" testListId="8c84fa94-04c1-424b-9868-57a2d4851a1d" />
    <TestEntry testId="88649245-478d-0cbb-f88c-020cf163700c" executionId="09172599-db01-4404-b8fa-39dcad787335" testListId="8c84fa94-04c1-424b-9868-57a2d4851a1d" />
    <TestEntry testId="8de9a9dc-1e63-f5cb-590f-d4ff669449cb" executionId="e4b1807c-4e0e-4ebe-bce4-6a4bae788941" testListId="8c84fa94-04c1-424b-9868-57a2d4851a1d" />
    <TestEntry testId="89976b87-70f9-fca1-e2cd-6691b4628a39" executionId="b990a1f9-140a-4f07-9113-6b2b4535e72b" testListId="8c84fa94-04c1-424b-9868-57a2d4851a1d" />
    <TestEntry testId="e3a7ed5d-9798-22cb-4eae-dcd99f1ece7e" executionId="611e938f-b585-4d9e-b6a6-07249c5e9549" testListId="8c84fa94-04c1-424b-9868-57a2d4851a1d" />
    <TestEntry testId="0fcd6ed2-9b82-b675-1d9d-a2c6210977c6" executionId="e7b3d318-e514-459c-be94-3c0ee961f0c0" testListId="8c84fa94-04c1-424b-9868-57a2d4851a1d" />
    <TestEntry testId="7dd1b4fc-cb90-9ed0-99c7-97b1e573137e" executionId="8fcdde3f-a1fe-49e7-b0e3-88f1de1bb777" testListId="8c84fa94-04c1-424b-9868-57a2d4851a1d" />
    <TestEntry testId="1d923a8f-b16f-5d0e-1a9f-33316463ba7a" executionId="69332c87-2bbc-4620-be1e-7294a4283f66" testListId="8c84fa94-04c1-424b-9868-57a2d4851a1d" />
    <TestEntry testId="b38c6e42-c862-a4ea-16f2-21bf6715fba7" executionId="720c89f5-7360-48d1-af37-77654e7f2d6f" testListId="8c84fa94-04c1-424b-9868-57a2d4851a1d" />
    <TestEntry testId="23c51d33-06d3-70ac-fc99-d3c1fe1bb6a4" executionId="ca803d73-5339-4436-9ff6-53c4bd6034e5" testListId="8c84fa94-04c1-424b-9868-57a2d4851a1d" />
    <TestEntry testId="acd3f14e-c2f1-9372-1787-7ec1b567d54c" executionId="977dcdb3-dda1-4c09-9548-2205be72236f" testListId="8c84fa94-04c1-424b-9868-57a2d4851a1d" />
    <TestEntry testId="e1e5ccc1-97cf-fd3a-c2fc-066c50779444" executionId="c987c6e5-d958-4af8-bc77-473852632547" testListId="8c84fa94-04c1-424b-9868-57a2d4851a1d" />
    <TestEntry testId="c575082e-5cd2-48d3-bb3d-abb600a9fc4e" executionId="c276f5ce-2274-42bd-bc43-7be40b78d5aa" testListId="8c84fa94-04c1-424b-9868-57a2d4851a1d" />
    <TestEntry testId="3ea7ba45-fdda-334f-96dd-cf9ac56b0da0" executionId="8477fbac-5478-40f8-bd06-63a978e1ae3a" testListId="8c84fa94-04c1-424b-9868-57a2d4851a1d" />
    <TestEntry testId="65eee8a6-2b61-ec37-98c0-a15a9c9bcb58" executionId="0e0a7f11-9f3c-4d14-ab25-c06638c77080" testListId="8c84fa94-04c1-424b-9868-57a2d4851a1d" />
    <TestEntry testId="fdf95327-9ef9-e32c-b227-ade43afd1fb9" executionId="9e943c6a-97ec-4eeb-a8a1-d63d1f0ec5e7" testListId="8c84fa94-04c1-424b-9868-57a2d4851a1d" />
    <TestEntry testId="bb8ac351-1985-e6bf-6b69-451d637b8fba" executionId="60696dca-1010-4ebb-956b-518869c6327b" testListId="8c84fa94-04c1-424b-9868-57a2d4851a1d" />
    <TestEntry testId="20c88336-8468-0cc0-e7a1-d1be82982672" executionId="1af31468-e391-4e0e-910d-6aabfc8d013b" testListId="8c84fa94-04c1-424b-9868-57a2d4851a1d" />
    <TestEntry testId="4a751bee-96e2-5368-2081-2a22917b81ba" executionId="ce84c082-10b3-4b57-8049-e48454c3d135" testListId="8c84fa94-04c1-424b-9868-57a2d4851a1d" />
    <TestEntry testId="3f1e7363-ca93-117c-597e-447b097d4854" executionId="6e702a81-1734-4504-9d36-fec659786b27" testListId="8c84fa94-04c1-424b-9868-57a2d4851a1d" />
    <TestEntry testId="b9652fd8-ff42-5433-03bd-62cc21220957" executionId="065408ca-3f12-4184-b057-12d98524cbd8" testListId="8c84fa94-04c1-424b-9868-57a2d4851a1d" />
    <TestEntry testId="fb1359aa-d278-1f90-d10d-e4602a88c784" executionId="749826a5-dbed-4ac8-b0db-3418841d787e" testListId="8c84fa94-04c1-424b-9868-57a2d4851a1d" />
    <TestEntry testId="a87b378e-ae53-7d8d-1214-656f382446d1" executionId="f07b34d7-682b-403e-8afb-6f98eab79b8e" testListId="8c84fa94-04c1-424b-9868-57a2d4851a1d" />
    <TestEntry testId="c3c0a4fb-eaa6-6eff-edb2-bba34dba1a01" executionId="040229fc-a196-49e6-afdb-7ed6de9e3fc0" testListId="8c84fa94-04c1-424b-9868-57a2d4851a1d" />
    <TestEntry testId="aa21fbc1-b1d6-bb4b-7738-2272aff56480" executionId="fec410d0-39a9-44a5-8bf8-15eec4f607f5" testListId="8c84fa94-04c1-424b-9868-57a2d4851a1d" />
    <TestEntry testId="e6daadaf-2814-1593-d3c8-75308905dc82" executionId="9b614a0b-e2e0-43ef-b25a-9a24ad02f906" testListId="8c84fa94-04c1-424b-9868-57a2d4851a1d" />
    <TestEntry testId="c7910546-1ef4-6c31-0c19-ab2204f181e7" executionId="81b33e01-b142-4d74-9e64-8a4b42db83ab" testListId="8c84fa94-04c1-424b-9868-57a2d4851a1d" />
    <TestEntry testId="0fc7b103-83b3-b38a-373f-4f3952d740ec" executionId="e1f47ba1-78a3-472f-aaf3-749a3ad2b3ad" testListId="8c84fa94-04c1-424b-9868-57a2d4851a1d" />
    <TestEntry testId="bd111570-0293-3846-5332-85f9342c992c" executionId="a979739d-1b6a-4511-8508-d1c45a26fd06" testListId="8c84fa94-04c1-424b-9868-57a2d4851a1d" />
    <TestEntry testId="f9373d14-d214-373f-df60-00110e68a0ff" executionId="f559d1a3-828f-4fa2-9191-503a15c60c94" testListId="8c84fa94-04c1-424b-9868-57a2d4851a1d" />
    <TestEntry testId="9b14d172-06b0-9257-d790-ec1433fbd4e8" executionId="c568d2b3-a104-47ed-9af4-ad7423a4386c" testListId="8c84fa94-04c1-424b-9868-57a2d4851a1d" />
    <TestEntry testId="59d3a30c-3e5a-a108-e99f-39e84fc290d5" executionId="e26d3508-5424-4cc7-8c93-156c33e4376a" testListId="8c84fa94-04c1-424b-9868-57a2d4851a1d" />
    <TestEntry testId="2d0d79b5-3e12-a71f-8dfc-bca388428903" executionId="991dc5de-1ea4-4e41-a430-2ee5d22234d3" testListId="8c84fa94-04c1-424b-9868-57a2d4851a1d" />
    <TestEntry testId="3d12e459-dd61-12f4-6b74-4f26414d8e6f" executionId="82e48415-ec58-49e2-883c-ad8c71cd488a" testListId="8c84fa94-04c1-424b-9868-57a2d4851a1d" />
    <TestEntry testId="5665bf0d-0a3d-eb7f-2634-db51056c8a3c" executionId="47d78fe5-83d5-4e61-8df0-84f9ea28abdf" testListId="8c84fa94-04c1-424b-9868-57a2d4851a1d" />
    <TestEntry testId="c28a09af-0f00-9030-968c-a8980124e92d" executionId="061681ec-9b1c-4cb9-aace-0f5e22402ca6" testListId="8c84fa94-04c1-424b-9868-57a2d4851a1d" />
    <TestEntry testId="309a8dee-7a5d-1cf0-95f9-ecf2cb9380aa" executionId="2e35ae0a-ec91-4b5e-bb33-991a1887b9ca" testListId="8c84fa94-04c1-424b-9868-57a2d4851a1d" />
    <TestEntry testId="9795a002-6286-5f60-a542-0772a094d41c" executionId="16869660-8d28-4053-b4c8-7e5a2c661312" testListId="8c84fa94-04c1-424b-9868-57a2d4851a1d" />
    <TestEntry testId="b9b11b97-e435-d856-9019-47a328f3a951" executionId="97409bbd-7f8b-47f9-a1e3-925014ec0c82" testListId="8c84fa94-04c1-424b-9868-57a2d4851a1d" />
    <TestEntry testId="b363134a-0c61-5745-6581-ca78415d3153" executionId="c44689fa-2716-4c08-9fe4-7c5151d988cb" testListId="8c84fa94-04c1-424b-9868-57a2d4851a1d" />
    <TestEntry testId="172a3d03-0587-c42d-92d9-6fdcc751a71c" executionId="58a9ec5a-cf4a-455e-bffe-e0f377f14d3e" testListId="8c84fa94-04c1-424b-9868-57a2d4851a1d" />
    <TestEntry testId="a03a10d7-f652-19de-0490-1c7540ffa38b" executionId="646cb6ab-9d42-4bda-9740-2048d46e600a" testListId="8c84fa94-04c1-424b-9868-57a2d4851a1d" />
    <TestEntry testId="33e90164-d704-6100-5436-5d048544b6f2" executionId="c66dd604-10de-49a9-82db-bc5a59c6668d" testListId="8c84fa94-04c1-424b-9868-57a2d4851a1d" />
    <TestEntry testId="daf5de1e-f450-c7a7-993c-fb6763eb2ed8" executionId="11731fdd-0cec-49f2-8a84-5eeaef96e3ad" testListId="8c84fa94-04c1-424b-9868-57a2d4851a1d" />
    <TestEntry testId="6018a2be-318c-b9d4-dd54-a1ae714948ce" executionId="31847aa3-8098-4d34-80f8-63ac193ad725" testListId="8c84fa94-04c1-424b-9868-57a2d4851a1d" />
    <TestEntry testId="cc9d5bd6-ad40-6150-c908-5ed446cbdbb4" executionId="46f68fca-5624-4165-b48c-b700611367ba" testListId="8c84fa94-04c1-424b-9868-57a2d4851a1d" />
    <TestEntry testId="462124de-92fa-ebaa-2b3c-58ac640d985c" executionId="d2512abb-d83a-463a-ad87-72b2a49f40e1" testListId="8c84fa94-04c1-424b-9868-57a2d4851a1d" />
    <TestEntry testId="b37e7923-8ac3-1ae2-476b-8155f676c33e" executionId="507d987f-31b8-4f17-8f78-31c003b03929" testListId="8c84fa94-04c1-424b-9868-57a2d4851a1d" />
    <TestEntry testId="fef3002c-ea29-6742-1ebc-93c5e87d8808" executionId="d5e49825-08b1-4c38-a2ad-b6d3931f0f4c" testListId="8c84fa94-04c1-424b-9868-57a2d4851a1d" />
    <TestEntry testId="7ec22095-3495-2f13-ffd6-8c3cac57277f" executionId="f1ac94af-9837-4edf-9b92-e55a6e87ea8f" testListId="8c84fa94-04c1-424b-9868-57a2d4851a1d" />
    <TestEntry testId="c05a7438-005b-0b0f-0501-87ee5dc039df" executionId="b4bc8903-85a5-46e5-b4f2-964fd0293802" testListId="8c84fa94-04c1-424b-9868-57a2d4851a1d" />
    <TestEntry testId="c741a126-b77d-7f58-01b9-ad109c2ef317" executionId="14d12c65-30b1-4949-9be4-87e2fed716f1" testListId="8c84fa94-04c1-424b-9868-57a2d4851a1d" />
    <TestEntry testId="c2fb6b8a-f244-5a50-3b8d-db2510f3a895" executionId="59bb61a2-2dc6-46a2-83da-e7678538bbe9" testListId="8c84fa94-04c1-424b-9868-57a2d4851a1d" />
    <TestEntry testId="eb9896ab-912f-8cca-16aa-45fe5260ae18" executionId="70b09484-d11a-450c-91e8-266f5a51e4d3" testListId="8c84fa94-04c1-424b-9868-57a2d4851a1d" />
    <TestEntry testId="645b115d-5f56-6e64-e3f7-3430f2843efe" executionId="17089587-98cc-43f8-b410-4bcf6f9eb94d" testListId="8c84fa94-04c1-424b-9868-57a2d4851a1d" />
    <TestEntry testId="3b0d1b55-e460-919c-25a2-e0f33d77f1cf" executionId="76f662ee-b0f3-4772-b1d7-753d05f7d8cb" testListId="8c84fa94-04c1-424b-9868-57a2d4851a1d" />
    <TestEntry testId="2bb9f67e-c73d-f96d-877b-17c8fb312d2f" executionId="743b8f9d-e2c4-44d6-ac3e-a1768fdabad5" testListId="8c84fa94-04c1-424b-9868-57a2d4851a1d" />
    <TestEntry testId="a6f871f3-b38e-43ca-75ef-b3ddaf643061" executionId="16bb4a97-17d0-4b56-8f5d-01bcdd53c623" testListId="8c84fa94-04c1-424b-9868-57a2d4851a1d" />
    <TestEntry testId="cc20a33d-d540-df4f-fdbe-0995897f77b1" executionId="96ed6fe4-098f-492e-9493-730b1b37db6e" testListId="8c84fa94-04c1-424b-9868-57a2d4851a1d" />
    <TestEntry testId="b16039a0-2da7-aa05-f8b1-bdc8b76739d3" executionId="e7e0089e-295a-40e5-8d52-516aabc1afa3" testListId="8c84fa94-04c1-424b-9868-57a2d4851a1d" />
    <TestEntry testId="0eb74776-263f-0664-c061-68842bde7c12" executionId="994032d0-178e-494e-a060-a15cc2b0295a" testListId="8c84fa94-04c1-424b-9868-57a2d4851a1d" />
    <TestEntry testId="92409bc5-654e-82b4-fd0b-133d85a012dd" executionId="06bcc733-a583-4197-8f5c-b8e4d86d4a13" testListId="8c84fa94-04c1-424b-9868-57a2d4851a1d" />
    <TestEntry testId="404c999d-0daa-255c-fea9-31bfbf15be09" executionId="f11da8ae-27a3-41e3-8c4e-ae191f34ca1b" testListId="8c84fa94-04c1-424b-9868-57a2d4851a1d" />
    <TestEntry testId="e9bf371f-d3fc-b2fc-f9dd-0a5761fa656b" executionId="5478c96c-9b67-4d2c-b6e9-5a4cfe3d5a4c" testListId="8c84fa94-04c1-424b-9868-57a2d4851a1d" />
    <TestEntry testId="cd05d273-2752-7e15-7631-23830fc3a1a7" executionId="ace6f1cc-1315-49a2-aa71-04c71da15823" testListId="8c84fa94-04c1-424b-9868-57a2d4851a1d" />
    <TestEntry testId="4ebceb0a-8c67-94cb-f060-84037259d0e4" executionId="4d0e6615-eb44-4b4b-8fcf-6c9295acdaf9" testListId="8c84fa94-04c1-424b-9868-57a2d4851a1d" />
    <TestEntry testId="47231bf1-d4a7-8b9b-7db2-84a9b8cd9532" executionId="1ed6dc0a-8d4d-4cbc-8f69-7c19eddbd1f0" testListId="8c84fa94-04c1-424b-9868-57a2d4851a1d" />
    <TestEntry testId="756696b0-e958-8542-9d46-f99f81e443aa" executionId="cff78ccc-0f56-4a79-8ab4-484e3935fa4a" testListId="8c84fa94-04c1-424b-9868-57a2d4851a1d" />
    <TestEntry testId="26cc5b1c-7cb4-828d-078d-9e9d640c14e9" executionId="3ff2abc2-a870-4b56-a75f-1b784dfd014c" testListId="8c84fa94-04c1-424b-9868-57a2d4851a1d" />
    <TestEntry testId="63c270b5-144d-ad80-e5b8-df913b8e372d" executionId="c55139d8-890c-42e9-9c5a-9fc320775bb1" testListId="8c84fa94-04c1-424b-9868-57a2d4851a1d" />
    <TestEntry testId="8f029877-17e2-40b7-8d43-989fea8e4ad9" executionId="448935f3-c8d0-492b-8649-b20f5d1f48e3" testListId="8c84fa94-04c1-424b-9868-57a2d4851a1d" />
    <TestEntry testId="11784062-63a0-8ef4-2592-94b450fe6db4" executionId="a483b83f-d96e-4a5a-86d7-07d0474aa7c0" testListId="8c84fa94-04c1-424b-9868-57a2d4851a1d" />
    <TestEntry testId="637b301a-e43c-c84a-acde-33e031695ce9" executionId="47d7a058-fbb9-4c46-ad5a-a50bc4c930d6" testListId="8c84fa94-04c1-424b-9868-57a2d4851a1d" />
    <TestEntry testId="5e67323f-cf69-94c7-e0c9-aba3d32d1006" executionId="b5527271-1ae3-494a-949e-f2def96ee7a5" testListId="8c84fa94-04c1-424b-9868-57a2d4851a1d" />
    <TestEntry testId="b4aa39ea-18fd-59fc-2bb9-72702a97fba6" executionId="32e4e57b-2879-4a11-adc0-d38afb376bf8" testListId="8c84fa94-04c1-424b-9868-57a2d4851a1d" />
    <TestEntry testId="794bcebd-d9ca-b41c-937e-e45ed8e0b6f2" executionId="b60ed9e9-aafb-4eac-8c94-364580da4ca3" testListId="8c84fa94-04c1-424b-9868-57a2d4851a1d" />
    <TestEntry testId="456990b0-916a-1b3b-9c18-d8b452e85e47" executionId="ecd3d8b5-b7a9-4010-bb69-e4627cda4abd" testListId="8c84fa94-04c1-424b-9868-57a2d4851a1d" />
    <TestEntry testId="a45c7eec-eefc-21e5-2395-81488af44924" executionId="3a91ae18-d61b-45af-847a-d68033d1c1d2" testListId="8c84fa94-04c1-424b-9868-57a2d4851a1d" />
    <TestEntry testId="b9c22bfd-feb2-a009-ec61-d39f06b6b4b0" executionId="85cbf1af-fab1-4de7-b084-21fb2fc8a935" testListId="8c84fa94-04c1-424b-9868-57a2d4851a1d" />
    <TestEntry testId="ea52517e-d007-3103-0b9f-f3e1d9092248" executionId="af90b1f2-8de4-431e-821b-0598751abaf1" testListId="8c84fa94-04c1-424b-9868-57a2d4851a1d" />
    <TestEntry testId="2e7408a3-cef0-1987-40df-e8e6dc1cc788" executionId="2362de4f-e8ae-4673-bd32-19cc5aa28fc4" testListId="8c84fa94-04c1-424b-9868-57a2d4851a1d" />
    <TestEntry testId="ba935187-7aeb-3fd0-d1b9-27e416352e47" executionId="6bb3986b-a0e1-4e33-9b82-665c3568fb89" testListId="8c84fa94-04c1-424b-9868-57a2d4851a1d" />
    <TestEntry testId="c6441f80-b963-54e9-4efb-bc6bd7c605a6" executionId="b7dcc312-ee0e-42b6-aaa2-16cddd3c140b" testListId="8c84fa94-04c1-424b-9868-57a2d4851a1d" />
    <TestEntry testId="76b9f899-9e1d-26dd-eefc-6d3b69deb9bd" executionId="bf0b82c0-e4bd-448a-a141-76331ce8526e" testListId="8c84fa94-04c1-424b-9868-57a2d4851a1d" />
    <TestEntry testId="3bbf860e-5bb8-7888-0f1b-3a719ed59bf1" executionId="3fa787f4-d641-4a51-ada0-730b7d6357fa" testListId="8c84fa94-04c1-424b-9868-57a2d4851a1d" />
    <TestEntry testId="4f32f8c9-44b0-0164-028a-6e2ffe5d418c" executionId="ee1d40fe-e2d5-40ad-a669-8249fde971ba" testListId="8c84fa94-04c1-424b-9868-57a2d4851a1d" />
    <TestEntry testId="a716507e-3c82-1725-7c5c-3d96809b4ce2" executionId="821f8ce8-dfd5-4fb6-982b-bfba761f9f25" testListId="8c84fa94-04c1-424b-9868-57a2d4851a1d" />
    <TestEntry testId="c27f4f00-c1f6-6ef9-9bf2-c1f43e89f45d" executionId="2434b6cb-066a-4e48-9ce6-acb0aae768e3" testListId="8c84fa94-04c1-424b-9868-57a2d4851a1d" />
    <TestEntry testId="8969d79c-436b-58c6-9a6a-5337945309f4" executionId="24086ce6-61e0-46de-8aa7-f8b98eee9d0f" testListId="8c84fa94-04c1-424b-9868-57a2d4851a1d" />
    <TestEntry testId="2c9e99c4-fc09-02a4-92e0-905feeb5bfde" executionId="01fc6eb3-d02d-4645-a335-4faedafd05f9" testListId="8c84fa94-04c1-424b-9868-57a2d4851a1d" />
    <TestEntry testId="55ff28fa-ae0a-1c7a-66fb-8bdcd53582ad" executionId="e45a9f28-6f9d-4d9d-9463-8f96c3f7d7e7" testListId="8c84fa94-04c1-424b-9868-57a2d4851a1d" />
    <TestEntry testId="dcc7fdac-857e-506e-1727-64ae64e3a82b" executionId="aa1bcc83-e4af-46e9-87a7-090a0bb66292" testListId="8c84fa94-04c1-424b-9868-57a2d4851a1d" />
    <TestEntry testId="17ee7df6-6744-55fc-93c4-441397222e87" executionId="17ab33f6-eb88-4a45-9464-3f9be468631a" testListId="8c84fa94-04c1-424b-9868-57a2d4851a1d" />
    <TestEntry testId="6979139b-e96e-a45f-c701-3e0a735163d4" executionId="d9c5ea26-0f07-4c4e-a8df-fb1814c67e83" testListId="8c84fa94-04c1-424b-9868-57a2d4851a1d" />
    <TestEntry testId="6ee1564f-65bc-3b2e-5527-0e3695ae76f4" executionId="60cf92ad-fc7c-43f4-8050-b845316d464f" testListId="8c84fa94-04c1-424b-9868-57a2d4851a1d" />
    <TestEntry testId="04863f12-5719-c2d2-15a5-4bdf2429e4a8" executionId="05517c83-2dff-435a-9e57-2c479b86ff4f" testListId="8c84fa94-04c1-424b-9868-57a2d4851a1d" />
    <TestEntry testId="2f72134a-f5b6-7f01-0dcc-851bb44e0d7c" executionId="b7e493be-cfe9-4ac2-837a-d4a46230b64a" testListId="8c84fa94-04c1-424b-9868-57a2d4851a1d" />
    <TestEntry testId="8bcf2340-1c95-c1d7-e818-316b5fa995b6" executionId="0553b785-ad97-43ec-bd87-2c1fda5f577d" testListId="8c84fa94-04c1-424b-9868-57a2d4851a1d" />
    <TestEntry testId="721cca9c-73ac-87f2-6b59-fe960c808071" executionId="bfdf00ee-8d39-4994-826b-393b95f50ac2" testListId="8c84fa94-04c1-424b-9868-57a2d4851a1d" />
    <TestEntry testId="a370824c-143f-13f5-d4f5-8c4b6edcd5fd" executionId="0a9c2064-e9a6-4bf6-8d4f-78558a8799c1" testListId="8c84fa94-04c1-424b-9868-57a2d4851a1d" />
    <TestEntry testId="b694c13a-a619-a414-6d6f-e83e24402d32" executionId="d7f0b1bf-1c8a-4581-86c7-75e7f3a28ab4" testListId="8c84fa94-04c1-424b-9868-57a2d4851a1d" />
    <TestEntry testId="6ee5a42b-45cc-f5ed-7dfe-d4b9cf4306e7" executionId="4ff7d4a6-4d51-40a2-925e-b57438995cb2" testListId="8c84fa94-04c1-424b-9868-57a2d4851a1d" />
    <TestEntry testId="7bcd4c28-edde-0640-9e1f-76d0d1505b14" executionId="3f455139-0123-49de-95f4-ddb5f21c47f5" testListId="8c84fa94-04c1-424b-9868-57a2d4851a1d" />
    <TestEntry testId="c41fe82b-f1d1-dc5d-49d1-c361c22c44b9" executionId="04d72029-390a-4902-ad81-ee73f41a2647" testListId="8c84fa94-04c1-424b-9868-57a2d4851a1d" />
    <TestEntry testId="fbcfad3b-8f82-8b6e-759e-f0dc8337381f" executionId="44fdc422-92a6-455e-8d68-1c1807e77080" testListId="8c84fa94-04c1-424b-9868-57a2d4851a1d" />
    <TestEntry testId="0a6efd64-17bd-7fad-8755-fa839cacc4a8" executionId="85635a39-c366-48ff-add6-5979c8b02aa6" testListId="8c84fa94-04c1-424b-9868-57a2d4851a1d" />
    <TestEntry testId="3ebb31ab-5f7b-840b-860e-a489a4adf8d2" executionId="90a12bc1-8028-439d-ab80-8340a9f150d7" testListId="8c84fa94-04c1-424b-9868-57a2d4851a1d" />
    <TestEntry testId="1f255460-7731-e75d-e2f1-9fe6820331b6" executionId="0510f60a-29a0-4f8b-bfbe-74b842c5881d" testListId="8c84fa94-04c1-424b-9868-57a2d4851a1d" />
    <TestEntry testId="5c4fd151-abc5-08e8-2ac5-445c5f3ce20f" executionId="1e9a8083-5188-4617-a19b-e1c8783849e5" testListId="8c84fa94-04c1-424b-9868-57a2d4851a1d" />
    <TestEntry testId="76cde181-7f89-8cba-1309-071d722b7a02" executionId="e68bcc47-b15f-46bc-a7c0-af0fba4519e7" testListId="8c84fa94-04c1-424b-9868-57a2d4851a1d" />
    <TestEntry testId="f912cb77-5f50-7843-304a-ac19add17cce" executionId="85fe5ca7-af6d-4677-af56-5a116c0a8721" testListId="8c84fa94-04c1-424b-9868-57a2d4851a1d" />
    <TestEntry testId="9b534261-bbc0-a7ae-1c98-5dd824988fe8" executionId="d1a277a0-1892-4efc-a917-45298e1b45c7" testListId="8c84fa94-04c1-424b-9868-57a2d4851a1d" />
    <TestEntry testId="3c3038ed-1cf4-b000-9ff8-18dc01eebdb6" executionId="dce0f288-a553-4e3c-b907-416c46940fad" testListId="8c84fa94-04c1-424b-9868-57a2d4851a1d" />
    <TestEntry testId="e5cf0bc7-aa2b-f907-c774-50d191389705" executionId="8431e64d-97d6-4b16-95a8-804dac5e1c05" testListId="8c84fa94-04c1-424b-9868-57a2d4851a1d" />
    <TestEntry testId="aa521387-eb70-2513-ffdb-d2164cc65025" executionId="73158c04-e674-4ef7-a116-29898e2e93cd" testListId="8c84fa94-04c1-424b-9868-57a2d4851a1d" />
    <TestEntry testId="788782e3-8264-ef29-ac96-28995966c922" executionId="8a8d6a29-39c2-49e2-93a1-8e5bec0d2478" testListId="8c84fa94-04c1-424b-9868-57a2d4851a1d" />
    <TestEntry testId="3da7f6f2-0f83-a936-5073-8a10fbd29d04" executionId="3f10149f-5724-4787-b941-95cbbf10bff8" testListId="8c84fa94-04c1-424b-9868-57a2d4851a1d" />
    <TestEntry testId="a8227ed7-50e4-572e-da9b-394f0a3dc6b1" executionId="dd0d2147-af3c-42ba-8570-882d5fa938c8" testListId="8c84fa94-04c1-424b-9868-57a2d4851a1d" />
    <TestEntry testId="7361cc30-aaea-0428-3def-3ef4493b53fd" executionId="eb56fbf2-9a6b-4158-a776-8130cce370f0" testListId="8c84fa94-04c1-424b-9868-57a2d4851a1d" />
    <TestEntry testId="da26213c-4dea-837f-df51-c6608cd1faba" executionId="7066c94a-7efd-461e-bf43-ebe1aa2c507f" testListId="8c84fa94-04c1-424b-9868-57a2d4851a1d" />
    <TestEntry testId="bcf69323-457d-e740-48b7-4f2f1e16badf" executionId="4b1c872c-aae1-4359-b4fa-f5ccbc588bcd" testListId="8c84fa94-04c1-424b-9868-57a2d4851a1d" />
    <TestEntry testId="8f8b0be4-a173-b4de-674d-4096cd4d3b98" executionId="bc606a91-4251-40fd-88d8-e8aecdfc35eb" testListId="8c84fa94-04c1-424b-9868-57a2d4851a1d" />
    <TestEntry testId="b2eda28b-c9e6-7735-0ab7-ea0808cdfdd1" executionId="be639b58-5568-4d14-8d78-692bd29df4b8" testListId="8c84fa94-04c1-424b-9868-57a2d4851a1d" />
    <TestEntry testId="9df696e6-197b-30b3-2c58-4d63836eeaed" executionId="8bef08c5-bd36-429c-9ab1-a9170d7bd906" testListId="8c84fa94-04c1-424b-9868-57a2d4851a1d" />
    <TestEntry testId="bf43e289-2eab-fb02-da1a-4417f0778d56" executionId="85d20819-85af-4a52-98ce-e1cb29348fff" testListId="8c84fa94-04c1-424b-9868-57a2d4851a1d" />
    <TestEntry testId="0638ab0f-7b34-b9ab-bbea-5c2a523683e3" executionId="3d3de209-1300-45af-9231-3fdda3ea0cbc" testListId="8c84fa94-04c1-424b-9868-57a2d4851a1d" />
    <TestEntry testId="b0ad2dae-d160-a86c-783d-09be99bcb1b1" executionId="dcd3a738-cce0-4a10-9263-6f79f07bb9c6" testListId="8c84fa94-04c1-424b-9868-57a2d4851a1d" />
    <TestEntry testId="9b3f0334-0419-1e3a-0a61-33aca1d25833" executionId="461dcc4b-4c1c-4485-bd38-9a3ae2950043" testListId="8c84fa94-04c1-424b-9868-57a2d4851a1d" />
    <TestEntry testId="9a251989-2418-e1f4-5998-2ea83a890ae9" executionId="efefd434-7999-4b9b-8532-eb8e66993b7b" testListId="8c84fa94-04c1-424b-9868-57a2d4851a1d" />
    <TestEntry testId="224167d9-9c7f-8a48-861a-7d93190b39a0" executionId="f6b3aaa9-eabc-4527-b561-d7f12ada3cd7" testListId="8c84fa94-04c1-424b-9868-57a2d4851a1d" />
    <TestEntry testId="5529553a-9f94-737a-e0ca-8c546ad63b9b" executionId="49c09351-d8a0-463e-b5c5-49a126b8a0ed" testListId="8c84fa94-04c1-424b-9868-57a2d4851a1d" />
    <TestEntry testId="c0c4a31f-9565-98e2-253b-3645a779f416" executionId="618ca7a9-bfd0-41ab-ade4-b4f7b36cc599" testListId="8c84fa94-04c1-424b-9868-57a2d4851a1d" />
    <TestEntry testId="52ae8eb1-30fe-4437-8223-d4e8b4e8161e" executionId="06fde00e-1e8e-4525-bf45-fc9d1b870ebd" testListId="8c84fa94-04c1-424b-9868-57a2d4851a1d" />
    <TestEntry testId="b2a29d83-2255-dfd1-e53d-8365f7ee4c3d" executionId="d6888f59-3cc6-4dca-b02c-70cc32e5c463" testListId="8c84fa94-04c1-424b-9868-57a2d4851a1d" />
    <TestEntry testId="3b51fd06-b989-5910-7830-776b8cb7c56d" executionId="dcae29b9-b7d2-464a-90b9-7cff249cb551" testListId="8c84fa94-04c1-424b-9868-57a2d4851a1d" />
    <TestEntry testId="1bcc343b-d2d1-90cb-be67-fd2d7f22d67c" executionId="af893a9b-789f-4b99-9e5b-03dfc9eac8db" testListId="8c84fa94-04c1-424b-9868-57a2d4851a1d" />
    <TestEntry testId="e647956b-268c-f7ca-f221-81f3a3697e5b" executionId="0e37c841-61de-4248-8b02-b4e2c6844442" testListId="8c84fa94-04c1-424b-9868-57a2d4851a1d" />
    <TestEntry testId="853cd726-dcd5-7456-01cf-3cfd3e824e03" executionId="a03892a1-664c-4c83-a377-20d53a8b52c6" testListId="8c84fa94-04c1-424b-9868-57a2d4851a1d" />
    <TestEntry testId="c71aa1e1-be3b-f9c5-5c57-091e4c458610" executionId="92d5486d-17d3-4a56-9974-f7cdcbec48ea" testListId="8c84fa94-04c1-424b-9868-57a2d4851a1d" />
    <TestEntry testId="37b49cca-d169-28e2-3d69-d77a5660c828" executionId="bc9993a6-6ed9-429b-a0e1-9d959f5bd578" testListId="8c84fa94-04c1-424b-9868-57a2d4851a1d" />
    <TestEntry testId="6803ab4a-a38f-9af4-a787-e725955bb02e" executionId="3cd4aed6-622e-4962-a830-cd32a4302d1b" testListId="8c84fa94-04c1-424b-9868-57a2d4851a1d" />
    <TestEntry testId="2edd1132-7596-8819-f11c-2c357c9d36c2" executionId="7c8cb3fa-c8d6-41c6-b028-f74a5bcb49d8" testListId="8c84fa94-04c1-424b-9868-57a2d4851a1d" />
    <TestEntry testId="d47d2f98-f284-5a29-1057-1513024baa77" executionId="93d792f0-5434-4344-b03d-32118dfd9b18" testListId="8c84fa94-04c1-424b-9868-57a2d4851a1d" />
    <TestEntry testId="2e07d8da-c757-8866-28db-4e78a09b52ad" executionId="61386214-6fc1-4858-949a-fbf049b04c31" testListId="8c84fa94-04c1-424b-9868-57a2d4851a1d" />
    <TestEntry testId="8b8076a2-89ca-34ed-d529-5a602ce0fc13" executionId="7b3a45b3-f681-4b47-81f0-ddf0892565e5" testListId="8c84fa94-04c1-424b-9868-57a2d4851a1d" />
    <TestEntry testId="241313de-4724-90ee-623b-5cd85525538b" executionId="e36fbe75-c212-46a0-99d7-7bfe61e3c01a" testListId="8c84fa94-04c1-424b-9868-57a2d4851a1d" />
    <TestEntry testId="380ef134-85bf-9835-09e6-9666657d5e58" executionId="8d13d86f-be52-4191-9317-e6360fadf846" testListId="8c84fa94-04c1-424b-9868-57a2d4851a1d" />
    <TestEntry testId="f9684b62-7e22-11d3-3fe5-ae3af5778ca7" executionId="40da6477-1735-48f7-be45-99de56472cdd" testListId="8c84fa94-04c1-424b-9868-57a2d4851a1d" />
    <TestEntry testId="60798962-4482-df1a-2ef3-330ba8776b7d" executionId="02dafd78-a584-4f90-87db-5f832a465242" testListId="8c84fa94-04c1-424b-9868-57a2d4851a1d" />
    <TestEntry testId="ea4f3608-3ede-1988-a798-afc3c2661b6a" executionId="48dba94d-b1ad-406d-9bcb-3f9a8234ffd3" testListId="8c84fa94-04c1-424b-9868-57a2d4851a1d" />
    <TestEntry testId="84c68c41-caad-1796-2855-424d4e73b866" executionId="fbc1b2b3-8c0b-40eb-91c6-f029e40045df" testListId="8c84fa94-04c1-424b-9868-57a2d4851a1d" />
    <TestEntry testId="5536ca78-35df-9a76-afff-9e81cc6fd0a7" executionId="8abeced1-83e9-4320-9ab5-6590ea832ca7" testListId="8c84fa94-04c1-424b-9868-57a2d4851a1d" />
    <TestEntry testId="f45be44c-3cb5-137c-d584-e9e7bd473cb3" executionId="ee310398-06f7-4e8e-a163-ebe8a85f07c2" testListId="8c84fa94-04c1-424b-9868-57a2d4851a1d" />
    <TestEntry testId="43a0f7aa-d93e-d087-738b-a7df47b12c57" executionId="fcbbd3ff-e2fe-45b9-80ff-89c684a63880" testListId="8c84fa94-04c1-424b-9868-57a2d4851a1d" />
    <TestEntry testId="c8ddc760-1d64-b23f-dc2f-69ce2d4136a2" executionId="01fe632e-8790-4fca-a981-2174d8f1fda2" testListId="8c84fa94-04c1-424b-9868-57a2d4851a1d" />
    <TestEntry testId="b38da084-cc1e-3d26-f741-2b942b257eeb" executionId="0c0c9700-0ca7-40e8-ac27-d030fd7f4ccd" testListId="8c84fa94-04c1-424b-9868-57a2d4851a1d" />
    <TestEntry testId="42bcab30-c59c-4772-aff6-9def1e1cc633" executionId="b5fdef63-ebd1-42ff-a2cc-228cf833ec7e" testListId="8c84fa94-04c1-424b-9868-57a2d4851a1d" />
    <TestEntry testId="114cbfe1-01a0-9cad-ad06-e9bae8d419c7" executionId="8c7fdad7-f6a8-421f-9cc9-2553e4e106fe" testListId="8c84fa94-04c1-424b-9868-57a2d4851a1d" />
    <TestEntry testId="b4ae6cd0-209a-9596-96c4-8d34792df1ed" executionId="0e68e3a5-800c-45de-b42d-266c25880dfc" testListId="8c84fa94-04c1-424b-9868-57a2d4851a1d" />
    <TestEntry testId="f0bab84c-08b2-7fff-bc8e-d0b7fbad91b8" executionId="72a3d834-e026-42cd-a2ca-a123a0b488d2" testListId="8c84fa94-04c1-424b-9868-57a2d4851a1d" />
    <TestEntry testId="608674e4-0337-763e-debe-487c1c4b6d01" executionId="d678ac25-2cba-4aee-88e3-a47829fdc754" testListId="8c84fa94-04c1-424b-9868-57a2d4851a1d" />
    <TestEntry testId="9050a8da-f692-333f-b931-03996d2d9a89" executionId="d2be8d74-f93b-43b9-b57a-40698f07dae9" testListId="8c84fa94-04c1-424b-9868-57a2d4851a1d" />
    <TestEntry testId="7378290a-d1d1-94d7-fddb-cdb50a9fdc87" executionId="bc39d290-00fa-47e1-87f2-3296bbe28133" testListId="8c84fa94-04c1-424b-9868-57a2d4851a1d" />
    <TestEntry testId="3a20acdb-c96c-72e7-6b5a-e2e0f661b452" executionId="9b9b5284-5315-4d90-aa4f-d34dfdf630ec" testListId="8c84fa94-04c1-424b-9868-57a2d4851a1d" />
    <TestEntry testId="b99183ff-68db-d2e1-6d20-4951e5134566" executionId="e0e779f0-3c72-45bd-8012-315a7b582615" testListId="8c84fa94-04c1-424b-9868-57a2d4851a1d" />
    <TestEntry testId="53ea5535-43bc-1eb0-a359-c1ed13ff33ea" executionId="a5a12fa6-f03b-4c59-8c63-024fed39211b" testListId="8c84fa94-04c1-424b-9868-57a2d4851a1d" />
    <TestEntry testId="2d7e6f7a-5520-fc8f-b0cf-5ad02d5a8ce4" executionId="460dabc7-2040-4726-8b4b-faf8426b4801" testListId="8c84fa94-04c1-424b-9868-57a2d4851a1d" />
    <TestEntry testId="855e625b-5d0e-0005-86a6-bb0d66022e24" executionId="437c6db0-74d0-4c14-ad63-b1b672f5e203" testListId="8c84fa94-04c1-424b-9868-57a2d4851a1d" />
    <TestEntry testId="3d809c87-e997-cd9e-361b-b19fa3500380" executionId="e3abfba6-6c98-4cb3-aa89-76f5f868a7ca" testListId="8c84fa94-04c1-424b-9868-57a2d4851a1d" />
    <TestEntry testId="718c70e0-36a4-430b-ec62-91397adab157" executionId="40dad1cf-cd9d-4bbd-964a-9f70523dd9b8" testListId="8c84fa94-04c1-424b-9868-57a2d4851a1d" />
    <TestEntry testId="beb96d27-2fc2-9b90-385f-41405f72cd61" executionId="490b3604-1161-4700-b23d-68d61f9037e9" testListId="8c84fa94-04c1-424b-9868-57a2d4851a1d" />
    <TestEntry testId="c077f351-648b-9e8a-1c6b-6111d49cd85b" executionId="6baa310a-1891-4165-b190-ffa8735312bf" testListId="8c84fa94-04c1-424b-9868-57a2d4851a1d" />
    <TestEntry testId="04d5b8d4-ac29-6902-90a4-51cc5c3d57b2" executionId="c19477bd-50f0-4be3-872c-0f02a8d40b8e" testListId="8c84fa94-04c1-424b-9868-57a2d4851a1d" />
    <TestEntry testId="52fa042a-705d-b609-f612-f1ac397d61d6" executionId="b34a002c-4862-4765-9274-900519c2b8cd" testListId="8c84fa94-04c1-424b-9868-57a2d4851a1d" />
    <TestEntry testId="b882edcc-97af-c9f9-19cf-3bd7796010b0" executionId="8338f673-4115-43a8-b26e-ad42b86fe208" testListId="8c84fa94-04c1-424b-9868-57a2d4851a1d" />
    <TestEntry testId="c542cc56-38ef-944c-4273-4c6b76d404f1" executionId="bc39e1de-f39e-4506-a7f8-70a114b1de96" testListId="8c84fa94-04c1-424b-9868-57a2d4851a1d" />
    <TestEntry testId="614f00b6-8d9f-fa8f-4906-93142ca479df" executionId="731839c4-f2cf-4924-ba07-a60a318d475f" testListId="8c84fa94-04c1-424b-9868-57a2d4851a1d" />
    <TestEntry testId="6a4ad02b-6915-e752-1c41-064522d9062c" executionId="9814352c-84b4-42ad-95c5-9f89a9b98dea" testListId="8c84fa94-04c1-424b-9868-57a2d4851a1d" />
    <TestEntry testId="7aa13ed7-6db7-29f4-987b-fb6da0f2bd56" executionId="253f134b-679c-4cc2-86b0-1666d46e3199" testListId="8c84fa94-04c1-424b-9868-57a2d4851a1d" />
    <TestEntry testId="46f5296c-2415-1c44-d018-296c540f5d6c" executionId="cdbf5944-bd63-43b0-9c3d-6d4ec1ad4a54" testListId="8c84fa94-04c1-424b-9868-57a2d4851a1d" />
    <TestEntry testId="faa15ef3-4cd7-2f4f-0d8c-127e9975cfe1" executionId="b71dbb87-d6c6-47aa-be88-072d71f4ea1a" testListId="8c84fa94-04c1-424b-9868-57a2d4851a1d" />
    <TestEntry testId="7856cdc9-835e-add2-c562-9365bd47f0d0" executionId="62214615-9524-4ec7-a6da-70da0c286e0d" testListId="8c84fa94-04c1-424b-9868-57a2d4851a1d" />
    <TestEntry testId="8f71040f-abc2-5b47-5417-77b95f55f06e" executionId="5446a884-8d6a-4ab4-b78f-58b7873a34d5" testListId="8c84fa94-04c1-424b-9868-57a2d4851a1d" />
    <TestEntry testId="3b6ba87f-94ed-684e-2678-7f0fed49ce41" executionId="43e44dd6-69b6-4dba-b0e7-56c1a89e2888" testListId="8c84fa94-04c1-424b-9868-57a2d4851a1d" />
    <TestEntry testId="47908c5c-71b0-1fc7-1aab-6d50833a351e" executionId="efa1b3c2-34ad-4f24-813b-7ac5e4fa582d" testListId="8c84fa94-04c1-424b-9868-57a2d4851a1d" />
    <TestEntry testId="f9d28d4a-2335-0f3b-efd5-f721a6588116" executionId="456c2313-c88a-4544-8d9c-d97f7c10ba56" testListId="8c84fa94-04c1-424b-9868-57a2d4851a1d" />
    <TestEntry testId="a117a165-0b5f-337e-b92d-367274b78708" executionId="725eef9d-68c7-4555-b98d-87fba255bbb6" testListId="8c84fa94-04c1-424b-9868-57a2d4851a1d" />
    <TestEntry testId="dcbabca8-1225-e783-4b0f-af1ca9392e88" executionId="b2bbc285-7fda-4bf2-bb2e-f0139a327788" testListId="8c84fa94-04c1-424b-9868-57a2d4851a1d" />
    <TestEntry testId="fad861ee-0583-c6e3-9fdc-88a7a378a083" executionId="31d1b18f-9e13-4b2c-bd66-05cd69331293" testListId="8c84fa94-04c1-424b-9868-57a2d4851a1d" />
    <TestEntry testId="32f91bdd-24d8-af5d-facd-798a2267d644" executionId="ca842b12-08bc-492c-be95-c417a01ae3d1" testListId="8c84fa94-04c1-424b-9868-57a2d4851a1d" />
    <TestEntry testId="ec1e3956-a5cd-e4f4-d9cf-aa05347e6604" executionId="46dc76cf-3b09-40c0-82ae-0a67f4246618" testListId="8c84fa94-04c1-424b-9868-57a2d4851a1d" />
    <TestEntry testId="2232b041-2db4-80c4-44a8-f3014a545de0" executionId="d97b04e5-32dc-48d6-9a8c-6aac0f54ecd6" testListId="8c84fa94-04c1-424b-9868-57a2d4851a1d" />
    <TestEntry testId="20d975b2-08de-5282-7899-4fbed86d8bdd" executionId="5b20c677-c2df-429e-8bd5-1ba36caa06bb" testListId="8c84fa94-04c1-424b-9868-57a2d4851a1d" />
    <TestEntry testId="206c4e38-3f72-124c-ee03-77cfc410e583" executionId="fa30f748-a6c5-4a00-b031-1839582601eb" testListId="8c84fa94-04c1-424b-9868-57a2d4851a1d" />
    <TestEntry testId="f321c81d-e41e-0547-ef45-0d99586939e3" executionId="85c6292e-3414-42b5-8bb9-76a11f52d8a0" testListId="8c84fa94-04c1-424b-9868-57a2d4851a1d" />
    <TestEntry testId="39a7bbdf-0b63-a228-da84-280cdcb8027b" executionId="464007df-5b08-4346-b202-c7eb3c90e1e1" testListId="8c84fa94-04c1-424b-9868-57a2d4851a1d" />
    <TestEntry testId="dceb5b2c-5320-0bf1-69a9-231a593a5d70" executionId="91cba079-cbc6-4a60-97ff-7f20fdf224a7" testListId="8c84fa94-04c1-424b-9868-57a2d4851a1d" />
    <TestEntry testId="3813671f-7df7-d4f8-00e9-7373c421efaf" executionId="176657ea-d70b-4e06-9fdb-6534c71d5ce4" testListId="8c84fa94-04c1-424b-9868-57a2d4851a1d" />
    <TestEntry testId="8682cd7b-e82a-a230-c58f-06df235dd674" executionId="2c7b6a18-05fd-4bfb-a425-4471bf832f0b" testListId="8c84fa94-04c1-424b-9868-57a2d4851a1d" />
    <TestEntry testId="fcb461e8-0d34-d849-6505-489cbade957a" executionId="72999c66-d2f3-478e-800a-22ffd151d09b" testListId="8c84fa94-04c1-424b-9868-57a2d4851a1d" />
    <TestEntry testId="9711d665-6780-8710-b6f4-45fe300dbb02" executionId="f4fce80d-5431-4763-ac68-6ef5c1963cf3" testListId="8c84fa94-04c1-424b-9868-57a2d4851a1d" />
    <TestEntry testId="e0d9a6ad-8e82-f0c5-2453-d2208c526383" executionId="c39899ef-4f3a-42ed-a3ad-b0fa4a59eaee" testListId="8c84fa94-04c1-424b-9868-57a2d4851a1d" />
    <TestEntry testId="2290cec1-0aea-5654-71f8-47de64bb926a" executionId="070e4510-4f15-45e3-809b-2637ab8e7ae3" testListId="8c84fa94-04c1-424b-9868-57a2d4851a1d" />
    <TestEntry testId="e1f929d1-8a69-a7a1-fcc3-6785491176c1" executionId="a381aa25-3654-4721-bae9-17086328a630" testListId="8c84fa94-04c1-424b-9868-57a2d4851a1d" />
    <TestEntry testId="3dd3f7c5-aa1a-d5fc-7adf-5aca8d5bb6a1" executionId="9cb30b5f-b68d-4cf0-81dc-52467be84e4a" testListId="8c84fa94-04c1-424b-9868-57a2d4851a1d" />
    <TestEntry testId="4a0e2c71-4437-d744-6440-34e959dfebcf" executionId="dc7e4073-945c-4a07-98a8-732986f58b8e" testListId="8c84fa94-04c1-424b-9868-57a2d4851a1d" />
    <TestEntry testId="0febe0ea-80ca-f772-95bc-d5315c94391e" executionId="b06d9d73-acae-40cf-83a9-bd4cd1109453" testListId="8c84fa94-04c1-424b-9868-57a2d4851a1d" />
    <TestEntry testId="95739443-12f4-1dfc-f6c0-de66ccb21637" executionId="b4ecf86f-ab6d-4d29-a749-d410df158170" testListId="8c84fa94-04c1-424b-9868-57a2d4851a1d" />
    <TestEntry testId="a5fc1b26-5918-51f7-05bb-432b2995c5a9" executionId="0c3de879-6325-4ade-ab40-3e589e34c289" testListId="8c84fa94-04c1-424b-9868-57a2d4851a1d" />
    <TestEntry testId="2c0c0288-3667-5867-38b9-49e66eda1e3e" executionId="ffeedd1e-0f9d-4f07-9522-9727cfa066d5" testListId="8c84fa94-04c1-424b-9868-57a2d4851a1d" />
    <TestEntry testId="a40940ee-1e0c-4497-9389-0dd20eb26504" executionId="fa07c968-90a9-4870-bb66-f798d9f0ac7e" testListId="8c84fa94-04c1-424b-9868-57a2d4851a1d" />
    <TestEntry testId="0a85d251-c920-1c76-5ba6-88640672d5ab" executionId="45e5d9a5-f3f8-46a7-b8a4-700e875d7d5e" testListId="8c84fa94-04c1-424b-9868-57a2d4851a1d" />
    <TestEntry testId="2c8af5c6-fd6a-ab63-725d-404963a83957" executionId="3141cafd-7b3c-4e32-a434-b78149fa1fb9" testListId="8c84fa94-04c1-424b-9868-57a2d4851a1d" />
    <TestEntry testId="f773514f-0415-86e7-6793-d141fa07f5e2" executionId="50475e41-0e91-467c-9f12-9629107509b7" testListId="8c84fa94-04c1-424b-9868-57a2d4851a1d" />
    <TestEntry testId="d2aac64e-e603-e511-1481-da7b5e54b762" executionId="b312b5a4-3ecc-451b-97cc-47a9a92e7ed9" testListId="8c84fa94-04c1-424b-9868-57a2d4851a1d" />
    <TestEntry testId="cf8ff4a2-d8db-11b1-06e4-f823829b0f30" executionId="42636a58-0833-4dc5-8f57-243c136232a9" testListId="8c84fa94-04c1-424b-9868-57a2d4851a1d" />
    <TestEntry testId="48daebb0-593f-2738-a07d-a91d24969abf" executionId="df612ae3-e905-43e8-8a18-a6f66d0439d2" testListId="8c84fa94-04c1-424b-9868-57a2d4851a1d" />
    <TestEntry testId="2e2d7890-8c51-350e-9163-4ba34bbe400a" executionId="ab7a73cb-073b-4d6e-adaa-065a4401e99a" testListId="8c84fa94-04c1-424b-9868-57a2d4851a1d" />
    <TestEntry testId="aeec4e5f-bc8e-2634-0605-92786e0b894c" executionId="98748bab-9c70-4450-9984-23e89cda3404" testListId="8c84fa94-04c1-424b-9868-57a2d4851a1d" />
    <TestEntry testId="738b23ca-593c-9c40-e043-c828986be789" executionId="086b4704-500c-4575-b014-36b512875ed8" testListId="8c84fa94-04c1-424b-9868-57a2d4851a1d" />
    <TestEntry testId="5d6ce930-2804-a840-89ee-3361b624ef2e" executionId="b0a3cf3c-7bdf-4b42-9c72-2ce996b9deae" testListId="8c84fa94-04c1-424b-9868-57a2d4851a1d" />
    <TestEntry testId="64a8847b-9530-106c-0bd2-82c8d2aec323" executionId="9cd04ad7-9ff6-4060-a1bc-92e704402b1f" testListId="8c84fa94-04c1-424b-9868-57a2d4851a1d" />
    <TestEntry testId="19437128-c3d8-4adc-5252-c2ac12486858" executionId="d332139c-10e6-4fc3-a6d5-13a6bce5dbe5" testListId="8c84fa94-04c1-424b-9868-57a2d4851a1d" />
    <TestEntry testId="4981d695-92f1-d493-485e-08694a7644a1" executionId="e680a0e3-73e4-4e1e-a3ca-425dcda74a45" testListId="8c84fa94-04c1-424b-9868-57a2d4851a1d" />
    <TestEntry testId="d15527e4-1e39-d3f5-2cf5-2c6a34ea362e" executionId="bb3bda12-853e-4940-87ff-c8bb73c722aa" testListId="8c84fa94-04c1-424b-9868-57a2d4851a1d" />
    <TestEntry testId="d6fba41c-c1c2-79bd-698f-3cccdad2a009" executionId="e01f26fa-b2f7-41d7-b3c1-bd403a38b071" testListId="8c84fa94-04c1-424b-9868-57a2d4851a1d" />
    <TestEntry testId="35c4068b-0d49-3ee9-4c33-2faaf9e065c7" executionId="7d892343-6266-488e-9ae6-5df711ddd3e5" testListId="8c84fa94-04c1-424b-9868-57a2d4851a1d" />
    <TestEntry testId="4d815e7c-717d-37f0-c864-5262ea8b4fc6" executionId="fe80f2cf-a7ae-47f5-8320-d290bd76f9c5" testListId="8c84fa94-04c1-424b-9868-57a2d4851a1d" />
    <TestEntry testId="4bde530b-461a-6038-6a46-89cba4fc9e98" executionId="c18c662d-a41b-496d-af53-27cce790c446" testListId="8c84fa94-04c1-424b-9868-57a2d4851a1d" />
    <TestEntry testId="37877dbe-dfb0-b798-1767-e5bf44bf6e24" executionId="09d3d5aa-3993-4e4a-ad78-e78b3570fb4c" testListId="8c84fa94-04c1-424b-9868-57a2d4851a1d" />
    <TestEntry testId="81f9da1a-9b48-653b-ded6-f5036ebc7fc8" executionId="adce0769-255a-4000-9e6d-ee83dfc014e1" testListId="8c84fa94-04c1-424b-9868-57a2d4851a1d" />
    <TestEntry testId="5608fd80-9029-124b-666d-f8202fc90320" executionId="6ddd7ad6-5d3f-4e7c-9ad8-430d1c296af4" testListId="8c84fa94-04c1-424b-9868-57a2d4851a1d" />
    <TestEntry testId="865f2873-318a-e2c5-5a69-6a289192835b" executionId="da067f69-399f-4818-ba36-c1e5c4c20bd4" testListId="8c84fa94-04c1-424b-9868-57a2d4851a1d" />
    <TestEntry testId="6136afeb-dcb7-5943-90e1-0816a4fac688" executionId="11ac5756-7694-4900-b588-ca152b7e5f06" testListId="8c84fa94-04c1-424b-9868-57a2d4851a1d" />
    <TestEntry testId="85fc182b-324b-21fe-0b29-569b247fb68b" executionId="9a590539-76cc-445f-b2e8-0476816ebb31" testListId="8c84fa94-04c1-424b-9868-57a2d4851a1d" />
    <TestEntry testId="483378af-8aa2-948d-abe2-8fb8f261153d" executionId="8544e80e-39d5-4156-bd01-8baf214bdc30" testListId="8c84fa94-04c1-424b-9868-57a2d4851a1d" />
    <TestEntry testId="ad423190-6428-d097-68d2-e3a87ad89748" executionId="0a14d3d5-a061-4c73-96ca-ed1a5556de20" testListId="8c84fa94-04c1-424b-9868-57a2d4851a1d" />
    <TestEntry testId="c5f80172-8a79-2906-0e99-fd11835f09eb" executionId="bbe59e10-6522-48c1-821f-7e7dc58b3136" testListId="8c84fa94-04c1-424b-9868-57a2d4851a1d" />
    <TestEntry testId="a3df5a3c-fed1-33a3-86cb-d9c7334253e2" executionId="f74baeed-354a-4315-9e07-10c69983a03d" testListId="8c84fa94-04c1-424b-9868-57a2d4851a1d" />
    <TestEntry testId="846a1417-d332-5306-a5c5-00f1e90a0d34" executionId="eda60e25-23d5-4fda-94e7-7c3270e13860" testListId="8c84fa94-04c1-424b-9868-57a2d4851a1d" />
    <TestEntry testId="1632f8c4-befb-0624-55c6-6d4fa02abac0" executionId="b0746f34-154a-4402-8b1a-0f085b1daad1" testListId="8c84fa94-04c1-424b-9868-57a2d4851a1d" />
    <TestEntry testId="3b8be157-ecd2-7baf-59d7-2ef89f206753" executionId="08a05415-d9da-4217-ad75-1f16c26b2645" testListId="8c84fa94-04c1-424b-9868-57a2d4851a1d" />
    <TestEntry testId="f479c527-ea15-77bf-9aec-573b4312afd2" executionId="520496b6-85d6-4a05-a73b-afdccdf9e5e8" testListId="8c84fa94-04c1-424b-9868-57a2d4851a1d" />
    <TestEntry testId="614176e9-f2cd-20bd-b829-26b9dcbc382a" executionId="b8e8debb-d5b5-4bbf-bea8-d596c84a1ac3" testListId="8c84fa94-04c1-424b-9868-57a2d4851a1d" />
    <TestEntry testId="a02e8c63-2528-7708-d623-673a48e7b0e4" executionId="41b0488d-275a-4b13-b55b-c5ed71f77782" testListId="8c84fa94-04c1-424b-9868-57a2d4851a1d" />
    <TestEntry testId="9ad3ff68-cf66-132e-0b79-ee6d29f36ec2" executionId="7fce6a0e-44f0-434f-a6cd-20db7b912086" testListId="8c84fa94-04c1-424b-9868-57a2d4851a1d" />
    <TestEntry testId="6a7df1d6-d6b8-2789-0a41-322ae37829a7" executionId="6717b401-2556-47c2-bc03-394b0dfb3a34" testListId="8c84fa94-04c1-424b-9868-57a2d4851a1d" />
    <TestEntry testId="2ecfb074-9b8a-3f8b-bab0-4451eb971b5e" executionId="963aae5d-bd7e-4ebb-9c53-f9fb49827e3e" testListId="8c84fa94-04c1-424b-9868-57a2d4851a1d" />
    <TestEntry testId="0f0cb2e0-62b7-ccb1-7320-803c08e61d31" executionId="765f36c6-f680-48b6-a06a-dc6b510cb27f" testListId="8c84fa94-04c1-424b-9868-57a2d4851a1d" />
    <TestEntry testId="75d61307-df21-c4f2-ce29-12e6730a956e" executionId="74674f27-5ebb-45e3-9a2c-e79ef434ec22" testListId="8c84fa94-04c1-424b-9868-57a2d4851a1d" />
    <TestEntry testId="45f89548-d9c9-eb75-f211-fd412e47b917" executionId="397b64c9-c300-46a1-9a4a-d3dfebb469ee" testListId="8c84fa94-04c1-424b-9868-57a2d4851a1d" />
    <TestEntry testId="d9d780a4-c708-af1f-5845-0b2e2fe51a5e" executionId="10dbb794-beb7-43e0-b661-6d9b6e2592f9" testListId="8c84fa94-04c1-424b-9868-57a2d4851a1d" />
    <TestEntry testId="fe1b0bbb-1398-2d4d-c50e-a1bc017662e1" executionId="a24eeb9a-30ff-49b6-893c-ec47069e7ef1" testListId="8c84fa94-04c1-424b-9868-57a2d4851a1d" />
    <TestEntry testId="baeb7eea-9850-1e20-76a1-4ff3b229c720" executionId="75fd4f2d-d855-402f-90be-003e556c2e17" testListId="8c84fa94-04c1-424b-9868-57a2d4851a1d" />
    <TestEntry testId="0de1ac9d-b97d-d753-8d62-08ad8331541d" executionId="27d249e6-c738-4da5-be05-a7264610090e" testListId="8c84fa94-04c1-424b-9868-57a2d4851a1d" />
    <TestEntry testId="be7b20be-0056-8c36-be7f-544e3d5b1b87" executionId="ecbf5f6e-91d9-43f4-b7b0-f087870d43b9" testListId="8c84fa94-04c1-424b-9868-57a2d4851a1d" />
    <TestEntry testId="a627bbe7-0d09-5b94-eac3-34972aa00884" executionId="655a6719-566e-440b-bb54-038bbd07d42b" testListId="8c84fa94-04c1-424b-9868-57a2d4851a1d" />
    <TestEntry testId="70c84084-e6c9-9fa6-7c52-98ec081d5f13" executionId="d5da6907-83e3-4f5a-8659-b3cbff9f59d4" testListId="8c84fa94-04c1-424b-9868-57a2d4851a1d" />
    <TestEntry testId="88ed1ad2-3eee-e01c-90d0-695c68a659cd" executionId="37a61015-586a-4722-ba32-34c9f6e7ad98" testListId="8c84fa94-04c1-424b-9868-57a2d4851a1d" />
    <TestEntry testId="fcb26e78-ef7d-0f0e-cfdf-0eb5aa5ef77d" executionId="75890405-7123-4cf4-b9b1-e106f829a2c2" testListId="8c84fa94-04c1-424b-9868-57a2d4851a1d" />
    <TestEntry testId="c4379fb5-5c53-1d7c-1661-71b06b8bbb07" executionId="ccaadad0-afa8-47ed-9693-ea079916c788" testListId="8c84fa94-04c1-424b-9868-57a2d4851a1d" />
    <TestEntry testId="1f48354a-9ec4-2eeb-125b-eecfcf2ac38c" executionId="7ba25030-de46-4997-9b00-b5b895d81be7" testListId="8c84fa94-04c1-424b-9868-57a2d4851a1d" />
    <TestEntry testId="6e426c78-4051-6673-9910-5c3948358fcd" executionId="d614797f-14a8-411d-ac7c-1fb9c4fd8cd1" testListId="8c84fa94-04c1-424b-9868-57a2d4851a1d" />
    <TestEntry testId="9d065879-ef0c-6e32-11b6-7a920470a670" executionId="a906741b-13ba-4b58-a93a-617387934aa6" testListId="8c84fa94-04c1-424b-9868-57a2d4851a1d" />
    <TestEntry testId="cdd478ae-7c7a-97cc-6872-4601f8244ce0" executionId="672d6960-68f9-4063-8267-ef04e7b7a936" testListId="8c84fa94-04c1-424b-9868-57a2d4851a1d" />
    <TestEntry testId="7c6a914d-92b3-edaf-33c3-a2ef4d20b67a" executionId="b63ad540-5f32-4c70-bb78-911850ba8152" testListId="8c84fa94-04c1-424b-9868-57a2d4851a1d" />
    <TestEntry testId="156498c2-d63b-9f08-7aaf-6c97614f6ed8" executionId="764ec20d-153c-4350-964f-6757e4870c74" testListId="8c84fa94-04c1-424b-9868-57a2d4851a1d" />
    <TestEntry testId="9659bcd4-4735-6e22-71f4-071a58efde35" executionId="dc0b839d-2cb8-4404-89bd-9461ddf3f9bf" testListId="8c84fa94-04c1-424b-9868-57a2d4851a1d" />
    <TestEntry testId="fbf8627f-8c3a-2318-5e58-a54407795f39" executionId="a56db2c1-832c-4dc5-8bb8-79f787b3ba4c" testListId="8c84fa94-04c1-424b-9868-57a2d4851a1d" />
    <TestEntry testId="2d5a8059-ba92-f7f9-73b7-56551102ec4a" executionId="68677a7a-5268-48ca-9264-71fc711d7ac8" testListId="8c84fa94-04c1-424b-9868-57a2d4851a1d" />
    <TestEntry testId="e9f15d06-1dca-6f6d-2d8f-6c1cbbe3a57a" executionId="494f1bd3-dc64-4ac4-be31-ac8adbfb2d32" testListId="8c84fa94-04c1-424b-9868-57a2d4851a1d" />
    <TestEntry testId="a20f62ce-8e04-c6eb-fd21-dfdc1dc37044" executionId="b6d02c74-8a6e-4a7e-9b3a-10f2eb980387" testListId="8c84fa94-04c1-424b-9868-57a2d4851a1d" />
    <TestEntry testId="dd00cd2b-3924-38aa-da3a-7883f7ae03a0" executionId="53334913-4c6c-445d-afef-471b6fe97cca" testListId="8c84fa94-04c1-424b-9868-57a2d4851a1d" />
    <TestEntry testId="529fca7e-16e7-d72f-a834-7459e2edface" executionId="21d7f4e5-add6-4bf5-86ce-4b041e12f425" testListId="8c84fa94-04c1-424b-9868-57a2d4851a1d" />
    <TestEntry testId="b5c2c443-15d3-fbe1-783c-4659af59d27c" executionId="a31f1972-0324-430b-9662-6799938fe1c5" testListId="8c84fa94-04c1-424b-9868-57a2d4851a1d" />
    <TestEntry testId="f7c1649e-6a97-2199-2dd8-691dd556000f" executionId="97780eb4-9892-48b7-bc56-f8852e115e8b" testListId="8c84fa94-04c1-424b-9868-57a2d4851a1d" />
    <TestEntry testId="a1066b2e-d3d7-ae58-7635-aca2a314394b" executionId="1be4e62e-42fb-4473-ae40-ab91eef2635f" testListId="8c84fa94-04c1-424b-9868-57a2d4851a1d" />
    <TestEntry testId="859e5a39-c04c-79a8-2f78-d6b25c317ca4" executionId="b57080c1-5c1a-4c85-9217-1236b5dbb0ad" testListId="8c84fa94-04c1-424b-9868-57a2d4851a1d" />
    <TestEntry testId="0b956eab-47b0-19b5-0fb4-49dbe7c77075" executionId="a0b579f1-a1ba-4c49-9e70-94745146fd25" testListId="8c84fa94-04c1-424b-9868-57a2d4851a1d" />
    <TestEntry testId="dbec7d7d-94c3-b0f5-4ee0-9eaa78cfac82" executionId="4b3a0c2f-fc5e-493f-84e4-1b83f062f0f9" testListId="8c84fa94-04c1-424b-9868-57a2d4851a1d" />
    <TestEntry testId="55f954ec-9a08-4469-a240-ffdd3b2151d8" executionId="2b998cb0-8538-4344-bc55-cf9101a776c3" testListId="8c84fa94-04c1-424b-9868-57a2d4851a1d" />
    <TestEntry testId="9a7fe6e9-8cb4-019f-e121-a55542105962" executionId="8f0dfd25-7cd6-450b-8473-73d264542456" testListId="8c84fa94-04c1-424b-9868-57a2d4851a1d" />
    <TestEntry testId="5720a2b7-9b03-2e66-0adc-a318e14c9188" executionId="bea6d454-cd3b-46f6-a292-7a946a73fca6" testListId="8c84fa94-04c1-424b-9868-57a2d4851a1d" />
    <TestEntry testId="f67edcad-a7ca-e5a5-90e0-26e1200b4bc7" executionId="110de756-2a66-4c0d-ad39-f4526ba3e582" testListId="8c84fa94-04c1-424b-9868-57a2d4851a1d" />
    <TestEntry testId="fbc8aa06-767e-6057-d3cc-9fa617f610fc" executionId="82657429-0bc4-4368-be20-62ce055e3992" testListId="8c84fa94-04c1-424b-9868-57a2d4851a1d" />
    <TestEntry testId="6c099e5b-f326-d741-80dc-d6cf1fda6067" executionId="1d0fb044-4683-4a13-9d67-9b5850c9424b" testListId="8c84fa94-04c1-424b-9868-57a2d4851a1d" />
    <TestEntry testId="8b31adbf-e3fa-aab9-10c3-71b722020683" executionId="988ce52a-587b-4f8e-bad2-3cc687f8eeef" testListId="8c84fa94-04c1-424b-9868-57a2d4851a1d" />
    <TestEntry testId="72f864a9-4b86-7b6a-d803-c50163fe18bc" executionId="c1321139-f286-4400-9f87-1e9249d8782c" testListId="8c84fa94-04c1-424b-9868-57a2d4851a1d" />
    <TestEntry testId="2af92099-2f1c-0a9f-5996-0114dfc64f3a" executionId="85a8e0e2-0396-4296-a79e-f99caf38cb75" testListId="8c84fa94-04c1-424b-9868-57a2d4851a1d" />
    <TestEntry testId="e8a24ebb-8df6-c99a-05a7-e929aac5a0fd" executionId="2ca642d6-6f34-4bcd-a09f-fea639d15d06" testListId="8c84fa94-04c1-424b-9868-57a2d4851a1d" />
    <TestEntry testId="bc8e6339-0196-c7e2-a466-fd90f4b1db4b" executionId="6a2ec79e-8ee7-4c2d-a160-60f6fb5b6d5e" testListId="8c84fa94-04c1-424b-9868-57a2d4851a1d" />
    <TestEntry testId="d18b4288-ad3f-9696-dd64-10203dd36473" executionId="2a5a3cfa-097f-4eb4-a7c6-6871020a41e2" testListId="8c84fa94-04c1-424b-9868-57a2d4851a1d" />
    <TestEntry testId="1b87fe21-8ab2-d8b7-cecf-440877f4c370" executionId="151c43e2-fc27-4998-9883-815737a1bbc2" testListId="8c84fa94-04c1-424b-9868-57a2d4851a1d" />
    <TestEntry testId="e41bfa23-ed29-604d-eb93-eb4f1b5fa19a" executionId="e73c3d06-f70e-4fc3-9e01-414d489120f0" testListId="8c84fa94-04c1-424b-9868-57a2d4851a1d" />
    <TestEntry testId="f12d8bfb-d790-e889-1d9d-8a35b974b8c9" executionId="cbbe281b-2f38-4504-826a-10eefaafc773" testListId="8c84fa94-04c1-424b-9868-57a2d4851a1d" />
    <TestEntry testId="164bccbd-90cc-0a46-d19c-e8656c4478ab" executionId="6dc894a3-dc04-4d53-94df-40a38f8a5736" testListId="8c84fa94-04c1-424b-9868-57a2d4851a1d" />
    <TestEntry testId="6de83952-347e-da73-e780-91a0baf95d5e" executionId="1b5ca00f-655f-4b2d-9898-0d714f189de1" testListId="8c84fa94-04c1-424b-9868-57a2d4851a1d" />
    <TestEntry testId="c8b1b74f-ee76-f9f3-68c8-aed20d162fee" executionId="a46d0c6e-186c-4f28-b903-9727daf98bce" testListId="8c84fa94-04c1-424b-9868-57a2d4851a1d" />
    <TestEntry testId="9d42bb14-17d7-b988-9b15-c5fe1823b70a" executionId="eb5d0c14-8396-4c7f-88d6-572cb70c7635" testListId="8c84fa94-04c1-424b-9868-57a2d4851a1d" />
    <TestEntry testId="2e43ac5c-b4a5-5bae-0d91-948d5cf83a49" executionId="c261b821-bb48-4c99-bf88-89976a3b3cf6" testListId="8c84fa94-04c1-424b-9868-57a2d4851a1d" />
    <TestEntry testId="6bcf193e-96dd-11f5-82e5-cc5e7e1bea39" executionId="b3e97e7d-b723-447a-be6c-50b9af4f796b" testListId="8c84fa94-04c1-424b-9868-57a2d4851a1d" />
    <TestEntry testId="6e5f0f72-3020-bcc8-a9b9-941aa39a60a9" executionId="eb977a62-988e-4289-abf3-085041a6c632" testListId="8c84fa94-04c1-424b-9868-57a2d4851a1d" />
    <TestEntry testId="8b26d9a8-4c6f-48de-000c-d4f1e910eee4" executionId="d7307780-e66a-4a46-91f5-b4dfe903b519" testListId="8c84fa94-04c1-424b-9868-57a2d4851a1d" />
    <TestEntry testId="060624e6-6e79-6e89-8fc1-22a8b77d6ad5" executionId="cf5db735-f2ce-4ed2-b4be-f95b4d51eed7" testListId="8c84fa94-04c1-424b-9868-57a2d4851a1d" />
    <TestEntry testId="080aef21-9aba-8252-7cb7-f06d7dc8900a" executionId="dacec9ed-39f4-496d-acae-9074fdc1a25c" testListId="8c84fa94-04c1-424b-9868-57a2d4851a1d" />
    <TestEntry testId="0728a934-cc2b-8459-23c3-dca6bc733b9b" executionId="e9697746-8b44-4093-8984-7ea977a49b15" testListId="8c84fa94-04c1-424b-9868-57a2d4851a1d" />
    <TestEntry testId="c23c41e8-db7e-ca6e-8489-dd1555aef950" executionId="82d8fa2b-bea3-4f8d-b4e0-242c37031d5c" testListId="8c84fa94-04c1-424b-9868-57a2d4851a1d" />
    <TestEntry testId="b9f616c2-7498-0ae9-3390-ddca06dbe0a1" executionId="3e566e54-5b5d-4269-a2d9-1663ab3fedca" testListId="8c84fa94-04c1-424b-9868-57a2d4851a1d" />
    <TestEntry testId="d41e69fd-a9e9-3c42-5f0a-b40ef1a6fc58" executionId="d418ff01-240c-4801-845d-5df77544d406" testListId="8c84fa94-04c1-424b-9868-57a2d4851a1d" />
    <TestEntry testId="e5f4abe5-0bea-7f59-36d4-d1a4437c6aa4" executionId="95c8d4b7-6131-4cb3-9085-289cbc0e45ee" testListId="8c84fa94-04c1-424b-9868-57a2d4851a1d" />
    <TestEntry testId="1c51855e-4fa2-b7b8-23e1-4594d73e5197" executionId="8535d0f2-fbda-49a0-8635-c44ba78691fd" testListId="8c84fa94-04c1-424b-9868-57a2d4851a1d" />
    <TestEntry testId="14211889-6c07-d548-a17d-b0353d77daec" executionId="f5ff01cd-7fc4-4e34-8082-e79ba5b363d2" testListId="8c84fa94-04c1-424b-9868-57a2d4851a1d" />
    <TestEntry testId="d7cd0540-6703-b71f-2d28-b521912dd279" executionId="5f626ccd-450d-47c4-9ff4-e637942a8e4b" testListId="8c84fa94-04c1-424b-9868-57a2d4851a1d" />
    <TestEntry testId="67c07337-578a-e013-10f3-2c5670a50f07" executionId="64090500-261a-4c2b-8ad7-c63201889ede" testListId="8c84fa94-04c1-424b-9868-57a2d4851a1d" />
    <TestEntry testId="b8626300-65a5-3fa0-adae-bd65ce4711ab" executionId="06a4c8a2-0663-4444-b7a4-2fba525db0f7" testListId="8c84fa94-04c1-424b-9868-57a2d4851a1d" />
    <TestEntry testId="7958d8c0-1fe6-21d6-f926-07812748bff9" executionId="e47e0102-fd89-47b5-b407-e3eb41c9a11b" testListId="8c84fa94-04c1-424b-9868-57a2d4851a1d" />
    <TestEntry testId="55a54cc6-7f27-269d-6799-7a2fe9c9fae1" executionId="89a59a5d-aec2-4afe-ac19-76b48cf2a88f" testListId="8c84fa94-04c1-424b-9868-57a2d4851a1d" />
    <TestEntry testId="e7727a67-0ebe-bab9-8ccb-76e0db5d7327" executionId="c6cbfb0a-a94f-4295-a360-2177f0652fc5" testListId="8c84fa94-04c1-424b-9868-57a2d4851a1d" />
    <TestEntry testId="09000b30-b50a-fea1-e3f8-373b92fc09fb" executionId="9a1c9005-bb3e-407d-8f35-371b4c09d39e" testListId="8c84fa94-04c1-424b-9868-57a2d4851a1d" />
    <TestEntry testId="70381e69-57c9-c706-1f8d-240e94a1b700" executionId="e30d3067-5db1-4b6b-981c-80ee09fe8a16" testListId="8c84fa94-04c1-424b-9868-57a2d4851a1d" />
    <TestEntry testId="7e5f87a8-3e86-baa3-41b1-cbee2b76fd99" executionId="3a4282d6-6d43-4d94-bcad-edc090b89e31" testListId="8c84fa94-04c1-424b-9868-57a2d4851a1d" />
    <TestEntry testId="98a81c68-72e4-94f4-0dd9-698455968fe2" executionId="32e09b51-8a3e-42c8-b888-15fd28325837" testListId="8c84fa94-04c1-424b-9868-57a2d4851a1d" />
    <TestEntry testId="db570c89-0c17-67f9-68b7-a045941bff8c" executionId="3a2287f0-5d1d-4654-a195-76af71a51dc8" testListId="8c84fa94-04c1-424b-9868-57a2d4851a1d" />
    <TestEntry testId="6f442467-794b-6b44-6cf4-0d982a97bbb7" executionId="8e74037f-9a64-408f-81d8-f6349aac470d" testListId="8c84fa94-04c1-424b-9868-57a2d4851a1d" />
    <TestEntry testId="354dd232-6794-c14f-fc97-ae1678a19d01" executionId="d8a6c988-b391-4d71-b72d-800de2abecad" testListId="8c84fa94-04c1-424b-9868-57a2d4851a1d" />
    <TestEntry testId="746aa62c-59c1-5e8a-da75-9e4aa7d04e7c" executionId="e1cb8f31-2ef0-4b93-9e46-ac77783057bb" testListId="8c84fa94-04c1-424b-9868-57a2d4851a1d" />
    <TestEntry testId="5db8f9a4-a7b7-a775-7925-07d65fdb99b6" executionId="677a30b2-33ad-4e7a-acb9-e0fd88a74730" testListId="8c84fa94-04c1-424b-9868-57a2d4851a1d" />
    <TestEntry testId="559dab16-1840-4d7e-b7fc-8708b2bd6eb6" executionId="7afdc53a-a3a9-4dd4-979d-dfd5945f970b" testListId="8c84fa94-04c1-424b-9868-57a2d4851a1d" />
    <TestEntry testId="5359756e-48ad-8765-e1e2-55dae5f1187d" executionId="bf619a28-7947-429f-a075-c034ff00b57c" testListId="8c84fa94-04c1-424b-9868-57a2d4851a1d" />
    <TestEntry testId="4562b682-08d1-0b34-dd21-531daaf4a760" executionId="247fcff4-be3d-4a18-9272-c64559447626" testListId="8c84fa94-04c1-424b-9868-57a2d4851a1d" />
    <TestEntry testId="2ac72e1b-67e4-691e-dbd4-506944678026" executionId="12408d5a-a5b3-49af-acbf-6bbf5ddf998f" testListId="8c84fa94-04c1-424b-9868-57a2d4851a1d" />
    <TestEntry testId="dd5a5ae0-57da-3fe2-e850-94f3ba87002f" executionId="881b73c2-24df-4bbe-b684-d2919a783cbc" testListId="8c84fa94-04c1-424b-9868-57a2d4851a1d" />
    <TestEntry testId="d307580a-81ae-be04-25d4-8932d3f176da" executionId="bd37142a-4898-4fba-b8cd-cc3102a22dec" testListId="8c84fa94-04c1-424b-9868-57a2d4851a1d" />
    <TestEntry testId="15766a9e-0496-6f1b-ceb0-4516c0d1b13e" executionId="1855f3ec-488c-4681-ae19-d420b58f8723" testListId="8c84fa94-04c1-424b-9868-57a2d4851a1d" />
    <TestEntry testId="69c508ea-2cca-4212-757a-a5c8428e218c" executionId="47fcf2aa-5c32-47ce-b09b-45d906d617e3" testListId="8c84fa94-04c1-424b-9868-57a2d4851a1d" />
    <TestEntry testId="76872cb6-e940-68f9-64b3-4436a27471e6" executionId="b7577806-c680-497b-bbce-04c617656386" testListId="8c84fa94-04c1-424b-9868-57a2d4851a1d" />
    <TestEntry testId="698c07c2-e832-c7be-cc64-0b093e805cb9" executionId="e77e1e26-8d17-4cfc-8f16-3efbea20765f" testListId="8c84fa94-04c1-424b-9868-57a2d4851a1d" />
    <TestEntry testId="c08e15cd-1526-f74a-43f9-3aa1993f84f8" executionId="2f00e4f7-63b8-4b9b-952d-52d7dbbce2be" testListId="8c84fa94-04c1-424b-9868-57a2d4851a1d" />
    <TestEntry testId="ce4bf8e4-65ed-2ec2-8d52-0d80f84bda0a" executionId="f3d1c5ee-dfae-42d7-b615-a00788bfa63d" testListId="8c84fa94-04c1-424b-9868-57a2d4851a1d" />
    <TestEntry testId="7806fc59-74d8-4cba-5173-f4a593c19367" executionId="39fbb827-1de7-4267-b46d-9f4657835c2e" testListId="8c84fa94-04c1-424b-9868-57a2d4851a1d" />
    <TestEntry testId="0ddfc056-60dd-cbbd-2fec-b5b805204fac" executionId="35a056e5-1a40-4bf4-8df6-944645e10fb0" testListId="8c84fa94-04c1-424b-9868-57a2d4851a1d" />
    <TestEntry testId="eb6795f7-05e6-9fb0-c4d3-e85e1ff19af8" executionId="a2dfe701-6cf0-4b71-bc7d-f3282a81f9aa" testListId="8c84fa94-04c1-424b-9868-57a2d4851a1d" />
    <TestEntry testId="86b69d09-4fa7-8a8f-0fa9-37523c65b41c" executionId="b62bb878-166e-4e41-b2fb-6d16343cb981" testListId="8c84fa94-04c1-424b-9868-57a2d4851a1d" />
    <TestEntry testId="5664dcc7-d0d2-9619-03a7-997ed3462e4f" executionId="5db909e4-fd5f-4bbe-874b-17775099dec5" testListId="8c84fa94-04c1-424b-9868-57a2d4851a1d" />
    <TestEntry testId="439e491f-9255-cb49-e03a-ac3b35c7dcce" executionId="1874e796-c9a3-43ba-97e9-f419dd7b52a5" testListId="8c84fa94-04c1-424b-9868-57a2d4851a1d" />
    <TestEntry testId="c75fdb7c-d586-731d-842f-eec2f81a4606" executionId="d819e63a-4153-426b-8372-7feaae4de271" testListId="8c84fa94-04c1-424b-9868-57a2d4851a1d" />
    <TestEntry testId="2093b017-9f87-d886-777d-474d68401442" executionId="6984e9f6-dcaf-4085-8715-d22a348f0750" testListId="8c84fa94-04c1-424b-9868-57a2d4851a1d" />
    <TestEntry testId="fad03819-3696-48f2-b163-81d182ea0001" executionId="61583566-0865-404e-912b-1803ee32e402" testListId="8c84fa94-04c1-424b-9868-57a2d4851a1d" />
    <TestEntry testId="7315c720-ea1f-e475-0fe9-902db2e43ea1" executionId="9f3b036d-5331-44a0-8b61-60e44757a715" testListId="8c84fa94-04c1-424b-9868-57a2d4851a1d" />
    <TestEntry testId="1dc899c4-5eac-0a6f-382f-9539e8787d10" executionId="089ad08e-1f79-48cf-8824-fad83ca459e2" testListId="8c84fa94-04c1-424b-9868-57a2d4851a1d" />
    <TestEntry testId="f0006959-e92b-ddf0-e350-e42c16c5830a" executionId="a2165c73-72a5-4e8f-aa3f-68f85b294475" testListId="8c84fa94-04c1-424b-9868-57a2d4851a1d" />
    <TestEntry testId="297429e0-2277-cf0b-92f4-a86ebf1d4d0e" executionId="e61c2a82-62d1-4de6-9b17-ea008e89f488" testListId="8c84fa94-04c1-424b-9868-57a2d4851a1d" />
    <TestEntry testId="d04554b7-061e-f09e-8ae9-a63a30508632" executionId="7bea3f7b-1bc4-458d-86e2-a14e2372b2e8" testListId="8c84fa94-04c1-424b-9868-57a2d4851a1d" />
    <TestEntry testId="e860b32c-5677-68e5-70c7-ee4962553471" executionId="944a5c32-b578-4c40-857d-1d42ad70232c" testListId="8c84fa94-04c1-424b-9868-57a2d4851a1d" />
    <TestEntry testId="76a1cbbb-7b96-c57b-5f6f-d0ecbfc78e28" executionId="7e788456-0f37-4f9a-a9a4-5bad72551288" testListId="8c84fa94-04c1-424b-9868-57a2d4851a1d" />
    <TestEntry testId="b6d724e3-90e6-e4c7-e5ca-f8b21fc53c9a" executionId="72a00c6e-5593-4932-8d6d-a17444692eee" testListId="8c84fa94-04c1-424b-9868-57a2d4851a1d" />
    <TestEntry testId="90a0b11e-51a0-a0f7-75a3-0d98de21fc8d" executionId="8f744ba3-6616-4b2c-bdfd-073f3f18a805" testListId="8c84fa94-04c1-424b-9868-57a2d4851a1d" />
    <TestEntry testId="69175da1-56f0-0efc-874c-3aae3f450970" executionId="8f1dce3f-3059-4532-adea-23bd20a7ec8b" testListId="8c84fa94-04c1-424b-9868-57a2d4851a1d" />
    <TestEntry testId="ba6ab45b-2e58-4828-72b7-4a7dfbc617a4" executionId="e20dd1f2-f57f-440d-a6e3-8dc957f9d89e" testListId="8c84fa94-04c1-424b-9868-57a2d4851a1d" />
    <TestEntry testId="0631c2c8-a454-06fd-7c37-2185f9a99e6b" executionId="0a905ac4-7c61-46a3-8821-453986f15ca7" testListId="8c84fa94-04c1-424b-9868-57a2d4851a1d" />
    <TestEntry testId="5bacd78c-ca4c-fcf2-91b1-2fdd8c66bd49" executionId="bf62ca3c-63ff-4134-ac05-b71c74501d16" testListId="8c84fa94-04c1-424b-9868-57a2d4851a1d" />
    <TestEntry testId="ad7ae205-b718-725b-0209-4f927f2fb27e" executionId="71b6d7ca-0206-4acf-927a-953cab32e81d" testListId="8c84fa94-04c1-424b-9868-57a2d4851a1d" />
    <TestEntry testId="9327744f-7a74-0a38-2242-7f2cabff18a8" executionId="91787971-fe94-44be-b0a0-f13845e8892f" testListId="8c84fa94-04c1-424b-9868-57a2d4851a1d" />
    <TestEntry testId="7f3ceecd-496d-66aa-7ce5-730554894094" executionId="4d892b38-dac1-4fde-919b-efe572d21798" testListId="8c84fa94-04c1-424b-9868-57a2d4851a1d" />
    <TestEntry testId="bd263f7c-e3d3-c392-da4c-744301b7cf12" executionId="33d33b49-e884-4bc4-b35e-00756f9e652d" testListId="8c84fa94-04c1-424b-9868-57a2d4851a1d" />
    <TestEntry testId="d2cb7b36-d9a8-af97-5793-c6193fcf131f" executionId="3305672a-eac9-4c28-8e3b-0dc2ac483312" testListId="8c84fa94-04c1-424b-9868-57a2d4851a1d" />
    <TestEntry testId="ebee9ea3-9663-804a-18c0-77562627001c" executionId="7907c2cd-09ea-41d4-9fd0-bf9d672adc75" testListId="8c84fa94-04c1-424b-9868-57a2d4851a1d" />
    <TestEntry testId="ac685e7a-25ef-68b5-6ead-87af322f44b1" executionId="01e1a528-ecdd-4829-9f38-2c5d1a35afd7" testListId="8c84fa94-04c1-424b-9868-57a2d4851a1d" />
    <TestEntry testId="2beb1f94-dc0b-ee16-146d-8c37a7fdfdff" executionId="8b97ac6d-b2df-49dd-be59-f01037b3b29e" testListId="8c84fa94-04c1-424b-9868-57a2d4851a1d" />
    <TestEntry testId="5d40e5fd-716a-6919-7151-81d30b0ae341" executionId="ce01cc66-1cf0-457a-85e4-eea4a3dd3988" testListId="8c84fa94-04c1-424b-9868-57a2d4851a1d" />
    <TestEntry testId="caf29afa-94ee-4d9e-314b-7369c1f91e6f" executionId="ba2fde8c-344d-4723-ba5f-96dbcce93025" testListId="8c84fa94-04c1-424b-9868-57a2d4851a1d" />
    <TestEntry testId="9ad2e5bc-43c1-6cda-62dc-0abca1831792" executionId="5fc9b4be-6f44-4837-9f66-413b002fad16" testListId="8c84fa94-04c1-424b-9868-57a2d4851a1d" />
    <TestEntry testId="fd89c7b5-0f3f-a8ce-f085-9300016d6e91" executionId="8673619e-be76-4885-b48b-36d6d40ad422" testListId="8c84fa94-04c1-424b-9868-57a2d4851a1d" />
    <TestEntry testId="3833d072-e84d-0f25-deeb-d2aee95c49ea" executionId="41b39be4-ba8a-4829-8e1a-079a9488fe77" testListId="8c84fa94-04c1-424b-9868-57a2d4851a1d" />
    <TestEntry testId="4f38be7c-b654-41ba-9f62-fd933d74b138" executionId="fd276c9f-62da-48ef-ba4a-46bbf28b7d32" testListId="8c84fa94-04c1-424b-9868-57a2d4851a1d" />
    <TestEntry testId="9be91aed-9e84-1d24-bd96-d45341d4b71f" executionId="1c918504-e2b7-4256-bfa2-2160f76da0c1" testListId="8c84fa94-04c1-424b-9868-57a2d4851a1d" />
    <TestEntry testId="d9a83f8d-ab40-7e2a-7b92-507a40ebac6d" executionId="bec92cd6-1be1-475d-9f99-8167cca0b6b3" testListId="8c84fa94-04c1-424b-9868-57a2d4851a1d" />
    <TestEntry testId="15af17fa-70f1-0652-70a1-6269a53f1e4b" executionId="900c282f-68b3-4909-b582-95a935ebd09d" testListId="8c84fa94-04c1-424b-9868-57a2d4851a1d" />
    <TestEntry testId="c6d6d899-0a77-5d61-f139-b349a493c70b" executionId="124ef8ea-cdc4-4254-b342-d708cc470b74" testListId="8c84fa94-04c1-424b-9868-57a2d4851a1d" />
    <TestEntry testId="34f84800-61fe-8fb2-20e1-3885eeafe62d" executionId="842547e7-0017-44fe-8936-e953f40aac5b" testListId="8c84fa94-04c1-424b-9868-57a2d4851a1d" />
    <TestEntry testId="709f4647-b846-d48a-81ce-777212ad3730" executionId="d099f451-3a50-4d0f-8df5-73b67442d309" testListId="8c84fa94-04c1-424b-9868-57a2d4851a1d" />
    <TestEntry testId="9451e5db-57bf-ae03-ca19-27f734b757c5" executionId="b75b58a1-c4bd-440b-a922-573d683130ad" testListId="8c84fa94-04c1-424b-9868-57a2d4851a1d" />
    <TestEntry testId="4a551345-f3b8-9807-f1a7-e41a8a073001" executionId="a3f73871-8b70-4f1b-9249-56e17824a579" testListId="8c84fa94-04c1-424b-9868-57a2d4851a1d" />
    <TestEntry testId="a93735cd-087b-dffb-ec6b-1df3d0ecfdf0" executionId="77aee128-f392-43f3-9ad8-6a979cabdc6d" testListId="8c84fa94-04c1-424b-9868-57a2d4851a1d" />
    <TestEntry testId="136c1757-a795-3c14-6dcd-f3799de3a980" executionId="95e14116-6831-4c38-aa87-de7255821927" testListId="8c84fa94-04c1-424b-9868-57a2d4851a1d" />
    <TestEntry testId="80bbb480-f987-81bc-2d62-c405bf3a4975" executionId="629d5d4a-077e-457c-ad8e-a0c41b8894cc" testListId="8c84fa94-04c1-424b-9868-57a2d4851a1d" />
    <TestEntry testId="aecd500a-c675-9f7d-29fa-8219d1c56350" executionId="a1ce067f-c425-4f56-b73b-0d686f6eff03" testListId="8c84fa94-04c1-424b-9868-57a2d4851a1d" />
    <TestEntry testId="1484bc34-e151-27c5-4599-c83da5534d7a" executionId="0959ceec-18c2-4324-b220-9ae0a44d9837" testListId="8c84fa94-04c1-424b-9868-57a2d4851a1d" />
    <TestEntry testId="a1657c8e-5edf-1f6f-aaf9-303b27bfaa75" executionId="c13c9c5b-f531-4307-9616-8689967c50d0" testListId="8c84fa94-04c1-424b-9868-57a2d4851a1d" />
    <TestEntry testId="028d7453-0d14-13df-ced4-0423fc08f650" executionId="368b04fe-d7d9-428b-9c72-6ce0fad3ea59" testListId="8c84fa94-04c1-424b-9868-57a2d4851a1d" />
    <TestEntry testId="0079a8b4-6783-22c6-8645-7240170f1f97" executionId="69dd0c21-e69b-410f-b777-34e17784e44f" testListId="8c84fa94-04c1-424b-9868-57a2d4851a1d" />
    <TestEntry testId="68829d0b-bbc7-42eb-7e78-b56d42cf6b38" executionId="6aae3a36-b571-47c3-a0d4-12ab405d2211" testListId="8c84fa94-04c1-424b-9868-57a2d4851a1d" />
    <TestEntry testId="ffe44c92-a379-e3e2-463a-5c44f6b8bf08" executionId="5e3acbec-cbdd-4529-bfe4-bb51d1f3c4ed" testListId="8c84fa94-04c1-424b-9868-57a2d4851a1d" />
  </TestEntries>
  <TestLists>
    <TestList name="Results Not in a List" id="8c84fa94-04c1-424b-9868-57a2d4851a1d" />
    <TestList name="All Loaded Results" id="19431567-8539-422a-85d7-44ee4e166bda" />
  </TestLists>
  <ResultSummary outcome="Failed">
    <Counters total="755" executed="52" passed="15" failed="37" error="0" timeout="0" aborted="0" inconclusive="0" passedButRunAborted="0" notRunnable="0" notExecuted="0" disconnected="0" warning="0" completed="0" inProgress="0" pending="0" />
    <Output>
      <StdOut>NUnit Adapter 4.5.0.0: Test execution started
Running all tests in /home/runner/work/typespec/typespec/packages/http-client-csharp/generator/artifacts/bin/TestProjects.Spector.Tests/Debug/net8.0/TestProjects.Spector.Tests.dll
   NUnit3TestExecutor discovered 755 of 755 NUnit test cases using Current Discovery mode, Non-Explicit run
BooleanValueGet: Test skipped because TestProjects.Spector.Tests.Http._Type._Array.ArrayTests.BooleanValueGet is currently a stubbed implementation.
BooleanValuePut: Test skipped because TestProjects.Spector.Tests.Http._Type._Array.ArrayTests.BooleanValuePut is currently a stubbed implementation.
DatetimeValueGet: Test skipped because TestProjects.Spector.Tests.Http._Type._Array.ArrayTests.DatetimeValueGet is currently a stubbed implementation.
DatetimeValuePut: Test skipped because TestProjects.Spector.Tests.Http._Type._Array.ArrayTests.DatetimeValuePut is currently a stubbed implementation.
DurationValueGet: Test skipped because TestProjects.Spector.Tests.Http._Type._Array.ArrayTests.DurationValueGet is currently a stubbed implementation.
DurationValuePut: Test skipped because TestProjects.Spector.Tests.Http._Type._Array.ArrayTests.DurationValuePut is currently a stubbed implementation.
Float32ValueGet: Test skipped because TestProjects.Spector.Tests.Http._Type._Array.ArrayTests.Float32ValueGet is currently a stubbed implementation.
Float32ValuePut: Test skipped because TestProjects.Spector.Tests.Http._Type._Array.ArrayTests.Float32ValuePut is currently a stubbed implementation.
Int32ValueGet: Test skipped because TestProjects.Spector.Tests.Http._Type._Array.ArrayTests.Int32ValueGet is currently a stubbed implementation.
Test 'BooleanValueGet' was skipped in the test run.
Test 'BooleanValuePut' was skipped in the test run.
Test 'DatetimeValueGet' was skipped in the test run.
Test 'DatetimeValuePut' was skipped in the test run.
Test 'DurationValueGet' was skipped in the test run.
Test 'DurationValuePut' was skipped in the test run.
Test 'Float32ValueGet' was skipped in the test run.
Test 'Float32ValuePut' was skipped in the test run.
Test 'Int32ValueGet' was skipped in the test run.
Int32ValuePut: Test skipped because TestProjects.Spector.Tests.Http._Type._Array.ArrayTests.Int32ValuePut is currently a stubbed implementation.
Int64ValueGet: Test skipped because TestProjects.Spector.Tests.Http._Type._Array.ArrayTests.Int64ValueGet is currently a stubbed implementation.
Int64ValuePut: Test skipped because TestProjects.Spector.Tests.Http._Type._Array.ArrayTests.Int64ValuePut is currently a stubbed implementation.
ModelValueGet: Test skipped because TestProjects.Spector.Tests.Http._Type._Array.ArrayTests.ModelValueGet is currently a stubbed implementation.
ModelValuePut: Test skipped because TestProjects.Spector.Tests.Http._Type._Array.ArrayTests.ModelValuePut is currently a stubbed implementation.
NullableBoolValueGet: Test skipped because TestProjects.Spector.Tests.Http._Type._Array.ArrayTests.NullableBoolValueGet is currently a stubbed implementation.
NullableBoolValuePut: Test skipped because TestProjects.Spector.Tests.Http._Type._Array.ArrayTests.NullableBoolValuePut is currently a stubbed implementation.
NullableFloatValueGet: Test skipped because TestProjects.Spector.Tests.Http._Type._Array.ArrayTests.NullableFloatValueGet is currently a stubbed implementation.
NullableFloatValuePut: Test skipped because TestProjects.Spector.Tests.Http._Type._Array.ArrayTests.NullableFloatValuePut is currently a stubbed implementation.
Test 'Int32ValuePut' was skipped in the test run.
Test 'Int64ValueGet' was skipped in the test run.
Test 'Int64ValuePut' was skipped in the test run.
Test 'ModelValueGet' was skipped in the test run.
Test 'ModelValuePut' was skipped in the test run.
Test 'NullableBoolValueGet' was skipped in the test run.
Test 'NullableBoolValuePut' was skipped in the test run.
Test 'NullableFloatValueGet' was skipped in the test run.
Test 'NullableFloatValuePut' was skipped in the test run.
NullableIntValueGet: Test skipped because TestProjects.Spector.Tests.Http._Type._Array.ArrayTests.NullableIntValueGet is currently a stubbed implementation.
NullableIntValuePut: Test skipped because TestProjects.Spector.Tests.Http._Type._Array.ArrayTests.NullableIntValuePut is currently a stubbed implementation.
NullableModelValueGet: Test skipped because TestProjects.Spector.Tests.Http._Type._Array.ArrayTests.NullableModelValueGet is currently a stubbed implementation.
NullableModelValuePut: Test skipped because TestProjects.Spector.Tests.Http._Type._Array.ArrayTests.NullableModelValuePut is currently a stubbed implementation.
NullableStringValueGet: Test skipped because TestProjects.Spector.Tests.Http._Type._Array.ArrayTests.NullableStringValueGet is currently a stubbed implementation.
NullableStringValuePut: Test skipped because TestProjects.Spector.Tests.Http._Type._Array.ArrayTests.NullableStringValuePut is currently a stubbed implementation.
StringValueGet: Test skipped because TestProjects.Spector.Tests.Http._Type._Array.ArrayTests.StringValueGet is currently a stubbed implementation.
StringValuePut: Test skipped because TestProjects.Spector.Tests.Http._Type._Array.ArrayTests.StringValuePut is currently a stubbed implementation.
UnknownValueGet: Test skipped because TestProjects.Spector.Tests.Http._Type._Array.ArrayTests.UnknownValueGet is currently a stubbed implementation.
Test 'NullableIntValueGet' was skipped in the test run.
Test 'NullableIntValuePut' was skipped in the test run.
Test 'NullableModelValueGet' was skipped in the test run.
Test 'NullableModelValuePut' was skipped in the test run.
Test 'NullableStringValueGet' was skipped in the test run.
Test 'NullableStringValuePut' was skipped in the test run.
Test 'StringValueGet' was skipped in the test run.
Test 'StringValuePut' was skipped in the test run.
Test 'UnknownValueGet' was skipped in the test run.
UnknownValuePut: Test skipped because TestProjects.Spector.Tests.Http._Type._Array.ArrayTests.UnknownValuePut is currently a stubbed implementation.
GetKnownValue: Test skipped because TestProjects.Spector.Tests.Http._Type._Enum.Extensible.ExtensibleTests.GetKnownValue is currently a stubbed implementation.
GetUnknownValue: Test skipped because TestProjects.Spector.Tests.Http._Type._Enum.Extensible.ExtensibleTests.GetUnknownValue is currently a stubbed implementation.
PutKnownValue: Test skipped because TestProjects.Spector.Tests.Http._Type._Enum.Extensible.ExtensibleTests.PutKnownValue is currently a stubbed implementation.
PutUnknownValue: Test skipped because TestProjects.Spector.Tests.Http._Type._Enum.Extensible.ExtensibleTests.PutUnknownValue is currently a stubbed implementation.
GetKnownValue: Test skipped because TestProjects.Spector.Tests.Http._Type._Enum.Fixed.FixedTests.GetKnownValue is currently a stubbed implementation.
PutKnownValue: Test skipped because TestProjects.Spector.Tests.Http._Type._Enum.Fixed.FixedTests.PutKnownValue is currently a stubbed implementation.
PutUnknownValue: Test skipped because TestProjects.Spector.Tests.Http._Type._Enum.Fixed.FixedTests.PutUnknownValue is currently a stubbed implementation.
BooleanGet: Test skipped because TestProjects.Spector.Tests.Http._Type.Dictionary.DictionaryTests.BooleanGet is currently a stubbed implementation.
Test 'UnknownValuePut' was skipped in the test run.
Test 'GetKnownValue' was skipped in the test run.
Test 'GetUnknownValue' was skipped in the test run.
Test 'PutKnownValue' was skipped in the test run.
Test 'PutUnknownValue' was skipped in the test run.
Test 'GetKnownValue' was skipped in the test run.
Test 'PutKnownValue' was skipped in the test run.
Test 'PutUnknownValue' was skipped in the test run.
Test 'BooleanGet' was skipped in the test run.
BooleanPut: Test skipped because TestProjects.Spector.Tests.Http._Type.Dictionary.DictionaryTests.BooleanPut is currently a stubbed implementation.
DatetimeValueGet: Test skipped because TestProjects.Spector.Tests.Http._Type.Dictionary.DictionaryTests.DatetimeValueGet is currently a stubbed implementation.
DatetimeValuePut: Test skipped because TestProjects.Spector.Tests.Http._Type.Dictionary.DictionaryTests.DatetimeValuePut is currently a stubbed implementation.
DurationValueGet: Test skipped because TestProjects.Spector.Tests.Http._Type.Dictionary.DictionaryTests.DurationValueGet is currently a stubbed implementation.
DurationValuePut: Test skipped because TestProjects.Spector.Tests.Http._Type.Dictionary.DictionaryTests.DurationValuePut is currently a stubbed implementation.
Float32ValueGet: Test skipped because TestProjects.Spector.Tests.Http._Type.Dictionary.DictionaryTests.Float32ValueGet is currently a stubbed implementation.
Float32ValuePut: Test skipped because TestProjects.Spector.Tests.Http._Type.Dictionary.DictionaryTests.Float32ValuePut is currently a stubbed implementation.
Int32ValueGet: Test skipped because TestProjects.Spector.Tests.Http._Type.Dictionary.DictionaryTests.Int32ValueGet is currently a stubbed implementation.
Int32ValuePut: Test skipped because TestProjects.Spector.Tests.Http._Type.Dictionary.DictionaryTests.Int32ValuePut is currently a stubbed implementation.
Test 'BooleanPut' was skipped in the test run.
Test 'DatetimeValueGet' was skipped in the test run.
Test 'DatetimeValuePut' was skipped in the test run.
Test 'DurationValueGet' was skipped in the test run.
Test 'DurationValuePut' was skipped in the test run.
Test 'Float32ValueGet' was skipped in the test run.
Test 'Float32ValuePut' was skipped in the test run.
Test 'Int32ValueGet' was skipped in the test run.
Test 'Int32ValuePut' was skipped in the test run.
Int64ValueGet: Test skipped because TestProjects.Spector.Tests.Http._Type.Dictionary.DictionaryTests.Int64ValueGet is currently a stubbed implementation.
Int64ValuePut: Test skipped because TestProjects.Spector.Tests.Http._Type.Dictionary.DictionaryTests.Int64ValuePut is currently a stubbed implementation.
ModelValueGet: Test skipped because TestProjects.Spector.Tests.Http._Type.Dictionary.DictionaryTests.ModelValueGet is currently a stubbed implementation.
ModelValuePut: Test skipped because TestProjects.Spector.Tests.Http._Type.Dictionary.DictionaryTests.ModelValuePut is currently a stubbed implementation.
NullableFloatValueGet: Test skipped because TestProjects.Spector.Tests.Http._Type.Dictionary.DictionaryTests.NullableFloatValueGet is currently a stubbed implementation.
NullableFloatValuePut: Test skipped because TestProjects.Spector.Tests.Http._Type.Dictionary.DictionaryTests.NullableFloatValuePut is currently a stubbed implementation.
RecursiveModelValueGet: Test skipped because TestProjects.Spector.Tests.Http._Type.Dictionary.DictionaryTests.RecursiveModelValueGet is currently a stubbed implementation.
RecursiveModelValuePut: Test skipped because TestProjects.Spector.Tests.Http._Type.Dictionary.DictionaryTests.RecursiveModelValuePut is currently a stubbed implementation.
StringGet: Test skipped because TestProjects.Spector.Tests.Http._Type.Dictionary.DictionaryTests.StringGet is currently a stubbed implementation.
Test 'Int64ValueGet' was skipped in the test run.
Test 'Int64ValuePut' was skipped in the test run.
Test 'ModelValueGet' was skipped in the test run.
Test 'ModelValuePut' was skipped in the test run.
Test 'NullableFloatValueGet' was skipped in the test run.
Test 'NullableFloatValuePut' was skipped in the test run.
Test 'RecursiveModelValueGet' was skipped in the test run.
Test 'RecursiveModelValuePut' was skipped in the test run.
Test 'StringGet' was skipped in the test run.
StringPut: Test skipped because TestProjects.Spector.Tests.Http._Type.Dictionary.DictionaryTests.StringPut is currently a stubbed implementation.
UnknownValueGet: Test skipped because TestProjects.Spector.Tests.Http._Type.Dictionary.DictionaryTests.UnknownValueGet is currently a stubbed implementation.
UnknownValuePut: Test skipped because TestProjects.Spector.Tests.Http._Type.Dictionary.DictionaryTests.UnknownValuePut is currently a stubbed implementation.
GetEmpty: Test skipped because TestProjects.Spector.Tests.Http._Type.Model.Empty.EmptyTests.GetEmpty is currently a stubbed implementation.
PostRoundTripEmpty: Test skipped because TestProjects.Spector.Tests.Http._Type.Model.Empty.EmptyTests.PostRoundTripEmpty is currently a stubbed implementation.
PutEmpty: Test skipped because TestProjects.Spector.Tests.Http._Type.Model.Empty.EmptyTests.PutEmpty is currently a stubbed implementation.
GetExtensibleEnum: Test skipped because TestProjects.Spector.Tests.Http._Type.Model.Inheritance.EnumDiscriminator.EnumDiscriminatorTests.GetExtensibleEnum is currently a stubbed implementation.
GetExtensibleModelMissingDiscriminator: Test skipped because TestProjects.Spector.Tests.Http._Type.Model.Inheritance.EnumDiscriminator.EnumDiscriminatorTests.GetExtensibleModelMissingDiscriminator is currently a stubbed implementation.
GetExtensibleModelWrongDiscriminator: Test skipped because TestProjects.Spector.Tests.Http._Type.Model.Inheritance.EnumDiscriminator.EnumDiscriminatorTests.GetExtensibleModelWrongDiscriminator is currently a stubbed implementation.
Test 'StringPut' was skipped in the test run.
Test 'UnknownValueGet' was skipped in the test run.
Test 'UnknownValuePut' was skipped in the test run.
Test 'GetEmpty' was skipped in the test run.
Test 'PostRoundTripEmpty' was skipped in the test run.
Test 'PutEmpty' was skipped in the test run.
Test 'GetExtensibleEnum' was skipped in the test run.
Test 'GetExtensibleModelMissingDiscriminator' was skipped in the test run.
Test 'GetExtensibleModelWrongDiscriminator' was skipped in the test run.
GetFixedEnum: Test skipped because TestProjects.Spector.Tests.Http._Type.Model.Inheritance.EnumDiscriminator.EnumDiscriminatorTests.GetFixedEnum is currently a stubbed implementation.
GetFixedModelMissingDiscriminator: Test skipped because TestProjects.Spector.Tests.Http._Type.Model.Inheritance.EnumDiscriminator.EnumDiscriminatorTests.GetFixedModelMissingDiscriminator is currently a stubbed implementation.
GetFixedModelWrongDiscriminator: Test skipped because TestProjects.Spector.Tests.Http._Type.Model.Inheritance.EnumDiscriminator.EnumDiscriminatorTests.GetFixedModelWrongDiscriminator is currently a stubbed implementation.
PutExtensibleEnum: Test skipped because TestProjects.Spector.Tests.Http._Type.Model.Inheritance.EnumDiscriminator.EnumDiscriminatorTests.PutExtensibleEnum is currently a stubbed implementation.
PutFixedEnum: Test skipped because TestProjects.Spector.Tests.Http._Type.Model.Inheritance.EnumDiscriminator.EnumDiscriminatorTests.PutFixedEnum is currently a stubbed implementation.
GetMissingDiscriminator: Test skipped because TestProjects.Spector.Tests.Http._Type.Model.Inheritance.NestedDiscriminator.NestedDiscriminatorTests.GetMissingDiscriminator is currently a stubbed implementation.
GetModel: Test skipped because TestProjects.Spector.Tests.Http._Type.Model.Inheritance.NestedDiscriminator.NestedDiscriminatorTests.GetModel is currently a stubbed implementation.
GetRecursiveModel: Test skipped because TestProjects.Spector.Tests.Http._Type.Model.Inheritance.NestedDiscriminator.NestedDiscriminatorTests.GetRecursiveModel is currently a stubbed implementation.
GetWrongDiscriminator: Test skipped because TestProjects.Spector.Tests.Http._Type.Model.Inheritance.NestedDiscriminator.NestedDiscriminatorTests.GetWrongDiscriminator is currently a stubbed implementation.
Test 'GetFixedEnum' was skipped in the test run.
Test 'GetFixedModelMissingDiscriminator' was skipped in the test run.
Test 'GetFixedModelWrongDiscriminator' was skipped in the test run.
Test 'PutExtensibleEnum' was skipped in the test run.
Test 'PutFixedEnum' was skipped in the test run.
Test 'GetMissingDiscriminator' was skipped in the test run.
Test 'GetModel' was skipped in the test run.
Test 'GetRecursiveModel' was skipped in the test run.
Test 'GetWrongDiscriminator' was skipped in the test run.
PutModel: Test skipped because TestProjects.Spector.Tests.Http._Type.Model.Inheritance.NestedDiscriminator.NestedDiscriminatorTests.PutModel is currently a stubbed implementation.
PutRecursiveModel: Test skipped because TestProjects.Spector.Tests.Http._Type.Model.Inheritance.NestedDiscriminator.NestedDiscriminatorTests.PutRecursiveModel is currently a stubbed implementation.
GetValid: Test skipped because TestProjects.Spector.Tests.Http._Type.Model.Inheritance.NotDiscriminated.NotDiscriminatedTests.GetValid is currently a stubbed implementation.
PostValid: Test skipped because TestProjects.Spector.Tests.Http._Type.Model.Inheritance.NotDiscriminated.NotDiscriminatedTests.PostValid is currently a stubbed implementation.
PutValid: Test skipped because TestProjects.Spector.Tests.Http._Type.Model.Inheritance.NotDiscriminated.NotDiscriminatedTests.PutValid is currently a stubbed implementation.
RecursiveGet: Test skipped because TestProjects.Spector.Tests.Http._Type.Model.Inheritance.Recursive.RecursiveTests.RecursiveGet is currently a stubbed implementation.
RecursivePut: Test skipped because TestProjects.Spector.Tests.Http._Type.Model.Inheritance.Recursive.RecursiveTests.RecursivePut is currently a stubbed implementation.
RoundTripWithJsonInterfaceNonGenericJson: Test skipped because TestProjects.Spector.Tests.Http._Type.Model.Inheritance.SingleDiscriminator.EagleTests.RoundTripWithJsonInterfaceNonGenericJson is currently a stubbed implementation.
RoundTripWithJsonInterfaceNonGenericWire: Test skipped because TestProjects.Spector.Tests.Http._Type.Model.Inheritance.SingleDiscriminator.EagleTests.RoundTripWithJsonInterfaceNonGenericWire is currently a stubbed implementation.
Test 'PutModel' was skipped in the test run.
Test 'PutRecursiveModel' was skipped in the test run.
Test 'GetValid' was skipped in the test run.
Test 'PostValid' was skipped in the test run.
Test 'PutValid' was skipped in the test run.
Test 'RecursiveGet' was skipped in the test run.
Test 'RecursivePut' was skipped in the test run.
Test 'RoundTripWithJsonInterfaceNonGenericJson' was skipped in the test run.
Test 'RoundTripWithJsonInterfaceNonGenericWire' was skipped in the test run.
RoundTripWithJsonInterfaceOfTJson: Test skipped because TestProjects.Spector.Tests.Http._Type.Model.Inheritance.SingleDiscriminator.EagleTests.RoundTripWithJsonInterfaceOfTJson is currently a stubbed implementation.
RoundTripWithJsonInterfaceOfTWire: Test skipped because TestProjects.Spector.Tests.Http._Type.Model.Inheritance.SingleDiscriminator.EagleTests.RoundTripWithJsonInterfaceOfTWire is currently a stubbed implementation.
RoundTripWithJsonInterfaceUtf8ReaderJson: Test skipped because TestProjects.Spector.Tests.Http._Type.Model.Inheritance.SingleDiscriminator.EagleTests.RoundTripWithJsonInterfaceUtf8ReaderJson is currently a stubbed implementation.
RoundTripWithJsonInterfaceUtf8ReaderNonGenericJson: Test skipped because TestProjects.Spector.Tests.Http._Type.Model.Inheritance.SingleDiscriminator.EagleTests.RoundTripWithJsonInterfaceUtf8ReaderNonGenericJson is currently a stubbed implementation.
RoundTripWithJsonInterfaceUtf8ReaderNonGenericWire: Test skipped because TestProjects.Spector.Tests.Http._Type.Model.Inheritance.SingleDiscriminator.EagleTests.RoundTripWithJsonInterfaceUtf8ReaderNonGenericWire is currently a stubbed implementation.
RoundTripWithJsonInterfaceUtf8ReaderWire: Test skipped because TestProjects.Spector.Tests.Http._Type.Model.Inheritance.SingleDiscriminator.EagleTests.RoundTripWithJsonInterfaceUtf8ReaderWire is currently a stubbed implementation.
RoundTripWithModelCast: Test skipped because TestProjects.Spector.Tests.Http._Type.Model.Inheritance.SingleDiscriminator.EagleTests.RoundTripWithModelCast is currently a stubbed implementation.
RoundTripWithModelInterfaceJson: Test skipped because TestProjects.Spector.Tests.Http._Type.Model.Inheritance.SingleDiscriminator.EagleTests.RoundTripWithModelInterfaceJson is currently a stubbed implementation.
RoundTripWithModelInterfaceNonGenericJson: Test skipped because TestProjects.Spector.Tests.Http._Type.Model.Inheritance.SingleDiscriminator.EagleTests.RoundTripWithModelInterfaceNonGenericJson is currently a stubbed implementation.
Test 'RoundTripWithJsonInterfaceOfTJson' was skipped in the test run.
Test 'RoundTripWithJsonInterfaceOfTWire' was skipped in the test run.
Test 'RoundTripWithJsonInterfaceUtf8ReaderJson' was skipped in the test run.
Test 'RoundTripWithJsonInterfaceUtf8ReaderNonGenericJson' was skipped in the test run.
Test 'RoundTripWithJsonInterfaceUtf8ReaderNonGenericWire' was skipped in the test run.
Test 'RoundTripWithJsonInterfaceUtf8ReaderWire' was skipped in the test run.
Test 'RoundTripWithModelCast' was skipped in the test run.
Test 'RoundTripWithModelInterfaceJson' was skipped in the test run.
Test 'RoundTripWithModelInterfaceNonGenericJson' was skipped in the test run.
RoundTripWithModelInterfaceNonGenericWire: Test skipped because TestProjects.Spector.Tests.Http._Type.Model.Inheritance.SingleDiscriminator.EagleTests.RoundTripWithModelInterfaceNonGenericWire is currently a stubbed implementation.
RoundTripWithModelInterfaceWire: Test skipped because TestProjects.Spector.Tests.Http._Type.Model.Inheritance.SingleDiscriminator.EagleTests.RoundTripWithModelInterfaceWire is currently a stubbed implementation.
RoundTripWithModelReaderWriterJson: Test skipped because TestProjects.Spector.Tests.Http._Type.Model.Inheritance.SingleDiscriminator.EagleTests.RoundTripWithModelReaderWriterJson is currently a stubbed implementation.
RoundTripWithModelReaderWriterNonGenericJson: Test skipped because TestProjects.Spector.Tests.Http._Type.Model.Inheritance.SingleDiscriminator.EagleTests.RoundTripWithModelReaderWriterNonGenericJson is currently a stubbed implementation.
RoundTripWithModelReaderWriterNonGenericWire: Test skipped because TestProjects.Spector.Tests.Http._Type.Model.Inheritance.SingleDiscriminator.EagleTests.RoundTripWithModelReaderWriterNonGenericWire is currently a stubbed implementation.
RoundTripWithModelReaderWriterWire: Test skipped because TestProjects.Spector.Tests.Http._Type.Model.Inheritance.SingleDiscriminator.EagleTests.RoundTripWithModelReaderWriterWire is currently a stubbed implementation.
ThrowsIfUnknownFormat: Test skipped because TestProjects.Spector.Tests.Http._Type.Model.Inheritance.SingleDiscriminator.EagleTests.ThrowsIfUnknownFormat is currently a stubbed implementation.
ThrowsIfWireIsNotJson: Test skipped because TestProjects.Spector.Tests.Http._Type.Model.Inheritance.SingleDiscriminator.EagleTests.ThrowsIfWireIsNotJson is currently a stubbed implementation.
GetLegacyModel: Test skipped because TestProjects.Spector.Tests.Http._Type.Model.Inheritance.SingleDiscriminator.SingleDiscriminatorTests.GetLegacyModel is currently a stubbed implementation.
Test 'RoundTripWithModelInterfaceNonGenericWire' was skipped in the test run.
Test 'RoundTripWithModelInterfaceWire' was skipped in the test run.
Test 'RoundTripWithModelReaderWriterJson' was skipped in the test run.
Test 'RoundTripWithModelReaderWriterNonGenericJson' was skipped in the test run.
Test 'RoundTripWithModelReaderWriterNonGenericWire' was skipped in the test run.
Test 'RoundTripWithModelReaderWriterWire' was skipped in the test run.
Test 'ThrowsIfUnknownFormat' was skipped in the test run.
Test 'ThrowsIfWireIsNotJson' was skipped in the test run.
Test 'GetLegacyModel' was skipped in the test run.
GetMissingDiscriminator: Test skipped because TestProjects.Spector.Tests.Http._Type.Model.Inheritance.SingleDiscriminator.SingleDiscriminatorTests.GetMissingDiscriminator is currently a stubbed implementation.
GetModel: Test skipped because TestProjects.Spector.Tests.Http._Type.Model.Inheritance.SingleDiscriminator.SingleDiscriminatorTests.GetModel is currently a stubbed implementation.
GetRecursiveModel: Test skipped because TestProjects.Spector.Tests.Http._Type.Model.Inheritance.SingleDiscriminator.SingleDiscriminatorTests.GetRecursiveModel is currently a stubbed implementation.
GetWrongDiscriminator: Test skipped because TestProjects.Spector.Tests.Http._Type.Model.Inheritance.SingleDiscriminator.SingleDiscriminatorTests.GetWrongDiscriminator is currently a stubbed implementation.
PutModel: Test skipped because TestProjects.Spector.Tests.Http._Type.Model.Inheritance.SingleDiscriminator.SingleDiscriminatorTests.PutModel is currently a stubbed implementation.
PutRecursiveModel: Test skipped because TestProjects.Spector.Tests.Http._Type.Model.Inheritance.SingleDiscriminator.SingleDiscriminatorTests.PutRecursiveModel is currently a stubbed implementation.
Input: Test skipped because TestProjects.Spector.Tests.Http._Type.Model.Usage.UsageTests.Input is currently a stubbed implementation.
InputAndOutput: Test skipped because TestProjects.Spector.Tests.Http._Type.Model.Usage.UsageTests.InputAndOutput is currently a stubbed implementation.
Output: Test skipped because TestProjects.Spector.Tests.Http._Type.Model.Usage.UsageTests.Output is currently a stubbed implementation.
Test 'GetMissingDiscriminator' was skipped in the test run.
Test 'GetModel' was skipped in the test run.
Test 'GetRecursiveModel' was skipped in the test run.
Test 'GetWrongDiscriminator' was skipped in the test run.
Test 'PutModel' was skipped in the test run.
Test 'PutRecursiveModel' was skipped in the test run.
Test 'Input' was skipped in the test run.
Test 'InputAndOutput' was skipped in the test run.
Test 'Output' was skipped in the test run.
Models_ReadOnlyRoundTrip: Test skipped because TestProjects.Spector.Tests.Http._Type.Model.Visibility.TypeModelVisibilityTests.Models_ReadOnlyRoundTrip is currently a stubbed implementation.
ReadOnlyPropertiesAreDeserialized: Test skipped because TestProjects.Spector.Tests.Http._Type.Model.Visibility.TypeModelVisibilityTests.ReadOnlyPropertiesAreDeserialized is currently a stubbed implementation.
ReadOnlyPropertiesAreReadOnly: Test skipped because TestProjects.Spector.Tests.Http._Type.Model.Visibility.TypeModelVisibilityTests.ReadOnlyPropertiesAreReadOnly is currently a stubbed implementation.
RequiredListsAreNotSettable: Test skipped because TestProjects.Spector.Tests.Http._Type.Model.Visibility.TypeModelVisibilityTests.RequiredListsAreNotSettable is currently a stubbed implementation.
ExtendsDifferentSpreadFloatGet: Test skipped because TestProjects.Spector.Tests.Http._Type.Property.AdditionalProperties.AdditionalPropertiesTests.ExtendsDifferentSpreadFloatGet is currently a stubbed implementation.
ExtendsDifferentSpreadFloatPut: Test skipped because TestProjects.Spector.Tests.Http._Type.Property.AdditionalProperties.AdditionalPropertiesTests.ExtendsDifferentSpreadFloatPut is currently a stubbed implementation.
ExtendsDifferentSpreadModelArrayGet: Test skipped because TestProjects.Spector.Tests.Http._Type.Property.AdditionalProperties.AdditionalPropertiesTests.ExtendsDifferentSpreadModelArrayGet is currently a stubbed implementation.
ExtendsDifferentSpreadModelArrayPut: Test skipped because TestProjects.Spector.Tests.Http._Type.Property.AdditionalProperties.AdditionalPropertiesTests.ExtendsDifferentSpreadModelArrayPut is currently a stubbed implementation.
ExtendsDifferentSpreadModelGet: Test skipped because TestProjects.Spector.Tests.Http._Type.Property.AdditionalProperties.AdditionalPropertiesTests.ExtendsDifferentSpreadModelGet is currently a stubbed implementation.
Test 'Models_ReadOnlyRoundTrip' was skipped in the test run.
Test 'ReadOnlyPropertiesAreDeserialized' was skipped in the test run.
Test 'ReadOnlyPropertiesAreReadOnly' was skipped in the test run.
Test 'RequiredListsAreNotSettable' was skipped in the test run.
Test 'ExtendsDifferentSpreadFloatGet' was skipped in the test run.
Test 'ExtendsDifferentSpreadFloatPut' was skipped in the test run.
Test 'ExtendsDifferentSpreadModelArrayGet' was skipped in the test run.
Test 'ExtendsDifferentSpreadModelArrayPut' was skipped in the test run.
Test 'ExtendsDifferentSpreadModelGet' was skipped in the test run.
ExtendsDifferentSpreadModelPut: Test skipped because TestProjects.Spector.Tests.Http._Type.Property.AdditionalProperties.AdditionalPropertiesTests.ExtendsDifferentSpreadModelPut is currently a stubbed implementation.
ExtendsDifferentSpreadStringGet: Test skipped because TestProjects.Spector.Tests.Http._Type.Property.AdditionalProperties.AdditionalPropertiesTests.ExtendsDifferentSpreadStringGet is currently a stubbed implementation.
ExtendsDifferentSpreadStringPut: Test skipped because TestProjects.Spector.Tests.Http._Type.Property.AdditionalProperties.AdditionalPropertiesTests.ExtendsDifferentSpreadStringPut is currently a stubbed implementation.
ExtendsFloatGet: Test skipped because TestProjects.Spector.Tests.Http._Type.Property.AdditionalProperties.AdditionalPropertiesTests.ExtendsFloatGet is currently a stubbed implementation.
ExtendsFloatPut: Test skipped because TestProjects.Spector.Tests.Http._Type.Property.AdditionalProperties.AdditionalPropertiesTests.ExtendsFloatPut is currently a stubbed implementation.
ExtendsModelArrayGet: Test skipped because TestProjects.Spector.Tests.Http._Type.Property.AdditionalProperties.AdditionalPropertiesTests.ExtendsModelArrayGet is currently a stubbed implementation.
ExtendsModelArrayPut: Test skipped because TestProjects.Spector.Tests.Http._Type.Property.AdditionalProperties.AdditionalPropertiesTests.ExtendsModelArrayPut is currently a stubbed implementation.
ExtendsModelGet: Test skipped because TestProjects.Spector.Tests.Http._Type.Property.AdditionalProperties.AdditionalPropertiesTests.ExtendsModelGet is currently a stubbed implementation.
ExtendsModelPut: Test skipped because TestProjects.Spector.Tests.Http._Type.Property.AdditionalProperties.AdditionalPropertiesTests.ExtendsModelPut is currently a stubbed implementation.
Test 'ExtendsDifferentSpreadModelPut' was skipped in the test run.
Test 'ExtendsDifferentSpreadStringGet' was skipped in the test run.
Test 'ExtendsDifferentSpreadStringPut' was skipped in the test run.
Test 'ExtendsFloatGet' was skipped in the test run.
Test 'ExtendsFloatPut' was skipped in the test run.
Test 'ExtendsModelArrayGet' was skipped in the test run.
Test 'ExtendsModelArrayPut' was skipped in the test run.
Test 'ExtendsModelGet' was skipped in the test run.
Test 'ExtendsModelPut' was skipped in the test run.
ExtendsStringGet: Test skipped because TestProjects.Spector.Tests.Http._Type.Property.AdditionalProperties.AdditionalPropertiesTests.ExtendsStringGet is currently a stubbed implementation.
ExtendsStringPut: Test skipped because TestProjects.Spector.Tests.Http._Type.Property.AdditionalProperties.AdditionalPropertiesTests.ExtendsStringPut is currently a stubbed implementation.
ExtendsUnknownDerivedGet: Test skipped because TestProjects.Spector.Tests.Http._Type.Property.AdditionalProperties.AdditionalPropertiesTests.ExtendsUnknownDerivedGet is currently a stubbed implementation.
ExtendsUnknownDerivedPut: Test skipped because TestProjects.Spector.Tests.Http._Type.Property.AdditionalProperties.AdditionalPropertiesTests.ExtendsUnknownDerivedPut is currently a stubbed implementation.
ExtendsUnknownDiscriminatedGet: Test skipped because TestProjects.Spector.Tests.Http._Type.Property.AdditionalProperties.AdditionalPropertiesTests.ExtendsUnknownDiscriminatedGet is currently a stubbed implementation.
ExtendsUnknownDiscriminatedPut: Test skipped because TestProjects.Spector.Tests.Http._Type.Property.AdditionalProperties.AdditionalPropertiesTests.ExtendsUnknownDiscriminatedPut is currently a stubbed implementation.
ExtendsUnknownGet: Test skipped because TestProjects.Spector.Tests.Http._Type.Property.AdditionalProperties.AdditionalPropertiesTests.ExtendsUnknownGet is currently a stubbed implementation.
ExtendsUnknownPut: Test skipped because TestProjects.Spector.Tests.Http._Type.Property.AdditionalProperties.AdditionalPropertiesTests.ExtendsUnknownPut is currently a stubbed implementation.
IsFloatGet: Test skipped because TestProjects.Spector.Tests.Http._Type.Property.AdditionalProperties.AdditionalPropertiesTests.IsFloatGet is currently a stubbed implementation.
Test 'ExtendsStringGet' was skipped in the test run.
Test 'ExtendsStringPut' was skipped in the test run.
Test 'ExtendsUnknownDerivedGet' was skipped in the test run.
Test 'ExtendsUnknownDerivedPut' was skipped in the test run.
Test 'ExtendsUnknownDiscriminatedGet' was skipped in the test run.
Test 'ExtendsUnknownDiscriminatedPut' was skipped in the test run.
Test 'ExtendsUnknownGet' was skipped in the test run.
Test 'ExtendsUnknownPut' was skipped in the test run.
Test 'IsFloatGet' was skipped in the test run.
IsFloatPut: Test skipped because TestProjects.Spector.Tests.Http._Type.Property.AdditionalProperties.AdditionalPropertiesTests.IsFloatPut is currently a stubbed implementation.
IsModelArrayGet: Test skipped because TestProjects.Spector.Tests.Http._Type.Property.AdditionalProperties.AdditionalPropertiesTests.IsModelArrayGet is currently a stubbed implementation.
IsModelArrayPut: Test skipped because TestProjects.Spector.Tests.Http._Type.Property.AdditionalProperties.AdditionalPropertiesTests.IsModelArrayPut is currently a stubbed implementation.
IsModelGet: Test skipped because TestProjects.Spector.Tests.Http._Type.Property.AdditionalProperties.AdditionalPropertiesTests.IsModelGet is currently a stubbed implementation.
IsModelPut: Test skipped because TestProjects.Spector.Tests.Http._Type.Property.AdditionalProperties.AdditionalPropertiesTests.IsModelPut is currently a stubbed implementation.
IsStringGet: Test skipped because TestProjects.Spector.Tests.Http._Type.Property.AdditionalProperties.AdditionalPropertiesTests.IsStringGet is currently a stubbed implementation.
IsStringPut: Test skipped because TestProjects.Spector.Tests.Http._Type.Property.AdditionalProperties.AdditionalPropertiesTests.IsStringPut is currently a stubbed implementation.
IsUnknownDerivedGet: Test skipped because TestProjects.Spector.Tests.Http._Type.Property.AdditionalProperties.AdditionalPropertiesTests.IsUnknownDerivedGet is currently a stubbed implementation.
IsUnknownDerivedPut: Test skipped because TestProjects.Spector.Tests.Http._Type.Property.AdditionalProperties.AdditionalPropertiesTests.IsUnknownDerivedPut is currently a stubbed implementation.
Test 'IsFloatPut' was skipped in the test run.
Test 'IsModelArrayGet' was skipped in the test run.
Test 'IsModelArrayPut' was skipped in the test run.
Test 'IsModelGet' was skipped in the test run.
Test 'IsModelPut' was skipped in the test run.
Test 'IsStringGet' was skipped in the test run.
Test 'IsStringPut' was skipped in the test run.
Test 'IsUnknownDerivedGet' was skipped in the test run.
Test 'IsUnknownDerivedPut' was skipped in the test run.
IsUnknownDiscriminatedGet: Test skipped because TestProjects.Spector.Tests.Http._Type.Property.AdditionalProperties.AdditionalPropertiesTests.IsUnknownDiscriminatedGet is currently a stubbed implementation.
IsUnknownDiscriminatedPut: Test skipped because TestProjects.Spector.Tests.Http._Type.Property.AdditionalProperties.AdditionalPropertiesTests.IsUnknownDiscriminatedPut is currently a stubbed implementation.
IsUnknownGet: Test skipped because TestProjects.Spector.Tests.Http._Type.Property.AdditionalProperties.AdditionalPropertiesTests.IsUnknownGet is currently a stubbed implementation.
IsUnknownPut: Test skipped because TestProjects.Spector.Tests.Http._Type.Property.AdditionalProperties.AdditionalPropertiesTests.IsUnknownPut is currently a stubbed implementation.
MultipleSpreadGet: Test skipped because TestProjects.Spector.Tests.Http._Type.Property.AdditionalProperties.AdditionalPropertiesTests.MultipleSpreadGet is currently a stubbed implementation.
MultipleSpreadPut: Test skipped because TestProjects.Spector.Tests.Http._Type.Property.AdditionalProperties.AdditionalPropertiesTests.MultipleSpreadPut is currently a stubbed implementation.
SpreadDifferentFloatGet: Test skipped because TestProjects.Spector.Tests.Http._Type.Property.AdditionalProperties.AdditionalPropertiesTests.SpreadDifferentFloatGet is currently a stubbed implementation.
SpreadDifferentFloatPut: Test skipped because TestProjects.Spector.Tests.Http._Type.Property.AdditionalProperties.AdditionalPropertiesTests.SpreadDifferentFloatPut is currently a stubbed implementation.
SpreadDifferentModelArrayGet: Test skipped because TestProjects.Spector.Tests.Http._Type.Property.AdditionalProperties.AdditionalPropertiesTests.SpreadDifferentModelArrayGet is currently a stubbed implementation.
Test 'IsUnknownDiscriminatedGet' was skipped in the test run.
Test 'IsUnknownDiscriminatedPut' was skipped in the test run.
Test 'IsUnknownGet' was skipped in the test run.
Test 'IsUnknownPut' was skipped in the test run.
Test 'MultipleSpreadGet' was skipped in the test run.
Test 'MultipleSpreadPut' was skipped in the test run.
Test 'SpreadDifferentFloatGet' was skipped in the test run.
Test 'SpreadDifferentFloatPut' was skipped in the test run.
Test 'SpreadDifferentModelArrayGet' was skipped in the test run.
SpreadDifferentModelArrayPut: Test skipped because TestProjects.Spector.Tests.Http._Type.Property.AdditionalProperties.AdditionalPropertiesTests.SpreadDifferentModelArrayPut is currently a stubbed implementation.
SpreadDifferentModelGet: Test skipped because TestProjects.Spector.Tests.Http._Type.Property.AdditionalProperties.AdditionalPropertiesTests.SpreadDifferentModelGet is currently a stubbed implementation.
SpreadDifferentModelPut: Test skipped because TestProjects.Spector.Tests.Http._Type.Property.AdditionalProperties.AdditionalPropertiesTests.SpreadDifferentModelPut is currently a stubbed implementation.
SpreadDifferentStringGet: Test skipped because TestProjects.Spector.Tests.Http._Type.Property.AdditionalProperties.AdditionalPropertiesTests.SpreadDifferentStringGet is currently a stubbed implementation.
SpreadDifferentStringPut: Test skipped because TestProjects.Spector.Tests.Http._Type.Property.AdditionalProperties.AdditionalPropertiesTests.SpreadDifferentStringPut is currently a stubbed implementation.
SpreadFloatGet: Test skipped because TestProjects.Spector.Tests.Http._Type.Property.AdditionalProperties.AdditionalPropertiesTests.SpreadFloatGet is currently a stubbed implementation.
SpreadFloatPut: Test skipped because TestProjects.Spector.Tests.Http._Type.Property.AdditionalProperties.AdditionalPropertiesTests.SpreadFloatPut is currently a stubbed implementation.
SpreadModelArrayGet: Test skipped because TestProjects.Spector.Tests.Http._Type.Property.AdditionalProperties.AdditionalPropertiesTests.SpreadModelArrayGet is currently a stubbed implementation.
SpreadModelArrayPut: Test skipped because TestProjects.Spector.Tests.Http._Type.Property.AdditionalProperties.AdditionalPropertiesTests.SpreadModelArrayPut is currently a stubbed implementation.
Test 'SpreadDifferentModelArrayPut' was skipped in the test run.
Test 'SpreadDifferentModelGet' was skipped in the test run.
Test 'SpreadDifferentModelPut' was skipped in the test run.
Test 'SpreadDifferentStringGet' was skipped in the test run.
Test 'SpreadDifferentStringPut' was skipped in the test run.
Test 'SpreadFloatGet' was skipped in the test run.
Test 'SpreadFloatPut' was skipped in the test run.
Test 'SpreadModelArrayGet' was skipped in the test run.
Test 'SpreadModelArrayPut' was skipped in the test run.
SpreadModelGet: Test skipped because TestProjects.Spector.Tests.Http._Type.Property.AdditionalProperties.AdditionalPropertiesTests.SpreadModelGet is currently a stubbed implementation.
SpreadModelPut: Test skipped because TestProjects.Spector.Tests.Http._Type.Property.AdditionalProperties.AdditionalPropertiesTests.SpreadModelPut is currently a stubbed implementation.
SpreadRecordNonDiscriminatedUnion2Get: Test skipped because TestProjects.Spector.Tests.Http._Type.Property.AdditionalProperties.AdditionalPropertiesTests.SpreadRecordNonDiscriminatedUnion2Get is currently a stubbed implementation.
SpreadRecordNonDiscriminatedUnion2Put: Test skipped because TestProjects.Spector.Tests.Http._Type.Property.AdditionalProperties.AdditionalPropertiesTests.SpreadRecordNonDiscriminatedUnion2Put is currently a stubbed implementation.
SpreadRecordNonDiscriminatedUnionGet: Test skipped because TestProjects.Spector.Tests.Http._Type.Property.AdditionalProperties.AdditionalPropertiesTests.SpreadRecordNonDiscriminatedUnionGet is currently a stubbed implementation.
SpreadRecordNonDiscriminatedUnionPut: Test skipped because TestProjects.Spector.Tests.Http._Type.Property.AdditionalProperties.AdditionalPropertiesTests.SpreadRecordNonDiscriminatedUnionPut is currently a stubbed implementation.
SpreadRecordUnionGet: Test skipped because TestProjects.Spector.Tests.Http._Type.Property.AdditionalProperties.AdditionalPropertiesTests.SpreadRecordUnionGet is currently a stubbed implementation.
SpreadRecordUnionPut: Test skipped because TestProjects.Spector.Tests.Http._Type.Property.AdditionalProperties.AdditionalPropertiesTests.SpreadRecordUnionPut is currently a stubbed implementation.
SpreadStringGet: Test skipped because TestProjects.Spector.Tests.Http._Type.Property.AdditionalProperties.AdditionalPropertiesTests.SpreadStringGet is currently a stubbed implementation.
Test 'SpreadModelGet' was skipped in the test run.
Test 'SpreadModelPut' was skipped in the test run.
Test 'SpreadRecordNonDiscriminatedUnion2Get' was skipped in the test run.
Test 'SpreadRecordNonDiscriminatedUnion2Put' was skipped in the test run.
Test 'SpreadRecordNonDiscriminatedUnionGet' was skipped in the test run.
Test 'SpreadRecordNonDiscriminatedUnionPut' was skipped in the test run.
Test 'SpreadRecordUnionGet' was skipped in the test run.
Test 'SpreadRecordUnionPut' was skipped in the test run.
Test 'SpreadStringGet' was skipped in the test run.
SpreadStringPut: Test skipped because TestProjects.Spector.Tests.Http._Type.Property.AdditionalProperties.AdditionalPropertiesTests.SpreadStringPut is currently a stubbed implementation.
RoundTripWithJsonInterfaceNonGenericJson: Test skipped because TestProjects.Spector.Tests.Http._Type.Property.AdditionalProperties.DifferentSpreadStringDerivedTests.RoundTripWithJsonInterfaceNonGenericJson is currently a stubbed implementation.
RoundTripWithJsonInterfaceNonGenericWire: Test skipped because TestProjects.Spector.Tests.Http._Type.Property.AdditionalProperties.DifferentSpreadStringDerivedTests.RoundTripWithJsonInterfaceNonGenericWire is currently a stubbed implementation.
RoundTripWithJsonInterfaceOfTJson: Test skipped because TestProjects.Spector.Tests.Http._Type.Property.AdditionalProperties.DifferentSpreadStringDerivedTests.RoundTripWithJsonInterfaceOfTJson is currently a stubbed implementation.
RoundTripWithJsonInterfaceOfTWire: Test skipped because TestProjects.Spector.Tests.Http._Type.Property.AdditionalProperties.DifferentSpreadStringDerivedTests.RoundTripWithJsonInterfaceOfTWire is currently a stubbed implementation.
RoundTripWithJsonInterfaceUtf8ReaderJson: Test skipped because TestProjects.Spector.Tests.Http._Type.Property.AdditionalProperties.DifferentSpreadStringDerivedTests.RoundTripWithJsonInterfaceUtf8ReaderJson is currently a stubbed implementation.
RoundTripWithJsonInterfaceUtf8ReaderNonGenericJson: Test skipped because TestProjects.Spector.Tests.Http._Type.Property.AdditionalProperties.DifferentSpreadStringDerivedTests.RoundTripWithJsonInterfaceUtf8ReaderNonGenericJson is currently a stubbed implementation.
RoundTripWithJsonInterfaceUtf8ReaderNonGenericWire: Test skipped because TestProjects.Spector.Tests.Http._Type.Property.AdditionalProperties.DifferentSpreadStringDerivedTests.RoundTripWithJsonInterfaceUtf8ReaderNonGenericWire is currently a stubbed implementation.
RoundTripWithJsonInterfaceUtf8ReaderWire: Test skipped because TestProjects.Spector.Tests.Http._Type.Property.AdditionalProperties.DifferentSpreadStringDerivedTests.RoundTripWithJsonInterfaceUtf8ReaderWire is currently a stubbed implementation.
Test 'SpreadStringPut' was skipped in the test run.
Test 'RoundTripWithJsonInterfaceNonGenericJson' was skipped in the test run.
Test 'RoundTripWithJsonInterfaceNonGenericWire' was skipped in the test run.
Test 'RoundTripWithJsonInterfaceOfTJson' was skipped in the test run.
Test 'RoundTripWithJsonInterfaceOfTWire' was skipped in the test run.
Test 'RoundTripWithJsonInterfaceUtf8ReaderJson' was skipped in the test run.
Test 'RoundTripWithJsonInterfaceUtf8ReaderNonGenericJson' was skipped in the test run.
Test 'RoundTripWithJsonInterfaceUtf8ReaderNonGenericWire' was skipped in the test run.
Test 'RoundTripWithJsonInterfaceUtf8ReaderWire' was skipped in the test run.
RoundTripWithModelCast: Test skipped because TestProjects.Spector.Tests.Http._Type.Property.AdditionalProperties.DifferentSpreadStringDerivedTests.RoundTripWithModelCast is currently a stubbed implementation.
RoundTripWithModelInterfaceJson: Test skipped because TestProjects.Spector.Tests.Http._Type.Property.AdditionalProperties.DifferentSpreadStringDerivedTests.RoundTripWithModelInterfaceJson is currently a stubbed implementation.
RoundTripWithModelInterfaceNonGenericJson: Test skipped because TestProjects.Spector.Tests.Http._Type.Property.AdditionalProperties.DifferentSpreadStringDerivedTests.RoundTripWithModelInterfaceNonGenericJson is currently a stubbed implementation.
RoundTripWithModelInterfaceNonGenericWire: Test skipped because TestProjects.Spector.Tests.Http._Type.Property.AdditionalProperties.DifferentSpreadStringDerivedTests.RoundTripWithModelInterfaceNonGenericWire is currently a stubbed implementation.
RoundTripWithModelInterfaceWire: Test skipped because TestProjects.Spector.Tests.Http._Type.Property.AdditionalProperties.DifferentSpreadStringDerivedTests.RoundTripWithModelInterfaceWire is currently a stubbed implementation.
RoundTripWithModelReaderWriterJson: Test skipped because TestProjects.Spector.Tests.Http._Type.Property.AdditionalProperties.DifferentSpreadStringDerivedTests.RoundTripWithModelReaderWriterJson is currently a stubbed implementation.
RoundTripWithModelReaderWriterNonGenericJson: Test skipped because TestProjects.Spector.Tests.Http._Type.Property.AdditionalProperties.DifferentSpreadStringDerivedTests.RoundTripWithModelReaderWriterNonGenericJson is currently a stubbed implementation.
RoundTripWithModelReaderWriterNonGenericWire: Test skipped because TestProjects.Spector.Tests.Http._Type.Property.AdditionalProperties.DifferentSpreadStringDerivedTests.RoundTripWithModelReaderWriterNonGenericWire is currently a stubbed implementation.
RoundTripWithModelReaderWriterWire: Test skipped because TestProjects.Spector.Tests.Http._Type.Property.AdditionalProperties.DifferentSpreadStringDerivedTests.RoundTripWithModelReaderWriterWire is currently a stubbed implementation.
Test 'RoundTripWithModelCast' was skipped in the test run.
Test 'RoundTripWithModelInterfaceJson' was skipped in the test run.
Test 'RoundTripWithModelInterfaceNonGenericJson' was skipped in the test run.
Test 'RoundTripWithModelInterfaceNonGenericWire' was skipped in the test run.
Test 'RoundTripWithModelInterfaceWire' was skipped in the test run.
Test 'RoundTripWithModelReaderWriterJson' was skipped in the test run.
Test 'RoundTripWithModelReaderWriterNonGenericJson' was skipped in the test run.
Test 'RoundTripWithModelReaderWriterNonGenericWire' was skipped in the test run.
Test 'RoundTripWithModelReaderWriterWire' was skipped in the test run.
ThrowsIfUnknownFormat: Test skipped because TestProjects.Spector.Tests.Http._Type.Property.AdditionalProperties.DifferentSpreadStringDerivedTests.ThrowsIfUnknownFormat is currently a stubbed implementation.
ThrowsIfWireIsNotJson: Test skipped because TestProjects.Spector.Tests.Http._Type.Property.AdditionalProperties.DifferentSpreadStringDerivedTests.ThrowsIfWireIsNotJson is currently a stubbed implementation.
RoundTripWithJsonInterfaceNonGenericJson: Test skipped because TestProjects.Spector.Tests.Http._Type.Property.AdditionalProperties.MultipleSpreadRecordTests.RoundTripWithJsonInterfaceNonGenericJson is currently a stubbed implementation.
RoundTripWithJsonInterfaceNonGenericWire: Test skipped because TestProjects.Spector.Tests.Http._Type.Property.AdditionalProperties.MultipleSpreadRecordTests.RoundTripWithJsonInterfaceNonGenericWire is currently a stubbed implementation.
RoundTripWithJsonInterfaceOfTJson: Test skipped because TestProjects.Spector.Tests.Http._Type.Property.AdditionalProperties.MultipleSpreadRecordTests.RoundTripWithJsonInterfaceOfTJson is currently a stubbed implementation.
RoundTripWithJsonInterfaceOfTWire: Test skipped because TestProjects.Spector.Tests.Http._Type.Property.AdditionalProperties.MultipleSpreadRecordTests.RoundTripWithJsonInterfaceOfTWire is currently a stubbed implementation.
RoundTripWithJsonInterfaceUtf8ReaderJson: Test skipped because TestProjects.Spector.Tests.Http._Type.Property.AdditionalProperties.MultipleSpreadRecordTests.RoundTripWithJsonInterfaceUtf8ReaderJson is currently a stubbed implementation.
RoundTripWithJsonInterfaceUtf8ReaderNonGenericJson: Test skipped because TestProjects.Spector.Tests.Http._Type.Property.AdditionalProperties.MultipleSpreadRecordTests.RoundTripWithJsonInterfaceUtf8ReaderNonGenericJson is currently a stubbed implementation.
RoundTripWithJsonInterfaceUtf8ReaderNonGenericWire: Test skipped because TestProjects.Spector.Tests.Http._Type.Property.AdditionalProperties.MultipleSpreadRecordTests.RoundTripWithJsonInterfaceUtf8ReaderNonGenericWire is currently a stubbed implementation.
Test 'ThrowsIfUnknownFormat' was skipped in the test run.
Test 'ThrowsIfWireIsNotJson' was skipped in the test run.
Test 'RoundTripWithJsonInterfaceNonGenericJson' was skipped in the test run.
Test 'RoundTripWithJsonInterfaceNonGenericWire' was skipped in the test run.
Test 'RoundTripWithJsonInterfaceOfTJson' was skipped in the test run.
Test 'RoundTripWithJsonInterfaceOfTWire' was skipped in the test run.
Test 'RoundTripWithJsonInterfaceUtf8ReaderJson' was skipped in the test run.
Test 'RoundTripWithJsonInterfaceUtf8ReaderNonGenericJson' was skipped in the test run.
Test 'RoundTripWithJsonInterfaceUtf8ReaderNonGenericWire' was skipped in the test run.
RoundTripWithJsonInterfaceUtf8ReaderWire: Test skipped because TestProjects.Spector.Tests.Http._Type.Property.AdditionalProperties.MultipleSpreadRecordTests.RoundTripWithJsonInterfaceUtf8ReaderWire is currently a stubbed implementation.
RoundTripWithModelCast: Test skipped because TestProjects.Spector.Tests.Http._Type.Property.AdditionalProperties.MultipleSpreadRecordTests.RoundTripWithModelCast is currently a stubbed implementation.
RoundTripWithModelInterfaceJson: Test skipped because TestProjects.Spector.Tests.Http._Type.Property.AdditionalProperties.MultipleSpreadRecordTests.RoundTripWithModelInterfaceJson is currently a stubbed implementation.
RoundTripWithModelInterfaceNonGenericJson: Test skipped because TestProjects.Spector.Tests.Http._Type.Property.AdditionalProperties.MultipleSpreadRecordTests.RoundTripWithModelInterfaceNonGenericJson is currently a stubbed implementation.
RoundTripWithModelInterfaceNonGenericWire: Test skipped because TestProjects.Spector.Tests.Http._Type.Property.AdditionalProperties.MultipleSpreadRecordTests.RoundTripWithModelInterfaceNonGenericWire is currently a stubbed implementation.
RoundTripWithModelInterfaceWire: Test skipped because TestProjects.Spector.Tests.Http._Type.Property.AdditionalProperties.MultipleSpreadRecordTests.RoundTripWithModelInterfaceWire is currently a stubbed implementation.
RoundTripWithModelReaderWriterJson: Test skipped because TestProjects.Spector.Tests.Http._Type.Property.AdditionalProperties.MultipleSpreadRecordTests.RoundTripWithModelReaderWriterJson is currently a stubbed implementation.
RoundTripWithModelReaderWriterNonGenericJson: Test skipped because TestProjects.Spector.Tests.Http._Type.Property.AdditionalProperties.MultipleSpreadRecordTests.RoundTripWithModelReaderWriterNonGenericJson is currently a stubbed implementation.
RoundTripWithModelReaderWriterNonGenericWire: Test skipped because TestProjects.Spector.Tests.Http._Type.Property.AdditionalProperties.MultipleSpreadRecordTests.RoundTripWithModelReaderWriterNonGenericWire is currently a stubbed implementation.
Test 'RoundTripWithJsonInterfaceUtf8ReaderWire' was skipped in the test run.
Test 'RoundTripWithModelCast' was skipped in the test run.
Test 'RoundTripWithModelInterfaceJson' was skipped in the test run.
Test 'RoundTripWithModelInterfaceNonGenericJson' was skipped in the test run.
Test 'RoundTripWithModelInterfaceNonGenericWire' was skipped in the test run.
Test 'RoundTripWithModelInterfaceWire' was skipped in the test run.
Test 'RoundTripWithModelReaderWriterJson' was skipped in the test run.
Test 'RoundTripWithModelReaderWriterNonGenericJson' was skipped in the test run.
Test 'RoundTripWithModelReaderWriterNonGenericWire' was skipped in the test run.
RoundTripWithModelReaderWriterWire: Test skipped because TestProjects.Spector.Tests.Http._Type.Property.AdditionalProperties.MultipleSpreadRecordTests.RoundTripWithModelReaderWriterWire is currently a stubbed implementation.
ThrowsIfUnknownFormat: Test skipped because TestProjects.Spector.Tests.Http._Type.Property.AdditionalProperties.MultipleSpreadRecordTests.ThrowsIfUnknownFormat is currently a stubbed implementation.
ThrowsIfWireIsNotJson: Test skipped because TestProjects.Spector.Tests.Http._Type.Property.AdditionalProperties.MultipleSpreadRecordTests.ThrowsIfWireIsNotJson is currently a stubbed implementation.
BytesGetNonNull: Test skipped because TestProjects.Spector.Tests.Http._Type.Property.Nullable.NullableTests.BytesGetNonNull is currently a stubbed implementation.
BytesGetNull: Test skipped because TestProjects.Spector.Tests.Http._Type.Property.Nullable.NullableTests.BytesGetNull is currently a stubbed implementation.
BytesPatchNonNull: Test skipped because TestProjects.Spector.Tests.Http._Type.Property.Nullable.NullableTests.BytesPatchNonNull is currently a stubbed implementation.
BytesPatchNull: Test skipped because TestProjects.Spector.Tests.Http._Type.Property.Nullable.NullableTests.BytesPatchNull is currently a stubbed implementation.
CollectionsByteGetNonNull: Test skipped because TestProjects.Spector.Tests.Http._Type.Property.Nullable.NullableTests.CollectionsByteGetNonNull is currently a stubbed implementation.
CollectionsByteGetNull: Test skipped because TestProjects.Spector.Tests.Http._Type.Property.Nullable.NullableTests.CollectionsByteGetNull is currently a stubbed implementation.
Test 'RoundTripWithModelReaderWriterWire' was skipped in the test run.
Test 'ThrowsIfUnknownFormat' was skipped in the test run.
Test 'ThrowsIfWireIsNotJson' was skipped in the test run.
Test 'BytesGetNonNull' was skipped in the test run.
Test 'BytesGetNull' was skipped in the test run.
Test 'BytesPatchNonNull' was skipped in the test run.
Test 'BytesPatchNull' was skipped in the test run.
Test 'CollectionsByteGetNonNull' was skipped in the test run.
Test 'CollectionsByteGetNull' was skipped in the test run.
CollectionsBytePatchNonNull: Test skipped because TestProjects.Spector.Tests.Http._Type.Property.Nullable.NullableTests.CollectionsBytePatchNonNull is currently a stubbed implementation.
CollectionsBytePatchNull: Test skipped because TestProjects.Spector.Tests.Http._Type.Property.Nullable.NullableTests.CollectionsBytePatchNull is currently a stubbed implementation.
CollectionsModelGetNonNull: Test skipped because TestProjects.Spector.Tests.Http._Type.Property.Nullable.NullableTests.CollectionsModelGetNonNull is currently a stubbed implementation.
CollectionsModelGetNull: Test skipped because TestProjects.Spector.Tests.Http._Type.Property.Nullable.NullableTests.CollectionsModelGetNull is currently a stubbed implementation.
CollectionsModelPatchNonNull: Test skipped because TestProjects.Spector.Tests.Http._Type.Property.Nullable.NullableTests.CollectionsModelPatchNonNull is currently a stubbed implementation.
CollectionsModelPatchNull: Test skipped because TestProjects.Spector.Tests.Http._Type.Property.Nullable.NullableTests.CollectionsModelPatchNull is currently a stubbed implementation.
CollectionsStringGetNonNull: Test skipped because TestProjects.Spector.Tests.Http._Type.Property.Nullable.NullableTests.CollectionsStringGetNonNull is currently a stubbed implementation.
CollectionsStringGetNull: Test skipped because TestProjects.Spector.Tests.Http._Type.Property.Nullable.NullableTests.CollectionsStringGetNull is currently a stubbed implementation.
CollectionsStringPatchNonNull: Test skipped because TestProjects.Spector.Tests.Http._Type.Property.Nullable.NullableTests.CollectionsStringPatchNonNull is currently a stubbed implementation.
Test 'CollectionsBytePatchNonNull' was skipped in the test run.
Test 'CollectionsBytePatchNull' was skipped in the test run.
Test 'CollectionsModelGetNonNull' was skipped in the test run.
Test 'CollectionsModelGetNull' was skipped in the test run.
Test 'CollectionsModelPatchNonNull' was skipped in the test run.
Test 'CollectionsModelPatchNull' was skipped in the test run.
Test 'CollectionsStringGetNonNull' was skipped in the test run.
Test 'CollectionsStringGetNull' was skipped in the test run.
Test 'CollectionsStringPatchNonNull' was skipped in the test run.
CollectionsStringPatchNull: Test skipped because TestProjects.Spector.Tests.Http._Type.Property.Nullable.NullableTests.CollectionsStringPatchNull is currently a stubbed implementation.
Datetime_patchNull: Test skipped because TestProjects.Spector.Tests.Http._Type.Property.Nullable.NullableTests.Datetime_patchNull is currently a stubbed implementation.
DatetimeGetNull: Test skipped because TestProjects.Spector.Tests.Http._Type.Property.Nullable.NullableTests.DatetimeGetNull is currently a stubbed implementation.
DatetimePatchNonNull: Test skipped because TestProjects.Spector.Tests.Http._Type.Property.Nullable.NullableTests.DatetimePatchNonNull is currently a stubbed implementation.
DatetimeTetNonNull: Test skipped because TestProjects.Spector.Tests.Http._Type.Property.Nullable.NullableTests.DatetimeTetNonNull is currently a stubbed implementation.
DurationGetNonNull: Test skipped because TestProjects.Spector.Tests.Http._Type.Property.Nullable.NullableTests.DurationGetNonNull is currently a stubbed implementation.
DurationPatchNonNull: Test skipped because TestProjects.Spector.Tests.Http._Type.Property.Nullable.NullableTests.DurationPatchNonNull is currently a stubbed implementation.
DurationPatchNull: Test skipped because TestProjects.Spector.Tests.Http._Type.Property.Nullable.NullableTests.DurationPatchNull is currently a stubbed implementation.
StringGetNonNull: Test skipped because TestProjects.Spector.Tests.Http._Type.Property.Nullable.NullableTests.StringGetNonNull is currently a stubbed implementation.
Test 'CollectionsStringPatchNull' was skipped in the test run.
Test 'Datetime_patchNull' was skipped in the test run.
Test 'DatetimeGetNull' was skipped in the test run.
Test 'DatetimePatchNonNull' was skipped in the test run.
Test 'DatetimeTetNonNull' was skipped in the test run.
Test 'DurationGetNonNull' was skipped in the test run.
Test 'DurationPatchNonNull' was skipped in the test run.
Test 'DurationPatchNull' was skipped in the test run.
Test 'StringGetNonNull' was skipped in the test run.
StringGetNull: Test skipped because TestProjects.Spector.Tests.Http._Type.Property.Nullable.NullableTests.StringGetNull is currently a stubbed implementation.
StringPatchNonNull: Test skipped because TestProjects.Spector.Tests.Http._Type.Property.Nullable.NullableTests.StringPatchNonNull is currently a stubbed implementation.
StringPatchNull: Test skipped because TestProjects.Spector.Tests.Http._Type.Property.Nullable.NullableTests.StringPatchNull is currently a stubbed implementation.
Type_Property_Nullable_Duration_getNull: Test skipped because TestProjects.Spector.Tests.Http._Type.Property.Nullable.NullableTests.Type_Property_Nullable_Duration_getNull is currently a stubbed implementation.
BooleanLiteralGetAll: Test skipped because TestProjects.Spector.Tests.Http._Type.Property.Optionality.OptionalityTests.BooleanLiteralGetAll is currently a stubbed implementation.
BooleanLiteralGetDefault: Test skipped because TestProjects.Spector.Tests.Http._Type.Property.Optionality.OptionalityTests.BooleanLiteralGetDefault is currently a stubbed implementation.
BooleanLiteralPutAll: Test skipped because TestProjects.Spector.Tests.Http._Type.Property.Optionality.OptionalityTests.BooleanLiteralPutAll is currently a stubbed implementation.
BooleanLiteralPutDefault: Test skipped because TestProjects.Spector.Tests.Http._Type.Property.Optionality.OptionalityTests.BooleanLiteralPutDefault is currently a stubbed implementation.
BytesGetAll: Test skipped because TestProjects.Spector.Tests.Http._Type.Property.Optionality.OptionalityTests.BytesGetAll is currently a stubbed implementation.
Test 'StringGetNull' was skipped in the test run.
Test 'StringPatchNonNull' was skipped in the test run.
Test 'StringPatchNull' was skipped in the test run.
Test 'Type_Property_Nullable_Duration_getNull' was skipped in the test run.
Test 'BooleanLiteralGetAll' was skipped in the test run.
Test 'BooleanLiteralGetDefault' was skipped in the test run.
Test 'BooleanLiteralPutAll' was skipped in the test run.
Test 'BooleanLiteralPutDefault' was skipped in the test run.
Test 'BytesGetAll' was skipped in the test run.
BytesGetDefault: Test skipped because TestProjects.Spector.Tests.Http._Type.Property.Optionality.OptionalityTests.BytesGetDefault is currently a stubbed implementation.
BytesPutAll: Test skipped because TestProjects.Spector.Tests.Http._Type.Property.Optionality.OptionalityTests.BytesPutAll is currently a stubbed implementation.
BytesPutDefault: Test skipped because TestProjects.Spector.Tests.Http._Type.Property.Optionality.OptionalityTests.BytesPutDefault is currently a stubbed implementation.
CollectionsByteGetAll: Test skipped because TestProjects.Spector.Tests.Http._Type.Property.Optionality.OptionalityTests.CollectionsByteGetAll is currently a stubbed implementation.
CollectionsByteGetDefault: Test skipped because TestProjects.Spector.Tests.Http._Type.Property.Optionality.OptionalityTests.CollectionsByteGetDefault is currently a stubbed implementation.
CollectionsBytePutAll: Test skipped because TestProjects.Spector.Tests.Http._Type.Property.Optionality.OptionalityTests.CollectionsBytePutAll is currently a stubbed implementation.
CollectionsBytePutDefault: Test skipped because TestProjects.Spector.Tests.Http._Type.Property.Optionality.OptionalityTests.CollectionsBytePutDefault is currently a stubbed implementation.
CollectionsModelGetAll: Test skipped because TestProjects.Spector.Tests.Http._Type.Property.Optionality.OptionalityTests.CollectionsModelGetAll is currently a stubbed implementation.
CollectionsModelGetDefault: Test skipped because TestProjects.Spector.Tests.Http._Type.Property.Optionality.OptionalityTests.CollectionsModelGetDefault is currently a stubbed implementation.
Test 'BytesGetDefault' was skipped in the test run.
Test 'BytesPutAll' was skipped in the test run.
Test 'BytesPutDefault' was skipped in the test run.
Test 'CollectionsByteGetAll' was skipped in the test run.
Test 'CollectionsByteGetDefault' was skipped in the test run.
Test 'CollectionsBytePutAll' was skipped in the test run.
Test 'CollectionsBytePutDefault' was skipped in the test run.
Test 'CollectionsModelGetAll' was skipped in the test run.
Test 'CollectionsModelGetDefault' was skipped in the test run.
CollectionsModelPutAll: Test skipped because TestProjects.Spector.Tests.Http._Type.Property.Optionality.OptionalityTests.CollectionsModelPutAll is currently a stubbed implementation.
CollectionsModelPutDefault: Test skipped because TestProjects.Spector.Tests.Http._Type.Property.Optionality.OptionalityTests.CollectionsModelPutDefault is currently a stubbed implementation.
DatetimeGetAll: Test skipped because TestProjects.Spector.Tests.Http._Type.Property.Optionality.OptionalityTests.DatetimeGetAll is currently a stubbed implementation.
DatetimeGetDefault: Test skipped because TestProjects.Spector.Tests.Http._Type.Property.Optionality.OptionalityTests.DatetimeGetDefault is currently a stubbed implementation.
DatetimePutAll: Test skipped because TestProjects.Spector.Tests.Http._Type.Property.Optionality.OptionalityTests.DatetimePutAll is currently a stubbed implementation.
DatetimePutDefault: Test skipped because TestProjects.Spector.Tests.Http._Type.Property.Optionality.OptionalityTests.DatetimePutDefault is currently a stubbed implementation.
DurationGetAll: Test skipped because TestProjects.Spector.Tests.Http._Type.Property.Optionality.OptionalityTests.DurationGetAll is currently a stubbed implementation.
DurationGetDefault: Test skipped because TestProjects.Spector.Tests.Http._Type.Property.Optionality.OptionalityTests.DurationGetDefault is currently a stubbed implementation.
DurationPutAll: Test skipped because TestProjects.Spector.Tests.Http._Type.Property.Optionality.OptionalityTests.DurationPutAll is currently a stubbed implementation.
Test 'CollectionsModelPutAll' was skipped in the test run.
Test 'CollectionsModelPutDefault' was skipped in the test run.
Test 'DatetimeGetAll' was skipped in the test run.
Test 'DatetimeGetDefault' was skipped in the test run.
Test 'DatetimePutAll' was skipped in the test run.
Test 'DatetimePutDefault' was skipped in the test run.
Test 'DurationGetAll' was skipped in the test run.
Test 'DurationGetDefault' was skipped in the test run.
Test 'DurationPutAll' was skipped in the test run.
DurationPutDefault: Test skipped because TestProjects.Spector.Tests.Http._Type.Property.Optionality.OptionalityTests.DurationPutDefault is currently a stubbed implementation.
FloatLiteralGetAll: Test skipped because TestProjects.Spector.Tests.Http._Type.Property.Optionality.OptionalityTests.FloatLiteralGetAll is currently a stubbed implementation.
FloatLiteralGetDefault: Test skipped because TestProjects.Spector.Tests.Http._Type.Property.Optionality.OptionalityTests.FloatLiteralGetDefault is currently a stubbed implementation.
FloatLiteralPutAll: Test skipped because TestProjects.Spector.Tests.Http._Type.Property.Optionality.OptionalityTests.FloatLiteralPutAll is currently a stubbed implementation.
FloatLiteralPutDefault: Test skipped because TestProjects.Spector.Tests.Http._Type.Property.Optionality.OptionalityTests.FloatLiteralPutDefault is currently a stubbed implementation.
IntLiteralGetAll: Test skipped because TestProjects.Spector.Tests.Http._Type.Property.Optionality.OptionalityTests.IntLiteralGetAll is currently a stubbed implementation.
IntLiteralGetDefault: Test skipped because TestProjects.Spector.Tests.Http._Type.Property.Optionality.OptionalityTests.IntLiteralGetDefault is currently a stubbed implementation.
IntLiteralPutAll: Test skipped because TestProjects.Spector.Tests.Http._Type.Property.Optionality.OptionalityTests.IntLiteralPutAll is currently a stubbed implementation.
IntLiteralPutDefault: Test skipped because TestProjects.Spector.Tests.Http._Type.Property.Optionality.OptionalityTests.IntLiteralPutDefault is currently a stubbed implementation.
Test 'DurationPutDefault' was skipped in the test run.
Test 'FloatLiteralGetAll' was skipped in the test run.
Test 'FloatLiteralGetDefault' was skipped in the test run.
Test 'FloatLiteralPutAll' was skipped in the test run.
Test 'FloatLiteralPutDefault' was skipped in the test run.
Test 'IntLiteralGetAll' was skipped in the test run.
Test 'IntLiteralGetDefault' was skipped in the test run.
Test 'IntLiteralPutAll' was skipped in the test run.
Test 'IntLiteralPutDefault' was skipped in the test run.
PlaindateGetAll: Test skipped because TestProjects.Spector.Tests.Http._Type.Property.Optionality.OptionalityTests.PlaindateGetAll is currently a stubbed implementation.
PlaindateGetDefault: Test skipped because TestProjects.Spector.Tests.Http._Type.Property.Optionality.OptionalityTests.PlaindateGetDefault is currently a stubbed implementation.
PlaindatePutAll: Test skipped because TestProjects.Spector.Tests.Http._Type.Property.Optionality.OptionalityTests.PlaindatePutAll is currently a stubbed implementation.
PlaindatePutDefault: Test skipped because TestProjects.Spector.Tests.Http._Type.Property.Optionality.OptionalityTests.PlaindatePutDefault is currently a stubbed implementation.
PlaintimeGetAll: Test skipped because TestProjects.Spector.Tests.Http._Type.Property.Optionality.OptionalityTests.PlaintimeGetAll is currently a stubbed implementation.
PlaintimeGetDefault: Test skipped because TestProjects.Spector.Tests.Http._Type.Property.Optionality.OptionalityTests.PlaintimeGetDefault is currently a stubbed implementation.
PlaintimePutAll: Test skipped because TestProjects.Spector.Tests.Http._Type.Property.Optionality.OptionalityTests.PlaintimePutAll is currently a stubbed implementation.
PlaintimePutDefault: Test skipped because TestProjects.Spector.Tests.Http._Type.Property.Optionality.OptionalityTests.PlaintimePutDefault is currently a stubbed implementation.
RequiredAndOptionalGetAll: Test skipped because TestProjects.Spector.Tests.Http._Type.Property.Optionality.OptionalityTests.RequiredAndOptionalGetAll is currently a stubbed implementation.
Test 'PlaindateGetAll' was skipped in the test run.
Test 'PlaindateGetDefault' was skipped in the test run.
Test 'PlaindatePutAll' was skipped in the test run.
Test 'PlaindatePutDefault' was skipped in the test run.
Test 'PlaintimeGetAll' was skipped in the test run.
Test 'PlaintimeGetDefault' was skipped in the test run.
Test 'PlaintimePutAll' was skipped in the test run.
Test 'PlaintimePutDefault' was skipped in the test run.
Test 'RequiredAndOptionalGetAll' was skipped in the test run.
RequiredAndOptionalGetRequiredOnly: Test skipped because TestProjects.Spector.Tests.Http._Type.Property.Optionality.OptionalityTests.RequiredAndOptionalGetRequiredOnly is currently a stubbed implementation.
RequiredAndOptionalPutAll: Test skipped because TestProjects.Spector.Tests.Http._Type.Property.Optionality.OptionalityTests.RequiredAndOptionalPutAll is currently a stubbed implementation.
RequiredAndOptionalPutRequiredOnly: Test skipped because TestProjects.Spector.Tests.Http._Type.Property.Optionality.OptionalityTests.RequiredAndOptionalPutRequiredOnly is currently a stubbed implementation.
StringGetAll: Test skipped because TestProjects.Spector.Tests.Http._Type.Property.Optionality.OptionalityTests.StringGetAll is currently a stubbed implementation.
StringGetDefault: Test skipped because TestProjects.Spector.Tests.Http._Type.Property.Optionality.OptionalityTests.StringGetDefault is currently a stubbed implementation.
StringLiteralGetAll: Test skipped because TestProjects.Spector.Tests.Http._Type.Property.Optionality.OptionalityTests.StringLiteralGetAll is currently a stubbed implementation.
StringLiteralGetDefault: Test skipped because TestProjects.Spector.Tests.Http._Type.Property.Optionality.OptionalityTests.StringLiteralGetDefault is currently a stubbed implementation.
StringLiteralPutAll: Test skipped because TestProjects.Spector.Tests.Http._Type.Property.Optionality.OptionalityTests.StringLiteralPutAll is currently a stubbed implementation.
StringLiteralPutDefault: Test skipped because TestProjects.Spector.Tests.Http._Type.Property.Optionality.OptionalityTests.StringLiteralPutDefault is currently a stubbed implementation.
Test 'RequiredAndOptionalGetRequiredOnly' was skipped in the test run.
Test 'RequiredAndOptionalPutAll' was skipped in the test run.
Test 'RequiredAndOptionalPutRequiredOnly' was skipped in the test run.
Test 'StringGetAll' was skipped in the test run.
Test 'StringGetDefault' was skipped in the test run.
Test 'StringLiteralGetAll' was skipped in the test run.
Test 'StringLiteralGetDefault' was skipped in the test run.
Test 'StringLiteralPutAll' was skipped in the test run.
Test 'StringLiteralPutDefault' was skipped in the test run.
StringPutAll: Test skipped because TestProjects.Spector.Tests.Http._Type.Property.Optionality.OptionalityTests.StringPutAll is currently a stubbed implementation.
StringPutDefault: Test skipped because TestProjects.Spector.Tests.Http._Type.Property.Optionality.OptionalityTests.StringPutDefault is currently a stubbed implementation.
UnionFloatLiteralGetAll: Test skipped because TestProjects.Spector.Tests.Http._Type.Property.Optionality.OptionalityTests.UnionFloatLiteralGetAll is currently a stubbed implementation.
UnionFloatLiteralGetDefault: Test skipped because TestProjects.Spector.Tests.Http._Type.Property.Optionality.OptionalityTests.UnionFloatLiteralGetDefault is currently a stubbed implementation.
UnionFloatLiteralPutAll: Test skipped because TestProjects.Spector.Tests.Http._Type.Property.Optionality.OptionalityTests.UnionFloatLiteralPutAll is currently a stubbed implementation.
UnionFloatLiteralPutDefault: Test skipped because TestProjects.Spector.Tests.Http._Type.Property.Optionality.OptionalityTests.UnionFloatLiteralPutDefault is currently a stubbed implementation.
UnionIntLiteralGetAll: Test skipped because TestProjects.Spector.Tests.Http._Type.Property.Optionality.OptionalityTests.UnionIntLiteralGetAll is currently a stubbed implementation.
UnionIntLiteralGetDefault: Test skipped because TestProjects.Spector.Tests.Http._Type.Property.Optionality.OptionalityTests.UnionIntLiteralGetDefault is currently a stubbed implementation.
UnionIntLiteralGutAll: Test skipped because TestProjects.Spector.Tests.Http._Type.Property.Optionality.OptionalityTests.UnionIntLiteralGutAll is currently a stubbed implementation.
Test 'StringPutAll' was skipped in the test run.
Test 'StringPutDefault' was skipped in the test run.
Test 'UnionFloatLiteralGetAll' was skipped in the test run.
Test 'UnionFloatLiteralGetDefault' was skipped in the test run.
Test 'UnionFloatLiteralPutAll' was skipped in the test run.
Test 'UnionFloatLiteralPutDefault' was skipped in the test run.
Test 'UnionIntLiteralGetAll' was skipped in the test run.
Test 'UnionIntLiteralGetDefault' was skipped in the test run.
Test 'UnionIntLiteralGutAll' was skipped in the test run.
UnionIntLiteralPutDefault: Test skipped because TestProjects.Spector.Tests.Http._Type.Property.Optionality.OptionalityTests.UnionIntLiteralPutDefault is currently a stubbed implementation.
UnionStringLiteralGetAll: Test skipped because TestProjects.Spector.Tests.Http._Type.Property.Optionality.OptionalityTests.UnionStringLiteralGetAll is currently a stubbed implementation.
UnionStringLiteralGetDefault: Test skipped because TestProjects.Spector.Tests.Http._Type.Property.Optionality.OptionalityTests.UnionStringLiteralGetDefault is currently a stubbed implementation.
UnionStringLiteralPutAll: Test skipped because TestProjects.Spector.Tests.Http._Type.Property.Optionality.OptionalityTests.UnionStringLiteralPutAll is currently a stubbed implementation.
UnionStringLiteralPutDefault: Test skipped because TestProjects.Spector.Tests.Http._Type.Property.Optionality.OptionalityTests.UnionStringLiteralPutDefault is currently a stubbed implementation.
BooleanGet: Test skipped because TestProjects.Spector.Tests.Http._Type.Property.ValueTypes.ValueTypesTests.BooleanGet is currently a stubbed implementation.
BooleanLiteralGet: Test skipped because TestProjects.Spector.Tests.Http._Type.Property.ValueTypes.ValueTypesTests.BooleanLiteralGet is currently a stubbed implementation.
BooleanLiteralPut: Test skipped because TestProjects.Spector.Tests.Http._Type.Property.ValueTypes.ValueTypesTests.BooleanLiteralPut is currently a stubbed implementation.
BooleanPut: Test skipped because TestProjects.Spector.Tests.Http._Type.Property.ValueTypes.ValueTypesTests.BooleanPut is currently a stubbed implementation.
Test 'UnionIntLiteralPutDefault' was skipped in the test run.
Test 'UnionStringLiteralGetAll' was skipped in the test run.
Test 'UnionStringLiteralGetDefault' was skipped in the test run.
Test 'UnionStringLiteralPutAll' was skipped in the test run.
Test 'UnionStringLiteralPutDefault' was skipped in the test run.
Test 'BooleanGet' was skipped in the test run.
Test 'BooleanLiteralGet' was skipped in the test run.
Test 'BooleanLiteralPut' was skipped in the test run.
Test 'BooleanPut' was skipped in the test run.
BytesGet: Test skipped because TestProjects.Spector.Tests.Http._Type.Property.ValueTypes.ValueTypesTests.BytesGet is currently a stubbed implementation.
BytesPut: Test skipped because TestProjects.Spector.Tests.Http._Type.Property.ValueTypes.ValueTypesTests.BytesPut is currently a stubbed implementation.
CollectionsIntGet: Test skipped because TestProjects.Spector.Tests.Http._Type.Property.ValueTypes.ValueTypesTests.CollectionsIntGet is currently a stubbed implementation.
CollectionsIntPut: Test skipped because TestProjects.Spector.Tests.Http._Type.Property.ValueTypes.ValueTypesTests.CollectionsIntPut is currently a stubbed implementation.
CollectionsModelGet: Test skipped because TestProjects.Spector.Tests.Http._Type.Property.ValueTypes.ValueTypesTests.CollectionsModelGet is currently a stubbed implementation.
CollectionsModelPut: Test skipped because TestProjects.Spector.Tests.Http._Type.Property.ValueTypes.ValueTypesTests.CollectionsModelPut is currently a stubbed implementation.
CollectionsStringGet: Test skipped because TestProjects.Spector.Tests.Http._Type.Property.ValueTypes.ValueTypesTests.CollectionsStringGet is currently a stubbed implementation.
CollectionsStringPut: Test skipped because TestProjects.Spector.Tests.Http._Type.Property.ValueTypes.ValueTypesTests.CollectionsStringPut is currently a stubbed implementation.
DatetimeGet: Test skipped because TestProjects.Spector.Tests.Http._Type.Property.ValueTypes.ValueTypesTests.DatetimeGet is currently a stubbed implementation.
Test 'BytesGet' was skipped in the test run.
Test 'BytesPut' was skipped in the test run.
Test 'CollectionsIntGet' was skipped in the test run.
Test 'CollectionsIntPut' was skipped in the test run.
Test 'CollectionsModelGet' was skipped in the test run.
Test 'CollectionsModelPut' was skipped in the test run.
Test 'CollectionsStringGet' was skipped in the test run.
Test 'CollectionsStringPut' was skipped in the test run.
Test 'DatetimeGet' was skipped in the test run.
DatetimePut: Test skipped because TestProjects.Spector.Tests.Http._Type.Property.ValueTypes.ValueTypesTests.DatetimePut is currently a stubbed implementation.
Decimal128Get: Test skipped because TestProjects.Spector.Tests.Http._Type.Property.ValueTypes.ValueTypesTests.Decimal128Get is currently a stubbed implementation.
Decimal128Put: Test skipped because TestProjects.Spector.Tests.Http._Type.Property.ValueTypes.ValueTypesTests.Decimal128Put is currently a stubbed implementation.
DecimalGet: Test skipped because TestProjects.Spector.Tests.Http._Type.Property.ValueTypes.ValueTypesTests.DecimalGet is currently a stubbed implementation.
DecimalPut: Test skipped because TestProjects.Spector.Tests.Http._Type.Property.ValueTypes.ValueTypesTests.DecimalPut is currently a stubbed implementation.
DictionaryStringGet: Test skipped because TestProjects.Spector.Tests.Http._Type.Property.ValueTypes.ValueTypesTests.DictionaryStringGet is currently a stubbed implementation.
DictionaryStringPut: Test skipped because TestProjects.Spector.Tests.Http._Type.Property.ValueTypes.ValueTypesTests.DictionaryStringPut is currently a stubbed implementation.
DurationGet: Test skipped because TestProjects.Spector.Tests.Http._Type.Property.ValueTypes.ValueTypesTests.DurationGet is currently a stubbed implementation.
DurationPut: Test skipped because TestProjects.Spector.Tests.Http._Type.Property.ValueTypes.ValueTypesTests.DurationPut is currently a stubbed implementation.
Test 'DatetimePut' was skipped in the test run.
Test 'Decimal128Get' was skipped in the test run.
Test 'Decimal128Put' was skipped in the test run.
Test 'DecimalGet' was skipped in the test run.
Test 'DecimalPut' was skipped in the test run.
Test 'DictionaryStringGet' was skipped in the test run.
Test 'DictionaryStringPut' was skipped in the test run.
Test 'DurationGet' was skipped in the test run.
Test 'DurationPut' was skipped in the test run.
EnumGet: Test skipped because TestProjects.Spector.Tests.Http._Type.Property.ValueTypes.ValueTypesTests.EnumGet is currently a stubbed implementation.
EnumPut: Test skipped because TestProjects.Spector.Tests.Http._Type.Property.ValueTypes.ValueTypesTests.EnumPut is currently a stubbed implementation.
ExtensibleEnumGet: Test skipped because TestProjects.Spector.Tests.Http._Type.Property.ValueTypes.ValueTypesTests.ExtensibleEnumGet is currently a stubbed implementation.
ExtensibleEnumPut: Test skipped because TestProjects.Spector.Tests.Http._Type.Property.ValueTypes.ValueTypesTests.ExtensibleEnumPut is currently a stubbed implementation.
FloatGet: Test skipped because TestProjects.Spector.Tests.Http._Type.Property.ValueTypes.ValueTypesTests.FloatGet is currently a stubbed implementation.
FloatLiteralGet: Test skipped because TestProjects.Spector.Tests.Http._Type.Property.ValueTypes.ValueTypesTests.FloatLiteralGet is currently a stubbed implementation.
FloatLiteralPut: Test skipped because TestProjects.Spector.Tests.Http._Type.Property.ValueTypes.ValueTypesTests.FloatLiteralPut is currently a stubbed implementation.
FloatPut: Test skipped because TestProjects.Spector.Tests.Http._Type.Property.ValueTypes.ValueTypesTests.FloatPut is currently a stubbed implementation.
IntGet: Test skipped because TestProjects.Spector.Tests.Http._Type.Property.ValueTypes.ValueTypesTests.IntGet is currently a stubbed implementation.
Test 'EnumGet' was skipped in the test run.
Test 'EnumPut' was skipped in the test run.
Test 'ExtensibleEnumGet' was skipped in the test run.
Test 'ExtensibleEnumPut' was skipped in the test run.
Test 'FloatGet' was skipped in the test run.
Test 'FloatLiteralGet' was skipped in the test run.
Test 'FloatLiteralPut' was skipped in the test run.
Test 'FloatPut' was skipped in the test run.
Test 'IntGet' was skipped in the test run.
IntLiteralGet: Test skipped because TestProjects.Spector.Tests.Http._Type.Property.ValueTypes.ValueTypesTests.IntLiteralGet is currently a stubbed implementation.
IntLiteralPut: Test skipped because TestProjects.Spector.Tests.Http._Type.Property.ValueTypes.ValueTypesTests.IntLiteralPut is currently a stubbed implementation.
IntPut: Test skipped because TestProjects.Spector.Tests.Http._Type.Property.ValueTypes.ValueTypesTests.IntPut is currently a stubbed implementation.
ModelGet: Test skipped because TestProjects.Spector.Tests.Http._Type.Property.ValueTypes.ValueTypesTests.ModelGet is currently a stubbed implementation.
ModelPut: Test skipped because TestProjects.Spector.Tests.Http._Type.Property.ValueTypes.ValueTypesTests.ModelPut is currently a stubbed implementation.
NeverGet: Test skipped because TestProjects.Spector.Tests.Http._Type.Property.ValueTypes.ValueTypesTests.NeverGet is currently a stubbed implementation.
NeverPut: Test skipped because TestProjects.Spector.Tests.Http._Type.Property.ValueTypes.ValueTypesTests.NeverPut is currently a stubbed implementation.
StringGet: Test skipped because TestProjects.Spector.Tests.Http._Type.Property.ValueTypes.ValueTypesTests.StringGet is currently a stubbed implementation.
StringLiteralGet: Test skipped because TestProjects.Spector.Tests.Http._Type.Property.ValueTypes.ValueTypesTests.StringLiteralGet is currently a stubbed implementation.
Test 'IntLiteralGet' was skipped in the test run.
Test 'IntLiteralPut' was skipped in the test run.
Test 'IntPut' was skipped in the test run.
Test 'ModelGet' was skipped in the test run.
Test 'ModelPut' was skipped in the test run.
Test 'NeverGet' was skipped in the test run.
Test 'NeverPut' was skipped in the test run.
Test 'StringGet' was skipped in the test run.
Test 'StringLiteralGet' was skipped in the test run.
StringLiteralPut: Test skipped because TestProjects.Spector.Tests.Http._Type.Property.ValueTypes.ValueTypesTests.StringLiteralPut is currently a stubbed implementation.
StringPut: Test skipped because TestProjects.Spector.Tests.Http._Type.Property.ValueTypes.ValueTypesTests.StringPut is currently a stubbed implementation.
UnionEnumValueGet: Test skipped because TestProjects.Spector.Tests.Http._Type.Property.ValueTypes.ValueTypesTests.UnionEnumValueGet is currently a stubbed implementation.
UnionEnumValuePut: Test skipped because TestProjects.Spector.Tests.Http._Type.Property.ValueTypes.ValueTypesTests.UnionEnumValuePut is currently a stubbed implementation.
UnionFloatLiteralGet: Test skipped because TestProjects.Spector.Tests.Http._Type.Property.ValueTypes.ValueTypesTests.UnionFloatLiteralGet is currently a stubbed implementation.
UnionFloatLiteralPut: Test skipped because TestProjects.Spector.Tests.Http._Type.Property.ValueTypes.ValueTypesTests.UnionFloatLiteralPut is currently a stubbed implementation.
UnionIntLiteralGet: Test skipped because TestProjects.Spector.Tests.Http._Type.Property.ValueTypes.ValueTypesTests.UnionIntLiteralGet is currently a stubbed implementation.
UnionIntLiteralPut: Test skipped because TestProjects.Spector.Tests.Http._Type.Property.ValueTypes.ValueTypesTests.UnionIntLiteralPut is currently a stubbed implementation.
UnionStringLiteralGet: Test skipped because TestProjects.Spector.Tests.Http._Type.Property.ValueTypes.ValueTypesTests.UnionStringLiteralGet is currently a stubbed implementation.
Test 'StringLiteralPut' was skipped in the test run.
Test 'StringPut' was skipped in the test run.
Test 'UnionEnumValueGet' was skipped in the test run.
Test 'UnionEnumValuePut' was skipped in the test run.
Test 'UnionFloatLiteralGet' was skipped in the test run.
Test 'UnionFloatLiteralPut' was skipped in the test run.
Test 'UnionIntLiteralGet' was skipped in the test run.
Test 'UnionIntLiteralPut' was skipped in the test run.
Test 'UnionStringLiteralGet' was skipped in the test run.
UnionStringLiteralPut: Test skipped because TestProjects.Spector.Tests.Http._Type.Property.ValueTypes.ValueTypesTests.UnionStringLiteralPut is currently a stubbed implementation.
UnknownArrayGet: Test skipped because TestProjects.Spector.Tests.Http._Type.Property.ValueTypes.ValueTypesTests.UnknownArrayGet is currently a stubbed implementation.
UnknownArrayPut: Test skipped because TestProjects.Spector.Tests.Http._Type.Property.ValueTypes.ValueTypesTests.UnknownArrayPut is currently a stubbed implementation.
UnknownDictGet: Test skipped because TestProjects.Spector.Tests.Http._Type.Property.ValueTypes.ValueTypesTests.UnknownDictGet is currently a stubbed implementation.
UnknownDictPut: Test skipped because TestProjects.Spector.Tests.Http._Type.Property.ValueTypes.ValueTypesTests.UnknownDictPut is currently a stubbed implementation.
UnknownIntGet: Test skipped because TestProjects.Spector.Tests.Http._Type.Property.ValueTypes.ValueTypesTests.UnknownIntGet is currently a stubbed implementation.
UnknownIntPut: Test skipped because TestProjects.Spector.Tests.Http._Type.Property.ValueTypes.ValueTypesTests.UnknownIntPut is currently a stubbed implementation.
UnknownStringGet: Test skipped because TestProjects.Spector.Tests.Http._Type.Property.ValueTypes.ValueTypesTests.UnknownStringGet is currently a stubbed implementation.
UnknownStringPut: Test skipped because TestProjects.Spector.Tests.Http._Type.Property.ValueTypes.ValueTypesTests.UnknownStringPut is currently a stubbed implementation.
Test 'UnionStringLiteralPut' was skipped in the test run.
Test 'UnknownArrayGet' was skipped in the test run.
Test 'UnknownArrayPut' was skipped in the test run.
Test 'UnknownDictGet' was skipped in the test run.
Test 'UnknownDictPut' was skipped in the test run.
Test 'UnknownIntGet' was skipped in the test run.
Test 'UnknownIntPut' was skipped in the test run.
Test 'UnknownStringGet' was skipped in the test run.
Test 'UnknownStringPut' was skipped in the test run.
BooleanGet: Test skipped because TestProjects.Spector.Tests.Http._Type.Scalar.ScalarTests.BooleanGet is currently a stubbed implementation.
BooleanPut: Test skipped because TestProjects.Spector.Tests.Http._Type.Scalar.ScalarTests.BooleanPut is currently a stubbed implementation.
Decimal128TypeRequestBody: Test skipped because TestProjects.Spector.Tests.Http._Type.Scalar.ScalarTests.Decimal128TypeRequestBody is currently a stubbed implementation.
Decimal128TypeRequestParameter: Test skipped because TestProjects.Spector.Tests.Http._Type.Scalar.ScalarTests.Decimal128TypeRequestParameter is currently a stubbed implementation.
Decimal128TypeResponseBody: Test skipped because TestProjects.Spector.Tests.Http._Type.Scalar.ScalarTests.Decimal128TypeResponseBody is currently a stubbed implementation.
Decimal128VerifyPrepareVerify: Test skipped because TestProjects.Spector.Tests.Http._Type.Scalar.ScalarTests.Decimal128VerifyPrepareVerify is currently a stubbed implementation.
Decimal128VerifyVerify: Test skipped because TestProjects.Spector.Tests.Http._Type.Scalar.ScalarTests.Decimal128VerifyVerify is currently a stubbed implementation.
DecimalTypeRequestBody: Test skipped because TestProjects.Spector.Tests.Http._Type.Scalar.ScalarTests.DecimalTypeRequestBody is currently a stubbed implementation.
DecimalTypeRequestParameter: Test skipped because TestProjects.Spector.Tests.Http._Type.Scalar.ScalarTests.DecimalTypeRequestParameter is currently a stubbed implementation.
Test 'BooleanGet' was skipped in the test run.
Test 'BooleanPut' was skipped in the test run.
Test 'Decimal128TypeRequestBody' was skipped in the test run.
Test 'Decimal128TypeRequestParameter' was skipped in the test run.
Test 'Decimal128TypeResponseBody' was skipped in the test run.
Test 'Decimal128VerifyPrepareVerify' was skipped in the test run.
Test 'Decimal128VerifyVerify' was skipped in the test run.
Test 'DecimalTypeRequestBody' was skipped in the test run.
Test 'DecimalTypeRequestParameter' was skipped in the test run.
DecimalTypeResponseBody: Test skipped because TestProjects.Spector.Tests.Http._Type.Scalar.ScalarTests.DecimalTypeResponseBody is currently a stubbed implementation.
DecimalVerifyPrepareVerify: Test skipped because TestProjects.Spector.Tests.Http._Type.Scalar.ScalarTests.DecimalVerifyPrepareVerify is currently a stubbed implementation.
DecimalVerifyVerify: Test skipped because TestProjects.Spector.Tests.Http._Type.Scalar.ScalarTests.DecimalVerifyVerify is currently a stubbed implementation.
StringGet: Test skipped because TestProjects.Spector.Tests.Http._Type.Scalar.ScalarTests.StringGet is currently a stubbed implementation.
StringPut: Test skipped because TestProjects.Spector.Tests.Http._Type.Scalar.ScalarTests.StringPut is currently a stubbed implementation.
UnknownGet: Test skipped because TestProjects.Spector.Tests.Http._Type.Scalar.ScalarTests.UnknownGet is currently a stubbed implementation.
UnknownPut: Test skipped because TestProjects.Spector.Tests.Http._Type.Scalar.ScalarTests.UnknownPut is currently a stubbed implementation.
GetEnumsOnly: Test skipped because TestProjects.Spector.Tests.Http._Type.Union.UnionTests.GetEnumsOnly is currently a stubbed implementation.
GetFloatsOnly: Test skipped because TestProjects.Spector.Tests.Http._Type.Union.UnionTests.GetFloatsOnly is currently a stubbed implementation.
Test 'DecimalTypeResponseBody' was skipped in the test run.
Test 'DecimalVerifyPrepareVerify' was skipped in the test run.
Test 'DecimalVerifyVerify' was skipped in the test run.
Test 'StringGet' was skipped in the test run.
Test 'StringPut' was skipped in the test run.
Test 'UnknownGet' was skipped in the test run.
Test 'UnknownPut' was skipped in the test run.
Test 'GetEnumsOnly' was skipped in the test run.
Test 'GetFloatsOnly' was skipped in the test run.
GetIntsOnly: Test skipped because TestProjects.Spector.Tests.Http._Type.Union.UnionTests.GetIntsOnly is currently a stubbed implementation.
GetMixedLiterals: Test skipped because TestProjects.Spector.Tests.Http._Type.Union.UnionTests.GetMixedLiterals is currently a stubbed implementation.
GetMixedTypes: Test skipped because TestProjects.Spector.Tests.Http._Type.Union.UnionTests.GetMixedTypes is currently a stubbed implementation.
GetModelsOnly: Test skipped because TestProjects.Spector.Tests.Http._Type.Union.UnionTests.GetModelsOnly is currently a stubbed implementation.
GetStringAndArray: Test skipped because TestProjects.Spector.Tests.Http._Type.Union.UnionTests.GetStringAndArray is currently a stubbed implementation.
GetStringExtensibleNamedOnly: Test skipped because TestProjects.Spector.Tests.Http._Type.Union.UnionTests.GetStringExtensibleNamedOnly is currently a stubbed implementation.
GetStringExtensibleOnly: Test skipped because TestProjects.Spector.Tests.Http._Type.Union.UnionTests.GetStringExtensibleOnly is currently a stubbed implementation.
GetStringsOnly: Test skipped because TestProjects.Spector.Tests.Http._Type.Union.UnionTests.GetStringsOnly is currently a stubbed implementation.
SendEnumsOnly: Test skipped because TestProjects.Spector.Tests.Http._Type.Union.UnionTests.SendEnumsOnly is currently a stubbed implementation.
Test 'GetIntsOnly' was skipped in the test run.
Test 'GetMixedLiterals' was skipped in the test run.
Test 'GetMixedTypes' was skipped in the test run.
Test 'GetModelsOnly' was skipped in the test run.
Test 'GetStringAndArray' was skipped in the test run.
Test 'GetStringExtensibleNamedOnly' was skipped in the test run.
Test 'GetStringExtensibleOnly' was skipped in the test run.
Test 'GetStringsOnly' was skipped in the test run.
Test 'SendEnumsOnly' was skipped in the test run.
SendFloatsOnly: Test skipped because TestProjects.Spector.Tests.Http._Type.Union.UnionTests.SendFloatsOnly is currently a stubbed implementation.
SendIntsOnly: Test skipped because TestProjects.Spector.Tests.Http._Type.Union.UnionTests.SendIntsOnly is currently a stubbed implementation.
SendMixedLiteralsOnlyOnly: Test skipped because TestProjects.Spector.Tests.Http._Type.Union.UnionTests.SendMixedLiteralsOnlyOnly is currently a stubbed implementation.
SendMixedTypesOnlyOnly: Test skipped because TestProjects.Spector.Tests.Http._Type.Union.UnionTests.SendMixedTypesOnlyOnly is currently a stubbed implementation.
SendModelsOnly: Test skipped because TestProjects.Spector.Tests.Http._Type.Union.UnionTests.SendModelsOnly is currently a stubbed implementation.
SendStringAndArray: Test skipped because TestProjects.Spector.Tests.Http._Type.Union.UnionTests.SendStringAndArray is currently a stubbed implementation.
SendStringExtensibleNamedOnly: Test skipped because TestProjects.Spector.Tests.Http._Type.Union.UnionTests.SendStringExtensibleNamedOnly is currently a stubbed implementation.
SendStringExtensibleOnly: Test skipped because TestProjects.Spector.Tests.Http._Type.Union.UnionTests.SendStringExtensibleOnly is currently a stubbed implementation.
SendStringsOnly: Test skipped because TestProjects.Spector.Tests.Http._Type.Union.UnionTests.SendStringsOnly is currently a stubbed implementation.
Test 'SendFloatsOnly' was skipped in the test run.
Test 'SendIntsOnly' was skipped in the test run.
Test 'SendMixedLiteralsOnlyOnly' was skipped in the test run.
Test 'SendMixedTypesOnlyOnly' was skipped in the test run.
Test 'SendModelsOnly' was skipped in the test run.
Test 'SendStringAndArray' was skipped in the test run.
Test 'SendStringExtensibleNamedOnly' was skipped in the test run.
Test 'SendStringExtensibleOnly' was skipped in the test run.
Test 'SendStringsOnly' was skipped in the test run.
Invalid: Test skipped because TestProjects.Spector.Tests.Http.Authentication.ApiKey.ApiKeyTests.Invalid is currently a stubbed implementation.
Valid: Test skipped because TestProjects.Spector.Tests.Http.Authentication.ApiKey.ApiKeyTests.Valid is currently a stubbed implementation.
Invalid: Test skipped because TestProjects.Spector.Tests.Http.Authentication.Http.Custom.CustomTests.Invalid is currently a stubbed implementation.
Valid: Test skipped because TestProjects.Spector.Tests.Http.Authentication.Http.Custom.CustomTests.Valid is currently a stubbed implementation.
Five: Test skipped because TestProjects.Spector.Tests.Http.Client.Structure.ClientOperationGroup.ClientOperationGroupTests.Five is currently a stubbed implementation.
Four: Test skipped because TestProjects.Spector.Tests.Http.Client.Structure.ClientOperationGroup.ClientOperationGroupTests.Four is currently a stubbed implementation.
One: Test skipped because TestProjects.Spector.Tests.Http.Client.Structure.ClientOperationGroup.ClientOperationGroupTests.One is currently a stubbed implementation.
Six: Test skipped because TestProjects.Spector.Tests.Http.Client.Structure.ClientOperationGroup.ClientOperationGroupTests.Six is currently a stubbed implementation.
Three: Test skipped because TestProjects.Spector.Tests.Http.Client.Structure.ClientOperationGroup.ClientOperationGroupTests.Three is currently a stubbed implementation.
Test 'Invalid' was skipped in the test run.
Test 'Valid' was skipped in the test run.
Test 'Invalid' was skipped in the test run.
Test 'Valid' was skipped in the test run.
Test 'Five' was skipped in the test run.
Test 'Four' was skipped in the test run.
Test 'One' was skipped in the test run.
Test 'Six' was skipped in the test run.
Test 'Three' was skipped in the test run.
Two: Test skipped because TestProjects.Spector.Tests.Http.Client.Structure.ClientOperationGroup.ClientOperationGroupTests.Two is currently a stubbed implementation.
Client_Structure_default_Eight: Test skipped because TestProjects.Spector.Tests.Http.Client.Structure.Default.DefaultTests.Client_Structure_default_Eight is currently a stubbed implementation.
Client_Structure_default_Five: Test skipped because TestProjects.Spector.Tests.Http.Client.Structure.Default.DefaultTests.Client_Structure_default_Five is currently a stubbed implementation.
Client_Structure_default_Four: Test skipped because TestProjects.Spector.Tests.Http.Client.Structure.Default.DefaultTests.Client_Structure_default_Four is currently a stubbed implementation.
Test 'Two' was skipped in the test run.
Test 'Client_Structure_default_Eight' was skipped in the test run.
Test 'Client_Structure_default_Five' was skipped in the test run.
Test 'Client_Structure_default_Four' was skipped in the test run.
Client_Structure_default_Nine: Test skipped because TestProjects.Spector.Tests.Http.Client.Structure.Default.DefaultTests.Client_Structure_default_Nine is currently a stubbed implementation.
Client_Structure_default_One: Test skipped because TestProjects.Spector.Tests.Http.Client.Structure.Default.DefaultTests.Client_Structure_default_One is currently a stubbed implementation.
Client_Structure_default_Seven: Test skipped because TestProjects.Spector.Tests.Http.Client.Structure.Default.DefaultTests.Client_Structure_default_Seven is currently a stubbed implementation.
Client_Structure_default_Six: Test skipped because TestProjects.Spector.Tests.Http.Client.Structure.Default.DefaultTests.Client_Structure_default_Six is currently a stubbed implementation.
Client_Structure_default_Three: Test skipped because TestProjects.Spector.Tests.Http.Client.Structure.Default.DefaultTests.Client_Structure_default_Three is currently a stubbed implementation.
Client_Structure_default_Two: Test skipped because TestProjects.Spector.Tests.Http.Client.Structure.Default.DefaultTests.Client_Structure_default_Two is currently a stubbed implementation.
RenamedFive: Test skipped because TestProjects.Spector.Tests.Http.Client.Structure.MultiClient.MultiClientTests.RenamedFive is currently a stubbed implementation.
Test 'Client_Structure_default_Nine' was skipped in the test run.
Test 'Client_Structure_default_One' was skipped in the test run.
Test 'Client_Structure_default_Seven' was skipped in the test run.
Test 'Client_Structure_default_Six' was skipped in the test run.
Test 'Client_Structure_default_Three' was skipped in the test run.
Test 'Client_Structure_default_Two' was skipped in the test run.
Test 'RenamedFive' was skipped in the test run.
RenamedFour: Test skipped because TestProjects.Spector.Tests.Http.Client.Structure.MultiClient.MultiClientTests.RenamedFour is currently a stubbed implementation.
RenamedOne: Test skipped because TestProjects.Spector.Tests.Http.Client.Structure.MultiClient.MultiClientTests.RenamedOne is currently a stubbed implementation.
RenamedSix: Test skipped because TestProjects.Spector.Tests.Http.Client.Structure.MultiClient.MultiClientTests.RenamedSix is currently a stubbed implementation.
RenamedThree: Test skipped because TestProjects.Spector.Tests.Http.Client.Structure.MultiClient.MultiClientTests.RenamedThree is currently a stubbed implementation.
RenamedTwo: Test skipped because TestProjects.Spector.Tests.Http.Client.Structure.MultiClient.MultiClientTests.RenamedTwo is currently a stubbed implementation.
RenamedFive: Test skipped because TestProjects.Spector.Tests.Http.Client.Structure.RenamedOperation.RenamedOperationTests.RenamedFive is currently a stubbed implementation.
RenamedFour: Test skipped because TestProjects.Spector.Tests.Http.Client.Structure.RenamedOperation.RenamedOperationTests.RenamedFour is currently a stubbed implementation.
RenamedOne: Test skipped because TestProjects.Spector.Tests.Http.Client.Structure.RenamedOperation.RenamedOperationTests.RenamedOne is currently a stubbed implementation.
Test 'RenamedFour' was skipped in the test run.
Test 'RenamedOne' was skipped in the test run.
Test 'RenamedSix' was skipped in the test run.
Test 'RenamedThree' was skipped in the test run.
Test 'RenamedTwo' was skipped in the test run.
Test 'RenamedFive' was skipped in the test run.
Test 'RenamedFour' was skipped in the test run.
Test 'RenamedOne' was skipped in the test run.
RenamedSix: Test skipped because TestProjects.Spector.Tests.Http.Client.Structure.RenamedOperation.RenamedOperationTests.RenamedSix is currently a stubbed implementation.
RenamedThree: Test skipped because TestProjects.Spector.Tests.Http.Client.Structure.RenamedOperation.RenamedOperationTests.RenamedThree is currently a stubbed implementation.
RenamedTwo: Test skipped because TestProjects.Spector.Tests.Http.Client.Structure.RenamedOperation.RenamedOperationTests.RenamedTwo is currently a stubbed implementation.
Five: Test skipped because TestProjects.Spector.Tests.Http.Client.Structure.TwoOperationGroup.TwoOperationGroupTests.Five is currently a stubbed implementation.
Four: Test skipped because TestProjects.Spector.Tests.Http.Client.Structure.TwoOperationGroup.TwoOperationGroupTests.Four is currently a stubbed implementation.
One: Test skipped because TestProjects.Spector.Tests.Http.Client.Structure.TwoOperationGroup.TwoOperationGroupTests.One is currently a stubbed implementation.
Six: Test skipped because TestProjects.Spector.Tests.Http.Client.Structure.TwoOperationGroup.TwoOperationGroupTests.Six is currently a stubbed implementation.
Test 'RenamedSix' was skipped in the test run.
Test 'RenamedThree' was skipped in the test run.
Test 'RenamedTwo' was skipped in the test run.
Test 'Five' was skipped in the test run.
Test 'Four' was skipped in the test run.
Test 'One' was skipped in the test run.
Test 'Six' was skipped in the test run.
Three: Test skipped because TestProjects.Spector.Tests.Http.Client.Structure.TwoOperationGroup.TwoOperationGroupTests.Three is currently a stubbed implementation.
Two: Test skipped because TestProjects.Spector.Tests.Http.Client.Structure.TwoOperationGroup.TwoOperationGroupTests.Two is currently a stubbed implementation.
Test 'Three' was skipped in the test run.
Test 'Two' was skipped in the test run.
HeaderDefault: Test skipped because TestProjects.Spector.Tests.Http.Encode.Datetime.DateTimeTests.HeaderDefault is currently a stubbed implementation.
HeaderRfc3339: Test skipped because TestProjects.Spector.Tests.Http.Encode.Datetime.DateTimeTests.HeaderRfc3339 is currently a stubbed implementation.
HeaderRfc7231: Test skipped because TestProjects.Spector.Tests.Http.Encode.Datetime.DateTimeTests.HeaderRfc7231 is currently a stubbed implementation.
HeaderUnixTimestamp: Test skipped because TestProjects.Spector.Tests.Http.Encode.Datetime.DateTimeTests.HeaderUnixTimestamp is currently a stubbed implementation.
HeaderUnixTimestampArray: Test skipped because TestProjects.Spector.Tests.Http.Encode.Datetime.DateTimeTests.HeaderUnixTimestampArray is currently a stubbed implementation.
Test 'HeaderDefault' was skipped in the test run.
Test 'HeaderRfc3339' was skipped in the test run.
Test 'HeaderRfc7231' was skipped in the test run.
Test 'HeaderUnixTimestamp' was skipped in the test run.
Test 'HeaderUnixTimestampArray' was skipped in the test run.
PropertyDefault: Test skipped because TestProjects.Spector.Tests.Http.Encode.Datetime.DateTimeTests.PropertyDefault is currently a stubbed implementation.
PropertyRfc3339: Test skipped because TestProjects.Spector.Tests.Http.Encode.Datetime.DateTimeTests.PropertyRfc3339 is currently a stubbed implementation.
PropertyRfc7231: Test skipped because TestProjects.Spector.Tests.Http.Encode.Datetime.DateTimeTests.PropertyRfc7231 is currently a stubbed implementation.
PropertyUnixTimestamp: Test skipped because TestProjects.Spector.Tests.Http.Encode.Datetime.DateTimeTests.PropertyUnixTimestamp is currently a stubbed implementation.
PropertyUnixTimestampArray: Test skipped because TestProjects.Spector.Tests.Http.Encode.Datetime.DateTimeTests.PropertyUnixTimestampArray is currently a stubbed implementation.
QueryDefault: Test skipped because TestProjects.Spector.Tests.Http.Encode.Datetime.DateTimeTests.QueryDefault is currently a stubbed implementation.
QueryRfc3339: Test skipped because TestProjects.Spector.Tests.Http.Encode.Datetime.DateTimeTests.QueryRfc3339 is currently a stubbed implementation.
QueryRfc7231: Test skipped because TestProjects.Spector.Tests.Http.Encode.Datetime.DateTimeTests.QueryRfc7231 is currently a stubbed implementation.
QueryUnixTimestamp: Test skipped because TestProjects.Spector.Tests.Http.Encode.Datetime.DateTimeTests.QueryUnixTimestamp is currently a stubbed implementation.
Test 'PropertyDefault' was skipped in the test run.
Test 'PropertyRfc3339' was skipped in the test run.
Test 'PropertyRfc7231' was skipped in the test run.
Test 'PropertyUnixTimestamp' was skipped in the test run.
Test 'PropertyUnixTimestampArray' was skipped in the test run.
Test 'QueryDefault' was skipped in the test run.
Test 'QueryRfc3339' was skipped in the test run.
Test 'QueryRfc7231' was skipped in the test run.
Test 'QueryUnixTimestamp' was skipped in the test run.
QueryUnixTimestampArray: Test skipped because TestProjects.Spector.Tests.Http.Encode.Datetime.DateTimeTests.QueryUnixTimestampArray is currently a stubbed implementation.
ResponseHeaderDefault: Test skipped because TestProjects.Spector.Tests.Http.Encode.Datetime.DateTimeTests.ResponseHeaderDefault is currently a stubbed implementation.
ResponseHeaderRfc3339: Test skipped because TestProjects.Spector.Tests.Http.Encode.Datetime.DateTimeTests.ResponseHeaderRfc3339 is currently a stubbed implementation.
ResponseHeaderRfc7231: Test skipped because TestProjects.Spector.Tests.Http.Encode.Datetime.DateTimeTests.ResponseHeaderRfc7231 is currently a stubbed implementation.
ResponseHeaderUnixTimestamp: Test skipped because TestProjects.Spector.Tests.Http.Encode.Datetime.DateTimeTests.ResponseHeaderUnixTimestamp is currently a stubbed implementation.
HeaderDefault: Test skipped because TestProjects.Spector.Tests.Http.Encode.Duration.EncodeDurationTests.HeaderDefault is currently a stubbed implementation.
HeaderFloat64Seconds: Test skipped because TestProjects.Spector.Tests.Http.Encode.Duration.EncodeDurationTests.HeaderFloat64Seconds is currently a stubbed implementation.
HeaderFloatSeconds: Test skipped because TestProjects.Spector.Tests.Http.Encode.Duration.EncodeDurationTests.HeaderFloatSeconds is currently a stubbed implementation.
HeaderInt32Seconds: Test skipped because TestProjects.Spector.Tests.Http.Encode.Duration.EncodeDurationTests.HeaderInt32Seconds is currently a stubbed implementation.
Test 'QueryUnixTimestampArray' was skipped in the test run.
Test 'ResponseHeaderDefault' was skipped in the test run.
Test 'ResponseHeaderRfc3339' was skipped in the test run.
Test 'ResponseHeaderRfc7231' was skipped in the test run.
Test 'ResponseHeaderUnixTimestamp' was skipped in the test run.
Test 'HeaderDefault' was skipped in the test run.
Test 'HeaderFloat64Seconds' was skipped in the test run.
Test 'HeaderFloatSeconds' was skipped in the test run.
Test 'HeaderInt32Seconds' was skipped in the test run.
HeaderISO8601: Test skipped because TestProjects.Spector.Tests.Http.Encode.Duration.EncodeDurationTests.HeaderISO8601 is currently a stubbed implementation.
HeaderISO8601Array: Test skipped because TestProjects.Spector.Tests.Http.Encode.Duration.EncodeDurationTests.HeaderISO8601Array is currently a stubbed implementation.
PropertyDefault: Test skipped because TestProjects.Spector.Tests.Http.Encode.Duration.EncodeDurationTests.PropertyDefault is currently a stubbed implementation.
PropertyDefaultConvenience: Test skipped because TestProjects.Spector.Tests.Http.Encode.Duration.EncodeDurationTests.PropertyDefaultConvenience is currently a stubbed implementation.
PropertyFloat64Seconds: Test skipped because TestProjects.Spector.Tests.Http.Encode.Duration.EncodeDurationTests.PropertyFloat64Seconds is currently a stubbed implementation.
PropertyFloat64SecondsConvenience: Test skipped because TestProjects.Spector.Tests.Http.Encode.Duration.EncodeDurationTests.PropertyFloat64SecondsConvenience is currently a stubbed implementation.
PropertyFloatSeconds: Test skipped because TestProjects.Spector.Tests.Http.Encode.Duration.EncodeDurationTests.PropertyFloatSeconds is currently a stubbed implementation.
PropertyFloatSecondsArray: Test skipped because TestProjects.Spector.Tests.Http.Encode.Duration.EncodeDurationTests.PropertyFloatSecondsArray is currently a stubbed implementation.
PropertyFloatSecondsArrayConvenience: Test skipped because TestProjects.Spector.Tests.Http.Encode.Duration.EncodeDurationTests.PropertyFloatSecondsArrayConvenience is currently a stubbed implementation.
Test 'HeaderISO8601' was skipped in the test run.
Test 'HeaderISO8601Array' was skipped in the test run.
Test 'PropertyDefault' was skipped in the test run.
Test 'PropertyDefaultConvenience' was skipped in the test run.
Test 'PropertyFloat64Seconds' was skipped in the test run.
Test 'PropertyFloat64SecondsConvenience' was skipped in the test run.
Test 'PropertyFloatSeconds' was skipped in the test run.
Test 'PropertyFloatSecondsArray' was skipped in the test run.
Test 'PropertyFloatSecondsArrayConvenience' was skipped in the test run.
PropertyFloatSecondsConvenience: Test skipped because TestProjects.Spector.Tests.Http.Encode.Duration.EncodeDurationTests.PropertyFloatSecondsConvenience is currently a stubbed implementation.
PropertyInt32Seconds: Test skipped because TestProjects.Spector.Tests.Http.Encode.Duration.EncodeDurationTests.PropertyInt32Seconds is currently a stubbed implementation.
PropertyInt32SecondsConvenience: Test skipped because TestProjects.Spector.Tests.Http.Encode.Duration.EncodeDurationTests.PropertyInt32SecondsConvenience is currently a stubbed implementation.
PropertyISO8601: Test skipped because TestProjects.Spector.Tests.Http.Encode.Duration.EncodeDurationTests.PropertyISO8601 is currently a stubbed implementation.
PropertyISO8601Convenience: Test skipped because TestProjects.Spector.Tests.Http.Encode.Duration.EncodeDurationTests.PropertyISO8601Convenience is currently a stubbed implementation.
QueryDefault: Test skipped because TestProjects.Spector.Tests.Http.Encode.Duration.EncodeDurationTests.QueryDefault is currently a stubbed implementation.
QueryFloat64Seconds: Test skipped because TestProjects.Spector.Tests.Http.Encode.Duration.EncodeDurationTests.QueryFloat64Seconds is currently a stubbed implementation.
QueryFloatSeconds: Test skipped because TestProjects.Spector.Tests.Http.Encode.Duration.EncodeDurationTests.QueryFloatSeconds is currently a stubbed implementation.
QueryInt32Seconds: Test skipped because TestProjects.Spector.Tests.Http.Encode.Duration.EncodeDurationTests.QueryInt32Seconds is currently a stubbed implementation.
Test 'PropertyFloatSecondsConvenience' was skipped in the test run.
Test 'PropertyInt32Seconds' was skipped in the test run.
Test 'PropertyInt32SecondsConvenience' was skipped in the test run.
Test 'PropertyISO8601' was skipped in the test run.
Test 'PropertyISO8601Convenience' was skipped in the test run.
Test 'QueryDefault' was skipped in the test run.
Test 'QueryFloat64Seconds' was skipped in the test run.
Test 'QueryFloatSeconds' was skipped in the test run.
Test 'QueryInt32Seconds' was skipped in the test run.
QueryInt32SecondsArray: Test skipped because TestProjects.Spector.Tests.Http.Encode.Duration.EncodeDurationTests.QueryInt32SecondsArray is currently a stubbed implementation.
QueryISO8601: Test skipped because TestProjects.Spector.Tests.Http.Encode.Duration.EncodeDurationTests.QueryISO8601 is currently a stubbed implementation.
Encode_Numeric_Property_safeintAsString: Test skipped because TestProjects.Spector.Tests.Http.Encode.Numeric.EncodeNumericTests.Encode_Numeric_Property_safeintAsString is currently a stubbed implementation.
Encode_Numeric_Property_uint32AsStringOptional: Test skipped because TestProjects.Spector.Tests.Http.Encode.Numeric.EncodeNumericTests.Encode_Numeric_Property_uint32AsStringOptional is currently a stubbed implementation.
Encode_Numeric_Property_uint8AsString: Test skipped because TestProjects.Spector.Tests.Http.Encode.Numeric.EncodeNumericTests.Encode_Numeric_Property_uint8AsString is currently a stubbed implementation.
ExplicitBodySimple: Test skipped because TestProjects.Spector.Tests.Http.Parameters.Basic.BasicParametersTests.ExplicitBodySimple is currently a stubbed implementation.
ImplicitBodySimple: Test skipped because TestProjects.Spector.Tests.Http.Parameters.Basic.BasicParametersTests.ImplicitBodySimple is currently a stubbed implementation.
Parameters_BodyOptionality_OptionalExplicit: Test skipped because TestProjects.Spector.Tests.Http.Parameters.BodyOptionality.BodyOptionalityTests.Parameters_BodyOptionality_OptionalExplicit is currently a stubbed implementation.
Parameters_BodyOptionality_requiredExplicit: Test skipped because TestProjects.Spector.Tests.Http.Parameters.BodyOptionality.BodyOptionalityTests.Parameters_BodyOptionality_requiredExplicit is currently a stubbed implementation.
Test 'QueryInt32SecondsArray' was skipped in the test run.
Test 'QueryISO8601' was skipped in the test run.
Test 'Encode_Numeric_Property_safeintAsString' was skipped in the test run.
Test 'Encode_Numeric_Property_uint32AsStringOptional' was skipped in the test run.
Test 'Encode_Numeric_Property_uint8AsString' was skipped in the test run.
Test 'ExplicitBodySimple' was skipped in the test run.
Test 'ImplicitBodySimple' was skipped in the test run.
Test 'Parameters_BodyOptionality_OptionalExplicit' was skipped in the test run.
Test 'Parameters_BodyOptionality_requiredExplicit' was skipped in the test run.
Parameters_BodyOptionality_requiredImplicit: Test skipped because TestProjects.Spector.Tests.Http.Parameters.BodyOptionality.BodyOptionalityTests.Parameters_BodyOptionality_requiredImplicit is currently a stubbed implementation.
HeaderCsv: Test skipped because TestProjects.Spector.Tests.Http.Parameters.CollectionFormat.CollectionFormatParametersTests.HeaderCsv is currently a stubbed implementation.
QueryCsv: Test skipped because TestProjects.Spector.Tests.Http.Parameters.CollectionFormat.CollectionFormatParametersTests.QueryCsv is currently a stubbed implementation.
QueryMulti: Test skipped because TestProjects.Spector.Tests.Http.Parameters.CollectionFormat.CollectionFormatParametersTests.QueryMulti is currently a stubbed implementation.
QueryMultiAsArray: Test skipped because TestProjects.Spector.Tests.Http.Parameters.CollectionFormat.CollectionFormatParametersTests.QueryMultiAsArray is currently a stubbed implementation.
QueryPipes: Test skipped because TestProjects.Spector.Tests.Http.Parameters.CollectionFormat.CollectionFormatParametersTests.QueryPipes is currently a stubbed implementation.
QuerySsv: Test skipped because TestProjects.Spector.Tests.Http.Parameters.CollectionFormat.CollectionFormatParametersTests.QuerySsv is currently a stubbed implementation.
Normal: Test skipped because TestProjects.Spector.Tests.Http.Parameters.Path.PathTests.Normal is currently a stubbed implementation.
OptionalPathParamIncluded(True): OneTimeSetUp: Test skipped because TestProjects.Spector.Tests.Http.Parameters.Path.PathTests.OptionalPathParamIncluded is currently a stubbed implementation.
OptionalPathParamIncluded(False): OneTimeSetUp: Test skipped because TestProjects.Spector.Tests.Http.Parameters.Path.PathTests.OptionalPathParamIncluded is currently a stubbed implementation.
Test 'Parameters_BodyOptionality_requiredImplicit' was skipped in the test run.
Test 'HeaderCsv' was skipped in the test run.
Test 'QueryCsv' was skipped in the test run.
Test 'QueryMulti' was skipped in the test run.
Test 'QueryMultiAsArray' was skipped in the test run.
Test 'QueryPipes' was skipped in the test run.
Test 'QuerySsv' was skipped in the test run.
Test 'Normal' was skipped in the test run.
Test 'OptionalPathParamIncluded(True)' was skipped in the test run.
Test 'OptionalPathParamIncluded(False)' was skipped in the test run.
Alias_SpreadAliasinAlias: Test skipped because TestProjects.Spector.Tests.Http.Parameters.Spread.SpreadTests.Alias_SpreadAliasinAlias is currently a stubbed implementation.
Alias_SpreadAsRequestBody: Test skipped because TestProjects.Spector.Tests.Http.Parameters.Spread.SpreadTests.Alias_SpreadAsRequestBody is currently a stubbed implementation.
Alias_SpreadAsRequestParameter: Test skipped because TestProjects.Spector.Tests.Http.Parameters.Spread.SpreadTests.Alias_SpreadAsRequestParameter is currently a stubbed implementation.
Alias_SpreadWithModel: Test skipped because TestProjects.Spector.Tests.Http.Parameters.Spread.SpreadTests.Alias_SpreadWithModel is currently a stubbed implementation.
Alias_SpreadWithMultipleParameters: Test skipped because TestProjects.Spector.Tests.Http.Parameters.Spread.SpreadTests.Alias_SpreadWithMultipleParameters is currently a stubbed implementation.
Model_SpreadAsRequestBody: Test skipped because TestProjects.Spector.Tests.Http.Parameters.Spread.SpreadTests.Model_SpreadAsRequestBody is currently a stubbed implementation.
Model_SpreadCompositeRequest: Test skipped because TestProjects.Spector.Tests.Http.Parameters.Spread.SpreadTests.Model_SpreadCompositeRequest is currently a stubbed implementation.
Model_SpreadCompositeRequestMix: Test skipped because TestProjects.Spector.Tests.Http.Parameters.Spread.SpreadTests.Model_SpreadCompositeRequestMix is currently a stubbed implementation.
Model_SpreadCompositeRequestOnlyWithBody: Test skipped because TestProjects.Spector.Tests.Http.Parameters.Spread.SpreadTests.Model_SpreadCompositeRequestOnlyWithBody is currently a stubbed implementation.
Test 'Alias_SpreadAliasinAlias' was skipped in the test run.
Test 'Alias_SpreadAsRequestBody' was skipped in the test run.
Test 'Alias_SpreadAsRequestParameter' was skipped in the test run.
Test 'Alias_SpreadWithModel' was skipped in the test run.
Test 'Alias_SpreadWithMultipleParameters' was skipped in the test run.
Test 'Model_SpreadAsRequestBody' was skipped in the test run.
Test 'Model_SpreadCompositeRequest' was skipped in the test run.
Test 'Model_SpreadCompositeRequestMix' was skipped in the test run.
Test 'Model_SpreadCompositeRequestOnlyWithBody' was skipped in the test run.
Model_SpreadCompositeRequestOnlyWithoutBody: Test skipped because TestProjects.Spector.Tests.Http.Parameters.Spread.SpreadTests.Model_SpreadCompositeRequestOnlyWithoutBody is currently a stubbed implementation.
CreateResource: Test skipped because TestProjects.Spector.Tests.Http.Payload.JsonMergePatch.JsonMergePatchTests.CreateResource is currently a stubbed implementation.
UpdateOptionalResource: Test skipped because TestProjects.Spector.Tests.Http.Payload.JsonMergePatch.JsonMergePatchTests.UpdateOptionalResource is currently a stubbed implementation.
Test 'Model_SpreadCompositeRequestOnlyWithoutBody' was skipped in the test run.
Test 'CreateResource' was skipped in the test run.
Test 'UpdateOptionalResource' was skipped in the test run.
UpdateResource: Test skipped because TestProjects.Spector.Tests.Http.Payload.JsonMergePatch.JsonMergePatchTests.UpdateResource is currently a stubbed implementation.
GetAsJson: Test skipped because TestProjects.Spector.Tests.Http.Payload.MediaType.MediaTypeTests.GetAsJson is currently a stubbed implementation.
GetAsText: Test skipped because TestProjects.Spector.Tests.Http.Payload.MediaType.MediaTypeTests.GetAsText is currently a stubbed implementation.
SendAsJson: Test skipped because TestProjects.Spector.Tests.Http.Payload.MediaType.MediaTypeTests.SendAsJson is currently a stubbed implementation.
SendAsText: Test skipped because TestProjects.Spector.Tests.Http.Payload.MediaType.MediaTypeTests.SendAsText is currently a stubbed implementation.
Test 'UpdateResource' was skipped in the test run.
Test 'GetAsJson' was skipped in the test run.
Test 'GetAsText' was skipped in the test run.
Test 'SendAsJson' was skipped in the test run.
Test 'SendAsText' was skipped in the test run.
RequestHeaderResponseBodyConvenienceMethod: Test skipped because TestProjects.Spector.Tests.Http.Payload.Pageable.ContinuationTokenPaginationTests.RequestHeaderResponseBodyConvenienceMethod is currently a stubbed implementation.
Test 'RequestHeaderResponseBodyConvenienceMethod' was skipped in the test run.
RequestHeaderResponseBodyConvenienceMethodSync: Test skipped because TestProjects.Spector.Tests.Http.Payload.Pageable.ContinuationTokenPaginationTests.RequestHeaderResponseBodyConvenienceMethodSync is currently a stubbed implementation.
RequestHeaderResponseBodyProtocolMethod: Test skipped because TestProjects.Spector.Tests.Http.Payload.Pageable.ContinuationTokenPaginationTests.RequestHeaderResponseBodyProtocolMethod is currently a stubbed implementation.
RequestHeaderResponseBodyProtocolMethodSync: Test skipped because TestProjects.Spector.Tests.Http.Payload.Pageable.ContinuationTokenPaginationTests.RequestHeaderResponseBodyProtocolMethodSync is currently a stubbed implementation.
RequestHeaderResponseHeaderConvenienceMethod: Test skipped because TestProjects.Spector.Tests.Http.Payload.Pageable.ContinuationTokenPaginationTests.RequestHeaderResponseHeaderConvenienceMethod is currently a stubbed implementation.
RequestHeaderResponseHeaderProtocolMethod: Test skipped because TestProjects.Spector.Tests.Http.Payload.Pageable.ContinuationTokenPaginationTests.RequestHeaderResponseHeaderProtocolMethod is currently a stubbed implementation.
RequestQueryResponseBodyConvenienceMethod: Test skipped because TestProjects.Spector.Tests.Http.Payload.Pageable.ContinuationTokenPaginationTests.RequestQueryResponseBodyConvenienceMethod is currently a stubbed implementation.
RequestQueryResponseBodyProtocolMethod: Test skipped because TestProjects.Spector.Tests.Http.Payload.Pageable.ContinuationTokenPaginationTests.RequestQueryResponseBodyProtocolMethod is currently a stubbed implementation.
RequestQueryResponseHeaderConvenienceMethod: Test skipped because TestProjects.Spector.Tests.Http.Payload.Pageable.ContinuationTokenPaginationTests.RequestQueryResponseHeaderConvenienceMethod is currently a stubbed implementation.
RequestQueryResponseHeaderProtocolMethod: Test skipped because TestProjects.Spector.Tests.Http.Payload.Pageable.ContinuationTokenPaginationTests.RequestQueryResponseHeaderProtocolMethod is currently a stubbed implementation.
Test 'RequestHeaderResponseBodyConvenienceMethodSync' was skipped in the test run.
Test 'RequestHeaderResponseBodyProtocolMethod' was skipped in the test run.
Test 'RequestHeaderResponseBodyProtocolMethodSync' was skipped in the test run.
Test 'RequestHeaderResponseHeaderConvenienceMethod' was skipped in the test run.
Test 'RequestHeaderResponseHeaderProtocolMethod' was skipped in the test run.
Test 'RequestQueryResponseBodyConvenienceMethod' was skipped in the test run.
Test 'RequestQueryResponseBodyProtocolMethod' was skipped in the test run.
Test 'RequestQueryResponseHeaderConvenienceMethod' was skipped in the test run.
Test 'RequestQueryResponseHeaderProtocolMethod' was skipped in the test run.
ConvenienceMethod: Test skipped because TestProjects.Spector.Tests.Http.Payload.Pageable.NextLinkPaginationTests.ConvenienceMethod is currently a stubbed implementation.
ConvenienceMethodSync: Test skipped because TestProjects.Spector.Tests.Http.Payload.Pageable.NextLinkPaginationTests.ConvenienceMethodSync is currently a stubbed implementation.
ProtocolMethod: Test skipped because TestProjects.Spector.Tests.Http.Payload.Pageable.NextLinkPaginationTests.ProtocolMethod is currently a stubbed implementation.
ProtocolMethodSync: Test skipped because TestProjects.Spector.Tests.Http.Payload.Pageable.NextLinkPaginationTests.ProtocolMethodSync is currently a stubbed implementation.
AddOptionalParamFromNone_V1Client_V1Service_WithApiVersionV1: Test skipped because TestProjects.Spector.Tests.Http.Resiliency.SrvDriven.V1.SrvDrivenV1Tests.AddOptionalParamFromNone_V1Client_V1Service_WithApiVersionV1 is currently a stubbed implementation.
AddOptionalParamFromNone_V1Client_V2Service_WithApiVersionV1: Test skipped because TestProjects.Spector.Tests.Http.Resiliency.SrvDriven.V1.SrvDrivenV1Tests.AddOptionalParamFromNone_V1Client_V2Service_WithApiVersionV1 is currently a stubbed implementation.
AddOptionalParamFromOneOptional_V1Client_V1Service_WithApiVersionV1: Test skipped because TestProjects.Spector.Tests.Http.Resiliency.SrvDriven.V1.SrvDrivenV1Tests.AddOptionalParamFromOneOptional_V1Client_V1Service_WithApiVersionV1 is currently a stubbed implementation.
AddOptionalParamFromOneOptional_V1Client_V2Service_WithApiVersionV1: Test skipped because TestProjects.Spector.Tests.Http.Resiliency.SrvDriven.V1.SrvDrivenV1Tests.AddOptionalParamFromOneOptional_V1Client_V2Service_WithApiVersionV1 is currently a stubbed implementation.
AddOptionalParamFromOneRequired_V1Client_V1Service_WithApiVersionV1: Test skipped because TestProjects.Spector.Tests.Http.Resiliency.SrvDriven.V1.SrvDrivenV1Tests.AddOptionalParamFromOneRequired_V1Client_V1Service_WithApiVersionV1 is currently a stubbed implementation.
Test 'ConvenienceMethod' was skipped in the test run.
Test 'ConvenienceMethodSync' was skipped in the test run.
Test 'ProtocolMethod' was skipped in the test run.
Test 'ProtocolMethodSync' was skipped in the test run.
Test 'AddOptionalParamFromNone_V1Client_V1Service_WithApiVersionV1' was skipped in the test run.
Test 'AddOptionalParamFromNone_V1Client_V2Service_WithApiVersionV1' was skipped in the test run.
Test 'AddOptionalParamFromOneOptional_V1Client_V1Service_WithApiVersionV1' was skipped in the test run.
Test 'AddOptionalParamFromOneOptional_V1Client_V2Service_WithApiVersionV1' was skipped in the test run.
Test 'AddOptionalParamFromOneRequired_V1Client_V1Service_WithApiVersionV1' was skipped in the test run.
AddOptionalParamFromOneRequired_V1Client_V2Service_WithApiVersionV1: Test skipped because TestProjects.Spector.Tests.Http.Resiliency.SrvDriven.V1.SrvDrivenV1Tests.AddOptionalParamFromOneRequired_V1Client_V2Service_WithApiVersionV1 is currently a stubbed implementation.
AddOperation: Test skipped because TestProjects.Spector.Tests.Http.Resiliency.SrvDriven.V2.SrvDrivenV2Tests.AddOperation is currently a stubbed implementation.
AddOptionalParamFromNone_WithApiVersionV1: Test skipped because TestProjects.Spector.Tests.Http.Resiliency.SrvDriven.V2.SrvDrivenV2Tests.AddOptionalParamFromNone_WithApiVersionV1 is currently a stubbed implementation.
AddOptionalParamFromNone_WithApiVersionV2: Test skipped because TestProjects.Spector.Tests.Http.Resiliency.SrvDriven.V2.SrvDrivenV2Tests.AddOptionalParamFromNone_WithApiVersionV2 is currently a stubbed implementation.
AddOptionalParamFromOneOptional_WithApiVersionV1: Test skipped because TestProjects.Spector.Tests.Http.Resiliency.SrvDriven.V2.SrvDrivenV2Tests.AddOptionalParamFromOneOptional_WithApiVersionV1 is currently a stubbed implementation.
AddOptionalParamFromOneOptional_WithApiVersionV2: Test skipped because TestProjects.Spector.Tests.Http.Resiliency.SrvDriven.V2.SrvDrivenV2Tests.AddOptionalParamFromOneOptional_WithApiVersionV2 is currently a stubbed implementation.
AddOptionalParamFromOneRequired_WithApiVersionV1: Test skipped because TestProjects.Spector.Tests.Http.Resiliency.SrvDriven.V2.SrvDrivenV2Tests.AddOptionalParamFromOneRequired_WithApiVersionV1 is currently a stubbed implementation.
AddOptionalParamFromOneRequired_WithApiVersionV2: Test skipped because TestProjects.Spector.Tests.Http.Resiliency.SrvDriven.V2.SrvDrivenV2Tests.AddOptionalParamFromOneRequired_WithApiVersionV2 is currently a stubbed implementation.
StatusCodeInRange: Test skipped because TestProjects.Spector.Tests.Http.Response.StatusCodeRange.StatusCodeRangeTests.StatusCodeInRange is currently a stubbed implementation.
Test 'AddOptionalParamFromOneRequired_V1Client_V2Service_WithApiVersionV1' was skipped in the test run.
Test 'AddOperation' was skipped in the test run.
Test 'AddOptionalParamFromNone_WithApiVersionV1' was skipped in the test run.
Test 'AddOptionalParamFromNone_WithApiVersionV2' was skipped in the test run.
Test 'AddOptionalParamFromOneOptional_WithApiVersionV1' was skipped in the test run.
Test 'AddOptionalParamFromOneOptional_WithApiVersionV2' was skipped in the test run.
Test 'AddOptionalParamFromOneRequired_WithApiVersionV1' was skipped in the test run.
Test 'AddOptionalParamFromOneRequired_WithApiVersionV2' was skipped in the test run.
Test 'StatusCodeInRange' was skipped in the test run.
StatusCodeNotFound: Test skipped because TestProjects.Spector.Tests.Http.Response.StatusCodeRange.StatusCodeRangeTests.StatusCodeNotFound is currently a stubbed implementation.
Explicit: Test skipped because TestProjects.Spector.Tests.Http.Routes.PathParameterTests.Explicit is currently a stubbed implementation.
Fixed: Test skipped because TestProjects.Spector.Tests.Http.Routes.PathParameterTests.Fixed is currently a stubbed implementation.
InInterface: Test skipped because TestProjects.Spector.Tests.Http.Routes.PathParameterTests.InInterface is currently a stubbed implementation.
LabelExpansionArray: https://github.com/Azure/cadl-ranch/issues/772
LabelExpansionExplodeArray: https://github.com/Azure/cadl-ranch/issues/772
LabelExpansionExplodePrimitive: https://github.com/Azure/cadl-ranch/issues/772
LabelExpansionExplodeRecord: https://github.com/Azure/cadl-ranch/issues/772
LabelExpansionPrimitive: https://github.com/Azure/cadl-ranch/issues/772
Test 'StatusCodeNotFound' was skipped in the test run.
Test 'Explicit' was skipped in the test run.
Test 'Fixed' was skipped in the test run.
Test 'InInterface' was skipped in the test run.
Test 'LabelExpansionArray' was skipped in the test run.
Test 'LabelExpansionExplodeArray' was skipped in the test run.
Test 'LabelExpansionExplodePrimitive' was skipped in the test run.
Test 'LabelExpansionExplodeRecord' was skipped in the test run.
Test 'LabelExpansionPrimitive' was skipped in the test run.
LabelExpansionRecord: https://github.com/Azure/cadl-ranch/issues/772
PathAnnotationOnly: Test skipped because TestProjects.Spector.Tests.Http.Routes.PathParameterTests.PathAnnotationOnly is currently a stubbed implementation.
PathExplicit: Test skipped because TestProjects.Spector.Tests.Http.Routes.PathParameterTests.PathExplicit is currently a stubbed implementation.
PathTemplateOnly: Test skipped because TestProjects.Spector.Tests.Http.Routes.PathParameterTests.PathTemplateOnly is currently a stubbed implementation.
ReservedAnnotation: Test skipped because TestProjects.Spector.Tests.Http.Routes.PathParameterTests.ReservedAnnotation is currently a stubbed implementation.
ReservedTemplate: Test skipped because TestProjects.Spector.Tests.Http.Routes.PathParameterTests.ReservedTemplate is currently a stubbed implementation.
QueryAnnotationOnly: Test skipped because TestProjects.Spector.Tests.Http.Routes.QueryParameterTests.QueryAnnotationOnly is currently a stubbed implementation.
QueryContinuationArray: https://github.com/microsoft/typespec/issues/5139
QueryContinuationPrimitive: https://github.com/microsoft/typespec/issues/5139
Test 'LabelExpansionRecord' was skipped in the test run.
Test 'PathAnnotationOnly' was skipped in the test run.
Test 'PathExplicit' was skipped in the test run.
Test 'PathTemplateOnly' was skipped in the test run.
Test 'ReservedAnnotation' was skipped in the test run.
Test 'ReservedTemplate' was skipped in the test run.
Test 'QueryAnnotationOnly' was skipped in the test run.
Test 'QueryContinuationArray' was skipped in the test run.
Test 'QueryContinuationPrimitive' was skipped in the test run.
QueryContinuationRecord: https://github.com/microsoft/typespec/issues/5139
QueryExpansionArray: Test skipped because TestProjects.Spector.Tests.Http.Routes.QueryParameterTests.QueryExpansionArray is currently a stubbed implementation.
QueryExpansionExplodeArray: Test skipped because TestProjects.Spector.Tests.Http.Routes.QueryParameterTests.QueryExpansionExplodeArray is currently a stubbed implementation.
QueryExpansionExplodePrimitive: Test skipped because TestProjects.Spector.Tests.Http.Routes.QueryParameterTests.QueryExpansionExplodePrimitive is currently a stubbed implementation.
QueryExpansionExplodeRecord: Test skipped because TestProjects.Spector.Tests.Http.Routes.QueryParameterTests.QueryExpansionExplodeRecord is currently a stubbed implementation.
QueryExpansionPrimitive: Test skipped because TestProjects.Spector.Tests.Http.Routes.QueryParameterTests.QueryExpansionPrimitive is currently a stubbed implementation.
QueryExpansionRecord: Test skipped because TestProjects.Spector.Tests.Http.Routes.QueryParameterTests.QueryExpansionRecord is currently a stubbed implementation.
QueryExplicit: Test skipped because TestProjects.Spector.Tests.Http.Routes.QueryParameterTests.QueryExplicit is currently a stubbed implementation.
QueryTemplateOnly: Test skipped because TestProjects.Spector.Tests.Http.Routes.QueryParameterTests.QueryTemplateOnly is currently a stubbed implementation.
Test 'QueryContinuationRecord' was skipped in the test run.
Test 'QueryExpansionArray' was skipped in the test run.
Test 'QueryExpansionExplodeArray' was skipped in the test run.
Test 'QueryExpansionExplodePrimitive' was skipped in the test run.
Test 'QueryExpansionExplodeRecord' was skipped in the test run.
Test 'QueryExpansionPrimitive' was skipped in the test run.
Test 'QueryExpansionRecord' was skipped in the test run.
Test 'QueryExplicit' was skipped in the test run.
Test 'QueryTemplateOnly' was skipped in the test run.
PropertyGet: Test skipped because TestProjects.Spector.Tests.Http.Serialization.EncodedName.Json.EncodedNameJsonTests.PropertyGet is currently a stubbed implementation.
PropertySend: Test skipped because TestProjects.Spector.Tests.Http.Serialization.EncodedName.Json.EncodedNameJsonTests.PropertySend is currently a stubbed implementation.
Valid: Test skipped because TestProjects.Spector.Tests.Http.Server.Endpoint.NotDefined.NotDefinedTests.Valid is currently a stubbed implementation.
NoOperationParams: Test skipped because TestProjects.Spector.Tests.Http.Server.Path.Multiple.MultipleTests.NoOperationParams is currently a stubbed implementation.
WithOperationPathParam: Test skipped because TestProjects.Spector.Tests.Http.Server.Path.Multiple.MultipleTests.WithOperationPathParam is currently a stubbed implementation.
MyOp: Test skipped because TestProjects.Spector.Tests.Http.Server.Path.Single.SingleTests.MyOp is currently a stubbed implementation.
WithoutApiVersion: Test skipped because TestProjects.Spector.Tests.Http.Server.Versions.NotVersioned.NotVersionedTests.WithoutApiVersion is currently a stubbed implementation.
WithPathApiVersion: Test skipped because TestProjects.Spector.Tests.Http.Server.Versions.NotVersioned.NotVersionedTests.WithPathApiVersion is currently a stubbed implementation.
WithQueryApiVersion: Test skipped because TestProjects.Spector.Tests.Http.Server.Versions.NotVersioned.NotVersionedTests.WithQueryApiVersion is currently a stubbed implementation.
Test 'PropertyGet' was skipped in the test run.
Test 'PropertySend' was skipped in the test run.
Test 'Valid' was skipped in the test run.
Test 'NoOperationParams' was skipped in the test run.
Test 'WithOperationPathParam' was skipped in the test run.
Test 'MyOp' was skipped in the test run.
Test 'WithoutApiVersion' was skipped in the test run.
Test 'WithPathApiVersion' was skipped in the test run.
Test 'WithQueryApiVersion' was skipped in the test run.
WithoutApiVersion: Test skipped because TestProjects.Spector.Tests.Http.Server.Versions.Versioned.VersionedTests.WithoutApiVersion is currently a stubbed implementation.
WithPathApiVersion: Test skipped because TestProjects.Spector.Tests.Http.Server.Versions.Versioned.VersionedTests.WithPathApiVersion is currently a stubbed implementation.
WithQueryApiVersion: Test skipped because TestProjects.Spector.Tests.Http.Server.Versions.Versioned.VersionedTests.WithQueryApiVersion is currently a stubbed implementation.
WithQueryOldApiVersion: Test skipped because TestProjects.Spector.Tests.Http.Server.Versions.Versioned.VersionedTests.WithQueryOldApiVersion is currently a stubbed implementation.
Special_Headers_Conditional_Request_HeadIfModifiedSince: Test skipped because TestProjects.Spector.Tests.Http.SpecialHeaders.ConditionalRequest.ConditionalRequestHeaderTests.Special_Headers_Conditional_Request_HeadIfModifiedSince is currently a stubbed implementation.
Special_Headers_Conditional_Request_PostIfMatch: Test skipped because TestProjects.Spector.Tests.Http.SpecialHeaders.ConditionalRequest.ConditionalRequestHeaderTests.Special_Headers_Conditional_Request_PostIfMatch is currently a stubbed implementation.
Special_Headers_Conditional_Request_PostIfNoneMatch: Test skipped because TestProjects.Spector.Tests.Http.SpecialHeaders.ConditionalRequest.ConditionalRequestHeaderTests.Special_Headers_Conditional_Request_PostIfNoneMatch is currently a stubbed implementation.
Special_Headers_Conditional_Request_PostIfUnmodifiedSince: Test skipped because TestProjects.Spector.Tests.Http.SpecialHeaders.ConditionalRequest.ConditionalRequestHeaderTests.Special_Headers_Conditional_Request_PostIfUnmodifiedSince is currently a stubbed implementation.
ImmediateSuccess: Test skipped because TestProjects.Spector.Tests.Http.SpecialHeaders.Repeatability.RepeatabilityTests.ImmediateSuccess is currently a stubbed implementation.
Test 'WithoutApiVersion' was skipped in the test run.
Test 'WithPathApiVersion' was skipped in the test run.
Test 'WithQueryApiVersion' was skipped in the test run.
Test 'WithQueryOldApiVersion' was skipped in the test run.
Test 'Special_Headers_Conditional_Request_HeadIfModifiedSince' was skipped in the test run.
Test 'Special_Headers_Conditional_Request_PostIfMatch' was skipped in the test run.
Test 'Special_Headers_Conditional_Request_PostIfNoneMatch' was skipped in the test run.
Test 'Special_Headers_Conditional_Request_PostIfUnmodifiedSince' was skipped in the test run.
Test 'ImmediateSuccess' was skipped in the test run.
ModelProperties_SameAsModelAsync: Test skipped because TestProjects.Spector.Tests.Http.SpecialWords.SpecialWordsTests.ModelProperties_SameAsModelAsync is currently a stubbed implementation.
ModelsWithAndAsync: Test skipped because TestProjects.Spector.Tests.Http.SpecialWords.SpecialWordsTests.ModelsWithAndAsync is currently a stubbed implementation.
ModelsWithAsAsync: Test skipped because TestProjects.Spector.Tests.Http.SpecialWords.SpecialWordsTests.ModelsWithAsAsync is currently a stubbed implementation.
ModelsWithAssertAsync: Test skipped because TestProjects.Spector.Tests.Http.SpecialWords.SpecialWordsTests.ModelsWithAssertAsync is currently a stubbed implementation.
ModelsWithAsyncAsync: Test skipped because TestProjects.Spector.Tests.Http.SpecialWords.SpecialWordsTests.ModelsWithAsyncAsync is currently a stubbed implementation.
ModelsWithAwaitAsync: Test skipped because TestProjects.Spector.Tests.Http.SpecialWords.SpecialWordsTests.ModelsWithAwaitAsync is currently a stubbed implementation.
ModelsWithBreakAsync: Test skipped because TestProjects.Spector.Tests.Http.SpecialWords.SpecialWordsTests.ModelsWithBreakAsync is currently a stubbed implementation.
ModelsWithClassAsync: Test skipped because TestProjects.Spector.Tests.Http.SpecialWords.SpecialWordsTests.ModelsWithClassAsync is currently a stubbed implementation.
Test 'ModelProperties_SameAsModelAsync' was skipped in the test run.
Test 'ModelsWithAndAsync' was skipped in the test run.
Test 'ModelsWithAsAsync' was skipped in the test run.
Test 'ModelsWithAssertAsync' was skipped in the test run.
Test 'ModelsWithAsyncAsync' was skipped in the test run.
Test 'ModelsWithAwaitAsync' was skipped in the test run.
Test 'ModelsWithBreakAsync' was skipped in the test run.
Test 'ModelsWithClassAsync' was skipped in the test run.
ModelsWithConstructorAsync: Test skipped because TestProjects.Spector.Tests.Http.SpecialWords.SpecialWordsTests.ModelsWithConstructorAsync is currently a stubbed implementation.
ModelsWithContinueAsync: Test skipped because TestProjects.Spector.Tests.Http.SpecialWords.SpecialWordsTests.ModelsWithContinueAsync is currently a stubbed implementation.
ModelsWithDefAsync: Test skipped because TestProjects.Spector.Tests.Http.SpecialWords.SpecialWordsTests.ModelsWithDefAsync is currently a stubbed implementation.
ModelsWithDelAsync: Test skipped because TestProjects.Spector.Tests.Http.SpecialWords.SpecialWordsTests.ModelsWithDelAsync is currently a stubbed implementation.
ModelsWithElifAsync: Test skipped because TestProjects.Spector.Tests.Http.SpecialWords.SpecialWordsTests.ModelsWithElifAsync is currently a stubbed implementation.
ModelsWithElseAsync: Test skipped because TestProjects.Spector.Tests.Http.SpecialWords.SpecialWordsTests.ModelsWithElseAsync is currently a stubbed implementation.
ModelsWithExceptAsync: Test skipped because TestProjects.Spector.Tests.Http.SpecialWords.SpecialWordsTests.ModelsWithExceptAsync is currently a stubbed implementation.
ModelsWithExecAsync: Test skipped because TestProjects.Spector.Tests.Http.SpecialWords.SpecialWordsTests.ModelsWithExecAsync is currently a stubbed implementation.
ModelsWithFinallyAsync: Test skipped because TestProjects.Spector.Tests.Http.SpecialWords.SpecialWordsTests.ModelsWithFinallyAsync is currently a stubbed implementation.
Test 'ModelsWithConstructorAsync' was skipped in the test run.
Test 'ModelsWithContinueAsync' was skipped in the test run.
Test 'ModelsWithDefAsync' was skipped in the test run.
Test 'ModelsWithDelAsync' was skipped in the test run.
Test 'ModelsWithElifAsync' was skipped in the test run.
Test 'ModelsWithElseAsync' was skipped in the test run.
Test 'ModelsWithExceptAsync' was skipped in the test run.
Test 'ModelsWithExecAsync' was skipped in the test run.
Test 'ModelsWithFinallyAsync' was skipped in the test run.
ModelsWithForAsync: Test skipped because TestProjects.Spector.Tests.Http.SpecialWords.SpecialWordsTests.ModelsWithForAsync is currently a stubbed implementation.
ModelsWithFromAsync: Test skipped because TestProjects.Spector.Tests.Http.SpecialWords.SpecialWordsTests.ModelsWithFromAsync is currently a stubbed implementation.
ModelsWithGlobalAsync: Test skipped because TestProjects.Spector.Tests.Http.SpecialWords.SpecialWordsTests.ModelsWithGlobalAsync is currently a stubbed implementation.
ModelsWithIfAsync: Test skipped because TestProjects.Spector.Tests.Http.SpecialWords.SpecialWordsTests.ModelsWithIfAsync is currently a stubbed implementation.
ModelsWithImportAsync: Test skipped because TestProjects.Spector.Tests.Http.SpecialWords.SpecialWordsTests.ModelsWithImportAsync is currently a stubbed implementation.
ModelsWithInAsync: Test skipped because TestProjects.Spector.Tests.Http.SpecialWords.SpecialWordsTests.ModelsWithInAsync is currently a stubbed implementation.
ModelsWithIsAsync: Test skipped because TestProjects.Spector.Tests.Http.SpecialWords.SpecialWordsTests.ModelsWithIsAsync is currently a stubbed implementation.
ModelsWithLambdaAsync: Test skipped because TestProjects.Spector.Tests.Http.SpecialWords.SpecialWordsTests.ModelsWithLambdaAsync is currently a stubbed implementation.
ModelsWithNotAsync: Test skipped because TestProjects.Spector.Tests.Http.SpecialWords.SpecialWordsTests.ModelsWithNotAsync is currently a stubbed implementation.
Test 'ModelsWithForAsync' was skipped in the test run.
Test 'ModelsWithFromAsync' was skipped in the test run.
Test 'ModelsWithGlobalAsync' was skipped in the test run.
Test 'ModelsWithIfAsync' was skipped in the test run.
Test 'ModelsWithImportAsync' was skipped in the test run.
Test 'ModelsWithInAsync' was skipped in the test run.
Test 'ModelsWithIsAsync' was skipped in the test run.
Test 'ModelsWithLambdaAsync' was skipped in the test run.
Test 'ModelsWithNotAsync' was skipped in the test run.
ModelsWithOrAsync: Test skipped because TestProjects.Spector.Tests.Http.SpecialWords.SpecialWordsTests.ModelsWithOrAsync is currently a stubbed implementation.
ModelsWithPassAsync: Test skipped because TestProjects.Spector.Tests.Http.SpecialWords.SpecialWordsTests.ModelsWithPassAsync is currently a stubbed implementation.
ModelsWithRaiseAsync: Test skipped because TestProjects.Spector.Tests.Http.SpecialWords.SpecialWordsTests.ModelsWithRaiseAsync is currently a stubbed implementation.
ModelsWithReturnAsync: Test skipped because TestProjects.Spector.Tests.Http.SpecialWords.SpecialWordsTests.ModelsWithReturnAsync is currently a stubbed implementation.
ModelsWithTryAsync: Test skipped because TestProjects.Spector.Tests.Http.SpecialWords.SpecialWordsTests.ModelsWithTryAsync is currently a stubbed implementation.
ModelsWithWhileAsync: Test skipped because TestProjects.Spector.Tests.Http.SpecialWords.SpecialWordsTests.ModelsWithWhileAsync is currently a stubbed implementation.
ModelsWithWithAsync: Test skipped because TestProjects.Spector.Tests.Http.SpecialWords.SpecialWordsTests.ModelsWithWithAsync is currently a stubbed implementation.
ModelsWithYieldAsync: Test skipped because TestProjects.Spector.Tests.Http.SpecialWords.SpecialWordsTests.ModelsWithYieldAsync is currently a stubbed implementation.
OperationsAndAsync: Test skipped because TestProjects.Spector.Tests.Http.SpecialWords.SpecialWordsTests.OperationsAndAsync is currently a stubbed implementation.
Test 'ModelsWithOrAsync' was skipped in the test run.
Test 'ModelsWithPassAsync' was skipped in the test run.
Test 'ModelsWithRaiseAsync' was skipped in the test run.
Test 'ModelsWithReturnAsync' was skipped in the test run.
Test 'ModelsWithTryAsync' was skipped in the test run.
Test 'ModelsWithWhileAsync' was skipped in the test run.
Test 'ModelsWithWithAsync' was skipped in the test run.
Test 'ModelsWithYieldAsync' was skipped in the test run.
Test 'OperationsAndAsync' was skipped in the test run.
OperationsAsAsync: Test skipped because TestProjects.Spector.Tests.Http.SpecialWords.SpecialWordsTests.OperationsAsAsync is currently a stubbed implementation.
OperationsAssertAsync: Test skipped because TestProjects.Spector.Tests.Http.SpecialWords.SpecialWordsTests.OperationsAssertAsync is currently a stubbed implementation.
OperationsAsyncAsync: Test skipped because TestProjects.Spector.Tests.Http.SpecialWords.SpecialWordsTests.OperationsAsyncAsync is currently a stubbed implementation.
OperationsAwaitAsync: Test skipped because TestProjects.Spector.Tests.Http.SpecialWords.SpecialWordsTests.OperationsAwaitAsync is currently a stubbed implementation.
OperationsBreakAsync: Test skipped because TestProjects.Spector.Tests.Http.SpecialWords.SpecialWordsTests.OperationsBreakAsync is currently a stubbed implementation.
OperationsClassAsync: Test skipped because TestProjects.Spector.Tests.Http.SpecialWords.SpecialWordsTests.OperationsClassAsync is currently a stubbed implementation.
OperationsConstructorAsync: Test skipped because TestProjects.Spector.Tests.Http.SpecialWords.SpecialWordsTests.OperationsConstructorAsync is currently a stubbed implementation.
OperationsContinueAsync: Test skipped because TestProjects.Spector.Tests.Http.SpecialWords.SpecialWordsTests.OperationsContinueAsync is currently a stubbed implementation.
OperationsDefAsync: Test skipped because TestProjects.Spector.Tests.Http.SpecialWords.SpecialWordsTests.OperationsDefAsync is currently a stubbed implementation.
Test 'OperationsAsAsync' was skipped in the test run.
Test 'OperationsAssertAsync' was skipped in the test run.
Test 'OperationsAsyncAsync' was skipped in the test run.
Test 'OperationsAwaitAsync' was skipped in the test run.
Test 'OperationsBreakAsync' was skipped in the test run.
Test 'OperationsClassAsync' was skipped in the test run.
Test 'OperationsConstructorAsync' was skipped in the test run.
Test 'OperationsContinueAsync' was skipped in the test run.
Test 'OperationsDefAsync' was skipped in the test run.
OperationsDelAsync: Test skipped because TestProjects.Spector.Tests.Http.SpecialWords.SpecialWordsTests.OperationsDelAsync is currently a stubbed implementation.
OperationsElifAsync: Test skipped because TestProjects.Spector.Tests.Http.SpecialWords.SpecialWordsTests.OperationsElifAsync is currently a stubbed implementation.
OperationsElseAsync: Test skipped because TestProjects.Spector.Tests.Http.SpecialWords.SpecialWordsTests.OperationsElseAsync is currently a stubbed implementation.
OperationsExceptAsync: Test skipped because TestProjects.Spector.Tests.Http.SpecialWords.SpecialWordsTests.OperationsExceptAsync is currently a stubbed implementation.
OperationsExecAsync: Test skipped because TestProjects.Spector.Tests.Http.SpecialWords.SpecialWordsTests.OperationsExecAsync is currently a stubbed implementation.
OperationsFinallyAsync: Test skipped because TestProjects.Spector.Tests.Http.SpecialWords.SpecialWordsTests.OperationsFinallyAsync is currently a stubbed implementation.
OperationsForAsync: Test skipped because TestProjects.Spector.Tests.Http.SpecialWords.SpecialWordsTests.OperationsForAsync is currently a stubbed implementation.
OperationsFromAsync: Test skipped because TestProjects.Spector.Tests.Http.SpecialWords.SpecialWordsTests.OperationsFromAsync is currently a stubbed implementation.
OperationsGlobalAsync: Test skipped because TestProjects.Spector.Tests.Http.SpecialWords.SpecialWordsTests.OperationsGlobalAsync is currently a stubbed implementation.
Test 'OperationsDelAsync' was skipped in the test run.
Test 'OperationsElifAsync' was skipped in the test run.
Test 'OperationsElseAsync' was skipped in the test run.
Test 'OperationsExceptAsync' was skipped in the test run.
Test 'OperationsExecAsync' was skipped in the test run.
Test 'OperationsFinallyAsync' was skipped in the test run.
Test 'OperationsForAsync' was skipped in the test run.
Test 'OperationsFromAsync' was skipped in the test run.
Test 'OperationsGlobalAsync' was skipped in the test run.
OperationsIfAsync: Test skipped because TestProjects.Spector.Tests.Http.SpecialWords.SpecialWordsTests.OperationsIfAsync is currently a stubbed implementation.
OperationsImportAsync: Test skipped because TestProjects.Spector.Tests.Http.SpecialWords.SpecialWordsTests.OperationsImportAsync is currently a stubbed implementation.
OperationsInAsync: Test skipped because TestProjects.Spector.Tests.Http.SpecialWords.SpecialWordsTests.OperationsInAsync is currently a stubbed implementation.
OperationsIsAsync: Test skipped because TestProjects.Spector.Tests.Http.SpecialWords.SpecialWordsTests.OperationsIsAsync is currently a stubbed implementation.
OperationsLambdaAsync: Test skipped because TestProjects.Spector.Tests.Http.SpecialWords.SpecialWordsTests.OperationsLambdaAsync is currently a stubbed implementation.
OperationsNotAsync: Test skipped because TestProjects.Spector.Tests.Http.SpecialWords.SpecialWordsTests.OperationsNotAsync is currently a stubbed implementation.
OperationsOrAsync: Test skipped because TestProjects.Spector.Tests.Http.SpecialWords.SpecialWordsTests.OperationsOrAsync is currently a stubbed implementation.
OperationsPassAsync: Test skipped because TestProjects.Spector.Tests.Http.SpecialWords.SpecialWordsTests.OperationsPassAsync is currently a stubbed implementation.
OperationsRaiseAsync: Test skipped because TestProjects.Spector.Tests.Http.SpecialWords.SpecialWordsTests.OperationsRaiseAsync is currently a stubbed implementation.
Test 'OperationsIfAsync' was skipped in the test run.
Test 'OperationsImportAsync' was skipped in the test run.
Test 'OperationsInAsync' was skipped in the test run.
Test 'OperationsIsAsync' was skipped in the test run.
Test 'OperationsLambdaAsync' was skipped in the test run.
Test 'OperationsNotAsync' was skipped in the test run.
Test 'OperationsOrAsync' was skipped in the test run.
Test 'OperationsPassAsync' was skipped in the test run.
Test 'OperationsRaiseAsync' was skipped in the test run.
OperationsReturnAsync: Test skipped because TestProjects.Spector.Tests.Http.SpecialWords.SpecialWordsTests.OperationsReturnAsync is currently a stubbed implementation.
OperationsTryAsync: Test skipped because TestProjects.Spector.Tests.Http.SpecialWords.SpecialWordsTests.OperationsTryAsync is currently a stubbed implementation.
OperationsWhileAsync: Test skipped because TestProjects.Spector.Tests.Http.SpecialWords.SpecialWordsTests.OperationsWhileAsync is currently a stubbed implementation.
OperationsWithAsync: Test skipped because TestProjects.Spector.Tests.Http.SpecialWords.SpecialWordsTests.OperationsWithAsync is currently a stubbed implementation.
OperationsYieldAsync: Test skipped because TestProjects.Spector.Tests.Http.SpecialWords.SpecialWordsTests.OperationsYieldAsync is currently a stubbed implementation.
ParametersWithAndAsync: Test skipped because TestProjects.Spector.Tests.Http.SpecialWords.SpecialWordsTests.ParametersWithAndAsync is currently a stubbed implementation.
ParametersWithAsAsync: Test skipped because TestProjects.Spector.Tests.Http.SpecialWords.SpecialWordsTests.ParametersWithAsAsync is currently a stubbed implementation.
ParametersWithAssertAsync: Test skipped because TestProjects.Spector.Tests.Http.SpecialWords.SpecialWordsTests.ParametersWithAssertAsync is currently a stubbed implementation.
ParametersWithAsyncAsync: Test skipped because TestProjects.Spector.Tests.Http.SpecialWords.SpecialWordsTests.ParametersWithAsyncAsync is currently a stubbed implementation.
Test 'OperationsReturnAsync' was skipped in the test run.
Test 'OperationsTryAsync' was skipped in the test run.
Test 'OperationsWhileAsync' was skipped in the test run.
Test 'OperationsWithAsync' was skipped in the test run.
Test 'OperationsYieldAsync' was skipped in the test run.
Test 'ParametersWithAndAsync' was skipped in the test run.
Test 'ParametersWithAsAsync' was skipped in the test run.
Test 'ParametersWithAssertAsync' was skipped in the test run.
Test 'ParametersWithAsyncAsync' was skipped in the test run.
ParametersWithAwaitAsync: Test skipped because TestProjects.Spector.Tests.Http.SpecialWords.SpecialWordsTests.ParametersWithAwaitAsync is currently a stubbed implementation.
ParametersWithBreakAsync: Test skipped because TestProjects.Spector.Tests.Http.SpecialWords.SpecialWordsTests.ParametersWithBreakAsync is currently a stubbed implementation.
ParametersWithCancellationTokenAsync: Test skipped because TestProjects.Spector.Tests.Http.SpecialWords.SpecialWordsTests.ParametersWithCancellationTokenAsync is currently a stubbed implementation.
ParametersWithClassAsync: Test skipped because TestProjects.Spector.Tests.Http.SpecialWords.SpecialWordsTests.ParametersWithClassAsync is currently a stubbed implementation.
ParametersWithConstructorAsync: Test skipped because TestProjects.Spector.Tests.Http.SpecialWords.SpecialWordsTests.ParametersWithConstructorAsync is currently a stubbed implementation.
ParametersWithContinueAsync: Test skipped because TestProjects.Spector.Tests.Http.SpecialWords.SpecialWordsTests.ParametersWithContinueAsync is currently a stubbed implementation.
ParametersWithDefAsync: Test skipped because TestProjects.Spector.Tests.Http.SpecialWords.SpecialWordsTests.ParametersWithDefAsync is currently a stubbed implementation.
ParametersWithDelAsync: Test skipped because TestProjects.Spector.Tests.Http.SpecialWords.SpecialWordsTests.ParametersWithDelAsync is currently a stubbed implementation.
ParametersWithElifAsync: Test skipped because TestProjects.Spector.Tests.Http.SpecialWords.SpecialWordsTests.ParametersWithElifAsync is currently a stubbed implementation.
Test 'ParametersWithAwaitAsync' was skipped in the test run.
Test 'ParametersWithBreakAsync' was skipped in the test run.
Test 'ParametersWithCancellationTokenAsync' was skipped in the test run.
Test 'ParametersWithClassAsync' was skipped in the test run.
Test 'ParametersWithConstructorAsync' was skipped in the test run.
Test 'ParametersWithContinueAsync' was skipped in the test run.
Test 'ParametersWithDefAsync' was skipped in the test run.
Test 'ParametersWithDelAsync' was skipped in the test run.
Test 'ParametersWithElifAsync' was skipped in the test run.
ParametersWithElseAsync: Test skipped because TestProjects.Spector.Tests.Http.SpecialWords.SpecialWordsTests.ParametersWithElseAsync is currently a stubbed implementation.
ParametersWithExceptAsync: Test skipped because TestProjects.Spector.Tests.Http.SpecialWords.SpecialWordsTests.ParametersWithExceptAsync is currently a stubbed implementation.
ParametersWithExecAsync: Test skipped because TestProjects.Spector.Tests.Http.SpecialWords.SpecialWordsTests.ParametersWithExecAsync is currently a stubbed implementation.
ParametersWithFinallyAsync: Test skipped because TestProjects.Spector.Tests.Http.SpecialWords.SpecialWordsTests.ParametersWithFinallyAsync is currently a stubbed implementation.
ParametersWithForAsync: Test skipped because TestProjects.Spector.Tests.Http.SpecialWords.SpecialWordsTests.ParametersWithForAsync is currently a stubbed implementation.
ParametersWithFromAsync: Test skipped because TestProjects.Spector.Tests.Http.SpecialWords.SpecialWordsTests.ParametersWithFromAsync is currently a stubbed implementation.
ParametersWithGlobalAsync: Test skipped because TestProjects.Spector.Tests.Http.SpecialWords.SpecialWordsTests.ParametersWithGlobalAsync is currently a stubbed implementation.
ParametersWithIfAsync: Test skipped because TestProjects.Spector.Tests.Http.SpecialWords.SpecialWordsTests.ParametersWithIfAsync is currently a stubbed implementation.
ParametersWithImportAsync: Test skipped because TestProjects.Spector.Tests.Http.SpecialWords.SpecialWordsTests.ParametersWithImportAsync is currently a stubbed implementation.
Test 'ParametersWithElseAsync' was skipped in the test run.
Test 'ParametersWithExceptAsync' was skipped in the test run.
Test 'ParametersWithExecAsync' was skipped in the test run.
Test 'ParametersWithFinallyAsync' was skipped in the test run.
Test 'ParametersWithForAsync' was skipped in the test run.
Test 'ParametersWithFromAsync' was skipped in the test run.
Test 'ParametersWithGlobalAsync' was skipped in the test run.
Test 'ParametersWithIfAsync' was skipped in the test run.
Test 'ParametersWithImportAsync' was skipped in the test run.
ParametersWithInAsync: Test skipped because TestProjects.Spector.Tests.Http.SpecialWords.SpecialWordsTests.ParametersWithInAsync is currently a stubbed implementation.
ParametersWithIsAsync: Test skipped because TestProjects.Spector.Tests.Http.SpecialWords.SpecialWordsTests.ParametersWithIsAsync is currently a stubbed implementation.
ParametersWithLambdaAsync: Test skipped because TestProjects.Spector.Tests.Http.SpecialWords.SpecialWordsTests.ParametersWithLambdaAsync is currently a stubbed implementation.
ParametersWithNotAsync: Test skipped because TestProjects.Spector.Tests.Http.SpecialWords.SpecialWordsTests.ParametersWithNotAsync is currently a stubbed implementation.
ParametersWithOrAsync: Test skipped because TestProjects.Spector.Tests.Http.SpecialWords.SpecialWordsTests.ParametersWithOrAsync is currently a stubbed implementation.
ParametersWithPassAsync: Test skipped because TestProjects.Spector.Tests.Http.SpecialWords.SpecialWordsTests.ParametersWithPassAsync is currently a stubbed implementation.
ParametersWithRaiseAsync: Test skipped because TestProjects.Spector.Tests.Http.SpecialWords.SpecialWordsTests.ParametersWithRaiseAsync is currently a stubbed implementation.
ParametersWithReturnAsync: Test skipped because TestProjects.Spector.Tests.Http.SpecialWords.SpecialWordsTests.ParametersWithReturnAsync is currently a stubbed implementation.
ParametersWithTryAsync: Test skipped because TestProjects.Spector.Tests.Http.SpecialWords.SpecialWordsTests.ParametersWithTryAsync is currently a stubbed implementation.
Test 'ParametersWithInAsync' was skipped in the test run.
Test 'ParametersWithIsAsync' was skipped in the test run.
Test 'ParametersWithLambdaAsync' was skipped in the test run.
Test 'ParametersWithNotAsync' was skipped in the test run.
Test 'ParametersWithOrAsync' was skipped in the test run.
Test 'ParametersWithPassAsync' was skipped in the test run.
Test 'ParametersWithRaiseAsync' was skipped in the test run.
Test 'ParametersWithReturnAsync' was skipped in the test run.
Test 'ParametersWithTryAsync' was skipped in the test run.
ParametersWithWhileAsync: Test skipped because TestProjects.Spector.Tests.Http.SpecialWords.SpecialWordsTests.ParametersWithWhileAsync is currently a stubbed implementation.
ParametersWithWithAsync: Test skipped because TestProjects.Spector.Tests.Http.SpecialWords.SpecialWordsTests.ParametersWithWithAsync is currently a stubbed implementation.
ParametersWithYieldAsync: Test skipped because TestProjects.Spector.Tests.Http.SpecialWords.SpecialWordsTests.ParametersWithYieldAsync is currently a stubbed implementation.
TestAddedMembersV1Client: Test skipped because TestProjects.Spector.Tests.Http.Versioning.Added.V1.VersioningAddedV1Tests.TestAddedMembersV1Client is currently a stubbed implementation.
TestAddedMembersV2Client: Test skipped because TestProjects.Spector.Tests.Http.Versioning.Added.V2.VersioningAddedV2Tests.TestAddedMembersV2Client is currently a stubbed implementation.
Versioning_Added_InterfaceV2: Test skipped because TestProjects.Spector.Tests.Http.Versioning.Added.V2.VersioningAddedV2Tests.Versioning_Added_InterfaceV2 is currently a stubbed implementation.
Versioning_Added_v1: Test skipped because TestProjects.Spector.Tests.Http.Versioning.Added.V2.VersioningAddedV2Tests.Versioning_Added_v1 is currently a stubbed implementation.
Versioning_Added_v2: Test skipped because TestProjects.Spector.Tests.Http.Versioning.Added.V2.VersioningAddedV2Tests.Versioning_Added_v2 is currently a stubbed implementation.
CheckMadeOptionalMembers: Test skipped because TestProjects.Spector.Tests.Http.Versioning.MadeOptional.V1.VersioningMadeOptionalV1Tests.CheckMadeOptionalMembers is currently a stubbed implementation.
Test 'ParametersWithWhileAsync' was skipped in the test run.
Test 'ParametersWithWithAsync' was skipped in the test run.
Test 'ParametersWithYieldAsync' was skipped in the test run.
Test 'TestAddedMembersV1Client' was skipped in the test run.
Test 'TestAddedMembersV2Client' was skipped in the test run.
Test 'Versioning_Added_InterfaceV2' was skipped in the test run.
Test 'Versioning_Added_v1' was skipped in the test run.
Test 'Versioning_Added_v2' was skipped in the test run.
Test 'CheckMadeOptionalMembers' was skipped in the test run.
CheckMadeOptionalMembers: Test skipped because TestProjects.Spector.Tests.Http.Versioning.MadeOptional.V2.VersioningMadeOptionalV2Tests.CheckMadeOptionalMembers is currently a stubbed implementation.
Versioning_MadeOptional_Test: Test skipped because TestProjects.Spector.Tests.Http.Versioning.MadeOptional.V2.VersioningMadeOptionalV2Tests.Versioning_MadeOptional_Test is currently a stubbed implementation.
TestRemovedMembers: Test skipped because TestProjects.Spector.Tests.Http.Versioning.Removed.V1.VersioningRemovedV1Tests.TestRemovedMembers is currently a stubbed implementation.
Versioning_Removed_V3Model: Test skipped because TestProjects.Spector.Tests.Http.Versioning.Removed.V1.VersioningRemovedV1Tests.Versioning_Removed_V3Model is currently a stubbed implementation.
TestRemovedMembers: Test skipped because TestProjects.Spector.Tests.Http.Versioning.Removed.V2.VersioningRemovedV2Tests.TestRemovedMembers is currently a stubbed implementation.
Versioning_Removed_v2: Test skipped because TestProjects.Spector.Tests.Http.Versioning.Removed.V2.VersioningRemovedV2Tests.Versioning_Removed_v2 is currently a stubbed implementation.
Versioning_Removed_V3Model: Test skipped because TestProjects.Spector.Tests.Http.Versioning.Removed.V2.VersioningRemovedV2Tests.Versioning_Removed_V3Model is currently a stubbed implementation.
Versioning_Removed_V3Model: Test skipped because TestProjects.Spector.Tests.Http.Versioning.Removed.V2Preview.VersioningRemovedV2PreviewTests.Versioning_Removed_V3Model is currently a stubbed implementation.
TestRenamedMembers: Test skipped because TestProjects.Spector.Tests.Http.Versioning.RenamedFrom.V2.VersioningRenamedFromTests.TestRenamedMembers is currently a stubbed implementation.
Test 'CheckMadeOptionalMembers' was skipped in the test run.
Test 'Versioning_MadeOptional_Test' was skipped in the test run.
Test 'TestRemovedMembers' was skipped in the test run.
Test 'Versioning_Removed_V3Model' was skipped in the test run.
Test 'TestRemovedMembers' was skipped in the test run.
Test 'Versioning_Removed_v2' was skipped in the test run.
Test 'Versioning_Removed_V3Model' was skipped in the test run.
Test 'Versioning_Removed_V3Model' was skipped in the test run.
Test 'TestRenamedMembers' was skipped in the test run.
Versioning_RenamedFrom_NewInterface: Test skipped because TestProjects.Spector.Tests.Http.Versioning.RenamedFrom.V2.VersioningRenamedFromTests.Versioning_RenamedFrom_NewInterface is currently a stubbed implementation.
Versioning_RenamedFrom_NewOp: Test skipped because TestProjects.Spector.Tests.Http.Versioning.RenamedFrom.V2.VersioningRenamedFromTests.Versioning_RenamedFrom_NewOp is currently a stubbed implementation.
Versioning_ReturnTypeChangedFrom_Test: Test skipped because TestProjects.Spector.Tests.Http.Versioning.ReturnTypeChangedFrom.V2.VersioningReturnTypeChangedFromTests.Versioning_ReturnTypeChangedFrom_Test is currently a stubbed implementation.
Versioning_TypeChangedFrom_Test: Test skipped because TestProjects.Spector.Tests.Http.Versioning.TypeChangedFrom.V2.VersioningTypeChangedFromTests.Versioning_TypeChangedFrom_Test is currently a stubbed implementation.
NUnit Adapter 4.5.0.0: Test execution complete
Test 'Versioning_RenamedFrom_NewInterface' was skipped in the test run.
Test 'Versioning_RenamedFrom_NewOp' was skipped in the test run.
Test 'Versioning_ReturnTypeChangedFrom_Test' was skipped in the test run.
Test 'Versioning_TypeChangedFrom_Test' was skipped in the test run.
</StdOut>
    </Output>
    <RunInfos>
      <RunInfo computerName="pkrvmxyh4eaekms" outcome="Warning" timestamp="2025-06-24T21:13:51.9457371+00:00">
        <Text>Setup failed for test fixture TestProjects.Spector.Tests.Http.Encode.Bytes.EncodeBytesTests</Text>
      </RunInfo>
      <RunInfo computerName="pkrvmxyh4eaekms" outcome="Warning" timestamp="2025-06-24T21:13:51.9462397+00:00">
        <Text>System.InvalidOperationException : Cannot find 'node_modules' in parent directories of /home/runner/work/typespec/typespec/packages/http-client-csharp/generator/artifacts/bin/TestProjects.Spector.Tests/Debug/net8.0/TestProjects.Spector.Tests.dll.
StackTrace:    at TestProjects.Spector.Tests.TestServerBase.GetNodeModulesDirectory() in /home/runner/work/typespec/typespec/packages/http-client-csharp/generator/TestProjects/Spector.Tests/Infrastructure/TestServerBase.cs:line 80
   at TestProjects.Spector.Tests.SpectorServer.GetSpecDirectory() in /home/runner/work/typespec/typespec/packages/http-client-csharp/generator/TestProjects/Spector.Tests/Infrastructure/SpectorServer.cs:line 24
   at TestProjects.Spector.Tests.Http.Encode.Bytes.EncodeBytesTests..ctor() in /home/runner/work/typespec/typespec/packages/http-client-csharp/generator/TestProjects/Spector.Tests/Http/Encode/Bytes/EncodeBytesTests.cs:line 15
   at System.RuntimeMethodHandle.InvokeMethod(Object target, Void** arguments, Signature sig, Boolean isConstructor)
   at System.Reflection.MethodBaseInvoker.InvokeWithNoArgs(Object obj, BindingFlags invokeAttr)</Text>
      </RunInfo>
      <RunInfo computerName="pkrvmxyh4eaekms" outcome="Warning" timestamp="2025-06-24T21:13:51.9899880+00:00">
        <Text>Setup failed for test fixture TestProjects.Spector.Tests.Http.Payload.ContentNegotiation.ContentNegotiationTests</Text>
      </RunInfo>
      <RunInfo computerName="pkrvmxyh4eaekms" outcome="Warning" timestamp="2025-06-24T21:13:51.9900176+00:00">
        <Text>System.InvalidOperationException : Cannot find 'node_modules' in parent directories of /home/runner/work/typespec/typespec/packages/http-client-csharp/generator/artifacts/bin/TestProjects.Spector.Tests/Debug/net8.0/TestProjects.Spector.Tests.dll.
StackTrace:    at TestProjects.Spector.Tests.TestServerBase.GetNodeModulesDirectory() in /home/runner/work/typespec/typespec/packages/http-client-csharp/generator/TestProjects/Spector.Tests/Infrastructure/TestServerBase.cs:line 80
   at TestProjects.Spector.Tests.SpectorServer.GetSpecDirectory() in /home/runner/work/typespec/typespec/packages/http-client-csharp/generator/TestProjects/Spector.Tests/Infrastructure/SpectorServer.cs:line 24
   at TestProjects.Spector.Tests.Http.Payload.ContentNegotiation.ContentNegotiationTests..ctor() in /home/runner/work/typespec/typespec/packages/http-client-csharp/generator/TestProjects/Spector.Tests/Http/Payload/ContentNegotiation/ContentNegotiationTests.cs:line 13
   at System.RuntimeMethodHandle.InvokeMethod(Object target, Void** arguments, Signature sig, Boolean isConstructor)
   at System.Reflection.MethodBaseInvoker.InvokeWithNoArgs(Object obj, BindingFlags invokeAttr)</Text>
      </RunInfo>
      <RunInfo computerName="pkrvmxyh4eaekms" outcome="Warning" timestamp="2025-06-24T21:13:52.0034957+00:00">
        <Text>Setup failed for test fixture TestProjects.Spector.Tests.Http.Payload.Multipart.MultipartTests</Text>
      </RunInfo>
      <RunInfo computerName="pkrvmxyh4eaekms" outcome="Warning" timestamp="2025-06-24T21:13:52.0036652+00:00">
        <Text>System.InvalidOperationException : Cannot find 'node_modules' in parent directories of /home/runner/work/typespec/typespec/packages/http-client-csharp/generator/artifacts/bin/TestProjects.Spector.Tests/Debug/net8.0/TestProjects.Spector.Tests.dll.
StackTrace:    at TestProjects.Spector.Tests.TestServerBase.GetNodeModulesDirectory() in /home/runner/work/typespec/typespec/packages/http-client-csharp/generator/TestProjects/Spector.Tests/Infrastructure/TestServerBase.cs:line 80
   at TestProjects.Spector.Tests.SpectorServer.GetSpecDirectory() in /home/runner/work/typespec/typespec/packages/http-client-csharp/generator/TestProjects/Spector.Tests/Infrastructure/SpectorServer.cs:line 24
   at TestProjects.Spector.Tests.Http.Payload.Multipart.MultipartTests..ctor() in /home/runner/work/typespec/typespec/packages/http-client-csharp/generator/TestProjects/Spector.Tests/Http/Payload/Multipart/MultipartTests.cs:line 14
   at System.RuntimeMethodHandle.InvokeMethod(Object target, Void** arguments, Signature sig, Boolean isConstructor)
   at System.Reflection.MethodBaseInvoker.InvokeWithNoArgs(Object obj, BindingFlags invokeAttr)</Text>
      </RunInfo>
      <RunInfo computerName="pkrvmxyh4eaekms" outcome="Warning" timestamp="2025-06-24T21:13:52.1201025+00:00">
        <Text>TearDown failed for test fixture TestProjects.Spector.Tests.AssemblyCleanFixture</Text>
      </RunInfo>
      <RunInfo computerName="pkrvmxyh4eaekms" outcome="Warning" timestamp="2025-06-24T21:13:52.1201501+00:00">
        <Text>One or more child tests had errors
TearDown : System.Reflection.TargetInvocationException : Exception has been thrown by the target of an invocation.
  ----&gt; System.InvalidOperationException : Cannot find 'node_modules' in parent directories of /home/runner/work/typespec/typespec/packages/http-client-csharp/generator/artifacts/bin/TestProjects.Spector.Tests/Debug/net8.0/TestProjects.Spector.Tests.dll.
StackTrace: --TearDown
   at System.RuntimeType.CreateInstanceDefaultCtor(Boolean publicOnly, Boolean wrapExceptions)
   at TestProjects.Spector.Tests.TestServerSessionBase`1.CreateServer() in /home/runner/work/typespec/typespec/packages/http-client-csharp/generator/TestProjects/Spector.Tests/Infrastructure/TestServerSessionBase.cs:line 29
   at TestProjects.Spector.Tests.TestServerSessionBase`1.GetServer() in /home/runner/work/typespec/typespec/packages/http-client-csharp/generator/TestProjects/Spector.Tests/Infrastructure/TestServerSessionBase.cs:line 50
   at TestProjects.Spector.Tests.TestServerSessionBase`1..ctor() in /home/runner/work/typespec/typespec/packages/http-client-csharp/generator/TestProjects/Spector.Tests/Infrastructure/TestServerSessionBase.cs:line 19
   at TestProjects.Spector.Tests.SpectorServerSession..ctor() in /home/runner/work/typespec/typespec/packages/http-client-csharp/generator/TestProjects/Spector.Tests/Infrastructure/SpectorServerSession.cs:line 10
   at TestProjects.Spector.Tests.SpectorServerSession.Start() in /home/runner/work/typespec/typespec/packages/http-client-csharp/generator/TestProjects/Spector.Tests/Infrastructure/SpectorServerSession.cs:line 16
   at TestProjects.Spector.Tests.AssemblyCleanFixture.RunOnAssemblyCleanUp() in /home/runner/work/typespec/typespec/packages/http-client-csharp/generator/TestProjects/Spector.Tests/Infrastructure/AssemblyCleanFixture.cs:line 14
   at System.RuntimeMethodHandle.InvokeMethod(Object target, Void** arguments, Signature sig, Boolean isConstructor)
   at System.Reflection.MethodBaseInvoker.InvokeWithNoArgs(Object obj, BindingFlags invokeAttr)
--InvalidOperationException
   at TestProjects.Spector.Tests.TestServerBase.GetNodeModulesDirectory() in /home/runner/work/typespec/typespec/packages/http-client-csharp/generator/TestProjects/Spector.Tests/Infrastructure/TestServerBase.cs:line 80
   at TestProjects.Spector.Tests.SpectorServer.GetProcessPath() in /home/runner/work/typespec/typespec/packages/http-client-csharp/generator/TestProjects/Spector.Tests/Infrastructure/SpectorServer.cs:line 18
   at TestProjects.Spector.Tests.SpectorServer..ctor() in /home/runner/work/typespec/typespec/packages/http-client-csharp/generator/TestProjects/Spector.Tests/Infrastructure/SpectorServer.cs:line 12
   at System.RuntimeType.CreateInstanceDefaultCtor(Boolean publicOnly, Boolean wrapExceptions)</Text>
      </RunInfo>
    </RunInfos>
  </ResultSummary>
</TestRun>