<?xml version="1.0" encoding="utf-8"?>
<TestRun id="2573aef7-a9c0-4c7f-a2cc-3f42cea6f272" name="@pkrvmxyh4eaekms 2025-06-24 21:13:21" xmlns="http://microsoft.com/schemas/VisualStudio/TeamTest/2010">
  <Times creation="2025-06-24T21:13:21.0690346+00:00" queuing="2025-06-24T21:13:21.0690348+00:00" start="2025-06-24T21:13:17.7697506+00:00" finish="2025-06-24T21:13:21.2250111+00:00" />
  <TestSettings name="default" id="ef8125f8-0dc3-4168-a39a-818b8c12167e">
    <Deployment runDeploymentRoot="_pkrvmxyh4eaekms_2025-06-24_21_13_21" />
  </TestSettings>
  <Results>
    <UnitTestResult executionId="27258e8b-698d-450c-9850-cfd40e314624" testId="98fb4e77-2019-2785-a684-64b96ec636c0" testName="CanUpdateServiceMethodName" computerName="pkrvmxyh4eaekms" duration="00:00:00.0066890" startTime="2025-06-24T21:13:20.5176621+00:00" endTime="2025-06-24T21:13:20.5243511+00:00" testType="13cdc9d9-ddb5-4fa4-a97d-d965ccfc6d4b" outcome="Passed" testListId="8c84fa94-04c1-424b-9868-57a2d4851a1d" relativeResultsDirectory="27258e8b-698d-450c-9850-cfd40e314624" />
    <UnitTestResult executionId="a79a4508-3d4e-4f40-83c9-de27459f0ca1" testId="759ad5bd-8863-8b67-e407-91d5dd8a6d32" testName="SerializedNameIsSetToWireName" computerName="pkrvmxyh4eaekms" duration="00:00:00.0002230" startTime="2025-06-24T21:13:20.4753654+00:00" endTime="2025-06-24T21:13:20.4755888+00:00" testType="13cdc9d9-ddb5-4fa4-a97d-d965ccfc6d4b" outcome="Passed" testListId="8c84fa94-04c1-424b-9868-57a2d4851a1d" relativeResultsDirectory="a79a4508-3d4e-4f40-83c9-de27459f0ca1" />
    <UnitTestResult executionId="8d074a5d-0d9e-4cc9-b3f2-798fbf3865e1" testId="239fbede-36ed-2c63-2c2f-cc3ba27577ca" testName="CalculatesAllClients" computerName="pkrvmxyh4eaekms" duration="00:00:00.0103430" startTime="2025-06-24T21:13:20.4923497+00:00" endTime="2025-06-24T21:13:20.5026925+00:00" testType="13cdc9d9-ddb5-4fa4-a97d-d965ccfc6d4b" outcome="Passed" testListId="8c84fa94-04c1-424b-9868-57a2d4851a1d" relativeResultsDirectory="8d074a5d-0d9e-4cc9-b3f2-798fbf3865e1" />
    <UnitTestResult executionId="67cfd44d-eeb7-4fe9-910f-e413d8faf7a5" testId="bf624ee4-083f-5be1-175a-e7139ddf28f5" testName="SerializedNameFallsBackToPropertyName" computerName="pkrvmxyh4eaekms" duration="00:00:00.0037760" startTime="2025-06-24T21:13:20.4653503+00:00" endTime="2025-06-24T21:13:20.4691271+00:00" testType="13cdc9d9-ddb5-4fa4-a97d-d965ccfc6d4b" outcome="Passed" testListId="8c84fa94-04c1-424b-9868-57a2d4851a1d" relativeResultsDirectory="67cfd44d-eeb7-4fe9-910f-e413d8faf7a5" />
    <UnitTestResult executionId="188c3ba9-b21d-4ac5-b9b1-2f18b2f5f147" testId="825d6160-1cbb-f7d4-b6d2-e0a2218b0d09" testName="LoadsTypeSpecPagingInput" computerName="pkrvmxyh4eaekms" duration="00:00:00.3581579" startTime="2025-06-24T21:13:20.5423389+00:00" endTime="2025-06-24T21:13:20.9004967+00:00" testType="13cdc9d9-ddb5-4fa4-a97d-d965ccfc6d4b" outcome="Passed" testListId="8c84fa94-04c1-424b-9868-57a2d4851a1d" relativeResultsDirectory="188c3ba9-b21d-4ac5-b9b1-2f18b2f5f147" />
    <UnitTestResult executionId="0795ceb5-3268-4db1-8dca-6a998c2d9d36" testId="a9b4f423-bd5f-04f9-7153-fd23ec7a81ad" testName="EnclosingTypeIsSet" computerName="pkrvmxyh4eaekms" duration="00:00:00.0533100" startTime="2025-06-24T21:13:20.3981677+00:00" endTime="2025-06-24T21:13:20.4472752+00:00" testType="13cdc9d9-ddb5-4fa4-a97d-d965ccfc6d4b" outcome="Passed" testListId="8c84fa94-04c1-424b-9868-57a2d4851a1d" relativeResultsDirectory="0795ceb5-3268-4db1-8dca-6a998c2d9d36" />
  </Results>
  <TestDefinitions>
    <UnitTest name="CalculatesAllClients" storage="/home/runner/work/typespec/typespec/packages/http-client-csharp/generator/artifacts/bin/microsoft.typespec.generator.input.tests/debug/net8.0/microsoft.typespec.generator.input.tests.dll" id="239fbede-36ed-2c63-2c2f-cc3ba27577ca">
      <Execution id="8d074a5d-0d9e-4cc9-b3f2-798fbf3865e1" />
      <TestMethod codeBase="/home/runner/work/typespec/typespec/packages/http-client-csharp/generator/artifacts/bin/Microsoft.TypeSpec.Generator.Input.Tests/Debug/net8.0/Microsoft.TypeSpec.Generator.Input.Tests.dll" adapterTypeName="executor://nunit3testexecutor/" className="Microsoft.TypeSpec.Generator.Input.Tests.InputNamespaceTests" name="CalculatesAllClients" />
    </UnitTest>
    <UnitTest name="CanUpdateServiceMethodName" storage="/home/runner/work/typespec/typespec/packages/http-client-csharp/generator/artifacts/bin/microsoft.typespec.generator.input.tests/debug/net8.0/microsoft.typespec.generator.input.tests.dll" id="98fb4e77-2019-2785-a684-64b96ec636c0">
      <Execution id="27258e8b-698d-450c-9850-cfd40e314624" />
      <TestMethod codeBase="/home/runner/work/typespec/typespec/packages/http-client-csharp/generator/artifacts/bin/Microsoft.TypeSpec.Generator.Input.Tests/Debug/net8.0/Microsoft.TypeSpec.Generator.Input.Tests.dll" adapterTypeName="executor://nunit3testexecutor/" className="Microsoft.TypeSpec.Generator.Input.Tests.InputServiceMethodTests" name="CanUpdateServiceMethodName" />
    </UnitTest>
    <UnitTest name="SerializedNameIsSetToWireName" storage="/home/runner/work/typespec/typespec/packages/http-client-csharp/generator/artifacts/bin/microsoft.typespec.generator.input.tests/debug/net8.0/microsoft.typespec.generator.input.tests.dll" id="759ad5bd-8863-8b67-e407-91d5dd8a6d32">
      <Execution id="a79a4508-3d4e-4f40-83c9-de27459f0ca1" />
      <TestMethod codeBase="/home/runner/work/typespec/typespec/packages/http-client-csharp/generator/artifacts/bin/Microsoft.TypeSpec.Generator.Input.Tests/Debug/net8.0/Microsoft.TypeSpec.Generator.Input.Tests.dll" adapterTypeName="executor://nunit3testexecutor/" className="Microsoft.TypeSpec.Generator.Input.Tests.InputModelTypeTests" name="SerializedNameIsSetToWireName" />
    </UnitTest>
    <UnitTest name="SerializedNameFallsBackToPropertyName" storage="/home/runner/work/typespec/typespec/packages/http-client-csharp/generator/artifacts/bin/microsoft.typespec.generator.input.tests/debug/net8.0/microsoft.typespec.generator.input.tests.dll" id="bf624ee4-083f-5be1-175a-e7139ddf28f5">
      <Execution id="67cfd44d-eeb7-4fe9-910f-e413d8faf7a5" />
      <TestMethod codeBase="/home/runner/work/typespec/typespec/packages/http-client-csharp/generator/artifacts/bin/Microsoft.TypeSpec.Generator.Input.Tests/Debug/net8.0/Microsoft.TypeSpec.Generator.Input.Tests.dll" adapterTypeName="executor://nunit3testexecutor/" className="Microsoft.TypeSpec.Generator.Input.Tests.InputModelTypeTests" name="SerializedNameFallsBackToPropertyName" />
    </UnitTest>
    <UnitTest name="LoadsTypeSpecPagingInput" storage="/home/runner/work/typespec/typespec/packages/http-client-csharp/generator/artifacts/bin/microsoft.typespec.generator.input.tests/debug/net8.0/microsoft.typespec.generator.input.tests.dll" id="825d6160-1cbb-f7d4-b6d2-e0a2218b0d09">
      <Execution id="188c3ba9-b21d-4ac5-b9b1-2f18b2f5f147" />
      <TestMethod codeBase="/home/runner/work/typespec/typespec/packages/http-client-csharp/generator/artifacts/bin/Microsoft.TypeSpec.Generator.Input.Tests/Debug/net8.0/Microsoft.TypeSpec.Generator.Input.Tests.dll" adapterTypeName="executor://nunit3testexecutor/" className="Microsoft.TypeSpec.Generator.Input.Tests.TypeSpecInputConverterTests" name="LoadsTypeSpecPagingInput" />
    </UnitTest>
    <UnitTest name="EnclosingTypeIsSet" storage="/home/runner/work/typespec/typespec/packages/http-client-csharp/generator/artifacts/bin/microsoft.typespec.generator.input.tests/debug/net8.0/microsoft.typespec.generator.input.tests.dll" id="a9b4f423-bd5f-04f9-7153-fd23ec7a81ad">
      <Execution id="0795ceb5-3268-4db1-8dca-6a998c2d9d36" />
      <TestMethod codeBase="/home/runner/work/typespec/typespec/packages/http-client-csharp/generator/artifacts/bin/Microsoft.TypeSpec.Generator.Input.Tests/Debug/net8.0/Microsoft.TypeSpec.Generator.Input.Tests.dll" adapterTypeName="executor://nunit3testexecutor/" className="Microsoft.TypeSpec.Generator.Input.Tests.InputModelTypeTests" name="EnclosingTypeIsSet" />
    </UnitTest>
  </TestDefinitions>
  <TestEntries>
    <TestEntry testId="98fb4e77-2019-2785-a684-64b96ec636c0" executionId="27258e8b-698d-450c-9850-cfd40e314624" testListId="8c84fa94-04c1-424b-9868-57a2d4851a1d" />
    <TestEntry testId="759ad5bd-8863-8b67-e407-91d5dd8a6d32" executionId="a79a4508-3d4e-4f40-83c9-de27459f0ca1" testListId="8c84fa94-04c1-424b-9868-57a2d4851a1d" />
    <TestEntry testId="239fbede-36ed-2c63-2c2f-cc3ba27577ca" executionId="8d074a5d-0d9e-4cc9-b3f2-798fbf3865e1" testListId="8c84fa94-04c1-424b-9868-57a2d4851a1d" />
    <TestEntry testId="bf624ee4-083f-5be1-175a-e7139ddf28f5" executionId="67cfd44d-eeb7-4fe9-910f-e413d8faf7a5" testListId="8c84fa94-04c1-424b-9868-57a2d4851a1d" />
    <TestEntry testId="825d6160-1cbb-f7d4-b6d2-e0a2218b0d09" executionId="188c3ba9-b21d-4ac5-b9b1-2f18b2f5f147" testListId="8c84fa94-04c1-424b-9868-57a2d4851a1d" />
    <TestEntry testId="a9b4f423-bd5f-04f9-7153-fd23ec7a81ad" executionId="0795ceb5-3268-4db1-8dca-6a998c2d9d36" testListId="8c84fa94-04c1-424b-9868-57a2d4851a1d" />
  </TestEntries>
  <TestLists>
    <TestList name="Results Not in a List" id="8c84fa94-04c1-424b-9868-57a2d4851a1d" />
    <TestList name="All Loaded Results" id="19431567-8539-422a-85d7-44ee4e166bda" />
  </TestLists>
  <ResultSummary outcome="Completed">
    <Counters total="6" executed="6" passed="6" failed="0" error="0" timeout="0" aborted="0" inconclusive="0" passedButRunAborted="0" notRunnable="0" notExecuted="0" disconnected="0" warning="0" completed="0" inProgress="0" pending="0" />
    <Output>
      <StdOut>NUnit Adapter 4.5.0.0: Test execution started
Running all tests in /home/runner/work/typespec/typespec/packages/http-client-csharp/generator/artifacts/bin/Microsoft.TypeSpec.Generator.Input.Tests/Debug/net8.0/Microsoft.TypeSpec.Generator.Input.Tests.dll
   NUnit3TestExecutor discovered 6 of 6 NUnit test cases using Current Discovery mode, Non-Explicit run
NUnit Adapter 4.5.0.0: Test execution complete
</StdOut>
    </Output>
  </ResultSummary>
</TestRun>